<?xml version="1.0" encoding="UTF-8"?>
<testsuite xmlns:xsi="http://www.w3.org/2001/XMLSchema-instance" xsi:noNamespaceSchemaLocation="https://maven.apache.org/surefire/maven-surefire-plugin/xsd/surefire-test-report.xsd" name="org.apache.hadoop.ozone.client.rpc.TestCloseContainerHandlingByClient" time="815.364" tests="8" errors="3" skipped="1" failures="0">
  <properties>
    <property name="awt.toolkit" value="sun.awt.X11.XToolkit"/>
    <property name="file.encoding.pkg" value="sun.io"/>
    <property name="java.specification.version" value="1.8"/>
    <property name="sun.cpu.isalist" value=""/>
    <property name="sun.jnu.encoding" value="UTF-8"/>
    <property name="java.class.path" value="/workdir/hadoop-ozone/integration-test/target/test-classes:/workdir/hadoop-ozone/integration-test/target/classes:/home/user/.m2/repository/org/apache/hadoop/hadoop-ozone-common/0.5.0-SNAPSHOT/hadoop-ozone-common-0.5.0-SNAPSHOT.jar:/home/user/.m2/repository/org/apache/commons/commons-compress/1.4.1/commons-compress-1.4.1.jar:/home/user/.m2/repository/org/tukaani/xz/1.0/xz-1.0.jar:/home/user/.m2/repository/org/apache/hadoop/hadoop-common/3.2.0/hadoop-common-3.2.0.jar:/home/user/.m2/repository/org/apache/hadoop/hadoop-hdfs/3.2.0/hadoop-hdfs-3.2.0.jar:/home/user/.m2/repository/org/apache/hadoop/hadoop-hdfs-client/3.2.0/hadoop-hdfs-client-3.2.0.jar:/home/user/.m2/repository/com/fasterxml/jackson/core/jackson-annotations/2.9.5/jackson-annotations-2.9.5.jar:/home/user/.m2/repository/org/apache/hadoop/hadoop-hdds-common/0.5.0-SNAPSHOT/hadoop-hdds-common-0.5.0-SNAPSHOT.jar:/home/user/.m2/repository/javax/annotation/javax.annotation-api/1.2/javax.annotation-api-1.2.jar:/home/user/.m2/repository/org/apache/ratis/ratis-server/0.4.0-78e95b9-SNAPSHOT/ratis-server-0.4.0-78e95b9-SNAPSHOT.jar:/home/user/.m2/repository/org/apache/ratis/ratis-thirdparty-misc/0.2.0/ratis-thirdparty-misc-0.2.0.jar:/home/user/.m2/repository/org/apache/ratis/ratis-proto/0.4.0-78e95b9-SNAPSHOT/ratis-proto-0.4.0-78e95b9-SNAPSHOT.jar:/home/user/.m2/repository/org/apache/ratis/ratis-common/0.4.0-78e95b9-SNAPSHOT/ratis-common-0.4.0-78e95b9-SNAPSHOT.jar:/home/user/.m2/repository/org/apache/ratis/ratis-client/0.4.0-78e95b9-SNAPSHOT/ratis-client-0.4.0-78e95b9-SNAPSHOT.jar:/home/user/.m2/repository/org/apache/ratis/ratis-metrics/0.4.0-78e95b9-SNAPSHOT/ratis-metrics-0.4.0-78e95b9-SNAPSHOT.jar:/home/user/.m2/repository/com/github/joshelser/dropwizard-metrics-hadoop-metrics2-reporter/0.1.2/dropwizard-metrics-hadoop-metrics2-reporter-0.1.2.jar:/home/user/.m2/repository/io/dropwizard/metrics/metrics-jvm/3.2.5/metrics-jvm-3.2.5.jar:/home/user/.m2/repository/io/dropwizard/metrics/metrics-ganglia/3.2.5/metrics-ganglia-3.2.5.jar:/home/user/.m2/repository/info/ganglia/gmetric4j/gmetric4j/1.0.7/gmetric4j-1.0.7.jar:/home/user/.m2/repository/org/apache/ratis/ratis-netty/0.4.0-78e95b9-SNAPSHOT/ratis-netty-0.4.0-78e95b9-SNAPSHOT.jar:/home/user/.m2/repository/org/apache/ratis/ratis-grpc/0.4.0-78e95b9-SNAPSHOT/ratis-grpc-0.4.0-78e95b9-SNAPSHOT.jar:/home/user/.m2/repository/org/rocksdb/rocksdbjni/6.0.1/rocksdbjni-6.0.1.jar:/home/user/.m2/repository/org/apache/logging/log4j/log4j-api/2.11.0/log4j-api-2.11.0.jar:/home/user/.m2/repository/org/apache/logging/log4j/log4j-core/2.11.0/log4j-core-2.11.0.jar:/home/user/.m2/repository/com/lmax/disruptor/3.4.2/disruptor-3.4.2.jar:/home/user/.m2/repository/org/apache/commons/commons-pool2/2.6.0/commons-pool2-2.6.0.jar:/home/user/.m2/repository/org/bouncycastle/bcpkix-jdk15on/1.60/bcpkix-jdk15on-1.60.jar:/home/user/.m2/repository/commons-validator/commons-validator/1.6/commons-validator-1.6.jar:/home/user/.m2/repository/commons-digester/commons-digester/1.8.1/commons-digester-1.8.1.jar:/home/user/.m2/repository/io/jaegertracing/jaeger-client/0.33.1/jaeger-client-0.33.1.jar:/home/user/.m2/repository/io/jaegertracing/jaeger-thrift/0.33.1/jaeger-thrift-0.33.1.jar:/home/user/.m2/repository/org/apache/thrift/libthrift/0.11.0/libthrift-0.11.0.jar:/home/user/.m2/repository/com/squareup/okhttp3/okhttp/3.9.0/okhttp-3.9.0.jar:/home/user/.m2/repository/com/squareup/okio/okio/1.13.0/okio-1.13.0.jar:/home/user/.m2/repository/io/jaegertracing/jaeger-core/0.33.1/jaeger-core-0.33.1.jar:/home/user/.m2/repository/io/jaegertracing/jaeger-tracerresolver/0.33.1/jaeger-tracerresolver-0.33.1.jar:/home/user/.m2/repository/io/opentracing/contrib/opentracing-tracerresolver/0.1.5/opentracing-tracerresolver-0.1.5.jar:/home/user/.m2/repository/io/opentracing/opentracing-util/0.31.0/opentracing-util-0.31.0.jar:/home/user/.m2/repository/io/opentracing/opentracing-api/0.31.0/opentracing-api-0.31.0.jar:/home/user/.m2/repository/io/opentracing/opentracing-noop/0.31.0/opentracing-noop-0.31.0.jar:/home/user/.m2/repository/org/apache/hadoop/hadoop-hdds-server-framework/0.5.0-SNAPSHOT/hadoop-hdds-server-framework-0.5.0-SNAPSHOT.jar:/home/user/.m2/repository/org/apache/hadoop/hadoop-hdds-container-service/0.5.0-SNAPSHOT/hadoop-hdds-container-service-0.5.0-SNAPSHOT.jar:/home/user/.m2/repository/org/apache/hadoop/hadoop-hdds-client/0.5.0-SNAPSHOT/hadoop-hdds-client-0.5.0-SNAPSHOT.jar:/home/user/.m2/repository/org/apache/hadoop/hadoop-hdds-tools/0.5.0-SNAPSHOT/hadoop-hdds-tools-0.5.0-SNAPSHOT.jar:/home/user/.m2/repository/org/apache/hadoop/hadoop-hdds-server-scm/0.5.0-SNAPSHOT/hadoop-hdds-server-scm-0.5.0-SNAPSHOT.jar:/home/user/.m2/repository/org/apache/hadoop/hadoop-hdds-docs/0.5.0-SNAPSHOT/hadoop-hdds-docs-0.5.0-SNAPSHOT.jar:/home/user/.m2/repository/io/dropwizard/metrics/metrics-core/3.2.4/metrics-core-3.2.4.jar:/home/user/.m2/repository/org/hamcrest/hamcrest-all/1.3/hamcrest-all-1.3.jar:/home/user/.m2/repository/org/bouncycastle/bcprov-jdk15on/1.60/bcprov-jdk15on-1.60.jar:/home/user/.m2/repository/info/picocli/picocli/3.9.6/picocli-3.9.6.jar:/home/user/.m2/repository/com/google/protobuf/protobuf-java/2.5.0/protobuf-java-2.5.0.jar:/home/user/.m2/repository/com/google/guava/guava/11.0.2/guava-11.0.2.jar:/home/user/.m2/repository/org/apache/hadoop/hadoop-ozone-ozone-manager/0.5.0-SNAPSHOT/hadoop-ozone-ozone-manager-0.5.0-SNAPSHOT.jar:/home/user/.m2/repository/org/apache/hadoop/hadoop-minikdc/3.2.0/hadoop-minikdc-3.2.0.jar:/home/user/.m2/repository/commons-io/commons-io/2.5/commons-io-2.5.jar:/home/user/.m2/repository/org/apache/kerby/kerb-simplekdc/1.0.1/kerb-simplekdc-1.0.1.jar:/home/user/.m2/repository/org/apache/kerby/kerb-client/1.0.1/kerb-client-1.0.1.jar:/home/user/.m2/repository/org/apache/kerby/kerby-config/1.0.1/kerby-config-1.0.1.jar:/home/user/.m2/repository/org/apache/kerby/kerb-core/1.0.1/kerb-core-1.0.1.jar:/home/user/.m2/repository/org/apache/kerby/kerby-pkix/1.0.1/kerby-pkix-1.0.1.jar:/home/user/.m2/repository/org/apache/kerby/kerby-asn1/1.0.1/kerby-asn1-1.0.1.jar:/home/user/.m2/repository/org/apache/kerby/kerby-util/1.0.1/kerby-util-1.0.1.jar:/home/user/.m2/repository/org/apache/kerby/kerb-common/1.0.1/kerb-common-1.0.1.jar:/home/user/.m2/repository/org/apache/kerby/kerb-crypto/1.0.1/kerb-crypto-1.0.1.jar:/home/user/.m2/repository/org/apache/kerby/kerb-util/1.0.1/kerb-util-1.0.1.jar:/home/user/.m2/repository/org/apache/kerby/token-provider/1.0.1/token-provider-1.0.1.jar:/home/user/.m2/repository/org/apache/kerby/kerb-admin/1.0.1/kerb-admin-1.0.1.jar:/home/user/.m2/repository/org/apache/kerby/kerb-server/1.0.1/kerb-server-1.0.1.jar:/home/user/.m2/repository/org/apache/kerby/kerb-identity/1.0.1/kerb-identity-1.0.1.jar:/home/user/.m2/repository/org/apache/kerby/kerby-xdr/1.0.1/kerby-xdr-1.0.1.jar:/home/user/.m2/repository/org/slf4j/slf4j-log4j12/1.7.25/slf4j-log4j12-1.7.25.jar:/home/user/.m2/repository/org/apache/hadoop/hadoop-ozone-s3gateway/0.5.0-SNAPSHOT/hadoop-ozone-s3gateway-0.5.0-SNAPSHOT.jar:/home/user/.m2/repository/org/jboss/weld/servlet/weld-servlet/2.4.7.Final/weld-servlet-2.4.7.Final.jar:/home/user/.m2/repository/org/glassfish/jersey/containers/jersey-container-servlet-core/2.27/jersey-container-servlet-core-2.27.jar:/home/user/.m2/repository/org/glassfish/hk2/external/javax.inject/2.5.0-b42/javax.inject-2.5.0-b42.jar:/home/user/.m2/repository/org/glassfish/jersey/core/jersey-common/2.27/jersey-common-2.27.jar:/home/user/.m2/repository/org/glassfish/hk2/osgi-resource-locator/1.0.1/osgi-resource-locator-1.0.1.jar:/home/user/.m2/repository/javax/ws/rs/javax.ws.rs-api/2.1/javax.ws.rs-api-2.1.jar:/home/user/.m2/repository/org/glassfish/jersey/ext/cdi/jersey-cdi1x/2.27/jersey-cdi1x-2.27.jar:/home/user/.m2/repository/org/glassfish/jersey/inject/jersey-hk2/2.27/jersey-hk2-2.27.jar:/home/user/.m2/repository/org/glassfish/hk2/hk2-locator/2.5.0-b42/hk2-locator-2.5.0-b42.jar:/home/user/.m2/repository/org/javassist/javassist/3.22.0-CR2/javassist-3.22.0-CR2.jar:/home/user/.m2/repository/org/glassfish/hk2/hk2-api/2.5.0/hk2-api-2.5.0.jar:/home/user/.m2/repository/org/glassfish/hk2/external/jakarta.inject/2.5.0/jakarta.inject-2.5.0.jar:/home/user/.m2/repository/org/glassfish/hk2/hk2-utils/2.5.0/hk2-utils-2.5.0.jar:/home/user/.m2/repository/jakarta/annotation/jakarta.annotation-api/1.3.4/jakarta.annotation-api-1.3.4.jar:/home/user/.m2/repository/org/glassfish/hk2/external/aopalliance-repackaged/2.5.0/aopalliance-repackaged-2.5.0.jar:/home/user/.m2/repository/com/fasterxml/jackson/dataformat/jackson-dataformat-xml/2.9.0/jackson-dataformat-xml-2.9.0.jar:/home/user/.m2/repository/com/fasterxml/jackson/core/jackson-core/2.9.5/jackson-core-2.9.5.jar:/home/user/.m2/repository/com/fasterxml/jackson/module/jackson-module-jaxb-annotations/2.9.5/jackson-module-jaxb-annotations-2.9.5.jar:/home/user/.m2/repository/javax/enterprise/cdi-api/1.2/cdi-api-1.2.jar:/home/user/.m2/repository/javax/el/javax.el-api/3.0.0/javax.el-api-3.0.0.jar:/home/user/.m2/repository/javax/interceptor/javax.interceptor-api/1.2/javax.interceptor-api-1.2.jar:/home/user/.m2/repository/javax/inject/javax.inject/1/javax.inject-1.jar:/home/user/.m2/repository/com/sun/xml/bind/jaxb-impl/2.3.0.1/jaxb-impl-2.3.0.1.jar:/home/user/.m2/repository/com/sun/xml/bind/jaxb-core/2.3.0.1/jaxb-core-2.3.0.1.jar:/home/user/.m2/repository/javax/xml/bind/jaxb-api/2.3.0/jaxb-api-2.3.0.jar:/home/user/.m2/repository/javax/activation/activation/1.1.1/activation-1.1.1.jar:/home/user/.m2/repository/org/apache/hadoop/hadoop-ozone-csi/0.5.0-SNAPSHOT/hadoop-ozone-csi-0.5.0-SNAPSHOT.jar:/home/user/.m2/repository/com/google/protobuf/protobuf-java-util/3.5.1/protobuf-java-util-3.5.1.jar:/home/user/.m2/repository/org/apache/hadoop/hadoop-hdds-config/0.5.0-SNAPSHOT/hadoop-hdds-config-0.5.0-SNAPSHOT.jar:/home/user/.m2/repository/io/grpc/grpc-netty/1.17.1/grpc-netty-1.17.1.jar:/home/user/.m2/repository/io/grpc/grpc-core/1.17.1/grpc-core-1.17.1.jar:/home/user/.m2/repository/io/grpc/grpc-context/1.17.1/grpc-context-1.17.1.jar:/home/user/.m2/repository/com/google/errorprone/error_prone_annotations/2.2.0/error_prone_annotations-2.2.0.jar:/home/user/.m2/repository/org/codehaus/mojo/animal-sniffer-annotations/1.17/animal-sniffer-annotations-1.17.jar:/home/user/.m2/repository/io/opencensus/opencensus-api/0.17.0/opencensus-api-0.17.0.jar:/home/user/.m2/repository/io/opencensus/opencensus-contrib-grpc-metrics/0.17.0/opencensus-contrib-grpc-metrics-0.17.0.jar:/home/user/.m2/repository/io/netty/netty-codec-http2/4.1.30.Final/netty-codec-http2-4.1.30.Final.jar:/home/user/.m2/repository/io/netty/netty-codec-http/4.1.30.Final/netty-codec-http-4.1.30.Final.jar:/home/user/.m2/repository/io/netty/netty-codec/4.1.30.Final/netty-codec-4.1.30.Final.jar:/home/user/.m2/repository/io/netty/netty-handler/4.1.30.Final/netty-handler-4.1.30.Final.jar:/home/user/.m2/repository/io/netty/netty-handler-proxy/4.1.30.Final/netty-handler-proxy-4.1.30.Final.jar:/home/user/.m2/repository/io/netty/netty-codec-socks/4.1.30.Final/netty-codec-socks-4.1.30.Final.jar:/home/user/.m2/repository/io/netty/netty-transport-native-epoll/4.1.30.Final/netty-transport-native-epoll-4.1.30.Final.jar:/home/user/.m2/repository/io/netty/netty-common/4.1.30.Final/netty-common-4.1.30.Final.jar:/home/user/.m2/repository/io/netty/netty-buffer/4.1.30.Final/netty-buffer-4.1.30.Final.jar:/home/user/.m2/repository/io/netty/netty-transport/4.1.30.Final/netty-transport-4.1.30.Final.jar:/home/user/.m2/repository/io/netty/netty-resolver/4.1.30.Final/netty-resolver-4.1.30.Final.jar:/home/user/.m2/repository/io/netty/netty-transport-native-unix-common/4.1.30.Final/netty-transport-native-unix-common-4.1.30.Final.jar:/home/user/.m2/repository/io/grpc/grpc-protobuf/1.17.1/grpc-protobuf-1.17.1.jar:/home/user/.m2/repository/com/google/api/grpc/proto-google-common-protos/1.0.0/proto-google-common-protos-1.0.0.jar:/home/user/.m2/repository/io/grpc/grpc-protobuf-lite/1.17.1/grpc-protobuf-lite-1.17.1.jar:/home/user/.m2/repository/io/grpc/grpc-stub/1.17.1/grpc-stub-1.17.1.jar:/home/user/.m2/repository/org/apache/hadoop/hadoop-ozone-recon/0.5.0-SNAPSHOT/hadoop-ozone-recon-0.5.0-SNAPSHOT.jar:/home/user/.m2/repository/org/apache/hadoop/hadoop-ozone-reconcodegen/0.5.0-SNAPSHOT/hadoop-ozone-reconcodegen-0.5.0-SNAPSHOT.jar:/home/user/.m2/repository/com/google/inject/extensions/guice-multibindings/4.0/guice-multibindings-4.0.jar:/home/user/.m2/repository/com/google/inject/guice/4.0/guice-4.0.jar:/home/user/.m2/repository/aopalliance/aopalliance/1.0/aopalliance-1.0.jar:/home/user/.m2/repository/com/google/inject/extensions/guice-servlet/4.0/guice-servlet-4.0.jar:/home/user/.m2/repository/org/glassfish/jersey/containers/jersey-container-servlet/2.27/jersey-container-servlet-2.27.jar:/home/user/.m2/repository/org/glassfish/hk2/guice-bridge/2.5.0/guice-bridge-2.5.0.jar:/home/user/.m2/repository/org/glassfish/jersey/core/jersey-server/2.27/jersey-server-2.27.jar:/home/user/.m2/repository/org/glassfish/jersey/core/jersey-client/2.27/jersey-client-2.27.jar:/home/user/.m2/repository/org/glassfish/jersey/media/jersey-media-jaxb/2.27/jersey-media-jaxb-2.27.jar:/home/user/.m2/repository/javax/validation/validation-api/1.1.0.Final/validation-api-1.1.0.Final.jar:/home/user/.m2/repository/org/glassfish/jersey/media/jersey-media-json-jackson/2.27/jersey-media-json-jackson-2.27.jar:/home/user/.m2/repository/org/glassfish/jersey/ext/jersey-entity-filtering/2.27/jersey-entity-filtering-2.27.jar:/home/user/.m2/repository/com/google/inject/extensions/guice-assistedinject/4.0/guice-assistedinject-4.0.jar:/home/user/.m2/repository/org/jooq/jooq/3.11.10/jooq-3.11.10.jar:/home/user/.m2/repository/org/jooq/jooq-meta/3.11.10/jooq-meta-3.11.10.jar:/home/user/.m2/repository/org/jooq/jooq-codegen/3.11.10/jooq-codegen-3.11.10.jar:/home/user/.m2/repository/com/jolbox/bonecp/0.8.0.RELEASE/bonecp-0.8.0.RELEASE.jar:/home/user/.m2/repository/org/xerial/sqlite-jdbc/3.25.2/sqlite-jdbc-3.25.2.jar:/home/user/.m2/repository/org/springframework/spring-jdbc/5.1.3.RELEASE/spring-jdbc-5.1.3.RELEASE.jar:/home/user/.m2/repository/org/springframework/spring-beans/5.1.3.RELEASE/spring-beans-5.1.3.RELEASE.jar:/home/user/.m2/repository/org/springframework/spring-core/5.1.3.RELEASE/spring-core-5.1.3.RELEASE.jar:/home/user/.m2/repository/org/springframework/spring-jcl/5.1.3.RELEASE/spring-jcl-5.1.3.RELEASE.jar:/home/user/.m2/repository/org/springframework/spring-tx/5.1.3.RELEASE/spring-tx-5.1.3.RELEASE.jar:/home/user/.m2/repository/org/apache/hadoop/hadoop-ozone-client/0.5.0-SNAPSHOT/hadoop-ozone-client-0.5.0-SNAPSHOT.jar:/home/user/.m2/repository/commons-lang/commons-lang/2.6/commons-lang-2.6.jar:/home/user/.m2/repository/org/apache/hadoop/hadoop-ozone-ozone-manager/0.5.0-SNAPSHOT/hadoop-ozone-ozone-manager-0.5.0-SNAPSHOT-tests.jar:/home/user/.m2/repository/junit/junit/4.11/junit-4.11.jar:/home/user/.m2/repository/org/hamcrest/hamcrest-core/1.3/hamcrest-core-1.3.jar:/home/user/.m2/repository/org/openjdk/jmh/jmh-core/1.19/jmh-core-1.19.jar:/home/user/.m2/repository/net/sf/jopt-simple/jopt-simple/4.6/jopt-simple-4.6.jar:/home/user/.m2/repository/org/apache/commons/commons-math3/3.1.1/commons-math3-3.1.1.jar:/home/user/.m2/repository/org/openjdk/jmh/jmh-generator-annprocess/1.19/jmh-generator-annprocess-1.19.jar:/home/user/.m2/repository/org/mockito/mockito-all/1.8.5/mockito-all-1.8.5.jar:/home/user/.m2/repository/org/apache/hadoop/hadoop-kms/3.2.0/hadoop-kms-3.2.0.jar:/home/user/.m2/repository/org/apache/hadoop/hadoop-auth/3.2.0/hadoop-auth-3.2.0.jar:/home/user/.m2/repository/com/nimbusds/nimbus-jose-jwt/4.41.1/nimbus-jose-jwt-4.41.1.jar:/home/user/.m2/repository/com/github/stephenc/jcip/jcip-annotations/1.0-1/jcip-annotations-1.0-1.jar:/home/user/.m2/repository/net/minidev/json-smart/2.3/json-smart-2.3.jar:/home/user/.m2/repository/net/minidev/accessors-smart/1.2/accessors-smart-1.2.jar:/home/user/.m2/repository/org/ow2/asm/asm/5.0.4/asm-5.0.4.jar:/home/user/.m2/repository/org/apache/curator/curator-framework/2.12.0/curator-framework-2.12.0.jar:/home/user/.m2/repository/com/sun/jersey/jersey-core/1.19/jersey-core-1.19.jar:/home/user/.m2/repository/javax/ws/rs/jsr311-api/1.1.1/jsr311-api-1.1.1.jar:/home/user/.m2/repository/com/sun/jersey/jersey-server/1.19/jersey-server-1.19.jar:/home/user/.m2/repository/javax/servlet/javax.servlet-api/3.1.0/javax.servlet-api-3.1.0.jar:/home/user/.m2/repository/org/eclipse/jetty/jetty-server/9.3.24.v20180605/jetty-server-9.3.24.v20180605.jar:/home/user/.m2/repository/org/eclipse/jetty/jetty-http/9.3.24.v20180605/jetty-http-9.3.24.v20180605.jar:/home/user/.m2/repository/org/eclipse/jetty/jetty-io/9.3.24.v20180605/jetty-io-9.3.24.v20180605.jar:/home/user/.m2/repository/org/eclipse/jetty/jetty-webapp/9.3.24.v20180605/jetty-webapp-9.3.24.v20180605.jar:/home/user/.m2/repository/org/eclipse/jetty/jetty-xml/9.3.24.v20180605/jetty-xml-9.3.24.v20180605.jar:/home/user/.m2/repository/log4j/log4j/1.2.17/log4j-1.2.17.jar:/home/user/.m2/repository/org/slf4j/slf4j-api/1.7.25/slf4j-api-1.7.25.jar:/home/user/.m2/repository/org/slf4j/jul-to-slf4j/1.7.25/jul-to-slf4j-1.7.25.jar:/home/user/.m2/repository/org/eclipse/jetty/jetty-util/9.3.24.v20180605/jetty-util-9.3.24.v20180605.jar:/home/user/.m2/repository/com/fasterxml/jackson/core/jackson-databind/2.9.5/jackson-databind-2.9.5.jar:/home/user/.m2/repository/org/apache/hadoop/hadoop-kms/3.2.0/hadoop-kms-3.2.0-tests.jar:/home/user/.m2/repository/org/apache/hadoop/hadoop-hdds-server-scm/0.5.0-SNAPSHOT/hadoop-hdds-server-scm-0.5.0-SNAPSHOT-tests.jar:/home/user/.m2/repository/org/apache/hadoop/hadoop-hdds-container-service/0.5.0-SNAPSHOT/hadoop-hdds-container-service-0.5.0-SNAPSHOT-tests.jar:/home/user/.m2/repository/org/yaml/snakeyaml/1.16/snakeyaml-1.16.jar:/home/user/.m2/repository/org/apache/hadoop/hadoop-common/3.2.0/hadoop-common-3.2.0-tests.jar:/home/user/.m2/repository/org/apache/hadoop/hadoop-annotations/3.2.0/hadoop-annotations-3.2.0.jar:/usr/lib/jvm/java-1.8-openjdk/jre/../lib/tools.jar:/home/user/.m2/repository/commons-cli/commons-cli/1.2/commons-cli-1.2.jar:/home/user/.m2/repository/org/apache/httpcomponents/httpclient/4.5.2/httpclient-4.5.2.jar:/home/user/.m2/repository/org/apache/httpcomponents/httpcore/4.4.4/httpcore-4.4.4.jar:/home/user/.m2/repository/commons-codec/commons-codec/1.11/commons-codec-1.11.jar:/home/user/.m2/repository/commons-net/commons-net/3.6/commons-net-3.6.jar:/home/user/.m2/repository/commons-collections/commons-collections/3.2.2/commons-collections-3.2.2.jar:/home/user/.m2/repository/org/eclipse/jetty/jetty-servlet/9.3.24.v20180605/jetty-servlet-9.3.24.v20180605.jar:/home/user/.m2/repository/org/eclipse/jetty/jetty-security/9.3.24.v20180605/jetty-security-9.3.24.v20180605.jar:/home/user/.m2/repository/javax/servlet/jsp/jsp-api/2.1/jsp-api-2.1.jar:/home/user/.m2/repository/com/sun/jersey/jersey-servlet/1.19/jersey-servlet-1.19.jar:/home/user/.m2/repository/com/sun/jersey/jersey-json/1.19/jersey-json-1.19.jar:/home/user/.m2/repository/org/codehaus/jettison/jettison/1.1/jettison-1.1.jar:/home/user/.m2/repository/org/codehaus/jackson/jackson-core-asl/1.9.13/jackson-core-asl-1.9.13.jar:/home/user/.m2/repository/org/codehaus/jackson/jackson-mapper-asl/1.9.13/jackson-mapper-asl-1.9.13.jar:/home/user/.m2/repository/org/codehaus/jackson/jackson-jaxrs/1.9.13/jackson-jaxrs-1.9.13.jar:/home/user/.m2/repository/org/codehaus/jackson/jackson-xc/1.9.13/jackson-xc-1.9.13.jar:/home/user/.m2/repository/commons-logging/commons-logging/1.1.3/commons-logging-1.1.3.jar:/home/user/.m2/repository/commons-beanutils/commons-beanutils/1.9.3/commons-beanutils-1.9.3.jar:/home/user/.m2/repository/org/apache/commons/commons-configuration2/2.1.1/commons-configuration2-2.1.1.jar:/home/user/.m2/repository/org/apache/commons/commons-lang3/3.7/commons-lang3-3.7.jar:/home/user/.m2/repository/org/apache/commons/commons-text/1.4/commons-text-1.4.jar:/home/user/.m2/repository/org/apache/avro/avro/1.7.7/avro-1.7.7.jar:/home/user/.m2/repository/com/thoughtworks/paranamer/paranamer/2.3/paranamer-2.3.jar:/home/user/.m2/repository/org/xerial/snappy/snappy-java/1.0.5/snappy-java-1.0.5.jar:/home/user/.m2/repository/com/google/re2j/re2j/1.1/re2j-1.1.jar:/home/user/.m2/repository/com/google/code/gson/gson/2.2.4/gson-2.2.4.jar:/home/user/.m2/repository/com/jcraft/jsch/0.1.54/jsch-0.1.54.jar:/home/user/.m2/repository/org/apache/curator/curator-client/2.12.0/curator-client-2.12.0.jar:/home/user/.m2/repository/org/apache/curator/curator-recipes/2.12.0/curator-recipes-2.12.0.jar:/home/user/.m2/repository/com/google/code/findbugs/jsr305/3.0.0/jsr305-3.0.0.jar:/home/user/.m2/repository/org/apache/htrace/htrace-core4/4.1.0-incubating/htrace-core4-4.1.0-incubating.jar:/home/user/.m2/repository/org/apache/zookeeper/zookeeper/3.4.13/zookeeper-3.4.13.jar:/home/user/.m2/repository/org/apache/yetus/audience-annotations/0.5.0/audience-annotations-0.5.0.jar:/home/user/.m2/repository/org/codehaus/woodstox/stax2-api/3.1.4/stax2-api-3.1.4.jar:/home/user/.m2/repository/com/fasterxml/woodstox/woodstox-core/5.0.3/woodstox-core-5.0.3.jar:/home/user/.m2/repository/dnsjava/dnsjava/2.1.7/dnsjava-2.1.7.jar:/home/user/.m2/repository/org/apache/hadoop/hadoop-hdfs/3.2.0/hadoop-hdfs-3.2.0-tests.jar:/home/user/.m2/repository/org/eclipse/jetty/jetty-util-ajax/9.3.24.v20180605/jetty-util-ajax-9.3.24.v20180605.jar:/home/user/.m2/repository/commons-daemon/commons-daemon/1.0.13/commons-daemon-1.0.13.jar:/home/user/.m2/repository/io/netty/netty/3.10.5.Final/netty-3.10.5.Final.jar:/home/user/.m2/repository/io/netty/netty-all/4.0.52.Final/netty-all-4.0.52.Final.jar:/home/user/.m2/repository/org/fusesource/leveldbjni/leveldbjni-all/1.8/leveldbjni-all-1.8.jar:"/>
    <property name="java.vm.vendor" value="IcedTea"/>
    <property name="sun.arch.data.model" value="64"/>
    <property name="test.build.dir" value="/workdir/hadoop-ozone/integration-test/target/test-dir"/>
    <property name="test.cache.data" value=""/>
    <property name="java.vendor.url" value="https://icedtea.classpath.org"/>
    <property name="user.timezone" value=""/>
    <property name="java.vm.specification.version" value="1.8"/>
    <property name="os.name" value="Linux"/>
    <property name="test.build.data" value="/workdir/hadoop-ozone/integration-test/target/test-dir"/>
    <property name="user.country" value="US"/>
    <property name="sun.java.launcher" value="SUN_STANDARD"/>
    <property name="sun.boot.library.path" value="/usr/lib/jvm/java-1.8-openjdk/jre/lib/amd64"/>
    <property name="sun.java.command" value="/workdir/hadoop-ozone/integration-test/target/surefire/surefirebooter4699569839693551989.jar /workdir/hadoop-ozone/integration-test/target/surefire 2019-09-17T08-55-12_190-jvmRun1 surefire386360630312551654tmp surefire_418969129473515855831tmp"/>
    <property name="test" value="!TestMiniChaosOzoneCluster"/>
    <property name="surefire.test.class.path" value="/workdir/hadoop-ozone/integration-test/target/test-classes:/workdir/hadoop-ozone/integration-test/target/classes:/home/user/.m2/repository/org/apache/hadoop/hadoop-ozone-common/0.5.0-SNAPSHOT/hadoop-ozone-common-0.5.0-SNAPSHOT.jar:/home/user/.m2/repository/org/apache/commons/commons-compress/1.4.1/commons-compress-1.4.1.jar:/home/user/.m2/repository/org/tukaani/xz/1.0/xz-1.0.jar:/home/user/.m2/repository/org/apache/hadoop/hadoop-common/3.2.0/hadoop-common-3.2.0.jar:/home/user/.m2/repository/org/apache/hadoop/hadoop-hdfs/3.2.0/hadoop-hdfs-3.2.0.jar:/home/user/.m2/repository/org/apache/hadoop/hadoop-hdfs-client/3.2.0/hadoop-hdfs-client-3.2.0.jar:/home/user/.m2/repository/com/fasterxml/jackson/core/jackson-annotations/2.9.5/jackson-annotations-2.9.5.jar:/home/user/.m2/repository/org/apache/hadoop/hadoop-hdds-common/0.5.0-SNAPSHOT/hadoop-hdds-common-0.5.0-SNAPSHOT.jar:/home/user/.m2/repository/javax/annotation/javax.annotation-api/1.2/javax.annotation-api-1.2.jar:/home/user/.m2/repository/org/apache/ratis/ratis-server/0.4.0-78e95b9-SNAPSHOT/ratis-server-0.4.0-78e95b9-SNAPSHOT.jar:/home/user/.m2/repository/org/apache/ratis/ratis-thirdparty-misc/0.2.0/ratis-thirdparty-misc-0.2.0.jar:/home/user/.m2/repository/org/apache/ratis/ratis-proto/0.4.0-78e95b9-SNAPSHOT/ratis-proto-0.4.0-78e95b9-SNAPSHOT.jar:/home/user/.m2/repository/org/apache/ratis/ratis-common/0.4.0-78e95b9-SNAPSHOT/ratis-common-0.4.0-78e95b9-SNAPSHOT.jar:/home/user/.m2/repository/org/apache/ratis/ratis-client/0.4.0-78e95b9-SNAPSHOT/ratis-client-0.4.0-78e95b9-SNAPSHOT.jar:/home/user/.m2/repository/org/apache/ratis/ratis-metrics/0.4.0-78e95b9-SNAPSHOT/ratis-metrics-0.4.0-78e95b9-SNAPSHOT.jar:/home/user/.m2/repository/com/github/joshelser/dropwizard-metrics-hadoop-metrics2-reporter/0.1.2/dropwizard-metrics-hadoop-metrics2-reporter-0.1.2.jar:/home/user/.m2/repository/io/dropwizard/metrics/metrics-jvm/3.2.5/metrics-jvm-3.2.5.jar:/home/user/.m2/repository/io/dropwizard/metrics/metrics-ganglia/3.2.5/metrics-ganglia-3.2.5.jar:/home/user/.m2/repository/info/ganglia/gmetric4j/gmetric4j/1.0.7/gmetric4j-1.0.7.jar:/home/user/.m2/repository/org/apache/ratis/ratis-netty/0.4.0-78e95b9-SNAPSHOT/ratis-netty-0.4.0-78e95b9-SNAPSHOT.jar:/home/user/.m2/repository/org/apache/ratis/ratis-grpc/0.4.0-78e95b9-SNAPSHOT/ratis-grpc-0.4.0-78e95b9-SNAPSHOT.jar:/home/user/.m2/repository/org/rocksdb/rocksdbjni/6.0.1/rocksdbjni-6.0.1.jar:/home/user/.m2/repository/org/apache/logging/log4j/log4j-api/2.11.0/log4j-api-2.11.0.jar:/home/user/.m2/repository/org/apache/logging/log4j/log4j-core/2.11.0/log4j-core-2.11.0.jar:/home/user/.m2/repository/com/lmax/disruptor/3.4.2/disruptor-3.4.2.jar:/home/user/.m2/repository/org/apache/commons/commons-pool2/2.6.0/commons-pool2-2.6.0.jar:/home/user/.m2/repository/org/bouncycastle/bcpkix-jdk15on/1.60/bcpkix-jdk15on-1.60.jar:/home/user/.m2/repository/commons-validator/commons-validator/1.6/commons-validator-1.6.jar:/home/user/.m2/repository/commons-digester/commons-digester/1.8.1/commons-digester-1.8.1.jar:/home/user/.m2/repository/io/jaegertracing/jaeger-client/0.33.1/jaeger-client-0.33.1.jar:/home/user/.m2/repository/io/jaegertracing/jaeger-thrift/0.33.1/jaeger-thrift-0.33.1.jar:/home/user/.m2/repository/org/apache/thrift/libthrift/0.11.0/libthrift-0.11.0.jar:/home/user/.m2/repository/com/squareup/okhttp3/okhttp/3.9.0/okhttp-3.9.0.jar:/home/user/.m2/repository/com/squareup/okio/okio/1.13.0/okio-1.13.0.jar:/home/user/.m2/repository/io/jaegertracing/jaeger-core/0.33.1/jaeger-core-0.33.1.jar:/home/user/.m2/repository/io/jaegertracing/jaeger-tracerresolver/0.33.1/jaeger-tracerresolver-0.33.1.jar:/home/user/.m2/repository/io/opentracing/contrib/opentracing-tracerresolver/0.1.5/opentracing-tracerresolver-0.1.5.jar:/home/user/.m2/repository/io/opentracing/opentracing-util/0.31.0/opentracing-util-0.31.0.jar:/home/user/.m2/repository/io/opentracing/opentracing-api/0.31.0/opentracing-api-0.31.0.jar:/home/user/.m2/repository/io/opentracing/opentracing-noop/0.31.0/opentracing-noop-0.31.0.jar:/home/user/.m2/repository/org/apache/hadoop/hadoop-hdds-server-framework/0.5.0-SNAPSHOT/hadoop-hdds-server-framework-0.5.0-SNAPSHOT.jar:/home/user/.m2/repository/org/apache/hadoop/hadoop-hdds-container-service/0.5.0-SNAPSHOT/hadoop-hdds-container-service-0.5.0-SNAPSHOT.jar:/home/user/.m2/repository/org/apache/hadoop/hadoop-hdds-client/0.5.0-SNAPSHOT/hadoop-hdds-client-0.5.0-SNAPSHOT.jar:/home/user/.m2/repository/org/apache/hadoop/hadoop-hdds-tools/0.5.0-SNAPSHOT/hadoop-hdds-tools-0.5.0-SNAPSHOT.jar:/home/user/.m2/repository/org/apache/hadoop/hadoop-hdds-server-scm/0.5.0-SNAPSHOT/hadoop-hdds-server-scm-0.5.0-SNAPSHOT.jar:/home/user/.m2/repository/org/apache/hadoop/hadoop-hdds-docs/0.5.0-SNAPSHOT/hadoop-hdds-docs-0.5.0-SNAPSHOT.jar:/home/user/.m2/repository/io/dropwizard/metrics/metrics-core/3.2.4/metrics-core-3.2.4.jar:/home/user/.m2/repository/org/hamcrest/hamcrest-all/1.3/hamcrest-all-1.3.jar:/home/user/.m2/repository/org/bouncycastle/bcprov-jdk15on/1.60/bcprov-jdk15on-1.60.jar:/home/user/.m2/repository/info/picocli/picocli/3.9.6/picocli-3.9.6.jar:/home/user/.m2/repository/com/google/protobuf/protobuf-java/2.5.0/protobuf-java-2.5.0.jar:/home/user/.m2/repository/com/google/guava/guava/11.0.2/guava-11.0.2.jar:/home/user/.m2/repository/org/apache/hadoop/hadoop-ozone-ozone-manager/0.5.0-SNAPSHOT/hadoop-ozone-ozone-manager-0.5.0-SNAPSHOT.jar:/home/user/.m2/repository/org/apache/hadoop/hadoop-minikdc/3.2.0/hadoop-minikdc-3.2.0.jar:/home/user/.m2/repository/commons-io/commons-io/2.5/commons-io-2.5.jar:/home/user/.m2/repository/org/apache/kerby/kerb-simplekdc/1.0.1/kerb-simplekdc-1.0.1.jar:/home/user/.m2/repository/org/apache/kerby/kerb-client/1.0.1/kerb-client-1.0.1.jar:/home/user/.m2/repository/org/apache/kerby/kerby-config/1.0.1/kerby-config-1.0.1.jar:/home/user/.m2/repository/org/apache/kerby/kerb-core/1.0.1/kerb-core-1.0.1.jar:/home/user/.m2/repository/org/apache/kerby/kerby-pkix/1.0.1/kerby-pkix-1.0.1.jar:/home/user/.m2/repository/org/apache/kerby/kerby-asn1/1.0.1/kerby-asn1-1.0.1.jar:/home/user/.m2/repository/org/apache/kerby/kerby-util/1.0.1/kerby-util-1.0.1.jar:/home/user/.m2/repository/org/apache/kerby/kerb-common/1.0.1/kerb-common-1.0.1.jar:/home/user/.m2/repository/org/apache/kerby/kerb-crypto/1.0.1/kerb-crypto-1.0.1.jar:/home/user/.m2/repository/org/apache/kerby/kerb-util/1.0.1/kerb-util-1.0.1.jar:/home/user/.m2/repository/org/apache/kerby/token-provider/1.0.1/token-provider-1.0.1.jar:/home/user/.m2/repository/org/apache/kerby/kerb-admin/1.0.1/kerb-admin-1.0.1.jar:/home/user/.m2/repository/org/apache/kerby/kerb-server/1.0.1/kerb-server-1.0.1.jar:/home/user/.m2/repository/org/apache/kerby/kerb-identity/1.0.1/kerb-identity-1.0.1.jar:/home/user/.m2/repository/org/apache/kerby/kerby-xdr/1.0.1/kerby-xdr-1.0.1.jar:/home/user/.m2/repository/org/slf4j/slf4j-log4j12/1.7.25/slf4j-log4j12-1.7.25.jar:/home/user/.m2/repository/org/apache/hadoop/hadoop-ozone-s3gateway/0.5.0-SNAPSHOT/hadoop-ozone-s3gateway-0.5.0-SNAPSHOT.jar:/home/user/.m2/repository/org/jboss/weld/servlet/weld-servlet/2.4.7.Final/weld-servlet-2.4.7.Final.jar:/home/user/.m2/repository/org/glassfish/jersey/containers/jersey-container-servlet-core/2.27/jersey-container-servlet-core-2.27.jar:/home/user/.m2/repository/org/glassfish/hk2/external/javax.inject/2.5.0-b42/javax.inject-2.5.0-b42.jar:/home/user/.m2/repository/org/glassfish/jersey/core/jersey-common/2.27/jersey-common-2.27.jar:/home/user/.m2/repository/org/glassfish/hk2/osgi-resource-locator/1.0.1/osgi-resource-locator-1.0.1.jar:/home/user/.m2/repository/javax/ws/rs/javax.ws.rs-api/2.1/javax.ws.rs-api-2.1.jar:/home/user/.m2/repository/org/glassfish/jersey/ext/cdi/jersey-cdi1x/2.27/jersey-cdi1x-2.27.jar:/home/user/.m2/repository/org/glassfish/jersey/inject/jersey-hk2/2.27/jersey-hk2-2.27.jar:/home/user/.m2/repository/org/glassfish/hk2/hk2-locator/2.5.0-b42/hk2-locator-2.5.0-b42.jar:/home/user/.m2/repository/org/javassist/javassist/3.22.0-CR2/javassist-3.22.0-CR2.jar:/home/user/.m2/repository/org/glassfish/hk2/hk2-api/2.5.0/hk2-api-2.5.0.jar:/home/user/.m2/repository/org/glassfish/hk2/external/jakarta.inject/2.5.0/jakarta.inject-2.5.0.jar:/home/user/.m2/repository/org/glassfish/hk2/hk2-utils/2.5.0/hk2-utils-2.5.0.jar:/home/user/.m2/repository/jakarta/annotation/jakarta.annotation-api/1.3.4/jakarta.annotation-api-1.3.4.jar:/home/user/.m2/repository/org/glassfish/hk2/external/aopalliance-repackaged/2.5.0/aopalliance-repackaged-2.5.0.jar:/home/user/.m2/repository/com/fasterxml/jackson/dataformat/jackson-dataformat-xml/2.9.0/jackson-dataformat-xml-2.9.0.jar:/home/user/.m2/repository/com/fasterxml/jackson/core/jackson-core/2.9.5/jackson-core-2.9.5.jar:/home/user/.m2/repository/com/fasterxml/jackson/module/jackson-module-jaxb-annotations/2.9.5/jackson-module-jaxb-annotations-2.9.5.jar:/home/user/.m2/repository/javax/enterprise/cdi-api/1.2/cdi-api-1.2.jar:/home/user/.m2/repository/javax/el/javax.el-api/3.0.0/javax.el-api-3.0.0.jar:/home/user/.m2/repository/javax/interceptor/javax.interceptor-api/1.2/javax.interceptor-api-1.2.jar:/home/user/.m2/repository/javax/inject/javax.inject/1/javax.inject-1.jar:/home/user/.m2/repository/com/sun/xml/bind/jaxb-impl/2.3.0.1/jaxb-impl-2.3.0.1.jar:/home/user/.m2/repository/com/sun/xml/bind/jaxb-core/2.3.0.1/jaxb-core-2.3.0.1.jar:/home/user/.m2/repository/javax/xml/bind/jaxb-api/2.3.0/jaxb-api-2.3.0.jar:/home/user/.m2/repository/javax/activation/activation/1.1.1/activation-1.1.1.jar:/home/user/.m2/repository/org/apache/hadoop/hadoop-ozone-csi/0.5.0-SNAPSHOT/hadoop-ozone-csi-0.5.0-SNAPSHOT.jar:/home/user/.m2/repository/com/google/protobuf/protobuf-java-util/3.5.1/protobuf-java-util-3.5.1.jar:/home/user/.m2/repository/org/apache/hadoop/hadoop-hdds-config/0.5.0-SNAPSHOT/hadoop-hdds-config-0.5.0-SNAPSHOT.jar:/home/user/.m2/repository/io/grpc/grpc-netty/1.17.1/grpc-netty-1.17.1.jar:/home/user/.m2/repository/io/grpc/grpc-core/1.17.1/grpc-core-1.17.1.jar:/home/user/.m2/repository/io/grpc/grpc-context/1.17.1/grpc-context-1.17.1.jar:/home/user/.m2/repository/com/google/errorprone/error_prone_annotations/2.2.0/error_prone_annotations-2.2.0.jar:/home/user/.m2/repository/org/codehaus/mojo/animal-sniffer-annotations/1.17/animal-sniffer-annotations-1.17.jar:/home/user/.m2/repository/io/opencensus/opencensus-api/0.17.0/opencensus-api-0.17.0.jar:/home/user/.m2/repository/io/opencensus/opencensus-contrib-grpc-metrics/0.17.0/opencensus-contrib-grpc-metrics-0.17.0.jar:/home/user/.m2/repository/io/netty/netty-codec-http2/4.1.30.Final/netty-codec-http2-4.1.30.Final.jar:/home/user/.m2/repository/io/netty/netty-codec-http/4.1.30.Final/netty-codec-http-4.1.30.Final.jar:/home/user/.m2/repository/io/netty/netty-codec/4.1.30.Final/netty-codec-4.1.30.Final.jar:/home/user/.m2/repository/io/netty/netty-handler/4.1.30.Final/netty-handler-4.1.30.Final.jar:/home/user/.m2/repository/io/netty/netty-handler-proxy/4.1.30.Final/netty-handler-proxy-4.1.30.Final.jar:/home/user/.m2/repository/io/netty/netty-codec-socks/4.1.30.Final/netty-codec-socks-4.1.30.Final.jar:/home/user/.m2/repository/io/netty/netty-transport-native-epoll/4.1.30.Final/netty-transport-native-epoll-4.1.30.Final.jar:/home/user/.m2/repository/io/netty/netty-common/4.1.30.Final/netty-common-4.1.30.Final.jar:/home/user/.m2/repository/io/netty/netty-buffer/4.1.30.Final/netty-buffer-4.1.30.Final.jar:/home/user/.m2/repository/io/netty/netty-transport/4.1.30.Final/netty-transport-4.1.30.Final.jar:/home/user/.m2/repository/io/netty/netty-resolver/4.1.30.Final/netty-resolver-4.1.30.Final.jar:/home/user/.m2/repository/io/netty/netty-transport-native-unix-common/4.1.30.Final/netty-transport-native-unix-common-4.1.30.Final.jar:/home/user/.m2/repository/io/grpc/grpc-protobuf/1.17.1/grpc-protobuf-1.17.1.jar:/home/user/.m2/repository/com/google/api/grpc/proto-google-common-protos/1.0.0/proto-google-common-protos-1.0.0.jar:/home/user/.m2/repository/io/grpc/grpc-protobuf-lite/1.17.1/grpc-protobuf-lite-1.17.1.jar:/home/user/.m2/repository/io/grpc/grpc-stub/1.17.1/grpc-stub-1.17.1.jar:/home/user/.m2/repository/org/apache/hadoop/hadoop-ozone-recon/0.5.0-SNAPSHOT/hadoop-ozone-recon-0.5.0-SNAPSHOT.jar:/home/user/.m2/repository/org/apache/hadoop/hadoop-ozone-reconcodegen/0.5.0-SNAPSHOT/hadoop-ozone-reconcodegen-0.5.0-SNAPSHOT.jar:/home/user/.m2/repository/com/google/inject/extensions/guice-multibindings/4.0/guice-multibindings-4.0.jar:/home/user/.m2/repository/com/google/inject/guice/4.0/guice-4.0.jar:/home/user/.m2/repository/aopalliance/aopalliance/1.0/aopalliance-1.0.jar:/home/user/.m2/repository/com/google/inject/extensions/guice-servlet/4.0/guice-servlet-4.0.jar:/home/user/.m2/repository/org/glassfish/jersey/containers/jersey-container-servlet/2.27/jersey-container-servlet-2.27.jar:/home/user/.m2/repository/org/glassfish/hk2/guice-bridge/2.5.0/guice-bridge-2.5.0.jar:/home/user/.m2/repository/org/glassfish/jersey/core/jersey-server/2.27/jersey-server-2.27.jar:/home/user/.m2/repository/org/glassfish/jersey/core/jersey-client/2.27/jersey-client-2.27.jar:/home/user/.m2/repository/org/glassfish/jersey/media/jersey-media-jaxb/2.27/jersey-media-jaxb-2.27.jar:/home/user/.m2/repository/javax/validation/validation-api/1.1.0.Final/validation-api-1.1.0.Final.jar:/home/user/.m2/repository/org/glassfish/jersey/media/jersey-media-json-jackson/2.27/jersey-media-json-jackson-2.27.jar:/home/user/.m2/repository/org/glassfish/jersey/ext/jersey-entity-filtering/2.27/jersey-entity-filtering-2.27.jar:/home/user/.m2/repository/com/google/inject/extensions/guice-assistedinject/4.0/guice-assistedinject-4.0.jar:/home/user/.m2/repository/org/jooq/jooq/3.11.10/jooq-3.11.10.jar:/home/user/.m2/repository/org/jooq/jooq-meta/3.11.10/jooq-meta-3.11.10.jar:/home/user/.m2/repository/org/jooq/jooq-codegen/3.11.10/jooq-codegen-3.11.10.jar:/home/user/.m2/repository/com/jolbox/bonecp/0.8.0.RELEASE/bonecp-0.8.0.RELEASE.jar:/home/user/.m2/repository/org/xerial/sqlite-jdbc/3.25.2/sqlite-jdbc-3.25.2.jar:/home/user/.m2/repository/org/springframework/spring-jdbc/5.1.3.RELEASE/spring-jdbc-5.1.3.RELEASE.jar:/home/user/.m2/repository/org/springframework/spring-beans/5.1.3.RELEASE/spring-beans-5.1.3.RELEASE.jar:/home/user/.m2/repository/org/springframework/spring-core/5.1.3.RELEASE/spring-core-5.1.3.RELEASE.jar:/home/user/.m2/repository/org/springframework/spring-jcl/5.1.3.RELEASE/spring-jcl-5.1.3.RELEASE.jar:/home/user/.m2/repository/org/springframework/spring-tx/5.1.3.RELEASE/spring-tx-5.1.3.RELEASE.jar:/home/user/.m2/repository/org/apache/hadoop/hadoop-ozone-client/0.5.0-SNAPSHOT/hadoop-ozone-client-0.5.0-SNAPSHOT.jar:/home/user/.m2/repository/commons-lang/commons-lang/2.6/commons-lang-2.6.jar:/home/user/.m2/repository/org/apache/hadoop/hadoop-ozone-ozone-manager/0.5.0-SNAPSHOT/hadoop-ozone-ozone-manager-0.5.0-SNAPSHOT-tests.jar:/home/user/.m2/repository/junit/junit/4.11/junit-4.11.jar:/home/user/.m2/repository/org/hamcrest/hamcrest-core/1.3/hamcrest-core-1.3.jar:/home/user/.m2/repository/org/openjdk/jmh/jmh-core/1.19/jmh-core-1.19.jar:/home/user/.m2/repository/net/sf/jopt-simple/jopt-simple/4.6/jopt-simple-4.6.jar:/home/user/.m2/repository/org/apache/commons/commons-math3/3.1.1/commons-math3-3.1.1.jar:/home/user/.m2/repository/org/openjdk/jmh/jmh-generator-annprocess/1.19/jmh-generator-annprocess-1.19.jar:/home/user/.m2/repository/org/mockito/mockito-all/1.8.5/mockito-all-1.8.5.jar:/home/user/.m2/repository/org/apache/hadoop/hadoop-kms/3.2.0/hadoop-kms-3.2.0.jar:/home/user/.m2/repository/org/apache/hadoop/hadoop-auth/3.2.0/hadoop-auth-3.2.0.jar:/home/user/.m2/repository/com/nimbusds/nimbus-jose-jwt/4.41.1/nimbus-jose-jwt-4.41.1.jar:/home/user/.m2/repository/com/github/stephenc/jcip/jcip-annotations/1.0-1/jcip-annotations-1.0-1.jar:/home/user/.m2/repository/net/minidev/json-smart/2.3/json-smart-2.3.jar:/home/user/.m2/repository/net/minidev/accessors-smart/1.2/accessors-smart-1.2.jar:/home/user/.m2/repository/org/ow2/asm/asm/5.0.4/asm-5.0.4.jar:/home/user/.m2/repository/org/apache/curator/curator-framework/2.12.0/curator-framework-2.12.0.jar:/home/user/.m2/repository/com/sun/jersey/jersey-core/1.19/jersey-core-1.19.jar:/home/user/.m2/repository/javax/ws/rs/jsr311-api/1.1.1/jsr311-api-1.1.1.jar:/home/user/.m2/repository/com/sun/jersey/jersey-server/1.19/jersey-server-1.19.jar:/home/user/.m2/repository/javax/servlet/javax.servlet-api/3.1.0/javax.servlet-api-3.1.0.jar:/home/user/.m2/repository/org/eclipse/jetty/jetty-server/9.3.24.v20180605/jetty-server-9.3.24.v20180605.jar:/home/user/.m2/repository/org/eclipse/jetty/jetty-http/9.3.24.v20180605/jetty-http-9.3.24.v20180605.jar:/home/user/.m2/repository/org/eclipse/jetty/jetty-io/9.3.24.v20180605/jetty-io-9.3.24.v20180605.jar:/home/user/.m2/repository/org/eclipse/jetty/jetty-webapp/9.3.24.v20180605/jetty-webapp-9.3.24.v20180605.jar:/home/user/.m2/repository/org/eclipse/jetty/jetty-xml/9.3.24.v20180605/jetty-xml-9.3.24.v20180605.jar:/home/user/.m2/repository/log4j/log4j/1.2.17/log4j-1.2.17.jar:/home/user/.m2/repository/org/slf4j/slf4j-api/1.7.25/slf4j-api-1.7.25.jar:/home/user/.m2/repository/org/slf4j/jul-to-slf4j/1.7.25/jul-to-slf4j-1.7.25.jar:/home/user/.m2/repository/org/eclipse/jetty/jetty-util/9.3.24.v20180605/jetty-util-9.3.24.v20180605.jar:/home/user/.m2/repository/com/fasterxml/jackson/core/jackson-databind/2.9.5/jackson-databind-2.9.5.jar:/home/user/.m2/repository/org/apache/hadoop/hadoop-kms/3.2.0/hadoop-kms-3.2.0-tests.jar:/home/user/.m2/repository/org/apache/hadoop/hadoop-hdds-server-scm/0.5.0-SNAPSHOT/hadoop-hdds-server-scm-0.5.0-SNAPSHOT-tests.jar:/home/user/.m2/repository/org/apache/hadoop/hadoop-hdds-container-service/0.5.0-SNAPSHOT/hadoop-hdds-container-service-0.5.0-SNAPSHOT-tests.jar:/home/user/.m2/repository/org/yaml/snakeyaml/1.16/snakeyaml-1.16.jar:/home/user/.m2/repository/org/apache/hadoop/hadoop-common/3.2.0/hadoop-common-3.2.0-tests.jar:/home/user/.m2/repository/org/apache/hadoop/hadoop-annotations/3.2.0/hadoop-annotations-3.2.0.jar:/usr/lib/jvm/java-1.8-openjdk/jre/../lib/tools.jar:/home/user/.m2/repository/commons-cli/commons-cli/1.2/commons-cli-1.2.jar:/home/user/.m2/repository/org/apache/httpcomponents/httpclient/4.5.2/httpclient-4.5.2.jar:/home/user/.m2/repository/org/apache/httpcomponents/httpcore/4.4.4/httpcore-4.4.4.jar:/home/user/.m2/repository/commons-codec/commons-codec/1.11/commons-codec-1.11.jar:/home/user/.m2/repository/commons-net/commons-net/3.6/commons-net-3.6.jar:/home/user/.m2/repository/commons-collections/commons-collections/3.2.2/commons-collections-3.2.2.jar:/home/user/.m2/repository/org/eclipse/jetty/jetty-servlet/9.3.24.v20180605/jetty-servlet-9.3.24.v20180605.jar:/home/user/.m2/repository/org/eclipse/jetty/jetty-security/9.3.24.v20180605/jetty-security-9.3.24.v20180605.jar:/home/user/.m2/repository/javax/servlet/jsp/jsp-api/2.1/jsp-api-2.1.jar:/home/user/.m2/repository/com/sun/jersey/jersey-servlet/1.19/jersey-servlet-1.19.jar:/home/user/.m2/repository/com/sun/jersey/jersey-json/1.19/jersey-json-1.19.jar:/home/user/.m2/repository/org/codehaus/jettison/jettison/1.1/jettison-1.1.jar:/home/user/.m2/repository/org/codehaus/jackson/jackson-core-asl/1.9.13/jackson-core-asl-1.9.13.jar:/home/user/.m2/repository/org/codehaus/jackson/jackson-mapper-asl/1.9.13/jackson-mapper-asl-1.9.13.jar:/home/user/.m2/repository/org/codehaus/jackson/jackson-jaxrs/1.9.13/jackson-jaxrs-1.9.13.jar:/home/user/.m2/repository/org/codehaus/jackson/jackson-xc/1.9.13/jackson-xc-1.9.13.jar:/home/user/.m2/repository/commons-logging/commons-logging/1.1.3/commons-logging-1.1.3.jar:/home/user/.m2/repository/commons-beanutils/commons-beanutils/1.9.3/commons-beanutils-1.9.3.jar:/home/user/.m2/repository/org/apache/commons/commons-configuration2/2.1.1/commons-configuration2-2.1.1.jar:/home/user/.m2/repository/org/apache/commons/commons-lang3/3.7/commons-lang3-3.7.jar:/home/user/.m2/repository/org/apache/commons/commons-text/1.4/commons-text-1.4.jar:/home/user/.m2/repository/org/apache/avro/avro/1.7.7/avro-1.7.7.jar:/home/user/.m2/repository/com/thoughtworks/paranamer/paranamer/2.3/paranamer-2.3.jar:/home/user/.m2/repository/org/xerial/snappy/snappy-java/1.0.5/snappy-java-1.0.5.jar:/home/user/.m2/repository/com/google/re2j/re2j/1.1/re2j-1.1.jar:/home/user/.m2/repository/com/google/code/gson/gson/2.2.4/gson-2.2.4.jar:/home/user/.m2/repository/com/jcraft/jsch/0.1.54/jsch-0.1.54.jar:/home/user/.m2/repository/org/apache/curator/curator-client/2.12.0/curator-client-2.12.0.jar:/home/user/.m2/repository/org/apache/curator/curator-recipes/2.12.0/curator-recipes-2.12.0.jar:/home/user/.m2/repository/com/google/code/findbugs/jsr305/3.0.0/jsr305-3.0.0.jar:/home/user/.m2/repository/org/apache/htrace/htrace-core4/4.1.0-incubating/htrace-core4-4.1.0-incubating.jar:/home/user/.m2/repository/org/apache/zookeeper/zookeeper/3.4.13/zookeeper-3.4.13.jar:/home/user/.m2/repository/org/apache/yetus/audience-annotations/0.5.0/audience-annotations-0.5.0.jar:/home/user/.m2/repository/org/codehaus/woodstox/stax2-api/3.1.4/stax2-api-3.1.4.jar:/home/user/.m2/repository/com/fasterxml/woodstox/woodstox-core/5.0.3/woodstox-core-5.0.3.jar:/home/user/.m2/repository/dnsjava/dnsjava/2.1.7/dnsjava-2.1.7.jar:/home/user/.m2/repository/org/apache/hadoop/hadoop-hdfs/3.2.0/hadoop-hdfs-3.2.0-tests.jar:/home/user/.m2/repository/org/eclipse/jetty/jetty-util-ajax/9.3.24.v20180605/jetty-util-ajax-9.3.24.v20180605.jar:/home/user/.m2/repository/commons-daemon/commons-daemon/1.0.13/commons-daemon-1.0.13.jar:/home/user/.m2/repository/io/netty/netty/3.10.5.Final/netty-3.10.5.Final.jar:/home/user/.m2/repository/io/netty/netty-all/4.0.52.Final/netty-all-4.0.52.Final.jar:/home/user/.m2/repository/org/fusesource/leveldbjni/leveldbjni-all/1.8/leveldbjni-all-1.8.jar:"/>
    <property name="sun.cpu.endian" value="little"/>
    <property name="user.home" value="/home/user"/>
    <property name="user.language" value="en"/>
    <property name="java.specification.vendor" value="Oracle Corporation"/>
    <property name="java.home" value="/usr/lib/jvm/java-1.8-openjdk/jre"/>
    <property name="java.security.krb5.conf" value="/workdir/hadoop-ozone/integration-test/target/test-classes/krb5.conf"/>
    <property name="basedir" value="/workdir/hadoop-ozone/integration-test"/>
    <property name="file.separator" value="/"/>
    <property name="line.separator" value="&#10;"/>
    <property name="java.vm.specification.vendor" value="Oracle Corporation"/>
    <property name="java.specification.name" value="Java Platform API Specification"/>
    <property name="java.awt.graphicsenv" value="sun.awt.X11GraphicsEnvironment"/>
    <property name="surefire.real.class.path" value="/workdir/hadoop-ozone/integration-test/target/surefire/surefirebooter4699569839693551989.jar"/>
    <property name="hadoop.log.dir" value="/workdir/hadoop-ozone/integration-test/target/log"/>
    <property name="sun.boot.class.path" value="/usr/lib/jvm/java-1.8-openjdk/jre/lib/resources.jar:/usr/lib/jvm/java-1.8-openjdk/jre/lib/rt.jar:/usr/lib/jvm/java-1.8-openjdk/jre/lib/sunrsasign.jar:/usr/lib/jvm/java-1.8-openjdk/jre/lib/jsse.jar:/usr/lib/jvm/java-1.8-openjdk/jre/lib/jce.jar:/usr/lib/jvm/java-1.8-openjdk/jre/lib/charsets.jar:/usr/lib/jvm/java-1.8-openjdk/jre/lib/jfr.jar:/usr/lib/jvm/java-1.8-openjdk/jre/classes"/>
    <property name="sun.management.compiler" value="HotSpot 64-Bit Tiered Compilers"/>
    <property name="java.runtime.version" value="1.8.0_212-b04"/>
    <property name="java.net.preferIPv4Stack" value="true"/>
    <property name="user.name" value="jenkins1000"/>
    <property name="path.separator" value=":"/>
    <property name="java.security.egd" value="file:///dev/urandom"/>
    <property name="os.version" value="3.10.0-957.12.2.el7.x86_64"/>
    <property name="java.endorsed.dirs" value="/usr/lib/jvm/java-1.8-openjdk/jre/lib/endorsed"/>
    <property name="java.runtime.name" value="OpenJDK Runtime Environment"/>
    <property name="file.encoding" value="UTF-8"/>
    <property name="java.vm.name" value="OpenJDK 64-Bit Server VM"/>
    <property name="test.build.webapps" value=""/>
    <property name="localRepository" value="/home/user/.m2/repository"/>
    <property name="java.vendor.url.bug" value="https://icedtea.classpath.org/bugzilla"/>
    <property name="java.io.tmpdir" value="/tmp"/>
    <property name="require.test.libhadoop" value=""/>
    <property name="java.version" value="1.8.0_212"/>
    <property name="user.dir" value="/workdir/hadoop-ozone/integration-test"/>
    <property name="os.arch" value="amd64"/>
    <property name="java.vm.specification.name" value="Java Virtual Machine Specification"/>
    <property name="test.build.classes" value="/workdir/hadoop-ozone/integration-test/target/test-classes"/>
    <property name="java.awt.printerjob" value="sun.print.PSPrinterJob"/>
    <property name="sun.os.patch.level" value="unknown"/>
    <property name="hadoop.tmp.dir" value="/workdir/hadoop-ozone/integration-test/target/tmp"/>
    <property name="java.library.path" value="/usr/lib/jvm/java-1.8-openjdk/jre/lib/amd64/server:/usr/lib/jvm/java-1.8-openjdk/jre/lib/amd64:/usr/lib/jvm/java-1.8-openjdk/jre/../lib/amd64:/workdir/hadoop-ozone/integration-test/target/native/target/usr/local/lib:/workdir/hadoop-ozone/integration-test/../../hadoop-common-project/hadoop-common/target/native/target/usr/local/lib:/usr/java/packages/lib/amd64:/usr/lib64:/lib64:/lib:/usr/lib"/>
    <property name="java.vm.info" value="mixed mode"/>
    <property name="java.vendor" value="IcedTea"/>
    <property name="java.vm.version" value="25.212-b04"/>
    <property name="java.ext.dirs" value="/usr/lib/jvm/java-1.8-openjdk/jre/lib/ext:/usr/java/packages/lib/ext"/>
    <property name="sun.io.unicode.encoding" value="UnicodeLittle"/>
    <property name="java.class.version" value="52.0"/>
  </properties>
  <testcase name="testBlockWriteViaRatis" classname="org.apache.hadoop.ozone.client.rpc.TestCloseContainerHandlingByClient" time="10.897"/>
  <testcase name="testBlockWritesWithFlushAndClose" classname="org.apache.hadoop.ozone.client.rpc.TestCloseContainerHandlingByClient" time="195.875"/>
  <testcase name="testBlockWritesCloseConsistency" classname="org.apache.hadoop.ozone.client.rpc.TestCloseContainerHandlingByClient" time="3.07"/>
  <testcase name="testMultiBlockWrites" classname="org.apache.hadoop.ozone.client.rpc.TestCloseContainerHandlingByClient" time="188.395">
    <error message="PipelineID=ee8ffa2b-24a5-4a82-be78-aade5dcbb6f7 not found" type="org.apache.hadoop.hdds.scm.pipeline.PipelineNotFoundException">org.apache.hadoop.hdds.scm.pipeline.PipelineNotFoundException: PipelineID=ee8ffa2b-24a5-4a82-be78-aade5dcbb6f7 not found
	at org.apache.hadoop.hdds.scm.pipeline.PipelineStateMap.getPipeline(PipelineStateMap.java:132)
	at org.apache.hadoop.hdds.scm.pipeline.PipelineStateManager.getPipeline(PipelineStateManager.java:66)
	at org.apache.hadoop.hdds.scm.pipeline.SCMPipelineManager.getPipeline(SCMPipelineManager.java:187)
	at org.apache.hadoop.ozone.container.ContainerTestHelper.waitForContainerClose(ContainerTestHelper.java:833)
	at org.apache.hadoop.ozone.container.ContainerTestHelper.waitForContainerClose(ContainerTestHelper.java:741)
	at org.apache.hadoop.ozone.client.rpc.TestCloseContainerHandlingByClient.waitForContainerClose(TestCloseContainerHandlingByClient.java:342)
	at org.apache.hadoop.ozone.client.rpc.TestCloseContainerHandlingByClient.testMultiBlockWrites(TestCloseContainerHandlingByClient.java:206)
	at sun.reflect.NativeMethodAccessorImpl.invoke0(Native Method)
	at sun.reflect.NativeMethodAccessorImpl.invoke(NativeMethodAccessorImpl.java:62)
	at sun.reflect.DelegatingMethodAccessorImpl.invoke(DelegatingMethodAccessorImpl.java:43)
	at java.lang.reflect.Method.invoke(Method.java:498)
	at org.junit.runners.model.FrameworkMethod$1.runReflectiveCall(FrameworkMethod.java:47)
	at org.junit.internal.runners.model.ReflectiveCallable.run(ReflectiveCallable.java:12)
	at org.junit.runners.model.FrameworkMethod.invokeExplosively(FrameworkMethod.java:44)
	at org.junit.internal.runners.statements.InvokeMethod.evaluate(InvokeMethod.java:17)
	at org.junit.runners.ParentRunner.runLeaf(ParentRunner.java:271)
	at org.junit.runners.BlockJUnit4ClassRunner.runChild(BlockJUnit4ClassRunner.java:70)
	at org.junit.runners.BlockJUnit4ClassRunner.runChild(BlockJUnit4ClassRunner.java:50)
	at org.junit.runners.ParentRunner$3.run(ParentRunner.java:238)
	at org.junit.runners.ParentRunner$1.schedule(ParentRunner.java:63)
	at org.junit.runners.ParentRunner.runChildren(ParentRunner.java:236)
	at org.junit.runners.ParentRunner.access$000(ParentRunner.java:53)
	at org.junit.runners.ParentRunner$2.evaluate(ParentRunner.java:229)
	at org.junit.internal.runners.statements.RunBefores.evaluate(RunBefores.java:26)
	at org.junit.internal.runners.statements.RunAfters.evaluate(RunAfters.java:27)
	at org.junit.runners.ParentRunner.run(ParentRunner.java:309)
	at org.apache.maven.surefire.junit4.JUnit4Provider.execute(JUnit4Provider.java:365)
	at org.apache.maven.surefire.junit4.JUnit4Provider.executeWithRerun(JUnit4Provider.java:273)
	at org.apache.maven.surefire.junit4.JUnit4Provider.executeTestSet(JUnit4Provider.java:238)
	at org.apache.maven.surefire.junit4.JUnit4Provider.invoke(JUnit4Provider.java:159)
	at org.apache.maven.surefire.booter.ForkedBooter.invokeProviderInSameClassLoader(ForkedBooter.java:384)
	at org.apache.maven.surefire.booter.ForkedBooter.runSuitesInProcess(ForkedBooter.java:345)
	at org.apache.maven.surefire.booter.ForkedBooter.execute(ForkedBooter.java:126)
	at org.apache.maven.surefire.booter.ForkedBooter.main(ForkedBooter.java:418)
</error>
    <system-out><![CDATA[2019-09-17 09:49:35,750 [grpc-default-executor-3] INFO  impl.RaftServerProxy (RaftServerProxy.java:remove(95)) - bdd5aae1-c180-43a6-a11a-58912a33bf0b: remove group-59D05A2C74C8:null
2019-09-17 09:49:35,759 [RatisPipelineUtilsThread] WARN  pipeline.RatisPipelineUtils (RatisPipelineUtils.java:destroyPipeline(66)) - Pipeline destroy failed for pipeline=PipelineID=f7f2f784-1b0d-4fb4-bbde-59d05a2c74c8 dn=bdd5aae1-c180-43a6-a11a-58912a33bf0b{ip: 192.168.34.37, host: pr-hdds-2110-rdjw6-11158954, networkLocation: /default-rack, certSerialId: null}
2019-09-17 09:49:35,762 [grpc-default-executor-3] INFO  impl.RaftServerProxy (RaftServerProxy.java:remove(95)) - 97184ed6-1d8a-4db2-a901-2f2d7f2102ca: remove group-59D05A2C74C8:null
2019-09-17 09:49:35,768 [RatisPipelineUtilsThread] WARN  pipeline.RatisPipelineUtils (RatisPipelineUtils.java:destroyPipeline(66)) - Pipeline destroy failed for pipeline=PipelineID=f7f2f784-1b0d-4fb4-bbde-59d05a2c74c8 dn=97184ed6-1d8a-4db2-a901-2f2d7f2102ca{ip: 192.168.34.37, host: pr-hdds-2110-rdjw6-11158954, networkLocation: /default-rack, certSerialId: null}
2019-09-17 09:49:35,771 [grpc-default-executor-3] INFO  impl.RaftServerProxy (RaftServerProxy.java:remove(95)) - 7550e15a-2ff9-4e5e-b05d-d9f072bd52cf: remove group-59D05A2C74C8:null
2019-09-17 09:49:35,777 [RatisPipelineUtilsThread] WARN  pipeline.RatisPipelineUtils (RatisPipelineUtils.java:destroyPipeline(66)) - Pipeline destroy failed for pipeline=PipelineID=f7f2f784-1b0d-4fb4-bbde-59d05a2c74c8 dn=7550e15a-2ff9-4e5e-b05d-d9f072bd52cf{ip: 192.168.34.37, host: pr-hdds-2110-rdjw6-11158954, networkLocation: /default-rack, certSerialId: null}
2019-09-17 09:49:35,777 [RatisPipelineUtilsThread] ERROR pipeline.SCMPipelineManager (Scheduler.java:lambda$schedule$1(70)) - Destroy pipeline failed for pipeline:Pipeline[ Id: f7f2f784-1b0d-4fb4-bbde-59d05a2c74c8, Nodes: bdd5aae1-c180-43a6-a11a-58912a33bf0b{ip: 192.168.34.37, host: pr-hdds-2110-rdjw6-11158954, networkLocation: /default-rack, certSerialId: null}97184ed6-1d8a-4db2-a901-2f2d7f2102ca{ip: 192.168.34.37, host: pr-hdds-2110-rdjw6-11158954, networkLocation: /default-rack, certSerialId: null}7550e15a-2ff9-4e5e-b05d-d9f072bd52cf{ip: 192.168.34.37, host: pr-hdds-2110-rdjw6-11158954, networkLocation: /default-rack, certSerialId: null}, Type:RATIS, Factor:THREE, State:CLOSED]
org.apache.hadoop.hdds.scm.pipeline.PipelineNotFoundException: PipelineID=f7f2f784-1b0d-4fb4-bbde-59d05a2c74c8 not found
	at org.apache.hadoop.hdds.scm.pipeline.PipelineStateMap.getPipeline(PipelineStateMap.java:132)
	at org.apache.hadoop.hdds.scm.pipeline.PipelineStateMap.removePipeline(PipelineStateMap.java:322)
	at org.apache.hadoop.hdds.scm.pipeline.PipelineStateManager.removePipeline(PipelineStateManager.java:107)
	at org.apache.hadoop.hdds.scm.pipeline.SCMPipelineManager.removePipeline(SCMPipelineManager.java:423)
	at org.apache.hadoop.hdds.scm.pipeline.SCMPipelineManager.destroyPipeline(SCMPipelineManager.java:409)
	at org.apache.hadoop.hdds.scm.pipeline.SCMPipelineManager.lambda$finalizeAndDestroyPipeline$0(SCMPipelineManager.java:318)
	at org.apache.hadoop.utils.Scheduler.lambda$schedule$1(Scheduler.java:68)
	at java.util.concurrent.Executors$RunnableAdapter.call(Executors.java:511)
	at java.util.concurrent.FutureTask.run(FutureTask.java:266)
	at java.util.concurrent.ScheduledThreadPoolExecutor$ScheduledFutureTask.access$201(ScheduledThreadPoolExecutor.java:180)
	at java.util.concurrent.ScheduledThreadPoolExecutor$ScheduledFutureTask.run(ScheduledThreadPoolExecutor.java:293)
	at java.util.concurrent.ThreadPoolExecutor.runWorker(ThreadPoolExecutor.java:1149)
	at java.util.concurrent.ThreadPoolExecutor$Worker.run(ThreadPoolExecutor.java:624)
	at java.lang.Thread.run(Thread.java:748)
2019-09-17 09:49:36,085 [java.util.concurrent.ThreadPoolExecutor$Worker@6c299a73[State = -1, empty queue]] WARN  server.GrpcLogAppender (GrpcLogAppender.java:timeoutAppendRequest(200)) - bdd5aae1-c180-43a6-a11a-58912a33bf0b@group-AADE5DCBB6F7->97184ed6-1d8a-4db2-a901-2f2d7f2102ca-GrpcLogAppender: appendEntries Timeout, request=bdd5aae1-c180-43a6-a11a-58912a33bf0b->97184ed6-1d8a-4db2-a901-2f2d7f2102ca#11-t1, previous=(t:1, i:8), leaderCommit=8, initializing? false, entries: size=1, first=(t:1, i:9), STATEMACHINELOGENTRY, client-FBF7F1E1319D, cid=57
2019-09-17 09:49:36,085 [java.util.concurrent.ThreadPoolExecutor$Worker@3c3e5e28[State = -1, empty queue]] WARN  server.GrpcLogAppender (GrpcLogAppender.java:timeoutAppendRequest(200)) - bdd5aae1-c180-43a6-a11a-58912a33bf0b@group-AADE5DCBB6F7->7550e15a-2ff9-4e5e-b05d-d9f072bd52cf-GrpcLogAppender: appendEntries Timeout, request=bdd5aae1-c180-43a6-a11a-58912a33bf0b->7550e15a-2ff9-4e5e-b05d-d9f072bd52cf#11-t1, previous=(t:1, i:8), leaderCommit=8, initializing? false, entries: size=1, first=(t:1, i:9), STATEMACHINELOGENTRY, client-FBF7F1E1319D, cid=57
2019-09-17 09:49:36,085 [java.util.concurrent.ThreadPoolExecutor$Worker@6c299a73[State = -1, empty queue]] WARN  server.GrpcLogAppender (GrpcLogAppender.java:timeoutAppendRequest(200)) - bdd5aae1-c180-43a6-a11a-58912a33bf0b@group-AADE5DCBB6F7->97184ed6-1d8a-4db2-a901-2f2d7f2102ca-GrpcLogAppender: appendEntries Timeout, request=bdd5aae1-c180-43a6-a11a-58912a33bf0b->97184ed6-1d8a-4db2-a901-2f2d7f2102ca#12-t1, previous=(t:1, i:9), leaderCommit=8, initializing? false, entries: size=1, first=(t:1, i:10), STATEMACHINELOGENTRY, client-FBF7F1E1319D, cid=58
2019-09-17 09:49:36,085 [java.util.concurrent.ThreadPoolExecutor$Worker@3c3e5e28[State = -1, empty queue]] WARN  server.GrpcLogAppender (GrpcLogAppender.java:timeoutAppendRequest(200)) - bdd5aae1-c180-43a6-a11a-58912a33bf0b@group-AADE5DCBB6F7->7550e15a-2ff9-4e5e-b05d-d9f072bd52cf-GrpcLogAppender: appendEntries Timeout, request=bdd5aae1-c180-43a6-a11a-58912a33bf0b->7550e15a-2ff9-4e5e-b05d-d9f072bd52cf#12-t1, previous=(t:1, i:9), leaderCommit=8, initializing? false, entries: size=1, first=(t:1, i:10), STATEMACHINELOGENTRY, client-FBF7F1E1319D, cid=58
2019-09-17 09:49:36,089 [java.util.concurrent.ThreadPoolExecutor$Worker@6c299a73[State = -1, empty queue]] WARN  server.GrpcLogAppender (GrpcLogAppender.java:timeoutAppendRequest(200)) - bdd5aae1-c180-43a6-a11a-58912a33bf0b@group-AADE5DCBB6F7->97184ed6-1d8a-4db2-a901-2f2d7f2102ca-GrpcLogAppender: appendEntries Timeout, request=bdd5aae1-c180-43a6-a11a-58912a33bf0b->97184ed6-1d8a-4db2-a901-2f2d7f2102ca#13-t1, previous=(t:1, i:10), leaderCommit=8, initializing? false, entries: size=1, first=(t:1, i:11), STATEMACHINELOGENTRY, client-FBF7F1E1319D, cid=59
2019-09-17 09:49:36,089 [java.util.concurrent.ThreadPoolExecutor$Worker@6c299a73[State = -1, empty queue]] WARN  server.GrpcLogAppender (GrpcLogAppender.java:timeoutAppendRequest(200)) - bdd5aae1-c180-43a6-a11a-58912a33bf0b@group-AADE5DCBB6F7->97184ed6-1d8a-4db2-a901-2f2d7f2102ca-GrpcLogAppender: appendEntries Timeout, request=bdd5aae1-c180-43a6-a11a-58912a33bf0b->97184ed6-1d8a-4db2-a901-2f2d7f2102ca#14-t1, previous=(t:1, i:11), leaderCommit=8, initializing? false, entries: size=1, first=(t:1, i:12), STATEMACHINELOGENTRY, client-FBF7F1E1319D, cid=60
2019-09-17 09:49:36,089 [java.util.concurrent.ThreadPoolExecutor$Worker@3c3e5e28[State = -1, empty queue]] WARN  server.GrpcLogAppender (GrpcLogAppender.java:timeoutAppendRequest(200)) - bdd5aae1-c180-43a6-a11a-58912a33bf0b@group-AADE5DCBB6F7->7550e15a-2ff9-4e5e-b05d-d9f072bd52cf-GrpcLogAppender: appendEntries Timeout, request=bdd5aae1-c180-43a6-a11a-58912a33bf0b->7550e15a-2ff9-4e5e-b05d-d9f072bd52cf#13-t1, previous=(t:1, i:10), leaderCommit=8, initializing? false, entries: size=1, first=(t:1, i:11), STATEMACHINELOGENTRY, client-FBF7F1E1319D, cid=59
2019-09-17 09:49:36,089 [java.util.concurrent.ThreadPoolExecutor$Worker@3c3e5e28[State = -1, empty queue]] WARN  server.GrpcLogAppender (GrpcLogAppender.java:timeoutAppendRequest(200)) - bdd5aae1-c180-43a6-a11a-58912a33bf0b@group-AADE5DCBB6F7->7550e15a-2ff9-4e5e-b05d-d9f072bd52cf-GrpcLogAppender: appendEntries Timeout, request=bdd5aae1-c180-43a6-a11a-58912a33bf0b->7550e15a-2ff9-4e5e-b05d-d9f072bd52cf#14-t1, previous=(t:1, i:11), leaderCommit=8, initializing? false, entries: size=1, first=(t:1, i:12), STATEMACHINELOGENTRY, client-FBF7F1E1319D, cid=60
2019-09-17 09:49:37,747 [grpc-default-executor-3] INFO  impl.RaftServerProxy (RaftServerProxy.java:remove(95)) - bdd5aae1-c180-43a6-a11a-58912a33bf0b: remove group-59D05A2C74C8:null
2019-09-17 09:49:37,755 [RatisPipelineUtilsThread] WARN  pipeline.RatisPipelineUtils (RatisPipelineUtils.java:destroyPipeline(66)) - Pipeline destroy failed for pipeline=PipelineID=f7f2f784-1b0d-4fb4-bbde-59d05a2c74c8 dn=bdd5aae1-c180-43a6-a11a-58912a33bf0b{ip: 192.168.34.37, host: pr-hdds-2110-rdjw6-11158954, networkLocation: /default-rack, certSerialId: null}
2019-09-17 09:49:37,759 [grpc-default-executor-3] INFO  impl.RaftServerProxy (RaftServerProxy.java:remove(95)) - 97184ed6-1d8a-4db2-a901-2f2d7f2102ca: remove group-59D05A2C74C8:null
2019-09-17 09:49:37,765 [RatisPipelineUtilsThread] WARN  pipeline.RatisPipelineUtils (RatisPipelineUtils.java:destroyPipeline(66)) - Pipeline destroy failed for pipeline=PipelineID=f7f2f784-1b0d-4fb4-bbde-59d05a2c74c8 dn=97184ed6-1d8a-4db2-a901-2f2d7f2102ca{ip: 192.168.34.37, host: pr-hdds-2110-rdjw6-11158954, networkLocation: /default-rack, certSerialId: null}
2019-09-17 09:49:37,769 [grpc-default-executor-3] INFO  impl.RaftServerProxy (RaftServerProxy.java:remove(95)) - 7550e15a-2ff9-4e5e-b05d-d9f072bd52cf: remove group-59D05A2C74C8:null
2019-09-17 09:49:37,775 [RatisPipelineUtilsThread] WARN  pipeline.RatisPipelineUtils (RatisPipelineUtils.java:destroyPipeline(66)) - Pipeline destroy failed for pipeline=PipelineID=f7f2f784-1b0d-4fb4-bbde-59d05a2c74c8 dn=7550e15a-2ff9-4e5e-b05d-d9f072bd52cf{ip: 192.168.34.37, host: pr-hdds-2110-rdjw6-11158954, networkLocation: /default-rack, certSerialId: null}
2019-09-17 09:49:37,775 [RatisPipelineUtilsThread] ERROR pipeline.SCMPipelineManager (Scheduler.java:lambda$schedule$1(70)) - Destroy pipeline failed for pipeline:Pipeline[ Id: f7f2f784-1b0d-4fb4-bbde-59d05a2c74c8, Nodes: bdd5aae1-c180-43a6-a11a-58912a33bf0b{ip: 192.168.34.37, host: pr-hdds-2110-rdjw6-11158954, networkLocation: /default-rack, certSerialId: null}97184ed6-1d8a-4db2-a901-2f2d7f2102ca{ip: 192.168.34.37, host: pr-hdds-2110-rdjw6-11158954, networkLocation: /default-rack, certSerialId: null}7550e15a-2ff9-4e5e-b05d-d9f072bd52cf{ip: 192.168.34.37, host: pr-hdds-2110-rdjw6-11158954, networkLocation: /default-rack, certSerialId: null}, Type:RATIS, Factor:THREE, State:CLOSED]
org.apache.hadoop.hdds.scm.pipeline.PipelineNotFoundException: PipelineID=f7f2f784-1b0d-4fb4-bbde-59d05a2c74c8 not found
	at org.apache.hadoop.hdds.scm.pipeline.PipelineStateMap.getPipeline(PipelineStateMap.java:132)
	at org.apache.hadoop.hdds.scm.pipeline.PipelineStateMap.removePipeline(PipelineStateMap.java:322)
	at org.apache.hadoop.hdds.scm.pipeline.PipelineStateManager.removePipeline(PipelineStateManager.java:107)
	at org.apache.hadoop.hdds.scm.pipeline.SCMPipelineManager.removePipeline(SCMPipelineManager.java:423)
	at org.apache.hadoop.hdds.scm.pipeline.SCMPipelineManager.destroyPipeline(SCMPipelineManager.java:409)
	at org.apache.hadoop.hdds.scm.pipeline.SCMPipelineManager.lambda$finalizeAndDestroyPipeline$0(SCMPipelineManager.java:318)
	at org.apache.hadoop.utils.Scheduler.lambda$schedule$1(Scheduler.java:68)
	at java.util.concurrent.Executors$RunnableAdapter.call(Executors.java:511)
	at java.util.concurrent.FutureTask.run(FutureTask.java:266)
	at java.util.concurrent.ScheduledThreadPoolExecutor$ScheduledFutureTask.access$201(ScheduledThreadPoolExecutor.java:180)
	at java.util.concurrent.ScheduledThreadPoolExecutor$ScheduledFutureTask.run(ScheduledThreadPoolExecutor.java:293)
	at java.util.concurrent.ThreadPoolExecutor.runWorker(ThreadPoolExecutor.java:1149)
	at java.util.concurrent.ThreadPoolExecutor$Worker.run(ThreadPoolExecutor.java:624)
	at java.lang.Thread.run(Thread.java:748)
2019-09-17 09:49:38,107 [grpc-default-executor-2] INFO  client.GrpcClientProtocolClient (GrpcClientProtocolClient.java:onNext(264)) - client-FBF7F1E1319D->97184ed6-1d8a-4db2-a901-2f2d7f2102ca: receive RaftClientReply:client-FBF7F1E1319D->97184ed6-1d8a-4db2-a901-2f2d7f2102ca@group-AADE5DCBB6F7, cid=57, FAILED org.apache.ratis.protocol.NotLeaderException: Server 97184ed6-1d8a-4db2-a901-2f2d7f2102ca@group-AADE5DCBB6F7 is not the leader bdd5aae1-c180-43a6-a11a-58912a33bf0b:192.168.34.37:44158, logIndex=0, commits[97184ed6-1d8a-4db2-a901-2f2d7f2102ca:c8, bdd5aae1-c180-43a6-a11a-58912a33bf0b:c8, 7550e15a-2ff9-4e5e-b05d-d9f072bd52cf:c8]
2019-09-17 09:49:38,589 [java.util.concurrent.ThreadPoolExecutor$Worker@6c299a73[State = -1, empty queue]] WARN  server.GrpcLogAppender (GrpcLogAppender.java:timeoutAppendRequest(200)) - bdd5aae1-c180-43a6-a11a-58912a33bf0b@group-AADE5DCBB6F7->97184ed6-1d8a-4db2-a901-2f2d7f2102ca-GrpcLogAppender: appendEntries Timeout, request=bdd5aae1-c180-43a6-a11a-58912a33bf0b->97184ed6-1d8a-4db2-a901-2f2d7f2102ca#15-t1, previous=(t:1, i:12), leaderCommit=8, initializing? false, entries: <empty>
2019-09-17 09:49:38,590 [java.util.concurrent.ThreadPoolExecutor$Worker@3c3e5e28[State = -1, empty queue]] WARN  server.GrpcLogAppender (GrpcLogAppender.java:timeoutAppendRequest(200)) - bdd5aae1-c180-43a6-a11a-58912a33bf0b@group-AADE5DCBB6F7->7550e15a-2ff9-4e5e-b05d-d9f072bd52cf-GrpcLogAppender: appendEntries Timeout, request=bdd5aae1-c180-43a6-a11a-58912a33bf0b->7550e15a-2ff9-4e5e-b05d-d9f072bd52cf#15-t1, previous=(t:1, i:12), leaderCommit=8, initializing? false, entries: <empty>
2019-09-17 09:49:40,745 [grpc-default-executor-3] INFO  impl.RaftServerProxy (RaftServerProxy.java:remove(95)) - bdd5aae1-c180-43a6-a11a-58912a33bf0b: remove group-59D05A2C74C8:null
2019-09-17 09:49:40,764 [RatisPipelineUtilsThread] WARN  pipeline.RatisPipelineUtils (RatisPipelineUtils.java:destroyPipeline(66)) - Pipeline destroy failed for pipeline=PipelineID=f7f2f784-1b0d-4fb4-bbde-59d05a2c74c8 dn=bdd5aae1-c180-43a6-a11a-58912a33bf0b{ip: 192.168.34.37, host: pr-hdds-2110-rdjw6-11158954, networkLocation: /default-rack, certSerialId: null}
2019-09-17 09:49:40,768 [grpc-default-executor-3] INFO  impl.RaftServerProxy (RaftServerProxy.java:remove(95)) - 97184ed6-1d8a-4db2-a901-2f2d7f2102ca: remove group-59D05A2C74C8:null
2019-09-17 09:49:40,774 [RatisPipelineUtilsThread] WARN  pipeline.RatisPipelineUtils (RatisPipelineUtils.java:destroyPipeline(66)) - Pipeline destroy failed for pipeline=PipelineID=f7f2f784-1b0d-4fb4-bbde-59d05a2c74c8 dn=97184ed6-1d8a-4db2-a901-2f2d7f2102ca{ip: 192.168.34.37, host: pr-hdds-2110-rdjw6-11158954, networkLocation: /default-rack, certSerialId: null}
2019-09-17 09:49:40,778 [grpc-default-executor-3] INFO  impl.RaftServerProxy (RaftServerProxy.java:remove(95)) - 7550e15a-2ff9-4e5e-b05d-d9f072bd52cf: remove group-59D05A2C74C8:null
2019-09-17 09:49:40,784 [RatisPipelineUtilsThread] WARN  pipeline.RatisPipelineUtils (RatisPipelineUtils.java:destroyPipeline(66)) - Pipeline destroy failed for pipeline=PipelineID=f7f2f784-1b0d-4fb4-bbde-59d05a2c74c8 dn=7550e15a-2ff9-4e5e-b05d-d9f072bd52cf{ip: 192.168.34.37, host: pr-hdds-2110-rdjw6-11158954, networkLocation: /default-rack, certSerialId: null}
2019-09-17 09:49:40,784 [RatisPipelineUtilsThread] ERROR pipeline.SCMPipelineManager (Scheduler.java:lambda$schedule$1(70)) - Destroy pipeline failed for pipeline:Pipeline[ Id: f7f2f784-1b0d-4fb4-bbde-59d05a2c74c8, Nodes: bdd5aae1-c180-43a6-a11a-58912a33bf0b{ip: 192.168.34.37, host: pr-hdds-2110-rdjw6-11158954, networkLocation: /default-rack, certSerialId: null}97184ed6-1d8a-4db2-a901-2f2d7f2102ca{ip: 192.168.34.37, host: pr-hdds-2110-rdjw6-11158954, networkLocation: /default-rack, certSerialId: null}7550e15a-2ff9-4e5e-b05d-d9f072bd52cf{ip: 192.168.34.37, host: pr-hdds-2110-rdjw6-11158954, networkLocation: /default-rack, certSerialId: null}, Type:RATIS, Factor:THREE, State:CLOSED]
org.apache.hadoop.hdds.scm.pipeline.PipelineNotFoundException: PipelineID=f7f2f784-1b0d-4fb4-bbde-59d05a2c74c8 not found
	at org.apache.hadoop.hdds.scm.pipeline.PipelineStateMap.getPipeline(PipelineStateMap.java:132)
	at org.apache.hadoop.hdds.scm.pipeline.PipelineStateMap.removePipeline(PipelineStateMap.java:322)
	at org.apache.hadoop.hdds.scm.pipeline.PipelineStateManager.removePipeline(PipelineStateManager.java:107)
	at org.apache.hadoop.hdds.scm.pipeline.SCMPipelineManager.removePipeline(SCMPipelineManager.java:423)
	at org.apache.hadoop.hdds.scm.pipeline.SCMPipelineManager.destroyPipeline(SCMPipelineManager.java:409)
	at org.apache.hadoop.hdds.scm.pipeline.SCMPipelineManager.lambda$finalizeAndDestroyPipeline$0(SCMPipelineManager.java:318)
	at org.apache.hadoop.utils.Scheduler.lambda$schedule$1(Scheduler.java:68)
	at java.util.concurrent.Executors$RunnableAdapter.call(Executors.java:511)
	at java.util.concurrent.FutureTask.run(FutureTask.java:266)
	at java.util.concurrent.ScheduledThreadPoolExecutor$ScheduledFutureTask.access$201(ScheduledThreadPoolExecutor.java:180)
	at java.util.concurrent.ScheduledThreadPoolExecutor$ScheduledFutureTask.run(ScheduledThreadPoolExecutor.java:293)
	at java.util.concurrent.ThreadPoolExecutor.runWorker(ThreadPoolExecutor.java:1149)
	at java.util.concurrent.ThreadPoolExecutor$Worker.run(ThreadPoolExecutor.java:624)
	at java.lang.Thread.run(Thread.java:748)
2019-09-17 09:49:41,090 [java.util.concurrent.ThreadPoolExecutor$Worker@6c299a73[State = -1, empty queue]] WARN  server.GrpcLogAppender (GrpcLogAppender.java:timeoutAppendRequest(200)) - bdd5aae1-c180-43a6-a11a-58912a33bf0b@group-AADE5DCBB6F7->97184ed6-1d8a-4db2-a901-2f2d7f2102ca-GrpcLogAppender: appendEntries Timeout, request=bdd5aae1-c180-43a6-a11a-58912a33bf0b->97184ed6-1d8a-4db2-a901-2f2d7f2102ca#16-t1, previous=(t:1, i:12), leaderCommit=8, initializing? false, entries: <empty>
2019-09-17 09:49:41,090 [java.util.concurrent.ThreadPoolExecutor$Worker@3c3e5e28[State = -1, empty queue]] WARN  server.GrpcLogAppender (GrpcLogAppender.java:timeoutAppendRequest(200)) - bdd5aae1-c180-43a6-a11a-58912a33bf0b@group-AADE5DCBB6F7->7550e15a-2ff9-4e5e-b05d-d9f072bd52cf-GrpcLogAppender: appendEntries Timeout, request=bdd5aae1-c180-43a6-a11a-58912a33bf0b->7550e15a-2ff9-4e5e-b05d-d9f072bd52cf#16-t1, previous=(t:1, i:12), leaderCommit=8, initializing? false, entries: <empty>
2019-09-17 09:49:42,742 [grpc-default-executor-2] INFO  impl.RaftServerProxy (RaftServerProxy.java:remove(95)) - bdd5aae1-c180-43a6-a11a-58912a33bf0b: remove group-59D05A2C74C8:null
2019-09-17 09:49:42,751 [RatisPipelineUtilsThread] WARN  pipeline.RatisPipelineUtils (RatisPipelineUtils.java:destroyPipeline(66)) - Pipeline destroy failed for pipeline=PipelineID=f7f2f784-1b0d-4fb4-bbde-59d05a2c74c8 dn=bdd5aae1-c180-43a6-a11a-58912a33bf0b{ip: 192.168.34.37, host: pr-hdds-2110-rdjw6-11158954, networkLocation: /default-rack, certSerialId: null}
2019-09-17 09:49:42,755 [grpc-default-executor-2] INFO  impl.RaftServerProxy (RaftServerProxy.java:remove(95)) - 97184ed6-1d8a-4db2-a901-2f2d7f2102ca: remove group-59D05A2C74C8:null
2019-09-17 09:49:42,761 [RatisPipelineUtilsThread] WARN  pipeline.RatisPipelineUtils (RatisPipelineUtils.java:destroyPipeline(66)) - Pipeline destroy failed for pipeline=PipelineID=f7f2f784-1b0d-4fb4-bbde-59d05a2c74c8 dn=97184ed6-1d8a-4db2-a901-2f2d7f2102ca{ip: 192.168.34.37, host: pr-hdds-2110-rdjw6-11158954, networkLocation: /default-rack, certSerialId: null}
2019-09-17 09:49:42,764 [grpc-default-executor-2] INFO  impl.RaftServerProxy (RaftServerProxy.java:remove(95)) - 7550e15a-2ff9-4e5e-b05d-d9f072bd52cf: remove group-59D05A2C74C8:null
2019-09-17 09:49:42,770 [RatisPipelineUtilsThread] WARN  pipeline.RatisPipelineUtils (RatisPipelineUtils.java:destroyPipeline(66)) - Pipeline destroy failed for pipeline=PipelineID=f7f2f784-1b0d-4fb4-bbde-59d05a2c74c8 dn=7550e15a-2ff9-4e5e-b05d-d9f072bd52cf{ip: 192.168.34.37, host: pr-hdds-2110-rdjw6-11158954, networkLocation: /default-rack, certSerialId: null}
2019-09-17 09:49:42,770 [RatisPipelineUtilsThread] ERROR pipeline.SCMPipelineManager (Scheduler.java:lambda$schedule$1(70)) - Destroy pipeline failed for pipeline:Pipeline[ Id: f7f2f784-1b0d-4fb4-bbde-59d05a2c74c8, Nodes: bdd5aae1-c180-43a6-a11a-58912a33bf0b{ip: 192.168.34.37, host: pr-hdds-2110-rdjw6-11158954, networkLocation: /default-rack, certSerialId: null}97184ed6-1d8a-4db2-a901-2f2d7f2102ca{ip: 192.168.34.37, host: pr-hdds-2110-rdjw6-11158954, networkLocation: /default-rack, certSerialId: null}7550e15a-2ff9-4e5e-b05d-d9f072bd52cf{ip: 192.168.34.37, host: pr-hdds-2110-rdjw6-11158954, networkLocation: /default-rack, certSerialId: null}, Type:RATIS, Factor:THREE, State:CLOSED]
org.apache.hadoop.hdds.scm.pipeline.PipelineNotFoundException: PipelineID=f7f2f784-1b0d-4fb4-bbde-59d05a2c74c8 not found
	at org.apache.hadoop.hdds.scm.pipeline.PipelineStateMap.getPipeline(PipelineStateMap.java:132)
	at org.apache.hadoop.hdds.scm.pipeline.PipelineStateMap.removePipeline(PipelineStateMap.java:322)
	at org.apache.hadoop.hdds.scm.pipeline.PipelineStateManager.removePipeline(PipelineStateManager.java:107)
	at org.apache.hadoop.hdds.scm.pipeline.SCMPipelineManager.removePipeline(SCMPipelineManager.java:423)
	at org.apache.hadoop.hdds.scm.pipeline.SCMPipelineManager.destroyPipeline(SCMPipelineManager.java:409)
	at org.apache.hadoop.hdds.scm.pipeline.SCMPipelineManager.lambda$finalizeAndDestroyPipeline$0(SCMPipelineManager.java:318)
	at org.apache.hadoop.utils.Scheduler.lambda$schedule$1(Scheduler.java:68)
	at java.util.concurrent.Executors$RunnableAdapter.call(Executors.java:511)
	at java.util.concurrent.FutureTask.run(FutureTask.java:266)
	at java.util.concurrent.ScheduledThreadPoolExecutor$ScheduledFutureTask.access$201(ScheduledThreadPoolExecutor.java:180)
	at java.util.concurrent.ScheduledThreadPoolExecutor$ScheduledFutureTask.run(ScheduledThreadPoolExecutor.java:293)
	at java.util.concurrent.ThreadPoolExecutor.runWorker(ThreadPoolExecutor.java:1149)
	at java.util.concurrent.ThreadPoolExecutor$Worker.run(ThreadPoolExecutor.java:624)
	at java.lang.Thread.run(Thread.java:748)
2019-09-17 09:49:43,084 [bdd5aae1-c180-43a6-a11a-58912a33bf0b@group-AADE5DCBB6F7-SegmentedRaftLogWorker] WARN  segmented.SegmentedRaftLogWorker (SegmentedRaftLogWorker.java:getFromFuture(90)) - Timeout 0/~
org.apache.ratis.protocol.TimeoutIOException: Timeout 10s: WriteLog:9: (t:1, i:9), STATEMACHINELOGENTRY, client-FBF7F1E1319D, cid=57-writeStateMachineData
	at org.apache.ratis.util.IOUtils.getFromFuture(IOUtils.java:87)
	at org.apache.ratis.server.raftlog.segmented.SegmentedRaftLogWorker$StateMachineDataPolicy.getFromFuture(SegmentedRaftLogWorker.java:87)
	at org.apache.ratis.server.raftlog.segmented.SegmentedRaftLogWorker$WriteLog.execute(SegmentedRaftLogWorker.java:477)
	at org.apache.ratis.server.raftlog.segmented.SegmentedRaftLogWorker.run(SegmentedRaftLogWorker.java:289)
	at java.lang.Thread.run(Thread.java:748)
Caused by: java.util.concurrent.TimeoutException
	at java.util.concurrent.CompletableFuture.timedGet(CompletableFuture.java:1771)
	at java.util.concurrent.CompletableFuture.get(CompletableFuture.java:1915)
	at org.apache.ratis.util.IOUtils.getFromFuture(IOUtils.java:79)
	... 4 more
2019-09-17 09:49:43,088 [7550e15a-2ff9-4e5e-b05d-d9f072bd52cf@group-AADE5DCBB6F7-SegmentedRaftLogWorker] WARN  segmented.SegmentedRaftLogWorker (SegmentedRaftLogWorker.java:getFromFuture(90)) - Timeout 0/~
org.apache.ratis.protocol.TimeoutIOException: Timeout 10s: WriteLog:9: (t:1, i:9), STATEMACHINELOGENTRY, client-FBF7F1E1319D, cid=57-writeStateMachineData
	at org.apache.ratis.util.IOUtils.getFromFuture(IOUtils.java:87)
	at org.apache.ratis.server.raftlog.segmented.SegmentedRaftLogWorker$StateMachineDataPolicy.getFromFuture(SegmentedRaftLogWorker.java:87)
	at org.apache.ratis.server.raftlog.segmented.SegmentedRaftLogWorker$WriteLog.execute(SegmentedRaftLogWorker.java:477)
	at org.apache.ratis.server.raftlog.segmented.SegmentedRaftLogWorker.run(SegmentedRaftLogWorker.java:289)
	at java.lang.Thread.run(Thread.java:748)
Caused by: java.util.concurrent.TimeoutException
	at java.util.concurrent.CompletableFuture.timedGet(CompletableFuture.java:1771)
	at java.util.concurrent.CompletableFuture.get(CompletableFuture.java:1915)
	at org.apache.ratis.util.IOUtils.getFromFuture(IOUtils.java:79)
	... 4 more
2019-09-17 09:49:43,090 [97184ed6-1d8a-4db2-a901-2f2d7f2102ca@group-AADE5DCBB6F7-SegmentedRaftLogWorker] WARN  segmented.SegmentedRaftLogWorker (SegmentedRaftLogWorker.java:getFromFuture(90)) - Timeout 0/~
org.apache.ratis.protocol.TimeoutIOException: Timeout 10s: WriteLog:9: (t:1, i:9), STATEMACHINELOGENTRY, client-FBF7F1E1319D, cid=57-writeStateMachineData
	at org.apache.ratis.util.IOUtils.getFromFuture(IOUtils.java:87)
	at org.apache.ratis.server.raftlog.segmented.SegmentedRaftLogWorker$StateMachineDataPolicy.getFromFuture(SegmentedRaftLogWorker.java:87)
	at org.apache.ratis.server.raftlog.segmented.SegmentedRaftLogWorker$WriteLog.execute(SegmentedRaftLogWorker.java:477)
	at org.apache.ratis.server.raftlog.segmented.SegmentedRaftLogWorker.run(SegmentedRaftLogWorker.java:289)
	at java.lang.Thread.run(Thread.java:748)
Caused by: java.util.concurrent.TimeoutException
	at java.util.concurrent.CompletableFuture.timedGet(CompletableFuture.java:1771)
	at java.util.concurrent.CompletableFuture.get(CompletableFuture.java:1915)
	at org.apache.ratis.util.IOUtils.getFromFuture(IOUtils.java:79)
	... 4 more
2019-09-17 09:49:43,166 [grpc-default-executor-2] INFO  client.GrpcClientProtocolClient (GrpcClientProtocolClient.java:onNext(264)) - client-FBF7F1E1319D->7550e15a-2ff9-4e5e-b05d-d9f072bd52cf: receive RaftClientReply:client-FBF7F1E1319D->7550e15a-2ff9-4e5e-b05d-d9f072bd52cf@group-AADE5DCBB6F7, cid=57, FAILED org.apache.ratis.protocol.NotLeaderException: Server 7550e15a-2ff9-4e5e-b05d-d9f072bd52cf@group-AADE5DCBB6F7 is not the leader bdd5aae1-c180-43a6-a11a-58912a33bf0b:192.168.34.37:44158, logIndex=0, commits[7550e15a-2ff9-4e5e-b05d-d9f072bd52cf:c8, bdd5aae1-c180-43a6-a11a-58912a33bf0b:c8, 97184ed6-1d8a-4db2-a901-2f2d7f2102ca:c8]
2019-09-17 09:49:43,590 [java.util.concurrent.ThreadPoolExecutor$Worker@3c3e5e28[State = -1, empty queue]] WARN  server.GrpcLogAppender (GrpcLogAppender.java:timeoutAppendRequest(200)) - bdd5aae1-c180-43a6-a11a-58912a33bf0b@group-AADE5DCBB6F7->7550e15a-2ff9-4e5e-b05d-d9f072bd52cf-GrpcLogAppender: appendEntries Timeout, request=bdd5aae1-c180-43a6-a11a-58912a33bf0b->7550e15a-2ff9-4e5e-b05d-d9f072bd52cf#17-t1, previous=(t:1, i:12), leaderCommit=8, initializing? false, entries: <empty>
2019-09-17 09:49:43,590 [java.util.concurrent.ThreadPoolExecutor$Worker@6c299a73[State = -1, empty queue]] WARN  server.GrpcLogAppender (GrpcLogAppender.java:timeoutAppendRequest(200)) - bdd5aae1-c180-43a6-a11a-58912a33bf0b@group-AADE5DCBB6F7->97184ed6-1d8a-4db2-a901-2f2d7f2102ca-GrpcLogAppender: appendEntries Timeout, request=bdd5aae1-c180-43a6-a11a-58912a33bf0b->97184ed6-1d8a-4db2-a901-2f2d7f2102ca#17-t1, previous=(t:1, i:12), leaderCommit=8, initializing? false, entries: <empty>
2019-09-17 09:49:45,746 [grpc-default-executor-3] INFO  impl.RaftServerProxy (RaftServerProxy.java:remove(95)) - bdd5aae1-c180-43a6-a11a-58912a33bf0b: remove group-59D05A2C74C8:null
2019-09-17 09:49:45,756 [RatisPipelineUtilsThread] WARN  pipeline.RatisPipelineUtils (RatisPipelineUtils.java:destroyPipeline(66)) - Pipeline destroy failed for pipeline=PipelineID=f7f2f784-1b0d-4fb4-bbde-59d05a2c74c8 dn=bdd5aae1-c180-43a6-a11a-58912a33bf0b{ip: 192.168.34.37, host: pr-hdds-2110-rdjw6-11158954, networkLocation: /default-rack, certSerialId: null}
2019-09-17 09:49:45,759 [grpc-default-executor-3] INFO  impl.RaftServerProxy (RaftServerProxy.java:remove(95)) - 97184ed6-1d8a-4db2-a901-2f2d7f2102ca: remove group-59D05A2C74C8:null
2019-09-17 09:49:45,765 [RatisPipelineUtilsThread] WARN  pipeline.RatisPipelineUtils (RatisPipelineUtils.java:destroyPipeline(66)) - Pipeline destroy failed for pipeline=PipelineID=f7f2f784-1b0d-4fb4-bbde-59d05a2c74c8 dn=97184ed6-1d8a-4db2-a901-2f2d7f2102ca{ip: 192.168.34.37, host: pr-hdds-2110-rdjw6-11158954, networkLocation: /default-rack, certSerialId: null}
2019-09-17 09:49:45,768 [grpc-default-executor-3] INFO  impl.RaftServerProxy (RaftServerProxy.java:remove(95)) - 7550e15a-2ff9-4e5e-b05d-d9f072bd52cf: remove group-59D05A2C74C8:null
2019-09-17 09:49:45,773 [RatisPipelineUtilsThread] WARN  pipeline.RatisPipelineUtils (RatisPipelineUtils.java:destroyPipeline(66)) - Pipeline destroy failed for pipeline=PipelineID=f7f2f784-1b0d-4fb4-bbde-59d05a2c74c8 dn=7550e15a-2ff9-4e5e-b05d-d9f072bd52cf{ip: 192.168.34.37, host: pr-hdds-2110-rdjw6-11158954, networkLocation: /default-rack, certSerialId: null}
2019-09-17 09:49:45,773 [RatisPipelineUtilsThread] ERROR pipeline.SCMPipelineManager (Scheduler.java:lambda$schedule$1(70)) - Destroy pipeline failed for pipeline:Pipeline[ Id: f7f2f784-1b0d-4fb4-bbde-59d05a2c74c8, Nodes: bdd5aae1-c180-43a6-a11a-58912a33bf0b{ip: 192.168.34.37, host: pr-hdds-2110-rdjw6-11158954, networkLocation: /default-rack, certSerialId: null}97184ed6-1d8a-4db2-a901-2f2d7f2102ca{ip: 192.168.34.37, host: pr-hdds-2110-rdjw6-11158954, networkLocation: /default-rack, certSerialId: null}7550e15a-2ff9-4e5e-b05d-d9f072bd52cf{ip: 192.168.34.37, host: pr-hdds-2110-rdjw6-11158954, networkLocation: /default-rack, certSerialId: null}, Type:RATIS, Factor:THREE, State:CLOSED]
org.apache.hadoop.hdds.scm.pipeline.PipelineNotFoundException: PipelineID=f7f2f784-1b0d-4fb4-bbde-59d05a2c74c8 not found
	at org.apache.hadoop.hdds.scm.pipeline.PipelineStateMap.getPipeline(PipelineStateMap.java:132)
	at org.apache.hadoop.hdds.scm.pipeline.PipelineStateMap.removePipeline(PipelineStateMap.java:322)
	at org.apache.hadoop.hdds.scm.pipeline.PipelineStateManager.removePipeline(PipelineStateManager.java:107)
	at org.apache.hadoop.hdds.scm.pipeline.SCMPipelineManager.removePipeline(SCMPipelineManager.java:423)
	at org.apache.hadoop.hdds.scm.pipeline.SCMPipelineManager.destroyPipeline(SCMPipelineManager.java:409)
	at org.apache.hadoop.hdds.scm.pipeline.SCMPipelineManager.lambda$finalizeAndDestroyPipeline$0(SCMPipelineManager.java:318)
	at org.apache.hadoop.utils.Scheduler.lambda$schedule$1(Scheduler.java:68)
	at java.util.concurrent.Executors$RunnableAdapter.call(Executors.java:511)
	at java.util.concurrent.FutureTask.run(FutureTask.java:266)
	at java.util.concurrent.ScheduledThreadPoolExecutor$ScheduledFutureTask.access$201(ScheduledThreadPoolExecutor.java:180)
	at java.util.concurrent.ScheduledThreadPoolExecutor$ScheduledFutureTask.run(ScheduledThreadPoolExecutor.java:293)
	at java.util.concurrent.ThreadPoolExecutor.runWorker(ThreadPoolExecutor.java:1149)
	at java.util.concurrent.ThreadPoolExecutor$Worker.run(ThreadPoolExecutor.java:624)
	at java.lang.Thread.run(Thread.java:748)
2019-09-17 09:49:46,092 [java.util.concurrent.ThreadPoolExecutor$Worker@3c3e5e28[State = -1, empty queue]] WARN  server.GrpcLogAppender (GrpcLogAppender.java:timeoutAppendRequest(200)) - bdd5aae1-c180-43a6-a11a-58912a33bf0b@group-AADE5DCBB6F7->7550e15a-2ff9-4e5e-b05d-d9f072bd52cf-GrpcLogAppender: appendEntries Timeout, request=bdd5aae1-c180-43a6-a11a-58912a33bf0b->7550e15a-2ff9-4e5e-b05d-d9f072bd52cf#18-t1, previous=(t:1, i:12), leaderCommit=8, initializing? false, entries: <empty>
2019-09-17 09:49:46,092 [java.util.concurrent.ThreadPoolExecutor$Worker@6c299a73[State = -1, empty queue]] WARN  server.GrpcLogAppender (GrpcLogAppender.java:timeoutAppendRequest(200)) - bdd5aae1-c180-43a6-a11a-58912a33bf0b@group-AADE5DCBB6F7->97184ed6-1d8a-4db2-a901-2f2d7f2102ca-GrpcLogAppender: appendEntries Timeout, request=bdd5aae1-c180-43a6-a11a-58912a33bf0b->97184ed6-1d8a-4db2-a901-2f2d7f2102ca#18-t1, previous=(t:1, i:12), leaderCommit=8, initializing? false, entries: <empty>
2019-09-17 09:49:47,746 [grpc-default-executor-3] INFO  impl.RaftServerProxy (RaftServerProxy.java:remove(95)) - bdd5aae1-c180-43a6-a11a-58912a33bf0b: remove group-59D05A2C74C8:null
2019-09-17 09:49:47,754 [RatisPipelineUtilsThread] WARN  pipeline.RatisPipelineUtils (RatisPipelineUtils.java:destroyPipeline(66)) - Pipeline destroy failed for pipeline=PipelineID=f7f2f784-1b0d-4fb4-bbde-59d05a2c74c8 dn=bdd5aae1-c180-43a6-a11a-58912a33bf0b{ip: 192.168.34.37, host: pr-hdds-2110-rdjw6-11158954, networkLocation: /default-rack, certSerialId: null}
2019-09-17 09:49:47,758 [grpc-default-executor-3] INFO  impl.RaftServerProxy (RaftServerProxy.java:remove(95)) - 97184ed6-1d8a-4db2-a901-2f2d7f2102ca: remove group-59D05A2C74C8:null
2019-09-17 09:49:47,763 [RatisPipelineUtilsThread] WARN  pipeline.RatisPipelineUtils (RatisPipelineUtils.java:destroyPipeline(66)) - Pipeline destroy failed for pipeline=PipelineID=f7f2f784-1b0d-4fb4-bbde-59d05a2c74c8 dn=97184ed6-1d8a-4db2-a901-2f2d7f2102ca{ip: 192.168.34.37, host: pr-hdds-2110-rdjw6-11158954, networkLocation: /default-rack, certSerialId: null}
2019-09-17 09:49:47,766 [grpc-default-executor-3] INFO  impl.RaftServerProxy (RaftServerProxy.java:remove(95)) - 7550e15a-2ff9-4e5e-b05d-d9f072bd52cf: remove group-59D05A2C74C8:null
2019-09-17 09:49:47,772 [RatisPipelineUtilsThread] WARN  pipeline.RatisPipelineUtils (RatisPipelineUtils.java:destroyPipeline(66)) - Pipeline destroy failed for pipeline=PipelineID=f7f2f784-1b0d-4fb4-bbde-59d05a2c74c8 dn=7550e15a-2ff9-4e5e-b05d-d9f072bd52cf{ip: 192.168.34.37, host: pr-hdds-2110-rdjw6-11158954, networkLocation: /default-rack, certSerialId: null}
2019-09-17 09:49:47,772 [RatisPipelineUtilsThread] ERROR pipeline.SCMPipelineManager (Scheduler.java:lambda$schedule$1(70)) - Destroy pipeline failed for pipeline:Pipeline[ Id: f7f2f784-1b0d-4fb4-bbde-59d05a2c74c8, Nodes: bdd5aae1-c180-43a6-a11a-58912a33bf0b{ip: 192.168.34.37, host: pr-hdds-2110-rdjw6-11158954, networkLocation: /default-rack, certSerialId: null}97184ed6-1d8a-4db2-a901-2f2d7f2102ca{ip: 192.168.34.37, host: pr-hdds-2110-rdjw6-11158954, networkLocation: /default-rack, certSerialId: null}7550e15a-2ff9-4e5e-b05d-d9f072bd52cf{ip: 192.168.34.37, host: pr-hdds-2110-rdjw6-11158954, networkLocation: /default-rack, certSerialId: null}, Type:RATIS, Factor:THREE, State:CLOSED]
org.apache.hadoop.hdds.scm.pipeline.PipelineNotFoundException: PipelineID=f7f2f784-1b0d-4fb4-bbde-59d05a2c74c8 not found
	at org.apache.hadoop.hdds.scm.pipeline.PipelineStateMap.getPipeline(PipelineStateMap.java:132)
	at org.apache.hadoop.hdds.scm.pipeline.PipelineStateMap.removePipeline(PipelineStateMap.java:322)
	at org.apache.hadoop.hdds.scm.pipeline.PipelineStateManager.removePipeline(PipelineStateManager.java:107)
	at org.apache.hadoop.hdds.scm.pipeline.SCMPipelineManager.removePipeline(SCMPipelineManager.java:423)
	at org.apache.hadoop.hdds.scm.pipeline.SCMPipelineManager.destroyPipeline(SCMPipelineManager.java:409)
	at org.apache.hadoop.hdds.scm.pipeline.SCMPipelineManager.lambda$finalizeAndDestroyPipeline$0(SCMPipelineManager.java:318)
	at org.apache.hadoop.utils.Scheduler.lambda$schedule$1(Scheduler.java:68)
	at java.util.concurrent.Executors$RunnableAdapter.call(Executors.java:511)
	at java.util.concurrent.FutureTask.run(FutureTask.java:266)
	at java.util.concurrent.ScheduledThreadPoolExecutor$ScheduledFutureTask.access$201(ScheduledThreadPoolExecutor.java:180)
	at java.util.concurrent.ScheduledThreadPoolExecutor$ScheduledFutureTask.run(ScheduledThreadPoolExecutor.java:293)
	at java.util.concurrent.ThreadPoolExecutor.runWorker(ThreadPoolExecutor.java:1149)
	at java.util.concurrent.ThreadPoolExecutor$Worker.run(ThreadPoolExecutor.java:624)
	at java.lang.Thread.run(Thread.java:748)
2019-09-17 09:49:48,222 [grpc-default-executor-3] INFO  client.GrpcClientProtocolClient (GrpcClientProtocolClient.java:onNext(264)) - client-FBF7F1E1319D->97184ed6-1d8a-4db2-a901-2f2d7f2102ca: receive RaftClientReply:client-FBF7F1E1319D->97184ed6-1d8a-4db2-a901-2f2d7f2102ca@group-AADE5DCBB6F7, cid=57, FAILED org.apache.ratis.protocol.NotLeaderException: Server 97184ed6-1d8a-4db2-a901-2f2d7f2102ca@group-AADE5DCBB6F7 is not the leader bdd5aae1-c180-43a6-a11a-58912a33bf0b:192.168.34.37:44158, logIndex=0, commits[97184ed6-1d8a-4db2-a901-2f2d7f2102ca:c8, bdd5aae1-c180-43a6-a11a-58912a33bf0b:c8, 7550e15a-2ff9-4e5e-b05d-d9f072bd52cf:c8]
2019-09-17 09:49:48,592 [java.util.concurrent.ThreadPoolExecutor$Worker@3c3e5e28[State = -1, empty queue]] WARN  server.GrpcLogAppender (GrpcLogAppender.java:timeoutAppendRequest(200)) - bdd5aae1-c180-43a6-a11a-58912a33bf0b@group-AADE5DCBB6F7->7550e15a-2ff9-4e5e-b05d-d9f072bd52cf-GrpcLogAppender: appendEntries Timeout, request=bdd5aae1-c180-43a6-a11a-58912a33bf0b->7550e15a-2ff9-4e5e-b05d-d9f072bd52cf#19-t1, previous=(t:1, i:12), leaderCommit=8, initializing? false, entries: <empty>
2019-09-17 09:49:48,592 [java.util.concurrent.ThreadPoolExecutor$Worker@6c299a73[State = -1, empty queue]] WARN  server.GrpcLogAppender (GrpcLogAppender.java:timeoutAppendRequest(200)) - bdd5aae1-c180-43a6-a11a-58912a33bf0b@group-AADE5DCBB6F7->97184ed6-1d8a-4db2-a901-2f2d7f2102ca-GrpcLogAppender: appendEntries Timeout, request=bdd5aae1-c180-43a6-a11a-58912a33bf0b->97184ed6-1d8a-4db2-a901-2f2d7f2102ca#19-t1, previous=(t:1, i:12), leaderCommit=8, initializing? false, entries: <empty>
2019-09-17 09:49:50,747 [grpc-default-executor-2] INFO  impl.RaftServerProxy (RaftServerProxy.java:remove(95)) - bdd5aae1-c180-43a6-a11a-58912a33bf0b: remove group-59D05A2C74C8:null
2019-09-17 09:49:50,755 [RatisPipelineUtilsThread] WARN  pipeline.RatisPipelineUtils (RatisPipelineUtils.java:destroyPipeline(66)) - Pipeline destroy failed for pipeline=PipelineID=f7f2f784-1b0d-4fb4-bbde-59d05a2c74c8 dn=bdd5aae1-c180-43a6-a11a-58912a33bf0b{ip: 192.168.34.37, host: pr-hdds-2110-rdjw6-11158954, networkLocation: /default-rack, certSerialId: null}
2019-09-17 09:49:50,758 [grpc-default-executor-2] INFO  impl.RaftServerProxy (RaftServerProxy.java:remove(95)) - 97184ed6-1d8a-4db2-a901-2f2d7f2102ca: remove group-59D05A2C74C8:null
2019-09-17 09:49:50,764 [RatisPipelineUtilsThread] WARN  pipeline.RatisPipelineUtils (RatisPipelineUtils.java:destroyPipeline(66)) - Pipeline destroy failed for pipeline=PipelineID=f7f2f784-1b0d-4fb4-bbde-59d05a2c74c8 dn=97184ed6-1d8a-4db2-a901-2f2d7f2102ca{ip: 192.168.34.37, host: pr-hdds-2110-rdjw6-11158954, networkLocation: /default-rack, certSerialId: null}
2019-09-17 09:49:50,767 [grpc-default-executor-2] INFO  impl.RaftServerProxy (RaftServerProxy.java:remove(95)) - 7550e15a-2ff9-4e5e-b05d-d9f072bd52cf: remove group-59D05A2C74C8:null
2019-09-17 09:49:50,772 [RatisPipelineUtilsThread] WARN  pipeline.RatisPipelineUtils (RatisPipelineUtils.java:destroyPipeline(66)) - Pipeline destroy failed for pipeline=PipelineID=f7f2f784-1b0d-4fb4-bbde-59d05a2c74c8 dn=7550e15a-2ff9-4e5e-b05d-d9f072bd52cf{ip: 192.168.34.37, host: pr-hdds-2110-rdjw6-11158954, networkLocation: /default-rack, certSerialId: null}
2019-09-17 09:49:50,773 [RatisPipelineUtilsThread] ERROR pipeline.SCMPipelineManager (Scheduler.java:lambda$schedule$1(70)) - Destroy pipeline failed for pipeline:Pipeline[ Id: f7f2f784-1b0d-4fb4-bbde-59d05a2c74c8, Nodes: bdd5aae1-c180-43a6-a11a-58912a33bf0b{ip: 192.168.34.37, host: pr-hdds-2110-rdjw6-11158954, networkLocation: /default-rack, certSerialId: null}97184ed6-1d8a-4db2-a901-2f2d7f2102ca{ip: 192.168.34.37, host: pr-hdds-2110-rdjw6-11158954, networkLocation: /default-rack, certSerialId: null}7550e15a-2ff9-4e5e-b05d-d9f072bd52cf{ip: 192.168.34.37, host: pr-hdds-2110-rdjw6-11158954, networkLocation: /default-rack, certSerialId: null}, Type:RATIS, Factor:THREE, State:CLOSED]
org.apache.hadoop.hdds.scm.pipeline.PipelineNotFoundException: PipelineID=f7f2f784-1b0d-4fb4-bbde-59d05a2c74c8 not found
	at org.apache.hadoop.hdds.scm.pipeline.PipelineStateMap.getPipeline(PipelineStateMap.java:132)
	at org.apache.hadoop.hdds.scm.pipeline.PipelineStateMap.removePipeline(PipelineStateMap.java:322)
	at org.apache.hadoop.hdds.scm.pipeline.PipelineStateManager.removePipeline(PipelineStateManager.java:107)
	at org.apache.hadoop.hdds.scm.pipeline.SCMPipelineManager.removePipeline(SCMPipelineManager.java:423)
	at org.apache.hadoop.hdds.scm.pipeline.SCMPipelineManager.destroyPipeline(SCMPipelineManager.java:409)
	at org.apache.hadoop.hdds.scm.pipeline.SCMPipelineManager.lambda$finalizeAndDestroyPipeline$0(SCMPipelineManager.java:318)
	at org.apache.hadoop.utils.Scheduler.lambda$schedule$1(Scheduler.java:68)
	at java.util.concurrent.Executors$RunnableAdapter.call(Executors.java:511)
	at java.util.concurrent.FutureTask.run(FutureTask.java:266)
	at java.util.concurrent.ScheduledThreadPoolExecutor$ScheduledFutureTask.access$201(ScheduledThreadPoolExecutor.java:180)
	at java.util.concurrent.ScheduledThreadPoolExecutor$ScheduledFutureTask.run(ScheduledThreadPoolExecutor.java:293)
	at java.util.concurrent.ThreadPoolExecutor.runWorker(ThreadPoolExecutor.java:1149)
	at java.util.concurrent.ThreadPoolExecutor$Worker.run(ThreadPoolExecutor.java:624)
	at java.lang.Thread.run(Thread.java:748)
2019-09-17 09:49:51,092 [java.util.concurrent.ThreadPoolExecutor$Worker@3c3e5e28[State = -1, empty queue]] WARN  server.GrpcLogAppender (GrpcLogAppender.java:timeoutAppendRequest(200)) - bdd5aae1-c180-43a6-a11a-58912a33bf0b@group-AADE5DCBB6F7->7550e15a-2ff9-4e5e-b05d-d9f072bd52cf-GrpcLogAppender: appendEntries Timeout, request=bdd5aae1-c180-43a6-a11a-58912a33bf0b->7550e15a-2ff9-4e5e-b05d-d9f072bd52cf#20-t1, previous=(t:1, i:12), leaderCommit=8, initializing? false, entries: <empty>
2019-09-17 09:49:51,092 [java.util.concurrent.ThreadPoolExecutor$Worker@6c299a73[State = -1, empty queue]] WARN  server.GrpcLogAppender (GrpcLogAppender.java:timeoutAppendRequest(200)) - bdd5aae1-c180-43a6-a11a-58912a33bf0b@group-AADE5DCBB6F7->97184ed6-1d8a-4db2-a901-2f2d7f2102ca-GrpcLogAppender: appendEntries Timeout, request=bdd5aae1-c180-43a6-a11a-58912a33bf0b->97184ed6-1d8a-4db2-a901-2f2d7f2102ca#20-t1, previous=(t:1, i:12), leaderCommit=8, initializing? false, entries: <empty>
2019-09-17 09:49:52,746 [grpc-default-executor-2] INFO  impl.RaftServerProxy (RaftServerProxy.java:remove(95)) - bdd5aae1-c180-43a6-a11a-58912a33bf0b: remove group-59D05A2C74C8:null
2019-09-17 09:49:52,754 [RatisPipelineUtilsThread] WARN  pipeline.RatisPipelineUtils (RatisPipelineUtils.java:destroyPipeline(66)) - Pipeline destroy failed for pipeline=PipelineID=f7f2f784-1b0d-4fb4-bbde-59d05a2c74c8 dn=bdd5aae1-c180-43a6-a11a-58912a33bf0b{ip: 192.168.34.37, host: pr-hdds-2110-rdjw6-11158954, networkLocation: /default-rack, certSerialId: null}
2019-09-17 09:49:52,758 [grpc-default-executor-2] INFO  impl.RaftServerProxy (RaftServerProxy.java:remove(95)) - 97184ed6-1d8a-4db2-a901-2f2d7f2102ca: remove group-59D05A2C74C8:null
2019-09-17 09:49:52,763 [RatisPipelineUtilsThread] WARN  pipeline.RatisPipelineUtils (RatisPipelineUtils.java:destroyPipeline(66)) - Pipeline destroy failed for pipeline=PipelineID=f7f2f784-1b0d-4fb4-bbde-59d05a2c74c8 dn=97184ed6-1d8a-4db2-a901-2f2d7f2102ca{ip: 192.168.34.37, host: pr-hdds-2110-rdjw6-11158954, networkLocation: /default-rack, certSerialId: null}
2019-09-17 09:49:52,766 [grpc-default-executor-2] INFO  impl.RaftServerProxy (RaftServerProxy.java:remove(95)) - 7550e15a-2ff9-4e5e-b05d-d9f072bd52cf: remove group-59D05A2C74C8:null
2019-09-17 09:49:52,772 [RatisPipelineUtilsThread] WARN  pipeline.RatisPipelineUtils (RatisPipelineUtils.java:destroyPipeline(66)) - Pipeline destroy failed for pipeline=PipelineID=f7f2f784-1b0d-4fb4-bbde-59d05a2c74c8 dn=7550e15a-2ff9-4e5e-b05d-d9f072bd52cf{ip: 192.168.34.37, host: pr-hdds-2110-rdjw6-11158954, networkLocation: /default-rack, certSerialId: null}
2019-09-17 09:49:52,773 [RatisPipelineUtilsThread] ERROR pipeline.SCMPipelineManager (Scheduler.java:lambda$schedule$1(70)) - Destroy pipeline failed for pipeline:Pipeline[ Id: f7f2f784-1b0d-4fb4-bbde-59d05a2c74c8, Nodes: bdd5aae1-c180-43a6-a11a-58912a33bf0b{ip: 192.168.34.37, host: pr-hdds-2110-rdjw6-11158954, networkLocation: /default-rack, certSerialId: null}97184ed6-1d8a-4db2-a901-2f2d7f2102ca{ip: 192.168.34.37, host: pr-hdds-2110-rdjw6-11158954, networkLocation: /default-rack, certSerialId: null}7550e15a-2ff9-4e5e-b05d-d9f072bd52cf{ip: 192.168.34.37, host: pr-hdds-2110-rdjw6-11158954, networkLocation: /default-rack, certSerialId: null}, Type:RATIS, Factor:THREE, State:CLOSED]
org.apache.hadoop.hdds.scm.pipeline.PipelineNotFoundException: PipelineID=f7f2f784-1b0d-4fb4-bbde-59d05a2c74c8 not found
	at org.apache.hadoop.hdds.scm.pipeline.PipelineStateMap.getPipeline(PipelineStateMap.java:132)
	at org.apache.hadoop.hdds.scm.pipeline.PipelineStateMap.removePipeline(PipelineStateMap.java:322)
	at org.apache.hadoop.hdds.scm.pipeline.PipelineStateManager.removePipeline(PipelineStateManager.java:107)
	at org.apache.hadoop.hdds.scm.pipeline.SCMPipelineManager.removePipeline(SCMPipelineManager.java:423)
	at org.apache.hadoop.hdds.scm.pipeline.SCMPipelineManager.destroyPipeline(SCMPipelineManager.java:409)
	at org.apache.hadoop.hdds.scm.pipeline.SCMPipelineManager.lambda$finalizeAndDestroyPipeline$0(SCMPipelineManager.java:318)
	at org.apache.hadoop.utils.Scheduler.lambda$schedule$1(Scheduler.java:68)
	at java.util.concurrent.Executors$RunnableAdapter.call(Executors.java:511)
	at java.util.concurrent.FutureTask.run(FutureTask.java:266)
	at java.util.concurrent.ScheduledThreadPoolExecutor$ScheduledFutureTask.access$201(ScheduledThreadPoolExecutor.java:180)
	at java.util.concurrent.ScheduledThreadPoolExecutor$ScheduledFutureTask.run(ScheduledThreadPoolExecutor.java:293)
	at java.util.concurrent.ThreadPoolExecutor.runWorker(ThreadPoolExecutor.java:1149)
	at java.util.concurrent.ThreadPoolExecutor$Worker.run(ThreadPoolExecutor.java:624)
	at java.lang.Thread.run(Thread.java:748)
2019-09-17 09:49:53,086 [bdd5aae1-c180-43a6-a11a-58912a33bf0b@group-AADE5DCBB6F7-SegmentedRaftLogWorker] WARN  segmented.SegmentedRaftLogWorker (SegmentedRaftLogWorker.java:getFromFuture(90)) - Timeout 1/~
org.apache.ratis.protocol.TimeoutIOException: Timeout 10s: WriteLog:9: (t:1, i:9), STATEMACHINELOGENTRY, client-FBF7F1E1319D, cid=57-writeStateMachineData
	at org.apache.ratis.util.IOUtils.getFromFuture(IOUtils.java:87)
	at org.apache.ratis.server.raftlog.segmented.SegmentedRaftLogWorker$StateMachineDataPolicy.getFromFuture(SegmentedRaftLogWorker.java:87)
	at org.apache.ratis.server.raftlog.segmented.SegmentedRaftLogWorker$WriteLog.execute(SegmentedRaftLogWorker.java:477)
	at org.apache.ratis.server.raftlog.segmented.SegmentedRaftLogWorker.run(SegmentedRaftLogWorker.java:289)
	at java.lang.Thread.run(Thread.java:748)
Caused by: java.util.concurrent.TimeoutException
	at java.util.concurrent.CompletableFuture.timedGet(CompletableFuture.java:1771)
	at java.util.concurrent.CompletableFuture.get(CompletableFuture.java:1915)
	at org.apache.ratis.util.IOUtils.getFromFuture(IOUtils.java:79)
	... 4 more
2019-09-17 09:49:53,089 [7550e15a-2ff9-4e5e-b05d-d9f072bd52cf@group-AADE5DCBB6F7-SegmentedRaftLogWorker] WARN  segmented.SegmentedRaftLogWorker (SegmentedRaftLogWorker.java:getFromFuture(90)) - Timeout 1/~
org.apache.ratis.protocol.TimeoutIOException: Timeout 10s: WriteLog:9: (t:1, i:9), STATEMACHINELOGENTRY, client-FBF7F1E1319D, cid=57-writeStateMachineData
	at org.apache.ratis.util.IOUtils.getFromFuture(IOUtils.java:87)
	at org.apache.ratis.server.raftlog.segmented.SegmentedRaftLogWorker$StateMachineDataPolicy.getFromFuture(SegmentedRaftLogWorker.java:87)
	at org.apache.ratis.server.raftlog.segmented.SegmentedRaftLogWorker$WriteLog.execute(SegmentedRaftLogWorker.java:477)
	at org.apache.ratis.server.raftlog.segmented.SegmentedRaftLogWorker.run(SegmentedRaftLogWorker.java:289)
	at java.lang.Thread.run(Thread.java:748)
Caused by: java.util.concurrent.TimeoutException
	at java.util.concurrent.CompletableFuture.timedGet(CompletableFuture.java:1771)
	at java.util.concurrent.CompletableFuture.get(CompletableFuture.java:1915)
	at org.apache.ratis.util.IOUtils.getFromFuture(IOUtils.java:79)
	... 4 more
2019-09-17 09:49:53,091 [97184ed6-1d8a-4db2-a901-2f2d7f2102ca@group-AADE5DCBB6F7-SegmentedRaftLogWorker] WARN  segmented.SegmentedRaftLogWorker (SegmentedRaftLogWorker.java:getFromFuture(90)) - Timeout 1/~
org.apache.ratis.protocol.TimeoutIOException: Timeout 10s: WriteLog:9: (t:1, i:9), STATEMACHINELOGENTRY, client-FBF7F1E1319D, cid=57-writeStateMachineData
	at org.apache.ratis.util.IOUtils.getFromFuture(IOUtils.java:87)
	at org.apache.ratis.server.raftlog.segmented.SegmentedRaftLogWorker$StateMachineDataPolicy.getFromFuture(SegmentedRaftLogWorker.java:87)
	at org.apache.ratis.server.raftlog.segmented.SegmentedRaftLogWorker$WriteLog.execute(SegmentedRaftLogWorker.java:477)
	at org.apache.ratis.server.raftlog.segmented.SegmentedRaftLogWorker.run(SegmentedRaftLogWorker.java:289)
	at java.lang.Thread.run(Thread.java:748)
Caused by: java.util.concurrent.TimeoutException
	at java.util.concurrent.CompletableFuture.timedGet(CompletableFuture.java:1771)
	at java.util.concurrent.CompletableFuture.get(CompletableFuture.java:1915)
	at org.apache.ratis.util.IOUtils.getFromFuture(IOUtils.java:79)
	... 4 more
2019-09-17 09:49:53,273 [grpc-default-executor-2] INFO  client.GrpcClientProtocolClient (GrpcClientProtocolClient.java:onNext(264)) - client-FBF7F1E1319D->97184ed6-1d8a-4db2-a901-2f2d7f2102ca: receive RaftClientReply:client-FBF7F1E1319D->97184ed6-1d8a-4db2-a901-2f2d7f2102ca@group-AADE5DCBB6F7, cid=57, FAILED org.apache.ratis.protocol.NotLeaderException: Server 97184ed6-1d8a-4db2-a901-2f2d7f2102ca@group-AADE5DCBB6F7 is not the leader bdd5aae1-c180-43a6-a11a-58912a33bf0b:192.168.34.37:44158, logIndex=0, commits[97184ed6-1d8a-4db2-a901-2f2d7f2102ca:c8, bdd5aae1-c180-43a6-a11a-58912a33bf0b:c8, 7550e15a-2ff9-4e5e-b05d-d9f072bd52cf:c8]
2019-09-17 09:49:53,593 [java.util.concurrent.ThreadPoolExecutor$Worker@3c3e5e28[State = -1, empty queue]] WARN  server.GrpcLogAppender (GrpcLogAppender.java:timeoutAppendRequest(200)) - bdd5aae1-c180-43a6-a11a-58912a33bf0b@group-AADE5DCBB6F7->7550e15a-2ff9-4e5e-b05d-d9f072bd52cf-GrpcLogAppender: appendEntries Timeout, request=bdd5aae1-c180-43a6-a11a-58912a33bf0b->7550e15a-2ff9-4e5e-b05d-d9f072bd52cf#21-t1, previous=(t:1, i:12), leaderCommit=8, initializing? false, entries: <empty>
2019-09-17 09:49:53,593 [java.util.concurrent.ThreadPoolExecutor$Worker@6c299a73[State = -1, empty queue]] WARN  server.GrpcLogAppender (GrpcLogAppender.java:timeoutAppendRequest(200)) - bdd5aae1-c180-43a6-a11a-58912a33bf0b@group-AADE5DCBB6F7->97184ed6-1d8a-4db2-a901-2f2d7f2102ca-GrpcLogAppender: appendEntries Timeout, request=bdd5aae1-c180-43a6-a11a-58912a33bf0b->97184ed6-1d8a-4db2-a901-2f2d7f2102ca#21-t1, previous=(t:1, i:12), leaderCommit=8, initializing? false, entries: <empty>
2019-09-17 09:49:55,749 [grpc-default-executor-3] INFO  impl.RaftServerProxy (RaftServerProxy.java:remove(95)) - bdd5aae1-c180-43a6-a11a-58912a33bf0b: remove group-59D05A2C74C8:null
2019-09-17 09:49:55,759 [RatisPipelineUtilsThread] WARN  pipeline.RatisPipelineUtils (RatisPipelineUtils.java:destroyPipeline(66)) - Pipeline destroy failed for pipeline=PipelineID=f7f2f784-1b0d-4fb4-bbde-59d05a2c74c8 dn=bdd5aae1-c180-43a6-a11a-58912a33bf0b{ip: 192.168.34.37, host: pr-hdds-2110-rdjw6-11158954, networkLocation: /default-rack, certSerialId: null}
2019-09-17 09:49:55,762 [grpc-default-executor-3] INFO  impl.RaftServerProxy (RaftServerProxy.java:remove(95)) - 97184ed6-1d8a-4db2-a901-2f2d7f2102ca: remove group-59D05A2C74C8:null
2019-09-17 09:49:55,768 [RatisPipelineUtilsThread] WARN  pipeline.RatisPipelineUtils (RatisPipelineUtils.java:destroyPipeline(66)) - Pipeline destroy failed for pipeline=PipelineID=f7f2f784-1b0d-4fb4-bbde-59d05a2c74c8 dn=97184ed6-1d8a-4db2-a901-2f2d7f2102ca{ip: 192.168.34.37, host: pr-hdds-2110-rdjw6-11158954, networkLocation: /default-rack, certSerialId: null}
2019-09-17 09:49:55,771 [grpc-default-executor-3] INFO  impl.RaftServerProxy (RaftServerProxy.java:remove(95)) - 7550e15a-2ff9-4e5e-b05d-d9f072bd52cf: remove group-59D05A2C74C8:null
2019-09-17 09:49:55,786 [RatisPipelineUtilsThread] WARN  pipeline.RatisPipelineUtils (RatisPipelineUtils.java:destroyPipeline(66)) - Pipeline destroy failed for pipeline=PipelineID=f7f2f784-1b0d-4fb4-bbde-59d05a2c74c8 dn=7550e15a-2ff9-4e5e-b05d-d9f072bd52cf{ip: 192.168.34.37, host: pr-hdds-2110-rdjw6-11158954, networkLocation: /default-rack, certSerialId: null}
2019-09-17 09:49:55,787 [RatisPipelineUtilsThread] ERROR pipeline.SCMPipelineManager (Scheduler.java:lambda$schedule$1(70)) - Destroy pipeline failed for pipeline:Pipeline[ Id: f7f2f784-1b0d-4fb4-bbde-59d05a2c74c8, Nodes: bdd5aae1-c180-43a6-a11a-58912a33bf0b{ip: 192.168.34.37, host: pr-hdds-2110-rdjw6-11158954, networkLocation: /default-rack, certSerialId: null}97184ed6-1d8a-4db2-a901-2f2d7f2102ca{ip: 192.168.34.37, host: pr-hdds-2110-rdjw6-11158954, networkLocation: /default-rack, certSerialId: null}7550e15a-2ff9-4e5e-b05d-d9f072bd52cf{ip: 192.168.34.37, host: pr-hdds-2110-rdjw6-11158954, networkLocation: /default-rack, certSerialId: null}, Type:RATIS, Factor:THREE, State:CLOSED]
org.apache.hadoop.hdds.scm.pipeline.PipelineNotFoundException: PipelineID=f7f2f784-1b0d-4fb4-bbde-59d05a2c74c8 not found
	at org.apache.hadoop.hdds.scm.pipeline.PipelineStateMap.getPipeline(PipelineStateMap.java:132)
	at org.apache.hadoop.hdds.scm.pipeline.PipelineStateMap.removePipeline(PipelineStateMap.java:322)
	at org.apache.hadoop.hdds.scm.pipeline.PipelineStateManager.removePipeline(PipelineStateManager.java:107)
	at org.apache.hadoop.hdds.scm.pipeline.SCMPipelineManager.removePipeline(SCMPipelineManager.java:423)
	at org.apache.hadoop.hdds.scm.pipeline.SCMPipelineManager.destroyPipeline(SCMPipelineManager.java:409)
	at org.apache.hadoop.hdds.scm.pipeline.SCMPipelineManager.lambda$finalizeAndDestroyPipeline$0(SCMPipelineManager.java:318)
	at org.apache.hadoop.utils.Scheduler.lambda$schedule$1(Scheduler.java:68)
	at java.util.concurrent.Executors$RunnableAdapter.call(Executors.java:511)
	at java.util.concurrent.FutureTask.run(FutureTask.java:266)
	at java.util.concurrent.ScheduledThreadPoolExecutor$ScheduledFutureTask.access$201(ScheduledThreadPoolExecutor.java:180)
	at java.util.concurrent.ScheduledThreadPoolExecutor$ScheduledFutureTask.run(ScheduledThreadPoolExecutor.java:293)
	at java.util.concurrent.ThreadPoolExecutor.runWorker(ThreadPoolExecutor.java:1149)
	at java.util.concurrent.ThreadPoolExecutor$Worker.run(ThreadPoolExecutor.java:624)
	at java.lang.Thread.run(Thread.java:748)
2019-09-17 09:49:56,093 [java.util.concurrent.ThreadPoolExecutor$Worker@6c299a73[State = -1, empty queue]] WARN  server.GrpcLogAppender (GrpcLogAppender.java:timeoutAppendRequest(200)) - bdd5aae1-c180-43a6-a11a-58912a33bf0b@group-AADE5DCBB6F7->97184ed6-1d8a-4db2-a901-2f2d7f2102ca-GrpcLogAppender: appendEntries Timeout, request=bdd5aae1-c180-43a6-a11a-58912a33bf0b->97184ed6-1d8a-4db2-a901-2f2d7f2102ca#22-t1, previous=(t:1, i:12), leaderCommit=8, initializing? false, entries: <empty>
2019-09-17 09:49:56,093 [java.util.concurrent.ThreadPoolExecutor$Worker@3c3e5e28[State = -1, empty queue]] WARN  server.GrpcLogAppender (GrpcLogAppender.java:timeoutAppendRequest(200)) - bdd5aae1-c180-43a6-a11a-58912a33bf0b@group-AADE5DCBB6F7->7550e15a-2ff9-4e5e-b05d-d9f072bd52cf-GrpcLogAppender: appendEntries Timeout, request=bdd5aae1-c180-43a6-a11a-58912a33bf0b->7550e15a-2ff9-4e5e-b05d-d9f072bd52cf#22-t1, previous=(t:1, i:12), leaderCommit=8, initializing? false, entries: <empty>
2019-09-17 09:49:57,747 [grpc-default-executor-3] INFO  impl.RaftServerProxy (RaftServerProxy.java:remove(95)) - bdd5aae1-c180-43a6-a11a-58912a33bf0b: remove group-59D05A2C74C8:null
2019-09-17 09:49:57,751 [RatisPipelineUtilsThread] WARN  pipeline.RatisPipelineUtils (RatisPipelineUtils.java:destroyPipeline(66)) - Pipeline destroy failed for pipeline=PipelineID=f7f2f784-1b0d-4fb4-bbde-59d05a2c74c8 dn=bdd5aae1-c180-43a6-a11a-58912a33bf0b{ip: 192.168.34.37, host: pr-hdds-2110-rdjw6-11158954, networkLocation: /default-rack, certSerialId: null}
2019-09-17 09:49:57,754 [grpc-default-executor-3] INFO  impl.RaftServerProxy (RaftServerProxy.java:remove(95)) - 97184ed6-1d8a-4db2-a901-2f2d7f2102ca: remove group-59D05A2C74C8:null
2019-09-17 09:49:57,758 [RatisPipelineUtilsThread] WARN  pipeline.RatisPipelineUtils (RatisPipelineUtils.java:destroyPipeline(66)) - Pipeline destroy failed for pipeline=PipelineID=f7f2f784-1b0d-4fb4-bbde-59d05a2c74c8 dn=97184ed6-1d8a-4db2-a901-2f2d7f2102ca{ip: 192.168.34.37, host: pr-hdds-2110-rdjw6-11158954, networkLocation: /default-rack, certSerialId: null}
2019-09-17 09:49:57,761 [grpc-default-executor-3] INFO  impl.RaftServerProxy (RaftServerProxy.java:remove(95)) - 7550e15a-2ff9-4e5e-b05d-d9f072bd52cf: remove group-59D05A2C74C8:null
2019-09-17 09:49:57,764 [RatisPipelineUtilsThread] WARN  pipeline.RatisPipelineUtils (RatisPipelineUtils.java:destroyPipeline(66)) - Pipeline destroy failed for pipeline=PipelineID=f7f2f784-1b0d-4fb4-bbde-59d05a2c74c8 dn=7550e15a-2ff9-4e5e-b05d-d9f072bd52cf{ip: 192.168.34.37, host: pr-hdds-2110-rdjw6-11158954, networkLocation: /default-rack, certSerialId: null}
2019-09-17 09:49:57,764 [RatisPipelineUtilsThread] ERROR pipeline.SCMPipelineManager (Scheduler.java:lambda$schedule$1(70)) - Destroy pipeline failed for pipeline:Pipeline[ Id: f7f2f784-1b0d-4fb4-bbde-59d05a2c74c8, Nodes: bdd5aae1-c180-43a6-a11a-58912a33bf0b{ip: 192.168.34.37, host: pr-hdds-2110-rdjw6-11158954, networkLocation: /default-rack, certSerialId: null}97184ed6-1d8a-4db2-a901-2f2d7f2102ca{ip: 192.168.34.37, host: pr-hdds-2110-rdjw6-11158954, networkLocation: /default-rack, certSerialId: null}7550e15a-2ff9-4e5e-b05d-d9f072bd52cf{ip: 192.168.34.37, host: pr-hdds-2110-rdjw6-11158954, networkLocation: /default-rack, certSerialId: null}, Type:RATIS, Factor:THREE, State:CLOSED]
org.apache.hadoop.hdds.scm.pipeline.PipelineNotFoundException: PipelineID=f7f2f784-1b0d-4fb4-bbde-59d05a2c74c8 not found
	at org.apache.hadoop.hdds.scm.pipeline.PipelineStateMap.getPipeline(PipelineStateMap.java:132)
	at org.apache.hadoop.hdds.scm.pipeline.PipelineStateMap.removePipeline(PipelineStateMap.java:322)
	at org.apache.hadoop.hdds.scm.pipeline.PipelineStateManager.removePipeline(PipelineStateManager.java:107)
	at org.apache.hadoop.hdds.scm.pipeline.SCMPipelineManager.removePipeline(SCMPipelineManager.java:423)
	at org.apache.hadoop.hdds.scm.pipeline.SCMPipelineManager.destroyPipeline(SCMPipelineManager.java:409)
	at org.apache.hadoop.hdds.scm.pipeline.SCMPipelineManager.lambda$finalizeAndDestroyPipeline$0(SCMPipelineManager.java:318)
	at org.apache.hadoop.utils.Scheduler.lambda$schedule$1(Scheduler.java:68)
	at java.util.concurrent.Executors$RunnableAdapter.call(Executors.java:511)
	at java.util.concurrent.FutureTask.run(FutureTask.java:266)
	at java.util.concurrent.ScheduledThreadPoolExecutor$ScheduledFutureTask.access$201(ScheduledThreadPoolExecutor.java:180)
	at java.util.concurrent.ScheduledThreadPoolExecutor$ScheduledFutureTask.run(ScheduledThreadPoolExecutor.java:293)
	at java.util.concurrent.ThreadPoolExecutor.runWorker(ThreadPoolExecutor.java:1149)
	at java.util.concurrent.ThreadPoolExecutor$Worker.run(ThreadPoolExecutor.java:624)
	at java.lang.Thread.run(Thread.java:748)
2019-09-17 09:49:58,342 [grpc-default-executor-2] INFO  client.GrpcClientProtocolClient (GrpcClientProtocolClient.java:onNext(264)) - client-FBF7F1E1319D->97184ed6-1d8a-4db2-a901-2f2d7f2102ca: receive RaftClientReply:client-FBF7F1E1319D->97184ed6-1d8a-4db2-a901-2f2d7f2102ca@group-AADE5DCBB6F7, cid=57, FAILED org.apache.ratis.protocol.NotLeaderException: Server 97184ed6-1d8a-4db2-a901-2f2d7f2102ca@group-AADE5DCBB6F7 is not the leader bdd5aae1-c180-43a6-a11a-58912a33bf0b:192.168.34.37:44158, logIndex=0, commits[97184ed6-1d8a-4db2-a901-2f2d7f2102ca:c8, bdd5aae1-c180-43a6-a11a-58912a33bf0b:c8, 7550e15a-2ff9-4e5e-b05d-d9f072bd52cf:c8]
2019-09-17 09:49:58,594 [java.util.concurrent.ThreadPoolExecutor$Worker@3c3e5e28[State = -1, empty queue]] WARN  server.GrpcLogAppender (GrpcLogAppender.java:timeoutAppendRequest(200)) - bdd5aae1-c180-43a6-a11a-58912a33bf0b@group-AADE5DCBB6F7->7550e15a-2ff9-4e5e-b05d-d9f072bd52cf-GrpcLogAppender: appendEntries Timeout, request=bdd5aae1-c180-43a6-a11a-58912a33bf0b->7550e15a-2ff9-4e5e-b05d-d9f072bd52cf#23-t1, previous=(t:1, i:12), leaderCommit=8, initializing? false, entries: <empty>
2019-09-17 09:49:58,594 [java.util.concurrent.ThreadPoolExecutor$Worker@6c299a73[State = -1, empty queue]] WARN  server.GrpcLogAppender (GrpcLogAppender.java:timeoutAppendRequest(200)) - bdd5aae1-c180-43a6-a11a-58912a33bf0b@group-AADE5DCBB6F7->97184ed6-1d8a-4db2-a901-2f2d7f2102ca-GrpcLogAppender: appendEntries Timeout, request=bdd5aae1-c180-43a6-a11a-58912a33bf0b->97184ed6-1d8a-4db2-a901-2f2d7f2102ca#23-t1, previous=(t:1, i:12), leaderCommit=8, initializing? false, entries: <empty>
2019-09-17 09:50:00,751 [grpc-default-executor-2] INFO  impl.RaftServerProxy (RaftServerProxy.java:remove(95)) - bdd5aae1-c180-43a6-a11a-58912a33bf0b: remove group-59D05A2C74C8:null
2019-09-17 09:50:00,757 [RatisPipelineUtilsThread] WARN  pipeline.RatisPipelineUtils (RatisPipelineUtils.java:destroyPipeline(66)) - Pipeline destroy failed for pipeline=PipelineID=f7f2f784-1b0d-4fb4-bbde-59d05a2c74c8 dn=bdd5aae1-c180-43a6-a11a-58912a33bf0b{ip: 192.168.34.37, host: pr-hdds-2110-rdjw6-11158954, networkLocation: /default-rack, certSerialId: null}
2019-09-17 09:50:00,760 [grpc-default-executor-2] INFO  impl.RaftServerProxy (RaftServerProxy.java:remove(95)) - 97184ed6-1d8a-4db2-a901-2f2d7f2102ca: remove group-59D05A2C74C8:null
2019-09-17 09:50:00,764 [RatisPipelineUtilsThread] WARN  pipeline.RatisPipelineUtils (RatisPipelineUtils.java:destroyPipeline(66)) - Pipeline destroy failed for pipeline=PipelineID=f7f2f784-1b0d-4fb4-bbde-59d05a2c74c8 dn=97184ed6-1d8a-4db2-a901-2f2d7f2102ca{ip: 192.168.34.37, host: pr-hdds-2110-rdjw6-11158954, networkLocation: /default-rack, certSerialId: null}
2019-09-17 09:50:00,767 [grpc-default-executor-2] INFO  impl.RaftServerProxy (RaftServerProxy.java:remove(95)) - 7550e15a-2ff9-4e5e-b05d-d9f072bd52cf: remove group-59D05A2C74C8:null
2019-09-17 09:50:00,770 [RatisPipelineUtilsThread] WARN  pipeline.RatisPipelineUtils (RatisPipelineUtils.java:destroyPipeline(66)) - Pipeline destroy failed for pipeline=PipelineID=f7f2f784-1b0d-4fb4-bbde-59d05a2c74c8 dn=7550e15a-2ff9-4e5e-b05d-d9f072bd52cf{ip: 192.168.34.37, host: pr-hdds-2110-rdjw6-11158954, networkLocation: /default-rack, certSerialId: null}
2019-09-17 09:50:00,771 [RatisPipelineUtilsThread] ERROR pipeline.SCMPipelineManager (Scheduler.java:lambda$schedule$1(70)) - Destroy pipeline failed for pipeline:Pipeline[ Id: f7f2f784-1b0d-4fb4-bbde-59d05a2c74c8, Nodes: bdd5aae1-c180-43a6-a11a-58912a33bf0b{ip: 192.168.34.37, host: pr-hdds-2110-rdjw6-11158954, networkLocation: /default-rack, certSerialId: null}97184ed6-1d8a-4db2-a901-2f2d7f2102ca{ip: 192.168.34.37, host: pr-hdds-2110-rdjw6-11158954, networkLocation: /default-rack, certSerialId: null}7550e15a-2ff9-4e5e-b05d-d9f072bd52cf{ip: 192.168.34.37, host: pr-hdds-2110-rdjw6-11158954, networkLocation: /default-rack, certSerialId: null}, Type:RATIS, Factor:THREE, State:CLOSED]
org.apache.hadoop.hdds.scm.pipeline.PipelineNotFoundException: PipelineID=f7f2f784-1b0d-4fb4-bbde-59d05a2c74c8 not found
	at org.apache.hadoop.hdds.scm.pipeline.PipelineStateMap.getPipeline(PipelineStateMap.java:132)
	at org.apache.hadoop.hdds.scm.pipeline.PipelineStateMap.removePipeline(PipelineStateMap.java:322)
	at org.apache.hadoop.hdds.scm.pipeline.PipelineStateManager.removePipeline(PipelineStateManager.java:107)
	at org.apache.hadoop.hdds.scm.pipeline.SCMPipelineManager.removePipeline(SCMPipelineManager.java:423)
	at org.apache.hadoop.hdds.scm.pipeline.SCMPipelineManager.destroyPipeline(SCMPipelineManager.java:409)
	at org.apache.hadoop.hdds.scm.pipeline.SCMPipelineManager.lambda$finalizeAndDestroyPipeline$0(SCMPipelineManager.java:318)
	at org.apache.hadoop.utils.Scheduler.lambda$schedule$1(Scheduler.java:68)
	at java.util.concurrent.Executors$RunnableAdapter.call(Executors.java:511)
	at java.util.concurrent.FutureTask.run(FutureTask.java:266)
	at java.util.concurrent.ScheduledThreadPoolExecutor$ScheduledFutureTask.access$201(ScheduledThreadPoolExecutor.java:180)
	at java.util.concurrent.ScheduledThreadPoolExecutor$ScheduledFutureTask.run(ScheduledThreadPoolExecutor.java:293)
	at java.util.concurrent.ThreadPoolExecutor.runWorker(ThreadPoolExecutor.java:1149)
	at java.util.concurrent.ThreadPoolExecutor$Worker.run(ThreadPoolExecutor.java:624)
	at java.lang.Thread.run(Thread.java:748)
2019-09-17 09:50:01,095 [java.util.concurrent.ThreadPoolExecutor$Worker@3c3e5e28[State = -1, empty queue]] WARN  server.GrpcLogAppender (GrpcLogAppender.java:timeoutAppendRequest(200)) - bdd5aae1-c180-43a6-a11a-58912a33bf0b@group-AADE5DCBB6F7->7550e15a-2ff9-4e5e-b05d-d9f072bd52cf-GrpcLogAppender: appendEntries Timeout, request=bdd5aae1-c180-43a6-a11a-58912a33bf0b->7550e15a-2ff9-4e5e-b05d-d9f072bd52cf#24-t1, previous=(t:1, i:12), leaderCommit=8, initializing? false, entries: <empty>
2019-09-17 09:50:01,095 [java.util.concurrent.ThreadPoolExecutor$Worker@6c299a73[State = -1, empty queue]] WARN  server.GrpcLogAppender (GrpcLogAppender.java:timeoutAppendRequest(200)) - bdd5aae1-c180-43a6-a11a-58912a33bf0b@group-AADE5DCBB6F7->97184ed6-1d8a-4db2-a901-2f2d7f2102ca-GrpcLogAppender: appendEntries Timeout, request=bdd5aae1-c180-43a6-a11a-58912a33bf0b->97184ed6-1d8a-4db2-a901-2f2d7f2102ca#24-t1, previous=(t:1, i:12), leaderCommit=8, initializing? false, entries: <empty>
2019-09-17 09:50:02,770 [grpc-default-executor-2] INFO  impl.RaftServerProxy (RaftServerProxy.java:remove(95)) - bdd5aae1-c180-43a6-a11a-58912a33bf0b: remove group-59D05A2C74C8:null
2019-09-17 09:50:02,775 [RatisPipelineUtilsThread] WARN  pipeline.RatisPipelineUtils (RatisPipelineUtils.java:destroyPipeline(66)) - Pipeline destroy failed for pipeline=PipelineID=f7f2f784-1b0d-4fb4-bbde-59d05a2c74c8 dn=bdd5aae1-c180-43a6-a11a-58912a33bf0b{ip: 192.168.34.37, host: pr-hdds-2110-rdjw6-11158954, networkLocation: /default-rack, certSerialId: null}
2019-09-17 09:50:02,778 [grpc-default-executor-2] INFO  impl.RaftServerProxy (RaftServerProxy.java:remove(95)) - 97184ed6-1d8a-4db2-a901-2f2d7f2102ca: remove group-59D05A2C74C8:null
2019-09-17 09:50:02,781 [RatisPipelineUtilsThread] WARN  pipeline.RatisPipelineUtils (RatisPipelineUtils.java:destroyPipeline(66)) - Pipeline destroy failed for pipeline=PipelineID=f7f2f784-1b0d-4fb4-bbde-59d05a2c74c8 dn=97184ed6-1d8a-4db2-a901-2f2d7f2102ca{ip: 192.168.34.37, host: pr-hdds-2110-rdjw6-11158954, networkLocation: /default-rack, certSerialId: null}
2019-09-17 09:50:02,784 [grpc-default-executor-2] INFO  impl.RaftServerProxy (RaftServerProxy.java:remove(95)) - 7550e15a-2ff9-4e5e-b05d-d9f072bd52cf: remove group-59D05A2C74C8:null
2019-09-17 09:50:02,786 [RatisPipelineUtilsThread] WARN  pipeline.RatisPipelineUtils (RatisPipelineUtils.java:destroyPipeline(66)) - Pipeline destroy failed for pipeline=PipelineID=f7f2f784-1b0d-4fb4-bbde-59d05a2c74c8 dn=7550e15a-2ff9-4e5e-b05d-d9f072bd52cf{ip: 192.168.34.37, host: pr-hdds-2110-rdjw6-11158954, networkLocation: /default-rack, certSerialId: null}
2019-09-17 09:50:02,787 [RatisPipelineUtilsThread] ERROR pipeline.SCMPipelineManager (Scheduler.java:lambda$schedule$1(70)) - Destroy pipeline failed for pipeline:Pipeline[ Id: f7f2f784-1b0d-4fb4-bbde-59d05a2c74c8, Nodes: bdd5aae1-c180-43a6-a11a-58912a33bf0b{ip: 192.168.34.37, host: pr-hdds-2110-rdjw6-11158954, networkLocation: /default-rack, certSerialId: null}97184ed6-1d8a-4db2-a901-2f2d7f2102ca{ip: 192.168.34.37, host: pr-hdds-2110-rdjw6-11158954, networkLocation: /default-rack, certSerialId: null}7550e15a-2ff9-4e5e-b05d-d9f072bd52cf{ip: 192.168.34.37, host: pr-hdds-2110-rdjw6-11158954, networkLocation: /default-rack, certSerialId: null}, Type:RATIS, Factor:THREE, State:CLOSED]
org.apache.hadoop.hdds.scm.pipeline.PipelineNotFoundException: PipelineID=f7f2f784-1b0d-4fb4-bbde-59d05a2c74c8 not found
	at org.apache.hadoop.hdds.scm.pipeline.PipelineStateMap.getPipeline(PipelineStateMap.java:132)
	at org.apache.hadoop.hdds.scm.pipeline.PipelineStateMap.removePipeline(PipelineStateMap.java:322)
	at org.apache.hadoop.hdds.scm.pipeline.PipelineStateManager.removePipeline(PipelineStateManager.java:107)
	at org.apache.hadoop.hdds.scm.pipeline.SCMPipelineManager.removePipeline(SCMPipelineManager.java:423)
	at org.apache.hadoop.hdds.scm.pipeline.SCMPipelineManager.destroyPipeline(SCMPipelineManager.java:409)
	at org.apache.hadoop.hdds.scm.pipeline.SCMPipelineManager.lambda$finalizeAndDestroyPipeline$0(SCMPipelineManager.java:318)
	at org.apache.hadoop.utils.Scheduler.lambda$schedule$1(Scheduler.java:68)
	at java.util.concurrent.Executors$RunnableAdapter.call(Executors.java:511)
	at java.util.concurrent.FutureTask.run(FutureTask.java:266)
	at java.util.concurrent.ScheduledThreadPoolExecutor$ScheduledFutureTask.access$201(ScheduledThreadPoolExecutor.java:180)
	at java.util.concurrent.ScheduledThreadPoolExecutor$ScheduledFutureTask.run(ScheduledThreadPoolExecutor.java:293)
	at java.util.concurrent.ThreadPoolExecutor.runWorker(ThreadPoolExecutor.java:1149)
	at java.util.concurrent.ThreadPoolExecutor$Worker.run(ThreadPoolExecutor.java:624)
	at java.lang.Thread.run(Thread.java:748)
2019-09-17 09:50:03,087 [bdd5aae1-c180-43a6-a11a-58912a33bf0b@group-AADE5DCBB6F7-SegmentedRaftLogWorker] WARN  segmented.SegmentedRaftLogWorker (SegmentedRaftLogWorker.java:getFromFuture(90)) - Timeout 2/~
org.apache.ratis.protocol.TimeoutIOException: Timeout 10s: WriteLog:9: (t:1, i:9), STATEMACHINELOGENTRY, client-FBF7F1E1319D, cid=57-writeStateMachineData
	at org.apache.ratis.util.IOUtils.getFromFuture(IOUtils.java:87)
	at org.apache.ratis.server.raftlog.segmented.SegmentedRaftLogWorker$StateMachineDataPolicy.getFromFuture(SegmentedRaftLogWorker.java:87)
	at org.apache.ratis.server.raftlog.segmented.SegmentedRaftLogWorker$WriteLog.execute(SegmentedRaftLogWorker.java:477)
	at org.apache.ratis.server.raftlog.segmented.SegmentedRaftLogWorker.run(SegmentedRaftLogWorker.java:289)
	at java.lang.Thread.run(Thread.java:748)
Caused by: java.util.concurrent.TimeoutException
	at java.util.concurrent.CompletableFuture.timedGet(CompletableFuture.java:1771)
	at java.util.concurrent.CompletableFuture.get(CompletableFuture.java:1915)
	at org.apache.ratis.util.IOUtils.getFromFuture(IOUtils.java:79)
	... 4 more
2019-09-17 09:50:03,090 [7550e15a-2ff9-4e5e-b05d-d9f072bd52cf@group-AADE5DCBB6F7-SegmentedRaftLogWorker] WARN  segmented.SegmentedRaftLogWorker (SegmentedRaftLogWorker.java:getFromFuture(90)) - Timeout 2/~
org.apache.ratis.protocol.TimeoutIOException: Timeout 10s: WriteLog:9: (t:1, i:9), STATEMACHINELOGENTRY, client-FBF7F1E1319D, cid=57-writeStateMachineData
	at org.apache.ratis.util.IOUtils.getFromFuture(IOUtils.java:87)
	at org.apache.ratis.server.raftlog.segmented.SegmentedRaftLogWorker$StateMachineDataPolicy.getFromFuture(SegmentedRaftLogWorker.java:87)
	at org.apache.ratis.server.raftlog.segmented.SegmentedRaftLogWorker$WriteLog.execute(SegmentedRaftLogWorker.java:477)
	at org.apache.ratis.server.raftlog.segmented.SegmentedRaftLogWorker.run(SegmentedRaftLogWorker.java:289)
	at java.lang.Thread.run(Thread.java:748)
Caused by: java.util.concurrent.TimeoutException
	at java.util.concurrent.CompletableFuture.timedGet(CompletableFuture.java:1771)
	at java.util.concurrent.CompletableFuture.get(CompletableFuture.java:1915)
	at org.apache.ratis.util.IOUtils.getFromFuture(IOUtils.java:79)
	... 4 more
2019-09-17 09:50:03,091 [97184ed6-1d8a-4db2-a901-2f2d7f2102ca@group-AADE5DCBB6F7-SegmentedRaftLogWorker] WARN  segmented.SegmentedRaftLogWorker (SegmentedRaftLogWorker.java:getFromFuture(90)) - Timeout 2/~
org.apache.ratis.protocol.TimeoutIOException: Timeout 10s: WriteLog:9: (t:1, i:9), STATEMACHINELOGENTRY, client-FBF7F1E1319D, cid=57-writeStateMachineData
	at org.apache.ratis.util.IOUtils.getFromFuture(IOUtils.java:87)
	at org.apache.ratis.server.raftlog.segmented.SegmentedRaftLogWorker$StateMachineDataPolicy.getFromFuture(SegmentedRaftLogWorker.java:87)
	at org.apache.ratis.server.raftlog.segmented.SegmentedRaftLogWorker$WriteLog.execute(SegmentedRaftLogWorker.java:477)
	at org.apache.ratis.server.raftlog.segmented.SegmentedRaftLogWorker.run(SegmentedRaftLogWorker.java:289)
	at java.lang.Thread.run(Thread.java:748)
Caused by: java.util.concurrent.TimeoutException
	at java.util.concurrent.CompletableFuture.timedGet(CompletableFuture.java:1771)
	at java.util.concurrent.CompletableFuture.get(CompletableFuture.java:1915)
	at org.apache.ratis.util.IOUtils.getFromFuture(IOUtils.java:79)
	... 4 more
2019-09-17 09:50:03,407 [grpc-default-executor-2] INFO  client.GrpcClientProtocolClient (GrpcClientProtocolClient.java:onNext(264)) - client-FBF7F1E1319D->97184ed6-1d8a-4db2-a901-2f2d7f2102ca: receive RaftClientReply:client-FBF7F1E1319D->97184ed6-1d8a-4db2-a901-2f2d7f2102ca@group-AADE5DCBB6F7, cid=57, FAILED org.apache.ratis.protocol.NotLeaderException: Server 97184ed6-1d8a-4db2-a901-2f2d7f2102ca@group-AADE5DCBB6F7 is not the leader bdd5aae1-c180-43a6-a11a-58912a33bf0b:192.168.34.37:44158, logIndex=0, commits[97184ed6-1d8a-4db2-a901-2f2d7f2102ca:c8, bdd5aae1-c180-43a6-a11a-58912a33bf0b:c8, 7550e15a-2ff9-4e5e-b05d-d9f072bd52cf:c8]
2019-09-17 09:50:03,596 [java.util.concurrent.ThreadPoolExecutor$Worker@6c299a73[State = -1, empty queue]] WARN  server.GrpcLogAppender (GrpcLogAppender.java:timeoutAppendRequest(200)) - bdd5aae1-c180-43a6-a11a-58912a33bf0b@group-AADE5DCBB6F7->97184ed6-1d8a-4db2-a901-2f2d7f2102ca-GrpcLogAppender: appendEntries Timeout, request=bdd5aae1-c180-43a6-a11a-58912a33bf0b->97184ed6-1d8a-4db2-a901-2f2d7f2102ca#25-t1, previous=(t:1, i:12), leaderCommit=8, initializing? false, entries: <empty>
2019-09-17 09:50:03,596 [java.util.concurrent.ThreadPoolExecutor$Worker@3c3e5e28[State = -1, empty queue]] WARN  server.GrpcLogAppender (GrpcLogAppender.java:timeoutAppendRequest(200)) - bdd5aae1-c180-43a6-a11a-58912a33bf0b@group-AADE5DCBB6F7->7550e15a-2ff9-4e5e-b05d-d9f072bd52cf-GrpcLogAppender: appendEntries Timeout, request=bdd5aae1-c180-43a6-a11a-58912a33bf0b->7550e15a-2ff9-4e5e-b05d-d9f072bd52cf#25-t1, previous=(t:1, i:12), leaderCommit=8, initializing? false, entries: <empty>
2019-09-17 09:50:04,770 [grpc-default-executor-2] INFO  impl.RaftServerProxy (RaftServerProxy.java:remove(95)) - bdd5aae1-c180-43a6-a11a-58912a33bf0b: remove group-59D05A2C74C8:null
2019-09-17 09:50:04,774 [RatisPipelineUtilsThread] WARN  pipeline.RatisPipelineUtils (RatisPipelineUtils.java:destroyPipeline(66)) - Pipeline destroy failed for pipeline=PipelineID=f7f2f784-1b0d-4fb4-bbde-59d05a2c74c8 dn=bdd5aae1-c180-43a6-a11a-58912a33bf0b{ip: 192.168.34.37, host: pr-hdds-2110-rdjw6-11158954, networkLocation: /default-rack, certSerialId: null}
2019-09-17 09:50:04,777 [grpc-default-executor-2] INFO  impl.RaftServerProxy (RaftServerProxy.java:remove(95)) - 97184ed6-1d8a-4db2-a901-2f2d7f2102ca: remove group-59D05A2C74C8:null
2019-09-17 09:50:04,780 [RatisPipelineUtilsThread] WARN  pipeline.RatisPipelineUtils (RatisPipelineUtils.java:destroyPipeline(66)) - Pipeline destroy failed for pipeline=PipelineID=f7f2f784-1b0d-4fb4-bbde-59d05a2c74c8 dn=97184ed6-1d8a-4db2-a901-2f2d7f2102ca{ip: 192.168.34.37, host: pr-hdds-2110-rdjw6-11158954, networkLocation: /default-rack, certSerialId: null}
2019-09-17 09:50:04,783 [grpc-default-executor-2] INFO  impl.RaftServerProxy (RaftServerProxy.java:remove(95)) - 7550e15a-2ff9-4e5e-b05d-d9f072bd52cf: remove group-59D05A2C74C8:null
2019-09-17 09:50:04,785 [RatisPipelineUtilsThread] WARN  pipeline.RatisPipelineUtils (RatisPipelineUtils.java:destroyPipeline(66)) - Pipeline destroy failed for pipeline=PipelineID=f7f2f784-1b0d-4fb4-bbde-59d05a2c74c8 dn=7550e15a-2ff9-4e5e-b05d-d9f072bd52cf{ip: 192.168.34.37, host: pr-hdds-2110-rdjw6-11158954, networkLocation: /default-rack, certSerialId: null}
2019-09-17 09:50:04,785 [RatisPipelineUtilsThread] ERROR pipeline.SCMPipelineManager (Scheduler.java:lambda$schedule$1(70)) - Destroy pipeline failed for pipeline:Pipeline[ Id: f7f2f784-1b0d-4fb4-bbde-59d05a2c74c8, Nodes: bdd5aae1-c180-43a6-a11a-58912a33bf0b{ip: 192.168.34.37, host: pr-hdds-2110-rdjw6-11158954, networkLocation: /default-rack, certSerialId: null}97184ed6-1d8a-4db2-a901-2f2d7f2102ca{ip: 192.168.34.37, host: pr-hdds-2110-rdjw6-11158954, networkLocation: /default-rack, certSerialId: null}7550e15a-2ff9-4e5e-b05d-d9f072bd52cf{ip: 192.168.34.37, host: pr-hdds-2110-rdjw6-11158954, networkLocation: /default-rack, certSerialId: null}, Type:RATIS, Factor:THREE, State:CLOSED]
org.apache.hadoop.hdds.scm.pipeline.PipelineNotFoundException: PipelineID=f7f2f784-1b0d-4fb4-bbde-59d05a2c74c8 not found
	at org.apache.hadoop.hdds.scm.pipeline.PipelineStateMap.getPipeline(PipelineStateMap.java:132)
	at org.apache.hadoop.hdds.scm.pipeline.PipelineStateMap.removePipeline(PipelineStateMap.java:322)
	at org.apache.hadoop.hdds.scm.pipeline.PipelineStateManager.removePipeline(PipelineStateManager.java:107)
	at org.apache.hadoop.hdds.scm.pipeline.SCMPipelineManager.removePipeline(SCMPipelineManager.java:423)
	at org.apache.hadoop.hdds.scm.pipeline.SCMPipelineManager.destroyPipeline(SCMPipelineManager.java:409)
	at org.apache.hadoop.hdds.scm.pipeline.SCMPipelineManager.lambda$finalizeAndDestroyPipeline$0(SCMPipelineManager.java:318)
	at org.apache.hadoop.utils.Scheduler.lambda$schedule$1(Scheduler.java:68)
	at java.util.concurrent.Executors$RunnableAdapter.call(Executors.java:511)
	at java.util.concurrent.FutureTask.run(FutureTask.java:266)
	at java.util.concurrent.ScheduledThreadPoolExecutor$ScheduledFutureTask.access$201(ScheduledThreadPoolExecutor.java:180)
	at java.util.concurrent.ScheduledThreadPoolExecutor$ScheduledFutureTask.run(ScheduledThreadPoolExecutor.java:293)
	at java.util.concurrent.ThreadPoolExecutor.runWorker(ThreadPoolExecutor.java:1149)
	at java.util.concurrent.ThreadPoolExecutor$Worker.run(ThreadPoolExecutor.java:624)
	at java.lang.Thread.run(Thread.java:748)
2019-09-17 09:50:05,767 [grpc-default-executor-2] INFO  impl.RaftServerProxy (RaftServerProxy.java:remove(95)) - bdd5aae1-c180-43a6-a11a-58912a33bf0b: remove group-59D05A2C74C8:null
2019-09-17 09:50:05,771 [RatisPipelineUtilsThread] WARN  pipeline.RatisPipelineUtils (RatisPipelineUtils.java:destroyPipeline(66)) - Pipeline destroy failed for pipeline=PipelineID=f7f2f784-1b0d-4fb4-bbde-59d05a2c74c8 dn=bdd5aae1-c180-43a6-a11a-58912a33bf0b{ip: 192.168.34.37, host: pr-hdds-2110-rdjw6-11158954, networkLocation: /default-rack, certSerialId: null}
2019-09-17 09:50:05,774 [grpc-default-executor-2] INFO  impl.RaftServerProxy (RaftServerProxy.java:remove(95)) - 97184ed6-1d8a-4db2-a901-2f2d7f2102ca: remove group-59D05A2C74C8:null
2019-09-17 09:50:05,776 [RatisPipelineUtilsThread] WARN  pipeline.RatisPipelineUtils (RatisPipelineUtils.java:destroyPipeline(66)) - Pipeline destroy failed for pipeline=PipelineID=f7f2f784-1b0d-4fb4-bbde-59d05a2c74c8 dn=97184ed6-1d8a-4db2-a901-2f2d7f2102ca{ip: 192.168.34.37, host: pr-hdds-2110-rdjw6-11158954, networkLocation: /default-rack, certSerialId: null}
2019-09-17 09:50:05,779 [grpc-default-executor-2] INFO  impl.RaftServerProxy (RaftServerProxy.java:remove(95)) - 7550e15a-2ff9-4e5e-b05d-d9f072bd52cf: remove group-59D05A2C74C8:null
2019-09-17 09:50:05,781 [RatisPipelineUtilsThread] WARN  pipeline.RatisPipelineUtils (RatisPipelineUtils.java:destroyPipeline(66)) - Pipeline destroy failed for pipeline=PipelineID=f7f2f784-1b0d-4fb4-bbde-59d05a2c74c8 dn=7550e15a-2ff9-4e5e-b05d-d9f072bd52cf{ip: 192.168.34.37, host: pr-hdds-2110-rdjw6-11158954, networkLocation: /default-rack, certSerialId: null}
2019-09-17 09:50:05,781 [RatisPipelineUtilsThread] ERROR pipeline.SCMPipelineManager (Scheduler.java:lambda$schedule$1(70)) - Destroy pipeline failed for pipeline:Pipeline[ Id: f7f2f784-1b0d-4fb4-bbde-59d05a2c74c8, Nodes: bdd5aae1-c180-43a6-a11a-58912a33bf0b{ip: 192.168.34.37, host: pr-hdds-2110-rdjw6-11158954, networkLocation: /default-rack, certSerialId: null}97184ed6-1d8a-4db2-a901-2f2d7f2102ca{ip: 192.168.34.37, host: pr-hdds-2110-rdjw6-11158954, networkLocation: /default-rack, certSerialId: null}7550e15a-2ff9-4e5e-b05d-d9f072bd52cf{ip: 192.168.34.37, host: pr-hdds-2110-rdjw6-11158954, networkLocation: /default-rack, certSerialId: null}, Type:RATIS, Factor:THREE, State:CLOSED]
org.apache.hadoop.hdds.scm.pipeline.PipelineNotFoundException: PipelineID=f7f2f784-1b0d-4fb4-bbde-59d05a2c74c8 not found
	at org.apache.hadoop.hdds.scm.pipeline.PipelineStateMap.getPipeline(PipelineStateMap.java:132)
	at org.apache.hadoop.hdds.scm.pipeline.PipelineStateMap.removePipeline(PipelineStateMap.java:322)
	at org.apache.hadoop.hdds.scm.pipeline.PipelineStateManager.removePipeline(PipelineStateManager.java:107)
	at org.apache.hadoop.hdds.scm.pipeline.SCMPipelineManager.removePipeline(SCMPipelineManager.java:423)
	at org.apache.hadoop.hdds.scm.pipeline.SCMPipelineManager.destroyPipeline(SCMPipelineManager.java:409)
	at org.apache.hadoop.hdds.scm.pipeline.SCMPipelineManager.lambda$finalizeAndDestroyPipeline$0(SCMPipelineManager.java:318)
	at org.apache.hadoop.utils.Scheduler.lambda$schedule$1(Scheduler.java:68)
	at java.util.concurrent.Executors$RunnableAdapter.call(Executors.java:511)
	at java.util.concurrent.FutureTask.run(FutureTask.java:266)
	at java.util.concurrent.ScheduledThreadPoolExecutor$ScheduledFutureTask.access$201(ScheduledThreadPoolExecutor.java:180)
	at java.util.concurrent.ScheduledThreadPoolExecutor$ScheduledFutureTask.run(ScheduledThreadPoolExecutor.java:293)
	at java.util.concurrent.ThreadPoolExecutor.runWorker(ThreadPoolExecutor.java:1149)
	at java.util.concurrent.ThreadPoolExecutor$Worker.run(ThreadPoolExecutor.java:624)
	at java.lang.Thread.run(Thread.java:748)
2019-09-17 09:50:06,097 [java.util.concurrent.ThreadPoolExecutor$Worker@3c3e5e28[State = -1, empty queue]] WARN  server.GrpcLogAppender (GrpcLogAppender.java:timeoutAppendRequest(200)) - bdd5aae1-c180-43a6-a11a-58912a33bf0b@group-AADE5DCBB6F7->7550e15a-2ff9-4e5e-b05d-d9f072bd52cf-GrpcLogAppender: appendEntries Timeout, request=bdd5aae1-c180-43a6-a11a-58912a33bf0b->7550e15a-2ff9-4e5e-b05d-d9f072bd52cf#26-t1, previous=(t:1, i:12), leaderCommit=8, initializing? false, entries: <empty>
2019-09-17 09:50:06,097 [java.util.concurrent.ThreadPoolExecutor$Worker@6c299a73[State = -1, empty queue]] WARN  server.GrpcLogAppender (GrpcLogAppender.java:timeoutAppendRequest(200)) - bdd5aae1-c180-43a6-a11a-58912a33bf0b@group-AADE5DCBB6F7->97184ed6-1d8a-4db2-a901-2f2d7f2102ca-GrpcLogAppender: appendEntries Timeout, request=bdd5aae1-c180-43a6-a11a-58912a33bf0b->97184ed6-1d8a-4db2-a901-2f2d7f2102ca#26-t1, previous=(t:1, i:12), leaderCommit=8, initializing? false, entries: <empty>
2019-09-17 09:50:07,769 [grpc-default-executor-3] INFO  impl.RaftServerProxy (RaftServerProxy.java:remove(95)) - bdd5aae1-c180-43a6-a11a-58912a33bf0b: remove group-59D05A2C74C8:null
2019-09-17 09:50:07,773 [RatisPipelineUtilsThread] WARN  pipeline.RatisPipelineUtils (RatisPipelineUtils.java:destroyPipeline(66)) - Pipeline destroy failed for pipeline=PipelineID=f7f2f784-1b0d-4fb4-bbde-59d05a2c74c8 dn=bdd5aae1-c180-43a6-a11a-58912a33bf0b{ip: 192.168.34.37, host: pr-hdds-2110-rdjw6-11158954, networkLocation: /default-rack, certSerialId: null}
2019-09-17 09:50:07,777 [grpc-default-executor-3] INFO  impl.RaftServerProxy (RaftServerProxy.java:remove(95)) - 97184ed6-1d8a-4db2-a901-2f2d7f2102ca: remove group-59D05A2C74C8:null
2019-09-17 09:50:07,779 [RatisPipelineUtilsThread] WARN  pipeline.RatisPipelineUtils (RatisPipelineUtils.java:destroyPipeline(66)) - Pipeline destroy failed for pipeline=PipelineID=f7f2f784-1b0d-4fb4-bbde-59d05a2c74c8 dn=97184ed6-1d8a-4db2-a901-2f2d7f2102ca{ip: 192.168.34.37, host: pr-hdds-2110-rdjw6-11158954, networkLocation: /default-rack, certSerialId: null}
2019-09-17 09:50:07,782 [grpc-default-executor-3] INFO  impl.RaftServerProxy (RaftServerProxy.java:remove(95)) - 7550e15a-2ff9-4e5e-b05d-d9f072bd52cf: remove group-59D05A2C74C8:null
2019-09-17 09:50:07,784 [RatisPipelineUtilsThread] WARN  pipeline.RatisPipelineUtils (RatisPipelineUtils.java:destroyPipeline(66)) - Pipeline destroy failed for pipeline=PipelineID=f7f2f784-1b0d-4fb4-bbde-59d05a2c74c8 dn=7550e15a-2ff9-4e5e-b05d-d9f072bd52cf{ip: 192.168.34.37, host: pr-hdds-2110-rdjw6-11158954, networkLocation: /default-rack, certSerialId: null}
2019-09-17 09:50:07,784 [RatisPipelineUtilsThread] ERROR pipeline.SCMPipelineManager (Scheduler.java:lambda$schedule$1(70)) - Destroy pipeline failed for pipeline:Pipeline[ Id: f7f2f784-1b0d-4fb4-bbde-59d05a2c74c8, Nodes: bdd5aae1-c180-43a6-a11a-58912a33bf0b{ip: 192.168.34.37, host: pr-hdds-2110-rdjw6-11158954, networkLocation: /default-rack, certSerialId: null}97184ed6-1d8a-4db2-a901-2f2d7f2102ca{ip: 192.168.34.37, host: pr-hdds-2110-rdjw6-11158954, networkLocation: /default-rack, certSerialId: null}7550e15a-2ff9-4e5e-b05d-d9f072bd52cf{ip: 192.168.34.37, host: pr-hdds-2110-rdjw6-11158954, networkLocation: /default-rack, certSerialId: null}, Type:RATIS, Factor:THREE, State:CLOSED]
org.apache.hadoop.hdds.scm.pipeline.PipelineNotFoundException: PipelineID=f7f2f784-1b0d-4fb4-bbde-59d05a2c74c8 not found
	at org.apache.hadoop.hdds.scm.pipeline.PipelineStateMap.getPipeline(PipelineStateMap.java:132)
	at org.apache.hadoop.hdds.scm.pipeline.PipelineStateMap.removePipeline(PipelineStateMap.java:322)
	at org.apache.hadoop.hdds.scm.pipeline.PipelineStateManager.removePipeline(PipelineStateManager.java:107)
	at org.apache.hadoop.hdds.scm.pipeline.SCMPipelineManager.removePipeline(SCMPipelineManager.java:423)
	at org.apache.hadoop.hdds.scm.pipeline.SCMPipelineManager.destroyPipeline(SCMPipelineManager.java:409)
	at org.apache.hadoop.hdds.scm.pipeline.SCMPipelineManager.lambda$finalizeAndDestroyPipeline$0(SCMPipelineManager.java:318)
	at org.apache.hadoop.utils.Scheduler.lambda$schedule$1(Scheduler.java:68)
	at java.util.concurrent.Executors$RunnableAdapter.call(Executors.java:511)
	at java.util.concurrent.FutureTask.run(FutureTask.java:266)
	at java.util.concurrent.ScheduledThreadPoolExecutor$ScheduledFutureTask.access$201(ScheduledThreadPoolExecutor.java:180)
	at java.util.concurrent.ScheduledThreadPoolExecutor$ScheduledFutureTask.run(ScheduledThreadPoolExecutor.java:293)
	at java.util.concurrent.ThreadPoolExecutor.runWorker(ThreadPoolExecutor.java:1149)
	at java.util.concurrent.ThreadPoolExecutor$Worker.run(ThreadPoolExecutor.java:624)
	at java.lang.Thread.run(Thread.java:748)
2019-09-17 09:50:08,479 [grpc-default-executor-3] INFO  client.GrpcClientProtocolClient (GrpcClientProtocolClient.java:onNext(264)) - client-FBF7F1E1319D->7550e15a-2ff9-4e5e-b05d-d9f072bd52cf: receive RaftClientReply:client-FBF7F1E1319D->7550e15a-2ff9-4e5e-b05d-d9f072bd52cf@group-AADE5DCBB6F7, cid=57, FAILED org.apache.ratis.protocol.NotLeaderException: Server 7550e15a-2ff9-4e5e-b05d-d9f072bd52cf@group-AADE5DCBB6F7 is not the leader bdd5aae1-c180-43a6-a11a-58912a33bf0b:192.168.34.37:44158, logIndex=0, commits[7550e15a-2ff9-4e5e-b05d-d9f072bd52cf:c8, bdd5aae1-c180-43a6-a11a-58912a33bf0b:c8, 97184ed6-1d8a-4db2-a901-2f2d7f2102ca:c8]
2019-09-17 09:50:08,597 [java.util.concurrent.ThreadPoolExecutor$Worker@6c299a73[State = -1, empty queue]] WARN  server.GrpcLogAppender (GrpcLogAppender.java:timeoutAppendRequest(200)) - bdd5aae1-c180-43a6-a11a-58912a33bf0b@group-AADE5DCBB6F7->97184ed6-1d8a-4db2-a901-2f2d7f2102ca-GrpcLogAppender: appendEntries Timeout, request=bdd5aae1-c180-43a6-a11a-58912a33bf0b->97184ed6-1d8a-4db2-a901-2f2d7f2102ca#27-t1, previous=(t:1, i:12), leaderCommit=8, initializing? false, entries: <empty>
2019-09-17 09:50:08,597 [java.util.concurrent.ThreadPoolExecutor$Worker@3c3e5e28[State = -1, empty queue]] WARN  server.GrpcLogAppender (GrpcLogAppender.java:timeoutAppendRequest(200)) - bdd5aae1-c180-43a6-a11a-58912a33bf0b@group-AADE5DCBB6F7->7550e15a-2ff9-4e5e-b05d-d9f072bd52cf-GrpcLogAppender: appendEntries Timeout, request=bdd5aae1-c180-43a6-a11a-58912a33bf0b->7550e15a-2ff9-4e5e-b05d-d9f072bd52cf#27-t1, previous=(t:1, i:12), leaderCommit=8, initializing? false, entries: <empty>
2019-09-17 09:50:09,770 [grpc-default-executor-2] INFO  impl.RaftServerProxy (RaftServerProxy.java:remove(95)) - bdd5aae1-c180-43a6-a11a-58912a33bf0b: remove group-59D05A2C74C8:null
2019-09-17 09:50:09,774 [RatisPipelineUtilsThread] WARN  pipeline.RatisPipelineUtils (RatisPipelineUtils.java:destroyPipeline(66)) - Pipeline destroy failed for pipeline=PipelineID=f7f2f784-1b0d-4fb4-bbde-59d05a2c74c8 dn=bdd5aae1-c180-43a6-a11a-58912a33bf0b{ip: 192.168.34.37, host: pr-hdds-2110-rdjw6-11158954, networkLocation: /default-rack, certSerialId: null}
2019-09-17 09:50:09,778 [grpc-default-executor-2] INFO  impl.RaftServerProxy (RaftServerProxy.java:remove(95)) - 97184ed6-1d8a-4db2-a901-2f2d7f2102ca: remove group-59D05A2C74C8:null
2019-09-17 09:50:09,780 [RatisPipelineUtilsThread] WARN  pipeline.RatisPipelineUtils (RatisPipelineUtils.java:destroyPipeline(66)) - Pipeline destroy failed for pipeline=PipelineID=f7f2f784-1b0d-4fb4-bbde-59d05a2c74c8 dn=97184ed6-1d8a-4db2-a901-2f2d7f2102ca{ip: 192.168.34.37, host: pr-hdds-2110-rdjw6-11158954, networkLocation: /default-rack, certSerialId: null}
2019-09-17 09:50:09,784 [grpc-default-executor-2] INFO  impl.RaftServerProxy (RaftServerProxy.java:remove(95)) - 7550e15a-2ff9-4e5e-b05d-d9f072bd52cf: remove group-59D05A2C74C8:null
2019-09-17 09:50:09,786 [RatisPipelineUtilsThread] WARN  pipeline.RatisPipelineUtils (RatisPipelineUtils.java:destroyPipeline(66)) - Pipeline destroy failed for pipeline=PipelineID=f7f2f784-1b0d-4fb4-bbde-59d05a2c74c8 dn=7550e15a-2ff9-4e5e-b05d-d9f072bd52cf{ip: 192.168.34.37, host: pr-hdds-2110-rdjw6-11158954, networkLocation: /default-rack, certSerialId: null}
2019-09-17 09:50:09,787 [RatisPipelineUtilsThread] ERROR pipeline.SCMPipelineManager (Scheduler.java:lambda$schedule$1(70)) - Destroy pipeline failed for pipeline:Pipeline[ Id: f7f2f784-1b0d-4fb4-bbde-59d05a2c74c8, Nodes: bdd5aae1-c180-43a6-a11a-58912a33bf0b{ip: 192.168.34.37, host: pr-hdds-2110-rdjw6-11158954, networkLocation: /default-rack, certSerialId: null}97184ed6-1d8a-4db2-a901-2f2d7f2102ca{ip: 192.168.34.37, host: pr-hdds-2110-rdjw6-11158954, networkLocation: /default-rack, certSerialId: null}7550e15a-2ff9-4e5e-b05d-d9f072bd52cf{ip: 192.168.34.37, host: pr-hdds-2110-rdjw6-11158954, networkLocation: /default-rack, certSerialId: null}, Type:RATIS, Factor:THREE, State:CLOSED]
org.apache.hadoop.hdds.scm.pipeline.PipelineNotFoundException: PipelineID=f7f2f784-1b0d-4fb4-bbde-59d05a2c74c8 not found
	at org.apache.hadoop.hdds.scm.pipeline.PipelineStateMap.getPipeline(PipelineStateMap.java:132)
	at org.apache.hadoop.hdds.scm.pipeline.PipelineStateMap.removePipeline(PipelineStateMap.java:322)
	at org.apache.hadoop.hdds.scm.pipeline.PipelineStateManager.removePipeline(PipelineStateManager.java:107)
	at org.apache.hadoop.hdds.scm.pipeline.SCMPipelineManager.removePipeline(SCMPipelineManager.java:423)
	at org.apache.hadoop.hdds.scm.pipeline.SCMPipelineManager.destroyPipeline(SCMPipelineManager.java:409)
	at org.apache.hadoop.hdds.scm.pipeline.SCMPipelineManager.lambda$finalizeAndDestroyPipeline$0(SCMPipelineManager.java:318)
	at org.apache.hadoop.utils.Scheduler.lambda$schedule$1(Scheduler.java:68)
	at java.util.concurrent.Executors$RunnableAdapter.call(Executors.java:511)
	at java.util.concurrent.FutureTask.run(FutureTask.java:266)
	at java.util.concurrent.ScheduledThreadPoolExecutor$ScheduledFutureTask.access$201(ScheduledThreadPoolExecutor.java:180)
	at java.util.concurrent.ScheduledThreadPoolExecutor$ScheduledFutureTask.run(ScheduledThreadPoolExecutor.java:293)
	at java.util.concurrent.ThreadPoolExecutor.runWorker(ThreadPoolExecutor.java:1149)
	at java.util.concurrent.ThreadPoolExecutor$Worker.run(ThreadPoolExecutor.java:624)
	at java.lang.Thread.run(Thread.java:748)
2019-09-17 09:50:10,768 [grpc-default-executor-3] INFO  impl.RaftServerProxy (RaftServerProxy.java:remove(95)) - bdd5aae1-c180-43a6-a11a-58912a33bf0b: remove group-59D05A2C74C8:null
2019-09-17 09:50:10,772 [RatisPipelineUtilsThread] WARN  pipeline.RatisPipelineUtils (RatisPipelineUtils.java:destroyPipeline(66)) - Pipeline destroy failed for pipeline=PipelineID=f7f2f784-1b0d-4fb4-bbde-59d05a2c74c8 dn=bdd5aae1-c180-43a6-a11a-58912a33bf0b{ip: 192.168.34.37, host: pr-hdds-2110-rdjw6-11158954, networkLocation: /default-rack, certSerialId: null}
2019-09-17 09:50:10,775 [grpc-default-executor-3] INFO  impl.RaftServerProxy (RaftServerProxy.java:remove(95)) - 97184ed6-1d8a-4db2-a901-2f2d7f2102ca: remove group-59D05A2C74C8:null
2019-09-17 09:50:10,778 [RatisPipelineUtilsThread] WARN  pipeline.RatisPipelineUtils (RatisPipelineUtils.java:destroyPipeline(66)) - Pipeline destroy failed for pipeline=PipelineID=f7f2f784-1b0d-4fb4-bbde-59d05a2c74c8 dn=97184ed6-1d8a-4db2-a901-2f2d7f2102ca{ip: 192.168.34.37, host: pr-hdds-2110-rdjw6-11158954, networkLocation: /default-rack, certSerialId: null}
2019-09-17 09:50:10,781 [grpc-default-executor-3] INFO  impl.RaftServerProxy (RaftServerProxy.java:remove(95)) - 7550e15a-2ff9-4e5e-b05d-d9f072bd52cf: remove group-59D05A2C74C8:null
2019-09-17 09:50:10,784 [RatisPipelineUtilsThread] WARN  pipeline.RatisPipelineUtils (RatisPipelineUtils.java:destroyPipeline(66)) - Pipeline destroy failed for pipeline=PipelineID=f7f2f784-1b0d-4fb4-bbde-59d05a2c74c8 dn=7550e15a-2ff9-4e5e-b05d-d9f072bd52cf{ip: 192.168.34.37, host: pr-hdds-2110-rdjw6-11158954, networkLocation: /default-rack, certSerialId: null}
2019-09-17 09:50:10,784 [RatisPipelineUtilsThread] ERROR pipeline.SCMPipelineManager (Scheduler.java:lambda$schedule$1(70)) - Destroy pipeline failed for pipeline:Pipeline[ Id: f7f2f784-1b0d-4fb4-bbde-59d05a2c74c8, Nodes: bdd5aae1-c180-43a6-a11a-58912a33bf0b{ip: 192.168.34.37, host: pr-hdds-2110-rdjw6-11158954, networkLocation: /default-rack, certSerialId: null}97184ed6-1d8a-4db2-a901-2f2d7f2102ca{ip: 192.168.34.37, host: pr-hdds-2110-rdjw6-11158954, networkLocation: /default-rack, certSerialId: null}7550e15a-2ff9-4e5e-b05d-d9f072bd52cf{ip: 192.168.34.37, host: pr-hdds-2110-rdjw6-11158954, networkLocation: /default-rack, certSerialId: null}, Type:RATIS, Factor:THREE, State:CLOSED]
org.apache.hadoop.hdds.scm.pipeline.PipelineNotFoundException: PipelineID=f7f2f784-1b0d-4fb4-bbde-59d05a2c74c8 not found
	at org.apache.hadoop.hdds.scm.pipeline.PipelineStateMap.getPipeline(PipelineStateMap.java:132)
	at org.apache.hadoop.hdds.scm.pipeline.PipelineStateMap.removePipeline(PipelineStateMap.java:322)
	at org.apache.hadoop.hdds.scm.pipeline.PipelineStateManager.removePipeline(PipelineStateManager.java:107)
	at org.apache.hadoop.hdds.scm.pipeline.SCMPipelineManager.removePipeline(SCMPipelineManager.java:423)
	at org.apache.hadoop.hdds.scm.pipeline.SCMPipelineManager.destroyPipeline(SCMPipelineManager.java:409)
	at org.apache.hadoop.hdds.scm.pipeline.SCMPipelineManager.lambda$finalizeAndDestroyPipeline$0(SCMPipelineManager.java:318)
	at org.apache.hadoop.utils.Scheduler.lambda$schedule$1(Scheduler.java:68)
	at java.util.concurrent.Executors$RunnableAdapter.call(Executors.java:511)
	at java.util.concurrent.FutureTask.run(FutureTask.java:266)
	at java.util.concurrent.ScheduledThreadPoolExecutor$ScheduledFutureTask.access$201(ScheduledThreadPoolExecutor.java:180)
	at java.util.concurrent.ScheduledThreadPoolExecutor$ScheduledFutureTask.run(ScheduledThreadPoolExecutor.java:293)
	at java.util.concurrent.ThreadPoolExecutor.runWorker(ThreadPoolExecutor.java:1149)
	at java.util.concurrent.ThreadPoolExecutor$Worker.run(ThreadPoolExecutor.java:624)
	at java.lang.Thread.run(Thread.java:748)
2019-09-17 09:50:11,098 [java.util.concurrent.ThreadPoolExecutor$Worker@6c299a73[State = -1, empty queue]] WARN  server.GrpcLogAppender (GrpcLogAppender.java:timeoutAppendRequest(200)) - bdd5aae1-c180-43a6-a11a-58912a33bf0b@group-AADE5DCBB6F7->97184ed6-1d8a-4db2-a901-2f2d7f2102ca-GrpcLogAppender: appendEntries Timeout, request=bdd5aae1-c180-43a6-a11a-58912a33bf0b->97184ed6-1d8a-4db2-a901-2f2d7f2102ca#28-t1, previous=(t:1, i:12), leaderCommit=8, initializing? false, entries: <empty>
2019-09-17 09:50:11,098 [java.util.concurrent.ThreadPoolExecutor$Worker@3c3e5e28[State = -1, empty queue]] WARN  server.GrpcLogAppender (GrpcLogAppender.java:timeoutAppendRequest(200)) - bdd5aae1-c180-43a6-a11a-58912a33bf0b@group-AADE5DCBB6F7->7550e15a-2ff9-4e5e-b05d-d9f072bd52cf-GrpcLogAppender: appendEntries Timeout, request=bdd5aae1-c180-43a6-a11a-58912a33bf0b->7550e15a-2ff9-4e5e-b05d-d9f072bd52cf#28-t1, previous=(t:1, i:12), leaderCommit=8, initializing? false, entries: <empty>
2019-09-17 09:50:12,766 [grpc-default-executor-2] INFO  impl.RaftServerProxy (RaftServerProxy.java:remove(95)) - bdd5aae1-c180-43a6-a11a-58912a33bf0b: remove group-59D05A2C74C8:null
2019-09-17 09:50:12,769 [RatisPipelineUtilsThread] WARN  pipeline.RatisPipelineUtils (RatisPipelineUtils.java:destroyPipeline(66)) - Pipeline destroy failed for pipeline=PipelineID=f7f2f784-1b0d-4fb4-bbde-59d05a2c74c8 dn=bdd5aae1-c180-43a6-a11a-58912a33bf0b{ip: 192.168.34.37, host: pr-hdds-2110-rdjw6-11158954, networkLocation: /default-rack, certSerialId: null}
2019-09-17 09:50:12,772 [grpc-default-executor-2] INFO  impl.RaftServerProxy (RaftServerProxy.java:remove(95)) - 97184ed6-1d8a-4db2-a901-2f2d7f2102ca: remove group-59D05A2C74C8:null
2019-09-17 09:50:12,774 [RatisPipelineUtilsThread] WARN  pipeline.RatisPipelineUtils (RatisPipelineUtils.java:destroyPipeline(66)) - Pipeline destroy failed for pipeline=PipelineID=f7f2f784-1b0d-4fb4-bbde-59d05a2c74c8 dn=97184ed6-1d8a-4db2-a901-2f2d7f2102ca{ip: 192.168.34.37, host: pr-hdds-2110-rdjw6-11158954, networkLocation: /default-rack, certSerialId: null}
2019-09-17 09:50:12,777 [grpc-default-executor-2] INFO  impl.RaftServerProxy (RaftServerProxy.java:remove(95)) - 7550e15a-2ff9-4e5e-b05d-d9f072bd52cf: remove group-59D05A2C74C8:null
2019-09-17 09:50:12,779 [RatisPipelineUtilsThread] WARN  pipeline.RatisPipelineUtils (RatisPipelineUtils.java:destroyPipeline(66)) - Pipeline destroy failed for pipeline=PipelineID=f7f2f784-1b0d-4fb4-bbde-59d05a2c74c8 dn=7550e15a-2ff9-4e5e-b05d-d9f072bd52cf{ip: 192.168.34.37, host: pr-hdds-2110-rdjw6-11158954, networkLocation: /default-rack, certSerialId: null}
2019-09-17 09:50:12,779 [RatisPipelineUtilsThread] ERROR pipeline.SCMPipelineManager (Scheduler.java:lambda$schedule$1(70)) - Destroy pipeline failed for pipeline:Pipeline[ Id: f7f2f784-1b0d-4fb4-bbde-59d05a2c74c8, Nodes: bdd5aae1-c180-43a6-a11a-58912a33bf0b{ip: 192.168.34.37, host: pr-hdds-2110-rdjw6-11158954, networkLocation: /default-rack, certSerialId: null}97184ed6-1d8a-4db2-a901-2f2d7f2102ca{ip: 192.168.34.37, host: pr-hdds-2110-rdjw6-11158954, networkLocation: /default-rack, certSerialId: null}7550e15a-2ff9-4e5e-b05d-d9f072bd52cf{ip: 192.168.34.37, host: pr-hdds-2110-rdjw6-11158954, networkLocation: /default-rack, certSerialId: null}, Type:RATIS, Factor:THREE, State:CLOSED]
org.apache.hadoop.hdds.scm.pipeline.PipelineNotFoundException: PipelineID=f7f2f784-1b0d-4fb4-bbde-59d05a2c74c8 not found
	at org.apache.hadoop.hdds.scm.pipeline.PipelineStateMap.getPipeline(PipelineStateMap.java:132)
	at org.apache.hadoop.hdds.scm.pipeline.PipelineStateMap.removePipeline(PipelineStateMap.java:322)
	at org.apache.hadoop.hdds.scm.pipeline.PipelineStateManager.removePipeline(PipelineStateManager.java:107)
	at org.apache.hadoop.hdds.scm.pipeline.SCMPipelineManager.removePipeline(SCMPipelineManager.java:423)
	at org.apache.hadoop.hdds.scm.pipeline.SCMPipelineManager.destroyPipeline(SCMPipelineManager.java:409)
	at org.apache.hadoop.hdds.scm.pipeline.SCMPipelineManager.lambda$finalizeAndDestroyPipeline$0(SCMPipelineManager.java:318)
	at org.apache.hadoop.utils.Scheduler.lambda$schedule$1(Scheduler.java:68)
	at java.util.concurrent.Executors$RunnableAdapter.call(Executors.java:511)
	at java.util.concurrent.FutureTask.run(FutureTask.java:266)
	at java.util.concurrent.ScheduledThreadPoolExecutor$ScheduledFutureTask.access$201(ScheduledThreadPoolExecutor.java:180)
	at java.util.concurrent.ScheduledThreadPoolExecutor$ScheduledFutureTask.run(ScheduledThreadPoolExecutor.java:293)
	at java.util.concurrent.ThreadPoolExecutor.runWorker(ThreadPoolExecutor.java:1149)
	at java.util.concurrent.ThreadPoolExecutor$Worker.run(ThreadPoolExecutor.java:624)
	at java.lang.Thread.run(Thread.java:748)
2019-09-17 09:50:13,088 [bdd5aae1-c180-43a6-a11a-58912a33bf0b@group-AADE5DCBB6F7-SegmentedRaftLogWorker] WARN  segmented.SegmentedRaftLogWorker (SegmentedRaftLogWorker.java:getFromFuture(90)) - Timeout 3/~
org.apache.ratis.protocol.TimeoutIOException: Timeout 10s: WriteLog:9: (t:1, i:9), STATEMACHINELOGENTRY, client-FBF7F1E1319D, cid=57-writeStateMachineData
	at org.apache.ratis.util.IOUtils.getFromFuture(IOUtils.java:87)
	at org.apache.ratis.server.raftlog.segmented.SegmentedRaftLogWorker$StateMachineDataPolicy.getFromFuture(SegmentedRaftLogWorker.java:87)
	at org.apache.ratis.server.raftlog.segmented.SegmentedRaftLogWorker$WriteLog.execute(SegmentedRaftLogWorker.java:477)
	at org.apache.ratis.server.raftlog.segmented.SegmentedRaftLogWorker.run(SegmentedRaftLogWorker.java:289)
	at java.lang.Thread.run(Thread.java:748)
Caused by: java.util.concurrent.TimeoutException
	at java.util.concurrent.CompletableFuture.timedGet(CompletableFuture.java:1771)
	at java.util.concurrent.CompletableFuture.get(CompletableFuture.java:1915)
	at org.apache.ratis.util.IOUtils.getFromFuture(IOUtils.java:79)
	... 4 more
2019-09-17 09:50:13,090 [7550e15a-2ff9-4e5e-b05d-d9f072bd52cf@group-AADE5DCBB6F7-SegmentedRaftLogWorker] WARN  segmented.SegmentedRaftLogWorker (SegmentedRaftLogWorker.java:getFromFuture(90)) - Timeout 3/~
org.apache.ratis.protocol.TimeoutIOException: Timeout 10s: WriteLog:9: (t:1, i:9), STATEMACHINELOGENTRY, client-FBF7F1E1319D, cid=57-writeStateMachineData
	at org.apache.ratis.util.IOUtils.getFromFuture(IOUtils.java:87)
	at org.apache.ratis.server.raftlog.segmented.SegmentedRaftLogWorker$StateMachineDataPolicy.getFromFuture(SegmentedRaftLogWorker.java:87)
	at org.apache.ratis.server.raftlog.segmented.SegmentedRaftLogWorker$WriteLog.execute(SegmentedRaftLogWorker.java:477)
	at org.apache.ratis.server.raftlog.segmented.SegmentedRaftLogWorker.run(SegmentedRaftLogWorker.java:289)
	at java.lang.Thread.run(Thread.java:748)
Caused by: java.util.concurrent.TimeoutException
	at java.util.concurrent.CompletableFuture.timedGet(CompletableFuture.java:1771)
	at java.util.concurrent.CompletableFuture.get(CompletableFuture.java:1915)
	at org.apache.ratis.util.IOUtils.getFromFuture(IOUtils.java:79)
	... 4 more
2019-09-17 09:50:13,092 [97184ed6-1d8a-4db2-a901-2f2d7f2102ca@group-AADE5DCBB6F7-SegmentedRaftLogWorker] WARN  segmented.SegmentedRaftLogWorker (SegmentedRaftLogWorker.java:getFromFuture(90)) - Timeout 3/~
org.apache.ratis.protocol.TimeoutIOException: Timeout 10s: WriteLog:9: (t:1, i:9), STATEMACHINELOGENTRY, client-FBF7F1E1319D, cid=57-writeStateMachineData
	at org.apache.ratis.util.IOUtils.getFromFuture(IOUtils.java:87)
	at org.apache.ratis.server.raftlog.segmented.SegmentedRaftLogWorker$StateMachineDataPolicy.getFromFuture(SegmentedRaftLogWorker.java:87)
	at org.apache.ratis.server.raftlog.segmented.SegmentedRaftLogWorker$WriteLog.execute(SegmentedRaftLogWorker.java:477)
	at org.apache.ratis.server.raftlog.segmented.SegmentedRaftLogWorker.run(SegmentedRaftLogWorker.java:289)
	at java.lang.Thread.run(Thread.java:748)
Caused by: java.util.concurrent.TimeoutException
	at java.util.concurrent.CompletableFuture.timedGet(CompletableFuture.java:1771)
	at java.util.concurrent.CompletableFuture.get(CompletableFuture.java:1915)
	at org.apache.ratis.util.IOUtils.getFromFuture(IOUtils.java:79)
	... 4 more
2019-09-17 09:50:13,536 [grpc-default-executor-3] INFO  client.GrpcClientProtocolClient (GrpcClientProtocolClient.java:onNext(264)) - client-FBF7F1E1319D->97184ed6-1d8a-4db2-a901-2f2d7f2102ca: receive RaftClientReply:client-FBF7F1E1319D->97184ed6-1d8a-4db2-a901-2f2d7f2102ca@group-AADE5DCBB6F7, cid=57, FAILED org.apache.ratis.protocol.NotLeaderException: Server 97184ed6-1d8a-4db2-a901-2f2d7f2102ca@group-AADE5DCBB6F7 is not the leader bdd5aae1-c180-43a6-a11a-58912a33bf0b:192.168.34.37:44158, logIndex=0, commits[97184ed6-1d8a-4db2-a901-2f2d7f2102ca:c8, bdd5aae1-c180-43a6-a11a-58912a33bf0b:c8, 7550e15a-2ff9-4e5e-b05d-d9f072bd52cf:c8]
2019-09-17 09:50:13,599 [java.util.concurrent.ThreadPoolExecutor$Worker@3c3e5e28[State = -1, empty queue]] WARN  server.GrpcLogAppender (GrpcLogAppender.java:timeoutAppendRequest(200)) - bdd5aae1-c180-43a6-a11a-58912a33bf0b@group-AADE5DCBB6F7->7550e15a-2ff9-4e5e-b05d-d9f072bd52cf-GrpcLogAppender: appendEntries Timeout, request=bdd5aae1-c180-43a6-a11a-58912a33bf0b->7550e15a-2ff9-4e5e-b05d-d9f072bd52cf#29-t1, previous=(t:1, i:12), leaderCommit=8, initializing? false, entries: <empty>
2019-09-17 09:50:13,599 [java.util.concurrent.ThreadPoolExecutor$Worker@6c299a73[State = -1, empty queue]] WARN  server.GrpcLogAppender (GrpcLogAppender.java:timeoutAppendRequest(200)) - bdd5aae1-c180-43a6-a11a-58912a33bf0b@group-AADE5DCBB6F7->97184ed6-1d8a-4db2-a901-2f2d7f2102ca-GrpcLogAppender: appendEntries Timeout, request=bdd5aae1-c180-43a6-a11a-58912a33bf0b->97184ed6-1d8a-4db2-a901-2f2d7f2102ca#29-t1, previous=(t:1, i:12), leaderCommit=8, initializing? false, entries: <empty>
2019-09-17 09:50:14,776 [grpc-default-executor-2] INFO  impl.RaftServerProxy (RaftServerProxy.java:remove(95)) - bdd5aae1-c180-43a6-a11a-58912a33bf0b: remove group-59D05A2C74C8:null
2019-09-17 09:50:14,779 [RatisPipelineUtilsThread] WARN  pipeline.RatisPipelineUtils (RatisPipelineUtils.java:destroyPipeline(66)) - Pipeline destroy failed for pipeline=PipelineID=f7f2f784-1b0d-4fb4-bbde-59d05a2c74c8 dn=bdd5aae1-c180-43a6-a11a-58912a33bf0b{ip: 192.168.34.37, host: pr-hdds-2110-rdjw6-11158954, networkLocation: /default-rack, certSerialId: null}
2019-09-17 09:50:14,782 [grpc-default-executor-2] INFO  impl.RaftServerProxy (RaftServerProxy.java:remove(95)) - 97184ed6-1d8a-4db2-a901-2f2d7f2102ca: remove group-59D05A2C74C8:null
2019-09-17 09:50:14,784 [RatisPipelineUtilsThread] WARN  pipeline.RatisPipelineUtils (RatisPipelineUtils.java:destroyPipeline(66)) - Pipeline destroy failed for pipeline=PipelineID=f7f2f784-1b0d-4fb4-bbde-59d05a2c74c8 dn=97184ed6-1d8a-4db2-a901-2f2d7f2102ca{ip: 192.168.34.37, host: pr-hdds-2110-rdjw6-11158954, networkLocation: /default-rack, certSerialId: null}
2019-09-17 09:50:14,787 [grpc-default-executor-2] INFO  impl.RaftServerProxy (RaftServerProxy.java:remove(95)) - 7550e15a-2ff9-4e5e-b05d-d9f072bd52cf: remove group-59D05A2C74C8:null
2019-09-17 09:50:14,790 [RatisPipelineUtilsThread] WARN  pipeline.RatisPipelineUtils (RatisPipelineUtils.java:destroyPipeline(66)) - Pipeline destroy failed for pipeline=PipelineID=f7f2f784-1b0d-4fb4-bbde-59d05a2c74c8 dn=7550e15a-2ff9-4e5e-b05d-d9f072bd52cf{ip: 192.168.34.37, host: pr-hdds-2110-rdjw6-11158954, networkLocation: /default-rack, certSerialId: null}
2019-09-17 09:50:14,790 [RatisPipelineUtilsThread] ERROR pipeline.SCMPipelineManager (Scheduler.java:lambda$schedule$1(70)) - Destroy pipeline failed for pipeline:Pipeline[ Id: f7f2f784-1b0d-4fb4-bbde-59d05a2c74c8, Nodes: bdd5aae1-c180-43a6-a11a-58912a33bf0b{ip: 192.168.34.37, host: pr-hdds-2110-rdjw6-11158954, networkLocation: /default-rack, certSerialId: null}97184ed6-1d8a-4db2-a901-2f2d7f2102ca{ip: 192.168.34.37, host: pr-hdds-2110-rdjw6-11158954, networkLocation: /default-rack, certSerialId: null}7550e15a-2ff9-4e5e-b05d-d9f072bd52cf{ip: 192.168.34.37, host: pr-hdds-2110-rdjw6-11158954, networkLocation: /default-rack, certSerialId: null}, Type:RATIS, Factor:THREE, State:CLOSED]
org.apache.hadoop.hdds.scm.pipeline.PipelineNotFoundException: PipelineID=f7f2f784-1b0d-4fb4-bbde-59d05a2c74c8 not found
	at org.apache.hadoop.hdds.scm.pipeline.PipelineStateMap.getPipeline(PipelineStateMap.java:132)
	at org.apache.hadoop.hdds.scm.pipeline.PipelineStateMap.removePipeline(PipelineStateMap.java:322)
	at org.apache.hadoop.hdds.scm.pipeline.PipelineStateManager.removePipeline(PipelineStateManager.java:107)
	at org.apache.hadoop.hdds.scm.pipeline.SCMPipelineManager.removePipeline(SCMPipelineManager.java:423)
	at org.apache.hadoop.hdds.scm.pipeline.SCMPipelineManager.destroyPipeline(SCMPipelineManager.java:409)
	at org.apache.hadoop.hdds.scm.pipeline.SCMPipelineManager.lambda$finalizeAndDestroyPipeline$0(SCMPipelineManager.java:318)
	at org.apache.hadoop.utils.Scheduler.lambda$schedule$1(Scheduler.java:68)
	at java.util.concurrent.Executors$RunnableAdapter.call(Executors.java:511)
	at java.util.concurrent.FutureTask.run(FutureTask.java:266)
	at java.util.concurrent.ScheduledThreadPoolExecutor$ScheduledFutureTask.access$201(ScheduledThreadPoolExecutor.java:180)
	at java.util.concurrent.ScheduledThreadPoolExecutor$ScheduledFutureTask.run(ScheduledThreadPoolExecutor.java:293)
	at java.util.concurrent.ThreadPoolExecutor.runWorker(ThreadPoolExecutor.java:1149)
	at java.util.concurrent.ThreadPoolExecutor$Worker.run(ThreadPoolExecutor.java:624)
	at java.lang.Thread.run(Thread.java:748)
2019-09-17 09:50:15,776 [grpc-default-executor-3] INFO  impl.RaftServerProxy (RaftServerProxy.java:remove(95)) - bdd5aae1-c180-43a6-a11a-58912a33bf0b: remove group-59D05A2C74C8:null
2019-09-17 09:50:15,779 [RatisPipelineUtilsThread] WARN  pipeline.RatisPipelineUtils (RatisPipelineUtils.java:destroyPipeline(66)) - Pipeline destroy failed for pipeline=PipelineID=f7f2f784-1b0d-4fb4-bbde-59d05a2c74c8 dn=bdd5aae1-c180-43a6-a11a-58912a33bf0b{ip: 192.168.34.37, host: pr-hdds-2110-rdjw6-11158954, networkLocation: /default-rack, certSerialId: null}
2019-09-17 09:50:15,782 [grpc-default-executor-3] INFO  impl.RaftServerProxy (RaftServerProxy.java:remove(95)) - 97184ed6-1d8a-4db2-a901-2f2d7f2102ca: remove group-59D05A2C74C8:null
2019-09-17 09:50:15,784 [RatisPipelineUtilsThread] WARN  pipeline.RatisPipelineUtils (RatisPipelineUtils.java:destroyPipeline(66)) - Pipeline destroy failed for pipeline=PipelineID=f7f2f784-1b0d-4fb4-bbde-59d05a2c74c8 dn=97184ed6-1d8a-4db2-a901-2f2d7f2102ca{ip: 192.168.34.37, host: pr-hdds-2110-rdjw6-11158954, networkLocation: /default-rack, certSerialId: null}
2019-09-17 09:50:15,787 [grpc-default-executor-3] INFO  impl.RaftServerProxy (RaftServerProxy.java:remove(95)) - 7550e15a-2ff9-4e5e-b05d-d9f072bd52cf: remove group-59D05A2C74C8:null
2019-09-17 09:50:15,789 [RatisPipelineUtilsThread] WARN  pipeline.RatisPipelineUtils (RatisPipelineUtils.java:destroyPipeline(66)) - Pipeline destroy failed for pipeline=PipelineID=f7f2f784-1b0d-4fb4-bbde-59d05a2c74c8 dn=7550e15a-2ff9-4e5e-b05d-d9f072bd52cf{ip: 192.168.34.37, host: pr-hdds-2110-rdjw6-11158954, networkLocation: /default-rack, certSerialId: null}
2019-09-17 09:50:15,789 [RatisPipelineUtilsThread] ERROR pipeline.SCMPipelineManager (Scheduler.java:lambda$schedule$1(70)) - Destroy pipeline failed for pipeline:Pipeline[ Id: f7f2f784-1b0d-4fb4-bbde-59d05a2c74c8, Nodes: bdd5aae1-c180-43a6-a11a-58912a33bf0b{ip: 192.168.34.37, host: pr-hdds-2110-rdjw6-11158954, networkLocation: /default-rack, certSerialId: null}97184ed6-1d8a-4db2-a901-2f2d7f2102ca{ip: 192.168.34.37, host: pr-hdds-2110-rdjw6-11158954, networkLocation: /default-rack, certSerialId: null}7550e15a-2ff9-4e5e-b05d-d9f072bd52cf{ip: 192.168.34.37, host: pr-hdds-2110-rdjw6-11158954, networkLocation: /default-rack, certSerialId: null}, Type:RATIS, Factor:THREE, State:CLOSED]
org.apache.hadoop.hdds.scm.pipeline.PipelineNotFoundException: PipelineID=f7f2f784-1b0d-4fb4-bbde-59d05a2c74c8 not found
	at org.apache.hadoop.hdds.scm.pipeline.PipelineStateMap.getPipeline(PipelineStateMap.java:132)
	at org.apache.hadoop.hdds.scm.pipeline.PipelineStateMap.removePipeline(PipelineStateMap.java:322)
	at org.apache.hadoop.hdds.scm.pipeline.PipelineStateManager.removePipeline(PipelineStateManager.java:107)
	at org.apache.hadoop.hdds.scm.pipeline.SCMPipelineManager.removePipeline(SCMPipelineManager.java:423)
	at org.apache.hadoop.hdds.scm.pipeline.SCMPipelineManager.destroyPipeline(SCMPipelineManager.java:409)
	at org.apache.hadoop.hdds.scm.pipeline.SCMPipelineManager.lambda$finalizeAndDestroyPipeline$0(SCMPipelineManager.java:318)
	at org.apache.hadoop.utils.Scheduler.lambda$schedule$1(Scheduler.java:68)
	at java.util.concurrent.Executors$RunnableAdapter.call(Executors.java:511)
	at java.util.concurrent.FutureTask.run(FutureTask.java:266)
	at java.util.concurrent.ScheduledThreadPoolExecutor$ScheduledFutureTask.access$201(ScheduledThreadPoolExecutor.java:180)
	at java.util.concurrent.ScheduledThreadPoolExecutor$ScheduledFutureTask.run(ScheduledThreadPoolExecutor.java:293)
	at java.util.concurrent.ThreadPoolExecutor.runWorker(ThreadPoolExecutor.java:1149)
	at java.util.concurrent.ThreadPoolExecutor$Worker.run(ThreadPoolExecutor.java:624)
	at java.lang.Thread.run(Thread.java:748)
2019-09-17 09:50:16,099 [java.util.concurrent.ThreadPoolExecutor$Worker@3c3e5e28[State = -1, empty queue]] WARN  server.GrpcLogAppender (GrpcLogAppender.java:timeoutAppendRequest(200)) - bdd5aae1-c180-43a6-a11a-58912a33bf0b@group-AADE5DCBB6F7->7550e15a-2ff9-4e5e-b05d-d9f072bd52cf-GrpcLogAppender: appendEntries Timeout, request=bdd5aae1-c180-43a6-a11a-58912a33bf0b->7550e15a-2ff9-4e5e-b05d-d9f072bd52cf#30-t1, previous=(t:1, i:12), leaderCommit=8, initializing? false, entries: <empty>
2019-09-17 09:50:16,099 [java.util.concurrent.ThreadPoolExecutor$Worker@6c299a73[State = -1, empty queue]] WARN  server.GrpcLogAppender (GrpcLogAppender.java:timeoutAppendRequest(200)) - bdd5aae1-c180-43a6-a11a-58912a33bf0b@group-AADE5DCBB6F7->97184ed6-1d8a-4db2-a901-2f2d7f2102ca-GrpcLogAppender: appendEntries Timeout, request=bdd5aae1-c180-43a6-a11a-58912a33bf0b->97184ed6-1d8a-4db2-a901-2f2d7f2102ca#30-t1, previous=(t:1, i:12), leaderCommit=8, initializing? false, entries: <empty>
2019-09-17 09:50:17,776 [grpc-default-executor-2] INFO  impl.RaftServerProxy (RaftServerProxy.java:remove(95)) - bdd5aae1-c180-43a6-a11a-58912a33bf0b: remove group-59D05A2C74C8:null
2019-09-17 09:50:17,778 [RatisPipelineUtilsThread] WARN  pipeline.RatisPipelineUtils (RatisPipelineUtils.java:destroyPipeline(66)) - Pipeline destroy failed for pipeline=PipelineID=f7f2f784-1b0d-4fb4-bbde-59d05a2c74c8 dn=bdd5aae1-c180-43a6-a11a-58912a33bf0b{ip: 192.168.34.37, host: pr-hdds-2110-rdjw6-11158954, networkLocation: /default-rack, certSerialId: null}
2019-09-17 09:50:17,781 [grpc-default-executor-2] INFO  impl.RaftServerProxy (RaftServerProxy.java:remove(95)) - 97184ed6-1d8a-4db2-a901-2f2d7f2102ca: remove group-59D05A2C74C8:null
2019-09-17 09:50:17,783 [RatisPipelineUtilsThread] WARN  pipeline.RatisPipelineUtils (RatisPipelineUtils.java:destroyPipeline(66)) - Pipeline destroy failed for pipeline=PipelineID=f7f2f784-1b0d-4fb4-bbde-59d05a2c74c8 dn=97184ed6-1d8a-4db2-a901-2f2d7f2102ca{ip: 192.168.34.37, host: pr-hdds-2110-rdjw6-11158954, networkLocation: /default-rack, certSerialId: null}
2019-09-17 09:50:17,786 [grpc-default-executor-2] INFO  impl.RaftServerProxy (RaftServerProxy.java:remove(95)) - 7550e15a-2ff9-4e5e-b05d-d9f072bd52cf: remove group-59D05A2C74C8:null
2019-09-17 09:50:17,788 [RatisPipelineUtilsThread] WARN  pipeline.RatisPipelineUtils (RatisPipelineUtils.java:destroyPipeline(66)) - Pipeline destroy failed for pipeline=PipelineID=f7f2f784-1b0d-4fb4-bbde-59d05a2c74c8 dn=7550e15a-2ff9-4e5e-b05d-d9f072bd52cf{ip: 192.168.34.37, host: pr-hdds-2110-rdjw6-11158954, networkLocation: /default-rack, certSerialId: null}
2019-09-17 09:50:17,795 [RatisPipelineUtilsThread] ERROR pipeline.SCMPipelineManager (Scheduler.java:lambda$schedule$1(70)) - Destroy pipeline failed for pipeline:Pipeline[ Id: f7f2f784-1b0d-4fb4-bbde-59d05a2c74c8, Nodes: bdd5aae1-c180-43a6-a11a-58912a33bf0b{ip: 192.168.34.37, host: pr-hdds-2110-rdjw6-11158954, networkLocation: /default-rack, certSerialId: null}97184ed6-1d8a-4db2-a901-2f2d7f2102ca{ip: 192.168.34.37, host: pr-hdds-2110-rdjw6-11158954, networkLocation: /default-rack, certSerialId: null}7550e15a-2ff9-4e5e-b05d-d9f072bd52cf{ip: 192.168.34.37, host: pr-hdds-2110-rdjw6-11158954, networkLocation: /default-rack, certSerialId: null}, Type:RATIS, Factor:THREE, State:CLOSED]
org.apache.hadoop.hdds.scm.pipeline.PipelineNotFoundException: PipelineID=f7f2f784-1b0d-4fb4-bbde-59d05a2c74c8 not found
	at org.apache.hadoop.hdds.scm.pipeline.PipelineStateMap.getPipeline(PipelineStateMap.java:132)
	at org.apache.hadoop.hdds.scm.pipeline.PipelineStateMap.removePipeline(PipelineStateMap.java:322)
	at org.apache.hadoop.hdds.scm.pipeline.PipelineStateManager.removePipeline(PipelineStateManager.java:107)
	at org.apache.hadoop.hdds.scm.pipeline.SCMPipelineManager.removePipeline(SCMPipelineManager.java:423)
	at org.apache.hadoop.hdds.scm.pipeline.SCMPipelineManager.destroyPipeline(SCMPipelineManager.java:409)
	at org.apache.hadoop.hdds.scm.pipeline.SCMPipelineManager.lambda$finalizeAndDestroyPipeline$0(SCMPipelineManager.java:318)
	at org.apache.hadoop.utils.Scheduler.lambda$schedule$1(Scheduler.java:68)
	at java.util.concurrent.Executors$RunnableAdapter.call(Executors.java:511)
	at java.util.concurrent.FutureTask.run(FutureTask.java:266)
	at java.util.concurrent.ScheduledThreadPoolExecutor$ScheduledFutureTask.access$201(ScheduledThreadPoolExecutor.java:180)
	at java.util.concurrent.ScheduledThreadPoolExecutor$ScheduledFutureTask.run(ScheduledThreadPoolExecutor.java:293)
	at java.util.concurrent.ThreadPoolExecutor.runWorker(ThreadPoolExecutor.java:1149)
	at java.util.concurrent.ThreadPoolExecutor$Worker.run(ThreadPoolExecutor.java:624)
	at java.lang.Thread.run(Thread.java:748)
2019-09-17 09:50:18,572 [grpc-default-executor-2] INFO  client.GrpcClientProtocolClient (GrpcClientProtocolClient.java:onNext(264)) - client-FBF7F1E1319D->97184ed6-1d8a-4db2-a901-2f2d7f2102ca: receive RaftClientReply:client-FBF7F1E1319D->97184ed6-1d8a-4db2-a901-2f2d7f2102ca@group-AADE5DCBB6F7, cid=57, FAILED org.apache.ratis.protocol.NotLeaderException: Server 97184ed6-1d8a-4db2-a901-2f2d7f2102ca@group-AADE5DCBB6F7 is not the leader bdd5aae1-c180-43a6-a11a-58912a33bf0b:192.168.34.37:44158, logIndex=0, commits[97184ed6-1d8a-4db2-a901-2f2d7f2102ca:c8, bdd5aae1-c180-43a6-a11a-58912a33bf0b:c8, 7550e15a-2ff9-4e5e-b05d-d9f072bd52cf:c8]
2019-09-17 09:50:18,599 [java.util.concurrent.ThreadPoolExecutor$Worker@6c299a73[State = -1, empty queue]] WARN  server.GrpcLogAppender (GrpcLogAppender.java:timeoutAppendRequest(200)) - bdd5aae1-c180-43a6-a11a-58912a33bf0b@group-AADE5DCBB6F7->97184ed6-1d8a-4db2-a901-2f2d7f2102ca-GrpcLogAppender: appendEntries Timeout, request=bdd5aae1-c180-43a6-a11a-58912a33bf0b->97184ed6-1d8a-4db2-a901-2f2d7f2102ca#31-t1, previous=(t:1, i:12), leaderCommit=8, initializing? false, entries: <empty>
2019-09-17 09:50:18,599 [java.util.concurrent.ThreadPoolExecutor$Worker@3c3e5e28[State = -1, empty queue]] WARN  server.GrpcLogAppender (GrpcLogAppender.java:timeoutAppendRequest(200)) - bdd5aae1-c180-43a6-a11a-58912a33bf0b@group-AADE5DCBB6F7->7550e15a-2ff9-4e5e-b05d-d9f072bd52cf-GrpcLogAppender: appendEntries Timeout, request=bdd5aae1-c180-43a6-a11a-58912a33bf0b->7550e15a-2ff9-4e5e-b05d-d9f072bd52cf#31-t1, previous=(t:1, i:12), leaderCommit=8, initializing? false, entries: <empty>
2019-09-17 09:50:19,777 [grpc-default-executor-2] INFO  impl.RaftServerProxy (RaftServerProxy.java:remove(95)) - bdd5aae1-c180-43a6-a11a-58912a33bf0b: remove group-59D05A2C74C8:null
2019-09-17 09:50:19,780 [RatisPipelineUtilsThread] WARN  pipeline.RatisPipelineUtils (RatisPipelineUtils.java:destroyPipeline(66)) - Pipeline destroy failed for pipeline=PipelineID=f7f2f784-1b0d-4fb4-bbde-59d05a2c74c8 dn=bdd5aae1-c180-43a6-a11a-58912a33bf0b{ip: 192.168.34.37, host: pr-hdds-2110-rdjw6-11158954, networkLocation: /default-rack, certSerialId: null}
2019-09-17 09:50:19,783 [grpc-default-executor-2] INFO  impl.RaftServerProxy (RaftServerProxy.java:remove(95)) - 97184ed6-1d8a-4db2-a901-2f2d7f2102ca: remove group-59D05A2C74C8:null
2019-09-17 09:50:19,785 [RatisPipelineUtilsThread] WARN  pipeline.RatisPipelineUtils (RatisPipelineUtils.java:destroyPipeline(66)) - Pipeline destroy failed for pipeline=PipelineID=f7f2f784-1b0d-4fb4-bbde-59d05a2c74c8 dn=97184ed6-1d8a-4db2-a901-2f2d7f2102ca{ip: 192.168.34.37, host: pr-hdds-2110-rdjw6-11158954, networkLocation: /default-rack, certSerialId: null}
2019-09-17 09:50:19,788 [grpc-default-executor-2] INFO  impl.RaftServerProxy (RaftServerProxy.java:remove(95)) - 7550e15a-2ff9-4e5e-b05d-d9f072bd52cf: remove group-59D05A2C74C8:null
2019-09-17 09:50:19,790 [RatisPipelineUtilsThread] WARN  pipeline.RatisPipelineUtils (RatisPipelineUtils.java:destroyPipeline(66)) - Pipeline destroy failed for pipeline=PipelineID=f7f2f784-1b0d-4fb4-bbde-59d05a2c74c8 dn=7550e15a-2ff9-4e5e-b05d-d9f072bd52cf{ip: 192.168.34.37, host: pr-hdds-2110-rdjw6-11158954, networkLocation: /default-rack, certSerialId: null}
2019-09-17 09:50:19,790 [RatisPipelineUtilsThread] ERROR pipeline.SCMPipelineManager (Scheduler.java:lambda$schedule$1(70)) - Destroy pipeline failed for pipeline:Pipeline[ Id: f7f2f784-1b0d-4fb4-bbde-59d05a2c74c8, Nodes: bdd5aae1-c180-43a6-a11a-58912a33bf0b{ip: 192.168.34.37, host: pr-hdds-2110-rdjw6-11158954, networkLocation: /default-rack, certSerialId: null}97184ed6-1d8a-4db2-a901-2f2d7f2102ca{ip: 192.168.34.37, host: pr-hdds-2110-rdjw6-11158954, networkLocation: /default-rack, certSerialId: null}7550e15a-2ff9-4e5e-b05d-d9f072bd52cf{ip: 192.168.34.37, host: pr-hdds-2110-rdjw6-11158954, networkLocation: /default-rack, certSerialId: null}, Type:RATIS, Factor:THREE, State:CLOSED]
org.apache.hadoop.hdds.scm.pipeline.PipelineNotFoundException: PipelineID=f7f2f784-1b0d-4fb4-bbde-59d05a2c74c8 not found
	at org.apache.hadoop.hdds.scm.pipeline.PipelineStateMap.getPipeline(PipelineStateMap.java:132)
	at org.apache.hadoop.hdds.scm.pipeline.PipelineStateMap.removePipeline(PipelineStateMap.java:322)
	at org.apache.hadoop.hdds.scm.pipeline.PipelineStateManager.removePipeline(PipelineStateManager.java:107)
	at org.apache.hadoop.hdds.scm.pipeline.SCMPipelineManager.removePipeline(SCMPipelineManager.java:423)
	at org.apache.hadoop.hdds.scm.pipeline.SCMPipelineManager.destroyPipeline(SCMPipelineManager.java:409)
	at org.apache.hadoop.hdds.scm.pipeline.SCMPipelineManager.lambda$finalizeAndDestroyPipeline$0(SCMPipelineManager.java:318)
	at org.apache.hadoop.utils.Scheduler.lambda$schedule$1(Scheduler.java:68)
	at java.util.concurrent.Executors$RunnableAdapter.call(Executors.java:511)
	at java.util.concurrent.FutureTask.run(FutureTask.java:266)
	at java.util.concurrent.ScheduledThreadPoolExecutor$ScheduledFutureTask.access$201(ScheduledThreadPoolExecutor.java:180)
	at java.util.concurrent.ScheduledThreadPoolExecutor$ScheduledFutureTask.run(ScheduledThreadPoolExecutor.java:293)
	at java.util.concurrent.ThreadPoolExecutor.runWorker(ThreadPoolExecutor.java:1149)
	at java.util.concurrent.ThreadPoolExecutor$Worker.run(ThreadPoolExecutor.java:624)
	at java.lang.Thread.run(Thread.java:748)
2019-09-17 09:50:20,777 [grpc-default-executor-3] INFO  impl.RaftServerProxy (RaftServerProxy.java:remove(95)) - bdd5aae1-c180-43a6-a11a-58912a33bf0b: remove group-59D05A2C74C8:null
2019-09-17 09:50:20,779 [RatisPipelineUtilsThread] WARN  pipeline.RatisPipelineUtils (RatisPipelineUtils.java:destroyPipeline(66)) - Pipeline destroy failed for pipeline=PipelineID=f7f2f784-1b0d-4fb4-bbde-59d05a2c74c8 dn=bdd5aae1-c180-43a6-a11a-58912a33bf0b{ip: 192.168.34.37, host: pr-hdds-2110-rdjw6-11158954, networkLocation: /default-rack, certSerialId: null}
2019-09-17 09:50:20,782 [grpc-default-executor-3] INFO  impl.RaftServerProxy (RaftServerProxy.java:remove(95)) - 97184ed6-1d8a-4db2-a901-2f2d7f2102ca: remove group-59D05A2C74C8:null
2019-09-17 09:50:20,784 [RatisPipelineUtilsThread] WARN  pipeline.RatisPipelineUtils (RatisPipelineUtils.java:destroyPipeline(66)) - Pipeline destroy failed for pipeline=PipelineID=f7f2f784-1b0d-4fb4-bbde-59d05a2c74c8 dn=97184ed6-1d8a-4db2-a901-2f2d7f2102ca{ip: 192.168.34.37, host: pr-hdds-2110-rdjw6-11158954, networkLocation: /default-rack, certSerialId: null}
2019-09-17 09:50:20,787 [grpc-default-executor-3] INFO  impl.RaftServerProxy (RaftServerProxy.java:remove(95)) - 7550e15a-2ff9-4e5e-b05d-d9f072bd52cf: remove group-59D05A2C74C8:null
2019-09-17 09:50:20,789 [RatisPipelineUtilsThread] WARN  pipeline.RatisPipelineUtils (RatisPipelineUtils.java:destroyPipeline(66)) - Pipeline destroy failed for pipeline=PipelineID=f7f2f784-1b0d-4fb4-bbde-59d05a2c74c8 dn=7550e15a-2ff9-4e5e-b05d-d9f072bd52cf{ip: 192.168.34.37, host: pr-hdds-2110-rdjw6-11158954, networkLocation: /default-rack, certSerialId: null}
2019-09-17 09:50:20,789 [RatisPipelineUtilsThread] ERROR pipeline.SCMPipelineManager (Scheduler.java:lambda$schedule$1(70)) - Destroy pipeline failed for pipeline:Pipeline[ Id: f7f2f784-1b0d-4fb4-bbde-59d05a2c74c8, Nodes: bdd5aae1-c180-43a6-a11a-58912a33bf0b{ip: 192.168.34.37, host: pr-hdds-2110-rdjw6-11158954, networkLocation: /default-rack, certSerialId: null}97184ed6-1d8a-4db2-a901-2f2d7f2102ca{ip: 192.168.34.37, host: pr-hdds-2110-rdjw6-11158954, networkLocation: /default-rack, certSerialId: null}7550e15a-2ff9-4e5e-b05d-d9f072bd52cf{ip: 192.168.34.37, host: pr-hdds-2110-rdjw6-11158954, networkLocation: /default-rack, certSerialId: null}, Type:RATIS, Factor:THREE, State:CLOSED]
org.apache.hadoop.hdds.scm.pipeline.PipelineNotFoundException: PipelineID=f7f2f784-1b0d-4fb4-bbde-59d05a2c74c8 not found
	at org.apache.hadoop.hdds.scm.pipeline.PipelineStateMap.getPipeline(PipelineStateMap.java:132)
	at org.apache.hadoop.hdds.scm.pipeline.PipelineStateMap.removePipeline(PipelineStateMap.java:322)
	at org.apache.hadoop.hdds.scm.pipeline.PipelineStateManager.removePipeline(PipelineStateManager.java:107)
	at org.apache.hadoop.hdds.scm.pipeline.SCMPipelineManager.removePipeline(SCMPipelineManager.java:423)
	at org.apache.hadoop.hdds.scm.pipeline.SCMPipelineManager.destroyPipeline(SCMPipelineManager.java:409)
	at org.apache.hadoop.hdds.scm.pipeline.SCMPipelineManager.lambda$finalizeAndDestroyPipeline$0(SCMPipelineManager.java:318)
	at org.apache.hadoop.utils.Scheduler.lambda$schedule$1(Scheduler.java:68)
	at java.util.concurrent.Executors$RunnableAdapter.call(Executors.java:511)
	at java.util.concurrent.FutureTask.run(FutureTask.java:266)
	at java.util.concurrent.ScheduledThreadPoolExecutor$ScheduledFutureTask.access$201(ScheduledThreadPoolExecutor.java:180)
	at java.util.concurrent.ScheduledThreadPoolExecutor$ScheduledFutureTask.run(ScheduledThreadPoolExecutor.java:293)
	at java.util.concurrent.ThreadPoolExecutor.runWorker(ThreadPoolExecutor.java:1149)
	at java.util.concurrent.ThreadPoolExecutor$Worker.run(ThreadPoolExecutor.java:624)
	at java.lang.Thread.run(Thread.java:748)
2019-09-17 09:50:21,100 [java.util.concurrent.ThreadPoolExecutor$Worker@3c3e5e28[State = -1, empty queue]] WARN  server.GrpcLogAppender (GrpcLogAppender.java:timeoutAppendRequest(200)) - bdd5aae1-c180-43a6-a11a-58912a33bf0b@group-AADE5DCBB6F7->7550e15a-2ff9-4e5e-b05d-d9f072bd52cf-GrpcLogAppender: appendEntries Timeout, request=bdd5aae1-c180-43a6-a11a-58912a33bf0b->7550e15a-2ff9-4e5e-b05d-d9f072bd52cf#32-t1, previous=(t:1, i:12), leaderCommit=8, initializing? false, entries: <empty>
2019-09-17 09:50:21,100 [java.util.concurrent.ThreadPoolExecutor$Worker@6c299a73[State = -1, empty queue]] WARN  server.GrpcLogAppender (GrpcLogAppender.java:timeoutAppendRequest(200)) - bdd5aae1-c180-43a6-a11a-58912a33bf0b@group-AADE5DCBB6F7->97184ed6-1d8a-4db2-a901-2f2d7f2102ca-GrpcLogAppender: appendEntries Timeout, request=bdd5aae1-c180-43a6-a11a-58912a33bf0b->97184ed6-1d8a-4db2-a901-2f2d7f2102ca#32-t1, previous=(t:1, i:12), leaderCommit=8, initializing? false, entries: <empty>
2019-09-17 09:50:22,782 [grpc-default-executor-2] INFO  impl.RaftServerProxy (RaftServerProxy.java:remove(95)) - bdd5aae1-c180-43a6-a11a-58912a33bf0b: remove group-59D05A2C74C8:null
2019-09-17 09:50:22,786 [RatisPipelineUtilsThread] WARN  pipeline.RatisPipelineUtils (RatisPipelineUtils.java:destroyPipeline(66)) - Pipeline destroy failed for pipeline=PipelineID=f7f2f784-1b0d-4fb4-bbde-59d05a2c74c8 dn=bdd5aae1-c180-43a6-a11a-58912a33bf0b{ip: 192.168.34.37, host: pr-hdds-2110-rdjw6-11158954, networkLocation: /default-rack, certSerialId: null}
2019-09-17 09:50:22,789 [grpc-default-executor-2] INFO  impl.RaftServerProxy (RaftServerProxy.java:remove(95)) - 97184ed6-1d8a-4db2-a901-2f2d7f2102ca: remove group-59D05A2C74C8:null
2019-09-17 09:50:22,792 [RatisPipelineUtilsThread] WARN  pipeline.RatisPipelineUtils (RatisPipelineUtils.java:destroyPipeline(66)) - Pipeline destroy failed for pipeline=PipelineID=f7f2f784-1b0d-4fb4-bbde-59d05a2c74c8 dn=97184ed6-1d8a-4db2-a901-2f2d7f2102ca{ip: 192.168.34.37, host: pr-hdds-2110-rdjw6-11158954, networkLocation: /default-rack, certSerialId: null}
2019-09-17 09:50:22,795 [grpc-default-executor-2] INFO  impl.RaftServerProxy (RaftServerProxy.java:remove(95)) - 7550e15a-2ff9-4e5e-b05d-d9f072bd52cf: remove group-59D05A2C74C8:null
2019-09-17 09:50:22,797 [RatisPipelineUtilsThread] WARN  pipeline.RatisPipelineUtils (RatisPipelineUtils.java:destroyPipeline(66)) - Pipeline destroy failed for pipeline=PipelineID=f7f2f784-1b0d-4fb4-bbde-59d05a2c74c8 dn=7550e15a-2ff9-4e5e-b05d-d9f072bd52cf{ip: 192.168.34.37, host: pr-hdds-2110-rdjw6-11158954, networkLocation: /default-rack, certSerialId: null}
2019-09-17 09:50:22,798 [RatisPipelineUtilsThread] ERROR pipeline.SCMPipelineManager (Scheduler.java:lambda$schedule$1(70)) - Destroy pipeline failed for pipeline:Pipeline[ Id: f7f2f784-1b0d-4fb4-bbde-59d05a2c74c8, Nodes: bdd5aae1-c180-43a6-a11a-58912a33bf0b{ip: 192.168.34.37, host: pr-hdds-2110-rdjw6-11158954, networkLocation: /default-rack, certSerialId: null}97184ed6-1d8a-4db2-a901-2f2d7f2102ca{ip: 192.168.34.37, host: pr-hdds-2110-rdjw6-11158954, networkLocation: /default-rack, certSerialId: null}7550e15a-2ff9-4e5e-b05d-d9f072bd52cf{ip: 192.168.34.37, host: pr-hdds-2110-rdjw6-11158954, networkLocation: /default-rack, certSerialId: null}, Type:RATIS, Factor:THREE, State:CLOSED]
org.apache.hadoop.hdds.scm.pipeline.PipelineNotFoundException: PipelineID=f7f2f784-1b0d-4fb4-bbde-59d05a2c74c8 not found
	at org.apache.hadoop.hdds.scm.pipeline.PipelineStateMap.getPipeline(PipelineStateMap.java:132)
	at org.apache.hadoop.hdds.scm.pipeline.PipelineStateMap.removePipeline(PipelineStateMap.java:322)
	at org.apache.hadoop.hdds.scm.pipeline.PipelineStateManager.removePipeline(PipelineStateManager.java:107)
	at org.apache.hadoop.hdds.scm.pipeline.SCMPipelineManager.removePipeline(SCMPipelineManager.java:423)
	at org.apache.hadoop.hdds.scm.pipeline.SCMPipelineManager.destroyPipeline(SCMPipelineManager.java:409)
	at org.apache.hadoop.hdds.scm.pipeline.SCMPipelineManager.lambda$finalizeAndDestroyPipeline$0(SCMPipelineManager.java:318)
	at org.apache.hadoop.utils.Scheduler.lambda$schedule$1(Scheduler.java:68)
	at java.util.concurrent.Executors$RunnableAdapter.call(Executors.java:511)
	at java.util.concurrent.FutureTask.run(FutureTask.java:266)
	at java.util.concurrent.ScheduledThreadPoolExecutor$ScheduledFutureTask.access$201(ScheduledThreadPoolExecutor.java:180)
	at java.util.concurrent.ScheduledThreadPoolExecutor$ScheduledFutureTask.run(ScheduledThreadPoolExecutor.java:293)
	at java.util.concurrent.ThreadPoolExecutor.runWorker(ThreadPoolExecutor.java:1149)
	at java.util.concurrent.ThreadPoolExecutor$Worker.run(ThreadPoolExecutor.java:624)
	at java.lang.Thread.run(Thread.java:748)
2019-09-17 09:50:23,089 [bdd5aae1-c180-43a6-a11a-58912a33bf0b@group-AADE5DCBB6F7-SegmentedRaftLogWorker] WARN  segmented.SegmentedRaftLogWorker (SegmentedRaftLogWorker.java:getFromFuture(90)) - Timeout 4/~
org.apache.ratis.protocol.TimeoutIOException: Timeout 10s: WriteLog:9: (t:1, i:9), STATEMACHINELOGENTRY, client-FBF7F1E1319D, cid=57-writeStateMachineData
	at org.apache.ratis.util.IOUtils.getFromFuture(IOUtils.java:87)
	at org.apache.ratis.server.raftlog.segmented.SegmentedRaftLogWorker$StateMachineDataPolicy.getFromFuture(SegmentedRaftLogWorker.java:87)
	at org.apache.ratis.server.raftlog.segmented.SegmentedRaftLogWorker$WriteLog.execute(SegmentedRaftLogWorker.java:477)
	at org.apache.ratis.server.raftlog.segmented.SegmentedRaftLogWorker.run(SegmentedRaftLogWorker.java:289)
	at java.lang.Thread.run(Thread.java:748)
Caused by: java.util.concurrent.TimeoutException
	at java.util.concurrent.CompletableFuture.timedGet(CompletableFuture.java:1771)
	at java.util.concurrent.CompletableFuture.get(CompletableFuture.java:1915)
	at org.apache.ratis.util.IOUtils.getFromFuture(IOUtils.java:79)
	... 4 more
2019-09-17 09:50:23,091 [7550e15a-2ff9-4e5e-b05d-d9f072bd52cf@group-AADE5DCBB6F7-SegmentedRaftLogWorker] WARN  segmented.SegmentedRaftLogWorker (SegmentedRaftLogWorker.java:getFromFuture(90)) - Timeout 4/~
org.apache.ratis.protocol.TimeoutIOException: Timeout 10s: WriteLog:9: (t:1, i:9), STATEMACHINELOGENTRY, client-FBF7F1E1319D, cid=57-writeStateMachineData
	at org.apache.ratis.util.IOUtils.getFromFuture(IOUtils.java:87)
	at org.apache.ratis.server.raftlog.segmented.SegmentedRaftLogWorker$StateMachineDataPolicy.getFromFuture(SegmentedRaftLogWorker.java:87)
	at org.apache.ratis.server.raftlog.segmented.SegmentedRaftLogWorker$WriteLog.execute(SegmentedRaftLogWorker.java:477)
	at org.apache.ratis.server.raftlog.segmented.SegmentedRaftLogWorker.run(SegmentedRaftLogWorker.java:289)
	at java.lang.Thread.run(Thread.java:748)
Caused by: java.util.concurrent.TimeoutException
	at java.util.concurrent.CompletableFuture.timedGet(CompletableFuture.java:1771)
	at java.util.concurrent.CompletableFuture.get(CompletableFuture.java:1915)
	at org.apache.ratis.util.IOUtils.getFromFuture(IOUtils.java:79)
	... 4 more
2019-09-17 09:50:23,093 [97184ed6-1d8a-4db2-a901-2f2d7f2102ca@group-AADE5DCBB6F7-SegmentedRaftLogWorker] WARN  segmented.SegmentedRaftLogWorker (SegmentedRaftLogWorker.java:getFromFuture(90)) - Timeout 4/~
org.apache.ratis.protocol.TimeoutIOException: Timeout 10s: WriteLog:9: (t:1, i:9), STATEMACHINELOGENTRY, client-FBF7F1E1319D, cid=57-writeStateMachineData
	at org.apache.ratis.util.IOUtils.getFromFuture(IOUtils.java:87)
	at org.apache.ratis.server.raftlog.segmented.SegmentedRaftLogWorker$StateMachineDataPolicy.getFromFuture(SegmentedRaftLogWorker.java:87)
	at org.apache.ratis.server.raftlog.segmented.SegmentedRaftLogWorker$WriteLog.execute(SegmentedRaftLogWorker.java:477)
	at org.apache.ratis.server.raftlog.segmented.SegmentedRaftLogWorker.run(SegmentedRaftLogWorker.java:289)
	at java.lang.Thread.run(Thread.java:748)
Caused by: java.util.concurrent.TimeoutException
	at java.util.concurrent.CompletableFuture.timedGet(CompletableFuture.java:1771)
	at java.util.concurrent.CompletableFuture.get(CompletableFuture.java:1915)
	at org.apache.ratis.util.IOUtils.getFromFuture(IOUtils.java:79)
	... 4 more
2019-09-17 09:50:23,600 [java.util.concurrent.ThreadPoolExecutor$Worker@6c299a73[State = -1, empty queue]] WARN  server.GrpcLogAppender (GrpcLogAppender.java:timeoutAppendRequest(200)) - bdd5aae1-c180-43a6-a11a-58912a33bf0b@group-AADE5DCBB6F7->97184ed6-1d8a-4db2-a901-2f2d7f2102ca-GrpcLogAppender: appendEntries Timeout, request=bdd5aae1-c180-43a6-a11a-58912a33bf0b->97184ed6-1d8a-4db2-a901-2f2d7f2102ca#33-t1, previous=(t:1, i:12), leaderCommit=8, initializing? false, entries: <empty>
2019-09-17 09:50:23,600 [java.util.concurrent.ThreadPoolExecutor$Worker@3c3e5e28[State = -1, empty queue]] WARN  server.GrpcLogAppender (GrpcLogAppender.java:timeoutAppendRequest(200)) - bdd5aae1-c180-43a6-a11a-58912a33bf0b@group-AADE5DCBB6F7->7550e15a-2ff9-4e5e-b05d-d9f072bd52cf-GrpcLogAppender: appendEntries Timeout, request=bdd5aae1-c180-43a6-a11a-58912a33bf0b->7550e15a-2ff9-4e5e-b05d-d9f072bd52cf#33-t1, previous=(t:1, i:12), leaderCommit=8, initializing? false, entries: <empty>
2019-09-17 09:50:23,633 [grpc-default-executor-3] INFO  client.GrpcClientProtocolClient (GrpcClientProtocolClient.java:onNext(264)) - client-FBF7F1E1319D->7550e15a-2ff9-4e5e-b05d-d9f072bd52cf: receive RaftClientReply:client-FBF7F1E1319D->7550e15a-2ff9-4e5e-b05d-d9f072bd52cf@group-AADE5DCBB6F7, cid=57, FAILED org.apache.ratis.protocol.NotLeaderException: Server 7550e15a-2ff9-4e5e-b05d-d9f072bd52cf@group-AADE5DCBB6F7 is not the leader bdd5aae1-c180-43a6-a11a-58912a33bf0b:192.168.34.37:44158, logIndex=0, commits[7550e15a-2ff9-4e5e-b05d-d9f072bd52cf:c8, bdd5aae1-c180-43a6-a11a-58912a33bf0b:c8, 97184ed6-1d8a-4db2-a901-2f2d7f2102ca:c8]
2019-09-17 09:50:24,782 [grpc-default-executor-0] INFO  impl.RaftServerProxy (RaftServerProxy.java:remove(95)) - bdd5aae1-c180-43a6-a11a-58912a33bf0b: remove group-59D05A2C74C8:null
2019-09-17 09:50:24,786 [RatisPipelineUtilsThread] WARN  pipeline.RatisPipelineUtils (RatisPipelineUtils.java:destroyPipeline(66)) - Pipeline destroy failed for pipeline=PipelineID=f7f2f784-1b0d-4fb4-bbde-59d05a2c74c8 dn=bdd5aae1-c180-43a6-a11a-58912a33bf0b{ip: 192.168.34.37, host: pr-hdds-2110-rdjw6-11158954, networkLocation: /default-rack, certSerialId: null}
2019-09-17 09:50:24,788 [grpc-default-executor-0] INFO  impl.RaftServerProxy (RaftServerProxy.java:remove(95)) - 97184ed6-1d8a-4db2-a901-2f2d7f2102ca: remove group-59D05A2C74C8:null
2019-09-17 09:50:24,791 [RatisPipelineUtilsThread] WARN  pipeline.RatisPipelineUtils (RatisPipelineUtils.java:destroyPipeline(66)) - Pipeline destroy failed for pipeline=PipelineID=f7f2f784-1b0d-4fb4-bbde-59d05a2c74c8 dn=97184ed6-1d8a-4db2-a901-2f2d7f2102ca{ip: 192.168.34.37, host: pr-hdds-2110-rdjw6-11158954, networkLocation: /default-rack, certSerialId: null}
2019-09-17 09:50:24,793 [grpc-default-executor-0] INFO  impl.RaftServerProxy (RaftServerProxy.java:remove(95)) - 7550e15a-2ff9-4e5e-b05d-d9f072bd52cf: remove group-59D05A2C74C8:null
2019-09-17 09:50:24,795 [RatisPipelineUtilsThread] WARN  pipeline.RatisPipelineUtils (RatisPipelineUtils.java:destroyPipeline(66)) - Pipeline destroy failed for pipeline=PipelineID=f7f2f784-1b0d-4fb4-bbde-59d05a2c74c8 dn=7550e15a-2ff9-4e5e-b05d-d9f072bd52cf{ip: 192.168.34.37, host: pr-hdds-2110-rdjw6-11158954, networkLocation: /default-rack, certSerialId: null}
2019-09-17 09:50:24,795 [RatisPipelineUtilsThread] ERROR pipeline.SCMPipelineManager (Scheduler.java:lambda$schedule$1(70)) - Destroy pipeline failed for pipeline:Pipeline[ Id: f7f2f784-1b0d-4fb4-bbde-59d05a2c74c8, Nodes: bdd5aae1-c180-43a6-a11a-58912a33bf0b{ip: 192.168.34.37, host: pr-hdds-2110-rdjw6-11158954, networkLocation: /default-rack, certSerialId: null}97184ed6-1d8a-4db2-a901-2f2d7f2102ca{ip: 192.168.34.37, host: pr-hdds-2110-rdjw6-11158954, networkLocation: /default-rack, certSerialId: null}7550e15a-2ff9-4e5e-b05d-d9f072bd52cf{ip: 192.168.34.37, host: pr-hdds-2110-rdjw6-11158954, networkLocation: /default-rack, certSerialId: null}, Type:RATIS, Factor:THREE, State:CLOSED]
org.apache.hadoop.hdds.scm.pipeline.PipelineNotFoundException: PipelineID=f7f2f784-1b0d-4fb4-bbde-59d05a2c74c8 not found
	at org.apache.hadoop.hdds.scm.pipeline.PipelineStateMap.getPipeline(PipelineStateMap.java:132)
	at org.apache.hadoop.hdds.scm.pipeline.PipelineStateMap.removePipeline(PipelineStateMap.java:322)
	at org.apache.hadoop.hdds.scm.pipeline.PipelineStateManager.removePipeline(PipelineStateManager.java:107)
	at org.apache.hadoop.hdds.scm.pipeline.SCMPipelineManager.removePipeline(SCMPipelineManager.java:423)
	at org.apache.hadoop.hdds.scm.pipeline.SCMPipelineManager.destroyPipeline(SCMPipelineManager.java:409)
	at org.apache.hadoop.hdds.scm.pipeline.SCMPipelineManager.lambda$finalizeAndDestroyPipeline$0(SCMPipelineManager.java:318)
	at org.apache.hadoop.utils.Scheduler.lambda$schedule$1(Scheduler.java:68)
	at java.util.concurrent.Executors$RunnableAdapter.call(Executors.java:511)
	at java.util.concurrent.FutureTask.run(FutureTask.java:266)
	at java.util.concurrent.ScheduledThreadPoolExecutor$ScheduledFutureTask.access$201(ScheduledThreadPoolExecutor.java:180)
	at java.util.concurrent.ScheduledThreadPoolExecutor$ScheduledFutureTask.run(ScheduledThreadPoolExecutor.java:293)
	at java.util.concurrent.ThreadPoolExecutor.runWorker(ThreadPoolExecutor.java:1149)
	at java.util.concurrent.ThreadPoolExecutor$Worker.run(ThreadPoolExecutor.java:624)
	at java.lang.Thread.run(Thread.java:748)
2019-09-17 09:50:25,783 [grpc-default-executor-0] INFO  impl.RaftServerProxy (RaftServerProxy.java:remove(95)) - bdd5aae1-c180-43a6-a11a-58912a33bf0b: remove group-59D05A2C74C8:null
2019-09-17 09:50:25,787 [RatisPipelineUtilsThread] WARN  pipeline.RatisPipelineUtils (RatisPipelineUtils.java:destroyPipeline(66)) - Pipeline destroy failed for pipeline=PipelineID=f7f2f784-1b0d-4fb4-bbde-59d05a2c74c8 dn=bdd5aae1-c180-43a6-a11a-58912a33bf0b{ip: 192.168.34.37, host: pr-hdds-2110-rdjw6-11158954, networkLocation: /default-rack, certSerialId: null}
2019-09-17 09:50:25,790 [grpc-default-executor-0] INFO  impl.RaftServerProxy (RaftServerProxy.java:remove(95)) - 97184ed6-1d8a-4db2-a901-2f2d7f2102ca: remove group-59D05A2C74C8:null
2019-09-17 09:50:25,792 [RatisPipelineUtilsThread] WARN  pipeline.RatisPipelineUtils (RatisPipelineUtils.java:destroyPipeline(66)) - Pipeline destroy failed for pipeline=PipelineID=f7f2f784-1b0d-4fb4-bbde-59d05a2c74c8 dn=97184ed6-1d8a-4db2-a901-2f2d7f2102ca{ip: 192.168.34.37, host: pr-hdds-2110-rdjw6-11158954, networkLocation: /default-rack, certSerialId: null}
2019-09-17 09:50:25,795 [grpc-default-executor-0] INFO  impl.RaftServerProxy (RaftServerProxy.java:remove(95)) - 7550e15a-2ff9-4e5e-b05d-d9f072bd52cf: remove group-59D05A2C74C8:null
2019-09-17 09:50:25,801 [RatisPipelineUtilsThread] WARN  pipeline.RatisPipelineUtils (RatisPipelineUtils.java:destroyPipeline(66)) - Pipeline destroy failed for pipeline=PipelineID=f7f2f784-1b0d-4fb4-bbde-59d05a2c74c8 dn=7550e15a-2ff9-4e5e-b05d-d9f072bd52cf{ip: 192.168.34.37, host: pr-hdds-2110-rdjw6-11158954, networkLocation: /default-rack, certSerialId: null}
2019-09-17 09:50:25,801 [RatisPipelineUtilsThread] ERROR pipeline.SCMPipelineManager (Scheduler.java:lambda$schedule$1(70)) - Destroy pipeline failed for pipeline:Pipeline[ Id: f7f2f784-1b0d-4fb4-bbde-59d05a2c74c8, Nodes: bdd5aae1-c180-43a6-a11a-58912a33bf0b{ip: 192.168.34.37, host: pr-hdds-2110-rdjw6-11158954, networkLocation: /default-rack, certSerialId: null}97184ed6-1d8a-4db2-a901-2f2d7f2102ca{ip: 192.168.34.37, host: pr-hdds-2110-rdjw6-11158954, networkLocation: /default-rack, certSerialId: null}7550e15a-2ff9-4e5e-b05d-d9f072bd52cf{ip: 192.168.34.37, host: pr-hdds-2110-rdjw6-11158954, networkLocation: /default-rack, certSerialId: null}, Type:RATIS, Factor:THREE, State:CLOSED]
org.apache.hadoop.hdds.scm.pipeline.PipelineNotFoundException: PipelineID=f7f2f784-1b0d-4fb4-bbde-59d05a2c74c8 not found
	at org.apache.hadoop.hdds.scm.pipeline.PipelineStateMap.getPipeline(PipelineStateMap.java:132)
	at org.apache.hadoop.hdds.scm.pipeline.PipelineStateMap.removePipeline(PipelineStateMap.java:322)
	at org.apache.hadoop.hdds.scm.pipeline.PipelineStateManager.removePipeline(PipelineStateManager.java:107)
	at org.apache.hadoop.hdds.scm.pipeline.SCMPipelineManager.removePipeline(SCMPipelineManager.java:423)
	at org.apache.hadoop.hdds.scm.pipeline.SCMPipelineManager.destroyPipeline(SCMPipelineManager.java:409)
	at org.apache.hadoop.hdds.scm.pipeline.SCMPipelineManager.lambda$finalizeAndDestroyPipeline$0(SCMPipelineManager.java:318)
	at org.apache.hadoop.utils.Scheduler.lambda$schedule$1(Scheduler.java:68)
	at java.util.concurrent.Executors$RunnableAdapter.call(Executors.java:511)
	at java.util.concurrent.FutureTask.run(FutureTask.java:266)
	at java.util.concurrent.ScheduledThreadPoolExecutor$ScheduledFutureTask.access$201(ScheduledThreadPoolExecutor.java:180)
	at java.util.concurrent.ScheduledThreadPoolExecutor$ScheduledFutureTask.run(ScheduledThreadPoolExecutor.java:293)
	at java.util.concurrent.ThreadPoolExecutor.runWorker(ThreadPoolExecutor.java:1149)
	at java.util.concurrent.ThreadPoolExecutor$Worker.run(ThreadPoolExecutor.java:624)
	at java.lang.Thread.run(Thread.java:748)
2019-09-17 09:50:26,101 [java.util.concurrent.ThreadPoolExecutor$Worker@3c3e5e28[State = -1, empty queue]] WARN  server.GrpcLogAppender (GrpcLogAppender.java:timeoutAppendRequest(200)) - bdd5aae1-c180-43a6-a11a-58912a33bf0b@group-AADE5DCBB6F7->7550e15a-2ff9-4e5e-b05d-d9f072bd52cf-GrpcLogAppender: appendEntries Timeout, request=bdd5aae1-c180-43a6-a11a-58912a33bf0b->7550e15a-2ff9-4e5e-b05d-d9f072bd52cf#34-t1, previous=(t:1, i:12), leaderCommit=8, initializing? false, entries: <empty>
2019-09-17 09:50:26,101 [java.util.concurrent.ThreadPoolExecutor$Worker@6c299a73[State = -1, empty queue]] WARN  server.GrpcLogAppender (GrpcLogAppender.java:timeoutAppendRequest(200)) - bdd5aae1-c180-43a6-a11a-58912a33bf0b@group-AADE5DCBB6F7->97184ed6-1d8a-4db2-a901-2f2d7f2102ca-GrpcLogAppender: appendEntries Timeout, request=bdd5aae1-c180-43a6-a11a-58912a33bf0b->97184ed6-1d8a-4db2-a901-2f2d7f2102ca#34-t1, previous=(t:1, i:12), leaderCommit=8, initializing? false, entries: <empty>
2019-09-17 09:50:27,780 [grpc-default-executor-3] INFO  impl.RaftServerProxy (RaftServerProxy.java:remove(95)) - bdd5aae1-c180-43a6-a11a-58912a33bf0b: remove group-59D05A2C74C8:null
2019-09-17 09:50:27,783 [RatisPipelineUtilsThread] WARN  pipeline.RatisPipelineUtils (RatisPipelineUtils.java:destroyPipeline(66)) - Pipeline destroy failed for pipeline=PipelineID=f7f2f784-1b0d-4fb4-bbde-59d05a2c74c8 dn=bdd5aae1-c180-43a6-a11a-58912a33bf0b{ip: 192.168.34.37, host: pr-hdds-2110-rdjw6-11158954, networkLocation: /default-rack, certSerialId: null}
2019-09-17 09:50:27,785 [grpc-default-executor-3] INFO  impl.RaftServerProxy (RaftServerProxy.java:remove(95)) - 97184ed6-1d8a-4db2-a901-2f2d7f2102ca: remove group-59D05A2C74C8:null
2019-09-17 09:50:27,787 [RatisPipelineUtilsThread] WARN  pipeline.RatisPipelineUtils (RatisPipelineUtils.java:destroyPipeline(66)) - Pipeline destroy failed for pipeline=PipelineID=f7f2f784-1b0d-4fb4-bbde-59d05a2c74c8 dn=97184ed6-1d8a-4db2-a901-2f2d7f2102ca{ip: 192.168.34.37, host: pr-hdds-2110-rdjw6-11158954, networkLocation: /default-rack, certSerialId: null}
2019-09-17 09:50:27,790 [grpc-default-executor-3] INFO  impl.RaftServerProxy (RaftServerProxy.java:remove(95)) - 7550e15a-2ff9-4e5e-b05d-d9f072bd52cf: remove group-59D05A2C74C8:null
2019-09-17 09:50:27,792 [RatisPipelineUtilsThread] WARN  pipeline.RatisPipelineUtils (RatisPipelineUtils.java:destroyPipeline(66)) - Pipeline destroy failed for pipeline=PipelineID=f7f2f784-1b0d-4fb4-bbde-59d05a2c74c8 dn=7550e15a-2ff9-4e5e-b05d-d9f072bd52cf{ip: 192.168.34.37, host: pr-hdds-2110-rdjw6-11158954, networkLocation: /default-rack, certSerialId: null}
2019-09-17 09:50:27,792 [RatisPipelineUtilsThread] ERROR pipeline.SCMPipelineManager (Scheduler.java:lambda$schedule$1(70)) - Destroy pipeline failed for pipeline:Pipeline[ Id: f7f2f784-1b0d-4fb4-bbde-59d05a2c74c8, Nodes: bdd5aae1-c180-43a6-a11a-58912a33bf0b{ip: 192.168.34.37, host: pr-hdds-2110-rdjw6-11158954, networkLocation: /default-rack, certSerialId: null}97184ed6-1d8a-4db2-a901-2f2d7f2102ca{ip: 192.168.34.37, host: pr-hdds-2110-rdjw6-11158954, networkLocation: /default-rack, certSerialId: null}7550e15a-2ff9-4e5e-b05d-d9f072bd52cf{ip: 192.168.34.37, host: pr-hdds-2110-rdjw6-11158954, networkLocation: /default-rack, certSerialId: null}, Type:RATIS, Factor:THREE, State:CLOSED]
org.apache.hadoop.hdds.scm.pipeline.PipelineNotFoundException: PipelineID=f7f2f784-1b0d-4fb4-bbde-59d05a2c74c8 not found
	at org.apache.hadoop.hdds.scm.pipeline.PipelineStateMap.getPipeline(PipelineStateMap.java:132)
	at org.apache.hadoop.hdds.scm.pipeline.PipelineStateMap.removePipeline(PipelineStateMap.java:322)
	at org.apache.hadoop.hdds.scm.pipeline.PipelineStateManager.removePipeline(PipelineStateManager.java:107)
	at org.apache.hadoop.hdds.scm.pipeline.SCMPipelineManager.removePipeline(SCMPipelineManager.java:423)
	at org.apache.hadoop.hdds.scm.pipeline.SCMPipelineManager.destroyPipeline(SCMPipelineManager.java:409)
	at org.apache.hadoop.hdds.scm.pipeline.SCMPipelineManager.lambda$finalizeAndDestroyPipeline$0(SCMPipelineManager.java:318)
	at org.apache.hadoop.utils.Scheduler.lambda$schedule$1(Scheduler.java:68)
	at java.util.concurrent.Executors$RunnableAdapter.call(Executors.java:511)
	at java.util.concurrent.FutureTask.run(FutureTask.java:266)
	at java.util.concurrent.ScheduledThreadPoolExecutor$ScheduledFutureTask.access$201(ScheduledThreadPoolExecutor.java:180)
	at java.util.concurrent.ScheduledThreadPoolExecutor$ScheduledFutureTask.run(ScheduledThreadPoolExecutor.java:293)
	at java.util.concurrent.ThreadPoolExecutor.runWorker(ThreadPoolExecutor.java:1149)
	at java.util.concurrent.ThreadPoolExecutor$Worker.run(ThreadPoolExecutor.java:624)
	at java.lang.Thread.run(Thread.java:748)
2019-09-17 09:50:28,602 [java.util.concurrent.ThreadPoolExecutor$Worker@3c3e5e28[State = -1, empty queue]] WARN  server.GrpcLogAppender (GrpcLogAppender.java:timeoutAppendRequest(200)) - bdd5aae1-c180-43a6-a11a-58912a33bf0b@group-AADE5DCBB6F7->7550e15a-2ff9-4e5e-b05d-d9f072bd52cf-GrpcLogAppender: appendEntries Timeout, request=bdd5aae1-c180-43a6-a11a-58912a33bf0b->7550e15a-2ff9-4e5e-b05d-d9f072bd52cf#35-t1, previous=(t:1, i:12), leaderCommit=8, initializing? false, entries: <empty>
2019-09-17 09:50:28,602 [java.util.concurrent.ThreadPoolExecutor$Worker@6c299a73[State = -1, empty queue]] WARN  server.GrpcLogAppender (GrpcLogAppender.java:timeoutAppendRequest(200)) - bdd5aae1-c180-43a6-a11a-58912a33bf0b@group-AADE5DCBB6F7->97184ed6-1d8a-4db2-a901-2f2d7f2102ca-GrpcLogAppender: appendEntries Timeout, request=bdd5aae1-c180-43a6-a11a-58912a33bf0b->97184ed6-1d8a-4db2-a901-2f2d7f2102ca#35-t1, previous=(t:1, i:12), leaderCommit=8, initializing? false, entries: <empty>
2019-09-17 09:50:28,717 [grpc-default-executor-2] INFO  client.GrpcClientProtocolClient (GrpcClientProtocolClient.java:onNext(264)) - client-FBF7F1E1319D->7550e15a-2ff9-4e5e-b05d-d9f072bd52cf: receive RaftClientReply:client-FBF7F1E1319D->7550e15a-2ff9-4e5e-b05d-d9f072bd52cf@group-AADE5DCBB6F7, cid=57, FAILED org.apache.ratis.protocol.NotLeaderException: Server 7550e15a-2ff9-4e5e-b05d-d9f072bd52cf@group-AADE5DCBB6F7 is not the leader bdd5aae1-c180-43a6-a11a-58912a33bf0b:192.168.34.37:44158, logIndex=0, commits[7550e15a-2ff9-4e5e-b05d-d9f072bd52cf:c8, bdd5aae1-c180-43a6-a11a-58912a33bf0b:c8, 97184ed6-1d8a-4db2-a901-2f2d7f2102ca:c8]
2019-09-17 09:50:28,873 [grpc-default-executor-0] INFO  impl.RaftServerProxy (RaftServerProxy.java:remove(95)) - bdd5aae1-c180-43a6-a11a-58912a33bf0b: remove group-59D05A2C74C8:null
2019-09-17 09:50:28,878 [RatisPipelineUtilsThread] WARN  pipeline.RatisPipelineUtils (RatisPipelineUtils.java:destroyPipeline(66)) - Pipeline destroy failed for pipeline=PipelineID=f7f2f784-1b0d-4fb4-bbde-59d05a2c74c8 dn=bdd5aae1-c180-43a6-a11a-58912a33bf0b{ip: 192.168.34.37, host: pr-hdds-2110-rdjw6-11158954, networkLocation: /default-rack, certSerialId: null}
2019-09-17 09:50:28,881 [grpc-default-executor-0] INFO  impl.RaftServerProxy (RaftServerProxy.java:remove(95)) - 97184ed6-1d8a-4db2-a901-2f2d7f2102ca: remove group-59D05A2C74C8:null
2019-09-17 09:50:28,884 [RatisPipelineUtilsThread] WARN  pipeline.RatisPipelineUtils (RatisPipelineUtils.java:destroyPipeline(66)) - Pipeline destroy failed for pipeline=PipelineID=f7f2f784-1b0d-4fb4-bbde-59d05a2c74c8 dn=97184ed6-1d8a-4db2-a901-2f2d7f2102ca{ip: 192.168.34.37, host: pr-hdds-2110-rdjw6-11158954, networkLocation: /default-rack, certSerialId: null}
2019-09-17 09:50:28,888 [grpc-default-executor-0] INFO  impl.RaftServerProxy (RaftServerProxy.java:remove(95)) - 7550e15a-2ff9-4e5e-b05d-d9f072bd52cf: remove group-59D05A2C74C8:null
2019-09-17 09:50:28,891 [RatisPipelineUtilsThread] WARN  pipeline.RatisPipelineUtils (RatisPipelineUtils.java:destroyPipeline(66)) - Pipeline destroy failed for pipeline=PipelineID=f7f2f784-1b0d-4fb4-bbde-59d05a2c74c8 dn=7550e15a-2ff9-4e5e-b05d-d9f072bd52cf{ip: 192.168.34.37, host: pr-hdds-2110-rdjw6-11158954, networkLocation: /default-rack, certSerialId: null}
2019-09-17 09:50:28,891 [RatisPipelineUtilsThread] ERROR pipeline.SCMPipelineManager (Scheduler.java:lambda$schedule$1(70)) - Destroy pipeline failed for pipeline:Pipeline[ Id: f7f2f784-1b0d-4fb4-bbde-59d05a2c74c8, Nodes: bdd5aae1-c180-43a6-a11a-58912a33bf0b{ip: 192.168.34.37, host: pr-hdds-2110-rdjw6-11158954, networkLocation: /default-rack, certSerialId: null}97184ed6-1d8a-4db2-a901-2f2d7f2102ca{ip: 192.168.34.37, host: pr-hdds-2110-rdjw6-11158954, networkLocation: /default-rack, certSerialId: null}7550e15a-2ff9-4e5e-b05d-d9f072bd52cf{ip: 192.168.34.37, host: pr-hdds-2110-rdjw6-11158954, networkLocation: /default-rack, certSerialId: null}, Type:RATIS, Factor:THREE, State:CLOSED]
org.apache.hadoop.hdds.scm.pipeline.PipelineNotFoundException: PipelineID=f7f2f784-1b0d-4fb4-bbde-59d05a2c74c8 not found
	at org.apache.hadoop.hdds.scm.pipeline.PipelineStateMap.getPipeline(PipelineStateMap.java:132)
	at org.apache.hadoop.hdds.scm.pipeline.PipelineStateMap.removePipeline(PipelineStateMap.java:322)
	at org.apache.hadoop.hdds.scm.pipeline.PipelineStateManager.removePipeline(PipelineStateManager.java:107)
	at org.apache.hadoop.hdds.scm.pipeline.SCMPipelineManager.removePipeline(SCMPipelineManager.java:423)
	at org.apache.hadoop.hdds.scm.pipeline.SCMPipelineManager.destroyPipeline(SCMPipelineManager.java:409)
	at org.apache.hadoop.hdds.scm.pipeline.SCMPipelineManager.lambda$finalizeAndDestroyPipeline$0(SCMPipelineManager.java:318)
	at org.apache.hadoop.utils.Scheduler.lambda$schedule$1(Scheduler.java:68)
	at java.util.concurrent.Executors$RunnableAdapter.call(Executors.java:511)
	at java.util.concurrent.FutureTask.run(FutureTask.java:266)
	at java.util.concurrent.ScheduledThreadPoolExecutor$ScheduledFutureTask.access$201(ScheduledThreadPoolExecutor.java:180)
	at java.util.concurrent.ScheduledThreadPoolExecutor$ScheduledFutureTask.run(ScheduledThreadPoolExecutor.java:293)
	at java.util.concurrent.ThreadPoolExecutor.runWorker(ThreadPoolExecutor.java:1149)
	at java.util.concurrent.ThreadPoolExecutor$Worker.run(ThreadPoolExecutor.java:624)
	at java.lang.Thread.run(Thread.java:748)
2019-09-17 09:50:29,045 [grpc-default-executor-0] INFO  impl.RaftServerProxy (RaftServerProxy.java:remove(95)) - bdd5aae1-c180-43a6-a11a-58912a33bf0b: remove group-59D05A2C74C8:null
2019-09-17 09:50:29,048 [RatisPipelineUtilsThread] WARN  pipeline.RatisPipelineUtils (RatisPipelineUtils.java:destroyPipeline(66)) - Pipeline destroy failed for pipeline=PipelineID=f7f2f784-1b0d-4fb4-bbde-59d05a2c74c8 dn=bdd5aae1-c180-43a6-a11a-58912a33bf0b{ip: 192.168.34.37, host: pr-hdds-2110-rdjw6-11158954, networkLocation: /default-rack, certSerialId: null}
2019-09-17 09:50:29,052 [grpc-default-executor-0] INFO  impl.RaftServerProxy (RaftServerProxy.java:remove(95)) - 97184ed6-1d8a-4db2-a901-2f2d7f2102ca: remove group-59D05A2C74C8:null
2019-09-17 09:50:29,056 [RatisPipelineUtilsThread] WARN  pipeline.RatisPipelineUtils (RatisPipelineUtils.java:destroyPipeline(66)) - Pipeline destroy failed for pipeline=PipelineID=f7f2f784-1b0d-4fb4-bbde-59d05a2c74c8 dn=97184ed6-1d8a-4db2-a901-2f2d7f2102ca{ip: 192.168.34.37, host: pr-hdds-2110-rdjw6-11158954, networkLocation: /default-rack, certSerialId: null}
2019-09-17 09:50:29,062 [grpc-default-executor-0] INFO  impl.RaftServerProxy (RaftServerProxy.java:remove(95)) - 7550e15a-2ff9-4e5e-b05d-d9f072bd52cf: remove group-59D05A2C74C8:null
2019-09-17 09:50:29,067 [RatisPipelineUtilsThread] WARN  pipeline.RatisPipelineUtils (RatisPipelineUtils.java:destroyPipeline(66)) - Pipeline destroy failed for pipeline=PipelineID=f7f2f784-1b0d-4fb4-bbde-59d05a2c74c8 dn=7550e15a-2ff9-4e5e-b05d-d9f072bd52cf{ip: 192.168.34.37, host: pr-hdds-2110-rdjw6-11158954, networkLocation: /default-rack, certSerialId: null}
2019-09-17 09:50:29,067 [RatisPipelineUtilsThread] ERROR pipeline.SCMPipelineManager (Scheduler.java:lambda$schedule$1(70)) - Destroy pipeline failed for pipeline:Pipeline[ Id: f7f2f784-1b0d-4fb4-bbde-59d05a2c74c8, Nodes: bdd5aae1-c180-43a6-a11a-58912a33bf0b{ip: 192.168.34.37, host: pr-hdds-2110-rdjw6-11158954, networkLocation: /default-rack, certSerialId: null}97184ed6-1d8a-4db2-a901-2f2d7f2102ca{ip: 192.168.34.37, host: pr-hdds-2110-rdjw6-11158954, networkLocation: /default-rack, certSerialId: null}7550e15a-2ff9-4e5e-b05d-d9f072bd52cf{ip: 192.168.34.37, host: pr-hdds-2110-rdjw6-11158954, networkLocation: /default-rack, certSerialId: null}, Type:RATIS, Factor:THREE, State:CLOSED]
org.apache.hadoop.hdds.scm.pipeline.PipelineNotFoundException: PipelineID=f7f2f784-1b0d-4fb4-bbde-59d05a2c74c8 not found
	at org.apache.hadoop.hdds.scm.pipeline.PipelineStateMap.getPipeline(PipelineStateMap.java:132)
	at org.apache.hadoop.hdds.scm.pipeline.PipelineStateMap.removePipeline(PipelineStateMap.java:322)
	at org.apache.hadoop.hdds.scm.pipeline.PipelineStateManager.removePipeline(PipelineStateManager.java:107)
	at org.apache.hadoop.hdds.scm.pipeline.SCMPipelineManager.removePipeline(SCMPipelineManager.java:423)
	at org.apache.hadoop.hdds.scm.pipeline.SCMPipelineManager.destroyPipeline(SCMPipelineManager.java:409)
	at org.apache.hadoop.hdds.scm.pipeline.SCMPipelineManager.lambda$finalizeAndDestroyPipeline$0(SCMPipelineManager.java:318)
	at org.apache.hadoop.utils.Scheduler.lambda$schedule$1(Scheduler.java:68)
	at java.util.concurrent.Executors$RunnableAdapter.call(Executors.java:511)
	at java.util.concurrent.FutureTask.run(FutureTask.java:266)
	at java.util.concurrent.ScheduledThreadPoolExecutor$ScheduledFutureTask.access$201(ScheduledThreadPoolExecutor.java:180)
	at java.util.concurrent.ScheduledThreadPoolExecutor$ScheduledFutureTask.run(ScheduledThreadPoolExecutor.java:293)
	at java.util.concurrent.ThreadPoolExecutor.runWorker(ThreadPoolExecutor.java:1149)
	at java.util.concurrent.ThreadPoolExecutor$Worker.run(ThreadPoolExecutor.java:624)
	at java.lang.Thread.run(Thread.java:748)
2019-09-17 09:50:29,208 [grpc-default-executor-0] INFO  impl.RaftServerProxy (RaftServerProxy.java:remove(95)) - bdd5aae1-c180-43a6-a11a-58912a33bf0b: remove group-59D05A2C74C8:null
2019-09-17 09:50:29,211 [RatisPipelineUtilsThread] WARN  pipeline.RatisPipelineUtils (RatisPipelineUtils.java:destroyPipeline(66)) - Pipeline destroy failed for pipeline=PipelineID=f7f2f784-1b0d-4fb4-bbde-59d05a2c74c8 dn=bdd5aae1-c180-43a6-a11a-58912a33bf0b{ip: 192.168.34.37, host: pr-hdds-2110-rdjw6-11158954, networkLocation: /default-rack, certSerialId: null}
2019-09-17 09:50:29,215 [grpc-default-executor-0] INFO  impl.RaftServerProxy (RaftServerProxy.java:remove(95)) - 97184ed6-1d8a-4db2-a901-2f2d7f2102ca: remove group-59D05A2C74C8:null
2019-09-17 09:50:29,218 [RatisPipelineUtilsThread] WARN  pipeline.RatisPipelineUtils (RatisPipelineUtils.java:destroyPipeline(66)) - Pipeline destroy failed for pipeline=PipelineID=f7f2f784-1b0d-4fb4-bbde-59d05a2c74c8 dn=97184ed6-1d8a-4db2-a901-2f2d7f2102ca{ip: 192.168.34.37, host: pr-hdds-2110-rdjw6-11158954, networkLocation: /default-rack, certSerialId: null}
2019-09-17 09:50:29,221 [grpc-default-executor-0] INFO  impl.RaftServerProxy (RaftServerProxy.java:remove(95)) - 7550e15a-2ff9-4e5e-b05d-d9f072bd52cf: remove group-59D05A2C74C8:null
2019-09-17 09:50:29,223 [RatisPipelineUtilsThread] WARN  pipeline.RatisPipelineUtils (RatisPipelineUtils.java:destroyPipeline(66)) - Pipeline destroy failed for pipeline=PipelineID=f7f2f784-1b0d-4fb4-bbde-59d05a2c74c8 dn=7550e15a-2ff9-4e5e-b05d-d9f072bd52cf{ip: 192.168.34.37, host: pr-hdds-2110-rdjw6-11158954, networkLocation: /default-rack, certSerialId: null}
2019-09-17 09:50:29,224 [RatisPipelineUtilsThread] ERROR pipeline.SCMPipelineManager (Scheduler.java:lambda$schedule$1(70)) - Destroy pipeline failed for pipeline:Pipeline[ Id: f7f2f784-1b0d-4fb4-bbde-59d05a2c74c8, Nodes: bdd5aae1-c180-43a6-a11a-58912a33bf0b{ip: 192.168.34.37, host: pr-hdds-2110-rdjw6-11158954, networkLocation: /default-rack, certSerialId: null}97184ed6-1d8a-4db2-a901-2f2d7f2102ca{ip: 192.168.34.37, host: pr-hdds-2110-rdjw6-11158954, networkLocation: /default-rack, certSerialId: null}7550e15a-2ff9-4e5e-b05d-d9f072bd52cf{ip: 192.168.34.37, host: pr-hdds-2110-rdjw6-11158954, networkLocation: /default-rack, certSerialId: null}, Type:RATIS, Factor:THREE, State:CLOSED]
org.apache.hadoop.hdds.scm.pipeline.PipelineNotFoundException: PipelineID=f7f2f784-1b0d-4fb4-bbde-59d05a2c74c8 not found
	at org.apache.hadoop.hdds.scm.pipeline.PipelineStateMap.getPipeline(PipelineStateMap.java:132)
	at org.apache.hadoop.hdds.scm.pipeline.PipelineStateMap.removePipeline(PipelineStateMap.java:322)
	at org.apache.hadoop.hdds.scm.pipeline.PipelineStateManager.removePipeline(PipelineStateManager.java:107)
	at org.apache.hadoop.hdds.scm.pipeline.SCMPipelineManager.removePipeline(SCMPipelineManager.java:423)
	at org.apache.hadoop.hdds.scm.pipeline.SCMPipelineManager.destroyPipeline(SCMPipelineManager.java:409)
	at org.apache.hadoop.hdds.scm.pipeline.SCMPipelineManager.lambda$finalizeAndDestroyPipeline$0(SCMPipelineManager.java:318)
	at org.apache.hadoop.utils.Scheduler.lambda$schedule$1(Scheduler.java:68)
	at java.util.concurrent.Executors$RunnableAdapter.call(Executors.java:511)
	at java.util.concurrent.FutureTask.run(FutureTask.java:266)
	at java.util.concurrent.ScheduledThreadPoolExecutor$ScheduledFutureTask.access$201(ScheduledThreadPoolExecutor.java:180)
	at java.util.concurrent.ScheduledThreadPoolExecutor$ScheduledFutureTask.run(ScheduledThreadPoolExecutor.java:293)
	at java.util.concurrent.ThreadPoolExecutor.runWorker(ThreadPoolExecutor.java:1149)
	at java.util.concurrent.ThreadPoolExecutor$Worker.run(ThreadPoolExecutor.java:624)
	at java.lang.Thread.run(Thread.java:748)
2019-09-17 09:50:31,103 [java.util.concurrent.ThreadPoolExecutor$Worker@6c299a73[State = -1, empty queue]] WARN  server.GrpcLogAppender (GrpcLogAppender.java:timeoutAppendRequest(200)) - bdd5aae1-c180-43a6-a11a-58912a33bf0b@group-AADE5DCBB6F7->97184ed6-1d8a-4db2-a901-2f2d7f2102ca-GrpcLogAppender: appendEntries Timeout, request=bdd5aae1-c180-43a6-a11a-58912a33bf0b->97184ed6-1d8a-4db2-a901-2f2d7f2102ca#36-t1, previous=(t:1, i:12), leaderCommit=8, initializing? false, entries: <empty>
2019-09-17 09:50:31,103 [java.util.concurrent.ThreadPoolExecutor$Worker@3c3e5e28[State = -1, empty queue]] WARN  server.GrpcLogAppender (GrpcLogAppender.java:timeoutAppendRequest(200)) - bdd5aae1-c180-43a6-a11a-58912a33bf0b@group-AADE5DCBB6F7->7550e15a-2ff9-4e5e-b05d-d9f072bd52cf-GrpcLogAppender: appendEntries Timeout, request=bdd5aae1-c180-43a6-a11a-58912a33bf0b->7550e15a-2ff9-4e5e-b05d-d9f072bd52cf#36-t1, previous=(t:1, i:12), leaderCommit=8, initializing? false, entries: <empty>
2019-09-17 09:50:33,091 [bdd5aae1-c180-43a6-a11a-58912a33bf0b@group-AADE5DCBB6F7-SegmentedRaftLogWorker] WARN  segmented.SegmentedRaftLogWorker (SegmentedRaftLogWorker.java:getFromFuture(90)) - Timeout 5/~
org.apache.ratis.protocol.TimeoutIOException: Timeout 10s: WriteLog:9: (t:1, i:9), STATEMACHINELOGENTRY, client-FBF7F1E1319D, cid=57-writeStateMachineData
	at org.apache.ratis.util.IOUtils.getFromFuture(IOUtils.java:87)
	at org.apache.ratis.server.raftlog.segmented.SegmentedRaftLogWorker$StateMachineDataPolicy.getFromFuture(SegmentedRaftLogWorker.java:87)
	at org.apache.ratis.server.raftlog.segmented.SegmentedRaftLogWorker$WriteLog.execute(SegmentedRaftLogWorker.java:477)
	at org.apache.ratis.server.raftlog.segmented.SegmentedRaftLogWorker.run(SegmentedRaftLogWorker.java:289)
	at java.lang.Thread.run(Thread.java:748)
Caused by: java.util.concurrent.TimeoutException
	at java.util.concurrent.CompletableFuture.timedGet(CompletableFuture.java:1771)
	at java.util.concurrent.CompletableFuture.get(CompletableFuture.java:1915)
	at org.apache.ratis.util.IOUtils.getFromFuture(IOUtils.java:79)
	... 4 more
2019-09-17 09:50:33,092 [7550e15a-2ff9-4e5e-b05d-d9f072bd52cf@group-AADE5DCBB6F7-SegmentedRaftLogWorker] WARN  segmented.SegmentedRaftLogWorker (SegmentedRaftLogWorker.java:getFromFuture(90)) - Timeout 5/~
org.apache.ratis.protocol.TimeoutIOException: Timeout 10s: WriteLog:9: (t:1, i:9), STATEMACHINELOGENTRY, client-FBF7F1E1319D, cid=57-writeStateMachineData
	at org.apache.ratis.util.IOUtils.getFromFuture(IOUtils.java:87)
	at org.apache.ratis.server.raftlog.segmented.SegmentedRaftLogWorker$StateMachineDataPolicy.getFromFuture(SegmentedRaftLogWorker.java:87)
	at org.apache.ratis.server.raftlog.segmented.SegmentedRaftLogWorker$WriteLog.execute(SegmentedRaftLogWorker.java:477)
	at org.apache.ratis.server.raftlog.segmented.SegmentedRaftLogWorker.run(SegmentedRaftLogWorker.java:289)
	at java.lang.Thread.run(Thread.java:748)
Caused by: java.util.concurrent.TimeoutException
	at java.util.concurrent.CompletableFuture.timedGet(CompletableFuture.java:1771)
	at java.util.concurrent.CompletableFuture.get(CompletableFuture.java:1915)
	at org.apache.ratis.util.IOUtils.getFromFuture(IOUtils.java:79)
	... 4 more
2019-09-17 09:50:33,094 [97184ed6-1d8a-4db2-a901-2f2d7f2102ca@group-AADE5DCBB6F7-SegmentedRaftLogWorker] WARN  segmented.SegmentedRaftLogWorker (SegmentedRaftLogWorker.java:getFromFuture(90)) - Timeout 5/~
org.apache.ratis.protocol.TimeoutIOException: Timeout 10s: WriteLog:9: (t:1, i:9), STATEMACHINELOGENTRY, client-FBF7F1E1319D, cid=57-writeStateMachineData
	at org.apache.ratis.util.IOUtils.getFromFuture(IOUtils.java:87)
	at org.apache.ratis.server.raftlog.segmented.SegmentedRaftLogWorker$StateMachineDataPolicy.getFromFuture(SegmentedRaftLogWorker.java:87)
	at org.apache.ratis.server.raftlog.segmented.SegmentedRaftLogWorker$WriteLog.execute(SegmentedRaftLogWorker.java:477)
	at org.apache.ratis.server.raftlog.segmented.SegmentedRaftLogWorker.run(SegmentedRaftLogWorker.java:289)
	at java.lang.Thread.run(Thread.java:748)
Caused by: java.util.concurrent.TimeoutException
	at java.util.concurrent.CompletableFuture.timedGet(CompletableFuture.java:1771)
	at java.util.concurrent.CompletableFuture.get(CompletableFuture.java:1915)
	at org.apache.ratis.util.IOUtils.getFromFuture(IOUtils.java:79)
	... 4 more
2019-09-17 09:50:33,603 [java.util.concurrent.ThreadPoolExecutor$Worker@6c299a73[State = -1, empty queue]] WARN  server.GrpcLogAppender (GrpcLogAppender.java:timeoutAppendRequest(200)) - bdd5aae1-c180-43a6-a11a-58912a33bf0b@group-AADE5DCBB6F7->97184ed6-1d8a-4db2-a901-2f2d7f2102ca-GrpcLogAppender: appendEntries Timeout, request=bdd5aae1-c180-43a6-a11a-58912a33bf0b->97184ed6-1d8a-4db2-a901-2f2d7f2102ca#37-t1, previous=(t:1, i:12), leaderCommit=8, initializing? false, entries: <empty>
2019-09-17 09:50:33,603 [java.util.concurrent.ThreadPoolExecutor$Worker@3c3e5e28[State = -1, empty queue]] WARN  server.GrpcLogAppender (GrpcLogAppender.java:timeoutAppendRequest(200)) - bdd5aae1-c180-43a6-a11a-58912a33bf0b@group-AADE5DCBB6F7->7550e15a-2ff9-4e5e-b05d-d9f072bd52cf-GrpcLogAppender: appendEntries Timeout, request=bdd5aae1-c180-43a6-a11a-58912a33bf0b->7550e15a-2ff9-4e5e-b05d-d9f072bd52cf#37-t1, previous=(t:1, i:12), leaderCommit=8, initializing? false, entries: <empty>
2019-09-17 09:50:33,770 [grpc-default-executor-2] INFO  client.GrpcClientProtocolClient (GrpcClientProtocolClient.java:onNext(264)) - client-FBF7F1E1319D->7550e15a-2ff9-4e5e-b05d-d9f072bd52cf: receive RaftClientReply:client-FBF7F1E1319D->7550e15a-2ff9-4e5e-b05d-d9f072bd52cf@group-AADE5DCBB6F7, cid=57, FAILED org.apache.ratis.protocol.NotLeaderException: Server 7550e15a-2ff9-4e5e-b05d-d9f072bd52cf@group-AADE5DCBB6F7 is not the leader bdd5aae1-c180-43a6-a11a-58912a33bf0b:192.168.34.37:44158, logIndex=0, commits[7550e15a-2ff9-4e5e-b05d-d9f072bd52cf:c8, bdd5aae1-c180-43a6-a11a-58912a33bf0b:c8, 97184ed6-1d8a-4db2-a901-2f2d7f2102ca:c8]
2019-09-17 09:50:36,104 [java.util.concurrent.ThreadPoolExecutor$Worker@3c3e5e28[State = -1, empty queue]] WARN  server.GrpcLogAppender (GrpcLogAppender.java:timeoutAppendRequest(200)) - bdd5aae1-c180-43a6-a11a-58912a33bf0b@group-AADE5DCBB6F7->7550e15a-2ff9-4e5e-b05d-d9f072bd52cf-GrpcLogAppender: appendEntries Timeout, request=bdd5aae1-c180-43a6-a11a-58912a33bf0b->7550e15a-2ff9-4e5e-b05d-d9f072bd52cf#38-t1, previous=(t:1, i:12), leaderCommit=8, initializing? false, entries: <empty>
2019-09-17 09:50:36,104 [java.util.concurrent.ThreadPoolExecutor$Worker@6c299a73[State = -1, empty queue]] WARN  server.GrpcLogAppender (GrpcLogAppender.java:timeoutAppendRequest(200)) - bdd5aae1-c180-43a6-a11a-58912a33bf0b@group-AADE5DCBB6F7->97184ed6-1d8a-4db2-a901-2f2d7f2102ca-GrpcLogAppender: appendEntries Timeout, request=bdd5aae1-c180-43a6-a11a-58912a33bf0b->97184ed6-1d8a-4db2-a901-2f2d7f2102ca#38-t1, previous=(t:1, i:12), leaderCommit=8, initializing? false, entries: <empty>
2019-09-17 09:50:38,604 [java.util.concurrent.ThreadPoolExecutor$Worker@6c299a73[State = -1, empty queue]] WARN  server.GrpcLogAppender (GrpcLogAppender.java:timeoutAppendRequest(200)) - bdd5aae1-c180-43a6-a11a-58912a33bf0b@group-AADE5DCBB6F7->97184ed6-1d8a-4db2-a901-2f2d7f2102ca-GrpcLogAppender: appendEntries Timeout, request=bdd5aae1-c180-43a6-a11a-58912a33bf0b->97184ed6-1d8a-4db2-a901-2f2d7f2102ca#39-t1, previous=(t:1, i:12), leaderCommit=8, initializing? false, entries: <empty>
2019-09-17 09:50:38,604 [java.util.concurrent.ThreadPoolExecutor$Worker@3c3e5e28[State = -1, empty queue]] WARN  server.GrpcLogAppender (GrpcLogAppender.java:timeoutAppendRequest(200)) - bdd5aae1-c180-43a6-a11a-58912a33bf0b@group-AADE5DCBB6F7->7550e15a-2ff9-4e5e-b05d-d9f072bd52cf-GrpcLogAppender: appendEntries Timeout, request=bdd5aae1-c180-43a6-a11a-58912a33bf0b->7550e15a-2ff9-4e5e-b05d-d9f072bd52cf#39-t1, previous=(t:1, i:12), leaderCommit=8, initializing? false, entries: <empty>
2019-09-17 09:50:38,824 [grpc-default-executor-0] INFO  client.GrpcClientProtocolClient (GrpcClientProtocolClient.java:onNext(264)) - client-FBF7F1E1319D->97184ed6-1d8a-4db2-a901-2f2d7f2102ca: receive RaftClientReply:client-FBF7F1E1319D->97184ed6-1d8a-4db2-a901-2f2d7f2102ca@group-AADE5DCBB6F7, cid=57, FAILED org.apache.ratis.protocol.NotLeaderException: Server 97184ed6-1d8a-4db2-a901-2f2d7f2102ca@group-AADE5DCBB6F7 is not the leader bdd5aae1-c180-43a6-a11a-58912a33bf0b:192.168.34.37:44158, logIndex=0, commits[97184ed6-1d8a-4db2-a901-2f2d7f2102ca:c8, bdd5aae1-c180-43a6-a11a-58912a33bf0b:c8, 7550e15a-2ff9-4e5e-b05d-d9f072bd52cf:c8]
2019-09-17 09:50:41,105 [java.util.concurrent.ThreadPoolExecutor$Worker@3c3e5e28[State = -1, empty queue]] WARN  server.GrpcLogAppender (GrpcLogAppender.java:timeoutAppendRequest(200)) - bdd5aae1-c180-43a6-a11a-58912a33bf0b@group-AADE5DCBB6F7->7550e15a-2ff9-4e5e-b05d-d9f072bd52cf-GrpcLogAppender: appendEntries Timeout, request=bdd5aae1-c180-43a6-a11a-58912a33bf0b->7550e15a-2ff9-4e5e-b05d-d9f072bd52cf#40-t1, previous=(t:1, i:12), leaderCommit=8, initializing? false, entries: <empty>
2019-09-17 09:50:41,105 [java.util.concurrent.ThreadPoolExecutor$Worker@6c299a73[State = -1, empty queue]] WARN  server.GrpcLogAppender (GrpcLogAppender.java:timeoutAppendRequest(200)) - bdd5aae1-c180-43a6-a11a-58912a33bf0b@group-AADE5DCBB6F7->97184ed6-1d8a-4db2-a901-2f2d7f2102ca-GrpcLogAppender: appendEntries Timeout, request=bdd5aae1-c180-43a6-a11a-58912a33bf0b->97184ed6-1d8a-4db2-a901-2f2d7f2102ca#40-t1, previous=(t:1, i:12), leaderCommit=8, initializing? false, entries: <empty>
2019-09-17 09:50:43,093 [bdd5aae1-c180-43a6-a11a-58912a33bf0b@group-AADE5DCBB6F7-SegmentedRaftLogWorker] WARN  segmented.SegmentedRaftLogWorker (SegmentedRaftLogWorker.java:getFromFuture(90)) - Timeout 6/~
org.apache.ratis.protocol.TimeoutIOException: Timeout 10s: WriteLog:9: (t:1, i:9), STATEMACHINELOGENTRY, client-FBF7F1E1319D, cid=57-writeStateMachineData
	at org.apache.ratis.util.IOUtils.getFromFuture(IOUtils.java:87)
	at org.apache.ratis.server.raftlog.segmented.SegmentedRaftLogWorker$StateMachineDataPolicy.getFromFuture(SegmentedRaftLogWorker.java:87)
	at org.apache.ratis.server.raftlog.segmented.SegmentedRaftLogWorker$WriteLog.execute(SegmentedRaftLogWorker.java:477)
	at org.apache.ratis.server.raftlog.segmented.SegmentedRaftLogWorker.run(SegmentedRaftLogWorker.java:289)
	at java.lang.Thread.run(Thread.java:748)
Caused by: java.util.concurrent.TimeoutException
	at java.util.concurrent.CompletableFuture.timedGet(CompletableFuture.java:1771)
	at java.util.concurrent.CompletableFuture.get(CompletableFuture.java:1915)
	at org.apache.ratis.util.IOUtils.getFromFuture(IOUtils.java:79)
	... 4 more
2019-09-17 09:50:43,093 [7550e15a-2ff9-4e5e-b05d-d9f072bd52cf@group-AADE5DCBB6F7-SegmentedRaftLogWorker] WARN  segmented.SegmentedRaftLogWorker (SegmentedRaftLogWorker.java:getFromFuture(90)) - Timeout 6/~
org.apache.ratis.protocol.TimeoutIOException: Timeout 10s: WriteLog:9: (t:1, i:9), STATEMACHINELOGENTRY, client-FBF7F1E1319D, cid=57-writeStateMachineData
	at org.apache.ratis.util.IOUtils.getFromFuture(IOUtils.java:87)
	at org.apache.ratis.server.raftlog.segmented.SegmentedRaftLogWorker$StateMachineDataPolicy.getFromFuture(SegmentedRaftLogWorker.java:87)
	at org.apache.ratis.server.raftlog.segmented.SegmentedRaftLogWorker$WriteLog.execute(SegmentedRaftLogWorker.java:477)
	at org.apache.ratis.server.raftlog.segmented.SegmentedRaftLogWorker.run(SegmentedRaftLogWorker.java:289)
	at java.lang.Thread.run(Thread.java:748)
Caused by: java.util.concurrent.TimeoutException
	at java.util.concurrent.CompletableFuture.timedGet(CompletableFuture.java:1771)
	at java.util.concurrent.CompletableFuture.get(CompletableFuture.java:1915)
	at org.apache.ratis.util.IOUtils.getFromFuture(IOUtils.java:79)
	... 4 more
2019-09-17 09:50:43,118 [97184ed6-1d8a-4db2-a901-2f2d7f2102ca@group-AADE5DCBB6F7-SegmentedRaftLogWorker] WARN  segmented.SegmentedRaftLogWorker (SegmentedRaftLogWorker.java:getFromFuture(90)) - Timeout 6/~
org.apache.ratis.protocol.TimeoutIOException: Timeout 10s: WriteLog:9: (t:1, i:9), STATEMACHINELOGENTRY, client-FBF7F1E1319D, cid=57-writeStateMachineData
	at org.apache.ratis.util.IOUtils.getFromFuture(IOUtils.java:87)
	at org.apache.ratis.server.raftlog.segmented.SegmentedRaftLogWorker$StateMachineDataPolicy.getFromFuture(SegmentedRaftLogWorker.java:87)
	at org.apache.ratis.server.raftlog.segmented.SegmentedRaftLogWorker$WriteLog.execute(SegmentedRaftLogWorker.java:477)
	at org.apache.ratis.server.raftlog.segmented.SegmentedRaftLogWorker.run(SegmentedRaftLogWorker.java:289)
	at java.lang.Thread.run(Thread.java:748)
Caused by: java.util.concurrent.TimeoutException
	at java.util.concurrent.CompletableFuture.timedGet(CompletableFuture.java:1771)
	at java.util.concurrent.CompletableFuture.get(CompletableFuture.java:1915)
	at org.apache.ratis.util.IOUtils.getFromFuture(IOUtils.java:79)
	... 4 more
2019-09-17 09:50:43,605 [java.util.concurrent.ThreadPoolExecutor$Worker@3c3e5e28[State = -1, empty queue]] WARN  server.GrpcLogAppender (GrpcLogAppender.java:timeoutAppendRequest(200)) - bdd5aae1-c180-43a6-a11a-58912a33bf0b@group-AADE5DCBB6F7->7550e15a-2ff9-4e5e-b05d-d9f072bd52cf-GrpcLogAppender: appendEntries Timeout, request=bdd5aae1-c180-43a6-a11a-58912a33bf0b->7550e15a-2ff9-4e5e-b05d-d9f072bd52cf#41-t1, previous=(t:1, i:12), leaderCommit=8, initializing? false, entries: <empty>
2019-09-17 09:50:43,605 [java.util.concurrent.ThreadPoolExecutor$Worker@6c299a73[State = -1, empty queue]] WARN  server.GrpcLogAppender (GrpcLogAppender.java:timeoutAppendRequest(200)) - bdd5aae1-c180-43a6-a11a-58912a33bf0b@group-AADE5DCBB6F7->97184ed6-1d8a-4db2-a901-2f2d7f2102ca-GrpcLogAppender: appendEntries Timeout, request=bdd5aae1-c180-43a6-a11a-58912a33bf0b->97184ed6-1d8a-4db2-a901-2f2d7f2102ca#41-t1, previous=(t:1, i:12), leaderCommit=8, initializing? false, entries: <empty>
2019-09-17 09:50:43,868 [grpc-default-executor-3] INFO  client.GrpcClientProtocolClient (GrpcClientProtocolClient.java:onNext(264)) - client-FBF7F1E1319D->97184ed6-1d8a-4db2-a901-2f2d7f2102ca: receive RaftClientReply:client-FBF7F1E1319D->97184ed6-1d8a-4db2-a901-2f2d7f2102ca@group-AADE5DCBB6F7, cid=57, FAILED org.apache.ratis.protocol.NotLeaderException: Server 97184ed6-1d8a-4db2-a901-2f2d7f2102ca@group-AADE5DCBB6F7 is not the leader bdd5aae1-c180-43a6-a11a-58912a33bf0b:192.168.34.37:44158, logIndex=0, commits[97184ed6-1d8a-4db2-a901-2f2d7f2102ca:c8, bdd5aae1-c180-43a6-a11a-58912a33bf0b:c8, 7550e15a-2ff9-4e5e-b05d-d9f072bd52cf:c8]
2019-09-17 09:50:46,118 [java.util.concurrent.ThreadPoolExecutor$Worker@6c299a73[State = -1, empty queue]] WARN  server.GrpcLogAppender (GrpcLogAppender.java:timeoutAppendRequest(200)) - bdd5aae1-c180-43a6-a11a-58912a33bf0b@group-AADE5DCBB6F7->97184ed6-1d8a-4db2-a901-2f2d7f2102ca-GrpcLogAppender: appendEntries Timeout, request=bdd5aae1-c180-43a6-a11a-58912a33bf0b->97184ed6-1d8a-4db2-a901-2f2d7f2102ca#42-t1, previous=(t:1, i:12), leaderCommit=8, initializing? false, entries: <empty>
2019-09-17 09:50:46,118 [java.util.concurrent.ThreadPoolExecutor$Worker@3c3e5e28[State = -1, empty queue]] WARN  server.GrpcLogAppender (GrpcLogAppender.java:timeoutAppendRequest(200)) - bdd5aae1-c180-43a6-a11a-58912a33bf0b@group-AADE5DCBB6F7->7550e15a-2ff9-4e5e-b05d-d9f072bd52cf-GrpcLogAppender: appendEntries Timeout, request=bdd5aae1-c180-43a6-a11a-58912a33bf0b->7550e15a-2ff9-4e5e-b05d-d9f072bd52cf#42-t1, previous=(t:1, i:12), leaderCommit=8, initializing? false, entries: <empty>
2019-09-17 09:50:48,619 [java.util.concurrent.ThreadPoolExecutor$Worker@6c299a73[State = -1, empty queue]] WARN  server.GrpcLogAppender (GrpcLogAppender.java:timeoutAppendRequest(200)) - bdd5aae1-c180-43a6-a11a-58912a33bf0b@group-AADE5DCBB6F7->97184ed6-1d8a-4db2-a901-2f2d7f2102ca-GrpcLogAppender: appendEntries Timeout, request=bdd5aae1-c180-43a6-a11a-58912a33bf0b->97184ed6-1d8a-4db2-a901-2f2d7f2102ca#43-t1, previous=(t:1, i:12), leaderCommit=8, initializing? false, entries: <empty>
2019-09-17 09:50:48,619 [java.util.concurrent.ThreadPoolExecutor$Worker@3c3e5e28[State = -1, empty queue]] WARN  server.GrpcLogAppender (GrpcLogAppender.java:timeoutAppendRequest(200)) - bdd5aae1-c180-43a6-a11a-58912a33bf0b@group-AADE5DCBB6F7->7550e15a-2ff9-4e5e-b05d-d9f072bd52cf-GrpcLogAppender: appendEntries Timeout, request=bdd5aae1-c180-43a6-a11a-58912a33bf0b->7550e15a-2ff9-4e5e-b05d-d9f072bd52cf#43-t1, previous=(t:1, i:12), leaderCommit=8, initializing? false, entries: <empty>
2019-09-17 09:50:48,917 [grpc-default-executor-3] INFO  client.GrpcClientProtocolClient (GrpcClientProtocolClient.java:onNext(264)) - client-FBF7F1E1319D->97184ed6-1d8a-4db2-a901-2f2d7f2102ca: receive RaftClientReply:client-FBF7F1E1319D->97184ed6-1d8a-4db2-a901-2f2d7f2102ca@group-AADE5DCBB6F7, cid=57, FAILED org.apache.ratis.protocol.NotLeaderException: Server 97184ed6-1d8a-4db2-a901-2f2d7f2102ca@group-AADE5DCBB6F7 is not the leader bdd5aae1-c180-43a6-a11a-58912a33bf0b:192.168.34.37:44158, logIndex=0, commits[97184ed6-1d8a-4db2-a901-2f2d7f2102ca:c8, bdd5aae1-c180-43a6-a11a-58912a33bf0b:c8, 7550e15a-2ff9-4e5e-b05d-d9f072bd52cf:c8]
2019-09-17 09:50:51,119 [java.util.concurrent.ThreadPoolExecutor$Worker@3c3e5e28[State = -1, empty queue]] WARN  server.GrpcLogAppender (GrpcLogAppender.java:timeoutAppendRequest(200)) - bdd5aae1-c180-43a6-a11a-58912a33bf0b@group-AADE5DCBB6F7->7550e15a-2ff9-4e5e-b05d-d9f072bd52cf-GrpcLogAppender: appendEntries Timeout, request=bdd5aae1-c180-43a6-a11a-58912a33bf0b->7550e15a-2ff9-4e5e-b05d-d9f072bd52cf#44-t1, previous=(t:1, i:12), leaderCommit=8, initializing? false, entries: <empty>
2019-09-17 09:50:51,119 [java.util.concurrent.ThreadPoolExecutor$Worker@6c299a73[State = -1, empty queue]] WARN  server.GrpcLogAppender (GrpcLogAppender.java:timeoutAppendRequest(200)) - bdd5aae1-c180-43a6-a11a-58912a33bf0b@group-AADE5DCBB6F7->97184ed6-1d8a-4db2-a901-2f2d7f2102ca-GrpcLogAppender: appendEntries Timeout, request=bdd5aae1-c180-43a6-a11a-58912a33bf0b->97184ed6-1d8a-4db2-a901-2f2d7f2102ca#44-t1, previous=(t:1, i:12), leaderCommit=8, initializing? false, entries: <empty>
2019-09-17 09:50:53,094 [bdd5aae1-c180-43a6-a11a-58912a33bf0b@group-AADE5DCBB6F7-SegmentedRaftLogWorker] WARN  segmented.SegmentedRaftLogWorker (SegmentedRaftLogWorker.java:getFromFuture(90)) - Timeout 7/~
org.apache.ratis.protocol.TimeoutIOException: Timeout 10s: WriteLog:9: (t:1, i:9), STATEMACHINELOGENTRY, client-FBF7F1E1319D, cid=57-writeStateMachineData
	at org.apache.ratis.util.IOUtils.getFromFuture(IOUtils.java:87)
	at org.apache.ratis.server.raftlog.segmented.SegmentedRaftLogWorker$StateMachineDataPolicy.getFromFuture(SegmentedRaftLogWorker.java:87)
	at org.apache.ratis.server.raftlog.segmented.SegmentedRaftLogWorker$WriteLog.execute(SegmentedRaftLogWorker.java:477)
	at org.apache.ratis.server.raftlog.segmented.SegmentedRaftLogWorker.run(SegmentedRaftLogWorker.java:289)
	at java.lang.Thread.run(Thread.java:748)
Caused by: java.util.concurrent.TimeoutException
	at java.util.concurrent.CompletableFuture.timedGet(CompletableFuture.java:1771)
	at java.util.concurrent.CompletableFuture.get(CompletableFuture.java:1915)
	at org.apache.ratis.util.IOUtils.getFromFuture(IOUtils.java:79)
	... 4 more
2019-09-17 09:50:53,118 [7550e15a-2ff9-4e5e-b05d-d9f072bd52cf@group-AADE5DCBB6F7-SegmentedRaftLogWorker] WARN  segmented.SegmentedRaftLogWorker (SegmentedRaftLogWorker.java:getFromFuture(90)) - Timeout 7/~
org.apache.ratis.protocol.TimeoutIOException: Timeout 10s: WriteLog:9: (t:1, i:9), STATEMACHINELOGENTRY, client-FBF7F1E1319D, cid=57-writeStateMachineData
	at org.apache.ratis.util.IOUtils.getFromFuture(IOUtils.java:87)
	at org.apache.ratis.server.raftlog.segmented.SegmentedRaftLogWorker$StateMachineDataPolicy.getFromFuture(SegmentedRaftLogWorker.java:87)
	at org.apache.ratis.server.raftlog.segmented.SegmentedRaftLogWorker$WriteLog.execute(SegmentedRaftLogWorker.java:477)
	at org.apache.ratis.server.raftlog.segmented.SegmentedRaftLogWorker.run(SegmentedRaftLogWorker.java:289)
	at java.lang.Thread.run(Thread.java:748)
Caused by: java.util.concurrent.TimeoutException
	at java.util.concurrent.CompletableFuture.timedGet(CompletableFuture.java:1771)
	at java.util.concurrent.CompletableFuture.get(CompletableFuture.java:1915)
	at org.apache.ratis.util.IOUtils.getFromFuture(IOUtils.java:79)
	... 4 more
2019-09-17 09:50:53,119 [97184ed6-1d8a-4db2-a901-2f2d7f2102ca@group-AADE5DCBB6F7-SegmentedRaftLogWorker] WARN  segmented.SegmentedRaftLogWorker (SegmentedRaftLogWorker.java:getFromFuture(90)) - Timeout 7/~
org.apache.ratis.protocol.TimeoutIOException: Timeout 10s: WriteLog:9: (t:1, i:9), STATEMACHINELOGENTRY, client-FBF7F1E1319D, cid=57-writeStateMachineData
	at org.apache.ratis.util.IOUtils.getFromFuture(IOUtils.java:87)
	at org.apache.ratis.server.raftlog.segmented.SegmentedRaftLogWorker$StateMachineDataPolicy.getFromFuture(SegmentedRaftLogWorker.java:87)
	at org.apache.ratis.server.raftlog.segmented.SegmentedRaftLogWorker$WriteLog.execute(SegmentedRaftLogWorker.java:477)
	at org.apache.ratis.server.raftlog.segmented.SegmentedRaftLogWorker.run(SegmentedRaftLogWorker.java:289)
	at java.lang.Thread.run(Thread.java:748)
Caused by: java.util.concurrent.TimeoutException
	at java.util.concurrent.CompletableFuture.timedGet(CompletableFuture.java:1771)
	at java.util.concurrent.CompletableFuture.get(CompletableFuture.java:1915)
	at org.apache.ratis.util.IOUtils.getFromFuture(IOUtils.java:79)
	... 4 more
2019-09-17 09:50:53,619 [java.util.concurrent.ThreadPoolExecutor$Worker@6c299a73[State = -1, empty queue]] WARN  server.GrpcLogAppender (GrpcLogAppender.java:timeoutAppendRequest(200)) - bdd5aae1-c180-43a6-a11a-58912a33bf0b@group-AADE5DCBB6F7->97184ed6-1d8a-4db2-a901-2f2d7f2102ca-GrpcLogAppender: appendEntries Timeout, request=bdd5aae1-c180-43a6-a11a-58912a33bf0b->97184ed6-1d8a-4db2-a901-2f2d7f2102ca#45-t1, previous=(t:1, i:12), leaderCommit=8, initializing? false, entries: <empty>
2019-09-17 09:50:53,619 [java.util.concurrent.ThreadPoolExecutor$Worker@3c3e5e28[State = -1, empty queue]] WARN  server.GrpcLogAppender (GrpcLogAppender.java:timeoutAppendRequest(200)) - bdd5aae1-c180-43a6-a11a-58912a33bf0b@group-AADE5DCBB6F7->7550e15a-2ff9-4e5e-b05d-d9f072bd52cf-GrpcLogAppender: appendEntries Timeout, request=bdd5aae1-c180-43a6-a11a-58912a33bf0b->7550e15a-2ff9-4e5e-b05d-d9f072bd52cf#45-t1, previous=(t:1, i:12), leaderCommit=8, initializing? false, entries: <empty>
2019-09-17 09:50:53,968 [grpc-default-executor-3] INFO  client.GrpcClientProtocolClient (GrpcClientProtocolClient.java:onNext(264)) - client-FBF7F1E1319D->7550e15a-2ff9-4e5e-b05d-d9f072bd52cf: receive RaftClientReply:client-FBF7F1E1319D->7550e15a-2ff9-4e5e-b05d-d9f072bd52cf@group-AADE5DCBB6F7, cid=57, FAILED org.apache.ratis.protocol.NotLeaderException: Server 7550e15a-2ff9-4e5e-b05d-d9f072bd52cf@group-AADE5DCBB6F7 is not the leader bdd5aae1-c180-43a6-a11a-58912a33bf0b:192.168.34.37:44158, logIndex=0, commits[7550e15a-2ff9-4e5e-b05d-d9f072bd52cf:c8, bdd5aae1-c180-43a6-a11a-58912a33bf0b:c8, 97184ed6-1d8a-4db2-a901-2f2d7f2102ca:c8]
2019-09-17 09:50:56,120 [java.util.concurrent.ThreadPoolExecutor$Worker@3c3e5e28[State = -1, empty queue]] WARN  server.GrpcLogAppender (GrpcLogAppender.java:timeoutAppendRequest(200)) - bdd5aae1-c180-43a6-a11a-58912a33bf0b@group-AADE5DCBB6F7->7550e15a-2ff9-4e5e-b05d-d9f072bd52cf-GrpcLogAppender: appendEntries Timeout, request=bdd5aae1-c180-43a6-a11a-58912a33bf0b->7550e15a-2ff9-4e5e-b05d-d9f072bd52cf#46-t1, previous=(t:1, i:12), leaderCommit=8, initializing? false, entries: <empty>
2019-09-17 09:50:56,120 [java.util.concurrent.ThreadPoolExecutor$Worker@6c299a73[State = -1, empty queue]] WARN  server.GrpcLogAppender (GrpcLogAppender.java:timeoutAppendRequest(200)) - bdd5aae1-c180-43a6-a11a-58912a33bf0b@group-AADE5DCBB6F7->97184ed6-1d8a-4db2-a901-2f2d7f2102ca-GrpcLogAppender: appendEntries Timeout, request=bdd5aae1-c180-43a6-a11a-58912a33bf0b->97184ed6-1d8a-4db2-a901-2f2d7f2102ca#46-t1, previous=(t:1, i:12), leaderCommit=8, initializing? false, entries: <empty>
2019-09-17 09:50:58,621 [java.util.concurrent.ThreadPoolExecutor$Worker@3c3e5e28[State = -1, empty queue]] WARN  server.GrpcLogAppender (GrpcLogAppender.java:timeoutAppendRequest(200)) - bdd5aae1-c180-43a6-a11a-58912a33bf0b@group-AADE5DCBB6F7->7550e15a-2ff9-4e5e-b05d-d9f072bd52cf-GrpcLogAppender: appendEntries Timeout, request=bdd5aae1-c180-43a6-a11a-58912a33bf0b->7550e15a-2ff9-4e5e-b05d-d9f072bd52cf#47-t1, previous=(t:1, i:12), leaderCommit=8, initializing? false, entries: <empty>
2019-09-17 09:50:58,621 [java.util.concurrent.ThreadPoolExecutor$Worker@6c299a73[State = -1, empty queue]] WARN  server.GrpcLogAppender (GrpcLogAppender.java:timeoutAppendRequest(200)) - bdd5aae1-c180-43a6-a11a-58912a33bf0b@group-AADE5DCBB6F7->97184ed6-1d8a-4db2-a901-2f2d7f2102ca-GrpcLogAppender: appendEntries Timeout, request=bdd5aae1-c180-43a6-a11a-58912a33bf0b->97184ed6-1d8a-4db2-a901-2f2d7f2102ca#47-t1, previous=(t:1, i:12), leaderCommit=8, initializing? false, entries: <empty>
2019-09-17 09:50:59,063 [grpc-default-executor-2] INFO  client.GrpcClientProtocolClient (GrpcClientProtocolClient.java:onNext(264)) - client-FBF7F1E1319D->97184ed6-1d8a-4db2-a901-2f2d7f2102ca: receive RaftClientReply:client-FBF7F1E1319D->97184ed6-1d8a-4db2-a901-2f2d7f2102ca@group-AADE5DCBB6F7, cid=57, FAILED org.apache.ratis.protocol.NotLeaderException: Server 97184ed6-1d8a-4db2-a901-2f2d7f2102ca@group-AADE5DCBB6F7 is not the leader bdd5aae1-c180-43a6-a11a-58912a33bf0b:192.168.34.37:44158, logIndex=0, commits[97184ed6-1d8a-4db2-a901-2f2d7f2102ca:c8, bdd5aae1-c180-43a6-a11a-58912a33bf0b:c8, 7550e15a-2ff9-4e5e-b05d-d9f072bd52cf:c8]
2019-09-17 09:51:01,122 [java.util.concurrent.ThreadPoolExecutor$Worker@6c299a73[State = -1, empty queue]] WARN  server.GrpcLogAppender (GrpcLogAppender.java:timeoutAppendRequest(200)) - bdd5aae1-c180-43a6-a11a-58912a33bf0b@group-AADE5DCBB6F7->97184ed6-1d8a-4db2-a901-2f2d7f2102ca-GrpcLogAppender: appendEntries Timeout, request=bdd5aae1-c180-43a6-a11a-58912a33bf0b->97184ed6-1d8a-4db2-a901-2f2d7f2102ca#48-t1, previous=(t:1, i:12), leaderCommit=8, initializing? false, entries: <empty>
2019-09-17 09:51:01,122 [java.util.concurrent.ThreadPoolExecutor$Worker@3c3e5e28[State = -1, empty queue]] WARN  server.GrpcLogAppender (GrpcLogAppender.java:timeoutAppendRequest(200)) - bdd5aae1-c180-43a6-a11a-58912a33bf0b@group-AADE5DCBB6F7->7550e15a-2ff9-4e5e-b05d-d9f072bd52cf-GrpcLogAppender: appendEntries Timeout, request=bdd5aae1-c180-43a6-a11a-58912a33bf0b->7550e15a-2ff9-4e5e-b05d-d9f072bd52cf#48-t1, previous=(t:1, i:12), leaderCommit=8, initializing? false, entries: <empty>
2019-09-17 09:51:03,096 [bdd5aae1-c180-43a6-a11a-58912a33bf0b@group-AADE5DCBB6F7-SegmentedRaftLogWorker] WARN  segmented.SegmentedRaftLogWorker (SegmentedRaftLogWorker.java:getFromFuture(90)) - Timeout 8/~
org.apache.ratis.protocol.TimeoutIOException: Timeout 10s: WriteLog:9: (t:1, i:9), STATEMACHINELOGENTRY, client-FBF7F1E1319D, cid=57-writeStateMachineData
	at org.apache.ratis.util.IOUtils.getFromFuture(IOUtils.java:87)
	at org.apache.ratis.server.raftlog.segmented.SegmentedRaftLogWorker$StateMachineDataPolicy.getFromFuture(SegmentedRaftLogWorker.java:87)
	at org.apache.ratis.server.raftlog.segmented.SegmentedRaftLogWorker$WriteLog.execute(SegmentedRaftLogWorker.java:477)
	at org.apache.ratis.server.raftlog.segmented.SegmentedRaftLogWorker.run(SegmentedRaftLogWorker.java:289)
	at java.lang.Thread.run(Thread.java:748)
Caused by: java.util.concurrent.TimeoutException
	at java.util.concurrent.CompletableFuture.timedGet(CompletableFuture.java:1771)
	at java.util.concurrent.CompletableFuture.get(CompletableFuture.java:1915)
	at org.apache.ratis.util.IOUtils.getFromFuture(IOUtils.java:79)
	... 4 more
2019-09-17 09:51:03,119 [7550e15a-2ff9-4e5e-b05d-d9f072bd52cf@group-AADE5DCBB6F7-SegmentedRaftLogWorker] WARN  segmented.SegmentedRaftLogWorker (SegmentedRaftLogWorker.java:getFromFuture(90)) - Timeout 8/~
org.apache.ratis.protocol.TimeoutIOException: Timeout 10s: WriteLog:9: (t:1, i:9), STATEMACHINELOGENTRY, client-FBF7F1E1319D, cid=57-writeStateMachineData
	at org.apache.ratis.util.IOUtils.getFromFuture(IOUtils.java:87)
	at org.apache.ratis.server.raftlog.segmented.SegmentedRaftLogWorker$StateMachineDataPolicy.getFromFuture(SegmentedRaftLogWorker.java:87)
	at org.apache.ratis.server.raftlog.segmented.SegmentedRaftLogWorker$WriteLog.execute(SegmentedRaftLogWorker.java:477)
	at org.apache.ratis.server.raftlog.segmented.SegmentedRaftLogWorker.run(SegmentedRaftLogWorker.java:289)
	at java.lang.Thread.run(Thread.java:748)
Caused by: java.util.concurrent.TimeoutException
	at java.util.concurrent.CompletableFuture.timedGet(CompletableFuture.java:1771)
	at java.util.concurrent.CompletableFuture.get(CompletableFuture.java:1915)
	at org.apache.ratis.util.IOUtils.getFromFuture(IOUtils.java:79)
	... 4 more
2019-09-17 09:51:03,119 [97184ed6-1d8a-4db2-a901-2f2d7f2102ca@group-AADE5DCBB6F7-SegmentedRaftLogWorker] WARN  segmented.SegmentedRaftLogWorker (SegmentedRaftLogWorker.java:getFromFuture(90)) - Timeout 8/~
org.apache.ratis.protocol.TimeoutIOException: Timeout 10s: WriteLog:9: (t:1, i:9), STATEMACHINELOGENTRY, client-FBF7F1E1319D, cid=57-writeStateMachineData
	at org.apache.ratis.util.IOUtils.getFromFuture(IOUtils.java:87)
	at org.apache.ratis.server.raftlog.segmented.SegmentedRaftLogWorker$StateMachineDataPolicy.getFromFuture(SegmentedRaftLogWorker.java:87)
	at org.apache.ratis.server.raftlog.segmented.SegmentedRaftLogWorker$WriteLog.execute(SegmentedRaftLogWorker.java:477)
	at org.apache.ratis.server.raftlog.segmented.SegmentedRaftLogWorker.run(SegmentedRaftLogWorker.java:289)
	at java.lang.Thread.run(Thread.java:748)
Caused by: java.util.concurrent.TimeoutException
	at java.util.concurrent.CompletableFuture.timedGet(CompletableFuture.java:1771)
	at java.util.concurrent.CompletableFuture.get(CompletableFuture.java:1915)
	at org.apache.ratis.util.IOUtils.getFromFuture(IOUtils.java:79)
	... 4 more
2019-09-17 09:51:03,622 [java.util.concurrent.ThreadPoolExecutor$Worker@3c3e5e28[State = -1, empty queue]] WARN  server.GrpcLogAppender (GrpcLogAppender.java:timeoutAppendRequest(200)) - bdd5aae1-c180-43a6-a11a-58912a33bf0b@group-AADE5DCBB6F7->7550e15a-2ff9-4e5e-b05d-d9f072bd52cf-GrpcLogAppender: appendEntries Timeout, request=bdd5aae1-c180-43a6-a11a-58912a33bf0b->7550e15a-2ff9-4e5e-b05d-d9f072bd52cf#49-t1, previous=(t:1, i:12), leaderCommit=8, initializing? false, entries: <empty>
2019-09-17 09:51:03,622 [java.util.concurrent.ThreadPoolExecutor$Worker@6c299a73[State = -1, empty queue]] WARN  server.GrpcLogAppender (GrpcLogAppender.java:timeoutAppendRequest(200)) - bdd5aae1-c180-43a6-a11a-58912a33bf0b@group-AADE5DCBB6F7->97184ed6-1d8a-4db2-a901-2f2d7f2102ca-GrpcLogAppender: appendEntries Timeout, request=bdd5aae1-c180-43a6-a11a-58912a33bf0b->97184ed6-1d8a-4db2-a901-2f2d7f2102ca#49-t1, previous=(t:1, i:12), leaderCommit=8, initializing? false, entries: <empty>
2019-09-17 09:51:03,790 [ReplicationMonitor] INFO  container.ReplicationManager (ReplicationManager.java:forceCloseContainer(464)) - Force closing container #4 with BCSID 0, which is in QUASI_CLOSED state.
2019-09-17 09:51:03,791 [ReplicationMonitor] INFO  container.ReplicationManager (ReplicationManager.java:sendCloseCommand(659)) - Sending close container command for container #4 to datanode 97184ed6-1d8a-4db2-a901-2f2d7f2102ca{ip: 192.168.34.37, host: pr-hdds-2110-rdjw6-11158954, networkLocation: /default-rack, certSerialId: null}.
2019-09-17 09:51:03,792 [ReplicationMonitor] INFO  container.ReplicationManager (ReplicationManager.java:sendCloseCommand(659)) - Sending close container command for container #4 to datanode 7550e15a-2ff9-4e5e-b05d-d9f072bd52cf{ip: 192.168.34.37, host: pr-hdds-2110-rdjw6-11158954, networkLocation: /default-rack, certSerialId: null}.
2019-09-17 09:51:03,792 [ReplicationMonitor] INFO  container.ReplicationManager (ReplicationManager.java:sendCloseCommand(659)) - Sending close container command for container #4 to datanode bdd5aae1-c180-43a6-a11a-58912a33bf0b{ip: 192.168.34.37, host: pr-hdds-2110-rdjw6-11158954, networkLocation: /default-rack, certSerialId: null}.
2019-09-17 09:51:03,792 [ReplicationMonitor] INFO  container.ReplicationManager (ReplicationManager.java:run(225)) - Replication Monitor Thread took 10 milliseconds for processing 9 containers.
2019-09-17 09:51:04,115 [grpc-default-executor-0] INFO  client.GrpcClientProtocolClient (GrpcClientProtocolClient.java:onNext(264)) - client-FBF7F1E1319D->97184ed6-1d8a-4db2-a901-2f2d7f2102ca: receive RaftClientReply:client-FBF7F1E1319D->97184ed6-1d8a-4db2-a901-2f2d7f2102ca@group-AADE5DCBB6F7, cid=57, FAILED org.apache.ratis.protocol.NotLeaderException: Server 97184ed6-1d8a-4db2-a901-2f2d7f2102ca@group-AADE5DCBB6F7 is not the leader bdd5aae1-c180-43a6-a11a-58912a33bf0b:192.168.34.37:44158, logIndex=0, commits[97184ed6-1d8a-4db2-a901-2f2d7f2102ca:c8, bdd5aae1-c180-43a6-a11a-58912a33bf0b:c8, 7550e15a-2ff9-4e5e-b05d-d9f072bd52cf:c8]
2019-09-17 09:51:05,232 [Command processor thread] INFO  interfaces.Container (KeyValueContainer.java:flushAndSyncDB(386)) - Container 4 is synced with bcsId 0.
2019-09-17 09:51:05,233 [Command processor thread] INFO  interfaces.Container (KeyValueContainer.java:flushAndSyncDB(386)) - Container 4 is synced with bcsId 0.
2019-09-17 09:51:05,248 [Command processor thread] INFO  interfaces.Container (KeyValueContainer.java:close(335)) - Container 4 is closed with bcsId 0.
2019-09-17 09:51:05,250 [EventQueue-IncrementalContainerReportForIncrementalContainerReportHandler] INFO  container.IncrementalContainerReportHandler (AbstractContainerReportHandler.java:updateContainerState(202)) - Moving container #4 to CLOSED state, datanode 97184ed6-1d8a-4db2-a901-2f2d7f2102ca{ip: 192.168.34.37, host: pr-hdds-2110-rdjw6-11158954, networkLocation: /default-rack, certSerialId: null} reported CLOSED replica.
2019-09-17 09:51:06,123 [java.util.concurrent.ThreadPoolExecutor$Worker@3c3e5e28[State = -1, empty queue]] WARN  server.GrpcLogAppender (GrpcLogAppender.java:timeoutAppendRequest(200)) - bdd5aae1-c180-43a6-a11a-58912a33bf0b@group-AADE5DCBB6F7->7550e15a-2ff9-4e5e-b05d-d9f072bd52cf-GrpcLogAppender: appendEntries Timeout, request=bdd5aae1-c180-43a6-a11a-58912a33bf0b->7550e15a-2ff9-4e5e-b05d-d9f072bd52cf#50-t1, previous=(t:1, i:12), leaderCommit=8, initializing? false, entries: <empty>
2019-09-17 09:51:06,123 [java.util.concurrent.ThreadPoolExecutor$Worker@6c299a73[State = -1, empty queue]] WARN  server.GrpcLogAppender (GrpcLogAppender.java:timeoutAppendRequest(200)) - bdd5aae1-c180-43a6-a11a-58912a33bf0b@group-AADE5DCBB6F7->97184ed6-1d8a-4db2-a901-2f2d7f2102ca-GrpcLogAppender: appendEntries Timeout, request=bdd5aae1-c180-43a6-a11a-58912a33bf0b->97184ed6-1d8a-4db2-a901-2f2d7f2102ca#50-t1, previous=(t:1, i:12), leaderCommit=8, initializing? false, entries: <empty>
2019-09-17 09:51:06,223 [Command processor thread] INFO  interfaces.Container (KeyValueContainer.java:flushAndSyncDB(386)) - Container 4 is synced with bcsId 0.
2019-09-17 09:51:06,224 [Command processor thread] INFO  interfaces.Container (KeyValueContainer.java:flushAndSyncDB(386)) - Container 4 is synced with bcsId 0.
2019-09-17 09:51:06,227 [Command processor thread] INFO  interfaces.Container (KeyValueContainer.java:flushAndSyncDB(386)) - Container 4 is synced with bcsId 0.
2019-09-17 09:51:06,227 [Command processor thread] INFO  interfaces.Container (KeyValueContainer.java:flushAndSyncDB(386)) - Container 4 is synced with bcsId 0.
2019-09-17 09:51:06,241 [Command processor thread] INFO  interfaces.Container (KeyValueContainer.java:close(335)) - Container 4 is closed with bcsId 0.
2019-09-17 09:51:06,241 [Command processor thread] INFO  interfaces.Container (KeyValueContainer.java:close(335)) - Container 4 is closed with bcsId 0.
2019-09-17 09:51:08,623 [java.util.concurrent.ThreadPoolExecutor$Worker@6c299a73[State = -1, empty queue]] WARN  server.GrpcLogAppender (GrpcLogAppender.java:timeoutAppendRequest(200)) - bdd5aae1-c180-43a6-a11a-58912a33bf0b@group-AADE5DCBB6F7->97184ed6-1d8a-4db2-a901-2f2d7f2102ca-GrpcLogAppender: appendEntries Timeout, request=bdd5aae1-c180-43a6-a11a-58912a33bf0b->97184ed6-1d8a-4db2-a901-2f2d7f2102ca#51-t1, previous=(t:1, i:12), leaderCommit=8, initializing? false, entries: <empty>
2019-09-17 09:51:08,623 [java.util.concurrent.ThreadPoolExecutor$Worker@3c3e5e28[State = -1, empty queue]] WARN  server.GrpcLogAppender (GrpcLogAppender.java:timeoutAppendRequest(200)) - bdd5aae1-c180-43a6-a11a-58912a33bf0b@group-AADE5DCBB6F7->7550e15a-2ff9-4e5e-b05d-d9f072bd52cf-GrpcLogAppender: appendEntries Timeout, request=bdd5aae1-c180-43a6-a11a-58912a33bf0b->7550e15a-2ff9-4e5e-b05d-d9f072bd52cf#51-t1, previous=(t:1, i:12), leaderCommit=8, initializing? false, entries: <empty>
2019-09-17 09:51:09,175 [grpc-default-executor-0] INFO  client.GrpcClientProtocolClient (GrpcClientProtocolClient.java:onNext(264)) - client-FBF7F1E1319D->97184ed6-1d8a-4db2-a901-2f2d7f2102ca: receive RaftClientReply:client-FBF7F1E1319D->97184ed6-1d8a-4db2-a901-2f2d7f2102ca@group-AADE5DCBB6F7, cid=57, FAILED org.apache.ratis.protocol.NotLeaderException: Server 97184ed6-1d8a-4db2-a901-2f2d7f2102ca@group-AADE5DCBB6F7 is not the leader bdd5aae1-c180-43a6-a11a-58912a33bf0b:192.168.34.37:44158, logIndex=0, commits[97184ed6-1d8a-4db2-a901-2f2d7f2102ca:c8, bdd5aae1-c180-43a6-a11a-58912a33bf0b:c8, 7550e15a-2ff9-4e5e-b05d-d9f072bd52cf:c8]
2019-09-17 09:51:11,124 [java.util.concurrent.ThreadPoolExecutor$Worker@3c3e5e28[State = -1, empty queue]] WARN  server.GrpcLogAppender (GrpcLogAppender.java:timeoutAppendRequest(200)) - bdd5aae1-c180-43a6-a11a-58912a33bf0b@group-AADE5DCBB6F7->7550e15a-2ff9-4e5e-b05d-d9f072bd52cf-GrpcLogAppender: appendEntries Timeout, request=bdd5aae1-c180-43a6-a11a-58912a33bf0b->7550e15a-2ff9-4e5e-b05d-d9f072bd52cf#52-t1, previous=(t:1, i:12), leaderCommit=8, initializing? false, entries: <empty>
2019-09-17 09:51:11,124 [java.util.concurrent.ThreadPoolExecutor$Worker@6c299a73[State = -1, empty queue]] WARN  server.GrpcLogAppender (GrpcLogAppender.java:timeoutAppendRequest(200)) - bdd5aae1-c180-43a6-a11a-58912a33bf0b@group-AADE5DCBB6F7->97184ed6-1d8a-4db2-a901-2f2d7f2102ca-GrpcLogAppender: appendEntries Timeout, request=bdd5aae1-c180-43a6-a11a-58912a33bf0b->97184ed6-1d8a-4db2-a901-2f2d7f2102ca#52-t1, previous=(t:1, i:12), leaderCommit=8, initializing? false, entries: <empty>
2019-09-17 09:51:13,098 [bdd5aae1-c180-43a6-a11a-58912a33bf0b@group-AADE5DCBB6F7-SegmentedRaftLogWorker] WARN  segmented.SegmentedRaftLogWorker (SegmentedRaftLogWorker.java:getFromFuture(90)) - Timeout 9/~
org.apache.ratis.protocol.TimeoutIOException: Timeout 10s: WriteLog:9: (t:1, i:9), STATEMACHINELOGENTRY, client-FBF7F1E1319D, cid=57-writeStateMachineData
	at org.apache.ratis.util.IOUtils.getFromFuture(IOUtils.java:87)
	at org.apache.ratis.server.raftlog.segmented.SegmentedRaftLogWorker$StateMachineDataPolicy.getFromFuture(SegmentedRaftLogWorker.java:87)
	at org.apache.ratis.server.raftlog.segmented.SegmentedRaftLogWorker$WriteLog.execute(SegmentedRaftLogWorker.java:477)
	at org.apache.ratis.server.raftlog.segmented.SegmentedRaftLogWorker.run(SegmentedRaftLogWorker.java:289)
	at java.lang.Thread.run(Thread.java:748)
Caused by: java.util.concurrent.TimeoutException
	at java.util.concurrent.CompletableFuture.timedGet(CompletableFuture.java:1771)
	at java.util.concurrent.CompletableFuture.get(CompletableFuture.java:1915)
	at org.apache.ratis.util.IOUtils.getFromFuture(IOUtils.java:79)
	... 4 more
2019-09-17 09:51:13,119 [7550e15a-2ff9-4e5e-b05d-d9f072bd52cf@group-AADE5DCBB6F7-SegmentedRaftLogWorker] WARN  segmented.SegmentedRaftLogWorker (SegmentedRaftLogWorker.java:getFromFuture(90)) - Timeout 9/~
org.apache.ratis.protocol.TimeoutIOException: Timeout 10s: WriteLog:9: (t:1, i:9), STATEMACHINELOGENTRY, client-FBF7F1E1319D, cid=57-writeStateMachineData
	at org.apache.ratis.util.IOUtils.getFromFuture(IOUtils.java:87)
	at org.apache.ratis.server.raftlog.segmented.SegmentedRaftLogWorker$StateMachineDataPolicy.getFromFuture(SegmentedRaftLogWorker.java:87)
	at org.apache.ratis.server.raftlog.segmented.SegmentedRaftLogWorker$WriteLog.execute(SegmentedRaftLogWorker.java:477)
	at org.apache.ratis.server.raftlog.segmented.SegmentedRaftLogWorker.run(SegmentedRaftLogWorker.java:289)
	at java.lang.Thread.run(Thread.java:748)
Caused by: java.util.concurrent.TimeoutException
	at java.util.concurrent.CompletableFuture.timedGet(CompletableFuture.java:1771)
	at java.util.concurrent.CompletableFuture.get(CompletableFuture.java:1915)
	at org.apache.ratis.util.IOUtils.getFromFuture(IOUtils.java:79)
	... 4 more
2019-09-17 09:51:13,120 [97184ed6-1d8a-4db2-a901-2f2d7f2102ca@group-AADE5DCBB6F7-SegmentedRaftLogWorker] WARN  segmented.SegmentedRaftLogWorker (SegmentedRaftLogWorker.java:getFromFuture(90)) - Timeout 9/~
org.apache.ratis.protocol.TimeoutIOException: Timeout 10s: WriteLog:9: (t:1, i:9), STATEMACHINELOGENTRY, client-FBF7F1E1319D, cid=57-writeStateMachineData
	at org.apache.ratis.util.IOUtils.getFromFuture(IOUtils.java:87)
	at org.apache.ratis.server.raftlog.segmented.SegmentedRaftLogWorker$StateMachineDataPolicy.getFromFuture(SegmentedRaftLogWorker.java:87)
	at org.apache.ratis.server.raftlog.segmented.SegmentedRaftLogWorker$WriteLog.execute(SegmentedRaftLogWorker.java:477)
	at org.apache.ratis.server.raftlog.segmented.SegmentedRaftLogWorker.run(SegmentedRaftLogWorker.java:289)
	at java.lang.Thread.run(Thread.java:748)
Caused by: java.util.concurrent.TimeoutException
	at java.util.concurrent.CompletableFuture.timedGet(CompletableFuture.java:1771)
	at java.util.concurrent.CompletableFuture.get(CompletableFuture.java:1915)
	at org.apache.ratis.util.IOUtils.getFromFuture(IOUtils.java:79)
	... 4 more
2019-09-17 09:51:13,624 [java.util.concurrent.ThreadPoolExecutor$Worker@6c299a73[State = -1, empty queue]] WARN  server.GrpcLogAppender (GrpcLogAppender.java:timeoutAppendRequest(200)) - bdd5aae1-c180-43a6-a11a-58912a33bf0b@group-AADE5DCBB6F7->97184ed6-1d8a-4db2-a901-2f2d7f2102ca-GrpcLogAppender: appendEntries Timeout, request=bdd5aae1-c180-43a6-a11a-58912a33bf0b->97184ed6-1d8a-4db2-a901-2f2d7f2102ca#53-t1, previous=(t:1, i:12), leaderCommit=8, initializing? false, entries: <empty>
2019-09-17 09:51:13,624 [java.util.concurrent.ThreadPoolExecutor$Worker@3c3e5e28[State = -1, empty queue]] WARN  server.GrpcLogAppender (GrpcLogAppender.java:timeoutAppendRequest(200)) - bdd5aae1-c180-43a6-a11a-58912a33bf0b@group-AADE5DCBB6F7->7550e15a-2ff9-4e5e-b05d-d9f072bd52cf-GrpcLogAppender: appendEntries Timeout, request=bdd5aae1-c180-43a6-a11a-58912a33bf0b->7550e15a-2ff9-4e5e-b05d-d9f072bd52cf#53-t1, previous=(t:1, i:12), leaderCommit=8, initializing? false, entries: <empty>
2019-09-17 09:51:14,218 [grpc-default-executor-2] INFO  client.GrpcClientProtocolClient (GrpcClientProtocolClient.java:onNext(264)) - client-FBF7F1E1319D->97184ed6-1d8a-4db2-a901-2f2d7f2102ca: receive RaftClientReply:client-FBF7F1E1319D->97184ed6-1d8a-4db2-a901-2f2d7f2102ca@group-AADE5DCBB6F7, cid=57, FAILED org.apache.ratis.protocol.NotLeaderException: Server 97184ed6-1d8a-4db2-a901-2f2d7f2102ca@group-AADE5DCBB6F7 is not the leader bdd5aae1-c180-43a6-a11a-58912a33bf0b:192.168.34.37:44158, logIndex=0, commits[97184ed6-1d8a-4db2-a901-2f2d7f2102ca:c8, bdd5aae1-c180-43a6-a11a-58912a33bf0b:c8, 7550e15a-2ff9-4e5e-b05d-d9f072bd52cf:c8]
2019-09-17 09:51:16,124 [java.util.concurrent.ThreadPoolExecutor$Worker@3c3e5e28[State = -1, empty queue]] WARN  server.GrpcLogAppender (GrpcLogAppender.java:timeoutAppendRequest(200)) - bdd5aae1-c180-43a6-a11a-58912a33bf0b@group-AADE5DCBB6F7->7550e15a-2ff9-4e5e-b05d-d9f072bd52cf-GrpcLogAppender: appendEntries Timeout, request=bdd5aae1-c180-43a6-a11a-58912a33bf0b->7550e15a-2ff9-4e5e-b05d-d9f072bd52cf#54-t1, previous=(t:1, i:12), leaderCommit=8, initializing? false, entries: <empty>
2019-09-17 09:51:16,124 [java.util.concurrent.ThreadPoolExecutor$Worker@6c299a73[State = -1, empty queue]] WARN  server.GrpcLogAppender (GrpcLogAppender.java:timeoutAppendRequest(200)) - bdd5aae1-c180-43a6-a11a-58912a33bf0b@group-AADE5DCBB6F7->97184ed6-1d8a-4db2-a901-2f2d7f2102ca-GrpcLogAppender: appendEntries Timeout, request=bdd5aae1-c180-43a6-a11a-58912a33bf0b->97184ed6-1d8a-4db2-a901-2f2d7f2102ca#54-t1, previous=(t:1, i:12), leaderCommit=8, initializing? false, entries: <empty>
2019-09-17 09:51:18,625 [java.util.concurrent.ThreadPoolExecutor$Worker@6c299a73[State = -1, empty queue]] WARN  server.GrpcLogAppender (GrpcLogAppender.java:timeoutAppendRequest(200)) - bdd5aae1-c180-43a6-a11a-58912a33bf0b@group-AADE5DCBB6F7->97184ed6-1d8a-4db2-a901-2f2d7f2102ca-GrpcLogAppender: appendEntries Timeout, request=bdd5aae1-c180-43a6-a11a-58912a33bf0b->97184ed6-1d8a-4db2-a901-2f2d7f2102ca#55-t1, previous=(t:1, i:12), leaderCommit=8, initializing? false, entries: <empty>
2019-09-17 09:51:18,625 [java.util.concurrent.ThreadPoolExecutor$Worker@3c3e5e28[State = -1, empty queue]] WARN  server.GrpcLogAppender (GrpcLogAppender.java:timeoutAppendRequest(200)) - bdd5aae1-c180-43a6-a11a-58912a33bf0b@group-AADE5DCBB6F7->7550e15a-2ff9-4e5e-b05d-d9f072bd52cf-GrpcLogAppender: appendEntries Timeout, request=bdd5aae1-c180-43a6-a11a-58912a33bf0b->7550e15a-2ff9-4e5e-b05d-d9f072bd52cf#55-t1, previous=(t:1, i:12), leaderCommit=8, initializing? false, entries: <empty>
2019-09-17 09:51:19,273 [grpc-default-executor-3] INFO  client.GrpcClientProtocolClient (GrpcClientProtocolClient.java:onNext(264)) - client-FBF7F1E1319D->97184ed6-1d8a-4db2-a901-2f2d7f2102ca: receive RaftClientReply:client-FBF7F1E1319D->97184ed6-1d8a-4db2-a901-2f2d7f2102ca@group-AADE5DCBB6F7, cid=57, FAILED org.apache.ratis.protocol.NotLeaderException: Server 97184ed6-1d8a-4db2-a901-2f2d7f2102ca@group-AADE5DCBB6F7 is not the leader bdd5aae1-c180-43a6-a11a-58912a33bf0b:192.168.34.37:44158, logIndex=0, commits[97184ed6-1d8a-4db2-a901-2f2d7f2102ca:c8, bdd5aae1-c180-43a6-a11a-58912a33bf0b:c8, 7550e15a-2ff9-4e5e-b05d-d9f072bd52cf:c8]
2019-09-17 09:51:21,125 [java.util.concurrent.ThreadPoolExecutor$Worker@3c3e5e28[State = -1, empty queue]] WARN  server.GrpcLogAppender (GrpcLogAppender.java:timeoutAppendRequest(200)) - bdd5aae1-c180-43a6-a11a-58912a33bf0b@group-AADE5DCBB6F7->7550e15a-2ff9-4e5e-b05d-d9f072bd52cf-GrpcLogAppender: appendEntries Timeout, request=bdd5aae1-c180-43a6-a11a-58912a33bf0b->7550e15a-2ff9-4e5e-b05d-d9f072bd52cf#56-t1, previous=(t:1, i:12), leaderCommit=8, initializing? false, entries: <empty>
2019-09-17 09:51:21,125 [java.util.concurrent.ThreadPoolExecutor$Worker@6c299a73[State = -1, empty queue]] WARN  server.GrpcLogAppender (GrpcLogAppender.java:timeoutAppendRequest(200)) - bdd5aae1-c180-43a6-a11a-58912a33bf0b@group-AADE5DCBB6F7->97184ed6-1d8a-4db2-a901-2f2d7f2102ca-GrpcLogAppender: appendEntries Timeout, request=bdd5aae1-c180-43a6-a11a-58912a33bf0b->97184ed6-1d8a-4db2-a901-2f2d7f2102ca#56-t1, previous=(t:1, i:12), leaderCommit=8, initializing? false, entries: <empty>
2019-09-17 09:51:23,100 [bdd5aae1-c180-43a6-a11a-58912a33bf0b@group-AADE5DCBB6F7-SegmentedRaftLogWorker] WARN  segmented.SegmentedRaftLogWorker (SegmentedRaftLogWorker.java:getFromFuture(90)) - Timeout 10/~
org.apache.ratis.protocol.TimeoutIOException: Timeout 10s: WriteLog:9: (t:1, i:9), STATEMACHINELOGENTRY, client-FBF7F1E1319D, cid=57-writeStateMachineData
	at org.apache.ratis.util.IOUtils.getFromFuture(IOUtils.java:87)
	at org.apache.ratis.server.raftlog.segmented.SegmentedRaftLogWorker$StateMachineDataPolicy.getFromFuture(SegmentedRaftLogWorker.java:87)
	at org.apache.ratis.server.raftlog.segmented.SegmentedRaftLogWorker$WriteLog.execute(SegmentedRaftLogWorker.java:477)
	at org.apache.ratis.server.raftlog.segmented.SegmentedRaftLogWorker.run(SegmentedRaftLogWorker.java:289)
	at java.lang.Thread.run(Thread.java:748)
Caused by: java.util.concurrent.TimeoutException
	at java.util.concurrent.CompletableFuture.timedGet(CompletableFuture.java:1771)
	at java.util.concurrent.CompletableFuture.get(CompletableFuture.java:1915)
	at org.apache.ratis.util.IOUtils.getFromFuture(IOUtils.java:79)
	... 4 more
2019-09-17 09:51:23,120 [7550e15a-2ff9-4e5e-b05d-d9f072bd52cf@group-AADE5DCBB6F7-SegmentedRaftLogWorker] WARN  segmented.SegmentedRaftLogWorker (SegmentedRaftLogWorker.java:getFromFuture(90)) - Timeout 10/~
org.apache.ratis.protocol.TimeoutIOException: Timeout 10s: WriteLog:9: (t:1, i:9), STATEMACHINELOGENTRY, client-FBF7F1E1319D, cid=57-writeStateMachineData
	at org.apache.ratis.util.IOUtils.getFromFuture(IOUtils.java:87)
	at org.apache.ratis.server.raftlog.segmented.SegmentedRaftLogWorker$StateMachineDataPolicy.getFromFuture(SegmentedRaftLogWorker.java:87)
	at org.apache.ratis.server.raftlog.segmented.SegmentedRaftLogWorker$WriteLog.execute(SegmentedRaftLogWorker.java:477)
	at org.apache.ratis.server.raftlog.segmented.SegmentedRaftLogWorker.run(SegmentedRaftLogWorker.java:289)
	at java.lang.Thread.run(Thread.java:748)
Caused by: java.util.concurrent.TimeoutException
	at java.util.concurrent.CompletableFuture.timedGet(CompletableFuture.java:1771)
	at java.util.concurrent.CompletableFuture.get(CompletableFuture.java:1915)
	at org.apache.ratis.util.IOUtils.getFromFuture(IOUtils.java:79)
	... 4 more
2019-09-17 09:51:23,121 [97184ed6-1d8a-4db2-a901-2f2d7f2102ca@group-AADE5DCBB6F7-SegmentedRaftLogWorker] WARN  segmented.SegmentedRaftLogWorker (SegmentedRaftLogWorker.java:getFromFuture(90)) - Timeout 10/~
org.apache.ratis.protocol.TimeoutIOException: Timeout 10s: WriteLog:9: (t:1, i:9), STATEMACHINELOGENTRY, client-FBF7F1E1319D, cid=57-writeStateMachineData
	at org.apache.ratis.util.IOUtils.getFromFuture(IOUtils.java:87)
	at org.apache.ratis.server.raftlog.segmented.SegmentedRaftLogWorker$StateMachineDataPolicy.getFromFuture(SegmentedRaftLogWorker.java:87)
	at org.apache.ratis.server.raftlog.segmented.SegmentedRaftLogWorker$WriteLog.execute(SegmentedRaftLogWorker.java:477)
	at org.apache.ratis.server.raftlog.segmented.SegmentedRaftLogWorker.run(SegmentedRaftLogWorker.java:289)
	at java.lang.Thread.run(Thread.java:748)
Caused by: java.util.concurrent.TimeoutException
	at java.util.concurrent.CompletableFuture.timedGet(CompletableFuture.java:1771)
	at java.util.concurrent.CompletableFuture.get(CompletableFuture.java:1915)
	at org.apache.ratis.util.IOUtils.getFromFuture(IOUtils.java:79)
	... 4 more
2019-09-17 09:51:23,625 [java.util.concurrent.ThreadPoolExecutor$Worker@3c3e5e28[State = -1, empty queue]] WARN  server.GrpcLogAppender (GrpcLogAppender.java:timeoutAppendRequest(200)) - bdd5aae1-c180-43a6-a11a-58912a33bf0b@group-AADE5DCBB6F7->7550e15a-2ff9-4e5e-b05d-d9f072bd52cf-GrpcLogAppender: appendEntries Timeout, request=bdd5aae1-c180-43a6-a11a-58912a33bf0b->7550e15a-2ff9-4e5e-b05d-d9f072bd52cf#57-t1, previous=(t:1, i:12), leaderCommit=8, initializing? false, entries: <empty>
2019-09-17 09:51:23,625 [java.util.concurrent.ThreadPoolExecutor$Worker@6c299a73[State = -1, empty queue]] WARN  server.GrpcLogAppender (GrpcLogAppender.java:timeoutAppendRequest(200)) - bdd5aae1-c180-43a6-a11a-58912a33bf0b@group-AADE5DCBB6F7->97184ed6-1d8a-4db2-a901-2f2d7f2102ca-GrpcLogAppender: appendEntries Timeout, request=bdd5aae1-c180-43a6-a11a-58912a33bf0b->97184ed6-1d8a-4db2-a901-2f2d7f2102ca#57-t1, previous=(t:1, i:12), leaderCommit=8, initializing? false, entries: <empty>
2019-09-17 09:51:24,334 [grpc-default-executor-3] INFO  client.GrpcClientProtocolClient (GrpcClientProtocolClient.java:onNext(264)) - client-FBF7F1E1319D->7550e15a-2ff9-4e5e-b05d-d9f072bd52cf: receive RaftClientReply:client-FBF7F1E1319D->7550e15a-2ff9-4e5e-b05d-d9f072bd52cf@group-AADE5DCBB6F7, cid=57, FAILED org.apache.ratis.protocol.NotLeaderException: Server 7550e15a-2ff9-4e5e-b05d-d9f072bd52cf@group-AADE5DCBB6F7 is not the leader bdd5aae1-c180-43a6-a11a-58912a33bf0b:192.168.34.37:44158, logIndex=0, commits[7550e15a-2ff9-4e5e-b05d-d9f072bd52cf:c8, bdd5aae1-c180-43a6-a11a-58912a33bf0b:c8, 97184ed6-1d8a-4db2-a901-2f2d7f2102ca:c8]
2019-09-17 09:51:26,126 [java.util.concurrent.ThreadPoolExecutor$Worker@3c3e5e28[State = -1, empty queue]] WARN  server.GrpcLogAppender (GrpcLogAppender.java:timeoutAppendRequest(200)) - bdd5aae1-c180-43a6-a11a-58912a33bf0b@group-AADE5DCBB6F7->7550e15a-2ff9-4e5e-b05d-d9f072bd52cf-GrpcLogAppender: appendEntries Timeout, request=bdd5aae1-c180-43a6-a11a-58912a33bf0b->7550e15a-2ff9-4e5e-b05d-d9f072bd52cf#58-t1, previous=(t:1, i:12), leaderCommit=8, initializing? false, entries: <empty>
2019-09-17 09:51:26,126 [java.util.concurrent.ThreadPoolExecutor$Worker@6c299a73[State = -1, empty queue]] WARN  server.GrpcLogAppender (GrpcLogAppender.java:timeoutAppendRequest(200)) - bdd5aae1-c180-43a6-a11a-58912a33bf0b@group-AADE5DCBB6F7->97184ed6-1d8a-4db2-a901-2f2d7f2102ca-GrpcLogAppender: appendEntries Timeout, request=bdd5aae1-c180-43a6-a11a-58912a33bf0b->97184ed6-1d8a-4db2-a901-2f2d7f2102ca#58-t1, previous=(t:1, i:12), leaderCommit=8, initializing? false, entries: <empty>
2019-09-17 09:51:28,626 [java.util.concurrent.ThreadPoolExecutor$Worker@6c299a73[State = -1, empty queue]] WARN  server.GrpcLogAppender (GrpcLogAppender.java:timeoutAppendRequest(200)) - bdd5aae1-c180-43a6-a11a-58912a33bf0b@group-AADE5DCBB6F7->97184ed6-1d8a-4db2-a901-2f2d7f2102ca-GrpcLogAppender: appendEntries Timeout, request=bdd5aae1-c180-43a6-a11a-58912a33bf0b->97184ed6-1d8a-4db2-a901-2f2d7f2102ca#59-t1, previous=(t:1, i:12), leaderCommit=8, initializing? false, entries: <empty>
2019-09-17 09:51:28,626 [java.util.concurrent.ThreadPoolExecutor$Worker@3c3e5e28[State = -1, empty queue]] WARN  server.GrpcLogAppender (GrpcLogAppender.java:timeoutAppendRequest(200)) - bdd5aae1-c180-43a6-a11a-58912a33bf0b@group-AADE5DCBB6F7->7550e15a-2ff9-4e5e-b05d-d9f072bd52cf-GrpcLogAppender: appendEntries Timeout, request=bdd5aae1-c180-43a6-a11a-58912a33bf0b->7550e15a-2ff9-4e5e-b05d-d9f072bd52cf#59-t1, previous=(t:1, i:12), leaderCommit=8, initializing? false, entries: <empty>
2019-09-17 09:51:29,385 [grpc-default-executor-3] INFO  client.GrpcClientProtocolClient (GrpcClientProtocolClient.java:onNext(264)) - client-FBF7F1E1319D->97184ed6-1d8a-4db2-a901-2f2d7f2102ca: receive RaftClientReply:client-FBF7F1E1319D->97184ed6-1d8a-4db2-a901-2f2d7f2102ca@group-AADE5DCBB6F7, cid=57, FAILED org.apache.ratis.protocol.NotLeaderException: Server 97184ed6-1d8a-4db2-a901-2f2d7f2102ca@group-AADE5DCBB6F7 is not the leader bdd5aae1-c180-43a6-a11a-58912a33bf0b:192.168.34.37:44158, logIndex=0, commits[97184ed6-1d8a-4db2-a901-2f2d7f2102ca:c8, bdd5aae1-c180-43a6-a11a-58912a33bf0b:c8, 7550e15a-2ff9-4e5e-b05d-d9f072bd52cf:c8]
2019-09-17 09:51:31,127 [java.util.concurrent.ThreadPoolExecutor$Worker@3c3e5e28[State = -1, empty queue]] WARN  server.GrpcLogAppender (GrpcLogAppender.java:timeoutAppendRequest(200)) - bdd5aae1-c180-43a6-a11a-58912a33bf0b@group-AADE5DCBB6F7->7550e15a-2ff9-4e5e-b05d-d9f072bd52cf-GrpcLogAppender: appendEntries Timeout, request=bdd5aae1-c180-43a6-a11a-58912a33bf0b->7550e15a-2ff9-4e5e-b05d-d9f072bd52cf#60-t1, previous=(t:1, i:12), leaderCommit=8, initializing? false, entries: <empty>
2019-09-17 09:51:31,127 [java.util.concurrent.ThreadPoolExecutor$Worker@6c299a73[State = -1, empty queue]] WARN  server.GrpcLogAppender (GrpcLogAppender.java:timeoutAppendRequest(200)) - bdd5aae1-c180-43a6-a11a-58912a33bf0b@group-AADE5DCBB6F7->97184ed6-1d8a-4db2-a901-2f2d7f2102ca-GrpcLogAppender: appendEntries Timeout, request=bdd5aae1-c180-43a6-a11a-58912a33bf0b->97184ed6-1d8a-4db2-a901-2f2d7f2102ca#60-t1, previous=(t:1, i:12), leaderCommit=8, initializing? false, entries: <empty>
2019-09-17 09:51:33,103 [bdd5aae1-c180-43a6-a11a-58912a33bf0b@group-AADE5DCBB6F7-SegmentedRaftLogWorker] WARN  segmented.SegmentedRaftLogWorker (SegmentedRaftLogWorker.java:getFromFuture(90)) - Timeout 11/~
org.apache.ratis.protocol.TimeoutIOException: Timeout 10s: WriteLog:9: (t:1, i:9), STATEMACHINELOGENTRY, client-FBF7F1E1319D, cid=57-writeStateMachineData
	at org.apache.ratis.util.IOUtils.getFromFuture(IOUtils.java:87)
	at org.apache.ratis.server.raftlog.segmented.SegmentedRaftLogWorker$StateMachineDataPolicy.getFromFuture(SegmentedRaftLogWorker.java:87)
	at org.apache.ratis.server.raftlog.segmented.SegmentedRaftLogWorker$WriteLog.execute(SegmentedRaftLogWorker.java:477)
	at org.apache.ratis.server.raftlog.segmented.SegmentedRaftLogWorker.run(SegmentedRaftLogWorker.java:289)
	at java.lang.Thread.run(Thread.java:748)
Caused by: java.util.concurrent.TimeoutException
	at java.util.concurrent.CompletableFuture.timedGet(CompletableFuture.java:1771)
	at java.util.concurrent.CompletableFuture.get(CompletableFuture.java:1915)
	at org.apache.ratis.util.IOUtils.getFromFuture(IOUtils.java:79)
	... 4 more
2019-09-17 09:51:33,121 [7550e15a-2ff9-4e5e-b05d-d9f072bd52cf@group-AADE5DCBB6F7-SegmentedRaftLogWorker] WARN  segmented.SegmentedRaftLogWorker (SegmentedRaftLogWorker.java:getFromFuture(90)) - Timeout 11/~
org.apache.ratis.protocol.TimeoutIOException: Timeout 10s: WriteLog:9: (t:1, i:9), STATEMACHINELOGENTRY, client-FBF7F1E1319D, cid=57-writeStateMachineData
	at org.apache.ratis.util.IOUtils.getFromFuture(IOUtils.java:87)
	at org.apache.ratis.server.raftlog.segmented.SegmentedRaftLogWorker$StateMachineDataPolicy.getFromFuture(SegmentedRaftLogWorker.java:87)
	at org.apache.ratis.server.raftlog.segmented.SegmentedRaftLogWorker$WriteLog.execute(SegmentedRaftLogWorker.java:477)
	at org.apache.ratis.server.raftlog.segmented.SegmentedRaftLogWorker.run(SegmentedRaftLogWorker.java:289)
	at java.lang.Thread.run(Thread.java:748)
Caused by: java.util.concurrent.TimeoutException
	at java.util.concurrent.CompletableFuture.timedGet(CompletableFuture.java:1771)
	at java.util.concurrent.CompletableFuture.get(CompletableFuture.java:1915)
	at org.apache.ratis.util.IOUtils.getFromFuture(IOUtils.java:79)
	... 4 more
2019-09-17 09:51:33,122 [97184ed6-1d8a-4db2-a901-2f2d7f2102ca@group-AADE5DCBB6F7-SegmentedRaftLogWorker] WARN  segmented.SegmentedRaftLogWorker (SegmentedRaftLogWorker.java:getFromFuture(90)) - Timeout 11/~
org.apache.ratis.protocol.TimeoutIOException: Timeout 10s: WriteLog:9: (t:1, i:9), STATEMACHINELOGENTRY, client-FBF7F1E1319D, cid=57-writeStateMachineData
	at org.apache.ratis.util.IOUtils.getFromFuture(IOUtils.java:87)
	at org.apache.ratis.server.raftlog.segmented.SegmentedRaftLogWorker$StateMachineDataPolicy.getFromFuture(SegmentedRaftLogWorker.java:87)
	at org.apache.ratis.server.raftlog.segmented.SegmentedRaftLogWorker$WriteLog.execute(SegmentedRaftLogWorker.java:477)
	at org.apache.ratis.server.raftlog.segmented.SegmentedRaftLogWorker.run(SegmentedRaftLogWorker.java:289)
	at java.lang.Thread.run(Thread.java:748)
Caused by: java.util.concurrent.TimeoutException
	at java.util.concurrent.CompletableFuture.timedGet(CompletableFuture.java:1771)
	at java.util.concurrent.CompletableFuture.get(CompletableFuture.java:1915)
	at org.apache.ratis.util.IOUtils.getFromFuture(IOUtils.java:79)
	... 4 more
2019-09-17 09:51:33,129 [org.apache.ratis.server.impl.LogAppender$AppenderDaemon$$Lambda$490/1425097048@5f4786ad] ERROR ratis.XceiverServerRatis (XceiverServerRatis.java:triggerPipelineClose(568)) - pipeline Action CLOSE  on pipeline PipelineID=ee8ffa2b-24a5-4a82-be78-aade5dcbb6f7.Reason : bdd5aae1-c180-43a6-a11a-58912a33bf0b has not seen follower/s 97184ed6-1d8a-4db2-a901-2f2d7f2102ca for 121220ms 7550e15a-2ff9-4e5e-b05d-d9f072bd52cf for 121220ms
2019-09-17 09:51:33,129 [org.apache.ratis.server.impl.LogAppender$AppenderDaemon$$Lambda$490/1425097048@2486df5c] ERROR ratis.XceiverServerRatis (XceiverServerRatis.java:triggerPipelineClose(568)) - pipeline Action CLOSE  on pipeline PipelineID=ee8ffa2b-24a5-4a82-be78-aade5dcbb6f7.Reason : bdd5aae1-c180-43a6-a11a-58912a33bf0b has not seen follower/s 97184ed6-1d8a-4db2-a901-2f2d7f2102ca for 121220ms 7550e15a-2ff9-4e5e-b05d-d9f072bd52cf for 121220ms
2019-09-17 09:51:33,247 [EventQueue-PipelineActionsForPipelineActionHandler] ERROR pipeline.PipelineActionHandler (PipelineActionHandler.java:onMessage(60)) - Received pipeline action CLOSE for Pipeline[ Id: ee8ffa2b-24a5-4a82-be78-aade5dcbb6f7, Nodes: bdd5aae1-c180-43a6-a11a-58912a33bf0b{ip: 192.168.34.37, host: pr-hdds-2110-rdjw6-11158954, networkLocation: /default-rack, certSerialId: null}97184ed6-1d8a-4db2-a901-2f2d7f2102ca{ip: 192.168.34.37, host: pr-hdds-2110-rdjw6-11158954, networkLocation: /default-rack, certSerialId: null}7550e15a-2ff9-4e5e-b05d-d9f072bd52cf{ip: 192.168.34.37, host: pr-hdds-2110-rdjw6-11158954, networkLocation: /default-rack, certSerialId: null}, Type:RATIS, Factor:THREE, State:OPEN] from datanode bdd5aae1-c180-43a6-a11a-58912a33bf0b{ip: 192.168.34.37, host: pr-hdds-2110-rdjw6-11158954, networkLocation: /default-rack, certSerialId: null}. Reason : bdd5aae1-c180-43a6-a11a-58912a33bf0b has not seen follower/s 97184ed6-1d8a-4db2-a901-2f2d7f2102ca for 121220ms 7550e15a-2ff9-4e5e-b05d-d9f072bd52cf for 121220ms
2019-09-17 09:51:33,247 [EventQueue-PipelineActionsForPipelineActionHandler] INFO  pipeline.SCMPipelineManager (SCMPipelineManager.java:finalizeAndDestroyPipeline(311)) - destroying pipeline:Pipeline[ Id: ee8ffa2b-24a5-4a82-be78-aade5dcbb6f7, Nodes: bdd5aae1-c180-43a6-a11a-58912a33bf0b{ip: 192.168.34.37, host: pr-hdds-2110-rdjw6-11158954, networkLocation: /default-rack, certSerialId: null}97184ed6-1d8a-4db2-a901-2f2d7f2102ca{ip: 192.168.34.37, host: pr-hdds-2110-rdjw6-11158954, networkLocation: /default-rack, certSerialId: null}7550e15a-2ff9-4e5e-b05d-d9f072bd52cf{ip: 192.168.34.37, host: pr-hdds-2110-rdjw6-11158954, networkLocation: /default-rack, certSerialId: null}, Type:RATIS, Factor:THREE, State:OPEN]
2019-09-17 09:51:33,248 [EventQueue-PipelineActionsForPipelineActionHandler] INFO  pipeline.PipelineStateManager (PipelineStateManager.java:finalizePipeline(123)) - Pipeline Pipeline[ Id: ee8ffa2b-24a5-4a82-be78-aade5dcbb6f7, Nodes: bdd5aae1-c180-43a6-a11a-58912a33bf0b{ip: 192.168.34.37, host: pr-hdds-2110-rdjw6-11158954, networkLocation: /default-rack, certSerialId: null}97184ed6-1d8a-4db2-a901-2f2d7f2102ca{ip: 192.168.34.37, host: pr-hdds-2110-rdjw6-11158954, networkLocation: /default-rack, certSerialId: null}7550e15a-2ff9-4e5e-b05d-d9f072bd52cf{ip: 192.168.34.37, host: pr-hdds-2110-rdjw6-11158954, networkLocation: /default-rack, certSerialId: null}, Type:RATIS, Factor:THREE, State:CLOSED] moved to CLOSED state
2019-09-17 09:51:33,249 [EventQueue-CloseContainerForCloseContainerEventHandler] INFO  container.CloseContainerEventHandler (CloseContainerEventHandler.java:onMessage(61)) - Close container Event triggered for container : #5
2019-09-17 09:51:33,250 [EventQueue-CloseContainerForCloseContainerEventHandler] INFO  container.CloseContainerEventHandler (CloseContainerEventHandler.java:onMessage(61)) - Close container Event triggered for container : #8
2019-09-17 09:51:33,628 [java.util.concurrent.ThreadPoolExecutor$Worker@6c299a73[State = -1, empty queue]] WARN  server.GrpcLogAppender (GrpcLogAppender.java:timeoutAppendRequest(200)) - bdd5aae1-c180-43a6-a11a-58912a33bf0b@group-AADE5DCBB6F7->97184ed6-1d8a-4db2-a901-2f2d7f2102ca-GrpcLogAppender: appendEntries Timeout, request=bdd5aae1-c180-43a6-a11a-58912a33bf0b->97184ed6-1d8a-4db2-a901-2f2d7f2102ca#61-t1, previous=(t:1, i:12), leaderCommit=8, initializing? false, entries: <empty>
2019-09-17 09:51:33,628 [java.util.concurrent.ThreadPoolExecutor$Worker@3c3e5e28[State = -1, empty queue]] WARN  server.GrpcLogAppender (GrpcLogAppender.java:timeoutAppendRequest(200)) - bdd5aae1-c180-43a6-a11a-58912a33bf0b@group-AADE5DCBB6F7->7550e15a-2ff9-4e5e-b05d-d9f072bd52cf-GrpcLogAppender: appendEntries Timeout, request=bdd5aae1-c180-43a6-a11a-58912a33bf0b->7550e15a-2ff9-4e5e-b05d-d9f072bd52cf#61-t1, previous=(t:1, i:12), leaderCommit=8, initializing? false, entries: <empty>
2019-09-17 09:51:34,447 [grpc-default-executor-3] INFO  client.GrpcClientProtocolClient (GrpcClientProtocolClient.java:onNext(264)) - client-FBF7F1E1319D->7550e15a-2ff9-4e5e-b05d-d9f072bd52cf: receive RaftClientReply:client-FBF7F1E1319D->7550e15a-2ff9-4e5e-b05d-d9f072bd52cf@group-AADE5DCBB6F7, cid=57, FAILED org.apache.ratis.protocol.NotLeaderException: Server 7550e15a-2ff9-4e5e-b05d-d9f072bd52cf@group-AADE5DCBB6F7 is not the leader bdd5aae1-c180-43a6-a11a-58912a33bf0b:192.168.34.37:44158, logIndex=0, commits[7550e15a-2ff9-4e5e-b05d-d9f072bd52cf:c8, bdd5aae1-c180-43a6-a11a-58912a33bf0b:c8, 97184ed6-1d8a-4db2-a901-2f2d7f2102ca:c8]
2019-09-17 09:51:35,630 [org.apache.ratis.server.impl.LogAppender$AppenderDaemon$$Lambda$490/1425097048@5f4786ad] ERROR ratis.XceiverServerRatis (XceiverServerRatis.java:triggerPipelineClose(568)) - pipeline Action CLOSE  on pipeline PipelineID=ee8ffa2b-24a5-4a82-be78-aade5dcbb6f7.Reason : bdd5aae1-c180-43a6-a11a-58912a33bf0b has not seen follower/s 97184ed6-1d8a-4db2-a901-2f2d7f2102ca for 123722ms 7550e15a-2ff9-4e5e-b05d-d9f072bd52cf for 123722ms
2019-09-17 09:51:35,630 [org.apache.ratis.server.impl.LogAppender$AppenderDaemon$$Lambda$490/1425097048@2486df5c] ERROR ratis.XceiverServerRatis (XceiverServerRatis.java:triggerPipelineClose(568)) - pipeline Action CLOSE  on pipeline PipelineID=ee8ffa2b-24a5-4a82-be78-aade5dcbb6f7.Reason : bdd5aae1-c180-43a6-a11a-58912a33bf0b has not seen follower/s 97184ed6-1d8a-4db2-a901-2f2d7f2102ca for 123722ms 7550e15a-2ff9-4e5e-b05d-d9f072bd52cf for 123722ms
2019-09-17 09:51:36,128 [java.util.concurrent.ThreadPoolExecutor$Worker@6c299a73[State = -1, empty queue]] WARN  server.GrpcLogAppender (GrpcLogAppender.java:timeoutAppendRequest(200)) - bdd5aae1-c180-43a6-a11a-58912a33bf0b@group-AADE5DCBB6F7->97184ed6-1d8a-4db2-a901-2f2d7f2102ca-GrpcLogAppender: appendEntries Timeout, request=bdd5aae1-c180-43a6-a11a-58912a33bf0b->97184ed6-1d8a-4db2-a901-2f2d7f2102ca#62-t1, previous=(t:1, i:12), leaderCommit=8, initializing? false, entries: <empty>
2019-09-17 09:51:36,128 [java.util.concurrent.ThreadPoolExecutor$Worker@3c3e5e28[State = -1, empty queue]] WARN  server.GrpcLogAppender (GrpcLogAppender.java:timeoutAppendRequest(200)) - bdd5aae1-c180-43a6-a11a-58912a33bf0b@group-AADE5DCBB6F7->7550e15a-2ff9-4e5e-b05d-d9f072bd52cf-GrpcLogAppender: appendEntries Timeout, request=bdd5aae1-c180-43a6-a11a-58912a33bf0b->7550e15a-2ff9-4e5e-b05d-d9f072bd52cf#62-t1, previous=(t:1, i:12), leaderCommit=8, initializing? false, entries: <empty>
2019-09-17 09:51:36,248 [EventQueue-PipelineActionsForPipelineActionHandler] ERROR pipeline.PipelineActionHandler (PipelineActionHandler.java:onMessage(60)) - Received pipeline action CLOSE for Pipeline[ Id: ee8ffa2b-24a5-4a82-be78-aade5dcbb6f7, Nodes: bdd5aae1-c180-43a6-a11a-58912a33bf0b{ip: 192.168.34.37, host: pr-hdds-2110-rdjw6-11158954, networkLocation: /default-rack, certSerialId: null}97184ed6-1d8a-4db2-a901-2f2d7f2102ca{ip: 192.168.34.37, host: pr-hdds-2110-rdjw6-11158954, networkLocation: /default-rack, certSerialId: null}7550e15a-2ff9-4e5e-b05d-d9f072bd52cf{ip: 192.168.34.37, host: pr-hdds-2110-rdjw6-11158954, networkLocation: /default-rack, certSerialId: null}, Type:RATIS, Factor:THREE, State:CLOSED] from datanode bdd5aae1-c180-43a6-a11a-58912a33bf0b{ip: 192.168.34.37, host: pr-hdds-2110-rdjw6-11158954, networkLocation: /default-rack, certSerialId: null}. Reason : bdd5aae1-c180-43a6-a11a-58912a33bf0b has not seen follower/s 97184ed6-1d8a-4db2-a901-2f2d7f2102ca for 123722ms 7550e15a-2ff9-4e5e-b05d-d9f072bd52cf for 123722ms
2019-09-17 09:51:36,248 [EventQueue-PipelineActionsForPipelineActionHandler] INFO  pipeline.SCMPipelineManager (SCMPipelineManager.java:finalizeAndDestroyPipeline(311)) - destroying pipeline:Pipeline[ Id: ee8ffa2b-24a5-4a82-be78-aade5dcbb6f7, Nodes: bdd5aae1-c180-43a6-a11a-58912a33bf0b{ip: 192.168.34.37, host: pr-hdds-2110-rdjw6-11158954, networkLocation: /default-rack, certSerialId: null}97184ed6-1d8a-4db2-a901-2f2d7f2102ca{ip: 192.168.34.37, host: pr-hdds-2110-rdjw6-11158954, networkLocation: /default-rack, certSerialId: null}7550e15a-2ff9-4e5e-b05d-d9f072bd52cf{ip: 192.168.34.37, host: pr-hdds-2110-rdjw6-11158954, networkLocation: /default-rack, certSerialId: null}, Type:RATIS, Factor:THREE, State:CLOSED]
2019-09-17 09:51:36,273 [org.apache.ratis.server.impl.LogAppender$AppenderDaemon$$Lambda$490/1425097048@5f4786ad] ERROR ratis.XceiverServerRatis (XceiverServerRatis.java:triggerPipelineClose(568)) - pipeline Action CLOSE  on pipeline PipelineID=ee8ffa2b-24a5-4a82-be78-aade5dcbb6f7.Reason : bdd5aae1-c180-43a6-a11a-58912a33bf0b has not seen follower/s 97184ed6-1d8a-4db2-a901-2f2d7f2102ca for 124365ms 7550e15a-2ff9-4e5e-b05d-d9f072bd52cf for 124365ms
2019-09-17 09:51:36,273 [org.apache.ratis.server.impl.LogAppender$AppenderDaemon$$Lambda$490/1425097048@2486df5c] ERROR ratis.XceiverServerRatis (XceiverServerRatis.java:triggerPipelineClose(568)) - pipeline Action CLOSE  on pipeline PipelineID=ee8ffa2b-24a5-4a82-be78-aade5dcbb6f7.Reason : bdd5aae1-c180-43a6-a11a-58912a33bf0b has not seen follower/s 97184ed6-1d8a-4db2-a901-2f2d7f2102ca for 124365ms 7550e15a-2ff9-4e5e-b05d-d9f072bd52cf for 124365ms
2019-09-17 09:51:37,271 [EventQueue-PipelineActionsForPipelineActionHandler] ERROR pipeline.PipelineActionHandler (PipelineActionHandler.java:onMessage(60)) - Received pipeline action CLOSE for Pipeline[ Id: ee8ffa2b-24a5-4a82-be78-aade5dcbb6f7, Nodes: bdd5aae1-c180-43a6-a11a-58912a33bf0b{ip: 192.168.34.37, host: pr-hdds-2110-rdjw6-11158954, networkLocation: /default-rack, certSerialId: null}97184ed6-1d8a-4db2-a901-2f2d7f2102ca{ip: 192.168.34.37, host: pr-hdds-2110-rdjw6-11158954, networkLocation: /default-rack, certSerialId: null}7550e15a-2ff9-4e5e-b05d-d9f072bd52cf{ip: 192.168.34.37, host: pr-hdds-2110-rdjw6-11158954, networkLocation: /default-rack, certSerialId: null}, Type:RATIS, Factor:THREE, State:CLOSED] from datanode bdd5aae1-c180-43a6-a11a-58912a33bf0b{ip: 192.168.34.37, host: pr-hdds-2110-rdjw6-11158954, networkLocation: /default-rack, certSerialId: null}. Reason : bdd5aae1-c180-43a6-a11a-58912a33bf0b has not seen follower/s 97184ed6-1d8a-4db2-a901-2f2d7f2102ca for 124365ms 7550e15a-2ff9-4e5e-b05d-d9f072bd52cf for 124365ms
2019-09-17 09:51:37,272 [EventQueue-PipelineActionsForPipelineActionHandler] INFO  pipeline.SCMPipelineManager (SCMPipelineManager.java:finalizeAndDestroyPipeline(311)) - destroying pipeline:Pipeline[ Id: ee8ffa2b-24a5-4a82-be78-aade5dcbb6f7, Nodes: bdd5aae1-c180-43a6-a11a-58912a33bf0b{ip: 192.168.34.37, host: pr-hdds-2110-rdjw6-11158954, networkLocation: /default-rack, certSerialId: null}97184ed6-1d8a-4db2-a901-2f2d7f2102ca{ip: 192.168.34.37, host: pr-hdds-2110-rdjw6-11158954, networkLocation: /default-rack, certSerialId: null}7550e15a-2ff9-4e5e-b05d-d9f072bd52cf{ip: 192.168.34.37, host: pr-hdds-2110-rdjw6-11158954, networkLocation: /default-rack, certSerialId: null}, Type:RATIS, Factor:THREE, State:CLOSED]
2019-09-17 09:51:38,630 [java.util.concurrent.ThreadPoolExecutor$Worker@6c299a73[State = -1, empty queue]] WARN  server.GrpcLogAppender (GrpcLogAppender.java:timeoutAppendRequest(200)) - bdd5aae1-c180-43a6-a11a-58912a33bf0b@group-AADE5DCBB6F7->97184ed6-1d8a-4db2-a901-2f2d7f2102ca-GrpcLogAppender: appendEntries Timeout, request=bdd5aae1-c180-43a6-a11a-58912a33bf0b->97184ed6-1d8a-4db2-a901-2f2d7f2102ca#63-t1, previous=(t:1, i:12), leaderCommit=8, initializing? false, entries: <empty>
2019-09-17 09:51:38,630 [java.util.concurrent.ThreadPoolExecutor$Worker@3c3e5e28[State = -1, empty queue]] WARN  server.GrpcLogAppender (GrpcLogAppender.java:timeoutAppendRequest(200)) - bdd5aae1-c180-43a6-a11a-58912a33bf0b@group-AADE5DCBB6F7->7550e15a-2ff9-4e5e-b05d-d9f072bd52cf-GrpcLogAppender: appendEntries Timeout, request=bdd5aae1-c180-43a6-a11a-58912a33bf0b->7550e15a-2ff9-4e5e-b05d-d9f072bd52cf#63-t1, previous=(t:1, i:12), leaderCommit=8, initializing? false, entries: <empty>
2019-09-17 09:51:38,774 [org.apache.ratis.server.impl.LogAppender$AppenderDaemon$$Lambda$490/1425097048@5f4786ad] ERROR ratis.XceiverServerRatis (XceiverServerRatis.java:triggerPipelineClose(568)) - pipeline Action CLOSE  on pipeline PipelineID=ee8ffa2b-24a5-4a82-be78-aade5dcbb6f7.Reason : bdd5aae1-c180-43a6-a11a-58912a33bf0b has not seen follower/s 97184ed6-1d8a-4db2-a901-2f2d7f2102ca for 126866ms 7550e15a-2ff9-4e5e-b05d-d9f072bd52cf for 126866ms
2019-09-17 09:51:38,774 [org.apache.ratis.server.impl.LogAppender$AppenderDaemon$$Lambda$490/1425097048@2486df5c] ERROR ratis.XceiverServerRatis (XceiverServerRatis.java:triggerPipelineClose(568)) - pipeline Action CLOSE  on pipeline PipelineID=ee8ffa2b-24a5-4a82-be78-aade5dcbb6f7.Reason : bdd5aae1-c180-43a6-a11a-58912a33bf0b has not seen follower/s 97184ed6-1d8a-4db2-a901-2f2d7f2102ca for 126866ms 7550e15a-2ff9-4e5e-b05d-d9f072bd52cf for 126866ms
2019-09-17 09:51:39,272 [EventQueue-PipelineActionsForPipelineActionHandler] ERROR pipeline.PipelineActionHandler (PipelineActionHandler.java:onMessage(60)) - Received pipeline action CLOSE for Pipeline[ Id: ee8ffa2b-24a5-4a82-be78-aade5dcbb6f7, Nodes: bdd5aae1-c180-43a6-a11a-58912a33bf0b{ip: 192.168.34.37, host: pr-hdds-2110-rdjw6-11158954, networkLocation: /default-rack, certSerialId: null}97184ed6-1d8a-4db2-a901-2f2d7f2102ca{ip: 192.168.34.37, host: pr-hdds-2110-rdjw6-11158954, networkLocation: /default-rack, certSerialId: null}7550e15a-2ff9-4e5e-b05d-d9f072bd52cf{ip: 192.168.34.37, host: pr-hdds-2110-rdjw6-11158954, networkLocation: /default-rack, certSerialId: null}, Type:RATIS, Factor:THREE, State:CLOSED] from datanode bdd5aae1-c180-43a6-a11a-58912a33bf0b{ip: 192.168.34.37, host: pr-hdds-2110-rdjw6-11158954, networkLocation: /default-rack, certSerialId: null}. Reason : bdd5aae1-c180-43a6-a11a-58912a33bf0b has not seen follower/s 97184ed6-1d8a-4db2-a901-2f2d7f2102ca for 126866ms 7550e15a-2ff9-4e5e-b05d-d9f072bd52cf for 126866ms
2019-09-17 09:51:39,273 [EventQueue-PipelineActionsForPipelineActionHandler] INFO  pipeline.SCMPipelineManager (SCMPipelineManager.java:finalizeAndDestroyPipeline(311)) - destroying pipeline:Pipeline[ Id: ee8ffa2b-24a5-4a82-be78-aade5dcbb6f7, Nodes: bdd5aae1-c180-43a6-a11a-58912a33bf0b{ip: 192.168.34.37, host: pr-hdds-2110-rdjw6-11158954, networkLocation: /default-rack, certSerialId: null}97184ed6-1d8a-4db2-a901-2f2d7f2102ca{ip: 192.168.34.37, host: pr-hdds-2110-rdjw6-11158954, networkLocation: /default-rack, certSerialId: null}7550e15a-2ff9-4e5e-b05d-d9f072bd52cf{ip: 192.168.34.37, host: pr-hdds-2110-rdjw6-11158954, networkLocation: /default-rack, certSerialId: null}, Type:RATIS, Factor:THREE, State:CLOSED]
2019-09-17 09:51:39,274 [java.util.concurrent.ThreadPoolExecutor$Worker@3c3e5e28[State = -1, empty queue]] WARN  server.GrpcLogAppender (GrpcLogAppender.java:timeoutAppendRequest(200)) - bdd5aae1-c180-43a6-a11a-58912a33bf0b@group-AADE5DCBB6F7->7550e15a-2ff9-4e5e-b05d-d9f072bd52cf-GrpcLogAppender: appendEntries Timeout, request=bdd5aae1-c180-43a6-a11a-58912a33bf0b->7550e15a-2ff9-4e5e-b05d-d9f072bd52cf#64-t1, previous=(t:1, i:12), leaderCommit=8, initializing? false, entries: size=1, first=(t:1, i:13), STATEMACHINELOGENTRY, client-725289BBED46, cid=52
2019-09-17 09:51:39,274 [java.util.concurrent.ThreadPoolExecutor$Worker@6c299a73[State = -1, empty queue]] WARN  server.GrpcLogAppender (GrpcLogAppender.java:timeoutAppendRequest(200)) - bdd5aae1-c180-43a6-a11a-58912a33bf0b@group-AADE5DCBB6F7->97184ed6-1d8a-4db2-a901-2f2d7f2102ca-GrpcLogAppender: appendEntries Timeout, request=bdd5aae1-c180-43a6-a11a-58912a33bf0b->97184ed6-1d8a-4db2-a901-2f2d7f2102ca#64-t1, previous=(t:1, i:12), leaderCommit=8, initializing? false, entries: size=1, first=(t:1, i:13), STATEMACHINELOGENTRY, client-725289BBED46, cid=52
2019-09-17 09:51:39,517 [grpc-default-executor-0] INFO  client.GrpcClientProtocolClient (GrpcClientProtocolClient.java:onNext(264)) - client-FBF7F1E1319D->7550e15a-2ff9-4e5e-b05d-d9f072bd52cf: receive RaftClientReply:client-FBF7F1E1319D->7550e15a-2ff9-4e5e-b05d-d9f072bd52cf@group-AADE5DCBB6F7, cid=57, FAILED org.apache.ratis.protocol.NotLeaderException: Server 7550e15a-2ff9-4e5e-b05d-d9f072bd52cf@group-AADE5DCBB6F7 is not the leader bdd5aae1-c180-43a6-a11a-58912a33bf0b:192.168.34.37:44158, logIndex=0, commits[7550e15a-2ff9-4e5e-b05d-d9f072bd52cf:c8, bdd5aae1-c180-43a6-a11a-58912a33bf0b:c8, 97184ed6-1d8a-4db2-a901-2f2d7f2102ca:c8]
2019-09-17 09:51:41,276 [org.apache.ratis.server.impl.LogAppender$AppenderDaemon$$Lambda$490/1425097048@5f4786ad] ERROR ratis.XceiverServerRatis (XceiverServerRatis.java:triggerPipelineClose(568)) - pipeline Action CLOSE  on pipeline PipelineID=ee8ffa2b-24a5-4a82-be78-aade5dcbb6f7.Reason : bdd5aae1-c180-43a6-a11a-58912a33bf0b has not seen follower/s 97184ed6-1d8a-4db2-a901-2f2d7f2102ca for 129368ms 7550e15a-2ff9-4e5e-b05d-d9f072bd52cf for 129368ms
2019-09-17 09:51:41,276 [org.apache.ratis.server.impl.LogAppender$AppenderDaemon$$Lambda$490/1425097048@2486df5c] ERROR ratis.XceiverServerRatis (XceiverServerRatis.java:triggerPipelineClose(568)) - pipeline Action CLOSE  on pipeline PipelineID=ee8ffa2b-24a5-4a82-be78-aade5dcbb6f7.Reason : bdd5aae1-c180-43a6-a11a-58912a33bf0b has not seen follower/s 97184ed6-1d8a-4db2-a901-2f2d7f2102ca for 129368ms 7550e15a-2ff9-4e5e-b05d-d9f072bd52cf for 129368ms
2019-09-17 09:51:41,774 [java.util.concurrent.ThreadPoolExecutor$Worker@3c3e5e28[State = -1, empty queue]] WARN  server.GrpcLogAppender (GrpcLogAppender.java:timeoutAppendRequest(200)) - bdd5aae1-c180-43a6-a11a-58912a33bf0b@group-AADE5DCBB6F7->7550e15a-2ff9-4e5e-b05d-d9f072bd52cf-GrpcLogAppender: appendEntries Timeout, request=bdd5aae1-c180-43a6-a11a-58912a33bf0b->7550e15a-2ff9-4e5e-b05d-d9f072bd52cf#65-t1, previous=(t:1, i:13), leaderCommit=8, initializing? false, entries: <empty>
2019-09-17 09:51:41,774 [java.util.concurrent.ThreadPoolExecutor$Worker@6c299a73[State = -1, empty queue]] WARN  server.GrpcLogAppender (GrpcLogAppender.java:timeoutAppendRequest(200)) - bdd5aae1-c180-43a6-a11a-58912a33bf0b@group-AADE5DCBB6F7->97184ed6-1d8a-4db2-a901-2f2d7f2102ca-GrpcLogAppender: appendEntries Timeout, request=bdd5aae1-c180-43a6-a11a-58912a33bf0b->97184ed6-1d8a-4db2-a901-2f2d7f2102ca#65-t1, previous=(t:1, i:13), leaderCommit=8, initializing? false, entries: <empty>
2019-09-17 09:51:42,272 [EventQueue-PipelineActionsForPipelineActionHandler] ERROR pipeline.PipelineActionHandler (PipelineActionHandler.java:onMessage(60)) - Received pipeline action CLOSE for Pipeline[ Id: ee8ffa2b-24a5-4a82-be78-aade5dcbb6f7, Nodes: bdd5aae1-c180-43a6-a11a-58912a33bf0b{ip: 192.168.34.37, host: pr-hdds-2110-rdjw6-11158954, networkLocation: /default-rack, certSerialId: null}97184ed6-1d8a-4db2-a901-2f2d7f2102ca{ip: 192.168.34.37, host: pr-hdds-2110-rdjw6-11158954, networkLocation: /default-rack, certSerialId: null}7550e15a-2ff9-4e5e-b05d-d9f072bd52cf{ip: 192.168.34.37, host: pr-hdds-2110-rdjw6-11158954, networkLocation: /default-rack, certSerialId: null}, Type:RATIS, Factor:THREE, State:CLOSED] from datanode bdd5aae1-c180-43a6-a11a-58912a33bf0b{ip: 192.168.34.37, host: pr-hdds-2110-rdjw6-11158954, networkLocation: /default-rack, certSerialId: null}. Reason : bdd5aae1-c180-43a6-a11a-58912a33bf0b has not seen follower/s 97184ed6-1d8a-4db2-a901-2f2d7f2102ca for 129368ms 7550e15a-2ff9-4e5e-b05d-d9f072bd52cf for 129368ms
2019-09-17 09:51:42,272 [EventQueue-PipelineActionsForPipelineActionHandler] INFO  pipeline.SCMPipelineManager (SCMPipelineManager.java:finalizeAndDestroyPipeline(311)) - destroying pipeline:Pipeline[ Id: ee8ffa2b-24a5-4a82-be78-aade5dcbb6f7, Nodes: bdd5aae1-c180-43a6-a11a-58912a33bf0b{ip: 192.168.34.37, host: pr-hdds-2110-rdjw6-11158954, networkLocation: /default-rack, certSerialId: null}97184ed6-1d8a-4db2-a901-2f2d7f2102ca{ip: 192.168.34.37, host: pr-hdds-2110-rdjw6-11158954, networkLocation: /default-rack, certSerialId: null}7550e15a-2ff9-4e5e-b05d-d9f072bd52cf{ip: 192.168.34.37, host: pr-hdds-2110-rdjw6-11158954, networkLocation: /default-rack, certSerialId: null}, Type:RATIS, Factor:THREE, State:CLOSED]
2019-09-17 09:51:43,105 [bdd5aae1-c180-43a6-a11a-58912a33bf0b@group-AADE5DCBB6F7-SegmentedRaftLogWorker] WARN  segmented.SegmentedRaftLogWorker (SegmentedRaftLogWorker.java:getFromFuture(90)) - Timeout 12/~
org.apache.ratis.protocol.TimeoutIOException: Timeout 10s: WriteLog:9: (t:1, i:9), STATEMACHINELOGENTRY, client-FBF7F1E1319D, cid=57-writeStateMachineData
	at org.apache.ratis.util.IOUtils.getFromFuture(IOUtils.java:87)
	at org.apache.ratis.server.raftlog.segmented.SegmentedRaftLogWorker$StateMachineDataPolicy.getFromFuture(SegmentedRaftLogWorker.java:87)
	at org.apache.ratis.server.raftlog.segmented.SegmentedRaftLogWorker$WriteLog.execute(SegmentedRaftLogWorker.java:477)
	at org.apache.ratis.server.raftlog.segmented.SegmentedRaftLogWorker.run(SegmentedRaftLogWorker.java:289)
	at java.lang.Thread.run(Thread.java:748)
Caused by: java.util.concurrent.TimeoutException
	at java.util.concurrent.CompletableFuture.timedGet(CompletableFuture.java:1771)
	at java.util.concurrent.CompletableFuture.get(CompletableFuture.java:1915)
	at org.apache.ratis.util.IOUtils.getFromFuture(IOUtils.java:79)
	... 4 more
2019-09-17 09:51:43,122 [7550e15a-2ff9-4e5e-b05d-d9f072bd52cf@group-AADE5DCBB6F7-SegmentedRaftLogWorker] WARN  segmented.SegmentedRaftLogWorker (SegmentedRaftLogWorker.java:getFromFuture(90)) - Timeout 12/~
org.apache.ratis.protocol.TimeoutIOException: Timeout 10s: WriteLog:9: (t:1, i:9), STATEMACHINELOGENTRY, client-FBF7F1E1319D, cid=57-writeStateMachineData
	at org.apache.ratis.util.IOUtils.getFromFuture(IOUtils.java:87)
	at org.apache.ratis.server.raftlog.segmented.SegmentedRaftLogWorker$StateMachineDataPolicy.getFromFuture(SegmentedRaftLogWorker.java:87)
	at org.apache.ratis.server.raftlog.segmented.SegmentedRaftLogWorker$WriteLog.execute(SegmentedRaftLogWorker.java:477)
	at org.apache.ratis.server.raftlog.segmented.SegmentedRaftLogWorker.run(SegmentedRaftLogWorker.java:289)
	at java.lang.Thread.run(Thread.java:748)
Caused by: java.util.concurrent.TimeoutException
	at java.util.concurrent.CompletableFuture.timedGet(CompletableFuture.java:1771)
	at java.util.concurrent.CompletableFuture.get(CompletableFuture.java:1915)
	at org.apache.ratis.util.IOUtils.getFromFuture(IOUtils.java:79)
	... 4 more
2019-09-17 09:51:43,123 [97184ed6-1d8a-4db2-a901-2f2d7f2102ca@group-AADE5DCBB6F7-SegmentedRaftLogWorker] WARN  segmented.SegmentedRaftLogWorker (SegmentedRaftLogWorker.java:getFromFuture(90)) - Timeout 12/~
org.apache.ratis.protocol.TimeoutIOException: Timeout 10s: WriteLog:9: (t:1, i:9), STATEMACHINELOGENTRY, client-FBF7F1E1319D, cid=57-writeStateMachineData
	at org.apache.ratis.util.IOUtils.getFromFuture(IOUtils.java:87)
	at org.apache.ratis.server.raftlog.segmented.SegmentedRaftLogWorker$StateMachineDataPolicy.getFromFuture(SegmentedRaftLogWorker.java:87)
	at org.apache.ratis.server.raftlog.segmented.SegmentedRaftLogWorker$WriteLog.execute(SegmentedRaftLogWorker.java:477)
	at org.apache.ratis.server.raftlog.segmented.SegmentedRaftLogWorker.run(SegmentedRaftLogWorker.java:289)
	at java.lang.Thread.run(Thread.java:748)
Caused by: java.util.concurrent.TimeoutException
	at java.util.concurrent.CompletableFuture.timedGet(CompletableFuture.java:1771)
	at java.util.concurrent.CompletableFuture.get(CompletableFuture.java:1915)
	at org.apache.ratis.util.IOUtils.getFromFuture(IOUtils.java:79)
	... 4 more
2019-09-17 09:51:43,777 [org.apache.ratis.server.impl.LogAppender$AppenderDaemon$$Lambda$490/1425097048@5f4786ad] ERROR ratis.XceiverServerRatis (XceiverServerRatis.java:triggerPipelineClose(568)) - pipeline Action CLOSE  on pipeline PipelineID=ee8ffa2b-24a5-4a82-be78-aade5dcbb6f7.Reason : bdd5aae1-c180-43a6-a11a-58912a33bf0b has not seen follower/s 97184ed6-1d8a-4db2-a901-2f2d7f2102ca for 131868ms 7550e15a-2ff9-4e5e-b05d-d9f072bd52cf for 131868ms
2019-09-17 09:51:43,777 [org.apache.ratis.server.impl.LogAppender$AppenderDaemon$$Lambda$490/1425097048@2486df5c] ERROR ratis.XceiverServerRatis (XceiverServerRatis.java:triggerPipelineClose(568)) - pipeline Action CLOSE  on pipeline PipelineID=ee8ffa2b-24a5-4a82-be78-aade5dcbb6f7.Reason : bdd5aae1-c180-43a6-a11a-58912a33bf0b has not seen follower/s 97184ed6-1d8a-4db2-a901-2f2d7f2102ca for 131868ms 7550e15a-2ff9-4e5e-b05d-d9f072bd52cf for 131868ms
2019-09-17 09:51:44,271 [EventQueue-PipelineActionsForPipelineActionHandler] ERROR pipeline.PipelineActionHandler (PipelineActionHandler.java:onMessage(60)) - Received pipeline action CLOSE for Pipeline[ Id: ee8ffa2b-24a5-4a82-be78-aade5dcbb6f7, Nodes: bdd5aae1-c180-43a6-a11a-58912a33bf0b{ip: 192.168.34.37, host: pr-hdds-2110-rdjw6-11158954, networkLocation: /default-rack, certSerialId: null}97184ed6-1d8a-4db2-a901-2f2d7f2102ca{ip: 192.168.34.37, host: pr-hdds-2110-rdjw6-11158954, networkLocation: /default-rack, certSerialId: null}7550e15a-2ff9-4e5e-b05d-d9f072bd52cf{ip: 192.168.34.37, host: pr-hdds-2110-rdjw6-11158954, networkLocation: /default-rack, certSerialId: null}, Type:RATIS, Factor:THREE, State:CLOSED] from datanode bdd5aae1-c180-43a6-a11a-58912a33bf0b{ip: 192.168.34.37, host: pr-hdds-2110-rdjw6-11158954, networkLocation: /default-rack, certSerialId: null}. Reason : bdd5aae1-c180-43a6-a11a-58912a33bf0b has not seen follower/s 97184ed6-1d8a-4db2-a901-2f2d7f2102ca for 131868ms 7550e15a-2ff9-4e5e-b05d-d9f072bd52cf for 131868ms
2019-09-17 09:51:44,272 [EventQueue-PipelineActionsForPipelineActionHandler] INFO  pipeline.SCMPipelineManager (SCMPipelineManager.java:finalizeAndDestroyPipeline(311)) - destroying pipeline:Pipeline[ Id: ee8ffa2b-24a5-4a82-be78-aade5dcbb6f7, Nodes: bdd5aae1-c180-43a6-a11a-58912a33bf0b{ip: 192.168.34.37, host: pr-hdds-2110-rdjw6-11158954, networkLocation: /default-rack, certSerialId: null}97184ed6-1d8a-4db2-a901-2f2d7f2102ca{ip: 192.168.34.37, host: pr-hdds-2110-rdjw6-11158954, networkLocation: /default-rack, certSerialId: null}7550e15a-2ff9-4e5e-b05d-d9f072bd52cf{ip: 192.168.34.37, host: pr-hdds-2110-rdjw6-11158954, networkLocation: /default-rack, certSerialId: null}, Type:RATIS, Factor:THREE, State:CLOSED]
2019-09-17 09:51:44,276 [java.util.concurrent.ThreadPoolExecutor$Worker@3c3e5e28[State = -1, empty queue]] WARN  server.GrpcLogAppender (GrpcLogAppender.java:timeoutAppendRequest(200)) - bdd5aae1-c180-43a6-a11a-58912a33bf0b@group-AADE5DCBB6F7->7550e15a-2ff9-4e5e-b05d-d9f072bd52cf-GrpcLogAppender: appendEntries Timeout, request=bdd5aae1-c180-43a6-a11a-58912a33bf0b->7550e15a-2ff9-4e5e-b05d-d9f072bd52cf#66-t1, previous=(t:1, i:13), leaderCommit=8, initializing? false, entries: <empty>
2019-09-17 09:51:44,276 [java.util.concurrent.ThreadPoolExecutor$Worker@6c299a73[State = -1, empty queue]] WARN  server.GrpcLogAppender (GrpcLogAppender.java:timeoutAppendRequest(200)) - bdd5aae1-c180-43a6-a11a-58912a33bf0b@group-AADE5DCBB6F7->97184ed6-1d8a-4db2-a901-2f2d7f2102ca-GrpcLogAppender: appendEntries Timeout, request=bdd5aae1-c180-43a6-a11a-58912a33bf0b->97184ed6-1d8a-4db2-a901-2f2d7f2102ca#66-t1, previous=(t:1, i:13), leaderCommit=8, initializing? false, entries: <empty>
2019-09-17 09:51:44,607 [grpc-default-executor-3] INFO  client.GrpcClientProtocolClient (GrpcClientProtocolClient.java:onNext(264)) - client-FBF7F1E1319D->7550e15a-2ff9-4e5e-b05d-d9f072bd52cf: receive RaftClientReply:client-FBF7F1E1319D->7550e15a-2ff9-4e5e-b05d-d9f072bd52cf@group-AADE5DCBB6F7, cid=57, FAILED org.apache.ratis.protocol.NotLeaderException: Server 7550e15a-2ff9-4e5e-b05d-d9f072bd52cf@group-AADE5DCBB6F7 is not the leader bdd5aae1-c180-43a6-a11a-58912a33bf0b:192.168.34.37:44158, logIndex=0, commits[7550e15a-2ff9-4e5e-b05d-d9f072bd52cf:c8, bdd5aae1-c180-43a6-a11a-58912a33bf0b:c8, 97184ed6-1d8a-4db2-a901-2f2d7f2102ca:c8]
2019-09-17 09:51:46,277 [org.apache.ratis.server.impl.LogAppender$AppenderDaemon$$Lambda$490/1425097048@2486df5c] ERROR ratis.XceiverServerRatis (XceiverServerRatis.java:triggerPipelineClose(568)) - pipeline Action CLOSE  on pipeline PipelineID=ee8ffa2b-24a5-4a82-be78-aade5dcbb6f7.Reason : bdd5aae1-c180-43a6-a11a-58912a33bf0b has not seen follower/s 97184ed6-1d8a-4db2-a901-2f2d7f2102ca for 134369ms 7550e15a-2ff9-4e5e-b05d-d9f072bd52cf for 134369ms
2019-09-17 09:51:46,277 [org.apache.ratis.server.impl.LogAppender$AppenderDaemon$$Lambda$490/1425097048@5f4786ad] ERROR ratis.XceiverServerRatis (XceiverServerRatis.java:triggerPipelineClose(568)) - pipeline Action CLOSE  on pipeline PipelineID=ee8ffa2b-24a5-4a82-be78-aade5dcbb6f7.Reason : bdd5aae1-c180-43a6-a11a-58912a33bf0b has not seen follower/s 97184ed6-1d8a-4db2-a901-2f2d7f2102ca for 134369ms 7550e15a-2ff9-4e5e-b05d-d9f072bd52cf for 134369ms
2019-09-17 09:51:46,776 [java.util.concurrent.ThreadPoolExecutor$Worker@3c3e5e28[State = -1, empty queue]] WARN  server.GrpcLogAppender (GrpcLogAppender.java:timeoutAppendRequest(200)) - bdd5aae1-c180-43a6-a11a-58912a33bf0b@group-AADE5DCBB6F7->7550e15a-2ff9-4e5e-b05d-d9f072bd52cf-GrpcLogAppender: appendEntries Timeout, request=bdd5aae1-c180-43a6-a11a-58912a33bf0b->7550e15a-2ff9-4e5e-b05d-d9f072bd52cf#67-t1, previous=(t:1, i:13), leaderCommit=8, initializing? false, entries: <empty>
2019-09-17 09:51:46,776 [java.util.concurrent.ThreadPoolExecutor$Worker@6c299a73[State = -1, empty queue]] WARN  server.GrpcLogAppender (GrpcLogAppender.java:timeoutAppendRequest(200)) - bdd5aae1-c180-43a6-a11a-58912a33bf0b@group-AADE5DCBB6F7->97184ed6-1d8a-4db2-a901-2f2d7f2102ca-GrpcLogAppender: appendEntries Timeout, request=bdd5aae1-c180-43a6-a11a-58912a33bf0b->97184ed6-1d8a-4db2-a901-2f2d7f2102ca#67-t1, previous=(t:1, i:13), leaderCommit=8, initializing? false, entries: <empty>
2019-09-17 09:51:47,272 [EventQueue-PipelineActionsForPipelineActionHandler] ERROR pipeline.PipelineActionHandler (PipelineActionHandler.java:onMessage(60)) - Received pipeline action CLOSE for Pipeline[ Id: ee8ffa2b-24a5-4a82-be78-aade5dcbb6f7, Nodes: bdd5aae1-c180-43a6-a11a-58912a33bf0b{ip: 192.168.34.37, host: pr-hdds-2110-rdjw6-11158954, networkLocation: /default-rack, certSerialId: null}97184ed6-1d8a-4db2-a901-2f2d7f2102ca{ip: 192.168.34.37, host: pr-hdds-2110-rdjw6-11158954, networkLocation: /default-rack, certSerialId: null}7550e15a-2ff9-4e5e-b05d-d9f072bd52cf{ip: 192.168.34.37, host: pr-hdds-2110-rdjw6-11158954, networkLocation: /default-rack, certSerialId: null}, Type:RATIS, Factor:THREE, State:CLOSED] from datanode bdd5aae1-c180-43a6-a11a-58912a33bf0b{ip: 192.168.34.37, host: pr-hdds-2110-rdjw6-11158954, networkLocation: /default-rack, certSerialId: null}. Reason : bdd5aae1-c180-43a6-a11a-58912a33bf0b has not seen follower/s 97184ed6-1d8a-4db2-a901-2f2d7f2102ca for 134369ms 7550e15a-2ff9-4e5e-b05d-d9f072bd52cf for 134369ms
2019-09-17 09:51:47,272 [EventQueue-PipelineActionsForPipelineActionHandler] INFO  pipeline.SCMPipelineManager (SCMPipelineManager.java:finalizeAndDestroyPipeline(311)) - destroying pipeline:Pipeline[ Id: ee8ffa2b-24a5-4a82-be78-aade5dcbb6f7, Nodes: bdd5aae1-c180-43a6-a11a-58912a33bf0b{ip: 192.168.34.37, host: pr-hdds-2110-rdjw6-11158954, networkLocation: /default-rack, certSerialId: null}97184ed6-1d8a-4db2-a901-2f2d7f2102ca{ip: 192.168.34.37, host: pr-hdds-2110-rdjw6-11158954, networkLocation: /default-rack, certSerialId: null}7550e15a-2ff9-4e5e-b05d-d9f072bd52cf{ip: 192.168.34.37, host: pr-hdds-2110-rdjw6-11158954, networkLocation: /default-rack, certSerialId: null}, Type:RATIS, Factor:THREE, State:CLOSED]
2019-09-17 09:51:48,779 [org.apache.ratis.server.impl.LogAppender$AppenderDaemon$$Lambda$490/1425097048@2486df5c] ERROR ratis.XceiverServerRatis (XceiverServerRatis.java:triggerPipelineClose(568)) - pipeline Action CLOSE  on pipeline PipelineID=ee8ffa2b-24a5-4a82-be78-aade5dcbb6f7.Reason : bdd5aae1-c180-43a6-a11a-58912a33bf0b has not seen follower/s 97184ed6-1d8a-4db2-a901-2f2d7f2102ca for 136870ms 7550e15a-2ff9-4e5e-b05d-d9f072bd52cf for 136870ms
2019-09-17 09:51:48,779 [org.apache.ratis.server.impl.LogAppender$AppenderDaemon$$Lambda$490/1425097048@5f4786ad] ERROR ratis.XceiverServerRatis (XceiverServerRatis.java:triggerPipelineClose(568)) - pipeline Action CLOSE  on pipeline PipelineID=ee8ffa2b-24a5-4a82-be78-aade5dcbb6f7.Reason : bdd5aae1-c180-43a6-a11a-58912a33bf0b has not seen follower/s 97184ed6-1d8a-4db2-a901-2f2d7f2102ca for 136870ms 7550e15a-2ff9-4e5e-b05d-d9f072bd52cf for 136870ms
2019-09-17 09:51:49,271 [EventQueue-PipelineActionsForPipelineActionHandler] ERROR pipeline.PipelineActionHandler (PipelineActionHandler.java:onMessage(60)) - Received pipeline action CLOSE for Pipeline[ Id: ee8ffa2b-24a5-4a82-be78-aade5dcbb6f7, Nodes: bdd5aae1-c180-43a6-a11a-58912a33bf0b{ip: 192.168.34.37, host: pr-hdds-2110-rdjw6-11158954, networkLocation: /default-rack, certSerialId: null}97184ed6-1d8a-4db2-a901-2f2d7f2102ca{ip: 192.168.34.37, host: pr-hdds-2110-rdjw6-11158954, networkLocation: /default-rack, certSerialId: null}7550e15a-2ff9-4e5e-b05d-d9f072bd52cf{ip: 192.168.34.37, host: pr-hdds-2110-rdjw6-11158954, networkLocation: /default-rack, certSerialId: null}, Type:RATIS, Factor:THREE, State:CLOSED] from datanode bdd5aae1-c180-43a6-a11a-58912a33bf0b{ip: 192.168.34.37, host: pr-hdds-2110-rdjw6-11158954, networkLocation: /default-rack, certSerialId: null}. Reason : bdd5aae1-c180-43a6-a11a-58912a33bf0b has not seen follower/s 97184ed6-1d8a-4db2-a901-2f2d7f2102ca for 136870ms 7550e15a-2ff9-4e5e-b05d-d9f072bd52cf for 136870ms
2019-09-17 09:51:49,272 [EventQueue-PipelineActionsForPipelineActionHandler] INFO  pipeline.SCMPipelineManager (SCMPipelineManager.java:finalizeAndDestroyPipeline(311)) - destroying pipeline:Pipeline[ Id: ee8ffa2b-24a5-4a82-be78-aade5dcbb6f7, Nodes: bdd5aae1-c180-43a6-a11a-58912a33bf0b{ip: 192.168.34.37, host: pr-hdds-2110-rdjw6-11158954, networkLocation: /default-rack, certSerialId: null}97184ed6-1d8a-4db2-a901-2f2d7f2102ca{ip: 192.168.34.37, host: pr-hdds-2110-rdjw6-11158954, networkLocation: /default-rack, certSerialId: null}7550e15a-2ff9-4e5e-b05d-d9f072bd52cf{ip: 192.168.34.37, host: pr-hdds-2110-rdjw6-11158954, networkLocation: /default-rack, certSerialId: null}, Type:RATIS, Factor:THREE, State:CLOSED]
2019-09-17 09:51:49,277 [java.util.concurrent.ThreadPoolExecutor$Worker@6c299a73[State = -1, empty queue]] WARN  server.GrpcLogAppender (GrpcLogAppender.java:timeoutAppendRequest(200)) - bdd5aae1-c180-43a6-a11a-58912a33bf0b@group-AADE5DCBB6F7->97184ed6-1d8a-4db2-a901-2f2d7f2102ca-GrpcLogAppender: appendEntries Timeout, request=bdd5aae1-c180-43a6-a11a-58912a33bf0b->97184ed6-1d8a-4db2-a901-2f2d7f2102ca#68-t1, previous=(t:1, i:13), leaderCommit=8, initializing? false, entries: <empty>
2019-09-17 09:51:49,277 [java.util.concurrent.ThreadPoolExecutor$Worker@3c3e5e28[State = -1, empty queue]] WARN  server.GrpcLogAppender (GrpcLogAppender.java:timeoutAppendRequest(200)) - bdd5aae1-c180-43a6-a11a-58912a33bf0b@group-AADE5DCBB6F7->7550e15a-2ff9-4e5e-b05d-d9f072bd52cf-GrpcLogAppender: appendEntries Timeout, request=bdd5aae1-c180-43a6-a11a-58912a33bf0b->7550e15a-2ff9-4e5e-b05d-d9f072bd52cf#68-t1, previous=(t:1, i:13), leaderCommit=8, initializing? false, entries: <empty>
2019-09-17 09:51:49,678 [grpc-default-executor-3] INFO  client.GrpcClientProtocolClient (GrpcClientProtocolClient.java:onNext(264)) - client-FBF7F1E1319D->7550e15a-2ff9-4e5e-b05d-d9f072bd52cf: receive RaftClientReply:client-FBF7F1E1319D->7550e15a-2ff9-4e5e-b05d-d9f072bd52cf@group-AADE5DCBB6F7, cid=57, FAILED org.apache.ratis.protocol.NotLeaderException: Server 7550e15a-2ff9-4e5e-b05d-d9f072bd52cf@group-AADE5DCBB6F7 is not the leader bdd5aae1-c180-43a6-a11a-58912a33bf0b:192.168.34.37:44158, logIndex=0, commits[7550e15a-2ff9-4e5e-b05d-d9f072bd52cf:c8, bdd5aae1-c180-43a6-a11a-58912a33bf0b:c8, 97184ed6-1d8a-4db2-a901-2f2d7f2102ca:c8]
2019-09-17 09:51:51,280 [org.apache.ratis.server.impl.LogAppender$AppenderDaemon$$Lambda$490/1425097048@5f4786ad] ERROR ratis.XceiverServerRatis (XceiverServerRatis.java:triggerPipelineClose(568)) - pipeline Action CLOSE  on pipeline PipelineID=ee8ffa2b-24a5-4a82-be78-aade5dcbb6f7.Reason : bdd5aae1-c180-43a6-a11a-58912a33bf0b has not seen follower/s 97184ed6-1d8a-4db2-a901-2f2d7f2102ca for 139372ms 7550e15a-2ff9-4e5e-b05d-d9f072bd52cf for 139372ms
2019-09-17 09:51:51,280 [org.apache.ratis.server.impl.LogAppender$AppenderDaemon$$Lambda$490/1425097048@2486df5c] ERROR ratis.XceiverServerRatis (XceiverServerRatis.java:triggerPipelineClose(568)) - pipeline Action CLOSE  on pipeline PipelineID=ee8ffa2b-24a5-4a82-be78-aade5dcbb6f7.Reason : bdd5aae1-c180-43a6-a11a-58912a33bf0b has not seen follower/s 97184ed6-1d8a-4db2-a901-2f2d7f2102ca for 139372ms 7550e15a-2ff9-4e5e-b05d-d9f072bd52cf for 139372ms
2019-09-17 09:51:51,778 [java.util.concurrent.ThreadPoolExecutor$Worker@3c3e5e28[State = -1, empty queue]] WARN  server.GrpcLogAppender (GrpcLogAppender.java:timeoutAppendRequest(200)) - bdd5aae1-c180-43a6-a11a-58912a33bf0b@group-AADE5DCBB6F7->7550e15a-2ff9-4e5e-b05d-d9f072bd52cf-GrpcLogAppender: appendEntries Timeout, request=bdd5aae1-c180-43a6-a11a-58912a33bf0b->7550e15a-2ff9-4e5e-b05d-d9f072bd52cf#69-t1, previous=(t:1, i:13), leaderCommit=8, initializing? false, entries: <empty>
2019-09-17 09:51:51,778 [java.util.concurrent.ThreadPoolExecutor$Worker@6c299a73[State = -1, empty queue]] WARN  server.GrpcLogAppender (GrpcLogAppender.java:timeoutAppendRequest(200)) - bdd5aae1-c180-43a6-a11a-58912a33bf0b@group-AADE5DCBB6F7->97184ed6-1d8a-4db2-a901-2f2d7f2102ca-GrpcLogAppender: appendEntries Timeout, request=bdd5aae1-c180-43a6-a11a-58912a33bf0b->97184ed6-1d8a-4db2-a901-2f2d7f2102ca#69-t1, previous=(t:1, i:13), leaderCommit=8, initializing? false, entries: <empty>
2019-09-17 09:51:52,271 [EventQueue-PipelineActionsForPipelineActionHandler] ERROR pipeline.PipelineActionHandler (PipelineActionHandler.java:onMessage(60)) - Received pipeline action CLOSE for Pipeline[ Id: ee8ffa2b-24a5-4a82-be78-aade5dcbb6f7, Nodes: bdd5aae1-c180-43a6-a11a-58912a33bf0b{ip: 192.168.34.37, host: pr-hdds-2110-rdjw6-11158954, networkLocation: /default-rack, certSerialId: null}97184ed6-1d8a-4db2-a901-2f2d7f2102ca{ip: 192.168.34.37, host: pr-hdds-2110-rdjw6-11158954, networkLocation: /default-rack, certSerialId: null}7550e15a-2ff9-4e5e-b05d-d9f072bd52cf{ip: 192.168.34.37, host: pr-hdds-2110-rdjw6-11158954, networkLocation: /default-rack, certSerialId: null}, Type:RATIS, Factor:THREE, State:CLOSED] from datanode bdd5aae1-c180-43a6-a11a-58912a33bf0b{ip: 192.168.34.37, host: pr-hdds-2110-rdjw6-11158954, networkLocation: /default-rack, certSerialId: null}. Reason : bdd5aae1-c180-43a6-a11a-58912a33bf0b has not seen follower/s 97184ed6-1d8a-4db2-a901-2f2d7f2102ca for 139372ms 7550e15a-2ff9-4e5e-b05d-d9f072bd52cf for 139372ms
2019-09-17 09:51:52,271 [EventQueue-PipelineActionsForPipelineActionHandler] INFO  pipeline.SCMPipelineManager (SCMPipelineManager.java:finalizeAndDestroyPipeline(311)) - destroying pipeline:Pipeline[ Id: ee8ffa2b-24a5-4a82-be78-aade5dcbb6f7, Nodes: bdd5aae1-c180-43a6-a11a-58912a33bf0b{ip: 192.168.34.37, host: pr-hdds-2110-rdjw6-11158954, networkLocation: /default-rack, certSerialId: null}97184ed6-1d8a-4db2-a901-2f2d7f2102ca{ip: 192.168.34.37, host: pr-hdds-2110-rdjw6-11158954, networkLocation: /default-rack, certSerialId: null}7550e15a-2ff9-4e5e-b05d-d9f072bd52cf{ip: 192.168.34.37, host: pr-hdds-2110-rdjw6-11158954, networkLocation: /default-rack, certSerialId: null}, Type:RATIS, Factor:THREE, State:CLOSED]
2019-09-17 09:51:53,106 [bdd5aae1-c180-43a6-a11a-58912a33bf0b@group-AADE5DCBB6F7-SegmentedRaftLogWorker] WARN  segmented.SegmentedRaftLogWorker (SegmentedRaftLogWorker.java:getFromFuture(90)) - Timeout 13/~
org.apache.ratis.protocol.TimeoutIOException: Timeout 10s: WriteLog:9: (t:1, i:9), STATEMACHINELOGENTRY, client-FBF7F1E1319D, cid=57-writeStateMachineData
	at org.apache.ratis.util.IOUtils.getFromFuture(IOUtils.java:87)
	at org.apache.ratis.server.raftlog.segmented.SegmentedRaftLogWorker$StateMachineDataPolicy.getFromFuture(SegmentedRaftLogWorker.java:87)
	at org.apache.ratis.server.raftlog.segmented.SegmentedRaftLogWorker$WriteLog.execute(SegmentedRaftLogWorker.java:477)
	at org.apache.ratis.server.raftlog.segmented.SegmentedRaftLogWorker.run(SegmentedRaftLogWorker.java:289)
	at java.lang.Thread.run(Thread.java:748)
Caused by: java.util.concurrent.TimeoutException
	at java.util.concurrent.CompletableFuture.timedGet(CompletableFuture.java:1771)
	at java.util.concurrent.CompletableFuture.get(CompletableFuture.java:1915)
	at org.apache.ratis.util.IOUtils.getFromFuture(IOUtils.java:79)
	... 4 more
2019-09-17 09:51:53,122 [7550e15a-2ff9-4e5e-b05d-d9f072bd52cf@group-AADE5DCBB6F7-SegmentedRaftLogWorker] WARN  segmented.SegmentedRaftLogWorker (SegmentedRaftLogWorker.java:getFromFuture(90)) - Timeout 13/~
org.apache.ratis.protocol.TimeoutIOException: Timeout 10s: WriteLog:9: (t:1, i:9), STATEMACHINELOGENTRY, client-FBF7F1E1319D, cid=57-writeStateMachineData
	at org.apache.ratis.util.IOUtils.getFromFuture(IOUtils.java:87)
	at org.apache.ratis.server.raftlog.segmented.SegmentedRaftLogWorker$StateMachineDataPolicy.getFromFuture(SegmentedRaftLogWorker.java:87)
	at org.apache.ratis.server.raftlog.segmented.SegmentedRaftLogWorker$WriteLog.execute(SegmentedRaftLogWorker.java:477)
	at org.apache.ratis.server.raftlog.segmented.SegmentedRaftLogWorker.run(SegmentedRaftLogWorker.java:289)
	at java.lang.Thread.run(Thread.java:748)
Caused by: java.util.concurrent.TimeoutException
	at java.util.concurrent.CompletableFuture.timedGet(CompletableFuture.java:1771)
	at java.util.concurrent.CompletableFuture.get(CompletableFuture.java:1915)
	at org.apache.ratis.util.IOUtils.getFromFuture(IOUtils.java:79)
	... 4 more
2019-09-17 09:51:53,124 [97184ed6-1d8a-4db2-a901-2f2d7f2102ca@group-AADE5DCBB6F7-SegmentedRaftLogWorker] WARN  segmented.SegmentedRaftLogWorker (SegmentedRaftLogWorker.java:getFromFuture(90)) - Timeout 13/~
org.apache.ratis.protocol.TimeoutIOException: Timeout 10s: WriteLog:9: (t:1, i:9), STATEMACHINELOGENTRY, client-FBF7F1E1319D, cid=57-writeStateMachineData
	at org.apache.ratis.util.IOUtils.getFromFuture(IOUtils.java:87)
	at org.apache.ratis.server.raftlog.segmented.SegmentedRaftLogWorker$StateMachineDataPolicy.getFromFuture(SegmentedRaftLogWorker.java:87)
	at org.apache.ratis.server.raftlog.segmented.SegmentedRaftLogWorker$WriteLog.execute(SegmentedRaftLogWorker.java:477)
	at org.apache.ratis.server.raftlog.segmented.SegmentedRaftLogWorker.run(SegmentedRaftLogWorker.java:289)
	at java.lang.Thread.run(Thread.java:748)
Caused by: java.util.concurrent.TimeoutException
	at java.util.concurrent.CompletableFuture.timedGet(CompletableFuture.java:1771)
	at java.util.concurrent.CompletableFuture.get(CompletableFuture.java:1915)
	at org.apache.ratis.util.IOUtils.getFromFuture(IOUtils.java:79)
	... 4 more
2019-09-17 09:51:53,781 [org.apache.ratis.server.impl.LogAppender$AppenderDaemon$$Lambda$490/1425097048@5f4786ad] ERROR ratis.XceiverServerRatis (XceiverServerRatis.java:triggerPipelineClose(568)) - pipeline Action CLOSE  on pipeline PipelineID=ee8ffa2b-24a5-4a82-be78-aade5dcbb6f7.Reason : bdd5aae1-c180-43a6-a11a-58912a33bf0b has not seen follower/s 97184ed6-1d8a-4db2-a901-2f2d7f2102ca for 141873ms 7550e15a-2ff9-4e5e-b05d-d9f072bd52cf for 141873ms
2019-09-17 09:51:53,781 [org.apache.ratis.server.impl.LogAppender$AppenderDaemon$$Lambda$490/1425097048@2486df5c] ERROR ratis.XceiverServerRatis (XceiverServerRatis.java:triggerPipelineClose(568)) - pipeline Action CLOSE  on pipeline PipelineID=ee8ffa2b-24a5-4a82-be78-aade5dcbb6f7.Reason : bdd5aae1-c180-43a6-a11a-58912a33bf0b has not seen follower/s 97184ed6-1d8a-4db2-a901-2f2d7f2102ca for 141873ms 7550e15a-2ff9-4e5e-b05d-d9f072bd52cf for 141873ms
2019-09-17 09:51:54,272 [EventQueue-PipelineActionsForPipelineActionHandler] ERROR pipeline.PipelineActionHandler (PipelineActionHandler.java:onMessage(60)) - Received pipeline action CLOSE for Pipeline[ Id: ee8ffa2b-24a5-4a82-be78-aade5dcbb6f7, Nodes: bdd5aae1-c180-43a6-a11a-58912a33bf0b{ip: 192.168.34.37, host: pr-hdds-2110-rdjw6-11158954, networkLocation: /default-rack, certSerialId: null}97184ed6-1d8a-4db2-a901-2f2d7f2102ca{ip: 192.168.34.37, host: pr-hdds-2110-rdjw6-11158954, networkLocation: /default-rack, certSerialId: null}7550e15a-2ff9-4e5e-b05d-d9f072bd52cf{ip: 192.168.34.37, host: pr-hdds-2110-rdjw6-11158954, networkLocation: /default-rack, certSerialId: null}, Type:RATIS, Factor:THREE, State:CLOSED] from datanode bdd5aae1-c180-43a6-a11a-58912a33bf0b{ip: 192.168.34.37, host: pr-hdds-2110-rdjw6-11158954, networkLocation: /default-rack, certSerialId: null}. Reason : bdd5aae1-c180-43a6-a11a-58912a33bf0b has not seen follower/s 97184ed6-1d8a-4db2-a901-2f2d7f2102ca for 141873ms 7550e15a-2ff9-4e5e-b05d-d9f072bd52cf for 141873ms
2019-09-17 09:51:54,272 [EventQueue-PipelineActionsForPipelineActionHandler] INFO  pipeline.SCMPipelineManager (SCMPipelineManager.java:finalizeAndDestroyPipeline(311)) - destroying pipeline:Pipeline[ Id: ee8ffa2b-24a5-4a82-be78-aade5dcbb6f7, Nodes: bdd5aae1-c180-43a6-a11a-58912a33bf0b{ip: 192.168.34.37, host: pr-hdds-2110-rdjw6-11158954, networkLocation: /default-rack, certSerialId: null}97184ed6-1d8a-4db2-a901-2f2d7f2102ca{ip: 192.168.34.37, host: pr-hdds-2110-rdjw6-11158954, networkLocation: /default-rack, certSerialId: null}7550e15a-2ff9-4e5e-b05d-d9f072bd52cf{ip: 192.168.34.37, host: pr-hdds-2110-rdjw6-11158954, networkLocation: /default-rack, certSerialId: null}, Type:RATIS, Factor:THREE, State:CLOSED]
2019-09-17 09:51:54,280 [java.util.concurrent.ThreadPoolExecutor$Worker@6c299a73[State = -1, empty queue]] WARN  server.GrpcLogAppender (GrpcLogAppender.java:timeoutAppendRequest(200)) - bdd5aae1-c180-43a6-a11a-58912a33bf0b@group-AADE5DCBB6F7->97184ed6-1d8a-4db2-a901-2f2d7f2102ca-GrpcLogAppender: appendEntries Timeout, request=bdd5aae1-c180-43a6-a11a-58912a33bf0b->97184ed6-1d8a-4db2-a901-2f2d7f2102ca#70-t1, previous=(t:1, i:13), leaderCommit=8, initializing? false, entries: <empty>
2019-09-17 09:51:54,280 [java.util.concurrent.ThreadPoolExecutor$Worker@3c3e5e28[State = -1, empty queue]] WARN  server.GrpcLogAppender (GrpcLogAppender.java:timeoutAppendRequest(200)) - bdd5aae1-c180-43a6-a11a-58912a33bf0b@group-AADE5DCBB6F7->7550e15a-2ff9-4e5e-b05d-d9f072bd52cf-GrpcLogAppender: appendEntries Timeout, request=bdd5aae1-c180-43a6-a11a-58912a33bf0b->7550e15a-2ff9-4e5e-b05d-d9f072bd52cf#70-t1, previous=(t:1, i:13), leaderCommit=8, initializing? false, entries: <empty>
2019-09-17 09:51:54,735 [grpc-default-executor-2] INFO  client.GrpcClientProtocolClient (GrpcClientProtocolClient.java:onNext(264)) - client-FBF7F1E1319D->7550e15a-2ff9-4e5e-b05d-d9f072bd52cf: receive RaftClientReply:client-FBF7F1E1319D->7550e15a-2ff9-4e5e-b05d-d9f072bd52cf@group-AADE5DCBB6F7, cid=57, FAILED org.apache.ratis.protocol.NotLeaderException: Server 7550e15a-2ff9-4e5e-b05d-d9f072bd52cf@group-AADE5DCBB6F7 is not the leader bdd5aae1-c180-43a6-a11a-58912a33bf0b:192.168.34.37:44158, logIndex=0, commits[7550e15a-2ff9-4e5e-b05d-d9f072bd52cf:c8, bdd5aae1-c180-43a6-a11a-58912a33bf0b:c8, 97184ed6-1d8a-4db2-a901-2f2d7f2102ca:c8]
2019-09-17 09:51:56,281 [org.apache.ratis.server.impl.LogAppender$AppenderDaemon$$Lambda$490/1425097048@2486df5c] ERROR ratis.XceiverServerRatis (XceiverServerRatis.java:triggerPipelineClose(568)) - pipeline Action CLOSE  on pipeline PipelineID=ee8ffa2b-24a5-4a82-be78-aade5dcbb6f7.Reason : bdd5aae1-c180-43a6-a11a-58912a33bf0b has not seen follower/s 97184ed6-1d8a-4db2-a901-2f2d7f2102ca for 144373ms 7550e15a-2ff9-4e5e-b05d-d9f072bd52cf for 144373ms
2019-09-17 09:51:56,282 [org.apache.ratis.server.impl.LogAppender$AppenderDaemon$$Lambda$490/1425097048@5f4786ad] ERROR ratis.XceiverServerRatis (XceiverServerRatis.java:triggerPipelineClose(568)) - pipeline Action CLOSE  on pipeline PipelineID=ee8ffa2b-24a5-4a82-be78-aade5dcbb6f7.Reason : bdd5aae1-c180-43a6-a11a-58912a33bf0b has not seen follower/s 97184ed6-1d8a-4db2-a901-2f2d7f2102ca for 144374ms 7550e15a-2ff9-4e5e-b05d-d9f072bd52cf for 144374ms
2019-09-17 09:51:56,781 [java.util.concurrent.ThreadPoolExecutor$Worker@6c299a73[State = -1, empty queue]] WARN  server.GrpcLogAppender (GrpcLogAppender.java:timeoutAppendRequest(200)) - bdd5aae1-c180-43a6-a11a-58912a33bf0b@group-AADE5DCBB6F7->97184ed6-1d8a-4db2-a901-2f2d7f2102ca-GrpcLogAppender: appendEntries Timeout, request=bdd5aae1-c180-43a6-a11a-58912a33bf0b->97184ed6-1d8a-4db2-a901-2f2d7f2102ca#71-t1, previous=(t:1, i:13), leaderCommit=8, initializing? false, entries: <empty>
2019-09-17 09:51:56,781 [java.util.concurrent.ThreadPoolExecutor$Worker@3c3e5e28[State = -1, empty queue]] WARN  server.GrpcLogAppender (GrpcLogAppender.java:timeoutAppendRequest(200)) - bdd5aae1-c180-43a6-a11a-58912a33bf0b@group-AADE5DCBB6F7->7550e15a-2ff9-4e5e-b05d-d9f072bd52cf-GrpcLogAppender: appendEntries Timeout, request=bdd5aae1-c180-43a6-a11a-58912a33bf0b->7550e15a-2ff9-4e5e-b05d-d9f072bd52cf#71-t1, previous=(t:1, i:13), leaderCommit=8, initializing? false, entries: <empty>
2019-09-17 09:51:57,272 [EventQueue-PipelineActionsForPipelineActionHandler] ERROR pipeline.PipelineActionHandler (PipelineActionHandler.java:onMessage(60)) - Received pipeline action CLOSE for Pipeline[ Id: ee8ffa2b-24a5-4a82-be78-aade5dcbb6f7, Nodes: bdd5aae1-c180-43a6-a11a-58912a33bf0b{ip: 192.168.34.37, host: pr-hdds-2110-rdjw6-11158954, networkLocation: /default-rack, certSerialId: null}97184ed6-1d8a-4db2-a901-2f2d7f2102ca{ip: 192.168.34.37, host: pr-hdds-2110-rdjw6-11158954, networkLocation: /default-rack, certSerialId: null}7550e15a-2ff9-4e5e-b05d-d9f072bd52cf{ip: 192.168.34.37, host: pr-hdds-2110-rdjw6-11158954, networkLocation: /default-rack, certSerialId: null}, Type:RATIS, Factor:THREE, State:CLOSED] from datanode bdd5aae1-c180-43a6-a11a-58912a33bf0b{ip: 192.168.34.37, host: pr-hdds-2110-rdjw6-11158954, networkLocation: /default-rack, certSerialId: null}. Reason : bdd5aae1-c180-43a6-a11a-58912a33bf0b has not seen follower/s 97184ed6-1d8a-4db2-a901-2f2d7f2102ca for 144373ms 7550e15a-2ff9-4e5e-b05d-d9f072bd52cf for 144373ms
2019-09-17 09:51:57,273 [EventQueue-PipelineActionsForPipelineActionHandler] INFO  pipeline.SCMPipelineManager (SCMPipelineManager.java:finalizeAndDestroyPipeline(311)) - destroying pipeline:Pipeline[ Id: ee8ffa2b-24a5-4a82-be78-aade5dcbb6f7, Nodes: bdd5aae1-c180-43a6-a11a-58912a33bf0b{ip: 192.168.34.37, host: pr-hdds-2110-rdjw6-11158954, networkLocation: /default-rack, certSerialId: null}97184ed6-1d8a-4db2-a901-2f2d7f2102ca{ip: 192.168.34.37, host: pr-hdds-2110-rdjw6-11158954, networkLocation: /default-rack, certSerialId: null}7550e15a-2ff9-4e5e-b05d-d9f072bd52cf{ip: 192.168.34.37, host: pr-hdds-2110-rdjw6-11158954, networkLocation: /default-rack, certSerialId: null}, Type:RATIS, Factor:THREE, State:CLOSED]
2019-09-17 09:51:58,786 [org.apache.ratis.server.impl.LogAppender$AppenderDaemon$$Lambda$490/1425097048@5f4786ad] ERROR ratis.XceiverServerRatis (XceiverServerRatis.java:triggerPipelineClose(568)) - pipeline Action CLOSE  on pipeline PipelineID=ee8ffa2b-24a5-4a82-be78-aade5dcbb6f7.Reason : bdd5aae1-c180-43a6-a11a-58912a33bf0b has not seen follower/s 97184ed6-1d8a-4db2-a901-2f2d7f2102ca for 146878ms 7550e15a-2ff9-4e5e-b05d-d9f072bd52cf for 146878ms
2019-09-17 09:51:58,786 [org.apache.ratis.server.impl.LogAppender$AppenderDaemon$$Lambda$490/1425097048@2486df5c] ERROR ratis.XceiverServerRatis (XceiverServerRatis.java:triggerPipelineClose(568)) - pipeline Action CLOSE  on pipeline PipelineID=ee8ffa2b-24a5-4a82-be78-aade5dcbb6f7.Reason : bdd5aae1-c180-43a6-a11a-58912a33bf0b has not seen follower/s 97184ed6-1d8a-4db2-a901-2f2d7f2102ca for 146878ms 7550e15a-2ff9-4e5e-b05d-d9f072bd52cf for 146878ms
2019-09-17 09:51:59,274 [EventQueue-PipelineActionsForPipelineActionHandler] ERROR pipeline.PipelineActionHandler (PipelineActionHandler.java:onMessage(60)) - Received pipeline action CLOSE for Pipeline[ Id: ee8ffa2b-24a5-4a82-be78-aade5dcbb6f7, Nodes: bdd5aae1-c180-43a6-a11a-58912a33bf0b{ip: 192.168.34.37, host: pr-hdds-2110-rdjw6-11158954, networkLocation: /default-rack, certSerialId: null}97184ed6-1d8a-4db2-a901-2f2d7f2102ca{ip: 192.168.34.37, host: pr-hdds-2110-rdjw6-11158954, networkLocation: /default-rack, certSerialId: null}7550e15a-2ff9-4e5e-b05d-d9f072bd52cf{ip: 192.168.34.37, host: pr-hdds-2110-rdjw6-11158954, networkLocation: /default-rack, certSerialId: null}, Type:RATIS, Factor:THREE, State:CLOSED] from datanode bdd5aae1-c180-43a6-a11a-58912a33bf0b{ip: 192.168.34.37, host: pr-hdds-2110-rdjw6-11158954, networkLocation: /default-rack, certSerialId: null}. Reason : bdd5aae1-c180-43a6-a11a-58912a33bf0b has not seen follower/s 97184ed6-1d8a-4db2-a901-2f2d7f2102ca for 146878ms 7550e15a-2ff9-4e5e-b05d-d9f072bd52cf for 146878ms
2019-09-17 09:51:59,274 [EventQueue-PipelineActionsForPipelineActionHandler] INFO  pipeline.SCMPipelineManager (SCMPipelineManager.java:finalizeAndDestroyPipeline(311)) - destroying pipeline:Pipeline[ Id: ee8ffa2b-24a5-4a82-be78-aade5dcbb6f7, Nodes: bdd5aae1-c180-43a6-a11a-58912a33bf0b{ip: 192.168.34.37, host: pr-hdds-2110-rdjw6-11158954, networkLocation: /default-rack, certSerialId: null}97184ed6-1d8a-4db2-a901-2f2d7f2102ca{ip: 192.168.34.37, host: pr-hdds-2110-rdjw6-11158954, networkLocation: /default-rack, certSerialId: null}7550e15a-2ff9-4e5e-b05d-d9f072bd52cf{ip: 192.168.34.37, host: pr-hdds-2110-rdjw6-11158954, networkLocation: /default-rack, certSerialId: null}, Type:RATIS, Factor:THREE, State:CLOSED]
2019-09-17 09:51:59,281 [java.util.concurrent.ThreadPoolExecutor$Worker@3c3e5e28[State = -1, empty queue]] WARN  server.GrpcLogAppender (GrpcLogAppender.java:timeoutAppendRequest(200)) - bdd5aae1-c180-43a6-a11a-58912a33bf0b@group-AADE5DCBB6F7->7550e15a-2ff9-4e5e-b05d-d9f072bd52cf-GrpcLogAppender: appendEntries Timeout, request=bdd5aae1-c180-43a6-a11a-58912a33bf0b->7550e15a-2ff9-4e5e-b05d-d9f072bd52cf#72-t1, previous=(t:1, i:13), leaderCommit=8, initializing? false, entries: <empty>
2019-09-17 09:51:59,282 [java.util.concurrent.ThreadPoolExecutor$Worker@6c299a73[State = -1, empty queue]] WARN  server.GrpcLogAppender (GrpcLogAppender.java:timeoutAppendRequest(200)) - bdd5aae1-c180-43a6-a11a-58912a33bf0b@group-AADE5DCBB6F7->97184ed6-1d8a-4db2-a901-2f2d7f2102ca-GrpcLogAppender: appendEntries Timeout, request=bdd5aae1-c180-43a6-a11a-58912a33bf0b->97184ed6-1d8a-4db2-a901-2f2d7f2102ca#72-t1, previous=(t:1, i:13), leaderCommit=8, initializing? false, entries: <empty>
2019-09-17 09:51:59,809 [grpc-default-executor-2] INFO  client.GrpcClientProtocolClient (GrpcClientProtocolClient.java:onNext(264)) - client-FBF7F1E1319D->7550e15a-2ff9-4e5e-b05d-d9f072bd52cf: receive RaftClientReply:client-FBF7F1E1319D->7550e15a-2ff9-4e5e-b05d-d9f072bd52cf@group-AADE5DCBB6F7, cid=57, FAILED org.apache.ratis.protocol.NotLeaderException: Server 7550e15a-2ff9-4e5e-b05d-d9f072bd52cf@group-AADE5DCBB6F7 is not the leader bdd5aae1-c180-43a6-a11a-58912a33bf0b:192.168.34.37:44158, logIndex=0, commits[7550e15a-2ff9-4e5e-b05d-d9f072bd52cf:c8, bdd5aae1-c180-43a6-a11a-58912a33bf0b:c8, 97184ed6-1d8a-4db2-a901-2f2d7f2102ca:c8]
2019-09-17 09:52:01,288 [org.apache.ratis.server.impl.LogAppender$AppenderDaemon$$Lambda$490/1425097048@2486df5c] ERROR ratis.XceiverServerRatis (XceiverServerRatis.java:triggerPipelineClose(568)) - pipeline Action CLOSE  on pipeline PipelineID=ee8ffa2b-24a5-4a82-be78-aade5dcbb6f7.Reason : bdd5aae1-c180-43a6-a11a-58912a33bf0b has not seen follower/s 97184ed6-1d8a-4db2-a901-2f2d7f2102ca for 149379ms 7550e15a-2ff9-4e5e-b05d-d9f072bd52cf for 149379ms
2019-09-17 09:52:01,288 [org.apache.ratis.server.impl.LogAppender$AppenderDaemon$$Lambda$490/1425097048@5f4786ad] ERROR ratis.XceiverServerRatis (XceiverServerRatis.java:triggerPipelineClose(568)) - pipeline Action CLOSE  on pipeline PipelineID=ee8ffa2b-24a5-4a82-be78-aade5dcbb6f7.Reason : bdd5aae1-c180-43a6-a11a-58912a33bf0b has not seen follower/s 97184ed6-1d8a-4db2-a901-2f2d7f2102ca for 149379ms 7550e15a-2ff9-4e5e-b05d-d9f072bd52cf for 149379ms
2019-09-17 09:52:01,786 [java.util.concurrent.ThreadPoolExecutor$Worker@3c3e5e28[State = -1, empty queue]] WARN  server.GrpcLogAppender (GrpcLogAppender.java:timeoutAppendRequest(200)) - bdd5aae1-c180-43a6-a11a-58912a33bf0b@group-AADE5DCBB6F7->7550e15a-2ff9-4e5e-b05d-d9f072bd52cf-GrpcLogAppender: appendEntries Timeout, request=bdd5aae1-c180-43a6-a11a-58912a33bf0b->7550e15a-2ff9-4e5e-b05d-d9f072bd52cf#73-t1, previous=(t:1, i:13), leaderCommit=8, initializing? false, entries: <empty>
2019-09-17 09:52:01,786 [java.util.concurrent.ThreadPoolExecutor$Worker@6c299a73[State = -1, empty queue]] WARN  server.GrpcLogAppender (GrpcLogAppender.java:timeoutAppendRequest(200)) - bdd5aae1-c180-43a6-a11a-58912a33bf0b@group-AADE5DCBB6F7->97184ed6-1d8a-4db2-a901-2f2d7f2102ca-GrpcLogAppender: appendEntries Timeout, request=bdd5aae1-c180-43a6-a11a-58912a33bf0b->97184ed6-1d8a-4db2-a901-2f2d7f2102ca#73-t1, previous=(t:1, i:13), leaderCommit=8, initializing? false, entries: <empty>
2019-09-17 09:52:02,274 [EventQueue-PipelineActionsForPipelineActionHandler] ERROR pipeline.PipelineActionHandler (PipelineActionHandler.java:onMessage(60)) - Received pipeline action CLOSE for Pipeline[ Id: ee8ffa2b-24a5-4a82-be78-aade5dcbb6f7, Nodes: bdd5aae1-c180-43a6-a11a-58912a33bf0b{ip: 192.168.34.37, host: pr-hdds-2110-rdjw6-11158954, networkLocation: /default-rack, certSerialId: null}97184ed6-1d8a-4db2-a901-2f2d7f2102ca{ip: 192.168.34.37, host: pr-hdds-2110-rdjw6-11158954, networkLocation: /default-rack, certSerialId: null}7550e15a-2ff9-4e5e-b05d-d9f072bd52cf{ip: 192.168.34.37, host: pr-hdds-2110-rdjw6-11158954, networkLocation: /default-rack, certSerialId: null}, Type:RATIS, Factor:THREE, State:CLOSED] from datanode bdd5aae1-c180-43a6-a11a-58912a33bf0b{ip: 192.168.34.37, host: pr-hdds-2110-rdjw6-11158954, networkLocation: /default-rack, certSerialId: null}. Reason : bdd5aae1-c180-43a6-a11a-58912a33bf0b has not seen follower/s 97184ed6-1d8a-4db2-a901-2f2d7f2102ca for 149379ms 7550e15a-2ff9-4e5e-b05d-d9f072bd52cf for 149379ms
2019-09-17 09:52:02,275 [EventQueue-PipelineActionsForPipelineActionHandler] INFO  pipeline.SCMPipelineManager (SCMPipelineManager.java:finalizeAndDestroyPipeline(311)) - destroying pipeline:Pipeline[ Id: ee8ffa2b-24a5-4a82-be78-aade5dcbb6f7, Nodes: bdd5aae1-c180-43a6-a11a-58912a33bf0b{ip: 192.168.34.37, host: pr-hdds-2110-rdjw6-11158954, networkLocation: /default-rack, certSerialId: null}97184ed6-1d8a-4db2-a901-2f2d7f2102ca{ip: 192.168.34.37, host: pr-hdds-2110-rdjw6-11158954, networkLocation: /default-rack, certSerialId: null}7550e15a-2ff9-4e5e-b05d-d9f072bd52cf{ip: 192.168.34.37, host: pr-hdds-2110-rdjw6-11158954, networkLocation: /default-rack, certSerialId: null}, Type:RATIS, Factor:THREE, State:CLOSED]
2019-09-17 09:52:02,504 [grpc-default-executor-0] INFO  impl.RaftServerProxy (RaftServerProxy.java:addNew(89)) - bdd5aae1-c180-43a6-a11a-58912a33bf0b: addNew group-98B303272373:[bdd5aae1-c180-43a6-a11a-58912a33bf0b:192.168.34.37:44158, 97184ed6-1d8a-4db2-a901-2f2d7f2102ca:192.168.34.37:40198, 7550e15a-2ff9-4e5e-b05d-d9f072bd52cf:192.168.34.37:41606] returns group-98B303272373:java.util.concurrent.CompletableFuture@21b4d9fa[Not completed]
2019-09-17 09:52:02,504 [grpc-default-executor-3] INFO  impl.RaftServerProxy (RaftServerProxy.java:addNew(89)) - 7550e15a-2ff9-4e5e-b05d-d9f072bd52cf: addNew group-98B303272373:[bdd5aae1-c180-43a6-a11a-58912a33bf0b:192.168.34.37:44158, 97184ed6-1d8a-4db2-a901-2f2d7f2102ca:192.168.34.37:40198, 7550e15a-2ff9-4e5e-b05d-d9f072bd52cf:192.168.34.37:41606] returns group-98B303272373:java.util.concurrent.CompletableFuture@21f6c5e9[Not completed]
2019-09-17 09:52:02,504 [grpc-default-executor-2] INFO  impl.RaftServerProxy (RaftServerProxy.java:addNew(89)) - 97184ed6-1d8a-4db2-a901-2f2d7f2102ca: addNew group-98B303272373:[bdd5aae1-c180-43a6-a11a-58912a33bf0b:192.168.34.37:44158, 97184ed6-1d8a-4db2-a901-2f2d7f2102ca:192.168.34.37:40198, 7550e15a-2ff9-4e5e-b05d-d9f072bd52cf:192.168.34.37:41606] returns group-98B303272373:java.util.concurrent.CompletableFuture@2c8d25e0[Not completed]
2019-09-17 09:52:02,508 [pool-77-thread-1] INFO  impl.RaftServerImpl (RaftServerImpl.java:<init>(95)) - 97184ed6-1d8a-4db2-a901-2f2d7f2102ca: new RaftServerImpl for group-98B303272373:[bdd5aae1-c180-43a6-a11a-58912a33bf0b:192.168.34.37:44158, 97184ed6-1d8a-4db2-a901-2f2d7f2102ca:192.168.34.37:40198, 7550e15a-2ff9-4e5e-b05d-d9f072bd52cf:192.168.34.37:41606] with ContainerStateMachine:uninitialized
2019-09-17 09:52:02,509 [pool-77-thread-1] INFO  server.RaftServerConfigKeys (ConfUtils.java:logGet(43)) - raft.server.rpc.timeout.min = 5s (custom)
2019-09-17 09:52:02,509 [pool-77-thread-1] INFO  server.RaftServerConfigKeys (ConfUtils.java:logGet(43)) - raft.server.rpc.timeout.max = 5200ms (custom)
2019-09-17 09:52:02,509 [pool-77-thread-1] INFO  server.RaftServerConfigKeys (ConfUtils.java:logGet(43)) - raft.server.rpcslowness.timeout = 120s (custom)
2019-09-17 09:52:02,509 [pool-77-thread-1] INFO  server.RaftServerConfigKeys (ConfUtils.java:logGet(43)) - raft.server.sleep.deviation.threshold = 300 (default)
2019-09-17 09:52:02,509 [pool-77-thread-1] INFO  server.RaftServerConfigKeys (ConfUtils.java:logGet(43)) - raft.server.log.appender.install.snapshot.enabled = false (custom)
2019-09-17 09:52:02,509 [pool-37-thread-1] INFO  impl.RaftServerImpl (RaftServerImpl.java:<init>(95)) - 7550e15a-2ff9-4e5e-b05d-d9f072bd52cf: new RaftServerImpl for group-98B303272373:[bdd5aae1-c180-43a6-a11a-58912a33bf0b:192.168.34.37:44158, 97184ed6-1d8a-4db2-a901-2f2d7f2102ca:192.168.34.37:40198, 7550e15a-2ff9-4e5e-b05d-d9f072bd52cf:192.168.34.37:41606] with ContainerStateMachine:uninitialized
2019-09-17 09:52:02,509 [pool-77-thread-1] INFO  impl.RaftServerImpl (ServerState.java:<init>(103)) - 97184ed6-1d8a-4db2-a901-2f2d7f2102ca@group-98B303272373: ConfigurationManager, init=-1: [bdd5aae1-c180-43a6-a11a-58912a33bf0b:192.168.34.37:44158, 97184ed6-1d8a-4db2-a901-2f2d7f2102ca:192.168.34.37:40198, 7550e15a-2ff9-4e5e-b05d-d9f072bd52cf:192.168.34.37:41606], old=null, confs=<EMPTY_MAP>
2019-09-17 09:52:02,509 [pool-37-thread-1] INFO  server.RaftServerConfigKeys (ConfUtils.java:logGet(43)) - raft.server.rpc.timeout.min = 5s (custom)
2019-09-17 09:52:02,510 [pool-37-thread-1] INFO  server.RaftServerConfigKeys (ConfUtils.java:logGet(43)) - raft.server.rpc.timeout.max = 5200ms (custom)
2019-09-17 09:52:02,510 [pool-37-thread-1] INFO  server.RaftServerConfigKeys (ConfUtils.java:logGet(43)) - raft.server.rpcslowness.timeout = 120s (custom)
2019-09-17 09:52:02,510 [pool-37-thread-1] INFO  server.RaftServerConfigKeys (ConfUtils.java:logGet(43)) - raft.server.sleep.deviation.threshold = 300 (default)
2019-09-17 09:52:02,510 [pool-77-thread-1] INFO  server.RaftServerConfigKeys (ConfUtils.java:logGet(43)) - raft.server.storage.dir = [/workdir/hadoop-ozone/integration-test/target/test-dir/MiniOzoneClusterImpl-c52a4728-c2c3-43f5-b549-fba1d53ae1f5/datanode-5/data/ratis] (custom)
2019-09-17 09:52:02,510 [pool-37-thread-1] INFO  server.RaftServerConfigKeys (ConfUtils.java:logGet(43)) - raft.server.log.appender.install.snapshot.enabled = false (custom)
2019-09-17 09:52:02,510 [pool-67-thread-1] INFO  impl.RaftServerImpl (RaftServerImpl.java:<init>(95)) - bdd5aae1-c180-43a6-a11a-58912a33bf0b: new RaftServerImpl for group-98B303272373:[bdd5aae1-c180-43a6-a11a-58912a33bf0b:192.168.34.37:44158, 97184ed6-1d8a-4db2-a901-2f2d7f2102ca:192.168.34.37:40198, 7550e15a-2ff9-4e5e-b05d-d9f072bd52cf:192.168.34.37:41606] with ContainerStateMachine:uninitialized
2019-09-17 09:52:02,510 [pool-37-thread-1] INFO  impl.RaftServerImpl (ServerState.java:<init>(103)) - 7550e15a-2ff9-4e5e-b05d-d9f072bd52cf@group-98B303272373: ConfigurationManager, init=-1: [bdd5aae1-c180-43a6-a11a-58912a33bf0b:192.168.34.37:44158, 97184ed6-1d8a-4db2-a901-2f2d7f2102ca:192.168.34.37:40198, 7550e15a-2ff9-4e5e-b05d-d9f072bd52cf:192.168.34.37:41606], old=null, confs=<EMPTY_MAP>
2019-09-17 09:52:02,511 [pool-67-thread-1] INFO  server.RaftServerConfigKeys (ConfUtils.java:logGet(43)) - raft.server.rpc.timeout.min = 5s (custom)
2019-09-17 09:52:02,511 [pool-37-thread-1] INFO  server.RaftServerConfigKeys (ConfUtils.java:logGet(43)) - raft.server.storage.dir = [/workdir/hadoop-ozone/integration-test/target/test-dir/MiniOzoneClusterImpl-c52a4728-c2c3-43f5-b549-fba1d53ae1f5/datanode-1/data/ratis] (custom)
2019-09-17 09:52:02,511 [pool-67-thread-1] INFO  server.RaftServerConfigKeys (ConfUtils.java:logGet(43)) - raft.server.rpc.timeout.max = 5200ms (custom)
2019-09-17 09:52:02,511 [pool-67-thread-1] INFO  server.RaftServerConfigKeys (ConfUtils.java:logGet(43)) - raft.server.rpcslowness.timeout = 120s (custom)
2019-09-17 09:52:02,511 [pool-67-thread-1] INFO  server.RaftServerConfigKeys (ConfUtils.java:logGet(43)) - raft.server.sleep.deviation.threshold = 300 (default)
2019-09-17 09:52:02,511 [pool-67-thread-1] INFO  server.RaftServerConfigKeys (ConfUtils.java:logGet(43)) - raft.server.log.appender.install.snapshot.enabled = false (custom)
2019-09-17 09:52:02,511 [pool-77-thread-1] INFO  storage.RaftStorageDirectory (RaftStorageDirectory.java:analyzeStorage(246)) - The storage directory /workdir/hadoop-ozone/integration-test/target/test-dir/MiniOzoneClusterImpl-c52a4728-c2c3-43f5-b549-fba1d53ae1f5/datanode-5/data/ratis/f425068e-56e5-48a7-bfb8-98b303272373 does not exist. Creating ...
2019-09-17 09:52:02,512 [pool-67-thread-1] INFO  impl.RaftServerImpl (ServerState.java:<init>(103)) - bdd5aae1-c180-43a6-a11a-58912a33bf0b@group-98B303272373: ConfigurationManager, init=-1: [bdd5aae1-c180-43a6-a11a-58912a33bf0b:192.168.34.37:44158, 97184ed6-1d8a-4db2-a901-2f2d7f2102ca:192.168.34.37:40198, 7550e15a-2ff9-4e5e-b05d-d9f072bd52cf:192.168.34.37:41606], old=null, confs=<EMPTY_MAP>
2019-09-17 09:52:02,512 [pool-37-thread-1] INFO  storage.RaftStorageDirectory (RaftStorageDirectory.java:analyzeStorage(246)) - The storage directory /workdir/hadoop-ozone/integration-test/target/test-dir/MiniOzoneClusterImpl-c52a4728-c2c3-43f5-b549-fba1d53ae1f5/datanode-1/data/ratis/f425068e-56e5-48a7-bfb8-98b303272373 does not exist. Creating ...
2019-09-17 09:52:02,512 [pool-67-thread-1] INFO  server.RaftServerConfigKeys (ConfUtils.java:logGet(43)) - raft.server.storage.dir = [/workdir/hadoop-ozone/integration-test/target/test-dir/MiniOzoneClusterImpl-c52a4728-c2c3-43f5-b549-fba1d53ae1f5/datanode-4/data/ratis] (custom)
2019-09-17 09:52:02,512 [pool-67-thread-1] INFO  storage.RaftStorageDirectory (RaftStorageDirectory.java:analyzeStorage(246)) - The storage directory /workdir/hadoop-ozone/integration-test/target/test-dir/MiniOzoneClusterImpl-c52a4728-c2c3-43f5-b549-fba1d53ae1f5/datanode-4/data/ratis/f425068e-56e5-48a7-bfb8-98b303272373 does not exist. Creating ...
2019-09-17 09:52:02,537 [pool-67-thread-1] INFO  storage.RaftStorageDirectory (RaftStorageDirectory.java:tryLock(328)) - Lock on /workdir/hadoop-ozone/integration-test/target/test-dir/MiniOzoneClusterImpl-c52a4728-c2c3-43f5-b549-fba1d53ae1f5/datanode-4/data/ratis/f425068e-56e5-48a7-bfb8-98b303272373/in_use.lock acquired by nodename 18338@pr-hdds-2110-rdjw6-11158954
2019-09-17 09:52:02,537 [pool-37-thread-1] INFO  storage.RaftStorageDirectory (RaftStorageDirectory.java:tryLock(328)) - Lock on /workdir/hadoop-ozone/integration-test/target/test-dir/MiniOzoneClusterImpl-c52a4728-c2c3-43f5-b549-fba1d53ae1f5/datanode-1/data/ratis/f425068e-56e5-48a7-bfb8-98b303272373/in_use.lock acquired by nodename 18338@pr-hdds-2110-rdjw6-11158954
2019-09-17 09:52:02,537 [pool-77-thread-1] INFO  storage.RaftStorageDirectory (RaftStorageDirectory.java:tryLock(328)) - Lock on /workdir/hadoop-ozone/integration-test/target/test-dir/MiniOzoneClusterImpl-c52a4728-c2c3-43f5-b549-fba1d53ae1f5/datanode-5/data/ratis/f425068e-56e5-48a7-bfb8-98b303272373/in_use.lock acquired by nodename 18338@pr-hdds-2110-rdjw6-11158954
2019-09-17 09:52:02,563 [pool-37-thread-1] INFO  storage.RaftStorage (RaftStorage.java:format(72)) - Storage directory /workdir/hadoop-ozone/integration-test/target/test-dir/MiniOzoneClusterImpl-c52a4728-c2c3-43f5-b549-fba1d53ae1f5/datanode-1/data/ratis/f425068e-56e5-48a7-bfb8-98b303272373 has been successfully formatted.
2019-09-17 09:52:02,563 [pool-67-thread-1] INFO  storage.RaftStorage (RaftStorage.java:format(72)) - Storage directory /workdir/hadoop-ozone/integration-test/target/test-dir/MiniOzoneClusterImpl-c52a4728-c2c3-43f5-b549-fba1d53ae1f5/datanode-4/data/ratis/f425068e-56e5-48a7-bfb8-98b303272373 has been successfully formatted.
2019-09-17 09:52:02,563 [pool-77-thread-1] INFO  storage.RaftStorage (RaftStorage.java:format(72)) - Storage directory /workdir/hadoop-ozone/integration-test/target/test-dir/MiniOzoneClusterImpl-c52a4728-c2c3-43f5-b549-fba1d53ae1f5/datanode-5/data/ratis/f425068e-56e5-48a7-bfb8-98b303272373 has been successfully formatted.
2019-09-17 09:52:02,564 [pool-67-thread-1] INFO  ratis.ContainerStateMachine (ContainerStateMachine.java:loadSnapshot(230)) - group-98B303272373: The snapshot info is null. Setting the last applied indexto:(t:0, i:~)
2019-09-17 09:52:02,564 [pool-37-thread-1] INFO  ratis.ContainerStateMachine (ContainerStateMachine.java:loadSnapshot(230)) - group-98B303272373: The snapshot info is null. Setting the last applied indexto:(t:0, i:~)
2019-09-17 09:52:02,564 [pool-67-thread-1] INFO  server.RaftServerConfigKeys (ConfUtils.java:logGet(43)) - raft.server.notification.no-leader.timeout = 120s (custom)
2019-09-17 09:52:02,564 [pool-77-thread-1] INFO  ratis.ContainerStateMachine (ContainerStateMachine.java:loadSnapshot(230)) - group-98B303272373: The snapshot info is null. Setting the last applied indexto:(t:0, i:~)
2019-09-17 09:52:02,564 [pool-67-thread-1] INFO  server.RaftServerConfigKeys (ConfUtils.java:logGet(43)) - raft.server.log.use.memory = false (default)
2019-09-17 09:52:02,564 [pool-37-thread-1] INFO  server.RaftServerConfigKeys (ConfUtils.java:logGet(43)) - raft.server.notification.no-leader.timeout = 120s (custom)
2019-09-17 09:52:02,564 [pool-77-thread-1] INFO  server.RaftServerConfigKeys (ConfUtils.java:logGet(43)) - raft.server.notification.no-leader.timeout = 120s (custom)
2019-09-17 09:52:02,564 [pool-37-thread-1] INFO  server.RaftServerConfigKeys (ConfUtils.java:logGet(43)) - raft.server.log.use.memory = false (default)
2019-09-17 09:52:02,564 [pool-67-thread-1] INFO  server.RaftServerConfigKeys (ConfUtils.java:logGet(43)) - raft.server.log.purge.gap = 1000000 (custom)
2019-09-17 09:52:02,565 [pool-37-thread-1] INFO  server.RaftServerConfigKeys (ConfUtils.java:logGet(43)) - raft.server.log.purge.gap = 1000000 (custom)
2019-09-17 09:52:02,565 [pool-77-thread-1] INFO  server.RaftServerConfigKeys (ConfUtils.java:logGet(43)) - raft.server.log.use.memory = false (default)
2019-09-17 09:52:02,565 [pool-37-thread-1] INFO  server.RaftServerConfigKeys (ConfUtils.java:logGet(43)) - raft.server.log.appender.buffer.byte-limit = 33554432 (custom)
2019-09-17 09:52:02,565 [pool-67-thread-1] INFO  server.RaftServerConfigKeys (ConfUtils.java:logGet(43)) - raft.server.log.appender.buffer.byte-limit = 33554432 (custom)
2019-09-17 09:52:02,565 [pool-37-thread-1] INFO  server.RaftServerConfigKeys (ConfUtils.java:logGet(43)) - raft.server.log.segment.size.max = 1048576 (custom)
2019-09-17 09:52:02,565 [pool-77-thread-1] INFO  server.RaftServerConfigKeys (ConfUtils.java:logGet(43)) - raft.server.log.purge.gap = 1000000 (custom)
2019-09-17 09:52:02,565 [pool-37-thread-1] INFO  server.RaftServerConfigKeys (ConfUtils.java:logGet(43)) - raft.server.log.segment.cache.num.max = 2 (custom)
2019-09-17 09:52:02,565 [pool-67-thread-1] INFO  server.RaftServerConfigKeys (ConfUtils.java:logGet(43)) - raft.server.log.segment.size.max = 1048576 (custom)
2019-09-17 09:52:02,566 [pool-37-thread-1] INFO  segmented.SegmentedRaftLogWorker (SegmentedRaftLogWorker.java:<init>(172)) - new 7550e15a-2ff9-4e5e-b05d-d9f072bd52cf@group-98B303272373-SegmentedRaftLogWorker for RaftStorage:Storage Directory /workdir/hadoop-ozone/integration-test/target/test-dir/MiniOzoneClusterImpl-c52a4728-c2c3-43f5-b549-fba1d53ae1f5/datanode-1/data/ratis/f425068e-56e5-48a7-bfb8-98b303272373
2019-09-17 09:52:02,566 [pool-77-thread-1] INFO  server.RaftServerConfigKeys (ConfUtils.java:logGet(43)) - raft.server.log.appender.buffer.byte-limit = 33554432 (custom)
2019-09-17 09:52:02,566 [pool-37-thread-1] INFO  server.RaftServerConfigKeys (ConfUtils.java:logGet(43)) - raft.server.log.queue.byte-limit = 2147483647 (custom)
2019-09-17 09:52:02,566 [pool-67-thread-1] INFO  server.RaftServerConfigKeys (ConfUtils.java:logGet(43)) - raft.server.log.segment.cache.num.max = 2 (custom)
2019-09-17 09:52:02,566 [pool-37-thread-1] INFO  server.RaftServerConfigKeys (ConfUtils.java:logGet(43)) - raft.server.log.queue.element-limit = 1024 (custom)
2019-09-17 09:52:02,566 [pool-77-thread-1] INFO  server.RaftServerConfigKeys (ConfUtils.java:logGet(43)) - raft.server.log.segment.size.max = 1048576 (custom)
2019-09-17 09:52:02,567 [pool-37-thread-1] INFO  server.RaftServerConfigKeys (ConfUtils.java:logGet(43)) - raft.server.log.segment.size.max = 1048576 (custom)
2019-09-17 09:52:02,567 [pool-37-thread-1] INFO  server.RaftServerConfigKeys (ConfUtils.java:logGet(43)) - raft.server.log.preallocated.size = 16384 (custom)
2019-09-17 09:52:02,566 [pool-67-thread-1] INFO  segmented.SegmentedRaftLogWorker (SegmentedRaftLogWorker.java:<init>(172)) - new bdd5aae1-c180-43a6-a11a-58912a33bf0b@group-98B303272373-SegmentedRaftLogWorker for RaftStorage:Storage Directory /workdir/hadoop-ozone/integration-test/target/test-dir/MiniOzoneClusterImpl-c52a4728-c2c3-43f5-b549-fba1d53ae1f5/datanode-4/data/ratis/f425068e-56e5-48a7-bfb8-98b303272373
2019-09-17 09:52:02,567 [pool-37-thread-1] INFO  server.RaftServerConfigKeys (ConfUtils.java:logGet(43)) - raft.server.log.write.buffer.size = 33554432 (custom)
2019-09-17 09:52:02,567 [pool-77-thread-1] INFO  server.RaftServerConfigKeys (ConfUtils.java:logGet(43)) - raft.server.log.segment.cache.num.max = 2 (custom)
2019-09-17 09:52:02,567 [pool-37-thread-1] INFO  server.RaftServerConfigKeys (ConfUtils.java:logGet(43)) - raft.server.log.force.sync.num = 128 (default)
2019-09-17 09:52:02,567 [pool-37-thread-1] INFO  server.RaftServerConfigKeys (ConfUtils.java:logGet(43)) - raft.server.log.statemachine.data.sync = true (default)
2019-09-17 09:52:02,567 [pool-67-thread-1] INFO  server.RaftServerConfigKeys (ConfUtils.java:logGet(43)) - raft.server.log.queue.byte-limit = 2147483647 (custom)
2019-09-17 09:52:02,568 [pool-37-thread-1] INFO  server.RaftServerConfigKeys (ConfUtils.java:logGet(43)) - raft.server.log.statemachine.data.sync.timeout = 10s (default)
2019-09-17 09:52:02,567 [pool-77-thread-1] INFO  segmented.SegmentedRaftLogWorker (SegmentedRaftLogWorker.java:<init>(172)) - new 97184ed6-1d8a-4db2-a901-2f2d7f2102ca@group-98B303272373-SegmentedRaftLogWorker for RaftStorage:Storage Directory /workdir/hadoop-ozone/integration-test/target/test-dir/MiniOzoneClusterImpl-c52a4728-c2c3-43f5-b549-fba1d53ae1f5/datanode-5/data/ratis/f425068e-56e5-48a7-bfb8-98b303272373
2019-09-17 09:52:02,568 [pool-37-thread-1] INFO  server.RaftServerConfigKeys (ConfUtils.java:logGet(43)) - raft.server.log.statemachine.data.sync.timeout.retry = -1 (default)
2019-09-17 09:52:02,568 [pool-67-thread-1] INFO  server.RaftServerConfigKeys (ConfUtils.java:logGet(43)) - raft.server.log.queue.element-limit = 1024 (custom)
2019-09-17 09:52:02,568 [pool-37-thread-1] INFO  server.RaftServerConfigKeys (ConfUtils.java:logGet(43)) - raft.server.log.statemachine.data.caching.enabled = true (custom)
2019-09-17 09:52:02,568 [pool-77-thread-1] INFO  server.RaftServerConfigKeys (ConfUtils.java:logGet(43)) - raft.server.log.queue.byte-limit = 2147483647 (custom)
2019-09-17 09:52:02,569 [pool-67-thread-1] INFO  server.RaftServerConfigKeys (ConfUtils.java:logGet(43)) - raft.server.log.segment.size.max = 1048576 (custom)
2019-09-17 09:52:02,569 [pool-37-thread-1] INFO  segmented.SegmentedRaftLogWorker (SegmentedRaftLogWorker.java:lambda$new$0(132)) - 7550e15a-2ff9-4e5e-b05d-d9f072bd52cf@group-98B303272373-SegmentedRaftLogWorker: flushIndex: setUnconditionally 0 -> -1
2019-09-17 09:52:02,569 [pool-77-thread-1] INFO  server.RaftServerConfigKeys (ConfUtils.java:logGet(43)) - raft.server.log.queue.element-limit = 1024 (custom)
2019-09-17 09:52:02,569 [pool-67-thread-1] INFO  server.RaftServerConfigKeys (ConfUtils.java:logGet(43)) - raft.server.log.preallocated.size = 16384 (custom)
2019-09-17 09:52:02,569 [pool-37-thread-1] INFO  server.RaftServerConfigKeys (ConfUtils.java:logGet(43)) - raft.server.snapshot.auto.trigger.enabled = true (custom)
2019-09-17 09:52:02,569 [pool-77-thread-1] INFO  server.RaftServerConfigKeys (ConfUtils.java:logGet(43)) - raft.server.log.segment.size.max = 1048576 (custom)
2019-09-17 09:52:02,570 [pool-37-thread-1] INFO  server.RaftServerConfigKeys (ConfUtils.java:logGet(43)) - raft.server.snapshot.auto.trigger.threshold = 10000 (custom)
2019-09-17 09:52:02,569 [pool-67-thread-1] INFO  server.RaftServerConfigKeys (ConfUtils.java:logGet(43)) - raft.server.log.write.buffer.size = 33554432 (custom)
2019-09-17 09:52:02,570 [pool-37-thread-1] INFO  server.RaftServerConfigKeys (ConfUtils.java:logGet(43)) - raft.server.snapshot.retention.num.files = -1 (default)
2019-09-17 09:52:02,570 [pool-77-thread-1] INFO  server.RaftServerConfigKeys (ConfUtils.java:logGet(43)) - raft.server.log.preallocated.size = 16384 (custom)
2019-09-17 09:52:02,570 [pool-37-thread-1] INFO  server.RaftServerConfigKeys (ConfUtils.java:logGet(43)) - raft.server.retrycache.expirytime = 600000ms (custom)
2019-09-17 09:52:02,570 [pool-67-thread-1] INFO  server.RaftServerConfigKeys (ConfUtils.java:logGet(43)) - raft.server.log.force.sync.num = 128 (default)
2019-09-17 09:52:02,570 [pool-77-thread-1] INFO  server.RaftServerConfigKeys (ConfUtils.java:logGet(43)) - raft.server.log.write.buffer.size = 33554432 (custom)
2019-09-17 09:52:02,571 [pool-67-thread-1] INFO  server.RaftServerConfigKeys (ConfUtils.java:logGet(43)) - raft.server.log.statemachine.data.sync = true (default)
2019-09-17 09:52:02,571 [pool-77-thread-1] INFO  server.RaftServerConfigKeys (ConfUtils.java:logGet(43)) - raft.server.log.force.sync.num = 128 (default)
2019-09-17 09:52:02,571 [pool-67-thread-1] INFO  server.RaftServerConfigKeys (ConfUtils.java:logGet(43)) - raft.server.log.statemachine.data.sync.timeout = 10s (default)
2019-09-17 09:52:02,571 [pool-77-thread-1] INFO  server.RaftServerConfigKeys (ConfUtils.java:logGet(43)) - raft.server.log.statemachine.data.sync = true (default)
2019-09-17 09:52:02,571 [pool-67-thread-1] INFO  server.RaftServerConfigKeys (ConfUtils.java:logGet(43)) - raft.server.log.statemachine.data.sync.timeout.retry = -1 (default)
2019-09-17 09:52:02,571 [pool-77-thread-1] INFO  server.RaftServerConfigKeys (ConfUtils.java:logGet(43)) - raft.server.log.statemachine.data.sync.timeout = 10s (default)
2019-09-17 09:52:02,572 [pool-67-thread-1] INFO  server.RaftServerConfigKeys (ConfUtils.java:logGet(43)) - raft.server.log.statemachine.data.caching.enabled = true (custom)
2019-09-17 09:52:02,572 [pool-77-thread-1] INFO  server.RaftServerConfigKeys (ConfUtils.java:logGet(43)) - raft.server.log.statemachine.data.sync.timeout.retry = -1 (default)
2019-09-17 09:52:02,572 [pool-77-thread-1] INFO  server.RaftServerConfigKeys (ConfUtils.java:logGet(43)) - raft.server.log.statemachine.data.caching.enabled = true (custom)
2019-09-17 09:52:02,572 [pool-67-thread-1] INFO  segmented.SegmentedRaftLogWorker (SegmentedRaftLogWorker.java:lambda$new$0(132)) - bdd5aae1-c180-43a6-a11a-58912a33bf0b@group-98B303272373-SegmentedRaftLogWorker: flushIndex: setUnconditionally 0 -> -1
2019-09-17 09:52:02,572 [pool-77-thread-1] INFO  segmented.SegmentedRaftLogWorker (SegmentedRaftLogWorker.java:lambda$new$0(132)) - 97184ed6-1d8a-4db2-a901-2f2d7f2102ca@group-98B303272373-SegmentedRaftLogWorker: flushIndex: setUnconditionally 0 -> -1
2019-09-17 09:52:02,573 [pool-67-thread-1] INFO  server.RaftServerConfigKeys (ConfUtils.java:logGet(43)) - raft.server.snapshot.auto.trigger.enabled = true (custom)
2019-09-17 09:52:02,573 [pool-77-thread-1] INFO  server.RaftServerConfigKeys (ConfUtils.java:logGet(43)) - raft.server.snapshot.auto.trigger.enabled = true (custom)
2019-09-17 09:52:02,573 [pool-67-thread-1] INFO  server.RaftServerConfigKeys (ConfUtils.java:logGet(43)) - raft.server.snapshot.auto.trigger.threshold = 10000 (custom)
2019-09-17 09:52:02,573 [pool-77-thread-1] INFO  server.RaftServerConfigKeys (ConfUtils.java:logGet(43)) - raft.server.snapshot.auto.trigger.threshold = 10000 (custom)
2019-09-17 09:52:02,573 [pool-67-thread-1] INFO  server.RaftServerConfigKeys (ConfUtils.java:logGet(43)) - raft.server.snapshot.retention.num.files = -1 (default)
2019-09-17 09:52:02,573 [pool-77-thread-1] INFO  server.RaftServerConfigKeys (ConfUtils.java:logGet(43)) - raft.server.snapshot.retention.num.files = -1 (default)
2019-09-17 09:52:02,573 [pool-67-thread-1] INFO  server.RaftServerConfigKeys (ConfUtils.java:logGet(43)) - raft.server.retrycache.expirytime = 600000ms (custom)
2019-09-17 09:52:02,574 [pool-77-thread-1] INFO  server.RaftServerConfigKeys (ConfUtils.java:logGet(43)) - raft.server.retrycache.expirytime = 600000ms (custom)
2019-09-17 09:52:02,574 [pool-37-thread-1] INFO  impl.RaftServerImpl (RaftServerImpl.java:start(185)) - 7550e15a-2ff9-4e5e-b05d-d9f072bd52cf@group-98B303272373: start as a follower, conf=-1: [bdd5aae1-c180-43a6-a11a-58912a33bf0b:192.168.34.37:44158, 97184ed6-1d8a-4db2-a901-2f2d7f2102ca:192.168.34.37:40198, 7550e15a-2ff9-4e5e-b05d-d9f072bd52cf:192.168.34.37:41606], old=null
2019-09-17 09:52:02,575 [pool-37-thread-1] INFO  impl.RaftServerImpl (RaftServerImpl.java:setRole(174)) - 7550e15a-2ff9-4e5e-b05d-d9f072bd52cf@group-98B303272373: changes role from      null to FOLLOWER at term 0 for startAsFollower
2019-09-17 09:52:02,575 [pool-37-thread-1] INFO  impl.RoleInfo (RoleInfo.java:updateAndGet(143)) - 7550e15a-2ff9-4e5e-b05d-d9f072bd52cf: start FollowerState
2019-09-17 09:52:02,575 [pool-37-thread-1] INFO  util.JmxRegister (JmxRegister.java:tryRegister(44)) - Successfully registered JMX Bean with object name Ratis:service=RaftServer,group=group-98B303272373,id=7550e15a-2ff9-4e5e-b05d-d9f072bd52cf
2019-09-17 09:52:02,577 [pool-67-thread-1] INFO  impl.RaftServerImpl (RaftServerImpl.java:start(185)) - bdd5aae1-c180-43a6-a11a-58912a33bf0b@group-98B303272373: start as a follower, conf=-1: [bdd5aae1-c180-43a6-a11a-58912a33bf0b:192.168.34.37:44158, 97184ed6-1d8a-4db2-a901-2f2d7f2102ca:192.168.34.37:40198, 7550e15a-2ff9-4e5e-b05d-d9f072bd52cf:192.168.34.37:41606], old=null
2019-09-17 09:52:02,577 [pool-67-thread-1] INFO  impl.RaftServerImpl (RaftServerImpl.java:setRole(174)) - bdd5aae1-c180-43a6-a11a-58912a33bf0b@group-98B303272373: changes role from      null to FOLLOWER at term 0 for startAsFollower
2019-09-17 09:52:02,577 [pool-67-thread-1] INFO  impl.RoleInfo (RoleInfo.java:updateAndGet(143)) - bdd5aae1-c180-43a6-a11a-58912a33bf0b: start FollowerState
2019-09-17 09:52:02,577 [pool-77-thread-1] INFO  impl.RaftServerImpl (RaftServerImpl.java:start(185)) - 97184ed6-1d8a-4db2-a901-2f2d7f2102ca@group-98B303272373: start as a follower, conf=-1: [bdd5aae1-c180-43a6-a11a-58912a33bf0b:192.168.34.37:44158, 97184ed6-1d8a-4db2-a901-2f2d7f2102ca:192.168.34.37:40198, 7550e15a-2ff9-4e5e-b05d-d9f072bd52cf:192.168.34.37:41606], old=null
2019-09-17 09:52:02,577 [pool-77-thread-1] INFO  impl.RaftServerImpl (RaftServerImpl.java:setRole(174)) - 97184ed6-1d8a-4db2-a901-2f2d7f2102ca@group-98B303272373: changes role from      null to FOLLOWER at term 0 for startAsFollower
2019-09-17 09:52:02,578 [pool-77-thread-1] INFO  impl.RoleInfo (RoleInfo.java:updateAndGet(143)) - 97184ed6-1d8a-4db2-a901-2f2d7f2102ca: start FollowerState
2019-09-17 09:52:02,578 [pool-67-thread-1] INFO  util.JmxRegister (JmxRegister.java:tryRegister(44)) - Successfully registered JMX Bean with object name Ratis:service=RaftServer,group=group-98B303272373,id=bdd5aae1-c180-43a6-a11a-58912a33bf0b
2019-09-17 09:52:02,578 [pool-77-thread-1] INFO  util.JmxRegister (JmxRegister.java:tryRegister(44)) - Successfully registered JMX Bean with object name Ratis:service=RaftServer,group=group-98B303272373,id=97184ed6-1d8a-4db2-a901-2f2d7f2102ca
2019-09-17 09:52:02,581 [RatisPipelineUtilsThread] INFO  pipeline.PipelineStateManager (PipelineStateManager.java:addPipeline(56)) - Created pipeline Pipeline[ Id: f425068e-56e5-48a7-bfb8-98b303272373, Nodes: bdd5aae1-c180-43a6-a11a-58912a33bf0b{ip: 192.168.34.37, host: pr-hdds-2110-rdjw6-11158954, networkLocation: /default-rack, certSerialId: null}97184ed6-1d8a-4db2-a901-2f2d7f2102ca{ip: 192.168.34.37, host: pr-hdds-2110-rdjw6-11158954, networkLocation: /default-rack, certSerialId: null}7550e15a-2ff9-4e5e-b05d-d9f072bd52cf{ip: 192.168.34.37, host: pr-hdds-2110-rdjw6-11158954, networkLocation: /default-rack, certSerialId: null}, Type:RATIS, Factor:THREE, State:OPEN]
2019-09-17 09:52:03,107 [bdd5aae1-c180-43a6-a11a-58912a33bf0b@group-AADE5DCBB6F7-SegmentedRaftLogWorker] WARN  segmented.SegmentedRaftLogWorker (SegmentedRaftLogWorker.java:getFromFuture(90)) - Timeout 14/~
org.apache.ratis.protocol.TimeoutIOException: Timeout 10s: WriteLog:9: (t:1, i:9), STATEMACHINELOGENTRY, client-FBF7F1E1319D, cid=57-writeStateMachineData
	at org.apache.ratis.util.IOUtils.getFromFuture(IOUtils.java:87)
	at org.apache.ratis.server.raftlog.segmented.SegmentedRaftLogWorker$StateMachineDataPolicy.getFromFuture(SegmentedRaftLogWorker.java:87)
	at org.apache.ratis.server.raftlog.segmented.SegmentedRaftLogWorker$WriteLog.execute(SegmentedRaftLogWorker.java:477)
	at org.apache.ratis.server.raftlog.segmented.SegmentedRaftLogWorker.run(SegmentedRaftLogWorker.java:289)
	at java.lang.Thread.run(Thread.java:748)
Caused by: java.util.concurrent.TimeoutException
	at java.util.concurrent.CompletableFuture.timedGet(CompletableFuture.java:1771)
	at java.util.concurrent.CompletableFuture.get(CompletableFuture.java:1915)
	at org.apache.ratis.util.IOUtils.getFromFuture(IOUtils.java:79)
	... 4 more
2019-09-17 09:52:03,123 [7550e15a-2ff9-4e5e-b05d-d9f072bd52cf@group-AADE5DCBB6F7-SegmentedRaftLogWorker] WARN  segmented.SegmentedRaftLogWorker (SegmentedRaftLogWorker.java:getFromFuture(90)) - Timeout 14/~
org.apache.ratis.protocol.TimeoutIOException: Timeout 10s: WriteLog:9: (t:1, i:9), STATEMACHINELOGENTRY, client-FBF7F1E1319D, cid=57-writeStateMachineData
	at org.apache.ratis.util.IOUtils.getFromFuture(IOUtils.java:87)
	at org.apache.ratis.server.raftlog.segmented.SegmentedRaftLogWorker$StateMachineDataPolicy.getFromFuture(SegmentedRaftLogWorker.java:87)
	at org.apache.ratis.server.raftlog.segmented.SegmentedRaftLogWorker$WriteLog.execute(SegmentedRaftLogWorker.java:477)
	at org.apache.ratis.server.raftlog.segmented.SegmentedRaftLogWorker.run(SegmentedRaftLogWorker.java:289)
	at java.lang.Thread.run(Thread.java:748)
Caused by: java.util.concurrent.TimeoutException
	at java.util.concurrent.CompletableFuture.timedGet(CompletableFuture.java:1771)
	at java.util.concurrent.CompletableFuture.get(CompletableFuture.java:1915)
	at org.apache.ratis.util.IOUtils.getFromFuture(IOUtils.java:79)
	... 4 more
2019-09-17 09:52:03,125 [97184ed6-1d8a-4db2-a901-2f2d7f2102ca@group-AADE5DCBB6F7-SegmentedRaftLogWorker] WARN  segmented.SegmentedRaftLogWorker (SegmentedRaftLogWorker.java:getFromFuture(90)) - Timeout 14/~
org.apache.ratis.protocol.TimeoutIOException: Timeout 10s: WriteLog:9: (t:1, i:9), STATEMACHINELOGENTRY, client-FBF7F1E1319D, cid=57-writeStateMachineData
	at org.apache.ratis.util.IOUtils.getFromFuture(IOUtils.java:87)
	at org.apache.ratis.server.raftlog.segmented.SegmentedRaftLogWorker$StateMachineDataPolicy.getFromFuture(SegmentedRaftLogWorker.java:87)
	at org.apache.ratis.server.raftlog.segmented.SegmentedRaftLogWorker$WriteLog.execute(SegmentedRaftLogWorker.java:477)
	at org.apache.ratis.server.raftlog.segmented.SegmentedRaftLogWorker.run(SegmentedRaftLogWorker.java:289)
	at java.lang.Thread.run(Thread.java:748)
Caused by: java.util.concurrent.TimeoutException
	at java.util.concurrent.CompletableFuture.timedGet(CompletableFuture.java:1771)
	at java.util.concurrent.CompletableFuture.get(CompletableFuture.java:1915)
	at org.apache.ratis.util.IOUtils.getFromFuture(IOUtils.java:79)
	... 4 more
2019-09-17 09:52:03,788 [org.apache.ratis.server.impl.LogAppender$AppenderDaemon$$Lambda$490/1425097048@2486df5c] ERROR ratis.XceiverServerRatis (XceiverServerRatis.java:triggerPipelineClose(568)) - pipeline Action CLOSE  on pipeline PipelineID=ee8ffa2b-24a5-4a82-be78-aade5dcbb6f7.Reason : bdd5aae1-c180-43a6-a11a-58912a33bf0b has not seen follower/s 97184ed6-1d8a-4db2-a901-2f2d7f2102ca for 151880ms 7550e15a-2ff9-4e5e-b05d-d9f072bd52cf for 151880ms
2019-09-17 09:52:03,788 [org.apache.ratis.server.impl.LogAppender$AppenderDaemon$$Lambda$490/1425097048@5f4786ad] ERROR ratis.XceiverServerRatis (XceiverServerRatis.java:triggerPipelineClose(568)) - pipeline Action CLOSE  on pipeline PipelineID=ee8ffa2b-24a5-4a82-be78-aade5dcbb6f7.Reason : bdd5aae1-c180-43a6-a11a-58912a33bf0b has not seen follower/s 97184ed6-1d8a-4db2-a901-2f2d7f2102ca for 151880ms 7550e15a-2ff9-4e5e-b05d-d9f072bd52cf for 151880ms
2019-09-17 09:52:04,274 [EventQueue-PipelineActionsForPipelineActionHandler] ERROR pipeline.PipelineActionHandler (PipelineActionHandler.java:onMessage(60)) - Received pipeline action CLOSE for Pipeline[ Id: ee8ffa2b-24a5-4a82-be78-aade5dcbb6f7, Nodes: bdd5aae1-c180-43a6-a11a-58912a33bf0b{ip: 192.168.34.37, host: pr-hdds-2110-rdjw6-11158954, networkLocation: /default-rack, certSerialId: null}97184ed6-1d8a-4db2-a901-2f2d7f2102ca{ip: 192.168.34.37, host: pr-hdds-2110-rdjw6-11158954, networkLocation: /default-rack, certSerialId: null}7550e15a-2ff9-4e5e-b05d-d9f072bd52cf{ip: 192.168.34.37, host: pr-hdds-2110-rdjw6-11158954, networkLocation: /default-rack, certSerialId: null}, Type:RATIS, Factor:THREE, State:CLOSED] from datanode bdd5aae1-c180-43a6-a11a-58912a33bf0b{ip: 192.168.34.37, host: pr-hdds-2110-rdjw6-11158954, networkLocation: /default-rack, certSerialId: null}. Reason : bdd5aae1-c180-43a6-a11a-58912a33bf0b has not seen follower/s 97184ed6-1d8a-4db2-a901-2f2d7f2102ca for 151880ms 7550e15a-2ff9-4e5e-b05d-d9f072bd52cf for 151880ms
2019-09-17 09:52:04,275 [EventQueue-PipelineActionsForPipelineActionHandler] INFO  pipeline.SCMPipelineManager (SCMPipelineManager.java:finalizeAndDestroyPipeline(311)) - destroying pipeline:Pipeline[ Id: ee8ffa2b-24a5-4a82-be78-aade5dcbb6f7, Nodes: bdd5aae1-c180-43a6-a11a-58912a33bf0b{ip: 192.168.34.37, host: pr-hdds-2110-rdjw6-11158954, networkLocation: /default-rack, certSerialId: null}97184ed6-1d8a-4db2-a901-2f2d7f2102ca{ip: 192.168.34.37, host: pr-hdds-2110-rdjw6-11158954, networkLocation: /default-rack, certSerialId: null}7550e15a-2ff9-4e5e-b05d-d9f072bd52cf{ip: 192.168.34.37, host: pr-hdds-2110-rdjw6-11158954, networkLocation: /default-rack, certSerialId: null}, Type:RATIS, Factor:THREE, State:CLOSED]
2019-09-17 09:52:04,287 [java.util.concurrent.ThreadPoolExecutor$Worker@6c299a73[State = -1, empty queue]] WARN  server.GrpcLogAppender (GrpcLogAppender.java:timeoutAppendRequest(200)) - bdd5aae1-c180-43a6-a11a-58912a33bf0b@group-AADE5DCBB6F7->97184ed6-1d8a-4db2-a901-2f2d7f2102ca-GrpcLogAppender: appendEntries Timeout, request=bdd5aae1-c180-43a6-a11a-58912a33bf0b->97184ed6-1d8a-4db2-a901-2f2d7f2102ca#74-t1, previous=(t:1, i:13), leaderCommit=8, initializing? false, entries: <empty>
2019-09-17 09:52:04,287 [java.util.concurrent.ThreadPoolExecutor$Worker@3c3e5e28[State = -1, empty queue]] WARN  server.GrpcLogAppender (GrpcLogAppender.java:timeoutAppendRequest(200)) - bdd5aae1-c180-43a6-a11a-58912a33bf0b@group-AADE5DCBB6F7->7550e15a-2ff9-4e5e-b05d-d9f072bd52cf-GrpcLogAppender: appendEntries Timeout, request=bdd5aae1-c180-43a6-a11a-58912a33bf0b->7550e15a-2ff9-4e5e-b05d-d9f072bd52cf#74-t1, previous=(t:1, i:13), leaderCommit=8, initializing? false, entries: <empty>
2019-09-17 09:52:05,043 [grpc-default-executor-2] INFO  client.GrpcClientProtocolClient (GrpcClientProtocolClient.java:onNext(264)) - client-FBF7F1E1319D->7550e15a-2ff9-4e5e-b05d-d9f072bd52cf: receive RaftClientReply:client-FBF7F1E1319D->7550e15a-2ff9-4e5e-b05d-d9f072bd52cf@group-AADE5DCBB6F7, cid=57, FAILED org.apache.ratis.protocol.NotLeaderException: Server 7550e15a-2ff9-4e5e-b05d-d9f072bd52cf@group-AADE5DCBB6F7 is not the leader bdd5aae1-c180-43a6-a11a-58912a33bf0b:192.168.34.37:44158, logIndex=0, commits[7550e15a-2ff9-4e5e-b05d-d9f072bd52cf:c8, bdd5aae1-c180-43a6-a11a-58912a33bf0b:c8, 97184ed6-1d8a-4db2-a901-2f2d7f2102ca:c8]
2019-09-17 09:52:06,290 [org.apache.ratis.server.impl.LogAppender$AppenderDaemon$$Lambda$490/1425097048@5f4786ad] ERROR ratis.XceiverServerRatis (XceiverServerRatis.java:triggerPipelineClose(568)) - pipeline Action CLOSE  on pipeline PipelineID=ee8ffa2b-24a5-4a82-be78-aade5dcbb6f7.Reason : bdd5aae1-c180-43a6-a11a-58912a33bf0b has not seen follower/s 97184ed6-1d8a-4db2-a901-2f2d7f2102ca for 154381ms 7550e15a-2ff9-4e5e-b05d-d9f072bd52cf for 154381ms
2019-09-17 09:52:06,290 [org.apache.ratis.server.impl.LogAppender$AppenderDaemon$$Lambda$490/1425097048@2486df5c] ERROR ratis.XceiverServerRatis (XceiverServerRatis.java:triggerPipelineClose(568)) - pipeline Action CLOSE  on pipeline PipelineID=ee8ffa2b-24a5-4a82-be78-aade5dcbb6f7.Reason : bdd5aae1-c180-43a6-a11a-58912a33bf0b has not seen follower/s 97184ed6-1d8a-4db2-a901-2f2d7f2102ca for 154381ms 7550e15a-2ff9-4e5e-b05d-d9f072bd52cf for 154381ms
2019-09-17 09:52:06,788 [java.util.concurrent.ThreadPoolExecutor$Worker@6c299a73[State = -1, empty queue]] WARN  server.GrpcLogAppender (GrpcLogAppender.java:timeoutAppendRequest(200)) - bdd5aae1-c180-43a6-a11a-58912a33bf0b@group-AADE5DCBB6F7->97184ed6-1d8a-4db2-a901-2f2d7f2102ca-GrpcLogAppender: appendEntries Timeout, request=bdd5aae1-c180-43a6-a11a-58912a33bf0b->97184ed6-1d8a-4db2-a901-2f2d7f2102ca#75-t1, previous=(t:1, i:13), leaderCommit=8, initializing? false, entries: <empty>
2019-09-17 09:52:06,788 [java.util.concurrent.ThreadPoolExecutor$Worker@3c3e5e28[State = -1, empty queue]] WARN  server.GrpcLogAppender (GrpcLogAppender.java:timeoutAppendRequest(200)) - bdd5aae1-c180-43a6-a11a-58912a33bf0b@group-AADE5DCBB6F7->7550e15a-2ff9-4e5e-b05d-d9f072bd52cf-GrpcLogAppender: appendEntries Timeout, request=bdd5aae1-c180-43a6-a11a-58912a33bf0b->7550e15a-2ff9-4e5e-b05d-d9f072bd52cf#75-t1, previous=(t:1, i:13), leaderCommit=8, initializing? false, entries: <empty>
2019-09-17 09:52:07,274 [EventQueue-PipelineActionsForPipelineActionHandler] ERROR pipeline.PipelineActionHandler (PipelineActionHandler.java:onMessage(60)) - Received pipeline action CLOSE for Pipeline[ Id: ee8ffa2b-24a5-4a82-be78-aade5dcbb6f7, Nodes: bdd5aae1-c180-43a6-a11a-58912a33bf0b{ip: 192.168.34.37, host: pr-hdds-2110-rdjw6-11158954, networkLocation: /default-rack, certSerialId: null}97184ed6-1d8a-4db2-a901-2f2d7f2102ca{ip: 192.168.34.37, host: pr-hdds-2110-rdjw6-11158954, networkLocation: /default-rack, certSerialId: null}7550e15a-2ff9-4e5e-b05d-d9f072bd52cf{ip: 192.168.34.37, host: pr-hdds-2110-rdjw6-11158954, networkLocation: /default-rack, certSerialId: null}, Type:RATIS, Factor:THREE, State:CLOSED] from datanode bdd5aae1-c180-43a6-a11a-58912a33bf0b{ip: 192.168.34.37, host: pr-hdds-2110-rdjw6-11158954, networkLocation: /default-rack, certSerialId: null}. Reason : bdd5aae1-c180-43a6-a11a-58912a33bf0b has not seen follower/s 97184ed6-1d8a-4db2-a901-2f2d7f2102ca for 154381ms 7550e15a-2ff9-4e5e-b05d-d9f072bd52cf for 154381ms
2019-09-17 09:52:07,274 [EventQueue-PipelineActionsForPipelineActionHandler] INFO  pipeline.SCMPipelineManager (SCMPipelineManager.java:finalizeAndDestroyPipeline(311)) - destroying pipeline:Pipeline[ Id: ee8ffa2b-24a5-4a82-be78-aade5dcbb6f7, Nodes: bdd5aae1-c180-43a6-a11a-58912a33bf0b{ip: 192.168.34.37, host: pr-hdds-2110-rdjw6-11158954, networkLocation: /default-rack, certSerialId: null}97184ed6-1d8a-4db2-a901-2f2d7f2102ca{ip: 192.168.34.37, host: pr-hdds-2110-rdjw6-11158954, networkLocation: /default-rack, certSerialId: null}7550e15a-2ff9-4e5e-b05d-d9f072bd52cf{ip: 192.168.34.37, host: pr-hdds-2110-rdjw6-11158954, networkLocation: /default-rack, certSerialId: null}, Type:RATIS, Factor:THREE, State:CLOSED]
2019-09-17 09:52:07,580 [Thread-1453] INFO  impl.FollowerState (FollowerState.java:run(106)) - 7550e15a-2ff9-4e5e-b05d-d9f072bd52cf:group-98B303272373 changes to CANDIDATE, lastRpcTime:5005, electionTimeout:5005ms
2019-09-17 09:52:07,581 [Thread-1453] INFO  impl.RoleInfo (RoleInfo.java:shutdownFollowerState(121)) - 7550e15a-2ff9-4e5e-b05d-d9f072bd52cf: shutdown FollowerState
2019-09-17 09:52:07,582 [Thread-1453] INFO  impl.RaftServerImpl (RaftServerImpl.java:setRole(174)) - 7550e15a-2ff9-4e5e-b05d-d9f072bd52cf@group-98B303272373: changes role from  FOLLOWER to CANDIDATE at term 0 for changeToCandidate
2019-09-17 09:52:07,582 [Thread-1453] INFO  impl.RoleInfo (RoleInfo.java:updateAndGet(143)) - 7550e15a-2ff9-4e5e-b05d-d9f072bd52cf: start LeaderElection
2019-09-17 09:52:07,612 [7550e15a-2ff9-4e5e-b05d-d9f072bd52cf@group-98B303272373:LeaderElection14] INFO  impl.LeaderElection (LeaderElection.java:askForVotes(182)) - 7550e15a-2ff9-4e5e-b05d-d9f072bd52cf@group-98B303272373:LeaderElection14: begin an election at term 1 for -1: [bdd5aae1-c180-43a6-a11a-58912a33bf0b:192.168.34.37:44158, 97184ed6-1d8a-4db2-a901-2f2d7f2102ca:192.168.34.37:40198, 7550e15a-2ff9-4e5e-b05d-d9f072bd52cf:192.168.34.37:41606], old=null
2019-09-17 09:52:07,616 [Thread-1455] INFO  impl.FollowerState (FollowerState.java:run(106)) - bdd5aae1-c180-43a6-a11a-58912a33bf0b:group-98B303272373 changes to CANDIDATE, lastRpcTime:5038, electionTimeout:5038ms
2019-09-17 09:52:07,616 [Thread-1455] INFO  impl.RoleInfo (RoleInfo.java:shutdownFollowerState(121)) - bdd5aae1-c180-43a6-a11a-58912a33bf0b: shutdown FollowerState
2019-09-17 09:52:07,616 [Thread-1455] INFO  impl.RaftServerImpl (RaftServerImpl.java:setRole(174)) - bdd5aae1-c180-43a6-a11a-58912a33bf0b@group-98B303272373: changes role from  FOLLOWER to CANDIDATE at term 0 for changeToCandidate
2019-09-17 09:52:07,616 [Thread-1455] INFO  impl.RoleInfo (RoleInfo.java:updateAndGet(143)) - bdd5aae1-c180-43a6-a11a-58912a33bf0b: start LeaderElection
2019-09-17 09:52:07,623 [bdd5aae1-c180-43a6-a11a-58912a33bf0b@group-98B303272373:LeaderElection15] INFO  impl.LeaderElection (LeaderElection.java:askForVotes(182)) - bdd5aae1-c180-43a6-a11a-58912a33bf0b@group-98B303272373:LeaderElection15: begin an election at term 1 for -1: [bdd5aae1-c180-43a6-a11a-58912a33bf0b:192.168.34.37:44158, 97184ed6-1d8a-4db2-a901-2f2d7f2102ca:192.168.34.37:40198, 7550e15a-2ff9-4e5e-b05d-d9f072bd52cf:192.168.34.37:41606], old=null
2019-09-17 09:52:07,626 [grpc-default-executor-3] INFO  impl.RaftServerImpl (RaftServerImpl.java:setRole(174)) - 97184ed6-1d8a-4db2-a901-2f2d7f2102ca@group-98B303272373: changes role from  FOLLOWER to FOLLOWER at term 1 for recognizeCandidate:7550e15a-2ff9-4e5e-b05d-d9f072bd52cf
2019-09-17 09:52:07,626 [grpc-default-executor-3] INFO  impl.RoleInfo (RoleInfo.java:shutdownFollowerState(121)) - 97184ed6-1d8a-4db2-a901-2f2d7f2102ca: shutdown FollowerState
2019-09-17 09:52:07,626 [grpc-default-executor-3] INFO  impl.RoleInfo (RoleInfo.java:updateAndGet(143)) - 97184ed6-1d8a-4db2-a901-2f2d7f2102ca: start FollowerState
2019-09-17 09:52:07,626 [Thread-1456] INFO  impl.FollowerState (FollowerState.java:run(115)) - 97184ed6-1d8a-4db2-a901-2f2d7f2102ca: FollowerState was interrupted: java.lang.InterruptedException: sleep interrupted
2019-09-17 09:52:07,641 [7550e15a-2ff9-4e5e-b05d-d9f072bd52cf@group-98B303272373:LeaderElection14] INFO  impl.LeaderElection (LeaderElection.java:logAndReturn(56)) - 7550e15a-2ff9-4e5e-b05d-d9f072bd52cf@group-98B303272373:LeaderElection14: Election PASSED; received 2 response(s) [7550e15a-2ff9-4e5e-b05d-d9f072bd52cf<-bdd5aae1-c180-43a6-a11a-58912a33bf0b#0:FAIL-t1, 7550e15a-2ff9-4e5e-b05d-d9f072bd52cf<-97184ed6-1d8a-4db2-a901-2f2d7f2102ca#0:OK-t1] and 0 exception(s); 7550e15a-2ff9-4e5e-b05d-d9f072bd52cf@group-98B303272373:t1, leader=null, voted=7550e15a-2ff9-4e5e-b05d-d9f072bd52cf, raftlog=7550e15a-2ff9-4e5e-b05d-d9f072bd52cf@group-98B303272373-SegmentedRaftLog:OPENED:c-1,f-1,i0, conf=-1: [bdd5aae1-c180-43a6-a11a-58912a33bf0b:192.168.34.37:44158, 97184ed6-1d8a-4db2-a901-2f2d7f2102ca:192.168.34.37:40198, 7550e15a-2ff9-4e5e-b05d-d9f072bd52cf:192.168.34.37:41606], old=null
2019-09-17 09:52:07,641 [bdd5aae1-c180-43a6-a11a-58912a33bf0b@group-98B303272373:LeaderElection15] INFO  impl.LeaderElection (LeaderElection.java:logAndReturn(56)) - bdd5aae1-c180-43a6-a11a-58912a33bf0b@group-98B303272373:LeaderElection15: Election REJECTED; received 2 response(s) [bdd5aae1-c180-43a6-a11a-58912a33bf0b<-97184ed6-1d8a-4db2-a901-2f2d7f2102ca#0:FAIL-t1, bdd5aae1-c180-43a6-a11a-58912a33bf0b<-7550e15a-2ff9-4e5e-b05d-d9f072bd52cf#0:FAIL-t1] and 0 exception(s); bdd5aae1-c180-43a6-a11a-58912a33bf0b@group-98B303272373:t1, leader=null, voted=bdd5aae1-c180-43a6-a11a-58912a33bf0b, raftlog=bdd5aae1-c180-43a6-a11a-58912a33bf0b@group-98B303272373-SegmentedRaftLog:OPENED:c-1,f-1,i0, conf=-1: [bdd5aae1-c180-43a6-a11a-58912a33bf0b:192.168.34.37:44158, 97184ed6-1d8a-4db2-a901-2f2d7f2102ca:192.168.34.37:40198, 7550e15a-2ff9-4e5e-b05d-d9f072bd52cf:192.168.34.37:41606], old=null
2019-09-17 09:52:07,641 [7550e15a-2ff9-4e5e-b05d-d9f072bd52cf@group-98B303272373:LeaderElection14] INFO  impl.RoleInfo (RoleInfo.java:shutdownLeaderElection(134)) - 7550e15a-2ff9-4e5e-b05d-d9f072bd52cf: shutdown LeaderElection
2019-09-17 09:52:07,644 [bdd5aae1-c180-43a6-a11a-58912a33bf0b@group-98B303272373:LeaderElection15] INFO  impl.RaftServerImpl (RaftServerImpl.java:setRole(174)) - bdd5aae1-c180-43a6-a11a-58912a33bf0b@group-98B303272373: changes role from CANDIDATE to FOLLOWER at term 1 for DISCOVERED_A_NEW_TERM
2019-09-17 09:52:07,645 [7550e15a-2ff9-4e5e-b05d-d9f072bd52cf@group-98B303272373:LeaderElection14] INFO  impl.RaftServerImpl (RaftServerImpl.java:setRole(174)) - 7550e15a-2ff9-4e5e-b05d-d9f072bd52cf@group-98B303272373: changes role from CANDIDATE to LEADER at term 1 for changeToLeader
2019-09-17 09:52:07,645 [bdd5aae1-c180-43a6-a11a-58912a33bf0b@group-98B303272373:LeaderElection15] INFO  impl.RoleInfo (RoleInfo.java:shutdownLeaderElection(134)) - bdd5aae1-c180-43a6-a11a-58912a33bf0b: shutdown LeaderElection
2019-09-17 09:52:07,645 [7550e15a-2ff9-4e5e-b05d-d9f072bd52cf@group-98B303272373:LeaderElection14] INFO  impl.RaftServerImpl (ServerState.java:setLeader(253)) - 7550e15a-2ff9-4e5e-b05d-d9f072bd52cf@group-98B303272373: change Leader from null to 7550e15a-2ff9-4e5e-b05d-d9f072bd52cf at term 1 for becomeLeader, leader elected after 5081ms
2019-09-17 09:52:07,645 [bdd5aae1-c180-43a6-a11a-58912a33bf0b@group-98B303272373:LeaderElection15] INFO  impl.RoleInfo (RoleInfo.java:updateAndGet(143)) - bdd5aae1-c180-43a6-a11a-58912a33bf0b: start FollowerState
2019-09-17 09:52:07,646 [7550e15a-2ff9-4e5e-b05d-d9f072bd52cf@group-98B303272373:LeaderElection14] INFO  server.RaftServerConfigKeys (ConfUtils.java:logGet(43)) - raft.server.staging.catchup.gap = 1000 (default)
2019-09-17 09:52:07,647 [7550e15a-2ff9-4e5e-b05d-d9f072bd52cf@group-98B303272373:LeaderElection14] INFO  server.RaftServerConfigKeys (ConfUtils.java:logGet(43)) - raft.server.rpc.sleep.time = 25ms (default)
2019-09-17 09:52:07,647 [7550e15a-2ff9-4e5e-b05d-d9f072bd52cf@group-98B303272373:LeaderElection14] INFO  server.RaftServerConfigKeys (ConfUtils.java:logGet(43)) - raft.server.write.element-limit = 4096 (default)
2019-09-17 09:52:07,648 [7550e15a-2ff9-4e5e-b05d-d9f072bd52cf@group-98B303272373:LeaderElection14] INFO  server.RaftServerConfigKeys (ConfUtils.java:logGet(43)) - raft.server.watch.timeout = 10s (default)
2019-09-17 09:52:07,648 [7550e15a-2ff9-4e5e-b05d-d9f072bd52cf@group-98B303272373:LeaderElection14] INFO  server.RaftServerConfigKeys (ConfUtils.java:logGet(43)) - raft.server.watch.timeout.denomination = 1s (default)
2019-09-17 09:52:07,648 [7550e15a-2ff9-4e5e-b05d-d9f072bd52cf@group-98B303272373:LeaderElection14] INFO  server.RaftServerConfigKeys (ConfUtils.java:logGet(43)) - raft.server.watch.element-limit = 65536 (default)
2019-09-17 09:52:07,652 [7550e15a-2ff9-4e5e-b05d-d9f072bd52cf@group-98B303272373:LeaderElection14] INFO  server.RaftServerConfigKeys (ConfUtils.java:logGet(43)) - raft.server.log.appender.snapshot.chunk.size.max = 16MB (=16777216) (default)
2019-09-17 09:52:07,652 [7550e15a-2ff9-4e5e-b05d-d9f072bd52cf@group-98B303272373:LeaderElection14] INFO  server.RaftServerConfigKeys (ConfUtils.java:logGet(43)) - raft.server.log.appender.buffer.byte-limit = 33554432 (custom)
2019-09-17 09:52:07,652 [7550e15a-2ff9-4e5e-b05d-d9f072bd52cf@group-98B303272373:LeaderElection14] INFO  server.RaftServerConfigKeys (ConfUtils.java:logGet(43)) - raft.server.log.appender.buffer.element-limit = 1 (custom)
2019-09-17 09:52:07,653 [7550e15a-2ff9-4e5e-b05d-d9f072bd52cf@group-98B303272373:LeaderElection14] INFO  grpc.GrpcConfigKeys$Server (ConfUtils.java:logGet(43)) - raft.grpc.server.leader.outstanding.appends.max = 128 (default)
2019-09-17 09:52:07,653 [7550e15a-2ff9-4e5e-b05d-d9f072bd52cf@group-98B303272373:LeaderElection14] INFO  server.RaftServerConfigKeys (ConfUtils.java:logGet(43)) - raft.server.rpc.request.timeout = 3000ms (default)
2019-09-17 09:52:07,653 [7550e15a-2ff9-4e5e-b05d-d9f072bd52cf@group-98B303272373:LeaderElection14] INFO  server.RaftServerConfigKeys (ConfUtils.java:logGet(43)) - raft.server.log.appender.install.snapshot.enabled = false (custom)
2019-09-17 09:52:07,653 [7550e15a-2ff9-4e5e-b05d-d9f072bd52cf@group-98B303272373:LeaderElection14] INFO  server.RaftServerConfigKeys (ConfUtils.java:logGet(43)) - raft.server.log.appender.snapshot.chunk.size.max = 16MB (=16777216) (default)
2019-09-17 09:52:07,654 [7550e15a-2ff9-4e5e-b05d-d9f072bd52cf@group-98B303272373:LeaderElection14] INFO  server.RaftServerConfigKeys (ConfUtils.java:logGet(43)) - raft.server.log.appender.buffer.byte-limit = 33554432 (custom)
2019-09-17 09:52:07,654 [7550e15a-2ff9-4e5e-b05d-d9f072bd52cf@group-98B303272373:LeaderElection14] INFO  server.RaftServerConfigKeys (ConfUtils.java:logGet(43)) - raft.server.log.appender.buffer.element-limit = 1 (custom)
2019-09-17 09:52:07,654 [7550e15a-2ff9-4e5e-b05d-d9f072bd52cf@group-98B303272373:LeaderElection14] INFO  grpc.GrpcConfigKeys$Server (ConfUtils.java:logGet(43)) - raft.grpc.server.leader.outstanding.appends.max = 128 (default)
2019-09-17 09:52:07,654 [7550e15a-2ff9-4e5e-b05d-d9f072bd52cf@group-98B303272373:LeaderElection14] INFO  server.RaftServerConfigKeys (ConfUtils.java:logGet(43)) - raft.server.rpc.request.timeout = 3000ms (default)
2019-09-17 09:52:07,654 [7550e15a-2ff9-4e5e-b05d-d9f072bd52cf@group-98B303272373:LeaderElection14] INFO  server.RaftServerConfigKeys (ConfUtils.java:logGet(43)) - raft.server.log.appender.install.snapshot.enabled = false (custom)
2019-09-17 09:52:07,655 [7550e15a-2ff9-4e5e-b05d-d9f072bd52cf@group-98B303272373:LeaderElection14] INFO  impl.RoleInfo (RoleInfo.java:updateAndGet(143)) - 7550e15a-2ff9-4e5e-b05d-d9f072bd52cf: start LeaderState
2019-09-17 09:52:07,655 [7550e15a-2ff9-4e5e-b05d-d9f072bd52cf@group-98B303272373:LeaderElection14] INFO  segmented.SegmentedRaftLogWorker (SegmentedRaftLogWorker.java:startLogSegment(380)) - 7550e15a-2ff9-4e5e-b05d-d9f072bd52cf@group-98B303272373-SegmentedRaftLogWorker: Starting segment from index:0
2019-09-17 09:52:07,657 [7550e15a-2ff9-4e5e-b05d-d9f072bd52cf@group-98B303272373:LeaderElection14] INFO  impl.RaftServerImpl (ServerState.java:setRaftConf(354)) - 7550e15a-2ff9-4e5e-b05d-d9f072bd52cf@group-98B303272373: set configuration 0: [bdd5aae1-c180-43a6-a11a-58912a33bf0b:192.168.34.37:44158, 97184ed6-1d8a-4db2-a901-2f2d7f2102ca:192.168.34.37:40198, 7550e15a-2ff9-4e5e-b05d-d9f072bd52cf:192.168.34.37:41606], old=null at 0
2019-09-17 09:52:07,689 [grpc-default-executor-3] INFO  impl.RaftServerImpl (ServerState.java:setLeader(253)) - 97184ed6-1d8a-4db2-a901-2f2d7f2102ca@group-98B303272373: change Leader from null to 7550e15a-2ff9-4e5e-b05d-d9f072bd52cf at term 1 for appendEntries, leader elected after 5124ms
2019-09-17 09:52:07,689 [grpc-default-executor-0] INFO  impl.RaftServerImpl (ServerState.java:setLeader(253)) - bdd5aae1-c180-43a6-a11a-58912a33bf0b@group-98B303272373: change Leader from null to 7550e15a-2ff9-4e5e-b05d-d9f072bd52cf at term 1 for appendEntries, leader elected after 5124ms
2019-09-17 09:52:07,692 [grpc-default-executor-3] INFO  impl.RaftServerImpl (ServerState.java:setRaftConf(354)) - bdd5aae1-c180-43a6-a11a-58912a33bf0b@group-98B303272373: set configuration 0: [bdd5aae1-c180-43a6-a11a-58912a33bf0b:192.168.34.37:44158, 97184ed6-1d8a-4db2-a901-2f2d7f2102ca:192.168.34.37:40198, 7550e15a-2ff9-4e5e-b05d-d9f072bd52cf:192.168.34.37:41606], old=null at 0
2019-09-17 09:52:07,692 [grpc-default-executor-0] INFO  impl.RaftServerImpl (ServerState.java:setRaftConf(354)) - 97184ed6-1d8a-4db2-a901-2f2d7f2102ca@group-98B303272373: set configuration 0: [bdd5aae1-c180-43a6-a11a-58912a33bf0b:192.168.34.37:44158, 97184ed6-1d8a-4db2-a901-2f2d7f2102ca:192.168.34.37:40198, 7550e15a-2ff9-4e5e-b05d-d9f072bd52cf:192.168.34.37:41606], old=null at 0
2019-09-17 09:52:07,692 [grpc-default-executor-3] INFO  segmented.SegmentedRaftLogWorker (SegmentedRaftLogWorker.java:startLogSegment(380)) - bdd5aae1-c180-43a6-a11a-58912a33bf0b@group-98B303272373-SegmentedRaftLogWorker: Starting segment from index:0
2019-09-17 09:52:07,693 [grpc-default-executor-0] INFO  segmented.SegmentedRaftLogWorker (SegmentedRaftLogWorker.java:startLogSegment(380)) - 97184ed6-1d8a-4db2-a901-2f2d7f2102ca@group-98B303272373-SegmentedRaftLogWorker: Starting segment from index:0
2019-09-17 09:52:07,708 [7550e15a-2ff9-4e5e-b05d-d9f072bd52cf@group-98B303272373-SegmentedRaftLogWorker] INFO  segmented.SegmentedRaftLogWorker (SegmentedRaftLogWorker.java:execute(569)) - 7550e15a-2ff9-4e5e-b05d-d9f072bd52cf@group-98B303272373-SegmentedRaftLogWorker: created new log segment /workdir/hadoop-ozone/integration-test/target/test-dir/MiniOzoneClusterImpl-c52a4728-c2c3-43f5-b549-fba1d53ae1f5/datanode-1/data/ratis/f425068e-56e5-48a7-bfb8-98b303272373/current/log_inprogress_0
2019-09-17 09:52:07,741 [bdd5aae1-c180-43a6-a11a-58912a33bf0b@group-98B303272373-SegmentedRaftLogWorker] INFO  segmented.SegmentedRaftLogWorker (SegmentedRaftLogWorker.java:execute(569)) - bdd5aae1-c180-43a6-a11a-58912a33bf0b@group-98B303272373-SegmentedRaftLogWorker: created new log segment /workdir/hadoop-ozone/integration-test/target/test-dir/MiniOzoneClusterImpl-c52a4728-c2c3-43f5-b549-fba1d53ae1f5/datanode-4/data/ratis/f425068e-56e5-48a7-bfb8-98b303272373/current/log_inprogress_0
2019-09-17 09:52:07,741 [97184ed6-1d8a-4db2-a901-2f2d7f2102ca@group-98B303272373-SegmentedRaftLogWorker] INFO  segmented.SegmentedRaftLogWorker (SegmentedRaftLogWorker.java:execute(569)) - 97184ed6-1d8a-4db2-a901-2f2d7f2102ca@group-98B303272373-SegmentedRaftLogWorker: created new log segment /workdir/hadoop-ozone/integration-test/target/test-dir/MiniOzoneClusterImpl-c52a4728-c2c3-43f5-b549-fba1d53ae1f5/datanode-5/data/ratis/f425068e-56e5-48a7-bfb8-98b303272373/current/log_inprogress_0
2019-09-17 09:52:08,791 [org.apache.ratis.server.impl.LogAppender$AppenderDaemon$$Lambda$490/1425097048@5f4786ad] ERROR ratis.XceiverServerRatis (XceiverServerRatis.java:triggerPipelineClose(568)) - pipeline Action CLOSE  on pipeline PipelineID=ee8ffa2b-24a5-4a82-be78-aade5dcbb6f7.Reason : bdd5aae1-c180-43a6-a11a-58912a33bf0b has not seen follower/s 97184ed6-1d8a-4db2-a901-2f2d7f2102ca for 156883ms 7550e15a-2ff9-4e5e-b05d-d9f072bd52cf for 156883ms
2019-09-17 09:52:08,791 [org.apache.ratis.server.impl.LogAppender$AppenderDaemon$$Lambda$490/1425097048@2486df5c] ERROR ratis.XceiverServerRatis (XceiverServerRatis.java:triggerPipelineClose(568)) - pipeline Action CLOSE  on pipeline PipelineID=ee8ffa2b-24a5-4a82-be78-aade5dcbb6f7.Reason : bdd5aae1-c180-43a6-a11a-58912a33bf0b has not seen follower/s 97184ed6-1d8a-4db2-a901-2f2d7f2102ca for 156883ms 7550e15a-2ff9-4e5e-b05d-d9f072bd52cf for 156883ms
2019-09-17 09:52:09,275 [EventQueue-PipelineActionsForPipelineActionHandler] ERROR pipeline.PipelineActionHandler (PipelineActionHandler.java:onMessage(60)) - Received pipeline action CLOSE for Pipeline[ Id: ee8ffa2b-24a5-4a82-be78-aade5dcbb6f7, Nodes: bdd5aae1-c180-43a6-a11a-58912a33bf0b{ip: 192.168.34.37, host: pr-hdds-2110-rdjw6-11158954, networkLocation: /default-rack, certSerialId: null}97184ed6-1d8a-4db2-a901-2f2d7f2102ca{ip: 192.168.34.37, host: pr-hdds-2110-rdjw6-11158954, networkLocation: /default-rack, certSerialId: null}7550e15a-2ff9-4e5e-b05d-d9f072bd52cf{ip: 192.168.34.37, host: pr-hdds-2110-rdjw6-11158954, networkLocation: /default-rack, certSerialId: null}, Type:RATIS, Factor:THREE, State:CLOSED] from datanode bdd5aae1-c180-43a6-a11a-58912a33bf0b{ip: 192.168.34.37, host: pr-hdds-2110-rdjw6-11158954, networkLocation: /default-rack, certSerialId: null}. Reason : bdd5aae1-c180-43a6-a11a-58912a33bf0b has not seen follower/s 97184ed6-1d8a-4db2-a901-2f2d7f2102ca for 156883ms 7550e15a-2ff9-4e5e-b05d-d9f072bd52cf for 156883ms
2019-09-17 09:52:09,275 [EventQueue-PipelineActionsForPipelineActionHandler] INFO  pipeline.SCMPipelineManager (SCMPipelineManager.java:finalizeAndDestroyPipeline(311)) - destroying pipeline:Pipeline[ Id: ee8ffa2b-24a5-4a82-be78-aade5dcbb6f7, Nodes: bdd5aae1-c180-43a6-a11a-58912a33bf0b{ip: 192.168.34.37, host: pr-hdds-2110-rdjw6-11158954, networkLocation: /default-rack, certSerialId: null}97184ed6-1d8a-4db2-a901-2f2d7f2102ca{ip: 192.168.34.37, host: pr-hdds-2110-rdjw6-11158954, networkLocation: /default-rack, certSerialId: null}7550e15a-2ff9-4e5e-b05d-d9f072bd52cf{ip: 192.168.34.37, host: pr-hdds-2110-rdjw6-11158954, networkLocation: /default-rack, certSerialId: null}, Type:RATIS, Factor:THREE, State:CLOSED]
2019-09-17 09:52:09,289 [java.util.concurrent.ThreadPoolExecutor$Worker@6c299a73[State = -1, empty queue]] WARN  server.GrpcLogAppender (GrpcLogAppender.java:timeoutAppendRequest(200)) - bdd5aae1-c180-43a6-a11a-58912a33bf0b@group-AADE5DCBB6F7->97184ed6-1d8a-4db2-a901-2f2d7f2102ca-GrpcLogAppender: appendEntries Timeout, request=bdd5aae1-c180-43a6-a11a-58912a33bf0b->97184ed6-1d8a-4db2-a901-2f2d7f2102ca#76-t1, previous=(t:1, i:13), leaderCommit=8, initializing? false, entries: <empty>
2019-09-17 09:52:09,290 [java.util.concurrent.ThreadPoolExecutor$Worker@3c3e5e28[State = -1, empty queue]] WARN  server.GrpcLogAppender (GrpcLogAppender.java:timeoutAppendRequest(200)) - bdd5aae1-c180-43a6-a11a-58912a33bf0b@group-AADE5DCBB6F7->7550e15a-2ff9-4e5e-b05d-d9f072bd52cf-GrpcLogAppender: appendEntries Timeout, request=bdd5aae1-c180-43a6-a11a-58912a33bf0b->7550e15a-2ff9-4e5e-b05d-d9f072bd52cf#76-t1, previous=(t:1, i:13), leaderCommit=8, initializing? false, entries: <empty>
2019-09-17 09:52:10,112 [grpc-default-executor-0] INFO  client.GrpcClientProtocolClient (GrpcClientProtocolClient.java:onNext(264)) - client-FBF7F1E1319D->7550e15a-2ff9-4e5e-b05d-d9f072bd52cf: receive RaftClientReply:client-FBF7F1E1319D->7550e15a-2ff9-4e5e-b05d-d9f072bd52cf@group-AADE5DCBB6F7, cid=57, FAILED org.apache.ratis.protocol.NotLeaderException: Server 7550e15a-2ff9-4e5e-b05d-d9f072bd52cf@group-AADE5DCBB6F7 is not the leader bdd5aae1-c180-43a6-a11a-58912a33bf0b:192.168.34.37:44158, logIndex=0, commits[7550e15a-2ff9-4e5e-b05d-d9f072bd52cf:c8, bdd5aae1-c180-43a6-a11a-58912a33bf0b:c8, 97184ed6-1d8a-4db2-a901-2f2d7f2102ca:c8]
2019-09-17 09:52:11,292 [org.apache.ratis.server.impl.LogAppender$AppenderDaemon$$Lambda$490/1425097048@2486df5c] ERROR ratis.XceiverServerRatis (XceiverServerRatis.java:triggerPipelineClose(568)) - pipeline Action CLOSE  on pipeline PipelineID=ee8ffa2b-24a5-4a82-be78-aade5dcbb6f7.Reason : bdd5aae1-c180-43a6-a11a-58912a33bf0b has not seen follower/s 97184ed6-1d8a-4db2-a901-2f2d7f2102ca for 159384ms 7550e15a-2ff9-4e5e-b05d-d9f072bd52cf for 159384ms
2019-09-17 09:52:11,292 [org.apache.ratis.server.impl.LogAppender$AppenderDaemon$$Lambda$490/1425097048@5f4786ad] ERROR ratis.XceiverServerRatis (XceiverServerRatis.java:triggerPipelineClose(568)) - pipeline Action CLOSE  on pipeline PipelineID=ee8ffa2b-24a5-4a82-be78-aade5dcbb6f7.Reason : bdd5aae1-c180-43a6-a11a-58912a33bf0b has not seen follower/s 97184ed6-1d8a-4db2-a901-2f2d7f2102ca for 159384ms 7550e15a-2ff9-4e5e-b05d-d9f072bd52cf for 159384ms
2019-09-17 09:52:11,791 [java.util.concurrent.ThreadPoolExecutor$Worker@6c299a73[State = -1, empty queue]] WARN  server.GrpcLogAppender (GrpcLogAppender.java:timeoutAppendRequest(200)) - bdd5aae1-c180-43a6-a11a-58912a33bf0b@group-AADE5DCBB6F7->97184ed6-1d8a-4db2-a901-2f2d7f2102ca-GrpcLogAppender: appendEntries Timeout, request=bdd5aae1-c180-43a6-a11a-58912a33bf0b->97184ed6-1d8a-4db2-a901-2f2d7f2102ca#77-t1, previous=(t:1, i:13), leaderCommit=8, initializing? false, entries: <empty>
2019-09-17 09:52:11,791 [java.util.concurrent.ThreadPoolExecutor$Worker@3c3e5e28[State = -1, empty queue]] WARN  server.GrpcLogAppender (GrpcLogAppender.java:timeoutAppendRequest(200)) - bdd5aae1-c180-43a6-a11a-58912a33bf0b@group-AADE5DCBB6F7->7550e15a-2ff9-4e5e-b05d-d9f072bd52cf-GrpcLogAppender: appendEntries Timeout, request=bdd5aae1-c180-43a6-a11a-58912a33bf0b->7550e15a-2ff9-4e5e-b05d-d9f072bd52cf#77-t1, previous=(t:1, i:13), leaderCommit=8, initializing? false, entries: <empty>
2019-09-17 09:52:12,275 [EventQueue-PipelineActionsForPipelineActionHandler] ERROR pipeline.PipelineActionHandler (PipelineActionHandler.java:onMessage(60)) - Received pipeline action CLOSE for Pipeline[ Id: ee8ffa2b-24a5-4a82-be78-aade5dcbb6f7, Nodes: bdd5aae1-c180-43a6-a11a-58912a33bf0b{ip: 192.168.34.37, host: pr-hdds-2110-rdjw6-11158954, networkLocation: /default-rack, certSerialId: null}97184ed6-1d8a-4db2-a901-2f2d7f2102ca{ip: 192.168.34.37, host: pr-hdds-2110-rdjw6-11158954, networkLocation: /default-rack, certSerialId: null}7550e15a-2ff9-4e5e-b05d-d9f072bd52cf{ip: 192.168.34.37, host: pr-hdds-2110-rdjw6-11158954, networkLocation: /default-rack, certSerialId: null}, Type:RATIS, Factor:THREE, State:CLOSED] from datanode bdd5aae1-c180-43a6-a11a-58912a33bf0b{ip: 192.168.34.37, host: pr-hdds-2110-rdjw6-11158954, networkLocation: /default-rack, certSerialId: null}. Reason : bdd5aae1-c180-43a6-a11a-58912a33bf0b has not seen follower/s 97184ed6-1d8a-4db2-a901-2f2d7f2102ca for 159384ms 7550e15a-2ff9-4e5e-b05d-d9f072bd52cf for 159384ms
2019-09-17 09:52:12,275 [EventQueue-PipelineActionsForPipelineActionHandler] INFO  pipeline.SCMPipelineManager (SCMPipelineManager.java:finalizeAndDestroyPipeline(311)) - destroying pipeline:Pipeline[ Id: ee8ffa2b-24a5-4a82-be78-aade5dcbb6f7, Nodes: bdd5aae1-c180-43a6-a11a-58912a33bf0b{ip: 192.168.34.37, host: pr-hdds-2110-rdjw6-11158954, networkLocation: /default-rack, certSerialId: null}97184ed6-1d8a-4db2-a901-2f2d7f2102ca{ip: 192.168.34.37, host: pr-hdds-2110-rdjw6-11158954, networkLocation: /default-rack, certSerialId: null}7550e15a-2ff9-4e5e-b05d-d9f072bd52cf{ip: 192.168.34.37, host: pr-hdds-2110-rdjw6-11158954, networkLocation: /default-rack, certSerialId: null}, Type:RATIS, Factor:THREE, State:CLOSED]
2019-09-17 09:52:13,109 [bdd5aae1-c180-43a6-a11a-58912a33bf0b@group-AADE5DCBB6F7-SegmentedRaftLogWorker] WARN  segmented.SegmentedRaftLogWorker (SegmentedRaftLogWorker.java:getFromFuture(90)) - Timeout 15/~
org.apache.ratis.protocol.TimeoutIOException: Timeout 10s: WriteLog:9: (t:1, i:9), STATEMACHINELOGENTRY, client-FBF7F1E1319D, cid=57-writeStateMachineData
	at org.apache.ratis.util.IOUtils.getFromFuture(IOUtils.java:87)
	at org.apache.ratis.server.raftlog.segmented.SegmentedRaftLogWorker$StateMachineDataPolicy.getFromFuture(SegmentedRaftLogWorker.java:87)
	at org.apache.ratis.server.raftlog.segmented.SegmentedRaftLogWorker$WriteLog.execute(SegmentedRaftLogWorker.java:477)
	at org.apache.ratis.server.raftlog.segmented.SegmentedRaftLogWorker.run(SegmentedRaftLogWorker.java:289)
	at java.lang.Thread.run(Thread.java:748)
Caused by: java.util.concurrent.TimeoutException
	at java.util.concurrent.CompletableFuture.timedGet(CompletableFuture.java:1771)
	at java.util.concurrent.CompletableFuture.get(CompletableFuture.java:1915)
	at org.apache.ratis.util.IOUtils.getFromFuture(IOUtils.java:79)
	... 4 more
2019-09-17 09:52:13,124 [7550e15a-2ff9-4e5e-b05d-d9f072bd52cf@group-AADE5DCBB6F7-SegmentedRaftLogWorker] WARN  segmented.SegmentedRaftLogWorker (SegmentedRaftLogWorker.java:getFromFuture(90)) - Timeout 15/~
org.apache.ratis.protocol.TimeoutIOException: Timeout 10s: WriteLog:9: (t:1, i:9), STATEMACHINELOGENTRY, client-FBF7F1E1319D, cid=57-writeStateMachineData
	at org.apache.ratis.util.IOUtils.getFromFuture(IOUtils.java:87)
	at org.apache.ratis.server.raftlog.segmented.SegmentedRaftLogWorker$StateMachineDataPolicy.getFromFuture(SegmentedRaftLogWorker.java:87)
	at org.apache.ratis.server.raftlog.segmented.SegmentedRaftLogWorker$WriteLog.execute(SegmentedRaftLogWorker.java:477)
	at org.apache.ratis.server.raftlog.segmented.SegmentedRaftLogWorker.run(SegmentedRaftLogWorker.java:289)
	at java.lang.Thread.run(Thread.java:748)
Caused by: java.util.concurrent.TimeoutException
	at java.util.concurrent.CompletableFuture.timedGet(CompletableFuture.java:1771)
	at java.util.concurrent.CompletableFuture.get(CompletableFuture.java:1915)
	at org.apache.ratis.util.IOUtils.getFromFuture(IOUtils.java:79)
	... 4 more
2019-09-17 09:52:13,153 [97184ed6-1d8a-4db2-a901-2f2d7f2102ca@group-AADE5DCBB6F7-SegmentedRaftLogWorker] WARN  segmented.SegmentedRaftLogWorker (SegmentedRaftLogWorker.java:getFromFuture(90)) - Timeout 15/~
org.apache.ratis.protocol.TimeoutIOException: Timeout 10s: WriteLog:9: (t:1, i:9), STATEMACHINELOGENTRY, client-FBF7F1E1319D, cid=57-writeStateMachineData
	at org.apache.ratis.util.IOUtils.getFromFuture(IOUtils.java:87)
	at org.apache.ratis.server.raftlog.segmented.SegmentedRaftLogWorker$StateMachineDataPolicy.getFromFuture(SegmentedRaftLogWorker.java:87)
	at org.apache.ratis.server.raftlog.segmented.SegmentedRaftLogWorker$WriteLog.execute(SegmentedRaftLogWorker.java:477)
	at org.apache.ratis.server.raftlog.segmented.SegmentedRaftLogWorker.run(SegmentedRaftLogWorker.java:289)
	at java.lang.Thread.run(Thread.java:748)
Caused by: java.util.concurrent.TimeoutException
	at java.util.concurrent.CompletableFuture.timedGet(CompletableFuture.java:1771)
	at java.util.concurrent.CompletableFuture.get(CompletableFuture.java:1915)
	at org.apache.ratis.util.IOUtils.getFromFuture(IOUtils.java:79)
	... 4 more
2019-09-17 09:52:13,793 [org.apache.ratis.server.impl.LogAppender$AppenderDaemon$$Lambda$490/1425097048@5f4786ad] ERROR ratis.XceiverServerRatis (XceiverServerRatis.java:triggerPipelineClose(568)) - pipeline Action CLOSE  on pipeline PipelineID=ee8ffa2b-24a5-4a82-be78-aade5dcbb6f7.Reason : bdd5aae1-c180-43a6-a11a-58912a33bf0b has not seen follower/s 97184ed6-1d8a-4db2-a901-2f2d7f2102ca for 161885ms 7550e15a-2ff9-4e5e-b05d-d9f072bd52cf for 161885ms
2019-09-17 09:52:13,793 [org.apache.ratis.server.impl.LogAppender$AppenderDaemon$$Lambda$490/1425097048@2486df5c] ERROR ratis.XceiverServerRatis (XceiverServerRatis.java:triggerPipelineClose(568)) - pipeline Action CLOSE  on pipeline PipelineID=ee8ffa2b-24a5-4a82-be78-aade5dcbb6f7.Reason : bdd5aae1-c180-43a6-a11a-58912a33bf0b has not seen follower/s 97184ed6-1d8a-4db2-a901-2f2d7f2102ca for 161885ms 7550e15a-2ff9-4e5e-b05d-d9f072bd52cf for 161885ms
2019-09-17 09:52:14,275 [EventQueue-PipelineActionsForPipelineActionHandler] ERROR pipeline.PipelineActionHandler (PipelineActionHandler.java:onMessage(60)) - Received pipeline action CLOSE for Pipeline[ Id: ee8ffa2b-24a5-4a82-be78-aade5dcbb6f7, Nodes: bdd5aae1-c180-43a6-a11a-58912a33bf0b{ip: 192.168.34.37, host: pr-hdds-2110-rdjw6-11158954, networkLocation: /default-rack, certSerialId: null}97184ed6-1d8a-4db2-a901-2f2d7f2102ca{ip: 192.168.34.37, host: pr-hdds-2110-rdjw6-11158954, networkLocation: /default-rack, certSerialId: null}7550e15a-2ff9-4e5e-b05d-d9f072bd52cf{ip: 192.168.34.37, host: pr-hdds-2110-rdjw6-11158954, networkLocation: /default-rack, certSerialId: null}, Type:RATIS, Factor:THREE, State:CLOSED] from datanode bdd5aae1-c180-43a6-a11a-58912a33bf0b{ip: 192.168.34.37, host: pr-hdds-2110-rdjw6-11158954, networkLocation: /default-rack, certSerialId: null}. Reason : bdd5aae1-c180-43a6-a11a-58912a33bf0b has not seen follower/s 97184ed6-1d8a-4db2-a901-2f2d7f2102ca for 161885ms 7550e15a-2ff9-4e5e-b05d-d9f072bd52cf for 161885ms
2019-09-17 09:52:14,275 [EventQueue-PipelineActionsForPipelineActionHandler] INFO  pipeline.SCMPipelineManager (SCMPipelineManager.java:finalizeAndDestroyPipeline(311)) - destroying pipeline:Pipeline[ Id: ee8ffa2b-24a5-4a82-be78-aade5dcbb6f7, Nodes: bdd5aae1-c180-43a6-a11a-58912a33bf0b{ip: 192.168.34.37, host: pr-hdds-2110-rdjw6-11158954, networkLocation: /default-rack, certSerialId: null}97184ed6-1d8a-4db2-a901-2f2d7f2102ca{ip: 192.168.34.37, host: pr-hdds-2110-rdjw6-11158954, networkLocation: /default-rack, certSerialId: null}7550e15a-2ff9-4e5e-b05d-d9f072bd52cf{ip: 192.168.34.37, host: pr-hdds-2110-rdjw6-11158954, networkLocation: /default-rack, certSerialId: null}, Type:RATIS, Factor:THREE, State:CLOSED]
2019-09-17 09:52:14,292 [java.util.concurrent.ThreadPoolExecutor$Worker@3c3e5e28[State = -1, empty queue]] WARN  server.GrpcLogAppender (GrpcLogAppender.java:timeoutAppendRequest(200)) - bdd5aae1-c180-43a6-a11a-58912a33bf0b@group-AADE5DCBB6F7->7550e15a-2ff9-4e5e-b05d-d9f072bd52cf-GrpcLogAppender: appendEntries Timeout, request=bdd5aae1-c180-43a6-a11a-58912a33bf0b->7550e15a-2ff9-4e5e-b05d-d9f072bd52cf#78-t1, previous=(t:1, i:13), leaderCommit=8, initializing? false, entries: <empty>
2019-09-17 09:52:14,292 [java.util.concurrent.ThreadPoolExecutor$Worker@6c299a73[State = -1, empty queue]] WARN  server.GrpcLogAppender (GrpcLogAppender.java:timeoutAppendRequest(200)) - bdd5aae1-c180-43a6-a11a-58912a33bf0b@group-AADE5DCBB6F7->97184ed6-1d8a-4db2-a901-2f2d7f2102ca-GrpcLogAppender: appendEntries Timeout, request=bdd5aae1-c180-43a6-a11a-58912a33bf0b->97184ed6-1d8a-4db2-a901-2f2d7f2102ca#78-t1, previous=(t:1, i:13), leaderCommit=8, initializing? false, entries: <empty>
2019-09-17 09:52:15,191 [grpc-default-executor-3] INFO  client.GrpcClientProtocolClient (GrpcClientProtocolClient.java:onNext(264)) - client-FBF7F1E1319D->7550e15a-2ff9-4e5e-b05d-d9f072bd52cf: receive RaftClientReply:client-FBF7F1E1319D->7550e15a-2ff9-4e5e-b05d-d9f072bd52cf@group-AADE5DCBB6F7, cid=57, FAILED org.apache.ratis.protocol.NotLeaderException: Server 7550e15a-2ff9-4e5e-b05d-d9f072bd52cf@group-AADE5DCBB6F7 is not the leader bdd5aae1-c180-43a6-a11a-58912a33bf0b:192.168.34.37:44158, logIndex=0, commits[7550e15a-2ff9-4e5e-b05d-d9f072bd52cf:c8, bdd5aae1-c180-43a6-a11a-58912a33bf0b:c8, 97184ed6-1d8a-4db2-a901-2f2d7f2102ca:c8]
2019-09-17 09:52:16,295 [org.apache.ratis.server.impl.LogAppender$AppenderDaemon$$Lambda$490/1425097048@2486df5c] ERROR ratis.XceiverServerRatis (XceiverServerRatis.java:triggerPipelineClose(568)) - pipeline Action CLOSE  on pipeline PipelineID=ee8ffa2b-24a5-4a82-be78-aade5dcbb6f7.Reason : bdd5aae1-c180-43a6-a11a-58912a33bf0b has not seen follower/s 97184ed6-1d8a-4db2-a901-2f2d7f2102ca for 164387ms 7550e15a-2ff9-4e5e-b05d-d9f072bd52cf for 164387ms
2019-09-17 09:52:16,295 [org.apache.ratis.server.impl.LogAppender$AppenderDaemon$$Lambda$490/1425097048@5f4786ad] ERROR ratis.XceiverServerRatis (XceiverServerRatis.java:triggerPipelineClose(568)) - pipeline Action CLOSE  on pipeline PipelineID=ee8ffa2b-24a5-4a82-be78-aade5dcbb6f7.Reason : bdd5aae1-c180-43a6-a11a-58912a33bf0b has not seen follower/s 97184ed6-1d8a-4db2-a901-2f2d7f2102ca for 164387ms 7550e15a-2ff9-4e5e-b05d-d9f072bd52cf for 164387ms
2019-09-17 09:52:16,793 [java.util.concurrent.ThreadPoolExecutor$Worker@6c299a73[State = -1, empty queue]] WARN  server.GrpcLogAppender (GrpcLogAppender.java:timeoutAppendRequest(200)) - bdd5aae1-c180-43a6-a11a-58912a33bf0b@group-AADE5DCBB6F7->97184ed6-1d8a-4db2-a901-2f2d7f2102ca-GrpcLogAppender: appendEntries Timeout, request=bdd5aae1-c180-43a6-a11a-58912a33bf0b->97184ed6-1d8a-4db2-a901-2f2d7f2102ca#79-t1, previous=(t:1, i:13), leaderCommit=8, initializing? false, entries: <empty>
2019-09-17 09:52:16,793 [java.util.concurrent.ThreadPoolExecutor$Worker@3c3e5e28[State = -1, empty queue]] WARN  server.GrpcLogAppender (GrpcLogAppender.java:timeoutAppendRequest(200)) - bdd5aae1-c180-43a6-a11a-58912a33bf0b@group-AADE5DCBB6F7->7550e15a-2ff9-4e5e-b05d-d9f072bd52cf-GrpcLogAppender: appendEntries Timeout, request=bdd5aae1-c180-43a6-a11a-58912a33bf0b->7550e15a-2ff9-4e5e-b05d-d9f072bd52cf#79-t1, previous=(t:1, i:13), leaderCommit=8, initializing? false, entries: <empty>
2019-09-17 09:52:17,278 [EventQueue-PipelineActionsForPipelineActionHandler] ERROR pipeline.PipelineActionHandler (PipelineActionHandler.java:onMessage(60)) - Received pipeline action CLOSE for Pipeline[ Id: ee8ffa2b-24a5-4a82-be78-aade5dcbb6f7, Nodes: bdd5aae1-c180-43a6-a11a-58912a33bf0b{ip: 192.168.34.37, host: pr-hdds-2110-rdjw6-11158954, networkLocation: /default-rack, certSerialId: null}97184ed6-1d8a-4db2-a901-2f2d7f2102ca{ip: 192.168.34.37, host: pr-hdds-2110-rdjw6-11158954, networkLocation: /default-rack, certSerialId: null}7550e15a-2ff9-4e5e-b05d-d9f072bd52cf{ip: 192.168.34.37, host: pr-hdds-2110-rdjw6-11158954, networkLocation: /default-rack, certSerialId: null}, Type:RATIS, Factor:THREE, State:CLOSED] from datanode bdd5aae1-c180-43a6-a11a-58912a33bf0b{ip: 192.168.34.37, host: pr-hdds-2110-rdjw6-11158954, networkLocation: /default-rack, certSerialId: null}. Reason : bdd5aae1-c180-43a6-a11a-58912a33bf0b has not seen follower/s 97184ed6-1d8a-4db2-a901-2f2d7f2102ca for 164387ms 7550e15a-2ff9-4e5e-b05d-d9f072bd52cf for 164387ms
2019-09-17 09:52:17,278 [EventQueue-PipelineActionsForPipelineActionHandler] INFO  pipeline.SCMPipelineManager (SCMPipelineManager.java:finalizeAndDestroyPipeline(311)) - destroying pipeline:Pipeline[ Id: ee8ffa2b-24a5-4a82-be78-aade5dcbb6f7, Nodes: bdd5aae1-c180-43a6-a11a-58912a33bf0b{ip: 192.168.34.37, host: pr-hdds-2110-rdjw6-11158954, networkLocation: /default-rack, certSerialId: null}97184ed6-1d8a-4db2-a901-2f2d7f2102ca{ip: 192.168.34.37, host: pr-hdds-2110-rdjw6-11158954, networkLocation: /default-rack, certSerialId: null}7550e15a-2ff9-4e5e-b05d-d9f072bd52cf{ip: 192.168.34.37, host: pr-hdds-2110-rdjw6-11158954, networkLocation: /default-rack, certSerialId: null}, Type:RATIS, Factor:THREE, State:CLOSED]
2019-09-17 09:52:18,797 [org.apache.ratis.server.impl.LogAppender$AppenderDaemon$$Lambda$490/1425097048@5f4786ad] ERROR ratis.XceiverServerRatis (XceiverServerRatis.java:triggerPipelineClose(568)) - pipeline Action CLOSE  on pipeline PipelineID=ee8ffa2b-24a5-4a82-be78-aade5dcbb6f7.Reason : bdd5aae1-c180-43a6-a11a-58912a33bf0b has not seen follower/s 97184ed6-1d8a-4db2-a901-2f2d7f2102ca for 166888ms 7550e15a-2ff9-4e5e-b05d-d9f072bd52cf for 166888ms
2019-09-17 09:52:18,797 [org.apache.ratis.server.impl.LogAppender$AppenderDaemon$$Lambda$490/1425097048@2486df5c] ERROR ratis.XceiverServerRatis (XceiverServerRatis.java:triggerPipelineClose(568)) - pipeline Action CLOSE  on pipeline PipelineID=ee8ffa2b-24a5-4a82-be78-aade5dcbb6f7.Reason : bdd5aae1-c180-43a6-a11a-58912a33bf0b has not seen follower/s 97184ed6-1d8a-4db2-a901-2f2d7f2102ca for 166888ms 7550e15a-2ff9-4e5e-b05d-d9f072bd52cf for 166888ms
2019-09-17 09:52:19,276 [EventQueue-PipelineActionsForPipelineActionHandler] ERROR pipeline.PipelineActionHandler (PipelineActionHandler.java:onMessage(60)) - Received pipeline action CLOSE for Pipeline[ Id: ee8ffa2b-24a5-4a82-be78-aade5dcbb6f7, Nodes: bdd5aae1-c180-43a6-a11a-58912a33bf0b{ip: 192.168.34.37, host: pr-hdds-2110-rdjw6-11158954, networkLocation: /default-rack, certSerialId: null}97184ed6-1d8a-4db2-a901-2f2d7f2102ca{ip: 192.168.34.37, host: pr-hdds-2110-rdjw6-11158954, networkLocation: /default-rack, certSerialId: null}7550e15a-2ff9-4e5e-b05d-d9f072bd52cf{ip: 192.168.34.37, host: pr-hdds-2110-rdjw6-11158954, networkLocation: /default-rack, certSerialId: null}, Type:RATIS, Factor:THREE, State:CLOSED] from datanode bdd5aae1-c180-43a6-a11a-58912a33bf0b{ip: 192.168.34.37, host: pr-hdds-2110-rdjw6-11158954, networkLocation: /default-rack, certSerialId: null}. Reason : bdd5aae1-c180-43a6-a11a-58912a33bf0b has not seen follower/s 97184ed6-1d8a-4db2-a901-2f2d7f2102ca for 166888ms 7550e15a-2ff9-4e5e-b05d-d9f072bd52cf for 166888ms
2019-09-17 09:52:19,276 [EventQueue-PipelineActionsForPipelineActionHandler] INFO  pipeline.SCMPipelineManager (SCMPipelineManager.java:finalizeAndDestroyPipeline(311)) - destroying pipeline:Pipeline[ Id: ee8ffa2b-24a5-4a82-be78-aade5dcbb6f7, Nodes: bdd5aae1-c180-43a6-a11a-58912a33bf0b{ip: 192.168.34.37, host: pr-hdds-2110-rdjw6-11158954, networkLocation: /default-rack, certSerialId: null}97184ed6-1d8a-4db2-a901-2f2d7f2102ca{ip: 192.168.34.37, host: pr-hdds-2110-rdjw6-11158954, networkLocation: /default-rack, certSerialId: null}7550e15a-2ff9-4e5e-b05d-d9f072bd52cf{ip: 192.168.34.37, host: pr-hdds-2110-rdjw6-11158954, networkLocation: /default-rack, certSerialId: null}, Type:RATIS, Factor:THREE, State:CLOSED]
2019-09-17 09:52:19,295 [java.util.concurrent.ThreadPoolExecutor$Worker@6c299a73[State = -1, empty queue]] WARN  server.GrpcLogAppender (GrpcLogAppender.java:timeoutAppendRequest(200)) - bdd5aae1-c180-43a6-a11a-58912a33bf0b@group-AADE5DCBB6F7->97184ed6-1d8a-4db2-a901-2f2d7f2102ca-GrpcLogAppender: appendEntries Timeout, request=bdd5aae1-c180-43a6-a11a-58912a33bf0b->97184ed6-1d8a-4db2-a901-2f2d7f2102ca#80-t1, previous=(t:1, i:13), leaderCommit=8, initializing? false, entries: <empty>
2019-09-17 09:52:19,295 [java.util.concurrent.ThreadPoolExecutor$Worker@3c3e5e28[State = -1, empty queue]] WARN  server.GrpcLogAppender (GrpcLogAppender.java:timeoutAppendRequest(200)) - bdd5aae1-c180-43a6-a11a-58912a33bf0b@group-AADE5DCBB6F7->7550e15a-2ff9-4e5e-b05d-d9f072bd52cf-GrpcLogAppender: appendEntries Timeout, request=bdd5aae1-c180-43a6-a11a-58912a33bf0b->7550e15a-2ff9-4e5e-b05d-d9f072bd52cf#80-t1, previous=(t:1, i:13), leaderCommit=8, initializing? false, entries: <empty>
2019-09-17 09:52:20,245 [grpc-default-executor-3] INFO  client.GrpcClientProtocolClient (GrpcClientProtocolClient.java:onNext(264)) - client-FBF7F1E1319D->7550e15a-2ff9-4e5e-b05d-d9f072bd52cf: receive RaftClientReply:client-FBF7F1E1319D->7550e15a-2ff9-4e5e-b05d-d9f072bd52cf@group-AADE5DCBB6F7, cid=57, FAILED org.apache.ratis.protocol.NotLeaderException: Server 7550e15a-2ff9-4e5e-b05d-d9f072bd52cf@group-AADE5DCBB6F7 is not the leader bdd5aae1-c180-43a6-a11a-58912a33bf0b:192.168.34.37:44158, logIndex=0, commits[7550e15a-2ff9-4e5e-b05d-d9f072bd52cf:c8, bdd5aae1-c180-43a6-a11a-58912a33bf0b:c8, 97184ed6-1d8a-4db2-a901-2f2d7f2102ca:c8]
2019-09-17 09:52:21,297 [org.apache.ratis.server.impl.LogAppender$AppenderDaemon$$Lambda$490/1425097048@5f4786ad] ERROR ratis.XceiverServerRatis (XceiverServerRatis.java:triggerPipelineClose(568)) - pipeline Action CLOSE  on pipeline PipelineID=ee8ffa2b-24a5-4a82-be78-aade5dcbb6f7.Reason : bdd5aae1-c180-43a6-a11a-58912a33bf0b has not seen follower/s 97184ed6-1d8a-4db2-a901-2f2d7f2102ca for 169389ms 7550e15a-2ff9-4e5e-b05d-d9f072bd52cf for 169389ms
2019-09-17 09:52:21,297 [org.apache.ratis.server.impl.LogAppender$AppenderDaemon$$Lambda$490/1425097048@2486df5c] ERROR ratis.XceiverServerRatis (XceiverServerRatis.java:triggerPipelineClose(568)) - pipeline Action CLOSE  on pipeline PipelineID=ee8ffa2b-24a5-4a82-be78-aade5dcbb6f7.Reason : bdd5aae1-c180-43a6-a11a-58912a33bf0b has not seen follower/s 97184ed6-1d8a-4db2-a901-2f2d7f2102ca for 169389ms 7550e15a-2ff9-4e5e-b05d-d9f072bd52cf for 169389ms
2019-09-17 09:52:21,796 [java.util.concurrent.ThreadPoolExecutor$Worker@3c3e5e28[State = -1, empty queue]] WARN  server.GrpcLogAppender (GrpcLogAppender.java:timeoutAppendRequest(200)) - bdd5aae1-c180-43a6-a11a-58912a33bf0b@group-AADE5DCBB6F7->7550e15a-2ff9-4e5e-b05d-d9f072bd52cf-GrpcLogAppender: appendEntries Timeout, request=bdd5aae1-c180-43a6-a11a-58912a33bf0b->7550e15a-2ff9-4e5e-b05d-d9f072bd52cf#81-t1, previous=(t:1, i:13), leaderCommit=8, initializing? false, entries: <empty>
2019-09-17 09:52:21,796 [java.util.concurrent.ThreadPoolExecutor$Worker@6c299a73[State = -1, empty queue]] WARN  server.GrpcLogAppender (GrpcLogAppender.java:timeoutAppendRequest(200)) - bdd5aae1-c180-43a6-a11a-58912a33bf0b@group-AADE5DCBB6F7->97184ed6-1d8a-4db2-a901-2f2d7f2102ca-GrpcLogAppender: appendEntries Timeout, request=bdd5aae1-c180-43a6-a11a-58912a33bf0b->97184ed6-1d8a-4db2-a901-2f2d7f2102ca#81-t1, previous=(t:1, i:13), leaderCommit=8, initializing? false, entries: <empty>
2019-09-17 09:52:22,276 [EventQueue-PipelineActionsForPipelineActionHandler] ERROR pipeline.PipelineActionHandler (PipelineActionHandler.java:onMessage(60)) - Received pipeline action CLOSE for Pipeline[ Id: ee8ffa2b-24a5-4a82-be78-aade5dcbb6f7, Nodes: bdd5aae1-c180-43a6-a11a-58912a33bf0b{ip: 192.168.34.37, host: pr-hdds-2110-rdjw6-11158954, networkLocation: /default-rack, certSerialId: null}97184ed6-1d8a-4db2-a901-2f2d7f2102ca{ip: 192.168.34.37, host: pr-hdds-2110-rdjw6-11158954, networkLocation: /default-rack, certSerialId: null}7550e15a-2ff9-4e5e-b05d-d9f072bd52cf{ip: 192.168.34.37, host: pr-hdds-2110-rdjw6-11158954, networkLocation: /default-rack, certSerialId: null}, Type:RATIS, Factor:THREE, State:CLOSED] from datanode bdd5aae1-c180-43a6-a11a-58912a33bf0b{ip: 192.168.34.37, host: pr-hdds-2110-rdjw6-11158954, networkLocation: /default-rack, certSerialId: null}. Reason : bdd5aae1-c180-43a6-a11a-58912a33bf0b has not seen follower/s 97184ed6-1d8a-4db2-a901-2f2d7f2102ca for 169389ms 7550e15a-2ff9-4e5e-b05d-d9f072bd52cf for 169389ms
2019-09-17 09:52:22,276 [EventQueue-PipelineActionsForPipelineActionHandler] INFO  pipeline.SCMPipelineManager (SCMPipelineManager.java:finalizeAndDestroyPipeline(311)) - destroying pipeline:Pipeline[ Id: ee8ffa2b-24a5-4a82-be78-aade5dcbb6f7, Nodes: bdd5aae1-c180-43a6-a11a-58912a33bf0b{ip: 192.168.34.37, host: pr-hdds-2110-rdjw6-11158954, networkLocation: /default-rack, certSerialId: null}97184ed6-1d8a-4db2-a901-2f2d7f2102ca{ip: 192.168.34.37, host: pr-hdds-2110-rdjw6-11158954, networkLocation: /default-rack, certSerialId: null}7550e15a-2ff9-4e5e-b05d-d9f072bd52cf{ip: 192.168.34.37, host: pr-hdds-2110-rdjw6-11158954, networkLocation: /default-rack, certSerialId: null}, Type:RATIS, Factor:THREE, State:CLOSED]
2019-09-17 09:52:23,110 [bdd5aae1-c180-43a6-a11a-58912a33bf0b@group-AADE5DCBB6F7-SegmentedRaftLogWorker] WARN  segmented.SegmentedRaftLogWorker (SegmentedRaftLogWorker.java:getFromFuture(90)) - Timeout 16/~
org.apache.ratis.protocol.TimeoutIOException: Timeout 10s: WriteLog:9: (t:1, i:9), STATEMACHINELOGENTRY, client-FBF7F1E1319D, cid=57-writeStateMachineData
	at org.apache.ratis.util.IOUtils.getFromFuture(IOUtils.java:87)
	at org.apache.ratis.server.raftlog.segmented.SegmentedRaftLogWorker$StateMachineDataPolicy.getFromFuture(SegmentedRaftLogWorker.java:87)
	at org.apache.ratis.server.raftlog.segmented.SegmentedRaftLogWorker$WriteLog.execute(SegmentedRaftLogWorker.java:477)
	at org.apache.ratis.server.raftlog.segmented.SegmentedRaftLogWorker.run(SegmentedRaftLogWorker.java:289)
	at java.lang.Thread.run(Thread.java:748)
Caused by: java.util.concurrent.TimeoutException
	at java.util.concurrent.CompletableFuture.timedGet(CompletableFuture.java:1771)
	at java.util.concurrent.CompletableFuture.get(CompletableFuture.java:1915)
	at org.apache.ratis.util.IOUtils.getFromFuture(IOUtils.java:79)
	... 4 more
2019-09-17 09:52:23,153 [7550e15a-2ff9-4e5e-b05d-d9f072bd52cf@group-AADE5DCBB6F7-SegmentedRaftLogWorker] WARN  segmented.SegmentedRaftLogWorker (SegmentedRaftLogWorker.java:getFromFuture(90)) - Timeout 16/~
org.apache.ratis.protocol.TimeoutIOException: Timeout 10s: WriteLog:9: (t:1, i:9), STATEMACHINELOGENTRY, client-FBF7F1E1319D, cid=57-writeStateMachineData
	at org.apache.ratis.util.IOUtils.getFromFuture(IOUtils.java:87)
	at org.apache.ratis.server.raftlog.segmented.SegmentedRaftLogWorker$StateMachineDataPolicy.getFromFuture(SegmentedRaftLogWorker.java:87)
	at org.apache.ratis.server.raftlog.segmented.SegmentedRaftLogWorker$WriteLog.execute(SegmentedRaftLogWorker.java:477)
	at org.apache.ratis.server.raftlog.segmented.SegmentedRaftLogWorker.run(SegmentedRaftLogWorker.java:289)
	at java.lang.Thread.run(Thread.java:748)
Caused by: java.util.concurrent.TimeoutException
	at java.util.concurrent.CompletableFuture.timedGet(CompletableFuture.java:1771)
	at java.util.concurrent.CompletableFuture.get(CompletableFuture.java:1915)
	at org.apache.ratis.util.IOUtils.getFromFuture(IOUtils.java:79)
	... 4 more
2019-09-17 09:52:23,154 [97184ed6-1d8a-4db2-a901-2f2d7f2102ca@group-AADE5DCBB6F7-SegmentedRaftLogWorker] WARN  segmented.SegmentedRaftLogWorker (SegmentedRaftLogWorker.java:getFromFuture(90)) - Timeout 16/~
org.apache.ratis.protocol.TimeoutIOException: Timeout 10s: WriteLog:9: (t:1, i:9), STATEMACHINELOGENTRY, client-FBF7F1E1319D, cid=57-writeStateMachineData
	at org.apache.ratis.util.IOUtils.getFromFuture(IOUtils.java:87)
	at org.apache.ratis.server.raftlog.segmented.SegmentedRaftLogWorker$StateMachineDataPolicy.getFromFuture(SegmentedRaftLogWorker.java:87)
	at org.apache.ratis.server.raftlog.segmented.SegmentedRaftLogWorker$WriteLog.execute(SegmentedRaftLogWorker.java:477)
	at org.apache.ratis.server.raftlog.segmented.SegmentedRaftLogWorker.run(SegmentedRaftLogWorker.java:289)
	at java.lang.Thread.run(Thread.java:748)
Caused by: java.util.concurrent.TimeoutException
	at java.util.concurrent.CompletableFuture.timedGet(CompletableFuture.java:1771)
	at java.util.concurrent.CompletableFuture.get(CompletableFuture.java:1915)
	at org.apache.ratis.util.IOUtils.getFromFuture(IOUtils.java:79)
	... 4 more
2019-09-17 09:52:23,798 [org.apache.ratis.server.impl.LogAppender$AppenderDaemon$$Lambda$490/1425097048@5f4786ad] ERROR ratis.XceiverServerRatis (XceiverServerRatis.java:triggerPipelineClose(568)) - pipeline Action CLOSE  on pipeline PipelineID=ee8ffa2b-24a5-4a82-be78-aade5dcbb6f7.Reason : bdd5aae1-c180-43a6-a11a-58912a33bf0b has not seen follower/s 97184ed6-1d8a-4db2-a901-2f2d7f2102ca for 171890ms 7550e15a-2ff9-4e5e-b05d-d9f072bd52cf for 171890ms
2019-09-17 09:52:23,798 [org.apache.ratis.server.impl.LogAppender$AppenderDaemon$$Lambda$490/1425097048@2486df5c] ERROR ratis.XceiverServerRatis (XceiverServerRatis.java:triggerPipelineClose(568)) - pipeline Action CLOSE  on pipeline PipelineID=ee8ffa2b-24a5-4a82-be78-aade5dcbb6f7.Reason : bdd5aae1-c180-43a6-a11a-58912a33bf0b has not seen follower/s 97184ed6-1d8a-4db2-a901-2f2d7f2102ca for 171890ms 7550e15a-2ff9-4e5e-b05d-d9f072bd52cf for 171890ms
2019-09-17 09:52:24,280 [EventQueue-PipelineActionsForPipelineActionHandler] ERROR pipeline.PipelineActionHandler (PipelineActionHandler.java:onMessage(60)) - Received pipeline action CLOSE for Pipeline[ Id: ee8ffa2b-24a5-4a82-be78-aade5dcbb6f7, Nodes: bdd5aae1-c180-43a6-a11a-58912a33bf0b{ip: 192.168.34.37, host: pr-hdds-2110-rdjw6-11158954, networkLocation: /default-rack, certSerialId: null}97184ed6-1d8a-4db2-a901-2f2d7f2102ca{ip: 192.168.34.37, host: pr-hdds-2110-rdjw6-11158954, networkLocation: /default-rack, certSerialId: null}7550e15a-2ff9-4e5e-b05d-d9f072bd52cf{ip: 192.168.34.37, host: pr-hdds-2110-rdjw6-11158954, networkLocation: /default-rack, certSerialId: null}, Type:RATIS, Factor:THREE, State:CLOSED] from datanode bdd5aae1-c180-43a6-a11a-58912a33bf0b{ip: 192.168.34.37, host: pr-hdds-2110-rdjw6-11158954, networkLocation: /default-rack, certSerialId: null}. Reason : bdd5aae1-c180-43a6-a11a-58912a33bf0b has not seen follower/s 97184ed6-1d8a-4db2-a901-2f2d7f2102ca for 171890ms 7550e15a-2ff9-4e5e-b05d-d9f072bd52cf for 171890ms
2019-09-17 09:52:24,280 [EventQueue-PipelineActionsForPipelineActionHandler] INFO  pipeline.SCMPipelineManager (SCMPipelineManager.java:finalizeAndDestroyPipeline(311)) - destroying pipeline:Pipeline[ Id: ee8ffa2b-24a5-4a82-be78-aade5dcbb6f7, Nodes: bdd5aae1-c180-43a6-a11a-58912a33bf0b{ip: 192.168.34.37, host: pr-hdds-2110-rdjw6-11158954, networkLocation: /default-rack, certSerialId: null}97184ed6-1d8a-4db2-a901-2f2d7f2102ca{ip: 192.168.34.37, host: pr-hdds-2110-rdjw6-11158954, networkLocation: /default-rack, certSerialId: null}7550e15a-2ff9-4e5e-b05d-d9f072bd52cf{ip: 192.168.34.37, host: pr-hdds-2110-rdjw6-11158954, networkLocation: /default-rack, certSerialId: null}, Type:RATIS, Factor:THREE, State:CLOSED]
2019-09-17 09:52:24,297 [java.util.concurrent.ThreadPoolExecutor$Worker@6c299a73[State = -1, empty queue]] WARN  server.GrpcLogAppender (GrpcLogAppender.java:timeoutAppendRequest(200)) - bdd5aae1-c180-43a6-a11a-58912a33bf0b@group-AADE5DCBB6F7->97184ed6-1d8a-4db2-a901-2f2d7f2102ca-GrpcLogAppender: appendEntries Timeout, request=bdd5aae1-c180-43a6-a11a-58912a33bf0b->97184ed6-1d8a-4db2-a901-2f2d7f2102ca#82-t1, previous=(t:1, i:13), leaderCommit=8, initializing? false, entries: <empty>
2019-09-17 09:52:24,297 [java.util.concurrent.ThreadPoolExecutor$Worker@3c3e5e28[State = -1, empty queue]] WARN  server.GrpcLogAppender (GrpcLogAppender.java:timeoutAppendRequest(200)) - bdd5aae1-c180-43a6-a11a-58912a33bf0b@group-AADE5DCBB6F7->7550e15a-2ff9-4e5e-b05d-d9f072bd52cf-GrpcLogAppender: appendEntries Timeout, request=bdd5aae1-c180-43a6-a11a-58912a33bf0b->7550e15a-2ff9-4e5e-b05d-d9f072bd52cf#82-t1, previous=(t:1, i:13), leaderCommit=8, initializing? false, entries: <empty>
2019-09-17 09:52:25,304 [grpc-default-executor-2] INFO  client.GrpcClientProtocolClient (GrpcClientProtocolClient.java:onNext(264)) - client-FBF7F1E1319D->7550e15a-2ff9-4e5e-b05d-d9f072bd52cf: receive RaftClientReply:client-FBF7F1E1319D->7550e15a-2ff9-4e5e-b05d-d9f072bd52cf@group-AADE5DCBB6F7, cid=57, FAILED org.apache.ratis.protocol.NotLeaderException: Server 7550e15a-2ff9-4e5e-b05d-d9f072bd52cf@group-AADE5DCBB6F7 is not the leader bdd5aae1-c180-43a6-a11a-58912a33bf0b:192.168.34.37:44158, logIndex=0, commits[7550e15a-2ff9-4e5e-b05d-d9f072bd52cf:c8, bdd5aae1-c180-43a6-a11a-58912a33bf0b:c8, 97184ed6-1d8a-4db2-a901-2f2d7f2102ca:c8]
2019-09-17 09:52:26,298 [org.apache.ratis.server.impl.LogAppender$AppenderDaemon$$Lambda$490/1425097048@5f4786ad] ERROR ratis.XceiverServerRatis (XceiverServerRatis.java:triggerPipelineClose(568)) - pipeline Action CLOSE  on pipeline PipelineID=ee8ffa2b-24a5-4a82-be78-aade5dcbb6f7.Reason : bdd5aae1-c180-43a6-a11a-58912a33bf0b has not seen follower/s 97184ed6-1d8a-4db2-a901-2f2d7f2102ca for 174390ms 7550e15a-2ff9-4e5e-b05d-d9f072bd52cf for 174390ms
2019-09-17 09:52:26,299 [org.apache.ratis.server.impl.LogAppender$AppenderDaemon$$Lambda$490/1425097048@2486df5c] ERROR ratis.XceiverServerRatis (XceiverServerRatis.java:triggerPipelineClose(568)) - pipeline Action CLOSE  on pipeline PipelineID=ee8ffa2b-24a5-4a82-be78-aade5dcbb6f7.Reason : bdd5aae1-c180-43a6-a11a-58912a33bf0b has not seen follower/s 97184ed6-1d8a-4db2-a901-2f2d7f2102ca for 174391ms 7550e15a-2ff9-4e5e-b05d-d9f072bd52cf for 174391ms
2019-09-17 09:52:26,798 [java.util.concurrent.ThreadPoolExecutor$Worker@6c299a73[State = -1, empty queue]] WARN  server.GrpcLogAppender (GrpcLogAppender.java:timeoutAppendRequest(200)) - bdd5aae1-c180-43a6-a11a-58912a33bf0b@group-AADE5DCBB6F7->97184ed6-1d8a-4db2-a901-2f2d7f2102ca-GrpcLogAppender: appendEntries Timeout, request=bdd5aae1-c180-43a6-a11a-58912a33bf0b->97184ed6-1d8a-4db2-a901-2f2d7f2102ca#83-t1, previous=(t:1, i:13), leaderCommit=8, initializing? false, entries: <empty>
2019-09-17 09:52:26,798 [java.util.concurrent.ThreadPoolExecutor$Worker@3c3e5e28[State = -1, empty queue]] WARN  server.GrpcLogAppender (GrpcLogAppender.java:timeoutAppendRequest(200)) - bdd5aae1-c180-43a6-a11a-58912a33bf0b@group-AADE5DCBB6F7->7550e15a-2ff9-4e5e-b05d-d9f072bd52cf-GrpcLogAppender: appendEntries Timeout, request=bdd5aae1-c180-43a6-a11a-58912a33bf0b->7550e15a-2ff9-4e5e-b05d-d9f072bd52cf#83-t1, previous=(t:1, i:13), leaderCommit=8, initializing? false, entries: <empty>
2019-09-17 09:52:27,277 [EventQueue-PipelineActionsForPipelineActionHandler] ERROR pipeline.PipelineActionHandler (PipelineActionHandler.java:onMessage(60)) - Received pipeline action CLOSE for Pipeline[ Id: ee8ffa2b-24a5-4a82-be78-aade5dcbb6f7, Nodes: bdd5aae1-c180-43a6-a11a-58912a33bf0b{ip: 192.168.34.37, host: pr-hdds-2110-rdjw6-11158954, networkLocation: /default-rack, certSerialId: null}97184ed6-1d8a-4db2-a901-2f2d7f2102ca{ip: 192.168.34.37, host: pr-hdds-2110-rdjw6-11158954, networkLocation: /default-rack, certSerialId: null}7550e15a-2ff9-4e5e-b05d-d9f072bd52cf{ip: 192.168.34.37, host: pr-hdds-2110-rdjw6-11158954, networkLocation: /default-rack, certSerialId: null}, Type:RATIS, Factor:THREE, State:CLOSED] from datanode bdd5aae1-c180-43a6-a11a-58912a33bf0b{ip: 192.168.34.37, host: pr-hdds-2110-rdjw6-11158954, networkLocation: /default-rack, certSerialId: null}. Reason : bdd5aae1-c180-43a6-a11a-58912a33bf0b has not seen follower/s 97184ed6-1d8a-4db2-a901-2f2d7f2102ca for 174390ms 7550e15a-2ff9-4e5e-b05d-d9f072bd52cf for 174390ms
2019-09-17 09:52:27,277 [EventQueue-PipelineActionsForPipelineActionHandler] INFO  pipeline.SCMPipelineManager (SCMPipelineManager.java:finalizeAndDestroyPipeline(311)) - destroying pipeline:Pipeline[ Id: ee8ffa2b-24a5-4a82-be78-aade5dcbb6f7, Nodes: bdd5aae1-c180-43a6-a11a-58912a33bf0b{ip: 192.168.34.37, host: pr-hdds-2110-rdjw6-11158954, networkLocation: /default-rack, certSerialId: null}97184ed6-1d8a-4db2-a901-2f2d7f2102ca{ip: 192.168.34.37, host: pr-hdds-2110-rdjw6-11158954, networkLocation: /default-rack, certSerialId: null}7550e15a-2ff9-4e5e-b05d-d9f072bd52cf{ip: 192.168.34.37, host: pr-hdds-2110-rdjw6-11158954, networkLocation: /default-rack, certSerialId: null}, Type:RATIS, Factor:THREE, State:CLOSED]
2019-09-17 09:52:28,800 [org.apache.ratis.server.impl.LogAppender$AppenderDaemon$$Lambda$490/1425097048@2486df5c] ERROR ratis.XceiverServerRatis (XceiverServerRatis.java:triggerPipelineClose(568)) - pipeline Action CLOSE  on pipeline PipelineID=ee8ffa2b-24a5-4a82-be78-aade5dcbb6f7.Reason : bdd5aae1-c180-43a6-a11a-58912a33bf0b has not seen follower/s 97184ed6-1d8a-4db2-a901-2f2d7f2102ca for 176892ms 7550e15a-2ff9-4e5e-b05d-d9f072bd52cf for 176892ms
2019-09-17 09:52:28,800 [org.apache.ratis.server.impl.LogAppender$AppenderDaemon$$Lambda$490/1425097048@5f4786ad] ERROR ratis.XceiverServerRatis (XceiverServerRatis.java:triggerPipelineClose(568)) - pipeline Action CLOSE  on pipeline PipelineID=ee8ffa2b-24a5-4a82-be78-aade5dcbb6f7.Reason : bdd5aae1-c180-43a6-a11a-58912a33bf0b has not seen follower/s 97184ed6-1d8a-4db2-a901-2f2d7f2102ca for 176892ms 7550e15a-2ff9-4e5e-b05d-d9f072bd52cf for 176892ms
2019-09-17 09:52:29,278 [EventQueue-PipelineActionsForPipelineActionHandler] ERROR pipeline.PipelineActionHandler (PipelineActionHandler.java:onMessage(60)) - Received pipeline action CLOSE for Pipeline[ Id: ee8ffa2b-24a5-4a82-be78-aade5dcbb6f7, Nodes: bdd5aae1-c180-43a6-a11a-58912a33bf0b{ip: 192.168.34.37, host: pr-hdds-2110-rdjw6-11158954, networkLocation: /default-rack, certSerialId: null}97184ed6-1d8a-4db2-a901-2f2d7f2102ca{ip: 192.168.34.37, host: pr-hdds-2110-rdjw6-11158954, networkLocation: /default-rack, certSerialId: null}7550e15a-2ff9-4e5e-b05d-d9f072bd52cf{ip: 192.168.34.37, host: pr-hdds-2110-rdjw6-11158954, networkLocation: /default-rack, certSerialId: null}, Type:RATIS, Factor:THREE, State:CLOSED] from datanode bdd5aae1-c180-43a6-a11a-58912a33bf0b{ip: 192.168.34.37, host: pr-hdds-2110-rdjw6-11158954, networkLocation: /default-rack, certSerialId: null}. Reason : bdd5aae1-c180-43a6-a11a-58912a33bf0b has not seen follower/s 97184ed6-1d8a-4db2-a901-2f2d7f2102ca for 176892ms 7550e15a-2ff9-4e5e-b05d-d9f072bd52cf for 176892ms
2019-09-17 09:52:29,279 [EventQueue-PipelineActionsForPipelineActionHandler] INFO  pipeline.SCMPipelineManager (SCMPipelineManager.java:finalizeAndDestroyPipeline(311)) - destroying pipeline:Pipeline[ Id: ee8ffa2b-24a5-4a82-be78-aade5dcbb6f7, Nodes: bdd5aae1-c180-43a6-a11a-58912a33bf0b{ip: 192.168.34.37, host: pr-hdds-2110-rdjw6-11158954, networkLocation: /default-rack, certSerialId: null}97184ed6-1d8a-4db2-a901-2f2d7f2102ca{ip: 192.168.34.37, host: pr-hdds-2110-rdjw6-11158954, networkLocation: /default-rack, certSerialId: null}7550e15a-2ff9-4e5e-b05d-d9f072bd52cf{ip: 192.168.34.37, host: pr-hdds-2110-rdjw6-11158954, networkLocation: /default-rack, certSerialId: null}, Type:RATIS, Factor:THREE, State:CLOSED]
2019-09-17 09:52:29,298 [java.util.concurrent.ThreadPoolExecutor$Worker@6c299a73[State = -1, empty queue]] WARN  server.GrpcLogAppender (GrpcLogAppender.java:timeoutAppendRequest(200)) - bdd5aae1-c180-43a6-a11a-58912a33bf0b@group-AADE5DCBB6F7->97184ed6-1d8a-4db2-a901-2f2d7f2102ca-GrpcLogAppender: appendEntries Timeout, request=bdd5aae1-c180-43a6-a11a-58912a33bf0b->97184ed6-1d8a-4db2-a901-2f2d7f2102ca#84-t1, previous=(t:1, i:13), leaderCommit=8, initializing? false, entries: <empty>
2019-09-17 09:52:29,299 [java.util.concurrent.ThreadPoolExecutor$Worker@3c3e5e28[State = -1, empty queue]] WARN  server.GrpcLogAppender (GrpcLogAppender.java:timeoutAppendRequest(200)) - bdd5aae1-c180-43a6-a11a-58912a33bf0b@group-AADE5DCBB6F7->7550e15a-2ff9-4e5e-b05d-d9f072bd52cf-GrpcLogAppender: appendEntries Timeout, request=bdd5aae1-c180-43a6-a11a-58912a33bf0b->7550e15a-2ff9-4e5e-b05d-d9f072bd52cf#84-t1, previous=(t:1, i:13), leaderCommit=8, initializing? false, entries: <empty>
2019-09-17 09:52:30,348 [grpc-default-executor-7] INFO  client.GrpcClientProtocolClient (GrpcClientProtocolClient.java:onNext(264)) - client-FBF7F1E1319D->7550e15a-2ff9-4e5e-b05d-d9f072bd52cf: receive RaftClientReply:client-FBF7F1E1319D->7550e15a-2ff9-4e5e-b05d-d9f072bd52cf@group-AADE5DCBB6F7, cid=57, FAILED org.apache.ratis.protocol.NotLeaderException: Server 7550e15a-2ff9-4e5e-b05d-d9f072bd52cf@group-AADE5DCBB6F7 is not the leader bdd5aae1-c180-43a6-a11a-58912a33bf0b:192.168.34.37:44158, logIndex=0, commits[7550e15a-2ff9-4e5e-b05d-d9f072bd52cf:c8, bdd5aae1-c180-43a6-a11a-58912a33bf0b:c8, 97184ed6-1d8a-4db2-a901-2f2d7f2102ca:c8]
2019-09-17 09:52:31,300 [org.apache.ratis.server.impl.LogAppender$AppenderDaemon$$Lambda$490/1425097048@5f4786ad] ERROR ratis.XceiverServerRatis (XceiverServerRatis.java:triggerPipelineClose(568)) - pipeline Action CLOSE  on pipeline PipelineID=ee8ffa2b-24a5-4a82-be78-aade5dcbb6f7.Reason : bdd5aae1-c180-43a6-a11a-58912a33bf0b has not seen follower/s 97184ed6-1d8a-4db2-a901-2f2d7f2102ca for 179392ms 7550e15a-2ff9-4e5e-b05d-d9f072bd52cf for 179392ms
2019-09-17 09:52:31,301 [org.apache.ratis.server.impl.LogAppender$AppenderDaemon$$Lambda$490/1425097048@2486df5c] ERROR ratis.XceiverServerRatis (XceiverServerRatis.java:triggerPipelineClose(568)) - pipeline Action CLOSE  on pipeline PipelineID=ee8ffa2b-24a5-4a82-be78-aade5dcbb6f7.Reason : bdd5aae1-c180-43a6-a11a-58912a33bf0b has not seen follower/s 97184ed6-1d8a-4db2-a901-2f2d7f2102ca for 179393ms 7550e15a-2ff9-4e5e-b05d-d9f072bd52cf for 179393ms
2019-09-17 09:52:31,800 [java.util.concurrent.ThreadPoolExecutor$Worker@6c299a73[State = -1, empty queue]] WARN  server.GrpcLogAppender (GrpcLogAppender.java:timeoutAppendRequest(200)) - bdd5aae1-c180-43a6-a11a-58912a33bf0b@group-AADE5DCBB6F7->97184ed6-1d8a-4db2-a901-2f2d7f2102ca-GrpcLogAppender: appendEntries Timeout, request=bdd5aae1-c180-43a6-a11a-58912a33bf0b->97184ed6-1d8a-4db2-a901-2f2d7f2102ca#85-t1, previous=(t:1, i:13), leaderCommit=8, initializing? false, entries: <empty>
2019-09-17 09:52:31,800 [java.util.concurrent.ThreadPoolExecutor$Worker@3c3e5e28[State = -1, empty queue]] WARN  server.GrpcLogAppender (GrpcLogAppender.java:timeoutAppendRequest(200)) - bdd5aae1-c180-43a6-a11a-58912a33bf0b@group-AADE5DCBB6F7->7550e15a-2ff9-4e5e-b05d-d9f072bd52cf-GrpcLogAppender: appendEntries Timeout, request=bdd5aae1-c180-43a6-a11a-58912a33bf0b->7550e15a-2ff9-4e5e-b05d-d9f072bd52cf#85-t1, previous=(t:1, i:13), leaderCommit=8, initializing? false, entries: <empty>
2019-09-17 09:52:32,277 [EventQueue-PipelineActionsForPipelineActionHandler] ERROR pipeline.PipelineActionHandler (PipelineActionHandler.java:onMessage(60)) - Received pipeline action CLOSE for Pipeline[ Id: ee8ffa2b-24a5-4a82-be78-aade5dcbb6f7, Nodes: bdd5aae1-c180-43a6-a11a-58912a33bf0b{ip: 192.168.34.37, host: pr-hdds-2110-rdjw6-11158954, networkLocation: /default-rack, certSerialId: null}97184ed6-1d8a-4db2-a901-2f2d7f2102ca{ip: 192.168.34.37, host: pr-hdds-2110-rdjw6-11158954, networkLocation: /default-rack, certSerialId: null}7550e15a-2ff9-4e5e-b05d-d9f072bd52cf{ip: 192.168.34.37, host: pr-hdds-2110-rdjw6-11158954, networkLocation: /default-rack, certSerialId: null}, Type:RATIS, Factor:THREE, State:CLOSED] from datanode bdd5aae1-c180-43a6-a11a-58912a33bf0b{ip: 192.168.34.37, host: pr-hdds-2110-rdjw6-11158954, networkLocation: /default-rack, certSerialId: null}. Reason : bdd5aae1-c180-43a6-a11a-58912a33bf0b has not seen follower/s 97184ed6-1d8a-4db2-a901-2f2d7f2102ca for 179392ms 7550e15a-2ff9-4e5e-b05d-d9f072bd52cf for 179392ms
2019-09-17 09:52:32,278 [EventQueue-PipelineActionsForPipelineActionHandler] INFO  pipeline.SCMPipelineManager (SCMPipelineManager.java:finalizeAndDestroyPipeline(311)) - destroying pipeline:Pipeline[ Id: ee8ffa2b-24a5-4a82-be78-aade5dcbb6f7, Nodes: bdd5aae1-c180-43a6-a11a-58912a33bf0b{ip: 192.168.34.37, host: pr-hdds-2110-rdjw6-11158954, networkLocation: /default-rack, certSerialId: null}97184ed6-1d8a-4db2-a901-2f2d7f2102ca{ip: 192.168.34.37, host: pr-hdds-2110-rdjw6-11158954, networkLocation: /default-rack, certSerialId: null}7550e15a-2ff9-4e5e-b05d-d9f072bd52cf{ip: 192.168.34.37, host: pr-hdds-2110-rdjw6-11158954, networkLocation: /default-rack, certSerialId: null}, Type:RATIS, Factor:THREE, State:CLOSED]
2019-09-17 09:52:33,111 [bdd5aae1-c180-43a6-a11a-58912a33bf0b@group-AADE5DCBB6F7-SegmentedRaftLogWorker] WARN  segmented.SegmentedRaftLogWorker (SegmentedRaftLogWorker.java:getFromFuture(90)) - Timeout 17/~
org.apache.ratis.protocol.TimeoutIOException: Timeout 10s: WriteLog:9: (t:1, i:9), STATEMACHINELOGENTRY, client-FBF7F1E1319D, cid=57-writeStateMachineData
	at org.apache.ratis.util.IOUtils.getFromFuture(IOUtils.java:87)
	at org.apache.ratis.server.raftlog.segmented.SegmentedRaftLogWorker$StateMachineDataPolicy.getFromFuture(SegmentedRaftLogWorker.java:87)
	at org.apache.ratis.server.raftlog.segmented.SegmentedRaftLogWorker$WriteLog.execute(SegmentedRaftLogWorker.java:477)
	at org.apache.ratis.server.raftlog.segmented.SegmentedRaftLogWorker.run(SegmentedRaftLogWorker.java:289)
	at java.lang.Thread.run(Thread.java:748)
Caused by: java.util.concurrent.TimeoutException
	at java.util.concurrent.CompletableFuture.timedGet(CompletableFuture.java:1771)
	at java.util.concurrent.CompletableFuture.get(CompletableFuture.java:1915)
	at org.apache.ratis.util.IOUtils.getFromFuture(IOUtils.java:79)
	... 4 more
2019-09-17 09:52:33,154 [7550e15a-2ff9-4e5e-b05d-d9f072bd52cf@group-AADE5DCBB6F7-SegmentedRaftLogWorker] WARN  segmented.SegmentedRaftLogWorker (SegmentedRaftLogWorker.java:getFromFuture(90)) - Timeout 17/~
org.apache.ratis.protocol.TimeoutIOException: Timeout 10s: WriteLog:9: (t:1, i:9), STATEMACHINELOGENTRY, client-FBF7F1E1319D, cid=57-writeStateMachineData
	at org.apache.ratis.util.IOUtils.getFromFuture(IOUtils.java:87)
	at org.apache.ratis.server.raftlog.segmented.SegmentedRaftLogWorker$StateMachineDataPolicy.getFromFuture(SegmentedRaftLogWorker.java:87)
	at org.apache.ratis.server.raftlog.segmented.SegmentedRaftLogWorker$WriteLog.execute(SegmentedRaftLogWorker.java:477)
	at org.apache.ratis.server.raftlog.segmented.SegmentedRaftLogWorker.run(SegmentedRaftLogWorker.java:289)
	at java.lang.Thread.run(Thread.java:748)
Caused by: java.util.concurrent.TimeoutException
	at java.util.concurrent.CompletableFuture.timedGet(CompletableFuture.java:1771)
	at java.util.concurrent.CompletableFuture.get(CompletableFuture.java:1915)
	at org.apache.ratis.util.IOUtils.getFromFuture(IOUtils.java:79)
	... 4 more
2019-09-17 09:52:33,155 [97184ed6-1d8a-4db2-a901-2f2d7f2102ca@group-AADE5DCBB6F7-SegmentedRaftLogWorker] WARN  segmented.SegmentedRaftLogWorker (SegmentedRaftLogWorker.java:getFromFuture(90)) - Timeout 17/~
org.apache.ratis.protocol.TimeoutIOException: Timeout 10s: WriteLog:9: (t:1, i:9), STATEMACHINELOGENTRY, client-FBF7F1E1319D, cid=57-writeStateMachineData
	at org.apache.ratis.util.IOUtils.getFromFuture(IOUtils.java:87)
	at org.apache.ratis.server.raftlog.segmented.SegmentedRaftLogWorker$StateMachineDataPolicy.getFromFuture(SegmentedRaftLogWorker.java:87)
	at org.apache.ratis.server.raftlog.segmented.SegmentedRaftLogWorker$WriteLog.execute(SegmentedRaftLogWorker.java:477)
	at org.apache.ratis.server.raftlog.segmented.SegmentedRaftLogWorker.run(SegmentedRaftLogWorker.java:289)
	at java.lang.Thread.run(Thread.java:748)
Caused by: java.util.concurrent.TimeoutException
	at java.util.concurrent.CompletableFuture.timedGet(CompletableFuture.java:1771)
	at java.util.concurrent.CompletableFuture.get(CompletableFuture.java:1915)
	at org.apache.ratis.util.IOUtils.getFromFuture(IOUtils.java:79)
	... 4 more
2019-09-17 09:52:33,801 [org.apache.ratis.server.impl.LogAppender$AppenderDaemon$$Lambda$490/1425097048@5f4786ad] ERROR ratis.XceiverServerRatis (XceiverServerRatis.java:triggerPipelineClose(568)) - pipeline Action CLOSE  on pipeline PipelineID=ee8ffa2b-24a5-4a82-be78-aade5dcbb6f7.Reason : bdd5aae1-c180-43a6-a11a-58912a33bf0b has not seen follower/s 97184ed6-1d8a-4db2-a901-2f2d7f2102ca for 181893ms 7550e15a-2ff9-4e5e-b05d-d9f072bd52cf for 181893ms
2019-09-17 09:52:33,801 [org.apache.ratis.server.impl.LogAppender$AppenderDaemon$$Lambda$490/1425097048@2486df5c] ERROR ratis.XceiverServerRatis (XceiverServerRatis.java:triggerPipelineClose(568)) - pipeline Action CLOSE  on pipeline PipelineID=ee8ffa2b-24a5-4a82-be78-aade5dcbb6f7.Reason : bdd5aae1-c180-43a6-a11a-58912a33bf0b has not seen follower/s 97184ed6-1d8a-4db2-a901-2f2d7f2102ca for 181893ms 7550e15a-2ff9-4e5e-b05d-d9f072bd52cf for 181893ms
2019-09-17 09:52:34,278 [EventQueue-PipelineActionsForPipelineActionHandler] ERROR pipeline.PipelineActionHandler (PipelineActionHandler.java:onMessage(60)) - Received pipeline action CLOSE for Pipeline[ Id: ee8ffa2b-24a5-4a82-be78-aade5dcbb6f7, Nodes: bdd5aae1-c180-43a6-a11a-58912a33bf0b{ip: 192.168.34.37, host: pr-hdds-2110-rdjw6-11158954, networkLocation: /default-rack, certSerialId: null}97184ed6-1d8a-4db2-a901-2f2d7f2102ca{ip: 192.168.34.37, host: pr-hdds-2110-rdjw6-11158954, networkLocation: /default-rack, certSerialId: null}7550e15a-2ff9-4e5e-b05d-d9f072bd52cf{ip: 192.168.34.37, host: pr-hdds-2110-rdjw6-11158954, networkLocation: /default-rack, certSerialId: null}, Type:RATIS, Factor:THREE, State:CLOSED] from datanode bdd5aae1-c180-43a6-a11a-58912a33bf0b{ip: 192.168.34.37, host: pr-hdds-2110-rdjw6-11158954, networkLocation: /default-rack, certSerialId: null}. Reason : bdd5aae1-c180-43a6-a11a-58912a33bf0b has not seen follower/s 97184ed6-1d8a-4db2-a901-2f2d7f2102ca for 181893ms 7550e15a-2ff9-4e5e-b05d-d9f072bd52cf for 181893ms
2019-09-17 09:52:34,278 [EventQueue-PipelineActionsForPipelineActionHandler] INFO  pipeline.SCMPipelineManager (SCMPipelineManager.java:finalizeAndDestroyPipeline(311)) - destroying pipeline:Pipeline[ Id: ee8ffa2b-24a5-4a82-be78-aade5dcbb6f7, Nodes: bdd5aae1-c180-43a6-a11a-58912a33bf0b{ip: 192.168.34.37, host: pr-hdds-2110-rdjw6-11158954, networkLocation: /default-rack, certSerialId: null}97184ed6-1d8a-4db2-a901-2f2d7f2102ca{ip: 192.168.34.37, host: pr-hdds-2110-rdjw6-11158954, networkLocation: /default-rack, certSerialId: null}7550e15a-2ff9-4e5e-b05d-d9f072bd52cf{ip: 192.168.34.37, host: pr-hdds-2110-rdjw6-11158954, networkLocation: /default-rack, certSerialId: null}, Type:RATIS, Factor:THREE, State:CLOSED]
2019-09-17 09:52:34,300 [java.util.concurrent.ThreadPoolExecutor$Worker@6c299a73[State = -1, empty queue]] WARN  server.GrpcLogAppender (GrpcLogAppender.java:timeoutAppendRequest(200)) - bdd5aae1-c180-43a6-a11a-58912a33bf0b@group-AADE5DCBB6F7->97184ed6-1d8a-4db2-a901-2f2d7f2102ca-GrpcLogAppender: appendEntries Timeout, request=bdd5aae1-c180-43a6-a11a-58912a33bf0b->97184ed6-1d8a-4db2-a901-2f2d7f2102ca#86-t1, previous=(t:1, i:13), leaderCommit=8, initializing? false, entries: <empty>
2019-09-17 09:52:34,301 [java.util.concurrent.ThreadPoolExecutor$Worker@3c3e5e28[State = -1, empty queue]] WARN  server.GrpcLogAppender (GrpcLogAppender.java:timeoutAppendRequest(200)) - bdd5aae1-c180-43a6-a11a-58912a33bf0b@group-AADE5DCBB6F7->7550e15a-2ff9-4e5e-b05d-d9f072bd52cf-GrpcLogAppender: appendEntries Timeout, request=bdd5aae1-c180-43a6-a11a-58912a33bf0b->7550e15a-2ff9-4e5e-b05d-d9f072bd52cf#86-t1, previous=(t:1, i:13), leaderCommit=8, initializing? false, entries: <empty>
2019-09-17 09:52:35,394 [grpc-default-executor-7] INFO  client.GrpcClientProtocolClient (GrpcClientProtocolClient.java:onNext(264)) - client-FBF7F1E1319D->7550e15a-2ff9-4e5e-b05d-d9f072bd52cf: receive RaftClientReply:client-FBF7F1E1319D->7550e15a-2ff9-4e5e-b05d-d9f072bd52cf@group-AADE5DCBB6F7, cid=57, FAILED org.apache.ratis.protocol.NotLeaderException: Server 7550e15a-2ff9-4e5e-b05d-d9f072bd52cf@group-AADE5DCBB6F7 is not the leader bdd5aae1-c180-43a6-a11a-58912a33bf0b:192.168.34.37:44158, logIndex=0, commits[7550e15a-2ff9-4e5e-b05d-d9f072bd52cf:c8, bdd5aae1-c180-43a6-a11a-58912a33bf0b:c8, 97184ed6-1d8a-4db2-a901-2f2d7f2102ca:c8]
2019-09-17 09:52:36,302 [org.apache.ratis.server.impl.LogAppender$AppenderDaemon$$Lambda$490/1425097048@2486df5c] ERROR ratis.XceiverServerRatis (XceiverServerRatis.java:triggerPipelineClose(568)) - pipeline Action CLOSE  on pipeline PipelineID=ee8ffa2b-24a5-4a82-be78-aade5dcbb6f7.Reason : bdd5aae1-c180-43a6-a11a-58912a33bf0b has not seen follower/s 97184ed6-1d8a-4db2-a901-2f2d7f2102ca for 184394ms 7550e15a-2ff9-4e5e-b05d-d9f072bd52cf for 184394ms
2019-09-17 09:52:36,302 [org.apache.ratis.server.impl.LogAppender$AppenderDaemon$$Lambda$490/1425097048@5f4786ad] ERROR ratis.XceiverServerRatis (XceiverServerRatis.java:triggerPipelineClose(568)) - pipeline Action CLOSE  on pipeline PipelineID=ee8ffa2b-24a5-4a82-be78-aade5dcbb6f7.Reason : bdd5aae1-c180-43a6-a11a-58912a33bf0b has not seen follower/s 97184ed6-1d8a-4db2-a901-2f2d7f2102ca for 184394ms 7550e15a-2ff9-4e5e-b05d-d9f072bd52cf for 184394ms
2019-09-17 09:52:36,801 [java.util.concurrent.ThreadPoolExecutor$Worker@6c299a73[State = -1, empty queue]] WARN  server.GrpcLogAppender (GrpcLogAppender.java:timeoutAppendRequest(200)) - bdd5aae1-c180-43a6-a11a-58912a33bf0b@group-AADE5DCBB6F7->97184ed6-1d8a-4db2-a901-2f2d7f2102ca-GrpcLogAppender: appendEntries Timeout, request=bdd5aae1-c180-43a6-a11a-58912a33bf0b->97184ed6-1d8a-4db2-a901-2f2d7f2102ca#87-t1, previous=(t:1, i:13), leaderCommit=8, initializing? false, entries: <empty>
2019-09-17 09:52:36,801 [java.util.concurrent.ThreadPoolExecutor$Worker@3c3e5e28[State = -1, empty queue]] WARN  server.GrpcLogAppender (GrpcLogAppender.java:timeoutAppendRequest(200)) - bdd5aae1-c180-43a6-a11a-58912a33bf0b@group-AADE5DCBB6F7->7550e15a-2ff9-4e5e-b05d-d9f072bd52cf-GrpcLogAppender: appendEntries Timeout, request=bdd5aae1-c180-43a6-a11a-58912a33bf0b->7550e15a-2ff9-4e5e-b05d-d9f072bd52cf#87-t1, previous=(t:1, i:13), leaderCommit=8, initializing? false, entries: <empty>
2019-09-17 09:52:37,279 [EventQueue-PipelineActionsForPipelineActionHandler] ERROR pipeline.PipelineActionHandler (PipelineActionHandler.java:onMessage(60)) - Received pipeline action CLOSE for Pipeline[ Id: ee8ffa2b-24a5-4a82-be78-aade5dcbb6f7, Nodes: bdd5aae1-c180-43a6-a11a-58912a33bf0b{ip: 192.168.34.37, host: pr-hdds-2110-rdjw6-11158954, networkLocation: /default-rack, certSerialId: null}97184ed6-1d8a-4db2-a901-2f2d7f2102ca{ip: 192.168.34.37, host: pr-hdds-2110-rdjw6-11158954, networkLocation: /default-rack, certSerialId: null}7550e15a-2ff9-4e5e-b05d-d9f072bd52cf{ip: 192.168.34.37, host: pr-hdds-2110-rdjw6-11158954, networkLocation: /default-rack, certSerialId: null}, Type:RATIS, Factor:THREE, State:CLOSED] from datanode bdd5aae1-c180-43a6-a11a-58912a33bf0b{ip: 192.168.34.37, host: pr-hdds-2110-rdjw6-11158954, networkLocation: /default-rack, certSerialId: null}. Reason : bdd5aae1-c180-43a6-a11a-58912a33bf0b has not seen follower/s 97184ed6-1d8a-4db2-a901-2f2d7f2102ca for 184394ms 7550e15a-2ff9-4e5e-b05d-d9f072bd52cf for 184394ms
2019-09-17 09:52:37,279 [EventQueue-PipelineActionsForPipelineActionHandler] INFO  pipeline.SCMPipelineManager (SCMPipelineManager.java:finalizeAndDestroyPipeline(311)) - destroying pipeline:Pipeline[ Id: ee8ffa2b-24a5-4a82-be78-aade5dcbb6f7, Nodes: bdd5aae1-c180-43a6-a11a-58912a33bf0b{ip: 192.168.34.37, host: pr-hdds-2110-rdjw6-11158954, networkLocation: /default-rack, certSerialId: null}97184ed6-1d8a-4db2-a901-2f2d7f2102ca{ip: 192.168.34.37, host: pr-hdds-2110-rdjw6-11158954, networkLocation: /default-rack, certSerialId: null}7550e15a-2ff9-4e5e-b05d-d9f072bd52cf{ip: 192.168.34.37, host: pr-hdds-2110-rdjw6-11158954, networkLocation: /default-rack, certSerialId: null}, Type:RATIS, Factor:THREE, State:CLOSED]
2019-09-17 09:52:38,803 [org.apache.ratis.server.impl.LogAppender$AppenderDaemon$$Lambda$490/1425097048@2486df5c] ERROR ratis.XceiverServerRatis (XceiverServerRatis.java:triggerPipelineClose(568)) - pipeline Action CLOSE  on pipeline PipelineID=ee8ffa2b-24a5-4a82-be78-aade5dcbb6f7.Reason : bdd5aae1-c180-43a6-a11a-58912a33bf0b has not seen follower/s 97184ed6-1d8a-4db2-a901-2f2d7f2102ca for 186895ms 7550e15a-2ff9-4e5e-b05d-d9f072bd52cf for 186895ms
2019-09-17 09:52:38,803 [org.apache.ratis.server.impl.LogAppender$AppenderDaemon$$Lambda$490/1425097048@5f4786ad] ERROR ratis.XceiverServerRatis (XceiverServerRatis.java:triggerPipelineClose(568)) - pipeline Action CLOSE  on pipeline PipelineID=ee8ffa2b-24a5-4a82-be78-aade5dcbb6f7.Reason : bdd5aae1-c180-43a6-a11a-58912a33bf0b has not seen follower/s 97184ed6-1d8a-4db2-a901-2f2d7f2102ca for 186895ms 7550e15a-2ff9-4e5e-b05d-d9f072bd52cf for 186895ms
2019-09-17 09:52:39,261 [grpc-default-executor-3] INFO  impl.RaftServerProxy (RaftServerProxy.java:remove(95)) - bdd5aae1-c180-43a6-a11a-58912a33bf0b: remove    LEADER bdd5aae1-c180-43a6-a11a-58912a33bf0b@group-AADE5DCBB6F7:t1, leader=bdd5aae1-c180-43a6-a11a-58912a33bf0b, voted=bdd5aae1-c180-43a6-a11a-58912a33bf0b, raftlog=bdd5aae1-c180-43a6-a11a-58912a33bf0b@group-AADE5DCBB6F7-SegmentedRaftLog:OPENED:c8,f8,i13, conf=0: [bdd5aae1-c180-43a6-a11a-58912a33bf0b:192.168.34.37:44158, 97184ed6-1d8a-4db2-a901-2f2d7f2102ca:192.168.34.37:40198, 7550e15a-2ff9-4e5e-b05d-d9f072bd52cf:192.168.34.37:41606], old=null RUNNING
2019-09-17 09:52:39,262 [grpc-default-executor-3] INFO  impl.RaftServerImpl (RaftServerImpl.java:lambda$shutdown$3(251)) - bdd5aae1-c180-43a6-a11a-58912a33bf0b@group-AADE5DCBB6F7: shutdown
2019-09-17 09:52:39,263 [grpc-default-executor-3] INFO  util.JmxRegister (JmxRegister.java:unregister(73)) - Successfully un-registered JMX Bean with object name Ratis:service=RaftServer,group=group-AADE5DCBB6F7,id=bdd5aae1-c180-43a6-a11a-58912a33bf0b
2019-09-17 09:52:39,263 [grpc-default-executor-3] INFO  impl.RoleInfo (RoleInfo.java:shutdownLeaderState(104)) - bdd5aae1-c180-43a6-a11a-58912a33bf0b: shutdown LeaderState
2019-09-17 09:52:39,273 [grpc-default-executor-3] INFO  impl.PendingRequests (PendingRequests.java:sendNotLeaderResponses(202)) - bdd5aae1-c180-43a6-a11a-58912a33bf0b-PendingRequests: sendNotLeaderResponses
2019-09-17 09:52:39,273 [org.apache.ratis.server.impl.LogAppender$AppenderDaemon$$Lambda$490/1425097048@5f4786ad] WARN  server.GrpcLogAppender (GrpcLogAppender.java:mayWait(143)) - bdd5aae1-c180-43a6-a11a-58912a33bf0b@group-AADE5DCBB6F7->97184ed6-1d8a-4db2-a901-2f2d7f2102ca-GrpcLogAppender: Wait interrupted by java.lang.InterruptedException
2019-09-17 09:52:39,273 [org.apache.ratis.server.impl.LogAppender$AppenderDaemon$$Lambda$490/1425097048@2486df5c] WARN  server.GrpcLogAppender (GrpcLogAppender.java:mayWait(143)) - bdd5aae1-c180-43a6-a11a-58912a33bf0b@group-AADE5DCBB6F7->7550e15a-2ff9-4e5e-b05d-d9f072bd52cf-GrpcLogAppender: Wait interrupted by java.lang.InterruptedException
2019-09-17 09:52:39,274 [grpc-default-executor-2] INFO  server.GrpcServerProtocolService (GrpcServerProtocolService.java:onCompleted(113)) - 7550e15a-2ff9-4e5e-b05d-d9f072bd52cf: Completed APPEND_ENTRIES, lastRequest: bdd5aae1-c180-43a6-a11a-58912a33bf0b->7550e15a-2ff9-4e5e-b05d-d9f072bd52cf#89-t1, previous=(t:1, i:13), leaderCommit=8, initializing? false, entries: <empty>
2019-09-17 09:52:39,274 [grpc-default-executor-7] INFO  server.GrpcServerProtocolService (GrpcServerProtocolService.java:onCompleted(113)) - 97184ed6-1d8a-4db2-a901-2f2d7f2102ca: Completed APPEND_ENTRIES, lastRequest: bdd5aae1-c180-43a6-a11a-58912a33bf0b->97184ed6-1d8a-4db2-a901-2f2d7f2102ca#89-t1, previous=(t:1, i:13), leaderCommit=8, initializing? false, entries: <empty>
2019-09-17 09:52:39,280 [grpc-default-executor-2] INFO  server.GrpcLogAppender (GrpcLogAppender.java:onCompleted(293)) - bdd5aae1-c180-43a6-a11a-58912a33bf0b@group-AADE5DCBB6F7->97184ed6-1d8a-4db2-a901-2f2d7f2102ca-AppendLogResponseHandler: follower responses appendEntries COMPLETED
2019-09-17 09:52:39,280 [grpc-default-executor-3] INFO  impl.StateMachineUpdater (StateMachineUpdater.java:stopAndJoin(125)) - bdd5aae1-c180-43a6-a11a-58912a33bf0b@group-AADE5DCBB6F7-StateMachineUpdater: set stopIndex = 8
2019-09-17 09:52:39,280 [grpc-default-executor-7] INFO  server.GrpcLogAppender (GrpcLogAppender.java:onCompleted(293)) - bdd5aae1-c180-43a6-a11a-58912a33bf0b@group-AADE5DCBB6F7->7550e15a-2ff9-4e5e-b05d-d9f072bd52cf-AppendLogResponseHandler: follower responses appendEntries COMPLETED
2019-09-17 09:52:39,280 [bdd5aae1-c180-43a6-a11a-58912a33bf0b@group-AADE5DCBB6F7-StateMachineUpdater] INFO  ratis.ContainerStateMachine (ContainerStateMachine.java:takeSnapshot(289)) - group-AADE5DCBB6F7: Taking a snapshot at:(t:1, i:8) file /workdir/hadoop-ozone/integration-test/target/test-dir/MiniOzoneClusterImpl-c52a4728-c2c3-43f5-b549-fba1d53ae1f5/datanode-4/data/ratis/ee8ffa2b-24a5-4a82-be78-aade5dcbb6f7/sm/snapshot.1_8
2019-09-17 09:52:39,286 [grpc-default-executor-2] INFO  impl.FollowerInfo (FollowerInfo.java:lambda$new$0(51)) - bdd5aae1-c180-43a6-a11a-58912a33bf0b@group-AADE5DCBB6F7->97184ed6-1d8a-4db2-a901-2f2d7f2102ca: nextIndex: updateUnconditionally 14 -> 9
2019-09-17 09:52:39,286 [grpc-default-executor-7] INFO  impl.FollowerInfo (FollowerInfo.java:lambda$new$0(51)) - bdd5aae1-c180-43a6-a11a-58912a33bf0b@group-AADE5DCBB6F7->7550e15a-2ff9-4e5e-b05d-d9f072bd52cf: nextIndex: updateUnconditionally 14 -> 9
2019-09-17 09:52:39,286 [EventQueue-PipelineActionsForPipelineActionHandler] ERROR pipeline.PipelineActionHandler (PipelineActionHandler.java:onMessage(60)) - Received pipeline action CLOSE for Pipeline[ Id: ee8ffa2b-24a5-4a82-be78-aade5dcbb6f7, Nodes: bdd5aae1-c180-43a6-a11a-58912a33bf0b{ip: 192.168.34.37, host: pr-hdds-2110-rdjw6-11158954, networkLocation: /default-rack, certSerialId: null}97184ed6-1d8a-4db2-a901-2f2d7f2102ca{ip: 192.168.34.37, host: pr-hdds-2110-rdjw6-11158954, networkLocation: /default-rack, certSerialId: null}7550e15a-2ff9-4e5e-b05d-d9f072bd52cf{ip: 192.168.34.37, host: pr-hdds-2110-rdjw6-11158954, networkLocation: /default-rack, certSerialId: null}, Type:RATIS, Factor:THREE, State:CLOSED] from datanode bdd5aae1-c180-43a6-a11a-58912a33bf0b{ip: 192.168.34.37, host: pr-hdds-2110-rdjw6-11158954, networkLocation: /default-rack, certSerialId: null}. Reason : bdd5aae1-c180-43a6-a11a-58912a33bf0b has not seen follower/s 97184ed6-1d8a-4db2-a901-2f2d7f2102ca for 186895ms 7550e15a-2ff9-4e5e-b05d-d9f072bd52cf for 186895ms
2019-09-17 09:52:39,287 [EventQueue-PipelineActionsForPipelineActionHandler] INFO  pipeline.SCMPipelineManager (SCMPipelineManager.java:finalizeAndDestroyPipeline(311)) - destroying pipeline:Pipeline[ Id: ee8ffa2b-24a5-4a82-be78-aade5dcbb6f7, Nodes: bdd5aae1-c180-43a6-a11a-58912a33bf0b{ip: 192.168.34.37, host: pr-hdds-2110-rdjw6-11158954, networkLocation: /default-rack, certSerialId: null}97184ed6-1d8a-4db2-a901-2f2d7f2102ca{ip: 192.168.34.37, host: pr-hdds-2110-rdjw6-11158954, networkLocation: /default-rack, certSerialId: null}7550e15a-2ff9-4e5e-b05d-d9f072bd52cf{ip: 192.168.34.37, host: pr-hdds-2110-rdjw6-11158954, networkLocation: /default-rack, certSerialId: null}, Type:RATIS, Factor:THREE, State:CLOSED]
2019-09-17 09:52:39,300 [bdd5aae1-c180-43a6-a11a-58912a33bf0b@group-AADE5DCBB6F7-StateMachineUpdater] INFO  ratis.ContainerStateMachine (ContainerStateMachine.java:takeSnapshot(300)) - group-AADE5DCBB6F7: Finished taking a snapshot at:(t:1, i:8) file:/workdir/hadoop-ozone/integration-test/target/test-dir/MiniOzoneClusterImpl-c52a4728-c2c3-43f5-b549-fba1d53ae1f5/datanode-4/data/ratis/ee8ffa2b-24a5-4a82-be78-aade5dcbb6f7/sm/snapshot.1_8 time:20
2019-09-17 09:52:39,300 [bdd5aae1-c180-43a6-a11a-58912a33bf0b@group-AADE5DCBB6F7-StateMachineUpdater] INFO  impl.StateMachineUpdater (StateMachineUpdater.java:takeSnapshot(258)) - bdd5aae1-c180-43a6-a11a-58912a33bf0b@group-AADE5DCBB6F7-StateMachineUpdater: Took a snapshot at index 8
2019-09-17 09:52:39,301 [bdd5aae1-c180-43a6-a11a-58912a33bf0b@group-AADE5DCBB6F7-StateMachineUpdater] INFO  impl.StateMachineUpdater (StateMachineUpdater.java:lambda$new$0(83)) - bdd5aae1-c180-43a6-a11a-58912a33bf0b@group-AADE5DCBB6F7-StateMachineUpdater: snapshotIndex: updateIncreasingly -1 -> 8
2019-09-17 09:52:39,301 [Command processor thread] ERROR commandhandler.CloseContainerCommandHandler (CloseContainerCommandHandler.java:handle(125)) - Can't close container #8
java.io.IOException: org.apache.ratis.protocol.GroupMismatchException: bdd5aae1-c180-43a6-a11a-58912a33bf0b: group-AADE5DCBB6F7 not found.
	at org.apache.hadoop.ozone.container.common.transport.server.ratis.XceiverServerRatis.submitRequest(XceiverServerRatis.java:495)
	at org.apache.hadoop.ozone.container.common.statemachine.commandhandler.CloseContainerCommandHandler.handle(CloseContainerCommandHandler.java:102)
	at org.apache.hadoop.ozone.container.common.statemachine.commandhandler.CommandDispatcher.handle(CommandDispatcher.java:99)
	at org.apache.hadoop.ozone.container.common.statemachine.DatanodeStateMachine.lambda$initCommandHandlerThread$1(DatanodeStateMachine.java:432)
	at java.lang.Thread.run(Thread.java:748)
Caused by: java.util.concurrent.ExecutionException: org.apache.ratis.protocol.GroupMismatchException: bdd5aae1-c180-43a6-a11a-58912a33bf0b: group-AADE5DCBB6F7 not found.
	at java.util.concurrent.CompletableFuture.reportGet(CompletableFuture.java:357)
	at java.util.concurrent.CompletableFuture.get(CompletableFuture.java:1895)
	at org.apache.hadoop.ozone.container.common.transport.server.ratis.XceiverServerRatis.submitRequest(XceiverServerRatis.java:493)
	... 4 more
Caused by: org.apache.ratis.protocol.GroupMismatchException: bdd5aae1-c180-43a6-a11a-58912a33bf0b: group-AADE5DCBB6F7 not found.
	at org.apache.ratis.server.impl.RaftServerProxy$ImplMap.get(RaftServerProxy.java:122)
	at org.apache.ratis.server.impl.RaftServerProxy.getImplFuture(RaftServerProxy.java:269)
	at org.apache.ratis.server.impl.RaftServerProxy.submitRequest(RaftServerProxy.java:327)
	at org.apache.ratis.server.impl.RaftServerProxy.submitClientRequestAsync(RaftServerProxy.java:333)
	... 5 more
2019-09-17 09:52:39,302 [grpc-default-executor-3] INFO  impl.RaftServerImpl (ServerState.java:close(385)) - bdd5aae1-c180-43a6-a11a-58912a33bf0b@group-AADE5DCBB6F7: closes. applyIndex: 8
2019-09-17 09:52:39,303 [bdd5aae1-c180-43a6-a11a-58912a33bf0b@group-AADE5DCBB6F7-SegmentedRaftLogWorker] ERROR ratis.XceiverServerRatis (XceiverServerRatis.java:triggerPipelineClose(568)) - pipeline Action CLOSE  on pipeline PipelineID=ee8ffa2b-24a5-4a82-be78-aade5dcbb6f7.Reason : WriteLog:9: (t:1, i:9), STATEMACHINELOGENTRY, client-FBF7F1E1319D, cid=57-writeStateMachineData interrupted.
2019-09-17 09:52:39,306 [grpc-default-executor-3] INFO  segmented.SegmentedRaftLogWorker (SegmentedRaftLogWorker.java:close(228)) - bdd5aae1-c180-43a6-a11a-58912a33bf0b@group-AADE5DCBB6F7-SegmentedRaftLogWorker close()
2019-09-17 09:52:39,312 [EventQueue-PipelineActionsForPipelineActionHandler] ERROR pipeline.PipelineActionHandler (PipelineActionHandler.java:onMessage(60)) - Received pipeline action CLOSE for Pipeline[ Id: ee8ffa2b-24a5-4a82-be78-aade5dcbb6f7, Nodes: bdd5aae1-c180-43a6-a11a-58912a33bf0b{ip: 192.168.34.37, host: pr-hdds-2110-rdjw6-11158954, networkLocation: /default-rack, certSerialId: null}97184ed6-1d8a-4db2-a901-2f2d7f2102ca{ip: 192.168.34.37, host: pr-hdds-2110-rdjw6-11158954, networkLocation: /default-rack, certSerialId: null}7550e15a-2ff9-4e5e-b05d-d9f072bd52cf{ip: 192.168.34.37, host: pr-hdds-2110-rdjw6-11158954, networkLocation: /default-rack, certSerialId: null}, Type:RATIS, Factor:THREE, State:CLOSED] from datanode bdd5aae1-c180-43a6-a11a-58912a33bf0b{ip: 192.168.34.37, host: pr-hdds-2110-rdjw6-11158954, networkLocation: /default-rack, certSerialId: null}. Reason : WriteLog:9: (t:1, i:9), STATEMACHINELOGENTRY, client-FBF7F1E1319D, cid=57-writeStateMachineData interrupted.
2019-09-17 09:52:39,313 [EventQueue-PipelineActionsForPipelineActionHandler] INFO  pipeline.SCMPipelineManager (SCMPipelineManager.java:finalizeAndDestroyPipeline(311)) - destroying pipeline:Pipeline[ Id: ee8ffa2b-24a5-4a82-be78-aade5dcbb6f7, Nodes: bdd5aae1-c180-43a6-a11a-58912a33bf0b{ip: 192.168.34.37, host: pr-hdds-2110-rdjw6-11158954, networkLocation: /default-rack, certSerialId: null}97184ed6-1d8a-4db2-a901-2f2d7f2102ca{ip: 192.168.34.37, host: pr-hdds-2110-rdjw6-11158954, networkLocation: /default-rack, certSerialId: null}7550e15a-2ff9-4e5e-b05d-d9f072bd52cf{ip: 192.168.34.37, host: pr-hdds-2110-rdjw6-11158954, networkLocation: /default-rack, certSerialId: null}, Type:RATIS, Factor:THREE, State:CLOSED]
2019-09-17 09:52:39,326 [grpc-default-executor-3] INFO  interfaces.Container (KeyValueContainer.java:flushAndSyncDB(386)) - Container 5 is synced with bcsId 5.
2019-09-17 09:52:39,326 [grpc-default-executor-3] INFO  interfaces.Container (KeyValueContainer.java:flushAndSyncDB(386)) - Container 5 is synced with bcsId 5.
2019-09-17 09:52:39,341 [EventQueue-IncrementalContainerReportForIncrementalContainerReportHandler] INFO  container.IncrementalContainerReportHandler (AbstractContainerReportHandler.java:updateContainerState(169)) - Moving container #5 to QUASI_CLOSED state, datanode bdd5aae1-c180-43a6-a11a-58912a33bf0b{ip: 192.168.34.37, host: pr-hdds-2110-rdjw6-11158954, networkLocation: /default-rack, certSerialId: null} reported QUASI_CLOSED replica.
2019-09-17 09:52:39,406 [grpc-default-executor-3] INFO  interfaces.Container (KeyValueContainer.java:flushAndSyncDB(386)) - Container 8 is synced with bcsId 0.
2019-09-17 09:52:39,407 [grpc-default-executor-3] INFO  interfaces.Container (KeyValueContainer.java:flushAndSyncDB(386)) - Container 8 is synced with bcsId 0.
2019-09-17 09:52:39,420 [EventQueue-IncrementalContainerReportForIncrementalContainerReportHandler] INFO  container.IncrementalContainerReportHandler (AbstractContainerReportHandler.java:updateContainerState(169)) - Moving container #8 to QUASI_CLOSED state, datanode bdd5aae1-c180-43a6-a11a-58912a33bf0b{ip: 192.168.34.37, host: pr-hdds-2110-rdjw6-11158954, networkLocation: /default-rack, certSerialId: null} reported QUASI_CLOSED replica.
2019-09-17 09:52:39,428 [grpc-default-executor-3] INFO  impl.RaftServerProxy (RaftServerProxy.java:remove(95)) - 97184ed6-1d8a-4db2-a901-2f2d7f2102ca: remove  FOLLOWER 97184ed6-1d8a-4db2-a901-2f2d7f2102ca@group-AADE5DCBB6F7:t1, leader=bdd5aae1-c180-43a6-a11a-58912a33bf0b, voted=bdd5aae1-c180-43a6-a11a-58912a33bf0b, raftlog=97184ed6-1d8a-4db2-a901-2f2d7f2102ca@group-AADE5DCBB6F7-SegmentedRaftLog:OPENED:c8,f8,i13, conf=0: [bdd5aae1-c180-43a6-a11a-58912a33bf0b:192.168.34.37:44158, 97184ed6-1d8a-4db2-a901-2f2d7f2102ca:192.168.34.37:40198, 7550e15a-2ff9-4e5e-b05d-d9f072bd52cf:192.168.34.37:41606], old=null RUNNING
2019-09-17 09:52:39,428 [grpc-default-executor-3] INFO  impl.RaftServerImpl (RaftServerImpl.java:lambda$shutdown$3(251)) - 97184ed6-1d8a-4db2-a901-2f2d7f2102ca@group-AADE5DCBB6F7: shutdown
2019-09-17 09:52:39,428 [grpc-default-executor-3] INFO  util.JmxRegister (JmxRegister.java:unregister(73)) - Successfully un-registered JMX Bean with object name Ratis:service=RaftServer,group=group-AADE5DCBB6F7,id=97184ed6-1d8a-4db2-a901-2f2d7f2102ca
2019-09-17 09:52:39,428 [grpc-default-executor-3] INFO  impl.RoleInfo (RoleInfo.java:shutdownFollowerState(121)) - 97184ed6-1d8a-4db2-a901-2f2d7f2102ca: shutdown FollowerState
2019-09-17 09:52:39,428 [grpc-default-executor-3] INFO  impl.StateMachineUpdater (StateMachineUpdater.java:stopAndJoin(125)) - 97184ed6-1d8a-4db2-a901-2f2d7f2102ca@group-AADE5DCBB6F7-StateMachineUpdater: set stopIndex = 8
2019-09-17 09:52:39,428 [97184ed6-1d8a-4db2-a901-2f2d7f2102ca@group-AADE5DCBB6F7-StateMachineUpdater] INFO  ratis.ContainerStateMachine (ContainerStateMachine.java:takeSnapshot(289)) - group-AADE5DCBB6F7: Taking a snapshot at:(t:1, i:6) file /workdir/hadoop-ozone/integration-test/target/test-dir/MiniOzoneClusterImpl-c52a4728-c2c3-43f5-b549-fba1d53ae1f5/datanode-5/data/ratis/ee8ffa2b-24a5-4a82-be78-aade5dcbb6f7/sm/snapshot.1_6
2019-09-17 09:52:39,428 [Thread-926] INFO  impl.FollowerState (FollowerState.java:run(115)) - 97184ed6-1d8a-4db2-a901-2f2d7f2102ca: FollowerState was interrupted: java.lang.InterruptedException: sleep interrupted
2019-09-17 09:52:39,440 [97184ed6-1d8a-4db2-a901-2f2d7f2102ca@group-AADE5DCBB6F7-StateMachineUpdater] INFO  ratis.ContainerStateMachine (ContainerStateMachine.java:takeSnapshot(300)) - group-AADE5DCBB6F7: Finished taking a snapshot at:(t:1, i:6) file:/workdir/hadoop-ozone/integration-test/target/test-dir/MiniOzoneClusterImpl-c52a4728-c2c3-43f5-b549-fba1d53ae1f5/datanode-5/data/ratis/ee8ffa2b-24a5-4a82-be78-aade5dcbb6f7/sm/snapshot.1_6 time:12
2019-09-17 09:52:39,441 [97184ed6-1d8a-4db2-a901-2f2d7f2102ca@group-AADE5DCBB6F7-StateMachineUpdater] INFO  impl.StateMachineUpdater (StateMachineUpdater.java:takeSnapshot(258)) - 97184ed6-1d8a-4db2-a901-2f2d7f2102ca@group-AADE5DCBB6F7-StateMachineUpdater: Took a snapshot at index 6
2019-09-17 09:52:39,441 [97184ed6-1d8a-4db2-a901-2f2d7f2102ca@group-AADE5DCBB6F7-StateMachineUpdater] INFO  impl.StateMachineUpdater (StateMachineUpdater.java:lambda$new$0(83)) - 97184ed6-1d8a-4db2-a901-2f2d7f2102ca@group-AADE5DCBB6F7-StateMachineUpdater: snapshotIndex: updateIncreasingly -1 -> 6
2019-09-17 09:52:39,441 [97184ed6-1d8a-4db2-a901-2f2d7f2102ca@group-AADE5DCBB6F7-StateMachineUpdater] INFO  ratis.ContainerStateMachine (ContainerStateMachine.java:takeSnapshot(289)) - group-AADE5DCBB6F7: Taking a snapshot at:(t:1, i:6) file /workdir/hadoop-ozone/integration-test/target/test-dir/MiniOzoneClusterImpl-c52a4728-c2c3-43f5-b549-fba1d53ae1f5/datanode-5/data/ratis/ee8ffa2b-24a5-4a82-be78-aade5dcbb6f7/sm/snapshot.1_6
2019-09-17 09:52:39,443 [97184ed6-1d8a-4db2-a901-2f2d7f2102ca@group-AADE5DCBB6F7-StateMachineUpdater] INFO  ratis.ContainerStateMachine (ContainerStateMachine.java:takeSnapshot(300)) - group-AADE5DCBB6F7: Finished taking a snapshot at:(t:1, i:6) file:/workdir/hadoop-ozone/integration-test/target/test-dir/MiniOzoneClusterImpl-c52a4728-c2c3-43f5-b549-fba1d53ae1f5/datanode-5/data/ratis/ee8ffa2b-24a5-4a82-be78-aade5dcbb6f7/sm/snapshot.1_6 time:3
2019-09-17 09:52:39,443 [97184ed6-1d8a-4db2-a901-2f2d7f2102ca@group-AADE5DCBB6F7-StateMachineUpdater] INFO  impl.StateMachineUpdater (StateMachineUpdater.java:takeSnapshot(258)) - 97184ed6-1d8a-4db2-a901-2f2d7f2102ca@group-AADE5DCBB6F7-StateMachineUpdater: Took a snapshot at index 6
2019-09-17 09:52:39,443 [97184ed6-1d8a-4db2-a901-2f2d7f2102ca@group-AADE5DCBB6F7-StateMachineUpdater] INFO  impl.StateMachineUpdater (StateMachineUpdater.java:lambda$new$0(83)) - 97184ed6-1d8a-4db2-a901-2f2d7f2102ca@group-AADE5DCBB6F7-StateMachineUpdater: snapshotIndex: updateIncreasingly 6 -> 6
2019-09-17 09:52:39,444 [grpc-default-executor-3] INFO  impl.RaftServerImpl (ServerState.java:close(385)) - 97184ed6-1d8a-4db2-a901-2f2d7f2102ca@group-AADE5DCBB6F7: closes. applyIndex: 8
2019-09-17 09:52:39,444 [97184ed6-1d8a-4db2-a901-2f2d7f2102ca@group-AADE5DCBB6F7-SegmentedRaftLogWorker] ERROR ratis.XceiverServerRatis (XceiverServerRatis.java:triggerPipelineClose(568)) - pipeline Action CLOSE  on pipeline PipelineID=ee8ffa2b-24a5-4a82-be78-aade5dcbb6f7.Reason : WriteLog:9: (t:1, i:9), STATEMACHINELOGENTRY, client-FBF7F1E1319D, cid=57-writeStateMachineData interrupted.
2019-09-17 09:52:39,446 [grpc-default-executor-3] INFO  segmented.SegmentedRaftLogWorker (SegmentedRaftLogWorker.java:close(228)) - 97184ed6-1d8a-4db2-a901-2f2d7f2102ca@group-AADE5DCBB6F7-SegmentedRaftLogWorker close()
2019-09-17 09:52:39,449 [EventQueue-PipelineActionsForPipelineActionHandler] ERROR pipeline.PipelineActionHandler (PipelineActionHandler.java:onMessage(60)) - Received pipeline action CLOSE for Pipeline[ Id: ee8ffa2b-24a5-4a82-be78-aade5dcbb6f7, Nodes: bdd5aae1-c180-43a6-a11a-58912a33bf0b{ip: 192.168.34.37, host: pr-hdds-2110-rdjw6-11158954, networkLocation: /default-rack, certSerialId: null}97184ed6-1d8a-4db2-a901-2f2d7f2102ca{ip: 192.168.34.37, host: pr-hdds-2110-rdjw6-11158954, networkLocation: /default-rack, certSerialId: null}7550e15a-2ff9-4e5e-b05d-d9f072bd52cf{ip: 192.168.34.37, host: pr-hdds-2110-rdjw6-11158954, networkLocation: /default-rack, certSerialId: null}, Type:RATIS, Factor:THREE, State:CLOSED] from datanode 97184ed6-1d8a-4db2-a901-2f2d7f2102ca{ip: 192.168.34.37, host: pr-hdds-2110-rdjw6-11158954, networkLocation: /default-rack, certSerialId: null}. Reason : WriteLog:9: (t:1, i:9), STATEMACHINELOGENTRY, client-FBF7F1E1319D, cid=57-writeStateMachineData interrupted.
2019-09-17 09:52:39,449 [EventQueue-PipelineActionsForPipelineActionHandler] INFO  pipeline.SCMPipelineManager (SCMPipelineManager.java:finalizeAndDestroyPipeline(311)) - destroying pipeline:Pipeline[ Id: ee8ffa2b-24a5-4a82-be78-aade5dcbb6f7, Nodes: bdd5aae1-c180-43a6-a11a-58912a33bf0b{ip: 192.168.34.37, host: pr-hdds-2110-rdjw6-11158954, networkLocation: /default-rack, certSerialId: null}97184ed6-1d8a-4db2-a901-2f2d7f2102ca{ip: 192.168.34.37, host: pr-hdds-2110-rdjw6-11158954, networkLocation: /default-rack, certSerialId: null}7550e15a-2ff9-4e5e-b05d-d9f072bd52cf{ip: 192.168.34.37, host: pr-hdds-2110-rdjw6-11158954, networkLocation: /default-rack, certSerialId: null}, Type:RATIS, Factor:THREE, State:CLOSED]
2019-09-17 09:52:39,452 [grpc-default-executor-3] INFO  interfaces.Container (KeyValueContainer.java:flushAndSyncDB(386)) - Container 5 is synced with bcsId 5.
2019-09-17 09:52:39,452 [grpc-default-executor-3] INFO  interfaces.Container (KeyValueContainer.java:flushAndSyncDB(386)) - Container 5 is synced with bcsId 5.
2019-09-17 09:52:39,544 [grpc-default-executor-3] INFO  interfaces.Container (KeyValueContainer.java:flushAndSyncDB(386)) - Container 8 is synced with bcsId 0.
2019-09-17 09:52:39,544 [grpc-default-executor-3] INFO  interfaces.Container (KeyValueContainer.java:flushAndSyncDB(386)) - Container 8 is synced with bcsId 0.
2019-09-17 09:52:39,561 [grpc-default-executor-3] INFO  impl.RaftServerProxy (RaftServerProxy.java:remove(95)) - 7550e15a-2ff9-4e5e-b05d-d9f072bd52cf: remove  FOLLOWER 7550e15a-2ff9-4e5e-b05d-d9f072bd52cf@group-AADE5DCBB6F7:t1, leader=bdd5aae1-c180-43a6-a11a-58912a33bf0b, voted=bdd5aae1-c180-43a6-a11a-58912a33bf0b, raftlog=7550e15a-2ff9-4e5e-b05d-d9f072bd52cf@group-AADE5DCBB6F7-SegmentedRaftLog:OPENED:c8,f8,i13, conf=0: [bdd5aae1-c180-43a6-a11a-58912a33bf0b:192.168.34.37:44158, 97184ed6-1d8a-4db2-a901-2f2d7f2102ca:192.168.34.37:40198, 7550e15a-2ff9-4e5e-b05d-d9f072bd52cf:192.168.34.37:41606], old=null RUNNING
2019-09-17 09:52:39,561 [grpc-default-executor-3] INFO  impl.RaftServerImpl (RaftServerImpl.java:lambda$shutdown$3(251)) - 7550e15a-2ff9-4e5e-b05d-d9f072bd52cf@group-AADE5DCBB6F7: shutdown
2019-09-17 09:52:39,562 [grpc-default-executor-3] INFO  util.JmxRegister (JmxRegister.java:unregister(73)) - Successfully un-registered JMX Bean with object name Ratis:service=RaftServer,group=group-AADE5DCBB6F7,id=7550e15a-2ff9-4e5e-b05d-d9f072bd52cf
2019-09-17 09:52:39,562 [grpc-default-executor-3] INFO  impl.RoleInfo (RoleInfo.java:shutdownFollowerState(121)) - 7550e15a-2ff9-4e5e-b05d-d9f072bd52cf: shutdown FollowerState
2019-09-17 09:52:39,562 [grpc-default-executor-3] INFO  impl.StateMachineUpdater (StateMachineUpdater.java:stopAndJoin(125)) - 7550e15a-2ff9-4e5e-b05d-d9f072bd52cf@group-AADE5DCBB6F7-StateMachineUpdater: set stopIndex = 8
2019-09-17 09:52:39,562 [Thread-925] INFO  impl.FollowerState (FollowerState.java:run(115)) - 7550e15a-2ff9-4e5e-b05d-d9f072bd52cf: FollowerState was interrupted: java.lang.InterruptedException: sleep interrupted
2019-09-17 09:52:39,564 [7550e15a-2ff9-4e5e-b05d-d9f072bd52cf@group-AADE5DCBB6F7-StateMachineUpdater] INFO  ratis.ContainerStateMachine (ContainerStateMachine.java:takeSnapshot(289)) - group-AADE5DCBB6F7: Taking a snapshot at:(t:1, i:5) file /workdir/hadoop-ozone/integration-test/target/test-dir/MiniOzoneClusterImpl-c52a4728-c2c3-43f5-b549-fba1d53ae1f5/datanode-1/data/ratis/ee8ffa2b-24a5-4a82-be78-aade5dcbb6f7/sm/snapshot.1_5
2019-09-17 09:52:39,576 [7550e15a-2ff9-4e5e-b05d-d9f072bd52cf@group-AADE5DCBB6F7-StateMachineUpdater] INFO  ratis.ContainerStateMachine (ContainerStateMachine.java:takeSnapshot(300)) - group-AADE5DCBB6F7: Finished taking a snapshot at:(t:1, i:5) file:/workdir/hadoop-ozone/integration-test/target/test-dir/MiniOzoneClusterImpl-c52a4728-c2c3-43f5-b549-fba1d53ae1f5/datanode-1/data/ratis/ee8ffa2b-24a5-4a82-be78-aade5dcbb6f7/sm/snapshot.1_5 time:14
2019-09-17 09:52:39,576 [7550e15a-2ff9-4e5e-b05d-d9f072bd52cf@group-AADE5DCBB6F7-StateMachineUpdater] INFO  impl.StateMachineUpdater (StateMachineUpdater.java:takeSnapshot(258)) - 7550e15a-2ff9-4e5e-b05d-d9f072bd52cf@group-AADE5DCBB6F7-StateMachineUpdater: Took a snapshot at index 5
2019-09-17 09:52:39,576 [7550e15a-2ff9-4e5e-b05d-d9f072bd52cf@group-AADE5DCBB6F7-StateMachineUpdater] INFO  impl.StateMachineUpdater (StateMachineUpdater.java:lambda$new$0(83)) - 7550e15a-2ff9-4e5e-b05d-d9f072bd52cf@group-AADE5DCBB6F7-StateMachineUpdater: snapshotIndex: updateIncreasingly -1 -> 5
2019-09-17 09:52:39,577 [7550e15a-2ff9-4e5e-b05d-d9f072bd52cf@group-AADE5DCBB6F7-StateMachineUpdater] INFO  ratis.ContainerStateMachine (ContainerStateMachine.java:takeSnapshot(289)) - group-AADE5DCBB6F7: Taking a snapshot at:(t:1, i:5) file /workdir/hadoop-ozone/integration-test/target/test-dir/MiniOzoneClusterImpl-c52a4728-c2c3-43f5-b549-fba1d53ae1f5/datanode-1/data/ratis/ee8ffa2b-24a5-4a82-be78-aade5dcbb6f7/sm/snapshot.1_5
2019-09-17 09:52:39,589 [7550e15a-2ff9-4e5e-b05d-d9f072bd52cf@group-AADE5DCBB6F7-StateMachineUpdater] INFO  ratis.ContainerStateMachine (ContainerStateMachine.java:takeSnapshot(300)) - group-AADE5DCBB6F7: Finished taking a snapshot at:(t:1, i:5) file:/workdir/hadoop-ozone/integration-test/target/test-dir/MiniOzoneClusterImpl-c52a4728-c2c3-43f5-b549-fba1d53ae1f5/datanode-1/data/ratis/ee8ffa2b-24a5-4a82-be78-aade5dcbb6f7/sm/snapshot.1_5 time:13
2019-09-17 09:52:39,589 [7550e15a-2ff9-4e5e-b05d-d9f072bd52cf@group-AADE5DCBB6F7-StateMachineUpdater] INFO  impl.StateMachineUpdater (StateMachineUpdater.java:takeSnapshot(258)) - 7550e15a-2ff9-4e5e-b05d-d9f072bd52cf@group-AADE5DCBB6F7-StateMachineUpdater: Took a snapshot at index 5
2019-09-17 09:52:39,590 [7550e15a-2ff9-4e5e-b05d-d9f072bd52cf@group-AADE5DCBB6F7-StateMachineUpdater] INFO  impl.StateMachineUpdater (StateMachineUpdater.java:lambda$new$0(83)) - 7550e15a-2ff9-4e5e-b05d-d9f072bd52cf@group-AADE5DCBB6F7-StateMachineUpdater: snapshotIndex: updateIncreasingly 5 -> 5
2019-09-17 09:52:39,590 [grpc-default-executor-3] INFO  impl.RaftServerImpl (ServerState.java:close(385)) - 7550e15a-2ff9-4e5e-b05d-d9f072bd52cf@group-AADE5DCBB6F7: closes. applyIndex: 8
2019-09-17 09:52:39,591 [7550e15a-2ff9-4e5e-b05d-d9f072bd52cf@group-AADE5DCBB6F7-SegmentedRaftLogWorker] ERROR ratis.XceiverServerRatis (XceiverServerRatis.java:triggerPipelineClose(568)) - pipeline Action CLOSE  on pipeline PipelineID=ee8ffa2b-24a5-4a82-be78-aade5dcbb6f7.Reason : WriteLog:9: (t:1, i:9), STATEMACHINELOGENTRY, client-FBF7F1E1319D, cid=57-writeStateMachineData interrupted.
2019-09-17 09:52:39,593 [grpc-default-executor-3] INFO  segmented.SegmentedRaftLogWorker (SegmentedRaftLogWorker.java:close(228)) - 7550e15a-2ff9-4e5e-b05d-d9f072bd52cf@group-AADE5DCBB6F7-SegmentedRaftLogWorker close()
2019-09-17 09:52:39,595 [EventQueue-PipelineActionsForPipelineActionHandler] ERROR pipeline.PipelineActionHandler (PipelineActionHandler.java:onMessage(60)) - Received pipeline action CLOSE for Pipeline[ Id: ee8ffa2b-24a5-4a82-be78-aade5dcbb6f7, Nodes: bdd5aae1-c180-43a6-a11a-58912a33bf0b{ip: 192.168.34.37, host: pr-hdds-2110-rdjw6-11158954, networkLocation: /default-rack, certSerialId: null}97184ed6-1d8a-4db2-a901-2f2d7f2102ca{ip: 192.168.34.37, host: pr-hdds-2110-rdjw6-11158954, networkLocation: /default-rack, certSerialId: null}7550e15a-2ff9-4e5e-b05d-d9f072bd52cf{ip: 192.168.34.37, host: pr-hdds-2110-rdjw6-11158954, networkLocation: /default-rack, certSerialId: null}, Type:RATIS, Factor:THREE, State:CLOSED] from datanode 7550e15a-2ff9-4e5e-b05d-d9f072bd52cf{ip: 192.168.34.37, host: pr-hdds-2110-rdjw6-11158954, networkLocation: /default-rack, certSerialId: null}. Reason : WriteLog:9: (t:1, i:9), STATEMACHINELOGENTRY, client-FBF7F1E1319D, cid=57-writeStateMachineData interrupted.
2019-09-17 09:52:39,595 [EventQueue-PipelineActionsForPipelineActionHandler] INFO  pipeline.SCMPipelineManager (SCMPipelineManager.java:finalizeAndDestroyPipeline(311)) - destroying pipeline:Pipeline[ Id: ee8ffa2b-24a5-4a82-be78-aade5dcbb6f7, Nodes: bdd5aae1-c180-43a6-a11a-58912a33bf0b{ip: 192.168.34.37, host: pr-hdds-2110-rdjw6-11158954, networkLocation: /default-rack, certSerialId: null}97184ed6-1d8a-4db2-a901-2f2d7f2102ca{ip: 192.168.34.37, host: pr-hdds-2110-rdjw6-11158954, networkLocation: /default-rack, certSerialId: null}7550e15a-2ff9-4e5e-b05d-d9f072bd52cf{ip: 192.168.34.37, host: pr-hdds-2110-rdjw6-11158954, networkLocation: /default-rack, certSerialId: null}, Type:RATIS, Factor:THREE, State:CLOSED]
2019-09-17 09:52:39,607 [grpc-default-executor-3] INFO  interfaces.Container (KeyValueContainer.java:flushAndSyncDB(386)) - Container 5 is synced with bcsId 5.
2019-09-17 09:52:39,607 [grpc-default-executor-3] INFO  interfaces.Container (KeyValueContainer.java:flushAndSyncDB(386)) - Container 5 is synced with bcsId 5.
2019-09-17 09:52:39,646 [grpc-default-executor-3] INFO  interfaces.Container (KeyValueContainer.java:flushAndSyncDB(386)) - Container 8 is synced with bcsId 0.
2019-09-17 09:52:39,646 [grpc-default-executor-3] INFO  interfaces.Container (KeyValueContainer.java:flushAndSyncDB(386)) - Container 8 is synced with bcsId 0.
2019-09-17 09:52:39,659 [RatisPipelineUtilsThread] INFO  pipeline.PipelineStateManager (PipelineStateManager.java:removePipeline(108)) - Pipeline Pipeline[ Id: ee8ffa2b-24a5-4a82-be78-aade5dcbb6f7, Nodes: bdd5aae1-c180-43a6-a11a-58912a33bf0b{ip: 192.168.34.37, host: pr-hdds-2110-rdjw6-11158954, networkLocation: /default-rack, certSerialId: null}97184ed6-1d8a-4db2-a901-2f2d7f2102ca{ip: 192.168.34.37, host: pr-hdds-2110-rdjw6-11158954, networkLocation: /default-rack, certSerialId: null}7550e15a-2ff9-4e5e-b05d-d9f072bd52cf{ip: 192.168.34.37, host: pr-hdds-2110-rdjw6-11158954, networkLocation: /default-rack, certSerialId: null}, Type:RATIS, Factor:THREE, State:CLOSED] removed from db
2019-09-17 09:52:40,447 [main] WARN  io.KeyOutputStream (KeyOutputStream.java:handleException(276)) - Encountered exception java.io.IOException: Unexpected Storage Container Exception: java.util.concurrent.CompletionException: java.util.concurrent.CompletionException: org.apache.ratis.protocol.GroupMismatchException: bdd5aae1-c180-43a6-a11a-58912a33bf0b: group-AADE5DCBB6F7 not found. on the pipeline Pipeline[ Id: ee8ffa2b-24a5-4a82-be78-aade5dcbb6f7, Nodes: bdd5aae1-c180-43a6-a11a-58912a33bf0b{ip: 192.168.34.37, host: pr-hdds-2110-rdjw6-11158954, networkLocation: /default-rack, certSerialId: null}97184ed6-1d8a-4db2-a901-2f2d7f2102ca{ip: 192.168.34.37, host: pr-hdds-2110-rdjw6-11158954, networkLocation: /default-rack, certSerialId: null}7550e15a-2ff9-4e5e-b05d-d9f072bd52cf{ip: 192.168.34.37, host: pr-hdds-2110-rdjw6-11158954, networkLocation: /default-rack, certSerialId: null}, Type:RATIS, Factor:THREE, State:OPEN]. The last committed block length is 0, uncommitted data length is 2097152 retry count 0
2019-09-17 09:52:40,463 [grpc-default-executor-3] INFO  client.GrpcClientProtocolClient (GrpcClientProtocolClient.java:onNext(264)) - client-745966CB3AB4->9726f178-e973-440c-9728-4ac35a81d6d9: receive RaftClientReply:client-745966CB3AB4->9726f178-e973-440c-9728-4ac35a81d6d9@group-367105F5BB28, cid=157, FAILED org.apache.ratis.protocol.NotLeaderException: Server 9726f178-e973-440c-9728-4ac35a81d6d9@group-367105F5BB28 is not the leader 63440bcd-ddb5-4c00-8006-6f2cca450fd8:192.168.34.37:33906, logIndex=0, commits[9726f178-e973-440c-9728-4ac35a81d6d9:c18, 84d78712-0ed3-4e85-a24c-8e41c8241796:c18, 63440bcd-ddb5-4c00-8006-6f2cca450fd8:c18]
2019-09-17 09:52:40,652 [grpc-default-executor-3] INFO  client.GrpcClientProtocolClient (GrpcClientProtocolClient.java:onNext(264)) - client-745966CB3AB4->63440bcd-ddb5-4c00-8006-6f2cca450fd8: receive RaftClientReply:client-745966CB3AB4->63440bcd-ddb5-4c00-8006-6f2cca450fd8@group-367105F5BB28, cid=157, SUCCESS, logIndex=19, commits[63440bcd-ddb5-4c00-8006-6f2cca450fd8:c19, 84d78712-0ed3-4e85-a24c-8e41c8241796:c18, 9726f178-e973-440c-9728-4ac35a81d6d9:c18]
2019-09-17 09:52:40,744 [grpc-default-executor-8] INFO  client.GrpcClientProtocolClient (GrpcClientProtocolClient.java:onNext(264)) - client-745966CB3AB4->63440bcd-ddb5-4c00-8006-6f2cca450fd8: receive RaftClientReply:client-745966CB3AB4->63440bcd-ddb5-4c00-8006-6f2cca450fd8@group-367105F5BB28, cid=158, SUCCESS, logIndex=21, commits[63440bcd-ddb5-4c00-8006-6f2cca450fd8:c26, 84d78712-0ed3-4e85-a24c-8e41c8241796:c23, 9726f178-e973-440c-9728-4ac35a81d6d9:c23]
2019-09-17 09:52:40,745 [grpc-default-executor-8] INFO  client.GrpcClientProtocolClient (GrpcClientProtocolClient.java:onNext(264)) - client-745966CB3AB4->63440bcd-ddb5-4c00-8006-6f2cca450fd8: receive RaftClientReply:client-745966CB3AB4->63440bcd-ddb5-4c00-8006-6f2cca450fd8@group-367105F5BB28, cid=159, SUCCESS, logIndex=22, commits[63440bcd-ddb5-4c00-8006-6f2cca450fd8:c26, 84d78712-0ed3-4e85-a24c-8e41c8241796:c23, 9726f178-e973-440c-9728-4ac35a81d6d9:c23]
2019-09-17 09:52:40,843 [grpc-default-executor-8] INFO  client.GrpcClientProtocolClient (GrpcClientProtocolClient.java:onNext(264)) - client-745966CB3AB4->63440bcd-ddb5-4c00-8006-6f2cca450fd8: receive RaftClientReply:client-745966CB3AB4->63440bcd-ddb5-4c00-8006-6f2cca450fd8@group-367105F5BB28, cid=160, SUCCESS, logIndex=23, commits[63440bcd-ddb5-4c00-8006-6f2cca450fd8:c26, 84d78712-0ed3-4e85-a24c-8e41c8241796:c23, 9726f178-e973-440c-9728-4ac35a81d6d9:c23]
2019-09-17 09:52:40,892 [grpc-default-executor-3] INFO  client.GrpcClientProtocolClient (GrpcClientProtocolClient.java:onNext(264)) - client-745966CB3AB4->63440bcd-ddb5-4c00-8006-6f2cca450fd8: receive RaftClientReply:client-745966CB3AB4->63440bcd-ddb5-4c00-8006-6f2cca450fd8@group-367105F5BB28, cid=161, SUCCESS, logIndex=27, commits[63440bcd-ddb5-4c00-8006-6f2cca450fd8:c29, 84d78712-0ed3-4e85-a24c-8e41c8241796:c26, 9726f178-e973-440c-9728-4ac35a81d6d9:c26]
2019-09-17 09:52:40,892 [grpc-default-executor-3] INFO  client.GrpcClientProtocolClient (GrpcClientProtocolClient.java:onNext(264)) - client-745966CB3AB4->63440bcd-ddb5-4c00-8006-6f2cca450fd8: receive RaftClientReply:client-745966CB3AB4->63440bcd-ddb5-4c00-8006-6f2cca450fd8@group-367105F5BB28, cid=162, SUCCESS, logIndex=28, commits[63440bcd-ddb5-4c00-8006-6f2cca450fd8:c30, 84d78712-0ed3-4e85-a24c-8e41c8241796:c26, 9726f178-e973-440c-9728-4ac35a81d6d9:c26]
2019-09-17 09:52:40,893 [grpc-default-executor-3] INFO  client.GrpcClientProtocolClient (GrpcClientProtocolClient.java:onNext(264)) - client-745966CB3AB4->63440bcd-ddb5-4c00-8006-6f2cca450fd8: receive RaftClientReply:client-745966CB3AB4->63440bcd-ddb5-4c00-8006-6f2cca450fd8@group-367105F5BB28, cid=163, SUCCESS, logIndex=29, commits[63440bcd-ddb5-4c00-8006-6f2cca450fd8:c30, 84d78712-0ed3-4e85-a24c-8e41c8241796:c26, 9726f178-e973-440c-9728-4ac35a81d6d9:c26]
2019-09-17 09:52:40,893 [grpc-default-executor-3] INFO  client.GrpcClientProtocolClient (GrpcClientProtocolClient.java:onNext(264)) - client-745966CB3AB4->63440bcd-ddb5-4c00-8006-6f2cca450fd8: receive RaftClientReply:client-745966CB3AB4->63440bcd-ddb5-4c00-8006-6f2cca450fd8@group-367105F5BB28, cid=164, SUCCESS, logIndex=30, commits[63440bcd-ddb5-4c00-8006-6f2cca450fd8:c30, 84d78712-0ed3-4e85-a24c-8e41c8241796:c26, 9726f178-e973-440c-9728-4ac35a81d6d9:c26]
2019-09-17 09:52:40,933 [grpc-default-executor-3] INFO  client.GrpcClientProtocolClient (GrpcClientProtocolClient.java:onNext(264)) - client-745966CB3AB4->63440bcd-ddb5-4c00-8006-6f2cca450fd8: receive RaftClientReply:client-745966CB3AB4->63440bcd-ddb5-4c00-8006-6f2cca450fd8@group-367105F5BB28, cid=165, SUCCESS, logIndex=0, commits[63440bcd-ddb5-4c00-8006-6f2cca450fd8:c33, 84d78712-0ed3-4e85-a24c-8e41c8241796:c30, 9726f178-e973-440c-9728-4ac35a81d6d9:c29]
2019-09-17 09:52:40,937 [grpc-default-executor-3] INFO  client.GrpcClientProtocolClient (GrpcClientProtocolClient.java:onNext(264)) - client-745966CB3AB4->63440bcd-ddb5-4c00-8006-6f2cca450fd8: receive RaftClientReply:client-745966CB3AB4->63440bcd-ddb5-4c00-8006-6f2cca450fd8@group-367105F5BB28, cid=166, SUCCESS, logIndex=0, commits[63440bcd-ddb5-4c00-8006-6f2cca450fd8:c33, 84d78712-0ed3-4e85-a24c-8e41c8241796:c30, 9726f178-e973-440c-9728-4ac35a81d6d9:c30]
2019-09-17 09:52:40,965 [grpc-default-executor-3] INFO  client.GrpcClientProtocolClient (GrpcClientProtocolClient.java:onNext(264)) - client-745966CB3AB4->63440bcd-ddb5-4c00-8006-6f2cca450fd8: receive RaftClientReply:client-745966CB3AB4->63440bcd-ddb5-4c00-8006-6f2cca450fd8@group-367105F5BB28, cid=167, SUCCESS, logIndex=34, commits[63440bcd-ddb5-4c00-8006-6f2cca450fd8:c35, 84d78712-0ed3-4e85-a24c-8e41c8241796:c33, 9726f178-e973-440c-9728-4ac35a81d6d9:c33]
2019-09-17 09:52:40,966 [grpc-default-executor-3] INFO  client.GrpcClientProtocolClient (GrpcClientProtocolClient.java:onNext(264)) - client-745966CB3AB4->63440bcd-ddb5-4c00-8006-6f2cca450fd8: receive RaftClientReply:client-745966CB3AB4->63440bcd-ddb5-4c00-8006-6f2cca450fd8@group-367105F5BB28, cid=168, SUCCESS, logIndex=35, commits[63440bcd-ddb5-4c00-8006-6f2cca450fd8:c35, 84d78712-0ed3-4e85-a24c-8e41c8241796:c33, 9726f178-e973-440c-9728-4ac35a81d6d9:c33]
2019-09-17 09:52:40,978 [grpc-default-executor-8] INFO  client.GrpcClientProtocolClient (GrpcClientProtocolClient.java:onNext(264)) - client-745966CB3AB4->63440bcd-ddb5-4c00-8006-6f2cca450fd8: receive RaftClientReply:client-745966CB3AB4->63440bcd-ddb5-4c00-8006-6f2cca450fd8@group-367105F5BB28, cid=169, SUCCESS, logIndex=36, commits[63440bcd-ddb5-4c00-8006-6f2cca450fd8:c37, 84d78712-0ed3-4e85-a24c-8e41c8241796:c33, 9726f178-e973-440c-9728-4ac35a81d6d9:c33]
2019-09-17 09:52:40,979 [grpc-default-executor-8] INFO  client.GrpcClientProtocolClient (GrpcClientProtocolClient.java:onNext(264)) - client-745966CB3AB4->63440bcd-ddb5-4c00-8006-6f2cca450fd8: receive RaftClientReply:client-745966CB3AB4->63440bcd-ddb5-4c00-8006-6f2cca450fd8@group-367105F5BB28, cid=170, SUCCESS, logIndex=37, commits[63440bcd-ddb5-4c00-8006-6f2cca450fd8:c37, 84d78712-0ed3-4e85-a24c-8e41c8241796:c33, 9726f178-e973-440c-9728-4ac35a81d6d9:c33]
2019-09-17 09:52:40,987 [grpc-default-executor-3] INFO  client.GrpcClientProtocolClient (GrpcClientProtocolClient.java:onNext(264)) - client-745966CB3AB4->63440bcd-ddb5-4c00-8006-6f2cca450fd8: receive RaftClientReply:client-745966CB3AB4->63440bcd-ddb5-4c00-8006-6f2cca450fd8@group-367105F5BB28, cid=171, SUCCESS, logIndex=0, commits[63440bcd-ddb5-4c00-8006-6f2cca450fd8:c39, 84d78712-0ed3-4e85-a24c-8e41c8241796:c35, 9726f178-e973-440c-9728-4ac35a81d6d9:c35]
2019-09-17 09:52:41,028 [grpc-default-executor-8] INFO  client.GrpcClientProtocolClient (GrpcClientProtocolClient.java:onNext(264)) - client-745966CB3AB4->63440bcd-ddb5-4c00-8006-6f2cca450fd8: receive RaftClientReply:client-745966CB3AB4->63440bcd-ddb5-4c00-8006-6f2cca450fd8@group-367105F5BB28, cid=172, SUCCESS, logIndex=42, commits[63440bcd-ddb5-4c00-8006-6f2cca450fd8:c43, 84d78712-0ed3-4e85-a24c-8e41c8241796:c39, 9726f178-e973-440c-9728-4ac35a81d6d9:c39]
2019-09-17 09:52:41,029 [grpc-default-executor-8] INFO  client.GrpcClientProtocolClient (GrpcClientProtocolClient.java:onNext(264)) - client-745966CB3AB4->63440bcd-ddb5-4c00-8006-6f2cca450fd8: receive RaftClientReply:client-745966CB3AB4->63440bcd-ddb5-4c00-8006-6f2cca450fd8@group-367105F5BB28, cid=173, SUCCESS, logIndex=43, commits[63440bcd-ddb5-4c00-8006-6f2cca450fd8:c43, 84d78712-0ed3-4e85-a24c-8e41c8241796:c39, 9726f178-e973-440c-9728-4ac35a81d6d9:c39]
2019-09-17 09:52:41,054 [grpc-default-executor-8] INFO  client.GrpcClientProtocolClient (GrpcClientProtocolClient.java:onNext(264)) - client-745966CB3AB4->63440bcd-ddb5-4c00-8006-6f2cca450fd8: receive RaftClientReply:client-745966CB3AB4->63440bcd-ddb5-4c00-8006-6f2cca450fd8@group-367105F5BB28, cid=174, SUCCESS, logIndex=46, commits[63440bcd-ddb5-4c00-8006-6f2cca450fd8:c47, 84d78712-0ed3-4e85-a24c-8e41c8241796:c43, 9726f178-e973-440c-9728-4ac35a81d6d9:c43]
2019-09-17 09:52:41,055 [grpc-default-executor-8] INFO  client.GrpcClientProtocolClient (GrpcClientProtocolClient.java:onNext(264)) - client-745966CB3AB4->63440bcd-ddb5-4c00-8006-6f2cca450fd8: receive RaftClientReply:client-745966CB3AB4->63440bcd-ddb5-4c00-8006-6f2cca450fd8@group-367105F5BB28, cid=175, SUCCESS, logIndex=47, commits[63440bcd-ddb5-4c00-8006-6f2cca450fd8:c47, 84d78712-0ed3-4e85-a24c-8e41c8241796:c43, 9726f178-e973-440c-9728-4ac35a81d6d9:c43]
2019-09-17 09:52:41,067 [grpc-default-executor-8] INFO  client.GrpcClientProtocolClient (GrpcClientProtocolClient.java:onNext(264)) - client-745966CB3AB4->63440bcd-ddb5-4c00-8006-6f2cca450fd8: receive RaftClientReply:client-745966CB3AB4->63440bcd-ddb5-4c00-8006-6f2cca450fd8@group-367105F5BB28, cid=176, SUCCESS, logIndex=0, commits[63440bcd-ddb5-4c00-8006-6f2cca450fd8:c48, 84d78712-0ed3-4e85-a24c-8e41c8241796:c47, 9726f178-e973-440c-9728-4ac35a81d6d9:c47]
2019-09-17 09:52:41,116 [grpc-default-executor-3] INFO  client.GrpcClientProtocolClient (GrpcClientProtocolClient.java:onNext(264)) - client-745966CB3AB4->63440bcd-ddb5-4c00-8006-6f2cca450fd8: receive RaftClientReply:client-745966CB3AB4->63440bcd-ddb5-4c00-8006-6f2cca450fd8@group-367105F5BB28, cid=177, SUCCESS, logIndex=50, commits[63440bcd-ddb5-4c00-8006-6f2cca450fd8:c53, 84d78712-0ed3-4e85-a24c-8e41c8241796:c49, 9726f178-e973-440c-9728-4ac35a81d6d9:c49]
2019-09-17 09:52:41,121 [grpc-default-executor-3] INFO  client.GrpcClientProtocolClient (GrpcClientProtocolClient.java:onNext(264)) - client-745966CB3AB4->63440bcd-ddb5-4c00-8006-6f2cca450fd8: receive RaftClientReply:client-745966CB3AB4->63440bcd-ddb5-4c00-8006-6f2cca450fd8@group-367105F5BB28, cid=178, SUCCESS, logIndex=51, commits[63440bcd-ddb5-4c00-8006-6f2cca450fd8:c53, 84d78712-0ed3-4e85-a24c-8e41c8241796:c49, 9726f178-e973-440c-9728-4ac35a81d6d9:c49]
2019-09-17 09:52:41,122 [grpc-default-executor-3] INFO  client.GrpcClientProtocolClient (GrpcClientProtocolClient.java:onNext(264)) - client-745966CB3AB4->63440bcd-ddb5-4c00-8006-6f2cca450fd8: receive RaftClientReply:client-745966CB3AB4->63440bcd-ddb5-4c00-8006-6f2cca450fd8@group-367105F5BB28, cid=179, SUCCESS, logIndex=52, commits[63440bcd-ddb5-4c00-8006-6f2cca450fd8:c53, 84d78712-0ed3-4e85-a24c-8e41c8241796:c49, 9726f178-e973-440c-9728-4ac35a81d6d9:c49]
2019-09-17 09:52:41,122 [grpc-default-executor-3] INFO  client.GrpcClientProtocolClient (GrpcClientProtocolClient.java:onNext(264)) - client-745966CB3AB4->63440bcd-ddb5-4c00-8006-6f2cca450fd8: receive RaftClientReply:client-745966CB3AB4->63440bcd-ddb5-4c00-8006-6f2cca450fd8@group-367105F5BB28, cid=180, SUCCESS, logIndex=53, commits[63440bcd-ddb5-4c00-8006-6f2cca450fd8:c53, 84d78712-0ed3-4e85-a24c-8e41c8241796:c49, 9726f178-e973-440c-9728-4ac35a81d6d9:c49]
2019-09-17 09:52:41,136 [grpc-default-executor-2] INFO  client.GrpcClientProtocolClient (GrpcClientProtocolClient.java:onNext(264)) - client-745966CB3AB4->63440bcd-ddb5-4c00-8006-6f2cca450fd8: receive RaftClientReply:client-745966CB3AB4->63440bcd-ddb5-4c00-8006-6f2cca450fd8@group-367105F5BB28, cid=181, SUCCESS, logIndex=0, commits[63440bcd-ddb5-4c00-8006-6f2cca450fd8:c54, 84d78712-0ed3-4e85-a24c-8e41c8241796:c51, 9726f178-e973-440c-9728-4ac35a81d6d9:c51]
2019-09-17 09:52:41,153 [grpc-default-executor-3] INFO  client.GrpcClientProtocolClient (GrpcClientProtocolClient.java:onNext(264)) - client-745966CB3AB4->63440bcd-ddb5-4c00-8006-6f2cca450fd8: receive RaftClientReply:client-745966CB3AB4->63440bcd-ddb5-4c00-8006-6f2cca450fd8@group-367105F5BB28, cid=182, SUCCESS, logIndex=58, commits[63440bcd-ddb5-4c00-8006-6f2cca450fd8:c59, 84d78712-0ed3-4e85-a24c-8e41c8241796:c57, 9726f178-e973-440c-9728-4ac35a81d6d9:c57]
2019-09-17 09:52:41,154 [grpc-default-executor-3] INFO  client.GrpcClientProtocolClient (GrpcClientProtocolClient.java:onNext(264)) - client-745966CB3AB4->63440bcd-ddb5-4c00-8006-6f2cca450fd8: receive RaftClientReply:client-745966CB3AB4->63440bcd-ddb5-4c00-8006-6f2cca450fd8@group-367105F5BB28, cid=183, SUCCESS, logIndex=59, commits[63440bcd-ddb5-4c00-8006-6f2cca450fd8:c59, 84d78712-0ed3-4e85-a24c-8e41c8241796:c57, 9726f178-e973-440c-9728-4ac35a81d6d9:c57]
2019-09-17 09:52:41,188 [grpc-default-executor-2] INFO  client.GrpcClientProtocolClient (GrpcClientProtocolClient.java:onNext(264)) - client-745966CB3AB4->63440bcd-ddb5-4c00-8006-6f2cca450fd8: receive RaftClientReply:client-745966CB3AB4->63440bcd-ddb5-4c00-8006-6f2cca450fd8@group-367105F5BB28, cid=184, SUCCESS, logIndex=62, commits[63440bcd-ddb5-4c00-8006-6f2cca450fd8:c63, 84d78712-0ed3-4e85-a24c-8e41c8241796:c61, 9726f178-e973-440c-9728-4ac35a81d6d9:c61]
2019-09-17 09:52:41,189 [grpc-default-executor-2] INFO  client.GrpcClientProtocolClient (GrpcClientProtocolClient.java:onNext(264)) - client-745966CB3AB4->63440bcd-ddb5-4c00-8006-6f2cca450fd8: receive RaftClientReply:client-745966CB3AB4->63440bcd-ddb5-4c00-8006-6f2cca450fd8@group-367105F5BB28, cid=185, SUCCESS, logIndex=63, commits[63440bcd-ddb5-4c00-8006-6f2cca450fd8:c63, 84d78712-0ed3-4e85-a24c-8e41c8241796:c61, 9726f178-e973-440c-9728-4ac35a81d6d9:c61]
2019-09-17 09:52:41,199 [grpc-default-executor-2] INFO  client.GrpcClientProtocolClient (GrpcClientProtocolClient.java:onNext(264)) - client-745966CB3AB4->63440bcd-ddb5-4c00-8006-6f2cca450fd8: receive RaftClientReply:client-745966CB3AB4->63440bcd-ddb5-4c00-8006-6f2cca450fd8@group-367105F5BB28, cid=186, SUCCESS, logIndex=0, commits[63440bcd-ddb5-4c00-8006-6f2cca450fd8:c64, 84d78712-0ed3-4e85-a24c-8e41c8241796:c63, 9726f178-e973-440c-9728-4ac35a81d6d9:c63]
]]></system-out>
  </testcase>
  <testcase name="testBlockWrites" classname="org.apache.hadoop.ozone.client.rpc.TestCloseContainerHandlingByClient" time="2.872"/>
  <testcase name="testMultiBlockWrites2" classname="org.apache.hadoop.ozone.client.rpc.TestCloseContainerHandlingByClient" time="193.419">
    <error message="PipelineID=f425068e-56e5-48a7-bfb8-98b303272373 not found" type="org.apache.hadoop.hdds.scm.pipeline.PipelineNotFoundException">org.apache.hadoop.hdds.scm.pipeline.PipelineNotFoundException: PipelineID=f425068e-56e5-48a7-bfb8-98b303272373 not found
	at org.apache.hadoop.hdds.scm.pipeline.PipelineStateMap.getPipeline(PipelineStateMap.java:132)
	at org.apache.hadoop.hdds.scm.pipeline.PipelineStateManager.getPipeline(PipelineStateManager.java:66)
	at org.apache.hadoop.hdds.scm.pipeline.SCMPipelineManager.getPipeline(SCMPipelineManager.java:187)
	at org.apache.hadoop.ozone.container.ContainerTestHelper.waitForContainerClose(ContainerTestHelper.java:833)
	at org.apache.hadoop.ozone.container.ContainerTestHelper.waitForContainerClose(ContainerTestHelper.java:741)
	at org.apache.hadoop.ozone.client.rpc.TestCloseContainerHandlingByClient.waitForContainerClose(TestCloseContainerHandlingByClient.java:342)
	at org.apache.hadoop.ozone.client.rpc.TestCloseContainerHandlingByClient.testMultiBlockWrites2(TestCloseContainerHandlingByClient.java:266)
	at sun.reflect.NativeMethodAccessorImpl.invoke0(Native Method)
	at sun.reflect.NativeMethodAccessorImpl.invoke(NativeMethodAccessorImpl.java:62)
	at sun.reflect.DelegatingMethodAccessorImpl.invoke(DelegatingMethodAccessorImpl.java:43)
	at java.lang.reflect.Method.invoke(Method.java:498)
	at org.junit.runners.model.FrameworkMethod$1.runReflectiveCall(FrameworkMethod.java:47)
	at org.junit.internal.runners.model.ReflectiveCallable.run(ReflectiveCallable.java:12)
	at org.junit.runners.model.FrameworkMethod.invokeExplosively(FrameworkMethod.java:44)
	at org.junit.internal.runners.statements.InvokeMethod.evaluate(InvokeMethod.java:17)
	at org.junit.runners.ParentRunner.runLeaf(ParentRunner.java:271)
	at org.junit.runners.BlockJUnit4ClassRunner.runChild(BlockJUnit4ClassRunner.java:70)
	at org.junit.runners.BlockJUnit4ClassRunner.runChild(BlockJUnit4ClassRunner.java:50)
	at org.junit.runners.ParentRunner$3.run(ParentRunner.java:238)
	at org.junit.runners.ParentRunner$1.schedule(ParentRunner.java:63)
	at org.junit.runners.ParentRunner.runChildren(ParentRunner.java:236)
	at org.junit.runners.ParentRunner.access$000(ParentRunner.java:53)
	at org.junit.runners.ParentRunner$2.evaluate(ParentRunner.java:229)
	at org.junit.internal.runners.statements.RunBefores.evaluate(RunBefores.java:26)
	at org.junit.internal.runners.statements.RunAfters.evaluate(RunAfters.java:27)
	at org.junit.runners.ParentRunner.run(ParentRunner.java:309)
	at org.apache.maven.surefire.junit4.JUnit4Provider.execute(JUnit4Provider.java:365)
	at org.apache.maven.surefire.junit4.JUnit4Provider.executeWithRerun(JUnit4Provider.java:273)
	at org.apache.maven.surefire.junit4.JUnit4Provider.executeTestSet(JUnit4Provider.java:238)
	at org.apache.maven.surefire.junit4.JUnit4Provider.invoke(JUnit4Provider.java:159)
	at org.apache.maven.surefire.booter.ForkedBooter.invokeProviderInSameClassLoader(ForkedBooter.java:384)
	at org.apache.maven.surefire.booter.ForkedBooter.runSuitesInProcess(ForkedBooter.java:345)
	at org.apache.maven.surefire.booter.ForkedBooter.execute(ForkedBooter.java:126)
	at org.apache.maven.surefire.booter.ForkedBooter.main(ForkedBooter.java:418)
</error>
    <system-out><![CDATA[2019-09-17 09:52:44,205 [grpc-default-executor-2] INFO  client.GrpcClientProtocolClient (GrpcClientProtocolClient.java:onNext(264)) - client-745966CB3AB4->63440bcd-ddb5-4c00-8006-6f2cca450fd8: receive RaftClientReply:client-745966CB3AB4->63440bcd-ddb5-4c00-8006-6f2cca450fd8@group-367105F5BB28, cid=209, SUCCESS, logIndex=78, commits[63440bcd-ddb5-4c00-8006-6f2cca450fd8:c81, 84d78712-0ed3-4e85-a24c-8e41c8241796:c77, 9726f178-e973-440c-9728-4ac35a81d6d9:c77]
2019-09-17 09:52:44,205 [grpc-default-executor-2] INFO  client.GrpcClientProtocolClient (GrpcClientProtocolClient.java:onNext(264)) - client-745966CB3AB4->63440bcd-ddb5-4c00-8006-6f2cca450fd8: receive RaftClientReply:client-745966CB3AB4->63440bcd-ddb5-4c00-8006-6f2cca450fd8@group-367105F5BB28, cid=210, SUCCESS, logIndex=79, commits[63440bcd-ddb5-4c00-8006-6f2cca450fd8:c81, 84d78712-0ed3-4e85-a24c-8e41c8241796:c77, 9726f178-e973-440c-9728-4ac35a81d6d9:c77]
2019-09-17 09:52:44,206 [grpc-default-executor-2] INFO  client.GrpcClientProtocolClient (GrpcClientProtocolClient.java:onNext(264)) - client-745966CB3AB4->63440bcd-ddb5-4c00-8006-6f2cca450fd8: receive RaftClientReply:client-745966CB3AB4->63440bcd-ddb5-4c00-8006-6f2cca450fd8@group-367105F5BB28, cid=211, SUCCESS, logIndex=80, commits[63440bcd-ddb5-4c00-8006-6f2cca450fd8:c81, 84d78712-0ed3-4e85-a24c-8e41c8241796:c77, 9726f178-e973-440c-9728-4ac35a81d6d9:c77]
2019-09-17 09:52:44,206 [grpc-default-executor-2] INFO  client.GrpcClientProtocolClient (GrpcClientProtocolClient.java:onNext(264)) - client-745966CB3AB4->63440bcd-ddb5-4c00-8006-6f2cca450fd8: receive RaftClientReply:client-745966CB3AB4->63440bcd-ddb5-4c00-8006-6f2cca450fd8@group-367105F5BB28, cid=212, SUCCESS, logIndex=81, commits[63440bcd-ddb5-4c00-8006-6f2cca450fd8:c81, 84d78712-0ed3-4e85-a24c-8e41c8241796:c77, 9726f178-e973-440c-9728-4ac35a81d6d9:c77]
2019-09-17 09:52:44,216 [grpc-default-executor-2] INFO  client.GrpcClientProtocolClient (GrpcClientProtocolClient.java:onNext(264)) - client-745966CB3AB4->63440bcd-ddb5-4c00-8006-6f2cca450fd8: receive RaftClientReply:client-745966CB3AB4->63440bcd-ddb5-4c00-8006-6f2cca450fd8@group-367105F5BB28, cid=213, SUCCESS, logIndex=0, commits[63440bcd-ddb5-4c00-8006-6f2cca450fd8:c81, 84d78712-0ed3-4e85-a24c-8e41c8241796:c80, 9726f178-e973-440c-9728-4ac35a81d6d9:c80]
2019-09-17 09:52:44,237 [grpc-default-executor-7] INFO  client.GrpcClientProtocolClient (GrpcClientProtocolClient.java:onNext(264)) - client-745966CB3AB4->63440bcd-ddb5-4c00-8006-6f2cca450fd8: receive RaftClientReply:client-745966CB3AB4->63440bcd-ddb5-4c00-8006-6f2cca450fd8@group-367105F5BB28, cid=214, SUCCESS, logIndex=85, commits[63440bcd-ddb5-4c00-8006-6f2cca450fd8:c86, 84d78712-0ed3-4e85-a24c-8e41c8241796:c84, 9726f178-e973-440c-9728-4ac35a81d6d9:c84]
2019-09-17 09:52:44,238 [grpc-default-executor-7] INFO  client.GrpcClientProtocolClient (GrpcClientProtocolClient.java:onNext(264)) - client-745966CB3AB4->63440bcd-ddb5-4c00-8006-6f2cca450fd8: receive RaftClientReply:client-745966CB3AB4->63440bcd-ddb5-4c00-8006-6f2cca450fd8@group-367105F5BB28, cid=215, SUCCESS, logIndex=86, commits[63440bcd-ddb5-4c00-8006-6f2cca450fd8:c86, 84d78712-0ed3-4e85-a24c-8e41c8241796:c84, 9726f178-e973-440c-9728-4ac35a81d6d9:c84]
2019-09-17 09:52:44,263 [grpc-default-executor-7] INFO  client.GrpcClientProtocolClient (GrpcClientProtocolClient.java:onNext(264)) - client-745966CB3AB4->63440bcd-ddb5-4c00-8006-6f2cca450fd8: receive RaftClientReply:client-745966CB3AB4->63440bcd-ddb5-4c00-8006-6f2cca450fd8@group-367105F5BB28, cid=216, SUCCESS, logIndex=89, commits[63440bcd-ddb5-4c00-8006-6f2cca450fd8:c90, 84d78712-0ed3-4e85-a24c-8e41c8241796:c86, 9726f178-e973-440c-9728-4ac35a81d6d9:c86]
2019-09-17 09:52:44,263 [grpc-default-executor-7] INFO  client.GrpcClientProtocolClient (GrpcClientProtocolClient.java:onNext(264)) - client-745966CB3AB4->63440bcd-ddb5-4c00-8006-6f2cca450fd8: receive RaftClientReply:client-745966CB3AB4->63440bcd-ddb5-4c00-8006-6f2cca450fd8@group-367105F5BB28, cid=217, SUCCESS, logIndex=90, commits[63440bcd-ddb5-4c00-8006-6f2cca450fd8:c90, 84d78712-0ed3-4e85-a24c-8e41c8241796:c86, 9726f178-e973-440c-9728-4ac35a81d6d9:c86]
2019-09-17 09:52:44,276 [grpc-default-executor-7] INFO  client.GrpcClientProtocolClient (GrpcClientProtocolClient.java:onNext(264)) - client-745966CB3AB4->63440bcd-ddb5-4c00-8006-6f2cca450fd8: receive RaftClientReply:client-745966CB3AB4->63440bcd-ddb5-4c00-8006-6f2cca450fd8@group-367105F5BB28, cid=218, SUCCESS, logIndex=0, commits[63440bcd-ddb5-4c00-8006-6f2cca450fd8:c91, 84d78712-0ed3-4e85-a24c-8e41c8241796:c90, 9726f178-e973-440c-9728-4ac35a81d6d9:c90]
2019-09-17 09:52:45,277 [grpc-default-executor-2] INFO  impl.RaftServerProxy (RaftServerProxy.java:remove(95)) - bdd5aae1-c180-43a6-a11a-58912a33bf0b: remove group-AADE5DCBB6F7:null
2019-09-17 09:52:45,279 [RatisPipelineUtilsThread] WARN  pipeline.RatisPipelineUtils (RatisPipelineUtils.java:destroyPipeline(66)) - Pipeline destroy failed for pipeline=PipelineID=ee8ffa2b-24a5-4a82-be78-aade5dcbb6f7 dn=bdd5aae1-c180-43a6-a11a-58912a33bf0b{ip: 192.168.34.37, host: pr-hdds-2110-rdjw6-11158954, networkLocation: /default-rack, certSerialId: null}
2019-09-17 09:52:45,281 [grpc-default-executor-2] INFO  impl.RaftServerProxy (RaftServerProxy.java:remove(95)) - 97184ed6-1d8a-4db2-a901-2f2d7f2102ca: remove group-AADE5DCBB6F7:null
2019-09-17 09:52:45,283 [RatisPipelineUtilsThread] WARN  pipeline.RatisPipelineUtils (RatisPipelineUtils.java:destroyPipeline(66)) - Pipeline destroy failed for pipeline=PipelineID=ee8ffa2b-24a5-4a82-be78-aade5dcbb6f7 dn=97184ed6-1d8a-4db2-a901-2f2d7f2102ca{ip: 192.168.34.37, host: pr-hdds-2110-rdjw6-11158954, networkLocation: /default-rack, certSerialId: null}
2019-09-17 09:52:45,285 [grpc-default-executor-2] INFO  impl.RaftServerProxy (RaftServerProxy.java:remove(95)) - 7550e15a-2ff9-4e5e-b05d-d9f072bd52cf: remove group-AADE5DCBB6F7:null
2019-09-17 09:52:45,286 [RatisPipelineUtilsThread] WARN  pipeline.RatisPipelineUtils (RatisPipelineUtils.java:destroyPipeline(66)) - Pipeline destroy failed for pipeline=PipelineID=ee8ffa2b-24a5-4a82-be78-aade5dcbb6f7 dn=7550e15a-2ff9-4e5e-b05d-d9f072bd52cf{ip: 192.168.34.37, host: pr-hdds-2110-rdjw6-11158954, networkLocation: /default-rack, certSerialId: null}
2019-09-17 09:52:45,286 [RatisPipelineUtilsThread] ERROR pipeline.SCMPipelineManager (Scheduler.java:lambda$schedule$1(70)) - Destroy pipeline failed for pipeline:Pipeline[ Id: ee8ffa2b-24a5-4a82-be78-aade5dcbb6f7, Nodes: bdd5aae1-c180-43a6-a11a-58912a33bf0b{ip: 192.168.34.37, host: pr-hdds-2110-rdjw6-11158954, networkLocation: /default-rack, certSerialId: null}97184ed6-1d8a-4db2-a901-2f2d7f2102ca{ip: 192.168.34.37, host: pr-hdds-2110-rdjw6-11158954, networkLocation: /default-rack, certSerialId: null}7550e15a-2ff9-4e5e-b05d-d9f072bd52cf{ip: 192.168.34.37, host: pr-hdds-2110-rdjw6-11158954, networkLocation: /default-rack, certSerialId: null}, Type:RATIS, Factor:THREE, State:CLOSED]
org.apache.hadoop.hdds.scm.pipeline.PipelineNotFoundException: PipelineID=ee8ffa2b-24a5-4a82-be78-aade5dcbb6f7 not found
	at org.apache.hadoop.hdds.scm.pipeline.PipelineStateMap.getPipeline(PipelineStateMap.java:132)
	at org.apache.hadoop.hdds.scm.pipeline.PipelineStateMap.removePipeline(PipelineStateMap.java:322)
	at org.apache.hadoop.hdds.scm.pipeline.PipelineStateManager.removePipeline(PipelineStateManager.java:107)
	at org.apache.hadoop.hdds.scm.pipeline.SCMPipelineManager.removePipeline(SCMPipelineManager.java:423)
	at org.apache.hadoop.hdds.scm.pipeline.SCMPipelineManager.destroyPipeline(SCMPipelineManager.java:409)
	at org.apache.hadoop.hdds.scm.pipeline.SCMPipelineManager.lambda$finalizeAndDestroyPipeline$0(SCMPipelineManager.java:318)
	at org.apache.hadoop.utils.Scheduler.lambda$schedule$1(Scheduler.java:68)
	at java.util.concurrent.Executors$RunnableAdapter.call(Executors.java:511)
	at java.util.concurrent.FutureTask.run(FutureTask.java:266)
	at java.util.concurrent.ScheduledThreadPoolExecutor$ScheduledFutureTask.access$201(ScheduledThreadPoolExecutor.java:180)
	at java.util.concurrent.ScheduledThreadPoolExecutor$ScheduledFutureTask.run(ScheduledThreadPoolExecutor.java:293)
	at java.util.concurrent.ThreadPoolExecutor.runWorker(ThreadPoolExecutor.java:1149)
	at java.util.concurrent.ThreadPoolExecutor$Worker.run(ThreadPoolExecutor.java:624)
	at java.lang.Thread.run(Thread.java:748)
2019-09-17 09:52:47,286 [java.util.concurrent.ThreadPoolExecutor$Worker@36903ecd[State = -1, empty queue]] WARN  server.GrpcLogAppender (GrpcLogAppender.java:timeoutAppendRequest(200)) - 7550e15a-2ff9-4e5e-b05d-d9f072bd52cf@group-98B303272373->bdd5aae1-c180-43a6-a11a-58912a33bf0b-GrpcLogAppender: appendEntries Timeout, request=7550e15a-2ff9-4e5e-b05d-d9f072bd52cf->bdd5aae1-c180-43a6-a11a-58912a33bf0b#25-t1, previous=(t:1, i:10), leaderCommit=10, initializing? false, entries: size=1, first=(t:1, i:11), STATEMACHINELOGENTRY, client-7EF2EE2BC676, cid=219
2019-09-17 09:52:47,286 [java.util.concurrent.ThreadPoolExecutor$Worker@4029c190[State = -1, empty queue]] WARN  server.GrpcLogAppender (GrpcLogAppender.java:timeoutAppendRequest(200)) - 7550e15a-2ff9-4e5e-b05d-d9f072bd52cf@group-98B303272373->97184ed6-1d8a-4db2-a901-2f2d7f2102ca-GrpcLogAppender: appendEntries Timeout, request=7550e15a-2ff9-4e5e-b05d-d9f072bd52cf->97184ed6-1d8a-4db2-a901-2f2d7f2102ca#25-t1, previous=(t:1, i:10), leaderCommit=10, initializing? false, entries: size=1, first=(t:1, i:11), STATEMACHINELOGENTRY, client-7EF2EE2BC676, cid=219
2019-09-17 09:52:47,287 [java.util.concurrent.ThreadPoolExecutor$Worker@36903ecd[State = -1, empty queue]] WARN  server.GrpcLogAppender (GrpcLogAppender.java:timeoutAppendRequest(200)) - 7550e15a-2ff9-4e5e-b05d-d9f072bd52cf@group-98B303272373->bdd5aae1-c180-43a6-a11a-58912a33bf0b-GrpcLogAppender: appendEntries Timeout, request=7550e15a-2ff9-4e5e-b05d-d9f072bd52cf->bdd5aae1-c180-43a6-a11a-58912a33bf0b#26-t1, previous=(t:1, i:11), leaderCommit=10, initializing? false, entries: size=1, first=(t:1, i:12), STATEMACHINELOGENTRY, client-7EF2EE2BC676, cid=220
2019-09-17 09:52:47,287 [java.util.concurrent.ThreadPoolExecutor$Worker@4029c190[State = -1, empty queue]] WARN  server.GrpcLogAppender (GrpcLogAppender.java:timeoutAppendRequest(200)) - 7550e15a-2ff9-4e5e-b05d-d9f072bd52cf@group-98B303272373->97184ed6-1d8a-4db2-a901-2f2d7f2102ca-GrpcLogAppender: appendEntries Timeout, request=7550e15a-2ff9-4e5e-b05d-d9f072bd52cf->97184ed6-1d8a-4db2-a901-2f2d7f2102ca#26-t1, previous=(t:1, i:11), leaderCommit=10, initializing? false, entries: size=1, first=(t:1, i:12), STATEMACHINELOGENTRY, client-7EF2EE2BC676, cid=220
2019-09-17 09:52:47,288 [java.util.concurrent.ThreadPoolExecutor$Worker@36903ecd[State = -1, empty queue]] WARN  server.GrpcLogAppender (GrpcLogAppender.java:timeoutAppendRequest(200)) - 7550e15a-2ff9-4e5e-b05d-d9f072bd52cf@group-98B303272373->bdd5aae1-c180-43a6-a11a-58912a33bf0b-GrpcLogAppender: appendEntries Timeout, request=7550e15a-2ff9-4e5e-b05d-d9f072bd52cf->bdd5aae1-c180-43a6-a11a-58912a33bf0b#27-t1, previous=(t:1, i:12), leaderCommit=10, initializing? false, entries: size=1, first=(t:1, i:13), STATEMACHINELOGENTRY, client-7EF2EE2BC676, cid=221
2019-09-17 09:52:47,288 [java.util.concurrent.ThreadPoolExecutor$Worker@4029c190[State = -1, empty queue]] WARN  server.GrpcLogAppender (GrpcLogAppender.java:timeoutAppendRequest(200)) - 7550e15a-2ff9-4e5e-b05d-d9f072bd52cf@group-98B303272373->97184ed6-1d8a-4db2-a901-2f2d7f2102ca-GrpcLogAppender: appendEntries Timeout, request=7550e15a-2ff9-4e5e-b05d-d9f072bd52cf->97184ed6-1d8a-4db2-a901-2f2d7f2102ca#27-t1, previous=(t:1, i:12), leaderCommit=10, initializing? false, entries: size=1, first=(t:1, i:13), STATEMACHINELOGENTRY, client-7EF2EE2BC676, cid=221
2019-09-17 09:52:47,288 [java.util.concurrent.ThreadPoolExecutor$Worker@36903ecd[State = -1, empty queue]] WARN  server.GrpcLogAppender (GrpcLogAppender.java:timeoutAppendRequest(200)) - 7550e15a-2ff9-4e5e-b05d-d9f072bd52cf@group-98B303272373->bdd5aae1-c180-43a6-a11a-58912a33bf0b-GrpcLogAppender: appendEntries Timeout, request=7550e15a-2ff9-4e5e-b05d-d9f072bd52cf->bdd5aae1-c180-43a6-a11a-58912a33bf0b#28-t1, previous=(t:1, i:13), leaderCommit=10, initializing? false, entries: size=1, first=(t:1, i:14), STATEMACHINELOGENTRY, client-7EF2EE2BC676, cid=222
2019-09-17 09:52:47,288 [java.util.concurrent.ThreadPoolExecutor$Worker@4029c190[State = -1, empty queue]] WARN  server.GrpcLogAppender (GrpcLogAppender.java:timeoutAppendRequest(200)) - 7550e15a-2ff9-4e5e-b05d-d9f072bd52cf@group-98B303272373->97184ed6-1d8a-4db2-a901-2f2d7f2102ca-GrpcLogAppender: appendEntries Timeout, request=7550e15a-2ff9-4e5e-b05d-d9f072bd52cf->97184ed6-1d8a-4db2-a901-2f2d7f2102ca#28-t1, previous=(t:1, i:13), leaderCommit=10, initializing? false, entries: size=1, first=(t:1, i:14), STATEMACHINELOGENTRY, client-7EF2EE2BC676, cid=222
2019-09-17 09:52:48,285 [grpc-default-executor-2] INFO  impl.RaftServerProxy (RaftServerProxy.java:remove(95)) - bdd5aae1-c180-43a6-a11a-58912a33bf0b: remove group-AADE5DCBB6F7:null
2019-09-17 09:52:48,300 [RatisPipelineUtilsThread] WARN  pipeline.RatisPipelineUtils (RatisPipelineUtils.java:destroyPipeline(66)) - Pipeline destroy failed for pipeline=PipelineID=ee8ffa2b-24a5-4a82-be78-aade5dcbb6f7 dn=bdd5aae1-c180-43a6-a11a-58912a33bf0b{ip: 192.168.34.37, host: pr-hdds-2110-rdjw6-11158954, networkLocation: /default-rack, certSerialId: null}
2019-09-17 09:52:48,307 [grpc-default-executor-8] INFO  impl.RaftServerProxy (RaftServerProxy.java:remove(95)) - 97184ed6-1d8a-4db2-a901-2f2d7f2102ca: remove group-AADE5DCBB6F7:null
2019-09-17 09:52:48,309 [RatisPipelineUtilsThread] WARN  pipeline.RatisPipelineUtils (RatisPipelineUtils.java:destroyPipeline(66)) - Pipeline destroy failed for pipeline=PipelineID=ee8ffa2b-24a5-4a82-be78-aade5dcbb6f7 dn=97184ed6-1d8a-4db2-a901-2f2d7f2102ca{ip: 192.168.34.37, host: pr-hdds-2110-rdjw6-11158954, networkLocation: /default-rack, certSerialId: null}
2019-09-17 09:52:48,311 [grpc-default-executor-8] INFO  impl.RaftServerProxy (RaftServerProxy.java:remove(95)) - 7550e15a-2ff9-4e5e-b05d-d9f072bd52cf: remove group-AADE5DCBB6F7:null
2019-09-17 09:52:48,313 [RatisPipelineUtilsThread] WARN  pipeline.RatisPipelineUtils (RatisPipelineUtils.java:destroyPipeline(66)) - Pipeline destroy failed for pipeline=PipelineID=ee8ffa2b-24a5-4a82-be78-aade5dcbb6f7 dn=7550e15a-2ff9-4e5e-b05d-d9f072bd52cf{ip: 192.168.34.37, host: pr-hdds-2110-rdjw6-11158954, networkLocation: /default-rack, certSerialId: null}
2019-09-17 09:52:48,314 [RatisPipelineUtilsThread] ERROR pipeline.SCMPipelineManager (Scheduler.java:lambda$schedule$1(70)) - Destroy pipeline failed for pipeline:Pipeline[ Id: ee8ffa2b-24a5-4a82-be78-aade5dcbb6f7, Nodes: bdd5aae1-c180-43a6-a11a-58912a33bf0b{ip: 192.168.34.37, host: pr-hdds-2110-rdjw6-11158954, networkLocation: /default-rack, certSerialId: null}97184ed6-1d8a-4db2-a901-2f2d7f2102ca{ip: 192.168.34.37, host: pr-hdds-2110-rdjw6-11158954, networkLocation: /default-rack, certSerialId: null}7550e15a-2ff9-4e5e-b05d-d9f072bd52cf{ip: 192.168.34.37, host: pr-hdds-2110-rdjw6-11158954, networkLocation: /default-rack, certSerialId: null}, Type:RATIS, Factor:THREE, State:CLOSED]
org.apache.hadoop.hdds.scm.pipeline.PipelineNotFoundException: PipelineID=ee8ffa2b-24a5-4a82-be78-aade5dcbb6f7 not found
	at org.apache.hadoop.hdds.scm.pipeline.PipelineStateMap.getPipeline(PipelineStateMap.java:132)
	at org.apache.hadoop.hdds.scm.pipeline.PipelineStateMap.removePipeline(PipelineStateMap.java:322)
	at org.apache.hadoop.hdds.scm.pipeline.PipelineStateManager.removePipeline(PipelineStateManager.java:107)
	at org.apache.hadoop.hdds.scm.pipeline.SCMPipelineManager.removePipeline(SCMPipelineManager.java:423)
	at org.apache.hadoop.hdds.scm.pipeline.SCMPipelineManager.destroyPipeline(SCMPipelineManager.java:409)
	at org.apache.hadoop.hdds.scm.pipeline.SCMPipelineManager.lambda$finalizeAndDestroyPipeline$0(SCMPipelineManager.java:318)
	at org.apache.hadoop.utils.Scheduler.lambda$schedule$1(Scheduler.java:68)
	at java.util.concurrent.Executors$RunnableAdapter.call(Executors.java:511)
	at java.util.concurrent.FutureTask.run(FutureTask.java:266)
	at java.util.concurrent.ScheduledThreadPoolExecutor$ScheduledFutureTask.access$201(ScheduledThreadPoolExecutor.java:180)
	at java.util.concurrent.ScheduledThreadPoolExecutor$ScheduledFutureTask.run(ScheduledThreadPoolExecutor.java:293)
	at java.util.concurrent.ThreadPoolExecutor.runWorker(ThreadPoolExecutor.java:1149)
	at java.util.concurrent.ThreadPoolExecutor$Worker.run(ThreadPoolExecutor.java:624)
	at java.lang.Thread.run(Thread.java:748)
2019-09-17 09:52:49,321 [grpc-default-executor-8] INFO  client.GrpcClientProtocolClient (GrpcClientProtocolClient.java:onNext(264)) - client-7EF2EE2BC676->97184ed6-1d8a-4db2-a901-2f2d7f2102ca: receive RaftClientReply:client-7EF2EE2BC676->97184ed6-1d8a-4db2-a901-2f2d7f2102ca@group-98B303272373, cid=219, FAILED org.apache.ratis.protocol.NotLeaderException: Server 97184ed6-1d8a-4db2-a901-2f2d7f2102ca@group-98B303272373 is not the leader 7550e15a-2ff9-4e5e-b05d-d9f072bd52cf:192.168.34.37:41606, logIndex=0, commits[97184ed6-1d8a-4db2-a901-2f2d7f2102ca:c10, bdd5aae1-c180-43a6-a11a-58912a33bf0b:c9, 7550e15a-2ff9-4e5e-b05d-d9f072bd52cf:c10]
2019-09-17 09:52:49,784 [java.util.concurrent.ThreadPoolExecutor$Worker@36903ecd[State = -1, empty queue]] WARN  server.GrpcLogAppender (GrpcLogAppender.java:timeoutAppendRequest(200)) - 7550e15a-2ff9-4e5e-b05d-d9f072bd52cf@group-98B303272373->bdd5aae1-c180-43a6-a11a-58912a33bf0b-GrpcLogAppender: appendEntries Timeout, request=7550e15a-2ff9-4e5e-b05d-d9f072bd52cf->bdd5aae1-c180-43a6-a11a-58912a33bf0b#29-t1, previous=(t:1, i:14), leaderCommit=10, initializing? false, entries: <empty>
2019-09-17 09:52:49,784 [java.util.concurrent.ThreadPoolExecutor$Worker@4029c190[State = -1, empty queue]] WARN  server.GrpcLogAppender (GrpcLogAppender.java:timeoutAppendRequest(200)) - 7550e15a-2ff9-4e5e-b05d-d9f072bd52cf@group-98B303272373->97184ed6-1d8a-4db2-a901-2f2d7f2102ca-GrpcLogAppender: appendEntries Timeout, request=7550e15a-2ff9-4e5e-b05d-d9f072bd52cf->97184ed6-1d8a-4db2-a901-2f2d7f2102ca#29-t1, previous=(t:1, i:14), leaderCommit=10, initializing? false, entries: <empty>
2019-09-17 09:52:50,279 [grpc-default-executor-2] INFO  impl.RaftServerProxy (RaftServerProxy.java:remove(95)) - bdd5aae1-c180-43a6-a11a-58912a33bf0b: remove group-AADE5DCBB6F7:null
2019-09-17 09:52:50,284 [RatisPipelineUtilsThread] WARN  pipeline.RatisPipelineUtils (RatisPipelineUtils.java:destroyPipeline(66)) - Pipeline destroy failed for pipeline=PipelineID=ee8ffa2b-24a5-4a82-be78-aade5dcbb6f7 dn=bdd5aae1-c180-43a6-a11a-58912a33bf0b{ip: 192.168.34.37, host: pr-hdds-2110-rdjw6-11158954, networkLocation: /default-rack, certSerialId: null}
2019-09-17 09:52:50,287 [grpc-default-executor-2] INFO  impl.RaftServerProxy (RaftServerProxy.java:remove(95)) - 97184ed6-1d8a-4db2-a901-2f2d7f2102ca: remove group-AADE5DCBB6F7:null
2019-09-17 09:52:50,289 [RatisPipelineUtilsThread] WARN  pipeline.RatisPipelineUtils (RatisPipelineUtils.java:destroyPipeline(66)) - Pipeline destroy failed for pipeline=PipelineID=ee8ffa2b-24a5-4a82-be78-aade5dcbb6f7 dn=97184ed6-1d8a-4db2-a901-2f2d7f2102ca{ip: 192.168.34.37, host: pr-hdds-2110-rdjw6-11158954, networkLocation: /default-rack, certSerialId: null}
2019-09-17 09:52:50,291 [grpc-default-executor-2] INFO  impl.RaftServerProxy (RaftServerProxy.java:remove(95)) - 7550e15a-2ff9-4e5e-b05d-d9f072bd52cf: remove group-AADE5DCBB6F7:null
2019-09-17 09:52:50,293 [RatisPipelineUtilsThread] WARN  pipeline.RatisPipelineUtils (RatisPipelineUtils.java:destroyPipeline(66)) - Pipeline destroy failed for pipeline=PipelineID=ee8ffa2b-24a5-4a82-be78-aade5dcbb6f7 dn=7550e15a-2ff9-4e5e-b05d-d9f072bd52cf{ip: 192.168.34.37, host: pr-hdds-2110-rdjw6-11158954, networkLocation: /default-rack, certSerialId: null}
2019-09-17 09:52:50,294 [RatisPipelineUtilsThread] ERROR pipeline.SCMPipelineManager (Scheduler.java:lambda$schedule$1(70)) - Destroy pipeline failed for pipeline:Pipeline[ Id: ee8ffa2b-24a5-4a82-be78-aade5dcbb6f7, Nodes: bdd5aae1-c180-43a6-a11a-58912a33bf0b{ip: 192.168.34.37, host: pr-hdds-2110-rdjw6-11158954, networkLocation: /default-rack, certSerialId: null}97184ed6-1d8a-4db2-a901-2f2d7f2102ca{ip: 192.168.34.37, host: pr-hdds-2110-rdjw6-11158954, networkLocation: /default-rack, certSerialId: null}7550e15a-2ff9-4e5e-b05d-d9f072bd52cf{ip: 192.168.34.37, host: pr-hdds-2110-rdjw6-11158954, networkLocation: /default-rack, certSerialId: null}, Type:RATIS, Factor:THREE, State:CLOSED]
org.apache.hadoop.hdds.scm.pipeline.PipelineNotFoundException: PipelineID=ee8ffa2b-24a5-4a82-be78-aade5dcbb6f7 not found
	at org.apache.hadoop.hdds.scm.pipeline.PipelineStateMap.getPipeline(PipelineStateMap.java:132)
	at org.apache.hadoop.hdds.scm.pipeline.PipelineStateMap.removePipeline(PipelineStateMap.java:322)
	at org.apache.hadoop.hdds.scm.pipeline.PipelineStateManager.removePipeline(PipelineStateManager.java:107)
	at org.apache.hadoop.hdds.scm.pipeline.SCMPipelineManager.removePipeline(SCMPipelineManager.java:423)
	at org.apache.hadoop.hdds.scm.pipeline.SCMPipelineManager.destroyPipeline(SCMPipelineManager.java:409)
	at org.apache.hadoop.hdds.scm.pipeline.SCMPipelineManager.lambda$finalizeAndDestroyPipeline$0(SCMPipelineManager.java:318)
	at org.apache.hadoop.utils.Scheduler.lambda$schedule$1(Scheduler.java:68)
	at java.util.concurrent.Executors$RunnableAdapter.call(Executors.java:511)
	at java.util.concurrent.FutureTask.run(FutureTask.java:266)
	at java.util.concurrent.ScheduledThreadPoolExecutor$ScheduledFutureTask.access$201(ScheduledThreadPoolExecutor.java:180)
	at java.util.concurrent.ScheduledThreadPoolExecutor$ScheduledFutureTask.run(ScheduledThreadPoolExecutor.java:293)
	at java.util.concurrent.ThreadPoolExecutor.runWorker(ThreadPoolExecutor.java:1149)
	at java.util.concurrent.ThreadPoolExecutor$Worker.run(ThreadPoolExecutor.java:624)
	at java.lang.Thread.run(Thread.java:748)
2019-09-17 09:52:52,284 [java.util.concurrent.ThreadPoolExecutor$Worker@36903ecd[State = -1, empty queue]] WARN  server.GrpcLogAppender (GrpcLogAppender.java:timeoutAppendRequest(200)) - 7550e15a-2ff9-4e5e-b05d-d9f072bd52cf@group-98B303272373->bdd5aae1-c180-43a6-a11a-58912a33bf0b-GrpcLogAppender: appendEntries Timeout, request=7550e15a-2ff9-4e5e-b05d-d9f072bd52cf->bdd5aae1-c180-43a6-a11a-58912a33bf0b#30-t1, previous=(t:1, i:14), leaderCommit=10, initializing? false, entries: <empty>
2019-09-17 09:52:52,284 [java.util.concurrent.ThreadPoolExecutor$Worker@4029c190[State = -1, empty queue]] WARN  server.GrpcLogAppender (GrpcLogAppender.java:timeoutAppendRequest(200)) - 7550e15a-2ff9-4e5e-b05d-d9f072bd52cf@group-98B303272373->97184ed6-1d8a-4db2-a901-2f2d7f2102ca-GrpcLogAppender: appendEntries Timeout, request=7550e15a-2ff9-4e5e-b05d-d9f072bd52cf->97184ed6-1d8a-4db2-a901-2f2d7f2102ca#30-t1, previous=(t:1, i:14), leaderCommit=10, initializing? false, entries: <empty>
2019-09-17 09:52:53,281 [grpc-default-executor-2] INFO  impl.RaftServerProxy (RaftServerProxy.java:remove(95)) - bdd5aae1-c180-43a6-a11a-58912a33bf0b: remove group-AADE5DCBB6F7:null
2019-09-17 09:52:53,284 [RatisPipelineUtilsThread] WARN  pipeline.RatisPipelineUtils (RatisPipelineUtils.java:destroyPipeline(66)) - Pipeline destroy failed for pipeline=PipelineID=ee8ffa2b-24a5-4a82-be78-aade5dcbb6f7 dn=bdd5aae1-c180-43a6-a11a-58912a33bf0b{ip: 192.168.34.37, host: pr-hdds-2110-rdjw6-11158954, networkLocation: /default-rack, certSerialId: null}
2019-09-17 09:52:53,287 [grpc-default-executor-2] INFO  impl.RaftServerProxy (RaftServerProxy.java:remove(95)) - 97184ed6-1d8a-4db2-a901-2f2d7f2102ca: remove group-AADE5DCBB6F7:null
2019-09-17 09:52:53,290 [RatisPipelineUtilsThread] WARN  pipeline.RatisPipelineUtils (RatisPipelineUtils.java:destroyPipeline(66)) - Pipeline destroy failed for pipeline=PipelineID=ee8ffa2b-24a5-4a82-be78-aade5dcbb6f7 dn=97184ed6-1d8a-4db2-a901-2f2d7f2102ca{ip: 192.168.34.37, host: pr-hdds-2110-rdjw6-11158954, networkLocation: /default-rack, certSerialId: null}
2019-09-17 09:52:53,292 [grpc-default-executor-2] INFO  impl.RaftServerProxy (RaftServerProxy.java:remove(95)) - 7550e15a-2ff9-4e5e-b05d-d9f072bd52cf: remove group-AADE5DCBB6F7:null
2019-09-17 09:52:53,294 [RatisPipelineUtilsThread] WARN  pipeline.RatisPipelineUtils (RatisPipelineUtils.java:destroyPipeline(66)) - Pipeline destroy failed for pipeline=PipelineID=ee8ffa2b-24a5-4a82-be78-aade5dcbb6f7 dn=7550e15a-2ff9-4e5e-b05d-d9f072bd52cf{ip: 192.168.34.37, host: pr-hdds-2110-rdjw6-11158954, networkLocation: /default-rack, certSerialId: null}
2019-09-17 09:52:53,294 [RatisPipelineUtilsThread] ERROR pipeline.SCMPipelineManager (Scheduler.java:lambda$schedule$1(70)) - Destroy pipeline failed for pipeline:Pipeline[ Id: ee8ffa2b-24a5-4a82-be78-aade5dcbb6f7, Nodes: bdd5aae1-c180-43a6-a11a-58912a33bf0b{ip: 192.168.34.37, host: pr-hdds-2110-rdjw6-11158954, networkLocation: /default-rack, certSerialId: null}97184ed6-1d8a-4db2-a901-2f2d7f2102ca{ip: 192.168.34.37, host: pr-hdds-2110-rdjw6-11158954, networkLocation: /default-rack, certSerialId: null}7550e15a-2ff9-4e5e-b05d-d9f072bd52cf{ip: 192.168.34.37, host: pr-hdds-2110-rdjw6-11158954, networkLocation: /default-rack, certSerialId: null}, Type:RATIS, Factor:THREE, State:CLOSED]
org.apache.hadoop.hdds.scm.pipeline.PipelineNotFoundException: PipelineID=ee8ffa2b-24a5-4a82-be78-aade5dcbb6f7 not found
	at org.apache.hadoop.hdds.scm.pipeline.PipelineStateMap.getPipeline(PipelineStateMap.java:132)
	at org.apache.hadoop.hdds.scm.pipeline.PipelineStateMap.removePipeline(PipelineStateMap.java:322)
	at org.apache.hadoop.hdds.scm.pipeline.PipelineStateManager.removePipeline(PipelineStateManager.java:107)
	at org.apache.hadoop.hdds.scm.pipeline.SCMPipelineManager.removePipeline(SCMPipelineManager.java:423)
	at org.apache.hadoop.hdds.scm.pipeline.SCMPipelineManager.destroyPipeline(SCMPipelineManager.java:409)
	at org.apache.hadoop.hdds.scm.pipeline.SCMPipelineManager.lambda$finalizeAndDestroyPipeline$0(SCMPipelineManager.java:318)
	at org.apache.hadoop.utils.Scheduler.lambda$schedule$1(Scheduler.java:68)
	at java.util.concurrent.Executors$RunnableAdapter.call(Executors.java:511)
	at java.util.concurrent.FutureTask.run(FutureTask.java:266)
	at java.util.concurrent.ScheduledThreadPoolExecutor$ScheduledFutureTask.access$201(ScheduledThreadPoolExecutor.java:180)
	at java.util.concurrent.ScheduledThreadPoolExecutor$ScheduledFutureTask.run(ScheduledThreadPoolExecutor.java:293)
	at java.util.concurrent.ThreadPoolExecutor.runWorker(ThreadPoolExecutor.java:1149)
	at java.util.concurrent.ThreadPoolExecutor$Worker.run(ThreadPoolExecutor.java:624)
	at java.lang.Thread.run(Thread.java:748)
2019-09-17 09:52:54,280 [7550e15a-2ff9-4e5e-b05d-d9f072bd52cf@group-98B303272373-SegmentedRaftLogWorker] WARN  segmented.SegmentedRaftLogWorker (SegmentedRaftLogWorker.java:getFromFuture(90)) - Timeout 0/~
org.apache.ratis.protocol.TimeoutIOException: Timeout 10s: WriteLog:11: (t:1, i:11), STATEMACHINELOGENTRY, client-7EF2EE2BC676, cid=219-writeStateMachineData
	at org.apache.ratis.util.IOUtils.getFromFuture(IOUtils.java:87)
	at org.apache.ratis.server.raftlog.segmented.SegmentedRaftLogWorker$StateMachineDataPolicy.getFromFuture(SegmentedRaftLogWorker.java:87)
	at org.apache.ratis.server.raftlog.segmented.SegmentedRaftLogWorker$WriteLog.execute(SegmentedRaftLogWorker.java:477)
	at org.apache.ratis.server.raftlog.segmented.SegmentedRaftLogWorker.run(SegmentedRaftLogWorker.java:289)
	at java.lang.Thread.run(Thread.java:748)
Caused by: java.util.concurrent.TimeoutException
	at java.util.concurrent.CompletableFuture.timedGet(CompletableFuture.java:1771)
	at java.util.concurrent.CompletableFuture.get(CompletableFuture.java:1915)
	at org.apache.ratis.util.IOUtils.getFromFuture(IOUtils.java:79)
	... 4 more
2019-09-17 09:52:54,282 [bdd5aae1-c180-43a6-a11a-58912a33bf0b@group-98B303272373-SegmentedRaftLogWorker] WARN  segmented.SegmentedRaftLogWorker (SegmentedRaftLogWorker.java:getFromFuture(90)) - Timeout 0/~
org.apache.ratis.protocol.TimeoutIOException: Timeout 10s: WriteLog:11: (t:1, i:11), STATEMACHINELOGENTRY, client-7EF2EE2BC676, cid=219-writeStateMachineData
	at org.apache.ratis.util.IOUtils.getFromFuture(IOUtils.java:87)
	at org.apache.ratis.server.raftlog.segmented.SegmentedRaftLogWorker$StateMachineDataPolicy.getFromFuture(SegmentedRaftLogWorker.java:87)
	at org.apache.ratis.server.raftlog.segmented.SegmentedRaftLogWorker$WriteLog.execute(SegmentedRaftLogWorker.java:477)
	at org.apache.ratis.server.raftlog.segmented.SegmentedRaftLogWorker.run(SegmentedRaftLogWorker.java:289)
	at java.lang.Thread.run(Thread.java:748)
Caused by: java.util.concurrent.TimeoutException
	at java.util.concurrent.CompletableFuture.timedGet(CompletableFuture.java:1771)
	at java.util.concurrent.CompletableFuture.get(CompletableFuture.java:1915)
	at org.apache.ratis.util.IOUtils.getFromFuture(IOUtils.java:79)
	... 4 more
2019-09-17 09:52:54,282 [97184ed6-1d8a-4db2-a901-2f2d7f2102ca@group-98B303272373-SegmentedRaftLogWorker] WARN  segmented.SegmentedRaftLogWorker (SegmentedRaftLogWorker.java:getFromFuture(90)) - Timeout 0/~
org.apache.ratis.protocol.TimeoutIOException: Timeout 10s: WriteLog:11: (t:1, i:11), STATEMACHINELOGENTRY, client-7EF2EE2BC676, cid=219-writeStateMachineData
	at org.apache.ratis.util.IOUtils.getFromFuture(IOUtils.java:87)
	at org.apache.ratis.server.raftlog.segmented.SegmentedRaftLogWorker$StateMachineDataPolicy.getFromFuture(SegmentedRaftLogWorker.java:87)
	at org.apache.ratis.server.raftlog.segmented.SegmentedRaftLogWorker$WriteLog.execute(SegmentedRaftLogWorker.java:477)
	at org.apache.ratis.server.raftlog.segmented.SegmentedRaftLogWorker.run(SegmentedRaftLogWorker.java:289)
	at java.lang.Thread.run(Thread.java:748)
Caused by: java.util.concurrent.TimeoutException
	at java.util.concurrent.CompletableFuture.timedGet(CompletableFuture.java:1771)
	at java.util.concurrent.CompletableFuture.get(CompletableFuture.java:1915)
	at org.apache.ratis.util.IOUtils.getFromFuture(IOUtils.java:79)
	... 4 more
2019-09-17 09:52:54,381 [grpc-default-executor-2] INFO  client.GrpcClientProtocolClient (GrpcClientProtocolClient.java:onNext(264)) - client-7EF2EE2BC676->bdd5aae1-c180-43a6-a11a-58912a33bf0b: receive RaftClientReply:client-7EF2EE2BC676->bdd5aae1-c180-43a6-a11a-58912a33bf0b@group-98B303272373, cid=219, FAILED org.apache.ratis.protocol.NotLeaderException: Server bdd5aae1-c180-43a6-a11a-58912a33bf0b@group-98B303272373 is not the leader 7550e15a-2ff9-4e5e-b05d-d9f072bd52cf:192.168.34.37:41606, logIndex=0, commits[bdd5aae1-c180-43a6-a11a-58912a33bf0b:c10, 97184ed6-1d8a-4db2-a901-2f2d7f2102ca:c9, 7550e15a-2ff9-4e5e-b05d-d9f072bd52cf:c10]
2019-09-17 09:52:54,784 [java.util.concurrent.ThreadPoolExecutor$Worker@36903ecd[State = -1, empty queue]] WARN  server.GrpcLogAppender (GrpcLogAppender.java:timeoutAppendRequest(200)) - 7550e15a-2ff9-4e5e-b05d-d9f072bd52cf@group-98B303272373->bdd5aae1-c180-43a6-a11a-58912a33bf0b-GrpcLogAppender: appendEntries Timeout, request=7550e15a-2ff9-4e5e-b05d-d9f072bd52cf->bdd5aae1-c180-43a6-a11a-58912a33bf0b#31-t1, previous=(t:1, i:14), leaderCommit=10, initializing? false, entries: <empty>
2019-09-17 09:52:54,784 [java.util.concurrent.ThreadPoolExecutor$Worker@4029c190[State = -1, empty queue]] WARN  server.GrpcLogAppender (GrpcLogAppender.java:timeoutAppendRequest(200)) - 7550e15a-2ff9-4e5e-b05d-d9f072bd52cf@group-98B303272373->97184ed6-1d8a-4db2-a901-2f2d7f2102ca-GrpcLogAppender: appendEntries Timeout, request=7550e15a-2ff9-4e5e-b05d-d9f072bd52cf->97184ed6-1d8a-4db2-a901-2f2d7f2102ca#31-t1, previous=(t:1, i:14), leaderCommit=10, initializing? false, entries: <empty>
2019-09-17 09:52:55,277 [grpc-default-executor-2] INFO  impl.RaftServerProxy (RaftServerProxy.java:remove(95)) - bdd5aae1-c180-43a6-a11a-58912a33bf0b: remove group-AADE5DCBB6F7:null
2019-09-17 09:52:55,283 [RatisPipelineUtilsThread] WARN  pipeline.RatisPipelineUtils (RatisPipelineUtils.java:destroyPipeline(66)) - Pipeline destroy failed for pipeline=PipelineID=ee8ffa2b-24a5-4a82-be78-aade5dcbb6f7 dn=bdd5aae1-c180-43a6-a11a-58912a33bf0b{ip: 192.168.34.37, host: pr-hdds-2110-rdjw6-11158954, networkLocation: /default-rack, certSerialId: null}
2019-09-17 09:52:55,287 [grpc-default-executor-2] INFO  impl.RaftServerProxy (RaftServerProxy.java:remove(95)) - 97184ed6-1d8a-4db2-a901-2f2d7f2102ca: remove group-AADE5DCBB6F7:null
2019-09-17 09:52:55,289 [RatisPipelineUtilsThread] WARN  pipeline.RatisPipelineUtils (RatisPipelineUtils.java:destroyPipeline(66)) - Pipeline destroy failed for pipeline=PipelineID=ee8ffa2b-24a5-4a82-be78-aade5dcbb6f7 dn=97184ed6-1d8a-4db2-a901-2f2d7f2102ca{ip: 192.168.34.37, host: pr-hdds-2110-rdjw6-11158954, networkLocation: /default-rack, certSerialId: null}
2019-09-17 09:52:55,290 [grpc-default-executor-2] INFO  impl.RaftServerProxy (RaftServerProxy.java:remove(95)) - 7550e15a-2ff9-4e5e-b05d-d9f072bd52cf: remove group-AADE5DCBB6F7:null
2019-09-17 09:52:55,292 [RatisPipelineUtilsThread] WARN  pipeline.RatisPipelineUtils (RatisPipelineUtils.java:destroyPipeline(66)) - Pipeline destroy failed for pipeline=PipelineID=ee8ffa2b-24a5-4a82-be78-aade5dcbb6f7 dn=7550e15a-2ff9-4e5e-b05d-d9f072bd52cf{ip: 192.168.34.37, host: pr-hdds-2110-rdjw6-11158954, networkLocation: /default-rack, certSerialId: null}
2019-09-17 09:52:55,293 [RatisPipelineUtilsThread] ERROR pipeline.SCMPipelineManager (Scheduler.java:lambda$schedule$1(70)) - Destroy pipeline failed for pipeline:Pipeline[ Id: ee8ffa2b-24a5-4a82-be78-aade5dcbb6f7, Nodes: bdd5aae1-c180-43a6-a11a-58912a33bf0b{ip: 192.168.34.37, host: pr-hdds-2110-rdjw6-11158954, networkLocation: /default-rack, certSerialId: null}97184ed6-1d8a-4db2-a901-2f2d7f2102ca{ip: 192.168.34.37, host: pr-hdds-2110-rdjw6-11158954, networkLocation: /default-rack, certSerialId: null}7550e15a-2ff9-4e5e-b05d-d9f072bd52cf{ip: 192.168.34.37, host: pr-hdds-2110-rdjw6-11158954, networkLocation: /default-rack, certSerialId: null}, Type:RATIS, Factor:THREE, State:CLOSED]
org.apache.hadoop.hdds.scm.pipeline.PipelineNotFoundException: PipelineID=ee8ffa2b-24a5-4a82-be78-aade5dcbb6f7 not found
	at org.apache.hadoop.hdds.scm.pipeline.PipelineStateMap.getPipeline(PipelineStateMap.java:132)
	at org.apache.hadoop.hdds.scm.pipeline.PipelineStateMap.removePipeline(PipelineStateMap.java:322)
	at org.apache.hadoop.hdds.scm.pipeline.PipelineStateManager.removePipeline(PipelineStateManager.java:107)
	at org.apache.hadoop.hdds.scm.pipeline.SCMPipelineManager.removePipeline(SCMPipelineManager.java:423)
	at org.apache.hadoop.hdds.scm.pipeline.SCMPipelineManager.destroyPipeline(SCMPipelineManager.java:409)
	at org.apache.hadoop.hdds.scm.pipeline.SCMPipelineManager.lambda$finalizeAndDestroyPipeline$0(SCMPipelineManager.java:318)
	at org.apache.hadoop.utils.Scheduler.lambda$schedule$1(Scheduler.java:68)
	at java.util.concurrent.Executors$RunnableAdapter.call(Executors.java:511)
	at java.util.concurrent.FutureTask.run(FutureTask.java:266)
	at java.util.concurrent.ScheduledThreadPoolExecutor$ScheduledFutureTask.access$201(ScheduledThreadPoolExecutor.java:180)
	at java.util.concurrent.ScheduledThreadPoolExecutor$ScheduledFutureTask.run(ScheduledThreadPoolExecutor.java:293)
	at java.util.concurrent.ThreadPoolExecutor.runWorker(ThreadPoolExecutor.java:1149)
	at java.util.concurrent.ThreadPoolExecutor$Worker.run(ThreadPoolExecutor.java:624)
	at java.lang.Thread.run(Thread.java:748)
2019-09-17 09:52:57,284 [java.util.concurrent.ThreadPoolExecutor$Worker@36903ecd[State = -1, empty queue]] WARN  server.GrpcLogAppender (GrpcLogAppender.java:timeoutAppendRequest(200)) - 7550e15a-2ff9-4e5e-b05d-d9f072bd52cf@group-98B303272373->bdd5aae1-c180-43a6-a11a-58912a33bf0b-GrpcLogAppender: appendEntries Timeout, request=7550e15a-2ff9-4e5e-b05d-d9f072bd52cf->bdd5aae1-c180-43a6-a11a-58912a33bf0b#32-t1, previous=(t:1, i:14), leaderCommit=10, initializing? false, entries: <empty>
2019-09-17 09:52:57,284 [java.util.concurrent.ThreadPoolExecutor$Worker@4029c190[State = -1, empty queue]] WARN  server.GrpcLogAppender (GrpcLogAppender.java:timeoutAppendRequest(200)) - 7550e15a-2ff9-4e5e-b05d-d9f072bd52cf@group-98B303272373->97184ed6-1d8a-4db2-a901-2f2d7f2102ca-GrpcLogAppender: appendEntries Timeout, request=7550e15a-2ff9-4e5e-b05d-d9f072bd52cf->97184ed6-1d8a-4db2-a901-2f2d7f2102ca#32-t1, previous=(t:1, i:14), leaderCommit=10, initializing? false, entries: <empty>
2019-09-17 09:52:58,281 [grpc-default-executor-2] INFO  impl.RaftServerProxy (RaftServerProxy.java:remove(95)) - bdd5aae1-c180-43a6-a11a-58912a33bf0b: remove group-AADE5DCBB6F7:null
2019-09-17 09:52:58,286 [RatisPipelineUtilsThread] WARN  pipeline.RatisPipelineUtils (RatisPipelineUtils.java:destroyPipeline(66)) - Pipeline destroy failed for pipeline=PipelineID=ee8ffa2b-24a5-4a82-be78-aade5dcbb6f7 dn=bdd5aae1-c180-43a6-a11a-58912a33bf0b{ip: 192.168.34.37, host: pr-hdds-2110-rdjw6-11158954, networkLocation: /default-rack, certSerialId: null}
2019-09-17 09:52:58,288 [grpc-default-executor-2] INFO  impl.RaftServerProxy (RaftServerProxy.java:remove(95)) - 97184ed6-1d8a-4db2-a901-2f2d7f2102ca: remove group-AADE5DCBB6F7:null
2019-09-17 09:52:58,290 [RatisPipelineUtilsThread] WARN  pipeline.RatisPipelineUtils (RatisPipelineUtils.java:destroyPipeline(66)) - Pipeline destroy failed for pipeline=PipelineID=ee8ffa2b-24a5-4a82-be78-aade5dcbb6f7 dn=97184ed6-1d8a-4db2-a901-2f2d7f2102ca{ip: 192.168.34.37, host: pr-hdds-2110-rdjw6-11158954, networkLocation: /default-rack, certSerialId: null}
2019-09-17 09:52:58,292 [grpc-default-executor-8] INFO  impl.RaftServerProxy (RaftServerProxy.java:remove(95)) - 7550e15a-2ff9-4e5e-b05d-d9f072bd52cf: remove group-AADE5DCBB6F7:null
2019-09-17 09:52:58,294 [RatisPipelineUtilsThread] WARN  pipeline.RatisPipelineUtils (RatisPipelineUtils.java:destroyPipeline(66)) - Pipeline destroy failed for pipeline=PipelineID=ee8ffa2b-24a5-4a82-be78-aade5dcbb6f7 dn=7550e15a-2ff9-4e5e-b05d-d9f072bd52cf{ip: 192.168.34.37, host: pr-hdds-2110-rdjw6-11158954, networkLocation: /default-rack, certSerialId: null}
2019-09-17 09:52:58,295 [RatisPipelineUtilsThread] ERROR pipeline.SCMPipelineManager (Scheduler.java:lambda$schedule$1(70)) - Destroy pipeline failed for pipeline:Pipeline[ Id: ee8ffa2b-24a5-4a82-be78-aade5dcbb6f7, Nodes: bdd5aae1-c180-43a6-a11a-58912a33bf0b{ip: 192.168.34.37, host: pr-hdds-2110-rdjw6-11158954, networkLocation: /default-rack, certSerialId: null}97184ed6-1d8a-4db2-a901-2f2d7f2102ca{ip: 192.168.34.37, host: pr-hdds-2110-rdjw6-11158954, networkLocation: /default-rack, certSerialId: null}7550e15a-2ff9-4e5e-b05d-d9f072bd52cf{ip: 192.168.34.37, host: pr-hdds-2110-rdjw6-11158954, networkLocation: /default-rack, certSerialId: null}, Type:RATIS, Factor:THREE, State:CLOSED]
org.apache.hadoop.hdds.scm.pipeline.PipelineNotFoundException: PipelineID=ee8ffa2b-24a5-4a82-be78-aade5dcbb6f7 not found
	at org.apache.hadoop.hdds.scm.pipeline.PipelineStateMap.getPipeline(PipelineStateMap.java:132)
	at org.apache.hadoop.hdds.scm.pipeline.PipelineStateMap.removePipeline(PipelineStateMap.java:322)
	at org.apache.hadoop.hdds.scm.pipeline.PipelineStateManager.removePipeline(PipelineStateManager.java:107)
	at org.apache.hadoop.hdds.scm.pipeline.SCMPipelineManager.removePipeline(SCMPipelineManager.java:423)
	at org.apache.hadoop.hdds.scm.pipeline.SCMPipelineManager.destroyPipeline(SCMPipelineManager.java:409)
	at org.apache.hadoop.hdds.scm.pipeline.SCMPipelineManager.lambda$finalizeAndDestroyPipeline$0(SCMPipelineManager.java:318)
	at org.apache.hadoop.utils.Scheduler.lambda$schedule$1(Scheduler.java:68)
	at java.util.concurrent.Executors$RunnableAdapter.call(Executors.java:511)
	at java.util.concurrent.FutureTask.run(FutureTask.java:266)
	at java.util.concurrent.ScheduledThreadPoolExecutor$ScheduledFutureTask.access$201(ScheduledThreadPoolExecutor.java:180)
	at java.util.concurrent.ScheduledThreadPoolExecutor$ScheduledFutureTask.run(ScheduledThreadPoolExecutor.java:293)
	at java.util.concurrent.ThreadPoolExecutor.runWorker(ThreadPoolExecutor.java:1149)
	at java.util.concurrent.ThreadPoolExecutor$Worker.run(ThreadPoolExecutor.java:624)
	at java.lang.Thread.run(Thread.java:748)
2019-09-17 09:52:59,458 [grpc-default-executor-3] INFO  client.GrpcClientProtocolClient (GrpcClientProtocolClient.java:onNext(264)) - client-7EF2EE2BC676->97184ed6-1d8a-4db2-a901-2f2d7f2102ca: receive RaftClientReply:client-7EF2EE2BC676->97184ed6-1d8a-4db2-a901-2f2d7f2102ca@group-98B303272373, cid=219, FAILED org.apache.ratis.protocol.NotLeaderException: Server 97184ed6-1d8a-4db2-a901-2f2d7f2102ca@group-98B303272373 is not the leader 7550e15a-2ff9-4e5e-b05d-d9f072bd52cf:192.168.34.37:41606, logIndex=0, commits[97184ed6-1d8a-4db2-a901-2f2d7f2102ca:c10, bdd5aae1-c180-43a6-a11a-58912a33bf0b:c9, 7550e15a-2ff9-4e5e-b05d-d9f072bd52cf:c10]
2019-09-17 09:52:59,786 [java.util.concurrent.ThreadPoolExecutor$Worker@36903ecd[State = -1, empty queue]] WARN  server.GrpcLogAppender (GrpcLogAppender.java:timeoutAppendRequest(200)) - 7550e15a-2ff9-4e5e-b05d-d9f072bd52cf@group-98B303272373->bdd5aae1-c180-43a6-a11a-58912a33bf0b-GrpcLogAppender: appendEntries Timeout, request=7550e15a-2ff9-4e5e-b05d-d9f072bd52cf->bdd5aae1-c180-43a6-a11a-58912a33bf0b#33-t1, previous=(t:1, i:14), leaderCommit=10, initializing? false, entries: <empty>
2019-09-17 09:52:59,786 [java.util.concurrent.ThreadPoolExecutor$Worker@4029c190[State = -1, empty queue]] WARN  server.GrpcLogAppender (GrpcLogAppender.java:timeoutAppendRequest(200)) - 7550e15a-2ff9-4e5e-b05d-d9f072bd52cf@group-98B303272373->97184ed6-1d8a-4db2-a901-2f2d7f2102ca-GrpcLogAppender: appendEntries Timeout, request=7550e15a-2ff9-4e5e-b05d-d9f072bd52cf->97184ed6-1d8a-4db2-a901-2f2d7f2102ca#33-t1, previous=(t:1, i:14), leaderCommit=10, initializing? false, entries: <empty>
2019-09-17 09:53:00,276 [grpc-default-executor-3] INFO  impl.RaftServerProxy (RaftServerProxy.java:remove(95)) - bdd5aae1-c180-43a6-a11a-58912a33bf0b: remove group-AADE5DCBB6F7:null
2019-09-17 09:53:00,279 [RatisPipelineUtilsThread] WARN  pipeline.RatisPipelineUtils (RatisPipelineUtils.java:destroyPipeline(66)) - Pipeline destroy failed for pipeline=PipelineID=ee8ffa2b-24a5-4a82-be78-aade5dcbb6f7 dn=bdd5aae1-c180-43a6-a11a-58912a33bf0b{ip: 192.168.34.37, host: pr-hdds-2110-rdjw6-11158954, networkLocation: /default-rack, certSerialId: null}
2019-09-17 09:53:00,282 [grpc-default-executor-3] INFO  impl.RaftServerProxy (RaftServerProxy.java:remove(95)) - 97184ed6-1d8a-4db2-a901-2f2d7f2102ca: remove group-AADE5DCBB6F7:null
2019-09-17 09:53:00,284 [RatisPipelineUtilsThread] WARN  pipeline.RatisPipelineUtils (RatisPipelineUtils.java:destroyPipeline(66)) - Pipeline destroy failed for pipeline=PipelineID=ee8ffa2b-24a5-4a82-be78-aade5dcbb6f7 dn=97184ed6-1d8a-4db2-a901-2f2d7f2102ca{ip: 192.168.34.37, host: pr-hdds-2110-rdjw6-11158954, networkLocation: /default-rack, certSerialId: null}
2019-09-17 09:53:00,286 [grpc-default-executor-3] INFO  impl.RaftServerProxy (RaftServerProxy.java:remove(95)) - 7550e15a-2ff9-4e5e-b05d-d9f072bd52cf: remove group-AADE5DCBB6F7:null
2019-09-17 09:53:00,288 [RatisPipelineUtilsThread] WARN  pipeline.RatisPipelineUtils (RatisPipelineUtils.java:destroyPipeline(66)) - Pipeline destroy failed for pipeline=PipelineID=ee8ffa2b-24a5-4a82-be78-aade5dcbb6f7 dn=7550e15a-2ff9-4e5e-b05d-d9f072bd52cf{ip: 192.168.34.37, host: pr-hdds-2110-rdjw6-11158954, networkLocation: /default-rack, certSerialId: null}
2019-09-17 09:53:00,288 [RatisPipelineUtilsThread] ERROR pipeline.SCMPipelineManager (Scheduler.java:lambda$schedule$1(70)) - Destroy pipeline failed for pipeline:Pipeline[ Id: ee8ffa2b-24a5-4a82-be78-aade5dcbb6f7, Nodes: bdd5aae1-c180-43a6-a11a-58912a33bf0b{ip: 192.168.34.37, host: pr-hdds-2110-rdjw6-11158954, networkLocation: /default-rack, certSerialId: null}97184ed6-1d8a-4db2-a901-2f2d7f2102ca{ip: 192.168.34.37, host: pr-hdds-2110-rdjw6-11158954, networkLocation: /default-rack, certSerialId: null}7550e15a-2ff9-4e5e-b05d-d9f072bd52cf{ip: 192.168.34.37, host: pr-hdds-2110-rdjw6-11158954, networkLocation: /default-rack, certSerialId: null}, Type:RATIS, Factor:THREE, State:CLOSED]
org.apache.hadoop.hdds.scm.pipeline.PipelineNotFoundException: PipelineID=ee8ffa2b-24a5-4a82-be78-aade5dcbb6f7 not found
	at org.apache.hadoop.hdds.scm.pipeline.PipelineStateMap.getPipeline(PipelineStateMap.java:132)
	at org.apache.hadoop.hdds.scm.pipeline.PipelineStateMap.removePipeline(PipelineStateMap.java:322)
	at org.apache.hadoop.hdds.scm.pipeline.PipelineStateManager.removePipeline(PipelineStateManager.java:107)
	at org.apache.hadoop.hdds.scm.pipeline.SCMPipelineManager.removePipeline(SCMPipelineManager.java:423)
	at org.apache.hadoop.hdds.scm.pipeline.SCMPipelineManager.destroyPipeline(SCMPipelineManager.java:409)
	at org.apache.hadoop.hdds.scm.pipeline.SCMPipelineManager.lambda$finalizeAndDestroyPipeline$0(SCMPipelineManager.java:318)
	at org.apache.hadoop.utils.Scheduler.lambda$schedule$1(Scheduler.java:68)
	at java.util.concurrent.Executors$RunnableAdapter.call(Executors.java:511)
	at java.util.concurrent.FutureTask.run(FutureTask.java:266)
	at java.util.concurrent.ScheduledThreadPoolExecutor$ScheduledFutureTask.access$201(ScheduledThreadPoolExecutor.java:180)
	at java.util.concurrent.ScheduledThreadPoolExecutor$ScheduledFutureTask.run(ScheduledThreadPoolExecutor.java:293)
	at java.util.concurrent.ThreadPoolExecutor.runWorker(ThreadPoolExecutor.java:1149)
	at java.util.concurrent.ThreadPoolExecutor$Worker.run(ThreadPoolExecutor.java:624)
	at java.lang.Thread.run(Thread.java:748)
2019-09-17 09:53:02,287 [java.util.concurrent.ThreadPoolExecutor$Worker@36903ecd[State = -1, empty queue]] WARN  server.GrpcLogAppender (GrpcLogAppender.java:timeoutAppendRequest(200)) - 7550e15a-2ff9-4e5e-b05d-d9f072bd52cf@group-98B303272373->bdd5aae1-c180-43a6-a11a-58912a33bf0b-GrpcLogAppender: appendEntries Timeout, request=7550e15a-2ff9-4e5e-b05d-d9f072bd52cf->bdd5aae1-c180-43a6-a11a-58912a33bf0b#34-t1, previous=(t:1, i:14), leaderCommit=10, initializing? false, entries: <empty>
2019-09-17 09:53:02,287 [java.util.concurrent.ThreadPoolExecutor$Worker@4029c190[State = -1, empty queue]] WARN  server.GrpcLogAppender (GrpcLogAppender.java:timeoutAppendRequest(200)) - 7550e15a-2ff9-4e5e-b05d-d9f072bd52cf@group-98B303272373->97184ed6-1d8a-4db2-a901-2f2d7f2102ca-GrpcLogAppender: appendEntries Timeout, request=7550e15a-2ff9-4e5e-b05d-d9f072bd52cf->97184ed6-1d8a-4db2-a901-2f2d7f2102ca#34-t1, previous=(t:1, i:14), leaderCommit=10, initializing? false, entries: <empty>
2019-09-17 09:53:03,280 [grpc-default-executor-3] INFO  impl.RaftServerProxy (RaftServerProxy.java:remove(95)) - bdd5aae1-c180-43a6-a11a-58912a33bf0b: remove group-AADE5DCBB6F7:null
2019-09-17 09:53:03,284 [RatisPipelineUtilsThread] WARN  pipeline.RatisPipelineUtils (RatisPipelineUtils.java:destroyPipeline(66)) - Pipeline destroy failed for pipeline=PipelineID=ee8ffa2b-24a5-4a82-be78-aade5dcbb6f7 dn=bdd5aae1-c180-43a6-a11a-58912a33bf0b{ip: 192.168.34.37, host: pr-hdds-2110-rdjw6-11158954, networkLocation: /default-rack, certSerialId: null}
2019-09-17 09:53:03,287 [grpc-default-executor-3] INFO  impl.RaftServerProxy (RaftServerProxy.java:remove(95)) - 97184ed6-1d8a-4db2-a901-2f2d7f2102ca: remove group-AADE5DCBB6F7:null
2019-09-17 09:53:03,289 [RatisPipelineUtilsThread] WARN  pipeline.RatisPipelineUtils (RatisPipelineUtils.java:destroyPipeline(66)) - Pipeline destroy failed for pipeline=PipelineID=ee8ffa2b-24a5-4a82-be78-aade5dcbb6f7 dn=97184ed6-1d8a-4db2-a901-2f2d7f2102ca{ip: 192.168.34.37, host: pr-hdds-2110-rdjw6-11158954, networkLocation: /default-rack, certSerialId: null}
2019-09-17 09:53:03,291 [grpc-default-executor-3] INFO  impl.RaftServerProxy (RaftServerProxy.java:remove(95)) - 7550e15a-2ff9-4e5e-b05d-d9f072bd52cf: remove group-AADE5DCBB6F7:null
2019-09-17 09:53:03,293 [RatisPipelineUtilsThread] WARN  pipeline.RatisPipelineUtils (RatisPipelineUtils.java:destroyPipeline(66)) - Pipeline destroy failed for pipeline=PipelineID=ee8ffa2b-24a5-4a82-be78-aade5dcbb6f7 dn=7550e15a-2ff9-4e5e-b05d-d9f072bd52cf{ip: 192.168.34.37, host: pr-hdds-2110-rdjw6-11158954, networkLocation: /default-rack, certSerialId: null}
2019-09-17 09:53:03,293 [RatisPipelineUtilsThread] ERROR pipeline.SCMPipelineManager (Scheduler.java:lambda$schedule$1(70)) - Destroy pipeline failed for pipeline:Pipeline[ Id: ee8ffa2b-24a5-4a82-be78-aade5dcbb6f7, Nodes: bdd5aae1-c180-43a6-a11a-58912a33bf0b{ip: 192.168.34.37, host: pr-hdds-2110-rdjw6-11158954, networkLocation: /default-rack, certSerialId: null}97184ed6-1d8a-4db2-a901-2f2d7f2102ca{ip: 192.168.34.37, host: pr-hdds-2110-rdjw6-11158954, networkLocation: /default-rack, certSerialId: null}7550e15a-2ff9-4e5e-b05d-d9f072bd52cf{ip: 192.168.34.37, host: pr-hdds-2110-rdjw6-11158954, networkLocation: /default-rack, certSerialId: null}, Type:RATIS, Factor:THREE, State:CLOSED]
org.apache.hadoop.hdds.scm.pipeline.PipelineNotFoundException: PipelineID=ee8ffa2b-24a5-4a82-be78-aade5dcbb6f7 not found
	at org.apache.hadoop.hdds.scm.pipeline.PipelineStateMap.getPipeline(PipelineStateMap.java:132)
	at org.apache.hadoop.hdds.scm.pipeline.PipelineStateMap.removePipeline(PipelineStateMap.java:322)
	at org.apache.hadoop.hdds.scm.pipeline.PipelineStateManager.removePipeline(PipelineStateManager.java:107)
	at org.apache.hadoop.hdds.scm.pipeline.SCMPipelineManager.removePipeline(SCMPipelineManager.java:423)
	at org.apache.hadoop.hdds.scm.pipeline.SCMPipelineManager.destroyPipeline(SCMPipelineManager.java:409)
	at org.apache.hadoop.hdds.scm.pipeline.SCMPipelineManager.lambda$finalizeAndDestroyPipeline$0(SCMPipelineManager.java:318)
	at org.apache.hadoop.utils.Scheduler.lambda$schedule$1(Scheduler.java:68)
	at java.util.concurrent.Executors$RunnableAdapter.call(Executors.java:511)
	at java.util.concurrent.FutureTask.run(FutureTask.java:266)
	at java.util.concurrent.ScheduledThreadPoolExecutor$ScheduledFutureTask.access$201(ScheduledThreadPoolExecutor.java:180)
	at java.util.concurrent.ScheduledThreadPoolExecutor$ScheduledFutureTask.run(ScheduledThreadPoolExecutor.java:293)
	at java.util.concurrent.ThreadPoolExecutor.runWorker(ThreadPoolExecutor.java:1149)
	at java.util.concurrent.ThreadPoolExecutor$Worker.run(ThreadPoolExecutor.java:624)
	at java.lang.Thread.run(Thread.java:748)
2019-09-17 09:53:04,281 [7550e15a-2ff9-4e5e-b05d-d9f072bd52cf@group-98B303272373-SegmentedRaftLogWorker] WARN  segmented.SegmentedRaftLogWorker (SegmentedRaftLogWorker.java:getFromFuture(90)) - Timeout 1/~
org.apache.ratis.protocol.TimeoutIOException: Timeout 10s: WriteLog:11: (t:1, i:11), STATEMACHINELOGENTRY, client-7EF2EE2BC676, cid=219-writeStateMachineData
	at org.apache.ratis.util.IOUtils.getFromFuture(IOUtils.java:87)
	at org.apache.ratis.server.raftlog.segmented.SegmentedRaftLogWorker$StateMachineDataPolicy.getFromFuture(SegmentedRaftLogWorker.java:87)
	at org.apache.ratis.server.raftlog.segmented.SegmentedRaftLogWorker$WriteLog.execute(SegmentedRaftLogWorker.java:477)
	at org.apache.ratis.server.raftlog.segmented.SegmentedRaftLogWorker.run(SegmentedRaftLogWorker.java:289)
	at java.lang.Thread.run(Thread.java:748)
Caused by: java.util.concurrent.TimeoutException
	at java.util.concurrent.CompletableFuture.timedGet(CompletableFuture.java:1771)
	at java.util.concurrent.CompletableFuture.get(CompletableFuture.java:1915)
	at org.apache.ratis.util.IOUtils.getFromFuture(IOUtils.java:79)
	... 4 more
2019-09-17 09:53:04,283 [bdd5aae1-c180-43a6-a11a-58912a33bf0b@group-98B303272373-SegmentedRaftLogWorker] WARN  segmented.SegmentedRaftLogWorker (SegmentedRaftLogWorker.java:getFromFuture(90)) - Timeout 1/~
org.apache.ratis.protocol.TimeoutIOException: Timeout 10s: WriteLog:11: (t:1, i:11), STATEMACHINELOGENTRY, client-7EF2EE2BC676, cid=219-writeStateMachineData
	at org.apache.ratis.util.IOUtils.getFromFuture(IOUtils.java:87)
	at org.apache.ratis.server.raftlog.segmented.SegmentedRaftLogWorker$StateMachineDataPolicy.getFromFuture(SegmentedRaftLogWorker.java:87)
	at org.apache.ratis.server.raftlog.segmented.SegmentedRaftLogWorker$WriteLog.execute(SegmentedRaftLogWorker.java:477)
	at org.apache.ratis.server.raftlog.segmented.SegmentedRaftLogWorker.run(SegmentedRaftLogWorker.java:289)
	at java.lang.Thread.run(Thread.java:748)
Caused by: java.util.concurrent.TimeoutException
	at java.util.concurrent.CompletableFuture.timedGet(CompletableFuture.java:1771)
	at java.util.concurrent.CompletableFuture.get(CompletableFuture.java:1915)
	at org.apache.ratis.util.IOUtils.getFromFuture(IOUtils.java:79)
	... 4 more
2019-09-17 09:53:04,283 [97184ed6-1d8a-4db2-a901-2f2d7f2102ca@group-98B303272373-SegmentedRaftLogWorker] WARN  segmented.SegmentedRaftLogWorker (SegmentedRaftLogWorker.java:getFromFuture(90)) - Timeout 1/~
org.apache.ratis.protocol.TimeoutIOException: Timeout 10s: WriteLog:11: (t:1, i:11), STATEMACHINELOGENTRY, client-7EF2EE2BC676, cid=219-writeStateMachineData
	at org.apache.ratis.util.IOUtils.getFromFuture(IOUtils.java:87)
	at org.apache.ratis.server.raftlog.segmented.SegmentedRaftLogWorker$StateMachineDataPolicy.getFromFuture(SegmentedRaftLogWorker.java:87)
	at org.apache.ratis.server.raftlog.segmented.SegmentedRaftLogWorker$WriteLog.execute(SegmentedRaftLogWorker.java:477)
	at org.apache.ratis.server.raftlog.segmented.SegmentedRaftLogWorker.run(SegmentedRaftLogWorker.java:289)
	at java.lang.Thread.run(Thread.java:748)
Caused by: java.util.concurrent.TimeoutException
	at java.util.concurrent.CompletableFuture.timedGet(CompletableFuture.java:1771)
	at java.util.concurrent.CompletableFuture.get(CompletableFuture.java:1915)
	at org.apache.ratis.util.IOUtils.getFromFuture(IOUtils.java:79)
	... 4 more
2019-09-17 09:53:04,515 [grpc-default-executor-8] INFO  client.GrpcClientProtocolClient (GrpcClientProtocolClient.java:onNext(264)) - client-7EF2EE2BC676->bdd5aae1-c180-43a6-a11a-58912a33bf0b: receive RaftClientReply:client-7EF2EE2BC676->bdd5aae1-c180-43a6-a11a-58912a33bf0b@group-98B303272373, cid=219, FAILED org.apache.ratis.protocol.NotLeaderException: Server bdd5aae1-c180-43a6-a11a-58912a33bf0b@group-98B303272373 is not the leader 7550e15a-2ff9-4e5e-b05d-d9f072bd52cf:192.168.34.37:41606, logIndex=0, commits[bdd5aae1-c180-43a6-a11a-58912a33bf0b:c10, 97184ed6-1d8a-4db2-a901-2f2d7f2102ca:c9, 7550e15a-2ff9-4e5e-b05d-d9f072bd52cf:c10]
2019-09-17 09:53:04,787 [java.util.concurrent.ThreadPoolExecutor$Worker@36903ecd[State = -1, empty queue]] WARN  server.GrpcLogAppender (GrpcLogAppender.java:timeoutAppendRequest(200)) - 7550e15a-2ff9-4e5e-b05d-d9f072bd52cf@group-98B303272373->bdd5aae1-c180-43a6-a11a-58912a33bf0b-GrpcLogAppender: appendEntries Timeout, request=7550e15a-2ff9-4e5e-b05d-d9f072bd52cf->bdd5aae1-c180-43a6-a11a-58912a33bf0b#35-t1, previous=(t:1, i:14), leaderCommit=10, initializing? false, entries: <empty>
2019-09-17 09:53:04,787 [java.util.concurrent.ThreadPoolExecutor$Worker@4029c190[State = -1, empty queue]] WARN  server.GrpcLogAppender (GrpcLogAppender.java:timeoutAppendRequest(200)) - 7550e15a-2ff9-4e5e-b05d-d9f072bd52cf@group-98B303272373->97184ed6-1d8a-4db2-a901-2f2d7f2102ca-GrpcLogAppender: appendEntries Timeout, request=7550e15a-2ff9-4e5e-b05d-d9f072bd52cf->97184ed6-1d8a-4db2-a901-2f2d7f2102ca#35-t1, previous=(t:1, i:14), leaderCommit=10, initializing? false, entries: <empty>
2019-09-17 09:53:05,278 [grpc-default-executor-3] INFO  impl.RaftServerProxy (RaftServerProxy.java:remove(95)) - bdd5aae1-c180-43a6-a11a-58912a33bf0b: remove group-AADE5DCBB6F7:null
2019-09-17 09:53:05,281 [RatisPipelineUtilsThread] WARN  pipeline.RatisPipelineUtils (RatisPipelineUtils.java:destroyPipeline(66)) - Pipeline destroy failed for pipeline=PipelineID=ee8ffa2b-24a5-4a82-be78-aade5dcbb6f7 dn=bdd5aae1-c180-43a6-a11a-58912a33bf0b{ip: 192.168.34.37, host: pr-hdds-2110-rdjw6-11158954, networkLocation: /default-rack, certSerialId: null}
2019-09-17 09:53:05,284 [grpc-default-executor-3] INFO  impl.RaftServerProxy (RaftServerProxy.java:remove(95)) - 97184ed6-1d8a-4db2-a901-2f2d7f2102ca: remove group-AADE5DCBB6F7:null
2019-09-17 09:53:05,287 [RatisPipelineUtilsThread] WARN  pipeline.RatisPipelineUtils (RatisPipelineUtils.java:destroyPipeline(66)) - Pipeline destroy failed for pipeline=PipelineID=ee8ffa2b-24a5-4a82-be78-aade5dcbb6f7 dn=97184ed6-1d8a-4db2-a901-2f2d7f2102ca{ip: 192.168.34.37, host: pr-hdds-2110-rdjw6-11158954, networkLocation: /default-rack, certSerialId: null}
2019-09-17 09:53:05,289 [grpc-default-executor-3] INFO  impl.RaftServerProxy (RaftServerProxy.java:remove(95)) - 7550e15a-2ff9-4e5e-b05d-d9f072bd52cf: remove group-AADE5DCBB6F7:null
2019-09-17 09:53:05,291 [RatisPipelineUtilsThread] WARN  pipeline.RatisPipelineUtils (RatisPipelineUtils.java:destroyPipeline(66)) - Pipeline destroy failed for pipeline=PipelineID=ee8ffa2b-24a5-4a82-be78-aade5dcbb6f7 dn=7550e15a-2ff9-4e5e-b05d-d9f072bd52cf{ip: 192.168.34.37, host: pr-hdds-2110-rdjw6-11158954, networkLocation: /default-rack, certSerialId: null}
2019-09-17 09:53:05,292 [RatisPipelineUtilsThread] ERROR pipeline.SCMPipelineManager (Scheduler.java:lambda$schedule$1(70)) - Destroy pipeline failed for pipeline:Pipeline[ Id: ee8ffa2b-24a5-4a82-be78-aade5dcbb6f7, Nodes: bdd5aae1-c180-43a6-a11a-58912a33bf0b{ip: 192.168.34.37, host: pr-hdds-2110-rdjw6-11158954, networkLocation: /default-rack, certSerialId: null}97184ed6-1d8a-4db2-a901-2f2d7f2102ca{ip: 192.168.34.37, host: pr-hdds-2110-rdjw6-11158954, networkLocation: /default-rack, certSerialId: null}7550e15a-2ff9-4e5e-b05d-d9f072bd52cf{ip: 192.168.34.37, host: pr-hdds-2110-rdjw6-11158954, networkLocation: /default-rack, certSerialId: null}, Type:RATIS, Factor:THREE, State:CLOSED]
org.apache.hadoop.hdds.scm.pipeline.PipelineNotFoundException: PipelineID=ee8ffa2b-24a5-4a82-be78-aade5dcbb6f7 not found
	at org.apache.hadoop.hdds.scm.pipeline.PipelineStateMap.getPipeline(PipelineStateMap.java:132)
	at org.apache.hadoop.hdds.scm.pipeline.PipelineStateMap.removePipeline(PipelineStateMap.java:322)
	at org.apache.hadoop.hdds.scm.pipeline.PipelineStateManager.removePipeline(PipelineStateManager.java:107)
	at org.apache.hadoop.hdds.scm.pipeline.SCMPipelineManager.removePipeline(SCMPipelineManager.java:423)
	at org.apache.hadoop.hdds.scm.pipeline.SCMPipelineManager.destroyPipeline(SCMPipelineManager.java:409)
	at org.apache.hadoop.hdds.scm.pipeline.SCMPipelineManager.lambda$finalizeAndDestroyPipeline$0(SCMPipelineManager.java:318)
	at org.apache.hadoop.utils.Scheduler.lambda$schedule$1(Scheduler.java:68)
	at java.util.concurrent.Executors$RunnableAdapter.call(Executors.java:511)
	at java.util.concurrent.FutureTask.run(FutureTask.java:266)
	at java.util.concurrent.ScheduledThreadPoolExecutor$ScheduledFutureTask.access$201(ScheduledThreadPoolExecutor.java:180)
	at java.util.concurrent.ScheduledThreadPoolExecutor$ScheduledFutureTask.run(ScheduledThreadPoolExecutor.java:293)
	at java.util.concurrent.ThreadPoolExecutor.runWorker(ThreadPoolExecutor.java:1149)
	at java.util.concurrent.ThreadPoolExecutor$Worker.run(ThreadPoolExecutor.java:624)
	at java.lang.Thread.run(Thread.java:748)
2019-09-17 09:53:07,288 [java.util.concurrent.ThreadPoolExecutor$Worker@4029c190[State = -1, empty queue]] WARN  server.GrpcLogAppender (GrpcLogAppender.java:timeoutAppendRequest(200)) - 7550e15a-2ff9-4e5e-b05d-d9f072bd52cf@group-98B303272373->97184ed6-1d8a-4db2-a901-2f2d7f2102ca-GrpcLogAppender: appendEntries Timeout, request=7550e15a-2ff9-4e5e-b05d-d9f072bd52cf->97184ed6-1d8a-4db2-a901-2f2d7f2102ca#36-t1, previous=(t:1, i:14), leaderCommit=10, initializing? false, entries: <empty>
2019-09-17 09:53:07,288 [java.util.concurrent.ThreadPoolExecutor$Worker@36903ecd[State = -1, empty queue]] WARN  server.GrpcLogAppender (GrpcLogAppender.java:timeoutAppendRequest(200)) - 7550e15a-2ff9-4e5e-b05d-d9f072bd52cf@group-98B303272373->bdd5aae1-c180-43a6-a11a-58912a33bf0b-GrpcLogAppender: appendEntries Timeout, request=7550e15a-2ff9-4e5e-b05d-d9f072bd52cf->bdd5aae1-c180-43a6-a11a-58912a33bf0b#36-t1, previous=(t:1, i:14), leaderCommit=10, initializing? false, entries: <empty>
2019-09-17 09:53:08,278 [grpc-default-executor-8] INFO  impl.RaftServerProxy (RaftServerProxy.java:remove(95)) - bdd5aae1-c180-43a6-a11a-58912a33bf0b: remove group-AADE5DCBB6F7:null
2019-09-17 09:53:08,281 [RatisPipelineUtilsThread] WARN  pipeline.RatisPipelineUtils (RatisPipelineUtils.java:destroyPipeline(66)) - Pipeline destroy failed for pipeline=PipelineID=ee8ffa2b-24a5-4a82-be78-aade5dcbb6f7 dn=bdd5aae1-c180-43a6-a11a-58912a33bf0b{ip: 192.168.34.37, host: pr-hdds-2110-rdjw6-11158954, networkLocation: /default-rack, certSerialId: null}
2019-09-17 09:53:08,284 [grpc-default-executor-8] INFO  impl.RaftServerProxy (RaftServerProxy.java:remove(95)) - 97184ed6-1d8a-4db2-a901-2f2d7f2102ca: remove group-AADE5DCBB6F7:null
2019-09-17 09:53:08,286 [RatisPipelineUtilsThread] WARN  pipeline.RatisPipelineUtils (RatisPipelineUtils.java:destroyPipeline(66)) - Pipeline destroy failed for pipeline=PipelineID=ee8ffa2b-24a5-4a82-be78-aade5dcbb6f7 dn=97184ed6-1d8a-4db2-a901-2f2d7f2102ca{ip: 192.168.34.37, host: pr-hdds-2110-rdjw6-11158954, networkLocation: /default-rack, certSerialId: null}
2019-09-17 09:53:08,288 [grpc-default-executor-8] INFO  impl.RaftServerProxy (RaftServerProxy.java:remove(95)) - 7550e15a-2ff9-4e5e-b05d-d9f072bd52cf: remove group-AADE5DCBB6F7:null
2019-09-17 09:53:08,290 [RatisPipelineUtilsThread] WARN  pipeline.RatisPipelineUtils (RatisPipelineUtils.java:destroyPipeline(66)) - Pipeline destroy failed for pipeline=PipelineID=ee8ffa2b-24a5-4a82-be78-aade5dcbb6f7 dn=7550e15a-2ff9-4e5e-b05d-d9f072bd52cf{ip: 192.168.34.37, host: pr-hdds-2110-rdjw6-11158954, networkLocation: /default-rack, certSerialId: null}
2019-09-17 09:53:08,290 [RatisPipelineUtilsThread] ERROR pipeline.SCMPipelineManager (Scheduler.java:lambda$schedule$1(70)) - Destroy pipeline failed for pipeline:Pipeline[ Id: ee8ffa2b-24a5-4a82-be78-aade5dcbb6f7, Nodes: bdd5aae1-c180-43a6-a11a-58912a33bf0b{ip: 192.168.34.37, host: pr-hdds-2110-rdjw6-11158954, networkLocation: /default-rack, certSerialId: null}97184ed6-1d8a-4db2-a901-2f2d7f2102ca{ip: 192.168.34.37, host: pr-hdds-2110-rdjw6-11158954, networkLocation: /default-rack, certSerialId: null}7550e15a-2ff9-4e5e-b05d-d9f072bd52cf{ip: 192.168.34.37, host: pr-hdds-2110-rdjw6-11158954, networkLocation: /default-rack, certSerialId: null}, Type:RATIS, Factor:THREE, State:CLOSED]
org.apache.hadoop.hdds.scm.pipeline.PipelineNotFoundException: PipelineID=ee8ffa2b-24a5-4a82-be78-aade5dcbb6f7 not found
	at org.apache.hadoop.hdds.scm.pipeline.PipelineStateMap.getPipeline(PipelineStateMap.java:132)
	at org.apache.hadoop.hdds.scm.pipeline.PipelineStateMap.removePipeline(PipelineStateMap.java:322)
	at org.apache.hadoop.hdds.scm.pipeline.PipelineStateManager.removePipeline(PipelineStateManager.java:107)
	at org.apache.hadoop.hdds.scm.pipeline.SCMPipelineManager.removePipeline(SCMPipelineManager.java:423)
	at org.apache.hadoop.hdds.scm.pipeline.SCMPipelineManager.destroyPipeline(SCMPipelineManager.java:409)
	at org.apache.hadoop.hdds.scm.pipeline.SCMPipelineManager.lambda$finalizeAndDestroyPipeline$0(SCMPipelineManager.java:318)
	at org.apache.hadoop.utils.Scheduler.lambda$schedule$1(Scheduler.java:68)
	at java.util.concurrent.Executors$RunnableAdapter.call(Executors.java:511)
	at java.util.concurrent.FutureTask.run(FutureTask.java:266)
	at java.util.concurrent.ScheduledThreadPoolExecutor$ScheduledFutureTask.access$201(ScheduledThreadPoolExecutor.java:180)
	at java.util.concurrent.ScheduledThreadPoolExecutor$ScheduledFutureTask.run(ScheduledThreadPoolExecutor.java:293)
	at java.util.concurrent.ThreadPoolExecutor.runWorker(ThreadPoolExecutor.java:1149)
	at java.util.concurrent.ThreadPoolExecutor$Worker.run(ThreadPoolExecutor.java:624)
	at java.lang.Thread.run(Thread.java:748)
2019-09-17 09:53:09,558 [grpc-default-executor-8] INFO  client.GrpcClientProtocolClient (GrpcClientProtocolClient.java:onNext(264)) - client-7EF2EE2BC676->bdd5aae1-c180-43a6-a11a-58912a33bf0b: receive RaftClientReply:client-7EF2EE2BC676->bdd5aae1-c180-43a6-a11a-58912a33bf0b@group-98B303272373, cid=219, FAILED org.apache.ratis.protocol.NotLeaderException: Server bdd5aae1-c180-43a6-a11a-58912a33bf0b@group-98B303272373 is not the leader 7550e15a-2ff9-4e5e-b05d-d9f072bd52cf:192.168.34.37:41606, logIndex=0, commits[bdd5aae1-c180-43a6-a11a-58912a33bf0b:c10, 97184ed6-1d8a-4db2-a901-2f2d7f2102ca:c9, 7550e15a-2ff9-4e5e-b05d-d9f072bd52cf:c10]
2019-09-17 09:53:09,788 [java.util.concurrent.ThreadPoolExecutor$Worker@36903ecd[State = -1, empty queue]] WARN  server.GrpcLogAppender (GrpcLogAppender.java:timeoutAppendRequest(200)) - 7550e15a-2ff9-4e5e-b05d-d9f072bd52cf@group-98B303272373->bdd5aae1-c180-43a6-a11a-58912a33bf0b-GrpcLogAppender: appendEntries Timeout, request=7550e15a-2ff9-4e5e-b05d-d9f072bd52cf->bdd5aae1-c180-43a6-a11a-58912a33bf0b#37-t1, previous=(t:1, i:14), leaderCommit=10, initializing? false, entries: <empty>
2019-09-17 09:53:09,788 [java.util.concurrent.ThreadPoolExecutor$Worker@4029c190[State = -1, empty queue]] WARN  server.GrpcLogAppender (GrpcLogAppender.java:timeoutAppendRequest(200)) - 7550e15a-2ff9-4e5e-b05d-d9f072bd52cf@group-98B303272373->97184ed6-1d8a-4db2-a901-2f2d7f2102ca-GrpcLogAppender: appendEntries Timeout, request=7550e15a-2ff9-4e5e-b05d-d9f072bd52cf->97184ed6-1d8a-4db2-a901-2f2d7f2102ca#37-t1, previous=(t:1, i:14), leaderCommit=10, initializing? false, entries: <empty>
2019-09-17 09:53:10,279 [grpc-default-executor-3] INFO  impl.RaftServerProxy (RaftServerProxy.java:remove(95)) - bdd5aae1-c180-43a6-a11a-58912a33bf0b: remove group-AADE5DCBB6F7:null
2019-09-17 09:53:10,282 [RatisPipelineUtilsThread] WARN  pipeline.RatisPipelineUtils (RatisPipelineUtils.java:destroyPipeline(66)) - Pipeline destroy failed for pipeline=PipelineID=ee8ffa2b-24a5-4a82-be78-aade5dcbb6f7 dn=bdd5aae1-c180-43a6-a11a-58912a33bf0b{ip: 192.168.34.37, host: pr-hdds-2110-rdjw6-11158954, networkLocation: /default-rack, certSerialId: null}
2019-09-17 09:53:10,285 [grpc-default-executor-3] INFO  impl.RaftServerProxy (RaftServerProxy.java:remove(95)) - 97184ed6-1d8a-4db2-a901-2f2d7f2102ca: remove group-AADE5DCBB6F7:null
2019-09-17 09:53:10,288 [RatisPipelineUtilsThread] WARN  pipeline.RatisPipelineUtils (RatisPipelineUtils.java:destroyPipeline(66)) - Pipeline destroy failed for pipeline=PipelineID=ee8ffa2b-24a5-4a82-be78-aade5dcbb6f7 dn=97184ed6-1d8a-4db2-a901-2f2d7f2102ca{ip: 192.168.34.37, host: pr-hdds-2110-rdjw6-11158954, networkLocation: /default-rack, certSerialId: null}
2019-09-17 09:53:10,291 [grpc-default-executor-3] INFO  impl.RaftServerProxy (RaftServerProxy.java:remove(95)) - 7550e15a-2ff9-4e5e-b05d-d9f072bd52cf: remove group-AADE5DCBB6F7:null
2019-09-17 09:53:10,293 [RatisPipelineUtilsThread] WARN  pipeline.RatisPipelineUtils (RatisPipelineUtils.java:destroyPipeline(66)) - Pipeline destroy failed for pipeline=PipelineID=ee8ffa2b-24a5-4a82-be78-aade5dcbb6f7 dn=7550e15a-2ff9-4e5e-b05d-d9f072bd52cf{ip: 192.168.34.37, host: pr-hdds-2110-rdjw6-11158954, networkLocation: /default-rack, certSerialId: null}
2019-09-17 09:53:10,294 [RatisPipelineUtilsThread] ERROR pipeline.SCMPipelineManager (Scheduler.java:lambda$schedule$1(70)) - Destroy pipeline failed for pipeline:Pipeline[ Id: ee8ffa2b-24a5-4a82-be78-aade5dcbb6f7, Nodes: bdd5aae1-c180-43a6-a11a-58912a33bf0b{ip: 192.168.34.37, host: pr-hdds-2110-rdjw6-11158954, networkLocation: /default-rack, certSerialId: null}97184ed6-1d8a-4db2-a901-2f2d7f2102ca{ip: 192.168.34.37, host: pr-hdds-2110-rdjw6-11158954, networkLocation: /default-rack, certSerialId: null}7550e15a-2ff9-4e5e-b05d-d9f072bd52cf{ip: 192.168.34.37, host: pr-hdds-2110-rdjw6-11158954, networkLocation: /default-rack, certSerialId: null}, Type:RATIS, Factor:THREE, State:CLOSED]
org.apache.hadoop.hdds.scm.pipeline.PipelineNotFoundException: PipelineID=ee8ffa2b-24a5-4a82-be78-aade5dcbb6f7 not found
	at org.apache.hadoop.hdds.scm.pipeline.PipelineStateMap.getPipeline(PipelineStateMap.java:132)
	at org.apache.hadoop.hdds.scm.pipeline.PipelineStateMap.removePipeline(PipelineStateMap.java:322)
	at org.apache.hadoop.hdds.scm.pipeline.PipelineStateManager.removePipeline(PipelineStateManager.java:107)
	at org.apache.hadoop.hdds.scm.pipeline.SCMPipelineManager.removePipeline(SCMPipelineManager.java:423)
	at org.apache.hadoop.hdds.scm.pipeline.SCMPipelineManager.destroyPipeline(SCMPipelineManager.java:409)
	at org.apache.hadoop.hdds.scm.pipeline.SCMPipelineManager.lambda$finalizeAndDestroyPipeline$0(SCMPipelineManager.java:318)
	at org.apache.hadoop.utils.Scheduler.lambda$schedule$1(Scheduler.java:68)
	at java.util.concurrent.Executors$RunnableAdapter.call(Executors.java:511)
	at java.util.concurrent.FutureTask.run(FutureTask.java:266)
	at java.util.concurrent.ScheduledThreadPoolExecutor$ScheduledFutureTask.access$201(ScheduledThreadPoolExecutor.java:180)
	at java.util.concurrent.ScheduledThreadPoolExecutor$ScheduledFutureTask.run(ScheduledThreadPoolExecutor.java:293)
	at java.util.concurrent.ThreadPoolExecutor.runWorker(ThreadPoolExecutor.java:1149)
	at java.util.concurrent.ThreadPoolExecutor$Worker.run(ThreadPoolExecutor.java:624)
	at java.lang.Thread.run(Thread.java:748)
2019-09-17 09:53:12,289 [java.util.concurrent.ThreadPoolExecutor$Worker@4029c190[State = -1, empty queue]] WARN  server.GrpcLogAppender (GrpcLogAppender.java:timeoutAppendRequest(200)) - 7550e15a-2ff9-4e5e-b05d-d9f072bd52cf@group-98B303272373->97184ed6-1d8a-4db2-a901-2f2d7f2102ca-GrpcLogAppender: appendEntries Timeout, request=7550e15a-2ff9-4e5e-b05d-d9f072bd52cf->97184ed6-1d8a-4db2-a901-2f2d7f2102ca#38-t1, previous=(t:1, i:14), leaderCommit=10, initializing? false, entries: <empty>
2019-09-17 09:53:12,289 [java.util.concurrent.ThreadPoolExecutor$Worker@36903ecd[State = -1, empty queue]] WARN  server.GrpcLogAppender (GrpcLogAppender.java:timeoutAppendRequest(200)) - 7550e15a-2ff9-4e5e-b05d-d9f072bd52cf@group-98B303272373->bdd5aae1-c180-43a6-a11a-58912a33bf0b-GrpcLogAppender: appendEntries Timeout, request=7550e15a-2ff9-4e5e-b05d-d9f072bd52cf->bdd5aae1-c180-43a6-a11a-58912a33bf0b#38-t1, previous=(t:1, i:14), leaderCommit=10, initializing? false, entries: <empty>
2019-09-17 09:53:13,280 [grpc-default-executor-8] INFO  impl.RaftServerProxy (RaftServerProxy.java:remove(95)) - bdd5aae1-c180-43a6-a11a-58912a33bf0b: remove group-AADE5DCBB6F7:null
2019-09-17 09:53:13,283 [RatisPipelineUtilsThread] WARN  pipeline.RatisPipelineUtils (RatisPipelineUtils.java:destroyPipeline(66)) - Pipeline destroy failed for pipeline=PipelineID=ee8ffa2b-24a5-4a82-be78-aade5dcbb6f7 dn=bdd5aae1-c180-43a6-a11a-58912a33bf0b{ip: 192.168.34.37, host: pr-hdds-2110-rdjw6-11158954, networkLocation: /default-rack, certSerialId: null}
2019-09-17 09:53:13,285 [grpc-default-executor-8] INFO  impl.RaftServerProxy (RaftServerProxy.java:remove(95)) - 97184ed6-1d8a-4db2-a901-2f2d7f2102ca: remove group-AADE5DCBB6F7:null
2019-09-17 09:53:13,288 [RatisPipelineUtilsThread] WARN  pipeline.RatisPipelineUtils (RatisPipelineUtils.java:destroyPipeline(66)) - Pipeline destroy failed for pipeline=PipelineID=ee8ffa2b-24a5-4a82-be78-aade5dcbb6f7 dn=97184ed6-1d8a-4db2-a901-2f2d7f2102ca{ip: 192.168.34.37, host: pr-hdds-2110-rdjw6-11158954, networkLocation: /default-rack, certSerialId: null}
2019-09-17 09:53:13,290 [grpc-default-executor-8] INFO  impl.RaftServerProxy (RaftServerProxy.java:remove(95)) - 7550e15a-2ff9-4e5e-b05d-d9f072bd52cf: remove group-AADE5DCBB6F7:null
2019-09-17 09:53:13,292 [RatisPipelineUtilsThread] WARN  pipeline.RatisPipelineUtils (RatisPipelineUtils.java:destroyPipeline(66)) - Pipeline destroy failed for pipeline=PipelineID=ee8ffa2b-24a5-4a82-be78-aade5dcbb6f7 dn=7550e15a-2ff9-4e5e-b05d-d9f072bd52cf{ip: 192.168.34.37, host: pr-hdds-2110-rdjw6-11158954, networkLocation: /default-rack, certSerialId: null}
2019-09-17 09:53:13,292 [RatisPipelineUtilsThread] ERROR pipeline.SCMPipelineManager (Scheduler.java:lambda$schedule$1(70)) - Destroy pipeline failed for pipeline:Pipeline[ Id: ee8ffa2b-24a5-4a82-be78-aade5dcbb6f7, Nodes: bdd5aae1-c180-43a6-a11a-58912a33bf0b{ip: 192.168.34.37, host: pr-hdds-2110-rdjw6-11158954, networkLocation: /default-rack, certSerialId: null}97184ed6-1d8a-4db2-a901-2f2d7f2102ca{ip: 192.168.34.37, host: pr-hdds-2110-rdjw6-11158954, networkLocation: /default-rack, certSerialId: null}7550e15a-2ff9-4e5e-b05d-d9f072bd52cf{ip: 192.168.34.37, host: pr-hdds-2110-rdjw6-11158954, networkLocation: /default-rack, certSerialId: null}, Type:RATIS, Factor:THREE, State:CLOSED]
org.apache.hadoop.hdds.scm.pipeline.PipelineNotFoundException: PipelineID=ee8ffa2b-24a5-4a82-be78-aade5dcbb6f7 not found
	at org.apache.hadoop.hdds.scm.pipeline.PipelineStateMap.getPipeline(PipelineStateMap.java:132)
	at org.apache.hadoop.hdds.scm.pipeline.PipelineStateMap.removePipeline(PipelineStateMap.java:322)
	at org.apache.hadoop.hdds.scm.pipeline.PipelineStateManager.removePipeline(PipelineStateManager.java:107)
	at org.apache.hadoop.hdds.scm.pipeline.SCMPipelineManager.removePipeline(SCMPipelineManager.java:423)
	at org.apache.hadoop.hdds.scm.pipeline.SCMPipelineManager.destroyPipeline(SCMPipelineManager.java:409)
	at org.apache.hadoop.hdds.scm.pipeline.SCMPipelineManager.lambda$finalizeAndDestroyPipeline$0(SCMPipelineManager.java:318)
	at org.apache.hadoop.utils.Scheduler.lambda$schedule$1(Scheduler.java:68)
	at java.util.concurrent.Executors$RunnableAdapter.call(Executors.java:511)
	at java.util.concurrent.FutureTask.run(FutureTask.java:266)
	at java.util.concurrent.ScheduledThreadPoolExecutor$ScheduledFutureTask.access$201(ScheduledThreadPoolExecutor.java:180)
	at java.util.concurrent.ScheduledThreadPoolExecutor$ScheduledFutureTask.run(ScheduledThreadPoolExecutor.java:293)
	at java.util.concurrent.ThreadPoolExecutor.runWorker(ThreadPoolExecutor.java:1149)
	at java.util.concurrent.ThreadPoolExecutor$Worker.run(ThreadPoolExecutor.java:624)
	at java.lang.Thread.run(Thread.java:748)
2019-09-17 09:53:14,283 [7550e15a-2ff9-4e5e-b05d-d9f072bd52cf@group-98B303272373-SegmentedRaftLogWorker] WARN  segmented.SegmentedRaftLogWorker (SegmentedRaftLogWorker.java:getFromFuture(90)) - Timeout 2/~
org.apache.ratis.protocol.TimeoutIOException: Timeout 10s: WriteLog:11: (t:1, i:11), STATEMACHINELOGENTRY, client-7EF2EE2BC676, cid=219-writeStateMachineData
	at org.apache.ratis.util.IOUtils.getFromFuture(IOUtils.java:87)
	at org.apache.ratis.server.raftlog.segmented.SegmentedRaftLogWorker$StateMachineDataPolicy.getFromFuture(SegmentedRaftLogWorker.java:87)
	at org.apache.ratis.server.raftlog.segmented.SegmentedRaftLogWorker$WriteLog.execute(SegmentedRaftLogWorker.java:477)
	at org.apache.ratis.server.raftlog.segmented.SegmentedRaftLogWorker.run(SegmentedRaftLogWorker.java:289)
	at java.lang.Thread.run(Thread.java:748)
Caused by: java.util.concurrent.TimeoutException
	at java.util.concurrent.CompletableFuture.timedGet(CompletableFuture.java:1771)
	at java.util.concurrent.CompletableFuture.get(CompletableFuture.java:1915)
	at org.apache.ratis.util.IOUtils.getFromFuture(IOUtils.java:79)
	... 4 more
2019-09-17 09:53:14,284 [bdd5aae1-c180-43a6-a11a-58912a33bf0b@group-98B303272373-SegmentedRaftLogWorker] WARN  segmented.SegmentedRaftLogWorker (SegmentedRaftLogWorker.java:getFromFuture(90)) - Timeout 2/~
org.apache.ratis.protocol.TimeoutIOException: Timeout 10s: WriteLog:11: (t:1, i:11), STATEMACHINELOGENTRY, client-7EF2EE2BC676, cid=219-writeStateMachineData
	at org.apache.ratis.util.IOUtils.getFromFuture(IOUtils.java:87)
	at org.apache.ratis.server.raftlog.segmented.SegmentedRaftLogWorker$StateMachineDataPolicy.getFromFuture(SegmentedRaftLogWorker.java:87)
	at org.apache.ratis.server.raftlog.segmented.SegmentedRaftLogWorker$WriteLog.execute(SegmentedRaftLogWorker.java:477)
	at org.apache.ratis.server.raftlog.segmented.SegmentedRaftLogWorker.run(SegmentedRaftLogWorker.java:289)
	at java.lang.Thread.run(Thread.java:748)
Caused by: java.util.concurrent.TimeoutException
	at java.util.concurrent.CompletableFuture.timedGet(CompletableFuture.java:1771)
	at java.util.concurrent.CompletableFuture.get(CompletableFuture.java:1915)
	at org.apache.ratis.util.IOUtils.getFromFuture(IOUtils.java:79)
	... 4 more
2019-09-17 09:53:14,284 [97184ed6-1d8a-4db2-a901-2f2d7f2102ca@group-98B303272373-SegmentedRaftLogWorker] WARN  segmented.SegmentedRaftLogWorker (SegmentedRaftLogWorker.java:getFromFuture(90)) - Timeout 2/~
org.apache.ratis.protocol.TimeoutIOException: Timeout 10s: WriteLog:11: (t:1, i:11), STATEMACHINELOGENTRY, client-7EF2EE2BC676, cid=219-writeStateMachineData
	at org.apache.ratis.util.IOUtils.getFromFuture(IOUtils.java:87)
	at org.apache.ratis.server.raftlog.segmented.SegmentedRaftLogWorker$StateMachineDataPolicy.getFromFuture(SegmentedRaftLogWorker.java:87)
	at org.apache.ratis.server.raftlog.segmented.SegmentedRaftLogWorker$WriteLog.execute(SegmentedRaftLogWorker.java:477)
	at org.apache.ratis.server.raftlog.segmented.SegmentedRaftLogWorker.run(SegmentedRaftLogWorker.java:289)
	at java.lang.Thread.run(Thread.java:748)
Caused by: java.util.concurrent.TimeoutException
	at java.util.concurrent.CompletableFuture.timedGet(CompletableFuture.java:1771)
	at java.util.concurrent.CompletableFuture.get(CompletableFuture.java:1915)
	at org.apache.ratis.util.IOUtils.getFromFuture(IOUtils.java:79)
	... 4 more
2019-09-17 09:53:14,622 [grpc-default-executor-8] INFO  client.GrpcClientProtocolClient (GrpcClientProtocolClient.java:onNext(264)) - client-7EF2EE2BC676->97184ed6-1d8a-4db2-a901-2f2d7f2102ca: receive RaftClientReply:client-7EF2EE2BC676->97184ed6-1d8a-4db2-a901-2f2d7f2102ca@group-98B303272373, cid=219, FAILED org.apache.ratis.protocol.NotLeaderException: Server 97184ed6-1d8a-4db2-a901-2f2d7f2102ca@group-98B303272373 is not the leader 7550e15a-2ff9-4e5e-b05d-d9f072bd52cf:192.168.34.37:41606, logIndex=0, commits[97184ed6-1d8a-4db2-a901-2f2d7f2102ca:c10, bdd5aae1-c180-43a6-a11a-58912a33bf0b:c9, 7550e15a-2ff9-4e5e-b05d-d9f072bd52cf:c10]
2019-09-17 09:53:14,789 [java.util.concurrent.ThreadPoolExecutor$Worker@36903ecd[State = -1, empty queue]] WARN  server.GrpcLogAppender (GrpcLogAppender.java:timeoutAppendRequest(200)) - 7550e15a-2ff9-4e5e-b05d-d9f072bd52cf@group-98B303272373->bdd5aae1-c180-43a6-a11a-58912a33bf0b-GrpcLogAppender: appendEntries Timeout, request=7550e15a-2ff9-4e5e-b05d-d9f072bd52cf->bdd5aae1-c180-43a6-a11a-58912a33bf0b#39-t1, previous=(t:1, i:14), leaderCommit=10, initializing? false, entries: <empty>
2019-09-17 09:53:14,789 [java.util.concurrent.ThreadPoolExecutor$Worker@4029c190[State = -1, empty queue]] WARN  server.GrpcLogAppender (GrpcLogAppender.java:timeoutAppendRequest(200)) - 7550e15a-2ff9-4e5e-b05d-d9f072bd52cf@group-98B303272373->97184ed6-1d8a-4db2-a901-2f2d7f2102ca-GrpcLogAppender: appendEntries Timeout, request=7550e15a-2ff9-4e5e-b05d-d9f072bd52cf->97184ed6-1d8a-4db2-a901-2f2d7f2102ca#39-t1, previous=(t:1, i:14), leaderCommit=10, initializing? false, entries: <empty>
2019-09-17 09:53:15,283 [grpc-default-executor-3] INFO  impl.RaftServerProxy (RaftServerProxy.java:remove(95)) - bdd5aae1-c180-43a6-a11a-58912a33bf0b: remove group-AADE5DCBB6F7:null
2019-09-17 09:53:15,287 [RatisPipelineUtilsThread] WARN  pipeline.RatisPipelineUtils (RatisPipelineUtils.java:destroyPipeline(66)) - Pipeline destroy failed for pipeline=PipelineID=ee8ffa2b-24a5-4a82-be78-aade5dcbb6f7 dn=bdd5aae1-c180-43a6-a11a-58912a33bf0b{ip: 192.168.34.37, host: pr-hdds-2110-rdjw6-11158954, networkLocation: /default-rack, certSerialId: null}
2019-09-17 09:53:15,290 [grpc-default-executor-3] INFO  impl.RaftServerProxy (RaftServerProxy.java:remove(95)) - 97184ed6-1d8a-4db2-a901-2f2d7f2102ca: remove group-AADE5DCBB6F7:null
2019-09-17 09:53:15,292 [RatisPipelineUtilsThread] WARN  pipeline.RatisPipelineUtils (RatisPipelineUtils.java:destroyPipeline(66)) - Pipeline destroy failed for pipeline=PipelineID=ee8ffa2b-24a5-4a82-be78-aade5dcbb6f7 dn=97184ed6-1d8a-4db2-a901-2f2d7f2102ca{ip: 192.168.34.37, host: pr-hdds-2110-rdjw6-11158954, networkLocation: /default-rack, certSerialId: null}
2019-09-17 09:53:15,294 [grpc-default-executor-3] INFO  impl.RaftServerProxy (RaftServerProxy.java:remove(95)) - 7550e15a-2ff9-4e5e-b05d-d9f072bd52cf: remove group-AADE5DCBB6F7:null
2019-09-17 09:53:15,296 [RatisPipelineUtilsThread] WARN  pipeline.RatisPipelineUtils (RatisPipelineUtils.java:destroyPipeline(66)) - Pipeline destroy failed for pipeline=PipelineID=ee8ffa2b-24a5-4a82-be78-aade5dcbb6f7 dn=7550e15a-2ff9-4e5e-b05d-d9f072bd52cf{ip: 192.168.34.37, host: pr-hdds-2110-rdjw6-11158954, networkLocation: /default-rack, certSerialId: null}
2019-09-17 09:53:15,297 [RatisPipelineUtilsThread] ERROR pipeline.SCMPipelineManager (Scheduler.java:lambda$schedule$1(70)) - Destroy pipeline failed for pipeline:Pipeline[ Id: ee8ffa2b-24a5-4a82-be78-aade5dcbb6f7, Nodes: bdd5aae1-c180-43a6-a11a-58912a33bf0b{ip: 192.168.34.37, host: pr-hdds-2110-rdjw6-11158954, networkLocation: /default-rack, certSerialId: null}97184ed6-1d8a-4db2-a901-2f2d7f2102ca{ip: 192.168.34.37, host: pr-hdds-2110-rdjw6-11158954, networkLocation: /default-rack, certSerialId: null}7550e15a-2ff9-4e5e-b05d-d9f072bd52cf{ip: 192.168.34.37, host: pr-hdds-2110-rdjw6-11158954, networkLocation: /default-rack, certSerialId: null}, Type:RATIS, Factor:THREE, State:CLOSED]
org.apache.hadoop.hdds.scm.pipeline.PipelineNotFoundException: PipelineID=ee8ffa2b-24a5-4a82-be78-aade5dcbb6f7 not found
	at org.apache.hadoop.hdds.scm.pipeline.PipelineStateMap.getPipeline(PipelineStateMap.java:132)
	at org.apache.hadoop.hdds.scm.pipeline.PipelineStateMap.removePipeline(PipelineStateMap.java:322)
	at org.apache.hadoop.hdds.scm.pipeline.PipelineStateManager.removePipeline(PipelineStateManager.java:107)
	at org.apache.hadoop.hdds.scm.pipeline.SCMPipelineManager.removePipeline(SCMPipelineManager.java:423)
	at org.apache.hadoop.hdds.scm.pipeline.SCMPipelineManager.destroyPipeline(SCMPipelineManager.java:409)
	at org.apache.hadoop.hdds.scm.pipeline.SCMPipelineManager.lambda$finalizeAndDestroyPipeline$0(SCMPipelineManager.java:318)
	at org.apache.hadoop.utils.Scheduler.lambda$schedule$1(Scheduler.java:68)
	at java.util.concurrent.Executors$RunnableAdapter.call(Executors.java:511)
	at java.util.concurrent.FutureTask.run(FutureTask.java:266)
	at java.util.concurrent.ScheduledThreadPoolExecutor$ScheduledFutureTask.access$201(ScheduledThreadPoolExecutor.java:180)
	at java.util.concurrent.ScheduledThreadPoolExecutor$ScheduledFutureTask.run(ScheduledThreadPoolExecutor.java:293)
	at java.util.concurrent.ThreadPoolExecutor.runWorker(ThreadPoolExecutor.java:1149)
	at java.util.concurrent.ThreadPoolExecutor$Worker.run(ThreadPoolExecutor.java:624)
	at java.lang.Thread.run(Thread.java:748)
2019-09-17 09:53:17,290 [java.util.concurrent.ThreadPoolExecutor$Worker@4029c190[State = -1, empty queue]] WARN  server.GrpcLogAppender (GrpcLogAppender.java:timeoutAppendRequest(200)) - 7550e15a-2ff9-4e5e-b05d-d9f072bd52cf@group-98B303272373->97184ed6-1d8a-4db2-a901-2f2d7f2102ca-GrpcLogAppender: appendEntries Timeout, request=7550e15a-2ff9-4e5e-b05d-d9f072bd52cf->97184ed6-1d8a-4db2-a901-2f2d7f2102ca#40-t1, previous=(t:1, i:14), leaderCommit=10, initializing? false, entries: <empty>
2019-09-17 09:53:17,290 [java.util.concurrent.ThreadPoolExecutor$Worker@36903ecd[State = -1, empty queue]] WARN  server.GrpcLogAppender (GrpcLogAppender.java:timeoutAppendRequest(200)) - 7550e15a-2ff9-4e5e-b05d-d9f072bd52cf@group-98B303272373->bdd5aae1-c180-43a6-a11a-58912a33bf0b-GrpcLogAppender: appendEntries Timeout, request=7550e15a-2ff9-4e5e-b05d-d9f072bd52cf->bdd5aae1-c180-43a6-a11a-58912a33bf0b#40-t1, previous=(t:1, i:14), leaderCommit=10, initializing? false, entries: <empty>
2019-09-17 09:53:18,287 [grpc-default-executor-3] INFO  impl.RaftServerProxy (RaftServerProxy.java:remove(95)) - bdd5aae1-c180-43a6-a11a-58912a33bf0b: remove group-AADE5DCBB6F7:null
2019-09-17 09:53:18,291 [RatisPipelineUtilsThread] WARN  pipeline.RatisPipelineUtils (RatisPipelineUtils.java:destroyPipeline(66)) - Pipeline destroy failed for pipeline=PipelineID=ee8ffa2b-24a5-4a82-be78-aade5dcbb6f7 dn=bdd5aae1-c180-43a6-a11a-58912a33bf0b{ip: 192.168.34.37, host: pr-hdds-2110-rdjw6-11158954, networkLocation: /default-rack, certSerialId: null}
2019-09-17 09:53:18,294 [grpc-default-executor-3] INFO  impl.RaftServerProxy (RaftServerProxy.java:remove(95)) - 97184ed6-1d8a-4db2-a901-2f2d7f2102ca: remove group-AADE5DCBB6F7:null
2019-09-17 09:53:18,296 [RatisPipelineUtilsThread] WARN  pipeline.RatisPipelineUtils (RatisPipelineUtils.java:destroyPipeline(66)) - Pipeline destroy failed for pipeline=PipelineID=ee8ffa2b-24a5-4a82-be78-aade5dcbb6f7 dn=97184ed6-1d8a-4db2-a901-2f2d7f2102ca{ip: 192.168.34.37, host: pr-hdds-2110-rdjw6-11158954, networkLocation: /default-rack, certSerialId: null}
2019-09-17 09:53:18,299 [grpc-default-executor-3] INFO  impl.RaftServerProxy (RaftServerProxy.java:remove(95)) - 7550e15a-2ff9-4e5e-b05d-d9f072bd52cf: remove group-AADE5DCBB6F7:null
2019-09-17 09:53:18,300 [RatisPipelineUtilsThread] WARN  pipeline.RatisPipelineUtils (RatisPipelineUtils.java:destroyPipeline(66)) - Pipeline destroy failed for pipeline=PipelineID=ee8ffa2b-24a5-4a82-be78-aade5dcbb6f7 dn=7550e15a-2ff9-4e5e-b05d-d9f072bd52cf{ip: 192.168.34.37, host: pr-hdds-2110-rdjw6-11158954, networkLocation: /default-rack, certSerialId: null}
2019-09-17 09:53:18,301 [RatisPipelineUtilsThread] ERROR pipeline.SCMPipelineManager (Scheduler.java:lambda$schedule$1(70)) - Destroy pipeline failed for pipeline:Pipeline[ Id: ee8ffa2b-24a5-4a82-be78-aade5dcbb6f7, Nodes: bdd5aae1-c180-43a6-a11a-58912a33bf0b{ip: 192.168.34.37, host: pr-hdds-2110-rdjw6-11158954, networkLocation: /default-rack, certSerialId: null}97184ed6-1d8a-4db2-a901-2f2d7f2102ca{ip: 192.168.34.37, host: pr-hdds-2110-rdjw6-11158954, networkLocation: /default-rack, certSerialId: null}7550e15a-2ff9-4e5e-b05d-d9f072bd52cf{ip: 192.168.34.37, host: pr-hdds-2110-rdjw6-11158954, networkLocation: /default-rack, certSerialId: null}, Type:RATIS, Factor:THREE, State:CLOSED]
org.apache.hadoop.hdds.scm.pipeline.PipelineNotFoundException: PipelineID=ee8ffa2b-24a5-4a82-be78-aade5dcbb6f7 not found
	at org.apache.hadoop.hdds.scm.pipeline.PipelineStateMap.getPipeline(PipelineStateMap.java:132)
	at org.apache.hadoop.hdds.scm.pipeline.PipelineStateMap.removePipeline(PipelineStateMap.java:322)
	at org.apache.hadoop.hdds.scm.pipeline.PipelineStateManager.removePipeline(PipelineStateManager.java:107)
	at org.apache.hadoop.hdds.scm.pipeline.SCMPipelineManager.removePipeline(SCMPipelineManager.java:423)
	at org.apache.hadoop.hdds.scm.pipeline.SCMPipelineManager.destroyPipeline(SCMPipelineManager.java:409)
	at org.apache.hadoop.hdds.scm.pipeline.SCMPipelineManager.lambda$finalizeAndDestroyPipeline$0(SCMPipelineManager.java:318)
	at org.apache.hadoop.utils.Scheduler.lambda$schedule$1(Scheduler.java:68)
	at java.util.concurrent.Executors$RunnableAdapter.call(Executors.java:511)
	at java.util.concurrent.FutureTask.run(FutureTask.java:266)
	at java.util.concurrent.ScheduledThreadPoolExecutor$ScheduledFutureTask.access$201(ScheduledThreadPoolExecutor.java:180)
	at java.util.concurrent.ScheduledThreadPoolExecutor$ScheduledFutureTask.run(ScheduledThreadPoolExecutor.java:293)
	at java.util.concurrent.ThreadPoolExecutor.runWorker(ThreadPoolExecutor.java:1149)
	at java.util.concurrent.ThreadPoolExecutor$Worker.run(ThreadPoolExecutor.java:624)
	at java.lang.Thread.run(Thread.java:748)
2019-09-17 09:53:19,664 [grpc-default-executor-3] INFO  client.GrpcClientProtocolClient (GrpcClientProtocolClient.java:onNext(264)) - client-7EF2EE2BC676->97184ed6-1d8a-4db2-a901-2f2d7f2102ca: receive RaftClientReply:client-7EF2EE2BC676->97184ed6-1d8a-4db2-a901-2f2d7f2102ca@group-98B303272373, cid=219, FAILED org.apache.ratis.protocol.NotLeaderException: Server 97184ed6-1d8a-4db2-a901-2f2d7f2102ca@group-98B303272373 is not the leader 7550e15a-2ff9-4e5e-b05d-d9f072bd52cf:192.168.34.37:41606, logIndex=0, commits[97184ed6-1d8a-4db2-a901-2f2d7f2102ca:c10, bdd5aae1-c180-43a6-a11a-58912a33bf0b:c9, 7550e15a-2ff9-4e5e-b05d-d9f072bd52cf:c10]
2019-09-17 09:53:19,791 [java.util.concurrent.ThreadPoolExecutor$Worker@36903ecd[State = -1, empty queue]] WARN  server.GrpcLogAppender (GrpcLogAppender.java:timeoutAppendRequest(200)) - 7550e15a-2ff9-4e5e-b05d-d9f072bd52cf@group-98B303272373->bdd5aae1-c180-43a6-a11a-58912a33bf0b-GrpcLogAppender: appendEntries Timeout, request=7550e15a-2ff9-4e5e-b05d-d9f072bd52cf->bdd5aae1-c180-43a6-a11a-58912a33bf0b#41-t1, previous=(t:1, i:14), leaderCommit=10, initializing? false, entries: <empty>
2019-09-17 09:53:19,791 [java.util.concurrent.ThreadPoolExecutor$Worker@4029c190[State = -1, empty queue]] WARN  server.GrpcLogAppender (GrpcLogAppender.java:timeoutAppendRequest(200)) - 7550e15a-2ff9-4e5e-b05d-d9f072bd52cf@group-98B303272373->97184ed6-1d8a-4db2-a901-2f2d7f2102ca-GrpcLogAppender: appendEntries Timeout, request=7550e15a-2ff9-4e5e-b05d-d9f072bd52cf->97184ed6-1d8a-4db2-a901-2f2d7f2102ca#41-t1, previous=(t:1, i:14), leaderCommit=10, initializing? false, entries: <empty>
2019-09-17 09:53:20,281 [grpc-default-executor-8] INFO  impl.RaftServerProxy (RaftServerProxy.java:remove(95)) - bdd5aae1-c180-43a6-a11a-58912a33bf0b: remove group-AADE5DCBB6F7:null
2019-09-17 09:53:20,284 [RatisPipelineUtilsThread] WARN  pipeline.RatisPipelineUtils (RatisPipelineUtils.java:destroyPipeline(66)) - Pipeline destroy failed for pipeline=PipelineID=ee8ffa2b-24a5-4a82-be78-aade5dcbb6f7 dn=bdd5aae1-c180-43a6-a11a-58912a33bf0b{ip: 192.168.34.37, host: pr-hdds-2110-rdjw6-11158954, networkLocation: /default-rack, certSerialId: null}
2019-09-17 09:53:20,286 [grpc-default-executor-8] INFO  impl.RaftServerProxy (RaftServerProxy.java:remove(95)) - 97184ed6-1d8a-4db2-a901-2f2d7f2102ca: remove group-AADE5DCBB6F7:null
2019-09-17 09:53:20,289 [RatisPipelineUtilsThread] WARN  pipeline.RatisPipelineUtils (RatisPipelineUtils.java:destroyPipeline(66)) - Pipeline destroy failed for pipeline=PipelineID=ee8ffa2b-24a5-4a82-be78-aade5dcbb6f7 dn=97184ed6-1d8a-4db2-a901-2f2d7f2102ca{ip: 192.168.34.37, host: pr-hdds-2110-rdjw6-11158954, networkLocation: /default-rack, certSerialId: null}
2019-09-17 09:53:20,291 [grpc-default-executor-8] INFO  impl.RaftServerProxy (RaftServerProxy.java:remove(95)) - 7550e15a-2ff9-4e5e-b05d-d9f072bd52cf: remove group-AADE5DCBB6F7:null
2019-09-17 09:53:20,293 [RatisPipelineUtilsThread] WARN  pipeline.RatisPipelineUtils (RatisPipelineUtils.java:destroyPipeline(66)) - Pipeline destroy failed for pipeline=PipelineID=ee8ffa2b-24a5-4a82-be78-aade5dcbb6f7 dn=7550e15a-2ff9-4e5e-b05d-d9f072bd52cf{ip: 192.168.34.37, host: pr-hdds-2110-rdjw6-11158954, networkLocation: /default-rack, certSerialId: null}
2019-09-17 09:53:20,294 [RatisPipelineUtilsThread] ERROR pipeline.SCMPipelineManager (Scheduler.java:lambda$schedule$1(70)) - Destroy pipeline failed for pipeline:Pipeline[ Id: ee8ffa2b-24a5-4a82-be78-aade5dcbb6f7, Nodes: bdd5aae1-c180-43a6-a11a-58912a33bf0b{ip: 192.168.34.37, host: pr-hdds-2110-rdjw6-11158954, networkLocation: /default-rack, certSerialId: null}97184ed6-1d8a-4db2-a901-2f2d7f2102ca{ip: 192.168.34.37, host: pr-hdds-2110-rdjw6-11158954, networkLocation: /default-rack, certSerialId: null}7550e15a-2ff9-4e5e-b05d-d9f072bd52cf{ip: 192.168.34.37, host: pr-hdds-2110-rdjw6-11158954, networkLocation: /default-rack, certSerialId: null}, Type:RATIS, Factor:THREE, State:CLOSED]
org.apache.hadoop.hdds.scm.pipeline.PipelineNotFoundException: PipelineID=ee8ffa2b-24a5-4a82-be78-aade5dcbb6f7 not found
	at org.apache.hadoop.hdds.scm.pipeline.PipelineStateMap.getPipeline(PipelineStateMap.java:132)
	at org.apache.hadoop.hdds.scm.pipeline.PipelineStateMap.removePipeline(PipelineStateMap.java:322)
	at org.apache.hadoop.hdds.scm.pipeline.PipelineStateManager.removePipeline(PipelineStateManager.java:107)
	at org.apache.hadoop.hdds.scm.pipeline.SCMPipelineManager.removePipeline(SCMPipelineManager.java:423)
	at org.apache.hadoop.hdds.scm.pipeline.SCMPipelineManager.destroyPipeline(SCMPipelineManager.java:409)
	at org.apache.hadoop.hdds.scm.pipeline.SCMPipelineManager.lambda$finalizeAndDestroyPipeline$0(SCMPipelineManager.java:318)
	at org.apache.hadoop.utils.Scheduler.lambda$schedule$1(Scheduler.java:68)
	at java.util.concurrent.Executors$RunnableAdapter.call(Executors.java:511)
	at java.util.concurrent.FutureTask.run(FutureTask.java:266)
	at java.util.concurrent.ScheduledThreadPoolExecutor$ScheduledFutureTask.access$201(ScheduledThreadPoolExecutor.java:180)
	at java.util.concurrent.ScheduledThreadPoolExecutor$ScheduledFutureTask.run(ScheduledThreadPoolExecutor.java:293)
	at java.util.concurrent.ThreadPoolExecutor.runWorker(ThreadPoolExecutor.java:1149)
	at java.util.concurrent.ThreadPoolExecutor$Worker.run(ThreadPoolExecutor.java:624)
	at java.lang.Thread.run(Thread.java:748)
2019-09-17 09:53:22,292 [java.util.concurrent.ThreadPoolExecutor$Worker@4029c190[State = -1, empty queue]] WARN  server.GrpcLogAppender (GrpcLogAppender.java:timeoutAppendRequest(200)) - 7550e15a-2ff9-4e5e-b05d-d9f072bd52cf@group-98B303272373->97184ed6-1d8a-4db2-a901-2f2d7f2102ca-GrpcLogAppender: appendEntries Timeout, request=7550e15a-2ff9-4e5e-b05d-d9f072bd52cf->97184ed6-1d8a-4db2-a901-2f2d7f2102ca#42-t1, previous=(t:1, i:14), leaderCommit=10, initializing? false, entries: <empty>
2019-09-17 09:53:22,292 [java.util.concurrent.ThreadPoolExecutor$Worker@36903ecd[State = -1, empty queue]] WARN  server.GrpcLogAppender (GrpcLogAppender.java:timeoutAppendRequest(200)) - 7550e15a-2ff9-4e5e-b05d-d9f072bd52cf@group-98B303272373->bdd5aae1-c180-43a6-a11a-58912a33bf0b-GrpcLogAppender: appendEntries Timeout, request=7550e15a-2ff9-4e5e-b05d-d9f072bd52cf->bdd5aae1-c180-43a6-a11a-58912a33bf0b#42-t1, previous=(t:1, i:14), leaderCommit=10, initializing? false, entries: <empty>
2019-09-17 09:53:23,292 [grpc-default-executor-8] INFO  impl.RaftServerProxy (RaftServerProxy.java:remove(95)) - bdd5aae1-c180-43a6-a11a-58912a33bf0b: remove group-AADE5DCBB6F7:null
2019-09-17 09:53:23,298 [RatisPipelineUtilsThread] WARN  pipeline.RatisPipelineUtils (RatisPipelineUtils.java:destroyPipeline(66)) - Pipeline destroy failed for pipeline=PipelineID=ee8ffa2b-24a5-4a82-be78-aade5dcbb6f7 dn=bdd5aae1-c180-43a6-a11a-58912a33bf0b{ip: 192.168.34.37, host: pr-hdds-2110-rdjw6-11158954, networkLocation: /default-rack, certSerialId: null}
2019-09-17 09:53:23,300 [grpc-default-executor-8] INFO  impl.RaftServerProxy (RaftServerProxy.java:remove(95)) - 97184ed6-1d8a-4db2-a901-2f2d7f2102ca: remove group-AADE5DCBB6F7:null
2019-09-17 09:53:23,303 [RatisPipelineUtilsThread] WARN  pipeline.RatisPipelineUtils (RatisPipelineUtils.java:destroyPipeline(66)) - Pipeline destroy failed for pipeline=PipelineID=ee8ffa2b-24a5-4a82-be78-aade5dcbb6f7 dn=97184ed6-1d8a-4db2-a901-2f2d7f2102ca{ip: 192.168.34.37, host: pr-hdds-2110-rdjw6-11158954, networkLocation: /default-rack, certSerialId: null}
2019-09-17 09:53:23,305 [grpc-default-executor-8] INFO  impl.RaftServerProxy (RaftServerProxy.java:remove(95)) - 7550e15a-2ff9-4e5e-b05d-d9f072bd52cf: remove group-AADE5DCBB6F7:null
2019-09-17 09:53:23,307 [RatisPipelineUtilsThread] WARN  pipeline.RatisPipelineUtils (RatisPipelineUtils.java:destroyPipeline(66)) - Pipeline destroy failed for pipeline=PipelineID=ee8ffa2b-24a5-4a82-be78-aade5dcbb6f7 dn=7550e15a-2ff9-4e5e-b05d-d9f072bd52cf{ip: 192.168.34.37, host: pr-hdds-2110-rdjw6-11158954, networkLocation: /default-rack, certSerialId: null}
2019-09-17 09:53:23,308 [RatisPipelineUtilsThread] ERROR pipeline.SCMPipelineManager (Scheduler.java:lambda$schedule$1(70)) - Destroy pipeline failed for pipeline:Pipeline[ Id: ee8ffa2b-24a5-4a82-be78-aade5dcbb6f7, Nodes: bdd5aae1-c180-43a6-a11a-58912a33bf0b{ip: 192.168.34.37, host: pr-hdds-2110-rdjw6-11158954, networkLocation: /default-rack, certSerialId: null}97184ed6-1d8a-4db2-a901-2f2d7f2102ca{ip: 192.168.34.37, host: pr-hdds-2110-rdjw6-11158954, networkLocation: /default-rack, certSerialId: null}7550e15a-2ff9-4e5e-b05d-d9f072bd52cf{ip: 192.168.34.37, host: pr-hdds-2110-rdjw6-11158954, networkLocation: /default-rack, certSerialId: null}, Type:RATIS, Factor:THREE, State:CLOSED]
org.apache.hadoop.hdds.scm.pipeline.PipelineNotFoundException: PipelineID=ee8ffa2b-24a5-4a82-be78-aade5dcbb6f7 not found
	at org.apache.hadoop.hdds.scm.pipeline.PipelineStateMap.getPipeline(PipelineStateMap.java:132)
	at org.apache.hadoop.hdds.scm.pipeline.PipelineStateMap.removePipeline(PipelineStateMap.java:322)
	at org.apache.hadoop.hdds.scm.pipeline.PipelineStateManager.removePipeline(PipelineStateManager.java:107)
	at org.apache.hadoop.hdds.scm.pipeline.SCMPipelineManager.removePipeline(SCMPipelineManager.java:423)
	at org.apache.hadoop.hdds.scm.pipeline.SCMPipelineManager.destroyPipeline(SCMPipelineManager.java:409)
	at org.apache.hadoop.hdds.scm.pipeline.SCMPipelineManager.lambda$finalizeAndDestroyPipeline$0(SCMPipelineManager.java:318)
	at org.apache.hadoop.utils.Scheduler.lambda$schedule$1(Scheduler.java:68)
	at java.util.concurrent.Executors$RunnableAdapter.call(Executors.java:511)
	at java.util.concurrent.FutureTask.run(FutureTask.java:266)
	at java.util.concurrent.ScheduledThreadPoolExecutor$ScheduledFutureTask.access$201(ScheduledThreadPoolExecutor.java:180)
	at java.util.concurrent.ScheduledThreadPoolExecutor$ScheduledFutureTask.run(ScheduledThreadPoolExecutor.java:293)
	at java.util.concurrent.ThreadPoolExecutor.runWorker(ThreadPoolExecutor.java:1149)
	at java.util.concurrent.ThreadPoolExecutor$Worker.run(ThreadPoolExecutor.java:624)
	at java.lang.Thread.run(Thread.java:748)
2019-09-17 09:53:24,284 [7550e15a-2ff9-4e5e-b05d-d9f072bd52cf@group-98B303272373-SegmentedRaftLogWorker] WARN  segmented.SegmentedRaftLogWorker (SegmentedRaftLogWorker.java:getFromFuture(90)) - Timeout 3/~
org.apache.ratis.protocol.TimeoutIOException: Timeout 10s: WriteLog:11: (t:1, i:11), STATEMACHINELOGENTRY, client-7EF2EE2BC676, cid=219-writeStateMachineData
	at org.apache.ratis.util.IOUtils.getFromFuture(IOUtils.java:87)
	at org.apache.ratis.server.raftlog.segmented.SegmentedRaftLogWorker$StateMachineDataPolicy.getFromFuture(SegmentedRaftLogWorker.java:87)
	at org.apache.ratis.server.raftlog.segmented.SegmentedRaftLogWorker$WriteLog.execute(SegmentedRaftLogWorker.java:477)
	at org.apache.ratis.server.raftlog.segmented.SegmentedRaftLogWorker.run(SegmentedRaftLogWorker.java:289)
	at java.lang.Thread.run(Thread.java:748)
Caused by: java.util.concurrent.TimeoutException
	at java.util.concurrent.CompletableFuture.timedGet(CompletableFuture.java:1771)
	at java.util.concurrent.CompletableFuture.get(CompletableFuture.java:1915)
	at org.apache.ratis.util.IOUtils.getFromFuture(IOUtils.java:79)
	... 4 more
2019-09-17 09:53:24,285 [bdd5aae1-c180-43a6-a11a-58912a33bf0b@group-98B303272373-SegmentedRaftLogWorker] WARN  segmented.SegmentedRaftLogWorker (SegmentedRaftLogWorker.java:getFromFuture(90)) - Timeout 3/~
org.apache.ratis.protocol.TimeoutIOException: Timeout 10s: WriteLog:11: (t:1, i:11), STATEMACHINELOGENTRY, client-7EF2EE2BC676, cid=219-writeStateMachineData
	at org.apache.ratis.util.IOUtils.getFromFuture(IOUtils.java:87)
	at org.apache.ratis.server.raftlog.segmented.SegmentedRaftLogWorker$StateMachineDataPolicy.getFromFuture(SegmentedRaftLogWorker.java:87)
	at org.apache.ratis.server.raftlog.segmented.SegmentedRaftLogWorker$WriteLog.execute(SegmentedRaftLogWorker.java:477)
	at org.apache.ratis.server.raftlog.segmented.SegmentedRaftLogWorker.run(SegmentedRaftLogWorker.java:289)
	at java.lang.Thread.run(Thread.java:748)
Caused by: java.util.concurrent.TimeoutException
	at java.util.concurrent.CompletableFuture.timedGet(CompletableFuture.java:1771)
	at java.util.concurrent.CompletableFuture.get(CompletableFuture.java:1915)
	at org.apache.ratis.util.IOUtils.getFromFuture(IOUtils.java:79)
	... 4 more
2019-09-17 09:53:24,285 [97184ed6-1d8a-4db2-a901-2f2d7f2102ca@group-98B303272373-SegmentedRaftLogWorker] WARN  segmented.SegmentedRaftLogWorker (SegmentedRaftLogWorker.java:getFromFuture(90)) - Timeout 3/~
org.apache.ratis.protocol.TimeoutIOException: Timeout 10s: WriteLog:11: (t:1, i:11), STATEMACHINELOGENTRY, client-7EF2EE2BC676, cid=219-writeStateMachineData
	at org.apache.ratis.util.IOUtils.getFromFuture(IOUtils.java:87)
	at org.apache.ratis.server.raftlog.segmented.SegmentedRaftLogWorker$StateMachineDataPolicy.getFromFuture(SegmentedRaftLogWorker.java:87)
	at org.apache.ratis.server.raftlog.segmented.SegmentedRaftLogWorker$WriteLog.execute(SegmentedRaftLogWorker.java:477)
	at org.apache.ratis.server.raftlog.segmented.SegmentedRaftLogWorker.run(SegmentedRaftLogWorker.java:289)
	at java.lang.Thread.run(Thread.java:748)
Caused by: java.util.concurrent.TimeoutException
	at java.util.concurrent.CompletableFuture.timedGet(CompletableFuture.java:1771)
	at java.util.concurrent.CompletableFuture.get(CompletableFuture.java:1915)
	at org.apache.ratis.util.IOUtils.getFromFuture(IOUtils.java:79)
	... 4 more
2019-09-17 09:53:24,723 [grpc-default-executor-8] INFO  client.GrpcClientProtocolClient (GrpcClientProtocolClient.java:onNext(264)) - client-7EF2EE2BC676->bdd5aae1-c180-43a6-a11a-58912a33bf0b: receive RaftClientReply:client-7EF2EE2BC676->bdd5aae1-c180-43a6-a11a-58912a33bf0b@group-98B303272373, cid=219, FAILED org.apache.ratis.protocol.NotLeaderException: Server bdd5aae1-c180-43a6-a11a-58912a33bf0b@group-98B303272373 is not the leader 7550e15a-2ff9-4e5e-b05d-d9f072bd52cf:192.168.34.37:41606, logIndex=0, commits[bdd5aae1-c180-43a6-a11a-58912a33bf0b:c10, 97184ed6-1d8a-4db2-a901-2f2d7f2102ca:c9, 7550e15a-2ff9-4e5e-b05d-d9f072bd52cf:c10]
2019-09-17 09:53:24,793 [java.util.concurrent.ThreadPoolExecutor$Worker@4029c190[State = -1, empty queue]] WARN  server.GrpcLogAppender (GrpcLogAppender.java:timeoutAppendRequest(200)) - 7550e15a-2ff9-4e5e-b05d-d9f072bd52cf@group-98B303272373->97184ed6-1d8a-4db2-a901-2f2d7f2102ca-GrpcLogAppender: appendEntries Timeout, request=7550e15a-2ff9-4e5e-b05d-d9f072bd52cf->97184ed6-1d8a-4db2-a901-2f2d7f2102ca#43-t1, previous=(t:1, i:14), leaderCommit=10, initializing? false, entries: <empty>
2019-09-17 09:53:24,793 [java.util.concurrent.ThreadPoolExecutor$Worker@36903ecd[State = -1, empty queue]] WARN  server.GrpcLogAppender (GrpcLogAppender.java:timeoutAppendRequest(200)) - 7550e15a-2ff9-4e5e-b05d-d9f072bd52cf@group-98B303272373->bdd5aae1-c180-43a6-a11a-58912a33bf0b-GrpcLogAppender: appendEntries Timeout, request=7550e15a-2ff9-4e5e-b05d-d9f072bd52cf->bdd5aae1-c180-43a6-a11a-58912a33bf0b#43-t1, previous=(t:1, i:14), leaderCommit=10, initializing? false, entries: <empty>
2019-09-17 09:53:25,281 [grpc-default-executor-2] INFO  impl.RaftServerProxy (RaftServerProxy.java:remove(95)) - bdd5aae1-c180-43a6-a11a-58912a33bf0b: remove group-AADE5DCBB6F7:null
2019-09-17 09:53:25,288 [RatisPipelineUtilsThread] WARN  pipeline.RatisPipelineUtils (RatisPipelineUtils.java:destroyPipeline(66)) - Pipeline destroy failed for pipeline=PipelineID=ee8ffa2b-24a5-4a82-be78-aade5dcbb6f7 dn=bdd5aae1-c180-43a6-a11a-58912a33bf0b{ip: 192.168.34.37, host: pr-hdds-2110-rdjw6-11158954, networkLocation: /default-rack, certSerialId: null}
2019-09-17 09:53:25,292 [grpc-default-executor-2] INFO  impl.RaftServerProxy (RaftServerProxy.java:remove(95)) - 97184ed6-1d8a-4db2-a901-2f2d7f2102ca: remove group-AADE5DCBB6F7:null
2019-09-17 09:53:25,294 [RatisPipelineUtilsThread] WARN  pipeline.RatisPipelineUtils (RatisPipelineUtils.java:destroyPipeline(66)) - Pipeline destroy failed for pipeline=PipelineID=ee8ffa2b-24a5-4a82-be78-aade5dcbb6f7 dn=97184ed6-1d8a-4db2-a901-2f2d7f2102ca{ip: 192.168.34.37, host: pr-hdds-2110-rdjw6-11158954, networkLocation: /default-rack, certSerialId: null}
2019-09-17 09:53:25,296 [grpc-default-executor-2] INFO  impl.RaftServerProxy (RaftServerProxy.java:remove(95)) - 7550e15a-2ff9-4e5e-b05d-d9f072bd52cf: remove group-AADE5DCBB6F7:null
2019-09-17 09:53:25,298 [RatisPipelineUtilsThread] WARN  pipeline.RatisPipelineUtils (RatisPipelineUtils.java:destroyPipeline(66)) - Pipeline destroy failed for pipeline=PipelineID=ee8ffa2b-24a5-4a82-be78-aade5dcbb6f7 dn=7550e15a-2ff9-4e5e-b05d-d9f072bd52cf{ip: 192.168.34.37, host: pr-hdds-2110-rdjw6-11158954, networkLocation: /default-rack, certSerialId: null}
2019-09-17 09:53:25,298 [RatisPipelineUtilsThread] ERROR pipeline.SCMPipelineManager (Scheduler.java:lambda$schedule$1(70)) - Destroy pipeline failed for pipeline:Pipeline[ Id: ee8ffa2b-24a5-4a82-be78-aade5dcbb6f7, Nodes: bdd5aae1-c180-43a6-a11a-58912a33bf0b{ip: 192.168.34.37, host: pr-hdds-2110-rdjw6-11158954, networkLocation: /default-rack, certSerialId: null}97184ed6-1d8a-4db2-a901-2f2d7f2102ca{ip: 192.168.34.37, host: pr-hdds-2110-rdjw6-11158954, networkLocation: /default-rack, certSerialId: null}7550e15a-2ff9-4e5e-b05d-d9f072bd52cf{ip: 192.168.34.37, host: pr-hdds-2110-rdjw6-11158954, networkLocation: /default-rack, certSerialId: null}, Type:RATIS, Factor:THREE, State:CLOSED]
org.apache.hadoop.hdds.scm.pipeline.PipelineNotFoundException: PipelineID=ee8ffa2b-24a5-4a82-be78-aade5dcbb6f7 not found
	at org.apache.hadoop.hdds.scm.pipeline.PipelineStateMap.getPipeline(PipelineStateMap.java:132)
	at org.apache.hadoop.hdds.scm.pipeline.PipelineStateMap.removePipeline(PipelineStateMap.java:322)
	at org.apache.hadoop.hdds.scm.pipeline.PipelineStateManager.removePipeline(PipelineStateManager.java:107)
	at org.apache.hadoop.hdds.scm.pipeline.SCMPipelineManager.removePipeline(SCMPipelineManager.java:423)
	at org.apache.hadoop.hdds.scm.pipeline.SCMPipelineManager.destroyPipeline(SCMPipelineManager.java:409)
	at org.apache.hadoop.hdds.scm.pipeline.SCMPipelineManager.lambda$finalizeAndDestroyPipeline$0(SCMPipelineManager.java:318)
	at org.apache.hadoop.utils.Scheduler.lambda$schedule$1(Scheduler.java:68)
	at java.util.concurrent.Executors$RunnableAdapter.call(Executors.java:511)
	at java.util.concurrent.FutureTask.run(FutureTask.java:266)
	at java.util.concurrent.ScheduledThreadPoolExecutor$ScheduledFutureTask.access$201(ScheduledThreadPoolExecutor.java:180)
	at java.util.concurrent.ScheduledThreadPoolExecutor$ScheduledFutureTask.run(ScheduledThreadPoolExecutor.java:293)
	at java.util.concurrent.ThreadPoolExecutor.runWorker(ThreadPoolExecutor.java:1149)
	at java.util.concurrent.ThreadPoolExecutor$Worker.run(ThreadPoolExecutor.java:624)
	at java.lang.Thread.run(Thread.java:748)
2019-09-17 09:53:27,294 [java.util.concurrent.ThreadPoolExecutor$Worker@36903ecd[State = -1, empty queue]] WARN  server.GrpcLogAppender (GrpcLogAppender.java:timeoutAppendRequest(200)) - 7550e15a-2ff9-4e5e-b05d-d9f072bd52cf@group-98B303272373->bdd5aae1-c180-43a6-a11a-58912a33bf0b-GrpcLogAppender: appendEntries Timeout, request=7550e15a-2ff9-4e5e-b05d-d9f072bd52cf->bdd5aae1-c180-43a6-a11a-58912a33bf0b#44-t1, previous=(t:1, i:14), leaderCommit=10, initializing? false, entries: <empty>
2019-09-17 09:53:27,294 [java.util.concurrent.ThreadPoolExecutor$Worker@4029c190[State = -1, empty queue]] WARN  server.GrpcLogAppender (GrpcLogAppender.java:timeoutAppendRequest(200)) - 7550e15a-2ff9-4e5e-b05d-d9f072bd52cf@group-98B303272373->97184ed6-1d8a-4db2-a901-2f2d7f2102ca-GrpcLogAppender: appendEntries Timeout, request=7550e15a-2ff9-4e5e-b05d-d9f072bd52cf->97184ed6-1d8a-4db2-a901-2f2d7f2102ca#44-t1, previous=(t:1, i:14), leaderCommit=10, initializing? false, entries: <empty>
2019-09-17 09:53:28,288 [grpc-default-executor-2] INFO  impl.RaftServerProxy (RaftServerProxy.java:remove(95)) - bdd5aae1-c180-43a6-a11a-58912a33bf0b: remove group-AADE5DCBB6F7:null
2019-09-17 09:53:28,293 [RatisPipelineUtilsThread] WARN  pipeline.RatisPipelineUtils (RatisPipelineUtils.java:destroyPipeline(66)) - Pipeline destroy failed for pipeline=PipelineID=ee8ffa2b-24a5-4a82-be78-aade5dcbb6f7 dn=bdd5aae1-c180-43a6-a11a-58912a33bf0b{ip: 192.168.34.37, host: pr-hdds-2110-rdjw6-11158954, networkLocation: /default-rack, certSerialId: null}
2019-09-17 09:53:28,296 [grpc-default-executor-2] INFO  impl.RaftServerProxy (RaftServerProxy.java:remove(95)) - 97184ed6-1d8a-4db2-a901-2f2d7f2102ca: remove group-AADE5DCBB6F7:null
2019-09-17 09:53:28,297 [RatisPipelineUtilsThread] WARN  pipeline.RatisPipelineUtils (RatisPipelineUtils.java:destroyPipeline(66)) - Pipeline destroy failed for pipeline=PipelineID=ee8ffa2b-24a5-4a82-be78-aade5dcbb6f7 dn=97184ed6-1d8a-4db2-a901-2f2d7f2102ca{ip: 192.168.34.37, host: pr-hdds-2110-rdjw6-11158954, networkLocation: /default-rack, certSerialId: null}
2019-09-17 09:53:28,300 [grpc-default-executor-2] INFO  impl.RaftServerProxy (RaftServerProxy.java:remove(95)) - 7550e15a-2ff9-4e5e-b05d-d9f072bd52cf: remove group-AADE5DCBB6F7:null
2019-09-17 09:53:28,302 [RatisPipelineUtilsThread] WARN  pipeline.RatisPipelineUtils (RatisPipelineUtils.java:destroyPipeline(66)) - Pipeline destroy failed for pipeline=PipelineID=ee8ffa2b-24a5-4a82-be78-aade5dcbb6f7 dn=7550e15a-2ff9-4e5e-b05d-d9f072bd52cf{ip: 192.168.34.37, host: pr-hdds-2110-rdjw6-11158954, networkLocation: /default-rack, certSerialId: null}
2019-09-17 09:53:28,302 [RatisPipelineUtilsThread] ERROR pipeline.SCMPipelineManager (Scheduler.java:lambda$schedule$1(70)) - Destroy pipeline failed for pipeline:Pipeline[ Id: ee8ffa2b-24a5-4a82-be78-aade5dcbb6f7, Nodes: bdd5aae1-c180-43a6-a11a-58912a33bf0b{ip: 192.168.34.37, host: pr-hdds-2110-rdjw6-11158954, networkLocation: /default-rack, certSerialId: null}97184ed6-1d8a-4db2-a901-2f2d7f2102ca{ip: 192.168.34.37, host: pr-hdds-2110-rdjw6-11158954, networkLocation: /default-rack, certSerialId: null}7550e15a-2ff9-4e5e-b05d-d9f072bd52cf{ip: 192.168.34.37, host: pr-hdds-2110-rdjw6-11158954, networkLocation: /default-rack, certSerialId: null}, Type:RATIS, Factor:THREE, State:CLOSED]
org.apache.hadoop.hdds.scm.pipeline.PipelineNotFoundException: PipelineID=ee8ffa2b-24a5-4a82-be78-aade5dcbb6f7 not found
	at org.apache.hadoop.hdds.scm.pipeline.PipelineStateMap.getPipeline(PipelineStateMap.java:132)
	at org.apache.hadoop.hdds.scm.pipeline.PipelineStateMap.removePipeline(PipelineStateMap.java:322)
	at org.apache.hadoop.hdds.scm.pipeline.PipelineStateManager.removePipeline(PipelineStateManager.java:107)
	at org.apache.hadoop.hdds.scm.pipeline.SCMPipelineManager.removePipeline(SCMPipelineManager.java:423)
	at org.apache.hadoop.hdds.scm.pipeline.SCMPipelineManager.destroyPipeline(SCMPipelineManager.java:409)
	at org.apache.hadoop.hdds.scm.pipeline.SCMPipelineManager.lambda$finalizeAndDestroyPipeline$0(SCMPipelineManager.java:318)
	at org.apache.hadoop.utils.Scheduler.lambda$schedule$1(Scheduler.java:68)
	at java.util.concurrent.Executors$RunnableAdapter.call(Executors.java:511)
	at java.util.concurrent.FutureTask.run(FutureTask.java:266)
	at java.util.concurrent.ScheduledThreadPoolExecutor$ScheduledFutureTask.access$201(ScheduledThreadPoolExecutor.java:180)
	at java.util.concurrent.ScheduledThreadPoolExecutor$ScheduledFutureTask.run(ScheduledThreadPoolExecutor.java:293)
	at java.util.concurrent.ThreadPoolExecutor.runWorker(ThreadPoolExecutor.java:1149)
	at java.util.concurrent.ThreadPoolExecutor$Worker.run(ThreadPoolExecutor.java:624)
	at java.lang.Thread.run(Thread.java:748)
2019-09-17 09:53:29,769 [grpc-default-executor-8] INFO  client.GrpcClientProtocolClient (GrpcClientProtocolClient.java:onNext(264)) - client-7EF2EE2BC676->bdd5aae1-c180-43a6-a11a-58912a33bf0b: receive RaftClientReply:client-7EF2EE2BC676->bdd5aae1-c180-43a6-a11a-58912a33bf0b@group-98B303272373, cid=219, FAILED org.apache.ratis.protocol.NotLeaderException: Server bdd5aae1-c180-43a6-a11a-58912a33bf0b@group-98B303272373 is not the leader 7550e15a-2ff9-4e5e-b05d-d9f072bd52cf:192.168.34.37:41606, logIndex=0, commits[bdd5aae1-c180-43a6-a11a-58912a33bf0b:c10, 97184ed6-1d8a-4db2-a901-2f2d7f2102ca:c9, 7550e15a-2ff9-4e5e-b05d-d9f072bd52cf:c10]
2019-09-17 09:53:29,795 [java.util.concurrent.ThreadPoolExecutor$Worker@36903ecd[State = -1, empty queue]] WARN  server.GrpcLogAppender (GrpcLogAppender.java:timeoutAppendRequest(200)) - 7550e15a-2ff9-4e5e-b05d-d9f072bd52cf@group-98B303272373->bdd5aae1-c180-43a6-a11a-58912a33bf0b-GrpcLogAppender: appendEntries Timeout, request=7550e15a-2ff9-4e5e-b05d-d9f072bd52cf->bdd5aae1-c180-43a6-a11a-58912a33bf0b#45-t1, previous=(t:1, i:14), leaderCommit=10, initializing? false, entries: <empty>
2019-09-17 09:53:29,795 [java.util.concurrent.ThreadPoolExecutor$Worker@4029c190[State = -1, empty queue]] WARN  server.GrpcLogAppender (GrpcLogAppender.java:timeoutAppendRequest(200)) - 7550e15a-2ff9-4e5e-b05d-d9f072bd52cf@group-98B303272373->97184ed6-1d8a-4db2-a901-2f2d7f2102ca-GrpcLogAppender: appendEntries Timeout, request=7550e15a-2ff9-4e5e-b05d-d9f072bd52cf->97184ed6-1d8a-4db2-a901-2f2d7f2102ca#45-t1, previous=(t:1, i:14), leaderCommit=10, initializing? false, entries: <empty>
2019-09-17 09:53:30,283 [grpc-default-executor-8] INFO  impl.RaftServerProxy (RaftServerProxy.java:remove(95)) - bdd5aae1-c180-43a6-a11a-58912a33bf0b: remove group-AADE5DCBB6F7:null
2019-09-17 09:53:30,286 [RatisPipelineUtilsThread] WARN  pipeline.RatisPipelineUtils (RatisPipelineUtils.java:destroyPipeline(66)) - Pipeline destroy failed for pipeline=PipelineID=ee8ffa2b-24a5-4a82-be78-aade5dcbb6f7 dn=bdd5aae1-c180-43a6-a11a-58912a33bf0b{ip: 192.168.34.37, host: pr-hdds-2110-rdjw6-11158954, networkLocation: /default-rack, certSerialId: null}
2019-09-17 09:53:30,288 [grpc-default-executor-8] INFO  impl.RaftServerProxy (RaftServerProxy.java:remove(95)) - 97184ed6-1d8a-4db2-a901-2f2d7f2102ca: remove group-AADE5DCBB6F7:null
2019-09-17 09:53:30,290 [RatisPipelineUtilsThread] WARN  pipeline.RatisPipelineUtils (RatisPipelineUtils.java:destroyPipeline(66)) - Pipeline destroy failed for pipeline=PipelineID=ee8ffa2b-24a5-4a82-be78-aade5dcbb6f7 dn=97184ed6-1d8a-4db2-a901-2f2d7f2102ca{ip: 192.168.34.37, host: pr-hdds-2110-rdjw6-11158954, networkLocation: /default-rack, certSerialId: null}
2019-09-17 09:53:30,292 [grpc-default-executor-8] INFO  impl.RaftServerProxy (RaftServerProxy.java:remove(95)) - 7550e15a-2ff9-4e5e-b05d-d9f072bd52cf: remove group-AADE5DCBB6F7:null
2019-09-17 09:53:30,294 [RatisPipelineUtilsThread] WARN  pipeline.RatisPipelineUtils (RatisPipelineUtils.java:destroyPipeline(66)) - Pipeline destroy failed for pipeline=PipelineID=ee8ffa2b-24a5-4a82-be78-aade5dcbb6f7 dn=7550e15a-2ff9-4e5e-b05d-d9f072bd52cf{ip: 192.168.34.37, host: pr-hdds-2110-rdjw6-11158954, networkLocation: /default-rack, certSerialId: null}
2019-09-17 09:53:30,294 [RatisPipelineUtilsThread] ERROR pipeline.SCMPipelineManager (Scheduler.java:lambda$schedule$1(70)) - Destroy pipeline failed for pipeline:Pipeline[ Id: ee8ffa2b-24a5-4a82-be78-aade5dcbb6f7, Nodes: bdd5aae1-c180-43a6-a11a-58912a33bf0b{ip: 192.168.34.37, host: pr-hdds-2110-rdjw6-11158954, networkLocation: /default-rack, certSerialId: null}97184ed6-1d8a-4db2-a901-2f2d7f2102ca{ip: 192.168.34.37, host: pr-hdds-2110-rdjw6-11158954, networkLocation: /default-rack, certSerialId: null}7550e15a-2ff9-4e5e-b05d-d9f072bd52cf{ip: 192.168.34.37, host: pr-hdds-2110-rdjw6-11158954, networkLocation: /default-rack, certSerialId: null}, Type:RATIS, Factor:THREE, State:CLOSED]
org.apache.hadoop.hdds.scm.pipeline.PipelineNotFoundException: PipelineID=ee8ffa2b-24a5-4a82-be78-aade5dcbb6f7 not found
	at org.apache.hadoop.hdds.scm.pipeline.PipelineStateMap.getPipeline(PipelineStateMap.java:132)
	at org.apache.hadoop.hdds.scm.pipeline.PipelineStateMap.removePipeline(PipelineStateMap.java:322)
	at org.apache.hadoop.hdds.scm.pipeline.PipelineStateManager.removePipeline(PipelineStateManager.java:107)
	at org.apache.hadoop.hdds.scm.pipeline.SCMPipelineManager.removePipeline(SCMPipelineManager.java:423)
	at org.apache.hadoop.hdds.scm.pipeline.SCMPipelineManager.destroyPipeline(SCMPipelineManager.java:409)
	at org.apache.hadoop.hdds.scm.pipeline.SCMPipelineManager.lambda$finalizeAndDestroyPipeline$0(SCMPipelineManager.java:318)
	at org.apache.hadoop.utils.Scheduler.lambda$schedule$1(Scheduler.java:68)
	at java.util.concurrent.Executors$RunnableAdapter.call(Executors.java:511)
	at java.util.concurrent.FutureTask.run(FutureTask.java:266)
	at java.util.concurrent.ScheduledThreadPoolExecutor$ScheduledFutureTask.access$201(ScheduledThreadPoolExecutor.java:180)
	at java.util.concurrent.ScheduledThreadPoolExecutor$ScheduledFutureTask.run(ScheduledThreadPoolExecutor.java:293)
	at java.util.concurrent.ThreadPoolExecutor.runWorker(ThreadPoolExecutor.java:1149)
	at java.util.concurrent.ThreadPoolExecutor$Worker.run(ThreadPoolExecutor.java:624)
	at java.lang.Thread.run(Thread.java:748)
2019-09-17 09:53:32,295 [java.util.concurrent.ThreadPoolExecutor$Worker@36903ecd[State = -1, empty queue]] WARN  server.GrpcLogAppender (GrpcLogAppender.java:timeoutAppendRequest(200)) - 7550e15a-2ff9-4e5e-b05d-d9f072bd52cf@group-98B303272373->bdd5aae1-c180-43a6-a11a-58912a33bf0b-GrpcLogAppender: appendEntries Timeout, request=7550e15a-2ff9-4e5e-b05d-d9f072bd52cf->bdd5aae1-c180-43a6-a11a-58912a33bf0b#46-t1, previous=(t:1, i:14), leaderCommit=10, initializing? false, entries: <empty>
2019-09-17 09:53:32,295 [java.util.concurrent.ThreadPoolExecutor$Worker@4029c190[State = -1, empty queue]] WARN  server.GrpcLogAppender (GrpcLogAppender.java:timeoutAppendRequest(200)) - 7550e15a-2ff9-4e5e-b05d-d9f072bd52cf@group-98B303272373->97184ed6-1d8a-4db2-a901-2f2d7f2102ca-GrpcLogAppender: appendEntries Timeout, request=7550e15a-2ff9-4e5e-b05d-d9f072bd52cf->97184ed6-1d8a-4db2-a901-2f2d7f2102ca#46-t1, previous=(t:1, i:14), leaderCommit=10, initializing? false, entries: <empty>
2019-09-17 09:53:33,281 [grpc-default-executor-8] INFO  impl.RaftServerProxy (RaftServerProxy.java:remove(95)) - bdd5aae1-c180-43a6-a11a-58912a33bf0b: remove group-AADE5DCBB6F7:null
2019-09-17 09:53:33,284 [RatisPipelineUtilsThread] WARN  pipeline.RatisPipelineUtils (RatisPipelineUtils.java:destroyPipeline(66)) - Pipeline destroy failed for pipeline=PipelineID=ee8ffa2b-24a5-4a82-be78-aade5dcbb6f7 dn=bdd5aae1-c180-43a6-a11a-58912a33bf0b{ip: 192.168.34.37, host: pr-hdds-2110-rdjw6-11158954, networkLocation: /default-rack, certSerialId: null}
2019-09-17 09:53:33,286 [grpc-default-executor-8] INFO  impl.RaftServerProxy (RaftServerProxy.java:remove(95)) - 97184ed6-1d8a-4db2-a901-2f2d7f2102ca: remove group-AADE5DCBB6F7:null
2019-09-17 09:53:33,288 [RatisPipelineUtilsThread] WARN  pipeline.RatisPipelineUtils (RatisPipelineUtils.java:destroyPipeline(66)) - Pipeline destroy failed for pipeline=PipelineID=ee8ffa2b-24a5-4a82-be78-aade5dcbb6f7 dn=97184ed6-1d8a-4db2-a901-2f2d7f2102ca{ip: 192.168.34.37, host: pr-hdds-2110-rdjw6-11158954, networkLocation: /default-rack, certSerialId: null}
2019-09-17 09:53:33,291 [grpc-default-executor-8] INFO  impl.RaftServerProxy (RaftServerProxy.java:remove(95)) - 7550e15a-2ff9-4e5e-b05d-d9f072bd52cf: remove group-AADE5DCBB6F7:null
2019-09-17 09:53:33,293 [RatisPipelineUtilsThread] WARN  pipeline.RatisPipelineUtils (RatisPipelineUtils.java:destroyPipeline(66)) - Pipeline destroy failed for pipeline=PipelineID=ee8ffa2b-24a5-4a82-be78-aade5dcbb6f7 dn=7550e15a-2ff9-4e5e-b05d-d9f072bd52cf{ip: 192.168.34.37, host: pr-hdds-2110-rdjw6-11158954, networkLocation: /default-rack, certSerialId: null}
2019-09-17 09:53:33,293 [RatisPipelineUtilsThread] ERROR pipeline.SCMPipelineManager (Scheduler.java:lambda$schedule$1(70)) - Destroy pipeline failed for pipeline:Pipeline[ Id: ee8ffa2b-24a5-4a82-be78-aade5dcbb6f7, Nodes: bdd5aae1-c180-43a6-a11a-58912a33bf0b{ip: 192.168.34.37, host: pr-hdds-2110-rdjw6-11158954, networkLocation: /default-rack, certSerialId: null}97184ed6-1d8a-4db2-a901-2f2d7f2102ca{ip: 192.168.34.37, host: pr-hdds-2110-rdjw6-11158954, networkLocation: /default-rack, certSerialId: null}7550e15a-2ff9-4e5e-b05d-d9f072bd52cf{ip: 192.168.34.37, host: pr-hdds-2110-rdjw6-11158954, networkLocation: /default-rack, certSerialId: null}, Type:RATIS, Factor:THREE, State:CLOSED]
org.apache.hadoop.hdds.scm.pipeline.PipelineNotFoundException: PipelineID=ee8ffa2b-24a5-4a82-be78-aade5dcbb6f7 not found
	at org.apache.hadoop.hdds.scm.pipeline.PipelineStateMap.getPipeline(PipelineStateMap.java:132)
	at org.apache.hadoop.hdds.scm.pipeline.PipelineStateMap.removePipeline(PipelineStateMap.java:322)
	at org.apache.hadoop.hdds.scm.pipeline.PipelineStateManager.removePipeline(PipelineStateManager.java:107)
	at org.apache.hadoop.hdds.scm.pipeline.SCMPipelineManager.removePipeline(SCMPipelineManager.java:423)
	at org.apache.hadoop.hdds.scm.pipeline.SCMPipelineManager.destroyPipeline(SCMPipelineManager.java:409)
	at org.apache.hadoop.hdds.scm.pipeline.SCMPipelineManager.lambda$finalizeAndDestroyPipeline$0(SCMPipelineManager.java:318)
	at org.apache.hadoop.utils.Scheduler.lambda$schedule$1(Scheduler.java:68)
	at java.util.concurrent.Executors$RunnableAdapter.call(Executors.java:511)
	at java.util.concurrent.FutureTask.run(FutureTask.java:266)
	at java.util.concurrent.ScheduledThreadPoolExecutor$ScheduledFutureTask.access$201(ScheduledThreadPoolExecutor.java:180)
	at java.util.concurrent.ScheduledThreadPoolExecutor$ScheduledFutureTask.run(ScheduledThreadPoolExecutor.java:293)
	at java.util.concurrent.ThreadPoolExecutor.runWorker(ThreadPoolExecutor.java:1149)
	at java.util.concurrent.ThreadPoolExecutor$Worker.run(ThreadPoolExecutor.java:624)
	at java.lang.Thread.run(Thread.java:748)
2019-09-17 09:53:34,285 [7550e15a-2ff9-4e5e-b05d-d9f072bd52cf@group-98B303272373-SegmentedRaftLogWorker] WARN  segmented.SegmentedRaftLogWorker (SegmentedRaftLogWorker.java:getFromFuture(90)) - Timeout 4/~
org.apache.ratis.protocol.TimeoutIOException: Timeout 10s: WriteLog:11: (t:1, i:11), STATEMACHINELOGENTRY, client-7EF2EE2BC676, cid=219-writeStateMachineData
	at org.apache.ratis.util.IOUtils.getFromFuture(IOUtils.java:87)
	at org.apache.ratis.server.raftlog.segmented.SegmentedRaftLogWorker$StateMachineDataPolicy.getFromFuture(SegmentedRaftLogWorker.java:87)
	at org.apache.ratis.server.raftlog.segmented.SegmentedRaftLogWorker$WriteLog.execute(SegmentedRaftLogWorker.java:477)
	at org.apache.ratis.server.raftlog.segmented.SegmentedRaftLogWorker.run(SegmentedRaftLogWorker.java:289)
	at java.lang.Thread.run(Thread.java:748)
Caused by: java.util.concurrent.TimeoutException
	at java.util.concurrent.CompletableFuture.timedGet(CompletableFuture.java:1771)
	at java.util.concurrent.CompletableFuture.get(CompletableFuture.java:1915)
	at org.apache.ratis.util.IOUtils.getFromFuture(IOUtils.java:79)
	... 4 more
2019-09-17 09:53:34,286 [97184ed6-1d8a-4db2-a901-2f2d7f2102ca@group-98B303272373-SegmentedRaftLogWorker] WARN  segmented.SegmentedRaftLogWorker (SegmentedRaftLogWorker.java:getFromFuture(90)) - Timeout 4/~
org.apache.ratis.protocol.TimeoutIOException: Timeout 10s: WriteLog:11: (t:1, i:11), STATEMACHINELOGENTRY, client-7EF2EE2BC676, cid=219-writeStateMachineData
	at org.apache.ratis.util.IOUtils.getFromFuture(IOUtils.java:87)
	at org.apache.ratis.server.raftlog.segmented.SegmentedRaftLogWorker$StateMachineDataPolicy.getFromFuture(SegmentedRaftLogWorker.java:87)
	at org.apache.ratis.server.raftlog.segmented.SegmentedRaftLogWorker$WriteLog.execute(SegmentedRaftLogWorker.java:477)
	at org.apache.ratis.server.raftlog.segmented.SegmentedRaftLogWorker.run(SegmentedRaftLogWorker.java:289)
	at java.lang.Thread.run(Thread.java:748)
Caused by: java.util.concurrent.TimeoutException
	at java.util.concurrent.CompletableFuture.timedGet(CompletableFuture.java:1771)
	at java.util.concurrent.CompletableFuture.get(CompletableFuture.java:1915)
	at org.apache.ratis.util.IOUtils.getFromFuture(IOUtils.java:79)
	... 4 more
2019-09-17 09:53:34,285 [bdd5aae1-c180-43a6-a11a-58912a33bf0b@group-98B303272373-SegmentedRaftLogWorker] WARN  segmented.SegmentedRaftLogWorker (SegmentedRaftLogWorker.java:getFromFuture(90)) - Timeout 4/~
org.apache.ratis.protocol.TimeoutIOException: Timeout 10s: WriteLog:11: (t:1, i:11), STATEMACHINELOGENTRY, client-7EF2EE2BC676, cid=219-writeStateMachineData
	at org.apache.ratis.util.IOUtils.getFromFuture(IOUtils.java:87)
	at org.apache.ratis.server.raftlog.segmented.SegmentedRaftLogWorker$StateMachineDataPolicy.getFromFuture(SegmentedRaftLogWorker.java:87)
	at org.apache.ratis.server.raftlog.segmented.SegmentedRaftLogWorker$WriteLog.execute(SegmentedRaftLogWorker.java:477)
	at org.apache.ratis.server.raftlog.segmented.SegmentedRaftLogWorker.run(SegmentedRaftLogWorker.java:289)
	at java.lang.Thread.run(Thread.java:748)
Caused by: java.util.concurrent.TimeoutException
	at java.util.concurrent.CompletableFuture.timedGet(CompletableFuture.java:1771)
	at java.util.concurrent.CompletableFuture.get(CompletableFuture.java:1915)
	at org.apache.ratis.util.IOUtils.getFromFuture(IOUtils.java:79)
	... 4 more
2019-09-17 09:53:34,796 [java.util.concurrent.ThreadPoolExecutor$Worker@36903ecd[State = -1, empty queue]] WARN  server.GrpcLogAppender (GrpcLogAppender.java:timeoutAppendRequest(200)) - 7550e15a-2ff9-4e5e-b05d-d9f072bd52cf@group-98B303272373->bdd5aae1-c180-43a6-a11a-58912a33bf0b-GrpcLogAppender: appendEntries Timeout, request=7550e15a-2ff9-4e5e-b05d-d9f072bd52cf->bdd5aae1-c180-43a6-a11a-58912a33bf0b#47-t1, previous=(t:1, i:14), leaderCommit=10, initializing? false, entries: <empty>
2019-09-17 09:53:34,796 [java.util.concurrent.ThreadPoolExecutor$Worker@4029c190[State = -1, empty queue]] WARN  server.GrpcLogAppender (GrpcLogAppender.java:timeoutAppendRequest(200)) - 7550e15a-2ff9-4e5e-b05d-d9f072bd52cf@group-98B303272373->97184ed6-1d8a-4db2-a901-2f2d7f2102ca-GrpcLogAppender: appendEntries Timeout, request=7550e15a-2ff9-4e5e-b05d-d9f072bd52cf->97184ed6-1d8a-4db2-a901-2f2d7f2102ca#47-t1, previous=(t:1, i:14), leaderCommit=10, initializing? false, entries: <empty>
2019-09-17 09:53:34,808 [grpc-default-executor-3] INFO  client.GrpcClientProtocolClient (GrpcClientProtocolClient.java:onNext(264)) - client-7EF2EE2BC676->bdd5aae1-c180-43a6-a11a-58912a33bf0b: receive RaftClientReply:client-7EF2EE2BC676->bdd5aae1-c180-43a6-a11a-58912a33bf0b@group-98B303272373, cid=219, FAILED org.apache.ratis.protocol.NotLeaderException: Server bdd5aae1-c180-43a6-a11a-58912a33bf0b@group-98B303272373 is not the leader 7550e15a-2ff9-4e5e-b05d-d9f072bd52cf:192.168.34.37:41606, logIndex=0, commits[bdd5aae1-c180-43a6-a11a-58912a33bf0b:c10, 97184ed6-1d8a-4db2-a901-2f2d7f2102ca:c9, 7550e15a-2ff9-4e5e-b05d-d9f072bd52cf:c10]
2019-09-17 09:53:35,282 [grpc-default-executor-2] INFO  impl.RaftServerProxy (RaftServerProxy.java:remove(95)) - bdd5aae1-c180-43a6-a11a-58912a33bf0b: remove group-AADE5DCBB6F7:null
2019-09-17 09:53:35,285 [RatisPipelineUtilsThread] WARN  pipeline.RatisPipelineUtils (RatisPipelineUtils.java:destroyPipeline(66)) - Pipeline destroy failed for pipeline=PipelineID=ee8ffa2b-24a5-4a82-be78-aade5dcbb6f7 dn=bdd5aae1-c180-43a6-a11a-58912a33bf0b{ip: 192.168.34.37, host: pr-hdds-2110-rdjw6-11158954, networkLocation: /default-rack, certSerialId: null}
2019-09-17 09:53:35,287 [grpc-default-executor-2] INFO  impl.RaftServerProxy (RaftServerProxy.java:remove(95)) - 97184ed6-1d8a-4db2-a901-2f2d7f2102ca: remove group-AADE5DCBB6F7:null
2019-09-17 09:53:35,289 [RatisPipelineUtilsThread] WARN  pipeline.RatisPipelineUtils (RatisPipelineUtils.java:destroyPipeline(66)) - Pipeline destroy failed for pipeline=PipelineID=ee8ffa2b-24a5-4a82-be78-aade5dcbb6f7 dn=97184ed6-1d8a-4db2-a901-2f2d7f2102ca{ip: 192.168.34.37, host: pr-hdds-2110-rdjw6-11158954, networkLocation: /default-rack, certSerialId: null}
2019-09-17 09:53:35,292 [grpc-default-executor-2] INFO  impl.RaftServerProxy (RaftServerProxy.java:remove(95)) - 7550e15a-2ff9-4e5e-b05d-d9f072bd52cf: remove group-AADE5DCBB6F7:null
2019-09-17 09:53:35,294 [RatisPipelineUtilsThread] WARN  pipeline.RatisPipelineUtils (RatisPipelineUtils.java:destroyPipeline(66)) - Pipeline destroy failed for pipeline=PipelineID=ee8ffa2b-24a5-4a82-be78-aade5dcbb6f7 dn=7550e15a-2ff9-4e5e-b05d-d9f072bd52cf{ip: 192.168.34.37, host: pr-hdds-2110-rdjw6-11158954, networkLocation: /default-rack, certSerialId: null}
2019-09-17 09:53:35,294 [RatisPipelineUtilsThread] ERROR pipeline.SCMPipelineManager (Scheduler.java:lambda$schedule$1(70)) - Destroy pipeline failed for pipeline:Pipeline[ Id: ee8ffa2b-24a5-4a82-be78-aade5dcbb6f7, Nodes: bdd5aae1-c180-43a6-a11a-58912a33bf0b{ip: 192.168.34.37, host: pr-hdds-2110-rdjw6-11158954, networkLocation: /default-rack, certSerialId: null}97184ed6-1d8a-4db2-a901-2f2d7f2102ca{ip: 192.168.34.37, host: pr-hdds-2110-rdjw6-11158954, networkLocation: /default-rack, certSerialId: null}7550e15a-2ff9-4e5e-b05d-d9f072bd52cf{ip: 192.168.34.37, host: pr-hdds-2110-rdjw6-11158954, networkLocation: /default-rack, certSerialId: null}, Type:RATIS, Factor:THREE, State:CLOSED]
org.apache.hadoop.hdds.scm.pipeline.PipelineNotFoundException: PipelineID=ee8ffa2b-24a5-4a82-be78-aade5dcbb6f7 not found
	at org.apache.hadoop.hdds.scm.pipeline.PipelineStateMap.getPipeline(PipelineStateMap.java:132)
	at org.apache.hadoop.hdds.scm.pipeline.PipelineStateMap.removePipeline(PipelineStateMap.java:322)
	at org.apache.hadoop.hdds.scm.pipeline.PipelineStateManager.removePipeline(PipelineStateManager.java:107)
	at org.apache.hadoop.hdds.scm.pipeline.SCMPipelineManager.removePipeline(SCMPipelineManager.java:423)
	at org.apache.hadoop.hdds.scm.pipeline.SCMPipelineManager.destroyPipeline(SCMPipelineManager.java:409)
	at org.apache.hadoop.hdds.scm.pipeline.SCMPipelineManager.lambda$finalizeAndDestroyPipeline$0(SCMPipelineManager.java:318)
	at org.apache.hadoop.utils.Scheduler.lambda$schedule$1(Scheduler.java:68)
	at java.util.concurrent.Executors$RunnableAdapter.call(Executors.java:511)
	at java.util.concurrent.FutureTask.run(FutureTask.java:266)
	at java.util.concurrent.ScheduledThreadPoolExecutor$ScheduledFutureTask.access$201(ScheduledThreadPoolExecutor.java:180)
	at java.util.concurrent.ScheduledThreadPoolExecutor$ScheduledFutureTask.run(ScheduledThreadPoolExecutor.java:293)
	at java.util.concurrent.ThreadPoolExecutor.runWorker(ThreadPoolExecutor.java:1149)
	at java.util.concurrent.ThreadPoolExecutor$Worker.run(ThreadPoolExecutor.java:624)
	at java.lang.Thread.run(Thread.java:748)
2019-09-17 09:53:37,296 [java.util.concurrent.ThreadPoolExecutor$Worker@36903ecd[State = -1, empty queue]] WARN  server.GrpcLogAppender (GrpcLogAppender.java:timeoutAppendRequest(200)) - 7550e15a-2ff9-4e5e-b05d-d9f072bd52cf@group-98B303272373->bdd5aae1-c180-43a6-a11a-58912a33bf0b-GrpcLogAppender: appendEntries Timeout, request=7550e15a-2ff9-4e5e-b05d-d9f072bd52cf->bdd5aae1-c180-43a6-a11a-58912a33bf0b#48-t1, previous=(t:1, i:14), leaderCommit=10, initializing? false, entries: <empty>
2019-09-17 09:53:37,296 [java.util.concurrent.ThreadPoolExecutor$Worker@4029c190[State = -1, empty queue]] WARN  server.GrpcLogAppender (GrpcLogAppender.java:timeoutAppendRequest(200)) - 7550e15a-2ff9-4e5e-b05d-d9f072bd52cf@group-98B303272373->97184ed6-1d8a-4db2-a901-2f2d7f2102ca-GrpcLogAppender: appendEntries Timeout, request=7550e15a-2ff9-4e5e-b05d-d9f072bd52cf->97184ed6-1d8a-4db2-a901-2f2d7f2102ca#48-t1, previous=(t:1, i:14), leaderCommit=10, initializing? false, entries: <empty>
2019-09-17 09:53:38,291 [grpc-default-executor-2] INFO  impl.RaftServerProxy (RaftServerProxy.java:remove(95)) - bdd5aae1-c180-43a6-a11a-58912a33bf0b: remove group-AADE5DCBB6F7:null
2019-09-17 09:53:38,296 [RatisPipelineUtilsThread] WARN  pipeline.RatisPipelineUtils (RatisPipelineUtils.java:destroyPipeline(66)) - Pipeline destroy failed for pipeline=PipelineID=ee8ffa2b-24a5-4a82-be78-aade5dcbb6f7 dn=bdd5aae1-c180-43a6-a11a-58912a33bf0b{ip: 192.168.34.37, host: pr-hdds-2110-rdjw6-11158954, networkLocation: /default-rack, certSerialId: null}
2019-09-17 09:53:38,299 [grpc-default-executor-2] INFO  impl.RaftServerProxy (RaftServerProxy.java:remove(95)) - 97184ed6-1d8a-4db2-a901-2f2d7f2102ca: remove group-AADE5DCBB6F7:null
2019-09-17 09:53:38,301 [RatisPipelineUtilsThread] WARN  pipeline.RatisPipelineUtils (RatisPipelineUtils.java:destroyPipeline(66)) - Pipeline destroy failed for pipeline=PipelineID=ee8ffa2b-24a5-4a82-be78-aade5dcbb6f7 dn=97184ed6-1d8a-4db2-a901-2f2d7f2102ca{ip: 192.168.34.37, host: pr-hdds-2110-rdjw6-11158954, networkLocation: /default-rack, certSerialId: null}
2019-09-17 09:53:38,303 [grpc-default-executor-2] INFO  impl.RaftServerProxy (RaftServerProxy.java:remove(95)) - 7550e15a-2ff9-4e5e-b05d-d9f072bd52cf: remove group-AADE5DCBB6F7:null
2019-09-17 09:53:38,306 [RatisPipelineUtilsThread] WARN  pipeline.RatisPipelineUtils (RatisPipelineUtils.java:destroyPipeline(66)) - Pipeline destroy failed for pipeline=PipelineID=ee8ffa2b-24a5-4a82-be78-aade5dcbb6f7 dn=7550e15a-2ff9-4e5e-b05d-d9f072bd52cf{ip: 192.168.34.37, host: pr-hdds-2110-rdjw6-11158954, networkLocation: /default-rack, certSerialId: null}
2019-09-17 09:53:38,306 [RatisPipelineUtilsThread] ERROR pipeline.SCMPipelineManager (Scheduler.java:lambda$schedule$1(70)) - Destroy pipeline failed for pipeline:Pipeline[ Id: ee8ffa2b-24a5-4a82-be78-aade5dcbb6f7, Nodes: bdd5aae1-c180-43a6-a11a-58912a33bf0b{ip: 192.168.34.37, host: pr-hdds-2110-rdjw6-11158954, networkLocation: /default-rack, certSerialId: null}97184ed6-1d8a-4db2-a901-2f2d7f2102ca{ip: 192.168.34.37, host: pr-hdds-2110-rdjw6-11158954, networkLocation: /default-rack, certSerialId: null}7550e15a-2ff9-4e5e-b05d-d9f072bd52cf{ip: 192.168.34.37, host: pr-hdds-2110-rdjw6-11158954, networkLocation: /default-rack, certSerialId: null}, Type:RATIS, Factor:THREE, State:CLOSED]
org.apache.hadoop.hdds.scm.pipeline.PipelineNotFoundException: PipelineID=ee8ffa2b-24a5-4a82-be78-aade5dcbb6f7 not found
	at org.apache.hadoop.hdds.scm.pipeline.PipelineStateMap.getPipeline(PipelineStateMap.java:132)
	at org.apache.hadoop.hdds.scm.pipeline.PipelineStateMap.removePipeline(PipelineStateMap.java:322)
	at org.apache.hadoop.hdds.scm.pipeline.PipelineStateManager.removePipeline(PipelineStateManager.java:107)
	at org.apache.hadoop.hdds.scm.pipeline.SCMPipelineManager.removePipeline(SCMPipelineManager.java:423)
	at org.apache.hadoop.hdds.scm.pipeline.SCMPipelineManager.destroyPipeline(SCMPipelineManager.java:409)
	at org.apache.hadoop.hdds.scm.pipeline.SCMPipelineManager.lambda$finalizeAndDestroyPipeline$0(SCMPipelineManager.java:318)
	at org.apache.hadoop.utils.Scheduler.lambda$schedule$1(Scheduler.java:68)
	at java.util.concurrent.Executors$RunnableAdapter.call(Executors.java:511)
	at java.util.concurrent.FutureTask.run(FutureTask.java:266)
	at java.util.concurrent.ScheduledThreadPoolExecutor$ScheduledFutureTask.access$201(ScheduledThreadPoolExecutor.java:180)
	at java.util.concurrent.ScheduledThreadPoolExecutor$ScheduledFutureTask.run(ScheduledThreadPoolExecutor.java:293)
	at java.util.concurrent.ThreadPoolExecutor.runWorker(ThreadPoolExecutor.java:1149)
	at java.util.concurrent.ThreadPoolExecutor$Worker.run(ThreadPoolExecutor.java:624)
	at java.lang.Thread.run(Thread.java:748)
2019-09-17 09:53:39,796 [java.util.concurrent.ThreadPoolExecutor$Worker@36903ecd[State = -1, empty queue]] WARN  server.GrpcLogAppender (GrpcLogAppender.java:timeoutAppendRequest(200)) - 7550e15a-2ff9-4e5e-b05d-d9f072bd52cf@group-98B303272373->bdd5aae1-c180-43a6-a11a-58912a33bf0b-GrpcLogAppender: appendEntries Timeout, request=7550e15a-2ff9-4e5e-b05d-d9f072bd52cf->bdd5aae1-c180-43a6-a11a-58912a33bf0b#49-t1, previous=(t:1, i:14), leaderCommit=10, initializing? false, entries: <empty>
2019-09-17 09:53:39,796 [java.util.concurrent.ThreadPoolExecutor$Worker@4029c190[State = -1, empty queue]] WARN  server.GrpcLogAppender (GrpcLogAppender.java:timeoutAppendRequest(200)) - 7550e15a-2ff9-4e5e-b05d-d9f072bd52cf@group-98B303272373->97184ed6-1d8a-4db2-a901-2f2d7f2102ca-GrpcLogAppender: appendEntries Timeout, request=7550e15a-2ff9-4e5e-b05d-d9f072bd52cf->97184ed6-1d8a-4db2-a901-2f2d7f2102ca#49-t1, previous=(t:1, i:14), leaderCommit=10, initializing? false, entries: <empty>
2019-09-17 09:53:39,865 [grpc-default-executor-8] INFO  client.GrpcClientProtocolClient (GrpcClientProtocolClient.java:onNext(264)) - client-7EF2EE2BC676->97184ed6-1d8a-4db2-a901-2f2d7f2102ca: receive RaftClientReply:client-7EF2EE2BC676->97184ed6-1d8a-4db2-a901-2f2d7f2102ca@group-98B303272373, cid=219, FAILED org.apache.ratis.protocol.NotLeaderException: Server 97184ed6-1d8a-4db2-a901-2f2d7f2102ca@group-98B303272373 is not the leader 7550e15a-2ff9-4e5e-b05d-d9f072bd52cf:192.168.34.37:41606, logIndex=0, commits[97184ed6-1d8a-4db2-a901-2f2d7f2102ca:c10, bdd5aae1-c180-43a6-a11a-58912a33bf0b:c9, 7550e15a-2ff9-4e5e-b05d-d9f072bd52cf:c10]
2019-09-17 09:53:40,285 [grpc-default-executor-3] INFO  impl.RaftServerProxy (RaftServerProxy.java:remove(95)) - bdd5aae1-c180-43a6-a11a-58912a33bf0b: remove group-AADE5DCBB6F7:null
2019-09-17 09:53:40,290 [RatisPipelineUtilsThread] WARN  pipeline.RatisPipelineUtils (RatisPipelineUtils.java:destroyPipeline(66)) - Pipeline destroy failed for pipeline=PipelineID=ee8ffa2b-24a5-4a82-be78-aade5dcbb6f7 dn=bdd5aae1-c180-43a6-a11a-58912a33bf0b{ip: 192.168.34.37, host: pr-hdds-2110-rdjw6-11158954, networkLocation: /default-rack, certSerialId: null}
2019-09-17 09:53:40,292 [grpc-default-executor-3] INFO  impl.RaftServerProxy (RaftServerProxy.java:remove(95)) - 97184ed6-1d8a-4db2-a901-2f2d7f2102ca: remove group-AADE5DCBB6F7:null
2019-09-17 09:53:40,293 [RatisPipelineUtilsThread] WARN  pipeline.RatisPipelineUtils (RatisPipelineUtils.java:destroyPipeline(66)) - Pipeline destroy failed for pipeline=PipelineID=ee8ffa2b-24a5-4a82-be78-aade5dcbb6f7 dn=97184ed6-1d8a-4db2-a901-2f2d7f2102ca{ip: 192.168.34.37, host: pr-hdds-2110-rdjw6-11158954, networkLocation: /default-rack, certSerialId: null}
2019-09-17 09:53:40,296 [grpc-default-executor-3] INFO  impl.RaftServerProxy (RaftServerProxy.java:remove(95)) - 7550e15a-2ff9-4e5e-b05d-d9f072bd52cf: remove group-AADE5DCBB6F7:null
2019-09-17 09:53:40,297 [RatisPipelineUtilsThread] WARN  pipeline.RatisPipelineUtils (RatisPipelineUtils.java:destroyPipeline(66)) - Pipeline destroy failed for pipeline=PipelineID=ee8ffa2b-24a5-4a82-be78-aade5dcbb6f7 dn=7550e15a-2ff9-4e5e-b05d-d9f072bd52cf{ip: 192.168.34.37, host: pr-hdds-2110-rdjw6-11158954, networkLocation: /default-rack, certSerialId: null}
2019-09-17 09:53:40,297 [RatisPipelineUtilsThread] ERROR pipeline.SCMPipelineManager (Scheduler.java:lambda$schedule$1(70)) - Destroy pipeline failed for pipeline:Pipeline[ Id: ee8ffa2b-24a5-4a82-be78-aade5dcbb6f7, Nodes: bdd5aae1-c180-43a6-a11a-58912a33bf0b{ip: 192.168.34.37, host: pr-hdds-2110-rdjw6-11158954, networkLocation: /default-rack, certSerialId: null}97184ed6-1d8a-4db2-a901-2f2d7f2102ca{ip: 192.168.34.37, host: pr-hdds-2110-rdjw6-11158954, networkLocation: /default-rack, certSerialId: null}7550e15a-2ff9-4e5e-b05d-d9f072bd52cf{ip: 192.168.34.37, host: pr-hdds-2110-rdjw6-11158954, networkLocation: /default-rack, certSerialId: null}, Type:RATIS, Factor:THREE, State:CLOSED]
org.apache.hadoop.hdds.scm.pipeline.PipelineNotFoundException: PipelineID=ee8ffa2b-24a5-4a82-be78-aade5dcbb6f7 not found
	at org.apache.hadoop.hdds.scm.pipeline.PipelineStateMap.getPipeline(PipelineStateMap.java:132)
	at org.apache.hadoop.hdds.scm.pipeline.PipelineStateMap.removePipeline(PipelineStateMap.java:322)
	at org.apache.hadoop.hdds.scm.pipeline.PipelineStateManager.removePipeline(PipelineStateManager.java:107)
	at org.apache.hadoop.hdds.scm.pipeline.SCMPipelineManager.removePipeline(SCMPipelineManager.java:423)
	at org.apache.hadoop.hdds.scm.pipeline.SCMPipelineManager.destroyPipeline(SCMPipelineManager.java:409)
	at org.apache.hadoop.hdds.scm.pipeline.SCMPipelineManager.lambda$finalizeAndDestroyPipeline$0(SCMPipelineManager.java:318)
	at org.apache.hadoop.utils.Scheduler.lambda$schedule$1(Scheduler.java:68)
	at java.util.concurrent.Executors$RunnableAdapter.call(Executors.java:511)
	at java.util.concurrent.FutureTask.run(FutureTask.java:266)
	at java.util.concurrent.ScheduledThreadPoolExecutor$ScheduledFutureTask.access$201(ScheduledThreadPoolExecutor.java:180)
	at java.util.concurrent.ScheduledThreadPoolExecutor$ScheduledFutureTask.run(ScheduledThreadPoolExecutor.java:293)
	at java.util.concurrent.ThreadPoolExecutor.runWorker(ThreadPoolExecutor.java:1149)
	at java.util.concurrent.ThreadPoolExecutor$Worker.run(ThreadPoolExecutor.java:624)
	at java.lang.Thread.run(Thread.java:748)
2019-09-17 09:53:42,297 [java.util.concurrent.ThreadPoolExecutor$Worker@4029c190[State = -1, empty queue]] WARN  server.GrpcLogAppender (GrpcLogAppender.java:timeoutAppendRequest(200)) - 7550e15a-2ff9-4e5e-b05d-d9f072bd52cf@group-98B303272373->97184ed6-1d8a-4db2-a901-2f2d7f2102ca-GrpcLogAppender: appendEntries Timeout, request=7550e15a-2ff9-4e5e-b05d-d9f072bd52cf->97184ed6-1d8a-4db2-a901-2f2d7f2102ca#50-t1, previous=(t:1, i:14), leaderCommit=10, initializing? false, entries: <empty>
2019-09-17 09:53:42,297 [java.util.concurrent.ThreadPoolExecutor$Worker@36903ecd[State = -1, empty queue]] WARN  server.GrpcLogAppender (GrpcLogAppender.java:timeoutAppendRequest(200)) - 7550e15a-2ff9-4e5e-b05d-d9f072bd52cf@group-98B303272373->bdd5aae1-c180-43a6-a11a-58912a33bf0b-GrpcLogAppender: appendEntries Timeout, request=7550e15a-2ff9-4e5e-b05d-d9f072bd52cf->bdd5aae1-c180-43a6-a11a-58912a33bf0b#50-t1, previous=(t:1, i:14), leaderCommit=10, initializing? false, entries: <empty>
2019-09-17 09:53:43,292 [grpc-default-executor-3] INFO  impl.RaftServerProxy (RaftServerProxy.java:remove(95)) - bdd5aae1-c180-43a6-a11a-58912a33bf0b: remove group-AADE5DCBB6F7:null
2019-09-17 09:53:43,297 [RatisPipelineUtilsThread] WARN  pipeline.RatisPipelineUtils (RatisPipelineUtils.java:destroyPipeline(66)) - Pipeline destroy failed for pipeline=PipelineID=ee8ffa2b-24a5-4a82-be78-aade5dcbb6f7 dn=bdd5aae1-c180-43a6-a11a-58912a33bf0b{ip: 192.168.34.37, host: pr-hdds-2110-rdjw6-11158954, networkLocation: /default-rack, certSerialId: null}
2019-09-17 09:53:43,300 [grpc-default-executor-3] INFO  impl.RaftServerProxy (RaftServerProxy.java:remove(95)) - 97184ed6-1d8a-4db2-a901-2f2d7f2102ca: remove group-AADE5DCBB6F7:null
2019-09-17 09:53:43,302 [RatisPipelineUtilsThread] WARN  pipeline.RatisPipelineUtils (RatisPipelineUtils.java:destroyPipeline(66)) - Pipeline destroy failed for pipeline=PipelineID=ee8ffa2b-24a5-4a82-be78-aade5dcbb6f7 dn=97184ed6-1d8a-4db2-a901-2f2d7f2102ca{ip: 192.168.34.37, host: pr-hdds-2110-rdjw6-11158954, networkLocation: /default-rack, certSerialId: null}
2019-09-17 09:53:43,305 [grpc-default-executor-3] INFO  impl.RaftServerProxy (RaftServerProxy.java:remove(95)) - 7550e15a-2ff9-4e5e-b05d-d9f072bd52cf: remove group-AADE5DCBB6F7:null
2019-09-17 09:53:43,306 [RatisPipelineUtilsThread] WARN  pipeline.RatisPipelineUtils (RatisPipelineUtils.java:destroyPipeline(66)) - Pipeline destroy failed for pipeline=PipelineID=ee8ffa2b-24a5-4a82-be78-aade5dcbb6f7 dn=7550e15a-2ff9-4e5e-b05d-d9f072bd52cf{ip: 192.168.34.37, host: pr-hdds-2110-rdjw6-11158954, networkLocation: /default-rack, certSerialId: null}
2019-09-17 09:53:43,307 [RatisPipelineUtilsThread] ERROR pipeline.SCMPipelineManager (Scheduler.java:lambda$schedule$1(70)) - Destroy pipeline failed for pipeline:Pipeline[ Id: ee8ffa2b-24a5-4a82-be78-aade5dcbb6f7, Nodes: bdd5aae1-c180-43a6-a11a-58912a33bf0b{ip: 192.168.34.37, host: pr-hdds-2110-rdjw6-11158954, networkLocation: /default-rack, certSerialId: null}97184ed6-1d8a-4db2-a901-2f2d7f2102ca{ip: 192.168.34.37, host: pr-hdds-2110-rdjw6-11158954, networkLocation: /default-rack, certSerialId: null}7550e15a-2ff9-4e5e-b05d-d9f072bd52cf{ip: 192.168.34.37, host: pr-hdds-2110-rdjw6-11158954, networkLocation: /default-rack, certSerialId: null}, Type:RATIS, Factor:THREE, State:CLOSED]
org.apache.hadoop.hdds.scm.pipeline.PipelineNotFoundException: PipelineID=ee8ffa2b-24a5-4a82-be78-aade5dcbb6f7 not found
	at org.apache.hadoop.hdds.scm.pipeline.PipelineStateMap.getPipeline(PipelineStateMap.java:132)
	at org.apache.hadoop.hdds.scm.pipeline.PipelineStateMap.removePipeline(PipelineStateMap.java:322)
	at org.apache.hadoop.hdds.scm.pipeline.PipelineStateManager.removePipeline(PipelineStateManager.java:107)
	at org.apache.hadoop.hdds.scm.pipeline.SCMPipelineManager.removePipeline(SCMPipelineManager.java:423)
	at org.apache.hadoop.hdds.scm.pipeline.SCMPipelineManager.destroyPipeline(SCMPipelineManager.java:409)
	at org.apache.hadoop.hdds.scm.pipeline.SCMPipelineManager.lambda$finalizeAndDestroyPipeline$0(SCMPipelineManager.java:318)
	at org.apache.hadoop.utils.Scheduler.lambda$schedule$1(Scheduler.java:68)
	at java.util.concurrent.Executors$RunnableAdapter.call(Executors.java:511)
	at java.util.concurrent.FutureTask.run(FutureTask.java:266)
	at java.util.concurrent.ScheduledThreadPoolExecutor$ScheduledFutureTask.access$201(ScheduledThreadPoolExecutor.java:180)
	at java.util.concurrent.ScheduledThreadPoolExecutor$ScheduledFutureTask.run(ScheduledThreadPoolExecutor.java:293)
	at java.util.concurrent.ThreadPoolExecutor.runWorker(ThreadPoolExecutor.java:1149)
	at java.util.concurrent.ThreadPoolExecutor$Worker.run(ThreadPoolExecutor.java:624)
	at java.lang.Thread.run(Thread.java:748)
2019-09-17 09:53:44,286 [7550e15a-2ff9-4e5e-b05d-d9f072bd52cf@group-98B303272373-SegmentedRaftLogWorker] WARN  segmented.SegmentedRaftLogWorker (SegmentedRaftLogWorker.java:getFromFuture(90)) - Timeout 5/~
org.apache.ratis.protocol.TimeoutIOException: Timeout 10s: WriteLog:11: (t:1, i:11), STATEMACHINELOGENTRY, client-7EF2EE2BC676, cid=219-writeStateMachineData
	at org.apache.ratis.util.IOUtils.getFromFuture(IOUtils.java:87)
	at org.apache.ratis.server.raftlog.segmented.SegmentedRaftLogWorker$StateMachineDataPolicy.getFromFuture(SegmentedRaftLogWorker.java:87)
	at org.apache.ratis.server.raftlog.segmented.SegmentedRaftLogWorker$WriteLog.execute(SegmentedRaftLogWorker.java:477)
	at org.apache.ratis.server.raftlog.segmented.SegmentedRaftLogWorker.run(SegmentedRaftLogWorker.java:289)
	at java.lang.Thread.run(Thread.java:748)
Caused by: java.util.concurrent.TimeoutException
	at java.util.concurrent.CompletableFuture.timedGet(CompletableFuture.java:1771)
	at java.util.concurrent.CompletableFuture.get(CompletableFuture.java:1915)
	at org.apache.ratis.util.IOUtils.getFromFuture(IOUtils.java:79)
	... 4 more
2019-09-17 09:53:44,286 [97184ed6-1d8a-4db2-a901-2f2d7f2102ca@group-98B303272373-SegmentedRaftLogWorker] WARN  segmented.SegmentedRaftLogWorker (SegmentedRaftLogWorker.java:getFromFuture(90)) - Timeout 5/~
org.apache.ratis.protocol.TimeoutIOException: Timeout 10s: WriteLog:11: (t:1, i:11), STATEMACHINELOGENTRY, client-7EF2EE2BC676, cid=219-writeStateMachineData
	at org.apache.ratis.util.IOUtils.getFromFuture(IOUtils.java:87)
	at org.apache.ratis.server.raftlog.segmented.SegmentedRaftLogWorker$StateMachineDataPolicy.getFromFuture(SegmentedRaftLogWorker.java:87)
	at org.apache.ratis.server.raftlog.segmented.SegmentedRaftLogWorker$WriteLog.execute(SegmentedRaftLogWorker.java:477)
	at org.apache.ratis.server.raftlog.segmented.SegmentedRaftLogWorker.run(SegmentedRaftLogWorker.java:289)
	at java.lang.Thread.run(Thread.java:748)
Caused by: java.util.concurrent.TimeoutException
	at java.util.concurrent.CompletableFuture.timedGet(CompletableFuture.java:1771)
	at java.util.concurrent.CompletableFuture.get(CompletableFuture.java:1915)
	at org.apache.ratis.util.IOUtils.getFromFuture(IOUtils.java:79)
	... 4 more
2019-09-17 09:53:44,287 [bdd5aae1-c180-43a6-a11a-58912a33bf0b@group-98B303272373-SegmentedRaftLogWorker] WARN  segmented.SegmentedRaftLogWorker (SegmentedRaftLogWorker.java:getFromFuture(90)) - Timeout 5/~
org.apache.ratis.protocol.TimeoutIOException: Timeout 10s: WriteLog:11: (t:1, i:11), STATEMACHINELOGENTRY, client-7EF2EE2BC676, cid=219-writeStateMachineData
	at org.apache.ratis.util.IOUtils.getFromFuture(IOUtils.java:87)
	at org.apache.ratis.server.raftlog.segmented.SegmentedRaftLogWorker$StateMachineDataPolicy.getFromFuture(SegmentedRaftLogWorker.java:87)
	at org.apache.ratis.server.raftlog.segmented.SegmentedRaftLogWorker$WriteLog.execute(SegmentedRaftLogWorker.java:477)
	at org.apache.ratis.server.raftlog.segmented.SegmentedRaftLogWorker.run(SegmentedRaftLogWorker.java:289)
	at java.lang.Thread.run(Thread.java:748)
Caused by: java.util.concurrent.TimeoutException
	at java.util.concurrent.CompletableFuture.timedGet(CompletableFuture.java:1771)
	at java.util.concurrent.CompletableFuture.get(CompletableFuture.java:1915)
	at org.apache.ratis.util.IOUtils.getFromFuture(IOUtils.java:79)
	... 4 more
2019-09-17 09:53:44,799 [java.util.concurrent.ThreadPoolExecutor$Worker@4029c190[State = -1, empty queue]] WARN  server.GrpcLogAppender (GrpcLogAppender.java:timeoutAppendRequest(200)) - 7550e15a-2ff9-4e5e-b05d-d9f072bd52cf@group-98B303272373->97184ed6-1d8a-4db2-a901-2f2d7f2102ca-GrpcLogAppender: appendEntries Timeout, request=7550e15a-2ff9-4e5e-b05d-d9f072bd52cf->97184ed6-1d8a-4db2-a901-2f2d7f2102ca#51-t1, previous=(t:1, i:14), leaderCommit=10, initializing? false, entries: <empty>
2019-09-17 09:53:44,799 [java.util.concurrent.ThreadPoolExecutor$Worker@36903ecd[State = -1, empty queue]] WARN  server.GrpcLogAppender (GrpcLogAppender.java:timeoutAppendRequest(200)) - 7550e15a-2ff9-4e5e-b05d-d9f072bd52cf@group-98B303272373->bdd5aae1-c180-43a6-a11a-58912a33bf0b-GrpcLogAppender: appendEntries Timeout, request=7550e15a-2ff9-4e5e-b05d-d9f072bd52cf->bdd5aae1-c180-43a6-a11a-58912a33bf0b#51-t1, previous=(t:1, i:14), leaderCommit=10, initializing? false, entries: <empty>
2019-09-17 09:53:44,916 [grpc-default-executor-3] INFO  client.GrpcClientProtocolClient (GrpcClientProtocolClient.java:onNext(264)) - client-7EF2EE2BC676->97184ed6-1d8a-4db2-a901-2f2d7f2102ca: receive RaftClientReply:client-7EF2EE2BC676->97184ed6-1d8a-4db2-a901-2f2d7f2102ca@group-98B303272373, cid=219, FAILED org.apache.ratis.protocol.NotLeaderException: Server 97184ed6-1d8a-4db2-a901-2f2d7f2102ca@group-98B303272373 is not the leader 7550e15a-2ff9-4e5e-b05d-d9f072bd52cf:192.168.34.37:41606, logIndex=0, commits[97184ed6-1d8a-4db2-a901-2f2d7f2102ca:c10, bdd5aae1-c180-43a6-a11a-58912a33bf0b:c9, 7550e15a-2ff9-4e5e-b05d-d9f072bd52cf:c10]
2019-09-17 09:53:45,292 [grpc-default-executor-3] INFO  impl.RaftServerProxy (RaftServerProxy.java:remove(95)) - bdd5aae1-c180-43a6-a11a-58912a33bf0b: remove group-AADE5DCBB6F7:null
2019-09-17 09:53:45,296 [RatisPipelineUtilsThread] WARN  pipeline.RatisPipelineUtils (RatisPipelineUtils.java:destroyPipeline(66)) - Pipeline destroy failed for pipeline=PipelineID=ee8ffa2b-24a5-4a82-be78-aade5dcbb6f7 dn=bdd5aae1-c180-43a6-a11a-58912a33bf0b{ip: 192.168.34.37, host: pr-hdds-2110-rdjw6-11158954, networkLocation: /default-rack, certSerialId: null}
2019-09-17 09:53:45,299 [grpc-default-executor-3] INFO  impl.RaftServerProxy (RaftServerProxy.java:remove(95)) - 97184ed6-1d8a-4db2-a901-2f2d7f2102ca: remove group-AADE5DCBB6F7:null
2019-09-17 09:53:45,301 [RatisPipelineUtilsThread] WARN  pipeline.RatisPipelineUtils (RatisPipelineUtils.java:destroyPipeline(66)) - Pipeline destroy failed for pipeline=PipelineID=ee8ffa2b-24a5-4a82-be78-aade5dcbb6f7 dn=97184ed6-1d8a-4db2-a901-2f2d7f2102ca{ip: 192.168.34.37, host: pr-hdds-2110-rdjw6-11158954, networkLocation: /default-rack, certSerialId: null}
2019-09-17 09:53:45,304 [grpc-default-executor-3] INFO  impl.RaftServerProxy (RaftServerProxy.java:remove(95)) - 7550e15a-2ff9-4e5e-b05d-d9f072bd52cf: remove group-AADE5DCBB6F7:null
2019-09-17 09:53:45,306 [RatisPipelineUtilsThread] WARN  pipeline.RatisPipelineUtils (RatisPipelineUtils.java:destroyPipeline(66)) - Pipeline destroy failed for pipeline=PipelineID=ee8ffa2b-24a5-4a82-be78-aade5dcbb6f7 dn=7550e15a-2ff9-4e5e-b05d-d9f072bd52cf{ip: 192.168.34.37, host: pr-hdds-2110-rdjw6-11158954, networkLocation: /default-rack, certSerialId: null}
2019-09-17 09:53:45,306 [RatisPipelineUtilsThread] ERROR pipeline.SCMPipelineManager (Scheduler.java:lambda$schedule$1(70)) - Destroy pipeline failed for pipeline:Pipeline[ Id: ee8ffa2b-24a5-4a82-be78-aade5dcbb6f7, Nodes: bdd5aae1-c180-43a6-a11a-58912a33bf0b{ip: 192.168.34.37, host: pr-hdds-2110-rdjw6-11158954, networkLocation: /default-rack, certSerialId: null}97184ed6-1d8a-4db2-a901-2f2d7f2102ca{ip: 192.168.34.37, host: pr-hdds-2110-rdjw6-11158954, networkLocation: /default-rack, certSerialId: null}7550e15a-2ff9-4e5e-b05d-d9f072bd52cf{ip: 192.168.34.37, host: pr-hdds-2110-rdjw6-11158954, networkLocation: /default-rack, certSerialId: null}, Type:RATIS, Factor:THREE, State:CLOSED]
org.apache.hadoop.hdds.scm.pipeline.PipelineNotFoundException: PipelineID=ee8ffa2b-24a5-4a82-be78-aade5dcbb6f7 not found
	at org.apache.hadoop.hdds.scm.pipeline.PipelineStateMap.getPipeline(PipelineStateMap.java:132)
	at org.apache.hadoop.hdds.scm.pipeline.PipelineStateMap.removePipeline(PipelineStateMap.java:322)
	at org.apache.hadoop.hdds.scm.pipeline.PipelineStateManager.removePipeline(PipelineStateManager.java:107)
	at org.apache.hadoop.hdds.scm.pipeline.SCMPipelineManager.removePipeline(SCMPipelineManager.java:423)
	at org.apache.hadoop.hdds.scm.pipeline.SCMPipelineManager.destroyPipeline(SCMPipelineManager.java:409)
	at org.apache.hadoop.hdds.scm.pipeline.SCMPipelineManager.lambda$finalizeAndDestroyPipeline$0(SCMPipelineManager.java:318)
	at org.apache.hadoop.utils.Scheduler.lambda$schedule$1(Scheduler.java:68)
	at java.util.concurrent.Executors$RunnableAdapter.call(Executors.java:511)
	at java.util.concurrent.FutureTask.run(FutureTask.java:266)
	at java.util.concurrent.ScheduledThreadPoolExecutor$ScheduledFutureTask.access$201(ScheduledThreadPoolExecutor.java:180)
	at java.util.concurrent.ScheduledThreadPoolExecutor$ScheduledFutureTask.run(ScheduledThreadPoolExecutor.java:293)
	at java.util.concurrent.ThreadPoolExecutor.runWorker(ThreadPoolExecutor.java:1149)
	at java.util.concurrent.ThreadPoolExecutor$Worker.run(ThreadPoolExecutor.java:624)
	at java.lang.Thread.run(Thread.java:748)
2019-09-17 09:53:45,315 [grpc-default-executor-3] INFO  impl.RaftServerProxy (RaftServerProxy.java:remove(95)) - bdd5aae1-c180-43a6-a11a-58912a33bf0b: remove group-AADE5DCBB6F7:null
2019-09-17 09:53:45,317 [RatisPipelineUtilsThread] WARN  pipeline.RatisPipelineUtils (RatisPipelineUtils.java:destroyPipeline(66)) - Pipeline destroy failed for pipeline=PipelineID=ee8ffa2b-24a5-4a82-be78-aade5dcbb6f7 dn=bdd5aae1-c180-43a6-a11a-58912a33bf0b{ip: 192.168.34.37, host: pr-hdds-2110-rdjw6-11158954, networkLocation: /default-rack, certSerialId: null}
2019-09-17 09:53:45,320 [grpc-default-executor-3] INFO  impl.RaftServerProxy (RaftServerProxy.java:remove(95)) - 97184ed6-1d8a-4db2-a901-2f2d7f2102ca: remove group-AADE5DCBB6F7:null
2019-09-17 09:53:45,322 [RatisPipelineUtilsThread] WARN  pipeline.RatisPipelineUtils (RatisPipelineUtils.java:destroyPipeline(66)) - Pipeline destroy failed for pipeline=PipelineID=ee8ffa2b-24a5-4a82-be78-aade5dcbb6f7 dn=97184ed6-1d8a-4db2-a901-2f2d7f2102ca{ip: 192.168.34.37, host: pr-hdds-2110-rdjw6-11158954, networkLocation: /default-rack, certSerialId: null}
2019-09-17 09:53:45,325 [grpc-default-executor-3] INFO  impl.RaftServerProxy (RaftServerProxy.java:remove(95)) - 7550e15a-2ff9-4e5e-b05d-d9f072bd52cf: remove group-AADE5DCBB6F7:null
2019-09-17 09:53:45,327 [RatisPipelineUtilsThread] WARN  pipeline.RatisPipelineUtils (RatisPipelineUtils.java:destroyPipeline(66)) - Pipeline destroy failed for pipeline=PipelineID=ee8ffa2b-24a5-4a82-be78-aade5dcbb6f7 dn=7550e15a-2ff9-4e5e-b05d-d9f072bd52cf{ip: 192.168.34.37, host: pr-hdds-2110-rdjw6-11158954, networkLocation: /default-rack, certSerialId: null}
2019-09-17 09:53:45,328 [RatisPipelineUtilsThread] ERROR pipeline.SCMPipelineManager (Scheduler.java:lambda$schedule$1(70)) - Destroy pipeline failed for pipeline:Pipeline[ Id: ee8ffa2b-24a5-4a82-be78-aade5dcbb6f7, Nodes: bdd5aae1-c180-43a6-a11a-58912a33bf0b{ip: 192.168.34.37, host: pr-hdds-2110-rdjw6-11158954, networkLocation: /default-rack, certSerialId: null}97184ed6-1d8a-4db2-a901-2f2d7f2102ca{ip: 192.168.34.37, host: pr-hdds-2110-rdjw6-11158954, networkLocation: /default-rack, certSerialId: null}7550e15a-2ff9-4e5e-b05d-d9f072bd52cf{ip: 192.168.34.37, host: pr-hdds-2110-rdjw6-11158954, networkLocation: /default-rack, certSerialId: null}, Type:RATIS, Factor:THREE, State:CLOSED]
org.apache.hadoop.hdds.scm.pipeline.PipelineNotFoundException: PipelineID=ee8ffa2b-24a5-4a82-be78-aade5dcbb6f7 not found
	at org.apache.hadoop.hdds.scm.pipeline.PipelineStateMap.getPipeline(PipelineStateMap.java:132)
	at org.apache.hadoop.hdds.scm.pipeline.PipelineStateMap.removePipeline(PipelineStateMap.java:322)
	at org.apache.hadoop.hdds.scm.pipeline.PipelineStateManager.removePipeline(PipelineStateManager.java:107)
	at org.apache.hadoop.hdds.scm.pipeline.SCMPipelineManager.removePipeline(SCMPipelineManager.java:423)
	at org.apache.hadoop.hdds.scm.pipeline.SCMPipelineManager.destroyPipeline(SCMPipelineManager.java:409)
	at org.apache.hadoop.hdds.scm.pipeline.SCMPipelineManager.lambda$finalizeAndDestroyPipeline$0(SCMPipelineManager.java:318)
	at org.apache.hadoop.utils.Scheduler.lambda$schedule$1(Scheduler.java:68)
	at java.util.concurrent.Executors$RunnableAdapter.call(Executors.java:511)
	at java.util.concurrent.FutureTask.run(FutureTask.java:266)
	at java.util.concurrent.ScheduledThreadPoolExecutor$ScheduledFutureTask.access$201(ScheduledThreadPoolExecutor.java:180)
	at java.util.concurrent.ScheduledThreadPoolExecutor$ScheduledFutureTask.run(ScheduledThreadPoolExecutor.java:293)
	at java.util.concurrent.ThreadPoolExecutor.runWorker(ThreadPoolExecutor.java:1149)
	at java.util.concurrent.ThreadPoolExecutor$Worker.run(ThreadPoolExecutor.java:624)
	at java.lang.Thread.run(Thread.java:748)
2019-09-17 09:53:45,452 [grpc-default-executor-3] INFO  impl.RaftServerProxy (RaftServerProxy.java:remove(95)) - bdd5aae1-c180-43a6-a11a-58912a33bf0b: remove group-AADE5DCBB6F7:null
2019-09-17 09:53:45,454 [RatisPipelineUtilsThread] WARN  pipeline.RatisPipelineUtils (RatisPipelineUtils.java:destroyPipeline(66)) - Pipeline destroy failed for pipeline=PipelineID=ee8ffa2b-24a5-4a82-be78-aade5dcbb6f7 dn=bdd5aae1-c180-43a6-a11a-58912a33bf0b{ip: 192.168.34.37, host: pr-hdds-2110-rdjw6-11158954, networkLocation: /default-rack, certSerialId: null}
2019-09-17 09:53:45,457 [grpc-default-executor-3] INFO  impl.RaftServerProxy (RaftServerProxy.java:remove(95)) - 97184ed6-1d8a-4db2-a901-2f2d7f2102ca: remove group-AADE5DCBB6F7:null
2019-09-17 09:53:45,459 [RatisPipelineUtilsThread] WARN  pipeline.RatisPipelineUtils (RatisPipelineUtils.java:destroyPipeline(66)) - Pipeline destroy failed for pipeline=PipelineID=ee8ffa2b-24a5-4a82-be78-aade5dcbb6f7 dn=97184ed6-1d8a-4db2-a901-2f2d7f2102ca{ip: 192.168.34.37, host: pr-hdds-2110-rdjw6-11158954, networkLocation: /default-rack, certSerialId: null}
2019-09-17 09:53:45,461 [grpc-default-executor-3] INFO  impl.RaftServerProxy (RaftServerProxy.java:remove(95)) - 7550e15a-2ff9-4e5e-b05d-d9f072bd52cf: remove group-AADE5DCBB6F7:null
2019-09-17 09:53:45,464 [RatisPipelineUtilsThread] WARN  pipeline.RatisPipelineUtils (RatisPipelineUtils.java:destroyPipeline(66)) - Pipeline destroy failed for pipeline=PipelineID=ee8ffa2b-24a5-4a82-be78-aade5dcbb6f7 dn=7550e15a-2ff9-4e5e-b05d-d9f072bd52cf{ip: 192.168.34.37, host: pr-hdds-2110-rdjw6-11158954, networkLocation: /default-rack, certSerialId: null}
2019-09-17 09:53:45,464 [RatisPipelineUtilsThread] ERROR pipeline.SCMPipelineManager (Scheduler.java:lambda$schedule$1(70)) - Destroy pipeline failed for pipeline:Pipeline[ Id: ee8ffa2b-24a5-4a82-be78-aade5dcbb6f7, Nodes: bdd5aae1-c180-43a6-a11a-58912a33bf0b{ip: 192.168.34.37, host: pr-hdds-2110-rdjw6-11158954, networkLocation: /default-rack, certSerialId: null}97184ed6-1d8a-4db2-a901-2f2d7f2102ca{ip: 192.168.34.37, host: pr-hdds-2110-rdjw6-11158954, networkLocation: /default-rack, certSerialId: null}7550e15a-2ff9-4e5e-b05d-d9f072bd52cf{ip: 192.168.34.37, host: pr-hdds-2110-rdjw6-11158954, networkLocation: /default-rack, certSerialId: null}, Type:RATIS, Factor:THREE, State:CLOSED]
org.apache.hadoop.hdds.scm.pipeline.PipelineNotFoundException: PipelineID=ee8ffa2b-24a5-4a82-be78-aade5dcbb6f7 not found
	at org.apache.hadoop.hdds.scm.pipeline.PipelineStateMap.getPipeline(PipelineStateMap.java:132)
	at org.apache.hadoop.hdds.scm.pipeline.PipelineStateMap.removePipeline(PipelineStateMap.java:322)
	at org.apache.hadoop.hdds.scm.pipeline.PipelineStateManager.removePipeline(PipelineStateManager.java:107)
	at org.apache.hadoop.hdds.scm.pipeline.SCMPipelineManager.removePipeline(SCMPipelineManager.java:423)
	at org.apache.hadoop.hdds.scm.pipeline.SCMPipelineManager.destroyPipeline(SCMPipelineManager.java:409)
	at org.apache.hadoop.hdds.scm.pipeline.SCMPipelineManager.lambda$finalizeAndDestroyPipeline$0(SCMPipelineManager.java:318)
	at org.apache.hadoop.utils.Scheduler.lambda$schedule$1(Scheduler.java:68)
	at java.util.concurrent.Executors$RunnableAdapter.call(Executors.java:511)
	at java.util.concurrent.FutureTask.run(FutureTask.java:266)
	at java.util.concurrent.ScheduledThreadPoolExecutor$ScheduledFutureTask.access$201(ScheduledThreadPoolExecutor.java:180)
	at java.util.concurrent.ScheduledThreadPoolExecutor$ScheduledFutureTask.run(ScheduledThreadPoolExecutor.java:293)
	at java.util.concurrent.ThreadPoolExecutor.runWorker(ThreadPoolExecutor.java:1149)
	at java.util.concurrent.ThreadPoolExecutor$Worker.run(ThreadPoolExecutor.java:624)
	at java.lang.Thread.run(Thread.java:748)
2019-09-17 09:53:45,600 [grpc-default-executor-3] INFO  impl.RaftServerProxy (RaftServerProxy.java:remove(95)) - bdd5aae1-c180-43a6-a11a-58912a33bf0b: remove group-AADE5DCBB6F7:null
2019-09-17 09:53:45,602 [RatisPipelineUtilsThread] WARN  pipeline.RatisPipelineUtils (RatisPipelineUtils.java:destroyPipeline(66)) - Pipeline destroy failed for pipeline=PipelineID=ee8ffa2b-24a5-4a82-be78-aade5dcbb6f7 dn=bdd5aae1-c180-43a6-a11a-58912a33bf0b{ip: 192.168.34.37, host: pr-hdds-2110-rdjw6-11158954, networkLocation: /default-rack, certSerialId: null}
2019-09-17 09:53:45,605 [grpc-default-executor-3] INFO  impl.RaftServerProxy (RaftServerProxy.java:remove(95)) - 97184ed6-1d8a-4db2-a901-2f2d7f2102ca: remove group-AADE5DCBB6F7:null
2019-09-17 09:53:45,607 [RatisPipelineUtilsThread] WARN  pipeline.RatisPipelineUtils (RatisPipelineUtils.java:destroyPipeline(66)) - Pipeline destroy failed for pipeline=PipelineID=ee8ffa2b-24a5-4a82-be78-aade5dcbb6f7 dn=97184ed6-1d8a-4db2-a901-2f2d7f2102ca{ip: 192.168.34.37, host: pr-hdds-2110-rdjw6-11158954, networkLocation: /default-rack, certSerialId: null}
2019-09-17 09:53:45,609 [grpc-default-executor-3] INFO  impl.RaftServerProxy (RaftServerProxy.java:remove(95)) - 7550e15a-2ff9-4e5e-b05d-d9f072bd52cf: remove group-AADE5DCBB6F7:null
2019-09-17 09:53:45,611 [RatisPipelineUtilsThread] WARN  pipeline.RatisPipelineUtils (RatisPipelineUtils.java:destroyPipeline(66)) - Pipeline destroy failed for pipeline=PipelineID=ee8ffa2b-24a5-4a82-be78-aade5dcbb6f7 dn=7550e15a-2ff9-4e5e-b05d-d9f072bd52cf{ip: 192.168.34.37, host: pr-hdds-2110-rdjw6-11158954, networkLocation: /default-rack, certSerialId: null}
2019-09-17 09:53:45,611 [RatisPipelineUtilsThread] ERROR pipeline.SCMPipelineManager (Scheduler.java:lambda$schedule$1(70)) - Destroy pipeline failed for pipeline:Pipeline[ Id: ee8ffa2b-24a5-4a82-be78-aade5dcbb6f7, Nodes: bdd5aae1-c180-43a6-a11a-58912a33bf0b{ip: 192.168.34.37, host: pr-hdds-2110-rdjw6-11158954, networkLocation: /default-rack, certSerialId: null}97184ed6-1d8a-4db2-a901-2f2d7f2102ca{ip: 192.168.34.37, host: pr-hdds-2110-rdjw6-11158954, networkLocation: /default-rack, certSerialId: null}7550e15a-2ff9-4e5e-b05d-d9f072bd52cf{ip: 192.168.34.37, host: pr-hdds-2110-rdjw6-11158954, networkLocation: /default-rack, certSerialId: null}, Type:RATIS, Factor:THREE, State:CLOSED]
org.apache.hadoop.hdds.scm.pipeline.PipelineNotFoundException: PipelineID=ee8ffa2b-24a5-4a82-be78-aade5dcbb6f7 not found
	at org.apache.hadoop.hdds.scm.pipeline.PipelineStateMap.getPipeline(PipelineStateMap.java:132)
	at org.apache.hadoop.hdds.scm.pipeline.PipelineStateMap.removePipeline(PipelineStateMap.java:322)
	at org.apache.hadoop.hdds.scm.pipeline.PipelineStateManager.removePipeline(PipelineStateManager.java:107)
	at org.apache.hadoop.hdds.scm.pipeline.SCMPipelineManager.removePipeline(SCMPipelineManager.java:423)
	at org.apache.hadoop.hdds.scm.pipeline.SCMPipelineManager.destroyPipeline(SCMPipelineManager.java:409)
	at org.apache.hadoop.hdds.scm.pipeline.SCMPipelineManager.lambda$finalizeAndDestroyPipeline$0(SCMPipelineManager.java:318)
	at org.apache.hadoop.utils.Scheduler.lambda$schedule$1(Scheduler.java:68)
	at java.util.concurrent.Executors$RunnableAdapter.call(Executors.java:511)
	at java.util.concurrent.FutureTask.run(FutureTask.java:266)
	at java.util.concurrent.ScheduledThreadPoolExecutor$ScheduledFutureTask.access$201(ScheduledThreadPoolExecutor.java:180)
	at java.util.concurrent.ScheduledThreadPoolExecutor$ScheduledFutureTask.run(ScheduledThreadPoolExecutor.java:293)
	at java.util.concurrent.ThreadPoolExecutor.runWorker(ThreadPoolExecutor.java:1149)
	at java.util.concurrent.ThreadPoolExecutor$Worker.run(ThreadPoolExecutor.java:624)
	at java.lang.Thread.run(Thread.java:748)
2019-09-17 09:53:47,300 [java.util.concurrent.ThreadPoolExecutor$Worker@36903ecd[State = -1, empty queue]] WARN  server.GrpcLogAppender (GrpcLogAppender.java:timeoutAppendRequest(200)) - 7550e15a-2ff9-4e5e-b05d-d9f072bd52cf@group-98B303272373->bdd5aae1-c180-43a6-a11a-58912a33bf0b-GrpcLogAppender: appendEntries Timeout, request=7550e15a-2ff9-4e5e-b05d-d9f072bd52cf->bdd5aae1-c180-43a6-a11a-58912a33bf0b#52-t1, previous=(t:1, i:14), leaderCommit=10, initializing? false, entries: <empty>
2019-09-17 09:53:47,300 [java.util.concurrent.ThreadPoolExecutor$Worker@4029c190[State = -1, empty queue]] WARN  server.GrpcLogAppender (GrpcLogAppender.java:timeoutAppendRequest(200)) - 7550e15a-2ff9-4e5e-b05d-d9f072bd52cf@group-98B303272373->97184ed6-1d8a-4db2-a901-2f2d7f2102ca-GrpcLogAppender: appendEntries Timeout, request=7550e15a-2ff9-4e5e-b05d-d9f072bd52cf->97184ed6-1d8a-4db2-a901-2f2d7f2102ca#52-t1, previous=(t:1, i:14), leaderCommit=10, initializing? false, entries: <empty>
2019-09-17 09:53:49,801 [java.util.concurrent.ThreadPoolExecutor$Worker@4029c190[State = -1, empty queue]] WARN  server.GrpcLogAppender (GrpcLogAppender.java:timeoutAppendRequest(200)) - 7550e15a-2ff9-4e5e-b05d-d9f072bd52cf@group-98B303272373->97184ed6-1d8a-4db2-a901-2f2d7f2102ca-GrpcLogAppender: appendEntries Timeout, request=7550e15a-2ff9-4e5e-b05d-d9f072bd52cf->97184ed6-1d8a-4db2-a901-2f2d7f2102ca#53-t1, previous=(t:1, i:14), leaderCommit=10, initializing? false, entries: <empty>
2019-09-17 09:53:49,801 [java.util.concurrent.ThreadPoolExecutor$Worker@36903ecd[State = -1, empty queue]] WARN  server.GrpcLogAppender (GrpcLogAppender.java:timeoutAppendRequest(200)) - 7550e15a-2ff9-4e5e-b05d-d9f072bd52cf@group-98B303272373->bdd5aae1-c180-43a6-a11a-58912a33bf0b-GrpcLogAppender: appendEntries Timeout, request=7550e15a-2ff9-4e5e-b05d-d9f072bd52cf->bdd5aae1-c180-43a6-a11a-58912a33bf0b#53-t1, previous=(t:1, i:14), leaderCommit=10, initializing? false, entries: <empty>
2019-09-17 09:53:49,985 [grpc-default-executor-2] INFO  client.GrpcClientProtocolClient (GrpcClientProtocolClient.java:onNext(264)) - client-7EF2EE2BC676->bdd5aae1-c180-43a6-a11a-58912a33bf0b: receive RaftClientReply:client-7EF2EE2BC676->bdd5aae1-c180-43a6-a11a-58912a33bf0b@group-98B303272373, cid=219, FAILED org.apache.ratis.protocol.NotLeaderException: Server bdd5aae1-c180-43a6-a11a-58912a33bf0b@group-98B303272373 is not the leader 7550e15a-2ff9-4e5e-b05d-d9f072bd52cf:192.168.34.37:41606, logIndex=0, commits[bdd5aae1-c180-43a6-a11a-58912a33bf0b:c10, 97184ed6-1d8a-4db2-a901-2f2d7f2102ca:c9, 7550e15a-2ff9-4e5e-b05d-d9f072bd52cf:c10]
2019-09-17 09:53:52,302 [java.util.concurrent.ThreadPoolExecutor$Worker@4029c190[State = -1, empty queue]] WARN  server.GrpcLogAppender (GrpcLogAppender.java:timeoutAppendRequest(200)) - 7550e15a-2ff9-4e5e-b05d-d9f072bd52cf@group-98B303272373->97184ed6-1d8a-4db2-a901-2f2d7f2102ca-GrpcLogAppender: appendEntries Timeout, request=7550e15a-2ff9-4e5e-b05d-d9f072bd52cf->97184ed6-1d8a-4db2-a901-2f2d7f2102ca#54-t1, previous=(t:1, i:14), leaderCommit=10, initializing? false, entries: <empty>
2019-09-17 09:53:52,302 [java.util.concurrent.ThreadPoolExecutor$Worker@36903ecd[State = -1, empty queue]] WARN  server.GrpcLogAppender (GrpcLogAppender.java:timeoutAppendRequest(200)) - 7550e15a-2ff9-4e5e-b05d-d9f072bd52cf@group-98B303272373->bdd5aae1-c180-43a6-a11a-58912a33bf0b-GrpcLogAppender: appendEntries Timeout, request=7550e15a-2ff9-4e5e-b05d-d9f072bd52cf->bdd5aae1-c180-43a6-a11a-58912a33bf0b#54-t1, previous=(t:1, i:14), leaderCommit=10, initializing? false, entries: <empty>
2019-09-17 09:53:54,287 [7550e15a-2ff9-4e5e-b05d-d9f072bd52cf@group-98B303272373-SegmentedRaftLogWorker] WARN  segmented.SegmentedRaftLogWorker (SegmentedRaftLogWorker.java:getFromFuture(90)) - Timeout 6/~
org.apache.ratis.protocol.TimeoutIOException: Timeout 10s: WriteLog:11: (t:1, i:11), STATEMACHINELOGENTRY, client-7EF2EE2BC676, cid=219-writeStateMachineData
	at org.apache.ratis.util.IOUtils.getFromFuture(IOUtils.java:87)
	at org.apache.ratis.server.raftlog.segmented.SegmentedRaftLogWorker$StateMachineDataPolicy.getFromFuture(SegmentedRaftLogWorker.java:87)
	at org.apache.ratis.server.raftlog.segmented.SegmentedRaftLogWorker$WriteLog.execute(SegmentedRaftLogWorker.java:477)
	at org.apache.ratis.server.raftlog.segmented.SegmentedRaftLogWorker.run(SegmentedRaftLogWorker.java:289)
	at java.lang.Thread.run(Thread.java:748)
Caused by: java.util.concurrent.TimeoutException
	at java.util.concurrent.CompletableFuture.timedGet(CompletableFuture.java:1771)
	at java.util.concurrent.CompletableFuture.get(CompletableFuture.java:1915)
	at org.apache.ratis.util.IOUtils.getFromFuture(IOUtils.java:79)
	... 4 more
2019-09-17 09:53:54,287 [bdd5aae1-c180-43a6-a11a-58912a33bf0b@group-98B303272373-SegmentedRaftLogWorker] WARN  segmented.SegmentedRaftLogWorker (SegmentedRaftLogWorker.java:getFromFuture(90)) - Timeout 6/~
org.apache.ratis.protocol.TimeoutIOException: Timeout 10s: WriteLog:11: (t:1, i:11), STATEMACHINELOGENTRY, client-7EF2EE2BC676, cid=219-writeStateMachineData
	at org.apache.ratis.util.IOUtils.getFromFuture(IOUtils.java:87)
	at org.apache.ratis.server.raftlog.segmented.SegmentedRaftLogWorker$StateMachineDataPolicy.getFromFuture(SegmentedRaftLogWorker.java:87)
	at org.apache.ratis.server.raftlog.segmented.SegmentedRaftLogWorker$WriteLog.execute(SegmentedRaftLogWorker.java:477)
	at org.apache.ratis.server.raftlog.segmented.SegmentedRaftLogWorker.run(SegmentedRaftLogWorker.java:289)
	at java.lang.Thread.run(Thread.java:748)
Caused by: java.util.concurrent.TimeoutException
	at java.util.concurrent.CompletableFuture.timedGet(CompletableFuture.java:1771)
	at java.util.concurrent.CompletableFuture.get(CompletableFuture.java:1915)
	at org.apache.ratis.util.IOUtils.getFromFuture(IOUtils.java:79)
	... 4 more
2019-09-17 09:53:54,287 [97184ed6-1d8a-4db2-a901-2f2d7f2102ca@group-98B303272373-SegmentedRaftLogWorker] WARN  segmented.SegmentedRaftLogWorker (SegmentedRaftLogWorker.java:getFromFuture(90)) - Timeout 6/~
org.apache.ratis.protocol.TimeoutIOException: Timeout 10s: WriteLog:11: (t:1, i:11), STATEMACHINELOGENTRY, client-7EF2EE2BC676, cid=219-writeStateMachineData
	at org.apache.ratis.util.IOUtils.getFromFuture(IOUtils.java:87)
	at org.apache.ratis.server.raftlog.segmented.SegmentedRaftLogWorker$StateMachineDataPolicy.getFromFuture(SegmentedRaftLogWorker.java:87)
	at org.apache.ratis.server.raftlog.segmented.SegmentedRaftLogWorker$WriteLog.execute(SegmentedRaftLogWorker.java:477)
	at org.apache.ratis.server.raftlog.segmented.SegmentedRaftLogWorker.run(SegmentedRaftLogWorker.java:289)
	at java.lang.Thread.run(Thread.java:748)
Caused by: java.util.concurrent.TimeoutException
	at java.util.concurrent.CompletableFuture.timedGet(CompletableFuture.java:1771)
	at java.util.concurrent.CompletableFuture.get(CompletableFuture.java:1915)
	at org.apache.ratis.util.IOUtils.getFromFuture(IOUtils.java:79)
	... 4 more
2019-09-17 09:53:54,803 [java.util.concurrent.ThreadPoolExecutor$Worker@36903ecd[State = -1, empty queue]] WARN  server.GrpcLogAppender (GrpcLogAppender.java:timeoutAppendRequest(200)) - 7550e15a-2ff9-4e5e-b05d-d9f072bd52cf@group-98B303272373->bdd5aae1-c180-43a6-a11a-58912a33bf0b-GrpcLogAppender: appendEntries Timeout, request=7550e15a-2ff9-4e5e-b05d-d9f072bd52cf->bdd5aae1-c180-43a6-a11a-58912a33bf0b#55-t1, previous=(t:1, i:14), leaderCommit=10, initializing? false, entries: <empty>
2019-09-17 09:53:54,803 [java.util.concurrent.ThreadPoolExecutor$Worker@4029c190[State = -1, empty queue]] WARN  server.GrpcLogAppender (GrpcLogAppender.java:timeoutAppendRequest(200)) - 7550e15a-2ff9-4e5e-b05d-d9f072bd52cf@group-98B303272373->97184ed6-1d8a-4db2-a901-2f2d7f2102ca-GrpcLogAppender: appendEntries Timeout, request=7550e15a-2ff9-4e5e-b05d-d9f072bd52cf->97184ed6-1d8a-4db2-a901-2f2d7f2102ca#55-t1, previous=(t:1, i:14), leaderCommit=10, initializing? false, entries: <empty>
2019-09-17 09:53:55,041 [grpc-default-executor-2] INFO  client.GrpcClientProtocolClient (GrpcClientProtocolClient.java:onNext(264)) - client-7EF2EE2BC676->97184ed6-1d8a-4db2-a901-2f2d7f2102ca: receive RaftClientReply:client-7EF2EE2BC676->97184ed6-1d8a-4db2-a901-2f2d7f2102ca@group-98B303272373, cid=219, FAILED org.apache.ratis.protocol.NotLeaderException: Server 97184ed6-1d8a-4db2-a901-2f2d7f2102ca@group-98B303272373 is not the leader 7550e15a-2ff9-4e5e-b05d-d9f072bd52cf:192.168.34.37:41606, logIndex=0, commits[97184ed6-1d8a-4db2-a901-2f2d7f2102ca:c10, bdd5aae1-c180-43a6-a11a-58912a33bf0b:c9, 7550e15a-2ff9-4e5e-b05d-d9f072bd52cf:c10]
2019-09-17 09:53:57,316 [java.util.concurrent.ThreadPoolExecutor$Worker@36903ecd[State = -1, empty queue]] WARN  server.GrpcLogAppender (GrpcLogAppender.java:timeoutAppendRequest(200)) - 7550e15a-2ff9-4e5e-b05d-d9f072bd52cf@group-98B303272373->bdd5aae1-c180-43a6-a11a-58912a33bf0b-GrpcLogAppender: appendEntries Timeout, request=7550e15a-2ff9-4e5e-b05d-d9f072bd52cf->bdd5aae1-c180-43a6-a11a-58912a33bf0b#56-t1, previous=(t:1, i:14), leaderCommit=10, initializing? false, entries: <empty>
2019-09-17 09:53:57,316 [java.util.concurrent.ThreadPoolExecutor$Worker@4029c190[State = -1, empty queue]] WARN  server.GrpcLogAppender (GrpcLogAppender.java:timeoutAppendRequest(200)) - 7550e15a-2ff9-4e5e-b05d-d9f072bd52cf@group-98B303272373->97184ed6-1d8a-4db2-a901-2f2d7f2102ca-GrpcLogAppender: appendEntries Timeout, request=7550e15a-2ff9-4e5e-b05d-d9f072bd52cf->97184ed6-1d8a-4db2-a901-2f2d7f2102ca#56-t1, previous=(t:1, i:14), leaderCommit=10, initializing? false, entries: <empty>
2019-09-17 09:53:59,817 [java.util.concurrent.ThreadPoolExecutor$Worker@36903ecd[State = -1, empty queue]] WARN  server.GrpcLogAppender (GrpcLogAppender.java:timeoutAppendRequest(200)) - 7550e15a-2ff9-4e5e-b05d-d9f072bd52cf@group-98B303272373->bdd5aae1-c180-43a6-a11a-58912a33bf0b-GrpcLogAppender: appendEntries Timeout, request=7550e15a-2ff9-4e5e-b05d-d9f072bd52cf->bdd5aae1-c180-43a6-a11a-58912a33bf0b#57-t1, previous=(t:1, i:14), leaderCommit=10, initializing? false, entries: <empty>
2019-09-17 09:53:59,817 [java.util.concurrent.ThreadPoolExecutor$Worker@4029c190[State = -1, empty queue]] WARN  server.GrpcLogAppender (GrpcLogAppender.java:timeoutAppendRequest(200)) - 7550e15a-2ff9-4e5e-b05d-d9f072bd52cf@group-98B303272373->97184ed6-1d8a-4db2-a901-2f2d7f2102ca-GrpcLogAppender: appendEntries Timeout, request=7550e15a-2ff9-4e5e-b05d-d9f072bd52cf->97184ed6-1d8a-4db2-a901-2f2d7f2102ca#57-t1, previous=(t:1, i:14), leaderCommit=10, initializing? false, entries: <empty>
2019-09-17 09:54:00,112 [grpc-default-executor-2] INFO  client.GrpcClientProtocolClient (GrpcClientProtocolClient.java:onNext(264)) - client-7EF2EE2BC676->97184ed6-1d8a-4db2-a901-2f2d7f2102ca: receive RaftClientReply:client-7EF2EE2BC676->97184ed6-1d8a-4db2-a901-2f2d7f2102ca@group-98B303272373, cid=219, FAILED org.apache.ratis.protocol.NotLeaderException: Server 97184ed6-1d8a-4db2-a901-2f2d7f2102ca@group-98B303272373 is not the leader 7550e15a-2ff9-4e5e-b05d-d9f072bd52cf:192.168.34.37:41606, logIndex=0, commits[97184ed6-1d8a-4db2-a901-2f2d7f2102ca:c10, bdd5aae1-c180-43a6-a11a-58912a33bf0b:c9, 7550e15a-2ff9-4e5e-b05d-d9f072bd52cf:c10]
2019-09-17 09:54:02,317 [java.util.concurrent.ThreadPoolExecutor$Worker@4029c190[State = -1, empty queue]] WARN  server.GrpcLogAppender (GrpcLogAppender.java:timeoutAppendRequest(200)) - 7550e15a-2ff9-4e5e-b05d-d9f072bd52cf@group-98B303272373->97184ed6-1d8a-4db2-a901-2f2d7f2102ca-GrpcLogAppender: appendEntries Timeout, request=7550e15a-2ff9-4e5e-b05d-d9f072bd52cf->97184ed6-1d8a-4db2-a901-2f2d7f2102ca#58-t1, previous=(t:1, i:14), leaderCommit=10, initializing? false, entries: <empty>
2019-09-17 09:54:02,317 [java.util.concurrent.ThreadPoolExecutor$Worker@36903ecd[State = -1, empty queue]] WARN  server.GrpcLogAppender (GrpcLogAppender.java:timeoutAppendRequest(200)) - 7550e15a-2ff9-4e5e-b05d-d9f072bd52cf@group-98B303272373->bdd5aae1-c180-43a6-a11a-58912a33bf0b-GrpcLogAppender: appendEntries Timeout, request=7550e15a-2ff9-4e5e-b05d-d9f072bd52cf->bdd5aae1-c180-43a6-a11a-58912a33bf0b#58-t1, previous=(t:1, i:14), leaderCommit=10, initializing? false, entries: <empty>
2019-09-17 09:54:04,289 [7550e15a-2ff9-4e5e-b05d-d9f072bd52cf@group-98B303272373-SegmentedRaftLogWorker] WARN  segmented.SegmentedRaftLogWorker (SegmentedRaftLogWorker.java:getFromFuture(90)) - Timeout 7/~
org.apache.ratis.protocol.TimeoutIOException: Timeout 10s: WriteLog:11: (t:1, i:11), STATEMACHINELOGENTRY, client-7EF2EE2BC676, cid=219-writeStateMachineData
	at org.apache.ratis.util.IOUtils.getFromFuture(IOUtils.java:87)
	at org.apache.ratis.server.raftlog.segmented.SegmentedRaftLogWorker$StateMachineDataPolicy.getFromFuture(SegmentedRaftLogWorker.java:87)
	at org.apache.ratis.server.raftlog.segmented.SegmentedRaftLogWorker$WriteLog.execute(SegmentedRaftLogWorker.java:477)
	at org.apache.ratis.server.raftlog.segmented.SegmentedRaftLogWorker.run(SegmentedRaftLogWorker.java:289)
	at java.lang.Thread.run(Thread.java:748)
Caused by: java.util.concurrent.TimeoutException
	at java.util.concurrent.CompletableFuture.timedGet(CompletableFuture.java:1771)
	at java.util.concurrent.CompletableFuture.get(CompletableFuture.java:1915)
	at org.apache.ratis.util.IOUtils.getFromFuture(IOUtils.java:79)
	... 4 more
2019-09-17 09:54:04,315 [bdd5aae1-c180-43a6-a11a-58912a33bf0b@group-98B303272373-SegmentedRaftLogWorker] WARN  segmented.SegmentedRaftLogWorker (SegmentedRaftLogWorker.java:getFromFuture(90)) - Timeout 7/~
org.apache.ratis.protocol.TimeoutIOException: Timeout 10s: WriteLog:11: (t:1, i:11), STATEMACHINELOGENTRY, client-7EF2EE2BC676, cid=219-writeStateMachineData
	at org.apache.ratis.util.IOUtils.getFromFuture(IOUtils.java:87)
	at org.apache.ratis.server.raftlog.segmented.SegmentedRaftLogWorker$StateMachineDataPolicy.getFromFuture(SegmentedRaftLogWorker.java:87)
	at org.apache.ratis.server.raftlog.segmented.SegmentedRaftLogWorker$WriteLog.execute(SegmentedRaftLogWorker.java:477)
	at org.apache.ratis.server.raftlog.segmented.SegmentedRaftLogWorker.run(SegmentedRaftLogWorker.java:289)
	at java.lang.Thread.run(Thread.java:748)
Caused by: java.util.concurrent.TimeoutException
	at java.util.concurrent.CompletableFuture.timedGet(CompletableFuture.java:1771)
	at java.util.concurrent.CompletableFuture.get(CompletableFuture.java:1915)
	at org.apache.ratis.util.IOUtils.getFromFuture(IOUtils.java:79)
	... 4 more
2019-09-17 09:54:04,316 [97184ed6-1d8a-4db2-a901-2f2d7f2102ca@group-98B303272373-SegmentedRaftLogWorker] WARN  segmented.SegmentedRaftLogWorker (SegmentedRaftLogWorker.java:getFromFuture(90)) - Timeout 7/~
org.apache.ratis.protocol.TimeoutIOException: Timeout 10s: WriteLog:11: (t:1, i:11), STATEMACHINELOGENTRY, client-7EF2EE2BC676, cid=219-writeStateMachineData
	at org.apache.ratis.util.IOUtils.getFromFuture(IOUtils.java:87)
	at org.apache.ratis.server.raftlog.segmented.SegmentedRaftLogWorker$StateMachineDataPolicy.getFromFuture(SegmentedRaftLogWorker.java:87)
	at org.apache.ratis.server.raftlog.segmented.SegmentedRaftLogWorker$WriteLog.execute(SegmentedRaftLogWorker.java:477)
	at org.apache.ratis.server.raftlog.segmented.SegmentedRaftLogWorker.run(SegmentedRaftLogWorker.java:289)
	at java.lang.Thread.run(Thread.java:748)
Caused by: java.util.concurrent.TimeoutException
	at java.util.concurrent.CompletableFuture.timedGet(CompletableFuture.java:1771)
	at java.util.concurrent.CompletableFuture.get(CompletableFuture.java:1915)
	at org.apache.ratis.util.IOUtils.getFromFuture(IOUtils.java:79)
	... 4 more
2019-09-17 09:54:04,818 [java.util.concurrent.ThreadPoolExecutor$Worker@4029c190[State = -1, empty queue]] WARN  server.GrpcLogAppender (GrpcLogAppender.java:timeoutAppendRequest(200)) - 7550e15a-2ff9-4e5e-b05d-d9f072bd52cf@group-98B303272373->97184ed6-1d8a-4db2-a901-2f2d7f2102ca-GrpcLogAppender: appendEntries Timeout, request=7550e15a-2ff9-4e5e-b05d-d9f072bd52cf->97184ed6-1d8a-4db2-a901-2f2d7f2102ca#59-t1, previous=(t:1, i:14), leaderCommit=10, initializing? false, entries: <empty>
2019-09-17 09:54:04,818 [java.util.concurrent.ThreadPoolExecutor$Worker@36903ecd[State = -1, empty queue]] WARN  server.GrpcLogAppender (GrpcLogAppender.java:timeoutAppendRequest(200)) - 7550e15a-2ff9-4e5e-b05d-d9f072bd52cf@group-98B303272373->bdd5aae1-c180-43a6-a11a-58912a33bf0b-GrpcLogAppender: appendEntries Timeout, request=7550e15a-2ff9-4e5e-b05d-d9f072bd52cf->bdd5aae1-c180-43a6-a11a-58912a33bf0b#59-t1, previous=(t:1, i:14), leaderCommit=10, initializing? false, entries: <empty>
2019-09-17 09:54:05,179 [grpc-default-executor-3] INFO  client.GrpcClientProtocolClient (GrpcClientProtocolClient.java:onNext(264)) - client-7EF2EE2BC676->97184ed6-1d8a-4db2-a901-2f2d7f2102ca: receive RaftClientReply:client-7EF2EE2BC676->97184ed6-1d8a-4db2-a901-2f2d7f2102ca@group-98B303272373, cid=219, FAILED org.apache.ratis.protocol.NotLeaderException: Server 97184ed6-1d8a-4db2-a901-2f2d7f2102ca@group-98B303272373 is not the leader 7550e15a-2ff9-4e5e-b05d-d9f072bd52cf:192.168.34.37:41606, logIndex=0, commits[97184ed6-1d8a-4db2-a901-2f2d7f2102ca:c10, bdd5aae1-c180-43a6-a11a-58912a33bf0b:c9, 7550e15a-2ff9-4e5e-b05d-d9f072bd52cf:c10]
2019-09-17 09:54:07,319 [java.util.concurrent.ThreadPoolExecutor$Worker@36903ecd[State = -1, empty queue]] WARN  server.GrpcLogAppender (GrpcLogAppender.java:timeoutAppendRequest(200)) - 7550e15a-2ff9-4e5e-b05d-d9f072bd52cf@group-98B303272373->bdd5aae1-c180-43a6-a11a-58912a33bf0b-GrpcLogAppender: appendEntries Timeout, request=7550e15a-2ff9-4e5e-b05d-d9f072bd52cf->bdd5aae1-c180-43a6-a11a-58912a33bf0b#60-t1, previous=(t:1, i:14), leaderCommit=10, initializing? false, entries: <empty>
2019-09-17 09:54:07,319 [java.util.concurrent.ThreadPoolExecutor$Worker@4029c190[State = -1, empty queue]] WARN  server.GrpcLogAppender (GrpcLogAppender.java:timeoutAppendRequest(200)) - 7550e15a-2ff9-4e5e-b05d-d9f072bd52cf@group-98B303272373->97184ed6-1d8a-4db2-a901-2f2d7f2102ca-GrpcLogAppender: appendEntries Timeout, request=7550e15a-2ff9-4e5e-b05d-d9f072bd52cf->97184ed6-1d8a-4db2-a901-2f2d7f2102ca#60-t1, previous=(t:1, i:14), leaderCommit=10, initializing? false, entries: <empty>
2019-09-17 09:54:09,819 [java.util.concurrent.ThreadPoolExecutor$Worker@36903ecd[State = -1, empty queue]] WARN  server.GrpcLogAppender (GrpcLogAppender.java:timeoutAppendRequest(200)) - 7550e15a-2ff9-4e5e-b05d-d9f072bd52cf@group-98B303272373->bdd5aae1-c180-43a6-a11a-58912a33bf0b-GrpcLogAppender: appendEntries Timeout, request=7550e15a-2ff9-4e5e-b05d-d9f072bd52cf->bdd5aae1-c180-43a6-a11a-58912a33bf0b#61-t1, previous=(t:1, i:14), leaderCommit=10, initializing? false, entries: <empty>
2019-09-17 09:54:09,819 [java.util.concurrent.ThreadPoolExecutor$Worker@4029c190[State = -1, empty queue]] WARN  server.GrpcLogAppender (GrpcLogAppender.java:timeoutAppendRequest(200)) - 7550e15a-2ff9-4e5e-b05d-d9f072bd52cf@group-98B303272373->97184ed6-1d8a-4db2-a901-2f2d7f2102ca-GrpcLogAppender: appendEntries Timeout, request=7550e15a-2ff9-4e5e-b05d-d9f072bd52cf->97184ed6-1d8a-4db2-a901-2f2d7f2102ca#61-t1, previous=(t:1, i:14), leaderCommit=10, initializing? false, entries: <empty>
2019-09-17 09:54:10,284 [grpc-default-executor-2] INFO  client.GrpcClientProtocolClient (GrpcClientProtocolClient.java:onNext(264)) - client-7EF2EE2BC676->bdd5aae1-c180-43a6-a11a-58912a33bf0b: receive RaftClientReply:client-7EF2EE2BC676->bdd5aae1-c180-43a6-a11a-58912a33bf0b@group-98B303272373, cid=219, FAILED org.apache.ratis.protocol.NotLeaderException: Server bdd5aae1-c180-43a6-a11a-58912a33bf0b@group-98B303272373 is not the leader 7550e15a-2ff9-4e5e-b05d-d9f072bd52cf:192.168.34.37:41606, logIndex=0, commits[bdd5aae1-c180-43a6-a11a-58912a33bf0b:c10, 97184ed6-1d8a-4db2-a901-2f2d7f2102ca:c9, 7550e15a-2ff9-4e5e-b05d-d9f072bd52cf:c10]
2019-09-17 09:54:12,320 [java.util.concurrent.ThreadPoolExecutor$Worker@4029c190[State = -1, empty queue]] WARN  server.GrpcLogAppender (GrpcLogAppender.java:timeoutAppendRequest(200)) - 7550e15a-2ff9-4e5e-b05d-d9f072bd52cf@group-98B303272373->97184ed6-1d8a-4db2-a901-2f2d7f2102ca-GrpcLogAppender: appendEntries Timeout, request=7550e15a-2ff9-4e5e-b05d-d9f072bd52cf->97184ed6-1d8a-4db2-a901-2f2d7f2102ca#62-t1, previous=(t:1, i:14), leaderCommit=10, initializing? false, entries: <empty>
2019-09-17 09:54:12,320 [java.util.concurrent.ThreadPoolExecutor$Worker@36903ecd[State = -1, empty queue]] WARN  server.GrpcLogAppender (GrpcLogAppender.java:timeoutAppendRequest(200)) - 7550e15a-2ff9-4e5e-b05d-d9f072bd52cf@group-98B303272373->bdd5aae1-c180-43a6-a11a-58912a33bf0b-GrpcLogAppender: appendEntries Timeout, request=7550e15a-2ff9-4e5e-b05d-d9f072bd52cf->bdd5aae1-c180-43a6-a11a-58912a33bf0b#62-t1, previous=(t:1, i:14), leaderCommit=10, initializing? false, entries: <empty>
2019-09-17 09:54:14,291 [7550e15a-2ff9-4e5e-b05d-d9f072bd52cf@group-98B303272373-SegmentedRaftLogWorker] WARN  segmented.SegmentedRaftLogWorker (SegmentedRaftLogWorker.java:getFromFuture(90)) - Timeout 8/~
org.apache.ratis.protocol.TimeoutIOException: Timeout 10s: WriteLog:11: (t:1, i:11), STATEMACHINELOGENTRY, client-7EF2EE2BC676, cid=219-writeStateMachineData
	at org.apache.ratis.util.IOUtils.getFromFuture(IOUtils.java:87)
	at org.apache.ratis.server.raftlog.segmented.SegmentedRaftLogWorker$StateMachineDataPolicy.getFromFuture(SegmentedRaftLogWorker.java:87)
	at org.apache.ratis.server.raftlog.segmented.SegmentedRaftLogWorker$WriteLog.execute(SegmentedRaftLogWorker.java:477)
	at org.apache.ratis.server.raftlog.segmented.SegmentedRaftLogWorker.run(SegmentedRaftLogWorker.java:289)
	at java.lang.Thread.run(Thread.java:748)
Caused by: java.util.concurrent.TimeoutException
	at java.util.concurrent.CompletableFuture.timedGet(CompletableFuture.java:1771)
	at java.util.concurrent.CompletableFuture.get(CompletableFuture.java:1915)
	at org.apache.ratis.util.IOUtils.getFromFuture(IOUtils.java:79)
	... 4 more
2019-09-17 09:54:14,316 [bdd5aae1-c180-43a6-a11a-58912a33bf0b@group-98B303272373-SegmentedRaftLogWorker] WARN  segmented.SegmentedRaftLogWorker (SegmentedRaftLogWorker.java:getFromFuture(90)) - Timeout 8/~
org.apache.ratis.protocol.TimeoutIOException: Timeout 10s: WriteLog:11: (t:1, i:11), STATEMACHINELOGENTRY, client-7EF2EE2BC676, cid=219-writeStateMachineData
	at org.apache.ratis.util.IOUtils.getFromFuture(IOUtils.java:87)
	at org.apache.ratis.server.raftlog.segmented.SegmentedRaftLogWorker$StateMachineDataPolicy.getFromFuture(SegmentedRaftLogWorker.java:87)
	at org.apache.ratis.server.raftlog.segmented.SegmentedRaftLogWorker$WriteLog.execute(SegmentedRaftLogWorker.java:477)
	at org.apache.ratis.server.raftlog.segmented.SegmentedRaftLogWorker.run(SegmentedRaftLogWorker.java:289)
	at java.lang.Thread.run(Thread.java:748)
Caused by: java.util.concurrent.TimeoutException
	at java.util.concurrent.CompletableFuture.timedGet(CompletableFuture.java:1771)
	at java.util.concurrent.CompletableFuture.get(CompletableFuture.java:1915)
	at org.apache.ratis.util.IOUtils.getFromFuture(IOUtils.java:79)
	... 4 more
2019-09-17 09:54:14,317 [97184ed6-1d8a-4db2-a901-2f2d7f2102ca@group-98B303272373-SegmentedRaftLogWorker] WARN  segmented.SegmentedRaftLogWorker (SegmentedRaftLogWorker.java:getFromFuture(90)) - Timeout 8/~
org.apache.ratis.protocol.TimeoutIOException: Timeout 10s: WriteLog:11: (t:1, i:11), STATEMACHINELOGENTRY, client-7EF2EE2BC676, cid=219-writeStateMachineData
	at org.apache.ratis.util.IOUtils.getFromFuture(IOUtils.java:87)
	at org.apache.ratis.server.raftlog.segmented.SegmentedRaftLogWorker$StateMachineDataPolicy.getFromFuture(SegmentedRaftLogWorker.java:87)
	at org.apache.ratis.server.raftlog.segmented.SegmentedRaftLogWorker$WriteLog.execute(SegmentedRaftLogWorker.java:477)
	at org.apache.ratis.server.raftlog.segmented.SegmentedRaftLogWorker.run(SegmentedRaftLogWorker.java:289)
	at java.lang.Thread.run(Thread.java:748)
Caused by: java.util.concurrent.TimeoutException
	at java.util.concurrent.CompletableFuture.timedGet(CompletableFuture.java:1771)
	at java.util.concurrent.CompletableFuture.get(CompletableFuture.java:1915)
	at org.apache.ratis.util.IOUtils.getFromFuture(IOUtils.java:79)
	... 4 more
2019-09-17 09:54:14,821 [java.util.concurrent.ThreadPoolExecutor$Worker@4029c190[State = -1, empty queue]] WARN  server.GrpcLogAppender (GrpcLogAppender.java:timeoutAppendRequest(200)) - 7550e15a-2ff9-4e5e-b05d-d9f072bd52cf@group-98B303272373->97184ed6-1d8a-4db2-a901-2f2d7f2102ca-GrpcLogAppender: appendEntries Timeout, request=7550e15a-2ff9-4e5e-b05d-d9f072bd52cf->97184ed6-1d8a-4db2-a901-2f2d7f2102ca#63-t1, previous=(t:1, i:14), leaderCommit=10, initializing? false, entries: <empty>
2019-09-17 09:54:14,821 [java.util.concurrent.ThreadPoolExecutor$Worker@36903ecd[State = -1, empty queue]] WARN  server.GrpcLogAppender (GrpcLogAppender.java:timeoutAppendRequest(200)) - 7550e15a-2ff9-4e5e-b05d-d9f072bd52cf@group-98B303272373->bdd5aae1-c180-43a6-a11a-58912a33bf0b-GrpcLogAppender: appendEntries Timeout, request=7550e15a-2ff9-4e5e-b05d-d9f072bd52cf->bdd5aae1-c180-43a6-a11a-58912a33bf0b#63-t1, previous=(t:1, i:14), leaderCommit=10, initializing? false, entries: <empty>
2019-09-17 09:54:15,349 [grpc-default-executor-3] INFO  client.GrpcClientProtocolClient (GrpcClientProtocolClient.java:onNext(264)) - client-7EF2EE2BC676->bdd5aae1-c180-43a6-a11a-58912a33bf0b: receive RaftClientReply:client-7EF2EE2BC676->bdd5aae1-c180-43a6-a11a-58912a33bf0b@group-98B303272373, cid=219, FAILED org.apache.ratis.protocol.NotLeaderException: Server bdd5aae1-c180-43a6-a11a-58912a33bf0b@group-98B303272373 is not the leader 7550e15a-2ff9-4e5e-b05d-d9f072bd52cf:192.168.34.37:41606, logIndex=0, commits[bdd5aae1-c180-43a6-a11a-58912a33bf0b:c10, 97184ed6-1d8a-4db2-a901-2f2d7f2102ca:c9, 7550e15a-2ff9-4e5e-b05d-d9f072bd52cf:c10]
2019-09-17 09:54:17,324 [java.util.concurrent.ThreadPoolExecutor$Worker@4029c190[State = -1, empty queue]] WARN  server.GrpcLogAppender (GrpcLogAppender.java:timeoutAppendRequest(200)) - 7550e15a-2ff9-4e5e-b05d-d9f072bd52cf@group-98B303272373->97184ed6-1d8a-4db2-a901-2f2d7f2102ca-GrpcLogAppender: appendEntries Timeout, request=7550e15a-2ff9-4e5e-b05d-d9f072bd52cf->97184ed6-1d8a-4db2-a901-2f2d7f2102ca#64-t1, previous=(t:1, i:14), leaderCommit=10, initializing? false, entries: <empty>
2019-09-17 09:54:17,324 [java.util.concurrent.ThreadPoolExecutor$Worker@36903ecd[State = -1, empty queue]] WARN  server.GrpcLogAppender (GrpcLogAppender.java:timeoutAppendRequest(200)) - 7550e15a-2ff9-4e5e-b05d-d9f072bd52cf@group-98B303272373->bdd5aae1-c180-43a6-a11a-58912a33bf0b-GrpcLogAppender: appendEntries Timeout, request=7550e15a-2ff9-4e5e-b05d-d9f072bd52cf->bdd5aae1-c180-43a6-a11a-58912a33bf0b#64-t1, previous=(t:1, i:14), leaderCommit=10, initializing? false, entries: <empty>
2019-09-17 09:54:19,825 [java.util.concurrent.ThreadPoolExecutor$Worker@36903ecd[State = -1, empty queue]] WARN  server.GrpcLogAppender (GrpcLogAppender.java:timeoutAppendRequest(200)) - 7550e15a-2ff9-4e5e-b05d-d9f072bd52cf@group-98B303272373->bdd5aae1-c180-43a6-a11a-58912a33bf0b-GrpcLogAppender: appendEntries Timeout, request=7550e15a-2ff9-4e5e-b05d-d9f072bd52cf->bdd5aae1-c180-43a6-a11a-58912a33bf0b#65-t1, previous=(t:1, i:14), leaderCommit=10, initializing? false, entries: <empty>
2019-09-17 09:54:19,826 [java.util.concurrent.ThreadPoolExecutor$Worker@4029c190[State = -1, empty queue]] WARN  server.GrpcLogAppender (GrpcLogAppender.java:timeoutAppendRequest(200)) - 7550e15a-2ff9-4e5e-b05d-d9f072bd52cf@group-98B303272373->97184ed6-1d8a-4db2-a901-2f2d7f2102ca-GrpcLogAppender: appendEntries Timeout, request=7550e15a-2ff9-4e5e-b05d-d9f072bd52cf->97184ed6-1d8a-4db2-a901-2f2d7f2102ca#65-t1, previous=(t:1, i:14), leaderCommit=10, initializing? false, entries: <empty>
2019-09-17 09:54:20,433 [grpc-default-executor-8] INFO  client.GrpcClientProtocolClient (GrpcClientProtocolClient.java:onNext(264)) - client-7EF2EE2BC676->97184ed6-1d8a-4db2-a901-2f2d7f2102ca: receive RaftClientReply:client-7EF2EE2BC676->97184ed6-1d8a-4db2-a901-2f2d7f2102ca@group-98B303272373, cid=219, FAILED org.apache.ratis.protocol.NotLeaderException: Server 97184ed6-1d8a-4db2-a901-2f2d7f2102ca@group-98B303272373 is not the leader 7550e15a-2ff9-4e5e-b05d-d9f072bd52cf:192.168.34.37:41606, logIndex=0, commits[97184ed6-1d8a-4db2-a901-2f2d7f2102ca:c10, bdd5aae1-c180-43a6-a11a-58912a33bf0b:c9, 7550e15a-2ff9-4e5e-b05d-d9f072bd52cf:c10]
2019-09-17 09:54:22,327 [java.util.concurrent.ThreadPoolExecutor$Worker@36903ecd[State = -1, empty queue]] WARN  server.GrpcLogAppender (GrpcLogAppender.java:timeoutAppendRequest(200)) - 7550e15a-2ff9-4e5e-b05d-d9f072bd52cf@group-98B303272373->bdd5aae1-c180-43a6-a11a-58912a33bf0b-GrpcLogAppender: appendEntries Timeout, request=7550e15a-2ff9-4e5e-b05d-d9f072bd52cf->bdd5aae1-c180-43a6-a11a-58912a33bf0b#66-t1, previous=(t:1, i:14), leaderCommit=10, initializing? false, entries: <empty>
2019-09-17 09:54:22,327 [java.util.concurrent.ThreadPoolExecutor$Worker@4029c190[State = -1, empty queue]] WARN  server.GrpcLogAppender (GrpcLogAppender.java:timeoutAppendRequest(200)) - 7550e15a-2ff9-4e5e-b05d-d9f072bd52cf@group-98B303272373->97184ed6-1d8a-4db2-a901-2f2d7f2102ca-GrpcLogAppender: appendEntries Timeout, request=7550e15a-2ff9-4e5e-b05d-d9f072bd52cf->97184ed6-1d8a-4db2-a901-2f2d7f2102ca#66-t1, previous=(t:1, i:14), leaderCommit=10, initializing? false, entries: <empty>
2019-09-17 09:54:24,293 [7550e15a-2ff9-4e5e-b05d-d9f072bd52cf@group-98B303272373-SegmentedRaftLogWorker] WARN  segmented.SegmentedRaftLogWorker (SegmentedRaftLogWorker.java:getFromFuture(90)) - Timeout 9/~
org.apache.ratis.protocol.TimeoutIOException: Timeout 10s: WriteLog:11: (t:1, i:11), STATEMACHINELOGENTRY, client-7EF2EE2BC676, cid=219-writeStateMachineData
	at org.apache.ratis.util.IOUtils.getFromFuture(IOUtils.java:87)
	at org.apache.ratis.server.raftlog.segmented.SegmentedRaftLogWorker$StateMachineDataPolicy.getFromFuture(SegmentedRaftLogWorker.java:87)
	at org.apache.ratis.server.raftlog.segmented.SegmentedRaftLogWorker$WriteLog.execute(SegmentedRaftLogWorker.java:477)
	at org.apache.ratis.server.raftlog.segmented.SegmentedRaftLogWorker.run(SegmentedRaftLogWorker.java:289)
	at java.lang.Thread.run(Thread.java:748)
Caused by: java.util.concurrent.TimeoutException
	at java.util.concurrent.CompletableFuture.timedGet(CompletableFuture.java:1771)
	at java.util.concurrent.CompletableFuture.get(CompletableFuture.java:1915)
	at org.apache.ratis.util.IOUtils.getFromFuture(IOUtils.java:79)
	... 4 more
2019-09-17 09:54:24,317 [bdd5aae1-c180-43a6-a11a-58912a33bf0b@group-98B303272373-SegmentedRaftLogWorker] WARN  segmented.SegmentedRaftLogWorker (SegmentedRaftLogWorker.java:getFromFuture(90)) - Timeout 9/~
org.apache.ratis.protocol.TimeoutIOException: Timeout 10s: WriteLog:11: (t:1, i:11), STATEMACHINELOGENTRY, client-7EF2EE2BC676, cid=219-writeStateMachineData
	at org.apache.ratis.util.IOUtils.getFromFuture(IOUtils.java:87)
	at org.apache.ratis.server.raftlog.segmented.SegmentedRaftLogWorker$StateMachineDataPolicy.getFromFuture(SegmentedRaftLogWorker.java:87)
	at org.apache.ratis.server.raftlog.segmented.SegmentedRaftLogWorker$WriteLog.execute(SegmentedRaftLogWorker.java:477)
	at org.apache.ratis.server.raftlog.segmented.SegmentedRaftLogWorker.run(SegmentedRaftLogWorker.java:289)
	at java.lang.Thread.run(Thread.java:748)
Caused by: java.util.concurrent.TimeoutException
	at java.util.concurrent.CompletableFuture.timedGet(CompletableFuture.java:1771)
	at java.util.concurrent.CompletableFuture.get(CompletableFuture.java:1915)
	at org.apache.ratis.util.IOUtils.getFromFuture(IOUtils.java:79)
	... 4 more
2019-09-17 09:54:24,318 [97184ed6-1d8a-4db2-a901-2f2d7f2102ca@group-98B303272373-SegmentedRaftLogWorker] WARN  segmented.SegmentedRaftLogWorker (SegmentedRaftLogWorker.java:getFromFuture(90)) - Timeout 9/~
org.apache.ratis.protocol.TimeoutIOException: Timeout 10s: WriteLog:11: (t:1, i:11), STATEMACHINELOGENTRY, client-7EF2EE2BC676, cid=219-writeStateMachineData
	at org.apache.ratis.util.IOUtils.getFromFuture(IOUtils.java:87)
	at org.apache.ratis.server.raftlog.segmented.SegmentedRaftLogWorker$StateMachineDataPolicy.getFromFuture(SegmentedRaftLogWorker.java:87)
	at org.apache.ratis.server.raftlog.segmented.SegmentedRaftLogWorker$WriteLog.execute(SegmentedRaftLogWorker.java:477)
	at org.apache.ratis.server.raftlog.segmented.SegmentedRaftLogWorker.run(SegmentedRaftLogWorker.java:289)
	at java.lang.Thread.run(Thread.java:748)
Caused by: java.util.concurrent.TimeoutException
	at java.util.concurrent.CompletableFuture.timedGet(CompletableFuture.java:1771)
	at java.util.concurrent.CompletableFuture.get(CompletableFuture.java:1915)
	at org.apache.ratis.util.IOUtils.getFromFuture(IOUtils.java:79)
	... 4 more
2019-09-17 09:54:24,827 [java.util.concurrent.ThreadPoolExecutor$Worker@4029c190[State = -1, empty queue]] WARN  server.GrpcLogAppender (GrpcLogAppender.java:timeoutAppendRequest(200)) - 7550e15a-2ff9-4e5e-b05d-d9f072bd52cf@group-98B303272373->97184ed6-1d8a-4db2-a901-2f2d7f2102ca-GrpcLogAppender: appendEntries Timeout, request=7550e15a-2ff9-4e5e-b05d-d9f072bd52cf->97184ed6-1d8a-4db2-a901-2f2d7f2102ca#67-t1, previous=(t:1, i:14), leaderCommit=10, initializing? false, entries: <empty>
2019-09-17 09:54:24,828 [java.util.concurrent.ThreadPoolExecutor$Worker@36903ecd[State = -1, empty queue]] WARN  server.GrpcLogAppender (GrpcLogAppender.java:timeoutAppendRequest(200)) - 7550e15a-2ff9-4e5e-b05d-d9f072bd52cf@group-98B303272373->bdd5aae1-c180-43a6-a11a-58912a33bf0b-GrpcLogAppender: appendEntries Timeout, request=7550e15a-2ff9-4e5e-b05d-d9f072bd52cf->bdd5aae1-c180-43a6-a11a-58912a33bf0b#67-t1, previous=(t:1, i:14), leaderCommit=10, initializing? false, entries: <empty>
2019-09-17 09:54:25,483 [grpc-default-executor-8] INFO  client.GrpcClientProtocolClient (GrpcClientProtocolClient.java:onNext(264)) - client-7EF2EE2BC676->bdd5aae1-c180-43a6-a11a-58912a33bf0b: receive RaftClientReply:client-7EF2EE2BC676->bdd5aae1-c180-43a6-a11a-58912a33bf0b@group-98B303272373, cid=219, FAILED org.apache.ratis.protocol.NotLeaderException: Server bdd5aae1-c180-43a6-a11a-58912a33bf0b@group-98B303272373 is not the leader 7550e15a-2ff9-4e5e-b05d-d9f072bd52cf:192.168.34.37:41606, logIndex=0, commits[bdd5aae1-c180-43a6-a11a-58912a33bf0b:c10, 97184ed6-1d8a-4db2-a901-2f2d7f2102ca:c9, 7550e15a-2ff9-4e5e-b05d-d9f072bd52cf:c10]
2019-09-17 09:54:27,328 [java.util.concurrent.ThreadPoolExecutor$Worker@4029c190[State = -1, empty queue]] WARN  server.GrpcLogAppender (GrpcLogAppender.java:timeoutAppendRequest(200)) - 7550e15a-2ff9-4e5e-b05d-d9f072bd52cf@group-98B303272373->97184ed6-1d8a-4db2-a901-2f2d7f2102ca-GrpcLogAppender: appendEntries Timeout, request=7550e15a-2ff9-4e5e-b05d-d9f072bd52cf->97184ed6-1d8a-4db2-a901-2f2d7f2102ca#68-t1, previous=(t:1, i:14), leaderCommit=10, initializing? false, entries: <empty>
2019-09-17 09:54:27,328 [java.util.concurrent.ThreadPoolExecutor$Worker@36903ecd[State = -1, empty queue]] WARN  server.GrpcLogAppender (GrpcLogAppender.java:timeoutAppendRequest(200)) - 7550e15a-2ff9-4e5e-b05d-d9f072bd52cf@group-98B303272373->bdd5aae1-c180-43a6-a11a-58912a33bf0b-GrpcLogAppender: appendEntries Timeout, request=7550e15a-2ff9-4e5e-b05d-d9f072bd52cf->bdd5aae1-c180-43a6-a11a-58912a33bf0b#68-t1, previous=(t:1, i:14), leaderCommit=10, initializing? false, entries: <empty>
2019-09-17 09:54:29,828 [java.util.concurrent.ThreadPoolExecutor$Worker@36903ecd[State = -1, empty queue]] WARN  server.GrpcLogAppender (GrpcLogAppender.java:timeoutAppendRequest(200)) - 7550e15a-2ff9-4e5e-b05d-d9f072bd52cf@group-98B303272373->bdd5aae1-c180-43a6-a11a-58912a33bf0b-GrpcLogAppender: appendEntries Timeout, request=7550e15a-2ff9-4e5e-b05d-d9f072bd52cf->bdd5aae1-c180-43a6-a11a-58912a33bf0b#69-t1, previous=(t:1, i:14), leaderCommit=10, initializing? false, entries: <empty>
2019-09-17 09:54:29,828 [java.util.concurrent.ThreadPoolExecutor$Worker@4029c190[State = -1, empty queue]] WARN  server.GrpcLogAppender (GrpcLogAppender.java:timeoutAppendRequest(200)) - 7550e15a-2ff9-4e5e-b05d-d9f072bd52cf@group-98B303272373->97184ed6-1d8a-4db2-a901-2f2d7f2102ca-GrpcLogAppender: appendEntries Timeout, request=7550e15a-2ff9-4e5e-b05d-d9f072bd52cf->97184ed6-1d8a-4db2-a901-2f2d7f2102ca#69-t1, previous=(t:1, i:14), leaderCommit=10, initializing? false, entries: <empty>
2019-09-17 09:54:30,548 [grpc-default-executor-3] INFO  client.GrpcClientProtocolClient (GrpcClientProtocolClient.java:onNext(264)) - client-7EF2EE2BC676->97184ed6-1d8a-4db2-a901-2f2d7f2102ca: receive RaftClientReply:client-7EF2EE2BC676->97184ed6-1d8a-4db2-a901-2f2d7f2102ca@group-98B303272373, cid=219, FAILED org.apache.ratis.protocol.NotLeaderException: Server 97184ed6-1d8a-4db2-a901-2f2d7f2102ca@group-98B303272373 is not the leader 7550e15a-2ff9-4e5e-b05d-d9f072bd52cf:192.168.34.37:41606, logIndex=0, commits[97184ed6-1d8a-4db2-a901-2f2d7f2102ca:c10, bdd5aae1-c180-43a6-a11a-58912a33bf0b:c9, 7550e15a-2ff9-4e5e-b05d-d9f072bd52cf:c10]
2019-09-17 09:54:32,330 [java.util.concurrent.ThreadPoolExecutor$Worker@36903ecd[State = -1, empty queue]] WARN  server.GrpcLogAppender (GrpcLogAppender.java:timeoutAppendRequest(200)) - 7550e15a-2ff9-4e5e-b05d-d9f072bd52cf@group-98B303272373->bdd5aae1-c180-43a6-a11a-58912a33bf0b-GrpcLogAppender: appendEntries Timeout, request=7550e15a-2ff9-4e5e-b05d-d9f072bd52cf->bdd5aae1-c180-43a6-a11a-58912a33bf0b#70-t1, previous=(t:1, i:14), leaderCommit=10, initializing? false, entries: <empty>
2019-09-17 09:54:32,330 [java.util.concurrent.ThreadPoolExecutor$Worker@4029c190[State = -1, empty queue]] WARN  server.GrpcLogAppender (GrpcLogAppender.java:timeoutAppendRequest(200)) - 7550e15a-2ff9-4e5e-b05d-d9f072bd52cf@group-98B303272373->97184ed6-1d8a-4db2-a901-2f2d7f2102ca-GrpcLogAppender: appendEntries Timeout, request=7550e15a-2ff9-4e5e-b05d-d9f072bd52cf->97184ed6-1d8a-4db2-a901-2f2d7f2102ca#70-t1, previous=(t:1, i:14), leaderCommit=10, initializing? false, entries: <empty>
2019-09-17 09:54:34,294 [7550e15a-2ff9-4e5e-b05d-d9f072bd52cf@group-98B303272373-SegmentedRaftLogWorker] WARN  segmented.SegmentedRaftLogWorker (SegmentedRaftLogWorker.java:getFromFuture(90)) - Timeout 10/~
org.apache.ratis.protocol.TimeoutIOException: Timeout 10s: WriteLog:11: (t:1, i:11), STATEMACHINELOGENTRY, client-7EF2EE2BC676, cid=219-writeStateMachineData
	at org.apache.ratis.util.IOUtils.getFromFuture(IOUtils.java:87)
	at org.apache.ratis.server.raftlog.segmented.SegmentedRaftLogWorker$StateMachineDataPolicy.getFromFuture(SegmentedRaftLogWorker.java:87)
	at org.apache.ratis.server.raftlog.segmented.SegmentedRaftLogWorker$WriteLog.execute(SegmentedRaftLogWorker.java:477)
	at org.apache.ratis.server.raftlog.segmented.SegmentedRaftLogWorker.run(SegmentedRaftLogWorker.java:289)
	at java.lang.Thread.run(Thread.java:748)
Caused by: java.util.concurrent.TimeoutException
	at java.util.concurrent.CompletableFuture.timedGet(CompletableFuture.java:1771)
	at java.util.concurrent.CompletableFuture.get(CompletableFuture.java:1915)
	at org.apache.ratis.util.IOUtils.getFromFuture(IOUtils.java:79)
	... 4 more
2019-09-17 09:54:34,317 [bdd5aae1-c180-43a6-a11a-58912a33bf0b@group-98B303272373-SegmentedRaftLogWorker] WARN  segmented.SegmentedRaftLogWorker (SegmentedRaftLogWorker.java:getFromFuture(90)) - Timeout 10/~
org.apache.ratis.protocol.TimeoutIOException: Timeout 10s: WriteLog:11: (t:1, i:11), STATEMACHINELOGENTRY, client-7EF2EE2BC676, cid=219-writeStateMachineData
	at org.apache.ratis.util.IOUtils.getFromFuture(IOUtils.java:87)
	at org.apache.ratis.server.raftlog.segmented.SegmentedRaftLogWorker$StateMachineDataPolicy.getFromFuture(SegmentedRaftLogWorker.java:87)
	at org.apache.ratis.server.raftlog.segmented.SegmentedRaftLogWorker$WriteLog.execute(SegmentedRaftLogWorker.java:477)
	at org.apache.ratis.server.raftlog.segmented.SegmentedRaftLogWorker.run(SegmentedRaftLogWorker.java:289)
	at java.lang.Thread.run(Thread.java:748)
Caused by: java.util.concurrent.TimeoutException
	at java.util.concurrent.CompletableFuture.timedGet(CompletableFuture.java:1771)
	at java.util.concurrent.CompletableFuture.get(CompletableFuture.java:1915)
	at org.apache.ratis.util.IOUtils.getFromFuture(IOUtils.java:79)
	... 4 more
2019-09-17 09:54:34,318 [97184ed6-1d8a-4db2-a901-2f2d7f2102ca@group-98B303272373-SegmentedRaftLogWorker] WARN  segmented.SegmentedRaftLogWorker (SegmentedRaftLogWorker.java:getFromFuture(90)) - Timeout 10/~
org.apache.ratis.protocol.TimeoutIOException: Timeout 10s: WriteLog:11: (t:1, i:11), STATEMACHINELOGENTRY, client-7EF2EE2BC676, cid=219-writeStateMachineData
	at org.apache.ratis.util.IOUtils.getFromFuture(IOUtils.java:87)
	at org.apache.ratis.server.raftlog.segmented.SegmentedRaftLogWorker$StateMachineDataPolicy.getFromFuture(SegmentedRaftLogWorker.java:87)
	at org.apache.ratis.server.raftlog.segmented.SegmentedRaftLogWorker$WriteLog.execute(SegmentedRaftLogWorker.java:477)
	at org.apache.ratis.server.raftlog.segmented.SegmentedRaftLogWorker.run(SegmentedRaftLogWorker.java:289)
	at java.lang.Thread.run(Thread.java:748)
Caused by: java.util.concurrent.TimeoutException
	at java.util.concurrent.CompletableFuture.timedGet(CompletableFuture.java:1771)
	at java.util.concurrent.CompletableFuture.get(CompletableFuture.java:1915)
	at org.apache.ratis.util.IOUtils.getFromFuture(IOUtils.java:79)
	... 4 more
2019-09-17 09:54:34,830 [java.util.concurrent.ThreadPoolExecutor$Worker@4029c190[State = -1, empty queue]] WARN  server.GrpcLogAppender (GrpcLogAppender.java:timeoutAppendRequest(200)) - 7550e15a-2ff9-4e5e-b05d-d9f072bd52cf@group-98B303272373->97184ed6-1d8a-4db2-a901-2f2d7f2102ca-GrpcLogAppender: appendEntries Timeout, request=7550e15a-2ff9-4e5e-b05d-d9f072bd52cf->97184ed6-1d8a-4db2-a901-2f2d7f2102ca#71-t1, previous=(t:1, i:14), leaderCommit=10, initializing? false, entries: <empty>
2019-09-17 09:54:34,830 [java.util.concurrent.ThreadPoolExecutor$Worker@36903ecd[State = -1, empty queue]] WARN  server.GrpcLogAppender (GrpcLogAppender.java:timeoutAppendRequest(200)) - 7550e15a-2ff9-4e5e-b05d-d9f072bd52cf@group-98B303272373->bdd5aae1-c180-43a6-a11a-58912a33bf0b-GrpcLogAppender: appendEntries Timeout, request=7550e15a-2ff9-4e5e-b05d-d9f072bd52cf->bdd5aae1-c180-43a6-a11a-58912a33bf0b#71-t1, previous=(t:1, i:14), leaderCommit=10, initializing? false, entries: <empty>
2019-09-17 09:54:35,584 [grpc-default-executor-8] INFO  client.GrpcClientProtocolClient (GrpcClientProtocolClient.java:onNext(264)) - client-7EF2EE2BC676->bdd5aae1-c180-43a6-a11a-58912a33bf0b: receive RaftClientReply:client-7EF2EE2BC676->bdd5aae1-c180-43a6-a11a-58912a33bf0b@group-98B303272373, cid=219, FAILED org.apache.ratis.protocol.NotLeaderException: Server bdd5aae1-c180-43a6-a11a-58912a33bf0b@group-98B303272373 is not the leader 7550e15a-2ff9-4e5e-b05d-d9f072bd52cf:192.168.34.37:41606, logIndex=0, commits[bdd5aae1-c180-43a6-a11a-58912a33bf0b:c10, 97184ed6-1d8a-4db2-a901-2f2d7f2102ca:c9, 7550e15a-2ff9-4e5e-b05d-d9f072bd52cf:c10]
2019-09-17 09:54:37,331 [java.util.concurrent.ThreadPoolExecutor$Worker@4029c190[State = -1, empty queue]] WARN  server.GrpcLogAppender (GrpcLogAppender.java:timeoutAppendRequest(200)) - 7550e15a-2ff9-4e5e-b05d-d9f072bd52cf@group-98B303272373->97184ed6-1d8a-4db2-a901-2f2d7f2102ca-GrpcLogAppender: appendEntries Timeout, request=7550e15a-2ff9-4e5e-b05d-d9f072bd52cf->97184ed6-1d8a-4db2-a901-2f2d7f2102ca#72-t1, previous=(t:1, i:14), leaderCommit=10, initializing? false, entries: <empty>
2019-09-17 09:54:37,331 [java.util.concurrent.ThreadPoolExecutor$Worker@36903ecd[State = -1, empty queue]] WARN  server.GrpcLogAppender (GrpcLogAppender.java:timeoutAppendRequest(200)) - 7550e15a-2ff9-4e5e-b05d-d9f072bd52cf@group-98B303272373->bdd5aae1-c180-43a6-a11a-58912a33bf0b-GrpcLogAppender: appendEntries Timeout, request=7550e15a-2ff9-4e5e-b05d-d9f072bd52cf->bdd5aae1-c180-43a6-a11a-58912a33bf0b#72-t1, previous=(t:1, i:14), leaderCommit=10, initializing? false, entries: <empty>
2019-09-17 09:54:39,831 [java.util.concurrent.ThreadPoolExecutor$Worker@4029c190[State = -1, empty queue]] WARN  server.GrpcLogAppender (GrpcLogAppender.java:timeoutAppendRequest(200)) - 7550e15a-2ff9-4e5e-b05d-d9f072bd52cf@group-98B303272373->97184ed6-1d8a-4db2-a901-2f2d7f2102ca-GrpcLogAppender: appendEntries Timeout, request=7550e15a-2ff9-4e5e-b05d-d9f072bd52cf->97184ed6-1d8a-4db2-a901-2f2d7f2102ca#73-t1, previous=(t:1, i:14), leaderCommit=10, initializing? false, entries: <empty>
2019-09-17 09:54:39,831 [java.util.concurrent.ThreadPoolExecutor$Worker@36903ecd[State = -1, empty queue]] WARN  server.GrpcLogAppender (GrpcLogAppender.java:timeoutAppendRequest(200)) - 7550e15a-2ff9-4e5e-b05d-d9f072bd52cf@group-98B303272373->bdd5aae1-c180-43a6-a11a-58912a33bf0b-GrpcLogAppender: appendEntries Timeout, request=7550e15a-2ff9-4e5e-b05d-d9f072bd52cf->bdd5aae1-c180-43a6-a11a-58912a33bf0b#73-t1, previous=(t:1, i:14), leaderCommit=10, initializing? false, entries: <empty>
2019-09-17 09:54:40,639 [grpc-default-executor-8] INFO  client.GrpcClientProtocolClient (GrpcClientProtocolClient.java:onNext(264)) - client-7EF2EE2BC676->97184ed6-1d8a-4db2-a901-2f2d7f2102ca: receive RaftClientReply:client-7EF2EE2BC676->97184ed6-1d8a-4db2-a901-2f2d7f2102ca@group-98B303272373, cid=219, FAILED org.apache.ratis.protocol.NotLeaderException: Server 97184ed6-1d8a-4db2-a901-2f2d7f2102ca@group-98B303272373 is not the leader 7550e15a-2ff9-4e5e-b05d-d9f072bd52cf:192.168.34.37:41606, logIndex=0, commits[97184ed6-1d8a-4db2-a901-2f2d7f2102ca:c10, bdd5aae1-c180-43a6-a11a-58912a33bf0b:c9, 7550e15a-2ff9-4e5e-b05d-d9f072bd52cf:c10]
2019-09-17 09:54:42,332 [java.util.concurrent.ThreadPoolExecutor$Worker@36903ecd[State = -1, empty queue]] WARN  server.GrpcLogAppender (GrpcLogAppender.java:timeoutAppendRequest(200)) - 7550e15a-2ff9-4e5e-b05d-d9f072bd52cf@group-98B303272373->bdd5aae1-c180-43a6-a11a-58912a33bf0b-GrpcLogAppender: appendEntries Timeout, request=7550e15a-2ff9-4e5e-b05d-d9f072bd52cf->bdd5aae1-c180-43a6-a11a-58912a33bf0b#74-t1, previous=(t:1, i:14), leaderCommit=10, initializing? false, entries: <empty>
2019-09-17 09:54:42,332 [java.util.concurrent.ThreadPoolExecutor$Worker@4029c190[State = -1, empty queue]] WARN  server.GrpcLogAppender (GrpcLogAppender.java:timeoutAppendRequest(200)) - 7550e15a-2ff9-4e5e-b05d-d9f072bd52cf@group-98B303272373->97184ed6-1d8a-4db2-a901-2f2d7f2102ca-GrpcLogAppender: appendEntries Timeout, request=7550e15a-2ff9-4e5e-b05d-d9f072bd52cf->97184ed6-1d8a-4db2-a901-2f2d7f2102ca#74-t1, previous=(t:1, i:14), leaderCommit=10, initializing? false, entries: <empty>
2019-09-17 09:54:44,296 [7550e15a-2ff9-4e5e-b05d-d9f072bd52cf@group-98B303272373-SegmentedRaftLogWorker] WARN  segmented.SegmentedRaftLogWorker (SegmentedRaftLogWorker.java:getFromFuture(90)) - Timeout 11/~
org.apache.ratis.protocol.TimeoutIOException: Timeout 10s: WriteLog:11: (t:1, i:11), STATEMACHINELOGENTRY, client-7EF2EE2BC676, cid=219-writeStateMachineData
	at org.apache.ratis.util.IOUtils.getFromFuture(IOUtils.java:87)
	at org.apache.ratis.server.raftlog.segmented.SegmentedRaftLogWorker$StateMachineDataPolicy.getFromFuture(SegmentedRaftLogWorker.java:87)
	at org.apache.ratis.server.raftlog.segmented.SegmentedRaftLogWorker$WriteLog.execute(SegmentedRaftLogWorker.java:477)
	at org.apache.ratis.server.raftlog.segmented.SegmentedRaftLogWorker.run(SegmentedRaftLogWorker.java:289)
	at java.lang.Thread.run(Thread.java:748)
Caused by: java.util.concurrent.TimeoutException
	at java.util.concurrent.CompletableFuture.timedGet(CompletableFuture.java:1771)
	at java.util.concurrent.CompletableFuture.get(CompletableFuture.java:1915)
	at org.apache.ratis.util.IOUtils.getFromFuture(IOUtils.java:79)
	... 4 more
2019-09-17 09:54:44,318 [bdd5aae1-c180-43a6-a11a-58912a33bf0b@group-98B303272373-SegmentedRaftLogWorker] WARN  segmented.SegmentedRaftLogWorker (SegmentedRaftLogWorker.java:getFromFuture(90)) - Timeout 11/~
org.apache.ratis.protocol.TimeoutIOException: Timeout 10s: WriteLog:11: (t:1, i:11), STATEMACHINELOGENTRY, client-7EF2EE2BC676, cid=219-writeStateMachineData
	at org.apache.ratis.util.IOUtils.getFromFuture(IOUtils.java:87)
	at org.apache.ratis.server.raftlog.segmented.SegmentedRaftLogWorker$StateMachineDataPolicy.getFromFuture(SegmentedRaftLogWorker.java:87)
	at org.apache.ratis.server.raftlog.segmented.SegmentedRaftLogWorker$WriteLog.execute(SegmentedRaftLogWorker.java:477)
	at org.apache.ratis.server.raftlog.segmented.SegmentedRaftLogWorker.run(SegmentedRaftLogWorker.java:289)
	at java.lang.Thread.run(Thread.java:748)
Caused by: java.util.concurrent.TimeoutException
	at java.util.concurrent.CompletableFuture.timedGet(CompletableFuture.java:1771)
	at java.util.concurrent.CompletableFuture.get(CompletableFuture.java:1915)
	at org.apache.ratis.util.IOUtils.getFromFuture(IOUtils.java:79)
	... 4 more
2019-09-17 09:54:44,319 [97184ed6-1d8a-4db2-a901-2f2d7f2102ca@group-98B303272373-SegmentedRaftLogWorker] WARN  segmented.SegmentedRaftLogWorker (SegmentedRaftLogWorker.java:getFromFuture(90)) - Timeout 11/~
org.apache.ratis.protocol.TimeoutIOException: Timeout 10s: WriteLog:11: (t:1, i:11), STATEMACHINELOGENTRY, client-7EF2EE2BC676, cid=219-writeStateMachineData
	at org.apache.ratis.util.IOUtils.getFromFuture(IOUtils.java:87)
	at org.apache.ratis.server.raftlog.segmented.SegmentedRaftLogWorker$StateMachineDataPolicy.getFromFuture(SegmentedRaftLogWorker.java:87)
	at org.apache.ratis.server.raftlog.segmented.SegmentedRaftLogWorker$WriteLog.execute(SegmentedRaftLogWorker.java:477)
	at org.apache.ratis.server.raftlog.segmented.SegmentedRaftLogWorker.run(SegmentedRaftLogWorker.java:289)
	at java.lang.Thread.run(Thread.java:748)
Caused by: java.util.concurrent.TimeoutException
	at java.util.concurrent.CompletableFuture.timedGet(CompletableFuture.java:1771)
	at java.util.concurrent.CompletableFuture.get(CompletableFuture.java:1915)
	at org.apache.ratis.util.IOUtils.getFromFuture(IOUtils.java:79)
	... 4 more
2019-09-17 09:54:44,335 [org.apache.ratis.server.impl.LogAppender$AppenderDaemon$$Lambda$490/1425097048@5d0a65b] ERROR ratis.XceiverServerRatis (XceiverServerRatis.java:triggerPipelineClose(568)) - pipeline Action CLOSE  on pipeline PipelineID=f425068e-56e5-48a7-bfb8-98b303272373.Reason : 7550e15a-2ff9-4e5e-b05d-d9f072bd52cf has not seen follower/s bdd5aae1-c180-43a6-a11a-58912a33bf0b for 121635ms 97184ed6-1d8a-4db2-a901-2f2d7f2102ca for 121635ms
2019-09-17 09:54:44,335 [org.apache.ratis.server.impl.LogAppender$AppenderDaemon$$Lambda$490/1425097048@1d38b547] ERROR ratis.XceiverServerRatis (XceiverServerRatis.java:triggerPipelineClose(568)) - pipeline Action CLOSE  on pipeline PipelineID=f425068e-56e5-48a7-bfb8-98b303272373.Reason : 7550e15a-2ff9-4e5e-b05d-d9f072bd52cf has not seen follower/s bdd5aae1-c180-43a6-a11a-58912a33bf0b for 121635ms 97184ed6-1d8a-4db2-a901-2f2d7f2102ca for 121635ms
2019-09-17 09:54:44,450 [EventQueue-PipelineActionsForPipelineActionHandler] ERROR pipeline.PipelineActionHandler (PipelineActionHandler.java:onMessage(60)) - Received pipeline action CLOSE for Pipeline[ Id: f425068e-56e5-48a7-bfb8-98b303272373, Nodes: bdd5aae1-c180-43a6-a11a-58912a33bf0b{ip: 192.168.34.37, host: pr-hdds-2110-rdjw6-11158954, networkLocation: /default-rack, certSerialId: null}97184ed6-1d8a-4db2-a901-2f2d7f2102ca{ip: 192.168.34.37, host: pr-hdds-2110-rdjw6-11158954, networkLocation: /default-rack, certSerialId: null}7550e15a-2ff9-4e5e-b05d-d9f072bd52cf{ip: 192.168.34.37, host: pr-hdds-2110-rdjw6-11158954, networkLocation: /default-rack, certSerialId: null}, Type:RATIS, Factor:THREE, State:OPEN] from datanode 7550e15a-2ff9-4e5e-b05d-d9f072bd52cf{ip: 192.168.34.37, host: pr-hdds-2110-rdjw6-11158954, networkLocation: /default-rack, certSerialId: null}. Reason : 7550e15a-2ff9-4e5e-b05d-d9f072bd52cf has not seen follower/s bdd5aae1-c180-43a6-a11a-58912a33bf0b for 121635ms 97184ed6-1d8a-4db2-a901-2f2d7f2102ca for 121635ms
2019-09-17 09:54:44,450 [EventQueue-PipelineActionsForPipelineActionHandler] INFO  pipeline.SCMPipelineManager (SCMPipelineManager.java:finalizeAndDestroyPipeline(311)) - destroying pipeline:Pipeline[ Id: f425068e-56e5-48a7-bfb8-98b303272373, Nodes: bdd5aae1-c180-43a6-a11a-58912a33bf0b{ip: 192.168.34.37, host: pr-hdds-2110-rdjw6-11158954, networkLocation: /default-rack, certSerialId: null}97184ed6-1d8a-4db2-a901-2f2d7f2102ca{ip: 192.168.34.37, host: pr-hdds-2110-rdjw6-11158954, networkLocation: /default-rack, certSerialId: null}7550e15a-2ff9-4e5e-b05d-d9f072bd52cf{ip: 192.168.34.37, host: pr-hdds-2110-rdjw6-11158954, networkLocation: /default-rack, certSerialId: null}, Type:RATIS, Factor:THREE, State:OPEN]
2019-09-17 09:54:44,451 [EventQueue-PipelineActionsForPipelineActionHandler] INFO  pipeline.PipelineStateManager (PipelineStateManager.java:finalizePipeline(123)) - Pipeline Pipeline[ Id: f425068e-56e5-48a7-bfb8-98b303272373, Nodes: bdd5aae1-c180-43a6-a11a-58912a33bf0b{ip: 192.168.34.37, host: pr-hdds-2110-rdjw6-11158954, networkLocation: /default-rack, certSerialId: null}97184ed6-1d8a-4db2-a901-2f2d7f2102ca{ip: 192.168.34.37, host: pr-hdds-2110-rdjw6-11158954, networkLocation: /default-rack, certSerialId: null}7550e15a-2ff9-4e5e-b05d-d9f072bd52cf{ip: 192.168.34.37, host: pr-hdds-2110-rdjw6-11158954, networkLocation: /default-rack, certSerialId: null}, Type:RATIS, Factor:THREE, State:CLOSED] moved to CLOSED state
2019-09-17 09:54:44,452 [EventQueue-CloseContainerForCloseContainerEventHandler] INFO  container.CloseContainerEventHandler (CloseContainerEventHandler.java:onMessage(61)) - Close container Event triggered for container : #11
2019-09-17 09:54:44,833 [java.util.concurrent.ThreadPoolExecutor$Worker@4029c190[State = -1, empty queue]] WARN  server.GrpcLogAppender (GrpcLogAppender.java:timeoutAppendRequest(200)) - 7550e15a-2ff9-4e5e-b05d-d9f072bd52cf@group-98B303272373->97184ed6-1d8a-4db2-a901-2f2d7f2102ca-GrpcLogAppender: appendEntries Timeout, request=7550e15a-2ff9-4e5e-b05d-d9f072bd52cf->97184ed6-1d8a-4db2-a901-2f2d7f2102ca#75-t1, previous=(t:1, i:14), leaderCommit=10, initializing? false, entries: <empty>
2019-09-17 09:54:44,833 [java.util.concurrent.ThreadPoolExecutor$Worker@36903ecd[State = -1, empty queue]] WARN  server.GrpcLogAppender (GrpcLogAppender.java:timeoutAppendRequest(200)) - 7550e15a-2ff9-4e5e-b05d-d9f072bd52cf@group-98B303272373->bdd5aae1-c180-43a6-a11a-58912a33bf0b-GrpcLogAppender: appendEntries Timeout, request=7550e15a-2ff9-4e5e-b05d-d9f072bd52cf->bdd5aae1-c180-43a6-a11a-58912a33bf0b#75-t1, previous=(t:1, i:14), leaderCommit=10, initializing? false, entries: <empty>
2019-09-17 09:54:45,800 [grpc-default-executor-2] INFO  client.GrpcClientProtocolClient (GrpcClientProtocolClient.java:onNext(264)) - client-7EF2EE2BC676->97184ed6-1d8a-4db2-a901-2f2d7f2102ca: receive RaftClientReply:client-7EF2EE2BC676->97184ed6-1d8a-4db2-a901-2f2d7f2102ca@group-98B303272373, cid=219, FAILED org.apache.ratis.protocol.NotLeaderException: Server 97184ed6-1d8a-4db2-a901-2f2d7f2102ca@group-98B303272373 is not the leader 7550e15a-2ff9-4e5e-b05d-d9f072bd52cf:192.168.34.37:41606, logIndex=0, commits[97184ed6-1d8a-4db2-a901-2f2d7f2102ca:c10, bdd5aae1-c180-43a6-a11a-58912a33bf0b:c9, 7550e15a-2ff9-4e5e-b05d-d9f072bd52cf:c10]
2019-09-17 09:54:46,836 [org.apache.ratis.server.impl.LogAppender$AppenderDaemon$$Lambda$490/1425097048@1d38b547] ERROR ratis.XceiverServerRatis (XceiverServerRatis.java:triggerPipelineClose(568)) - pipeline Action CLOSE  on pipeline PipelineID=f425068e-56e5-48a7-bfb8-98b303272373.Reason : 7550e15a-2ff9-4e5e-b05d-d9f072bd52cf has not seen follower/s bdd5aae1-c180-43a6-a11a-58912a33bf0b for 124136ms 97184ed6-1d8a-4db2-a901-2f2d7f2102ca for 124136ms
2019-09-17 09:54:46,836 [org.apache.ratis.server.impl.LogAppender$AppenderDaemon$$Lambda$490/1425097048@5d0a65b] ERROR ratis.XceiverServerRatis (XceiverServerRatis.java:triggerPipelineClose(568)) - pipeline Action CLOSE  on pipeline PipelineID=f425068e-56e5-48a7-bfb8-98b303272373.Reason : 7550e15a-2ff9-4e5e-b05d-d9f072bd52cf has not seen follower/s bdd5aae1-c180-43a6-a11a-58912a33bf0b for 124136ms 97184ed6-1d8a-4db2-a901-2f2d7f2102ca for 124136ms
2019-09-17 09:54:47,334 [java.util.concurrent.ThreadPoolExecutor$Worker@4029c190[State = -1, empty queue]] WARN  server.GrpcLogAppender (GrpcLogAppender.java:timeoutAppendRequest(200)) - 7550e15a-2ff9-4e5e-b05d-d9f072bd52cf@group-98B303272373->97184ed6-1d8a-4db2-a901-2f2d7f2102ca-GrpcLogAppender: appendEntries Timeout, request=7550e15a-2ff9-4e5e-b05d-d9f072bd52cf->97184ed6-1d8a-4db2-a901-2f2d7f2102ca#76-t1, previous=(t:1, i:14), leaderCommit=10, initializing? false, entries: <empty>
2019-09-17 09:54:47,334 [java.util.concurrent.ThreadPoolExecutor$Worker@36903ecd[State = -1, empty queue]] WARN  server.GrpcLogAppender (GrpcLogAppender.java:timeoutAppendRequest(200)) - 7550e15a-2ff9-4e5e-b05d-d9f072bd52cf@group-98B303272373->bdd5aae1-c180-43a6-a11a-58912a33bf0b-GrpcLogAppender: appendEntries Timeout, request=7550e15a-2ff9-4e5e-b05d-d9f072bd52cf->bdd5aae1-c180-43a6-a11a-58912a33bf0b#76-t1, previous=(t:1, i:14), leaderCommit=10, initializing? false, entries: <empty>
2019-09-17 09:54:47,453 [EventQueue-PipelineActionsForPipelineActionHandler] ERROR pipeline.PipelineActionHandler (PipelineActionHandler.java:onMessage(60)) - Received pipeline action CLOSE for Pipeline[ Id: f425068e-56e5-48a7-bfb8-98b303272373, Nodes: bdd5aae1-c180-43a6-a11a-58912a33bf0b{ip: 192.168.34.37, host: pr-hdds-2110-rdjw6-11158954, networkLocation: /default-rack, certSerialId: null}97184ed6-1d8a-4db2-a901-2f2d7f2102ca{ip: 192.168.34.37, host: pr-hdds-2110-rdjw6-11158954, networkLocation: /default-rack, certSerialId: null}7550e15a-2ff9-4e5e-b05d-d9f072bd52cf{ip: 192.168.34.37, host: pr-hdds-2110-rdjw6-11158954, networkLocation: /default-rack, certSerialId: null}, Type:RATIS, Factor:THREE, State:CLOSED] from datanode 7550e15a-2ff9-4e5e-b05d-d9f072bd52cf{ip: 192.168.34.37, host: pr-hdds-2110-rdjw6-11158954, networkLocation: /default-rack, certSerialId: null}. Reason : 7550e15a-2ff9-4e5e-b05d-d9f072bd52cf has not seen follower/s bdd5aae1-c180-43a6-a11a-58912a33bf0b for 124136ms 97184ed6-1d8a-4db2-a901-2f2d7f2102ca for 124136ms
2019-09-17 09:54:47,453 [EventQueue-PipelineActionsForPipelineActionHandler] INFO  pipeline.SCMPipelineManager (SCMPipelineManager.java:finalizeAndDestroyPipeline(311)) - destroying pipeline:Pipeline[ Id: f425068e-56e5-48a7-bfb8-98b303272373, Nodes: bdd5aae1-c180-43a6-a11a-58912a33bf0b{ip: 192.168.34.37, host: pr-hdds-2110-rdjw6-11158954, networkLocation: /default-rack, certSerialId: null}97184ed6-1d8a-4db2-a901-2f2d7f2102ca{ip: 192.168.34.37, host: pr-hdds-2110-rdjw6-11158954, networkLocation: /default-rack, certSerialId: null}7550e15a-2ff9-4e5e-b05d-d9f072bd52cf{ip: 192.168.34.37, host: pr-hdds-2110-rdjw6-11158954, networkLocation: /default-rack, certSerialId: null}, Type:RATIS, Factor:THREE, State:CLOSED]
2019-09-17 09:54:47,470 [org.apache.ratis.server.impl.LogAppender$AppenderDaemon$$Lambda$490/1425097048@5d0a65b] ERROR ratis.XceiverServerRatis (XceiverServerRatis.java:triggerPipelineClose(568)) - pipeline Action CLOSE  on pipeline PipelineID=f425068e-56e5-48a7-bfb8-98b303272373.Reason : 7550e15a-2ff9-4e5e-b05d-d9f072bd52cf has not seen follower/s bdd5aae1-c180-43a6-a11a-58912a33bf0b for 124771ms 97184ed6-1d8a-4db2-a901-2f2d7f2102ca for 124771ms
2019-09-17 09:54:47,470 [org.apache.ratis.server.impl.LogAppender$AppenderDaemon$$Lambda$490/1425097048@1d38b547] ERROR ratis.XceiverServerRatis (XceiverServerRatis.java:triggerPipelineClose(568)) - pipeline Action CLOSE  on pipeline PipelineID=f425068e-56e5-48a7-bfb8-98b303272373.Reason : 7550e15a-2ff9-4e5e-b05d-d9f072bd52cf has not seen follower/s bdd5aae1-c180-43a6-a11a-58912a33bf0b for 124770ms 97184ed6-1d8a-4db2-a901-2f2d7f2102ca for 124771ms
2019-09-17 09:54:48,468 [EventQueue-PipelineActionsForPipelineActionHandler] ERROR pipeline.PipelineActionHandler (PipelineActionHandler.java:onMessage(60)) - Received pipeline action CLOSE for Pipeline[ Id: f425068e-56e5-48a7-bfb8-98b303272373, Nodes: bdd5aae1-c180-43a6-a11a-58912a33bf0b{ip: 192.168.34.37, host: pr-hdds-2110-rdjw6-11158954, networkLocation: /default-rack, certSerialId: null}97184ed6-1d8a-4db2-a901-2f2d7f2102ca{ip: 192.168.34.37, host: pr-hdds-2110-rdjw6-11158954, networkLocation: /default-rack, certSerialId: null}7550e15a-2ff9-4e5e-b05d-d9f072bd52cf{ip: 192.168.34.37, host: pr-hdds-2110-rdjw6-11158954, networkLocation: /default-rack, certSerialId: null}, Type:RATIS, Factor:THREE, State:CLOSED] from datanode 7550e15a-2ff9-4e5e-b05d-d9f072bd52cf{ip: 192.168.34.37, host: pr-hdds-2110-rdjw6-11158954, networkLocation: /default-rack, certSerialId: null}. Reason : 7550e15a-2ff9-4e5e-b05d-d9f072bd52cf has not seen follower/s bdd5aae1-c180-43a6-a11a-58912a33bf0b for 124771ms 97184ed6-1d8a-4db2-a901-2f2d7f2102ca for 124771ms
2019-09-17 09:54:48,468 [EventQueue-PipelineActionsForPipelineActionHandler] INFO  pipeline.SCMPipelineManager (SCMPipelineManager.java:finalizeAndDestroyPipeline(311)) - destroying pipeline:Pipeline[ Id: f425068e-56e5-48a7-bfb8-98b303272373, Nodes: bdd5aae1-c180-43a6-a11a-58912a33bf0b{ip: 192.168.34.37, host: pr-hdds-2110-rdjw6-11158954, networkLocation: /default-rack, certSerialId: null}97184ed6-1d8a-4db2-a901-2f2d7f2102ca{ip: 192.168.34.37, host: pr-hdds-2110-rdjw6-11158954, networkLocation: /default-rack, certSerialId: null}7550e15a-2ff9-4e5e-b05d-d9f072bd52cf{ip: 192.168.34.37, host: pr-hdds-2110-rdjw6-11158954, networkLocation: /default-rack, certSerialId: null}, Type:RATIS, Factor:THREE, State:CLOSED]
2019-09-17 09:54:49,837 [java.util.concurrent.ThreadPoolExecutor$Worker@4029c190[State = -1, empty queue]] WARN  server.GrpcLogAppender (GrpcLogAppender.java:timeoutAppendRequest(200)) - 7550e15a-2ff9-4e5e-b05d-d9f072bd52cf@group-98B303272373->97184ed6-1d8a-4db2-a901-2f2d7f2102ca-GrpcLogAppender: appendEntries Timeout, request=7550e15a-2ff9-4e5e-b05d-d9f072bd52cf->97184ed6-1d8a-4db2-a901-2f2d7f2102ca#77-t1, previous=(t:1, i:14), leaderCommit=10, initializing? false, entries: <empty>
2019-09-17 09:54:49,837 [java.util.concurrent.ThreadPoolExecutor$Worker@36903ecd[State = -1, empty queue]] WARN  server.GrpcLogAppender (GrpcLogAppender.java:timeoutAppendRequest(200)) - 7550e15a-2ff9-4e5e-b05d-d9f072bd52cf@group-98B303272373->bdd5aae1-c180-43a6-a11a-58912a33bf0b-GrpcLogAppender: appendEntries Timeout, request=7550e15a-2ff9-4e5e-b05d-d9f072bd52cf->bdd5aae1-c180-43a6-a11a-58912a33bf0b#77-t1, previous=(t:1, i:14), leaderCommit=10, initializing? false, entries: <empty>
2019-09-17 09:54:49,971 [org.apache.ratis.server.impl.LogAppender$AppenderDaemon$$Lambda$490/1425097048@5d0a65b] ERROR ratis.XceiverServerRatis (XceiverServerRatis.java:triggerPipelineClose(568)) - pipeline Action CLOSE  on pipeline PipelineID=f425068e-56e5-48a7-bfb8-98b303272373.Reason : 7550e15a-2ff9-4e5e-b05d-d9f072bd52cf has not seen follower/s bdd5aae1-c180-43a6-a11a-58912a33bf0b for 127271ms 97184ed6-1d8a-4db2-a901-2f2d7f2102ca for 127272ms
2019-09-17 09:54:49,971 [org.apache.ratis.server.impl.LogAppender$AppenderDaemon$$Lambda$490/1425097048@1d38b547] ERROR ratis.XceiverServerRatis (XceiverServerRatis.java:triggerPipelineClose(568)) - pipeline Action CLOSE  on pipeline PipelineID=f425068e-56e5-48a7-bfb8-98b303272373.Reason : 7550e15a-2ff9-4e5e-b05d-d9f072bd52cf has not seen follower/s bdd5aae1-c180-43a6-a11a-58912a33bf0b for 127271ms 97184ed6-1d8a-4db2-a901-2f2d7f2102ca for 127272ms
2019-09-17 09:54:50,469 [EventQueue-PipelineActionsForPipelineActionHandler] ERROR pipeline.PipelineActionHandler (PipelineActionHandler.java:onMessage(60)) - Received pipeline action CLOSE for Pipeline[ Id: f425068e-56e5-48a7-bfb8-98b303272373, Nodes: bdd5aae1-c180-43a6-a11a-58912a33bf0b{ip: 192.168.34.37, host: pr-hdds-2110-rdjw6-11158954, networkLocation: /default-rack, certSerialId: null}97184ed6-1d8a-4db2-a901-2f2d7f2102ca{ip: 192.168.34.37, host: pr-hdds-2110-rdjw6-11158954, networkLocation: /default-rack, certSerialId: null}7550e15a-2ff9-4e5e-b05d-d9f072bd52cf{ip: 192.168.34.37, host: pr-hdds-2110-rdjw6-11158954, networkLocation: /default-rack, certSerialId: null}, Type:RATIS, Factor:THREE, State:CLOSED] from datanode 7550e15a-2ff9-4e5e-b05d-d9f072bd52cf{ip: 192.168.34.37, host: pr-hdds-2110-rdjw6-11158954, networkLocation: /default-rack, certSerialId: null}. Reason : 7550e15a-2ff9-4e5e-b05d-d9f072bd52cf has not seen follower/s bdd5aae1-c180-43a6-a11a-58912a33bf0b for 127271ms 97184ed6-1d8a-4db2-a901-2f2d7f2102ca for 127272ms
2019-09-17 09:54:50,470 [EventQueue-PipelineActionsForPipelineActionHandler] INFO  pipeline.SCMPipelineManager (SCMPipelineManager.java:finalizeAndDestroyPipeline(311)) - destroying pipeline:Pipeline[ Id: f425068e-56e5-48a7-bfb8-98b303272373, Nodes: bdd5aae1-c180-43a6-a11a-58912a33bf0b{ip: 192.168.34.37, host: pr-hdds-2110-rdjw6-11158954, networkLocation: /default-rack, certSerialId: null}97184ed6-1d8a-4db2-a901-2f2d7f2102ca{ip: 192.168.34.37, host: pr-hdds-2110-rdjw6-11158954, networkLocation: /default-rack, certSerialId: null}7550e15a-2ff9-4e5e-b05d-d9f072bd52cf{ip: 192.168.34.37, host: pr-hdds-2110-rdjw6-11158954, networkLocation: /default-rack, certSerialId: null}, Type:RATIS, Factor:THREE, State:CLOSED]
2019-09-17 09:54:50,471 [java.util.concurrent.ThreadPoolExecutor$Worker@36903ecd[State = -1, empty queue]] WARN  server.GrpcLogAppender (GrpcLogAppender.java:timeoutAppendRequest(200)) - 7550e15a-2ff9-4e5e-b05d-d9f072bd52cf@group-98B303272373->bdd5aae1-c180-43a6-a11a-58912a33bf0b-GrpcLogAppender: appendEntries Timeout, request=7550e15a-2ff9-4e5e-b05d-d9f072bd52cf->bdd5aae1-c180-43a6-a11a-58912a33bf0b#78-t1, previous=(t:1, i:14), leaderCommit=10, initializing? false, entries: size=1, first=(t:1, i:15), STATEMACHINELOGENTRY, client-BAA5FE1253C7, cid=75
2019-09-17 09:54:50,471 [java.util.concurrent.ThreadPoolExecutor$Worker@4029c190[State = -1, empty queue]] WARN  server.GrpcLogAppender (GrpcLogAppender.java:timeoutAppendRequest(200)) - 7550e15a-2ff9-4e5e-b05d-d9f072bd52cf@group-98B303272373->97184ed6-1d8a-4db2-a901-2f2d7f2102ca-GrpcLogAppender: appendEntries Timeout, request=7550e15a-2ff9-4e5e-b05d-d9f072bd52cf->97184ed6-1d8a-4db2-a901-2f2d7f2102ca#78-t1, previous=(t:1, i:14), leaderCommit=10, initializing? false, entries: size=1, first=(t:1, i:15), STATEMACHINELOGENTRY, client-BAA5FE1253C7, cid=75
2019-09-17 09:54:50,874 [grpc-default-executor-3] INFO  client.GrpcClientProtocolClient (GrpcClientProtocolClient.java:onNext(264)) - client-7EF2EE2BC676->97184ed6-1d8a-4db2-a901-2f2d7f2102ca: receive RaftClientReply:client-7EF2EE2BC676->97184ed6-1d8a-4db2-a901-2f2d7f2102ca@group-98B303272373, cid=219, FAILED org.apache.ratis.protocol.NotLeaderException: Server 97184ed6-1d8a-4db2-a901-2f2d7f2102ca@group-98B303272373 is not the leader 7550e15a-2ff9-4e5e-b05d-d9f072bd52cf:192.168.34.37:41606, logIndex=0, commits[97184ed6-1d8a-4db2-a901-2f2d7f2102ca:c10, bdd5aae1-c180-43a6-a11a-58912a33bf0b:c9, 7550e15a-2ff9-4e5e-b05d-d9f072bd52cf:c10]
2019-09-17 09:54:52,473 [org.apache.ratis.server.impl.LogAppender$AppenderDaemon$$Lambda$490/1425097048@5d0a65b] ERROR ratis.XceiverServerRatis (XceiverServerRatis.java:triggerPipelineClose(568)) - pipeline Action CLOSE  on pipeline PipelineID=f425068e-56e5-48a7-bfb8-98b303272373.Reason : 7550e15a-2ff9-4e5e-b05d-d9f072bd52cf has not seen follower/s bdd5aae1-c180-43a6-a11a-58912a33bf0b for 129773ms 97184ed6-1d8a-4db2-a901-2f2d7f2102ca for 129774ms
2019-09-17 09:54:52,473 [org.apache.ratis.server.impl.LogAppender$AppenderDaemon$$Lambda$490/1425097048@1d38b547] ERROR ratis.XceiverServerRatis (XceiverServerRatis.java:triggerPipelineClose(568)) - pipeline Action CLOSE  on pipeline PipelineID=f425068e-56e5-48a7-bfb8-98b303272373.Reason : 7550e15a-2ff9-4e5e-b05d-d9f072bd52cf has not seen follower/s bdd5aae1-c180-43a6-a11a-58912a33bf0b for 129773ms 97184ed6-1d8a-4db2-a901-2f2d7f2102ca for 129774ms
2019-09-17 09:54:52,971 [java.util.concurrent.ThreadPoolExecutor$Worker@36903ecd[State = -1, empty queue]] WARN  server.GrpcLogAppender (GrpcLogAppender.java:timeoutAppendRequest(200)) - 7550e15a-2ff9-4e5e-b05d-d9f072bd52cf@group-98B303272373->bdd5aae1-c180-43a6-a11a-58912a33bf0b-GrpcLogAppender: appendEntries Timeout, request=7550e15a-2ff9-4e5e-b05d-d9f072bd52cf->bdd5aae1-c180-43a6-a11a-58912a33bf0b#79-t1, previous=(t:1, i:15), leaderCommit=10, initializing? false, entries: <empty>
2019-09-17 09:54:52,971 [java.util.concurrent.ThreadPoolExecutor$Worker@4029c190[State = -1, empty queue]] WARN  server.GrpcLogAppender (GrpcLogAppender.java:timeoutAppendRequest(200)) - 7550e15a-2ff9-4e5e-b05d-d9f072bd52cf@group-98B303272373->97184ed6-1d8a-4db2-a901-2f2d7f2102ca-GrpcLogAppender: appendEntries Timeout, request=7550e15a-2ff9-4e5e-b05d-d9f072bd52cf->97184ed6-1d8a-4db2-a901-2f2d7f2102ca#79-t1, previous=(t:1, i:15), leaderCommit=10, initializing? false, entries: <empty>
2019-09-17 09:54:53,469 [EventQueue-PipelineActionsForPipelineActionHandler] ERROR pipeline.PipelineActionHandler (PipelineActionHandler.java:onMessage(60)) - Received pipeline action CLOSE for Pipeline[ Id: f425068e-56e5-48a7-bfb8-98b303272373, Nodes: bdd5aae1-c180-43a6-a11a-58912a33bf0b{ip: 192.168.34.37, host: pr-hdds-2110-rdjw6-11158954, networkLocation: /default-rack, certSerialId: null}97184ed6-1d8a-4db2-a901-2f2d7f2102ca{ip: 192.168.34.37, host: pr-hdds-2110-rdjw6-11158954, networkLocation: /default-rack, certSerialId: null}7550e15a-2ff9-4e5e-b05d-d9f072bd52cf{ip: 192.168.34.37, host: pr-hdds-2110-rdjw6-11158954, networkLocation: /default-rack, certSerialId: null}, Type:RATIS, Factor:THREE, State:CLOSED] from datanode 7550e15a-2ff9-4e5e-b05d-d9f072bd52cf{ip: 192.168.34.37, host: pr-hdds-2110-rdjw6-11158954, networkLocation: /default-rack, certSerialId: null}. Reason : 7550e15a-2ff9-4e5e-b05d-d9f072bd52cf has not seen follower/s bdd5aae1-c180-43a6-a11a-58912a33bf0b for 129773ms 97184ed6-1d8a-4db2-a901-2f2d7f2102ca for 129774ms
2019-09-17 09:54:53,470 [EventQueue-PipelineActionsForPipelineActionHandler] INFO  pipeline.SCMPipelineManager (SCMPipelineManager.java:finalizeAndDestroyPipeline(311)) - destroying pipeline:Pipeline[ Id: f425068e-56e5-48a7-bfb8-98b303272373, Nodes: bdd5aae1-c180-43a6-a11a-58912a33bf0b{ip: 192.168.34.37, host: pr-hdds-2110-rdjw6-11158954, networkLocation: /default-rack, certSerialId: null}97184ed6-1d8a-4db2-a901-2f2d7f2102ca{ip: 192.168.34.37, host: pr-hdds-2110-rdjw6-11158954, networkLocation: /default-rack, certSerialId: null}7550e15a-2ff9-4e5e-b05d-d9f072bd52cf{ip: 192.168.34.37, host: pr-hdds-2110-rdjw6-11158954, networkLocation: /default-rack, certSerialId: null}, Type:RATIS, Factor:THREE, State:CLOSED]
2019-09-17 09:54:54,297 [7550e15a-2ff9-4e5e-b05d-d9f072bd52cf@group-98B303272373-SegmentedRaftLogWorker] WARN  segmented.SegmentedRaftLogWorker (SegmentedRaftLogWorker.java:getFromFuture(90)) - Timeout 12/~
org.apache.ratis.protocol.TimeoutIOException: Timeout 10s: WriteLog:11: (t:1, i:11), STATEMACHINELOGENTRY, client-7EF2EE2BC676, cid=219-writeStateMachineData
	at org.apache.ratis.util.IOUtils.getFromFuture(IOUtils.java:87)
	at org.apache.ratis.server.raftlog.segmented.SegmentedRaftLogWorker$StateMachineDataPolicy.getFromFuture(SegmentedRaftLogWorker.java:87)
	at org.apache.ratis.server.raftlog.segmented.SegmentedRaftLogWorker$WriteLog.execute(SegmentedRaftLogWorker.java:477)
	at org.apache.ratis.server.raftlog.segmented.SegmentedRaftLogWorker.run(SegmentedRaftLogWorker.java:289)
	at java.lang.Thread.run(Thread.java:748)
Caused by: java.util.concurrent.TimeoutException
	at java.util.concurrent.CompletableFuture.timedGet(CompletableFuture.java:1771)
	at java.util.concurrent.CompletableFuture.get(CompletableFuture.java:1915)
	at org.apache.ratis.util.IOUtils.getFromFuture(IOUtils.java:79)
	... 4 more
2019-09-17 09:54:54,319 [bdd5aae1-c180-43a6-a11a-58912a33bf0b@group-98B303272373-SegmentedRaftLogWorker] WARN  segmented.SegmentedRaftLogWorker (SegmentedRaftLogWorker.java:getFromFuture(90)) - Timeout 12/~
org.apache.ratis.protocol.TimeoutIOException: Timeout 10s: WriteLog:11: (t:1, i:11), STATEMACHINELOGENTRY, client-7EF2EE2BC676, cid=219-writeStateMachineData
	at org.apache.ratis.util.IOUtils.getFromFuture(IOUtils.java:87)
	at org.apache.ratis.server.raftlog.segmented.SegmentedRaftLogWorker$StateMachineDataPolicy.getFromFuture(SegmentedRaftLogWorker.java:87)
	at org.apache.ratis.server.raftlog.segmented.SegmentedRaftLogWorker$WriteLog.execute(SegmentedRaftLogWorker.java:477)
	at org.apache.ratis.server.raftlog.segmented.SegmentedRaftLogWorker.run(SegmentedRaftLogWorker.java:289)
	at java.lang.Thread.run(Thread.java:748)
Caused by: java.util.concurrent.TimeoutException
	at java.util.concurrent.CompletableFuture.timedGet(CompletableFuture.java:1771)
	at java.util.concurrent.CompletableFuture.get(CompletableFuture.java:1915)
	at org.apache.ratis.util.IOUtils.getFromFuture(IOUtils.java:79)
	... 4 more
2019-09-17 09:54:54,320 [97184ed6-1d8a-4db2-a901-2f2d7f2102ca@group-98B303272373-SegmentedRaftLogWorker] WARN  segmented.SegmentedRaftLogWorker (SegmentedRaftLogWorker.java:getFromFuture(90)) - Timeout 12/~
org.apache.ratis.protocol.TimeoutIOException: Timeout 10s: WriteLog:11: (t:1, i:11), STATEMACHINELOGENTRY, client-7EF2EE2BC676, cid=219-writeStateMachineData
	at org.apache.ratis.util.IOUtils.getFromFuture(IOUtils.java:87)
	at org.apache.ratis.server.raftlog.segmented.SegmentedRaftLogWorker$StateMachineDataPolicy.getFromFuture(SegmentedRaftLogWorker.java:87)
	at org.apache.ratis.server.raftlog.segmented.SegmentedRaftLogWorker$WriteLog.execute(SegmentedRaftLogWorker.java:477)
	at org.apache.ratis.server.raftlog.segmented.SegmentedRaftLogWorker.run(SegmentedRaftLogWorker.java:289)
	at java.lang.Thread.run(Thread.java:748)
Caused by: java.util.concurrent.TimeoutException
	at java.util.concurrent.CompletableFuture.timedGet(CompletableFuture.java:1771)
	at java.util.concurrent.CompletableFuture.get(CompletableFuture.java:1915)
	at org.apache.ratis.util.IOUtils.getFromFuture(IOUtils.java:79)
	... 4 more
2019-09-17 09:54:54,974 [org.apache.ratis.server.impl.LogAppender$AppenderDaemon$$Lambda$490/1425097048@1d38b547] ERROR ratis.XceiverServerRatis (XceiverServerRatis.java:triggerPipelineClose(568)) - pipeline Action CLOSE  on pipeline PipelineID=f425068e-56e5-48a7-bfb8-98b303272373.Reason : 7550e15a-2ff9-4e5e-b05d-d9f072bd52cf has not seen follower/s bdd5aae1-c180-43a6-a11a-58912a33bf0b for 132274ms 97184ed6-1d8a-4db2-a901-2f2d7f2102ca for 132274ms
2019-09-17 09:54:54,974 [org.apache.ratis.server.impl.LogAppender$AppenderDaemon$$Lambda$490/1425097048@5d0a65b] ERROR ratis.XceiverServerRatis (XceiverServerRatis.java:triggerPipelineClose(568)) - pipeline Action CLOSE  on pipeline PipelineID=f425068e-56e5-48a7-bfb8-98b303272373.Reason : 7550e15a-2ff9-4e5e-b05d-d9f072bd52cf has not seen follower/s bdd5aae1-c180-43a6-a11a-58912a33bf0b for 132274ms 97184ed6-1d8a-4db2-a901-2f2d7f2102ca for 132274ms
2019-09-17 09:54:55,470 [EventQueue-PipelineActionsForPipelineActionHandler] ERROR pipeline.PipelineActionHandler (PipelineActionHandler.java:onMessage(60)) - Received pipeline action CLOSE for Pipeline[ Id: f425068e-56e5-48a7-bfb8-98b303272373, Nodes: bdd5aae1-c180-43a6-a11a-58912a33bf0b{ip: 192.168.34.37, host: pr-hdds-2110-rdjw6-11158954, networkLocation: /default-rack, certSerialId: null}97184ed6-1d8a-4db2-a901-2f2d7f2102ca{ip: 192.168.34.37, host: pr-hdds-2110-rdjw6-11158954, networkLocation: /default-rack, certSerialId: null}7550e15a-2ff9-4e5e-b05d-d9f072bd52cf{ip: 192.168.34.37, host: pr-hdds-2110-rdjw6-11158954, networkLocation: /default-rack, certSerialId: null}, Type:RATIS, Factor:THREE, State:CLOSED] from datanode 7550e15a-2ff9-4e5e-b05d-d9f072bd52cf{ip: 192.168.34.37, host: pr-hdds-2110-rdjw6-11158954, networkLocation: /default-rack, certSerialId: null}. Reason : 7550e15a-2ff9-4e5e-b05d-d9f072bd52cf has not seen follower/s bdd5aae1-c180-43a6-a11a-58912a33bf0b for 132274ms 97184ed6-1d8a-4db2-a901-2f2d7f2102ca for 132274ms
2019-09-17 09:54:55,470 [EventQueue-PipelineActionsForPipelineActionHandler] INFO  pipeline.SCMPipelineManager (SCMPipelineManager.java:finalizeAndDestroyPipeline(311)) - destroying pipeline:Pipeline[ Id: f425068e-56e5-48a7-bfb8-98b303272373, Nodes: bdd5aae1-c180-43a6-a11a-58912a33bf0b{ip: 192.168.34.37, host: pr-hdds-2110-rdjw6-11158954, networkLocation: /default-rack, certSerialId: null}97184ed6-1d8a-4db2-a901-2f2d7f2102ca{ip: 192.168.34.37, host: pr-hdds-2110-rdjw6-11158954, networkLocation: /default-rack, certSerialId: null}7550e15a-2ff9-4e5e-b05d-d9f072bd52cf{ip: 192.168.34.37, host: pr-hdds-2110-rdjw6-11158954, networkLocation: /default-rack, certSerialId: null}, Type:RATIS, Factor:THREE, State:CLOSED]
2019-09-17 09:54:55,473 [java.util.concurrent.ThreadPoolExecutor$Worker@4029c190[State = -1, empty queue]] WARN  server.GrpcLogAppender (GrpcLogAppender.java:timeoutAppendRequest(200)) - 7550e15a-2ff9-4e5e-b05d-d9f072bd52cf@group-98B303272373->97184ed6-1d8a-4db2-a901-2f2d7f2102ca-GrpcLogAppender: appendEntries Timeout, request=7550e15a-2ff9-4e5e-b05d-d9f072bd52cf->97184ed6-1d8a-4db2-a901-2f2d7f2102ca#80-t1, previous=(t:1, i:15), leaderCommit=10, initializing? false, entries: <empty>
2019-09-17 09:54:55,473 [java.util.concurrent.ThreadPoolExecutor$Worker@36903ecd[State = -1, empty queue]] WARN  server.GrpcLogAppender (GrpcLogAppender.java:timeoutAppendRequest(200)) - 7550e15a-2ff9-4e5e-b05d-d9f072bd52cf@group-98B303272373->bdd5aae1-c180-43a6-a11a-58912a33bf0b-GrpcLogAppender: appendEntries Timeout, request=7550e15a-2ff9-4e5e-b05d-d9f072bd52cf->bdd5aae1-c180-43a6-a11a-58912a33bf0b#80-t1, previous=(t:1, i:15), leaderCommit=10, initializing? false, entries: <empty>
2019-09-17 09:54:55,930 [grpc-default-executor-3] INFO  client.GrpcClientProtocolClient (GrpcClientProtocolClient.java:onNext(264)) - client-7EF2EE2BC676->97184ed6-1d8a-4db2-a901-2f2d7f2102ca: receive RaftClientReply:client-7EF2EE2BC676->97184ed6-1d8a-4db2-a901-2f2d7f2102ca@group-98B303272373, cid=219, FAILED org.apache.ratis.protocol.NotLeaderException: Server 97184ed6-1d8a-4db2-a901-2f2d7f2102ca@group-98B303272373 is not the leader 7550e15a-2ff9-4e5e-b05d-d9f072bd52cf:192.168.34.37:41606, logIndex=0, commits[97184ed6-1d8a-4db2-a901-2f2d7f2102ca:c10, bdd5aae1-c180-43a6-a11a-58912a33bf0b:c9, 7550e15a-2ff9-4e5e-b05d-d9f072bd52cf:c10]
2019-09-17 09:54:57,475 [org.apache.ratis.server.impl.LogAppender$AppenderDaemon$$Lambda$490/1425097048@1d38b547] ERROR ratis.XceiverServerRatis (XceiverServerRatis.java:triggerPipelineClose(568)) - pipeline Action CLOSE  on pipeline PipelineID=f425068e-56e5-48a7-bfb8-98b303272373.Reason : 7550e15a-2ff9-4e5e-b05d-d9f072bd52cf has not seen follower/s bdd5aae1-c180-43a6-a11a-58912a33bf0b for 134775ms 97184ed6-1d8a-4db2-a901-2f2d7f2102ca for 134775ms
2019-09-17 09:54:57,475 [org.apache.ratis.server.impl.LogAppender$AppenderDaemon$$Lambda$490/1425097048@5d0a65b] ERROR ratis.XceiverServerRatis (XceiverServerRatis.java:triggerPipelineClose(568)) - pipeline Action CLOSE  on pipeline PipelineID=f425068e-56e5-48a7-bfb8-98b303272373.Reason : 7550e15a-2ff9-4e5e-b05d-d9f072bd52cf has not seen follower/s bdd5aae1-c180-43a6-a11a-58912a33bf0b for 134775ms 97184ed6-1d8a-4db2-a901-2f2d7f2102ca for 134775ms
2019-09-17 09:54:57,973 [java.util.concurrent.ThreadPoolExecutor$Worker@4029c190[State = -1, empty queue]] WARN  server.GrpcLogAppender (GrpcLogAppender.java:timeoutAppendRequest(200)) - 7550e15a-2ff9-4e5e-b05d-d9f072bd52cf@group-98B303272373->97184ed6-1d8a-4db2-a901-2f2d7f2102ca-GrpcLogAppender: appendEntries Timeout, request=7550e15a-2ff9-4e5e-b05d-d9f072bd52cf->97184ed6-1d8a-4db2-a901-2f2d7f2102ca#81-t1, previous=(t:1, i:15), leaderCommit=10, initializing? false, entries: <empty>
2019-09-17 09:54:57,974 [java.util.concurrent.ThreadPoolExecutor$Worker@36903ecd[State = -1, empty queue]] WARN  server.GrpcLogAppender (GrpcLogAppender.java:timeoutAppendRequest(200)) - 7550e15a-2ff9-4e5e-b05d-d9f072bd52cf@group-98B303272373->bdd5aae1-c180-43a6-a11a-58912a33bf0b-GrpcLogAppender: appendEntries Timeout, request=7550e15a-2ff9-4e5e-b05d-d9f072bd52cf->bdd5aae1-c180-43a6-a11a-58912a33bf0b#81-t1, previous=(t:1, i:15), leaderCommit=10, initializing? false, entries: <empty>
2019-09-17 09:54:58,470 [EventQueue-PipelineActionsForPipelineActionHandler] ERROR pipeline.PipelineActionHandler (PipelineActionHandler.java:onMessage(60)) - Received pipeline action CLOSE for Pipeline[ Id: f425068e-56e5-48a7-bfb8-98b303272373, Nodes: bdd5aae1-c180-43a6-a11a-58912a33bf0b{ip: 192.168.34.37, host: pr-hdds-2110-rdjw6-11158954, networkLocation: /default-rack, certSerialId: null}97184ed6-1d8a-4db2-a901-2f2d7f2102ca{ip: 192.168.34.37, host: pr-hdds-2110-rdjw6-11158954, networkLocation: /default-rack, certSerialId: null}7550e15a-2ff9-4e5e-b05d-d9f072bd52cf{ip: 192.168.34.37, host: pr-hdds-2110-rdjw6-11158954, networkLocation: /default-rack, certSerialId: null}, Type:RATIS, Factor:THREE, State:CLOSED] from datanode 7550e15a-2ff9-4e5e-b05d-d9f072bd52cf{ip: 192.168.34.37, host: pr-hdds-2110-rdjw6-11158954, networkLocation: /default-rack, certSerialId: null}. Reason : 7550e15a-2ff9-4e5e-b05d-d9f072bd52cf has not seen follower/s bdd5aae1-c180-43a6-a11a-58912a33bf0b for 134775ms 97184ed6-1d8a-4db2-a901-2f2d7f2102ca for 134775ms
2019-09-17 09:54:58,470 [EventQueue-PipelineActionsForPipelineActionHandler] INFO  pipeline.SCMPipelineManager (SCMPipelineManager.java:finalizeAndDestroyPipeline(311)) - destroying pipeline:Pipeline[ Id: f425068e-56e5-48a7-bfb8-98b303272373, Nodes: bdd5aae1-c180-43a6-a11a-58912a33bf0b{ip: 192.168.34.37, host: pr-hdds-2110-rdjw6-11158954, networkLocation: /default-rack, certSerialId: null}97184ed6-1d8a-4db2-a901-2f2d7f2102ca{ip: 192.168.34.37, host: pr-hdds-2110-rdjw6-11158954, networkLocation: /default-rack, certSerialId: null}7550e15a-2ff9-4e5e-b05d-d9f072bd52cf{ip: 192.168.34.37, host: pr-hdds-2110-rdjw6-11158954, networkLocation: /default-rack, certSerialId: null}, Type:RATIS, Factor:THREE, State:CLOSED]
2019-09-17 09:54:59,975 [org.apache.ratis.server.impl.LogAppender$AppenderDaemon$$Lambda$490/1425097048@5d0a65b] ERROR ratis.XceiverServerRatis (XceiverServerRatis.java:triggerPipelineClose(568)) - pipeline Action CLOSE  on pipeline PipelineID=f425068e-56e5-48a7-bfb8-98b303272373.Reason : 7550e15a-2ff9-4e5e-b05d-d9f072bd52cf has not seen follower/s bdd5aae1-c180-43a6-a11a-58912a33bf0b for 137275ms 97184ed6-1d8a-4db2-a901-2f2d7f2102ca for 137276ms
2019-09-17 09:54:59,975 [org.apache.ratis.server.impl.LogAppender$AppenderDaemon$$Lambda$490/1425097048@1d38b547] ERROR ratis.XceiverServerRatis (XceiverServerRatis.java:triggerPipelineClose(568)) - pipeline Action CLOSE  on pipeline PipelineID=f425068e-56e5-48a7-bfb8-98b303272373.Reason : 7550e15a-2ff9-4e5e-b05d-d9f072bd52cf has not seen follower/s bdd5aae1-c180-43a6-a11a-58912a33bf0b for 137275ms 97184ed6-1d8a-4db2-a901-2f2d7f2102ca for 137275ms
2019-09-17 09:55:00,470 [EventQueue-PipelineActionsForPipelineActionHandler] ERROR pipeline.PipelineActionHandler (PipelineActionHandler.java:onMessage(60)) - Received pipeline action CLOSE for Pipeline[ Id: f425068e-56e5-48a7-bfb8-98b303272373, Nodes: bdd5aae1-c180-43a6-a11a-58912a33bf0b{ip: 192.168.34.37, host: pr-hdds-2110-rdjw6-11158954, networkLocation: /default-rack, certSerialId: null}97184ed6-1d8a-4db2-a901-2f2d7f2102ca{ip: 192.168.34.37, host: pr-hdds-2110-rdjw6-11158954, networkLocation: /default-rack, certSerialId: null}7550e15a-2ff9-4e5e-b05d-d9f072bd52cf{ip: 192.168.34.37, host: pr-hdds-2110-rdjw6-11158954, networkLocation: /default-rack, certSerialId: null}, Type:RATIS, Factor:THREE, State:CLOSED] from datanode 7550e15a-2ff9-4e5e-b05d-d9f072bd52cf{ip: 192.168.34.37, host: pr-hdds-2110-rdjw6-11158954, networkLocation: /default-rack, certSerialId: null}. Reason : 7550e15a-2ff9-4e5e-b05d-d9f072bd52cf has not seen follower/s bdd5aae1-c180-43a6-a11a-58912a33bf0b for 137275ms 97184ed6-1d8a-4db2-a901-2f2d7f2102ca for 137276ms
2019-09-17 09:55:00,470 [EventQueue-PipelineActionsForPipelineActionHandler] INFO  pipeline.SCMPipelineManager (SCMPipelineManager.java:finalizeAndDestroyPipeline(311)) - destroying pipeline:Pipeline[ Id: f425068e-56e5-48a7-bfb8-98b303272373, Nodes: bdd5aae1-c180-43a6-a11a-58912a33bf0b{ip: 192.168.34.37, host: pr-hdds-2110-rdjw6-11158954, networkLocation: /default-rack, certSerialId: null}97184ed6-1d8a-4db2-a901-2f2d7f2102ca{ip: 192.168.34.37, host: pr-hdds-2110-rdjw6-11158954, networkLocation: /default-rack, certSerialId: null}7550e15a-2ff9-4e5e-b05d-d9f072bd52cf{ip: 192.168.34.37, host: pr-hdds-2110-rdjw6-11158954, networkLocation: /default-rack, certSerialId: null}, Type:RATIS, Factor:THREE, State:CLOSED]
2019-09-17 09:55:00,475 [java.util.concurrent.ThreadPoolExecutor$Worker@4029c190[State = -1, empty queue]] WARN  server.GrpcLogAppender (GrpcLogAppender.java:timeoutAppendRequest(200)) - 7550e15a-2ff9-4e5e-b05d-d9f072bd52cf@group-98B303272373->97184ed6-1d8a-4db2-a901-2f2d7f2102ca-GrpcLogAppender: appendEntries Timeout, request=7550e15a-2ff9-4e5e-b05d-d9f072bd52cf->97184ed6-1d8a-4db2-a901-2f2d7f2102ca#82-t1, previous=(t:1, i:15), leaderCommit=10, initializing? false, entries: <empty>
2019-09-17 09:55:00,475 [java.util.concurrent.ThreadPoolExecutor$Worker@36903ecd[State = -1, empty queue]] WARN  server.GrpcLogAppender (GrpcLogAppender.java:timeoutAppendRequest(200)) - 7550e15a-2ff9-4e5e-b05d-d9f072bd52cf@group-98B303272373->bdd5aae1-c180-43a6-a11a-58912a33bf0b-GrpcLogAppender: appendEntries Timeout, request=7550e15a-2ff9-4e5e-b05d-d9f072bd52cf->bdd5aae1-c180-43a6-a11a-58912a33bf0b#82-t1, previous=(t:1, i:15), leaderCommit=10, initializing? false, entries: <empty>
2019-09-17 09:55:00,980 [grpc-default-executor-8] INFO  client.GrpcClientProtocolClient (GrpcClientProtocolClient.java:onNext(264)) - client-7EF2EE2BC676->97184ed6-1d8a-4db2-a901-2f2d7f2102ca: receive RaftClientReply:client-7EF2EE2BC676->97184ed6-1d8a-4db2-a901-2f2d7f2102ca@group-98B303272373, cid=219, FAILED org.apache.ratis.protocol.NotLeaderException: Server 97184ed6-1d8a-4db2-a901-2f2d7f2102ca@group-98B303272373 is not the leader 7550e15a-2ff9-4e5e-b05d-d9f072bd52cf:192.168.34.37:41606, logIndex=0, commits[97184ed6-1d8a-4db2-a901-2f2d7f2102ca:c10, bdd5aae1-c180-43a6-a11a-58912a33bf0b:c9, 7550e15a-2ff9-4e5e-b05d-d9f072bd52cf:c10]
2019-09-17 09:55:02,476 [org.apache.ratis.server.impl.LogAppender$AppenderDaemon$$Lambda$490/1425097048@1d38b547] ERROR ratis.XceiverServerRatis (XceiverServerRatis.java:triggerPipelineClose(568)) - pipeline Action CLOSE  on pipeline PipelineID=f425068e-56e5-48a7-bfb8-98b303272373.Reason : 7550e15a-2ff9-4e5e-b05d-d9f072bd52cf has not seen follower/s bdd5aae1-c180-43a6-a11a-58912a33bf0b for 139776ms 97184ed6-1d8a-4db2-a901-2f2d7f2102ca for 139777ms
2019-09-17 09:55:02,476 [org.apache.ratis.server.impl.LogAppender$AppenderDaemon$$Lambda$490/1425097048@5d0a65b] ERROR ratis.XceiverServerRatis (XceiverServerRatis.java:triggerPipelineClose(568)) - pipeline Action CLOSE  on pipeline PipelineID=f425068e-56e5-48a7-bfb8-98b303272373.Reason : 7550e15a-2ff9-4e5e-b05d-d9f072bd52cf has not seen follower/s bdd5aae1-c180-43a6-a11a-58912a33bf0b for 139776ms 97184ed6-1d8a-4db2-a901-2f2d7f2102ca for 139777ms
2019-09-17 09:55:02,975 [java.util.concurrent.ThreadPoolExecutor$Worker@4029c190[State = -1, empty queue]] WARN  server.GrpcLogAppender (GrpcLogAppender.java:timeoutAppendRequest(200)) - 7550e15a-2ff9-4e5e-b05d-d9f072bd52cf@group-98B303272373->97184ed6-1d8a-4db2-a901-2f2d7f2102ca-GrpcLogAppender: appendEntries Timeout, request=7550e15a-2ff9-4e5e-b05d-d9f072bd52cf->97184ed6-1d8a-4db2-a901-2f2d7f2102ca#83-t1, previous=(t:1, i:15), leaderCommit=10, initializing? false, entries: <empty>
2019-09-17 09:55:02,975 [java.util.concurrent.ThreadPoolExecutor$Worker@36903ecd[State = -1, empty queue]] WARN  server.GrpcLogAppender (GrpcLogAppender.java:timeoutAppendRequest(200)) - 7550e15a-2ff9-4e5e-b05d-d9f072bd52cf@group-98B303272373->bdd5aae1-c180-43a6-a11a-58912a33bf0b-GrpcLogAppender: appendEntries Timeout, request=7550e15a-2ff9-4e5e-b05d-d9f072bd52cf->bdd5aae1-c180-43a6-a11a-58912a33bf0b#83-t1, previous=(t:1, i:15), leaderCommit=10, initializing? false, entries: <empty>
2019-09-17 09:55:03,471 [EventQueue-PipelineActionsForPipelineActionHandler] ERROR pipeline.PipelineActionHandler (PipelineActionHandler.java:onMessage(60)) - Received pipeline action CLOSE for Pipeline[ Id: f425068e-56e5-48a7-bfb8-98b303272373, Nodes: bdd5aae1-c180-43a6-a11a-58912a33bf0b{ip: 192.168.34.37, host: pr-hdds-2110-rdjw6-11158954, networkLocation: /default-rack, certSerialId: null}97184ed6-1d8a-4db2-a901-2f2d7f2102ca{ip: 192.168.34.37, host: pr-hdds-2110-rdjw6-11158954, networkLocation: /default-rack, certSerialId: null}7550e15a-2ff9-4e5e-b05d-d9f072bd52cf{ip: 192.168.34.37, host: pr-hdds-2110-rdjw6-11158954, networkLocation: /default-rack, certSerialId: null}, Type:RATIS, Factor:THREE, State:CLOSED] from datanode 7550e15a-2ff9-4e5e-b05d-d9f072bd52cf{ip: 192.168.34.37, host: pr-hdds-2110-rdjw6-11158954, networkLocation: /default-rack, certSerialId: null}. Reason : 7550e15a-2ff9-4e5e-b05d-d9f072bd52cf has not seen follower/s bdd5aae1-c180-43a6-a11a-58912a33bf0b for 139776ms 97184ed6-1d8a-4db2-a901-2f2d7f2102ca for 139777ms
2019-09-17 09:55:03,471 [EventQueue-PipelineActionsForPipelineActionHandler] INFO  pipeline.SCMPipelineManager (SCMPipelineManager.java:finalizeAndDestroyPipeline(311)) - destroying pipeline:Pipeline[ Id: f425068e-56e5-48a7-bfb8-98b303272373, Nodes: bdd5aae1-c180-43a6-a11a-58912a33bf0b{ip: 192.168.34.37, host: pr-hdds-2110-rdjw6-11158954, networkLocation: /default-rack, certSerialId: null}97184ed6-1d8a-4db2-a901-2f2d7f2102ca{ip: 192.168.34.37, host: pr-hdds-2110-rdjw6-11158954, networkLocation: /default-rack, certSerialId: null}7550e15a-2ff9-4e5e-b05d-d9f072bd52cf{ip: 192.168.34.37, host: pr-hdds-2110-rdjw6-11158954, networkLocation: /default-rack, certSerialId: null}, Type:RATIS, Factor:THREE, State:CLOSED]
2019-09-17 09:55:04,299 [7550e15a-2ff9-4e5e-b05d-d9f072bd52cf@group-98B303272373-SegmentedRaftLogWorker] WARN  segmented.SegmentedRaftLogWorker (SegmentedRaftLogWorker.java:getFromFuture(90)) - Timeout 13/~
org.apache.ratis.protocol.TimeoutIOException: Timeout 10s: WriteLog:11: (t:1, i:11), STATEMACHINELOGENTRY, client-7EF2EE2BC676, cid=219-writeStateMachineData
	at org.apache.ratis.util.IOUtils.getFromFuture(IOUtils.java:87)
	at org.apache.ratis.server.raftlog.segmented.SegmentedRaftLogWorker$StateMachineDataPolicy.getFromFuture(SegmentedRaftLogWorker.java:87)
	at org.apache.ratis.server.raftlog.segmented.SegmentedRaftLogWorker$WriteLog.execute(SegmentedRaftLogWorker.java:477)
	at org.apache.ratis.server.raftlog.segmented.SegmentedRaftLogWorker.run(SegmentedRaftLogWorker.java:289)
	at java.lang.Thread.run(Thread.java:748)
Caused by: java.util.concurrent.TimeoutException
	at java.util.concurrent.CompletableFuture.timedGet(CompletableFuture.java:1771)
	at java.util.concurrent.CompletableFuture.get(CompletableFuture.java:1915)
	at org.apache.ratis.util.IOUtils.getFromFuture(IOUtils.java:79)
	... 4 more
2019-09-17 09:55:04,320 [bdd5aae1-c180-43a6-a11a-58912a33bf0b@group-98B303272373-SegmentedRaftLogWorker] WARN  segmented.SegmentedRaftLogWorker (SegmentedRaftLogWorker.java:getFromFuture(90)) - Timeout 13/~
org.apache.ratis.protocol.TimeoutIOException: Timeout 10s: WriteLog:11: (t:1, i:11), STATEMACHINELOGENTRY, client-7EF2EE2BC676, cid=219-writeStateMachineData
	at org.apache.ratis.util.IOUtils.getFromFuture(IOUtils.java:87)
	at org.apache.ratis.server.raftlog.segmented.SegmentedRaftLogWorker$StateMachineDataPolicy.getFromFuture(SegmentedRaftLogWorker.java:87)
	at org.apache.ratis.server.raftlog.segmented.SegmentedRaftLogWorker$WriteLog.execute(SegmentedRaftLogWorker.java:477)
	at org.apache.ratis.server.raftlog.segmented.SegmentedRaftLogWorker.run(SegmentedRaftLogWorker.java:289)
	at java.lang.Thread.run(Thread.java:748)
Caused by: java.util.concurrent.TimeoutException
	at java.util.concurrent.CompletableFuture.timedGet(CompletableFuture.java:1771)
	at java.util.concurrent.CompletableFuture.get(CompletableFuture.java:1915)
	at org.apache.ratis.util.IOUtils.getFromFuture(IOUtils.java:79)
	... 4 more
2019-09-17 09:55:04,320 [97184ed6-1d8a-4db2-a901-2f2d7f2102ca@group-98B303272373-SegmentedRaftLogWorker] WARN  segmented.SegmentedRaftLogWorker (SegmentedRaftLogWorker.java:getFromFuture(90)) - Timeout 13/~
org.apache.ratis.protocol.TimeoutIOException: Timeout 10s: WriteLog:11: (t:1, i:11), STATEMACHINELOGENTRY, client-7EF2EE2BC676, cid=219-writeStateMachineData
	at org.apache.ratis.util.IOUtils.getFromFuture(IOUtils.java:87)
	at org.apache.ratis.server.raftlog.segmented.SegmentedRaftLogWorker$StateMachineDataPolicy.getFromFuture(SegmentedRaftLogWorker.java:87)
	at org.apache.ratis.server.raftlog.segmented.SegmentedRaftLogWorker$WriteLog.execute(SegmentedRaftLogWorker.java:477)
	at org.apache.ratis.server.raftlog.segmented.SegmentedRaftLogWorker.run(SegmentedRaftLogWorker.java:289)
	at java.lang.Thread.run(Thread.java:748)
Caused by: java.util.concurrent.TimeoutException
	at java.util.concurrent.CompletableFuture.timedGet(CompletableFuture.java:1771)
	at java.util.concurrent.CompletableFuture.get(CompletableFuture.java:1915)
	at org.apache.ratis.util.IOUtils.getFromFuture(IOUtils.java:79)
	... 4 more
2019-09-17 09:55:04,977 [org.apache.ratis.server.impl.LogAppender$AppenderDaemon$$Lambda$490/1425097048@5d0a65b] ERROR ratis.XceiverServerRatis (XceiverServerRatis.java:triggerPipelineClose(568)) - pipeline Action CLOSE  on pipeline PipelineID=f425068e-56e5-48a7-bfb8-98b303272373.Reason : 7550e15a-2ff9-4e5e-b05d-d9f072bd52cf has not seen follower/s bdd5aae1-c180-43a6-a11a-58912a33bf0b for 142277ms 97184ed6-1d8a-4db2-a901-2f2d7f2102ca for 142278ms
2019-09-17 09:55:04,977 [org.apache.ratis.server.impl.LogAppender$AppenderDaemon$$Lambda$490/1425097048@1d38b547] ERROR ratis.XceiverServerRatis (XceiverServerRatis.java:triggerPipelineClose(568)) - pipeline Action CLOSE  on pipeline PipelineID=f425068e-56e5-48a7-bfb8-98b303272373.Reason : 7550e15a-2ff9-4e5e-b05d-d9f072bd52cf has not seen follower/s bdd5aae1-c180-43a6-a11a-58912a33bf0b for 142277ms 97184ed6-1d8a-4db2-a901-2f2d7f2102ca for 142278ms
2019-09-17 09:55:05,471 [EventQueue-PipelineActionsForPipelineActionHandler] ERROR pipeline.PipelineActionHandler (PipelineActionHandler.java:onMessage(60)) - Received pipeline action CLOSE for Pipeline[ Id: f425068e-56e5-48a7-bfb8-98b303272373, Nodes: bdd5aae1-c180-43a6-a11a-58912a33bf0b{ip: 192.168.34.37, host: pr-hdds-2110-rdjw6-11158954, networkLocation: /default-rack, certSerialId: null}97184ed6-1d8a-4db2-a901-2f2d7f2102ca{ip: 192.168.34.37, host: pr-hdds-2110-rdjw6-11158954, networkLocation: /default-rack, certSerialId: null}7550e15a-2ff9-4e5e-b05d-d9f072bd52cf{ip: 192.168.34.37, host: pr-hdds-2110-rdjw6-11158954, networkLocation: /default-rack, certSerialId: null}, Type:RATIS, Factor:THREE, State:CLOSED] from datanode 7550e15a-2ff9-4e5e-b05d-d9f072bd52cf{ip: 192.168.34.37, host: pr-hdds-2110-rdjw6-11158954, networkLocation: /default-rack, certSerialId: null}. Reason : 7550e15a-2ff9-4e5e-b05d-d9f072bd52cf has not seen follower/s bdd5aae1-c180-43a6-a11a-58912a33bf0b for 142277ms 97184ed6-1d8a-4db2-a901-2f2d7f2102ca for 142278ms
2019-09-17 09:55:05,471 [EventQueue-PipelineActionsForPipelineActionHandler] INFO  pipeline.SCMPipelineManager (SCMPipelineManager.java:finalizeAndDestroyPipeline(311)) - destroying pipeline:Pipeline[ Id: f425068e-56e5-48a7-bfb8-98b303272373, Nodes: bdd5aae1-c180-43a6-a11a-58912a33bf0b{ip: 192.168.34.37, host: pr-hdds-2110-rdjw6-11158954, networkLocation: /default-rack, certSerialId: null}97184ed6-1d8a-4db2-a901-2f2d7f2102ca{ip: 192.168.34.37, host: pr-hdds-2110-rdjw6-11158954, networkLocation: /default-rack, certSerialId: null}7550e15a-2ff9-4e5e-b05d-d9f072bd52cf{ip: 192.168.34.37, host: pr-hdds-2110-rdjw6-11158954, networkLocation: /default-rack, certSerialId: null}, Type:RATIS, Factor:THREE, State:CLOSED]
2019-09-17 09:55:05,476 [java.util.concurrent.ThreadPoolExecutor$Worker@36903ecd[State = -1, empty queue]] WARN  server.GrpcLogAppender (GrpcLogAppender.java:timeoutAppendRequest(200)) - 7550e15a-2ff9-4e5e-b05d-d9f072bd52cf@group-98B303272373->bdd5aae1-c180-43a6-a11a-58912a33bf0b-GrpcLogAppender: appendEntries Timeout, request=7550e15a-2ff9-4e5e-b05d-d9f072bd52cf->bdd5aae1-c180-43a6-a11a-58912a33bf0b#84-t1, previous=(t:1, i:15), leaderCommit=10, initializing? false, entries: <empty>
2019-09-17 09:55:05,476 [java.util.concurrent.ThreadPoolExecutor$Worker@4029c190[State = -1, empty queue]] WARN  server.GrpcLogAppender (GrpcLogAppender.java:timeoutAppendRequest(200)) - 7550e15a-2ff9-4e5e-b05d-d9f072bd52cf@group-98B303272373->97184ed6-1d8a-4db2-a901-2f2d7f2102ca-GrpcLogAppender: appendEntries Timeout, request=7550e15a-2ff9-4e5e-b05d-d9f072bd52cf->97184ed6-1d8a-4db2-a901-2f2d7f2102ca#84-t1, previous=(t:1, i:15), leaderCommit=10, initializing? false, entries: <empty>
2019-09-17 09:55:06,029 [grpc-default-executor-8] INFO  client.GrpcClientProtocolClient (GrpcClientProtocolClient.java:onNext(264)) - client-7EF2EE2BC676->97184ed6-1d8a-4db2-a901-2f2d7f2102ca: receive RaftClientReply:client-7EF2EE2BC676->97184ed6-1d8a-4db2-a901-2f2d7f2102ca@group-98B303272373, cid=219, FAILED org.apache.ratis.protocol.NotLeaderException: Server 97184ed6-1d8a-4db2-a901-2f2d7f2102ca@group-98B303272373 is not the leader 7550e15a-2ff9-4e5e-b05d-d9f072bd52cf:192.168.34.37:41606, logIndex=0, commits[97184ed6-1d8a-4db2-a901-2f2d7f2102ca:c10, bdd5aae1-c180-43a6-a11a-58912a33bf0b:c9, 7550e15a-2ff9-4e5e-b05d-d9f072bd52cf:c10]
2019-09-17 09:55:07,478 [org.apache.ratis.server.impl.LogAppender$AppenderDaemon$$Lambda$490/1425097048@5d0a65b] ERROR ratis.XceiverServerRatis (XceiverServerRatis.java:triggerPipelineClose(568)) - pipeline Action CLOSE  on pipeline PipelineID=f425068e-56e5-48a7-bfb8-98b303272373.Reason : 7550e15a-2ff9-4e5e-b05d-d9f072bd52cf has not seen follower/s bdd5aae1-c180-43a6-a11a-58912a33bf0b for 144778ms 97184ed6-1d8a-4db2-a901-2f2d7f2102ca for 144779ms
2019-09-17 09:55:07,478 [org.apache.ratis.server.impl.LogAppender$AppenderDaemon$$Lambda$490/1425097048@1d38b547] ERROR ratis.XceiverServerRatis (XceiverServerRatis.java:triggerPipelineClose(568)) - pipeline Action CLOSE  on pipeline PipelineID=f425068e-56e5-48a7-bfb8-98b303272373.Reason : 7550e15a-2ff9-4e5e-b05d-d9f072bd52cf has not seen follower/s bdd5aae1-c180-43a6-a11a-58912a33bf0b for 144779ms 97184ed6-1d8a-4db2-a901-2f2d7f2102ca for 144779ms
2019-09-17 09:55:07,977 [java.util.concurrent.ThreadPoolExecutor$Worker@36903ecd[State = -1, empty queue]] WARN  server.GrpcLogAppender (GrpcLogAppender.java:timeoutAppendRequest(200)) - 7550e15a-2ff9-4e5e-b05d-d9f072bd52cf@group-98B303272373->bdd5aae1-c180-43a6-a11a-58912a33bf0b-GrpcLogAppender: appendEntries Timeout, request=7550e15a-2ff9-4e5e-b05d-d9f072bd52cf->bdd5aae1-c180-43a6-a11a-58912a33bf0b#85-t1, previous=(t:1, i:15), leaderCommit=10, initializing? false, entries: <empty>
2019-09-17 09:55:07,977 [java.util.concurrent.ThreadPoolExecutor$Worker@4029c190[State = -1, empty queue]] WARN  server.GrpcLogAppender (GrpcLogAppender.java:timeoutAppendRequest(200)) - 7550e15a-2ff9-4e5e-b05d-d9f072bd52cf@group-98B303272373->97184ed6-1d8a-4db2-a901-2f2d7f2102ca-GrpcLogAppender: appendEntries Timeout, request=7550e15a-2ff9-4e5e-b05d-d9f072bd52cf->97184ed6-1d8a-4db2-a901-2f2d7f2102ca#85-t1, previous=(t:1, i:15), leaderCommit=10, initializing? false, entries: <empty>
2019-09-17 09:55:08,480 [EventQueue-PipelineActionsForPipelineActionHandler] ERROR pipeline.PipelineActionHandler (PipelineActionHandler.java:onMessage(60)) - Received pipeline action CLOSE for Pipeline[ Id: f425068e-56e5-48a7-bfb8-98b303272373, Nodes: bdd5aae1-c180-43a6-a11a-58912a33bf0b{ip: 192.168.34.37, host: pr-hdds-2110-rdjw6-11158954, networkLocation: /default-rack, certSerialId: null}97184ed6-1d8a-4db2-a901-2f2d7f2102ca{ip: 192.168.34.37, host: pr-hdds-2110-rdjw6-11158954, networkLocation: /default-rack, certSerialId: null}7550e15a-2ff9-4e5e-b05d-d9f072bd52cf{ip: 192.168.34.37, host: pr-hdds-2110-rdjw6-11158954, networkLocation: /default-rack, certSerialId: null}, Type:RATIS, Factor:THREE, State:CLOSED] from datanode 7550e15a-2ff9-4e5e-b05d-d9f072bd52cf{ip: 192.168.34.37, host: pr-hdds-2110-rdjw6-11158954, networkLocation: /default-rack, certSerialId: null}. Reason : 7550e15a-2ff9-4e5e-b05d-d9f072bd52cf has not seen follower/s bdd5aae1-c180-43a6-a11a-58912a33bf0b for 144778ms 97184ed6-1d8a-4db2-a901-2f2d7f2102ca for 144779ms
2019-09-17 09:55:08,481 [EventQueue-PipelineActionsForPipelineActionHandler] INFO  pipeline.SCMPipelineManager (SCMPipelineManager.java:finalizeAndDestroyPipeline(311)) - destroying pipeline:Pipeline[ Id: f425068e-56e5-48a7-bfb8-98b303272373, Nodes: bdd5aae1-c180-43a6-a11a-58912a33bf0b{ip: 192.168.34.37, host: pr-hdds-2110-rdjw6-11158954, networkLocation: /default-rack, certSerialId: null}97184ed6-1d8a-4db2-a901-2f2d7f2102ca{ip: 192.168.34.37, host: pr-hdds-2110-rdjw6-11158954, networkLocation: /default-rack, certSerialId: null}7550e15a-2ff9-4e5e-b05d-d9f072bd52cf{ip: 192.168.34.37, host: pr-hdds-2110-rdjw6-11158954, networkLocation: /default-rack, certSerialId: null}, Type:RATIS, Factor:THREE, State:CLOSED]
2019-09-17 09:55:09,980 [org.apache.ratis.server.impl.LogAppender$AppenderDaemon$$Lambda$490/1425097048@1d38b547] ERROR ratis.XceiverServerRatis (XceiverServerRatis.java:triggerPipelineClose(568)) - pipeline Action CLOSE  on pipeline PipelineID=f425068e-56e5-48a7-bfb8-98b303272373.Reason : 7550e15a-2ff9-4e5e-b05d-d9f072bd52cf has not seen follower/s bdd5aae1-c180-43a6-a11a-58912a33bf0b for 147280ms 97184ed6-1d8a-4db2-a901-2f2d7f2102ca for 147280ms
2019-09-17 09:55:09,980 [org.apache.ratis.server.impl.LogAppender$AppenderDaemon$$Lambda$490/1425097048@5d0a65b] ERROR ratis.XceiverServerRatis (XceiverServerRatis.java:triggerPipelineClose(568)) - pipeline Action CLOSE  on pipeline PipelineID=f425068e-56e5-48a7-bfb8-98b303272373.Reason : 7550e15a-2ff9-4e5e-b05d-d9f072bd52cf has not seen follower/s bdd5aae1-c180-43a6-a11a-58912a33bf0b for 147280ms 97184ed6-1d8a-4db2-a901-2f2d7f2102ca for 147280ms
2019-09-17 09:55:10,470 [EventQueue-PipelineActionsForPipelineActionHandler] ERROR pipeline.PipelineActionHandler (PipelineActionHandler.java:onMessage(60)) - Received pipeline action CLOSE for Pipeline[ Id: f425068e-56e5-48a7-bfb8-98b303272373, Nodes: bdd5aae1-c180-43a6-a11a-58912a33bf0b{ip: 192.168.34.37, host: pr-hdds-2110-rdjw6-11158954, networkLocation: /default-rack, certSerialId: null}97184ed6-1d8a-4db2-a901-2f2d7f2102ca{ip: 192.168.34.37, host: pr-hdds-2110-rdjw6-11158954, networkLocation: /default-rack, certSerialId: null}7550e15a-2ff9-4e5e-b05d-d9f072bd52cf{ip: 192.168.34.37, host: pr-hdds-2110-rdjw6-11158954, networkLocation: /default-rack, certSerialId: null}, Type:RATIS, Factor:THREE, State:CLOSED] from datanode 7550e15a-2ff9-4e5e-b05d-d9f072bd52cf{ip: 192.168.34.37, host: pr-hdds-2110-rdjw6-11158954, networkLocation: /default-rack, certSerialId: null}. Reason : 7550e15a-2ff9-4e5e-b05d-d9f072bd52cf has not seen follower/s bdd5aae1-c180-43a6-a11a-58912a33bf0b for 147280ms 97184ed6-1d8a-4db2-a901-2f2d7f2102ca for 147280ms
2019-09-17 09:55:10,470 [EventQueue-PipelineActionsForPipelineActionHandler] INFO  pipeline.SCMPipelineManager (SCMPipelineManager.java:finalizeAndDestroyPipeline(311)) - destroying pipeline:Pipeline[ Id: f425068e-56e5-48a7-bfb8-98b303272373, Nodes: bdd5aae1-c180-43a6-a11a-58912a33bf0b{ip: 192.168.34.37, host: pr-hdds-2110-rdjw6-11158954, networkLocation: /default-rack, certSerialId: null}97184ed6-1d8a-4db2-a901-2f2d7f2102ca{ip: 192.168.34.37, host: pr-hdds-2110-rdjw6-11158954, networkLocation: /default-rack, certSerialId: null}7550e15a-2ff9-4e5e-b05d-d9f072bd52cf{ip: 192.168.34.37, host: pr-hdds-2110-rdjw6-11158954, networkLocation: /default-rack, certSerialId: null}, Type:RATIS, Factor:THREE, State:CLOSED]
2019-09-17 09:55:10,478 [java.util.concurrent.ThreadPoolExecutor$Worker@36903ecd[State = -1, empty queue]] WARN  server.GrpcLogAppender (GrpcLogAppender.java:timeoutAppendRequest(200)) - 7550e15a-2ff9-4e5e-b05d-d9f072bd52cf@group-98B303272373->bdd5aae1-c180-43a6-a11a-58912a33bf0b-GrpcLogAppender: appendEntries Timeout, request=7550e15a-2ff9-4e5e-b05d-d9f072bd52cf->bdd5aae1-c180-43a6-a11a-58912a33bf0b#86-t1, previous=(t:1, i:15), leaderCommit=10, initializing? false, entries: <empty>
2019-09-17 09:55:10,478 [java.util.concurrent.ThreadPoolExecutor$Worker@4029c190[State = -1, empty queue]] WARN  server.GrpcLogAppender (GrpcLogAppender.java:timeoutAppendRequest(200)) - 7550e15a-2ff9-4e5e-b05d-d9f072bd52cf@group-98B303272373->97184ed6-1d8a-4db2-a901-2f2d7f2102ca-GrpcLogAppender: appendEntries Timeout, request=7550e15a-2ff9-4e5e-b05d-d9f072bd52cf->97184ed6-1d8a-4db2-a901-2f2d7f2102ca#86-t1, previous=(t:1, i:15), leaderCommit=10, initializing? false, entries: <empty>
2019-09-17 09:55:11,082 [grpc-default-executor-8] INFO  client.GrpcClientProtocolClient (GrpcClientProtocolClient.java:onNext(264)) - client-7EF2EE2BC676->bdd5aae1-c180-43a6-a11a-58912a33bf0b: receive RaftClientReply:client-7EF2EE2BC676->bdd5aae1-c180-43a6-a11a-58912a33bf0b@group-98B303272373, cid=219, FAILED org.apache.ratis.protocol.NotLeaderException: Server bdd5aae1-c180-43a6-a11a-58912a33bf0b@group-98B303272373 is not the leader 7550e15a-2ff9-4e5e-b05d-d9f072bd52cf:192.168.34.37:41606, logIndex=0, commits[bdd5aae1-c180-43a6-a11a-58912a33bf0b:c10, 97184ed6-1d8a-4db2-a901-2f2d7f2102ca:c9, 7550e15a-2ff9-4e5e-b05d-d9f072bd52cf:c10]
2019-09-17 09:55:12,480 [org.apache.ratis.server.impl.LogAppender$AppenderDaemon$$Lambda$490/1425097048@5d0a65b] ERROR ratis.XceiverServerRatis (XceiverServerRatis.java:triggerPipelineClose(568)) - pipeline Action CLOSE  on pipeline PipelineID=f425068e-56e5-48a7-bfb8-98b303272373.Reason : 7550e15a-2ff9-4e5e-b05d-d9f072bd52cf has not seen follower/s bdd5aae1-c180-43a6-a11a-58912a33bf0b for 149780ms 97184ed6-1d8a-4db2-a901-2f2d7f2102ca for 149781ms
2019-09-17 09:55:12,481 [org.apache.ratis.server.impl.LogAppender$AppenderDaemon$$Lambda$490/1425097048@1d38b547] ERROR ratis.XceiverServerRatis (XceiverServerRatis.java:triggerPipelineClose(568)) - pipeline Action CLOSE  on pipeline PipelineID=f425068e-56e5-48a7-bfb8-98b303272373.Reason : 7550e15a-2ff9-4e5e-b05d-d9f072bd52cf has not seen follower/s bdd5aae1-c180-43a6-a11a-58912a33bf0b for 149781ms 97184ed6-1d8a-4db2-a901-2f2d7f2102ca for 149781ms
2019-09-17 09:55:12,979 [java.util.concurrent.ThreadPoolExecutor$Worker@36903ecd[State = -1, empty queue]] WARN  server.GrpcLogAppender (GrpcLogAppender.java:timeoutAppendRequest(200)) - 7550e15a-2ff9-4e5e-b05d-d9f072bd52cf@group-98B303272373->bdd5aae1-c180-43a6-a11a-58912a33bf0b-GrpcLogAppender: appendEntries Timeout, request=7550e15a-2ff9-4e5e-b05d-d9f072bd52cf->bdd5aae1-c180-43a6-a11a-58912a33bf0b#87-t1, previous=(t:1, i:15), leaderCommit=10, initializing? false, entries: <empty>
2019-09-17 09:55:12,979 [java.util.concurrent.ThreadPoolExecutor$Worker@4029c190[State = -1, empty queue]] WARN  server.GrpcLogAppender (GrpcLogAppender.java:timeoutAppendRequest(200)) - 7550e15a-2ff9-4e5e-b05d-d9f072bd52cf@group-98B303272373->97184ed6-1d8a-4db2-a901-2f2d7f2102ca-GrpcLogAppender: appendEntries Timeout, request=7550e15a-2ff9-4e5e-b05d-d9f072bd52cf->97184ed6-1d8a-4db2-a901-2f2d7f2102ca#87-t1, previous=(t:1, i:15), leaderCommit=10, initializing? false, entries: <empty>
2019-09-17 09:55:13,471 [EventQueue-PipelineActionsForPipelineActionHandler] ERROR pipeline.PipelineActionHandler (PipelineActionHandler.java:onMessage(60)) - Received pipeline action CLOSE for Pipeline[ Id: f425068e-56e5-48a7-bfb8-98b303272373, Nodes: bdd5aae1-c180-43a6-a11a-58912a33bf0b{ip: 192.168.34.37, host: pr-hdds-2110-rdjw6-11158954, networkLocation: /default-rack, certSerialId: null}97184ed6-1d8a-4db2-a901-2f2d7f2102ca{ip: 192.168.34.37, host: pr-hdds-2110-rdjw6-11158954, networkLocation: /default-rack, certSerialId: null}7550e15a-2ff9-4e5e-b05d-d9f072bd52cf{ip: 192.168.34.37, host: pr-hdds-2110-rdjw6-11158954, networkLocation: /default-rack, certSerialId: null}, Type:RATIS, Factor:THREE, State:CLOSED] from datanode 7550e15a-2ff9-4e5e-b05d-d9f072bd52cf{ip: 192.168.34.37, host: pr-hdds-2110-rdjw6-11158954, networkLocation: /default-rack, certSerialId: null}. Reason : 7550e15a-2ff9-4e5e-b05d-d9f072bd52cf has not seen follower/s bdd5aae1-c180-43a6-a11a-58912a33bf0b for 149780ms 97184ed6-1d8a-4db2-a901-2f2d7f2102ca for 149781ms
2019-09-17 09:55:13,471 [EventQueue-PipelineActionsForPipelineActionHandler] INFO  pipeline.SCMPipelineManager (SCMPipelineManager.java:finalizeAndDestroyPipeline(311)) - destroying pipeline:Pipeline[ Id: f425068e-56e5-48a7-bfb8-98b303272373, Nodes: bdd5aae1-c180-43a6-a11a-58912a33bf0b{ip: 192.168.34.37, host: pr-hdds-2110-rdjw6-11158954, networkLocation: /default-rack, certSerialId: null}97184ed6-1d8a-4db2-a901-2f2d7f2102ca{ip: 192.168.34.37, host: pr-hdds-2110-rdjw6-11158954, networkLocation: /default-rack, certSerialId: null}7550e15a-2ff9-4e5e-b05d-d9f072bd52cf{ip: 192.168.34.37, host: pr-hdds-2110-rdjw6-11158954, networkLocation: /default-rack, certSerialId: null}, Type:RATIS, Factor:THREE, State:CLOSED]
2019-09-17 09:55:14,300 [7550e15a-2ff9-4e5e-b05d-d9f072bd52cf@group-98B303272373-SegmentedRaftLogWorker] WARN  segmented.SegmentedRaftLogWorker (SegmentedRaftLogWorker.java:getFromFuture(90)) - Timeout 14/~
org.apache.ratis.protocol.TimeoutIOException: Timeout 10s: WriteLog:11: (t:1, i:11), STATEMACHINELOGENTRY, client-7EF2EE2BC676, cid=219-writeStateMachineData
	at org.apache.ratis.util.IOUtils.getFromFuture(IOUtils.java:87)
	at org.apache.ratis.server.raftlog.segmented.SegmentedRaftLogWorker$StateMachineDataPolicy.getFromFuture(SegmentedRaftLogWorker.java:87)
	at org.apache.ratis.server.raftlog.segmented.SegmentedRaftLogWorker$WriteLog.execute(SegmentedRaftLogWorker.java:477)
	at org.apache.ratis.server.raftlog.segmented.SegmentedRaftLogWorker.run(SegmentedRaftLogWorker.java:289)
	at java.lang.Thread.run(Thread.java:748)
Caused by: java.util.concurrent.TimeoutException
	at java.util.concurrent.CompletableFuture.timedGet(CompletableFuture.java:1771)
	at java.util.concurrent.CompletableFuture.get(CompletableFuture.java:1915)
	at org.apache.ratis.util.IOUtils.getFromFuture(IOUtils.java:79)
	... 4 more
2019-09-17 09:55:14,320 [bdd5aae1-c180-43a6-a11a-58912a33bf0b@group-98B303272373-SegmentedRaftLogWorker] WARN  segmented.SegmentedRaftLogWorker (SegmentedRaftLogWorker.java:getFromFuture(90)) - Timeout 14/~
org.apache.ratis.protocol.TimeoutIOException: Timeout 10s: WriteLog:11: (t:1, i:11), STATEMACHINELOGENTRY, client-7EF2EE2BC676, cid=219-writeStateMachineData
	at org.apache.ratis.util.IOUtils.getFromFuture(IOUtils.java:87)
	at org.apache.ratis.server.raftlog.segmented.SegmentedRaftLogWorker$StateMachineDataPolicy.getFromFuture(SegmentedRaftLogWorker.java:87)
	at org.apache.ratis.server.raftlog.segmented.SegmentedRaftLogWorker$WriteLog.execute(SegmentedRaftLogWorker.java:477)
	at org.apache.ratis.server.raftlog.segmented.SegmentedRaftLogWorker.run(SegmentedRaftLogWorker.java:289)
	at java.lang.Thread.run(Thread.java:748)
Caused by: java.util.concurrent.TimeoutException
	at java.util.concurrent.CompletableFuture.timedGet(CompletableFuture.java:1771)
	at java.util.concurrent.CompletableFuture.get(CompletableFuture.java:1915)
	at org.apache.ratis.util.IOUtils.getFromFuture(IOUtils.java:79)
	... 4 more
2019-09-17 09:55:14,321 [97184ed6-1d8a-4db2-a901-2f2d7f2102ca@group-98B303272373-SegmentedRaftLogWorker] WARN  segmented.SegmentedRaftLogWorker (SegmentedRaftLogWorker.java:getFromFuture(90)) - Timeout 14/~
org.apache.ratis.protocol.TimeoutIOException: Timeout 10s: WriteLog:11: (t:1, i:11), STATEMACHINELOGENTRY, client-7EF2EE2BC676, cid=219-writeStateMachineData
	at org.apache.ratis.util.IOUtils.getFromFuture(IOUtils.java:87)
	at org.apache.ratis.server.raftlog.segmented.SegmentedRaftLogWorker$StateMachineDataPolicy.getFromFuture(SegmentedRaftLogWorker.java:87)
	at org.apache.ratis.server.raftlog.segmented.SegmentedRaftLogWorker$WriteLog.execute(SegmentedRaftLogWorker.java:477)
	at org.apache.ratis.server.raftlog.segmented.SegmentedRaftLogWorker.run(SegmentedRaftLogWorker.java:289)
	at java.lang.Thread.run(Thread.java:748)
Caused by: java.util.concurrent.TimeoutException
	at java.util.concurrent.CompletableFuture.timedGet(CompletableFuture.java:1771)
	at java.util.concurrent.CompletableFuture.get(CompletableFuture.java:1915)
	at org.apache.ratis.util.IOUtils.getFromFuture(IOUtils.java:79)
	... 4 more
2019-09-17 09:55:14,981 [org.apache.ratis.server.impl.LogAppender$AppenderDaemon$$Lambda$490/1425097048@1d38b547] ERROR ratis.XceiverServerRatis (XceiverServerRatis.java:triggerPipelineClose(568)) - pipeline Action CLOSE  on pipeline PipelineID=f425068e-56e5-48a7-bfb8-98b303272373.Reason : 7550e15a-2ff9-4e5e-b05d-d9f072bd52cf has not seen follower/s bdd5aae1-c180-43a6-a11a-58912a33bf0b for 152282ms 97184ed6-1d8a-4db2-a901-2f2d7f2102ca for 152282ms
2019-09-17 09:55:14,981 [org.apache.ratis.server.impl.LogAppender$AppenderDaemon$$Lambda$490/1425097048@5d0a65b] ERROR ratis.XceiverServerRatis (XceiverServerRatis.java:triggerPipelineClose(568)) - pipeline Action CLOSE  on pipeline PipelineID=f425068e-56e5-48a7-bfb8-98b303272373.Reason : 7550e15a-2ff9-4e5e-b05d-d9f072bd52cf has not seen follower/s bdd5aae1-c180-43a6-a11a-58912a33bf0b for 152282ms 97184ed6-1d8a-4db2-a901-2f2d7f2102ca for 152282ms
2019-09-17 09:55:15,473 [EventQueue-PipelineActionsForPipelineActionHandler] ERROR pipeline.PipelineActionHandler (PipelineActionHandler.java:onMessage(60)) - Received pipeline action CLOSE for Pipeline[ Id: f425068e-56e5-48a7-bfb8-98b303272373, Nodes: bdd5aae1-c180-43a6-a11a-58912a33bf0b{ip: 192.168.34.37, host: pr-hdds-2110-rdjw6-11158954, networkLocation: /default-rack, certSerialId: null}97184ed6-1d8a-4db2-a901-2f2d7f2102ca{ip: 192.168.34.37, host: pr-hdds-2110-rdjw6-11158954, networkLocation: /default-rack, certSerialId: null}7550e15a-2ff9-4e5e-b05d-d9f072bd52cf{ip: 192.168.34.37, host: pr-hdds-2110-rdjw6-11158954, networkLocation: /default-rack, certSerialId: null}, Type:RATIS, Factor:THREE, State:CLOSED] from datanode 7550e15a-2ff9-4e5e-b05d-d9f072bd52cf{ip: 192.168.34.37, host: pr-hdds-2110-rdjw6-11158954, networkLocation: /default-rack, certSerialId: null}. Reason : 7550e15a-2ff9-4e5e-b05d-d9f072bd52cf has not seen follower/s bdd5aae1-c180-43a6-a11a-58912a33bf0b for 152282ms 97184ed6-1d8a-4db2-a901-2f2d7f2102ca for 152282ms
2019-09-17 09:55:15,473 [EventQueue-PipelineActionsForPipelineActionHandler] INFO  pipeline.SCMPipelineManager (SCMPipelineManager.java:finalizeAndDestroyPipeline(311)) - destroying pipeline:Pipeline[ Id: f425068e-56e5-48a7-bfb8-98b303272373, Nodes: bdd5aae1-c180-43a6-a11a-58912a33bf0b{ip: 192.168.34.37, host: pr-hdds-2110-rdjw6-11158954, networkLocation: /default-rack, certSerialId: null}97184ed6-1d8a-4db2-a901-2f2d7f2102ca{ip: 192.168.34.37, host: pr-hdds-2110-rdjw6-11158954, networkLocation: /default-rack, certSerialId: null}7550e15a-2ff9-4e5e-b05d-d9f072bd52cf{ip: 192.168.34.37, host: pr-hdds-2110-rdjw6-11158954, networkLocation: /default-rack, certSerialId: null}, Type:RATIS, Factor:THREE, State:CLOSED]
2019-09-17 09:55:15,480 [java.util.concurrent.ThreadPoolExecutor$Worker@36903ecd[State = -1, empty queue]] WARN  server.GrpcLogAppender (GrpcLogAppender.java:timeoutAppendRequest(200)) - 7550e15a-2ff9-4e5e-b05d-d9f072bd52cf@group-98B303272373->bdd5aae1-c180-43a6-a11a-58912a33bf0b-GrpcLogAppender: appendEntries Timeout, request=7550e15a-2ff9-4e5e-b05d-d9f072bd52cf->bdd5aae1-c180-43a6-a11a-58912a33bf0b#88-t1, previous=(t:1, i:15), leaderCommit=10, initializing? false, entries: <empty>
2019-09-17 09:55:15,481 [java.util.concurrent.ThreadPoolExecutor$Worker@4029c190[State = -1, empty queue]] WARN  server.GrpcLogAppender (GrpcLogAppender.java:timeoutAppendRequest(200)) - 7550e15a-2ff9-4e5e-b05d-d9f072bd52cf@group-98B303272373->97184ed6-1d8a-4db2-a901-2f2d7f2102ca-GrpcLogAppender: appendEntries Timeout, request=7550e15a-2ff9-4e5e-b05d-d9f072bd52cf->97184ed6-1d8a-4db2-a901-2f2d7f2102ca#88-t1, previous=(t:1, i:15), leaderCommit=10, initializing? false, entries: <empty>
2019-09-17 09:55:16,153 [grpc-default-executor-8] INFO  client.GrpcClientProtocolClient (GrpcClientProtocolClient.java:onNext(264)) - client-7EF2EE2BC676->97184ed6-1d8a-4db2-a901-2f2d7f2102ca: receive RaftClientReply:client-7EF2EE2BC676->97184ed6-1d8a-4db2-a901-2f2d7f2102ca@group-98B303272373, cid=219, FAILED org.apache.ratis.protocol.NotLeaderException: Server 97184ed6-1d8a-4db2-a901-2f2d7f2102ca@group-98B303272373 is not the leader 7550e15a-2ff9-4e5e-b05d-d9f072bd52cf:192.168.34.37:41606, logIndex=0, commits[97184ed6-1d8a-4db2-a901-2f2d7f2102ca:c10, bdd5aae1-c180-43a6-a11a-58912a33bf0b:c9, 7550e15a-2ff9-4e5e-b05d-d9f072bd52cf:c10]
2019-09-17 09:55:17,483 [org.apache.ratis.server.impl.LogAppender$AppenderDaemon$$Lambda$490/1425097048@5d0a65b] ERROR ratis.XceiverServerRatis (XceiverServerRatis.java:triggerPipelineClose(568)) - pipeline Action CLOSE  on pipeline PipelineID=f425068e-56e5-48a7-bfb8-98b303272373.Reason : 7550e15a-2ff9-4e5e-b05d-d9f072bd52cf has not seen follower/s bdd5aae1-c180-43a6-a11a-58912a33bf0b for 154783ms 97184ed6-1d8a-4db2-a901-2f2d7f2102ca for 154784ms
2019-09-17 09:55:17,483 [org.apache.ratis.server.impl.LogAppender$AppenderDaemon$$Lambda$490/1425097048@1d38b547] ERROR ratis.XceiverServerRatis (XceiverServerRatis.java:triggerPipelineClose(568)) - pipeline Action CLOSE  on pipeline PipelineID=f425068e-56e5-48a7-bfb8-98b303272373.Reason : 7550e15a-2ff9-4e5e-b05d-d9f072bd52cf has not seen follower/s bdd5aae1-c180-43a6-a11a-58912a33bf0b for 154783ms 97184ed6-1d8a-4db2-a901-2f2d7f2102ca for 154784ms
2019-09-17 09:55:17,982 [java.util.concurrent.ThreadPoolExecutor$Worker@36903ecd[State = -1, empty queue]] WARN  server.GrpcLogAppender (GrpcLogAppender.java:timeoutAppendRequest(200)) - 7550e15a-2ff9-4e5e-b05d-d9f072bd52cf@group-98B303272373->bdd5aae1-c180-43a6-a11a-58912a33bf0b-GrpcLogAppender: appendEntries Timeout, request=7550e15a-2ff9-4e5e-b05d-d9f072bd52cf->bdd5aae1-c180-43a6-a11a-58912a33bf0b#89-t1, previous=(t:1, i:15), leaderCommit=10, initializing? false, entries: <empty>
2019-09-17 09:55:17,982 [java.util.concurrent.ThreadPoolExecutor$Worker@4029c190[State = -1, empty queue]] WARN  server.GrpcLogAppender (GrpcLogAppender.java:timeoutAppendRequest(200)) - 7550e15a-2ff9-4e5e-b05d-d9f072bd52cf@group-98B303272373->97184ed6-1d8a-4db2-a901-2f2d7f2102ca-GrpcLogAppender: appendEntries Timeout, request=7550e15a-2ff9-4e5e-b05d-d9f072bd52cf->97184ed6-1d8a-4db2-a901-2f2d7f2102ca#89-t1, previous=(t:1, i:15), leaderCommit=10, initializing? false, entries: <empty>
2019-09-17 09:55:18,472 [EventQueue-PipelineActionsForPipelineActionHandler] ERROR pipeline.PipelineActionHandler (PipelineActionHandler.java:onMessage(60)) - Received pipeline action CLOSE for Pipeline[ Id: f425068e-56e5-48a7-bfb8-98b303272373, Nodes: bdd5aae1-c180-43a6-a11a-58912a33bf0b{ip: 192.168.34.37, host: pr-hdds-2110-rdjw6-11158954, networkLocation: /default-rack, certSerialId: null}97184ed6-1d8a-4db2-a901-2f2d7f2102ca{ip: 192.168.34.37, host: pr-hdds-2110-rdjw6-11158954, networkLocation: /default-rack, certSerialId: null}7550e15a-2ff9-4e5e-b05d-d9f072bd52cf{ip: 192.168.34.37, host: pr-hdds-2110-rdjw6-11158954, networkLocation: /default-rack, certSerialId: null}, Type:RATIS, Factor:THREE, State:CLOSED] from datanode 7550e15a-2ff9-4e5e-b05d-d9f072bd52cf{ip: 192.168.34.37, host: pr-hdds-2110-rdjw6-11158954, networkLocation: /default-rack, certSerialId: null}. Reason : 7550e15a-2ff9-4e5e-b05d-d9f072bd52cf has not seen follower/s bdd5aae1-c180-43a6-a11a-58912a33bf0b for 154783ms 97184ed6-1d8a-4db2-a901-2f2d7f2102ca for 154784ms
2019-09-17 09:55:18,473 [EventQueue-PipelineActionsForPipelineActionHandler] INFO  pipeline.SCMPipelineManager (SCMPipelineManager.java:finalizeAndDestroyPipeline(311)) - destroying pipeline:Pipeline[ Id: f425068e-56e5-48a7-bfb8-98b303272373, Nodes: bdd5aae1-c180-43a6-a11a-58912a33bf0b{ip: 192.168.34.37, host: pr-hdds-2110-rdjw6-11158954, networkLocation: /default-rack, certSerialId: null}97184ed6-1d8a-4db2-a901-2f2d7f2102ca{ip: 192.168.34.37, host: pr-hdds-2110-rdjw6-11158954, networkLocation: /default-rack, certSerialId: null}7550e15a-2ff9-4e5e-b05d-d9f072bd52cf{ip: 192.168.34.37, host: pr-hdds-2110-rdjw6-11158954, networkLocation: /default-rack, certSerialId: null}, Type:RATIS, Factor:THREE, State:CLOSED]
2019-09-17 09:55:19,984 [org.apache.ratis.server.impl.LogAppender$AppenderDaemon$$Lambda$490/1425097048@1d38b547] ERROR ratis.XceiverServerRatis (XceiverServerRatis.java:triggerPipelineClose(568)) - pipeline Action CLOSE  on pipeline PipelineID=f425068e-56e5-48a7-bfb8-98b303272373.Reason : 7550e15a-2ff9-4e5e-b05d-d9f072bd52cf has not seen follower/s bdd5aae1-c180-43a6-a11a-58912a33bf0b for 157284ms 97184ed6-1d8a-4db2-a901-2f2d7f2102ca for 157285ms
2019-09-17 09:55:19,984 [org.apache.ratis.server.impl.LogAppender$AppenderDaemon$$Lambda$490/1425097048@5d0a65b] ERROR ratis.XceiverServerRatis (XceiverServerRatis.java:triggerPipelineClose(568)) - pipeline Action CLOSE  on pipeline PipelineID=f425068e-56e5-48a7-bfb8-98b303272373.Reason : 7550e15a-2ff9-4e5e-b05d-d9f072bd52cf has not seen follower/s bdd5aae1-c180-43a6-a11a-58912a33bf0b for 157284ms 97184ed6-1d8a-4db2-a901-2f2d7f2102ca for 157285ms
2019-09-17 09:55:20,483 [java.util.concurrent.ThreadPoolExecutor$Worker@4029c190[State = -1, empty queue]] WARN  server.GrpcLogAppender (GrpcLogAppender.java:timeoutAppendRequest(200)) - 7550e15a-2ff9-4e5e-b05d-d9f072bd52cf@group-98B303272373->97184ed6-1d8a-4db2-a901-2f2d7f2102ca-GrpcLogAppender: appendEntries Timeout, request=7550e15a-2ff9-4e5e-b05d-d9f072bd52cf->97184ed6-1d8a-4db2-a901-2f2d7f2102ca#90-t1, previous=(t:1, i:15), leaderCommit=10, initializing? false, entries: <empty>
2019-09-17 09:55:20,483 [EventQueue-PipelineActionsForPipelineActionHandler] ERROR pipeline.PipelineActionHandler (PipelineActionHandler.java:onMessage(60)) - Received pipeline action CLOSE for Pipeline[ Id: f425068e-56e5-48a7-bfb8-98b303272373, Nodes: bdd5aae1-c180-43a6-a11a-58912a33bf0b{ip: 192.168.34.37, host: pr-hdds-2110-rdjw6-11158954, networkLocation: /default-rack, certSerialId: null}97184ed6-1d8a-4db2-a901-2f2d7f2102ca{ip: 192.168.34.37, host: pr-hdds-2110-rdjw6-11158954, networkLocation: /default-rack, certSerialId: null}7550e15a-2ff9-4e5e-b05d-d9f072bd52cf{ip: 192.168.34.37, host: pr-hdds-2110-rdjw6-11158954, networkLocation: /default-rack, certSerialId: null}, Type:RATIS, Factor:THREE, State:CLOSED] from datanode 7550e15a-2ff9-4e5e-b05d-d9f072bd52cf{ip: 192.168.34.37, host: pr-hdds-2110-rdjw6-11158954, networkLocation: /default-rack, certSerialId: null}. Reason : 7550e15a-2ff9-4e5e-b05d-d9f072bd52cf has not seen follower/s bdd5aae1-c180-43a6-a11a-58912a33bf0b for 157284ms 97184ed6-1d8a-4db2-a901-2f2d7f2102ca for 157285ms
2019-09-17 09:55:20,483 [java.util.concurrent.ThreadPoolExecutor$Worker@36903ecd[State = -1, empty queue]] WARN  server.GrpcLogAppender (GrpcLogAppender.java:timeoutAppendRequest(200)) - 7550e15a-2ff9-4e5e-b05d-d9f072bd52cf@group-98B303272373->bdd5aae1-c180-43a6-a11a-58912a33bf0b-GrpcLogAppender: appendEntries Timeout, request=7550e15a-2ff9-4e5e-b05d-d9f072bd52cf->bdd5aae1-c180-43a6-a11a-58912a33bf0b#90-t1, previous=(t:1, i:15), leaderCommit=10, initializing? false, entries: <empty>
2019-09-17 09:55:20,484 [EventQueue-PipelineActionsForPipelineActionHandler] INFO  pipeline.SCMPipelineManager (SCMPipelineManager.java:finalizeAndDestroyPipeline(311)) - destroying pipeline:Pipeline[ Id: f425068e-56e5-48a7-bfb8-98b303272373, Nodes: bdd5aae1-c180-43a6-a11a-58912a33bf0b{ip: 192.168.34.37, host: pr-hdds-2110-rdjw6-11158954, networkLocation: /default-rack, certSerialId: null}97184ed6-1d8a-4db2-a901-2f2d7f2102ca{ip: 192.168.34.37, host: pr-hdds-2110-rdjw6-11158954, networkLocation: /default-rack, certSerialId: null}7550e15a-2ff9-4e5e-b05d-d9f072bd52cf{ip: 192.168.34.37, host: pr-hdds-2110-rdjw6-11158954, networkLocation: /default-rack, certSerialId: null}, Type:RATIS, Factor:THREE, State:CLOSED]
2019-09-17 09:55:21,276 [grpc-default-executor-3] INFO  client.GrpcClientProtocolClient (GrpcClientProtocolClient.java:onNext(264)) - client-7EF2EE2BC676->97184ed6-1d8a-4db2-a901-2f2d7f2102ca: receive RaftClientReply:client-7EF2EE2BC676->97184ed6-1d8a-4db2-a901-2f2d7f2102ca@group-98B303272373, cid=219, FAILED org.apache.ratis.protocol.NotLeaderException: Server 97184ed6-1d8a-4db2-a901-2f2d7f2102ca@group-98B303272373 is not the leader 7550e15a-2ff9-4e5e-b05d-d9f072bd52cf:192.168.34.37:41606, logIndex=0, commits[97184ed6-1d8a-4db2-a901-2f2d7f2102ca:c10, bdd5aae1-c180-43a6-a11a-58912a33bf0b:c9, 7550e15a-2ff9-4e5e-b05d-d9f072bd52cf:c10]
2019-09-17 09:55:22,484 [org.apache.ratis.server.impl.LogAppender$AppenderDaemon$$Lambda$490/1425097048@5d0a65b] ERROR ratis.XceiverServerRatis (XceiverServerRatis.java:triggerPipelineClose(568)) - pipeline Action CLOSE  on pipeline PipelineID=f425068e-56e5-48a7-bfb8-98b303272373.Reason : 7550e15a-2ff9-4e5e-b05d-d9f072bd52cf has not seen follower/s bdd5aae1-c180-43a6-a11a-58912a33bf0b for 159784ms 97184ed6-1d8a-4db2-a901-2f2d7f2102ca for 159785ms
2019-09-17 09:55:22,485 [org.apache.ratis.server.impl.LogAppender$AppenderDaemon$$Lambda$490/1425097048@1d38b547] ERROR ratis.XceiverServerRatis (XceiverServerRatis.java:triggerPipelineClose(568)) - pipeline Action CLOSE  on pipeline PipelineID=f425068e-56e5-48a7-bfb8-98b303272373.Reason : 7550e15a-2ff9-4e5e-b05d-d9f072bd52cf has not seen follower/s bdd5aae1-c180-43a6-a11a-58912a33bf0b for 159785ms 97184ed6-1d8a-4db2-a901-2f2d7f2102ca for 159785ms
2019-09-17 09:55:22,984 [java.util.concurrent.ThreadPoolExecutor$Worker@36903ecd[State = -1, empty queue]] WARN  server.GrpcLogAppender (GrpcLogAppender.java:timeoutAppendRequest(200)) - 7550e15a-2ff9-4e5e-b05d-d9f072bd52cf@group-98B303272373->bdd5aae1-c180-43a6-a11a-58912a33bf0b-GrpcLogAppender: appendEntries Timeout, request=7550e15a-2ff9-4e5e-b05d-d9f072bd52cf->bdd5aae1-c180-43a6-a11a-58912a33bf0b#91-t1, previous=(t:1, i:15), leaderCommit=10, initializing? false, entries: <empty>
2019-09-17 09:55:22,984 [java.util.concurrent.ThreadPoolExecutor$Worker@4029c190[State = -1, empty queue]] WARN  server.GrpcLogAppender (GrpcLogAppender.java:timeoutAppendRequest(200)) - 7550e15a-2ff9-4e5e-b05d-d9f072bd52cf@group-98B303272373->97184ed6-1d8a-4db2-a901-2f2d7f2102ca-GrpcLogAppender: appendEntries Timeout, request=7550e15a-2ff9-4e5e-b05d-d9f072bd52cf->97184ed6-1d8a-4db2-a901-2f2d7f2102ca#91-t1, previous=(t:1, i:15), leaderCommit=10, initializing? false, entries: <empty>
2019-09-17 09:55:23,483 [EventQueue-PipelineActionsForPipelineActionHandler] ERROR pipeline.PipelineActionHandler (PipelineActionHandler.java:onMessage(60)) - Received pipeline action CLOSE for Pipeline[ Id: f425068e-56e5-48a7-bfb8-98b303272373, Nodes: bdd5aae1-c180-43a6-a11a-58912a33bf0b{ip: 192.168.34.37, host: pr-hdds-2110-rdjw6-11158954, networkLocation: /default-rack, certSerialId: null}97184ed6-1d8a-4db2-a901-2f2d7f2102ca{ip: 192.168.34.37, host: pr-hdds-2110-rdjw6-11158954, networkLocation: /default-rack, certSerialId: null}7550e15a-2ff9-4e5e-b05d-d9f072bd52cf{ip: 192.168.34.37, host: pr-hdds-2110-rdjw6-11158954, networkLocation: /default-rack, certSerialId: null}, Type:RATIS, Factor:THREE, State:CLOSED] from datanode 7550e15a-2ff9-4e5e-b05d-d9f072bd52cf{ip: 192.168.34.37, host: pr-hdds-2110-rdjw6-11158954, networkLocation: /default-rack, certSerialId: null}. Reason : 7550e15a-2ff9-4e5e-b05d-d9f072bd52cf has not seen follower/s bdd5aae1-c180-43a6-a11a-58912a33bf0b for 159784ms 97184ed6-1d8a-4db2-a901-2f2d7f2102ca for 159785ms
2019-09-17 09:55:23,483 [EventQueue-PipelineActionsForPipelineActionHandler] INFO  pipeline.SCMPipelineManager (SCMPipelineManager.java:finalizeAndDestroyPipeline(311)) - destroying pipeline:Pipeline[ Id: f425068e-56e5-48a7-bfb8-98b303272373, Nodes: bdd5aae1-c180-43a6-a11a-58912a33bf0b{ip: 192.168.34.37, host: pr-hdds-2110-rdjw6-11158954, networkLocation: /default-rack, certSerialId: null}97184ed6-1d8a-4db2-a901-2f2d7f2102ca{ip: 192.168.34.37, host: pr-hdds-2110-rdjw6-11158954, networkLocation: /default-rack, certSerialId: null}7550e15a-2ff9-4e5e-b05d-d9f072bd52cf{ip: 192.168.34.37, host: pr-hdds-2110-rdjw6-11158954, networkLocation: /default-rack, certSerialId: null}, Type:RATIS, Factor:THREE, State:CLOSED]
2019-09-17 09:55:24,301 [7550e15a-2ff9-4e5e-b05d-d9f072bd52cf@group-98B303272373-SegmentedRaftLogWorker] WARN  segmented.SegmentedRaftLogWorker (SegmentedRaftLogWorker.java:getFromFuture(90)) - Timeout 15/~
org.apache.ratis.protocol.TimeoutIOException: Timeout 10s: WriteLog:11: (t:1, i:11), STATEMACHINELOGENTRY, client-7EF2EE2BC676, cid=219-writeStateMachineData
	at org.apache.ratis.util.IOUtils.getFromFuture(IOUtils.java:87)
	at org.apache.ratis.server.raftlog.segmented.SegmentedRaftLogWorker$StateMachineDataPolicy.getFromFuture(SegmentedRaftLogWorker.java:87)
	at org.apache.ratis.server.raftlog.segmented.SegmentedRaftLogWorker$WriteLog.execute(SegmentedRaftLogWorker.java:477)
	at org.apache.ratis.server.raftlog.segmented.SegmentedRaftLogWorker.run(SegmentedRaftLogWorker.java:289)
	at java.lang.Thread.run(Thread.java:748)
Caused by: java.util.concurrent.TimeoutException
	at java.util.concurrent.CompletableFuture.timedGet(CompletableFuture.java:1771)
	at java.util.concurrent.CompletableFuture.get(CompletableFuture.java:1915)
	at org.apache.ratis.util.IOUtils.getFromFuture(IOUtils.java:79)
	... 4 more
2019-09-17 09:55:24,321 [bdd5aae1-c180-43a6-a11a-58912a33bf0b@group-98B303272373-SegmentedRaftLogWorker] WARN  segmented.SegmentedRaftLogWorker (SegmentedRaftLogWorker.java:getFromFuture(90)) - Timeout 15/~
org.apache.ratis.protocol.TimeoutIOException: Timeout 10s: WriteLog:11: (t:1, i:11), STATEMACHINELOGENTRY, client-7EF2EE2BC676, cid=219-writeStateMachineData
	at org.apache.ratis.util.IOUtils.getFromFuture(IOUtils.java:87)
	at org.apache.ratis.server.raftlog.segmented.SegmentedRaftLogWorker$StateMachineDataPolicy.getFromFuture(SegmentedRaftLogWorker.java:87)
	at org.apache.ratis.server.raftlog.segmented.SegmentedRaftLogWorker$WriteLog.execute(SegmentedRaftLogWorker.java:477)
	at org.apache.ratis.server.raftlog.segmented.SegmentedRaftLogWorker.run(SegmentedRaftLogWorker.java:289)
	at java.lang.Thread.run(Thread.java:748)
Caused by: java.util.concurrent.TimeoutException
	at java.util.concurrent.CompletableFuture.timedGet(CompletableFuture.java:1771)
	at java.util.concurrent.CompletableFuture.get(CompletableFuture.java:1915)
	at org.apache.ratis.util.IOUtils.getFromFuture(IOUtils.java:79)
	... 4 more
2019-09-17 09:55:24,344 [97184ed6-1d8a-4db2-a901-2f2d7f2102ca@group-98B303272373-SegmentedRaftLogWorker] WARN  segmented.SegmentedRaftLogWorker (SegmentedRaftLogWorker.java:getFromFuture(90)) - Timeout 15/~
org.apache.ratis.protocol.TimeoutIOException: Timeout 10s: WriteLog:11: (t:1, i:11), STATEMACHINELOGENTRY, client-7EF2EE2BC676, cid=219-writeStateMachineData
	at org.apache.ratis.util.IOUtils.getFromFuture(IOUtils.java:87)
	at org.apache.ratis.server.raftlog.segmented.SegmentedRaftLogWorker$StateMachineDataPolicy.getFromFuture(SegmentedRaftLogWorker.java:87)
	at org.apache.ratis.server.raftlog.segmented.SegmentedRaftLogWorker$WriteLog.execute(SegmentedRaftLogWorker.java:477)
	at org.apache.ratis.server.raftlog.segmented.SegmentedRaftLogWorker.run(SegmentedRaftLogWorker.java:289)
	at java.lang.Thread.run(Thread.java:748)
Caused by: java.util.concurrent.TimeoutException
	at java.util.concurrent.CompletableFuture.timedGet(CompletableFuture.java:1771)
	at java.util.concurrent.CompletableFuture.get(CompletableFuture.java:1915)
	at org.apache.ratis.util.IOUtils.getFromFuture(IOUtils.java:79)
	... 4 more
2019-09-17 09:55:24,986 [org.apache.ratis.server.impl.LogAppender$AppenderDaemon$$Lambda$490/1425097048@5d0a65b] ERROR ratis.XceiverServerRatis (XceiverServerRatis.java:triggerPipelineClose(568)) - pipeline Action CLOSE  on pipeline PipelineID=f425068e-56e5-48a7-bfb8-98b303272373.Reason : 7550e15a-2ff9-4e5e-b05d-d9f072bd52cf has not seen follower/s bdd5aae1-c180-43a6-a11a-58912a33bf0b for 162286ms 97184ed6-1d8a-4db2-a901-2f2d7f2102ca for 162286ms
2019-09-17 09:55:24,986 [org.apache.ratis.server.impl.LogAppender$AppenderDaemon$$Lambda$490/1425097048@1d38b547] ERROR ratis.XceiverServerRatis (XceiverServerRatis.java:triggerPipelineClose(568)) - pipeline Action CLOSE  on pipeline PipelineID=f425068e-56e5-48a7-bfb8-98b303272373.Reason : 7550e15a-2ff9-4e5e-b05d-d9f072bd52cf has not seen follower/s bdd5aae1-c180-43a6-a11a-58912a33bf0b for 162286ms 97184ed6-1d8a-4db2-a901-2f2d7f2102ca for 162286ms
2019-09-17 09:55:25,483 [EventQueue-PipelineActionsForPipelineActionHandler] ERROR pipeline.PipelineActionHandler (PipelineActionHandler.java:onMessage(60)) - Received pipeline action CLOSE for Pipeline[ Id: f425068e-56e5-48a7-bfb8-98b303272373, Nodes: bdd5aae1-c180-43a6-a11a-58912a33bf0b{ip: 192.168.34.37, host: pr-hdds-2110-rdjw6-11158954, networkLocation: /default-rack, certSerialId: null}97184ed6-1d8a-4db2-a901-2f2d7f2102ca{ip: 192.168.34.37, host: pr-hdds-2110-rdjw6-11158954, networkLocation: /default-rack, certSerialId: null}7550e15a-2ff9-4e5e-b05d-d9f072bd52cf{ip: 192.168.34.37, host: pr-hdds-2110-rdjw6-11158954, networkLocation: /default-rack, certSerialId: null}, Type:RATIS, Factor:THREE, State:CLOSED] from datanode 7550e15a-2ff9-4e5e-b05d-d9f072bd52cf{ip: 192.168.34.37, host: pr-hdds-2110-rdjw6-11158954, networkLocation: /default-rack, certSerialId: null}. Reason : 7550e15a-2ff9-4e5e-b05d-d9f072bd52cf has not seen follower/s bdd5aae1-c180-43a6-a11a-58912a33bf0b for 162286ms 97184ed6-1d8a-4db2-a901-2f2d7f2102ca for 162286ms
2019-09-17 09:55:25,483 [EventQueue-PipelineActionsForPipelineActionHandler] INFO  pipeline.SCMPipelineManager (SCMPipelineManager.java:finalizeAndDestroyPipeline(311)) - destroying pipeline:Pipeline[ Id: f425068e-56e5-48a7-bfb8-98b303272373, Nodes: bdd5aae1-c180-43a6-a11a-58912a33bf0b{ip: 192.168.34.37, host: pr-hdds-2110-rdjw6-11158954, networkLocation: /default-rack, certSerialId: null}97184ed6-1d8a-4db2-a901-2f2d7f2102ca{ip: 192.168.34.37, host: pr-hdds-2110-rdjw6-11158954, networkLocation: /default-rack, certSerialId: null}7550e15a-2ff9-4e5e-b05d-d9f072bd52cf{ip: 192.168.34.37, host: pr-hdds-2110-rdjw6-11158954, networkLocation: /default-rack, certSerialId: null}, Type:RATIS, Factor:THREE, State:CLOSED]
2019-09-17 09:55:25,484 [java.util.concurrent.ThreadPoolExecutor$Worker@36903ecd[State = -1, empty queue]] WARN  server.GrpcLogAppender (GrpcLogAppender.java:timeoutAppendRequest(200)) - 7550e15a-2ff9-4e5e-b05d-d9f072bd52cf@group-98B303272373->bdd5aae1-c180-43a6-a11a-58912a33bf0b-GrpcLogAppender: appendEntries Timeout, request=7550e15a-2ff9-4e5e-b05d-d9f072bd52cf->bdd5aae1-c180-43a6-a11a-58912a33bf0b#92-t1, previous=(t:1, i:15), leaderCommit=10, initializing? false, entries: <empty>
2019-09-17 09:55:25,485 [java.util.concurrent.ThreadPoolExecutor$Worker@4029c190[State = -1, empty queue]] WARN  server.GrpcLogAppender (GrpcLogAppender.java:timeoutAppendRequest(200)) - 7550e15a-2ff9-4e5e-b05d-d9f072bd52cf@group-98B303272373->97184ed6-1d8a-4db2-a901-2f2d7f2102ca-GrpcLogAppender: appendEntries Timeout, request=7550e15a-2ff9-4e5e-b05d-d9f072bd52cf->97184ed6-1d8a-4db2-a901-2f2d7f2102ca#92-t1, previous=(t:1, i:15), leaderCommit=10, initializing? false, entries: <empty>
2019-09-17 09:55:26,354 [grpc-default-executor-9] INFO  client.GrpcClientProtocolClient (GrpcClientProtocolClient.java:onNext(264)) - client-7EF2EE2BC676->bdd5aae1-c180-43a6-a11a-58912a33bf0b: receive RaftClientReply:client-7EF2EE2BC676->bdd5aae1-c180-43a6-a11a-58912a33bf0b@group-98B303272373, cid=219, FAILED org.apache.ratis.protocol.NotLeaderException: Server bdd5aae1-c180-43a6-a11a-58912a33bf0b@group-98B303272373 is not the leader 7550e15a-2ff9-4e5e-b05d-d9f072bd52cf:192.168.34.37:41606, logIndex=0, commits[bdd5aae1-c180-43a6-a11a-58912a33bf0b:c10, 97184ed6-1d8a-4db2-a901-2f2d7f2102ca:c9, 7550e15a-2ff9-4e5e-b05d-d9f072bd52cf:c10]
2019-09-17 09:55:27,486 [org.apache.ratis.server.impl.LogAppender$AppenderDaemon$$Lambda$490/1425097048@1d38b547] ERROR ratis.XceiverServerRatis (XceiverServerRatis.java:triggerPipelineClose(568)) - pipeline Action CLOSE  on pipeline PipelineID=f425068e-56e5-48a7-bfb8-98b303272373.Reason : 7550e15a-2ff9-4e5e-b05d-d9f072bd52cf has not seen follower/s bdd5aae1-c180-43a6-a11a-58912a33bf0b for 164786ms 97184ed6-1d8a-4db2-a901-2f2d7f2102ca for 164787ms
2019-09-17 09:55:27,486 [org.apache.ratis.server.impl.LogAppender$AppenderDaemon$$Lambda$490/1425097048@5d0a65b] ERROR ratis.XceiverServerRatis (XceiverServerRatis.java:triggerPipelineClose(568)) - pipeline Action CLOSE  on pipeline PipelineID=f425068e-56e5-48a7-bfb8-98b303272373.Reason : 7550e15a-2ff9-4e5e-b05d-d9f072bd52cf has not seen follower/s bdd5aae1-c180-43a6-a11a-58912a33bf0b for 164786ms 97184ed6-1d8a-4db2-a901-2f2d7f2102ca for 164787ms
2019-09-17 09:55:27,986 [java.util.concurrent.ThreadPoolExecutor$Worker@36903ecd[State = -1, empty queue]] WARN  server.GrpcLogAppender (GrpcLogAppender.java:timeoutAppendRequest(200)) - 7550e15a-2ff9-4e5e-b05d-d9f072bd52cf@group-98B303272373->bdd5aae1-c180-43a6-a11a-58912a33bf0b-GrpcLogAppender: appendEntries Timeout, request=7550e15a-2ff9-4e5e-b05d-d9f072bd52cf->bdd5aae1-c180-43a6-a11a-58912a33bf0b#93-t1, previous=(t:1, i:15), leaderCommit=10, initializing? false, entries: <empty>
2019-09-17 09:55:27,986 [java.util.concurrent.ThreadPoolExecutor$Worker@4029c190[State = -1, empty queue]] WARN  server.GrpcLogAppender (GrpcLogAppender.java:timeoutAppendRequest(200)) - 7550e15a-2ff9-4e5e-b05d-d9f072bd52cf@group-98B303272373->97184ed6-1d8a-4db2-a901-2f2d7f2102ca-GrpcLogAppender: appendEntries Timeout, request=7550e15a-2ff9-4e5e-b05d-d9f072bd52cf->97184ed6-1d8a-4db2-a901-2f2d7f2102ca#93-t1, previous=(t:1, i:15), leaderCommit=10, initializing? false, entries: <empty>
2019-09-17 09:55:28,483 [EventQueue-PipelineActionsForPipelineActionHandler] ERROR pipeline.PipelineActionHandler (PipelineActionHandler.java:onMessage(60)) - Received pipeline action CLOSE for Pipeline[ Id: f425068e-56e5-48a7-bfb8-98b303272373, Nodes: bdd5aae1-c180-43a6-a11a-58912a33bf0b{ip: 192.168.34.37, host: pr-hdds-2110-rdjw6-11158954, networkLocation: /default-rack, certSerialId: null}97184ed6-1d8a-4db2-a901-2f2d7f2102ca{ip: 192.168.34.37, host: pr-hdds-2110-rdjw6-11158954, networkLocation: /default-rack, certSerialId: null}7550e15a-2ff9-4e5e-b05d-d9f072bd52cf{ip: 192.168.34.37, host: pr-hdds-2110-rdjw6-11158954, networkLocation: /default-rack, certSerialId: null}, Type:RATIS, Factor:THREE, State:CLOSED] from datanode 7550e15a-2ff9-4e5e-b05d-d9f072bd52cf{ip: 192.168.34.37, host: pr-hdds-2110-rdjw6-11158954, networkLocation: /default-rack, certSerialId: null}. Reason : 7550e15a-2ff9-4e5e-b05d-d9f072bd52cf has not seen follower/s bdd5aae1-c180-43a6-a11a-58912a33bf0b for 164786ms 97184ed6-1d8a-4db2-a901-2f2d7f2102ca for 164787ms
2019-09-17 09:55:28,483 [EventQueue-PipelineActionsForPipelineActionHandler] INFO  pipeline.SCMPipelineManager (SCMPipelineManager.java:finalizeAndDestroyPipeline(311)) - destroying pipeline:Pipeline[ Id: f425068e-56e5-48a7-bfb8-98b303272373, Nodes: bdd5aae1-c180-43a6-a11a-58912a33bf0b{ip: 192.168.34.37, host: pr-hdds-2110-rdjw6-11158954, networkLocation: /default-rack, certSerialId: null}97184ed6-1d8a-4db2-a901-2f2d7f2102ca{ip: 192.168.34.37, host: pr-hdds-2110-rdjw6-11158954, networkLocation: /default-rack, certSerialId: null}7550e15a-2ff9-4e5e-b05d-d9f072bd52cf{ip: 192.168.34.37, host: pr-hdds-2110-rdjw6-11158954, networkLocation: /default-rack, certSerialId: null}, Type:RATIS, Factor:THREE, State:CLOSED]
2019-09-17 09:55:29,987 [org.apache.ratis.server.impl.LogAppender$AppenderDaemon$$Lambda$490/1425097048@1d38b547] ERROR ratis.XceiverServerRatis (XceiverServerRatis.java:triggerPipelineClose(568)) - pipeline Action CLOSE  on pipeline PipelineID=f425068e-56e5-48a7-bfb8-98b303272373.Reason : 7550e15a-2ff9-4e5e-b05d-d9f072bd52cf has not seen follower/s bdd5aae1-c180-43a6-a11a-58912a33bf0b for 167287ms 97184ed6-1d8a-4db2-a901-2f2d7f2102ca for 167287ms
2019-09-17 09:55:29,987 [org.apache.ratis.server.impl.LogAppender$AppenderDaemon$$Lambda$490/1425097048@5d0a65b] ERROR ratis.XceiverServerRatis (XceiverServerRatis.java:triggerPipelineClose(568)) - pipeline Action CLOSE  on pipeline PipelineID=f425068e-56e5-48a7-bfb8-98b303272373.Reason : 7550e15a-2ff9-4e5e-b05d-d9f072bd52cf has not seen follower/s bdd5aae1-c180-43a6-a11a-58912a33bf0b for 167287ms 97184ed6-1d8a-4db2-a901-2f2d7f2102ca for 167287ms
2019-09-17 09:55:30,482 [EventQueue-PipelineActionsForPipelineActionHandler] ERROR pipeline.PipelineActionHandler (PipelineActionHandler.java:onMessage(60)) - Received pipeline action CLOSE for Pipeline[ Id: f425068e-56e5-48a7-bfb8-98b303272373, Nodes: bdd5aae1-c180-43a6-a11a-58912a33bf0b{ip: 192.168.34.37, host: pr-hdds-2110-rdjw6-11158954, networkLocation: /default-rack, certSerialId: null}97184ed6-1d8a-4db2-a901-2f2d7f2102ca{ip: 192.168.34.37, host: pr-hdds-2110-rdjw6-11158954, networkLocation: /default-rack, certSerialId: null}7550e15a-2ff9-4e5e-b05d-d9f072bd52cf{ip: 192.168.34.37, host: pr-hdds-2110-rdjw6-11158954, networkLocation: /default-rack, certSerialId: null}, Type:RATIS, Factor:THREE, State:CLOSED] from datanode 7550e15a-2ff9-4e5e-b05d-d9f072bd52cf{ip: 192.168.34.37, host: pr-hdds-2110-rdjw6-11158954, networkLocation: /default-rack, certSerialId: null}. Reason : 7550e15a-2ff9-4e5e-b05d-d9f072bd52cf has not seen follower/s bdd5aae1-c180-43a6-a11a-58912a33bf0b for 167287ms 97184ed6-1d8a-4db2-a901-2f2d7f2102ca for 167287ms
2019-09-17 09:55:30,482 [EventQueue-PipelineActionsForPipelineActionHandler] INFO  pipeline.SCMPipelineManager (SCMPipelineManager.java:finalizeAndDestroyPipeline(311)) - destroying pipeline:Pipeline[ Id: f425068e-56e5-48a7-bfb8-98b303272373, Nodes: bdd5aae1-c180-43a6-a11a-58912a33bf0b{ip: 192.168.34.37, host: pr-hdds-2110-rdjw6-11158954, networkLocation: /default-rack, certSerialId: null}97184ed6-1d8a-4db2-a901-2f2d7f2102ca{ip: 192.168.34.37, host: pr-hdds-2110-rdjw6-11158954, networkLocation: /default-rack, certSerialId: null}7550e15a-2ff9-4e5e-b05d-d9f072bd52cf{ip: 192.168.34.37, host: pr-hdds-2110-rdjw6-11158954, networkLocation: /default-rack, certSerialId: null}, Type:RATIS, Factor:THREE, State:CLOSED]
2019-09-17 09:55:30,486 [java.util.concurrent.ThreadPoolExecutor$Worker@36903ecd[State = -1, empty queue]] WARN  server.GrpcLogAppender (GrpcLogAppender.java:timeoutAppendRequest(200)) - 7550e15a-2ff9-4e5e-b05d-d9f072bd52cf@group-98B303272373->bdd5aae1-c180-43a6-a11a-58912a33bf0b-GrpcLogAppender: appendEntries Timeout, request=7550e15a-2ff9-4e5e-b05d-d9f072bd52cf->bdd5aae1-c180-43a6-a11a-58912a33bf0b#94-t1, previous=(t:1, i:15), leaderCommit=10, initializing? false, entries: <empty>
2019-09-17 09:55:30,486 [java.util.concurrent.ThreadPoolExecutor$Worker@4029c190[State = -1, empty queue]] WARN  server.GrpcLogAppender (GrpcLogAppender.java:timeoutAppendRequest(200)) - 7550e15a-2ff9-4e5e-b05d-d9f072bd52cf@group-98B303272373->97184ed6-1d8a-4db2-a901-2f2d7f2102ca-GrpcLogAppender: appendEntries Timeout, request=7550e15a-2ff9-4e5e-b05d-d9f072bd52cf->97184ed6-1d8a-4db2-a901-2f2d7f2102ca#94-t1, previous=(t:1, i:15), leaderCommit=10, initializing? false, entries: <empty>
2019-09-17 09:55:31,402 [grpc-default-executor-9] INFO  client.GrpcClientProtocolClient (GrpcClientProtocolClient.java:onNext(264)) - client-7EF2EE2BC676->bdd5aae1-c180-43a6-a11a-58912a33bf0b: receive RaftClientReply:client-7EF2EE2BC676->bdd5aae1-c180-43a6-a11a-58912a33bf0b@group-98B303272373, cid=219, FAILED org.apache.ratis.protocol.NotLeaderException: Server bdd5aae1-c180-43a6-a11a-58912a33bf0b@group-98B303272373 is not the leader 7550e15a-2ff9-4e5e-b05d-d9f072bd52cf:192.168.34.37:41606, logIndex=0, commits[bdd5aae1-c180-43a6-a11a-58912a33bf0b:c10, 97184ed6-1d8a-4db2-a901-2f2d7f2102ca:c9, 7550e15a-2ff9-4e5e-b05d-d9f072bd52cf:c10]
2019-09-17 09:55:32,487 [org.apache.ratis.server.impl.LogAppender$AppenderDaemon$$Lambda$490/1425097048@1d38b547] ERROR ratis.XceiverServerRatis (XceiverServerRatis.java:triggerPipelineClose(568)) - pipeline Action CLOSE  on pipeline PipelineID=f425068e-56e5-48a7-bfb8-98b303272373.Reason : 7550e15a-2ff9-4e5e-b05d-d9f072bd52cf has not seen follower/s bdd5aae1-c180-43a6-a11a-58912a33bf0b for 169788ms 97184ed6-1d8a-4db2-a901-2f2d7f2102ca for 169788ms
2019-09-17 09:55:32,488 [org.apache.ratis.server.impl.LogAppender$AppenderDaemon$$Lambda$490/1425097048@5d0a65b] ERROR ratis.XceiverServerRatis (XceiverServerRatis.java:triggerPipelineClose(568)) - pipeline Action CLOSE  on pipeline PipelineID=f425068e-56e5-48a7-bfb8-98b303272373.Reason : 7550e15a-2ff9-4e5e-b05d-d9f072bd52cf has not seen follower/s bdd5aae1-c180-43a6-a11a-58912a33bf0b for 169788ms 97184ed6-1d8a-4db2-a901-2f2d7f2102ca for 169788ms
2019-09-17 09:55:32,987 [java.util.concurrent.ThreadPoolExecutor$Worker@4029c190[State = -1, empty queue]] WARN  server.GrpcLogAppender (GrpcLogAppender.java:timeoutAppendRequest(200)) - 7550e15a-2ff9-4e5e-b05d-d9f072bd52cf@group-98B303272373->97184ed6-1d8a-4db2-a901-2f2d7f2102ca-GrpcLogAppender: appendEntries Timeout, request=7550e15a-2ff9-4e5e-b05d-d9f072bd52cf->97184ed6-1d8a-4db2-a901-2f2d7f2102ca#95-t1, previous=(t:1, i:15), leaderCommit=10, initializing? false, entries: <empty>
2019-09-17 09:55:32,987 [java.util.concurrent.ThreadPoolExecutor$Worker@36903ecd[State = -1, empty queue]] WARN  server.GrpcLogAppender (GrpcLogAppender.java:timeoutAppendRequest(200)) - 7550e15a-2ff9-4e5e-b05d-d9f072bd52cf@group-98B303272373->bdd5aae1-c180-43a6-a11a-58912a33bf0b-GrpcLogAppender: appendEntries Timeout, request=7550e15a-2ff9-4e5e-b05d-d9f072bd52cf->bdd5aae1-c180-43a6-a11a-58912a33bf0b#95-t1, previous=(t:1, i:15), leaderCommit=10, initializing? false, entries: <empty>
2019-09-17 09:55:33,483 [EventQueue-PipelineActionsForPipelineActionHandler] ERROR pipeline.PipelineActionHandler (PipelineActionHandler.java:onMessage(60)) - Received pipeline action CLOSE for Pipeline[ Id: f425068e-56e5-48a7-bfb8-98b303272373, Nodes: bdd5aae1-c180-43a6-a11a-58912a33bf0b{ip: 192.168.34.37, host: pr-hdds-2110-rdjw6-11158954, networkLocation: /default-rack, certSerialId: null}97184ed6-1d8a-4db2-a901-2f2d7f2102ca{ip: 192.168.34.37, host: pr-hdds-2110-rdjw6-11158954, networkLocation: /default-rack, certSerialId: null}7550e15a-2ff9-4e5e-b05d-d9f072bd52cf{ip: 192.168.34.37, host: pr-hdds-2110-rdjw6-11158954, networkLocation: /default-rack, certSerialId: null}, Type:RATIS, Factor:THREE, State:CLOSED] from datanode 7550e15a-2ff9-4e5e-b05d-d9f072bd52cf{ip: 192.168.34.37, host: pr-hdds-2110-rdjw6-11158954, networkLocation: /default-rack, certSerialId: null}. Reason : 7550e15a-2ff9-4e5e-b05d-d9f072bd52cf has not seen follower/s bdd5aae1-c180-43a6-a11a-58912a33bf0b for 169788ms 97184ed6-1d8a-4db2-a901-2f2d7f2102ca for 169788ms
2019-09-17 09:55:33,483 [EventQueue-PipelineActionsForPipelineActionHandler] INFO  pipeline.SCMPipelineManager (SCMPipelineManager.java:finalizeAndDestroyPipeline(311)) - destroying pipeline:Pipeline[ Id: f425068e-56e5-48a7-bfb8-98b303272373, Nodes: bdd5aae1-c180-43a6-a11a-58912a33bf0b{ip: 192.168.34.37, host: pr-hdds-2110-rdjw6-11158954, networkLocation: /default-rack, certSerialId: null}97184ed6-1d8a-4db2-a901-2f2d7f2102ca{ip: 192.168.34.37, host: pr-hdds-2110-rdjw6-11158954, networkLocation: /default-rack, certSerialId: null}7550e15a-2ff9-4e5e-b05d-d9f072bd52cf{ip: 192.168.34.37, host: pr-hdds-2110-rdjw6-11158954, networkLocation: /default-rack, certSerialId: null}, Type:RATIS, Factor:THREE, State:CLOSED]
2019-09-17 09:55:34,303 [7550e15a-2ff9-4e5e-b05d-d9f072bd52cf@group-98B303272373-SegmentedRaftLogWorker] WARN  segmented.SegmentedRaftLogWorker (SegmentedRaftLogWorker.java:getFromFuture(90)) - Timeout 16/~
org.apache.ratis.protocol.TimeoutIOException: Timeout 10s: WriteLog:11: (t:1, i:11), STATEMACHINELOGENTRY, client-7EF2EE2BC676, cid=219-writeStateMachineData
	at org.apache.ratis.util.IOUtils.getFromFuture(IOUtils.java:87)
	at org.apache.ratis.server.raftlog.segmented.SegmentedRaftLogWorker$StateMachineDataPolicy.getFromFuture(SegmentedRaftLogWorker.java:87)
	at org.apache.ratis.server.raftlog.segmented.SegmentedRaftLogWorker$WriteLog.execute(SegmentedRaftLogWorker.java:477)
	at org.apache.ratis.server.raftlog.segmented.SegmentedRaftLogWorker.run(SegmentedRaftLogWorker.java:289)
	at java.lang.Thread.run(Thread.java:748)
Caused by: java.util.concurrent.TimeoutException
	at java.util.concurrent.CompletableFuture.timedGet(CompletableFuture.java:1771)
	at java.util.concurrent.CompletableFuture.get(CompletableFuture.java:1915)
	at org.apache.ratis.util.IOUtils.getFromFuture(IOUtils.java:79)
	... 4 more
2019-09-17 09:55:34,344 [bdd5aae1-c180-43a6-a11a-58912a33bf0b@group-98B303272373-SegmentedRaftLogWorker] WARN  segmented.SegmentedRaftLogWorker (SegmentedRaftLogWorker.java:getFromFuture(90)) - Timeout 16/~
org.apache.ratis.protocol.TimeoutIOException: Timeout 10s: WriteLog:11: (t:1, i:11), STATEMACHINELOGENTRY, client-7EF2EE2BC676, cid=219-writeStateMachineData
	at org.apache.ratis.util.IOUtils.getFromFuture(IOUtils.java:87)
	at org.apache.ratis.server.raftlog.segmented.SegmentedRaftLogWorker$StateMachineDataPolicy.getFromFuture(SegmentedRaftLogWorker.java:87)
	at org.apache.ratis.server.raftlog.segmented.SegmentedRaftLogWorker$WriteLog.execute(SegmentedRaftLogWorker.java:477)
	at org.apache.ratis.server.raftlog.segmented.SegmentedRaftLogWorker.run(SegmentedRaftLogWorker.java:289)
	at java.lang.Thread.run(Thread.java:748)
Caused by: java.util.concurrent.TimeoutException
	at java.util.concurrent.CompletableFuture.timedGet(CompletableFuture.java:1771)
	at java.util.concurrent.CompletableFuture.get(CompletableFuture.java:1915)
	at org.apache.ratis.util.IOUtils.getFromFuture(IOUtils.java:79)
	... 4 more
2019-09-17 09:55:34,345 [97184ed6-1d8a-4db2-a901-2f2d7f2102ca@group-98B303272373-SegmentedRaftLogWorker] WARN  segmented.SegmentedRaftLogWorker (SegmentedRaftLogWorker.java:getFromFuture(90)) - Timeout 16/~
org.apache.ratis.protocol.TimeoutIOException: Timeout 10s: WriteLog:11: (t:1, i:11), STATEMACHINELOGENTRY, client-7EF2EE2BC676, cid=219-writeStateMachineData
	at org.apache.ratis.util.IOUtils.getFromFuture(IOUtils.java:87)
	at org.apache.ratis.server.raftlog.segmented.SegmentedRaftLogWorker$StateMachineDataPolicy.getFromFuture(SegmentedRaftLogWorker.java:87)
	at org.apache.ratis.server.raftlog.segmented.SegmentedRaftLogWorker$WriteLog.execute(SegmentedRaftLogWorker.java:477)
	at org.apache.ratis.server.raftlog.segmented.SegmentedRaftLogWorker.run(SegmentedRaftLogWorker.java:289)
	at java.lang.Thread.run(Thread.java:748)
Caused by: java.util.concurrent.TimeoutException
	at java.util.concurrent.CompletableFuture.timedGet(CompletableFuture.java:1771)
	at java.util.concurrent.CompletableFuture.get(CompletableFuture.java:1915)
	at org.apache.ratis.util.IOUtils.getFromFuture(IOUtils.java:79)
	... 4 more
2019-09-17 09:55:34,989 [org.apache.ratis.server.impl.LogAppender$AppenderDaemon$$Lambda$490/1425097048@1d38b547] ERROR ratis.XceiverServerRatis (XceiverServerRatis.java:triggerPipelineClose(568)) - pipeline Action CLOSE  on pipeline PipelineID=f425068e-56e5-48a7-bfb8-98b303272373.Reason : 7550e15a-2ff9-4e5e-b05d-d9f072bd52cf has not seen follower/s bdd5aae1-c180-43a6-a11a-58912a33bf0b for 172289ms 97184ed6-1d8a-4db2-a901-2f2d7f2102ca for 172289ms
2019-09-17 09:55:34,989 [org.apache.ratis.server.impl.LogAppender$AppenderDaemon$$Lambda$490/1425097048@5d0a65b] ERROR ratis.XceiverServerRatis (XceiverServerRatis.java:triggerPipelineClose(568)) - pipeline Action CLOSE  on pipeline PipelineID=f425068e-56e5-48a7-bfb8-98b303272373.Reason : 7550e15a-2ff9-4e5e-b05d-d9f072bd52cf has not seen follower/s bdd5aae1-c180-43a6-a11a-58912a33bf0b for 172289ms 97184ed6-1d8a-4db2-a901-2f2d7f2102ca for 172289ms
2019-09-17 09:55:35,483 [EventQueue-PipelineActionsForPipelineActionHandler] ERROR pipeline.PipelineActionHandler (PipelineActionHandler.java:onMessage(60)) - Received pipeline action CLOSE for Pipeline[ Id: f425068e-56e5-48a7-bfb8-98b303272373, Nodes: bdd5aae1-c180-43a6-a11a-58912a33bf0b{ip: 192.168.34.37, host: pr-hdds-2110-rdjw6-11158954, networkLocation: /default-rack, certSerialId: null}97184ed6-1d8a-4db2-a901-2f2d7f2102ca{ip: 192.168.34.37, host: pr-hdds-2110-rdjw6-11158954, networkLocation: /default-rack, certSerialId: null}7550e15a-2ff9-4e5e-b05d-d9f072bd52cf{ip: 192.168.34.37, host: pr-hdds-2110-rdjw6-11158954, networkLocation: /default-rack, certSerialId: null}, Type:RATIS, Factor:THREE, State:CLOSED] from datanode 7550e15a-2ff9-4e5e-b05d-d9f072bd52cf{ip: 192.168.34.37, host: pr-hdds-2110-rdjw6-11158954, networkLocation: /default-rack, certSerialId: null}. Reason : 7550e15a-2ff9-4e5e-b05d-d9f072bd52cf has not seen follower/s bdd5aae1-c180-43a6-a11a-58912a33bf0b for 172289ms 97184ed6-1d8a-4db2-a901-2f2d7f2102ca for 172289ms
2019-09-17 09:55:35,484 [EventQueue-PipelineActionsForPipelineActionHandler] INFO  pipeline.SCMPipelineManager (SCMPipelineManager.java:finalizeAndDestroyPipeline(311)) - destroying pipeline:Pipeline[ Id: f425068e-56e5-48a7-bfb8-98b303272373, Nodes: bdd5aae1-c180-43a6-a11a-58912a33bf0b{ip: 192.168.34.37, host: pr-hdds-2110-rdjw6-11158954, networkLocation: /default-rack, certSerialId: null}97184ed6-1d8a-4db2-a901-2f2d7f2102ca{ip: 192.168.34.37, host: pr-hdds-2110-rdjw6-11158954, networkLocation: /default-rack, certSerialId: null}7550e15a-2ff9-4e5e-b05d-d9f072bd52cf{ip: 192.168.34.37, host: pr-hdds-2110-rdjw6-11158954, networkLocation: /default-rack, certSerialId: null}, Type:RATIS, Factor:THREE, State:CLOSED]
2019-09-17 09:55:35,487 [java.util.concurrent.ThreadPoolExecutor$Worker@4029c190[State = -1, empty queue]] WARN  server.GrpcLogAppender (GrpcLogAppender.java:timeoutAppendRequest(200)) - 7550e15a-2ff9-4e5e-b05d-d9f072bd52cf@group-98B303272373->97184ed6-1d8a-4db2-a901-2f2d7f2102ca-GrpcLogAppender: appendEntries Timeout, request=7550e15a-2ff9-4e5e-b05d-d9f072bd52cf->97184ed6-1d8a-4db2-a901-2f2d7f2102ca#96-t1, previous=(t:1, i:15), leaderCommit=10, initializing? false, entries: <empty>
2019-09-17 09:55:35,488 [java.util.concurrent.ThreadPoolExecutor$Worker@36903ecd[State = -1, empty queue]] WARN  server.GrpcLogAppender (GrpcLogAppender.java:timeoutAppendRequest(200)) - 7550e15a-2ff9-4e5e-b05d-d9f072bd52cf@group-98B303272373->bdd5aae1-c180-43a6-a11a-58912a33bf0b-GrpcLogAppender: appendEntries Timeout, request=7550e15a-2ff9-4e5e-b05d-d9f072bd52cf->bdd5aae1-c180-43a6-a11a-58912a33bf0b#96-t1, previous=(t:1, i:15), leaderCommit=10, initializing? false, entries: <empty>
2019-09-17 09:55:36,452 [grpc-default-executor-9] INFO  client.GrpcClientProtocolClient (GrpcClientProtocolClient.java:onNext(264)) - client-7EF2EE2BC676->97184ed6-1d8a-4db2-a901-2f2d7f2102ca: receive RaftClientReply:client-7EF2EE2BC676->97184ed6-1d8a-4db2-a901-2f2d7f2102ca@group-98B303272373, cid=219, FAILED org.apache.ratis.protocol.NotLeaderException: Server 97184ed6-1d8a-4db2-a901-2f2d7f2102ca@group-98B303272373 is not the leader 7550e15a-2ff9-4e5e-b05d-d9f072bd52cf:192.168.34.37:41606, logIndex=0, commits[97184ed6-1d8a-4db2-a901-2f2d7f2102ca:c10, bdd5aae1-c180-43a6-a11a-58912a33bf0b:c9, 7550e15a-2ff9-4e5e-b05d-d9f072bd52cf:c10]
2019-09-17 09:55:37,491 [org.apache.ratis.server.impl.LogAppender$AppenderDaemon$$Lambda$490/1425097048@5d0a65b] ERROR ratis.XceiverServerRatis (XceiverServerRatis.java:triggerPipelineClose(568)) - pipeline Action CLOSE  on pipeline PipelineID=f425068e-56e5-48a7-bfb8-98b303272373.Reason : 7550e15a-2ff9-4e5e-b05d-d9f072bd52cf has not seen follower/s bdd5aae1-c180-43a6-a11a-58912a33bf0b for 174791ms 97184ed6-1d8a-4db2-a901-2f2d7f2102ca for 174791ms
2019-09-17 09:55:37,491 [org.apache.ratis.server.impl.LogAppender$AppenderDaemon$$Lambda$490/1425097048@1d38b547] ERROR ratis.XceiverServerRatis (XceiverServerRatis.java:triggerPipelineClose(568)) - pipeline Action CLOSE  on pipeline PipelineID=f425068e-56e5-48a7-bfb8-98b303272373.Reason : 7550e15a-2ff9-4e5e-b05d-d9f072bd52cf has not seen follower/s bdd5aae1-c180-43a6-a11a-58912a33bf0b for 174791ms 97184ed6-1d8a-4db2-a901-2f2d7f2102ca for 174791ms
2019-09-17 09:55:37,989 [java.util.concurrent.ThreadPoolExecutor$Worker@4029c190[State = -1, empty queue]] WARN  server.GrpcLogAppender (GrpcLogAppender.java:timeoutAppendRequest(200)) - 7550e15a-2ff9-4e5e-b05d-d9f072bd52cf@group-98B303272373->97184ed6-1d8a-4db2-a901-2f2d7f2102ca-GrpcLogAppender: appendEntries Timeout, request=7550e15a-2ff9-4e5e-b05d-d9f072bd52cf->97184ed6-1d8a-4db2-a901-2f2d7f2102ca#97-t1, previous=(t:1, i:15), leaderCommit=10, initializing? false, entries: <empty>
2019-09-17 09:55:37,989 [java.util.concurrent.ThreadPoolExecutor$Worker@36903ecd[State = -1, empty queue]] WARN  server.GrpcLogAppender (GrpcLogAppender.java:timeoutAppendRequest(200)) - 7550e15a-2ff9-4e5e-b05d-d9f072bd52cf@group-98B303272373->bdd5aae1-c180-43a6-a11a-58912a33bf0b-GrpcLogAppender: appendEntries Timeout, request=7550e15a-2ff9-4e5e-b05d-d9f072bd52cf->bdd5aae1-c180-43a6-a11a-58912a33bf0b#97-t1, previous=(t:1, i:15), leaderCommit=10, initializing? false, entries: <empty>
2019-09-17 09:55:38,484 [EventQueue-PipelineActionsForPipelineActionHandler] ERROR pipeline.PipelineActionHandler (PipelineActionHandler.java:onMessage(60)) - Received pipeline action CLOSE for Pipeline[ Id: f425068e-56e5-48a7-bfb8-98b303272373, Nodes: bdd5aae1-c180-43a6-a11a-58912a33bf0b{ip: 192.168.34.37, host: pr-hdds-2110-rdjw6-11158954, networkLocation: /default-rack, certSerialId: null}97184ed6-1d8a-4db2-a901-2f2d7f2102ca{ip: 192.168.34.37, host: pr-hdds-2110-rdjw6-11158954, networkLocation: /default-rack, certSerialId: null}7550e15a-2ff9-4e5e-b05d-d9f072bd52cf{ip: 192.168.34.37, host: pr-hdds-2110-rdjw6-11158954, networkLocation: /default-rack, certSerialId: null}, Type:RATIS, Factor:THREE, State:CLOSED] from datanode 7550e15a-2ff9-4e5e-b05d-d9f072bd52cf{ip: 192.168.34.37, host: pr-hdds-2110-rdjw6-11158954, networkLocation: /default-rack, certSerialId: null}. Reason : 7550e15a-2ff9-4e5e-b05d-d9f072bd52cf has not seen follower/s bdd5aae1-c180-43a6-a11a-58912a33bf0b for 174791ms 97184ed6-1d8a-4db2-a901-2f2d7f2102ca for 174791ms
2019-09-17 09:55:38,485 [EventQueue-PipelineActionsForPipelineActionHandler] INFO  pipeline.SCMPipelineManager (SCMPipelineManager.java:finalizeAndDestroyPipeline(311)) - destroying pipeline:Pipeline[ Id: f425068e-56e5-48a7-bfb8-98b303272373, Nodes: bdd5aae1-c180-43a6-a11a-58912a33bf0b{ip: 192.168.34.37, host: pr-hdds-2110-rdjw6-11158954, networkLocation: /default-rack, certSerialId: null}97184ed6-1d8a-4db2-a901-2f2d7f2102ca{ip: 192.168.34.37, host: pr-hdds-2110-rdjw6-11158954, networkLocation: /default-rack, certSerialId: null}7550e15a-2ff9-4e5e-b05d-d9f072bd52cf{ip: 192.168.34.37, host: pr-hdds-2110-rdjw6-11158954, networkLocation: /default-rack, certSerialId: null}, Type:RATIS, Factor:THREE, State:CLOSED]
2019-09-17 09:55:39,991 [org.apache.ratis.server.impl.LogAppender$AppenderDaemon$$Lambda$490/1425097048@5d0a65b] ERROR ratis.XceiverServerRatis (XceiverServerRatis.java:triggerPipelineClose(568)) - pipeline Action CLOSE  on pipeline PipelineID=f425068e-56e5-48a7-bfb8-98b303272373.Reason : 7550e15a-2ff9-4e5e-b05d-d9f072bd52cf has not seen follower/s bdd5aae1-c180-43a6-a11a-58912a33bf0b for 177291ms 97184ed6-1d8a-4db2-a901-2f2d7f2102ca for 177291ms
2019-09-17 09:55:39,991 [org.apache.ratis.server.impl.LogAppender$AppenderDaemon$$Lambda$490/1425097048@1d38b547] ERROR ratis.XceiverServerRatis (XceiverServerRatis.java:triggerPipelineClose(568)) - pipeline Action CLOSE  on pipeline PipelineID=f425068e-56e5-48a7-bfb8-98b303272373.Reason : 7550e15a-2ff9-4e5e-b05d-d9f072bd52cf has not seen follower/s bdd5aae1-c180-43a6-a11a-58912a33bf0b for 177291ms 97184ed6-1d8a-4db2-a901-2f2d7f2102ca for 177291ms
2019-09-17 09:55:40,485 [EventQueue-PipelineActionsForPipelineActionHandler] ERROR pipeline.PipelineActionHandler (PipelineActionHandler.java:onMessage(60)) - Received pipeline action CLOSE for Pipeline[ Id: f425068e-56e5-48a7-bfb8-98b303272373, Nodes: bdd5aae1-c180-43a6-a11a-58912a33bf0b{ip: 192.168.34.37, host: pr-hdds-2110-rdjw6-11158954, networkLocation: /default-rack, certSerialId: null}97184ed6-1d8a-4db2-a901-2f2d7f2102ca{ip: 192.168.34.37, host: pr-hdds-2110-rdjw6-11158954, networkLocation: /default-rack, certSerialId: null}7550e15a-2ff9-4e5e-b05d-d9f072bd52cf{ip: 192.168.34.37, host: pr-hdds-2110-rdjw6-11158954, networkLocation: /default-rack, certSerialId: null}, Type:RATIS, Factor:THREE, State:CLOSED] from datanode 7550e15a-2ff9-4e5e-b05d-d9f072bd52cf{ip: 192.168.34.37, host: pr-hdds-2110-rdjw6-11158954, networkLocation: /default-rack, certSerialId: null}. Reason : 7550e15a-2ff9-4e5e-b05d-d9f072bd52cf has not seen follower/s bdd5aae1-c180-43a6-a11a-58912a33bf0b for 177291ms 97184ed6-1d8a-4db2-a901-2f2d7f2102ca for 177291ms
2019-09-17 09:55:40,486 [EventQueue-PipelineActionsForPipelineActionHandler] INFO  pipeline.SCMPipelineManager (SCMPipelineManager.java:finalizeAndDestroyPipeline(311)) - destroying pipeline:Pipeline[ Id: f425068e-56e5-48a7-bfb8-98b303272373, Nodes: bdd5aae1-c180-43a6-a11a-58912a33bf0b{ip: 192.168.34.37, host: pr-hdds-2110-rdjw6-11158954, networkLocation: /default-rack, certSerialId: null}97184ed6-1d8a-4db2-a901-2f2d7f2102ca{ip: 192.168.34.37, host: pr-hdds-2110-rdjw6-11158954, networkLocation: /default-rack, certSerialId: null}7550e15a-2ff9-4e5e-b05d-d9f072bd52cf{ip: 192.168.34.37, host: pr-hdds-2110-rdjw6-11158954, networkLocation: /default-rack, certSerialId: null}, Type:RATIS, Factor:THREE, State:CLOSED]
2019-09-17 09:55:40,494 [java.util.concurrent.ThreadPoolExecutor$Worker@36903ecd[State = -1, empty queue]] WARN  server.GrpcLogAppender (GrpcLogAppender.java:timeoutAppendRequest(200)) - 7550e15a-2ff9-4e5e-b05d-d9f072bd52cf@group-98B303272373->bdd5aae1-c180-43a6-a11a-58912a33bf0b-GrpcLogAppender: appendEntries Timeout, request=7550e15a-2ff9-4e5e-b05d-d9f072bd52cf->bdd5aae1-c180-43a6-a11a-58912a33bf0b#98-t1, previous=(t:1, i:15), leaderCommit=10, initializing? false, entries: <empty>
2019-09-17 09:55:40,494 [java.util.concurrent.ThreadPoolExecutor$Worker@4029c190[State = -1, empty queue]] WARN  server.GrpcLogAppender (GrpcLogAppender.java:timeoutAppendRequest(200)) - 7550e15a-2ff9-4e5e-b05d-d9f072bd52cf@group-98B303272373->97184ed6-1d8a-4db2-a901-2f2d7f2102ca-GrpcLogAppender: appendEntries Timeout, request=7550e15a-2ff9-4e5e-b05d-d9f072bd52cf->97184ed6-1d8a-4db2-a901-2f2d7f2102ca#98-t1, previous=(t:1, i:15), leaderCommit=10, initializing? false, entries: <empty>
2019-09-17 09:55:41,511 [grpc-default-executor-3] INFO  client.GrpcClientProtocolClient (GrpcClientProtocolClient.java:onNext(264)) - client-7EF2EE2BC676->97184ed6-1d8a-4db2-a901-2f2d7f2102ca: receive RaftClientReply:client-7EF2EE2BC676->97184ed6-1d8a-4db2-a901-2f2d7f2102ca@group-98B303272373, cid=219, FAILED org.apache.ratis.protocol.NotLeaderException: Server 97184ed6-1d8a-4db2-a901-2f2d7f2102ca@group-98B303272373 is not the leader 7550e15a-2ff9-4e5e-b05d-d9f072bd52cf:192.168.34.37:41606, logIndex=0, commits[97184ed6-1d8a-4db2-a901-2f2d7f2102ca:c10, bdd5aae1-c180-43a6-a11a-58912a33bf0b:c9, 7550e15a-2ff9-4e5e-b05d-d9f072bd52cf:c10]
2019-09-17 09:55:42,492 [org.apache.ratis.server.impl.LogAppender$AppenderDaemon$$Lambda$490/1425097048@1d38b547] ERROR ratis.XceiverServerRatis (XceiverServerRatis.java:triggerPipelineClose(568)) - pipeline Action CLOSE  on pipeline PipelineID=f425068e-56e5-48a7-bfb8-98b303272373.Reason : 7550e15a-2ff9-4e5e-b05d-d9f072bd52cf has not seen follower/s bdd5aae1-c180-43a6-a11a-58912a33bf0b for 179792ms 97184ed6-1d8a-4db2-a901-2f2d7f2102ca for 179792ms
2019-09-17 09:55:42,492 [org.apache.ratis.server.impl.LogAppender$AppenderDaemon$$Lambda$490/1425097048@5d0a65b] ERROR ratis.XceiverServerRatis (XceiverServerRatis.java:triggerPipelineClose(568)) - pipeline Action CLOSE  on pipeline PipelineID=f425068e-56e5-48a7-bfb8-98b303272373.Reason : 7550e15a-2ff9-4e5e-b05d-d9f072bd52cf has not seen follower/s bdd5aae1-c180-43a6-a11a-58912a33bf0b for 179792ms 97184ed6-1d8a-4db2-a901-2f2d7f2102ca for 179792ms
2019-09-17 09:55:42,991 [java.util.concurrent.ThreadPoolExecutor$Worker@36903ecd[State = -1, empty queue]] WARN  server.GrpcLogAppender (GrpcLogAppender.java:timeoutAppendRequest(200)) - 7550e15a-2ff9-4e5e-b05d-d9f072bd52cf@group-98B303272373->bdd5aae1-c180-43a6-a11a-58912a33bf0b-GrpcLogAppender: appendEntries Timeout, request=7550e15a-2ff9-4e5e-b05d-d9f072bd52cf->bdd5aae1-c180-43a6-a11a-58912a33bf0b#99-t1, previous=(t:1, i:15), leaderCommit=10, initializing? false, entries: <empty>
2019-09-17 09:55:42,991 [java.util.concurrent.ThreadPoolExecutor$Worker@4029c190[State = -1, empty queue]] WARN  server.GrpcLogAppender (GrpcLogAppender.java:timeoutAppendRequest(200)) - 7550e15a-2ff9-4e5e-b05d-d9f072bd52cf@group-98B303272373->97184ed6-1d8a-4db2-a901-2f2d7f2102ca-GrpcLogAppender: appendEntries Timeout, request=7550e15a-2ff9-4e5e-b05d-d9f072bd52cf->97184ed6-1d8a-4db2-a901-2f2d7f2102ca#99-t1, previous=(t:1, i:15), leaderCommit=10, initializing? false, entries: <empty>
2019-09-17 09:55:43,485 [EventQueue-PipelineActionsForPipelineActionHandler] ERROR pipeline.PipelineActionHandler (PipelineActionHandler.java:onMessage(60)) - Received pipeline action CLOSE for Pipeline[ Id: f425068e-56e5-48a7-bfb8-98b303272373, Nodes: bdd5aae1-c180-43a6-a11a-58912a33bf0b{ip: 192.168.34.37, host: pr-hdds-2110-rdjw6-11158954, networkLocation: /default-rack, certSerialId: null}97184ed6-1d8a-4db2-a901-2f2d7f2102ca{ip: 192.168.34.37, host: pr-hdds-2110-rdjw6-11158954, networkLocation: /default-rack, certSerialId: null}7550e15a-2ff9-4e5e-b05d-d9f072bd52cf{ip: 192.168.34.37, host: pr-hdds-2110-rdjw6-11158954, networkLocation: /default-rack, certSerialId: null}, Type:RATIS, Factor:THREE, State:CLOSED] from datanode 7550e15a-2ff9-4e5e-b05d-d9f072bd52cf{ip: 192.168.34.37, host: pr-hdds-2110-rdjw6-11158954, networkLocation: /default-rack, certSerialId: null}. Reason : 7550e15a-2ff9-4e5e-b05d-d9f072bd52cf has not seen follower/s bdd5aae1-c180-43a6-a11a-58912a33bf0b for 179792ms 97184ed6-1d8a-4db2-a901-2f2d7f2102ca for 179792ms
2019-09-17 09:55:43,485 [EventQueue-PipelineActionsForPipelineActionHandler] INFO  pipeline.SCMPipelineManager (SCMPipelineManager.java:finalizeAndDestroyPipeline(311)) - destroying pipeline:Pipeline[ Id: f425068e-56e5-48a7-bfb8-98b303272373, Nodes: bdd5aae1-c180-43a6-a11a-58912a33bf0b{ip: 192.168.34.37, host: pr-hdds-2110-rdjw6-11158954, networkLocation: /default-rack, certSerialId: null}97184ed6-1d8a-4db2-a901-2f2d7f2102ca{ip: 192.168.34.37, host: pr-hdds-2110-rdjw6-11158954, networkLocation: /default-rack, certSerialId: null}7550e15a-2ff9-4e5e-b05d-d9f072bd52cf{ip: 192.168.34.37, host: pr-hdds-2110-rdjw6-11158954, networkLocation: /default-rack, certSerialId: null}, Type:RATIS, Factor:THREE, State:CLOSED]
2019-09-17 09:55:44,304 [7550e15a-2ff9-4e5e-b05d-d9f072bd52cf@group-98B303272373-SegmentedRaftLogWorker] WARN  segmented.SegmentedRaftLogWorker (SegmentedRaftLogWorker.java:getFromFuture(90)) - Timeout 17/~
org.apache.ratis.protocol.TimeoutIOException: Timeout 10s: WriteLog:11: (t:1, i:11), STATEMACHINELOGENTRY, client-7EF2EE2BC676, cid=219-writeStateMachineData
	at org.apache.ratis.util.IOUtils.getFromFuture(IOUtils.java:87)
	at org.apache.ratis.server.raftlog.segmented.SegmentedRaftLogWorker$StateMachineDataPolicy.getFromFuture(SegmentedRaftLogWorker.java:87)
	at org.apache.ratis.server.raftlog.segmented.SegmentedRaftLogWorker$WriteLog.execute(SegmentedRaftLogWorker.java:477)
	at org.apache.ratis.server.raftlog.segmented.SegmentedRaftLogWorker.run(SegmentedRaftLogWorker.java:289)
	at java.lang.Thread.run(Thread.java:748)
Caused by: java.util.concurrent.TimeoutException
	at java.util.concurrent.CompletableFuture.timedGet(CompletableFuture.java:1771)
	at java.util.concurrent.CompletableFuture.get(CompletableFuture.java:1915)
	at org.apache.ratis.util.IOUtils.getFromFuture(IOUtils.java:79)
	... 4 more
2019-09-17 09:55:44,345 [bdd5aae1-c180-43a6-a11a-58912a33bf0b@group-98B303272373-SegmentedRaftLogWorker] WARN  segmented.SegmentedRaftLogWorker (SegmentedRaftLogWorker.java:getFromFuture(90)) - Timeout 17/~
org.apache.ratis.protocol.TimeoutIOException: Timeout 10s: WriteLog:11: (t:1, i:11), STATEMACHINELOGENTRY, client-7EF2EE2BC676, cid=219-writeStateMachineData
	at org.apache.ratis.util.IOUtils.getFromFuture(IOUtils.java:87)
	at org.apache.ratis.server.raftlog.segmented.SegmentedRaftLogWorker$StateMachineDataPolicy.getFromFuture(SegmentedRaftLogWorker.java:87)
	at org.apache.ratis.server.raftlog.segmented.SegmentedRaftLogWorker$WriteLog.execute(SegmentedRaftLogWorker.java:477)
	at org.apache.ratis.server.raftlog.segmented.SegmentedRaftLogWorker.run(SegmentedRaftLogWorker.java:289)
	at java.lang.Thread.run(Thread.java:748)
Caused by: java.util.concurrent.TimeoutException
	at java.util.concurrent.CompletableFuture.timedGet(CompletableFuture.java:1771)
	at java.util.concurrent.CompletableFuture.get(CompletableFuture.java:1915)
	at org.apache.ratis.util.IOUtils.getFromFuture(IOUtils.java:79)
	... 4 more
2019-09-17 09:55:44,346 [97184ed6-1d8a-4db2-a901-2f2d7f2102ca@group-98B303272373-SegmentedRaftLogWorker] WARN  segmented.SegmentedRaftLogWorker (SegmentedRaftLogWorker.java:getFromFuture(90)) - Timeout 17/~
org.apache.ratis.protocol.TimeoutIOException: Timeout 10s: WriteLog:11: (t:1, i:11), STATEMACHINELOGENTRY, client-7EF2EE2BC676, cid=219-writeStateMachineData
	at org.apache.ratis.util.IOUtils.getFromFuture(IOUtils.java:87)
	at org.apache.ratis.server.raftlog.segmented.SegmentedRaftLogWorker$StateMachineDataPolicy.getFromFuture(SegmentedRaftLogWorker.java:87)
	at org.apache.ratis.server.raftlog.segmented.SegmentedRaftLogWorker$WriteLog.execute(SegmentedRaftLogWorker.java:477)
	at org.apache.ratis.server.raftlog.segmented.SegmentedRaftLogWorker.run(SegmentedRaftLogWorker.java:289)
	at java.lang.Thread.run(Thread.java:748)
Caused by: java.util.concurrent.TimeoutException
	at java.util.concurrent.CompletableFuture.timedGet(CompletableFuture.java:1771)
	at java.util.concurrent.CompletableFuture.get(CompletableFuture.java:1915)
	at org.apache.ratis.util.IOUtils.getFromFuture(IOUtils.java:79)
	... 4 more
2019-09-17 09:55:44,992 [org.apache.ratis.server.impl.LogAppender$AppenderDaemon$$Lambda$490/1425097048@1d38b547] ERROR ratis.XceiverServerRatis (XceiverServerRatis.java:triggerPipelineClose(568)) - pipeline Action CLOSE  on pipeline PipelineID=f425068e-56e5-48a7-bfb8-98b303272373.Reason : 7550e15a-2ff9-4e5e-b05d-d9f072bd52cf has not seen follower/s bdd5aae1-c180-43a6-a11a-58912a33bf0b for 182293ms 97184ed6-1d8a-4db2-a901-2f2d7f2102ca for 182293ms
2019-09-17 09:55:44,993 [org.apache.ratis.server.impl.LogAppender$AppenderDaemon$$Lambda$490/1425097048@5d0a65b] ERROR ratis.XceiverServerRatis (XceiverServerRatis.java:triggerPipelineClose(568)) - pipeline Action CLOSE  on pipeline PipelineID=f425068e-56e5-48a7-bfb8-98b303272373.Reason : 7550e15a-2ff9-4e5e-b05d-d9f072bd52cf has not seen follower/s bdd5aae1-c180-43a6-a11a-58912a33bf0b for 182293ms 97184ed6-1d8a-4db2-a901-2f2d7f2102ca for 182293ms
2019-09-17 09:55:45,484 [EventQueue-PipelineActionsForPipelineActionHandler] ERROR pipeline.PipelineActionHandler (PipelineActionHandler.java:onMessage(60)) - Received pipeline action CLOSE for Pipeline[ Id: f425068e-56e5-48a7-bfb8-98b303272373, Nodes: bdd5aae1-c180-43a6-a11a-58912a33bf0b{ip: 192.168.34.37, host: pr-hdds-2110-rdjw6-11158954, networkLocation: /default-rack, certSerialId: null}97184ed6-1d8a-4db2-a901-2f2d7f2102ca{ip: 192.168.34.37, host: pr-hdds-2110-rdjw6-11158954, networkLocation: /default-rack, certSerialId: null}7550e15a-2ff9-4e5e-b05d-d9f072bd52cf{ip: 192.168.34.37, host: pr-hdds-2110-rdjw6-11158954, networkLocation: /default-rack, certSerialId: null}, Type:RATIS, Factor:THREE, State:CLOSED] from datanode 7550e15a-2ff9-4e5e-b05d-d9f072bd52cf{ip: 192.168.34.37, host: pr-hdds-2110-rdjw6-11158954, networkLocation: /default-rack, certSerialId: null}. Reason : 7550e15a-2ff9-4e5e-b05d-d9f072bd52cf has not seen follower/s bdd5aae1-c180-43a6-a11a-58912a33bf0b for 182293ms 97184ed6-1d8a-4db2-a901-2f2d7f2102ca for 182293ms
2019-09-17 09:55:45,484 [EventQueue-PipelineActionsForPipelineActionHandler] INFO  pipeline.SCMPipelineManager (SCMPipelineManager.java:finalizeAndDestroyPipeline(311)) - destroying pipeline:Pipeline[ Id: f425068e-56e5-48a7-bfb8-98b303272373, Nodes: bdd5aae1-c180-43a6-a11a-58912a33bf0b{ip: 192.168.34.37, host: pr-hdds-2110-rdjw6-11158954, networkLocation: /default-rack, certSerialId: null}97184ed6-1d8a-4db2-a901-2f2d7f2102ca{ip: 192.168.34.37, host: pr-hdds-2110-rdjw6-11158954, networkLocation: /default-rack, certSerialId: null}7550e15a-2ff9-4e5e-b05d-d9f072bd52cf{ip: 192.168.34.37, host: pr-hdds-2110-rdjw6-11158954, networkLocation: /default-rack, certSerialId: null}, Type:RATIS, Factor:THREE, State:CLOSED]
2019-09-17 09:55:45,492 [java.util.concurrent.ThreadPoolExecutor$Worker@36903ecd[State = -1, empty queue]] WARN  server.GrpcLogAppender (GrpcLogAppender.java:timeoutAppendRequest(200)) - 7550e15a-2ff9-4e5e-b05d-d9f072bd52cf@group-98B303272373->bdd5aae1-c180-43a6-a11a-58912a33bf0b-GrpcLogAppender: appendEntries Timeout, request=7550e15a-2ff9-4e5e-b05d-d9f072bd52cf->bdd5aae1-c180-43a6-a11a-58912a33bf0b#100-t1, previous=(t:1, i:15), leaderCommit=10, initializing? false, entries: <empty>
2019-09-17 09:55:45,492 [java.util.concurrent.ThreadPoolExecutor$Worker@4029c190[State = -1, empty queue]] WARN  server.GrpcLogAppender (GrpcLogAppender.java:timeoutAppendRequest(200)) - 7550e15a-2ff9-4e5e-b05d-d9f072bd52cf@group-98B303272373->97184ed6-1d8a-4db2-a901-2f2d7f2102ca-GrpcLogAppender: appendEntries Timeout, request=7550e15a-2ff9-4e5e-b05d-d9f072bd52cf->97184ed6-1d8a-4db2-a901-2f2d7f2102ca#100-t1, previous=(t:1, i:15), leaderCommit=10, initializing? false, entries: <empty>
2019-09-17 09:55:46,550 [grpc-default-executor-3] INFO  client.GrpcClientProtocolClient (GrpcClientProtocolClient.java:onNext(264)) - client-7EF2EE2BC676->97184ed6-1d8a-4db2-a901-2f2d7f2102ca: receive RaftClientReply:client-7EF2EE2BC676->97184ed6-1d8a-4db2-a901-2f2d7f2102ca@group-98B303272373, cid=219, FAILED org.apache.ratis.protocol.NotLeaderException: Server 97184ed6-1d8a-4db2-a901-2f2d7f2102ca@group-98B303272373 is not the leader 7550e15a-2ff9-4e5e-b05d-d9f072bd52cf:192.168.34.37:41606, logIndex=0, commits[97184ed6-1d8a-4db2-a901-2f2d7f2102ca:c10, bdd5aae1-c180-43a6-a11a-58912a33bf0b:c9, 7550e15a-2ff9-4e5e-b05d-d9f072bd52cf:c10]
2019-09-17 09:55:47,493 [org.apache.ratis.server.impl.LogAppender$AppenderDaemon$$Lambda$490/1425097048@1d38b547] ERROR ratis.XceiverServerRatis (XceiverServerRatis.java:triggerPipelineClose(568)) - pipeline Action CLOSE  on pipeline PipelineID=f425068e-56e5-48a7-bfb8-98b303272373.Reason : 7550e15a-2ff9-4e5e-b05d-d9f072bd52cf has not seen follower/s bdd5aae1-c180-43a6-a11a-58912a33bf0b for 184793ms 97184ed6-1d8a-4db2-a901-2f2d7f2102ca for 184794ms
2019-09-17 09:55:47,493 [org.apache.ratis.server.impl.LogAppender$AppenderDaemon$$Lambda$490/1425097048@5d0a65b] ERROR ratis.XceiverServerRatis (XceiverServerRatis.java:triggerPipelineClose(568)) - pipeline Action CLOSE  on pipeline PipelineID=f425068e-56e5-48a7-bfb8-98b303272373.Reason : 7550e15a-2ff9-4e5e-b05d-d9f072bd52cf has not seen follower/s bdd5aae1-c180-43a6-a11a-58912a33bf0b for 184793ms 97184ed6-1d8a-4db2-a901-2f2d7f2102ca for 184794ms
2019-09-17 09:55:47,992 [java.util.concurrent.ThreadPoolExecutor$Worker@4029c190[State = -1, empty queue]] WARN  server.GrpcLogAppender (GrpcLogAppender.java:timeoutAppendRequest(200)) - 7550e15a-2ff9-4e5e-b05d-d9f072bd52cf@group-98B303272373->97184ed6-1d8a-4db2-a901-2f2d7f2102ca-GrpcLogAppender: appendEntries Timeout, request=7550e15a-2ff9-4e5e-b05d-d9f072bd52cf->97184ed6-1d8a-4db2-a901-2f2d7f2102ca#101-t1, previous=(t:1, i:15), leaderCommit=10, initializing? false, entries: <empty>
2019-09-17 09:55:47,993 [java.util.concurrent.ThreadPoolExecutor$Worker@36903ecd[State = -1, empty queue]] WARN  server.GrpcLogAppender (GrpcLogAppender.java:timeoutAppendRequest(200)) - 7550e15a-2ff9-4e5e-b05d-d9f072bd52cf@group-98B303272373->bdd5aae1-c180-43a6-a11a-58912a33bf0b-GrpcLogAppender: appendEntries Timeout, request=7550e15a-2ff9-4e5e-b05d-d9f072bd52cf->bdd5aae1-c180-43a6-a11a-58912a33bf0b#101-t1, previous=(t:1, i:15), leaderCommit=10, initializing? false, entries: <empty>
2019-09-17 09:55:48,484 [EventQueue-PipelineActionsForPipelineActionHandler] ERROR pipeline.PipelineActionHandler (PipelineActionHandler.java:onMessage(60)) - Received pipeline action CLOSE for Pipeline[ Id: f425068e-56e5-48a7-bfb8-98b303272373, Nodes: bdd5aae1-c180-43a6-a11a-58912a33bf0b{ip: 192.168.34.37, host: pr-hdds-2110-rdjw6-11158954, networkLocation: /default-rack, certSerialId: null}97184ed6-1d8a-4db2-a901-2f2d7f2102ca{ip: 192.168.34.37, host: pr-hdds-2110-rdjw6-11158954, networkLocation: /default-rack, certSerialId: null}7550e15a-2ff9-4e5e-b05d-d9f072bd52cf{ip: 192.168.34.37, host: pr-hdds-2110-rdjw6-11158954, networkLocation: /default-rack, certSerialId: null}, Type:RATIS, Factor:THREE, State:CLOSED] from datanode 7550e15a-2ff9-4e5e-b05d-d9f072bd52cf{ip: 192.168.34.37, host: pr-hdds-2110-rdjw6-11158954, networkLocation: /default-rack, certSerialId: null}. Reason : 7550e15a-2ff9-4e5e-b05d-d9f072bd52cf has not seen follower/s bdd5aae1-c180-43a6-a11a-58912a33bf0b for 184793ms 97184ed6-1d8a-4db2-a901-2f2d7f2102ca for 184794ms
2019-09-17 09:55:48,485 [EventQueue-PipelineActionsForPipelineActionHandler] INFO  pipeline.SCMPipelineManager (SCMPipelineManager.java:finalizeAndDestroyPipeline(311)) - destroying pipeline:Pipeline[ Id: f425068e-56e5-48a7-bfb8-98b303272373, Nodes: bdd5aae1-c180-43a6-a11a-58912a33bf0b{ip: 192.168.34.37, host: pr-hdds-2110-rdjw6-11158954, networkLocation: /default-rack, certSerialId: null}97184ed6-1d8a-4db2-a901-2f2d7f2102ca{ip: 192.168.34.37, host: pr-hdds-2110-rdjw6-11158954, networkLocation: /default-rack, certSerialId: null}7550e15a-2ff9-4e5e-b05d-d9f072bd52cf{ip: 192.168.34.37, host: pr-hdds-2110-rdjw6-11158954, networkLocation: /default-rack, certSerialId: null}, Type:RATIS, Factor:THREE, State:CLOSED]
2019-09-17 09:55:49,994 [org.apache.ratis.server.impl.LogAppender$AppenderDaemon$$Lambda$490/1425097048@5d0a65b] ERROR ratis.XceiverServerRatis (XceiverServerRatis.java:triggerPipelineClose(568)) - pipeline Action CLOSE  on pipeline PipelineID=f425068e-56e5-48a7-bfb8-98b303272373.Reason : 7550e15a-2ff9-4e5e-b05d-d9f072bd52cf has not seen follower/s bdd5aae1-c180-43a6-a11a-58912a33bf0b for 187294ms 97184ed6-1d8a-4db2-a901-2f2d7f2102ca for 187295ms
2019-09-17 09:55:49,994 [org.apache.ratis.server.impl.LogAppender$AppenderDaemon$$Lambda$490/1425097048@1d38b547] ERROR ratis.XceiverServerRatis (XceiverServerRatis.java:triggerPipelineClose(568)) - pipeline Action CLOSE  on pipeline PipelineID=f425068e-56e5-48a7-bfb8-98b303272373.Reason : 7550e15a-2ff9-4e5e-b05d-d9f072bd52cf has not seen follower/s bdd5aae1-c180-43a6-a11a-58912a33bf0b for 187294ms 97184ed6-1d8a-4db2-a901-2f2d7f2102ca for 187295ms
2019-09-17 09:55:50,463 [grpc-default-executor-3] INFO  impl.RaftServerProxy (RaftServerProxy.java:remove(95)) - bdd5aae1-c180-43a6-a11a-58912a33bf0b: remove  FOLLOWER bdd5aae1-c180-43a6-a11a-58912a33bf0b@group-98B303272373:t1, leader=7550e15a-2ff9-4e5e-b05d-d9f072bd52cf, voted=bdd5aae1-c180-43a6-a11a-58912a33bf0b, raftlog=bdd5aae1-c180-43a6-a11a-58912a33bf0b@group-98B303272373-SegmentedRaftLog:OPENED:c10,f10,i15, conf=0: [bdd5aae1-c180-43a6-a11a-58912a33bf0b:192.168.34.37:44158, 97184ed6-1d8a-4db2-a901-2f2d7f2102ca:192.168.34.37:40198, 7550e15a-2ff9-4e5e-b05d-d9f072bd52cf:192.168.34.37:41606], old=null RUNNING
2019-09-17 09:55:50,464 [grpc-default-executor-3] INFO  impl.RaftServerImpl (RaftServerImpl.java:lambda$shutdown$3(251)) - bdd5aae1-c180-43a6-a11a-58912a33bf0b@group-98B303272373: shutdown
2019-09-17 09:55:50,465 [grpc-default-executor-3] INFO  util.JmxRegister (JmxRegister.java:unregister(73)) - Successfully un-registered JMX Bean with object name Ratis:service=RaftServer,group=group-98B303272373,id=bdd5aae1-c180-43a6-a11a-58912a33bf0b
2019-09-17 09:55:50,465 [grpc-default-executor-3] INFO  impl.RoleInfo (RoleInfo.java:shutdownFollowerState(121)) - bdd5aae1-c180-43a6-a11a-58912a33bf0b: shutdown FollowerState
2019-09-17 09:55:50,465 [grpc-default-executor-3] INFO  impl.StateMachineUpdater (StateMachineUpdater.java:stopAndJoin(125)) - bdd5aae1-c180-43a6-a11a-58912a33bf0b@group-98B303272373-StateMachineUpdater: set stopIndex = 10
2019-09-17 09:55:50,465 [Thread-1477] INFO  impl.FollowerState (FollowerState.java:run(115)) - bdd5aae1-c180-43a6-a11a-58912a33bf0b: FollowerState was interrupted: java.lang.InterruptedException: sleep interrupted
2019-09-17 09:55:50,466 [bdd5aae1-c180-43a6-a11a-58912a33bf0b@group-98B303272373-StateMachineUpdater] INFO  ratis.ContainerStateMachine (ContainerStateMachine.java:takeSnapshot(289)) - group-98B303272373: Taking a snapshot at:(t:1, i:9) file /workdir/hadoop-ozone/integration-test/target/test-dir/MiniOzoneClusterImpl-c52a4728-c2c3-43f5-b549-fba1d53ae1f5/datanode-4/data/ratis/f425068e-56e5-48a7-bfb8-98b303272373/sm/snapshot.1_9
2019-09-17 09:55:50,485 [EventQueue-PipelineActionsForPipelineActionHandler] ERROR pipeline.PipelineActionHandler (PipelineActionHandler.java:onMessage(60)) - Received pipeline action CLOSE for Pipeline[ Id: f425068e-56e5-48a7-bfb8-98b303272373, Nodes: bdd5aae1-c180-43a6-a11a-58912a33bf0b{ip: 192.168.34.37, host: pr-hdds-2110-rdjw6-11158954, networkLocation: /default-rack, certSerialId: null}97184ed6-1d8a-4db2-a901-2f2d7f2102ca{ip: 192.168.34.37, host: pr-hdds-2110-rdjw6-11158954, networkLocation: /default-rack, certSerialId: null}7550e15a-2ff9-4e5e-b05d-d9f072bd52cf{ip: 192.168.34.37, host: pr-hdds-2110-rdjw6-11158954, networkLocation: /default-rack, certSerialId: null}, Type:RATIS, Factor:THREE, State:CLOSED] from datanode 7550e15a-2ff9-4e5e-b05d-d9f072bd52cf{ip: 192.168.34.37, host: pr-hdds-2110-rdjw6-11158954, networkLocation: /default-rack, certSerialId: null}. Reason : 7550e15a-2ff9-4e5e-b05d-d9f072bd52cf has not seen follower/s bdd5aae1-c180-43a6-a11a-58912a33bf0b for 187294ms 97184ed6-1d8a-4db2-a901-2f2d7f2102ca for 187295ms
2019-09-17 09:55:50,485 [EventQueue-PipelineActionsForPipelineActionHandler] INFO  pipeline.SCMPipelineManager (SCMPipelineManager.java:finalizeAndDestroyPipeline(311)) - destroying pipeline:Pipeline[ Id: f425068e-56e5-48a7-bfb8-98b303272373, Nodes: bdd5aae1-c180-43a6-a11a-58912a33bf0b{ip: 192.168.34.37, host: pr-hdds-2110-rdjw6-11158954, networkLocation: /default-rack, certSerialId: null}97184ed6-1d8a-4db2-a901-2f2d7f2102ca{ip: 192.168.34.37, host: pr-hdds-2110-rdjw6-11158954, networkLocation: /default-rack, certSerialId: null}7550e15a-2ff9-4e5e-b05d-d9f072bd52cf{ip: 192.168.34.37, host: pr-hdds-2110-rdjw6-11158954, networkLocation: /default-rack, certSerialId: null}, Type:RATIS, Factor:THREE, State:CLOSED]
2019-09-17 09:55:50,486 [bdd5aae1-c180-43a6-a11a-58912a33bf0b@group-98B303272373-StateMachineUpdater] INFO  ratis.ContainerStateMachine (ContainerStateMachine.java:takeSnapshot(300)) - group-98B303272373: Finished taking a snapshot at:(t:1, i:9) file:/workdir/hadoop-ozone/integration-test/target/test-dir/MiniOzoneClusterImpl-c52a4728-c2c3-43f5-b549-fba1d53ae1f5/datanode-4/data/ratis/f425068e-56e5-48a7-bfb8-98b303272373/sm/snapshot.1_9 time:20
2019-09-17 09:55:50,486 [bdd5aae1-c180-43a6-a11a-58912a33bf0b@group-98B303272373-StateMachineUpdater] INFO  impl.StateMachineUpdater (StateMachineUpdater.java:takeSnapshot(258)) - bdd5aae1-c180-43a6-a11a-58912a33bf0b@group-98B303272373-StateMachineUpdater: Took a snapshot at index 9
2019-09-17 09:55:50,486 [bdd5aae1-c180-43a6-a11a-58912a33bf0b@group-98B303272373-StateMachineUpdater] INFO  impl.StateMachineUpdater (StateMachineUpdater.java:lambda$new$0(83)) - bdd5aae1-c180-43a6-a11a-58912a33bf0b@group-98B303272373-StateMachineUpdater: snapshotIndex: updateIncreasingly -1 -> 9
2019-09-17 09:55:50,486 [bdd5aae1-c180-43a6-a11a-58912a33bf0b@group-98B303272373-StateMachineUpdater] INFO  ratis.ContainerStateMachine (ContainerStateMachine.java:takeSnapshot(289)) - group-98B303272373: Taking a snapshot at:(t:1, i:9) file /workdir/hadoop-ozone/integration-test/target/test-dir/MiniOzoneClusterImpl-c52a4728-c2c3-43f5-b549-fba1d53ae1f5/datanode-4/data/ratis/f425068e-56e5-48a7-bfb8-98b303272373/sm/snapshot.1_9
2019-09-17 09:55:50,493 [java.util.concurrent.ThreadPoolExecutor$Worker@4029c190[State = -1, empty queue]] WARN  server.GrpcLogAppender (GrpcLogAppender.java:timeoutAppendRequest(200)) - 7550e15a-2ff9-4e5e-b05d-d9f072bd52cf@group-98B303272373->97184ed6-1d8a-4db2-a901-2f2d7f2102ca-GrpcLogAppender: appendEntries Timeout, request=7550e15a-2ff9-4e5e-b05d-d9f072bd52cf->97184ed6-1d8a-4db2-a901-2f2d7f2102ca#102-t1, previous=(t:1, i:15), leaderCommit=10, initializing? false, entries: <empty>
2019-09-17 09:55:50,493 [java.util.concurrent.ThreadPoolExecutor$Worker@36903ecd[State = -1, empty queue]] WARN  server.GrpcLogAppender (GrpcLogAppender.java:timeoutAppendRequest(200)) - 7550e15a-2ff9-4e5e-b05d-d9f072bd52cf@group-98B303272373->bdd5aae1-c180-43a6-a11a-58912a33bf0b-GrpcLogAppender: appendEntries Timeout, request=7550e15a-2ff9-4e5e-b05d-d9f072bd52cf->bdd5aae1-c180-43a6-a11a-58912a33bf0b#102-t1, previous=(t:1, i:15), leaderCommit=10, initializing? false, entries: <empty>
2019-09-17 09:55:50,498 [bdd5aae1-c180-43a6-a11a-58912a33bf0b@group-98B303272373-StateMachineUpdater] INFO  ratis.ContainerStateMachine (ContainerStateMachine.java:takeSnapshot(300)) - group-98B303272373: Finished taking a snapshot at:(t:1, i:9) file:/workdir/hadoop-ozone/integration-test/target/test-dir/MiniOzoneClusterImpl-c52a4728-c2c3-43f5-b549-fba1d53ae1f5/datanode-4/data/ratis/f425068e-56e5-48a7-bfb8-98b303272373/sm/snapshot.1_9 time:12
2019-09-17 09:55:50,499 [bdd5aae1-c180-43a6-a11a-58912a33bf0b@group-98B303272373-StateMachineUpdater] INFO  impl.StateMachineUpdater (StateMachineUpdater.java:takeSnapshot(258)) - bdd5aae1-c180-43a6-a11a-58912a33bf0b@group-98B303272373-StateMachineUpdater: Took a snapshot at index 9
2019-09-17 09:55:50,499 [bdd5aae1-c180-43a6-a11a-58912a33bf0b@group-98B303272373-StateMachineUpdater] INFO  impl.StateMachineUpdater (StateMachineUpdater.java:lambda$new$0(83)) - bdd5aae1-c180-43a6-a11a-58912a33bf0b@group-98B303272373-StateMachineUpdater: snapshotIndex: updateIncreasingly 9 -> 9
2019-09-17 09:55:50,499 [grpc-default-executor-3] INFO  impl.RaftServerImpl (ServerState.java:close(385)) - bdd5aae1-c180-43a6-a11a-58912a33bf0b@group-98B303272373: closes. applyIndex: 10
2019-09-17 09:55:50,500 [bdd5aae1-c180-43a6-a11a-58912a33bf0b@group-98B303272373-SegmentedRaftLogWorker] ERROR ratis.XceiverServerRatis (XceiverServerRatis.java:triggerPipelineClose(568)) - pipeline Action CLOSE  on pipeline PipelineID=f425068e-56e5-48a7-bfb8-98b303272373.Reason : WriteLog:11: (t:1, i:11), STATEMACHINELOGENTRY, client-7EF2EE2BC676, cid=219-writeStateMachineData interrupted.
2019-09-17 09:55:50,504 [grpc-default-executor-3] INFO  segmented.SegmentedRaftLogWorker (SegmentedRaftLogWorker.java:close(228)) - bdd5aae1-c180-43a6-a11a-58912a33bf0b@group-98B303272373-SegmentedRaftLogWorker close()
2019-09-17 09:55:50,504 [EventQueue-PipelineActionsForPipelineActionHandler] ERROR pipeline.PipelineActionHandler (PipelineActionHandler.java:onMessage(60)) - Received pipeline action CLOSE for Pipeline[ Id: f425068e-56e5-48a7-bfb8-98b303272373, Nodes: bdd5aae1-c180-43a6-a11a-58912a33bf0b{ip: 192.168.34.37, host: pr-hdds-2110-rdjw6-11158954, networkLocation: /default-rack, certSerialId: null}97184ed6-1d8a-4db2-a901-2f2d7f2102ca{ip: 192.168.34.37, host: pr-hdds-2110-rdjw6-11158954, networkLocation: /default-rack, certSerialId: null}7550e15a-2ff9-4e5e-b05d-d9f072bd52cf{ip: 192.168.34.37, host: pr-hdds-2110-rdjw6-11158954, networkLocation: /default-rack, certSerialId: null}, Type:RATIS, Factor:THREE, State:CLOSED] from datanode bdd5aae1-c180-43a6-a11a-58912a33bf0b{ip: 192.168.34.37, host: pr-hdds-2110-rdjw6-11158954, networkLocation: /default-rack, certSerialId: null}. Reason : WriteLog:11: (t:1, i:11), STATEMACHINELOGENTRY, client-7EF2EE2BC676, cid=219-writeStateMachineData interrupted.
2019-09-17 09:55:50,509 [EventQueue-PipelineActionsForPipelineActionHandler] INFO  pipeline.SCMPipelineManager (SCMPipelineManager.java:finalizeAndDestroyPipeline(311)) - destroying pipeline:Pipeline[ Id: f425068e-56e5-48a7-bfb8-98b303272373, Nodes: bdd5aae1-c180-43a6-a11a-58912a33bf0b{ip: 192.168.34.37, host: pr-hdds-2110-rdjw6-11158954, networkLocation: /default-rack, certSerialId: null}97184ed6-1d8a-4db2-a901-2f2d7f2102ca{ip: 192.168.34.37, host: pr-hdds-2110-rdjw6-11158954, networkLocation: /default-rack, certSerialId: null}7550e15a-2ff9-4e5e-b05d-d9f072bd52cf{ip: 192.168.34.37, host: pr-hdds-2110-rdjw6-11158954, networkLocation: /default-rack, certSerialId: null}, Type:RATIS, Factor:THREE, State:CLOSED]
2019-09-17 09:55:50,579 [grpc-default-executor-3] INFO  interfaces.Container (KeyValueContainer.java:flushAndSyncDB(386)) - Container 11 is synced with bcsId 0.
2019-09-17 09:55:50,580 [grpc-default-executor-3] INFO  interfaces.Container (KeyValueContainer.java:flushAndSyncDB(386)) - Container 11 is synced with bcsId 0.
2019-09-17 09:55:50,596 [EventQueue-IncrementalContainerReportForIncrementalContainerReportHandler] INFO  container.IncrementalContainerReportHandler (AbstractContainerReportHandler.java:updateContainerState(169)) - Moving container #11 to QUASI_CLOSED state, datanode bdd5aae1-c180-43a6-a11a-58912a33bf0b{ip: 192.168.34.37, host: pr-hdds-2110-rdjw6-11158954, networkLocation: /default-rack, certSerialId: null} reported QUASI_CLOSED replica.
2019-09-17 09:55:50,600 [grpc-default-executor-3] INFO  impl.RaftServerProxy (RaftServerProxy.java:remove(95)) - 97184ed6-1d8a-4db2-a901-2f2d7f2102ca: remove  FOLLOWER 97184ed6-1d8a-4db2-a901-2f2d7f2102ca@group-98B303272373:t1, leader=7550e15a-2ff9-4e5e-b05d-d9f072bd52cf, voted=7550e15a-2ff9-4e5e-b05d-d9f072bd52cf, raftlog=97184ed6-1d8a-4db2-a901-2f2d7f2102ca@group-98B303272373-SegmentedRaftLog:OPENED:c10,f10,i15, conf=0: [bdd5aae1-c180-43a6-a11a-58912a33bf0b:192.168.34.37:44158, 97184ed6-1d8a-4db2-a901-2f2d7f2102ca:192.168.34.37:40198, 7550e15a-2ff9-4e5e-b05d-d9f072bd52cf:192.168.34.37:41606], old=null RUNNING
2019-09-17 09:55:50,600 [grpc-default-executor-3] INFO  impl.RaftServerImpl (RaftServerImpl.java:lambda$shutdown$3(251)) - 97184ed6-1d8a-4db2-a901-2f2d7f2102ca@group-98B303272373: shutdown
2019-09-17 09:55:50,600 [grpc-default-executor-3] INFO  util.JmxRegister (JmxRegister.java:unregister(73)) - Successfully un-registered JMX Bean with object name Ratis:service=RaftServer,group=group-98B303272373,id=97184ed6-1d8a-4db2-a901-2f2d7f2102ca
2019-09-17 09:55:50,600 [grpc-default-executor-3] INFO  impl.RoleInfo (RoleInfo.java:shutdownFollowerState(121)) - 97184ed6-1d8a-4db2-a901-2f2d7f2102ca: shutdown FollowerState
2019-09-17 09:55:50,601 [grpc-default-executor-3] INFO  impl.StateMachineUpdater (StateMachineUpdater.java:stopAndJoin(125)) - 97184ed6-1d8a-4db2-a901-2f2d7f2102ca@group-98B303272373-StateMachineUpdater: set stopIndex = 10
2019-09-17 09:55:50,601 [Thread-1476] INFO  impl.FollowerState (FollowerState.java:run(115)) - 97184ed6-1d8a-4db2-a901-2f2d7f2102ca: FollowerState was interrupted: java.lang.InterruptedException: sleep interrupted
2019-09-17 09:55:50,601 [97184ed6-1d8a-4db2-a901-2f2d7f2102ca@group-98B303272373-StateMachineUpdater] INFO  ratis.ContainerStateMachine (ContainerStateMachine.java:takeSnapshot(289)) - group-98B303272373: Taking a snapshot at:(t:1, i:9) file /workdir/hadoop-ozone/integration-test/target/test-dir/MiniOzoneClusterImpl-c52a4728-c2c3-43f5-b549-fba1d53ae1f5/datanode-5/data/ratis/f425068e-56e5-48a7-bfb8-98b303272373/sm/snapshot.1_9
2019-09-17 09:55:50,616 [97184ed6-1d8a-4db2-a901-2f2d7f2102ca@group-98B303272373-StateMachineUpdater] INFO  ratis.ContainerStateMachine (ContainerStateMachine.java:takeSnapshot(300)) - group-98B303272373: Finished taking a snapshot at:(t:1, i:9) file:/workdir/hadoop-ozone/integration-test/target/test-dir/MiniOzoneClusterImpl-c52a4728-c2c3-43f5-b549-fba1d53ae1f5/datanode-5/data/ratis/f425068e-56e5-48a7-bfb8-98b303272373/sm/snapshot.1_9 time:15
2019-09-17 09:55:50,616 [97184ed6-1d8a-4db2-a901-2f2d7f2102ca@group-98B303272373-StateMachineUpdater] INFO  impl.StateMachineUpdater (StateMachineUpdater.java:takeSnapshot(258)) - 97184ed6-1d8a-4db2-a901-2f2d7f2102ca@group-98B303272373-StateMachineUpdater: Took a snapshot at index 9
2019-09-17 09:55:50,616 [97184ed6-1d8a-4db2-a901-2f2d7f2102ca@group-98B303272373-StateMachineUpdater] INFO  impl.StateMachineUpdater (StateMachineUpdater.java:lambda$new$0(83)) - 97184ed6-1d8a-4db2-a901-2f2d7f2102ca@group-98B303272373-StateMachineUpdater: snapshotIndex: updateIncreasingly -1 -> 9
2019-09-17 09:55:50,616 [97184ed6-1d8a-4db2-a901-2f2d7f2102ca@group-98B303272373-StateMachineUpdater] INFO  ratis.ContainerStateMachine (ContainerStateMachine.java:takeSnapshot(289)) - group-98B303272373: Taking a snapshot at:(t:1, i:9) file /workdir/hadoop-ozone/integration-test/target/test-dir/MiniOzoneClusterImpl-c52a4728-c2c3-43f5-b549-fba1d53ae1f5/datanode-5/data/ratis/f425068e-56e5-48a7-bfb8-98b303272373/sm/snapshot.1_9
2019-09-17 09:55:50,620 [97184ed6-1d8a-4db2-a901-2f2d7f2102ca@group-98B303272373-StateMachineUpdater] INFO  ratis.ContainerStateMachine (ContainerStateMachine.java:takeSnapshot(300)) - group-98B303272373: Finished taking a snapshot at:(t:1, i:9) file:/workdir/hadoop-ozone/integration-test/target/test-dir/MiniOzoneClusterImpl-c52a4728-c2c3-43f5-b549-fba1d53ae1f5/datanode-5/data/ratis/f425068e-56e5-48a7-bfb8-98b303272373/sm/snapshot.1_9 time:3
2019-09-17 09:55:50,620 [97184ed6-1d8a-4db2-a901-2f2d7f2102ca@group-98B303272373-StateMachineUpdater] INFO  impl.StateMachineUpdater (StateMachineUpdater.java:takeSnapshot(258)) - 97184ed6-1d8a-4db2-a901-2f2d7f2102ca@group-98B303272373-StateMachineUpdater: Took a snapshot at index 9
2019-09-17 09:55:50,620 [97184ed6-1d8a-4db2-a901-2f2d7f2102ca@group-98B303272373-StateMachineUpdater] INFO  impl.StateMachineUpdater (StateMachineUpdater.java:lambda$new$0(83)) - 97184ed6-1d8a-4db2-a901-2f2d7f2102ca@group-98B303272373-StateMachineUpdater: snapshotIndex: updateIncreasingly 9 -> 9
2019-09-17 09:55:50,620 [grpc-default-executor-3] INFO  impl.RaftServerImpl (ServerState.java:close(385)) - 97184ed6-1d8a-4db2-a901-2f2d7f2102ca@group-98B303272373: closes. applyIndex: 10
2019-09-17 09:55:50,621 [97184ed6-1d8a-4db2-a901-2f2d7f2102ca@group-98B303272373-SegmentedRaftLogWorker] ERROR ratis.XceiverServerRatis (XceiverServerRatis.java:triggerPipelineClose(568)) - pipeline Action CLOSE  on pipeline PipelineID=f425068e-56e5-48a7-bfb8-98b303272373.Reason : WriteLog:11: (t:1, i:11), STATEMACHINELOGENTRY, client-7EF2EE2BC676, cid=219-writeStateMachineData interrupted.
2019-09-17 09:55:50,623 [grpc-default-executor-3] INFO  segmented.SegmentedRaftLogWorker (SegmentedRaftLogWorker.java:close(228)) - 97184ed6-1d8a-4db2-a901-2f2d7f2102ca@group-98B303272373-SegmentedRaftLogWorker close()
2019-09-17 09:55:50,624 [EventQueue-PipelineActionsForPipelineActionHandler] ERROR pipeline.PipelineActionHandler (PipelineActionHandler.java:onMessage(60)) - Received pipeline action CLOSE for Pipeline[ Id: f425068e-56e5-48a7-bfb8-98b303272373, Nodes: bdd5aae1-c180-43a6-a11a-58912a33bf0b{ip: 192.168.34.37, host: pr-hdds-2110-rdjw6-11158954, networkLocation: /default-rack, certSerialId: null}97184ed6-1d8a-4db2-a901-2f2d7f2102ca{ip: 192.168.34.37, host: pr-hdds-2110-rdjw6-11158954, networkLocation: /default-rack, certSerialId: null}7550e15a-2ff9-4e5e-b05d-d9f072bd52cf{ip: 192.168.34.37, host: pr-hdds-2110-rdjw6-11158954, networkLocation: /default-rack, certSerialId: null}, Type:RATIS, Factor:THREE, State:CLOSED] from datanode 97184ed6-1d8a-4db2-a901-2f2d7f2102ca{ip: 192.168.34.37, host: pr-hdds-2110-rdjw6-11158954, networkLocation: /default-rack, certSerialId: null}. Reason : WriteLog:11: (t:1, i:11), STATEMACHINELOGENTRY, client-7EF2EE2BC676, cid=219-writeStateMachineData interrupted.
2019-09-17 09:55:50,628 [EventQueue-PipelineActionsForPipelineActionHandler] INFO  pipeline.SCMPipelineManager (SCMPipelineManager.java:finalizeAndDestroyPipeline(311)) - destroying pipeline:Pipeline[ Id: f425068e-56e5-48a7-bfb8-98b303272373, Nodes: bdd5aae1-c180-43a6-a11a-58912a33bf0b{ip: 192.168.34.37, host: pr-hdds-2110-rdjw6-11158954, networkLocation: /default-rack, certSerialId: null}97184ed6-1d8a-4db2-a901-2f2d7f2102ca{ip: 192.168.34.37, host: pr-hdds-2110-rdjw6-11158954, networkLocation: /default-rack, certSerialId: null}7550e15a-2ff9-4e5e-b05d-d9f072bd52cf{ip: 192.168.34.37, host: pr-hdds-2110-rdjw6-11158954, networkLocation: /default-rack, certSerialId: null}, Type:RATIS, Factor:THREE, State:CLOSED]
2019-09-17 09:55:50,669 [grpc-default-executor-3] INFO  interfaces.Container (KeyValueContainer.java:flushAndSyncDB(386)) - Container 11 is synced with bcsId 0.
2019-09-17 09:55:50,669 [grpc-default-executor-3] INFO  interfaces.Container (KeyValueContainer.java:flushAndSyncDB(386)) - Container 11 is synced with bcsId 0.
2019-09-17 09:55:50,686 [grpc-default-executor-3] INFO  impl.RaftServerProxy (RaftServerProxy.java:remove(95)) - 7550e15a-2ff9-4e5e-b05d-d9f072bd52cf: remove    LEADER 7550e15a-2ff9-4e5e-b05d-d9f072bd52cf@group-98B303272373:t1, leader=7550e15a-2ff9-4e5e-b05d-d9f072bd52cf, voted=7550e15a-2ff9-4e5e-b05d-d9f072bd52cf, raftlog=7550e15a-2ff9-4e5e-b05d-d9f072bd52cf@group-98B303272373-SegmentedRaftLog:OPENED:c10,f10,i15, conf=0: [bdd5aae1-c180-43a6-a11a-58912a33bf0b:192.168.34.37:44158, 97184ed6-1d8a-4db2-a901-2f2d7f2102ca:192.168.34.37:40198, 7550e15a-2ff9-4e5e-b05d-d9f072bd52cf:192.168.34.37:41606], old=null RUNNING
2019-09-17 09:55:50,686 [grpc-default-executor-3] INFO  impl.RaftServerImpl (RaftServerImpl.java:lambda$shutdown$3(251)) - 7550e15a-2ff9-4e5e-b05d-d9f072bd52cf@group-98B303272373: shutdown
2019-09-17 09:55:50,687 [grpc-default-executor-3] INFO  util.JmxRegister (JmxRegister.java:unregister(73)) - Successfully un-registered JMX Bean with object name Ratis:service=RaftServer,group=group-98B303272373,id=7550e15a-2ff9-4e5e-b05d-d9f072bd52cf
2019-09-17 09:55:50,687 [grpc-default-executor-3] INFO  impl.RoleInfo (RoleInfo.java:shutdownLeaderState(104)) - 7550e15a-2ff9-4e5e-b05d-d9f072bd52cf: shutdown LeaderState
2019-09-17 09:55:50,692 [org.apache.ratis.server.impl.LogAppender$AppenderDaemon$$Lambda$490/1425097048@5d0a65b] WARN  server.GrpcLogAppender (GrpcLogAppender.java:mayWait(143)) - 7550e15a-2ff9-4e5e-b05d-d9f072bd52cf@group-98B303272373->bdd5aae1-c180-43a6-a11a-58912a33bf0b-GrpcLogAppender: Wait interrupted by java.lang.InterruptedException
2019-09-17 09:55:50,692 [grpc-default-executor-3] INFO  impl.PendingRequests (PendingRequests.java:sendNotLeaderResponses(202)) - 7550e15a-2ff9-4e5e-b05d-d9f072bd52cf-PendingRequests: sendNotLeaderResponses
2019-09-17 09:55:50,692 [org.apache.ratis.server.impl.LogAppender$AppenderDaemon$$Lambda$490/1425097048@1d38b547] WARN  server.GrpcLogAppender (GrpcLogAppender.java:mayWait(143)) - 7550e15a-2ff9-4e5e-b05d-d9f072bd52cf@group-98B303272373->97184ed6-1d8a-4db2-a901-2f2d7f2102ca-GrpcLogAppender: Wait interrupted by java.lang.InterruptedException
2019-09-17 09:55:50,693 [grpc-default-executor-8] INFO  server.GrpcServerProtocolService (GrpcServerProtocolService.java:onCompleted(113)) - bdd5aae1-c180-43a6-a11a-58912a33bf0b: Completed APPEND_ENTRIES, lastRequest: 7550e15a-2ff9-4e5e-b05d-d9f072bd52cf->bdd5aae1-c180-43a6-a11a-58912a33bf0b#103-t1, previous=(t:1, i:15), leaderCommit=10, initializing? false, entries: <empty>
2019-09-17 09:55:50,693 [grpc-default-executor-9] INFO  server.GrpcServerProtocolService (GrpcServerProtocolService.java:onCompleted(113)) - 97184ed6-1d8a-4db2-a901-2f2d7f2102ca: Completed APPEND_ENTRIES, lastRequest: 7550e15a-2ff9-4e5e-b05d-d9f072bd52cf->97184ed6-1d8a-4db2-a901-2f2d7f2102ca#103-t1, previous=(t:1, i:15), leaderCommit=10, initializing? false, entries: <empty>
2019-09-17 09:55:50,694 [grpc-default-executor-9] INFO  server.GrpcLogAppender (GrpcLogAppender.java:onCompleted(293)) - 7550e15a-2ff9-4e5e-b05d-d9f072bd52cf@group-98B303272373->97184ed6-1d8a-4db2-a901-2f2d7f2102ca-AppendLogResponseHandler: follower responses appendEntries COMPLETED
2019-09-17 09:55:50,694 [grpc-default-executor-8] INFO  server.GrpcLogAppender (GrpcLogAppender.java:onCompleted(293)) - 7550e15a-2ff9-4e5e-b05d-d9f072bd52cf@group-98B303272373->bdd5aae1-c180-43a6-a11a-58912a33bf0b-AppendLogResponseHandler: follower responses appendEntries COMPLETED
2019-09-17 09:55:50,698 [grpc-default-executor-9] INFO  impl.FollowerInfo (FollowerInfo.java:lambda$new$0(51)) - 7550e15a-2ff9-4e5e-b05d-d9f072bd52cf@group-98B303272373->97184ed6-1d8a-4db2-a901-2f2d7f2102ca: nextIndex: updateUnconditionally 16 -> 11
2019-09-17 09:55:50,698 [grpc-default-executor-3] INFO  impl.StateMachineUpdater (StateMachineUpdater.java:stopAndJoin(125)) - 7550e15a-2ff9-4e5e-b05d-d9f072bd52cf@group-98B303272373-StateMachineUpdater: set stopIndex = 10
2019-09-17 09:55:50,699 [grpc-default-executor-8] INFO  impl.FollowerInfo (FollowerInfo.java:lambda$new$0(51)) - 7550e15a-2ff9-4e5e-b05d-d9f072bd52cf@group-98B303272373->bdd5aae1-c180-43a6-a11a-58912a33bf0b: nextIndex: updateUnconditionally 16 -> 11
2019-09-17 09:55:50,698 [7550e15a-2ff9-4e5e-b05d-d9f072bd52cf@group-98B303272373-StateMachineUpdater] INFO  ratis.ContainerStateMachine (ContainerStateMachine.java:takeSnapshot(289)) - group-98B303272373: Taking a snapshot at:(t:1, i:10) file /workdir/hadoop-ozone/integration-test/target/test-dir/MiniOzoneClusterImpl-c52a4728-c2c3-43f5-b549-fba1d53ae1f5/datanode-1/data/ratis/f425068e-56e5-48a7-bfb8-98b303272373/sm/snapshot.1_10
2019-09-17 09:55:50,702 [7550e15a-2ff9-4e5e-b05d-d9f072bd52cf@group-98B303272373-StateMachineUpdater] INFO  ratis.ContainerStateMachine (ContainerStateMachine.java:takeSnapshot(300)) - group-98B303272373: Finished taking a snapshot at:(t:1, i:10) file:/workdir/hadoop-ozone/integration-test/target/test-dir/MiniOzoneClusterImpl-c52a4728-c2c3-43f5-b549-fba1d53ae1f5/datanode-1/data/ratis/f425068e-56e5-48a7-bfb8-98b303272373/sm/snapshot.1_10 time:3
2019-09-17 09:55:50,702 [7550e15a-2ff9-4e5e-b05d-d9f072bd52cf@group-98B303272373-StateMachineUpdater] INFO  impl.StateMachineUpdater (StateMachineUpdater.java:takeSnapshot(258)) - 7550e15a-2ff9-4e5e-b05d-d9f072bd52cf@group-98B303272373-StateMachineUpdater: Took a snapshot at index 10
2019-09-17 09:55:50,702 [7550e15a-2ff9-4e5e-b05d-d9f072bd52cf@group-98B303272373-StateMachineUpdater] INFO  impl.StateMachineUpdater (StateMachineUpdater.java:lambda$new$0(83)) - 7550e15a-2ff9-4e5e-b05d-d9f072bd52cf@group-98B303272373-StateMachineUpdater: snapshotIndex: updateIncreasingly -1 -> 10
2019-09-17 09:55:50,702 [grpc-default-executor-3] INFO  impl.RaftServerImpl (ServerState.java:close(385)) - 7550e15a-2ff9-4e5e-b05d-d9f072bd52cf@group-98B303272373: closes. applyIndex: 10
2019-09-17 09:55:50,703 [7550e15a-2ff9-4e5e-b05d-d9f072bd52cf@group-98B303272373-SegmentedRaftLogWorker] ERROR ratis.XceiverServerRatis (XceiverServerRatis.java:triggerPipelineClose(568)) - pipeline Action CLOSE  on pipeline PipelineID=f425068e-56e5-48a7-bfb8-98b303272373.Reason : WriteLog:11: (t:1, i:11), STATEMACHINELOGENTRY, client-7EF2EE2BC676, cid=219-writeStateMachineData interrupted.
2019-09-17 09:55:50,706 [grpc-default-executor-3] INFO  segmented.SegmentedRaftLogWorker (SegmentedRaftLogWorker.java:close(228)) - 7550e15a-2ff9-4e5e-b05d-d9f072bd52cf@group-98B303272373-SegmentedRaftLogWorker close()
2019-09-17 09:55:50,711 [EventQueue-PipelineActionsForPipelineActionHandler] ERROR pipeline.PipelineActionHandler (PipelineActionHandler.java:onMessage(60)) - Received pipeline action CLOSE for Pipeline[ Id: f425068e-56e5-48a7-bfb8-98b303272373, Nodes: bdd5aae1-c180-43a6-a11a-58912a33bf0b{ip: 192.168.34.37, host: pr-hdds-2110-rdjw6-11158954, networkLocation: /default-rack, certSerialId: null}97184ed6-1d8a-4db2-a901-2f2d7f2102ca{ip: 192.168.34.37, host: pr-hdds-2110-rdjw6-11158954, networkLocation: /default-rack, certSerialId: null}7550e15a-2ff9-4e5e-b05d-d9f072bd52cf{ip: 192.168.34.37, host: pr-hdds-2110-rdjw6-11158954, networkLocation: /default-rack, certSerialId: null}, Type:RATIS, Factor:THREE, State:CLOSED] from datanode 7550e15a-2ff9-4e5e-b05d-d9f072bd52cf{ip: 192.168.34.37, host: pr-hdds-2110-rdjw6-11158954, networkLocation: /default-rack, certSerialId: null}. Reason : WriteLog:11: (t:1, i:11), STATEMACHINELOGENTRY, client-7EF2EE2BC676, cid=219-writeStateMachineData interrupted.
2019-09-17 09:55:50,711 [EventQueue-PipelineActionsForPipelineActionHandler] INFO  pipeline.SCMPipelineManager (SCMPipelineManager.java:finalizeAndDestroyPipeline(311)) - destroying pipeline:Pipeline[ Id: f425068e-56e5-48a7-bfb8-98b303272373, Nodes: bdd5aae1-c180-43a6-a11a-58912a33bf0b{ip: 192.168.34.37, host: pr-hdds-2110-rdjw6-11158954, networkLocation: /default-rack, certSerialId: null}97184ed6-1d8a-4db2-a901-2f2d7f2102ca{ip: 192.168.34.37, host: pr-hdds-2110-rdjw6-11158954, networkLocation: /default-rack, certSerialId: null}7550e15a-2ff9-4e5e-b05d-d9f072bd52cf{ip: 192.168.34.37, host: pr-hdds-2110-rdjw6-11158954, networkLocation: /default-rack, certSerialId: null}, Type:RATIS, Factor:THREE, State:CLOSED]
2019-09-17 09:55:50,784 [grpc-default-executor-3] INFO  interfaces.Container (KeyValueContainer.java:flushAndSyncDB(386)) - Container 11 is synced with bcsId 0.
2019-09-17 09:55:50,784 [grpc-default-executor-3] INFO  interfaces.Container (KeyValueContainer.java:flushAndSyncDB(386)) - Container 11 is synced with bcsId 0.
2019-09-17 09:55:50,800 [RatisPipelineUtilsThread] INFO  pipeline.PipelineStateManager (PipelineStateManager.java:removePipeline(108)) - Pipeline Pipeline[ Id: f425068e-56e5-48a7-bfb8-98b303272373, Nodes: bdd5aae1-c180-43a6-a11a-58912a33bf0b{ip: 192.168.34.37, host: pr-hdds-2110-rdjw6-11158954, networkLocation: /default-rack, certSerialId: null}97184ed6-1d8a-4db2-a901-2f2d7f2102ca{ip: 192.168.34.37, host: pr-hdds-2110-rdjw6-11158954, networkLocation: /default-rack, certSerialId: null}7550e15a-2ff9-4e5e-b05d-d9f072bd52cf{ip: 192.168.34.37, host: pr-hdds-2110-rdjw6-11158954, networkLocation: /default-rack, certSerialId: null}, Type:RATIS, Factor:THREE, State:CLOSED] removed from db
2019-09-17 09:55:50,811 [grpc-default-executor-8] INFO  impl.RaftServerProxy (RaftServerProxy.java:addNew(89)) - bdd5aae1-c180-43a6-a11a-58912a33bf0b: addNew group-C8F5A74D1DB9:[bdd5aae1-c180-43a6-a11a-58912a33bf0b:192.168.34.37:44158, 97184ed6-1d8a-4db2-a901-2f2d7f2102ca:192.168.34.37:40198, 7550e15a-2ff9-4e5e-b05d-d9f072bd52cf:192.168.34.37:41606] returns group-C8F5A74D1DB9:java.util.concurrent.CompletableFuture@4508cd20[Not completed]
2019-09-17 09:55:50,812 [grpc-default-executor-3] INFO  impl.RaftServerProxy (RaftServerProxy.java:addNew(89)) - 97184ed6-1d8a-4db2-a901-2f2d7f2102ca: addNew group-C8F5A74D1DB9:[bdd5aae1-c180-43a6-a11a-58912a33bf0b:192.168.34.37:44158, 97184ed6-1d8a-4db2-a901-2f2d7f2102ca:192.168.34.37:40198, 7550e15a-2ff9-4e5e-b05d-d9f072bd52cf:192.168.34.37:41606] returns group-C8F5A74D1DB9:java.util.concurrent.CompletableFuture@2265b20a[Not completed]
2019-09-17 09:55:50,812 [grpc-default-executor-8] INFO  impl.RaftServerProxy (RaftServerProxy.java:addNew(89)) - 7550e15a-2ff9-4e5e-b05d-d9f072bd52cf: addNew group-C8F5A74D1DB9:[bdd5aae1-c180-43a6-a11a-58912a33bf0b:192.168.34.37:44158, 97184ed6-1d8a-4db2-a901-2f2d7f2102ca:192.168.34.37:40198, 7550e15a-2ff9-4e5e-b05d-d9f072bd52cf:192.168.34.37:41606] returns group-C8F5A74D1DB9:java.util.concurrent.CompletableFuture@5e1de575[Not completed]
2019-09-17 09:55:50,814 [pool-67-thread-1] INFO  impl.RaftServerImpl (RaftServerImpl.java:<init>(95)) - bdd5aae1-c180-43a6-a11a-58912a33bf0b: new RaftServerImpl for group-C8F5A74D1DB9:[bdd5aae1-c180-43a6-a11a-58912a33bf0b:192.168.34.37:44158, 97184ed6-1d8a-4db2-a901-2f2d7f2102ca:192.168.34.37:40198, 7550e15a-2ff9-4e5e-b05d-d9f072bd52cf:192.168.34.37:41606] with ContainerStateMachine:uninitialized
2019-09-17 09:55:50,814 [pool-67-thread-1] INFO  server.RaftServerConfigKeys (ConfUtils.java:logGet(43)) - raft.server.rpc.timeout.min = 5s (custom)
2019-09-17 09:55:50,814 [pool-67-thread-1] INFO  server.RaftServerConfigKeys (ConfUtils.java:logGet(43)) - raft.server.rpc.timeout.max = 5200ms (custom)
2019-09-17 09:55:50,815 [pool-67-thread-1] INFO  server.RaftServerConfigKeys (ConfUtils.java:logGet(43)) - raft.server.rpcslowness.timeout = 120s (custom)
2019-09-17 09:55:50,815 [pool-67-thread-1] INFO  server.RaftServerConfigKeys (ConfUtils.java:logGet(43)) - raft.server.sleep.deviation.threshold = 300 (default)
2019-09-17 09:55:50,815 [pool-37-thread-1] INFO  impl.RaftServerImpl (RaftServerImpl.java:<init>(95)) - 7550e15a-2ff9-4e5e-b05d-d9f072bd52cf: new RaftServerImpl for group-C8F5A74D1DB9:[bdd5aae1-c180-43a6-a11a-58912a33bf0b:192.168.34.37:44158, 97184ed6-1d8a-4db2-a901-2f2d7f2102ca:192.168.34.37:40198, 7550e15a-2ff9-4e5e-b05d-d9f072bd52cf:192.168.34.37:41606] with ContainerStateMachine:uninitialized
2019-09-17 09:55:50,815 [pool-67-thread-1] INFO  server.RaftServerConfigKeys (ConfUtils.java:logGet(43)) - raft.server.log.appender.install.snapshot.enabled = false (custom)
2019-09-17 09:55:50,815 [pool-37-thread-1] INFO  server.RaftServerConfigKeys (ConfUtils.java:logGet(43)) - raft.server.rpc.timeout.min = 5s (custom)
2019-09-17 09:55:50,815 [pool-67-thread-1] INFO  impl.RaftServerImpl (ServerState.java:<init>(103)) - bdd5aae1-c180-43a6-a11a-58912a33bf0b@group-C8F5A74D1DB9: ConfigurationManager, init=-1: [bdd5aae1-c180-43a6-a11a-58912a33bf0b:192.168.34.37:44158, 97184ed6-1d8a-4db2-a901-2f2d7f2102ca:192.168.34.37:40198, 7550e15a-2ff9-4e5e-b05d-d9f072bd52cf:192.168.34.37:41606], old=null, confs=<EMPTY_MAP>
2019-09-17 09:55:50,815 [pool-37-thread-1] INFO  server.RaftServerConfigKeys (ConfUtils.java:logGet(43)) - raft.server.rpc.timeout.max = 5200ms (custom)
2019-09-17 09:55:50,816 [pool-37-thread-1] INFO  server.RaftServerConfigKeys (ConfUtils.java:logGet(43)) - raft.server.rpcslowness.timeout = 120s (custom)
2019-09-17 09:55:50,816 [pool-37-thread-1] INFO  server.RaftServerConfigKeys (ConfUtils.java:logGet(43)) - raft.server.sleep.deviation.threshold = 300 (default)
2019-09-17 09:55:50,816 [pool-67-thread-1] INFO  server.RaftServerConfigKeys (ConfUtils.java:logGet(43)) - raft.server.storage.dir = [/workdir/hadoop-ozone/integration-test/target/test-dir/MiniOzoneClusterImpl-c52a4728-c2c3-43f5-b549-fba1d53ae1f5/datanode-4/data/ratis] (custom)
2019-09-17 09:55:50,816 [pool-77-thread-1] INFO  impl.RaftServerImpl (RaftServerImpl.java:<init>(95)) - 97184ed6-1d8a-4db2-a901-2f2d7f2102ca: new RaftServerImpl for group-C8F5A74D1DB9:[bdd5aae1-c180-43a6-a11a-58912a33bf0b:192.168.34.37:44158, 97184ed6-1d8a-4db2-a901-2f2d7f2102ca:192.168.34.37:40198, 7550e15a-2ff9-4e5e-b05d-d9f072bd52cf:192.168.34.37:41606] with ContainerStateMachine:uninitialized
2019-09-17 09:55:50,816 [pool-37-thread-1] INFO  server.RaftServerConfigKeys (ConfUtils.java:logGet(43)) - raft.server.log.appender.install.snapshot.enabled = false (custom)
2019-09-17 09:55:50,816 [pool-77-thread-1] INFO  server.RaftServerConfigKeys (ConfUtils.java:logGet(43)) - raft.server.rpc.timeout.min = 5s (custom)
2019-09-17 09:55:50,817 [pool-67-thread-1] INFO  storage.RaftStorageDirectory (RaftStorageDirectory.java:analyzeStorage(246)) - The storage directory /workdir/hadoop-ozone/integration-test/target/test-dir/MiniOzoneClusterImpl-c52a4728-c2c3-43f5-b549-fba1d53ae1f5/datanode-4/data/ratis/e8040a40-da8c-4c75-9a90-c8f5a74d1db9 does not exist. Creating ...
2019-09-17 09:55:50,816 [pool-37-thread-1] INFO  impl.RaftServerImpl (ServerState.java:<init>(103)) - 7550e15a-2ff9-4e5e-b05d-d9f072bd52cf@group-C8F5A74D1DB9: ConfigurationManager, init=-1: [bdd5aae1-c180-43a6-a11a-58912a33bf0b:192.168.34.37:44158, 97184ed6-1d8a-4db2-a901-2f2d7f2102ca:192.168.34.37:40198, 7550e15a-2ff9-4e5e-b05d-d9f072bd52cf:192.168.34.37:41606], old=null, confs=<EMPTY_MAP>
2019-09-17 09:55:50,817 [pool-77-thread-1] INFO  server.RaftServerConfigKeys (ConfUtils.java:logGet(43)) - raft.server.rpc.timeout.max = 5200ms (custom)
2019-09-17 09:55:50,817 [pool-37-thread-1] INFO  server.RaftServerConfigKeys (ConfUtils.java:logGet(43)) - raft.server.storage.dir = [/workdir/hadoop-ozone/integration-test/target/test-dir/MiniOzoneClusterImpl-c52a4728-c2c3-43f5-b549-fba1d53ae1f5/datanode-1/data/ratis] (custom)
2019-09-17 09:55:50,817 [pool-77-thread-1] INFO  server.RaftServerConfigKeys (ConfUtils.java:logGet(43)) - raft.server.rpcslowness.timeout = 120s (custom)
2019-09-17 09:55:50,817 [pool-77-thread-1] INFO  server.RaftServerConfigKeys (ConfUtils.java:logGet(43)) - raft.server.sleep.deviation.threshold = 300 (default)
2019-09-17 09:55:50,818 [pool-37-thread-1] INFO  storage.RaftStorageDirectory (RaftStorageDirectory.java:analyzeStorage(246)) - The storage directory /workdir/hadoop-ozone/integration-test/target/test-dir/MiniOzoneClusterImpl-c52a4728-c2c3-43f5-b549-fba1d53ae1f5/datanode-1/data/ratis/e8040a40-da8c-4c75-9a90-c8f5a74d1db9 does not exist. Creating ...
2019-09-17 09:55:50,818 [pool-77-thread-1] INFO  server.RaftServerConfigKeys (ConfUtils.java:logGet(43)) - raft.server.log.appender.install.snapshot.enabled = false (custom)
2019-09-17 09:55:50,818 [pool-77-thread-1] INFO  impl.RaftServerImpl (ServerState.java:<init>(103)) - 97184ed6-1d8a-4db2-a901-2f2d7f2102ca@group-C8F5A74D1DB9: ConfigurationManager, init=-1: [bdd5aae1-c180-43a6-a11a-58912a33bf0b:192.168.34.37:44158, 97184ed6-1d8a-4db2-a901-2f2d7f2102ca:192.168.34.37:40198, 7550e15a-2ff9-4e5e-b05d-d9f072bd52cf:192.168.34.37:41606], old=null, confs=<EMPTY_MAP>
2019-09-17 09:55:50,818 [pool-77-thread-1] INFO  server.RaftServerConfigKeys (ConfUtils.java:logGet(43)) - raft.server.storage.dir = [/workdir/hadoop-ozone/integration-test/target/test-dir/MiniOzoneClusterImpl-c52a4728-c2c3-43f5-b549-fba1d53ae1f5/datanode-5/data/ratis] (custom)
2019-09-17 09:55:50,818 [pool-77-thread-1] INFO  storage.RaftStorageDirectory (RaftStorageDirectory.java:analyzeStorage(246)) - The storage directory /workdir/hadoop-ozone/integration-test/target/test-dir/MiniOzoneClusterImpl-c52a4728-c2c3-43f5-b549-fba1d53ae1f5/datanode-5/data/ratis/e8040a40-da8c-4c75-9a90-c8f5a74d1db9 does not exist. Creating ...
2019-09-17 09:55:50,842 [pool-77-thread-1] INFO  storage.RaftStorageDirectory (RaftStorageDirectory.java:tryLock(328)) - Lock on /workdir/hadoop-ozone/integration-test/target/test-dir/MiniOzoneClusterImpl-c52a4728-c2c3-43f5-b549-fba1d53ae1f5/datanode-5/data/ratis/e8040a40-da8c-4c75-9a90-c8f5a74d1db9/in_use.lock acquired by nodename 18338@pr-hdds-2110-rdjw6-11158954
2019-09-17 09:55:50,842 [pool-67-thread-1] INFO  storage.RaftStorageDirectory (RaftStorageDirectory.java:tryLock(328)) - Lock on /workdir/hadoop-ozone/integration-test/target/test-dir/MiniOzoneClusterImpl-c52a4728-c2c3-43f5-b549-fba1d53ae1f5/datanode-4/data/ratis/e8040a40-da8c-4c75-9a90-c8f5a74d1db9/in_use.lock acquired by nodename 18338@pr-hdds-2110-rdjw6-11158954
2019-09-17 09:55:50,842 [pool-37-thread-1] INFO  storage.RaftStorageDirectory (RaftStorageDirectory.java:tryLock(328)) - Lock on /workdir/hadoop-ozone/integration-test/target/test-dir/MiniOzoneClusterImpl-c52a4728-c2c3-43f5-b549-fba1d53ae1f5/datanode-1/data/ratis/e8040a40-da8c-4c75-9a90-c8f5a74d1db9/in_use.lock acquired by nodename 18338@pr-hdds-2110-rdjw6-11158954
2019-09-17 09:55:50,857 [pool-77-thread-1] INFO  storage.RaftStorage (RaftStorage.java:format(72)) - Storage directory /workdir/hadoop-ozone/integration-test/target/test-dir/MiniOzoneClusterImpl-c52a4728-c2c3-43f5-b549-fba1d53ae1f5/datanode-5/data/ratis/e8040a40-da8c-4c75-9a90-c8f5a74d1db9 has been successfully formatted.
2019-09-17 09:55:50,857 [pool-67-thread-1] INFO  storage.RaftStorage (RaftStorage.java:format(72)) - Storage directory /workdir/hadoop-ozone/integration-test/target/test-dir/MiniOzoneClusterImpl-c52a4728-c2c3-43f5-b549-fba1d53ae1f5/datanode-4/data/ratis/e8040a40-da8c-4c75-9a90-c8f5a74d1db9 has been successfully formatted.
2019-09-17 09:55:50,857 [pool-77-thread-1] INFO  ratis.ContainerStateMachine (ContainerStateMachine.java:loadSnapshot(230)) - group-C8F5A74D1DB9: The snapshot info is null. Setting the last applied indexto:(t:0, i:~)
2019-09-17 09:55:50,857 [pool-37-thread-1] INFO  storage.RaftStorage (RaftStorage.java:format(72)) - Storage directory /workdir/hadoop-ozone/integration-test/target/test-dir/MiniOzoneClusterImpl-c52a4728-c2c3-43f5-b549-fba1d53ae1f5/datanode-1/data/ratis/e8040a40-da8c-4c75-9a90-c8f5a74d1db9 has been successfully formatted.
2019-09-17 09:55:50,857 [pool-77-thread-1] INFO  server.RaftServerConfigKeys (ConfUtils.java:logGet(43)) - raft.server.notification.no-leader.timeout = 120s (custom)
2019-09-17 09:55:50,858 [pool-37-thread-1] INFO  ratis.ContainerStateMachine (ContainerStateMachine.java:loadSnapshot(230)) - group-C8F5A74D1DB9: The snapshot info is null. Setting the last applied indexto:(t:0, i:~)
2019-09-17 09:55:50,857 [pool-67-thread-1] INFO  ratis.ContainerStateMachine (ContainerStateMachine.java:loadSnapshot(230)) - group-C8F5A74D1DB9: The snapshot info is null. Setting the last applied indexto:(t:0, i:~)
2019-09-17 09:55:50,858 [pool-37-thread-1] INFO  server.RaftServerConfigKeys (ConfUtils.java:logGet(43)) - raft.server.notification.no-leader.timeout = 120s (custom)
2019-09-17 09:55:50,858 [pool-77-thread-1] INFO  server.RaftServerConfigKeys (ConfUtils.java:logGet(43)) - raft.server.log.use.memory = false (default)
2019-09-17 09:55:50,858 [pool-37-thread-1] INFO  server.RaftServerConfigKeys (ConfUtils.java:logGet(43)) - raft.server.log.use.memory = false (default)
2019-09-17 09:55:50,858 [pool-67-thread-1] INFO  server.RaftServerConfigKeys (ConfUtils.java:logGet(43)) - raft.server.notification.no-leader.timeout = 120s (custom)
2019-09-17 09:55:50,858 [pool-37-thread-1] INFO  server.RaftServerConfigKeys (ConfUtils.java:logGet(43)) - raft.server.log.purge.gap = 1000000 (custom)
2019-09-17 09:55:50,859 [pool-37-thread-1] INFO  server.RaftServerConfigKeys (ConfUtils.java:logGet(43)) - raft.server.log.appender.buffer.byte-limit = 33554432 (custom)
2019-09-17 09:55:50,858 [pool-77-thread-1] INFO  server.RaftServerConfigKeys (ConfUtils.java:logGet(43)) - raft.server.log.purge.gap = 1000000 (custom)
2019-09-17 09:55:50,859 [pool-37-thread-1] INFO  server.RaftServerConfigKeys (ConfUtils.java:logGet(43)) - raft.server.log.segment.size.max = 1048576 (custom)
2019-09-17 09:55:50,859 [pool-67-thread-1] INFO  server.RaftServerConfigKeys (ConfUtils.java:logGet(43)) - raft.server.log.use.memory = false (default)
2019-09-17 09:55:50,859 [pool-37-thread-1] INFO  server.RaftServerConfigKeys (ConfUtils.java:logGet(43)) - raft.server.log.segment.cache.num.max = 2 (custom)
2019-09-17 09:55:50,859 [pool-77-thread-1] INFO  server.RaftServerConfigKeys (ConfUtils.java:logGet(43)) - raft.server.log.appender.buffer.byte-limit = 33554432 (custom)
2019-09-17 09:55:50,860 [pool-37-thread-1] INFO  segmented.SegmentedRaftLogWorker (SegmentedRaftLogWorker.java:<init>(172)) - new 7550e15a-2ff9-4e5e-b05d-d9f072bd52cf@group-C8F5A74D1DB9-SegmentedRaftLogWorker for RaftStorage:Storage Directory /workdir/hadoop-ozone/integration-test/target/test-dir/MiniOzoneClusterImpl-c52a4728-c2c3-43f5-b549-fba1d53ae1f5/datanode-1/data/ratis/e8040a40-da8c-4c75-9a90-c8f5a74d1db9
2019-09-17 09:55:50,860 [pool-67-thread-1] INFO  server.RaftServerConfigKeys (ConfUtils.java:logGet(43)) - raft.server.log.purge.gap = 1000000 (custom)
2019-09-17 09:55:50,860 [pool-37-thread-1] INFO  server.RaftServerConfigKeys (ConfUtils.java:logGet(43)) - raft.server.log.queue.byte-limit = 2147483647 (custom)
2019-09-17 09:55:50,860 [pool-77-thread-1] INFO  server.RaftServerConfigKeys (ConfUtils.java:logGet(43)) - raft.server.log.segment.size.max = 1048576 (custom)
2019-09-17 09:55:50,860 [pool-37-thread-1] INFO  server.RaftServerConfigKeys (ConfUtils.java:logGet(43)) - raft.server.log.queue.element-limit = 1024 (custom)
2019-09-17 09:55:50,860 [pool-67-thread-1] INFO  server.RaftServerConfigKeys (ConfUtils.java:logGet(43)) - raft.server.log.appender.buffer.byte-limit = 33554432 (custom)
2019-09-17 09:55:50,861 [pool-37-thread-1] INFO  server.RaftServerConfigKeys (ConfUtils.java:logGet(43)) - raft.server.log.segment.size.max = 1048576 (custom)
2019-09-17 09:55:50,860 [pool-77-thread-1] INFO  server.RaftServerConfigKeys (ConfUtils.java:logGet(43)) - raft.server.log.segment.cache.num.max = 2 (custom)
2019-09-17 09:55:50,861 [pool-37-thread-1] INFO  server.RaftServerConfigKeys (ConfUtils.java:logGet(43)) - raft.server.log.preallocated.size = 16384 (custom)
2019-09-17 09:55:50,861 [pool-67-thread-1] INFO  server.RaftServerConfigKeys (ConfUtils.java:logGet(43)) - raft.server.log.segment.size.max = 1048576 (custom)
2019-09-17 09:55:50,861 [pool-37-thread-1] INFO  server.RaftServerConfigKeys (ConfUtils.java:logGet(43)) - raft.server.log.write.buffer.size = 33554432 (custom)
2019-09-17 09:55:50,862 [pool-37-thread-1] INFO  server.RaftServerConfigKeys (ConfUtils.java:logGet(43)) - raft.server.log.force.sync.num = 128 (default)
2019-09-17 09:55:50,861 [pool-77-thread-1] INFO  segmented.SegmentedRaftLogWorker (SegmentedRaftLogWorker.java:<init>(172)) - new 97184ed6-1d8a-4db2-a901-2f2d7f2102ca@group-C8F5A74D1DB9-SegmentedRaftLogWorker for RaftStorage:Storage Directory /workdir/hadoop-ozone/integration-test/target/test-dir/MiniOzoneClusterImpl-c52a4728-c2c3-43f5-b549-fba1d53ae1f5/datanode-5/data/ratis/e8040a40-da8c-4c75-9a90-c8f5a74d1db9
2019-09-17 09:55:50,862 [pool-37-thread-1] INFO  server.RaftServerConfigKeys (ConfUtils.java:logGet(43)) - raft.server.log.statemachine.data.sync = true (default)
2019-09-17 09:55:50,861 [pool-67-thread-1] INFO  server.RaftServerConfigKeys (ConfUtils.java:logGet(43)) - raft.server.log.segment.cache.num.max = 2 (custom)
2019-09-17 09:55:50,862 [pool-37-thread-1] INFO  server.RaftServerConfigKeys (ConfUtils.java:logGet(43)) - raft.server.log.statemachine.data.sync.timeout = 10s (default)
2019-09-17 09:55:50,862 [pool-77-thread-1] INFO  server.RaftServerConfigKeys (ConfUtils.java:logGet(43)) - raft.server.log.queue.byte-limit = 2147483647 (custom)
2019-09-17 09:55:50,862 [pool-37-thread-1] INFO  server.RaftServerConfigKeys (ConfUtils.java:logGet(43)) - raft.server.log.statemachine.data.sync.timeout.retry = -1 (default)
2019-09-17 09:55:50,862 [pool-67-thread-1] INFO  segmented.SegmentedRaftLogWorker (SegmentedRaftLogWorker.java:<init>(172)) - new bdd5aae1-c180-43a6-a11a-58912a33bf0b@group-C8F5A74D1DB9-SegmentedRaftLogWorker for RaftStorage:Storage Directory /workdir/hadoop-ozone/integration-test/target/test-dir/MiniOzoneClusterImpl-c52a4728-c2c3-43f5-b549-fba1d53ae1f5/datanode-4/data/ratis/e8040a40-da8c-4c75-9a90-c8f5a74d1db9
2019-09-17 09:55:50,863 [pool-37-thread-1] INFO  server.RaftServerConfigKeys (ConfUtils.java:logGet(43)) - raft.server.log.statemachine.data.caching.enabled = true (custom)
2019-09-17 09:55:50,863 [pool-77-thread-1] INFO  server.RaftServerConfigKeys (ConfUtils.java:logGet(43)) - raft.server.log.queue.element-limit = 1024 (custom)
2019-09-17 09:55:50,863 [pool-67-thread-1] INFO  server.RaftServerConfigKeys (ConfUtils.java:logGet(43)) - raft.server.log.queue.byte-limit = 2147483647 (custom)
2019-09-17 09:55:50,863 [pool-37-thread-1] INFO  segmented.SegmentedRaftLogWorker (SegmentedRaftLogWorker.java:lambda$new$0(132)) - 7550e15a-2ff9-4e5e-b05d-d9f072bd52cf@group-C8F5A74D1DB9-SegmentedRaftLogWorker: flushIndex: setUnconditionally 0 -> -1
2019-09-17 09:55:50,863 [pool-77-thread-1] INFO  server.RaftServerConfigKeys (ConfUtils.java:logGet(43)) - raft.server.log.segment.size.max = 1048576 (custom)
2019-09-17 09:55:50,863 [pool-67-thread-1] INFO  server.RaftServerConfigKeys (ConfUtils.java:logGet(43)) - raft.server.log.queue.element-limit = 1024 (custom)
2019-09-17 09:55:50,864 [pool-37-thread-1] INFO  server.RaftServerConfigKeys (ConfUtils.java:logGet(43)) - raft.server.snapshot.auto.trigger.enabled = true (custom)
2019-09-17 09:55:50,864 [pool-77-thread-1] INFO  server.RaftServerConfigKeys (ConfUtils.java:logGet(43)) - raft.server.log.preallocated.size = 16384 (custom)
2019-09-17 09:55:50,864 [pool-37-thread-1] INFO  server.RaftServerConfigKeys (ConfUtils.java:logGet(43)) - raft.server.snapshot.auto.trigger.threshold = 10000 (custom)
2019-09-17 09:55:50,864 [pool-67-thread-1] INFO  server.RaftServerConfigKeys (ConfUtils.java:logGet(43)) - raft.server.log.segment.size.max = 1048576 (custom)
2019-09-17 09:55:50,864 [pool-37-thread-1] INFO  server.RaftServerConfigKeys (ConfUtils.java:logGet(43)) - raft.server.snapshot.retention.num.files = -1 (default)
2019-09-17 09:55:50,864 [pool-77-thread-1] INFO  server.RaftServerConfigKeys (ConfUtils.java:logGet(43)) - raft.server.log.write.buffer.size = 33554432 (custom)
2019-09-17 09:55:50,865 [pool-37-thread-1] INFO  server.RaftServerConfigKeys (ConfUtils.java:logGet(43)) - raft.server.retrycache.expirytime = 600000ms (custom)
2019-09-17 09:55:50,864 [pool-67-thread-1] INFO  server.RaftServerConfigKeys (ConfUtils.java:logGet(43)) - raft.server.log.preallocated.size = 16384 (custom)
2019-09-17 09:55:50,865 [pool-77-thread-1] INFO  server.RaftServerConfigKeys (ConfUtils.java:logGet(43)) - raft.server.log.force.sync.num = 128 (default)
2019-09-17 09:55:50,865 [pool-67-thread-1] INFO  server.RaftServerConfigKeys (ConfUtils.java:logGet(43)) - raft.server.log.write.buffer.size = 33554432 (custom)
2019-09-17 09:55:50,865 [pool-77-thread-1] INFO  server.RaftServerConfigKeys (ConfUtils.java:logGet(43)) - raft.server.log.statemachine.data.sync = true (default)
2019-09-17 09:55:50,865 [pool-67-thread-1] INFO  server.RaftServerConfigKeys (ConfUtils.java:logGet(43)) - raft.server.log.force.sync.num = 128 (default)
2019-09-17 09:55:50,866 [pool-77-thread-1] INFO  server.RaftServerConfigKeys (ConfUtils.java:logGet(43)) - raft.server.log.statemachine.data.sync.timeout = 10s (default)
2019-09-17 09:55:50,866 [pool-67-thread-1] INFO  server.RaftServerConfigKeys (ConfUtils.java:logGet(43)) - raft.server.log.statemachine.data.sync = true (default)
2019-09-17 09:55:50,866 [pool-77-thread-1] INFO  server.RaftServerConfigKeys (ConfUtils.java:logGet(43)) - raft.server.log.statemachine.data.sync.timeout.retry = -1 (default)
2019-09-17 09:55:50,866 [pool-67-thread-1] INFO  server.RaftServerConfigKeys (ConfUtils.java:logGet(43)) - raft.server.log.statemachine.data.sync.timeout = 10s (default)
2019-09-17 09:55:50,866 [pool-77-thread-1] INFO  server.RaftServerConfigKeys (ConfUtils.java:logGet(43)) - raft.server.log.statemachine.data.caching.enabled = true (custom)
2019-09-17 09:55:50,866 [pool-67-thread-1] INFO  server.RaftServerConfigKeys (ConfUtils.java:logGet(43)) - raft.server.log.statemachine.data.sync.timeout.retry = -1 (default)
2019-09-17 09:55:50,867 [pool-77-thread-1] INFO  segmented.SegmentedRaftLogWorker (SegmentedRaftLogWorker.java:lambda$new$0(132)) - 97184ed6-1d8a-4db2-a901-2f2d7f2102ca@group-C8F5A74D1DB9-SegmentedRaftLogWorker: flushIndex: setUnconditionally 0 -> -1
2019-09-17 09:55:50,867 [pool-67-thread-1] INFO  server.RaftServerConfigKeys (ConfUtils.java:logGet(43)) - raft.server.log.statemachine.data.caching.enabled = true (custom)
2019-09-17 09:55:50,867 [pool-77-thread-1] INFO  server.RaftServerConfigKeys (ConfUtils.java:logGet(43)) - raft.server.snapshot.auto.trigger.enabled = true (custom)
2019-09-17 09:55:50,867 [pool-77-thread-1] INFO  server.RaftServerConfigKeys (ConfUtils.java:logGet(43)) - raft.server.snapshot.auto.trigger.threshold = 10000 (custom)
2019-09-17 09:55:50,867 [pool-67-thread-1] INFO  segmented.SegmentedRaftLogWorker (SegmentedRaftLogWorker.java:lambda$new$0(132)) - bdd5aae1-c180-43a6-a11a-58912a33bf0b@group-C8F5A74D1DB9-SegmentedRaftLogWorker: flushIndex: setUnconditionally 0 -> -1
2019-09-17 09:55:50,867 [pool-77-thread-1] INFO  server.RaftServerConfigKeys (ConfUtils.java:logGet(43)) - raft.server.snapshot.retention.num.files = -1 (default)
2019-09-17 09:55:50,868 [pool-67-thread-1] INFO  server.RaftServerConfigKeys (ConfUtils.java:logGet(43)) - raft.server.snapshot.auto.trigger.enabled = true (custom)
2019-09-17 09:55:50,868 [pool-77-thread-1] INFO  server.RaftServerConfigKeys (ConfUtils.java:logGet(43)) - raft.server.retrycache.expirytime = 600000ms (custom)
2019-09-17 09:55:50,868 [pool-67-thread-1] INFO  server.RaftServerConfigKeys (ConfUtils.java:logGet(43)) - raft.server.snapshot.auto.trigger.threshold = 10000 (custom)
2019-09-17 09:55:50,868 [pool-67-thread-1] INFO  server.RaftServerConfigKeys (ConfUtils.java:logGet(43)) - raft.server.snapshot.retention.num.files = -1 (default)
2019-09-17 09:55:50,868 [pool-67-thread-1] INFO  server.RaftServerConfigKeys (ConfUtils.java:logGet(43)) - raft.server.retrycache.expirytime = 600000ms (custom)
2019-09-17 09:55:50,868 [pool-37-thread-1] INFO  impl.RaftServerImpl (RaftServerImpl.java:start(185)) - 7550e15a-2ff9-4e5e-b05d-d9f072bd52cf@group-C8F5A74D1DB9: start as a follower, conf=-1: [bdd5aae1-c180-43a6-a11a-58912a33bf0b:192.168.34.37:44158, 97184ed6-1d8a-4db2-a901-2f2d7f2102ca:192.168.34.37:40198, 7550e15a-2ff9-4e5e-b05d-d9f072bd52cf:192.168.34.37:41606], old=null
2019-09-17 09:55:50,868 [pool-37-thread-1] INFO  impl.RaftServerImpl (RaftServerImpl.java:setRole(174)) - 7550e15a-2ff9-4e5e-b05d-d9f072bd52cf@group-C8F5A74D1DB9: changes role from      null to FOLLOWER at term 0 for startAsFollower
2019-09-17 09:55:50,869 [pool-37-thread-1] INFO  impl.RoleInfo (RoleInfo.java:updateAndGet(143)) - 7550e15a-2ff9-4e5e-b05d-d9f072bd52cf: start FollowerState
2019-09-17 09:55:50,886 [pool-37-thread-1] INFO  util.JmxRegister (JmxRegister.java:tryRegister(44)) - Successfully registered JMX Bean with object name Ratis:service=RaftServer,group=group-C8F5A74D1DB9,id=7550e15a-2ff9-4e5e-b05d-d9f072bd52cf
2019-09-17 09:55:50,895 [pool-77-thread-1] INFO  impl.RaftServerImpl (RaftServerImpl.java:start(185)) - 97184ed6-1d8a-4db2-a901-2f2d7f2102ca@group-C8F5A74D1DB9: start as a follower, conf=-1: [bdd5aae1-c180-43a6-a11a-58912a33bf0b:192.168.34.37:44158, 97184ed6-1d8a-4db2-a901-2f2d7f2102ca:192.168.34.37:40198, 7550e15a-2ff9-4e5e-b05d-d9f072bd52cf:192.168.34.37:41606], old=null
2019-09-17 09:55:50,895 [pool-77-thread-1] INFO  impl.RaftServerImpl (RaftServerImpl.java:setRole(174)) - 97184ed6-1d8a-4db2-a901-2f2d7f2102ca@group-C8F5A74D1DB9: changes role from      null to FOLLOWER at term 0 for startAsFollower
2019-09-17 09:55:50,895 [pool-77-thread-1] INFO  impl.RoleInfo (RoleInfo.java:updateAndGet(143)) - 97184ed6-1d8a-4db2-a901-2f2d7f2102ca: start FollowerState
2019-09-17 09:55:50,896 [pool-67-thread-1] INFO  impl.RaftServerImpl (RaftServerImpl.java:start(185)) - bdd5aae1-c180-43a6-a11a-58912a33bf0b@group-C8F5A74D1DB9: start as a follower, conf=-1: [bdd5aae1-c180-43a6-a11a-58912a33bf0b:192.168.34.37:44158, 97184ed6-1d8a-4db2-a901-2f2d7f2102ca:192.168.34.37:40198, 7550e15a-2ff9-4e5e-b05d-d9f072bd52cf:192.168.34.37:41606], old=null
2019-09-17 09:55:50,896 [pool-77-thread-1] INFO  util.JmxRegister (JmxRegister.java:tryRegister(44)) - Successfully registered JMX Bean with object name Ratis:service=RaftServer,group=group-C8F5A74D1DB9,id=97184ed6-1d8a-4db2-a901-2f2d7f2102ca
2019-09-17 09:55:50,896 [pool-67-thread-1] INFO  impl.RaftServerImpl (RaftServerImpl.java:setRole(174)) - bdd5aae1-c180-43a6-a11a-58912a33bf0b@group-C8F5A74D1DB9: changes role from      null to FOLLOWER at term 0 for startAsFollower
2019-09-17 09:55:50,896 [pool-67-thread-1] INFO  impl.RoleInfo (RoleInfo.java:updateAndGet(143)) - bdd5aae1-c180-43a6-a11a-58912a33bf0b: start FollowerState
2019-09-17 09:55:50,897 [pool-67-thread-1] INFO  util.JmxRegister (JmxRegister.java:tryRegister(44)) - Successfully registered JMX Bean with object name Ratis:service=RaftServer,group=group-C8F5A74D1DB9,id=bdd5aae1-c180-43a6-a11a-58912a33bf0b
2019-09-17 09:55:50,899 [RatisPipelineUtilsThread] INFO  pipeline.PipelineStateManager (PipelineStateManager.java:addPipeline(56)) - Created pipeline Pipeline[ Id: e8040a40-da8c-4c75-9a90-c8f5a74d1db9, Nodes: bdd5aae1-c180-43a6-a11a-58912a33bf0b{ip: 192.168.34.37, host: pr-hdds-2110-rdjw6-11158954, networkLocation: /default-rack, certSerialId: null}97184ed6-1d8a-4db2-a901-2f2d7f2102ca{ip: 192.168.34.37, host: pr-hdds-2110-rdjw6-11158954, networkLocation: /default-rack, certSerialId: null}7550e15a-2ff9-4e5e-b05d-d9f072bd52cf{ip: 192.168.34.37, host: pr-hdds-2110-rdjw6-11158954, networkLocation: /default-rack, certSerialId: null}, Type:RATIS, Factor:THREE, State:OPEN]
2019-09-17 09:55:51,601 [main] WARN  io.KeyOutputStream (KeyOutputStream.java:handleException(276)) - Encountered exception java.io.IOException: Unexpected Storage Container Exception: java.util.concurrent.CompletionException: java.util.concurrent.CompletionException: org.apache.ratis.protocol.GroupMismatchException: 97184ed6-1d8a-4db2-a901-2f2d7f2102ca: group-98B303272373 not found. on the pipeline Pipeline[ Id: f425068e-56e5-48a7-bfb8-98b303272373, Nodes: bdd5aae1-c180-43a6-a11a-58912a33bf0b{ip: 192.168.34.37, host: pr-hdds-2110-rdjw6-11158954, networkLocation: /default-rack, certSerialId: null}97184ed6-1d8a-4db2-a901-2f2d7f2102ca{ip: 192.168.34.37, host: pr-hdds-2110-rdjw6-11158954, networkLocation: /default-rack, certSerialId: null}7550e15a-2ff9-4e5e-b05d-d9f072bd52cf{ip: 192.168.34.37, host: pr-hdds-2110-rdjw6-11158954, networkLocation: /default-rack, certSerialId: null}, Type:RATIS, Factor:THREE, State:OPEN]. The last committed block length is 0, uncommitted data length is 2097152 retry count 0
2019-09-17 09:55:51,652 [grpc-default-executor-8] INFO  client.GrpcClientProtocolClient (GrpcClientProtocolClient.java:onNext(264)) - client-6DB5D824AA41->bdd5aae1-c180-43a6-a11a-58912a33bf0b: receive RaftClientReply:client-6DB5D824AA41->bdd5aae1-c180-43a6-a11a-58912a33bf0b@group-C8F5A74D1DB9, cid=313, FAILED org.apache.ratis.protocol.NotLeaderException: Server bdd5aae1-c180-43a6-a11a-58912a33bf0b@group-C8F5A74D1DB9 is not the leader, logIndex=0, commits[bdd5aae1-c180-43a6-a11a-58912a33bf0b:c-1]
2019-09-17 09:55:52,682 [grpc-default-executor-9] INFO  client.GrpcClientProtocolClient (GrpcClientProtocolClient.java:onNext(264)) - client-6DB5D824AA41->7550e15a-2ff9-4e5e-b05d-d9f072bd52cf: receive RaftClientReply:client-6DB5D824AA41->7550e15a-2ff9-4e5e-b05d-d9f072bd52cf@group-C8F5A74D1DB9, cid=313, FAILED org.apache.ratis.protocol.NotLeaderException: Server 7550e15a-2ff9-4e5e-b05d-d9f072bd52cf@group-C8F5A74D1DB9 is not the leader, logIndex=0, commits[7550e15a-2ff9-4e5e-b05d-d9f072bd52cf:c-1]
2019-09-17 09:55:53,457 [grpc-default-executor-8] INFO  impl.RaftServerProxy (RaftServerProxy.java:remove(95)) - bdd5aae1-c180-43a6-a11a-58912a33bf0b: remove group-98B303272373:null
2019-09-17 09:55:53,461 [RatisPipelineUtilsThread] WARN  pipeline.RatisPipelineUtils (RatisPipelineUtils.java:destroyPipeline(66)) - Pipeline destroy failed for pipeline=PipelineID=f425068e-56e5-48a7-bfb8-98b303272373 dn=bdd5aae1-c180-43a6-a11a-58912a33bf0b{ip: 192.168.34.37, host: pr-hdds-2110-rdjw6-11158954, networkLocation: /default-rack, certSerialId: null}
2019-09-17 09:55:53,463 [grpc-default-executor-8] INFO  impl.RaftServerProxy (RaftServerProxy.java:remove(95)) - 97184ed6-1d8a-4db2-a901-2f2d7f2102ca: remove group-98B303272373:null
2019-09-17 09:55:53,465 [RatisPipelineUtilsThread] WARN  pipeline.RatisPipelineUtils (RatisPipelineUtils.java:destroyPipeline(66)) - Pipeline destroy failed for pipeline=PipelineID=f425068e-56e5-48a7-bfb8-98b303272373 dn=97184ed6-1d8a-4db2-a901-2f2d7f2102ca{ip: 192.168.34.37, host: pr-hdds-2110-rdjw6-11158954, networkLocation: /default-rack, certSerialId: null}
2019-09-17 09:55:53,467 [grpc-default-executor-8] INFO  impl.RaftServerProxy (RaftServerProxy.java:remove(95)) - 7550e15a-2ff9-4e5e-b05d-d9f072bd52cf: remove group-98B303272373:null
2019-09-17 09:55:53,469 [RatisPipelineUtilsThread] WARN  pipeline.RatisPipelineUtils (RatisPipelineUtils.java:destroyPipeline(66)) - Pipeline destroy failed for pipeline=PipelineID=f425068e-56e5-48a7-bfb8-98b303272373 dn=7550e15a-2ff9-4e5e-b05d-d9f072bd52cf{ip: 192.168.34.37, host: pr-hdds-2110-rdjw6-11158954, networkLocation: /default-rack, certSerialId: null}
2019-09-17 09:55:53,470 [RatisPipelineUtilsThread] ERROR pipeline.SCMPipelineManager (Scheduler.java:lambda$schedule$1(70)) - Destroy pipeline failed for pipeline:Pipeline[ Id: f425068e-56e5-48a7-bfb8-98b303272373, Nodes: bdd5aae1-c180-43a6-a11a-58912a33bf0b{ip: 192.168.34.37, host: pr-hdds-2110-rdjw6-11158954, networkLocation: /default-rack, certSerialId: null}97184ed6-1d8a-4db2-a901-2f2d7f2102ca{ip: 192.168.34.37, host: pr-hdds-2110-rdjw6-11158954, networkLocation: /default-rack, certSerialId: null}7550e15a-2ff9-4e5e-b05d-d9f072bd52cf{ip: 192.168.34.37, host: pr-hdds-2110-rdjw6-11158954, networkLocation: /default-rack, certSerialId: null}, Type:RATIS, Factor:THREE, State:CLOSED]
org.apache.hadoop.hdds.scm.pipeline.PipelineNotFoundException: PipelineID=f425068e-56e5-48a7-bfb8-98b303272373 not found
	at org.apache.hadoop.hdds.scm.pipeline.PipelineStateMap.getPipeline(PipelineStateMap.java:132)
	at org.apache.hadoop.hdds.scm.pipeline.PipelineStateMap.removePipeline(PipelineStateMap.java:322)
	at org.apache.hadoop.hdds.scm.pipeline.PipelineStateManager.removePipeline(PipelineStateManager.java:107)
	at org.apache.hadoop.hdds.scm.pipeline.SCMPipelineManager.removePipeline(SCMPipelineManager.java:423)
	at org.apache.hadoop.hdds.scm.pipeline.SCMPipelineManager.destroyPipeline(SCMPipelineManager.java:409)
	at org.apache.hadoop.hdds.scm.pipeline.SCMPipelineManager.lambda$finalizeAndDestroyPipeline$0(SCMPipelineManager.java:318)
	at org.apache.hadoop.utils.Scheduler.lambda$schedule$1(Scheduler.java:68)
	at java.util.concurrent.Executors$RunnableAdapter.call(Executors.java:511)
	at java.util.concurrent.FutureTask.run(FutureTask.java:266)
	at java.util.concurrent.ScheduledThreadPoolExecutor$ScheduledFutureTask.access$201(ScheduledThreadPoolExecutor.java:180)
	at java.util.concurrent.ScheduledThreadPoolExecutor$ScheduledFutureTask.run(ScheduledThreadPoolExecutor.java:293)
	at java.util.concurrent.ThreadPoolExecutor.runWorker(ThreadPoolExecutor.java:1149)
	at java.util.concurrent.ThreadPoolExecutor$Worker.run(ThreadPoolExecutor.java:624)
	at java.lang.Thread.run(Thread.java:748)
2019-09-17 09:55:53,701 [grpc-default-executor-8] INFO  client.GrpcClientProtocolClient (GrpcClientProtocolClient.java:onNext(264)) - client-6DB5D824AA41->bdd5aae1-c180-43a6-a11a-58912a33bf0b: receive RaftClientReply:client-6DB5D824AA41->bdd5aae1-c180-43a6-a11a-58912a33bf0b@group-C8F5A74D1DB9, cid=313, FAILED org.apache.ratis.protocol.NotLeaderException: Server bdd5aae1-c180-43a6-a11a-58912a33bf0b@group-C8F5A74D1DB9 is not the leader, logIndex=0, commits[bdd5aae1-c180-43a6-a11a-58912a33bf0b:c-1]
2019-09-17 09:55:54,472 [grpc-default-executor-9] INFO  impl.RaftServerProxy (RaftServerProxy.java:remove(95)) - bdd5aae1-c180-43a6-a11a-58912a33bf0b: remove group-98B303272373:null
2019-09-17 09:55:54,474 [RatisPipelineUtilsThread] WARN  pipeline.RatisPipelineUtils (RatisPipelineUtils.java:destroyPipeline(66)) - Pipeline destroy failed for pipeline=PipelineID=f425068e-56e5-48a7-bfb8-98b303272373 dn=bdd5aae1-c180-43a6-a11a-58912a33bf0b{ip: 192.168.34.37, host: pr-hdds-2110-rdjw6-11158954, networkLocation: /default-rack, certSerialId: null}
2019-09-17 09:55:54,477 [grpc-default-executor-9] INFO  impl.RaftServerProxy (RaftServerProxy.java:remove(95)) - 97184ed6-1d8a-4db2-a901-2f2d7f2102ca: remove group-98B303272373:null
2019-09-17 09:55:54,479 [RatisPipelineUtilsThread] WARN  pipeline.RatisPipelineUtils (RatisPipelineUtils.java:destroyPipeline(66)) - Pipeline destroy failed for pipeline=PipelineID=f425068e-56e5-48a7-bfb8-98b303272373 dn=97184ed6-1d8a-4db2-a901-2f2d7f2102ca{ip: 192.168.34.37, host: pr-hdds-2110-rdjw6-11158954, networkLocation: /default-rack, certSerialId: null}
2019-09-17 09:55:54,482 [grpc-default-executor-9] INFO  impl.RaftServerProxy (RaftServerProxy.java:remove(95)) - 7550e15a-2ff9-4e5e-b05d-d9f072bd52cf: remove group-98B303272373:null
2019-09-17 09:55:54,484 [RatisPipelineUtilsThread] WARN  pipeline.RatisPipelineUtils (RatisPipelineUtils.java:destroyPipeline(66)) - Pipeline destroy failed for pipeline=PipelineID=f425068e-56e5-48a7-bfb8-98b303272373 dn=7550e15a-2ff9-4e5e-b05d-d9f072bd52cf{ip: 192.168.34.37, host: pr-hdds-2110-rdjw6-11158954, networkLocation: /default-rack, certSerialId: null}
2019-09-17 09:55:54,484 [RatisPipelineUtilsThread] ERROR pipeline.SCMPipelineManager (Scheduler.java:lambda$schedule$1(70)) - Destroy pipeline failed for pipeline:Pipeline[ Id: f425068e-56e5-48a7-bfb8-98b303272373, Nodes: bdd5aae1-c180-43a6-a11a-58912a33bf0b{ip: 192.168.34.37, host: pr-hdds-2110-rdjw6-11158954, networkLocation: /default-rack, certSerialId: null}97184ed6-1d8a-4db2-a901-2f2d7f2102ca{ip: 192.168.34.37, host: pr-hdds-2110-rdjw6-11158954, networkLocation: /default-rack, certSerialId: null}7550e15a-2ff9-4e5e-b05d-d9f072bd52cf{ip: 192.168.34.37, host: pr-hdds-2110-rdjw6-11158954, networkLocation: /default-rack, certSerialId: null}, Type:RATIS, Factor:THREE, State:CLOSED]
org.apache.hadoop.hdds.scm.pipeline.PipelineNotFoundException: PipelineID=f425068e-56e5-48a7-bfb8-98b303272373 not found
	at org.apache.hadoop.hdds.scm.pipeline.PipelineStateMap.getPipeline(PipelineStateMap.java:132)
	at org.apache.hadoop.hdds.scm.pipeline.PipelineStateMap.removePipeline(PipelineStateMap.java:322)
	at org.apache.hadoop.hdds.scm.pipeline.PipelineStateManager.removePipeline(PipelineStateManager.java:107)
	at org.apache.hadoop.hdds.scm.pipeline.SCMPipelineManager.removePipeline(SCMPipelineManager.java:423)
	at org.apache.hadoop.hdds.scm.pipeline.SCMPipelineManager.destroyPipeline(SCMPipelineManager.java:409)
	at org.apache.hadoop.hdds.scm.pipeline.SCMPipelineManager.lambda$finalizeAndDestroyPipeline$0(SCMPipelineManager.java:318)
	at org.apache.hadoop.utils.Scheduler.lambda$schedule$1(Scheduler.java:68)
	at java.util.concurrent.Executors$RunnableAdapter.call(Executors.java:511)
	at java.util.concurrent.FutureTask.run(FutureTask.java:266)
	at java.util.concurrent.ScheduledThreadPoolExecutor$ScheduledFutureTask.access$201(ScheduledThreadPoolExecutor.java:180)
	at java.util.concurrent.ScheduledThreadPoolExecutor$ScheduledFutureTask.run(ScheduledThreadPoolExecutor.java:293)
	at java.util.concurrent.ThreadPoolExecutor.runWorker(ThreadPoolExecutor.java:1149)
	at java.util.concurrent.ThreadPoolExecutor$Worker.run(ThreadPoolExecutor.java:624)
	at java.lang.Thread.run(Thread.java:748)
2019-09-17 09:55:54,723 [grpc-default-executor-3] INFO  client.GrpcClientProtocolClient (GrpcClientProtocolClient.java:onNext(264)) - client-6DB5D824AA41->7550e15a-2ff9-4e5e-b05d-d9f072bd52cf: receive RaftClientReply:client-6DB5D824AA41->7550e15a-2ff9-4e5e-b05d-d9f072bd52cf@group-C8F5A74D1DB9, cid=313, FAILED org.apache.ratis.protocol.NotLeaderException: Server 7550e15a-2ff9-4e5e-b05d-d9f072bd52cf@group-C8F5A74D1DB9 is not the leader, logIndex=0, commits[7550e15a-2ff9-4e5e-b05d-d9f072bd52cf:c-1]
2019-09-17 09:55:55,751 [grpc-default-executor-8] INFO  client.GrpcClientProtocolClient (GrpcClientProtocolClient.java:onNext(264)) - client-6DB5D824AA41->bdd5aae1-c180-43a6-a11a-58912a33bf0b: receive RaftClientReply:client-6DB5D824AA41->bdd5aae1-c180-43a6-a11a-58912a33bf0b@group-C8F5A74D1DB9, cid=313, FAILED org.apache.ratis.protocol.NotLeaderException: Server bdd5aae1-c180-43a6-a11a-58912a33bf0b@group-C8F5A74D1DB9 is not the leader, logIndex=0, commits[bdd5aae1-c180-43a6-a11a-58912a33bf0b:c-1]
2019-09-17 09:55:55,908 [Thread-2387] INFO  impl.FollowerState (FollowerState.java:run(106)) - 7550e15a-2ff9-4e5e-b05d-d9f072bd52cf:group-C8F5A74D1DB9 changes to CANDIDATE, lastRpcTime:5039, electionTimeout:5039ms
2019-09-17 09:55:55,909 [Thread-2387] INFO  impl.RoleInfo (RoleInfo.java:shutdownFollowerState(121)) - 7550e15a-2ff9-4e5e-b05d-d9f072bd52cf: shutdown FollowerState
2019-09-17 09:55:55,909 [Thread-2387] INFO  impl.RaftServerImpl (RaftServerImpl.java:setRole(174)) - 7550e15a-2ff9-4e5e-b05d-d9f072bd52cf@group-C8F5A74D1DB9: changes role from  FOLLOWER to CANDIDATE at term 0 for changeToCandidate
2019-09-17 09:55:55,909 [Thread-2387] INFO  impl.RoleInfo (RoleInfo.java:updateAndGet(143)) - 7550e15a-2ff9-4e5e-b05d-d9f072bd52cf: start LeaderElection
2019-09-17 09:55:55,946 [7550e15a-2ff9-4e5e-b05d-d9f072bd52cf@group-C8F5A74D1DB9:LeaderElection16] INFO  impl.LeaderElection (LeaderElection.java:askForVotes(182)) - 7550e15a-2ff9-4e5e-b05d-d9f072bd52cf@group-C8F5A74D1DB9:LeaderElection16: begin an election at term 1 for -1: [bdd5aae1-c180-43a6-a11a-58912a33bf0b:192.168.34.37:44158, 97184ed6-1d8a-4db2-a901-2f2d7f2102ca:192.168.34.37:40198, 7550e15a-2ff9-4e5e-b05d-d9f072bd52cf:192.168.34.37:41606], old=null
2019-09-17 09:55:55,953 [grpc-default-executor-3] INFO  impl.RaftServerImpl (RaftServerImpl.java:setRole(174)) - bdd5aae1-c180-43a6-a11a-58912a33bf0b@group-C8F5A74D1DB9: changes role from  FOLLOWER to FOLLOWER at term 1 for recognizeCandidate:7550e15a-2ff9-4e5e-b05d-d9f072bd52cf
2019-09-17 09:55:55,953 [grpc-default-executor-8] INFO  impl.RaftServerImpl (RaftServerImpl.java:setRole(174)) - 97184ed6-1d8a-4db2-a901-2f2d7f2102ca@group-C8F5A74D1DB9: changes role from  FOLLOWER to FOLLOWER at term 1 for recognizeCandidate:7550e15a-2ff9-4e5e-b05d-d9f072bd52cf
2019-09-17 09:55:55,953 [grpc-default-executor-3] INFO  impl.RoleInfo (RoleInfo.java:shutdownFollowerState(121)) - bdd5aae1-c180-43a6-a11a-58912a33bf0b: shutdown FollowerState
2019-09-17 09:55:55,953 [grpc-default-executor-8] INFO  impl.RoleInfo (RoleInfo.java:shutdownFollowerState(121)) - 97184ed6-1d8a-4db2-a901-2f2d7f2102ca: shutdown FollowerState
2019-09-17 09:55:55,953 [grpc-default-executor-3] INFO  impl.RoleInfo (RoleInfo.java:updateAndGet(143)) - bdd5aae1-c180-43a6-a11a-58912a33bf0b: start FollowerState
2019-09-17 09:55:55,954 [Thread-2389] INFO  impl.FollowerState (FollowerState.java:run(115)) - 97184ed6-1d8a-4db2-a901-2f2d7f2102ca: FollowerState was interrupted: java.lang.InterruptedException: sleep interrupted
2019-09-17 09:55:55,954 [grpc-default-executor-8] INFO  impl.RoleInfo (RoleInfo.java:updateAndGet(143)) - 97184ed6-1d8a-4db2-a901-2f2d7f2102ca: start FollowerState
2019-09-17 09:55:55,954 [Thread-2391] INFO  impl.FollowerState (FollowerState.java:run(115)) - bdd5aae1-c180-43a6-a11a-58912a33bf0b: FollowerState was interrupted: java.lang.InterruptedException: sleep interrupted
2019-09-17 09:55:55,984 [7550e15a-2ff9-4e5e-b05d-d9f072bd52cf@group-C8F5A74D1DB9:LeaderElection16] INFO  impl.LeaderElection (LeaderElection.java:logAndReturn(56)) - 7550e15a-2ff9-4e5e-b05d-d9f072bd52cf@group-C8F5A74D1DB9:LeaderElection16: Election PASSED; received 1 response(s) [7550e15a-2ff9-4e5e-b05d-d9f072bd52cf<-bdd5aae1-c180-43a6-a11a-58912a33bf0b#0:OK-t1] and 0 exception(s); 7550e15a-2ff9-4e5e-b05d-d9f072bd52cf@group-C8F5A74D1DB9:t1, leader=null, voted=7550e15a-2ff9-4e5e-b05d-d9f072bd52cf, raftlog=7550e15a-2ff9-4e5e-b05d-d9f072bd52cf@group-C8F5A74D1DB9-SegmentedRaftLog:OPENED:c-1,f-1,i0, conf=-1: [bdd5aae1-c180-43a6-a11a-58912a33bf0b:192.168.34.37:44158, 97184ed6-1d8a-4db2-a901-2f2d7f2102ca:192.168.34.37:40198, 7550e15a-2ff9-4e5e-b05d-d9f072bd52cf:192.168.34.37:41606], old=null
2019-09-17 09:55:55,984 [7550e15a-2ff9-4e5e-b05d-d9f072bd52cf@group-C8F5A74D1DB9:LeaderElection16] INFO  impl.RoleInfo (RoleInfo.java:shutdownLeaderElection(134)) - 7550e15a-2ff9-4e5e-b05d-d9f072bd52cf: shutdown LeaderElection
2019-09-17 09:55:55,986 [7550e15a-2ff9-4e5e-b05d-d9f072bd52cf@group-C8F5A74D1DB9:LeaderElection16] INFO  impl.RaftServerImpl (RaftServerImpl.java:setRole(174)) - 7550e15a-2ff9-4e5e-b05d-d9f072bd52cf@group-C8F5A74D1DB9: changes role from CANDIDATE to LEADER at term 1 for changeToLeader
2019-09-17 09:55:55,986 [7550e15a-2ff9-4e5e-b05d-d9f072bd52cf@group-C8F5A74D1DB9:LeaderElection16] INFO  impl.RaftServerImpl (ServerState.java:setLeader(253)) - 7550e15a-2ff9-4e5e-b05d-d9f072bd52cf@group-C8F5A74D1DB9: change Leader from null to 7550e15a-2ff9-4e5e-b05d-d9f072bd52cf at term 1 for becomeLeader, leader elected after 5128ms
2019-09-17 09:55:55,987 [7550e15a-2ff9-4e5e-b05d-d9f072bd52cf@group-C8F5A74D1DB9:LeaderElection16] INFO  server.RaftServerConfigKeys (ConfUtils.java:logGet(43)) - raft.server.staging.catchup.gap = 1000 (default)
2019-09-17 09:55:55,987 [7550e15a-2ff9-4e5e-b05d-d9f072bd52cf@group-C8F5A74D1DB9:LeaderElection16] INFO  server.RaftServerConfigKeys (ConfUtils.java:logGet(43)) - raft.server.rpc.sleep.time = 25ms (default)
2019-09-17 09:55:55,987 [7550e15a-2ff9-4e5e-b05d-d9f072bd52cf@group-C8F5A74D1DB9:LeaderElection16] INFO  server.RaftServerConfigKeys (ConfUtils.java:logGet(43)) - raft.server.write.element-limit = 4096 (default)
2019-09-17 09:55:55,987 [7550e15a-2ff9-4e5e-b05d-d9f072bd52cf@group-C8F5A74D1DB9:LeaderElection16] INFO  server.RaftServerConfigKeys (ConfUtils.java:logGet(43)) - raft.server.watch.timeout = 10s (default)
2019-09-17 09:55:55,988 [7550e15a-2ff9-4e5e-b05d-d9f072bd52cf@group-C8F5A74D1DB9:LeaderElection16] INFO  server.RaftServerConfigKeys (ConfUtils.java:logGet(43)) - raft.server.watch.timeout.denomination = 1s (default)
2019-09-17 09:55:55,988 [7550e15a-2ff9-4e5e-b05d-d9f072bd52cf@group-C8F5A74D1DB9:LeaderElection16] INFO  server.RaftServerConfigKeys (ConfUtils.java:logGet(43)) - raft.server.watch.element-limit = 65536 (default)
2019-09-17 09:55:55,991 [7550e15a-2ff9-4e5e-b05d-d9f072bd52cf@group-C8F5A74D1DB9:LeaderElection16] INFO  server.RaftServerConfigKeys (ConfUtils.java:logGet(43)) - raft.server.log.appender.snapshot.chunk.size.max = 16MB (=16777216) (default)
2019-09-17 09:55:55,991 [7550e15a-2ff9-4e5e-b05d-d9f072bd52cf@group-C8F5A74D1DB9:LeaderElection16] INFO  server.RaftServerConfigKeys (ConfUtils.java:logGet(43)) - raft.server.log.appender.buffer.byte-limit = 33554432 (custom)
2019-09-17 09:55:55,991 [7550e15a-2ff9-4e5e-b05d-d9f072bd52cf@group-C8F5A74D1DB9:LeaderElection16] INFO  server.RaftServerConfigKeys (ConfUtils.java:logGet(43)) - raft.server.log.appender.buffer.element-limit = 1 (custom)
2019-09-17 09:55:55,992 [7550e15a-2ff9-4e5e-b05d-d9f072bd52cf@group-C8F5A74D1DB9:LeaderElection16] INFO  grpc.GrpcConfigKeys$Server (ConfUtils.java:logGet(43)) - raft.grpc.server.leader.outstanding.appends.max = 128 (default)
2019-09-17 09:55:55,992 [7550e15a-2ff9-4e5e-b05d-d9f072bd52cf@group-C8F5A74D1DB9:LeaderElection16] INFO  server.RaftServerConfigKeys (ConfUtils.java:logGet(43)) - raft.server.rpc.request.timeout = 3000ms (default)
2019-09-17 09:55:55,992 [7550e15a-2ff9-4e5e-b05d-d9f072bd52cf@group-C8F5A74D1DB9:LeaderElection16] INFO  server.RaftServerConfigKeys (ConfUtils.java:logGet(43)) - raft.server.log.appender.install.snapshot.enabled = false (custom)
2019-09-17 09:55:55,992 [7550e15a-2ff9-4e5e-b05d-d9f072bd52cf@group-C8F5A74D1DB9:LeaderElection16] INFO  server.RaftServerConfigKeys (ConfUtils.java:logGet(43)) - raft.server.log.appender.snapshot.chunk.size.max = 16MB (=16777216) (default)
2019-09-17 09:55:55,993 [7550e15a-2ff9-4e5e-b05d-d9f072bd52cf@group-C8F5A74D1DB9:LeaderElection16] INFO  server.RaftServerConfigKeys (ConfUtils.java:logGet(43)) - raft.server.log.appender.buffer.byte-limit = 33554432 (custom)
2019-09-17 09:55:55,993 [7550e15a-2ff9-4e5e-b05d-d9f072bd52cf@group-C8F5A74D1DB9:LeaderElection16] INFO  server.RaftServerConfigKeys (ConfUtils.java:logGet(43)) - raft.server.log.appender.buffer.element-limit = 1 (custom)
2019-09-17 09:55:55,993 [7550e15a-2ff9-4e5e-b05d-d9f072bd52cf@group-C8F5A74D1DB9:LeaderElection16] INFO  grpc.GrpcConfigKeys$Server (ConfUtils.java:logGet(43)) - raft.grpc.server.leader.outstanding.appends.max = 128 (default)
2019-09-17 09:55:55,993 [7550e15a-2ff9-4e5e-b05d-d9f072bd52cf@group-C8F5A74D1DB9:LeaderElection16] INFO  server.RaftServerConfigKeys (ConfUtils.java:logGet(43)) - raft.server.rpc.request.timeout = 3000ms (default)
2019-09-17 09:55:55,993 [7550e15a-2ff9-4e5e-b05d-d9f072bd52cf@group-C8F5A74D1DB9:LeaderElection16] INFO  server.RaftServerConfigKeys (ConfUtils.java:logGet(43)) - raft.server.log.appender.install.snapshot.enabled = false (custom)
2019-09-17 09:55:55,994 [7550e15a-2ff9-4e5e-b05d-d9f072bd52cf@group-C8F5A74D1DB9:LeaderElection16] INFO  impl.RoleInfo (RoleInfo.java:updateAndGet(143)) - 7550e15a-2ff9-4e5e-b05d-d9f072bd52cf: start LeaderState
2019-09-17 09:55:55,994 [7550e15a-2ff9-4e5e-b05d-d9f072bd52cf@group-C8F5A74D1DB9:LeaderElection16] INFO  segmented.SegmentedRaftLogWorker (SegmentedRaftLogWorker.java:startLogSegment(380)) - 7550e15a-2ff9-4e5e-b05d-d9f072bd52cf@group-C8F5A74D1DB9-SegmentedRaftLogWorker: Starting segment from index:0
2019-09-17 09:55:56,030 [7550e15a-2ff9-4e5e-b05d-d9f072bd52cf@group-C8F5A74D1DB9:LeaderElection16] INFO  impl.RaftServerImpl (ServerState.java:setRaftConf(354)) - 7550e15a-2ff9-4e5e-b05d-d9f072bd52cf@group-C8F5A74D1DB9: set configuration 0: [bdd5aae1-c180-43a6-a11a-58912a33bf0b:192.168.34.37:44158, 97184ed6-1d8a-4db2-a901-2f2d7f2102ca:192.168.34.37:40198, 7550e15a-2ff9-4e5e-b05d-d9f072bd52cf:192.168.34.37:41606], old=null at 0
2019-09-17 09:55:56,037 [grpc-default-executor-3] INFO  impl.RaftServerImpl (ServerState.java:setLeader(253)) - 97184ed6-1d8a-4db2-a901-2f2d7f2102ca@group-C8F5A74D1DB9: change Leader from null to 7550e15a-2ff9-4e5e-b05d-d9f072bd52cf at term 1 for appendEntries, leader elected after 5179ms
2019-09-17 09:55:56,037 [grpc-default-executor-8] INFO  impl.RaftServerImpl (ServerState.java:setLeader(253)) - bdd5aae1-c180-43a6-a11a-58912a33bf0b@group-C8F5A74D1DB9: change Leader from null to 7550e15a-2ff9-4e5e-b05d-d9f072bd52cf at term 1 for appendEntries, leader elected after 5178ms
2019-09-17 09:55:56,039 [grpc-default-executor-3] INFO  impl.RaftServerImpl (ServerState.java:setRaftConf(354)) - bdd5aae1-c180-43a6-a11a-58912a33bf0b@group-C8F5A74D1DB9: set configuration 0: [bdd5aae1-c180-43a6-a11a-58912a33bf0b:192.168.34.37:44158, 97184ed6-1d8a-4db2-a901-2f2d7f2102ca:192.168.34.37:40198, 7550e15a-2ff9-4e5e-b05d-d9f072bd52cf:192.168.34.37:41606], old=null at 0
2019-09-17 09:55:56,039 [grpc-default-executor-8] INFO  impl.RaftServerImpl (ServerState.java:setRaftConf(354)) - 97184ed6-1d8a-4db2-a901-2f2d7f2102ca@group-C8F5A74D1DB9: set configuration 0: [bdd5aae1-c180-43a6-a11a-58912a33bf0b:192.168.34.37:44158, 97184ed6-1d8a-4db2-a901-2f2d7f2102ca:192.168.34.37:40198, 7550e15a-2ff9-4e5e-b05d-d9f072bd52cf:192.168.34.37:41606], old=null at 0
2019-09-17 09:55:56,040 [grpc-default-executor-3] INFO  segmented.SegmentedRaftLogWorker (SegmentedRaftLogWorker.java:startLogSegment(380)) - bdd5aae1-c180-43a6-a11a-58912a33bf0b@group-C8F5A74D1DB9-SegmentedRaftLogWorker: Starting segment from index:0
2019-09-17 09:55:56,040 [grpc-default-executor-8] INFO  segmented.SegmentedRaftLogWorker (SegmentedRaftLogWorker.java:startLogSegment(380)) - 97184ed6-1d8a-4db2-a901-2f2d7f2102ca@group-C8F5A74D1DB9-SegmentedRaftLogWorker: Starting segment from index:0
2019-09-17 09:55:56,042 [7550e15a-2ff9-4e5e-b05d-d9f072bd52cf@group-C8F5A74D1DB9-SegmentedRaftLogWorker] INFO  segmented.SegmentedRaftLogWorker (SegmentedRaftLogWorker.java:execute(569)) - 7550e15a-2ff9-4e5e-b05d-d9f072bd52cf@group-C8F5A74D1DB9-SegmentedRaftLogWorker: created new log segment /workdir/hadoop-ozone/integration-test/target/test-dir/MiniOzoneClusterImpl-c52a4728-c2c3-43f5-b549-fba1d53ae1f5/datanode-1/data/ratis/e8040a40-da8c-4c75-9a90-c8f5a74d1db9/current/log_inprogress_0
2019-09-17 09:55:56,089 [97184ed6-1d8a-4db2-a901-2f2d7f2102ca@group-C8F5A74D1DB9-SegmentedRaftLogWorker] INFO  segmented.SegmentedRaftLogWorker (SegmentedRaftLogWorker.java:execute(569)) - 97184ed6-1d8a-4db2-a901-2f2d7f2102ca@group-C8F5A74D1DB9-SegmentedRaftLogWorker: created new log segment /workdir/hadoop-ozone/integration-test/target/test-dir/MiniOzoneClusterImpl-c52a4728-c2c3-43f5-b549-fba1d53ae1f5/datanode-5/data/ratis/e8040a40-da8c-4c75-9a90-c8f5a74d1db9/current/log_inprogress_0
2019-09-17 09:55:56,089 [bdd5aae1-c180-43a6-a11a-58912a33bf0b@group-C8F5A74D1DB9-SegmentedRaftLogWorker] INFO  segmented.SegmentedRaftLogWorker (SegmentedRaftLogWorker.java:execute(569)) - bdd5aae1-c180-43a6-a11a-58912a33bf0b@group-C8F5A74D1DB9-SegmentedRaftLogWorker: created new log segment /workdir/hadoop-ozone/integration-test/target/test-dir/MiniOzoneClusterImpl-c52a4728-c2c3-43f5-b549-fba1d53ae1f5/datanode-4/data/ratis/e8040a40-da8c-4c75-9a90-c8f5a74d1db9/current/log_inprogress_0
2019-09-17 09:55:56,474 [grpc-default-executor-8] INFO  impl.RaftServerProxy (RaftServerProxy.java:remove(95)) - bdd5aae1-c180-43a6-a11a-58912a33bf0b: remove group-98B303272373:null
2019-09-17 09:55:56,477 [RatisPipelineUtilsThread] WARN  pipeline.RatisPipelineUtils (RatisPipelineUtils.java:destroyPipeline(66)) - Pipeline destroy failed for pipeline=PipelineID=f425068e-56e5-48a7-bfb8-98b303272373 dn=bdd5aae1-c180-43a6-a11a-58912a33bf0b{ip: 192.168.34.37, host: pr-hdds-2110-rdjw6-11158954, networkLocation: /default-rack, certSerialId: null}
2019-09-17 09:55:56,479 [grpc-default-executor-8] INFO  impl.RaftServerProxy (RaftServerProxy.java:remove(95)) - 97184ed6-1d8a-4db2-a901-2f2d7f2102ca: remove group-98B303272373:null
2019-09-17 09:55:56,482 [RatisPipelineUtilsThread] WARN  pipeline.RatisPipelineUtils (RatisPipelineUtils.java:destroyPipeline(66)) - Pipeline destroy failed for pipeline=PipelineID=f425068e-56e5-48a7-bfb8-98b303272373 dn=97184ed6-1d8a-4db2-a901-2f2d7f2102ca{ip: 192.168.34.37, host: pr-hdds-2110-rdjw6-11158954, networkLocation: /default-rack, certSerialId: null}
2019-09-17 09:55:56,484 [grpc-default-executor-8] INFO  impl.RaftServerProxy (RaftServerProxy.java:remove(95)) - 7550e15a-2ff9-4e5e-b05d-d9f072bd52cf: remove group-98B303272373:null
2019-09-17 09:55:56,486 [RatisPipelineUtilsThread] WARN  pipeline.RatisPipelineUtils (RatisPipelineUtils.java:destroyPipeline(66)) - Pipeline destroy failed for pipeline=PipelineID=f425068e-56e5-48a7-bfb8-98b303272373 dn=7550e15a-2ff9-4e5e-b05d-d9f072bd52cf{ip: 192.168.34.37, host: pr-hdds-2110-rdjw6-11158954, networkLocation: /default-rack, certSerialId: null}
2019-09-17 09:55:56,486 [RatisPipelineUtilsThread] ERROR pipeline.SCMPipelineManager (Scheduler.java:lambda$schedule$1(70)) - Destroy pipeline failed for pipeline:Pipeline[ Id: f425068e-56e5-48a7-bfb8-98b303272373, Nodes: bdd5aae1-c180-43a6-a11a-58912a33bf0b{ip: 192.168.34.37, host: pr-hdds-2110-rdjw6-11158954, networkLocation: /default-rack, certSerialId: null}97184ed6-1d8a-4db2-a901-2f2d7f2102ca{ip: 192.168.34.37, host: pr-hdds-2110-rdjw6-11158954, networkLocation: /default-rack, certSerialId: null}7550e15a-2ff9-4e5e-b05d-d9f072bd52cf{ip: 192.168.34.37, host: pr-hdds-2110-rdjw6-11158954, networkLocation: /default-rack, certSerialId: null}, Type:RATIS, Factor:THREE, State:CLOSED]
org.apache.hadoop.hdds.scm.pipeline.PipelineNotFoundException: PipelineID=f425068e-56e5-48a7-bfb8-98b303272373 not found
	at org.apache.hadoop.hdds.scm.pipeline.PipelineStateMap.getPipeline(PipelineStateMap.java:132)
	at org.apache.hadoop.hdds.scm.pipeline.PipelineStateMap.removePipeline(PipelineStateMap.java:322)
	at org.apache.hadoop.hdds.scm.pipeline.PipelineStateManager.removePipeline(PipelineStateManager.java:107)
	at org.apache.hadoop.hdds.scm.pipeline.SCMPipelineManager.removePipeline(SCMPipelineManager.java:423)
	at org.apache.hadoop.hdds.scm.pipeline.SCMPipelineManager.destroyPipeline(SCMPipelineManager.java:409)
	at org.apache.hadoop.hdds.scm.pipeline.SCMPipelineManager.lambda$finalizeAndDestroyPipeline$0(SCMPipelineManager.java:318)
	at org.apache.hadoop.utils.Scheduler.lambda$schedule$1(Scheduler.java:68)
	at java.util.concurrent.Executors$RunnableAdapter.call(Executors.java:511)
	at java.util.concurrent.FutureTask.run(FutureTask.java:266)
	at java.util.concurrent.ScheduledThreadPoolExecutor$ScheduledFutureTask.access$201(ScheduledThreadPoolExecutor.java:180)
	at java.util.concurrent.ScheduledThreadPoolExecutor$ScheduledFutureTask.run(ScheduledThreadPoolExecutor.java:293)
	at java.util.concurrent.ThreadPoolExecutor.runWorker(ThreadPoolExecutor.java:1149)
	at java.util.concurrent.ThreadPoolExecutor$Worker.run(ThreadPoolExecutor.java:624)
	at java.lang.Thread.run(Thread.java:748)
2019-09-17 09:55:56,945 [grpc-default-executor-9] INFO  client.GrpcClientProtocolClient (GrpcClientProtocolClient.java:onNext(264)) - client-6DB5D824AA41->7550e15a-2ff9-4e5e-b05d-d9f072bd52cf: receive RaftClientReply:client-6DB5D824AA41->7550e15a-2ff9-4e5e-b05d-d9f072bd52cf@group-C8F5A74D1DB9, cid=313, SUCCESS, logIndex=1, commits[7550e15a-2ff9-4e5e-b05d-d9f072bd52cf:c1, bdd5aae1-c180-43a6-a11a-58912a33bf0b:c0, 97184ed6-1d8a-4db2-a901-2f2d7f2102ca:c0]
2019-09-17 09:55:57,200 [grpc-default-executor-10] INFO  client.GrpcClientProtocolClient (GrpcClientProtocolClient.java:onNext(264)) - client-6DB5D824AA41->7550e15a-2ff9-4e5e-b05d-d9f072bd52cf: receive RaftClientReply:client-6DB5D824AA41->7550e15a-2ff9-4e5e-b05d-d9f072bd52cf@group-C8F5A74D1DB9, cid=314, SUCCESS, logIndex=3, commits[7550e15a-2ff9-4e5e-b05d-d9f072bd52cf:c8, bdd5aae1-c180-43a6-a11a-58912a33bf0b:c5, 97184ed6-1d8a-4db2-a901-2f2d7f2102ca:c5]
2019-09-17 09:55:57,201 [grpc-default-executor-10] INFO  client.GrpcClientProtocolClient (GrpcClientProtocolClient.java:onNext(264)) - client-6DB5D824AA41->7550e15a-2ff9-4e5e-b05d-d9f072bd52cf: receive RaftClientReply:client-6DB5D824AA41->7550e15a-2ff9-4e5e-b05d-d9f072bd52cf@group-C8F5A74D1DB9, cid=315, SUCCESS, logIndex=4, commits[7550e15a-2ff9-4e5e-b05d-d9f072bd52cf:c8, bdd5aae1-c180-43a6-a11a-58912a33bf0b:c5, 97184ed6-1d8a-4db2-a901-2f2d7f2102ca:c5]
2019-09-17 09:55:57,311 [grpc-default-executor-10] INFO  client.GrpcClientProtocolClient (GrpcClientProtocolClient.java:onNext(264)) - client-6DB5D824AA41->7550e15a-2ff9-4e5e-b05d-d9f072bd52cf: receive RaftClientReply:client-6DB5D824AA41->7550e15a-2ff9-4e5e-b05d-d9f072bd52cf@group-C8F5A74D1DB9, cid=316, SUCCESS, logIndex=5, commits[7550e15a-2ff9-4e5e-b05d-d9f072bd52cf:c8, bdd5aae1-c180-43a6-a11a-58912a33bf0b:c5, 97184ed6-1d8a-4db2-a901-2f2d7f2102ca:c5]
2019-09-17 09:55:57,337 [grpc-default-executor-10] INFO  client.GrpcClientProtocolClient (GrpcClientProtocolClient.java:onNext(264)) - client-6DB5D824AA41->7550e15a-2ff9-4e5e-b05d-d9f072bd52cf: receive RaftClientReply:client-6DB5D824AA41->7550e15a-2ff9-4e5e-b05d-d9f072bd52cf@group-C8F5A74D1DB9, cid=326, SUCCESS, logIndex=9, commits[7550e15a-2ff9-4e5e-b05d-d9f072bd52cf:c12, bdd5aae1-c180-43a6-a11a-58912a33bf0b:c8, 97184ed6-1d8a-4db2-a901-2f2d7f2102ca:c8]
2019-09-17 09:55:57,338 [grpc-default-executor-9] INFO  client.GrpcClientProtocolClient (GrpcClientProtocolClient.java:onNext(264)) - client-6DB5D824AA41->7550e15a-2ff9-4e5e-b05d-d9f072bd52cf: receive RaftClientReply:client-6DB5D824AA41->7550e15a-2ff9-4e5e-b05d-d9f072bd52cf@group-C8F5A74D1DB9, cid=327, SUCCESS, logIndex=10, commits[7550e15a-2ff9-4e5e-b05d-d9f072bd52cf:c12, bdd5aae1-c180-43a6-a11a-58912a33bf0b:c8, 97184ed6-1d8a-4db2-a901-2f2d7f2102ca:c8]
2019-09-17 09:55:57,338 [grpc-default-executor-9] INFO  client.GrpcClientProtocolClient (GrpcClientProtocolClient.java:onNext(264)) - client-6DB5D824AA41->7550e15a-2ff9-4e5e-b05d-d9f072bd52cf: receive RaftClientReply:client-6DB5D824AA41->7550e15a-2ff9-4e5e-b05d-d9f072bd52cf@group-C8F5A74D1DB9, cid=328, SUCCESS, logIndex=11, commits[7550e15a-2ff9-4e5e-b05d-d9f072bd52cf:c12, bdd5aae1-c180-43a6-a11a-58912a33bf0b:c8, 97184ed6-1d8a-4db2-a901-2f2d7f2102ca:c8]
2019-09-17 09:55:57,339 [grpc-default-executor-9] INFO  client.GrpcClientProtocolClient (GrpcClientProtocolClient.java:onNext(264)) - client-6DB5D824AA41->7550e15a-2ff9-4e5e-b05d-d9f072bd52cf: receive RaftClientReply:client-6DB5D824AA41->7550e15a-2ff9-4e5e-b05d-d9f072bd52cf@group-C8F5A74D1DB9, cid=329, SUCCESS, logIndex=12, commits[7550e15a-2ff9-4e5e-b05d-d9f072bd52cf:c13, bdd5aae1-c180-43a6-a11a-58912a33bf0b:c9, 97184ed6-1d8a-4db2-a901-2f2d7f2102ca:c8]
2019-09-17 09:55:57,344 [grpc-default-executor-9] INFO  client.GrpcClientProtocolClient (GrpcClientProtocolClient.java:onNext(264)) - client-6DB5D824AA41->7550e15a-2ff9-4e5e-b05d-d9f072bd52cf: receive RaftClientReply:client-6DB5D824AA41->7550e15a-2ff9-4e5e-b05d-d9f072bd52cf@group-C8F5A74D1DB9, cid=330, SUCCESS, logIndex=0, commits[7550e15a-2ff9-4e5e-b05d-d9f072bd52cf:c15, bdd5aae1-c180-43a6-a11a-58912a33bf0b:c12, 97184ed6-1d8a-4db2-a901-2f2d7f2102ca:c12]
2019-09-17 09:55:57,346 [grpc-default-executor-9] INFO  client.GrpcClientProtocolClient (GrpcClientProtocolClient.java:onNext(264)) - client-6DB5D824AA41->7550e15a-2ff9-4e5e-b05d-d9f072bd52cf: receive RaftClientReply:client-6DB5D824AA41->7550e15a-2ff9-4e5e-b05d-d9f072bd52cf@group-C8F5A74D1DB9, cid=331, SUCCESS, logIndex=0, commits[7550e15a-2ff9-4e5e-b05d-d9f072bd52cf:c15, bdd5aae1-c180-43a6-a11a-58912a33bf0b:c12, 97184ed6-1d8a-4db2-a901-2f2d7f2102ca:c12]
2019-09-17 09:55:57,394 [grpc-default-executor-8] INFO  client.GrpcClientProtocolClient (GrpcClientProtocolClient.java:onNext(264)) - client-6538090A053D->9726f178-e973-440c-9728-4ac35a81d6d9: receive RaftClientReply:client-6538090A053D->9726f178-e973-440c-9728-4ac35a81d6d9@group-367105F5BB28, cid=332, FAILED org.apache.ratis.protocol.NotLeaderException: Server 9726f178-e973-440c-9728-4ac35a81d6d9@group-367105F5BB28 is not the leader 63440bcd-ddb5-4c00-8006-6f2cca450fd8:192.168.34.37:33906, logIndex=0, commits[9726f178-e973-440c-9728-4ac35a81d6d9:c91, 84d78712-0ed3-4e85-a24c-8e41c8241796:c91, 63440bcd-ddb5-4c00-8006-6f2cca450fd8:c91]
2019-09-17 09:55:57,432 [grpc-default-executor-9] INFO  client.GrpcClientProtocolClient (GrpcClientProtocolClient.java:onNext(264)) - client-6538090A053D->63440bcd-ddb5-4c00-8006-6f2cca450fd8: receive RaftClientReply:client-6538090A053D->63440bcd-ddb5-4c00-8006-6f2cca450fd8@group-367105F5BB28, cid=332, SUCCESS, logIndex=92, commits[63440bcd-ddb5-4c00-8006-6f2cca450fd8:c92, 84d78712-0ed3-4e85-a24c-8e41c8241796:c91, 9726f178-e973-440c-9728-4ac35a81d6d9:c91]
2019-09-17 09:55:57,445 [grpc-default-executor-10] INFO  client.GrpcClientProtocolClient (GrpcClientProtocolClient.java:onNext(264)) - client-6538090A053D->63440bcd-ddb5-4c00-8006-6f2cca450fd8: receive RaftClientReply:client-6538090A053D->63440bcd-ddb5-4c00-8006-6f2cca450fd8@group-367105F5BB28, cid=333, SUCCESS, logIndex=94, commits[63440bcd-ddb5-4c00-8006-6f2cca450fd8:c94, 84d78712-0ed3-4e85-a24c-8e41c8241796:c92, 9726f178-e973-440c-9728-4ac35a81d6d9:c92]
2019-09-17 09:55:57,449 [grpc-default-executor-10] INFO  client.GrpcClientProtocolClient (GrpcClientProtocolClient.java:onNext(264)) - client-6538090A053D->63440bcd-ddb5-4c00-8006-6f2cca450fd8: receive RaftClientReply:client-6538090A053D->63440bcd-ddb5-4c00-8006-6f2cca450fd8@group-367105F5BB28, cid=334, SUCCESS, logIndex=0, commits[63440bcd-ddb5-4c00-8006-6f2cca450fd8:c95, 84d78712-0ed3-4e85-a24c-8e41c8241796:c94, 9726f178-e973-440c-9728-4ac35a81d6d9:c94]
2019-09-17 09:55:57,481 [grpc-default-executor-10] INFO  client.GrpcClientProtocolClient (GrpcClientProtocolClient.java:onNext(264)) - client-6538090A053D->63440bcd-ddb5-4c00-8006-6f2cca450fd8: receive RaftClientReply:client-6538090A053D->63440bcd-ddb5-4c00-8006-6f2cca450fd8@group-367105F5BB28, cid=335, SUCCESS, logIndex=96, commits[63440bcd-ddb5-4c00-8006-6f2cca450fd8:c97, 84d78712-0ed3-4e85-a24c-8e41c8241796:c95, 9726f178-e973-440c-9728-4ac35a81d6d9:c95]
2019-09-17 09:55:57,482 [grpc-default-executor-10] INFO  client.GrpcClientProtocolClient (GrpcClientProtocolClient.java:onNext(264)) - client-6538090A053D->63440bcd-ddb5-4c00-8006-6f2cca450fd8: receive RaftClientReply:client-6538090A053D->63440bcd-ddb5-4c00-8006-6f2cca450fd8@group-367105F5BB28, cid=336, SUCCESS, logIndex=97, commits[63440bcd-ddb5-4c00-8006-6f2cca450fd8:c97, 84d78712-0ed3-4e85-a24c-8e41c8241796:c95, 9726f178-e973-440c-9728-4ac35a81d6d9:c95]
2019-09-17 09:55:57,494 [grpc-default-executor-10] INFO  client.GrpcClientProtocolClient (GrpcClientProtocolClient.java:onNext(264)) - client-6538090A053D->63440bcd-ddb5-4c00-8006-6f2cca450fd8: receive RaftClientReply:client-6538090A053D->63440bcd-ddb5-4c00-8006-6f2cca450fd8@group-367105F5BB28, cid=337, SUCCESS, logIndex=0, commits[63440bcd-ddb5-4c00-8006-6f2cca450fd8:c98, 84d78712-0ed3-4e85-a24c-8e41c8241796:c97, 9726f178-e973-440c-9728-4ac35a81d6d9:c97]
2019-09-17 09:55:57,501 [EventQueue-CloseContainerForCloseContainerEventHandler] INFO  container.CloseContainerEventHandler (CloseContainerEventHandler.java:onMessage(61)) - Close container Event triggered for container : #2
]]></system-out>
  </testcase>
  <testcase name="testMultiBlockWrites3" classname="org.apache.hadoop.ozone.client.rpc.TestCloseContainerHandlingByClient" time="188.38">
    <error message="PipelineID=e8040a40-da8c-4c75-9a90-c8f5a74d1db9 not found" type="org.apache.hadoop.hdds.scm.pipeline.PipelineNotFoundException">org.apache.hadoop.hdds.scm.pipeline.PipelineNotFoundException: PipelineID=e8040a40-da8c-4c75-9a90-c8f5a74d1db9 not found
	at org.apache.hadoop.hdds.scm.pipeline.PipelineStateMap.getPipeline(PipelineStateMap.java:132)
	at org.apache.hadoop.hdds.scm.pipeline.PipelineStateManager.getPipeline(PipelineStateManager.java:66)
	at org.apache.hadoop.hdds.scm.pipeline.SCMPipelineManager.getPipeline(SCMPipelineManager.java:187)
	at org.apache.hadoop.ozone.container.ContainerTestHelper.waitForContainerClose(ContainerTestHelper.java:833)
	at org.apache.hadoop.ozone.container.ContainerTestHelper.waitForContainerClose(ContainerTestHelper.java:741)
	at org.apache.hadoop.ozone.client.rpc.TestCloseContainerHandlingByClient.waitForContainerClose(TestCloseContainerHandlingByClient.java:342)
	at org.apache.hadoop.ozone.client.rpc.TestCloseContainerHandlingByClient.testMultiBlockWrites3(TestCloseContainerHandlingByClient.java:310)
	at sun.reflect.NativeMethodAccessorImpl.invoke0(Native Method)
	at sun.reflect.NativeMethodAccessorImpl.invoke(NativeMethodAccessorImpl.java:62)
	at sun.reflect.DelegatingMethodAccessorImpl.invoke(DelegatingMethodAccessorImpl.java:43)
	at java.lang.reflect.Method.invoke(Method.java:498)
	at org.junit.runners.model.FrameworkMethod$1.runReflectiveCall(FrameworkMethod.java:47)
	at org.junit.internal.runners.model.ReflectiveCallable.run(ReflectiveCallable.java:12)
	at org.junit.runners.model.FrameworkMethod.invokeExplosively(FrameworkMethod.java:44)
	at org.junit.internal.runners.statements.InvokeMethod.evaluate(InvokeMethod.java:17)
	at org.junit.runners.ParentRunner.runLeaf(ParentRunner.java:271)
	at org.junit.runners.BlockJUnit4ClassRunner.runChild(BlockJUnit4ClassRunner.java:70)
	at org.junit.runners.BlockJUnit4ClassRunner.runChild(BlockJUnit4ClassRunner.java:50)
	at org.junit.runners.ParentRunner$3.run(ParentRunner.java:238)
	at org.junit.runners.ParentRunner$1.schedule(ParentRunner.java:63)
	at org.junit.runners.ParentRunner.runChildren(ParentRunner.java:236)
	at org.junit.runners.ParentRunner.access$000(ParentRunner.java:53)
	at org.junit.runners.ParentRunner$2.evaluate(ParentRunner.java:229)
	at org.junit.internal.runners.statements.RunBefores.evaluate(RunBefores.java:26)
	at org.junit.internal.runners.statements.RunAfters.evaluate(RunAfters.java:27)
	at org.junit.runners.ParentRunner.run(ParentRunner.java:309)
	at org.apache.maven.surefire.junit4.JUnit4Provider.execute(JUnit4Provider.java:365)
	at org.apache.maven.surefire.junit4.JUnit4Provider.executeWithRerun(JUnit4Provider.java:273)
	at org.apache.maven.surefire.junit4.JUnit4Provider.executeTestSet(JUnit4Provider.java:238)
	at org.apache.maven.surefire.junit4.JUnit4Provider.invoke(JUnit4Provider.java:159)
	at org.apache.maven.surefire.booter.ForkedBooter.invokeProviderInSameClassLoader(ForkedBooter.java:384)
	at org.apache.maven.surefire.booter.ForkedBooter.runSuitesInProcess(ForkedBooter.java:345)
	at org.apache.maven.surefire.booter.ForkedBooter.execute(ForkedBooter.java:126)
	at org.apache.maven.surefire.booter.ForkedBooter.main(ForkedBooter.java:418)
</error>
    <system-out><![CDATA[2019-09-17 09:55:57,501 [EventQueue-CloseContainerForCloseContainerEventHandler] INFO  container.CloseContainerEventHandler (CloseContainerEventHandler.java:onMessage(61)) - Close container Event triggered for container : #2
2019-09-17 09:55:57,501 [EventQueue-CloseContainerForCloseContainerEventHandler] INFO  container.CloseContainerEventHandler (CloseContainerEventHandler.java:onMessage(61)) - Close container Event triggered for container : #2
2019-09-17 09:55:59,474 [grpc-default-executor-10] INFO  impl.RaftServerProxy (RaftServerProxy.java:remove(95)) - bdd5aae1-c180-43a6-a11a-58912a33bf0b: remove group-98B303272373:null
2019-09-17 09:55:59,476 [RatisPipelineUtilsThread] WARN  pipeline.RatisPipelineUtils (RatisPipelineUtils.java:destroyPipeline(66)) - Pipeline destroy failed for pipeline=PipelineID=f425068e-56e5-48a7-bfb8-98b303272373 dn=bdd5aae1-c180-43a6-a11a-58912a33bf0b{ip: 192.168.34.37, host: pr-hdds-2110-rdjw6-11158954, networkLocation: /default-rack, certSerialId: null}
2019-09-17 09:55:59,478 [grpc-default-executor-10] INFO  impl.RaftServerProxy (RaftServerProxy.java:remove(95)) - 97184ed6-1d8a-4db2-a901-2f2d7f2102ca: remove group-98B303272373:null
2019-09-17 09:55:59,480 [RatisPipelineUtilsThread] WARN  pipeline.RatisPipelineUtils (RatisPipelineUtils.java:destroyPipeline(66)) - Pipeline destroy failed for pipeline=PipelineID=f425068e-56e5-48a7-bfb8-98b303272373 dn=97184ed6-1d8a-4db2-a901-2f2d7f2102ca{ip: 192.168.34.37, host: pr-hdds-2110-rdjw6-11158954, networkLocation: /default-rack, certSerialId: null}
2019-09-17 09:55:59,482 [grpc-default-executor-10] INFO  impl.RaftServerProxy (RaftServerProxy.java:remove(95)) - 7550e15a-2ff9-4e5e-b05d-d9f072bd52cf: remove group-98B303272373:null
2019-09-17 09:55:59,484 [RatisPipelineUtilsThread] WARN  pipeline.RatisPipelineUtils (RatisPipelineUtils.java:destroyPipeline(66)) - Pipeline destroy failed for pipeline=PipelineID=f425068e-56e5-48a7-bfb8-98b303272373 dn=7550e15a-2ff9-4e5e-b05d-d9f072bd52cf{ip: 192.168.34.37, host: pr-hdds-2110-rdjw6-11158954, networkLocation: /default-rack, certSerialId: null}
2019-09-17 09:55:59,484 [RatisPipelineUtilsThread] ERROR pipeline.SCMPipelineManager (Scheduler.java:lambda$schedule$1(70)) - Destroy pipeline failed for pipeline:Pipeline[ Id: f425068e-56e5-48a7-bfb8-98b303272373, Nodes: bdd5aae1-c180-43a6-a11a-58912a33bf0b{ip: 192.168.34.37, host: pr-hdds-2110-rdjw6-11158954, networkLocation: /default-rack, certSerialId: null}97184ed6-1d8a-4db2-a901-2f2d7f2102ca{ip: 192.168.34.37, host: pr-hdds-2110-rdjw6-11158954, networkLocation: /default-rack, certSerialId: null}7550e15a-2ff9-4e5e-b05d-d9f072bd52cf{ip: 192.168.34.37, host: pr-hdds-2110-rdjw6-11158954, networkLocation: /default-rack, certSerialId: null}, Type:RATIS, Factor:THREE, State:CLOSED]
org.apache.hadoop.hdds.scm.pipeline.PipelineNotFoundException: PipelineID=f425068e-56e5-48a7-bfb8-98b303272373 not found
	at org.apache.hadoop.hdds.scm.pipeline.PipelineStateMap.getPipeline(PipelineStateMap.java:132)
	at org.apache.hadoop.hdds.scm.pipeline.PipelineStateMap.removePipeline(PipelineStateMap.java:322)
	at org.apache.hadoop.hdds.scm.pipeline.PipelineStateManager.removePipeline(PipelineStateManager.java:107)
	at org.apache.hadoop.hdds.scm.pipeline.SCMPipelineManager.removePipeline(SCMPipelineManager.java:423)
	at org.apache.hadoop.hdds.scm.pipeline.SCMPipelineManager.destroyPipeline(SCMPipelineManager.java:409)
	at org.apache.hadoop.hdds.scm.pipeline.SCMPipelineManager.lambda$finalizeAndDestroyPipeline$0(SCMPipelineManager.java:318)
	at org.apache.hadoop.utils.Scheduler.lambda$schedule$1(Scheduler.java:68)
	at java.util.concurrent.Executors$RunnableAdapter.call(Executors.java:511)
	at java.util.concurrent.FutureTask.run(FutureTask.java:266)
	at java.util.concurrent.ScheduledThreadPoolExecutor$ScheduledFutureTask.access$201(ScheduledThreadPoolExecutor.java:180)
	at java.util.concurrent.ScheduledThreadPoolExecutor$ScheduledFutureTask.run(ScheduledThreadPoolExecutor.java:293)
	at java.util.concurrent.ThreadPoolExecutor.runWorker(ThreadPoolExecutor.java:1149)
	at java.util.concurrent.ThreadPoolExecutor$Worker.run(ThreadPoolExecutor.java:624)
	at java.lang.Thread.run(Thread.java:748)
2019-09-17 09:55:59,806 [RatisApplyTransactionExecutor 2] INFO  interfaces.Container (KeyValueContainer.java:flushAndSyncDB(386)) - Container 2 is synced with bcsId 90.
2019-09-17 09:55:59,806 [RatisApplyTransactionExecutor 2] INFO  interfaces.Container (KeyValueContainer.java:flushAndSyncDB(386)) - Container 2 is synced with bcsId 90.
2019-09-17 09:55:59,807 [RatisApplyTransactionExecutor 2] INFO  interfaces.Container (KeyValueContainer.java:flushAndSyncDB(386)) - Container 2 is synced with bcsId 90.
2019-09-17 09:55:59,807 [RatisApplyTransactionExecutor 2] INFO  interfaces.Container (KeyValueContainer.java:flushAndSyncDB(386)) - Container 2 is synced with bcsId 90.
2019-09-17 09:55:59,807 [RatisApplyTransactionExecutor 2] INFO  interfaces.Container (KeyValueContainer.java:flushAndSyncDB(386)) - Container 2 is synced with bcsId 90.
2019-09-17 09:55:59,807 [RatisApplyTransactionExecutor 2] INFO  interfaces.Container (KeyValueContainer.java:flushAndSyncDB(386)) - Container 2 is synced with bcsId 90.
2019-09-17 09:55:59,821 [RatisApplyTransactionExecutor 2] INFO  interfaces.Container (KeyValueContainer.java:close(335)) - Container 2 is closed with bcsId 90.
2019-09-17 09:55:59,821 [RatisApplyTransactionExecutor 2] INFO  interfaces.Container (KeyValueContainer.java:close(335)) - Container 2 is closed with bcsId 90.
2019-09-17 09:55:59,821 [RatisApplyTransactionExecutor 2] INFO  interfaces.Container (KeyValueContainer.java:close(335)) - Container 2 is closed with bcsId 90.
2019-09-17 09:55:59,822 [EventQueue-IncrementalContainerReportForIncrementalContainerReportHandler] INFO  container.IncrementalContainerReportHandler (AbstractContainerReportHandler.java:updateContainerState(176)) - Moving container #2 to CLOSED state, datanode 9726f178-e973-440c-9728-4ac35a81d6d9{ip: 192.168.34.37, host: pr-hdds-2110-rdjw6-11158954, networkLocation: /default-rack, certSerialId: null} reported CLOSED replica.
2019-09-17 09:56:00,796 [java.util.concurrent.ThreadPoolExecutor$Worker@12935038[State = -1, empty queue]] WARN  server.GrpcLogAppender (GrpcLogAppender.java:timeoutAppendRequest(200)) - 7550e15a-2ff9-4e5e-b05d-d9f072bd52cf@group-C8F5A74D1DB9->bdd5aae1-c180-43a6-a11a-58912a33bf0b-GrpcLogAppender: appendEntries Timeout, request=7550e15a-2ff9-4e5e-b05d-d9f072bd52cf->bdd5aae1-c180-43a6-a11a-58912a33bf0b#17-t1, previous=(t:1, i:15), leaderCommit=15, initializing? false, entries: size=1, first=(t:1, i:16), STATEMACHINELOGENTRY, client-6DB5D824AA41, cid=338
2019-09-17 09:56:00,796 [java.util.concurrent.ThreadPoolExecutor$Worker@3e348b54[State = -1, empty queue]] WARN  server.GrpcLogAppender (GrpcLogAppender.java:timeoutAppendRequest(200)) - 7550e15a-2ff9-4e5e-b05d-d9f072bd52cf@group-C8F5A74D1DB9->97184ed6-1d8a-4db2-a901-2f2d7f2102ca-GrpcLogAppender: appendEntries Timeout, request=7550e15a-2ff9-4e5e-b05d-d9f072bd52cf->97184ed6-1d8a-4db2-a901-2f2d7f2102ca#17-t1, previous=(t:1, i:15), leaderCommit=15, initializing? false, entries: size=1, first=(t:1, i:16), STATEMACHINELOGENTRY, client-6DB5D824AA41, cid=338
2019-09-17 09:56:00,796 [java.util.concurrent.ThreadPoolExecutor$Worker@12935038[State = -1, empty queue]] WARN  server.GrpcLogAppender (GrpcLogAppender.java:timeoutAppendRequest(200)) - 7550e15a-2ff9-4e5e-b05d-d9f072bd52cf@group-C8F5A74D1DB9->bdd5aae1-c180-43a6-a11a-58912a33bf0b-GrpcLogAppender: appendEntries Timeout, request=7550e15a-2ff9-4e5e-b05d-d9f072bd52cf->bdd5aae1-c180-43a6-a11a-58912a33bf0b#18-t1, previous=(t:1, i:16), leaderCommit=15, initializing? false, entries: size=1, first=(t:1, i:17), STATEMACHINELOGENTRY, client-6DB5D824AA41, cid=339
2019-09-17 09:56:00,797 [java.util.concurrent.ThreadPoolExecutor$Worker@3e348b54[State = -1, empty queue]] WARN  server.GrpcLogAppender (GrpcLogAppender.java:timeoutAppendRequest(200)) - 7550e15a-2ff9-4e5e-b05d-d9f072bd52cf@group-C8F5A74D1DB9->97184ed6-1d8a-4db2-a901-2f2d7f2102ca-GrpcLogAppender: appendEntries Timeout, request=7550e15a-2ff9-4e5e-b05d-d9f072bd52cf->97184ed6-1d8a-4db2-a901-2f2d7f2102ca#18-t1, previous=(t:1, i:16), leaderCommit=15, initializing? false, entries: size=1, first=(t:1, i:17), STATEMACHINELOGENTRY, client-6DB5D824AA41, cid=339
2019-09-17 09:56:00,799 [java.util.concurrent.ThreadPoolExecutor$Worker@12935038[State = -1, empty queue]] WARN  server.GrpcLogAppender (GrpcLogAppender.java:timeoutAppendRequest(200)) - 7550e15a-2ff9-4e5e-b05d-d9f072bd52cf@group-C8F5A74D1DB9->bdd5aae1-c180-43a6-a11a-58912a33bf0b-GrpcLogAppender: appendEntries Timeout, request=7550e15a-2ff9-4e5e-b05d-d9f072bd52cf->bdd5aae1-c180-43a6-a11a-58912a33bf0b#19-t1, previous=(t:1, i:17), leaderCommit=15, initializing? false, entries: size=1, first=(t:1, i:18), STATEMACHINELOGENTRY, client-6DB5D824AA41, cid=340
2019-09-17 09:56:00,799 [java.util.concurrent.ThreadPoolExecutor$Worker@12935038[State = -1, empty queue]] WARN  server.GrpcLogAppender (GrpcLogAppender.java:timeoutAppendRequest(200)) - 7550e15a-2ff9-4e5e-b05d-d9f072bd52cf@group-C8F5A74D1DB9->bdd5aae1-c180-43a6-a11a-58912a33bf0b-GrpcLogAppender: appendEntries Timeout, request=7550e15a-2ff9-4e5e-b05d-d9f072bd52cf->bdd5aae1-c180-43a6-a11a-58912a33bf0b#20-t1, previous=(t:1, i:18), leaderCommit=15, initializing? false, entries: size=1, first=(t:1, i:19), STATEMACHINELOGENTRY, client-6DB5D824AA41, cid=341
2019-09-17 09:56:00,799 [java.util.concurrent.ThreadPoolExecutor$Worker@3e348b54[State = -1, empty queue]] WARN  server.GrpcLogAppender (GrpcLogAppender.java:timeoutAppendRequest(200)) - 7550e15a-2ff9-4e5e-b05d-d9f072bd52cf@group-C8F5A74D1DB9->97184ed6-1d8a-4db2-a901-2f2d7f2102ca-GrpcLogAppender: appendEntries Timeout, request=7550e15a-2ff9-4e5e-b05d-d9f072bd52cf->97184ed6-1d8a-4db2-a901-2f2d7f2102ca#19-t1, previous=(t:1, i:17), leaderCommit=15, initializing? false, entries: size=1, first=(t:1, i:18), STATEMACHINELOGENTRY, client-6DB5D824AA41, cid=340
2019-09-17 09:56:00,799 [java.util.concurrent.ThreadPoolExecutor$Worker@3e348b54[State = -1, empty queue]] WARN  server.GrpcLogAppender (GrpcLogAppender.java:timeoutAppendRequest(200)) - 7550e15a-2ff9-4e5e-b05d-d9f072bd52cf@group-C8F5A74D1DB9->97184ed6-1d8a-4db2-a901-2f2d7f2102ca-GrpcLogAppender: appendEntries Timeout, request=7550e15a-2ff9-4e5e-b05d-d9f072bd52cf->97184ed6-1d8a-4db2-a901-2f2d7f2102ca#20-t1, previous=(t:1, i:18), leaderCommit=15, initializing? false, entries: size=1, first=(t:1, i:19), STATEMACHINELOGENTRY, client-6DB5D824AA41, cid=341
2019-09-17 09:56:01,478 [grpc-default-executor-8] INFO  impl.RaftServerProxy (RaftServerProxy.java:remove(95)) - bdd5aae1-c180-43a6-a11a-58912a33bf0b: remove group-98B303272373:null
2019-09-17 09:56:01,481 [RatisPipelineUtilsThread] WARN  pipeline.RatisPipelineUtils (RatisPipelineUtils.java:destroyPipeline(66)) - Pipeline destroy failed for pipeline=PipelineID=f425068e-56e5-48a7-bfb8-98b303272373 dn=bdd5aae1-c180-43a6-a11a-58912a33bf0b{ip: 192.168.34.37, host: pr-hdds-2110-rdjw6-11158954, networkLocation: /default-rack, certSerialId: null}
2019-09-17 09:56:01,483 [grpc-default-executor-8] INFO  impl.RaftServerProxy (RaftServerProxy.java:remove(95)) - 97184ed6-1d8a-4db2-a901-2f2d7f2102ca: remove group-98B303272373:null
2019-09-17 09:56:01,485 [RatisPipelineUtilsThread] WARN  pipeline.RatisPipelineUtils (RatisPipelineUtils.java:destroyPipeline(66)) - Pipeline destroy failed for pipeline=PipelineID=f425068e-56e5-48a7-bfb8-98b303272373 dn=97184ed6-1d8a-4db2-a901-2f2d7f2102ca{ip: 192.168.34.37, host: pr-hdds-2110-rdjw6-11158954, networkLocation: /default-rack, certSerialId: null}
2019-09-17 09:56:01,488 [grpc-default-executor-8] INFO  impl.RaftServerProxy (RaftServerProxy.java:remove(95)) - 7550e15a-2ff9-4e5e-b05d-d9f072bd52cf: remove group-98B303272373:null
2019-09-17 09:56:01,489 [RatisPipelineUtilsThread] WARN  pipeline.RatisPipelineUtils (RatisPipelineUtils.java:destroyPipeline(66)) - Pipeline destroy failed for pipeline=PipelineID=f425068e-56e5-48a7-bfb8-98b303272373 dn=7550e15a-2ff9-4e5e-b05d-d9f072bd52cf{ip: 192.168.34.37, host: pr-hdds-2110-rdjw6-11158954, networkLocation: /default-rack, certSerialId: null}
2019-09-17 09:56:01,490 [RatisPipelineUtilsThread] ERROR pipeline.SCMPipelineManager (Scheduler.java:lambda$schedule$1(70)) - Destroy pipeline failed for pipeline:Pipeline[ Id: f425068e-56e5-48a7-bfb8-98b303272373, Nodes: bdd5aae1-c180-43a6-a11a-58912a33bf0b{ip: 192.168.34.37, host: pr-hdds-2110-rdjw6-11158954, networkLocation: /default-rack, certSerialId: null}97184ed6-1d8a-4db2-a901-2f2d7f2102ca{ip: 192.168.34.37, host: pr-hdds-2110-rdjw6-11158954, networkLocation: /default-rack, certSerialId: null}7550e15a-2ff9-4e5e-b05d-d9f072bd52cf{ip: 192.168.34.37, host: pr-hdds-2110-rdjw6-11158954, networkLocation: /default-rack, certSerialId: null}, Type:RATIS, Factor:THREE, State:CLOSED]
org.apache.hadoop.hdds.scm.pipeline.PipelineNotFoundException: PipelineID=f425068e-56e5-48a7-bfb8-98b303272373 not found
	at org.apache.hadoop.hdds.scm.pipeline.PipelineStateMap.getPipeline(PipelineStateMap.java:132)
	at org.apache.hadoop.hdds.scm.pipeline.PipelineStateMap.removePipeline(PipelineStateMap.java:322)
	at org.apache.hadoop.hdds.scm.pipeline.PipelineStateManager.removePipeline(PipelineStateManager.java:107)
	at org.apache.hadoop.hdds.scm.pipeline.SCMPipelineManager.removePipeline(SCMPipelineManager.java:423)
	at org.apache.hadoop.hdds.scm.pipeline.SCMPipelineManager.destroyPipeline(SCMPipelineManager.java:409)
	at org.apache.hadoop.hdds.scm.pipeline.SCMPipelineManager.lambda$finalizeAndDestroyPipeline$0(SCMPipelineManager.java:318)
	at org.apache.hadoop.utils.Scheduler.lambda$schedule$1(Scheduler.java:68)
	at java.util.concurrent.Executors$RunnableAdapter.call(Executors.java:511)
	at java.util.concurrent.FutureTask.run(FutureTask.java:266)
	at java.util.concurrent.ScheduledThreadPoolExecutor$ScheduledFutureTask.access$201(ScheduledThreadPoolExecutor.java:180)
	at java.util.concurrent.ScheduledThreadPoolExecutor$ScheduledFutureTask.run(ScheduledThreadPoolExecutor.java:293)
	at java.util.concurrent.ThreadPoolExecutor.runWorker(ThreadPoolExecutor.java:1149)
	at java.util.concurrent.ThreadPoolExecutor$Worker.run(ThreadPoolExecutor.java:624)
	at java.lang.Thread.run(Thread.java:748)
2019-09-17 09:56:02,814 [grpc-default-executor-8] INFO  client.GrpcClientProtocolClient (GrpcClientProtocolClient.java:onNext(264)) - client-6DB5D824AA41->97184ed6-1d8a-4db2-a901-2f2d7f2102ca: receive RaftClientReply:client-6DB5D824AA41->97184ed6-1d8a-4db2-a901-2f2d7f2102ca@group-C8F5A74D1DB9, cid=338, FAILED org.apache.ratis.protocol.NotLeaderException: Server 97184ed6-1d8a-4db2-a901-2f2d7f2102ca@group-C8F5A74D1DB9 is not the leader 7550e15a-2ff9-4e5e-b05d-d9f072bd52cf:192.168.34.37:41606, logIndex=0, commits[97184ed6-1d8a-4db2-a901-2f2d7f2102ca:c15, bdd5aae1-c180-43a6-a11a-58912a33bf0b:c12, 7550e15a-2ff9-4e5e-b05d-d9f072bd52cf:c15]
2019-09-17 09:56:03,300 [java.util.concurrent.ThreadPoolExecutor$Worker@12935038[State = -1, empty queue]] WARN  server.GrpcLogAppender (GrpcLogAppender.java:timeoutAppendRequest(200)) - 7550e15a-2ff9-4e5e-b05d-d9f072bd52cf@group-C8F5A74D1DB9->bdd5aae1-c180-43a6-a11a-58912a33bf0b-GrpcLogAppender: appendEntries Timeout, request=7550e15a-2ff9-4e5e-b05d-d9f072bd52cf->bdd5aae1-c180-43a6-a11a-58912a33bf0b#21-t1, previous=(t:1, i:19), leaderCommit=15, initializing? false, entries: <empty>
2019-09-17 09:56:03,300 [java.util.concurrent.ThreadPoolExecutor$Worker@3e348b54[State = -1, empty queue]] WARN  server.GrpcLogAppender (GrpcLogAppender.java:timeoutAppendRequest(200)) - 7550e15a-2ff9-4e5e-b05d-d9f072bd52cf@group-C8F5A74D1DB9->97184ed6-1d8a-4db2-a901-2f2d7f2102ca-GrpcLogAppender: appendEntries Timeout, request=7550e15a-2ff9-4e5e-b05d-d9f072bd52cf->97184ed6-1d8a-4db2-a901-2f2d7f2102ca#21-t1, previous=(t:1, i:19), leaderCommit=15, initializing? false, entries: <empty>
2019-09-17 09:56:03,793 [ReplicationMonitor] INFO  container.ReplicationManager (ReplicationManager.java:forceCloseContainer(464)) - Force closing container #5 with BCSID 5, which is in QUASI_CLOSED state.
2019-09-17 09:56:03,793 [ReplicationMonitor] INFO  container.ReplicationManager (ReplicationManager.java:sendCloseCommand(659)) - Sending close container command for container #5 to datanode 7550e15a-2ff9-4e5e-b05d-d9f072bd52cf{ip: 192.168.34.37, host: pr-hdds-2110-rdjw6-11158954, networkLocation: /default-rack, certSerialId: null}.
2019-09-17 09:56:03,794 [ReplicationMonitor] INFO  container.ReplicationManager (ReplicationManager.java:sendCloseCommand(659)) - Sending close container command for container #5 to datanode 97184ed6-1d8a-4db2-a901-2f2d7f2102ca{ip: 192.168.34.37, host: pr-hdds-2110-rdjw6-11158954, networkLocation: /default-rack, certSerialId: null}.
2019-09-17 09:56:03,794 [ReplicationMonitor] INFO  container.ReplicationManager (ReplicationManager.java:sendCloseCommand(659)) - Sending close container command for container #5 to datanode bdd5aae1-c180-43a6-a11a-58912a33bf0b{ip: 192.168.34.37, host: pr-hdds-2110-rdjw6-11158954, networkLocation: /default-rack, certSerialId: null}.
2019-09-17 09:56:03,794 [ReplicationMonitor] INFO  container.ReplicationManager (ReplicationManager.java:forceCloseContainer(464)) - Force closing container #8 with BCSID 0, which is in QUASI_CLOSED state.
2019-09-17 09:56:03,794 [ReplicationMonitor] INFO  container.ReplicationManager (ReplicationManager.java:sendCloseCommand(659)) - Sending close container command for container #8 to datanode bdd5aae1-c180-43a6-a11a-58912a33bf0b{ip: 192.168.34.37, host: pr-hdds-2110-rdjw6-11158954, networkLocation: /default-rack, certSerialId: null}.
2019-09-17 09:56:03,794 [ReplicationMonitor] INFO  container.ReplicationManager (ReplicationManager.java:sendCloseCommand(659)) - Sending close container command for container #8 to datanode 97184ed6-1d8a-4db2-a901-2f2d7f2102ca{ip: 192.168.34.37, host: pr-hdds-2110-rdjw6-11158954, networkLocation: /default-rack, certSerialId: null}.
2019-09-17 09:56:03,794 [ReplicationMonitor] INFO  container.ReplicationManager (ReplicationManager.java:sendCloseCommand(659)) - Sending close container command for container #8 to datanode 7550e15a-2ff9-4e5e-b05d-d9f072bd52cf{ip: 192.168.34.37, host: pr-hdds-2110-rdjw6-11158954, networkLocation: /default-rack, certSerialId: null}.
2019-09-17 09:56:03,795 [ReplicationMonitor] INFO  container.ReplicationManager (ReplicationManager.java:forceCloseContainer(464)) - Force closing container #11 with BCSID 0, which is in QUASI_CLOSED state.
2019-09-17 09:56:03,795 [ReplicationMonitor] INFO  container.ReplicationManager (ReplicationManager.java:sendCloseCommand(659)) - Sending close container command for container #11 to datanode 7550e15a-2ff9-4e5e-b05d-d9f072bd52cf{ip: 192.168.34.37, host: pr-hdds-2110-rdjw6-11158954, networkLocation: /default-rack, certSerialId: null}.
2019-09-17 09:56:03,795 [ReplicationMonitor] INFO  container.ReplicationManager (ReplicationManager.java:sendCloseCommand(659)) - Sending close container command for container #11 to datanode bdd5aae1-c180-43a6-a11a-58912a33bf0b{ip: 192.168.34.37, host: pr-hdds-2110-rdjw6-11158954, networkLocation: /default-rack, certSerialId: null}.
2019-09-17 09:56:03,795 [ReplicationMonitor] INFO  container.ReplicationManager (ReplicationManager.java:sendCloseCommand(659)) - Sending close container command for container #11 to datanode 97184ed6-1d8a-4db2-a901-2f2d7f2102ca{ip: 192.168.34.37, host: pr-hdds-2110-rdjw6-11158954, networkLocation: /default-rack, certSerialId: null}.
2019-09-17 09:56:03,795 [ReplicationMonitor] INFO  container.ReplicationManager (ReplicationManager.java:run(225)) - Replication Monitor Thread took 3 milliseconds for processing 14 containers.
2019-09-17 09:56:04,481 [grpc-default-executor-9] INFO  impl.RaftServerProxy (RaftServerProxy.java:remove(95)) - bdd5aae1-c180-43a6-a11a-58912a33bf0b: remove group-98B303272373:null
2019-09-17 09:56:04,487 [RatisPipelineUtilsThread] WARN  pipeline.RatisPipelineUtils (RatisPipelineUtils.java:destroyPipeline(66)) - Pipeline destroy failed for pipeline=PipelineID=f425068e-56e5-48a7-bfb8-98b303272373 dn=bdd5aae1-c180-43a6-a11a-58912a33bf0b{ip: 192.168.34.37, host: pr-hdds-2110-rdjw6-11158954, networkLocation: /default-rack, certSerialId: null}
2019-09-17 09:56:04,489 [grpc-default-executor-9] INFO  impl.RaftServerProxy (RaftServerProxy.java:remove(95)) - 97184ed6-1d8a-4db2-a901-2f2d7f2102ca: remove group-98B303272373:null
2019-09-17 09:56:04,491 [RatisPipelineUtilsThread] WARN  pipeline.RatisPipelineUtils (RatisPipelineUtils.java:destroyPipeline(66)) - Pipeline destroy failed for pipeline=PipelineID=f425068e-56e5-48a7-bfb8-98b303272373 dn=97184ed6-1d8a-4db2-a901-2f2d7f2102ca{ip: 192.168.34.37, host: pr-hdds-2110-rdjw6-11158954, networkLocation: /default-rack, certSerialId: null}
2019-09-17 09:56:04,493 [grpc-default-executor-9] INFO  impl.RaftServerProxy (RaftServerProxy.java:remove(95)) - 7550e15a-2ff9-4e5e-b05d-d9f072bd52cf: remove group-98B303272373:null
2019-09-17 09:56:04,495 [RatisPipelineUtilsThread] WARN  pipeline.RatisPipelineUtils (RatisPipelineUtils.java:destroyPipeline(66)) - Pipeline destroy failed for pipeline=PipelineID=f425068e-56e5-48a7-bfb8-98b303272373 dn=7550e15a-2ff9-4e5e-b05d-d9f072bd52cf{ip: 192.168.34.37, host: pr-hdds-2110-rdjw6-11158954, networkLocation: /default-rack, certSerialId: null}
2019-09-17 09:56:04,495 [RatisPipelineUtilsThread] ERROR pipeline.SCMPipelineManager (Scheduler.java:lambda$schedule$1(70)) - Destroy pipeline failed for pipeline:Pipeline[ Id: f425068e-56e5-48a7-bfb8-98b303272373, Nodes: bdd5aae1-c180-43a6-a11a-58912a33bf0b{ip: 192.168.34.37, host: pr-hdds-2110-rdjw6-11158954, networkLocation: /default-rack, certSerialId: null}97184ed6-1d8a-4db2-a901-2f2d7f2102ca{ip: 192.168.34.37, host: pr-hdds-2110-rdjw6-11158954, networkLocation: /default-rack, certSerialId: null}7550e15a-2ff9-4e5e-b05d-d9f072bd52cf{ip: 192.168.34.37, host: pr-hdds-2110-rdjw6-11158954, networkLocation: /default-rack, certSerialId: null}, Type:RATIS, Factor:THREE, State:CLOSED]
org.apache.hadoop.hdds.scm.pipeline.PipelineNotFoundException: PipelineID=f425068e-56e5-48a7-bfb8-98b303272373 not found
	at org.apache.hadoop.hdds.scm.pipeline.PipelineStateMap.getPipeline(PipelineStateMap.java:132)
	at org.apache.hadoop.hdds.scm.pipeline.PipelineStateMap.removePipeline(PipelineStateMap.java:322)
	at org.apache.hadoop.hdds.scm.pipeline.PipelineStateManager.removePipeline(PipelineStateManager.java:107)
	at org.apache.hadoop.hdds.scm.pipeline.SCMPipelineManager.removePipeline(SCMPipelineManager.java:423)
	at org.apache.hadoop.hdds.scm.pipeline.SCMPipelineManager.destroyPipeline(SCMPipelineManager.java:409)
	at org.apache.hadoop.hdds.scm.pipeline.SCMPipelineManager.lambda$finalizeAndDestroyPipeline$0(SCMPipelineManager.java:318)
	at org.apache.hadoop.utils.Scheduler.lambda$schedule$1(Scheduler.java:68)
	at java.util.concurrent.Executors$RunnableAdapter.call(Executors.java:511)
	at java.util.concurrent.FutureTask.run(FutureTask.java:266)
	at java.util.concurrent.ScheduledThreadPoolExecutor$ScheduledFutureTask.access$201(ScheduledThreadPoolExecutor.java:180)
	at java.util.concurrent.ScheduledThreadPoolExecutor$ScheduledFutureTask.run(ScheduledThreadPoolExecutor.java:293)
	at java.util.concurrent.ThreadPoolExecutor.runWorker(ThreadPoolExecutor.java:1149)
	at java.util.concurrent.ThreadPoolExecutor$Worker.run(ThreadPoolExecutor.java:624)
	at java.lang.Thread.run(Thread.java:748)
2019-09-17 09:56:05,800 [java.util.concurrent.ThreadPoolExecutor$Worker@3e348b54[State = -1, empty queue]] WARN  server.GrpcLogAppender (GrpcLogAppender.java:timeoutAppendRequest(200)) - 7550e15a-2ff9-4e5e-b05d-d9f072bd52cf@group-C8F5A74D1DB9->97184ed6-1d8a-4db2-a901-2f2d7f2102ca-GrpcLogAppender: appendEntries Timeout, request=7550e15a-2ff9-4e5e-b05d-d9f072bd52cf->97184ed6-1d8a-4db2-a901-2f2d7f2102ca#22-t1, previous=(t:1, i:19), leaderCommit=15, initializing? false, entries: <empty>
2019-09-17 09:56:05,800 [java.util.concurrent.ThreadPoolExecutor$Worker@12935038[State = -1, empty queue]] WARN  server.GrpcLogAppender (GrpcLogAppender.java:timeoutAppendRequest(200)) - 7550e15a-2ff9-4e5e-b05d-d9f072bd52cf@group-C8F5A74D1DB9->bdd5aae1-c180-43a6-a11a-58912a33bf0b-GrpcLogAppender: appendEntries Timeout, request=7550e15a-2ff9-4e5e-b05d-d9f072bd52cf->bdd5aae1-c180-43a6-a11a-58912a33bf0b#22-t1, previous=(t:1, i:19), leaderCommit=15, initializing? false, entries: <empty>
2019-09-17 09:56:05,981 [Command processor thread] INFO  interfaces.Container (KeyValueContainer.java:flushAndSyncDB(386)) - Container 5 is synced with bcsId 5.
2019-09-17 09:56:05,981 [Command processor thread] INFO  interfaces.Container (KeyValueContainer.java:flushAndSyncDB(386)) - Container 5 is synced with bcsId 5.
2019-09-17 09:56:05,981 [Command processor thread] INFO  interfaces.Container (KeyValueContainer.java:flushAndSyncDB(386)) - Container 5 is synced with bcsId 5.
2019-09-17 09:56:05,981 [Command processor thread] INFO  interfaces.Container (KeyValueContainer.java:flushAndSyncDB(386)) - Container 5 is synced with bcsId 5.
2019-09-17 09:56:05,981 [Command processor thread] INFO  interfaces.Container (KeyValueContainer.java:flushAndSyncDB(386)) - Container 5 is synced with bcsId 5.
2019-09-17 09:56:05,981 [Command processor thread] INFO  interfaces.Container (KeyValueContainer.java:flushAndSyncDB(386)) - Container 5 is synced with bcsId 5.
2019-09-17 09:56:06,008 [Command processor thread] INFO  interfaces.Container (KeyValueContainer.java:close(335)) - Container 5 is closed with bcsId 5.
2019-09-17 09:56:06,008 [Command processor thread] INFO  interfaces.Container (KeyValueContainer.java:close(335)) - Container 5 is closed with bcsId 5.
2019-09-17 09:56:06,008 [Command processor thread] INFO  interfaces.Container (KeyValueContainer.java:close(335)) - Container 5 is closed with bcsId 5.
2019-09-17 09:56:06,009 [Command processor thread] INFO  interfaces.Container (KeyValueContainer.java:flushAndSyncDB(386)) - Container 8 is synced with bcsId 0.
2019-09-17 09:56:06,009 [Command processor thread] INFO  interfaces.Container (KeyValueContainer.java:flushAndSyncDB(386)) - Container 8 is synced with bcsId 0.
2019-09-17 09:56:06,009 [Command processor thread] INFO  interfaces.Container (KeyValueContainer.java:flushAndSyncDB(386)) - Container 8 is synced with bcsId 0.
2019-09-17 09:56:06,009 [Command processor thread] INFO  interfaces.Container (KeyValueContainer.java:flushAndSyncDB(386)) - Container 8 is synced with bcsId 0.
2019-09-17 09:56:06,009 [Command processor thread] INFO  interfaces.Container (KeyValueContainer.java:flushAndSyncDB(386)) - Container 8 is synced with bcsId 0.
2019-09-17 09:56:06,009 [Command processor thread] INFO  interfaces.Container (KeyValueContainer.java:flushAndSyncDB(386)) - Container 8 is synced with bcsId 0.
2019-09-17 09:56:06,010 [EventQueue-IncrementalContainerReportForIncrementalContainerReportHandler] INFO  container.IncrementalContainerReportHandler (AbstractContainerReportHandler.java:updateContainerState(202)) - Moving container #5 to CLOSED state, datanode bdd5aae1-c180-43a6-a11a-58912a33bf0b{ip: 192.168.34.37, host: pr-hdds-2110-rdjw6-11158954, networkLocation: /default-rack, certSerialId: null} reported CLOSED replica.
2019-09-17 09:56:06,023 [Command processor thread] INFO  interfaces.Container (KeyValueContainer.java:close(335)) - Container 8 is closed with bcsId 0.
2019-09-17 09:56:06,023 [Command processor thread] INFO  interfaces.Container (KeyValueContainer.java:close(335)) - Container 8 is closed with bcsId 0.
2019-09-17 09:56:06,024 [Command processor thread] INFO  interfaces.Container (KeyValueContainer.java:flushAndSyncDB(386)) - Container 11 is synced with bcsId 0.
2019-09-17 09:56:06,023 [Command processor thread] INFO  interfaces.Container (KeyValueContainer.java:close(335)) - Container 8 is closed with bcsId 0.
2019-09-17 09:56:06,024 [Command processor thread] INFO  interfaces.Container (KeyValueContainer.java:flushAndSyncDB(386)) - Container 11 is synced with bcsId 0.
2019-09-17 09:56:06,024 [Command processor thread] INFO  interfaces.Container (KeyValueContainer.java:flushAndSyncDB(386)) - Container 11 is synced with bcsId 0.
2019-09-17 09:56:06,024 [Command processor thread] INFO  interfaces.Container (KeyValueContainer.java:flushAndSyncDB(386)) - Container 11 is synced with bcsId 0.
2019-09-17 09:56:06,024 [EventQueue-IncrementalContainerReportForIncrementalContainerReportHandler] INFO  container.IncrementalContainerReportHandler (AbstractContainerReportHandler.java:updateContainerState(202)) - Moving container #8 to CLOSED state, datanode 7550e15a-2ff9-4e5e-b05d-d9f072bd52cf{ip: 192.168.34.37, host: pr-hdds-2110-rdjw6-11158954, networkLocation: /default-rack, certSerialId: null} reported CLOSED replica.
2019-09-17 09:56:06,025 [Command processor thread] INFO  interfaces.Container (KeyValueContainer.java:flushAndSyncDB(386)) - Container 11 is synced with bcsId 0.
2019-09-17 09:56:06,025 [Command processor thread] INFO  interfaces.Container (KeyValueContainer.java:flushAndSyncDB(386)) - Container 11 is synced with bcsId 0.
2019-09-17 09:56:06,050 [Command processor thread] INFO  interfaces.Container (KeyValueContainer.java:close(335)) - Container 11 is closed with bcsId 0.
2019-09-17 09:56:06,050 [Command processor thread] INFO  interfaces.Container (KeyValueContainer.java:close(335)) - Container 11 is closed with bcsId 0.
2019-09-17 09:56:06,050 [Command processor thread] INFO  interfaces.Container (KeyValueContainer.java:close(335)) - Container 11 is closed with bcsId 0.
2019-09-17 09:56:06,050 [EventQueue-IncrementalContainerReportForIncrementalContainerReportHandler] INFO  container.IncrementalContainerReportHandler (AbstractContainerReportHandler.java:updateContainerState(202)) - Moving container #11 to CLOSED state, datanode 7550e15a-2ff9-4e5e-b05d-d9f072bd52cf{ip: 192.168.34.37, host: pr-hdds-2110-rdjw6-11158954, networkLocation: /default-rack, certSerialId: null} reported CLOSED replica.
2019-09-17 09:56:06,478 [grpc-default-executor-9] INFO  impl.RaftServerProxy (RaftServerProxy.java:remove(95)) - bdd5aae1-c180-43a6-a11a-58912a33bf0b: remove group-98B303272373:null
2019-09-17 09:56:06,482 [RatisPipelineUtilsThread] WARN  pipeline.RatisPipelineUtils (RatisPipelineUtils.java:destroyPipeline(66)) - Pipeline destroy failed for pipeline=PipelineID=f425068e-56e5-48a7-bfb8-98b303272373 dn=bdd5aae1-c180-43a6-a11a-58912a33bf0b{ip: 192.168.34.37, host: pr-hdds-2110-rdjw6-11158954, networkLocation: /default-rack, certSerialId: null}
2019-09-17 09:56:06,484 [grpc-default-executor-9] INFO  impl.RaftServerProxy (RaftServerProxy.java:remove(95)) - 97184ed6-1d8a-4db2-a901-2f2d7f2102ca: remove group-98B303272373:null
2019-09-17 09:56:06,486 [RatisPipelineUtilsThread] WARN  pipeline.RatisPipelineUtils (RatisPipelineUtils.java:destroyPipeline(66)) - Pipeline destroy failed for pipeline=PipelineID=f425068e-56e5-48a7-bfb8-98b303272373 dn=97184ed6-1d8a-4db2-a901-2f2d7f2102ca{ip: 192.168.34.37, host: pr-hdds-2110-rdjw6-11158954, networkLocation: /default-rack, certSerialId: null}
2019-09-17 09:56:06,488 [grpc-default-executor-9] INFO  impl.RaftServerProxy (RaftServerProxy.java:remove(95)) - 7550e15a-2ff9-4e5e-b05d-d9f072bd52cf: remove group-98B303272373:null
2019-09-17 09:56:06,490 [RatisPipelineUtilsThread] WARN  pipeline.RatisPipelineUtils (RatisPipelineUtils.java:destroyPipeline(66)) - Pipeline destroy failed for pipeline=PipelineID=f425068e-56e5-48a7-bfb8-98b303272373 dn=7550e15a-2ff9-4e5e-b05d-d9f072bd52cf{ip: 192.168.34.37, host: pr-hdds-2110-rdjw6-11158954, networkLocation: /default-rack, certSerialId: null}
2019-09-17 09:56:06,491 [RatisPipelineUtilsThread] ERROR pipeline.SCMPipelineManager (Scheduler.java:lambda$schedule$1(70)) - Destroy pipeline failed for pipeline:Pipeline[ Id: f425068e-56e5-48a7-bfb8-98b303272373, Nodes: bdd5aae1-c180-43a6-a11a-58912a33bf0b{ip: 192.168.34.37, host: pr-hdds-2110-rdjw6-11158954, networkLocation: /default-rack, certSerialId: null}97184ed6-1d8a-4db2-a901-2f2d7f2102ca{ip: 192.168.34.37, host: pr-hdds-2110-rdjw6-11158954, networkLocation: /default-rack, certSerialId: null}7550e15a-2ff9-4e5e-b05d-d9f072bd52cf{ip: 192.168.34.37, host: pr-hdds-2110-rdjw6-11158954, networkLocation: /default-rack, certSerialId: null}, Type:RATIS, Factor:THREE, State:CLOSED]
org.apache.hadoop.hdds.scm.pipeline.PipelineNotFoundException: PipelineID=f425068e-56e5-48a7-bfb8-98b303272373 not found
	at org.apache.hadoop.hdds.scm.pipeline.PipelineStateMap.getPipeline(PipelineStateMap.java:132)
	at org.apache.hadoop.hdds.scm.pipeline.PipelineStateMap.removePipeline(PipelineStateMap.java:322)
	at org.apache.hadoop.hdds.scm.pipeline.PipelineStateManager.removePipeline(PipelineStateManager.java:107)
	at org.apache.hadoop.hdds.scm.pipeline.SCMPipelineManager.removePipeline(SCMPipelineManager.java:423)
	at org.apache.hadoop.hdds.scm.pipeline.SCMPipelineManager.destroyPipeline(SCMPipelineManager.java:409)
	at org.apache.hadoop.hdds.scm.pipeline.SCMPipelineManager.lambda$finalizeAndDestroyPipeline$0(SCMPipelineManager.java:318)
	at org.apache.hadoop.utils.Scheduler.lambda$schedule$1(Scheduler.java:68)
	at java.util.concurrent.Executors$RunnableAdapter.call(Executors.java:511)
	at java.util.concurrent.FutureTask.run(FutureTask.java:266)
	at java.util.concurrent.ScheduledThreadPoolExecutor$ScheduledFutureTask.access$201(ScheduledThreadPoolExecutor.java:180)
	at java.util.concurrent.ScheduledThreadPoolExecutor$ScheduledFutureTask.run(ScheduledThreadPoolExecutor.java:293)
	at java.util.concurrent.ThreadPoolExecutor.runWorker(ThreadPoolExecutor.java:1149)
	at java.util.concurrent.ThreadPoolExecutor$Worker.run(ThreadPoolExecutor.java:624)
	at java.lang.Thread.run(Thread.java:748)
2019-09-17 09:56:07,795 [7550e15a-2ff9-4e5e-b05d-d9f072bd52cf@group-C8F5A74D1DB9-SegmentedRaftLogWorker] WARN  segmented.SegmentedRaftLogWorker (SegmentedRaftLogWorker.java:getFromFuture(90)) - Timeout 0/~
org.apache.ratis.protocol.TimeoutIOException: Timeout 10s: WriteLog:16: (t:1, i:16), STATEMACHINELOGENTRY, client-6DB5D824AA41, cid=338-writeStateMachineData
	at org.apache.ratis.util.IOUtils.getFromFuture(IOUtils.java:87)
	at org.apache.ratis.server.raftlog.segmented.SegmentedRaftLogWorker$StateMachineDataPolicy.getFromFuture(SegmentedRaftLogWorker.java:87)
	at org.apache.ratis.server.raftlog.segmented.SegmentedRaftLogWorker$WriteLog.execute(SegmentedRaftLogWorker.java:477)
	at org.apache.ratis.server.raftlog.segmented.SegmentedRaftLogWorker.run(SegmentedRaftLogWorker.java:289)
	at java.lang.Thread.run(Thread.java:748)
Caused by: java.util.concurrent.TimeoutException
	at java.util.concurrent.CompletableFuture.timedGet(CompletableFuture.java:1771)
	at java.util.concurrent.CompletableFuture.get(CompletableFuture.java:1915)
	at org.apache.ratis.util.IOUtils.getFromFuture(IOUtils.java:79)
	... 4 more
2019-09-17 09:56:07,798 [97184ed6-1d8a-4db2-a901-2f2d7f2102ca@group-C8F5A74D1DB9-SegmentedRaftLogWorker] WARN  segmented.SegmentedRaftLogWorker (SegmentedRaftLogWorker.java:getFromFuture(90)) - Timeout 0/~
org.apache.ratis.protocol.TimeoutIOException: Timeout 10s: WriteLog:16: (t:1, i:16), STATEMACHINELOGENTRY, client-6DB5D824AA41, cid=338-writeStateMachineData
	at org.apache.ratis.util.IOUtils.getFromFuture(IOUtils.java:87)
	at org.apache.ratis.server.raftlog.segmented.SegmentedRaftLogWorker$StateMachineDataPolicy.getFromFuture(SegmentedRaftLogWorker.java:87)
	at org.apache.ratis.server.raftlog.segmented.SegmentedRaftLogWorker$WriteLog.execute(SegmentedRaftLogWorker.java:477)
	at org.apache.ratis.server.raftlog.segmented.SegmentedRaftLogWorker.run(SegmentedRaftLogWorker.java:289)
	at java.lang.Thread.run(Thread.java:748)
Caused by: java.util.concurrent.TimeoutException
	at java.util.concurrent.CompletableFuture.timedGet(CompletableFuture.java:1771)
	at java.util.concurrent.CompletableFuture.get(CompletableFuture.java:1915)
	at org.apache.ratis.util.IOUtils.getFromFuture(IOUtils.java:79)
	... 4 more
2019-09-17 09:56:07,799 [bdd5aae1-c180-43a6-a11a-58912a33bf0b@group-C8F5A74D1DB9-SegmentedRaftLogWorker] WARN  segmented.SegmentedRaftLogWorker (SegmentedRaftLogWorker.java:getFromFuture(90)) - Timeout 0/~
org.apache.ratis.protocol.TimeoutIOException: Timeout 10s: WriteLog:16: (t:1, i:16), STATEMACHINELOGENTRY, client-6DB5D824AA41, cid=338-writeStateMachineData
	at org.apache.ratis.util.IOUtils.getFromFuture(IOUtils.java:87)
	at org.apache.ratis.server.raftlog.segmented.SegmentedRaftLogWorker$StateMachineDataPolicy.getFromFuture(SegmentedRaftLogWorker.java:87)
	at org.apache.ratis.server.raftlog.segmented.SegmentedRaftLogWorker$WriteLog.execute(SegmentedRaftLogWorker.java:477)
	at org.apache.ratis.server.raftlog.segmented.SegmentedRaftLogWorker.run(SegmentedRaftLogWorker.java:289)
	at java.lang.Thread.run(Thread.java:748)
Caused by: java.util.concurrent.TimeoutException
	at java.util.concurrent.CompletableFuture.timedGet(CompletableFuture.java:1771)
	at java.util.concurrent.CompletableFuture.get(CompletableFuture.java:1915)
	at org.apache.ratis.util.IOUtils.getFromFuture(IOUtils.java:79)
	... 4 more
2019-09-17 09:56:07,863 [grpc-default-executor-9] INFO  client.GrpcClientProtocolClient (GrpcClientProtocolClient.java:onNext(264)) - client-6DB5D824AA41->97184ed6-1d8a-4db2-a901-2f2d7f2102ca: receive RaftClientReply:client-6DB5D824AA41->97184ed6-1d8a-4db2-a901-2f2d7f2102ca@group-C8F5A74D1DB9, cid=338, FAILED org.apache.ratis.protocol.NotLeaderException: Server 97184ed6-1d8a-4db2-a901-2f2d7f2102ca@group-C8F5A74D1DB9 is not the leader 7550e15a-2ff9-4e5e-b05d-d9f072bd52cf:192.168.34.37:41606, logIndex=0, commits[97184ed6-1d8a-4db2-a901-2f2d7f2102ca:c15, bdd5aae1-c180-43a6-a11a-58912a33bf0b:c12, 7550e15a-2ff9-4e5e-b05d-d9f072bd52cf:c15]
2019-09-17 09:56:08,301 [java.util.concurrent.ThreadPoolExecutor$Worker@3e348b54[State = -1, empty queue]] WARN  server.GrpcLogAppender (GrpcLogAppender.java:timeoutAppendRequest(200)) - 7550e15a-2ff9-4e5e-b05d-d9f072bd52cf@group-C8F5A74D1DB9->97184ed6-1d8a-4db2-a901-2f2d7f2102ca-GrpcLogAppender: appendEntries Timeout, request=7550e15a-2ff9-4e5e-b05d-d9f072bd52cf->97184ed6-1d8a-4db2-a901-2f2d7f2102ca#23-t1, previous=(t:1, i:19), leaderCommit=15, initializing? false, entries: <empty>
2019-09-17 09:56:08,301 [java.util.concurrent.ThreadPoolExecutor$Worker@12935038[State = -1, empty queue]] WARN  server.GrpcLogAppender (GrpcLogAppender.java:timeoutAppendRequest(200)) - 7550e15a-2ff9-4e5e-b05d-d9f072bd52cf@group-C8F5A74D1DB9->bdd5aae1-c180-43a6-a11a-58912a33bf0b-GrpcLogAppender: appendEntries Timeout, request=7550e15a-2ff9-4e5e-b05d-d9f072bd52cf->bdd5aae1-c180-43a6-a11a-58912a33bf0b#23-t1, previous=(t:1, i:19), leaderCommit=15, initializing? false, entries: <empty>
2019-09-17 09:56:09,476 [grpc-default-executor-10] INFO  impl.RaftServerProxy (RaftServerProxy.java:remove(95)) - bdd5aae1-c180-43a6-a11a-58912a33bf0b: remove group-98B303272373:null
2019-09-17 09:56:09,478 [RatisPipelineUtilsThread] WARN  pipeline.RatisPipelineUtils (RatisPipelineUtils.java:destroyPipeline(66)) - Pipeline destroy failed for pipeline=PipelineID=f425068e-56e5-48a7-bfb8-98b303272373 dn=bdd5aae1-c180-43a6-a11a-58912a33bf0b{ip: 192.168.34.37, host: pr-hdds-2110-rdjw6-11158954, networkLocation: /default-rack, certSerialId: null}
2019-09-17 09:56:09,481 [grpc-default-executor-10] INFO  impl.RaftServerProxy (RaftServerProxy.java:remove(95)) - 97184ed6-1d8a-4db2-a901-2f2d7f2102ca: remove group-98B303272373:null
2019-09-17 09:56:09,483 [RatisPipelineUtilsThread] WARN  pipeline.RatisPipelineUtils (RatisPipelineUtils.java:destroyPipeline(66)) - Pipeline destroy failed for pipeline=PipelineID=f425068e-56e5-48a7-bfb8-98b303272373 dn=97184ed6-1d8a-4db2-a901-2f2d7f2102ca{ip: 192.168.34.37, host: pr-hdds-2110-rdjw6-11158954, networkLocation: /default-rack, certSerialId: null}
2019-09-17 09:56:09,485 [grpc-default-executor-10] INFO  impl.RaftServerProxy (RaftServerProxy.java:remove(95)) - 7550e15a-2ff9-4e5e-b05d-d9f072bd52cf: remove group-98B303272373:null
2019-09-17 09:56:09,487 [RatisPipelineUtilsThread] WARN  pipeline.RatisPipelineUtils (RatisPipelineUtils.java:destroyPipeline(66)) - Pipeline destroy failed for pipeline=PipelineID=f425068e-56e5-48a7-bfb8-98b303272373 dn=7550e15a-2ff9-4e5e-b05d-d9f072bd52cf{ip: 192.168.34.37, host: pr-hdds-2110-rdjw6-11158954, networkLocation: /default-rack, certSerialId: null}
2019-09-17 09:56:09,488 [RatisPipelineUtilsThread] ERROR pipeline.SCMPipelineManager (Scheduler.java:lambda$schedule$1(70)) - Destroy pipeline failed for pipeline:Pipeline[ Id: f425068e-56e5-48a7-bfb8-98b303272373, Nodes: bdd5aae1-c180-43a6-a11a-58912a33bf0b{ip: 192.168.34.37, host: pr-hdds-2110-rdjw6-11158954, networkLocation: /default-rack, certSerialId: null}97184ed6-1d8a-4db2-a901-2f2d7f2102ca{ip: 192.168.34.37, host: pr-hdds-2110-rdjw6-11158954, networkLocation: /default-rack, certSerialId: null}7550e15a-2ff9-4e5e-b05d-d9f072bd52cf{ip: 192.168.34.37, host: pr-hdds-2110-rdjw6-11158954, networkLocation: /default-rack, certSerialId: null}, Type:RATIS, Factor:THREE, State:CLOSED]
org.apache.hadoop.hdds.scm.pipeline.PipelineNotFoundException: PipelineID=f425068e-56e5-48a7-bfb8-98b303272373 not found
	at org.apache.hadoop.hdds.scm.pipeline.PipelineStateMap.getPipeline(PipelineStateMap.java:132)
	at org.apache.hadoop.hdds.scm.pipeline.PipelineStateMap.removePipeline(PipelineStateMap.java:322)
	at org.apache.hadoop.hdds.scm.pipeline.PipelineStateManager.removePipeline(PipelineStateManager.java:107)
	at org.apache.hadoop.hdds.scm.pipeline.SCMPipelineManager.removePipeline(SCMPipelineManager.java:423)
	at org.apache.hadoop.hdds.scm.pipeline.SCMPipelineManager.destroyPipeline(SCMPipelineManager.java:409)
	at org.apache.hadoop.hdds.scm.pipeline.SCMPipelineManager.lambda$finalizeAndDestroyPipeline$0(SCMPipelineManager.java:318)
	at org.apache.hadoop.utils.Scheduler.lambda$schedule$1(Scheduler.java:68)
	at java.util.concurrent.Executors$RunnableAdapter.call(Executors.java:511)
	at java.util.concurrent.FutureTask.run(FutureTask.java:266)
	at java.util.concurrent.ScheduledThreadPoolExecutor$ScheduledFutureTask.access$201(ScheduledThreadPoolExecutor.java:180)
	at java.util.concurrent.ScheduledThreadPoolExecutor$ScheduledFutureTask.run(ScheduledThreadPoolExecutor.java:293)
	at java.util.concurrent.ThreadPoolExecutor.runWorker(ThreadPoolExecutor.java:1149)
	at java.util.concurrent.ThreadPoolExecutor$Worker.run(ThreadPoolExecutor.java:624)
	at java.lang.Thread.run(Thread.java:748)
2019-09-17 09:56:10,801 [java.util.concurrent.ThreadPoolExecutor$Worker@12935038[State = -1, empty queue]] WARN  server.GrpcLogAppender (GrpcLogAppender.java:timeoutAppendRequest(200)) - 7550e15a-2ff9-4e5e-b05d-d9f072bd52cf@group-C8F5A74D1DB9->bdd5aae1-c180-43a6-a11a-58912a33bf0b-GrpcLogAppender: appendEntries Timeout, request=7550e15a-2ff9-4e5e-b05d-d9f072bd52cf->bdd5aae1-c180-43a6-a11a-58912a33bf0b#24-t1, previous=(t:1, i:19), leaderCommit=15, initializing? false, entries: <empty>
2019-09-17 09:56:10,801 [java.util.concurrent.ThreadPoolExecutor$Worker@3e348b54[State = -1, empty queue]] WARN  server.GrpcLogAppender (GrpcLogAppender.java:timeoutAppendRequest(200)) - 7550e15a-2ff9-4e5e-b05d-d9f072bd52cf@group-C8F5A74D1DB9->97184ed6-1d8a-4db2-a901-2f2d7f2102ca-GrpcLogAppender: appendEntries Timeout, request=7550e15a-2ff9-4e5e-b05d-d9f072bd52cf->97184ed6-1d8a-4db2-a901-2f2d7f2102ca#24-t1, previous=(t:1, i:19), leaderCommit=15, initializing? false, entries: <empty>
2019-09-17 09:56:11,478 [grpc-default-executor-9] INFO  impl.RaftServerProxy (RaftServerProxy.java:remove(95)) - bdd5aae1-c180-43a6-a11a-58912a33bf0b: remove group-98B303272373:null
2019-09-17 09:56:11,482 [RatisPipelineUtilsThread] WARN  pipeline.RatisPipelineUtils (RatisPipelineUtils.java:destroyPipeline(66)) - Pipeline destroy failed for pipeline=PipelineID=f425068e-56e5-48a7-bfb8-98b303272373 dn=bdd5aae1-c180-43a6-a11a-58912a33bf0b{ip: 192.168.34.37, host: pr-hdds-2110-rdjw6-11158954, networkLocation: /default-rack, certSerialId: null}
2019-09-17 09:56:11,484 [grpc-default-executor-9] INFO  impl.RaftServerProxy (RaftServerProxy.java:remove(95)) - 97184ed6-1d8a-4db2-a901-2f2d7f2102ca: remove group-98B303272373:null
2019-09-17 09:56:11,487 [RatisPipelineUtilsThread] WARN  pipeline.RatisPipelineUtils (RatisPipelineUtils.java:destroyPipeline(66)) - Pipeline destroy failed for pipeline=PipelineID=f425068e-56e5-48a7-bfb8-98b303272373 dn=97184ed6-1d8a-4db2-a901-2f2d7f2102ca{ip: 192.168.34.37, host: pr-hdds-2110-rdjw6-11158954, networkLocation: /default-rack, certSerialId: null}
2019-09-17 09:56:11,489 [grpc-default-executor-9] INFO  impl.RaftServerProxy (RaftServerProxy.java:remove(95)) - 7550e15a-2ff9-4e5e-b05d-d9f072bd52cf: remove group-98B303272373:null
2019-09-17 09:56:11,491 [RatisPipelineUtilsThread] WARN  pipeline.RatisPipelineUtils (RatisPipelineUtils.java:destroyPipeline(66)) - Pipeline destroy failed for pipeline=PipelineID=f425068e-56e5-48a7-bfb8-98b303272373 dn=7550e15a-2ff9-4e5e-b05d-d9f072bd52cf{ip: 192.168.34.37, host: pr-hdds-2110-rdjw6-11158954, networkLocation: /default-rack, certSerialId: null}
2019-09-17 09:56:11,491 [RatisPipelineUtilsThread] ERROR pipeline.SCMPipelineManager (Scheduler.java:lambda$schedule$1(70)) - Destroy pipeline failed for pipeline:Pipeline[ Id: f425068e-56e5-48a7-bfb8-98b303272373, Nodes: bdd5aae1-c180-43a6-a11a-58912a33bf0b{ip: 192.168.34.37, host: pr-hdds-2110-rdjw6-11158954, networkLocation: /default-rack, certSerialId: null}97184ed6-1d8a-4db2-a901-2f2d7f2102ca{ip: 192.168.34.37, host: pr-hdds-2110-rdjw6-11158954, networkLocation: /default-rack, certSerialId: null}7550e15a-2ff9-4e5e-b05d-d9f072bd52cf{ip: 192.168.34.37, host: pr-hdds-2110-rdjw6-11158954, networkLocation: /default-rack, certSerialId: null}, Type:RATIS, Factor:THREE, State:CLOSED]
org.apache.hadoop.hdds.scm.pipeline.PipelineNotFoundException: PipelineID=f425068e-56e5-48a7-bfb8-98b303272373 not found
	at org.apache.hadoop.hdds.scm.pipeline.PipelineStateMap.getPipeline(PipelineStateMap.java:132)
	at org.apache.hadoop.hdds.scm.pipeline.PipelineStateMap.removePipeline(PipelineStateMap.java:322)
	at org.apache.hadoop.hdds.scm.pipeline.PipelineStateManager.removePipeline(PipelineStateManager.java:107)
	at org.apache.hadoop.hdds.scm.pipeline.SCMPipelineManager.removePipeline(SCMPipelineManager.java:423)
	at org.apache.hadoop.hdds.scm.pipeline.SCMPipelineManager.destroyPipeline(SCMPipelineManager.java:409)
	at org.apache.hadoop.hdds.scm.pipeline.SCMPipelineManager.lambda$finalizeAndDestroyPipeline$0(SCMPipelineManager.java:318)
	at org.apache.hadoop.utils.Scheduler.lambda$schedule$1(Scheduler.java:68)
	at java.util.concurrent.Executors$RunnableAdapter.call(Executors.java:511)
	at java.util.concurrent.FutureTask.run(FutureTask.java:266)
	at java.util.concurrent.ScheduledThreadPoolExecutor$ScheduledFutureTask.access$201(ScheduledThreadPoolExecutor.java:180)
	at java.util.concurrent.ScheduledThreadPoolExecutor$ScheduledFutureTask.run(ScheduledThreadPoolExecutor.java:293)
	at java.util.concurrent.ThreadPoolExecutor.runWorker(ThreadPoolExecutor.java:1149)
	at java.util.concurrent.ThreadPoolExecutor$Worker.run(ThreadPoolExecutor.java:624)
	at java.lang.Thread.run(Thread.java:748)
2019-09-17 09:56:12,937 [grpc-default-executor-10] INFO  client.GrpcClientProtocolClient (GrpcClientProtocolClient.java:onNext(264)) - client-6DB5D824AA41->bdd5aae1-c180-43a6-a11a-58912a33bf0b: receive RaftClientReply:client-6DB5D824AA41->bdd5aae1-c180-43a6-a11a-58912a33bf0b@group-C8F5A74D1DB9, cid=338, FAILED org.apache.ratis.protocol.NotLeaderException: Server bdd5aae1-c180-43a6-a11a-58912a33bf0b@group-C8F5A74D1DB9 is not the leader 7550e15a-2ff9-4e5e-b05d-d9f072bd52cf:192.168.34.37:41606, logIndex=0, commits[bdd5aae1-c180-43a6-a11a-58912a33bf0b:c15, 97184ed6-1d8a-4db2-a901-2f2d7f2102ca:c12, 7550e15a-2ff9-4e5e-b05d-d9f072bd52cf:c15]
2019-09-17 09:56:13,301 [java.util.concurrent.ThreadPoolExecutor$Worker@3e348b54[State = -1, empty queue]] WARN  server.GrpcLogAppender (GrpcLogAppender.java:timeoutAppendRequest(200)) - 7550e15a-2ff9-4e5e-b05d-d9f072bd52cf@group-C8F5A74D1DB9->97184ed6-1d8a-4db2-a901-2f2d7f2102ca-GrpcLogAppender: appendEntries Timeout, request=7550e15a-2ff9-4e5e-b05d-d9f072bd52cf->97184ed6-1d8a-4db2-a901-2f2d7f2102ca#25-t1, previous=(t:1, i:19), leaderCommit=15, initializing? false, entries: <empty>
2019-09-17 09:56:13,301 [java.util.concurrent.ThreadPoolExecutor$Worker@12935038[State = -1, empty queue]] WARN  server.GrpcLogAppender (GrpcLogAppender.java:timeoutAppendRequest(200)) - 7550e15a-2ff9-4e5e-b05d-d9f072bd52cf@group-C8F5A74D1DB9->bdd5aae1-c180-43a6-a11a-58912a33bf0b-GrpcLogAppender: appendEntries Timeout, request=7550e15a-2ff9-4e5e-b05d-d9f072bd52cf->bdd5aae1-c180-43a6-a11a-58912a33bf0b#25-t1, previous=(t:1, i:19), leaderCommit=15, initializing? false, entries: <empty>
2019-09-17 09:56:14,486 [grpc-default-executor-10] INFO  impl.RaftServerProxy (RaftServerProxy.java:remove(95)) - bdd5aae1-c180-43a6-a11a-58912a33bf0b: remove group-98B303272373:null
2019-09-17 09:56:14,489 [RatisPipelineUtilsThread] WARN  pipeline.RatisPipelineUtils (RatisPipelineUtils.java:destroyPipeline(66)) - Pipeline destroy failed for pipeline=PipelineID=f425068e-56e5-48a7-bfb8-98b303272373 dn=bdd5aae1-c180-43a6-a11a-58912a33bf0b{ip: 192.168.34.37, host: pr-hdds-2110-rdjw6-11158954, networkLocation: /default-rack, certSerialId: null}
2019-09-17 09:56:14,492 [grpc-default-executor-10] INFO  impl.RaftServerProxy (RaftServerProxy.java:remove(95)) - 97184ed6-1d8a-4db2-a901-2f2d7f2102ca: remove group-98B303272373:null
2019-09-17 09:56:14,494 [RatisPipelineUtilsThread] WARN  pipeline.RatisPipelineUtils (RatisPipelineUtils.java:destroyPipeline(66)) - Pipeline destroy failed for pipeline=PipelineID=f425068e-56e5-48a7-bfb8-98b303272373 dn=97184ed6-1d8a-4db2-a901-2f2d7f2102ca{ip: 192.168.34.37, host: pr-hdds-2110-rdjw6-11158954, networkLocation: /default-rack, certSerialId: null}
2019-09-17 09:56:14,496 [grpc-default-executor-10] INFO  impl.RaftServerProxy (RaftServerProxy.java:remove(95)) - 7550e15a-2ff9-4e5e-b05d-d9f072bd52cf: remove group-98B303272373:null
2019-09-17 09:56:14,498 [RatisPipelineUtilsThread] WARN  pipeline.RatisPipelineUtils (RatisPipelineUtils.java:destroyPipeline(66)) - Pipeline destroy failed for pipeline=PipelineID=f425068e-56e5-48a7-bfb8-98b303272373 dn=7550e15a-2ff9-4e5e-b05d-d9f072bd52cf{ip: 192.168.34.37, host: pr-hdds-2110-rdjw6-11158954, networkLocation: /default-rack, certSerialId: null}
2019-09-17 09:56:14,498 [RatisPipelineUtilsThread] ERROR pipeline.SCMPipelineManager (Scheduler.java:lambda$schedule$1(70)) - Destroy pipeline failed for pipeline:Pipeline[ Id: f425068e-56e5-48a7-bfb8-98b303272373, Nodes: bdd5aae1-c180-43a6-a11a-58912a33bf0b{ip: 192.168.34.37, host: pr-hdds-2110-rdjw6-11158954, networkLocation: /default-rack, certSerialId: null}97184ed6-1d8a-4db2-a901-2f2d7f2102ca{ip: 192.168.34.37, host: pr-hdds-2110-rdjw6-11158954, networkLocation: /default-rack, certSerialId: null}7550e15a-2ff9-4e5e-b05d-d9f072bd52cf{ip: 192.168.34.37, host: pr-hdds-2110-rdjw6-11158954, networkLocation: /default-rack, certSerialId: null}, Type:RATIS, Factor:THREE, State:CLOSED]
org.apache.hadoop.hdds.scm.pipeline.PipelineNotFoundException: PipelineID=f425068e-56e5-48a7-bfb8-98b303272373 not found
	at org.apache.hadoop.hdds.scm.pipeline.PipelineStateMap.getPipeline(PipelineStateMap.java:132)
	at org.apache.hadoop.hdds.scm.pipeline.PipelineStateMap.removePipeline(PipelineStateMap.java:322)
	at org.apache.hadoop.hdds.scm.pipeline.PipelineStateManager.removePipeline(PipelineStateManager.java:107)
	at org.apache.hadoop.hdds.scm.pipeline.SCMPipelineManager.removePipeline(SCMPipelineManager.java:423)
	at org.apache.hadoop.hdds.scm.pipeline.SCMPipelineManager.destroyPipeline(SCMPipelineManager.java:409)
	at org.apache.hadoop.hdds.scm.pipeline.SCMPipelineManager.lambda$finalizeAndDestroyPipeline$0(SCMPipelineManager.java:318)
	at org.apache.hadoop.utils.Scheduler.lambda$schedule$1(Scheduler.java:68)
	at java.util.concurrent.Executors$RunnableAdapter.call(Executors.java:511)
	at java.util.concurrent.FutureTask.run(FutureTask.java:266)
	at java.util.concurrent.ScheduledThreadPoolExecutor$ScheduledFutureTask.access$201(ScheduledThreadPoolExecutor.java:180)
	at java.util.concurrent.ScheduledThreadPoolExecutor$ScheduledFutureTask.run(ScheduledThreadPoolExecutor.java:293)
	at java.util.concurrent.ThreadPoolExecutor.runWorker(ThreadPoolExecutor.java:1149)
	at java.util.concurrent.ThreadPoolExecutor$Worker.run(ThreadPoolExecutor.java:624)
	at java.lang.Thread.run(Thread.java:748)
2019-09-17 09:56:15,802 [java.util.concurrent.ThreadPoolExecutor$Worker@12935038[State = -1, empty queue]] WARN  server.GrpcLogAppender (GrpcLogAppender.java:timeoutAppendRequest(200)) - 7550e15a-2ff9-4e5e-b05d-d9f072bd52cf@group-C8F5A74D1DB9->bdd5aae1-c180-43a6-a11a-58912a33bf0b-GrpcLogAppender: appendEntries Timeout, request=7550e15a-2ff9-4e5e-b05d-d9f072bd52cf->bdd5aae1-c180-43a6-a11a-58912a33bf0b#26-t1, previous=(t:1, i:19), leaderCommit=15, initializing? false, entries: <empty>
2019-09-17 09:56:15,802 [java.util.concurrent.ThreadPoolExecutor$Worker@3e348b54[State = -1, empty queue]] WARN  server.GrpcLogAppender (GrpcLogAppender.java:timeoutAppendRequest(200)) - 7550e15a-2ff9-4e5e-b05d-d9f072bd52cf@group-C8F5A74D1DB9->97184ed6-1d8a-4db2-a901-2f2d7f2102ca-GrpcLogAppender: appendEntries Timeout, request=7550e15a-2ff9-4e5e-b05d-d9f072bd52cf->97184ed6-1d8a-4db2-a901-2f2d7f2102ca#26-t1, previous=(t:1, i:19), leaderCommit=15, initializing? false, entries: <empty>
2019-09-17 09:56:16,475 [grpc-default-executor-8] INFO  impl.RaftServerProxy (RaftServerProxy.java:remove(95)) - bdd5aae1-c180-43a6-a11a-58912a33bf0b: remove group-98B303272373:null
2019-09-17 09:56:16,477 [RatisPipelineUtilsThread] WARN  pipeline.RatisPipelineUtils (RatisPipelineUtils.java:destroyPipeline(66)) - Pipeline destroy failed for pipeline=PipelineID=f425068e-56e5-48a7-bfb8-98b303272373 dn=bdd5aae1-c180-43a6-a11a-58912a33bf0b{ip: 192.168.34.37, host: pr-hdds-2110-rdjw6-11158954, networkLocation: /default-rack, certSerialId: null}
2019-09-17 09:56:16,480 [grpc-default-executor-8] INFO  impl.RaftServerProxy (RaftServerProxy.java:remove(95)) - 97184ed6-1d8a-4db2-a901-2f2d7f2102ca: remove group-98B303272373:null
2019-09-17 09:56:16,482 [RatisPipelineUtilsThread] WARN  pipeline.RatisPipelineUtils (RatisPipelineUtils.java:destroyPipeline(66)) - Pipeline destroy failed for pipeline=PipelineID=f425068e-56e5-48a7-bfb8-98b303272373 dn=97184ed6-1d8a-4db2-a901-2f2d7f2102ca{ip: 192.168.34.37, host: pr-hdds-2110-rdjw6-11158954, networkLocation: /default-rack, certSerialId: null}
2019-09-17 09:56:16,484 [grpc-default-executor-8] INFO  impl.RaftServerProxy (RaftServerProxy.java:remove(95)) - 7550e15a-2ff9-4e5e-b05d-d9f072bd52cf: remove group-98B303272373:null
2019-09-17 09:56:16,486 [RatisPipelineUtilsThread] WARN  pipeline.RatisPipelineUtils (RatisPipelineUtils.java:destroyPipeline(66)) - Pipeline destroy failed for pipeline=PipelineID=f425068e-56e5-48a7-bfb8-98b303272373 dn=7550e15a-2ff9-4e5e-b05d-d9f072bd52cf{ip: 192.168.34.37, host: pr-hdds-2110-rdjw6-11158954, networkLocation: /default-rack, certSerialId: null}
2019-09-17 09:56:16,486 [RatisPipelineUtilsThread] ERROR pipeline.SCMPipelineManager (Scheduler.java:lambda$schedule$1(70)) - Destroy pipeline failed for pipeline:Pipeline[ Id: f425068e-56e5-48a7-bfb8-98b303272373, Nodes: bdd5aae1-c180-43a6-a11a-58912a33bf0b{ip: 192.168.34.37, host: pr-hdds-2110-rdjw6-11158954, networkLocation: /default-rack, certSerialId: null}97184ed6-1d8a-4db2-a901-2f2d7f2102ca{ip: 192.168.34.37, host: pr-hdds-2110-rdjw6-11158954, networkLocation: /default-rack, certSerialId: null}7550e15a-2ff9-4e5e-b05d-d9f072bd52cf{ip: 192.168.34.37, host: pr-hdds-2110-rdjw6-11158954, networkLocation: /default-rack, certSerialId: null}, Type:RATIS, Factor:THREE, State:CLOSED]
org.apache.hadoop.hdds.scm.pipeline.PipelineNotFoundException: PipelineID=f425068e-56e5-48a7-bfb8-98b303272373 not found
	at org.apache.hadoop.hdds.scm.pipeline.PipelineStateMap.getPipeline(PipelineStateMap.java:132)
	at org.apache.hadoop.hdds.scm.pipeline.PipelineStateMap.removePipeline(PipelineStateMap.java:322)
	at org.apache.hadoop.hdds.scm.pipeline.PipelineStateManager.removePipeline(PipelineStateManager.java:107)
	at org.apache.hadoop.hdds.scm.pipeline.SCMPipelineManager.removePipeline(SCMPipelineManager.java:423)
	at org.apache.hadoop.hdds.scm.pipeline.SCMPipelineManager.destroyPipeline(SCMPipelineManager.java:409)
	at org.apache.hadoop.hdds.scm.pipeline.SCMPipelineManager.lambda$finalizeAndDestroyPipeline$0(SCMPipelineManager.java:318)
	at org.apache.hadoop.utils.Scheduler.lambda$schedule$1(Scheduler.java:68)
	at java.util.concurrent.Executors$RunnableAdapter.call(Executors.java:511)
	at java.util.concurrent.FutureTask.run(FutureTask.java:266)
	at java.util.concurrent.ScheduledThreadPoolExecutor$ScheduledFutureTask.access$201(ScheduledThreadPoolExecutor.java:180)
	at java.util.concurrent.ScheduledThreadPoolExecutor$ScheduledFutureTask.run(ScheduledThreadPoolExecutor.java:293)
	at java.util.concurrent.ThreadPoolExecutor.runWorker(ThreadPoolExecutor.java:1149)
	at java.util.concurrent.ThreadPoolExecutor$Worker.run(ThreadPoolExecutor.java:624)
	at java.lang.Thread.run(Thread.java:748)
2019-09-17 09:56:17,796 [7550e15a-2ff9-4e5e-b05d-d9f072bd52cf@group-C8F5A74D1DB9-SegmentedRaftLogWorker] WARN  segmented.SegmentedRaftLogWorker (SegmentedRaftLogWorker.java:getFromFuture(90)) - Timeout 1/~
org.apache.ratis.protocol.TimeoutIOException: Timeout 10s: WriteLog:16: (t:1, i:16), STATEMACHINELOGENTRY, client-6DB5D824AA41, cid=338-writeStateMachineData
	at org.apache.ratis.util.IOUtils.getFromFuture(IOUtils.java:87)
	at org.apache.ratis.server.raftlog.segmented.SegmentedRaftLogWorker$StateMachineDataPolicy.getFromFuture(SegmentedRaftLogWorker.java:87)
	at org.apache.ratis.server.raftlog.segmented.SegmentedRaftLogWorker$WriteLog.execute(SegmentedRaftLogWorker.java:477)
	at org.apache.ratis.server.raftlog.segmented.SegmentedRaftLogWorker.run(SegmentedRaftLogWorker.java:289)
	at java.lang.Thread.run(Thread.java:748)
Caused by: java.util.concurrent.TimeoutException
	at java.util.concurrent.CompletableFuture.timedGet(CompletableFuture.java:1771)
	at java.util.concurrent.CompletableFuture.get(CompletableFuture.java:1915)
	at org.apache.ratis.util.IOUtils.getFromFuture(IOUtils.java:79)
	... 4 more
2019-09-17 09:56:17,799 [97184ed6-1d8a-4db2-a901-2f2d7f2102ca@group-C8F5A74D1DB9-SegmentedRaftLogWorker] WARN  segmented.SegmentedRaftLogWorker (SegmentedRaftLogWorker.java:getFromFuture(90)) - Timeout 1/~
org.apache.ratis.protocol.TimeoutIOException: Timeout 10s: WriteLog:16: (t:1, i:16), STATEMACHINELOGENTRY, client-6DB5D824AA41, cid=338-writeStateMachineData
	at org.apache.ratis.util.IOUtils.getFromFuture(IOUtils.java:87)
	at org.apache.ratis.server.raftlog.segmented.SegmentedRaftLogWorker$StateMachineDataPolicy.getFromFuture(SegmentedRaftLogWorker.java:87)
	at org.apache.ratis.server.raftlog.segmented.SegmentedRaftLogWorker$WriteLog.execute(SegmentedRaftLogWorker.java:477)
	at org.apache.ratis.server.raftlog.segmented.SegmentedRaftLogWorker.run(SegmentedRaftLogWorker.java:289)
	at java.lang.Thread.run(Thread.java:748)
Caused by: java.util.concurrent.TimeoutException
	at java.util.concurrent.CompletableFuture.timedGet(CompletableFuture.java:1771)
	at java.util.concurrent.CompletableFuture.get(CompletableFuture.java:1915)
	at org.apache.ratis.util.IOUtils.getFromFuture(IOUtils.java:79)
	... 4 more
2019-09-17 09:56:17,800 [bdd5aae1-c180-43a6-a11a-58912a33bf0b@group-C8F5A74D1DB9-SegmentedRaftLogWorker] WARN  segmented.SegmentedRaftLogWorker (SegmentedRaftLogWorker.java:getFromFuture(90)) - Timeout 1/~
org.apache.ratis.protocol.TimeoutIOException: Timeout 10s: WriteLog:16: (t:1, i:16), STATEMACHINELOGENTRY, client-6DB5D824AA41, cid=338-writeStateMachineData
	at org.apache.ratis.util.IOUtils.getFromFuture(IOUtils.java:87)
	at org.apache.ratis.server.raftlog.segmented.SegmentedRaftLogWorker$StateMachineDataPolicy.getFromFuture(SegmentedRaftLogWorker.java:87)
	at org.apache.ratis.server.raftlog.segmented.SegmentedRaftLogWorker$WriteLog.execute(SegmentedRaftLogWorker.java:477)
	at org.apache.ratis.server.raftlog.segmented.SegmentedRaftLogWorker.run(SegmentedRaftLogWorker.java:289)
	at java.lang.Thread.run(Thread.java:748)
Caused by: java.util.concurrent.TimeoutException
	at java.util.concurrent.CompletableFuture.timedGet(CompletableFuture.java:1771)
	at java.util.concurrent.CompletableFuture.get(CompletableFuture.java:1915)
	at org.apache.ratis.util.IOUtils.getFromFuture(IOUtils.java:79)
	... 4 more
2019-09-17 09:56:18,011 [grpc-default-executor-8] INFO  client.GrpcClientProtocolClient (GrpcClientProtocolClient.java:onNext(264)) - client-6DB5D824AA41->97184ed6-1d8a-4db2-a901-2f2d7f2102ca: receive RaftClientReply:client-6DB5D824AA41->97184ed6-1d8a-4db2-a901-2f2d7f2102ca@group-C8F5A74D1DB9, cid=338, FAILED org.apache.ratis.protocol.NotLeaderException: Server 97184ed6-1d8a-4db2-a901-2f2d7f2102ca@group-C8F5A74D1DB9 is not the leader 7550e15a-2ff9-4e5e-b05d-d9f072bd52cf:192.168.34.37:41606, logIndex=0, commits[97184ed6-1d8a-4db2-a901-2f2d7f2102ca:c15, bdd5aae1-c180-43a6-a11a-58912a33bf0b:c12, 7550e15a-2ff9-4e5e-b05d-d9f072bd52cf:c15]
2019-09-17 09:56:18,303 [java.util.concurrent.ThreadPoolExecutor$Worker@12935038[State = -1, empty queue]] WARN  server.GrpcLogAppender (GrpcLogAppender.java:timeoutAppendRequest(200)) - 7550e15a-2ff9-4e5e-b05d-d9f072bd52cf@group-C8F5A74D1DB9->bdd5aae1-c180-43a6-a11a-58912a33bf0b-GrpcLogAppender: appendEntries Timeout, request=7550e15a-2ff9-4e5e-b05d-d9f072bd52cf->bdd5aae1-c180-43a6-a11a-58912a33bf0b#27-t1, previous=(t:1, i:19), leaderCommit=15, initializing? false, entries: <empty>
2019-09-17 09:56:18,303 [java.util.concurrent.ThreadPoolExecutor$Worker@3e348b54[State = -1, empty queue]] WARN  server.GrpcLogAppender (GrpcLogAppender.java:timeoutAppendRequest(200)) - 7550e15a-2ff9-4e5e-b05d-d9f072bd52cf@group-C8F5A74D1DB9->97184ed6-1d8a-4db2-a901-2f2d7f2102ca-GrpcLogAppender: appendEntries Timeout, request=7550e15a-2ff9-4e5e-b05d-d9f072bd52cf->97184ed6-1d8a-4db2-a901-2f2d7f2102ca#27-t1, previous=(t:1, i:19), leaderCommit=15, initializing? false, entries: <empty>
2019-09-17 09:56:19,480 [grpc-default-executor-9] INFO  impl.RaftServerProxy (RaftServerProxy.java:remove(95)) - bdd5aae1-c180-43a6-a11a-58912a33bf0b: remove group-98B303272373:null
2019-09-17 09:56:19,484 [RatisPipelineUtilsThread] WARN  pipeline.RatisPipelineUtils (RatisPipelineUtils.java:destroyPipeline(66)) - Pipeline destroy failed for pipeline=PipelineID=f425068e-56e5-48a7-bfb8-98b303272373 dn=bdd5aae1-c180-43a6-a11a-58912a33bf0b{ip: 192.168.34.37, host: pr-hdds-2110-rdjw6-11158954, networkLocation: /default-rack, certSerialId: null}
2019-09-17 09:56:19,486 [grpc-default-executor-9] INFO  impl.RaftServerProxy (RaftServerProxy.java:remove(95)) - 97184ed6-1d8a-4db2-a901-2f2d7f2102ca: remove group-98B303272373:null
2019-09-17 09:56:19,488 [RatisPipelineUtilsThread] WARN  pipeline.RatisPipelineUtils (RatisPipelineUtils.java:destroyPipeline(66)) - Pipeline destroy failed for pipeline=PipelineID=f425068e-56e5-48a7-bfb8-98b303272373 dn=97184ed6-1d8a-4db2-a901-2f2d7f2102ca{ip: 192.168.34.37, host: pr-hdds-2110-rdjw6-11158954, networkLocation: /default-rack, certSerialId: null}
2019-09-17 09:56:19,490 [grpc-default-executor-9] INFO  impl.RaftServerProxy (RaftServerProxy.java:remove(95)) - 7550e15a-2ff9-4e5e-b05d-d9f072bd52cf: remove group-98B303272373:null
2019-09-17 09:56:19,492 [RatisPipelineUtilsThread] WARN  pipeline.RatisPipelineUtils (RatisPipelineUtils.java:destroyPipeline(66)) - Pipeline destroy failed for pipeline=PipelineID=f425068e-56e5-48a7-bfb8-98b303272373 dn=7550e15a-2ff9-4e5e-b05d-d9f072bd52cf{ip: 192.168.34.37, host: pr-hdds-2110-rdjw6-11158954, networkLocation: /default-rack, certSerialId: null}
2019-09-17 09:56:19,493 [RatisPipelineUtilsThread] ERROR pipeline.SCMPipelineManager (Scheduler.java:lambda$schedule$1(70)) - Destroy pipeline failed for pipeline:Pipeline[ Id: f425068e-56e5-48a7-bfb8-98b303272373, Nodes: bdd5aae1-c180-43a6-a11a-58912a33bf0b{ip: 192.168.34.37, host: pr-hdds-2110-rdjw6-11158954, networkLocation: /default-rack, certSerialId: null}97184ed6-1d8a-4db2-a901-2f2d7f2102ca{ip: 192.168.34.37, host: pr-hdds-2110-rdjw6-11158954, networkLocation: /default-rack, certSerialId: null}7550e15a-2ff9-4e5e-b05d-d9f072bd52cf{ip: 192.168.34.37, host: pr-hdds-2110-rdjw6-11158954, networkLocation: /default-rack, certSerialId: null}, Type:RATIS, Factor:THREE, State:CLOSED]
org.apache.hadoop.hdds.scm.pipeline.PipelineNotFoundException: PipelineID=f425068e-56e5-48a7-bfb8-98b303272373 not found
	at org.apache.hadoop.hdds.scm.pipeline.PipelineStateMap.getPipeline(PipelineStateMap.java:132)
	at org.apache.hadoop.hdds.scm.pipeline.PipelineStateMap.removePipeline(PipelineStateMap.java:322)
	at org.apache.hadoop.hdds.scm.pipeline.PipelineStateManager.removePipeline(PipelineStateManager.java:107)
	at org.apache.hadoop.hdds.scm.pipeline.SCMPipelineManager.removePipeline(SCMPipelineManager.java:423)
	at org.apache.hadoop.hdds.scm.pipeline.SCMPipelineManager.destroyPipeline(SCMPipelineManager.java:409)
	at org.apache.hadoop.hdds.scm.pipeline.SCMPipelineManager.lambda$finalizeAndDestroyPipeline$0(SCMPipelineManager.java:318)
	at org.apache.hadoop.utils.Scheduler.lambda$schedule$1(Scheduler.java:68)
	at java.util.concurrent.Executors$RunnableAdapter.call(Executors.java:511)
	at java.util.concurrent.FutureTask.run(FutureTask.java:266)
	at java.util.concurrent.ScheduledThreadPoolExecutor$ScheduledFutureTask.access$201(ScheduledThreadPoolExecutor.java:180)
	at java.util.concurrent.ScheduledThreadPoolExecutor$ScheduledFutureTask.run(ScheduledThreadPoolExecutor.java:293)
	at java.util.concurrent.ThreadPoolExecutor.runWorker(ThreadPoolExecutor.java:1149)
	at java.util.concurrent.ThreadPoolExecutor$Worker.run(ThreadPoolExecutor.java:624)
	at java.lang.Thread.run(Thread.java:748)
2019-09-17 09:56:20,803 [java.util.concurrent.ThreadPoolExecutor$Worker@12935038[State = -1, empty queue]] WARN  server.GrpcLogAppender (GrpcLogAppender.java:timeoutAppendRequest(200)) - 7550e15a-2ff9-4e5e-b05d-d9f072bd52cf@group-C8F5A74D1DB9->bdd5aae1-c180-43a6-a11a-58912a33bf0b-GrpcLogAppender: appendEntries Timeout, request=7550e15a-2ff9-4e5e-b05d-d9f072bd52cf->bdd5aae1-c180-43a6-a11a-58912a33bf0b#28-t1, previous=(t:1, i:19), leaderCommit=15, initializing? false, entries: <empty>
2019-09-17 09:56:20,803 [java.util.concurrent.ThreadPoolExecutor$Worker@3e348b54[State = -1, empty queue]] WARN  server.GrpcLogAppender (GrpcLogAppender.java:timeoutAppendRequest(200)) - 7550e15a-2ff9-4e5e-b05d-d9f072bd52cf@group-C8F5A74D1DB9->97184ed6-1d8a-4db2-a901-2f2d7f2102ca-GrpcLogAppender: appendEntries Timeout, request=7550e15a-2ff9-4e5e-b05d-d9f072bd52cf->97184ed6-1d8a-4db2-a901-2f2d7f2102ca#28-t1, previous=(t:1, i:19), leaderCommit=15, initializing? false, entries: <empty>
2019-09-17 09:56:21,481 [grpc-default-executor-9] INFO  impl.RaftServerProxy (RaftServerProxy.java:remove(95)) - bdd5aae1-c180-43a6-a11a-58912a33bf0b: remove group-98B303272373:null
2019-09-17 09:56:21,484 [RatisPipelineUtilsThread] WARN  pipeline.RatisPipelineUtils (RatisPipelineUtils.java:destroyPipeline(66)) - Pipeline destroy failed for pipeline=PipelineID=f425068e-56e5-48a7-bfb8-98b303272373 dn=bdd5aae1-c180-43a6-a11a-58912a33bf0b{ip: 192.168.34.37, host: pr-hdds-2110-rdjw6-11158954, networkLocation: /default-rack, certSerialId: null}
2019-09-17 09:56:21,487 [grpc-default-executor-9] INFO  impl.RaftServerProxy (RaftServerProxy.java:remove(95)) - 97184ed6-1d8a-4db2-a901-2f2d7f2102ca: remove group-98B303272373:null
2019-09-17 09:56:21,488 [RatisPipelineUtilsThread] WARN  pipeline.RatisPipelineUtils (RatisPipelineUtils.java:destroyPipeline(66)) - Pipeline destroy failed for pipeline=PipelineID=f425068e-56e5-48a7-bfb8-98b303272373 dn=97184ed6-1d8a-4db2-a901-2f2d7f2102ca{ip: 192.168.34.37, host: pr-hdds-2110-rdjw6-11158954, networkLocation: /default-rack, certSerialId: null}
2019-09-17 09:56:21,491 [grpc-default-executor-9] INFO  impl.RaftServerProxy (RaftServerProxy.java:remove(95)) - 7550e15a-2ff9-4e5e-b05d-d9f072bd52cf: remove group-98B303272373:null
2019-09-17 09:56:21,492 [RatisPipelineUtilsThread] WARN  pipeline.RatisPipelineUtils (RatisPipelineUtils.java:destroyPipeline(66)) - Pipeline destroy failed for pipeline=PipelineID=f425068e-56e5-48a7-bfb8-98b303272373 dn=7550e15a-2ff9-4e5e-b05d-d9f072bd52cf{ip: 192.168.34.37, host: pr-hdds-2110-rdjw6-11158954, networkLocation: /default-rack, certSerialId: null}
2019-09-17 09:56:21,493 [RatisPipelineUtilsThread] ERROR pipeline.SCMPipelineManager (Scheduler.java:lambda$schedule$1(70)) - Destroy pipeline failed for pipeline:Pipeline[ Id: f425068e-56e5-48a7-bfb8-98b303272373, Nodes: bdd5aae1-c180-43a6-a11a-58912a33bf0b{ip: 192.168.34.37, host: pr-hdds-2110-rdjw6-11158954, networkLocation: /default-rack, certSerialId: null}97184ed6-1d8a-4db2-a901-2f2d7f2102ca{ip: 192.168.34.37, host: pr-hdds-2110-rdjw6-11158954, networkLocation: /default-rack, certSerialId: null}7550e15a-2ff9-4e5e-b05d-d9f072bd52cf{ip: 192.168.34.37, host: pr-hdds-2110-rdjw6-11158954, networkLocation: /default-rack, certSerialId: null}, Type:RATIS, Factor:THREE, State:CLOSED]
org.apache.hadoop.hdds.scm.pipeline.PipelineNotFoundException: PipelineID=f425068e-56e5-48a7-bfb8-98b303272373 not found
	at org.apache.hadoop.hdds.scm.pipeline.PipelineStateMap.getPipeline(PipelineStateMap.java:132)
	at org.apache.hadoop.hdds.scm.pipeline.PipelineStateMap.removePipeline(PipelineStateMap.java:322)
	at org.apache.hadoop.hdds.scm.pipeline.PipelineStateManager.removePipeline(PipelineStateManager.java:107)
	at org.apache.hadoop.hdds.scm.pipeline.SCMPipelineManager.removePipeline(SCMPipelineManager.java:423)
	at org.apache.hadoop.hdds.scm.pipeline.SCMPipelineManager.destroyPipeline(SCMPipelineManager.java:409)
	at org.apache.hadoop.hdds.scm.pipeline.SCMPipelineManager.lambda$finalizeAndDestroyPipeline$0(SCMPipelineManager.java:318)
	at org.apache.hadoop.utils.Scheduler.lambda$schedule$1(Scheduler.java:68)
	at java.util.concurrent.Executors$RunnableAdapter.call(Executors.java:511)
	at java.util.concurrent.FutureTask.run(FutureTask.java:266)
	at java.util.concurrent.ScheduledThreadPoolExecutor$ScheduledFutureTask.access$201(ScheduledThreadPoolExecutor.java:180)
	at java.util.concurrent.ScheduledThreadPoolExecutor$ScheduledFutureTask.run(ScheduledThreadPoolExecutor.java:293)
	at java.util.concurrent.ThreadPoolExecutor.runWorker(ThreadPoolExecutor.java:1149)
	at java.util.concurrent.ThreadPoolExecutor$Worker.run(ThreadPoolExecutor.java:624)
	at java.lang.Thread.run(Thread.java:748)
2019-09-17 09:56:23,075 [grpc-default-executor-8] INFO  client.GrpcClientProtocolClient (GrpcClientProtocolClient.java:onNext(264)) - client-6DB5D824AA41->97184ed6-1d8a-4db2-a901-2f2d7f2102ca: receive RaftClientReply:client-6DB5D824AA41->97184ed6-1d8a-4db2-a901-2f2d7f2102ca@group-C8F5A74D1DB9, cid=338, FAILED org.apache.ratis.protocol.NotLeaderException: Server 97184ed6-1d8a-4db2-a901-2f2d7f2102ca@group-C8F5A74D1DB9 is not the leader 7550e15a-2ff9-4e5e-b05d-d9f072bd52cf:192.168.34.37:41606, logIndex=0, commits[97184ed6-1d8a-4db2-a901-2f2d7f2102ca:c15, bdd5aae1-c180-43a6-a11a-58912a33bf0b:c12, 7550e15a-2ff9-4e5e-b05d-d9f072bd52cf:c15]
2019-09-17 09:56:23,303 [java.util.concurrent.ThreadPoolExecutor$Worker@3e348b54[State = -1, empty queue]] WARN  server.GrpcLogAppender (GrpcLogAppender.java:timeoutAppendRequest(200)) - 7550e15a-2ff9-4e5e-b05d-d9f072bd52cf@group-C8F5A74D1DB9->97184ed6-1d8a-4db2-a901-2f2d7f2102ca-GrpcLogAppender: appendEntries Timeout, request=7550e15a-2ff9-4e5e-b05d-d9f072bd52cf->97184ed6-1d8a-4db2-a901-2f2d7f2102ca#29-t1, previous=(t:1, i:19), leaderCommit=15, initializing? false, entries: <empty>
2019-09-17 09:56:23,303 [java.util.concurrent.ThreadPoolExecutor$Worker@12935038[State = -1, empty queue]] WARN  server.GrpcLogAppender (GrpcLogAppender.java:timeoutAppendRequest(200)) - 7550e15a-2ff9-4e5e-b05d-d9f072bd52cf@group-C8F5A74D1DB9->bdd5aae1-c180-43a6-a11a-58912a33bf0b-GrpcLogAppender: appendEntries Timeout, request=7550e15a-2ff9-4e5e-b05d-d9f072bd52cf->bdd5aae1-c180-43a6-a11a-58912a33bf0b#29-t1, previous=(t:1, i:19), leaderCommit=15, initializing? false, entries: <empty>
2019-09-17 09:56:24,477 [grpc-default-executor-9] INFO  impl.RaftServerProxy (RaftServerProxy.java:remove(95)) - bdd5aae1-c180-43a6-a11a-58912a33bf0b: remove group-98B303272373:null
2019-09-17 09:56:24,479 [RatisPipelineUtilsThread] WARN  pipeline.RatisPipelineUtils (RatisPipelineUtils.java:destroyPipeline(66)) - Pipeline destroy failed for pipeline=PipelineID=f425068e-56e5-48a7-bfb8-98b303272373 dn=bdd5aae1-c180-43a6-a11a-58912a33bf0b{ip: 192.168.34.37, host: pr-hdds-2110-rdjw6-11158954, networkLocation: /default-rack, certSerialId: null}
2019-09-17 09:56:24,482 [grpc-default-executor-9] INFO  impl.RaftServerProxy (RaftServerProxy.java:remove(95)) - 97184ed6-1d8a-4db2-a901-2f2d7f2102ca: remove group-98B303272373:null
2019-09-17 09:56:24,483 [RatisPipelineUtilsThread] WARN  pipeline.RatisPipelineUtils (RatisPipelineUtils.java:destroyPipeline(66)) - Pipeline destroy failed for pipeline=PipelineID=f425068e-56e5-48a7-bfb8-98b303272373 dn=97184ed6-1d8a-4db2-a901-2f2d7f2102ca{ip: 192.168.34.37, host: pr-hdds-2110-rdjw6-11158954, networkLocation: /default-rack, certSerialId: null}
2019-09-17 09:56:24,486 [grpc-default-executor-9] INFO  impl.RaftServerProxy (RaftServerProxy.java:remove(95)) - 7550e15a-2ff9-4e5e-b05d-d9f072bd52cf: remove group-98B303272373:null
2019-09-17 09:56:24,487 [RatisPipelineUtilsThread] WARN  pipeline.RatisPipelineUtils (RatisPipelineUtils.java:destroyPipeline(66)) - Pipeline destroy failed for pipeline=PipelineID=f425068e-56e5-48a7-bfb8-98b303272373 dn=7550e15a-2ff9-4e5e-b05d-d9f072bd52cf{ip: 192.168.34.37, host: pr-hdds-2110-rdjw6-11158954, networkLocation: /default-rack, certSerialId: null}
2019-09-17 09:56:24,488 [RatisPipelineUtilsThread] ERROR pipeline.SCMPipelineManager (Scheduler.java:lambda$schedule$1(70)) - Destroy pipeline failed for pipeline:Pipeline[ Id: f425068e-56e5-48a7-bfb8-98b303272373, Nodes: bdd5aae1-c180-43a6-a11a-58912a33bf0b{ip: 192.168.34.37, host: pr-hdds-2110-rdjw6-11158954, networkLocation: /default-rack, certSerialId: null}97184ed6-1d8a-4db2-a901-2f2d7f2102ca{ip: 192.168.34.37, host: pr-hdds-2110-rdjw6-11158954, networkLocation: /default-rack, certSerialId: null}7550e15a-2ff9-4e5e-b05d-d9f072bd52cf{ip: 192.168.34.37, host: pr-hdds-2110-rdjw6-11158954, networkLocation: /default-rack, certSerialId: null}, Type:RATIS, Factor:THREE, State:CLOSED]
org.apache.hadoop.hdds.scm.pipeline.PipelineNotFoundException: PipelineID=f425068e-56e5-48a7-bfb8-98b303272373 not found
	at org.apache.hadoop.hdds.scm.pipeline.PipelineStateMap.getPipeline(PipelineStateMap.java:132)
	at org.apache.hadoop.hdds.scm.pipeline.PipelineStateMap.removePipeline(PipelineStateMap.java:322)
	at org.apache.hadoop.hdds.scm.pipeline.PipelineStateManager.removePipeline(PipelineStateManager.java:107)
	at org.apache.hadoop.hdds.scm.pipeline.SCMPipelineManager.removePipeline(SCMPipelineManager.java:423)
	at org.apache.hadoop.hdds.scm.pipeline.SCMPipelineManager.destroyPipeline(SCMPipelineManager.java:409)
	at org.apache.hadoop.hdds.scm.pipeline.SCMPipelineManager.lambda$finalizeAndDestroyPipeline$0(SCMPipelineManager.java:318)
	at org.apache.hadoop.utils.Scheduler.lambda$schedule$1(Scheduler.java:68)
	at java.util.concurrent.Executors$RunnableAdapter.call(Executors.java:511)
	at java.util.concurrent.FutureTask.run(FutureTask.java:266)
	at java.util.concurrent.ScheduledThreadPoolExecutor$ScheduledFutureTask.access$201(ScheduledThreadPoolExecutor.java:180)
	at java.util.concurrent.ScheduledThreadPoolExecutor$ScheduledFutureTask.run(ScheduledThreadPoolExecutor.java:293)
	at java.util.concurrent.ThreadPoolExecutor.runWorker(ThreadPoolExecutor.java:1149)
	at java.util.concurrent.ThreadPoolExecutor$Worker.run(ThreadPoolExecutor.java:624)
	at java.lang.Thread.run(Thread.java:748)
2019-09-17 09:56:25,803 [java.util.concurrent.ThreadPoolExecutor$Worker@12935038[State = -1, empty queue]] WARN  server.GrpcLogAppender (GrpcLogAppender.java:timeoutAppendRequest(200)) - 7550e15a-2ff9-4e5e-b05d-d9f072bd52cf@group-C8F5A74D1DB9->bdd5aae1-c180-43a6-a11a-58912a33bf0b-GrpcLogAppender: appendEntries Timeout, request=7550e15a-2ff9-4e5e-b05d-d9f072bd52cf->bdd5aae1-c180-43a6-a11a-58912a33bf0b#30-t1, previous=(t:1, i:19), leaderCommit=15, initializing? false, entries: <empty>
2019-09-17 09:56:25,804 [java.util.concurrent.ThreadPoolExecutor$Worker@3e348b54[State = -1, empty queue]] WARN  server.GrpcLogAppender (GrpcLogAppender.java:timeoutAppendRequest(200)) - 7550e15a-2ff9-4e5e-b05d-d9f072bd52cf@group-C8F5A74D1DB9->97184ed6-1d8a-4db2-a901-2f2d7f2102ca-GrpcLogAppender: appendEntries Timeout, request=7550e15a-2ff9-4e5e-b05d-d9f072bd52cf->97184ed6-1d8a-4db2-a901-2f2d7f2102ca#30-t1, previous=(t:1, i:19), leaderCommit=15, initializing? false, entries: <empty>
2019-09-17 09:56:26,493 [grpc-default-executor-9] INFO  impl.RaftServerProxy (RaftServerProxy.java:remove(95)) - bdd5aae1-c180-43a6-a11a-58912a33bf0b: remove group-98B303272373:null
2019-09-17 09:56:26,498 [RatisPipelineUtilsThread] WARN  pipeline.RatisPipelineUtils (RatisPipelineUtils.java:destroyPipeline(66)) - Pipeline destroy failed for pipeline=PipelineID=f425068e-56e5-48a7-bfb8-98b303272373 dn=bdd5aae1-c180-43a6-a11a-58912a33bf0b{ip: 192.168.34.37, host: pr-hdds-2110-rdjw6-11158954, networkLocation: /default-rack, certSerialId: null}
2019-09-17 09:56:26,500 [grpc-default-executor-9] INFO  impl.RaftServerProxy (RaftServerProxy.java:remove(95)) - 97184ed6-1d8a-4db2-a901-2f2d7f2102ca: remove group-98B303272373:null
2019-09-17 09:56:26,502 [RatisPipelineUtilsThread] WARN  pipeline.RatisPipelineUtils (RatisPipelineUtils.java:destroyPipeline(66)) - Pipeline destroy failed for pipeline=PipelineID=f425068e-56e5-48a7-bfb8-98b303272373 dn=97184ed6-1d8a-4db2-a901-2f2d7f2102ca{ip: 192.168.34.37, host: pr-hdds-2110-rdjw6-11158954, networkLocation: /default-rack, certSerialId: null}
2019-09-17 09:56:26,504 [grpc-default-executor-9] INFO  impl.RaftServerProxy (RaftServerProxy.java:remove(95)) - 7550e15a-2ff9-4e5e-b05d-d9f072bd52cf: remove group-98B303272373:null
2019-09-17 09:56:26,506 [RatisPipelineUtilsThread] WARN  pipeline.RatisPipelineUtils (RatisPipelineUtils.java:destroyPipeline(66)) - Pipeline destroy failed for pipeline=PipelineID=f425068e-56e5-48a7-bfb8-98b303272373 dn=7550e15a-2ff9-4e5e-b05d-d9f072bd52cf{ip: 192.168.34.37, host: pr-hdds-2110-rdjw6-11158954, networkLocation: /default-rack, certSerialId: null}
2019-09-17 09:56:26,507 [RatisPipelineUtilsThread] ERROR pipeline.SCMPipelineManager (Scheduler.java:lambda$schedule$1(70)) - Destroy pipeline failed for pipeline:Pipeline[ Id: f425068e-56e5-48a7-bfb8-98b303272373, Nodes: bdd5aae1-c180-43a6-a11a-58912a33bf0b{ip: 192.168.34.37, host: pr-hdds-2110-rdjw6-11158954, networkLocation: /default-rack, certSerialId: null}97184ed6-1d8a-4db2-a901-2f2d7f2102ca{ip: 192.168.34.37, host: pr-hdds-2110-rdjw6-11158954, networkLocation: /default-rack, certSerialId: null}7550e15a-2ff9-4e5e-b05d-d9f072bd52cf{ip: 192.168.34.37, host: pr-hdds-2110-rdjw6-11158954, networkLocation: /default-rack, certSerialId: null}, Type:RATIS, Factor:THREE, State:CLOSED]
org.apache.hadoop.hdds.scm.pipeline.PipelineNotFoundException: PipelineID=f425068e-56e5-48a7-bfb8-98b303272373 not found
	at org.apache.hadoop.hdds.scm.pipeline.PipelineStateMap.getPipeline(PipelineStateMap.java:132)
	at org.apache.hadoop.hdds.scm.pipeline.PipelineStateMap.removePipeline(PipelineStateMap.java:322)
	at org.apache.hadoop.hdds.scm.pipeline.PipelineStateManager.removePipeline(PipelineStateManager.java:107)
	at org.apache.hadoop.hdds.scm.pipeline.SCMPipelineManager.removePipeline(SCMPipelineManager.java:423)
	at org.apache.hadoop.hdds.scm.pipeline.SCMPipelineManager.destroyPipeline(SCMPipelineManager.java:409)
	at org.apache.hadoop.hdds.scm.pipeline.SCMPipelineManager.lambda$finalizeAndDestroyPipeline$0(SCMPipelineManager.java:318)
	at org.apache.hadoop.utils.Scheduler.lambda$schedule$1(Scheduler.java:68)
	at java.util.concurrent.Executors$RunnableAdapter.call(Executors.java:511)
	at java.util.concurrent.FutureTask.run(FutureTask.java:266)
	at java.util.concurrent.ScheduledThreadPoolExecutor$ScheduledFutureTask.access$201(ScheduledThreadPoolExecutor.java:180)
	at java.util.concurrent.ScheduledThreadPoolExecutor$ScheduledFutureTask.run(ScheduledThreadPoolExecutor.java:293)
	at java.util.concurrent.ThreadPoolExecutor.runWorker(ThreadPoolExecutor.java:1149)
	at java.util.concurrent.ThreadPoolExecutor$Worker.run(ThreadPoolExecutor.java:624)
	at java.lang.Thread.run(Thread.java:748)
2019-09-17 09:56:27,797 [7550e15a-2ff9-4e5e-b05d-d9f072bd52cf@group-C8F5A74D1DB9-SegmentedRaftLogWorker] WARN  segmented.SegmentedRaftLogWorker (SegmentedRaftLogWorker.java:getFromFuture(90)) - Timeout 2/~
org.apache.ratis.protocol.TimeoutIOException: Timeout 10s: WriteLog:16: (t:1, i:16), STATEMACHINELOGENTRY, client-6DB5D824AA41, cid=338-writeStateMachineData
	at org.apache.ratis.util.IOUtils.getFromFuture(IOUtils.java:87)
	at org.apache.ratis.server.raftlog.segmented.SegmentedRaftLogWorker$StateMachineDataPolicy.getFromFuture(SegmentedRaftLogWorker.java:87)
	at org.apache.ratis.server.raftlog.segmented.SegmentedRaftLogWorker$WriteLog.execute(SegmentedRaftLogWorker.java:477)
	at org.apache.ratis.server.raftlog.segmented.SegmentedRaftLogWorker.run(SegmentedRaftLogWorker.java:289)
	at java.lang.Thread.run(Thread.java:748)
Caused by: java.util.concurrent.TimeoutException
	at java.util.concurrent.CompletableFuture.timedGet(CompletableFuture.java:1771)
	at java.util.concurrent.CompletableFuture.get(CompletableFuture.java:1915)
	at org.apache.ratis.util.IOUtils.getFromFuture(IOUtils.java:79)
	... 4 more
2019-09-17 09:56:27,800 [97184ed6-1d8a-4db2-a901-2f2d7f2102ca@group-C8F5A74D1DB9-SegmentedRaftLogWorker] WARN  segmented.SegmentedRaftLogWorker (SegmentedRaftLogWorker.java:getFromFuture(90)) - Timeout 2/~
org.apache.ratis.protocol.TimeoutIOException: Timeout 10s: WriteLog:16: (t:1, i:16), STATEMACHINELOGENTRY, client-6DB5D824AA41, cid=338-writeStateMachineData
	at org.apache.ratis.util.IOUtils.getFromFuture(IOUtils.java:87)
	at org.apache.ratis.server.raftlog.segmented.SegmentedRaftLogWorker$StateMachineDataPolicy.getFromFuture(SegmentedRaftLogWorker.java:87)
	at org.apache.ratis.server.raftlog.segmented.SegmentedRaftLogWorker$WriteLog.execute(SegmentedRaftLogWorker.java:477)
	at org.apache.ratis.server.raftlog.segmented.SegmentedRaftLogWorker.run(SegmentedRaftLogWorker.java:289)
	at java.lang.Thread.run(Thread.java:748)
Caused by: java.util.concurrent.TimeoutException
	at java.util.concurrent.CompletableFuture.timedGet(CompletableFuture.java:1771)
	at java.util.concurrent.CompletableFuture.get(CompletableFuture.java:1915)
	at org.apache.ratis.util.IOUtils.getFromFuture(IOUtils.java:79)
	... 4 more
2019-09-17 09:56:27,800 [bdd5aae1-c180-43a6-a11a-58912a33bf0b@group-C8F5A74D1DB9-SegmentedRaftLogWorker] WARN  segmented.SegmentedRaftLogWorker (SegmentedRaftLogWorker.java:getFromFuture(90)) - Timeout 2/~
org.apache.ratis.protocol.TimeoutIOException: Timeout 10s: WriteLog:16: (t:1, i:16), STATEMACHINELOGENTRY, client-6DB5D824AA41, cid=338-writeStateMachineData
	at org.apache.ratis.util.IOUtils.getFromFuture(IOUtils.java:87)
	at org.apache.ratis.server.raftlog.segmented.SegmentedRaftLogWorker$StateMachineDataPolicy.getFromFuture(SegmentedRaftLogWorker.java:87)
	at org.apache.ratis.server.raftlog.segmented.SegmentedRaftLogWorker$WriteLog.execute(SegmentedRaftLogWorker.java:477)
	at org.apache.ratis.server.raftlog.segmented.SegmentedRaftLogWorker.run(SegmentedRaftLogWorker.java:289)
	at java.lang.Thread.run(Thread.java:748)
Caused by: java.util.concurrent.TimeoutException
	at java.util.concurrent.CompletableFuture.timedGet(CompletableFuture.java:1771)
	at java.util.concurrent.CompletableFuture.get(CompletableFuture.java:1915)
	at org.apache.ratis.util.IOUtils.getFromFuture(IOUtils.java:79)
	... 4 more
2019-09-17 09:56:28,125 [grpc-default-executor-9] INFO  client.GrpcClientProtocolClient (GrpcClientProtocolClient.java:onNext(264)) - client-6DB5D824AA41->bdd5aae1-c180-43a6-a11a-58912a33bf0b: receive RaftClientReply:client-6DB5D824AA41->bdd5aae1-c180-43a6-a11a-58912a33bf0b@group-C8F5A74D1DB9, cid=338, FAILED org.apache.ratis.protocol.NotLeaderException: Server bdd5aae1-c180-43a6-a11a-58912a33bf0b@group-C8F5A74D1DB9 is not the leader 7550e15a-2ff9-4e5e-b05d-d9f072bd52cf:192.168.34.37:41606, logIndex=0, commits[bdd5aae1-c180-43a6-a11a-58912a33bf0b:c15, 97184ed6-1d8a-4db2-a901-2f2d7f2102ca:c12, 7550e15a-2ff9-4e5e-b05d-d9f072bd52cf:c15]
2019-09-17 09:56:28,305 [java.util.concurrent.ThreadPoolExecutor$Worker@12935038[State = -1, empty queue]] WARN  server.GrpcLogAppender (GrpcLogAppender.java:timeoutAppendRequest(200)) - 7550e15a-2ff9-4e5e-b05d-d9f072bd52cf@group-C8F5A74D1DB9->bdd5aae1-c180-43a6-a11a-58912a33bf0b-GrpcLogAppender: appendEntries Timeout, request=7550e15a-2ff9-4e5e-b05d-d9f072bd52cf->bdd5aae1-c180-43a6-a11a-58912a33bf0b#31-t1, previous=(t:1, i:19), leaderCommit=15, initializing? false, entries: <empty>
2019-09-17 09:56:28,305 [java.util.concurrent.ThreadPoolExecutor$Worker@3e348b54[State = -1, empty queue]] WARN  server.GrpcLogAppender (GrpcLogAppender.java:timeoutAppendRequest(200)) - 7550e15a-2ff9-4e5e-b05d-d9f072bd52cf@group-C8F5A74D1DB9->97184ed6-1d8a-4db2-a901-2f2d7f2102ca-GrpcLogAppender: appendEntries Timeout, request=7550e15a-2ff9-4e5e-b05d-d9f072bd52cf->97184ed6-1d8a-4db2-a901-2f2d7f2102ca#31-t1, previous=(t:1, i:19), leaderCommit=15, initializing? false, entries: <empty>
2019-09-17 09:56:29,493 [grpc-default-executor-9] INFO  impl.RaftServerProxy (RaftServerProxy.java:remove(95)) - bdd5aae1-c180-43a6-a11a-58912a33bf0b: remove group-98B303272373:null
2019-09-17 09:56:29,497 [RatisPipelineUtilsThread] WARN  pipeline.RatisPipelineUtils (RatisPipelineUtils.java:destroyPipeline(66)) - Pipeline destroy failed for pipeline=PipelineID=f425068e-56e5-48a7-bfb8-98b303272373 dn=bdd5aae1-c180-43a6-a11a-58912a33bf0b{ip: 192.168.34.37, host: pr-hdds-2110-rdjw6-11158954, networkLocation: /default-rack, certSerialId: null}
2019-09-17 09:56:29,499 [grpc-default-executor-9] INFO  impl.RaftServerProxy (RaftServerProxy.java:remove(95)) - 97184ed6-1d8a-4db2-a901-2f2d7f2102ca: remove group-98B303272373:null
2019-09-17 09:56:29,501 [RatisPipelineUtilsThread] WARN  pipeline.RatisPipelineUtils (RatisPipelineUtils.java:destroyPipeline(66)) - Pipeline destroy failed for pipeline=PipelineID=f425068e-56e5-48a7-bfb8-98b303272373 dn=97184ed6-1d8a-4db2-a901-2f2d7f2102ca{ip: 192.168.34.37, host: pr-hdds-2110-rdjw6-11158954, networkLocation: /default-rack, certSerialId: null}
2019-09-17 09:56:29,503 [grpc-default-executor-9] INFO  impl.RaftServerProxy (RaftServerProxy.java:remove(95)) - 7550e15a-2ff9-4e5e-b05d-d9f072bd52cf: remove group-98B303272373:null
2019-09-17 09:56:29,504 [RatisPipelineUtilsThread] WARN  pipeline.RatisPipelineUtils (RatisPipelineUtils.java:destroyPipeline(66)) - Pipeline destroy failed for pipeline=PipelineID=f425068e-56e5-48a7-bfb8-98b303272373 dn=7550e15a-2ff9-4e5e-b05d-d9f072bd52cf{ip: 192.168.34.37, host: pr-hdds-2110-rdjw6-11158954, networkLocation: /default-rack, certSerialId: null}
2019-09-17 09:56:29,505 [RatisPipelineUtilsThread] ERROR pipeline.SCMPipelineManager (Scheduler.java:lambda$schedule$1(70)) - Destroy pipeline failed for pipeline:Pipeline[ Id: f425068e-56e5-48a7-bfb8-98b303272373, Nodes: bdd5aae1-c180-43a6-a11a-58912a33bf0b{ip: 192.168.34.37, host: pr-hdds-2110-rdjw6-11158954, networkLocation: /default-rack, certSerialId: null}97184ed6-1d8a-4db2-a901-2f2d7f2102ca{ip: 192.168.34.37, host: pr-hdds-2110-rdjw6-11158954, networkLocation: /default-rack, certSerialId: null}7550e15a-2ff9-4e5e-b05d-d9f072bd52cf{ip: 192.168.34.37, host: pr-hdds-2110-rdjw6-11158954, networkLocation: /default-rack, certSerialId: null}, Type:RATIS, Factor:THREE, State:CLOSED]
org.apache.hadoop.hdds.scm.pipeline.PipelineNotFoundException: PipelineID=f425068e-56e5-48a7-bfb8-98b303272373 not found
	at org.apache.hadoop.hdds.scm.pipeline.PipelineStateMap.getPipeline(PipelineStateMap.java:132)
	at org.apache.hadoop.hdds.scm.pipeline.PipelineStateMap.removePipeline(PipelineStateMap.java:322)
	at org.apache.hadoop.hdds.scm.pipeline.PipelineStateManager.removePipeline(PipelineStateManager.java:107)
	at org.apache.hadoop.hdds.scm.pipeline.SCMPipelineManager.removePipeline(SCMPipelineManager.java:423)
	at org.apache.hadoop.hdds.scm.pipeline.SCMPipelineManager.destroyPipeline(SCMPipelineManager.java:409)
	at org.apache.hadoop.hdds.scm.pipeline.SCMPipelineManager.lambda$finalizeAndDestroyPipeline$0(SCMPipelineManager.java:318)
	at org.apache.hadoop.utils.Scheduler.lambda$schedule$1(Scheduler.java:68)
	at java.util.concurrent.Executors$RunnableAdapter.call(Executors.java:511)
	at java.util.concurrent.FutureTask.run(FutureTask.java:266)
	at java.util.concurrent.ScheduledThreadPoolExecutor$ScheduledFutureTask.access$201(ScheduledThreadPoolExecutor.java:180)
	at java.util.concurrent.ScheduledThreadPoolExecutor$ScheduledFutureTask.run(ScheduledThreadPoolExecutor.java:293)
	at java.util.concurrent.ThreadPoolExecutor.runWorker(ThreadPoolExecutor.java:1149)
	at java.util.concurrent.ThreadPoolExecutor$Worker.run(ThreadPoolExecutor.java:624)
	at java.lang.Thread.run(Thread.java:748)
2019-09-17 09:56:30,805 [java.util.concurrent.ThreadPoolExecutor$Worker@12935038[State = -1, empty queue]] WARN  server.GrpcLogAppender (GrpcLogAppender.java:timeoutAppendRequest(200)) - 7550e15a-2ff9-4e5e-b05d-d9f072bd52cf@group-C8F5A74D1DB9->bdd5aae1-c180-43a6-a11a-58912a33bf0b-GrpcLogAppender: appendEntries Timeout, request=7550e15a-2ff9-4e5e-b05d-d9f072bd52cf->bdd5aae1-c180-43a6-a11a-58912a33bf0b#32-t1, previous=(t:1, i:19), leaderCommit=15, initializing? false, entries: <empty>
2019-09-17 09:56:30,805 [java.util.concurrent.ThreadPoolExecutor$Worker@3e348b54[State = -1, empty queue]] WARN  server.GrpcLogAppender (GrpcLogAppender.java:timeoutAppendRequest(200)) - 7550e15a-2ff9-4e5e-b05d-d9f072bd52cf@group-C8F5A74D1DB9->97184ed6-1d8a-4db2-a901-2f2d7f2102ca-GrpcLogAppender: appendEntries Timeout, request=7550e15a-2ff9-4e5e-b05d-d9f072bd52cf->97184ed6-1d8a-4db2-a901-2f2d7f2102ca#32-t1, previous=(t:1, i:19), leaderCommit=15, initializing? false, entries: <empty>
2019-09-17 09:56:31,493 [grpc-default-executor-9] INFO  impl.RaftServerProxy (RaftServerProxy.java:remove(95)) - bdd5aae1-c180-43a6-a11a-58912a33bf0b: remove group-98B303272373:null
2019-09-17 09:56:31,497 [RatisPipelineUtilsThread] WARN  pipeline.RatisPipelineUtils (RatisPipelineUtils.java:destroyPipeline(66)) - Pipeline destroy failed for pipeline=PipelineID=f425068e-56e5-48a7-bfb8-98b303272373 dn=bdd5aae1-c180-43a6-a11a-58912a33bf0b{ip: 192.168.34.37, host: pr-hdds-2110-rdjw6-11158954, networkLocation: /default-rack, certSerialId: null}
2019-09-17 09:56:31,499 [grpc-default-executor-9] INFO  impl.RaftServerProxy (RaftServerProxy.java:remove(95)) - 97184ed6-1d8a-4db2-a901-2f2d7f2102ca: remove group-98B303272373:null
2019-09-17 09:56:31,501 [RatisPipelineUtilsThread] WARN  pipeline.RatisPipelineUtils (RatisPipelineUtils.java:destroyPipeline(66)) - Pipeline destroy failed for pipeline=PipelineID=f425068e-56e5-48a7-bfb8-98b303272373 dn=97184ed6-1d8a-4db2-a901-2f2d7f2102ca{ip: 192.168.34.37, host: pr-hdds-2110-rdjw6-11158954, networkLocation: /default-rack, certSerialId: null}
2019-09-17 09:56:31,503 [grpc-default-executor-9] INFO  impl.RaftServerProxy (RaftServerProxy.java:remove(95)) - 7550e15a-2ff9-4e5e-b05d-d9f072bd52cf: remove group-98B303272373:null
2019-09-17 09:56:31,505 [RatisPipelineUtilsThread] WARN  pipeline.RatisPipelineUtils (RatisPipelineUtils.java:destroyPipeline(66)) - Pipeline destroy failed for pipeline=PipelineID=f425068e-56e5-48a7-bfb8-98b303272373 dn=7550e15a-2ff9-4e5e-b05d-d9f072bd52cf{ip: 192.168.34.37, host: pr-hdds-2110-rdjw6-11158954, networkLocation: /default-rack, certSerialId: null}
2019-09-17 09:56:31,505 [RatisPipelineUtilsThread] ERROR pipeline.SCMPipelineManager (Scheduler.java:lambda$schedule$1(70)) - Destroy pipeline failed for pipeline:Pipeline[ Id: f425068e-56e5-48a7-bfb8-98b303272373, Nodes: bdd5aae1-c180-43a6-a11a-58912a33bf0b{ip: 192.168.34.37, host: pr-hdds-2110-rdjw6-11158954, networkLocation: /default-rack, certSerialId: null}97184ed6-1d8a-4db2-a901-2f2d7f2102ca{ip: 192.168.34.37, host: pr-hdds-2110-rdjw6-11158954, networkLocation: /default-rack, certSerialId: null}7550e15a-2ff9-4e5e-b05d-d9f072bd52cf{ip: 192.168.34.37, host: pr-hdds-2110-rdjw6-11158954, networkLocation: /default-rack, certSerialId: null}, Type:RATIS, Factor:THREE, State:CLOSED]
org.apache.hadoop.hdds.scm.pipeline.PipelineNotFoundException: PipelineID=f425068e-56e5-48a7-bfb8-98b303272373 not found
	at org.apache.hadoop.hdds.scm.pipeline.PipelineStateMap.getPipeline(PipelineStateMap.java:132)
	at org.apache.hadoop.hdds.scm.pipeline.PipelineStateMap.removePipeline(PipelineStateMap.java:322)
	at org.apache.hadoop.hdds.scm.pipeline.PipelineStateManager.removePipeline(PipelineStateManager.java:107)
	at org.apache.hadoop.hdds.scm.pipeline.SCMPipelineManager.removePipeline(SCMPipelineManager.java:423)
	at org.apache.hadoop.hdds.scm.pipeline.SCMPipelineManager.destroyPipeline(SCMPipelineManager.java:409)
	at org.apache.hadoop.hdds.scm.pipeline.SCMPipelineManager.lambda$finalizeAndDestroyPipeline$0(SCMPipelineManager.java:318)
	at org.apache.hadoop.utils.Scheduler.lambda$schedule$1(Scheduler.java:68)
	at java.util.concurrent.Executors$RunnableAdapter.call(Executors.java:511)
	at java.util.concurrent.FutureTask.run(FutureTask.java:266)
	at java.util.concurrent.ScheduledThreadPoolExecutor$ScheduledFutureTask.access$201(ScheduledThreadPoolExecutor.java:180)
	at java.util.concurrent.ScheduledThreadPoolExecutor$ScheduledFutureTask.run(ScheduledThreadPoolExecutor.java:293)
	at java.util.concurrent.ThreadPoolExecutor.runWorker(ThreadPoolExecutor.java:1149)
	at java.util.concurrent.ThreadPoolExecutor$Worker.run(ThreadPoolExecutor.java:624)
	at java.lang.Thread.run(Thread.java:748)
2019-09-17 09:56:33,184 [grpc-default-executor-10] INFO  client.GrpcClientProtocolClient (GrpcClientProtocolClient.java:onNext(264)) - client-6DB5D824AA41->97184ed6-1d8a-4db2-a901-2f2d7f2102ca: receive RaftClientReply:client-6DB5D824AA41->97184ed6-1d8a-4db2-a901-2f2d7f2102ca@group-C8F5A74D1DB9, cid=338, FAILED org.apache.ratis.protocol.NotLeaderException: Server 97184ed6-1d8a-4db2-a901-2f2d7f2102ca@group-C8F5A74D1DB9 is not the leader 7550e15a-2ff9-4e5e-b05d-d9f072bd52cf:192.168.34.37:41606, logIndex=0, commits[97184ed6-1d8a-4db2-a901-2f2d7f2102ca:c15, bdd5aae1-c180-43a6-a11a-58912a33bf0b:c12, 7550e15a-2ff9-4e5e-b05d-d9f072bd52cf:c15]
2019-09-17 09:56:33,306 [java.util.concurrent.ThreadPoolExecutor$Worker@3e348b54[State = -1, empty queue]] WARN  server.GrpcLogAppender (GrpcLogAppender.java:timeoutAppendRequest(200)) - 7550e15a-2ff9-4e5e-b05d-d9f072bd52cf@group-C8F5A74D1DB9->97184ed6-1d8a-4db2-a901-2f2d7f2102ca-GrpcLogAppender: appendEntries Timeout, request=7550e15a-2ff9-4e5e-b05d-d9f072bd52cf->97184ed6-1d8a-4db2-a901-2f2d7f2102ca#33-t1, previous=(t:1, i:19), leaderCommit=15, initializing? false, entries: <empty>
2019-09-17 09:56:33,306 [java.util.concurrent.ThreadPoolExecutor$Worker@12935038[State = -1, empty queue]] WARN  server.GrpcLogAppender (GrpcLogAppender.java:timeoutAppendRequest(200)) - 7550e15a-2ff9-4e5e-b05d-d9f072bd52cf@group-C8F5A74D1DB9->bdd5aae1-c180-43a6-a11a-58912a33bf0b-GrpcLogAppender: appendEntries Timeout, request=7550e15a-2ff9-4e5e-b05d-d9f072bd52cf->bdd5aae1-c180-43a6-a11a-58912a33bf0b#33-t1, previous=(t:1, i:19), leaderCommit=15, initializing? false, entries: <empty>
2019-09-17 09:56:34,489 [grpc-default-executor-9] INFO  impl.RaftServerProxy (RaftServerProxy.java:remove(95)) - bdd5aae1-c180-43a6-a11a-58912a33bf0b: remove group-98B303272373:null
2019-09-17 09:56:34,493 [RatisPipelineUtilsThread] WARN  pipeline.RatisPipelineUtils (RatisPipelineUtils.java:destroyPipeline(66)) - Pipeline destroy failed for pipeline=PipelineID=f425068e-56e5-48a7-bfb8-98b303272373 dn=bdd5aae1-c180-43a6-a11a-58912a33bf0b{ip: 192.168.34.37, host: pr-hdds-2110-rdjw6-11158954, networkLocation: /default-rack, certSerialId: null}
2019-09-17 09:56:34,495 [grpc-default-executor-9] INFO  impl.RaftServerProxy (RaftServerProxy.java:remove(95)) - 97184ed6-1d8a-4db2-a901-2f2d7f2102ca: remove group-98B303272373:null
2019-09-17 09:56:34,498 [RatisPipelineUtilsThread] WARN  pipeline.RatisPipelineUtils (RatisPipelineUtils.java:destroyPipeline(66)) - Pipeline destroy failed for pipeline=PipelineID=f425068e-56e5-48a7-bfb8-98b303272373 dn=97184ed6-1d8a-4db2-a901-2f2d7f2102ca{ip: 192.168.34.37, host: pr-hdds-2110-rdjw6-11158954, networkLocation: /default-rack, certSerialId: null}
2019-09-17 09:56:34,500 [grpc-default-executor-9] INFO  impl.RaftServerProxy (RaftServerProxy.java:remove(95)) - 7550e15a-2ff9-4e5e-b05d-d9f072bd52cf: remove group-98B303272373:null
2019-09-17 09:56:34,502 [RatisPipelineUtilsThread] WARN  pipeline.RatisPipelineUtils (RatisPipelineUtils.java:destroyPipeline(66)) - Pipeline destroy failed for pipeline=PipelineID=f425068e-56e5-48a7-bfb8-98b303272373 dn=7550e15a-2ff9-4e5e-b05d-d9f072bd52cf{ip: 192.168.34.37, host: pr-hdds-2110-rdjw6-11158954, networkLocation: /default-rack, certSerialId: null}
2019-09-17 09:56:34,503 [RatisPipelineUtilsThread] ERROR pipeline.SCMPipelineManager (Scheduler.java:lambda$schedule$1(70)) - Destroy pipeline failed for pipeline:Pipeline[ Id: f425068e-56e5-48a7-bfb8-98b303272373, Nodes: bdd5aae1-c180-43a6-a11a-58912a33bf0b{ip: 192.168.34.37, host: pr-hdds-2110-rdjw6-11158954, networkLocation: /default-rack, certSerialId: null}97184ed6-1d8a-4db2-a901-2f2d7f2102ca{ip: 192.168.34.37, host: pr-hdds-2110-rdjw6-11158954, networkLocation: /default-rack, certSerialId: null}7550e15a-2ff9-4e5e-b05d-d9f072bd52cf{ip: 192.168.34.37, host: pr-hdds-2110-rdjw6-11158954, networkLocation: /default-rack, certSerialId: null}, Type:RATIS, Factor:THREE, State:CLOSED]
org.apache.hadoop.hdds.scm.pipeline.PipelineNotFoundException: PipelineID=f425068e-56e5-48a7-bfb8-98b303272373 not found
	at org.apache.hadoop.hdds.scm.pipeline.PipelineStateMap.getPipeline(PipelineStateMap.java:132)
	at org.apache.hadoop.hdds.scm.pipeline.PipelineStateMap.removePipeline(PipelineStateMap.java:322)
	at org.apache.hadoop.hdds.scm.pipeline.PipelineStateManager.removePipeline(PipelineStateManager.java:107)
	at org.apache.hadoop.hdds.scm.pipeline.SCMPipelineManager.removePipeline(SCMPipelineManager.java:423)
	at org.apache.hadoop.hdds.scm.pipeline.SCMPipelineManager.destroyPipeline(SCMPipelineManager.java:409)
	at org.apache.hadoop.hdds.scm.pipeline.SCMPipelineManager.lambda$finalizeAndDestroyPipeline$0(SCMPipelineManager.java:318)
	at org.apache.hadoop.utils.Scheduler.lambda$schedule$1(Scheduler.java:68)
	at java.util.concurrent.Executors$RunnableAdapter.call(Executors.java:511)
	at java.util.concurrent.FutureTask.run(FutureTask.java:266)
	at java.util.concurrent.ScheduledThreadPoolExecutor$ScheduledFutureTask.access$201(ScheduledThreadPoolExecutor.java:180)
	at java.util.concurrent.ScheduledThreadPoolExecutor$ScheduledFutureTask.run(ScheduledThreadPoolExecutor.java:293)
	at java.util.concurrent.ThreadPoolExecutor.runWorker(ThreadPoolExecutor.java:1149)
	at java.util.concurrent.ThreadPoolExecutor$Worker.run(ThreadPoolExecutor.java:624)
	at java.lang.Thread.run(Thread.java:748)
2019-09-17 09:56:35,806 [java.util.concurrent.ThreadPoolExecutor$Worker@12935038[State = -1, empty queue]] WARN  server.GrpcLogAppender (GrpcLogAppender.java:timeoutAppendRequest(200)) - 7550e15a-2ff9-4e5e-b05d-d9f072bd52cf@group-C8F5A74D1DB9->bdd5aae1-c180-43a6-a11a-58912a33bf0b-GrpcLogAppender: appendEntries Timeout, request=7550e15a-2ff9-4e5e-b05d-d9f072bd52cf->bdd5aae1-c180-43a6-a11a-58912a33bf0b#34-t1, previous=(t:1, i:19), leaderCommit=15, initializing? false, entries: <empty>
2019-09-17 09:56:35,806 [java.util.concurrent.ThreadPoolExecutor$Worker@3e348b54[State = -1, empty queue]] WARN  server.GrpcLogAppender (GrpcLogAppender.java:timeoutAppendRequest(200)) - 7550e15a-2ff9-4e5e-b05d-d9f072bd52cf@group-C8F5A74D1DB9->97184ed6-1d8a-4db2-a901-2f2d7f2102ca-GrpcLogAppender: appendEntries Timeout, request=7550e15a-2ff9-4e5e-b05d-d9f072bd52cf->97184ed6-1d8a-4db2-a901-2f2d7f2102ca#34-t1, previous=(t:1, i:19), leaderCommit=15, initializing? false, entries: <empty>
2019-09-17 09:56:36,493 [grpc-default-executor-8] INFO  impl.RaftServerProxy (RaftServerProxy.java:remove(95)) - bdd5aae1-c180-43a6-a11a-58912a33bf0b: remove group-98B303272373:null
2019-09-17 09:56:36,497 [RatisPipelineUtilsThread] WARN  pipeline.RatisPipelineUtils (RatisPipelineUtils.java:destroyPipeline(66)) - Pipeline destroy failed for pipeline=PipelineID=f425068e-56e5-48a7-bfb8-98b303272373 dn=bdd5aae1-c180-43a6-a11a-58912a33bf0b{ip: 192.168.34.37, host: pr-hdds-2110-rdjw6-11158954, networkLocation: /default-rack, certSerialId: null}
2019-09-17 09:56:36,500 [grpc-default-executor-8] INFO  impl.RaftServerProxy (RaftServerProxy.java:remove(95)) - 97184ed6-1d8a-4db2-a901-2f2d7f2102ca: remove group-98B303272373:null
2019-09-17 09:56:36,502 [RatisPipelineUtilsThread] WARN  pipeline.RatisPipelineUtils (RatisPipelineUtils.java:destroyPipeline(66)) - Pipeline destroy failed for pipeline=PipelineID=f425068e-56e5-48a7-bfb8-98b303272373 dn=97184ed6-1d8a-4db2-a901-2f2d7f2102ca{ip: 192.168.34.37, host: pr-hdds-2110-rdjw6-11158954, networkLocation: /default-rack, certSerialId: null}
2019-09-17 09:56:36,510 [grpc-default-executor-8] INFO  impl.RaftServerProxy (RaftServerProxy.java:remove(95)) - 7550e15a-2ff9-4e5e-b05d-d9f072bd52cf: remove group-98B303272373:null
2019-09-17 09:56:36,513 [RatisPipelineUtilsThread] WARN  pipeline.RatisPipelineUtils (RatisPipelineUtils.java:destroyPipeline(66)) - Pipeline destroy failed for pipeline=PipelineID=f425068e-56e5-48a7-bfb8-98b303272373 dn=7550e15a-2ff9-4e5e-b05d-d9f072bd52cf{ip: 192.168.34.37, host: pr-hdds-2110-rdjw6-11158954, networkLocation: /default-rack, certSerialId: null}
2019-09-17 09:56:36,514 [RatisPipelineUtilsThread] ERROR pipeline.SCMPipelineManager (Scheduler.java:lambda$schedule$1(70)) - Destroy pipeline failed for pipeline:Pipeline[ Id: f425068e-56e5-48a7-bfb8-98b303272373, Nodes: bdd5aae1-c180-43a6-a11a-58912a33bf0b{ip: 192.168.34.37, host: pr-hdds-2110-rdjw6-11158954, networkLocation: /default-rack, certSerialId: null}97184ed6-1d8a-4db2-a901-2f2d7f2102ca{ip: 192.168.34.37, host: pr-hdds-2110-rdjw6-11158954, networkLocation: /default-rack, certSerialId: null}7550e15a-2ff9-4e5e-b05d-d9f072bd52cf{ip: 192.168.34.37, host: pr-hdds-2110-rdjw6-11158954, networkLocation: /default-rack, certSerialId: null}, Type:RATIS, Factor:THREE, State:CLOSED]
org.apache.hadoop.hdds.scm.pipeline.PipelineNotFoundException: PipelineID=f425068e-56e5-48a7-bfb8-98b303272373 not found
	at org.apache.hadoop.hdds.scm.pipeline.PipelineStateMap.getPipeline(PipelineStateMap.java:132)
	at org.apache.hadoop.hdds.scm.pipeline.PipelineStateMap.removePipeline(PipelineStateMap.java:322)
	at org.apache.hadoop.hdds.scm.pipeline.PipelineStateManager.removePipeline(PipelineStateManager.java:107)
	at org.apache.hadoop.hdds.scm.pipeline.SCMPipelineManager.removePipeline(SCMPipelineManager.java:423)
	at org.apache.hadoop.hdds.scm.pipeline.SCMPipelineManager.destroyPipeline(SCMPipelineManager.java:409)
	at org.apache.hadoop.hdds.scm.pipeline.SCMPipelineManager.lambda$finalizeAndDestroyPipeline$0(SCMPipelineManager.java:318)
	at org.apache.hadoop.utils.Scheduler.lambda$schedule$1(Scheduler.java:68)
	at java.util.concurrent.Executors$RunnableAdapter.call(Executors.java:511)
	at java.util.concurrent.FutureTask.run(FutureTask.java:266)
	at java.util.concurrent.ScheduledThreadPoolExecutor$ScheduledFutureTask.access$201(ScheduledThreadPoolExecutor.java:180)
	at java.util.concurrent.ScheduledThreadPoolExecutor$ScheduledFutureTask.run(ScheduledThreadPoolExecutor.java:293)
	at java.util.concurrent.ThreadPoolExecutor.runWorker(ThreadPoolExecutor.java:1149)
	at java.util.concurrent.ThreadPoolExecutor$Worker.run(ThreadPoolExecutor.java:624)
	at java.lang.Thread.run(Thread.java:748)
2019-09-17 09:56:37,799 [7550e15a-2ff9-4e5e-b05d-d9f072bd52cf@group-C8F5A74D1DB9-SegmentedRaftLogWorker] WARN  segmented.SegmentedRaftLogWorker (SegmentedRaftLogWorker.java:getFromFuture(90)) - Timeout 3/~
org.apache.ratis.protocol.TimeoutIOException: Timeout 10s: WriteLog:16: (t:1, i:16), STATEMACHINELOGENTRY, client-6DB5D824AA41, cid=338-writeStateMachineData
	at org.apache.ratis.util.IOUtils.getFromFuture(IOUtils.java:87)
	at org.apache.ratis.server.raftlog.segmented.SegmentedRaftLogWorker$StateMachineDataPolicy.getFromFuture(SegmentedRaftLogWorker.java:87)
	at org.apache.ratis.server.raftlog.segmented.SegmentedRaftLogWorker$WriteLog.execute(SegmentedRaftLogWorker.java:477)
	at org.apache.ratis.server.raftlog.segmented.SegmentedRaftLogWorker.run(SegmentedRaftLogWorker.java:289)
	at java.lang.Thread.run(Thread.java:748)
Caused by: java.util.concurrent.TimeoutException
	at java.util.concurrent.CompletableFuture.timedGet(CompletableFuture.java:1771)
	at java.util.concurrent.CompletableFuture.get(CompletableFuture.java:1915)
	at org.apache.ratis.util.IOUtils.getFromFuture(IOUtils.java:79)
	... 4 more
2019-09-17 09:56:37,801 [97184ed6-1d8a-4db2-a901-2f2d7f2102ca@group-C8F5A74D1DB9-SegmentedRaftLogWorker] WARN  segmented.SegmentedRaftLogWorker (SegmentedRaftLogWorker.java:getFromFuture(90)) - Timeout 3/~
org.apache.ratis.protocol.TimeoutIOException: Timeout 10s: WriteLog:16: (t:1, i:16), STATEMACHINELOGENTRY, client-6DB5D824AA41, cid=338-writeStateMachineData
	at org.apache.ratis.util.IOUtils.getFromFuture(IOUtils.java:87)
	at org.apache.ratis.server.raftlog.segmented.SegmentedRaftLogWorker$StateMachineDataPolicy.getFromFuture(SegmentedRaftLogWorker.java:87)
	at org.apache.ratis.server.raftlog.segmented.SegmentedRaftLogWorker$WriteLog.execute(SegmentedRaftLogWorker.java:477)
	at org.apache.ratis.server.raftlog.segmented.SegmentedRaftLogWorker.run(SegmentedRaftLogWorker.java:289)
	at java.lang.Thread.run(Thread.java:748)
Caused by: java.util.concurrent.TimeoutException
	at java.util.concurrent.CompletableFuture.timedGet(CompletableFuture.java:1771)
	at java.util.concurrent.CompletableFuture.get(CompletableFuture.java:1915)
	at org.apache.ratis.util.IOUtils.getFromFuture(IOUtils.java:79)
	... 4 more
2019-09-17 09:56:37,801 [bdd5aae1-c180-43a6-a11a-58912a33bf0b@group-C8F5A74D1DB9-SegmentedRaftLogWorker] WARN  segmented.SegmentedRaftLogWorker (SegmentedRaftLogWorker.java:getFromFuture(90)) - Timeout 3/~
org.apache.ratis.protocol.TimeoutIOException: Timeout 10s: WriteLog:16: (t:1, i:16), STATEMACHINELOGENTRY, client-6DB5D824AA41, cid=338-writeStateMachineData
	at org.apache.ratis.util.IOUtils.getFromFuture(IOUtils.java:87)
	at org.apache.ratis.server.raftlog.segmented.SegmentedRaftLogWorker$StateMachineDataPolicy.getFromFuture(SegmentedRaftLogWorker.java:87)
	at org.apache.ratis.server.raftlog.segmented.SegmentedRaftLogWorker$WriteLog.execute(SegmentedRaftLogWorker.java:477)
	at org.apache.ratis.server.raftlog.segmented.SegmentedRaftLogWorker.run(SegmentedRaftLogWorker.java:289)
	at java.lang.Thread.run(Thread.java:748)
Caused by: java.util.concurrent.TimeoutException
	at java.util.concurrent.CompletableFuture.timedGet(CompletableFuture.java:1771)
	at java.util.concurrent.CompletableFuture.get(CompletableFuture.java:1915)
	at org.apache.ratis.util.IOUtils.getFromFuture(IOUtils.java:79)
	... 4 more
2019-09-17 09:56:38,245 [grpc-default-executor-8] INFO  client.GrpcClientProtocolClient (GrpcClientProtocolClient.java:onNext(264)) - client-6DB5D824AA41->97184ed6-1d8a-4db2-a901-2f2d7f2102ca: receive RaftClientReply:client-6DB5D824AA41->97184ed6-1d8a-4db2-a901-2f2d7f2102ca@group-C8F5A74D1DB9, cid=338, FAILED org.apache.ratis.protocol.NotLeaderException: Server 97184ed6-1d8a-4db2-a901-2f2d7f2102ca@group-C8F5A74D1DB9 is not the leader 7550e15a-2ff9-4e5e-b05d-d9f072bd52cf:192.168.34.37:41606, logIndex=0, commits[97184ed6-1d8a-4db2-a901-2f2d7f2102ca:c15, bdd5aae1-c180-43a6-a11a-58912a33bf0b:c12, 7550e15a-2ff9-4e5e-b05d-d9f072bd52cf:c15]
2019-09-17 09:56:38,306 [java.util.concurrent.ThreadPoolExecutor$Worker@3e348b54[State = -1, empty queue]] WARN  server.GrpcLogAppender (GrpcLogAppender.java:timeoutAppendRequest(200)) - 7550e15a-2ff9-4e5e-b05d-d9f072bd52cf@group-C8F5A74D1DB9->97184ed6-1d8a-4db2-a901-2f2d7f2102ca-GrpcLogAppender: appendEntries Timeout, request=7550e15a-2ff9-4e5e-b05d-d9f072bd52cf->97184ed6-1d8a-4db2-a901-2f2d7f2102ca#35-t1, previous=(t:1, i:19), leaderCommit=15, initializing? false, entries: <empty>
2019-09-17 09:56:38,306 [java.util.concurrent.ThreadPoolExecutor$Worker@12935038[State = -1, empty queue]] WARN  server.GrpcLogAppender (GrpcLogAppender.java:timeoutAppendRequest(200)) - 7550e15a-2ff9-4e5e-b05d-d9f072bd52cf@group-C8F5A74D1DB9->bdd5aae1-c180-43a6-a11a-58912a33bf0b-GrpcLogAppender: appendEntries Timeout, request=7550e15a-2ff9-4e5e-b05d-d9f072bd52cf->bdd5aae1-c180-43a6-a11a-58912a33bf0b#35-t1, previous=(t:1, i:19), leaderCommit=15, initializing? false, entries: <empty>
2019-09-17 09:56:39,492 [grpc-default-executor-9] INFO  impl.RaftServerProxy (RaftServerProxy.java:remove(95)) - bdd5aae1-c180-43a6-a11a-58912a33bf0b: remove group-98B303272373:null
2019-09-17 09:56:39,496 [RatisPipelineUtilsThread] WARN  pipeline.RatisPipelineUtils (RatisPipelineUtils.java:destroyPipeline(66)) - Pipeline destroy failed for pipeline=PipelineID=f425068e-56e5-48a7-bfb8-98b303272373 dn=bdd5aae1-c180-43a6-a11a-58912a33bf0b{ip: 192.168.34.37, host: pr-hdds-2110-rdjw6-11158954, networkLocation: /default-rack, certSerialId: null}
2019-09-17 09:56:39,498 [grpc-default-executor-9] INFO  impl.RaftServerProxy (RaftServerProxy.java:remove(95)) - 97184ed6-1d8a-4db2-a901-2f2d7f2102ca: remove group-98B303272373:null
2019-09-17 09:56:39,500 [RatisPipelineUtilsThread] WARN  pipeline.RatisPipelineUtils (RatisPipelineUtils.java:destroyPipeline(66)) - Pipeline destroy failed for pipeline=PipelineID=f425068e-56e5-48a7-bfb8-98b303272373 dn=97184ed6-1d8a-4db2-a901-2f2d7f2102ca{ip: 192.168.34.37, host: pr-hdds-2110-rdjw6-11158954, networkLocation: /default-rack, certSerialId: null}
2019-09-17 09:56:39,502 [grpc-default-executor-9] INFO  impl.RaftServerProxy (RaftServerProxy.java:remove(95)) - 7550e15a-2ff9-4e5e-b05d-d9f072bd52cf: remove group-98B303272373:null
2019-09-17 09:56:39,504 [RatisPipelineUtilsThread] WARN  pipeline.RatisPipelineUtils (RatisPipelineUtils.java:destroyPipeline(66)) - Pipeline destroy failed for pipeline=PipelineID=f425068e-56e5-48a7-bfb8-98b303272373 dn=7550e15a-2ff9-4e5e-b05d-d9f072bd52cf{ip: 192.168.34.37, host: pr-hdds-2110-rdjw6-11158954, networkLocation: /default-rack, certSerialId: null}
2019-09-17 09:56:39,505 [RatisPipelineUtilsThread] ERROR pipeline.SCMPipelineManager (Scheduler.java:lambda$schedule$1(70)) - Destroy pipeline failed for pipeline:Pipeline[ Id: f425068e-56e5-48a7-bfb8-98b303272373, Nodes: bdd5aae1-c180-43a6-a11a-58912a33bf0b{ip: 192.168.34.37, host: pr-hdds-2110-rdjw6-11158954, networkLocation: /default-rack, certSerialId: null}97184ed6-1d8a-4db2-a901-2f2d7f2102ca{ip: 192.168.34.37, host: pr-hdds-2110-rdjw6-11158954, networkLocation: /default-rack, certSerialId: null}7550e15a-2ff9-4e5e-b05d-d9f072bd52cf{ip: 192.168.34.37, host: pr-hdds-2110-rdjw6-11158954, networkLocation: /default-rack, certSerialId: null}, Type:RATIS, Factor:THREE, State:CLOSED]
org.apache.hadoop.hdds.scm.pipeline.PipelineNotFoundException: PipelineID=f425068e-56e5-48a7-bfb8-98b303272373 not found
	at org.apache.hadoop.hdds.scm.pipeline.PipelineStateMap.getPipeline(PipelineStateMap.java:132)
	at org.apache.hadoop.hdds.scm.pipeline.PipelineStateMap.removePipeline(PipelineStateMap.java:322)
	at org.apache.hadoop.hdds.scm.pipeline.PipelineStateManager.removePipeline(PipelineStateManager.java:107)
	at org.apache.hadoop.hdds.scm.pipeline.SCMPipelineManager.removePipeline(SCMPipelineManager.java:423)
	at org.apache.hadoop.hdds.scm.pipeline.SCMPipelineManager.destroyPipeline(SCMPipelineManager.java:409)
	at org.apache.hadoop.hdds.scm.pipeline.SCMPipelineManager.lambda$finalizeAndDestroyPipeline$0(SCMPipelineManager.java:318)
	at org.apache.hadoop.utils.Scheduler.lambda$schedule$1(Scheduler.java:68)
	at java.util.concurrent.Executors$RunnableAdapter.call(Executors.java:511)
	at java.util.concurrent.FutureTask.run(FutureTask.java:266)
	at java.util.concurrent.ScheduledThreadPoolExecutor$ScheduledFutureTask.access$201(ScheduledThreadPoolExecutor.java:180)
	at java.util.concurrent.ScheduledThreadPoolExecutor$ScheduledFutureTask.run(ScheduledThreadPoolExecutor.java:293)
	at java.util.concurrent.ThreadPoolExecutor.runWorker(ThreadPoolExecutor.java:1149)
	at java.util.concurrent.ThreadPoolExecutor$Worker.run(ThreadPoolExecutor.java:624)
	at java.lang.Thread.run(Thread.java:748)
2019-09-17 09:56:40,807 [java.util.concurrent.ThreadPoolExecutor$Worker@3e348b54[State = -1, empty queue]] WARN  server.GrpcLogAppender (GrpcLogAppender.java:timeoutAppendRequest(200)) - 7550e15a-2ff9-4e5e-b05d-d9f072bd52cf@group-C8F5A74D1DB9->97184ed6-1d8a-4db2-a901-2f2d7f2102ca-GrpcLogAppender: appendEntries Timeout, request=7550e15a-2ff9-4e5e-b05d-d9f072bd52cf->97184ed6-1d8a-4db2-a901-2f2d7f2102ca#36-t1, previous=(t:1, i:19), leaderCommit=15, initializing? false, entries: <empty>
2019-09-17 09:56:40,807 [java.util.concurrent.ThreadPoolExecutor$Worker@12935038[State = -1, empty queue]] WARN  server.GrpcLogAppender (GrpcLogAppender.java:timeoutAppendRequest(200)) - 7550e15a-2ff9-4e5e-b05d-d9f072bd52cf@group-C8F5A74D1DB9->bdd5aae1-c180-43a6-a11a-58912a33bf0b-GrpcLogAppender: appendEntries Timeout, request=7550e15a-2ff9-4e5e-b05d-d9f072bd52cf->bdd5aae1-c180-43a6-a11a-58912a33bf0b#36-t1, previous=(t:1, i:19), leaderCommit=15, initializing? false, entries: <empty>
2019-09-17 09:56:41,491 [grpc-default-executor-9] INFO  impl.RaftServerProxy (RaftServerProxy.java:remove(95)) - bdd5aae1-c180-43a6-a11a-58912a33bf0b: remove group-98B303272373:null
2019-09-17 09:56:41,495 [RatisPipelineUtilsThread] WARN  pipeline.RatisPipelineUtils (RatisPipelineUtils.java:destroyPipeline(66)) - Pipeline destroy failed for pipeline=PipelineID=f425068e-56e5-48a7-bfb8-98b303272373 dn=bdd5aae1-c180-43a6-a11a-58912a33bf0b{ip: 192.168.34.37, host: pr-hdds-2110-rdjw6-11158954, networkLocation: /default-rack, certSerialId: null}
2019-09-17 09:56:41,497 [grpc-default-executor-9] INFO  impl.RaftServerProxy (RaftServerProxy.java:remove(95)) - 97184ed6-1d8a-4db2-a901-2f2d7f2102ca: remove group-98B303272373:null
2019-09-17 09:56:41,499 [RatisPipelineUtilsThread] WARN  pipeline.RatisPipelineUtils (RatisPipelineUtils.java:destroyPipeline(66)) - Pipeline destroy failed for pipeline=PipelineID=f425068e-56e5-48a7-bfb8-98b303272373 dn=97184ed6-1d8a-4db2-a901-2f2d7f2102ca{ip: 192.168.34.37, host: pr-hdds-2110-rdjw6-11158954, networkLocation: /default-rack, certSerialId: null}
2019-09-17 09:56:41,502 [grpc-default-executor-9] INFO  impl.RaftServerProxy (RaftServerProxy.java:remove(95)) - 7550e15a-2ff9-4e5e-b05d-d9f072bd52cf: remove group-98B303272373:null
2019-09-17 09:56:41,504 [RatisPipelineUtilsThread] WARN  pipeline.RatisPipelineUtils (RatisPipelineUtils.java:destroyPipeline(66)) - Pipeline destroy failed for pipeline=PipelineID=f425068e-56e5-48a7-bfb8-98b303272373 dn=7550e15a-2ff9-4e5e-b05d-d9f072bd52cf{ip: 192.168.34.37, host: pr-hdds-2110-rdjw6-11158954, networkLocation: /default-rack, certSerialId: null}
2019-09-17 09:56:41,504 [RatisPipelineUtilsThread] ERROR pipeline.SCMPipelineManager (Scheduler.java:lambda$schedule$1(70)) - Destroy pipeline failed for pipeline:Pipeline[ Id: f425068e-56e5-48a7-bfb8-98b303272373, Nodes: bdd5aae1-c180-43a6-a11a-58912a33bf0b{ip: 192.168.34.37, host: pr-hdds-2110-rdjw6-11158954, networkLocation: /default-rack, certSerialId: null}97184ed6-1d8a-4db2-a901-2f2d7f2102ca{ip: 192.168.34.37, host: pr-hdds-2110-rdjw6-11158954, networkLocation: /default-rack, certSerialId: null}7550e15a-2ff9-4e5e-b05d-d9f072bd52cf{ip: 192.168.34.37, host: pr-hdds-2110-rdjw6-11158954, networkLocation: /default-rack, certSerialId: null}, Type:RATIS, Factor:THREE, State:CLOSED]
org.apache.hadoop.hdds.scm.pipeline.PipelineNotFoundException: PipelineID=f425068e-56e5-48a7-bfb8-98b303272373 not found
	at org.apache.hadoop.hdds.scm.pipeline.PipelineStateMap.getPipeline(PipelineStateMap.java:132)
	at org.apache.hadoop.hdds.scm.pipeline.PipelineStateMap.removePipeline(PipelineStateMap.java:322)
	at org.apache.hadoop.hdds.scm.pipeline.PipelineStateManager.removePipeline(PipelineStateManager.java:107)
	at org.apache.hadoop.hdds.scm.pipeline.SCMPipelineManager.removePipeline(SCMPipelineManager.java:423)
	at org.apache.hadoop.hdds.scm.pipeline.SCMPipelineManager.destroyPipeline(SCMPipelineManager.java:409)
	at org.apache.hadoop.hdds.scm.pipeline.SCMPipelineManager.lambda$finalizeAndDestroyPipeline$0(SCMPipelineManager.java:318)
	at org.apache.hadoop.utils.Scheduler.lambda$schedule$1(Scheduler.java:68)
	at java.util.concurrent.Executors$RunnableAdapter.call(Executors.java:511)
	at java.util.concurrent.FutureTask.run(FutureTask.java:266)
	at java.util.concurrent.ScheduledThreadPoolExecutor$ScheduledFutureTask.access$201(ScheduledThreadPoolExecutor.java:180)
	at java.util.concurrent.ScheduledThreadPoolExecutor$ScheduledFutureTask.run(ScheduledThreadPoolExecutor.java:293)
	at java.util.concurrent.ThreadPoolExecutor.runWorker(ThreadPoolExecutor.java:1149)
	at java.util.concurrent.ThreadPoolExecutor$Worker.run(ThreadPoolExecutor.java:624)
	at java.lang.Thread.run(Thread.java:748)
2019-09-17 09:56:43,307 [java.util.concurrent.ThreadPoolExecutor$Worker@3e348b54[State = -1, empty queue]] WARN  server.GrpcLogAppender (GrpcLogAppender.java:timeoutAppendRequest(200)) - 7550e15a-2ff9-4e5e-b05d-d9f072bd52cf@group-C8F5A74D1DB9->97184ed6-1d8a-4db2-a901-2f2d7f2102ca-GrpcLogAppender: appendEntries Timeout, request=7550e15a-2ff9-4e5e-b05d-d9f072bd52cf->97184ed6-1d8a-4db2-a901-2f2d7f2102ca#37-t1, previous=(t:1, i:19), leaderCommit=15, initializing? false, entries: <empty>
2019-09-17 09:56:43,307 [java.util.concurrent.ThreadPoolExecutor$Worker@12935038[State = -1, empty queue]] WARN  server.GrpcLogAppender (GrpcLogAppender.java:timeoutAppendRequest(200)) - 7550e15a-2ff9-4e5e-b05d-d9f072bd52cf@group-C8F5A74D1DB9->bdd5aae1-c180-43a6-a11a-58912a33bf0b-GrpcLogAppender: appendEntries Timeout, request=7550e15a-2ff9-4e5e-b05d-d9f072bd52cf->bdd5aae1-c180-43a6-a11a-58912a33bf0b#37-t1, previous=(t:1, i:19), leaderCommit=15, initializing? false, entries: <empty>
2019-09-17 09:56:43,426 [grpc-default-executor-10] INFO  client.GrpcClientProtocolClient (GrpcClientProtocolClient.java:onNext(264)) - client-6DB5D824AA41->bdd5aae1-c180-43a6-a11a-58912a33bf0b: receive RaftClientReply:client-6DB5D824AA41->bdd5aae1-c180-43a6-a11a-58912a33bf0b@group-C8F5A74D1DB9, cid=338, FAILED org.apache.ratis.protocol.NotLeaderException: Server bdd5aae1-c180-43a6-a11a-58912a33bf0b@group-C8F5A74D1DB9 is not the leader 7550e15a-2ff9-4e5e-b05d-d9f072bd52cf:192.168.34.37:41606, logIndex=0, commits[bdd5aae1-c180-43a6-a11a-58912a33bf0b:c15, 97184ed6-1d8a-4db2-a901-2f2d7f2102ca:c12, 7550e15a-2ff9-4e5e-b05d-d9f072bd52cf:c15]
2019-09-17 09:56:44,492 [grpc-default-executor-10] INFO  impl.RaftServerProxy (RaftServerProxy.java:remove(95)) - bdd5aae1-c180-43a6-a11a-58912a33bf0b: remove group-98B303272373:null
2019-09-17 09:56:44,496 [RatisPipelineUtilsThread] WARN  pipeline.RatisPipelineUtils (RatisPipelineUtils.java:destroyPipeline(66)) - Pipeline destroy failed for pipeline=PipelineID=f425068e-56e5-48a7-bfb8-98b303272373 dn=bdd5aae1-c180-43a6-a11a-58912a33bf0b{ip: 192.168.34.37, host: pr-hdds-2110-rdjw6-11158954, networkLocation: /default-rack, certSerialId: null}
2019-09-17 09:56:44,498 [grpc-default-executor-10] INFO  impl.RaftServerProxy (RaftServerProxy.java:remove(95)) - 97184ed6-1d8a-4db2-a901-2f2d7f2102ca: remove group-98B303272373:null
2019-09-17 09:56:44,500 [RatisPipelineUtilsThread] WARN  pipeline.RatisPipelineUtils (RatisPipelineUtils.java:destroyPipeline(66)) - Pipeline destroy failed for pipeline=PipelineID=f425068e-56e5-48a7-bfb8-98b303272373 dn=97184ed6-1d8a-4db2-a901-2f2d7f2102ca{ip: 192.168.34.37, host: pr-hdds-2110-rdjw6-11158954, networkLocation: /default-rack, certSerialId: null}
2019-09-17 09:56:44,503 [grpc-default-executor-10] INFO  impl.RaftServerProxy (RaftServerProxy.java:remove(95)) - 7550e15a-2ff9-4e5e-b05d-d9f072bd52cf: remove group-98B303272373:null
2019-09-17 09:56:44,505 [RatisPipelineUtilsThread] WARN  pipeline.RatisPipelineUtils (RatisPipelineUtils.java:destroyPipeline(66)) - Pipeline destroy failed for pipeline=PipelineID=f425068e-56e5-48a7-bfb8-98b303272373 dn=7550e15a-2ff9-4e5e-b05d-d9f072bd52cf{ip: 192.168.34.37, host: pr-hdds-2110-rdjw6-11158954, networkLocation: /default-rack, certSerialId: null}
2019-09-17 09:56:44,505 [RatisPipelineUtilsThread] ERROR pipeline.SCMPipelineManager (Scheduler.java:lambda$schedule$1(70)) - Destroy pipeline failed for pipeline:Pipeline[ Id: f425068e-56e5-48a7-bfb8-98b303272373, Nodes: bdd5aae1-c180-43a6-a11a-58912a33bf0b{ip: 192.168.34.37, host: pr-hdds-2110-rdjw6-11158954, networkLocation: /default-rack, certSerialId: null}97184ed6-1d8a-4db2-a901-2f2d7f2102ca{ip: 192.168.34.37, host: pr-hdds-2110-rdjw6-11158954, networkLocation: /default-rack, certSerialId: null}7550e15a-2ff9-4e5e-b05d-d9f072bd52cf{ip: 192.168.34.37, host: pr-hdds-2110-rdjw6-11158954, networkLocation: /default-rack, certSerialId: null}, Type:RATIS, Factor:THREE, State:CLOSED]
org.apache.hadoop.hdds.scm.pipeline.PipelineNotFoundException: PipelineID=f425068e-56e5-48a7-bfb8-98b303272373 not found
	at org.apache.hadoop.hdds.scm.pipeline.PipelineStateMap.getPipeline(PipelineStateMap.java:132)
	at org.apache.hadoop.hdds.scm.pipeline.PipelineStateMap.removePipeline(PipelineStateMap.java:322)
	at org.apache.hadoop.hdds.scm.pipeline.PipelineStateManager.removePipeline(PipelineStateManager.java:107)
	at org.apache.hadoop.hdds.scm.pipeline.SCMPipelineManager.removePipeline(SCMPipelineManager.java:423)
	at org.apache.hadoop.hdds.scm.pipeline.SCMPipelineManager.destroyPipeline(SCMPipelineManager.java:409)
	at org.apache.hadoop.hdds.scm.pipeline.SCMPipelineManager.lambda$finalizeAndDestroyPipeline$0(SCMPipelineManager.java:318)
	at org.apache.hadoop.utils.Scheduler.lambda$schedule$1(Scheduler.java:68)
	at java.util.concurrent.Executors$RunnableAdapter.call(Executors.java:511)
	at java.util.concurrent.FutureTask.run(FutureTask.java:266)
	at java.util.concurrent.ScheduledThreadPoolExecutor$ScheduledFutureTask.access$201(ScheduledThreadPoolExecutor.java:180)
	at java.util.concurrent.ScheduledThreadPoolExecutor$ScheduledFutureTask.run(ScheduledThreadPoolExecutor.java:293)
	at java.util.concurrent.ThreadPoolExecutor.runWorker(ThreadPoolExecutor.java:1149)
	at java.util.concurrent.ThreadPoolExecutor$Worker.run(ThreadPoolExecutor.java:624)
	at java.lang.Thread.run(Thread.java:748)
2019-09-17 09:56:45,808 [java.util.concurrent.ThreadPoolExecutor$Worker@12935038[State = -1, empty queue]] WARN  server.GrpcLogAppender (GrpcLogAppender.java:timeoutAppendRequest(200)) - 7550e15a-2ff9-4e5e-b05d-d9f072bd52cf@group-C8F5A74D1DB9->bdd5aae1-c180-43a6-a11a-58912a33bf0b-GrpcLogAppender: appendEntries Timeout, request=7550e15a-2ff9-4e5e-b05d-d9f072bd52cf->bdd5aae1-c180-43a6-a11a-58912a33bf0b#38-t1, previous=(t:1, i:19), leaderCommit=15, initializing? false, entries: <empty>
2019-09-17 09:56:45,808 [java.util.concurrent.ThreadPoolExecutor$Worker@3e348b54[State = -1, empty queue]] WARN  server.GrpcLogAppender (GrpcLogAppender.java:timeoutAppendRequest(200)) - 7550e15a-2ff9-4e5e-b05d-d9f072bd52cf@group-C8F5A74D1DB9->97184ed6-1d8a-4db2-a901-2f2d7f2102ca-GrpcLogAppender: appendEntries Timeout, request=7550e15a-2ff9-4e5e-b05d-d9f072bd52cf->97184ed6-1d8a-4db2-a901-2f2d7f2102ca#38-t1, previous=(t:1, i:19), leaderCommit=15, initializing? false, entries: <empty>
2019-09-17 09:56:46,496 [grpc-default-executor-10] INFO  impl.RaftServerProxy (RaftServerProxy.java:remove(95)) - bdd5aae1-c180-43a6-a11a-58912a33bf0b: remove group-98B303272373:null
2019-09-17 09:56:46,502 [RatisPipelineUtilsThread] WARN  pipeline.RatisPipelineUtils (RatisPipelineUtils.java:destroyPipeline(66)) - Pipeline destroy failed for pipeline=PipelineID=f425068e-56e5-48a7-bfb8-98b303272373 dn=bdd5aae1-c180-43a6-a11a-58912a33bf0b{ip: 192.168.34.37, host: pr-hdds-2110-rdjw6-11158954, networkLocation: /default-rack, certSerialId: null}
2019-09-17 09:56:46,504 [grpc-default-executor-10] INFO  impl.RaftServerProxy (RaftServerProxy.java:remove(95)) - 97184ed6-1d8a-4db2-a901-2f2d7f2102ca: remove group-98B303272373:null
2019-09-17 09:56:46,506 [RatisPipelineUtilsThread] WARN  pipeline.RatisPipelineUtils (RatisPipelineUtils.java:destroyPipeline(66)) - Pipeline destroy failed for pipeline=PipelineID=f425068e-56e5-48a7-bfb8-98b303272373 dn=97184ed6-1d8a-4db2-a901-2f2d7f2102ca{ip: 192.168.34.37, host: pr-hdds-2110-rdjw6-11158954, networkLocation: /default-rack, certSerialId: null}
2019-09-17 09:56:46,508 [grpc-default-executor-10] INFO  impl.RaftServerProxy (RaftServerProxy.java:remove(95)) - 7550e15a-2ff9-4e5e-b05d-d9f072bd52cf: remove group-98B303272373:null
2019-09-17 09:56:46,510 [RatisPipelineUtilsThread] WARN  pipeline.RatisPipelineUtils (RatisPipelineUtils.java:destroyPipeline(66)) - Pipeline destroy failed for pipeline=PipelineID=f425068e-56e5-48a7-bfb8-98b303272373 dn=7550e15a-2ff9-4e5e-b05d-d9f072bd52cf{ip: 192.168.34.37, host: pr-hdds-2110-rdjw6-11158954, networkLocation: /default-rack, certSerialId: null}
2019-09-17 09:56:46,510 [RatisPipelineUtilsThread] ERROR pipeline.SCMPipelineManager (Scheduler.java:lambda$schedule$1(70)) - Destroy pipeline failed for pipeline:Pipeline[ Id: f425068e-56e5-48a7-bfb8-98b303272373, Nodes: bdd5aae1-c180-43a6-a11a-58912a33bf0b{ip: 192.168.34.37, host: pr-hdds-2110-rdjw6-11158954, networkLocation: /default-rack, certSerialId: null}97184ed6-1d8a-4db2-a901-2f2d7f2102ca{ip: 192.168.34.37, host: pr-hdds-2110-rdjw6-11158954, networkLocation: /default-rack, certSerialId: null}7550e15a-2ff9-4e5e-b05d-d9f072bd52cf{ip: 192.168.34.37, host: pr-hdds-2110-rdjw6-11158954, networkLocation: /default-rack, certSerialId: null}, Type:RATIS, Factor:THREE, State:CLOSED]
org.apache.hadoop.hdds.scm.pipeline.PipelineNotFoundException: PipelineID=f425068e-56e5-48a7-bfb8-98b303272373 not found
	at org.apache.hadoop.hdds.scm.pipeline.PipelineStateMap.getPipeline(PipelineStateMap.java:132)
	at org.apache.hadoop.hdds.scm.pipeline.PipelineStateMap.removePipeline(PipelineStateMap.java:322)
	at org.apache.hadoop.hdds.scm.pipeline.PipelineStateManager.removePipeline(PipelineStateManager.java:107)
	at org.apache.hadoop.hdds.scm.pipeline.SCMPipelineManager.removePipeline(SCMPipelineManager.java:423)
	at org.apache.hadoop.hdds.scm.pipeline.SCMPipelineManager.destroyPipeline(SCMPipelineManager.java:409)
	at org.apache.hadoop.hdds.scm.pipeline.SCMPipelineManager.lambda$finalizeAndDestroyPipeline$0(SCMPipelineManager.java:318)
	at org.apache.hadoop.utils.Scheduler.lambda$schedule$1(Scheduler.java:68)
	at java.util.concurrent.Executors$RunnableAdapter.call(Executors.java:511)
	at java.util.concurrent.FutureTask.run(FutureTask.java:266)
	at java.util.concurrent.ScheduledThreadPoolExecutor$ScheduledFutureTask.access$201(ScheduledThreadPoolExecutor.java:180)
	at java.util.concurrent.ScheduledThreadPoolExecutor$ScheduledFutureTask.run(ScheduledThreadPoolExecutor.java:293)
	at java.util.concurrent.ThreadPoolExecutor.runWorker(ThreadPoolExecutor.java:1149)
	at java.util.concurrent.ThreadPoolExecutor$Worker.run(ThreadPoolExecutor.java:624)
	at java.lang.Thread.run(Thread.java:748)
2019-09-17 09:56:47,800 [7550e15a-2ff9-4e5e-b05d-d9f072bd52cf@group-C8F5A74D1DB9-SegmentedRaftLogWorker] WARN  segmented.SegmentedRaftLogWorker (SegmentedRaftLogWorker.java:getFromFuture(90)) - Timeout 4/~
org.apache.ratis.protocol.TimeoutIOException: Timeout 10s: WriteLog:16: (t:1, i:16), STATEMACHINELOGENTRY, client-6DB5D824AA41, cid=338-writeStateMachineData
	at org.apache.ratis.util.IOUtils.getFromFuture(IOUtils.java:87)
	at org.apache.ratis.server.raftlog.segmented.SegmentedRaftLogWorker$StateMachineDataPolicy.getFromFuture(SegmentedRaftLogWorker.java:87)
	at org.apache.ratis.server.raftlog.segmented.SegmentedRaftLogWorker$WriteLog.execute(SegmentedRaftLogWorker.java:477)
	at org.apache.ratis.server.raftlog.segmented.SegmentedRaftLogWorker.run(SegmentedRaftLogWorker.java:289)
	at java.lang.Thread.run(Thread.java:748)
Caused by: java.util.concurrent.TimeoutException
	at java.util.concurrent.CompletableFuture.timedGet(CompletableFuture.java:1771)
	at java.util.concurrent.CompletableFuture.get(CompletableFuture.java:1915)
	at org.apache.ratis.util.IOUtils.getFromFuture(IOUtils.java:79)
	... 4 more
2019-09-17 09:56:47,801 [97184ed6-1d8a-4db2-a901-2f2d7f2102ca@group-C8F5A74D1DB9-SegmentedRaftLogWorker] WARN  segmented.SegmentedRaftLogWorker (SegmentedRaftLogWorker.java:getFromFuture(90)) - Timeout 4/~
org.apache.ratis.protocol.TimeoutIOException: Timeout 10s: WriteLog:16: (t:1, i:16), STATEMACHINELOGENTRY, client-6DB5D824AA41, cid=338-writeStateMachineData
	at org.apache.ratis.util.IOUtils.getFromFuture(IOUtils.java:87)
	at org.apache.ratis.server.raftlog.segmented.SegmentedRaftLogWorker$StateMachineDataPolicy.getFromFuture(SegmentedRaftLogWorker.java:87)
	at org.apache.ratis.server.raftlog.segmented.SegmentedRaftLogWorker$WriteLog.execute(SegmentedRaftLogWorker.java:477)
	at org.apache.ratis.server.raftlog.segmented.SegmentedRaftLogWorker.run(SegmentedRaftLogWorker.java:289)
	at java.lang.Thread.run(Thread.java:748)
Caused by: java.util.concurrent.TimeoutException
	at java.util.concurrent.CompletableFuture.timedGet(CompletableFuture.java:1771)
	at java.util.concurrent.CompletableFuture.get(CompletableFuture.java:1915)
	at org.apache.ratis.util.IOUtils.getFromFuture(IOUtils.java:79)
	... 4 more
2019-09-17 09:56:47,802 [bdd5aae1-c180-43a6-a11a-58912a33bf0b@group-C8F5A74D1DB9-SegmentedRaftLogWorker] WARN  segmented.SegmentedRaftLogWorker (SegmentedRaftLogWorker.java:getFromFuture(90)) - Timeout 4/~
org.apache.ratis.protocol.TimeoutIOException: Timeout 10s: WriteLog:16: (t:1, i:16), STATEMACHINELOGENTRY, client-6DB5D824AA41, cid=338-writeStateMachineData
	at org.apache.ratis.util.IOUtils.getFromFuture(IOUtils.java:87)
	at org.apache.ratis.server.raftlog.segmented.SegmentedRaftLogWorker$StateMachineDataPolicy.getFromFuture(SegmentedRaftLogWorker.java:87)
	at org.apache.ratis.server.raftlog.segmented.SegmentedRaftLogWorker$WriteLog.execute(SegmentedRaftLogWorker.java:477)
	at org.apache.ratis.server.raftlog.segmented.SegmentedRaftLogWorker.run(SegmentedRaftLogWorker.java:289)
	at java.lang.Thread.run(Thread.java:748)
Caused by: java.util.concurrent.TimeoutException
	at java.util.concurrent.CompletableFuture.timedGet(CompletableFuture.java:1771)
	at java.util.concurrent.CompletableFuture.get(CompletableFuture.java:1915)
	at org.apache.ratis.util.IOUtils.getFromFuture(IOUtils.java:79)
	... 4 more
2019-09-17 09:56:48,308 [java.util.concurrent.ThreadPoolExecutor$Worker@12935038[State = -1, empty queue]] WARN  server.GrpcLogAppender (GrpcLogAppender.java:timeoutAppendRequest(200)) - 7550e15a-2ff9-4e5e-b05d-d9f072bd52cf@group-C8F5A74D1DB9->bdd5aae1-c180-43a6-a11a-58912a33bf0b-GrpcLogAppender: appendEntries Timeout, request=7550e15a-2ff9-4e5e-b05d-d9f072bd52cf->bdd5aae1-c180-43a6-a11a-58912a33bf0b#39-t1, previous=(t:1, i:19), leaderCommit=15, initializing? false, entries: <empty>
2019-09-17 09:56:48,308 [java.util.concurrent.ThreadPoolExecutor$Worker@3e348b54[State = -1, empty queue]] WARN  server.GrpcLogAppender (GrpcLogAppender.java:timeoutAppendRequest(200)) - 7550e15a-2ff9-4e5e-b05d-d9f072bd52cf@group-C8F5A74D1DB9->97184ed6-1d8a-4db2-a901-2f2d7f2102ca-GrpcLogAppender: appendEntries Timeout, request=7550e15a-2ff9-4e5e-b05d-d9f072bd52cf->97184ed6-1d8a-4db2-a901-2f2d7f2102ca#39-t1, previous=(t:1, i:19), leaderCommit=15, initializing? false, entries: <empty>
2019-09-17 09:56:48,490 [grpc-default-executor-8] INFO  client.GrpcClientProtocolClient (GrpcClientProtocolClient.java:onNext(264)) - client-6DB5D824AA41->97184ed6-1d8a-4db2-a901-2f2d7f2102ca: receive RaftClientReply:client-6DB5D824AA41->97184ed6-1d8a-4db2-a901-2f2d7f2102ca@group-C8F5A74D1DB9, cid=338, FAILED org.apache.ratis.protocol.NotLeaderException: Server 97184ed6-1d8a-4db2-a901-2f2d7f2102ca@group-C8F5A74D1DB9 is not the leader 7550e15a-2ff9-4e5e-b05d-d9f072bd52cf:192.168.34.37:41606, logIndex=0, commits[97184ed6-1d8a-4db2-a901-2f2d7f2102ca:c15, bdd5aae1-c180-43a6-a11a-58912a33bf0b:c12, 7550e15a-2ff9-4e5e-b05d-d9f072bd52cf:c15]
2019-09-17 09:56:49,492 [grpc-default-executor-10] INFO  impl.RaftServerProxy (RaftServerProxy.java:remove(95)) - bdd5aae1-c180-43a6-a11a-58912a33bf0b: remove group-98B303272373:null
2019-09-17 09:56:49,496 [RatisPipelineUtilsThread] WARN  pipeline.RatisPipelineUtils (RatisPipelineUtils.java:destroyPipeline(66)) - Pipeline destroy failed for pipeline=PipelineID=f425068e-56e5-48a7-bfb8-98b303272373 dn=bdd5aae1-c180-43a6-a11a-58912a33bf0b{ip: 192.168.34.37, host: pr-hdds-2110-rdjw6-11158954, networkLocation: /default-rack, certSerialId: null}
2019-09-17 09:56:49,498 [grpc-default-executor-10] INFO  impl.RaftServerProxy (RaftServerProxy.java:remove(95)) - 97184ed6-1d8a-4db2-a901-2f2d7f2102ca: remove group-98B303272373:null
2019-09-17 09:56:49,500 [RatisPipelineUtilsThread] WARN  pipeline.RatisPipelineUtils (RatisPipelineUtils.java:destroyPipeline(66)) - Pipeline destroy failed for pipeline=PipelineID=f425068e-56e5-48a7-bfb8-98b303272373 dn=97184ed6-1d8a-4db2-a901-2f2d7f2102ca{ip: 192.168.34.37, host: pr-hdds-2110-rdjw6-11158954, networkLocation: /default-rack, certSerialId: null}
2019-09-17 09:56:49,502 [grpc-default-executor-10] INFO  impl.RaftServerProxy (RaftServerProxy.java:remove(95)) - 7550e15a-2ff9-4e5e-b05d-d9f072bd52cf: remove group-98B303272373:null
2019-09-17 09:56:49,504 [RatisPipelineUtilsThread] WARN  pipeline.RatisPipelineUtils (RatisPipelineUtils.java:destroyPipeline(66)) - Pipeline destroy failed for pipeline=PipelineID=f425068e-56e5-48a7-bfb8-98b303272373 dn=7550e15a-2ff9-4e5e-b05d-d9f072bd52cf{ip: 192.168.34.37, host: pr-hdds-2110-rdjw6-11158954, networkLocation: /default-rack, certSerialId: null}
2019-09-17 09:56:49,505 [RatisPipelineUtilsThread] ERROR pipeline.SCMPipelineManager (Scheduler.java:lambda$schedule$1(70)) - Destroy pipeline failed for pipeline:Pipeline[ Id: f425068e-56e5-48a7-bfb8-98b303272373, Nodes: bdd5aae1-c180-43a6-a11a-58912a33bf0b{ip: 192.168.34.37, host: pr-hdds-2110-rdjw6-11158954, networkLocation: /default-rack, certSerialId: null}97184ed6-1d8a-4db2-a901-2f2d7f2102ca{ip: 192.168.34.37, host: pr-hdds-2110-rdjw6-11158954, networkLocation: /default-rack, certSerialId: null}7550e15a-2ff9-4e5e-b05d-d9f072bd52cf{ip: 192.168.34.37, host: pr-hdds-2110-rdjw6-11158954, networkLocation: /default-rack, certSerialId: null}, Type:RATIS, Factor:THREE, State:CLOSED]
org.apache.hadoop.hdds.scm.pipeline.PipelineNotFoundException: PipelineID=f425068e-56e5-48a7-bfb8-98b303272373 not found
	at org.apache.hadoop.hdds.scm.pipeline.PipelineStateMap.getPipeline(PipelineStateMap.java:132)
	at org.apache.hadoop.hdds.scm.pipeline.PipelineStateMap.removePipeline(PipelineStateMap.java:322)
	at org.apache.hadoop.hdds.scm.pipeline.PipelineStateManager.removePipeline(PipelineStateManager.java:107)
	at org.apache.hadoop.hdds.scm.pipeline.SCMPipelineManager.removePipeline(SCMPipelineManager.java:423)
	at org.apache.hadoop.hdds.scm.pipeline.SCMPipelineManager.destroyPipeline(SCMPipelineManager.java:409)
	at org.apache.hadoop.hdds.scm.pipeline.SCMPipelineManager.lambda$finalizeAndDestroyPipeline$0(SCMPipelineManager.java:318)
	at org.apache.hadoop.utils.Scheduler.lambda$schedule$1(Scheduler.java:68)
	at java.util.concurrent.Executors$RunnableAdapter.call(Executors.java:511)
	at java.util.concurrent.FutureTask.run(FutureTask.java:266)
	at java.util.concurrent.ScheduledThreadPoolExecutor$ScheduledFutureTask.access$201(ScheduledThreadPoolExecutor.java:180)
	at java.util.concurrent.ScheduledThreadPoolExecutor$ScheduledFutureTask.run(ScheduledThreadPoolExecutor.java:293)
	at java.util.concurrent.ThreadPoolExecutor.runWorker(ThreadPoolExecutor.java:1149)
	at java.util.concurrent.ThreadPoolExecutor$Worker.run(ThreadPoolExecutor.java:624)
	at java.lang.Thread.run(Thread.java:748)
2019-09-17 09:56:50,808 [java.util.concurrent.ThreadPoolExecutor$Worker@12935038[State = -1, empty queue]] WARN  server.GrpcLogAppender (GrpcLogAppender.java:timeoutAppendRequest(200)) - 7550e15a-2ff9-4e5e-b05d-d9f072bd52cf@group-C8F5A74D1DB9->bdd5aae1-c180-43a6-a11a-58912a33bf0b-GrpcLogAppender: appendEntries Timeout, request=7550e15a-2ff9-4e5e-b05d-d9f072bd52cf->bdd5aae1-c180-43a6-a11a-58912a33bf0b#40-t1, previous=(t:1, i:19), leaderCommit=15, initializing? false, entries: <empty>
2019-09-17 09:56:50,808 [java.util.concurrent.ThreadPoolExecutor$Worker@3e348b54[State = -1, empty queue]] WARN  server.GrpcLogAppender (GrpcLogAppender.java:timeoutAppendRequest(200)) - 7550e15a-2ff9-4e5e-b05d-d9f072bd52cf@group-C8F5A74D1DB9->97184ed6-1d8a-4db2-a901-2f2d7f2102ca-GrpcLogAppender: appendEntries Timeout, request=7550e15a-2ff9-4e5e-b05d-d9f072bd52cf->97184ed6-1d8a-4db2-a901-2f2d7f2102ca#40-t1, previous=(t:1, i:19), leaderCommit=15, initializing? false, entries: <empty>
2019-09-17 09:56:51,497 [grpc-default-executor-10] INFO  impl.RaftServerProxy (RaftServerProxy.java:remove(95)) - bdd5aae1-c180-43a6-a11a-58912a33bf0b: remove group-98B303272373:null
2019-09-17 09:56:51,502 [RatisPipelineUtilsThread] WARN  pipeline.RatisPipelineUtils (RatisPipelineUtils.java:destroyPipeline(66)) - Pipeline destroy failed for pipeline=PipelineID=f425068e-56e5-48a7-bfb8-98b303272373 dn=bdd5aae1-c180-43a6-a11a-58912a33bf0b{ip: 192.168.34.37, host: pr-hdds-2110-rdjw6-11158954, networkLocation: /default-rack, certSerialId: null}
2019-09-17 09:56:51,504 [grpc-default-executor-10] INFO  impl.RaftServerProxy (RaftServerProxy.java:remove(95)) - 97184ed6-1d8a-4db2-a901-2f2d7f2102ca: remove group-98B303272373:null
2019-09-17 09:56:51,513 [RatisPipelineUtilsThread] WARN  pipeline.RatisPipelineUtils (RatisPipelineUtils.java:destroyPipeline(66)) - Pipeline destroy failed for pipeline=PipelineID=f425068e-56e5-48a7-bfb8-98b303272373 dn=97184ed6-1d8a-4db2-a901-2f2d7f2102ca{ip: 192.168.34.37, host: pr-hdds-2110-rdjw6-11158954, networkLocation: /default-rack, certSerialId: null}
2019-09-17 09:56:51,516 [grpc-default-executor-10] INFO  impl.RaftServerProxy (RaftServerProxy.java:remove(95)) - 7550e15a-2ff9-4e5e-b05d-d9f072bd52cf: remove group-98B303272373:null
2019-09-17 09:56:51,518 [RatisPipelineUtilsThread] WARN  pipeline.RatisPipelineUtils (RatisPipelineUtils.java:destroyPipeline(66)) - Pipeline destroy failed for pipeline=PipelineID=f425068e-56e5-48a7-bfb8-98b303272373 dn=7550e15a-2ff9-4e5e-b05d-d9f072bd52cf{ip: 192.168.34.37, host: pr-hdds-2110-rdjw6-11158954, networkLocation: /default-rack, certSerialId: null}
2019-09-17 09:56:51,518 [RatisPipelineUtilsThread] ERROR pipeline.SCMPipelineManager (Scheduler.java:lambda$schedule$1(70)) - Destroy pipeline failed for pipeline:Pipeline[ Id: f425068e-56e5-48a7-bfb8-98b303272373, Nodes: bdd5aae1-c180-43a6-a11a-58912a33bf0b{ip: 192.168.34.37, host: pr-hdds-2110-rdjw6-11158954, networkLocation: /default-rack, certSerialId: null}97184ed6-1d8a-4db2-a901-2f2d7f2102ca{ip: 192.168.34.37, host: pr-hdds-2110-rdjw6-11158954, networkLocation: /default-rack, certSerialId: null}7550e15a-2ff9-4e5e-b05d-d9f072bd52cf{ip: 192.168.34.37, host: pr-hdds-2110-rdjw6-11158954, networkLocation: /default-rack, certSerialId: null}, Type:RATIS, Factor:THREE, State:CLOSED]
org.apache.hadoop.hdds.scm.pipeline.PipelineNotFoundException: PipelineID=f425068e-56e5-48a7-bfb8-98b303272373 not found
	at org.apache.hadoop.hdds.scm.pipeline.PipelineStateMap.getPipeline(PipelineStateMap.java:132)
	at org.apache.hadoop.hdds.scm.pipeline.PipelineStateMap.removePipeline(PipelineStateMap.java:322)
	at org.apache.hadoop.hdds.scm.pipeline.PipelineStateManager.removePipeline(PipelineStateManager.java:107)
	at org.apache.hadoop.hdds.scm.pipeline.SCMPipelineManager.removePipeline(SCMPipelineManager.java:423)
	at org.apache.hadoop.hdds.scm.pipeline.SCMPipelineManager.destroyPipeline(SCMPipelineManager.java:409)
	at org.apache.hadoop.hdds.scm.pipeline.SCMPipelineManager.lambda$finalizeAndDestroyPipeline$0(SCMPipelineManager.java:318)
	at org.apache.hadoop.utils.Scheduler.lambda$schedule$1(Scheduler.java:68)
	at java.util.concurrent.Executors$RunnableAdapter.call(Executors.java:511)
	at java.util.concurrent.FutureTask.run(FutureTask.java:266)
	at java.util.concurrent.ScheduledThreadPoolExecutor$ScheduledFutureTask.access$201(ScheduledThreadPoolExecutor.java:180)
	at java.util.concurrent.ScheduledThreadPoolExecutor$ScheduledFutureTask.run(ScheduledThreadPoolExecutor.java:293)
	at java.util.concurrent.ThreadPoolExecutor.runWorker(ThreadPoolExecutor.java:1149)
	at java.util.concurrent.ThreadPoolExecutor$Worker.run(ThreadPoolExecutor.java:624)
	at java.lang.Thread.run(Thread.java:748)
2019-09-17 09:56:53,309 [java.util.concurrent.ThreadPoolExecutor$Worker@3e348b54[State = -1, empty queue]] WARN  server.GrpcLogAppender (GrpcLogAppender.java:timeoutAppendRequest(200)) - 7550e15a-2ff9-4e5e-b05d-d9f072bd52cf@group-C8F5A74D1DB9->97184ed6-1d8a-4db2-a901-2f2d7f2102ca-GrpcLogAppender: appendEntries Timeout, request=7550e15a-2ff9-4e5e-b05d-d9f072bd52cf->97184ed6-1d8a-4db2-a901-2f2d7f2102ca#41-t1, previous=(t:1, i:19), leaderCommit=15, initializing? false, entries: <empty>
2019-09-17 09:56:53,309 [java.util.concurrent.ThreadPoolExecutor$Worker@12935038[State = -1, empty queue]] WARN  server.GrpcLogAppender (GrpcLogAppender.java:timeoutAppendRequest(200)) - 7550e15a-2ff9-4e5e-b05d-d9f072bd52cf@group-C8F5A74D1DB9->bdd5aae1-c180-43a6-a11a-58912a33bf0b-GrpcLogAppender: appendEntries Timeout, request=7550e15a-2ff9-4e5e-b05d-d9f072bd52cf->bdd5aae1-c180-43a6-a11a-58912a33bf0b#41-t1, previous=(t:1, i:19), leaderCommit=15, initializing? false, entries: <empty>
2019-09-17 09:56:53,548 [grpc-default-executor-9] INFO  client.GrpcClientProtocolClient (GrpcClientProtocolClient.java:onNext(264)) - client-6DB5D824AA41->97184ed6-1d8a-4db2-a901-2f2d7f2102ca: receive RaftClientReply:client-6DB5D824AA41->97184ed6-1d8a-4db2-a901-2f2d7f2102ca@group-C8F5A74D1DB9, cid=338, FAILED org.apache.ratis.protocol.NotLeaderException: Server 97184ed6-1d8a-4db2-a901-2f2d7f2102ca@group-C8F5A74D1DB9 is not the leader 7550e15a-2ff9-4e5e-b05d-d9f072bd52cf:192.168.34.37:41606, logIndex=0, commits[97184ed6-1d8a-4db2-a901-2f2d7f2102ca:c15, bdd5aae1-c180-43a6-a11a-58912a33bf0b:c12, 7550e15a-2ff9-4e5e-b05d-d9f072bd52cf:c15]
2019-09-17 09:56:54,494 [grpc-default-executor-10] INFO  impl.RaftServerProxy (RaftServerProxy.java:remove(95)) - bdd5aae1-c180-43a6-a11a-58912a33bf0b: remove group-98B303272373:null
2019-09-17 09:56:54,498 [RatisPipelineUtilsThread] WARN  pipeline.RatisPipelineUtils (RatisPipelineUtils.java:destroyPipeline(66)) - Pipeline destroy failed for pipeline=PipelineID=f425068e-56e5-48a7-bfb8-98b303272373 dn=bdd5aae1-c180-43a6-a11a-58912a33bf0b{ip: 192.168.34.37, host: pr-hdds-2110-rdjw6-11158954, networkLocation: /default-rack, certSerialId: null}
2019-09-17 09:56:54,500 [grpc-default-executor-10] INFO  impl.RaftServerProxy (RaftServerProxy.java:remove(95)) - 97184ed6-1d8a-4db2-a901-2f2d7f2102ca: remove group-98B303272373:null
2019-09-17 09:56:54,502 [RatisPipelineUtilsThread] WARN  pipeline.RatisPipelineUtils (RatisPipelineUtils.java:destroyPipeline(66)) - Pipeline destroy failed for pipeline=PipelineID=f425068e-56e5-48a7-bfb8-98b303272373 dn=97184ed6-1d8a-4db2-a901-2f2d7f2102ca{ip: 192.168.34.37, host: pr-hdds-2110-rdjw6-11158954, networkLocation: /default-rack, certSerialId: null}
2019-09-17 09:56:54,504 [grpc-default-executor-10] INFO  impl.RaftServerProxy (RaftServerProxy.java:remove(95)) - 7550e15a-2ff9-4e5e-b05d-d9f072bd52cf: remove group-98B303272373:null
2019-09-17 09:56:54,505 [RatisPipelineUtilsThread] WARN  pipeline.RatisPipelineUtils (RatisPipelineUtils.java:destroyPipeline(66)) - Pipeline destroy failed for pipeline=PipelineID=f425068e-56e5-48a7-bfb8-98b303272373 dn=7550e15a-2ff9-4e5e-b05d-d9f072bd52cf{ip: 192.168.34.37, host: pr-hdds-2110-rdjw6-11158954, networkLocation: /default-rack, certSerialId: null}
2019-09-17 09:56:54,506 [RatisPipelineUtilsThread] ERROR pipeline.SCMPipelineManager (Scheduler.java:lambda$schedule$1(70)) - Destroy pipeline failed for pipeline:Pipeline[ Id: f425068e-56e5-48a7-bfb8-98b303272373, Nodes: bdd5aae1-c180-43a6-a11a-58912a33bf0b{ip: 192.168.34.37, host: pr-hdds-2110-rdjw6-11158954, networkLocation: /default-rack, certSerialId: null}97184ed6-1d8a-4db2-a901-2f2d7f2102ca{ip: 192.168.34.37, host: pr-hdds-2110-rdjw6-11158954, networkLocation: /default-rack, certSerialId: null}7550e15a-2ff9-4e5e-b05d-d9f072bd52cf{ip: 192.168.34.37, host: pr-hdds-2110-rdjw6-11158954, networkLocation: /default-rack, certSerialId: null}, Type:RATIS, Factor:THREE, State:CLOSED]
org.apache.hadoop.hdds.scm.pipeline.PipelineNotFoundException: PipelineID=f425068e-56e5-48a7-bfb8-98b303272373 not found
	at org.apache.hadoop.hdds.scm.pipeline.PipelineStateMap.getPipeline(PipelineStateMap.java:132)
	at org.apache.hadoop.hdds.scm.pipeline.PipelineStateMap.removePipeline(PipelineStateMap.java:322)
	at org.apache.hadoop.hdds.scm.pipeline.PipelineStateManager.removePipeline(PipelineStateManager.java:107)
	at org.apache.hadoop.hdds.scm.pipeline.SCMPipelineManager.removePipeline(SCMPipelineManager.java:423)
	at org.apache.hadoop.hdds.scm.pipeline.SCMPipelineManager.destroyPipeline(SCMPipelineManager.java:409)
	at org.apache.hadoop.hdds.scm.pipeline.SCMPipelineManager.lambda$finalizeAndDestroyPipeline$0(SCMPipelineManager.java:318)
	at org.apache.hadoop.utils.Scheduler.lambda$schedule$1(Scheduler.java:68)
	at java.util.concurrent.Executors$RunnableAdapter.call(Executors.java:511)
	at java.util.concurrent.FutureTask.run(FutureTask.java:266)
	at java.util.concurrent.ScheduledThreadPoolExecutor$ScheduledFutureTask.access$201(ScheduledThreadPoolExecutor.java:180)
	at java.util.concurrent.ScheduledThreadPoolExecutor$ScheduledFutureTask.run(ScheduledThreadPoolExecutor.java:293)
	at java.util.concurrent.ThreadPoolExecutor.runWorker(ThreadPoolExecutor.java:1149)
	at java.util.concurrent.ThreadPoolExecutor$Worker.run(ThreadPoolExecutor.java:624)
	at java.lang.Thread.run(Thread.java:748)
2019-09-17 09:56:55,810 [java.util.concurrent.ThreadPoolExecutor$Worker@3e348b54[State = -1, empty queue]] WARN  server.GrpcLogAppender (GrpcLogAppender.java:timeoutAppendRequest(200)) - 7550e15a-2ff9-4e5e-b05d-d9f072bd52cf@group-C8F5A74D1DB9->97184ed6-1d8a-4db2-a901-2f2d7f2102ca-GrpcLogAppender: appendEntries Timeout, request=7550e15a-2ff9-4e5e-b05d-d9f072bd52cf->97184ed6-1d8a-4db2-a901-2f2d7f2102ca#42-t1, previous=(t:1, i:19), leaderCommit=15, initializing? false, entries: <empty>
2019-09-17 09:56:55,810 [java.util.concurrent.ThreadPoolExecutor$Worker@12935038[State = -1, empty queue]] WARN  server.GrpcLogAppender (GrpcLogAppender.java:timeoutAppendRequest(200)) - 7550e15a-2ff9-4e5e-b05d-d9f072bd52cf@group-C8F5A74D1DB9->bdd5aae1-c180-43a6-a11a-58912a33bf0b-GrpcLogAppender: appendEntries Timeout, request=7550e15a-2ff9-4e5e-b05d-d9f072bd52cf->bdd5aae1-c180-43a6-a11a-58912a33bf0b#42-t1, previous=(t:1, i:19), leaderCommit=15, initializing? false, entries: <empty>
2019-09-17 09:56:56,490 [grpc-default-executor-10] INFO  impl.RaftServerProxy (RaftServerProxy.java:remove(95)) - bdd5aae1-c180-43a6-a11a-58912a33bf0b: remove group-98B303272373:null
2019-09-17 09:56:56,492 [RatisPipelineUtilsThread] WARN  pipeline.RatisPipelineUtils (RatisPipelineUtils.java:destroyPipeline(66)) - Pipeline destroy failed for pipeline=PipelineID=f425068e-56e5-48a7-bfb8-98b303272373 dn=bdd5aae1-c180-43a6-a11a-58912a33bf0b{ip: 192.168.34.37, host: pr-hdds-2110-rdjw6-11158954, networkLocation: /default-rack, certSerialId: null}
2019-09-17 09:56:56,495 [grpc-default-executor-10] INFO  impl.RaftServerProxy (RaftServerProxy.java:remove(95)) - 97184ed6-1d8a-4db2-a901-2f2d7f2102ca: remove group-98B303272373:null
2019-09-17 09:56:56,497 [RatisPipelineUtilsThread] WARN  pipeline.RatisPipelineUtils (RatisPipelineUtils.java:destroyPipeline(66)) - Pipeline destroy failed for pipeline=PipelineID=f425068e-56e5-48a7-bfb8-98b303272373 dn=97184ed6-1d8a-4db2-a901-2f2d7f2102ca{ip: 192.168.34.37, host: pr-hdds-2110-rdjw6-11158954, networkLocation: /default-rack, certSerialId: null}
2019-09-17 09:56:56,499 [grpc-default-executor-10] INFO  impl.RaftServerProxy (RaftServerProxy.java:remove(95)) - 7550e15a-2ff9-4e5e-b05d-d9f072bd52cf: remove group-98B303272373:null
2019-09-17 09:56:56,501 [RatisPipelineUtilsThread] WARN  pipeline.RatisPipelineUtils (RatisPipelineUtils.java:destroyPipeline(66)) - Pipeline destroy failed for pipeline=PipelineID=f425068e-56e5-48a7-bfb8-98b303272373 dn=7550e15a-2ff9-4e5e-b05d-d9f072bd52cf{ip: 192.168.34.37, host: pr-hdds-2110-rdjw6-11158954, networkLocation: /default-rack, certSerialId: null}
2019-09-17 09:56:56,501 [RatisPipelineUtilsThread] ERROR pipeline.SCMPipelineManager (Scheduler.java:lambda$schedule$1(70)) - Destroy pipeline failed for pipeline:Pipeline[ Id: f425068e-56e5-48a7-bfb8-98b303272373, Nodes: bdd5aae1-c180-43a6-a11a-58912a33bf0b{ip: 192.168.34.37, host: pr-hdds-2110-rdjw6-11158954, networkLocation: /default-rack, certSerialId: null}97184ed6-1d8a-4db2-a901-2f2d7f2102ca{ip: 192.168.34.37, host: pr-hdds-2110-rdjw6-11158954, networkLocation: /default-rack, certSerialId: null}7550e15a-2ff9-4e5e-b05d-d9f072bd52cf{ip: 192.168.34.37, host: pr-hdds-2110-rdjw6-11158954, networkLocation: /default-rack, certSerialId: null}, Type:RATIS, Factor:THREE, State:CLOSED]
org.apache.hadoop.hdds.scm.pipeline.PipelineNotFoundException: PipelineID=f425068e-56e5-48a7-bfb8-98b303272373 not found
	at org.apache.hadoop.hdds.scm.pipeline.PipelineStateMap.getPipeline(PipelineStateMap.java:132)
	at org.apache.hadoop.hdds.scm.pipeline.PipelineStateMap.removePipeline(PipelineStateMap.java:322)
	at org.apache.hadoop.hdds.scm.pipeline.PipelineStateManager.removePipeline(PipelineStateManager.java:107)
	at org.apache.hadoop.hdds.scm.pipeline.SCMPipelineManager.removePipeline(SCMPipelineManager.java:423)
	at org.apache.hadoop.hdds.scm.pipeline.SCMPipelineManager.destroyPipeline(SCMPipelineManager.java:409)
	at org.apache.hadoop.hdds.scm.pipeline.SCMPipelineManager.lambda$finalizeAndDestroyPipeline$0(SCMPipelineManager.java:318)
	at org.apache.hadoop.utils.Scheduler.lambda$schedule$1(Scheduler.java:68)
	at java.util.concurrent.Executors$RunnableAdapter.call(Executors.java:511)
	at java.util.concurrent.FutureTask.run(FutureTask.java:266)
	at java.util.concurrent.ScheduledThreadPoolExecutor$ScheduledFutureTask.access$201(ScheduledThreadPoolExecutor.java:180)
	at java.util.concurrent.ScheduledThreadPoolExecutor$ScheduledFutureTask.run(ScheduledThreadPoolExecutor.java:293)
	at java.util.concurrent.ThreadPoolExecutor.runWorker(ThreadPoolExecutor.java:1149)
	at java.util.concurrent.ThreadPoolExecutor$Worker.run(ThreadPoolExecutor.java:624)
	at java.lang.Thread.run(Thread.java:748)
2019-09-17 09:56:56,511 [grpc-default-executor-10] INFO  impl.RaftServerProxy (RaftServerProxy.java:remove(95)) - bdd5aae1-c180-43a6-a11a-58912a33bf0b: remove group-98B303272373:null
2019-09-17 09:56:56,513 [RatisPipelineUtilsThread] WARN  pipeline.RatisPipelineUtils (RatisPipelineUtils.java:destroyPipeline(66)) - Pipeline destroy failed for pipeline=PipelineID=f425068e-56e5-48a7-bfb8-98b303272373 dn=bdd5aae1-c180-43a6-a11a-58912a33bf0b{ip: 192.168.34.37, host: pr-hdds-2110-rdjw6-11158954, networkLocation: /default-rack, certSerialId: null}
2019-09-17 09:56:56,516 [grpc-default-executor-10] INFO  impl.RaftServerProxy (RaftServerProxy.java:remove(95)) - 97184ed6-1d8a-4db2-a901-2f2d7f2102ca: remove group-98B303272373:null
2019-09-17 09:56:56,518 [RatisPipelineUtilsThread] WARN  pipeline.RatisPipelineUtils (RatisPipelineUtils.java:destroyPipeline(66)) - Pipeline destroy failed for pipeline=PipelineID=f425068e-56e5-48a7-bfb8-98b303272373 dn=97184ed6-1d8a-4db2-a901-2f2d7f2102ca{ip: 192.168.34.37, host: pr-hdds-2110-rdjw6-11158954, networkLocation: /default-rack, certSerialId: null}
2019-09-17 09:56:56,521 [grpc-default-executor-10] INFO  impl.RaftServerProxy (RaftServerProxy.java:remove(95)) - 7550e15a-2ff9-4e5e-b05d-d9f072bd52cf: remove group-98B303272373:null
2019-09-17 09:56:56,523 [RatisPipelineUtilsThread] WARN  pipeline.RatisPipelineUtils (RatisPipelineUtils.java:destroyPipeline(66)) - Pipeline destroy failed for pipeline=PipelineID=f425068e-56e5-48a7-bfb8-98b303272373 dn=7550e15a-2ff9-4e5e-b05d-d9f072bd52cf{ip: 192.168.34.37, host: pr-hdds-2110-rdjw6-11158954, networkLocation: /default-rack, certSerialId: null}
2019-09-17 09:56:56,523 [RatisPipelineUtilsThread] ERROR pipeline.SCMPipelineManager (Scheduler.java:lambda$schedule$1(70)) - Destroy pipeline failed for pipeline:Pipeline[ Id: f425068e-56e5-48a7-bfb8-98b303272373, Nodes: bdd5aae1-c180-43a6-a11a-58912a33bf0b{ip: 192.168.34.37, host: pr-hdds-2110-rdjw6-11158954, networkLocation: /default-rack, certSerialId: null}97184ed6-1d8a-4db2-a901-2f2d7f2102ca{ip: 192.168.34.37, host: pr-hdds-2110-rdjw6-11158954, networkLocation: /default-rack, certSerialId: null}7550e15a-2ff9-4e5e-b05d-d9f072bd52cf{ip: 192.168.34.37, host: pr-hdds-2110-rdjw6-11158954, networkLocation: /default-rack, certSerialId: null}, Type:RATIS, Factor:THREE, State:CLOSED]
org.apache.hadoop.hdds.scm.pipeline.PipelineNotFoundException: PipelineID=f425068e-56e5-48a7-bfb8-98b303272373 not found
	at org.apache.hadoop.hdds.scm.pipeline.PipelineStateMap.getPipeline(PipelineStateMap.java:132)
	at org.apache.hadoop.hdds.scm.pipeline.PipelineStateMap.removePipeline(PipelineStateMap.java:322)
	at org.apache.hadoop.hdds.scm.pipeline.PipelineStateManager.removePipeline(PipelineStateManager.java:107)
	at org.apache.hadoop.hdds.scm.pipeline.SCMPipelineManager.removePipeline(SCMPipelineManager.java:423)
	at org.apache.hadoop.hdds.scm.pipeline.SCMPipelineManager.destroyPipeline(SCMPipelineManager.java:409)
	at org.apache.hadoop.hdds.scm.pipeline.SCMPipelineManager.lambda$finalizeAndDestroyPipeline$0(SCMPipelineManager.java:318)
	at org.apache.hadoop.utils.Scheduler.lambda$schedule$1(Scheduler.java:68)
	at java.util.concurrent.Executors$RunnableAdapter.call(Executors.java:511)
	at java.util.concurrent.FutureTask.run(FutureTask.java:266)
	at java.util.concurrent.ScheduledThreadPoolExecutor$ScheduledFutureTask.access$201(ScheduledThreadPoolExecutor.java:180)
	at java.util.concurrent.ScheduledThreadPoolExecutor$ScheduledFutureTask.run(ScheduledThreadPoolExecutor.java:293)
	at java.util.concurrent.ThreadPoolExecutor.runWorker(ThreadPoolExecutor.java:1149)
	at java.util.concurrent.ThreadPoolExecutor$Worker.run(ThreadPoolExecutor.java:624)
	at java.lang.Thread.run(Thread.java:748)
2019-09-17 09:56:56,631 [grpc-default-executor-10] INFO  impl.RaftServerProxy (RaftServerProxy.java:remove(95)) - bdd5aae1-c180-43a6-a11a-58912a33bf0b: remove group-98B303272373:null
2019-09-17 09:56:56,633 [RatisPipelineUtilsThread] WARN  pipeline.RatisPipelineUtils (RatisPipelineUtils.java:destroyPipeline(66)) - Pipeline destroy failed for pipeline=PipelineID=f425068e-56e5-48a7-bfb8-98b303272373 dn=bdd5aae1-c180-43a6-a11a-58912a33bf0b{ip: 192.168.34.37, host: pr-hdds-2110-rdjw6-11158954, networkLocation: /default-rack, certSerialId: null}
2019-09-17 09:56:56,635 [grpc-default-executor-10] INFO  impl.RaftServerProxy (RaftServerProxy.java:remove(95)) - 97184ed6-1d8a-4db2-a901-2f2d7f2102ca: remove group-98B303272373:null
2019-09-17 09:56:56,638 [RatisPipelineUtilsThread] WARN  pipeline.RatisPipelineUtils (RatisPipelineUtils.java:destroyPipeline(66)) - Pipeline destroy failed for pipeline=PipelineID=f425068e-56e5-48a7-bfb8-98b303272373 dn=97184ed6-1d8a-4db2-a901-2f2d7f2102ca{ip: 192.168.34.37, host: pr-hdds-2110-rdjw6-11158954, networkLocation: /default-rack, certSerialId: null}
2019-09-17 09:56:56,640 [grpc-default-executor-10] INFO  impl.RaftServerProxy (RaftServerProxy.java:remove(95)) - 7550e15a-2ff9-4e5e-b05d-d9f072bd52cf: remove group-98B303272373:null
2019-09-17 09:56:56,642 [RatisPipelineUtilsThread] WARN  pipeline.RatisPipelineUtils (RatisPipelineUtils.java:destroyPipeline(66)) - Pipeline destroy failed for pipeline=PipelineID=f425068e-56e5-48a7-bfb8-98b303272373 dn=7550e15a-2ff9-4e5e-b05d-d9f072bd52cf{ip: 192.168.34.37, host: pr-hdds-2110-rdjw6-11158954, networkLocation: /default-rack, certSerialId: null}
2019-09-17 09:56:56,642 [RatisPipelineUtilsThread] ERROR pipeline.SCMPipelineManager (Scheduler.java:lambda$schedule$1(70)) - Destroy pipeline failed for pipeline:Pipeline[ Id: f425068e-56e5-48a7-bfb8-98b303272373, Nodes: bdd5aae1-c180-43a6-a11a-58912a33bf0b{ip: 192.168.34.37, host: pr-hdds-2110-rdjw6-11158954, networkLocation: /default-rack, certSerialId: null}97184ed6-1d8a-4db2-a901-2f2d7f2102ca{ip: 192.168.34.37, host: pr-hdds-2110-rdjw6-11158954, networkLocation: /default-rack, certSerialId: null}7550e15a-2ff9-4e5e-b05d-d9f072bd52cf{ip: 192.168.34.37, host: pr-hdds-2110-rdjw6-11158954, networkLocation: /default-rack, certSerialId: null}, Type:RATIS, Factor:THREE, State:CLOSED]
org.apache.hadoop.hdds.scm.pipeline.PipelineNotFoundException: PipelineID=f425068e-56e5-48a7-bfb8-98b303272373 not found
	at org.apache.hadoop.hdds.scm.pipeline.PipelineStateMap.getPipeline(PipelineStateMap.java:132)
	at org.apache.hadoop.hdds.scm.pipeline.PipelineStateMap.removePipeline(PipelineStateMap.java:322)
	at org.apache.hadoop.hdds.scm.pipeline.PipelineStateManager.removePipeline(PipelineStateManager.java:107)
	at org.apache.hadoop.hdds.scm.pipeline.SCMPipelineManager.removePipeline(SCMPipelineManager.java:423)
	at org.apache.hadoop.hdds.scm.pipeline.SCMPipelineManager.destroyPipeline(SCMPipelineManager.java:409)
	at org.apache.hadoop.hdds.scm.pipeline.SCMPipelineManager.lambda$finalizeAndDestroyPipeline$0(SCMPipelineManager.java:318)
	at org.apache.hadoop.utils.Scheduler.lambda$schedule$1(Scheduler.java:68)
	at java.util.concurrent.Executors$RunnableAdapter.call(Executors.java:511)
	at java.util.concurrent.FutureTask.run(FutureTask.java:266)
	at java.util.concurrent.ScheduledThreadPoolExecutor$ScheduledFutureTask.access$201(ScheduledThreadPoolExecutor.java:180)
	at java.util.concurrent.ScheduledThreadPoolExecutor$ScheduledFutureTask.run(ScheduledThreadPoolExecutor.java:293)
	at java.util.concurrent.ThreadPoolExecutor.runWorker(ThreadPoolExecutor.java:1149)
	at java.util.concurrent.ThreadPoolExecutor$Worker.run(ThreadPoolExecutor.java:624)
	at java.lang.Thread.run(Thread.java:748)
2019-09-17 09:56:56,713 [grpc-default-executor-10] INFO  impl.RaftServerProxy (RaftServerProxy.java:remove(95)) - bdd5aae1-c180-43a6-a11a-58912a33bf0b: remove group-98B303272373:null
2019-09-17 09:56:56,715 [RatisPipelineUtilsThread] WARN  pipeline.RatisPipelineUtils (RatisPipelineUtils.java:destroyPipeline(66)) - Pipeline destroy failed for pipeline=PipelineID=f425068e-56e5-48a7-bfb8-98b303272373 dn=bdd5aae1-c180-43a6-a11a-58912a33bf0b{ip: 192.168.34.37, host: pr-hdds-2110-rdjw6-11158954, networkLocation: /default-rack, certSerialId: null}
2019-09-17 09:56:56,718 [grpc-default-executor-10] INFO  impl.RaftServerProxy (RaftServerProxy.java:remove(95)) - 97184ed6-1d8a-4db2-a901-2f2d7f2102ca: remove group-98B303272373:null
2019-09-17 09:56:56,719 [RatisPipelineUtilsThread] WARN  pipeline.RatisPipelineUtils (RatisPipelineUtils.java:destroyPipeline(66)) - Pipeline destroy failed for pipeline=PipelineID=f425068e-56e5-48a7-bfb8-98b303272373 dn=97184ed6-1d8a-4db2-a901-2f2d7f2102ca{ip: 192.168.34.37, host: pr-hdds-2110-rdjw6-11158954, networkLocation: /default-rack, certSerialId: null}
2019-09-17 09:56:56,722 [grpc-default-executor-10] INFO  impl.RaftServerProxy (RaftServerProxy.java:remove(95)) - 7550e15a-2ff9-4e5e-b05d-d9f072bd52cf: remove group-98B303272373:null
2019-09-17 09:56:56,724 [RatisPipelineUtilsThread] WARN  pipeline.RatisPipelineUtils (RatisPipelineUtils.java:destroyPipeline(66)) - Pipeline destroy failed for pipeline=PipelineID=f425068e-56e5-48a7-bfb8-98b303272373 dn=7550e15a-2ff9-4e5e-b05d-d9f072bd52cf{ip: 192.168.34.37, host: pr-hdds-2110-rdjw6-11158954, networkLocation: /default-rack, certSerialId: null}
2019-09-17 09:56:56,724 [RatisPipelineUtilsThread] ERROR pipeline.SCMPipelineManager (Scheduler.java:lambda$schedule$1(70)) - Destroy pipeline failed for pipeline:Pipeline[ Id: f425068e-56e5-48a7-bfb8-98b303272373, Nodes: bdd5aae1-c180-43a6-a11a-58912a33bf0b{ip: 192.168.34.37, host: pr-hdds-2110-rdjw6-11158954, networkLocation: /default-rack, certSerialId: null}97184ed6-1d8a-4db2-a901-2f2d7f2102ca{ip: 192.168.34.37, host: pr-hdds-2110-rdjw6-11158954, networkLocation: /default-rack, certSerialId: null}7550e15a-2ff9-4e5e-b05d-d9f072bd52cf{ip: 192.168.34.37, host: pr-hdds-2110-rdjw6-11158954, networkLocation: /default-rack, certSerialId: null}, Type:RATIS, Factor:THREE, State:CLOSED]
org.apache.hadoop.hdds.scm.pipeline.PipelineNotFoundException: PipelineID=f425068e-56e5-48a7-bfb8-98b303272373 not found
	at org.apache.hadoop.hdds.scm.pipeline.PipelineStateMap.getPipeline(PipelineStateMap.java:132)
	at org.apache.hadoop.hdds.scm.pipeline.PipelineStateMap.removePipeline(PipelineStateMap.java:322)
	at org.apache.hadoop.hdds.scm.pipeline.PipelineStateManager.removePipeline(PipelineStateManager.java:107)
	at org.apache.hadoop.hdds.scm.pipeline.SCMPipelineManager.removePipeline(SCMPipelineManager.java:423)
	at org.apache.hadoop.hdds.scm.pipeline.SCMPipelineManager.destroyPipeline(SCMPipelineManager.java:409)
	at org.apache.hadoop.hdds.scm.pipeline.SCMPipelineManager.lambda$finalizeAndDestroyPipeline$0(SCMPipelineManager.java:318)
	at org.apache.hadoop.utils.Scheduler.lambda$schedule$1(Scheduler.java:68)
	at java.util.concurrent.Executors$RunnableAdapter.call(Executors.java:511)
	at java.util.concurrent.FutureTask.run(FutureTask.java:266)
	at java.util.concurrent.ScheduledThreadPoolExecutor$ScheduledFutureTask.access$201(ScheduledThreadPoolExecutor.java:180)
	at java.util.concurrent.ScheduledThreadPoolExecutor$ScheduledFutureTask.run(ScheduledThreadPoolExecutor.java:293)
	at java.util.concurrent.ThreadPoolExecutor.runWorker(ThreadPoolExecutor.java:1149)
	at java.util.concurrent.ThreadPoolExecutor$Worker.run(ThreadPoolExecutor.java:624)
	at java.lang.Thread.run(Thread.java:748)
2019-09-17 09:56:57,802 [7550e15a-2ff9-4e5e-b05d-d9f072bd52cf@group-C8F5A74D1DB9-SegmentedRaftLogWorker] WARN  segmented.SegmentedRaftLogWorker (SegmentedRaftLogWorker.java:getFromFuture(90)) - Timeout 5/~
org.apache.ratis.protocol.TimeoutIOException: Timeout 10s: WriteLog:16: (t:1, i:16), STATEMACHINELOGENTRY, client-6DB5D824AA41, cid=338-writeStateMachineData
	at org.apache.ratis.util.IOUtils.getFromFuture(IOUtils.java:87)
	at org.apache.ratis.server.raftlog.segmented.SegmentedRaftLogWorker$StateMachineDataPolicy.getFromFuture(SegmentedRaftLogWorker.java:87)
	at org.apache.ratis.server.raftlog.segmented.SegmentedRaftLogWorker$WriteLog.execute(SegmentedRaftLogWorker.java:477)
	at org.apache.ratis.server.raftlog.segmented.SegmentedRaftLogWorker.run(SegmentedRaftLogWorker.java:289)
	at java.lang.Thread.run(Thread.java:748)
Caused by: java.util.concurrent.TimeoutException
	at java.util.concurrent.CompletableFuture.timedGet(CompletableFuture.java:1771)
	at java.util.concurrent.CompletableFuture.get(CompletableFuture.java:1915)
	at org.apache.ratis.util.IOUtils.getFromFuture(IOUtils.java:79)
	... 4 more
2019-09-17 09:56:57,802 [bdd5aae1-c180-43a6-a11a-58912a33bf0b@group-C8F5A74D1DB9-SegmentedRaftLogWorker] WARN  segmented.SegmentedRaftLogWorker (SegmentedRaftLogWorker.java:getFromFuture(90)) - Timeout 5/~
org.apache.ratis.protocol.TimeoutIOException: Timeout 10s: WriteLog:16: (t:1, i:16), STATEMACHINELOGENTRY, client-6DB5D824AA41, cid=338-writeStateMachineData
	at org.apache.ratis.util.IOUtils.getFromFuture(IOUtils.java:87)
	at org.apache.ratis.server.raftlog.segmented.SegmentedRaftLogWorker$StateMachineDataPolicy.getFromFuture(SegmentedRaftLogWorker.java:87)
	at org.apache.ratis.server.raftlog.segmented.SegmentedRaftLogWorker$WriteLog.execute(SegmentedRaftLogWorker.java:477)
	at org.apache.ratis.server.raftlog.segmented.SegmentedRaftLogWorker.run(SegmentedRaftLogWorker.java:289)
	at java.lang.Thread.run(Thread.java:748)
Caused by: java.util.concurrent.TimeoutException
	at java.util.concurrent.CompletableFuture.timedGet(CompletableFuture.java:1771)
	at java.util.concurrent.CompletableFuture.get(CompletableFuture.java:1915)
	at org.apache.ratis.util.IOUtils.getFromFuture(IOUtils.java:79)
	... 4 more
2019-09-17 09:56:57,802 [97184ed6-1d8a-4db2-a901-2f2d7f2102ca@group-C8F5A74D1DB9-SegmentedRaftLogWorker] WARN  segmented.SegmentedRaftLogWorker (SegmentedRaftLogWorker.java:getFromFuture(90)) - Timeout 5/~
org.apache.ratis.protocol.TimeoutIOException: Timeout 10s: WriteLog:16: (t:1, i:16), STATEMACHINELOGENTRY, client-6DB5D824AA41, cid=338-writeStateMachineData
	at org.apache.ratis.util.IOUtils.getFromFuture(IOUtils.java:87)
	at org.apache.ratis.server.raftlog.segmented.SegmentedRaftLogWorker$StateMachineDataPolicy.getFromFuture(SegmentedRaftLogWorker.java:87)
	at org.apache.ratis.server.raftlog.segmented.SegmentedRaftLogWorker$WriteLog.execute(SegmentedRaftLogWorker.java:477)
	at org.apache.ratis.server.raftlog.segmented.SegmentedRaftLogWorker.run(SegmentedRaftLogWorker.java:289)
	at java.lang.Thread.run(Thread.java:748)
Caused by: java.util.concurrent.TimeoutException
	at java.util.concurrent.CompletableFuture.timedGet(CompletableFuture.java:1771)
	at java.util.concurrent.CompletableFuture.get(CompletableFuture.java:1915)
	at org.apache.ratis.util.IOUtils.getFromFuture(IOUtils.java:79)
	... 4 more
2019-09-17 09:56:58,310 [java.util.concurrent.ThreadPoolExecutor$Worker@12935038[State = -1, empty queue]] WARN  server.GrpcLogAppender (GrpcLogAppender.java:timeoutAppendRequest(200)) - 7550e15a-2ff9-4e5e-b05d-d9f072bd52cf@group-C8F5A74D1DB9->bdd5aae1-c180-43a6-a11a-58912a33bf0b-GrpcLogAppender: appendEntries Timeout, request=7550e15a-2ff9-4e5e-b05d-d9f072bd52cf->bdd5aae1-c180-43a6-a11a-58912a33bf0b#43-t1, previous=(t:1, i:19), leaderCommit=15, initializing? false, entries: <empty>
2019-09-17 09:56:58,310 [java.util.concurrent.ThreadPoolExecutor$Worker@3e348b54[State = -1, empty queue]] WARN  server.GrpcLogAppender (GrpcLogAppender.java:timeoutAppendRequest(200)) - 7550e15a-2ff9-4e5e-b05d-d9f072bd52cf@group-C8F5A74D1DB9->97184ed6-1d8a-4db2-a901-2f2d7f2102ca-GrpcLogAppender: appendEntries Timeout, request=7550e15a-2ff9-4e5e-b05d-d9f072bd52cf->97184ed6-1d8a-4db2-a901-2f2d7f2102ca#43-t1, previous=(t:1, i:19), leaderCommit=15, initializing? false, entries: <empty>
2019-09-17 09:56:58,608 [grpc-default-executor-10] INFO  client.GrpcClientProtocolClient (GrpcClientProtocolClient.java:onNext(264)) - client-6DB5D824AA41->bdd5aae1-c180-43a6-a11a-58912a33bf0b: receive RaftClientReply:client-6DB5D824AA41->bdd5aae1-c180-43a6-a11a-58912a33bf0b@group-C8F5A74D1DB9, cid=338, FAILED org.apache.ratis.protocol.NotLeaderException: Server bdd5aae1-c180-43a6-a11a-58912a33bf0b@group-C8F5A74D1DB9 is not the leader 7550e15a-2ff9-4e5e-b05d-d9f072bd52cf:192.168.34.37:41606, logIndex=0, commits[bdd5aae1-c180-43a6-a11a-58912a33bf0b:c15, 97184ed6-1d8a-4db2-a901-2f2d7f2102ca:c12, 7550e15a-2ff9-4e5e-b05d-d9f072bd52cf:c15]
2019-09-17 09:57:00,810 [java.util.concurrent.ThreadPoolExecutor$Worker@3e348b54[State = -1, empty queue]] WARN  server.GrpcLogAppender (GrpcLogAppender.java:timeoutAppendRequest(200)) - 7550e15a-2ff9-4e5e-b05d-d9f072bd52cf@group-C8F5A74D1DB9->97184ed6-1d8a-4db2-a901-2f2d7f2102ca-GrpcLogAppender: appendEntries Timeout, request=7550e15a-2ff9-4e5e-b05d-d9f072bd52cf->97184ed6-1d8a-4db2-a901-2f2d7f2102ca#44-t1, previous=(t:1, i:19), leaderCommit=15, initializing? false, entries: <empty>
2019-09-17 09:57:00,810 [java.util.concurrent.ThreadPoolExecutor$Worker@12935038[State = -1, empty queue]] WARN  server.GrpcLogAppender (GrpcLogAppender.java:timeoutAppendRequest(200)) - 7550e15a-2ff9-4e5e-b05d-d9f072bd52cf@group-C8F5A74D1DB9->bdd5aae1-c180-43a6-a11a-58912a33bf0b-GrpcLogAppender: appendEntries Timeout, request=7550e15a-2ff9-4e5e-b05d-d9f072bd52cf->bdd5aae1-c180-43a6-a11a-58912a33bf0b#44-t1, previous=(t:1, i:19), leaderCommit=15, initializing? false, entries: <empty>
2019-09-17 09:57:03,310 [java.util.concurrent.ThreadPoolExecutor$Worker@3e348b54[State = -1, empty queue]] WARN  server.GrpcLogAppender (GrpcLogAppender.java:timeoutAppendRequest(200)) - 7550e15a-2ff9-4e5e-b05d-d9f072bd52cf@group-C8F5A74D1DB9->97184ed6-1d8a-4db2-a901-2f2d7f2102ca-GrpcLogAppender: appendEntries Timeout, request=7550e15a-2ff9-4e5e-b05d-d9f072bd52cf->97184ed6-1d8a-4db2-a901-2f2d7f2102ca#45-t1, previous=(t:1, i:19), leaderCommit=15, initializing? false, entries: <empty>
2019-09-17 09:57:03,310 [java.util.concurrent.ThreadPoolExecutor$Worker@12935038[State = -1, empty queue]] WARN  server.GrpcLogAppender (GrpcLogAppender.java:timeoutAppendRequest(200)) - 7550e15a-2ff9-4e5e-b05d-d9f072bd52cf@group-C8F5A74D1DB9->bdd5aae1-c180-43a6-a11a-58912a33bf0b-GrpcLogAppender: appendEntries Timeout, request=7550e15a-2ff9-4e5e-b05d-d9f072bd52cf->bdd5aae1-c180-43a6-a11a-58912a33bf0b#45-t1, previous=(t:1, i:19), leaderCommit=15, initializing? false, entries: <empty>
2019-09-17 09:57:03,651 [grpc-default-executor-10] INFO  client.GrpcClientProtocolClient (GrpcClientProtocolClient.java:onNext(264)) - client-6DB5D824AA41->97184ed6-1d8a-4db2-a901-2f2d7f2102ca: receive RaftClientReply:client-6DB5D824AA41->97184ed6-1d8a-4db2-a901-2f2d7f2102ca@group-C8F5A74D1DB9, cid=338, FAILED org.apache.ratis.protocol.NotLeaderException: Server 97184ed6-1d8a-4db2-a901-2f2d7f2102ca@group-C8F5A74D1DB9 is not the leader 7550e15a-2ff9-4e5e-b05d-d9f072bd52cf:192.168.34.37:41606, logIndex=0, commits[97184ed6-1d8a-4db2-a901-2f2d7f2102ca:c15, bdd5aae1-c180-43a6-a11a-58912a33bf0b:c12, 7550e15a-2ff9-4e5e-b05d-d9f072bd52cf:c15]
2019-09-17 09:57:05,811 [java.util.concurrent.ThreadPoolExecutor$Worker@3e348b54[State = -1, empty queue]] WARN  server.GrpcLogAppender (GrpcLogAppender.java:timeoutAppendRequest(200)) - 7550e15a-2ff9-4e5e-b05d-d9f072bd52cf@group-C8F5A74D1DB9->97184ed6-1d8a-4db2-a901-2f2d7f2102ca-GrpcLogAppender: appendEntries Timeout, request=7550e15a-2ff9-4e5e-b05d-d9f072bd52cf->97184ed6-1d8a-4db2-a901-2f2d7f2102ca#46-t1, previous=(t:1, i:19), leaderCommit=15, initializing? false, entries: <empty>
2019-09-17 09:57:05,811 [java.util.concurrent.ThreadPoolExecutor$Worker@12935038[State = -1, empty queue]] WARN  server.GrpcLogAppender (GrpcLogAppender.java:timeoutAppendRequest(200)) - 7550e15a-2ff9-4e5e-b05d-d9f072bd52cf@group-C8F5A74D1DB9->bdd5aae1-c180-43a6-a11a-58912a33bf0b-GrpcLogAppender: appendEntries Timeout, request=7550e15a-2ff9-4e5e-b05d-d9f072bd52cf->bdd5aae1-c180-43a6-a11a-58912a33bf0b#46-t1, previous=(t:1, i:19), leaderCommit=15, initializing? false, entries: <empty>
2019-09-17 09:57:07,803 [7550e15a-2ff9-4e5e-b05d-d9f072bd52cf@group-C8F5A74D1DB9-SegmentedRaftLogWorker] WARN  segmented.SegmentedRaftLogWorker (SegmentedRaftLogWorker.java:getFromFuture(90)) - Timeout 6/~
org.apache.ratis.protocol.TimeoutIOException: Timeout 10s: WriteLog:16: (t:1, i:16), STATEMACHINELOGENTRY, client-6DB5D824AA41, cid=338-writeStateMachineData
	at org.apache.ratis.util.IOUtils.getFromFuture(IOUtils.java:87)
	at org.apache.ratis.server.raftlog.segmented.SegmentedRaftLogWorker$StateMachineDataPolicy.getFromFuture(SegmentedRaftLogWorker.java:87)
	at org.apache.ratis.server.raftlog.segmented.SegmentedRaftLogWorker$WriteLog.execute(SegmentedRaftLogWorker.java:477)
	at org.apache.ratis.server.raftlog.segmented.SegmentedRaftLogWorker.run(SegmentedRaftLogWorker.java:289)
	at java.lang.Thread.run(Thread.java:748)
Caused by: java.util.concurrent.TimeoutException
	at java.util.concurrent.CompletableFuture.timedGet(CompletableFuture.java:1771)
	at java.util.concurrent.CompletableFuture.get(CompletableFuture.java:1915)
	at org.apache.ratis.util.IOUtils.getFromFuture(IOUtils.java:79)
	... 4 more
2019-09-17 09:57:07,803 [bdd5aae1-c180-43a6-a11a-58912a33bf0b@group-C8F5A74D1DB9-SegmentedRaftLogWorker] WARN  segmented.SegmentedRaftLogWorker (SegmentedRaftLogWorker.java:getFromFuture(90)) - Timeout 6/~
org.apache.ratis.protocol.TimeoutIOException: Timeout 10s: WriteLog:16: (t:1, i:16), STATEMACHINELOGENTRY, client-6DB5D824AA41, cid=338-writeStateMachineData
	at org.apache.ratis.util.IOUtils.getFromFuture(IOUtils.java:87)
	at org.apache.ratis.server.raftlog.segmented.SegmentedRaftLogWorker$StateMachineDataPolicy.getFromFuture(SegmentedRaftLogWorker.java:87)
	at org.apache.ratis.server.raftlog.segmented.SegmentedRaftLogWorker$WriteLog.execute(SegmentedRaftLogWorker.java:477)
	at org.apache.ratis.server.raftlog.segmented.SegmentedRaftLogWorker.run(SegmentedRaftLogWorker.java:289)
	at java.lang.Thread.run(Thread.java:748)
Caused by: java.util.concurrent.TimeoutException
	at java.util.concurrent.CompletableFuture.timedGet(CompletableFuture.java:1771)
	at java.util.concurrent.CompletableFuture.get(CompletableFuture.java:1915)
	at org.apache.ratis.util.IOUtils.getFromFuture(IOUtils.java:79)
	... 4 more
2019-09-17 09:57:07,803 [97184ed6-1d8a-4db2-a901-2f2d7f2102ca@group-C8F5A74D1DB9-SegmentedRaftLogWorker] WARN  segmented.SegmentedRaftLogWorker (SegmentedRaftLogWorker.java:getFromFuture(90)) - Timeout 6/~
org.apache.ratis.protocol.TimeoutIOException: Timeout 10s: WriteLog:16: (t:1, i:16), STATEMACHINELOGENTRY, client-6DB5D824AA41, cid=338-writeStateMachineData
	at org.apache.ratis.util.IOUtils.getFromFuture(IOUtils.java:87)
	at org.apache.ratis.server.raftlog.segmented.SegmentedRaftLogWorker$StateMachineDataPolicy.getFromFuture(SegmentedRaftLogWorker.java:87)
	at org.apache.ratis.server.raftlog.segmented.SegmentedRaftLogWorker$WriteLog.execute(SegmentedRaftLogWorker.java:477)
	at org.apache.ratis.server.raftlog.segmented.SegmentedRaftLogWorker.run(SegmentedRaftLogWorker.java:289)
	at java.lang.Thread.run(Thread.java:748)
Caused by: java.util.concurrent.TimeoutException
	at java.util.concurrent.CompletableFuture.timedGet(CompletableFuture.java:1771)
	at java.util.concurrent.CompletableFuture.get(CompletableFuture.java:1915)
	at org.apache.ratis.util.IOUtils.getFromFuture(IOUtils.java:79)
	... 4 more
2019-09-17 09:57:08,312 [java.util.concurrent.ThreadPoolExecutor$Worker@3e348b54[State = -1, empty queue]] WARN  server.GrpcLogAppender (GrpcLogAppender.java:timeoutAppendRequest(200)) - 7550e15a-2ff9-4e5e-b05d-d9f072bd52cf@group-C8F5A74D1DB9->97184ed6-1d8a-4db2-a901-2f2d7f2102ca-GrpcLogAppender: appendEntries Timeout, request=7550e15a-2ff9-4e5e-b05d-d9f072bd52cf->97184ed6-1d8a-4db2-a901-2f2d7f2102ca#47-t1, previous=(t:1, i:19), leaderCommit=15, initializing? false, entries: <empty>
2019-09-17 09:57:08,312 [java.util.concurrent.ThreadPoolExecutor$Worker@12935038[State = -1, empty queue]] WARN  server.GrpcLogAppender (GrpcLogAppender.java:timeoutAppendRequest(200)) - 7550e15a-2ff9-4e5e-b05d-d9f072bd52cf@group-C8F5A74D1DB9->bdd5aae1-c180-43a6-a11a-58912a33bf0b-GrpcLogAppender: appendEntries Timeout, request=7550e15a-2ff9-4e5e-b05d-d9f072bd52cf->bdd5aae1-c180-43a6-a11a-58912a33bf0b#47-t1, previous=(t:1, i:19), leaderCommit=15, initializing? false, entries: <empty>
2019-09-17 09:57:08,718 [grpc-default-executor-10] INFO  client.GrpcClientProtocolClient (GrpcClientProtocolClient.java:onNext(264)) - client-6DB5D824AA41->97184ed6-1d8a-4db2-a901-2f2d7f2102ca: receive RaftClientReply:client-6DB5D824AA41->97184ed6-1d8a-4db2-a901-2f2d7f2102ca@group-C8F5A74D1DB9, cid=338, FAILED org.apache.ratis.protocol.NotLeaderException: Server 97184ed6-1d8a-4db2-a901-2f2d7f2102ca@group-C8F5A74D1DB9 is not the leader 7550e15a-2ff9-4e5e-b05d-d9f072bd52cf:192.168.34.37:41606, logIndex=0, commits[97184ed6-1d8a-4db2-a901-2f2d7f2102ca:c15, bdd5aae1-c180-43a6-a11a-58912a33bf0b:c12, 7550e15a-2ff9-4e5e-b05d-d9f072bd52cf:c15]
2019-09-17 09:57:10,829 [java.util.concurrent.ThreadPoolExecutor$Worker@3e348b54[State = -1, empty queue]] WARN  server.GrpcLogAppender (GrpcLogAppender.java:timeoutAppendRequest(200)) - 7550e15a-2ff9-4e5e-b05d-d9f072bd52cf@group-C8F5A74D1DB9->97184ed6-1d8a-4db2-a901-2f2d7f2102ca-GrpcLogAppender: appendEntries Timeout, request=7550e15a-2ff9-4e5e-b05d-d9f072bd52cf->97184ed6-1d8a-4db2-a901-2f2d7f2102ca#48-t1, previous=(t:1, i:19), leaderCommit=15, initializing? false, entries: <empty>
2019-09-17 09:57:10,829 [java.util.concurrent.ThreadPoolExecutor$Worker@12935038[State = -1, empty queue]] WARN  server.GrpcLogAppender (GrpcLogAppender.java:timeoutAppendRequest(200)) - 7550e15a-2ff9-4e5e-b05d-d9f072bd52cf@group-C8F5A74D1DB9->bdd5aae1-c180-43a6-a11a-58912a33bf0b-GrpcLogAppender: appendEntries Timeout, request=7550e15a-2ff9-4e5e-b05d-d9f072bd52cf->bdd5aae1-c180-43a6-a11a-58912a33bf0b#48-t1, previous=(t:1, i:19), leaderCommit=15, initializing? false, entries: <empty>
2019-09-17 09:57:13,329 [java.util.concurrent.ThreadPoolExecutor$Worker@3e348b54[State = -1, empty queue]] WARN  server.GrpcLogAppender (GrpcLogAppender.java:timeoutAppendRequest(200)) - 7550e15a-2ff9-4e5e-b05d-d9f072bd52cf@group-C8F5A74D1DB9->97184ed6-1d8a-4db2-a901-2f2d7f2102ca-GrpcLogAppender: appendEntries Timeout, request=7550e15a-2ff9-4e5e-b05d-d9f072bd52cf->97184ed6-1d8a-4db2-a901-2f2d7f2102ca#49-t1, previous=(t:1, i:19), leaderCommit=15, initializing? false, entries: <empty>
2019-09-17 09:57:13,329 [java.util.concurrent.ThreadPoolExecutor$Worker@12935038[State = -1, empty queue]] WARN  server.GrpcLogAppender (GrpcLogAppender.java:timeoutAppendRequest(200)) - 7550e15a-2ff9-4e5e-b05d-d9f072bd52cf@group-C8F5A74D1DB9->bdd5aae1-c180-43a6-a11a-58912a33bf0b-GrpcLogAppender: appendEntries Timeout, request=7550e15a-2ff9-4e5e-b05d-d9f072bd52cf->bdd5aae1-c180-43a6-a11a-58912a33bf0b#49-t1, previous=(t:1, i:19), leaderCommit=15, initializing? false, entries: <empty>
2019-09-17 09:57:13,777 [grpc-default-executor-10] INFO  client.GrpcClientProtocolClient (GrpcClientProtocolClient.java:onNext(264)) - client-6DB5D824AA41->bdd5aae1-c180-43a6-a11a-58912a33bf0b: receive RaftClientReply:client-6DB5D824AA41->bdd5aae1-c180-43a6-a11a-58912a33bf0b@group-C8F5A74D1DB9, cid=338, FAILED org.apache.ratis.protocol.NotLeaderException: Server bdd5aae1-c180-43a6-a11a-58912a33bf0b@group-C8F5A74D1DB9 is not the leader 7550e15a-2ff9-4e5e-b05d-d9f072bd52cf:192.168.34.37:41606, logIndex=0, commits[bdd5aae1-c180-43a6-a11a-58912a33bf0b:c15, 97184ed6-1d8a-4db2-a901-2f2d7f2102ca:c12, 7550e15a-2ff9-4e5e-b05d-d9f072bd52cf:c15]
2019-09-17 09:57:15,829 [java.util.concurrent.ThreadPoolExecutor$Worker@3e348b54[State = -1, empty queue]] WARN  server.GrpcLogAppender (GrpcLogAppender.java:timeoutAppendRequest(200)) - 7550e15a-2ff9-4e5e-b05d-d9f072bd52cf@group-C8F5A74D1DB9->97184ed6-1d8a-4db2-a901-2f2d7f2102ca-GrpcLogAppender: appendEntries Timeout, request=7550e15a-2ff9-4e5e-b05d-d9f072bd52cf->97184ed6-1d8a-4db2-a901-2f2d7f2102ca#50-t1, previous=(t:1, i:19), leaderCommit=15, initializing? false, entries: <empty>
2019-09-17 09:57:15,829 [java.util.concurrent.ThreadPoolExecutor$Worker@12935038[State = -1, empty queue]] WARN  server.GrpcLogAppender (GrpcLogAppender.java:timeoutAppendRequest(200)) - 7550e15a-2ff9-4e5e-b05d-d9f072bd52cf@group-C8F5A74D1DB9->bdd5aae1-c180-43a6-a11a-58912a33bf0b-GrpcLogAppender: appendEntries Timeout, request=7550e15a-2ff9-4e5e-b05d-d9f072bd52cf->bdd5aae1-c180-43a6-a11a-58912a33bf0b#50-t1, previous=(t:1, i:19), leaderCommit=15, initializing? false, entries: <empty>
2019-09-17 09:57:17,806 [7550e15a-2ff9-4e5e-b05d-d9f072bd52cf@group-C8F5A74D1DB9-SegmentedRaftLogWorker] WARN  segmented.SegmentedRaftLogWorker (SegmentedRaftLogWorker.java:getFromFuture(90)) - Timeout 7/~
org.apache.ratis.protocol.TimeoutIOException: Timeout 10s: WriteLog:16: (t:1, i:16), STATEMACHINELOGENTRY, client-6DB5D824AA41, cid=338-writeStateMachineData
	at org.apache.ratis.util.IOUtils.getFromFuture(IOUtils.java:87)
	at org.apache.ratis.server.raftlog.segmented.SegmentedRaftLogWorker$StateMachineDataPolicy.getFromFuture(SegmentedRaftLogWorker.java:87)
	at org.apache.ratis.server.raftlog.segmented.SegmentedRaftLogWorker$WriteLog.execute(SegmentedRaftLogWorker.java:477)
	at org.apache.ratis.server.raftlog.segmented.SegmentedRaftLogWorker.run(SegmentedRaftLogWorker.java:289)
	at java.lang.Thread.run(Thread.java:748)
Caused by: java.util.concurrent.TimeoutException
	at java.util.concurrent.CompletableFuture.timedGet(CompletableFuture.java:1771)
	at java.util.concurrent.CompletableFuture.get(CompletableFuture.java:1915)
	at org.apache.ratis.util.IOUtils.getFromFuture(IOUtils.java:79)
	... 4 more
2019-09-17 09:57:17,828 [bdd5aae1-c180-43a6-a11a-58912a33bf0b@group-C8F5A74D1DB9-SegmentedRaftLogWorker] WARN  segmented.SegmentedRaftLogWorker (SegmentedRaftLogWorker.java:getFromFuture(90)) - Timeout 7/~
org.apache.ratis.protocol.TimeoutIOException: Timeout 10s: WriteLog:16: (t:1, i:16), STATEMACHINELOGENTRY, client-6DB5D824AA41, cid=338-writeStateMachineData
	at org.apache.ratis.util.IOUtils.getFromFuture(IOUtils.java:87)
	at org.apache.ratis.server.raftlog.segmented.SegmentedRaftLogWorker$StateMachineDataPolicy.getFromFuture(SegmentedRaftLogWorker.java:87)
	at org.apache.ratis.server.raftlog.segmented.SegmentedRaftLogWorker$WriteLog.execute(SegmentedRaftLogWorker.java:477)
	at org.apache.ratis.server.raftlog.segmented.SegmentedRaftLogWorker.run(SegmentedRaftLogWorker.java:289)
	at java.lang.Thread.run(Thread.java:748)
Caused by: java.util.concurrent.TimeoutException
	at java.util.concurrent.CompletableFuture.timedGet(CompletableFuture.java:1771)
	at java.util.concurrent.CompletableFuture.get(CompletableFuture.java:1915)
	at org.apache.ratis.util.IOUtils.getFromFuture(IOUtils.java:79)
	... 4 more
2019-09-17 09:57:17,829 [97184ed6-1d8a-4db2-a901-2f2d7f2102ca@group-C8F5A74D1DB9-SegmentedRaftLogWorker] WARN  segmented.SegmentedRaftLogWorker (SegmentedRaftLogWorker.java:getFromFuture(90)) - Timeout 7/~
org.apache.ratis.protocol.TimeoutIOException: Timeout 10s: WriteLog:16: (t:1, i:16), STATEMACHINELOGENTRY, client-6DB5D824AA41, cid=338-writeStateMachineData
	at org.apache.ratis.util.IOUtils.getFromFuture(IOUtils.java:87)
	at org.apache.ratis.server.raftlog.segmented.SegmentedRaftLogWorker$StateMachineDataPolicy.getFromFuture(SegmentedRaftLogWorker.java:87)
	at org.apache.ratis.server.raftlog.segmented.SegmentedRaftLogWorker$WriteLog.execute(SegmentedRaftLogWorker.java:477)
	at org.apache.ratis.server.raftlog.segmented.SegmentedRaftLogWorker.run(SegmentedRaftLogWorker.java:289)
	at java.lang.Thread.run(Thread.java:748)
Caused by: java.util.concurrent.TimeoutException
	at java.util.concurrent.CompletableFuture.timedGet(CompletableFuture.java:1771)
	at java.util.concurrent.CompletableFuture.get(CompletableFuture.java:1915)
	at org.apache.ratis.util.IOUtils.getFromFuture(IOUtils.java:79)
	... 4 more
2019-09-17 09:57:18,330 [java.util.concurrent.ThreadPoolExecutor$Worker@3e348b54[State = -1, empty queue]] WARN  server.GrpcLogAppender (GrpcLogAppender.java:timeoutAppendRequest(200)) - 7550e15a-2ff9-4e5e-b05d-d9f072bd52cf@group-C8F5A74D1DB9->97184ed6-1d8a-4db2-a901-2f2d7f2102ca-GrpcLogAppender: appendEntries Timeout, request=7550e15a-2ff9-4e5e-b05d-d9f072bd52cf->97184ed6-1d8a-4db2-a901-2f2d7f2102ca#51-t1, previous=(t:1, i:19), leaderCommit=15, initializing? false, entries: <empty>
2019-09-17 09:57:18,330 [java.util.concurrent.ThreadPoolExecutor$Worker@12935038[State = -1, empty queue]] WARN  server.GrpcLogAppender (GrpcLogAppender.java:timeoutAppendRequest(200)) - 7550e15a-2ff9-4e5e-b05d-d9f072bd52cf@group-C8F5A74D1DB9->bdd5aae1-c180-43a6-a11a-58912a33bf0b-GrpcLogAppender: appendEntries Timeout, request=7550e15a-2ff9-4e5e-b05d-d9f072bd52cf->bdd5aae1-c180-43a6-a11a-58912a33bf0b#51-t1, previous=(t:1, i:19), leaderCommit=15, initializing? false, entries: <empty>
2019-09-17 09:57:18,817 [grpc-default-executor-9] INFO  client.GrpcClientProtocolClient (GrpcClientProtocolClient.java:onNext(264)) - client-6DB5D824AA41->97184ed6-1d8a-4db2-a901-2f2d7f2102ca: receive RaftClientReply:client-6DB5D824AA41->97184ed6-1d8a-4db2-a901-2f2d7f2102ca@group-C8F5A74D1DB9, cid=338, FAILED org.apache.ratis.protocol.NotLeaderException: Server 97184ed6-1d8a-4db2-a901-2f2d7f2102ca@group-C8F5A74D1DB9 is not the leader 7550e15a-2ff9-4e5e-b05d-d9f072bd52cf:192.168.34.37:41606, logIndex=0, commits[97184ed6-1d8a-4db2-a901-2f2d7f2102ca:c15, bdd5aae1-c180-43a6-a11a-58912a33bf0b:c12, 7550e15a-2ff9-4e5e-b05d-d9f072bd52cf:c15]
2019-09-17 09:57:20,830 [java.util.concurrent.ThreadPoolExecutor$Worker@12935038[State = -1, empty queue]] WARN  server.GrpcLogAppender (GrpcLogAppender.java:timeoutAppendRequest(200)) - 7550e15a-2ff9-4e5e-b05d-d9f072bd52cf@group-C8F5A74D1DB9->bdd5aae1-c180-43a6-a11a-58912a33bf0b-GrpcLogAppender: appendEntries Timeout, request=7550e15a-2ff9-4e5e-b05d-d9f072bd52cf->bdd5aae1-c180-43a6-a11a-58912a33bf0b#52-t1, previous=(t:1, i:19), leaderCommit=15, initializing? false, entries: <empty>
2019-09-17 09:57:20,830 [java.util.concurrent.ThreadPoolExecutor$Worker@3e348b54[State = -1, empty queue]] WARN  server.GrpcLogAppender (GrpcLogAppender.java:timeoutAppendRequest(200)) - 7550e15a-2ff9-4e5e-b05d-d9f072bd52cf@group-C8F5A74D1DB9->97184ed6-1d8a-4db2-a901-2f2d7f2102ca-GrpcLogAppender: appendEntries Timeout, request=7550e15a-2ff9-4e5e-b05d-d9f072bd52cf->97184ed6-1d8a-4db2-a901-2f2d7f2102ca#52-t1, previous=(t:1, i:19), leaderCommit=15, initializing? false, entries: <empty>
2019-09-17 09:57:23,330 [java.util.concurrent.ThreadPoolExecutor$Worker@3e348b54[State = -1, empty queue]] WARN  server.GrpcLogAppender (GrpcLogAppender.java:timeoutAppendRequest(200)) - 7550e15a-2ff9-4e5e-b05d-d9f072bd52cf@group-C8F5A74D1DB9->97184ed6-1d8a-4db2-a901-2f2d7f2102ca-GrpcLogAppender: appendEntries Timeout, request=7550e15a-2ff9-4e5e-b05d-d9f072bd52cf->97184ed6-1d8a-4db2-a901-2f2d7f2102ca#53-t1, previous=(t:1, i:19), leaderCommit=15, initializing? false, entries: <empty>
2019-09-17 09:57:23,330 [java.util.concurrent.ThreadPoolExecutor$Worker@12935038[State = -1, empty queue]] WARN  server.GrpcLogAppender (GrpcLogAppender.java:timeoutAppendRequest(200)) - 7550e15a-2ff9-4e5e-b05d-d9f072bd52cf@group-C8F5A74D1DB9->bdd5aae1-c180-43a6-a11a-58912a33bf0b-GrpcLogAppender: appendEntries Timeout, request=7550e15a-2ff9-4e5e-b05d-d9f072bd52cf->bdd5aae1-c180-43a6-a11a-58912a33bf0b#53-t1, previous=(t:1, i:19), leaderCommit=15, initializing? false, entries: <empty>
2019-09-17 09:57:23,864 [grpc-default-executor-9] INFO  client.GrpcClientProtocolClient (GrpcClientProtocolClient.java:onNext(264)) - client-6DB5D824AA41->97184ed6-1d8a-4db2-a901-2f2d7f2102ca: receive RaftClientReply:client-6DB5D824AA41->97184ed6-1d8a-4db2-a901-2f2d7f2102ca@group-C8F5A74D1DB9, cid=338, FAILED org.apache.ratis.protocol.NotLeaderException: Server 97184ed6-1d8a-4db2-a901-2f2d7f2102ca@group-C8F5A74D1DB9 is not the leader 7550e15a-2ff9-4e5e-b05d-d9f072bd52cf:192.168.34.37:41606, logIndex=0, commits[97184ed6-1d8a-4db2-a901-2f2d7f2102ca:c15, bdd5aae1-c180-43a6-a11a-58912a33bf0b:c12, 7550e15a-2ff9-4e5e-b05d-d9f072bd52cf:c15]
2019-09-17 09:57:25,831 [java.util.concurrent.ThreadPoolExecutor$Worker@12935038[State = -1, empty queue]] WARN  server.GrpcLogAppender (GrpcLogAppender.java:timeoutAppendRequest(200)) - 7550e15a-2ff9-4e5e-b05d-d9f072bd52cf@group-C8F5A74D1DB9->bdd5aae1-c180-43a6-a11a-58912a33bf0b-GrpcLogAppender: appendEntries Timeout, request=7550e15a-2ff9-4e5e-b05d-d9f072bd52cf->bdd5aae1-c180-43a6-a11a-58912a33bf0b#54-t1, previous=(t:1, i:19), leaderCommit=15, initializing? false, entries: <empty>
2019-09-17 09:57:25,831 [java.util.concurrent.ThreadPoolExecutor$Worker@3e348b54[State = -1, empty queue]] WARN  server.GrpcLogAppender (GrpcLogAppender.java:timeoutAppendRequest(200)) - 7550e15a-2ff9-4e5e-b05d-d9f072bd52cf@group-C8F5A74D1DB9->97184ed6-1d8a-4db2-a901-2f2d7f2102ca-GrpcLogAppender: appendEntries Timeout, request=7550e15a-2ff9-4e5e-b05d-d9f072bd52cf->97184ed6-1d8a-4db2-a901-2f2d7f2102ca#54-t1, previous=(t:1, i:19), leaderCommit=15, initializing? false, entries: <empty>
2019-09-17 09:57:27,808 [7550e15a-2ff9-4e5e-b05d-d9f072bd52cf@group-C8F5A74D1DB9-SegmentedRaftLogWorker] WARN  segmented.SegmentedRaftLogWorker (SegmentedRaftLogWorker.java:getFromFuture(90)) - Timeout 8/~
org.apache.ratis.protocol.TimeoutIOException: Timeout 10s: WriteLog:16: (t:1, i:16), STATEMACHINELOGENTRY, client-6DB5D824AA41, cid=338-writeStateMachineData
	at org.apache.ratis.util.IOUtils.getFromFuture(IOUtils.java:87)
	at org.apache.ratis.server.raftlog.segmented.SegmentedRaftLogWorker$StateMachineDataPolicy.getFromFuture(SegmentedRaftLogWorker.java:87)
	at org.apache.ratis.server.raftlog.segmented.SegmentedRaftLogWorker$WriteLog.execute(SegmentedRaftLogWorker.java:477)
	at org.apache.ratis.server.raftlog.segmented.SegmentedRaftLogWorker.run(SegmentedRaftLogWorker.java:289)
	at java.lang.Thread.run(Thread.java:748)
Caused by: java.util.concurrent.TimeoutException
	at java.util.concurrent.CompletableFuture.timedGet(CompletableFuture.java:1771)
	at java.util.concurrent.CompletableFuture.get(CompletableFuture.java:1915)
	at org.apache.ratis.util.IOUtils.getFromFuture(IOUtils.java:79)
	... 4 more
2019-09-17 09:57:27,830 [bdd5aae1-c180-43a6-a11a-58912a33bf0b@group-C8F5A74D1DB9-SegmentedRaftLogWorker] WARN  segmented.SegmentedRaftLogWorker (SegmentedRaftLogWorker.java:getFromFuture(90)) - Timeout 8/~
org.apache.ratis.protocol.TimeoutIOException: Timeout 10s: WriteLog:16: (t:1, i:16), STATEMACHINELOGENTRY, client-6DB5D824AA41, cid=338-writeStateMachineData
	at org.apache.ratis.util.IOUtils.getFromFuture(IOUtils.java:87)
	at org.apache.ratis.server.raftlog.segmented.SegmentedRaftLogWorker$StateMachineDataPolicy.getFromFuture(SegmentedRaftLogWorker.java:87)
	at org.apache.ratis.server.raftlog.segmented.SegmentedRaftLogWorker$WriteLog.execute(SegmentedRaftLogWorker.java:477)
	at org.apache.ratis.server.raftlog.segmented.SegmentedRaftLogWorker.run(SegmentedRaftLogWorker.java:289)
	at java.lang.Thread.run(Thread.java:748)
Caused by: java.util.concurrent.TimeoutException
	at java.util.concurrent.CompletableFuture.timedGet(CompletableFuture.java:1771)
	at java.util.concurrent.CompletableFuture.get(CompletableFuture.java:1915)
	at org.apache.ratis.util.IOUtils.getFromFuture(IOUtils.java:79)
	... 4 more
2019-09-17 09:57:27,830 [97184ed6-1d8a-4db2-a901-2f2d7f2102ca@group-C8F5A74D1DB9-SegmentedRaftLogWorker] WARN  segmented.SegmentedRaftLogWorker (SegmentedRaftLogWorker.java:getFromFuture(90)) - Timeout 8/~
org.apache.ratis.protocol.TimeoutIOException: Timeout 10s: WriteLog:16: (t:1, i:16), STATEMACHINELOGENTRY, client-6DB5D824AA41, cid=338-writeStateMachineData
	at org.apache.ratis.util.IOUtils.getFromFuture(IOUtils.java:87)
	at org.apache.ratis.server.raftlog.segmented.SegmentedRaftLogWorker$StateMachineDataPolicy.getFromFuture(SegmentedRaftLogWorker.java:87)
	at org.apache.ratis.server.raftlog.segmented.SegmentedRaftLogWorker$WriteLog.execute(SegmentedRaftLogWorker.java:477)
	at org.apache.ratis.server.raftlog.segmented.SegmentedRaftLogWorker.run(SegmentedRaftLogWorker.java:289)
	at java.lang.Thread.run(Thread.java:748)
Caused by: java.util.concurrent.TimeoutException
	at java.util.concurrent.CompletableFuture.timedGet(CompletableFuture.java:1771)
	at java.util.concurrent.CompletableFuture.get(CompletableFuture.java:1915)
	at org.apache.ratis.util.IOUtils.getFromFuture(IOUtils.java:79)
	... 4 more
2019-09-17 09:57:28,332 [java.util.concurrent.ThreadPoolExecutor$Worker@12935038[State = -1, empty queue]] WARN  server.GrpcLogAppender (GrpcLogAppender.java:timeoutAppendRequest(200)) - 7550e15a-2ff9-4e5e-b05d-d9f072bd52cf@group-C8F5A74D1DB9->bdd5aae1-c180-43a6-a11a-58912a33bf0b-GrpcLogAppender: appendEntries Timeout, request=7550e15a-2ff9-4e5e-b05d-d9f072bd52cf->bdd5aae1-c180-43a6-a11a-58912a33bf0b#55-t1, previous=(t:1, i:19), leaderCommit=15, initializing? false, entries: <empty>
2019-09-17 09:57:28,332 [java.util.concurrent.ThreadPoolExecutor$Worker@3e348b54[State = -1, empty queue]] WARN  server.GrpcLogAppender (GrpcLogAppender.java:timeoutAppendRequest(200)) - 7550e15a-2ff9-4e5e-b05d-d9f072bd52cf@group-C8F5A74D1DB9->97184ed6-1d8a-4db2-a901-2f2d7f2102ca-GrpcLogAppender: appendEntries Timeout, request=7550e15a-2ff9-4e5e-b05d-d9f072bd52cf->97184ed6-1d8a-4db2-a901-2f2d7f2102ca#55-t1, previous=(t:1, i:19), leaderCommit=15, initializing? false, entries: <empty>
2019-09-17 09:57:28,931 [grpc-default-executor-9] INFO  client.GrpcClientProtocolClient (GrpcClientProtocolClient.java:onNext(264)) - client-6DB5D824AA41->bdd5aae1-c180-43a6-a11a-58912a33bf0b: receive RaftClientReply:client-6DB5D824AA41->bdd5aae1-c180-43a6-a11a-58912a33bf0b@group-C8F5A74D1DB9, cid=338, FAILED org.apache.ratis.protocol.NotLeaderException: Server bdd5aae1-c180-43a6-a11a-58912a33bf0b@group-C8F5A74D1DB9 is not the leader 7550e15a-2ff9-4e5e-b05d-d9f072bd52cf:192.168.34.37:41606, logIndex=0, commits[bdd5aae1-c180-43a6-a11a-58912a33bf0b:c15, 97184ed6-1d8a-4db2-a901-2f2d7f2102ca:c12, 7550e15a-2ff9-4e5e-b05d-d9f072bd52cf:c15]
2019-09-17 09:57:30,833 [java.util.concurrent.ThreadPoolExecutor$Worker@3e348b54[State = -1, empty queue]] WARN  server.GrpcLogAppender (GrpcLogAppender.java:timeoutAppendRequest(200)) - 7550e15a-2ff9-4e5e-b05d-d9f072bd52cf@group-C8F5A74D1DB9->97184ed6-1d8a-4db2-a901-2f2d7f2102ca-GrpcLogAppender: appendEntries Timeout, request=7550e15a-2ff9-4e5e-b05d-d9f072bd52cf->97184ed6-1d8a-4db2-a901-2f2d7f2102ca#56-t1, previous=(t:1, i:19), leaderCommit=15, initializing? false, entries: <empty>
2019-09-17 09:57:30,833 [java.util.concurrent.ThreadPoolExecutor$Worker@12935038[State = -1, empty queue]] WARN  server.GrpcLogAppender (GrpcLogAppender.java:timeoutAppendRequest(200)) - 7550e15a-2ff9-4e5e-b05d-d9f072bd52cf@group-C8F5A74D1DB9->bdd5aae1-c180-43a6-a11a-58912a33bf0b-GrpcLogAppender: appendEntries Timeout, request=7550e15a-2ff9-4e5e-b05d-d9f072bd52cf->bdd5aae1-c180-43a6-a11a-58912a33bf0b#56-t1, previous=(t:1, i:19), leaderCommit=15, initializing? false, entries: <empty>
2019-09-17 09:57:33,333 [java.util.concurrent.ThreadPoolExecutor$Worker@3e348b54[State = -1, empty queue]] WARN  server.GrpcLogAppender (GrpcLogAppender.java:timeoutAppendRequest(200)) - 7550e15a-2ff9-4e5e-b05d-d9f072bd52cf@group-C8F5A74D1DB9->97184ed6-1d8a-4db2-a901-2f2d7f2102ca-GrpcLogAppender: appendEntries Timeout, request=7550e15a-2ff9-4e5e-b05d-d9f072bd52cf->97184ed6-1d8a-4db2-a901-2f2d7f2102ca#57-t1, previous=(t:1, i:19), leaderCommit=15, initializing? false, entries: <empty>
2019-09-17 09:57:33,333 [java.util.concurrent.ThreadPoolExecutor$Worker@12935038[State = -1, empty queue]] WARN  server.GrpcLogAppender (GrpcLogAppender.java:timeoutAppendRequest(200)) - 7550e15a-2ff9-4e5e-b05d-d9f072bd52cf@group-C8F5A74D1DB9->bdd5aae1-c180-43a6-a11a-58912a33bf0b-GrpcLogAppender: appendEntries Timeout, request=7550e15a-2ff9-4e5e-b05d-d9f072bd52cf->bdd5aae1-c180-43a6-a11a-58912a33bf0b#57-t1, previous=(t:1, i:19), leaderCommit=15, initializing? false, entries: <empty>
2019-09-17 09:57:33,979 [grpc-default-executor-9] INFO  client.GrpcClientProtocolClient (GrpcClientProtocolClient.java:onNext(264)) - client-6DB5D824AA41->bdd5aae1-c180-43a6-a11a-58912a33bf0b: receive RaftClientReply:client-6DB5D824AA41->bdd5aae1-c180-43a6-a11a-58912a33bf0b@group-C8F5A74D1DB9, cid=338, FAILED org.apache.ratis.protocol.NotLeaderException: Server bdd5aae1-c180-43a6-a11a-58912a33bf0b@group-C8F5A74D1DB9 is not the leader 7550e15a-2ff9-4e5e-b05d-d9f072bd52cf:192.168.34.37:41606, logIndex=0, commits[bdd5aae1-c180-43a6-a11a-58912a33bf0b:c15, 97184ed6-1d8a-4db2-a901-2f2d7f2102ca:c12, 7550e15a-2ff9-4e5e-b05d-d9f072bd52cf:c15]
2019-09-17 09:57:35,833 [java.util.concurrent.ThreadPoolExecutor$Worker@3e348b54[State = -1, empty queue]] WARN  server.GrpcLogAppender (GrpcLogAppender.java:timeoutAppendRequest(200)) - 7550e15a-2ff9-4e5e-b05d-d9f072bd52cf@group-C8F5A74D1DB9->97184ed6-1d8a-4db2-a901-2f2d7f2102ca-GrpcLogAppender: appendEntries Timeout, request=7550e15a-2ff9-4e5e-b05d-d9f072bd52cf->97184ed6-1d8a-4db2-a901-2f2d7f2102ca#58-t1, previous=(t:1, i:19), leaderCommit=15, initializing? false, entries: <empty>
2019-09-17 09:57:35,833 [java.util.concurrent.ThreadPoolExecutor$Worker@12935038[State = -1, empty queue]] WARN  server.GrpcLogAppender (GrpcLogAppender.java:timeoutAppendRequest(200)) - 7550e15a-2ff9-4e5e-b05d-d9f072bd52cf@group-C8F5A74D1DB9->bdd5aae1-c180-43a6-a11a-58912a33bf0b-GrpcLogAppender: appendEntries Timeout, request=7550e15a-2ff9-4e5e-b05d-d9f072bd52cf->bdd5aae1-c180-43a6-a11a-58912a33bf0b#58-t1, previous=(t:1, i:19), leaderCommit=15, initializing? false, entries: <empty>
2019-09-17 09:57:37,809 [7550e15a-2ff9-4e5e-b05d-d9f072bd52cf@group-C8F5A74D1DB9-SegmentedRaftLogWorker] WARN  segmented.SegmentedRaftLogWorker (SegmentedRaftLogWorker.java:getFromFuture(90)) - Timeout 9/~
org.apache.ratis.protocol.TimeoutIOException: Timeout 10s: WriteLog:16: (t:1, i:16), STATEMACHINELOGENTRY, client-6DB5D824AA41, cid=338-writeStateMachineData
	at org.apache.ratis.util.IOUtils.getFromFuture(IOUtils.java:87)
	at org.apache.ratis.server.raftlog.segmented.SegmentedRaftLogWorker$StateMachineDataPolicy.getFromFuture(SegmentedRaftLogWorker.java:87)
	at org.apache.ratis.server.raftlog.segmented.SegmentedRaftLogWorker$WriteLog.execute(SegmentedRaftLogWorker.java:477)
	at org.apache.ratis.server.raftlog.segmented.SegmentedRaftLogWorker.run(SegmentedRaftLogWorker.java:289)
	at java.lang.Thread.run(Thread.java:748)
Caused by: java.util.concurrent.TimeoutException
	at java.util.concurrent.CompletableFuture.timedGet(CompletableFuture.java:1771)
	at java.util.concurrent.CompletableFuture.get(CompletableFuture.java:1915)
	at org.apache.ratis.util.IOUtils.getFromFuture(IOUtils.java:79)
	... 4 more
2019-09-17 09:57:37,831 [bdd5aae1-c180-43a6-a11a-58912a33bf0b@group-C8F5A74D1DB9-SegmentedRaftLogWorker] WARN  segmented.SegmentedRaftLogWorker (SegmentedRaftLogWorker.java:getFromFuture(90)) - Timeout 9/~
org.apache.ratis.protocol.TimeoutIOException: Timeout 10s: WriteLog:16: (t:1, i:16), STATEMACHINELOGENTRY, client-6DB5D824AA41, cid=338-writeStateMachineData
	at org.apache.ratis.util.IOUtils.getFromFuture(IOUtils.java:87)
	at org.apache.ratis.server.raftlog.segmented.SegmentedRaftLogWorker$StateMachineDataPolicy.getFromFuture(SegmentedRaftLogWorker.java:87)
	at org.apache.ratis.server.raftlog.segmented.SegmentedRaftLogWorker$WriteLog.execute(SegmentedRaftLogWorker.java:477)
	at org.apache.ratis.server.raftlog.segmented.SegmentedRaftLogWorker.run(SegmentedRaftLogWorker.java:289)
	at java.lang.Thread.run(Thread.java:748)
Caused by: java.util.concurrent.TimeoutException
	at java.util.concurrent.CompletableFuture.timedGet(CompletableFuture.java:1771)
	at java.util.concurrent.CompletableFuture.get(CompletableFuture.java:1915)
	at org.apache.ratis.util.IOUtils.getFromFuture(IOUtils.java:79)
	... 4 more
2019-09-17 09:57:37,832 [97184ed6-1d8a-4db2-a901-2f2d7f2102ca@group-C8F5A74D1DB9-SegmentedRaftLogWorker] WARN  segmented.SegmentedRaftLogWorker (SegmentedRaftLogWorker.java:getFromFuture(90)) - Timeout 9/~
org.apache.ratis.protocol.TimeoutIOException: Timeout 10s: WriteLog:16: (t:1, i:16), STATEMACHINELOGENTRY, client-6DB5D824AA41, cid=338-writeStateMachineData
	at org.apache.ratis.util.IOUtils.getFromFuture(IOUtils.java:87)
	at org.apache.ratis.server.raftlog.segmented.SegmentedRaftLogWorker$StateMachineDataPolicy.getFromFuture(SegmentedRaftLogWorker.java:87)
	at org.apache.ratis.server.raftlog.segmented.SegmentedRaftLogWorker$WriteLog.execute(SegmentedRaftLogWorker.java:477)
	at org.apache.ratis.server.raftlog.segmented.SegmentedRaftLogWorker.run(SegmentedRaftLogWorker.java:289)
	at java.lang.Thread.run(Thread.java:748)
Caused by: java.util.concurrent.TimeoutException
	at java.util.concurrent.CompletableFuture.timedGet(CompletableFuture.java:1771)
	at java.util.concurrent.CompletableFuture.get(CompletableFuture.java:1915)
	at org.apache.ratis.util.IOUtils.getFromFuture(IOUtils.java:79)
	... 4 more
2019-09-17 09:57:38,334 [java.util.concurrent.ThreadPoolExecutor$Worker@12935038[State = -1, empty queue]] WARN  server.GrpcLogAppender (GrpcLogAppender.java:timeoutAppendRequest(200)) - 7550e15a-2ff9-4e5e-b05d-d9f072bd52cf@group-C8F5A74D1DB9->bdd5aae1-c180-43a6-a11a-58912a33bf0b-GrpcLogAppender: appendEntries Timeout, request=7550e15a-2ff9-4e5e-b05d-d9f072bd52cf->bdd5aae1-c180-43a6-a11a-58912a33bf0b#59-t1, previous=(t:1, i:19), leaderCommit=15, initializing? false, entries: <empty>
2019-09-17 09:57:38,334 [java.util.concurrent.ThreadPoolExecutor$Worker@3e348b54[State = -1, empty queue]] WARN  server.GrpcLogAppender (GrpcLogAppender.java:timeoutAppendRequest(200)) - 7550e15a-2ff9-4e5e-b05d-d9f072bd52cf@group-C8F5A74D1DB9->97184ed6-1d8a-4db2-a901-2f2d7f2102ca-GrpcLogAppender: appendEntries Timeout, request=7550e15a-2ff9-4e5e-b05d-d9f072bd52cf->97184ed6-1d8a-4db2-a901-2f2d7f2102ca#59-t1, previous=(t:1, i:19), leaderCommit=15, initializing? false, entries: <empty>
2019-09-17 09:57:39,035 [grpc-default-executor-10] INFO  client.GrpcClientProtocolClient (GrpcClientProtocolClient.java:onNext(264)) - client-6DB5D824AA41->97184ed6-1d8a-4db2-a901-2f2d7f2102ca: receive RaftClientReply:client-6DB5D824AA41->97184ed6-1d8a-4db2-a901-2f2d7f2102ca@group-C8F5A74D1DB9, cid=338, FAILED org.apache.ratis.protocol.NotLeaderException: Server 97184ed6-1d8a-4db2-a901-2f2d7f2102ca@group-C8F5A74D1DB9 is not the leader 7550e15a-2ff9-4e5e-b05d-d9f072bd52cf:192.168.34.37:41606, logIndex=0, commits[97184ed6-1d8a-4db2-a901-2f2d7f2102ca:c15, bdd5aae1-c180-43a6-a11a-58912a33bf0b:c12, 7550e15a-2ff9-4e5e-b05d-d9f072bd52cf:c15]
2019-09-17 09:57:40,834 [java.util.concurrent.ThreadPoolExecutor$Worker@12935038[State = -1, empty queue]] WARN  server.GrpcLogAppender (GrpcLogAppender.java:timeoutAppendRequest(200)) - 7550e15a-2ff9-4e5e-b05d-d9f072bd52cf@group-C8F5A74D1DB9->bdd5aae1-c180-43a6-a11a-58912a33bf0b-GrpcLogAppender: appendEntries Timeout, request=7550e15a-2ff9-4e5e-b05d-d9f072bd52cf->bdd5aae1-c180-43a6-a11a-58912a33bf0b#60-t1, previous=(t:1, i:19), leaderCommit=15, initializing? false, entries: <empty>
2019-09-17 09:57:40,834 [java.util.concurrent.ThreadPoolExecutor$Worker@3e348b54[State = -1, empty queue]] WARN  server.GrpcLogAppender (GrpcLogAppender.java:timeoutAppendRequest(200)) - 7550e15a-2ff9-4e5e-b05d-d9f072bd52cf@group-C8F5A74D1DB9->97184ed6-1d8a-4db2-a901-2f2d7f2102ca-GrpcLogAppender: appendEntries Timeout, request=7550e15a-2ff9-4e5e-b05d-d9f072bd52cf->97184ed6-1d8a-4db2-a901-2f2d7f2102ca#60-t1, previous=(t:1, i:19), leaderCommit=15, initializing? false, entries: <empty>
2019-09-17 09:57:43,335 [java.util.concurrent.ThreadPoolExecutor$Worker@3e348b54[State = -1, empty queue]] WARN  server.GrpcLogAppender (GrpcLogAppender.java:timeoutAppendRequest(200)) - 7550e15a-2ff9-4e5e-b05d-d9f072bd52cf@group-C8F5A74D1DB9->97184ed6-1d8a-4db2-a901-2f2d7f2102ca-GrpcLogAppender: appendEntries Timeout, request=7550e15a-2ff9-4e5e-b05d-d9f072bd52cf->97184ed6-1d8a-4db2-a901-2f2d7f2102ca#61-t1, previous=(t:1, i:19), leaderCommit=15, initializing? false, entries: <empty>
2019-09-17 09:57:43,335 [java.util.concurrent.ThreadPoolExecutor$Worker@12935038[State = -1, empty queue]] WARN  server.GrpcLogAppender (GrpcLogAppender.java:timeoutAppendRequest(200)) - 7550e15a-2ff9-4e5e-b05d-d9f072bd52cf@group-C8F5A74D1DB9->bdd5aae1-c180-43a6-a11a-58912a33bf0b-GrpcLogAppender: appendEntries Timeout, request=7550e15a-2ff9-4e5e-b05d-d9f072bd52cf->bdd5aae1-c180-43a6-a11a-58912a33bf0b#61-t1, previous=(t:1, i:19), leaderCommit=15, initializing? false, entries: <empty>
2019-09-17 09:57:44,094 [grpc-default-executor-8] INFO  client.GrpcClientProtocolClient (GrpcClientProtocolClient.java:onNext(264)) - client-6DB5D824AA41->97184ed6-1d8a-4db2-a901-2f2d7f2102ca: receive RaftClientReply:client-6DB5D824AA41->97184ed6-1d8a-4db2-a901-2f2d7f2102ca@group-C8F5A74D1DB9, cid=338, FAILED org.apache.ratis.protocol.NotLeaderException: Server 97184ed6-1d8a-4db2-a901-2f2d7f2102ca@group-C8F5A74D1DB9 is not the leader 7550e15a-2ff9-4e5e-b05d-d9f072bd52cf:192.168.34.37:41606, logIndex=0, commits[97184ed6-1d8a-4db2-a901-2f2d7f2102ca:c15, bdd5aae1-c180-43a6-a11a-58912a33bf0b:c12, 7550e15a-2ff9-4e5e-b05d-d9f072bd52cf:c15]
2019-09-17 09:57:45,835 [java.util.concurrent.ThreadPoolExecutor$Worker@3e348b54[State = -1, empty queue]] WARN  server.GrpcLogAppender (GrpcLogAppender.java:timeoutAppendRequest(200)) - 7550e15a-2ff9-4e5e-b05d-d9f072bd52cf@group-C8F5A74D1DB9->97184ed6-1d8a-4db2-a901-2f2d7f2102ca-GrpcLogAppender: appendEntries Timeout, request=7550e15a-2ff9-4e5e-b05d-d9f072bd52cf->97184ed6-1d8a-4db2-a901-2f2d7f2102ca#62-t1, previous=(t:1, i:19), leaderCommit=15, initializing? false, entries: <empty>
2019-09-17 09:57:45,835 [java.util.concurrent.ThreadPoolExecutor$Worker@12935038[State = -1, empty queue]] WARN  server.GrpcLogAppender (GrpcLogAppender.java:timeoutAppendRequest(200)) - 7550e15a-2ff9-4e5e-b05d-d9f072bd52cf@group-C8F5A74D1DB9->bdd5aae1-c180-43a6-a11a-58912a33bf0b-GrpcLogAppender: appendEntries Timeout, request=7550e15a-2ff9-4e5e-b05d-d9f072bd52cf->bdd5aae1-c180-43a6-a11a-58912a33bf0b#62-t1, previous=(t:1, i:19), leaderCommit=15, initializing? false, entries: <empty>
2019-09-17 09:57:47,811 [7550e15a-2ff9-4e5e-b05d-d9f072bd52cf@group-C8F5A74D1DB9-SegmentedRaftLogWorker] WARN  segmented.SegmentedRaftLogWorker (SegmentedRaftLogWorker.java:getFromFuture(90)) - Timeout 10/~
org.apache.ratis.protocol.TimeoutIOException: Timeout 10s: WriteLog:16: (t:1, i:16), STATEMACHINELOGENTRY, client-6DB5D824AA41, cid=338-writeStateMachineData
	at org.apache.ratis.util.IOUtils.getFromFuture(IOUtils.java:87)
	at org.apache.ratis.server.raftlog.segmented.SegmentedRaftLogWorker$StateMachineDataPolicy.getFromFuture(SegmentedRaftLogWorker.java:87)
	at org.apache.ratis.server.raftlog.segmented.SegmentedRaftLogWorker$WriteLog.execute(SegmentedRaftLogWorker.java:477)
	at org.apache.ratis.server.raftlog.segmented.SegmentedRaftLogWorker.run(SegmentedRaftLogWorker.java:289)
	at java.lang.Thread.run(Thread.java:748)
Caused by: java.util.concurrent.TimeoutException
	at java.util.concurrent.CompletableFuture.timedGet(CompletableFuture.java:1771)
	at java.util.concurrent.CompletableFuture.get(CompletableFuture.java:1915)
	at org.apache.ratis.util.IOUtils.getFromFuture(IOUtils.java:79)
	... 4 more
2019-09-17 09:57:47,832 [bdd5aae1-c180-43a6-a11a-58912a33bf0b@group-C8F5A74D1DB9-SegmentedRaftLogWorker] WARN  segmented.SegmentedRaftLogWorker (SegmentedRaftLogWorker.java:getFromFuture(90)) - Timeout 10/~
org.apache.ratis.protocol.TimeoutIOException: Timeout 10s: WriteLog:16: (t:1, i:16), STATEMACHINELOGENTRY, client-6DB5D824AA41, cid=338-writeStateMachineData
	at org.apache.ratis.util.IOUtils.getFromFuture(IOUtils.java:87)
	at org.apache.ratis.server.raftlog.segmented.SegmentedRaftLogWorker$StateMachineDataPolicy.getFromFuture(SegmentedRaftLogWorker.java:87)
	at org.apache.ratis.server.raftlog.segmented.SegmentedRaftLogWorker$WriteLog.execute(SegmentedRaftLogWorker.java:477)
	at org.apache.ratis.server.raftlog.segmented.SegmentedRaftLogWorker.run(SegmentedRaftLogWorker.java:289)
	at java.lang.Thread.run(Thread.java:748)
Caused by: java.util.concurrent.TimeoutException
	at java.util.concurrent.CompletableFuture.timedGet(CompletableFuture.java:1771)
	at java.util.concurrent.CompletableFuture.get(CompletableFuture.java:1915)
	at org.apache.ratis.util.IOUtils.getFromFuture(IOUtils.java:79)
	... 4 more
2019-09-17 09:57:47,833 [97184ed6-1d8a-4db2-a901-2f2d7f2102ca@group-C8F5A74D1DB9-SegmentedRaftLogWorker] WARN  segmented.SegmentedRaftLogWorker (SegmentedRaftLogWorker.java:getFromFuture(90)) - Timeout 10/~
org.apache.ratis.protocol.TimeoutIOException: Timeout 10s: WriteLog:16: (t:1, i:16), STATEMACHINELOGENTRY, client-6DB5D824AA41, cid=338-writeStateMachineData
	at org.apache.ratis.util.IOUtils.getFromFuture(IOUtils.java:87)
	at org.apache.ratis.server.raftlog.segmented.SegmentedRaftLogWorker$StateMachineDataPolicy.getFromFuture(SegmentedRaftLogWorker.java:87)
	at org.apache.ratis.server.raftlog.segmented.SegmentedRaftLogWorker$WriteLog.execute(SegmentedRaftLogWorker.java:477)
	at org.apache.ratis.server.raftlog.segmented.SegmentedRaftLogWorker.run(SegmentedRaftLogWorker.java:289)
	at java.lang.Thread.run(Thread.java:748)
Caused by: java.util.concurrent.TimeoutException
	at java.util.concurrent.CompletableFuture.timedGet(CompletableFuture.java:1771)
	at java.util.concurrent.CompletableFuture.get(CompletableFuture.java:1915)
	at org.apache.ratis.util.IOUtils.getFromFuture(IOUtils.java:79)
	... 4 more
2019-09-17 09:57:48,335 [java.util.concurrent.ThreadPoolExecutor$Worker@12935038[State = -1, empty queue]] WARN  server.GrpcLogAppender (GrpcLogAppender.java:timeoutAppendRequest(200)) - 7550e15a-2ff9-4e5e-b05d-d9f072bd52cf@group-C8F5A74D1DB9->bdd5aae1-c180-43a6-a11a-58912a33bf0b-GrpcLogAppender: appendEntries Timeout, request=7550e15a-2ff9-4e5e-b05d-d9f072bd52cf->bdd5aae1-c180-43a6-a11a-58912a33bf0b#63-t1, previous=(t:1, i:19), leaderCommit=15, initializing? false, entries: <empty>
2019-09-17 09:57:48,335 [java.util.concurrent.ThreadPoolExecutor$Worker@3e348b54[State = -1, empty queue]] WARN  server.GrpcLogAppender (GrpcLogAppender.java:timeoutAppendRequest(200)) - 7550e15a-2ff9-4e5e-b05d-d9f072bd52cf@group-C8F5A74D1DB9->97184ed6-1d8a-4db2-a901-2f2d7f2102ca-GrpcLogAppender: appendEntries Timeout, request=7550e15a-2ff9-4e5e-b05d-d9f072bd52cf->97184ed6-1d8a-4db2-a901-2f2d7f2102ca#63-t1, previous=(t:1, i:19), leaderCommit=15, initializing? false, entries: <empty>
2019-09-17 09:57:49,154 [grpc-default-executor-9] INFO  client.GrpcClientProtocolClient (GrpcClientProtocolClient.java:onNext(264)) - client-6DB5D824AA41->bdd5aae1-c180-43a6-a11a-58912a33bf0b: receive RaftClientReply:client-6DB5D824AA41->bdd5aae1-c180-43a6-a11a-58912a33bf0b@group-C8F5A74D1DB9, cid=338, FAILED org.apache.ratis.protocol.NotLeaderException: Server bdd5aae1-c180-43a6-a11a-58912a33bf0b@group-C8F5A74D1DB9 is not the leader 7550e15a-2ff9-4e5e-b05d-d9f072bd52cf:192.168.34.37:41606, logIndex=0, commits[bdd5aae1-c180-43a6-a11a-58912a33bf0b:c15, 97184ed6-1d8a-4db2-a901-2f2d7f2102ca:c12, 7550e15a-2ff9-4e5e-b05d-d9f072bd52cf:c15]
2019-09-17 09:57:50,836 [java.util.concurrent.ThreadPoolExecutor$Worker@12935038[State = -1, empty queue]] WARN  server.GrpcLogAppender (GrpcLogAppender.java:timeoutAppendRequest(200)) - 7550e15a-2ff9-4e5e-b05d-d9f072bd52cf@group-C8F5A74D1DB9->bdd5aae1-c180-43a6-a11a-58912a33bf0b-GrpcLogAppender: appendEntries Timeout, request=7550e15a-2ff9-4e5e-b05d-d9f072bd52cf->bdd5aae1-c180-43a6-a11a-58912a33bf0b#64-t1, previous=(t:1, i:19), leaderCommit=15, initializing? false, entries: <empty>
2019-09-17 09:57:50,836 [java.util.concurrent.ThreadPoolExecutor$Worker@3e348b54[State = -1, empty queue]] WARN  server.GrpcLogAppender (GrpcLogAppender.java:timeoutAppendRequest(200)) - 7550e15a-2ff9-4e5e-b05d-d9f072bd52cf@group-C8F5A74D1DB9->97184ed6-1d8a-4db2-a901-2f2d7f2102ca-GrpcLogAppender: appendEntries Timeout, request=7550e15a-2ff9-4e5e-b05d-d9f072bd52cf->97184ed6-1d8a-4db2-a901-2f2d7f2102ca#64-t1, previous=(t:1, i:19), leaderCommit=15, initializing? false, entries: <empty>
2019-09-17 09:57:53,336 [java.util.concurrent.ThreadPoolExecutor$Worker@12935038[State = -1, empty queue]] WARN  server.GrpcLogAppender (GrpcLogAppender.java:timeoutAppendRequest(200)) - 7550e15a-2ff9-4e5e-b05d-d9f072bd52cf@group-C8F5A74D1DB9->bdd5aae1-c180-43a6-a11a-58912a33bf0b-GrpcLogAppender: appendEntries Timeout, request=7550e15a-2ff9-4e5e-b05d-d9f072bd52cf->bdd5aae1-c180-43a6-a11a-58912a33bf0b#65-t1, previous=(t:1, i:19), leaderCommit=15, initializing? false, entries: <empty>
2019-09-17 09:57:53,336 [java.util.concurrent.ThreadPoolExecutor$Worker@3e348b54[State = -1, empty queue]] WARN  server.GrpcLogAppender (GrpcLogAppender.java:timeoutAppendRequest(200)) - 7550e15a-2ff9-4e5e-b05d-d9f072bd52cf@group-C8F5A74D1DB9->97184ed6-1d8a-4db2-a901-2f2d7f2102ca-GrpcLogAppender: appendEntries Timeout, request=7550e15a-2ff9-4e5e-b05d-d9f072bd52cf->97184ed6-1d8a-4db2-a901-2f2d7f2102ca#65-t1, previous=(t:1, i:19), leaderCommit=15, initializing? false, entries: <empty>
2019-09-17 09:57:54,369 [grpc-default-executor-10] INFO  client.GrpcClientProtocolClient (GrpcClientProtocolClient.java:onNext(264)) - client-6DB5D824AA41->bdd5aae1-c180-43a6-a11a-58912a33bf0b: receive RaftClientReply:client-6DB5D824AA41->bdd5aae1-c180-43a6-a11a-58912a33bf0b@group-C8F5A74D1DB9, cid=338, FAILED org.apache.ratis.protocol.NotLeaderException: Server bdd5aae1-c180-43a6-a11a-58912a33bf0b@group-C8F5A74D1DB9 is not the leader 7550e15a-2ff9-4e5e-b05d-d9f072bd52cf:192.168.34.37:41606, logIndex=0, commits[bdd5aae1-c180-43a6-a11a-58912a33bf0b:c15, 97184ed6-1d8a-4db2-a901-2f2d7f2102ca:c12, 7550e15a-2ff9-4e5e-b05d-d9f072bd52cf:c15]
2019-09-17 09:57:55,837 [java.util.concurrent.ThreadPoolExecutor$Worker@3e348b54[State = -1, empty queue]] WARN  server.GrpcLogAppender (GrpcLogAppender.java:timeoutAppendRequest(200)) - 7550e15a-2ff9-4e5e-b05d-d9f072bd52cf@group-C8F5A74D1DB9->97184ed6-1d8a-4db2-a901-2f2d7f2102ca-GrpcLogAppender: appendEntries Timeout, request=7550e15a-2ff9-4e5e-b05d-d9f072bd52cf->97184ed6-1d8a-4db2-a901-2f2d7f2102ca#66-t1, previous=(t:1, i:19), leaderCommit=15, initializing? false, entries: <empty>
2019-09-17 09:57:55,837 [java.util.concurrent.ThreadPoolExecutor$Worker@12935038[State = -1, empty queue]] WARN  server.GrpcLogAppender (GrpcLogAppender.java:timeoutAppendRequest(200)) - 7550e15a-2ff9-4e5e-b05d-d9f072bd52cf@group-C8F5A74D1DB9->bdd5aae1-c180-43a6-a11a-58912a33bf0b-GrpcLogAppender: appendEntries Timeout, request=7550e15a-2ff9-4e5e-b05d-d9f072bd52cf->bdd5aae1-c180-43a6-a11a-58912a33bf0b#66-t1, previous=(t:1, i:19), leaderCommit=15, initializing? false, entries: <empty>
2019-09-17 09:57:57,812 [7550e15a-2ff9-4e5e-b05d-d9f072bd52cf@group-C8F5A74D1DB9-SegmentedRaftLogWorker] WARN  segmented.SegmentedRaftLogWorker (SegmentedRaftLogWorker.java:getFromFuture(90)) - Timeout 11/~
org.apache.ratis.protocol.TimeoutIOException: Timeout 10s: WriteLog:16: (t:1, i:16), STATEMACHINELOGENTRY, client-6DB5D824AA41, cid=338-writeStateMachineData
	at org.apache.ratis.util.IOUtils.getFromFuture(IOUtils.java:87)
	at org.apache.ratis.server.raftlog.segmented.SegmentedRaftLogWorker$StateMachineDataPolicy.getFromFuture(SegmentedRaftLogWorker.java:87)
	at org.apache.ratis.server.raftlog.segmented.SegmentedRaftLogWorker$WriteLog.execute(SegmentedRaftLogWorker.java:477)
	at org.apache.ratis.server.raftlog.segmented.SegmentedRaftLogWorker.run(SegmentedRaftLogWorker.java:289)
	at java.lang.Thread.run(Thread.java:748)
Caused by: java.util.concurrent.TimeoutException
	at java.util.concurrent.CompletableFuture.timedGet(CompletableFuture.java:1771)
	at java.util.concurrent.CompletableFuture.get(CompletableFuture.java:1915)
	at org.apache.ratis.util.IOUtils.getFromFuture(IOUtils.java:79)
	... 4 more
2019-09-17 09:57:57,833 [bdd5aae1-c180-43a6-a11a-58912a33bf0b@group-C8F5A74D1DB9-SegmentedRaftLogWorker] WARN  segmented.SegmentedRaftLogWorker (SegmentedRaftLogWorker.java:getFromFuture(90)) - Timeout 11/~
org.apache.ratis.protocol.TimeoutIOException: Timeout 10s: WriteLog:16: (t:1, i:16), STATEMACHINELOGENTRY, client-6DB5D824AA41, cid=338-writeStateMachineData
	at org.apache.ratis.util.IOUtils.getFromFuture(IOUtils.java:87)
	at org.apache.ratis.server.raftlog.segmented.SegmentedRaftLogWorker$StateMachineDataPolicy.getFromFuture(SegmentedRaftLogWorker.java:87)
	at org.apache.ratis.server.raftlog.segmented.SegmentedRaftLogWorker$WriteLog.execute(SegmentedRaftLogWorker.java:477)
	at org.apache.ratis.server.raftlog.segmented.SegmentedRaftLogWorker.run(SegmentedRaftLogWorker.java:289)
	at java.lang.Thread.run(Thread.java:748)
Caused by: java.util.concurrent.TimeoutException
	at java.util.concurrent.CompletableFuture.timedGet(CompletableFuture.java:1771)
	at java.util.concurrent.CompletableFuture.get(CompletableFuture.java:1915)
	at org.apache.ratis.util.IOUtils.getFromFuture(IOUtils.java:79)
	... 4 more
2019-09-17 09:57:57,833 [97184ed6-1d8a-4db2-a901-2f2d7f2102ca@group-C8F5A74D1DB9-SegmentedRaftLogWorker] WARN  segmented.SegmentedRaftLogWorker (SegmentedRaftLogWorker.java:getFromFuture(90)) - Timeout 11/~
org.apache.ratis.protocol.TimeoutIOException: Timeout 10s: WriteLog:16: (t:1, i:16), STATEMACHINELOGENTRY, client-6DB5D824AA41, cid=338-writeStateMachineData
	at org.apache.ratis.util.IOUtils.getFromFuture(IOUtils.java:87)
	at org.apache.ratis.server.raftlog.segmented.SegmentedRaftLogWorker$StateMachineDataPolicy.getFromFuture(SegmentedRaftLogWorker.java:87)
	at org.apache.ratis.server.raftlog.segmented.SegmentedRaftLogWorker$WriteLog.execute(SegmentedRaftLogWorker.java:477)
	at org.apache.ratis.server.raftlog.segmented.SegmentedRaftLogWorker.run(SegmentedRaftLogWorker.java:289)
	at java.lang.Thread.run(Thread.java:748)
Caused by: java.util.concurrent.TimeoutException
	at java.util.concurrent.CompletableFuture.timedGet(CompletableFuture.java:1771)
	at java.util.concurrent.CompletableFuture.get(CompletableFuture.java:1915)
	at org.apache.ratis.util.IOUtils.getFromFuture(IOUtils.java:79)
	... 4 more
2019-09-17 09:57:57,838 [org.apache.ratis.server.impl.LogAppender$AppenderDaemon$$Lambda$490/1425097048@344a415e] ERROR ratis.XceiverServerRatis (XceiverServerRatis.java:triggerPipelineClose(568)) - pipeline Action CLOSE  on pipeline PipelineID=e8040a40-da8c-4c75-9a90-c8f5a74d1db9.Reason : 7550e15a-2ff9-4e5e-b05d-d9f072bd52cf has not seen follower/s bdd5aae1-c180-43a6-a11a-58912a33bf0b for 120497ms 97184ed6-1d8a-4db2-a901-2f2d7f2102ca for 120497ms
2019-09-17 09:57:57,838 [org.apache.ratis.server.impl.LogAppender$AppenderDaemon$$Lambda$490/1425097048@4ad71606] ERROR ratis.XceiverServerRatis (XceiverServerRatis.java:triggerPipelineClose(568)) - pipeline Action CLOSE  on pipeline PipelineID=e8040a40-da8c-4c75-9a90-c8f5a74d1db9.Reason : 7550e15a-2ff9-4e5e-b05d-d9f072bd52cf has not seen follower/s bdd5aae1-c180-43a6-a11a-58912a33bf0b for 120497ms 97184ed6-1d8a-4db2-a901-2f2d7f2102ca for 120497ms
2019-09-17 09:57:58,074 [EventQueue-PipelineActionsForPipelineActionHandler] ERROR pipeline.PipelineActionHandler (PipelineActionHandler.java:onMessage(60)) - Received pipeline action CLOSE for Pipeline[ Id: e8040a40-da8c-4c75-9a90-c8f5a74d1db9, Nodes: bdd5aae1-c180-43a6-a11a-58912a33bf0b{ip: 192.168.34.37, host: pr-hdds-2110-rdjw6-11158954, networkLocation: /default-rack, certSerialId: null}97184ed6-1d8a-4db2-a901-2f2d7f2102ca{ip: 192.168.34.37, host: pr-hdds-2110-rdjw6-11158954, networkLocation: /default-rack, certSerialId: null}7550e15a-2ff9-4e5e-b05d-d9f072bd52cf{ip: 192.168.34.37, host: pr-hdds-2110-rdjw6-11158954, networkLocation: /default-rack, certSerialId: null}, Type:RATIS, Factor:THREE, State:OPEN] from datanode 7550e15a-2ff9-4e5e-b05d-d9f072bd52cf{ip: 192.168.34.37, host: pr-hdds-2110-rdjw6-11158954, networkLocation: /default-rack, certSerialId: null}. Reason : 7550e15a-2ff9-4e5e-b05d-d9f072bd52cf has not seen follower/s bdd5aae1-c180-43a6-a11a-58912a33bf0b for 120497ms 97184ed6-1d8a-4db2-a901-2f2d7f2102ca for 120497ms
2019-09-17 09:57:58,074 [EventQueue-PipelineActionsForPipelineActionHandler] INFO  pipeline.SCMPipelineManager (SCMPipelineManager.java:finalizeAndDestroyPipeline(311)) - destroying pipeline:Pipeline[ Id: e8040a40-da8c-4c75-9a90-c8f5a74d1db9, Nodes: bdd5aae1-c180-43a6-a11a-58912a33bf0b{ip: 192.168.34.37, host: pr-hdds-2110-rdjw6-11158954, networkLocation: /default-rack, certSerialId: null}97184ed6-1d8a-4db2-a901-2f2d7f2102ca{ip: 192.168.34.37, host: pr-hdds-2110-rdjw6-11158954, networkLocation: /default-rack, certSerialId: null}7550e15a-2ff9-4e5e-b05d-d9f072bd52cf{ip: 192.168.34.37, host: pr-hdds-2110-rdjw6-11158954, networkLocation: /default-rack, certSerialId: null}, Type:RATIS, Factor:THREE, State:OPEN]
2019-09-17 09:57:58,074 [EventQueue-PipelineActionsForPipelineActionHandler] INFO  pipeline.PipelineStateManager (PipelineStateManager.java:finalizePipeline(123)) - Pipeline Pipeline[ Id: e8040a40-da8c-4c75-9a90-c8f5a74d1db9, Nodes: bdd5aae1-c180-43a6-a11a-58912a33bf0b{ip: 192.168.34.37, host: pr-hdds-2110-rdjw6-11158954, networkLocation: /default-rack, certSerialId: null}97184ed6-1d8a-4db2-a901-2f2d7f2102ca{ip: 192.168.34.37, host: pr-hdds-2110-rdjw6-11158954, networkLocation: /default-rack, certSerialId: null}7550e15a-2ff9-4e5e-b05d-d9f072bd52cf{ip: 192.168.34.37, host: pr-hdds-2110-rdjw6-11158954, networkLocation: /default-rack, certSerialId: null}, Type:RATIS, Factor:THREE, State:CLOSED] moved to CLOSED state
2019-09-17 09:57:58,075 [EventQueue-CloseContainerForCloseContainerEventHandler] INFO  container.CloseContainerEventHandler (CloseContainerEventHandler.java:onMessage(61)) - Close container Event triggered for container : #12
2019-09-17 09:57:58,076 [EventQueue-CloseContainerForCloseContainerEventHandler] INFO  container.CloseContainerEventHandler (CloseContainerEventHandler.java:onMessage(61)) - Close container Event triggered for container : #13
2019-09-17 09:57:58,337 [java.util.concurrent.ThreadPoolExecutor$Worker@12935038[State = -1, empty queue]] WARN  server.GrpcLogAppender (GrpcLogAppender.java:timeoutAppendRequest(200)) - 7550e15a-2ff9-4e5e-b05d-d9f072bd52cf@group-C8F5A74D1DB9->bdd5aae1-c180-43a6-a11a-58912a33bf0b-GrpcLogAppender: appendEntries Timeout, request=7550e15a-2ff9-4e5e-b05d-d9f072bd52cf->bdd5aae1-c180-43a6-a11a-58912a33bf0b#67-t1, previous=(t:1, i:19), leaderCommit=15, initializing? false, entries: <empty>
2019-09-17 09:57:58,337 [java.util.concurrent.ThreadPoolExecutor$Worker@3e348b54[State = -1, empty queue]] WARN  server.GrpcLogAppender (GrpcLogAppender.java:timeoutAppendRequest(200)) - 7550e15a-2ff9-4e5e-b05d-d9f072bd52cf@group-C8F5A74D1DB9->97184ed6-1d8a-4db2-a901-2f2d7f2102ca-GrpcLogAppender: appendEntries Timeout, request=7550e15a-2ff9-4e5e-b05d-d9f072bd52cf->97184ed6-1d8a-4db2-a901-2f2d7f2102ca#67-t1, previous=(t:1, i:19), leaderCommit=15, initializing? false, entries: <empty>
2019-09-17 09:57:59,411 [grpc-default-executor-8] INFO  client.GrpcClientProtocolClient (GrpcClientProtocolClient.java:onNext(264)) - client-6DB5D824AA41->97184ed6-1d8a-4db2-a901-2f2d7f2102ca: receive RaftClientReply:client-6DB5D824AA41->97184ed6-1d8a-4db2-a901-2f2d7f2102ca@group-C8F5A74D1DB9, cid=338, FAILED org.apache.ratis.protocol.NotLeaderException: Server 97184ed6-1d8a-4db2-a901-2f2d7f2102ca@group-C8F5A74D1DB9 is not the leader 7550e15a-2ff9-4e5e-b05d-d9f072bd52cf:192.168.34.37:41606, logIndex=0, commits[97184ed6-1d8a-4db2-a901-2f2d7f2102ca:c15, bdd5aae1-c180-43a6-a11a-58912a33bf0b:c12, 7550e15a-2ff9-4e5e-b05d-d9f072bd52cf:c15]
2019-09-17 09:58:00,102 [org.apache.ratis.server.impl.LogAppender$AppenderDaemon$$Lambda$490/1425097048@344a415e] ERROR ratis.XceiverServerRatis (XceiverServerRatis.java:triggerPipelineClose(568)) - pipeline Action CLOSE  on pipeline PipelineID=e8040a40-da8c-4c75-9a90-c8f5a74d1db9.Reason : 7550e15a-2ff9-4e5e-b05d-d9f072bd52cf has not seen follower/s bdd5aae1-c180-43a6-a11a-58912a33bf0b for 122762ms 97184ed6-1d8a-4db2-a901-2f2d7f2102ca for 122761ms
2019-09-17 09:58:00,102 [org.apache.ratis.server.impl.LogAppender$AppenderDaemon$$Lambda$490/1425097048@4ad71606] ERROR ratis.XceiverServerRatis (XceiverServerRatis.java:triggerPipelineClose(568)) - pipeline Action CLOSE  on pipeline PipelineID=e8040a40-da8c-4c75-9a90-c8f5a74d1db9.Reason : 7550e15a-2ff9-4e5e-b05d-d9f072bd52cf has not seen follower/s bdd5aae1-c180-43a6-a11a-58912a33bf0b for 122762ms 97184ed6-1d8a-4db2-a901-2f2d7f2102ca for 122762ms
2019-09-17 09:58:00,837 [java.util.concurrent.ThreadPoolExecutor$Worker@3e348b54[State = -1, empty queue]] WARN  server.GrpcLogAppender (GrpcLogAppender.java:timeoutAppendRequest(200)) - 7550e15a-2ff9-4e5e-b05d-d9f072bd52cf@group-C8F5A74D1DB9->97184ed6-1d8a-4db2-a901-2f2d7f2102ca-GrpcLogAppender: appendEntries Timeout, request=7550e15a-2ff9-4e5e-b05d-d9f072bd52cf->97184ed6-1d8a-4db2-a901-2f2d7f2102ca#68-t1, previous=(t:1, i:19), leaderCommit=15, initializing? false, entries: <empty>
2019-09-17 09:58:00,837 [java.util.concurrent.ThreadPoolExecutor$Worker@12935038[State = -1, empty queue]] WARN  server.GrpcLogAppender (GrpcLogAppender.java:timeoutAppendRequest(200)) - 7550e15a-2ff9-4e5e-b05d-d9f072bd52cf@group-C8F5A74D1DB9->bdd5aae1-c180-43a6-a11a-58912a33bf0b-GrpcLogAppender: appendEntries Timeout, request=7550e15a-2ff9-4e5e-b05d-d9f072bd52cf->bdd5aae1-c180-43a6-a11a-58912a33bf0b#68-t1, previous=(t:1, i:19), leaderCommit=15, initializing? false, entries: <empty>
2019-09-17 09:58:01,101 [EventQueue-PipelineActionsForPipelineActionHandler] ERROR pipeline.PipelineActionHandler (PipelineActionHandler.java:onMessage(60)) - Received pipeline action CLOSE for Pipeline[ Id: e8040a40-da8c-4c75-9a90-c8f5a74d1db9, Nodes: bdd5aae1-c180-43a6-a11a-58912a33bf0b{ip: 192.168.34.37, host: pr-hdds-2110-rdjw6-11158954, networkLocation: /default-rack, certSerialId: null}97184ed6-1d8a-4db2-a901-2f2d7f2102ca{ip: 192.168.34.37, host: pr-hdds-2110-rdjw6-11158954, networkLocation: /default-rack, certSerialId: null}7550e15a-2ff9-4e5e-b05d-d9f072bd52cf{ip: 192.168.34.37, host: pr-hdds-2110-rdjw6-11158954, networkLocation: /default-rack, certSerialId: null}, Type:RATIS, Factor:THREE, State:CLOSED] from datanode 7550e15a-2ff9-4e5e-b05d-d9f072bd52cf{ip: 192.168.34.37, host: pr-hdds-2110-rdjw6-11158954, networkLocation: /default-rack, certSerialId: null}. Reason : 7550e15a-2ff9-4e5e-b05d-d9f072bd52cf has not seen follower/s bdd5aae1-c180-43a6-a11a-58912a33bf0b for 122762ms 97184ed6-1d8a-4db2-a901-2f2d7f2102ca for 122761ms
2019-09-17 09:58:01,101 [EventQueue-PipelineActionsForPipelineActionHandler] INFO  pipeline.SCMPipelineManager (SCMPipelineManager.java:finalizeAndDestroyPipeline(311)) - destroying pipeline:Pipeline[ Id: e8040a40-da8c-4c75-9a90-c8f5a74d1db9, Nodes: bdd5aae1-c180-43a6-a11a-58912a33bf0b{ip: 192.168.34.37, host: pr-hdds-2110-rdjw6-11158954, networkLocation: /default-rack, certSerialId: null}97184ed6-1d8a-4db2-a901-2f2d7f2102ca{ip: 192.168.34.37, host: pr-hdds-2110-rdjw6-11158954, networkLocation: /default-rack, certSerialId: null}7550e15a-2ff9-4e5e-b05d-d9f072bd52cf{ip: 192.168.34.37, host: pr-hdds-2110-rdjw6-11158954, networkLocation: /default-rack, certSerialId: null}, Type:RATIS, Factor:THREE, State:CLOSED]
2019-09-17 09:58:02,601 [grpc-default-executor-10] INFO  impl.RaftServerProxy (RaftServerProxy.java:addNew(89)) - 7550e15a-2ff9-4e5e-b05d-d9f072bd52cf: addNew group-1299374E2815:[bdd5aae1-c180-43a6-a11a-58912a33bf0b:192.168.34.37:44158, 97184ed6-1d8a-4db2-a901-2f2d7f2102ca:192.168.34.37:40198, 7550e15a-2ff9-4e5e-b05d-d9f072bd52cf:192.168.34.37:41606] returns group-1299374E2815:java.util.concurrent.CompletableFuture@6452be88[Not completed]
2019-09-17 09:58:02,601 [grpc-default-executor-9] INFO  impl.RaftServerProxy (RaftServerProxy.java:addNew(89)) - 97184ed6-1d8a-4db2-a901-2f2d7f2102ca: addNew group-1299374E2815:[bdd5aae1-c180-43a6-a11a-58912a33bf0b:192.168.34.37:44158, 97184ed6-1d8a-4db2-a901-2f2d7f2102ca:192.168.34.37:40198, 7550e15a-2ff9-4e5e-b05d-d9f072bd52cf:192.168.34.37:41606] returns group-1299374E2815:java.util.concurrent.CompletableFuture@2b22c721[Not completed]
2019-09-17 09:58:02,601 [grpc-default-executor-8] INFO  impl.RaftServerProxy (RaftServerProxy.java:addNew(89)) - bdd5aae1-c180-43a6-a11a-58912a33bf0b: addNew group-1299374E2815:[bdd5aae1-c180-43a6-a11a-58912a33bf0b:192.168.34.37:44158, 97184ed6-1d8a-4db2-a901-2f2d7f2102ca:192.168.34.37:40198, 7550e15a-2ff9-4e5e-b05d-d9f072bd52cf:192.168.34.37:41606] returns group-1299374E2815:java.util.concurrent.CompletableFuture@2121b080[Not completed]
2019-09-17 09:58:02,603 [org.apache.ratis.server.impl.LogAppender$AppenderDaemon$$Lambda$490/1425097048@344a415e] ERROR ratis.XceiverServerRatis (XceiverServerRatis.java:triggerPipelineClose(568)) - pipeline Action CLOSE  on pipeline PipelineID=e8040a40-da8c-4c75-9a90-c8f5a74d1db9.Reason : 7550e15a-2ff9-4e5e-b05d-d9f072bd52cf has not seen follower/s bdd5aae1-c180-43a6-a11a-58912a33bf0b for 125262ms 97184ed6-1d8a-4db2-a901-2f2d7f2102ca for 125262ms
2019-09-17 09:58:02,603 [org.apache.ratis.server.impl.LogAppender$AppenderDaemon$$Lambda$490/1425097048@4ad71606] ERROR ratis.XceiverServerRatis (XceiverServerRatis.java:triggerPipelineClose(568)) - pipeline Action CLOSE  on pipeline PipelineID=e8040a40-da8c-4c75-9a90-c8f5a74d1db9.Reason : 7550e15a-2ff9-4e5e-b05d-d9f072bd52cf has not seen follower/s bdd5aae1-c180-43a6-a11a-58912a33bf0b for 125263ms 97184ed6-1d8a-4db2-a901-2f2d7f2102ca for 125262ms
2019-09-17 09:58:02,604 [pool-77-thread-1] INFO  impl.RaftServerImpl (RaftServerImpl.java:<init>(95)) - 97184ed6-1d8a-4db2-a901-2f2d7f2102ca: new RaftServerImpl for group-1299374E2815:[bdd5aae1-c180-43a6-a11a-58912a33bf0b:192.168.34.37:44158, 97184ed6-1d8a-4db2-a901-2f2d7f2102ca:192.168.34.37:40198, 7550e15a-2ff9-4e5e-b05d-d9f072bd52cf:192.168.34.37:41606] with ContainerStateMachine:uninitialized
2019-09-17 09:58:02,604 [pool-77-thread-1] INFO  server.RaftServerConfigKeys (ConfUtils.java:logGet(43)) - raft.server.rpc.timeout.min = 5s (custom)
2019-09-17 09:58:02,604 [pool-77-thread-1] INFO  server.RaftServerConfigKeys (ConfUtils.java:logGet(43)) - raft.server.rpc.timeout.max = 5200ms (custom)
2019-09-17 09:58:02,605 [pool-77-thread-1] INFO  server.RaftServerConfigKeys (ConfUtils.java:logGet(43)) - raft.server.rpcslowness.timeout = 120s (custom)
2019-09-17 09:58:02,605 [pool-77-thread-1] INFO  server.RaftServerConfigKeys (ConfUtils.java:logGet(43)) - raft.server.sleep.deviation.threshold = 300 (default)
2019-09-17 09:58:02,605 [pool-77-thread-1] INFO  server.RaftServerConfigKeys (ConfUtils.java:logGet(43)) - raft.server.log.appender.install.snapshot.enabled = false (custom)
2019-09-17 09:58:02,605 [pool-77-thread-1] INFO  impl.RaftServerImpl (ServerState.java:<init>(103)) - 97184ed6-1d8a-4db2-a901-2f2d7f2102ca@group-1299374E2815: ConfigurationManager, init=-1: [bdd5aae1-c180-43a6-a11a-58912a33bf0b:192.168.34.37:44158, 97184ed6-1d8a-4db2-a901-2f2d7f2102ca:192.168.34.37:40198, 7550e15a-2ff9-4e5e-b05d-d9f072bd52cf:192.168.34.37:41606], old=null, confs=<EMPTY_MAP>
2019-09-17 09:58:02,605 [pool-77-thread-1] INFO  server.RaftServerConfigKeys (ConfUtils.java:logGet(43)) - raft.server.storage.dir = [/workdir/hadoop-ozone/integration-test/target/test-dir/MiniOzoneClusterImpl-c52a4728-c2c3-43f5-b549-fba1d53ae1f5/datanode-5/data/ratis] (custom)
2019-09-17 09:58:02,605 [pool-77-thread-1] INFO  storage.RaftStorageDirectory (RaftStorageDirectory.java:analyzeStorage(246)) - The storage directory /workdir/hadoop-ozone/integration-test/target/test-dir/MiniOzoneClusterImpl-c52a4728-c2c3-43f5-b549-fba1d53ae1f5/datanode-5/data/ratis/50a3e986-ec54-408a-af3b-1299374e2815 does not exist. Creating ...
2019-09-17 09:58:02,605 [pool-37-thread-1] INFO  impl.RaftServerImpl (RaftServerImpl.java:<init>(95)) - 7550e15a-2ff9-4e5e-b05d-d9f072bd52cf: new RaftServerImpl for group-1299374E2815:[bdd5aae1-c180-43a6-a11a-58912a33bf0b:192.168.34.37:44158, 97184ed6-1d8a-4db2-a901-2f2d7f2102ca:192.168.34.37:40198, 7550e15a-2ff9-4e5e-b05d-d9f072bd52cf:192.168.34.37:41606] with ContainerStateMachine:uninitialized
2019-09-17 09:58:02,605 [pool-37-thread-1] INFO  server.RaftServerConfigKeys (ConfUtils.java:logGet(43)) - raft.server.rpc.timeout.min = 5s (custom)
2019-09-17 09:58:02,606 [pool-37-thread-1] INFO  server.RaftServerConfigKeys (ConfUtils.java:logGet(43)) - raft.server.rpc.timeout.max = 5200ms (custom)
2019-09-17 09:58:02,606 [pool-37-thread-1] INFO  server.RaftServerConfigKeys (ConfUtils.java:logGet(43)) - raft.server.rpcslowness.timeout = 120s (custom)
2019-09-17 09:58:02,606 [pool-67-thread-1] INFO  impl.RaftServerImpl (RaftServerImpl.java:<init>(95)) - bdd5aae1-c180-43a6-a11a-58912a33bf0b: new RaftServerImpl for group-1299374E2815:[bdd5aae1-c180-43a6-a11a-58912a33bf0b:192.168.34.37:44158, 97184ed6-1d8a-4db2-a901-2f2d7f2102ca:192.168.34.37:40198, 7550e15a-2ff9-4e5e-b05d-d9f072bd52cf:192.168.34.37:41606] with ContainerStateMachine:uninitialized
2019-09-17 09:58:02,606 [pool-37-thread-1] INFO  server.RaftServerConfigKeys (ConfUtils.java:logGet(43)) - raft.server.sleep.deviation.threshold = 300 (default)
2019-09-17 09:58:02,606 [pool-67-thread-1] INFO  server.RaftServerConfigKeys (ConfUtils.java:logGet(43)) - raft.server.rpc.timeout.min = 5s (custom)
2019-09-17 09:58:02,606 [pool-37-thread-1] INFO  server.RaftServerConfigKeys (ConfUtils.java:logGet(43)) - raft.server.log.appender.install.snapshot.enabled = false (custom)
2019-09-17 09:58:02,606 [pool-67-thread-1] INFO  server.RaftServerConfigKeys (ConfUtils.java:logGet(43)) - raft.server.rpc.timeout.max = 5200ms (custom)
2019-09-17 09:58:02,606 [pool-37-thread-1] INFO  impl.RaftServerImpl (ServerState.java:<init>(103)) - 7550e15a-2ff9-4e5e-b05d-d9f072bd52cf@group-1299374E2815: ConfigurationManager, init=-1: [bdd5aae1-c180-43a6-a11a-58912a33bf0b:192.168.34.37:44158, 97184ed6-1d8a-4db2-a901-2f2d7f2102ca:192.168.34.37:40198, 7550e15a-2ff9-4e5e-b05d-d9f072bd52cf:192.168.34.37:41606], old=null, confs=<EMPTY_MAP>
2019-09-17 09:58:02,607 [pool-67-thread-1] INFO  server.RaftServerConfigKeys (ConfUtils.java:logGet(43)) - raft.server.rpcslowness.timeout = 120s (custom)
2019-09-17 09:58:02,607 [pool-37-thread-1] INFO  server.RaftServerConfigKeys (ConfUtils.java:logGet(43)) - raft.server.storage.dir = [/workdir/hadoop-ozone/integration-test/target/test-dir/MiniOzoneClusterImpl-c52a4728-c2c3-43f5-b549-fba1d53ae1f5/datanode-1/data/ratis] (custom)
2019-09-17 09:58:02,607 [pool-67-thread-1] INFO  server.RaftServerConfigKeys (ConfUtils.java:logGet(43)) - raft.server.sleep.deviation.threshold = 300 (default)
2019-09-17 09:58:02,607 [pool-67-thread-1] INFO  server.RaftServerConfigKeys (ConfUtils.java:logGet(43)) - raft.server.log.appender.install.snapshot.enabled = false (custom)
2019-09-17 09:58:02,607 [pool-67-thread-1] INFO  impl.RaftServerImpl (ServerState.java:<init>(103)) - bdd5aae1-c180-43a6-a11a-58912a33bf0b@group-1299374E2815: ConfigurationManager, init=-1: [bdd5aae1-c180-43a6-a11a-58912a33bf0b:192.168.34.37:44158, 97184ed6-1d8a-4db2-a901-2f2d7f2102ca:192.168.34.37:40198, 7550e15a-2ff9-4e5e-b05d-d9f072bd52cf:192.168.34.37:41606], old=null, confs=<EMPTY_MAP>
2019-09-17 09:58:02,607 [pool-37-thread-1] INFO  storage.RaftStorageDirectory (RaftStorageDirectory.java:analyzeStorage(246)) - The storage directory /workdir/hadoop-ozone/integration-test/target/test-dir/MiniOzoneClusterImpl-c52a4728-c2c3-43f5-b549-fba1d53ae1f5/datanode-1/data/ratis/50a3e986-ec54-408a-af3b-1299374e2815 does not exist. Creating ...
2019-09-17 09:58:02,607 [pool-67-thread-1] INFO  server.RaftServerConfigKeys (ConfUtils.java:logGet(43)) - raft.server.storage.dir = [/workdir/hadoop-ozone/integration-test/target/test-dir/MiniOzoneClusterImpl-c52a4728-c2c3-43f5-b549-fba1d53ae1f5/datanode-4/data/ratis] (custom)
2019-09-17 09:58:02,608 [pool-67-thread-1] INFO  storage.RaftStorageDirectory (RaftStorageDirectory.java:analyzeStorage(246)) - The storage directory /workdir/hadoop-ozone/integration-test/target/test-dir/MiniOzoneClusterImpl-c52a4728-c2c3-43f5-b549-fba1d53ae1f5/datanode-4/data/ratis/50a3e986-ec54-408a-af3b-1299374e2815 does not exist. Creating ...
2019-09-17 09:58:02,630 [pool-77-thread-1] INFO  storage.RaftStorageDirectory (RaftStorageDirectory.java:tryLock(328)) - Lock on /workdir/hadoop-ozone/integration-test/target/test-dir/MiniOzoneClusterImpl-c52a4728-c2c3-43f5-b549-fba1d53ae1f5/datanode-5/data/ratis/50a3e986-ec54-408a-af3b-1299374e2815/in_use.lock acquired by nodename 18338@pr-hdds-2110-rdjw6-11158954
2019-09-17 09:58:02,630 [pool-37-thread-1] INFO  storage.RaftStorageDirectory (RaftStorageDirectory.java:tryLock(328)) - Lock on /workdir/hadoop-ozone/integration-test/target/test-dir/MiniOzoneClusterImpl-c52a4728-c2c3-43f5-b549-fba1d53ae1f5/datanode-1/data/ratis/50a3e986-ec54-408a-af3b-1299374e2815/in_use.lock acquired by nodename 18338@pr-hdds-2110-rdjw6-11158954
2019-09-17 09:58:02,630 [pool-67-thread-1] INFO  storage.RaftStorageDirectory (RaftStorageDirectory.java:tryLock(328)) - Lock on /workdir/hadoop-ozone/integration-test/target/test-dir/MiniOzoneClusterImpl-c52a4728-c2c3-43f5-b549-fba1d53ae1f5/datanode-4/data/ratis/50a3e986-ec54-408a-af3b-1299374e2815/in_use.lock acquired by nodename 18338@pr-hdds-2110-rdjw6-11158954
2019-09-17 09:58:02,655 [pool-77-thread-1] INFO  storage.RaftStorage (RaftStorage.java:format(72)) - Storage directory /workdir/hadoop-ozone/integration-test/target/test-dir/MiniOzoneClusterImpl-c52a4728-c2c3-43f5-b549-fba1d53ae1f5/datanode-5/data/ratis/50a3e986-ec54-408a-af3b-1299374e2815 has been successfully formatted.
2019-09-17 09:58:02,655 [pool-37-thread-1] INFO  storage.RaftStorage (RaftStorage.java:format(72)) - Storage directory /workdir/hadoop-ozone/integration-test/target/test-dir/MiniOzoneClusterImpl-c52a4728-c2c3-43f5-b549-fba1d53ae1f5/datanode-1/data/ratis/50a3e986-ec54-408a-af3b-1299374e2815 has been successfully formatted.
2019-09-17 09:58:02,655 [pool-77-thread-1] INFO  ratis.ContainerStateMachine (ContainerStateMachine.java:loadSnapshot(230)) - group-1299374E2815: The snapshot info is null. Setting the last applied indexto:(t:0, i:~)
2019-09-17 09:58:02,655 [pool-67-thread-1] INFO  storage.RaftStorage (RaftStorage.java:format(72)) - Storage directory /workdir/hadoop-ozone/integration-test/target/test-dir/MiniOzoneClusterImpl-c52a4728-c2c3-43f5-b549-fba1d53ae1f5/datanode-4/data/ratis/50a3e986-ec54-408a-af3b-1299374e2815 has been successfully formatted.
2019-09-17 09:58:02,656 [pool-77-thread-1] INFO  server.RaftServerConfigKeys (ConfUtils.java:logGet(43)) - raft.server.notification.no-leader.timeout = 120s (custom)
2019-09-17 09:58:02,656 [pool-67-thread-1] INFO  ratis.ContainerStateMachine (ContainerStateMachine.java:loadSnapshot(230)) - group-1299374E2815: The snapshot info is null. Setting the last applied indexto:(t:0, i:~)
2019-09-17 09:58:02,656 [pool-37-thread-1] INFO  ratis.ContainerStateMachine (ContainerStateMachine.java:loadSnapshot(230)) - group-1299374E2815: The snapshot info is null. Setting the last applied indexto:(t:0, i:~)
2019-09-17 09:58:02,656 [pool-67-thread-1] INFO  server.RaftServerConfigKeys (ConfUtils.java:logGet(43)) - raft.server.notification.no-leader.timeout = 120s (custom)
2019-09-17 09:58:02,656 [pool-77-thread-1] INFO  server.RaftServerConfigKeys (ConfUtils.java:logGet(43)) - raft.server.log.use.memory = false (default)
2019-09-17 09:58:02,656 [pool-67-thread-1] INFO  server.RaftServerConfigKeys (ConfUtils.java:logGet(43)) - raft.server.log.use.memory = false (default)
2019-09-17 09:58:02,656 [pool-37-thread-1] INFO  server.RaftServerConfigKeys (ConfUtils.java:logGet(43)) - raft.server.notification.no-leader.timeout = 120s (custom)
2019-09-17 09:58:02,657 [pool-67-thread-1] INFO  server.RaftServerConfigKeys (ConfUtils.java:logGet(43)) - raft.server.log.purge.gap = 1000000 (custom)
2019-09-17 09:58:02,656 [pool-77-thread-1] INFO  server.RaftServerConfigKeys (ConfUtils.java:logGet(43)) - raft.server.log.purge.gap = 1000000 (custom)
2019-09-17 09:58:02,657 [pool-67-thread-1] INFO  server.RaftServerConfigKeys (ConfUtils.java:logGet(43)) - raft.server.log.appender.buffer.byte-limit = 33554432 (custom)
2019-09-17 09:58:02,657 [pool-37-thread-1] INFO  server.RaftServerConfigKeys (ConfUtils.java:logGet(43)) - raft.server.log.use.memory = false (default)
2019-09-17 09:58:02,657 [pool-67-thread-1] INFO  server.RaftServerConfigKeys (ConfUtils.java:logGet(43)) - raft.server.log.segment.size.max = 1048576 (custom)
2019-09-17 09:58:02,657 [pool-77-thread-1] INFO  server.RaftServerConfigKeys (ConfUtils.java:logGet(43)) - raft.server.log.appender.buffer.byte-limit = 33554432 (custom)
2019-09-17 09:58:02,657 [pool-67-thread-1] INFO  server.RaftServerConfigKeys (ConfUtils.java:logGet(43)) - raft.server.log.segment.cache.num.max = 2 (custom)
2019-09-17 09:58:02,658 [pool-67-thread-1] INFO  segmented.SegmentedRaftLogWorker (SegmentedRaftLogWorker.java:<init>(172)) - new bdd5aae1-c180-43a6-a11a-58912a33bf0b@group-1299374E2815-SegmentedRaftLogWorker for RaftStorage:Storage Directory /workdir/hadoop-ozone/integration-test/target/test-dir/MiniOzoneClusterImpl-c52a4728-c2c3-43f5-b549-fba1d53ae1f5/datanode-4/data/ratis/50a3e986-ec54-408a-af3b-1299374e2815
2019-09-17 09:58:02,657 [pool-37-thread-1] INFO  server.RaftServerConfigKeys (ConfUtils.java:logGet(43)) - raft.server.log.purge.gap = 1000000 (custom)
2019-09-17 09:58:02,658 [pool-67-thread-1] INFO  server.RaftServerConfigKeys (ConfUtils.java:logGet(43)) - raft.server.log.queue.byte-limit = 2147483647 (custom)
2019-09-17 09:58:02,658 [pool-77-thread-1] INFO  server.RaftServerConfigKeys (ConfUtils.java:logGet(43)) - raft.server.log.segment.size.max = 1048576 (custom)
2019-09-17 09:58:02,658 [pool-67-thread-1] INFO  server.RaftServerConfigKeys (ConfUtils.java:logGet(43)) - raft.server.log.queue.element-limit = 1024 (custom)
2019-09-17 09:58:02,658 [pool-37-thread-1] INFO  server.RaftServerConfigKeys (ConfUtils.java:logGet(43)) - raft.server.log.appender.buffer.byte-limit = 33554432 (custom)
2019-09-17 09:58:02,659 [pool-67-thread-1] INFO  server.RaftServerConfigKeys (ConfUtils.java:logGet(43)) - raft.server.log.segment.size.max = 1048576 (custom)
2019-09-17 09:58:02,658 [pool-77-thread-1] INFO  server.RaftServerConfigKeys (ConfUtils.java:logGet(43)) - raft.server.log.segment.cache.num.max = 2 (custom)
2019-09-17 09:58:02,659 [pool-67-thread-1] INFO  server.RaftServerConfigKeys (ConfUtils.java:logGet(43)) - raft.server.log.preallocated.size = 16384 (custom)
2019-09-17 09:58:02,659 [pool-37-thread-1] INFO  server.RaftServerConfigKeys (ConfUtils.java:logGet(43)) - raft.server.log.segment.size.max = 1048576 (custom)
2019-09-17 09:58:02,659 [pool-67-thread-1] INFO  server.RaftServerConfigKeys (ConfUtils.java:logGet(43)) - raft.server.log.write.buffer.size = 33554432 (custom)
2019-09-17 09:58:02,659 [pool-77-thread-1] INFO  segmented.SegmentedRaftLogWorker (SegmentedRaftLogWorker.java:<init>(172)) - new 97184ed6-1d8a-4db2-a901-2f2d7f2102ca@group-1299374E2815-SegmentedRaftLogWorker for RaftStorage:Storage Directory /workdir/hadoop-ozone/integration-test/target/test-dir/MiniOzoneClusterImpl-c52a4728-c2c3-43f5-b549-fba1d53ae1f5/datanode-5/data/ratis/50a3e986-ec54-408a-af3b-1299374e2815
2019-09-17 09:58:02,659 [pool-67-thread-1] INFO  server.RaftServerConfigKeys (ConfUtils.java:logGet(43)) - raft.server.log.force.sync.num = 128 (default)
2019-09-17 09:58:02,659 [pool-37-thread-1] INFO  server.RaftServerConfigKeys (ConfUtils.java:logGet(43)) - raft.server.log.segment.cache.num.max = 2 (custom)
2019-09-17 09:58:02,660 [pool-67-thread-1] INFO  server.RaftServerConfigKeys (ConfUtils.java:logGet(43)) - raft.server.log.statemachine.data.sync = true (default)
2019-09-17 09:58:02,660 [pool-77-thread-1] INFO  server.RaftServerConfigKeys (ConfUtils.java:logGet(43)) - raft.server.log.queue.byte-limit = 2147483647 (custom)
2019-09-17 09:58:02,660 [pool-67-thread-1] INFO  server.RaftServerConfigKeys (ConfUtils.java:logGet(43)) - raft.server.log.statemachine.data.sync.timeout = 10s (default)
2019-09-17 09:58:02,660 [pool-37-thread-1] INFO  segmented.SegmentedRaftLogWorker (SegmentedRaftLogWorker.java:<init>(172)) - new 7550e15a-2ff9-4e5e-b05d-d9f072bd52cf@group-1299374E2815-SegmentedRaftLogWorker for RaftStorage:Storage Directory /workdir/hadoop-ozone/integration-test/target/test-dir/MiniOzoneClusterImpl-c52a4728-c2c3-43f5-b549-fba1d53ae1f5/datanode-1/data/ratis/50a3e986-ec54-408a-af3b-1299374e2815
2019-09-17 09:58:02,660 [pool-67-thread-1] INFO  server.RaftServerConfigKeys (ConfUtils.java:logGet(43)) - raft.server.log.statemachine.data.sync.timeout.retry = -1 (default)
2019-09-17 09:58:02,660 [pool-77-thread-1] INFO  server.RaftServerConfigKeys (ConfUtils.java:logGet(43)) - raft.server.log.queue.element-limit = 1024 (custom)
2019-09-17 09:58:02,661 [pool-67-thread-1] INFO  server.RaftServerConfigKeys (ConfUtils.java:logGet(43)) - raft.server.log.statemachine.data.caching.enabled = true (custom)
2019-09-17 09:58:02,661 [pool-37-thread-1] INFO  server.RaftServerConfigKeys (ConfUtils.java:logGet(43)) - raft.server.log.queue.byte-limit = 2147483647 (custom)
2019-09-17 09:58:02,661 [pool-77-thread-1] INFO  server.RaftServerConfigKeys (ConfUtils.java:logGet(43)) - raft.server.log.segment.size.max = 1048576 (custom)
2019-09-17 09:58:02,661 [pool-37-thread-1] INFO  server.RaftServerConfigKeys (ConfUtils.java:logGet(43)) - raft.server.log.queue.element-limit = 1024 (custom)
2019-09-17 09:58:02,661 [pool-67-thread-1] INFO  segmented.SegmentedRaftLogWorker (SegmentedRaftLogWorker.java:lambda$new$0(132)) - bdd5aae1-c180-43a6-a11a-58912a33bf0b@group-1299374E2815-SegmentedRaftLogWorker: flushIndex: setUnconditionally 0 -> -1
2019-09-17 09:58:02,661 [pool-37-thread-1] INFO  server.RaftServerConfigKeys (ConfUtils.java:logGet(43)) - raft.server.log.segment.size.max = 1048576 (custom)
2019-09-17 09:58:02,661 [pool-77-thread-1] INFO  server.RaftServerConfigKeys (ConfUtils.java:logGet(43)) - raft.server.log.preallocated.size = 16384 (custom)
2019-09-17 09:58:02,662 [pool-67-thread-1] INFO  server.RaftServerConfigKeys (ConfUtils.java:logGet(43)) - raft.server.snapshot.auto.trigger.enabled = true (custom)
2019-09-17 09:58:02,662 [pool-37-thread-1] INFO  server.RaftServerConfigKeys (ConfUtils.java:logGet(43)) - raft.server.log.preallocated.size = 16384 (custom)
2019-09-17 09:58:02,662 [pool-67-thread-1] INFO  server.RaftServerConfigKeys (ConfUtils.java:logGet(43)) - raft.server.snapshot.auto.trigger.threshold = 10000 (custom)
2019-09-17 09:58:02,662 [pool-77-thread-1] INFO  server.RaftServerConfigKeys (ConfUtils.java:logGet(43)) - raft.server.log.write.buffer.size = 33554432 (custom)
2019-09-17 09:58:02,662 [pool-67-thread-1] INFO  server.RaftServerConfigKeys (ConfUtils.java:logGet(43)) - raft.server.snapshot.retention.num.files = -1 (default)
2019-09-17 09:58:02,662 [pool-37-thread-1] INFO  server.RaftServerConfigKeys (ConfUtils.java:logGet(43)) - raft.server.log.write.buffer.size = 33554432 (custom)
2019-09-17 09:58:02,663 [pool-67-thread-1] INFO  server.RaftServerConfigKeys (ConfUtils.java:logGet(43)) - raft.server.retrycache.expirytime = 600000ms (custom)
2019-09-17 09:58:02,663 [pool-77-thread-1] INFO  server.RaftServerConfigKeys (ConfUtils.java:logGet(43)) - raft.server.log.force.sync.num = 128 (default)
2019-09-17 09:58:02,663 [pool-37-thread-1] INFO  server.RaftServerConfigKeys (ConfUtils.java:logGet(43)) - raft.server.log.force.sync.num = 128 (default)
2019-09-17 09:58:02,663 [pool-77-thread-1] INFO  server.RaftServerConfigKeys (ConfUtils.java:logGet(43)) - raft.server.log.statemachine.data.sync = true (default)
2019-09-17 09:58:02,663 [pool-37-thread-1] INFO  server.RaftServerConfigKeys (ConfUtils.java:logGet(43)) - raft.server.log.statemachine.data.sync = true (default)
2019-09-17 09:58:02,663 [pool-77-thread-1] INFO  server.RaftServerConfigKeys (ConfUtils.java:logGet(43)) - raft.server.log.statemachine.data.sync.timeout = 10s (default)
2019-09-17 09:58:02,664 [pool-37-thread-1] INFO  server.RaftServerConfigKeys (ConfUtils.java:logGet(43)) - raft.server.log.statemachine.data.sync.timeout = 10s (default)
2019-09-17 09:58:02,664 [pool-77-thread-1] INFO  server.RaftServerConfigKeys (ConfUtils.java:logGet(43)) - raft.server.log.statemachine.data.sync.timeout.retry = -1 (default)
2019-09-17 09:58:02,664 [pool-37-thread-1] INFO  server.RaftServerConfigKeys (ConfUtils.java:logGet(43)) - raft.server.log.statemachine.data.sync.timeout.retry = -1 (default)
2019-09-17 09:58:02,664 [pool-77-thread-1] INFO  server.RaftServerConfigKeys (ConfUtils.java:logGet(43)) - raft.server.log.statemachine.data.caching.enabled = true (custom)
2019-09-17 09:58:02,664 [pool-37-thread-1] INFO  server.RaftServerConfigKeys (ConfUtils.java:logGet(43)) - raft.server.log.statemachine.data.caching.enabled = true (custom)
2019-09-17 09:58:02,664 [pool-77-thread-1] INFO  segmented.SegmentedRaftLogWorker (SegmentedRaftLogWorker.java:lambda$new$0(132)) - 97184ed6-1d8a-4db2-a901-2f2d7f2102ca@group-1299374E2815-SegmentedRaftLogWorker: flushIndex: setUnconditionally 0 -> -1
2019-09-17 09:58:02,665 [pool-37-thread-1] INFO  segmented.SegmentedRaftLogWorker (SegmentedRaftLogWorker.java:lambda$new$0(132)) - 7550e15a-2ff9-4e5e-b05d-d9f072bd52cf@group-1299374E2815-SegmentedRaftLogWorker: flushIndex: setUnconditionally 0 -> -1
2019-09-17 09:58:02,665 [pool-77-thread-1] INFO  server.RaftServerConfigKeys (ConfUtils.java:logGet(43)) - raft.server.snapshot.auto.trigger.enabled = true (custom)
2019-09-17 09:58:02,665 [pool-77-thread-1] INFO  server.RaftServerConfigKeys (ConfUtils.java:logGet(43)) - raft.server.snapshot.auto.trigger.threshold = 10000 (custom)
2019-09-17 09:58:02,665 [pool-37-thread-1] INFO  server.RaftServerConfigKeys (ConfUtils.java:logGet(43)) - raft.server.snapshot.auto.trigger.enabled = true (custom)
2019-09-17 09:58:02,665 [pool-77-thread-1] INFO  server.RaftServerConfigKeys (ConfUtils.java:logGet(43)) - raft.server.snapshot.retention.num.files = -1 (default)
2019-09-17 09:58:02,665 [pool-37-thread-1] INFO  server.RaftServerConfigKeys (ConfUtils.java:logGet(43)) - raft.server.snapshot.auto.trigger.threshold = 10000 (custom)
2019-09-17 09:58:02,665 [pool-77-thread-1] INFO  server.RaftServerConfigKeys (ConfUtils.java:logGet(43)) - raft.server.retrycache.expirytime = 600000ms (custom)
2019-09-17 09:58:02,666 [pool-37-thread-1] INFO  server.RaftServerConfigKeys (ConfUtils.java:logGet(43)) - raft.server.snapshot.retention.num.files = -1 (default)
2019-09-17 09:58:02,666 [pool-37-thread-1] INFO  server.RaftServerConfigKeys (ConfUtils.java:logGet(43)) - raft.server.retrycache.expirytime = 600000ms (custom)
2019-09-17 09:58:02,666 [pool-67-thread-1] INFO  impl.RaftServerImpl (RaftServerImpl.java:start(185)) - bdd5aae1-c180-43a6-a11a-58912a33bf0b@group-1299374E2815: start as a follower, conf=-1: [bdd5aae1-c180-43a6-a11a-58912a33bf0b:192.168.34.37:44158, 97184ed6-1d8a-4db2-a901-2f2d7f2102ca:192.168.34.37:40198, 7550e15a-2ff9-4e5e-b05d-d9f072bd52cf:192.168.34.37:41606], old=null
2019-09-17 09:58:02,666 [pool-67-thread-1] INFO  impl.RaftServerImpl (RaftServerImpl.java:setRole(174)) - bdd5aae1-c180-43a6-a11a-58912a33bf0b@group-1299374E2815: changes role from      null to FOLLOWER at term 0 for startAsFollower
2019-09-17 09:58:02,666 [pool-67-thread-1] INFO  impl.RoleInfo (RoleInfo.java:updateAndGet(143)) - bdd5aae1-c180-43a6-a11a-58912a33bf0b: start FollowerState
2019-09-17 09:58:02,667 [pool-67-thread-1] INFO  util.JmxRegister (JmxRegister.java:tryRegister(44)) - Successfully registered JMX Bean with object name Ratis:service=RaftServer,group=group-1299374E2815,id=bdd5aae1-c180-43a6-a11a-58912a33bf0b
2019-09-17 09:58:02,668 [pool-77-thread-1] INFO  impl.RaftServerImpl (RaftServerImpl.java:start(185)) - 97184ed6-1d8a-4db2-a901-2f2d7f2102ca@group-1299374E2815: start as a follower, conf=-1: [bdd5aae1-c180-43a6-a11a-58912a33bf0b:192.168.34.37:44158, 97184ed6-1d8a-4db2-a901-2f2d7f2102ca:192.168.34.37:40198, 7550e15a-2ff9-4e5e-b05d-d9f072bd52cf:192.168.34.37:41606], old=null
2019-09-17 09:58:02,668 [pool-77-thread-1] INFO  impl.RaftServerImpl (RaftServerImpl.java:setRole(174)) - 97184ed6-1d8a-4db2-a901-2f2d7f2102ca@group-1299374E2815: changes role from      null to FOLLOWER at term 0 for startAsFollower
2019-09-17 09:58:02,669 [pool-77-thread-1] INFO  impl.RoleInfo (RoleInfo.java:updateAndGet(143)) - 97184ed6-1d8a-4db2-a901-2f2d7f2102ca: start FollowerState
2019-09-17 09:58:02,669 [pool-37-thread-1] INFO  impl.RaftServerImpl (RaftServerImpl.java:start(185)) - 7550e15a-2ff9-4e5e-b05d-d9f072bd52cf@group-1299374E2815: start as a follower, conf=-1: [bdd5aae1-c180-43a6-a11a-58912a33bf0b:192.168.34.37:44158, 97184ed6-1d8a-4db2-a901-2f2d7f2102ca:192.168.34.37:40198, 7550e15a-2ff9-4e5e-b05d-d9f072bd52cf:192.168.34.37:41606], old=null
2019-09-17 09:58:02,669 [pool-37-thread-1] INFO  impl.RaftServerImpl (RaftServerImpl.java:setRole(174)) - 7550e15a-2ff9-4e5e-b05d-d9f072bd52cf@group-1299374E2815: changes role from      null to FOLLOWER at term 0 for startAsFollower
2019-09-17 09:58:02,669 [pool-77-thread-1] INFO  util.JmxRegister (JmxRegister.java:tryRegister(44)) - Successfully registered JMX Bean with object name Ratis:service=RaftServer,group=group-1299374E2815,id=97184ed6-1d8a-4db2-a901-2f2d7f2102ca
2019-09-17 09:58:02,669 [pool-37-thread-1] INFO  impl.RoleInfo (RoleInfo.java:updateAndGet(143)) - 7550e15a-2ff9-4e5e-b05d-d9f072bd52cf: start FollowerState
2019-09-17 09:58:02,670 [pool-37-thread-1] INFO  util.JmxRegister (JmxRegister.java:tryRegister(44)) - Successfully registered JMX Bean with object name Ratis:service=RaftServer,group=group-1299374E2815,id=7550e15a-2ff9-4e5e-b05d-d9f072bd52cf
2019-09-17 09:58:02,671 [RatisPipelineUtilsThread] INFO  pipeline.PipelineStateManager (PipelineStateManager.java:addPipeline(56)) - Created pipeline Pipeline[ Id: 50a3e986-ec54-408a-af3b-1299374e2815, Nodes: bdd5aae1-c180-43a6-a11a-58912a33bf0b{ip: 192.168.34.37, host: pr-hdds-2110-rdjw6-11158954, networkLocation: /default-rack, certSerialId: null}97184ed6-1d8a-4db2-a901-2f2d7f2102ca{ip: 192.168.34.37, host: pr-hdds-2110-rdjw6-11158954, networkLocation: /default-rack, certSerialId: null}7550e15a-2ff9-4e5e-b05d-d9f072bd52cf{ip: 192.168.34.37, host: pr-hdds-2110-rdjw6-11158954, networkLocation: /default-rack, certSerialId: null}, Type:RATIS, Factor:THREE, State:OPEN]
2019-09-17 09:58:03,101 [EventQueue-PipelineActionsForPipelineActionHandler] ERROR pipeline.PipelineActionHandler (PipelineActionHandler.java:onMessage(60)) - Received pipeline action CLOSE for Pipeline[ Id: e8040a40-da8c-4c75-9a90-c8f5a74d1db9, Nodes: bdd5aae1-c180-43a6-a11a-58912a33bf0b{ip: 192.168.34.37, host: pr-hdds-2110-rdjw6-11158954, networkLocation: /default-rack, certSerialId: null}97184ed6-1d8a-4db2-a901-2f2d7f2102ca{ip: 192.168.34.37, host: pr-hdds-2110-rdjw6-11158954, networkLocation: /default-rack, certSerialId: null}7550e15a-2ff9-4e5e-b05d-d9f072bd52cf{ip: 192.168.34.37, host: pr-hdds-2110-rdjw6-11158954, networkLocation: /default-rack, certSerialId: null}, Type:RATIS, Factor:THREE, State:CLOSED] from datanode 7550e15a-2ff9-4e5e-b05d-d9f072bd52cf{ip: 192.168.34.37, host: pr-hdds-2110-rdjw6-11158954, networkLocation: /default-rack, certSerialId: null}. Reason : 7550e15a-2ff9-4e5e-b05d-d9f072bd52cf has not seen follower/s bdd5aae1-c180-43a6-a11a-58912a33bf0b for 125262ms 97184ed6-1d8a-4db2-a901-2f2d7f2102ca for 125262ms
2019-09-17 09:58:03,101 [EventQueue-PipelineActionsForPipelineActionHandler] INFO  pipeline.SCMPipelineManager (SCMPipelineManager.java:finalizeAndDestroyPipeline(311)) - destroying pipeline:Pipeline[ Id: e8040a40-da8c-4c75-9a90-c8f5a74d1db9, Nodes: bdd5aae1-c180-43a6-a11a-58912a33bf0b{ip: 192.168.34.37, host: pr-hdds-2110-rdjw6-11158954, networkLocation: /default-rack, certSerialId: null}97184ed6-1d8a-4db2-a901-2f2d7f2102ca{ip: 192.168.34.37, host: pr-hdds-2110-rdjw6-11158954, networkLocation: /default-rack, certSerialId: null}7550e15a-2ff9-4e5e-b05d-d9f072bd52cf{ip: 192.168.34.37, host: pr-hdds-2110-rdjw6-11158954, networkLocation: /default-rack, certSerialId: null}, Type:RATIS, Factor:THREE, State:CLOSED]
2019-09-17 09:58:03,102 [java.util.concurrent.ThreadPoolExecutor$Worker@3e348b54[State = -1, empty queue]] WARN  server.GrpcLogAppender (GrpcLogAppender.java:timeoutAppendRequest(200)) - 7550e15a-2ff9-4e5e-b05d-d9f072bd52cf@group-C8F5A74D1DB9->97184ed6-1d8a-4db2-a901-2f2d7f2102ca-GrpcLogAppender: appendEntries Timeout, request=7550e15a-2ff9-4e5e-b05d-d9f072bd52cf->97184ed6-1d8a-4db2-a901-2f2d7f2102ca#69-t1, previous=(t:1, i:19), leaderCommit=15, initializing? false, entries: size=1, first=(t:1, i:20), STATEMACHINELOGENTRY, client-BAA5FE1253C7, cid=105
2019-09-17 09:58:03,102 [java.util.concurrent.ThreadPoolExecutor$Worker@12935038[State = -1, empty queue]] WARN  server.GrpcLogAppender (GrpcLogAppender.java:timeoutAppendRequest(200)) - 7550e15a-2ff9-4e5e-b05d-d9f072bd52cf@group-C8F5A74D1DB9->bdd5aae1-c180-43a6-a11a-58912a33bf0b-GrpcLogAppender: appendEntries Timeout, request=7550e15a-2ff9-4e5e-b05d-d9f072bd52cf->bdd5aae1-c180-43a6-a11a-58912a33bf0b#69-t1, previous=(t:1, i:19), leaderCommit=15, initializing? false, entries: size=1, first=(t:1, i:20), STATEMACHINELOGENTRY, client-BAA5FE1253C7, cid=105
2019-09-17 09:58:04,455 [grpc-default-executor-8] INFO  client.GrpcClientProtocolClient (GrpcClientProtocolClient.java:onNext(264)) - client-6DB5D824AA41->bdd5aae1-c180-43a6-a11a-58912a33bf0b: receive RaftClientReply:client-6DB5D824AA41->bdd5aae1-c180-43a6-a11a-58912a33bf0b@group-C8F5A74D1DB9, cid=338, FAILED org.apache.ratis.protocol.NotLeaderException: Server bdd5aae1-c180-43a6-a11a-58912a33bf0b@group-C8F5A74D1DB9 is not the leader 7550e15a-2ff9-4e5e-b05d-d9f072bd52cf:192.168.34.37:41606, logIndex=0, commits[bdd5aae1-c180-43a6-a11a-58912a33bf0b:c15, 97184ed6-1d8a-4db2-a901-2f2d7f2102ca:c12, 7550e15a-2ff9-4e5e-b05d-d9f072bd52cf:c15]
2019-09-17 09:58:05,104 [org.apache.ratis.server.impl.LogAppender$AppenderDaemon$$Lambda$490/1425097048@344a415e] ERROR ratis.XceiverServerRatis (XceiverServerRatis.java:triggerPipelineClose(568)) - pipeline Action CLOSE  on pipeline PipelineID=e8040a40-da8c-4c75-9a90-c8f5a74d1db9.Reason : 7550e15a-2ff9-4e5e-b05d-d9f072bd52cf has not seen follower/s bdd5aae1-c180-43a6-a11a-58912a33bf0b for 127763ms 97184ed6-1d8a-4db2-a901-2f2d7f2102ca for 127763ms
2019-09-17 09:58:05,104 [org.apache.ratis.server.impl.LogAppender$AppenderDaemon$$Lambda$490/1425097048@4ad71606] ERROR ratis.XceiverServerRatis (XceiverServerRatis.java:triggerPipelineClose(568)) - pipeline Action CLOSE  on pipeline PipelineID=e8040a40-da8c-4c75-9a90-c8f5a74d1db9.Reason : 7550e15a-2ff9-4e5e-b05d-d9f072bd52cf has not seen follower/s bdd5aae1-c180-43a6-a11a-58912a33bf0b for 127763ms 97184ed6-1d8a-4db2-a901-2f2d7f2102ca for 127763ms
2019-09-17 09:58:05,603 [java.util.concurrent.ThreadPoolExecutor$Worker@12935038[State = -1, empty queue]] WARN  server.GrpcLogAppender (GrpcLogAppender.java:timeoutAppendRequest(200)) - 7550e15a-2ff9-4e5e-b05d-d9f072bd52cf@group-C8F5A74D1DB9->bdd5aae1-c180-43a6-a11a-58912a33bf0b-GrpcLogAppender: appendEntries Timeout, request=7550e15a-2ff9-4e5e-b05d-d9f072bd52cf->bdd5aae1-c180-43a6-a11a-58912a33bf0b#70-t1, previous=(t:1, i:20), leaderCommit=15, initializing? false, entries: <empty>
2019-09-17 09:58:05,603 [java.util.concurrent.ThreadPoolExecutor$Worker@3e348b54[State = -1, empty queue]] WARN  server.GrpcLogAppender (GrpcLogAppender.java:timeoutAppendRequest(200)) - 7550e15a-2ff9-4e5e-b05d-d9f072bd52cf@group-C8F5A74D1DB9->97184ed6-1d8a-4db2-a901-2f2d7f2102ca-GrpcLogAppender: appendEntries Timeout, request=7550e15a-2ff9-4e5e-b05d-d9f072bd52cf->97184ed6-1d8a-4db2-a901-2f2d7f2102ca#70-t1, previous=(t:1, i:20), leaderCommit=15, initializing? false, entries: <empty>
2019-09-17 09:58:06,103 [EventQueue-PipelineActionsForPipelineActionHandler] ERROR pipeline.PipelineActionHandler (PipelineActionHandler.java:onMessage(60)) - Received pipeline action CLOSE for Pipeline[ Id: e8040a40-da8c-4c75-9a90-c8f5a74d1db9, Nodes: bdd5aae1-c180-43a6-a11a-58912a33bf0b{ip: 192.168.34.37, host: pr-hdds-2110-rdjw6-11158954, networkLocation: /default-rack, certSerialId: null}97184ed6-1d8a-4db2-a901-2f2d7f2102ca{ip: 192.168.34.37, host: pr-hdds-2110-rdjw6-11158954, networkLocation: /default-rack, certSerialId: null}7550e15a-2ff9-4e5e-b05d-d9f072bd52cf{ip: 192.168.34.37, host: pr-hdds-2110-rdjw6-11158954, networkLocation: /default-rack, certSerialId: null}, Type:RATIS, Factor:THREE, State:CLOSED] from datanode 7550e15a-2ff9-4e5e-b05d-d9f072bd52cf{ip: 192.168.34.37, host: pr-hdds-2110-rdjw6-11158954, networkLocation: /default-rack, certSerialId: null}. Reason : 7550e15a-2ff9-4e5e-b05d-d9f072bd52cf has not seen follower/s bdd5aae1-c180-43a6-a11a-58912a33bf0b for 127763ms 97184ed6-1d8a-4db2-a901-2f2d7f2102ca for 127763ms
2019-09-17 09:58:06,103 [EventQueue-PipelineActionsForPipelineActionHandler] INFO  pipeline.SCMPipelineManager (SCMPipelineManager.java:finalizeAndDestroyPipeline(311)) - destroying pipeline:Pipeline[ Id: e8040a40-da8c-4c75-9a90-c8f5a74d1db9, Nodes: bdd5aae1-c180-43a6-a11a-58912a33bf0b{ip: 192.168.34.37, host: pr-hdds-2110-rdjw6-11158954, networkLocation: /default-rack, certSerialId: null}97184ed6-1d8a-4db2-a901-2f2d7f2102ca{ip: 192.168.34.37, host: pr-hdds-2110-rdjw6-11158954, networkLocation: /default-rack, certSerialId: null}7550e15a-2ff9-4e5e-b05d-d9f072bd52cf{ip: 192.168.34.37, host: pr-hdds-2110-rdjw6-11158954, networkLocation: /default-rack, certSerialId: null}, Type:RATIS, Factor:THREE, State:CLOSED]
2019-09-17 09:58:07,606 [org.apache.ratis.server.impl.LogAppender$AppenderDaemon$$Lambda$490/1425097048@4ad71606] ERROR ratis.XceiverServerRatis (XceiverServerRatis.java:triggerPipelineClose(568)) - pipeline Action CLOSE  on pipeline PipelineID=e8040a40-da8c-4c75-9a90-c8f5a74d1db9.Reason : 7550e15a-2ff9-4e5e-b05d-d9f072bd52cf has not seen follower/s bdd5aae1-c180-43a6-a11a-58912a33bf0b for 130265ms 97184ed6-1d8a-4db2-a901-2f2d7f2102ca for 130265ms
2019-09-17 09:58:07,606 [org.apache.ratis.server.impl.LogAppender$AppenderDaemon$$Lambda$490/1425097048@344a415e] ERROR ratis.XceiverServerRatis (XceiverServerRatis.java:triggerPipelineClose(568)) - pipeline Action CLOSE  on pipeline PipelineID=e8040a40-da8c-4c75-9a90-c8f5a74d1db9.Reason : 7550e15a-2ff9-4e5e-b05d-d9f072bd52cf has not seen follower/s bdd5aae1-c180-43a6-a11a-58912a33bf0b for 130265ms 97184ed6-1d8a-4db2-a901-2f2d7f2102ca for 130265ms
2019-09-17 09:58:07,670 [Thread-2886] INFO  impl.FollowerState (FollowerState.java:run(106)) - bdd5aae1-c180-43a6-a11a-58912a33bf0b:group-1299374E2815 changes to CANDIDATE, lastRpcTime:5003, electionTimeout:5003ms
2019-09-17 09:58:07,671 [Thread-2886] INFO  impl.RoleInfo (RoleInfo.java:shutdownFollowerState(121)) - bdd5aae1-c180-43a6-a11a-58912a33bf0b: shutdown FollowerState
2019-09-17 09:58:07,671 [Thread-2886] INFO  impl.RaftServerImpl (RaftServerImpl.java:setRole(174)) - bdd5aae1-c180-43a6-a11a-58912a33bf0b@group-1299374E2815: changes role from  FOLLOWER to CANDIDATE at term 0 for changeToCandidate
2019-09-17 09:58:07,672 [Thread-2886] INFO  impl.RoleInfo (RoleInfo.java:updateAndGet(143)) - bdd5aae1-c180-43a6-a11a-58912a33bf0b: start LeaderElection
2019-09-17 09:58:07,691 [bdd5aae1-c180-43a6-a11a-58912a33bf0b@group-1299374E2815:LeaderElection17] INFO  impl.LeaderElection (LeaderElection.java:askForVotes(182)) - bdd5aae1-c180-43a6-a11a-58912a33bf0b@group-1299374E2815:LeaderElection17: begin an election at term 1 for -1: [bdd5aae1-c180-43a6-a11a-58912a33bf0b:192.168.34.37:44158, 97184ed6-1d8a-4db2-a901-2f2d7f2102ca:192.168.34.37:40198, 7550e15a-2ff9-4e5e-b05d-d9f072bd52cf:192.168.34.37:41606], old=null
2019-09-17 09:58:07,700 [grpc-default-executor-10] INFO  impl.RaftServerImpl (RaftServerImpl.java:setRole(174)) - 97184ed6-1d8a-4db2-a901-2f2d7f2102ca@group-1299374E2815: changes role from  FOLLOWER to FOLLOWER at term 1 for recognizeCandidate:bdd5aae1-c180-43a6-a11a-58912a33bf0b
2019-09-17 09:58:07,700 [grpc-default-executor-9] INFO  impl.RaftServerImpl (RaftServerImpl.java:setRole(174)) - 7550e15a-2ff9-4e5e-b05d-d9f072bd52cf@group-1299374E2815: changes role from  FOLLOWER to FOLLOWER at term 1 for recognizeCandidate:bdd5aae1-c180-43a6-a11a-58912a33bf0b
2019-09-17 09:58:07,701 [grpc-default-executor-10] INFO  impl.RoleInfo (RoleInfo.java:shutdownFollowerState(121)) - 97184ed6-1d8a-4db2-a901-2f2d7f2102ca: shutdown FollowerState
2019-09-17 09:58:07,701 [grpc-default-executor-9] INFO  impl.RoleInfo (RoleInfo.java:shutdownFollowerState(121)) - 7550e15a-2ff9-4e5e-b05d-d9f072bd52cf: shutdown FollowerState
2019-09-17 09:58:07,701 [grpc-default-executor-10] INFO  impl.RoleInfo (RoleInfo.java:updateAndGet(143)) - 97184ed6-1d8a-4db2-a901-2f2d7f2102ca: start FollowerState
2019-09-17 09:58:07,701 [grpc-default-executor-9] INFO  impl.RoleInfo (RoleInfo.java:updateAndGet(143)) - 7550e15a-2ff9-4e5e-b05d-d9f072bd52cf: start FollowerState
2019-09-17 09:58:07,701 [Thread-2888] INFO  impl.FollowerState (FollowerState.java:run(115)) - 97184ed6-1d8a-4db2-a901-2f2d7f2102ca: FollowerState was interrupted: java.lang.InterruptedException: sleep interrupted
2019-09-17 09:58:07,702 [Thread-2889] INFO  impl.FollowerState (FollowerState.java:run(115)) - 7550e15a-2ff9-4e5e-b05d-d9f072bd52cf: FollowerState was interrupted: java.lang.InterruptedException: sleep interrupted
2019-09-17 09:58:07,719 [bdd5aae1-c180-43a6-a11a-58912a33bf0b@group-1299374E2815:LeaderElection17] INFO  impl.LeaderElection (LeaderElection.java:logAndReturn(56)) - bdd5aae1-c180-43a6-a11a-58912a33bf0b@group-1299374E2815:LeaderElection17: Election PASSED; received 1 response(s) [bdd5aae1-c180-43a6-a11a-58912a33bf0b<-97184ed6-1d8a-4db2-a901-2f2d7f2102ca#0:OK-t1] and 0 exception(s); bdd5aae1-c180-43a6-a11a-58912a33bf0b@group-1299374E2815:t1, leader=null, voted=bdd5aae1-c180-43a6-a11a-58912a33bf0b, raftlog=bdd5aae1-c180-43a6-a11a-58912a33bf0b@group-1299374E2815-SegmentedRaftLog:OPENED:c-1,f-1,i0, conf=-1: [bdd5aae1-c180-43a6-a11a-58912a33bf0b:192.168.34.37:44158, 97184ed6-1d8a-4db2-a901-2f2d7f2102ca:192.168.34.37:40198, 7550e15a-2ff9-4e5e-b05d-d9f072bd52cf:192.168.34.37:41606], old=null
2019-09-17 09:58:07,719 [bdd5aae1-c180-43a6-a11a-58912a33bf0b@group-1299374E2815:LeaderElection17] INFO  impl.RoleInfo (RoleInfo.java:shutdownLeaderElection(134)) - bdd5aae1-c180-43a6-a11a-58912a33bf0b: shutdown LeaderElection
2019-09-17 09:58:07,721 [bdd5aae1-c180-43a6-a11a-58912a33bf0b@group-1299374E2815:LeaderElection17] INFO  impl.RaftServerImpl (RaftServerImpl.java:setRole(174)) - bdd5aae1-c180-43a6-a11a-58912a33bf0b@group-1299374E2815: changes role from CANDIDATE to LEADER at term 1 for changeToLeader
2019-09-17 09:58:07,722 [bdd5aae1-c180-43a6-a11a-58912a33bf0b@group-1299374E2815:LeaderElection17] INFO  impl.RaftServerImpl (ServerState.java:setLeader(253)) - bdd5aae1-c180-43a6-a11a-58912a33bf0b@group-1299374E2815: change Leader from null to bdd5aae1-c180-43a6-a11a-58912a33bf0b at term 1 for becomeLeader, leader elected after 5065ms
2019-09-17 09:58:07,722 [bdd5aae1-c180-43a6-a11a-58912a33bf0b@group-1299374E2815:LeaderElection17] INFO  server.RaftServerConfigKeys (ConfUtils.java:logGet(43)) - raft.server.staging.catchup.gap = 1000 (default)
2019-09-17 09:58:07,722 [bdd5aae1-c180-43a6-a11a-58912a33bf0b@group-1299374E2815:LeaderElection17] INFO  server.RaftServerConfigKeys (ConfUtils.java:logGet(43)) - raft.server.rpc.sleep.time = 25ms (default)
2019-09-17 09:58:07,722 [bdd5aae1-c180-43a6-a11a-58912a33bf0b@group-1299374E2815:LeaderElection17] INFO  server.RaftServerConfigKeys (ConfUtils.java:logGet(43)) - raft.server.write.element-limit = 4096 (default)
2019-09-17 09:58:07,723 [bdd5aae1-c180-43a6-a11a-58912a33bf0b@group-1299374E2815:LeaderElection17] INFO  server.RaftServerConfigKeys (ConfUtils.java:logGet(43)) - raft.server.watch.timeout = 10s (default)
2019-09-17 09:58:07,723 [bdd5aae1-c180-43a6-a11a-58912a33bf0b@group-1299374E2815:LeaderElection17] INFO  server.RaftServerConfigKeys (ConfUtils.java:logGet(43)) - raft.server.watch.timeout.denomination = 1s (default)
2019-09-17 09:58:07,723 [bdd5aae1-c180-43a6-a11a-58912a33bf0b@group-1299374E2815:LeaderElection17] INFO  server.RaftServerConfigKeys (ConfUtils.java:logGet(43)) - raft.server.watch.element-limit = 65536 (default)
2019-09-17 09:58:07,728 [bdd5aae1-c180-43a6-a11a-58912a33bf0b@group-1299374E2815:LeaderElection17] INFO  server.RaftServerConfigKeys (ConfUtils.java:logGet(43)) - raft.server.log.appender.snapshot.chunk.size.max = 16MB (=16777216) (default)
2019-09-17 09:58:07,729 [bdd5aae1-c180-43a6-a11a-58912a33bf0b@group-1299374E2815:LeaderElection17] INFO  server.RaftServerConfigKeys (ConfUtils.java:logGet(43)) - raft.server.log.appender.buffer.byte-limit = 33554432 (custom)
2019-09-17 09:58:07,729 [bdd5aae1-c180-43a6-a11a-58912a33bf0b@group-1299374E2815:LeaderElection17] INFO  server.RaftServerConfigKeys (ConfUtils.java:logGet(43)) - raft.server.log.appender.buffer.element-limit = 1 (custom)
2019-09-17 09:58:07,729 [bdd5aae1-c180-43a6-a11a-58912a33bf0b@group-1299374E2815:LeaderElection17] INFO  grpc.GrpcConfigKeys$Server (ConfUtils.java:logGet(43)) - raft.grpc.server.leader.outstanding.appends.max = 128 (default)
2019-09-17 09:58:07,729 [bdd5aae1-c180-43a6-a11a-58912a33bf0b@group-1299374E2815:LeaderElection17] INFO  server.RaftServerConfigKeys (ConfUtils.java:logGet(43)) - raft.server.rpc.request.timeout = 3000ms (default)
2019-09-17 09:58:07,730 [bdd5aae1-c180-43a6-a11a-58912a33bf0b@group-1299374E2815:LeaderElection17] INFO  server.RaftServerConfigKeys (ConfUtils.java:logGet(43)) - raft.server.log.appender.install.snapshot.enabled = false (custom)
2019-09-17 09:58:07,730 [bdd5aae1-c180-43a6-a11a-58912a33bf0b@group-1299374E2815:LeaderElection17] INFO  server.RaftServerConfigKeys (ConfUtils.java:logGet(43)) - raft.server.log.appender.snapshot.chunk.size.max = 16MB (=16777216) (default)
2019-09-17 09:58:07,730 [bdd5aae1-c180-43a6-a11a-58912a33bf0b@group-1299374E2815:LeaderElection17] INFO  server.RaftServerConfigKeys (ConfUtils.java:logGet(43)) - raft.server.log.appender.buffer.byte-limit = 33554432 (custom)
2019-09-17 09:58:07,730 [bdd5aae1-c180-43a6-a11a-58912a33bf0b@group-1299374E2815:LeaderElection17] INFO  server.RaftServerConfigKeys (ConfUtils.java:logGet(43)) - raft.server.log.appender.buffer.element-limit = 1 (custom)
2019-09-17 09:58:07,730 [bdd5aae1-c180-43a6-a11a-58912a33bf0b@group-1299374E2815:LeaderElection17] INFO  grpc.GrpcConfigKeys$Server (ConfUtils.java:logGet(43)) - raft.grpc.server.leader.outstanding.appends.max = 128 (default)
2019-09-17 09:58:07,731 [bdd5aae1-c180-43a6-a11a-58912a33bf0b@group-1299374E2815:LeaderElection17] INFO  server.RaftServerConfigKeys (ConfUtils.java:logGet(43)) - raft.server.rpc.request.timeout = 3000ms (default)
2019-09-17 09:58:07,731 [bdd5aae1-c180-43a6-a11a-58912a33bf0b@group-1299374E2815:LeaderElection17] INFO  server.RaftServerConfigKeys (ConfUtils.java:logGet(43)) - raft.server.log.appender.install.snapshot.enabled = false (custom)
2019-09-17 09:58:07,731 [bdd5aae1-c180-43a6-a11a-58912a33bf0b@group-1299374E2815:LeaderElection17] INFO  impl.RoleInfo (RoleInfo.java:updateAndGet(143)) - bdd5aae1-c180-43a6-a11a-58912a33bf0b: start LeaderState
2019-09-17 09:58:07,732 [bdd5aae1-c180-43a6-a11a-58912a33bf0b@group-1299374E2815:LeaderElection17] INFO  segmented.SegmentedRaftLogWorker (SegmentedRaftLogWorker.java:startLogSegment(380)) - bdd5aae1-c180-43a6-a11a-58912a33bf0b@group-1299374E2815-SegmentedRaftLogWorker: Starting segment from index:0
2019-09-17 09:58:07,733 [bdd5aae1-c180-43a6-a11a-58912a33bf0b@group-1299374E2815:LeaderElection17] INFO  impl.RaftServerImpl (ServerState.java:setRaftConf(354)) - bdd5aae1-c180-43a6-a11a-58912a33bf0b@group-1299374E2815: set configuration 0: [bdd5aae1-c180-43a6-a11a-58912a33bf0b:192.168.34.37:44158, 97184ed6-1d8a-4db2-a901-2f2d7f2102ca:192.168.34.37:40198, 7550e15a-2ff9-4e5e-b05d-d9f072bd52cf:192.168.34.37:41606], old=null at 0
2019-09-17 09:58:07,761 [grpc-default-executor-9] INFO  impl.RaftServerImpl (ServerState.java:setLeader(253)) - 97184ed6-1d8a-4db2-a901-2f2d7f2102ca@group-1299374E2815: change Leader from null to bdd5aae1-c180-43a6-a11a-58912a33bf0b at term 1 for appendEntries, leader elected after 5105ms
2019-09-17 09:58:07,763 [grpc-default-executor-10] INFO  impl.RaftServerImpl (ServerState.java:setLeader(253)) - 7550e15a-2ff9-4e5e-b05d-d9f072bd52cf@group-1299374E2815: change Leader from null to bdd5aae1-c180-43a6-a11a-58912a33bf0b at term 1 for appendEntries, leader elected after 5107ms
2019-09-17 09:58:07,765 [grpc-default-executor-10] INFO  impl.RaftServerImpl (ServerState.java:setRaftConf(354)) - 97184ed6-1d8a-4db2-a901-2f2d7f2102ca@group-1299374E2815: set configuration 0: [bdd5aae1-c180-43a6-a11a-58912a33bf0b:192.168.34.37:44158, 97184ed6-1d8a-4db2-a901-2f2d7f2102ca:192.168.34.37:40198, 7550e15a-2ff9-4e5e-b05d-d9f072bd52cf:192.168.34.37:41606], old=null at 0
2019-09-17 09:58:07,765 [grpc-default-executor-9] INFO  impl.RaftServerImpl (ServerState.java:setRaftConf(354)) - 7550e15a-2ff9-4e5e-b05d-d9f072bd52cf@group-1299374E2815: set configuration 0: [bdd5aae1-c180-43a6-a11a-58912a33bf0b:192.168.34.37:44158, 97184ed6-1d8a-4db2-a901-2f2d7f2102ca:192.168.34.37:40198, 7550e15a-2ff9-4e5e-b05d-d9f072bd52cf:192.168.34.37:41606], old=null at 0
2019-09-17 09:58:07,765 [grpc-default-executor-10] INFO  segmented.SegmentedRaftLogWorker (SegmentedRaftLogWorker.java:startLogSegment(380)) - 97184ed6-1d8a-4db2-a901-2f2d7f2102ca@group-1299374E2815-SegmentedRaftLogWorker: Starting segment from index:0
2019-09-17 09:58:07,766 [grpc-default-executor-9] INFO  segmented.SegmentedRaftLogWorker (SegmentedRaftLogWorker.java:startLogSegment(380)) - 7550e15a-2ff9-4e5e-b05d-d9f072bd52cf@group-1299374E2815-SegmentedRaftLogWorker: Starting segment from index:0
2019-09-17 09:58:07,771 [bdd5aae1-c180-43a6-a11a-58912a33bf0b@group-1299374E2815-SegmentedRaftLogWorker] INFO  segmented.SegmentedRaftLogWorker (SegmentedRaftLogWorker.java:execute(569)) - bdd5aae1-c180-43a6-a11a-58912a33bf0b@group-1299374E2815-SegmentedRaftLogWorker: created new log segment /workdir/hadoop-ozone/integration-test/target/test-dir/MiniOzoneClusterImpl-c52a4728-c2c3-43f5-b549-fba1d53ae1f5/datanode-4/data/ratis/50a3e986-ec54-408a-af3b-1299374e2815/current/log_inprogress_0
2019-09-17 09:58:07,809 [7550e15a-2ff9-4e5e-b05d-d9f072bd52cf@group-1299374E2815-SegmentedRaftLogWorker] INFO  segmented.SegmentedRaftLogWorker (SegmentedRaftLogWorker.java:execute(569)) - 7550e15a-2ff9-4e5e-b05d-d9f072bd52cf@group-1299374E2815-SegmentedRaftLogWorker: created new log segment /workdir/hadoop-ozone/integration-test/target/test-dir/MiniOzoneClusterImpl-c52a4728-c2c3-43f5-b549-fba1d53ae1f5/datanode-1/data/ratis/50a3e986-ec54-408a-af3b-1299374e2815/current/log_inprogress_0
2019-09-17 09:58:07,809 [97184ed6-1d8a-4db2-a901-2f2d7f2102ca@group-1299374E2815-SegmentedRaftLogWorker] INFO  segmented.SegmentedRaftLogWorker (SegmentedRaftLogWorker.java:execute(569)) - 97184ed6-1d8a-4db2-a901-2f2d7f2102ca@group-1299374E2815-SegmentedRaftLogWorker: created new log segment /workdir/hadoop-ozone/integration-test/target/test-dir/MiniOzoneClusterImpl-c52a4728-c2c3-43f5-b549-fba1d53ae1f5/datanode-5/data/ratis/50a3e986-ec54-408a-af3b-1299374e2815/current/log_inprogress_0
2019-09-17 09:58:07,812 [7550e15a-2ff9-4e5e-b05d-d9f072bd52cf@group-C8F5A74D1DB9-SegmentedRaftLogWorker] WARN  segmented.SegmentedRaftLogWorker (SegmentedRaftLogWorker.java:getFromFuture(90)) - Timeout 12/~
org.apache.ratis.protocol.TimeoutIOException: Timeout 10s: WriteLog:16: (t:1, i:16), STATEMACHINELOGENTRY, client-6DB5D824AA41, cid=338-writeStateMachineData
	at org.apache.ratis.util.IOUtils.getFromFuture(IOUtils.java:87)
	at org.apache.ratis.server.raftlog.segmented.SegmentedRaftLogWorker$StateMachineDataPolicy.getFromFuture(SegmentedRaftLogWorker.java:87)
	at org.apache.ratis.server.raftlog.segmented.SegmentedRaftLogWorker$WriteLog.execute(SegmentedRaftLogWorker.java:477)
	at org.apache.ratis.server.raftlog.segmented.SegmentedRaftLogWorker.run(SegmentedRaftLogWorker.java:289)
	at java.lang.Thread.run(Thread.java:748)
Caused by: java.util.concurrent.TimeoutException
	at java.util.concurrent.CompletableFuture.timedGet(CompletableFuture.java:1771)
	at java.util.concurrent.CompletableFuture.get(CompletableFuture.java:1915)
	at org.apache.ratis.util.IOUtils.getFromFuture(IOUtils.java:79)
	... 4 more
2019-09-17 09:58:07,833 [bdd5aae1-c180-43a6-a11a-58912a33bf0b@group-C8F5A74D1DB9-SegmentedRaftLogWorker] WARN  segmented.SegmentedRaftLogWorker (SegmentedRaftLogWorker.java:getFromFuture(90)) - Timeout 12/~
org.apache.ratis.protocol.TimeoutIOException: Timeout 10s: WriteLog:16: (t:1, i:16), STATEMACHINELOGENTRY, client-6DB5D824AA41, cid=338-writeStateMachineData
	at org.apache.ratis.util.IOUtils.getFromFuture(IOUtils.java:87)
	at org.apache.ratis.server.raftlog.segmented.SegmentedRaftLogWorker$StateMachineDataPolicy.getFromFuture(SegmentedRaftLogWorker.java:87)
	at org.apache.ratis.server.raftlog.segmented.SegmentedRaftLogWorker$WriteLog.execute(SegmentedRaftLogWorker.java:477)
	at org.apache.ratis.server.raftlog.segmented.SegmentedRaftLogWorker.run(SegmentedRaftLogWorker.java:289)
	at java.lang.Thread.run(Thread.java:748)
Caused by: java.util.concurrent.TimeoutException
	at java.util.concurrent.CompletableFuture.timedGet(CompletableFuture.java:1771)
	at java.util.concurrent.CompletableFuture.get(CompletableFuture.java:1915)
	at org.apache.ratis.util.IOUtils.getFromFuture(IOUtils.java:79)
	... 4 more
2019-09-17 09:58:07,834 [97184ed6-1d8a-4db2-a901-2f2d7f2102ca@group-C8F5A74D1DB9-SegmentedRaftLogWorker] WARN  segmented.SegmentedRaftLogWorker (SegmentedRaftLogWorker.java:getFromFuture(90)) - Timeout 12/~
org.apache.ratis.protocol.TimeoutIOException: Timeout 10s: WriteLog:16: (t:1, i:16), STATEMACHINELOGENTRY, client-6DB5D824AA41, cid=338-writeStateMachineData
	at org.apache.ratis.util.IOUtils.getFromFuture(IOUtils.java:87)
	at org.apache.ratis.server.raftlog.segmented.SegmentedRaftLogWorker$StateMachineDataPolicy.getFromFuture(SegmentedRaftLogWorker.java:87)
	at org.apache.ratis.server.raftlog.segmented.SegmentedRaftLogWorker$WriteLog.execute(SegmentedRaftLogWorker.java:477)
	at org.apache.ratis.server.raftlog.segmented.SegmentedRaftLogWorker.run(SegmentedRaftLogWorker.java:289)
	at java.lang.Thread.run(Thread.java:748)
Caused by: java.util.concurrent.TimeoutException
	at java.util.concurrent.CompletableFuture.timedGet(CompletableFuture.java:1771)
	at java.util.concurrent.CompletableFuture.get(CompletableFuture.java:1915)
	at org.apache.ratis.util.IOUtils.getFromFuture(IOUtils.java:79)
	... 4 more
2019-09-17 09:58:08,102 [EventQueue-PipelineActionsForPipelineActionHandler] ERROR pipeline.PipelineActionHandler (PipelineActionHandler.java:onMessage(60)) - Received pipeline action CLOSE for Pipeline[ Id: e8040a40-da8c-4c75-9a90-c8f5a74d1db9, Nodes: bdd5aae1-c180-43a6-a11a-58912a33bf0b{ip: 192.168.34.37, host: pr-hdds-2110-rdjw6-11158954, networkLocation: /default-rack, certSerialId: null}97184ed6-1d8a-4db2-a901-2f2d7f2102ca{ip: 192.168.34.37, host: pr-hdds-2110-rdjw6-11158954, networkLocation: /default-rack, certSerialId: null}7550e15a-2ff9-4e5e-b05d-d9f072bd52cf{ip: 192.168.34.37, host: pr-hdds-2110-rdjw6-11158954, networkLocation: /default-rack, certSerialId: null}, Type:RATIS, Factor:THREE, State:CLOSED] from datanode 7550e15a-2ff9-4e5e-b05d-d9f072bd52cf{ip: 192.168.34.37, host: pr-hdds-2110-rdjw6-11158954, networkLocation: /default-rack, certSerialId: null}. Reason : 7550e15a-2ff9-4e5e-b05d-d9f072bd52cf has not seen follower/s bdd5aae1-c180-43a6-a11a-58912a33bf0b for 130265ms 97184ed6-1d8a-4db2-a901-2f2d7f2102ca for 130265ms
2019-09-17 09:58:08,102 [EventQueue-PipelineActionsForPipelineActionHandler] INFO  pipeline.SCMPipelineManager (SCMPipelineManager.java:finalizeAndDestroyPipeline(311)) - destroying pipeline:Pipeline[ Id: e8040a40-da8c-4c75-9a90-c8f5a74d1db9, Nodes: bdd5aae1-c180-43a6-a11a-58912a33bf0b{ip: 192.168.34.37, host: pr-hdds-2110-rdjw6-11158954, networkLocation: /default-rack, certSerialId: null}97184ed6-1d8a-4db2-a901-2f2d7f2102ca{ip: 192.168.34.37, host: pr-hdds-2110-rdjw6-11158954, networkLocation: /default-rack, certSerialId: null}7550e15a-2ff9-4e5e-b05d-d9f072bd52cf{ip: 192.168.34.37, host: pr-hdds-2110-rdjw6-11158954, networkLocation: /default-rack, certSerialId: null}, Type:RATIS, Factor:THREE, State:CLOSED]
2019-09-17 09:58:08,103 [java.util.concurrent.ThreadPoolExecutor$Worker@12935038[State = -1, empty queue]] WARN  server.GrpcLogAppender (GrpcLogAppender.java:timeoutAppendRequest(200)) - 7550e15a-2ff9-4e5e-b05d-d9f072bd52cf@group-C8F5A74D1DB9->bdd5aae1-c180-43a6-a11a-58912a33bf0b-GrpcLogAppender: appendEntries Timeout, request=7550e15a-2ff9-4e5e-b05d-d9f072bd52cf->bdd5aae1-c180-43a6-a11a-58912a33bf0b#71-t1, previous=(t:1, i:20), leaderCommit=15, initializing? false, entries: <empty>
2019-09-17 09:58:08,104 [java.util.concurrent.ThreadPoolExecutor$Worker@3e348b54[State = -1, empty queue]] WARN  server.GrpcLogAppender (GrpcLogAppender.java:timeoutAppendRequest(200)) - 7550e15a-2ff9-4e5e-b05d-d9f072bd52cf@group-C8F5A74D1DB9->97184ed6-1d8a-4db2-a901-2f2d7f2102ca-GrpcLogAppender: appendEntries Timeout, request=7550e15a-2ff9-4e5e-b05d-d9f072bd52cf->97184ed6-1d8a-4db2-a901-2f2d7f2102ca#71-t1, previous=(t:1, i:20), leaderCommit=15, initializing? false, entries: <empty>
2019-09-17 09:58:09,494 [grpc-default-executor-10] INFO  client.GrpcClientProtocolClient (GrpcClientProtocolClient.java:onNext(264)) - client-6DB5D824AA41->bdd5aae1-c180-43a6-a11a-58912a33bf0b: receive RaftClientReply:client-6DB5D824AA41->bdd5aae1-c180-43a6-a11a-58912a33bf0b@group-C8F5A74D1DB9, cid=338, FAILED org.apache.ratis.protocol.NotLeaderException: Server bdd5aae1-c180-43a6-a11a-58912a33bf0b@group-C8F5A74D1DB9 is not the leader 7550e15a-2ff9-4e5e-b05d-d9f072bd52cf:192.168.34.37:41606, logIndex=0, commits[bdd5aae1-c180-43a6-a11a-58912a33bf0b:c15, 97184ed6-1d8a-4db2-a901-2f2d7f2102ca:c12, 7550e15a-2ff9-4e5e-b05d-d9f072bd52cf:c15]
2019-09-17 09:58:10,105 [org.apache.ratis.server.impl.LogAppender$AppenderDaemon$$Lambda$490/1425097048@344a415e] ERROR ratis.XceiverServerRatis (XceiverServerRatis.java:triggerPipelineClose(568)) - pipeline Action CLOSE  on pipeline PipelineID=e8040a40-da8c-4c75-9a90-c8f5a74d1db9.Reason : 7550e15a-2ff9-4e5e-b05d-d9f072bd52cf has not seen follower/s bdd5aae1-c180-43a6-a11a-58912a33bf0b for 132765ms 97184ed6-1d8a-4db2-a901-2f2d7f2102ca for 132765ms
2019-09-17 09:58:10,106 [org.apache.ratis.server.impl.LogAppender$AppenderDaemon$$Lambda$490/1425097048@4ad71606] ERROR ratis.XceiverServerRatis (XceiverServerRatis.java:triggerPipelineClose(568)) - pipeline Action CLOSE  on pipeline PipelineID=e8040a40-da8c-4c75-9a90-c8f5a74d1db9.Reason : 7550e15a-2ff9-4e5e-b05d-d9f072bd52cf has not seen follower/s bdd5aae1-c180-43a6-a11a-58912a33bf0b for 132766ms 97184ed6-1d8a-4db2-a901-2f2d7f2102ca for 132765ms
2019-09-17 09:58:10,605 [java.util.concurrent.ThreadPoolExecutor$Worker@12935038[State = -1, empty queue]] WARN  server.GrpcLogAppender (GrpcLogAppender.java:timeoutAppendRequest(200)) - 7550e15a-2ff9-4e5e-b05d-d9f072bd52cf@group-C8F5A74D1DB9->bdd5aae1-c180-43a6-a11a-58912a33bf0b-GrpcLogAppender: appendEntries Timeout, request=7550e15a-2ff9-4e5e-b05d-d9f072bd52cf->bdd5aae1-c180-43a6-a11a-58912a33bf0b#72-t1, previous=(t:1, i:20), leaderCommit=15, initializing? false, entries: <empty>
2019-09-17 09:58:10,605 [java.util.concurrent.ThreadPoolExecutor$Worker@3e348b54[State = -1, empty queue]] WARN  server.GrpcLogAppender (GrpcLogAppender.java:timeoutAppendRequest(200)) - 7550e15a-2ff9-4e5e-b05d-d9f072bd52cf@group-C8F5A74D1DB9->97184ed6-1d8a-4db2-a901-2f2d7f2102ca-GrpcLogAppender: appendEntries Timeout, request=7550e15a-2ff9-4e5e-b05d-d9f072bd52cf->97184ed6-1d8a-4db2-a901-2f2d7f2102ca#72-t1, previous=(t:1, i:20), leaderCommit=15, initializing? false, entries: <empty>
2019-09-17 09:58:11,102 [EventQueue-PipelineActionsForPipelineActionHandler] ERROR pipeline.PipelineActionHandler (PipelineActionHandler.java:onMessage(60)) - Received pipeline action CLOSE for Pipeline[ Id: e8040a40-da8c-4c75-9a90-c8f5a74d1db9, Nodes: bdd5aae1-c180-43a6-a11a-58912a33bf0b{ip: 192.168.34.37, host: pr-hdds-2110-rdjw6-11158954, networkLocation: /default-rack, certSerialId: null}97184ed6-1d8a-4db2-a901-2f2d7f2102ca{ip: 192.168.34.37, host: pr-hdds-2110-rdjw6-11158954, networkLocation: /default-rack, certSerialId: null}7550e15a-2ff9-4e5e-b05d-d9f072bd52cf{ip: 192.168.34.37, host: pr-hdds-2110-rdjw6-11158954, networkLocation: /default-rack, certSerialId: null}, Type:RATIS, Factor:THREE, State:CLOSED] from datanode 7550e15a-2ff9-4e5e-b05d-d9f072bd52cf{ip: 192.168.34.37, host: pr-hdds-2110-rdjw6-11158954, networkLocation: /default-rack, certSerialId: null}. Reason : 7550e15a-2ff9-4e5e-b05d-d9f072bd52cf has not seen follower/s bdd5aae1-c180-43a6-a11a-58912a33bf0b for 132765ms 97184ed6-1d8a-4db2-a901-2f2d7f2102ca for 132765ms
2019-09-17 09:58:11,102 [EventQueue-PipelineActionsForPipelineActionHandler] INFO  pipeline.SCMPipelineManager (SCMPipelineManager.java:finalizeAndDestroyPipeline(311)) - destroying pipeline:Pipeline[ Id: e8040a40-da8c-4c75-9a90-c8f5a74d1db9, Nodes: bdd5aae1-c180-43a6-a11a-58912a33bf0b{ip: 192.168.34.37, host: pr-hdds-2110-rdjw6-11158954, networkLocation: /default-rack, certSerialId: null}97184ed6-1d8a-4db2-a901-2f2d7f2102ca{ip: 192.168.34.37, host: pr-hdds-2110-rdjw6-11158954, networkLocation: /default-rack, certSerialId: null}7550e15a-2ff9-4e5e-b05d-d9f072bd52cf{ip: 192.168.34.37, host: pr-hdds-2110-rdjw6-11158954, networkLocation: /default-rack, certSerialId: null}, Type:RATIS, Factor:THREE, State:CLOSED]
2019-09-17 09:58:12,606 [org.apache.ratis.server.impl.LogAppender$AppenderDaemon$$Lambda$490/1425097048@344a415e] ERROR ratis.XceiverServerRatis (XceiverServerRatis.java:triggerPipelineClose(568)) - pipeline Action CLOSE  on pipeline PipelineID=e8040a40-da8c-4c75-9a90-c8f5a74d1db9.Reason : 7550e15a-2ff9-4e5e-b05d-d9f072bd52cf has not seen follower/s bdd5aae1-c180-43a6-a11a-58912a33bf0b for 135265ms 97184ed6-1d8a-4db2-a901-2f2d7f2102ca for 135265ms
2019-09-17 09:58:12,607 [org.apache.ratis.server.impl.LogAppender$AppenderDaemon$$Lambda$490/1425097048@4ad71606] ERROR ratis.XceiverServerRatis (XceiverServerRatis.java:triggerPipelineClose(568)) - pipeline Action CLOSE  on pipeline PipelineID=e8040a40-da8c-4c75-9a90-c8f5a74d1db9.Reason : 7550e15a-2ff9-4e5e-b05d-d9f072bd52cf has not seen follower/s bdd5aae1-c180-43a6-a11a-58912a33bf0b for 135266ms 97184ed6-1d8a-4db2-a901-2f2d7f2102ca for 135266ms
2019-09-17 09:58:13,102 [EventQueue-PipelineActionsForPipelineActionHandler] ERROR pipeline.PipelineActionHandler (PipelineActionHandler.java:onMessage(60)) - Received pipeline action CLOSE for Pipeline[ Id: e8040a40-da8c-4c75-9a90-c8f5a74d1db9, Nodes: bdd5aae1-c180-43a6-a11a-58912a33bf0b{ip: 192.168.34.37, host: pr-hdds-2110-rdjw6-11158954, networkLocation: /default-rack, certSerialId: null}97184ed6-1d8a-4db2-a901-2f2d7f2102ca{ip: 192.168.34.37, host: pr-hdds-2110-rdjw6-11158954, networkLocation: /default-rack, certSerialId: null}7550e15a-2ff9-4e5e-b05d-d9f072bd52cf{ip: 192.168.34.37, host: pr-hdds-2110-rdjw6-11158954, networkLocation: /default-rack, certSerialId: null}, Type:RATIS, Factor:THREE, State:CLOSED] from datanode 7550e15a-2ff9-4e5e-b05d-d9f072bd52cf{ip: 192.168.34.37, host: pr-hdds-2110-rdjw6-11158954, networkLocation: /default-rack, certSerialId: null}. Reason : 7550e15a-2ff9-4e5e-b05d-d9f072bd52cf has not seen follower/s bdd5aae1-c180-43a6-a11a-58912a33bf0b for 135265ms 97184ed6-1d8a-4db2-a901-2f2d7f2102ca for 135265ms
2019-09-17 09:58:13,102 [EventQueue-PipelineActionsForPipelineActionHandler] INFO  pipeline.SCMPipelineManager (SCMPipelineManager.java:finalizeAndDestroyPipeline(311)) - destroying pipeline:Pipeline[ Id: e8040a40-da8c-4c75-9a90-c8f5a74d1db9, Nodes: bdd5aae1-c180-43a6-a11a-58912a33bf0b{ip: 192.168.34.37, host: pr-hdds-2110-rdjw6-11158954, networkLocation: /default-rack, certSerialId: null}97184ed6-1d8a-4db2-a901-2f2d7f2102ca{ip: 192.168.34.37, host: pr-hdds-2110-rdjw6-11158954, networkLocation: /default-rack, certSerialId: null}7550e15a-2ff9-4e5e-b05d-d9f072bd52cf{ip: 192.168.34.37, host: pr-hdds-2110-rdjw6-11158954, networkLocation: /default-rack, certSerialId: null}, Type:RATIS, Factor:THREE, State:CLOSED]
2019-09-17 09:58:13,105 [java.util.concurrent.ThreadPoolExecutor$Worker@12935038[State = -1, empty queue]] WARN  server.GrpcLogAppender (GrpcLogAppender.java:timeoutAppendRequest(200)) - 7550e15a-2ff9-4e5e-b05d-d9f072bd52cf@group-C8F5A74D1DB9->bdd5aae1-c180-43a6-a11a-58912a33bf0b-GrpcLogAppender: appendEntries Timeout, request=7550e15a-2ff9-4e5e-b05d-d9f072bd52cf->bdd5aae1-c180-43a6-a11a-58912a33bf0b#73-t1, previous=(t:1, i:20), leaderCommit=15, initializing? false, entries: <empty>
2019-09-17 09:58:13,106 [java.util.concurrent.ThreadPoolExecutor$Worker@3e348b54[State = -1, empty queue]] WARN  server.GrpcLogAppender (GrpcLogAppender.java:timeoutAppendRequest(200)) - 7550e15a-2ff9-4e5e-b05d-d9f072bd52cf@group-C8F5A74D1DB9->97184ed6-1d8a-4db2-a901-2f2d7f2102ca-GrpcLogAppender: appendEntries Timeout, request=7550e15a-2ff9-4e5e-b05d-d9f072bd52cf->97184ed6-1d8a-4db2-a901-2f2d7f2102ca#73-t1, previous=(t:1, i:20), leaderCommit=15, initializing? false, entries: <empty>
2019-09-17 09:58:14,538 [grpc-default-executor-10] INFO  client.GrpcClientProtocolClient (GrpcClientProtocolClient.java:onNext(264)) - client-6DB5D824AA41->97184ed6-1d8a-4db2-a901-2f2d7f2102ca: receive RaftClientReply:client-6DB5D824AA41->97184ed6-1d8a-4db2-a901-2f2d7f2102ca@group-C8F5A74D1DB9, cid=338, FAILED org.apache.ratis.protocol.NotLeaderException: Server 97184ed6-1d8a-4db2-a901-2f2d7f2102ca@group-C8F5A74D1DB9 is not the leader 7550e15a-2ff9-4e5e-b05d-d9f072bd52cf:192.168.34.37:41606, logIndex=0, commits[97184ed6-1d8a-4db2-a901-2f2d7f2102ca:c15, bdd5aae1-c180-43a6-a11a-58912a33bf0b:c12, 7550e15a-2ff9-4e5e-b05d-d9f072bd52cf:c15]
2019-09-17 09:58:15,107 [org.apache.ratis.server.impl.LogAppender$AppenderDaemon$$Lambda$490/1425097048@344a415e] ERROR ratis.XceiverServerRatis (XceiverServerRatis.java:triggerPipelineClose(568)) - pipeline Action CLOSE  on pipeline PipelineID=e8040a40-da8c-4c75-9a90-c8f5a74d1db9.Reason : 7550e15a-2ff9-4e5e-b05d-d9f072bd52cf has not seen follower/s bdd5aae1-c180-43a6-a11a-58912a33bf0b for 137766ms 97184ed6-1d8a-4db2-a901-2f2d7f2102ca for 137766ms
2019-09-17 09:58:15,107 [org.apache.ratis.server.impl.LogAppender$AppenderDaemon$$Lambda$490/1425097048@4ad71606] ERROR ratis.XceiverServerRatis (XceiverServerRatis.java:triggerPipelineClose(568)) - pipeline Action CLOSE  on pipeline PipelineID=e8040a40-da8c-4c75-9a90-c8f5a74d1db9.Reason : 7550e15a-2ff9-4e5e-b05d-d9f072bd52cf has not seen follower/s bdd5aae1-c180-43a6-a11a-58912a33bf0b for 137767ms 97184ed6-1d8a-4db2-a901-2f2d7f2102ca for 137766ms
2019-09-17 09:58:15,606 [java.util.concurrent.ThreadPoolExecutor$Worker@12935038[State = -1, empty queue]] WARN  server.GrpcLogAppender (GrpcLogAppender.java:timeoutAppendRequest(200)) - 7550e15a-2ff9-4e5e-b05d-d9f072bd52cf@group-C8F5A74D1DB9->bdd5aae1-c180-43a6-a11a-58912a33bf0b-GrpcLogAppender: appendEntries Timeout, request=7550e15a-2ff9-4e5e-b05d-d9f072bd52cf->bdd5aae1-c180-43a6-a11a-58912a33bf0b#74-t1, previous=(t:1, i:20), leaderCommit=15, initializing? false, entries: <empty>
2019-09-17 09:58:15,607 [java.util.concurrent.ThreadPoolExecutor$Worker@3e348b54[State = -1, empty queue]] WARN  server.GrpcLogAppender (GrpcLogAppender.java:timeoutAppendRequest(200)) - 7550e15a-2ff9-4e5e-b05d-d9f072bd52cf@group-C8F5A74D1DB9->97184ed6-1d8a-4db2-a901-2f2d7f2102ca-GrpcLogAppender: appendEntries Timeout, request=7550e15a-2ff9-4e5e-b05d-d9f072bd52cf->97184ed6-1d8a-4db2-a901-2f2d7f2102ca#74-t1, previous=(t:1, i:20), leaderCommit=15, initializing? false, entries: <empty>
2019-09-17 09:58:16,102 [EventQueue-PipelineActionsForPipelineActionHandler] ERROR pipeline.PipelineActionHandler (PipelineActionHandler.java:onMessage(60)) - Received pipeline action CLOSE for Pipeline[ Id: e8040a40-da8c-4c75-9a90-c8f5a74d1db9, Nodes: bdd5aae1-c180-43a6-a11a-58912a33bf0b{ip: 192.168.34.37, host: pr-hdds-2110-rdjw6-11158954, networkLocation: /default-rack, certSerialId: null}97184ed6-1d8a-4db2-a901-2f2d7f2102ca{ip: 192.168.34.37, host: pr-hdds-2110-rdjw6-11158954, networkLocation: /default-rack, certSerialId: null}7550e15a-2ff9-4e5e-b05d-d9f072bd52cf{ip: 192.168.34.37, host: pr-hdds-2110-rdjw6-11158954, networkLocation: /default-rack, certSerialId: null}, Type:RATIS, Factor:THREE, State:CLOSED] from datanode 7550e15a-2ff9-4e5e-b05d-d9f072bd52cf{ip: 192.168.34.37, host: pr-hdds-2110-rdjw6-11158954, networkLocation: /default-rack, certSerialId: null}. Reason : 7550e15a-2ff9-4e5e-b05d-d9f072bd52cf has not seen follower/s bdd5aae1-c180-43a6-a11a-58912a33bf0b for 137766ms 97184ed6-1d8a-4db2-a901-2f2d7f2102ca for 137766ms
2019-09-17 09:58:16,102 [EventQueue-PipelineActionsForPipelineActionHandler] INFO  pipeline.SCMPipelineManager (SCMPipelineManager.java:finalizeAndDestroyPipeline(311)) - destroying pipeline:Pipeline[ Id: e8040a40-da8c-4c75-9a90-c8f5a74d1db9, Nodes: bdd5aae1-c180-43a6-a11a-58912a33bf0b{ip: 192.168.34.37, host: pr-hdds-2110-rdjw6-11158954, networkLocation: /default-rack, certSerialId: null}97184ed6-1d8a-4db2-a901-2f2d7f2102ca{ip: 192.168.34.37, host: pr-hdds-2110-rdjw6-11158954, networkLocation: /default-rack, certSerialId: null}7550e15a-2ff9-4e5e-b05d-d9f072bd52cf{ip: 192.168.34.37, host: pr-hdds-2110-rdjw6-11158954, networkLocation: /default-rack, certSerialId: null}, Type:RATIS, Factor:THREE, State:CLOSED]
2019-09-17 09:58:17,609 [org.apache.ratis.server.impl.LogAppender$AppenderDaemon$$Lambda$490/1425097048@4ad71606] ERROR ratis.XceiverServerRatis (XceiverServerRatis.java:triggerPipelineClose(568)) - pipeline Action CLOSE  on pipeline PipelineID=e8040a40-da8c-4c75-9a90-c8f5a74d1db9.Reason : 7550e15a-2ff9-4e5e-b05d-d9f072bd52cf has not seen follower/s bdd5aae1-c180-43a6-a11a-58912a33bf0b for 140268ms 97184ed6-1d8a-4db2-a901-2f2d7f2102ca for 140268ms
2019-09-17 09:58:17,609 [org.apache.ratis.server.impl.LogAppender$AppenderDaemon$$Lambda$490/1425097048@344a415e] ERROR ratis.XceiverServerRatis (XceiverServerRatis.java:triggerPipelineClose(568)) - pipeline Action CLOSE  on pipeline PipelineID=e8040a40-da8c-4c75-9a90-c8f5a74d1db9.Reason : 7550e15a-2ff9-4e5e-b05d-d9f072bd52cf has not seen follower/s bdd5aae1-c180-43a6-a11a-58912a33bf0b for 140268ms 97184ed6-1d8a-4db2-a901-2f2d7f2102ca for 140268ms
2019-09-17 09:58:17,814 [7550e15a-2ff9-4e5e-b05d-d9f072bd52cf@group-C8F5A74D1DB9-SegmentedRaftLogWorker] WARN  segmented.SegmentedRaftLogWorker (SegmentedRaftLogWorker.java:getFromFuture(90)) - Timeout 13/~
org.apache.ratis.protocol.TimeoutIOException: Timeout 10s: WriteLog:16: (t:1, i:16), STATEMACHINELOGENTRY, client-6DB5D824AA41, cid=338-writeStateMachineData
	at org.apache.ratis.util.IOUtils.getFromFuture(IOUtils.java:87)
	at org.apache.ratis.server.raftlog.segmented.SegmentedRaftLogWorker$StateMachineDataPolicy.getFromFuture(SegmentedRaftLogWorker.java:87)
	at org.apache.ratis.server.raftlog.segmented.SegmentedRaftLogWorker$WriteLog.execute(SegmentedRaftLogWorker.java:477)
	at org.apache.ratis.server.raftlog.segmented.SegmentedRaftLogWorker.run(SegmentedRaftLogWorker.java:289)
	at java.lang.Thread.run(Thread.java:748)
Caused by: java.util.concurrent.TimeoutException
	at java.util.concurrent.CompletableFuture.timedGet(CompletableFuture.java:1771)
	at java.util.concurrent.CompletableFuture.get(CompletableFuture.java:1915)
	at org.apache.ratis.util.IOUtils.getFromFuture(IOUtils.java:79)
	... 4 more
2019-09-17 09:58:17,834 [bdd5aae1-c180-43a6-a11a-58912a33bf0b@group-C8F5A74D1DB9-SegmentedRaftLogWorker] WARN  segmented.SegmentedRaftLogWorker (SegmentedRaftLogWorker.java:getFromFuture(90)) - Timeout 13/~
org.apache.ratis.protocol.TimeoutIOException: Timeout 10s: WriteLog:16: (t:1, i:16), STATEMACHINELOGENTRY, client-6DB5D824AA41, cid=338-writeStateMachineData
	at org.apache.ratis.util.IOUtils.getFromFuture(IOUtils.java:87)
	at org.apache.ratis.server.raftlog.segmented.SegmentedRaftLogWorker$StateMachineDataPolicy.getFromFuture(SegmentedRaftLogWorker.java:87)
	at org.apache.ratis.server.raftlog.segmented.SegmentedRaftLogWorker$WriteLog.execute(SegmentedRaftLogWorker.java:477)
	at org.apache.ratis.server.raftlog.segmented.SegmentedRaftLogWorker.run(SegmentedRaftLogWorker.java:289)
	at java.lang.Thread.run(Thread.java:748)
Caused by: java.util.concurrent.TimeoutException
	at java.util.concurrent.CompletableFuture.timedGet(CompletableFuture.java:1771)
	at java.util.concurrent.CompletableFuture.get(CompletableFuture.java:1915)
	at org.apache.ratis.util.IOUtils.getFromFuture(IOUtils.java:79)
	... 4 more
2019-09-17 09:58:17,835 [97184ed6-1d8a-4db2-a901-2f2d7f2102ca@group-C8F5A74D1DB9-SegmentedRaftLogWorker] WARN  segmented.SegmentedRaftLogWorker (SegmentedRaftLogWorker.java:getFromFuture(90)) - Timeout 13/~
org.apache.ratis.protocol.TimeoutIOException: Timeout 10s: WriteLog:16: (t:1, i:16), STATEMACHINELOGENTRY, client-6DB5D824AA41, cid=338-writeStateMachineData
	at org.apache.ratis.util.IOUtils.getFromFuture(IOUtils.java:87)
	at org.apache.ratis.server.raftlog.segmented.SegmentedRaftLogWorker$StateMachineDataPolicy.getFromFuture(SegmentedRaftLogWorker.java:87)
	at org.apache.ratis.server.raftlog.segmented.SegmentedRaftLogWorker$WriteLog.execute(SegmentedRaftLogWorker.java:477)
	at org.apache.ratis.server.raftlog.segmented.SegmentedRaftLogWorker.run(SegmentedRaftLogWorker.java:289)
	at java.lang.Thread.run(Thread.java:748)
Caused by: java.util.concurrent.TimeoutException
	at java.util.concurrent.CompletableFuture.timedGet(CompletableFuture.java:1771)
	at java.util.concurrent.CompletableFuture.get(CompletableFuture.java:1915)
	at org.apache.ratis.util.IOUtils.getFromFuture(IOUtils.java:79)
	... 4 more
2019-09-17 09:58:18,102 [EventQueue-PipelineActionsForPipelineActionHandler] ERROR pipeline.PipelineActionHandler (PipelineActionHandler.java:onMessage(60)) - Received pipeline action CLOSE for Pipeline[ Id: e8040a40-da8c-4c75-9a90-c8f5a74d1db9, Nodes: bdd5aae1-c180-43a6-a11a-58912a33bf0b{ip: 192.168.34.37, host: pr-hdds-2110-rdjw6-11158954, networkLocation: /default-rack, certSerialId: null}97184ed6-1d8a-4db2-a901-2f2d7f2102ca{ip: 192.168.34.37, host: pr-hdds-2110-rdjw6-11158954, networkLocation: /default-rack, certSerialId: null}7550e15a-2ff9-4e5e-b05d-d9f072bd52cf{ip: 192.168.34.37, host: pr-hdds-2110-rdjw6-11158954, networkLocation: /default-rack, certSerialId: null}, Type:RATIS, Factor:THREE, State:CLOSED] from datanode 7550e15a-2ff9-4e5e-b05d-d9f072bd52cf{ip: 192.168.34.37, host: pr-hdds-2110-rdjw6-11158954, networkLocation: /default-rack, certSerialId: null}. Reason : 7550e15a-2ff9-4e5e-b05d-d9f072bd52cf has not seen follower/s bdd5aae1-c180-43a6-a11a-58912a33bf0b for 140268ms 97184ed6-1d8a-4db2-a901-2f2d7f2102ca for 140268ms
2019-09-17 09:58:18,102 [EventQueue-PipelineActionsForPipelineActionHandler] INFO  pipeline.SCMPipelineManager (SCMPipelineManager.java:finalizeAndDestroyPipeline(311)) - destroying pipeline:Pipeline[ Id: e8040a40-da8c-4c75-9a90-c8f5a74d1db9, Nodes: bdd5aae1-c180-43a6-a11a-58912a33bf0b{ip: 192.168.34.37, host: pr-hdds-2110-rdjw6-11158954, networkLocation: /default-rack, certSerialId: null}97184ed6-1d8a-4db2-a901-2f2d7f2102ca{ip: 192.168.34.37, host: pr-hdds-2110-rdjw6-11158954, networkLocation: /default-rack, certSerialId: null}7550e15a-2ff9-4e5e-b05d-d9f072bd52cf{ip: 192.168.34.37, host: pr-hdds-2110-rdjw6-11158954, networkLocation: /default-rack, certSerialId: null}, Type:RATIS, Factor:THREE, State:CLOSED]
2019-09-17 09:58:18,107 [java.util.concurrent.ThreadPoolExecutor$Worker@12935038[State = -1, empty queue]] WARN  server.GrpcLogAppender (GrpcLogAppender.java:timeoutAppendRequest(200)) - 7550e15a-2ff9-4e5e-b05d-d9f072bd52cf@group-C8F5A74D1DB9->bdd5aae1-c180-43a6-a11a-58912a33bf0b-GrpcLogAppender: appendEntries Timeout, request=7550e15a-2ff9-4e5e-b05d-d9f072bd52cf->bdd5aae1-c180-43a6-a11a-58912a33bf0b#75-t1, previous=(t:1, i:20), leaderCommit=15, initializing? false, entries: <empty>
2019-09-17 09:58:18,107 [java.util.concurrent.ThreadPoolExecutor$Worker@3e348b54[State = -1, empty queue]] WARN  server.GrpcLogAppender (GrpcLogAppender.java:timeoutAppendRequest(200)) - 7550e15a-2ff9-4e5e-b05d-d9f072bd52cf@group-C8F5A74D1DB9->97184ed6-1d8a-4db2-a901-2f2d7f2102ca-GrpcLogAppender: appendEntries Timeout, request=7550e15a-2ff9-4e5e-b05d-d9f072bd52cf->97184ed6-1d8a-4db2-a901-2f2d7f2102ca#75-t1, previous=(t:1, i:20), leaderCommit=15, initializing? false, entries: <empty>
2019-09-17 09:58:19,620 [grpc-default-executor-10] INFO  client.GrpcClientProtocolClient (GrpcClientProtocolClient.java:onNext(264)) - client-6DB5D824AA41->97184ed6-1d8a-4db2-a901-2f2d7f2102ca: receive RaftClientReply:client-6DB5D824AA41->97184ed6-1d8a-4db2-a901-2f2d7f2102ca@group-C8F5A74D1DB9, cid=338, FAILED org.apache.ratis.protocol.NotLeaderException: Server 97184ed6-1d8a-4db2-a901-2f2d7f2102ca@group-C8F5A74D1DB9 is not the leader 7550e15a-2ff9-4e5e-b05d-d9f072bd52cf:192.168.34.37:41606, logIndex=0, commits[97184ed6-1d8a-4db2-a901-2f2d7f2102ca:c15, bdd5aae1-c180-43a6-a11a-58912a33bf0b:c12, 7550e15a-2ff9-4e5e-b05d-d9f072bd52cf:c15]
2019-09-17 09:58:20,109 [org.apache.ratis.server.impl.LogAppender$AppenderDaemon$$Lambda$490/1425097048@4ad71606] ERROR ratis.XceiverServerRatis (XceiverServerRatis.java:triggerPipelineClose(568)) - pipeline Action CLOSE  on pipeline PipelineID=e8040a40-da8c-4c75-9a90-c8f5a74d1db9.Reason : 7550e15a-2ff9-4e5e-b05d-d9f072bd52cf has not seen follower/s bdd5aae1-c180-43a6-a11a-58912a33bf0b for 142769ms 97184ed6-1d8a-4db2-a901-2f2d7f2102ca for 142768ms
2019-09-17 09:58:20,109 [org.apache.ratis.server.impl.LogAppender$AppenderDaemon$$Lambda$490/1425097048@344a415e] ERROR ratis.XceiverServerRatis (XceiverServerRatis.java:triggerPipelineClose(568)) - pipeline Action CLOSE  on pipeline PipelineID=e8040a40-da8c-4c75-9a90-c8f5a74d1db9.Reason : 7550e15a-2ff9-4e5e-b05d-d9f072bd52cf has not seen follower/s bdd5aae1-c180-43a6-a11a-58912a33bf0b for 142769ms 97184ed6-1d8a-4db2-a901-2f2d7f2102ca for 142768ms
2019-09-17 09:58:20,608 [java.util.concurrent.ThreadPoolExecutor$Worker@12935038[State = -1, empty queue]] WARN  server.GrpcLogAppender (GrpcLogAppender.java:timeoutAppendRequest(200)) - 7550e15a-2ff9-4e5e-b05d-d9f072bd52cf@group-C8F5A74D1DB9->bdd5aae1-c180-43a6-a11a-58912a33bf0b-GrpcLogAppender: appendEntries Timeout, request=7550e15a-2ff9-4e5e-b05d-d9f072bd52cf->bdd5aae1-c180-43a6-a11a-58912a33bf0b#76-t1, previous=(t:1, i:20), leaderCommit=15, initializing? false, entries: <empty>
2019-09-17 09:58:20,608 [java.util.concurrent.ThreadPoolExecutor$Worker@3e348b54[State = -1, empty queue]] WARN  server.GrpcLogAppender (GrpcLogAppender.java:timeoutAppendRequest(200)) - 7550e15a-2ff9-4e5e-b05d-d9f072bd52cf@group-C8F5A74D1DB9->97184ed6-1d8a-4db2-a901-2f2d7f2102ca-GrpcLogAppender: appendEntries Timeout, request=7550e15a-2ff9-4e5e-b05d-d9f072bd52cf->97184ed6-1d8a-4db2-a901-2f2d7f2102ca#76-t1, previous=(t:1, i:20), leaderCommit=15, initializing? false, entries: <empty>
2019-09-17 09:58:21,102 [EventQueue-PipelineActionsForPipelineActionHandler] ERROR pipeline.PipelineActionHandler (PipelineActionHandler.java:onMessage(60)) - Received pipeline action CLOSE for Pipeline[ Id: e8040a40-da8c-4c75-9a90-c8f5a74d1db9, Nodes: bdd5aae1-c180-43a6-a11a-58912a33bf0b{ip: 192.168.34.37, host: pr-hdds-2110-rdjw6-11158954, networkLocation: /default-rack, certSerialId: null}97184ed6-1d8a-4db2-a901-2f2d7f2102ca{ip: 192.168.34.37, host: pr-hdds-2110-rdjw6-11158954, networkLocation: /default-rack, certSerialId: null}7550e15a-2ff9-4e5e-b05d-d9f072bd52cf{ip: 192.168.34.37, host: pr-hdds-2110-rdjw6-11158954, networkLocation: /default-rack, certSerialId: null}, Type:RATIS, Factor:THREE, State:CLOSED] from datanode 7550e15a-2ff9-4e5e-b05d-d9f072bd52cf{ip: 192.168.34.37, host: pr-hdds-2110-rdjw6-11158954, networkLocation: /default-rack, certSerialId: null}. Reason : 7550e15a-2ff9-4e5e-b05d-d9f072bd52cf has not seen follower/s bdd5aae1-c180-43a6-a11a-58912a33bf0b for 142769ms 97184ed6-1d8a-4db2-a901-2f2d7f2102ca for 142768ms
2019-09-17 09:58:21,103 [EventQueue-PipelineActionsForPipelineActionHandler] INFO  pipeline.SCMPipelineManager (SCMPipelineManager.java:finalizeAndDestroyPipeline(311)) - destroying pipeline:Pipeline[ Id: e8040a40-da8c-4c75-9a90-c8f5a74d1db9, Nodes: bdd5aae1-c180-43a6-a11a-58912a33bf0b{ip: 192.168.34.37, host: pr-hdds-2110-rdjw6-11158954, networkLocation: /default-rack, certSerialId: null}97184ed6-1d8a-4db2-a901-2f2d7f2102ca{ip: 192.168.34.37, host: pr-hdds-2110-rdjw6-11158954, networkLocation: /default-rack, certSerialId: null}7550e15a-2ff9-4e5e-b05d-d9f072bd52cf{ip: 192.168.34.37, host: pr-hdds-2110-rdjw6-11158954, networkLocation: /default-rack, certSerialId: null}, Type:RATIS, Factor:THREE, State:CLOSED]
2019-09-17 09:58:22,611 [org.apache.ratis.server.impl.LogAppender$AppenderDaemon$$Lambda$490/1425097048@4ad71606] ERROR ratis.XceiverServerRatis (XceiverServerRatis.java:triggerPipelineClose(568)) - pipeline Action CLOSE  on pipeline PipelineID=e8040a40-da8c-4c75-9a90-c8f5a74d1db9.Reason : 7550e15a-2ff9-4e5e-b05d-d9f072bd52cf has not seen follower/s bdd5aae1-c180-43a6-a11a-58912a33bf0b for 145270ms 97184ed6-1d8a-4db2-a901-2f2d7f2102ca for 145270ms
2019-09-17 09:58:22,611 [org.apache.ratis.server.impl.LogAppender$AppenderDaemon$$Lambda$490/1425097048@344a415e] ERROR ratis.XceiverServerRatis (XceiverServerRatis.java:triggerPipelineClose(568)) - pipeline Action CLOSE  on pipeline PipelineID=e8040a40-da8c-4c75-9a90-c8f5a74d1db9.Reason : 7550e15a-2ff9-4e5e-b05d-d9f072bd52cf has not seen follower/s bdd5aae1-c180-43a6-a11a-58912a33bf0b for 145270ms 97184ed6-1d8a-4db2-a901-2f2d7f2102ca for 145270ms
2019-09-17 09:58:23,103 [EventQueue-PipelineActionsForPipelineActionHandler] ERROR pipeline.PipelineActionHandler (PipelineActionHandler.java:onMessage(60)) - Received pipeline action CLOSE for Pipeline[ Id: e8040a40-da8c-4c75-9a90-c8f5a74d1db9, Nodes: bdd5aae1-c180-43a6-a11a-58912a33bf0b{ip: 192.168.34.37, host: pr-hdds-2110-rdjw6-11158954, networkLocation: /default-rack, certSerialId: null}97184ed6-1d8a-4db2-a901-2f2d7f2102ca{ip: 192.168.34.37, host: pr-hdds-2110-rdjw6-11158954, networkLocation: /default-rack, certSerialId: null}7550e15a-2ff9-4e5e-b05d-d9f072bd52cf{ip: 192.168.34.37, host: pr-hdds-2110-rdjw6-11158954, networkLocation: /default-rack, certSerialId: null}, Type:RATIS, Factor:THREE, State:CLOSED] from datanode 7550e15a-2ff9-4e5e-b05d-d9f072bd52cf{ip: 192.168.34.37, host: pr-hdds-2110-rdjw6-11158954, networkLocation: /default-rack, certSerialId: null}. Reason : 7550e15a-2ff9-4e5e-b05d-d9f072bd52cf has not seen follower/s bdd5aae1-c180-43a6-a11a-58912a33bf0b for 145270ms 97184ed6-1d8a-4db2-a901-2f2d7f2102ca for 145270ms
2019-09-17 09:58:23,103 [EventQueue-PipelineActionsForPipelineActionHandler] INFO  pipeline.SCMPipelineManager (SCMPipelineManager.java:finalizeAndDestroyPipeline(311)) - destroying pipeline:Pipeline[ Id: e8040a40-da8c-4c75-9a90-c8f5a74d1db9, Nodes: bdd5aae1-c180-43a6-a11a-58912a33bf0b{ip: 192.168.34.37, host: pr-hdds-2110-rdjw6-11158954, networkLocation: /default-rack, certSerialId: null}97184ed6-1d8a-4db2-a901-2f2d7f2102ca{ip: 192.168.34.37, host: pr-hdds-2110-rdjw6-11158954, networkLocation: /default-rack, certSerialId: null}7550e15a-2ff9-4e5e-b05d-d9f072bd52cf{ip: 192.168.34.37, host: pr-hdds-2110-rdjw6-11158954, networkLocation: /default-rack, certSerialId: null}, Type:RATIS, Factor:THREE, State:CLOSED]
2019-09-17 09:58:23,109 [java.util.concurrent.ThreadPoolExecutor$Worker@3e348b54[State = -1, empty queue]] WARN  server.GrpcLogAppender (GrpcLogAppender.java:timeoutAppendRequest(200)) - 7550e15a-2ff9-4e5e-b05d-d9f072bd52cf@group-C8F5A74D1DB9->97184ed6-1d8a-4db2-a901-2f2d7f2102ca-GrpcLogAppender: appendEntries Timeout, request=7550e15a-2ff9-4e5e-b05d-d9f072bd52cf->97184ed6-1d8a-4db2-a901-2f2d7f2102ca#77-t1, previous=(t:1, i:20), leaderCommit=15, initializing? false, entries: <empty>
2019-09-17 09:58:23,109 [java.util.concurrent.ThreadPoolExecutor$Worker@12935038[State = -1, empty queue]] WARN  server.GrpcLogAppender (GrpcLogAppender.java:timeoutAppendRequest(200)) - 7550e15a-2ff9-4e5e-b05d-d9f072bd52cf@group-C8F5A74D1DB9->bdd5aae1-c180-43a6-a11a-58912a33bf0b-GrpcLogAppender: appendEntries Timeout, request=7550e15a-2ff9-4e5e-b05d-d9f072bd52cf->bdd5aae1-c180-43a6-a11a-58912a33bf0b#77-t1, previous=(t:1, i:20), leaderCommit=15, initializing? false, entries: <empty>
2019-09-17 09:58:24,711 [grpc-default-executor-10] INFO  client.GrpcClientProtocolClient (GrpcClientProtocolClient.java:onNext(264)) - client-6DB5D824AA41->97184ed6-1d8a-4db2-a901-2f2d7f2102ca: receive RaftClientReply:client-6DB5D824AA41->97184ed6-1d8a-4db2-a901-2f2d7f2102ca@group-C8F5A74D1DB9, cid=338, FAILED org.apache.ratis.protocol.NotLeaderException: Server 97184ed6-1d8a-4db2-a901-2f2d7f2102ca@group-C8F5A74D1DB9 is not the leader 7550e15a-2ff9-4e5e-b05d-d9f072bd52cf:192.168.34.37:41606, logIndex=0, commits[97184ed6-1d8a-4db2-a901-2f2d7f2102ca:c15, bdd5aae1-c180-43a6-a11a-58912a33bf0b:c12, 7550e15a-2ff9-4e5e-b05d-d9f072bd52cf:c15]
2019-09-17 09:58:25,112 [org.apache.ratis.server.impl.LogAppender$AppenderDaemon$$Lambda$490/1425097048@4ad71606] ERROR ratis.XceiverServerRatis (XceiverServerRatis.java:triggerPipelineClose(568)) - pipeline Action CLOSE  on pipeline PipelineID=e8040a40-da8c-4c75-9a90-c8f5a74d1db9.Reason : 7550e15a-2ff9-4e5e-b05d-d9f072bd52cf has not seen follower/s bdd5aae1-c180-43a6-a11a-58912a33bf0b for 147771ms 97184ed6-1d8a-4db2-a901-2f2d7f2102ca for 147771ms
2019-09-17 09:58:25,112 [org.apache.ratis.server.impl.LogAppender$AppenderDaemon$$Lambda$490/1425097048@344a415e] ERROR ratis.XceiverServerRatis (XceiverServerRatis.java:triggerPipelineClose(568)) - pipeline Action CLOSE  on pipeline PipelineID=e8040a40-da8c-4c75-9a90-c8f5a74d1db9.Reason : 7550e15a-2ff9-4e5e-b05d-d9f072bd52cf has not seen follower/s bdd5aae1-c180-43a6-a11a-58912a33bf0b for 147771ms 97184ed6-1d8a-4db2-a901-2f2d7f2102ca for 147771ms
2019-09-17 09:58:25,610 [java.util.concurrent.ThreadPoolExecutor$Worker@3e348b54[State = -1, empty queue]] WARN  server.GrpcLogAppender (GrpcLogAppender.java:timeoutAppendRequest(200)) - 7550e15a-2ff9-4e5e-b05d-d9f072bd52cf@group-C8F5A74D1DB9->97184ed6-1d8a-4db2-a901-2f2d7f2102ca-GrpcLogAppender: appendEntries Timeout, request=7550e15a-2ff9-4e5e-b05d-d9f072bd52cf->97184ed6-1d8a-4db2-a901-2f2d7f2102ca#78-t1, previous=(t:1, i:20), leaderCommit=15, initializing? false, entries: <empty>
2019-09-17 09:58:25,610 [java.util.concurrent.ThreadPoolExecutor$Worker@12935038[State = -1, empty queue]] WARN  server.GrpcLogAppender (GrpcLogAppender.java:timeoutAppendRequest(200)) - 7550e15a-2ff9-4e5e-b05d-d9f072bd52cf@group-C8F5A74D1DB9->bdd5aae1-c180-43a6-a11a-58912a33bf0b-GrpcLogAppender: appendEntries Timeout, request=7550e15a-2ff9-4e5e-b05d-d9f072bd52cf->bdd5aae1-c180-43a6-a11a-58912a33bf0b#78-t1, previous=(t:1, i:20), leaderCommit=15, initializing? false, entries: <empty>
2019-09-17 09:58:26,104 [EventQueue-PipelineActionsForPipelineActionHandler] ERROR pipeline.PipelineActionHandler (PipelineActionHandler.java:onMessage(60)) - Received pipeline action CLOSE for Pipeline[ Id: e8040a40-da8c-4c75-9a90-c8f5a74d1db9, Nodes: bdd5aae1-c180-43a6-a11a-58912a33bf0b{ip: 192.168.34.37, host: pr-hdds-2110-rdjw6-11158954, networkLocation: /default-rack, certSerialId: null}97184ed6-1d8a-4db2-a901-2f2d7f2102ca{ip: 192.168.34.37, host: pr-hdds-2110-rdjw6-11158954, networkLocation: /default-rack, certSerialId: null}7550e15a-2ff9-4e5e-b05d-d9f072bd52cf{ip: 192.168.34.37, host: pr-hdds-2110-rdjw6-11158954, networkLocation: /default-rack, certSerialId: null}, Type:RATIS, Factor:THREE, State:CLOSED] from datanode 7550e15a-2ff9-4e5e-b05d-d9f072bd52cf{ip: 192.168.34.37, host: pr-hdds-2110-rdjw6-11158954, networkLocation: /default-rack, certSerialId: null}. Reason : 7550e15a-2ff9-4e5e-b05d-d9f072bd52cf has not seen follower/s bdd5aae1-c180-43a6-a11a-58912a33bf0b for 147771ms 97184ed6-1d8a-4db2-a901-2f2d7f2102ca for 147771ms
2019-09-17 09:58:26,104 [EventQueue-PipelineActionsForPipelineActionHandler] INFO  pipeline.SCMPipelineManager (SCMPipelineManager.java:finalizeAndDestroyPipeline(311)) - destroying pipeline:Pipeline[ Id: e8040a40-da8c-4c75-9a90-c8f5a74d1db9, Nodes: bdd5aae1-c180-43a6-a11a-58912a33bf0b{ip: 192.168.34.37, host: pr-hdds-2110-rdjw6-11158954, networkLocation: /default-rack, certSerialId: null}97184ed6-1d8a-4db2-a901-2f2d7f2102ca{ip: 192.168.34.37, host: pr-hdds-2110-rdjw6-11158954, networkLocation: /default-rack, certSerialId: null}7550e15a-2ff9-4e5e-b05d-d9f072bd52cf{ip: 192.168.34.37, host: pr-hdds-2110-rdjw6-11158954, networkLocation: /default-rack, certSerialId: null}, Type:RATIS, Factor:THREE, State:CLOSED]
2019-09-17 09:58:27,613 [org.apache.ratis.server.impl.LogAppender$AppenderDaemon$$Lambda$490/1425097048@4ad71606] ERROR ratis.XceiverServerRatis (XceiverServerRatis.java:triggerPipelineClose(568)) - pipeline Action CLOSE  on pipeline PipelineID=e8040a40-da8c-4c75-9a90-c8f5a74d1db9.Reason : 7550e15a-2ff9-4e5e-b05d-d9f072bd52cf has not seen follower/s bdd5aae1-c180-43a6-a11a-58912a33bf0b for 150272ms 97184ed6-1d8a-4db2-a901-2f2d7f2102ca for 150272ms
2019-09-17 09:58:27,613 [org.apache.ratis.server.impl.LogAppender$AppenderDaemon$$Lambda$490/1425097048@344a415e] ERROR ratis.XceiverServerRatis (XceiverServerRatis.java:triggerPipelineClose(568)) - pipeline Action CLOSE  on pipeline PipelineID=e8040a40-da8c-4c75-9a90-c8f5a74d1db9.Reason : 7550e15a-2ff9-4e5e-b05d-d9f072bd52cf has not seen follower/s bdd5aae1-c180-43a6-a11a-58912a33bf0b for 150272ms 97184ed6-1d8a-4db2-a901-2f2d7f2102ca for 150272ms
2019-09-17 09:58:27,815 [7550e15a-2ff9-4e5e-b05d-d9f072bd52cf@group-C8F5A74D1DB9-SegmentedRaftLogWorker] WARN  segmented.SegmentedRaftLogWorker (SegmentedRaftLogWorker.java:getFromFuture(90)) - Timeout 14/~
org.apache.ratis.protocol.TimeoutIOException: Timeout 10s: WriteLog:16: (t:1, i:16), STATEMACHINELOGENTRY, client-6DB5D824AA41, cid=338-writeStateMachineData
	at org.apache.ratis.util.IOUtils.getFromFuture(IOUtils.java:87)
	at org.apache.ratis.server.raftlog.segmented.SegmentedRaftLogWorker$StateMachineDataPolicy.getFromFuture(SegmentedRaftLogWorker.java:87)
	at org.apache.ratis.server.raftlog.segmented.SegmentedRaftLogWorker$WriteLog.execute(SegmentedRaftLogWorker.java:477)
	at org.apache.ratis.server.raftlog.segmented.SegmentedRaftLogWorker.run(SegmentedRaftLogWorker.java:289)
	at java.lang.Thread.run(Thread.java:748)
Caused by: java.util.concurrent.TimeoutException
	at java.util.concurrent.CompletableFuture.timedGet(CompletableFuture.java:1771)
	at java.util.concurrent.CompletableFuture.get(CompletableFuture.java:1915)
	at org.apache.ratis.util.IOUtils.getFromFuture(IOUtils.java:79)
	... 4 more
2019-09-17 09:58:27,834 [bdd5aae1-c180-43a6-a11a-58912a33bf0b@group-C8F5A74D1DB9-SegmentedRaftLogWorker] WARN  segmented.SegmentedRaftLogWorker (SegmentedRaftLogWorker.java:getFromFuture(90)) - Timeout 14/~
org.apache.ratis.protocol.TimeoutIOException: Timeout 10s: WriteLog:16: (t:1, i:16), STATEMACHINELOGENTRY, client-6DB5D824AA41, cid=338-writeStateMachineData
	at org.apache.ratis.util.IOUtils.getFromFuture(IOUtils.java:87)
	at org.apache.ratis.server.raftlog.segmented.SegmentedRaftLogWorker$StateMachineDataPolicy.getFromFuture(SegmentedRaftLogWorker.java:87)
	at org.apache.ratis.server.raftlog.segmented.SegmentedRaftLogWorker$WriteLog.execute(SegmentedRaftLogWorker.java:477)
	at org.apache.ratis.server.raftlog.segmented.SegmentedRaftLogWorker.run(SegmentedRaftLogWorker.java:289)
	at java.lang.Thread.run(Thread.java:748)
Caused by: java.util.concurrent.TimeoutException
	at java.util.concurrent.CompletableFuture.timedGet(CompletableFuture.java:1771)
	at java.util.concurrent.CompletableFuture.get(CompletableFuture.java:1915)
	at org.apache.ratis.util.IOUtils.getFromFuture(IOUtils.java:79)
	... 4 more
2019-09-17 09:58:27,835 [97184ed6-1d8a-4db2-a901-2f2d7f2102ca@group-C8F5A74D1DB9-SegmentedRaftLogWorker] WARN  segmented.SegmentedRaftLogWorker (SegmentedRaftLogWorker.java:getFromFuture(90)) - Timeout 14/~
org.apache.ratis.protocol.TimeoutIOException: Timeout 10s: WriteLog:16: (t:1, i:16), STATEMACHINELOGENTRY, client-6DB5D824AA41, cid=338-writeStateMachineData
	at org.apache.ratis.util.IOUtils.getFromFuture(IOUtils.java:87)
	at org.apache.ratis.server.raftlog.segmented.SegmentedRaftLogWorker$StateMachineDataPolicy.getFromFuture(SegmentedRaftLogWorker.java:87)
	at org.apache.ratis.server.raftlog.segmented.SegmentedRaftLogWorker$WriteLog.execute(SegmentedRaftLogWorker.java:477)
	at org.apache.ratis.server.raftlog.segmented.SegmentedRaftLogWorker.run(SegmentedRaftLogWorker.java:289)
	at java.lang.Thread.run(Thread.java:748)
Caused by: java.util.concurrent.TimeoutException
	at java.util.concurrent.CompletableFuture.timedGet(CompletableFuture.java:1771)
	at java.util.concurrent.CompletableFuture.get(CompletableFuture.java:1915)
	at org.apache.ratis.util.IOUtils.getFromFuture(IOUtils.java:79)
	... 4 more
2019-09-17 09:58:28,103 [EventQueue-PipelineActionsForPipelineActionHandler] ERROR pipeline.PipelineActionHandler (PipelineActionHandler.java:onMessage(60)) - Received pipeline action CLOSE for Pipeline[ Id: e8040a40-da8c-4c75-9a90-c8f5a74d1db9, Nodes: bdd5aae1-c180-43a6-a11a-58912a33bf0b{ip: 192.168.34.37, host: pr-hdds-2110-rdjw6-11158954, networkLocation: /default-rack, certSerialId: null}97184ed6-1d8a-4db2-a901-2f2d7f2102ca{ip: 192.168.34.37, host: pr-hdds-2110-rdjw6-11158954, networkLocation: /default-rack, certSerialId: null}7550e15a-2ff9-4e5e-b05d-d9f072bd52cf{ip: 192.168.34.37, host: pr-hdds-2110-rdjw6-11158954, networkLocation: /default-rack, certSerialId: null}, Type:RATIS, Factor:THREE, State:CLOSED] from datanode 7550e15a-2ff9-4e5e-b05d-d9f072bd52cf{ip: 192.168.34.37, host: pr-hdds-2110-rdjw6-11158954, networkLocation: /default-rack, certSerialId: null}. Reason : 7550e15a-2ff9-4e5e-b05d-d9f072bd52cf has not seen follower/s bdd5aae1-c180-43a6-a11a-58912a33bf0b for 150272ms 97184ed6-1d8a-4db2-a901-2f2d7f2102ca for 150272ms
2019-09-17 09:58:28,104 [EventQueue-PipelineActionsForPipelineActionHandler] INFO  pipeline.SCMPipelineManager (SCMPipelineManager.java:finalizeAndDestroyPipeline(311)) - destroying pipeline:Pipeline[ Id: e8040a40-da8c-4c75-9a90-c8f5a74d1db9, Nodes: bdd5aae1-c180-43a6-a11a-58912a33bf0b{ip: 192.168.34.37, host: pr-hdds-2110-rdjw6-11158954, networkLocation: /default-rack, certSerialId: null}97184ed6-1d8a-4db2-a901-2f2d7f2102ca{ip: 192.168.34.37, host: pr-hdds-2110-rdjw6-11158954, networkLocation: /default-rack, certSerialId: null}7550e15a-2ff9-4e5e-b05d-d9f072bd52cf{ip: 192.168.34.37, host: pr-hdds-2110-rdjw6-11158954, networkLocation: /default-rack, certSerialId: null}, Type:RATIS, Factor:THREE, State:CLOSED]
2019-09-17 09:58:28,111 [java.util.concurrent.ThreadPoolExecutor$Worker@3e348b54[State = -1, empty queue]] WARN  server.GrpcLogAppender (GrpcLogAppender.java:timeoutAppendRequest(200)) - 7550e15a-2ff9-4e5e-b05d-d9f072bd52cf@group-C8F5A74D1DB9->97184ed6-1d8a-4db2-a901-2f2d7f2102ca-GrpcLogAppender: appendEntries Timeout, request=7550e15a-2ff9-4e5e-b05d-d9f072bd52cf->97184ed6-1d8a-4db2-a901-2f2d7f2102ca#79-t1, previous=(t:1, i:20), leaderCommit=15, initializing? false, entries: <empty>
2019-09-17 09:58:28,111 [java.util.concurrent.ThreadPoolExecutor$Worker@12935038[State = -1, empty queue]] WARN  server.GrpcLogAppender (GrpcLogAppender.java:timeoutAppendRequest(200)) - 7550e15a-2ff9-4e5e-b05d-d9f072bd52cf@group-C8F5A74D1DB9->bdd5aae1-c180-43a6-a11a-58912a33bf0b-GrpcLogAppender: appendEntries Timeout, request=7550e15a-2ff9-4e5e-b05d-d9f072bd52cf->bdd5aae1-c180-43a6-a11a-58912a33bf0b#79-t1, previous=(t:1, i:20), leaderCommit=15, initializing? false, entries: <empty>
2019-09-17 09:58:29,779 [grpc-default-executor-8] INFO  client.GrpcClientProtocolClient (GrpcClientProtocolClient.java:onNext(264)) - client-6DB5D824AA41->bdd5aae1-c180-43a6-a11a-58912a33bf0b: receive RaftClientReply:client-6DB5D824AA41->bdd5aae1-c180-43a6-a11a-58912a33bf0b@group-C8F5A74D1DB9, cid=338, FAILED org.apache.ratis.protocol.NotLeaderException: Server bdd5aae1-c180-43a6-a11a-58912a33bf0b@group-C8F5A74D1DB9 is not the leader 7550e15a-2ff9-4e5e-b05d-d9f072bd52cf:192.168.34.37:41606, logIndex=0, commits[bdd5aae1-c180-43a6-a11a-58912a33bf0b:c15, 97184ed6-1d8a-4db2-a901-2f2d7f2102ca:c12, 7550e15a-2ff9-4e5e-b05d-d9f072bd52cf:c15]
2019-09-17 09:58:30,113 [org.apache.ratis.server.impl.LogAppender$AppenderDaemon$$Lambda$490/1425097048@344a415e] ERROR ratis.XceiverServerRatis (XceiverServerRatis.java:triggerPipelineClose(568)) - pipeline Action CLOSE  on pipeline PipelineID=e8040a40-da8c-4c75-9a90-c8f5a74d1db9.Reason : 7550e15a-2ff9-4e5e-b05d-d9f072bd52cf has not seen follower/s bdd5aae1-c180-43a6-a11a-58912a33bf0b for 152773ms 97184ed6-1d8a-4db2-a901-2f2d7f2102ca for 152772ms
2019-09-17 09:58:30,113 [org.apache.ratis.server.impl.LogAppender$AppenderDaemon$$Lambda$490/1425097048@4ad71606] ERROR ratis.XceiverServerRatis (XceiverServerRatis.java:triggerPipelineClose(568)) - pipeline Action CLOSE  on pipeline PipelineID=e8040a40-da8c-4c75-9a90-c8f5a74d1db9.Reason : 7550e15a-2ff9-4e5e-b05d-d9f072bd52cf has not seen follower/s bdd5aae1-c180-43a6-a11a-58912a33bf0b for 152773ms 97184ed6-1d8a-4db2-a901-2f2d7f2102ca for 152772ms
2019-09-17 09:58:30,612 [java.util.concurrent.ThreadPoolExecutor$Worker@12935038[State = -1, empty queue]] WARN  server.GrpcLogAppender (GrpcLogAppender.java:timeoutAppendRequest(200)) - 7550e15a-2ff9-4e5e-b05d-d9f072bd52cf@group-C8F5A74D1DB9->bdd5aae1-c180-43a6-a11a-58912a33bf0b-GrpcLogAppender: appendEntries Timeout, request=7550e15a-2ff9-4e5e-b05d-d9f072bd52cf->bdd5aae1-c180-43a6-a11a-58912a33bf0b#80-t1, previous=(t:1, i:20), leaderCommit=15, initializing? false, entries: <empty>
2019-09-17 09:58:30,612 [java.util.concurrent.ThreadPoolExecutor$Worker@3e348b54[State = -1, empty queue]] WARN  server.GrpcLogAppender (GrpcLogAppender.java:timeoutAppendRequest(200)) - 7550e15a-2ff9-4e5e-b05d-d9f072bd52cf@group-C8F5A74D1DB9->97184ed6-1d8a-4db2-a901-2f2d7f2102ca-GrpcLogAppender: appendEntries Timeout, request=7550e15a-2ff9-4e5e-b05d-d9f072bd52cf->97184ed6-1d8a-4db2-a901-2f2d7f2102ca#80-t1, previous=(t:1, i:20), leaderCommit=15, initializing? false, entries: <empty>
2019-09-17 09:58:31,104 [EventQueue-PipelineActionsForPipelineActionHandler] ERROR pipeline.PipelineActionHandler (PipelineActionHandler.java:onMessage(60)) - Received pipeline action CLOSE for Pipeline[ Id: e8040a40-da8c-4c75-9a90-c8f5a74d1db9, Nodes: bdd5aae1-c180-43a6-a11a-58912a33bf0b{ip: 192.168.34.37, host: pr-hdds-2110-rdjw6-11158954, networkLocation: /default-rack, certSerialId: null}97184ed6-1d8a-4db2-a901-2f2d7f2102ca{ip: 192.168.34.37, host: pr-hdds-2110-rdjw6-11158954, networkLocation: /default-rack, certSerialId: null}7550e15a-2ff9-4e5e-b05d-d9f072bd52cf{ip: 192.168.34.37, host: pr-hdds-2110-rdjw6-11158954, networkLocation: /default-rack, certSerialId: null}, Type:RATIS, Factor:THREE, State:CLOSED] from datanode 7550e15a-2ff9-4e5e-b05d-d9f072bd52cf{ip: 192.168.34.37, host: pr-hdds-2110-rdjw6-11158954, networkLocation: /default-rack, certSerialId: null}. Reason : 7550e15a-2ff9-4e5e-b05d-d9f072bd52cf has not seen follower/s bdd5aae1-c180-43a6-a11a-58912a33bf0b for 152773ms 97184ed6-1d8a-4db2-a901-2f2d7f2102ca for 152772ms
2019-09-17 09:58:31,105 [EventQueue-PipelineActionsForPipelineActionHandler] INFO  pipeline.SCMPipelineManager (SCMPipelineManager.java:finalizeAndDestroyPipeline(311)) - destroying pipeline:Pipeline[ Id: e8040a40-da8c-4c75-9a90-c8f5a74d1db9, Nodes: bdd5aae1-c180-43a6-a11a-58912a33bf0b{ip: 192.168.34.37, host: pr-hdds-2110-rdjw6-11158954, networkLocation: /default-rack, certSerialId: null}97184ed6-1d8a-4db2-a901-2f2d7f2102ca{ip: 192.168.34.37, host: pr-hdds-2110-rdjw6-11158954, networkLocation: /default-rack, certSerialId: null}7550e15a-2ff9-4e5e-b05d-d9f072bd52cf{ip: 192.168.34.37, host: pr-hdds-2110-rdjw6-11158954, networkLocation: /default-rack, certSerialId: null}, Type:RATIS, Factor:THREE, State:CLOSED]
2019-09-17 09:58:32,614 [org.apache.ratis.server.impl.LogAppender$AppenderDaemon$$Lambda$490/1425097048@344a415e] ERROR ratis.XceiverServerRatis (XceiverServerRatis.java:triggerPipelineClose(568)) - pipeline Action CLOSE  on pipeline PipelineID=e8040a40-da8c-4c75-9a90-c8f5a74d1db9.Reason : 7550e15a-2ff9-4e5e-b05d-d9f072bd52cf has not seen follower/s bdd5aae1-c180-43a6-a11a-58912a33bf0b for 155274ms 97184ed6-1d8a-4db2-a901-2f2d7f2102ca for 155273ms
2019-09-17 09:58:32,614 [org.apache.ratis.server.impl.LogAppender$AppenderDaemon$$Lambda$490/1425097048@4ad71606] ERROR ratis.XceiverServerRatis (XceiverServerRatis.java:triggerPipelineClose(568)) - pipeline Action CLOSE  on pipeline PipelineID=e8040a40-da8c-4c75-9a90-c8f5a74d1db9.Reason : 7550e15a-2ff9-4e5e-b05d-d9f072bd52cf has not seen follower/s bdd5aae1-c180-43a6-a11a-58912a33bf0b for 155274ms 97184ed6-1d8a-4db2-a901-2f2d7f2102ca for 155273ms
2019-09-17 09:58:33,105 [EventQueue-PipelineActionsForPipelineActionHandler] ERROR pipeline.PipelineActionHandler (PipelineActionHandler.java:onMessage(60)) - Received pipeline action CLOSE for Pipeline[ Id: e8040a40-da8c-4c75-9a90-c8f5a74d1db9, Nodes: bdd5aae1-c180-43a6-a11a-58912a33bf0b{ip: 192.168.34.37, host: pr-hdds-2110-rdjw6-11158954, networkLocation: /default-rack, certSerialId: null}97184ed6-1d8a-4db2-a901-2f2d7f2102ca{ip: 192.168.34.37, host: pr-hdds-2110-rdjw6-11158954, networkLocation: /default-rack, certSerialId: null}7550e15a-2ff9-4e5e-b05d-d9f072bd52cf{ip: 192.168.34.37, host: pr-hdds-2110-rdjw6-11158954, networkLocation: /default-rack, certSerialId: null}, Type:RATIS, Factor:THREE, State:CLOSED] from datanode 7550e15a-2ff9-4e5e-b05d-d9f072bd52cf{ip: 192.168.34.37, host: pr-hdds-2110-rdjw6-11158954, networkLocation: /default-rack, certSerialId: null}. Reason : 7550e15a-2ff9-4e5e-b05d-d9f072bd52cf has not seen follower/s bdd5aae1-c180-43a6-a11a-58912a33bf0b for 155274ms 97184ed6-1d8a-4db2-a901-2f2d7f2102ca for 155273ms
2019-09-17 09:58:33,106 [EventQueue-PipelineActionsForPipelineActionHandler] INFO  pipeline.SCMPipelineManager (SCMPipelineManager.java:finalizeAndDestroyPipeline(311)) - destroying pipeline:Pipeline[ Id: e8040a40-da8c-4c75-9a90-c8f5a74d1db9, Nodes: bdd5aae1-c180-43a6-a11a-58912a33bf0b{ip: 192.168.34.37, host: pr-hdds-2110-rdjw6-11158954, networkLocation: /default-rack, certSerialId: null}97184ed6-1d8a-4db2-a901-2f2d7f2102ca{ip: 192.168.34.37, host: pr-hdds-2110-rdjw6-11158954, networkLocation: /default-rack, certSerialId: null}7550e15a-2ff9-4e5e-b05d-d9f072bd52cf{ip: 192.168.34.37, host: pr-hdds-2110-rdjw6-11158954, networkLocation: /default-rack, certSerialId: null}, Type:RATIS, Factor:THREE, State:CLOSED]
2019-09-17 09:58:33,113 [java.util.concurrent.ThreadPoolExecutor$Worker@3e348b54[State = -1, empty queue]] WARN  server.GrpcLogAppender (GrpcLogAppender.java:timeoutAppendRequest(200)) - 7550e15a-2ff9-4e5e-b05d-d9f072bd52cf@group-C8F5A74D1DB9->97184ed6-1d8a-4db2-a901-2f2d7f2102ca-GrpcLogAppender: appendEntries Timeout, request=7550e15a-2ff9-4e5e-b05d-d9f072bd52cf->97184ed6-1d8a-4db2-a901-2f2d7f2102ca#81-t1, previous=(t:1, i:20), leaderCommit=15, initializing? false, entries: <empty>
2019-09-17 09:58:33,113 [java.util.concurrent.ThreadPoolExecutor$Worker@12935038[State = -1, empty queue]] WARN  server.GrpcLogAppender (GrpcLogAppender.java:timeoutAppendRequest(200)) - 7550e15a-2ff9-4e5e-b05d-d9f072bd52cf@group-C8F5A74D1DB9->bdd5aae1-c180-43a6-a11a-58912a33bf0b-GrpcLogAppender: appendEntries Timeout, request=7550e15a-2ff9-4e5e-b05d-d9f072bd52cf->bdd5aae1-c180-43a6-a11a-58912a33bf0b#81-t1, previous=(t:1, i:20), leaderCommit=15, initializing? false, entries: <empty>
2019-09-17 09:58:34,838 [grpc-default-executor-8] INFO  client.GrpcClientProtocolClient (GrpcClientProtocolClient.java:onNext(264)) - client-6DB5D824AA41->bdd5aae1-c180-43a6-a11a-58912a33bf0b: receive RaftClientReply:client-6DB5D824AA41->bdd5aae1-c180-43a6-a11a-58912a33bf0b@group-C8F5A74D1DB9, cid=338, FAILED org.apache.ratis.protocol.NotLeaderException: Server bdd5aae1-c180-43a6-a11a-58912a33bf0b@group-C8F5A74D1DB9 is not the leader 7550e15a-2ff9-4e5e-b05d-d9f072bd52cf:192.168.34.37:41606, logIndex=0, commits[bdd5aae1-c180-43a6-a11a-58912a33bf0b:c15, 97184ed6-1d8a-4db2-a901-2f2d7f2102ca:c12, 7550e15a-2ff9-4e5e-b05d-d9f072bd52cf:c15]
2019-09-17 09:58:35,115 [org.apache.ratis.server.impl.LogAppender$AppenderDaemon$$Lambda$490/1425097048@344a415e] ERROR ratis.XceiverServerRatis (XceiverServerRatis.java:triggerPipelineClose(568)) - pipeline Action CLOSE  on pipeline PipelineID=e8040a40-da8c-4c75-9a90-c8f5a74d1db9.Reason : 7550e15a-2ff9-4e5e-b05d-d9f072bd52cf has not seen follower/s bdd5aae1-c180-43a6-a11a-58912a33bf0b for 157774ms 97184ed6-1d8a-4db2-a901-2f2d7f2102ca for 157774ms
2019-09-17 09:58:35,115 [org.apache.ratis.server.impl.LogAppender$AppenderDaemon$$Lambda$490/1425097048@4ad71606] ERROR ratis.XceiverServerRatis (XceiverServerRatis.java:triggerPipelineClose(568)) - pipeline Action CLOSE  on pipeline PipelineID=e8040a40-da8c-4c75-9a90-c8f5a74d1db9.Reason : 7550e15a-2ff9-4e5e-b05d-d9f072bd52cf has not seen follower/s bdd5aae1-c180-43a6-a11a-58912a33bf0b for 157774ms 97184ed6-1d8a-4db2-a901-2f2d7f2102ca for 157774ms
2019-09-17 09:58:35,614 [java.util.concurrent.ThreadPoolExecutor$Worker@12935038[State = -1, empty queue]] WARN  server.GrpcLogAppender (GrpcLogAppender.java:timeoutAppendRequest(200)) - 7550e15a-2ff9-4e5e-b05d-d9f072bd52cf@group-C8F5A74D1DB9->bdd5aae1-c180-43a6-a11a-58912a33bf0b-GrpcLogAppender: appendEntries Timeout, request=7550e15a-2ff9-4e5e-b05d-d9f072bd52cf->bdd5aae1-c180-43a6-a11a-58912a33bf0b#82-t1, previous=(t:1, i:20), leaderCommit=15, initializing? false, entries: <empty>
2019-09-17 09:58:35,614 [java.util.concurrent.ThreadPoolExecutor$Worker@3e348b54[State = -1, empty queue]] WARN  server.GrpcLogAppender (GrpcLogAppender.java:timeoutAppendRequest(200)) - 7550e15a-2ff9-4e5e-b05d-d9f072bd52cf@group-C8F5A74D1DB9->97184ed6-1d8a-4db2-a901-2f2d7f2102ca-GrpcLogAppender: appendEntries Timeout, request=7550e15a-2ff9-4e5e-b05d-d9f072bd52cf->97184ed6-1d8a-4db2-a901-2f2d7f2102ca#82-t1, previous=(t:1, i:20), leaderCommit=15, initializing? false, entries: <empty>
2019-09-17 09:58:36,104 [EventQueue-PipelineActionsForPipelineActionHandler] ERROR pipeline.PipelineActionHandler (PipelineActionHandler.java:onMessage(60)) - Received pipeline action CLOSE for Pipeline[ Id: e8040a40-da8c-4c75-9a90-c8f5a74d1db9, Nodes: bdd5aae1-c180-43a6-a11a-58912a33bf0b{ip: 192.168.34.37, host: pr-hdds-2110-rdjw6-11158954, networkLocation: /default-rack, certSerialId: null}97184ed6-1d8a-4db2-a901-2f2d7f2102ca{ip: 192.168.34.37, host: pr-hdds-2110-rdjw6-11158954, networkLocation: /default-rack, certSerialId: null}7550e15a-2ff9-4e5e-b05d-d9f072bd52cf{ip: 192.168.34.37, host: pr-hdds-2110-rdjw6-11158954, networkLocation: /default-rack, certSerialId: null}, Type:RATIS, Factor:THREE, State:CLOSED] from datanode 7550e15a-2ff9-4e5e-b05d-d9f072bd52cf{ip: 192.168.34.37, host: pr-hdds-2110-rdjw6-11158954, networkLocation: /default-rack, certSerialId: null}. Reason : 7550e15a-2ff9-4e5e-b05d-d9f072bd52cf has not seen follower/s bdd5aae1-c180-43a6-a11a-58912a33bf0b for 157774ms 97184ed6-1d8a-4db2-a901-2f2d7f2102ca for 157774ms
2019-09-17 09:58:36,105 [EventQueue-PipelineActionsForPipelineActionHandler] INFO  pipeline.SCMPipelineManager (SCMPipelineManager.java:finalizeAndDestroyPipeline(311)) - destroying pipeline:Pipeline[ Id: e8040a40-da8c-4c75-9a90-c8f5a74d1db9, Nodes: bdd5aae1-c180-43a6-a11a-58912a33bf0b{ip: 192.168.34.37, host: pr-hdds-2110-rdjw6-11158954, networkLocation: /default-rack, certSerialId: null}97184ed6-1d8a-4db2-a901-2f2d7f2102ca{ip: 192.168.34.37, host: pr-hdds-2110-rdjw6-11158954, networkLocation: /default-rack, certSerialId: null}7550e15a-2ff9-4e5e-b05d-d9f072bd52cf{ip: 192.168.34.37, host: pr-hdds-2110-rdjw6-11158954, networkLocation: /default-rack, certSerialId: null}, Type:RATIS, Factor:THREE, State:CLOSED]
2019-09-17 09:58:37,616 [org.apache.ratis.server.impl.LogAppender$AppenderDaemon$$Lambda$490/1425097048@4ad71606] ERROR ratis.XceiverServerRatis (XceiverServerRatis.java:triggerPipelineClose(568)) - pipeline Action CLOSE  on pipeline PipelineID=e8040a40-da8c-4c75-9a90-c8f5a74d1db9.Reason : 7550e15a-2ff9-4e5e-b05d-d9f072bd52cf has not seen follower/s bdd5aae1-c180-43a6-a11a-58912a33bf0b for 160275ms 97184ed6-1d8a-4db2-a901-2f2d7f2102ca for 160275ms
2019-09-17 09:58:37,616 [org.apache.ratis.server.impl.LogAppender$AppenderDaemon$$Lambda$490/1425097048@344a415e] ERROR ratis.XceiverServerRatis (XceiverServerRatis.java:triggerPipelineClose(568)) - pipeline Action CLOSE  on pipeline PipelineID=e8040a40-da8c-4c75-9a90-c8f5a74d1db9.Reason : 7550e15a-2ff9-4e5e-b05d-d9f072bd52cf has not seen follower/s bdd5aae1-c180-43a6-a11a-58912a33bf0b for 160275ms 97184ed6-1d8a-4db2-a901-2f2d7f2102ca for 160275ms
2019-09-17 09:58:37,817 [7550e15a-2ff9-4e5e-b05d-d9f072bd52cf@group-C8F5A74D1DB9-SegmentedRaftLogWorker] WARN  segmented.SegmentedRaftLogWorker (SegmentedRaftLogWorker.java:getFromFuture(90)) - Timeout 15/~
org.apache.ratis.protocol.TimeoutIOException: Timeout 10s: WriteLog:16: (t:1, i:16), STATEMACHINELOGENTRY, client-6DB5D824AA41, cid=338-writeStateMachineData
	at org.apache.ratis.util.IOUtils.getFromFuture(IOUtils.java:87)
	at org.apache.ratis.server.raftlog.segmented.SegmentedRaftLogWorker$StateMachineDataPolicy.getFromFuture(SegmentedRaftLogWorker.java:87)
	at org.apache.ratis.server.raftlog.segmented.SegmentedRaftLogWorker$WriteLog.execute(SegmentedRaftLogWorker.java:477)
	at org.apache.ratis.server.raftlog.segmented.SegmentedRaftLogWorker.run(SegmentedRaftLogWorker.java:289)
	at java.lang.Thread.run(Thread.java:748)
Caused by: java.util.concurrent.TimeoutException
	at java.util.concurrent.CompletableFuture.timedGet(CompletableFuture.java:1771)
	at java.util.concurrent.CompletableFuture.get(CompletableFuture.java:1915)
	at org.apache.ratis.util.IOUtils.getFromFuture(IOUtils.java:79)
	... 4 more
2019-09-17 09:58:37,835 [bdd5aae1-c180-43a6-a11a-58912a33bf0b@group-C8F5A74D1DB9-SegmentedRaftLogWorker] WARN  segmented.SegmentedRaftLogWorker (SegmentedRaftLogWorker.java:getFromFuture(90)) - Timeout 15/~
org.apache.ratis.protocol.TimeoutIOException: Timeout 10s: WriteLog:16: (t:1, i:16), STATEMACHINELOGENTRY, client-6DB5D824AA41, cid=338-writeStateMachineData
	at org.apache.ratis.util.IOUtils.getFromFuture(IOUtils.java:87)
	at org.apache.ratis.server.raftlog.segmented.SegmentedRaftLogWorker$StateMachineDataPolicy.getFromFuture(SegmentedRaftLogWorker.java:87)
	at org.apache.ratis.server.raftlog.segmented.SegmentedRaftLogWorker$WriteLog.execute(SegmentedRaftLogWorker.java:477)
	at org.apache.ratis.server.raftlog.segmented.SegmentedRaftLogWorker.run(SegmentedRaftLogWorker.java:289)
	at java.lang.Thread.run(Thread.java:748)
Caused by: java.util.concurrent.TimeoutException
	at java.util.concurrent.CompletableFuture.timedGet(CompletableFuture.java:1771)
	at java.util.concurrent.CompletableFuture.get(CompletableFuture.java:1915)
	at org.apache.ratis.util.IOUtils.getFromFuture(IOUtils.java:79)
	... 4 more
2019-09-17 09:58:37,864 [97184ed6-1d8a-4db2-a901-2f2d7f2102ca@group-C8F5A74D1DB9-SegmentedRaftLogWorker] WARN  segmented.SegmentedRaftLogWorker (SegmentedRaftLogWorker.java:getFromFuture(90)) - Timeout 15/~
org.apache.ratis.protocol.TimeoutIOException: Timeout 10s: WriteLog:16: (t:1, i:16), STATEMACHINELOGENTRY, client-6DB5D824AA41, cid=338-writeStateMachineData
	at org.apache.ratis.util.IOUtils.getFromFuture(IOUtils.java:87)
	at org.apache.ratis.server.raftlog.segmented.SegmentedRaftLogWorker$StateMachineDataPolicy.getFromFuture(SegmentedRaftLogWorker.java:87)
	at org.apache.ratis.server.raftlog.segmented.SegmentedRaftLogWorker$WriteLog.execute(SegmentedRaftLogWorker.java:477)
	at org.apache.ratis.server.raftlog.segmented.SegmentedRaftLogWorker.run(SegmentedRaftLogWorker.java:289)
	at java.lang.Thread.run(Thread.java:748)
Caused by: java.util.concurrent.TimeoutException
	at java.util.concurrent.CompletableFuture.timedGet(CompletableFuture.java:1771)
	at java.util.concurrent.CompletableFuture.get(CompletableFuture.java:1915)
	at org.apache.ratis.util.IOUtils.getFromFuture(IOUtils.java:79)
	... 4 more
2019-09-17 09:58:38,104 [EventQueue-PipelineActionsForPipelineActionHandler] ERROR pipeline.PipelineActionHandler (PipelineActionHandler.java:onMessage(60)) - Received pipeline action CLOSE for Pipeline[ Id: e8040a40-da8c-4c75-9a90-c8f5a74d1db9, Nodes: bdd5aae1-c180-43a6-a11a-58912a33bf0b{ip: 192.168.34.37, host: pr-hdds-2110-rdjw6-11158954, networkLocation: /default-rack, certSerialId: null}97184ed6-1d8a-4db2-a901-2f2d7f2102ca{ip: 192.168.34.37, host: pr-hdds-2110-rdjw6-11158954, networkLocation: /default-rack, certSerialId: null}7550e15a-2ff9-4e5e-b05d-d9f072bd52cf{ip: 192.168.34.37, host: pr-hdds-2110-rdjw6-11158954, networkLocation: /default-rack, certSerialId: null}, Type:RATIS, Factor:THREE, State:CLOSED] from datanode 7550e15a-2ff9-4e5e-b05d-d9f072bd52cf{ip: 192.168.34.37, host: pr-hdds-2110-rdjw6-11158954, networkLocation: /default-rack, certSerialId: null}. Reason : 7550e15a-2ff9-4e5e-b05d-d9f072bd52cf has not seen follower/s bdd5aae1-c180-43a6-a11a-58912a33bf0b for 160275ms 97184ed6-1d8a-4db2-a901-2f2d7f2102ca for 160275ms
2019-09-17 09:58:38,104 [EventQueue-PipelineActionsForPipelineActionHandler] INFO  pipeline.SCMPipelineManager (SCMPipelineManager.java:finalizeAndDestroyPipeline(311)) - destroying pipeline:Pipeline[ Id: e8040a40-da8c-4c75-9a90-c8f5a74d1db9, Nodes: bdd5aae1-c180-43a6-a11a-58912a33bf0b{ip: 192.168.34.37, host: pr-hdds-2110-rdjw6-11158954, networkLocation: /default-rack, certSerialId: null}97184ed6-1d8a-4db2-a901-2f2d7f2102ca{ip: 192.168.34.37, host: pr-hdds-2110-rdjw6-11158954, networkLocation: /default-rack, certSerialId: null}7550e15a-2ff9-4e5e-b05d-d9f072bd52cf{ip: 192.168.34.37, host: pr-hdds-2110-rdjw6-11158954, networkLocation: /default-rack, certSerialId: null}, Type:RATIS, Factor:THREE, State:CLOSED]
2019-09-17 09:58:38,115 [java.util.concurrent.ThreadPoolExecutor$Worker@12935038[State = -1, empty queue]] WARN  server.GrpcLogAppender (GrpcLogAppender.java:timeoutAppendRequest(200)) - 7550e15a-2ff9-4e5e-b05d-d9f072bd52cf@group-C8F5A74D1DB9->bdd5aae1-c180-43a6-a11a-58912a33bf0b-GrpcLogAppender: appendEntries Timeout, request=7550e15a-2ff9-4e5e-b05d-d9f072bd52cf->bdd5aae1-c180-43a6-a11a-58912a33bf0b#83-t1, previous=(t:1, i:20), leaderCommit=15, initializing? false, entries: <empty>
2019-09-17 09:58:38,115 [java.util.concurrent.ThreadPoolExecutor$Worker@3e348b54[State = -1, empty queue]] WARN  server.GrpcLogAppender (GrpcLogAppender.java:timeoutAppendRequest(200)) - 7550e15a-2ff9-4e5e-b05d-d9f072bd52cf@group-C8F5A74D1DB9->97184ed6-1d8a-4db2-a901-2f2d7f2102ca-GrpcLogAppender: appendEntries Timeout, request=7550e15a-2ff9-4e5e-b05d-d9f072bd52cf->97184ed6-1d8a-4db2-a901-2f2d7f2102ca#83-t1, previous=(t:1, i:20), leaderCommit=15, initializing? false, entries: <empty>
2019-09-17 09:58:39,909 [grpc-default-executor-9] INFO  client.GrpcClientProtocolClient (GrpcClientProtocolClient.java:onNext(264)) - client-6DB5D824AA41->97184ed6-1d8a-4db2-a901-2f2d7f2102ca: receive RaftClientReply:client-6DB5D824AA41->97184ed6-1d8a-4db2-a901-2f2d7f2102ca@group-C8F5A74D1DB9, cid=338, FAILED org.apache.ratis.protocol.NotLeaderException: Server 97184ed6-1d8a-4db2-a901-2f2d7f2102ca@group-C8F5A74D1DB9 is not the leader 7550e15a-2ff9-4e5e-b05d-d9f072bd52cf:192.168.34.37:41606, logIndex=0, commits[97184ed6-1d8a-4db2-a901-2f2d7f2102ca:c15, bdd5aae1-c180-43a6-a11a-58912a33bf0b:c12, 7550e15a-2ff9-4e5e-b05d-d9f072bd52cf:c15]
2019-09-17 09:58:40,117 [org.apache.ratis.server.impl.LogAppender$AppenderDaemon$$Lambda$490/1425097048@4ad71606] ERROR ratis.XceiverServerRatis (XceiverServerRatis.java:triggerPipelineClose(568)) - pipeline Action CLOSE  on pipeline PipelineID=e8040a40-da8c-4c75-9a90-c8f5a74d1db9.Reason : 7550e15a-2ff9-4e5e-b05d-d9f072bd52cf has not seen follower/s bdd5aae1-c180-43a6-a11a-58912a33bf0b for 162776ms 97184ed6-1d8a-4db2-a901-2f2d7f2102ca for 162776ms
2019-09-17 09:58:40,117 [org.apache.ratis.server.impl.LogAppender$AppenderDaemon$$Lambda$490/1425097048@344a415e] ERROR ratis.XceiverServerRatis (XceiverServerRatis.java:triggerPipelineClose(568)) - pipeline Action CLOSE  on pipeline PipelineID=e8040a40-da8c-4c75-9a90-c8f5a74d1db9.Reason : 7550e15a-2ff9-4e5e-b05d-d9f072bd52cf has not seen follower/s bdd5aae1-c180-43a6-a11a-58912a33bf0b for 162776ms 97184ed6-1d8a-4db2-a901-2f2d7f2102ca for 162776ms
2019-09-17 09:58:40,616 [java.util.concurrent.ThreadPoolExecutor$Worker@12935038[State = -1, empty queue]] WARN  server.GrpcLogAppender (GrpcLogAppender.java:timeoutAppendRequest(200)) - 7550e15a-2ff9-4e5e-b05d-d9f072bd52cf@group-C8F5A74D1DB9->bdd5aae1-c180-43a6-a11a-58912a33bf0b-GrpcLogAppender: appendEntries Timeout, request=7550e15a-2ff9-4e5e-b05d-d9f072bd52cf->bdd5aae1-c180-43a6-a11a-58912a33bf0b#84-t1, previous=(t:1, i:20), leaderCommit=15, initializing? false, entries: <empty>
2019-09-17 09:58:40,616 [java.util.concurrent.ThreadPoolExecutor$Worker@3e348b54[State = -1, empty queue]] WARN  server.GrpcLogAppender (GrpcLogAppender.java:timeoutAppendRequest(200)) - 7550e15a-2ff9-4e5e-b05d-d9f072bd52cf@group-C8F5A74D1DB9->97184ed6-1d8a-4db2-a901-2f2d7f2102ca-GrpcLogAppender: appendEntries Timeout, request=7550e15a-2ff9-4e5e-b05d-d9f072bd52cf->97184ed6-1d8a-4db2-a901-2f2d7f2102ca#84-t1, previous=(t:1, i:20), leaderCommit=15, initializing? false, entries: <empty>
2019-09-17 09:58:41,106 [EventQueue-PipelineActionsForPipelineActionHandler] ERROR pipeline.PipelineActionHandler (PipelineActionHandler.java:onMessage(60)) - Received pipeline action CLOSE for Pipeline[ Id: e8040a40-da8c-4c75-9a90-c8f5a74d1db9, Nodes: bdd5aae1-c180-43a6-a11a-58912a33bf0b{ip: 192.168.34.37, host: pr-hdds-2110-rdjw6-11158954, networkLocation: /default-rack, certSerialId: null}97184ed6-1d8a-4db2-a901-2f2d7f2102ca{ip: 192.168.34.37, host: pr-hdds-2110-rdjw6-11158954, networkLocation: /default-rack, certSerialId: null}7550e15a-2ff9-4e5e-b05d-d9f072bd52cf{ip: 192.168.34.37, host: pr-hdds-2110-rdjw6-11158954, networkLocation: /default-rack, certSerialId: null}, Type:RATIS, Factor:THREE, State:CLOSED] from datanode 7550e15a-2ff9-4e5e-b05d-d9f072bd52cf{ip: 192.168.34.37, host: pr-hdds-2110-rdjw6-11158954, networkLocation: /default-rack, certSerialId: null}. Reason : 7550e15a-2ff9-4e5e-b05d-d9f072bd52cf has not seen follower/s bdd5aae1-c180-43a6-a11a-58912a33bf0b for 162776ms 97184ed6-1d8a-4db2-a901-2f2d7f2102ca for 162776ms
2019-09-17 09:58:41,107 [EventQueue-PipelineActionsForPipelineActionHandler] INFO  pipeline.SCMPipelineManager (SCMPipelineManager.java:finalizeAndDestroyPipeline(311)) - destroying pipeline:Pipeline[ Id: e8040a40-da8c-4c75-9a90-c8f5a74d1db9, Nodes: bdd5aae1-c180-43a6-a11a-58912a33bf0b{ip: 192.168.34.37, host: pr-hdds-2110-rdjw6-11158954, networkLocation: /default-rack, certSerialId: null}97184ed6-1d8a-4db2-a901-2f2d7f2102ca{ip: 192.168.34.37, host: pr-hdds-2110-rdjw6-11158954, networkLocation: /default-rack, certSerialId: null}7550e15a-2ff9-4e5e-b05d-d9f072bd52cf{ip: 192.168.34.37, host: pr-hdds-2110-rdjw6-11158954, networkLocation: /default-rack, certSerialId: null}, Type:RATIS, Factor:THREE, State:CLOSED]
2019-09-17 09:58:42,618 [org.apache.ratis.server.impl.LogAppender$AppenderDaemon$$Lambda$490/1425097048@4ad71606] ERROR ratis.XceiverServerRatis (XceiverServerRatis.java:triggerPipelineClose(568)) - pipeline Action CLOSE  on pipeline PipelineID=e8040a40-da8c-4c75-9a90-c8f5a74d1db9.Reason : 7550e15a-2ff9-4e5e-b05d-d9f072bd52cf has not seen follower/s bdd5aae1-c180-43a6-a11a-58912a33bf0b for 165277ms 97184ed6-1d8a-4db2-a901-2f2d7f2102ca for 165277ms
2019-09-17 09:58:42,618 [org.apache.ratis.server.impl.LogAppender$AppenderDaemon$$Lambda$490/1425097048@344a415e] ERROR ratis.XceiverServerRatis (XceiverServerRatis.java:triggerPipelineClose(568)) - pipeline Action CLOSE  on pipeline PipelineID=e8040a40-da8c-4c75-9a90-c8f5a74d1db9.Reason : 7550e15a-2ff9-4e5e-b05d-d9f072bd52cf has not seen follower/s bdd5aae1-c180-43a6-a11a-58912a33bf0b for 165277ms 97184ed6-1d8a-4db2-a901-2f2d7f2102ca for 165277ms
2019-09-17 09:58:43,106 [EventQueue-PipelineActionsForPipelineActionHandler] ERROR pipeline.PipelineActionHandler (PipelineActionHandler.java:onMessage(60)) - Received pipeline action CLOSE for Pipeline[ Id: e8040a40-da8c-4c75-9a90-c8f5a74d1db9, Nodes: bdd5aae1-c180-43a6-a11a-58912a33bf0b{ip: 192.168.34.37, host: pr-hdds-2110-rdjw6-11158954, networkLocation: /default-rack, certSerialId: null}97184ed6-1d8a-4db2-a901-2f2d7f2102ca{ip: 192.168.34.37, host: pr-hdds-2110-rdjw6-11158954, networkLocation: /default-rack, certSerialId: null}7550e15a-2ff9-4e5e-b05d-d9f072bd52cf{ip: 192.168.34.37, host: pr-hdds-2110-rdjw6-11158954, networkLocation: /default-rack, certSerialId: null}, Type:RATIS, Factor:THREE, State:CLOSED] from datanode 7550e15a-2ff9-4e5e-b05d-d9f072bd52cf{ip: 192.168.34.37, host: pr-hdds-2110-rdjw6-11158954, networkLocation: /default-rack, certSerialId: null}. Reason : 7550e15a-2ff9-4e5e-b05d-d9f072bd52cf has not seen follower/s bdd5aae1-c180-43a6-a11a-58912a33bf0b for 165277ms 97184ed6-1d8a-4db2-a901-2f2d7f2102ca for 165277ms
2019-09-17 09:58:43,106 [EventQueue-PipelineActionsForPipelineActionHandler] INFO  pipeline.SCMPipelineManager (SCMPipelineManager.java:finalizeAndDestroyPipeline(311)) - destroying pipeline:Pipeline[ Id: e8040a40-da8c-4c75-9a90-c8f5a74d1db9, Nodes: bdd5aae1-c180-43a6-a11a-58912a33bf0b{ip: 192.168.34.37, host: pr-hdds-2110-rdjw6-11158954, networkLocation: /default-rack, certSerialId: null}97184ed6-1d8a-4db2-a901-2f2d7f2102ca{ip: 192.168.34.37, host: pr-hdds-2110-rdjw6-11158954, networkLocation: /default-rack, certSerialId: null}7550e15a-2ff9-4e5e-b05d-d9f072bd52cf{ip: 192.168.34.37, host: pr-hdds-2110-rdjw6-11158954, networkLocation: /default-rack, certSerialId: null}, Type:RATIS, Factor:THREE, State:CLOSED]
2019-09-17 09:58:43,116 [java.util.concurrent.ThreadPoolExecutor$Worker@3e348b54[State = -1, empty queue]] WARN  server.GrpcLogAppender (GrpcLogAppender.java:timeoutAppendRequest(200)) - 7550e15a-2ff9-4e5e-b05d-d9f072bd52cf@group-C8F5A74D1DB9->97184ed6-1d8a-4db2-a901-2f2d7f2102ca-GrpcLogAppender: appendEntries Timeout, request=7550e15a-2ff9-4e5e-b05d-d9f072bd52cf->97184ed6-1d8a-4db2-a901-2f2d7f2102ca#85-t1, previous=(t:1, i:20), leaderCommit=15, initializing? false, entries: <empty>
2019-09-17 09:58:43,117 [java.util.concurrent.ThreadPoolExecutor$Worker@12935038[State = -1, empty queue]] WARN  server.GrpcLogAppender (GrpcLogAppender.java:timeoutAppendRequest(200)) - 7550e15a-2ff9-4e5e-b05d-d9f072bd52cf@group-C8F5A74D1DB9->bdd5aae1-c180-43a6-a11a-58912a33bf0b-GrpcLogAppender: appendEntries Timeout, request=7550e15a-2ff9-4e5e-b05d-d9f072bd52cf->bdd5aae1-c180-43a6-a11a-58912a33bf0b#85-t1, previous=(t:1, i:20), leaderCommit=15, initializing? false, entries: <empty>
2019-09-17 09:58:44,971 [grpc-default-executor-8] INFO  client.GrpcClientProtocolClient (GrpcClientProtocolClient.java:onNext(264)) - client-6DB5D824AA41->bdd5aae1-c180-43a6-a11a-58912a33bf0b: receive RaftClientReply:client-6DB5D824AA41->bdd5aae1-c180-43a6-a11a-58912a33bf0b@group-C8F5A74D1DB9, cid=338, FAILED org.apache.ratis.protocol.NotLeaderException: Server bdd5aae1-c180-43a6-a11a-58912a33bf0b@group-C8F5A74D1DB9 is not the leader 7550e15a-2ff9-4e5e-b05d-d9f072bd52cf:192.168.34.37:41606, logIndex=0, commits[bdd5aae1-c180-43a6-a11a-58912a33bf0b:c15, 97184ed6-1d8a-4db2-a901-2f2d7f2102ca:c12, 7550e15a-2ff9-4e5e-b05d-d9f072bd52cf:c15]
2019-09-17 09:58:45,118 [org.apache.ratis.server.impl.LogAppender$AppenderDaemon$$Lambda$490/1425097048@344a415e] ERROR ratis.XceiverServerRatis (XceiverServerRatis.java:triggerPipelineClose(568)) - pipeline Action CLOSE  on pipeline PipelineID=e8040a40-da8c-4c75-9a90-c8f5a74d1db9.Reason : 7550e15a-2ff9-4e5e-b05d-d9f072bd52cf has not seen follower/s bdd5aae1-c180-43a6-a11a-58912a33bf0b for 167778ms 97184ed6-1d8a-4db2-a901-2f2d7f2102ca for 167777ms
2019-09-17 09:58:45,119 [org.apache.ratis.server.impl.LogAppender$AppenderDaemon$$Lambda$490/1425097048@4ad71606] ERROR ratis.XceiverServerRatis (XceiverServerRatis.java:triggerPipelineClose(568)) - pipeline Action CLOSE  on pipeline PipelineID=e8040a40-da8c-4c75-9a90-c8f5a74d1db9.Reason : 7550e15a-2ff9-4e5e-b05d-d9f072bd52cf has not seen follower/s bdd5aae1-c180-43a6-a11a-58912a33bf0b for 167778ms 97184ed6-1d8a-4db2-a901-2f2d7f2102ca for 167778ms
2019-09-17 09:58:45,617 [java.util.concurrent.ThreadPoolExecutor$Worker@12935038[State = -1, empty queue]] WARN  server.GrpcLogAppender (GrpcLogAppender.java:timeoutAppendRequest(200)) - 7550e15a-2ff9-4e5e-b05d-d9f072bd52cf@group-C8F5A74D1DB9->bdd5aae1-c180-43a6-a11a-58912a33bf0b-GrpcLogAppender: appendEntries Timeout, request=7550e15a-2ff9-4e5e-b05d-d9f072bd52cf->bdd5aae1-c180-43a6-a11a-58912a33bf0b#86-t1, previous=(t:1, i:20), leaderCommit=15, initializing? false, entries: <empty>
2019-09-17 09:58:45,618 [java.util.concurrent.ThreadPoolExecutor$Worker@3e348b54[State = -1, empty queue]] WARN  server.GrpcLogAppender (GrpcLogAppender.java:timeoutAppendRequest(200)) - 7550e15a-2ff9-4e5e-b05d-d9f072bd52cf@group-C8F5A74D1DB9->97184ed6-1d8a-4db2-a901-2f2d7f2102ca-GrpcLogAppender: appendEntries Timeout, request=7550e15a-2ff9-4e5e-b05d-d9f072bd52cf->97184ed6-1d8a-4db2-a901-2f2d7f2102ca#86-t1, previous=(t:1, i:20), leaderCommit=15, initializing? false, entries: <empty>
2019-09-17 09:58:46,105 [EventQueue-PipelineActionsForPipelineActionHandler] ERROR pipeline.PipelineActionHandler (PipelineActionHandler.java:onMessage(60)) - Received pipeline action CLOSE for Pipeline[ Id: e8040a40-da8c-4c75-9a90-c8f5a74d1db9, Nodes: bdd5aae1-c180-43a6-a11a-58912a33bf0b{ip: 192.168.34.37, host: pr-hdds-2110-rdjw6-11158954, networkLocation: /default-rack, certSerialId: null}97184ed6-1d8a-4db2-a901-2f2d7f2102ca{ip: 192.168.34.37, host: pr-hdds-2110-rdjw6-11158954, networkLocation: /default-rack, certSerialId: null}7550e15a-2ff9-4e5e-b05d-d9f072bd52cf{ip: 192.168.34.37, host: pr-hdds-2110-rdjw6-11158954, networkLocation: /default-rack, certSerialId: null}, Type:RATIS, Factor:THREE, State:CLOSED] from datanode 7550e15a-2ff9-4e5e-b05d-d9f072bd52cf{ip: 192.168.34.37, host: pr-hdds-2110-rdjw6-11158954, networkLocation: /default-rack, certSerialId: null}. Reason : 7550e15a-2ff9-4e5e-b05d-d9f072bd52cf has not seen follower/s bdd5aae1-c180-43a6-a11a-58912a33bf0b for 167778ms 97184ed6-1d8a-4db2-a901-2f2d7f2102ca for 167777ms
2019-09-17 09:58:46,106 [EventQueue-PipelineActionsForPipelineActionHandler] INFO  pipeline.SCMPipelineManager (SCMPipelineManager.java:finalizeAndDestroyPipeline(311)) - destroying pipeline:Pipeline[ Id: e8040a40-da8c-4c75-9a90-c8f5a74d1db9, Nodes: bdd5aae1-c180-43a6-a11a-58912a33bf0b{ip: 192.168.34.37, host: pr-hdds-2110-rdjw6-11158954, networkLocation: /default-rack, certSerialId: null}97184ed6-1d8a-4db2-a901-2f2d7f2102ca{ip: 192.168.34.37, host: pr-hdds-2110-rdjw6-11158954, networkLocation: /default-rack, certSerialId: null}7550e15a-2ff9-4e5e-b05d-d9f072bd52cf{ip: 192.168.34.37, host: pr-hdds-2110-rdjw6-11158954, networkLocation: /default-rack, certSerialId: null}, Type:RATIS, Factor:THREE, State:CLOSED]
2019-09-17 09:58:47,619 [org.apache.ratis.server.impl.LogAppender$AppenderDaemon$$Lambda$490/1425097048@344a415e] ERROR ratis.XceiverServerRatis (XceiverServerRatis.java:triggerPipelineClose(568)) - pipeline Action CLOSE  on pipeline PipelineID=e8040a40-da8c-4c75-9a90-c8f5a74d1db9.Reason : 7550e15a-2ff9-4e5e-b05d-d9f072bd52cf has not seen follower/s bdd5aae1-c180-43a6-a11a-58912a33bf0b for 170278ms 97184ed6-1d8a-4db2-a901-2f2d7f2102ca for 170278ms
2019-09-17 09:58:47,619 [org.apache.ratis.server.impl.LogAppender$AppenderDaemon$$Lambda$490/1425097048@4ad71606] ERROR ratis.XceiverServerRatis (XceiverServerRatis.java:triggerPipelineClose(568)) - pipeline Action CLOSE  on pipeline PipelineID=e8040a40-da8c-4c75-9a90-c8f5a74d1db9.Reason : 7550e15a-2ff9-4e5e-b05d-d9f072bd52cf has not seen follower/s bdd5aae1-c180-43a6-a11a-58912a33bf0b for 170279ms 97184ed6-1d8a-4db2-a901-2f2d7f2102ca for 170279ms
2019-09-17 09:58:47,819 [7550e15a-2ff9-4e5e-b05d-d9f072bd52cf@group-C8F5A74D1DB9-SegmentedRaftLogWorker] WARN  segmented.SegmentedRaftLogWorker (SegmentedRaftLogWorker.java:getFromFuture(90)) - Timeout 16/~
org.apache.ratis.protocol.TimeoutIOException: Timeout 10s: WriteLog:16: (t:1, i:16), STATEMACHINELOGENTRY, client-6DB5D824AA41, cid=338-writeStateMachineData
	at org.apache.ratis.util.IOUtils.getFromFuture(IOUtils.java:87)
	at org.apache.ratis.server.raftlog.segmented.SegmentedRaftLogWorker$StateMachineDataPolicy.getFromFuture(SegmentedRaftLogWorker.java:87)
	at org.apache.ratis.server.raftlog.segmented.SegmentedRaftLogWorker$WriteLog.execute(SegmentedRaftLogWorker.java:477)
	at org.apache.ratis.server.raftlog.segmented.SegmentedRaftLogWorker.run(SegmentedRaftLogWorker.java:289)
	at java.lang.Thread.run(Thread.java:748)
Caused by: java.util.concurrent.TimeoutException
	at java.util.concurrent.CompletableFuture.timedGet(CompletableFuture.java:1771)
	at java.util.concurrent.CompletableFuture.get(CompletableFuture.java:1915)
	at org.apache.ratis.util.IOUtils.getFromFuture(IOUtils.java:79)
	... 4 more
2019-09-17 09:58:47,864 [bdd5aae1-c180-43a6-a11a-58912a33bf0b@group-C8F5A74D1DB9-SegmentedRaftLogWorker] WARN  segmented.SegmentedRaftLogWorker (SegmentedRaftLogWorker.java:getFromFuture(90)) - Timeout 16/~
org.apache.ratis.protocol.TimeoutIOException: Timeout 10s: WriteLog:16: (t:1, i:16), STATEMACHINELOGENTRY, client-6DB5D824AA41, cid=338-writeStateMachineData
	at org.apache.ratis.util.IOUtils.getFromFuture(IOUtils.java:87)
	at org.apache.ratis.server.raftlog.segmented.SegmentedRaftLogWorker$StateMachineDataPolicy.getFromFuture(SegmentedRaftLogWorker.java:87)
	at org.apache.ratis.server.raftlog.segmented.SegmentedRaftLogWorker$WriteLog.execute(SegmentedRaftLogWorker.java:477)
	at org.apache.ratis.server.raftlog.segmented.SegmentedRaftLogWorker.run(SegmentedRaftLogWorker.java:289)
	at java.lang.Thread.run(Thread.java:748)
Caused by: java.util.concurrent.TimeoutException
	at java.util.concurrent.CompletableFuture.timedGet(CompletableFuture.java:1771)
	at java.util.concurrent.CompletableFuture.get(CompletableFuture.java:1915)
	at org.apache.ratis.util.IOUtils.getFromFuture(IOUtils.java:79)
	... 4 more
2019-09-17 09:58:47,865 [97184ed6-1d8a-4db2-a901-2f2d7f2102ca@group-C8F5A74D1DB9-SegmentedRaftLogWorker] WARN  segmented.SegmentedRaftLogWorker (SegmentedRaftLogWorker.java:getFromFuture(90)) - Timeout 16/~
org.apache.ratis.protocol.TimeoutIOException: Timeout 10s: WriteLog:16: (t:1, i:16), STATEMACHINELOGENTRY, client-6DB5D824AA41, cid=338-writeStateMachineData
	at org.apache.ratis.util.IOUtils.getFromFuture(IOUtils.java:87)
	at org.apache.ratis.server.raftlog.segmented.SegmentedRaftLogWorker$StateMachineDataPolicy.getFromFuture(SegmentedRaftLogWorker.java:87)
	at org.apache.ratis.server.raftlog.segmented.SegmentedRaftLogWorker$WriteLog.execute(SegmentedRaftLogWorker.java:477)
	at org.apache.ratis.server.raftlog.segmented.SegmentedRaftLogWorker.run(SegmentedRaftLogWorker.java:289)
	at java.lang.Thread.run(Thread.java:748)
Caused by: java.util.concurrent.TimeoutException
	at java.util.concurrent.CompletableFuture.timedGet(CompletableFuture.java:1771)
	at java.util.concurrent.CompletableFuture.get(CompletableFuture.java:1915)
	at org.apache.ratis.util.IOUtils.getFromFuture(IOUtils.java:79)
	... 4 more
2019-09-17 09:58:48,106 [EventQueue-PipelineActionsForPipelineActionHandler] ERROR pipeline.PipelineActionHandler (PipelineActionHandler.java:onMessage(60)) - Received pipeline action CLOSE for Pipeline[ Id: e8040a40-da8c-4c75-9a90-c8f5a74d1db9, Nodes: bdd5aae1-c180-43a6-a11a-58912a33bf0b{ip: 192.168.34.37, host: pr-hdds-2110-rdjw6-11158954, networkLocation: /default-rack, certSerialId: null}97184ed6-1d8a-4db2-a901-2f2d7f2102ca{ip: 192.168.34.37, host: pr-hdds-2110-rdjw6-11158954, networkLocation: /default-rack, certSerialId: null}7550e15a-2ff9-4e5e-b05d-d9f072bd52cf{ip: 192.168.34.37, host: pr-hdds-2110-rdjw6-11158954, networkLocation: /default-rack, certSerialId: null}, Type:RATIS, Factor:THREE, State:CLOSED] from datanode 7550e15a-2ff9-4e5e-b05d-d9f072bd52cf{ip: 192.168.34.37, host: pr-hdds-2110-rdjw6-11158954, networkLocation: /default-rack, certSerialId: null}. Reason : 7550e15a-2ff9-4e5e-b05d-d9f072bd52cf has not seen follower/s bdd5aae1-c180-43a6-a11a-58912a33bf0b for 170278ms 97184ed6-1d8a-4db2-a901-2f2d7f2102ca for 170278ms
2019-09-17 09:58:48,107 [EventQueue-PipelineActionsForPipelineActionHandler] INFO  pipeline.SCMPipelineManager (SCMPipelineManager.java:finalizeAndDestroyPipeline(311)) - destroying pipeline:Pipeline[ Id: e8040a40-da8c-4c75-9a90-c8f5a74d1db9, Nodes: bdd5aae1-c180-43a6-a11a-58912a33bf0b{ip: 192.168.34.37, host: pr-hdds-2110-rdjw6-11158954, networkLocation: /default-rack, certSerialId: null}97184ed6-1d8a-4db2-a901-2f2d7f2102ca{ip: 192.168.34.37, host: pr-hdds-2110-rdjw6-11158954, networkLocation: /default-rack, certSerialId: null}7550e15a-2ff9-4e5e-b05d-d9f072bd52cf{ip: 192.168.34.37, host: pr-hdds-2110-rdjw6-11158954, networkLocation: /default-rack, certSerialId: null}, Type:RATIS, Factor:THREE, State:CLOSED]
2019-09-17 09:58:48,118 [java.util.concurrent.ThreadPoolExecutor$Worker@12935038[State = -1, empty queue]] WARN  server.GrpcLogAppender (GrpcLogAppender.java:timeoutAppendRequest(200)) - 7550e15a-2ff9-4e5e-b05d-d9f072bd52cf@group-C8F5A74D1DB9->bdd5aae1-c180-43a6-a11a-58912a33bf0b-GrpcLogAppender: appendEntries Timeout, request=7550e15a-2ff9-4e5e-b05d-d9f072bd52cf->bdd5aae1-c180-43a6-a11a-58912a33bf0b#87-t1, previous=(t:1, i:20), leaderCommit=15, initializing? false, entries: <empty>
2019-09-17 09:58:48,118 [java.util.concurrent.ThreadPoolExecutor$Worker@3e348b54[State = -1, empty queue]] WARN  server.GrpcLogAppender (GrpcLogAppender.java:timeoutAppendRequest(200)) - 7550e15a-2ff9-4e5e-b05d-d9f072bd52cf@group-C8F5A74D1DB9->97184ed6-1d8a-4db2-a901-2f2d7f2102ca-GrpcLogAppender: appendEntries Timeout, request=7550e15a-2ff9-4e5e-b05d-d9f072bd52cf->97184ed6-1d8a-4db2-a901-2f2d7f2102ca#87-t1, previous=(t:1, i:20), leaderCommit=15, initializing? false, entries: <empty>
2019-09-17 09:58:50,051 [grpc-default-executor-10] INFO  client.GrpcClientProtocolClient (GrpcClientProtocolClient.java:onNext(264)) - client-6DB5D824AA41->97184ed6-1d8a-4db2-a901-2f2d7f2102ca: receive RaftClientReply:client-6DB5D824AA41->97184ed6-1d8a-4db2-a901-2f2d7f2102ca@group-C8F5A74D1DB9, cid=338, FAILED org.apache.ratis.protocol.NotLeaderException: Server 97184ed6-1d8a-4db2-a901-2f2d7f2102ca@group-C8F5A74D1DB9 is not the leader 7550e15a-2ff9-4e5e-b05d-d9f072bd52cf:192.168.34.37:41606, logIndex=0, commits[97184ed6-1d8a-4db2-a901-2f2d7f2102ca:c15, bdd5aae1-c180-43a6-a11a-58912a33bf0b:c12, 7550e15a-2ff9-4e5e-b05d-d9f072bd52cf:c15]
2019-09-17 09:58:50,120 [org.apache.ratis.server.impl.LogAppender$AppenderDaemon$$Lambda$490/1425097048@344a415e] ERROR ratis.XceiverServerRatis (XceiverServerRatis.java:triggerPipelineClose(568)) - pipeline Action CLOSE  on pipeline PipelineID=e8040a40-da8c-4c75-9a90-c8f5a74d1db9.Reason : 7550e15a-2ff9-4e5e-b05d-d9f072bd52cf has not seen follower/s bdd5aae1-c180-43a6-a11a-58912a33bf0b for 172779ms 97184ed6-1d8a-4db2-a901-2f2d7f2102ca for 172779ms
2019-09-17 09:58:50,120 [org.apache.ratis.server.impl.LogAppender$AppenderDaemon$$Lambda$490/1425097048@4ad71606] ERROR ratis.XceiverServerRatis (XceiverServerRatis.java:triggerPipelineClose(568)) - pipeline Action CLOSE  on pipeline PipelineID=e8040a40-da8c-4c75-9a90-c8f5a74d1db9.Reason : 7550e15a-2ff9-4e5e-b05d-d9f072bd52cf has not seen follower/s bdd5aae1-c180-43a6-a11a-58912a33bf0b for 172780ms 97184ed6-1d8a-4db2-a901-2f2d7f2102ca for 172780ms
2019-09-17 09:58:50,618 [java.util.concurrent.ThreadPoolExecutor$Worker@12935038[State = -1, empty queue]] WARN  server.GrpcLogAppender (GrpcLogAppender.java:timeoutAppendRequest(200)) - 7550e15a-2ff9-4e5e-b05d-d9f072bd52cf@group-C8F5A74D1DB9->bdd5aae1-c180-43a6-a11a-58912a33bf0b-GrpcLogAppender: appendEntries Timeout, request=7550e15a-2ff9-4e5e-b05d-d9f072bd52cf->bdd5aae1-c180-43a6-a11a-58912a33bf0b#88-t1, previous=(t:1, i:20), leaderCommit=15, initializing? false, entries: <empty>
2019-09-17 09:58:50,619 [java.util.concurrent.ThreadPoolExecutor$Worker@3e348b54[State = -1, empty queue]] WARN  server.GrpcLogAppender (GrpcLogAppender.java:timeoutAppendRequest(200)) - 7550e15a-2ff9-4e5e-b05d-d9f072bd52cf@group-C8F5A74D1DB9->97184ed6-1d8a-4db2-a901-2f2d7f2102ca-GrpcLogAppender: appendEntries Timeout, request=7550e15a-2ff9-4e5e-b05d-d9f072bd52cf->97184ed6-1d8a-4db2-a901-2f2d7f2102ca#88-t1, previous=(t:1, i:20), leaderCommit=15, initializing? false, entries: <empty>
2019-09-17 09:58:51,108 [EventQueue-PipelineActionsForPipelineActionHandler] ERROR pipeline.PipelineActionHandler (PipelineActionHandler.java:onMessage(60)) - Received pipeline action CLOSE for Pipeline[ Id: e8040a40-da8c-4c75-9a90-c8f5a74d1db9, Nodes: bdd5aae1-c180-43a6-a11a-58912a33bf0b{ip: 192.168.34.37, host: pr-hdds-2110-rdjw6-11158954, networkLocation: /default-rack, certSerialId: null}97184ed6-1d8a-4db2-a901-2f2d7f2102ca{ip: 192.168.34.37, host: pr-hdds-2110-rdjw6-11158954, networkLocation: /default-rack, certSerialId: null}7550e15a-2ff9-4e5e-b05d-d9f072bd52cf{ip: 192.168.34.37, host: pr-hdds-2110-rdjw6-11158954, networkLocation: /default-rack, certSerialId: null}, Type:RATIS, Factor:THREE, State:CLOSED] from datanode 7550e15a-2ff9-4e5e-b05d-d9f072bd52cf{ip: 192.168.34.37, host: pr-hdds-2110-rdjw6-11158954, networkLocation: /default-rack, certSerialId: null}. Reason : 7550e15a-2ff9-4e5e-b05d-d9f072bd52cf has not seen follower/s bdd5aae1-c180-43a6-a11a-58912a33bf0b for 172779ms 97184ed6-1d8a-4db2-a901-2f2d7f2102ca for 172779ms
2019-09-17 09:58:51,108 [EventQueue-PipelineActionsForPipelineActionHandler] INFO  pipeline.SCMPipelineManager (SCMPipelineManager.java:finalizeAndDestroyPipeline(311)) - destroying pipeline:Pipeline[ Id: e8040a40-da8c-4c75-9a90-c8f5a74d1db9, Nodes: bdd5aae1-c180-43a6-a11a-58912a33bf0b{ip: 192.168.34.37, host: pr-hdds-2110-rdjw6-11158954, networkLocation: /default-rack, certSerialId: null}97184ed6-1d8a-4db2-a901-2f2d7f2102ca{ip: 192.168.34.37, host: pr-hdds-2110-rdjw6-11158954, networkLocation: /default-rack, certSerialId: null}7550e15a-2ff9-4e5e-b05d-d9f072bd52cf{ip: 192.168.34.37, host: pr-hdds-2110-rdjw6-11158954, networkLocation: /default-rack, certSerialId: null}, Type:RATIS, Factor:THREE, State:CLOSED]
2019-09-17 09:58:52,620 [org.apache.ratis.server.impl.LogAppender$AppenderDaemon$$Lambda$490/1425097048@344a415e] ERROR ratis.XceiverServerRatis (XceiverServerRatis.java:triggerPipelineClose(568)) - pipeline Action CLOSE  on pipeline PipelineID=e8040a40-da8c-4c75-9a90-c8f5a74d1db9.Reason : 7550e15a-2ff9-4e5e-b05d-d9f072bd52cf has not seen follower/s bdd5aae1-c180-43a6-a11a-58912a33bf0b for 175279ms 97184ed6-1d8a-4db2-a901-2f2d7f2102ca for 175279ms
2019-09-17 09:58:52,621 [org.apache.ratis.server.impl.LogAppender$AppenderDaemon$$Lambda$490/1425097048@4ad71606] ERROR ratis.XceiverServerRatis (XceiverServerRatis.java:triggerPipelineClose(568)) - pipeline Action CLOSE  on pipeline PipelineID=e8040a40-da8c-4c75-9a90-c8f5a74d1db9.Reason : 7550e15a-2ff9-4e5e-b05d-d9f072bd52cf has not seen follower/s bdd5aae1-c180-43a6-a11a-58912a33bf0b for 175281ms 97184ed6-1d8a-4db2-a901-2f2d7f2102ca for 175280ms
2019-09-17 09:58:53,109 [EventQueue-PipelineActionsForPipelineActionHandler] ERROR pipeline.PipelineActionHandler (PipelineActionHandler.java:onMessage(60)) - Received pipeline action CLOSE for Pipeline[ Id: e8040a40-da8c-4c75-9a90-c8f5a74d1db9, Nodes: bdd5aae1-c180-43a6-a11a-58912a33bf0b{ip: 192.168.34.37, host: pr-hdds-2110-rdjw6-11158954, networkLocation: /default-rack, certSerialId: null}97184ed6-1d8a-4db2-a901-2f2d7f2102ca{ip: 192.168.34.37, host: pr-hdds-2110-rdjw6-11158954, networkLocation: /default-rack, certSerialId: null}7550e15a-2ff9-4e5e-b05d-d9f072bd52cf{ip: 192.168.34.37, host: pr-hdds-2110-rdjw6-11158954, networkLocation: /default-rack, certSerialId: null}, Type:RATIS, Factor:THREE, State:CLOSED] from datanode 7550e15a-2ff9-4e5e-b05d-d9f072bd52cf{ip: 192.168.34.37, host: pr-hdds-2110-rdjw6-11158954, networkLocation: /default-rack, certSerialId: null}. Reason : 7550e15a-2ff9-4e5e-b05d-d9f072bd52cf has not seen follower/s bdd5aae1-c180-43a6-a11a-58912a33bf0b for 175279ms 97184ed6-1d8a-4db2-a901-2f2d7f2102ca for 175279ms
2019-09-17 09:58:53,109 [EventQueue-PipelineActionsForPipelineActionHandler] INFO  pipeline.SCMPipelineManager (SCMPipelineManager.java:finalizeAndDestroyPipeline(311)) - destroying pipeline:Pipeline[ Id: e8040a40-da8c-4c75-9a90-c8f5a74d1db9, Nodes: bdd5aae1-c180-43a6-a11a-58912a33bf0b{ip: 192.168.34.37, host: pr-hdds-2110-rdjw6-11158954, networkLocation: /default-rack, certSerialId: null}97184ed6-1d8a-4db2-a901-2f2d7f2102ca{ip: 192.168.34.37, host: pr-hdds-2110-rdjw6-11158954, networkLocation: /default-rack, certSerialId: null}7550e15a-2ff9-4e5e-b05d-d9f072bd52cf{ip: 192.168.34.37, host: pr-hdds-2110-rdjw6-11158954, networkLocation: /default-rack, certSerialId: null}, Type:RATIS, Factor:THREE, State:CLOSED]
2019-09-17 09:58:53,119 [java.util.concurrent.ThreadPoolExecutor$Worker@12935038[State = -1, empty queue]] WARN  server.GrpcLogAppender (GrpcLogAppender.java:timeoutAppendRequest(200)) - 7550e15a-2ff9-4e5e-b05d-d9f072bd52cf@group-C8F5A74D1DB9->bdd5aae1-c180-43a6-a11a-58912a33bf0b-GrpcLogAppender: appendEntries Timeout, request=7550e15a-2ff9-4e5e-b05d-d9f072bd52cf->bdd5aae1-c180-43a6-a11a-58912a33bf0b#89-t1, previous=(t:1, i:20), leaderCommit=15, initializing? false, entries: <empty>
2019-09-17 09:58:53,120 [java.util.concurrent.ThreadPoolExecutor$Worker@3e348b54[State = -1, empty queue]] WARN  server.GrpcLogAppender (GrpcLogAppender.java:timeoutAppendRequest(200)) - 7550e15a-2ff9-4e5e-b05d-d9f072bd52cf@group-C8F5A74D1DB9->97184ed6-1d8a-4db2-a901-2f2d7f2102ca-GrpcLogAppender: appendEntries Timeout, request=7550e15a-2ff9-4e5e-b05d-d9f072bd52cf->97184ed6-1d8a-4db2-a901-2f2d7f2102ca#89-t1, previous=(t:1, i:20), leaderCommit=15, initializing? false, entries: <empty>
2019-09-17 09:58:55,119 [grpc-default-executor-8] INFO  client.GrpcClientProtocolClient (GrpcClientProtocolClient.java:onNext(264)) - client-6DB5D824AA41->97184ed6-1d8a-4db2-a901-2f2d7f2102ca: receive RaftClientReply:client-6DB5D824AA41->97184ed6-1d8a-4db2-a901-2f2d7f2102ca@group-C8F5A74D1DB9, cid=338, FAILED org.apache.ratis.protocol.NotLeaderException: Server 97184ed6-1d8a-4db2-a901-2f2d7f2102ca@group-C8F5A74D1DB9 is not the leader 7550e15a-2ff9-4e5e-b05d-d9f072bd52cf:192.168.34.37:41606, logIndex=0, commits[97184ed6-1d8a-4db2-a901-2f2d7f2102ca:c15, bdd5aae1-c180-43a6-a11a-58912a33bf0b:c12, 7550e15a-2ff9-4e5e-b05d-d9f072bd52cf:c15]
2019-09-17 09:58:55,130 [org.apache.ratis.server.impl.LogAppender$AppenderDaemon$$Lambda$490/1425097048@344a415e] ERROR ratis.XceiverServerRatis (XceiverServerRatis.java:triggerPipelineClose(568)) - pipeline Action CLOSE  on pipeline PipelineID=e8040a40-da8c-4c75-9a90-c8f5a74d1db9.Reason : 7550e15a-2ff9-4e5e-b05d-d9f072bd52cf has not seen follower/s bdd5aae1-c180-43a6-a11a-58912a33bf0b for 177790ms 97184ed6-1d8a-4db2-a901-2f2d7f2102ca for 177790ms
2019-09-17 09:58:55,130 [org.apache.ratis.server.impl.LogAppender$AppenderDaemon$$Lambda$490/1425097048@4ad71606] ERROR ratis.XceiverServerRatis (XceiverServerRatis.java:triggerPipelineClose(568)) - pipeline Action CLOSE  on pipeline PipelineID=e8040a40-da8c-4c75-9a90-c8f5a74d1db9.Reason : 7550e15a-2ff9-4e5e-b05d-d9f072bd52cf has not seen follower/s bdd5aae1-c180-43a6-a11a-58912a33bf0b for 177790ms 97184ed6-1d8a-4db2-a901-2f2d7f2102ca for 177790ms
2019-09-17 09:58:55,620 [java.util.concurrent.ThreadPoolExecutor$Worker@12935038[State = -1, empty queue]] WARN  server.GrpcLogAppender (GrpcLogAppender.java:timeoutAppendRequest(200)) - 7550e15a-2ff9-4e5e-b05d-d9f072bd52cf@group-C8F5A74D1DB9->bdd5aae1-c180-43a6-a11a-58912a33bf0b-GrpcLogAppender: appendEntries Timeout, request=7550e15a-2ff9-4e5e-b05d-d9f072bd52cf->bdd5aae1-c180-43a6-a11a-58912a33bf0b#90-t1, previous=(t:1, i:20), leaderCommit=15, initializing? false, entries: <empty>
2019-09-17 09:58:55,621 [java.util.concurrent.ThreadPoolExecutor$Worker@3e348b54[State = -1, empty queue]] WARN  server.GrpcLogAppender (GrpcLogAppender.java:timeoutAppendRequest(200)) - 7550e15a-2ff9-4e5e-b05d-d9f072bd52cf@group-C8F5A74D1DB9->97184ed6-1d8a-4db2-a901-2f2d7f2102ca-GrpcLogAppender: appendEntries Timeout, request=7550e15a-2ff9-4e5e-b05d-d9f072bd52cf->97184ed6-1d8a-4db2-a901-2f2d7f2102ca#90-t1, previous=(t:1, i:20), leaderCommit=15, initializing? false, entries: <empty>
2019-09-17 09:58:56,109 [EventQueue-PipelineActionsForPipelineActionHandler] ERROR pipeline.PipelineActionHandler (PipelineActionHandler.java:onMessage(60)) - Received pipeline action CLOSE for Pipeline[ Id: e8040a40-da8c-4c75-9a90-c8f5a74d1db9, Nodes: bdd5aae1-c180-43a6-a11a-58912a33bf0b{ip: 192.168.34.37, host: pr-hdds-2110-rdjw6-11158954, networkLocation: /default-rack, certSerialId: null}97184ed6-1d8a-4db2-a901-2f2d7f2102ca{ip: 192.168.34.37, host: pr-hdds-2110-rdjw6-11158954, networkLocation: /default-rack, certSerialId: null}7550e15a-2ff9-4e5e-b05d-d9f072bd52cf{ip: 192.168.34.37, host: pr-hdds-2110-rdjw6-11158954, networkLocation: /default-rack, certSerialId: null}, Type:RATIS, Factor:THREE, State:CLOSED] from datanode 7550e15a-2ff9-4e5e-b05d-d9f072bd52cf{ip: 192.168.34.37, host: pr-hdds-2110-rdjw6-11158954, networkLocation: /default-rack, certSerialId: null}. Reason : 7550e15a-2ff9-4e5e-b05d-d9f072bd52cf has not seen follower/s bdd5aae1-c180-43a6-a11a-58912a33bf0b for 177790ms 97184ed6-1d8a-4db2-a901-2f2d7f2102ca for 177790ms
2019-09-17 09:58:56,109 [EventQueue-PipelineActionsForPipelineActionHandler] INFO  pipeline.SCMPipelineManager (SCMPipelineManager.java:finalizeAndDestroyPipeline(311)) - destroying pipeline:Pipeline[ Id: e8040a40-da8c-4c75-9a90-c8f5a74d1db9, Nodes: bdd5aae1-c180-43a6-a11a-58912a33bf0b{ip: 192.168.34.37, host: pr-hdds-2110-rdjw6-11158954, networkLocation: /default-rack, certSerialId: null}97184ed6-1d8a-4db2-a901-2f2d7f2102ca{ip: 192.168.34.37, host: pr-hdds-2110-rdjw6-11158954, networkLocation: /default-rack, certSerialId: null}7550e15a-2ff9-4e5e-b05d-d9f072bd52cf{ip: 192.168.34.37, host: pr-hdds-2110-rdjw6-11158954, networkLocation: /default-rack, certSerialId: null}, Type:RATIS, Factor:THREE, State:CLOSED]
2019-09-17 09:58:57,625 [org.apache.ratis.server.impl.LogAppender$AppenderDaemon$$Lambda$490/1425097048@344a415e] ERROR ratis.XceiverServerRatis (XceiverServerRatis.java:triggerPipelineClose(568)) - pipeline Action CLOSE  on pipeline PipelineID=e8040a40-da8c-4c75-9a90-c8f5a74d1db9.Reason : 7550e15a-2ff9-4e5e-b05d-d9f072bd52cf has not seen follower/s bdd5aae1-c180-43a6-a11a-58912a33bf0b for 180284ms 97184ed6-1d8a-4db2-a901-2f2d7f2102ca for 180284ms
2019-09-17 09:58:57,625 [org.apache.ratis.server.impl.LogAppender$AppenderDaemon$$Lambda$490/1425097048@4ad71606] ERROR ratis.XceiverServerRatis (XceiverServerRatis.java:triggerPipelineClose(568)) - pipeline Action CLOSE  on pipeline PipelineID=e8040a40-da8c-4c75-9a90-c8f5a74d1db9.Reason : 7550e15a-2ff9-4e5e-b05d-d9f072bd52cf has not seen follower/s bdd5aae1-c180-43a6-a11a-58912a33bf0b for 180284ms 97184ed6-1d8a-4db2-a901-2f2d7f2102ca for 180284ms
2019-09-17 09:58:57,820 [7550e15a-2ff9-4e5e-b05d-d9f072bd52cf@group-C8F5A74D1DB9-SegmentedRaftLogWorker] WARN  segmented.SegmentedRaftLogWorker (SegmentedRaftLogWorker.java:getFromFuture(90)) - Timeout 17/~
org.apache.ratis.protocol.TimeoutIOException: Timeout 10s: WriteLog:16: (t:1, i:16), STATEMACHINELOGENTRY, client-6DB5D824AA41, cid=338-writeStateMachineData
	at org.apache.ratis.util.IOUtils.getFromFuture(IOUtils.java:87)
	at org.apache.ratis.server.raftlog.segmented.SegmentedRaftLogWorker$StateMachineDataPolicy.getFromFuture(SegmentedRaftLogWorker.java:87)
	at org.apache.ratis.server.raftlog.segmented.SegmentedRaftLogWorker$WriteLog.execute(SegmentedRaftLogWorker.java:477)
	at org.apache.ratis.server.raftlog.segmented.SegmentedRaftLogWorker.run(SegmentedRaftLogWorker.java:289)
	at java.lang.Thread.run(Thread.java:748)
Caused by: java.util.concurrent.TimeoutException
	at java.util.concurrent.CompletableFuture.timedGet(CompletableFuture.java:1771)
	at java.util.concurrent.CompletableFuture.get(CompletableFuture.java:1915)
	at org.apache.ratis.util.IOUtils.getFromFuture(IOUtils.java:79)
	... 4 more
2019-09-17 09:58:57,865 [bdd5aae1-c180-43a6-a11a-58912a33bf0b@group-C8F5A74D1DB9-SegmentedRaftLogWorker] WARN  segmented.SegmentedRaftLogWorker (SegmentedRaftLogWorker.java:getFromFuture(90)) - Timeout 17/~
org.apache.ratis.protocol.TimeoutIOException: Timeout 10s: WriteLog:16: (t:1, i:16), STATEMACHINELOGENTRY, client-6DB5D824AA41, cid=338-writeStateMachineData
	at org.apache.ratis.util.IOUtils.getFromFuture(IOUtils.java:87)
	at org.apache.ratis.server.raftlog.segmented.SegmentedRaftLogWorker$StateMachineDataPolicy.getFromFuture(SegmentedRaftLogWorker.java:87)
	at org.apache.ratis.server.raftlog.segmented.SegmentedRaftLogWorker$WriteLog.execute(SegmentedRaftLogWorker.java:477)
	at org.apache.ratis.server.raftlog.segmented.SegmentedRaftLogWorker.run(SegmentedRaftLogWorker.java:289)
	at java.lang.Thread.run(Thread.java:748)
Caused by: java.util.concurrent.TimeoutException
	at java.util.concurrent.CompletableFuture.timedGet(CompletableFuture.java:1771)
	at java.util.concurrent.CompletableFuture.get(CompletableFuture.java:1915)
	at org.apache.ratis.util.IOUtils.getFromFuture(IOUtils.java:79)
	... 4 more
2019-09-17 09:58:57,866 [97184ed6-1d8a-4db2-a901-2f2d7f2102ca@group-C8F5A74D1DB9-SegmentedRaftLogWorker] WARN  segmented.SegmentedRaftLogWorker (SegmentedRaftLogWorker.java:getFromFuture(90)) - Timeout 17/~
org.apache.ratis.protocol.TimeoutIOException: Timeout 10s: WriteLog:16: (t:1, i:16), STATEMACHINELOGENTRY, client-6DB5D824AA41, cid=338-writeStateMachineData
	at org.apache.ratis.util.IOUtils.getFromFuture(IOUtils.java:87)
	at org.apache.ratis.server.raftlog.segmented.SegmentedRaftLogWorker$StateMachineDataPolicy.getFromFuture(SegmentedRaftLogWorker.java:87)
	at org.apache.ratis.server.raftlog.segmented.SegmentedRaftLogWorker$WriteLog.execute(SegmentedRaftLogWorker.java:477)
	at org.apache.ratis.server.raftlog.segmented.SegmentedRaftLogWorker.run(SegmentedRaftLogWorker.java:289)
	at java.lang.Thread.run(Thread.java:748)
Caused by: java.util.concurrent.TimeoutException
	at java.util.concurrent.CompletableFuture.timedGet(CompletableFuture.java:1771)
	at java.util.concurrent.CompletableFuture.get(CompletableFuture.java:1915)
	at org.apache.ratis.util.IOUtils.getFromFuture(IOUtils.java:79)
	... 4 more
2019-09-17 09:58:58,110 [EventQueue-PipelineActionsForPipelineActionHandler] ERROR pipeline.PipelineActionHandler (PipelineActionHandler.java:onMessage(60)) - Received pipeline action CLOSE for Pipeline[ Id: e8040a40-da8c-4c75-9a90-c8f5a74d1db9, Nodes: bdd5aae1-c180-43a6-a11a-58912a33bf0b{ip: 192.168.34.37, host: pr-hdds-2110-rdjw6-11158954, networkLocation: /default-rack, certSerialId: null}97184ed6-1d8a-4db2-a901-2f2d7f2102ca{ip: 192.168.34.37, host: pr-hdds-2110-rdjw6-11158954, networkLocation: /default-rack, certSerialId: null}7550e15a-2ff9-4e5e-b05d-d9f072bd52cf{ip: 192.168.34.37, host: pr-hdds-2110-rdjw6-11158954, networkLocation: /default-rack, certSerialId: null}, Type:RATIS, Factor:THREE, State:CLOSED] from datanode 7550e15a-2ff9-4e5e-b05d-d9f072bd52cf{ip: 192.168.34.37, host: pr-hdds-2110-rdjw6-11158954, networkLocation: /default-rack, certSerialId: null}. Reason : 7550e15a-2ff9-4e5e-b05d-d9f072bd52cf has not seen follower/s bdd5aae1-c180-43a6-a11a-58912a33bf0b for 180284ms 97184ed6-1d8a-4db2-a901-2f2d7f2102ca for 180284ms
2019-09-17 09:58:58,110 [EventQueue-PipelineActionsForPipelineActionHandler] INFO  pipeline.SCMPipelineManager (SCMPipelineManager.java:finalizeAndDestroyPipeline(311)) - destroying pipeline:Pipeline[ Id: e8040a40-da8c-4c75-9a90-c8f5a74d1db9, Nodes: bdd5aae1-c180-43a6-a11a-58912a33bf0b{ip: 192.168.34.37, host: pr-hdds-2110-rdjw6-11158954, networkLocation: /default-rack, certSerialId: null}97184ed6-1d8a-4db2-a901-2f2d7f2102ca{ip: 192.168.34.37, host: pr-hdds-2110-rdjw6-11158954, networkLocation: /default-rack, certSerialId: null}7550e15a-2ff9-4e5e-b05d-d9f072bd52cf{ip: 192.168.34.37, host: pr-hdds-2110-rdjw6-11158954, networkLocation: /default-rack, certSerialId: null}, Type:RATIS, Factor:THREE, State:CLOSED]
2019-09-17 09:58:58,124 [java.util.concurrent.ThreadPoolExecutor$Worker@3e348b54[State = -1, empty queue]] WARN  server.GrpcLogAppender (GrpcLogAppender.java:timeoutAppendRequest(200)) - 7550e15a-2ff9-4e5e-b05d-d9f072bd52cf@group-C8F5A74D1DB9->97184ed6-1d8a-4db2-a901-2f2d7f2102ca-GrpcLogAppender: appendEntries Timeout, request=7550e15a-2ff9-4e5e-b05d-d9f072bd52cf->97184ed6-1d8a-4db2-a901-2f2d7f2102ca#91-t1, previous=(t:1, i:20), leaderCommit=15, initializing? false, entries: <empty>
2019-09-17 09:58:58,124 [java.util.concurrent.ThreadPoolExecutor$Worker@12935038[State = -1, empty queue]] WARN  server.GrpcLogAppender (GrpcLogAppender.java:timeoutAppendRequest(200)) - 7550e15a-2ff9-4e5e-b05d-d9f072bd52cf@group-C8F5A74D1DB9->bdd5aae1-c180-43a6-a11a-58912a33bf0b-GrpcLogAppender: appendEntries Timeout, request=7550e15a-2ff9-4e5e-b05d-d9f072bd52cf->bdd5aae1-c180-43a6-a11a-58912a33bf0b#91-t1, previous=(t:1, i:20), leaderCommit=15, initializing? false, entries: <empty>
2019-09-17 09:59:00,125 [org.apache.ratis.server.impl.LogAppender$AppenderDaemon$$Lambda$490/1425097048@344a415e] ERROR ratis.XceiverServerRatis (XceiverServerRatis.java:triggerPipelineClose(568)) - pipeline Action CLOSE  on pipeline PipelineID=e8040a40-da8c-4c75-9a90-c8f5a74d1db9.Reason : 7550e15a-2ff9-4e5e-b05d-d9f072bd52cf has not seen follower/s bdd5aae1-c180-43a6-a11a-58912a33bf0b for 182785ms 97184ed6-1d8a-4db2-a901-2f2d7f2102ca for 182784ms
2019-09-17 09:59:00,125 [org.apache.ratis.server.impl.LogAppender$AppenderDaemon$$Lambda$490/1425097048@4ad71606] ERROR ratis.XceiverServerRatis (XceiverServerRatis.java:triggerPipelineClose(568)) - pipeline Action CLOSE  on pipeline PipelineID=e8040a40-da8c-4c75-9a90-c8f5a74d1db9.Reason : 7550e15a-2ff9-4e5e-b05d-d9f072bd52cf has not seen follower/s bdd5aae1-c180-43a6-a11a-58912a33bf0b for 182785ms 97184ed6-1d8a-4db2-a901-2f2d7f2102ca for 182785ms
2019-09-17 09:59:00,177 [grpc-default-executor-9] INFO  client.GrpcClientProtocolClient (GrpcClientProtocolClient.java:onNext(264)) - client-6DB5D824AA41->bdd5aae1-c180-43a6-a11a-58912a33bf0b: receive RaftClientReply:client-6DB5D824AA41->bdd5aae1-c180-43a6-a11a-58912a33bf0b@group-C8F5A74D1DB9, cid=338, FAILED org.apache.ratis.protocol.NotLeaderException: Server bdd5aae1-c180-43a6-a11a-58912a33bf0b@group-C8F5A74D1DB9 is not the leader 7550e15a-2ff9-4e5e-b05d-d9f072bd52cf:192.168.34.37:41606, logIndex=0, commits[bdd5aae1-c180-43a6-a11a-58912a33bf0b:c15, 97184ed6-1d8a-4db2-a901-2f2d7f2102ca:c12, 7550e15a-2ff9-4e5e-b05d-d9f072bd52cf:c15]
2019-09-17 09:59:00,624 [java.util.concurrent.ThreadPoolExecutor$Worker@12935038[State = -1, empty queue]] WARN  server.GrpcLogAppender (GrpcLogAppender.java:timeoutAppendRequest(200)) - 7550e15a-2ff9-4e5e-b05d-d9f072bd52cf@group-C8F5A74D1DB9->bdd5aae1-c180-43a6-a11a-58912a33bf0b-GrpcLogAppender: appendEntries Timeout, request=7550e15a-2ff9-4e5e-b05d-d9f072bd52cf->bdd5aae1-c180-43a6-a11a-58912a33bf0b#92-t1, previous=(t:1, i:20), leaderCommit=15, initializing? false, entries: <empty>
2019-09-17 09:59:00,624 [java.util.concurrent.ThreadPoolExecutor$Worker@3e348b54[State = -1, empty queue]] WARN  server.GrpcLogAppender (GrpcLogAppender.java:timeoutAppendRequest(200)) - 7550e15a-2ff9-4e5e-b05d-d9f072bd52cf@group-C8F5A74D1DB9->97184ed6-1d8a-4db2-a901-2f2d7f2102ca-GrpcLogAppender: appendEntries Timeout, request=7550e15a-2ff9-4e5e-b05d-d9f072bd52cf->97184ed6-1d8a-4db2-a901-2f2d7f2102ca#92-t1, previous=(t:1, i:20), leaderCommit=15, initializing? false, entries: <empty>
2019-09-17 09:59:01,109 [EventQueue-PipelineActionsForPipelineActionHandler] ERROR pipeline.PipelineActionHandler (PipelineActionHandler.java:onMessage(60)) - Received pipeline action CLOSE for Pipeline[ Id: e8040a40-da8c-4c75-9a90-c8f5a74d1db9, Nodes: bdd5aae1-c180-43a6-a11a-58912a33bf0b{ip: 192.168.34.37, host: pr-hdds-2110-rdjw6-11158954, networkLocation: /default-rack, certSerialId: null}97184ed6-1d8a-4db2-a901-2f2d7f2102ca{ip: 192.168.34.37, host: pr-hdds-2110-rdjw6-11158954, networkLocation: /default-rack, certSerialId: null}7550e15a-2ff9-4e5e-b05d-d9f072bd52cf{ip: 192.168.34.37, host: pr-hdds-2110-rdjw6-11158954, networkLocation: /default-rack, certSerialId: null}, Type:RATIS, Factor:THREE, State:CLOSED] from datanode 7550e15a-2ff9-4e5e-b05d-d9f072bd52cf{ip: 192.168.34.37, host: pr-hdds-2110-rdjw6-11158954, networkLocation: /default-rack, certSerialId: null}. Reason : 7550e15a-2ff9-4e5e-b05d-d9f072bd52cf has not seen follower/s bdd5aae1-c180-43a6-a11a-58912a33bf0b for 182785ms 97184ed6-1d8a-4db2-a901-2f2d7f2102ca for 182784ms
2019-09-17 09:59:01,109 [EventQueue-PipelineActionsForPipelineActionHandler] INFO  pipeline.SCMPipelineManager (SCMPipelineManager.java:finalizeAndDestroyPipeline(311)) - destroying pipeline:Pipeline[ Id: e8040a40-da8c-4c75-9a90-c8f5a74d1db9, Nodes: bdd5aae1-c180-43a6-a11a-58912a33bf0b{ip: 192.168.34.37, host: pr-hdds-2110-rdjw6-11158954, networkLocation: /default-rack, certSerialId: null}97184ed6-1d8a-4db2-a901-2f2d7f2102ca{ip: 192.168.34.37, host: pr-hdds-2110-rdjw6-11158954, networkLocation: /default-rack, certSerialId: null}7550e15a-2ff9-4e5e-b05d-d9f072bd52cf{ip: 192.168.34.37, host: pr-hdds-2110-rdjw6-11158954, networkLocation: /default-rack, certSerialId: null}, Type:RATIS, Factor:THREE, State:CLOSED]
2019-09-17 09:59:02,627 [org.apache.ratis.server.impl.LogAppender$AppenderDaemon$$Lambda$490/1425097048@344a415e] ERROR ratis.XceiverServerRatis (XceiverServerRatis.java:triggerPipelineClose(568)) - pipeline Action CLOSE  on pipeline PipelineID=e8040a40-da8c-4c75-9a90-c8f5a74d1db9.Reason : 7550e15a-2ff9-4e5e-b05d-d9f072bd52cf has not seen follower/s bdd5aae1-c180-43a6-a11a-58912a33bf0b for 185286ms 97184ed6-1d8a-4db2-a901-2f2d7f2102ca for 185286ms
2019-09-17 09:59:02,627 [org.apache.ratis.server.impl.LogAppender$AppenderDaemon$$Lambda$490/1425097048@4ad71606] ERROR ratis.XceiverServerRatis (XceiverServerRatis.java:triggerPipelineClose(568)) - pipeline Action CLOSE  on pipeline PipelineID=e8040a40-da8c-4c75-9a90-c8f5a74d1db9.Reason : 7550e15a-2ff9-4e5e-b05d-d9f072bd52cf has not seen follower/s bdd5aae1-c180-43a6-a11a-58912a33bf0b for 185286ms 97184ed6-1d8a-4db2-a901-2f2d7f2102ca for 185286ms
2019-09-17 09:59:03,109 [EventQueue-PipelineActionsForPipelineActionHandler] ERROR pipeline.PipelineActionHandler (PipelineActionHandler.java:onMessage(60)) - Received pipeline action CLOSE for Pipeline[ Id: e8040a40-da8c-4c75-9a90-c8f5a74d1db9, Nodes: bdd5aae1-c180-43a6-a11a-58912a33bf0b{ip: 192.168.34.37, host: pr-hdds-2110-rdjw6-11158954, networkLocation: /default-rack, certSerialId: null}97184ed6-1d8a-4db2-a901-2f2d7f2102ca{ip: 192.168.34.37, host: pr-hdds-2110-rdjw6-11158954, networkLocation: /default-rack, certSerialId: null}7550e15a-2ff9-4e5e-b05d-d9f072bd52cf{ip: 192.168.34.37, host: pr-hdds-2110-rdjw6-11158954, networkLocation: /default-rack, certSerialId: null}, Type:RATIS, Factor:THREE, State:CLOSED] from datanode 7550e15a-2ff9-4e5e-b05d-d9f072bd52cf{ip: 192.168.34.37, host: pr-hdds-2110-rdjw6-11158954, networkLocation: /default-rack, certSerialId: null}. Reason : 7550e15a-2ff9-4e5e-b05d-d9f072bd52cf has not seen follower/s bdd5aae1-c180-43a6-a11a-58912a33bf0b for 185286ms 97184ed6-1d8a-4db2-a901-2f2d7f2102ca for 185286ms
2019-09-17 09:59:03,109 [EventQueue-PipelineActionsForPipelineActionHandler] INFO  pipeline.SCMPipelineManager (SCMPipelineManager.java:finalizeAndDestroyPipeline(311)) - destroying pipeline:Pipeline[ Id: e8040a40-da8c-4c75-9a90-c8f5a74d1db9, Nodes: bdd5aae1-c180-43a6-a11a-58912a33bf0b{ip: 192.168.34.37, host: pr-hdds-2110-rdjw6-11158954, networkLocation: /default-rack, certSerialId: null}97184ed6-1d8a-4db2-a901-2f2d7f2102ca{ip: 192.168.34.37, host: pr-hdds-2110-rdjw6-11158954, networkLocation: /default-rack, certSerialId: null}7550e15a-2ff9-4e5e-b05d-d9f072bd52cf{ip: 192.168.34.37, host: pr-hdds-2110-rdjw6-11158954, networkLocation: /default-rack, certSerialId: null}, Type:RATIS, Factor:THREE, State:CLOSED]
2019-09-17 09:59:03,125 [java.util.concurrent.ThreadPoolExecutor$Worker@12935038[State = -1, empty queue]] WARN  server.GrpcLogAppender (GrpcLogAppender.java:timeoutAppendRequest(200)) - 7550e15a-2ff9-4e5e-b05d-d9f072bd52cf@group-C8F5A74D1DB9->bdd5aae1-c180-43a6-a11a-58912a33bf0b-GrpcLogAppender: appendEntries Timeout, request=7550e15a-2ff9-4e5e-b05d-d9f072bd52cf->bdd5aae1-c180-43a6-a11a-58912a33bf0b#93-t1, previous=(t:1, i:20), leaderCommit=15, initializing? false, entries: <empty>
2019-09-17 09:59:03,125 [java.util.concurrent.ThreadPoolExecutor$Worker@3e348b54[State = -1, empty queue]] WARN  server.GrpcLogAppender (GrpcLogAppender.java:timeoutAppendRequest(200)) - 7550e15a-2ff9-4e5e-b05d-d9f072bd52cf@group-C8F5A74D1DB9->97184ed6-1d8a-4db2-a901-2f2d7f2102ca-GrpcLogAppender: appendEntries Timeout, request=7550e15a-2ff9-4e5e-b05d-d9f072bd52cf->97184ed6-1d8a-4db2-a901-2f2d7f2102ca#93-t1, previous=(t:1, i:20), leaderCommit=15, initializing? false, entries: <empty>
2019-09-17 09:59:04,080 [grpc-default-executor-8] INFO  impl.RaftServerProxy (RaftServerProxy.java:remove(95)) - bdd5aae1-c180-43a6-a11a-58912a33bf0b: remove  FOLLOWER bdd5aae1-c180-43a6-a11a-58912a33bf0b@group-C8F5A74D1DB9:t1, leader=7550e15a-2ff9-4e5e-b05d-d9f072bd52cf, voted=7550e15a-2ff9-4e5e-b05d-d9f072bd52cf, raftlog=bdd5aae1-c180-43a6-a11a-58912a33bf0b@group-C8F5A74D1DB9-SegmentedRaftLog:OPENED:c15,f15,i20, conf=0: [bdd5aae1-c180-43a6-a11a-58912a33bf0b:192.168.34.37:44158, 97184ed6-1d8a-4db2-a901-2f2d7f2102ca:192.168.34.37:40198, 7550e15a-2ff9-4e5e-b05d-d9f072bd52cf:192.168.34.37:41606], old=null RUNNING
2019-09-17 09:59:04,080 [grpc-default-executor-8] INFO  impl.RaftServerImpl (RaftServerImpl.java:lambda$shutdown$3(251)) - bdd5aae1-c180-43a6-a11a-58912a33bf0b@group-C8F5A74D1DB9: shutdown
2019-09-17 09:59:04,081 [grpc-default-executor-8] INFO  util.JmxRegister (JmxRegister.java:unregister(73)) - Successfully un-registered JMX Bean with object name Ratis:service=RaftServer,group=group-C8F5A74D1DB9,id=bdd5aae1-c180-43a6-a11a-58912a33bf0b
2019-09-17 09:59:04,081 [grpc-default-executor-8] INFO  impl.RoleInfo (RoleInfo.java:shutdownFollowerState(121)) - bdd5aae1-c180-43a6-a11a-58912a33bf0b: shutdown FollowerState
2019-09-17 09:59:04,081 [grpc-default-executor-8] INFO  impl.StateMachineUpdater (StateMachineUpdater.java:stopAndJoin(125)) - bdd5aae1-c180-43a6-a11a-58912a33bf0b@group-C8F5A74D1DB9-StateMachineUpdater: set stopIndex = 15
2019-09-17 09:59:04,081 [Thread-2421] INFO  impl.FollowerState (FollowerState.java:run(115)) - bdd5aae1-c180-43a6-a11a-58912a33bf0b: FollowerState was interrupted: java.lang.InterruptedException: sleep interrupted
2019-09-17 09:59:04,081 [bdd5aae1-c180-43a6-a11a-58912a33bf0b@group-C8F5A74D1DB9-StateMachineUpdater] INFO  ratis.ContainerStateMachine (ContainerStateMachine.java:takeSnapshot(289)) - group-C8F5A74D1DB9: Taking a snapshot at:(t:1, i:12) file /workdir/hadoop-ozone/integration-test/target/test-dir/MiniOzoneClusterImpl-c52a4728-c2c3-43f5-b549-fba1d53ae1f5/datanode-4/data/ratis/e8040a40-da8c-4c75-9a90-c8f5a74d1db9/sm/snapshot.1_12
2019-09-17 09:59:04,097 [bdd5aae1-c180-43a6-a11a-58912a33bf0b@group-C8F5A74D1DB9-StateMachineUpdater] INFO  ratis.ContainerStateMachine (ContainerStateMachine.java:takeSnapshot(300)) - group-C8F5A74D1DB9: Finished taking a snapshot at:(t:1, i:12) file:/workdir/hadoop-ozone/integration-test/target/test-dir/MiniOzoneClusterImpl-c52a4728-c2c3-43f5-b549-fba1d53ae1f5/datanode-4/data/ratis/e8040a40-da8c-4c75-9a90-c8f5a74d1db9/sm/snapshot.1_12 time:15
2019-09-17 09:59:04,097 [bdd5aae1-c180-43a6-a11a-58912a33bf0b@group-C8F5A74D1DB9-StateMachineUpdater] INFO  impl.StateMachineUpdater (StateMachineUpdater.java:takeSnapshot(258)) - bdd5aae1-c180-43a6-a11a-58912a33bf0b@group-C8F5A74D1DB9-StateMachineUpdater: Took a snapshot at index 12
2019-09-17 09:59:04,097 [bdd5aae1-c180-43a6-a11a-58912a33bf0b@group-C8F5A74D1DB9-StateMachineUpdater] INFO  impl.StateMachineUpdater (StateMachineUpdater.java:lambda$new$0(83)) - bdd5aae1-c180-43a6-a11a-58912a33bf0b@group-C8F5A74D1DB9-StateMachineUpdater: snapshotIndex: updateIncreasingly -1 -> 12
2019-09-17 09:59:04,097 [bdd5aae1-c180-43a6-a11a-58912a33bf0b@group-C8F5A74D1DB9-StateMachineUpdater] INFO  ratis.ContainerStateMachine (ContainerStateMachine.java:takeSnapshot(289)) - group-C8F5A74D1DB9: Taking a snapshot at:(t:1, i:12) file /workdir/hadoop-ozone/integration-test/target/test-dir/MiniOzoneClusterImpl-c52a4728-c2c3-43f5-b549-fba1d53ae1f5/datanode-4/data/ratis/e8040a40-da8c-4c75-9a90-c8f5a74d1db9/sm/snapshot.1_12
2019-09-17 09:59:04,110 [bdd5aae1-c180-43a6-a11a-58912a33bf0b@group-C8F5A74D1DB9-StateMachineUpdater] INFO  ratis.ContainerStateMachine (ContainerStateMachine.java:takeSnapshot(300)) - group-C8F5A74D1DB9: Finished taking a snapshot at:(t:1, i:12) file:/workdir/hadoop-ozone/integration-test/target/test-dir/MiniOzoneClusterImpl-c52a4728-c2c3-43f5-b549-fba1d53ae1f5/datanode-4/data/ratis/e8040a40-da8c-4c75-9a90-c8f5a74d1db9/sm/snapshot.1_12 time:12
2019-09-17 09:59:04,110 [bdd5aae1-c180-43a6-a11a-58912a33bf0b@group-C8F5A74D1DB9-StateMachineUpdater] INFO  impl.StateMachineUpdater (StateMachineUpdater.java:takeSnapshot(258)) - bdd5aae1-c180-43a6-a11a-58912a33bf0b@group-C8F5A74D1DB9-StateMachineUpdater: Took a snapshot at index 12
2019-09-17 09:59:04,110 [bdd5aae1-c180-43a6-a11a-58912a33bf0b@group-C8F5A74D1DB9-StateMachineUpdater] INFO  impl.StateMachineUpdater (StateMachineUpdater.java:lambda$new$0(83)) - bdd5aae1-c180-43a6-a11a-58912a33bf0b@group-C8F5A74D1DB9-StateMachineUpdater: snapshotIndex: updateIncreasingly 12 -> 12
2019-09-17 09:59:04,110 [grpc-default-executor-8] INFO  impl.RaftServerImpl (ServerState.java:close(385)) - bdd5aae1-c180-43a6-a11a-58912a33bf0b@group-C8F5A74D1DB9: closes. applyIndex: 15
2019-09-17 09:59:04,111 [bdd5aae1-c180-43a6-a11a-58912a33bf0b@group-C8F5A74D1DB9-SegmentedRaftLogWorker] ERROR ratis.XceiverServerRatis (XceiverServerRatis.java:triggerPipelineClose(568)) - pipeline Action CLOSE  on pipeline PipelineID=e8040a40-da8c-4c75-9a90-c8f5a74d1db9.Reason : WriteLog:16: (t:1, i:16), STATEMACHINELOGENTRY, client-6DB5D824AA41, cid=338-writeStateMachineData interrupted.
2019-09-17 09:59:04,114 [grpc-default-executor-8] INFO  segmented.SegmentedRaftLogWorker (SegmentedRaftLogWorker.java:close(228)) - bdd5aae1-c180-43a6-a11a-58912a33bf0b@group-C8F5A74D1DB9-SegmentedRaftLogWorker close()
2019-09-17 09:59:04,114 [EventQueue-PipelineActionsForPipelineActionHandler] ERROR pipeline.PipelineActionHandler (PipelineActionHandler.java:onMessage(60)) - Received pipeline action CLOSE for Pipeline[ Id: e8040a40-da8c-4c75-9a90-c8f5a74d1db9, Nodes: bdd5aae1-c180-43a6-a11a-58912a33bf0b{ip: 192.168.34.37, host: pr-hdds-2110-rdjw6-11158954, networkLocation: /default-rack, certSerialId: null}97184ed6-1d8a-4db2-a901-2f2d7f2102ca{ip: 192.168.34.37, host: pr-hdds-2110-rdjw6-11158954, networkLocation: /default-rack, certSerialId: null}7550e15a-2ff9-4e5e-b05d-d9f072bd52cf{ip: 192.168.34.37, host: pr-hdds-2110-rdjw6-11158954, networkLocation: /default-rack, certSerialId: null}, Type:RATIS, Factor:THREE, State:CLOSED] from datanode bdd5aae1-c180-43a6-a11a-58912a33bf0b{ip: 192.168.34.37, host: pr-hdds-2110-rdjw6-11158954, networkLocation: /default-rack, certSerialId: null}. Reason : WriteLog:16: (t:1, i:16), STATEMACHINELOGENTRY, client-6DB5D824AA41, cid=338-writeStateMachineData interrupted.
2019-09-17 09:59:04,126 [EventQueue-PipelineActionsForPipelineActionHandler] INFO  pipeline.SCMPipelineManager (SCMPipelineManager.java:finalizeAndDestroyPipeline(311)) - destroying pipeline:Pipeline[ Id: e8040a40-da8c-4c75-9a90-c8f5a74d1db9, Nodes: bdd5aae1-c180-43a6-a11a-58912a33bf0b{ip: 192.168.34.37, host: pr-hdds-2110-rdjw6-11158954, networkLocation: /default-rack, certSerialId: null}97184ed6-1d8a-4db2-a901-2f2d7f2102ca{ip: 192.168.34.37, host: pr-hdds-2110-rdjw6-11158954, networkLocation: /default-rack, certSerialId: null}7550e15a-2ff9-4e5e-b05d-d9f072bd52cf{ip: 192.168.34.37, host: pr-hdds-2110-rdjw6-11158954, networkLocation: /default-rack, certSerialId: null}, Type:RATIS, Factor:THREE, State:CLOSED]
2019-09-17 09:59:04,139 [grpc-default-executor-8] INFO  interfaces.Container (KeyValueContainer.java:flushAndSyncDB(386)) - Container 12 is synced with bcsId 12.
2019-09-17 09:59:04,140 [grpc-default-executor-8] INFO  interfaces.Container (KeyValueContainer.java:flushAndSyncDB(386)) - Container 12 is synced with bcsId 12.
2019-09-17 09:59:04,155 [EventQueue-IncrementalContainerReportForIncrementalContainerReportHandler] INFO  container.IncrementalContainerReportHandler (AbstractContainerReportHandler.java:updateContainerState(169)) - Moving container #12 to QUASI_CLOSED state, datanode bdd5aae1-c180-43a6-a11a-58912a33bf0b{ip: 192.168.34.37, host: pr-hdds-2110-rdjw6-11158954, networkLocation: /default-rack, certSerialId: null} reported QUASI_CLOSED replica.
2019-09-17 09:59:04,223 [grpc-default-executor-8] INFO  interfaces.Container (KeyValueContainer.java:flushAndSyncDB(386)) - Container 13 is synced with bcsId 0.
2019-09-17 09:59:04,224 [grpc-default-executor-8] INFO  interfaces.Container (KeyValueContainer.java:flushAndSyncDB(386)) - Container 13 is synced with bcsId 0.
2019-09-17 09:59:04,238 [EventQueue-IncrementalContainerReportForIncrementalContainerReportHandler] INFO  container.IncrementalContainerReportHandler (AbstractContainerReportHandler.java:updateContainerState(169)) - Moving container #13 to QUASI_CLOSED state, datanode bdd5aae1-c180-43a6-a11a-58912a33bf0b{ip: 192.168.34.37, host: pr-hdds-2110-rdjw6-11158954, networkLocation: /default-rack, certSerialId: null} reported QUASI_CLOSED replica.
2019-09-17 09:59:04,241 [grpc-default-executor-8] INFO  impl.RaftServerProxy (RaftServerProxy.java:remove(95)) - 97184ed6-1d8a-4db2-a901-2f2d7f2102ca: remove  FOLLOWER 97184ed6-1d8a-4db2-a901-2f2d7f2102ca@group-C8F5A74D1DB9:t1, leader=7550e15a-2ff9-4e5e-b05d-d9f072bd52cf, voted=7550e15a-2ff9-4e5e-b05d-d9f072bd52cf, raftlog=97184ed6-1d8a-4db2-a901-2f2d7f2102ca@group-C8F5A74D1DB9-SegmentedRaftLog:OPENED:c15,f15,i20, conf=0: [bdd5aae1-c180-43a6-a11a-58912a33bf0b:192.168.34.37:44158, 97184ed6-1d8a-4db2-a901-2f2d7f2102ca:192.168.34.37:40198, 7550e15a-2ff9-4e5e-b05d-d9f072bd52cf:192.168.34.37:41606], old=null RUNNING
2019-09-17 09:59:04,241 [grpc-default-executor-8] INFO  impl.RaftServerImpl (RaftServerImpl.java:lambda$shutdown$3(251)) - 97184ed6-1d8a-4db2-a901-2f2d7f2102ca@group-C8F5A74D1DB9: shutdown
2019-09-17 09:59:04,241 [grpc-default-executor-8] INFO  util.JmxRegister (JmxRegister.java:unregister(73)) - Successfully un-registered JMX Bean with object name Ratis:service=RaftServer,group=group-C8F5A74D1DB9,id=97184ed6-1d8a-4db2-a901-2f2d7f2102ca
2019-09-17 09:59:04,241 [grpc-default-executor-8] INFO  impl.RoleInfo (RoleInfo.java:shutdownFollowerState(121)) - 97184ed6-1d8a-4db2-a901-2f2d7f2102ca: shutdown FollowerState
2019-09-17 09:59:04,242 [grpc-default-executor-8] INFO  impl.StateMachineUpdater (StateMachineUpdater.java:stopAndJoin(125)) - 97184ed6-1d8a-4db2-a901-2f2d7f2102ca@group-C8F5A74D1DB9-StateMachineUpdater: set stopIndex = 15
2019-09-17 09:59:04,242 [Thread-2422] INFO  impl.FollowerState (FollowerState.java:run(115)) - 97184ed6-1d8a-4db2-a901-2f2d7f2102ca: FollowerState was interrupted: java.lang.InterruptedException: sleep interrupted
2019-09-17 09:59:04,242 [97184ed6-1d8a-4db2-a901-2f2d7f2102ca@group-C8F5A74D1DB9-StateMachineUpdater] INFO  ratis.ContainerStateMachine (ContainerStateMachine.java:takeSnapshot(289)) - group-C8F5A74D1DB9: Taking a snapshot at:(t:1, i:12) file /workdir/hadoop-ozone/integration-test/target/test-dir/MiniOzoneClusterImpl-c52a4728-c2c3-43f5-b549-fba1d53ae1f5/datanode-5/data/ratis/e8040a40-da8c-4c75-9a90-c8f5a74d1db9/sm/snapshot.1_12
2019-09-17 09:59:04,259 [97184ed6-1d8a-4db2-a901-2f2d7f2102ca@group-C8F5A74D1DB9-StateMachineUpdater] INFO  ratis.ContainerStateMachine (ContainerStateMachine.java:takeSnapshot(300)) - group-C8F5A74D1DB9: Finished taking a snapshot at:(t:1, i:12) file:/workdir/hadoop-ozone/integration-test/target/test-dir/MiniOzoneClusterImpl-c52a4728-c2c3-43f5-b549-fba1d53ae1f5/datanode-5/data/ratis/e8040a40-da8c-4c75-9a90-c8f5a74d1db9/sm/snapshot.1_12 time:17
2019-09-17 09:59:04,259 [97184ed6-1d8a-4db2-a901-2f2d7f2102ca@group-C8F5A74D1DB9-StateMachineUpdater] INFO  impl.StateMachineUpdater (StateMachineUpdater.java:takeSnapshot(258)) - 97184ed6-1d8a-4db2-a901-2f2d7f2102ca@group-C8F5A74D1DB9-StateMachineUpdater: Took a snapshot at index 12
2019-09-17 09:59:04,259 [97184ed6-1d8a-4db2-a901-2f2d7f2102ca@group-C8F5A74D1DB9-StateMachineUpdater] INFO  impl.StateMachineUpdater (StateMachineUpdater.java:lambda$new$0(83)) - 97184ed6-1d8a-4db2-a901-2f2d7f2102ca@group-C8F5A74D1DB9-StateMachineUpdater: snapshotIndex: updateIncreasingly -1 -> 12
2019-09-17 09:59:04,259 [97184ed6-1d8a-4db2-a901-2f2d7f2102ca@group-C8F5A74D1DB9-StateMachineUpdater] INFO  ratis.ContainerStateMachine (ContainerStateMachine.java:takeSnapshot(289)) - group-C8F5A74D1DB9: Taking a snapshot at:(t:1, i:12) file /workdir/hadoop-ozone/integration-test/target/test-dir/MiniOzoneClusterImpl-c52a4728-c2c3-43f5-b549-fba1d53ae1f5/datanode-5/data/ratis/e8040a40-da8c-4c75-9a90-c8f5a74d1db9/sm/snapshot.1_12
2019-09-17 09:59:04,261 [97184ed6-1d8a-4db2-a901-2f2d7f2102ca@group-C8F5A74D1DB9-StateMachineUpdater] INFO  ratis.ContainerStateMachine (ContainerStateMachine.java:takeSnapshot(300)) - group-C8F5A74D1DB9: Finished taking a snapshot at:(t:1, i:12) file:/workdir/hadoop-ozone/integration-test/target/test-dir/MiniOzoneClusterImpl-c52a4728-c2c3-43f5-b549-fba1d53ae1f5/datanode-5/data/ratis/e8040a40-da8c-4c75-9a90-c8f5a74d1db9/sm/snapshot.1_12 time:3
2019-09-17 09:59:04,262 [97184ed6-1d8a-4db2-a901-2f2d7f2102ca@group-C8F5A74D1DB9-StateMachineUpdater] INFO  impl.StateMachineUpdater (StateMachineUpdater.java:takeSnapshot(258)) - 97184ed6-1d8a-4db2-a901-2f2d7f2102ca@group-C8F5A74D1DB9-StateMachineUpdater: Took a snapshot at index 12
2019-09-17 09:59:04,262 [97184ed6-1d8a-4db2-a901-2f2d7f2102ca@group-C8F5A74D1DB9-StateMachineUpdater] INFO  impl.StateMachineUpdater (StateMachineUpdater.java:lambda$new$0(83)) - 97184ed6-1d8a-4db2-a901-2f2d7f2102ca@group-C8F5A74D1DB9-StateMachineUpdater: snapshotIndex: updateIncreasingly 12 -> 12
2019-09-17 09:59:04,262 [grpc-default-executor-8] INFO  impl.RaftServerImpl (ServerState.java:close(385)) - 97184ed6-1d8a-4db2-a901-2f2d7f2102ca@group-C8F5A74D1DB9: closes. applyIndex: 15
2019-09-17 09:59:04,262 [97184ed6-1d8a-4db2-a901-2f2d7f2102ca@group-C8F5A74D1DB9-SegmentedRaftLogWorker] ERROR ratis.XceiverServerRatis (XceiverServerRatis.java:triggerPipelineClose(568)) - pipeline Action CLOSE  on pipeline PipelineID=e8040a40-da8c-4c75-9a90-c8f5a74d1db9.Reason : WriteLog:16: (t:1, i:16), STATEMACHINELOGENTRY, client-6DB5D824AA41, cid=338-writeStateMachineData interrupted.
2019-09-17 09:59:04,263 [grpc-default-executor-8] INFO  segmented.SegmentedRaftLogWorker (SegmentedRaftLogWorker.java:close(228)) - 97184ed6-1d8a-4db2-a901-2f2d7f2102ca@group-C8F5A74D1DB9-SegmentedRaftLogWorker close()
2019-09-17 09:59:04,263 [EventQueue-PipelineActionsForPipelineActionHandler] ERROR pipeline.PipelineActionHandler (PipelineActionHandler.java:onMessage(60)) - Received pipeline action CLOSE for Pipeline[ Id: e8040a40-da8c-4c75-9a90-c8f5a74d1db9, Nodes: bdd5aae1-c180-43a6-a11a-58912a33bf0b{ip: 192.168.34.37, host: pr-hdds-2110-rdjw6-11158954, networkLocation: /default-rack, certSerialId: null}97184ed6-1d8a-4db2-a901-2f2d7f2102ca{ip: 192.168.34.37, host: pr-hdds-2110-rdjw6-11158954, networkLocation: /default-rack, certSerialId: null}7550e15a-2ff9-4e5e-b05d-d9f072bd52cf{ip: 192.168.34.37, host: pr-hdds-2110-rdjw6-11158954, networkLocation: /default-rack, certSerialId: null}, Type:RATIS, Factor:THREE, State:CLOSED] from datanode 97184ed6-1d8a-4db2-a901-2f2d7f2102ca{ip: 192.168.34.37, host: pr-hdds-2110-rdjw6-11158954, networkLocation: /default-rack, certSerialId: null}. Reason : WriteLog:16: (t:1, i:16), STATEMACHINELOGENTRY, client-6DB5D824AA41, cid=338-writeStateMachineData interrupted.
2019-09-17 09:59:04,266 [EventQueue-PipelineActionsForPipelineActionHandler] INFO  pipeline.SCMPipelineManager (SCMPipelineManager.java:finalizeAndDestroyPipeline(311)) - destroying pipeline:Pipeline[ Id: e8040a40-da8c-4c75-9a90-c8f5a74d1db9, Nodes: bdd5aae1-c180-43a6-a11a-58912a33bf0b{ip: 192.168.34.37, host: pr-hdds-2110-rdjw6-11158954, networkLocation: /default-rack, certSerialId: null}97184ed6-1d8a-4db2-a901-2f2d7f2102ca{ip: 192.168.34.37, host: pr-hdds-2110-rdjw6-11158954, networkLocation: /default-rack, certSerialId: null}7550e15a-2ff9-4e5e-b05d-d9f072bd52cf{ip: 192.168.34.37, host: pr-hdds-2110-rdjw6-11158954, networkLocation: /default-rack, certSerialId: null}, Type:RATIS, Factor:THREE, State:CLOSED]
2019-09-17 09:59:04,269 [grpc-default-executor-8] INFO  interfaces.Container (KeyValueContainer.java:flushAndSyncDB(386)) - Container 12 is synced with bcsId 12.
2019-09-17 09:59:04,270 [grpc-default-executor-8] INFO  interfaces.Container (KeyValueContainer.java:flushAndSyncDB(386)) - Container 12 is synced with bcsId 12.
2019-09-17 09:59:04,327 [grpc-default-executor-8] INFO  interfaces.Container (KeyValueContainer.java:flushAndSyncDB(386)) - Container 13 is synced with bcsId 0.
2019-09-17 09:59:04,328 [grpc-default-executor-8] INFO  interfaces.Container (KeyValueContainer.java:flushAndSyncDB(386)) - Container 13 is synced with bcsId 0.
2019-09-17 09:59:04,344 [grpc-default-executor-8] INFO  impl.RaftServerProxy (RaftServerProxy.java:remove(95)) - 7550e15a-2ff9-4e5e-b05d-d9f072bd52cf: remove    LEADER 7550e15a-2ff9-4e5e-b05d-d9f072bd52cf@group-C8F5A74D1DB9:t1, leader=7550e15a-2ff9-4e5e-b05d-d9f072bd52cf, voted=7550e15a-2ff9-4e5e-b05d-d9f072bd52cf, raftlog=7550e15a-2ff9-4e5e-b05d-d9f072bd52cf@group-C8F5A74D1DB9-SegmentedRaftLog:OPENED:c15,f15,i20, conf=0: [bdd5aae1-c180-43a6-a11a-58912a33bf0b:192.168.34.37:44158, 97184ed6-1d8a-4db2-a901-2f2d7f2102ca:192.168.34.37:40198, 7550e15a-2ff9-4e5e-b05d-d9f072bd52cf:192.168.34.37:41606], old=null RUNNING
2019-09-17 09:59:04,344 [grpc-default-executor-8] INFO  impl.RaftServerImpl (RaftServerImpl.java:lambda$shutdown$3(251)) - 7550e15a-2ff9-4e5e-b05d-d9f072bd52cf@group-C8F5A74D1DB9: shutdown
2019-09-17 09:59:04,345 [grpc-default-executor-8] INFO  util.JmxRegister (JmxRegister.java:unregister(73)) - Successfully un-registered JMX Bean with object name Ratis:service=RaftServer,group=group-C8F5A74D1DB9,id=7550e15a-2ff9-4e5e-b05d-d9f072bd52cf
2019-09-17 09:59:04,345 [grpc-default-executor-8] INFO  impl.RoleInfo (RoleInfo.java:shutdownLeaderState(104)) - 7550e15a-2ff9-4e5e-b05d-d9f072bd52cf: shutdown LeaderState
2019-09-17 09:59:04,347 [org.apache.ratis.server.impl.LogAppender$AppenderDaemon$$Lambda$490/1425097048@344a415e] WARN  server.GrpcLogAppender (GrpcLogAppender.java:mayWait(143)) - 7550e15a-2ff9-4e5e-b05d-d9f072bd52cf@group-C8F5A74D1DB9->bdd5aae1-c180-43a6-a11a-58912a33bf0b-GrpcLogAppender: Wait interrupted by java.lang.InterruptedException
2019-09-17 09:59:04,350 [org.apache.ratis.server.impl.LogAppender$AppenderDaemon$$Lambda$490/1425097048@4ad71606] WARN  server.GrpcLogAppender (GrpcLogAppender.java:mayWait(143)) - 7550e15a-2ff9-4e5e-b05d-d9f072bd52cf@group-C8F5A74D1DB9->97184ed6-1d8a-4db2-a901-2f2d7f2102ca-GrpcLogAppender: Wait interrupted by java.lang.InterruptedException
2019-09-17 09:59:04,350 [grpc-default-executor-8] INFO  impl.PendingRequests (PendingRequests.java:sendNotLeaderResponses(202)) - 7550e15a-2ff9-4e5e-b05d-d9f072bd52cf-PendingRequests: sendNotLeaderResponses
2019-09-17 09:59:04,350 [grpc-default-executor-9] INFO  server.GrpcServerProtocolService (GrpcServerProtocolService.java:onCompleted(113)) - bdd5aae1-c180-43a6-a11a-58912a33bf0b: Completed APPEND_ENTRIES, lastRequest: 7550e15a-2ff9-4e5e-b05d-d9f072bd52cf->bdd5aae1-c180-43a6-a11a-58912a33bf0b#94-t1, previous=(t:1, i:20), leaderCommit=15, initializing? false, entries: <empty>
2019-09-17 09:59:04,350 [grpc-default-executor-10] INFO  server.GrpcServerProtocolService (GrpcServerProtocolService.java:onCompleted(113)) - 97184ed6-1d8a-4db2-a901-2f2d7f2102ca: Completed APPEND_ENTRIES, lastRequest: 7550e15a-2ff9-4e5e-b05d-d9f072bd52cf->97184ed6-1d8a-4db2-a901-2f2d7f2102ca#94-t1, previous=(t:1, i:20), leaderCommit=15, initializing? false, entries: <empty>
2019-09-17 09:59:04,350 [grpc-default-executor-10] INFO  server.GrpcLogAppender (GrpcLogAppender.java:onCompleted(293)) - 7550e15a-2ff9-4e5e-b05d-d9f072bd52cf@group-C8F5A74D1DB9->bdd5aae1-c180-43a6-a11a-58912a33bf0b-AppendLogResponseHandler: follower responses appendEntries COMPLETED
2019-09-17 09:59:04,351 [grpc-default-executor-9] INFO  server.GrpcLogAppender (GrpcLogAppender.java:onCompleted(293)) - 7550e15a-2ff9-4e5e-b05d-d9f072bd52cf@group-C8F5A74D1DB9->97184ed6-1d8a-4db2-a901-2f2d7f2102ca-AppendLogResponseHandler: follower responses appendEntries COMPLETED
2019-09-17 09:59:04,351 [grpc-default-executor-10] INFO  impl.FollowerInfo (FollowerInfo.java:lambda$new$0(51)) - 7550e15a-2ff9-4e5e-b05d-d9f072bd52cf@group-C8F5A74D1DB9->bdd5aae1-c180-43a6-a11a-58912a33bf0b: nextIndex: updateUnconditionally 21 -> 16
2019-09-17 09:59:04,353 [grpc-default-executor-8] INFO  impl.StateMachineUpdater (StateMachineUpdater.java:stopAndJoin(125)) - 7550e15a-2ff9-4e5e-b05d-d9f072bd52cf@group-C8F5A74D1DB9-StateMachineUpdater: set stopIndex = 15
2019-09-17 09:59:04,351 [grpc-default-executor-9] INFO  impl.FollowerInfo (FollowerInfo.java:lambda$new$0(51)) - 7550e15a-2ff9-4e5e-b05d-d9f072bd52cf@group-C8F5A74D1DB9->97184ed6-1d8a-4db2-a901-2f2d7f2102ca: nextIndex: updateUnconditionally 21 -> 16
2019-09-17 09:59:04,353 [7550e15a-2ff9-4e5e-b05d-d9f072bd52cf@group-C8F5A74D1DB9-StateMachineUpdater] INFO  ratis.ContainerStateMachine (ContainerStateMachine.java:takeSnapshot(289)) - group-C8F5A74D1DB9: Taking a snapshot at:(t:1, i:13) file /workdir/hadoop-ozone/integration-test/target/test-dir/MiniOzoneClusterImpl-c52a4728-c2c3-43f5-b549-fba1d53ae1f5/datanode-1/data/ratis/e8040a40-da8c-4c75-9a90-c8f5a74d1db9/sm/snapshot.1_13
2019-09-17 09:59:04,385 [7550e15a-2ff9-4e5e-b05d-d9f072bd52cf@group-C8F5A74D1DB9-StateMachineUpdater] INFO  ratis.ContainerStateMachine (ContainerStateMachine.java:takeSnapshot(300)) - group-C8F5A74D1DB9: Finished taking a snapshot at:(t:1, i:13) file:/workdir/hadoop-ozone/integration-test/target/test-dir/MiniOzoneClusterImpl-c52a4728-c2c3-43f5-b549-fba1d53ae1f5/datanode-1/data/ratis/e8040a40-da8c-4c75-9a90-c8f5a74d1db9/sm/snapshot.1_13 time:32
2019-09-17 09:59:04,385 [7550e15a-2ff9-4e5e-b05d-d9f072bd52cf@group-C8F5A74D1DB9-StateMachineUpdater] INFO  impl.StateMachineUpdater (StateMachineUpdater.java:takeSnapshot(258)) - 7550e15a-2ff9-4e5e-b05d-d9f072bd52cf@group-C8F5A74D1DB9-StateMachineUpdater: Took a snapshot at index 13
2019-09-17 09:59:04,385 [7550e15a-2ff9-4e5e-b05d-d9f072bd52cf@group-C8F5A74D1DB9-StateMachineUpdater] INFO  impl.StateMachineUpdater (StateMachineUpdater.java:lambda$new$0(83)) - 7550e15a-2ff9-4e5e-b05d-d9f072bd52cf@group-C8F5A74D1DB9-StateMachineUpdater: snapshotIndex: updateIncreasingly -1 -> 13
2019-09-17 09:59:04,386 [7550e15a-2ff9-4e5e-b05d-d9f072bd52cf@group-C8F5A74D1DB9-StateMachineUpdater] INFO  ratis.ContainerStateMachine (ContainerStateMachine.java:takeSnapshot(289)) - group-C8F5A74D1DB9: Taking a snapshot at:(t:1, i:13) file /workdir/hadoop-ozone/integration-test/target/test-dir/MiniOzoneClusterImpl-c52a4728-c2c3-43f5-b549-fba1d53ae1f5/datanode-1/data/ratis/e8040a40-da8c-4c75-9a90-c8f5a74d1db9/sm/snapshot.1_13
2019-09-17 09:59:04,386 [Command processor thread] ERROR commandhandler.CloseContainerCommandHandler (CloseContainerCommandHandler.java:handle(125)) - Can't close container #13
java.io.IOException: org.apache.ratis.protocol.GroupMismatchException: 7550e15a-2ff9-4e5e-b05d-d9f072bd52cf: group-C8F5A74D1DB9 not found.
	at org.apache.hadoop.ozone.container.common.transport.server.ratis.XceiverServerRatis.submitRequest(XceiverServerRatis.java:495)
	at org.apache.hadoop.ozone.container.common.statemachine.commandhandler.CloseContainerCommandHandler.handle(CloseContainerCommandHandler.java:102)
	at org.apache.hadoop.ozone.container.common.statemachine.commandhandler.CommandDispatcher.handle(CommandDispatcher.java:99)
	at org.apache.hadoop.ozone.container.common.statemachine.DatanodeStateMachine.lambda$initCommandHandlerThread$1(DatanodeStateMachine.java:432)
	at java.lang.Thread.run(Thread.java:748)
Caused by: java.util.concurrent.ExecutionException: org.apache.ratis.protocol.GroupMismatchException: 7550e15a-2ff9-4e5e-b05d-d9f072bd52cf: group-C8F5A74D1DB9 not found.
	at java.util.concurrent.CompletableFuture.reportGet(CompletableFuture.java:357)
	at java.util.concurrent.CompletableFuture.get(CompletableFuture.java:1895)
	at org.apache.hadoop.ozone.container.common.transport.server.ratis.XceiverServerRatis.submitRequest(XceiverServerRatis.java:493)
	... 4 more
Caused by: org.apache.ratis.protocol.GroupMismatchException: 7550e15a-2ff9-4e5e-b05d-d9f072bd52cf: group-C8F5A74D1DB9 not found.
	at org.apache.ratis.server.impl.RaftServerProxy$ImplMap.get(RaftServerProxy.java:122)
	at org.apache.ratis.server.impl.RaftServerProxy.getImplFuture(RaftServerProxy.java:269)
	at org.apache.ratis.server.impl.RaftServerProxy.submitRequest(RaftServerProxy.java:327)
	at org.apache.ratis.server.impl.RaftServerProxy.submitClientRequestAsync(RaftServerProxy.java:333)
	... 5 more
2019-09-17 09:59:04,396 [7550e15a-2ff9-4e5e-b05d-d9f072bd52cf@group-C8F5A74D1DB9-StateMachineUpdater] INFO  ratis.ContainerStateMachine (ContainerStateMachine.java:takeSnapshot(300)) - group-C8F5A74D1DB9: Finished taking a snapshot at:(t:1, i:13) file:/workdir/hadoop-ozone/integration-test/target/test-dir/MiniOzoneClusterImpl-c52a4728-c2c3-43f5-b549-fba1d53ae1f5/datanode-1/data/ratis/e8040a40-da8c-4c75-9a90-c8f5a74d1db9/sm/snapshot.1_13 time:10
2019-09-17 09:59:04,396 [7550e15a-2ff9-4e5e-b05d-d9f072bd52cf@group-C8F5A74D1DB9-StateMachineUpdater] INFO  impl.StateMachineUpdater (StateMachineUpdater.java:takeSnapshot(258)) - 7550e15a-2ff9-4e5e-b05d-d9f072bd52cf@group-C8F5A74D1DB9-StateMachineUpdater: Took a snapshot at index 13
2019-09-17 09:59:04,396 [7550e15a-2ff9-4e5e-b05d-d9f072bd52cf@group-C8F5A74D1DB9-StateMachineUpdater] INFO  impl.StateMachineUpdater (StateMachineUpdater.java:lambda$new$0(83)) - 7550e15a-2ff9-4e5e-b05d-d9f072bd52cf@group-C8F5A74D1DB9-StateMachineUpdater: snapshotIndex: updateIncreasingly 13 -> 13
2019-09-17 09:59:04,396 [grpc-default-executor-8] INFO  impl.RaftServerImpl (ServerState.java:close(385)) - 7550e15a-2ff9-4e5e-b05d-d9f072bd52cf@group-C8F5A74D1DB9: closes. applyIndex: 15
2019-09-17 09:59:04,397 [7550e15a-2ff9-4e5e-b05d-d9f072bd52cf@group-C8F5A74D1DB9-SegmentedRaftLogWorker] ERROR ratis.XceiverServerRatis (XceiverServerRatis.java:triggerPipelineClose(568)) - pipeline Action CLOSE  on pipeline PipelineID=e8040a40-da8c-4c75-9a90-c8f5a74d1db9.Reason : WriteLog:16: (t:1, i:16), STATEMACHINELOGENTRY, client-6DB5D824AA41, cid=338-writeStateMachineData interrupted.
2019-09-17 09:59:04,397 [grpc-default-executor-8] INFO  segmented.SegmentedRaftLogWorker (SegmentedRaftLogWorker.java:close(228)) - 7550e15a-2ff9-4e5e-b05d-d9f072bd52cf@group-C8F5A74D1DB9-SegmentedRaftLogWorker close()
2019-09-17 09:59:04,397 [EventQueue-PipelineActionsForPipelineActionHandler] ERROR pipeline.PipelineActionHandler (PipelineActionHandler.java:onMessage(60)) - Received pipeline action CLOSE for Pipeline[ Id: e8040a40-da8c-4c75-9a90-c8f5a74d1db9, Nodes: bdd5aae1-c180-43a6-a11a-58912a33bf0b{ip: 192.168.34.37, host: pr-hdds-2110-rdjw6-11158954, networkLocation: /default-rack, certSerialId: null}97184ed6-1d8a-4db2-a901-2f2d7f2102ca{ip: 192.168.34.37, host: pr-hdds-2110-rdjw6-11158954, networkLocation: /default-rack, certSerialId: null}7550e15a-2ff9-4e5e-b05d-d9f072bd52cf{ip: 192.168.34.37, host: pr-hdds-2110-rdjw6-11158954, networkLocation: /default-rack, certSerialId: null}, Type:RATIS, Factor:THREE, State:CLOSED] from datanode 7550e15a-2ff9-4e5e-b05d-d9f072bd52cf{ip: 192.168.34.37, host: pr-hdds-2110-rdjw6-11158954, networkLocation: /default-rack, certSerialId: null}. Reason : WriteLog:16: (t:1, i:16), STATEMACHINELOGENTRY, client-6DB5D824AA41, cid=338-writeStateMachineData interrupted.
2019-09-17 09:59:04,400 [EventQueue-PipelineActionsForPipelineActionHandler] INFO  pipeline.SCMPipelineManager (SCMPipelineManager.java:finalizeAndDestroyPipeline(311)) - destroying pipeline:Pipeline[ Id: e8040a40-da8c-4c75-9a90-c8f5a74d1db9, Nodes: bdd5aae1-c180-43a6-a11a-58912a33bf0b{ip: 192.168.34.37, host: pr-hdds-2110-rdjw6-11158954, networkLocation: /default-rack, certSerialId: null}97184ed6-1d8a-4db2-a901-2f2d7f2102ca{ip: 192.168.34.37, host: pr-hdds-2110-rdjw6-11158954, networkLocation: /default-rack, certSerialId: null}7550e15a-2ff9-4e5e-b05d-d9f072bd52cf{ip: 192.168.34.37, host: pr-hdds-2110-rdjw6-11158954, networkLocation: /default-rack, certSerialId: null}, Type:RATIS, Factor:THREE, State:CLOSED]
2019-09-17 09:59:04,414 [grpc-default-executor-8] INFO  interfaces.Container (KeyValueContainer.java:flushAndSyncDB(386)) - Container 12 is synced with bcsId 12.
2019-09-17 09:59:04,415 [grpc-default-executor-8] INFO  interfaces.Container (KeyValueContainer.java:flushAndSyncDB(386)) - Container 12 is synced with bcsId 12.
2019-09-17 09:59:04,497 [grpc-default-executor-8] INFO  interfaces.Container (KeyValueContainer.java:flushAndSyncDB(386)) - Container 13 is synced with bcsId 0.
2019-09-17 09:59:04,498 [grpc-default-executor-8] INFO  interfaces.Container (KeyValueContainer.java:flushAndSyncDB(386)) - Container 13 is synced with bcsId 0.
2019-09-17 09:59:04,514 [RatisPipelineUtilsThread] INFO  pipeline.PipelineStateManager (PipelineStateManager.java:removePipeline(108)) - Pipeline Pipeline[ Id: e8040a40-da8c-4c75-9a90-c8f5a74d1db9, Nodes: bdd5aae1-c180-43a6-a11a-58912a33bf0b{ip: 192.168.34.37, host: pr-hdds-2110-rdjw6-11158954, networkLocation: /default-rack, certSerialId: null}97184ed6-1d8a-4db2-a901-2f2d7f2102ca{ip: 192.168.34.37, host: pr-hdds-2110-rdjw6-11158954, networkLocation: /default-rack, certSerialId: null}7550e15a-2ff9-4e5e-b05d-d9f072bd52cf{ip: 192.168.34.37, host: pr-hdds-2110-rdjw6-11158954, networkLocation: /default-rack, certSerialId: null}, Type:RATIS, Factor:THREE, State:CLOSED] removed from db
2019-09-17 09:59:05,225 [main] WARN  io.KeyOutputStream (KeyOutputStream.java:handleException(276)) - Encountered exception java.io.IOException: Unexpected Storage Container Exception: java.util.concurrent.CompletionException: java.util.concurrent.CompletionException: org.apache.ratis.protocol.GroupMismatchException: 97184ed6-1d8a-4db2-a901-2f2d7f2102ca: group-C8F5A74D1DB9 not found. on the pipeline Pipeline[ Id: e8040a40-da8c-4c75-9a90-c8f5a74d1db9, Nodes: bdd5aae1-c180-43a6-a11a-58912a33bf0b{ip: 192.168.34.37, host: pr-hdds-2110-rdjw6-11158954, networkLocation: /default-rack, certSerialId: null}97184ed6-1d8a-4db2-a901-2f2d7f2102ca{ip: 192.168.34.37, host: pr-hdds-2110-rdjw6-11158954, networkLocation: /default-rack, certSerialId: null}7550e15a-2ff9-4e5e-b05d-d9f072bd52cf{ip: 192.168.34.37, host: pr-hdds-2110-rdjw6-11158954, networkLocation: /default-rack, certSerialId: null}, Type:RATIS, Factor:THREE, State:OPEN]. The last committed block length is 0, uncommitted data length is 2097152 retry count 0
2019-09-17 09:59:05,235 [grpc-default-executor-9] INFO  client.GrpcClientProtocolClient (GrpcClientProtocolClient.java:onNext(264)) - client-DDAAC506A8B0->9726f178-e973-440c-9728-4ac35a81d6d9: receive RaftClientReply:client-DDAAC506A8B0->9726f178-e973-440c-9728-4ac35a81d6d9@group-367105F5BB28, cid=429, FAILED org.apache.ratis.protocol.NotLeaderException: Server 9726f178-e973-440c-9728-4ac35a81d6d9@group-367105F5BB28 is not the leader 63440bcd-ddb5-4c00-8006-6f2cca450fd8:192.168.34.37:33906, logIndex=0, commits[9726f178-e973-440c-9728-4ac35a81d6d9:c101, 84d78712-0ed3-4e85-a24c-8e41c8241796:c101, 63440bcd-ddb5-4c00-8006-6f2cca450fd8:c101]
2019-09-17 09:59:05,433 [grpc-default-executor-9] INFO  client.GrpcClientProtocolClient (GrpcClientProtocolClient.java:onNext(264)) - client-DDAAC506A8B0->63440bcd-ddb5-4c00-8006-6f2cca450fd8: receive RaftClientReply:client-DDAAC506A8B0->63440bcd-ddb5-4c00-8006-6f2cca450fd8@group-367105F5BB28, cid=429, SUCCESS, logIndex=102, commits[63440bcd-ddb5-4c00-8006-6f2cca450fd8:c102, 84d78712-0ed3-4e85-a24c-8e41c8241796:c101, 9726f178-e973-440c-9728-4ac35a81d6d9:c101]
2019-09-17 09:59:05,499 [grpc-default-executor-8] INFO  client.GrpcClientProtocolClient (GrpcClientProtocolClient.java:onNext(264)) - client-DDAAC506A8B0->63440bcd-ddb5-4c00-8006-6f2cca450fd8: receive RaftClientReply:client-DDAAC506A8B0->63440bcd-ddb5-4c00-8006-6f2cca450fd8@group-367105F5BB28, cid=430, SUCCESS, logIndex=104, commits[63440bcd-ddb5-4c00-8006-6f2cca450fd8:c109, 84d78712-0ed3-4e85-a24c-8e41c8241796:c106, 9726f178-e973-440c-9728-4ac35a81d6d9:c106]
2019-09-17 09:59:05,499 [grpc-default-executor-8] INFO  client.GrpcClientProtocolClient (GrpcClientProtocolClient.java:onNext(264)) - client-DDAAC506A8B0->63440bcd-ddb5-4c00-8006-6f2cca450fd8: receive RaftClientReply:client-DDAAC506A8B0->63440bcd-ddb5-4c00-8006-6f2cca450fd8@group-367105F5BB28, cid=431, SUCCESS, logIndex=105, commits[63440bcd-ddb5-4c00-8006-6f2cca450fd8:c109, 84d78712-0ed3-4e85-a24c-8e41c8241796:c106, 9726f178-e973-440c-9728-4ac35a81d6d9:c106]
2019-09-17 09:59:05,619 [grpc-default-executor-8] INFO  client.GrpcClientProtocolClient (GrpcClientProtocolClient.java:onNext(264)) - client-DDAAC506A8B0->63440bcd-ddb5-4c00-8006-6f2cca450fd8: receive RaftClientReply:client-DDAAC506A8B0->63440bcd-ddb5-4c00-8006-6f2cca450fd8@group-367105F5BB28, cid=432, SUCCESS, logIndex=106, commits[63440bcd-ddb5-4c00-8006-6f2cca450fd8:c109, 84d78712-0ed3-4e85-a24c-8e41c8241796:c106, 9726f178-e973-440c-9728-4ac35a81d6d9:c106]
2019-09-17 09:59:05,646 [grpc-default-executor-10] INFO  client.GrpcClientProtocolClient (GrpcClientProtocolClient.java:onNext(264)) - client-DDAAC506A8B0->63440bcd-ddb5-4c00-8006-6f2cca450fd8: receive RaftClientReply:client-DDAAC506A8B0->63440bcd-ddb5-4c00-8006-6f2cca450fd8@group-367105F5BB28, cid=433, SUCCESS, logIndex=110, commits[63440bcd-ddb5-4c00-8006-6f2cca450fd8:c112, 84d78712-0ed3-4e85-a24c-8e41c8241796:c109, 9726f178-e973-440c-9728-4ac35a81d6d9:c109]
2019-09-17 09:59:05,647 [grpc-default-executor-10] INFO  client.GrpcClientProtocolClient (GrpcClientProtocolClient.java:onNext(264)) - client-DDAAC506A8B0->63440bcd-ddb5-4c00-8006-6f2cca450fd8: receive RaftClientReply:client-DDAAC506A8B0->63440bcd-ddb5-4c00-8006-6f2cca450fd8@group-367105F5BB28, cid=434, SUCCESS, logIndex=111, commits[63440bcd-ddb5-4c00-8006-6f2cca450fd8:c113, 84d78712-0ed3-4e85-a24c-8e41c8241796:c109, 9726f178-e973-440c-9728-4ac35a81d6d9:c109]
2019-09-17 09:59:05,647 [grpc-default-executor-10] INFO  client.GrpcClientProtocolClient (GrpcClientProtocolClient.java:onNext(264)) - client-DDAAC506A8B0->63440bcd-ddb5-4c00-8006-6f2cca450fd8: receive RaftClientReply:client-DDAAC506A8B0->63440bcd-ddb5-4c00-8006-6f2cca450fd8@group-367105F5BB28, cid=435, SUCCESS, logIndex=112, commits[63440bcd-ddb5-4c00-8006-6f2cca450fd8:c113, 84d78712-0ed3-4e85-a24c-8e41c8241796:c109, 9726f178-e973-440c-9728-4ac35a81d6d9:c109]
2019-09-17 09:59:05,648 [grpc-default-executor-10] INFO  client.GrpcClientProtocolClient (GrpcClientProtocolClient.java:onNext(264)) - client-DDAAC506A8B0->63440bcd-ddb5-4c00-8006-6f2cca450fd8: receive RaftClientReply:client-DDAAC506A8B0->63440bcd-ddb5-4c00-8006-6f2cca450fd8@group-367105F5BB28, cid=436, SUCCESS, logIndex=113, commits[63440bcd-ddb5-4c00-8006-6f2cca450fd8:c113, 84d78712-0ed3-4e85-a24c-8e41c8241796:c109, 9726f178-e973-440c-9728-4ac35a81d6d9:c109]
2019-09-17 09:59:05,662 [grpc-default-executor-10] INFO  client.GrpcClientProtocolClient (GrpcClientProtocolClient.java:onNext(264)) - client-DDAAC506A8B0->63440bcd-ddb5-4c00-8006-6f2cca450fd8: receive RaftClientReply:client-DDAAC506A8B0->63440bcd-ddb5-4c00-8006-6f2cca450fd8@group-367105F5BB28, cid=437, SUCCESS, logIndex=0, commits[63440bcd-ddb5-4c00-8006-6f2cca450fd8:c114, 84d78712-0ed3-4e85-a24c-8e41c8241796:c111, 9726f178-e973-440c-9728-4ac35a81d6d9:c111]
2019-09-17 09:59:05,671 [grpc-default-executor-10] INFO  client.GrpcClientProtocolClient (GrpcClientProtocolClient.java:onNext(264)) - client-DDAAC506A8B0->63440bcd-ddb5-4c00-8006-6f2cca450fd8: receive RaftClientReply:client-DDAAC506A8B0->63440bcd-ddb5-4c00-8006-6f2cca450fd8@group-367105F5BB28, cid=438, SUCCESS, logIndex=0, commits[63440bcd-ddb5-4c00-8006-6f2cca450fd8:c117, 84d78712-0ed3-4e85-a24c-8e41c8241796:c113, 9726f178-e973-440c-9728-4ac35a81d6d9:c113]
2019-09-17 09:59:05,691 [grpc-default-executor-9] INFO  client.GrpcClientProtocolClient (GrpcClientProtocolClient.java:onNext(264)) - client-DDAAC506A8B0->63440bcd-ddb5-4c00-8006-6f2cca450fd8: receive RaftClientReply:client-DDAAC506A8B0->63440bcd-ddb5-4c00-8006-6f2cca450fd8@group-367105F5BB28, cid=439, SUCCESS, logIndex=118, commits[63440bcd-ddb5-4c00-8006-6f2cca450fd8:c120, 84d78712-0ed3-4e85-a24c-8e41c8241796:c117, 9726f178-e973-440c-9728-4ac35a81d6d9:c117]
2019-09-17 09:59:05,692 [grpc-default-executor-9] INFO  client.GrpcClientProtocolClient (GrpcClientProtocolClient.java:onNext(264)) - client-DDAAC506A8B0->63440bcd-ddb5-4c00-8006-6f2cca450fd8: receive RaftClientReply:client-DDAAC506A8B0->63440bcd-ddb5-4c00-8006-6f2cca450fd8@group-367105F5BB28, cid=440, SUCCESS, logIndex=119, commits[63440bcd-ddb5-4c00-8006-6f2cca450fd8:c121, 84d78712-0ed3-4e85-a24c-8e41c8241796:c117, 9726f178-e973-440c-9728-4ac35a81d6d9:c117]
2019-09-17 09:59:05,693 [grpc-default-executor-9] INFO  client.GrpcClientProtocolClient (GrpcClientProtocolClient.java:onNext(264)) - client-DDAAC506A8B0->63440bcd-ddb5-4c00-8006-6f2cca450fd8: receive RaftClientReply:client-DDAAC506A8B0->63440bcd-ddb5-4c00-8006-6f2cca450fd8@group-367105F5BB28, cid=441, SUCCESS, logIndex=120, commits[63440bcd-ddb5-4c00-8006-6f2cca450fd8:c121, 84d78712-0ed3-4e85-a24c-8e41c8241796:c117, 9726f178-e973-440c-9728-4ac35a81d6d9:c117]
2019-09-17 09:59:05,693 [grpc-default-executor-9] INFO  client.GrpcClientProtocolClient (GrpcClientProtocolClient.java:onNext(264)) - client-DDAAC506A8B0->63440bcd-ddb5-4c00-8006-6f2cca450fd8: receive RaftClientReply:client-DDAAC506A8B0->63440bcd-ddb5-4c00-8006-6f2cca450fd8@group-367105F5BB28, cid=442, SUCCESS, logIndex=121, commits[63440bcd-ddb5-4c00-8006-6f2cca450fd8:c121, 84d78712-0ed3-4e85-a24c-8e41c8241796:c117, 9726f178-e973-440c-9728-4ac35a81d6d9:c117]
2019-09-17 09:59:05,705 [grpc-default-executor-9] INFO  client.GrpcClientProtocolClient (GrpcClientProtocolClient.java:onNext(264)) - client-DDAAC506A8B0->63440bcd-ddb5-4c00-8006-6f2cca450fd8: receive RaftClientReply:client-DDAAC506A8B0->63440bcd-ddb5-4c00-8006-6f2cca450fd8@group-367105F5BB28, cid=443, SUCCESS, logIndex=0, commits[63440bcd-ddb5-4c00-8006-6f2cca450fd8:c122, 84d78712-0ed3-4e85-a24c-8e41c8241796:c120, 9726f178-e973-440c-9728-4ac35a81d6d9:c120]
2019-09-17 09:59:05,731 [grpc-default-executor-9] INFO  client.GrpcClientProtocolClient (GrpcClientProtocolClient.java:onNext(264)) - client-DDAAC506A8B0->63440bcd-ddb5-4c00-8006-6f2cca450fd8: receive RaftClientReply:client-DDAAC506A8B0->63440bcd-ddb5-4c00-8006-6f2cca450fd8@group-367105F5BB28, cid=444, SUCCESS, logIndex=125, commits[63440bcd-ddb5-4c00-8006-6f2cca450fd8:c126, 84d78712-0ed3-4e85-a24c-8e41c8241796:c122, 9726f178-e973-440c-9728-4ac35a81d6d9:c122]
2019-09-17 09:59:05,732 [grpc-default-executor-9] INFO  client.GrpcClientProtocolClient (GrpcClientProtocolClient.java:onNext(264)) - client-DDAAC506A8B0->63440bcd-ddb5-4c00-8006-6f2cca450fd8: receive RaftClientReply:client-DDAAC506A8B0->63440bcd-ddb5-4c00-8006-6f2cca450fd8@group-367105F5BB28, cid=445, SUCCESS, logIndex=126, commits[63440bcd-ddb5-4c00-8006-6f2cca450fd8:c126, 84d78712-0ed3-4e85-a24c-8e41c8241796:c122, 9726f178-e973-440c-9728-4ac35a81d6d9:c122]
2019-09-17 09:59:05,753 [grpc-default-executor-11] INFO  client.GrpcClientProtocolClient (GrpcClientProtocolClient.java:onNext(264)) - client-DDAAC506A8B0->63440bcd-ddb5-4c00-8006-6f2cca450fd8: receive RaftClientReply:client-DDAAC506A8B0->63440bcd-ddb5-4c00-8006-6f2cca450fd8@group-367105F5BB28, cid=446, SUCCESS, logIndex=129, commits[63440bcd-ddb5-4c00-8006-6f2cca450fd8:c130, 84d78712-0ed3-4e85-a24c-8e41c8241796:c127, 9726f178-e973-440c-9728-4ac35a81d6d9:c127]
2019-09-17 09:59:05,754 [grpc-default-executor-11] INFO  client.GrpcClientProtocolClient (GrpcClientProtocolClient.java:onNext(264)) - client-DDAAC506A8B0->63440bcd-ddb5-4c00-8006-6f2cca450fd8: receive RaftClientReply:client-DDAAC506A8B0->63440bcd-ddb5-4c00-8006-6f2cca450fd8@group-367105F5BB28, cid=447, SUCCESS, logIndex=130, commits[63440bcd-ddb5-4c00-8006-6f2cca450fd8:c130, 84d78712-0ed3-4e85-a24c-8e41c8241796:c127, 9726f178-e973-440c-9728-4ac35a81d6d9:c127]
2019-09-17 09:59:05,768 [grpc-default-executor-9] INFO  client.GrpcClientProtocolClient (GrpcClientProtocolClient.java:onNext(264)) - client-DDAAC506A8B0->63440bcd-ddb5-4c00-8006-6f2cca450fd8: receive RaftClientReply:client-DDAAC506A8B0->63440bcd-ddb5-4c00-8006-6f2cca450fd8@group-367105F5BB28, cid=448, SUCCESS, logIndex=0, commits[63440bcd-ddb5-4c00-8006-6f2cca450fd8:c132, 84d78712-0ed3-4e85-a24c-8e41c8241796:c130, 9726f178-e973-440c-9728-4ac35a81d6d9:c130]
2019-09-17 09:59:05,792 [grpc-default-executor-11] INFO  client.GrpcClientProtocolClient (GrpcClientProtocolClient.java:onNext(264)) - client-DDAAC506A8B0->63440bcd-ddb5-4c00-8006-6f2cca450fd8: receive RaftClientReply:client-DDAAC506A8B0->63440bcd-ddb5-4c00-8006-6f2cca450fd8@group-367105F5BB28, cid=449, SUCCESS, logIndex=133, commits[63440bcd-ddb5-4c00-8006-6f2cca450fd8:c136, 84d78712-0ed3-4e85-a24c-8e41c8241796:c132, 9726f178-e973-440c-9728-4ac35a81d6d9:c132]
2019-09-17 09:59:05,792 [grpc-default-executor-11] INFO  client.GrpcClientProtocolClient (GrpcClientProtocolClient.java:onNext(264)) - client-DDAAC506A8B0->63440bcd-ddb5-4c00-8006-6f2cca450fd8: receive RaftClientReply:client-DDAAC506A8B0->63440bcd-ddb5-4c00-8006-6f2cca450fd8@group-367105F5BB28, cid=450, SUCCESS, logIndex=134, commits[63440bcd-ddb5-4c00-8006-6f2cca450fd8:c136, 84d78712-0ed3-4e85-a24c-8e41c8241796:c132, 9726f178-e973-440c-9728-4ac35a81d6d9:c132]
2019-09-17 09:59:05,793 [grpc-default-executor-11] INFO  client.GrpcClientProtocolClient (GrpcClientProtocolClient.java:onNext(264)) - client-DDAAC506A8B0->63440bcd-ddb5-4c00-8006-6f2cca450fd8: receive RaftClientReply:client-DDAAC506A8B0->63440bcd-ddb5-4c00-8006-6f2cca450fd8@group-367105F5BB28, cid=451, SUCCESS, logIndex=135, commits[63440bcd-ddb5-4c00-8006-6f2cca450fd8:c136, 84d78712-0ed3-4e85-a24c-8e41c8241796:c132, 9726f178-e973-440c-9728-4ac35a81d6d9:c132]
2019-09-17 09:59:05,794 [grpc-default-executor-8] INFO  client.GrpcClientProtocolClient (GrpcClientProtocolClient.java:onNext(264)) - client-DDAAC506A8B0->63440bcd-ddb5-4c00-8006-6f2cca450fd8: receive RaftClientReply:client-DDAAC506A8B0->63440bcd-ddb5-4c00-8006-6f2cca450fd8@group-367105F5BB28, cid=452, SUCCESS, logIndex=136, commits[63440bcd-ddb5-4c00-8006-6f2cca450fd8:c136, 84d78712-0ed3-4e85-a24c-8e41c8241796:c132, 9726f178-e973-440c-9728-4ac35a81d6d9:c132]
2019-09-17 09:59:05,806 [grpc-default-executor-8] INFO  client.GrpcClientProtocolClient (GrpcClientProtocolClient.java:onNext(264)) - client-DDAAC506A8B0->63440bcd-ddb5-4c00-8006-6f2cca450fd8: receive RaftClientReply:client-DDAAC506A8B0->63440bcd-ddb5-4c00-8006-6f2cca450fd8@group-367105F5BB28, cid=453, SUCCESS, logIndex=0, commits[63440bcd-ddb5-4c00-8006-6f2cca450fd8:c138, 84d78712-0ed3-4e85-a24c-8e41c8241796:c134, 9726f178-e973-440c-9728-4ac35a81d6d9:c134]
2019-09-17 09:59:05,829 [grpc-default-executor-8] INFO  client.GrpcClientProtocolClient (GrpcClientProtocolClient.java:onNext(264)) - client-DDAAC506A8B0->63440bcd-ddb5-4c00-8006-6f2cca450fd8: receive RaftClientReply:client-DDAAC506A8B0->63440bcd-ddb5-4c00-8006-6f2cca450fd8@group-367105F5BB28, cid=454, SUCCESS, logIndex=141, commits[63440bcd-ddb5-4c00-8006-6f2cca450fd8:c142, 84d78712-0ed3-4e85-a24c-8e41c8241796:c140, 9726f178-e973-440c-9728-4ac35a81d6d9:c140]
2019-09-17 09:59:05,829 [grpc-default-executor-8] INFO  client.GrpcClientProtocolClient (GrpcClientProtocolClient.java:onNext(264)) - client-DDAAC506A8B0->63440bcd-ddb5-4c00-8006-6f2cca450fd8: receive RaftClientReply:client-DDAAC506A8B0->63440bcd-ddb5-4c00-8006-6f2cca450fd8@group-367105F5BB28, cid=455, SUCCESS, logIndex=142, commits[63440bcd-ddb5-4c00-8006-6f2cca450fd8:c142, 84d78712-0ed3-4e85-a24c-8e41c8241796:c140, 9726f178-e973-440c-9728-4ac35a81d6d9:c140]
2019-09-17 09:59:05,851 [grpc-default-executor-11] INFO  client.GrpcClientProtocolClient (GrpcClientProtocolClient.java:onNext(264)) - client-DDAAC506A8B0->63440bcd-ddb5-4c00-8006-6f2cca450fd8: receive RaftClientReply:client-DDAAC506A8B0->63440bcd-ddb5-4c00-8006-6f2cca450fd8@group-367105F5BB28, cid=456, SUCCESS, logIndex=145, commits[63440bcd-ddb5-4c00-8006-6f2cca450fd8:c146, 84d78712-0ed3-4e85-a24c-8e41c8241796:c142, 9726f178-e973-440c-9728-4ac35a81d6d9:c142]
2019-09-17 09:59:05,852 [grpc-default-executor-11] INFO  client.GrpcClientProtocolClient (GrpcClientProtocolClient.java:onNext(264)) - client-DDAAC506A8B0->63440bcd-ddb5-4c00-8006-6f2cca450fd8: receive RaftClientReply:client-DDAAC506A8B0->63440bcd-ddb5-4c00-8006-6f2cca450fd8@group-367105F5BB28, cid=457, SUCCESS, logIndex=146, commits[63440bcd-ddb5-4c00-8006-6f2cca450fd8:c146, 84d78712-0ed3-4e85-a24c-8e41c8241796:c142, 9726f178-e973-440c-9728-4ac35a81d6d9:c142]
2019-09-17 09:59:05,855 [grpc-default-executor-11] INFO  client.GrpcClientProtocolClient (GrpcClientProtocolClient.java:onNext(264)) - client-DDAAC506A8B0->63440bcd-ddb5-4c00-8006-6f2cca450fd8: receive RaftClientReply:client-DDAAC506A8B0->63440bcd-ddb5-4c00-8006-6f2cca450fd8@group-367105F5BB28, cid=458, SUCCESS, logIndex=0, commits[63440bcd-ddb5-4c00-8006-6f2cca450fd8:c147, 84d78712-0ed3-4e85-a24c-8e41c8241796:c146, 9726f178-e973-440c-9728-4ac35a81d6d9:c146]
]]></system-out>
  </testcase>
  <testcase name="testDiscardPreallocatedBlocks" classname="org.apache.hadoop.ozone.client.rpc.TestCloseContainerHandlingByClient" time="0">
    <skipped/>
  </testcase>
</testsuite>