<?xml version="1.0" encoding="UTF-8"?>
<testsuite xmlns:xsi="http://www.w3.org/2001/XMLSchema-instance" xsi:noNamespaceSchemaLocation="https://maven.apache.org/surefire/maven-surefire-plugin/xsd/surefire-test-report.xsd" name="org.apache.hadoop.ozone.freon.TestRandomKeyGenerator" time="135.502" tests="6" errors="1" skipped="0" failures="0">
  <properties>
    <property name="awt.toolkit" value="sun.awt.X11.XToolkit"/>
    <property name="file.encoding.pkg" value="sun.io"/>
    <property name="java.specification.version" value="1.8"/>
    <property name="sun.cpu.isalist" value=""/>
    <property name="sun.jnu.encoding" value="UTF-8"/>
    <property name="java.class.path" value="/workdir/hadoop-ozone/tools/target/test-classes:/workdir/hadoop-ozone/tools/target/classes:/home/user/.m2/repository/org/apache/hadoop/hadoop-ozone-ozone-manager/0.5.0-SNAPSHOT/hadoop-ozone-ozone-manager-0.5.0-SNAPSHOT.jar:/home/user/.m2/repository/org/apache/hadoop/hadoop-hdds-docs/0.5.0-SNAPSHOT/hadoop-hdds-docs-0.5.0-SNAPSHOT.jar:/home/user/.m2/repository/org/bouncycastle/bcprov-jdk15on/1.60/bcprov-jdk15on-1.60.jar:/home/user/.m2/repository/org/apache/hadoop/hadoop-ozone-common/0.5.0-SNAPSHOT/hadoop-ozone-common-0.5.0-SNAPSHOT.jar:/home/user/.m2/repository/org/apache/commons/commons-compress/1.4.1/commons-compress-1.4.1.jar:/home/user/.m2/repository/org/tukaani/xz/1.0/xz-1.0.jar:/home/user/.m2/repository/org/apache/hadoop/hadoop-hdfs-client/3.2.0/hadoop-hdfs-client-3.2.0.jar:/home/user/.m2/repository/com/fasterxml/jackson/core/jackson-annotations/2.9.5/jackson-annotations-2.9.5.jar:/home/user/.m2/repository/org/apache/hadoop/hadoop-hdds-common/0.5.0-SNAPSHOT/hadoop-hdds-common-0.5.0-SNAPSHOT.jar:/home/user/.m2/repository/org/apache/hadoop/hadoop-hdds-config/0.5.0-SNAPSHOT/hadoop-hdds-config-0.5.0-SNAPSHOT.jar:/home/user/.m2/repository/javax/annotation/javax.annotation-api/1.2/javax.annotation-api-1.2.jar:/home/user/.m2/repository/org/apache/ratis/ratis-server/0.4.0-2337318-SNAPSHOT/ratis-server-0.4.0-2337318-SNAPSHOT.jar:/home/user/.m2/repository/org/apache/ratis/ratis-thirdparty-misc/0.2.0/ratis-thirdparty-misc-0.2.0.jar:/home/user/.m2/repository/org/apache/ratis/ratis-proto/0.4.0-2337318-SNAPSHOT/ratis-proto-0.4.0-2337318-SNAPSHOT.jar:/home/user/.m2/repository/org/apache/ratis/ratis-common/0.4.0-2337318-SNAPSHOT/ratis-common-0.4.0-2337318-SNAPSHOT.jar:/home/user/.m2/repository/org/apache/ratis/ratis-client/0.4.0-2337318-SNAPSHOT/ratis-client-0.4.0-2337318-SNAPSHOT.jar:/home/user/.m2/repository/org/apache/ratis/ratis-metrics/0.4.0-2337318-SNAPSHOT/ratis-metrics-0.4.0-2337318-SNAPSHOT.jar:/home/user/.m2/repository/org/apache/ratis/ratis-netty/0.4.0-2337318-SNAPSHOT/ratis-netty-0.4.0-2337318-SNAPSHOT.jar:/home/user/.m2/repository/org/apache/ratis/ratis-grpc/0.4.0-2337318-SNAPSHOT/ratis-grpc-0.4.0-2337318-SNAPSHOT.jar:/home/user/.m2/repository/org/rocksdb/rocksdbjni/6.0.1/rocksdbjni-6.0.1.jar:/home/user/.m2/repository/org/apache/logging/log4j/log4j-api/2.11.0/log4j-api-2.11.0.jar:/home/user/.m2/repository/org/apache/logging/log4j/log4j-core/2.11.0/log4j-core-2.11.0.jar:/home/user/.m2/repository/com/lmax/disruptor/3.4.2/disruptor-3.4.2.jar:/home/user/.m2/repository/org/apache/commons/commons-pool2/2.6.0/commons-pool2-2.6.0.jar:/home/user/.m2/repository/org/bouncycastle/bcpkix-jdk15on/1.60/bcpkix-jdk15on-1.60.jar:/home/user/.m2/repository/commons-validator/commons-validator/1.6/commons-validator-1.6.jar:/home/user/.m2/repository/commons-digester/commons-digester/1.8.1/commons-digester-1.8.1.jar:/home/user/.m2/repository/io/jaegertracing/jaeger-client/0.33.1/jaeger-client-0.33.1.jar:/home/user/.m2/repository/io/jaegertracing/jaeger-thrift/0.33.1/jaeger-thrift-0.33.1.jar:/home/user/.m2/repository/org/apache/thrift/libthrift/0.11.0/libthrift-0.11.0.jar:/home/user/.m2/repository/com/squareup/okhttp3/okhttp/3.9.0/okhttp-3.9.0.jar:/home/user/.m2/repository/com/squareup/okio/okio/1.13.0/okio-1.13.0.jar:/home/user/.m2/repository/io/jaegertracing/jaeger-core/0.33.1/jaeger-core-0.33.1.jar:/home/user/.m2/repository/io/jaegertracing/jaeger-tracerresolver/0.33.1/jaeger-tracerresolver-0.33.1.jar:/home/user/.m2/repository/io/opentracing/contrib/opentracing-tracerresolver/0.1.5/opentracing-tracerresolver-0.1.5.jar:/home/user/.m2/repository/io/opentracing/opentracing-util/0.31.0/opentracing-util-0.31.0.jar:/home/user/.m2/repository/io/opentracing/opentracing-api/0.31.0/opentracing-api-0.31.0.jar:/home/user/.m2/repository/io/opentracing/opentracing-noop/0.31.0/opentracing-noop-0.31.0.jar:/home/user/.m2/repository/org/yaml/snakeyaml/1.16/snakeyaml-1.16.jar:/home/user/.m2/repository/org/apache/hadoop/hadoop-hdds-container-service/0.5.0-SNAPSHOT/hadoop-hdds-container-service-0.5.0-SNAPSHOT.jar:/home/user/.m2/repository/org/apache/hadoop/hadoop-hdds-client/0.5.0-SNAPSHOT/hadoop-hdds-client-0.5.0-SNAPSHOT.jar:/home/user/.m2/repository/org/apache/hadoop/hadoop-hdds-tools/0.5.0-SNAPSHOT/hadoop-hdds-tools-0.5.0-SNAPSHOT.jar:/home/user/.m2/repository/org/xerial/sqlite-jdbc/3.25.2/sqlite-jdbc-3.25.2.jar:/home/user/.m2/repository/org/apache/hadoop/hadoop-hdds-server-scm/0.5.0-SNAPSHOT/hadoop-hdds-server-scm-0.5.0-SNAPSHOT.jar:/home/user/.m2/repository/org/hamcrest/hamcrest-all/1.3/hamcrest-all-1.3.jar:/home/user/.m2/repository/info/picocli/picocli/3.9.6/picocli-3.9.6.jar:/home/user/.m2/repository/com/google/protobuf/protobuf-java/2.5.0/protobuf-java-2.5.0.jar:/home/user/.m2/repository/com/google/guava/guava/11.0.2/guava-11.0.2.jar:/home/user/.m2/repository/org/apache/hadoop/hadoop-ozone-client/0.5.0-SNAPSHOT/hadoop-ozone-client-0.5.0-SNAPSHOT.jar:/workdir/hadoop-ozone/ozonefs/target/classes:/home/user/.m2/repository/org/apache/hadoop/hadoop-hdds-server-framework/0.5.0-SNAPSHOT/hadoop-hdds-server-framework-0.5.0-SNAPSHOT.jar:/home/user/.m2/repository/org/apache/hadoop/hadoop-common/3.2.0/hadoop-common-3.2.0.jar:/home/user/.m2/repository/org/apache/hadoop/hadoop-annotations/3.2.0/hadoop-annotations-3.2.0.jar:/usr/lib/jvm/java-1.8-openjdk/jre/../lib/tools.jar:/home/user/.m2/repository/commons-cli/commons-cli/1.2/commons-cli-1.2.jar:/home/user/.m2/repository/org/apache/commons/commons-math3/3.1.1/commons-math3-3.1.1.jar:/home/user/.m2/repository/org/apache/httpcomponents/httpclient/4.5.2/httpclient-4.5.2.jar:/home/user/.m2/repository/org/apache/httpcomponents/httpcore/4.4.4/httpcore-4.4.4.jar:/home/user/.m2/repository/commons-codec/commons-codec/1.11/commons-codec-1.11.jar:/home/user/.m2/repository/commons-io/commons-io/2.5/commons-io-2.5.jar:/home/user/.m2/repository/commons-net/commons-net/3.6/commons-net-3.6.jar:/home/user/.m2/repository/commons-collections/commons-collections/3.2.2/commons-collections-3.2.2.jar:/home/user/.m2/repository/javax/servlet/javax.servlet-api/3.1.0/javax.servlet-api-3.1.0.jar:/home/user/.m2/repository/org/eclipse/jetty/jetty-server/9.3.24.v20180605/jetty-server-9.3.24.v20180605.jar:/home/user/.m2/repository/org/eclipse/jetty/jetty-http/9.3.24.v20180605/jetty-http-9.3.24.v20180605.jar:/home/user/.m2/repository/org/eclipse/jetty/jetty-io/9.3.24.v20180605/jetty-io-9.3.24.v20180605.jar:/home/user/.m2/repository/org/eclipse/jetty/jetty-util/9.3.24.v20180605/jetty-util-9.3.24.v20180605.jar:/home/user/.m2/repository/org/eclipse/jetty/jetty-servlet/9.3.24.v20180605/jetty-servlet-9.3.24.v20180605.jar:/home/user/.m2/repository/org/eclipse/jetty/jetty-security/9.3.24.v20180605/jetty-security-9.3.24.v20180605.jar:/home/user/.m2/repository/org/eclipse/jetty/jetty-webapp/9.3.24.v20180605/jetty-webapp-9.3.24.v20180605.jar:/home/user/.m2/repository/org/eclipse/jetty/jetty-xml/9.3.24.v20180605/jetty-xml-9.3.24.v20180605.jar:/home/user/.m2/repository/javax/servlet/jsp/jsp-api/2.1/jsp-api-2.1.jar:/home/user/.m2/repository/com/sun/jersey/jersey-core/1.19/jersey-core-1.19.jar:/home/user/.m2/repository/javax/ws/rs/jsr311-api/1.1.1/jsr311-api-1.1.1.jar:/home/user/.m2/repository/com/sun/jersey/jersey-servlet/1.19/jersey-servlet-1.19.jar:/home/user/.m2/repository/com/sun/jersey/jersey-json/1.19/jersey-json-1.19.jar:/home/user/.m2/repository/org/codehaus/jettison/jettison/1.1/jettison-1.1.jar:/home/user/.m2/repository/com/sun/xml/bind/jaxb-impl/2.3.0.1/jaxb-impl-2.3.0.1.jar:/home/user/.m2/repository/org/codehaus/jackson/jackson-core-asl/1.9.13/jackson-core-asl-1.9.13.jar:/home/user/.m2/repository/org/codehaus/jackson/jackson-mapper-asl/1.9.13/jackson-mapper-asl-1.9.13.jar:/home/user/.m2/repository/org/codehaus/jackson/jackson-jaxrs/1.9.13/jackson-jaxrs-1.9.13.jar:/home/user/.m2/repository/org/codehaus/jackson/jackson-xc/1.9.13/jackson-xc-1.9.13.jar:/home/user/.m2/repository/com/sun/jersey/jersey-server/1.19/jersey-server-1.19.jar:/home/user/.m2/repository/commons-logging/commons-logging/1.1.3/commons-logging-1.1.3.jar:/home/user/.m2/repository/log4j/log4j/1.2.17/log4j-1.2.17.jar:/home/user/.m2/repository/commons-beanutils/commons-beanutils/1.9.3/commons-beanutils-1.9.3.jar:/home/user/.m2/repository/org/apache/commons/commons-configuration2/2.1.1/commons-configuration2-2.1.1.jar:/home/user/.m2/repository/org/apache/commons/commons-lang3/3.7/commons-lang3-3.7.jar:/home/user/.m2/repository/org/apache/commons/commons-text/1.4/commons-text-1.4.jar:/home/user/.m2/repository/org/slf4j/slf4j-api/1.7.25/slf4j-api-1.7.25.jar:/home/user/.m2/repository/org/slf4j/slf4j-log4j12/1.7.25/slf4j-log4j12-1.7.25.jar:/home/user/.m2/repository/org/apache/avro/avro/1.7.7/avro-1.7.7.jar:/home/user/.m2/repository/com/thoughtworks/paranamer/paranamer/2.3/paranamer-2.3.jar:/home/user/.m2/repository/org/xerial/snappy/snappy-java/1.0.5/snappy-java-1.0.5.jar:/home/user/.m2/repository/com/google/re2j/re2j/1.1/re2j-1.1.jar:/home/user/.m2/repository/com/google/code/gson/gson/2.2.4/gson-2.2.4.jar:/home/user/.m2/repository/org/apache/hadoop/hadoop-auth/3.2.0/hadoop-auth-3.2.0.jar:/home/user/.m2/repository/com/nimbusds/nimbus-jose-jwt/4.41.1/nimbus-jose-jwt-4.41.1.jar:/home/user/.m2/repository/com/github/stephenc/jcip/jcip-annotations/1.0-1/jcip-annotations-1.0-1.jar:/home/user/.m2/repository/net/minidev/json-smart/2.3/json-smart-2.3.jar:/home/user/.m2/repository/net/minidev/accessors-smart/1.2/accessors-smart-1.2.jar:/home/user/.m2/repository/org/apache/curator/curator-framework/2.12.0/curator-framework-2.12.0.jar:/home/user/.m2/repository/com/jcraft/jsch/0.1.54/jsch-0.1.54.jar:/home/user/.m2/repository/org/apache/curator/curator-client/2.12.0/curator-client-2.12.0.jar:/home/user/.m2/repository/org/apache/curator/curator-recipes/2.12.0/curator-recipes-2.12.0.jar:/home/user/.m2/repository/com/google/code/findbugs/jsr305/3.0.0/jsr305-3.0.0.jar:/home/user/.m2/repository/org/apache/htrace/htrace-core4/4.1.0-incubating/htrace-core4-4.1.0-incubating.jar:/home/user/.m2/repository/org/apache/zookeeper/zookeeper/3.4.13/zookeeper-3.4.13.jar:/home/user/.m2/repository/org/apache/yetus/audience-annotations/0.5.0/audience-annotations-0.5.0.jar:/home/user/.m2/repository/org/apache/kerby/kerb-simplekdc/1.0.1/kerb-simplekdc-1.0.1.jar:/home/user/.m2/repository/org/apache/kerby/kerb-client/1.0.1/kerb-client-1.0.1.jar:/home/user/.m2/repository/org/apache/kerby/kerby-config/1.0.1/kerby-config-1.0.1.jar:/home/user/.m2/repository/org/apache/kerby/kerb-core/1.0.1/kerb-core-1.0.1.jar:/home/user/.m2/repository/org/apache/kerby/kerby-pkix/1.0.1/kerby-pkix-1.0.1.jar:/home/user/.m2/repository/org/apache/kerby/kerby-asn1/1.0.1/kerby-asn1-1.0.1.jar:/home/user/.m2/repository/org/apache/kerby/kerby-util/1.0.1/kerby-util-1.0.1.jar:/home/user/.m2/repository/org/apache/kerby/kerb-common/1.0.1/kerb-common-1.0.1.jar:/home/user/.m2/repository/org/apache/kerby/kerb-crypto/1.0.1/kerb-crypto-1.0.1.jar:/home/user/.m2/repository/org/apache/kerby/kerb-util/1.0.1/kerb-util-1.0.1.jar:/home/user/.m2/repository/org/apache/kerby/token-provider/1.0.1/token-provider-1.0.1.jar:/home/user/.m2/repository/org/apache/kerby/kerb-admin/1.0.1/kerb-admin-1.0.1.jar:/home/user/.m2/repository/org/apache/kerby/kerb-server/1.0.1/kerb-server-1.0.1.jar:/home/user/.m2/repository/org/apache/kerby/kerb-identity/1.0.1/kerb-identity-1.0.1.jar:/home/user/.m2/repository/org/apache/kerby/kerby-xdr/1.0.1/kerby-xdr-1.0.1.jar:/home/user/.m2/repository/com/fasterxml/jackson/core/jackson-databind/2.9.5/jackson-databind-2.9.5.jar:/home/user/.m2/repository/com/fasterxml/jackson/core/jackson-core/2.9.5/jackson-core-2.9.5.jar:/home/user/.m2/repository/org/codehaus/woodstox/stax2-api/3.1.4/stax2-api-3.1.4.jar:/home/user/.m2/repository/com/fasterxml/woodstox/woodstox-core/5.0.3/woodstox-core-5.0.3.jar:/home/user/.m2/repository/dnsjava/dnsjava/2.1.7/dnsjava-2.1.7.jar:/home/user/.m2/repository/org/apache/hadoop/hadoop-hdfs/3.2.0/hadoop-hdfs-3.2.0.jar:/home/user/.m2/repository/org/eclipse/jetty/jetty-util-ajax/9.3.24.v20180605/jetty-util-ajax-9.3.24.v20180605.jar:/home/user/.m2/repository/commons-daemon/commons-daemon/1.0.13/commons-daemon-1.0.13.jar:/home/user/.m2/repository/io/netty/netty/3.10.5.Final/netty-3.10.5.Final.jar:/home/user/.m2/repository/io/netty/netty-all/4.0.52.Final/netty-all-4.0.52.Final.jar:/home/user/.m2/repository/org/fusesource/leveldbjni/leveldbjni-all/1.8/leveldbjni-all-1.8.jar:/home/user/.m2/repository/com/sun/xml/bind/jaxb-core/2.3.0.1/jaxb-core-2.3.0.1.jar:/home/user/.m2/repository/javax/xml/bind/jaxb-api/2.3.0/jaxb-api-2.3.0.jar:/home/user/.m2/repository/javax/activation/activation/1.1.1/activation-1.1.1.jar:/home/user/.m2/repository/io/dropwizard/metrics/metrics-core/3.2.4/metrics-core-3.2.4.jar:/home/user/.m2/repository/org/openjdk/jmh/jmh-core/1.19/jmh-core-1.19.jar:/home/user/.m2/repository/net/sf/jopt-simple/jopt-simple/4.6/jopt-simple-4.6.jar:/home/user/.m2/repository/org/openjdk/jmh/jmh-generator-annprocess/1.19/jmh-generator-annprocess-1.19.jar:/home/user/.m2/repository/com/google/code/findbugs/findbugs/3.0.1/findbugs-3.0.1.jar:/home/user/.m2/repository/net/jcip/jcip-annotations/1.0/jcip-annotations-1.0.jar:/home/user/.m2/repository/com/google/code/findbugs/bcel-findbugs/6.0/bcel-findbugs-6.0.jar:/home/user/.m2/repository/com/google/code/findbugs/jFormatString/2.0.1/jFormatString-2.0.1.jar:/home/user/.m2/repository/dom4j/dom4j/1.6.1/dom4j-1.6.1.jar:/home/user/.m2/repository/xml-apis/xml-apis/1.0.b2/xml-apis-1.0.b2.jar:/home/user/.m2/repository/org/ow2/asm/asm-debug-all/5.0.2/asm-debug-all-5.0.2.jar:/home/user/.m2/repository/org/ow2/asm/asm-commons/5.0.2/asm-commons-5.0.2.jar:/home/user/.m2/repository/org/ow2/asm/asm-tree/5.0.2/asm-tree-5.0.2.jar:/home/user/.m2/repository/org/ow2/asm/asm/5.0.4/asm-5.0.4.jar:/home/user/.m2/repository/commons-lang/commons-lang/2.6/commons-lang-2.6.jar:/home/user/.m2/repository/com/apple/AppleJavaExtensions/1.4/AppleJavaExtensions-1.4.jar:/home/user/.m2/repository/jaxen/jaxen/1.1.6/jaxen-1.1.6.jar:/home/user/.m2/repository/junit/junit/4.11/junit-4.11.jar:/home/user/.m2/repository/org/hamcrest/hamcrest-core/1.3/hamcrest-core-1.3.jar:/home/user/.m2/repository/org/apache/hadoop/hadoop-common/3.2.0/hadoop-common-3.2.0-tests.jar:/workdir/hadoop-ozone/integration-test/target/test-classes:/home/user/.m2/repository/org/apache/hadoop/hadoop-ozone-s3gateway/0.5.0-SNAPSHOT/hadoop-ozone-s3gateway-0.5.0-SNAPSHOT.jar:/home/user/.m2/repository/org/jboss/weld/servlet/weld-servlet/2.4.7.Final/weld-servlet-2.4.7.Final.jar:/home/user/.m2/repository/org/glassfish/jersey/containers/jersey-container-servlet-core/2.27/jersey-container-servlet-core-2.27.jar:/home/user/.m2/repository/org/glassfish/hk2/external/javax.inject/2.5.0-b42/javax.inject-2.5.0-b42.jar:/home/user/.m2/repository/org/glassfish/jersey/core/jersey-common/2.27/jersey-common-2.27.jar:/home/user/.m2/repository/org/glassfish/hk2/osgi-resource-locator/1.0.1/osgi-resource-locator-1.0.1.jar:/home/user/.m2/repository/javax/ws/rs/javax.ws.rs-api/2.1/javax.ws.rs-api-2.1.jar:/home/user/.m2/repository/org/glassfish/jersey/ext/cdi/jersey-cdi1x/2.27/jersey-cdi1x-2.27.jar:/home/user/.m2/repository/org/glassfish/jersey/inject/jersey-hk2/2.27/jersey-hk2-2.27.jar:/home/user/.m2/repository/org/glassfish/hk2/hk2-locator/2.5.0-b42/hk2-locator-2.5.0-b42.jar:/home/user/.m2/repository/org/javassist/javassist/3.22.0-CR2/javassist-3.22.0-CR2.jar:/home/user/.m2/repository/org/glassfish/hk2/hk2-api/2.5.0/hk2-api-2.5.0.jar:/home/user/.m2/repository/org/glassfish/hk2/external/jakarta.inject/2.5.0/jakarta.inject-2.5.0.jar:/home/user/.m2/repository/org/glassfish/hk2/hk2-utils/2.5.0/hk2-utils-2.5.0.jar:/home/user/.m2/repository/jakarta/annotation/jakarta.annotation-api/1.3.4/jakarta.annotation-api-1.3.4.jar:/home/user/.m2/repository/org/glassfish/hk2/external/aopalliance-repackaged/2.5.0/aopalliance-repackaged-2.5.0.jar:/home/user/.m2/repository/com/fasterxml/jackson/dataformat/jackson-dataformat-xml/2.9.0/jackson-dataformat-xml-2.9.0.jar:/home/user/.m2/repository/com/fasterxml/jackson/module/jackson-module-jaxb-annotations/2.9.5/jackson-module-jaxb-annotations-2.9.5.jar:/home/user/.m2/repository/javax/enterprise/cdi-api/1.2/cdi-api-1.2.jar:/home/user/.m2/repository/javax/el/javax.el-api/3.0.0/javax.el-api-3.0.0.jar:/home/user/.m2/repository/javax/interceptor/javax.interceptor-api/1.2/javax.interceptor-api-1.2.jar:/home/user/.m2/repository/javax/inject/javax.inject/1/javax.inject-1.jar:/home/user/.m2/repository/org/apache/hadoop/hadoop-ozone-csi/0.5.0-SNAPSHOT/hadoop-ozone-csi-0.5.0-SNAPSHOT.jar:/home/user/.m2/repository/com/google/protobuf/protobuf-java-util/3.5.1/protobuf-java-util-3.5.1.jar:/home/user/.m2/repository/io/grpc/grpc-netty/1.17.1/grpc-netty-1.17.1.jar:/home/user/.m2/repository/io/grpc/grpc-core/1.17.1/grpc-core-1.17.1.jar:/home/user/.m2/repository/io/grpc/grpc-context/1.17.1/grpc-context-1.17.1.jar:/home/user/.m2/repository/com/google/errorprone/error_prone_annotations/2.2.0/error_prone_annotations-2.2.0.jar:/home/user/.m2/repository/org/codehaus/mojo/animal-sniffer-annotations/1.17/animal-sniffer-annotations-1.17.jar:/home/user/.m2/repository/io/opencensus/opencensus-api/0.17.0/opencensus-api-0.17.0.jar:/home/user/.m2/repository/io/opencensus/opencensus-contrib-grpc-metrics/0.17.0/opencensus-contrib-grpc-metrics-0.17.0.jar:/home/user/.m2/repository/io/netty/netty-codec-http2/4.1.30.Final/netty-codec-http2-4.1.30.Final.jar:/home/user/.m2/repository/io/netty/netty-codec-http/4.1.30.Final/netty-codec-http-4.1.30.Final.jar:/home/user/.m2/repository/io/netty/netty-codec/4.1.30.Final/netty-codec-4.1.30.Final.jar:/home/user/.m2/repository/io/netty/netty-handler/4.1.30.Final/netty-handler-4.1.30.Final.jar:/home/user/.m2/repository/io/netty/netty-handler-proxy/4.1.30.Final/netty-handler-proxy-4.1.30.Final.jar:/home/user/.m2/repository/io/netty/netty-codec-socks/4.1.30.Final/netty-codec-socks-4.1.30.Final.jar:/home/user/.m2/repository/io/netty/netty-transport-native-epoll/4.1.30.Final/netty-transport-native-epoll-4.1.30.Final.jar:/home/user/.m2/repository/io/netty/netty-common/4.1.30.Final/netty-common-4.1.30.Final.jar:/home/user/.m2/repository/io/netty/netty-buffer/4.1.30.Final/netty-buffer-4.1.30.Final.jar:/home/user/.m2/repository/io/netty/netty-transport/4.1.30.Final/netty-transport-4.1.30.Final.jar:/home/user/.m2/repository/io/netty/netty-resolver/4.1.30.Final/netty-resolver-4.1.30.Final.jar:/home/user/.m2/repository/io/netty/netty-transport-native-unix-common/4.1.30.Final/netty-transport-native-unix-common-4.1.30.Final.jar:/home/user/.m2/repository/io/grpc/grpc-protobuf/1.17.1/grpc-protobuf-1.17.1.jar:/home/user/.m2/repository/com/google/api/grpc/proto-google-common-protos/1.0.0/proto-google-common-protos-1.0.0.jar:/home/user/.m2/repository/io/grpc/grpc-protobuf-lite/1.17.1/grpc-protobuf-lite-1.17.1.jar:/home/user/.m2/repository/io/grpc/grpc-stub/1.17.1/grpc-stub-1.17.1.jar:/home/user/.m2/repository/org/apache/hadoop/hadoop-ozone-recon/0.5.0-SNAPSHOT/hadoop-ozone-recon-0.5.0-SNAPSHOT.jar:/home/user/.m2/repository/org/apache/hadoop/hadoop-ozone-reconcodegen/0.5.0-SNAPSHOT/hadoop-ozone-reconcodegen-0.5.0-SNAPSHOT.jar:/home/user/.m2/repository/com/google/inject/extensions/guice-multibindings/4.0/guice-multibindings-4.0.jar:/home/user/.m2/repository/com/google/inject/guice/4.0/guice-4.0.jar:/home/user/.m2/repository/aopalliance/aopalliance/1.0/aopalliance-1.0.jar:/home/user/.m2/repository/com/google/inject/extensions/guice-servlet/4.0/guice-servlet-4.0.jar:/home/user/.m2/repository/org/glassfish/jersey/containers/jersey-container-servlet/2.27/jersey-container-servlet-2.27.jar:/home/user/.m2/repository/org/glassfish/hk2/guice-bridge/2.5.0/guice-bridge-2.5.0.jar:/home/user/.m2/repository/org/glassfish/jersey/core/jersey-server/2.27/jersey-server-2.27.jar:/home/user/.m2/repository/org/glassfish/jersey/core/jersey-client/2.27/jersey-client-2.27.jar:/home/user/.m2/repository/org/glassfish/jersey/media/jersey-media-jaxb/2.27/jersey-media-jaxb-2.27.jar:/home/user/.m2/repository/javax/validation/validation-api/1.1.0.Final/validation-api-1.1.0.Final.jar:/home/user/.m2/repository/org/glassfish/jersey/media/jersey-media-json-jackson/2.27/jersey-media-json-jackson-2.27.jar:/home/user/.m2/repository/org/glassfish/jersey/ext/jersey-entity-filtering/2.27/jersey-entity-filtering-2.27.jar:/home/user/.m2/repository/com/google/inject/extensions/guice-assistedinject/4.0/guice-assistedinject-4.0.jar:/home/user/.m2/repository/org/jooq/jooq/3.11.10/jooq-3.11.10.jar:/home/user/.m2/repository/org/jooq/jooq-meta/3.11.10/jooq-meta-3.11.10.jar:/home/user/.m2/repository/org/jooq/jooq-codegen/3.11.10/jooq-codegen-3.11.10.jar:/home/user/.m2/repository/com/jolbox/bonecp/0.8.0.RELEASE/bonecp-0.8.0.RELEASE.jar:/home/user/.m2/repository/org/springframework/spring-jdbc/5.1.3.RELEASE/spring-jdbc-5.1.3.RELEASE.jar:/home/user/.m2/repository/org/springframework/spring-beans/5.1.3.RELEASE/spring-beans-5.1.3.RELEASE.jar:/home/user/.m2/repository/org/springframework/spring-core/5.1.3.RELEASE/spring-core-5.1.3.RELEASE.jar:/home/user/.m2/repository/org/springframework/spring-jcl/5.1.3.RELEASE/spring-jcl-5.1.3.RELEASE.jar:/home/user/.m2/repository/org/springframework/spring-tx/5.1.3.RELEASE/spring-tx-5.1.3.RELEASE.jar:/home/user/.m2/repository/org/mockito/mockito-core/2.15.0/mockito-core-2.15.0.jar:/home/user/.m2/repository/net/bytebuddy/byte-buddy/1.7.9/byte-buddy-1.7.9.jar:/home/user/.m2/repository/net/bytebuddy/byte-buddy-agent/1.7.9/byte-buddy-agent-1.7.9.jar:/home/user/.m2/repository/org/objenesis/objenesis/1.0/objenesis-1.0.jar:"/>
    <property name="java.vm.vendor" value="IcedTea"/>
    <property name="sun.arch.data.model" value="64"/>
    <property name="test.build.dir" value="/workdir/hadoop-ozone/tools/target/test-dir"/>
    <property name="test.cache.data" value=""/>
    <property name="java.vendor.url" value="https://icedtea.classpath.org"/>
    <property name="user.timezone" value=""/>
    <property name="java.vm.specification.version" value="1.8"/>
    <property name="os.name" value="Linux"/>
    <property name="test.build.data" value="/workdir/hadoop-ozone/tools/target/test-dir"/>
    <property name="user.country" value="US"/>
    <property name="sun.java.launcher" value="SUN_STANDARD"/>
    <property name="sun.boot.library.path" value="/usr/lib/jvm/java-1.8-openjdk/jre/lib/amd64"/>
    <property name="sun.java.command" value="/workdir/hadoop-ozone/tools/target/surefire/surefirebooter5619770238938683818.jar /workdir/hadoop-ozone/tools/target/surefire 2019-09-05T17-29-34_875-jvmRun1 surefire3236989065793225673tmp surefire_1116308379951707156584tmp"/>
    <property name="test" value="!TestMiniChaosOzoneCluster"/>
    <property name="surefire.test.class.path" value="/workdir/hadoop-ozone/tools/target/test-classes:/workdir/hadoop-ozone/tools/target/classes:/home/user/.m2/repository/org/apache/hadoop/hadoop-ozone-ozone-manager/0.5.0-SNAPSHOT/hadoop-ozone-ozone-manager-0.5.0-SNAPSHOT.jar:/home/user/.m2/repository/org/apache/hadoop/hadoop-hdds-docs/0.5.0-SNAPSHOT/hadoop-hdds-docs-0.5.0-SNAPSHOT.jar:/home/user/.m2/repository/org/bouncycastle/bcprov-jdk15on/1.60/bcprov-jdk15on-1.60.jar:/home/user/.m2/repository/org/apache/hadoop/hadoop-ozone-common/0.5.0-SNAPSHOT/hadoop-ozone-common-0.5.0-SNAPSHOT.jar:/home/user/.m2/repository/org/apache/commons/commons-compress/1.4.1/commons-compress-1.4.1.jar:/home/user/.m2/repository/org/tukaani/xz/1.0/xz-1.0.jar:/home/user/.m2/repository/org/apache/hadoop/hadoop-hdfs-client/3.2.0/hadoop-hdfs-client-3.2.0.jar:/home/user/.m2/repository/com/fasterxml/jackson/core/jackson-annotations/2.9.5/jackson-annotations-2.9.5.jar:/home/user/.m2/repository/org/apache/hadoop/hadoop-hdds-common/0.5.0-SNAPSHOT/hadoop-hdds-common-0.5.0-SNAPSHOT.jar:/home/user/.m2/repository/org/apache/hadoop/hadoop-hdds-config/0.5.0-SNAPSHOT/hadoop-hdds-config-0.5.0-SNAPSHOT.jar:/home/user/.m2/repository/javax/annotation/javax.annotation-api/1.2/javax.annotation-api-1.2.jar:/home/user/.m2/repository/org/apache/ratis/ratis-server/0.4.0-2337318-SNAPSHOT/ratis-server-0.4.0-2337318-SNAPSHOT.jar:/home/user/.m2/repository/org/apache/ratis/ratis-thirdparty-misc/0.2.0/ratis-thirdparty-misc-0.2.0.jar:/home/user/.m2/repository/org/apache/ratis/ratis-proto/0.4.0-2337318-SNAPSHOT/ratis-proto-0.4.0-2337318-SNAPSHOT.jar:/home/user/.m2/repository/org/apache/ratis/ratis-common/0.4.0-2337318-SNAPSHOT/ratis-common-0.4.0-2337318-SNAPSHOT.jar:/home/user/.m2/repository/org/apache/ratis/ratis-client/0.4.0-2337318-SNAPSHOT/ratis-client-0.4.0-2337318-SNAPSHOT.jar:/home/user/.m2/repository/org/apache/ratis/ratis-metrics/0.4.0-2337318-SNAPSHOT/ratis-metrics-0.4.0-2337318-SNAPSHOT.jar:/home/user/.m2/repository/org/apache/ratis/ratis-netty/0.4.0-2337318-SNAPSHOT/ratis-netty-0.4.0-2337318-SNAPSHOT.jar:/home/user/.m2/repository/org/apache/ratis/ratis-grpc/0.4.0-2337318-SNAPSHOT/ratis-grpc-0.4.0-2337318-SNAPSHOT.jar:/home/user/.m2/repository/org/rocksdb/rocksdbjni/6.0.1/rocksdbjni-6.0.1.jar:/home/user/.m2/repository/org/apache/logging/log4j/log4j-api/2.11.0/log4j-api-2.11.0.jar:/home/user/.m2/repository/org/apache/logging/log4j/log4j-core/2.11.0/log4j-core-2.11.0.jar:/home/user/.m2/repository/com/lmax/disruptor/3.4.2/disruptor-3.4.2.jar:/home/user/.m2/repository/org/apache/commons/commons-pool2/2.6.0/commons-pool2-2.6.0.jar:/home/user/.m2/repository/org/bouncycastle/bcpkix-jdk15on/1.60/bcpkix-jdk15on-1.60.jar:/home/user/.m2/repository/commons-validator/commons-validator/1.6/commons-validator-1.6.jar:/home/user/.m2/repository/commons-digester/commons-digester/1.8.1/commons-digester-1.8.1.jar:/home/user/.m2/repository/io/jaegertracing/jaeger-client/0.33.1/jaeger-client-0.33.1.jar:/home/user/.m2/repository/io/jaegertracing/jaeger-thrift/0.33.1/jaeger-thrift-0.33.1.jar:/home/user/.m2/repository/org/apache/thrift/libthrift/0.11.0/libthrift-0.11.0.jar:/home/user/.m2/repository/com/squareup/okhttp3/okhttp/3.9.0/okhttp-3.9.0.jar:/home/user/.m2/repository/com/squareup/okio/okio/1.13.0/okio-1.13.0.jar:/home/user/.m2/repository/io/jaegertracing/jaeger-core/0.33.1/jaeger-core-0.33.1.jar:/home/user/.m2/repository/io/jaegertracing/jaeger-tracerresolver/0.33.1/jaeger-tracerresolver-0.33.1.jar:/home/user/.m2/repository/io/opentracing/contrib/opentracing-tracerresolver/0.1.5/opentracing-tracerresolver-0.1.5.jar:/home/user/.m2/repository/io/opentracing/opentracing-util/0.31.0/opentracing-util-0.31.0.jar:/home/user/.m2/repository/io/opentracing/opentracing-api/0.31.0/opentracing-api-0.31.0.jar:/home/user/.m2/repository/io/opentracing/opentracing-noop/0.31.0/opentracing-noop-0.31.0.jar:/home/user/.m2/repository/org/yaml/snakeyaml/1.16/snakeyaml-1.16.jar:/home/user/.m2/repository/org/apache/hadoop/hadoop-hdds-container-service/0.5.0-SNAPSHOT/hadoop-hdds-container-service-0.5.0-SNAPSHOT.jar:/home/user/.m2/repository/org/apache/hadoop/hadoop-hdds-client/0.5.0-SNAPSHOT/hadoop-hdds-client-0.5.0-SNAPSHOT.jar:/home/user/.m2/repository/org/apache/hadoop/hadoop-hdds-tools/0.5.0-SNAPSHOT/hadoop-hdds-tools-0.5.0-SNAPSHOT.jar:/home/user/.m2/repository/org/xerial/sqlite-jdbc/3.25.2/sqlite-jdbc-3.25.2.jar:/home/user/.m2/repository/org/apache/hadoop/hadoop-hdds-server-scm/0.5.0-SNAPSHOT/hadoop-hdds-server-scm-0.5.0-SNAPSHOT.jar:/home/user/.m2/repository/org/hamcrest/hamcrest-all/1.3/hamcrest-all-1.3.jar:/home/user/.m2/repository/info/picocli/picocli/3.9.6/picocli-3.9.6.jar:/home/user/.m2/repository/com/google/protobuf/protobuf-java/2.5.0/protobuf-java-2.5.0.jar:/home/user/.m2/repository/com/google/guava/guava/11.0.2/guava-11.0.2.jar:/home/user/.m2/repository/org/apache/hadoop/hadoop-ozone-client/0.5.0-SNAPSHOT/hadoop-ozone-client-0.5.0-SNAPSHOT.jar:/workdir/hadoop-ozone/ozonefs/target/classes:/home/user/.m2/repository/org/apache/hadoop/hadoop-hdds-server-framework/0.5.0-SNAPSHOT/hadoop-hdds-server-framework-0.5.0-SNAPSHOT.jar:/home/user/.m2/repository/org/apache/hadoop/hadoop-common/3.2.0/hadoop-common-3.2.0.jar:/home/user/.m2/repository/org/apache/hadoop/hadoop-annotations/3.2.0/hadoop-annotations-3.2.0.jar:/usr/lib/jvm/java-1.8-openjdk/jre/../lib/tools.jar:/home/user/.m2/repository/commons-cli/commons-cli/1.2/commons-cli-1.2.jar:/home/user/.m2/repository/org/apache/commons/commons-math3/3.1.1/commons-math3-3.1.1.jar:/home/user/.m2/repository/org/apache/httpcomponents/httpclient/4.5.2/httpclient-4.5.2.jar:/home/user/.m2/repository/org/apache/httpcomponents/httpcore/4.4.4/httpcore-4.4.4.jar:/home/user/.m2/repository/commons-codec/commons-codec/1.11/commons-codec-1.11.jar:/home/user/.m2/repository/commons-io/commons-io/2.5/commons-io-2.5.jar:/home/user/.m2/repository/commons-net/commons-net/3.6/commons-net-3.6.jar:/home/user/.m2/repository/commons-collections/commons-collections/3.2.2/commons-collections-3.2.2.jar:/home/user/.m2/repository/javax/servlet/javax.servlet-api/3.1.0/javax.servlet-api-3.1.0.jar:/home/user/.m2/repository/org/eclipse/jetty/jetty-server/9.3.24.v20180605/jetty-server-9.3.24.v20180605.jar:/home/user/.m2/repository/org/eclipse/jetty/jetty-http/9.3.24.v20180605/jetty-http-9.3.24.v20180605.jar:/home/user/.m2/repository/org/eclipse/jetty/jetty-io/9.3.24.v20180605/jetty-io-9.3.24.v20180605.jar:/home/user/.m2/repository/org/eclipse/jetty/jetty-util/9.3.24.v20180605/jetty-util-9.3.24.v20180605.jar:/home/user/.m2/repository/org/eclipse/jetty/jetty-servlet/9.3.24.v20180605/jetty-servlet-9.3.24.v20180605.jar:/home/user/.m2/repository/org/eclipse/jetty/jetty-security/9.3.24.v20180605/jetty-security-9.3.24.v20180605.jar:/home/user/.m2/repository/org/eclipse/jetty/jetty-webapp/9.3.24.v20180605/jetty-webapp-9.3.24.v20180605.jar:/home/user/.m2/repository/org/eclipse/jetty/jetty-xml/9.3.24.v20180605/jetty-xml-9.3.24.v20180605.jar:/home/user/.m2/repository/javax/servlet/jsp/jsp-api/2.1/jsp-api-2.1.jar:/home/user/.m2/repository/com/sun/jersey/jersey-core/1.19/jersey-core-1.19.jar:/home/user/.m2/repository/javax/ws/rs/jsr311-api/1.1.1/jsr311-api-1.1.1.jar:/home/user/.m2/repository/com/sun/jersey/jersey-servlet/1.19/jersey-servlet-1.19.jar:/home/user/.m2/repository/com/sun/jersey/jersey-json/1.19/jersey-json-1.19.jar:/home/user/.m2/repository/org/codehaus/jettison/jettison/1.1/jettison-1.1.jar:/home/user/.m2/repository/com/sun/xml/bind/jaxb-impl/2.3.0.1/jaxb-impl-2.3.0.1.jar:/home/user/.m2/repository/org/codehaus/jackson/jackson-core-asl/1.9.13/jackson-core-asl-1.9.13.jar:/home/user/.m2/repository/org/codehaus/jackson/jackson-mapper-asl/1.9.13/jackson-mapper-asl-1.9.13.jar:/home/user/.m2/repository/org/codehaus/jackson/jackson-jaxrs/1.9.13/jackson-jaxrs-1.9.13.jar:/home/user/.m2/repository/org/codehaus/jackson/jackson-xc/1.9.13/jackson-xc-1.9.13.jar:/home/user/.m2/repository/com/sun/jersey/jersey-server/1.19/jersey-server-1.19.jar:/home/user/.m2/repository/commons-logging/commons-logging/1.1.3/commons-logging-1.1.3.jar:/home/user/.m2/repository/log4j/log4j/1.2.17/log4j-1.2.17.jar:/home/user/.m2/repository/commons-beanutils/commons-beanutils/1.9.3/commons-beanutils-1.9.3.jar:/home/user/.m2/repository/org/apache/commons/commons-configuration2/2.1.1/commons-configuration2-2.1.1.jar:/home/user/.m2/repository/org/apache/commons/commons-lang3/3.7/commons-lang3-3.7.jar:/home/user/.m2/repository/org/apache/commons/commons-text/1.4/commons-text-1.4.jar:/home/user/.m2/repository/org/slf4j/slf4j-api/1.7.25/slf4j-api-1.7.25.jar:/home/user/.m2/repository/org/slf4j/slf4j-log4j12/1.7.25/slf4j-log4j12-1.7.25.jar:/home/user/.m2/repository/org/apache/avro/avro/1.7.7/avro-1.7.7.jar:/home/user/.m2/repository/com/thoughtworks/paranamer/paranamer/2.3/paranamer-2.3.jar:/home/user/.m2/repository/org/xerial/snappy/snappy-java/1.0.5/snappy-java-1.0.5.jar:/home/user/.m2/repository/com/google/re2j/re2j/1.1/re2j-1.1.jar:/home/user/.m2/repository/com/google/code/gson/gson/2.2.4/gson-2.2.4.jar:/home/user/.m2/repository/org/apache/hadoop/hadoop-auth/3.2.0/hadoop-auth-3.2.0.jar:/home/user/.m2/repository/com/nimbusds/nimbus-jose-jwt/4.41.1/nimbus-jose-jwt-4.41.1.jar:/home/user/.m2/repository/com/github/stephenc/jcip/jcip-annotations/1.0-1/jcip-annotations-1.0-1.jar:/home/user/.m2/repository/net/minidev/json-smart/2.3/json-smart-2.3.jar:/home/user/.m2/repository/net/minidev/accessors-smart/1.2/accessors-smart-1.2.jar:/home/user/.m2/repository/org/apache/curator/curator-framework/2.12.0/curator-framework-2.12.0.jar:/home/user/.m2/repository/com/jcraft/jsch/0.1.54/jsch-0.1.54.jar:/home/user/.m2/repository/org/apache/curator/curator-client/2.12.0/curator-client-2.12.0.jar:/home/user/.m2/repository/org/apache/curator/curator-recipes/2.12.0/curator-recipes-2.12.0.jar:/home/user/.m2/repository/com/google/code/findbugs/jsr305/3.0.0/jsr305-3.0.0.jar:/home/user/.m2/repository/org/apache/htrace/htrace-core4/4.1.0-incubating/htrace-core4-4.1.0-incubating.jar:/home/user/.m2/repository/org/apache/zookeeper/zookeeper/3.4.13/zookeeper-3.4.13.jar:/home/user/.m2/repository/org/apache/yetus/audience-annotations/0.5.0/audience-annotations-0.5.0.jar:/home/user/.m2/repository/org/apache/kerby/kerb-simplekdc/1.0.1/kerb-simplekdc-1.0.1.jar:/home/user/.m2/repository/org/apache/kerby/kerb-client/1.0.1/kerb-client-1.0.1.jar:/home/user/.m2/repository/org/apache/kerby/kerby-config/1.0.1/kerby-config-1.0.1.jar:/home/user/.m2/repository/org/apache/kerby/kerb-core/1.0.1/kerb-core-1.0.1.jar:/home/user/.m2/repository/org/apache/kerby/kerby-pkix/1.0.1/kerby-pkix-1.0.1.jar:/home/user/.m2/repository/org/apache/kerby/kerby-asn1/1.0.1/kerby-asn1-1.0.1.jar:/home/user/.m2/repository/org/apache/kerby/kerby-util/1.0.1/kerby-util-1.0.1.jar:/home/user/.m2/repository/org/apache/kerby/kerb-common/1.0.1/kerb-common-1.0.1.jar:/home/user/.m2/repository/org/apache/kerby/kerb-crypto/1.0.1/kerb-crypto-1.0.1.jar:/home/user/.m2/repository/org/apache/kerby/kerb-util/1.0.1/kerb-util-1.0.1.jar:/home/user/.m2/repository/org/apache/kerby/token-provider/1.0.1/token-provider-1.0.1.jar:/home/user/.m2/repository/org/apache/kerby/kerb-admin/1.0.1/kerb-admin-1.0.1.jar:/home/user/.m2/repository/org/apache/kerby/kerb-server/1.0.1/kerb-server-1.0.1.jar:/home/user/.m2/repository/org/apache/kerby/kerb-identity/1.0.1/kerb-identity-1.0.1.jar:/home/user/.m2/repository/org/apache/kerby/kerby-xdr/1.0.1/kerby-xdr-1.0.1.jar:/home/user/.m2/repository/com/fasterxml/jackson/core/jackson-databind/2.9.5/jackson-databind-2.9.5.jar:/home/user/.m2/repository/com/fasterxml/jackson/core/jackson-core/2.9.5/jackson-core-2.9.5.jar:/home/user/.m2/repository/org/codehaus/woodstox/stax2-api/3.1.4/stax2-api-3.1.4.jar:/home/user/.m2/repository/com/fasterxml/woodstox/woodstox-core/5.0.3/woodstox-core-5.0.3.jar:/home/user/.m2/repository/dnsjava/dnsjava/2.1.7/dnsjava-2.1.7.jar:/home/user/.m2/repository/org/apache/hadoop/hadoop-hdfs/3.2.0/hadoop-hdfs-3.2.0.jar:/home/user/.m2/repository/org/eclipse/jetty/jetty-util-ajax/9.3.24.v20180605/jetty-util-ajax-9.3.24.v20180605.jar:/home/user/.m2/repository/commons-daemon/commons-daemon/1.0.13/commons-daemon-1.0.13.jar:/home/user/.m2/repository/io/netty/netty/3.10.5.Final/netty-3.10.5.Final.jar:/home/user/.m2/repository/io/netty/netty-all/4.0.52.Final/netty-all-4.0.52.Final.jar:/home/user/.m2/repository/org/fusesource/leveldbjni/leveldbjni-all/1.8/leveldbjni-all-1.8.jar:/home/user/.m2/repository/com/sun/xml/bind/jaxb-core/2.3.0.1/jaxb-core-2.3.0.1.jar:/home/user/.m2/repository/javax/xml/bind/jaxb-api/2.3.0/jaxb-api-2.3.0.jar:/home/user/.m2/repository/javax/activation/activation/1.1.1/activation-1.1.1.jar:/home/user/.m2/repository/io/dropwizard/metrics/metrics-core/3.2.4/metrics-core-3.2.4.jar:/home/user/.m2/repository/org/openjdk/jmh/jmh-core/1.19/jmh-core-1.19.jar:/home/user/.m2/repository/net/sf/jopt-simple/jopt-simple/4.6/jopt-simple-4.6.jar:/home/user/.m2/repository/org/openjdk/jmh/jmh-generator-annprocess/1.19/jmh-generator-annprocess-1.19.jar:/home/user/.m2/repository/com/google/code/findbugs/findbugs/3.0.1/findbugs-3.0.1.jar:/home/user/.m2/repository/net/jcip/jcip-annotations/1.0/jcip-annotations-1.0.jar:/home/user/.m2/repository/com/google/code/findbugs/bcel-findbugs/6.0/bcel-findbugs-6.0.jar:/home/user/.m2/repository/com/google/code/findbugs/jFormatString/2.0.1/jFormatString-2.0.1.jar:/home/user/.m2/repository/dom4j/dom4j/1.6.1/dom4j-1.6.1.jar:/home/user/.m2/repository/xml-apis/xml-apis/1.0.b2/xml-apis-1.0.b2.jar:/home/user/.m2/repository/org/ow2/asm/asm-debug-all/5.0.2/asm-debug-all-5.0.2.jar:/home/user/.m2/repository/org/ow2/asm/asm-commons/5.0.2/asm-commons-5.0.2.jar:/home/user/.m2/repository/org/ow2/asm/asm-tree/5.0.2/asm-tree-5.0.2.jar:/home/user/.m2/repository/org/ow2/asm/asm/5.0.4/asm-5.0.4.jar:/home/user/.m2/repository/commons-lang/commons-lang/2.6/commons-lang-2.6.jar:/home/user/.m2/repository/com/apple/AppleJavaExtensions/1.4/AppleJavaExtensions-1.4.jar:/home/user/.m2/repository/jaxen/jaxen/1.1.6/jaxen-1.1.6.jar:/home/user/.m2/repository/junit/junit/4.11/junit-4.11.jar:/home/user/.m2/repository/org/hamcrest/hamcrest-core/1.3/hamcrest-core-1.3.jar:/home/user/.m2/repository/org/apache/hadoop/hadoop-common/3.2.0/hadoop-common-3.2.0-tests.jar:/workdir/hadoop-ozone/integration-test/target/test-classes:/home/user/.m2/repository/org/apache/hadoop/hadoop-ozone-s3gateway/0.5.0-SNAPSHOT/hadoop-ozone-s3gateway-0.5.0-SNAPSHOT.jar:/home/user/.m2/repository/org/jboss/weld/servlet/weld-servlet/2.4.7.Final/weld-servlet-2.4.7.Final.jar:/home/user/.m2/repository/org/glassfish/jersey/containers/jersey-container-servlet-core/2.27/jersey-container-servlet-core-2.27.jar:/home/user/.m2/repository/org/glassfish/hk2/external/javax.inject/2.5.0-b42/javax.inject-2.5.0-b42.jar:/home/user/.m2/repository/org/glassfish/jersey/core/jersey-common/2.27/jersey-common-2.27.jar:/home/user/.m2/repository/org/glassfish/hk2/osgi-resource-locator/1.0.1/osgi-resource-locator-1.0.1.jar:/home/user/.m2/repository/javax/ws/rs/javax.ws.rs-api/2.1/javax.ws.rs-api-2.1.jar:/home/user/.m2/repository/org/glassfish/jersey/ext/cdi/jersey-cdi1x/2.27/jersey-cdi1x-2.27.jar:/home/user/.m2/repository/org/glassfish/jersey/inject/jersey-hk2/2.27/jersey-hk2-2.27.jar:/home/user/.m2/repository/org/glassfish/hk2/hk2-locator/2.5.0-b42/hk2-locator-2.5.0-b42.jar:/home/user/.m2/repository/org/javassist/javassist/3.22.0-CR2/javassist-3.22.0-CR2.jar:/home/user/.m2/repository/org/glassfish/hk2/hk2-api/2.5.0/hk2-api-2.5.0.jar:/home/user/.m2/repository/org/glassfish/hk2/external/jakarta.inject/2.5.0/jakarta.inject-2.5.0.jar:/home/user/.m2/repository/org/glassfish/hk2/hk2-utils/2.5.0/hk2-utils-2.5.0.jar:/home/user/.m2/repository/jakarta/annotation/jakarta.annotation-api/1.3.4/jakarta.annotation-api-1.3.4.jar:/home/user/.m2/repository/org/glassfish/hk2/external/aopalliance-repackaged/2.5.0/aopalliance-repackaged-2.5.0.jar:/home/user/.m2/repository/com/fasterxml/jackson/dataformat/jackson-dataformat-xml/2.9.0/jackson-dataformat-xml-2.9.0.jar:/home/user/.m2/repository/com/fasterxml/jackson/module/jackson-module-jaxb-annotations/2.9.5/jackson-module-jaxb-annotations-2.9.5.jar:/home/user/.m2/repository/javax/enterprise/cdi-api/1.2/cdi-api-1.2.jar:/home/user/.m2/repository/javax/el/javax.el-api/3.0.0/javax.el-api-3.0.0.jar:/home/user/.m2/repository/javax/interceptor/javax.interceptor-api/1.2/javax.interceptor-api-1.2.jar:/home/user/.m2/repository/javax/inject/javax.inject/1/javax.inject-1.jar:/home/user/.m2/repository/org/apache/hadoop/hadoop-ozone-csi/0.5.0-SNAPSHOT/hadoop-ozone-csi-0.5.0-SNAPSHOT.jar:/home/user/.m2/repository/com/google/protobuf/protobuf-java-util/3.5.1/protobuf-java-util-3.5.1.jar:/home/user/.m2/repository/io/grpc/grpc-netty/1.17.1/grpc-netty-1.17.1.jar:/home/user/.m2/repository/io/grpc/grpc-core/1.17.1/grpc-core-1.17.1.jar:/home/user/.m2/repository/io/grpc/grpc-context/1.17.1/grpc-context-1.17.1.jar:/home/user/.m2/repository/com/google/errorprone/error_prone_annotations/2.2.0/error_prone_annotations-2.2.0.jar:/home/user/.m2/repository/org/codehaus/mojo/animal-sniffer-annotations/1.17/animal-sniffer-annotations-1.17.jar:/home/user/.m2/repository/io/opencensus/opencensus-api/0.17.0/opencensus-api-0.17.0.jar:/home/user/.m2/repository/io/opencensus/opencensus-contrib-grpc-metrics/0.17.0/opencensus-contrib-grpc-metrics-0.17.0.jar:/home/user/.m2/repository/io/netty/netty-codec-http2/4.1.30.Final/netty-codec-http2-4.1.30.Final.jar:/home/user/.m2/repository/io/netty/netty-codec-http/4.1.30.Final/netty-codec-http-4.1.30.Final.jar:/home/user/.m2/repository/io/netty/netty-codec/4.1.30.Final/netty-codec-4.1.30.Final.jar:/home/user/.m2/repository/io/netty/netty-handler/4.1.30.Final/netty-handler-4.1.30.Final.jar:/home/user/.m2/repository/io/netty/netty-handler-proxy/4.1.30.Final/netty-handler-proxy-4.1.30.Final.jar:/home/user/.m2/repository/io/netty/netty-codec-socks/4.1.30.Final/netty-codec-socks-4.1.30.Final.jar:/home/user/.m2/repository/io/netty/netty-transport-native-epoll/4.1.30.Final/netty-transport-native-epoll-4.1.30.Final.jar:/home/user/.m2/repository/io/netty/netty-common/4.1.30.Final/netty-common-4.1.30.Final.jar:/home/user/.m2/repository/io/netty/netty-buffer/4.1.30.Final/netty-buffer-4.1.30.Final.jar:/home/user/.m2/repository/io/netty/netty-transport/4.1.30.Final/netty-transport-4.1.30.Final.jar:/home/user/.m2/repository/io/netty/netty-resolver/4.1.30.Final/netty-resolver-4.1.30.Final.jar:/home/user/.m2/repository/io/netty/netty-transport-native-unix-common/4.1.30.Final/netty-transport-native-unix-common-4.1.30.Final.jar:/home/user/.m2/repository/io/grpc/grpc-protobuf/1.17.1/grpc-protobuf-1.17.1.jar:/home/user/.m2/repository/com/google/api/grpc/proto-google-common-protos/1.0.0/proto-google-common-protos-1.0.0.jar:/home/user/.m2/repository/io/grpc/grpc-protobuf-lite/1.17.1/grpc-protobuf-lite-1.17.1.jar:/home/user/.m2/repository/io/grpc/grpc-stub/1.17.1/grpc-stub-1.17.1.jar:/home/user/.m2/repository/org/apache/hadoop/hadoop-ozone-recon/0.5.0-SNAPSHOT/hadoop-ozone-recon-0.5.0-SNAPSHOT.jar:/home/user/.m2/repository/org/apache/hadoop/hadoop-ozone-reconcodegen/0.5.0-SNAPSHOT/hadoop-ozone-reconcodegen-0.5.0-SNAPSHOT.jar:/home/user/.m2/repository/com/google/inject/extensions/guice-multibindings/4.0/guice-multibindings-4.0.jar:/home/user/.m2/repository/com/google/inject/guice/4.0/guice-4.0.jar:/home/user/.m2/repository/aopalliance/aopalliance/1.0/aopalliance-1.0.jar:/home/user/.m2/repository/com/google/inject/extensions/guice-servlet/4.0/guice-servlet-4.0.jar:/home/user/.m2/repository/org/glassfish/jersey/containers/jersey-container-servlet/2.27/jersey-container-servlet-2.27.jar:/home/user/.m2/repository/org/glassfish/hk2/guice-bridge/2.5.0/guice-bridge-2.5.0.jar:/home/user/.m2/repository/org/glassfish/jersey/core/jersey-server/2.27/jersey-server-2.27.jar:/home/user/.m2/repository/org/glassfish/jersey/core/jersey-client/2.27/jersey-client-2.27.jar:/home/user/.m2/repository/org/glassfish/jersey/media/jersey-media-jaxb/2.27/jersey-media-jaxb-2.27.jar:/home/user/.m2/repository/javax/validation/validation-api/1.1.0.Final/validation-api-1.1.0.Final.jar:/home/user/.m2/repository/org/glassfish/jersey/media/jersey-media-json-jackson/2.27/jersey-media-json-jackson-2.27.jar:/home/user/.m2/repository/org/glassfish/jersey/ext/jersey-entity-filtering/2.27/jersey-entity-filtering-2.27.jar:/home/user/.m2/repository/com/google/inject/extensions/guice-assistedinject/4.0/guice-assistedinject-4.0.jar:/home/user/.m2/repository/org/jooq/jooq/3.11.10/jooq-3.11.10.jar:/home/user/.m2/repository/org/jooq/jooq-meta/3.11.10/jooq-meta-3.11.10.jar:/home/user/.m2/repository/org/jooq/jooq-codegen/3.11.10/jooq-codegen-3.11.10.jar:/home/user/.m2/repository/com/jolbox/bonecp/0.8.0.RELEASE/bonecp-0.8.0.RELEASE.jar:/home/user/.m2/repository/org/springframework/spring-jdbc/5.1.3.RELEASE/spring-jdbc-5.1.3.RELEASE.jar:/home/user/.m2/repository/org/springframework/spring-beans/5.1.3.RELEASE/spring-beans-5.1.3.RELEASE.jar:/home/user/.m2/repository/org/springframework/spring-core/5.1.3.RELEASE/spring-core-5.1.3.RELEASE.jar:/home/user/.m2/repository/org/springframework/spring-jcl/5.1.3.RELEASE/spring-jcl-5.1.3.RELEASE.jar:/home/user/.m2/repository/org/springframework/spring-tx/5.1.3.RELEASE/spring-tx-5.1.3.RELEASE.jar:/home/user/.m2/repository/org/mockito/mockito-core/2.15.0/mockito-core-2.15.0.jar:/home/user/.m2/repository/net/bytebuddy/byte-buddy/1.7.9/byte-buddy-1.7.9.jar:/home/user/.m2/repository/net/bytebuddy/byte-buddy-agent/1.7.9/byte-buddy-agent-1.7.9.jar:/home/user/.m2/repository/org/objenesis/objenesis/1.0/objenesis-1.0.jar:"/>
    <property name="sun.cpu.endian" value="little"/>
    <property name="user.home" value="/home/user"/>
    <property name="user.language" value="en"/>
    <property name="java.specification.vendor" value="Oracle Corporation"/>
    <property name="java.home" value="/usr/lib/jvm/java-1.8-openjdk/jre"/>
    <property name="java.security.krb5.conf" value="/workdir/hadoop-ozone/tools/target/test-classes/krb5.conf"/>
    <property name="basedir" value="/workdir/hadoop-ozone/tools"/>
    <property name="file.separator" value="/"/>
    <property name="line.separator" value="&#10;"/>
    <property name="java.vm.specification.vendor" value="Oracle Corporation"/>
    <property name="java.specification.name" value="Java Platform API Specification"/>
    <property name="java.awt.graphicsenv" value="sun.awt.X11GraphicsEnvironment"/>
    <property name="surefire.real.class.path" value="/workdir/hadoop-ozone/tools/target/surefire/surefirebooter5619770238938683818.jar"/>
    <property name="hadoop.log.dir" value="/workdir/hadoop-ozone/tools/target/log"/>
    <property name="sun.boot.class.path" value="/usr/lib/jvm/java-1.8-openjdk/jre/lib/resources.jar:/usr/lib/jvm/java-1.8-openjdk/jre/lib/rt.jar:/usr/lib/jvm/java-1.8-openjdk/jre/lib/sunrsasign.jar:/usr/lib/jvm/java-1.8-openjdk/jre/lib/jsse.jar:/usr/lib/jvm/java-1.8-openjdk/jre/lib/jce.jar:/usr/lib/jvm/java-1.8-openjdk/jre/lib/charsets.jar:/usr/lib/jvm/java-1.8-openjdk/jre/lib/jfr.jar:/usr/lib/jvm/java-1.8-openjdk/jre/classes"/>
    <property name="sun.management.compiler" value="HotSpot 64-Bit Tiered Compilers"/>
    <property name="java.runtime.version" value="1.8.0_212-b04"/>
    <property name="java.net.preferIPv4Stack" value="true"/>
    <property name="user.name" value="jenkins1000"/>
    <property name="path.separator" value=":"/>
    <property name="java.security.egd" value="file:///dev/urandom"/>
    <property name="os.version" value="3.10.0-957.12.2.el7.x86_64"/>
    <property name="java.endorsed.dirs" value="/usr/lib/jvm/java-1.8-openjdk/jre/lib/endorsed"/>
    <property name="java.runtime.name" value="OpenJDK Runtime Environment"/>
    <property name="file.encoding" value="UTF-8"/>
    <property name="java.vm.name" value="OpenJDK 64-Bit Server VM"/>
    <property name="test.build.webapps" value=""/>
    <property name="localRepository" value="/home/user/.m2/repository"/>
    <property name="java.vendor.url.bug" value="https://icedtea.classpath.org/bugzilla"/>
    <property name="java.io.tmpdir" value="/tmp"/>
    <property name="require.test.libhadoop" value=""/>
    <property name="java.version" value="1.8.0_212"/>
    <property name="user.dir" value="/workdir/hadoop-ozone/tools"/>
    <property name="os.arch" value="amd64"/>
    <property name="java.vm.specification.name" value="Java Virtual Machine Specification"/>
    <property name="test.build.classes" value="/workdir/hadoop-ozone/tools/target/test-classes"/>
    <property name="java.awt.printerjob" value="sun.print.PSPrinterJob"/>
    <property name="sun.os.patch.level" value="unknown"/>
    <property name="hadoop.tmp.dir" value="/workdir/hadoop-ozone/tools/target/tmp"/>
    <property name="java.library.path" value="/usr/lib/jvm/java-1.8-openjdk/jre/lib/amd64/server:/usr/lib/jvm/java-1.8-openjdk/jre/lib/amd64:/usr/lib/jvm/java-1.8-openjdk/jre/../lib/amd64:/workdir/hadoop-ozone/tools/target/native/target/usr/local/lib:/workdir/hadoop-ozone/tools/../../hadoop-common-project/hadoop-common/target/native/target/usr/local/lib:/usr/java/packages/lib/amd64:/usr/lib64:/lib64:/lib:/usr/lib"/>
    <property name="java.vm.info" value="mixed mode"/>
    <property name="java.vendor" value="IcedTea"/>
    <property name="java.vm.version" value="25.212-b04"/>
    <property name="java.ext.dirs" value="/usr/lib/jvm/java-1.8-openjdk/jre/lib/ext:/usr/java/packages/lib/ext"/>
    <property name="sun.io.unicode.encoding" value="UnicodeLittle"/>
    <property name="java.class.version" value="52.0"/>
  </properties>
  <testcase name="ratisTest3" classname="org.apache.hadoop.ozone.freon.TestRandomKeyGenerator" time="10.465"/>
  <testcase name="testThreadPoolSize" classname="org.apache.hadoop.ozone.freon.TestRandomKeyGenerator" time="5.036"/>
  <testcase name="defaultTest" classname="org.apache.hadoop.ozone.freon.TestRandomKeyGenerator" time="5.033"/>
  <testcase name="bigFileThan2GB" classname="org.apache.hadoop.ozone.freon.TestRandomKeyGenerator" time="77.331">
    <error message="Allocated 0 blocks. Requested 1 blocks" type="INTERNAL_ERROR org.apache.hadoop.ozone.om.exceptions.OMException">INTERNAL_ERROR org.apache.hadoop.ozone.om.exceptions.OMException: Allocated 0 blocks. Requested 1 blocks
	at org.apache.hadoop.ozone.om.protocolPB.OzoneManagerProtocolClientSideTranslatorPB.handleError(OzoneManagerProtocolClientSideTranslatorPB.java:732)
	at org.apache.hadoop.ozone.om.protocolPB.OzoneManagerProtocolClientSideTranslatorPB.allocateBlock(OzoneManagerProtocolClientSideTranslatorPB.java:764)
	at org.apache.hadoop.ozone.client.io.BlockOutputStreamEntryPool.allocateNewBlock(BlockOutputStreamEntryPool.java:248)
	at org.apache.hadoop.ozone.client.io.BlockOutputStreamEntryPool.allocateBlockIfNeeded(BlockOutputStreamEntryPool.java:296)
	at org.apache.hadoop.ozone.client.io.KeyOutputStream.handleWrite(KeyOutputStream.java:201)
	at org.apache.hadoop.ozone.client.io.KeyOutputStream.write(KeyOutputStream.java:193)
	at org.apache.hadoop.ozone.client.io.OzoneOutputStream.write(OzoneOutputStream.java:49)
	at org.apache.hadoop.ozone.freon.RandomKeyGenerator.createKey(RandomKeyGenerator.java:708)
	at org.apache.hadoop.ozone.freon.RandomKeyGenerator.access$1100(RandomKeyGenerator.java:88)
	at org.apache.hadoop.ozone.freon.RandomKeyGenerator$ObjectCreator.run(RandomKeyGenerator.java:615)
	at java.util.concurrent.Executors$RunnableAdapter.call(Executors.java:511)
	at java.util.concurrent.FutureTask.run(FutureTask.java:266)
	at java.util.concurrent.ThreadPoolExecutor.runWorker(ThreadPoolExecutor.java:1149)
	at java.util.concurrent.ThreadPoolExecutor$Worker.run(ThreadPoolExecutor.java:624)
	at java.lang.Thread.run(Thread.java:748)
</error>
    <system-out><![CDATA[2019-09-05 19:10:26,249 [main] INFO  freon.RandomKeyGenerator (RandomKeyGenerator.java:call(283)) - Number of Threads: 1
2019-09-05 19:10:26,249 [main] INFO  freon.RandomKeyGenerator (RandomKeyGenerator.java:call(288)) - Number of Volumes: 1.
2019-09-05 19:10:26,250 [main] INFO  freon.RandomKeyGenerator (RandomKeyGenerator.java:call(289)) - Number of Buckets per Volume: 1.
2019-09-05 19:10:26,250 [main] INFO  freon.RandomKeyGenerator (RandomKeyGenerator.java:call(290)) - Number of Keys per Bucket: 1.
2019-09-05 19:10:26,250 [main] INFO  freon.RandomKeyGenerator (RandomKeyGenerator.java:call(291)) - Key size: 2147483657 bytes
2019-09-05 19:10:26,250 [main] INFO  freon.RandomKeyGenerator (RandomKeyGenerator.java:call(292)) - Buffer size: 4096 bytes
2019-09-05 19:10:26,250 [main] INFO  freon.RandomKeyGenerator (RandomKeyGenerator.java:call(293)) - validateWrites : true
2019-09-05 19:10:26,251 [pool-277-thread-1] INFO  rpc.RpcClient (RpcClient.java:createVolume(303)) - Creating Volume: vol-0-29585, with jenkins1000 as owner.
2019-09-05 19:10:26,252 [main] INFO  freon.RandomKeyGenerator (RandomKeyGenerator.java:call(307)) - Data validation is enabled.
2019-09-05 19:10:26,255 [main] INFO  freon.RandomKeyGenerator (RandomKeyGenerator.java:call(313)) - Starting progress bar Thread.

 0.00% |█                                                                                                    |  0/1 Time: 0:00:002019-09-05 19:10:26,261 [IPC Server handler 0 on 34949] INFO  volume.OMVolumeCreateRequest (OMVolumeCreateRequest.java:validateAndUpdateCache(189)) - created volume:vol-0-29585 for user:jenkins1000
2019-09-05 19:10:26,265 [pool-277-thread-1] INFO  rpc.RpcClient (RpcClient.java:createBucket(442)) - Creating Bucket: vol-0-29585/bucket-0-87265, with Versioning false and Storage Type set to DISK and Encryption set to false 
2019-09-05 19:10:26,377 [grpc-default-executor-2] INFO  client.GrpcClientProtocolClient (GrpcClientProtocolClient.java:onNext(255)) - client-729EAB8E4297->41e21bac-56c9-465a-a1cc-bc71b3ab473c: receive RaftClientReply:client-729EAB8E4297->41e21bac-56c9-465a-a1cc-bc71b3ab473c@group-A55F67FDC954, cid=598, FAILED org.apache.ratis.protocol.NotLeaderException: Server 41e21bac-56c9-465a-a1cc-bc71b3ab473c is not the leader (a9cb8897-0d38-4c59-817a-d67a8ba30c67:192.168.157.242:43706). Request must be sent to leader., logIndex=0, commits[41e21bac-56c9-465a-a1cc-bc71b3ab473c:c727, a9cb8897-0d38-4c59-817a-d67a8ba30c67:c727, 2bfdf505-3a1f-44eb-9843-3820b2477da1:c727]
2019-09-05 19:10:26,438 [grpc-default-executor-1] INFO  client.GrpcClientProtocolClient (GrpcClientProtocolClient.java:onNext(255)) - client-729EAB8E4297->a9cb8897-0d38-4c59-817a-d67a8ba30c67: receive RaftClientReply:client-729EAB8E4297->a9cb8897-0d38-4c59-817a-d67a8ba30c67@group-A55F67FDC954, cid=598, SUCCESS, logIndex=728, commits[a9cb8897-0d38-4c59-817a-d67a8ba30c67:c728, 41e21bac-56c9-465a-a1cc-bc71b3ab473c:c727, 2bfdf505-3a1f-44eb-9843-3820b2477da1:c727]
2019-09-05 19:10:26,460 [grpc-default-executor-1] INFO  client.GrpcClientProtocolClient (GrpcClientProtocolClient.java:onNext(255)) - client-729EAB8E4297->a9cb8897-0d38-4c59-817a-d67a8ba30c67: receive RaftClientReply:client-729EAB8E4297->a9cb8897-0d38-4c59-817a-d67a8ba30c67@group-A55F67FDC954, cid=599, SUCCESS, logIndex=730, commits[a9cb8897-0d38-4c59-817a-d67a8ba30c67:c730, 41e21bac-56c9-465a-a1cc-bc71b3ab473c:c729, 2bfdf505-3a1f-44eb-9843-3820b2477da1:c729]
2019-09-05 19:10:26,475 [grpc-default-executor-2] INFO  client.GrpcClientProtocolClient (GrpcClientProtocolClient.java:onNext(255)) - client-729EAB8E4297->a9cb8897-0d38-4c59-817a-d67a8ba30c67: receive RaftClientReply:client-729EAB8E4297->a9cb8897-0d38-4c59-817a-d67a8ba30c67@group-A55F67FDC954, cid=600, SUCCESS, logIndex=732, commits[a9cb8897-0d38-4c59-817a-d67a8ba30c67:c733, 41e21bac-56c9-465a-a1cc-bc71b3ab473c:c730, 2bfdf505-3a1f-44eb-9843-3820b2477da1:c731]
2019-09-05 19:10:26,479 [grpc-default-executor-2] INFO  client.GrpcClientProtocolClient (GrpcClientProtocolClient.java:onNext(255)) - client-729EAB8E4297->a9cb8897-0d38-4c59-817a-d67a8ba30c67: receive RaftClientReply:client-729EAB8E4297->a9cb8897-0d38-4c59-817a-d67a8ba30c67@group-A55F67FDC954, cid=601, SUCCESS, logIndex=733, commits[a9cb8897-0d38-4c59-817a-d67a8ba30c67:c733, 41e21bac-56c9-465a-a1cc-bc71b3ab473c:c731, 2bfdf505-3a1f-44eb-9843-3820b2477da1:c731]
2019-09-05 19:10:26,510 [grpc-default-executor-1] INFO  client.GrpcClientProtocolClient (GrpcClientProtocolClient.java:onNext(255)) - client-729EAB8E4297->a9cb8897-0d38-4c59-817a-d67a8ba30c67: receive RaftClientReply:client-729EAB8E4297->a9cb8897-0d38-4c59-817a-d67a8ba30c67@group-A55F67FDC954, cid=602, SUCCESS, logIndex=736, commits[a9cb8897-0d38-4c59-817a-d67a8ba30c67:c737, 41e21bac-56c9-465a-a1cc-bc71b3ab473c:c735, 2bfdf505-3a1f-44eb-9843-3820b2477da1:c735]
2019-09-05 19:10:26,520 [grpc-default-executor-1] INFO  client.GrpcClientProtocolClient (GrpcClientProtocolClient.java:onNext(255)) - client-729EAB8E4297->a9cb8897-0d38-4c59-817a-d67a8ba30c67: receive RaftClientReply:client-729EAB8E4297->a9cb8897-0d38-4c59-817a-d67a8ba30c67@group-A55F67FDC954, cid=603, SUCCESS, logIndex=737, commits[a9cb8897-0d38-4c59-817a-d67a8ba30c67:c737, 41e21bac-56c9-465a-a1cc-bc71b3ab473c:c735, 2bfdf505-3a1f-44eb-9843-3820b2477da1:c735]
2019-09-05 19:10:26,561 [grpc-default-executor-3] INFO  client.GrpcClientProtocolClient (GrpcClientProtocolClient.java:onNext(255)) - client-729EAB8E4297->a9cb8897-0d38-4c59-817a-d67a8ba30c67: receive RaftClientReply:client-729EAB8E4297->a9cb8897-0d38-4c59-817a-d67a8ba30c67@group-A55F67FDC954, cid=604, SUCCESS, logIndex=740, commits[a9cb8897-0d38-4c59-817a-d67a8ba30c67:c741, 41e21bac-56c9-465a-a1cc-bc71b3ab473c:c737, 2bfdf505-3a1f-44eb-9843-3820b2477da1:c739]
2019-09-05 19:10:26,562 [grpc-default-executor-3] INFO  client.GrpcClientProtocolClient (GrpcClientProtocolClient.java:onNext(255)) - client-729EAB8E4297->a9cb8897-0d38-4c59-817a-d67a8ba30c67: receive RaftClientReply:client-729EAB8E4297->a9cb8897-0d38-4c59-817a-d67a8ba30c67@group-A55F67FDC954, cid=605, SUCCESS, logIndex=741, commits[a9cb8897-0d38-4c59-817a-d67a8ba30c67:c741, 41e21bac-56c9-465a-a1cc-bc71b3ab473c:c739, 2bfdf505-3a1f-44eb-9843-3820b2477da1:c739]
2019-09-05 19:10:26,578 [grpc-default-executor-2] INFO  client.GrpcClientProtocolClient (GrpcClientProtocolClient.java:onNext(255)) - client-729EAB8E4297->a9cb8897-0d38-4c59-817a-d67a8ba30c67: receive RaftClientReply:client-729EAB8E4297->a9cb8897-0d38-4c59-817a-d67a8ba30c67@group-A55F67FDC954, cid=606, SUCCESS, logIndex=0, commits[a9cb8897-0d38-4c59-817a-d67a8ba30c67:c742, 41e21bac-56c9-465a-a1cc-bc71b3ab473c:c741, 2bfdf505-3a1f-44eb-9843-3820b2477da1:c741]
2019-09-05 19:10:26,610 [grpc-default-executor-2] INFO  client.GrpcClientProtocolClient (GrpcClientProtocolClient.java:onNext(255)) - client-729EAB8E4297->a9cb8897-0d38-4c59-817a-d67a8ba30c67: receive RaftClientReply:client-729EAB8E4297->a9cb8897-0d38-4c59-817a-d67a8ba30c67@group-A55F67FDC954, cid=607, SUCCESS, logIndex=744, commits[a9cb8897-0d38-4c59-817a-d67a8ba30c67:c745, 41e21bac-56c9-465a-a1cc-bc71b3ab473c:c743, 2bfdf505-3a1f-44eb-9843-3820b2477da1:c741]
2019-09-05 19:10:26,611 [grpc-default-executor-2] INFO  client.GrpcClientProtocolClient (GrpcClientProtocolClient.java:onNext(255)) - client-729EAB8E4297->a9cb8897-0d38-4c59-817a-d67a8ba30c67: receive RaftClientReply:client-729EAB8E4297->a9cb8897-0d38-4c59-817a-d67a8ba30c67@group-A55F67FDC954, cid=608, SUCCESS, logIndex=745, commits[a9cb8897-0d38-4c59-817a-d67a8ba30c67:c745, 41e21bac-56c9-465a-a1cc-bc71b3ab473c:c743, 2bfdf505-3a1f-44eb-9843-3820b2477da1:c741]
2019-09-05 19:10:26,623 [grpc-default-executor-2] INFO  client.GrpcClientProtocolClient (GrpcClientProtocolClient.java:onNext(255)) - client-729EAB8E4297->a9cb8897-0d38-4c59-817a-d67a8ba30c67: receive RaftClientReply:client-729EAB8E4297->a9cb8897-0d38-4c59-817a-d67a8ba30c67@group-A55F67FDC954, cid=609, SUCCESS, logIndex=746, commits[a9cb8897-0d38-4c59-817a-d67a8ba30c67:c748, 41e21bac-56c9-465a-a1cc-bc71b3ab473c:c745, 2bfdf505-3a1f-44eb-9843-3820b2477da1:c741]
2019-09-05 19:10:26,624 [grpc-default-executor-2] INFO  client.GrpcClientProtocolClient (GrpcClientProtocolClient.java:onNext(255)) - client-729EAB8E4297->a9cb8897-0d38-4c59-817a-d67a8ba30c67: receive RaftClientReply:client-729EAB8E4297->a9cb8897-0d38-4c59-817a-d67a8ba30c67@group-A55F67FDC954, cid=610, SUCCESS, logIndex=747, commits[a9cb8897-0d38-4c59-817a-d67a8ba30c67:c749, 41e21bac-56c9-465a-a1cc-bc71b3ab473c:c745, 2bfdf505-3a1f-44eb-9843-3820b2477da1:c741]
2019-09-05 19:10:26,625 [grpc-default-executor-2] INFO  client.GrpcClientProtocolClient (GrpcClientProtocolClient.java:onNext(255)) - client-729EAB8E4297->a9cb8897-0d38-4c59-817a-d67a8ba30c67: receive RaftClientReply:client-729EAB8E4297->a9cb8897-0d38-4c59-817a-d67a8ba30c67@group-A55F67FDC954, cid=611, SUCCESS, logIndex=0, commits[a9cb8897-0d38-4c59-817a-d67a8ba30c67:c749, 41e21bac-56c9-465a-a1cc-bc71b3ab473c:c745, 2bfdf505-3a1f-44eb-9843-3820b2477da1:c745]
2019-09-05 19:10:26,652 [grpc-default-executor-1] INFO  client.GrpcClientProtocolClient (GrpcClientProtocolClient.java:onNext(255)) - client-729EAB8E4297->a9cb8897-0d38-4c59-817a-d67a8ba30c67: receive RaftClientReply:client-729EAB8E4297->a9cb8897-0d38-4c59-817a-d67a8ba30c67@group-A55F67FDC954, cid=612, SUCCESS, logIndex=752, commits[a9cb8897-0d38-4c59-817a-d67a8ba30c67:c753, 41e21bac-56c9-465a-a1cc-bc71b3ab473c:c751, 2bfdf505-3a1f-44eb-9843-3820b2477da1:c751]
2019-09-05 19:10:26,653 [grpc-default-executor-1] INFO  client.GrpcClientProtocolClient (GrpcClientProtocolClient.java:onNext(255)) - client-729EAB8E4297->a9cb8897-0d38-4c59-817a-d67a8ba30c67: receive RaftClientReply:client-729EAB8E4297->a9cb8897-0d38-4c59-817a-d67a8ba30c67@group-A55F67FDC954, cid=613, SUCCESS, logIndex=753, commits[a9cb8897-0d38-4c59-817a-d67a8ba30c67:c753, 41e21bac-56c9-465a-a1cc-bc71b3ab473c:c751, 2bfdf505-3a1f-44eb-9843-3820b2477da1:c751]
2019-09-05 19:10:26,680 [grpc-default-executor-3] INFO  client.GrpcClientProtocolClient (GrpcClientProtocolClient.java:onNext(255)) - client-729EAB8E4297->a9cb8897-0d38-4c59-817a-d67a8ba30c67: receive RaftClientReply:client-729EAB8E4297->a9cb8897-0d38-4c59-817a-d67a8ba30c67@group-A55F67FDC954, cid=614, SUCCESS, logIndex=756, commits[a9cb8897-0d38-4c59-817a-d67a8ba30c67:c757, 41e21bac-56c9-465a-a1cc-bc71b3ab473c:c753, 2bfdf505-3a1f-44eb-9843-3820b2477da1:c753]
2019-09-05 19:10:26,681 [grpc-default-executor-3] INFO  client.GrpcClientProtocolClient (GrpcClientProtocolClient.java:onNext(255)) - client-729EAB8E4297->a9cb8897-0d38-4c59-817a-d67a8ba30c67: receive RaftClientReply:client-729EAB8E4297->a9cb8897-0d38-4c59-817a-d67a8ba30c67@group-A55F67FDC954, cid=615, SUCCESS, logIndex=757, commits[a9cb8897-0d38-4c59-817a-d67a8ba30c67:c757, 41e21bac-56c9-465a-a1cc-bc71b3ab473c:c753, 2bfdf505-3a1f-44eb-9843-3820b2477da1:c753]
2019-09-05 19:10:26,693 [grpc-default-executor-3] INFO  client.GrpcClientProtocolClient (GrpcClientProtocolClient.java:onNext(255)) - client-729EAB8E4297->a9cb8897-0d38-4c59-817a-d67a8ba30c67: receive RaftClientReply:client-729EAB8E4297->a9cb8897-0d38-4c59-817a-d67a8ba30c67@group-A55F67FDC954, cid=616, SUCCESS, logIndex=0, commits[a9cb8897-0d38-4c59-817a-d67a8ba30c67:c758, 41e21bac-56c9-465a-a1cc-bc71b3ab473c:c757, 2bfdf505-3a1f-44eb-9843-3820b2477da1:c757]
2019-09-05 19:10:27,165 [grpc-default-executor-1] INFO  client.GrpcClientProtocolClient (GrpcClientProtocolClient.java:onNext(255)) - client-729EAB8E4297->a9cb8897-0d38-4c59-817a-d67a8ba30c67: receive RaftClientReply:client-729EAB8E4297->a9cb8897-0d38-4c59-817a-d67a8ba30c67@group-A55F67FDC954, cid=617, SUCCESS, logIndex=760, commits[a9cb8897-0d38-4c59-817a-d67a8ba30c67:c761, 41e21bac-56c9-465a-a1cc-bc71b3ab473c:c757, 2bfdf505-3a1f-44eb-9843-3820b2477da1:c759]
2019-09-05 19:10:27,166 [grpc-default-executor-1] INFO  client.GrpcClientProtocolClient (GrpcClientProtocolClient.java:onNext(255)) - client-729EAB8E4297->a9cb8897-0d38-4c59-817a-d67a8ba30c67: receive RaftClientReply:client-729EAB8E4297->a9cb8897-0d38-4c59-817a-d67a8ba30c67@group-A55F67FDC954, cid=618, SUCCESS, logIndex=761, commits[a9cb8897-0d38-4c59-817a-d67a8ba30c67:c761, 41e21bac-56c9-465a-a1cc-bc71b3ab473c:c757, 2bfdf505-3a1f-44eb-9843-3820b2477da1:c759]
2019-09-05 19:10:27,176 [grpc-default-executor-3] INFO  client.GrpcClientProtocolClient (GrpcClientProtocolClient.java:onNext(255)) - client-729EAB8E4297->a9cb8897-0d38-4c59-817a-d67a8ba30c67: receive RaftClientReply:client-729EAB8E4297->a9cb8897-0d38-4c59-817a-d67a8ba30c67@group-A55F67FDC954, cid=619, SUCCESS, logIndex=762, commits[a9cb8897-0d38-4c59-817a-d67a8ba30c67:c763, 41e21bac-56c9-465a-a1cc-bc71b3ab473c:c759, 2bfdf505-3a1f-44eb-9843-3820b2477da1:c759]
2019-09-05 19:10:27,176 [grpc-default-executor-3] INFO  client.GrpcClientProtocolClient (GrpcClientProtocolClient.java:onNext(255)) - client-729EAB8E4297->a9cb8897-0d38-4c59-817a-d67a8ba30c67: receive RaftClientReply:client-729EAB8E4297->a9cb8897-0d38-4c59-817a-d67a8ba30c67@group-A55F67FDC954, cid=620, SUCCESS, logIndex=763, commits[a9cb8897-0d38-4c59-817a-d67a8ba30c67:c763, 41e21bac-56c9-465a-a1cc-bc71b3ab473c:c759, 2bfdf505-3a1f-44eb-9843-3820b2477da1:c759]
2019-09-05 19:10:27,179 [grpc-default-executor-3] INFO  client.GrpcClientProtocolClient (GrpcClientProtocolClient.java:onNext(255)) - client-729EAB8E4297->a9cb8897-0d38-4c59-817a-d67a8ba30c67: receive RaftClientReply:client-729EAB8E4297->a9cb8897-0d38-4c59-817a-d67a8ba30c67@group-A55F67FDC954, cid=621, SUCCESS, logIndex=0, commits[a9cb8897-0d38-4c59-817a-d67a8ba30c67:c766, 41e21bac-56c9-465a-a1cc-bc71b3ab473c:c763, 2bfdf505-3a1f-44eb-9843-3820b2477da1:c762]
2019-09-05 19:10:27,211 [grpc-default-executor-1] INFO  client.GrpcClientProtocolClient (GrpcClientProtocolClient.java:onNext(255)) - client-729EAB8E4297->a9cb8897-0d38-4c59-817a-d67a8ba30c67: receive RaftClientReply:client-729EAB8E4297->a9cb8897-0d38-4c59-817a-d67a8ba30c67@group-A55F67FDC954, cid=622, SUCCESS, logIndex=768, commits[a9cb8897-0d38-4c59-817a-d67a8ba30c67:c769, 41e21bac-56c9-465a-a1cc-bc71b3ab473c:c767, 2bfdf505-3a1f-44eb-9843-3820b2477da1:c767]
2019-09-05 19:10:27,212 [grpc-default-executor-1] INFO  client.GrpcClientProtocolClient (GrpcClientProtocolClient.java:onNext(255)) - client-729EAB8E4297->a9cb8897-0d38-4c59-817a-d67a8ba30c67: receive RaftClientReply:client-729EAB8E4297->a9cb8897-0d38-4c59-817a-d67a8ba30c67@group-A55F67FDC954, cid=623, SUCCESS, logIndex=769, commits[a9cb8897-0d38-4c59-817a-d67a8ba30c67:c769, 41e21bac-56c9-465a-a1cc-bc71b3ab473c:c767, 2bfdf505-3a1f-44eb-9843-3820b2477da1:c767]
2019-09-05 19:10:27,233 [grpc-default-executor-2] INFO  client.GrpcClientProtocolClient (GrpcClientProtocolClient.java:onNext(255)) - client-729EAB8E4297->a9cb8897-0d38-4c59-817a-d67a8ba30c67: receive RaftClientReply:client-729EAB8E4297->a9cb8897-0d38-4c59-817a-d67a8ba30c67@group-A55F67FDC954, cid=624, SUCCESS, logIndex=772, commits[a9cb8897-0d38-4c59-817a-d67a8ba30c67:c772, 41e21bac-56c9-465a-a1cc-bc71b3ab473c:c769, 2bfdf505-3a1f-44eb-9843-3820b2477da1:c769]
2019-09-05 19:10:27,234 [grpc-default-executor-2] INFO  client.GrpcClientProtocolClient (GrpcClientProtocolClient.java:onNext(255)) - client-729EAB8E4297->a9cb8897-0d38-4c59-817a-d67a8ba30c67: receive RaftClientReply:client-729EAB8E4297->a9cb8897-0d38-4c59-817a-d67a8ba30c67@group-A55F67FDC954, cid=625, SUCCESS, logIndex=773, commits[a9cb8897-0d38-4c59-817a-d67a8ba30c67:c773, 41e21bac-56c9-465a-a1cc-bc71b3ab473c:c769, 2bfdf505-3a1f-44eb-9843-3820b2477da1:c769]
2019-09-05 19:10:27,246 [grpc-default-executor-2] INFO  client.GrpcClientProtocolClient (GrpcClientProtocolClient.java:onNext(255)) - client-729EAB8E4297->a9cb8897-0d38-4c59-817a-d67a8ba30c67: receive RaftClientReply:client-729EAB8E4297->a9cb8897-0d38-4c59-817a-d67a8ba30c67@group-A55F67FDC954, cid=626, SUCCESS, logIndex=0, commits[a9cb8897-0d38-4c59-817a-d67a8ba30c67:c775, 41e21bac-56c9-465a-a1cc-bc71b3ab473c:c773, 2bfdf505-3a1f-44eb-9843-3820b2477da1:c773]
 0.00% |█                                                                                                    |  0/1 Time: 0:00:012019-09-05 19:10:27,274 [grpc-default-executor-2] INFO  client.GrpcClientProtocolClient (GrpcClientProtocolClient.java:onNext(255)) - client-729EAB8E4297->a9cb8897-0d38-4c59-817a-d67a8ba30c67: receive RaftClientReply:client-729EAB8E4297->a9cb8897-0d38-4c59-817a-d67a8ba30c67@group-A55F67FDC954, cid=627, SUCCESS, logIndex=776, commits[a9cb8897-0d38-4c59-817a-d67a8ba30c67:c778, 41e21bac-56c9-465a-a1cc-bc71b3ab473c:c775, 2bfdf505-3a1f-44eb-9843-3820b2477da1:c775]
2019-09-05 19:10:27,275 [grpc-default-executor-2] INFO  client.GrpcClientProtocolClient (GrpcClientProtocolClient.java:onNext(255)) - client-729EAB8E4297->a9cb8897-0d38-4c59-817a-d67a8ba30c67: receive RaftClientReply:client-729EAB8E4297->a9cb8897-0d38-4c59-817a-d67a8ba30c67@group-A55F67FDC954, cid=628, SUCCESS, logIndex=777, commits[a9cb8897-0d38-4c59-817a-d67a8ba30c67:c779, 41e21bac-56c9-465a-a1cc-bc71b3ab473c:c775, 2bfdf505-3a1f-44eb-9843-3820b2477da1:c775]
2019-09-05 19:10:27,276 [grpc-default-executor-2] INFO  client.GrpcClientProtocolClient (GrpcClientProtocolClient.java:onNext(255)) - client-729EAB8E4297->a9cb8897-0d38-4c59-817a-d67a8ba30c67: receive RaftClientReply:client-729EAB8E4297->a9cb8897-0d38-4c59-817a-d67a8ba30c67@group-A55F67FDC954, cid=629, SUCCESS, logIndex=778, commits[a9cb8897-0d38-4c59-817a-d67a8ba30c67:c779, 41e21bac-56c9-465a-a1cc-bc71b3ab473c:c775, 2bfdf505-3a1f-44eb-9843-3820b2477da1:c775]
2019-09-05 19:10:27,277 [grpc-default-executor-2] INFO  client.GrpcClientProtocolClient (GrpcClientProtocolClient.java:onNext(255)) - client-729EAB8E4297->a9cb8897-0d38-4c59-817a-d67a8ba30c67: receive RaftClientReply:client-729EAB8E4297->a9cb8897-0d38-4c59-817a-d67a8ba30c67@group-A55F67FDC954, cid=630, SUCCESS, logIndex=779, commits[a9cb8897-0d38-4c59-817a-d67a8ba30c67:c780, 41e21bac-56c9-465a-a1cc-bc71b3ab473c:c777, 2bfdf505-3a1f-44eb-9843-3820b2477da1:c777]
2019-09-05 19:10:27,302 [grpc-default-executor-3] INFO  client.GrpcClientProtocolClient (GrpcClientProtocolClient.java:onNext(255)) - client-729EAB8E4297->a9cb8897-0d38-4c59-817a-d67a8ba30c67: receive RaftClientReply:client-729EAB8E4297->a9cb8897-0d38-4c59-817a-d67a8ba30c67@group-A55F67FDC954, cid=631, SUCCESS, logIndex=784, commits[a9cb8897-0d38-4c59-817a-d67a8ba30c67:c785, 41e21bac-56c9-465a-a1cc-bc71b3ab473c:c783, 2bfdf505-3a1f-44eb-9843-3820b2477da1:c783]
2019-09-05 19:10:27,303 [grpc-default-executor-3] INFO  client.GrpcClientProtocolClient (GrpcClientProtocolClient.java:onNext(255)) - client-729EAB8E4297->a9cb8897-0d38-4c59-817a-d67a8ba30c67: receive RaftClientReply:client-729EAB8E4297->a9cb8897-0d38-4c59-817a-d67a8ba30c67@group-A55F67FDC954, cid=632, SUCCESS, logIndex=785, commits[a9cb8897-0d38-4c59-817a-d67a8ba30c67:c785, 41e21bac-56c9-465a-a1cc-bc71b3ab473c:c783, 2bfdf505-3a1f-44eb-9843-3820b2477da1:c783]
2019-09-05 19:10:27,331 [grpc-default-executor-2] INFO  client.GrpcClientProtocolClient (GrpcClientProtocolClient.java:onNext(255)) - client-729EAB8E4297->a9cb8897-0d38-4c59-817a-d67a8ba30c67: receive RaftClientReply:client-729EAB8E4297->a9cb8897-0d38-4c59-817a-d67a8ba30c67@group-A55F67FDC954, cid=633, SUCCESS, logIndex=788, commits[a9cb8897-0d38-4c59-817a-d67a8ba30c67:c789, 41e21bac-56c9-465a-a1cc-bc71b3ab473c:c785, 2bfdf505-3a1f-44eb-9843-3820b2477da1:c785]
2019-09-05 19:10:27,332 [grpc-default-executor-2] INFO  client.GrpcClientProtocolClient (GrpcClientProtocolClient.java:onNext(255)) - client-729EAB8E4297->a9cb8897-0d38-4c59-817a-d67a8ba30c67: receive RaftClientReply:client-729EAB8E4297->a9cb8897-0d38-4c59-817a-d67a8ba30c67@group-A55F67FDC954, cid=634, SUCCESS, logIndex=789, commits[a9cb8897-0d38-4c59-817a-d67a8ba30c67:c789, 41e21bac-56c9-465a-a1cc-bc71b3ab473c:c785, 2bfdf505-3a1f-44eb-9843-3820b2477da1:c785]
2019-09-05 19:10:27,343 [grpc-default-executor-3] INFO  client.GrpcClientProtocolClient (GrpcClientProtocolClient.java:onNext(255)) - client-729EAB8E4297->a9cb8897-0d38-4c59-817a-d67a8ba30c67: receive RaftClientReply:client-729EAB8E4297->a9cb8897-0d38-4c59-817a-d67a8ba30c67@group-A55F67FDC954, cid=635, SUCCESS, logIndex=0, commits[a9cb8897-0d38-4c59-817a-d67a8ba30c67:c790, 41e21bac-56c9-465a-a1cc-bc71b3ab473c:c789, 2bfdf505-3a1f-44eb-9843-3820b2477da1:c789]
2019-09-05 19:10:27,373 [grpc-default-executor-0] INFO  client.GrpcClientProtocolClient (GrpcClientProtocolClient.java:onNext(255)) - client-729EAB8E4297->a9cb8897-0d38-4c59-817a-d67a8ba30c67: receive RaftClientReply:client-729EAB8E4297->a9cb8897-0d38-4c59-817a-d67a8ba30c67@group-A55F67FDC954, cid=636, SUCCESS, logIndex=792, commits[a9cb8897-0d38-4c59-817a-d67a8ba30c67:c793, 41e21bac-56c9-465a-a1cc-bc71b3ab473c:c791, 2bfdf505-3a1f-44eb-9843-3820b2477da1:c791]
2019-09-05 19:10:27,373 [grpc-default-executor-0] INFO  client.GrpcClientProtocolClient (GrpcClientProtocolClient.java:onNext(255)) - client-729EAB8E4297->a9cb8897-0d38-4c59-817a-d67a8ba30c67: receive RaftClientReply:client-729EAB8E4297->a9cb8897-0d38-4c59-817a-d67a8ba30c67@group-A55F67FDC954, cid=637, SUCCESS, logIndex=793, commits[a9cb8897-0d38-4c59-817a-d67a8ba30c67:c794, 41e21bac-56c9-465a-a1cc-bc71b3ab473c:c791, 2bfdf505-3a1f-44eb-9843-3820b2477da1:c791]
2019-09-05 19:10:27,374 [grpc-default-executor-0] INFO  client.GrpcClientProtocolClient (GrpcClientProtocolClient.java:onNext(255)) - client-729EAB8E4297->a9cb8897-0d38-4c59-817a-d67a8ba30c67: receive RaftClientReply:client-729EAB8E4297->a9cb8897-0d38-4c59-817a-d67a8ba30c67@group-A55F67FDC954, cid=638, SUCCESS, logIndex=794, commits[a9cb8897-0d38-4c59-817a-d67a8ba30c67:c795, 41e21bac-56c9-465a-a1cc-bc71b3ab473c:c791, 2bfdf505-3a1f-44eb-9843-3820b2477da1:c791]
2019-09-05 19:10:27,374 [grpc-default-executor-0] INFO  client.GrpcClientProtocolClient (GrpcClientProtocolClient.java:onNext(255)) - client-729EAB8E4297->a9cb8897-0d38-4c59-817a-d67a8ba30c67: receive RaftClientReply:client-729EAB8E4297->a9cb8897-0d38-4c59-817a-d67a8ba30c67@group-A55F67FDC954, cid=639, SUCCESS, logIndex=795, commits[a9cb8897-0d38-4c59-817a-d67a8ba30c67:c795, 41e21bac-56c9-465a-a1cc-bc71b3ab473c:c791, 2bfdf505-3a1f-44eb-9843-3820b2477da1:c791]
2019-09-05 19:10:27,376 [grpc-default-executor-2] INFO  client.GrpcClientProtocolClient (GrpcClientProtocolClient.java:onNext(255)) - client-729EAB8E4297->a9cb8897-0d38-4c59-817a-d67a8ba30c67: receive RaftClientReply:client-729EAB8E4297->a9cb8897-0d38-4c59-817a-d67a8ba30c67@group-A55F67FDC954, cid=640, SUCCESS, logIndex=0, commits[a9cb8897-0d38-4c59-817a-d67a8ba30c67:c797, 41e21bac-56c9-465a-a1cc-bc71b3ab473c:c793, 2bfdf505-3a1f-44eb-9843-3820b2477da1:c793]
2019-09-05 19:10:27,399 [grpc-default-executor-2] INFO  client.GrpcClientProtocolClient (GrpcClientProtocolClient.java:onNext(255)) - client-729EAB8E4297->a9cb8897-0d38-4c59-817a-d67a8ba30c67: receive RaftClientReply:client-729EAB8E4297->a9cb8897-0d38-4c59-817a-d67a8ba30c67@group-A55F67FDC954, cid=641, SUCCESS, logIndex=800, commits[a9cb8897-0d38-4c59-817a-d67a8ba30c67:c801, 41e21bac-56c9-465a-a1cc-bc71b3ab473c:c799, 2bfdf505-3a1f-44eb-9843-3820b2477da1:c799]
2019-09-05 19:10:27,400 [grpc-default-executor-2] INFO  client.GrpcClientProtocolClient (GrpcClientProtocolClient.java:onNext(255)) - client-729EAB8E4297->a9cb8897-0d38-4c59-817a-d67a8ba30c67: receive RaftClientReply:client-729EAB8E4297->a9cb8897-0d38-4c59-817a-d67a8ba30c67@group-A55F67FDC954, cid=642, SUCCESS, logIndex=801, commits[a9cb8897-0d38-4c59-817a-d67a8ba30c67:c801, 41e21bac-56c9-465a-a1cc-bc71b3ab473c:c799, 2bfdf505-3a1f-44eb-9843-3820b2477da1:c799]
2019-09-05 19:10:27,425 [grpc-default-executor-2] INFO  client.GrpcClientProtocolClient (GrpcClientProtocolClient.java:onNext(255)) - client-729EAB8E4297->a9cb8897-0d38-4c59-817a-d67a8ba30c67: receive RaftClientReply:client-729EAB8E4297->a9cb8897-0d38-4c59-817a-d67a8ba30c67@group-A55F67FDC954, cid=643, SUCCESS, logIndex=804, commits[a9cb8897-0d38-4c59-817a-d67a8ba30c67:c804, 41e21bac-56c9-465a-a1cc-bc71b3ab473c:c801, 2bfdf505-3a1f-44eb-9843-3820b2477da1:c801]
2019-09-05 19:10:27,425 [grpc-default-executor-2] INFO  client.GrpcClientProtocolClient (GrpcClientProtocolClient.java:onNext(255)) - client-729EAB8E4297->a9cb8897-0d38-4c59-817a-d67a8ba30c67: receive RaftClientReply:client-729EAB8E4297->a9cb8897-0d38-4c59-817a-d67a8ba30c67@group-A55F67FDC954, cid=644, SUCCESS, logIndex=805, commits[a9cb8897-0d38-4c59-817a-d67a8ba30c67:c805, 41e21bac-56c9-465a-a1cc-bc71b3ab473c:c801, 2bfdf505-3a1f-44eb-9843-3820b2477da1:c801]
2019-09-05 19:10:27,438 [grpc-default-executor-2] INFO  client.GrpcClientProtocolClient (GrpcClientProtocolClient.java:onNext(255)) - client-729EAB8E4297->a9cb8897-0d38-4c59-817a-d67a8ba30c67: receive RaftClientReply:client-729EAB8E4297->a9cb8897-0d38-4c59-817a-d67a8ba30c67@group-A55F67FDC954, cid=645, SUCCESS, logIndex=0, commits[a9cb8897-0d38-4c59-817a-d67a8ba30c67:c807, 41e21bac-56c9-465a-a1cc-bc71b3ab473c:c805, 2bfdf505-3a1f-44eb-9843-3820b2477da1:c805]
2019-09-05 19:10:27,460 [grpc-default-executor-0] INFO  client.GrpcClientProtocolClient (GrpcClientProtocolClient.java:onNext(255)) - client-729EAB8E4297->a9cb8897-0d38-4c59-817a-d67a8ba30c67: receive RaftClientReply:client-729EAB8E4297->a9cb8897-0d38-4c59-817a-d67a8ba30c67@group-A55F67FDC954, cid=646, SUCCESS, logIndex=808, commits[a9cb8897-0d38-4c59-817a-d67a8ba30c67:c809, 41e21bac-56c9-465a-a1cc-bc71b3ab473c:c807, 2bfdf505-3a1f-44eb-9843-3820b2477da1:c807]
2019-09-05 19:10:27,461 [grpc-default-executor-0] INFO  client.GrpcClientProtocolClient (GrpcClientProtocolClient.java:onNext(255)) - client-729EAB8E4297->a9cb8897-0d38-4c59-817a-d67a8ba30c67: receive RaftClientReply:client-729EAB8E4297->a9cb8897-0d38-4c59-817a-d67a8ba30c67@group-A55F67FDC954, cid=647, SUCCESS, logIndex=809, commits[a9cb8897-0d38-4c59-817a-d67a8ba30c67:c810, 41e21bac-56c9-465a-a1cc-bc71b3ab473c:c807, 2bfdf505-3a1f-44eb-9843-3820b2477da1:c807]
2019-09-05 19:10:27,462 [grpc-default-executor-2] INFO  client.GrpcClientProtocolClient (GrpcClientProtocolClient.java:onNext(255)) - client-729EAB8E4297->a9cb8897-0d38-4c59-817a-d67a8ba30c67: receive RaftClientReply:client-729EAB8E4297->a9cb8897-0d38-4c59-817a-d67a8ba30c67@group-A55F67FDC954, cid=648, SUCCESS, logIndex=810, commits[a9cb8897-0d38-4c59-817a-d67a8ba30c67:c810, 41e21bac-56c9-465a-a1cc-bc71b3ab473c:c807, 2bfdf505-3a1f-44eb-9843-3820b2477da1:c807]
2019-09-05 19:10:27,463 [grpc-default-executor-3] INFO  client.GrpcClientProtocolClient (GrpcClientProtocolClient.java:onNext(255)) - client-729EAB8E4297->a9cb8897-0d38-4c59-817a-d67a8ba30c67: receive RaftClientReply:client-729EAB8E4297->a9cb8897-0d38-4c59-817a-d67a8ba30c67@group-A55F67FDC954, cid=649, SUCCESS, logIndex=811, commits[a9cb8897-0d38-4c59-817a-d67a8ba30c67:c812, 41e21bac-56c9-465a-a1cc-bc71b3ab473c:c807, 2bfdf505-3a1f-44eb-9843-3820b2477da1:c808]
2019-09-05 19:10:27,464 [grpc-default-executor-3] INFO  client.GrpcClientProtocolClient (GrpcClientProtocolClient.java:onNext(255)) - client-729EAB8E4297->a9cb8897-0d38-4c59-817a-d67a8ba30c67: receive RaftClientReply:client-729EAB8E4297->a9cb8897-0d38-4c59-817a-d67a8ba30c67@group-A55F67FDC954, cid=650, SUCCESS, logIndex=0, commits[a9cb8897-0d38-4c59-817a-d67a8ba30c67:c815, 41e21bac-56c9-465a-a1cc-bc71b3ab473c:c809, 2bfdf505-3a1f-44eb-9843-3820b2477da1:c811]
2019-09-05 19:10:27,486 [grpc-default-executor-2] INFO  client.GrpcClientProtocolClient (GrpcClientProtocolClient.java:onNext(255)) - client-729EAB8E4297->a9cb8897-0d38-4c59-817a-d67a8ba30c67: receive RaftClientReply:client-729EAB8E4297->a9cb8897-0d38-4c59-817a-d67a8ba30c67@group-A55F67FDC954, cid=651, SUCCESS, logIndex=816, commits[a9cb8897-0d38-4c59-817a-d67a8ba30c67:c817, 41e21bac-56c9-465a-a1cc-bc71b3ab473c:c815, 2bfdf505-3a1f-44eb-9843-3820b2477da1:c815]
2019-09-05 19:10:27,487 [grpc-default-executor-2] INFO  client.GrpcClientProtocolClient (GrpcClientProtocolClient.java:onNext(255)) - client-729EAB8E4297->a9cb8897-0d38-4c59-817a-d67a8ba30c67: receive RaftClientReply:client-729EAB8E4297->a9cb8897-0d38-4c59-817a-d67a8ba30c67@group-A55F67FDC954, cid=652, SUCCESS, logIndex=817, commits[a9cb8897-0d38-4c59-817a-d67a8ba30c67:c817, 41e21bac-56c9-465a-a1cc-bc71b3ab473c:c815, 2bfdf505-3a1f-44eb-9843-3820b2477da1:c815]
2019-09-05 19:10:27,513 [grpc-default-executor-2] INFO  client.GrpcClientProtocolClient (GrpcClientProtocolClient.java:onNext(255)) - client-729EAB8E4297->a9cb8897-0d38-4c59-817a-d67a8ba30c67: receive RaftClientReply:client-729EAB8E4297->a9cb8897-0d38-4c59-817a-d67a8ba30c67@group-A55F67FDC954, cid=653, SUCCESS, logIndex=820, commits[a9cb8897-0d38-4c59-817a-d67a8ba30c67:c821, 41e21bac-56c9-465a-a1cc-bc71b3ab473c:c817, 2bfdf505-3a1f-44eb-9843-3820b2477da1:c817]
2019-09-05 19:10:27,514 [grpc-default-executor-2] INFO  client.GrpcClientProtocolClient (GrpcClientProtocolClient.java:onNext(255)) - client-729EAB8E4297->a9cb8897-0d38-4c59-817a-d67a8ba30c67: receive RaftClientReply:client-729EAB8E4297->a9cb8897-0d38-4c59-817a-d67a8ba30c67@group-A55F67FDC954, cid=654, SUCCESS, logIndex=821, commits[a9cb8897-0d38-4c59-817a-d67a8ba30c67:c821, 41e21bac-56c9-465a-a1cc-bc71b3ab473c:c817, 2bfdf505-3a1f-44eb-9843-3820b2477da1:c817]
2019-09-05 19:10:27,525 [grpc-default-executor-2] INFO  client.GrpcClientProtocolClient (GrpcClientProtocolClient.java:onNext(255)) - client-729EAB8E4297->a9cb8897-0d38-4c59-817a-d67a8ba30c67: receive RaftClientReply:client-729EAB8E4297->a9cb8897-0d38-4c59-817a-d67a8ba30c67@group-A55F67FDC954, cid=655, SUCCESS, logIndex=0, commits[a9cb8897-0d38-4c59-817a-d67a8ba30c67:c822, 41e21bac-56c9-465a-a1cc-bc71b3ab473c:c821, 2bfdf505-3a1f-44eb-9843-3820b2477da1:c821]
2019-09-05 19:10:27,544 [grpc-default-executor-0] INFO  client.GrpcClientProtocolClient (GrpcClientProtocolClient.java:onNext(255)) - client-729EAB8E4297->a9cb8897-0d38-4c59-817a-d67a8ba30c67: receive RaftClientReply:client-729EAB8E4297->a9cb8897-0d38-4c59-817a-d67a8ba30c67@group-A55F67FDC954, cid=656, SUCCESS, logIndex=824, commits[a9cb8897-0d38-4c59-817a-d67a8ba30c67:c825, 41e21bac-56c9-465a-a1cc-bc71b3ab473c:c821, 2bfdf505-3a1f-44eb-9843-3820b2477da1:c823]
2019-09-05 19:10:27,545 [grpc-default-executor-0] INFO  client.GrpcClientProtocolClient (GrpcClientProtocolClient.java:onNext(255)) - client-729EAB8E4297->a9cb8897-0d38-4c59-817a-d67a8ba30c67: receive RaftClientReply:client-729EAB8E4297->a9cb8897-0d38-4c59-817a-d67a8ba30c67@group-A55F67FDC954, cid=657, SUCCESS, logIndex=825, commits[a9cb8897-0d38-4c59-817a-d67a8ba30c67:c825, 41e21bac-56c9-465a-a1cc-bc71b3ab473c:c823, 2bfdf505-3a1f-44eb-9843-3820b2477da1:c823]
2019-09-05 19:10:27,551 [grpc-default-executor-0] INFO  client.GrpcClientProtocolClient (GrpcClientProtocolClient.java:onNext(255)) - client-729EAB8E4297->a9cb8897-0d38-4c59-817a-d67a8ba30c67: receive RaftClientReply:client-729EAB8E4297->a9cb8897-0d38-4c59-817a-d67a8ba30c67@group-A55F67FDC954, cid=658, SUCCESS, logIndex=826, commits[a9cb8897-0d38-4c59-817a-d67a8ba30c67:c827, 41e21bac-56c9-465a-a1cc-bc71b3ab473c:c823, 2bfdf505-3a1f-44eb-9843-3820b2477da1:c823]
2019-09-05 19:10:27,552 [grpc-default-executor-0] INFO  client.GrpcClientProtocolClient (GrpcClientProtocolClient.java:onNext(255)) - client-729EAB8E4297->a9cb8897-0d38-4c59-817a-d67a8ba30c67: receive RaftClientReply:client-729EAB8E4297->a9cb8897-0d38-4c59-817a-d67a8ba30c67@group-A55F67FDC954, cid=659, SUCCESS, logIndex=827, commits[a9cb8897-0d38-4c59-817a-d67a8ba30c67:c827, 41e21bac-56c9-465a-a1cc-bc71b3ab473c:c823, 2bfdf505-3a1f-44eb-9843-3820b2477da1:c823]
2019-09-05 19:10:27,553 [grpc-default-executor-3] INFO  client.GrpcClientProtocolClient (GrpcClientProtocolClient.java:onNext(255)) - client-729EAB8E4297->a9cb8897-0d38-4c59-817a-d67a8ba30c67: receive RaftClientReply:client-729EAB8E4297->a9cb8897-0d38-4c59-817a-d67a8ba30c67@group-A55F67FDC954, cid=660, SUCCESS, logIndex=0, commits[a9cb8897-0d38-4c59-817a-d67a8ba30c67:c830, 41e21bac-56c9-465a-a1cc-bc71b3ab473c:c825, 2bfdf505-3a1f-44eb-9843-3820b2477da1:c826]
2019-09-05 19:10:27,571 [grpc-default-executor-0] INFO  client.GrpcClientProtocolClient (GrpcClientProtocolClient.java:onNext(255)) - client-729EAB8E4297->a9cb8897-0d38-4c59-817a-d67a8ba30c67: receive RaftClientReply:client-729EAB8E4297->a9cb8897-0d38-4c59-817a-d67a8ba30c67@group-A55F67FDC954, cid=661, SUCCESS, logIndex=832, commits[a9cb8897-0d38-4c59-817a-d67a8ba30c67:c833, 41e21bac-56c9-465a-a1cc-bc71b3ab473c:c831, 2bfdf505-3a1f-44eb-9843-3820b2477da1:c827]
2019-09-05 19:10:27,571 [grpc-default-executor-0] INFO  client.GrpcClientProtocolClient (GrpcClientProtocolClient.java:onNext(255)) - client-729EAB8E4297->a9cb8897-0d38-4c59-817a-d67a8ba30c67: receive RaftClientReply:client-729EAB8E4297->a9cb8897-0d38-4c59-817a-d67a8ba30c67@group-A55F67FDC954, cid=662, SUCCESS, logIndex=833, commits[a9cb8897-0d38-4c59-817a-d67a8ba30c67:c833, 41e21bac-56c9-465a-a1cc-bc71b3ab473c:c831, 2bfdf505-3a1f-44eb-9843-3820b2477da1:c831]
2019-09-05 19:10:27,588 [grpc-default-executor-2] INFO  client.GrpcClientProtocolClient (GrpcClientProtocolClient.java:onNext(255)) - client-729EAB8E4297->a9cb8897-0d38-4c59-817a-d67a8ba30c67: receive RaftClientReply:client-729EAB8E4297->a9cb8897-0d38-4c59-817a-d67a8ba30c67@group-A55F67FDC954, cid=663, SUCCESS, logIndex=836, commits[a9cb8897-0d38-4c59-817a-d67a8ba30c67:c837, 41e21bac-56c9-465a-a1cc-bc71b3ab473c:c835, 2bfdf505-3a1f-44eb-9843-3820b2477da1:c833]
2019-09-05 19:10:27,589 [grpc-default-executor-2] INFO  client.GrpcClientProtocolClient (GrpcClientProtocolClient.java:onNext(255)) - client-729EAB8E4297->a9cb8897-0d38-4c59-817a-d67a8ba30c67: receive RaftClientReply:client-729EAB8E4297->a9cb8897-0d38-4c59-817a-d67a8ba30c67@group-A55F67FDC954, cid=664, SUCCESS, logIndex=837, commits[a9cb8897-0d38-4c59-817a-d67a8ba30c67:c837, 41e21bac-56c9-465a-a1cc-bc71b3ab473c:c835, 2bfdf505-3a1f-44eb-9843-3820b2477da1:c835]
2019-09-05 19:10:27,591 [grpc-default-executor-2] INFO  client.GrpcClientProtocolClient (GrpcClientProtocolClient.java:onNext(255)) - client-729EAB8E4297->a9cb8897-0d38-4c59-817a-d67a8ba30c67: receive RaftClientReply:client-729EAB8E4297->a9cb8897-0d38-4c59-817a-d67a8ba30c67@group-A55F67FDC954, cid=665, SUCCESS, logIndex=0, commits[a9cb8897-0d38-4c59-817a-d67a8ba30c67:c838, 41e21bac-56c9-465a-a1cc-bc71b3ab473c:c837, 2bfdf505-3a1f-44eb-9843-3820b2477da1:c837]
2019-09-05 19:10:27,624 [grpc-default-executor-0] INFO  client.GrpcClientProtocolClient (GrpcClientProtocolClient.java:onNext(255)) - client-729EAB8E4297->a9cb8897-0d38-4c59-817a-d67a8ba30c67: receive RaftClientReply:client-729EAB8E4297->a9cb8897-0d38-4c59-817a-d67a8ba30c67@group-A55F67FDC954, cid=666, SUCCESS, logIndex=840, commits[a9cb8897-0d38-4c59-817a-d67a8ba30c67:c841, 41e21bac-56c9-465a-a1cc-bc71b3ab473c:c839, 2bfdf505-3a1f-44eb-9843-3820b2477da1:c839]
2019-09-05 19:10:27,624 [grpc-default-executor-0] INFO  client.GrpcClientProtocolClient (GrpcClientProtocolClient.java:onNext(255)) - client-729EAB8E4297->a9cb8897-0d38-4c59-817a-d67a8ba30c67: receive RaftClientReply:client-729EAB8E4297->a9cb8897-0d38-4c59-817a-d67a8ba30c67@group-A55F67FDC954, cid=667, SUCCESS, logIndex=841, commits[a9cb8897-0d38-4c59-817a-d67a8ba30c67:c843, 41e21bac-56c9-465a-a1cc-bc71b3ab473c:c839, 2bfdf505-3a1f-44eb-9843-3820b2477da1:c839]
2019-09-05 19:10:27,625 [grpc-default-executor-0] INFO  client.GrpcClientProtocolClient (GrpcClientProtocolClient.java:onNext(255)) - client-729EAB8E4297->a9cb8897-0d38-4c59-817a-d67a8ba30c67: receive RaftClientReply:client-729EAB8E4297->a9cb8897-0d38-4c59-817a-d67a8ba30c67@group-A55F67FDC954, cid=668, SUCCESS, logIndex=842, commits[a9cb8897-0d38-4c59-817a-d67a8ba30c67:c843, 41e21bac-56c9-465a-a1cc-bc71b3ab473c:c839, 2bfdf505-3a1f-44eb-9843-3820b2477da1:c839]
2019-09-05 19:10:27,626 [grpc-default-executor-0] INFO  client.GrpcClientProtocolClient (GrpcClientProtocolClient.java:onNext(255)) - client-729EAB8E4297->a9cb8897-0d38-4c59-817a-d67a8ba30c67: receive RaftClientReply:client-729EAB8E4297->a9cb8897-0d38-4c59-817a-d67a8ba30c67@group-A55F67FDC954, cid=669, SUCCESS, logIndex=843, commits[a9cb8897-0d38-4c59-817a-d67a8ba30c67:c844, 41e21bac-56c9-465a-a1cc-bc71b3ab473c:c841, 2bfdf505-3a1f-44eb-9843-3820b2477da1:c839]
2019-09-05 19:10:27,627 [grpc-default-executor-3] INFO  client.GrpcClientProtocolClient (GrpcClientProtocolClient.java:onNext(255)) - client-729EAB8E4297->a9cb8897-0d38-4c59-817a-d67a8ba30c67: receive RaftClientReply:client-729EAB8E4297->a9cb8897-0d38-4c59-817a-d67a8ba30c67@group-A55F67FDC954, cid=670, SUCCESS, logIndex=0, commits[a9cb8897-0d38-4c59-817a-d67a8ba30c67:c846, 41e21bac-56c9-465a-a1cc-bc71b3ab473c:c843, 2bfdf505-3a1f-44eb-9843-3820b2477da1:c843]
2019-09-05 19:10:27,653 [grpc-default-executor-0] INFO  client.GrpcClientProtocolClient (GrpcClientProtocolClient.java:onNext(255)) - client-729EAB8E4297->a9cb8897-0d38-4c59-817a-d67a8ba30c67: receive RaftClientReply:client-729EAB8E4297->a9cb8897-0d38-4c59-817a-d67a8ba30c67@group-A55F67FDC954, cid=671, SUCCESS, logIndex=847, commits[a9cb8897-0d38-4c59-817a-d67a8ba30c67:c848, 41e21bac-56c9-465a-a1cc-bc71b3ab473c:c846, 2bfdf505-3a1f-44eb-9843-3820b2477da1:c846]
2019-09-05 19:10:27,653 [grpc-default-executor-0] INFO  client.GrpcClientProtocolClient (GrpcClientProtocolClient.java:onNext(255)) - client-729EAB8E4297->a9cb8897-0d38-4c59-817a-d67a8ba30c67: receive RaftClientReply:client-729EAB8E4297->a9cb8897-0d38-4c59-817a-d67a8ba30c67@group-A55F67FDC954, cid=672, SUCCESS, logIndex=848, commits[a9cb8897-0d38-4c59-817a-d67a8ba30c67:c848, 41e21bac-56c9-465a-a1cc-bc71b3ab473c:c846, 2bfdf505-3a1f-44eb-9843-3820b2477da1:c846]
2019-09-05 19:10:27,680 [grpc-default-executor-0] INFO  client.GrpcClientProtocolClient (GrpcClientProtocolClient.java:onNext(255)) - client-729EAB8E4297->a9cb8897-0d38-4c59-817a-d67a8ba30c67: receive RaftClientReply:client-729EAB8E4297->a9cb8897-0d38-4c59-817a-d67a8ba30c67@group-A55F67FDC954, cid=673, SUCCESS, logIndex=851, commits[a9cb8897-0d38-4c59-817a-d67a8ba30c67:c852, 41e21bac-56c9-465a-a1cc-bc71b3ab473c:c848, 2bfdf505-3a1f-44eb-9843-3820b2477da1:c848]
2019-09-05 19:10:27,680 [grpc-default-executor-0] INFO  client.GrpcClientProtocolClient (GrpcClientProtocolClient.java:onNext(255)) - client-729EAB8E4297->a9cb8897-0d38-4c59-817a-d67a8ba30c67: receive RaftClientReply:client-729EAB8E4297->a9cb8897-0d38-4c59-817a-d67a8ba30c67@group-A55F67FDC954, cid=674, SUCCESS, logIndex=852, commits[a9cb8897-0d38-4c59-817a-d67a8ba30c67:c852, 41e21bac-56c9-465a-a1cc-bc71b3ab473c:c848, 2bfdf505-3a1f-44eb-9843-3820b2477da1:c848]
2019-09-05 19:10:27,692 [grpc-default-executor-0] INFO  client.GrpcClientProtocolClient (GrpcClientProtocolClient.java:onNext(255)) - client-729EAB8E4297->a9cb8897-0d38-4c59-817a-d67a8ba30c67: receive RaftClientReply:client-729EAB8E4297->a9cb8897-0d38-4c59-817a-d67a8ba30c67@group-A55F67FDC954, cid=675, SUCCESS, logIndex=0, commits[a9cb8897-0d38-4c59-817a-d67a8ba30c67:c853, 41e21bac-56c9-465a-a1cc-bc71b3ab473c:c852, 2bfdf505-3a1f-44eb-9843-3820b2477da1:c852]
2019-09-05 19:10:27,718 [grpc-default-executor-0] INFO  client.GrpcClientProtocolClient (GrpcClientProtocolClient.java:onNext(255)) - client-729EAB8E4297->a9cb8897-0d38-4c59-817a-d67a8ba30c67: receive RaftClientReply:client-729EAB8E4297->a9cb8897-0d38-4c59-817a-d67a8ba30c67@group-A55F67FDC954, cid=676, SUCCESS, logIndex=855, commits[a9cb8897-0d38-4c59-817a-d67a8ba30c67:c856, 41e21bac-56c9-465a-a1cc-bc71b3ab473c:c854, 2bfdf505-3a1f-44eb-9843-3820b2477da1:c854]
2019-09-05 19:10:27,719 [grpc-default-executor-0] INFO  client.GrpcClientProtocolClient (GrpcClientProtocolClient.java:onNext(255)) - client-729EAB8E4297->a9cb8897-0d38-4c59-817a-d67a8ba30c67: receive RaftClientReply:client-729EAB8E4297->a9cb8897-0d38-4c59-817a-d67a8ba30c67@group-A55F67FDC954, cid=677, SUCCESS, logIndex=856, commits[a9cb8897-0d38-4c59-817a-d67a8ba30c67:c858, 41e21bac-56c9-465a-a1cc-bc71b3ab473c:c854, 2bfdf505-3a1f-44eb-9843-3820b2477da1:c854]
2019-09-05 19:10:27,720 [grpc-default-executor-0] INFO  client.GrpcClientProtocolClient (GrpcClientProtocolClient.java:onNext(255)) - client-729EAB8E4297->a9cb8897-0d38-4c59-817a-d67a8ba30c67: receive RaftClientReply:client-729EAB8E4297->a9cb8897-0d38-4c59-817a-d67a8ba30c67@group-A55F67FDC954, cid=678, SUCCESS, logIndex=857, commits[a9cb8897-0d38-4c59-817a-d67a8ba30c67:c858, 41e21bac-56c9-465a-a1cc-bc71b3ab473c:c854, 2bfdf505-3a1f-44eb-9843-3820b2477da1:c854]
2019-09-05 19:10:27,721 [grpc-default-executor-3] INFO  client.GrpcClientProtocolClient (GrpcClientProtocolClient.java:onNext(255)) - client-729EAB8E4297->a9cb8897-0d38-4c59-817a-d67a8ba30c67: receive RaftClientReply:client-729EAB8E4297->a9cb8897-0d38-4c59-817a-d67a8ba30c67@group-A55F67FDC954, cid=679, SUCCESS, logIndex=858, commits[a9cb8897-0d38-4c59-817a-d67a8ba30c67:c858, 41e21bac-56c9-465a-a1cc-bc71b3ab473c:c854, 2bfdf505-3a1f-44eb-9843-3820b2477da1:c854]
2019-09-05 19:10:27,723 [grpc-default-executor-3] INFO  client.GrpcClientProtocolClient (GrpcClientProtocolClient.java:onNext(255)) - client-729EAB8E4297->a9cb8897-0d38-4c59-817a-d67a8ba30c67: receive RaftClientReply:client-729EAB8E4297->a9cb8897-0d38-4c59-817a-d67a8ba30c67@group-A55F67FDC954, cid=680, SUCCESS, logIndex=0, commits[a9cb8897-0d38-4c59-817a-d67a8ba30c67:c861, 41e21bac-56c9-465a-a1cc-bc71b3ab473c:c858, 2bfdf505-3a1f-44eb-9843-3820b2477da1:c858]
2019-09-05 19:10:27,748 [grpc-default-executor-1] INFO  client.GrpcClientProtocolClient (GrpcClientProtocolClient.java:onNext(255)) - client-729EAB8E4297->a9cb8897-0d38-4c59-817a-d67a8ba30c67: receive RaftClientReply:client-729EAB8E4297->a9cb8897-0d38-4c59-817a-d67a8ba30c67@group-A55F67FDC954, cid=681, SUCCESS, logIndex=862, commits[a9cb8897-0d38-4c59-817a-d67a8ba30c67:c863, 41e21bac-56c9-465a-a1cc-bc71b3ab473c:c861, 2bfdf505-3a1f-44eb-9843-3820b2477da1:c861]
2019-09-05 19:10:27,749 [grpc-default-executor-1] INFO  client.GrpcClientProtocolClient (GrpcClientProtocolClient.java:onNext(255)) - client-729EAB8E4297->a9cb8897-0d38-4c59-817a-d67a8ba30c67: receive RaftClientReply:client-729EAB8E4297->a9cb8897-0d38-4c59-817a-d67a8ba30c67@group-A55F67FDC954, cid=682, SUCCESS, logIndex=863, commits[a9cb8897-0d38-4c59-817a-d67a8ba30c67:c863, 41e21bac-56c9-465a-a1cc-bc71b3ab473c:c861, 2bfdf505-3a1f-44eb-9843-3820b2477da1:c861]
2019-09-05 19:10:27,775 [grpc-default-executor-1] INFO  client.GrpcClientProtocolClient (GrpcClientProtocolClient.java:onNext(255)) - client-729EAB8E4297->a9cb8897-0d38-4c59-817a-d67a8ba30c67: receive RaftClientReply:client-729EAB8E4297->a9cb8897-0d38-4c59-817a-d67a8ba30c67@group-A55F67FDC954, cid=683, SUCCESS, logIndex=866, commits[a9cb8897-0d38-4c59-817a-d67a8ba30c67:c867, 41e21bac-56c9-465a-a1cc-bc71b3ab473c:c865, 2bfdf505-3a1f-44eb-9843-3820b2477da1:c865]
2019-09-05 19:10:27,775 [grpc-default-executor-1] INFO  client.GrpcClientProtocolClient (GrpcClientProtocolClient.java:onNext(255)) - client-729EAB8E4297->a9cb8897-0d38-4c59-817a-d67a8ba30c67: receive RaftClientReply:client-729EAB8E4297->a9cb8897-0d38-4c59-817a-d67a8ba30c67@group-A55F67FDC954, cid=684, SUCCESS, logIndex=867, commits[a9cb8897-0d38-4c59-817a-d67a8ba30c67:c867, 41e21bac-56c9-465a-a1cc-bc71b3ab473c:c865, 2bfdf505-3a1f-44eb-9843-3820b2477da1:c865]
2019-09-05 19:10:27,788 [grpc-default-executor-1] INFO  client.GrpcClientProtocolClient (GrpcClientProtocolClient.java:onNext(255)) - client-729EAB8E4297->a9cb8897-0d38-4c59-817a-d67a8ba30c67: receive RaftClientReply:client-729EAB8E4297->a9cb8897-0d38-4c59-817a-d67a8ba30c67@group-A55F67FDC954, cid=685, SUCCESS, logIndex=0, commits[a9cb8897-0d38-4c59-817a-d67a8ba30c67:c868, 41e21bac-56c9-465a-a1cc-bc71b3ab473c:c867, 2bfdf505-3a1f-44eb-9843-3820b2477da1:c867]
2019-09-05 19:10:27,815 [grpc-default-executor-0] INFO  client.GrpcClientProtocolClient (GrpcClientProtocolClient.java:onNext(255)) - client-729EAB8E4297->a9cb8897-0d38-4c59-817a-d67a8ba30c67: receive RaftClientReply:client-729EAB8E4297->a9cb8897-0d38-4c59-817a-d67a8ba30c67@group-A55F67FDC954, cid=686, SUCCESS, logIndex=870, commits[a9cb8897-0d38-4c59-817a-d67a8ba30c67:c871, 41e21bac-56c9-465a-a1cc-bc71b3ab473c:c869, 2bfdf505-3a1f-44eb-9843-3820b2477da1:c869]
2019-09-05 19:10:27,816 [grpc-default-executor-0] INFO  client.GrpcClientProtocolClient (GrpcClientProtocolClient.java:onNext(255)) - client-729EAB8E4297->a9cb8897-0d38-4c59-817a-d67a8ba30c67: receive RaftClientReply:client-729EAB8E4297->a9cb8897-0d38-4c59-817a-d67a8ba30c67@group-A55F67FDC954, cid=687, SUCCESS, logIndex=871, commits[a9cb8897-0d38-4c59-817a-d67a8ba30c67:c872, 41e21bac-56c9-465a-a1cc-bc71b3ab473c:c869, 2bfdf505-3a1f-44eb-9843-3820b2477da1:c869]
2019-09-05 19:10:27,817 [grpc-default-executor-0] INFO  client.GrpcClientProtocolClient (GrpcClientProtocolClient.java:onNext(255)) - client-729EAB8E4297->a9cb8897-0d38-4c59-817a-d67a8ba30c67: receive RaftClientReply:client-729EAB8E4297->a9cb8897-0d38-4c59-817a-d67a8ba30c67@group-A55F67FDC954, cid=688, SUCCESS, logIndex=872, commits[a9cb8897-0d38-4c59-817a-d67a8ba30c67:c873, 41e21bac-56c9-465a-a1cc-bc71b3ab473c:c869, 2bfdf505-3a1f-44eb-9843-3820b2477da1:c869]
2019-09-05 19:10:27,819 [grpc-default-executor-1] INFO  client.GrpcClientProtocolClient (GrpcClientProtocolClient.java:onNext(255)) - client-729EAB8E4297->a9cb8897-0d38-4c59-817a-d67a8ba30c67: receive RaftClientReply:client-729EAB8E4297->a9cb8897-0d38-4c59-817a-d67a8ba30c67@group-A55F67FDC954, cid=689, SUCCESS, logIndex=873, commits[a9cb8897-0d38-4c59-817a-d67a8ba30c67:c873, 41e21bac-56c9-465a-a1cc-bc71b3ab473c:c869, 2bfdf505-3a1f-44eb-9843-3820b2477da1:c869]
2019-09-05 19:10:27,820 [grpc-default-executor-1] INFO  client.GrpcClientProtocolClient (GrpcClientProtocolClient.java:onNext(255)) - client-729EAB8E4297->a9cb8897-0d38-4c59-817a-d67a8ba30c67: receive RaftClientReply:client-729EAB8E4297->a9cb8897-0d38-4c59-817a-d67a8ba30c67@group-A55F67FDC954, cid=690, SUCCESS, logIndex=0, commits[a9cb8897-0d38-4c59-817a-d67a8ba30c67:c877, 41e21bac-56c9-465a-a1cc-bc71b3ab473c:c873, 2bfdf505-3a1f-44eb-9843-3820b2477da1:c873]
2019-09-05 19:10:27,840 [grpc-default-executor-2] INFO  client.GrpcClientProtocolClient (GrpcClientProtocolClient.java:onNext(255)) - client-729EAB8E4297->a9cb8897-0d38-4c59-817a-d67a8ba30c67: receive RaftClientReply:client-729EAB8E4297->a9cb8897-0d38-4c59-817a-d67a8ba30c67@group-A55F67FDC954, cid=691, SUCCESS, logIndex=878, commits[a9cb8897-0d38-4c59-817a-d67a8ba30c67:c879, 41e21bac-56c9-465a-a1cc-bc71b3ab473c:c873, 2bfdf505-3a1f-44eb-9843-3820b2477da1:c877]
2019-09-05 19:10:27,841 [grpc-default-executor-2] INFO  client.GrpcClientProtocolClient (GrpcClientProtocolClient.java:onNext(255)) - client-729EAB8E4297->a9cb8897-0d38-4c59-817a-d67a8ba30c67: receive RaftClientReply:client-729EAB8E4297->a9cb8897-0d38-4c59-817a-d67a8ba30c67@group-A55F67FDC954, cid=692, SUCCESS, logIndex=879, commits[a9cb8897-0d38-4c59-817a-d67a8ba30c67:c879, 41e21bac-56c9-465a-a1cc-bc71b3ab473c:c873, 2bfdf505-3a1f-44eb-9843-3820b2477da1:c877]
2019-09-05 19:10:27,858 [grpc-default-executor-0] INFO  client.GrpcClientProtocolClient (GrpcClientProtocolClient.java:onNext(255)) - client-729EAB8E4297->a9cb8897-0d38-4c59-817a-d67a8ba30c67: receive RaftClientReply:client-729EAB8E4297->a9cb8897-0d38-4c59-817a-d67a8ba30c67@group-A55F67FDC954, cid=693, SUCCESS, logIndex=882, commits[a9cb8897-0d38-4c59-817a-d67a8ba30c67:c883, 41e21bac-56c9-465a-a1cc-bc71b3ab473c:c881, 2bfdf505-3a1f-44eb-9843-3820b2477da1:c879]
2019-09-05 19:10:27,859 [grpc-default-executor-0] INFO  client.GrpcClientProtocolClient (GrpcClientProtocolClient.java:onNext(255)) - client-729EAB8E4297->a9cb8897-0d38-4c59-817a-d67a8ba30c67: receive RaftClientReply:client-729EAB8E4297->a9cb8897-0d38-4c59-817a-d67a8ba30c67@group-A55F67FDC954, cid=694, SUCCESS, logIndex=883, commits[a9cb8897-0d38-4c59-817a-d67a8ba30c67:c883, 41e21bac-56c9-465a-a1cc-bc71b3ab473c:c881, 2bfdf505-3a1f-44eb-9843-3820b2477da1:c881]
2019-09-05 19:10:27,861 [grpc-default-executor-0] INFO  client.GrpcClientProtocolClient (GrpcClientProtocolClient.java:onNext(255)) - client-729EAB8E4297->a9cb8897-0d38-4c59-817a-d67a8ba30c67: receive RaftClientReply:client-729EAB8E4297->a9cb8897-0d38-4c59-817a-d67a8ba30c67@group-A55F67FDC954, cid=695, SUCCESS, logIndex=0, commits[a9cb8897-0d38-4c59-817a-d67a8ba30c67:c885, 41e21bac-56c9-465a-a1cc-bc71b3ab473c:c883, 2bfdf505-3a1f-44eb-9843-3820b2477da1:c883]
2019-09-05 19:10:27,884 [grpc-default-executor-0] INFO  client.GrpcClientProtocolClient (GrpcClientProtocolClient.java:onNext(255)) - client-729EAB8E4297->a9cb8897-0d38-4c59-817a-d67a8ba30c67: receive RaftClientReply:client-729EAB8E4297->a9cb8897-0d38-4c59-817a-d67a8ba30c67@group-A55F67FDC954, cid=696, SUCCESS, logIndex=886, commits[a9cb8897-0d38-4c59-817a-d67a8ba30c67:c887, 41e21bac-56c9-465a-a1cc-bc71b3ab473c:c885, 2bfdf505-3a1f-44eb-9843-3820b2477da1:c885]
2019-09-05 19:10:27,885 [grpc-default-executor-2] INFO  client.GrpcClientProtocolClient (GrpcClientProtocolClient.java:onNext(255)) - client-729EAB8E4297->a9cb8897-0d38-4c59-817a-d67a8ba30c67: receive RaftClientReply:client-729EAB8E4297->a9cb8897-0d38-4c59-817a-d67a8ba30c67@group-A55F67FDC954, cid=697, SUCCESS, logIndex=887, commits[a9cb8897-0d38-4c59-817a-d67a8ba30c67:c889, 41e21bac-56c9-465a-a1cc-bc71b3ab473c:c885, 2bfdf505-3a1f-44eb-9843-3820b2477da1:c885]
2019-09-05 19:10:27,886 [grpc-default-executor-2] INFO  client.GrpcClientProtocolClient (GrpcClientProtocolClient.java:onNext(255)) - client-729EAB8E4297->a9cb8897-0d38-4c59-817a-d67a8ba30c67: receive RaftClientReply:client-729EAB8E4297->a9cb8897-0d38-4c59-817a-d67a8ba30c67@group-A55F67FDC954, cid=698, SUCCESS, logIndex=888, commits[a9cb8897-0d38-4c59-817a-d67a8ba30c67:c889, 41e21bac-56c9-465a-a1cc-bc71b3ab473c:c885, 2bfdf505-3a1f-44eb-9843-3820b2477da1:c885]
2019-09-05 19:10:27,886 [grpc-default-executor-2] INFO  client.GrpcClientProtocolClient (GrpcClientProtocolClient.java:onNext(255)) - client-729EAB8E4297->a9cb8897-0d38-4c59-817a-d67a8ba30c67: receive RaftClientReply:client-729EAB8E4297->a9cb8897-0d38-4c59-817a-d67a8ba30c67@group-A55F67FDC954, cid=699, SUCCESS, logIndex=889, commits[a9cb8897-0d38-4c59-817a-d67a8ba30c67:c889, 41e21bac-56c9-465a-a1cc-bc71b3ab473c:c885, 2bfdf505-3a1f-44eb-9843-3820b2477da1:c885]
2019-09-05 19:10:27,888 [grpc-default-executor-2] INFO  client.GrpcClientProtocolClient (GrpcClientProtocolClient.java:onNext(255)) - client-729EAB8E4297->a9cb8897-0d38-4c59-817a-d67a8ba30c67: receive RaftClientReply:client-729EAB8E4297->a9cb8897-0d38-4c59-817a-d67a8ba30c67@group-A55F67FDC954, cid=700, SUCCESS, logIndex=0, commits[a9cb8897-0d38-4c59-817a-d67a8ba30c67:c892, 41e21bac-56c9-465a-a1cc-bc71b3ab473c:c889, 2bfdf505-3a1f-44eb-9843-3820b2477da1:c889]
2019-09-05 19:10:27,912 [grpc-default-executor-2] INFO  client.GrpcClientProtocolClient (GrpcClientProtocolClient.java:onNext(255)) - client-729EAB8E4297->a9cb8897-0d38-4c59-817a-d67a8ba30c67: receive RaftClientReply:client-729EAB8E4297->a9cb8897-0d38-4c59-817a-d67a8ba30c67@group-A55F67FDC954, cid=701, SUCCESS, logIndex=894, commits[a9cb8897-0d38-4c59-817a-d67a8ba30c67:c895, 41e21bac-56c9-465a-a1cc-bc71b3ab473c:c893, 2bfdf505-3a1f-44eb-9843-3820b2477da1:c893]
2019-09-05 19:10:27,913 [grpc-default-executor-2] INFO  client.GrpcClientProtocolClient (GrpcClientProtocolClient.java:onNext(255)) - client-729EAB8E4297->a9cb8897-0d38-4c59-817a-d67a8ba30c67: receive RaftClientReply:client-729EAB8E4297->a9cb8897-0d38-4c59-817a-d67a8ba30c67@group-A55F67FDC954, cid=702, SUCCESS, logIndex=895, commits[a9cb8897-0d38-4c59-817a-d67a8ba30c67:c895, 41e21bac-56c9-465a-a1cc-bc71b3ab473c:c893, 2bfdf505-3a1f-44eb-9843-3820b2477da1:c893]
2019-09-05 19:10:27,940 [grpc-default-executor-2] INFO  client.GrpcClientProtocolClient (GrpcClientProtocolClient.java:onNext(255)) - client-729EAB8E4297->a9cb8897-0d38-4c59-817a-d67a8ba30c67: receive RaftClientReply:client-729EAB8E4297->a9cb8897-0d38-4c59-817a-d67a8ba30c67@group-A55F67FDC954, cid=703, SUCCESS, logIndex=898, commits[a9cb8897-0d38-4c59-817a-d67a8ba30c67:c899, 41e21bac-56c9-465a-a1cc-bc71b3ab473c:c895, 2bfdf505-3a1f-44eb-9843-3820b2477da1:c895]
2019-09-05 19:10:27,941 [grpc-default-executor-2] INFO  client.GrpcClientProtocolClient (GrpcClientProtocolClient.java:onNext(255)) - client-729EAB8E4297->a9cb8897-0d38-4c59-817a-d67a8ba30c67: receive RaftClientReply:client-729EAB8E4297->a9cb8897-0d38-4c59-817a-d67a8ba30c67@group-A55F67FDC954, cid=704, SUCCESS, logIndex=899, commits[a9cb8897-0d38-4c59-817a-d67a8ba30c67:c899, 41e21bac-56c9-465a-a1cc-bc71b3ab473c:c895, 2bfdf505-3a1f-44eb-9843-3820b2477da1:c895]
2019-09-05 19:10:27,956 [grpc-default-executor-2] INFO  client.GrpcClientProtocolClient (GrpcClientProtocolClient.java:onNext(255)) - client-729EAB8E4297->a9cb8897-0d38-4c59-817a-d67a8ba30c67: receive RaftClientReply:client-729EAB8E4297->a9cb8897-0d38-4c59-817a-d67a8ba30c67@group-A55F67FDC954, cid=705, SUCCESS, logIndex=0, commits[a9cb8897-0d38-4c59-817a-d67a8ba30c67:c901, 41e21bac-56c9-465a-a1cc-bc71b3ab473c:c899, 2bfdf505-3a1f-44eb-9843-3820b2477da1:c899]
2019-09-05 19:10:27,980 [grpc-default-executor-2] INFO  client.GrpcClientProtocolClient (GrpcClientProtocolClient.java:onNext(255)) - client-729EAB8E4297->a9cb8897-0d38-4c59-817a-d67a8ba30c67: receive RaftClientReply:client-729EAB8E4297->a9cb8897-0d38-4c59-817a-d67a8ba30c67@group-A55F67FDC954, cid=706, SUCCESS, logIndex=902, commits[a9cb8897-0d38-4c59-817a-d67a8ba30c67:c903, 41e21bac-56c9-465a-a1cc-bc71b3ab473c:c901, 2bfdf505-3a1f-44eb-9843-3820b2477da1:c901]
2019-09-05 19:10:27,981 [grpc-default-executor-2] INFO  client.GrpcClientProtocolClient (GrpcClientProtocolClient.java:onNext(255)) - client-729EAB8E4297->a9cb8897-0d38-4c59-817a-d67a8ba30c67: receive RaftClientReply:client-729EAB8E4297->a9cb8897-0d38-4c59-817a-d67a8ba30c67@group-A55F67FDC954, cid=707, SUCCESS, logIndex=903, commits[a9cb8897-0d38-4c59-817a-d67a8ba30c67:c905, 41e21bac-56c9-465a-a1cc-bc71b3ab473c:c901, 2bfdf505-3a1f-44eb-9843-3820b2477da1:c901]
2019-09-05 19:10:27,982 [grpc-default-executor-2] INFO  client.GrpcClientProtocolClient (GrpcClientProtocolClient.java:onNext(255)) - client-729EAB8E4297->a9cb8897-0d38-4c59-817a-d67a8ba30c67: receive RaftClientReply:client-729EAB8E4297->a9cb8897-0d38-4c59-817a-d67a8ba30c67@group-A55F67FDC954, cid=708, SUCCESS, logIndex=904, commits[a9cb8897-0d38-4c59-817a-d67a8ba30c67:c905, 41e21bac-56c9-465a-a1cc-bc71b3ab473c:c901, 2bfdf505-3a1f-44eb-9843-3820b2477da1:c901]
2019-09-05 19:10:27,982 [grpc-default-executor-2] INFO  client.GrpcClientProtocolClient (GrpcClientProtocolClient.java:onNext(255)) - client-729EAB8E4297->a9cb8897-0d38-4c59-817a-d67a8ba30c67: receive RaftClientReply:client-729EAB8E4297->a9cb8897-0d38-4c59-817a-d67a8ba30c67@group-A55F67FDC954, cid=709, SUCCESS, logIndex=905, commits[a9cb8897-0d38-4c59-817a-d67a8ba30c67:c905, 41e21bac-56c9-465a-a1cc-bc71b3ab473c:c901, 2bfdf505-3a1f-44eb-9843-3820b2477da1:c901]
2019-09-05 19:10:27,984 [grpc-default-executor-1] INFO  client.GrpcClientProtocolClient (GrpcClientProtocolClient.java:onNext(255)) - client-729EAB8E4297->a9cb8897-0d38-4c59-817a-d67a8ba30c67: receive RaftClientReply:client-729EAB8E4297->a9cb8897-0d38-4c59-817a-d67a8ba30c67@group-A55F67FDC954, cid=710, SUCCESS, logIndex=0, commits[a9cb8897-0d38-4c59-817a-d67a8ba30c67:c909, 41e21bac-56c9-465a-a1cc-bc71b3ab473c:c905, 2bfdf505-3a1f-44eb-9843-3820b2477da1:c904]
2019-09-05 19:10:28,017 [grpc-default-executor-1] INFO  client.GrpcClientProtocolClient (GrpcClientProtocolClient.java:onNext(255)) - client-729EAB8E4297->a9cb8897-0d38-4c59-817a-d67a8ba30c67: receive RaftClientReply:client-729EAB8E4297->a9cb8897-0d38-4c59-817a-d67a8ba30c67@group-A55F67FDC954, cid=711, SUCCESS, logIndex=910, commits[a9cb8897-0d38-4c59-817a-d67a8ba30c67:c911, 41e21bac-56c9-465a-a1cc-bc71b3ab473c:c909, 2bfdf505-3a1f-44eb-9843-3820b2477da1:c909]
2019-09-05 19:10:28,018 [grpc-default-executor-1] INFO  client.GrpcClientProtocolClient (GrpcClientProtocolClient.java:onNext(255)) - client-729EAB8E4297->a9cb8897-0d38-4c59-817a-d67a8ba30c67: receive RaftClientReply:client-729EAB8E4297->a9cb8897-0d38-4c59-817a-d67a8ba30c67@group-A55F67FDC954, cid=712, SUCCESS, logIndex=911, commits[a9cb8897-0d38-4c59-817a-d67a8ba30c67:c911, 41e21bac-56c9-465a-a1cc-bc71b3ab473c:c909, 2bfdf505-3a1f-44eb-9843-3820b2477da1:c909]
2019-09-05 19:10:28,042 [grpc-default-executor-0] INFO  client.GrpcClientProtocolClient (GrpcClientProtocolClient.java:onNext(255)) - client-729EAB8E4297->a9cb8897-0d38-4c59-817a-d67a8ba30c67: receive RaftClientReply:client-729EAB8E4297->a9cb8897-0d38-4c59-817a-d67a8ba30c67@group-A55F67FDC954, cid=713, SUCCESS, logIndex=914, commits[a9cb8897-0d38-4c59-817a-d67a8ba30c67:c914, 41e21bac-56c9-465a-a1cc-bc71b3ab473c:c911, 2bfdf505-3a1f-44eb-9843-3820b2477da1:c911]
2019-09-05 19:10:28,043 [grpc-default-executor-0] INFO  client.GrpcClientProtocolClient (GrpcClientProtocolClient.java:onNext(255)) - client-729EAB8E4297->a9cb8897-0d38-4c59-817a-d67a8ba30c67: receive RaftClientReply:client-729EAB8E4297->a9cb8897-0d38-4c59-817a-d67a8ba30c67@group-A55F67FDC954, cid=714, SUCCESS, logIndex=915, commits[a9cb8897-0d38-4c59-817a-d67a8ba30c67:c915, 41e21bac-56c9-465a-a1cc-bc71b3ab473c:c911, 2bfdf505-3a1f-44eb-9843-3820b2477da1:c911]
2019-09-05 19:10:28,054 [grpc-default-executor-1] INFO  client.GrpcClientProtocolClient (GrpcClientProtocolClient.java:onNext(255)) - client-729EAB8E4297->a9cb8897-0d38-4c59-817a-d67a8ba30c67: receive RaftClientReply:client-729EAB8E4297->a9cb8897-0d38-4c59-817a-d67a8ba30c67@group-A55F67FDC954, cid=715, SUCCESS, logIndex=0, commits[a9cb8897-0d38-4c59-817a-d67a8ba30c67:c917, 41e21bac-56c9-465a-a1cc-bc71b3ab473c:c915, 2bfdf505-3a1f-44eb-9843-3820b2477da1:c915]
2019-09-05 19:10:28,079 [grpc-default-executor-0] INFO  client.GrpcClientProtocolClient (GrpcClientProtocolClient.java:onNext(255)) - client-729EAB8E4297->a9cb8897-0d38-4c59-817a-d67a8ba30c67: receive RaftClientReply:client-729EAB8E4297->a9cb8897-0d38-4c59-817a-d67a8ba30c67@group-A55F67FDC954, cid=716, SUCCESS, logIndex=918, commits[a9cb8897-0d38-4c59-817a-d67a8ba30c67:c919, 41e21bac-56c9-465a-a1cc-bc71b3ab473c:c917, 2bfdf505-3a1f-44eb-9843-3820b2477da1:c917]
2019-09-05 19:10:28,080 [grpc-default-executor-0] INFO  client.GrpcClientProtocolClient (GrpcClientProtocolClient.java:onNext(255)) - client-729EAB8E4297->a9cb8897-0d38-4c59-817a-d67a8ba30c67: receive RaftClientReply:client-729EAB8E4297->a9cb8897-0d38-4c59-817a-d67a8ba30c67@group-A55F67FDC954, cid=717, SUCCESS, logIndex=919, commits[a9cb8897-0d38-4c59-817a-d67a8ba30c67:c921, 41e21bac-56c9-465a-a1cc-bc71b3ab473c:c917, 2bfdf505-3a1f-44eb-9843-3820b2477da1:c917]
2019-09-05 19:10:28,081 [grpc-default-executor-0] INFO  client.GrpcClientProtocolClient (GrpcClientProtocolClient.java:onNext(255)) - client-729EAB8E4297->a9cb8897-0d38-4c59-817a-d67a8ba30c67: receive RaftClientReply:client-729EAB8E4297->a9cb8897-0d38-4c59-817a-d67a8ba30c67@group-A55F67FDC954, cid=718, SUCCESS, logIndex=920, commits[a9cb8897-0d38-4c59-817a-d67a8ba30c67:c921, 41e21bac-56c9-465a-a1cc-bc71b3ab473c:c917, 2bfdf505-3a1f-44eb-9843-3820b2477da1:c917]
2019-09-05 19:10:28,082 [grpc-default-executor-0] INFO  client.GrpcClientProtocolClient (GrpcClientProtocolClient.java:onNext(255)) - client-729EAB8E4297->a9cb8897-0d38-4c59-817a-d67a8ba30c67: receive RaftClientReply:client-729EAB8E4297->a9cb8897-0d38-4c59-817a-d67a8ba30c67@group-A55F67FDC954, cid=719, SUCCESS, logIndex=921, commits[a9cb8897-0d38-4c59-817a-d67a8ba30c67:c921, 41e21bac-56c9-465a-a1cc-bc71b3ab473c:c917, 2bfdf505-3a1f-44eb-9843-3820b2477da1:c917]
2019-09-05 19:10:28,084 [grpc-default-executor-0] INFO  client.GrpcClientProtocolClient (GrpcClientProtocolClient.java:onNext(255)) - client-729EAB8E4297->a9cb8897-0d38-4c59-817a-d67a8ba30c67: receive RaftClientReply:client-729EAB8E4297->a9cb8897-0d38-4c59-817a-d67a8ba30c67@group-A55F67FDC954, cid=720, SUCCESS, logIndex=0, commits[a9cb8897-0d38-4c59-817a-d67a8ba30c67:c924, 41e21bac-56c9-465a-a1cc-bc71b3ab473c:c921, 2bfdf505-3a1f-44eb-9843-3820b2477da1:c921]
2019-09-05 19:10:28,100 [grpc-default-executor-2] INFO  client.GrpcClientProtocolClient (GrpcClientProtocolClient.java:onNext(255)) - client-729EAB8E4297->a9cb8897-0d38-4c59-817a-d67a8ba30c67: receive RaftClientReply:client-729EAB8E4297->a9cb8897-0d38-4c59-817a-d67a8ba30c67@group-A55F67FDC954, cid=721, SUCCESS, logIndex=925, commits[a9cb8897-0d38-4c59-817a-d67a8ba30c67:c926, 41e21bac-56c9-465a-a1cc-bc71b3ab473c:c924, 2bfdf505-3a1f-44eb-9843-3820b2477da1:c921]
2019-09-05 19:10:28,101 [grpc-default-executor-2] INFO  client.GrpcClientProtocolClient (GrpcClientProtocolClient.java:onNext(255)) - client-729EAB8E4297->a9cb8897-0d38-4c59-817a-d67a8ba30c67: receive RaftClientReply:client-729EAB8E4297->a9cb8897-0d38-4c59-817a-d67a8ba30c67@group-A55F67FDC954, cid=722, SUCCESS, logIndex=926, commits[a9cb8897-0d38-4c59-817a-d67a8ba30c67:c926, 41e21bac-56c9-465a-a1cc-bc71b3ab473c:c924, 2bfdf505-3a1f-44eb-9843-3820b2477da1:c924]
2019-09-05 19:10:28,134 [grpc-default-executor-1] INFO  client.GrpcClientProtocolClient (GrpcClientProtocolClient.java:onNext(255)) - client-729EAB8E4297->a9cb8897-0d38-4c59-817a-d67a8ba30c67: receive RaftClientReply:client-729EAB8E4297->a9cb8897-0d38-4c59-817a-d67a8ba30c67@group-A55F67FDC954, cid=723, SUCCESS, logIndex=929, commits[a9cb8897-0d38-4c59-817a-d67a8ba30c67:c930, 41e21bac-56c9-465a-a1cc-bc71b3ab473c:c928, 2bfdf505-3a1f-44eb-9843-3820b2477da1:c928]
2019-09-05 19:10:28,134 [grpc-default-executor-1] INFO  client.GrpcClientProtocolClient (GrpcClientProtocolClient.java:onNext(255)) - client-729EAB8E4297->a9cb8897-0d38-4c59-817a-d67a8ba30c67: receive RaftClientReply:client-729EAB8E4297->a9cb8897-0d38-4c59-817a-d67a8ba30c67@group-A55F67FDC954, cid=724, SUCCESS, logIndex=930, commits[a9cb8897-0d38-4c59-817a-d67a8ba30c67:c930, 41e21bac-56c9-465a-a1cc-bc71b3ab473c:c928, 2bfdf505-3a1f-44eb-9843-3820b2477da1:c928]
2019-09-05 19:10:28,150 [grpc-default-executor-1] INFO  client.GrpcClientProtocolClient (GrpcClientProtocolClient.java:onNext(255)) - client-729EAB8E4297->a9cb8897-0d38-4c59-817a-d67a8ba30c67: receive RaftClientReply:client-729EAB8E4297->a9cb8897-0d38-4c59-817a-d67a8ba30c67@group-A55F67FDC954, cid=725, SUCCESS, logIndex=0, commits[a9cb8897-0d38-4c59-817a-d67a8ba30c67:c931, 41e21bac-56c9-465a-a1cc-bc71b3ab473c:c930, 2bfdf505-3a1f-44eb-9843-3820b2477da1:c930]
2019-09-05 19:10:28,175 [grpc-default-executor-0] INFO  client.GrpcClientProtocolClient (GrpcClientProtocolClient.java:onNext(255)) - client-729EAB8E4297->a9cb8897-0d38-4c59-817a-d67a8ba30c67: receive RaftClientReply:client-729EAB8E4297->a9cb8897-0d38-4c59-817a-d67a8ba30c67@group-A55F67FDC954, cid=726, SUCCESS, logIndex=933, commits[a9cb8897-0d38-4c59-817a-d67a8ba30c67:c935, 41e21bac-56c9-465a-a1cc-bc71b3ab473c:c932, 2bfdf505-3a1f-44eb-9843-3820b2477da1:c932]
2019-09-05 19:10:28,176 [grpc-default-executor-0] INFO  client.GrpcClientProtocolClient (GrpcClientProtocolClient.java:onNext(255)) - client-729EAB8E4297->a9cb8897-0d38-4c59-817a-d67a8ba30c67: receive RaftClientReply:client-729EAB8E4297->a9cb8897-0d38-4c59-817a-d67a8ba30c67@group-A55F67FDC954, cid=727, SUCCESS, logIndex=934, commits[a9cb8897-0d38-4c59-817a-d67a8ba30c67:c936, 41e21bac-56c9-465a-a1cc-bc71b3ab473c:c932, 2bfdf505-3a1f-44eb-9843-3820b2477da1:c932]
2019-09-05 19:10:28,177 [grpc-default-executor-0] INFO  client.GrpcClientProtocolClient (GrpcClientProtocolClient.java:onNext(255)) - client-729EAB8E4297->a9cb8897-0d38-4c59-817a-d67a8ba30c67: receive RaftClientReply:client-729EAB8E4297->a9cb8897-0d38-4c59-817a-d67a8ba30c67@group-A55F67FDC954, cid=728, SUCCESS, logIndex=935, commits[a9cb8897-0d38-4c59-817a-d67a8ba30c67:c936, 41e21bac-56c9-465a-a1cc-bc71b3ab473c:c932, 2bfdf505-3a1f-44eb-9843-3820b2477da1:c932]
2019-09-05 19:10:28,177 [grpc-default-executor-0] INFO  client.GrpcClientProtocolClient (GrpcClientProtocolClient.java:onNext(255)) - client-729EAB8E4297->a9cb8897-0d38-4c59-817a-d67a8ba30c67: receive RaftClientReply:client-729EAB8E4297->a9cb8897-0d38-4c59-817a-d67a8ba30c67@group-A55F67FDC954, cid=729, SUCCESS, logIndex=936, commits[a9cb8897-0d38-4c59-817a-d67a8ba30c67:c936, 41e21bac-56c9-465a-a1cc-bc71b3ab473c:c932, 2bfdf505-3a1f-44eb-9843-3820b2477da1:c932]
2019-09-05 19:10:28,188 [grpc-default-executor-0] INFO  client.GrpcClientProtocolClient (GrpcClientProtocolClient.java:onNext(255)) - client-729EAB8E4297->a9cb8897-0d38-4c59-817a-d67a8ba30c67: receive RaftClientReply:client-729EAB8E4297->a9cb8897-0d38-4c59-817a-d67a8ba30c67@group-A55F67FDC954, cid=730, SUCCESS, logIndex=0, commits[a9cb8897-0d38-4c59-817a-d67a8ba30c67:c937, 41e21bac-56c9-465a-a1cc-bc71b3ab473c:c934, 2bfdf505-3a1f-44eb-9843-3820b2477da1:c934]
2019-09-05 19:10:28,212 [grpc-default-executor-1] INFO  client.GrpcClientProtocolClient (GrpcClientProtocolClient.java:onNext(255)) - client-729EAB8E4297->a9cb8897-0d38-4c59-817a-d67a8ba30c67: receive RaftClientReply:client-729EAB8E4297->a9cb8897-0d38-4c59-817a-d67a8ba30c67@group-A55F67FDC954, cid=731, SUCCESS, logIndex=941, commits[a9cb8897-0d38-4c59-817a-d67a8ba30c67:c942, 41e21bac-56c9-465a-a1cc-bc71b3ab473c:c940, 2bfdf505-3a1f-44eb-9843-3820b2477da1:c940]
2019-09-05 19:10:28,213 [grpc-default-executor-1] INFO  client.GrpcClientProtocolClient (GrpcClientProtocolClient.java:onNext(255)) - client-729EAB8E4297->a9cb8897-0d38-4c59-817a-d67a8ba30c67: receive RaftClientReply:client-729EAB8E4297->a9cb8897-0d38-4c59-817a-d67a8ba30c67@group-A55F67FDC954, cid=732, SUCCESS, logIndex=942, commits[a9cb8897-0d38-4c59-817a-d67a8ba30c67:c942, 41e21bac-56c9-465a-a1cc-bc71b3ab473c:c940, 2bfdf505-3a1f-44eb-9843-3820b2477da1:c940]
2019-09-05 19:10:28,246 [grpc-default-executor-3] INFO  client.GrpcClientProtocolClient (GrpcClientProtocolClient.java:onNext(255)) - client-729EAB8E4297->a9cb8897-0d38-4c59-817a-d67a8ba30c67: receive RaftClientReply:client-729EAB8E4297->a9cb8897-0d38-4c59-817a-d67a8ba30c67@group-A55F67FDC954, cid=733, SUCCESS, logIndex=945, commits[a9cb8897-0d38-4c59-817a-d67a8ba30c67:c946, 41e21bac-56c9-465a-a1cc-bc71b3ab473c:c942, 2bfdf505-3a1f-44eb-9843-3820b2477da1:c942]
2019-09-05 19:10:28,247 [grpc-default-executor-3] INFO  client.GrpcClientProtocolClient (GrpcClientProtocolClient.java:onNext(255)) - client-729EAB8E4297->a9cb8897-0d38-4c59-817a-d67a8ba30c67: receive RaftClientReply:client-729EAB8E4297->a9cb8897-0d38-4c59-817a-d67a8ba30c67@group-A55F67FDC954, cid=734, SUCCESS, logIndex=946, commits[a9cb8897-0d38-4c59-817a-d67a8ba30c67:c946, 41e21bac-56c9-465a-a1cc-bc71b3ab473c:c942, 2bfdf505-3a1f-44eb-9843-3820b2477da1:c942]
 0.00% |█                                                                                                    |  0/1 Time: 0:00:022019-09-05 19:10:28,258 [grpc-default-executor-3] INFO  client.GrpcClientProtocolClient (GrpcClientProtocolClient.java:onNext(255)) - client-729EAB8E4297->a9cb8897-0d38-4c59-817a-d67a8ba30c67: receive RaftClientReply:client-729EAB8E4297->a9cb8897-0d38-4c59-817a-d67a8ba30c67@group-A55F67FDC954, cid=735, SUCCESS, logIndex=0, commits[a9cb8897-0d38-4c59-817a-d67a8ba30c67:c947, 41e21bac-56c9-465a-a1cc-bc71b3ab473c:c946, 2bfdf505-3a1f-44eb-9843-3820b2477da1:c946]
2019-09-05 19:10:28,285 [grpc-default-executor-3] INFO  client.GrpcClientProtocolClient (GrpcClientProtocolClient.java:onNext(255)) - client-729EAB8E4297->a9cb8897-0d38-4c59-817a-d67a8ba30c67: receive RaftClientReply:client-729EAB8E4297->a9cb8897-0d38-4c59-817a-d67a8ba30c67@group-A55F67FDC954, cid=736, SUCCESS, logIndex=949, commits[a9cb8897-0d38-4c59-817a-d67a8ba30c67:c949, 41e21bac-56c9-465a-a1cc-bc71b3ab473c:c948, 2bfdf505-3a1f-44eb-9843-3820b2477da1:c946]
2019-09-05 19:10:28,287 [grpc-default-executor-3] INFO  client.GrpcClientProtocolClient (GrpcClientProtocolClient.java:onNext(255)) - client-729EAB8E4297->a9cb8897-0d38-4c59-817a-d67a8ba30c67: receive RaftClientReply:client-729EAB8E4297->a9cb8897-0d38-4c59-817a-d67a8ba30c67@group-A55F67FDC954, cid=737, SUCCESS, logIndex=950, commits[a9cb8897-0d38-4c59-817a-d67a8ba30c67:c952, 41e21bac-56c9-465a-a1cc-bc71b3ab473c:c948, 2bfdf505-3a1f-44eb-9843-3820b2477da1:c948]
2019-09-05 19:10:28,287 [grpc-default-executor-3] INFO  client.GrpcClientProtocolClient (GrpcClientProtocolClient.java:onNext(255)) - client-729EAB8E4297->a9cb8897-0d38-4c59-817a-d67a8ba30c67: receive RaftClientReply:client-729EAB8E4297->a9cb8897-0d38-4c59-817a-d67a8ba30c67@group-A55F67FDC954, cid=738, SUCCESS, logIndex=951, commits[a9cb8897-0d38-4c59-817a-d67a8ba30c67:c952, 41e21bac-56c9-465a-a1cc-bc71b3ab473c:c948, 2bfdf505-3a1f-44eb-9843-3820b2477da1:c948]
2019-09-05 19:10:28,287 [grpc-default-executor-0] INFO  client.GrpcClientProtocolClient (GrpcClientProtocolClient.java:onNext(255)) - client-729EAB8E4297->a9cb8897-0d38-4c59-817a-d67a8ba30c67: receive RaftClientReply:client-729EAB8E4297->a9cb8897-0d38-4c59-817a-d67a8ba30c67@group-A55F67FDC954, cid=739, SUCCESS, logIndex=952, commits[a9cb8897-0d38-4c59-817a-d67a8ba30c67:c952, 41e21bac-56c9-465a-a1cc-bc71b3ab473c:c948, 2bfdf505-3a1f-44eb-9843-3820b2477da1:c948]
2019-09-05 19:10:28,289 [grpc-default-executor-0] INFO  client.GrpcClientProtocolClient (GrpcClientProtocolClient.java:onNext(255)) - client-729EAB8E4297->a9cb8897-0d38-4c59-817a-d67a8ba30c67: receive RaftClientReply:client-729EAB8E4297->a9cb8897-0d38-4c59-817a-d67a8ba30c67@group-A55F67FDC954, cid=740, SUCCESS, logIndex=0, commits[a9cb8897-0d38-4c59-817a-d67a8ba30c67:c956, 41e21bac-56c9-465a-a1cc-bc71b3ab473c:c952, 2bfdf505-3a1f-44eb-9843-3820b2477da1:c952]
2019-09-05 19:10:28,313 [grpc-default-executor-0] INFO  client.GrpcClientProtocolClient (GrpcClientProtocolClient.java:onNext(255)) - client-729EAB8E4297->a9cb8897-0d38-4c59-817a-d67a8ba30c67: receive RaftClientReply:client-729EAB8E4297->a9cb8897-0d38-4c59-817a-d67a8ba30c67@group-A55F67FDC954, cid=741, SUCCESS, logIndex=957, commits[a9cb8897-0d38-4c59-817a-d67a8ba30c67:c958, 41e21bac-56c9-465a-a1cc-bc71b3ab473c:c956, 2bfdf505-3a1f-44eb-9843-3820b2477da1:c956]
2019-09-05 19:10:28,314 [grpc-default-executor-0] INFO  client.GrpcClientProtocolClient (GrpcClientProtocolClient.java:onNext(255)) - client-729EAB8E4297->a9cb8897-0d38-4c59-817a-d67a8ba30c67: receive RaftClientReply:client-729EAB8E4297->a9cb8897-0d38-4c59-817a-d67a8ba30c67@group-A55F67FDC954, cid=742, SUCCESS, logIndex=958, commits[a9cb8897-0d38-4c59-817a-d67a8ba30c67:c958, 41e21bac-56c9-465a-a1cc-bc71b3ab473c:c956, 2bfdf505-3a1f-44eb-9843-3820b2477da1:c956]
2019-09-05 19:10:28,342 [grpc-default-executor-1] INFO  client.GrpcClientProtocolClient (GrpcClientProtocolClient.java:onNext(255)) - client-729EAB8E4297->a9cb8897-0d38-4c59-817a-d67a8ba30c67: receive RaftClientReply:client-729EAB8E4297->a9cb8897-0d38-4c59-817a-d67a8ba30c67@group-A55F67FDC954, cid=743, SUCCESS, logIndex=961, commits[a9cb8897-0d38-4c59-817a-d67a8ba30c67:c962, 41e21bac-56c9-465a-a1cc-bc71b3ab473c:c958, 2bfdf505-3a1f-44eb-9843-3820b2477da1:c958]
2019-09-05 19:10:28,342 [grpc-default-executor-1] INFO  client.GrpcClientProtocolClient (GrpcClientProtocolClient.java:onNext(255)) - client-729EAB8E4297->a9cb8897-0d38-4c59-817a-d67a8ba30c67: receive RaftClientReply:client-729EAB8E4297->a9cb8897-0d38-4c59-817a-d67a8ba30c67@group-A55F67FDC954, cid=744, SUCCESS, logIndex=962, commits[a9cb8897-0d38-4c59-817a-d67a8ba30c67:c962, 41e21bac-56c9-465a-a1cc-bc71b3ab473c:c958, 2bfdf505-3a1f-44eb-9843-3820b2477da1:c958]
2019-09-05 19:10:28,344 [grpc-default-executor-0] INFO  client.GrpcClientProtocolClient (GrpcClientProtocolClient.java:onNext(255)) - client-729EAB8E4297->a9cb8897-0d38-4c59-817a-d67a8ba30c67: receive RaftClientReply:client-729EAB8E4297->a9cb8897-0d38-4c59-817a-d67a8ba30c67@group-A55F67FDC954, cid=745, SUCCESS, logIndex=0, commits[a9cb8897-0d38-4c59-817a-d67a8ba30c67:c963, 41e21bac-56c9-465a-a1cc-bc71b3ab473c:c962, 2bfdf505-3a1f-44eb-9843-3820b2477da1:c962]
2019-09-05 19:10:28,361 [grpc-default-executor-3] INFO  client.GrpcClientProtocolClient (GrpcClientProtocolClient.java:onNext(255)) - client-729EAB8E4297->a9cb8897-0d38-4c59-817a-d67a8ba30c67: receive RaftClientReply:client-729EAB8E4297->a9cb8897-0d38-4c59-817a-d67a8ba30c67@group-A55F67FDC954, cid=746, SUCCESS, logIndex=965, commits[a9cb8897-0d38-4c59-817a-d67a8ba30c67:c966, 41e21bac-56c9-465a-a1cc-bc71b3ab473c:c964, 2bfdf505-3a1f-44eb-9843-3820b2477da1:c964]
2019-09-05 19:10:28,361 [grpc-default-executor-3] INFO  client.GrpcClientProtocolClient (GrpcClientProtocolClient.java:onNext(255)) - client-729EAB8E4297->a9cb8897-0d38-4c59-817a-d67a8ba30c67: receive RaftClientReply:client-729EAB8E4297->a9cb8897-0d38-4c59-817a-d67a8ba30c67@group-A55F67FDC954, cid=747, SUCCESS, logIndex=966, commits[a9cb8897-0d38-4c59-817a-d67a8ba30c67:c966, 41e21bac-56c9-465a-a1cc-bc71b3ab473c:c964, 2bfdf505-3a1f-44eb-9843-3820b2477da1:c964]
2019-09-05 19:10:28,388 [grpc-default-executor-1] INFO  client.GrpcClientProtocolClient (GrpcClientProtocolClient.java:onNext(255)) - client-729EAB8E4297->a9cb8897-0d38-4c59-817a-d67a8ba30c67: receive RaftClientReply:client-729EAB8E4297->a9cb8897-0d38-4c59-817a-d67a8ba30c67@group-A55F67FDC954, cid=748, SUCCESS, logIndex=967, commits[a9cb8897-0d38-4c59-817a-d67a8ba30c67:c969, 41e21bac-56c9-465a-a1cc-bc71b3ab473c:c966, 2bfdf505-3a1f-44eb-9843-3820b2477da1:c964]
2019-09-05 19:10:28,388 [grpc-default-executor-1] INFO  client.GrpcClientProtocolClient (GrpcClientProtocolClient.java:onNext(255)) - client-729EAB8E4297->a9cb8897-0d38-4c59-817a-d67a8ba30c67: receive RaftClientReply:client-729EAB8E4297->a9cb8897-0d38-4c59-817a-d67a8ba30c67@group-A55F67FDC954, cid=749, SUCCESS, logIndex=968, commits[a9cb8897-0d38-4c59-817a-d67a8ba30c67:c969, 41e21bac-56c9-465a-a1cc-bc71b3ab473c:c966, 2bfdf505-3a1f-44eb-9843-3820b2477da1:c964]
2019-09-05 19:10:28,390 [grpc-default-executor-1] INFO  client.GrpcClientProtocolClient (GrpcClientProtocolClient.java:onNext(255)) - client-729EAB8E4297->a9cb8897-0d38-4c59-817a-d67a8ba30c67: receive RaftClientReply:client-729EAB8E4297->a9cb8897-0d38-4c59-817a-d67a8ba30c67@group-A55F67FDC954, cid=750, SUCCESS, logIndex=0, commits[a9cb8897-0d38-4c59-817a-d67a8ba30c67:c970, 41e21bac-56c9-465a-a1cc-bc71b3ab473c:c966, 2bfdf505-3a1f-44eb-9843-3820b2477da1:c966]
2019-09-05 19:10:28,415 [grpc-default-executor-3] INFO  client.GrpcClientProtocolClient (GrpcClientProtocolClient.java:onNext(255)) - client-729EAB8E4297->a9cb8897-0d38-4c59-817a-d67a8ba30c67: receive RaftClientReply:client-729EAB8E4297->a9cb8897-0d38-4c59-817a-d67a8ba30c67@group-A55F67FDC954, cid=751, SUCCESS, logIndex=973, commits[a9cb8897-0d38-4c59-817a-d67a8ba30c67:c974, 41e21bac-56c9-465a-a1cc-bc71b3ab473c:c972, 2bfdf505-3a1f-44eb-9843-3820b2477da1:c972]
2019-09-05 19:10:28,415 [grpc-default-executor-3] INFO  client.GrpcClientProtocolClient (GrpcClientProtocolClient.java:onNext(255)) - client-729EAB8E4297->a9cb8897-0d38-4c59-817a-d67a8ba30c67: receive RaftClientReply:client-729EAB8E4297->a9cb8897-0d38-4c59-817a-d67a8ba30c67@group-A55F67FDC954, cid=752, SUCCESS, logIndex=974, commits[a9cb8897-0d38-4c59-817a-d67a8ba30c67:c974, 41e21bac-56c9-465a-a1cc-bc71b3ab473c:c972, 2bfdf505-3a1f-44eb-9843-3820b2477da1:c972]
2019-09-05 19:10:28,439 [grpc-default-executor-1] INFO  client.GrpcClientProtocolClient (GrpcClientProtocolClient.java:onNext(255)) - client-729EAB8E4297->a9cb8897-0d38-4c59-817a-d67a8ba30c67: receive RaftClientReply:client-729EAB8E4297->a9cb8897-0d38-4c59-817a-d67a8ba30c67@group-A55F67FDC954, cid=753, SUCCESS, logIndex=977, commits[a9cb8897-0d38-4c59-817a-d67a8ba30c67:c978, 41e21bac-56c9-465a-a1cc-bc71b3ab473c:c974, 2bfdf505-3a1f-44eb-9843-3820b2477da1:c974]
2019-09-05 19:10:28,440 [grpc-default-executor-1] INFO  client.GrpcClientProtocolClient (GrpcClientProtocolClient.java:onNext(255)) - client-729EAB8E4297->a9cb8897-0d38-4c59-817a-d67a8ba30c67: receive RaftClientReply:client-729EAB8E4297->a9cb8897-0d38-4c59-817a-d67a8ba30c67@group-A55F67FDC954, cid=754, SUCCESS, logIndex=978, commits[a9cb8897-0d38-4c59-817a-d67a8ba30c67:c978, 41e21bac-56c9-465a-a1cc-bc71b3ab473c:c974, 2bfdf505-3a1f-44eb-9843-3820b2477da1:c974]
2019-09-05 19:10:28,452 [grpc-default-executor-1] INFO  client.GrpcClientProtocolClient (GrpcClientProtocolClient.java:onNext(255)) - client-729EAB8E4297->a9cb8897-0d38-4c59-817a-d67a8ba30c67: receive RaftClientReply:client-729EAB8E4297->a9cb8897-0d38-4c59-817a-d67a8ba30c67@group-A55F67FDC954, cid=755, SUCCESS, logIndex=0, commits[a9cb8897-0d38-4c59-817a-d67a8ba30c67:c979, 41e21bac-56c9-465a-a1cc-bc71b3ab473c:c978, 2bfdf505-3a1f-44eb-9843-3820b2477da1:c978]
2019-09-05 19:10:28,476 [grpc-default-executor-0] INFO  client.GrpcClientProtocolClient (GrpcClientProtocolClient.java:onNext(255)) - client-729EAB8E4297->a9cb8897-0d38-4c59-817a-d67a8ba30c67: receive RaftClientReply:client-729EAB8E4297->a9cb8897-0d38-4c59-817a-d67a8ba30c67@group-A55F67FDC954, cid=756, SUCCESS, logIndex=981, commits[a9cb8897-0d38-4c59-817a-d67a8ba30c67:c983, 41e21bac-56c9-465a-a1cc-bc71b3ab473c:c980, 2bfdf505-3a1f-44eb-9843-3820b2477da1:c980]
2019-09-05 19:10:28,477 [grpc-default-executor-0] INFO  client.GrpcClientProtocolClient (GrpcClientProtocolClient.java:onNext(255)) - client-729EAB8E4297->a9cb8897-0d38-4c59-817a-d67a8ba30c67: receive RaftClientReply:client-729EAB8E4297->a9cb8897-0d38-4c59-817a-d67a8ba30c67@group-A55F67FDC954, cid=757, SUCCESS, logIndex=982, commits[a9cb8897-0d38-4c59-817a-d67a8ba30c67:c984, 41e21bac-56c9-465a-a1cc-bc71b3ab473c:c980, 2bfdf505-3a1f-44eb-9843-3820b2477da1:c980]
2019-09-05 19:10:28,477 [grpc-default-executor-0] INFO  client.GrpcClientProtocolClient (GrpcClientProtocolClient.java:onNext(255)) - client-729EAB8E4297->a9cb8897-0d38-4c59-817a-d67a8ba30c67: receive RaftClientReply:client-729EAB8E4297->a9cb8897-0d38-4c59-817a-d67a8ba30c67@group-A55F67FDC954, cid=758, SUCCESS, logIndex=983, commits[a9cb8897-0d38-4c59-817a-d67a8ba30c67:c984, 41e21bac-56c9-465a-a1cc-bc71b3ab473c:c980, 2bfdf505-3a1f-44eb-9843-3820b2477da1:c980]
2019-09-05 19:10:28,477 [grpc-default-executor-0] INFO  client.GrpcClientProtocolClient (GrpcClientProtocolClient.java:onNext(255)) - client-729EAB8E4297->a9cb8897-0d38-4c59-817a-d67a8ba30c67: receive RaftClientReply:client-729EAB8E4297->a9cb8897-0d38-4c59-817a-d67a8ba30c67@group-A55F67FDC954, cid=759, SUCCESS, logIndex=984, commits[a9cb8897-0d38-4c59-817a-d67a8ba30c67:c984, 41e21bac-56c9-465a-a1cc-bc71b3ab473c:c980, 2bfdf505-3a1f-44eb-9843-3820b2477da1:c980]
2019-09-05 19:10:28,489 [grpc-default-executor-0] INFO  client.GrpcClientProtocolClient (GrpcClientProtocolClient.java:onNext(255)) - client-729EAB8E4297->a9cb8897-0d38-4c59-817a-d67a8ba30c67: receive RaftClientReply:client-729EAB8E4297->a9cb8897-0d38-4c59-817a-d67a8ba30c67@group-A55F67FDC954, cid=760, SUCCESS, logIndex=0, commits[a9cb8897-0d38-4c59-817a-d67a8ba30c67:c985, 41e21bac-56c9-465a-a1cc-bc71b3ab473c:c982, 2bfdf505-3a1f-44eb-9843-3820b2477da1:c982]
2019-09-05 19:10:28,512 [grpc-default-executor-0] INFO  client.GrpcClientProtocolClient (GrpcClientProtocolClient.java:onNext(255)) - client-729EAB8E4297->a9cb8897-0d38-4c59-817a-d67a8ba30c67: receive RaftClientReply:client-729EAB8E4297->a9cb8897-0d38-4c59-817a-d67a8ba30c67@group-A55F67FDC954, cid=761, SUCCESS, logIndex=989, commits[a9cb8897-0d38-4c59-817a-d67a8ba30c67:c990, 41e21bac-56c9-465a-a1cc-bc71b3ab473c:c988, 2bfdf505-3a1f-44eb-9843-3820b2477da1:c988]
2019-09-05 19:10:28,513 [grpc-default-executor-0] INFO  client.GrpcClientProtocolClient (GrpcClientProtocolClient.java:onNext(255)) - client-729EAB8E4297->a9cb8897-0d38-4c59-817a-d67a8ba30c67: receive RaftClientReply:client-729EAB8E4297->a9cb8897-0d38-4c59-817a-d67a8ba30c67@group-A55F67FDC954, cid=762, SUCCESS, logIndex=990, commits[a9cb8897-0d38-4c59-817a-d67a8ba30c67:c990, 41e21bac-56c9-465a-a1cc-bc71b3ab473c:c988, 2bfdf505-3a1f-44eb-9843-3820b2477da1:c988]
2019-09-05 19:10:28,538 [grpc-default-executor-0] INFO  client.GrpcClientProtocolClient (GrpcClientProtocolClient.java:onNext(255)) - client-729EAB8E4297->a9cb8897-0d38-4c59-817a-d67a8ba30c67: receive RaftClientReply:client-729EAB8E4297->a9cb8897-0d38-4c59-817a-d67a8ba30c67@group-A55F67FDC954, cid=763, SUCCESS, logIndex=993, commits[a9cb8897-0d38-4c59-817a-d67a8ba30c67:c994, 41e21bac-56c9-465a-a1cc-bc71b3ab473c:c990, 2bfdf505-3a1f-44eb-9843-3820b2477da1:c990]
2019-09-05 19:10:28,539 [grpc-default-executor-0] INFO  client.GrpcClientProtocolClient (GrpcClientProtocolClient.java:onNext(255)) - client-729EAB8E4297->a9cb8897-0d38-4c59-817a-d67a8ba30c67: receive RaftClientReply:client-729EAB8E4297->a9cb8897-0d38-4c59-817a-d67a8ba30c67@group-A55F67FDC954, cid=764, SUCCESS, logIndex=994, commits[a9cb8897-0d38-4c59-817a-d67a8ba30c67:c994, 41e21bac-56c9-465a-a1cc-bc71b3ab473c:c990, 2bfdf505-3a1f-44eb-9843-3820b2477da1:c990]
2019-09-05 19:10:28,549 [grpc-default-executor-0] INFO  client.GrpcClientProtocolClient (GrpcClientProtocolClient.java:onNext(255)) - client-729EAB8E4297->a9cb8897-0d38-4c59-817a-d67a8ba30c67: receive RaftClientReply:client-729EAB8E4297->a9cb8897-0d38-4c59-817a-d67a8ba30c67@group-A55F67FDC954, cid=765, SUCCESS, logIndex=0, commits[a9cb8897-0d38-4c59-817a-d67a8ba30c67:c995, 41e21bac-56c9-465a-a1cc-bc71b3ab473c:c994, 2bfdf505-3a1f-44eb-9843-3820b2477da1:c994]
2019-09-05 19:10:28,567 [grpc-default-executor-1] INFO  client.GrpcClientProtocolClient (GrpcClientProtocolClient.java:onNext(255)) - client-729EAB8E4297->a9cb8897-0d38-4c59-817a-d67a8ba30c67: receive RaftClientReply:client-729EAB8E4297->a9cb8897-0d38-4c59-817a-d67a8ba30c67@group-A55F67FDC954, cid=766, SUCCESS, logIndex=997, commits[a9cb8897-0d38-4c59-817a-d67a8ba30c67:c998, 41e21bac-56c9-465a-a1cc-bc71b3ab473c:c996, 2bfdf505-3a1f-44eb-9843-3820b2477da1:c994]
2019-09-05 19:10:28,568 [grpc-default-executor-1] INFO  client.GrpcClientProtocolClient (GrpcClientProtocolClient.java:onNext(255)) - client-729EAB8E4297->a9cb8897-0d38-4c59-817a-d67a8ba30c67: receive RaftClientReply:client-729EAB8E4297->a9cb8897-0d38-4c59-817a-d67a8ba30c67@group-A55F67FDC954, cid=767, SUCCESS, logIndex=998, commits[a9cb8897-0d38-4c59-817a-d67a8ba30c67:c998, 41e21bac-56c9-465a-a1cc-bc71b3ab473c:c996, 2bfdf505-3a1f-44eb-9843-3820b2477da1:c994]
2019-09-05 19:10:28,575 [grpc-default-executor-3] INFO  client.GrpcClientProtocolClient (GrpcClientProtocolClient.java:onNext(255)) - client-729EAB8E4297->a9cb8897-0d38-4c59-817a-d67a8ba30c67: receive RaftClientReply:client-729EAB8E4297->a9cb8897-0d38-4c59-817a-d67a8ba30c67@group-A55F67FDC954, cid=768, SUCCESS, logIndex=1001, commits[a9cb8897-0d38-4c59-817a-d67a8ba30c67:c1002, 41e21bac-56c9-465a-a1cc-bc71b3ab473c:c998, 2bfdf505-3a1f-44eb-9843-3820b2477da1:c998]
2019-09-05 19:10:28,576 [grpc-default-executor-3] INFO  client.GrpcClientProtocolClient (GrpcClientProtocolClient.java:onNext(255)) - client-729EAB8E4297->a9cb8897-0d38-4c59-817a-d67a8ba30c67: receive RaftClientReply:client-729EAB8E4297->a9cb8897-0d38-4c59-817a-d67a8ba30c67@group-A55F67FDC954, cid=769, SUCCESS, logIndex=1002, commits[a9cb8897-0d38-4c59-817a-d67a8ba30c67:c1002, 41e21bac-56c9-465a-a1cc-bc71b3ab473c:c998, 2bfdf505-3a1f-44eb-9843-3820b2477da1:c998]
2019-09-05 19:10:28,861 [grpc-default-executor-3] INFO  client.GrpcClientProtocolClient (GrpcClientProtocolClient.java:onNext(255)) - client-729EAB8E4297->a9cb8897-0d38-4c59-817a-d67a8ba30c67: receive RaftClientReply:client-729EAB8E4297->a9cb8897-0d38-4c59-817a-d67a8ba30c67@group-A55F67FDC954, cid=770, SUCCESS, logIndex=1005, commits[a9cb8897-0d38-4c59-817a-d67a8ba30c67:c1006, 41e21bac-56c9-465a-a1cc-bc71b3ab473c:c1004, 2bfdf505-3a1f-44eb-9843-3820b2477da1:c1004]
2019-09-05 19:10:28,862 [grpc-default-executor-3] INFO  client.GrpcClientProtocolClient (GrpcClientProtocolClient.java:onNext(255)) - client-729EAB8E4297->a9cb8897-0d38-4c59-817a-d67a8ba30c67: receive RaftClientReply:client-729EAB8E4297->a9cb8897-0d38-4c59-817a-d67a8ba30c67@group-A55F67FDC954, cid=771, SUCCESS, logIndex=1006, commits[a9cb8897-0d38-4c59-817a-d67a8ba30c67:c1006, 41e21bac-56c9-465a-a1cc-bc71b3ab473c:c1004, 2bfdf505-3a1f-44eb-9843-3820b2477da1:c1004]
2019-09-05 19:10:28,887 [grpc-default-executor-3] INFO  client.GrpcClientProtocolClient (GrpcClientProtocolClient.java:onNext(255)) - client-729EAB8E4297->a9cb8897-0d38-4c59-817a-d67a8ba30c67: receive RaftClientReply:client-729EAB8E4297->a9cb8897-0d38-4c59-817a-d67a8ba30c67@group-A55F67FDC954, cid=772, SUCCESS, logIndex=1009, commits[a9cb8897-0d38-4c59-817a-d67a8ba30c67:c1010, 41e21bac-56c9-465a-a1cc-bc71b3ab473c:c1006, 2bfdf505-3a1f-44eb-9843-3820b2477da1:c1006]
2019-09-05 19:10:28,888 [grpc-default-executor-3] INFO  client.GrpcClientProtocolClient (GrpcClientProtocolClient.java:onNext(255)) - client-729EAB8E4297->a9cb8897-0d38-4c59-817a-d67a8ba30c67: receive RaftClientReply:client-729EAB8E4297->a9cb8897-0d38-4c59-817a-d67a8ba30c67@group-A55F67FDC954, cid=773, SUCCESS, logIndex=1010, commits[a9cb8897-0d38-4c59-817a-d67a8ba30c67:c1010, 41e21bac-56c9-465a-a1cc-bc71b3ab473c:c1006, 2bfdf505-3a1f-44eb-9843-3820b2477da1:c1006]
2019-09-05 19:10:28,900 [grpc-default-executor-3] INFO  client.GrpcClientProtocolClient (GrpcClientProtocolClient.java:onNext(255)) - client-729EAB8E4297->a9cb8897-0d38-4c59-817a-d67a8ba30c67: receive RaftClientReply:client-729EAB8E4297->a9cb8897-0d38-4c59-817a-d67a8ba30c67@group-A55F67FDC954, cid=774, SUCCESS, logIndex=0, commits[a9cb8897-0d38-4c59-817a-d67a8ba30c67:c1012, 41e21bac-56c9-465a-a1cc-bc71b3ab473c:c1010, 2bfdf505-3a1f-44eb-9843-3820b2477da1:c1010]
2019-09-05 19:10:28,922 [grpc-default-executor-0] INFO  client.GrpcClientProtocolClient (GrpcClientProtocolClient.java:onNext(255)) - client-729EAB8E4297->a9cb8897-0d38-4c59-817a-d67a8ba30c67: receive RaftClientReply:client-729EAB8E4297->a9cb8897-0d38-4c59-817a-d67a8ba30c67@group-A55F67FDC954, cid=775, SUCCESS, logIndex=1013, commits[a9cb8897-0d38-4c59-817a-d67a8ba30c67:c1014, 41e21bac-56c9-465a-a1cc-bc71b3ab473c:c1012, 2bfdf505-3a1f-44eb-9843-3820b2477da1:c1012]
2019-09-05 19:10:28,923 [grpc-default-executor-0] INFO  client.GrpcClientProtocolClient (GrpcClientProtocolClient.java:onNext(255)) - client-729EAB8E4297->a9cb8897-0d38-4c59-817a-d67a8ba30c67: receive RaftClientReply:client-729EAB8E4297->a9cb8897-0d38-4c59-817a-d67a8ba30c67@group-A55F67FDC954, cid=776, SUCCESS, logIndex=1014, commits[a9cb8897-0d38-4c59-817a-d67a8ba30c67:c1016, 41e21bac-56c9-465a-a1cc-bc71b3ab473c:c1012, 2bfdf505-3a1f-44eb-9843-3820b2477da1:c1012]
2019-09-05 19:10:28,924 [grpc-default-executor-0] INFO  client.GrpcClientProtocolClient (GrpcClientProtocolClient.java:onNext(255)) - client-729EAB8E4297->a9cb8897-0d38-4c59-817a-d67a8ba30c67: receive RaftClientReply:client-729EAB8E4297->a9cb8897-0d38-4c59-817a-d67a8ba30c67@group-A55F67FDC954, cid=777, SUCCESS, logIndex=1015, commits[a9cb8897-0d38-4c59-817a-d67a8ba30c67:c1016, 41e21bac-56c9-465a-a1cc-bc71b3ab473c:c1012, 2bfdf505-3a1f-44eb-9843-3820b2477da1:c1012]
2019-09-05 19:10:28,924 [grpc-default-executor-0] INFO  client.GrpcClientProtocolClient (GrpcClientProtocolClient.java:onNext(255)) - client-729EAB8E4297->a9cb8897-0d38-4c59-817a-d67a8ba30c67: receive RaftClientReply:client-729EAB8E4297->a9cb8897-0d38-4c59-817a-d67a8ba30c67@group-A55F67FDC954, cid=778, SUCCESS, logIndex=1016, commits[a9cb8897-0d38-4c59-817a-d67a8ba30c67:c1016, 41e21bac-56c9-465a-a1cc-bc71b3ab473c:c1012, 2bfdf505-3a1f-44eb-9843-3820b2477da1:c1012]
2019-09-05 19:10:28,926 [grpc-default-executor-0] INFO  client.GrpcClientProtocolClient (GrpcClientProtocolClient.java:onNext(255)) - client-729EAB8E4297->a9cb8897-0d38-4c59-817a-d67a8ba30c67: receive RaftClientReply:client-729EAB8E4297->a9cb8897-0d38-4c59-817a-d67a8ba30c67@group-A55F67FDC954, cid=779, SUCCESS, logIndex=0, commits[a9cb8897-0d38-4c59-817a-d67a8ba30c67:c1020, 41e21bac-56c9-465a-a1cc-bc71b3ab473c:c1016, 2bfdf505-3a1f-44eb-9843-3820b2477da1:c1014]
2019-09-05 19:10:28,943 [grpc-default-executor-1] INFO  client.GrpcClientProtocolClient (GrpcClientProtocolClient.java:onNext(255)) - client-729EAB8E4297->a9cb8897-0d38-4c59-817a-d67a8ba30c67: receive RaftClientReply:client-729EAB8E4297->a9cb8897-0d38-4c59-817a-d67a8ba30c67@group-A55F67FDC954, cid=780, SUCCESS, logIndex=1021, commits[a9cb8897-0d38-4c59-817a-d67a8ba30c67:c1022, 41e21bac-56c9-465a-a1cc-bc71b3ab473c:c1016, 2bfdf505-3a1f-44eb-9843-3820b2477da1:c1020]
2019-09-05 19:10:28,944 [grpc-default-executor-1] INFO  client.GrpcClientProtocolClient (GrpcClientProtocolClient.java:onNext(255)) - client-729EAB8E4297->a9cb8897-0d38-4c59-817a-d67a8ba30c67: receive RaftClientReply:client-729EAB8E4297->a9cb8897-0d38-4c59-817a-d67a8ba30c67@group-A55F67FDC954, cid=781, SUCCESS, logIndex=1022, commits[a9cb8897-0d38-4c59-817a-d67a8ba30c67:c1022, 41e21bac-56c9-465a-a1cc-bc71b3ab473c:c1016, 2bfdf505-3a1f-44eb-9843-3820b2477da1:c1020]
2019-09-05 19:10:28,974 [grpc-default-executor-3] INFO  client.GrpcClientProtocolClient (GrpcClientProtocolClient.java:onNext(255)) - client-729EAB8E4297->a9cb8897-0d38-4c59-817a-d67a8ba30c67: receive RaftClientReply:client-729EAB8E4297->a9cb8897-0d38-4c59-817a-d67a8ba30c67@group-A55F67FDC954, cid=782, SUCCESS, logIndex=1025, commits[a9cb8897-0d38-4c59-817a-d67a8ba30c67:c1026, 41e21bac-56c9-465a-a1cc-bc71b3ab473c:c1022, 2bfdf505-3a1f-44eb-9843-3820b2477da1:c1022]
2019-09-05 19:10:28,974 [grpc-default-executor-3] INFO  client.GrpcClientProtocolClient (GrpcClientProtocolClient.java:onNext(255)) - client-729EAB8E4297->a9cb8897-0d38-4c59-817a-d67a8ba30c67: receive RaftClientReply:client-729EAB8E4297->a9cb8897-0d38-4c59-817a-d67a8ba30c67@group-A55F67FDC954, cid=783, SUCCESS, logIndex=1026, commits[a9cb8897-0d38-4c59-817a-d67a8ba30c67:c1026, 41e21bac-56c9-465a-a1cc-bc71b3ab473c:c1022, 2bfdf505-3a1f-44eb-9843-3820b2477da1:c1022]
2019-09-05 19:10:28,986 [grpc-default-executor-0] INFO  client.GrpcClientProtocolClient (GrpcClientProtocolClient.java:onNext(255)) - client-729EAB8E4297->a9cb8897-0d38-4c59-817a-d67a8ba30c67: receive RaftClientReply:client-729EAB8E4297->a9cb8897-0d38-4c59-817a-d67a8ba30c67@group-A55F67FDC954, cid=784, SUCCESS, logIndex=0, commits[a9cb8897-0d38-4c59-817a-d67a8ba30c67:c1027, 41e21bac-56c9-465a-a1cc-bc71b3ab473c:c1026, 2bfdf505-3a1f-44eb-9843-3820b2477da1:c1026]
2019-09-05 19:10:29,007 [grpc-default-executor-1] INFO  client.GrpcClientProtocolClient (GrpcClientProtocolClient.java:onNext(255)) - client-729EAB8E4297->a9cb8897-0d38-4c59-817a-d67a8ba30c67: receive RaftClientReply:client-729EAB8E4297->a9cb8897-0d38-4c59-817a-d67a8ba30c67@group-A55F67FDC954, cid=785, SUCCESS, logIndex=1029, commits[a9cb8897-0d38-4c59-817a-d67a8ba30c67:c1030, 41e21bac-56c9-465a-a1cc-bc71b3ab473c:c1028, 2bfdf505-3a1f-44eb-9843-3820b2477da1:c1028]
2019-09-05 19:10:29,008 [grpc-default-executor-1] INFO  client.GrpcClientProtocolClient (GrpcClientProtocolClient.java:onNext(255)) - client-729EAB8E4297->a9cb8897-0d38-4c59-817a-d67a8ba30c67: receive RaftClientReply:client-729EAB8E4297->a9cb8897-0d38-4c59-817a-d67a8ba30c67@group-A55F67FDC954, cid=786, SUCCESS, logIndex=1030, commits[a9cb8897-0d38-4c59-817a-d67a8ba30c67:c1032, 41e21bac-56c9-465a-a1cc-bc71b3ab473c:c1028, 2bfdf505-3a1f-44eb-9843-3820b2477da1:c1028]
2019-09-05 19:10:29,008 [grpc-default-executor-1] INFO  client.GrpcClientProtocolClient (GrpcClientProtocolClient.java:onNext(255)) - client-729EAB8E4297->a9cb8897-0d38-4c59-817a-d67a8ba30c67: receive RaftClientReply:client-729EAB8E4297->a9cb8897-0d38-4c59-817a-d67a8ba30c67@group-A55F67FDC954, cid=787, SUCCESS, logIndex=1031, commits[a9cb8897-0d38-4c59-817a-d67a8ba30c67:c1032, 41e21bac-56c9-465a-a1cc-bc71b3ab473c:c1028, 2bfdf505-3a1f-44eb-9843-3820b2477da1:c1028]
2019-09-05 19:10:29,009 [grpc-default-executor-1] INFO  client.GrpcClientProtocolClient (GrpcClientProtocolClient.java:onNext(255)) - client-729EAB8E4297->a9cb8897-0d38-4c59-817a-d67a8ba30c67: receive RaftClientReply:client-729EAB8E4297->a9cb8897-0d38-4c59-817a-d67a8ba30c67@group-A55F67FDC954, cid=788, SUCCESS, logIndex=1032, commits[a9cb8897-0d38-4c59-817a-d67a8ba30c67:c1032, 41e21bac-56c9-465a-a1cc-bc71b3ab473c:c1028, 2bfdf505-3a1f-44eb-9843-3820b2477da1:c1028]
2019-09-05 19:10:29,010 [grpc-default-executor-1] INFO  client.GrpcClientProtocolClient (GrpcClientProtocolClient.java:onNext(255)) - client-729EAB8E4297->a9cb8897-0d38-4c59-817a-d67a8ba30c67: receive RaftClientReply:client-729EAB8E4297->a9cb8897-0d38-4c59-817a-d67a8ba30c67@group-A55F67FDC954, cid=789, SUCCESS, logIndex=0, commits[a9cb8897-0d38-4c59-817a-d67a8ba30c67:c1035, 41e21bac-56c9-465a-a1cc-bc71b3ab473c:c1031, 2bfdf505-3a1f-44eb-9843-3820b2477da1:c1031]
2019-09-05 19:10:29,031 [grpc-default-executor-1] INFO  client.GrpcClientProtocolClient (GrpcClientProtocolClient.java:onNext(255)) - client-729EAB8E4297->a9cb8897-0d38-4c59-817a-d67a8ba30c67: receive RaftClientReply:client-729EAB8E4297->a9cb8897-0d38-4c59-817a-d67a8ba30c67@group-A55F67FDC954, cid=790, SUCCESS, logIndex=1037, commits[a9cb8897-0d38-4c59-817a-d67a8ba30c67:c1038, 41e21bac-56c9-465a-a1cc-bc71b3ab473c:c1036, 2bfdf505-3a1f-44eb-9843-3820b2477da1:c1036]
2019-09-05 19:10:29,032 [grpc-default-executor-1] INFO  client.GrpcClientProtocolClient (GrpcClientProtocolClient.java:onNext(255)) - client-729EAB8E4297->a9cb8897-0d38-4c59-817a-d67a8ba30c67: receive RaftClientReply:client-729EAB8E4297->a9cb8897-0d38-4c59-817a-d67a8ba30c67@group-A55F67FDC954, cid=791, SUCCESS, logIndex=1038, commits[a9cb8897-0d38-4c59-817a-d67a8ba30c67:c1038, 41e21bac-56c9-465a-a1cc-bc71b3ab473c:c1036, 2bfdf505-3a1f-44eb-9843-3820b2477da1:c1036]
2019-09-05 19:10:29,057 [grpc-default-executor-3] INFO  client.GrpcClientProtocolClient (GrpcClientProtocolClient.java:onNext(255)) - client-729EAB8E4297->a9cb8897-0d38-4c59-817a-d67a8ba30c67: receive RaftClientReply:client-729EAB8E4297->a9cb8897-0d38-4c59-817a-d67a8ba30c67@group-A55F67FDC954, cid=792, SUCCESS, logIndex=1041, commits[a9cb8897-0d38-4c59-817a-d67a8ba30c67:c1042, 41e21bac-56c9-465a-a1cc-bc71b3ab473c:c1040, 2bfdf505-3a1f-44eb-9843-3820b2477da1:c1040]
2019-09-05 19:10:29,059 [grpc-default-executor-3] INFO  client.GrpcClientProtocolClient (GrpcClientProtocolClient.java:onNext(255)) - client-729EAB8E4297->a9cb8897-0d38-4c59-817a-d67a8ba30c67: receive RaftClientReply:client-729EAB8E4297->a9cb8897-0d38-4c59-817a-d67a8ba30c67@group-A55F67FDC954, cid=793, SUCCESS, logIndex=1042, commits[a9cb8897-0d38-4c59-817a-d67a8ba30c67:c1042, 41e21bac-56c9-465a-a1cc-bc71b3ab473c:c1040, 2bfdf505-3a1f-44eb-9843-3820b2477da1:c1040]
2019-09-05 19:10:29,068 [grpc-default-executor-3] INFO  client.GrpcClientProtocolClient (GrpcClientProtocolClient.java:onNext(255)) - client-729EAB8E4297->a9cb8897-0d38-4c59-817a-d67a8ba30c67: receive RaftClientReply:client-729EAB8E4297->a9cb8897-0d38-4c59-817a-d67a8ba30c67@group-A55F67FDC954, cid=794, SUCCESS, logIndex=0, commits[a9cb8897-0d38-4c59-817a-d67a8ba30c67:c1043, 41e21bac-56c9-465a-a1cc-bc71b3ab473c:c1042, 2bfdf505-3a1f-44eb-9843-3820b2477da1:c1042]
2019-09-05 19:10:29,090 [grpc-default-executor-3] INFO  client.GrpcClientProtocolClient (GrpcClientProtocolClient.java:onNext(255)) - client-729EAB8E4297->a9cb8897-0d38-4c59-817a-d67a8ba30c67: receive RaftClientReply:client-729EAB8E4297->a9cb8897-0d38-4c59-817a-d67a8ba30c67@group-A55F67FDC954, cid=795, SUCCESS, logIndex=1045, commits[a9cb8897-0d38-4c59-817a-d67a8ba30c67:c1046, 41e21bac-56c9-465a-a1cc-bc71b3ab473c:c1044, 2bfdf505-3a1f-44eb-9843-3820b2477da1:c1044]
2019-09-05 19:10:29,090 [grpc-default-executor-1] INFO  client.GrpcClientProtocolClient (GrpcClientProtocolClient.java:onNext(255)) - client-729EAB8E4297->a9cb8897-0d38-4c59-817a-d67a8ba30c67: receive RaftClientReply:client-729EAB8E4297->a9cb8897-0d38-4c59-817a-d67a8ba30c67@group-A55F67FDC954, cid=796, SUCCESS, logIndex=1046, commits[a9cb8897-0d38-4c59-817a-d67a8ba30c67:c1046, 41e21bac-56c9-465a-a1cc-bc71b3ab473c:c1044, 2bfdf505-3a1f-44eb-9843-3820b2477da1:c1044]
2019-09-05 19:10:29,091 [grpc-default-executor-1] INFO  client.GrpcClientProtocolClient (GrpcClientProtocolClient.java:onNext(255)) - client-729EAB8E4297->a9cb8897-0d38-4c59-817a-d67a8ba30c67: receive RaftClientReply:client-729EAB8E4297->a9cb8897-0d38-4c59-817a-d67a8ba30c67@group-A55F67FDC954, cid=797, SUCCESS, logIndex=1047, commits[a9cb8897-0d38-4c59-817a-d67a8ba30c67:c1048, 41e21bac-56c9-465a-a1cc-bc71b3ab473c:c1044, 2bfdf505-3a1f-44eb-9843-3820b2477da1:c1044]
2019-09-05 19:10:29,091 [grpc-default-executor-1] INFO  client.GrpcClientProtocolClient (GrpcClientProtocolClient.java:onNext(255)) - client-729EAB8E4297->a9cb8897-0d38-4c59-817a-d67a8ba30c67: receive RaftClientReply:client-729EAB8E4297->a9cb8897-0d38-4c59-817a-d67a8ba30c67@group-A55F67FDC954, cid=798, SUCCESS, logIndex=1048, commits[a9cb8897-0d38-4c59-817a-d67a8ba30c67:c1048, 41e21bac-56c9-465a-a1cc-bc71b3ab473c:c1044, 2bfdf505-3a1f-44eb-9843-3820b2477da1:c1044]
2019-09-05 19:10:29,092 [grpc-default-executor-1] INFO  client.GrpcClientProtocolClient (GrpcClientProtocolClient.java:onNext(255)) - client-729EAB8E4297->a9cb8897-0d38-4c59-817a-d67a8ba30c67: receive RaftClientReply:client-729EAB8E4297->a9cb8897-0d38-4c59-817a-d67a8ba30c67@group-A55F67FDC954, cid=799, SUCCESS, logIndex=0, commits[a9cb8897-0d38-4c59-817a-d67a8ba30c67:c1050, 41e21bac-56c9-465a-a1cc-bc71b3ab473c:c1046, 2bfdf505-3a1f-44eb-9843-3820b2477da1:c1046]
2019-09-05 19:10:29,113 [grpc-default-executor-0] INFO  client.GrpcClientProtocolClient (GrpcClientProtocolClient.java:onNext(255)) - client-729EAB8E4297->a9cb8897-0d38-4c59-817a-d67a8ba30c67: receive RaftClientReply:client-729EAB8E4297->a9cb8897-0d38-4c59-817a-d67a8ba30c67@group-A55F67FDC954, cid=800, SUCCESS, logIndex=1053, commits[a9cb8897-0d38-4c59-817a-d67a8ba30c67:c1054, 41e21bac-56c9-465a-a1cc-bc71b3ab473c:c1052, 2bfdf505-3a1f-44eb-9843-3820b2477da1:c1052]
2019-09-05 19:10:29,113 [grpc-default-executor-0] INFO  client.GrpcClientProtocolClient (GrpcClientProtocolClient.java:onNext(255)) - client-729EAB8E4297->a9cb8897-0d38-4c59-817a-d67a8ba30c67: receive RaftClientReply:client-729EAB8E4297->a9cb8897-0d38-4c59-817a-d67a8ba30c67@group-A55F67FDC954, cid=801, SUCCESS, logIndex=1054, commits[a9cb8897-0d38-4c59-817a-d67a8ba30c67:c1054, 41e21bac-56c9-465a-a1cc-bc71b3ab473c:c1052, 2bfdf505-3a1f-44eb-9843-3820b2477da1:c1052]
2019-09-05 19:10:29,128 [grpc-default-executor-1] INFO  client.GrpcClientProtocolClient (GrpcClientProtocolClient.java:onNext(255)) - client-729EAB8E4297->a9cb8897-0d38-4c59-817a-d67a8ba30c67: receive RaftClientReply:client-729EAB8E4297->a9cb8897-0d38-4c59-817a-d67a8ba30c67@group-A55F67FDC954, cid=802, SUCCESS, logIndex=1057, commits[a9cb8897-0d38-4c59-817a-d67a8ba30c67:c1058, 41e21bac-56c9-465a-a1cc-bc71b3ab473c:c1054, 2bfdf505-3a1f-44eb-9843-3820b2477da1:c1054]
2019-09-05 19:10:29,128 [grpc-default-executor-1] INFO  client.GrpcClientProtocolClient (GrpcClientProtocolClient.java:onNext(255)) - client-729EAB8E4297->a9cb8897-0d38-4c59-817a-d67a8ba30c67: receive RaftClientReply:client-729EAB8E4297->a9cb8897-0d38-4c59-817a-d67a8ba30c67@group-A55F67FDC954, cid=803, SUCCESS, logIndex=1058, commits[a9cb8897-0d38-4c59-817a-d67a8ba30c67:c1058, 41e21bac-56c9-465a-a1cc-bc71b3ab473c:c1054, 2bfdf505-3a1f-44eb-9843-3820b2477da1:c1054]
2019-09-05 19:10:29,130 [grpc-default-executor-1] INFO  client.GrpcClientProtocolClient (GrpcClientProtocolClient.java:onNext(255)) - client-729EAB8E4297->a9cb8897-0d38-4c59-817a-d67a8ba30c67: receive RaftClientReply:client-729EAB8E4297->a9cb8897-0d38-4c59-817a-d67a8ba30c67@group-A55F67FDC954, cid=804, SUCCESS, logIndex=0, commits[a9cb8897-0d38-4c59-817a-d67a8ba30c67:c1059, 41e21bac-56c9-465a-a1cc-bc71b3ab473c:c1058, 2bfdf505-3a1f-44eb-9843-3820b2477da1:c1058]
2019-09-05 19:10:29,142 [grpc-default-executor-1] INFO  client.GrpcClientProtocolClient (GrpcClientProtocolClient.java:onNext(255)) - client-729EAB8E4297->a9cb8897-0d38-4c59-817a-d67a8ba30c67: receive RaftClientReply:client-729EAB8E4297->a9cb8897-0d38-4c59-817a-d67a8ba30c67@group-A55F67FDC954, cid=805, SUCCESS, logIndex=1061, commits[a9cb8897-0d38-4c59-817a-d67a8ba30c67:c1062, 41e21bac-56c9-465a-a1cc-bc71b3ab473c:c1058, 2bfdf505-3a1f-44eb-9843-3820b2477da1:c1060]
2019-09-05 19:10:29,143 [grpc-default-executor-1] INFO  client.GrpcClientProtocolClient (GrpcClientProtocolClient.java:onNext(255)) - client-729EAB8E4297->a9cb8897-0d38-4c59-817a-d67a8ba30c67: receive RaftClientReply:client-729EAB8E4297->a9cb8897-0d38-4c59-817a-d67a8ba30c67@group-A55F67FDC954, cid=806, SUCCESS, logIndex=1062, commits[a9cb8897-0d38-4c59-817a-d67a8ba30c67:c1062, 41e21bac-56c9-465a-a1cc-bc71b3ab473c:c1060, 2bfdf505-3a1f-44eb-9843-3820b2477da1:c1060]
2019-09-05 19:10:29,146 [grpc-default-executor-1] INFO  client.GrpcClientProtocolClient (GrpcClientProtocolClient.java:onNext(255)) - client-729EAB8E4297->a9cb8897-0d38-4c59-817a-d67a8ba30c67: receive RaftClientReply:client-729EAB8E4297->a9cb8897-0d38-4c59-817a-d67a8ba30c67@group-A55F67FDC954, cid=807, SUCCESS, logIndex=1063, commits[a9cb8897-0d38-4c59-817a-d67a8ba30c67:c1066, 41e21bac-56c9-465a-a1cc-bc71b3ab473c:c1062, 2bfdf505-3a1f-44eb-9843-3820b2477da1:c1060]
2019-09-05 19:10:29,146 [grpc-default-executor-3] INFO  client.GrpcClientProtocolClient (GrpcClientProtocolClient.java:onNext(255)) - client-729EAB8E4297->a9cb8897-0d38-4c59-817a-d67a8ba30c67: receive RaftClientReply:client-729EAB8E4297->a9cb8897-0d38-4c59-817a-d67a8ba30c67@group-A55F67FDC954, cid=808, SUCCESS, logIndex=1064, commits[a9cb8897-0d38-4c59-817a-d67a8ba30c67:c1066, 41e21bac-56c9-465a-a1cc-bc71b3ab473c:c1062, 2bfdf505-3a1f-44eb-9843-3820b2477da1:c1060]
2019-09-05 19:10:29,147 [grpc-default-executor-1] INFO  client.GrpcClientProtocolClient (GrpcClientProtocolClient.java:onNext(255)) - client-729EAB8E4297->a9cb8897-0d38-4c59-817a-d67a8ba30c67: receive RaftClientReply:client-729EAB8E4297->a9cb8897-0d38-4c59-817a-d67a8ba30c67@group-A55F67FDC954, cid=809, SUCCESS, logIndex=0, commits[a9cb8897-0d38-4c59-817a-d67a8ba30c67:c1067, 41e21bac-56c9-465a-a1cc-bc71b3ab473c:c1063, 2bfdf505-3a1f-44eb-9843-3820b2477da1:c1064]
2019-09-05 19:10:29,160 [grpc-default-executor-3] INFO  client.GrpcClientProtocolClient (GrpcClientProtocolClient.java:onNext(255)) - client-729EAB8E4297->a9cb8897-0d38-4c59-817a-d67a8ba30c67: receive RaftClientReply:client-729EAB8E4297->a9cb8897-0d38-4c59-817a-d67a8ba30c67@group-A55F67FDC954, cid=810, SUCCESS, logIndex=1069, commits[a9cb8897-0d38-4c59-817a-d67a8ba30c67:c1070, 41e21bac-56c9-465a-a1cc-bc71b3ab473c:c1068, 2bfdf505-3a1f-44eb-9843-3820b2477da1:c1064]
2019-09-05 19:10:29,160 [grpc-default-executor-3] INFO  client.GrpcClientProtocolClient (GrpcClientProtocolClient.java:onNext(255)) - client-729EAB8E4297->a9cb8897-0d38-4c59-817a-d67a8ba30c67: receive RaftClientReply:client-729EAB8E4297->a9cb8897-0d38-4c59-817a-d67a8ba30c67@group-A55F67FDC954, cid=811, SUCCESS, logIndex=1070, commits[a9cb8897-0d38-4c59-817a-d67a8ba30c67:c1070, 41e21bac-56c9-465a-a1cc-bc71b3ab473c:c1068, 2bfdf505-3a1f-44eb-9843-3820b2477da1:c1064]
2019-09-05 19:10:29,188 [grpc-default-executor-3] INFO  client.GrpcClientProtocolClient (GrpcClientProtocolClient.java:onNext(255)) - client-729EAB8E4297->a9cb8897-0d38-4c59-817a-d67a8ba30c67: receive RaftClientReply:client-729EAB8E4297->a9cb8897-0d38-4c59-817a-d67a8ba30c67@group-A55F67FDC954, cid=812, SUCCESS, logIndex=1073, commits[a9cb8897-0d38-4c59-817a-d67a8ba30c67:c1074, 41e21bac-56c9-465a-a1cc-bc71b3ab473c:c1072, 2bfdf505-3a1f-44eb-9843-3820b2477da1:c1072]
2019-09-05 19:10:29,189 [grpc-default-executor-3] INFO  client.GrpcClientProtocolClient (GrpcClientProtocolClient.java:onNext(255)) - client-729EAB8E4297->a9cb8897-0d38-4c59-817a-d67a8ba30c67: receive RaftClientReply:client-729EAB8E4297->a9cb8897-0d38-4c59-817a-d67a8ba30c67@group-A55F67FDC954, cid=813, SUCCESS, logIndex=1074, commits[a9cb8897-0d38-4c59-817a-d67a8ba30c67:c1074, 41e21bac-56c9-465a-a1cc-bc71b3ab473c:c1072, 2bfdf505-3a1f-44eb-9843-3820b2477da1:c1072]
2019-09-05 19:10:29,201 [grpc-default-executor-3] INFO  client.GrpcClientProtocolClient (GrpcClientProtocolClient.java:onNext(255)) - client-729EAB8E4297->a9cb8897-0d38-4c59-817a-d67a8ba30c67: receive RaftClientReply:client-729EAB8E4297->a9cb8897-0d38-4c59-817a-d67a8ba30c67@group-A55F67FDC954, cid=814, SUCCESS, logIndex=0, commits[a9cb8897-0d38-4c59-817a-d67a8ba30c67:c1076, 41e21bac-56c9-465a-a1cc-bc71b3ab473c:c1074, 2bfdf505-3a1f-44eb-9843-3820b2477da1:c1074]
2019-09-05 19:10:29,221 [grpc-default-executor-0] INFO  client.GrpcClientProtocolClient (GrpcClientProtocolClient.java:onNext(255)) - client-729EAB8E4297->a9cb8897-0d38-4c59-817a-d67a8ba30c67: receive RaftClientReply:client-729EAB8E4297->a9cb8897-0d38-4c59-817a-d67a8ba30c67@group-A55F67FDC954, cid=815, SUCCESS, logIndex=1077, commits[a9cb8897-0d38-4c59-817a-d67a8ba30c67:c1078, 41e21bac-56c9-465a-a1cc-bc71b3ab473c:c1076, 2bfdf505-3a1f-44eb-9843-3820b2477da1:c1076]
2019-09-05 19:10:29,222 [grpc-default-executor-0] INFO  client.GrpcClientProtocolClient (GrpcClientProtocolClient.java:onNext(255)) - client-729EAB8E4297->a9cb8897-0d38-4c59-817a-d67a8ba30c67: receive RaftClientReply:client-729EAB8E4297->a9cb8897-0d38-4c59-817a-d67a8ba30c67@group-A55F67FDC954, cid=816, SUCCESS, logIndex=1078, commits[a9cb8897-0d38-4c59-817a-d67a8ba30c67:c1078, 41e21bac-56c9-465a-a1cc-bc71b3ab473c:c1076, 2bfdf505-3a1f-44eb-9843-3820b2477da1:c1076]
2019-09-05 19:10:29,222 [grpc-default-executor-3] INFO  client.GrpcClientProtocolClient (GrpcClientProtocolClient.java:onNext(255)) - client-729EAB8E4297->a9cb8897-0d38-4c59-817a-d67a8ba30c67: receive RaftClientReply:client-729EAB8E4297->a9cb8897-0d38-4c59-817a-d67a8ba30c67@group-A55F67FDC954, cid=817, SUCCESS, logIndex=1079, commits[a9cb8897-0d38-4c59-817a-d67a8ba30c67:c1080, 41e21bac-56c9-465a-a1cc-bc71b3ab473c:c1076, 2bfdf505-3a1f-44eb-9843-3820b2477da1:c1076]
2019-09-05 19:10:29,223 [grpc-default-executor-3] INFO  client.GrpcClientProtocolClient (GrpcClientProtocolClient.java:onNext(255)) - client-729EAB8E4297->a9cb8897-0d38-4c59-817a-d67a8ba30c67: receive RaftClientReply:client-729EAB8E4297->a9cb8897-0d38-4c59-817a-d67a8ba30c67@group-A55F67FDC954, cid=818, SUCCESS, logIndex=1080, commits[a9cb8897-0d38-4c59-817a-d67a8ba30c67:c1080, 41e21bac-56c9-465a-a1cc-bc71b3ab473c:c1076, 2bfdf505-3a1f-44eb-9843-3820b2477da1:c1076]
2019-09-05 19:10:29,225 [grpc-default-executor-0] INFO  client.GrpcClientProtocolClient (GrpcClientProtocolClient.java:onNext(255)) - client-729EAB8E4297->a9cb8897-0d38-4c59-817a-d67a8ba30c67: receive RaftClientReply:client-729EAB8E4297->a9cb8897-0d38-4c59-817a-d67a8ba30c67@group-A55F67FDC954, cid=819, SUCCESS, logIndex=0, commits[a9cb8897-0d38-4c59-817a-d67a8ba30c67:c1082, 41e21bac-56c9-465a-a1cc-bc71b3ab473c:c1078, 2bfdf505-3a1f-44eb-9843-3820b2477da1:c1078]
2019-09-05 19:10:29,244 [grpc-default-executor-0] INFO  client.GrpcClientProtocolClient (GrpcClientProtocolClient.java:onNext(255)) - client-729EAB8E4297->a9cb8897-0d38-4c59-817a-d67a8ba30c67: receive RaftClientReply:client-729EAB8E4297->a9cb8897-0d38-4c59-817a-d67a8ba30c67@group-A55F67FDC954, cid=820, SUCCESS, logIndex=1085, commits[a9cb8897-0d38-4c59-817a-d67a8ba30c67:c1086, 41e21bac-56c9-465a-a1cc-bc71b3ab473c:c1084, 2bfdf505-3a1f-44eb-9843-3820b2477da1:c1084]
2019-09-05 19:10:29,244 [grpc-default-executor-0] INFO  client.GrpcClientProtocolClient (GrpcClientProtocolClient.java:onNext(255)) - client-729EAB8E4297->a9cb8897-0d38-4c59-817a-d67a8ba30c67: receive RaftClientReply:client-729EAB8E4297->a9cb8897-0d38-4c59-817a-d67a8ba30c67@group-A55F67FDC954, cid=821, SUCCESS, logIndex=1086, commits[a9cb8897-0d38-4c59-817a-d67a8ba30c67:c1086, 41e21bac-56c9-465a-a1cc-bc71b3ab473c:c1084, 2bfdf505-3a1f-44eb-9843-3820b2477da1:c1084]
2019-09-05 19:10:29,257 [grpc-default-executor-3] INFO  client.GrpcClientProtocolClient (GrpcClientProtocolClient.java:onNext(255)) - client-729EAB8E4297->a9cb8897-0d38-4c59-817a-d67a8ba30c67: receive RaftClientReply:client-729EAB8E4297->a9cb8897-0d38-4c59-817a-d67a8ba30c67@group-A55F67FDC954, cid=822, SUCCESS, logIndex=1089, commits[a9cb8897-0d38-4c59-817a-d67a8ba30c67:c1090, 41e21bac-56c9-465a-a1cc-bc71b3ab473c:c1086, 2bfdf505-3a1f-44eb-9843-3820b2477da1:c1086]
 0.00% |█                                                                                                    |  0/1 Time: 0:00:032019-09-05 19:10:29,257 [grpc-default-executor-3] INFO  client.GrpcClientProtocolClient (GrpcClientProtocolClient.java:onNext(255)) - client-729EAB8E4297->a9cb8897-0d38-4c59-817a-d67a8ba30c67: receive RaftClientReply:client-729EAB8E4297->a9cb8897-0d38-4c59-817a-d67a8ba30c67@group-A55F67FDC954, cid=823, SUCCESS, logIndex=1090, commits[a9cb8897-0d38-4c59-817a-d67a8ba30c67:c1090, 41e21bac-56c9-465a-a1cc-bc71b3ab473c:c1086, 2bfdf505-3a1f-44eb-9843-3820b2477da1:c1086]
2019-09-05 19:10:29,270 [grpc-default-executor-0] INFO  client.GrpcClientProtocolClient (GrpcClientProtocolClient.java:onNext(255)) - client-729EAB8E4297->a9cb8897-0d38-4c59-817a-d67a8ba30c67: receive RaftClientReply:client-729EAB8E4297->a9cb8897-0d38-4c59-817a-d67a8ba30c67@group-A55F67FDC954, cid=824, SUCCESS, logIndex=0, commits[a9cb8897-0d38-4c59-817a-d67a8ba30c67:c1092, 41e21bac-56c9-465a-a1cc-bc71b3ab473c:c1090, 2bfdf505-3a1f-44eb-9843-3820b2477da1:c1090]
2019-09-05 19:10:29,290 [grpc-default-executor-3] INFO  client.GrpcClientProtocolClient (GrpcClientProtocolClient.java:onNext(255)) - client-729EAB8E4297->a9cb8897-0d38-4c59-817a-d67a8ba30c67: receive RaftClientReply:client-729EAB8E4297->a9cb8897-0d38-4c59-817a-d67a8ba30c67@group-A55F67FDC954, cid=825, SUCCESS, logIndex=1093, commits[a9cb8897-0d38-4c59-817a-d67a8ba30c67:c1094, 41e21bac-56c9-465a-a1cc-bc71b3ab473c:c1092, 2bfdf505-3a1f-44eb-9843-3820b2477da1:c1092]
2019-09-05 19:10:29,290 [grpc-default-executor-2] INFO  client.GrpcClientProtocolClient (GrpcClientProtocolClient.java:onNext(255)) - client-729EAB8E4297->a9cb8897-0d38-4c59-817a-d67a8ba30c67: receive RaftClientReply:client-729EAB8E4297->a9cb8897-0d38-4c59-817a-d67a8ba30c67@group-A55F67FDC954, cid=826, SUCCESS, logIndex=1094, commits[a9cb8897-0d38-4c59-817a-d67a8ba30c67:c1094, 41e21bac-56c9-465a-a1cc-bc71b3ab473c:c1092, 2bfdf505-3a1f-44eb-9843-3820b2477da1:c1092]
2019-09-05 19:10:29,291 [grpc-default-executor-2] INFO  client.GrpcClientProtocolClient (GrpcClientProtocolClient.java:onNext(255)) - client-729EAB8E4297->a9cb8897-0d38-4c59-817a-d67a8ba30c67: receive RaftClientReply:client-729EAB8E4297->a9cb8897-0d38-4c59-817a-d67a8ba30c67@group-A55F67FDC954, cid=827, SUCCESS, logIndex=1095, commits[a9cb8897-0d38-4c59-817a-d67a8ba30c67:c1096, 41e21bac-56c9-465a-a1cc-bc71b3ab473c:c1092, 2bfdf505-3a1f-44eb-9843-3820b2477da1:c1092]
2019-09-05 19:10:29,291 [grpc-default-executor-2] INFO  client.GrpcClientProtocolClient (GrpcClientProtocolClient.java:onNext(255)) - client-729EAB8E4297->a9cb8897-0d38-4c59-817a-d67a8ba30c67: receive RaftClientReply:client-729EAB8E4297->a9cb8897-0d38-4c59-817a-d67a8ba30c67@group-A55F67FDC954, cid=828, SUCCESS, logIndex=1096, commits[a9cb8897-0d38-4c59-817a-d67a8ba30c67:c1096, 41e21bac-56c9-465a-a1cc-bc71b3ab473c:c1092, 2bfdf505-3a1f-44eb-9843-3820b2477da1:c1092]
2019-09-05 19:10:29,292 [grpc-default-executor-2] INFO  client.GrpcClientProtocolClient (GrpcClientProtocolClient.java:onNext(255)) - client-729EAB8E4297->a9cb8897-0d38-4c59-817a-d67a8ba30c67: receive RaftClientReply:client-729EAB8E4297->a9cb8897-0d38-4c59-817a-d67a8ba30c67@group-A55F67FDC954, cid=829, SUCCESS, logIndex=0, commits[a9cb8897-0d38-4c59-817a-d67a8ba30c67:c1098, 41e21bac-56c9-465a-a1cc-bc71b3ab473c:c1094, 2bfdf505-3a1f-44eb-9843-3820b2477da1:c1094]
2019-09-05 19:10:29,315 [grpc-default-executor-2] INFO  client.GrpcClientProtocolClient (GrpcClientProtocolClient.java:onNext(255)) - client-729EAB8E4297->a9cb8897-0d38-4c59-817a-d67a8ba30c67: receive RaftClientReply:client-729EAB8E4297->a9cb8897-0d38-4c59-817a-d67a8ba30c67@group-A55F67FDC954, cid=830, SUCCESS, logIndex=1101, commits[a9cb8897-0d38-4c59-817a-d67a8ba30c67:c1102, 41e21bac-56c9-465a-a1cc-bc71b3ab473c:c1100, 2bfdf505-3a1f-44eb-9843-3820b2477da1:c1100]
2019-09-05 19:10:29,315 [grpc-default-executor-2] INFO  client.GrpcClientProtocolClient (GrpcClientProtocolClient.java:onNext(255)) - client-729EAB8E4297->a9cb8897-0d38-4c59-817a-d67a8ba30c67: receive RaftClientReply:client-729EAB8E4297->a9cb8897-0d38-4c59-817a-d67a8ba30c67@group-A55F67FDC954, cid=831, SUCCESS, logIndex=1102, commits[a9cb8897-0d38-4c59-817a-d67a8ba30c67:c1102, 41e21bac-56c9-465a-a1cc-bc71b3ab473c:c1100, 2bfdf505-3a1f-44eb-9843-3820b2477da1:c1100]
2019-09-05 19:10:29,339 [grpc-default-executor-2] INFO  client.GrpcClientProtocolClient (GrpcClientProtocolClient.java:onNext(255)) - client-729EAB8E4297->a9cb8897-0d38-4c59-817a-d67a8ba30c67: receive RaftClientReply:client-729EAB8E4297->a9cb8897-0d38-4c59-817a-d67a8ba30c67@group-A55F67FDC954, cid=832, SUCCESS, logIndex=1105, commits[a9cb8897-0d38-4c59-817a-d67a8ba30c67:c1106, 41e21bac-56c9-465a-a1cc-bc71b3ab473c:c1102, 2bfdf505-3a1f-44eb-9843-3820b2477da1:c1102]
2019-09-05 19:10:29,339 [grpc-default-executor-2] INFO  client.GrpcClientProtocolClient (GrpcClientProtocolClient.java:onNext(255)) - client-729EAB8E4297->a9cb8897-0d38-4c59-817a-d67a8ba30c67: receive RaftClientReply:client-729EAB8E4297->a9cb8897-0d38-4c59-817a-d67a8ba30c67@group-A55F67FDC954, cid=833, SUCCESS, logIndex=1106, commits[a9cb8897-0d38-4c59-817a-d67a8ba30c67:c1106, 41e21bac-56c9-465a-a1cc-bc71b3ab473c:c1102, 2bfdf505-3a1f-44eb-9843-3820b2477da1:c1102]
2019-09-05 19:10:29,350 [grpc-default-executor-2] INFO  client.GrpcClientProtocolClient (GrpcClientProtocolClient.java:onNext(255)) - client-729EAB8E4297->a9cb8897-0d38-4c59-817a-d67a8ba30c67: receive RaftClientReply:client-729EAB8E4297->a9cb8897-0d38-4c59-817a-d67a8ba30c67@group-A55F67FDC954, cid=834, SUCCESS, logIndex=0, commits[a9cb8897-0d38-4c59-817a-d67a8ba30c67:c1107, 41e21bac-56c9-465a-a1cc-bc71b3ab473c:c1106, 2bfdf505-3a1f-44eb-9843-3820b2477da1:c1106]
2019-09-05 19:10:29,375 [grpc-default-executor-2] INFO  client.GrpcClientProtocolClient (GrpcClientProtocolClient.java:onNext(255)) - client-729EAB8E4297->a9cb8897-0d38-4c59-817a-d67a8ba30c67: receive RaftClientReply:client-729EAB8E4297->a9cb8897-0d38-4c59-817a-d67a8ba30c67@group-A55F67FDC954, cid=835, SUCCESS, logIndex=1109, commits[a9cb8897-0d38-4c59-817a-d67a8ba30c67:c1112, 41e21bac-56c9-465a-a1cc-bc71b3ab473c:c1108, 2bfdf505-3a1f-44eb-9843-3820b2477da1:c1108]
2019-09-05 19:10:29,376 [grpc-default-executor-2] INFO  client.GrpcClientProtocolClient (GrpcClientProtocolClient.java:onNext(255)) - client-729EAB8E4297->a9cb8897-0d38-4c59-817a-d67a8ba30c67: receive RaftClientReply:client-729EAB8E4297->a9cb8897-0d38-4c59-817a-d67a8ba30c67@group-A55F67FDC954, cid=836, SUCCESS, logIndex=1110, commits[a9cb8897-0d38-4c59-817a-d67a8ba30c67:c1112, 41e21bac-56c9-465a-a1cc-bc71b3ab473c:c1108, 2bfdf505-3a1f-44eb-9843-3820b2477da1:c1108]
2019-09-05 19:10:29,376 [grpc-default-executor-2] INFO  client.GrpcClientProtocolClient (GrpcClientProtocolClient.java:onNext(255)) - client-729EAB8E4297->a9cb8897-0d38-4c59-817a-d67a8ba30c67: receive RaftClientReply:client-729EAB8E4297->a9cb8897-0d38-4c59-817a-d67a8ba30c67@group-A55F67FDC954, cid=837, SUCCESS, logIndex=1111, commits[a9cb8897-0d38-4c59-817a-d67a8ba30c67:c1112, 41e21bac-56c9-465a-a1cc-bc71b3ab473c:c1108, 2bfdf505-3a1f-44eb-9843-3820b2477da1:c1108]
2019-09-05 19:10:29,376 [grpc-default-executor-2] INFO  client.GrpcClientProtocolClient (GrpcClientProtocolClient.java:onNext(255)) - client-729EAB8E4297->a9cb8897-0d38-4c59-817a-d67a8ba30c67: receive RaftClientReply:client-729EAB8E4297->a9cb8897-0d38-4c59-817a-d67a8ba30c67@group-A55F67FDC954, cid=838, SUCCESS, logIndex=1112, commits[a9cb8897-0d38-4c59-817a-d67a8ba30c67:c1112, 41e21bac-56c9-465a-a1cc-bc71b3ab473c:c1108, 2bfdf505-3a1f-44eb-9843-3820b2477da1:c1108]
2019-09-05 19:10:29,388 [grpc-default-executor-1] INFO  client.GrpcClientProtocolClient (GrpcClientProtocolClient.java:onNext(255)) - client-729EAB8E4297->a9cb8897-0d38-4c59-817a-d67a8ba30c67: receive RaftClientReply:client-729EAB8E4297->a9cb8897-0d38-4c59-817a-d67a8ba30c67@group-A55F67FDC954, cid=839, SUCCESS, logIndex=0, commits[a9cb8897-0d38-4c59-817a-d67a8ba30c67:c1113, 41e21bac-56c9-465a-a1cc-bc71b3ab473c:c1110, 2bfdf505-3a1f-44eb-9843-3820b2477da1:c1110]
2019-09-05 19:10:29,401 [grpc-default-executor-3] INFO  client.GrpcClientProtocolClient (GrpcClientProtocolClient.java:onNext(255)) - client-729EAB8E4297->a9cb8897-0d38-4c59-817a-d67a8ba30c67: receive RaftClientReply:client-729EAB8E4297->a9cb8897-0d38-4c59-817a-d67a8ba30c67@group-A55F67FDC954, cid=840, SUCCESS, logIndex=1117, commits[a9cb8897-0d38-4c59-817a-d67a8ba30c67:c1118, 41e21bac-56c9-465a-a1cc-bc71b3ab473c:c1112, 2bfdf505-3a1f-44eb-9843-3820b2477da1:c1116]
2019-09-05 19:10:29,402 [grpc-default-executor-3] INFO  client.GrpcClientProtocolClient (GrpcClientProtocolClient.java:onNext(255)) - client-729EAB8E4297->a9cb8897-0d38-4c59-817a-d67a8ba30c67: receive RaftClientReply:client-729EAB8E4297->a9cb8897-0d38-4c59-817a-d67a8ba30c67@group-A55F67FDC954, cid=841, SUCCESS, logIndex=1118, commits[a9cb8897-0d38-4c59-817a-d67a8ba30c67:c1118, 41e21bac-56c9-465a-a1cc-bc71b3ab473c:c1116, 2bfdf505-3a1f-44eb-9843-3820b2477da1:c1116]
2019-09-05 19:10:29,513 [grpc-default-executor-2] INFO  client.GrpcClientProtocolClient (GrpcClientProtocolClient.java:onNext(255)) - client-729EAB8E4297->a9cb8897-0d38-4c59-817a-d67a8ba30c67: receive RaftClientReply:client-729EAB8E4297->a9cb8897-0d38-4c59-817a-d67a8ba30c67@group-A55F67FDC954, cid=842, SUCCESS, logIndex=1121, commits[a9cb8897-0d38-4c59-817a-d67a8ba30c67:c1122, 41e21bac-56c9-465a-a1cc-bc71b3ab473c:c1120, 2bfdf505-3a1f-44eb-9843-3820b2477da1:c1120]
2019-09-05 19:10:29,513 [grpc-default-executor-2] INFO  client.GrpcClientProtocolClient (GrpcClientProtocolClient.java:onNext(255)) - client-729EAB8E4297->a9cb8897-0d38-4c59-817a-d67a8ba30c67: receive RaftClientReply:client-729EAB8E4297->a9cb8897-0d38-4c59-817a-d67a8ba30c67@group-A55F67FDC954, cid=843, SUCCESS, logIndex=1122, commits[a9cb8897-0d38-4c59-817a-d67a8ba30c67:c1122, 41e21bac-56c9-465a-a1cc-bc71b3ab473c:c1120, 2bfdf505-3a1f-44eb-9843-3820b2477da1:c1120]
2019-09-05 19:10:29,526 [grpc-default-executor-2] INFO  client.GrpcClientProtocolClient (GrpcClientProtocolClient.java:onNext(255)) - client-729EAB8E4297->a9cb8897-0d38-4c59-817a-d67a8ba30c67: receive RaftClientReply:client-729EAB8E4297->a9cb8897-0d38-4c59-817a-d67a8ba30c67@group-A55F67FDC954, cid=844, SUCCESS, logIndex=0, commits[a9cb8897-0d38-4c59-817a-d67a8ba30c67:c1124, 41e21bac-56c9-465a-a1cc-bc71b3ab473c:c1122, 2bfdf505-3a1f-44eb-9843-3820b2477da1:c1122]
2019-09-05 19:10:29,551 [grpc-default-executor-2] INFO  client.GrpcClientProtocolClient (GrpcClientProtocolClient.java:onNext(255)) - client-729EAB8E4297->a9cb8897-0d38-4c59-817a-d67a8ba30c67: receive RaftClientReply:client-729EAB8E4297->a9cb8897-0d38-4c59-817a-d67a8ba30c67@group-A55F67FDC954, cid=845, SUCCESS, logIndex=1125, commits[a9cb8897-0d38-4c59-817a-d67a8ba30c67:c1128, 41e21bac-56c9-465a-a1cc-bc71b3ab473c:c1124, 2bfdf505-3a1f-44eb-9843-3820b2477da1:c1124]
2019-09-05 19:10:29,551 [grpc-default-executor-2] INFO  client.GrpcClientProtocolClient (GrpcClientProtocolClient.java:onNext(255)) - client-729EAB8E4297->a9cb8897-0d38-4c59-817a-d67a8ba30c67: receive RaftClientReply:client-729EAB8E4297->a9cb8897-0d38-4c59-817a-d67a8ba30c67@group-A55F67FDC954, cid=846, SUCCESS, logIndex=1126, commits[a9cb8897-0d38-4c59-817a-d67a8ba30c67:c1128, 41e21bac-56c9-465a-a1cc-bc71b3ab473c:c1124, 2bfdf505-3a1f-44eb-9843-3820b2477da1:c1124]
2019-09-05 19:10:29,552 [grpc-default-executor-2] INFO  client.GrpcClientProtocolClient (GrpcClientProtocolClient.java:onNext(255)) - client-729EAB8E4297->a9cb8897-0d38-4c59-817a-d67a8ba30c67: receive RaftClientReply:client-729EAB8E4297->a9cb8897-0d38-4c59-817a-d67a8ba30c67@group-A55F67FDC954, cid=847, SUCCESS, logIndex=1127, commits[a9cb8897-0d38-4c59-817a-d67a8ba30c67:c1128, 41e21bac-56c9-465a-a1cc-bc71b3ab473c:c1124, 2bfdf505-3a1f-44eb-9843-3820b2477da1:c1124]
2019-09-05 19:10:29,552 [grpc-default-executor-2] INFO  client.GrpcClientProtocolClient (GrpcClientProtocolClient.java:onNext(255)) - client-729EAB8E4297->a9cb8897-0d38-4c59-817a-d67a8ba30c67: receive RaftClientReply:client-729EAB8E4297->a9cb8897-0d38-4c59-817a-d67a8ba30c67@group-A55F67FDC954, cid=848, SUCCESS, logIndex=1128, commits[a9cb8897-0d38-4c59-817a-d67a8ba30c67:c1128, 41e21bac-56c9-465a-a1cc-bc71b3ab473c:c1124, 2bfdf505-3a1f-44eb-9843-3820b2477da1:c1124]
2019-09-05 19:10:29,563 [grpc-default-executor-2] INFO  client.GrpcClientProtocolClient (GrpcClientProtocolClient.java:onNext(255)) - client-729EAB8E4297->a9cb8897-0d38-4c59-817a-d67a8ba30c67: receive RaftClientReply:client-729EAB8E4297->a9cb8897-0d38-4c59-817a-d67a8ba30c67@group-A55F67FDC954, cid=849, SUCCESS, logIndex=0, commits[a9cb8897-0d38-4c59-817a-d67a8ba30c67:c1132, 41e21bac-56c9-465a-a1cc-bc71b3ab473c:c1126, 2bfdf505-3a1f-44eb-9843-3820b2477da1:c1128]
2019-09-05 19:10:29,583 [grpc-default-executor-2] INFO  client.GrpcClientProtocolClient (GrpcClientProtocolClient.java:onNext(255)) - client-729EAB8E4297->a9cb8897-0d38-4c59-817a-d67a8ba30c67: receive RaftClientReply:client-729EAB8E4297->a9cb8897-0d38-4c59-817a-d67a8ba30c67@group-A55F67FDC954, cid=850, SUCCESS, logIndex=1133, commits[a9cb8897-0d38-4c59-817a-d67a8ba30c67:c1134, 41e21bac-56c9-465a-a1cc-bc71b3ab473c:c1132, 2bfdf505-3a1f-44eb-9843-3820b2477da1:c1132]
2019-09-05 19:10:29,584 [grpc-default-executor-2] INFO  client.GrpcClientProtocolClient (GrpcClientProtocolClient.java:onNext(255)) - client-729EAB8E4297->a9cb8897-0d38-4c59-817a-d67a8ba30c67: receive RaftClientReply:client-729EAB8E4297->a9cb8897-0d38-4c59-817a-d67a8ba30c67@group-A55F67FDC954, cid=851, SUCCESS, logIndex=1134, commits[a9cb8897-0d38-4c59-817a-d67a8ba30c67:c1134, 41e21bac-56c9-465a-a1cc-bc71b3ab473c:c1132, 2bfdf505-3a1f-44eb-9843-3820b2477da1:c1132]
2019-09-05 19:10:29,597 [grpc-default-executor-2] INFO  client.GrpcClientProtocolClient (GrpcClientProtocolClient.java:onNext(255)) - client-729EAB8E4297->a9cb8897-0d38-4c59-817a-d67a8ba30c67: receive RaftClientReply:client-729EAB8E4297->a9cb8897-0d38-4c59-817a-d67a8ba30c67@group-A55F67FDC954, cid=852, SUCCESS, logIndex=1137, commits[a9cb8897-0d38-4c59-817a-d67a8ba30c67:c1138, 41e21bac-56c9-465a-a1cc-bc71b3ab473c:c1134, 2bfdf505-3a1f-44eb-9843-3820b2477da1:c1134]
2019-09-05 19:10:29,597 [grpc-default-executor-2] INFO  client.GrpcClientProtocolClient (GrpcClientProtocolClient.java:onNext(255)) - client-729EAB8E4297->a9cb8897-0d38-4c59-817a-d67a8ba30c67: receive RaftClientReply:client-729EAB8E4297->a9cb8897-0d38-4c59-817a-d67a8ba30c67@group-A55F67FDC954, cid=853, SUCCESS, logIndex=1138, commits[a9cb8897-0d38-4c59-817a-d67a8ba30c67:c1138, 41e21bac-56c9-465a-a1cc-bc71b3ab473c:c1134, 2bfdf505-3a1f-44eb-9843-3820b2477da1:c1134]
2019-09-05 19:10:29,610 [grpc-default-executor-2] INFO  client.GrpcClientProtocolClient (GrpcClientProtocolClient.java:onNext(255)) - client-729EAB8E4297->a9cb8897-0d38-4c59-817a-d67a8ba30c67: receive RaftClientReply:client-729EAB8E4297->a9cb8897-0d38-4c59-817a-d67a8ba30c67@group-A55F67FDC954, cid=854, SUCCESS, logIndex=0, commits[a9cb8897-0d38-4c59-817a-d67a8ba30c67:c1140, 41e21bac-56c9-465a-a1cc-bc71b3ab473c:c1138, 2bfdf505-3a1f-44eb-9843-3820b2477da1:c1138]
2019-09-05 19:10:29,632 [grpc-default-executor-3] INFO  client.GrpcClientProtocolClient (GrpcClientProtocolClient.java:onNext(255)) - client-729EAB8E4297->a9cb8897-0d38-4c59-817a-d67a8ba30c67: receive RaftClientReply:client-729EAB8E4297->a9cb8897-0d38-4c59-817a-d67a8ba30c67@group-A55F67FDC954, cid=855, SUCCESS, logIndex=1141, commits[a9cb8897-0d38-4c59-817a-d67a8ba30c67:c1144, 41e21bac-56c9-465a-a1cc-bc71b3ab473c:c1140, 2bfdf505-3a1f-44eb-9843-3820b2477da1:c1140]
2019-09-05 19:10:29,634 [grpc-default-executor-3] INFO  client.GrpcClientProtocolClient (GrpcClientProtocolClient.java:onNext(255)) - client-729EAB8E4297->a9cb8897-0d38-4c59-817a-d67a8ba30c67: receive RaftClientReply:client-729EAB8E4297->a9cb8897-0d38-4c59-817a-d67a8ba30c67@group-A55F67FDC954, cid=856, SUCCESS, logIndex=1142, commits[a9cb8897-0d38-4c59-817a-d67a8ba30c67:c1144, 41e21bac-56c9-465a-a1cc-bc71b3ab473c:c1140, 2bfdf505-3a1f-44eb-9843-3820b2477da1:c1140]
2019-09-05 19:10:29,634 [grpc-default-executor-3] INFO  client.GrpcClientProtocolClient (GrpcClientProtocolClient.java:onNext(255)) - client-729EAB8E4297->a9cb8897-0d38-4c59-817a-d67a8ba30c67: receive RaftClientReply:client-729EAB8E4297->a9cb8897-0d38-4c59-817a-d67a8ba30c67@group-A55F67FDC954, cid=857, SUCCESS, logIndex=1143, commits[a9cb8897-0d38-4c59-817a-d67a8ba30c67:c1144, 41e21bac-56c9-465a-a1cc-bc71b3ab473c:c1140, 2bfdf505-3a1f-44eb-9843-3820b2477da1:c1140]
2019-09-05 19:10:29,634 [grpc-default-executor-3] INFO  client.GrpcClientProtocolClient (GrpcClientProtocolClient.java:onNext(255)) - client-729EAB8E4297->a9cb8897-0d38-4c59-817a-d67a8ba30c67: receive RaftClientReply:client-729EAB8E4297->a9cb8897-0d38-4c59-817a-d67a8ba30c67@group-A55F67FDC954, cid=858, SUCCESS, logIndex=1144, commits[a9cb8897-0d38-4c59-817a-d67a8ba30c67:c1144, 41e21bac-56c9-465a-a1cc-bc71b3ab473c:c1140, 2bfdf505-3a1f-44eb-9843-3820b2477da1:c1140]
2019-09-05 19:10:29,644 [grpc-default-executor-1] INFO  client.GrpcClientProtocolClient (GrpcClientProtocolClient.java:onNext(255)) - client-729EAB8E4297->a9cb8897-0d38-4c59-817a-d67a8ba30c67: receive RaftClientReply:client-729EAB8E4297->a9cb8897-0d38-4c59-817a-d67a8ba30c67@group-A55F67FDC954, cid=859, SUCCESS, logIndex=0, commits[a9cb8897-0d38-4c59-817a-d67a8ba30c67:c1146, 41e21bac-56c9-465a-a1cc-bc71b3ab473c:c1144, 2bfdf505-3a1f-44eb-9843-3820b2477da1:c1144]
2019-09-05 19:10:29,664 [grpc-default-executor-1] INFO  client.GrpcClientProtocolClient (GrpcClientProtocolClient.java:onNext(255)) - client-729EAB8E4297->a9cb8897-0d38-4c59-817a-d67a8ba30c67: receive RaftClientReply:client-729EAB8E4297->a9cb8897-0d38-4c59-817a-d67a8ba30c67@group-A55F67FDC954, cid=860, SUCCESS, logIndex=1147, commits[a9cb8897-0d38-4c59-817a-d67a8ba30c67:c1148, 41e21bac-56c9-465a-a1cc-bc71b3ab473c:c1146, 2bfdf505-3a1f-44eb-9843-3820b2477da1:c1146]
2019-09-05 19:10:29,664 [grpc-default-executor-1] INFO  client.GrpcClientProtocolClient (GrpcClientProtocolClient.java:onNext(255)) - client-729EAB8E4297->a9cb8897-0d38-4c59-817a-d67a8ba30c67: receive RaftClientReply:client-729EAB8E4297->a9cb8897-0d38-4c59-817a-d67a8ba30c67@group-A55F67FDC954, cid=861, SUCCESS, logIndex=1148, commits[a9cb8897-0d38-4c59-817a-d67a8ba30c67:c1148, 41e21bac-56c9-465a-a1cc-bc71b3ab473c:c1146, 2bfdf505-3a1f-44eb-9843-3820b2477da1:c1146]
2019-09-05 19:10:29,677 [grpc-default-executor-3] INFO  client.GrpcClientProtocolClient (GrpcClientProtocolClient.java:onNext(255)) - client-729EAB8E4297->a9cb8897-0d38-4c59-817a-d67a8ba30c67: receive RaftClientReply:client-729EAB8E4297->a9cb8897-0d38-4c59-817a-d67a8ba30c67@group-A55F67FDC954, cid=862, SUCCESS, logIndex=1151, commits[a9cb8897-0d38-4c59-817a-d67a8ba30c67:c1152, 41e21bac-56c9-465a-a1cc-bc71b3ab473c:c1148, 2bfdf505-3a1f-44eb-9843-3820b2477da1:c1148]
2019-09-05 19:10:29,678 [grpc-default-executor-3] INFO  client.GrpcClientProtocolClient (GrpcClientProtocolClient.java:onNext(255)) - client-729EAB8E4297->a9cb8897-0d38-4c59-817a-d67a8ba30c67: receive RaftClientReply:client-729EAB8E4297->a9cb8897-0d38-4c59-817a-d67a8ba30c67@group-A55F67FDC954, cid=863, SUCCESS, logIndex=1152, commits[a9cb8897-0d38-4c59-817a-d67a8ba30c67:c1152, 41e21bac-56c9-465a-a1cc-bc71b3ab473c:c1148, 2bfdf505-3a1f-44eb-9843-3820b2477da1:c1148]
2019-09-05 19:10:29,680 [grpc-default-executor-3] INFO  client.GrpcClientProtocolClient (GrpcClientProtocolClient.java:onNext(255)) - client-729EAB8E4297->a9cb8897-0d38-4c59-817a-d67a8ba30c67: receive RaftClientReply:client-729EAB8E4297->a9cb8897-0d38-4c59-817a-d67a8ba30c67@group-A55F67FDC954, cid=864, SUCCESS, logIndex=0, commits[a9cb8897-0d38-4c59-817a-d67a8ba30c67:c1153, 41e21bac-56c9-465a-a1cc-bc71b3ab473c:c1152, 2bfdf505-3a1f-44eb-9843-3820b2477da1:c1152]
2019-09-05 19:10:29,694 [grpc-default-executor-1] INFO  client.GrpcClientProtocolClient (GrpcClientProtocolClient.java:onNext(255)) - client-729EAB8E4297->a9cb8897-0d38-4c59-817a-d67a8ba30c67: receive RaftClientReply:client-729EAB8E4297->a9cb8897-0d38-4c59-817a-d67a8ba30c67@group-A55F67FDC954, cid=865, SUCCESS, logIndex=1155, commits[a9cb8897-0d38-4c59-817a-d67a8ba30c67:c1156, 41e21bac-56c9-465a-a1cc-bc71b3ab473c:c1154, 2bfdf505-3a1f-44eb-9843-3820b2477da1:c1154]
2019-09-05 19:10:29,695 [grpc-default-executor-1] INFO  client.GrpcClientProtocolClient (GrpcClientProtocolClient.java:onNext(255)) - client-729EAB8E4297->a9cb8897-0d38-4c59-817a-d67a8ba30c67: receive RaftClientReply:client-729EAB8E4297->a9cb8897-0d38-4c59-817a-d67a8ba30c67@group-A55F67FDC954, cid=866, SUCCESS, logIndex=1156, commits[a9cb8897-0d38-4c59-817a-d67a8ba30c67:c1156, 41e21bac-56c9-465a-a1cc-bc71b3ab473c:c1154, 2bfdf505-3a1f-44eb-9843-3820b2477da1:c1154]
2019-09-05 19:10:29,698 [grpc-default-executor-1] INFO  client.GrpcClientProtocolClient (GrpcClientProtocolClient.java:onNext(255)) - client-729EAB8E4297->a9cb8897-0d38-4c59-817a-d67a8ba30c67: receive RaftClientReply:client-729EAB8E4297->a9cb8897-0d38-4c59-817a-d67a8ba30c67@group-A55F67FDC954, cid=867, SUCCESS, logIndex=1157, commits[a9cb8897-0d38-4c59-817a-d67a8ba30c67:c1159, 41e21bac-56c9-465a-a1cc-bc71b3ab473c:c1154, 2bfdf505-3a1f-44eb-9843-3820b2477da1:c1156]
2019-09-05 19:10:29,698 [grpc-default-executor-1] INFO  client.GrpcClientProtocolClient (GrpcClientProtocolClient.java:onNext(255)) - client-729EAB8E4297->a9cb8897-0d38-4c59-817a-d67a8ba30c67: receive RaftClientReply:client-729EAB8E4297->a9cb8897-0d38-4c59-817a-d67a8ba30c67@group-A55F67FDC954, cid=868, SUCCESS, logIndex=1158, commits[a9cb8897-0d38-4c59-817a-d67a8ba30c67:c1160, 41e21bac-56c9-465a-a1cc-bc71b3ab473c:c1154, 2bfdf505-3a1f-44eb-9843-3820b2477da1:c1156]
2019-09-05 19:10:29,699 [grpc-default-executor-3] INFO  client.GrpcClientProtocolClient (GrpcClientProtocolClient.java:onNext(255)) - client-729EAB8E4297->a9cb8897-0d38-4c59-817a-d67a8ba30c67: receive RaftClientReply:client-729EAB8E4297->a9cb8897-0d38-4c59-817a-d67a8ba30c67@group-A55F67FDC954, cid=869, SUCCESS, logIndex=0, commits[a9cb8897-0d38-4c59-817a-d67a8ba30c67:c1161, 41e21bac-56c9-465a-a1cc-bc71b3ab473c:c1156, 2bfdf505-3a1f-44eb-9843-3820b2477da1:c1157]
2019-09-05 19:10:29,712 [grpc-default-executor-3] INFO  client.GrpcClientProtocolClient (GrpcClientProtocolClient.java:onNext(255)) - client-729EAB8E4297->a9cb8897-0d38-4c59-817a-d67a8ba30c67: receive RaftClientReply:client-729EAB8E4297->a9cb8897-0d38-4c59-817a-d67a8ba30c67@group-A55F67FDC954, cid=870, SUCCESS, logIndex=1163, commits[a9cb8897-0d38-4c59-817a-d67a8ba30c67:c1164, 41e21bac-56c9-465a-a1cc-bc71b3ab473c:c1162, 2bfdf505-3a1f-44eb-9843-3820b2477da1:c1158]
2019-09-05 19:10:29,712 [grpc-default-executor-3] INFO  client.GrpcClientProtocolClient (GrpcClientProtocolClient.java:onNext(255)) - client-729EAB8E4297->a9cb8897-0d38-4c59-817a-d67a8ba30c67: receive RaftClientReply:client-729EAB8E4297->a9cb8897-0d38-4c59-817a-d67a8ba30c67@group-A55F67FDC954, cid=871, SUCCESS, logIndex=1164, commits[a9cb8897-0d38-4c59-817a-d67a8ba30c67:c1164, 41e21bac-56c9-465a-a1cc-bc71b3ab473c:c1162, 2bfdf505-3a1f-44eb-9843-3820b2477da1:c1162]
2019-09-05 19:10:29,759 [grpc-default-executor-3] INFO  client.GrpcClientProtocolClient (GrpcClientProtocolClient.java:onNext(255)) - client-729EAB8E4297->a9cb8897-0d38-4c59-817a-d67a8ba30c67: receive RaftClientReply:client-729EAB8E4297->a9cb8897-0d38-4c59-817a-d67a8ba30c67@group-A55F67FDC954, cid=872, SUCCESS, logIndex=1167, commits[a9cb8897-0d38-4c59-817a-d67a8ba30c67:c1168, 41e21bac-56c9-465a-a1cc-bc71b3ab473c:c1166, 2bfdf505-3a1f-44eb-9843-3820b2477da1:c1166]
2019-09-05 19:10:29,760 [grpc-default-executor-3] INFO  client.GrpcClientProtocolClient (GrpcClientProtocolClient.java:onNext(255)) - client-729EAB8E4297->a9cb8897-0d38-4c59-817a-d67a8ba30c67: receive RaftClientReply:client-729EAB8E4297->a9cb8897-0d38-4c59-817a-d67a8ba30c67@group-A55F67FDC954, cid=873, SUCCESS, logIndex=1168, commits[a9cb8897-0d38-4c59-817a-d67a8ba30c67:c1168, 41e21bac-56c9-465a-a1cc-bc71b3ab473c:c1166, 2bfdf505-3a1f-44eb-9843-3820b2477da1:c1166]
2019-09-05 19:10:29,777 [grpc-default-executor-3] INFO  client.GrpcClientProtocolClient (GrpcClientProtocolClient.java:onNext(255)) - client-729EAB8E4297->a9cb8897-0d38-4c59-817a-d67a8ba30c67: receive RaftClientReply:client-729EAB8E4297->a9cb8897-0d38-4c59-817a-d67a8ba30c67@group-A55F67FDC954, cid=874, SUCCESS, logIndex=0, commits[a9cb8897-0d38-4c59-817a-d67a8ba30c67:c1169, 41e21bac-56c9-465a-a1cc-bc71b3ab473c:c1168, 2bfdf505-3a1f-44eb-9843-3820b2477da1:c1168]
2019-09-05 19:10:29,798 [grpc-default-executor-3] INFO  client.GrpcClientProtocolClient (GrpcClientProtocolClient.java:onNext(255)) - client-729EAB8E4297->a9cb8897-0d38-4c59-817a-d67a8ba30c67: receive RaftClientReply:client-729EAB8E4297->a9cb8897-0d38-4c59-817a-d67a8ba30c67@group-A55F67FDC954, cid=875, SUCCESS, logIndex=1171, commits[a9cb8897-0d38-4c59-817a-d67a8ba30c67:c1172, 41e21bac-56c9-465a-a1cc-bc71b3ab473c:c1170, 2bfdf505-3a1f-44eb-9843-3820b2477da1:c1170]
2019-09-05 19:10:29,799 [grpc-default-executor-0] INFO  client.GrpcClientProtocolClient (GrpcClientProtocolClient.java:onNext(255)) - client-729EAB8E4297->a9cb8897-0d38-4c59-817a-d67a8ba30c67: receive RaftClientReply:client-729EAB8E4297->a9cb8897-0d38-4c59-817a-d67a8ba30c67@group-A55F67FDC954, cid=876, SUCCESS, logIndex=1172, commits[a9cb8897-0d38-4c59-817a-d67a8ba30c67:c1172, 41e21bac-56c9-465a-a1cc-bc71b3ab473c:c1170, 2bfdf505-3a1f-44eb-9843-3820b2477da1:c1170]
2019-09-05 19:10:29,799 [grpc-default-executor-0] INFO  client.GrpcClientProtocolClient (GrpcClientProtocolClient.java:onNext(255)) - client-729EAB8E4297->a9cb8897-0d38-4c59-817a-d67a8ba30c67: receive RaftClientReply:client-729EAB8E4297->a9cb8897-0d38-4c59-817a-d67a8ba30c67@group-A55F67FDC954, cid=877, SUCCESS, logIndex=1173, commits[a9cb8897-0d38-4c59-817a-d67a8ba30c67:c1174, 41e21bac-56c9-465a-a1cc-bc71b3ab473c:c1170, 2bfdf505-3a1f-44eb-9843-3820b2477da1:c1170]
2019-09-05 19:10:29,800 [grpc-default-executor-3] INFO  client.GrpcClientProtocolClient (GrpcClientProtocolClient.java:onNext(255)) - client-729EAB8E4297->a9cb8897-0d38-4c59-817a-d67a8ba30c67: receive RaftClientReply:client-729EAB8E4297->a9cb8897-0d38-4c59-817a-d67a8ba30c67@group-A55F67FDC954, cid=878, SUCCESS, logIndex=1174, commits[a9cb8897-0d38-4c59-817a-d67a8ba30c67:c1174, 41e21bac-56c9-465a-a1cc-bc71b3ab473c:c1170, 2bfdf505-3a1f-44eb-9843-3820b2477da1:c1170]
2019-09-05 19:10:29,801 [grpc-default-executor-0] INFO  client.GrpcClientProtocolClient (GrpcClientProtocolClient.java:onNext(255)) - client-729EAB8E4297->a9cb8897-0d38-4c59-817a-d67a8ba30c67: receive RaftClientReply:client-729EAB8E4297->a9cb8897-0d38-4c59-817a-d67a8ba30c67@group-A55F67FDC954, cid=879, SUCCESS, logIndex=0, commits[a9cb8897-0d38-4c59-817a-d67a8ba30c67:c1176, 41e21bac-56c9-465a-a1cc-bc71b3ab473c:c1172, 2bfdf505-3a1f-44eb-9843-3820b2477da1:c1172]
2019-09-05 19:10:29,821 [grpc-default-executor-1] INFO  client.GrpcClientProtocolClient (GrpcClientProtocolClient.java:onNext(255)) - client-729EAB8E4297->a9cb8897-0d38-4c59-817a-d67a8ba30c67: receive RaftClientReply:client-729EAB8E4297->a9cb8897-0d38-4c59-817a-d67a8ba30c67@group-A55F67FDC954, cid=880, SUCCESS, logIndex=1179, commits[a9cb8897-0d38-4c59-817a-d67a8ba30c67:c1180, 41e21bac-56c9-465a-a1cc-bc71b3ab473c:c1178, 2bfdf505-3a1f-44eb-9843-3820b2477da1:c1178]
2019-09-05 19:10:29,821 [grpc-default-executor-1] INFO  client.GrpcClientProtocolClient (GrpcClientProtocolClient.java:onNext(255)) - client-729EAB8E4297->a9cb8897-0d38-4c59-817a-d67a8ba30c67: receive RaftClientReply:client-729EAB8E4297->a9cb8897-0d38-4c59-817a-d67a8ba30c67@group-A55F67FDC954, cid=881, SUCCESS, logIndex=1180, commits[a9cb8897-0d38-4c59-817a-d67a8ba30c67:c1180, 41e21bac-56c9-465a-a1cc-bc71b3ab473c:c1178, 2bfdf505-3a1f-44eb-9843-3820b2477da1:c1178]
2019-09-05 19:10:29,834 [grpc-default-executor-0] INFO  client.GrpcClientProtocolClient (GrpcClientProtocolClient.java:onNext(255)) - client-729EAB8E4297->a9cb8897-0d38-4c59-817a-d67a8ba30c67: receive RaftClientReply:client-729EAB8E4297->a9cb8897-0d38-4c59-817a-d67a8ba30c67@group-A55F67FDC954, cid=882, SUCCESS, logIndex=1183, commits[a9cb8897-0d38-4c59-817a-d67a8ba30c67:c1184, 41e21bac-56c9-465a-a1cc-bc71b3ab473c:c1180, 2bfdf505-3a1f-44eb-9843-3820b2477da1:c1180]
2019-09-05 19:10:29,835 [grpc-default-executor-0] INFO  client.GrpcClientProtocolClient (GrpcClientProtocolClient.java:onNext(255)) - client-729EAB8E4297->a9cb8897-0d38-4c59-817a-d67a8ba30c67: receive RaftClientReply:client-729EAB8E4297->a9cb8897-0d38-4c59-817a-d67a8ba30c67@group-A55F67FDC954, cid=883, SUCCESS, logIndex=1184, commits[a9cb8897-0d38-4c59-817a-d67a8ba30c67:c1184, 41e21bac-56c9-465a-a1cc-bc71b3ab473c:c1180, 2bfdf505-3a1f-44eb-9843-3820b2477da1:c1180]
2019-09-05 19:10:29,847 [grpc-default-executor-0] INFO  client.GrpcClientProtocolClient (GrpcClientProtocolClient.java:onNext(255)) - client-729EAB8E4297->a9cb8897-0d38-4c59-817a-d67a8ba30c67: receive RaftClientReply:client-729EAB8E4297->a9cb8897-0d38-4c59-817a-d67a8ba30c67@group-A55F67FDC954, cid=884, SUCCESS, logIndex=0, commits[a9cb8897-0d38-4c59-817a-d67a8ba30c67:c1186, 41e21bac-56c9-465a-a1cc-bc71b3ab473c:c1184, 2bfdf505-3a1f-44eb-9843-3820b2477da1:c1184]
2019-09-05 19:10:29,866 [grpc-default-executor-3] INFO  client.GrpcClientProtocolClient (GrpcClientProtocolClient.java:onNext(255)) - client-729EAB8E4297->a9cb8897-0d38-4c59-817a-d67a8ba30c67: receive RaftClientReply:client-729EAB8E4297->a9cb8897-0d38-4c59-817a-d67a8ba30c67@group-A55F67FDC954, cid=885, SUCCESS, logIndex=1187, commits[a9cb8897-0d38-4c59-817a-d67a8ba30c67:c1188, 41e21bac-56c9-465a-a1cc-bc71b3ab473c:c1186, 2bfdf505-3a1f-44eb-9843-3820b2477da1:c1186]
2019-09-05 19:10:29,867 [grpc-default-executor-1] INFO  client.GrpcClientProtocolClient (GrpcClientProtocolClient.java:onNext(255)) - client-729EAB8E4297->a9cb8897-0d38-4c59-817a-d67a8ba30c67: receive RaftClientReply:client-729EAB8E4297->a9cb8897-0d38-4c59-817a-d67a8ba30c67@group-A55F67FDC954, cid=886, SUCCESS, logIndex=1188, commits[a9cb8897-0d38-4c59-817a-d67a8ba30c67:c1188, 41e21bac-56c9-465a-a1cc-bc71b3ab473c:c1186, 2bfdf505-3a1f-44eb-9843-3820b2477da1:c1186]
2019-09-05 19:10:29,868 [grpc-default-executor-1] INFO  client.GrpcClientProtocolClient (GrpcClientProtocolClient.java:onNext(255)) - client-729EAB8E4297->a9cb8897-0d38-4c59-817a-d67a8ba30c67: receive RaftClientReply:client-729EAB8E4297->a9cb8897-0d38-4c59-817a-d67a8ba30c67@group-A55F67FDC954, cid=887, SUCCESS, logIndex=1189, commits[a9cb8897-0d38-4c59-817a-d67a8ba30c67:c1190, 41e21bac-56c9-465a-a1cc-bc71b3ab473c:c1186, 2bfdf505-3a1f-44eb-9843-3820b2477da1:c1186]
2019-09-05 19:10:29,868 [grpc-default-executor-1] INFO  client.GrpcClientProtocolClient (GrpcClientProtocolClient.java:onNext(255)) - client-729EAB8E4297->a9cb8897-0d38-4c59-817a-d67a8ba30c67: receive RaftClientReply:client-729EAB8E4297->a9cb8897-0d38-4c59-817a-d67a8ba30c67@group-A55F67FDC954, cid=888, SUCCESS, logIndex=1190, commits[a9cb8897-0d38-4c59-817a-d67a8ba30c67:c1190, 41e21bac-56c9-465a-a1cc-bc71b3ab473c:c1186, 2bfdf505-3a1f-44eb-9843-3820b2477da1:c1186]
2019-09-05 19:10:29,869 [grpc-default-executor-1] INFO  client.GrpcClientProtocolClient (GrpcClientProtocolClient.java:onNext(255)) - client-729EAB8E4297->a9cb8897-0d38-4c59-817a-d67a8ba30c67: receive RaftClientReply:client-729EAB8E4297->a9cb8897-0d38-4c59-817a-d67a8ba30c67@group-A55F67FDC954, cid=889, SUCCESS, logIndex=0, commits[a9cb8897-0d38-4c59-817a-d67a8ba30c67:c1192, 41e21bac-56c9-465a-a1cc-bc71b3ab473c:c1188, 2bfdf505-3a1f-44eb-9843-3820b2477da1:c1188]
2019-09-05 19:10:29,888 [grpc-default-executor-3] INFO  client.GrpcClientProtocolClient (GrpcClientProtocolClient.java:onNext(255)) - client-729EAB8E4297->a9cb8897-0d38-4c59-817a-d67a8ba30c67: receive RaftClientReply:client-729EAB8E4297->a9cb8897-0d38-4c59-817a-d67a8ba30c67@group-A55F67FDC954, cid=890, SUCCESS, logIndex=1195, commits[a9cb8897-0d38-4c59-817a-d67a8ba30c67:c1196, 41e21bac-56c9-465a-a1cc-bc71b3ab473c:c1194, 2bfdf505-3a1f-44eb-9843-3820b2477da1:c1194]
2019-09-05 19:10:29,889 [grpc-default-executor-3] INFO  client.GrpcClientProtocolClient (GrpcClientProtocolClient.java:onNext(255)) - client-729EAB8E4297->a9cb8897-0d38-4c59-817a-d67a8ba30c67: receive RaftClientReply:client-729EAB8E4297->a9cb8897-0d38-4c59-817a-d67a8ba30c67@group-A55F67FDC954, cid=891, SUCCESS, logIndex=1196, commits[a9cb8897-0d38-4c59-817a-d67a8ba30c67:c1196, 41e21bac-56c9-465a-a1cc-bc71b3ab473c:c1194, 2bfdf505-3a1f-44eb-9843-3820b2477da1:c1194]
2019-09-05 19:10:29,901 [grpc-default-executor-1] INFO  client.GrpcClientProtocolClient (GrpcClientProtocolClient.java:onNext(255)) - client-729EAB8E4297->a9cb8897-0d38-4c59-817a-d67a8ba30c67: receive RaftClientReply:client-729EAB8E4297->a9cb8897-0d38-4c59-817a-d67a8ba30c67@group-A55F67FDC954, cid=892, SUCCESS, logIndex=1199, commits[a9cb8897-0d38-4c59-817a-d67a8ba30c67:c1200, 41e21bac-56c9-465a-a1cc-bc71b3ab473c:c1196, 2bfdf505-3a1f-44eb-9843-3820b2477da1:c1196]
2019-09-05 19:10:29,902 [grpc-default-executor-1] INFO  client.GrpcClientProtocolClient (GrpcClientProtocolClient.java:onNext(255)) - client-729EAB8E4297->a9cb8897-0d38-4c59-817a-d67a8ba30c67: receive RaftClientReply:client-729EAB8E4297->a9cb8897-0d38-4c59-817a-d67a8ba30c67@group-A55F67FDC954, cid=893, SUCCESS, logIndex=1200, commits[a9cb8897-0d38-4c59-817a-d67a8ba30c67:c1200, 41e21bac-56c9-465a-a1cc-bc71b3ab473c:c1196, 2bfdf505-3a1f-44eb-9843-3820b2477da1:c1196]
2019-09-05 19:10:29,914 [grpc-default-executor-3] INFO  client.GrpcClientProtocolClient (GrpcClientProtocolClient.java:onNext(255)) - client-729EAB8E4297->a9cb8897-0d38-4c59-817a-d67a8ba30c67: receive RaftClientReply:client-729EAB8E4297->a9cb8897-0d38-4c59-817a-d67a8ba30c67@group-A55F67FDC954, cid=894, SUCCESS, logIndex=0, commits[a9cb8897-0d38-4c59-817a-d67a8ba30c67:c1201, 41e21bac-56c9-465a-a1cc-bc71b3ab473c:c1200, 2bfdf505-3a1f-44eb-9843-3820b2477da1:c1200]
2019-09-05 19:10:29,933 [grpc-default-executor-1] INFO  client.GrpcClientProtocolClient (GrpcClientProtocolClient.java:onNext(255)) - client-729EAB8E4297->a9cb8897-0d38-4c59-817a-d67a8ba30c67: receive RaftClientReply:client-729EAB8E4297->a9cb8897-0d38-4c59-817a-d67a8ba30c67@group-A55F67FDC954, cid=895, SUCCESS, logIndex=1203, commits[a9cb8897-0d38-4c59-817a-d67a8ba30c67:c1205, 41e21bac-56c9-465a-a1cc-bc71b3ab473c:c1202, 2bfdf505-3a1f-44eb-9843-3820b2477da1:c1202]
2019-09-05 19:10:29,934 [grpc-default-executor-1] INFO  client.GrpcClientProtocolClient (GrpcClientProtocolClient.java:onNext(255)) - client-729EAB8E4297->a9cb8897-0d38-4c59-817a-d67a8ba30c67: receive RaftClientReply:client-729EAB8E4297->a9cb8897-0d38-4c59-817a-d67a8ba30c67@group-A55F67FDC954, cid=896, SUCCESS, logIndex=1204, commits[a9cb8897-0d38-4c59-817a-d67a8ba30c67:c1206, 41e21bac-56c9-465a-a1cc-bc71b3ab473c:c1202, 2bfdf505-3a1f-44eb-9843-3820b2477da1:c1202]
2019-09-05 19:10:29,934 [grpc-default-executor-1] INFO  client.GrpcClientProtocolClient (GrpcClientProtocolClient.java:onNext(255)) - client-729EAB8E4297->a9cb8897-0d38-4c59-817a-d67a8ba30c67: receive RaftClientReply:client-729EAB8E4297->a9cb8897-0d38-4c59-817a-d67a8ba30c67@group-A55F67FDC954, cid=897, SUCCESS, logIndex=1205, commits[a9cb8897-0d38-4c59-817a-d67a8ba30c67:c1206, 41e21bac-56c9-465a-a1cc-bc71b3ab473c:c1202, 2bfdf505-3a1f-44eb-9843-3820b2477da1:c1202]
2019-09-05 19:10:29,935 [grpc-default-executor-1] INFO  client.GrpcClientProtocolClient (GrpcClientProtocolClient.java:onNext(255)) - client-729EAB8E4297->a9cb8897-0d38-4c59-817a-d67a8ba30c67: receive RaftClientReply:client-729EAB8E4297->a9cb8897-0d38-4c59-817a-d67a8ba30c67@group-A55F67FDC954, cid=898, SUCCESS, logIndex=1206, commits[a9cb8897-0d38-4c59-817a-d67a8ba30c67:c1206, 41e21bac-56c9-465a-a1cc-bc71b3ab473c:c1202, 2bfdf505-3a1f-44eb-9843-3820b2477da1:c1202]
2019-09-05 19:10:29,936 [grpc-default-executor-3] INFO  client.GrpcClientProtocolClient (GrpcClientProtocolClient.java:onNext(255)) - client-729EAB8E4297->a9cb8897-0d38-4c59-817a-d67a8ba30c67: receive RaftClientReply:client-729EAB8E4297->a9cb8897-0d38-4c59-817a-d67a8ba30c67@group-A55F67FDC954, cid=899, SUCCESS, logIndex=0, commits[a9cb8897-0d38-4c59-817a-d67a8ba30c67:c1209, 41e21bac-56c9-465a-a1cc-bc71b3ab473c:c1204, 2bfdf505-3a1f-44eb-9843-3820b2477da1:c1205]
2019-09-05 19:10:29,954 [grpc-default-executor-3] INFO  client.GrpcClientProtocolClient (GrpcClientProtocolClient.java:onNext(255)) - client-729EAB8E4297->a9cb8897-0d38-4c59-817a-d67a8ba30c67: receive RaftClientReply:client-729EAB8E4297->a9cb8897-0d38-4c59-817a-d67a8ba30c67@group-A55F67FDC954, cid=900, SUCCESS, logIndex=1211, commits[a9cb8897-0d38-4c59-817a-d67a8ba30c67:c1212, 41e21bac-56c9-465a-a1cc-bc71b3ab473c:c1210, 2bfdf505-3a1f-44eb-9843-3820b2477da1:c1210]
2019-09-05 19:10:29,955 [grpc-default-executor-3] INFO  client.GrpcClientProtocolClient (GrpcClientProtocolClient.java:onNext(255)) - client-729EAB8E4297->a9cb8897-0d38-4c59-817a-d67a8ba30c67: receive RaftClientReply:client-729EAB8E4297->a9cb8897-0d38-4c59-817a-d67a8ba30c67@group-A55F67FDC954, cid=901, SUCCESS, logIndex=1212, commits[a9cb8897-0d38-4c59-817a-d67a8ba30c67:c1212, 41e21bac-56c9-465a-a1cc-bc71b3ab473c:c1210, 2bfdf505-3a1f-44eb-9843-3820b2477da1:c1210]
2019-09-05 19:10:29,966 [grpc-default-executor-1] INFO  client.GrpcClientProtocolClient (GrpcClientProtocolClient.java:onNext(255)) - client-729EAB8E4297->a9cb8897-0d38-4c59-817a-d67a8ba30c67: receive RaftClientReply:client-729EAB8E4297->a9cb8897-0d38-4c59-817a-d67a8ba30c67@group-A55F67FDC954, cid=902, SUCCESS, logIndex=1215, commits[a9cb8897-0d38-4c59-817a-d67a8ba30c67:c1216, 41e21bac-56c9-465a-a1cc-bc71b3ab473c:c1212, 2bfdf505-3a1f-44eb-9843-3820b2477da1:c1214]
2019-09-05 19:10:29,966 [grpc-default-executor-1] INFO  client.GrpcClientProtocolClient (GrpcClientProtocolClient.java:onNext(255)) - client-729EAB8E4297->a9cb8897-0d38-4c59-817a-d67a8ba30c67: receive RaftClientReply:client-729EAB8E4297->a9cb8897-0d38-4c59-817a-d67a8ba30c67@group-A55F67FDC954, cid=903, SUCCESS, logIndex=1216, commits[a9cb8897-0d38-4c59-817a-d67a8ba30c67:c1216, 41e21bac-56c9-465a-a1cc-bc71b3ab473c:c1214, 2bfdf505-3a1f-44eb-9843-3820b2477da1:c1214]
2019-09-05 19:10:29,968 [grpc-default-executor-1] INFO  client.GrpcClientProtocolClient (GrpcClientProtocolClient.java:onNext(255)) - client-729EAB8E4297->a9cb8897-0d38-4c59-817a-d67a8ba30c67: receive RaftClientReply:client-729EAB8E4297->a9cb8897-0d38-4c59-817a-d67a8ba30c67@group-A55F67FDC954, cid=904, SUCCESS, logIndex=0, commits[a9cb8897-0d38-4c59-817a-d67a8ba30c67:c1217, 41e21bac-56c9-465a-a1cc-bc71b3ab473c:c1216, 2bfdf505-3a1f-44eb-9843-3820b2477da1:c1216]
2019-09-05 19:10:29,998 [grpc-default-executor-1] INFO  client.GrpcClientProtocolClient (GrpcClientProtocolClient.java:onNext(255)) - client-729EAB8E4297->a9cb8897-0d38-4c59-817a-d67a8ba30c67: receive RaftClientReply:client-729EAB8E4297->a9cb8897-0d38-4c59-817a-d67a8ba30c67@group-A55F67FDC954, cid=905, SUCCESS, logIndex=1219, commits[a9cb8897-0d38-4c59-817a-d67a8ba30c67:c1222, 41e21bac-56c9-465a-a1cc-bc71b3ab473c:c1218, 2bfdf505-3a1f-44eb-9843-3820b2477da1:c1218]
2019-09-05 19:10:29,999 [grpc-default-executor-1] INFO  client.GrpcClientProtocolClient (GrpcClientProtocolClient.java:onNext(255)) - client-729EAB8E4297->a9cb8897-0d38-4c59-817a-d67a8ba30c67: receive RaftClientReply:client-729EAB8E4297->a9cb8897-0d38-4c59-817a-d67a8ba30c67@group-A55F67FDC954, cid=906, SUCCESS, logIndex=1220, commits[a9cb8897-0d38-4c59-817a-d67a8ba30c67:c1222, 41e21bac-56c9-465a-a1cc-bc71b3ab473c:c1218, 2bfdf505-3a1f-44eb-9843-3820b2477da1:c1218]
2019-09-05 19:10:29,999 [grpc-default-executor-1] INFO  client.GrpcClientProtocolClient (GrpcClientProtocolClient.java:onNext(255)) - client-729EAB8E4297->a9cb8897-0d38-4c59-817a-d67a8ba30c67: receive RaftClientReply:client-729EAB8E4297->a9cb8897-0d38-4c59-817a-d67a8ba30c67@group-A55F67FDC954, cid=907, SUCCESS, logIndex=1221, commits[a9cb8897-0d38-4c59-817a-d67a8ba30c67:c1222, 41e21bac-56c9-465a-a1cc-bc71b3ab473c:c1218, 2bfdf505-3a1f-44eb-9843-3820b2477da1:c1218]
2019-09-05 19:10:30,000 [grpc-default-executor-1] INFO  client.GrpcClientProtocolClient (GrpcClientProtocolClient.java:onNext(255)) - client-729EAB8E4297->a9cb8897-0d38-4c59-817a-d67a8ba30c67: receive RaftClientReply:client-729EAB8E4297->a9cb8897-0d38-4c59-817a-d67a8ba30c67@group-A55F67FDC954, cid=908, SUCCESS, logIndex=1222, commits[a9cb8897-0d38-4c59-817a-d67a8ba30c67:c1223, 41e21bac-56c9-465a-a1cc-bc71b3ab473c:c1220, 2bfdf505-3a1f-44eb-9843-3820b2477da1:c1218]
2019-09-05 19:10:30,001 [grpc-default-executor-3] INFO  client.GrpcClientProtocolClient (GrpcClientProtocolClient.java:onNext(255)) - client-729EAB8E4297->a9cb8897-0d38-4c59-817a-d67a8ba30c67: receive RaftClientReply:client-729EAB8E4297->a9cb8897-0d38-4c59-817a-d67a8ba30c67@group-A55F67FDC954, cid=909, SUCCESS, logIndex=0, commits[a9cb8897-0d38-4c59-817a-d67a8ba30c67:c1226, 41e21bac-56c9-465a-a1cc-bc71b3ab473c:c1222, 2bfdf505-3a1f-44eb-9843-3820b2477da1:c1220]
2019-09-05 19:10:30,021 [grpc-default-executor-0] INFO  client.GrpcClientProtocolClient (GrpcClientProtocolClient.java:onNext(255)) - client-729EAB8E4297->a9cb8897-0d38-4c59-817a-d67a8ba30c67: receive RaftClientReply:client-729EAB8E4297->a9cb8897-0d38-4c59-817a-d67a8ba30c67@group-A55F67FDC954, cid=910, SUCCESS, logIndex=1227, commits[a9cb8897-0d38-4c59-817a-d67a8ba30c67:c1228, 41e21bac-56c9-465a-a1cc-bc71b3ab473c:c1226, 2bfdf505-3a1f-44eb-9843-3820b2477da1:c1226]
2019-09-05 19:10:30,021 [grpc-default-executor-0] INFO  client.GrpcClientProtocolClient (GrpcClientProtocolClient.java:onNext(255)) - client-729EAB8E4297->a9cb8897-0d38-4c59-817a-d67a8ba30c67: receive RaftClientReply:client-729EAB8E4297->a9cb8897-0d38-4c59-817a-d67a8ba30c67@group-A55F67FDC954, cid=911, SUCCESS, logIndex=1228, commits[a9cb8897-0d38-4c59-817a-d67a8ba30c67:c1228, 41e21bac-56c9-465a-a1cc-bc71b3ab473c:c1226, 2bfdf505-3a1f-44eb-9843-3820b2477da1:c1226]
2019-09-05 19:10:30,034 [grpc-default-executor-0] INFO  client.GrpcClientProtocolClient (GrpcClientProtocolClient.java:onNext(255)) - client-729EAB8E4297->a9cb8897-0d38-4c59-817a-d67a8ba30c67: receive RaftClientReply:client-729EAB8E4297->a9cb8897-0d38-4c59-817a-d67a8ba30c67@group-A55F67FDC954, cid=912, SUCCESS, logIndex=1231, commits[a9cb8897-0d38-4c59-817a-d67a8ba30c67:c1232, 41e21bac-56c9-465a-a1cc-bc71b3ab473c:c1228, 2bfdf505-3a1f-44eb-9843-3820b2477da1:c1228]
2019-09-05 19:10:30,035 [grpc-default-executor-0] INFO  client.GrpcClientProtocolClient (GrpcClientProtocolClient.java:onNext(255)) - client-729EAB8E4297->a9cb8897-0d38-4c59-817a-d67a8ba30c67: receive RaftClientReply:client-729EAB8E4297->a9cb8897-0d38-4c59-817a-d67a8ba30c67@group-A55F67FDC954, cid=913, SUCCESS, logIndex=1232, commits[a9cb8897-0d38-4c59-817a-d67a8ba30c67:c1232, 41e21bac-56c9-465a-a1cc-bc71b3ab473c:c1228, 2bfdf505-3a1f-44eb-9843-3820b2477da1:c1228]
2019-09-05 19:10:30,047 [grpc-default-executor-0] INFO  client.GrpcClientProtocolClient (GrpcClientProtocolClient.java:onNext(255)) - client-729EAB8E4297->a9cb8897-0d38-4c59-817a-d67a8ba30c67: receive RaftClientReply:client-729EAB8E4297->a9cb8897-0d38-4c59-817a-d67a8ba30c67@group-A55F67FDC954, cid=914, SUCCESS, logIndex=0, commits[a9cb8897-0d38-4c59-817a-d67a8ba30c67:c1234, 41e21bac-56c9-465a-a1cc-bc71b3ab473c:c1232, 2bfdf505-3a1f-44eb-9843-3820b2477da1:c1232]
2019-09-05 19:10:30,210 [grpc-default-executor-0] INFO  client.GrpcClientProtocolClient (GrpcClientProtocolClient.java:onNext(255)) - client-729EAB8E4297->a9cb8897-0d38-4c59-817a-d67a8ba30c67: receive RaftClientReply:client-729EAB8E4297->a9cb8897-0d38-4c59-817a-d67a8ba30c67@group-A55F67FDC954, cid=915, SUCCESS, logIndex=1235, commits[a9cb8897-0d38-4c59-817a-d67a8ba30c67:c1236, 41e21bac-56c9-465a-a1cc-bc71b3ab473c:c1234, 2bfdf505-3a1f-44eb-9843-3820b2477da1:c1234]
2019-09-05 19:10:30,211 [grpc-default-executor-3] INFO  client.GrpcClientProtocolClient (GrpcClientProtocolClient.java:onNext(255)) - client-729EAB8E4297->a9cb8897-0d38-4c59-817a-d67a8ba30c67: receive RaftClientReply:client-729EAB8E4297->a9cb8897-0d38-4c59-817a-d67a8ba30c67@group-A55F67FDC954, cid=916, SUCCESS, logIndex=1236, commits[a9cb8897-0d38-4c59-817a-d67a8ba30c67:c1236, 41e21bac-56c9-465a-a1cc-bc71b3ab473c:c1234, 2bfdf505-3a1f-44eb-9843-3820b2477da1:c1234]
2019-09-05 19:10:30,212 [grpc-default-executor-3] INFO  client.GrpcClientProtocolClient (GrpcClientProtocolClient.java:onNext(255)) - client-729EAB8E4297->a9cb8897-0d38-4c59-817a-d67a8ba30c67: receive RaftClientReply:client-729EAB8E4297->a9cb8897-0d38-4c59-817a-d67a8ba30c67@group-A55F67FDC954, cid=917, SUCCESS, logIndex=1237, commits[a9cb8897-0d38-4c59-817a-d67a8ba30c67:c1237, 41e21bac-56c9-465a-a1cc-bc71b3ab473c:c1234, 2bfdf505-3a1f-44eb-9843-3820b2477da1:c1234]
2019-09-05 19:10:30,213 [grpc-default-executor-3] INFO  client.GrpcClientProtocolClient (GrpcClientProtocolClient.java:onNext(255)) - client-729EAB8E4297->a9cb8897-0d38-4c59-817a-d67a8ba30c67: receive RaftClientReply:client-729EAB8E4297->a9cb8897-0d38-4c59-817a-d67a8ba30c67@group-A55F67FDC954, cid=918, SUCCESS, logIndex=1238, commits[a9cb8897-0d38-4c59-817a-d67a8ba30c67:c1238, 41e21bac-56c9-465a-a1cc-bc71b3ab473c:c1234, 2bfdf505-3a1f-44eb-9843-3820b2477da1:c1234]
2019-09-05 19:10:30,214 [grpc-default-executor-3] INFO  client.GrpcClientProtocolClient (GrpcClientProtocolClient.java:onNext(255)) - client-729EAB8E4297->a9cb8897-0d38-4c59-817a-d67a8ba30c67: receive RaftClientReply:client-729EAB8E4297->a9cb8897-0d38-4c59-817a-d67a8ba30c67@group-A55F67FDC954, cid=919, SUCCESS, logIndex=0, commits[a9cb8897-0d38-4c59-817a-d67a8ba30c67:c1241, 41e21bac-56c9-465a-a1cc-bc71b3ab473c:c1237, 2bfdf505-3a1f-44eb-9843-3820b2477da1:c1236]
2019-09-05 19:10:30,236 [grpc-default-executor-3] INFO  client.GrpcClientProtocolClient (GrpcClientProtocolClient.java:onNext(255)) - client-729EAB8E4297->a9cb8897-0d38-4c59-817a-d67a8ba30c67: receive RaftClientReply:client-729EAB8E4297->a9cb8897-0d38-4c59-817a-d67a8ba30c67@group-A55F67FDC954, cid=920, SUCCESS, logIndex=1243, commits[a9cb8897-0d38-4c59-817a-d67a8ba30c67:c1244, 41e21bac-56c9-465a-a1cc-bc71b3ab473c:c1242, 2bfdf505-3a1f-44eb-9843-3820b2477da1:c1242]
2019-09-05 19:10:30,237 [grpc-default-executor-3] INFO  client.GrpcClientProtocolClient (GrpcClientProtocolClient.java:onNext(255)) - client-729EAB8E4297->a9cb8897-0d38-4c59-817a-d67a8ba30c67: receive RaftClientReply:client-729EAB8E4297->a9cb8897-0d38-4c59-817a-d67a8ba30c67@group-A55F67FDC954, cid=921, SUCCESS, logIndex=1244, commits[a9cb8897-0d38-4c59-817a-d67a8ba30c67:c1244, 41e21bac-56c9-465a-a1cc-bc71b3ab473c:c1242, 2bfdf505-3a1f-44eb-9843-3820b2477da1:c1242]
2019-09-05 19:10:30,252 [grpc-default-executor-3] INFO  client.GrpcClientProtocolClient (GrpcClientProtocolClient.java:onNext(255)) - client-729EAB8E4297->a9cb8897-0d38-4c59-817a-d67a8ba30c67: receive RaftClientReply:client-729EAB8E4297->a9cb8897-0d38-4c59-817a-d67a8ba30c67@group-A55F67FDC954, cid=922, SUCCESS, logIndex=1247, commits[a9cb8897-0d38-4c59-817a-d67a8ba30c67:c1248, 41e21bac-56c9-465a-a1cc-bc71b3ab473c:c1244, 2bfdf505-3a1f-44eb-9843-3820b2477da1:c1243]
2019-09-05 19:10:30,253 [grpc-default-executor-3] INFO  client.GrpcClientProtocolClient (GrpcClientProtocolClient.java:onNext(255)) - client-729EAB8E4297->a9cb8897-0d38-4c59-817a-d67a8ba30c67: receive RaftClientReply:client-729EAB8E4297->a9cb8897-0d38-4c59-817a-d67a8ba30c67@group-A55F67FDC954, cid=923, SUCCESS, logIndex=1248, commits[a9cb8897-0d38-4c59-817a-d67a8ba30c67:c1248, 41e21bac-56c9-465a-a1cc-bc71b3ab473c:c1244, 2bfdf505-3a1f-44eb-9843-3820b2477da1:c1244]
2019-09-05 19:10:30,255 [grpc-default-executor-1] INFO  client.GrpcClientProtocolClient (GrpcClientProtocolClient.java:onNext(255)) - client-729EAB8E4297->a9cb8897-0d38-4c59-817a-d67a8ba30c67: receive RaftClientReply:client-729EAB8E4297->a9cb8897-0d38-4c59-817a-d67a8ba30c67@group-A55F67FDC954, cid=924, SUCCESS, logIndex=0, commits[a9cb8897-0d38-4c59-817a-d67a8ba30c67:c1248, 41e21bac-56c9-465a-a1cc-bc71b3ab473c:c1248, 2bfdf505-3a1f-44eb-9843-3820b2477da1:c1248]
 0.00% |█                                                                                                    |  0/1 Time: 0:00:042019-09-05 19:10:30,281 [grpc-default-executor-0] INFO  client.GrpcClientProtocolClient (GrpcClientProtocolClient.java:onNext(255)) - client-729EAB8E4297->a9cb8897-0d38-4c59-817a-d67a8ba30c67: receive RaftClientReply:client-729EAB8E4297->a9cb8897-0d38-4c59-817a-d67a8ba30c67@group-A55F67FDC954, cid=925, SUCCESS, logIndex=1251, commits[a9cb8897-0d38-4c59-817a-d67a8ba30c67:c1252, 41e21bac-56c9-465a-a1cc-bc71b3ab473c:c1250, 2bfdf505-3a1f-44eb-9843-3820b2477da1:c1250]
2019-09-05 19:10:30,282 [grpc-default-executor-0] INFO  client.GrpcClientProtocolClient (GrpcClientProtocolClient.java:onNext(255)) - client-729EAB8E4297->a9cb8897-0d38-4c59-817a-d67a8ba30c67: receive RaftClientReply:client-729EAB8E4297->a9cb8897-0d38-4c59-817a-d67a8ba30c67@group-A55F67FDC954, cid=926, SUCCESS, logIndex=1252, commits[a9cb8897-0d38-4c59-817a-d67a8ba30c67:c1253, 41e21bac-56c9-465a-a1cc-bc71b3ab473c:c1250, 2bfdf505-3a1f-44eb-9843-3820b2477da1:c1250]
2019-09-05 19:10:30,282 [grpc-default-executor-0] INFO  client.GrpcClientProtocolClient (GrpcClientProtocolClient.java:onNext(255)) - client-729EAB8E4297->a9cb8897-0d38-4c59-817a-d67a8ba30c67: receive RaftClientReply:client-729EAB8E4297->a9cb8897-0d38-4c59-817a-d67a8ba30c67@group-A55F67FDC954, cid=927, SUCCESS, logIndex=1253, commits[a9cb8897-0d38-4c59-817a-d67a8ba30c67:c1254, 41e21bac-56c9-465a-a1cc-bc71b3ab473c:c1250, 2bfdf505-3a1f-44eb-9843-3820b2477da1:c1250]
2019-09-05 19:10:30,283 [grpc-default-executor-1] INFO  client.GrpcClientProtocolClient (GrpcClientProtocolClient.java:onNext(255)) - client-729EAB8E4297->a9cb8897-0d38-4c59-817a-d67a8ba30c67: receive RaftClientReply:client-729EAB8E4297->a9cb8897-0d38-4c59-817a-d67a8ba30c67@group-A55F67FDC954, cid=928, SUCCESS, logIndex=1254, commits[a9cb8897-0d38-4c59-817a-d67a8ba30c67:c1254, 41e21bac-56c9-465a-a1cc-bc71b3ab473c:c1250, 2bfdf505-3a1f-44eb-9843-3820b2477da1:c1250]
2019-09-05 19:10:30,284 [grpc-default-executor-1] INFO  client.GrpcClientProtocolClient (GrpcClientProtocolClient.java:onNext(255)) - client-729EAB8E4297->a9cb8897-0d38-4c59-817a-d67a8ba30c67: receive RaftClientReply:client-729EAB8E4297->a9cb8897-0d38-4c59-817a-d67a8ba30c67@group-A55F67FDC954, cid=929, SUCCESS, logIndex=0, commits[a9cb8897-0d38-4c59-817a-d67a8ba30c67:c1258, 41e21bac-56c9-465a-a1cc-bc71b3ab473c:c1252, 2bfdf505-3a1f-44eb-9843-3820b2477da1:c1254]
2019-09-05 19:10:30,304 [grpc-default-executor-1] INFO  client.GrpcClientProtocolClient (GrpcClientProtocolClient.java:onNext(255)) - client-729EAB8E4297->a9cb8897-0d38-4c59-817a-d67a8ba30c67: receive RaftClientReply:client-729EAB8E4297->a9cb8897-0d38-4c59-817a-d67a8ba30c67@group-A55F67FDC954, cid=930, SUCCESS, logIndex=1259, commits[a9cb8897-0d38-4c59-817a-d67a8ba30c67:c1260, 41e21bac-56c9-465a-a1cc-bc71b3ab473c:c1258, 2bfdf505-3a1f-44eb-9843-3820b2477da1:c1258]
2019-09-05 19:10:30,305 [grpc-default-executor-1] INFO  client.GrpcClientProtocolClient (GrpcClientProtocolClient.java:onNext(255)) - client-729EAB8E4297->a9cb8897-0d38-4c59-817a-d67a8ba30c67: receive RaftClientReply:client-729EAB8E4297->a9cb8897-0d38-4c59-817a-d67a8ba30c67@group-A55F67FDC954, cid=931, SUCCESS, logIndex=1260, commits[a9cb8897-0d38-4c59-817a-d67a8ba30c67:c1260, 41e21bac-56c9-465a-a1cc-bc71b3ab473c:c1258, 2bfdf505-3a1f-44eb-9843-3820b2477da1:c1258]
2019-09-05 19:10:30,318 [grpc-default-executor-1] INFO  client.GrpcClientProtocolClient (GrpcClientProtocolClient.java:onNext(255)) - client-729EAB8E4297->a9cb8897-0d38-4c59-817a-d67a8ba30c67: receive RaftClientReply:client-729EAB8E4297->a9cb8897-0d38-4c59-817a-d67a8ba30c67@group-A55F67FDC954, cid=932, SUCCESS, logIndex=1263, commits[a9cb8897-0d38-4c59-817a-d67a8ba30c67:c1264, 41e21bac-56c9-465a-a1cc-bc71b3ab473c:c1260, 2bfdf505-3a1f-44eb-9843-3820b2477da1:c1260]
2019-09-05 19:10:30,318 [grpc-default-executor-1] INFO  client.GrpcClientProtocolClient (GrpcClientProtocolClient.java:onNext(255)) - client-729EAB8E4297->a9cb8897-0d38-4c59-817a-d67a8ba30c67: receive RaftClientReply:client-729EAB8E4297->a9cb8897-0d38-4c59-817a-d67a8ba30c67@group-A55F67FDC954, cid=933, SUCCESS, logIndex=1264, commits[a9cb8897-0d38-4c59-817a-d67a8ba30c67:c1264, 41e21bac-56c9-465a-a1cc-bc71b3ab473c:c1260, 2bfdf505-3a1f-44eb-9843-3820b2477da1:c1260]
2019-09-05 19:10:30,330 [grpc-default-executor-1] INFO  client.GrpcClientProtocolClient (GrpcClientProtocolClient.java:onNext(255)) - client-729EAB8E4297->a9cb8897-0d38-4c59-817a-d67a8ba30c67: receive RaftClientReply:client-729EAB8E4297->a9cb8897-0d38-4c59-817a-d67a8ba30c67@group-A55F67FDC954, cid=934, SUCCESS, logIndex=0, commits[a9cb8897-0d38-4c59-817a-d67a8ba30c67:c1264, 41e21bac-56c9-465a-a1cc-bc71b3ab473c:c1264, 2bfdf505-3a1f-44eb-9843-3820b2477da1:c1264]
2019-09-05 19:10:30,350 [grpc-default-executor-1] INFO  client.GrpcClientProtocolClient (GrpcClientProtocolClient.java:onNext(255)) - client-729EAB8E4297->a9cb8897-0d38-4c59-817a-d67a8ba30c67: receive RaftClientReply:client-729EAB8E4297->a9cb8897-0d38-4c59-817a-d67a8ba30c67@group-A55F67FDC954, cid=935, SUCCESS, logIndex=1267, commits[a9cb8897-0d38-4c59-817a-d67a8ba30c67:c1268, 41e21bac-56c9-465a-a1cc-bc71b3ab473c:c1266, 2bfdf505-3a1f-44eb-9843-3820b2477da1:c1266]
2019-09-05 19:10:30,351 [grpc-default-executor-1] INFO  client.GrpcClientProtocolClient (GrpcClientProtocolClient.java:onNext(255)) - client-729EAB8E4297->a9cb8897-0d38-4c59-817a-d67a8ba30c67: receive RaftClientReply:client-729EAB8E4297->a9cb8897-0d38-4c59-817a-d67a8ba30c67@group-A55F67FDC954, cid=936, SUCCESS, logIndex=1268, commits[a9cb8897-0d38-4c59-817a-d67a8ba30c67:c1268, 41e21bac-56c9-465a-a1cc-bc71b3ab473c:c1266, 2bfdf505-3a1f-44eb-9843-3820b2477da1:c1266]
2019-09-05 19:10:30,351 [grpc-default-executor-1] INFO  client.GrpcClientProtocolClient (GrpcClientProtocolClient.java:onNext(255)) - client-729EAB8E4297->a9cb8897-0d38-4c59-817a-d67a8ba30c67: receive RaftClientReply:client-729EAB8E4297->a9cb8897-0d38-4c59-817a-d67a8ba30c67@group-A55F67FDC954, cid=937, SUCCESS, logIndex=1269, commits[a9cb8897-0d38-4c59-817a-d67a8ba30c67:c1269, 41e21bac-56c9-465a-a1cc-bc71b3ab473c:c1266, 2bfdf505-3a1f-44eb-9843-3820b2477da1:c1266]
2019-09-05 19:10:30,352 [grpc-default-executor-2] INFO  client.GrpcClientProtocolClient (GrpcClientProtocolClient.java:onNext(255)) - client-729EAB8E4297->a9cb8897-0d38-4c59-817a-d67a8ba30c67: receive RaftClientReply:client-729EAB8E4297->a9cb8897-0d38-4c59-817a-d67a8ba30c67@group-A55F67FDC954, cid=938, SUCCESS, logIndex=1270, commits[a9cb8897-0d38-4c59-817a-d67a8ba30c67:c1270, 41e21bac-56c9-465a-a1cc-bc71b3ab473c:c1266, 2bfdf505-3a1f-44eb-9843-3820b2477da1:c1266]
2019-09-05 19:10:30,353 [grpc-default-executor-0] INFO  client.GrpcClientProtocolClient (GrpcClientProtocolClient.java:onNext(255)) - client-729EAB8E4297->a9cb8897-0d38-4c59-817a-d67a8ba30c67: receive RaftClientReply:client-729EAB8E4297->a9cb8897-0d38-4c59-817a-d67a8ba30c67@group-A55F67FDC954, cid=939, SUCCESS, logIndex=0, commits[a9cb8897-0d38-4c59-817a-d67a8ba30c67:c1272, 41e21bac-56c9-465a-a1cc-bc71b3ab473c:c1268, 2bfdf505-3a1f-44eb-9843-3820b2477da1:c1268]
2019-09-05 19:10:30,375 [grpc-default-executor-1] INFO  client.GrpcClientProtocolClient (GrpcClientProtocolClient.java:onNext(255)) - client-729EAB8E4297->a9cb8897-0d38-4c59-817a-d67a8ba30c67: receive RaftClientReply:client-729EAB8E4297->a9cb8897-0d38-4c59-817a-d67a8ba30c67@group-A55F67FDC954, cid=940, SUCCESS, logIndex=1275, commits[a9cb8897-0d38-4c59-817a-d67a8ba30c67:c1276, 41e21bac-56c9-465a-a1cc-bc71b3ab473c:c1274, 2bfdf505-3a1f-44eb-9843-3820b2477da1:c1274]
2019-09-05 19:10:30,376 [grpc-default-executor-1] INFO  client.GrpcClientProtocolClient (GrpcClientProtocolClient.java:onNext(255)) - client-729EAB8E4297->a9cb8897-0d38-4c59-817a-d67a8ba30c67: receive RaftClientReply:client-729EAB8E4297->a9cb8897-0d38-4c59-817a-d67a8ba30c67@group-A55F67FDC954, cid=941, SUCCESS, logIndex=1276, commits[a9cb8897-0d38-4c59-817a-d67a8ba30c67:c1276, 41e21bac-56c9-465a-a1cc-bc71b3ab473c:c1274, 2bfdf505-3a1f-44eb-9843-3820b2477da1:c1274]
2019-09-05 19:10:30,391 [grpc-default-executor-1] INFO  client.GrpcClientProtocolClient (GrpcClientProtocolClient.java:onNext(255)) - client-729EAB8E4297->a9cb8897-0d38-4c59-817a-d67a8ba30c67: receive RaftClientReply:client-729EAB8E4297->a9cb8897-0d38-4c59-817a-d67a8ba30c67@group-A55F67FDC954, cid=942, SUCCESS, logIndex=1279, commits[a9cb8897-0d38-4c59-817a-d67a8ba30c67:c1280, 41e21bac-56c9-465a-a1cc-bc71b3ab473c:c1276, 2bfdf505-3a1f-44eb-9843-3820b2477da1:c1276]
2019-09-05 19:10:30,392 [grpc-default-executor-1] INFO  client.GrpcClientProtocolClient (GrpcClientProtocolClient.java:onNext(255)) - client-729EAB8E4297->a9cb8897-0d38-4c59-817a-d67a8ba30c67: receive RaftClientReply:client-729EAB8E4297->a9cb8897-0d38-4c59-817a-d67a8ba30c67@group-A55F67FDC954, cid=943, SUCCESS, logIndex=1280, commits[a9cb8897-0d38-4c59-817a-d67a8ba30c67:c1280, 41e21bac-56c9-465a-a1cc-bc71b3ab473c:c1276, 2bfdf505-3a1f-44eb-9843-3820b2477da1:c1276]
2019-09-05 19:10:30,404 [grpc-default-executor-1] INFO  client.GrpcClientProtocolClient (GrpcClientProtocolClient.java:onNext(255)) - client-729EAB8E4297->a9cb8897-0d38-4c59-817a-d67a8ba30c67: receive RaftClientReply:client-729EAB8E4297->a9cb8897-0d38-4c59-817a-d67a8ba30c67@group-A55F67FDC954, cid=944, SUCCESS, logIndex=0, commits[a9cb8897-0d38-4c59-817a-d67a8ba30c67:c1282, 41e21bac-56c9-465a-a1cc-bc71b3ab473c:c1280, 2bfdf505-3a1f-44eb-9843-3820b2477da1:c1280]
2019-09-05 19:10:30,428 [grpc-default-executor-2] INFO  client.GrpcClientProtocolClient (GrpcClientProtocolClient.java:onNext(255)) - client-729EAB8E4297->a9cb8897-0d38-4c59-817a-d67a8ba30c67: receive RaftClientReply:client-729EAB8E4297->a9cb8897-0d38-4c59-817a-d67a8ba30c67@group-A55F67FDC954, cid=945, SUCCESS, logIndex=1283, commits[a9cb8897-0d38-4c59-817a-d67a8ba30c67:c1284, 41e21bac-56c9-465a-a1cc-bc71b3ab473c:c1282, 2bfdf505-3a1f-44eb-9843-3820b2477da1:c1282]
2019-09-05 19:10:30,429 [grpc-default-executor-2] INFO  client.GrpcClientProtocolClient (GrpcClientProtocolClient.java:onNext(255)) - client-729EAB8E4297->a9cb8897-0d38-4c59-817a-d67a8ba30c67: receive RaftClientReply:client-729EAB8E4297->a9cb8897-0d38-4c59-817a-d67a8ba30c67@group-A55F67FDC954, cid=946, SUCCESS, logIndex=1284, commits[a9cb8897-0d38-4c59-817a-d67a8ba30c67:c1284, 41e21bac-56c9-465a-a1cc-bc71b3ab473c:c1282, 2bfdf505-3a1f-44eb-9843-3820b2477da1:c1282]
2019-09-05 19:10:30,439 [grpc-default-executor-2] INFO  client.GrpcClientProtocolClient (GrpcClientProtocolClient.java:onNext(255)) - client-729EAB8E4297->a9cb8897-0d38-4c59-817a-d67a8ba30c67: receive RaftClientReply:client-729EAB8E4297->a9cb8897-0d38-4c59-817a-d67a8ba30c67@group-A55F67FDC954, cid=947, SUCCESS, logIndex=1285, commits[a9cb8897-0d38-4c59-817a-d67a8ba30c67:c1286, 41e21bac-56c9-465a-a1cc-bc71b3ab473c:c1282, 2bfdf505-3a1f-44eb-9843-3820b2477da1:c1282]
2019-09-05 19:10:30,439 [grpc-default-executor-1] INFO  client.GrpcClientProtocolClient (GrpcClientProtocolClient.java:onNext(255)) - client-729EAB8E4297->a9cb8897-0d38-4c59-817a-d67a8ba30c67: receive RaftClientReply:client-729EAB8E4297->a9cb8897-0d38-4c59-817a-d67a8ba30c67@group-A55F67FDC954, cid=948, SUCCESS, logIndex=1286, commits[a9cb8897-0d38-4c59-817a-d67a8ba30c67:c1286, 41e21bac-56c9-465a-a1cc-bc71b3ab473c:c1282, 2bfdf505-3a1f-44eb-9843-3820b2477da1:c1282]
2019-09-05 19:10:30,441 [grpc-default-executor-1] INFO  client.GrpcClientProtocolClient (GrpcClientProtocolClient.java:onNext(255)) - client-729EAB8E4297->a9cb8897-0d38-4c59-817a-d67a8ba30c67: receive RaftClientReply:client-729EAB8E4297->a9cb8897-0d38-4c59-817a-d67a8ba30c67@group-A55F67FDC954, cid=949, SUCCESS, logIndex=0, commits[a9cb8897-0d38-4c59-817a-d67a8ba30c67:c1288, 41e21bac-56c9-465a-a1cc-bc71b3ab473c:c1284, 2bfdf505-3a1f-44eb-9843-3820b2477da1:c1284]
2019-09-05 19:10:30,460 [grpc-default-executor-2] INFO  client.GrpcClientProtocolClient (GrpcClientProtocolClient.java:onNext(255)) - client-729EAB8E4297->a9cb8897-0d38-4c59-817a-d67a8ba30c67: receive RaftClientReply:client-729EAB8E4297->a9cb8897-0d38-4c59-817a-d67a8ba30c67@group-A55F67FDC954, cid=950, SUCCESS, logIndex=1291, commits[a9cb8897-0d38-4c59-817a-d67a8ba30c67:c1292, 41e21bac-56c9-465a-a1cc-bc71b3ab473c:c1290, 2bfdf505-3a1f-44eb-9843-3820b2477da1:c1290]
2019-09-05 19:10:30,461 [grpc-default-executor-2] INFO  client.GrpcClientProtocolClient (GrpcClientProtocolClient.java:onNext(255)) - client-729EAB8E4297->a9cb8897-0d38-4c59-817a-d67a8ba30c67: receive RaftClientReply:client-729EAB8E4297->a9cb8897-0d38-4c59-817a-d67a8ba30c67@group-A55F67FDC954, cid=951, SUCCESS, logIndex=1292, commits[a9cb8897-0d38-4c59-817a-d67a8ba30c67:c1292, 41e21bac-56c9-465a-a1cc-bc71b3ab473c:c1290, 2bfdf505-3a1f-44eb-9843-3820b2477da1:c1290]
2019-09-05 19:10:30,480 [grpc-default-executor-2] INFO  client.GrpcClientProtocolClient (GrpcClientProtocolClient.java:onNext(255)) - client-729EAB8E4297->a9cb8897-0d38-4c59-817a-d67a8ba30c67: receive RaftClientReply:client-729EAB8E4297->a9cb8897-0d38-4c59-817a-d67a8ba30c67@group-A55F67FDC954, cid=952, SUCCESS, logIndex=1295, commits[a9cb8897-0d38-4c59-817a-d67a8ba30c67:c1296, 41e21bac-56c9-465a-a1cc-bc71b3ab473c:c1294, 2bfdf505-3a1f-44eb-9843-3820b2477da1:c1294]
2019-09-05 19:10:30,480 [grpc-default-executor-2] INFO  client.GrpcClientProtocolClient (GrpcClientProtocolClient.java:onNext(255)) - client-729EAB8E4297->a9cb8897-0d38-4c59-817a-d67a8ba30c67: receive RaftClientReply:client-729EAB8E4297->a9cb8897-0d38-4c59-817a-d67a8ba30c67@group-A55F67FDC954, cid=953, SUCCESS, logIndex=1296, commits[a9cb8897-0d38-4c59-817a-d67a8ba30c67:c1296, 41e21bac-56c9-465a-a1cc-bc71b3ab473c:c1294, 2bfdf505-3a1f-44eb-9843-3820b2477da1:c1294]
2019-09-05 19:10:30,488 [grpc-default-executor-2] INFO  client.GrpcClientProtocolClient (GrpcClientProtocolClient.java:onNext(255)) - client-729EAB8E4297->a9cb8897-0d38-4c59-817a-d67a8ba30c67: receive RaftClientReply:client-729EAB8E4297->a9cb8897-0d38-4c59-817a-d67a8ba30c67@group-A55F67FDC954, cid=954, SUCCESS, logIndex=0, commits[a9cb8897-0d38-4c59-817a-d67a8ba30c67:c1297, 41e21bac-56c9-465a-a1cc-bc71b3ab473c:c1296, 2bfdf505-3a1f-44eb-9843-3820b2477da1:c1296]
2019-09-05 19:10:30,512 [grpc-default-executor-0] INFO  client.GrpcClientProtocolClient (GrpcClientProtocolClient.java:onNext(255)) - client-729EAB8E4297->a9cb8897-0d38-4c59-817a-d67a8ba30c67: receive RaftClientReply:client-729EAB8E4297->a9cb8897-0d38-4c59-817a-d67a8ba30c67@group-A55F67FDC954, cid=955, SUCCESS, logIndex=1299, commits[a9cb8897-0d38-4c59-817a-d67a8ba30c67:c1300, 41e21bac-56c9-465a-a1cc-bc71b3ab473c:c1298, 2bfdf505-3a1f-44eb-9843-3820b2477da1:c1298]
2019-09-05 19:10:30,519 [grpc-default-executor-0] INFO  client.GrpcClientProtocolClient (GrpcClientProtocolClient.java:onNext(255)) - client-729EAB8E4297->a9cb8897-0d38-4c59-817a-d67a8ba30c67: receive RaftClientReply:client-729EAB8E4297->a9cb8897-0d38-4c59-817a-d67a8ba30c67@group-A55F67FDC954, cid=956, SUCCESS, logIndex=1300, commits[a9cb8897-0d38-4c59-817a-d67a8ba30c67:c1302, 41e21bac-56c9-465a-a1cc-bc71b3ab473c:c1298, 2bfdf505-3a1f-44eb-9843-3820b2477da1:c1298]
2019-09-05 19:10:30,519 [grpc-default-executor-0] INFO  client.GrpcClientProtocolClient (GrpcClientProtocolClient.java:onNext(255)) - client-729EAB8E4297->a9cb8897-0d38-4c59-817a-d67a8ba30c67: receive RaftClientReply:client-729EAB8E4297->a9cb8897-0d38-4c59-817a-d67a8ba30c67@group-A55F67FDC954, cid=957, SUCCESS, logIndex=1301, commits[a9cb8897-0d38-4c59-817a-d67a8ba30c67:c1302, 41e21bac-56c9-465a-a1cc-bc71b3ab473c:c1298, 2bfdf505-3a1f-44eb-9843-3820b2477da1:c1298]
2019-09-05 19:10:30,520 [grpc-default-executor-0] INFO  client.GrpcClientProtocolClient (GrpcClientProtocolClient.java:onNext(255)) - client-729EAB8E4297->a9cb8897-0d38-4c59-817a-d67a8ba30c67: receive RaftClientReply:client-729EAB8E4297->a9cb8897-0d38-4c59-817a-d67a8ba30c67@group-A55F67FDC954, cid=958, SUCCESS, logIndex=1302, commits[a9cb8897-0d38-4c59-817a-d67a8ba30c67:c1302, 41e21bac-56c9-465a-a1cc-bc71b3ab473c:c1298, 2bfdf505-3a1f-44eb-9843-3820b2477da1:c1298]
2019-09-05 19:10:30,542 [grpc-default-executor-0] INFO  client.GrpcClientProtocolClient (GrpcClientProtocolClient.java:onNext(255)) - client-729EAB8E4297->a9cb8897-0d38-4c59-817a-d67a8ba30c67: receive RaftClientReply:client-729EAB8E4297->a9cb8897-0d38-4c59-817a-d67a8ba30c67@group-A55F67FDC954, cid=959, SUCCESS, logIndex=0, commits[a9cb8897-0d38-4c59-817a-d67a8ba30c67:c1306, 41e21bac-56c9-465a-a1cc-bc71b3ab473c:c1300, 2bfdf505-3a1f-44eb-9843-3820b2477da1:c1302]
2019-09-05 19:10:30,557 [grpc-default-executor-1] INFO  client.GrpcClientProtocolClient (GrpcClientProtocolClient.java:onNext(255)) - client-729EAB8E4297->a9cb8897-0d38-4c59-817a-d67a8ba30c67: receive RaftClientReply:client-729EAB8E4297->a9cb8897-0d38-4c59-817a-d67a8ba30c67@group-A55F67FDC954, cid=960, SUCCESS, logIndex=1307, commits[a9cb8897-0d38-4c59-817a-d67a8ba30c67:c1308, 41e21bac-56c9-465a-a1cc-bc71b3ab473c:c1306, 2bfdf505-3a1f-44eb-9843-3820b2477da1:c1306]
2019-09-05 19:10:30,557 [grpc-default-executor-1] INFO  client.GrpcClientProtocolClient (GrpcClientProtocolClient.java:onNext(255)) - client-729EAB8E4297->a9cb8897-0d38-4c59-817a-d67a8ba30c67: receive RaftClientReply:client-729EAB8E4297->a9cb8897-0d38-4c59-817a-d67a8ba30c67@group-A55F67FDC954, cid=961, SUCCESS, logIndex=1308, commits[a9cb8897-0d38-4c59-817a-d67a8ba30c67:c1308, 41e21bac-56c9-465a-a1cc-bc71b3ab473c:c1306, 2bfdf505-3a1f-44eb-9843-3820b2477da1:c1306]
2019-09-05 19:10:30,570 [grpc-default-executor-1] INFO  client.GrpcClientProtocolClient (GrpcClientProtocolClient.java:onNext(255)) - client-729EAB8E4297->a9cb8897-0d38-4c59-817a-d67a8ba30c67: receive RaftClientReply:client-729EAB8E4297->a9cb8897-0d38-4c59-817a-d67a8ba30c67@group-A55F67FDC954, cid=962, SUCCESS, logIndex=1311, commits[a9cb8897-0d38-4c59-817a-d67a8ba30c67:c1312, 41e21bac-56c9-465a-a1cc-bc71b3ab473c:c1308, 2bfdf505-3a1f-44eb-9843-3820b2477da1:c1308]
2019-09-05 19:10:30,571 [grpc-default-executor-1] INFO  client.GrpcClientProtocolClient (GrpcClientProtocolClient.java:onNext(255)) - client-729EAB8E4297->a9cb8897-0d38-4c59-817a-d67a8ba30c67: receive RaftClientReply:client-729EAB8E4297->a9cb8897-0d38-4c59-817a-d67a8ba30c67@group-A55F67FDC954, cid=963, SUCCESS, logIndex=1312, commits[a9cb8897-0d38-4c59-817a-d67a8ba30c67:c1312, 41e21bac-56c9-465a-a1cc-bc71b3ab473c:c1308, 2bfdf505-3a1f-44eb-9843-3820b2477da1:c1308]
2019-09-05 19:10:30,582 [grpc-default-executor-0] INFO  client.GrpcClientProtocolClient (GrpcClientProtocolClient.java:onNext(255)) - client-729EAB8E4297->a9cb8897-0d38-4c59-817a-d67a8ba30c67: receive RaftClientReply:client-729EAB8E4297->a9cb8897-0d38-4c59-817a-d67a8ba30c67@group-A55F67FDC954, cid=964, SUCCESS, logIndex=0, commits[a9cb8897-0d38-4c59-817a-d67a8ba30c67:c1312, 41e21bac-56c9-465a-a1cc-bc71b3ab473c:c1312, 2bfdf505-3a1f-44eb-9843-3820b2477da1:c1312]
2019-09-05 19:10:30,602 [grpc-default-executor-1] INFO  client.GrpcClientProtocolClient (GrpcClientProtocolClient.java:onNext(255)) - client-729EAB8E4297->a9cb8897-0d38-4c59-817a-d67a8ba30c67: receive RaftClientReply:client-729EAB8E4297->a9cb8897-0d38-4c59-817a-d67a8ba30c67@group-A55F67FDC954, cid=965, SUCCESS, logIndex=1315, commits[a9cb8897-0d38-4c59-817a-d67a8ba30c67:c1316, 41e21bac-56c9-465a-a1cc-bc71b3ab473c:c1314, 2bfdf505-3a1f-44eb-9843-3820b2477da1:c1314]
2019-09-05 19:10:30,602 [grpc-default-executor-1] INFO  client.GrpcClientProtocolClient (GrpcClientProtocolClient.java:onNext(255)) - client-729EAB8E4297->a9cb8897-0d38-4c59-817a-d67a8ba30c67: receive RaftClientReply:client-729EAB8E4297->a9cb8897-0d38-4c59-817a-d67a8ba30c67@group-A55F67FDC954, cid=966, SUCCESS, logIndex=1316, commits[a9cb8897-0d38-4c59-817a-d67a8ba30c67:c1316, 41e21bac-56c9-465a-a1cc-bc71b3ab473c:c1314, 2bfdf505-3a1f-44eb-9843-3820b2477da1:c1314]
2019-09-05 19:10:30,603 [grpc-default-executor-2] INFO  client.GrpcClientProtocolClient (GrpcClientProtocolClient.java:onNext(255)) - client-729EAB8E4297->a9cb8897-0d38-4c59-817a-d67a8ba30c67: receive RaftClientReply:client-729EAB8E4297->a9cb8897-0d38-4c59-817a-d67a8ba30c67@group-A55F67FDC954, cid=967, SUCCESS, logIndex=1317, commits[a9cb8897-0d38-4c59-817a-d67a8ba30c67:c1318, 41e21bac-56c9-465a-a1cc-bc71b3ab473c:c1314, 2bfdf505-3a1f-44eb-9843-3820b2477da1:c1314]
2019-09-05 19:10:30,604 [grpc-default-executor-2] INFO  client.GrpcClientProtocolClient (GrpcClientProtocolClient.java:onNext(255)) - client-729EAB8E4297->a9cb8897-0d38-4c59-817a-d67a8ba30c67: receive RaftClientReply:client-729EAB8E4297->a9cb8897-0d38-4c59-817a-d67a8ba30c67@group-A55F67FDC954, cid=968, SUCCESS, logIndex=1318, commits[a9cb8897-0d38-4c59-817a-d67a8ba30c67:c1318, 41e21bac-56c9-465a-a1cc-bc71b3ab473c:c1314, 2bfdf505-3a1f-44eb-9843-3820b2477da1:c1314]
2019-09-05 19:10:30,605 [grpc-default-executor-1] INFO  client.GrpcClientProtocolClient (GrpcClientProtocolClient.java:onNext(255)) - client-729EAB8E4297->a9cb8897-0d38-4c59-817a-d67a8ba30c67: receive RaftClientReply:client-729EAB8E4297->a9cb8897-0d38-4c59-817a-d67a8ba30c67@group-A55F67FDC954, cid=969, SUCCESS, logIndex=0, commits[a9cb8897-0d38-4c59-817a-d67a8ba30c67:c1320, 41e21bac-56c9-465a-a1cc-bc71b3ab473c:c1316, 2bfdf505-3a1f-44eb-9843-3820b2477da1:c1316]
2019-09-05 19:10:30,625 [grpc-default-executor-1] INFO  client.GrpcClientProtocolClient (GrpcClientProtocolClient.java:onNext(255)) - client-729EAB8E4297->a9cb8897-0d38-4c59-817a-d67a8ba30c67: receive RaftClientReply:client-729EAB8E4297->a9cb8897-0d38-4c59-817a-d67a8ba30c67@group-A55F67FDC954, cid=970, SUCCESS, logIndex=1323, commits[a9cb8897-0d38-4c59-817a-d67a8ba30c67:c1324, 41e21bac-56c9-465a-a1cc-bc71b3ab473c:c1322, 2bfdf505-3a1f-44eb-9843-3820b2477da1:c1322]
2019-09-05 19:10:30,625 [grpc-default-executor-1] INFO  client.GrpcClientProtocolClient (GrpcClientProtocolClient.java:onNext(255)) - client-729EAB8E4297->a9cb8897-0d38-4c59-817a-d67a8ba30c67: receive RaftClientReply:client-729EAB8E4297->a9cb8897-0d38-4c59-817a-d67a8ba30c67@group-A55F67FDC954, cid=971, SUCCESS, logIndex=1324, commits[a9cb8897-0d38-4c59-817a-d67a8ba30c67:c1324, 41e21bac-56c9-465a-a1cc-bc71b3ab473c:c1322, 2bfdf505-3a1f-44eb-9843-3820b2477da1:c1322]
2019-09-05 19:10:30,638 [grpc-default-executor-2] INFO  client.GrpcClientProtocolClient (GrpcClientProtocolClient.java:onNext(255)) - client-729EAB8E4297->a9cb8897-0d38-4c59-817a-d67a8ba30c67: receive RaftClientReply:client-729EAB8E4297->a9cb8897-0d38-4c59-817a-d67a8ba30c67@group-A55F67FDC954, cid=972, SUCCESS, logIndex=1327, commits[a9cb8897-0d38-4c59-817a-d67a8ba30c67:c1328, 41e21bac-56c9-465a-a1cc-bc71b3ab473c:c1324, 2bfdf505-3a1f-44eb-9843-3820b2477da1:c1324]
2019-09-05 19:10:30,638 [grpc-default-executor-2] INFO  client.GrpcClientProtocolClient (GrpcClientProtocolClient.java:onNext(255)) - client-729EAB8E4297->a9cb8897-0d38-4c59-817a-d67a8ba30c67: receive RaftClientReply:client-729EAB8E4297->a9cb8897-0d38-4c59-817a-d67a8ba30c67@group-A55F67FDC954, cid=973, SUCCESS, logIndex=1328, commits[a9cb8897-0d38-4c59-817a-d67a8ba30c67:c1328, 41e21bac-56c9-465a-a1cc-bc71b3ab473c:c1324, 2bfdf505-3a1f-44eb-9843-3820b2477da1:c1324]
2019-09-05 19:10:30,640 [grpc-default-executor-0] INFO  client.GrpcClientProtocolClient (GrpcClientProtocolClient.java:onNext(255)) - client-729EAB8E4297->a9cb8897-0d38-4c59-817a-d67a8ba30c67: receive RaftClientReply:client-729EAB8E4297->a9cb8897-0d38-4c59-817a-d67a8ba30c67@group-A55F67FDC954, cid=974, SUCCESS, logIndex=0, commits[a9cb8897-0d38-4c59-817a-d67a8ba30c67:c1329, 41e21bac-56c9-465a-a1cc-bc71b3ab473c:c1328, 2bfdf505-3a1f-44eb-9843-3820b2477da1:c1328]
2019-09-05 19:10:30,659 [grpc-default-executor-1] INFO  client.GrpcClientProtocolClient (GrpcClientProtocolClient.java:onNext(255)) - client-729EAB8E4297->a9cb8897-0d38-4c59-817a-d67a8ba30c67: receive RaftClientReply:client-729EAB8E4297->a9cb8897-0d38-4c59-817a-d67a8ba30c67@group-A55F67FDC954, cid=975, SUCCESS, logIndex=1331, commits[a9cb8897-0d38-4c59-817a-d67a8ba30c67:c1332, 41e21bac-56c9-465a-a1cc-bc71b3ab473c:c1330, 2bfdf505-3a1f-44eb-9843-3820b2477da1:c1330]
2019-09-05 19:10:30,660 [grpc-default-executor-2] INFO  client.GrpcClientProtocolClient (GrpcClientProtocolClient.java:onNext(255)) - client-729EAB8E4297->a9cb8897-0d38-4c59-817a-d67a8ba30c67: receive RaftClientReply:client-729EAB8E4297->a9cb8897-0d38-4c59-817a-d67a8ba30c67@group-A55F67FDC954, cid=976, SUCCESS, logIndex=1332, commits[a9cb8897-0d38-4c59-817a-d67a8ba30c67:c1332, 41e21bac-56c9-465a-a1cc-bc71b3ab473c:c1330, 2bfdf505-3a1f-44eb-9843-3820b2477da1:c1330]
2019-09-05 19:10:30,660 [grpc-default-executor-2] INFO  client.GrpcClientProtocolClient (GrpcClientProtocolClient.java:onNext(255)) - client-729EAB8E4297->a9cb8897-0d38-4c59-817a-d67a8ba30c67: receive RaftClientReply:client-729EAB8E4297->a9cb8897-0d38-4c59-817a-d67a8ba30c67@group-A55F67FDC954, cid=977, SUCCESS, logIndex=1333, commits[a9cb8897-0d38-4c59-817a-d67a8ba30c67:c1334, 41e21bac-56c9-465a-a1cc-bc71b3ab473c:c1330, 2bfdf505-3a1f-44eb-9843-3820b2477da1:c1330]
2019-09-05 19:10:30,660 [grpc-default-executor-2] INFO  client.GrpcClientProtocolClient (GrpcClientProtocolClient.java:onNext(255)) - client-729EAB8E4297->a9cb8897-0d38-4c59-817a-d67a8ba30c67: receive RaftClientReply:client-729EAB8E4297->a9cb8897-0d38-4c59-817a-d67a8ba30c67@group-A55F67FDC954, cid=978, SUCCESS, logIndex=1334, commits[a9cb8897-0d38-4c59-817a-d67a8ba30c67:c1334, 41e21bac-56c9-465a-a1cc-bc71b3ab473c:c1330, 2bfdf505-3a1f-44eb-9843-3820b2477da1:c1330]
2019-09-05 19:10:30,662 [grpc-default-executor-2] INFO  client.GrpcClientProtocolClient (GrpcClientProtocolClient.java:onNext(255)) - client-729EAB8E4297->a9cb8897-0d38-4c59-817a-d67a8ba30c67: receive RaftClientReply:client-729EAB8E4297->a9cb8897-0d38-4c59-817a-d67a8ba30c67@group-A55F67FDC954, cid=979, SUCCESS, logIndex=0, commits[a9cb8897-0d38-4c59-817a-d67a8ba30c67:c1337, 41e21bac-56c9-465a-a1cc-bc71b3ab473c:c1334, 2bfdf505-3a1f-44eb-9843-3820b2477da1:c1332]
2019-09-05 19:10:30,681 [grpc-default-executor-0] INFO  client.GrpcClientProtocolClient (GrpcClientProtocolClient.java:onNext(255)) - client-729EAB8E4297->a9cb8897-0d38-4c59-817a-d67a8ba30c67: receive RaftClientReply:client-729EAB8E4297->a9cb8897-0d38-4c59-817a-d67a8ba30c67@group-A55F67FDC954, cid=980, SUCCESS, logIndex=1338, commits[a9cb8897-0d38-4c59-817a-d67a8ba30c67:c1339, 41e21bac-56c9-465a-a1cc-bc71b3ab473c:c1337, 2bfdf505-3a1f-44eb-9843-3820b2477da1:c1337]
2019-09-05 19:10:30,682 [grpc-default-executor-0] INFO  client.GrpcClientProtocolClient (GrpcClientProtocolClient.java:onNext(255)) - client-729EAB8E4297->a9cb8897-0d38-4c59-817a-d67a8ba30c67: receive RaftClientReply:client-729EAB8E4297->a9cb8897-0d38-4c59-817a-d67a8ba30c67@group-A55F67FDC954, cid=981, SUCCESS, logIndex=1339, commits[a9cb8897-0d38-4c59-817a-d67a8ba30c67:c1339, 41e21bac-56c9-465a-a1cc-bc71b3ab473c:c1337, 2bfdf505-3a1f-44eb-9843-3820b2477da1:c1337]
2019-09-05 19:10:30,695 [grpc-default-executor-1] INFO  client.GrpcClientProtocolClient (GrpcClientProtocolClient.java:onNext(255)) - client-729EAB8E4297->a9cb8897-0d38-4c59-817a-d67a8ba30c67: receive RaftClientReply:client-729EAB8E4297->a9cb8897-0d38-4c59-817a-d67a8ba30c67@group-A55F67FDC954, cid=982, SUCCESS, logIndex=1342, commits[a9cb8897-0d38-4c59-817a-d67a8ba30c67:c1343, 41e21bac-56c9-465a-a1cc-bc71b3ab473c:c1339, 2bfdf505-3a1f-44eb-9843-3820b2477da1:c1339]
2019-09-05 19:10:30,695 [grpc-default-executor-1] INFO  client.GrpcClientProtocolClient (GrpcClientProtocolClient.java:onNext(255)) - client-729EAB8E4297->a9cb8897-0d38-4c59-817a-d67a8ba30c67: receive RaftClientReply:client-729EAB8E4297->a9cb8897-0d38-4c59-817a-d67a8ba30c67@group-A55F67FDC954, cid=983, SUCCESS, logIndex=1343, commits[a9cb8897-0d38-4c59-817a-d67a8ba30c67:c1343, 41e21bac-56c9-465a-a1cc-bc71b3ab473c:c1339, 2bfdf505-3a1f-44eb-9843-3820b2477da1:c1339]
2019-09-05 19:10:30,708 [grpc-default-executor-1] INFO  client.GrpcClientProtocolClient (GrpcClientProtocolClient.java:onNext(255)) - client-729EAB8E4297->a9cb8897-0d38-4c59-817a-d67a8ba30c67: receive RaftClientReply:client-729EAB8E4297->a9cb8897-0d38-4c59-817a-d67a8ba30c67@group-A55F67FDC954, cid=984, SUCCESS, logIndex=0, commits[a9cb8897-0d38-4c59-817a-d67a8ba30c67:c1345, 41e21bac-56c9-465a-a1cc-bc71b3ab473c:c1343, 2bfdf505-3a1f-44eb-9843-3820b2477da1:c1343]
2019-09-05 19:10:30,902 [grpc-default-executor-1] INFO  client.GrpcClientProtocolClient (GrpcClientProtocolClient.java:onNext(255)) - client-729EAB8E4297->a9cb8897-0d38-4c59-817a-d67a8ba30c67: receive RaftClientReply:client-729EAB8E4297->a9cb8897-0d38-4c59-817a-d67a8ba30c67@group-A55F67FDC954, cid=985, SUCCESS, logIndex=1346, commits[a9cb8897-0d38-4c59-817a-d67a8ba30c67:c1347, 41e21bac-56c9-465a-a1cc-bc71b3ab473c:c1345, 2bfdf505-3a1f-44eb-9843-3820b2477da1:c1345]
2019-09-05 19:10:30,903 [grpc-default-executor-1] INFO  client.GrpcClientProtocolClient (GrpcClientProtocolClient.java:onNext(255)) - client-729EAB8E4297->a9cb8897-0d38-4c59-817a-d67a8ba30c67: receive RaftClientReply:client-729EAB8E4297->a9cb8897-0d38-4c59-817a-d67a8ba30c67@group-A55F67FDC954, cid=986, SUCCESS, logIndex=1347, commits[a9cb8897-0d38-4c59-817a-d67a8ba30c67:c1349, 41e21bac-56c9-465a-a1cc-bc71b3ab473c:c1345, 2bfdf505-3a1f-44eb-9843-3820b2477da1:c1345]
2019-09-05 19:10:30,904 [grpc-default-executor-1] INFO  client.GrpcClientProtocolClient (GrpcClientProtocolClient.java:onNext(255)) - client-729EAB8E4297->a9cb8897-0d38-4c59-817a-d67a8ba30c67: receive RaftClientReply:client-729EAB8E4297->a9cb8897-0d38-4c59-817a-d67a8ba30c67@group-A55F67FDC954, cid=987, SUCCESS, logIndex=1348, commits[a9cb8897-0d38-4c59-817a-d67a8ba30c67:c1349, 41e21bac-56c9-465a-a1cc-bc71b3ab473c:c1345, 2bfdf505-3a1f-44eb-9843-3820b2477da1:c1345]
2019-09-05 19:10:30,905 [grpc-default-executor-1] INFO  client.GrpcClientProtocolClient (GrpcClientProtocolClient.java:onNext(255)) - client-729EAB8E4297->a9cb8897-0d38-4c59-817a-d67a8ba30c67: receive RaftClientReply:client-729EAB8E4297->a9cb8897-0d38-4c59-817a-d67a8ba30c67@group-A55F67FDC954, cid=988, SUCCESS, logIndex=1349, commits[a9cb8897-0d38-4c59-817a-d67a8ba30c67:c1350, 41e21bac-56c9-465a-a1cc-bc71b3ab473c:c1347, 2bfdf505-3a1f-44eb-9843-3820b2477da1:c1345]
2019-09-05 19:10:30,906 [grpc-default-executor-1] INFO  client.GrpcClientProtocolClient (GrpcClientProtocolClient.java:onNext(255)) - client-729EAB8E4297->a9cb8897-0d38-4c59-817a-d67a8ba30c67: receive RaftClientReply:client-729EAB8E4297->a9cb8897-0d38-4c59-817a-d67a8ba30c67@group-A55F67FDC954, cid=989, SUCCESS, logIndex=0, commits[a9cb8897-0d38-4c59-817a-d67a8ba30c67:c1353, 41e21bac-56c9-465a-a1cc-bc71b3ab473c:c1349, 2bfdf505-3a1f-44eb-9843-3820b2477da1:c1349]
2019-09-05 19:10:30,929 [grpc-default-executor-1] INFO  client.GrpcClientProtocolClient (GrpcClientProtocolClient.java:onNext(255)) - client-729EAB8E4297->a9cb8897-0d38-4c59-817a-d67a8ba30c67: receive RaftClientReply:client-729EAB8E4297->a9cb8897-0d38-4c59-817a-d67a8ba30c67@group-A55F67FDC954, cid=990, SUCCESS, logIndex=1354, commits[a9cb8897-0d38-4c59-817a-d67a8ba30c67:c1355, 41e21bac-56c9-465a-a1cc-bc71b3ab473c:c1353, 2bfdf505-3a1f-44eb-9843-3820b2477da1:c1353]
2019-09-05 19:10:30,929 [grpc-default-executor-1] INFO  client.GrpcClientProtocolClient (GrpcClientProtocolClient.java:onNext(255)) - client-729EAB8E4297->a9cb8897-0d38-4c59-817a-d67a8ba30c67: receive RaftClientReply:client-729EAB8E4297->a9cb8897-0d38-4c59-817a-d67a8ba30c67@group-A55F67FDC954, cid=991, SUCCESS, logIndex=1355, commits[a9cb8897-0d38-4c59-817a-d67a8ba30c67:c1355, 41e21bac-56c9-465a-a1cc-bc71b3ab473c:c1353, 2bfdf505-3a1f-44eb-9843-3820b2477da1:c1353]
2019-09-05 19:10:30,955 [grpc-default-executor-2] INFO  client.GrpcClientProtocolClient (GrpcClientProtocolClient.java:onNext(255)) - client-729EAB8E4297->a9cb8897-0d38-4c59-817a-d67a8ba30c67: receive RaftClientReply:client-729EAB8E4297->a9cb8897-0d38-4c59-817a-d67a8ba30c67@group-A55F67FDC954, cid=992, SUCCESS, logIndex=1358, commits[a9cb8897-0d38-4c59-817a-d67a8ba30c67:c1359, 41e21bac-56c9-465a-a1cc-bc71b3ab473c:c1355, 2bfdf505-3a1f-44eb-9843-3820b2477da1:c1355]
2019-09-05 19:10:30,956 [grpc-default-executor-2] INFO  client.GrpcClientProtocolClient (GrpcClientProtocolClient.java:onNext(255)) - client-729EAB8E4297->a9cb8897-0d38-4c59-817a-d67a8ba30c67: receive RaftClientReply:client-729EAB8E4297->a9cb8897-0d38-4c59-817a-d67a8ba30c67@group-A55F67FDC954, cid=993, SUCCESS, logIndex=1359, commits[a9cb8897-0d38-4c59-817a-d67a8ba30c67:c1359, 41e21bac-56c9-465a-a1cc-bc71b3ab473c:c1355, 2bfdf505-3a1f-44eb-9843-3820b2477da1:c1355]
2019-09-05 19:10:30,967 [grpc-default-executor-2] INFO  client.GrpcClientProtocolClient (GrpcClientProtocolClient.java:onNext(255)) - client-729EAB8E4297->a9cb8897-0d38-4c59-817a-d67a8ba30c67: receive RaftClientReply:client-729EAB8E4297->a9cb8897-0d38-4c59-817a-d67a8ba30c67@group-A55F67FDC954, cid=994, SUCCESS, logIndex=0, commits[a9cb8897-0d38-4c59-817a-d67a8ba30c67:c1360, 41e21bac-56c9-465a-a1cc-bc71b3ab473c:c1359, 2bfdf505-3a1f-44eb-9843-3820b2477da1:c1359]
2019-09-05 19:10:30,991 [grpc-default-executor-2] INFO  client.GrpcClientProtocolClient (GrpcClientProtocolClient.java:onNext(255)) - client-729EAB8E4297->a9cb8897-0d38-4c59-817a-d67a8ba30c67: receive RaftClientReply:client-729EAB8E4297->a9cb8897-0d38-4c59-817a-d67a8ba30c67@group-A55F67FDC954, cid=995, SUCCESS, logIndex=1362, commits[a9cb8897-0d38-4c59-817a-d67a8ba30c67:c1363, 41e21bac-56c9-465a-a1cc-bc71b3ab473c:c1361, 2bfdf505-3a1f-44eb-9843-3820b2477da1:c1361]
2019-09-05 19:10:30,992 [grpc-default-executor-2] INFO  client.GrpcClientProtocolClient (GrpcClientProtocolClient.java:onNext(255)) - client-729EAB8E4297->a9cb8897-0d38-4c59-817a-d67a8ba30c67: receive RaftClientReply:client-729EAB8E4297->a9cb8897-0d38-4c59-817a-d67a8ba30c67@group-A55F67FDC954, cid=996, SUCCESS, logIndex=1363, commits[a9cb8897-0d38-4c59-817a-d67a8ba30c67:c1365, 41e21bac-56c9-465a-a1cc-bc71b3ab473c:c1361, 2bfdf505-3a1f-44eb-9843-3820b2477da1:c1361]
2019-09-05 19:10:30,992 [grpc-default-executor-0] INFO  client.GrpcClientProtocolClient (GrpcClientProtocolClient.java:onNext(255)) - client-729EAB8E4297->a9cb8897-0d38-4c59-817a-d67a8ba30c67: receive RaftClientReply:client-729EAB8E4297->a9cb8897-0d38-4c59-817a-d67a8ba30c67@group-A55F67FDC954, cid=997, SUCCESS, logIndex=1364, commits[a9cb8897-0d38-4c59-817a-d67a8ba30c67:c1365, 41e21bac-56c9-465a-a1cc-bc71b3ab473c:c1361, 2bfdf505-3a1f-44eb-9843-3820b2477da1:c1361]
2019-09-05 19:10:30,993 [grpc-default-executor-0] INFO  client.GrpcClientProtocolClient (GrpcClientProtocolClient.java:onNext(255)) - client-729EAB8E4297->a9cb8897-0d38-4c59-817a-d67a8ba30c67: receive RaftClientReply:client-729EAB8E4297->a9cb8897-0d38-4c59-817a-d67a8ba30c67@group-A55F67FDC954, cid=998, SUCCESS, logIndex=1365, commits[a9cb8897-0d38-4c59-817a-d67a8ba30c67:c1365, 41e21bac-56c9-465a-a1cc-bc71b3ab473c:c1361, 2bfdf505-3a1f-44eb-9843-3820b2477da1:c1361]
2019-09-05 19:10:30,994 [grpc-default-executor-0] INFO  client.GrpcClientProtocolClient (GrpcClientProtocolClient.java:onNext(255)) - client-729EAB8E4297->a9cb8897-0d38-4c59-817a-d67a8ba30c67: receive RaftClientReply:client-729EAB8E4297->a9cb8897-0d38-4c59-817a-d67a8ba30c67@group-A55F67FDC954, cid=999, SUCCESS, logIndex=0, commits[a9cb8897-0d38-4c59-817a-d67a8ba30c67:c1368, 41e21bac-56c9-465a-a1cc-bc71b3ab473c:c1365, 2bfdf505-3a1f-44eb-9843-3820b2477da1:c1365]
2019-09-05 19:10:31,016 [grpc-default-executor-2] INFO  client.GrpcClientProtocolClient (GrpcClientProtocolClient.java:onNext(255)) - client-729EAB8E4297->a9cb8897-0d38-4c59-817a-d67a8ba30c67: receive RaftClientReply:client-729EAB8E4297->a9cb8897-0d38-4c59-817a-d67a8ba30c67@group-A55F67FDC954, cid=1000, SUCCESS, logIndex=1370, commits[a9cb8897-0d38-4c59-817a-d67a8ba30c67:c1371, 41e21bac-56c9-465a-a1cc-bc71b3ab473c:c1369, 2bfdf505-3a1f-44eb-9843-3820b2477da1:c1369]
2019-09-05 19:10:31,017 [grpc-default-executor-2] INFO  client.GrpcClientProtocolClient (GrpcClientProtocolClient.java:onNext(255)) - client-729EAB8E4297->a9cb8897-0d38-4c59-817a-d67a8ba30c67: receive RaftClientReply:client-729EAB8E4297->a9cb8897-0d38-4c59-817a-d67a8ba30c67@group-A55F67FDC954, cid=1001, SUCCESS, logIndex=1371, commits[a9cb8897-0d38-4c59-817a-d67a8ba30c67:c1371, 41e21bac-56c9-465a-a1cc-bc71b3ab473c:c1369, 2bfdf505-3a1f-44eb-9843-3820b2477da1:c1369]
2019-09-05 19:10:31,041 [grpc-default-executor-2] INFO  client.GrpcClientProtocolClient (GrpcClientProtocolClient.java:onNext(255)) - client-729EAB8E4297->a9cb8897-0d38-4c59-817a-d67a8ba30c67: receive RaftClientReply:client-729EAB8E4297->a9cb8897-0d38-4c59-817a-d67a8ba30c67@group-A55F67FDC954, cid=1002, SUCCESS, logIndex=1374, commits[a9cb8897-0d38-4c59-817a-d67a8ba30c67:c1375, 41e21bac-56c9-465a-a1cc-bc71b3ab473c:c1371, 2bfdf505-3a1f-44eb-9843-3820b2477da1:c1371]
2019-09-05 19:10:31,042 [grpc-default-executor-2] INFO  client.GrpcClientProtocolClient (GrpcClientProtocolClient.java:onNext(255)) - client-729EAB8E4297->a9cb8897-0d38-4c59-817a-d67a8ba30c67: receive RaftClientReply:client-729EAB8E4297->a9cb8897-0d38-4c59-817a-d67a8ba30c67@group-A55F67FDC954, cid=1003, SUCCESS, logIndex=1375, commits[a9cb8897-0d38-4c59-817a-d67a8ba30c67:c1375, 41e21bac-56c9-465a-a1cc-bc71b3ab473c:c1371, 2bfdf505-3a1f-44eb-9843-3820b2477da1:c1371]
2019-09-05 19:10:31,053 [grpc-default-executor-2] INFO  client.GrpcClientProtocolClient (GrpcClientProtocolClient.java:onNext(255)) - client-729EAB8E4297->a9cb8897-0d38-4c59-817a-d67a8ba30c67: receive RaftClientReply:client-729EAB8E4297->a9cb8897-0d38-4c59-817a-d67a8ba30c67@group-A55F67FDC954, cid=1004, SUCCESS, logIndex=0, commits[a9cb8897-0d38-4c59-817a-d67a8ba30c67:c1376, 41e21bac-56c9-465a-a1cc-bc71b3ab473c:c1375, 2bfdf505-3a1f-44eb-9843-3820b2477da1:c1375]
2019-09-05 19:10:31,075 [grpc-default-executor-0] INFO  client.GrpcClientProtocolClient (GrpcClientProtocolClient.java:onNext(255)) - client-729EAB8E4297->a9cb8897-0d38-4c59-817a-d67a8ba30c67: receive RaftClientReply:client-729EAB8E4297->a9cb8897-0d38-4c59-817a-d67a8ba30c67@group-A55F67FDC954, cid=1005, SUCCESS, logIndex=1378, commits[a9cb8897-0d38-4c59-817a-d67a8ba30c67:c1379, 41e21bac-56c9-465a-a1cc-bc71b3ab473c:c1377, 2bfdf505-3a1f-44eb-9843-3820b2477da1:c1377]
2019-09-05 19:10:31,080 [grpc-default-executor-0] INFO  client.GrpcClientProtocolClient (GrpcClientProtocolClient.java:onNext(255)) - client-729EAB8E4297->a9cb8897-0d38-4c59-817a-d67a8ba30c67: receive RaftClientReply:client-729EAB8E4297->a9cb8897-0d38-4c59-817a-d67a8ba30c67@group-A55F67FDC954, cid=1006, SUCCESS, logIndex=1379, commits[a9cb8897-0d38-4c59-817a-d67a8ba30c67:c1379, 41e21bac-56c9-465a-a1cc-bc71b3ab473c:c1377, 2bfdf505-3a1f-44eb-9843-3820b2477da1:c1377]
2019-09-05 19:10:31,081 [grpc-default-executor-0] INFO  client.GrpcClientProtocolClient (GrpcClientProtocolClient.java:onNext(255)) - client-729EAB8E4297->a9cb8897-0d38-4c59-817a-d67a8ba30c67: receive RaftClientReply:client-729EAB8E4297->a9cb8897-0d38-4c59-817a-d67a8ba30c67@group-A55F67FDC954, cid=1007, SUCCESS, logIndex=1380, commits[a9cb8897-0d38-4c59-817a-d67a8ba30c67:c1380, 41e21bac-56c9-465a-a1cc-bc71b3ab473c:c1377, 2bfdf505-3a1f-44eb-9843-3820b2477da1:c1377]
2019-09-05 19:10:31,081 [grpc-default-executor-0] INFO  client.GrpcClientProtocolClient (GrpcClientProtocolClient.java:onNext(255)) - client-729EAB8E4297->a9cb8897-0d38-4c59-817a-d67a8ba30c67: receive RaftClientReply:client-729EAB8E4297->a9cb8897-0d38-4c59-817a-d67a8ba30c67@group-A55F67FDC954, cid=1008, SUCCESS, logIndex=1381, commits[a9cb8897-0d38-4c59-817a-d67a8ba30c67:c1381, 41e21bac-56c9-465a-a1cc-bc71b3ab473c:c1377, 2bfdf505-3a1f-44eb-9843-3820b2477da1:c1377]
2019-09-05 19:10:31,082 [grpc-default-executor-0] INFO  client.GrpcClientProtocolClient (GrpcClientProtocolClient.java:onNext(255)) - client-729EAB8E4297->a9cb8897-0d38-4c59-817a-d67a8ba30c67: receive RaftClientReply:client-729EAB8E4297->a9cb8897-0d38-4c59-817a-d67a8ba30c67@group-A55F67FDC954, cid=1009, SUCCESS, logIndex=0, commits[a9cb8897-0d38-4c59-817a-d67a8ba30c67:c1383, 41e21bac-56c9-465a-a1cc-bc71b3ab473c:c1379, 2bfdf505-3a1f-44eb-9843-3820b2477da1:c1379]
2019-09-05 19:10:31,094 [grpc-default-executor-0] INFO  client.GrpcClientProtocolClient (GrpcClientProtocolClient.java:onNext(255)) - client-729EAB8E4297->a9cb8897-0d38-4c59-817a-d67a8ba30c67: receive RaftClientReply:client-729EAB8E4297->a9cb8897-0d38-4c59-817a-d67a8ba30c67@group-A55F67FDC954, cid=1010, SUCCESS, logIndex=1386, commits[a9cb8897-0d38-4c59-817a-d67a8ba30c67:c1387, 41e21bac-56c9-465a-a1cc-bc71b3ab473c:c1385, 2bfdf505-3a1f-44eb-9843-3820b2477da1:c1381]
2019-09-05 19:10:31,095 [grpc-default-executor-0] INFO  client.GrpcClientProtocolClient (GrpcClientProtocolClient.java:onNext(255)) - client-729EAB8E4297->a9cb8897-0d38-4c59-817a-d67a8ba30c67: receive RaftClientReply:client-729EAB8E4297->a9cb8897-0d38-4c59-817a-d67a8ba30c67@group-A55F67FDC954, cid=1011, SUCCESS, logIndex=1387, commits[a9cb8897-0d38-4c59-817a-d67a8ba30c67:c1387, 41e21bac-56c9-465a-a1cc-bc71b3ab473c:c1385, 2bfdf505-3a1f-44eb-9843-3820b2477da1:c1385]
2019-09-05 19:10:31,112 [grpc-default-executor-1] INFO  client.GrpcClientProtocolClient (GrpcClientProtocolClient.java:onNext(255)) - client-729EAB8E4297->a9cb8897-0d38-4c59-817a-d67a8ba30c67: receive RaftClientReply:client-729EAB8E4297->a9cb8897-0d38-4c59-817a-d67a8ba30c67@group-A55F67FDC954, cid=1012, SUCCESS, logIndex=1390, commits[a9cb8897-0d38-4c59-817a-d67a8ba30c67:c1391, 41e21bac-56c9-465a-a1cc-bc71b3ab473c:c1389, 2bfdf505-3a1f-44eb-9843-3820b2477da1:c1389]
2019-09-05 19:10:31,112 [grpc-default-executor-1] INFO  client.GrpcClientProtocolClient (GrpcClientProtocolClient.java:onNext(255)) - client-729EAB8E4297->a9cb8897-0d38-4c59-817a-d67a8ba30c67: receive RaftClientReply:client-729EAB8E4297->a9cb8897-0d38-4c59-817a-d67a8ba30c67@group-A55F67FDC954, cid=1013, SUCCESS, logIndex=1391, commits[a9cb8897-0d38-4c59-817a-d67a8ba30c67:c1391, 41e21bac-56c9-465a-a1cc-bc71b3ab473c:c1389, 2bfdf505-3a1f-44eb-9843-3820b2477da1:c1389]
2019-09-05 19:10:31,116 [grpc-default-executor-1] INFO  client.GrpcClientProtocolClient (GrpcClientProtocolClient.java:onNext(255)) - client-729EAB8E4297->a9cb8897-0d38-4c59-817a-d67a8ba30c67: receive RaftClientReply:client-729EAB8E4297->a9cb8897-0d38-4c59-817a-d67a8ba30c67@group-A55F67FDC954, cid=1014, SUCCESS, logIndex=0, commits[a9cb8897-0d38-4c59-817a-d67a8ba30c67:c1393, 41e21bac-56c9-465a-a1cc-bc71b3ab473c:c1391, 2bfdf505-3a1f-44eb-9843-3820b2477da1:c1391]
2019-09-05 19:10:31,130 [grpc-default-executor-0] INFO  client.GrpcClientProtocolClient (GrpcClientProtocolClient.java:onNext(255)) - client-729EAB8E4297->a9cb8897-0d38-4c59-817a-d67a8ba30c67: receive RaftClientReply:client-729EAB8E4297->a9cb8897-0d38-4c59-817a-d67a8ba30c67@group-A55F67FDC954, cid=1015, SUCCESS, logIndex=1394, commits[a9cb8897-0d38-4c59-817a-d67a8ba30c67:c1395, 41e21bac-56c9-465a-a1cc-bc71b3ab473c:c1393, 2bfdf505-3a1f-44eb-9843-3820b2477da1:c1393]
2019-09-05 19:10:31,131 [grpc-default-executor-0] INFO  client.GrpcClientProtocolClient (GrpcClientProtocolClient.java:onNext(255)) - client-729EAB8E4297->a9cb8897-0d38-4c59-817a-d67a8ba30c67: receive RaftClientReply:client-729EAB8E4297->a9cb8897-0d38-4c59-817a-d67a8ba30c67@group-A55F67FDC954, cid=1016, SUCCESS, logIndex=1395, commits[a9cb8897-0d38-4c59-817a-d67a8ba30c67:c1395, 41e21bac-56c9-465a-a1cc-bc71b3ab473c:c1393, 2bfdf505-3a1f-44eb-9843-3820b2477da1:c1393]
2019-09-05 19:10:31,135 [grpc-default-executor-0] INFO  client.GrpcClientProtocolClient (GrpcClientProtocolClient.java:onNext(255)) - client-729EAB8E4297->a9cb8897-0d38-4c59-817a-d67a8ba30c67: receive RaftClientReply:client-729EAB8E4297->a9cb8897-0d38-4c59-817a-d67a8ba30c67@group-A55F67FDC954, cid=1017, SUCCESS, logIndex=1396, commits[a9cb8897-0d38-4c59-817a-d67a8ba30c67:c1399, 41e21bac-56c9-465a-a1cc-bc71b3ab473c:c1395, 2bfdf505-3a1f-44eb-9843-3820b2477da1:c1393]
2019-09-05 19:10:31,135 [grpc-default-executor-0] INFO  client.GrpcClientProtocolClient (GrpcClientProtocolClient.java:onNext(255)) - client-729EAB8E4297->a9cb8897-0d38-4c59-817a-d67a8ba30c67: receive RaftClientReply:client-729EAB8E4297->a9cb8897-0d38-4c59-817a-d67a8ba30c67@group-A55F67FDC954, cid=1018, SUCCESS, logIndex=1397, commits[a9cb8897-0d38-4c59-817a-d67a8ba30c67:c1399, 41e21bac-56c9-465a-a1cc-bc71b3ab473c:c1395, 2bfdf505-3a1f-44eb-9843-3820b2477da1:c1395]
2019-09-05 19:10:31,149 [grpc-default-executor-0] INFO  client.GrpcClientProtocolClient (GrpcClientProtocolClient.java:onNext(255)) - client-729EAB8E4297->a9cb8897-0d38-4c59-817a-d67a8ba30c67: receive RaftClientReply:client-729EAB8E4297->a9cb8897-0d38-4c59-817a-d67a8ba30c67@group-A55F67FDC954, cid=1019, SUCCESS, logIndex=1402, commits[a9cb8897-0d38-4c59-817a-d67a8ba30c67:c1403, 41e21bac-56c9-465a-a1cc-bc71b3ab473c:c1401, 2bfdf505-3a1f-44eb-9843-3820b2477da1:c1401]
2019-09-05 19:10:31,149 [grpc-default-executor-0] INFO  client.GrpcClientProtocolClient (GrpcClientProtocolClient.java:onNext(255)) - client-729EAB8E4297->a9cb8897-0d38-4c59-817a-d67a8ba30c67: receive RaftClientReply:client-729EAB8E4297->a9cb8897-0d38-4c59-817a-d67a8ba30c67@group-A55F67FDC954, cid=1020, SUCCESS, logIndex=1403, commits[a9cb8897-0d38-4c59-817a-d67a8ba30c67:c1403, 41e21bac-56c9-465a-a1cc-bc71b3ab473c:c1401, 2bfdf505-3a1f-44eb-9843-3820b2477da1:c1401]
2019-09-05 19:10:31,184 [grpc-default-executor-4] INFO  client.GrpcClientProtocolClient (GrpcClientProtocolClient.java:onNext(255)) - client-729EAB8E4297->a9cb8897-0d38-4c59-817a-d67a8ba30c67: receive RaftClientReply:client-729EAB8E4297->a9cb8897-0d38-4c59-817a-d67a8ba30c67@group-A55F67FDC954, cid=1021, SUCCESS, logIndex=1406, commits[a9cb8897-0d38-4c59-817a-d67a8ba30c67:c1407, 41e21bac-56c9-465a-a1cc-bc71b3ab473c:c1405, 2bfdf505-3a1f-44eb-9843-3820b2477da1:c1405]
2019-09-05 19:10:31,184 [grpc-default-executor-4] INFO  client.GrpcClientProtocolClient (GrpcClientProtocolClient.java:onNext(255)) - client-729EAB8E4297->a9cb8897-0d38-4c59-817a-d67a8ba30c67: receive RaftClientReply:client-729EAB8E4297->a9cb8897-0d38-4c59-817a-d67a8ba30c67@group-A55F67FDC954, cid=1022, SUCCESS, logIndex=1407, commits[a9cb8897-0d38-4c59-817a-d67a8ba30c67:c1407, 41e21bac-56c9-465a-a1cc-bc71b3ab473c:c1405, 2bfdf505-3a1f-44eb-9843-3820b2477da1:c1405]
2019-09-05 19:10:31,194 [grpc-default-executor-4] INFO  client.GrpcClientProtocolClient (GrpcClientProtocolClient.java:onNext(255)) - client-729EAB8E4297->a9cb8897-0d38-4c59-817a-d67a8ba30c67: receive RaftClientReply:client-729EAB8E4297->a9cb8897-0d38-4c59-817a-d67a8ba30c67@group-A55F67FDC954, cid=1023, SUCCESS, logIndex=0, commits[a9cb8897-0d38-4c59-817a-d67a8ba30c67:c1409, 41e21bac-56c9-465a-a1cc-bc71b3ab473c:c1407, 2bfdf505-3a1f-44eb-9843-3820b2477da1:c1407]
2019-09-05 19:10:31,216 [grpc-default-executor-3] INFO  client.GrpcClientProtocolClient (GrpcClientProtocolClient.java:onNext(255)) - client-729EAB8E4297->a9cb8897-0d38-4c59-817a-d67a8ba30c67: receive RaftClientReply:client-729EAB8E4297->a9cb8897-0d38-4c59-817a-d67a8ba30c67@group-A55F67FDC954, cid=1024, SUCCESS, logIndex=1410, commits[a9cb8897-0d38-4c59-817a-d67a8ba30c67:c1411, 41e21bac-56c9-465a-a1cc-bc71b3ab473c:c1409, 2bfdf505-3a1f-44eb-9843-3820b2477da1:c1407]
2019-09-05 19:10:31,216 [grpc-default-executor-3] INFO  client.GrpcClientProtocolClient (GrpcClientProtocolClient.java:onNext(255)) - client-729EAB8E4297->a9cb8897-0d38-4c59-817a-d67a8ba30c67: receive RaftClientReply:client-729EAB8E4297->a9cb8897-0d38-4c59-817a-d67a8ba30c67@group-A55F67FDC954, cid=1025, SUCCESS, logIndex=1411, commits[a9cb8897-0d38-4c59-817a-d67a8ba30c67:c1413, 41e21bac-56c9-465a-a1cc-bc71b3ab473c:c1409, 2bfdf505-3a1f-44eb-9843-3820b2477da1:c1409]
2019-09-05 19:10:31,216 [grpc-default-executor-3] INFO  client.GrpcClientProtocolClient (GrpcClientProtocolClient.java:onNext(255)) - client-729EAB8E4297->a9cb8897-0d38-4c59-817a-d67a8ba30c67: receive RaftClientReply:client-729EAB8E4297->a9cb8897-0d38-4c59-817a-d67a8ba30c67@group-A55F67FDC954, cid=1026, SUCCESS, logIndex=1412, commits[a9cb8897-0d38-4c59-817a-d67a8ba30c67:c1413, 41e21bac-56c9-465a-a1cc-bc71b3ab473c:c1409, 2bfdf505-3a1f-44eb-9843-3820b2477da1:c1409]
2019-09-05 19:10:31,217 [grpc-default-executor-3] INFO  client.GrpcClientProtocolClient (GrpcClientProtocolClient.java:onNext(255)) - client-729EAB8E4297->a9cb8897-0d38-4c59-817a-d67a8ba30c67: receive RaftClientReply:client-729EAB8E4297->a9cb8897-0d38-4c59-817a-d67a8ba30c67@group-A55F67FDC954, cid=1027, SUCCESS, logIndex=1413, commits[a9cb8897-0d38-4c59-817a-d67a8ba30c67:c1413, 41e21bac-56c9-465a-a1cc-bc71b3ab473c:c1409, 2bfdf505-3a1f-44eb-9843-3820b2477da1:c1409]
2019-09-05 19:10:31,227 [grpc-default-executor-3] INFO  client.GrpcClientProtocolClient (GrpcClientProtocolClient.java:onNext(255)) - client-729EAB8E4297->a9cb8897-0d38-4c59-817a-d67a8ba30c67: receive RaftClientReply:client-729EAB8E4297->a9cb8897-0d38-4c59-817a-d67a8ba30c67@group-A55F67FDC954, cid=1028, SUCCESS, logIndex=0, commits[a9cb8897-0d38-4c59-817a-d67a8ba30c67:c1414, 41e21bac-56c9-465a-a1cc-bc71b3ab473c:c1411, 2bfdf505-3a1f-44eb-9843-3820b2477da1:c1411]
2019-09-05 19:10:31,248 [grpc-default-executor-3] INFO  client.GrpcClientProtocolClient (GrpcClientProtocolClient.java:onNext(255)) - client-729EAB8E4297->a9cb8897-0d38-4c59-817a-d67a8ba30c67: receive RaftClientReply:client-729EAB8E4297->a9cb8897-0d38-4c59-817a-d67a8ba30c67@group-A55F67FDC954, cid=1029, SUCCESS, logIndex=1417, commits[a9cb8897-0d38-4c59-817a-d67a8ba30c67:c1417, 41e21bac-56c9-465a-a1cc-bc71b3ab473c:c1416, 2bfdf505-3a1f-44eb-9843-3820b2477da1:c1416]
2019-09-05 19:10:31,248 [grpc-default-executor-3] INFO  client.GrpcClientProtocolClient (GrpcClientProtocolClient.java:onNext(255)) - client-729EAB8E4297->a9cb8897-0d38-4c59-817a-d67a8ba30c67: receive RaftClientReply:client-729EAB8E4297->a9cb8897-0d38-4c59-817a-d67a8ba30c67@group-A55F67FDC954, cid=1030, SUCCESS, logIndex=1418, commits[a9cb8897-0d38-4c59-817a-d67a8ba30c67:c1418, 41e21bac-56c9-465a-a1cc-bc71b3ab473c:c1416, 2bfdf505-3a1f-44eb-9843-3820b2477da1:c1416]
 0.00% |█                                                                                                    |  0/1 Time: 0:00:052019-09-05 19:10:31,262 [grpc-default-executor-1] INFO  client.GrpcClientProtocolClient (GrpcClientProtocolClient.java:onNext(255)) - client-729EAB8E4297->a9cb8897-0d38-4c59-817a-d67a8ba30c67: receive RaftClientReply:client-729EAB8E4297->a9cb8897-0d38-4c59-817a-d67a8ba30c67@group-A55F67FDC954, cid=1031, SUCCESS, logIndex=1421, commits[a9cb8897-0d38-4c59-817a-d67a8ba30c67:c1421, 41e21bac-56c9-465a-a1cc-bc71b3ab473c:c1418, 2bfdf505-3a1f-44eb-9843-3820b2477da1:c1417]
2019-09-05 19:10:31,262 [grpc-default-executor-1] INFO  client.GrpcClientProtocolClient (GrpcClientProtocolClient.java:onNext(255)) - client-729EAB8E4297->a9cb8897-0d38-4c59-817a-d67a8ba30c67: receive RaftClientReply:client-729EAB8E4297->a9cb8897-0d38-4c59-817a-d67a8ba30c67@group-A55F67FDC954, cid=1032, SUCCESS, logIndex=1422, commits[a9cb8897-0d38-4c59-817a-d67a8ba30c67:c1422, 41e21bac-56c9-465a-a1cc-bc71b3ab473c:c1418, 2bfdf505-3a1f-44eb-9843-3820b2477da1:c1418]
2019-09-05 19:10:31,274 [grpc-default-executor-1] INFO  client.GrpcClientProtocolClient (GrpcClientProtocolClient.java:onNext(255)) - client-729EAB8E4297->a9cb8897-0d38-4c59-817a-d67a8ba30c67: receive RaftClientReply:client-729EAB8E4297->a9cb8897-0d38-4c59-817a-d67a8ba30c67@group-A55F67FDC954, cid=1033, SUCCESS, logIndex=0, commits[a9cb8897-0d38-4c59-817a-d67a8ba30c67:c1424, 41e21bac-56c9-465a-a1cc-bc71b3ab473c:c1422, 2bfdf505-3a1f-44eb-9843-3820b2477da1:c1422]
2019-09-05 19:10:31,295 [grpc-default-executor-1] INFO  client.GrpcClientProtocolClient (GrpcClientProtocolClient.java:onNext(255)) - client-729EAB8E4297->a9cb8897-0d38-4c59-817a-d67a8ba30c67: receive RaftClientReply:client-729EAB8E4297->a9cb8897-0d38-4c59-817a-d67a8ba30c67@group-A55F67FDC954, cid=1034, SUCCESS, logIndex=1425, commits[a9cb8897-0d38-4c59-817a-d67a8ba30c67:c1426, 41e21bac-56c9-465a-a1cc-bc71b3ab473c:c1424, 2bfdf505-3a1f-44eb-9843-3820b2477da1:c1424]
2019-09-05 19:10:31,296 [grpc-default-executor-3] INFO  client.GrpcClientProtocolClient (GrpcClientProtocolClient.java:onNext(255)) - client-729EAB8E4297->a9cb8897-0d38-4c59-817a-d67a8ba30c67: receive RaftClientReply:client-729EAB8E4297->a9cb8897-0d38-4c59-817a-d67a8ba30c67@group-A55F67FDC954, cid=1035, SUCCESS, logIndex=1426, commits[a9cb8897-0d38-4c59-817a-d67a8ba30c67:c1426, 41e21bac-56c9-465a-a1cc-bc71b3ab473c:c1424, 2bfdf505-3a1f-44eb-9843-3820b2477da1:c1424]
2019-09-05 19:10:31,297 [grpc-default-executor-3] INFO  client.GrpcClientProtocolClient (GrpcClientProtocolClient.java:onNext(255)) - client-729EAB8E4297->a9cb8897-0d38-4c59-817a-d67a8ba30c67: receive RaftClientReply:client-729EAB8E4297->a9cb8897-0d38-4c59-817a-d67a8ba30c67@group-A55F67FDC954, cid=1036, SUCCESS, logIndex=1427, commits[a9cb8897-0d38-4c59-817a-d67a8ba30c67:c1428, 41e21bac-56c9-465a-a1cc-bc71b3ab473c:c1424, 2bfdf505-3a1f-44eb-9843-3820b2477da1:c1424]
2019-09-05 19:10:31,298 [grpc-default-executor-3] INFO  client.GrpcClientProtocolClient (GrpcClientProtocolClient.java:onNext(255)) - client-729EAB8E4297->a9cb8897-0d38-4c59-817a-d67a8ba30c67: receive RaftClientReply:client-729EAB8E4297->a9cb8897-0d38-4c59-817a-d67a8ba30c67@group-A55F67FDC954, cid=1037, SUCCESS, logIndex=1428, commits[a9cb8897-0d38-4c59-817a-d67a8ba30c67:c1429, 41e21bac-56c9-465a-a1cc-bc71b3ab473c:c1425, 2bfdf505-3a1f-44eb-9843-3820b2477da1:c1424]
2019-09-05 19:10:31,299 [grpc-default-executor-3] INFO  client.GrpcClientProtocolClient (GrpcClientProtocolClient.java:onNext(255)) - client-729EAB8E4297->a9cb8897-0d38-4c59-817a-d67a8ba30c67: receive RaftClientReply:client-729EAB8E4297->a9cb8897-0d38-4c59-817a-d67a8ba30c67@group-A55F67FDC954, cid=1038, SUCCESS, logIndex=0, commits[a9cb8897-0d38-4c59-817a-d67a8ba30c67:c1432, 41e21bac-56c9-465a-a1cc-bc71b3ab473c:c1428, 2bfdf505-3a1f-44eb-9843-3820b2477da1:c1428]
2019-09-05 19:10:31,322 [grpc-default-executor-0] INFO  client.GrpcClientProtocolClient (GrpcClientProtocolClient.java:onNext(255)) - client-729EAB8E4297->a9cb8897-0d38-4c59-817a-d67a8ba30c67: receive RaftClientReply:client-729EAB8E4297->a9cb8897-0d38-4c59-817a-d67a8ba30c67@group-A55F67FDC954, cid=1039, SUCCESS, logIndex=1433, commits[a9cb8897-0d38-4c59-817a-d67a8ba30c67:c1434, 41e21bac-56c9-465a-a1cc-bc71b3ab473c:c1432, 2bfdf505-3a1f-44eb-9843-3820b2477da1:c1432]
2019-09-05 19:10:31,322 [grpc-default-executor-0] INFO  client.GrpcClientProtocolClient (GrpcClientProtocolClient.java:onNext(255)) - client-729EAB8E4297->a9cb8897-0d38-4c59-817a-d67a8ba30c67: receive RaftClientReply:client-729EAB8E4297->a9cb8897-0d38-4c59-817a-d67a8ba30c67@group-A55F67FDC954, cid=1040, SUCCESS, logIndex=1434, commits[a9cb8897-0d38-4c59-817a-d67a8ba30c67:c1434, 41e21bac-56c9-465a-a1cc-bc71b3ab473c:c1432, 2bfdf505-3a1f-44eb-9843-3820b2477da1:c1432]
2019-09-05 19:10:31,349 [grpc-default-executor-4] INFO  client.GrpcClientProtocolClient (GrpcClientProtocolClient.java:onNext(255)) - client-729EAB8E4297->a9cb8897-0d38-4c59-817a-d67a8ba30c67: receive RaftClientReply:client-729EAB8E4297->a9cb8897-0d38-4c59-817a-d67a8ba30c67@group-A55F67FDC954, cid=1041, SUCCESS, logIndex=1437, commits[a9cb8897-0d38-4c59-817a-d67a8ba30c67:c1438, 41e21bac-56c9-465a-a1cc-bc71b3ab473c:c1434, 2bfdf505-3a1f-44eb-9843-3820b2477da1:c1434]
2019-09-05 19:10:31,350 [grpc-default-executor-4] INFO  client.GrpcClientProtocolClient (GrpcClientProtocolClient.java:onNext(255)) - client-729EAB8E4297->a9cb8897-0d38-4c59-817a-d67a8ba30c67: receive RaftClientReply:client-729EAB8E4297->a9cb8897-0d38-4c59-817a-d67a8ba30c67@group-A55F67FDC954, cid=1042, SUCCESS, logIndex=1438, commits[a9cb8897-0d38-4c59-817a-d67a8ba30c67:c1438, 41e21bac-56c9-465a-a1cc-bc71b3ab473c:c1434, 2bfdf505-3a1f-44eb-9843-3820b2477da1:c1434]
2019-09-05 19:10:31,353 [grpc-default-executor-0] INFO  client.GrpcClientProtocolClient (GrpcClientProtocolClient.java:onNext(255)) - client-729EAB8E4297->a9cb8897-0d38-4c59-817a-d67a8ba30c67: receive RaftClientReply:client-729EAB8E4297->a9cb8897-0d38-4c59-817a-d67a8ba30c67@group-A55F67FDC954, cid=1043, SUCCESS, logIndex=0, commits[a9cb8897-0d38-4c59-817a-d67a8ba30c67:c1440, 41e21bac-56c9-465a-a1cc-bc71b3ab473c:c1438, 2bfdf505-3a1f-44eb-9843-3820b2477da1:c1438]
2019-09-05 19:10:31,370 [grpc-default-executor-0] INFO  client.GrpcClientProtocolClient (GrpcClientProtocolClient.java:onNext(255)) - client-729EAB8E4297->a9cb8897-0d38-4c59-817a-d67a8ba30c67: receive RaftClientReply:client-729EAB8E4297->a9cb8897-0d38-4c59-817a-d67a8ba30c67@group-A55F67FDC954, cid=1044, SUCCESS, logIndex=1441, commits[a9cb8897-0d38-4c59-817a-d67a8ba30c67:c1442, 41e21bac-56c9-465a-a1cc-bc71b3ab473c:c1440, 2bfdf505-3a1f-44eb-9843-3820b2477da1:c1440]
2019-09-05 19:10:31,371 [grpc-default-executor-0] INFO  client.GrpcClientProtocolClient (GrpcClientProtocolClient.java:onNext(255)) - client-729EAB8E4297->a9cb8897-0d38-4c59-817a-d67a8ba30c67: receive RaftClientReply:client-729EAB8E4297->a9cb8897-0d38-4c59-817a-d67a8ba30c67@group-A55F67FDC954, cid=1045, SUCCESS, logIndex=1442, commits[a9cb8897-0d38-4c59-817a-d67a8ba30c67:c1442, 41e21bac-56c9-465a-a1cc-bc71b3ab473c:c1440, 2bfdf505-3a1f-44eb-9843-3820b2477da1:c1440]
2019-09-05 19:10:31,375 [grpc-default-executor-0] INFO  client.GrpcClientProtocolClient (GrpcClientProtocolClient.java:onNext(255)) - client-729EAB8E4297->a9cb8897-0d38-4c59-817a-d67a8ba30c67: receive RaftClientReply:client-729EAB8E4297->a9cb8897-0d38-4c59-817a-d67a8ba30c67@group-A55F67FDC954, cid=1046, SUCCESS, logIndex=1443, commits[a9cb8897-0d38-4c59-817a-d67a8ba30c67:c1446, 41e21bac-56c9-465a-a1cc-bc71b3ab473c:c1442, 2bfdf505-3a1f-44eb-9843-3820b2477da1:c1440]
2019-09-05 19:10:31,376 [grpc-default-executor-0] INFO  client.GrpcClientProtocolClient (GrpcClientProtocolClient.java:onNext(255)) - client-729EAB8E4297->a9cb8897-0d38-4c59-817a-d67a8ba30c67: receive RaftClientReply:client-729EAB8E4297->a9cb8897-0d38-4c59-817a-d67a8ba30c67@group-A55F67FDC954, cid=1047, SUCCESS, logIndex=1444, commits[a9cb8897-0d38-4c59-817a-d67a8ba30c67:c1446, 41e21bac-56c9-465a-a1cc-bc71b3ab473c:c1442, 2bfdf505-3a1f-44eb-9843-3820b2477da1:c1442]
2019-09-05 19:10:31,392 [grpc-default-executor-3] INFO  client.GrpcClientProtocolClient (GrpcClientProtocolClient.java:onNext(255)) - client-729EAB8E4297->a9cb8897-0d38-4c59-817a-d67a8ba30c67: receive RaftClientReply:client-729EAB8E4297->a9cb8897-0d38-4c59-817a-d67a8ba30c67@group-A55F67FDC954, cid=1048, SUCCESS, logIndex=1449, commits[a9cb8897-0d38-4c59-817a-d67a8ba30c67:c1450, 41e21bac-56c9-465a-a1cc-bc71b3ab473c:c1448, 2bfdf505-3a1f-44eb-9843-3820b2477da1:c1448]
2019-09-05 19:10:31,393 [grpc-default-executor-3] INFO  client.GrpcClientProtocolClient (GrpcClientProtocolClient.java:onNext(255)) - client-729EAB8E4297->a9cb8897-0d38-4c59-817a-d67a8ba30c67: receive RaftClientReply:client-729EAB8E4297->a9cb8897-0d38-4c59-817a-d67a8ba30c67@group-A55F67FDC954, cid=1049, SUCCESS, logIndex=1450, commits[a9cb8897-0d38-4c59-817a-d67a8ba30c67:c1450, 41e21bac-56c9-465a-a1cc-bc71b3ab473c:c1448, 2bfdf505-3a1f-44eb-9843-3820b2477da1:c1448]
2019-09-05 19:10:31,409 [grpc-default-executor-3] INFO  client.GrpcClientProtocolClient (GrpcClientProtocolClient.java:onNext(255)) - client-729EAB8E4297->a9cb8897-0d38-4c59-817a-d67a8ba30c67: receive RaftClientReply:client-729EAB8E4297->a9cb8897-0d38-4c59-817a-d67a8ba30c67@group-A55F67FDC954, cid=1050, SUCCESS, logIndex=1453, commits[a9cb8897-0d38-4c59-817a-d67a8ba30c67:c1454, 41e21bac-56c9-465a-a1cc-bc71b3ab473c:c1452, 2bfdf505-3a1f-44eb-9843-3820b2477da1:c1452]
2019-09-05 19:10:31,411 [grpc-default-executor-3] INFO  client.GrpcClientProtocolClient (GrpcClientProtocolClient.java:onNext(255)) - client-729EAB8E4297->a9cb8897-0d38-4c59-817a-d67a8ba30c67: receive RaftClientReply:client-729EAB8E4297->a9cb8897-0d38-4c59-817a-d67a8ba30c67@group-A55F67FDC954, cid=1051, SUCCESS, logIndex=1454, commits[a9cb8897-0d38-4c59-817a-d67a8ba30c67:c1454, 41e21bac-56c9-465a-a1cc-bc71b3ab473c:c1452, 2bfdf505-3a1f-44eb-9843-3820b2477da1:c1452]
2019-09-05 19:10:31,428 [grpc-default-executor-3] INFO  client.GrpcClientProtocolClient (GrpcClientProtocolClient.java:onNext(255)) - client-729EAB8E4297->a9cb8897-0d38-4c59-817a-d67a8ba30c67: receive RaftClientReply:client-729EAB8E4297->a9cb8897-0d38-4c59-817a-d67a8ba30c67@group-A55F67FDC954, cid=1052, SUCCESS, logIndex=0, commits[a9cb8897-0d38-4c59-817a-d67a8ba30c67:c1455, 41e21bac-56c9-465a-a1cc-bc71b3ab473c:c1454, 2bfdf505-3a1f-44eb-9843-3820b2477da1:c1454]
2019-09-05 19:10:31,452 [grpc-default-executor-3] INFO  client.GrpcClientProtocolClient (GrpcClientProtocolClient.java:onNext(255)) - client-729EAB8E4297->a9cb8897-0d38-4c59-817a-d67a8ba30c67: receive RaftClientReply:client-729EAB8E4297->a9cb8897-0d38-4c59-817a-d67a8ba30c67@group-A55F67FDC954, cid=1053, SUCCESS, logIndex=1457, commits[a9cb8897-0d38-4c59-817a-d67a8ba30c67:c1458, 41e21bac-56c9-465a-a1cc-bc71b3ab473c:c1456, 2bfdf505-3a1f-44eb-9843-3820b2477da1:c1454]
2019-09-05 19:10:31,453 [grpc-default-executor-3] INFO  client.GrpcClientProtocolClient (GrpcClientProtocolClient.java:onNext(255)) - client-729EAB8E4297->a9cb8897-0d38-4c59-817a-d67a8ba30c67: receive RaftClientReply:client-729EAB8E4297->a9cb8897-0d38-4c59-817a-d67a8ba30c67@group-A55F67FDC954, cid=1054, SUCCESS, logIndex=1458, commits[a9cb8897-0d38-4c59-817a-d67a8ba30c67:c1458, 41e21bac-56c9-465a-a1cc-bc71b3ab473c:c1456, 2bfdf505-3a1f-44eb-9843-3820b2477da1:c1456]
2019-09-05 19:10:31,454 [grpc-default-executor-3] INFO  client.GrpcClientProtocolClient (GrpcClientProtocolClient.java:onNext(255)) - client-729EAB8E4297->a9cb8897-0d38-4c59-817a-d67a8ba30c67: receive RaftClientReply:client-729EAB8E4297->a9cb8897-0d38-4c59-817a-d67a8ba30c67@group-A55F67FDC954, cid=1055, SUCCESS, logIndex=1459, commits[a9cb8897-0d38-4c59-817a-d67a8ba30c67:c1460, 41e21bac-56c9-465a-a1cc-bc71b3ab473c:c1456, 2bfdf505-3a1f-44eb-9843-3820b2477da1:c1456]
2019-09-05 19:10:31,454 [grpc-default-executor-3] INFO  client.GrpcClientProtocolClient (GrpcClientProtocolClient.java:onNext(255)) - client-729EAB8E4297->a9cb8897-0d38-4c59-817a-d67a8ba30c67: receive RaftClientReply:client-729EAB8E4297->a9cb8897-0d38-4c59-817a-d67a8ba30c67@group-A55F67FDC954, cid=1056, SUCCESS, logIndex=1460, commits[a9cb8897-0d38-4c59-817a-d67a8ba30c67:c1460, 41e21bac-56c9-465a-a1cc-bc71b3ab473c:c1456, 2bfdf505-3a1f-44eb-9843-3820b2477da1:c1456]
2019-09-05 19:10:31,456 [grpc-default-executor-0] INFO  client.GrpcClientProtocolClient (GrpcClientProtocolClient.java:onNext(255)) - client-729EAB8E4297->a9cb8897-0d38-4c59-817a-d67a8ba30c67: receive RaftClientReply:client-729EAB8E4297->a9cb8897-0d38-4c59-817a-d67a8ba30c67@group-A55F67FDC954, cid=1057, SUCCESS, logIndex=0, commits[a9cb8897-0d38-4c59-817a-d67a8ba30c67:c1464, 41e21bac-56c9-465a-a1cc-bc71b3ab473c:c1460, 2bfdf505-3a1f-44eb-9843-3820b2477da1:c1460]
2019-09-05 19:10:31,719 [grpc-default-executor-3] INFO  client.GrpcClientProtocolClient (GrpcClientProtocolClient.java:onNext(255)) - client-729EAB8E4297->a9cb8897-0d38-4c59-817a-d67a8ba30c67: receive RaftClientReply:client-729EAB8E4297->a9cb8897-0d38-4c59-817a-d67a8ba30c67@group-A55F67FDC954, cid=1058, SUCCESS, logIndex=1465, commits[a9cb8897-0d38-4c59-817a-d67a8ba30c67:c1466, 41e21bac-56c9-465a-a1cc-bc71b3ab473c:c1464, 2bfdf505-3a1f-44eb-9843-3820b2477da1:c1464]
2019-09-05 19:10:31,720 [grpc-default-executor-3] INFO  client.GrpcClientProtocolClient (GrpcClientProtocolClient.java:onNext(255)) - client-729EAB8E4297->a9cb8897-0d38-4c59-817a-d67a8ba30c67: receive RaftClientReply:client-729EAB8E4297->a9cb8897-0d38-4c59-817a-d67a8ba30c67@group-A55F67FDC954, cid=1059, SUCCESS, logIndex=1466, commits[a9cb8897-0d38-4c59-817a-d67a8ba30c67:c1466, 41e21bac-56c9-465a-a1cc-bc71b3ab473c:c1464, 2bfdf505-3a1f-44eb-9843-3820b2477da1:c1464]
2019-09-05 19:10:31,744 [grpc-default-executor-0] INFO  client.GrpcClientProtocolClient (GrpcClientProtocolClient.java:onNext(255)) - client-729EAB8E4297->a9cb8897-0d38-4c59-817a-d67a8ba30c67: receive RaftClientReply:client-729EAB8E4297->a9cb8897-0d38-4c59-817a-d67a8ba30c67@group-A55F67FDC954, cid=1060, SUCCESS, logIndex=1469, commits[a9cb8897-0d38-4c59-817a-d67a8ba30c67:c1470, 41e21bac-56c9-465a-a1cc-bc71b3ab473c:c1466, 2bfdf505-3a1f-44eb-9843-3820b2477da1:c1466]
2019-09-05 19:10:31,745 [grpc-default-executor-0] INFO  client.GrpcClientProtocolClient (GrpcClientProtocolClient.java:onNext(255)) - client-729EAB8E4297->a9cb8897-0d38-4c59-817a-d67a8ba30c67: receive RaftClientReply:client-729EAB8E4297->a9cb8897-0d38-4c59-817a-d67a8ba30c67@group-A55F67FDC954, cid=1061, SUCCESS, logIndex=1470, commits[a9cb8897-0d38-4c59-817a-d67a8ba30c67:c1470, 41e21bac-56c9-465a-a1cc-bc71b3ab473c:c1466, 2bfdf505-3a1f-44eb-9843-3820b2477da1:c1466]
2019-09-05 19:10:31,756 [grpc-default-executor-0] INFO  client.GrpcClientProtocolClient (GrpcClientProtocolClient.java:onNext(255)) - client-729EAB8E4297->a9cb8897-0d38-4c59-817a-d67a8ba30c67: receive RaftClientReply:client-729EAB8E4297->a9cb8897-0d38-4c59-817a-d67a8ba30c67@group-A55F67FDC954, cid=1062, SUCCESS, logIndex=0, commits[a9cb8897-0d38-4c59-817a-d67a8ba30c67:c1471, 41e21bac-56c9-465a-a1cc-bc71b3ab473c:c1470, 2bfdf505-3a1f-44eb-9843-3820b2477da1:c1470]
2019-09-05 19:10:31,779 [grpc-default-executor-1] INFO  client.GrpcClientProtocolClient (GrpcClientProtocolClient.java:onNext(255)) - client-729EAB8E4297->a9cb8897-0d38-4c59-817a-d67a8ba30c67: receive RaftClientReply:client-729EAB8E4297->a9cb8897-0d38-4c59-817a-d67a8ba30c67@group-A55F67FDC954, cid=1063, SUCCESS, logIndex=1473, commits[a9cb8897-0d38-4c59-817a-d67a8ba30c67:c1474, 41e21bac-56c9-465a-a1cc-bc71b3ab473c:c1472, 2bfdf505-3a1f-44eb-9843-3820b2477da1:c1472]
2019-09-05 19:10:31,780 [grpc-default-executor-1] INFO  client.GrpcClientProtocolClient (GrpcClientProtocolClient.java:onNext(255)) - client-729EAB8E4297->a9cb8897-0d38-4c59-817a-d67a8ba30c67: receive RaftClientReply:client-729EAB8E4297->a9cb8897-0d38-4c59-817a-d67a8ba30c67@group-A55F67FDC954, cid=1064, SUCCESS, logIndex=1474, commits[a9cb8897-0d38-4c59-817a-d67a8ba30c67:c1476, 41e21bac-56c9-465a-a1cc-bc71b3ab473c:c1472, 2bfdf505-3a1f-44eb-9843-3820b2477da1:c1472]
2019-09-05 19:10:31,781 [grpc-default-executor-1] INFO  client.GrpcClientProtocolClient (GrpcClientProtocolClient.java:onNext(255)) - client-729EAB8E4297->a9cb8897-0d38-4c59-817a-d67a8ba30c67: receive RaftClientReply:client-729EAB8E4297->a9cb8897-0d38-4c59-817a-d67a8ba30c67@group-A55F67FDC954, cid=1065, SUCCESS, logIndex=1475, commits[a9cb8897-0d38-4c59-817a-d67a8ba30c67:c1476, 41e21bac-56c9-465a-a1cc-bc71b3ab473c:c1472, 2bfdf505-3a1f-44eb-9843-3820b2477da1:c1472]
2019-09-05 19:10:31,781 [grpc-default-executor-1] INFO  client.GrpcClientProtocolClient (GrpcClientProtocolClient.java:onNext(255)) - client-729EAB8E4297->a9cb8897-0d38-4c59-817a-d67a8ba30c67: receive RaftClientReply:client-729EAB8E4297->a9cb8897-0d38-4c59-817a-d67a8ba30c67@group-A55F67FDC954, cid=1066, SUCCESS, logIndex=1476, commits[a9cb8897-0d38-4c59-817a-d67a8ba30c67:c1476, 41e21bac-56c9-465a-a1cc-bc71b3ab473c:c1473, 2bfdf505-3a1f-44eb-9843-3820b2477da1:c1472]
2019-09-05 19:10:31,783 [grpc-default-executor-1] INFO  client.GrpcClientProtocolClient (GrpcClientProtocolClient.java:onNext(255)) - client-729EAB8E4297->a9cb8897-0d38-4c59-817a-d67a8ba30c67: receive RaftClientReply:client-729EAB8E4297->a9cb8897-0d38-4c59-817a-d67a8ba30c67@group-A55F67FDC954, cid=1067, SUCCESS, logIndex=0, commits[a9cb8897-0d38-4c59-817a-d67a8ba30c67:c1479, 41e21bac-56c9-465a-a1cc-bc71b3ab473c:c1476, 2bfdf505-3a1f-44eb-9843-3820b2477da1:c1474]
2019-09-05 19:10:31,804 [grpc-default-executor-4] INFO  client.GrpcClientProtocolClient (GrpcClientProtocolClient.java:onNext(255)) - client-729EAB8E4297->a9cb8897-0d38-4c59-817a-d67a8ba30c67: receive RaftClientReply:client-729EAB8E4297->a9cb8897-0d38-4c59-817a-d67a8ba30c67@group-A55F67FDC954, cid=1068, SUCCESS, logIndex=1481, commits[a9cb8897-0d38-4c59-817a-d67a8ba30c67:c1482, 41e21bac-56c9-465a-a1cc-bc71b3ab473c:c1480, 2bfdf505-3a1f-44eb-9843-3820b2477da1:c1480]
2019-09-05 19:10:31,805 [grpc-default-executor-4] INFO  client.GrpcClientProtocolClient (GrpcClientProtocolClient.java:onNext(255)) - client-729EAB8E4297->a9cb8897-0d38-4c59-817a-d67a8ba30c67: receive RaftClientReply:client-729EAB8E4297->a9cb8897-0d38-4c59-817a-d67a8ba30c67@group-A55F67FDC954, cid=1069, SUCCESS, logIndex=1482, commits[a9cb8897-0d38-4c59-817a-d67a8ba30c67:c1482, 41e21bac-56c9-465a-a1cc-bc71b3ab473c:c1480, 2bfdf505-3a1f-44eb-9843-3820b2477da1:c1480]
2019-09-05 19:10:31,830 [grpc-default-executor-1] INFO  client.GrpcClientProtocolClient (GrpcClientProtocolClient.java:onNext(255)) - client-729EAB8E4297->a9cb8897-0d38-4c59-817a-d67a8ba30c67: receive RaftClientReply:client-729EAB8E4297->a9cb8897-0d38-4c59-817a-d67a8ba30c67@group-A55F67FDC954, cid=1070, SUCCESS, logIndex=1485, commits[a9cb8897-0d38-4c59-817a-d67a8ba30c67:c1486, 41e21bac-56c9-465a-a1cc-bc71b3ab473c:c1482, 2bfdf505-3a1f-44eb-9843-3820b2477da1:c1482]
2019-09-05 19:10:31,831 [grpc-default-executor-1] INFO  client.GrpcClientProtocolClient (GrpcClientProtocolClient.java:onNext(255)) - client-729EAB8E4297->a9cb8897-0d38-4c59-817a-d67a8ba30c67: receive RaftClientReply:client-729EAB8E4297->a9cb8897-0d38-4c59-817a-d67a8ba30c67@group-A55F67FDC954, cid=1071, SUCCESS, logIndex=1486, commits[a9cb8897-0d38-4c59-817a-d67a8ba30c67:c1486, 41e21bac-56c9-465a-a1cc-bc71b3ab473c:c1482, 2bfdf505-3a1f-44eb-9843-3820b2477da1:c1482]
2019-09-05 19:10:31,843 [grpc-default-executor-4] INFO  client.GrpcClientProtocolClient (GrpcClientProtocolClient.java:onNext(255)) - client-729EAB8E4297->a9cb8897-0d38-4c59-817a-d67a8ba30c67: receive RaftClientReply:client-729EAB8E4297->a9cb8897-0d38-4c59-817a-d67a8ba30c67@group-A55F67FDC954, cid=1072, SUCCESS, logIndex=0, commits[a9cb8897-0d38-4c59-817a-d67a8ba30c67:c1488, 41e21bac-56c9-465a-a1cc-bc71b3ab473c:c1486, 2bfdf505-3a1f-44eb-9843-3820b2477da1:c1486]
2019-09-05 19:10:31,866 [grpc-default-executor-4] INFO  client.GrpcClientProtocolClient (GrpcClientProtocolClient.java:onNext(255)) - client-729EAB8E4297->a9cb8897-0d38-4c59-817a-d67a8ba30c67: receive RaftClientReply:client-729EAB8E4297->a9cb8897-0d38-4c59-817a-d67a8ba30c67@group-A55F67FDC954, cid=1073, SUCCESS, logIndex=1489, commits[a9cb8897-0d38-4c59-817a-d67a8ba30c67:c1490, 41e21bac-56c9-465a-a1cc-bc71b3ab473c:c1488, 2bfdf505-3a1f-44eb-9843-3820b2477da1:c1488]
2019-09-05 19:10:31,867 [grpc-default-executor-4] INFO  client.GrpcClientProtocolClient (GrpcClientProtocolClient.java:onNext(255)) - client-729EAB8E4297->a9cb8897-0d38-4c59-817a-d67a8ba30c67: receive RaftClientReply:client-729EAB8E4297->a9cb8897-0d38-4c59-817a-d67a8ba30c67@group-A55F67FDC954, cid=1074, SUCCESS, logIndex=1490, commits[a9cb8897-0d38-4c59-817a-d67a8ba30c67:c1492, 41e21bac-56c9-465a-a1cc-bc71b3ab473c:c1488, 2bfdf505-3a1f-44eb-9843-3820b2477da1:c1488]
2019-09-05 19:10:31,867 [grpc-default-executor-4] INFO  client.GrpcClientProtocolClient (GrpcClientProtocolClient.java:onNext(255)) - client-729EAB8E4297->a9cb8897-0d38-4c59-817a-d67a8ba30c67: receive RaftClientReply:client-729EAB8E4297->a9cb8897-0d38-4c59-817a-d67a8ba30c67@group-A55F67FDC954, cid=1075, SUCCESS, logIndex=1491, commits[a9cb8897-0d38-4c59-817a-d67a8ba30c67:c1492, 41e21bac-56c9-465a-a1cc-bc71b3ab473c:c1489, 2bfdf505-3a1f-44eb-9843-3820b2477da1:c1488]
2019-09-05 19:10:31,868 [grpc-default-executor-4] INFO  client.GrpcClientProtocolClient (GrpcClientProtocolClient.java:onNext(255)) - client-729EAB8E4297->a9cb8897-0d38-4c59-817a-d67a8ba30c67: receive RaftClientReply:client-729EAB8E4297->a9cb8897-0d38-4c59-817a-d67a8ba30c67@group-A55F67FDC954, cid=1076, SUCCESS, logIndex=1492, commits[a9cb8897-0d38-4c59-817a-d67a8ba30c67:c1493, 41e21bac-56c9-465a-a1cc-bc71b3ab473c:c1489, 2bfdf505-3a1f-44eb-9843-3820b2477da1:c1488]
2019-09-05 19:10:31,869 [grpc-default-executor-4] INFO  client.GrpcClientProtocolClient (GrpcClientProtocolClient.java:onNext(255)) - client-729EAB8E4297->a9cb8897-0d38-4c59-817a-d67a8ba30c67: receive RaftClientReply:client-729EAB8E4297->a9cb8897-0d38-4c59-817a-d67a8ba30c67@group-A55F67FDC954, cid=1077, SUCCESS, logIndex=0, commits[a9cb8897-0d38-4c59-817a-d67a8ba30c67:c1496, 41e21bac-56c9-465a-a1cc-bc71b3ab473c:c1492, 2bfdf505-3a1f-44eb-9843-3820b2477da1:c1492]
2019-09-05 19:10:31,891 [grpc-default-executor-4] INFO  client.GrpcClientProtocolClient (GrpcClientProtocolClient.java:onNext(255)) - client-729EAB8E4297->a9cb8897-0d38-4c59-817a-d67a8ba30c67: receive RaftClientReply:client-729EAB8E4297->a9cb8897-0d38-4c59-817a-d67a8ba30c67@group-A55F67FDC954, cid=1078, SUCCESS, logIndex=1497, commits[a9cb8897-0d38-4c59-817a-d67a8ba30c67:c1498, 41e21bac-56c9-465a-a1cc-bc71b3ab473c:c1496, 2bfdf505-3a1f-44eb-9843-3820b2477da1:c1496]
2019-09-05 19:10:31,892 [grpc-default-executor-4] INFO  client.GrpcClientProtocolClient (GrpcClientProtocolClient.java:onNext(255)) - client-729EAB8E4297->a9cb8897-0d38-4c59-817a-d67a8ba30c67: receive RaftClientReply:client-729EAB8E4297->a9cb8897-0d38-4c59-817a-d67a8ba30c67@group-A55F67FDC954, cid=1079, SUCCESS, logIndex=1498, commits[a9cb8897-0d38-4c59-817a-d67a8ba30c67:c1498, 41e21bac-56c9-465a-a1cc-bc71b3ab473c:c1496, 2bfdf505-3a1f-44eb-9843-3820b2477da1:c1496]
2019-09-05 19:10:31,909 [grpc-default-executor-4] INFO  client.GrpcClientProtocolClient (GrpcClientProtocolClient.java:onNext(255)) - client-729EAB8E4297->a9cb8897-0d38-4c59-817a-d67a8ba30c67: receive RaftClientReply:client-729EAB8E4297->a9cb8897-0d38-4c59-817a-d67a8ba30c67@group-A55F67FDC954, cid=1080, SUCCESS, logIndex=1501, commits[a9cb8897-0d38-4c59-817a-d67a8ba30c67:c1502, 41e21bac-56c9-465a-a1cc-bc71b3ab473c:c1498, 2bfdf505-3a1f-44eb-9843-3820b2477da1:c1498]
2019-09-05 19:10:31,909 [grpc-default-executor-4] INFO  client.GrpcClientProtocolClient (GrpcClientProtocolClient.java:onNext(255)) - client-729EAB8E4297->a9cb8897-0d38-4c59-817a-d67a8ba30c67: receive RaftClientReply:client-729EAB8E4297->a9cb8897-0d38-4c59-817a-d67a8ba30c67@group-A55F67FDC954, cid=1081, SUCCESS, logIndex=1502, commits[a9cb8897-0d38-4c59-817a-d67a8ba30c67:c1502, 41e21bac-56c9-465a-a1cc-bc71b3ab473c:c1498, 2bfdf505-3a1f-44eb-9843-3820b2477da1:c1498]
2019-09-05 19:10:31,912 [grpc-default-executor-4] INFO  client.GrpcClientProtocolClient (GrpcClientProtocolClient.java:onNext(255)) - client-729EAB8E4297->a9cb8897-0d38-4c59-817a-d67a8ba30c67: receive RaftClientReply:client-729EAB8E4297->a9cb8897-0d38-4c59-817a-d67a8ba30c67@group-A55F67FDC954, cid=1082, SUCCESS, logIndex=0, commits[a9cb8897-0d38-4c59-817a-d67a8ba30c67:c1504, 41e21bac-56c9-465a-a1cc-bc71b3ab473c:c1502, 2bfdf505-3a1f-44eb-9843-3820b2477da1:c1502]
2019-09-05 19:10:31,927 [grpc-default-executor-0] INFO  client.GrpcClientProtocolClient (GrpcClientProtocolClient.java:onNext(255)) - client-729EAB8E4297->a9cb8897-0d38-4c59-817a-d67a8ba30c67: receive RaftClientReply:client-729EAB8E4297->a9cb8897-0d38-4c59-817a-d67a8ba30c67@group-A55F67FDC954, cid=1083, SUCCESS, logIndex=1505, commits[a9cb8897-0d38-4c59-817a-d67a8ba30c67:c1506, 41e21bac-56c9-465a-a1cc-bc71b3ab473c:c1504, 2bfdf505-3a1f-44eb-9843-3820b2477da1:c1502]
2019-09-05 19:10:31,928 [grpc-default-executor-0] INFO  client.GrpcClientProtocolClient (GrpcClientProtocolClient.java:onNext(255)) - client-729EAB8E4297->a9cb8897-0d38-4c59-817a-d67a8ba30c67: receive RaftClientReply:client-729EAB8E4297->a9cb8897-0d38-4c59-817a-d67a8ba30c67@group-A55F67FDC954, cid=1084, SUCCESS, logIndex=1506, commits[a9cb8897-0d38-4c59-817a-d67a8ba30c67:c1506, 41e21bac-56c9-465a-a1cc-bc71b3ab473c:c1504, 2bfdf505-3a1f-44eb-9843-3820b2477da1:c1504]
2019-09-05 19:10:31,931 [grpc-default-executor-1] INFO  client.GrpcClientProtocolClient (GrpcClientProtocolClient.java:onNext(255)) - client-729EAB8E4297->a9cb8897-0d38-4c59-817a-d67a8ba30c67: receive RaftClientReply:client-729EAB8E4297->a9cb8897-0d38-4c59-817a-d67a8ba30c67@group-A55F67FDC954, cid=1085, SUCCESS, logIndex=1507, commits[a9cb8897-0d38-4c59-817a-d67a8ba30c67:c1510, 41e21bac-56c9-465a-a1cc-bc71b3ab473c:c1504, 2bfdf505-3a1f-44eb-9843-3820b2477da1:c1506]
2019-09-05 19:10:31,932 [grpc-default-executor-0] INFO  client.GrpcClientProtocolClient (GrpcClientProtocolClient.java:onNext(255)) - client-729EAB8E4297->a9cb8897-0d38-4c59-817a-d67a8ba30c67: receive RaftClientReply:client-729EAB8E4297->a9cb8897-0d38-4c59-817a-d67a8ba30c67@group-A55F67FDC954, cid=1086, SUCCESS, logIndex=1508, commits[a9cb8897-0d38-4c59-817a-d67a8ba30c67:c1510, 41e21bac-56c9-465a-a1cc-bc71b3ab473c:c1504, 2bfdf505-3a1f-44eb-9843-3820b2477da1:c1506]
2019-09-05 19:10:31,933 [grpc-default-executor-0] INFO  client.GrpcClientProtocolClient (GrpcClientProtocolClient.java:onNext(255)) - client-729EAB8E4297->a9cb8897-0d38-4c59-817a-d67a8ba30c67: receive RaftClientReply:client-729EAB8E4297->a9cb8897-0d38-4c59-817a-d67a8ba30c67@group-A55F67FDC954, cid=1087, SUCCESS, logIndex=0, commits[a9cb8897-0d38-4c59-817a-d67a8ba30c67:c1511, 41e21bac-56c9-465a-a1cc-bc71b3ab473c:c1506, 2bfdf505-3a1f-44eb-9843-3820b2477da1:c1508]
2019-09-05 19:10:31,945 [grpc-default-executor-1] INFO  client.GrpcClientProtocolClient (GrpcClientProtocolClient.java:onNext(255)) - client-729EAB8E4297->a9cb8897-0d38-4c59-817a-d67a8ba30c67: receive RaftClientReply:client-729EAB8E4297->a9cb8897-0d38-4c59-817a-d67a8ba30c67@group-A55F67FDC954, cid=1088, SUCCESS, logIndex=1513, commits[a9cb8897-0d38-4c59-817a-d67a8ba30c67:c1514, 41e21bac-56c9-465a-a1cc-bc71b3ab473c:c1508, 2bfdf505-3a1f-44eb-9843-3820b2477da1:c1512]
2019-09-05 19:10:31,946 [grpc-default-executor-1] INFO  client.GrpcClientProtocolClient (GrpcClientProtocolClient.java:onNext(255)) - client-729EAB8E4297->a9cb8897-0d38-4c59-817a-d67a8ba30c67: receive RaftClientReply:client-729EAB8E4297->a9cb8897-0d38-4c59-817a-d67a8ba30c67@group-A55F67FDC954, cid=1089, SUCCESS, logIndex=1514, commits[a9cb8897-0d38-4c59-817a-d67a8ba30c67:c1514, 41e21bac-56c9-465a-a1cc-bc71b3ab473c:c1512, 2bfdf505-3a1f-44eb-9843-3820b2477da1:c1512]
2019-09-05 19:10:31,958 [grpc-default-executor-0] INFO  client.GrpcClientProtocolClient (GrpcClientProtocolClient.java:onNext(255)) - client-729EAB8E4297->a9cb8897-0d38-4c59-817a-d67a8ba30c67: receive RaftClientReply:client-729EAB8E4297->a9cb8897-0d38-4c59-817a-d67a8ba30c67@group-A55F67FDC954, cid=1090, SUCCESS, logIndex=1517, commits[a9cb8897-0d38-4c59-817a-d67a8ba30c67:c1518, 41e21bac-56c9-465a-a1cc-bc71b3ab473c:c1516, 2bfdf505-3a1f-44eb-9843-3820b2477da1:c1514]
2019-09-05 19:10:31,958 [grpc-default-executor-0] INFO  client.GrpcClientProtocolClient (GrpcClientProtocolClient.java:onNext(255)) - client-729EAB8E4297->a9cb8897-0d38-4c59-817a-d67a8ba30c67: receive RaftClientReply:client-729EAB8E4297->a9cb8897-0d38-4c59-817a-d67a8ba30c67@group-A55F67FDC954, cid=1091, SUCCESS, logIndex=1518, commits[a9cb8897-0d38-4c59-817a-d67a8ba30c67:c1518, 41e21bac-56c9-465a-a1cc-bc71b3ab473c:c1516, 2bfdf505-3a1f-44eb-9843-3820b2477da1:c1516]
2019-09-05 19:10:31,960 [grpc-default-executor-4] INFO  client.GrpcClientProtocolClient (GrpcClientProtocolClient.java:onNext(255)) - client-729EAB8E4297->a9cb8897-0d38-4c59-817a-d67a8ba30c67: receive RaftClientReply:client-729EAB8E4297->a9cb8897-0d38-4c59-817a-d67a8ba30c67@group-A55F67FDC954, cid=1092, SUCCESS, logIndex=0, commits[a9cb8897-0d38-4c59-817a-d67a8ba30c67:c1519, 41e21bac-56c9-465a-a1cc-bc71b3ab473c:c1518, 2bfdf505-3a1f-44eb-9843-3820b2477da1:c1518]
2019-09-05 19:10:31,974 [grpc-default-executor-4] INFO  client.GrpcClientProtocolClient (GrpcClientProtocolClient.java:onNext(255)) - client-729EAB8E4297->a9cb8897-0d38-4c59-817a-d67a8ba30c67: receive RaftClientReply:client-729EAB8E4297->a9cb8897-0d38-4c59-817a-d67a8ba30c67@group-A55F67FDC954, cid=1093, SUCCESS, logIndex=1521, commits[a9cb8897-0d38-4c59-817a-d67a8ba30c67:c1522, 41e21bac-56c9-465a-a1cc-bc71b3ab473c:c1520, 2bfdf505-3a1f-44eb-9843-3820b2477da1:c1520]
2019-09-05 19:10:31,975 [grpc-default-executor-4] INFO  client.GrpcClientProtocolClient (GrpcClientProtocolClient.java:onNext(255)) - client-729EAB8E4297->a9cb8897-0d38-4c59-817a-d67a8ba30c67: receive RaftClientReply:client-729EAB8E4297->a9cb8897-0d38-4c59-817a-d67a8ba30c67@group-A55F67FDC954, cid=1094, SUCCESS, logIndex=1522, commits[a9cb8897-0d38-4c59-817a-d67a8ba30c67:c1522, 41e21bac-56c9-465a-a1cc-bc71b3ab473c:c1520, 2bfdf505-3a1f-44eb-9843-3820b2477da1:c1520]
2019-09-05 19:10:31,979 [grpc-default-executor-3] INFO  client.GrpcClientProtocolClient (GrpcClientProtocolClient.java:onNext(255)) - client-729EAB8E4297->a9cb8897-0d38-4c59-817a-d67a8ba30c67: receive RaftClientReply:client-729EAB8E4297->a9cb8897-0d38-4c59-817a-d67a8ba30c67@group-A55F67FDC954, cid=1095, SUCCESS, logIndex=1523, commits[a9cb8897-0d38-4c59-817a-d67a8ba30c67:c1524, 41e21bac-56c9-465a-a1cc-bc71b3ab473c:c1520, 2bfdf505-3a1f-44eb-9843-3820b2477da1:c1520]
2019-09-05 19:10:31,980 [grpc-default-executor-3] INFO  client.GrpcClientProtocolClient (GrpcClientProtocolClient.java:onNext(255)) - client-729EAB8E4297->a9cb8897-0d38-4c59-817a-d67a8ba30c67: receive RaftClientReply:client-729EAB8E4297->a9cb8897-0d38-4c59-817a-d67a8ba30c67@group-A55F67FDC954, cid=1096, SUCCESS, logIndex=1524, commits[a9cb8897-0d38-4c59-817a-d67a8ba30c67:c1524, 41e21bac-56c9-465a-a1cc-bc71b3ab473c:c1520, 2bfdf505-3a1f-44eb-9843-3820b2477da1:c1520]
2019-09-05 19:10:31,981 [grpc-default-executor-3] INFO  client.GrpcClientProtocolClient (GrpcClientProtocolClient.java:onNext(255)) - client-729EAB8E4297->a9cb8897-0d38-4c59-817a-d67a8ba30c67: receive RaftClientReply:client-729EAB8E4297->a9cb8897-0d38-4c59-817a-d67a8ba30c67@group-A55F67FDC954, cid=1097, SUCCESS, logIndex=0, commits[a9cb8897-0d38-4c59-817a-d67a8ba30c67:c1528, 41e21bac-56c9-465a-a1cc-bc71b3ab473c:c1524, 2bfdf505-3a1f-44eb-9843-3820b2477da1:c1524]
2019-09-05 19:10:32,002 [grpc-default-executor-3] INFO  client.GrpcClientProtocolClient (GrpcClientProtocolClient.java:onNext(255)) - client-729EAB8E4297->a9cb8897-0d38-4c59-817a-d67a8ba30c67: receive RaftClientReply:client-729EAB8E4297->a9cb8897-0d38-4c59-817a-d67a8ba30c67@group-A55F67FDC954, cid=1098, SUCCESS, logIndex=1529, commits[a9cb8897-0d38-4c59-817a-d67a8ba30c67:c1530, 41e21bac-56c9-465a-a1cc-bc71b3ab473c:c1528, 2bfdf505-3a1f-44eb-9843-3820b2477da1:c1528]
2019-09-05 19:10:32,002 [grpc-default-executor-3] INFO  client.GrpcClientProtocolClient (GrpcClientProtocolClient.java:onNext(255)) - client-729EAB8E4297->a9cb8897-0d38-4c59-817a-d67a8ba30c67: receive RaftClientReply:client-729EAB8E4297->a9cb8897-0d38-4c59-817a-d67a8ba30c67@group-A55F67FDC954, cid=1099, SUCCESS, logIndex=1530, commits[a9cb8897-0d38-4c59-817a-d67a8ba30c67:c1530, 41e21bac-56c9-465a-a1cc-bc71b3ab473c:c1528, 2bfdf505-3a1f-44eb-9843-3820b2477da1:c1528]
2019-09-05 19:10:32,023 [grpc-default-executor-4] INFO  client.GrpcClientProtocolClient (GrpcClientProtocolClient.java:onNext(255)) - client-729EAB8E4297->a9cb8897-0d38-4c59-817a-d67a8ba30c67: receive RaftClientReply:client-729EAB8E4297->a9cb8897-0d38-4c59-817a-d67a8ba30c67@group-A55F67FDC954, cid=1100, SUCCESS, logIndex=1533, commits[a9cb8897-0d38-4c59-817a-d67a8ba30c67:c1534, 41e21bac-56c9-465a-a1cc-bc71b3ab473c:c1530, 2bfdf505-3a1f-44eb-9843-3820b2477da1:c1530]
2019-09-05 19:10:32,024 [grpc-default-executor-4] INFO  client.GrpcClientProtocolClient (GrpcClientProtocolClient.java:onNext(255)) - client-729EAB8E4297->a9cb8897-0d38-4c59-817a-d67a8ba30c67: receive RaftClientReply:client-729EAB8E4297->a9cb8897-0d38-4c59-817a-d67a8ba30c67@group-A55F67FDC954, cid=1101, SUCCESS, logIndex=1534, commits[a9cb8897-0d38-4c59-817a-d67a8ba30c67:c1534, 41e21bac-56c9-465a-a1cc-bc71b3ab473c:c1530, 2bfdf505-3a1f-44eb-9843-3820b2477da1:c1530]
2019-09-05 19:10:32,025 [grpc-default-executor-4] INFO  client.GrpcClientProtocolClient (GrpcClientProtocolClient.java:onNext(255)) - client-729EAB8E4297->a9cb8897-0d38-4c59-817a-d67a8ba30c67: receive RaftClientReply:client-729EAB8E4297->a9cb8897-0d38-4c59-817a-d67a8ba30c67@group-A55F67FDC954, cid=1102, SUCCESS, logIndex=0, commits[a9cb8897-0d38-4c59-817a-d67a8ba30c67:c1535, 41e21bac-56c9-465a-a1cc-bc71b3ab473c:c1534, 2bfdf505-3a1f-44eb-9843-3820b2477da1:c1534]
2019-09-05 19:10:32,044 [grpc-default-executor-3] INFO  client.GrpcClientProtocolClient (GrpcClientProtocolClient.java:onNext(255)) - client-729EAB8E4297->a9cb8897-0d38-4c59-817a-d67a8ba30c67: receive RaftClientReply:client-729EAB8E4297->a9cb8897-0d38-4c59-817a-d67a8ba30c67@group-A55F67FDC954, cid=1103, SUCCESS, logIndex=1537, commits[a9cb8897-0d38-4c59-817a-d67a8ba30c67:c1540, 41e21bac-56c9-465a-a1cc-bc71b3ab473c:c1536, 2bfdf505-3a1f-44eb-9843-3820b2477da1:c1536]
2019-09-05 19:10:32,045 [grpc-default-executor-3] INFO  client.GrpcClientProtocolClient (GrpcClientProtocolClient.java:onNext(255)) - client-729EAB8E4297->a9cb8897-0d38-4c59-817a-d67a8ba30c67: receive RaftClientReply:client-729EAB8E4297->a9cb8897-0d38-4c59-817a-d67a8ba30c67@group-A55F67FDC954, cid=1104, SUCCESS, logIndex=1538, commits[a9cb8897-0d38-4c59-817a-d67a8ba30c67:c1540, 41e21bac-56c9-465a-a1cc-bc71b3ab473c:c1536, 2bfdf505-3a1f-44eb-9843-3820b2477da1:c1536]
2019-09-05 19:10:32,046 [grpc-default-executor-3] INFO  client.GrpcClientProtocolClient (GrpcClientProtocolClient.java:onNext(255)) - client-729EAB8E4297->a9cb8897-0d38-4c59-817a-d67a8ba30c67: receive RaftClientReply:client-729EAB8E4297->a9cb8897-0d38-4c59-817a-d67a8ba30c67@group-A55F67FDC954, cid=1105, SUCCESS, logIndex=1539, commits[a9cb8897-0d38-4c59-817a-d67a8ba30c67:c1540, 41e21bac-56c9-465a-a1cc-bc71b3ab473c:c1536, 2bfdf505-3a1f-44eb-9843-3820b2477da1:c1536]
2019-09-05 19:10:32,046 [grpc-default-executor-3] INFO  client.GrpcClientProtocolClient (GrpcClientProtocolClient.java:onNext(255)) - client-729EAB8E4297->a9cb8897-0d38-4c59-817a-d67a8ba30c67: receive RaftClientReply:client-729EAB8E4297->a9cb8897-0d38-4c59-817a-d67a8ba30c67@group-A55F67FDC954, cid=1106, SUCCESS, logIndex=1540, commits[a9cb8897-0d38-4c59-817a-d67a8ba30c67:c1540, 41e21bac-56c9-465a-a1cc-bc71b3ab473c:c1536, 2bfdf505-3a1f-44eb-9843-3820b2477da1:c1536]
2019-09-05 19:10:32,056 [grpc-default-executor-4] INFO  client.GrpcClientProtocolClient (GrpcClientProtocolClient.java:onNext(255)) - client-729EAB8E4297->a9cb8897-0d38-4c59-817a-d67a8ba30c67: receive RaftClientReply:client-729EAB8E4297->a9cb8897-0d38-4c59-817a-d67a8ba30c67@group-A55F67FDC954, cid=1107, SUCCESS, logIndex=0, commits[a9cb8897-0d38-4c59-817a-d67a8ba30c67:c1541, 41e21bac-56c9-465a-a1cc-bc71b3ab473c:c1538, 2bfdf505-3a1f-44eb-9843-3820b2477da1:c1538]
2019-09-05 19:10:32,076 [grpc-default-executor-4] INFO  client.GrpcClientProtocolClient (GrpcClientProtocolClient.java:onNext(255)) - client-729EAB8E4297->a9cb8897-0d38-4c59-817a-d67a8ba30c67: receive RaftClientReply:client-729EAB8E4297->a9cb8897-0d38-4c59-817a-d67a8ba30c67@group-A55F67FDC954, cid=1108, SUCCESS, logIndex=1544, commits[a9cb8897-0d38-4c59-817a-d67a8ba30c67:c1545, 41e21bac-56c9-465a-a1cc-bc71b3ab473c:c1543, 2bfdf505-3a1f-44eb-9843-3820b2477da1:c1543]
2019-09-05 19:10:32,077 [grpc-default-executor-4] INFO  client.GrpcClientProtocolClient (GrpcClientProtocolClient.java:onNext(255)) - client-729EAB8E4297->a9cb8897-0d38-4c59-817a-d67a8ba30c67: receive RaftClientReply:client-729EAB8E4297->a9cb8897-0d38-4c59-817a-d67a8ba30c67@group-A55F67FDC954, cid=1109, SUCCESS, logIndex=1545, commits[a9cb8897-0d38-4c59-817a-d67a8ba30c67:c1545, 41e21bac-56c9-465a-a1cc-bc71b3ab473c:c1543, 2bfdf505-3a1f-44eb-9843-3820b2477da1:c1543]
2019-09-05 19:10:32,089 [grpc-default-executor-4] INFO  client.GrpcClientProtocolClient (GrpcClientProtocolClient.java:onNext(255)) - client-729EAB8E4297->a9cb8897-0d38-4c59-817a-d67a8ba30c67: receive RaftClientReply:client-729EAB8E4297->a9cb8897-0d38-4c59-817a-d67a8ba30c67@group-A55F67FDC954, cid=1110, SUCCESS, logIndex=1548, commits[a9cb8897-0d38-4c59-817a-d67a8ba30c67:c1549, 41e21bac-56c9-465a-a1cc-bc71b3ab473c:c1545, 2bfdf505-3a1f-44eb-9843-3820b2477da1:c1545]
2019-09-05 19:10:32,090 [grpc-default-executor-4] INFO  client.GrpcClientProtocolClient (GrpcClientProtocolClient.java:onNext(255)) - client-729EAB8E4297->a9cb8897-0d38-4c59-817a-d67a8ba30c67: receive RaftClientReply:client-729EAB8E4297->a9cb8897-0d38-4c59-817a-d67a8ba30c67@group-A55F67FDC954, cid=1111, SUCCESS, logIndex=1549, commits[a9cb8897-0d38-4c59-817a-d67a8ba30c67:c1549, 41e21bac-56c9-465a-a1cc-bc71b3ab473c:c1545, 2bfdf505-3a1f-44eb-9843-3820b2477da1:c1545]
2019-09-05 19:10:32,091 [grpc-default-executor-4] INFO  client.GrpcClientProtocolClient (GrpcClientProtocolClient.java:onNext(255)) - client-729EAB8E4297->a9cb8897-0d38-4c59-817a-d67a8ba30c67: receive RaftClientReply:client-729EAB8E4297->a9cb8897-0d38-4c59-817a-d67a8ba30c67@group-A55F67FDC954, cid=1112, SUCCESS, logIndex=0, commits[a9cb8897-0d38-4c59-817a-d67a8ba30c67:c1551, 41e21bac-56c9-465a-a1cc-bc71b3ab473c:c1549, 2bfdf505-3a1f-44eb-9843-3820b2477da1:c1549]
2019-09-05 19:10:32,111 [grpc-default-executor-4] INFO  client.GrpcClientProtocolClient (GrpcClientProtocolClient.java:onNext(255)) - client-729EAB8E4297->a9cb8897-0d38-4c59-817a-d67a8ba30c67: receive RaftClientReply:client-729EAB8E4297->a9cb8897-0d38-4c59-817a-d67a8ba30c67@group-A55F67FDC954, cid=1113, SUCCESS, logIndex=1552, commits[a9cb8897-0d38-4c59-817a-d67a8ba30c67:c1553, 41e21bac-56c9-465a-a1cc-bc71b3ab473c:c1551, 2bfdf505-3a1f-44eb-9843-3820b2477da1:c1551]
2019-09-05 19:10:32,112 [grpc-default-executor-3] INFO  client.GrpcClientProtocolClient (GrpcClientProtocolClient.java:onNext(255)) - client-729EAB8E4297->a9cb8897-0d38-4c59-817a-d67a8ba30c67: receive RaftClientReply:client-729EAB8E4297->a9cb8897-0d38-4c59-817a-d67a8ba30c67@group-A55F67FDC954, cid=1114, SUCCESS, logIndex=1553, commits[a9cb8897-0d38-4c59-817a-d67a8ba30c67:c1554, 41e21bac-56c9-465a-a1cc-bc71b3ab473c:c1551, 2bfdf505-3a1f-44eb-9843-3820b2477da1:c1551]
2019-09-05 19:10:32,112 [grpc-default-executor-3] INFO  client.GrpcClientProtocolClient (GrpcClientProtocolClient.java:onNext(255)) - client-729EAB8E4297->a9cb8897-0d38-4c59-817a-d67a8ba30c67: receive RaftClientReply:client-729EAB8E4297->a9cb8897-0d38-4c59-817a-d67a8ba30c67@group-A55F67FDC954, cid=1115, SUCCESS, logIndex=1554, commits[a9cb8897-0d38-4c59-817a-d67a8ba30c67:c1555, 41e21bac-56c9-465a-a1cc-bc71b3ab473c:c1551, 2bfdf505-3a1f-44eb-9843-3820b2477da1:c1551]
2019-09-05 19:10:32,113 [grpc-default-executor-3] INFO  client.GrpcClientProtocolClient (GrpcClientProtocolClient.java:onNext(255)) - client-729EAB8E4297->a9cb8897-0d38-4c59-817a-d67a8ba30c67: receive RaftClientReply:client-729EAB8E4297->a9cb8897-0d38-4c59-817a-d67a8ba30c67@group-A55F67FDC954, cid=1116, SUCCESS, logIndex=1555, commits[a9cb8897-0d38-4c59-817a-d67a8ba30c67:c1555, 41e21bac-56c9-465a-a1cc-bc71b3ab473c:c1551, 2bfdf505-3a1f-44eb-9843-3820b2477da1:c1551]
2019-09-05 19:10:32,114 [grpc-default-executor-3] INFO  client.GrpcClientProtocolClient (GrpcClientProtocolClient.java:onNext(255)) - client-729EAB8E4297->a9cb8897-0d38-4c59-817a-d67a8ba30c67: receive RaftClientReply:client-729EAB8E4297->a9cb8897-0d38-4c59-817a-d67a8ba30c67@group-A55F67FDC954, cid=1117, SUCCESS, logIndex=0, commits[a9cb8897-0d38-4c59-817a-d67a8ba30c67:c1559, 41e21bac-56c9-465a-a1cc-bc71b3ab473c:c1555, 2bfdf505-3a1f-44eb-9843-3820b2477da1:c1555]
2019-09-05 19:10:32,135 [grpc-default-executor-4] INFO  client.GrpcClientProtocolClient (GrpcClientProtocolClient.java:onNext(255)) - client-729EAB8E4297->a9cb8897-0d38-4c59-817a-d67a8ba30c67: receive RaftClientReply:client-729EAB8E4297->a9cb8897-0d38-4c59-817a-d67a8ba30c67@group-A55F67FDC954, cid=1118, SUCCESS, logIndex=1560, commits[a9cb8897-0d38-4c59-817a-d67a8ba30c67:c1561, 41e21bac-56c9-465a-a1cc-bc71b3ab473c:c1559, 2bfdf505-3a1f-44eb-9843-3820b2477da1:c1559]
2019-09-05 19:10:32,135 [grpc-default-executor-4] INFO  client.GrpcClientProtocolClient (GrpcClientProtocolClient.java:onNext(255)) - client-729EAB8E4297->a9cb8897-0d38-4c59-817a-d67a8ba30c67: receive RaftClientReply:client-729EAB8E4297->a9cb8897-0d38-4c59-817a-d67a8ba30c67@group-A55F67FDC954, cid=1119, SUCCESS, logIndex=1561, commits[a9cb8897-0d38-4c59-817a-d67a8ba30c67:c1561, 41e21bac-56c9-465a-a1cc-bc71b3ab473c:c1559, 2bfdf505-3a1f-44eb-9843-3820b2477da1:c1559]
2019-09-05 19:10:32,148 [grpc-default-executor-1] INFO  client.GrpcClientProtocolClient (GrpcClientProtocolClient.java:onNext(255)) - client-729EAB8E4297->a9cb8897-0d38-4c59-817a-d67a8ba30c67: receive RaftClientReply:client-729EAB8E4297->a9cb8897-0d38-4c59-817a-d67a8ba30c67@group-A55F67FDC954, cid=1120, SUCCESS, logIndex=1564, commits[a9cb8897-0d38-4c59-817a-d67a8ba30c67:c1565, 41e21bac-56c9-465a-a1cc-bc71b3ab473c:c1561, 2bfdf505-3a1f-44eb-9843-3820b2477da1:c1561]
2019-09-05 19:10:32,148 [grpc-default-executor-1] INFO  client.GrpcClientProtocolClient (GrpcClientProtocolClient.java:onNext(255)) - client-729EAB8E4297->a9cb8897-0d38-4c59-817a-d67a8ba30c67: receive RaftClientReply:client-729EAB8E4297->a9cb8897-0d38-4c59-817a-d67a8ba30c67@group-A55F67FDC954, cid=1121, SUCCESS, logIndex=1565, commits[a9cb8897-0d38-4c59-817a-d67a8ba30c67:c1565, 41e21bac-56c9-465a-a1cc-bc71b3ab473c:c1561, 2bfdf505-3a1f-44eb-9843-3820b2477da1:c1561]
2019-09-05 19:10:32,151 [grpc-default-executor-3] INFO  client.GrpcClientProtocolClient (GrpcClientProtocolClient.java:onNext(255)) - client-729EAB8E4297->a9cb8897-0d38-4c59-817a-d67a8ba30c67: receive RaftClientReply:client-729EAB8E4297->a9cb8897-0d38-4c59-817a-d67a8ba30c67@group-A55F67FDC954, cid=1122, SUCCESS, logIndex=0, commits[a9cb8897-0d38-4c59-817a-d67a8ba30c67:c1567, 41e21bac-56c9-465a-a1cc-bc71b3ab473c:c1565, 2bfdf505-3a1f-44eb-9843-3820b2477da1:c1565]
2019-09-05 19:10:32,172 [grpc-default-executor-0] INFO  client.GrpcClientProtocolClient (GrpcClientProtocolClient.java:onNext(255)) - client-729EAB8E4297->a9cb8897-0d38-4c59-817a-d67a8ba30c67: receive RaftClientReply:client-729EAB8E4297->a9cb8897-0d38-4c59-817a-d67a8ba30c67@group-A55F67FDC954, cid=1123, SUCCESS, logIndex=1568, commits[a9cb8897-0d38-4c59-817a-d67a8ba30c67:c1568, 41e21bac-56c9-465a-a1cc-bc71b3ab473c:c1567, 2bfdf505-3a1f-44eb-9843-3820b2477da1:c1567]
2019-09-05 19:10:32,172 [grpc-default-executor-0] INFO  client.GrpcClientProtocolClient (GrpcClientProtocolClient.java:onNext(255)) - client-729EAB8E4297->a9cb8897-0d38-4c59-817a-d67a8ba30c67: receive RaftClientReply:client-729EAB8E4297->a9cb8897-0d38-4c59-817a-d67a8ba30c67@group-A55F67FDC954, cid=1124, SUCCESS, logIndex=1569, commits[a9cb8897-0d38-4c59-817a-d67a8ba30c67:c1571, 41e21bac-56c9-465a-a1cc-bc71b3ab473c:c1567, 2bfdf505-3a1f-44eb-9843-3820b2477da1:c1567]
2019-09-05 19:10:32,173 [grpc-default-executor-0] INFO  client.GrpcClientProtocolClient (GrpcClientProtocolClient.java:onNext(255)) - client-729EAB8E4297->a9cb8897-0d38-4c59-817a-d67a8ba30c67: receive RaftClientReply:client-729EAB8E4297->a9cb8897-0d38-4c59-817a-d67a8ba30c67@group-A55F67FDC954, cid=1125, SUCCESS, logIndex=1570, commits[a9cb8897-0d38-4c59-817a-d67a8ba30c67:c1571, 41e21bac-56c9-465a-a1cc-bc71b3ab473c:c1567, 2bfdf505-3a1f-44eb-9843-3820b2477da1:c1567]
2019-09-05 19:10:32,173 [grpc-default-executor-0] INFO  client.GrpcClientProtocolClient (GrpcClientProtocolClient.java:onNext(255)) - client-729EAB8E4297->a9cb8897-0d38-4c59-817a-d67a8ba30c67: receive RaftClientReply:client-729EAB8E4297->a9cb8897-0d38-4c59-817a-d67a8ba30c67@group-A55F67FDC954, cid=1126, SUCCESS, logIndex=1571, commits[a9cb8897-0d38-4c59-817a-d67a8ba30c67:c1571, 41e21bac-56c9-465a-a1cc-bc71b3ab473c:c1567, 2bfdf505-3a1f-44eb-9843-3820b2477da1:c1567]
2019-09-05 19:10:32,175 [grpc-default-executor-3] INFO  client.GrpcClientProtocolClient (GrpcClientProtocolClient.java:onNext(255)) - client-729EAB8E4297->a9cb8897-0d38-4c59-817a-d67a8ba30c67: receive RaftClientReply:client-729EAB8E4297->a9cb8897-0d38-4c59-817a-d67a8ba30c67@group-A55F67FDC954, cid=1127, SUCCESS, logIndex=0, commits[a9cb8897-0d38-4c59-817a-d67a8ba30c67:c1573, 41e21bac-56c9-465a-a1cc-bc71b3ab473c:c1571, 2bfdf505-3a1f-44eb-9843-3820b2477da1:c1571]
2019-09-05 19:10:32,187 [grpc-default-executor-0] INFO  client.GrpcClientProtocolClient (GrpcClientProtocolClient.java:onNext(255)) - client-729EAB8E4297->a9cb8897-0d38-4c59-817a-d67a8ba30c67: receive RaftClientReply:client-729EAB8E4297->a9cb8897-0d38-4c59-817a-d67a8ba30c67@group-A55F67FDC954, cid=1128, SUCCESS, logIndex=1574, commits[a9cb8897-0d38-4c59-817a-d67a8ba30c67:c1575, 41e21bac-56c9-465a-a1cc-bc71b3ab473c:c1573, 2bfdf505-3a1f-44eb-9843-3820b2477da1:c1571]
2019-09-05 19:10:32,187 [grpc-default-executor-0] INFO  client.GrpcClientProtocolClient (GrpcClientProtocolClient.java:onNext(255)) - client-729EAB8E4297->a9cb8897-0d38-4c59-817a-d67a8ba30c67: receive RaftClientReply:client-729EAB8E4297->a9cb8897-0d38-4c59-817a-d67a8ba30c67@group-A55F67FDC954, cid=1129, SUCCESS, logIndex=1575, commits[a9cb8897-0d38-4c59-817a-d67a8ba30c67:c1575, 41e21bac-56c9-465a-a1cc-bc71b3ab473c:c1573, 2bfdf505-3a1f-44eb-9843-3820b2477da1:c1573]
 0.00% |█                                                                                                    |  0/1 Time: 0:00:062019-09-05 19:10:32,350 [grpc-default-executor-0] INFO  client.GrpcClientProtocolClient (GrpcClientProtocolClient.java:onNext(255)) - client-729EAB8E4297->a9cb8897-0d38-4c59-817a-d67a8ba30c67: receive RaftClientReply:client-729EAB8E4297->a9cb8897-0d38-4c59-817a-d67a8ba30c67@group-A55F67FDC954, cid=1130, SUCCESS, logIndex=1578, commits[a9cb8897-0d38-4c59-817a-d67a8ba30c67:c1579, 41e21bac-56c9-465a-a1cc-bc71b3ab473c:c1577, 2bfdf505-3a1f-44eb-9843-3820b2477da1:c1577]
2019-09-05 19:10:32,351 [grpc-default-executor-0] INFO  client.GrpcClientProtocolClient (GrpcClientProtocolClient.java:onNext(255)) - client-729EAB8E4297->a9cb8897-0d38-4c59-817a-d67a8ba30c67: receive RaftClientReply:client-729EAB8E4297->a9cb8897-0d38-4c59-817a-d67a8ba30c67@group-A55F67FDC954, cid=1131, SUCCESS, logIndex=1579, commits[a9cb8897-0d38-4c59-817a-d67a8ba30c67:c1579, 41e21bac-56c9-465a-a1cc-bc71b3ab473c:c1577, 2bfdf505-3a1f-44eb-9843-3820b2477da1:c1577]
2019-09-05 19:10:32,363 [grpc-default-executor-4] INFO  client.GrpcClientProtocolClient (GrpcClientProtocolClient.java:onNext(255)) - client-729EAB8E4297->a9cb8897-0d38-4c59-817a-d67a8ba30c67: receive RaftClientReply:client-729EAB8E4297->a9cb8897-0d38-4c59-817a-d67a8ba30c67@group-A55F67FDC954, cid=1132, SUCCESS, logIndex=0, commits[a9cb8897-0d38-4c59-817a-d67a8ba30c67:c1580, 41e21bac-56c9-465a-a1cc-bc71b3ab473c:c1579, 2bfdf505-3a1f-44eb-9843-3820b2477da1:c1579]
2019-09-05 19:10:32,387 [grpc-default-executor-4] INFO  client.GrpcClientProtocolClient (GrpcClientProtocolClient.java:onNext(255)) - client-729EAB8E4297->a9cb8897-0d38-4c59-817a-d67a8ba30c67: receive RaftClientReply:client-729EAB8E4297->a9cb8897-0d38-4c59-817a-d67a8ba30c67@group-A55F67FDC954, cid=1133, SUCCESS, logIndex=1582, commits[a9cb8897-0d38-4c59-817a-d67a8ba30c67:c1583, 41e21bac-56c9-465a-a1cc-bc71b3ab473c:c1581, 2bfdf505-3a1f-44eb-9843-3820b2477da1:c1581]
2019-09-05 19:10:32,388 [grpc-default-executor-3] INFO  client.GrpcClientProtocolClient (GrpcClientProtocolClient.java:onNext(255)) - client-729EAB8E4297->a9cb8897-0d38-4c59-817a-d67a8ba30c67: receive RaftClientReply:client-729EAB8E4297->a9cb8897-0d38-4c59-817a-d67a8ba30c67@group-A55F67FDC954, cid=1134, SUCCESS, logIndex=1583, commits[a9cb8897-0d38-4c59-817a-d67a8ba30c67:c1585, 41e21bac-56c9-465a-a1cc-bc71b3ab473c:c1581, 2bfdf505-3a1f-44eb-9843-3820b2477da1:c1581]
2019-09-05 19:10:32,389 [grpc-default-executor-3] INFO  client.GrpcClientProtocolClient (GrpcClientProtocolClient.java:onNext(255)) - client-729EAB8E4297->a9cb8897-0d38-4c59-817a-d67a8ba30c67: receive RaftClientReply:client-729EAB8E4297->a9cb8897-0d38-4c59-817a-d67a8ba30c67@group-A55F67FDC954, cid=1135, SUCCESS, logIndex=1584, commits[a9cb8897-0d38-4c59-817a-d67a8ba30c67:c1585, 41e21bac-56c9-465a-a1cc-bc71b3ab473c:c1581, 2bfdf505-3a1f-44eb-9843-3820b2477da1:c1581]
2019-09-05 19:10:32,389 [grpc-default-executor-3] INFO  client.GrpcClientProtocolClient (GrpcClientProtocolClient.java:onNext(255)) - client-729EAB8E4297->a9cb8897-0d38-4c59-817a-d67a8ba30c67: receive RaftClientReply:client-729EAB8E4297->a9cb8897-0d38-4c59-817a-d67a8ba30c67@group-A55F67FDC954, cid=1136, SUCCESS, logIndex=1585, commits[a9cb8897-0d38-4c59-817a-d67a8ba30c67:c1585, 41e21bac-56c9-465a-a1cc-bc71b3ab473c:c1582, 2bfdf505-3a1f-44eb-9843-3820b2477da1:c1581]
2019-09-05 19:10:32,391 [grpc-default-executor-3] INFO  client.GrpcClientProtocolClient (GrpcClientProtocolClient.java:onNext(255)) - client-729EAB8E4297->a9cb8897-0d38-4c59-817a-d67a8ba30c67: receive RaftClientReply:client-729EAB8E4297->a9cb8897-0d38-4c59-817a-d67a8ba30c67@group-A55F67FDC954, cid=1137, SUCCESS, logIndex=0, commits[a9cb8897-0d38-4c59-817a-d67a8ba30c67:c1588, 41e21bac-56c9-465a-a1cc-bc71b3ab473c:c1584, 2bfdf505-3a1f-44eb-9843-3820b2477da1:c1583]
2019-09-05 19:10:32,412 [grpc-default-executor-4] INFO  client.GrpcClientProtocolClient (GrpcClientProtocolClient.java:onNext(255)) - client-729EAB8E4297->a9cb8897-0d38-4c59-817a-d67a8ba30c67: receive RaftClientReply:client-729EAB8E4297->a9cb8897-0d38-4c59-817a-d67a8ba30c67@group-A55F67FDC954, cid=1138, SUCCESS, logIndex=1590, commits[a9cb8897-0d38-4c59-817a-d67a8ba30c67:c1591, 41e21bac-56c9-465a-a1cc-bc71b3ab473c:c1589, 2bfdf505-3a1f-44eb-9843-3820b2477da1:c1589]
2019-09-05 19:10:32,413 [grpc-default-executor-4] INFO  client.GrpcClientProtocolClient (GrpcClientProtocolClient.java:onNext(255)) - client-729EAB8E4297->a9cb8897-0d38-4c59-817a-d67a8ba30c67: receive RaftClientReply:client-729EAB8E4297->a9cb8897-0d38-4c59-817a-d67a8ba30c67@group-A55F67FDC954, cid=1139, SUCCESS, logIndex=1591, commits[a9cb8897-0d38-4c59-817a-d67a8ba30c67:c1591, 41e21bac-56c9-465a-a1cc-bc71b3ab473c:c1589, 2bfdf505-3a1f-44eb-9843-3820b2477da1:c1589]
2019-09-05 19:10:32,437 [grpc-default-executor-0] INFO  client.GrpcClientProtocolClient (GrpcClientProtocolClient.java:onNext(255)) - client-729EAB8E4297->a9cb8897-0d38-4c59-817a-d67a8ba30c67: receive RaftClientReply:client-729EAB8E4297->a9cb8897-0d38-4c59-817a-d67a8ba30c67@group-A55F67FDC954, cid=1140, SUCCESS, logIndex=1594, commits[a9cb8897-0d38-4c59-817a-d67a8ba30c67:c1595, 41e21bac-56c9-465a-a1cc-bc71b3ab473c:c1591, 2bfdf505-3a1f-44eb-9843-3820b2477da1:c1591]
2019-09-05 19:10:32,438 [grpc-default-executor-0] INFO  client.GrpcClientProtocolClient (GrpcClientProtocolClient.java:onNext(255)) - client-729EAB8E4297->a9cb8897-0d38-4c59-817a-d67a8ba30c67: receive RaftClientReply:client-729EAB8E4297->a9cb8897-0d38-4c59-817a-d67a8ba30c67@group-A55F67FDC954, cid=1141, SUCCESS, logIndex=1595, commits[a9cb8897-0d38-4c59-817a-d67a8ba30c67:c1595, 41e21bac-56c9-465a-a1cc-bc71b3ab473c:c1591, 2bfdf505-3a1f-44eb-9843-3820b2477da1:c1591]
2019-09-05 19:10:32,439 [grpc-default-executor-4] INFO  client.GrpcClientProtocolClient (GrpcClientProtocolClient.java:onNext(255)) - client-729EAB8E4297->a9cb8897-0d38-4c59-817a-d67a8ba30c67: receive RaftClientReply:client-729EAB8E4297->a9cb8897-0d38-4c59-817a-d67a8ba30c67@group-A55F67FDC954, cid=1142, SUCCESS, logIndex=0, commits[a9cb8897-0d38-4c59-817a-d67a8ba30c67:c1596, 41e21bac-56c9-465a-a1cc-bc71b3ab473c:c1595, 2bfdf505-3a1f-44eb-9843-3820b2477da1:c1595]
2019-09-05 19:10:32,460 [grpc-default-executor-3] INFO  client.GrpcClientProtocolClient (GrpcClientProtocolClient.java:onNext(255)) - client-729EAB8E4297->a9cb8897-0d38-4c59-817a-d67a8ba30c67: receive RaftClientReply:client-729EAB8E4297->a9cb8897-0d38-4c59-817a-d67a8ba30c67@group-A55F67FDC954, cid=1143, SUCCESS, logIndex=1598, commits[a9cb8897-0d38-4c59-817a-d67a8ba30c67:c1599, 41e21bac-56c9-465a-a1cc-bc71b3ab473c:c1597, 2bfdf505-3a1f-44eb-9843-3820b2477da1:c1597]
2019-09-05 19:10:32,461 [grpc-default-executor-3] INFO  client.GrpcClientProtocolClient (GrpcClientProtocolClient.java:onNext(255)) - client-729EAB8E4297->a9cb8897-0d38-4c59-817a-d67a8ba30c67: receive RaftClientReply:client-729EAB8E4297->a9cb8897-0d38-4c59-817a-d67a8ba30c67@group-A55F67FDC954, cid=1144, SUCCESS, logIndex=1599, commits[a9cb8897-0d38-4c59-817a-d67a8ba30c67:c1599, 41e21bac-56c9-465a-a1cc-bc71b3ab473c:c1597, 2bfdf505-3a1f-44eb-9843-3820b2477da1:c1597]
2019-09-05 19:10:32,462 [grpc-default-executor-0] INFO  client.GrpcClientProtocolClient (GrpcClientProtocolClient.java:onNext(255)) - client-729EAB8E4297->a9cb8897-0d38-4c59-817a-d67a8ba30c67: receive RaftClientReply:client-729EAB8E4297->a9cb8897-0d38-4c59-817a-d67a8ba30c67@group-A55F67FDC954, cid=1145, SUCCESS, logIndex=1600, commits[a9cb8897-0d38-4c59-817a-d67a8ba30c67:c1600, 41e21bac-56c9-465a-a1cc-bc71b3ab473c:c1597, 2bfdf505-3a1f-44eb-9843-3820b2477da1:c1597]
2019-09-05 19:10:32,463 [grpc-default-executor-0] INFO  client.GrpcClientProtocolClient (GrpcClientProtocolClient.java:onNext(255)) - client-729EAB8E4297->a9cb8897-0d38-4c59-817a-d67a8ba30c67: receive RaftClientReply:client-729EAB8E4297->a9cb8897-0d38-4c59-817a-d67a8ba30c67@group-A55F67FDC954, cid=1146, SUCCESS, logIndex=1601, commits[a9cb8897-0d38-4c59-817a-d67a8ba30c67:c1601, 41e21bac-56c9-465a-a1cc-bc71b3ab473c:c1597, 2bfdf505-3a1f-44eb-9843-3820b2477da1:c1597]
2019-09-05 19:10:32,464 [grpc-default-executor-3] INFO  client.GrpcClientProtocolClient (GrpcClientProtocolClient.java:onNext(255)) - client-729EAB8E4297->a9cb8897-0d38-4c59-817a-d67a8ba30c67: receive RaftClientReply:client-729EAB8E4297->a9cb8897-0d38-4c59-817a-d67a8ba30c67@group-A55F67FDC954, cid=1147, SUCCESS, logIndex=0, commits[a9cb8897-0d38-4c59-817a-d67a8ba30c67:c1603, 41e21bac-56c9-465a-a1cc-bc71b3ab473c:c1599, 2bfdf505-3a1f-44eb-9843-3820b2477da1:c1599]
2019-09-05 19:10:32,484 [grpc-default-executor-4] INFO  client.GrpcClientProtocolClient (GrpcClientProtocolClient.java:onNext(255)) - client-729EAB8E4297->a9cb8897-0d38-4c59-817a-d67a8ba30c67: receive RaftClientReply:client-729EAB8E4297->a9cb8897-0d38-4c59-817a-d67a8ba30c67@group-A55F67FDC954, cid=1148, SUCCESS, logIndex=1606, commits[a9cb8897-0d38-4c59-817a-d67a8ba30c67:c1607, 41e21bac-56c9-465a-a1cc-bc71b3ab473c:c1605, 2bfdf505-3a1f-44eb-9843-3820b2477da1:c1605]
2019-09-05 19:10:32,484 [grpc-default-executor-4] INFO  client.GrpcClientProtocolClient (GrpcClientProtocolClient.java:onNext(255)) - client-729EAB8E4297->a9cb8897-0d38-4c59-817a-d67a8ba30c67: receive RaftClientReply:client-729EAB8E4297->a9cb8897-0d38-4c59-817a-d67a8ba30c67@group-A55F67FDC954, cid=1149, SUCCESS, logIndex=1607, commits[a9cb8897-0d38-4c59-817a-d67a8ba30c67:c1607, 41e21bac-56c9-465a-a1cc-bc71b3ab473c:c1605, 2bfdf505-3a1f-44eb-9843-3820b2477da1:c1605]
2019-09-05 19:10:32,500 [grpc-default-executor-0] INFO  client.GrpcClientProtocolClient (GrpcClientProtocolClient.java:onNext(255)) - client-729EAB8E4297->a9cb8897-0d38-4c59-817a-d67a8ba30c67: receive RaftClientReply:client-729EAB8E4297->a9cb8897-0d38-4c59-817a-d67a8ba30c67@group-A55F67FDC954, cid=1150, SUCCESS, logIndex=1610, commits[a9cb8897-0d38-4c59-817a-d67a8ba30c67:c1610, 41e21bac-56c9-465a-a1cc-bc71b3ab473c:c1607, 2bfdf505-3a1f-44eb-9843-3820b2477da1:c1607]
2019-09-05 19:10:32,500 [grpc-default-executor-0] INFO  client.GrpcClientProtocolClient (GrpcClientProtocolClient.java:onNext(255)) - client-729EAB8E4297->a9cb8897-0d38-4c59-817a-d67a8ba30c67: receive RaftClientReply:client-729EAB8E4297->a9cb8897-0d38-4c59-817a-d67a8ba30c67@group-A55F67FDC954, cid=1151, SUCCESS, logIndex=1611, commits[a9cb8897-0d38-4c59-817a-d67a8ba30c67:c1611, 41e21bac-56c9-465a-a1cc-bc71b3ab473c:c1607, 2bfdf505-3a1f-44eb-9843-3820b2477da1:c1607]
2019-09-05 19:10:32,513 [grpc-default-executor-4] INFO  client.GrpcClientProtocolClient (GrpcClientProtocolClient.java:onNext(255)) - client-729EAB8E4297->a9cb8897-0d38-4c59-817a-d67a8ba30c67: receive RaftClientReply:client-729EAB8E4297->a9cb8897-0d38-4c59-817a-d67a8ba30c67@group-A55F67FDC954, cid=1152, SUCCESS, logIndex=0, commits[a9cb8897-0d38-4c59-817a-d67a8ba30c67:c1613, 41e21bac-56c9-465a-a1cc-bc71b3ab473c:c1611, 2bfdf505-3a1f-44eb-9843-3820b2477da1:c1611]
2019-09-05 19:10:32,539 [grpc-default-executor-0] INFO  client.GrpcClientProtocolClient (GrpcClientProtocolClient.java:onNext(255)) - client-729EAB8E4297->a9cb8897-0d38-4c59-817a-d67a8ba30c67: receive RaftClientReply:client-729EAB8E4297->a9cb8897-0d38-4c59-817a-d67a8ba30c67@group-A55F67FDC954, cid=1153, SUCCESS, logIndex=1614, commits[a9cb8897-0d38-4c59-817a-d67a8ba30c67:c1616, 41e21bac-56c9-465a-a1cc-bc71b3ab473c:c1613, 2bfdf505-3a1f-44eb-9843-3820b2477da1:c1613]
2019-09-05 19:10:32,541 [grpc-default-executor-3] INFO  client.GrpcClientProtocolClient (GrpcClientProtocolClient.java:onNext(255)) - client-729EAB8E4297->a9cb8897-0d38-4c59-817a-d67a8ba30c67: receive RaftClientReply:client-729EAB8E4297->a9cb8897-0d38-4c59-817a-d67a8ba30c67@group-A55F67FDC954, cid=1154, SUCCESS, logIndex=1615, commits[a9cb8897-0d38-4c59-817a-d67a8ba30c67:c1617, 41e21bac-56c9-465a-a1cc-bc71b3ab473c:c1613, 2bfdf505-3a1f-44eb-9843-3820b2477da1:c1613]
2019-09-05 19:10:32,541 [grpc-default-executor-3] INFO  client.GrpcClientProtocolClient (GrpcClientProtocolClient.java:onNext(255)) - client-729EAB8E4297->a9cb8897-0d38-4c59-817a-d67a8ba30c67: receive RaftClientReply:client-729EAB8E4297->a9cb8897-0d38-4c59-817a-d67a8ba30c67@group-A55F67FDC954, cid=1155, SUCCESS, logIndex=1616, commits[a9cb8897-0d38-4c59-817a-d67a8ba30c67:c1617, 41e21bac-56c9-465a-a1cc-bc71b3ab473c:c1613, 2bfdf505-3a1f-44eb-9843-3820b2477da1:c1613]
2019-09-05 19:10:32,541 [grpc-default-executor-3] INFO  client.GrpcClientProtocolClient (GrpcClientProtocolClient.java:onNext(255)) - client-729EAB8E4297->a9cb8897-0d38-4c59-817a-d67a8ba30c67: receive RaftClientReply:client-729EAB8E4297->a9cb8897-0d38-4c59-817a-d67a8ba30c67@group-A55F67FDC954, cid=1156, SUCCESS, logIndex=1617, commits[a9cb8897-0d38-4c59-817a-d67a8ba30c67:c1617, 41e21bac-56c9-465a-a1cc-bc71b3ab473c:c1613, 2bfdf505-3a1f-44eb-9843-3820b2477da1:c1613]
2019-09-05 19:10:32,543 [grpc-default-executor-3] INFO  client.GrpcClientProtocolClient (GrpcClientProtocolClient.java:onNext(255)) - client-729EAB8E4297->a9cb8897-0d38-4c59-817a-d67a8ba30c67: receive RaftClientReply:client-729EAB8E4297->a9cb8897-0d38-4c59-817a-d67a8ba30c67@group-A55F67FDC954, cid=1157, SUCCESS, logIndex=0, commits[a9cb8897-0d38-4c59-817a-d67a8ba30c67:c1620, 41e21bac-56c9-465a-a1cc-bc71b3ab473c:c1616, 2bfdf505-3a1f-44eb-9843-3820b2477da1:c1616]
2019-09-05 19:10:32,557 [grpc-default-executor-4] INFO  client.GrpcClientProtocolClient (GrpcClientProtocolClient.java:onNext(255)) - client-729EAB8E4297->a9cb8897-0d38-4c59-817a-d67a8ba30c67: receive RaftClientReply:client-729EAB8E4297->a9cb8897-0d38-4c59-817a-d67a8ba30c67@group-A55F67FDC954, cid=1158, SUCCESS, logIndex=1622, commits[a9cb8897-0d38-4c59-817a-d67a8ba30c67:c1623, 41e21bac-56c9-465a-a1cc-bc71b3ab473c:c1621, 2bfdf505-3a1f-44eb-9843-3820b2477da1:c1617]
2019-09-05 19:10:32,557 [grpc-default-executor-4] INFO  client.GrpcClientProtocolClient (GrpcClientProtocolClient.java:onNext(255)) - client-729EAB8E4297->a9cb8897-0d38-4c59-817a-d67a8ba30c67: receive RaftClientReply:client-729EAB8E4297->a9cb8897-0d38-4c59-817a-d67a8ba30c67@group-A55F67FDC954, cid=1159, SUCCESS, logIndex=1623, commits[a9cb8897-0d38-4c59-817a-d67a8ba30c67:c1623, 41e21bac-56c9-465a-a1cc-bc71b3ab473c:c1621, 2bfdf505-3a1f-44eb-9843-3820b2477da1:c1621]
 0.00% |█                                                                                                    |  0/1 Time: 0:00:072019-09-05 19:10:34,269 [grpc-default-executor-3] INFO  client.GrpcClientProtocolClient (GrpcClientProtocolClient.java:onNext(255)) - client-729EAB8E4297->a9cb8897-0d38-4c59-817a-d67a8ba30c67: receive RaftClientReply:client-729EAB8E4297->a9cb8897-0d38-4c59-817a-d67a8ba30c67@group-A55F67FDC954, cid=1160, SUCCESS, logIndex=1626, commits[a9cb8897-0d38-4c59-817a-d67a8ba30c67:c1629, 41e21bac-56c9-465a-a1cc-bc71b3ab473c:c1627, 2bfdf505-3a1f-44eb-9843-3820b2477da1:c1627]
2019-09-05 19:10:34,270 [grpc-default-executor-3] INFO  client.GrpcClientProtocolClient (GrpcClientProtocolClient.java:onNext(255)) - client-729EAB8E4297->a9cb8897-0d38-4c59-817a-d67a8ba30c67: receive RaftClientReply:client-729EAB8E4297->a9cb8897-0d38-4c59-817a-d67a8ba30c67@group-A55F67FDC954, cid=1161, SUCCESS, logIndex=1627, commits[a9cb8897-0d38-4c59-817a-d67a8ba30c67:c1629, 41e21bac-56c9-465a-a1cc-bc71b3ab473c:c1627, 2bfdf505-3a1f-44eb-9843-3820b2477da1:c1627]
 0.00% |█                                                                                                    |  0/1 Time: 0:00:082019-09-05 19:10:35,294 [grpc-default-executor-0] INFO  client.GrpcClientProtocolClient (GrpcClientProtocolClient.java:onNext(255)) - client-729EAB8E4297->a9cb8897-0d38-4c59-817a-d67a8ba30c67: receive RaftClientReply:client-729EAB8E4297->a9cb8897-0d38-4c59-817a-d67a8ba30c67@group-A55F67FDC954, cid=1162, SUCCESS, logIndex=1630, commits[a9cb8897-0d38-4c59-817a-d67a8ba30c67:c1633, 41e21bac-56c9-465a-a1cc-bc71b3ab473c:c1629, 2bfdf505-3a1f-44eb-9843-3820b2477da1:c1629]
2019-09-05 19:10:35,296 [grpc-default-executor-0] INFO  client.GrpcClientProtocolClient (GrpcClientProtocolClient.java:onNext(255)) - client-729EAB8E4297->a9cb8897-0d38-4c59-817a-d67a8ba30c67: receive RaftClientReply:client-729EAB8E4297->a9cb8897-0d38-4c59-817a-d67a8ba30c67@group-A55F67FDC954, cid=1163, SUCCESS, logIndex=1631, commits[a9cb8897-0d38-4c59-817a-d67a8ba30c67:c1633, 41e21bac-56c9-465a-a1cc-bc71b3ab473c:c1629, 2bfdf505-3a1f-44eb-9843-3820b2477da1:c1629]
2019-09-05 19:10:35,296 [grpc-default-executor-0] INFO  client.GrpcClientProtocolClient (GrpcClientProtocolClient.java:onNext(255)) - client-729EAB8E4297->a9cb8897-0d38-4c59-817a-d67a8ba30c67: receive RaftClientReply:client-729EAB8E4297->a9cb8897-0d38-4c59-817a-d67a8ba30c67@group-A55F67FDC954, cid=1164, SUCCESS, logIndex=1632, commits[a9cb8897-0d38-4c59-817a-d67a8ba30c67:c1633, 41e21bac-56c9-465a-a1cc-bc71b3ab473c:c1629, 2bfdf505-3a1f-44eb-9843-3820b2477da1:c1629]
2019-09-05 19:10:35,296 [grpc-default-executor-0] INFO  client.GrpcClientProtocolClient (GrpcClientProtocolClient.java:onNext(255)) - client-729EAB8E4297->a9cb8897-0d38-4c59-817a-d67a8ba30c67: receive RaftClientReply:client-729EAB8E4297->a9cb8897-0d38-4c59-817a-d67a8ba30c67@group-A55F67FDC954, cid=1165, SUCCESS, logIndex=1633, commits[a9cb8897-0d38-4c59-817a-d67a8ba30c67:c1633, 41e21bac-56c9-465a-a1cc-bc71b3ab473c:c1629, 2bfdf505-3a1f-44eb-9843-3820b2477da1:c1629]
2019-09-05 19:10:35,305 [grpc-default-executor-3] INFO  client.GrpcClientProtocolClient (GrpcClientProtocolClient.java:onNext(255)) - client-729EAB8E4297->a9cb8897-0d38-4c59-817a-d67a8ba30c67: receive RaftClientReply:client-729EAB8E4297->a9cb8897-0d38-4c59-817a-d67a8ba30c67@group-A55F67FDC954, cid=1166, SUCCESS, logIndex=0, commits[a9cb8897-0d38-4c59-817a-d67a8ba30c67:c1634, 41e21bac-56c9-465a-a1cc-bc71b3ab473c:c1632, 2bfdf505-3a1f-44eb-9843-3820b2477da1:c1632]
2019-09-05 19:10:35,317 [grpc-default-executor-0] INFO  client.GrpcClientProtocolClient (GrpcClientProtocolClient.java:onNext(255)) - client-729EAB8E4297->a9cb8897-0d38-4c59-817a-d67a8ba30c67: receive RaftClientReply:client-729EAB8E4297->a9cb8897-0d38-4c59-817a-d67a8ba30c67@group-A55F67FDC954, cid=1167, SUCCESS, logIndex=1637, commits[a9cb8897-0d38-4c59-817a-d67a8ba30c67:c1638, 41e21bac-56c9-465a-a1cc-bc71b3ab473c:c1636, 2bfdf505-3a1f-44eb-9843-3820b2477da1:c1636]
2019-09-05 19:10:35,317 [grpc-default-executor-0] INFO  client.GrpcClientProtocolClient (GrpcClientProtocolClient.java:onNext(255)) - client-729EAB8E4297->a9cb8897-0d38-4c59-817a-d67a8ba30c67: receive RaftClientReply:client-729EAB8E4297->a9cb8897-0d38-4c59-817a-d67a8ba30c67@group-A55F67FDC954, cid=1168, SUCCESS, logIndex=1638, commits[a9cb8897-0d38-4c59-817a-d67a8ba30c67:c1638, 41e21bac-56c9-465a-a1cc-bc71b3ab473c:c1636, 2bfdf505-3a1f-44eb-9843-3820b2477da1:c1636]
2019-09-05 19:10:35,328 [grpc-default-executor-0] INFO  client.GrpcClientProtocolClient (GrpcClientProtocolClient.java:onNext(255)) - client-729EAB8E4297->a9cb8897-0d38-4c59-817a-d67a8ba30c67: receive RaftClientReply:client-729EAB8E4297->a9cb8897-0d38-4c59-817a-d67a8ba30c67@group-A55F67FDC954, cid=1169, SUCCESS, logIndex=1641, commits[a9cb8897-0d38-4c59-817a-d67a8ba30c67:c1642, 41e21bac-56c9-465a-a1cc-bc71b3ab473c:c1638, 2bfdf505-3a1f-44eb-9843-3820b2477da1:c1640]
2019-09-05 19:10:35,328 [grpc-default-executor-0] INFO  client.GrpcClientProtocolClient (GrpcClientProtocolClient.java:onNext(255)) - client-729EAB8E4297->a9cb8897-0d38-4c59-817a-d67a8ba30c67: receive RaftClientReply:client-729EAB8E4297->a9cb8897-0d38-4c59-817a-d67a8ba30c67@group-A55F67FDC954, cid=1170, SUCCESS, logIndex=1642, commits[a9cb8897-0d38-4c59-817a-d67a8ba30c67:c1642, 41e21bac-56c9-465a-a1cc-bc71b3ab473c:c1638, 2bfdf505-3a1f-44eb-9843-3820b2477da1:c1640]
2019-09-05 19:10:35,330 [grpc-default-executor-0] INFO  client.GrpcClientProtocolClient (GrpcClientProtocolClient.java:onNext(255)) - client-729EAB8E4297->a9cb8897-0d38-4c59-817a-d67a8ba30c67: receive RaftClientReply:client-729EAB8E4297->a9cb8897-0d38-4c59-817a-d67a8ba30c67@group-A55F67FDC954, cid=1171, SUCCESS, logIndex=0, commits[a9cb8897-0d38-4c59-817a-d67a8ba30c67:c1644, 41e21bac-56c9-465a-a1cc-bc71b3ab473c:c1642, 2bfdf505-3a1f-44eb-9843-3820b2477da1:c1642]
 0.00% |█                                                                                                    |  0/1 Time: 0:00:092019-09-05 19:10:35,344 [grpc-default-executor-0] INFO  client.GrpcClientProtocolClient (GrpcClientProtocolClient.java:onNext(255)) - client-729EAB8E4297->a9cb8897-0d38-4c59-817a-d67a8ba30c67: receive RaftClientReply:client-729EAB8E4297->a9cb8897-0d38-4c59-817a-d67a8ba30c67@group-A55F67FDC954, cid=1172, SUCCESS, logIndex=1645, commits[a9cb8897-0d38-4c59-817a-d67a8ba30c67:c1646, 41e21bac-56c9-465a-a1cc-bc71b3ab473c:c1642, 2bfdf505-3a1f-44eb-9843-3820b2477da1:c1644]
2019-09-05 19:10:35,344 [grpc-default-executor-0] INFO  client.GrpcClientProtocolClient (GrpcClientProtocolClient.java:onNext(255)) - client-729EAB8E4297->a9cb8897-0d38-4c59-817a-d67a8ba30c67: receive RaftClientReply:client-729EAB8E4297->a9cb8897-0d38-4c59-817a-d67a8ba30c67@group-A55F67FDC954, cid=1173, SUCCESS, logIndex=1646, commits[a9cb8897-0d38-4c59-817a-d67a8ba30c67:c1646, 41e21bac-56c9-465a-a1cc-bc71b3ab473c:c1644, 2bfdf505-3a1f-44eb-9843-3820b2477da1:c1644]
2019-09-05 19:10:35,346 [grpc-default-executor-3] INFO  client.GrpcClientProtocolClient (GrpcClientProtocolClient.java:onNext(255)) - client-729EAB8E4297->a9cb8897-0d38-4c59-817a-d67a8ba30c67: receive RaftClientReply:client-729EAB8E4297->a9cb8897-0d38-4c59-817a-d67a8ba30c67@group-A55F67FDC954, cid=1174, SUCCESS, logIndex=1647, commits[a9cb8897-0d38-4c59-817a-d67a8ba30c67:c1647, 41e21bac-56c9-465a-a1cc-bc71b3ab473c:c1644, 2bfdf505-3a1f-44eb-9843-3820b2477da1:c1644]
2019-09-05 19:10:35,346 [grpc-default-executor-3] INFO  client.GrpcClientProtocolClient (GrpcClientProtocolClient.java:onNext(255)) - client-729EAB8E4297->a9cb8897-0d38-4c59-817a-d67a8ba30c67: receive RaftClientReply:client-729EAB8E4297->a9cb8897-0d38-4c59-817a-d67a8ba30c67@group-A55F67FDC954, cid=1175, SUCCESS, logIndex=1648, commits[a9cb8897-0d38-4c59-817a-d67a8ba30c67:c1649, 41e21bac-56c9-465a-a1cc-bc71b3ab473c:c1646, 2bfdf505-3a1f-44eb-9843-3820b2477da1:c1644]
2019-09-05 19:10:35,347 [grpc-default-executor-4] INFO  client.GrpcClientProtocolClient (GrpcClientProtocolClient.java:onNext(255)) - client-729EAB8E4297->a9cb8897-0d38-4c59-817a-d67a8ba30c67: receive RaftClientReply:client-729EAB8E4297->a9cb8897-0d38-4c59-817a-d67a8ba30c67@group-A55F67FDC954, cid=1176, SUCCESS, logIndex=0, commits[a9cb8897-0d38-4c59-817a-d67a8ba30c67:c1649, 41e21bac-56c9-465a-a1cc-bc71b3ab473c:c1646, 2bfdf505-3a1f-44eb-9843-3820b2477da1:c1646]
2019-09-05 19:10:35,358 [grpc-default-executor-3] INFO  client.GrpcClientProtocolClient (GrpcClientProtocolClient.java:onNext(255)) - client-729EAB8E4297->a9cb8897-0d38-4c59-817a-d67a8ba30c67: receive RaftClientReply:client-729EAB8E4297->a9cb8897-0d38-4c59-817a-d67a8ba30c67@group-A55F67FDC954, cid=1177, SUCCESS, logIndex=1653, commits[a9cb8897-0d38-4c59-817a-d67a8ba30c67:c1654, 41e21bac-56c9-465a-a1cc-bc71b3ab473c:c1648, 2bfdf505-3a1f-44eb-9843-3820b2477da1:c1652]
2019-09-05 19:10:35,359 [grpc-default-executor-3] INFO  client.GrpcClientProtocolClient (GrpcClientProtocolClient.java:onNext(255)) - client-729EAB8E4297->a9cb8897-0d38-4c59-817a-d67a8ba30c67: receive RaftClientReply:client-729EAB8E4297->a9cb8897-0d38-4c59-817a-d67a8ba30c67@group-A55F67FDC954, cid=1178, SUCCESS, logIndex=1654, commits[a9cb8897-0d38-4c59-817a-d67a8ba30c67:c1654, 41e21bac-56c9-465a-a1cc-bc71b3ab473c:c1648, 2bfdf505-3a1f-44eb-9843-3820b2477da1:c1652]
2019-09-05 19:10:35,370 [grpc-default-executor-0] INFO  client.GrpcClientProtocolClient (GrpcClientProtocolClient.java:onNext(255)) - client-729EAB8E4297->a9cb8897-0d38-4c59-817a-d67a8ba30c67: receive RaftClientReply:client-729EAB8E4297->a9cb8897-0d38-4c59-817a-d67a8ba30c67@group-A55F67FDC954, cid=1179, SUCCESS, logIndex=1657, commits[a9cb8897-0d38-4c59-817a-d67a8ba30c67:c1658, 41e21bac-56c9-465a-a1cc-bc71b3ab473c:c1654, 2bfdf505-3a1f-44eb-9843-3820b2477da1:c1656]
2019-09-05 19:10:35,371 [grpc-default-executor-0] INFO  client.GrpcClientProtocolClient (GrpcClientProtocolClient.java:onNext(255)) - client-729EAB8E4297->a9cb8897-0d38-4c59-817a-d67a8ba30c67: receive RaftClientReply:client-729EAB8E4297->a9cb8897-0d38-4c59-817a-d67a8ba30c67@group-A55F67FDC954, cid=1180, SUCCESS, logIndex=1658, commits[a9cb8897-0d38-4c59-817a-d67a8ba30c67:c1658, 41e21bac-56c9-465a-a1cc-bc71b3ab473c:c1656, 2bfdf505-3a1f-44eb-9843-3820b2477da1:c1656]
2019-09-05 19:10:35,372 [grpc-default-executor-0] INFO  client.GrpcClientProtocolClient (GrpcClientProtocolClient.java:onNext(255)) - client-729EAB8E4297->a9cb8897-0d38-4c59-817a-d67a8ba30c67: receive RaftClientReply:client-729EAB8E4297->a9cb8897-0d38-4c59-817a-d67a8ba30c67@group-A55F67FDC954, cid=1181, SUCCESS, logIndex=0, commits[a9cb8897-0d38-4c59-817a-d67a8ba30c67:c1659, 41e21bac-56c9-465a-a1cc-bc71b3ab473c:c1658, 2bfdf505-3a1f-44eb-9843-3820b2477da1:c1658]
2019-09-05 19:10:35,383 [grpc-default-executor-4] INFO  client.GrpcClientProtocolClient (GrpcClientProtocolClient.java:onNext(255)) - client-729EAB8E4297->a9cb8897-0d38-4c59-817a-d67a8ba30c67: receive RaftClientReply:client-729EAB8E4297->a9cb8897-0d38-4c59-817a-d67a8ba30c67@group-A55F67FDC954, cid=1182, SUCCESS, logIndex=1661, commits[a9cb8897-0d38-4c59-817a-d67a8ba30c67:c1662, 41e21bac-56c9-465a-a1cc-bc71b3ab473c:c1660, 2bfdf505-3a1f-44eb-9843-3820b2477da1:c1658]
2019-09-05 19:10:35,383 [grpc-default-executor-4] INFO  client.GrpcClientProtocolClient (GrpcClientProtocolClient.java:onNext(255)) - client-729EAB8E4297->a9cb8897-0d38-4c59-817a-d67a8ba30c67: receive RaftClientReply:client-729EAB8E4297->a9cb8897-0d38-4c59-817a-d67a8ba30c67@group-A55F67FDC954, cid=1183, SUCCESS, logIndex=1662, commits[a9cb8897-0d38-4c59-817a-d67a8ba30c67:c1662, 41e21bac-56c9-465a-a1cc-bc71b3ab473c:c1660, 2bfdf505-3a1f-44eb-9843-3820b2477da1:c1658]
2019-09-05 19:10:35,384 [grpc-default-executor-4] INFO  client.GrpcClientProtocolClient (GrpcClientProtocolClient.java:onNext(255)) - client-729EAB8E4297->a9cb8897-0d38-4c59-817a-d67a8ba30c67: receive RaftClientReply:client-729EAB8E4297->a9cb8897-0d38-4c59-817a-d67a8ba30c67@group-A55F67FDC954, cid=1184, SUCCESS, logIndex=1663, commits[a9cb8897-0d38-4c59-817a-d67a8ba30c67:c1665, 41e21bac-56c9-465a-a1cc-bc71b3ab473c:c1661, 2bfdf505-3a1f-44eb-9843-3820b2477da1:c1658]
2019-09-05 19:10:35,385 [grpc-default-executor-0] INFO  client.GrpcClientProtocolClient (GrpcClientProtocolClient.java:onNext(255)) - client-729EAB8E4297->a9cb8897-0d38-4c59-817a-d67a8ba30c67: receive RaftClientReply:client-729EAB8E4297->a9cb8897-0d38-4c59-817a-d67a8ba30c67@group-A55F67FDC954, cid=1185, SUCCESS, logIndex=1664, commits[a9cb8897-0d38-4c59-817a-d67a8ba30c67:c1666, 41e21bac-56c9-465a-a1cc-bc71b3ab473c:c1662, 2bfdf505-3a1f-44eb-9843-3820b2477da1:c1660]
2019-09-05 19:10:35,386 [grpc-default-executor-0] INFO  client.GrpcClientProtocolClient (GrpcClientProtocolClient.java:onNext(255)) - client-729EAB8E4297->a9cb8897-0d38-4c59-817a-d67a8ba30c67: receive RaftClientReply:client-729EAB8E4297->a9cb8897-0d38-4c59-817a-d67a8ba30c67@group-A55F67FDC954, cid=1186, SUCCESS, logIndex=0, commits[a9cb8897-0d38-4c59-817a-d67a8ba30c67:c1666, 41e21bac-56c9-465a-a1cc-bc71b3ab473c:c1662, 2bfdf505-3a1f-44eb-9843-3820b2477da1:c1662]
2019-09-05 19:10:35,396 [grpc-default-executor-0] INFO  client.GrpcClientProtocolClient (GrpcClientProtocolClient.java:onNext(255)) - client-729EAB8E4297->a9cb8897-0d38-4c59-817a-d67a8ba30c67: receive RaftClientReply:client-729EAB8E4297->a9cb8897-0d38-4c59-817a-d67a8ba30c67@group-A55F67FDC954, cid=1187, SUCCESS, logIndex=1669, commits[a9cb8897-0d38-4c59-817a-d67a8ba30c67:c1670, 41e21bac-56c9-465a-a1cc-bc71b3ab473c:c1668, 2bfdf505-3a1f-44eb-9843-3820b2477da1:c1664]
2019-09-05 19:10:35,397 [grpc-default-executor-0] INFO  client.GrpcClientProtocolClient (GrpcClientProtocolClient.java:onNext(255)) - client-729EAB8E4297->a9cb8897-0d38-4c59-817a-d67a8ba30c67: receive RaftClientReply:client-729EAB8E4297->a9cb8897-0d38-4c59-817a-d67a8ba30c67@group-A55F67FDC954, cid=1188, SUCCESS, logIndex=1670, commits[a9cb8897-0d38-4c59-817a-d67a8ba30c67:c1670, 41e21bac-56c9-465a-a1cc-bc71b3ab473c:c1668, 2bfdf505-3a1f-44eb-9843-3820b2477da1:c1668]
2019-09-05 19:10:35,408 [grpc-default-executor-3] INFO  client.GrpcClientProtocolClient (GrpcClientProtocolClient.java:onNext(255)) - client-729EAB8E4297->a9cb8897-0d38-4c59-817a-d67a8ba30c67: receive RaftClientReply:client-729EAB8E4297->a9cb8897-0d38-4c59-817a-d67a8ba30c67@group-A55F67FDC954, cid=1189, SUCCESS, logIndex=1673, commits[a9cb8897-0d38-4c59-817a-d67a8ba30c67:c1674, 41e21bac-56c9-465a-a1cc-bc71b3ab473c:c1672, 2bfdf505-3a1f-44eb-9843-3820b2477da1:c1670]
2019-09-05 19:10:35,408 [grpc-default-executor-3] INFO  client.GrpcClientProtocolClient (GrpcClientProtocolClient.java:onNext(255)) - client-729EAB8E4297->a9cb8897-0d38-4c59-817a-d67a8ba30c67: receive RaftClientReply:client-729EAB8E4297->a9cb8897-0d38-4c59-817a-d67a8ba30c67@group-A55F67FDC954, cid=1190, SUCCESS, logIndex=1674, commits[a9cb8897-0d38-4c59-817a-d67a8ba30c67:c1674, 41e21bac-56c9-465a-a1cc-bc71b3ab473c:c1672, 2bfdf505-3a1f-44eb-9843-3820b2477da1:c1672]
2019-09-05 19:10:35,412 [grpc-default-executor-0] INFO  client.GrpcClientProtocolClient (GrpcClientProtocolClient.java:onNext(255)) - client-729EAB8E4297->a9cb8897-0d38-4c59-817a-d67a8ba30c67: receive RaftClientReply:client-729EAB8E4297->a9cb8897-0d38-4c59-817a-d67a8ba30c67@group-A55F67FDC954, cid=1191, SUCCESS, logIndex=0, commits[a9cb8897-0d38-4c59-817a-d67a8ba30c67:c1675, 41e21bac-56c9-465a-a1cc-bc71b3ab473c:c1674, 2bfdf505-3a1f-44eb-9843-3820b2477da1:c1674]
2019-09-05 19:10:35,423 [grpc-default-executor-3] INFO  client.GrpcClientProtocolClient (GrpcClientProtocolClient.java:onNext(255)) - client-729EAB8E4297->a9cb8897-0d38-4c59-817a-d67a8ba30c67: receive RaftClientReply:client-729EAB8E4297->a9cb8897-0d38-4c59-817a-d67a8ba30c67@group-A55F67FDC954, cid=1192, SUCCESS, logIndex=1677, commits[a9cb8897-0d38-4c59-817a-d67a8ba30c67:c1678, 41e21bac-56c9-465a-a1cc-bc71b3ab473c:c1674, 2bfdf505-3a1f-44eb-9843-3820b2477da1:c1676]
2019-09-05 19:10:35,424 [grpc-default-executor-3] INFO  client.GrpcClientProtocolClient (GrpcClientProtocolClient.java:onNext(255)) - client-729EAB8E4297->a9cb8897-0d38-4c59-817a-d67a8ba30c67: receive RaftClientReply:client-729EAB8E4297->a9cb8897-0d38-4c59-817a-d67a8ba30c67@group-A55F67FDC954, cid=1193, SUCCESS, logIndex=1678, commits[a9cb8897-0d38-4c59-817a-d67a8ba30c67:c1678, 41e21bac-56c9-465a-a1cc-bc71b3ab473c:c1674, 2bfdf505-3a1f-44eb-9843-3820b2477da1:c1676]
2019-09-05 19:10:35,428 [grpc-default-executor-4] INFO  client.GrpcClientProtocolClient (GrpcClientProtocolClient.java:onNext(255)) - client-729EAB8E4297->a9cb8897-0d38-4c59-817a-d67a8ba30c67: receive RaftClientReply:client-729EAB8E4297->a9cb8897-0d38-4c59-817a-d67a8ba30c67@group-A55F67FDC954, cid=1194, SUCCESS, logIndex=1679, commits[a9cb8897-0d38-4c59-817a-d67a8ba30c67:c1680, 41e21bac-56c9-465a-a1cc-bc71b3ab473c:c1676, 2bfdf505-3a1f-44eb-9843-3820b2477da1:c1676]
2019-09-05 19:10:35,428 [grpc-default-executor-4] INFO  client.GrpcClientProtocolClient (GrpcClientProtocolClient.java:onNext(255)) - client-729EAB8E4297->a9cb8897-0d38-4c59-817a-d67a8ba30c67: receive RaftClientReply:client-729EAB8E4297->a9cb8897-0d38-4c59-817a-d67a8ba30c67@group-A55F67FDC954, cid=1195, SUCCESS, logIndex=1680, commits[a9cb8897-0d38-4c59-817a-d67a8ba30c67:c1682, 41e21bac-56c9-465a-a1cc-bc71b3ab473c:c1678, 2bfdf505-3a1f-44eb-9843-3820b2477da1:c1678]
2019-09-05 19:10:35,439 [grpc-default-executor-4] INFO  client.GrpcClientProtocolClient (GrpcClientProtocolClient.java:onNext(255)) - client-729EAB8E4297->a9cb8897-0d38-4c59-817a-d67a8ba30c67: receive RaftClientReply:client-729EAB8E4297->a9cb8897-0d38-4c59-817a-d67a8ba30c67@group-A55F67FDC954, cid=1196, SUCCESS, logIndex=1685, commits[a9cb8897-0d38-4c59-817a-d67a8ba30c67:c1686, 41e21bac-56c9-465a-a1cc-bc71b3ab473c:c1684, 2bfdf505-3a1f-44eb-9843-3820b2477da1:c1680]
2019-09-05 19:10:35,439 [grpc-default-executor-4] INFO  client.GrpcClientProtocolClient (GrpcClientProtocolClient.java:onNext(255)) - client-729EAB8E4297->a9cb8897-0d38-4c59-817a-d67a8ba30c67: receive RaftClientReply:client-729EAB8E4297->a9cb8897-0d38-4c59-817a-d67a8ba30c67@group-A55F67FDC954, cid=1197, SUCCESS, logIndex=1686, commits[a9cb8897-0d38-4c59-817a-d67a8ba30c67:c1686, 41e21bac-56c9-465a-a1cc-bc71b3ab473c:c1684, 2bfdf505-3a1f-44eb-9843-3820b2477da1:c1684]
2019-09-05 19:10:35,451 [grpc-default-executor-4] INFO  client.GrpcClientProtocolClient (GrpcClientProtocolClient.java:onNext(255)) - client-729EAB8E4297->a9cb8897-0d38-4c59-817a-d67a8ba30c67: receive RaftClientReply:client-729EAB8E4297->a9cb8897-0d38-4c59-817a-d67a8ba30c67@group-A55F67FDC954, cid=1198, SUCCESS, logIndex=1689, commits[a9cb8897-0d38-4c59-817a-d67a8ba30c67:c1690, 41e21bac-56c9-465a-a1cc-bc71b3ab473c:c1688, 2bfdf505-3a1f-44eb-9843-3820b2477da1:c1686]
2019-09-05 19:10:35,452 [grpc-default-executor-4] INFO  client.GrpcClientProtocolClient (GrpcClientProtocolClient.java:onNext(255)) - client-729EAB8E4297->a9cb8897-0d38-4c59-817a-d67a8ba30c67: receive RaftClientReply:client-729EAB8E4297->a9cb8897-0d38-4c59-817a-d67a8ba30c67@group-A55F67FDC954, cid=1199, SUCCESS, logIndex=1690, commits[a9cb8897-0d38-4c59-817a-d67a8ba30c67:c1690, 41e21bac-56c9-465a-a1cc-bc71b3ab473c:c1688, 2bfdf505-3a1f-44eb-9843-3820b2477da1:c1688]
2019-09-05 19:10:35,453 [grpc-default-executor-4] INFO  client.GrpcClientProtocolClient (GrpcClientProtocolClient.java:onNext(255)) - client-729EAB8E4297->a9cb8897-0d38-4c59-817a-d67a8ba30c67: receive RaftClientReply:client-729EAB8E4297->a9cb8897-0d38-4c59-817a-d67a8ba30c67@group-A55F67FDC954, cid=1200, SUCCESS, logIndex=0, commits[a9cb8897-0d38-4c59-817a-d67a8ba30c67:c1691, 41e21bac-56c9-465a-a1cc-bc71b3ab473c:c1690, 2bfdf505-3a1f-44eb-9843-3820b2477da1:c1690]
2019-09-05 19:10:35,547 [grpc-default-executor-4] INFO  client.GrpcClientProtocolClient (GrpcClientProtocolClient.java:onNext(255)) - client-729EAB8E4297->a9cb8897-0d38-4c59-817a-d67a8ba30c67: receive RaftClientReply:client-729EAB8E4297->a9cb8897-0d38-4c59-817a-d67a8ba30c67@group-A55F67FDC954, cid=1201, SUCCESS, logIndex=1693, commits[a9cb8897-0d38-4c59-817a-d67a8ba30c67:c1694, 41e21bac-56c9-465a-a1cc-bc71b3ab473c:c1692, 2bfdf505-3a1f-44eb-9843-3820b2477da1:c1690]
2019-09-05 19:10:35,548 [grpc-default-executor-4] INFO  client.GrpcClientProtocolClient (GrpcClientProtocolClient.java:onNext(255)) - client-729EAB8E4297->a9cb8897-0d38-4c59-817a-d67a8ba30c67: receive RaftClientReply:client-729EAB8E4297->a9cb8897-0d38-4c59-817a-d67a8ba30c67@group-A55F67FDC954, cid=1202, SUCCESS, logIndex=1694, commits[a9cb8897-0d38-4c59-817a-d67a8ba30c67:c1694, 41e21bac-56c9-465a-a1cc-bc71b3ab473c:c1692, 2bfdf505-3a1f-44eb-9843-3820b2477da1:c1690]
2019-09-05 19:10:35,557 [grpc-default-executor-0] INFO  client.GrpcClientProtocolClient (GrpcClientProtocolClient.java:onNext(255)) - client-729EAB8E4297->a9cb8897-0d38-4c59-817a-d67a8ba30c67: receive RaftClientReply:client-729EAB8E4297->a9cb8897-0d38-4c59-817a-d67a8ba30c67@group-A55F67FDC954, cid=1203, SUCCESS, logIndex=1695, commits[a9cb8897-0d38-4c59-817a-d67a8ba30c67:c1695, 41e21bac-56c9-465a-a1cc-bc71b3ab473c:c1692, 2bfdf505-3a1f-44eb-9843-3820b2477da1:c1692]
2019-09-05 19:10:35,558 [grpc-default-executor-1] INFO  client.GrpcClientProtocolClient (GrpcClientProtocolClient.java:onNext(255)) - client-729EAB8E4297->a9cb8897-0d38-4c59-817a-d67a8ba30c67: receive RaftClientReply:client-729EAB8E4297->a9cb8897-0d38-4c59-817a-d67a8ba30c67@group-A55F67FDC954, cid=1204, SUCCESS, logIndex=1696, commits[a9cb8897-0d38-4c59-817a-d67a8ba30c67:c1698, 41e21bac-56c9-465a-a1cc-bc71b3ab473c:c1694, 2bfdf505-3a1f-44eb-9843-3820b2477da1:c1692]
2019-09-05 19:10:35,559 [grpc-default-executor-1] INFO  client.GrpcClientProtocolClient (GrpcClientProtocolClient.java:onNext(255)) - client-729EAB8E4297->a9cb8897-0d38-4c59-817a-d67a8ba30c67: receive RaftClientReply:client-729EAB8E4297->a9cb8897-0d38-4c59-817a-d67a8ba30c67@group-A55F67FDC954, cid=1205, SUCCESS, logIndex=0, commits[a9cb8897-0d38-4c59-817a-d67a8ba30c67:c1699, 41e21bac-56c9-465a-a1cc-bc71b3ab473c:c1695, 2bfdf505-3a1f-44eb-9843-3820b2477da1:c1694]
2019-09-05 19:10:35,583 [grpc-default-executor-4] INFO  client.GrpcClientProtocolClient (GrpcClientProtocolClient.java:onNext(255)) - client-729EAB8E4297->a9cb8897-0d38-4c59-817a-d67a8ba30c67: receive RaftClientReply:client-729EAB8E4297->a9cb8897-0d38-4c59-817a-d67a8ba30c67@group-A55F67FDC954, cid=1206, SUCCESS, logIndex=1700, commits[a9cb8897-0d38-4c59-817a-d67a8ba30c67:c1701, 41e21bac-56c9-465a-a1cc-bc71b3ab473c:c1699, 2bfdf505-3a1f-44eb-9843-3820b2477da1:c1699]
2019-09-05 19:10:35,584 [grpc-default-executor-4] INFO  client.GrpcClientProtocolClient (GrpcClientProtocolClient.java:onNext(255)) - client-729EAB8E4297->a9cb8897-0d38-4c59-817a-d67a8ba30c67: receive RaftClientReply:client-729EAB8E4297->a9cb8897-0d38-4c59-817a-d67a8ba30c67@group-A55F67FDC954, cid=1207, SUCCESS, logIndex=1701, commits[a9cb8897-0d38-4c59-817a-d67a8ba30c67:c1701, 41e21bac-56c9-465a-a1cc-bc71b3ab473c:c1699, 2bfdf505-3a1f-44eb-9843-3820b2477da1:c1699]
2019-09-05 19:10:35,597 [grpc-default-executor-4] INFO  client.GrpcClientProtocolClient (GrpcClientProtocolClient.java:onNext(255)) - client-729EAB8E4297->a9cb8897-0d38-4c59-817a-d67a8ba30c67: receive RaftClientReply:client-729EAB8E4297->a9cb8897-0d38-4c59-817a-d67a8ba30c67@group-A55F67FDC954, cid=1208, SUCCESS, logIndex=1704, commits[a9cb8897-0d38-4c59-817a-d67a8ba30c67:c1705, 41e21bac-56c9-465a-a1cc-bc71b3ab473c:c1701, 2bfdf505-3a1f-44eb-9843-3820b2477da1:c1701]
2019-09-05 19:10:35,597 [grpc-default-executor-4] INFO  client.GrpcClientProtocolClient (GrpcClientProtocolClient.java:onNext(255)) - client-729EAB8E4297->a9cb8897-0d38-4c59-817a-d67a8ba30c67: receive RaftClientReply:client-729EAB8E4297->a9cb8897-0d38-4c59-817a-d67a8ba30c67@group-A55F67FDC954, cid=1209, SUCCESS, logIndex=1705, commits[a9cb8897-0d38-4c59-817a-d67a8ba30c67:c1705, 41e21bac-56c9-465a-a1cc-bc71b3ab473c:c1701, 2bfdf505-3a1f-44eb-9843-3820b2477da1:c1701]
2019-09-05 19:10:35,599 [grpc-default-executor-1] INFO  client.GrpcClientProtocolClient (GrpcClientProtocolClient.java:onNext(255)) - client-729EAB8E4297->a9cb8897-0d38-4c59-817a-d67a8ba30c67: receive RaftClientReply:client-729EAB8E4297->a9cb8897-0d38-4c59-817a-d67a8ba30c67@group-A55F67FDC954, cid=1210, SUCCESS, logIndex=0, commits[a9cb8897-0d38-4c59-817a-d67a8ba30c67:c1706, 41e21bac-56c9-465a-a1cc-bc71b3ab473c:c1705, 2bfdf505-3a1f-44eb-9843-3820b2477da1:c1705]
2019-09-05 19:10:35,623 [grpc-default-executor-4] INFO  client.GrpcClientProtocolClient (GrpcClientProtocolClient.java:onNext(255)) - client-729EAB8E4297->a9cb8897-0d38-4c59-817a-d67a8ba30c67: receive RaftClientReply:client-729EAB8E4297->a9cb8897-0d38-4c59-817a-d67a8ba30c67@group-A55F67FDC954, cid=1211, SUCCESS, logIndex=1708, commits[a9cb8897-0d38-4c59-817a-d67a8ba30c67:c1711, 41e21bac-56c9-465a-a1cc-bc71b3ab473c:c1707, 2bfdf505-3a1f-44eb-9843-3820b2477da1:c1707]
2019-09-05 19:10:35,624 [grpc-default-executor-4] INFO  client.GrpcClientProtocolClient (GrpcClientProtocolClient.java:onNext(255)) - client-729EAB8E4297->a9cb8897-0d38-4c59-817a-d67a8ba30c67: receive RaftClientReply:client-729EAB8E4297->a9cb8897-0d38-4c59-817a-d67a8ba30c67@group-A55F67FDC954, cid=1212, SUCCESS, logIndex=1709, commits[a9cb8897-0d38-4c59-817a-d67a8ba30c67:c1711, 41e21bac-56c9-465a-a1cc-bc71b3ab473c:c1707, 2bfdf505-3a1f-44eb-9843-3820b2477da1:c1707]
2019-09-05 19:10:35,624 [grpc-default-executor-4] INFO  client.GrpcClientProtocolClient (GrpcClientProtocolClient.java:onNext(255)) - client-729EAB8E4297->a9cb8897-0d38-4c59-817a-d67a8ba30c67: receive RaftClientReply:client-729EAB8E4297->a9cb8897-0d38-4c59-817a-d67a8ba30c67@group-A55F67FDC954, cid=1213, SUCCESS, logIndex=1710, commits[a9cb8897-0d38-4c59-817a-d67a8ba30c67:c1711, 41e21bac-56c9-465a-a1cc-bc71b3ab473c:c1707, 2bfdf505-3a1f-44eb-9843-3820b2477da1:c1707]
2019-09-05 19:10:35,624 [grpc-default-executor-1] INFO  client.GrpcClientProtocolClient (GrpcClientProtocolClient.java:onNext(255)) - client-729EAB8E4297->a9cb8897-0d38-4c59-817a-d67a8ba30c67: receive RaftClientReply:client-729EAB8E4297->a9cb8897-0d38-4c59-817a-d67a8ba30c67@group-A55F67FDC954, cid=1214, SUCCESS, logIndex=1711, commits[a9cb8897-0d38-4c59-817a-d67a8ba30c67:c1712, 41e21bac-56c9-465a-a1cc-bc71b3ab473c:c1709, 2bfdf505-3a1f-44eb-9843-3820b2477da1:c1707]
2019-09-05 19:10:35,625 [grpc-default-executor-4] INFO  client.GrpcClientProtocolClient (GrpcClientProtocolClient.java:onNext(255)) - client-729EAB8E4297->a9cb8897-0d38-4c59-817a-d67a8ba30c67: receive RaftClientReply:client-729EAB8E4297->a9cb8897-0d38-4c59-817a-d67a8ba30c67@group-A55F67FDC954, cid=1215, SUCCESS, logIndex=0, commits[a9cb8897-0d38-4c59-817a-d67a8ba30c67:c1715, 41e21bac-56c9-465a-a1cc-bc71b3ab473c:c1711, 2bfdf505-3a1f-44eb-9843-3820b2477da1:c1709]
2019-09-05 19:10:35,638 [grpc-default-executor-1] INFO  client.GrpcClientProtocolClient (GrpcClientProtocolClient.java:onNext(255)) - client-729EAB8E4297->a9cb8897-0d38-4c59-817a-d67a8ba30c67: receive RaftClientReply:client-729EAB8E4297->a9cb8897-0d38-4c59-817a-d67a8ba30c67@group-A55F67FDC954, cid=1216, SUCCESS, logIndex=1716, commits[a9cb8897-0d38-4c59-817a-d67a8ba30c67:c1717, 41e21bac-56c9-465a-a1cc-bc71b3ab473c:c1711, 2bfdf505-3a1f-44eb-9843-3820b2477da1:c1715]
2019-09-05 19:10:35,638 [grpc-default-executor-1] INFO  client.GrpcClientProtocolClient (GrpcClientProtocolClient.java:onNext(255)) - client-729EAB8E4297->a9cb8897-0d38-4c59-817a-d67a8ba30c67: receive RaftClientReply:client-729EAB8E4297->a9cb8897-0d38-4c59-817a-d67a8ba30c67@group-A55F67FDC954, cid=1217, SUCCESS, logIndex=1717, commits[a9cb8897-0d38-4c59-817a-d67a8ba30c67:c1717, 41e21bac-56c9-465a-a1cc-bc71b3ab473c:c1715, 2bfdf505-3a1f-44eb-9843-3820b2477da1:c1715]
2019-09-05 19:10:35,651 [grpc-default-executor-4] INFO  client.GrpcClientProtocolClient (GrpcClientProtocolClient.java:onNext(255)) - client-729EAB8E4297->a9cb8897-0d38-4c59-817a-d67a8ba30c67: receive RaftClientReply:client-729EAB8E4297->a9cb8897-0d38-4c59-817a-d67a8ba30c67@group-A55F67FDC954, cid=1218, SUCCESS, logIndex=1720, commits[a9cb8897-0d38-4c59-817a-d67a8ba30c67:c1721, 41e21bac-56c9-465a-a1cc-bc71b3ab473c:c1719, 2bfdf505-3a1f-44eb-9843-3820b2477da1:c1719]
2019-09-05 19:10:35,652 [grpc-default-executor-4] INFO  client.GrpcClientProtocolClient (GrpcClientProtocolClient.java:onNext(255)) - client-729EAB8E4297->a9cb8897-0d38-4c59-817a-d67a8ba30c67: receive RaftClientReply:client-729EAB8E4297->a9cb8897-0d38-4c59-817a-d67a8ba30c67@group-A55F67FDC954, cid=1219, SUCCESS, logIndex=1721, commits[a9cb8897-0d38-4c59-817a-d67a8ba30c67:c1721, 41e21bac-56c9-465a-a1cc-bc71b3ab473c:c1719, 2bfdf505-3a1f-44eb-9843-3820b2477da1:c1719]
2019-09-05 19:10:35,655 [grpc-default-executor-1] INFO  client.GrpcClientProtocolClient (GrpcClientProtocolClient.java:onNext(255)) - client-729EAB8E4297->a9cb8897-0d38-4c59-817a-d67a8ba30c67: receive RaftClientReply:client-729EAB8E4297->a9cb8897-0d38-4c59-817a-d67a8ba30c67@group-A55F67FDC954, cid=1220, SUCCESS, logIndex=0, commits[a9cb8897-0d38-4c59-817a-d67a8ba30c67:c1722, 41e21bac-56c9-465a-a1cc-bc71b3ab473c:c1721, 2bfdf505-3a1f-44eb-9843-3820b2477da1:c1721]
2019-09-05 19:10:35,667 [grpc-default-executor-0] INFO  client.GrpcClientProtocolClient (GrpcClientProtocolClient.java:onNext(255)) - client-729EAB8E4297->a9cb8897-0d38-4c59-817a-d67a8ba30c67: receive RaftClientReply:client-729EAB8E4297->a9cb8897-0d38-4c59-817a-d67a8ba30c67@group-A55F67FDC954, cid=1221, SUCCESS, logIndex=1724, commits[a9cb8897-0d38-4c59-817a-d67a8ba30c67:c1725, 41e21bac-56c9-465a-a1cc-bc71b3ab473c:c1723, 2bfdf505-3a1f-44eb-9843-3820b2477da1:c1721]
2019-09-05 19:10:35,667 [grpc-default-executor-0] INFO  client.GrpcClientProtocolClient (GrpcClientProtocolClient.java:onNext(255)) - client-729EAB8E4297->a9cb8897-0d38-4c59-817a-d67a8ba30c67: receive RaftClientReply:client-729EAB8E4297->a9cb8897-0d38-4c59-817a-d67a8ba30c67@group-A55F67FDC954, cid=1222, SUCCESS, logIndex=1725, commits[a9cb8897-0d38-4c59-817a-d67a8ba30c67:c1725, 41e21bac-56c9-465a-a1cc-bc71b3ab473c:c1723, 2bfdf505-3a1f-44eb-9843-3820b2477da1:c1721]
2019-09-05 19:10:35,670 [grpc-default-executor-1] INFO  client.GrpcClientProtocolClient (GrpcClientProtocolClient.java:onNext(255)) - client-729EAB8E4297->a9cb8897-0d38-4c59-817a-d67a8ba30c67: receive RaftClientReply:client-729EAB8E4297->a9cb8897-0d38-4c59-817a-d67a8ba30c67@group-A55F67FDC954, cid=1223, SUCCESS, logIndex=1726, commits[a9cb8897-0d38-4c59-817a-d67a8ba30c67:c1727, 41e21bac-56c9-465a-a1cc-bc71b3ab473c:c1723, 2bfdf505-3a1f-44eb-9843-3820b2477da1:c1723]
2019-09-05 19:10:35,671 [grpc-default-executor-0] INFO  client.GrpcClientProtocolClient (GrpcClientProtocolClient.java:onNext(255)) - client-729EAB8E4297->a9cb8897-0d38-4c59-817a-d67a8ba30c67: receive RaftClientReply:client-729EAB8E4297->a9cb8897-0d38-4c59-817a-d67a8ba30c67@group-A55F67FDC954, cid=1224, SUCCESS, logIndex=1727, commits[a9cb8897-0d38-4c59-817a-d67a8ba30c67:c1729, 41e21bac-56c9-465a-a1cc-bc71b3ab473c:c1725, 2bfdf505-3a1f-44eb-9843-3820b2477da1:c1723]
2019-09-05 19:10:35,672 [grpc-default-executor-0] INFO  client.GrpcClientProtocolClient (GrpcClientProtocolClient.java:onNext(255)) - client-729EAB8E4297->a9cb8897-0d38-4c59-817a-d67a8ba30c67: receive RaftClientReply:client-729EAB8E4297->a9cb8897-0d38-4c59-817a-d67a8ba30c67@group-A55F67FDC954, cid=1225, SUCCESS, logIndex=0, commits[a9cb8897-0d38-4c59-817a-d67a8ba30c67:c1730, 41e21bac-56c9-465a-a1cc-bc71b3ab473c:c1726, 2bfdf505-3a1f-44eb-9843-3820b2477da1:c1725]
2019-09-05 19:10:35,683 [grpc-default-executor-1] INFO  client.GrpcClientProtocolClient (GrpcClientProtocolClient.java:onNext(255)) - client-729EAB8E4297->a9cb8897-0d38-4c59-817a-d67a8ba30c67: receive RaftClientReply:client-729EAB8E4297->a9cb8897-0d38-4c59-817a-d67a8ba30c67@group-A55F67FDC954, cid=1226, SUCCESS, logIndex=1732, commits[a9cb8897-0d38-4c59-817a-d67a8ba30c67:c1733, 41e21bac-56c9-465a-a1cc-bc71b3ab473c:c1731, 2bfdf505-3a1f-44eb-9843-3820b2477da1:c1727]
2019-09-05 19:10:35,683 [grpc-default-executor-1] INFO  client.GrpcClientProtocolClient (GrpcClientProtocolClient.java:onNext(255)) - client-729EAB8E4297->a9cb8897-0d38-4c59-817a-d67a8ba30c67: receive RaftClientReply:client-729EAB8E4297->a9cb8897-0d38-4c59-817a-d67a8ba30c67@group-A55F67FDC954, cid=1227, SUCCESS, logIndex=1733, commits[a9cb8897-0d38-4c59-817a-d67a8ba30c67:c1733, 41e21bac-56c9-465a-a1cc-bc71b3ab473c:c1731, 2bfdf505-3a1f-44eb-9843-3820b2477da1:c1731]
2019-09-05 19:10:35,693 [grpc-default-executor-0] INFO  client.GrpcClientProtocolClient (GrpcClientProtocolClient.java:onNext(255)) - client-729EAB8E4297->a9cb8897-0d38-4c59-817a-d67a8ba30c67: receive RaftClientReply:client-729EAB8E4297->a9cb8897-0d38-4c59-817a-d67a8ba30c67@group-A55F67FDC954, cid=1228, SUCCESS, logIndex=1736, commits[a9cb8897-0d38-4c59-817a-d67a8ba30c67:c1737, 41e21bac-56c9-465a-a1cc-bc71b3ab473c:c1735, 2bfdf505-3a1f-44eb-9843-3820b2477da1:c1733]
2019-09-05 19:10:35,694 [grpc-default-executor-0] INFO  client.GrpcClientProtocolClient (GrpcClientProtocolClient.java:onNext(255)) - client-729EAB8E4297->a9cb8897-0d38-4c59-817a-d67a8ba30c67: receive RaftClientReply:client-729EAB8E4297->a9cb8897-0d38-4c59-817a-d67a8ba30c67@group-A55F67FDC954, cid=1229, SUCCESS, logIndex=1737, commits[a9cb8897-0d38-4c59-817a-d67a8ba30c67:c1737, 41e21bac-56c9-465a-a1cc-bc71b3ab473c:c1735, 2bfdf505-3a1f-44eb-9843-3820b2477da1:c1733]
2019-09-05 19:10:35,696 [grpc-default-executor-0] INFO  client.GrpcClientProtocolClient (GrpcClientProtocolClient.java:onNext(255)) - client-729EAB8E4297->a9cb8897-0d38-4c59-817a-d67a8ba30c67: receive RaftClientReply:client-729EAB8E4297->a9cb8897-0d38-4c59-817a-d67a8ba30c67@group-A55F67FDC954, cid=1230, SUCCESS, logIndex=0, commits[a9cb8897-0d38-4c59-817a-d67a8ba30c67:c1739, 41e21bac-56c9-465a-a1cc-bc71b3ab473c:c1737, 2bfdf505-3a1f-44eb-9843-3820b2477da1:c1737]
2019-09-05 19:10:35,732 [grpc-default-executor-1] INFO  client.GrpcClientProtocolClient (GrpcClientProtocolClient.java:onNext(255)) - client-729EAB8E4297->a9cb8897-0d38-4c59-817a-d67a8ba30c67: receive RaftClientReply:client-729EAB8E4297->a9cb8897-0d38-4c59-817a-d67a8ba30c67@group-A55F67FDC954, cid=1231, SUCCESS, logIndex=1740, commits[a9cb8897-0d38-4c59-817a-d67a8ba30c67:c1740, 41e21bac-56c9-465a-a1cc-bc71b3ab473c:c1739, 2bfdf505-3a1f-44eb-9843-3820b2477da1:c1737]
2019-09-05 19:10:35,733 [grpc-default-executor-1] INFO  client.GrpcClientProtocolClient (GrpcClientProtocolClient.java:onNext(255)) - client-729EAB8E4297->a9cb8897-0d38-4c59-817a-d67a8ba30c67: receive RaftClientReply:client-729EAB8E4297->a9cb8897-0d38-4c59-817a-d67a8ba30c67@group-A55F67FDC954, cid=1232, SUCCESS, logIndex=1741, commits[a9cb8897-0d38-4c59-817a-d67a8ba30c67:c1741, 41e21bac-56c9-465a-a1cc-bc71b3ab473c:c1739, 2bfdf505-3a1f-44eb-9843-3820b2477da1:c1739]
2019-09-05 19:10:35,736 [grpc-default-executor-4] INFO  client.GrpcClientProtocolClient (GrpcClientProtocolClient.java:onNext(255)) - client-729EAB8E4297->a9cb8897-0d38-4c59-817a-d67a8ba30c67: receive RaftClientReply:client-729EAB8E4297->a9cb8897-0d38-4c59-817a-d67a8ba30c67@group-A55F67FDC954, cid=1233, SUCCESS, logIndex=1742, commits[a9cb8897-0d38-4c59-817a-d67a8ba30c67:c1743, 41e21bac-56c9-465a-a1cc-bc71b3ab473c:c1739, 2bfdf505-3a1f-44eb-9843-3820b2477da1:c1739]
2019-09-05 19:10:35,736 [grpc-default-executor-4] INFO  client.GrpcClientProtocolClient (GrpcClientProtocolClient.java:onNext(255)) - client-729EAB8E4297->a9cb8897-0d38-4c59-817a-d67a8ba30c67: receive RaftClientReply:client-729EAB8E4297->a9cb8897-0d38-4c59-817a-d67a8ba30c67@group-A55F67FDC954, cid=1234, SUCCESS, logIndex=1743, commits[a9cb8897-0d38-4c59-817a-d67a8ba30c67:c1745, 41e21bac-56c9-465a-a1cc-bc71b3ab473c:c1741, 2bfdf505-3a1f-44eb-9843-3820b2477da1:c1739]
2019-09-05 19:10:35,737 [grpc-default-executor-1] INFO  client.GrpcClientProtocolClient (GrpcClientProtocolClient.java:onNext(255)) - client-729EAB8E4297->a9cb8897-0d38-4c59-817a-d67a8ba30c67: receive RaftClientReply:client-729EAB8E4297->a9cb8897-0d38-4c59-817a-d67a8ba30c67@group-A55F67FDC954, cid=1235, SUCCESS, logIndex=0, commits[a9cb8897-0d38-4c59-817a-d67a8ba30c67:c1745, 41e21bac-56c9-465a-a1cc-bc71b3ab473c:c1741, 2bfdf505-3a1f-44eb-9843-3820b2477da1:c1741]
2019-09-05 19:10:35,751 [grpc-default-executor-0] INFO  client.GrpcClientProtocolClient (GrpcClientProtocolClient.java:onNext(255)) - client-729EAB8E4297->a9cb8897-0d38-4c59-817a-d67a8ba30c67: receive RaftClientReply:client-729EAB8E4297->a9cb8897-0d38-4c59-817a-d67a8ba30c67@group-A55F67FDC954, cid=1236, SUCCESS, logIndex=1748, commits[a9cb8897-0d38-4c59-817a-d67a8ba30c67:c1749, 41e21bac-56c9-465a-a1cc-bc71b3ab473c:c1747, 2bfdf505-3a1f-44eb-9843-3820b2477da1:c1743]
2019-09-05 19:10:35,752 [grpc-default-executor-0] INFO  client.GrpcClientProtocolClient (GrpcClientProtocolClient.java:onNext(255)) - client-729EAB8E4297->a9cb8897-0d38-4c59-817a-d67a8ba30c67: receive RaftClientReply:client-729EAB8E4297->a9cb8897-0d38-4c59-817a-d67a8ba30c67@group-A55F67FDC954, cid=1237, SUCCESS, logIndex=1749, commits[a9cb8897-0d38-4c59-817a-d67a8ba30c67:c1749, 41e21bac-56c9-465a-a1cc-bc71b3ab473c:c1747, 2bfdf505-3a1f-44eb-9843-3820b2477da1:c1747]
2019-09-05 19:10:35,765 [grpc-default-executor-0] INFO  client.GrpcClientProtocolClient (GrpcClientProtocolClient.java:onNext(255)) - client-729EAB8E4297->a9cb8897-0d38-4c59-817a-d67a8ba30c67: receive RaftClientReply:client-729EAB8E4297->a9cb8897-0d38-4c59-817a-d67a8ba30c67@group-A55F67FDC954, cid=1238, SUCCESS, logIndex=1752, commits[a9cb8897-0d38-4c59-817a-d67a8ba30c67:c1753, 41e21bac-56c9-465a-a1cc-bc71b3ab473c:c1749, 2bfdf505-3a1f-44eb-9843-3820b2477da1:c1751]
2019-09-05 19:10:35,765 [grpc-default-executor-0] INFO  client.GrpcClientProtocolClient (GrpcClientProtocolClient.java:onNext(255)) - client-729EAB8E4297->a9cb8897-0d38-4c59-817a-d67a8ba30c67: receive RaftClientReply:client-729EAB8E4297->a9cb8897-0d38-4c59-817a-d67a8ba30c67@group-A55F67FDC954, cid=1239, SUCCESS, logIndex=1753, commits[a9cb8897-0d38-4c59-817a-d67a8ba30c67:c1753, 41e21bac-56c9-465a-a1cc-bc71b3ab473c:c1751, 2bfdf505-3a1f-44eb-9843-3820b2477da1:c1751]
2019-09-05 19:10:35,767 [grpc-default-executor-1] INFO  client.GrpcClientProtocolClient (GrpcClientProtocolClient.java:onNext(255)) - client-729EAB8E4297->a9cb8897-0d38-4c59-817a-d67a8ba30c67: receive RaftClientReply:client-729EAB8E4297->a9cb8897-0d38-4c59-817a-d67a8ba30c67@group-A55F67FDC954, cid=1240, SUCCESS, logIndex=0, commits[a9cb8897-0d38-4c59-817a-d67a8ba30c67:c1754, 41e21bac-56c9-465a-a1cc-bc71b3ab473c:c1753, 2bfdf505-3a1f-44eb-9843-3820b2477da1:c1753]
2019-09-05 19:10:35,791 [grpc-default-executor-4] INFO  client.GrpcClientProtocolClient (GrpcClientProtocolClient.java:onNext(255)) - client-729EAB8E4297->a9cb8897-0d38-4c59-817a-d67a8ba30c67: receive RaftClientReply:client-729EAB8E4297->a9cb8897-0d38-4c59-817a-d67a8ba30c67@group-A55F67FDC954, cid=1241, SUCCESS, logIndex=1756, commits[a9cb8897-0d38-4c59-817a-d67a8ba30c67:c1757, 41e21bac-56c9-465a-a1cc-bc71b3ab473c:c1755, 2bfdf505-3a1f-44eb-9843-3820b2477da1:c1753]
2019-09-05 19:10:35,791 [grpc-default-executor-4] INFO  client.GrpcClientProtocolClient (GrpcClientProtocolClient.java:onNext(255)) - client-729EAB8E4297->a9cb8897-0d38-4c59-817a-d67a8ba30c67: receive RaftClientReply:client-729EAB8E4297->a9cb8897-0d38-4c59-817a-d67a8ba30c67@group-A55F67FDC954, cid=1242, SUCCESS, logIndex=1757, commits[a9cb8897-0d38-4c59-817a-d67a8ba30c67:c1757, 41e21bac-56c9-465a-a1cc-bc71b3ab473c:c1755, 2bfdf505-3a1f-44eb-9843-3820b2477da1:c1753]
2019-09-05 19:10:35,794 [grpc-default-executor-0] INFO  client.GrpcClientProtocolClient (GrpcClientProtocolClient.java:onNext(255)) - client-729EAB8E4297->a9cb8897-0d38-4c59-817a-d67a8ba30c67: receive RaftClientReply:client-729EAB8E4297->a9cb8897-0d38-4c59-817a-d67a8ba30c67@group-A55F67FDC954, cid=1243, SUCCESS, logIndex=1758, commits[a9cb8897-0d38-4c59-817a-d67a8ba30c67:c1760, 41e21bac-56c9-465a-a1cc-bc71b3ab473c:c1757, 2bfdf505-3a1f-44eb-9843-3820b2477da1:c1753]
2019-09-05 19:10:35,794 [grpc-default-executor-0] INFO  client.GrpcClientProtocolClient (GrpcClientProtocolClient.java:onNext(255)) - client-729EAB8E4297->a9cb8897-0d38-4c59-817a-d67a8ba30c67: receive RaftClientReply:client-729EAB8E4297->a9cb8897-0d38-4c59-817a-d67a8ba30c67@group-A55F67FDC954, cid=1244, SUCCESS, logIndex=1759, commits[a9cb8897-0d38-4c59-817a-d67a8ba30c67:c1761, 41e21bac-56c9-465a-a1cc-bc71b3ab473c:c1757, 2bfdf505-3a1f-44eb-9843-3820b2477da1:c1753]
2019-09-05 19:10:35,809 [grpc-default-executor-1] INFO  client.GrpcClientProtocolClient (GrpcClientProtocolClient.java:onNext(255)) - client-729EAB8E4297->a9cb8897-0d38-4c59-817a-d67a8ba30c67: receive RaftClientReply:client-729EAB8E4297->a9cb8897-0d38-4c59-817a-d67a8ba30c67@group-A55F67FDC954, cid=1245, SUCCESS, logIndex=0, commits[a9cb8897-0d38-4c59-817a-d67a8ba30c67:c1763, 41e21bac-56c9-465a-a1cc-bc71b3ab473c:c1759, 2bfdf505-3a1f-44eb-9843-3820b2477da1:c1757]
2019-09-05 19:10:35,822 [grpc-default-executor-0] INFO  client.GrpcClientProtocolClient (GrpcClientProtocolClient.java:onNext(255)) - client-729EAB8E4297->a9cb8897-0d38-4c59-817a-d67a8ba30c67: receive RaftClientReply:client-729EAB8E4297->a9cb8897-0d38-4c59-817a-d67a8ba30c67@group-A55F67FDC954, cid=1246, SUCCESS, logIndex=1764, commits[a9cb8897-0d38-4c59-817a-d67a8ba30c67:c1765, 41e21bac-56c9-465a-a1cc-bc71b3ab473c:c1763, 2bfdf505-3a1f-44eb-9843-3820b2477da1:c1763]
2019-09-05 19:10:35,822 [grpc-default-executor-0] INFO  client.GrpcClientProtocolClient (GrpcClientProtocolClient.java:onNext(255)) - client-729EAB8E4297->a9cb8897-0d38-4c59-817a-d67a8ba30c67: receive RaftClientReply:client-729EAB8E4297->a9cb8897-0d38-4c59-817a-d67a8ba30c67@group-A55F67FDC954, cid=1247, SUCCESS, logIndex=1765, commits[a9cb8897-0d38-4c59-817a-d67a8ba30c67:c1765, 41e21bac-56c9-465a-a1cc-bc71b3ab473c:c1763, 2bfdf505-3a1f-44eb-9843-3820b2477da1:c1763]
2019-09-05 19:10:35,835 [grpc-default-executor-4] INFO  client.GrpcClientProtocolClient (GrpcClientProtocolClient.java:onNext(255)) - client-729EAB8E4297->a9cb8897-0d38-4c59-817a-d67a8ba30c67: receive RaftClientReply:client-729EAB8E4297->a9cb8897-0d38-4c59-817a-d67a8ba30c67@group-A55F67FDC954, cid=1248, SUCCESS, logIndex=1768, commits[a9cb8897-0d38-4c59-817a-d67a8ba30c67:c1769, 41e21bac-56c9-465a-a1cc-bc71b3ab473c:c1765, 2bfdf505-3a1f-44eb-9843-3820b2477da1:c1765]
2019-09-05 19:10:35,835 [grpc-default-executor-4] INFO  client.GrpcClientProtocolClient (GrpcClientProtocolClient.java:onNext(255)) - client-729EAB8E4297->a9cb8897-0d38-4c59-817a-d67a8ba30c67: receive RaftClientReply:client-729EAB8E4297->a9cb8897-0d38-4c59-817a-d67a8ba30c67@group-A55F67FDC954, cid=1249, SUCCESS, logIndex=1769, commits[a9cb8897-0d38-4c59-817a-d67a8ba30c67:c1769, 41e21bac-56c9-465a-a1cc-bc71b3ab473c:c1765, 2bfdf505-3a1f-44eb-9843-3820b2477da1:c1765]
2019-09-05 19:10:35,838 [grpc-default-executor-0] INFO  client.GrpcClientProtocolClient (GrpcClientProtocolClient.java:onNext(255)) - client-729EAB8E4297->a9cb8897-0d38-4c59-817a-d67a8ba30c67: receive RaftClientReply:client-729EAB8E4297->a9cb8897-0d38-4c59-817a-d67a8ba30c67@group-A55F67FDC954, cid=1250, SUCCESS, logIndex=0, commits[a9cb8897-0d38-4c59-817a-d67a8ba30c67:c1771, 41e21bac-56c9-465a-a1cc-bc71b3ab473c:c1769, 2bfdf505-3a1f-44eb-9843-3820b2477da1:c1769]
2019-09-05 19:10:35,857 [grpc-default-executor-4] INFO  client.GrpcClientProtocolClient (GrpcClientProtocolClient.java:onNext(255)) - client-729EAB8E4297->a9cb8897-0d38-4c59-817a-d67a8ba30c67: receive RaftClientReply:client-729EAB8E4297->a9cb8897-0d38-4c59-817a-d67a8ba30c67@group-A55F67FDC954, cid=1251, SUCCESS, logIndex=1772, commits[a9cb8897-0d38-4c59-817a-d67a8ba30c67:c1773, 41e21bac-56c9-465a-a1cc-bc71b3ab473c:c1771, 2bfdf505-3a1f-44eb-9843-3820b2477da1:c1769]
2019-09-05 19:10:35,858 [grpc-default-executor-4] INFO  client.GrpcClientProtocolClient (GrpcClientProtocolClient.java:onNext(255)) - client-729EAB8E4297->a9cb8897-0d38-4c59-817a-d67a8ba30c67: receive RaftClientReply:client-729EAB8E4297->a9cb8897-0d38-4c59-817a-d67a8ba30c67@group-A55F67FDC954, cid=1252, SUCCESS, logIndex=1773, commits[a9cb8897-0d38-4c59-817a-d67a8ba30c67:c1773, 41e21bac-56c9-465a-a1cc-bc71b3ab473c:c1771, 2bfdf505-3a1f-44eb-9843-3820b2477da1:c1769]
2019-09-05 19:10:35,859 [grpc-default-executor-4] INFO  client.GrpcClientProtocolClient (GrpcClientProtocolClient.java:onNext(255)) - client-729EAB8E4297->a9cb8897-0d38-4c59-817a-d67a8ba30c67: receive RaftClientReply:client-729EAB8E4297->a9cb8897-0d38-4c59-817a-d67a8ba30c67@group-A55F67FDC954, cid=1253, SUCCESS, logIndex=1774, commits[a9cb8897-0d38-4c59-817a-d67a8ba30c67:c1774, 41e21bac-56c9-465a-a1cc-bc71b3ab473c:c1771, 2bfdf505-3a1f-44eb-9843-3820b2477da1:c1769]
2019-09-05 19:10:35,859 [grpc-default-executor-4] INFO  client.GrpcClientProtocolClient (GrpcClientProtocolClient.java:onNext(255)) - client-729EAB8E4297->a9cb8897-0d38-4c59-817a-d67a8ba30c67: receive RaftClientReply:client-729EAB8E4297->a9cb8897-0d38-4c59-817a-d67a8ba30c67@group-A55F67FDC954, cid=1254, SUCCESS, logIndex=1775, commits[a9cb8897-0d38-4c59-817a-d67a8ba30c67:c1776, 41e21bac-56c9-465a-a1cc-bc71b3ab473c:c1772, 2bfdf505-3a1f-44eb-9843-3820b2477da1:c1771]
2019-09-05 19:10:35,861 [grpc-default-executor-1] INFO  client.GrpcClientProtocolClient (GrpcClientProtocolClient.java:onNext(255)) - client-729EAB8E4297->a9cb8897-0d38-4c59-817a-d67a8ba30c67: receive RaftClientReply:client-729EAB8E4297->a9cb8897-0d38-4c59-817a-d67a8ba30c67@group-A55F67FDC954, cid=1255, SUCCESS, logIndex=0, commits[a9cb8897-0d38-4c59-817a-d67a8ba30c67:c1777, 41e21bac-56c9-465a-a1cc-bc71b3ab473c:c1773, 2bfdf505-3a1f-44eb-9843-3820b2477da1:c1773]
2019-09-05 19:10:35,873 [grpc-default-executor-1] INFO  client.GrpcClientProtocolClient (GrpcClientProtocolClient.java:onNext(255)) - client-729EAB8E4297->a9cb8897-0d38-4c59-817a-d67a8ba30c67: receive RaftClientReply:client-729EAB8E4297->a9cb8897-0d38-4c59-817a-d67a8ba30c67@group-A55F67FDC954, cid=1256, SUCCESS, logIndex=1779, commits[a9cb8897-0d38-4c59-817a-d67a8ba30c67:c1780, 41e21bac-56c9-465a-a1cc-bc71b3ab473c:c1774, 2bfdf505-3a1f-44eb-9843-3820b2477da1:c1778]
2019-09-05 19:10:35,873 [grpc-default-executor-1] INFO  client.GrpcClientProtocolClient (GrpcClientProtocolClient.java:onNext(255)) - client-729EAB8E4297->a9cb8897-0d38-4c59-817a-d67a8ba30c67: receive RaftClientReply:client-729EAB8E4297->a9cb8897-0d38-4c59-817a-d67a8ba30c67@group-A55F67FDC954, cid=1257, SUCCESS, logIndex=1780, commits[a9cb8897-0d38-4c59-817a-d67a8ba30c67:c1780, 41e21bac-56c9-465a-a1cc-bc71b3ab473c:c1778, 2bfdf505-3a1f-44eb-9843-3820b2477da1:c1778]
2019-09-05 19:10:35,883 [grpc-default-executor-1] INFO  client.GrpcClientProtocolClient (GrpcClientProtocolClient.java:onNext(255)) - client-729EAB8E4297->a9cb8897-0d38-4c59-817a-d67a8ba30c67: receive RaftClientReply:client-729EAB8E4297->a9cb8897-0d38-4c59-817a-d67a8ba30c67@group-A55F67FDC954, cid=1258, SUCCESS, logIndex=1783, commits[a9cb8897-0d38-4c59-817a-d67a8ba30c67:c1784, 41e21bac-56c9-465a-a1cc-bc71b3ab473c:c1780, 2bfdf505-3a1f-44eb-9843-3820b2477da1:c1782]
2019-09-05 19:10:35,884 [grpc-default-executor-1] INFO  client.GrpcClientProtocolClient (GrpcClientProtocolClient.java:onNext(255)) - client-729EAB8E4297->a9cb8897-0d38-4c59-817a-d67a8ba30c67: receive RaftClientReply:client-729EAB8E4297->a9cb8897-0d38-4c59-817a-d67a8ba30c67@group-A55F67FDC954, cid=1259, SUCCESS, logIndex=1784, commits[a9cb8897-0d38-4c59-817a-d67a8ba30c67:c1784, 41e21bac-56c9-465a-a1cc-bc71b3ab473c:c1782, 2bfdf505-3a1f-44eb-9843-3820b2477da1:c1782]
2019-09-05 19:10:35,885 [grpc-default-executor-1] INFO  client.GrpcClientProtocolClient (GrpcClientProtocolClient.java:onNext(255)) - client-729EAB8E4297->a9cb8897-0d38-4c59-817a-d67a8ba30c67: receive RaftClientReply:client-729EAB8E4297->a9cb8897-0d38-4c59-817a-d67a8ba30c67@group-A55F67FDC954, cid=1260, SUCCESS, logIndex=0, commits[a9cb8897-0d38-4c59-817a-d67a8ba30c67:c1785, 41e21bac-56c9-465a-a1cc-bc71b3ab473c:c1784, 2bfdf505-3a1f-44eb-9843-3820b2477da1:c1784]
2019-09-05 19:10:35,909 [grpc-default-executor-0] INFO  client.GrpcClientProtocolClient (GrpcClientProtocolClient.java:onNext(255)) - client-729EAB8E4297->a9cb8897-0d38-4c59-817a-d67a8ba30c67: receive RaftClientReply:client-729EAB8E4297->a9cb8897-0d38-4c59-817a-d67a8ba30c67@group-A55F67FDC954, cid=1261, SUCCESS, logIndex=1786, commits[a9cb8897-0d38-4c59-817a-d67a8ba30c67:c1789, 41e21bac-56c9-465a-a1cc-bc71b3ab473c:c1784, 2bfdf505-3a1f-44eb-9843-3820b2477da1:c1785]
2019-09-05 19:10:35,909 [grpc-default-executor-0] INFO  client.GrpcClientProtocolClient (GrpcClientProtocolClient.java:onNext(255)) - client-729EAB8E4297->a9cb8897-0d38-4c59-817a-d67a8ba30c67: receive RaftClientReply:client-729EAB8E4297->a9cb8897-0d38-4c59-817a-d67a8ba30c67@group-A55F67FDC954, cid=1262, SUCCESS, logIndex=1787, commits[a9cb8897-0d38-4c59-817a-d67a8ba30c67:c1789, 41e21bac-56c9-465a-a1cc-bc71b3ab473c:c1784, 2bfdf505-3a1f-44eb-9843-3820b2477da1:c1785]
2019-09-05 19:10:35,909 [grpc-default-executor-0] INFO  client.GrpcClientProtocolClient (GrpcClientProtocolClient.java:onNext(255)) - client-729EAB8E4297->a9cb8897-0d38-4c59-817a-d67a8ba30c67: receive RaftClientReply:client-729EAB8E4297->a9cb8897-0d38-4c59-817a-d67a8ba30c67@group-A55F67FDC954, cid=1263, SUCCESS, logIndex=1788, commits[a9cb8897-0d38-4c59-817a-d67a8ba30c67:c1789, 41e21bac-56c9-465a-a1cc-bc71b3ab473c:c1785, 2bfdf505-3a1f-44eb-9843-3820b2477da1:c1785]
2019-09-05 19:10:35,910 [grpc-default-executor-0] INFO  client.GrpcClientProtocolClient (GrpcClientProtocolClient.java:onNext(255)) - client-729EAB8E4297->a9cb8897-0d38-4c59-817a-d67a8ba30c67: receive RaftClientReply:client-729EAB8E4297->a9cb8897-0d38-4c59-817a-d67a8ba30c67@group-A55F67FDC954, cid=1264, SUCCESS, logIndex=1789, commits[a9cb8897-0d38-4c59-817a-d67a8ba30c67:c1789, 41e21bac-56c9-465a-a1cc-bc71b3ab473c:c1785, 2bfdf505-3a1f-44eb-9843-3820b2477da1:c1785]
2019-09-05 19:10:35,912 [grpc-default-executor-0] INFO  client.GrpcClientProtocolClient (GrpcClientProtocolClient.java:onNext(255)) - client-729EAB8E4297->a9cb8897-0d38-4c59-817a-d67a8ba30c67: receive RaftClientReply:client-729EAB8E4297->a9cb8897-0d38-4c59-817a-d67a8ba30c67@group-A55F67FDC954, cid=1265, SUCCESS, logIndex=0, commits[a9cb8897-0d38-4c59-817a-d67a8ba30c67:c1790, 41e21bac-56c9-465a-a1cc-bc71b3ab473c:c1787, 2bfdf505-3a1f-44eb-9843-3820b2477da1:c1787]
2019-09-05 19:10:35,922 [grpc-default-executor-1] INFO  client.GrpcClientProtocolClient (GrpcClientProtocolClient.java:onNext(255)) - client-729EAB8E4297->a9cb8897-0d38-4c59-817a-d67a8ba30c67: receive RaftClientReply:client-729EAB8E4297->a9cb8897-0d38-4c59-817a-d67a8ba30c67@group-A55F67FDC954, cid=1266, SUCCESS, logIndex=1793, commits[a9cb8897-0d38-4c59-817a-d67a8ba30c67:c1794, 41e21bac-56c9-465a-a1cc-bc71b3ab473c:c1792, 2bfdf505-3a1f-44eb-9843-3820b2477da1:c1789]
2019-09-05 19:10:35,922 [grpc-default-executor-1] INFO  client.GrpcClientProtocolClient (GrpcClientProtocolClient.java:onNext(255)) - client-729EAB8E4297->a9cb8897-0d38-4c59-817a-d67a8ba30c67: receive RaftClientReply:client-729EAB8E4297->a9cb8897-0d38-4c59-817a-d67a8ba30c67@group-A55F67FDC954, cid=1267, SUCCESS, logIndex=1794, commits[a9cb8897-0d38-4c59-817a-d67a8ba30c67:c1794, 41e21bac-56c9-465a-a1cc-bc71b3ab473c:c1792, 2bfdf505-3a1f-44eb-9843-3820b2477da1:c1789]
2019-09-05 19:10:35,933 [grpc-default-executor-0] INFO  client.GrpcClientProtocolClient (GrpcClientProtocolClient.java:onNext(255)) - client-729EAB8E4297->a9cb8897-0d38-4c59-817a-d67a8ba30c67: receive RaftClientReply:client-729EAB8E4297->a9cb8897-0d38-4c59-817a-d67a8ba30c67@group-A55F67FDC954, cid=1268, SUCCESS, logIndex=1797, commits[a9cb8897-0d38-4c59-817a-d67a8ba30c67:c1798, 41e21bac-56c9-465a-a1cc-bc71b3ab473c:c1796, 2bfdf505-3a1f-44eb-9843-3820b2477da1:c1796]
2019-09-05 19:10:35,933 [grpc-default-executor-0] INFO  client.GrpcClientProtocolClient (GrpcClientProtocolClient.java:onNext(255)) - client-729EAB8E4297->a9cb8897-0d38-4c59-817a-d67a8ba30c67: receive RaftClientReply:client-729EAB8E4297->a9cb8897-0d38-4c59-817a-d67a8ba30c67@group-A55F67FDC954, cid=1269, SUCCESS, logIndex=1798, commits[a9cb8897-0d38-4c59-817a-d67a8ba30c67:c1798, 41e21bac-56c9-465a-a1cc-bc71b3ab473c:c1796, 2bfdf505-3a1f-44eb-9843-3820b2477da1:c1796]
2019-09-05 19:10:35,936 [grpc-default-executor-0] INFO  client.GrpcClientProtocolClient (GrpcClientProtocolClient.java:onNext(255)) - client-729EAB8E4297->a9cb8897-0d38-4c59-817a-d67a8ba30c67: receive RaftClientReply:client-729EAB8E4297->a9cb8897-0d38-4c59-817a-d67a8ba30c67@group-A55F67FDC954, cid=1270, SUCCESS, logIndex=0, commits[a9cb8897-0d38-4c59-817a-d67a8ba30c67:c1799, 41e21bac-56c9-465a-a1cc-bc71b3ab473c:c1798, 2bfdf505-3a1f-44eb-9843-3820b2477da1:c1798]
2019-09-05 19:10:35,955 [grpc-default-executor-1] INFO  client.GrpcClientProtocolClient (GrpcClientProtocolClient.java:onNext(255)) - client-729EAB8E4297->a9cb8897-0d38-4c59-817a-d67a8ba30c67: receive RaftClientReply:client-729EAB8E4297->a9cb8897-0d38-4c59-817a-d67a8ba30c67@group-A55F67FDC954, cid=1271, SUCCESS, logIndex=1801, commits[a9cb8897-0d38-4c59-817a-d67a8ba30c67:c1802, 41e21bac-56c9-465a-a1cc-bc71b3ab473c:c1800, 2bfdf505-3a1f-44eb-9843-3820b2477da1:c1798]
2019-09-05 19:10:35,956 [grpc-default-executor-1] INFO  client.GrpcClientProtocolClient (GrpcClientProtocolClient.java:onNext(255)) - client-729EAB8E4297->a9cb8897-0d38-4c59-817a-d67a8ba30c67: receive RaftClientReply:client-729EAB8E4297->a9cb8897-0d38-4c59-817a-d67a8ba30c67@group-A55F67FDC954, cid=1272, SUCCESS, logIndex=1802, commits[a9cb8897-0d38-4c59-817a-d67a8ba30c67:c1802, 41e21bac-56c9-465a-a1cc-bc71b3ab473c:c1800, 2bfdf505-3a1f-44eb-9843-3820b2477da1:c1798]
2019-09-05 19:10:35,956 [grpc-default-executor-0] INFO  client.GrpcClientProtocolClient (GrpcClientProtocolClient.java:onNext(255)) - client-729EAB8E4297->a9cb8897-0d38-4c59-817a-d67a8ba30c67: receive RaftClientReply:client-729EAB8E4297->a9cb8897-0d38-4c59-817a-d67a8ba30c67@group-A55F67FDC954, cid=1273, SUCCESS, logIndex=1803, commits[a9cb8897-0d38-4c59-817a-d67a8ba30c67:c1803, 41e21bac-56c9-465a-a1cc-bc71b3ab473c:c1800, 2bfdf505-3a1f-44eb-9843-3820b2477da1:c1800]
2019-09-05 19:10:35,957 [grpc-default-executor-0] INFO  client.GrpcClientProtocolClient (GrpcClientProtocolClient.java:onNext(255)) - client-729EAB8E4297->a9cb8897-0d38-4c59-817a-d67a8ba30c67: receive RaftClientReply:client-729EAB8E4297->a9cb8897-0d38-4c59-817a-d67a8ba30c67@group-A55F67FDC954, cid=1274, SUCCESS, logIndex=1804, commits[a9cb8897-0d38-4c59-817a-d67a8ba30c67:c1804, 41e21bac-56c9-465a-a1cc-bc71b3ab473c:c1800, 2bfdf505-3a1f-44eb-9843-3820b2477da1:c1800]
2019-09-05 19:10:35,958 [grpc-default-executor-0] INFO  client.GrpcClientProtocolClient (GrpcClientProtocolClient.java:onNext(255)) - client-729EAB8E4297->a9cb8897-0d38-4c59-817a-d67a8ba30c67: receive RaftClientReply:client-729EAB8E4297->a9cb8897-0d38-4c59-817a-d67a8ba30c67@group-A55F67FDC954, cid=1275, SUCCESS, logIndex=0, commits[a9cb8897-0d38-4c59-817a-d67a8ba30c67:c1806, 41e21bac-56c9-465a-a1cc-bc71b3ab473c:c1802, 2bfdf505-3a1f-44eb-9843-3820b2477da1:c1802]
2019-09-05 19:10:36,071 [grpc-default-executor-4] INFO  client.GrpcClientProtocolClient (GrpcClientProtocolClient.java:onNext(255)) - client-729EAB8E4297->a9cb8897-0d38-4c59-817a-d67a8ba30c67: receive RaftClientReply:client-729EAB8E4297->a9cb8897-0d38-4c59-817a-d67a8ba30c67@group-A55F67FDC954, cid=1276, SUCCESS, logIndex=1809, commits[a9cb8897-0d38-4c59-817a-d67a8ba30c67:c1810, 41e21bac-56c9-465a-a1cc-bc71b3ab473c:c1808, 2bfdf505-3a1f-44eb-9843-3820b2477da1:c1808]
2019-09-05 19:10:36,072 [grpc-default-executor-4] INFO  client.GrpcClientProtocolClient (GrpcClientProtocolClient.java:onNext(255)) - client-729EAB8E4297->a9cb8897-0d38-4c59-817a-d67a8ba30c67: receive RaftClientReply:client-729EAB8E4297->a9cb8897-0d38-4c59-817a-d67a8ba30c67@group-A55F67FDC954, cid=1277, SUCCESS, logIndex=1810, commits[a9cb8897-0d38-4c59-817a-d67a8ba30c67:c1810, 41e21bac-56c9-465a-a1cc-bc71b3ab473c:c1808, 2bfdf505-3a1f-44eb-9843-3820b2477da1:c1808]
2019-09-05 19:10:36,089 [grpc-default-executor-0] INFO  client.GrpcClientProtocolClient (GrpcClientProtocolClient.java:onNext(255)) - client-729EAB8E4297->a9cb8897-0d38-4c59-817a-d67a8ba30c67: receive RaftClientReply:client-729EAB8E4297->a9cb8897-0d38-4c59-817a-d67a8ba30c67@group-A55F67FDC954, cid=1278, SUCCESS, logIndex=1813, commits[a9cb8897-0d38-4c59-817a-d67a8ba30c67:c1814, 41e21bac-56c9-465a-a1cc-bc71b3ab473c:c1812, 2bfdf505-3a1f-44eb-9843-3820b2477da1:c1812]
2019-09-05 19:10:36,089 [grpc-default-executor-0] INFO  client.GrpcClientProtocolClient (GrpcClientProtocolClient.java:onNext(255)) - client-729EAB8E4297->a9cb8897-0d38-4c59-817a-d67a8ba30c67: receive RaftClientReply:client-729EAB8E4297->a9cb8897-0d38-4c59-817a-d67a8ba30c67@group-A55F67FDC954, cid=1279, SUCCESS, logIndex=1814, commits[a9cb8897-0d38-4c59-817a-d67a8ba30c67:c1814, 41e21bac-56c9-465a-a1cc-bc71b3ab473c:c1812, 2bfdf505-3a1f-44eb-9843-3820b2477da1:c1812]
2019-09-05 19:10:36,100 [grpc-default-executor-4] INFO  client.GrpcClientProtocolClient (GrpcClientProtocolClient.java:onNext(255)) - client-729EAB8E4297->a9cb8897-0d38-4c59-817a-d67a8ba30c67: receive RaftClientReply:client-729EAB8E4297->a9cb8897-0d38-4c59-817a-d67a8ba30c67@group-A55F67FDC954, cid=1280, SUCCESS, logIndex=0, commits[a9cb8897-0d38-4c59-817a-d67a8ba30c67:c1814, 41e21bac-56c9-465a-a1cc-bc71b3ab473c:c1814, 2bfdf505-3a1f-44eb-9843-3820b2477da1:c1814]
2019-09-05 19:10:36,126 [grpc-default-executor-0] INFO  client.GrpcClientProtocolClient (GrpcClientProtocolClient.java:onNext(255)) - client-729EAB8E4297->a9cb8897-0d38-4c59-817a-d67a8ba30c67: receive RaftClientReply:client-729EAB8E4297->a9cb8897-0d38-4c59-817a-d67a8ba30c67@group-A55F67FDC954, cid=1281, SUCCESS, logIndex=1817, commits[a9cb8897-0d38-4c59-817a-d67a8ba30c67:c1818, 41e21bac-56c9-465a-a1cc-bc71b3ab473c:c1816, 2bfdf505-3a1f-44eb-9843-3820b2477da1:c1814]
2019-09-05 19:10:36,127 [grpc-default-executor-0] INFO  client.GrpcClientProtocolClient (GrpcClientProtocolClient.java:onNext(255)) - client-729EAB8E4297->a9cb8897-0d38-4c59-817a-d67a8ba30c67: receive RaftClientReply:client-729EAB8E4297->a9cb8897-0d38-4c59-817a-d67a8ba30c67@group-A55F67FDC954, cid=1282, SUCCESS, logIndex=1818, commits[a9cb8897-0d38-4c59-817a-d67a8ba30c67:c1820, 41e21bac-56c9-465a-a1cc-bc71b3ab473c:c1816, 2bfdf505-3a1f-44eb-9843-3820b2477da1:c1814]
2019-09-05 19:10:36,128 [grpc-default-executor-0] INFO  client.GrpcClientProtocolClient (GrpcClientProtocolClient.java:onNext(255)) - client-729EAB8E4297->a9cb8897-0d38-4c59-817a-d67a8ba30c67: receive RaftClientReply:client-729EAB8E4297->a9cb8897-0d38-4c59-817a-d67a8ba30c67@group-A55F67FDC954, cid=1283, SUCCESS, logIndex=1819, commits[a9cb8897-0d38-4c59-817a-d67a8ba30c67:c1820, 41e21bac-56c9-465a-a1cc-bc71b3ab473c:c1816, 2bfdf505-3a1f-44eb-9843-3820b2477da1:c1814]
2019-09-05 19:10:36,128 [grpc-default-executor-0] INFO  client.GrpcClientProtocolClient (GrpcClientProtocolClient.java:onNext(255)) - client-729EAB8E4297->a9cb8897-0d38-4c59-817a-d67a8ba30c67: receive RaftClientReply:client-729EAB8E4297->a9cb8897-0d38-4c59-817a-d67a8ba30c67@group-A55F67FDC954, cid=1284, SUCCESS, logIndex=1820, commits[a9cb8897-0d38-4c59-817a-d67a8ba30c67:c1820, 41e21bac-56c9-465a-a1cc-bc71b3ab473c:c1816, 2bfdf505-3a1f-44eb-9843-3820b2477da1:c1814]
2019-09-05 19:10:36,129 [grpc-default-executor-4] INFO  client.GrpcClientProtocolClient (GrpcClientProtocolClient.java:onNext(255)) - client-729EAB8E4297->a9cb8897-0d38-4c59-817a-d67a8ba30c67: receive RaftClientReply:client-729EAB8E4297->a9cb8897-0d38-4c59-817a-d67a8ba30c67@group-A55F67FDC954, cid=1285, SUCCESS, logIndex=0, commits[a9cb8897-0d38-4c59-817a-d67a8ba30c67:c1824, 41e21bac-56c9-465a-a1cc-bc71b3ab473c:c1818, 2bfdf505-3a1f-44eb-9843-3820b2477da1:c1820]
2019-09-05 19:10:36,140 [grpc-default-executor-4] INFO  client.GrpcClientProtocolClient (GrpcClientProtocolClient.java:onNext(255)) - client-729EAB8E4297->a9cb8897-0d38-4c59-817a-d67a8ba30c67: receive RaftClientReply:client-729EAB8E4297->a9cb8897-0d38-4c59-817a-d67a8ba30c67@group-A55F67FDC954, cid=1286, SUCCESS, logIndex=1825, commits[a9cb8897-0d38-4c59-817a-d67a8ba30c67:c1826, 41e21bac-56c9-465a-a1cc-bc71b3ab473c:c1824, 2bfdf505-3a1f-44eb-9843-3820b2477da1:c1820]
2019-09-05 19:10:36,140 [grpc-default-executor-4] INFO  client.GrpcClientProtocolClient (GrpcClientProtocolClient.java:onNext(255)) - client-729EAB8E4297->a9cb8897-0d38-4c59-817a-d67a8ba30c67: receive RaftClientReply:client-729EAB8E4297->a9cb8897-0d38-4c59-817a-d67a8ba30c67@group-A55F67FDC954, cid=1287, SUCCESS, logIndex=1826, commits[a9cb8897-0d38-4c59-817a-d67a8ba30c67:c1826, 41e21bac-56c9-465a-a1cc-bc71b3ab473c:c1824, 2bfdf505-3a1f-44eb-9843-3820b2477da1:c1824]
2019-09-05 19:10:36,154 [grpc-default-executor-4] INFO  client.GrpcClientProtocolClient (GrpcClientProtocolClient.java:onNext(255)) - client-729EAB8E4297->a9cb8897-0d38-4c59-817a-d67a8ba30c67: receive RaftClientReply:client-729EAB8E4297->a9cb8897-0d38-4c59-817a-d67a8ba30c67@group-A55F67FDC954, cid=1288, SUCCESS, logIndex=1829, commits[a9cb8897-0d38-4c59-817a-d67a8ba30c67:c1830, 41e21bac-56c9-465a-a1cc-bc71b3ab473c:c1828, 2bfdf505-3a1f-44eb-9843-3820b2477da1:c1828]
2019-09-05 19:10:36,154 [grpc-default-executor-4] INFO  client.GrpcClientProtocolClient (GrpcClientProtocolClient.java:onNext(255)) - client-729EAB8E4297->a9cb8897-0d38-4c59-817a-d67a8ba30c67: receive RaftClientReply:client-729EAB8E4297->a9cb8897-0d38-4c59-817a-d67a8ba30c67@group-A55F67FDC954, cid=1289, SUCCESS, logIndex=1830, commits[a9cb8897-0d38-4c59-817a-d67a8ba30c67:c1830, 41e21bac-56c9-465a-a1cc-bc71b3ab473c:c1828, 2bfdf505-3a1f-44eb-9843-3820b2477da1:c1828]
2019-09-05 19:10:36,157 [grpc-default-executor-4] INFO  client.GrpcClientProtocolClient (GrpcClientProtocolClient.java:onNext(255)) - client-729EAB8E4297->a9cb8897-0d38-4c59-817a-d67a8ba30c67: receive RaftClientReply:client-729EAB8E4297->a9cb8897-0d38-4c59-817a-d67a8ba30c67@group-A55F67FDC954, cid=1290, SUCCESS, logIndex=0, commits[a9cb8897-0d38-4c59-817a-d67a8ba30c67:c1831, 41e21bac-56c9-465a-a1cc-bc71b3ab473c:c1830, 2bfdf505-3a1f-44eb-9843-3820b2477da1:c1830]
2019-09-05 19:10:36,176 [grpc-default-executor-4] INFO  client.GrpcClientProtocolClient (GrpcClientProtocolClient.java:onNext(255)) - client-729EAB8E4297->a9cb8897-0d38-4c59-817a-d67a8ba30c67: receive RaftClientReply:client-729EAB8E4297->a9cb8897-0d38-4c59-817a-d67a8ba30c67@group-A55F67FDC954, cid=1291, SUCCESS, logIndex=1833, commits[a9cb8897-0d38-4c59-817a-d67a8ba30c67:c1834, 41e21bac-56c9-465a-a1cc-bc71b3ab473c:c1830, 2bfdf505-3a1f-44eb-9843-3820b2477da1:c1832]
2019-09-05 19:10:36,176 [grpc-default-executor-4] INFO  client.GrpcClientProtocolClient (GrpcClientProtocolClient.java:onNext(255)) - client-729EAB8E4297->a9cb8897-0d38-4c59-817a-d67a8ba30c67: receive RaftClientReply:client-729EAB8E4297->a9cb8897-0d38-4c59-817a-d67a8ba30c67@group-A55F67FDC954, cid=1292, SUCCESS, logIndex=1834, commits[a9cb8897-0d38-4c59-817a-d67a8ba30c67:c1834, 41e21bac-56c9-465a-a1cc-bc71b3ab473c:c1830, 2bfdf505-3a1f-44eb-9843-3820b2477da1:c1832]
2019-09-05 19:10:36,179 [grpc-default-executor-3] INFO  client.GrpcClientProtocolClient (GrpcClientProtocolClient.java:onNext(255)) - client-729EAB8E4297->a9cb8897-0d38-4c59-817a-d67a8ba30c67: receive RaftClientReply:client-729EAB8E4297->a9cb8897-0d38-4c59-817a-d67a8ba30c67@group-A55F67FDC954, cid=1293, SUCCESS, logIndex=1835, commits[a9cb8897-0d38-4c59-817a-d67a8ba30c67:c1836, 41e21bac-56c9-465a-a1cc-bc71b3ab473c:c1832, 2bfdf505-3a1f-44eb-9843-3820b2477da1:c1832]
2019-09-05 19:10:36,179 [grpc-default-executor-3] INFO  client.GrpcClientProtocolClient (GrpcClientProtocolClient.java:onNext(255)) - client-729EAB8E4297->a9cb8897-0d38-4c59-817a-d67a8ba30c67: receive RaftClientReply:client-729EAB8E4297->a9cb8897-0d38-4c59-817a-d67a8ba30c67@group-A55F67FDC954, cid=1294, SUCCESS, logIndex=1836, commits[a9cb8897-0d38-4c59-817a-d67a8ba30c67:c1838, 41e21bac-56c9-465a-a1cc-bc71b3ab473c:c1834, 2bfdf505-3a1f-44eb-9843-3820b2477da1:c1834]
2019-09-05 19:10:36,190 [grpc-default-executor-4] INFO  client.GrpcClientProtocolClient (GrpcClientProtocolClient.java:onNext(255)) - client-729EAB8E4297->a9cb8897-0d38-4c59-817a-d67a8ba30c67: receive RaftClientReply:client-729EAB8E4297->a9cb8897-0d38-4c59-817a-d67a8ba30c67@group-A55F67FDC954, cid=1295, SUCCESS, logIndex=1841, commits[a9cb8897-0d38-4c59-817a-d67a8ba30c67:c1842, 41e21bac-56c9-465a-a1cc-bc71b3ab473c:c1840, 2bfdf505-3a1f-44eb-9843-3820b2477da1:c1836]
2019-09-05 19:10:36,190 [grpc-default-executor-4] INFO  client.GrpcClientProtocolClient (GrpcClientProtocolClient.java:onNext(255)) - client-729EAB8E4297->a9cb8897-0d38-4c59-817a-d67a8ba30c67: receive RaftClientReply:client-729EAB8E4297->a9cb8897-0d38-4c59-817a-d67a8ba30c67@group-A55F67FDC954, cid=1296, SUCCESS, logIndex=1842, commits[a9cb8897-0d38-4c59-817a-d67a8ba30c67:c1842, 41e21bac-56c9-465a-a1cc-bc71b3ab473c:c1840, 2bfdf505-3a1f-44eb-9843-3820b2477da1:c1840]
2019-09-05 19:10:36,200 [grpc-default-executor-3] INFO  client.GrpcClientProtocolClient (GrpcClientProtocolClient.java:onNext(255)) - client-729EAB8E4297->a9cb8897-0d38-4c59-817a-d67a8ba30c67: receive RaftClientReply:client-729EAB8E4297->a9cb8897-0d38-4c59-817a-d67a8ba30c67@group-A55F67FDC954, cid=1297, SUCCESS, logIndex=1845, commits[a9cb8897-0d38-4c59-817a-d67a8ba30c67:c1846, 41e21bac-56c9-465a-a1cc-bc71b3ab473c:c1844, 2bfdf505-3a1f-44eb-9843-3820b2477da1:c1842]
2019-09-05 19:10:36,201 [grpc-default-executor-3] INFO  client.GrpcClientProtocolClient (GrpcClientProtocolClient.java:onNext(255)) - client-729EAB8E4297->a9cb8897-0d38-4c59-817a-d67a8ba30c67: receive RaftClientReply:client-729EAB8E4297->a9cb8897-0d38-4c59-817a-d67a8ba30c67@group-A55F67FDC954, cid=1298, SUCCESS, logIndex=1846, commits[a9cb8897-0d38-4c59-817a-d67a8ba30c67:c1846, 41e21bac-56c9-465a-a1cc-bc71b3ab473c:c1844, 2bfdf505-3a1f-44eb-9843-3820b2477da1:c1844]
2019-09-05 19:10:36,203 [grpc-default-executor-3] INFO  client.GrpcClientProtocolClient (GrpcClientProtocolClient.java:onNext(255)) - client-729EAB8E4297->a9cb8897-0d38-4c59-817a-d67a8ba30c67: receive RaftClientReply:client-729EAB8E4297->a9cb8897-0d38-4c59-817a-d67a8ba30c67@group-A55F67FDC954, cid=1299, SUCCESS, logIndex=0, commits[a9cb8897-0d38-4c59-817a-d67a8ba30c67:c1847, 41e21bac-56c9-465a-a1cc-bc71b3ab473c:c1846, 2bfdf505-3a1f-44eb-9843-3820b2477da1:c1846]
2019-09-05 19:10:36,221 [grpc-default-executor-3] INFO  client.GrpcClientProtocolClient (GrpcClientProtocolClient.java:onNext(255)) - client-729EAB8E4297->a9cb8897-0d38-4c59-817a-d67a8ba30c67: receive RaftClientReply:client-729EAB8E4297->a9cb8897-0d38-4c59-817a-d67a8ba30c67@group-A55F67FDC954, cid=1300, SUCCESS, logIndex=1849, commits[a9cb8897-0d38-4c59-817a-d67a8ba30c67:c1850, 41e21bac-56c9-465a-a1cc-bc71b3ab473c:c1848, 2bfdf505-3a1f-44eb-9843-3820b2477da1:c1848]
2019-09-05 19:10:36,221 [grpc-default-executor-3] INFO  client.GrpcClientProtocolClient (GrpcClientProtocolClient.java:onNext(255)) - client-729EAB8E4297->a9cb8897-0d38-4c59-817a-d67a8ba30c67: receive RaftClientReply:client-729EAB8E4297->a9cb8897-0d38-4c59-817a-d67a8ba30c67@group-A55F67FDC954, cid=1301, SUCCESS, logIndex=1850, commits[a9cb8897-0d38-4c59-817a-d67a8ba30c67:c1850, 41e21bac-56c9-465a-a1cc-bc71b3ab473c:c1848, 2bfdf505-3a1f-44eb-9843-3820b2477da1:c1848]
2019-09-05 19:10:36,224 [grpc-default-executor-1] INFO  client.GrpcClientProtocolClient (GrpcClientProtocolClient.java:onNext(255)) - client-729EAB8E4297->a9cb8897-0d38-4c59-817a-d67a8ba30c67: receive RaftClientReply:client-729EAB8E4297->a9cb8897-0d38-4c59-817a-d67a8ba30c67@group-A55F67FDC954, cid=1302, SUCCESS, logIndex=1851, commits[a9cb8897-0d38-4c59-817a-d67a8ba30c67:c1852, 41e21bac-56c9-465a-a1cc-bc71b3ab473c:c1848, 2bfdf505-3a1f-44eb-9843-3820b2477da1:c1848]
2019-09-05 19:10:36,224 [grpc-default-executor-1] INFO  client.GrpcClientProtocolClient (GrpcClientProtocolClient.java:onNext(255)) - client-729EAB8E4297->a9cb8897-0d38-4c59-817a-d67a8ba30c67: receive RaftClientReply:client-729EAB8E4297->a9cb8897-0d38-4c59-817a-d67a8ba30c67@group-A55F67FDC954, cid=1303, SUCCESS, logIndex=1852, commits[a9cb8897-0d38-4c59-817a-d67a8ba30c67:c1853, 41e21bac-56c9-465a-a1cc-bc71b3ab473c:c1849, 2bfdf505-3a1f-44eb-9843-3820b2477da1:c1848]
2019-09-05 19:10:36,225 [grpc-default-executor-0] INFO  client.GrpcClientProtocolClient (GrpcClientProtocolClient.java:onNext(255)) - client-729EAB8E4297->a9cb8897-0d38-4c59-817a-d67a8ba30c67: receive RaftClientReply:client-729EAB8E4297->a9cb8897-0d38-4c59-817a-d67a8ba30c67@group-A55F67FDC954, cid=1304, SUCCESS, logIndex=0, commits[a9cb8897-0d38-4c59-817a-d67a8ba30c67:c1854, 41e21bac-56c9-465a-a1cc-bc71b3ab473c:c1850, 2bfdf505-3a1f-44eb-9843-3820b2477da1:c1850]
2019-09-05 19:10:36,236 [grpc-default-executor-4] INFO  client.GrpcClientProtocolClient (GrpcClientProtocolClient.java:onNext(255)) - client-729EAB8E4297->a9cb8897-0d38-4c59-817a-d67a8ba30c67: receive RaftClientReply:client-729EAB8E4297->a9cb8897-0d38-4c59-817a-d67a8ba30c67@group-A55F67FDC954, cid=1305, SUCCESS, logIndex=1857, commits[a9cb8897-0d38-4c59-817a-d67a8ba30c67:c1858, 41e21bac-56c9-465a-a1cc-bc71b3ab473c:c1856, 2bfdf505-3a1f-44eb-9843-3820b2477da1:c1856]
2019-09-05 19:10:36,237 [grpc-default-executor-4] INFO  client.GrpcClientProtocolClient (GrpcClientProtocolClient.java:onNext(255)) - client-729EAB8E4297->a9cb8897-0d38-4c59-817a-d67a8ba30c67: receive RaftClientReply:client-729EAB8E4297->a9cb8897-0d38-4c59-817a-d67a8ba30c67@group-A55F67FDC954, cid=1306, SUCCESS, logIndex=1858, commits[a9cb8897-0d38-4c59-817a-d67a8ba30c67:c1858, 41e21bac-56c9-465a-a1cc-bc71b3ab473c:c1856, 2bfdf505-3a1f-44eb-9843-3820b2477da1:c1856]
2019-09-05 19:10:36,247 [grpc-default-executor-0] INFO  client.GrpcClientProtocolClient (GrpcClientProtocolClient.java:onNext(255)) - client-729EAB8E4297->a9cb8897-0d38-4c59-817a-d67a8ba30c67: receive RaftClientReply:client-729EAB8E4297->a9cb8897-0d38-4c59-817a-d67a8ba30c67@group-A55F67FDC954, cid=1307, SUCCESS, logIndex=1861, commits[a9cb8897-0d38-4c59-817a-d67a8ba30c67:c1862, 41e21bac-56c9-465a-a1cc-bc71b3ab473c:c1858, 2bfdf505-3a1f-44eb-9843-3820b2477da1:c1860]
2019-09-05 19:10:36,247 [grpc-default-executor-0] INFO  client.GrpcClientProtocolClient (GrpcClientProtocolClient.java:onNext(255)) - client-729EAB8E4297->a9cb8897-0d38-4c59-817a-d67a8ba30c67: receive RaftClientReply:client-729EAB8E4297->a9cb8897-0d38-4c59-817a-d67a8ba30c67@group-A55F67FDC954, cid=1308, SUCCESS, logIndex=1862, commits[a9cb8897-0d38-4c59-817a-d67a8ba30c67:c1862, 41e21bac-56c9-465a-a1cc-bc71b3ab473c:c1860, 2bfdf505-3a1f-44eb-9843-3820b2477da1:c1860]
2019-09-05 19:10:36,249 [grpc-default-executor-0] INFO  client.GrpcClientProtocolClient (GrpcClientProtocolClient.java:onNext(255)) - client-729EAB8E4297->a9cb8897-0d38-4c59-817a-d67a8ba30c67: receive RaftClientReply:client-729EAB8E4297->a9cb8897-0d38-4c59-817a-d67a8ba30c67@group-A55F67FDC954, cid=1309, SUCCESS, logIndex=0, commits[a9cb8897-0d38-4c59-817a-d67a8ba30c67:c1862, 41e21bac-56c9-465a-a1cc-bc71b3ab473c:c1862, 2bfdf505-3a1f-44eb-9843-3820b2477da1:c1862]
2019-09-05 19:10:36,267 [grpc-default-executor-0] INFO  client.GrpcClientProtocolClient (GrpcClientProtocolClient.java:onNext(255)) - client-729EAB8E4297->a9cb8897-0d38-4c59-817a-d67a8ba30c67: receive RaftClientReply:client-729EAB8E4297->a9cb8897-0d38-4c59-817a-d67a8ba30c67@group-A55F67FDC954, cid=1310, SUCCESS, logIndex=1865, commits[a9cb8897-0d38-4c59-817a-d67a8ba30c67:c1866, 41e21bac-56c9-465a-a1cc-bc71b3ab473c:c1862, 2bfdf505-3a1f-44eb-9843-3820b2477da1:c1864]
2019-09-05 19:10:36,267 [grpc-default-executor-0] INFO  client.GrpcClientProtocolClient (GrpcClientProtocolClient.java:onNext(255)) - client-729EAB8E4297->a9cb8897-0d38-4c59-817a-d67a8ba30c67: receive RaftClientReply:client-729EAB8E4297->a9cb8897-0d38-4c59-817a-d67a8ba30c67@group-A55F67FDC954, cid=1311, SUCCESS, logIndex=1866, commits[a9cb8897-0d38-4c59-817a-d67a8ba30c67:c1866, 41e21bac-56c9-465a-a1cc-bc71b3ab473c:c1862, 2bfdf505-3a1f-44eb-9843-3820b2477da1:c1864]
2019-09-05 19:10:36,269 [grpc-default-executor-1] INFO  client.GrpcClientProtocolClient (GrpcClientProtocolClient.java:onNext(255)) - client-729EAB8E4297->a9cb8897-0d38-4c59-817a-d67a8ba30c67: receive RaftClientReply:client-729EAB8E4297->a9cb8897-0d38-4c59-817a-d67a8ba30c67@group-A55F67FDC954, cid=1312, SUCCESS, logIndex=1867, commits[a9cb8897-0d38-4c59-817a-d67a8ba30c67:c1870, 41e21bac-56c9-465a-a1cc-bc71b3ab473c:c1864, 2bfdf505-3a1f-44eb-9843-3820b2477da1:c1866]
2019-09-05 19:10:36,269 [grpc-default-executor-1] INFO  client.GrpcClientProtocolClient (GrpcClientProtocolClient.java:onNext(255)) - client-729EAB8E4297->a9cb8897-0d38-4c59-817a-d67a8ba30c67: receive RaftClientReply:client-729EAB8E4297->a9cb8897-0d38-4c59-817a-d67a8ba30c67@group-A55F67FDC954, cid=1313, SUCCESS, logIndex=1868, commits[a9cb8897-0d38-4c59-817a-d67a8ba30c67:c1870, 41e21bac-56c9-465a-a1cc-bc71b3ab473c:c1866, 2bfdf505-3a1f-44eb-9843-3820b2477da1:c1866]
2019-09-05 19:10:36,281 [grpc-default-executor-0] INFO  client.GrpcClientProtocolClient (GrpcClientProtocolClient.java:onNext(255)) - client-729EAB8E4297->a9cb8897-0d38-4c59-817a-d67a8ba30c67: receive RaftClientReply:client-729EAB8E4297->a9cb8897-0d38-4c59-817a-d67a8ba30c67@group-A55F67FDC954, cid=1314, SUCCESS, logIndex=1872, commits[a9cb8897-0d38-4c59-817a-d67a8ba30c67:c1873, 41e21bac-56c9-465a-a1cc-bc71b3ab473c:c1871, 2bfdf505-3a1f-44eb-9843-3820b2477da1:c1871]
2019-09-05 19:10:36,281 [grpc-default-executor-0] INFO  client.GrpcClientProtocolClient (GrpcClientProtocolClient.java:onNext(255)) - client-729EAB8E4297->a9cb8897-0d38-4c59-817a-d67a8ba30c67: receive RaftClientReply:client-729EAB8E4297->a9cb8897-0d38-4c59-817a-d67a8ba30c67@group-A55F67FDC954, cid=1315, SUCCESS, logIndex=1873, commits[a9cb8897-0d38-4c59-817a-d67a8ba30c67:c1873, 41e21bac-56c9-465a-a1cc-bc71b3ab473c:c1871, 2bfdf505-3a1f-44eb-9843-3820b2477da1:c1871]
2019-09-05 19:10:36,293 [grpc-default-executor-0] INFO  client.GrpcClientProtocolClient (GrpcClientProtocolClient.java:onNext(255)) - client-729EAB8E4297->a9cb8897-0d38-4c59-817a-d67a8ba30c67: receive RaftClientReply:client-729EAB8E4297->a9cb8897-0d38-4c59-817a-d67a8ba30c67@group-A55F67FDC954, cid=1316, SUCCESS, logIndex=1876, commits[a9cb8897-0d38-4c59-817a-d67a8ba30c67:c1877, 41e21bac-56c9-465a-a1cc-bc71b3ab473c:c1873, 2bfdf505-3a1f-44eb-9843-3820b2477da1:c1875]
2019-09-05 19:10:36,293 [grpc-default-executor-0] INFO  client.GrpcClientProtocolClient (GrpcClientProtocolClient.java:onNext(255)) - client-729EAB8E4297->a9cb8897-0d38-4c59-817a-d67a8ba30c67: receive RaftClientReply:client-729EAB8E4297->a9cb8897-0d38-4c59-817a-d67a8ba30c67@group-A55F67FDC954, cid=1317, SUCCESS, logIndex=1877, commits[a9cb8897-0d38-4c59-817a-d67a8ba30c67:c1877, 41e21bac-56c9-465a-a1cc-bc71b3ab473c:c1873, 2bfdf505-3a1f-44eb-9843-3820b2477da1:c1875]
2019-09-05 19:10:36,295 [grpc-default-executor-4] INFO  client.GrpcClientProtocolClient (GrpcClientProtocolClient.java:onNext(255)) - client-729EAB8E4297->a9cb8897-0d38-4c59-817a-d67a8ba30c67: receive RaftClientReply:client-729EAB8E4297->a9cb8897-0d38-4c59-817a-d67a8ba30c67@group-A55F67FDC954, cid=1318, SUCCESS, logIndex=0, commits[a9cb8897-0d38-4c59-817a-d67a8ba30c67:c1879, 41e21bac-56c9-465a-a1cc-bc71b3ab473c:c1877, 2bfdf505-3a1f-44eb-9843-3820b2477da1:c1877]
2019-09-05 19:10:36,315 [grpc-default-executor-4] INFO  client.GrpcClientProtocolClient (GrpcClientProtocolClient.java:onNext(255)) - client-729EAB8E4297->a9cb8897-0d38-4c59-817a-d67a8ba30c67: receive RaftClientReply:client-729EAB8E4297->a9cb8897-0d38-4c59-817a-d67a8ba30c67@group-A55F67FDC954, cid=1319, SUCCESS, logIndex=1880, commits[a9cb8897-0d38-4c59-817a-d67a8ba30c67:c1881, 41e21bac-56c9-465a-a1cc-bc71b3ab473c:c1877, 2bfdf505-3a1f-44eb-9843-3820b2477da1:c1879]
2019-09-05 19:10:36,315 [grpc-default-executor-4] INFO  client.GrpcClientProtocolClient (GrpcClientProtocolClient.java:onNext(255)) - client-729EAB8E4297->a9cb8897-0d38-4c59-817a-d67a8ba30c67: receive RaftClientReply:client-729EAB8E4297->a9cb8897-0d38-4c59-817a-d67a8ba30c67@group-A55F67FDC954, cid=1320, SUCCESS, logIndex=1881, commits[a9cb8897-0d38-4c59-817a-d67a8ba30c67:c1881, 41e21bac-56c9-465a-a1cc-bc71b3ab473c:c1877, 2bfdf505-3a1f-44eb-9843-3820b2477da1:c1879]
2019-09-05 19:10:36,318 [grpc-default-executor-4] INFO  client.GrpcClientProtocolClient (GrpcClientProtocolClient.java:onNext(255)) - client-729EAB8E4297->a9cb8897-0d38-4c59-817a-d67a8ba30c67: receive RaftClientReply:client-729EAB8E4297->a9cb8897-0d38-4c59-817a-d67a8ba30c67@group-A55F67FDC954, cid=1321, SUCCESS, logIndex=1882, commits[a9cb8897-0d38-4c59-817a-d67a8ba30c67:c1883, 41e21bac-56c9-465a-a1cc-bc71b3ab473c:c1879, 2bfdf505-3a1f-44eb-9843-3820b2477da1:c1879]
2019-09-05 19:10:36,318 [grpc-default-executor-4] INFO  client.GrpcClientProtocolClient (GrpcClientProtocolClient.java:onNext(255)) - client-729EAB8E4297->a9cb8897-0d38-4c59-817a-d67a8ba30c67: receive RaftClientReply:client-729EAB8E4297->a9cb8897-0d38-4c59-817a-d67a8ba30c67@group-A55F67FDC954, cid=1322, SUCCESS, logIndex=1883, commits[a9cb8897-0d38-4c59-817a-d67a8ba30c67:c1884, 41e21bac-56c9-465a-a1cc-bc71b3ab473c:c1881, 2bfdf505-3a1f-44eb-9843-3820b2477da1:c1881]
2019-09-05 19:10:36,332 [grpc-default-executor-0] INFO  client.GrpcClientProtocolClient (GrpcClientProtocolClient.java:onNext(255)) - client-729EAB8E4297->a9cb8897-0d38-4c59-817a-d67a8ba30c67: receive RaftClientReply:client-729EAB8E4297->a9cb8897-0d38-4c59-817a-d67a8ba30c67@group-A55F67FDC954, cid=1323, SUCCESS, logIndex=1888, commits[a9cb8897-0d38-4c59-817a-d67a8ba30c67:c1889, 41e21bac-56c9-465a-a1cc-bc71b3ab473c:c1887, 2bfdf505-3a1f-44eb-9843-3820b2477da1:c1887]
2019-09-05 19:10:36,332 [grpc-default-executor-0] INFO  client.GrpcClientProtocolClient (GrpcClientProtocolClient.java:onNext(255)) - client-729EAB8E4297->a9cb8897-0d38-4c59-817a-d67a8ba30c67: receive RaftClientReply:client-729EAB8E4297->a9cb8897-0d38-4c59-817a-d67a8ba30c67@group-A55F67FDC954, cid=1324, SUCCESS, logIndex=1889, commits[a9cb8897-0d38-4c59-817a-d67a8ba30c67:c1889, 41e21bac-56c9-465a-a1cc-bc71b3ab473c:c1887, 2bfdf505-3a1f-44eb-9843-3820b2477da1:c1887]
 0.00% |█                                                                                                    |  0/1 Time: 0:00:102019-09-05 19:10:36,345 [grpc-default-executor-4] INFO  client.GrpcClientProtocolClient (GrpcClientProtocolClient.java:onNext(255)) - client-729EAB8E4297->a9cb8897-0d38-4c59-817a-d67a8ba30c67: receive RaftClientReply:client-729EAB8E4297->a9cb8897-0d38-4c59-817a-d67a8ba30c67@group-A55F67FDC954, cid=1325, SUCCESS, logIndex=1892, commits[a9cb8897-0d38-4c59-817a-d67a8ba30c67:c1892, 41e21bac-56c9-465a-a1cc-bc71b3ab473c:c1889, 2bfdf505-3a1f-44eb-9843-3820b2477da1:c1889]
2019-09-05 19:10:36,345 [grpc-default-executor-4] INFO  client.GrpcClientProtocolClient (GrpcClientProtocolClient.java:onNext(255)) - client-729EAB8E4297->a9cb8897-0d38-4c59-817a-d67a8ba30c67: receive RaftClientReply:client-729EAB8E4297->a9cb8897-0d38-4c59-817a-d67a8ba30c67@group-A55F67FDC954, cid=1326, SUCCESS, logIndex=1893, commits[a9cb8897-0d38-4c59-817a-d67a8ba30c67:c1893, 41e21bac-56c9-465a-a1cc-bc71b3ab473c:c1889, 2bfdf505-3a1f-44eb-9843-3820b2477da1:c1889]
2019-09-05 19:10:36,358 [grpc-default-executor-4] INFO  client.GrpcClientProtocolClient (GrpcClientProtocolClient.java:onNext(255)) - client-729EAB8E4297->a9cb8897-0d38-4c59-817a-d67a8ba30c67: receive RaftClientReply:client-729EAB8E4297->a9cb8897-0d38-4c59-817a-d67a8ba30c67@group-A55F67FDC954, cid=1327, SUCCESS, logIndex=0, commits[a9cb8897-0d38-4c59-817a-d67a8ba30c67:c1895, 41e21bac-56c9-465a-a1cc-bc71b3ab473c:c1893, 2bfdf505-3a1f-44eb-9843-3820b2477da1:c1893]
2019-09-05 19:10:36,383 [grpc-default-executor-0] INFO  client.GrpcClientProtocolClient (GrpcClientProtocolClient.java:onNext(255)) - client-729EAB8E4297->a9cb8897-0d38-4c59-817a-d67a8ba30c67: receive RaftClientReply:client-729EAB8E4297->a9cb8897-0d38-4c59-817a-d67a8ba30c67@group-A55F67FDC954, cid=1328, SUCCESS, logIndex=1896, commits[a9cb8897-0d38-4c59-817a-d67a8ba30c67:c1897, 41e21bac-56c9-465a-a1cc-bc71b3ab473c:c1895, 2bfdf505-3a1f-44eb-9843-3820b2477da1:c1895]
2019-09-05 19:10:36,384 [grpc-default-executor-0] INFO  client.GrpcClientProtocolClient (GrpcClientProtocolClient.java:onNext(255)) - client-729EAB8E4297->a9cb8897-0d38-4c59-817a-d67a8ba30c67: receive RaftClientReply:client-729EAB8E4297->a9cb8897-0d38-4c59-817a-d67a8ba30c67@group-A55F67FDC954, cid=1329, SUCCESS, logIndex=1897, commits[a9cb8897-0d38-4c59-817a-d67a8ba30c67:c1897, 41e21bac-56c9-465a-a1cc-bc71b3ab473c:c1895, 2bfdf505-3a1f-44eb-9843-3820b2477da1:c1895]
2019-09-05 19:10:36,384 [grpc-default-executor-0] INFO  client.GrpcClientProtocolClient (GrpcClientProtocolClient.java:onNext(255)) - client-729EAB8E4297->a9cb8897-0d38-4c59-817a-d67a8ba30c67: receive RaftClientReply:client-729EAB8E4297->a9cb8897-0d38-4c59-817a-d67a8ba30c67@group-A55F67FDC954, cid=1330, SUCCESS, logIndex=1898, commits[a9cb8897-0d38-4c59-817a-d67a8ba30c67:c1899, 41e21bac-56c9-465a-a1cc-bc71b3ab473c:c1895, 2bfdf505-3a1f-44eb-9843-3820b2477da1:c1895]
2019-09-05 19:10:36,384 [grpc-default-executor-0] INFO  client.GrpcClientProtocolClient (GrpcClientProtocolClient.java:onNext(255)) - client-729EAB8E4297->a9cb8897-0d38-4c59-817a-d67a8ba30c67: receive RaftClientReply:client-729EAB8E4297->a9cb8897-0d38-4c59-817a-d67a8ba30c67@group-A55F67FDC954, cid=1331, SUCCESS, logIndex=1899, commits[a9cb8897-0d38-4c59-817a-d67a8ba30c67:c1899, 41e21bac-56c9-465a-a1cc-bc71b3ab473c:c1895, 2bfdf505-3a1f-44eb-9843-3820b2477da1:c1895]
2019-09-05 19:10:36,386 [grpc-default-executor-0] INFO  client.GrpcClientProtocolClient (GrpcClientProtocolClient.java:onNext(255)) - client-729EAB8E4297->a9cb8897-0d38-4c59-817a-d67a8ba30c67: receive RaftClientReply:client-729EAB8E4297->a9cb8897-0d38-4c59-817a-d67a8ba30c67@group-A55F67FDC954, cid=1332, SUCCESS, logIndex=0, commits[a9cb8897-0d38-4c59-817a-d67a8ba30c67:c1901, 41e21bac-56c9-465a-a1cc-bc71b3ab473c:c1897, 2bfdf505-3a1f-44eb-9843-3820b2477da1:c1897]
2019-09-05 19:10:36,404 [grpc-default-executor-0] INFO  client.GrpcClientProtocolClient (GrpcClientProtocolClient.java:onNext(255)) - client-729EAB8E4297->a9cb8897-0d38-4c59-817a-d67a8ba30c67: receive RaftClientReply:client-729EAB8E4297->a9cb8897-0d38-4c59-817a-d67a8ba30c67@group-A55F67FDC954, cid=1333, SUCCESS, logIndex=1904, commits[a9cb8897-0d38-4c59-817a-d67a8ba30c67:c1905, 41e21bac-56c9-465a-a1cc-bc71b3ab473c:c1903, 2bfdf505-3a1f-44eb-9843-3820b2477da1:c1903]
2019-09-05 19:10:36,404 [grpc-default-executor-0] INFO  client.GrpcClientProtocolClient (GrpcClientProtocolClient.java:onNext(255)) - client-729EAB8E4297->a9cb8897-0d38-4c59-817a-d67a8ba30c67: receive RaftClientReply:client-729EAB8E4297->a9cb8897-0d38-4c59-817a-d67a8ba30c67@group-A55F67FDC954, cid=1334, SUCCESS, logIndex=1905, commits[a9cb8897-0d38-4c59-817a-d67a8ba30c67:c1905, 41e21bac-56c9-465a-a1cc-bc71b3ab473c:c1903, 2bfdf505-3a1f-44eb-9843-3820b2477da1:c1903]
2019-09-05 19:10:36,415 [grpc-default-executor-1] INFO  client.GrpcClientProtocolClient (GrpcClientProtocolClient.java:onNext(255)) - client-729EAB8E4297->a9cb8897-0d38-4c59-817a-d67a8ba30c67: receive RaftClientReply:client-729EAB8E4297->a9cb8897-0d38-4c59-817a-d67a8ba30c67@group-A55F67FDC954, cid=1335, SUCCESS, logIndex=1908, commits[a9cb8897-0d38-4c59-817a-d67a8ba30c67:c1909, 41e21bac-56c9-465a-a1cc-bc71b3ab473c:c1907, 2bfdf505-3a1f-44eb-9843-3820b2477da1:c1905]
2019-09-05 19:10:36,415 [grpc-default-executor-1] INFO  client.GrpcClientProtocolClient (GrpcClientProtocolClient.java:onNext(255)) - client-729EAB8E4297->a9cb8897-0d38-4c59-817a-d67a8ba30c67: receive RaftClientReply:client-729EAB8E4297->a9cb8897-0d38-4c59-817a-d67a8ba30c67@group-A55F67FDC954, cid=1336, SUCCESS, logIndex=1909, commits[a9cb8897-0d38-4c59-817a-d67a8ba30c67:c1909, 41e21bac-56c9-465a-a1cc-bc71b3ab473c:c1907, 2bfdf505-3a1f-44eb-9843-3820b2477da1:c1907]
2019-09-05 19:10:36,417 [grpc-default-executor-1] INFO  client.GrpcClientProtocolClient (GrpcClientProtocolClient.java:onNext(255)) - client-729EAB8E4297->a9cb8897-0d38-4c59-817a-d67a8ba30c67: receive RaftClientReply:client-729EAB8E4297->a9cb8897-0d38-4c59-817a-d67a8ba30c67@group-A55F67FDC954, cid=1337, SUCCESS, logIndex=0, commits[a9cb8897-0d38-4c59-817a-d67a8ba30c67:c1910, 41e21bac-56c9-465a-a1cc-bc71b3ab473c:c1909, 2bfdf505-3a1f-44eb-9843-3820b2477da1:c1909]
2019-09-05 19:10:36,437 [grpc-default-executor-4] INFO  client.GrpcClientProtocolClient (GrpcClientProtocolClient.java:onNext(255)) - client-729EAB8E4297->a9cb8897-0d38-4c59-817a-d67a8ba30c67: receive RaftClientReply:client-729EAB8E4297->a9cb8897-0d38-4c59-817a-d67a8ba30c67@group-A55F67FDC954, cid=1338, SUCCESS, logIndex=1912, commits[a9cb8897-0d38-4c59-817a-d67a8ba30c67:c1912, 41e21bac-56c9-465a-a1cc-bc71b3ab473c:c1911, 2bfdf505-3a1f-44eb-9843-3820b2477da1:c1909]
2019-09-05 19:10:36,438 [grpc-default-executor-4] INFO  client.GrpcClientProtocolClient (GrpcClientProtocolClient.java:onNext(255)) - client-729EAB8E4297->a9cb8897-0d38-4c59-817a-d67a8ba30c67: receive RaftClientReply:client-729EAB8E4297->a9cb8897-0d38-4c59-817a-d67a8ba30c67@group-A55F67FDC954, cid=1339, SUCCESS, logIndex=1913, commits[a9cb8897-0d38-4c59-817a-d67a8ba30c67:c1913, 41e21bac-56c9-465a-a1cc-bc71b3ab473c:c1911, 2bfdf505-3a1f-44eb-9843-3820b2477da1:c1911]
2019-09-05 19:10:36,441 [grpc-default-executor-1] INFO  client.GrpcClientProtocolClient (GrpcClientProtocolClient.java:onNext(255)) - client-729EAB8E4297->a9cb8897-0d38-4c59-817a-d67a8ba30c67: receive RaftClientReply:client-729EAB8E4297->a9cb8897-0d38-4c59-817a-d67a8ba30c67@group-A55F67FDC954, cid=1340, SUCCESS, logIndex=1914, commits[a9cb8897-0d38-4c59-817a-d67a8ba30c67:c1916, 41e21bac-56c9-465a-a1cc-bc71b3ab473c:c1912, 2bfdf505-3a1f-44eb-9843-3820b2477da1:c1911]
2019-09-05 19:10:36,441 [grpc-default-executor-1] INFO  client.GrpcClientProtocolClient (GrpcClientProtocolClient.java:onNext(255)) - client-729EAB8E4297->a9cb8897-0d38-4c59-817a-d67a8ba30c67: receive RaftClientReply:client-729EAB8E4297->a9cb8897-0d38-4c59-817a-d67a8ba30c67@group-A55F67FDC954, cid=1341, SUCCESS, logIndex=1915, commits[a9cb8897-0d38-4c59-817a-d67a8ba30c67:c1917, 41e21bac-56c9-465a-a1cc-bc71b3ab473c:c1913, 2bfdf505-3a1f-44eb-9843-3820b2477da1:c1911]
2019-09-05 19:10:36,442 [grpc-default-executor-1] INFO  client.GrpcClientProtocolClient (GrpcClientProtocolClient.java:onNext(255)) - client-729EAB8E4297->a9cb8897-0d38-4c59-817a-d67a8ba30c67: receive RaftClientReply:client-729EAB8E4297->a9cb8897-0d38-4c59-817a-d67a8ba30c67@group-A55F67FDC954, cid=1342, SUCCESS, logIndex=0, commits[a9cb8897-0d38-4c59-817a-d67a8ba30c67:c1917, 41e21bac-56c9-465a-a1cc-bc71b3ab473c:c1913, 2bfdf505-3a1f-44eb-9843-3820b2477da1:c1913]
2019-09-05 19:10:36,544 [grpc-default-executor-1] INFO  client.GrpcClientProtocolClient (GrpcClientProtocolClient.java:onNext(255)) - client-729EAB8E4297->a9cb8897-0d38-4c59-817a-d67a8ba30c67: receive RaftClientReply:client-729EAB8E4297->a9cb8897-0d38-4c59-817a-d67a8ba30c67@group-A55F67FDC954, cid=1343, SUCCESS, logIndex=1920, commits[a9cb8897-0d38-4c59-817a-d67a8ba30c67:c1921, 41e21bac-56c9-465a-a1cc-bc71b3ab473c:c1919, 2bfdf505-3a1f-44eb-9843-3820b2477da1:c1919]
2019-09-05 19:10:36,545 [grpc-default-executor-1] INFO  client.GrpcClientProtocolClient (GrpcClientProtocolClient.java:onNext(255)) - client-729EAB8E4297->a9cb8897-0d38-4c59-817a-d67a8ba30c67: receive RaftClientReply:client-729EAB8E4297->a9cb8897-0d38-4c59-817a-d67a8ba30c67@group-A55F67FDC954, cid=1344, SUCCESS, logIndex=1921, commits[a9cb8897-0d38-4c59-817a-d67a8ba30c67:c1921, 41e21bac-56c9-465a-a1cc-bc71b3ab473c:c1919, 2bfdf505-3a1f-44eb-9843-3820b2477da1:c1919]
2019-09-05 19:10:36,556 [grpc-default-executor-0] INFO  client.GrpcClientProtocolClient (GrpcClientProtocolClient.java:onNext(255)) - client-729EAB8E4297->a9cb8897-0d38-4c59-817a-d67a8ba30c67: receive RaftClientReply:client-729EAB8E4297->a9cb8897-0d38-4c59-817a-d67a8ba30c67@group-A55F67FDC954, cid=1345, SUCCESS, logIndex=1924, commits[a9cb8897-0d38-4c59-817a-d67a8ba30c67:c1925, 41e21bac-56c9-465a-a1cc-bc71b3ab473c:c1921, 2bfdf505-3a1f-44eb-9843-3820b2477da1:c1923]
2019-09-05 19:10:36,557 [grpc-default-executor-0] INFO  client.GrpcClientProtocolClient (GrpcClientProtocolClient.java:onNext(255)) - client-729EAB8E4297->a9cb8897-0d38-4c59-817a-d67a8ba30c67: receive RaftClientReply:client-729EAB8E4297->a9cb8897-0d38-4c59-817a-d67a8ba30c67@group-A55F67FDC954, cid=1346, SUCCESS, logIndex=1925, commits[a9cb8897-0d38-4c59-817a-d67a8ba30c67:c1925, 41e21bac-56c9-465a-a1cc-bc71b3ab473c:c1921, 2bfdf505-3a1f-44eb-9843-3820b2477da1:c1923]
2019-09-05 19:10:36,558 [grpc-default-executor-0] INFO  client.GrpcClientProtocolClient (GrpcClientProtocolClient.java:onNext(255)) - client-729EAB8E4297->a9cb8897-0d38-4c59-817a-d67a8ba30c67: receive RaftClientReply:client-729EAB8E4297->a9cb8897-0d38-4c59-817a-d67a8ba30c67@group-A55F67FDC954, cid=1347, SUCCESS, logIndex=0, commits[a9cb8897-0d38-4c59-817a-d67a8ba30c67:c1926, 41e21bac-56c9-465a-a1cc-bc71b3ab473c:c1925, 2bfdf505-3a1f-44eb-9843-3820b2477da1:c1925]
2019-09-05 19:10:36,588 [grpc-default-executor-4] INFO  client.GrpcClientProtocolClient (GrpcClientProtocolClient.java:onNext(255)) - client-729EAB8E4297->a9cb8897-0d38-4c59-817a-d67a8ba30c67: receive RaftClientReply:client-729EAB8E4297->a9cb8897-0d38-4c59-817a-d67a8ba30c67@group-A55F67FDC954, cid=1348, SUCCESS, logIndex=1928, commits[a9cb8897-0d38-4c59-817a-d67a8ba30c67:c1929, 41e21bac-56c9-465a-a1cc-bc71b3ab473c:c1927, 2bfdf505-3a1f-44eb-9843-3820b2477da1:c1927]
2019-09-05 19:10:36,589 [grpc-default-executor-4] INFO  client.GrpcClientProtocolClient (GrpcClientProtocolClient.java:onNext(255)) - client-729EAB8E4297->a9cb8897-0d38-4c59-817a-d67a8ba30c67: receive RaftClientReply:client-729EAB8E4297->a9cb8897-0d38-4c59-817a-d67a8ba30c67@group-A55F67FDC954, cid=1349, SUCCESS, logIndex=1929, commits[a9cb8897-0d38-4c59-817a-d67a8ba30c67:c1929, 41e21bac-56c9-465a-a1cc-bc71b3ab473c:c1927, 2bfdf505-3a1f-44eb-9843-3820b2477da1:c1927]
2019-09-05 19:10:36,589 [grpc-default-executor-4] INFO  client.GrpcClientProtocolClient (GrpcClientProtocolClient.java:onNext(255)) - client-729EAB8E4297->a9cb8897-0d38-4c59-817a-d67a8ba30c67: receive RaftClientReply:client-729EAB8E4297->a9cb8897-0d38-4c59-817a-d67a8ba30c67@group-A55F67FDC954, cid=1350, SUCCESS, logIndex=1930, commits[a9cb8897-0d38-4c59-817a-d67a8ba30c67:c1931, 41e21bac-56c9-465a-a1cc-bc71b3ab473c:c1927, 2bfdf505-3a1f-44eb-9843-3820b2477da1:c1927]
2019-09-05 19:10:36,590 [grpc-default-executor-4] INFO  client.GrpcClientProtocolClient (GrpcClientProtocolClient.java:onNext(255)) - client-729EAB8E4297->a9cb8897-0d38-4c59-817a-d67a8ba30c67: receive RaftClientReply:client-729EAB8E4297->a9cb8897-0d38-4c59-817a-d67a8ba30c67@group-A55F67FDC954, cid=1351, SUCCESS, logIndex=1931, commits[a9cb8897-0d38-4c59-817a-d67a8ba30c67:c1931, 41e21bac-56c9-465a-a1cc-bc71b3ab473c:c1927, 2bfdf505-3a1f-44eb-9843-3820b2477da1:c1927]
2019-09-05 19:10:36,591 [grpc-default-executor-1] INFO  client.GrpcClientProtocolClient (GrpcClientProtocolClient.java:onNext(255)) - client-729EAB8E4297->a9cb8897-0d38-4c59-817a-d67a8ba30c67: receive RaftClientReply:client-729EAB8E4297->a9cb8897-0d38-4c59-817a-d67a8ba30c67@group-A55F67FDC954, cid=1352, SUCCESS, logIndex=0, commits[a9cb8897-0d38-4c59-817a-d67a8ba30c67:c1933, 41e21bac-56c9-465a-a1cc-bc71b3ab473c:c1929, 2bfdf505-3a1f-44eb-9843-3820b2477da1:c1929]
2019-09-05 19:10:36,610 [grpc-default-executor-4] INFO  client.GrpcClientProtocolClient (GrpcClientProtocolClient.java:onNext(255)) - client-729EAB8E4297->a9cb8897-0d38-4c59-817a-d67a8ba30c67: receive RaftClientReply:client-729EAB8E4297->a9cb8897-0d38-4c59-817a-d67a8ba30c67@group-A55F67FDC954, cid=1353, SUCCESS, logIndex=1935, commits[a9cb8897-0d38-4c59-817a-d67a8ba30c67:c1936, 41e21bac-56c9-465a-a1cc-bc71b3ab473c:c1934, 2bfdf505-3a1f-44eb-9843-3820b2477da1:c1934]
2019-09-05 19:10:36,610 [grpc-default-executor-4] INFO  client.GrpcClientProtocolClient (GrpcClientProtocolClient.java:onNext(255)) - client-729EAB8E4297->a9cb8897-0d38-4c59-817a-d67a8ba30c67: receive RaftClientReply:client-729EAB8E4297->a9cb8897-0d38-4c59-817a-d67a8ba30c67@group-A55F67FDC954, cid=1354, SUCCESS, logIndex=1936, commits[a9cb8897-0d38-4c59-817a-d67a8ba30c67:c1936, 41e21bac-56c9-465a-a1cc-bc71b3ab473c:c1934, 2bfdf505-3a1f-44eb-9843-3820b2477da1:c1934]
2019-09-05 19:10:36,626 [grpc-default-executor-4] INFO  client.GrpcClientProtocolClient (GrpcClientProtocolClient.java:onNext(255)) - client-729EAB8E4297->a9cb8897-0d38-4c59-817a-d67a8ba30c67: receive RaftClientReply:client-729EAB8E4297->a9cb8897-0d38-4c59-817a-d67a8ba30c67@group-A55F67FDC954, cid=1355, SUCCESS, logIndex=1939, commits[a9cb8897-0d38-4c59-817a-d67a8ba30c67:c1940, 41e21bac-56c9-465a-a1cc-bc71b3ab473c:c1936, 2bfdf505-3a1f-44eb-9843-3820b2477da1:c1936]
2019-09-05 19:10:36,626 [grpc-default-executor-4] INFO  client.GrpcClientProtocolClient (GrpcClientProtocolClient.java:onNext(255)) - client-729EAB8E4297->a9cb8897-0d38-4c59-817a-d67a8ba30c67: receive RaftClientReply:client-729EAB8E4297->a9cb8897-0d38-4c59-817a-d67a8ba30c67@group-A55F67FDC954, cid=1356, SUCCESS, logIndex=1940, commits[a9cb8897-0d38-4c59-817a-d67a8ba30c67:c1940, 41e21bac-56c9-465a-a1cc-bc71b3ab473c:c1936, 2bfdf505-3a1f-44eb-9843-3820b2477da1:c1936]
2019-09-05 19:10:36,629 [grpc-default-executor-4] INFO  client.GrpcClientProtocolClient (GrpcClientProtocolClient.java:onNext(255)) - client-729EAB8E4297->a9cb8897-0d38-4c59-817a-d67a8ba30c67: receive RaftClientReply:client-729EAB8E4297->a9cb8897-0d38-4c59-817a-d67a8ba30c67@group-A55F67FDC954, cid=1357, SUCCESS, logIndex=0, commits[a9cb8897-0d38-4c59-817a-d67a8ba30c67:c1942, 41e21bac-56c9-465a-a1cc-bc71b3ab473c:c1940, 2bfdf505-3a1f-44eb-9843-3820b2477da1:c1940]
2019-09-05 19:10:36,651 [grpc-default-executor-1] INFO  client.GrpcClientProtocolClient (GrpcClientProtocolClient.java:onNext(255)) - client-729EAB8E4297->a9cb8897-0d38-4c59-817a-d67a8ba30c67: receive RaftClientReply:client-729EAB8E4297->a9cb8897-0d38-4c59-817a-d67a8ba30c67@group-A55F67FDC954, cid=1358, SUCCESS, logIndex=1943, commits[a9cb8897-0d38-4c59-817a-d67a8ba30c67:c1944, 41e21bac-56c9-465a-a1cc-bc71b3ab473c:c1940, 2bfdf505-3a1f-44eb-9843-3820b2477da1:c1942]
2019-09-05 19:10:36,652 [grpc-default-executor-1] INFO  client.GrpcClientProtocolClient (GrpcClientProtocolClient.java:onNext(255)) - client-729EAB8E4297->a9cb8897-0d38-4c59-817a-d67a8ba30c67: receive RaftClientReply:client-729EAB8E4297->a9cb8897-0d38-4c59-817a-d67a8ba30c67@group-A55F67FDC954, cid=1359, SUCCESS, logIndex=1944, commits[a9cb8897-0d38-4c59-817a-d67a8ba30c67:c1944, 41e21bac-56c9-465a-a1cc-bc71b3ab473c:c1942, 2bfdf505-3a1f-44eb-9843-3820b2477da1:c1942]
2019-09-05 19:10:36,653 [grpc-default-executor-4] INFO  client.GrpcClientProtocolClient (GrpcClientProtocolClient.java:onNext(255)) - client-729EAB8E4297->a9cb8897-0d38-4c59-817a-d67a8ba30c67: receive RaftClientReply:client-729EAB8E4297->a9cb8897-0d38-4c59-817a-d67a8ba30c67@group-A55F67FDC954, cid=1360, SUCCESS, logIndex=1945, commits[a9cb8897-0d38-4c59-817a-d67a8ba30c67:c1947, 41e21bac-56c9-465a-a1cc-bc71b3ab473c:c1944, 2bfdf505-3a1f-44eb-9843-3820b2477da1:c1942]
2019-09-05 19:10:36,654 [grpc-default-executor-4] INFO  client.GrpcClientProtocolClient (GrpcClientProtocolClient.java:onNext(255)) - client-729EAB8E4297->a9cb8897-0d38-4c59-817a-d67a8ba30c67: receive RaftClientReply:client-729EAB8E4297->a9cb8897-0d38-4c59-817a-d67a8ba30c67@group-A55F67FDC954, cid=1361, SUCCESS, logIndex=1946, commits[a9cb8897-0d38-4c59-817a-d67a8ba30c67:c1948, 41e21bac-56c9-465a-a1cc-bc71b3ab473c:c1944, 2bfdf505-3a1f-44eb-9843-3820b2477da1:c1944]
2019-09-05 19:10:36,666 [grpc-default-executor-0] INFO  client.GrpcClientProtocolClient (GrpcClientProtocolClient.java:onNext(255)) - client-729EAB8E4297->a9cb8897-0d38-4c59-817a-d67a8ba30c67: receive RaftClientReply:client-729EAB8E4297->a9cb8897-0d38-4c59-817a-d67a8ba30c67@group-A55F67FDC954, cid=1362, SUCCESS, logIndex=1951, commits[a9cb8897-0d38-4c59-817a-d67a8ba30c67:c1952, 41e21bac-56c9-465a-a1cc-bc71b3ab473c:c1950, 2bfdf505-3a1f-44eb-9843-3820b2477da1:c1946]
2019-09-05 19:10:36,667 [grpc-default-executor-0] INFO  client.GrpcClientProtocolClient (GrpcClientProtocolClient.java:onNext(255)) - client-729EAB8E4297->a9cb8897-0d38-4c59-817a-d67a8ba30c67: receive RaftClientReply:client-729EAB8E4297->a9cb8897-0d38-4c59-817a-d67a8ba30c67@group-A55F67FDC954, cid=1363, SUCCESS, logIndex=1952, commits[a9cb8897-0d38-4c59-817a-d67a8ba30c67:c1952, 41e21bac-56c9-465a-a1cc-bc71b3ab473c:c1950, 2bfdf505-3a1f-44eb-9843-3820b2477da1:c1950]
2019-09-05 19:10:36,680 [grpc-default-executor-1] INFO  client.GrpcClientProtocolClient (GrpcClientProtocolClient.java:onNext(255)) - client-729EAB8E4297->a9cb8897-0d38-4c59-817a-d67a8ba30c67: receive RaftClientReply:client-729EAB8E4297->a9cb8897-0d38-4c59-817a-d67a8ba30c67@group-A55F67FDC954, cid=1364, SUCCESS, logIndex=1955, commits[a9cb8897-0d38-4c59-817a-d67a8ba30c67:c1956, 41e21bac-56c9-465a-a1cc-bc71b3ab473c:c1954, 2bfdf505-3a1f-44eb-9843-3820b2477da1:c1952]
2019-09-05 19:10:36,680 [grpc-default-executor-1] INFO  client.GrpcClientProtocolClient (GrpcClientProtocolClient.java:onNext(255)) - client-729EAB8E4297->a9cb8897-0d38-4c59-817a-d67a8ba30c67: receive RaftClientReply:client-729EAB8E4297->a9cb8897-0d38-4c59-817a-d67a8ba30c67@group-A55F67FDC954, cid=1365, SUCCESS, logIndex=1956, commits[a9cb8897-0d38-4c59-817a-d67a8ba30c67:c1956, 41e21bac-56c9-465a-a1cc-bc71b3ab473c:c1954, 2bfdf505-3a1f-44eb-9843-3820b2477da1:c1954]
2019-09-05 19:10:36,682 [grpc-default-executor-4] INFO  client.GrpcClientProtocolClient (GrpcClientProtocolClient.java:onNext(255)) - client-729EAB8E4297->a9cb8897-0d38-4c59-817a-d67a8ba30c67: receive RaftClientReply:client-729EAB8E4297->a9cb8897-0d38-4c59-817a-d67a8ba30c67@group-A55F67FDC954, cid=1366, SUCCESS, logIndex=0, commits[a9cb8897-0d38-4c59-817a-d67a8ba30c67:c1957, 41e21bac-56c9-465a-a1cc-bc71b3ab473c:c1956, 2bfdf505-3a1f-44eb-9843-3820b2477da1:c1956]
2019-09-05 19:10:36,701 [grpc-default-executor-4] INFO  client.GrpcClientProtocolClient (GrpcClientProtocolClient.java:onNext(255)) - client-729EAB8E4297->a9cb8897-0d38-4c59-817a-d67a8ba30c67: receive RaftClientReply:client-729EAB8E4297->a9cb8897-0d38-4c59-817a-d67a8ba30c67@group-A55F67FDC954, cid=1367, SUCCESS, logIndex=1959, commits[a9cb8897-0d38-4c59-817a-d67a8ba30c67:c1960, 41e21bac-56c9-465a-a1cc-bc71b3ab473c:c1956, 2bfdf505-3a1f-44eb-9843-3820b2477da1:c1958]
2019-09-05 19:10:36,702 [grpc-default-executor-4] INFO  client.GrpcClientProtocolClient (GrpcClientProtocolClient.java:onNext(255)) - client-729EAB8E4297->a9cb8897-0d38-4c59-817a-d67a8ba30c67: receive RaftClientReply:client-729EAB8E4297->a9cb8897-0d38-4c59-817a-d67a8ba30c67@group-A55F67FDC954, cid=1368, SUCCESS, logIndex=1960, commits[a9cb8897-0d38-4c59-817a-d67a8ba30c67:c1960, 41e21bac-56c9-465a-a1cc-bc71b3ab473c:c1958, 2bfdf505-3a1f-44eb-9843-3820b2477da1:c1958]
2019-09-05 19:10:36,706 [grpc-default-executor-1] INFO  client.GrpcClientProtocolClient (GrpcClientProtocolClient.java:onNext(255)) - client-729EAB8E4297->a9cb8897-0d38-4c59-817a-d67a8ba30c67: receive RaftClientReply:client-729EAB8E4297->a9cb8897-0d38-4c59-817a-d67a8ba30c67@group-A55F67FDC954, cid=1369, SUCCESS, logIndex=1961, commits[a9cb8897-0d38-4c59-817a-d67a8ba30c67:c1963, 41e21bac-56c9-465a-a1cc-bc71b3ab473c:c1958, 2bfdf505-3a1f-44eb-9843-3820b2477da1:c1959]
2019-09-05 19:10:36,706 [grpc-default-executor-1] INFO  client.GrpcClientProtocolClient (GrpcClientProtocolClient.java:onNext(255)) - client-729EAB8E4297->a9cb8897-0d38-4c59-817a-d67a8ba30c67: receive RaftClientReply:client-729EAB8E4297->a9cb8897-0d38-4c59-817a-d67a8ba30c67@group-A55F67FDC954, cid=1370, SUCCESS, logIndex=1962, commits[a9cb8897-0d38-4c59-817a-d67a8ba30c67:c1964, 41e21bac-56c9-465a-a1cc-bc71b3ab473c:c1958, 2bfdf505-3a1f-44eb-9843-3820b2477da1:c1960]
2019-09-05 19:10:36,707 [grpc-default-executor-1] INFO  client.GrpcClientProtocolClient (GrpcClientProtocolClient.java:onNext(255)) - client-729EAB8E4297->a9cb8897-0d38-4c59-817a-d67a8ba30c67: receive RaftClientReply:client-729EAB8E4297->a9cb8897-0d38-4c59-817a-d67a8ba30c67@group-A55F67FDC954, cid=1371, SUCCESS, logIndex=0, commits[a9cb8897-0d38-4c59-817a-d67a8ba30c67:c1964, 41e21bac-56c9-465a-a1cc-bc71b3ab473c:c1960, 2bfdf505-3a1f-44eb-9843-3820b2477da1:c1960]
2019-09-05 19:10:36,719 [grpc-default-executor-1] INFO  client.GrpcClientProtocolClient (GrpcClientProtocolClient.java:onNext(255)) - client-729EAB8E4297->a9cb8897-0d38-4c59-817a-d67a8ba30c67: receive RaftClientReply:client-729EAB8E4297->a9cb8897-0d38-4c59-817a-d67a8ba30c67@group-A55F67FDC954, cid=1372, SUCCESS, logIndex=1967, commits[a9cb8897-0d38-4c59-817a-d67a8ba30c67:c1968, 41e21bac-56c9-465a-a1cc-bc71b3ab473c:c1963, 2bfdf505-3a1f-44eb-9843-3820b2477da1:c1966]
2019-09-05 19:10:36,719 [grpc-default-executor-1] INFO  client.GrpcClientProtocolClient (GrpcClientProtocolClient.java:onNext(255)) - client-729EAB8E4297->a9cb8897-0d38-4c59-817a-d67a8ba30c67: receive RaftClientReply:client-729EAB8E4297->a9cb8897-0d38-4c59-817a-d67a8ba30c67@group-A55F67FDC954, cid=1373, SUCCESS, logIndex=1968, commits[a9cb8897-0d38-4c59-817a-d67a8ba30c67:c1968, 41e21bac-56c9-465a-a1cc-bc71b3ab473c:c1966, 2bfdf505-3a1f-44eb-9843-3820b2477da1:c1966]
2019-09-05 19:10:36,731 [grpc-default-executor-1] INFO  client.GrpcClientProtocolClient (GrpcClientProtocolClient.java:onNext(255)) - client-729EAB8E4297->a9cb8897-0d38-4c59-817a-d67a8ba30c67: receive RaftClientReply:client-729EAB8E4297->a9cb8897-0d38-4c59-817a-d67a8ba30c67@group-A55F67FDC954, cid=1374, SUCCESS, logIndex=1971, commits[a9cb8897-0d38-4c59-817a-d67a8ba30c67:c1972, 41e21bac-56c9-465a-a1cc-bc71b3ab473c:c1968, 2bfdf505-3a1f-44eb-9843-3820b2477da1:c1970]
2019-09-05 19:10:36,731 [grpc-default-executor-1] INFO  client.GrpcClientProtocolClient (GrpcClientProtocolClient.java:onNext(255)) - client-729EAB8E4297->a9cb8897-0d38-4c59-817a-d67a8ba30c67: receive RaftClientReply:client-729EAB8E4297->a9cb8897-0d38-4c59-817a-d67a8ba30c67@group-A55F67FDC954, cid=1375, SUCCESS, logIndex=1972, commits[a9cb8897-0d38-4c59-817a-d67a8ba30c67:c1972, 41e21bac-56c9-465a-a1cc-bc71b3ab473c:c1970, 2bfdf505-3a1f-44eb-9843-3820b2477da1:c1970]
2019-09-05 19:10:36,733 [grpc-default-executor-1] INFO  client.GrpcClientProtocolClient (GrpcClientProtocolClient.java:onNext(255)) - client-729EAB8E4297->a9cb8897-0d38-4c59-817a-d67a8ba30c67: receive RaftClientReply:client-729EAB8E4297->a9cb8897-0d38-4c59-817a-d67a8ba30c67@group-A55F67FDC954, cid=1376, SUCCESS, logIndex=0, commits[a9cb8897-0d38-4c59-817a-d67a8ba30c67:c1973, 41e21bac-56c9-465a-a1cc-bc71b3ab473c:c1972, 2bfdf505-3a1f-44eb-9843-3820b2477da1:c1972]
2019-09-05 19:10:36,753 [grpc-default-executor-1] INFO  client.GrpcClientProtocolClient (GrpcClientProtocolClient.java:onNext(255)) - client-729EAB8E4297->a9cb8897-0d38-4c59-817a-d67a8ba30c67: receive RaftClientReply:client-729EAB8E4297->a9cb8897-0d38-4c59-817a-d67a8ba30c67@group-A55F67FDC954, cid=1377, SUCCESS, logIndex=1975, commits[a9cb8897-0d38-4c59-817a-d67a8ba30c67:c1976, 41e21bac-56c9-465a-a1cc-bc71b3ab473c:c1974, 2bfdf505-3a1f-44eb-9843-3820b2477da1:c1972]
2019-09-05 19:10:36,754 [grpc-default-executor-1] INFO  client.GrpcClientProtocolClient (GrpcClientProtocolClient.java:onNext(255)) - client-729EAB8E4297->a9cb8897-0d38-4c59-817a-d67a8ba30c67: receive RaftClientReply:client-729EAB8E4297->a9cb8897-0d38-4c59-817a-d67a8ba30c67@group-A55F67FDC954, cid=1378, SUCCESS, logIndex=1976, commits[a9cb8897-0d38-4c59-817a-d67a8ba30c67:c1976, 41e21bac-56c9-465a-a1cc-bc71b3ab473c:c1974, 2bfdf505-3a1f-44eb-9843-3820b2477da1:c1972]
2019-09-05 19:10:36,756 [grpc-default-executor-4] INFO  client.GrpcClientProtocolClient (GrpcClientProtocolClient.java:onNext(255)) - client-729EAB8E4297->a9cb8897-0d38-4c59-817a-d67a8ba30c67: receive RaftClientReply:client-729EAB8E4297->a9cb8897-0d38-4c59-817a-d67a8ba30c67@group-A55F67FDC954, cid=1379, SUCCESS, logIndex=1977, commits[a9cb8897-0d38-4c59-817a-d67a8ba30c67:c1979, 41e21bac-56c9-465a-a1cc-bc71b3ab473c:c1975, 2bfdf505-3a1f-44eb-9843-3820b2477da1:c1974]
2019-09-05 19:10:36,757 [grpc-default-executor-0] INFO  client.GrpcClientProtocolClient (GrpcClientProtocolClient.java:onNext(255)) - client-729EAB8E4297->a9cb8897-0d38-4c59-817a-d67a8ba30c67: receive RaftClientReply:client-729EAB8E4297->a9cb8897-0d38-4c59-817a-d67a8ba30c67@group-A55F67FDC954, cid=1380, SUCCESS, logIndex=1978, commits[a9cb8897-0d38-4c59-817a-d67a8ba30c67:c1980, 41e21bac-56c9-465a-a1cc-bc71b3ab473c:c1976, 2bfdf505-3a1f-44eb-9843-3820b2477da1:c1974]
2019-09-05 19:10:36,758 [grpc-default-executor-4] INFO  client.GrpcClientProtocolClient (GrpcClientProtocolClient.java:onNext(255)) - client-729EAB8E4297->a9cb8897-0d38-4c59-817a-d67a8ba30c67: receive RaftClientReply:client-729EAB8E4297->a9cb8897-0d38-4c59-817a-d67a8ba30c67@group-A55F67FDC954, cid=1381, SUCCESS, logIndex=0, commits[a9cb8897-0d38-4c59-817a-d67a8ba30c67:c1981, 41e21bac-56c9-465a-a1cc-bc71b3ab473c:c1978, 2bfdf505-3a1f-44eb-9843-3820b2477da1:c1976]
2019-09-05 19:10:36,768 [grpc-default-executor-4] INFO  client.GrpcClientProtocolClient (GrpcClientProtocolClient.java:onNext(255)) - client-729EAB8E4297->a9cb8897-0d38-4c59-817a-d67a8ba30c67: receive RaftClientReply:client-729EAB8E4297->a9cb8897-0d38-4c59-817a-d67a8ba30c67@group-A55F67FDC954, cid=1382, SUCCESS, logIndex=1983, commits[a9cb8897-0d38-4c59-817a-d67a8ba30c67:c1984, 41e21bac-56c9-465a-a1cc-bc71b3ab473c:c1978, 2bfdf505-3a1f-44eb-9843-3820b2477da1:c1982]
2019-09-05 19:10:36,768 [grpc-default-executor-4] INFO  client.GrpcClientProtocolClient (GrpcClientProtocolClient.java:onNext(255)) - client-729EAB8E4297->a9cb8897-0d38-4c59-817a-d67a8ba30c67: receive RaftClientReply:client-729EAB8E4297->a9cb8897-0d38-4c59-817a-d67a8ba30c67@group-A55F67FDC954, cid=1383, SUCCESS, logIndex=1984, commits[a9cb8897-0d38-4c59-817a-d67a8ba30c67:c1984, 41e21bac-56c9-465a-a1cc-bc71b3ab473c:c1982, 2bfdf505-3a1f-44eb-9843-3820b2477da1:c1982]
2019-09-05 19:10:36,778 [grpc-default-executor-4] INFO  client.GrpcClientProtocolClient (GrpcClientProtocolClient.java:onNext(255)) - client-729EAB8E4297->a9cb8897-0d38-4c59-817a-d67a8ba30c67: receive RaftClientReply:client-729EAB8E4297->a9cb8897-0d38-4c59-817a-d67a8ba30c67@group-A55F67FDC954, cid=1384, SUCCESS, logIndex=1987, commits[a9cb8897-0d38-4c59-817a-d67a8ba30c67:c1988, 41e21bac-56c9-465a-a1cc-bc71b3ab473c:c1986, 2bfdf505-3a1f-44eb-9843-3820b2477da1:c1984]
2019-09-05 19:10:36,778 [grpc-default-executor-4] INFO  client.GrpcClientProtocolClient (GrpcClientProtocolClient.java:onNext(255)) - client-729EAB8E4297->a9cb8897-0d38-4c59-817a-d67a8ba30c67: receive RaftClientReply:client-729EAB8E4297->a9cb8897-0d38-4c59-817a-d67a8ba30c67@group-A55F67FDC954, cid=1385, SUCCESS, logIndex=1988, commits[a9cb8897-0d38-4c59-817a-d67a8ba30c67:c1988, 41e21bac-56c9-465a-a1cc-bc71b3ab473c:c1986, 2bfdf505-3a1f-44eb-9843-3820b2477da1:c1986]
2019-09-05 19:10:36,780 [grpc-default-executor-0] INFO  client.GrpcClientProtocolClient (GrpcClientProtocolClient.java:onNext(255)) - client-729EAB8E4297->a9cb8897-0d38-4c59-817a-d67a8ba30c67: receive RaftClientReply:client-729EAB8E4297->a9cb8897-0d38-4c59-817a-d67a8ba30c67@group-A55F67FDC954, cid=1386, SUCCESS, logIndex=0, commits[a9cb8897-0d38-4c59-817a-d67a8ba30c67:c1989, 41e21bac-56c9-465a-a1cc-bc71b3ab473c:c1988, 2bfdf505-3a1f-44eb-9843-3820b2477da1:c1988]
2019-09-05 19:10:36,796 [grpc-default-executor-0] INFO  client.GrpcClientProtocolClient (GrpcClientProtocolClient.java:onNext(255)) - client-729EAB8E4297->a9cb8897-0d38-4c59-817a-d67a8ba30c67: receive RaftClientReply:client-729EAB8E4297->a9cb8897-0d38-4c59-817a-d67a8ba30c67@group-A55F67FDC954, cid=1387, SUCCESS, logIndex=1991, commits[a9cb8897-0d38-4c59-817a-d67a8ba30c67:c1992, 41e21bac-56c9-465a-a1cc-bc71b3ab473c:c1990, 2bfdf505-3a1f-44eb-9843-3820b2477da1:c1988]
2019-09-05 19:10:36,797 [grpc-default-executor-0] INFO  client.GrpcClientProtocolClient (GrpcClientProtocolClient.java:onNext(255)) - client-729EAB8E4297->a9cb8897-0d38-4c59-817a-d67a8ba30c67: receive RaftClientReply:client-729EAB8E4297->a9cb8897-0d38-4c59-817a-d67a8ba30c67@group-A55F67FDC954, cid=1388, SUCCESS, logIndex=1992, commits[a9cb8897-0d38-4c59-817a-d67a8ba30c67:c1992, 41e21bac-56c9-465a-a1cc-bc71b3ab473c:c1990, 2bfdf505-3a1f-44eb-9843-3820b2477da1:c1988]
2019-09-05 19:10:36,799 [grpc-default-executor-1] INFO  client.GrpcClientProtocolClient (GrpcClientProtocolClient.java:onNext(255)) - client-729EAB8E4297->a9cb8897-0d38-4c59-817a-d67a8ba30c67: receive RaftClientReply:client-729EAB8E4297->a9cb8897-0d38-4c59-817a-d67a8ba30c67@group-A55F67FDC954, cid=1389, SUCCESS, logIndex=1993, commits[a9cb8897-0d38-4c59-817a-d67a8ba30c67:c1995, 41e21bac-56c9-465a-a1cc-bc71b3ab473c:c1990, 2bfdf505-3a1f-44eb-9843-3820b2477da1:c1991]
2019-09-05 19:10:36,800 [grpc-default-executor-1] INFO  client.GrpcClientProtocolClient (GrpcClientProtocolClient.java:onNext(255)) - client-729EAB8E4297->a9cb8897-0d38-4c59-817a-d67a8ba30c67: receive RaftClientReply:client-729EAB8E4297->a9cb8897-0d38-4c59-817a-d67a8ba30c67@group-A55F67FDC954, cid=1390, SUCCESS, logIndex=1994, commits[a9cb8897-0d38-4c59-817a-d67a8ba30c67:c1996, 41e21bac-56c9-465a-a1cc-bc71b3ab473c:c1990, 2bfdf505-3a1f-44eb-9843-3820b2477da1:c1992]
2019-09-05 19:10:36,801 [grpc-default-executor-1] INFO  client.GrpcClientProtocolClient (GrpcClientProtocolClient.java:onNext(255)) - client-729EAB8E4297->a9cb8897-0d38-4c59-817a-d67a8ba30c67: receive RaftClientReply:client-729EAB8E4297->a9cb8897-0d38-4c59-817a-d67a8ba30c67@group-A55F67FDC954, cid=1391, SUCCESS, logIndex=0, commits[a9cb8897-0d38-4c59-817a-d67a8ba30c67:c1997, 41e21bac-56c9-465a-a1cc-bc71b3ab473c:c1992, 2bfdf505-3a1f-44eb-9843-3820b2477da1:c1993]
2019-09-05 19:10:36,812 [grpc-default-executor-1] INFO  client.GrpcClientProtocolClient (GrpcClientProtocolClient.java:onNext(255)) - client-729EAB8E4297->a9cb8897-0d38-4c59-817a-d67a8ba30c67: receive RaftClientReply:client-729EAB8E4297->a9cb8897-0d38-4c59-817a-d67a8ba30c67@group-A55F67FDC954, cid=1392, SUCCESS, logIndex=1999, commits[a9cb8897-0d38-4c59-817a-d67a8ba30c67:c2000, 41e21bac-56c9-465a-a1cc-bc71b3ab473c:c1998, 2bfdf505-3a1f-44eb-9843-3820b2477da1:c1998]
2019-09-05 19:10:36,812 [grpc-default-executor-1] INFO  client.GrpcClientProtocolClient (GrpcClientProtocolClient.java:onNext(255)) - client-729EAB8E4297->a9cb8897-0d38-4c59-817a-d67a8ba30c67: receive RaftClientReply:client-729EAB8E4297->a9cb8897-0d38-4c59-817a-d67a8ba30c67@group-A55F67FDC954, cid=1393, SUCCESS, logIndex=2000, commits[a9cb8897-0d38-4c59-817a-d67a8ba30c67:c2000, 41e21bac-56c9-465a-a1cc-bc71b3ab473c:c1998, 2bfdf505-3a1f-44eb-9843-3820b2477da1:c1998]
2019-09-05 19:10:36,823 [grpc-default-executor-4] INFO  client.GrpcClientProtocolClient (GrpcClientProtocolClient.java:onNext(255)) - client-729EAB8E4297->a9cb8897-0d38-4c59-817a-d67a8ba30c67: receive RaftClientReply:client-729EAB8E4297->a9cb8897-0d38-4c59-817a-d67a8ba30c67@group-A55F67FDC954, cid=1394, SUCCESS, logIndex=2003, commits[a9cb8897-0d38-4c59-817a-d67a8ba30c67:c2004, 41e21bac-56c9-465a-a1cc-bc71b3ab473c:c2002, 2bfdf505-3a1f-44eb-9843-3820b2477da1:c2000]
2019-09-05 19:10:36,823 [grpc-default-executor-4] INFO  client.GrpcClientProtocolClient (GrpcClientProtocolClient.java:onNext(255)) - client-729EAB8E4297->a9cb8897-0d38-4c59-817a-d67a8ba30c67: receive RaftClientReply:client-729EAB8E4297->a9cb8897-0d38-4c59-817a-d67a8ba30c67@group-A55F67FDC954, cid=1395, SUCCESS, logIndex=2004, commits[a9cb8897-0d38-4c59-817a-d67a8ba30c67:c2004, 41e21bac-56c9-465a-a1cc-bc71b3ab473c:c2002, 2bfdf505-3a1f-44eb-9843-3820b2477da1:c2002]
2019-09-05 19:10:36,825 [grpc-default-executor-4] INFO  client.GrpcClientProtocolClient (GrpcClientProtocolClient.java:onNext(255)) - client-729EAB8E4297->a9cb8897-0d38-4c59-817a-d67a8ba30c67: receive RaftClientReply:client-729EAB8E4297->a9cb8897-0d38-4c59-817a-d67a8ba30c67@group-A55F67FDC954, cid=1396, SUCCESS, logIndex=0, commits[a9cb8897-0d38-4c59-817a-d67a8ba30c67:c2005, 41e21bac-56c9-465a-a1cc-bc71b3ab473c:c2004, 2bfdf505-3a1f-44eb-9843-3820b2477da1:c2004]
2019-09-05 19:10:36,862 [grpc-default-executor-0] INFO  client.GrpcClientProtocolClient (GrpcClientProtocolClient.java:onNext(255)) - client-729EAB8E4297->a9cb8897-0d38-4c59-817a-d67a8ba30c67: receive RaftClientReply:client-729EAB8E4297->a9cb8897-0d38-4c59-817a-d67a8ba30c67@group-A55F67FDC954, cid=1397, SUCCESS, logIndex=2007, commits[a9cb8897-0d38-4c59-817a-d67a8ba30c67:c2008, 41e21bac-56c9-465a-a1cc-bc71b3ab473c:c2006, 2bfdf505-3a1f-44eb-9843-3820b2477da1:c2006]
2019-09-05 19:10:36,863 [grpc-default-executor-4] INFO  client.GrpcClientProtocolClient (GrpcClientProtocolClient.java:onNext(255)) - client-729EAB8E4297->a9cb8897-0d38-4c59-817a-d67a8ba30c67: receive RaftClientReply:client-729EAB8E4297->a9cb8897-0d38-4c59-817a-d67a8ba30c67@group-A55F67FDC954, cid=1398, SUCCESS, logIndex=2008, commits[a9cb8897-0d38-4c59-817a-d67a8ba30c67:c2008, 41e21bac-56c9-465a-a1cc-bc71b3ab473c:c2006, 2bfdf505-3a1f-44eb-9843-3820b2477da1:c2006]
2019-09-05 19:10:36,864 [grpc-default-executor-3] INFO  client.GrpcClientProtocolClient (GrpcClientProtocolClient.java:onNext(255)) - client-729EAB8E4297->a9cb8897-0d38-4c59-817a-d67a8ba30c67: receive RaftClientReply:client-729EAB8E4297->a9cb8897-0d38-4c59-817a-d67a8ba30c67@group-A55F67FDC954, cid=1399, SUCCESS, logIndex=2009, commits[a9cb8897-0d38-4c59-817a-d67a8ba30c67:c2010, 41e21bac-56c9-465a-a1cc-bc71b3ab473c:c2006, 2bfdf505-3a1f-44eb-9843-3820b2477da1:c2006]
2019-09-05 19:10:36,864 [grpc-default-executor-3] INFO  client.GrpcClientProtocolClient (GrpcClientProtocolClient.java:onNext(255)) - client-729EAB8E4297->a9cb8897-0d38-4c59-817a-d67a8ba30c67: receive RaftClientReply:client-729EAB8E4297->a9cb8897-0d38-4c59-817a-d67a8ba30c67@group-A55F67FDC954, cid=1400, SUCCESS, logIndex=2010, commits[a9cb8897-0d38-4c59-817a-d67a8ba30c67:c2010, 41e21bac-56c9-465a-a1cc-bc71b3ab473c:c2006, 2bfdf505-3a1f-44eb-9843-3820b2477da1:c2006]
2019-09-05 19:10:36,865 [grpc-default-executor-4] INFO  client.GrpcClientProtocolClient (GrpcClientProtocolClient.java:onNext(255)) - client-729EAB8E4297->a9cb8897-0d38-4c59-817a-d67a8ba30c67: receive RaftClientReply:client-729EAB8E4297->a9cb8897-0d38-4c59-817a-d67a8ba30c67@group-A55F67FDC954, cid=1401, SUCCESS, logIndex=0, commits[a9cb8897-0d38-4c59-817a-d67a8ba30c67:c2012, 41e21bac-56c9-465a-a1cc-bc71b3ab473c:c2008, 2bfdf505-3a1f-44eb-9843-3820b2477da1:c2008]
2019-09-05 19:10:36,885 [grpc-default-executor-4] INFO  client.GrpcClientProtocolClient (GrpcClientProtocolClient.java:onNext(255)) - client-729EAB8E4297->a9cb8897-0d38-4c59-817a-d67a8ba30c67: receive RaftClientReply:client-729EAB8E4297->a9cb8897-0d38-4c59-817a-d67a8ba30c67@group-A55F67FDC954, cid=1402, SUCCESS, logIndex=2015, commits[a9cb8897-0d38-4c59-817a-d67a8ba30c67:c2015, 41e21bac-56c9-465a-a1cc-bc71b3ab473c:c2014, 2bfdf505-3a1f-44eb-9843-3820b2477da1:c2014]
2019-09-05 19:10:36,885 [grpc-default-executor-4] INFO  client.GrpcClientProtocolClient (GrpcClientProtocolClient.java:onNext(255)) - client-729EAB8E4297->a9cb8897-0d38-4c59-817a-d67a8ba30c67: receive RaftClientReply:client-729EAB8E4297->a9cb8897-0d38-4c59-817a-d67a8ba30c67@group-A55F67FDC954, cid=1403, SUCCESS, logIndex=2016, commits[a9cb8897-0d38-4c59-817a-d67a8ba30c67:c2016, 41e21bac-56c9-465a-a1cc-bc71b3ab473c:c2014, 2bfdf505-3a1f-44eb-9843-3820b2477da1:c2014]
2019-09-05 19:10:36,898 [grpc-default-executor-4] INFO  client.GrpcClientProtocolClient (GrpcClientProtocolClient.java:onNext(255)) - client-729EAB8E4297->a9cb8897-0d38-4c59-817a-d67a8ba30c67: receive RaftClientReply:client-729EAB8E4297->a9cb8897-0d38-4c59-817a-d67a8ba30c67@group-A55F67FDC954, cid=1404, SUCCESS, logIndex=2019, commits[a9cb8897-0d38-4c59-817a-d67a8ba30c67:c2019, 41e21bac-56c9-465a-a1cc-bc71b3ab473c:c2016, 2bfdf505-3a1f-44eb-9843-3820b2477da1:c2016]
2019-09-05 19:10:36,898 [grpc-default-executor-4] INFO  client.GrpcClientProtocolClient (GrpcClientProtocolClient.java:onNext(255)) - client-729EAB8E4297->a9cb8897-0d38-4c59-817a-d67a8ba30c67: receive RaftClientReply:client-729EAB8E4297->a9cb8897-0d38-4c59-817a-d67a8ba30c67@group-A55F67FDC954, cid=1405, SUCCESS, logIndex=2020, commits[a9cb8897-0d38-4c59-817a-d67a8ba30c67:c2020, 41e21bac-56c9-465a-a1cc-bc71b3ab473c:c2016, 2bfdf505-3a1f-44eb-9843-3820b2477da1:c2016]
2019-09-05 19:10:36,911 [grpc-default-executor-4] INFO  client.GrpcClientProtocolClient (GrpcClientProtocolClient.java:onNext(255)) - client-729EAB8E4297->a9cb8897-0d38-4c59-817a-d67a8ba30c67: receive RaftClientReply:client-729EAB8E4297->a9cb8897-0d38-4c59-817a-d67a8ba30c67@group-A55F67FDC954, cid=1406, SUCCESS, logIndex=0, commits[a9cb8897-0d38-4c59-817a-d67a8ba30c67:c2022, 41e21bac-56c9-465a-a1cc-bc71b3ab473c:c2020, 2bfdf505-3a1f-44eb-9843-3820b2477da1:c2020]
2019-09-05 19:10:36,936 [grpc-default-executor-0] INFO  client.GrpcClientProtocolClient (GrpcClientProtocolClient.java:onNext(255)) - client-729EAB8E4297->a9cb8897-0d38-4c59-817a-d67a8ba30c67: receive RaftClientReply:client-729EAB8E4297->a9cb8897-0d38-4c59-817a-d67a8ba30c67@group-A55F67FDC954, cid=1407, SUCCESS, logIndex=2023, commits[a9cb8897-0d38-4c59-817a-d67a8ba30c67:c2024, 41e21bac-56c9-465a-a1cc-bc71b3ab473c:c2022, 2bfdf505-3a1f-44eb-9843-3820b2477da1:c2022]
2019-09-05 19:10:36,937 [grpc-default-executor-0] INFO  client.GrpcClientProtocolClient (GrpcClientProtocolClient.java:onNext(255)) - client-729EAB8E4297->a9cb8897-0d38-4c59-817a-d67a8ba30c67: receive RaftClientReply:client-729EAB8E4297->a9cb8897-0d38-4c59-817a-d67a8ba30c67@group-A55F67FDC954, cid=1408, SUCCESS, logIndex=2024, commits[a9cb8897-0d38-4c59-817a-d67a8ba30c67:c2024, 41e21bac-56c9-465a-a1cc-bc71b3ab473c:c2022, 2bfdf505-3a1f-44eb-9843-3820b2477da1:c2022]
2019-09-05 19:10:36,937 [grpc-default-executor-0] INFO  client.GrpcClientProtocolClient (GrpcClientProtocolClient.java:onNext(255)) - client-729EAB8E4297->a9cb8897-0d38-4c59-817a-d67a8ba30c67: receive RaftClientReply:client-729EAB8E4297->a9cb8897-0d38-4c59-817a-d67a8ba30c67@group-A55F67FDC954, cid=1409, SUCCESS, logIndex=2025, commits[a9cb8897-0d38-4c59-817a-d67a8ba30c67:c2026, 41e21bac-56c9-465a-a1cc-bc71b3ab473c:c2022, 2bfdf505-3a1f-44eb-9843-3820b2477da1:c2022]
2019-09-05 19:10:36,937 [grpc-default-executor-0] INFO  client.GrpcClientProtocolClient (GrpcClientProtocolClient.java:onNext(255)) - client-729EAB8E4297->a9cb8897-0d38-4c59-817a-d67a8ba30c67: receive RaftClientReply:client-729EAB8E4297->a9cb8897-0d38-4c59-817a-d67a8ba30c67@group-A55F67FDC954, cid=1410, SUCCESS, logIndex=2026, commits[a9cb8897-0d38-4c59-817a-d67a8ba30c67:c2026, 41e21bac-56c9-465a-a1cc-bc71b3ab473c:c2022, 2bfdf505-3a1f-44eb-9843-3820b2477da1:c2022]
2019-09-05 19:10:36,938 [grpc-default-executor-1] INFO  client.GrpcClientProtocolClient (GrpcClientProtocolClient.java:onNext(255)) - client-729EAB8E4297->a9cb8897-0d38-4c59-817a-d67a8ba30c67: receive RaftClientReply:client-729EAB8E4297->a9cb8897-0d38-4c59-817a-d67a8ba30c67@group-A55F67FDC954, cid=1411, SUCCESS, logIndex=0, commits[a9cb8897-0d38-4c59-817a-d67a8ba30c67:c2028, 41e21bac-56c9-465a-a1cc-bc71b3ab473c:c2024, 2bfdf505-3a1f-44eb-9843-3820b2477da1:c2024]
2019-09-05 19:10:37,050 [grpc-default-executor-0] INFO  client.GrpcClientProtocolClient (GrpcClientProtocolClient.java:onNext(255)) - client-729EAB8E4297->a9cb8897-0d38-4c59-817a-d67a8ba30c67: receive RaftClientReply:client-729EAB8E4297->a9cb8897-0d38-4c59-817a-d67a8ba30c67@group-A55F67FDC954, cid=1412, SUCCESS, logIndex=2031, commits[a9cb8897-0d38-4c59-817a-d67a8ba30c67:c2032, 41e21bac-56c9-465a-a1cc-bc71b3ab473c:c2030, 2bfdf505-3a1f-44eb-9843-3820b2477da1:c2030]
2019-09-05 19:10:37,051 [grpc-default-executor-0] INFO  client.GrpcClientProtocolClient (GrpcClientProtocolClient.java:onNext(255)) - client-729EAB8E4297->a9cb8897-0d38-4c59-817a-d67a8ba30c67: receive RaftClientReply:client-729EAB8E4297->a9cb8897-0d38-4c59-817a-d67a8ba30c67@group-A55F67FDC954, cid=1413, SUCCESS, logIndex=2032, commits[a9cb8897-0d38-4c59-817a-d67a8ba30c67:c2032, 41e21bac-56c9-465a-a1cc-bc71b3ab473c:c2030, 2bfdf505-3a1f-44eb-9843-3820b2477da1:c2030]
2019-09-05 19:10:37,063 [grpc-default-executor-0] INFO  client.GrpcClientProtocolClient (GrpcClientProtocolClient.java:onNext(255)) - client-729EAB8E4297->a9cb8897-0d38-4c59-817a-d67a8ba30c67: receive RaftClientReply:client-729EAB8E4297->a9cb8897-0d38-4c59-817a-d67a8ba30c67@group-A55F67FDC954, cid=1414, SUCCESS, logIndex=2035, commits[a9cb8897-0d38-4c59-817a-d67a8ba30c67:c2036, 41e21bac-56c9-465a-a1cc-bc71b3ab473c:c2032, 2bfdf505-3a1f-44eb-9843-3820b2477da1:c2032]
2019-09-05 19:10:37,063 [grpc-default-executor-0] INFO  client.GrpcClientProtocolClient (GrpcClientProtocolClient.java:onNext(255)) - client-729EAB8E4297->a9cb8897-0d38-4c59-817a-d67a8ba30c67: receive RaftClientReply:client-729EAB8E4297->a9cb8897-0d38-4c59-817a-d67a8ba30c67@group-A55F67FDC954, cid=1415, SUCCESS, logIndex=2036, commits[a9cb8897-0d38-4c59-817a-d67a8ba30c67:c2036, 41e21bac-56c9-465a-a1cc-bc71b3ab473c:c2032, 2bfdf505-3a1f-44eb-9843-3820b2477da1:c2032]
2019-09-05 19:10:37,074 [grpc-default-executor-0] INFO  client.GrpcClientProtocolClient (GrpcClientProtocolClient.java:onNext(255)) - client-729EAB8E4297->a9cb8897-0d38-4c59-817a-d67a8ba30c67: receive RaftClientReply:client-729EAB8E4297->a9cb8897-0d38-4c59-817a-d67a8ba30c67@group-A55F67FDC954, cid=1416, SUCCESS, logIndex=0, commits[a9cb8897-0d38-4c59-817a-d67a8ba30c67:c2037, 41e21bac-56c9-465a-a1cc-bc71b3ab473c:c2036, 2bfdf505-3a1f-44eb-9843-3820b2477da1:c2036]
2019-09-05 19:10:37,099 [grpc-default-executor-0] INFO  client.GrpcClientProtocolClient (GrpcClientProtocolClient.java:onNext(255)) - client-729EAB8E4297->a9cb8897-0d38-4c59-817a-d67a8ba30c67: receive RaftClientReply:client-729EAB8E4297->a9cb8897-0d38-4c59-817a-d67a8ba30c67@group-A55F67FDC954, cid=1417, SUCCESS, logIndex=2039, commits[a9cb8897-0d38-4c59-817a-d67a8ba30c67:c2040, 41e21bac-56c9-465a-a1cc-bc71b3ab473c:c2038, 2bfdf505-3a1f-44eb-9843-3820b2477da1:c2038]
2019-09-05 19:10:37,100 [grpc-default-executor-4] INFO  client.GrpcClientProtocolClient (GrpcClientProtocolClient.java:onNext(255)) - client-729EAB8E4297->a9cb8897-0d38-4c59-817a-d67a8ba30c67: receive RaftClientReply:client-729EAB8E4297->a9cb8897-0d38-4c59-817a-d67a8ba30c67@group-A55F67FDC954, cid=1418, SUCCESS, logIndex=2040, commits[a9cb8897-0d38-4c59-817a-d67a8ba30c67:c2040, 41e21bac-56c9-465a-a1cc-bc71b3ab473c:c2038, 2bfdf505-3a1f-44eb-9843-3820b2477da1:c2038]
2019-09-05 19:10:37,100 [grpc-default-executor-1] INFO  client.GrpcClientProtocolClient (GrpcClientProtocolClient.java:onNext(255)) - client-729EAB8E4297->a9cb8897-0d38-4c59-817a-d67a8ba30c67: receive RaftClientReply:client-729EAB8E4297->a9cb8897-0d38-4c59-817a-d67a8ba30c67@group-A55F67FDC954, cid=1419, SUCCESS, logIndex=2041, commits[a9cb8897-0d38-4c59-817a-d67a8ba30c67:c2042, 41e21bac-56c9-465a-a1cc-bc71b3ab473c:c2038, 2bfdf505-3a1f-44eb-9843-3820b2477da1:c2038]
2019-09-05 19:10:37,101 [grpc-default-executor-1] INFO  client.GrpcClientProtocolClient (GrpcClientProtocolClient.java:onNext(255)) - client-729EAB8E4297->a9cb8897-0d38-4c59-817a-d67a8ba30c67: receive RaftClientReply:client-729EAB8E4297->a9cb8897-0d38-4c59-817a-d67a8ba30c67@group-A55F67FDC954, cid=1420, SUCCESS, logIndex=2042, commits[a9cb8897-0d38-4c59-817a-d67a8ba30c67:c2042, 41e21bac-56c9-465a-a1cc-bc71b3ab473c:c2038, 2bfdf505-3a1f-44eb-9843-3820b2477da1:c2038]
2019-09-05 19:10:37,101 [grpc-default-executor-4] INFO  client.GrpcClientProtocolClient (GrpcClientProtocolClient.java:onNext(255)) - client-729EAB8E4297->a9cb8897-0d38-4c59-817a-d67a8ba30c67: receive RaftClientReply:client-729EAB8E4297->a9cb8897-0d38-4c59-817a-d67a8ba30c67@group-A55F67FDC954, cid=1421, SUCCESS, logIndex=0, commits[a9cb8897-0d38-4c59-817a-d67a8ba30c67:c2043, 41e21bac-56c9-465a-a1cc-bc71b3ab473c:c2040, 2bfdf505-3a1f-44eb-9843-3820b2477da1:c2040]
2019-09-05 19:10:37,131 [grpc-default-executor-0] INFO  client.GrpcClientProtocolClient (GrpcClientProtocolClient.java:onNext(255)) - client-729EAB8E4297->a9cb8897-0d38-4c59-817a-d67a8ba30c67: receive RaftClientReply:client-729EAB8E4297->a9cb8897-0d38-4c59-817a-d67a8ba30c67@group-A55F67FDC954, cid=1422, SUCCESS, logIndex=2047, commits[a9cb8897-0d38-4c59-817a-d67a8ba30c67:c2048, 41e21bac-56c9-465a-a1cc-bc71b3ab473c:c2046, 2bfdf505-3a1f-44eb-9843-3820b2477da1:c2046]
2019-09-05 19:10:37,132 [grpc-default-executor-0] INFO  client.GrpcClientProtocolClient (GrpcClientProtocolClient.java:onNext(255)) - client-729EAB8E4297->a9cb8897-0d38-4c59-817a-d67a8ba30c67: receive RaftClientReply:client-729EAB8E4297->a9cb8897-0d38-4c59-817a-d67a8ba30c67@group-A55F67FDC954, cid=1423, SUCCESS, logIndex=2048, commits[a9cb8897-0d38-4c59-817a-d67a8ba30c67:c2048, 41e21bac-56c9-465a-a1cc-bc71b3ab473c:c2046, 2bfdf505-3a1f-44eb-9843-3820b2477da1:c2046]
2019-09-05 19:10:37,156 [grpc-default-executor-4] INFO  client.GrpcClientProtocolClient (GrpcClientProtocolClient.java:onNext(255)) - client-729EAB8E4297->a9cb8897-0d38-4c59-817a-d67a8ba30c67: receive RaftClientReply:client-729EAB8E4297->a9cb8897-0d38-4c59-817a-d67a8ba30c67@group-A55F67FDC954, cid=1424, SUCCESS, logIndex=2051, commits[a9cb8897-0d38-4c59-817a-d67a8ba30c67:c2052, 41e21bac-56c9-465a-a1cc-bc71b3ab473c:c2048, 2bfdf505-3a1f-44eb-9843-3820b2477da1:c2048]
2019-09-05 19:10:37,156 [grpc-default-executor-4] INFO  client.GrpcClientProtocolClient (GrpcClientProtocolClient.java:onNext(255)) - client-729EAB8E4297->a9cb8897-0d38-4c59-817a-d67a8ba30c67: receive RaftClientReply:client-729EAB8E4297->a9cb8897-0d38-4c59-817a-d67a8ba30c67@group-A55F67FDC954, cid=1425, SUCCESS, logIndex=2052, commits[a9cb8897-0d38-4c59-817a-d67a8ba30c67:c2052, 41e21bac-56c9-465a-a1cc-bc71b3ab473c:c2048, 2bfdf505-3a1f-44eb-9843-3820b2477da1:c2048]
2019-09-05 19:10:37,167 [grpc-default-executor-1] INFO  client.GrpcClientProtocolClient (GrpcClientProtocolClient.java:onNext(255)) - client-729EAB8E4297->a9cb8897-0d38-4c59-817a-d67a8ba30c67: receive RaftClientReply:client-729EAB8E4297->a9cb8897-0d38-4c59-817a-d67a8ba30c67@group-A55F67FDC954, cid=1426, SUCCESS, logIndex=0, commits[a9cb8897-0d38-4c59-817a-d67a8ba30c67:c2053, 41e21bac-56c9-465a-a1cc-bc71b3ab473c:c2052, 2bfdf505-3a1f-44eb-9843-3820b2477da1:c2052]
2019-09-05 19:10:37,191 [grpc-default-executor-1] INFO  client.GrpcClientProtocolClient (GrpcClientProtocolClient.java:onNext(255)) - client-729EAB8E4297->a9cb8897-0d38-4c59-817a-d67a8ba30c67: receive RaftClientReply:client-729EAB8E4297->a9cb8897-0d38-4c59-817a-d67a8ba30c67@group-A55F67FDC954, cid=1427, SUCCESS, logIndex=2055, commits[a9cb8897-0d38-4c59-817a-d67a8ba30c67:c2058, 41e21bac-56c9-465a-a1cc-bc71b3ab473c:c2054, 2bfdf505-3a1f-44eb-9843-3820b2477da1:c2054]
2019-09-05 19:10:37,192 [grpc-default-executor-1] INFO  client.GrpcClientProtocolClient (GrpcClientProtocolClient.java:onNext(255)) - client-729EAB8E4297->a9cb8897-0d38-4c59-817a-d67a8ba30c67: receive RaftClientReply:client-729EAB8E4297->a9cb8897-0d38-4c59-817a-d67a8ba30c67@group-A55F67FDC954, cid=1428, SUCCESS, logIndex=2056, commits[a9cb8897-0d38-4c59-817a-d67a8ba30c67:c2058, 41e21bac-56c9-465a-a1cc-bc71b3ab473c:c2054, 2bfdf505-3a1f-44eb-9843-3820b2477da1:c2054]
2019-09-05 19:10:37,192 [grpc-default-executor-3] INFO  client.GrpcClientProtocolClient (GrpcClientProtocolClient.java:onNext(255)) - client-729EAB8E4297->a9cb8897-0d38-4c59-817a-d67a8ba30c67: receive RaftClientReply:client-729EAB8E4297->a9cb8897-0d38-4c59-817a-d67a8ba30c67@group-A55F67FDC954, cid=1429, SUCCESS, logIndex=2057, commits[a9cb8897-0d38-4c59-817a-d67a8ba30c67:c2058, 41e21bac-56c9-465a-a1cc-bc71b3ab473c:c2054, 2bfdf505-3a1f-44eb-9843-3820b2477da1:c2054]
2019-09-05 19:10:37,192 [grpc-default-executor-3] INFO  client.GrpcClientProtocolClient (GrpcClientProtocolClient.java:onNext(255)) - client-729EAB8E4297->a9cb8897-0d38-4c59-817a-d67a8ba30c67: receive RaftClientReply:client-729EAB8E4297->a9cb8897-0d38-4c59-817a-d67a8ba30c67@group-A55F67FDC954, cid=1430, SUCCESS, logIndex=2058, commits[a9cb8897-0d38-4c59-817a-d67a8ba30c67:c2059, 41e21bac-56c9-465a-a1cc-bc71b3ab473c:c2055, 2bfdf505-3a1f-44eb-9843-3820b2477da1:c2055]
2019-09-05 19:10:37,194 [grpc-default-executor-1] INFO  client.GrpcClientProtocolClient (GrpcClientProtocolClient.java:onNext(255)) - client-729EAB8E4297->a9cb8897-0d38-4c59-817a-d67a8ba30c67: receive RaftClientReply:client-729EAB8E4297->a9cb8897-0d38-4c59-817a-d67a8ba30c67@group-A55F67FDC954, cid=1431, SUCCESS, logIndex=0, commits[a9cb8897-0d38-4c59-817a-d67a8ba30c67:c2061, 41e21bac-56c9-465a-a1cc-bc71b3ab473c:c2057, 2bfdf505-3a1f-44eb-9843-3820b2477da1:c2056]
2019-09-05 19:10:37,212 [grpc-default-executor-3] INFO  client.GrpcClientProtocolClient (GrpcClientProtocolClient.java:onNext(255)) - client-729EAB8E4297->a9cb8897-0d38-4c59-817a-d67a8ba30c67: receive RaftClientReply:client-729EAB8E4297->a9cb8897-0d38-4c59-817a-d67a8ba30c67@group-A55F67FDC954, cid=1432, SUCCESS, logIndex=2063, commits[a9cb8897-0d38-4c59-817a-d67a8ba30c67:c2064, 41e21bac-56c9-465a-a1cc-bc71b3ab473c:c2062, 2bfdf505-3a1f-44eb-9843-3820b2477da1:c2062]
2019-09-05 19:10:37,212 [grpc-default-executor-3] INFO  client.GrpcClientProtocolClient (GrpcClientProtocolClient.java:onNext(255)) - client-729EAB8E4297->a9cb8897-0d38-4c59-817a-d67a8ba30c67: receive RaftClientReply:client-729EAB8E4297->a9cb8897-0d38-4c59-817a-d67a8ba30c67@group-A55F67FDC954, cid=1433, SUCCESS, logIndex=2064, commits[a9cb8897-0d38-4c59-817a-d67a8ba30c67:c2064, 41e21bac-56c9-465a-a1cc-bc71b3ab473c:c2062, 2bfdf505-3a1f-44eb-9843-3820b2477da1:c2062]
2019-09-05 19:10:37,225 [grpc-default-executor-3] INFO  client.GrpcClientProtocolClient (GrpcClientProtocolClient.java:onNext(255)) - client-729EAB8E4297->a9cb8897-0d38-4c59-817a-d67a8ba30c67: receive RaftClientReply:client-729EAB8E4297->a9cb8897-0d38-4c59-817a-d67a8ba30c67@group-A55F67FDC954, cid=1434, SUCCESS, logIndex=2067, commits[a9cb8897-0d38-4c59-817a-d67a8ba30c67:c2068, 41e21bac-56c9-465a-a1cc-bc71b3ab473c:c2064, 2bfdf505-3a1f-44eb-9843-3820b2477da1:c2064]
2019-09-05 19:10:37,225 [grpc-default-executor-3] INFO  client.GrpcClientProtocolClient (GrpcClientProtocolClient.java:onNext(255)) - client-729EAB8E4297->a9cb8897-0d38-4c59-817a-d67a8ba30c67: receive RaftClientReply:client-729EAB8E4297->a9cb8897-0d38-4c59-817a-d67a8ba30c67@group-A55F67FDC954, cid=1435, SUCCESS, logIndex=2068, commits[a9cb8897-0d38-4c59-817a-d67a8ba30c67:c2068, 41e21bac-56c9-465a-a1cc-bc71b3ab473c:c2064, 2bfdf505-3a1f-44eb-9843-3820b2477da1:c2064]
2019-09-05 19:10:37,236 [grpc-default-executor-3] INFO  client.GrpcClientProtocolClient (GrpcClientProtocolClient.java:onNext(255)) - client-729EAB8E4297->a9cb8897-0d38-4c59-817a-d67a8ba30c67: receive RaftClientReply:client-729EAB8E4297->a9cb8897-0d38-4c59-817a-d67a8ba30c67@group-A55F67FDC954, cid=1436, SUCCESS, logIndex=0, commits[a9cb8897-0d38-4c59-817a-d67a8ba30c67:c2069, 41e21bac-56c9-465a-a1cc-bc71b3ab473c:c2068, 2bfdf505-3a1f-44eb-9843-3820b2477da1:c2068]
2019-09-05 19:10:37,259 [grpc-default-executor-1] INFO  client.GrpcClientProtocolClient (GrpcClientProtocolClient.java:onNext(255)) - client-729EAB8E4297->a9cb8897-0d38-4c59-817a-d67a8ba30c67: receive RaftClientReply:client-729EAB8E4297->a9cb8897-0d38-4c59-817a-d67a8ba30c67@group-A55F67FDC954, cid=1437, SUCCESS, logIndex=2071, commits[a9cb8897-0d38-4c59-817a-d67a8ba30c67:c2072, 41e21bac-56c9-465a-a1cc-bc71b3ab473c:c2070, 2bfdf505-3a1f-44eb-9843-3820b2477da1:c2070]
2019-09-05 19:10:37,260 [grpc-default-executor-1] INFO  client.GrpcClientProtocolClient (GrpcClientProtocolClient.java:onNext(255)) - client-729EAB8E4297->a9cb8897-0d38-4c59-817a-d67a8ba30c67: receive RaftClientReply:client-729EAB8E4297->a9cb8897-0d38-4c59-817a-d67a8ba30c67@group-A55F67FDC954, cid=1438, SUCCESS, logIndex=2072, commits[a9cb8897-0d38-4c59-817a-d67a8ba30c67:c2072, 41e21bac-56c9-465a-a1cc-bc71b3ab473c:c2070, 2bfdf505-3a1f-44eb-9843-3820b2477da1:c2070]
2019-09-05 19:10:37,260 [grpc-default-executor-1] INFO  client.GrpcClientProtocolClient (GrpcClientProtocolClient.java:onNext(255)) - client-729EAB8E4297->a9cb8897-0d38-4c59-817a-d67a8ba30c67: receive RaftClientReply:client-729EAB8E4297->a9cb8897-0d38-4c59-817a-d67a8ba30c67@group-A55F67FDC954, cid=1439, SUCCESS, logIndex=2073, commits[a9cb8897-0d38-4c59-817a-d67a8ba30c67:c2073, 41e21bac-56c9-465a-a1cc-bc71b3ab473c:c2070, 2bfdf505-3a1f-44eb-9843-3820b2477da1:c2070]
2019-09-05 19:10:37,260 [grpc-default-executor-1] INFO  client.GrpcClientProtocolClient (GrpcClientProtocolClient.java:onNext(255)) - client-729EAB8E4297->a9cb8897-0d38-4c59-817a-d67a8ba30c67: receive RaftClientReply:client-729EAB8E4297->a9cb8897-0d38-4c59-817a-d67a8ba30c67@group-A55F67FDC954, cid=1440, SUCCESS, logIndex=2074, commits[a9cb8897-0d38-4c59-817a-d67a8ba30c67:c2074, 41e21bac-56c9-465a-a1cc-bc71b3ab473c:c2070, 2bfdf505-3a1f-44eb-9843-3820b2477da1:c2070]
2019-09-05 19:10:37,262 [grpc-default-executor-1] INFO  client.GrpcClientProtocolClient (GrpcClientProtocolClient.java:onNext(255)) - client-729EAB8E4297->a9cb8897-0d38-4c59-817a-d67a8ba30c67: receive RaftClientReply:client-729EAB8E4297->a9cb8897-0d38-4c59-817a-d67a8ba30c67@group-A55F67FDC954, cid=1441, SUCCESS, logIndex=0, commits[a9cb8897-0d38-4c59-817a-d67a8ba30c67:c2076, 41e21bac-56c9-465a-a1cc-bc71b3ab473c:c2072, 2bfdf505-3a1f-44eb-9843-3820b2477da1:c2072]
2019-09-05 19:10:37,280 [grpc-default-executor-3] INFO  client.GrpcClientProtocolClient (GrpcClientProtocolClient.java:onNext(255)) - client-729EAB8E4297->a9cb8897-0d38-4c59-817a-d67a8ba30c67: receive RaftClientReply:client-729EAB8E4297->a9cb8897-0d38-4c59-817a-d67a8ba30c67@group-A55F67FDC954, cid=1442, SUCCESS, logIndex=2079, commits[a9cb8897-0d38-4c59-817a-d67a8ba30c67:c2080, 41e21bac-56c9-465a-a1cc-bc71b3ab473c:c2078, 2bfdf505-3a1f-44eb-9843-3820b2477da1:c2078]
2019-09-05 19:10:37,280 [grpc-default-executor-3] INFO  client.GrpcClientProtocolClient (GrpcClientProtocolClient.java:onNext(255)) - client-729EAB8E4297->a9cb8897-0d38-4c59-817a-d67a8ba30c67: receive RaftClientReply:client-729EAB8E4297->a9cb8897-0d38-4c59-817a-d67a8ba30c67@group-A55F67FDC954, cid=1443, SUCCESS, logIndex=2080, commits[a9cb8897-0d38-4c59-817a-d67a8ba30c67:c2080, 41e21bac-56c9-465a-a1cc-bc71b3ab473c:c2078, 2bfdf505-3a1f-44eb-9843-3820b2477da1:c2078]
2019-09-05 19:10:37,293 [grpc-default-executor-4] INFO  client.GrpcClientProtocolClient (GrpcClientProtocolClient.java:onNext(255)) - client-729EAB8E4297->a9cb8897-0d38-4c59-817a-d67a8ba30c67: receive RaftClientReply:client-729EAB8E4297->a9cb8897-0d38-4c59-817a-d67a8ba30c67@group-A55F67FDC954, cid=1444, SUCCESS, logIndex=2083, commits[a9cb8897-0d38-4c59-817a-d67a8ba30c67:c2084, 41e21bac-56c9-465a-a1cc-bc71b3ab473c:c2080, 2bfdf505-3a1f-44eb-9843-3820b2477da1:c2080]
2019-09-05 19:10:37,293 [grpc-default-executor-4] INFO  client.GrpcClientProtocolClient (GrpcClientProtocolClient.java:onNext(255)) - client-729EAB8E4297->a9cb8897-0d38-4c59-817a-d67a8ba30c67: receive RaftClientReply:client-729EAB8E4297->a9cb8897-0d38-4c59-817a-d67a8ba30c67@group-A55F67FDC954, cid=1445, SUCCESS, logIndex=2084, commits[a9cb8897-0d38-4c59-817a-d67a8ba30c67:c2084, 41e21bac-56c9-465a-a1cc-bc71b3ab473c:c2080, 2bfdf505-3a1f-44eb-9843-3820b2477da1:c2080]
2019-09-05 19:10:37,305 [grpc-default-executor-4] INFO  client.GrpcClientProtocolClient (GrpcClientProtocolClient.java:onNext(255)) - client-729EAB8E4297->a9cb8897-0d38-4c59-817a-d67a8ba30c67: receive RaftClientReply:client-729EAB8E4297->a9cb8897-0d38-4c59-817a-d67a8ba30c67@group-A55F67FDC954, cid=1446, SUCCESS, logIndex=0, commits[a9cb8897-0d38-4c59-817a-d67a8ba30c67:c2085, 41e21bac-56c9-465a-a1cc-bc71b3ab473c:c2084, 2bfdf505-3a1f-44eb-9843-3820b2477da1:c2084]
2019-09-05 19:10:37,330 [grpc-default-executor-3] INFO  client.GrpcClientProtocolClient (GrpcClientProtocolClient.java:onNext(255)) - client-729EAB8E4297->a9cb8897-0d38-4c59-817a-d67a8ba30c67: receive RaftClientReply:client-729EAB8E4297->a9cb8897-0d38-4c59-817a-d67a8ba30c67@group-A55F67FDC954, cid=1447, SUCCESS, logIndex=2087, commits[a9cb8897-0d38-4c59-817a-d67a8ba30c67:c2088, 41e21bac-56c9-465a-a1cc-bc71b3ab473c:c2086, 2bfdf505-3a1f-44eb-9843-3820b2477da1:c2086]
2019-09-05 19:10:37,330 [grpc-default-executor-3] INFO  client.GrpcClientProtocolClient (GrpcClientProtocolClient.java:onNext(255)) - client-729EAB8E4297->a9cb8897-0d38-4c59-817a-d67a8ba30c67: receive RaftClientReply:client-729EAB8E4297->a9cb8897-0d38-4c59-817a-d67a8ba30c67@group-A55F67FDC954, cid=1448, SUCCESS, logIndex=2088, commits[a9cb8897-0d38-4c59-817a-d67a8ba30c67:c2088, 41e21bac-56c9-465a-a1cc-bc71b3ab473c:c2086, 2bfdf505-3a1f-44eb-9843-3820b2477da1:c2086]
2019-09-05 19:10:37,330 [grpc-default-executor-3] INFO  client.GrpcClientProtocolClient (GrpcClientProtocolClient.java:onNext(255)) - client-729EAB8E4297->a9cb8897-0d38-4c59-817a-d67a8ba30c67: receive RaftClientReply:client-729EAB8E4297->a9cb8897-0d38-4c59-817a-d67a8ba30c67@group-A55F67FDC954, cid=1449, SUCCESS, logIndex=2089, commits[a9cb8897-0d38-4c59-817a-d67a8ba30c67:c2089, 41e21bac-56c9-465a-a1cc-bc71b3ab473c:c2086, 2bfdf505-3a1f-44eb-9843-3820b2477da1:c2086]
2019-09-05 19:10:37,331 [grpc-default-executor-3] INFO  client.GrpcClientProtocolClient (GrpcClientProtocolClient.java:onNext(255)) - client-729EAB8E4297->a9cb8897-0d38-4c59-817a-d67a8ba30c67: receive RaftClientReply:client-729EAB8E4297->a9cb8897-0d38-4c59-817a-d67a8ba30c67@group-A55F67FDC954, cid=1450, SUCCESS, logIndex=2090, commits[a9cb8897-0d38-4c59-817a-d67a8ba30c67:c2090, 41e21bac-56c9-465a-a1cc-bc71b3ab473c:c2086, 2bfdf505-3a1f-44eb-9843-3820b2477da1:c2086]
2019-09-05 19:10:37,331 [grpc-default-executor-1] INFO  client.GrpcClientProtocolClient (GrpcClientProtocolClient.java:onNext(255)) - client-729EAB8E4297->a9cb8897-0d38-4c59-817a-d67a8ba30c67: receive RaftClientReply:client-729EAB8E4297->a9cb8897-0d38-4c59-817a-d67a8ba30c67@group-A55F67FDC954, cid=1451, SUCCESS, logIndex=0, commits[a9cb8897-0d38-4c59-817a-d67a8ba30c67:c2092, 41e21bac-56c9-465a-a1cc-bc71b3ab473c:c2088, 2bfdf505-3a1f-44eb-9843-3820b2477da1:c2088]
 0.00% |█                                                                                                    |  0/1 Time: 0:00:112019-09-05 19:10:37,349 [grpc-default-executor-3] INFO  client.GrpcClientProtocolClient (GrpcClientProtocolClient.java:onNext(255)) - client-729EAB8E4297->a9cb8897-0d38-4c59-817a-d67a8ba30c67: receive RaftClientReply:client-729EAB8E4297->a9cb8897-0d38-4c59-817a-d67a8ba30c67@group-A55F67FDC954, cid=1452, SUCCESS, logIndex=2095, commits[a9cb8897-0d38-4c59-817a-d67a8ba30c67:c2096, 41e21bac-56c9-465a-a1cc-bc71b3ab473c:c2094, 2bfdf505-3a1f-44eb-9843-3820b2477da1:c2094]
2019-09-05 19:10:37,350 [grpc-default-executor-3] INFO  client.GrpcClientProtocolClient (GrpcClientProtocolClient.java:onNext(255)) - client-729EAB8E4297->a9cb8897-0d38-4c59-817a-d67a8ba30c67: receive RaftClientReply:client-729EAB8E4297->a9cb8897-0d38-4c59-817a-d67a8ba30c67@group-A55F67FDC954, cid=1453, SUCCESS, logIndex=2096, commits[a9cb8897-0d38-4c59-817a-d67a8ba30c67:c2096, 41e21bac-56c9-465a-a1cc-bc71b3ab473c:c2094, 2bfdf505-3a1f-44eb-9843-3820b2477da1:c2094]
2019-09-05 19:10:37,370 [grpc-default-executor-3] INFO  client.GrpcClientProtocolClient (GrpcClientProtocolClient.java:onNext(255)) - client-729EAB8E4297->a9cb8897-0d38-4c59-817a-d67a8ba30c67: receive RaftClientReply:client-729EAB8E4297->a9cb8897-0d38-4c59-817a-d67a8ba30c67@group-A55F67FDC954, cid=1454, SUCCESS, logIndex=2099, commits[a9cb8897-0d38-4c59-817a-d67a8ba30c67:c2100, 41e21bac-56c9-465a-a1cc-bc71b3ab473c:c2096, 2bfdf505-3a1f-44eb-9843-3820b2477da1:c2096]
2019-09-05 19:10:37,370 [grpc-default-executor-3] INFO  client.GrpcClientProtocolClient (GrpcClientProtocolClient.java:onNext(255)) - client-729EAB8E4297->a9cb8897-0d38-4c59-817a-d67a8ba30c67: receive RaftClientReply:client-729EAB8E4297->a9cb8897-0d38-4c59-817a-d67a8ba30c67@group-A55F67FDC954, cid=1455, SUCCESS, logIndex=2100, commits[a9cb8897-0d38-4c59-817a-d67a8ba30c67:c2100, 41e21bac-56c9-465a-a1cc-bc71b3ab473c:c2096, 2bfdf505-3a1f-44eb-9843-3820b2477da1:c2096]
2019-09-05 19:10:37,383 [grpc-default-executor-3] INFO  client.GrpcClientProtocolClient (GrpcClientProtocolClient.java:onNext(255)) - client-729EAB8E4297->a9cb8897-0d38-4c59-817a-d67a8ba30c67: receive RaftClientReply:client-729EAB8E4297->a9cb8897-0d38-4c59-817a-d67a8ba30c67@group-A55F67FDC954, cid=1456, SUCCESS, logIndex=0, commits[a9cb8897-0d38-4c59-817a-d67a8ba30c67:c2102, 41e21bac-56c9-465a-a1cc-bc71b3ab473c:c2100, 2bfdf505-3a1f-44eb-9843-3820b2477da1:c2100]
2019-09-05 19:10:37,407 [grpc-default-executor-1] INFO  client.GrpcClientProtocolClient (GrpcClientProtocolClient.java:onNext(255)) - client-729EAB8E4297->a9cb8897-0d38-4c59-817a-d67a8ba30c67: receive RaftClientReply:client-729EAB8E4297->a9cb8897-0d38-4c59-817a-d67a8ba30c67@group-A55F67FDC954, cid=1457, SUCCESS, logIndex=2103, commits[a9cb8897-0d38-4c59-817a-d67a8ba30c67:c2104, 41e21bac-56c9-465a-a1cc-bc71b3ab473c:c2102, 2bfdf505-3a1f-44eb-9843-3820b2477da1:c2102]
2019-09-05 19:10:37,408 [grpc-default-executor-1] INFO  client.GrpcClientProtocolClient (GrpcClientProtocolClient.java:onNext(255)) - client-729EAB8E4297->a9cb8897-0d38-4c59-817a-d67a8ba30c67: receive RaftClientReply:client-729EAB8E4297->a9cb8897-0d38-4c59-817a-d67a8ba30c67@group-A55F67FDC954, cid=1458, SUCCESS, logIndex=2104, commits[a9cb8897-0d38-4c59-817a-d67a8ba30c67:c2104, 41e21bac-56c9-465a-a1cc-bc71b3ab473c:c2102, 2bfdf505-3a1f-44eb-9843-3820b2477da1:c2102]
2019-09-05 19:10:37,408 [grpc-default-executor-0] INFO  client.GrpcClientProtocolClient (GrpcClientProtocolClient.java:onNext(255)) - client-729EAB8E4297->a9cb8897-0d38-4c59-817a-d67a8ba30c67: receive RaftClientReply:client-729EAB8E4297->a9cb8897-0d38-4c59-817a-d67a8ba30c67@group-A55F67FDC954, cid=1459, SUCCESS, logIndex=2105, commits[a9cb8897-0d38-4c59-817a-d67a8ba30c67:c2106, 41e21bac-56c9-465a-a1cc-bc71b3ab473c:c2102, 2bfdf505-3a1f-44eb-9843-3820b2477da1:c2102]
2019-09-05 19:10:37,408 [grpc-default-executor-0] INFO  client.GrpcClientProtocolClient (GrpcClientProtocolClient.java:onNext(255)) - client-729EAB8E4297->a9cb8897-0d38-4c59-817a-d67a8ba30c67: receive RaftClientReply:client-729EAB8E4297->a9cb8897-0d38-4c59-817a-d67a8ba30c67@group-A55F67FDC954, cid=1460, SUCCESS, logIndex=2106, commits[a9cb8897-0d38-4c59-817a-d67a8ba30c67:c2106, 41e21bac-56c9-465a-a1cc-bc71b3ab473c:c2102, 2bfdf505-3a1f-44eb-9843-3820b2477da1:c2102]
2019-09-05 19:10:37,410 [grpc-default-executor-0] INFO  client.GrpcClientProtocolClient (GrpcClientProtocolClient.java:onNext(255)) - client-729EAB8E4297->a9cb8897-0d38-4c59-817a-d67a8ba30c67: receive RaftClientReply:client-729EAB8E4297->a9cb8897-0d38-4c59-817a-d67a8ba30c67@group-A55F67FDC954, cid=1461, SUCCESS, logIndex=0, commits[a9cb8897-0d38-4c59-817a-d67a8ba30c67:c2108, 41e21bac-56c9-465a-a1cc-bc71b3ab473c:c2104, 2bfdf505-3a1f-44eb-9843-3820b2477da1:c2104]
2019-09-05 19:10:37,428 [grpc-default-executor-3] INFO  client.GrpcClientProtocolClient (GrpcClientProtocolClient.java:onNext(255)) - client-729EAB8E4297->a9cb8897-0d38-4c59-817a-d67a8ba30c67: receive RaftClientReply:client-729EAB8E4297->a9cb8897-0d38-4c59-817a-d67a8ba30c67@group-A55F67FDC954, cid=1462, SUCCESS, logIndex=2111, commits[a9cb8897-0d38-4c59-817a-d67a8ba30c67:c2112, 41e21bac-56c9-465a-a1cc-bc71b3ab473c:c2110, 2bfdf505-3a1f-44eb-9843-3820b2477da1:c2110]
2019-09-05 19:10:37,429 [grpc-default-executor-3] INFO  client.GrpcClientProtocolClient (GrpcClientProtocolClient.java:onNext(255)) - client-729EAB8E4297->a9cb8897-0d38-4c59-817a-d67a8ba30c67: receive RaftClientReply:client-729EAB8E4297->a9cb8897-0d38-4c59-817a-d67a8ba30c67@group-A55F67FDC954, cid=1463, SUCCESS, logIndex=2112, commits[a9cb8897-0d38-4c59-817a-d67a8ba30c67:c2112, 41e21bac-56c9-465a-a1cc-bc71b3ab473c:c2110, 2bfdf505-3a1f-44eb-9843-3820b2477da1:c2110]
2019-09-05 19:10:37,441 [grpc-default-executor-1] INFO  client.GrpcClientProtocolClient (GrpcClientProtocolClient.java:onNext(255)) - client-729EAB8E4297->a9cb8897-0d38-4c59-817a-d67a8ba30c67: receive RaftClientReply:client-729EAB8E4297->a9cb8897-0d38-4c59-817a-d67a8ba30c67@group-A55F67FDC954, cid=1464, SUCCESS, logIndex=2115, commits[a9cb8897-0d38-4c59-817a-d67a8ba30c67:c2116, 41e21bac-56c9-465a-a1cc-bc71b3ab473c:c2112, 2bfdf505-3a1f-44eb-9843-3820b2477da1:c2112]
2019-09-05 19:10:37,442 [grpc-default-executor-1] INFO  client.GrpcClientProtocolClient (GrpcClientProtocolClient.java:onNext(255)) - client-729EAB8E4297->a9cb8897-0d38-4c59-817a-d67a8ba30c67: receive RaftClientReply:client-729EAB8E4297->a9cb8897-0d38-4c59-817a-d67a8ba30c67@group-A55F67FDC954, cid=1465, SUCCESS, logIndex=2116, commits[a9cb8897-0d38-4c59-817a-d67a8ba30c67:c2116, 41e21bac-56c9-465a-a1cc-bc71b3ab473c:c2112, 2bfdf505-3a1f-44eb-9843-3820b2477da1:c2112]
2019-09-05 19:10:37,455 [grpc-default-executor-1] INFO  client.GrpcClientProtocolClient (GrpcClientProtocolClient.java:onNext(255)) - client-729EAB8E4297->a9cb8897-0d38-4c59-817a-d67a8ba30c67: receive RaftClientReply:client-729EAB8E4297->a9cb8897-0d38-4c59-817a-d67a8ba30c67@group-A55F67FDC954, cid=1466, SUCCESS, logIndex=0, commits[a9cb8897-0d38-4c59-817a-d67a8ba30c67:c2118, 41e21bac-56c9-465a-a1cc-bc71b3ab473c:c2116, 2bfdf505-3a1f-44eb-9843-3820b2477da1:c2116]
2019-09-05 19:10:37,480 [grpc-default-executor-1] INFO  client.GrpcClientProtocolClient (GrpcClientProtocolClient.java:onNext(255)) - client-729EAB8E4297->a9cb8897-0d38-4c59-817a-d67a8ba30c67: receive RaftClientReply:client-729EAB8E4297->a9cb8897-0d38-4c59-817a-d67a8ba30c67@group-A55F67FDC954, cid=1467, SUCCESS, logIndex=2119, commits[a9cb8897-0d38-4c59-817a-d67a8ba30c67:c2122, 41e21bac-56c9-465a-a1cc-bc71b3ab473c:c2118, 2bfdf505-3a1f-44eb-9843-3820b2477da1:c2118]
2019-09-05 19:10:37,481 [grpc-default-executor-0] INFO  client.GrpcClientProtocolClient (GrpcClientProtocolClient.java:onNext(255)) - client-729EAB8E4297->a9cb8897-0d38-4c59-817a-d67a8ba30c67: receive RaftClientReply:client-729EAB8E4297->a9cb8897-0d38-4c59-817a-d67a8ba30c67@group-A55F67FDC954, cid=1468, SUCCESS, logIndex=2120, commits[a9cb8897-0d38-4c59-817a-d67a8ba30c67:c2122, 41e21bac-56c9-465a-a1cc-bc71b3ab473c:c2118, 2bfdf505-3a1f-44eb-9843-3820b2477da1:c2118]
2019-09-05 19:10:37,481 [grpc-default-executor-0] INFO  client.GrpcClientProtocolClient (GrpcClientProtocolClient.java:onNext(255)) - client-729EAB8E4297->a9cb8897-0d38-4c59-817a-d67a8ba30c67: receive RaftClientReply:client-729EAB8E4297->a9cb8897-0d38-4c59-817a-d67a8ba30c67@group-A55F67FDC954, cid=1469, SUCCESS, logIndex=2121, commits[a9cb8897-0d38-4c59-817a-d67a8ba30c67:c2122, 41e21bac-56c9-465a-a1cc-bc71b3ab473c:c2118, 2bfdf505-3a1f-44eb-9843-3820b2477da1:c2118]
2019-09-05 19:10:37,481 [grpc-default-executor-0] INFO  client.GrpcClientProtocolClient (GrpcClientProtocolClient.java:onNext(255)) - client-729EAB8E4297->a9cb8897-0d38-4c59-817a-d67a8ba30c67: receive RaftClientReply:client-729EAB8E4297->a9cb8897-0d38-4c59-817a-d67a8ba30c67@group-A55F67FDC954, cid=1470, SUCCESS, logIndex=2122, commits[a9cb8897-0d38-4c59-817a-d67a8ba30c67:c2122, 41e21bac-56c9-465a-a1cc-bc71b3ab473c:c2118, 2bfdf505-3a1f-44eb-9843-3820b2477da1:c2118]
2019-09-05 19:10:37,482 [grpc-default-executor-1] INFO  client.GrpcClientProtocolClient (GrpcClientProtocolClient.java:onNext(255)) - client-729EAB8E4297->a9cb8897-0d38-4c59-817a-d67a8ba30c67: receive RaftClientReply:client-729EAB8E4297->a9cb8897-0d38-4c59-817a-d67a8ba30c67@group-A55F67FDC954, cid=1471, SUCCESS, logIndex=0, commits[a9cb8897-0d38-4c59-817a-d67a8ba30c67:c2123, 41e21bac-56c9-465a-a1cc-bc71b3ab473c:c2120, 2bfdf505-3a1f-44eb-9843-3820b2477da1:c2120]
2019-09-05 19:10:37,501 [grpc-default-executor-1] INFO  client.GrpcClientProtocolClient (GrpcClientProtocolClient.java:onNext(255)) - client-729EAB8E4297->a9cb8897-0d38-4c59-817a-d67a8ba30c67: receive RaftClientReply:client-729EAB8E4297->a9cb8897-0d38-4c59-817a-d67a8ba30c67@group-A55F67FDC954, cid=1472, SUCCESS, logIndex=2127, commits[a9cb8897-0d38-4c59-817a-d67a8ba30c67:c2128, 41e21bac-56c9-465a-a1cc-bc71b3ab473c:c2126, 2bfdf505-3a1f-44eb-9843-3820b2477da1:c2126]
2019-09-05 19:10:37,501 [grpc-default-executor-1] INFO  client.GrpcClientProtocolClient (GrpcClientProtocolClient.java:onNext(255)) - client-729EAB8E4297->a9cb8897-0d38-4c59-817a-d67a8ba30c67: receive RaftClientReply:client-729EAB8E4297->a9cb8897-0d38-4c59-817a-d67a8ba30c67@group-A55F67FDC954, cid=1473, SUCCESS, logIndex=2128, commits[a9cb8897-0d38-4c59-817a-d67a8ba30c67:c2128, 41e21bac-56c9-465a-a1cc-bc71b3ab473c:c2126, 2bfdf505-3a1f-44eb-9843-3820b2477da1:c2126]
2019-09-05 19:10:37,514 [grpc-default-executor-0] INFO  client.GrpcClientProtocolClient (GrpcClientProtocolClient.java:onNext(255)) - client-729EAB8E4297->a9cb8897-0d38-4c59-817a-d67a8ba30c67: receive RaftClientReply:client-729EAB8E4297->a9cb8897-0d38-4c59-817a-d67a8ba30c67@group-A55F67FDC954, cid=1474, SUCCESS, logIndex=2131, commits[a9cb8897-0d38-4c59-817a-d67a8ba30c67:c2132, 41e21bac-56c9-465a-a1cc-bc71b3ab473c:c2128, 2bfdf505-3a1f-44eb-9843-3820b2477da1:c2128]
2019-09-05 19:10:37,514 [grpc-default-executor-0] INFO  client.GrpcClientProtocolClient (GrpcClientProtocolClient.java:onNext(255)) - client-729EAB8E4297->a9cb8897-0d38-4c59-817a-d67a8ba30c67: receive RaftClientReply:client-729EAB8E4297->a9cb8897-0d38-4c59-817a-d67a8ba30c67@group-A55F67FDC954, cid=1475, SUCCESS, logIndex=2132, commits[a9cb8897-0d38-4c59-817a-d67a8ba30c67:c2132, 41e21bac-56c9-465a-a1cc-bc71b3ab473c:c2128, 2bfdf505-3a1f-44eb-9843-3820b2477da1:c2128]
2019-09-05 19:10:37,526 [grpc-default-executor-0] INFO  client.GrpcClientProtocolClient (GrpcClientProtocolClient.java:onNext(255)) - client-729EAB8E4297->a9cb8897-0d38-4c59-817a-d67a8ba30c67: receive RaftClientReply:client-729EAB8E4297->a9cb8897-0d38-4c59-817a-d67a8ba30c67@group-A55F67FDC954, cid=1476, SUCCESS, logIndex=0, commits[a9cb8897-0d38-4c59-817a-d67a8ba30c67:c2134, 41e21bac-56c9-465a-a1cc-bc71b3ab473c:c2132, 2bfdf505-3a1f-44eb-9843-3820b2477da1:c2132]
2019-09-05 19:10:37,551 [grpc-default-executor-3] INFO  client.GrpcClientProtocolClient (GrpcClientProtocolClient.java:onNext(255)) - client-729EAB8E4297->a9cb8897-0d38-4c59-817a-d67a8ba30c67: receive RaftClientReply:client-729EAB8E4297->a9cb8897-0d38-4c59-817a-d67a8ba30c67@group-A55F67FDC954, cid=1477, SUCCESS, logIndex=2135, commits[a9cb8897-0d38-4c59-817a-d67a8ba30c67:c2136, 41e21bac-56c9-465a-a1cc-bc71b3ab473c:c2134, 2bfdf505-3a1f-44eb-9843-3820b2477da1:c2134]
2019-09-05 19:10:37,551 [grpc-default-executor-2] INFO  client.GrpcClientProtocolClient (GrpcClientProtocolClient.java:onNext(255)) - client-729EAB8E4297->a9cb8897-0d38-4c59-817a-d67a8ba30c67: receive RaftClientReply:client-729EAB8E4297->a9cb8897-0d38-4c59-817a-d67a8ba30c67@group-A55F67FDC954, cid=1478, SUCCESS, logIndex=2136, commits[a9cb8897-0d38-4c59-817a-d67a8ba30c67:c2136, 41e21bac-56c9-465a-a1cc-bc71b3ab473c:c2134, 2bfdf505-3a1f-44eb-9843-3820b2477da1:c2134]
2019-09-05 19:10:37,552 [grpc-default-executor-1] INFO  client.GrpcClientProtocolClient (GrpcClientProtocolClient.java:onNext(255)) - client-729EAB8E4297->a9cb8897-0d38-4c59-817a-d67a8ba30c67: receive RaftClientReply:client-729EAB8E4297->a9cb8897-0d38-4c59-817a-d67a8ba30c67@group-A55F67FDC954, cid=1479, SUCCESS, logIndex=2137, commits[a9cb8897-0d38-4c59-817a-d67a8ba30c67:c2138, 41e21bac-56c9-465a-a1cc-bc71b3ab473c:c2134, 2bfdf505-3a1f-44eb-9843-3820b2477da1:c2134]
2019-09-05 19:10:37,552 [grpc-default-executor-1] INFO  client.GrpcClientProtocolClient (GrpcClientProtocolClient.java:onNext(255)) - client-729EAB8E4297->a9cb8897-0d38-4c59-817a-d67a8ba30c67: receive RaftClientReply:client-729EAB8E4297->a9cb8897-0d38-4c59-817a-d67a8ba30c67@group-A55F67FDC954, cid=1480, SUCCESS, logIndex=2138, commits[a9cb8897-0d38-4c59-817a-d67a8ba30c67:c2138, 41e21bac-56c9-465a-a1cc-bc71b3ab473c:c2134, 2bfdf505-3a1f-44eb-9843-3820b2477da1:c2134]
2019-09-05 19:10:37,553 [grpc-default-executor-1] INFO  client.GrpcClientProtocolClient (GrpcClientProtocolClient.java:onNext(255)) - client-729EAB8E4297->a9cb8897-0d38-4c59-817a-d67a8ba30c67: receive RaftClientReply:client-729EAB8E4297->a9cb8897-0d38-4c59-817a-d67a8ba30c67@group-A55F67FDC954, cid=1481, SUCCESS, logIndex=0, commits[a9cb8897-0d38-4c59-817a-d67a8ba30c67:c2140, 41e21bac-56c9-465a-a1cc-bc71b3ab473c:c2136, 2bfdf505-3a1f-44eb-9843-3820b2477da1:c2136]
2019-09-05 19:10:37,657 [grpc-default-executor-2] INFO  client.GrpcClientProtocolClient (GrpcClientProtocolClient.java:onNext(255)) - client-729EAB8E4297->a9cb8897-0d38-4c59-817a-d67a8ba30c67: receive RaftClientReply:client-729EAB8E4297->a9cb8897-0d38-4c59-817a-d67a8ba30c67@group-A55F67FDC954, cid=1482, SUCCESS, logIndex=2143, commits[a9cb8897-0d38-4c59-817a-d67a8ba30c67:c2144, 41e21bac-56c9-465a-a1cc-bc71b3ab473c:c2142, 2bfdf505-3a1f-44eb-9843-3820b2477da1:c2142]
2019-09-05 19:10:37,658 [grpc-default-executor-2] INFO  client.GrpcClientProtocolClient (GrpcClientProtocolClient.java:onNext(255)) - client-729EAB8E4297->a9cb8897-0d38-4c59-817a-d67a8ba30c67: receive RaftClientReply:client-729EAB8E4297->a9cb8897-0d38-4c59-817a-d67a8ba30c67@group-A55F67FDC954, cid=1483, SUCCESS, logIndex=2144, commits[a9cb8897-0d38-4c59-817a-d67a8ba30c67:c2144, 41e21bac-56c9-465a-a1cc-bc71b3ab473c:c2142, 2bfdf505-3a1f-44eb-9843-3820b2477da1:c2142]
2019-09-05 19:10:37,671 [grpc-default-executor-3] INFO  client.GrpcClientProtocolClient (GrpcClientProtocolClient.java:onNext(255)) - client-729EAB8E4297->a9cb8897-0d38-4c59-817a-d67a8ba30c67: receive RaftClientReply:client-729EAB8E4297->a9cb8897-0d38-4c59-817a-d67a8ba30c67@group-A55F67FDC954, cid=1484, SUCCESS, logIndex=2147, commits[a9cb8897-0d38-4c59-817a-d67a8ba30c67:c2147, 41e21bac-56c9-465a-a1cc-bc71b3ab473c:c2144, 2bfdf505-3a1f-44eb-9843-3820b2477da1:c2144]
2019-09-05 19:10:37,671 [grpc-default-executor-3] INFO  client.GrpcClientProtocolClient (GrpcClientProtocolClient.java:onNext(255)) - client-729EAB8E4297->a9cb8897-0d38-4c59-817a-d67a8ba30c67: receive RaftClientReply:client-729EAB8E4297->a9cb8897-0d38-4c59-817a-d67a8ba30c67@group-A55F67FDC954, cid=1485, SUCCESS, logIndex=2148, commits[a9cb8897-0d38-4c59-817a-d67a8ba30c67:c2148, 41e21bac-56c9-465a-a1cc-bc71b3ab473c:c2144, 2bfdf505-3a1f-44eb-9843-3820b2477da1:c2144]
2019-09-05 19:10:37,684 [grpc-default-executor-3] INFO  client.GrpcClientProtocolClient (GrpcClientProtocolClient.java:onNext(255)) - client-729EAB8E4297->a9cb8897-0d38-4c59-817a-d67a8ba30c67: receive RaftClientReply:client-729EAB8E4297->a9cb8897-0d38-4c59-817a-d67a8ba30c67@group-A55F67FDC954, cid=1486, SUCCESS, logIndex=0, commits[a9cb8897-0d38-4c59-817a-d67a8ba30c67:c2150, 41e21bac-56c9-465a-a1cc-bc71b3ab473c:c2148, 2bfdf505-3a1f-44eb-9843-3820b2477da1:c2148]
2019-09-05 19:10:37,709 [grpc-default-executor-0] INFO  client.GrpcClientProtocolClient (GrpcClientProtocolClient.java:onNext(255)) - client-729EAB8E4297->a9cb8897-0d38-4c59-817a-d67a8ba30c67: receive RaftClientReply:client-729EAB8E4297->a9cb8897-0d38-4c59-817a-d67a8ba30c67@group-A55F67FDC954, cid=1487, SUCCESS, logIndex=2151, commits[a9cb8897-0d38-4c59-817a-d67a8ba30c67:c2152, 41e21bac-56c9-465a-a1cc-bc71b3ab473c:c2150, 2bfdf505-3a1f-44eb-9843-3820b2477da1:c2150]
2019-09-05 19:10:37,710 [grpc-default-executor-0] INFO  client.GrpcClientProtocolClient (GrpcClientProtocolClient.java:onNext(255)) - client-729EAB8E4297->a9cb8897-0d38-4c59-817a-d67a8ba30c67: receive RaftClientReply:client-729EAB8E4297->a9cb8897-0d38-4c59-817a-d67a8ba30c67@group-A55F67FDC954, cid=1488, SUCCESS, logIndex=2152, commits[a9cb8897-0d38-4c59-817a-d67a8ba30c67:c2154, 41e21bac-56c9-465a-a1cc-bc71b3ab473c:c2150, 2bfdf505-3a1f-44eb-9843-3820b2477da1:c2150]
2019-09-05 19:10:37,710 [grpc-default-executor-0] INFO  client.GrpcClientProtocolClient (GrpcClientProtocolClient.java:onNext(255)) - client-729EAB8E4297->a9cb8897-0d38-4c59-817a-d67a8ba30c67: receive RaftClientReply:client-729EAB8E4297->a9cb8897-0d38-4c59-817a-d67a8ba30c67@group-A55F67FDC954, cid=1489, SUCCESS, logIndex=2153, commits[a9cb8897-0d38-4c59-817a-d67a8ba30c67:c2154, 41e21bac-56c9-465a-a1cc-bc71b3ab473c:c2150, 2bfdf505-3a1f-44eb-9843-3820b2477da1:c2150]
2019-09-05 19:10:37,710 [grpc-default-executor-0] INFO  client.GrpcClientProtocolClient (GrpcClientProtocolClient.java:onNext(255)) - client-729EAB8E4297->a9cb8897-0d38-4c59-817a-d67a8ba30c67: receive RaftClientReply:client-729EAB8E4297->a9cb8897-0d38-4c59-817a-d67a8ba30c67@group-A55F67FDC954, cid=1490, SUCCESS, logIndex=2154, commits[a9cb8897-0d38-4c59-817a-d67a8ba30c67:c2154, 41e21bac-56c9-465a-a1cc-bc71b3ab473c:c2150, 2bfdf505-3a1f-44eb-9843-3820b2477da1:c2150]
2019-09-05 19:10:37,712 [grpc-default-executor-0] INFO  client.GrpcClientProtocolClient (GrpcClientProtocolClient.java:onNext(255)) - client-729EAB8E4297->a9cb8897-0d38-4c59-817a-d67a8ba30c67: receive RaftClientReply:client-729EAB8E4297->a9cb8897-0d38-4c59-817a-d67a8ba30c67@group-A55F67FDC954, cid=1491, SUCCESS, logIndex=0, commits[a9cb8897-0d38-4c59-817a-d67a8ba30c67:c2158, 41e21bac-56c9-465a-a1cc-bc71b3ab473c:c2154, 2bfdf505-3a1f-44eb-9843-3820b2477da1:c2154]
2019-09-05 19:10:37,733 [grpc-default-executor-1] INFO  client.GrpcClientProtocolClient (GrpcClientProtocolClient.java:onNext(255)) - client-729EAB8E4297->a9cb8897-0d38-4c59-817a-d67a8ba30c67: receive RaftClientReply:client-729EAB8E4297->a9cb8897-0d38-4c59-817a-d67a8ba30c67@group-A55F67FDC954, cid=1492, SUCCESS, logIndex=2159, commits[a9cb8897-0d38-4c59-817a-d67a8ba30c67:c2160, 41e21bac-56c9-465a-a1cc-bc71b3ab473c:c2158, 2bfdf505-3a1f-44eb-9843-3820b2477da1:c2158]
2019-09-05 19:10:37,733 [grpc-default-executor-1] INFO  client.GrpcClientProtocolClient (GrpcClientProtocolClient.java:onNext(255)) - client-729EAB8E4297->a9cb8897-0d38-4c59-817a-d67a8ba30c67: receive RaftClientReply:client-729EAB8E4297->a9cb8897-0d38-4c59-817a-d67a8ba30c67@group-A55F67FDC954, cid=1493, SUCCESS, logIndex=2160, commits[a9cb8897-0d38-4c59-817a-d67a8ba30c67:c2160, 41e21bac-56c9-465a-a1cc-bc71b3ab473c:c2158, 2bfdf505-3a1f-44eb-9843-3820b2477da1:c2158]
2019-09-05 19:10:37,746 [grpc-default-executor-1] INFO  client.GrpcClientProtocolClient (GrpcClientProtocolClient.java:onNext(255)) - client-729EAB8E4297->a9cb8897-0d38-4c59-817a-d67a8ba30c67: receive RaftClientReply:client-729EAB8E4297->a9cb8897-0d38-4c59-817a-d67a8ba30c67@group-A55F67FDC954, cid=1494, SUCCESS, logIndex=2163, commits[a9cb8897-0d38-4c59-817a-d67a8ba30c67:c2163, 41e21bac-56c9-465a-a1cc-bc71b3ab473c:c2160, 2bfdf505-3a1f-44eb-9843-3820b2477da1:c2160]
2019-09-05 19:10:37,747 [grpc-default-executor-1] INFO  client.GrpcClientProtocolClient (GrpcClientProtocolClient.java:onNext(255)) - client-729EAB8E4297->a9cb8897-0d38-4c59-817a-d67a8ba30c67: receive RaftClientReply:client-729EAB8E4297->a9cb8897-0d38-4c59-817a-d67a8ba30c67@group-A55F67FDC954, cid=1495, SUCCESS, logIndex=2164, commits[a9cb8897-0d38-4c59-817a-d67a8ba30c67:c2164, 41e21bac-56c9-465a-a1cc-bc71b3ab473c:c2160, 2bfdf505-3a1f-44eb-9843-3820b2477da1:c2160]
2019-09-05 19:10:37,759 [grpc-default-executor-1] INFO  client.GrpcClientProtocolClient (GrpcClientProtocolClient.java:onNext(255)) - client-729EAB8E4297->a9cb8897-0d38-4c59-817a-d67a8ba30c67: receive RaftClientReply:client-729EAB8E4297->a9cb8897-0d38-4c59-817a-d67a8ba30c67@group-A55F67FDC954, cid=1496, SUCCESS, logIndex=0, commits[a9cb8897-0d38-4c59-817a-d67a8ba30c67:c2166, 41e21bac-56c9-465a-a1cc-bc71b3ab473c:c2164, 2bfdf505-3a1f-44eb-9843-3820b2477da1:c2164]
2019-09-05 19:10:37,785 [grpc-default-executor-3] INFO  client.GrpcClientProtocolClient (GrpcClientProtocolClient.java:onNext(255)) - client-729EAB8E4297->a9cb8897-0d38-4c59-817a-d67a8ba30c67: receive RaftClientReply:client-729EAB8E4297->a9cb8897-0d38-4c59-817a-d67a8ba30c67@group-A55F67FDC954, cid=1497, SUCCESS, logIndex=2167, commits[a9cb8897-0d38-4c59-817a-d67a8ba30c67:c2169, 41e21bac-56c9-465a-a1cc-bc71b3ab473c:c2166, 2bfdf505-3a1f-44eb-9843-3820b2477da1:c2166]
2019-09-05 19:10:37,786 [grpc-default-executor-3] INFO  client.GrpcClientProtocolClient (GrpcClientProtocolClient.java:onNext(255)) - client-729EAB8E4297->a9cb8897-0d38-4c59-817a-d67a8ba30c67: receive RaftClientReply:client-729EAB8E4297->a9cb8897-0d38-4c59-817a-d67a8ba30c67@group-A55F67FDC954, cid=1498, SUCCESS, logIndex=2168, commits[a9cb8897-0d38-4c59-817a-d67a8ba30c67:c2170, 41e21bac-56c9-465a-a1cc-bc71b3ab473c:c2166, 2bfdf505-3a1f-44eb-9843-3820b2477da1:c2166]
2019-09-05 19:10:37,786 [grpc-default-executor-3] INFO  client.GrpcClientProtocolClient (GrpcClientProtocolClient.java:onNext(255)) - client-729EAB8E4297->a9cb8897-0d38-4c59-817a-d67a8ba30c67: receive RaftClientReply:client-729EAB8E4297->a9cb8897-0d38-4c59-817a-d67a8ba30c67@group-A55F67FDC954, cid=1499, SUCCESS, logIndex=2169, commits[a9cb8897-0d38-4c59-817a-d67a8ba30c67:c2170, 41e21bac-56c9-465a-a1cc-bc71b3ab473c:c2166, 2bfdf505-3a1f-44eb-9843-3820b2477da1:c2166]
2019-09-05 19:10:37,786 [grpc-default-executor-3] INFO  client.GrpcClientProtocolClient (GrpcClientProtocolClient.java:onNext(255)) - client-729EAB8E4297->a9cb8897-0d38-4c59-817a-d67a8ba30c67: receive RaftClientReply:client-729EAB8E4297->a9cb8897-0d38-4c59-817a-d67a8ba30c67@group-A55F67FDC954, cid=1500, SUCCESS, logIndex=2170, commits[a9cb8897-0d38-4c59-817a-d67a8ba30c67:c2170, 41e21bac-56c9-465a-a1cc-bc71b3ab473c:c2168, 2bfdf505-3a1f-44eb-9843-3820b2477da1:c2166]
2019-09-05 19:10:37,787 [grpc-default-executor-1] INFO  client.GrpcClientProtocolClient (GrpcClientProtocolClient.java:onNext(255)) - client-729EAB8E4297->a9cb8897-0d38-4c59-817a-d67a8ba30c67: receive RaftClientReply:client-729EAB8E4297->a9cb8897-0d38-4c59-817a-d67a8ba30c67@group-A55F67FDC954, cid=1501, SUCCESS, logIndex=0, commits[a9cb8897-0d38-4c59-817a-d67a8ba30c67:c2171, 41e21bac-56c9-465a-a1cc-bc71b3ab473c:c2168, 2bfdf505-3a1f-44eb-9843-3820b2477da1:c2168]
2019-09-05 19:10:37,805 [grpc-default-executor-0] INFO  client.GrpcClientProtocolClient (GrpcClientProtocolClient.java:onNext(255)) - client-729EAB8E4297->a9cb8897-0d38-4c59-817a-d67a8ba30c67: receive RaftClientReply:client-729EAB8E4297->a9cb8897-0d38-4c59-817a-d67a8ba30c67@group-A55F67FDC954, cid=1502, SUCCESS, logIndex=2175, commits[a9cb8897-0d38-4c59-817a-d67a8ba30c67:c2176, 41e21bac-56c9-465a-a1cc-bc71b3ab473c:c2174, 2bfdf505-3a1f-44eb-9843-3820b2477da1:c2174]
2019-09-05 19:10:37,805 [grpc-default-executor-0] INFO  client.GrpcClientProtocolClient (GrpcClientProtocolClient.java:onNext(255)) - client-729EAB8E4297->a9cb8897-0d38-4c59-817a-d67a8ba30c67: receive RaftClientReply:client-729EAB8E4297->a9cb8897-0d38-4c59-817a-d67a8ba30c67@group-A55F67FDC954, cid=1503, SUCCESS, logIndex=2176, commits[a9cb8897-0d38-4c59-817a-d67a8ba30c67:c2176, 41e21bac-56c9-465a-a1cc-bc71b3ab473c:c2174, 2bfdf505-3a1f-44eb-9843-3820b2477da1:c2174]
2019-09-05 19:10:37,818 [grpc-default-executor-0] INFO  client.GrpcClientProtocolClient (GrpcClientProtocolClient.java:onNext(255)) - client-729EAB8E4297->a9cb8897-0d38-4c59-817a-d67a8ba30c67: receive RaftClientReply:client-729EAB8E4297->a9cb8897-0d38-4c59-817a-d67a8ba30c67@group-A55F67FDC954, cid=1504, SUCCESS, logIndex=2179, commits[a9cb8897-0d38-4c59-817a-d67a8ba30c67:c2179, 41e21bac-56c9-465a-a1cc-bc71b3ab473c:c2176, 2bfdf505-3a1f-44eb-9843-3820b2477da1:c2176]
2019-09-05 19:10:37,818 [grpc-default-executor-0] INFO  client.GrpcClientProtocolClient (GrpcClientProtocolClient.java:onNext(255)) - client-729EAB8E4297->a9cb8897-0d38-4c59-817a-d67a8ba30c67: receive RaftClientReply:client-729EAB8E4297->a9cb8897-0d38-4c59-817a-d67a8ba30c67@group-A55F67FDC954, cid=1505, SUCCESS, logIndex=2180, commits[a9cb8897-0d38-4c59-817a-d67a8ba30c67:c2180, 41e21bac-56c9-465a-a1cc-bc71b3ab473c:c2176, 2bfdf505-3a1f-44eb-9843-3820b2477da1:c2176]
2019-09-05 19:10:37,831 [grpc-default-executor-0] INFO  client.GrpcClientProtocolClient (GrpcClientProtocolClient.java:onNext(255)) - client-729EAB8E4297->a9cb8897-0d38-4c59-817a-d67a8ba30c67: receive RaftClientReply:client-729EAB8E4297->a9cb8897-0d38-4c59-817a-d67a8ba30c67@group-A55F67FDC954, cid=1506, SUCCESS, logIndex=0, commits[a9cb8897-0d38-4c59-817a-d67a8ba30c67:c2182, 41e21bac-56c9-465a-a1cc-bc71b3ab473c:c2180, 2bfdf505-3a1f-44eb-9843-3820b2477da1:c2180]
2019-09-05 19:10:37,848 [grpc-default-executor-1] INFO  client.GrpcClientProtocolClient (GrpcClientProtocolClient.java:onNext(255)) - client-729EAB8E4297->a9cb8897-0d38-4c59-817a-d67a8ba30c67: receive RaftClientReply:client-729EAB8E4297->a9cb8897-0d38-4c59-817a-d67a8ba30c67@group-A55F67FDC954, cid=1507, SUCCESS, logIndex=2183, commits[a9cb8897-0d38-4c59-817a-d67a8ba30c67:c2184, 41e21bac-56c9-465a-a1cc-bc71b3ab473c:c2180, 2bfdf505-3a1f-44eb-9843-3820b2477da1:c2182]
2019-09-05 19:10:37,849 [grpc-default-executor-1] INFO  client.GrpcClientProtocolClient (GrpcClientProtocolClient.java:onNext(255)) - client-729EAB8E4297->a9cb8897-0d38-4c59-817a-d67a8ba30c67: receive RaftClientReply:client-729EAB8E4297->a9cb8897-0d38-4c59-817a-d67a8ba30c67@group-A55F67FDC954, cid=1508, SUCCESS, logIndex=2184, commits[a9cb8897-0d38-4c59-817a-d67a8ba30c67:c2185, 41e21bac-56c9-465a-a1cc-bc71b3ab473c:c2182, 2bfdf505-3a1f-44eb-9843-3820b2477da1:c2182]
2019-09-05 19:10:37,849 [grpc-default-executor-1] INFO  client.GrpcClientProtocolClient (GrpcClientProtocolClient.java:onNext(255)) - client-729EAB8E4297->a9cb8897-0d38-4c59-817a-d67a8ba30c67: receive RaftClientReply:client-729EAB8E4297->a9cb8897-0d38-4c59-817a-d67a8ba30c67@group-A55F67FDC954, cid=1509, SUCCESS, logIndex=2185, commits[a9cb8897-0d38-4c59-817a-d67a8ba30c67:c2186, 41e21bac-56c9-465a-a1cc-bc71b3ab473c:c2182, 2bfdf505-3a1f-44eb-9843-3820b2477da1:c2182]
2019-09-05 19:10:37,849 [grpc-default-executor-1] INFO  client.GrpcClientProtocolClient (GrpcClientProtocolClient.java:onNext(255)) - client-729EAB8E4297->a9cb8897-0d38-4c59-817a-d67a8ba30c67: receive RaftClientReply:client-729EAB8E4297->a9cb8897-0d38-4c59-817a-d67a8ba30c67@group-A55F67FDC954, cid=1510, SUCCESS, logIndex=2186, commits[a9cb8897-0d38-4c59-817a-d67a8ba30c67:c2186, 41e21bac-56c9-465a-a1cc-bc71b3ab473c:c2182, 2bfdf505-3a1f-44eb-9843-3820b2477da1:c2182]
2019-09-05 19:10:37,851 [grpc-default-executor-1] INFO  client.GrpcClientProtocolClient (GrpcClientProtocolClient.java:onNext(255)) - client-729EAB8E4297->a9cb8897-0d38-4c59-817a-d67a8ba30c67: receive RaftClientReply:client-729EAB8E4297->a9cb8897-0d38-4c59-817a-d67a8ba30c67@group-A55F67FDC954, cid=1511, SUCCESS, logIndex=0, commits[a9cb8897-0d38-4c59-817a-d67a8ba30c67:c2187, 41e21bac-56c9-465a-a1cc-bc71b3ab473c:c2184, 2bfdf505-3a1f-44eb-9843-3820b2477da1:c2184]
2019-09-05 19:10:37,863 [grpc-default-executor-0] INFO  client.GrpcClientProtocolClient (GrpcClientProtocolClient.java:onNext(255)) - client-729EAB8E4297->a9cb8897-0d38-4c59-817a-d67a8ba30c67: receive RaftClientReply:client-729EAB8E4297->a9cb8897-0d38-4c59-817a-d67a8ba30c67@group-A55F67FDC954, cid=1512, SUCCESS, logIndex=2191, commits[a9cb8897-0d38-4c59-817a-d67a8ba30c67:c2192, 41e21bac-56c9-465a-a1cc-bc71b3ab473c:c2190, 2bfdf505-3a1f-44eb-9843-3820b2477da1:c2190]
2019-09-05 19:10:37,863 [grpc-default-executor-0] INFO  client.GrpcClientProtocolClient (GrpcClientProtocolClient.java:onNext(255)) - client-729EAB8E4297->a9cb8897-0d38-4c59-817a-d67a8ba30c67: receive RaftClientReply:client-729EAB8E4297->a9cb8897-0d38-4c59-817a-d67a8ba30c67@group-A55F67FDC954, cid=1513, SUCCESS, logIndex=2192, commits[a9cb8897-0d38-4c59-817a-d67a8ba30c67:c2192, 41e21bac-56c9-465a-a1cc-bc71b3ab473c:c2190, 2bfdf505-3a1f-44eb-9843-3820b2477da1:c2190]
2019-09-05 19:10:37,888 [grpc-default-executor-1] INFO  client.GrpcClientProtocolClient (GrpcClientProtocolClient.java:onNext(255)) - client-729EAB8E4297->a9cb8897-0d38-4c59-817a-d67a8ba30c67: receive RaftClientReply:client-729EAB8E4297->a9cb8897-0d38-4c59-817a-d67a8ba30c67@group-A55F67FDC954, cid=1514, SUCCESS, logIndex=2195, commits[a9cb8897-0d38-4c59-817a-d67a8ba30c67:c2196, 41e21bac-56c9-465a-a1cc-bc71b3ab473c:c2194, 2bfdf505-3a1f-44eb-9843-3820b2477da1:c2194]
2019-09-05 19:10:37,888 [grpc-default-executor-1] INFO  client.GrpcClientProtocolClient (GrpcClientProtocolClient.java:onNext(255)) - client-729EAB8E4297->a9cb8897-0d38-4c59-817a-d67a8ba30c67: receive RaftClientReply:client-729EAB8E4297->a9cb8897-0d38-4c59-817a-d67a8ba30c67@group-A55F67FDC954, cid=1515, SUCCESS, logIndex=2196, commits[a9cb8897-0d38-4c59-817a-d67a8ba30c67:c2196, 41e21bac-56c9-465a-a1cc-bc71b3ab473c:c2194, 2bfdf505-3a1f-44eb-9843-3820b2477da1:c2194]
2019-09-05 19:10:37,901 [grpc-default-executor-1] INFO  client.GrpcClientProtocolClient (GrpcClientProtocolClient.java:onNext(255)) - client-729EAB8E4297->a9cb8897-0d38-4c59-817a-d67a8ba30c67: receive RaftClientReply:client-729EAB8E4297->a9cb8897-0d38-4c59-817a-d67a8ba30c67@group-A55F67FDC954, cid=1516, SUCCESS, logIndex=0, commits[a9cb8897-0d38-4c59-817a-d67a8ba30c67:c2198, 41e21bac-56c9-465a-a1cc-bc71b3ab473c:c2196, 2bfdf505-3a1f-44eb-9843-3820b2477da1:c2196]
2019-09-05 19:10:37,926 [grpc-default-executor-3] INFO  client.GrpcClientProtocolClient (GrpcClientProtocolClient.java:onNext(255)) - client-729EAB8E4297->a9cb8897-0d38-4c59-817a-d67a8ba30c67: receive RaftClientReply:client-729EAB8E4297->a9cb8897-0d38-4c59-817a-d67a8ba30c67@group-A55F67FDC954, cid=1517, SUCCESS, logIndex=2199, commits[a9cb8897-0d38-4c59-817a-d67a8ba30c67:c2201, 41e21bac-56c9-465a-a1cc-bc71b3ab473c:c2198, 2bfdf505-3a1f-44eb-9843-3820b2477da1:c2198]
2019-09-05 19:10:37,927 [grpc-default-executor-3] INFO  client.GrpcClientProtocolClient (GrpcClientProtocolClient.java:onNext(255)) - client-729EAB8E4297->a9cb8897-0d38-4c59-817a-d67a8ba30c67: receive RaftClientReply:client-729EAB8E4297->a9cb8897-0d38-4c59-817a-d67a8ba30c67@group-A55F67FDC954, cid=1518, SUCCESS, logIndex=2200, commits[a9cb8897-0d38-4c59-817a-d67a8ba30c67:c2202, 41e21bac-56c9-465a-a1cc-bc71b3ab473c:c2198, 2bfdf505-3a1f-44eb-9843-3820b2477da1:c2198]
2019-09-05 19:10:37,927 [grpc-default-executor-1] INFO  client.GrpcClientProtocolClient (GrpcClientProtocolClient.java:onNext(255)) - client-729EAB8E4297->a9cb8897-0d38-4c59-817a-d67a8ba30c67: receive RaftClientReply:client-729EAB8E4297->a9cb8897-0d38-4c59-817a-d67a8ba30c67@group-A55F67FDC954, cid=1519, SUCCESS, logIndex=2201, commits[a9cb8897-0d38-4c59-817a-d67a8ba30c67:c2202, 41e21bac-56c9-465a-a1cc-bc71b3ab473c:c2198, 2bfdf505-3a1f-44eb-9843-3820b2477da1:c2198]
2019-09-05 19:10:37,928 [grpc-default-executor-1] INFO  client.GrpcClientProtocolClient (GrpcClientProtocolClient.java:onNext(255)) - client-729EAB8E4297->a9cb8897-0d38-4c59-817a-d67a8ba30c67: receive RaftClientReply:client-729EAB8E4297->a9cb8897-0d38-4c59-817a-d67a8ba30c67@group-A55F67FDC954, cid=1520, SUCCESS, logIndex=2202, commits[a9cb8897-0d38-4c59-817a-d67a8ba30c67:c2203, 41e21bac-56c9-465a-a1cc-bc71b3ab473c:c2200, 2bfdf505-3a1f-44eb-9843-3820b2477da1:c2200]
2019-09-05 19:10:37,947 [grpc-default-executor-1] INFO  client.GrpcClientProtocolClient (GrpcClientProtocolClient.java:onNext(255)) - client-729EAB8E4297->a9cb8897-0d38-4c59-817a-d67a8ba30c67: receive RaftClientReply:client-729EAB8E4297->a9cb8897-0d38-4c59-817a-d67a8ba30c67@group-A55F67FDC954, cid=1521, SUCCESS, logIndex=2207, commits[a9cb8897-0d38-4c59-817a-d67a8ba30c67:c2208, 41e21bac-56c9-465a-a1cc-bc71b3ab473c:c2206, 2bfdf505-3a1f-44eb-9843-3820b2477da1:c2206]
2019-09-05 19:10:37,947 [grpc-default-executor-1] INFO  client.GrpcClientProtocolClient (GrpcClientProtocolClient.java:onNext(255)) - client-729EAB8E4297->a9cb8897-0d38-4c59-817a-d67a8ba30c67: receive RaftClientReply:client-729EAB8E4297->a9cb8897-0d38-4c59-817a-d67a8ba30c67@group-A55F67FDC954, cid=1522, SUCCESS, logIndex=2208, commits[a9cb8897-0d38-4c59-817a-d67a8ba30c67:c2208, 41e21bac-56c9-465a-a1cc-bc71b3ab473c:c2206, 2bfdf505-3a1f-44eb-9843-3820b2477da1:c2206]
2019-09-05 19:10:37,959 [grpc-default-executor-1] INFO  client.GrpcClientProtocolClient (GrpcClientProtocolClient.java:onNext(255)) - client-729EAB8E4297->a9cb8897-0d38-4c59-817a-d67a8ba30c67: receive RaftClientReply:client-729EAB8E4297->a9cb8897-0d38-4c59-817a-d67a8ba30c67@group-A55F67FDC954, cid=1523, SUCCESS, logIndex=2211, commits[a9cb8897-0d38-4c59-817a-d67a8ba30c67:c2212, 41e21bac-56c9-465a-a1cc-bc71b3ab473c:c2208, 2bfdf505-3a1f-44eb-9843-3820b2477da1:c2208]
2019-09-05 19:10:37,960 [grpc-default-executor-1] INFO  client.GrpcClientProtocolClient (GrpcClientProtocolClient.java:onNext(255)) - client-729EAB8E4297->a9cb8897-0d38-4c59-817a-d67a8ba30c67: receive RaftClientReply:client-729EAB8E4297->a9cb8897-0d38-4c59-817a-d67a8ba30c67@group-A55F67FDC954, cid=1524, SUCCESS, logIndex=2212, commits[a9cb8897-0d38-4c59-817a-d67a8ba30c67:c2212, 41e21bac-56c9-465a-a1cc-bc71b3ab473c:c2208, 2bfdf505-3a1f-44eb-9843-3820b2477da1:c2208]
2019-09-05 19:10:37,972 [grpc-default-executor-1] INFO  client.GrpcClientProtocolClient (GrpcClientProtocolClient.java:onNext(255)) - client-729EAB8E4297->a9cb8897-0d38-4c59-817a-d67a8ba30c67: receive RaftClientReply:client-729EAB8E4297->a9cb8897-0d38-4c59-817a-d67a8ba30c67@group-A55F67FDC954, cid=1525, SUCCESS, logIndex=0, commits[a9cb8897-0d38-4c59-817a-d67a8ba30c67:c2213, 41e21bac-56c9-465a-a1cc-bc71b3ab473c:c2212, 2bfdf505-3a1f-44eb-9843-3820b2477da1:c2212]
2019-09-05 19:10:38,001 [grpc-default-executor-3] INFO  client.GrpcClientProtocolClient (GrpcClientProtocolClient.java:onNext(255)) - client-729EAB8E4297->a9cb8897-0d38-4c59-817a-d67a8ba30c67: receive RaftClientReply:client-729EAB8E4297->a9cb8897-0d38-4c59-817a-d67a8ba30c67@group-A55F67FDC954, cid=1526, SUCCESS, logIndex=2215, commits[a9cb8897-0d38-4c59-817a-d67a8ba30c67:c2216, 41e21bac-56c9-465a-a1cc-bc71b3ab473c:c2214, 2bfdf505-3a1f-44eb-9843-3820b2477da1:c2214]
2019-09-05 19:10:38,003 [grpc-default-executor-3] INFO  client.GrpcClientProtocolClient (GrpcClientProtocolClient.java:onNext(255)) - client-729EAB8E4297->a9cb8897-0d38-4c59-817a-d67a8ba30c67: receive RaftClientReply:client-729EAB8E4297->a9cb8897-0d38-4c59-817a-d67a8ba30c67@group-A55F67FDC954, cid=1527, SUCCESS, logIndex=2216, commits[a9cb8897-0d38-4c59-817a-d67a8ba30c67:c2216, 41e21bac-56c9-465a-a1cc-bc71b3ab473c:c2214, 2bfdf505-3a1f-44eb-9843-3820b2477da1:c2214]
2019-09-05 19:10:38,004 [grpc-default-executor-3] INFO  client.GrpcClientProtocolClient (GrpcClientProtocolClient.java:onNext(255)) - client-729EAB8E4297->a9cb8897-0d38-4c59-817a-d67a8ba30c67: receive RaftClientReply:client-729EAB8E4297->a9cb8897-0d38-4c59-817a-d67a8ba30c67@group-A55F67FDC954, cid=1528, SUCCESS, logIndex=2217, commits[a9cb8897-0d38-4c59-817a-d67a8ba30c67:c2218, 41e21bac-56c9-465a-a1cc-bc71b3ab473c:c2214, 2bfdf505-3a1f-44eb-9843-3820b2477da1:c2214]
2019-09-05 19:10:38,004 [grpc-default-executor-1] INFO  client.GrpcClientProtocolClient (GrpcClientProtocolClient.java:onNext(255)) - client-729EAB8E4297->a9cb8897-0d38-4c59-817a-d67a8ba30c67: receive RaftClientReply:client-729EAB8E4297->a9cb8897-0d38-4c59-817a-d67a8ba30c67@group-A55F67FDC954, cid=1529, SUCCESS, logIndex=2218, commits[a9cb8897-0d38-4c59-817a-d67a8ba30c67:c2219, 41e21bac-56c9-465a-a1cc-bc71b3ab473c:c2216, 2bfdf505-3a1f-44eb-9843-3820b2477da1:c2214]
2019-09-05 19:10:38,016 [grpc-default-executor-1] INFO  client.GrpcClientProtocolClient (GrpcClientProtocolClient.java:onNext(255)) - client-729EAB8E4297->a9cb8897-0d38-4c59-817a-d67a8ba30c67: receive RaftClientReply:client-729EAB8E4297->a9cb8897-0d38-4c59-817a-d67a8ba30c67@group-A55F67FDC954, cid=1530, SUCCESS, logIndex=0, commits[a9cb8897-0d38-4c59-817a-d67a8ba30c67:c2221, 41e21bac-56c9-465a-a1cc-bc71b3ab473c:c2218, 2bfdf505-3a1f-44eb-9843-3820b2477da1:c2216]
2019-09-05 19:10:38,034 [grpc-default-executor-0] INFO  client.GrpcClientProtocolClient (GrpcClientProtocolClient.java:onNext(255)) - client-729EAB8E4297->a9cb8897-0d38-4c59-817a-d67a8ba30c67: receive RaftClientReply:client-729EAB8E4297->a9cb8897-0d38-4c59-817a-d67a8ba30c67@group-A55F67FDC954, cid=1531, SUCCESS, logIndex=2223, commits[a9cb8897-0d38-4c59-817a-d67a8ba30c67:c2224, 41e21bac-56c9-465a-a1cc-bc71b3ab473c:c2222, 2bfdf505-3a1f-44eb-9843-3820b2477da1:c2222]
2019-09-05 19:10:38,034 [grpc-default-executor-0] INFO  client.GrpcClientProtocolClient (GrpcClientProtocolClient.java:onNext(255)) - client-729EAB8E4297->a9cb8897-0d38-4c59-817a-d67a8ba30c67: receive RaftClientReply:client-729EAB8E4297->a9cb8897-0d38-4c59-817a-d67a8ba30c67@group-A55F67FDC954, cid=1532, SUCCESS, logIndex=2224, commits[a9cb8897-0d38-4c59-817a-d67a8ba30c67:c2224, 41e21bac-56c9-465a-a1cc-bc71b3ab473c:c2222, 2bfdf505-3a1f-44eb-9843-3820b2477da1:c2222]
2019-09-05 19:10:38,047 [grpc-default-executor-0] INFO  client.GrpcClientProtocolClient (GrpcClientProtocolClient.java:onNext(255)) - client-729EAB8E4297->a9cb8897-0d38-4c59-817a-d67a8ba30c67: receive RaftClientReply:client-729EAB8E4297->a9cb8897-0d38-4c59-817a-d67a8ba30c67@group-A55F67FDC954, cid=1533, SUCCESS, logIndex=2227, commits[a9cb8897-0d38-4c59-817a-d67a8ba30c67:c2228, 41e21bac-56c9-465a-a1cc-bc71b3ab473c:c2224, 2bfdf505-3a1f-44eb-9843-3820b2477da1:c2224]
2019-09-05 19:10:38,047 [grpc-default-executor-0] INFO  client.GrpcClientProtocolClient (GrpcClientProtocolClient.java:onNext(255)) - client-729EAB8E4297->a9cb8897-0d38-4c59-817a-d67a8ba30c67: receive RaftClientReply:client-729EAB8E4297->a9cb8897-0d38-4c59-817a-d67a8ba30c67@group-A55F67FDC954, cid=1534, SUCCESS, logIndex=2228, commits[a9cb8897-0d38-4c59-817a-d67a8ba30c67:c2228, 41e21bac-56c9-465a-a1cc-bc71b3ab473c:c2224, 2bfdf505-3a1f-44eb-9843-3820b2477da1:c2224]
2019-09-05 19:10:38,060 [grpc-default-executor-0] INFO  client.GrpcClientProtocolClient (GrpcClientProtocolClient.java:onNext(255)) - client-729EAB8E4297->a9cb8897-0d38-4c59-817a-d67a8ba30c67: receive RaftClientReply:client-729EAB8E4297->a9cb8897-0d38-4c59-817a-d67a8ba30c67@group-A55F67FDC954, cid=1535, SUCCESS, logIndex=0, commits[a9cb8897-0d38-4c59-817a-d67a8ba30c67:c2230, 41e21bac-56c9-465a-a1cc-bc71b3ab473c:c2228, 2bfdf505-3a1f-44eb-9843-3820b2477da1:c2228]
2019-09-05 19:10:38,086 [grpc-default-executor-3] INFO  client.GrpcClientProtocolClient (GrpcClientProtocolClient.java:onNext(255)) - client-729EAB8E4297->a9cb8897-0d38-4c59-817a-d67a8ba30c67: receive RaftClientReply:client-729EAB8E4297->a9cb8897-0d38-4c59-817a-d67a8ba30c67@group-A55F67FDC954, cid=1536, SUCCESS, logIndex=2231, commits[a9cb8897-0d38-4c59-817a-d67a8ba30c67:c2232, 41e21bac-56c9-465a-a1cc-bc71b3ab473c:c2230, 2bfdf505-3a1f-44eb-9843-3820b2477da1:c2230]
2019-09-05 19:10:38,086 [grpc-default-executor-0] INFO  client.GrpcClientProtocolClient (GrpcClientProtocolClient.java:onNext(255)) - client-729EAB8E4297->a9cb8897-0d38-4c59-817a-d67a8ba30c67: receive RaftClientReply:client-729EAB8E4297->a9cb8897-0d38-4c59-817a-d67a8ba30c67@group-A55F67FDC954, cid=1537, SUCCESS, logIndex=2232, commits[a9cb8897-0d38-4c59-817a-d67a8ba30c67:c2232, 41e21bac-56c9-465a-a1cc-bc71b3ab473c:c2230, 2bfdf505-3a1f-44eb-9843-3820b2477da1:c2230]
2019-09-05 19:10:38,087 [grpc-default-executor-1] INFO  client.GrpcClientProtocolClient (GrpcClientProtocolClient.java:onNext(255)) - client-729EAB8E4297->a9cb8897-0d38-4c59-817a-d67a8ba30c67: receive RaftClientReply:client-729EAB8E4297->a9cb8897-0d38-4c59-817a-d67a8ba30c67@group-A55F67FDC954, cid=1538, SUCCESS, logIndex=2233, commits[a9cb8897-0d38-4c59-817a-d67a8ba30c67:c2234, 41e21bac-56c9-465a-a1cc-bc71b3ab473c:c2230, 2bfdf505-3a1f-44eb-9843-3820b2477da1:c2230]
2019-09-05 19:10:38,087 [grpc-default-executor-1] INFO  client.GrpcClientProtocolClient (GrpcClientProtocolClient.java:onNext(255)) - client-729EAB8E4297->a9cb8897-0d38-4c59-817a-d67a8ba30c67: receive RaftClientReply:client-729EAB8E4297->a9cb8897-0d38-4c59-817a-d67a8ba30c67@group-A55F67FDC954, cid=1539, SUCCESS, logIndex=2234, commits[a9cb8897-0d38-4c59-817a-d67a8ba30c67:c2234, 41e21bac-56c9-465a-a1cc-bc71b3ab473c:c2230, 2bfdf505-3a1f-44eb-9843-3820b2477da1:c2230]
2019-09-05 19:10:38,089 [grpc-default-executor-0] INFO  client.GrpcClientProtocolClient (GrpcClientProtocolClient.java:onNext(255)) - client-729EAB8E4297->a9cb8897-0d38-4c59-817a-d67a8ba30c67: receive RaftClientReply:client-729EAB8E4297->a9cb8897-0d38-4c59-817a-d67a8ba30c67@group-A55F67FDC954, cid=1540, SUCCESS, logIndex=0, commits[a9cb8897-0d38-4c59-817a-d67a8ba30c67:c2236, 41e21bac-56c9-465a-a1cc-bc71b3ab473c:c2232, 2bfdf505-3a1f-44eb-9843-3820b2477da1:c2232]
2019-09-05 19:10:38,108 [grpc-default-executor-1] INFO  client.GrpcClientProtocolClient (GrpcClientProtocolClient.java:onNext(255)) - client-729EAB8E4297->a9cb8897-0d38-4c59-817a-d67a8ba30c67: receive RaftClientReply:client-729EAB8E4297->a9cb8897-0d38-4c59-817a-d67a8ba30c67@group-A55F67FDC954, cid=1541, SUCCESS, logIndex=2239, commits[a9cb8897-0d38-4c59-817a-d67a8ba30c67:c2240, 41e21bac-56c9-465a-a1cc-bc71b3ab473c:c2238, 2bfdf505-3a1f-44eb-9843-3820b2477da1:c2238]
2019-09-05 19:10:38,108 [grpc-default-executor-1] INFO  client.GrpcClientProtocolClient (GrpcClientProtocolClient.java:onNext(255)) - client-729EAB8E4297->a9cb8897-0d38-4c59-817a-d67a8ba30c67: receive RaftClientReply:client-729EAB8E4297->a9cb8897-0d38-4c59-817a-d67a8ba30c67@group-A55F67FDC954, cid=1542, SUCCESS, logIndex=2240, commits[a9cb8897-0d38-4c59-817a-d67a8ba30c67:c2240, 41e21bac-56c9-465a-a1cc-bc71b3ab473c:c2238, 2bfdf505-3a1f-44eb-9843-3820b2477da1:c2238]
2019-09-05 19:10:38,132 [grpc-default-executor-1] INFO  client.GrpcClientProtocolClient (GrpcClientProtocolClient.java:onNext(255)) - client-729EAB8E4297->a9cb8897-0d38-4c59-817a-d67a8ba30c67: receive RaftClientReply:client-729EAB8E4297->a9cb8897-0d38-4c59-817a-d67a8ba30c67@group-A55F67FDC954, cid=1543, SUCCESS, logIndex=2243, commits[a9cb8897-0d38-4c59-817a-d67a8ba30c67:c2244, 41e21bac-56c9-465a-a1cc-bc71b3ab473c:c2242, 2bfdf505-3a1f-44eb-9843-3820b2477da1:c2242]
2019-09-05 19:10:38,132 [grpc-default-executor-1] INFO  client.GrpcClientProtocolClient (GrpcClientProtocolClient.java:onNext(255)) - client-729EAB8E4297->a9cb8897-0d38-4c59-817a-d67a8ba30c67: receive RaftClientReply:client-729EAB8E4297->a9cb8897-0d38-4c59-817a-d67a8ba30c67@group-A55F67FDC954, cid=1544, SUCCESS, logIndex=2244, commits[a9cb8897-0d38-4c59-817a-d67a8ba30c67:c2244, 41e21bac-56c9-465a-a1cc-bc71b3ab473c:c2242, 2bfdf505-3a1f-44eb-9843-3820b2477da1:c2242]
2019-09-05 19:10:38,135 [grpc-default-executor-3] INFO  client.GrpcClientProtocolClient (GrpcClientProtocolClient.java:onNext(255)) - client-729EAB8E4297->a9cb8897-0d38-4c59-817a-d67a8ba30c67: receive RaftClientReply:client-729EAB8E4297->a9cb8897-0d38-4c59-817a-d67a8ba30c67@group-A55F67FDC954, cid=1545, SUCCESS, logIndex=0, commits[a9cb8897-0d38-4c59-817a-d67a8ba30c67:c2245, 41e21bac-56c9-465a-a1cc-bc71b3ab473c:c2244, 2bfdf505-3a1f-44eb-9843-3820b2477da1:c2244]
2019-09-05 19:10:38,254 [grpc-default-executor-3] INFO  client.GrpcClientProtocolClient (GrpcClientProtocolClient.java:onNext(255)) - client-729EAB8E4297->a9cb8897-0d38-4c59-817a-d67a8ba30c67: receive RaftClientReply:client-729EAB8E4297->a9cb8897-0d38-4c59-817a-d67a8ba30c67@group-A55F67FDC954, cid=1546, SUCCESS, logIndex=2247, commits[a9cb8897-0d38-4c59-817a-d67a8ba30c67:c2248, 41e21bac-56c9-465a-a1cc-bc71b3ab473c:c2246, 2bfdf505-3a1f-44eb-9843-3820b2477da1:c2246]
2019-09-05 19:10:38,255 [grpc-default-executor-3] INFO  client.GrpcClientProtocolClient (GrpcClientProtocolClient.java:onNext(255)) - client-729EAB8E4297->a9cb8897-0d38-4c59-817a-d67a8ba30c67: receive RaftClientReply:client-729EAB8E4297->a9cb8897-0d38-4c59-817a-d67a8ba30c67@group-A55F67FDC954, cid=1547, SUCCESS, logIndex=2248, commits[a9cb8897-0d38-4c59-817a-d67a8ba30c67:c2248, 41e21bac-56c9-465a-a1cc-bc71b3ab473c:c2246, 2bfdf505-3a1f-44eb-9843-3820b2477da1:c2246]
2019-09-05 19:10:38,265 [grpc-default-executor-1] INFO  client.GrpcClientProtocolClient (GrpcClientProtocolClient.java:onNext(255)) - client-729EAB8E4297->a9cb8897-0d38-4c59-817a-d67a8ba30c67: receive RaftClientReply:client-729EAB8E4297->a9cb8897-0d38-4c59-817a-d67a8ba30c67@group-A55F67FDC954, cid=1548, SUCCESS, logIndex=2249, commits[a9cb8897-0d38-4c59-817a-d67a8ba30c67:c2250, 41e21bac-56c9-465a-a1cc-bc71b3ab473c:c2246, 2bfdf505-3a1f-44eb-9843-3820b2477da1:c2246]
2019-09-05 19:10:38,265 [grpc-default-executor-1] INFO  client.GrpcClientProtocolClient (GrpcClientProtocolClient.java:onNext(255)) - client-729EAB8E4297->a9cb8897-0d38-4c59-817a-d67a8ba30c67: receive RaftClientReply:client-729EAB8E4297->a9cb8897-0d38-4c59-817a-d67a8ba30c67@group-A55F67FDC954, cid=1549, SUCCESS, logIndex=2250, commits[a9cb8897-0d38-4c59-817a-d67a8ba30c67:c2250, 41e21bac-56c9-465a-a1cc-bc71b3ab473c:c2246, 2bfdf505-3a1f-44eb-9843-3820b2477da1:c2246]
2019-09-05 19:10:38,267 [grpc-default-executor-1] INFO  client.GrpcClientProtocolClient (GrpcClientProtocolClient.java:onNext(255)) - client-729EAB8E4297->a9cb8897-0d38-4c59-817a-d67a8ba30c67: receive RaftClientReply:client-729EAB8E4297->a9cb8897-0d38-4c59-817a-d67a8ba30c67@group-A55F67FDC954, cid=1550, SUCCESS, logIndex=0, commits[a9cb8897-0d38-4c59-817a-d67a8ba30c67:c2252, 41e21bac-56c9-465a-a1cc-bc71b3ab473c:c2248, 2bfdf505-3a1f-44eb-9843-3820b2477da1:c2248]
2019-09-05 19:10:38,289 [grpc-default-executor-0] INFO  client.GrpcClientProtocolClient (GrpcClientProtocolClient.java:onNext(255)) - client-729EAB8E4297->a9cb8897-0d38-4c59-817a-d67a8ba30c67: receive RaftClientReply:client-729EAB8E4297->a9cb8897-0d38-4c59-817a-d67a8ba30c67@group-A55F67FDC954, cid=1551, SUCCESS, logIndex=2255, commits[a9cb8897-0d38-4c59-817a-d67a8ba30c67:c2256, 41e21bac-56c9-465a-a1cc-bc71b3ab473c:c2254, 2bfdf505-3a1f-44eb-9843-3820b2477da1:c2254]
2019-09-05 19:10:38,290 [grpc-default-executor-0] INFO  client.GrpcClientProtocolClient (GrpcClientProtocolClient.java:onNext(255)) - client-729EAB8E4297->a9cb8897-0d38-4c59-817a-d67a8ba30c67: receive RaftClientReply:client-729EAB8E4297->a9cb8897-0d38-4c59-817a-d67a8ba30c67@group-A55F67FDC954, cid=1552, SUCCESS, logIndex=2256, commits[a9cb8897-0d38-4c59-817a-d67a8ba30c67:c2256, 41e21bac-56c9-465a-a1cc-bc71b3ab473c:c2254, 2bfdf505-3a1f-44eb-9843-3820b2477da1:c2254]
2019-09-05 19:10:38,303 [grpc-default-executor-3] INFO  client.GrpcClientProtocolClient (GrpcClientProtocolClient.java:onNext(255)) - client-729EAB8E4297->a9cb8897-0d38-4c59-817a-d67a8ba30c67: receive RaftClientReply:client-729EAB8E4297->a9cb8897-0d38-4c59-817a-d67a8ba30c67@group-A55F67FDC954, cid=1553, SUCCESS, logIndex=2259, commits[a9cb8897-0d38-4c59-817a-d67a8ba30c67:c2260, 41e21bac-56c9-465a-a1cc-bc71b3ab473c:c2256, 2bfdf505-3a1f-44eb-9843-3820b2477da1:c2256]
2019-09-05 19:10:38,303 [grpc-default-executor-3] INFO  client.GrpcClientProtocolClient (GrpcClientProtocolClient.java:onNext(255)) - client-729EAB8E4297->a9cb8897-0d38-4c59-817a-d67a8ba30c67: receive RaftClientReply:client-729EAB8E4297->a9cb8897-0d38-4c59-817a-d67a8ba30c67@group-A55F67FDC954, cid=1554, SUCCESS, logIndex=2260, commits[a9cb8897-0d38-4c59-817a-d67a8ba30c67:c2260, 41e21bac-56c9-465a-a1cc-bc71b3ab473c:c2256, 2bfdf505-3a1f-44eb-9843-3820b2477da1:c2256]
2019-09-05 19:10:38,315 [grpc-default-executor-3] INFO  client.GrpcClientProtocolClient (GrpcClientProtocolClient.java:onNext(255)) - client-729EAB8E4297->a9cb8897-0d38-4c59-817a-d67a8ba30c67: receive RaftClientReply:client-729EAB8E4297->a9cb8897-0d38-4c59-817a-d67a8ba30c67@group-A55F67FDC954, cid=1555, SUCCESS, logIndex=0, commits[a9cb8897-0d38-4c59-817a-d67a8ba30c67:c2261, 41e21bac-56c9-465a-a1cc-bc71b3ab473c:c2260, 2bfdf505-3a1f-44eb-9843-3820b2477da1:c2260]
 0.00% |█                                                                                                    |  0/1 Time: 0:00:122019-09-05 19:10:38,349 [grpc-default-executor-1] INFO  client.GrpcClientProtocolClient (GrpcClientProtocolClient.java:onNext(255)) - client-729EAB8E4297->a9cb8897-0d38-4c59-817a-d67a8ba30c67: receive RaftClientReply:client-729EAB8E4297->a9cb8897-0d38-4c59-817a-d67a8ba30c67@group-A55F67FDC954, cid=1556, SUCCESS, logIndex=2263, commits[a9cb8897-0d38-4c59-817a-d67a8ba30c67:c2264, 41e21bac-56c9-465a-a1cc-bc71b3ab473c:c2262, 2bfdf505-3a1f-44eb-9843-3820b2477da1:c2262]
2019-09-05 19:10:38,350 [grpc-default-executor-1] INFO  client.GrpcClientProtocolClient (GrpcClientProtocolClient.java:onNext(255)) - client-729EAB8E4297->a9cb8897-0d38-4c59-817a-d67a8ba30c67: receive RaftClientReply:client-729EAB8E4297->a9cb8897-0d38-4c59-817a-d67a8ba30c67@group-A55F67FDC954, cid=1557, SUCCESS, logIndex=2264, commits[a9cb8897-0d38-4c59-817a-d67a8ba30c67:c2266, 41e21bac-56c9-465a-a1cc-bc71b3ab473c:c2262, 2bfdf505-3a1f-44eb-9843-3820b2477da1:c2262]
2019-09-05 19:10:38,351 [grpc-default-executor-3] INFO  client.GrpcClientProtocolClient (GrpcClientProtocolClient.java:onNext(255)) - client-729EAB8E4297->a9cb8897-0d38-4c59-817a-d67a8ba30c67: receive RaftClientReply:client-729EAB8E4297->a9cb8897-0d38-4c59-817a-d67a8ba30c67@group-A55F67FDC954, cid=1558, SUCCESS, logIndex=2265, commits[a9cb8897-0d38-4c59-817a-d67a8ba30c67:c2266, 41e21bac-56c9-465a-a1cc-bc71b3ab473c:c2262, 2bfdf505-3a1f-44eb-9843-3820b2477da1:c2262]
2019-09-05 19:10:38,352 [grpc-default-executor-3] INFO  client.GrpcClientProtocolClient (GrpcClientProtocolClient.java:onNext(255)) - client-729EAB8E4297->a9cb8897-0d38-4c59-817a-d67a8ba30c67: receive RaftClientReply:client-729EAB8E4297->a9cb8897-0d38-4c59-817a-d67a8ba30c67@group-A55F67FDC954, cid=1559, SUCCESS, logIndex=2266, commits[a9cb8897-0d38-4c59-817a-d67a8ba30c67:c2266, 41e21bac-56c9-465a-a1cc-bc71b3ab473c:c2262, 2bfdf505-3a1f-44eb-9843-3820b2477da1:c2262]
2019-09-05 19:10:38,361 [grpc-default-executor-1] INFO  client.GrpcClientProtocolClient (GrpcClientProtocolClient.java:onNext(255)) - client-729EAB8E4297->a9cb8897-0d38-4c59-817a-d67a8ba30c67: receive RaftClientReply:client-729EAB8E4297->a9cb8897-0d38-4c59-817a-d67a8ba30c67@group-A55F67FDC954, cid=1560, SUCCESS, logIndex=0, commits[a9cb8897-0d38-4c59-817a-d67a8ba30c67:c2268, 41e21bac-56c9-465a-a1cc-bc71b3ab473c:c2264, 2bfdf505-3a1f-44eb-9843-3820b2477da1:c2264]
2019-09-05 19:10:38,383 [grpc-default-executor-0] INFO  client.GrpcClientProtocolClient (GrpcClientProtocolClient.java:onNext(255)) - client-729EAB8E4297->a9cb8897-0d38-4c59-817a-d67a8ba30c67: receive RaftClientReply:client-729EAB8E4297->a9cb8897-0d38-4c59-817a-d67a8ba30c67@group-A55F67FDC954, cid=1561, SUCCESS, logIndex=2270, commits[a9cb8897-0d38-4c59-817a-d67a8ba30c67:c2271, 41e21bac-56c9-465a-a1cc-bc71b3ab473c:c2269, 2bfdf505-3a1f-44eb-9843-3820b2477da1:c2269]
2019-09-05 19:10:38,384 [grpc-default-executor-0] INFO  client.GrpcClientProtocolClient (GrpcClientProtocolClient.java:onNext(255)) - client-729EAB8E4297->a9cb8897-0d38-4c59-817a-d67a8ba30c67: receive RaftClientReply:client-729EAB8E4297->a9cb8897-0d38-4c59-817a-d67a8ba30c67@group-A55F67FDC954, cid=1562, SUCCESS, logIndex=2271, commits[a9cb8897-0d38-4c59-817a-d67a8ba30c67:c2271, 41e21bac-56c9-465a-a1cc-bc71b3ab473c:c2269, 2bfdf505-3a1f-44eb-9843-3820b2477da1:c2269]
2019-09-05 19:10:38,413 [grpc-default-executor-3] INFO  client.GrpcClientProtocolClient (GrpcClientProtocolClient.java:onNext(255)) - client-729EAB8E4297->a9cb8897-0d38-4c59-817a-d67a8ba30c67: receive RaftClientReply:client-729EAB8E4297->a9cb8897-0d38-4c59-817a-d67a8ba30c67@group-A55F67FDC954, cid=1563, SUCCESS, logIndex=2274, commits[a9cb8897-0d38-4c59-817a-d67a8ba30c67:c2275, 41e21bac-56c9-465a-a1cc-bc71b3ab473c:c2271, 2bfdf505-3a1f-44eb-9843-3820b2477da1:c2271]
2019-09-05 19:10:38,413 [grpc-default-executor-3] INFO  client.GrpcClientProtocolClient (GrpcClientProtocolClient.java:onNext(255)) - client-729EAB8E4297->a9cb8897-0d38-4c59-817a-d67a8ba30c67: receive RaftClientReply:client-729EAB8E4297->a9cb8897-0d38-4c59-817a-d67a8ba30c67@group-A55F67FDC954, cid=1564, SUCCESS, logIndex=2275, commits[a9cb8897-0d38-4c59-817a-d67a8ba30c67:c2275, 41e21bac-56c9-465a-a1cc-bc71b3ab473c:c2271, 2bfdf505-3a1f-44eb-9843-3820b2477da1:c2271]
2019-09-05 19:10:38,425 [grpc-default-executor-3] INFO  client.GrpcClientProtocolClient (GrpcClientProtocolClient.java:onNext(255)) - client-729EAB8E4297->a9cb8897-0d38-4c59-817a-d67a8ba30c67: receive RaftClientReply:client-729EAB8E4297->a9cb8897-0d38-4c59-817a-d67a8ba30c67@group-A55F67FDC954, cid=1565, SUCCESS, logIndex=0, commits[a9cb8897-0d38-4c59-817a-d67a8ba30c67:c2276, 41e21bac-56c9-465a-a1cc-bc71b3ab473c:c2275, 2bfdf505-3a1f-44eb-9843-3820b2477da1:c2275]
2019-09-05 19:10:38,462 [grpc-default-executor-3] INFO  client.GrpcClientProtocolClient (GrpcClientProtocolClient.java:onNext(255)) - client-729EAB8E4297->a9cb8897-0d38-4c59-817a-d67a8ba30c67: receive RaftClientReply:client-729EAB8E4297->a9cb8897-0d38-4c59-817a-d67a8ba30c67@group-A55F67FDC954, cid=1566, SUCCESS, logIndex=2278, commits[a9cb8897-0d38-4c59-817a-d67a8ba30c67:c2279, 41e21bac-56c9-465a-a1cc-bc71b3ab473c:c2277, 2bfdf505-3a1f-44eb-9843-3820b2477da1:c2277]
2019-09-05 19:10:38,463 [grpc-default-executor-3] INFO  client.GrpcClientProtocolClient (GrpcClientProtocolClient.java:onNext(255)) - client-729EAB8E4297->a9cb8897-0d38-4c59-817a-d67a8ba30c67: receive RaftClientReply:client-729EAB8E4297->a9cb8897-0d38-4c59-817a-d67a8ba30c67@group-A55F67FDC954, cid=1567, SUCCESS, logIndex=2279, commits[a9cb8897-0d38-4c59-817a-d67a8ba30c67:c2280, 41e21bac-56c9-465a-a1cc-bc71b3ab473c:c2277, 2bfdf505-3a1f-44eb-9843-3820b2477da1:c2277]
2019-09-05 19:10:38,469 [grpc-default-executor-0] INFO  client.GrpcClientProtocolClient (GrpcClientProtocolClient.java:onNext(255)) - client-729EAB8E4297->a9cb8897-0d38-4c59-817a-d67a8ba30c67: receive RaftClientReply:client-729EAB8E4297->a9cb8897-0d38-4c59-817a-d67a8ba30c67@group-A55F67FDC954, cid=1568, SUCCESS, logIndex=2280, commits[a9cb8897-0d38-4c59-817a-d67a8ba30c67:c2281, 41e21bac-56c9-465a-a1cc-bc71b3ab473c:c2277, 2bfdf505-3a1f-44eb-9843-3820b2477da1:c2277]
2019-09-05 19:10:38,469 [grpc-default-executor-0] INFO  client.GrpcClientProtocolClient (GrpcClientProtocolClient.java:onNext(255)) - client-729EAB8E4297->a9cb8897-0d38-4c59-817a-d67a8ba30c67: receive RaftClientReply:client-729EAB8E4297->a9cb8897-0d38-4c59-817a-d67a8ba30c67@group-A55F67FDC954, cid=1569, SUCCESS, logIndex=2281, commits[a9cb8897-0d38-4c59-817a-d67a8ba30c67:c2281, 41e21bac-56c9-465a-a1cc-bc71b3ab473c:c2277, 2bfdf505-3a1f-44eb-9843-3820b2477da1:c2277]
2019-09-05 19:10:38,471 [grpc-default-executor-1] INFO  client.GrpcClientProtocolClient (GrpcClientProtocolClient.java:onNext(255)) - client-729EAB8E4297->a9cb8897-0d38-4c59-817a-d67a8ba30c67: receive RaftClientReply:client-729EAB8E4297->a9cb8897-0d38-4c59-817a-d67a8ba30c67@group-A55F67FDC954, cid=1570, SUCCESS, logIndex=0, commits[a9cb8897-0d38-4c59-817a-d67a8ba30c67:c2285, 41e21bac-56c9-465a-a1cc-bc71b3ab473c:c2281, 2bfdf505-3a1f-44eb-9843-3820b2477da1:c2281]
2019-09-05 19:10:38,492 [grpc-default-executor-1] INFO  client.GrpcClientProtocolClient (GrpcClientProtocolClient.java:onNext(255)) - client-729EAB8E4297->a9cb8897-0d38-4c59-817a-d67a8ba30c67: receive RaftClientReply:client-729EAB8E4297->a9cb8897-0d38-4c59-817a-d67a8ba30c67@group-A55F67FDC954, cid=1571, SUCCESS, logIndex=2286, commits[a9cb8897-0d38-4c59-817a-d67a8ba30c67:c2287, 41e21bac-56c9-465a-a1cc-bc71b3ab473c:c2285, 2bfdf505-3a1f-44eb-9843-3820b2477da1:c2285]
2019-09-05 19:10:38,493 [grpc-default-executor-1] INFO  client.GrpcClientProtocolClient (GrpcClientProtocolClient.java:onNext(255)) - client-729EAB8E4297->a9cb8897-0d38-4c59-817a-d67a8ba30c67: receive RaftClientReply:client-729EAB8E4297->a9cb8897-0d38-4c59-817a-d67a8ba30c67@group-A55F67FDC954, cid=1572, SUCCESS, logIndex=2287, commits[a9cb8897-0d38-4c59-817a-d67a8ba30c67:c2287, 41e21bac-56c9-465a-a1cc-bc71b3ab473c:c2285, 2bfdf505-3a1f-44eb-9843-3820b2477da1:c2285]
2019-09-05 19:10:38,517 [grpc-default-executor-1] INFO  client.GrpcClientProtocolClient (GrpcClientProtocolClient.java:onNext(255)) - client-729EAB8E4297->a9cb8897-0d38-4c59-817a-d67a8ba30c67: receive RaftClientReply:client-729EAB8E4297->a9cb8897-0d38-4c59-817a-d67a8ba30c67@group-A55F67FDC954, cid=1573, SUCCESS, logIndex=2290, commits[a9cb8897-0d38-4c59-817a-d67a8ba30c67:c2291, 41e21bac-56c9-465a-a1cc-bc71b3ab473c:c2287, 2bfdf505-3a1f-44eb-9843-3820b2477da1:c2287]
2019-09-05 19:10:38,518 [grpc-default-executor-1] INFO  client.GrpcClientProtocolClient (GrpcClientProtocolClient.java:onNext(255)) - client-729EAB8E4297->a9cb8897-0d38-4c59-817a-d67a8ba30c67: receive RaftClientReply:client-729EAB8E4297->a9cb8897-0d38-4c59-817a-d67a8ba30c67@group-A55F67FDC954, cid=1574, SUCCESS, logIndex=2291, commits[a9cb8897-0d38-4c59-817a-d67a8ba30c67:c2291, 41e21bac-56c9-465a-a1cc-bc71b3ab473c:c2287, 2bfdf505-3a1f-44eb-9843-3820b2477da1:c2287]
2019-09-05 19:10:38,530 [grpc-default-executor-1] INFO  client.GrpcClientProtocolClient (GrpcClientProtocolClient.java:onNext(255)) - client-729EAB8E4297->a9cb8897-0d38-4c59-817a-d67a8ba30c67: receive RaftClientReply:client-729EAB8E4297->a9cb8897-0d38-4c59-817a-d67a8ba30c67@group-A55F67FDC954, cid=1575, SUCCESS, logIndex=0, commits[a9cb8897-0d38-4c59-817a-d67a8ba30c67:c2293, 41e21bac-56c9-465a-a1cc-bc71b3ab473c:c2291, 2bfdf505-3a1f-44eb-9843-3820b2477da1:c2291]
2019-09-05 19:10:38,565 [grpc-default-executor-3] INFO  client.GrpcClientProtocolClient (GrpcClientProtocolClient.java:onNext(255)) - client-729EAB8E4297->a9cb8897-0d38-4c59-817a-d67a8ba30c67: receive RaftClientReply:client-729EAB8E4297->a9cb8897-0d38-4c59-817a-d67a8ba30c67@group-A55F67FDC954, cid=1576, SUCCESS, logIndex=2294, commits[a9cb8897-0d38-4c59-817a-d67a8ba30c67:c2295, 41e21bac-56c9-465a-a1cc-bc71b3ab473c:c2293, 2bfdf505-3a1f-44eb-9843-3820b2477da1:c2293]
2019-09-05 19:10:38,567 [grpc-default-executor-1] INFO  client.GrpcClientProtocolClient (GrpcClientProtocolClient.java:onNext(255)) - client-729EAB8E4297->a9cb8897-0d38-4c59-817a-d67a8ba30c67: receive RaftClientReply:client-729EAB8E4297->a9cb8897-0d38-4c59-817a-d67a8ba30c67@group-A55F67FDC954, cid=1577, SUCCESS, logIndex=2295, commits[a9cb8897-0d38-4c59-817a-d67a8ba30c67:c2295, 41e21bac-56c9-465a-a1cc-bc71b3ab473c:c2293, 2bfdf505-3a1f-44eb-9843-3820b2477da1:c2293]
2019-09-05 19:10:38,567 [grpc-default-executor-3] INFO  client.GrpcClientProtocolClient (GrpcClientProtocolClient.java:onNext(255)) - client-729EAB8E4297->a9cb8897-0d38-4c59-817a-d67a8ba30c67: receive RaftClientReply:client-729EAB8E4297->a9cb8897-0d38-4c59-817a-d67a8ba30c67@group-A55F67FDC954, cid=1578, SUCCESS, logIndex=2296, commits[a9cb8897-0d38-4c59-817a-d67a8ba30c67:c2297, 41e21bac-56c9-465a-a1cc-bc71b3ab473c:c2293, 2bfdf505-3a1f-44eb-9843-3820b2477da1:c2293]
2019-09-05 19:10:38,568 [grpc-default-executor-3] INFO  client.GrpcClientProtocolClient (GrpcClientProtocolClient.java:onNext(255)) - client-729EAB8E4297->a9cb8897-0d38-4c59-817a-d67a8ba30c67: receive RaftClientReply:client-729EAB8E4297->a9cb8897-0d38-4c59-817a-d67a8ba30c67@group-A55F67FDC954, cid=1579, SUCCESS, logIndex=2297, commits[a9cb8897-0d38-4c59-817a-d67a8ba30c67:c2297, 41e21bac-56c9-465a-a1cc-bc71b3ab473c:c2293, 2bfdf505-3a1f-44eb-9843-3820b2477da1:c2293]
2019-09-05 19:10:38,569 [grpc-default-executor-3] INFO  client.GrpcClientProtocolClient (GrpcClientProtocolClient.java:onNext(255)) - client-729EAB8E4297->a9cb8897-0d38-4c59-817a-d67a8ba30c67: receive RaftClientReply:client-729EAB8E4297->a9cb8897-0d38-4c59-817a-d67a8ba30c67@group-A55F67FDC954, cid=1580, SUCCESS, logIndex=0, commits[a9cb8897-0d38-4c59-817a-d67a8ba30c67:c2300, 41e21bac-56c9-465a-a1cc-bc71b3ab473c:c2297, 2bfdf505-3a1f-44eb-9843-3820b2477da1:c2297]
2019-09-05 19:10:38,591 [grpc-default-executor-0] INFO  client.GrpcClientProtocolClient (GrpcClientProtocolClient.java:onNext(255)) - client-729EAB8E4297->a9cb8897-0d38-4c59-817a-d67a8ba30c67: receive RaftClientReply:client-729EAB8E4297->a9cb8897-0d38-4c59-817a-d67a8ba30c67@group-A55F67FDC954, cid=1581, SUCCESS, logIndex=2301, commits[a9cb8897-0d38-4c59-817a-d67a8ba30c67:c2302, 41e21bac-56c9-465a-a1cc-bc71b3ab473c:c2300, 2bfdf505-3a1f-44eb-9843-3820b2477da1:c2300]
2019-09-05 19:10:38,592 [grpc-default-executor-0] INFO  client.GrpcClientProtocolClient (GrpcClientProtocolClient.java:onNext(255)) - client-729EAB8E4297->a9cb8897-0d38-4c59-817a-d67a8ba30c67: receive RaftClientReply:client-729EAB8E4297->a9cb8897-0d38-4c59-817a-d67a8ba30c67@group-A55F67FDC954, cid=1582, SUCCESS, logIndex=2302, commits[a9cb8897-0d38-4c59-817a-d67a8ba30c67:c2302, 41e21bac-56c9-465a-a1cc-bc71b3ab473c:c2300, 2bfdf505-3a1f-44eb-9843-3820b2477da1:c2300]
2019-09-05 19:10:38,607 [grpc-default-executor-3] INFO  client.GrpcClientProtocolClient (GrpcClientProtocolClient.java:onNext(255)) - client-729EAB8E4297->a9cb8897-0d38-4c59-817a-d67a8ba30c67: receive RaftClientReply:client-729EAB8E4297->a9cb8897-0d38-4c59-817a-d67a8ba30c67@group-A55F67FDC954, cid=1583, SUCCESS, logIndex=2305, commits[a9cb8897-0d38-4c59-817a-d67a8ba30c67:c2306, 41e21bac-56c9-465a-a1cc-bc71b3ab473c:c2302, 2bfdf505-3a1f-44eb-9843-3820b2477da1:c2302]
2019-09-05 19:10:38,607 [grpc-default-executor-3] INFO  client.GrpcClientProtocolClient (GrpcClientProtocolClient.java:onNext(255)) - client-729EAB8E4297->a9cb8897-0d38-4c59-817a-d67a8ba30c67: receive RaftClientReply:client-729EAB8E4297->a9cb8897-0d38-4c59-817a-d67a8ba30c67@group-A55F67FDC954, cid=1584, SUCCESS, logIndex=2306, commits[a9cb8897-0d38-4c59-817a-d67a8ba30c67:c2306, 41e21bac-56c9-465a-a1cc-bc71b3ab473c:c2302, 2bfdf505-3a1f-44eb-9843-3820b2477da1:c2302]
2019-09-05 19:10:38,610 [grpc-default-executor-3] INFO  client.GrpcClientProtocolClient (GrpcClientProtocolClient.java:onNext(255)) - client-729EAB8E4297->a9cb8897-0d38-4c59-817a-d67a8ba30c67: receive RaftClientReply:client-729EAB8E4297->a9cb8897-0d38-4c59-817a-d67a8ba30c67@group-A55F67FDC954, cid=1585, SUCCESS, logIndex=0, commits[a9cb8897-0d38-4c59-817a-d67a8ba30c67:c2307, 41e21bac-56c9-465a-a1cc-bc71b3ab473c:c2306, 2bfdf505-3a1f-44eb-9843-3820b2477da1:c2306]
2019-09-05 19:10:38,648 [grpc-default-executor-1] INFO  client.GrpcClientProtocolClient (GrpcClientProtocolClient.java:onNext(255)) - client-729EAB8E4297->a9cb8897-0d38-4c59-817a-d67a8ba30c67: receive RaftClientReply:client-729EAB8E4297->a9cb8897-0d38-4c59-817a-d67a8ba30c67@group-A55F67FDC954, cid=1586, SUCCESS, logIndex=2309, commits[a9cb8897-0d38-4c59-817a-d67a8ba30c67:c2310, 41e21bac-56c9-465a-a1cc-bc71b3ab473c:c2308, 2bfdf505-3a1f-44eb-9843-3820b2477da1:c2308]
2019-09-05 19:10:38,649 [grpc-default-executor-1] INFO  client.GrpcClientProtocolClient (GrpcClientProtocolClient.java:onNext(255)) - client-729EAB8E4297->a9cb8897-0d38-4c59-817a-d67a8ba30c67: receive RaftClientReply:client-729EAB8E4297->a9cb8897-0d38-4c59-817a-d67a8ba30c67@group-A55F67FDC954, cid=1587, SUCCESS, logIndex=2310, commits[a9cb8897-0d38-4c59-817a-d67a8ba30c67:c2312, 41e21bac-56c9-465a-a1cc-bc71b3ab473c:c2308, 2bfdf505-3a1f-44eb-9843-3820b2477da1:c2308]
2019-09-05 19:10:38,650 [grpc-default-executor-3] INFO  client.GrpcClientProtocolClient (GrpcClientProtocolClient.java:onNext(255)) - client-729EAB8E4297->a9cb8897-0d38-4c59-817a-d67a8ba30c67: receive RaftClientReply:client-729EAB8E4297->a9cb8897-0d38-4c59-817a-d67a8ba30c67@group-A55F67FDC954, cid=1588, SUCCESS, logIndex=2311, commits[a9cb8897-0d38-4c59-817a-d67a8ba30c67:c2312, 41e21bac-56c9-465a-a1cc-bc71b3ab473c:c2308, 2bfdf505-3a1f-44eb-9843-3820b2477da1:c2308]
2019-09-05 19:10:38,651 [grpc-default-executor-1] INFO  client.GrpcClientProtocolClient (GrpcClientProtocolClient.java:onNext(255)) - client-729EAB8E4297->a9cb8897-0d38-4c59-817a-d67a8ba30c67: receive RaftClientReply:client-729EAB8E4297->a9cb8897-0d38-4c59-817a-d67a8ba30c67@group-A55F67FDC954, cid=1589, SUCCESS, logIndex=2312, commits[a9cb8897-0d38-4c59-817a-d67a8ba30c67:c2312, 41e21bac-56c9-465a-a1cc-bc71b3ab473c:c2308, 2bfdf505-3a1f-44eb-9843-3820b2477da1:c2308]
2019-09-05 19:10:38,653 [grpc-default-executor-1] INFO  client.GrpcClientProtocolClient (GrpcClientProtocolClient.java:onNext(255)) - client-729EAB8E4297->a9cb8897-0d38-4c59-817a-d67a8ba30c67: receive RaftClientReply:client-729EAB8E4297->a9cb8897-0d38-4c59-817a-d67a8ba30c67@group-A55F67FDC954, cid=1590, SUCCESS, logIndex=0, commits[a9cb8897-0d38-4c59-817a-d67a8ba30c67:c2316, 41e21bac-56c9-465a-a1cc-bc71b3ab473c:c2312, 2bfdf505-3a1f-44eb-9843-3820b2477da1:c2312]
2019-09-05 19:10:38,709 [grpc-default-executor-3] INFO  client.GrpcClientProtocolClient (GrpcClientProtocolClient.java:onNext(255)) - client-729EAB8E4297->a9cb8897-0d38-4c59-817a-d67a8ba30c67: receive RaftClientReply:client-729EAB8E4297->a9cb8897-0d38-4c59-817a-d67a8ba30c67@group-A55F67FDC954, cid=1591, SUCCESS, logIndex=2317, commits[a9cb8897-0d38-4c59-817a-d67a8ba30c67:c2318, 41e21bac-56c9-465a-a1cc-bc71b3ab473c:c2316, 2bfdf505-3a1f-44eb-9843-3820b2477da1:c2316]
2019-09-05 19:10:38,710 [grpc-default-executor-3] INFO  client.GrpcClientProtocolClient (GrpcClientProtocolClient.java:onNext(255)) - client-729EAB8E4297->a9cb8897-0d38-4c59-817a-d67a8ba30c67: receive RaftClientReply:client-729EAB8E4297->a9cb8897-0d38-4c59-817a-d67a8ba30c67@group-A55F67FDC954, cid=1592, SUCCESS, logIndex=2318, commits[a9cb8897-0d38-4c59-817a-d67a8ba30c67:c2318, 41e21bac-56c9-465a-a1cc-bc71b3ab473c:c2316, 2bfdf505-3a1f-44eb-9843-3820b2477da1:c2316]
2019-09-05 19:10:38,726 [grpc-default-executor-1] INFO  client.GrpcClientProtocolClient (GrpcClientProtocolClient.java:onNext(255)) - client-729EAB8E4297->a9cb8897-0d38-4c59-817a-d67a8ba30c67: receive RaftClientReply:client-729EAB8E4297->a9cb8897-0d38-4c59-817a-d67a8ba30c67@group-A55F67FDC954, cid=1593, SUCCESS, logIndex=2321, commits[a9cb8897-0d38-4c59-817a-d67a8ba30c67:c2322, 41e21bac-56c9-465a-a1cc-bc71b3ab473c:c2320, 2bfdf505-3a1f-44eb-9843-3820b2477da1:c2320]
2019-09-05 19:10:38,727 [grpc-default-executor-1] INFO  client.GrpcClientProtocolClient (GrpcClientProtocolClient.java:onNext(255)) - client-729EAB8E4297->a9cb8897-0d38-4c59-817a-d67a8ba30c67: receive RaftClientReply:client-729EAB8E4297->a9cb8897-0d38-4c59-817a-d67a8ba30c67@group-A55F67FDC954, cid=1594, SUCCESS, logIndex=2322, commits[a9cb8897-0d38-4c59-817a-d67a8ba30c67:c2322, 41e21bac-56c9-465a-a1cc-bc71b3ab473c:c2320, 2bfdf505-3a1f-44eb-9843-3820b2477da1:c2320]
2019-09-05 19:10:38,733 [grpc-default-executor-0] INFO  client.GrpcClientProtocolClient (GrpcClientProtocolClient.java:onNext(255)) - client-729EAB8E4297->a9cb8897-0d38-4c59-817a-d67a8ba30c67: receive RaftClientReply:client-729EAB8E4297->a9cb8897-0d38-4c59-817a-d67a8ba30c67@group-A55F67FDC954, cid=1595, SUCCESS, logIndex=0, commits[a9cb8897-0d38-4c59-817a-d67a8ba30c67:c2323, 41e21bac-56c9-465a-a1cc-bc71b3ab473c:c2322, 2bfdf505-3a1f-44eb-9843-3820b2477da1:c2322]
2019-09-05 19:10:38,763 [grpc-default-executor-0] INFO  client.GrpcClientProtocolClient (GrpcClientProtocolClient.java:onNext(255)) - client-729EAB8E4297->a9cb8897-0d38-4c59-817a-d67a8ba30c67: receive RaftClientReply:client-729EAB8E4297->a9cb8897-0d38-4c59-817a-d67a8ba30c67@group-A55F67FDC954, cid=1596, SUCCESS, logIndex=2325, commits[a9cb8897-0d38-4c59-817a-d67a8ba30c67:c2326, 41e21bac-56c9-465a-a1cc-bc71b3ab473c:c2324, 2bfdf505-3a1f-44eb-9843-3820b2477da1:c2324]
2019-09-05 19:10:38,764 [grpc-default-executor-0] INFO  client.GrpcClientProtocolClient (GrpcClientProtocolClient.java:onNext(255)) - client-729EAB8E4297->a9cb8897-0d38-4c59-817a-d67a8ba30c67: receive RaftClientReply:client-729EAB8E4297->a9cb8897-0d38-4c59-817a-d67a8ba30c67@group-A55F67FDC954, cid=1597, SUCCESS, logIndex=2326, commits[a9cb8897-0d38-4c59-817a-d67a8ba30c67:c2326, 41e21bac-56c9-465a-a1cc-bc71b3ab473c:c2324, 2bfdf505-3a1f-44eb-9843-3820b2477da1:c2324]
2019-09-05 19:10:38,767 [grpc-default-executor-0] INFO  client.GrpcClientProtocolClient (GrpcClientProtocolClient.java:onNext(255)) - client-729EAB8E4297->a9cb8897-0d38-4c59-817a-d67a8ba30c67: receive RaftClientReply:client-729EAB8E4297->a9cb8897-0d38-4c59-817a-d67a8ba30c67@group-A55F67FDC954, cid=1598, SUCCESS, logIndex=2327, commits[a9cb8897-0d38-4c59-817a-d67a8ba30c67:c2330, 41e21bac-56c9-465a-a1cc-bc71b3ab473c:c2324, 2bfdf505-3a1f-44eb-9843-3820b2477da1:c2326]
2019-09-05 19:10:38,767 [grpc-default-executor-0] INFO  client.GrpcClientProtocolClient (GrpcClientProtocolClient.java:onNext(255)) - client-729EAB8E4297->a9cb8897-0d38-4c59-817a-d67a8ba30c67: receive RaftClientReply:client-729EAB8E4297->a9cb8897-0d38-4c59-817a-d67a8ba30c67@group-A55F67FDC954, cid=1599, SUCCESS, logIndex=2328, commits[a9cb8897-0d38-4c59-817a-d67a8ba30c67:c2330, 41e21bac-56c9-465a-a1cc-bc71b3ab473c:c2324, 2bfdf505-3a1f-44eb-9843-3820b2477da1:c2326]
2019-09-05 19:10:38,769 [grpc-default-executor-0] INFO  client.GrpcClientProtocolClient (GrpcClientProtocolClient.java:onNext(255)) - client-729EAB8E4297->a9cb8897-0d38-4c59-817a-d67a8ba30c67: receive RaftClientReply:client-729EAB8E4297->a9cb8897-0d38-4c59-817a-d67a8ba30c67@group-A55F67FDC954, cid=1600, SUCCESS, logIndex=0, commits[a9cb8897-0d38-4c59-817a-d67a8ba30c67:c2330, 41e21bac-56c9-465a-a1cc-bc71b3ab473c:c2326, 2bfdf505-3a1f-44eb-9843-3820b2477da1:c2326]
2019-09-05 19:10:38,785 [grpc-default-executor-2] INFO  client.GrpcClientProtocolClient (GrpcClientProtocolClient.java:onNext(255)) - client-729EAB8E4297->a9cb8897-0d38-4c59-817a-d67a8ba30c67: receive RaftClientReply:client-729EAB8E4297->a9cb8897-0d38-4c59-817a-d67a8ba30c67@group-A55F67FDC954, cid=1601, SUCCESS, logIndex=2333, commits[a9cb8897-0d38-4c59-817a-d67a8ba30c67:c2334, 41e21bac-56c9-465a-a1cc-bc71b3ab473c:c2332, 2bfdf505-3a1f-44eb-9843-3820b2477da1:c2332]
2019-09-05 19:10:38,786 [grpc-default-executor-2] INFO  client.GrpcClientProtocolClient (GrpcClientProtocolClient.java:onNext(255)) - client-729EAB8E4297->a9cb8897-0d38-4c59-817a-d67a8ba30c67: receive RaftClientReply:client-729EAB8E4297->a9cb8897-0d38-4c59-817a-d67a8ba30c67@group-A55F67FDC954, cid=1602, SUCCESS, logIndex=2334, commits[a9cb8897-0d38-4c59-817a-d67a8ba30c67:c2334, 41e21bac-56c9-465a-a1cc-bc71b3ab473c:c2332, 2bfdf505-3a1f-44eb-9843-3820b2477da1:c2332]
2019-09-05 19:10:38,802 [grpc-default-executor-2] INFO  client.GrpcClientProtocolClient (GrpcClientProtocolClient.java:onNext(255)) - client-729EAB8E4297->a9cb8897-0d38-4c59-817a-d67a8ba30c67: receive RaftClientReply:client-729EAB8E4297->a9cb8897-0d38-4c59-817a-d67a8ba30c67@group-A55F67FDC954, cid=1603, SUCCESS, logIndex=2337, commits[a9cb8897-0d38-4c59-817a-d67a8ba30c67:c2338, 41e21bac-56c9-465a-a1cc-bc71b3ab473c:c2336, 2bfdf505-3a1f-44eb-9843-3820b2477da1:c2334]
2019-09-05 19:10:38,802 [grpc-default-executor-2] INFO  client.GrpcClientProtocolClient (GrpcClientProtocolClient.java:onNext(255)) - client-729EAB8E4297->a9cb8897-0d38-4c59-817a-d67a8ba30c67: receive RaftClientReply:client-729EAB8E4297->a9cb8897-0d38-4c59-817a-d67a8ba30c67@group-A55F67FDC954, cid=1604, SUCCESS, logIndex=2338, commits[a9cb8897-0d38-4c59-817a-d67a8ba30c67:c2338, 41e21bac-56c9-465a-a1cc-bc71b3ab473c:c2336, 2bfdf505-3a1f-44eb-9843-3820b2477da1:c2334]
2019-09-05 19:10:38,804 [grpc-default-executor-2] INFO  client.GrpcClientProtocolClient (GrpcClientProtocolClient.java:onNext(255)) - client-729EAB8E4297->a9cb8897-0d38-4c59-817a-d67a8ba30c67: receive RaftClientReply:client-729EAB8E4297->a9cb8897-0d38-4c59-817a-d67a8ba30c67@group-A55F67FDC954, cid=1605, SUCCESS, logIndex=0, commits[a9cb8897-0d38-4c59-817a-d67a8ba30c67:c2339, 41e21bac-56c9-465a-a1cc-bc71b3ab473c:c2338, 2bfdf505-3a1f-44eb-9843-3820b2477da1:c2338]
2019-09-05 19:10:38,837 [grpc-default-executor-2] INFO  client.GrpcClientProtocolClient (GrpcClientProtocolClient.java:onNext(255)) - client-729EAB8E4297->a9cb8897-0d38-4c59-817a-d67a8ba30c67: receive RaftClientReply:client-729EAB8E4297->a9cb8897-0d38-4c59-817a-d67a8ba30c67@group-A55F67FDC954, cid=1606, SUCCESS, logIndex=2341, commits[a9cb8897-0d38-4c59-817a-d67a8ba30c67:c2342, 41e21bac-56c9-465a-a1cc-bc71b3ab473c:c2340, 2bfdf505-3a1f-44eb-9843-3820b2477da1:c2340]
2019-09-05 19:10:38,838 [grpc-default-executor-2] INFO  client.GrpcClientProtocolClient (GrpcClientProtocolClient.java:onNext(255)) - client-729EAB8E4297->a9cb8897-0d38-4c59-817a-d67a8ba30c67: receive RaftClientReply:client-729EAB8E4297->a9cb8897-0d38-4c59-817a-d67a8ba30c67@group-A55F67FDC954, cid=1607, SUCCESS, logIndex=2342, commits[a9cb8897-0d38-4c59-817a-d67a8ba30c67:c2342, 41e21bac-56c9-465a-a1cc-bc71b3ab473c:c2340, 2bfdf505-3a1f-44eb-9843-3820b2477da1:c2340]
2019-09-05 19:10:38,841 [grpc-default-executor-3] INFO  client.GrpcClientProtocolClient (GrpcClientProtocolClient.java:onNext(255)) - client-729EAB8E4297->a9cb8897-0d38-4c59-817a-d67a8ba30c67: receive RaftClientReply:client-729EAB8E4297->a9cb8897-0d38-4c59-817a-d67a8ba30c67@group-A55F67FDC954, cid=1608, SUCCESS, logIndex=2343, commits[a9cb8897-0d38-4c59-817a-d67a8ba30c67:c2346, 41e21bac-56c9-465a-a1cc-bc71b3ab473c:c2342, 2bfdf505-3a1f-44eb-9843-3820b2477da1:c2340]
2019-09-05 19:10:38,842 [grpc-default-executor-3] INFO  client.GrpcClientProtocolClient (GrpcClientProtocolClient.java:onNext(255)) - client-729EAB8E4297->a9cb8897-0d38-4c59-817a-d67a8ba30c67: receive RaftClientReply:client-729EAB8E4297->a9cb8897-0d38-4c59-817a-d67a8ba30c67@group-A55F67FDC954, cid=1609, SUCCESS, logIndex=2344, commits[a9cb8897-0d38-4c59-817a-d67a8ba30c67:c2346, 41e21bac-56c9-465a-a1cc-bc71b3ab473c:c2342, 2bfdf505-3a1f-44eb-9843-3820b2477da1:c2340]
2019-09-05 19:10:38,844 [grpc-default-executor-3] INFO  client.GrpcClientProtocolClient (GrpcClientProtocolClient.java:onNext(255)) - client-729EAB8E4297->a9cb8897-0d38-4c59-817a-d67a8ba30c67: receive RaftClientReply:client-729EAB8E4297->a9cb8897-0d38-4c59-817a-d67a8ba30c67@group-A55F67FDC954, cid=1610, SUCCESS, logIndex=0, commits[a9cb8897-0d38-4c59-817a-d67a8ba30c67:c2346, 41e21bac-56c9-465a-a1cc-bc71b3ab473c:c2342, 2bfdf505-3a1f-44eb-9843-3820b2477da1:c2342]
2019-09-05 19:10:38,861 [grpc-default-executor-2] INFO  client.GrpcClientProtocolClient (GrpcClientProtocolClient.java:onNext(255)) - client-729EAB8E4297->a9cb8897-0d38-4c59-817a-d67a8ba30c67: receive RaftClientReply:client-729EAB8E4297->a9cb8897-0d38-4c59-817a-d67a8ba30c67@group-A55F67FDC954, cid=1611, SUCCESS, logIndex=2349, commits[a9cb8897-0d38-4c59-817a-d67a8ba30c67:c2350, 41e21bac-56c9-465a-a1cc-bc71b3ab473c:c2348, 2bfdf505-3a1f-44eb-9843-3820b2477da1:c2346]
2019-09-05 19:10:38,862 [grpc-default-executor-2] INFO  client.GrpcClientProtocolClient (GrpcClientProtocolClient.java:onNext(255)) - client-729EAB8E4297->a9cb8897-0d38-4c59-817a-d67a8ba30c67: receive RaftClientReply:client-729EAB8E4297->a9cb8897-0d38-4c59-817a-d67a8ba30c67@group-A55F67FDC954, cid=1612, SUCCESS, logIndex=2350, commits[a9cb8897-0d38-4c59-817a-d67a8ba30c67:c2350, 41e21bac-56c9-465a-a1cc-bc71b3ab473c:c2348, 2bfdf505-3a1f-44eb-9843-3820b2477da1:c2348]
2019-09-05 19:10:38,878 [grpc-default-executor-0] INFO  client.GrpcClientProtocolClient (GrpcClientProtocolClient.java:onNext(255)) - client-729EAB8E4297->a9cb8897-0d38-4c59-817a-d67a8ba30c67: receive RaftClientReply:client-729EAB8E4297->a9cb8897-0d38-4c59-817a-d67a8ba30c67@group-A55F67FDC954, cid=1613, SUCCESS, logIndex=2353, commits[a9cb8897-0d38-4c59-817a-d67a8ba30c67:c2354, 41e21bac-56c9-465a-a1cc-bc71b3ab473c:c2352, 2bfdf505-3a1f-44eb-9843-3820b2477da1:c2350]
2019-09-05 19:10:38,879 [grpc-default-executor-0] INFO  client.GrpcClientProtocolClient (GrpcClientProtocolClient.java:onNext(255)) - client-729EAB8E4297->a9cb8897-0d38-4c59-817a-d67a8ba30c67: receive RaftClientReply:client-729EAB8E4297->a9cb8897-0d38-4c59-817a-d67a8ba30c67@group-A55F67FDC954, cid=1614, SUCCESS, logIndex=2354, commits[a9cb8897-0d38-4c59-817a-d67a8ba30c67:c2354, 41e21bac-56c9-465a-a1cc-bc71b3ab473c:c2352, 2bfdf505-3a1f-44eb-9843-3820b2477da1:c2352]
2019-09-05 19:10:38,881 [grpc-default-executor-2] INFO  client.GrpcClientProtocolClient (GrpcClientProtocolClient.java:onNext(255)) - client-729EAB8E4297->a9cb8897-0d38-4c59-817a-d67a8ba30c67: receive RaftClientReply:client-729EAB8E4297->a9cb8897-0d38-4c59-817a-d67a8ba30c67@group-A55F67FDC954, cid=1615, SUCCESS, logIndex=0, commits[a9cb8897-0d38-4c59-817a-d67a8ba30c67:c2355, 41e21bac-56c9-465a-a1cc-bc71b3ab473c:c2354, 2bfdf505-3a1f-44eb-9843-3820b2477da1:c2354]
2019-09-05 19:10:38,920 [grpc-default-executor-1] INFO  client.GrpcClientProtocolClient (GrpcClientProtocolClient.java:onNext(255)) - client-729EAB8E4297->a9cb8897-0d38-4c59-817a-d67a8ba30c67: receive RaftClientReply:client-729EAB8E4297->a9cb8897-0d38-4c59-817a-d67a8ba30c67@group-A55F67FDC954, cid=1616, SUCCESS, logIndex=2357, commits[a9cb8897-0d38-4c59-817a-d67a8ba30c67:c2358, 41e21bac-56c9-465a-a1cc-bc71b3ab473c:c2356, 2bfdf505-3a1f-44eb-9843-3820b2477da1:c2356]
2019-09-05 19:10:38,921 [grpc-default-executor-1] INFO  client.GrpcClientProtocolClient (GrpcClientProtocolClient.java:onNext(255)) - client-729EAB8E4297->a9cb8897-0d38-4c59-817a-d67a8ba30c67: receive RaftClientReply:client-729EAB8E4297->a9cb8897-0d38-4c59-817a-d67a8ba30c67@group-A55F67FDC954, cid=1617, SUCCESS, logIndex=2358, commits[a9cb8897-0d38-4c59-817a-d67a8ba30c67:c2358, 41e21bac-56c9-465a-a1cc-bc71b3ab473c:c2356, 2bfdf505-3a1f-44eb-9843-3820b2477da1:c2356]
2019-09-05 19:10:38,922 [grpc-default-executor-2] INFO  client.GrpcClientProtocolClient (GrpcClientProtocolClient.java:onNext(255)) - client-729EAB8E4297->a9cb8897-0d38-4c59-817a-d67a8ba30c67: receive RaftClientReply:client-729EAB8E4297->a9cb8897-0d38-4c59-817a-d67a8ba30c67@group-A55F67FDC954, cid=1618, SUCCESS, logIndex=2359, commits[a9cb8897-0d38-4c59-817a-d67a8ba30c67:c2360, 41e21bac-56c9-465a-a1cc-bc71b3ab473c:c2356, 2bfdf505-3a1f-44eb-9843-3820b2477da1:c2356]
2019-09-05 19:10:38,924 [grpc-default-executor-1] INFO  client.GrpcClientProtocolClient (GrpcClientProtocolClient.java:onNext(255)) - client-729EAB8E4297->a9cb8897-0d38-4c59-817a-d67a8ba30c67: receive RaftClientReply:client-729EAB8E4297->a9cb8897-0d38-4c59-817a-d67a8ba30c67@group-A55F67FDC954, cid=1619, SUCCESS, logIndex=2360, commits[a9cb8897-0d38-4c59-817a-d67a8ba30c67:c2360, 41e21bac-56c9-465a-a1cc-bc71b3ab473c:c2356, 2bfdf505-3a1f-44eb-9843-3820b2477da1:c2356]
2019-09-05 19:10:38,926 [grpc-default-executor-1] INFO  client.GrpcClientProtocolClient (GrpcClientProtocolClient.java:onNext(255)) - client-729EAB8E4297->a9cb8897-0d38-4c59-817a-d67a8ba30c67: receive RaftClientReply:client-729EAB8E4297->a9cb8897-0d38-4c59-817a-d67a8ba30c67@group-A55F67FDC954, cid=1620, SUCCESS, logIndex=0, commits[a9cb8897-0d38-4c59-817a-d67a8ba30c67:c2363, 41e21bac-56c9-465a-a1cc-bc71b3ab473c:c2360, 2bfdf505-3a1f-44eb-9843-3820b2477da1:c2360]
2019-09-05 19:10:39,148 [grpc-default-executor-1] INFO  client.GrpcClientProtocolClient (GrpcClientProtocolClient.java:onNext(255)) - client-729EAB8E4297->a9cb8897-0d38-4c59-817a-d67a8ba30c67: receive RaftClientReply:client-729EAB8E4297->a9cb8897-0d38-4c59-817a-d67a8ba30c67@group-A55F67FDC954, cid=1621, SUCCESS, logIndex=2364, commits[a9cb8897-0d38-4c59-817a-d67a8ba30c67:c2365, 41e21bac-56c9-465a-a1cc-bc71b3ab473c:c2363, 2bfdf505-3a1f-44eb-9843-3820b2477da1:c2363]
2019-09-05 19:10:39,148 [grpc-default-executor-1] INFO  client.GrpcClientProtocolClient (GrpcClientProtocolClient.java:onNext(255)) - client-729EAB8E4297->a9cb8897-0d38-4c59-817a-d67a8ba30c67: receive RaftClientReply:client-729EAB8E4297->a9cb8897-0d38-4c59-817a-d67a8ba30c67@group-A55F67FDC954, cid=1622, SUCCESS, logIndex=2365, commits[a9cb8897-0d38-4c59-817a-d67a8ba30c67:c2365, 41e21bac-56c9-465a-a1cc-bc71b3ab473c:c2363, 2bfdf505-3a1f-44eb-9843-3820b2477da1:c2363]
2019-09-05 19:10:39,170 [grpc-default-executor-0] INFO  client.GrpcClientProtocolClient (GrpcClientProtocolClient.java:onNext(255)) - client-729EAB8E4297->a9cb8897-0d38-4c59-817a-d67a8ba30c67: receive RaftClientReply:client-729EAB8E4297->a9cb8897-0d38-4c59-817a-d67a8ba30c67@group-A55F67FDC954, cid=1623, SUCCESS, logIndex=2368, commits[a9cb8897-0d38-4c59-817a-d67a8ba30c67:c2369, 41e21bac-56c9-465a-a1cc-bc71b3ab473c:c2365, 2bfdf505-3a1f-44eb-9843-3820b2477da1:c2365]
2019-09-05 19:10:39,171 [grpc-default-executor-0] INFO  client.GrpcClientProtocolClient (GrpcClientProtocolClient.java:onNext(255)) - client-729EAB8E4297->a9cb8897-0d38-4c59-817a-d67a8ba30c67: receive RaftClientReply:client-729EAB8E4297->a9cb8897-0d38-4c59-817a-d67a8ba30c67@group-A55F67FDC954, cid=1624, SUCCESS, logIndex=2369, commits[a9cb8897-0d38-4c59-817a-d67a8ba30c67:c2369, 41e21bac-56c9-465a-a1cc-bc71b3ab473c:c2365, 2bfdf505-3a1f-44eb-9843-3820b2477da1:c2365]
2019-09-05 19:10:39,182 [grpc-default-executor-0] INFO  client.GrpcClientProtocolClient (GrpcClientProtocolClient.java:onNext(255)) - client-729EAB8E4297->a9cb8897-0d38-4c59-817a-d67a8ba30c67: receive RaftClientReply:client-729EAB8E4297->a9cb8897-0d38-4c59-817a-d67a8ba30c67@group-A55F67FDC954, cid=1625, SUCCESS, logIndex=0, commits[a9cb8897-0d38-4c59-817a-d67a8ba30c67:c2371, 41e21bac-56c9-465a-a1cc-bc71b3ab473c:c2369, 2bfdf505-3a1f-44eb-9843-3820b2477da1:c2369]
2019-09-05 19:10:39,218 [grpc-default-executor-2] INFO  client.GrpcClientProtocolClient (GrpcClientProtocolClient.java:onNext(255)) - client-729EAB8E4297->a9cb8897-0d38-4c59-817a-d67a8ba30c67: receive RaftClientReply:client-729EAB8E4297->a9cb8897-0d38-4c59-817a-d67a8ba30c67@group-A55F67FDC954, cid=1626, SUCCESS, logIndex=2372, commits[a9cb8897-0d38-4c59-817a-d67a8ba30c67:c2373, 41e21bac-56c9-465a-a1cc-bc71b3ab473c:c2371, 2bfdf505-3a1f-44eb-9843-3820b2477da1:c2371]
2019-09-05 19:10:39,220 [grpc-default-executor-2] INFO  client.GrpcClientProtocolClient (GrpcClientProtocolClient.java:onNext(255)) - client-729EAB8E4297->a9cb8897-0d38-4c59-817a-d67a8ba30c67: receive RaftClientReply:client-729EAB8E4297->a9cb8897-0d38-4c59-817a-d67a8ba30c67@group-A55F67FDC954, cid=1627, SUCCESS, logIndex=2373, commits[a9cb8897-0d38-4c59-817a-d67a8ba30c67:c2375, 41e21bac-56c9-465a-a1cc-bc71b3ab473c:c2371, 2bfdf505-3a1f-44eb-9843-3820b2477da1:c2371]
2019-09-05 19:10:39,220 [grpc-default-executor-2] INFO  client.GrpcClientProtocolClient (GrpcClientProtocolClient.java:onNext(255)) - client-729EAB8E4297->a9cb8897-0d38-4c59-817a-d67a8ba30c67: receive RaftClientReply:client-729EAB8E4297->a9cb8897-0d38-4c59-817a-d67a8ba30c67@group-A55F67FDC954, cid=1628, SUCCESS, logIndex=2374, commits[a9cb8897-0d38-4c59-817a-d67a8ba30c67:c2375, 41e21bac-56c9-465a-a1cc-bc71b3ab473c:c2371, 2bfdf505-3a1f-44eb-9843-3820b2477da1:c2371]
2019-09-05 19:10:39,220 [grpc-default-executor-2] INFO  client.GrpcClientProtocolClient (GrpcClientProtocolClient.java:onNext(255)) - client-729EAB8E4297->a9cb8897-0d38-4c59-817a-d67a8ba30c67: receive RaftClientReply:client-729EAB8E4297->a9cb8897-0d38-4c59-817a-d67a8ba30c67@group-A55F67FDC954, cid=1629, SUCCESS, logIndex=2375, commits[a9cb8897-0d38-4c59-817a-d67a8ba30c67:c2375, 41e21bac-56c9-465a-a1cc-bc71b3ab473c:c2371, 2bfdf505-3a1f-44eb-9843-3820b2477da1:c2371]
2019-09-05 19:10:39,222 [grpc-default-executor-2] INFO  client.GrpcClientProtocolClient (GrpcClientProtocolClient.java:onNext(255)) - client-729EAB8E4297->a9cb8897-0d38-4c59-817a-d67a8ba30c67: receive RaftClientReply:client-729EAB8E4297->a9cb8897-0d38-4c59-817a-d67a8ba30c67@group-A55F67FDC954, cid=1630, SUCCESS, logIndex=0, commits[a9cb8897-0d38-4c59-817a-d67a8ba30c67:c2379, 41e21bac-56c9-465a-a1cc-bc71b3ab473c:c2375, 2bfdf505-3a1f-44eb-9843-3820b2477da1:c2373]
2019-09-05 19:10:39,243 [grpc-default-executor-2] INFO  client.GrpcClientProtocolClient (GrpcClientProtocolClient.java:onNext(255)) - client-729EAB8E4297->a9cb8897-0d38-4c59-817a-d67a8ba30c67: receive RaftClientReply:client-729EAB8E4297->a9cb8897-0d38-4c59-817a-d67a8ba30c67@group-A55F67FDC954, cid=1631, SUCCESS, logIndex=2380, commits[a9cb8897-0d38-4c59-817a-d67a8ba30c67:c2381, 41e21bac-56c9-465a-a1cc-bc71b3ab473c:c2379, 2bfdf505-3a1f-44eb-9843-3820b2477da1:c2379]
2019-09-05 19:10:39,243 [grpc-default-executor-2] INFO  client.GrpcClientProtocolClient (GrpcClientProtocolClient.java:onNext(255)) - client-729EAB8E4297->a9cb8897-0d38-4c59-817a-d67a8ba30c67: receive RaftClientReply:client-729EAB8E4297->a9cb8897-0d38-4c59-817a-d67a8ba30c67@group-A55F67FDC954, cid=1632, SUCCESS, logIndex=2381, commits[a9cb8897-0d38-4c59-817a-d67a8ba30c67:c2381, 41e21bac-56c9-465a-a1cc-bc71b3ab473c:c2379, 2bfdf505-3a1f-44eb-9843-3820b2477da1:c2379]
2019-09-05 19:10:39,259 [grpc-default-executor-2] INFO  client.GrpcClientProtocolClient (GrpcClientProtocolClient.java:onNext(255)) - client-729EAB8E4297->a9cb8897-0d38-4c59-817a-d67a8ba30c67: receive RaftClientReply:client-729EAB8E4297->a9cb8897-0d38-4c59-817a-d67a8ba30c67@group-A55F67FDC954, cid=1633, SUCCESS, logIndex=2384, commits[a9cb8897-0d38-4c59-817a-d67a8ba30c67:c2385, 41e21bac-56c9-465a-a1cc-bc71b3ab473c:c2381, 2bfdf505-3a1f-44eb-9843-3820b2477da1:c2381]
2019-09-05 19:10:39,259 [grpc-default-executor-2] INFO  client.GrpcClientProtocolClient (GrpcClientProtocolClient.java:onNext(255)) - client-729EAB8E4297->a9cb8897-0d38-4c59-817a-d67a8ba30c67: receive RaftClientReply:client-729EAB8E4297->a9cb8897-0d38-4c59-817a-d67a8ba30c67@group-A55F67FDC954, cid=1634, SUCCESS, logIndex=2385, commits[a9cb8897-0d38-4c59-817a-d67a8ba30c67:c2385, 41e21bac-56c9-465a-a1cc-bc71b3ab473c:c2381, 2bfdf505-3a1f-44eb-9843-3820b2477da1:c2381]
2019-09-05 19:10:39,271 [grpc-default-executor-2] INFO  client.GrpcClientProtocolClient (GrpcClientProtocolClient.java:onNext(255)) - client-729EAB8E4297->a9cb8897-0d38-4c59-817a-d67a8ba30c67: receive RaftClientReply:client-729EAB8E4297->a9cb8897-0d38-4c59-817a-d67a8ba30c67@group-A55F67FDC954, cid=1635, SUCCESS, logIndex=0, commits[a9cb8897-0d38-4c59-817a-d67a8ba30c67:c2386, 41e21bac-56c9-465a-a1cc-bc71b3ab473c:c2385, 2bfdf505-3a1f-44eb-9843-3820b2477da1:c2385]
2019-09-05 19:10:39,297 [grpc-default-executor-1] INFO  client.GrpcClientProtocolClient (GrpcClientProtocolClient.java:onNext(255)) - client-729EAB8E4297->a9cb8897-0d38-4c59-817a-d67a8ba30c67: receive RaftClientReply:client-729EAB8E4297->a9cb8897-0d38-4c59-817a-d67a8ba30c67@group-A55F67FDC954, cid=1636, SUCCESS, logIndex=2388, commits[a9cb8897-0d38-4c59-817a-d67a8ba30c67:c2389, 41e21bac-56c9-465a-a1cc-bc71b3ab473c:c2387, 2bfdf505-3a1f-44eb-9843-3820b2477da1:c2387]
2019-09-05 19:10:39,297 [grpc-default-executor-1] INFO  client.GrpcClientProtocolClient (GrpcClientProtocolClient.java:onNext(255)) - client-729EAB8E4297->a9cb8897-0d38-4c59-817a-d67a8ba30c67: receive RaftClientReply:client-729EAB8E4297->a9cb8897-0d38-4c59-817a-d67a8ba30c67@group-A55F67FDC954, cid=1637, SUCCESS, logIndex=2389, commits[a9cb8897-0d38-4c59-817a-d67a8ba30c67:c2389, 41e21bac-56c9-465a-a1cc-bc71b3ab473c:c2387, 2bfdf505-3a1f-44eb-9843-3820b2477da1:c2387]
2019-09-05 19:10:39,298 [grpc-default-executor-1] INFO  client.GrpcClientProtocolClient (GrpcClientProtocolClient.java:onNext(255)) - client-729EAB8E4297->a9cb8897-0d38-4c59-817a-d67a8ba30c67: receive RaftClientReply:client-729EAB8E4297->a9cb8897-0d38-4c59-817a-d67a8ba30c67@group-A55F67FDC954, cid=1638, SUCCESS, logIndex=2390, commits[a9cb8897-0d38-4c59-817a-d67a8ba30c67:c2391, 41e21bac-56c9-465a-a1cc-bc71b3ab473c:c2387, 2bfdf505-3a1f-44eb-9843-3820b2477da1:c2387]
2019-09-05 19:10:39,298 [grpc-default-executor-1] INFO  client.GrpcClientProtocolClient (GrpcClientProtocolClient.java:onNext(255)) - client-729EAB8E4297->a9cb8897-0d38-4c59-817a-d67a8ba30c67: receive RaftClientReply:client-729EAB8E4297->a9cb8897-0d38-4c59-817a-d67a8ba30c67@group-A55F67FDC954, cid=1639, SUCCESS, logIndex=2391, commits[a9cb8897-0d38-4c59-817a-d67a8ba30c67:c2391, 41e21bac-56c9-465a-a1cc-bc71b3ab473c:c2387, 2bfdf505-3a1f-44eb-9843-3820b2477da1:c2387]
2019-09-05 19:10:39,299 [grpc-default-executor-1] INFO  client.GrpcClientProtocolClient (GrpcClientProtocolClient.java:onNext(255)) - client-729EAB8E4297->a9cb8897-0d38-4c59-817a-d67a8ba30c67: receive RaftClientReply:client-729EAB8E4297->a9cb8897-0d38-4c59-817a-d67a8ba30c67@group-A55F67FDC954, cid=1640, SUCCESS, logIndex=0, commits[a9cb8897-0d38-4c59-817a-d67a8ba30c67:c2393, 41e21bac-56c9-465a-a1cc-bc71b3ab473c:c2389, 2bfdf505-3a1f-44eb-9843-3820b2477da1:c2389]
2019-09-05 19:10:39,312 [grpc-default-executor-1] INFO  client.GrpcClientProtocolClient (GrpcClientProtocolClient.java:onNext(255)) - client-729EAB8E4297->a9cb8897-0d38-4c59-817a-d67a8ba30c67: receive RaftClientReply:client-729EAB8E4297->a9cb8897-0d38-4c59-817a-d67a8ba30c67@group-A55F67FDC954, cid=1641, SUCCESS, logIndex=2396, commits[a9cb8897-0d38-4c59-817a-d67a8ba30c67:c2397, 41e21bac-56c9-465a-a1cc-bc71b3ab473c:c2393, 2bfdf505-3a1f-44eb-9843-3820b2477da1:c2391]
2019-09-05 19:10:39,312 [grpc-default-executor-1] INFO  client.GrpcClientProtocolClient (GrpcClientProtocolClient.java:onNext(255)) - client-729EAB8E4297->a9cb8897-0d38-4c59-817a-d67a8ba30c67: receive RaftClientReply:client-729EAB8E4297->a9cb8897-0d38-4c59-817a-d67a8ba30c67@group-A55F67FDC954, cid=1642, SUCCESS, logIndex=2397, commits[a9cb8897-0d38-4c59-817a-d67a8ba30c67:c2397, 41e21bac-56c9-465a-a1cc-bc71b3ab473c:c2393, 2bfdf505-3a1f-44eb-9843-3820b2477da1:c2393]
2019-09-05 19:10:39,332 [grpc-default-executor-1] INFO  client.GrpcClientProtocolClient (GrpcClientProtocolClient.java:onNext(255)) - client-729EAB8E4297->a9cb8897-0d38-4c59-817a-d67a8ba30c67: receive RaftClientReply:client-729EAB8E4297->a9cb8897-0d38-4c59-817a-d67a8ba30c67@group-A55F67FDC954, cid=1643, SUCCESS, logIndex=2399, commits[a9cb8897-0d38-4c59-817a-d67a8ba30c67:c2400, 41e21bac-56c9-465a-a1cc-bc71b3ab473c:c2398, 2bfdf505-3a1f-44eb-9843-3820b2477da1:c2398]
2019-09-05 19:10:39,332 [grpc-default-executor-1] INFO  client.GrpcClientProtocolClient (GrpcClientProtocolClient.java:onNext(255)) - client-729EAB8E4297->a9cb8897-0d38-4c59-817a-d67a8ba30c67: receive RaftClientReply:client-729EAB8E4297->a9cb8897-0d38-4c59-817a-d67a8ba30c67@group-A55F67FDC954, cid=1644, SUCCESS, logIndex=2400, commits[a9cb8897-0d38-4c59-817a-d67a8ba30c67:c2400, 41e21bac-56c9-465a-a1cc-bc71b3ab473c:c2398, 2bfdf505-3a1f-44eb-9843-3820b2477da1:c2398]
 0.00% |█                                                                                                    |  0/1 Time: 0:00:132019-09-05 19:10:39,345 [grpc-default-executor-1] INFO  client.GrpcClientProtocolClient (GrpcClientProtocolClient.java:onNext(255)) - client-729EAB8E4297->a9cb8897-0d38-4c59-817a-d67a8ba30c67: receive RaftClientReply:client-729EAB8E4297->a9cb8897-0d38-4c59-817a-d67a8ba30c67@group-A55F67FDC954, cid=1645, SUCCESS, logIndex=0, commits[a9cb8897-0d38-4c59-817a-d67a8ba30c67:c2402, 41e21bac-56c9-465a-a1cc-bc71b3ab473c:c2400, 2bfdf505-3a1f-44eb-9843-3820b2477da1:c2400]
2019-09-05 19:10:39,372 [grpc-default-executor-3] INFO  client.GrpcClientProtocolClient (GrpcClientProtocolClient.java:onNext(255)) - client-729EAB8E4297->a9cb8897-0d38-4c59-817a-d67a8ba30c67: receive RaftClientReply:client-729EAB8E4297->a9cb8897-0d38-4c59-817a-d67a8ba30c67@group-A55F67FDC954, cid=1646, SUCCESS, logIndex=2403, commits[a9cb8897-0d38-4c59-817a-d67a8ba30c67:c2404, 41e21bac-56c9-465a-a1cc-bc71b3ab473c:c2402, 2bfdf505-3a1f-44eb-9843-3820b2477da1:c2402]
2019-09-05 19:10:39,372 [grpc-default-executor-3] INFO  client.GrpcClientProtocolClient (GrpcClientProtocolClient.java:onNext(255)) - client-729EAB8E4297->a9cb8897-0d38-4c59-817a-d67a8ba30c67: receive RaftClientReply:client-729EAB8E4297->a9cb8897-0d38-4c59-817a-d67a8ba30c67@group-A55F67FDC954, cid=1647, SUCCESS, logIndex=2404, commits[a9cb8897-0d38-4c59-817a-d67a8ba30c67:c2406, 41e21bac-56c9-465a-a1cc-bc71b3ab473c:c2402, 2bfdf505-3a1f-44eb-9843-3820b2477da1:c2402]
2019-09-05 19:10:39,373 [grpc-default-executor-3] INFO  client.GrpcClientProtocolClient (GrpcClientProtocolClient.java:onNext(255)) - client-729EAB8E4297->a9cb8897-0d38-4c59-817a-d67a8ba30c67: receive RaftClientReply:client-729EAB8E4297->a9cb8897-0d38-4c59-817a-d67a8ba30c67@group-A55F67FDC954, cid=1648, SUCCESS, logIndex=2405, commits[a9cb8897-0d38-4c59-817a-d67a8ba30c67:c2406, 41e21bac-56c9-465a-a1cc-bc71b3ab473c:c2402, 2bfdf505-3a1f-44eb-9843-3820b2477da1:c2402]
2019-09-05 19:10:39,373 [grpc-default-executor-3] INFO  client.GrpcClientProtocolClient (GrpcClientProtocolClient.java:onNext(255)) - client-729EAB8E4297->a9cb8897-0d38-4c59-817a-d67a8ba30c67: receive RaftClientReply:client-729EAB8E4297->a9cb8897-0d38-4c59-817a-d67a8ba30c67@group-A55F67FDC954, cid=1649, SUCCESS, logIndex=2406, commits[a9cb8897-0d38-4c59-817a-d67a8ba30c67:c2406, 41e21bac-56c9-465a-a1cc-bc71b3ab473c:c2402, 2bfdf505-3a1f-44eb-9843-3820b2477da1:c2402]
2019-09-05 19:10:39,376 [grpc-default-executor-0] INFO  client.GrpcClientProtocolClient (GrpcClientProtocolClient.java:onNext(255)) - client-729EAB8E4297->a9cb8897-0d38-4c59-817a-d67a8ba30c67: receive RaftClientReply:client-729EAB8E4297->a9cb8897-0d38-4c59-817a-d67a8ba30c67@group-A55F67FDC954, cid=1650, SUCCESS, logIndex=0, commits[a9cb8897-0d38-4c59-817a-d67a8ba30c67:c2410, 41e21bac-56c9-465a-a1cc-bc71b3ab473c:c2406, 2bfdf505-3a1f-44eb-9843-3820b2477da1:c2404]
2019-09-05 19:10:39,389 [grpc-default-executor-0] INFO  client.GrpcClientProtocolClient (GrpcClientProtocolClient.java:onNext(255)) - client-729EAB8E4297->a9cb8897-0d38-4c59-817a-d67a8ba30c67: receive RaftClientReply:client-729EAB8E4297->a9cb8897-0d38-4c59-817a-d67a8ba30c67@group-A55F67FDC954, cid=1651, SUCCESS, logIndex=2411, commits[a9cb8897-0d38-4c59-817a-d67a8ba30c67:c2412, 41e21bac-56c9-465a-a1cc-bc71b3ab473c:c2410, 2bfdf505-3a1f-44eb-9843-3820b2477da1:c2410]
2019-09-05 19:10:39,389 [grpc-default-executor-0] INFO  client.GrpcClientProtocolClient (GrpcClientProtocolClient.java:onNext(255)) - client-729EAB8E4297->a9cb8897-0d38-4c59-817a-d67a8ba30c67: receive RaftClientReply:client-729EAB8E4297->a9cb8897-0d38-4c59-817a-d67a8ba30c67@group-A55F67FDC954, cid=1652, SUCCESS, logIndex=2412, commits[a9cb8897-0d38-4c59-817a-d67a8ba30c67:c2412, 41e21bac-56c9-465a-a1cc-bc71b3ab473c:c2410, 2bfdf505-3a1f-44eb-9843-3820b2477da1:c2410]
2019-09-05 19:10:39,417 [grpc-default-executor-1] INFO  client.GrpcClientProtocolClient (GrpcClientProtocolClient.java:onNext(255)) - client-729EAB8E4297->a9cb8897-0d38-4c59-817a-d67a8ba30c67: receive RaftClientReply:client-729EAB8E4297->a9cb8897-0d38-4c59-817a-d67a8ba30c67@group-A55F67FDC954, cid=1653, SUCCESS, logIndex=2415, commits[a9cb8897-0d38-4c59-817a-d67a8ba30c67:c2416, 41e21bac-56c9-465a-a1cc-bc71b3ab473c:c2414, 2bfdf505-3a1f-44eb-9843-3820b2477da1:c2414]
2019-09-05 19:10:39,417 [grpc-default-executor-1] INFO  client.GrpcClientProtocolClient (GrpcClientProtocolClient.java:onNext(255)) - client-729EAB8E4297->a9cb8897-0d38-4c59-817a-d67a8ba30c67: receive RaftClientReply:client-729EAB8E4297->a9cb8897-0d38-4c59-817a-d67a8ba30c67@group-A55F67FDC954, cid=1654, SUCCESS, logIndex=2416, commits[a9cb8897-0d38-4c59-817a-d67a8ba30c67:c2416, 41e21bac-56c9-465a-a1cc-bc71b3ab473c:c2414, 2bfdf505-3a1f-44eb-9843-3820b2477da1:c2414]
2019-09-05 19:10:39,430 [grpc-default-executor-0] INFO  client.GrpcClientProtocolClient (GrpcClientProtocolClient.java:onNext(255)) - client-729EAB8E4297->a9cb8897-0d38-4c59-817a-d67a8ba30c67: receive RaftClientReply:client-729EAB8E4297->a9cb8897-0d38-4c59-817a-d67a8ba30c67@group-A55F67FDC954, cid=1655, SUCCESS, logIndex=0, commits[a9cb8897-0d38-4c59-817a-d67a8ba30c67:c2418, 41e21bac-56c9-465a-a1cc-bc71b3ab473c:c2416, 2bfdf505-3a1f-44eb-9843-3820b2477da1:c2416]
2019-09-05 19:10:39,464 [grpc-default-executor-1] INFO  client.GrpcClientProtocolClient (GrpcClientProtocolClient.java:onNext(255)) - client-729EAB8E4297->a9cb8897-0d38-4c59-817a-d67a8ba30c67: receive RaftClientReply:client-729EAB8E4297->a9cb8897-0d38-4c59-817a-d67a8ba30c67@group-A55F67FDC954, cid=1656, SUCCESS, logIndex=2419, commits[a9cb8897-0d38-4c59-817a-d67a8ba30c67:c2420, 41e21bac-56c9-465a-a1cc-bc71b3ab473c:c2418, 2bfdf505-3a1f-44eb-9843-3820b2477da1:c2418]
2019-09-05 19:10:39,465 [grpc-default-executor-1] INFO  client.GrpcClientProtocolClient (GrpcClientProtocolClient.java:onNext(255)) - client-729EAB8E4297->a9cb8897-0d38-4c59-817a-d67a8ba30c67: receive RaftClientReply:client-729EAB8E4297->a9cb8897-0d38-4c59-817a-d67a8ba30c67@group-A55F67FDC954, cid=1657, SUCCESS, logIndex=2420, commits[a9cb8897-0d38-4c59-817a-d67a8ba30c67:c2420, 41e21bac-56c9-465a-a1cc-bc71b3ab473c:c2418, 2bfdf505-3a1f-44eb-9843-3820b2477da1:c2418]
2019-09-05 19:10:39,475 [grpc-default-executor-0] INFO  client.GrpcClientProtocolClient (GrpcClientProtocolClient.java:onNext(255)) - client-729EAB8E4297->a9cb8897-0d38-4c59-817a-d67a8ba30c67: receive RaftClientReply:client-729EAB8E4297->a9cb8897-0d38-4c59-817a-d67a8ba30c67@group-A55F67FDC954, cid=1658, SUCCESS, logIndex=2421, commits[a9cb8897-0d38-4c59-817a-d67a8ba30c67:c2422, 41e21bac-56c9-465a-a1cc-bc71b3ab473c:c2418, 2bfdf505-3a1f-44eb-9843-3820b2477da1:c2418]
2019-09-05 19:10:39,475 [grpc-default-executor-0] INFO  client.GrpcClientProtocolClient (GrpcClientProtocolClient.java:onNext(255)) - client-729EAB8E4297->a9cb8897-0d38-4c59-817a-d67a8ba30c67: receive RaftClientReply:client-729EAB8E4297->a9cb8897-0d38-4c59-817a-d67a8ba30c67@group-A55F67FDC954, cid=1659, SUCCESS, logIndex=2422, commits[a9cb8897-0d38-4c59-817a-d67a8ba30c67:c2422, 41e21bac-56c9-465a-a1cc-bc71b3ab473c:c2418, 2bfdf505-3a1f-44eb-9843-3820b2477da1:c2418]
2019-09-05 19:10:39,488 [grpc-default-executor-0] INFO  client.GrpcClientProtocolClient (GrpcClientProtocolClient.java:onNext(255)) - client-729EAB8E4297->a9cb8897-0d38-4c59-817a-d67a8ba30c67: receive RaftClientReply:client-729EAB8E4297->a9cb8897-0d38-4c59-817a-d67a8ba30c67@group-A55F67FDC954, cid=1660, SUCCESS, logIndex=0, commits[a9cb8897-0d38-4c59-817a-d67a8ba30c67:c2424, 41e21bac-56c9-465a-a1cc-bc71b3ab473c:c2420, 2bfdf505-3a1f-44eb-9843-3820b2477da1:c2420]
2019-09-05 19:10:39,508 [grpc-default-executor-2] INFO  client.GrpcClientProtocolClient (GrpcClientProtocolClient.java:onNext(255)) - client-729EAB8E4297->a9cb8897-0d38-4c59-817a-d67a8ba30c67: receive RaftClientReply:client-729EAB8E4297->a9cb8897-0d38-4c59-817a-d67a8ba30c67@group-A55F67FDC954, cid=1661, SUCCESS, logIndex=2427, commits[a9cb8897-0d38-4c59-817a-d67a8ba30c67:c2428, 41e21bac-56c9-465a-a1cc-bc71b3ab473c:c2426, 2bfdf505-3a1f-44eb-9843-3820b2477da1:c2422]
2019-09-05 19:10:39,508 [grpc-default-executor-2] INFO  client.GrpcClientProtocolClient (GrpcClientProtocolClient.java:onNext(255)) - client-729EAB8E4297->a9cb8897-0d38-4c59-817a-d67a8ba30c67: receive RaftClientReply:client-729EAB8E4297->a9cb8897-0d38-4c59-817a-d67a8ba30c67@group-A55F67FDC954, cid=1662, SUCCESS, logIndex=2428, commits[a9cb8897-0d38-4c59-817a-d67a8ba30c67:c2428, 41e21bac-56c9-465a-a1cc-bc71b3ab473c:c2426, 2bfdf505-3a1f-44eb-9843-3820b2477da1:c2426]
2019-09-05 19:10:39,522 [grpc-default-executor-1] INFO  client.GrpcClientProtocolClient (GrpcClientProtocolClient.java:onNext(255)) - client-729EAB8E4297->a9cb8897-0d38-4c59-817a-d67a8ba30c67: receive RaftClientReply:client-729EAB8E4297->a9cb8897-0d38-4c59-817a-d67a8ba30c67@group-A55F67FDC954, cid=1663, SUCCESS, logIndex=2431, commits[a9cb8897-0d38-4c59-817a-d67a8ba30c67:c2432, 41e21bac-56c9-465a-a1cc-bc71b3ab473c:c2428, 2bfdf505-3a1f-44eb-9843-3820b2477da1:c2428]
2019-09-05 19:10:39,523 [grpc-default-executor-1] INFO  client.GrpcClientProtocolClient (GrpcClientProtocolClient.java:onNext(255)) - client-729EAB8E4297->a9cb8897-0d38-4c59-817a-d67a8ba30c67: receive RaftClientReply:client-729EAB8E4297->a9cb8897-0d38-4c59-817a-d67a8ba30c67@group-A55F67FDC954, cid=1664, SUCCESS, logIndex=2432, commits[a9cb8897-0d38-4c59-817a-d67a8ba30c67:c2432, 41e21bac-56c9-465a-a1cc-bc71b3ab473c:c2428, 2bfdf505-3a1f-44eb-9843-3820b2477da1:c2428]
2019-09-05 19:10:39,534 [grpc-default-executor-1] INFO  client.GrpcClientProtocolClient (GrpcClientProtocolClient.java:onNext(255)) - client-729EAB8E4297->a9cb8897-0d38-4c59-817a-d67a8ba30c67: receive RaftClientReply:client-729EAB8E4297->a9cb8897-0d38-4c59-817a-d67a8ba30c67@group-A55F67FDC954, cid=1665, SUCCESS, logIndex=0, commits[a9cb8897-0d38-4c59-817a-d67a8ba30c67:c2433, 41e21bac-56c9-465a-a1cc-bc71b3ab473c:c2432, 2bfdf505-3a1f-44eb-9843-3820b2477da1:c2432]
2019-09-05 19:10:39,562 [grpc-default-executor-1] INFO  client.GrpcClientProtocolClient (GrpcClientProtocolClient.java:onNext(255)) - client-729EAB8E4297->a9cb8897-0d38-4c59-817a-d67a8ba30c67: receive RaftClientReply:client-729EAB8E4297->a9cb8897-0d38-4c59-817a-d67a8ba30c67@group-A55F67FDC954, cid=1666, SUCCESS, logIndex=2435, commits[a9cb8897-0d38-4c59-817a-d67a8ba30c67:c2436, 41e21bac-56c9-465a-a1cc-bc71b3ab473c:c2434, 2bfdf505-3a1f-44eb-9843-3820b2477da1:c2434]
2019-09-05 19:10:39,563 [grpc-default-executor-1] INFO  client.GrpcClientProtocolClient (GrpcClientProtocolClient.java:onNext(255)) - client-729EAB8E4297->a9cb8897-0d38-4c59-817a-d67a8ba30c67: receive RaftClientReply:client-729EAB8E4297->a9cb8897-0d38-4c59-817a-d67a8ba30c67@group-A55F67FDC954, cid=1667, SUCCESS, logIndex=2436, commits[a9cb8897-0d38-4c59-817a-d67a8ba30c67:c2438, 41e21bac-56c9-465a-a1cc-bc71b3ab473c:c2434, 2bfdf505-3a1f-44eb-9843-3820b2477da1:c2434]
2019-09-05 19:10:39,563 [grpc-default-executor-1] INFO  client.GrpcClientProtocolClient (GrpcClientProtocolClient.java:onNext(255)) - client-729EAB8E4297->a9cb8897-0d38-4c59-817a-d67a8ba30c67: receive RaftClientReply:client-729EAB8E4297->a9cb8897-0d38-4c59-817a-d67a8ba30c67@group-A55F67FDC954, cid=1668, SUCCESS, logIndex=2437, commits[a9cb8897-0d38-4c59-817a-d67a8ba30c67:c2438, 41e21bac-56c9-465a-a1cc-bc71b3ab473c:c2434, 2bfdf505-3a1f-44eb-9843-3820b2477da1:c2434]
2019-09-05 19:10:39,563 [grpc-default-executor-1] INFO  client.GrpcClientProtocolClient (GrpcClientProtocolClient.java:onNext(255)) - client-729EAB8E4297->a9cb8897-0d38-4c59-817a-d67a8ba30c67: receive RaftClientReply:client-729EAB8E4297->a9cb8897-0d38-4c59-817a-d67a8ba30c67@group-A55F67FDC954, cid=1669, SUCCESS, logIndex=2438, commits[a9cb8897-0d38-4c59-817a-d67a8ba30c67:c2438, 41e21bac-56c9-465a-a1cc-bc71b3ab473c:c2434, 2bfdf505-3a1f-44eb-9843-3820b2477da1:c2434]
2019-09-05 19:10:39,565 [grpc-default-executor-1] INFO  client.GrpcClientProtocolClient (GrpcClientProtocolClient.java:onNext(255)) - client-729EAB8E4297->a9cb8897-0d38-4c59-817a-d67a8ba30c67: receive RaftClientReply:client-729EAB8E4297->a9cb8897-0d38-4c59-817a-d67a8ba30c67@group-A55F67FDC954, cid=1670, SUCCESS, logIndex=0, commits[a9cb8897-0d38-4c59-817a-d67a8ba30c67:c2440, 41e21bac-56c9-465a-a1cc-bc71b3ab473c:c2436, 2bfdf505-3a1f-44eb-9843-3820b2477da1:c2436]
2019-09-05 19:10:39,584 [grpc-default-executor-1] INFO  client.GrpcClientProtocolClient (GrpcClientProtocolClient.java:onNext(255)) - client-729EAB8E4297->a9cb8897-0d38-4c59-817a-d67a8ba30c67: receive RaftClientReply:client-729EAB8E4297->a9cb8897-0d38-4c59-817a-d67a8ba30c67@group-A55F67FDC954, cid=1671, SUCCESS, logIndex=2443, commits[a9cb8897-0d38-4c59-817a-d67a8ba30c67:c2444, 41e21bac-56c9-465a-a1cc-bc71b3ab473c:c2442, 2bfdf505-3a1f-44eb-9843-3820b2477da1:c2442]
2019-09-05 19:10:39,584 [grpc-default-executor-1] INFO  client.GrpcClientProtocolClient (GrpcClientProtocolClient.java:onNext(255)) - client-729EAB8E4297->a9cb8897-0d38-4c59-817a-d67a8ba30c67: receive RaftClientReply:client-729EAB8E4297->a9cb8897-0d38-4c59-817a-d67a8ba30c67@group-A55F67FDC954, cid=1672, SUCCESS, logIndex=2444, commits[a9cb8897-0d38-4c59-817a-d67a8ba30c67:c2444, 41e21bac-56c9-465a-a1cc-bc71b3ab473c:c2442, 2bfdf505-3a1f-44eb-9843-3820b2477da1:c2442]
2019-09-05 19:10:39,598 [grpc-default-executor-0] INFO  client.GrpcClientProtocolClient (GrpcClientProtocolClient.java:onNext(255)) - client-729EAB8E4297->a9cb8897-0d38-4c59-817a-d67a8ba30c67: receive RaftClientReply:client-729EAB8E4297->a9cb8897-0d38-4c59-817a-d67a8ba30c67@group-A55F67FDC954, cid=1673, SUCCESS, logIndex=2447, commits[a9cb8897-0d38-4c59-817a-d67a8ba30c67:c2447, 41e21bac-56c9-465a-a1cc-bc71b3ab473c:c2444, 2bfdf505-3a1f-44eb-9843-3820b2477da1:c2444]
2019-09-05 19:10:39,599 [grpc-default-executor-0] INFO  client.GrpcClientProtocolClient (GrpcClientProtocolClient.java:onNext(255)) - client-729EAB8E4297->a9cb8897-0d38-4c59-817a-d67a8ba30c67: receive RaftClientReply:client-729EAB8E4297->a9cb8897-0d38-4c59-817a-d67a8ba30c67@group-A55F67FDC954, cid=1674, SUCCESS, logIndex=2448, commits[a9cb8897-0d38-4c59-817a-d67a8ba30c67:c2448, 41e21bac-56c9-465a-a1cc-bc71b3ab473c:c2444, 2bfdf505-3a1f-44eb-9843-3820b2477da1:c2444]
2019-09-05 19:10:39,612 [grpc-default-executor-1] INFO  client.GrpcClientProtocolClient (GrpcClientProtocolClient.java:onNext(255)) - client-729EAB8E4297->a9cb8897-0d38-4c59-817a-d67a8ba30c67: receive RaftClientReply:client-729EAB8E4297->a9cb8897-0d38-4c59-817a-d67a8ba30c67@group-A55F67FDC954, cid=1675, SUCCESS, logIndex=0, commits[a9cb8897-0d38-4c59-817a-d67a8ba30c67:c2450, 41e21bac-56c9-465a-a1cc-bc71b3ab473c:c2448, 2bfdf505-3a1f-44eb-9843-3820b2477da1:c2448]
2019-09-05 19:10:39,638 [grpc-default-executor-3] INFO  client.GrpcClientProtocolClient (GrpcClientProtocolClient.java:onNext(255)) - client-729EAB8E4297->a9cb8897-0d38-4c59-817a-d67a8ba30c67: receive RaftClientReply:client-729EAB8E4297->a9cb8897-0d38-4c59-817a-d67a8ba30c67@group-A55F67FDC954, cid=1676, SUCCESS, logIndex=2451, commits[a9cb8897-0d38-4c59-817a-d67a8ba30c67:c2452, 41e21bac-56c9-465a-a1cc-bc71b3ab473c:c2450, 2bfdf505-3a1f-44eb-9843-3820b2477da1:c2450]
2019-09-05 19:10:39,638 [grpc-default-executor-3] INFO  client.GrpcClientProtocolClient (GrpcClientProtocolClient.java:onNext(255)) - client-729EAB8E4297->a9cb8897-0d38-4c59-817a-d67a8ba30c67: receive RaftClientReply:client-729EAB8E4297->a9cb8897-0d38-4c59-817a-d67a8ba30c67@group-A55F67FDC954, cid=1677, SUCCESS, logIndex=2452, commits[a9cb8897-0d38-4c59-817a-d67a8ba30c67:c2454, 41e21bac-56c9-465a-a1cc-bc71b3ab473c:c2450, 2bfdf505-3a1f-44eb-9843-3820b2477da1:c2450]
2019-09-05 19:10:39,639 [grpc-default-executor-3] INFO  client.GrpcClientProtocolClient (GrpcClientProtocolClient.java:onNext(255)) - client-729EAB8E4297->a9cb8897-0d38-4c59-817a-d67a8ba30c67: receive RaftClientReply:client-729EAB8E4297->a9cb8897-0d38-4c59-817a-d67a8ba30c67@group-A55F67FDC954, cid=1678, SUCCESS, logIndex=2453, commits[a9cb8897-0d38-4c59-817a-d67a8ba30c67:c2454, 41e21bac-56c9-465a-a1cc-bc71b3ab473c:c2450, 2bfdf505-3a1f-44eb-9843-3820b2477da1:c2450]
2019-09-05 19:10:39,639 [grpc-default-executor-3] INFO  client.GrpcClientProtocolClient (GrpcClientProtocolClient.java:onNext(255)) - client-729EAB8E4297->a9cb8897-0d38-4c59-817a-d67a8ba30c67: receive RaftClientReply:client-729EAB8E4297->a9cb8897-0d38-4c59-817a-d67a8ba30c67@group-A55F67FDC954, cid=1679, SUCCESS, logIndex=2454, commits[a9cb8897-0d38-4c59-817a-d67a8ba30c67:c2454, 41e21bac-56c9-465a-a1cc-bc71b3ab473c:c2450, 2bfdf505-3a1f-44eb-9843-3820b2477da1:c2450]
2019-09-05 19:10:39,642 [grpc-default-executor-3] INFO  client.GrpcClientProtocolClient (GrpcClientProtocolClient.java:onNext(255)) - client-729EAB8E4297->a9cb8897-0d38-4c59-817a-d67a8ba30c67: receive RaftClientReply:client-729EAB8E4297->a9cb8897-0d38-4c59-817a-d67a8ba30c67@group-A55F67FDC954, cid=1680, SUCCESS, logIndex=0, commits[a9cb8897-0d38-4c59-817a-d67a8ba30c67:c2456, 41e21bac-56c9-465a-a1cc-bc71b3ab473c:c2452, 2bfdf505-3a1f-44eb-9843-3820b2477da1:c2452]
2019-09-05 19:10:39,666 [grpc-default-executor-0] INFO  client.GrpcClientProtocolClient (GrpcClientProtocolClient.java:onNext(255)) - client-729EAB8E4297->a9cb8897-0d38-4c59-817a-d67a8ba30c67: receive RaftClientReply:client-729EAB8E4297->a9cb8897-0d38-4c59-817a-d67a8ba30c67@group-A55F67FDC954, cid=1681, SUCCESS, logIndex=2458, commits[a9cb8897-0d38-4c59-817a-d67a8ba30c67:c2459, 41e21bac-56c9-465a-a1cc-bc71b3ab473c:c2454, 2bfdf505-3a1f-44eb-9843-3820b2477da1:c2457]
2019-09-05 19:10:39,666 [grpc-default-executor-0] INFO  client.GrpcClientProtocolClient (GrpcClientProtocolClient.java:onNext(255)) - client-729EAB8E4297->a9cb8897-0d38-4c59-817a-d67a8ba30c67: receive RaftClientReply:client-729EAB8E4297->a9cb8897-0d38-4c59-817a-d67a8ba30c67@group-A55F67FDC954, cid=1682, SUCCESS, logIndex=2459, commits[a9cb8897-0d38-4c59-817a-d67a8ba30c67:c2459, 41e21bac-56c9-465a-a1cc-bc71b3ab473c:c2457, 2bfdf505-3a1f-44eb-9843-3820b2477da1:c2457]
2019-09-05 19:10:39,687 [grpc-default-executor-1] INFO  client.GrpcClientProtocolClient (GrpcClientProtocolClient.java:onNext(255)) - client-729EAB8E4297->a9cb8897-0d38-4c59-817a-d67a8ba30c67: receive RaftClientReply:client-729EAB8E4297->a9cb8897-0d38-4c59-817a-d67a8ba30c67@group-A55F67FDC954, cid=1683, SUCCESS, logIndex=2462, commits[a9cb8897-0d38-4c59-817a-d67a8ba30c67:c2463, 41e21bac-56c9-465a-a1cc-bc71b3ab473c:c2461, 2bfdf505-3a1f-44eb-9843-3820b2477da1:c2461]
2019-09-05 19:10:39,687 [grpc-default-executor-1] INFO  client.GrpcClientProtocolClient (GrpcClientProtocolClient.java:onNext(255)) - client-729EAB8E4297->a9cb8897-0d38-4c59-817a-d67a8ba30c67: receive RaftClientReply:client-729EAB8E4297->a9cb8897-0d38-4c59-817a-d67a8ba30c67@group-A55F67FDC954, cid=1684, SUCCESS, logIndex=2463, commits[a9cb8897-0d38-4c59-817a-d67a8ba30c67:c2463, 41e21bac-56c9-465a-a1cc-bc71b3ab473c:c2461, 2bfdf505-3a1f-44eb-9843-3820b2477da1:c2461]
2019-09-05 19:10:39,699 [grpc-default-executor-1] INFO  client.GrpcClientProtocolClient (GrpcClientProtocolClient.java:onNext(255)) - client-729EAB8E4297->a9cb8897-0d38-4c59-817a-d67a8ba30c67: receive RaftClientReply:client-729EAB8E4297->a9cb8897-0d38-4c59-817a-d67a8ba30c67@group-A55F67FDC954, cid=1685, SUCCESS, logIndex=0, commits[a9cb8897-0d38-4c59-817a-d67a8ba30c67:c2465, 41e21bac-56c9-465a-a1cc-bc71b3ab473c:c2463, 2bfdf505-3a1f-44eb-9843-3820b2477da1:c2463]
2019-09-05 19:10:39,725 [grpc-default-executor-3] INFO  client.GrpcClientProtocolClient (GrpcClientProtocolClient.java:onNext(255)) - client-729EAB8E4297->a9cb8897-0d38-4c59-817a-d67a8ba30c67: receive RaftClientReply:client-729EAB8E4297->a9cb8897-0d38-4c59-817a-d67a8ba30c67@group-A55F67FDC954, cid=1686, SUCCESS, logIndex=2466, commits[a9cb8897-0d38-4c59-817a-d67a8ba30c67:c2467, 41e21bac-56c9-465a-a1cc-bc71b3ab473c:c2465, 2bfdf505-3a1f-44eb-9843-3820b2477da1:c2465]
2019-09-05 19:10:39,726 [grpc-default-executor-3] INFO  client.GrpcClientProtocolClient (GrpcClientProtocolClient.java:onNext(255)) - client-729EAB8E4297->a9cb8897-0d38-4c59-817a-d67a8ba30c67: receive RaftClientReply:client-729EAB8E4297->a9cb8897-0d38-4c59-817a-d67a8ba30c67@group-A55F67FDC954, cid=1687, SUCCESS, logIndex=2467, commits[a9cb8897-0d38-4c59-817a-d67a8ba30c67:c2467, 41e21bac-56c9-465a-a1cc-bc71b3ab473c:c2465, 2bfdf505-3a1f-44eb-9843-3820b2477da1:c2465]
2019-09-05 19:10:39,842 [grpc-default-executor-0] INFO  client.GrpcClientProtocolClient (GrpcClientProtocolClient.java:onNext(255)) - client-729EAB8E4297->a9cb8897-0d38-4c59-817a-d67a8ba30c67: receive RaftClientReply:client-729EAB8E4297->a9cb8897-0d38-4c59-817a-d67a8ba30c67@group-A55F67FDC954, cid=1688, SUCCESS, logIndex=2468, commits[a9cb8897-0d38-4c59-817a-d67a8ba30c67:c2469, 41e21bac-56c9-465a-a1cc-bc71b3ab473c:c2465, 2bfdf505-3a1f-44eb-9843-3820b2477da1:c2465]
2019-09-05 19:10:39,843 [grpc-default-executor-0] INFO  client.GrpcClientProtocolClient (GrpcClientProtocolClient.java:onNext(255)) - client-729EAB8E4297->a9cb8897-0d38-4c59-817a-d67a8ba30c67: receive RaftClientReply:client-729EAB8E4297->a9cb8897-0d38-4c59-817a-d67a8ba30c67@group-A55F67FDC954, cid=1689, SUCCESS, logIndex=2469, commits[a9cb8897-0d38-4c59-817a-d67a8ba30c67:c2469, 41e21bac-56c9-465a-a1cc-bc71b3ab473c:c2465, 2bfdf505-3a1f-44eb-9843-3820b2477da1:c2465]
2019-09-05 19:10:39,844 [grpc-default-executor-0] INFO  client.GrpcClientProtocolClient (GrpcClientProtocolClient.java:onNext(255)) - client-729EAB8E4297->a9cb8897-0d38-4c59-817a-d67a8ba30c67: receive RaftClientReply:client-729EAB8E4297->a9cb8897-0d38-4c59-817a-d67a8ba30c67@group-A55F67FDC954, cid=1690, SUCCESS, logIndex=0, commits[a9cb8897-0d38-4c59-817a-d67a8ba30c67:c2473, 41e21bac-56c9-465a-a1cc-bc71b3ab473c:c2469, 2bfdf505-3a1f-44eb-9843-3820b2477da1:c2467]
2019-09-05 19:10:39,869 [grpc-default-executor-3] INFO  client.GrpcClientProtocolClient (GrpcClientProtocolClient.java:onNext(255)) - client-729EAB8E4297->a9cb8897-0d38-4c59-817a-d67a8ba30c67: receive RaftClientReply:client-729EAB8E4297->a9cb8897-0d38-4c59-817a-d67a8ba30c67@group-A55F67FDC954, cid=1691, SUCCESS, logIndex=2474, commits[a9cb8897-0d38-4c59-817a-d67a8ba30c67:c2475, 41e21bac-56c9-465a-a1cc-bc71b3ab473c:c2473, 2bfdf505-3a1f-44eb-9843-3820b2477da1:c2473]
2019-09-05 19:10:39,869 [grpc-default-executor-3] INFO  client.GrpcClientProtocolClient (GrpcClientProtocolClient.java:onNext(255)) - client-729EAB8E4297->a9cb8897-0d38-4c59-817a-d67a8ba30c67: receive RaftClientReply:client-729EAB8E4297->a9cb8897-0d38-4c59-817a-d67a8ba30c67@group-A55F67FDC954, cid=1692, SUCCESS, logIndex=2475, commits[a9cb8897-0d38-4c59-817a-d67a8ba30c67:c2475, 41e21bac-56c9-465a-a1cc-bc71b3ab473c:c2473, 2bfdf505-3a1f-44eb-9843-3820b2477da1:c2473]
2019-09-05 19:10:39,897 [grpc-default-executor-3] INFO  client.GrpcClientProtocolClient (GrpcClientProtocolClient.java:onNext(255)) - client-729EAB8E4297->a9cb8897-0d38-4c59-817a-d67a8ba30c67: receive RaftClientReply:client-729EAB8E4297->a9cb8897-0d38-4c59-817a-d67a8ba30c67@group-A55F67FDC954, cid=1693, SUCCESS, logIndex=2478, commits[a9cb8897-0d38-4c59-817a-d67a8ba30c67:c2479, 41e21bac-56c9-465a-a1cc-bc71b3ab473c:c2475, 2bfdf505-3a1f-44eb-9843-3820b2477da1:c2475]
2019-09-05 19:10:39,898 [grpc-default-executor-3] INFO  client.GrpcClientProtocolClient (GrpcClientProtocolClient.java:onNext(255)) - client-729EAB8E4297->a9cb8897-0d38-4c59-817a-d67a8ba30c67: receive RaftClientReply:client-729EAB8E4297->a9cb8897-0d38-4c59-817a-d67a8ba30c67@group-A55F67FDC954, cid=1694, SUCCESS, logIndex=2479, commits[a9cb8897-0d38-4c59-817a-d67a8ba30c67:c2479, 41e21bac-56c9-465a-a1cc-bc71b3ab473c:c2475, 2bfdf505-3a1f-44eb-9843-3820b2477da1:c2475]
2019-09-05 19:10:39,914 [grpc-default-executor-3] INFO  client.GrpcClientProtocolClient (GrpcClientProtocolClient.java:onNext(255)) - client-729EAB8E4297->a9cb8897-0d38-4c59-817a-d67a8ba30c67: receive RaftClientReply:client-729EAB8E4297->a9cb8897-0d38-4c59-817a-d67a8ba30c67@group-A55F67FDC954, cid=1695, SUCCESS, logIndex=0, commits[a9cb8897-0d38-4c59-817a-d67a8ba30c67:c2480, 41e21bac-56c9-465a-a1cc-bc71b3ab473c:c2479, 2bfdf505-3a1f-44eb-9843-3820b2477da1:c2479]
2019-09-05 19:10:39,945 [grpc-default-executor-0] INFO  client.GrpcClientProtocolClient (GrpcClientProtocolClient.java:onNext(255)) - client-729EAB8E4297->a9cb8897-0d38-4c59-817a-d67a8ba30c67: receive RaftClientReply:client-729EAB8E4297->a9cb8897-0d38-4c59-817a-d67a8ba30c67@group-A55F67FDC954, cid=1696, SUCCESS, logIndex=2482, commits[a9cb8897-0d38-4c59-817a-d67a8ba30c67:c2484, 41e21bac-56c9-465a-a1cc-bc71b3ab473c:c2481, 2bfdf505-3a1f-44eb-9843-3820b2477da1:c2481]
2019-09-05 19:10:39,946 [grpc-default-executor-0] INFO  client.GrpcClientProtocolClient (GrpcClientProtocolClient.java:onNext(255)) - client-729EAB8E4297->a9cb8897-0d38-4c59-817a-d67a8ba30c67: receive RaftClientReply:client-729EAB8E4297->a9cb8897-0d38-4c59-817a-d67a8ba30c67@group-A55F67FDC954, cid=1697, SUCCESS, logIndex=2483, commits[a9cb8897-0d38-4c59-817a-d67a8ba30c67:c2485, 41e21bac-56c9-465a-a1cc-bc71b3ab473c:c2481, 2bfdf505-3a1f-44eb-9843-3820b2477da1:c2481]
2019-09-05 19:10:39,946 [grpc-default-executor-0] INFO  client.GrpcClientProtocolClient (GrpcClientProtocolClient.java:onNext(255)) - client-729EAB8E4297->a9cb8897-0d38-4c59-817a-d67a8ba30c67: receive RaftClientReply:client-729EAB8E4297->a9cb8897-0d38-4c59-817a-d67a8ba30c67@group-A55F67FDC954, cid=1698, SUCCESS, logIndex=2484, commits[a9cb8897-0d38-4c59-817a-d67a8ba30c67:c2485, 41e21bac-56c9-465a-a1cc-bc71b3ab473c:c2481, 2bfdf505-3a1f-44eb-9843-3820b2477da1:c2481]
2019-09-05 19:10:39,946 [grpc-default-executor-0] INFO  client.GrpcClientProtocolClient (GrpcClientProtocolClient.java:onNext(255)) - client-729EAB8E4297->a9cb8897-0d38-4c59-817a-d67a8ba30c67: receive RaftClientReply:client-729EAB8E4297->a9cb8897-0d38-4c59-817a-d67a8ba30c67@group-A55F67FDC954, cid=1699, SUCCESS, logIndex=2485, commits[a9cb8897-0d38-4c59-817a-d67a8ba30c67:c2485, 41e21bac-56c9-465a-a1cc-bc71b3ab473c:c2481, 2bfdf505-3a1f-44eb-9843-3820b2477da1:c2481]
2019-09-05 19:10:39,948 [grpc-default-executor-1] INFO  client.GrpcClientProtocolClient (GrpcClientProtocolClient.java:onNext(255)) - client-729EAB8E4297->a9cb8897-0d38-4c59-817a-d67a8ba30c67: receive RaftClientReply:client-729EAB8E4297->a9cb8897-0d38-4c59-817a-d67a8ba30c67@group-A55F67FDC954, cid=1700, SUCCESS, logIndex=0, commits[a9cb8897-0d38-4c59-817a-d67a8ba30c67:c2489, 41e21bac-56c9-465a-a1cc-bc71b3ab473c:c2485, 2bfdf505-3a1f-44eb-9843-3820b2477da1:c2484]
2019-09-05 19:10:39,969 [grpc-default-executor-0] INFO  client.GrpcClientProtocolClient (GrpcClientProtocolClient.java:onNext(255)) - client-729EAB8E4297->a9cb8897-0d38-4c59-817a-d67a8ba30c67: receive RaftClientReply:client-729EAB8E4297->a9cb8897-0d38-4c59-817a-d67a8ba30c67@group-A55F67FDC954, cid=1701, SUCCESS, logIndex=2490, commits[a9cb8897-0d38-4c59-817a-d67a8ba30c67:c2491, 41e21bac-56c9-465a-a1cc-bc71b3ab473c:c2489, 2bfdf505-3a1f-44eb-9843-3820b2477da1:c2489]
2019-09-05 19:10:39,969 [grpc-default-executor-0] INFO  client.GrpcClientProtocolClient (GrpcClientProtocolClient.java:onNext(255)) - client-729EAB8E4297->a9cb8897-0d38-4c59-817a-d67a8ba30c67: receive RaftClientReply:client-729EAB8E4297->a9cb8897-0d38-4c59-817a-d67a8ba30c67@group-A55F67FDC954, cid=1702, SUCCESS, logIndex=2491, commits[a9cb8897-0d38-4c59-817a-d67a8ba30c67:c2491, 41e21bac-56c9-465a-a1cc-bc71b3ab473c:c2489, 2bfdf505-3a1f-44eb-9843-3820b2477da1:c2489]
2019-09-05 19:10:39,985 [grpc-default-executor-0] INFO  client.GrpcClientProtocolClient (GrpcClientProtocolClient.java:onNext(255)) - client-729EAB8E4297->a9cb8897-0d38-4c59-817a-d67a8ba30c67: receive RaftClientReply:client-729EAB8E4297->a9cb8897-0d38-4c59-817a-d67a8ba30c67@group-A55F67FDC954, cid=1703, SUCCESS, logIndex=2494, commits[a9cb8897-0d38-4c59-817a-d67a8ba30c67:c2495, 41e21bac-56c9-465a-a1cc-bc71b3ab473c:c2491, 2bfdf505-3a1f-44eb-9843-3820b2477da1:c2491]
2019-09-05 19:10:39,985 [grpc-default-executor-0] INFO  client.GrpcClientProtocolClient (GrpcClientProtocolClient.java:onNext(255)) - client-729EAB8E4297->a9cb8897-0d38-4c59-817a-d67a8ba30c67: receive RaftClientReply:client-729EAB8E4297->a9cb8897-0d38-4c59-817a-d67a8ba30c67@group-A55F67FDC954, cid=1704, SUCCESS, logIndex=2495, commits[a9cb8897-0d38-4c59-817a-d67a8ba30c67:c2495, 41e21bac-56c9-465a-a1cc-bc71b3ab473c:c2491, 2bfdf505-3a1f-44eb-9843-3820b2477da1:c2491]
2019-09-05 19:10:39,996 [grpc-default-executor-1] INFO  client.GrpcClientProtocolClient (GrpcClientProtocolClient.java:onNext(255)) - client-729EAB8E4297->a9cb8897-0d38-4c59-817a-d67a8ba30c67: receive RaftClientReply:client-729EAB8E4297->a9cb8897-0d38-4c59-817a-d67a8ba30c67@group-A55F67FDC954, cid=1705, SUCCESS, logIndex=0, commits[a9cb8897-0d38-4c59-817a-d67a8ba30c67:c2496, 41e21bac-56c9-465a-a1cc-bc71b3ab473c:c2495, 2bfdf505-3a1f-44eb-9843-3820b2477da1:c2495]
2019-09-05 19:10:40,024 [grpc-default-executor-0] INFO  client.GrpcClientProtocolClient (GrpcClientProtocolClient.java:onNext(255)) - client-729EAB8E4297->a9cb8897-0d38-4c59-817a-d67a8ba30c67: receive RaftClientReply:client-729EAB8E4297->a9cb8897-0d38-4c59-817a-d67a8ba30c67@group-A55F67FDC954, cid=1706, SUCCESS, logIndex=2498, commits[a9cb8897-0d38-4c59-817a-d67a8ba30c67:c2500, 41e21bac-56c9-465a-a1cc-bc71b3ab473c:c2497, 2bfdf505-3a1f-44eb-9843-3820b2477da1:c2497]
2019-09-05 19:10:40,025 [grpc-default-executor-0] INFO  client.GrpcClientProtocolClient (GrpcClientProtocolClient.java:onNext(255)) - client-729EAB8E4297->a9cb8897-0d38-4c59-817a-d67a8ba30c67: receive RaftClientReply:client-729EAB8E4297->a9cb8897-0d38-4c59-817a-d67a8ba30c67@group-A55F67FDC954, cid=1707, SUCCESS, logIndex=2499, commits[a9cb8897-0d38-4c59-817a-d67a8ba30c67:c2501, 41e21bac-56c9-465a-a1cc-bc71b3ab473c:c2497, 2bfdf505-3a1f-44eb-9843-3820b2477da1:c2497]
2019-09-05 19:10:40,025 [grpc-default-executor-0] INFO  client.GrpcClientProtocolClient (GrpcClientProtocolClient.java:onNext(255)) - client-729EAB8E4297->a9cb8897-0d38-4c59-817a-d67a8ba30c67: receive RaftClientReply:client-729EAB8E4297->a9cb8897-0d38-4c59-817a-d67a8ba30c67@group-A55F67FDC954, cid=1708, SUCCESS, logIndex=2500, commits[a9cb8897-0d38-4c59-817a-d67a8ba30c67:c2501, 41e21bac-56c9-465a-a1cc-bc71b3ab473c:c2497, 2bfdf505-3a1f-44eb-9843-3820b2477da1:c2497]
2019-09-05 19:10:40,025 [grpc-default-executor-0] INFO  client.GrpcClientProtocolClient (GrpcClientProtocolClient.java:onNext(255)) - client-729EAB8E4297->a9cb8897-0d38-4c59-817a-d67a8ba30c67: receive RaftClientReply:client-729EAB8E4297->a9cb8897-0d38-4c59-817a-d67a8ba30c67@group-A55F67FDC954, cid=1709, SUCCESS, logIndex=2501, commits[a9cb8897-0d38-4c59-817a-d67a8ba30c67:c2501, 41e21bac-56c9-465a-a1cc-bc71b3ab473c:c2497, 2bfdf505-3a1f-44eb-9843-3820b2477da1:c2497]
2019-09-05 19:10:40,039 [grpc-default-executor-3] INFO  client.GrpcClientProtocolClient (GrpcClientProtocolClient.java:onNext(255)) - client-729EAB8E4297->a9cb8897-0d38-4c59-817a-d67a8ba30c67: receive RaftClientReply:client-729EAB8E4297->a9cb8897-0d38-4c59-817a-d67a8ba30c67@group-A55F67FDC954, cid=1710, SUCCESS, logIndex=0, commits[a9cb8897-0d38-4c59-817a-d67a8ba30c67:c2504, 41e21bac-56c9-465a-a1cc-bc71b3ab473c:c2500, 2bfdf505-3a1f-44eb-9843-3820b2477da1:c2499]
2019-09-05 19:10:40,060 [grpc-default-executor-0] INFO  client.GrpcClientProtocolClient (GrpcClientProtocolClient.java:onNext(255)) - client-729EAB8E4297->a9cb8897-0d38-4c59-817a-d67a8ba30c67: receive RaftClientReply:client-729EAB8E4297->a9cb8897-0d38-4c59-817a-d67a8ba30c67@group-A55F67FDC954, cid=1711, SUCCESS, logIndex=2506, commits[a9cb8897-0d38-4c59-817a-d67a8ba30c67:c2507, 41e21bac-56c9-465a-a1cc-bc71b3ab473c:c2505, 2bfdf505-3a1f-44eb-9843-3820b2477da1:c2505]
2019-09-05 19:10:40,060 [grpc-default-executor-0] INFO  client.GrpcClientProtocolClient (GrpcClientProtocolClient.java:onNext(255)) - client-729EAB8E4297->a9cb8897-0d38-4c59-817a-d67a8ba30c67: receive RaftClientReply:client-729EAB8E4297->a9cb8897-0d38-4c59-817a-d67a8ba30c67@group-A55F67FDC954, cid=1712, SUCCESS, logIndex=2507, commits[a9cb8897-0d38-4c59-817a-d67a8ba30c67:c2507, 41e21bac-56c9-465a-a1cc-bc71b3ab473c:c2505, 2bfdf505-3a1f-44eb-9843-3820b2477da1:c2505]
2019-09-05 19:10:40,074 [grpc-default-executor-1] INFO  client.GrpcClientProtocolClient (GrpcClientProtocolClient.java:onNext(255)) - client-729EAB8E4297->a9cb8897-0d38-4c59-817a-d67a8ba30c67: receive RaftClientReply:client-729EAB8E4297->a9cb8897-0d38-4c59-817a-d67a8ba30c67@group-A55F67FDC954, cid=1713, SUCCESS, logIndex=2510, commits[a9cb8897-0d38-4c59-817a-d67a8ba30c67:c2511, 41e21bac-56c9-465a-a1cc-bc71b3ab473c:c2507, 2bfdf505-3a1f-44eb-9843-3820b2477da1:c2507]
2019-09-05 19:10:40,074 [grpc-default-executor-1] INFO  client.GrpcClientProtocolClient (GrpcClientProtocolClient.java:onNext(255)) - client-729EAB8E4297->a9cb8897-0d38-4c59-817a-d67a8ba30c67: receive RaftClientReply:client-729EAB8E4297->a9cb8897-0d38-4c59-817a-d67a8ba30c67@group-A55F67FDC954, cid=1714, SUCCESS, logIndex=2511, commits[a9cb8897-0d38-4c59-817a-d67a8ba30c67:c2511, 41e21bac-56c9-465a-a1cc-bc71b3ab473c:c2507, 2bfdf505-3a1f-44eb-9843-3820b2477da1:c2507]
2019-09-05 19:10:40,086 [grpc-default-executor-1] INFO  client.GrpcClientProtocolClient (GrpcClientProtocolClient.java:onNext(255)) - client-729EAB8E4297->a9cb8897-0d38-4c59-817a-d67a8ba30c67: receive RaftClientReply:client-729EAB8E4297->a9cb8897-0d38-4c59-817a-d67a8ba30c67@group-A55F67FDC954, cid=1715, SUCCESS, logIndex=0, commits[a9cb8897-0d38-4c59-817a-d67a8ba30c67:c2511, 41e21bac-56c9-465a-a1cc-bc71b3ab473c:c2511, 2bfdf505-3a1f-44eb-9843-3820b2477da1:c2511]
2019-09-05 19:10:40,113 [grpc-default-executor-0] INFO  client.GrpcClientProtocolClient (GrpcClientProtocolClient.java:onNext(255)) - client-729EAB8E4297->a9cb8897-0d38-4c59-817a-d67a8ba30c67: receive RaftClientReply:client-729EAB8E4297->a9cb8897-0d38-4c59-817a-d67a8ba30c67@group-A55F67FDC954, cid=1716, SUCCESS, logIndex=2514, commits[a9cb8897-0d38-4c59-817a-d67a8ba30c67:c2515, 41e21bac-56c9-465a-a1cc-bc71b3ab473c:c2513, 2bfdf505-3a1f-44eb-9843-3820b2477da1:c2513]
2019-09-05 19:10:40,113 [grpc-default-executor-0] INFO  client.GrpcClientProtocolClient (GrpcClientProtocolClient.java:onNext(255)) - client-729EAB8E4297->a9cb8897-0d38-4c59-817a-d67a8ba30c67: receive RaftClientReply:client-729EAB8E4297->a9cb8897-0d38-4c59-817a-d67a8ba30c67@group-A55F67FDC954, cid=1717, SUCCESS, logIndex=2515, commits[a9cb8897-0d38-4c59-817a-d67a8ba30c67:c2515, 41e21bac-56c9-465a-a1cc-bc71b3ab473c:c2513, 2bfdf505-3a1f-44eb-9843-3820b2477da1:c2513]
2019-09-05 19:10:40,114 [grpc-default-executor-3] INFO  client.GrpcClientProtocolClient (GrpcClientProtocolClient.java:onNext(255)) - client-729EAB8E4297->a9cb8897-0d38-4c59-817a-d67a8ba30c67: receive RaftClientReply:client-729EAB8E4297->a9cb8897-0d38-4c59-817a-d67a8ba30c67@group-A55F67FDC954, cid=1718, SUCCESS, logIndex=2516, commits[a9cb8897-0d38-4c59-817a-d67a8ba30c67:c2517, 41e21bac-56c9-465a-a1cc-bc71b3ab473c:c2513, 2bfdf505-3a1f-44eb-9843-3820b2477da1:c2513]
2019-09-05 19:10:40,114 [grpc-default-executor-3] INFO  client.GrpcClientProtocolClient (GrpcClientProtocolClient.java:onNext(255)) - client-729EAB8E4297->a9cb8897-0d38-4c59-817a-d67a8ba30c67: receive RaftClientReply:client-729EAB8E4297->a9cb8897-0d38-4c59-817a-d67a8ba30c67@group-A55F67FDC954, cid=1719, SUCCESS, logIndex=2517, commits[a9cb8897-0d38-4c59-817a-d67a8ba30c67:c2517, 41e21bac-56c9-465a-a1cc-bc71b3ab473c:c2513, 2bfdf505-3a1f-44eb-9843-3820b2477da1:c2513]
2019-09-05 19:10:40,127 [grpc-default-executor-3] INFO  client.GrpcClientProtocolClient (GrpcClientProtocolClient.java:onNext(255)) - client-729EAB8E4297->a9cb8897-0d38-4c59-817a-d67a8ba30c67: receive RaftClientReply:client-729EAB8E4297->a9cb8897-0d38-4c59-817a-d67a8ba30c67@group-A55F67FDC954, cid=1720, SUCCESS, logIndex=0, commits[a9cb8897-0d38-4c59-817a-d67a8ba30c67:c2519, 41e21bac-56c9-465a-a1cc-bc71b3ab473c:c2515, 2bfdf505-3a1f-44eb-9843-3820b2477da1:c2515]
2019-09-05 19:10:40,138 [grpc-default-executor-3] INFO  client.GrpcClientProtocolClient (GrpcClientProtocolClient.java:onNext(255)) - client-729EAB8E4297->a9cb8897-0d38-4c59-817a-d67a8ba30c67: receive RaftClientReply:client-729EAB8E4297->a9cb8897-0d38-4c59-817a-d67a8ba30c67@group-A55F67FDC954, cid=1721, SUCCESS, logIndex=2522, commits[a9cb8897-0d38-4c59-817a-d67a8ba30c67:c2523, 41e21bac-56c9-465a-a1cc-bc71b3ab473c:c2521, 2bfdf505-3a1f-44eb-9843-3820b2477da1:c2521]
2019-09-05 19:10:40,139 [grpc-default-executor-3] INFO  client.GrpcClientProtocolClient (GrpcClientProtocolClient.java:onNext(255)) - client-729EAB8E4297->a9cb8897-0d38-4c59-817a-d67a8ba30c67: receive RaftClientReply:client-729EAB8E4297->a9cb8897-0d38-4c59-817a-d67a8ba30c67@group-A55F67FDC954, cid=1722, SUCCESS, logIndex=2523, commits[a9cb8897-0d38-4c59-817a-d67a8ba30c67:c2523, 41e21bac-56c9-465a-a1cc-bc71b3ab473c:c2521, 2bfdf505-3a1f-44eb-9843-3820b2477da1:c2521]
2019-09-05 19:10:40,149 [grpc-default-executor-3] INFO  client.GrpcClientProtocolClient (GrpcClientProtocolClient.java:onNext(255)) - client-729EAB8E4297->a9cb8897-0d38-4c59-817a-d67a8ba30c67: receive RaftClientReply:client-729EAB8E4297->a9cb8897-0d38-4c59-817a-d67a8ba30c67@group-A55F67FDC954, cid=1723, SUCCESS, logIndex=2526, commits[a9cb8897-0d38-4c59-817a-d67a8ba30c67:c2527, 41e21bac-56c9-465a-a1cc-bc71b3ab473c:c2523, 2bfdf505-3a1f-44eb-9843-3820b2477da1:c2525]
2019-09-05 19:10:40,149 [grpc-default-executor-3] INFO  client.GrpcClientProtocolClient (GrpcClientProtocolClient.java:onNext(255)) - client-729EAB8E4297->a9cb8897-0d38-4c59-817a-d67a8ba30c67: receive RaftClientReply:client-729EAB8E4297->a9cb8897-0d38-4c59-817a-d67a8ba30c67@group-A55F67FDC954, cid=1724, SUCCESS, logIndex=2527, commits[a9cb8897-0d38-4c59-817a-d67a8ba30c67:c2527, 41e21bac-56c9-465a-a1cc-bc71b3ab473c:c2525, 2bfdf505-3a1f-44eb-9843-3820b2477da1:c2525]
2019-09-05 19:10:40,150 [grpc-default-executor-0] INFO  client.GrpcClientProtocolClient (GrpcClientProtocolClient.java:onNext(255)) - client-729EAB8E4297->a9cb8897-0d38-4c59-817a-d67a8ba30c67: receive RaftClientReply:client-729EAB8E4297->a9cb8897-0d38-4c59-817a-d67a8ba30c67@group-A55F67FDC954, cid=1725, SUCCESS, logIndex=0, commits[a9cb8897-0d38-4c59-817a-d67a8ba30c67:c2527, 41e21bac-56c9-465a-a1cc-bc71b3ab473c:c2527, 2bfdf505-3a1f-44eb-9843-3820b2477da1:c2527]
2019-09-05 19:10:40,175 [grpc-default-executor-0] INFO  client.GrpcClientProtocolClient (GrpcClientProtocolClient.java:onNext(255)) - client-729EAB8E4297->a9cb8897-0d38-4c59-817a-d67a8ba30c67: receive RaftClientReply:client-729EAB8E4297->a9cb8897-0d38-4c59-817a-d67a8ba30c67@group-A55F67FDC954, cid=1726, SUCCESS, logIndex=2530, commits[a9cb8897-0d38-4c59-817a-d67a8ba30c67:c2531, 41e21bac-56c9-465a-a1cc-bc71b3ab473c:c2529, 2bfdf505-3a1f-44eb-9843-3820b2477da1:c2529]
2019-09-05 19:10:40,176 [grpc-default-executor-0] INFO  client.GrpcClientProtocolClient (GrpcClientProtocolClient.java:onNext(255)) - client-729EAB8E4297->a9cb8897-0d38-4c59-817a-d67a8ba30c67: receive RaftClientReply:client-729EAB8E4297->a9cb8897-0d38-4c59-817a-d67a8ba30c67@group-A55F67FDC954, cid=1727, SUCCESS, logIndex=2531, commits[a9cb8897-0d38-4c59-817a-d67a8ba30c67:c2533, 41e21bac-56c9-465a-a1cc-bc71b3ab473c:c2529, 2bfdf505-3a1f-44eb-9843-3820b2477da1:c2529]
2019-09-05 19:10:40,176 [grpc-default-executor-0] INFO  client.GrpcClientProtocolClient (GrpcClientProtocolClient.java:onNext(255)) - client-729EAB8E4297->a9cb8897-0d38-4c59-817a-d67a8ba30c67: receive RaftClientReply:client-729EAB8E4297->a9cb8897-0d38-4c59-817a-d67a8ba30c67@group-A55F67FDC954, cid=1728, SUCCESS, logIndex=2532, commits[a9cb8897-0d38-4c59-817a-d67a8ba30c67:c2533, 41e21bac-56c9-465a-a1cc-bc71b3ab473c:c2529, 2bfdf505-3a1f-44eb-9843-3820b2477da1:c2529]
2019-09-05 19:10:40,176 [grpc-default-executor-0] INFO  client.GrpcClientProtocolClient (GrpcClientProtocolClient.java:onNext(255)) - client-729EAB8E4297->a9cb8897-0d38-4c59-817a-d67a8ba30c67: receive RaftClientReply:client-729EAB8E4297->a9cb8897-0d38-4c59-817a-d67a8ba30c67@group-A55F67FDC954, cid=1729, SUCCESS, logIndex=2533, commits[a9cb8897-0d38-4c59-817a-d67a8ba30c67:c2533, 41e21bac-56c9-465a-a1cc-bc71b3ab473c:c2529, 2bfdf505-3a1f-44eb-9843-3820b2477da1:c2529]
2019-09-05 19:10:40,177 [grpc-default-executor-3] INFO  client.GrpcClientProtocolClient (GrpcClientProtocolClient.java:onNext(255)) - client-729EAB8E4297->a9cb8897-0d38-4c59-817a-d67a8ba30c67: receive RaftClientReply:client-729EAB8E4297->a9cb8897-0d38-4c59-817a-d67a8ba30c67@group-A55F67FDC954, cid=1730, SUCCESS, logIndex=0, commits[a9cb8897-0d38-4c59-817a-d67a8ba30c67:c2535, 41e21bac-56c9-465a-a1cc-bc71b3ab473c:c2532, 2bfdf505-3a1f-44eb-9843-3820b2477da1:c2532]
2019-09-05 19:10:40,196 [grpc-default-executor-1] INFO  client.GrpcClientProtocolClient (GrpcClientProtocolClient.java:onNext(255)) - client-729EAB8E4297->a9cb8897-0d38-4c59-817a-d67a8ba30c67: receive RaftClientReply:client-729EAB8E4297->a9cb8897-0d38-4c59-817a-d67a8ba30c67@group-A55F67FDC954, cid=1731, SUCCESS, logIndex=2538, commits[a9cb8897-0d38-4c59-817a-d67a8ba30c67:c2539, 41e21bac-56c9-465a-a1cc-bc71b3ab473c:c2537, 2bfdf505-3a1f-44eb-9843-3820b2477da1:c2537]
2019-09-05 19:10:40,196 [grpc-default-executor-1] INFO  client.GrpcClientProtocolClient (GrpcClientProtocolClient.java:onNext(255)) - client-729EAB8E4297->a9cb8897-0d38-4c59-817a-d67a8ba30c67: receive RaftClientReply:client-729EAB8E4297->a9cb8897-0d38-4c59-817a-d67a8ba30c67@group-A55F67FDC954, cid=1732, SUCCESS, logIndex=2539, commits[a9cb8897-0d38-4c59-817a-d67a8ba30c67:c2539, 41e21bac-56c9-465a-a1cc-bc71b3ab473c:c2537, 2bfdf505-3a1f-44eb-9843-3820b2477da1:c2537]
2019-09-05 19:10:40,208 [grpc-default-executor-3] INFO  client.GrpcClientProtocolClient (GrpcClientProtocolClient.java:onNext(255)) - client-729EAB8E4297->a9cb8897-0d38-4c59-817a-d67a8ba30c67: receive RaftClientReply:client-729EAB8E4297->a9cb8897-0d38-4c59-817a-d67a8ba30c67@group-A55F67FDC954, cid=1733, SUCCESS, logIndex=2542, commits[a9cb8897-0d38-4c59-817a-d67a8ba30c67:c2542, 41e21bac-56c9-465a-a1cc-bc71b3ab473c:c2539, 2bfdf505-3a1f-44eb-9843-3820b2477da1:c2539]
2019-09-05 19:10:40,208 [grpc-default-executor-3] INFO  client.GrpcClientProtocolClient (GrpcClientProtocolClient.java:onNext(255)) - client-729EAB8E4297->a9cb8897-0d38-4c59-817a-d67a8ba30c67: receive RaftClientReply:client-729EAB8E4297->a9cb8897-0d38-4c59-817a-d67a8ba30c67@group-A55F67FDC954, cid=1734, SUCCESS, logIndex=2543, commits[a9cb8897-0d38-4c59-817a-d67a8ba30c67:c2543, 41e21bac-56c9-465a-a1cc-bc71b3ab473c:c2539, 2bfdf505-3a1f-44eb-9843-3820b2477da1:c2539]
2019-09-05 19:10:40,222 [grpc-default-executor-1] INFO  client.GrpcClientProtocolClient (GrpcClientProtocolClient.java:onNext(255)) - client-729EAB8E4297->a9cb8897-0d38-4c59-817a-d67a8ba30c67: receive RaftClientReply:client-729EAB8E4297->a9cb8897-0d38-4c59-817a-d67a8ba30c67@group-A55F67FDC954, cid=1735, SUCCESS, logIndex=0, commits[a9cb8897-0d38-4c59-817a-d67a8ba30c67:c2545, 41e21bac-56c9-465a-a1cc-bc71b3ab473c:c2543, 2bfdf505-3a1f-44eb-9843-3820b2477da1:c2543]
2019-09-05 19:10:40,250 [grpc-default-executor-1] INFO  client.GrpcClientProtocolClient (GrpcClientProtocolClient.java:onNext(255)) - client-729EAB8E4297->a9cb8897-0d38-4c59-817a-d67a8ba30c67: receive RaftClientReply:client-729EAB8E4297->a9cb8897-0d38-4c59-817a-d67a8ba30c67@group-A55F67FDC954, cid=1736, SUCCESS, logIndex=2546, commits[a9cb8897-0d38-4c59-817a-d67a8ba30c67:c2547, 41e21bac-56c9-465a-a1cc-bc71b3ab473c:c2545, 2bfdf505-3a1f-44eb-9843-3820b2477da1:c2545]
2019-09-05 19:10:40,251 [grpc-default-executor-1] INFO  client.GrpcClientProtocolClient (GrpcClientProtocolClient.java:onNext(255)) - client-729EAB8E4297->a9cb8897-0d38-4c59-817a-d67a8ba30c67: receive RaftClientReply:client-729EAB8E4297->a9cb8897-0d38-4c59-817a-d67a8ba30c67@group-A55F67FDC954, cid=1737, SUCCESS, logIndex=2547, commits[a9cb8897-0d38-4c59-817a-d67a8ba30c67:c2547, 41e21bac-56c9-465a-a1cc-bc71b3ab473c:c2545, 2bfdf505-3a1f-44eb-9843-3820b2477da1:c2545]
2019-09-05 19:10:40,251 [grpc-default-executor-1] INFO  client.GrpcClientProtocolClient (GrpcClientProtocolClient.java:onNext(255)) - client-729EAB8E4297->a9cb8897-0d38-4c59-817a-d67a8ba30c67: receive RaftClientReply:client-729EAB8E4297->a9cb8897-0d38-4c59-817a-d67a8ba30c67@group-A55F67FDC954, cid=1738, SUCCESS, logIndex=2548, commits[a9cb8897-0d38-4c59-817a-d67a8ba30c67:c2549, 41e21bac-56c9-465a-a1cc-bc71b3ab473c:c2545, 2bfdf505-3a1f-44eb-9843-3820b2477da1:c2545]
2019-09-05 19:10:40,251 [grpc-default-executor-1] INFO  client.GrpcClientProtocolClient (GrpcClientProtocolClient.java:onNext(255)) - client-729EAB8E4297->a9cb8897-0d38-4c59-817a-d67a8ba30c67: receive RaftClientReply:client-729EAB8E4297->a9cb8897-0d38-4c59-817a-d67a8ba30c67@group-A55F67FDC954, cid=1739, SUCCESS, logIndex=2549, commits[a9cb8897-0d38-4c59-817a-d67a8ba30c67:c2549, 41e21bac-56c9-465a-a1cc-bc71b3ab473c:c2545, 2bfdf505-3a1f-44eb-9843-3820b2477da1:c2545]
2019-09-05 19:10:40,252 [grpc-default-executor-0] INFO  client.GrpcClientProtocolClient (GrpcClientProtocolClient.java:onNext(255)) - client-729EAB8E4297->a9cb8897-0d38-4c59-817a-d67a8ba30c67: receive RaftClientReply:client-729EAB8E4297->a9cb8897-0d38-4c59-817a-d67a8ba30c67@group-A55F67FDC954, cid=1740, SUCCESS, logIndex=0, commits[a9cb8897-0d38-4c59-817a-d67a8ba30c67:c2551, 41e21bac-56c9-465a-a1cc-bc71b3ab473c:c2547, 2bfdf505-3a1f-44eb-9843-3820b2477da1:c2547]
2019-09-05 19:10:40,271 [grpc-default-executor-0] INFO  client.GrpcClientProtocolClient (GrpcClientProtocolClient.java:onNext(255)) - client-729EAB8E4297->a9cb8897-0d38-4c59-817a-d67a8ba30c67: receive RaftClientReply:client-729EAB8E4297->a9cb8897-0d38-4c59-817a-d67a8ba30c67@group-A55F67FDC954, cid=1741, SUCCESS, logIndex=2554, commits[a9cb8897-0d38-4c59-817a-d67a8ba30c67:c2555, 41e21bac-56c9-465a-a1cc-bc71b3ab473c:c2553, 2bfdf505-3a1f-44eb-9843-3820b2477da1:c2553]
2019-09-05 19:10:40,272 [grpc-default-executor-0] INFO  client.GrpcClientProtocolClient (GrpcClientProtocolClient.java:onNext(255)) - client-729EAB8E4297->a9cb8897-0d38-4c59-817a-d67a8ba30c67: receive RaftClientReply:client-729EAB8E4297->a9cb8897-0d38-4c59-817a-d67a8ba30c67@group-A55F67FDC954, cid=1742, SUCCESS, logIndex=2555, commits[a9cb8897-0d38-4c59-817a-d67a8ba30c67:c2555, 41e21bac-56c9-465a-a1cc-bc71b3ab473c:c2553, 2bfdf505-3a1f-44eb-9843-3820b2477da1:c2553]
2019-09-05 19:10:40,284 [grpc-default-executor-0] INFO  client.GrpcClientProtocolClient (GrpcClientProtocolClient.java:onNext(255)) - client-729EAB8E4297->a9cb8897-0d38-4c59-817a-d67a8ba30c67: receive RaftClientReply:client-729EAB8E4297->a9cb8897-0d38-4c59-817a-d67a8ba30c67@group-A55F67FDC954, cid=1743, SUCCESS, logIndex=2558, commits[a9cb8897-0d38-4c59-817a-d67a8ba30c67:c2559, 41e21bac-56c9-465a-a1cc-bc71b3ab473c:c2555, 2bfdf505-3a1f-44eb-9843-3820b2477da1:c2555]
2019-09-05 19:10:40,285 [grpc-default-executor-0] INFO  client.GrpcClientProtocolClient (GrpcClientProtocolClient.java:onNext(255)) - client-729EAB8E4297->a9cb8897-0d38-4c59-817a-d67a8ba30c67: receive RaftClientReply:client-729EAB8E4297->a9cb8897-0d38-4c59-817a-d67a8ba30c67@group-A55F67FDC954, cid=1744, SUCCESS, logIndex=2559, commits[a9cb8897-0d38-4c59-817a-d67a8ba30c67:c2559, 41e21bac-56c9-465a-a1cc-bc71b3ab473c:c2555, 2bfdf505-3a1f-44eb-9843-3820b2477da1:c2555]
2019-09-05 19:10:40,299 [grpc-default-executor-3] INFO  client.GrpcClientProtocolClient (GrpcClientProtocolClient.java:onNext(255)) - client-729EAB8E4297->a9cb8897-0d38-4c59-817a-d67a8ba30c67: receive RaftClientReply:client-729EAB8E4297->a9cb8897-0d38-4c59-817a-d67a8ba30c67@group-A55F67FDC954, cid=1745, SUCCESS, logIndex=0, commits[a9cb8897-0d38-4c59-817a-d67a8ba30c67:c2561, 41e21bac-56c9-465a-a1cc-bc71b3ab473c:c2559, 2bfdf505-3a1f-44eb-9843-3820b2477da1:c2559]
2019-09-05 19:10:40,324 [grpc-default-executor-0] INFO  client.GrpcClientProtocolClient (GrpcClientProtocolClient.java:onNext(255)) - client-729EAB8E4297->a9cb8897-0d38-4c59-817a-d67a8ba30c67: receive RaftClientReply:client-729EAB8E4297->a9cb8897-0d38-4c59-817a-d67a8ba30c67@group-A55F67FDC954, cid=1746, SUCCESS, logIndex=2562, commits[a9cb8897-0d38-4c59-817a-d67a8ba30c67:c2563, 41e21bac-56c9-465a-a1cc-bc71b3ab473c:c2561, 2bfdf505-3a1f-44eb-9843-3820b2477da1:c2561]
2019-09-05 19:10:40,325 [grpc-default-executor-0] INFO  client.GrpcClientProtocolClient (GrpcClientProtocolClient.java:onNext(255)) - client-729EAB8E4297->a9cb8897-0d38-4c59-817a-d67a8ba30c67: receive RaftClientReply:client-729EAB8E4297->a9cb8897-0d38-4c59-817a-d67a8ba30c67@group-A55F67FDC954, cid=1747, SUCCESS, logIndex=2563, commits[a9cb8897-0d38-4c59-817a-d67a8ba30c67:c2565, 41e21bac-56c9-465a-a1cc-bc71b3ab473c:c2561, 2bfdf505-3a1f-44eb-9843-3820b2477da1:c2561]
2019-09-05 19:10:40,325 [grpc-default-executor-0] INFO  client.GrpcClientProtocolClient (GrpcClientProtocolClient.java:onNext(255)) - client-729EAB8E4297->a9cb8897-0d38-4c59-817a-d67a8ba30c67: receive RaftClientReply:client-729EAB8E4297->a9cb8897-0d38-4c59-817a-d67a8ba30c67@group-A55F67FDC954, cid=1748, SUCCESS, logIndex=2564, commits[a9cb8897-0d38-4c59-817a-d67a8ba30c67:c2565, 41e21bac-56c9-465a-a1cc-bc71b3ab473c:c2561, 2bfdf505-3a1f-44eb-9843-3820b2477da1:c2561]
2019-09-05 19:10:40,325 [grpc-default-executor-0] INFO  client.GrpcClientProtocolClient (GrpcClientProtocolClient.java:onNext(255)) - client-729EAB8E4297->a9cb8897-0d38-4c59-817a-d67a8ba30c67: receive RaftClientReply:client-729EAB8E4297->a9cb8897-0d38-4c59-817a-d67a8ba30c67@group-A55F67FDC954, cid=1749, SUCCESS, logIndex=2565, commits[a9cb8897-0d38-4c59-817a-d67a8ba30c67:c2565, 41e21bac-56c9-465a-a1cc-bc71b3ab473c:c2561, 2bfdf505-3a1f-44eb-9843-3820b2477da1:c2561]
2019-09-05 19:10:40,338 [grpc-default-executor-0] INFO  client.GrpcClientProtocolClient (GrpcClientProtocolClient.java:onNext(255)) - client-729EAB8E4297->a9cb8897-0d38-4c59-817a-d67a8ba30c67: receive RaftClientReply:client-729EAB8E4297->a9cb8897-0d38-4c59-817a-d67a8ba30c67@group-A55F67FDC954, cid=1750, SUCCESS, logIndex=0, commits[a9cb8897-0d38-4c59-817a-d67a8ba30c67:c2568, 41e21bac-56c9-465a-a1cc-bc71b3ab473c:c2565, 2bfdf505-3a1f-44eb-9843-3820b2477da1:c2563]
 0.00% |█                                                                                                    |  0/1 Time: 0:00:142019-09-05 19:10:40,358 [grpc-default-executor-1] INFO  client.GrpcClientProtocolClient (GrpcClientProtocolClient.java:onNext(255)) - client-729EAB8E4297->a9cb8897-0d38-4c59-817a-d67a8ba30c67: receive RaftClientReply:client-729EAB8E4297->a9cb8897-0d38-4c59-817a-d67a8ba30c67@group-A55F67FDC954, cid=1751, SUCCESS, logIndex=2569, commits[a9cb8897-0d38-4c59-817a-d67a8ba30c67:c2570, 41e21bac-56c9-465a-a1cc-bc71b3ab473c:c2568, 2bfdf505-3a1f-44eb-9843-3820b2477da1:c2568]
2019-09-05 19:10:40,358 [grpc-default-executor-1] INFO  client.GrpcClientProtocolClient (GrpcClientProtocolClient.java:onNext(255)) - client-729EAB8E4297->a9cb8897-0d38-4c59-817a-d67a8ba30c67: receive RaftClientReply:client-729EAB8E4297->a9cb8897-0d38-4c59-817a-d67a8ba30c67@group-A55F67FDC954, cid=1752, SUCCESS, logIndex=2570, commits[a9cb8897-0d38-4c59-817a-d67a8ba30c67:c2570, 41e21bac-56c9-465a-a1cc-bc71b3ab473c:c2568, 2bfdf505-3a1f-44eb-9843-3820b2477da1:c2568]
2019-09-05 19:10:40,373 [grpc-default-executor-3] INFO  client.GrpcClientProtocolClient (GrpcClientProtocolClient.java:onNext(255)) - client-729EAB8E4297->a9cb8897-0d38-4c59-817a-d67a8ba30c67: receive RaftClientReply:client-729EAB8E4297->a9cb8897-0d38-4c59-817a-d67a8ba30c67@group-A55F67FDC954, cid=1753, SUCCESS, logIndex=2573, commits[a9cb8897-0d38-4c59-817a-d67a8ba30c67:c2574, 41e21bac-56c9-465a-a1cc-bc71b3ab473c:c2570, 2bfdf505-3a1f-44eb-9843-3820b2477da1:c2570]
2019-09-05 19:10:40,373 [grpc-default-executor-3] INFO  client.GrpcClientProtocolClient (GrpcClientProtocolClient.java:onNext(255)) - client-729EAB8E4297->a9cb8897-0d38-4c59-817a-d67a8ba30c67: receive RaftClientReply:client-729EAB8E4297->a9cb8897-0d38-4c59-817a-d67a8ba30c67@group-A55F67FDC954, cid=1754, SUCCESS, logIndex=2574, commits[a9cb8897-0d38-4c59-817a-d67a8ba30c67:c2574, 41e21bac-56c9-465a-a1cc-bc71b3ab473c:c2570, 2bfdf505-3a1f-44eb-9843-3820b2477da1:c2570]
2019-09-05 19:10:40,387 [grpc-default-executor-3] INFO  client.GrpcClientProtocolClient (GrpcClientProtocolClient.java:onNext(255)) - client-729EAB8E4297->a9cb8897-0d38-4c59-817a-d67a8ba30c67: receive RaftClientReply:client-729EAB8E4297->a9cb8897-0d38-4c59-817a-d67a8ba30c67@group-A55F67FDC954, cid=1755, SUCCESS, logIndex=0, commits[a9cb8897-0d38-4c59-817a-d67a8ba30c67:c2576, 41e21bac-56c9-465a-a1cc-bc71b3ab473c:c2574, 2bfdf505-3a1f-44eb-9843-3820b2477da1:c2574]
2019-09-05 19:10:40,538 [grpc-default-executor-3] INFO  client.GrpcClientProtocolClient (GrpcClientProtocolClient.java:onNext(255)) - client-729EAB8E4297->a9cb8897-0d38-4c59-817a-d67a8ba30c67: receive RaftClientReply:client-729EAB8E4297->a9cb8897-0d38-4c59-817a-d67a8ba30c67@group-A55F67FDC954, cid=1756, SUCCESS, logIndex=2577, commits[a9cb8897-0d38-4c59-817a-d67a8ba30c67:c2578, 41e21bac-56c9-465a-a1cc-bc71b3ab473c:c2576, 2bfdf505-3a1f-44eb-9843-3820b2477da1:c2576]
2019-09-05 19:10:40,539 [grpc-default-executor-3] INFO  client.GrpcClientProtocolClient (GrpcClientProtocolClient.java:onNext(255)) - client-729EAB8E4297->a9cb8897-0d38-4c59-817a-d67a8ba30c67: receive RaftClientReply:client-729EAB8E4297->a9cb8897-0d38-4c59-817a-d67a8ba30c67@group-A55F67FDC954, cid=1757, SUCCESS, logIndex=2578, commits[a9cb8897-0d38-4c59-817a-d67a8ba30c67:c2580, 41e21bac-56c9-465a-a1cc-bc71b3ab473c:c2576, 2bfdf505-3a1f-44eb-9843-3820b2477da1:c2576]
2019-09-05 19:10:40,539 [grpc-default-executor-3] INFO  client.GrpcClientProtocolClient (GrpcClientProtocolClient.java:onNext(255)) - client-729EAB8E4297->a9cb8897-0d38-4c59-817a-d67a8ba30c67: receive RaftClientReply:client-729EAB8E4297->a9cb8897-0d38-4c59-817a-d67a8ba30c67@group-A55F67FDC954, cid=1758, SUCCESS, logIndex=2579, commits[a9cb8897-0d38-4c59-817a-d67a8ba30c67:c2580, 41e21bac-56c9-465a-a1cc-bc71b3ab473c:c2576, 2bfdf505-3a1f-44eb-9843-3820b2477da1:c2576]
2019-09-05 19:10:40,539 [grpc-default-executor-3] INFO  client.GrpcClientProtocolClient (GrpcClientProtocolClient.java:onNext(255)) - client-729EAB8E4297->a9cb8897-0d38-4c59-817a-d67a8ba30c67: receive RaftClientReply:client-729EAB8E4297->a9cb8897-0d38-4c59-817a-d67a8ba30c67@group-A55F67FDC954, cid=1759, SUCCESS, logIndex=2580, commits[a9cb8897-0d38-4c59-817a-d67a8ba30c67:c2580, 41e21bac-56c9-465a-a1cc-bc71b3ab473c:c2576, 2bfdf505-3a1f-44eb-9843-3820b2477da1:c2576]
2019-09-05 19:10:40,562 [grpc-default-executor-1] INFO  client.GrpcClientProtocolClient (GrpcClientProtocolClient.java:onNext(255)) - client-729EAB8E4297->a9cb8897-0d38-4c59-817a-d67a8ba30c67: receive RaftClientReply:client-729EAB8E4297->a9cb8897-0d38-4c59-817a-d67a8ba30c67@group-A55F67FDC954, cid=1760, SUCCESS, logIndex=0, commits[a9cb8897-0d38-4c59-817a-d67a8ba30c67:c2583, 41e21bac-56c9-465a-a1cc-bc71b3ab473c:c2578, 2bfdf505-3a1f-44eb-9843-3820b2477da1:c2580]
2019-09-05 19:10:40,595 [grpc-default-executor-0] INFO  client.GrpcClientProtocolClient (GrpcClientProtocolClient.java:onNext(255)) - client-729EAB8E4297->a9cb8897-0d38-4c59-817a-d67a8ba30c67: receive RaftClientReply:client-729EAB8E4297->a9cb8897-0d38-4c59-817a-d67a8ba30c67@group-A55F67FDC954, cid=1761, SUCCESS, logIndex=2584, commits[a9cb8897-0d38-4c59-817a-d67a8ba30c67:c2585, 41e21bac-56c9-465a-a1cc-bc71b3ab473c:c2583, 2bfdf505-3a1f-44eb-9843-3820b2477da1:c2583]
2019-09-05 19:10:40,596 [grpc-default-executor-0] INFO  client.GrpcClientProtocolClient (GrpcClientProtocolClient.java:onNext(255)) - client-729EAB8E4297->a9cb8897-0d38-4c59-817a-d67a8ba30c67: receive RaftClientReply:client-729EAB8E4297->a9cb8897-0d38-4c59-817a-d67a8ba30c67@group-A55F67FDC954, cid=1762, SUCCESS, logIndex=2585, commits[a9cb8897-0d38-4c59-817a-d67a8ba30c67:c2585, 41e21bac-56c9-465a-a1cc-bc71b3ab473c:c2583, 2bfdf505-3a1f-44eb-9843-3820b2477da1:c2583]
2019-09-05 19:10:40,610 [grpc-default-executor-3] INFO  client.GrpcClientProtocolClient (GrpcClientProtocolClient.java:onNext(255)) - client-729EAB8E4297->a9cb8897-0d38-4c59-817a-d67a8ba30c67: receive RaftClientReply:client-729EAB8E4297->a9cb8897-0d38-4c59-817a-d67a8ba30c67@group-A55F67FDC954, cid=1763, SUCCESS, logIndex=2588, commits[a9cb8897-0d38-4c59-817a-d67a8ba30c67:c2589, 41e21bac-56c9-465a-a1cc-bc71b3ab473c:c2585, 2bfdf505-3a1f-44eb-9843-3820b2477da1:c2585]
2019-09-05 19:10:40,611 [grpc-default-executor-3] INFO  client.GrpcClientProtocolClient (GrpcClientProtocolClient.java:onNext(255)) - client-729EAB8E4297->a9cb8897-0d38-4c59-817a-d67a8ba30c67: receive RaftClientReply:client-729EAB8E4297->a9cb8897-0d38-4c59-817a-d67a8ba30c67@group-A55F67FDC954, cid=1764, SUCCESS, logIndex=2589, commits[a9cb8897-0d38-4c59-817a-d67a8ba30c67:c2589, 41e21bac-56c9-465a-a1cc-bc71b3ab473c:c2585, 2bfdf505-3a1f-44eb-9843-3820b2477da1:c2585]
2019-09-05 19:10:40,622 [grpc-default-executor-0] INFO  client.GrpcClientProtocolClient (GrpcClientProtocolClient.java:onNext(255)) - client-729EAB8E4297->a9cb8897-0d38-4c59-817a-d67a8ba30c67: receive RaftClientReply:client-729EAB8E4297->a9cb8897-0d38-4c59-817a-d67a8ba30c67@group-A55F67FDC954, cid=1765, SUCCESS, logIndex=0, commits[a9cb8897-0d38-4c59-817a-d67a8ba30c67:c2590, 41e21bac-56c9-465a-a1cc-bc71b3ab473c:c2589, 2bfdf505-3a1f-44eb-9843-3820b2477da1:c2589]
2019-09-05 19:10:40,652 [grpc-default-executor-1] INFO  client.GrpcClientProtocolClient (GrpcClientProtocolClient.java:onNext(255)) - client-729EAB8E4297->a9cb8897-0d38-4c59-817a-d67a8ba30c67: receive RaftClientReply:client-729EAB8E4297->a9cb8897-0d38-4c59-817a-d67a8ba30c67@group-A55F67FDC954, cid=1766, SUCCESS, logIndex=2592, commits[a9cb8897-0d38-4c59-817a-d67a8ba30c67:c2593, 41e21bac-56c9-465a-a1cc-bc71b3ab473c:c2591, 2bfdf505-3a1f-44eb-9843-3820b2477da1:c2591]
2019-09-05 19:10:40,653 [grpc-default-executor-1] INFO  client.GrpcClientProtocolClient (GrpcClientProtocolClient.java:onNext(255)) - client-729EAB8E4297->a9cb8897-0d38-4c59-817a-d67a8ba30c67: receive RaftClientReply:client-729EAB8E4297->a9cb8897-0d38-4c59-817a-d67a8ba30c67@group-A55F67FDC954, cid=1767, SUCCESS, logIndex=2593, commits[a9cb8897-0d38-4c59-817a-d67a8ba30c67:c2595, 41e21bac-56c9-465a-a1cc-bc71b3ab473c:c2591, 2bfdf505-3a1f-44eb-9843-3820b2477da1:c2591]
2019-09-05 19:10:40,653 [grpc-default-executor-1] INFO  client.GrpcClientProtocolClient (GrpcClientProtocolClient.java:onNext(255)) - client-729EAB8E4297->a9cb8897-0d38-4c59-817a-d67a8ba30c67: receive RaftClientReply:client-729EAB8E4297->a9cb8897-0d38-4c59-817a-d67a8ba30c67@group-A55F67FDC954, cid=1768, SUCCESS, logIndex=2594, commits[a9cb8897-0d38-4c59-817a-d67a8ba30c67:c2595, 41e21bac-56c9-465a-a1cc-bc71b3ab473c:c2591, 2bfdf505-3a1f-44eb-9843-3820b2477da1:c2591]
2019-09-05 19:10:40,653 [grpc-default-executor-1] INFO  client.GrpcClientProtocolClient (GrpcClientProtocolClient.java:onNext(255)) - client-729EAB8E4297->a9cb8897-0d38-4c59-817a-d67a8ba30c67: receive RaftClientReply:client-729EAB8E4297->a9cb8897-0d38-4c59-817a-d67a8ba30c67@group-A55F67FDC954, cid=1769, SUCCESS, logIndex=2595, commits[a9cb8897-0d38-4c59-817a-d67a8ba30c67:c2595, 41e21bac-56c9-465a-a1cc-bc71b3ab473c:c2591, 2bfdf505-3a1f-44eb-9843-3820b2477da1:c2591]
2019-09-05 19:10:40,673 [grpc-default-executor-1] INFO  client.GrpcClientProtocolClient (GrpcClientProtocolClient.java:onNext(255)) - client-729EAB8E4297->a9cb8897-0d38-4c59-817a-d67a8ba30c67: receive RaftClientReply:client-729EAB8E4297->a9cb8897-0d38-4c59-817a-d67a8ba30c67@group-A55F67FDC954, cid=1770, SUCCESS, logIndex=0, commits[a9cb8897-0d38-4c59-817a-d67a8ba30c67:c2598, 41e21bac-56c9-465a-a1cc-bc71b3ab473c:c2595, 2bfdf505-3a1f-44eb-9843-3820b2477da1:c2593]
2019-09-05 19:10:40,695 [grpc-default-executor-0] INFO  client.GrpcClientProtocolClient (GrpcClientProtocolClient.java:onNext(255)) - client-729EAB8E4297->a9cb8897-0d38-4c59-817a-d67a8ba30c67: receive RaftClientReply:client-729EAB8E4297->a9cb8897-0d38-4c59-817a-d67a8ba30c67@group-A55F67FDC954, cid=1771, SUCCESS, logIndex=2599, commits[a9cb8897-0d38-4c59-817a-d67a8ba30c67:c2600, 41e21bac-56c9-465a-a1cc-bc71b3ab473c:c2598, 2bfdf505-3a1f-44eb-9843-3820b2477da1:c2598]
2019-09-05 19:10:40,696 [grpc-default-executor-0] INFO  client.GrpcClientProtocolClient (GrpcClientProtocolClient.java:onNext(255)) - client-729EAB8E4297->a9cb8897-0d38-4c59-817a-d67a8ba30c67: receive RaftClientReply:client-729EAB8E4297->a9cb8897-0d38-4c59-817a-d67a8ba30c67@group-A55F67FDC954, cid=1772, SUCCESS, logIndex=2600, commits[a9cb8897-0d38-4c59-817a-d67a8ba30c67:c2600, 41e21bac-56c9-465a-a1cc-bc71b3ab473c:c2598, 2bfdf505-3a1f-44eb-9843-3820b2477da1:c2598]
2019-09-05 19:10:40,723 [grpc-default-executor-1] INFO  client.GrpcClientProtocolClient (GrpcClientProtocolClient.java:onNext(255)) - client-729EAB8E4297->a9cb8897-0d38-4c59-817a-d67a8ba30c67: receive RaftClientReply:client-729EAB8E4297->a9cb8897-0d38-4c59-817a-d67a8ba30c67@group-A55F67FDC954, cid=1773, SUCCESS, logIndex=2603, commits[a9cb8897-0d38-4c59-817a-d67a8ba30c67:c2604, 41e21bac-56c9-465a-a1cc-bc71b3ab473c:c2600, 2bfdf505-3a1f-44eb-9843-3820b2477da1:c2600]
2019-09-05 19:10:40,723 [grpc-default-executor-1] INFO  client.GrpcClientProtocolClient (GrpcClientProtocolClient.java:onNext(255)) - client-729EAB8E4297->a9cb8897-0d38-4c59-817a-d67a8ba30c67: receive RaftClientReply:client-729EAB8E4297->a9cb8897-0d38-4c59-817a-d67a8ba30c67@group-A55F67FDC954, cid=1774, SUCCESS, logIndex=2604, commits[a9cb8897-0d38-4c59-817a-d67a8ba30c67:c2604, 41e21bac-56c9-465a-a1cc-bc71b3ab473c:c2600, 2bfdf505-3a1f-44eb-9843-3820b2477da1:c2600]
2019-09-05 19:10:40,737 [grpc-default-executor-1] INFO  client.GrpcClientProtocolClient (GrpcClientProtocolClient.java:onNext(255)) - client-729EAB8E4297->a9cb8897-0d38-4c59-817a-d67a8ba30c67: receive RaftClientReply:client-729EAB8E4297->a9cb8897-0d38-4c59-817a-d67a8ba30c67@group-A55F67FDC954, cid=1775, SUCCESS, logIndex=0, commits[a9cb8897-0d38-4c59-817a-d67a8ba30c67:c2606, 41e21bac-56c9-465a-a1cc-bc71b3ab473c:c2604, 2bfdf505-3a1f-44eb-9843-3820b2477da1:c2604]
2019-09-05 19:10:40,770 [grpc-default-executor-0] INFO  client.GrpcClientProtocolClient (GrpcClientProtocolClient.java:onNext(255)) - client-729EAB8E4297->a9cb8897-0d38-4c59-817a-d67a8ba30c67: receive RaftClientReply:client-729EAB8E4297->a9cb8897-0d38-4c59-817a-d67a8ba30c67@group-A55F67FDC954, cid=1776, SUCCESS, logIndex=2607, commits[a9cb8897-0d38-4c59-817a-d67a8ba30c67:c2608, 41e21bac-56c9-465a-a1cc-bc71b3ab473c:c2606, 2bfdf505-3a1f-44eb-9843-3820b2477da1:c2606]
2019-09-05 19:10:40,771 [grpc-default-executor-0] INFO  client.GrpcClientProtocolClient (GrpcClientProtocolClient.java:onNext(255)) - client-729EAB8E4297->a9cb8897-0d38-4c59-817a-d67a8ba30c67: receive RaftClientReply:client-729EAB8E4297->a9cb8897-0d38-4c59-817a-d67a8ba30c67@group-A55F67FDC954, cid=1777, SUCCESS, logIndex=2608, commits[a9cb8897-0d38-4c59-817a-d67a8ba30c67:c2610, 41e21bac-56c9-465a-a1cc-bc71b3ab473c:c2606, 2bfdf505-3a1f-44eb-9843-3820b2477da1:c2606]
2019-09-05 19:10:40,771 [grpc-default-executor-0] INFO  client.GrpcClientProtocolClient (GrpcClientProtocolClient.java:onNext(255)) - client-729EAB8E4297->a9cb8897-0d38-4c59-817a-d67a8ba30c67: receive RaftClientReply:client-729EAB8E4297->a9cb8897-0d38-4c59-817a-d67a8ba30c67@group-A55F67FDC954, cid=1778, SUCCESS, logIndex=2609, commits[a9cb8897-0d38-4c59-817a-d67a8ba30c67:c2610, 41e21bac-56c9-465a-a1cc-bc71b3ab473c:c2606, 2bfdf505-3a1f-44eb-9843-3820b2477da1:c2606]
2019-09-05 19:10:40,772 [grpc-default-executor-0] INFO  client.GrpcClientProtocolClient (GrpcClientProtocolClient.java:onNext(255)) - client-729EAB8E4297->a9cb8897-0d38-4c59-817a-d67a8ba30c67: receive RaftClientReply:client-729EAB8E4297->a9cb8897-0d38-4c59-817a-d67a8ba30c67@group-A55F67FDC954, cid=1779, SUCCESS, logIndex=2610, commits[a9cb8897-0d38-4c59-817a-d67a8ba30c67:c2610, 41e21bac-56c9-465a-a1cc-bc71b3ab473c:c2606, 2bfdf505-3a1f-44eb-9843-3820b2477da1:c2606]
2019-09-05 19:10:40,783 [grpc-default-executor-3] INFO  client.GrpcClientProtocolClient (GrpcClientProtocolClient.java:onNext(255)) - client-729EAB8E4297->a9cb8897-0d38-4c59-817a-d67a8ba30c67: receive RaftClientReply:client-729EAB8E4297->a9cb8897-0d38-4c59-817a-d67a8ba30c67@group-A55F67FDC954, cid=1780, SUCCESS, logIndex=0, commits[a9cb8897-0d38-4c59-817a-d67a8ba30c67:c2612, 41e21bac-56c9-465a-a1cc-bc71b3ab473c:c2608, 2bfdf505-3a1f-44eb-9843-3820b2477da1:c2608]
2019-09-05 19:10:40,803 [grpc-default-executor-1] INFO  client.GrpcClientProtocolClient (GrpcClientProtocolClient.java:onNext(255)) - client-729EAB8E4297->a9cb8897-0d38-4c59-817a-d67a8ba30c67: receive RaftClientReply:client-729EAB8E4297->a9cb8897-0d38-4c59-817a-d67a8ba30c67@group-A55F67FDC954, cid=1781, SUCCESS, logIndex=2614, commits[a9cb8897-0d38-4c59-817a-d67a8ba30c67:c2615, 41e21bac-56c9-465a-a1cc-bc71b3ab473c:c2613, 2bfdf505-3a1f-44eb-9843-3820b2477da1:c2613]
2019-09-05 19:10:40,803 [grpc-default-executor-1] INFO  client.GrpcClientProtocolClient (GrpcClientProtocolClient.java:onNext(255)) - client-729EAB8E4297->a9cb8897-0d38-4c59-817a-d67a8ba30c67: receive RaftClientReply:client-729EAB8E4297->a9cb8897-0d38-4c59-817a-d67a8ba30c67@group-A55F67FDC954, cid=1782, SUCCESS, logIndex=2615, commits[a9cb8897-0d38-4c59-817a-d67a8ba30c67:c2615, 41e21bac-56c9-465a-a1cc-bc71b3ab473c:c2613, 2bfdf505-3a1f-44eb-9843-3820b2477da1:c2613]
2019-09-05 19:10:40,817 [grpc-default-executor-1] INFO  client.GrpcClientProtocolClient (GrpcClientProtocolClient.java:onNext(255)) - client-729EAB8E4297->a9cb8897-0d38-4c59-817a-d67a8ba30c67: receive RaftClientReply:client-729EAB8E4297->a9cb8897-0d38-4c59-817a-d67a8ba30c67@group-A55F67FDC954, cid=1783, SUCCESS, logIndex=2618, commits[a9cb8897-0d38-4c59-817a-d67a8ba30c67:c2619, 41e21bac-56c9-465a-a1cc-bc71b3ab473c:c2615, 2bfdf505-3a1f-44eb-9843-3820b2477da1:c2615]
2019-09-05 19:10:40,817 [grpc-default-executor-1] INFO  client.GrpcClientProtocolClient (GrpcClientProtocolClient.java:onNext(255)) - client-729EAB8E4297->a9cb8897-0d38-4c59-817a-d67a8ba30c67: receive RaftClientReply:client-729EAB8E4297->a9cb8897-0d38-4c59-817a-d67a8ba30c67@group-A55F67FDC954, cid=1784, SUCCESS, logIndex=2619, commits[a9cb8897-0d38-4c59-817a-d67a8ba30c67:c2619, 41e21bac-56c9-465a-a1cc-bc71b3ab473c:c2615, 2bfdf505-3a1f-44eb-9843-3820b2477da1:c2615]
2019-09-05 19:10:40,831 [grpc-default-executor-1] INFO  client.GrpcClientProtocolClient (GrpcClientProtocolClient.java:onNext(255)) - client-729EAB8E4297->a9cb8897-0d38-4c59-817a-d67a8ba30c67: receive RaftClientReply:client-729EAB8E4297->a9cb8897-0d38-4c59-817a-d67a8ba30c67@group-A55F67FDC954, cid=1785, SUCCESS, logIndex=0, commits[a9cb8897-0d38-4c59-817a-d67a8ba30c67:c2621, 41e21bac-56c9-465a-a1cc-bc71b3ab473c:c2619, 2bfdf505-3a1f-44eb-9843-3820b2477da1:c2619]
2019-09-05 19:10:40,860 [grpc-default-executor-1] INFO  client.GrpcClientProtocolClient (GrpcClientProtocolClient.java:onNext(255)) - client-729EAB8E4297->a9cb8897-0d38-4c59-817a-d67a8ba30c67: receive RaftClientReply:client-729EAB8E4297->a9cb8897-0d38-4c59-817a-d67a8ba30c67@group-A55F67FDC954, cid=1786, SUCCESS, logIndex=2622, commits[a9cb8897-0d38-4c59-817a-d67a8ba30c67:c2623, 41e21bac-56c9-465a-a1cc-bc71b3ab473c:c2621, 2bfdf505-3a1f-44eb-9843-3820b2477da1:c2621]
2019-09-05 19:10:40,860 [grpc-default-executor-1] INFO  client.GrpcClientProtocolClient (GrpcClientProtocolClient.java:onNext(255)) - client-729EAB8E4297->a9cb8897-0d38-4c59-817a-d67a8ba30c67: receive RaftClientReply:client-729EAB8E4297->a9cb8897-0d38-4c59-817a-d67a8ba30c67@group-A55F67FDC954, cid=1787, SUCCESS, logIndex=2623, commits[a9cb8897-0d38-4c59-817a-d67a8ba30c67:c2625, 41e21bac-56c9-465a-a1cc-bc71b3ab473c:c2621, 2bfdf505-3a1f-44eb-9843-3820b2477da1:c2621]
2019-09-05 19:10:40,861 [grpc-default-executor-1] INFO  client.GrpcClientProtocolClient (GrpcClientProtocolClient.java:onNext(255)) - client-729EAB8E4297->a9cb8897-0d38-4c59-817a-d67a8ba30c67: receive RaftClientReply:client-729EAB8E4297->a9cb8897-0d38-4c59-817a-d67a8ba30c67@group-A55F67FDC954, cid=1788, SUCCESS, logIndex=2624, commits[a9cb8897-0d38-4c59-817a-d67a8ba30c67:c2625, 41e21bac-56c9-465a-a1cc-bc71b3ab473c:c2621, 2bfdf505-3a1f-44eb-9843-3820b2477da1:c2621]
2019-09-05 19:10:40,861 [grpc-default-executor-1] INFO  client.GrpcClientProtocolClient (GrpcClientProtocolClient.java:onNext(255)) - client-729EAB8E4297->a9cb8897-0d38-4c59-817a-d67a8ba30c67: receive RaftClientReply:client-729EAB8E4297->a9cb8897-0d38-4c59-817a-d67a8ba30c67@group-A55F67FDC954, cid=1789, SUCCESS, logIndex=2625, commits[a9cb8897-0d38-4c59-817a-d67a8ba30c67:c2625, 41e21bac-56c9-465a-a1cc-bc71b3ab473c:c2621, 2bfdf505-3a1f-44eb-9843-3820b2477da1:c2621]
2019-09-05 19:10:40,864 [grpc-default-executor-2] INFO  client.GrpcClientProtocolClient (GrpcClientProtocolClient.java:onNext(255)) - client-729EAB8E4297->a9cb8897-0d38-4c59-817a-d67a8ba30c67: receive RaftClientReply:client-729EAB8E4297->a9cb8897-0d38-4c59-817a-d67a8ba30c67@group-A55F67FDC954, cid=1790, SUCCESS, logIndex=0, commits[a9cb8897-0d38-4c59-817a-d67a8ba30c67:c2627, 41e21bac-56c9-465a-a1cc-bc71b3ab473c:c2623, 2bfdf505-3a1f-44eb-9843-3820b2477da1:c2623]
2019-09-05 19:10:40,885 [grpc-default-executor-2] INFO  client.GrpcClientProtocolClient (GrpcClientProtocolClient.java:onNext(255)) - client-729EAB8E4297->a9cb8897-0d38-4c59-817a-d67a8ba30c67: receive RaftClientReply:client-729EAB8E4297->a9cb8897-0d38-4c59-817a-d67a8ba30c67@group-A55F67FDC954, cid=1791, SUCCESS, logIndex=2630, commits[a9cb8897-0d38-4c59-817a-d67a8ba30c67:c2631, 41e21bac-56c9-465a-a1cc-bc71b3ab473c:c2629, 2bfdf505-3a1f-44eb-9843-3820b2477da1:c2629]
2019-09-05 19:10:40,886 [grpc-default-executor-2] INFO  client.GrpcClientProtocolClient (GrpcClientProtocolClient.java:onNext(255)) - client-729EAB8E4297->a9cb8897-0d38-4c59-817a-d67a8ba30c67: receive RaftClientReply:client-729EAB8E4297->a9cb8897-0d38-4c59-817a-d67a8ba30c67@group-A55F67FDC954, cid=1792, SUCCESS, logIndex=2631, commits[a9cb8897-0d38-4c59-817a-d67a8ba30c67:c2631, 41e21bac-56c9-465a-a1cc-bc71b3ab473c:c2629, 2bfdf505-3a1f-44eb-9843-3820b2477da1:c2629]
2019-09-05 19:10:40,900 [grpc-default-executor-0] INFO  client.GrpcClientProtocolClient (GrpcClientProtocolClient.java:onNext(255)) - client-729EAB8E4297->a9cb8897-0d38-4c59-817a-d67a8ba30c67: receive RaftClientReply:client-729EAB8E4297->a9cb8897-0d38-4c59-817a-d67a8ba30c67@group-A55F67FDC954, cid=1793, SUCCESS, logIndex=2634, commits[a9cb8897-0d38-4c59-817a-d67a8ba30c67:c2635, 41e21bac-56c9-465a-a1cc-bc71b3ab473c:c2633, 2bfdf505-3a1f-44eb-9843-3820b2477da1:c2633]
2019-09-05 19:10:40,901 [grpc-default-executor-0] INFO  client.GrpcClientProtocolClient (GrpcClientProtocolClient.java:onNext(255)) - client-729EAB8E4297->a9cb8897-0d38-4c59-817a-d67a8ba30c67: receive RaftClientReply:client-729EAB8E4297->a9cb8897-0d38-4c59-817a-d67a8ba30c67@group-A55F67FDC954, cid=1794, SUCCESS, logIndex=2635, commits[a9cb8897-0d38-4c59-817a-d67a8ba30c67:c2635, 41e21bac-56c9-465a-a1cc-bc71b3ab473c:c2633, 2bfdf505-3a1f-44eb-9843-3820b2477da1:c2633]
2019-09-05 19:10:40,903 [grpc-default-executor-0] INFO  client.GrpcClientProtocolClient (GrpcClientProtocolClient.java:onNext(255)) - client-729EAB8E4297->a9cb8897-0d38-4c59-817a-d67a8ba30c67: receive RaftClientReply:client-729EAB8E4297->a9cb8897-0d38-4c59-817a-d67a8ba30c67@group-A55F67FDC954, cid=1795, SUCCESS, logIndex=0, commits[a9cb8897-0d38-4c59-817a-d67a8ba30c67:c2636, 41e21bac-56c9-465a-a1cc-bc71b3ab473c:c2635, 2bfdf505-3a1f-44eb-9843-3820b2477da1:c2635]
2019-09-05 19:10:40,939 [grpc-default-executor-2] INFO  client.GrpcClientProtocolClient (GrpcClientProtocolClient.java:onNext(255)) - client-729EAB8E4297->a9cb8897-0d38-4c59-817a-d67a8ba30c67: receive RaftClientReply:client-729EAB8E4297->a9cb8897-0d38-4c59-817a-d67a8ba30c67@group-A55F67FDC954, cid=1796, SUCCESS, logIndex=2638, commits[a9cb8897-0d38-4c59-817a-d67a8ba30c67:c2641, 41e21bac-56c9-465a-a1cc-bc71b3ab473c:c2637, 2bfdf505-3a1f-44eb-9843-3820b2477da1:c2637]
2019-09-05 19:10:40,940 [grpc-default-executor-2] INFO  client.GrpcClientProtocolClient (GrpcClientProtocolClient.java:onNext(255)) - client-729EAB8E4297->a9cb8897-0d38-4c59-817a-d67a8ba30c67: receive RaftClientReply:client-729EAB8E4297->a9cb8897-0d38-4c59-817a-d67a8ba30c67@group-A55F67FDC954, cid=1797, SUCCESS, logIndex=2639, commits[a9cb8897-0d38-4c59-817a-d67a8ba30c67:c2641, 41e21bac-56c9-465a-a1cc-bc71b3ab473c:c2637, 2bfdf505-3a1f-44eb-9843-3820b2477da1:c2637]
2019-09-05 19:10:40,940 [grpc-default-executor-2] INFO  client.GrpcClientProtocolClient (GrpcClientProtocolClient.java:onNext(255)) - client-729EAB8E4297->a9cb8897-0d38-4c59-817a-d67a8ba30c67: receive RaftClientReply:client-729EAB8E4297->a9cb8897-0d38-4c59-817a-d67a8ba30c67@group-A55F67FDC954, cid=1798, SUCCESS, logIndex=2640, commits[a9cb8897-0d38-4c59-817a-d67a8ba30c67:c2642, 41e21bac-56c9-465a-a1cc-bc71b3ab473c:c2638, 2bfdf505-3a1f-44eb-9843-3820b2477da1:c2637]
2019-09-05 19:10:40,940 [grpc-default-executor-2] INFO  client.GrpcClientProtocolClient (GrpcClientProtocolClient.java:onNext(255)) - client-729EAB8E4297->a9cb8897-0d38-4c59-817a-d67a8ba30c67: receive RaftClientReply:client-729EAB8E4297->a9cb8897-0d38-4c59-817a-d67a8ba30c67@group-A55F67FDC954, cid=1799, SUCCESS, logIndex=2641, commits[a9cb8897-0d38-4c59-817a-d67a8ba30c67:c2642, 41e21bac-56c9-465a-a1cc-bc71b3ab473c:c2638, 2bfdf505-3a1f-44eb-9843-3820b2477da1:c2637]
2019-09-05 19:10:40,941 [grpc-default-executor-1] INFO  client.GrpcClientProtocolClient (GrpcClientProtocolClient.java:onNext(255)) - client-729EAB8E4297->a9cb8897-0d38-4c59-817a-d67a8ba30c67: receive RaftClientReply:client-729EAB8E4297->a9cb8897-0d38-4c59-817a-d67a8ba30c67@group-A55F67FDC954, cid=1800, SUCCESS, logIndex=0, commits[a9cb8897-0d38-4c59-817a-d67a8ba30c67:c2645, 41e21bac-56c9-465a-a1cc-bc71b3ab473c:c2641, 2bfdf505-3a1f-44eb-9843-3820b2477da1:c2640]
2019-09-05 19:10:40,961 [grpc-default-executor-1] INFO  client.GrpcClientProtocolClient (GrpcClientProtocolClient.java:onNext(255)) - client-729EAB8E4297->a9cb8897-0d38-4c59-817a-d67a8ba30c67: receive RaftClientReply:client-729EAB8E4297->a9cb8897-0d38-4c59-817a-d67a8ba30c67@group-A55F67FDC954, cid=1801, SUCCESS, logIndex=2646, commits[a9cb8897-0d38-4c59-817a-d67a8ba30c67:c2647, 41e21bac-56c9-465a-a1cc-bc71b3ab473c:c2645, 2bfdf505-3a1f-44eb-9843-3820b2477da1:c2645]
2019-09-05 19:10:40,961 [grpc-default-executor-1] INFO  client.GrpcClientProtocolClient (GrpcClientProtocolClient.java:onNext(255)) - client-729EAB8E4297->a9cb8897-0d38-4c59-817a-d67a8ba30c67: receive RaftClientReply:client-729EAB8E4297->a9cb8897-0d38-4c59-817a-d67a8ba30c67@group-A55F67FDC954, cid=1802, SUCCESS, logIndex=2647, commits[a9cb8897-0d38-4c59-817a-d67a8ba30c67:c2647, 41e21bac-56c9-465a-a1cc-bc71b3ab473c:c2645, 2bfdf505-3a1f-44eb-9843-3820b2477da1:c2645]
2019-09-05 19:10:40,976 [grpc-default-executor-0] INFO  client.GrpcClientProtocolClient (GrpcClientProtocolClient.java:onNext(255)) - client-729EAB8E4297->a9cb8897-0d38-4c59-817a-d67a8ba30c67: receive RaftClientReply:client-729EAB8E4297->a9cb8897-0d38-4c59-817a-d67a8ba30c67@group-A55F67FDC954, cid=1803, SUCCESS, logIndex=2650, commits[a9cb8897-0d38-4c59-817a-d67a8ba30c67:c2650, 41e21bac-56c9-465a-a1cc-bc71b3ab473c:c2647, 2bfdf505-3a1f-44eb-9843-3820b2477da1:c2647]
2019-09-05 19:10:40,976 [grpc-default-executor-0] INFO  client.GrpcClientProtocolClient (GrpcClientProtocolClient.java:onNext(255)) - client-729EAB8E4297->a9cb8897-0d38-4c59-817a-d67a8ba30c67: receive RaftClientReply:client-729EAB8E4297->a9cb8897-0d38-4c59-817a-d67a8ba30c67@group-A55F67FDC954, cid=1804, SUCCESS, logIndex=2651, commits[a9cb8897-0d38-4c59-817a-d67a8ba30c67:c2651, 41e21bac-56c9-465a-a1cc-bc71b3ab473c:c2647, 2bfdf505-3a1f-44eb-9843-3820b2477da1:c2647]
2019-09-05 19:10:40,990 [grpc-default-executor-0] INFO  client.GrpcClientProtocolClient (GrpcClientProtocolClient.java:onNext(255)) - client-729EAB8E4297->a9cb8897-0d38-4c59-817a-d67a8ba30c67: receive RaftClientReply:client-729EAB8E4297->a9cb8897-0d38-4c59-817a-d67a8ba30c67@group-A55F67FDC954, cid=1805, SUCCESS, logIndex=0, commits[a9cb8897-0d38-4c59-817a-d67a8ba30c67:c2653, 41e21bac-56c9-465a-a1cc-bc71b3ab473c:c2651, 2bfdf505-3a1f-44eb-9843-3820b2477da1:c2651]
2019-09-05 19:10:41,019 [grpc-default-executor-0] INFO  client.GrpcClientProtocolClient (GrpcClientProtocolClient.java:onNext(255)) - client-729EAB8E4297->a9cb8897-0d38-4c59-817a-d67a8ba30c67: receive RaftClientReply:client-729EAB8E4297->a9cb8897-0d38-4c59-817a-d67a8ba30c67@group-A55F67FDC954, cid=1806, SUCCESS, logIndex=2654, commits[a9cb8897-0d38-4c59-817a-d67a8ba30c67:c2655, 41e21bac-56c9-465a-a1cc-bc71b3ab473c:c2653, 2bfdf505-3a1f-44eb-9843-3820b2477da1:c2653]
2019-09-05 19:10:41,020 [grpc-default-executor-0] INFO  client.GrpcClientProtocolClient (GrpcClientProtocolClient.java:onNext(255)) - client-729EAB8E4297->a9cb8897-0d38-4c59-817a-d67a8ba30c67: receive RaftClientReply:client-729EAB8E4297->a9cb8897-0d38-4c59-817a-d67a8ba30c67@group-A55F67FDC954, cid=1807, SUCCESS, logIndex=2655, commits[a9cb8897-0d38-4c59-817a-d67a8ba30c67:c2657, 41e21bac-56c9-465a-a1cc-bc71b3ab473c:c2653, 2bfdf505-3a1f-44eb-9843-3820b2477da1:c2653]
2019-09-05 19:10:41,020 [grpc-default-executor-0] INFO  client.GrpcClientProtocolClient (GrpcClientProtocolClient.java:onNext(255)) - client-729EAB8E4297->a9cb8897-0d38-4c59-817a-d67a8ba30c67: receive RaftClientReply:client-729EAB8E4297->a9cb8897-0d38-4c59-817a-d67a8ba30c67@group-A55F67FDC954, cid=1808, SUCCESS, logIndex=2656, commits[a9cb8897-0d38-4c59-817a-d67a8ba30c67:c2657, 41e21bac-56c9-465a-a1cc-bc71b3ab473c:c2653, 2bfdf505-3a1f-44eb-9843-3820b2477da1:c2653]
2019-09-05 19:10:41,020 [grpc-default-executor-0] INFO  client.GrpcClientProtocolClient (GrpcClientProtocolClient.java:onNext(255)) - client-729EAB8E4297->a9cb8897-0d38-4c59-817a-d67a8ba30c67: receive RaftClientReply:client-729EAB8E4297->a9cb8897-0d38-4c59-817a-d67a8ba30c67@group-A55F67FDC954, cid=1809, SUCCESS, logIndex=2657, commits[a9cb8897-0d38-4c59-817a-d67a8ba30c67:c2657, 41e21bac-56c9-465a-a1cc-bc71b3ab473c:c2653, 2bfdf505-3a1f-44eb-9843-3820b2477da1:c2653]
2019-09-05 19:10:41,033 [grpc-default-executor-0] INFO  client.GrpcClientProtocolClient (GrpcClientProtocolClient.java:onNext(255)) - client-729EAB8E4297->a9cb8897-0d38-4c59-817a-d67a8ba30c67: receive RaftClientReply:client-729EAB8E4297->a9cb8897-0d38-4c59-817a-d67a8ba30c67@group-A55F67FDC954, cid=1810, SUCCESS, logIndex=0, commits[a9cb8897-0d38-4c59-817a-d67a8ba30c67:c2660, 41e21bac-56c9-465a-a1cc-bc71b3ab473c:c2655, 2bfdf505-3a1f-44eb-9843-3820b2477da1:c2657]
2019-09-05 19:10:41,053 [grpc-default-executor-2] INFO  client.GrpcClientProtocolClient (GrpcClientProtocolClient.java:onNext(255)) - client-729EAB8E4297->a9cb8897-0d38-4c59-817a-d67a8ba30c67: receive RaftClientReply:client-729EAB8E4297->a9cb8897-0d38-4c59-817a-d67a8ba30c67@group-A55F67FDC954, cid=1811, SUCCESS, logIndex=2661, commits[a9cb8897-0d38-4c59-817a-d67a8ba30c67:c2662, 41e21bac-56c9-465a-a1cc-bc71b3ab473c:c2660, 2bfdf505-3a1f-44eb-9843-3820b2477da1:c2660]
2019-09-05 19:10:41,053 [grpc-default-executor-2] INFO  client.GrpcClientProtocolClient (GrpcClientProtocolClient.java:onNext(255)) - client-729EAB8E4297->a9cb8897-0d38-4c59-817a-d67a8ba30c67: receive RaftClientReply:client-729EAB8E4297->a9cb8897-0d38-4c59-817a-d67a8ba30c67@group-A55F67FDC954, cid=1812, SUCCESS, logIndex=2662, commits[a9cb8897-0d38-4c59-817a-d67a8ba30c67:c2662, 41e21bac-56c9-465a-a1cc-bc71b3ab473c:c2660, 2bfdf505-3a1f-44eb-9843-3820b2477da1:c2660]
2019-09-05 19:10:41,067 [grpc-default-executor-2] INFO  client.GrpcClientProtocolClient (GrpcClientProtocolClient.java:onNext(255)) - client-729EAB8E4297->a9cb8897-0d38-4c59-817a-d67a8ba30c67: receive RaftClientReply:client-729EAB8E4297->a9cb8897-0d38-4c59-817a-d67a8ba30c67@group-A55F67FDC954, cid=1813, SUCCESS, logIndex=2665, commits[a9cb8897-0d38-4c59-817a-d67a8ba30c67:c2666, 41e21bac-56c9-465a-a1cc-bc71b3ab473c:c2662, 2bfdf505-3a1f-44eb-9843-3820b2477da1:c2662]
2019-09-05 19:10:41,068 [grpc-default-executor-2] INFO  client.GrpcClientProtocolClient (GrpcClientProtocolClient.java:onNext(255)) - client-729EAB8E4297->a9cb8897-0d38-4c59-817a-d67a8ba30c67: receive RaftClientReply:client-729EAB8E4297->a9cb8897-0d38-4c59-817a-d67a8ba30c67@group-A55F67FDC954, cid=1814, SUCCESS, logIndex=2666, commits[a9cb8897-0d38-4c59-817a-d67a8ba30c67:c2666, 41e21bac-56c9-465a-a1cc-bc71b3ab473c:c2662, 2bfdf505-3a1f-44eb-9843-3820b2477da1:c2662]
2019-09-05 19:10:41,082 [grpc-default-executor-1] INFO  client.GrpcClientProtocolClient (GrpcClientProtocolClient.java:onNext(255)) - client-729EAB8E4297->a9cb8897-0d38-4c59-817a-d67a8ba30c67: receive RaftClientReply:client-729EAB8E4297->a9cb8897-0d38-4c59-817a-d67a8ba30c67@group-A55F67FDC954, cid=1815, SUCCESS, logIndex=0, commits[a9cb8897-0d38-4c59-817a-d67a8ba30c67:c2668, 41e21bac-56c9-465a-a1cc-bc71b3ab473c:c2666, 2bfdf505-3a1f-44eb-9843-3820b2477da1:c2666]
2019-09-05 19:10:41,109 [grpc-default-executor-2] INFO  client.GrpcClientProtocolClient (GrpcClientProtocolClient.java:onNext(255)) - client-729EAB8E4297->a9cb8897-0d38-4c59-817a-d67a8ba30c67: receive RaftClientReply:client-729EAB8E4297->a9cb8897-0d38-4c59-817a-d67a8ba30c67@group-A55F67FDC954, cid=1816, SUCCESS, logIndex=2669, commits[a9cb8897-0d38-4c59-817a-d67a8ba30c67:c2670, 41e21bac-56c9-465a-a1cc-bc71b3ab473c:c2668, 2bfdf505-3a1f-44eb-9843-3820b2477da1:c2668]
2019-09-05 19:10:41,109 [grpc-default-executor-2] INFO  client.GrpcClientProtocolClient (GrpcClientProtocolClient.java:onNext(255)) - client-729EAB8E4297->a9cb8897-0d38-4c59-817a-d67a8ba30c67: receive RaftClientReply:client-729EAB8E4297->a9cb8897-0d38-4c59-817a-d67a8ba30c67@group-A55F67FDC954, cid=1817, SUCCESS, logIndex=2670, commits[a9cb8897-0d38-4c59-817a-d67a8ba30c67:c2670, 41e21bac-56c9-465a-a1cc-bc71b3ab473c:c2668, 2bfdf505-3a1f-44eb-9843-3820b2477da1:c2668]
2019-09-05 19:10:41,109 [grpc-default-executor-2] INFO  client.GrpcClientProtocolClient (GrpcClientProtocolClient.java:onNext(255)) - client-729EAB8E4297->a9cb8897-0d38-4c59-817a-d67a8ba30c67: receive RaftClientReply:client-729EAB8E4297->a9cb8897-0d38-4c59-817a-d67a8ba30c67@group-A55F67FDC954, cid=1818, SUCCESS, logIndex=2671, commits[a9cb8897-0d38-4c59-817a-d67a8ba30c67:c2672, 41e21bac-56c9-465a-a1cc-bc71b3ab473c:c2668, 2bfdf505-3a1f-44eb-9843-3820b2477da1:c2668]
2019-09-05 19:10:41,109 [grpc-default-executor-2] INFO  client.GrpcClientProtocolClient (GrpcClientProtocolClient.java:onNext(255)) - client-729EAB8E4297->a9cb8897-0d38-4c59-817a-d67a8ba30c67: receive RaftClientReply:client-729EAB8E4297->a9cb8897-0d38-4c59-817a-d67a8ba30c67@group-A55F67FDC954, cid=1819, SUCCESS, logIndex=2672, commits[a9cb8897-0d38-4c59-817a-d67a8ba30c67:c2672, 41e21bac-56c9-465a-a1cc-bc71b3ab473c:c2668, 2bfdf505-3a1f-44eb-9843-3820b2477da1:c2668]
2019-09-05 19:10:41,122 [grpc-default-executor-2] INFO  client.GrpcClientProtocolClient (GrpcClientProtocolClient.java:onNext(255)) - client-729EAB8E4297->a9cb8897-0d38-4c59-817a-d67a8ba30c67: receive RaftClientReply:client-729EAB8E4297->a9cb8897-0d38-4c59-817a-d67a8ba30c67@group-A55F67FDC954, cid=1820, SUCCESS, logIndex=0, commits[a9cb8897-0d38-4c59-817a-d67a8ba30c67:c2674, 41e21bac-56c9-465a-a1cc-bc71b3ab473c:c2670, 2bfdf505-3a1f-44eb-9843-3820b2477da1:c2670]
2019-09-05 19:10:41,142 [grpc-default-executor-2] INFO  client.GrpcClientProtocolClient (GrpcClientProtocolClient.java:onNext(255)) - client-729EAB8E4297->a9cb8897-0d38-4c59-817a-d67a8ba30c67: receive RaftClientReply:client-729EAB8E4297->a9cb8897-0d38-4c59-817a-d67a8ba30c67@group-A55F67FDC954, cid=1821, SUCCESS, logIndex=2677, commits[a9cb8897-0d38-4c59-817a-d67a8ba30c67:c2678, 41e21bac-56c9-465a-a1cc-bc71b3ab473c:c2676, 2bfdf505-3a1f-44eb-9843-3820b2477da1:c2676]
2019-09-05 19:10:41,142 [grpc-default-executor-2] INFO  client.GrpcClientProtocolClient (GrpcClientProtocolClient.java:onNext(255)) - client-729EAB8E4297->a9cb8897-0d38-4c59-817a-d67a8ba30c67: receive RaftClientReply:client-729EAB8E4297->a9cb8897-0d38-4c59-817a-d67a8ba30c67@group-A55F67FDC954, cid=1822, SUCCESS, logIndex=2678, commits[a9cb8897-0d38-4c59-817a-d67a8ba30c67:c2678, 41e21bac-56c9-465a-a1cc-bc71b3ab473c:c2676, 2bfdf505-3a1f-44eb-9843-3820b2477da1:c2676]
2019-09-05 19:10:41,255 [grpc-default-executor-3] INFO  client.GrpcClientProtocolClient (GrpcClientProtocolClient.java:onNext(255)) - client-729EAB8E4297->a9cb8897-0d38-4c59-817a-d67a8ba30c67: receive RaftClientReply:client-729EAB8E4297->a9cb8897-0d38-4c59-817a-d67a8ba30c67@group-A55F67FDC954, cid=1823, SUCCESS, logIndex=2681, commits[a9cb8897-0d38-4c59-817a-d67a8ba30c67:c2682, 41e21bac-56c9-465a-a1cc-bc71b3ab473c:c2680, 2bfdf505-3a1f-44eb-9843-3820b2477da1:c2680]
2019-09-05 19:10:41,255 [grpc-default-executor-3] INFO  client.GrpcClientProtocolClient (GrpcClientProtocolClient.java:onNext(255)) - client-729EAB8E4297->a9cb8897-0d38-4c59-817a-d67a8ba30c67: receive RaftClientReply:client-729EAB8E4297->a9cb8897-0d38-4c59-817a-d67a8ba30c67@group-A55F67FDC954, cid=1824, SUCCESS, logIndex=2682, commits[a9cb8897-0d38-4c59-817a-d67a8ba30c67:c2682, 41e21bac-56c9-465a-a1cc-bc71b3ab473c:c2680, 2bfdf505-3a1f-44eb-9843-3820b2477da1:c2680]
2019-09-05 19:10:41,267 [grpc-default-executor-2] INFO  client.GrpcClientProtocolClient (GrpcClientProtocolClient.java:onNext(255)) - client-729EAB8E4297->a9cb8897-0d38-4c59-817a-d67a8ba30c67: receive RaftClientReply:client-729EAB8E4297->a9cb8897-0d38-4c59-817a-d67a8ba30c67@group-A55F67FDC954, cid=1825, SUCCESS, logIndex=0, commits[a9cb8897-0d38-4c59-817a-d67a8ba30c67:c2683, 41e21bac-56c9-465a-a1cc-bc71b3ab473c:c2682, 2bfdf505-3a1f-44eb-9843-3820b2477da1:c2682]
2019-09-05 19:10:41,297 [grpc-default-executor-3] INFO  client.GrpcClientProtocolClient (GrpcClientProtocolClient.java:onNext(255)) - client-729EAB8E4297->a9cb8897-0d38-4c59-817a-d67a8ba30c67: receive RaftClientReply:client-729EAB8E4297->a9cb8897-0d38-4c59-817a-d67a8ba30c67@group-A55F67FDC954, cid=1826, SUCCESS, logIndex=2685, commits[a9cb8897-0d38-4c59-817a-d67a8ba30c67:c2686, 41e21bac-56c9-465a-a1cc-bc71b3ab473c:c2684, 2bfdf505-3a1f-44eb-9843-3820b2477da1:c2684]
2019-09-05 19:10:41,297 [grpc-default-executor-3] INFO  client.GrpcClientProtocolClient (GrpcClientProtocolClient.java:onNext(255)) - client-729EAB8E4297->a9cb8897-0d38-4c59-817a-d67a8ba30c67: receive RaftClientReply:client-729EAB8E4297->a9cb8897-0d38-4c59-817a-d67a8ba30c67@group-A55F67FDC954, cid=1827, SUCCESS, logIndex=2686, commits[a9cb8897-0d38-4c59-817a-d67a8ba30c67:c2688, 41e21bac-56c9-465a-a1cc-bc71b3ab473c:c2684, 2bfdf505-3a1f-44eb-9843-3820b2477da1:c2684]
2019-09-05 19:10:41,297 [grpc-default-executor-3] INFO  client.GrpcClientProtocolClient (GrpcClientProtocolClient.java:onNext(255)) - client-729EAB8E4297->a9cb8897-0d38-4c59-817a-d67a8ba30c67: receive RaftClientReply:client-729EAB8E4297->a9cb8897-0d38-4c59-817a-d67a8ba30c67@group-A55F67FDC954, cid=1828, SUCCESS, logIndex=2687, commits[a9cb8897-0d38-4c59-817a-d67a8ba30c67:c2688, 41e21bac-56c9-465a-a1cc-bc71b3ab473c:c2684, 2bfdf505-3a1f-44eb-9843-3820b2477da1:c2684]
2019-09-05 19:10:41,298 [grpc-default-executor-3] INFO  client.GrpcClientProtocolClient (GrpcClientProtocolClient.java:onNext(255)) - client-729EAB8E4297->a9cb8897-0d38-4c59-817a-d67a8ba30c67: receive RaftClientReply:client-729EAB8E4297->a9cb8897-0d38-4c59-817a-d67a8ba30c67@group-A55F67FDC954, cid=1829, SUCCESS, logIndex=2688, commits[a9cb8897-0d38-4c59-817a-d67a8ba30c67:c2688, 41e21bac-56c9-465a-a1cc-bc71b3ab473c:c2684, 2bfdf505-3a1f-44eb-9843-3820b2477da1:c2684]
2019-09-05 19:10:41,310 [grpc-default-executor-3] INFO  client.GrpcClientProtocolClient (GrpcClientProtocolClient.java:onNext(255)) - client-729EAB8E4297->a9cb8897-0d38-4c59-817a-d67a8ba30c67: receive RaftClientReply:client-729EAB8E4297->a9cb8897-0d38-4c59-817a-d67a8ba30c67@group-A55F67FDC954, cid=1830, SUCCESS, logIndex=0, commits[a9cb8897-0d38-4c59-817a-d67a8ba30c67:c2690, 41e21bac-56c9-465a-a1cc-bc71b3ab473c:c2686, 2bfdf505-3a1f-44eb-9843-3820b2477da1:c2686]
2019-09-05 19:10:41,330 [grpc-default-executor-2] INFO  client.GrpcClientProtocolClient (GrpcClientProtocolClient.java:onNext(255)) - client-729EAB8E4297->a9cb8897-0d38-4c59-817a-d67a8ba30c67: receive RaftClientReply:client-729EAB8E4297->a9cb8897-0d38-4c59-817a-d67a8ba30c67@group-A55F67FDC954, cid=1831, SUCCESS, logIndex=2693, commits[a9cb8897-0d38-4c59-817a-d67a8ba30c67:c2694, 41e21bac-56c9-465a-a1cc-bc71b3ab473c:c2692, 2bfdf505-3a1f-44eb-9843-3820b2477da1:c2692]
2019-09-05 19:10:41,331 [grpc-default-executor-2] INFO  client.GrpcClientProtocolClient (GrpcClientProtocolClient.java:onNext(255)) - client-729EAB8E4297->a9cb8897-0d38-4c59-817a-d67a8ba30c67: receive RaftClientReply:client-729EAB8E4297->a9cb8897-0d38-4c59-817a-d67a8ba30c67@group-A55F67FDC954, cid=1832, SUCCESS, logIndex=2694, commits[a9cb8897-0d38-4c59-817a-d67a8ba30c67:c2694, 41e21bac-56c9-465a-a1cc-bc71b3ab473c:c2692, 2bfdf505-3a1f-44eb-9843-3820b2477da1:c2692]
 0.00% |█                                                                                                    |  0/1 Time: 0:00:152019-09-05 19:10:41,346 [grpc-default-executor-3] INFO  client.GrpcClientProtocolClient (GrpcClientProtocolClient.java:onNext(255)) - client-729EAB8E4297->a9cb8897-0d38-4c59-817a-d67a8ba30c67: receive RaftClientReply:client-729EAB8E4297->a9cb8897-0d38-4c59-817a-d67a8ba30c67@group-A55F67FDC954, cid=1833, SUCCESS, logIndex=2697, commits[a9cb8897-0d38-4c59-817a-d67a8ba30c67:c2698, 41e21bac-56c9-465a-a1cc-bc71b3ab473c:c2694, 2bfdf505-3a1f-44eb-9843-3820b2477da1:c2694]
2019-09-05 19:10:41,346 [grpc-default-executor-3] INFO  client.GrpcClientProtocolClient (GrpcClientProtocolClient.java:onNext(255)) - client-729EAB8E4297->a9cb8897-0d38-4c59-817a-d67a8ba30c67: receive RaftClientReply:client-729EAB8E4297->a9cb8897-0d38-4c59-817a-d67a8ba30c67@group-A55F67FDC954, cid=1834, SUCCESS, logIndex=2698, commits[a9cb8897-0d38-4c59-817a-d67a8ba30c67:c2698, 41e21bac-56c9-465a-a1cc-bc71b3ab473c:c2694, 2bfdf505-3a1f-44eb-9843-3820b2477da1:c2694]
2019-09-05 19:10:41,357 [grpc-default-executor-2] INFO  client.GrpcClientProtocolClient (GrpcClientProtocolClient.java:onNext(255)) - client-729EAB8E4297->a9cb8897-0d38-4c59-817a-d67a8ba30c67: receive RaftClientReply:client-729EAB8E4297->a9cb8897-0d38-4c59-817a-d67a8ba30c67@group-A55F67FDC954, cid=1835, SUCCESS, logIndex=0, commits[a9cb8897-0d38-4c59-817a-d67a8ba30c67:c2699, 41e21bac-56c9-465a-a1cc-bc71b3ab473c:c2698, 2bfdf505-3a1f-44eb-9843-3820b2477da1:c2698]
2019-09-05 19:10:41,384 [grpc-default-executor-0] INFO  client.GrpcClientProtocolClient (GrpcClientProtocolClient.java:onNext(255)) - client-729EAB8E4297->a9cb8897-0d38-4c59-817a-d67a8ba30c67: receive RaftClientReply:client-729EAB8E4297->a9cb8897-0d38-4c59-817a-d67a8ba30c67@group-A55F67FDC954, cid=1836, SUCCESS, logIndex=2701, commits[a9cb8897-0d38-4c59-817a-d67a8ba30c67:c2702, 41e21bac-56c9-465a-a1cc-bc71b3ab473c:c2700, 2bfdf505-3a1f-44eb-9843-3820b2477da1:c2700]
2019-09-05 19:10:41,384 [grpc-default-executor-0] INFO  client.GrpcClientProtocolClient (GrpcClientProtocolClient.java:onNext(255)) - client-729EAB8E4297->a9cb8897-0d38-4c59-817a-d67a8ba30c67: receive RaftClientReply:client-729EAB8E4297->a9cb8897-0d38-4c59-817a-d67a8ba30c67@group-A55F67FDC954, cid=1837, SUCCESS, logIndex=2702, commits[a9cb8897-0d38-4c59-817a-d67a8ba30c67:c2702, 41e21bac-56c9-465a-a1cc-bc71b3ab473c:c2700, 2bfdf505-3a1f-44eb-9843-3820b2477da1:c2700]
2019-09-05 19:10:41,384 [grpc-default-executor-0] INFO  client.GrpcClientProtocolClient (GrpcClientProtocolClient.java:onNext(255)) - client-729EAB8E4297->a9cb8897-0d38-4c59-817a-d67a8ba30c67: receive RaftClientReply:client-729EAB8E4297->a9cb8897-0d38-4c59-817a-d67a8ba30c67@group-A55F67FDC954, cid=1838, SUCCESS, logIndex=2703, commits[a9cb8897-0d38-4c59-817a-d67a8ba30c67:c2704, 41e21bac-56c9-465a-a1cc-bc71b3ab473c:c2700, 2bfdf505-3a1f-44eb-9843-3820b2477da1:c2700]
2019-09-05 19:10:41,385 [grpc-default-executor-0] INFO  client.GrpcClientProtocolClient (GrpcClientProtocolClient.java:onNext(255)) - client-729EAB8E4297->a9cb8897-0d38-4c59-817a-d67a8ba30c67: receive RaftClientReply:client-729EAB8E4297->a9cb8897-0d38-4c59-817a-d67a8ba30c67@group-A55F67FDC954, cid=1839, SUCCESS, logIndex=2704, commits[a9cb8897-0d38-4c59-817a-d67a8ba30c67:c2704, 41e21bac-56c9-465a-a1cc-bc71b3ab473c:c2700, 2bfdf505-3a1f-44eb-9843-3820b2477da1:c2700]
2019-09-05 19:10:41,398 [grpc-default-executor-0] INFO  client.GrpcClientProtocolClient (GrpcClientProtocolClient.java:onNext(255)) - client-729EAB8E4297->a9cb8897-0d38-4c59-817a-d67a8ba30c67: receive RaftClientReply:client-729EAB8E4297->a9cb8897-0d38-4c59-817a-d67a8ba30c67@group-A55F67FDC954, cid=1840, SUCCESS, logIndex=0, commits[a9cb8897-0d38-4c59-817a-d67a8ba30c67:c2706, 41e21bac-56c9-465a-a1cc-bc71b3ab473c:c2702, 2bfdf505-3a1f-44eb-9843-3820b2477da1:c2702]
2019-09-05 19:10:41,417 [grpc-default-executor-3] INFO  client.GrpcClientProtocolClient (GrpcClientProtocolClient.java:onNext(255)) - client-729EAB8E4297->a9cb8897-0d38-4c59-817a-d67a8ba30c67: receive RaftClientReply:client-729EAB8E4297->a9cb8897-0d38-4c59-817a-d67a8ba30c67@group-A55F67FDC954, cid=1841, SUCCESS, logIndex=2709, commits[a9cb8897-0d38-4c59-817a-d67a8ba30c67:c2710, 41e21bac-56c9-465a-a1cc-bc71b3ab473c:c2708, 2bfdf505-3a1f-44eb-9843-3820b2477da1:c2708]
2019-09-05 19:10:41,417 [grpc-default-executor-3] INFO  client.GrpcClientProtocolClient (GrpcClientProtocolClient.java:onNext(255)) - client-729EAB8E4297->a9cb8897-0d38-4c59-817a-d67a8ba30c67: receive RaftClientReply:client-729EAB8E4297->a9cb8897-0d38-4c59-817a-d67a8ba30c67@group-A55F67FDC954, cid=1842, SUCCESS, logIndex=2710, commits[a9cb8897-0d38-4c59-817a-d67a8ba30c67:c2710, 41e21bac-56c9-465a-a1cc-bc71b3ab473c:c2708, 2bfdf505-3a1f-44eb-9843-3820b2477da1:c2708]
2019-09-05 19:10:41,456 [grpc-default-executor-2] INFO  client.GrpcClientProtocolClient (GrpcClientProtocolClient.java:onNext(255)) - client-729EAB8E4297->a9cb8897-0d38-4c59-817a-d67a8ba30c67: receive RaftClientReply:client-729EAB8E4297->a9cb8897-0d38-4c59-817a-d67a8ba30c67@group-A55F67FDC954, cid=1843, SUCCESS, logIndex=2713, commits[a9cb8897-0d38-4c59-817a-d67a8ba30c67:c2714, 41e21bac-56c9-465a-a1cc-bc71b3ab473c:c2710, 2bfdf505-3a1f-44eb-9843-3820b2477da1:c2710]
2019-09-05 19:10:41,456 [grpc-default-executor-2] INFO  client.GrpcClientProtocolClient (GrpcClientProtocolClient.java:onNext(255)) - client-729EAB8E4297->a9cb8897-0d38-4c59-817a-d67a8ba30c67: receive RaftClientReply:client-729EAB8E4297->a9cb8897-0d38-4c59-817a-d67a8ba30c67@group-A55F67FDC954, cid=1844, SUCCESS, logIndex=2714, commits[a9cb8897-0d38-4c59-817a-d67a8ba30c67:c2714, 41e21bac-56c9-465a-a1cc-bc71b3ab473c:c2710, 2bfdf505-3a1f-44eb-9843-3820b2477da1:c2710]
2019-09-05 19:10:41,468 [grpc-default-executor-2] INFO  client.GrpcClientProtocolClient (GrpcClientProtocolClient.java:onNext(255)) - client-729EAB8E4297->a9cb8897-0d38-4c59-817a-d67a8ba30c67: receive RaftClientReply:client-729EAB8E4297->a9cb8897-0d38-4c59-817a-d67a8ba30c67@group-A55F67FDC954, cid=1845, SUCCESS, logIndex=0, commits[a9cb8897-0d38-4c59-817a-d67a8ba30c67:c2716, 41e21bac-56c9-465a-a1cc-bc71b3ab473c:c2714, 2bfdf505-3a1f-44eb-9843-3820b2477da1:c2714]
2019-09-05 19:10:41,499 [grpc-default-executor-2] INFO  client.GrpcClientProtocolClient (GrpcClientProtocolClient.java:onNext(255)) - client-729EAB8E4297->a9cb8897-0d38-4c59-817a-d67a8ba30c67: receive RaftClientReply:client-729EAB8E4297->a9cb8897-0d38-4c59-817a-d67a8ba30c67@group-A55F67FDC954, cid=1846, SUCCESS, logIndex=2717, commits[a9cb8897-0d38-4c59-817a-d67a8ba30c67:c2718, 41e21bac-56c9-465a-a1cc-bc71b3ab473c:c2716, 2bfdf505-3a1f-44eb-9843-3820b2477da1:c2716]
2019-09-05 19:10:41,499 [grpc-default-executor-2] INFO  client.GrpcClientProtocolClient (GrpcClientProtocolClient.java:onNext(255)) - client-729EAB8E4297->a9cb8897-0d38-4c59-817a-d67a8ba30c67: receive RaftClientReply:client-729EAB8E4297->a9cb8897-0d38-4c59-817a-d67a8ba30c67@group-A55F67FDC954, cid=1847, SUCCESS, logIndex=2718, commits[a9cb8897-0d38-4c59-817a-d67a8ba30c67:c2718, 41e21bac-56c9-465a-a1cc-bc71b3ab473c:c2716, 2bfdf505-3a1f-44eb-9843-3820b2477da1:c2716]
2019-09-05 19:10:41,500 [grpc-default-executor-2] INFO  client.GrpcClientProtocolClient (GrpcClientProtocolClient.java:onNext(255)) - client-729EAB8E4297->a9cb8897-0d38-4c59-817a-d67a8ba30c67: receive RaftClientReply:client-729EAB8E4297->a9cb8897-0d38-4c59-817a-d67a8ba30c67@group-A55F67FDC954, cid=1848, SUCCESS, logIndex=2719, commits[a9cb8897-0d38-4c59-817a-d67a8ba30c67:c2720, 41e21bac-56c9-465a-a1cc-bc71b3ab473c:c2716, 2bfdf505-3a1f-44eb-9843-3820b2477da1:c2716]
2019-09-05 19:10:41,500 [grpc-default-executor-2] INFO  client.GrpcClientProtocolClient (GrpcClientProtocolClient.java:onNext(255)) - client-729EAB8E4297->a9cb8897-0d38-4c59-817a-d67a8ba30c67: receive RaftClientReply:client-729EAB8E4297->a9cb8897-0d38-4c59-817a-d67a8ba30c67@group-A55F67FDC954, cid=1849, SUCCESS, logIndex=2720, commits[a9cb8897-0d38-4c59-817a-d67a8ba30c67:c2720, 41e21bac-56c9-465a-a1cc-bc71b3ab473c:c2716, 2bfdf505-3a1f-44eb-9843-3820b2477da1:c2716]
2019-09-05 19:10:41,513 [grpc-default-executor-2] INFO  client.GrpcClientProtocolClient (GrpcClientProtocolClient.java:onNext(255)) - client-729EAB8E4297->a9cb8897-0d38-4c59-817a-d67a8ba30c67: receive RaftClientReply:client-729EAB8E4297->a9cb8897-0d38-4c59-817a-d67a8ba30c67@group-A55F67FDC954, cid=1850, SUCCESS, logIndex=0, commits[a9cb8897-0d38-4c59-817a-d67a8ba30c67:c2722, 41e21bac-56c9-465a-a1cc-bc71b3ab473c:c2718, 2bfdf505-3a1f-44eb-9843-3820b2477da1:c2718]
2019-09-05 19:10:41,533 [grpc-default-executor-3] INFO  client.GrpcClientProtocolClient (GrpcClientProtocolClient.java:onNext(255)) - client-729EAB8E4297->a9cb8897-0d38-4c59-817a-d67a8ba30c67: receive RaftClientReply:client-729EAB8E4297->a9cb8897-0d38-4c59-817a-d67a8ba30c67@group-A55F67FDC954, cid=1851, SUCCESS, logIndex=2725, commits[a9cb8897-0d38-4c59-817a-d67a8ba30c67:c2726, 41e21bac-56c9-465a-a1cc-bc71b3ab473c:c2724, 2bfdf505-3a1f-44eb-9843-3820b2477da1:c2724]
2019-09-05 19:10:41,534 [grpc-default-executor-3] INFO  client.GrpcClientProtocolClient (GrpcClientProtocolClient.java:onNext(255)) - client-729EAB8E4297->a9cb8897-0d38-4c59-817a-d67a8ba30c67: receive RaftClientReply:client-729EAB8E4297->a9cb8897-0d38-4c59-817a-d67a8ba30c67@group-A55F67FDC954, cid=1852, SUCCESS, logIndex=2726, commits[a9cb8897-0d38-4c59-817a-d67a8ba30c67:c2726, 41e21bac-56c9-465a-a1cc-bc71b3ab473c:c2724, 2bfdf505-3a1f-44eb-9843-3820b2477da1:c2724]
2019-09-05 19:10:41,546 [grpc-default-executor-0] INFO  client.GrpcClientProtocolClient (GrpcClientProtocolClient.java:onNext(255)) - client-729EAB8E4297->a9cb8897-0d38-4c59-817a-d67a8ba30c67: receive RaftClientReply:client-729EAB8E4297->a9cb8897-0d38-4c59-817a-d67a8ba30c67@group-A55F67FDC954, cid=1853, SUCCESS, logIndex=2729, commits[a9cb8897-0d38-4c59-817a-d67a8ba30c67:c2730, 41e21bac-56c9-465a-a1cc-bc71b3ab473c:c2726, 2bfdf505-3a1f-44eb-9843-3820b2477da1:c2726]
2019-09-05 19:10:41,547 [grpc-default-executor-0] INFO  client.GrpcClientProtocolClient (GrpcClientProtocolClient.java:onNext(255)) - client-729EAB8E4297->a9cb8897-0d38-4c59-817a-d67a8ba30c67: receive RaftClientReply:client-729EAB8E4297->a9cb8897-0d38-4c59-817a-d67a8ba30c67@group-A55F67FDC954, cid=1854, SUCCESS, logIndex=2730, commits[a9cb8897-0d38-4c59-817a-d67a8ba30c67:c2730, 41e21bac-56c9-465a-a1cc-bc71b3ab473c:c2726, 2bfdf505-3a1f-44eb-9843-3820b2477da1:c2726]
2019-09-05 19:10:41,549 [grpc-default-executor-3] INFO  client.GrpcClientProtocolClient (GrpcClientProtocolClient.java:onNext(255)) - client-729EAB8E4297->a9cb8897-0d38-4c59-817a-d67a8ba30c67: receive RaftClientReply:client-729EAB8E4297->a9cb8897-0d38-4c59-817a-d67a8ba30c67@group-A55F67FDC954, cid=1855, SUCCESS, logIndex=0, commits[a9cb8897-0d38-4c59-817a-d67a8ba30c67:c2731, 41e21bac-56c9-465a-a1cc-bc71b3ab473c:c2730, 2bfdf505-3a1f-44eb-9843-3820b2477da1:c2730]
2019-09-05 19:10:41,578 [grpc-default-executor-0] INFO  client.GrpcClientProtocolClient (GrpcClientProtocolClient.java:onNext(255)) - client-729EAB8E4297->a9cb8897-0d38-4c59-817a-d67a8ba30c67: receive RaftClientReply:client-729EAB8E4297->a9cb8897-0d38-4c59-817a-d67a8ba30c67@group-A55F67FDC954, cid=1856, SUCCESS, logIndex=2733, commits[a9cb8897-0d38-4c59-817a-d67a8ba30c67:c2734, 41e21bac-56c9-465a-a1cc-bc71b3ab473c:c2732, 2bfdf505-3a1f-44eb-9843-3820b2477da1:c2732]
2019-09-05 19:10:41,579 [grpc-default-executor-0] INFO  client.GrpcClientProtocolClient (GrpcClientProtocolClient.java:onNext(255)) - client-729EAB8E4297->a9cb8897-0d38-4c59-817a-d67a8ba30c67: receive RaftClientReply:client-729EAB8E4297->a9cb8897-0d38-4c59-817a-d67a8ba30c67@group-A55F67FDC954, cid=1857, SUCCESS, logIndex=2734, commits[a9cb8897-0d38-4c59-817a-d67a8ba30c67:c2734, 41e21bac-56c9-465a-a1cc-bc71b3ab473c:c2732, 2bfdf505-3a1f-44eb-9843-3820b2477da1:c2732]
2019-09-05 19:10:41,579 [grpc-default-executor-0] INFO  client.GrpcClientProtocolClient (GrpcClientProtocolClient.java:onNext(255)) - client-729EAB8E4297->a9cb8897-0d38-4c59-817a-d67a8ba30c67: receive RaftClientReply:client-729EAB8E4297->a9cb8897-0d38-4c59-817a-d67a8ba30c67@group-A55F67FDC954, cid=1858, SUCCESS, logIndex=2735, commits[a9cb8897-0d38-4c59-817a-d67a8ba30c67:c2736, 41e21bac-56c9-465a-a1cc-bc71b3ab473c:c2732, 2bfdf505-3a1f-44eb-9843-3820b2477da1:c2732]
2019-09-05 19:10:41,579 [grpc-default-executor-0] INFO  client.GrpcClientProtocolClient (GrpcClientProtocolClient.java:onNext(255)) - client-729EAB8E4297->a9cb8897-0d38-4c59-817a-d67a8ba30c67: receive RaftClientReply:client-729EAB8E4297->a9cb8897-0d38-4c59-817a-d67a8ba30c67@group-A55F67FDC954, cid=1859, SUCCESS, logIndex=2736, commits[a9cb8897-0d38-4c59-817a-d67a8ba30c67:c2736, 41e21bac-56c9-465a-a1cc-bc71b3ab473c:c2732, 2bfdf505-3a1f-44eb-9843-3820b2477da1:c2732]
2019-09-05 19:10:41,595 [grpc-default-executor-3] INFO  client.GrpcClientProtocolClient (GrpcClientProtocolClient.java:onNext(255)) - client-729EAB8E4297->a9cb8897-0d38-4c59-817a-d67a8ba30c67: receive RaftClientReply:client-729EAB8E4297->a9cb8897-0d38-4c59-817a-d67a8ba30c67@group-A55F67FDC954, cid=1860, SUCCESS, logIndex=0, commits[a9cb8897-0d38-4c59-817a-d67a8ba30c67:c2738, 41e21bac-56c9-465a-a1cc-bc71b3ab473c:c2734, 2bfdf505-3a1f-44eb-9843-3820b2477da1:c2734]
2019-09-05 19:10:41,615 [grpc-default-executor-0] INFO  client.GrpcClientProtocolClient (GrpcClientProtocolClient.java:onNext(255)) - client-729EAB8E4297->a9cb8897-0d38-4c59-817a-d67a8ba30c67: receive RaftClientReply:client-729EAB8E4297->a9cb8897-0d38-4c59-817a-d67a8ba30c67@group-A55F67FDC954, cid=1861, SUCCESS, logIndex=2741, commits[a9cb8897-0d38-4c59-817a-d67a8ba30c67:c2742, 41e21bac-56c9-465a-a1cc-bc71b3ab473c:c2740, 2bfdf505-3a1f-44eb-9843-3820b2477da1:c2740]
2019-09-05 19:10:41,616 [grpc-default-executor-0] INFO  client.GrpcClientProtocolClient (GrpcClientProtocolClient.java:onNext(255)) - client-729EAB8E4297->a9cb8897-0d38-4c59-817a-d67a8ba30c67: receive RaftClientReply:client-729EAB8E4297->a9cb8897-0d38-4c59-817a-d67a8ba30c67@group-A55F67FDC954, cid=1862, SUCCESS, logIndex=2742, commits[a9cb8897-0d38-4c59-817a-d67a8ba30c67:c2742, 41e21bac-56c9-465a-a1cc-bc71b3ab473c:c2740, 2bfdf505-3a1f-44eb-9843-3820b2477da1:c2740]
2019-09-05 19:10:41,630 [grpc-default-executor-0] INFO  client.GrpcClientProtocolClient (GrpcClientProtocolClient.java:onNext(255)) - client-729EAB8E4297->a9cb8897-0d38-4c59-817a-d67a8ba30c67: receive RaftClientReply:client-729EAB8E4297->a9cb8897-0d38-4c59-817a-d67a8ba30c67@group-A55F67FDC954, cid=1863, SUCCESS, logIndex=2745, commits[a9cb8897-0d38-4c59-817a-d67a8ba30c67:c2746, 41e21bac-56c9-465a-a1cc-bc71b3ab473c:c2742, 2bfdf505-3a1f-44eb-9843-3820b2477da1:c2742]
2019-09-05 19:10:41,631 [grpc-default-executor-0] INFO  client.GrpcClientProtocolClient (GrpcClientProtocolClient.java:onNext(255)) - client-729EAB8E4297->a9cb8897-0d38-4c59-817a-d67a8ba30c67: receive RaftClientReply:client-729EAB8E4297->a9cb8897-0d38-4c59-817a-d67a8ba30c67@group-A55F67FDC954, cid=1864, SUCCESS, logIndex=2746, commits[a9cb8897-0d38-4c59-817a-d67a8ba30c67:c2746, 41e21bac-56c9-465a-a1cc-bc71b3ab473c:c2742, 2bfdf505-3a1f-44eb-9843-3820b2477da1:c2742]
2019-09-05 19:10:41,635 [grpc-default-executor-0] INFO  client.GrpcClientProtocolClient (GrpcClientProtocolClient.java:onNext(255)) - client-729EAB8E4297->a9cb8897-0d38-4c59-817a-d67a8ba30c67: receive RaftClientReply:client-729EAB8E4297->a9cb8897-0d38-4c59-817a-d67a8ba30c67@group-A55F67FDC954, cid=1865, SUCCESS, logIndex=0, commits[a9cb8897-0d38-4c59-817a-d67a8ba30c67:c2748, 41e21bac-56c9-465a-a1cc-bc71b3ab473c:c2746, 2bfdf505-3a1f-44eb-9843-3820b2477da1:c2746]
2019-09-05 19:10:41,660 [grpc-default-executor-3] INFO  client.GrpcClientProtocolClient (GrpcClientProtocolClient.java:onNext(255)) - client-729EAB8E4297->a9cb8897-0d38-4c59-817a-d67a8ba30c67: receive RaftClientReply:client-729EAB8E4297->a9cb8897-0d38-4c59-817a-d67a8ba30c67@group-A55F67FDC954, cid=1866, SUCCESS, logIndex=2749, commits[a9cb8897-0d38-4c59-817a-d67a8ba30c67:c2752, 41e21bac-56c9-465a-a1cc-bc71b3ab473c:c2746, 2bfdf505-3a1f-44eb-9843-3820b2477da1:c2748]
2019-09-05 19:10:41,661 [grpc-default-executor-0] INFO  client.GrpcClientProtocolClient (GrpcClientProtocolClient.java:onNext(255)) - client-729EAB8E4297->a9cb8897-0d38-4c59-817a-d67a8ba30c67: receive RaftClientReply:client-729EAB8E4297->a9cb8897-0d38-4c59-817a-d67a8ba30c67@group-A55F67FDC954, cid=1867, SUCCESS, logIndex=2750, commits[a9cb8897-0d38-4c59-817a-d67a8ba30c67:c2752, 41e21bac-56c9-465a-a1cc-bc71b3ab473c:c2746, 2bfdf505-3a1f-44eb-9843-3820b2477da1:c2748]
2019-09-05 19:10:41,661 [grpc-default-executor-0] INFO  client.GrpcClientProtocolClient (GrpcClientProtocolClient.java:onNext(255)) - client-729EAB8E4297->a9cb8897-0d38-4c59-817a-d67a8ba30c67: receive RaftClientReply:client-729EAB8E4297->a9cb8897-0d38-4c59-817a-d67a8ba30c67@group-A55F67FDC954, cid=1868, SUCCESS, logIndex=2751, commits[a9cb8897-0d38-4c59-817a-d67a8ba30c67:c2752, 41e21bac-56c9-465a-a1cc-bc71b3ab473c:c2748, 2bfdf505-3a1f-44eb-9843-3820b2477da1:c2748]
2019-09-05 19:10:41,661 [grpc-default-executor-0] INFO  client.GrpcClientProtocolClient (GrpcClientProtocolClient.java:onNext(255)) - client-729EAB8E4297->a9cb8897-0d38-4c59-817a-d67a8ba30c67: receive RaftClientReply:client-729EAB8E4297->a9cb8897-0d38-4c59-817a-d67a8ba30c67@group-A55F67FDC954, cid=1869, SUCCESS, logIndex=2752, commits[a9cb8897-0d38-4c59-817a-d67a8ba30c67:c2752, 41e21bac-56c9-465a-a1cc-bc71b3ab473c:c2748, 2bfdf505-3a1f-44eb-9843-3820b2477da1:c2748]
2019-09-05 19:10:41,662 [grpc-default-executor-0] INFO  client.GrpcClientProtocolClient (GrpcClientProtocolClient.java:onNext(255)) - client-729EAB8E4297->a9cb8897-0d38-4c59-817a-d67a8ba30c67: receive RaftClientReply:client-729EAB8E4297->a9cb8897-0d38-4c59-817a-d67a8ba30c67@group-A55F67FDC954, cid=1870, SUCCESS, logIndex=0, commits[a9cb8897-0d38-4c59-817a-d67a8ba30c67:c2753, 41e21bac-56c9-465a-a1cc-bc71b3ab473c:c2750, 2bfdf505-3a1f-44eb-9843-3820b2477da1:c2750]
2019-09-05 19:10:41,689 [grpc-default-executor-3] INFO  client.GrpcClientProtocolClient (GrpcClientProtocolClient.java:onNext(255)) - client-729EAB8E4297->a9cb8897-0d38-4c59-817a-d67a8ba30c67: receive RaftClientReply:client-729EAB8E4297->a9cb8897-0d38-4c59-817a-d67a8ba30c67@group-A55F67FDC954, cid=1871, SUCCESS, logIndex=2756, commits[a9cb8897-0d38-4c59-817a-d67a8ba30c67:c2757, 41e21bac-56c9-465a-a1cc-bc71b3ab473c:c2755, 2bfdf505-3a1f-44eb-9843-3820b2477da1:c2755]
2019-09-05 19:10:41,689 [grpc-default-executor-3] INFO  client.GrpcClientProtocolClient (GrpcClientProtocolClient.java:onNext(255)) - client-729EAB8E4297->a9cb8897-0d38-4c59-817a-d67a8ba30c67: receive RaftClientReply:client-729EAB8E4297->a9cb8897-0d38-4c59-817a-d67a8ba30c67@group-A55F67FDC954, cid=1872, SUCCESS, logIndex=2757, commits[a9cb8897-0d38-4c59-817a-d67a8ba30c67:c2757, 41e21bac-56c9-465a-a1cc-bc71b3ab473c:c2755, 2bfdf505-3a1f-44eb-9843-3820b2477da1:c2755]
2019-09-05 19:10:41,704 [grpc-default-executor-3] INFO  client.GrpcClientProtocolClient (GrpcClientProtocolClient.java:onNext(255)) - client-729EAB8E4297->a9cb8897-0d38-4c59-817a-d67a8ba30c67: receive RaftClientReply:client-729EAB8E4297->a9cb8897-0d38-4c59-817a-d67a8ba30c67@group-A55F67FDC954, cid=1873, SUCCESS, logIndex=2760, commits[a9cb8897-0d38-4c59-817a-d67a8ba30c67:c2761, 41e21bac-56c9-465a-a1cc-bc71b3ab473c:c2757, 2bfdf505-3a1f-44eb-9843-3820b2477da1:c2758]
2019-09-05 19:10:41,705 [grpc-default-executor-3] INFO  client.GrpcClientProtocolClient (GrpcClientProtocolClient.java:onNext(255)) - client-729EAB8E4297->a9cb8897-0d38-4c59-817a-d67a8ba30c67: receive RaftClientReply:client-729EAB8E4297->a9cb8897-0d38-4c59-817a-d67a8ba30c67@group-A55F67FDC954, cid=1874, SUCCESS, logIndex=2761, commits[a9cb8897-0d38-4c59-817a-d67a8ba30c67:c2761, 41e21bac-56c9-465a-a1cc-bc71b3ab473c:c2758, 2bfdf505-3a1f-44eb-9843-3820b2477da1:c2758]
2019-09-05 19:10:41,707 [grpc-default-executor-0] INFO  client.GrpcClientProtocolClient (GrpcClientProtocolClient.java:onNext(255)) - client-729EAB8E4297->a9cb8897-0d38-4c59-817a-d67a8ba30c67: receive RaftClientReply:client-729EAB8E4297->a9cb8897-0d38-4c59-817a-d67a8ba30c67@group-A55F67FDC954, cid=1875, SUCCESS, logIndex=0, commits[a9cb8897-0d38-4c59-817a-d67a8ba30c67:c2763, 41e21bac-56c9-465a-a1cc-bc71b3ab473c:c2761, 2bfdf505-3a1f-44eb-9843-3820b2477da1:c2761]
2019-09-05 19:10:41,737 [grpc-default-executor-2] INFO  client.GrpcClientProtocolClient (GrpcClientProtocolClient.java:onNext(255)) - client-729EAB8E4297->a9cb8897-0d38-4c59-817a-d67a8ba30c67: receive RaftClientReply:client-729EAB8E4297->a9cb8897-0d38-4c59-817a-d67a8ba30c67@group-A55F67FDC954, cid=1876, SUCCESS, logIndex=2764, commits[a9cb8897-0d38-4c59-817a-d67a8ba30c67:c2765, 41e21bac-56c9-465a-a1cc-bc71b3ab473c:c2763, 2bfdf505-3a1f-44eb-9843-3820b2477da1:c2763]
2019-09-05 19:10:41,737 [grpc-default-executor-2] INFO  client.GrpcClientProtocolClient (GrpcClientProtocolClient.java:onNext(255)) - client-729EAB8E4297->a9cb8897-0d38-4c59-817a-d67a8ba30c67: receive RaftClientReply:client-729EAB8E4297->a9cb8897-0d38-4c59-817a-d67a8ba30c67@group-A55F67FDC954, cid=1877, SUCCESS, logIndex=2765, commits[a9cb8897-0d38-4c59-817a-d67a8ba30c67:c2767, 41e21bac-56c9-465a-a1cc-bc71b3ab473c:c2763, 2bfdf505-3a1f-44eb-9843-3820b2477da1:c2763]
2019-09-05 19:10:41,738 [grpc-default-executor-2] INFO  client.GrpcClientProtocolClient (GrpcClientProtocolClient.java:onNext(255)) - client-729EAB8E4297->a9cb8897-0d38-4c59-817a-d67a8ba30c67: receive RaftClientReply:client-729EAB8E4297->a9cb8897-0d38-4c59-817a-d67a8ba30c67@group-A55F67FDC954, cid=1878, SUCCESS, logIndex=2766, commits[a9cb8897-0d38-4c59-817a-d67a8ba30c67:c2767, 41e21bac-56c9-465a-a1cc-bc71b3ab473c:c2763, 2bfdf505-3a1f-44eb-9843-3820b2477da1:c2763]
2019-09-05 19:10:41,738 [grpc-default-executor-2] INFO  client.GrpcClientProtocolClient (GrpcClientProtocolClient.java:onNext(255)) - client-729EAB8E4297->a9cb8897-0d38-4c59-817a-d67a8ba30c67: receive RaftClientReply:client-729EAB8E4297->a9cb8897-0d38-4c59-817a-d67a8ba30c67@group-A55F67FDC954, cid=1879, SUCCESS, logIndex=2767, commits[a9cb8897-0d38-4c59-817a-d67a8ba30c67:c2767, 41e21bac-56c9-465a-a1cc-bc71b3ab473c:c2763, 2bfdf505-3a1f-44eb-9843-3820b2477da1:c2763]
2019-09-05 19:10:41,750 [grpc-default-executor-2] INFO  client.GrpcClientProtocolClient (GrpcClientProtocolClient.java:onNext(255)) - client-729EAB8E4297->a9cb8897-0d38-4c59-817a-d67a8ba30c67: receive RaftClientReply:client-729EAB8E4297->a9cb8897-0d38-4c59-817a-d67a8ba30c67@group-A55F67FDC954, cid=1880, SUCCESS, logIndex=0, commits[a9cb8897-0d38-4c59-817a-d67a8ba30c67:c2771, 41e21bac-56c9-465a-a1cc-bc71b3ab473c:c2765, 2bfdf505-3a1f-44eb-9843-3820b2477da1:c2767]
2019-09-05 19:10:41,768 [grpc-default-executor-0] INFO  client.GrpcClientProtocolClient (GrpcClientProtocolClient.java:onNext(255)) - client-729EAB8E4297->a9cb8897-0d38-4c59-817a-d67a8ba30c67: receive RaftClientReply:client-729EAB8E4297->a9cb8897-0d38-4c59-817a-d67a8ba30c67@group-A55F67FDC954, cid=1881, SUCCESS, logIndex=2772, commits[a9cb8897-0d38-4c59-817a-d67a8ba30c67:c2773, 41e21bac-56c9-465a-a1cc-bc71b3ab473c:c2771, 2bfdf505-3a1f-44eb-9843-3820b2477da1:c2771]
2019-09-05 19:10:41,769 [grpc-default-executor-0] INFO  client.GrpcClientProtocolClient (GrpcClientProtocolClient.java:onNext(255)) - client-729EAB8E4297->a9cb8897-0d38-4c59-817a-d67a8ba30c67: receive RaftClientReply:client-729EAB8E4297->a9cb8897-0d38-4c59-817a-d67a8ba30c67@group-A55F67FDC954, cid=1882, SUCCESS, logIndex=2773, commits[a9cb8897-0d38-4c59-817a-d67a8ba30c67:c2773, 41e21bac-56c9-465a-a1cc-bc71b3ab473c:c2771, 2bfdf505-3a1f-44eb-9843-3820b2477da1:c2771]
2019-09-05 19:10:41,782 [grpc-default-executor-3] INFO  client.GrpcClientProtocolClient (GrpcClientProtocolClient.java:onNext(255)) - client-729EAB8E4297->a9cb8897-0d38-4c59-817a-d67a8ba30c67: receive RaftClientReply:client-729EAB8E4297->a9cb8897-0d38-4c59-817a-d67a8ba30c67@group-A55F67FDC954, cid=1883, SUCCESS, logIndex=2776, commits[a9cb8897-0d38-4c59-817a-d67a8ba30c67:c2776, 41e21bac-56c9-465a-a1cc-bc71b3ab473c:c2773, 2bfdf505-3a1f-44eb-9843-3820b2477da1:c2773]
2019-09-05 19:10:41,783 [grpc-default-executor-3] INFO  client.GrpcClientProtocolClient (GrpcClientProtocolClient.java:onNext(255)) - client-729EAB8E4297->a9cb8897-0d38-4c59-817a-d67a8ba30c67: receive RaftClientReply:client-729EAB8E4297->a9cb8897-0d38-4c59-817a-d67a8ba30c67@group-A55F67FDC954, cid=1884, SUCCESS, logIndex=2777, commits[a9cb8897-0d38-4c59-817a-d67a8ba30c67:c2777, 41e21bac-56c9-465a-a1cc-bc71b3ab473c:c2773, 2bfdf505-3a1f-44eb-9843-3820b2477da1:c2773]
2019-09-05 19:10:41,796 [grpc-default-executor-3] INFO  client.GrpcClientProtocolClient (GrpcClientProtocolClient.java:onNext(255)) - client-729EAB8E4297->a9cb8897-0d38-4c59-817a-d67a8ba30c67: receive RaftClientReply:client-729EAB8E4297->a9cb8897-0d38-4c59-817a-d67a8ba30c67@group-A55F67FDC954, cid=1885, SUCCESS, logIndex=0, commits[a9cb8897-0d38-4c59-817a-d67a8ba30c67:c2779, 41e21bac-56c9-465a-a1cc-bc71b3ab473c:c2777, 2bfdf505-3a1f-44eb-9843-3820b2477da1:c2777]
2019-09-05 19:10:41,825 [grpc-default-executor-2] INFO  client.GrpcClientProtocolClient (GrpcClientProtocolClient.java:onNext(255)) - client-729EAB8E4297->a9cb8897-0d38-4c59-817a-d67a8ba30c67: receive RaftClientReply:client-729EAB8E4297->a9cb8897-0d38-4c59-817a-d67a8ba30c67@group-A55F67FDC954, cid=1886, SUCCESS, logIndex=2780, commits[a9cb8897-0d38-4c59-817a-d67a8ba30c67:c2781, 41e21bac-56c9-465a-a1cc-bc71b3ab473c:c2779, 2bfdf505-3a1f-44eb-9843-3820b2477da1:c2779]
2019-09-05 19:10:41,825 [grpc-default-executor-2] INFO  client.GrpcClientProtocolClient (GrpcClientProtocolClient.java:onNext(255)) - client-729EAB8E4297->a9cb8897-0d38-4c59-817a-d67a8ba30c67: receive RaftClientReply:client-729EAB8E4297->a9cb8897-0d38-4c59-817a-d67a8ba30c67@group-A55F67FDC954, cid=1887, SUCCESS, logIndex=2781, commits[a9cb8897-0d38-4c59-817a-d67a8ba30c67:c2781, 41e21bac-56c9-465a-a1cc-bc71b3ab473c:c2779, 2bfdf505-3a1f-44eb-9843-3820b2477da1:c2779]
2019-09-05 19:10:41,827 [grpc-default-executor-3] INFO  client.GrpcClientProtocolClient (GrpcClientProtocolClient.java:onNext(255)) - client-729EAB8E4297->a9cb8897-0d38-4c59-817a-d67a8ba30c67: receive RaftClientReply:client-729EAB8E4297->a9cb8897-0d38-4c59-817a-d67a8ba30c67@group-A55F67FDC954, cid=1888, SUCCESS, logIndex=2782, commits[a9cb8897-0d38-4c59-817a-d67a8ba30c67:c2783, 41e21bac-56c9-465a-a1cc-bc71b3ab473c:c2779, 2bfdf505-3a1f-44eb-9843-3820b2477da1:c2779]
2019-09-05 19:10:41,828 [grpc-default-executor-3] INFO  client.GrpcClientProtocolClient (GrpcClientProtocolClient.java:onNext(255)) - client-729EAB8E4297->a9cb8897-0d38-4c59-817a-d67a8ba30c67: receive RaftClientReply:client-729EAB8E4297->a9cb8897-0d38-4c59-817a-d67a8ba30c67@group-A55F67FDC954, cid=1889, SUCCESS, logIndex=2783, commits[a9cb8897-0d38-4c59-817a-d67a8ba30c67:c2783, 41e21bac-56c9-465a-a1cc-bc71b3ab473c:c2779, 2bfdf505-3a1f-44eb-9843-3820b2477da1:c2779]
2019-09-05 19:10:41,839 [grpc-default-executor-3] INFO  client.GrpcClientProtocolClient (GrpcClientProtocolClient.java:onNext(255)) - client-729EAB8E4297->a9cb8897-0d38-4c59-817a-d67a8ba30c67: receive RaftClientReply:client-729EAB8E4297->a9cb8897-0d38-4c59-817a-d67a8ba30c67@group-A55F67FDC954, cid=1890, SUCCESS, logIndex=0, commits[a9cb8897-0d38-4c59-817a-d67a8ba30c67:c2785, 41e21bac-56c9-465a-a1cc-bc71b3ab473c:c2781, 2bfdf505-3a1f-44eb-9843-3820b2477da1:c2781]
2019-09-05 19:10:41,985 [grpc-default-executor-3] INFO  client.GrpcClientProtocolClient (GrpcClientProtocolClient.java:onNext(255)) - client-729EAB8E4297->a9cb8897-0d38-4c59-817a-d67a8ba30c67: receive RaftClientReply:client-729EAB8E4297->a9cb8897-0d38-4c59-817a-d67a8ba30c67@group-A55F67FDC954, cid=1891, SUCCESS, logIndex=2788, commits[a9cb8897-0d38-4c59-817a-d67a8ba30c67:c2789, 41e21bac-56c9-465a-a1cc-bc71b3ab473c:c2787, 2bfdf505-3a1f-44eb-9843-3820b2477da1:c2787]
2019-09-05 19:10:41,986 [grpc-default-executor-3] INFO  client.GrpcClientProtocolClient (GrpcClientProtocolClient.java:onNext(255)) - client-729EAB8E4297->a9cb8897-0d38-4c59-817a-d67a8ba30c67: receive RaftClientReply:client-729EAB8E4297->a9cb8897-0d38-4c59-817a-d67a8ba30c67@group-A55F67FDC954, cid=1892, SUCCESS, logIndex=2789, commits[a9cb8897-0d38-4c59-817a-d67a8ba30c67:c2789, 41e21bac-56c9-465a-a1cc-bc71b3ab473c:c2787, 2bfdf505-3a1f-44eb-9843-3820b2477da1:c2787]
2019-09-05 19:10:42,011 [grpc-default-executor-2] INFO  client.GrpcClientProtocolClient (GrpcClientProtocolClient.java:onNext(255)) - client-729EAB8E4297->a9cb8897-0d38-4c59-817a-d67a8ba30c67: receive RaftClientReply:client-729EAB8E4297->a9cb8897-0d38-4c59-817a-d67a8ba30c67@group-A55F67FDC954, cid=1893, SUCCESS, logIndex=2792, commits[a9cb8897-0d38-4c59-817a-d67a8ba30c67:c2793, 41e21bac-56c9-465a-a1cc-bc71b3ab473c:c2789, 2bfdf505-3a1f-44eb-9843-3820b2477da1:c2789]
2019-09-05 19:10:42,011 [grpc-default-executor-2] INFO  client.GrpcClientProtocolClient (GrpcClientProtocolClient.java:onNext(255)) - client-729EAB8E4297->a9cb8897-0d38-4c59-817a-d67a8ba30c67: receive RaftClientReply:client-729EAB8E4297->a9cb8897-0d38-4c59-817a-d67a8ba30c67@group-A55F67FDC954, cid=1894, SUCCESS, logIndex=2793, commits[a9cb8897-0d38-4c59-817a-d67a8ba30c67:c2793, 41e21bac-56c9-465a-a1cc-bc71b3ab473c:c2789, 2bfdf505-3a1f-44eb-9843-3820b2477da1:c2789]
2019-09-05 19:10:42,023 [grpc-default-executor-2] INFO  client.GrpcClientProtocolClient (GrpcClientProtocolClient.java:onNext(255)) - client-729EAB8E4297->a9cb8897-0d38-4c59-817a-d67a8ba30c67: receive RaftClientReply:client-729EAB8E4297->a9cb8897-0d38-4c59-817a-d67a8ba30c67@group-A55F67FDC954, cid=1895, SUCCESS, logIndex=0, commits[a9cb8897-0d38-4c59-817a-d67a8ba30c67:c2794, 41e21bac-56c9-465a-a1cc-bc71b3ab473c:c2793, 2bfdf505-3a1f-44eb-9843-3820b2477da1:c2793]
2019-09-05 19:10:42,056 [grpc-default-executor-2] INFO  client.GrpcClientProtocolClient (GrpcClientProtocolClient.java:onNext(255)) - client-729EAB8E4297->a9cb8897-0d38-4c59-817a-d67a8ba30c67: receive RaftClientReply:client-729EAB8E4297->a9cb8897-0d38-4c59-817a-d67a8ba30c67@group-A55F67FDC954, cid=1896, SUCCESS, logIndex=2796, commits[a9cb8897-0d38-4c59-817a-d67a8ba30c67:c2797, 41e21bac-56c9-465a-a1cc-bc71b3ab473c:c2795, 2bfdf505-3a1f-44eb-9843-3820b2477da1:c2795]
2019-09-05 19:10:42,057 [grpc-default-executor-2] INFO  client.GrpcClientProtocolClient (GrpcClientProtocolClient.java:onNext(255)) - client-729EAB8E4297->a9cb8897-0d38-4c59-817a-d67a8ba30c67: receive RaftClientReply:client-729EAB8E4297->a9cb8897-0d38-4c59-817a-d67a8ba30c67@group-A55F67FDC954, cid=1897, SUCCESS, logIndex=2797, commits[a9cb8897-0d38-4c59-817a-d67a8ba30c67:c2799, 41e21bac-56c9-465a-a1cc-bc71b3ab473c:c2795, 2bfdf505-3a1f-44eb-9843-3820b2477da1:c2795]
2019-09-05 19:10:42,057 [grpc-default-executor-2] INFO  client.GrpcClientProtocolClient (GrpcClientProtocolClient.java:onNext(255)) - client-729EAB8E4297->a9cb8897-0d38-4c59-817a-d67a8ba30c67: receive RaftClientReply:client-729EAB8E4297->a9cb8897-0d38-4c59-817a-d67a8ba30c67@group-A55F67FDC954, cid=1898, SUCCESS, logIndex=2798, commits[a9cb8897-0d38-4c59-817a-d67a8ba30c67:c2799, 41e21bac-56c9-465a-a1cc-bc71b3ab473c:c2795, 2bfdf505-3a1f-44eb-9843-3820b2477da1:c2795]
2019-09-05 19:10:42,058 [grpc-default-executor-3] INFO  client.GrpcClientProtocolClient (GrpcClientProtocolClient.java:onNext(255)) - client-729EAB8E4297->a9cb8897-0d38-4c59-817a-d67a8ba30c67: receive RaftClientReply:client-729EAB8E4297->a9cb8897-0d38-4c59-817a-d67a8ba30c67@group-A55F67FDC954, cid=1899, SUCCESS, logIndex=2799, commits[a9cb8897-0d38-4c59-817a-d67a8ba30c67:c2799, 41e21bac-56c9-465a-a1cc-bc71b3ab473c:c2795, 2bfdf505-3a1f-44eb-9843-3820b2477da1:c2795]
2019-09-05 19:10:42,070 [grpc-default-executor-3] INFO  client.GrpcClientProtocolClient (GrpcClientProtocolClient.java:onNext(255)) - client-729EAB8E4297->a9cb8897-0d38-4c59-817a-d67a8ba30c67: receive RaftClientReply:client-729EAB8E4297->a9cb8897-0d38-4c59-817a-d67a8ba30c67@group-A55F67FDC954, cid=1900, SUCCESS, logIndex=0, commits[a9cb8897-0d38-4c59-817a-d67a8ba30c67:c2803, 41e21bac-56c9-465a-a1cc-bc71b3ab473c:c2797, 2bfdf505-3a1f-44eb-9843-3820b2477da1:c2799]
2019-09-05 19:10:42,093 [grpc-default-executor-1] INFO  client.GrpcClientProtocolClient (GrpcClientProtocolClient.java:onNext(255)) - client-729EAB8E4297->a9cb8897-0d38-4c59-817a-d67a8ba30c67: receive RaftClientReply:client-729EAB8E4297->a9cb8897-0d38-4c59-817a-d67a8ba30c67@group-A55F67FDC954, cid=1901, SUCCESS, logIndex=2804, commits[a9cb8897-0d38-4c59-817a-d67a8ba30c67:c2805, 41e21bac-56c9-465a-a1cc-bc71b3ab473c:c2803, 2bfdf505-3a1f-44eb-9843-3820b2477da1:c2803]
2019-09-05 19:10:42,093 [grpc-default-executor-1] INFO  client.GrpcClientProtocolClient (GrpcClientProtocolClient.java:onNext(255)) - client-729EAB8E4297->a9cb8897-0d38-4c59-817a-d67a8ba30c67: receive RaftClientReply:client-729EAB8E4297->a9cb8897-0d38-4c59-817a-d67a8ba30c67@group-A55F67FDC954, cid=1902, SUCCESS, logIndex=2805, commits[a9cb8897-0d38-4c59-817a-d67a8ba30c67:c2805, 41e21bac-56c9-465a-a1cc-bc71b3ab473c:c2803, 2bfdf505-3a1f-44eb-9843-3820b2477da1:c2803]
2019-09-05 19:10:42,117 [grpc-default-executor-0] INFO  client.GrpcClientProtocolClient (GrpcClientProtocolClient.java:onNext(255)) - client-729EAB8E4297->a9cb8897-0d38-4c59-817a-d67a8ba30c67: receive RaftClientReply:client-729EAB8E4297->a9cb8897-0d38-4c59-817a-d67a8ba30c67@group-A55F67FDC954, cid=1903, SUCCESS, logIndex=2808, commits[a9cb8897-0d38-4c59-817a-d67a8ba30c67:c2809, 41e21bac-56c9-465a-a1cc-bc71b3ab473c:c2805, 2bfdf505-3a1f-44eb-9843-3820b2477da1:c2804]
2019-09-05 19:10:42,117 [grpc-default-executor-0] INFO  client.GrpcClientProtocolClient (GrpcClientProtocolClient.java:onNext(255)) - client-729EAB8E4297->a9cb8897-0d38-4c59-817a-d67a8ba30c67: receive RaftClientReply:client-729EAB8E4297->a9cb8897-0d38-4c59-817a-d67a8ba30c67@group-A55F67FDC954, cid=1904, SUCCESS, logIndex=2809, commits[a9cb8897-0d38-4c59-817a-d67a8ba30c67:c2809, 41e21bac-56c9-465a-a1cc-bc71b3ab473c:c2805, 2bfdf505-3a1f-44eb-9843-3820b2477da1:c2805]
2019-09-05 19:10:42,131 [grpc-default-executor-2] INFO  client.GrpcClientProtocolClient (GrpcClientProtocolClient.java:onNext(255)) - client-729EAB8E4297->a9cb8897-0d38-4c59-817a-d67a8ba30c67: receive RaftClientReply:client-729EAB8E4297->a9cb8897-0d38-4c59-817a-d67a8ba30c67@group-A55F67FDC954, cid=1905, SUCCESS, logIndex=0, commits[a9cb8897-0d38-4c59-817a-d67a8ba30c67:c2810, 41e21bac-56c9-465a-a1cc-bc71b3ab473c:c2809, 2bfdf505-3a1f-44eb-9843-3820b2477da1:c2809]
2019-09-05 19:10:42,155 [grpc-default-executor-2] INFO  client.GrpcClientProtocolClient (GrpcClientProtocolClient.java:onNext(255)) - client-729EAB8E4297->a9cb8897-0d38-4c59-817a-d67a8ba30c67: receive RaftClientReply:client-729EAB8E4297->a9cb8897-0d38-4c59-817a-d67a8ba30c67@group-A55F67FDC954, cid=1906, SUCCESS, logIndex=2812, commits[a9cb8897-0d38-4c59-817a-d67a8ba30c67:c2813, 41e21bac-56c9-465a-a1cc-bc71b3ab473c:c2809, 2bfdf505-3a1f-44eb-9843-3820b2477da1:c2811]
2019-09-05 19:10:42,155 [grpc-default-executor-1] INFO  client.GrpcClientProtocolClient (GrpcClientProtocolClient.java:onNext(255)) - client-729EAB8E4297->a9cb8897-0d38-4c59-817a-d67a8ba30c67: receive RaftClientReply:client-729EAB8E4297->a9cb8897-0d38-4c59-817a-d67a8ba30c67@group-A55F67FDC954, cid=1907, SUCCESS, logIndex=2813, commits[a9cb8897-0d38-4c59-817a-d67a8ba30c67:c2813, 41e21bac-56c9-465a-a1cc-bc71b3ab473c:c2809, 2bfdf505-3a1f-44eb-9843-3820b2477da1:c2811]
2019-09-05 19:10:42,157 [grpc-default-executor-1] INFO  client.GrpcClientProtocolClient (GrpcClientProtocolClient.java:onNext(255)) - client-729EAB8E4297->a9cb8897-0d38-4c59-817a-d67a8ba30c67: receive RaftClientReply:client-729EAB8E4297->a9cb8897-0d38-4c59-817a-d67a8ba30c67@group-A55F67FDC954, cid=1908, SUCCESS, logIndex=2814, commits[a9cb8897-0d38-4c59-817a-d67a8ba30c67:c2815, 41e21bac-56c9-465a-a1cc-bc71b3ab473c:c2811, 2bfdf505-3a1f-44eb-9843-3820b2477da1:c2811]
2019-09-05 19:10:42,157 [grpc-default-executor-1] INFO  client.GrpcClientProtocolClient (GrpcClientProtocolClient.java:onNext(255)) - client-729EAB8E4297->a9cb8897-0d38-4c59-817a-d67a8ba30c67: receive RaftClientReply:client-729EAB8E4297->a9cb8897-0d38-4c59-817a-d67a8ba30c67@group-A55F67FDC954, cid=1909, SUCCESS, logIndex=2815, commits[a9cb8897-0d38-4c59-817a-d67a8ba30c67:c2815, 41e21bac-56c9-465a-a1cc-bc71b3ab473c:c2811, 2bfdf505-3a1f-44eb-9843-3820b2477da1:c2811]
2019-09-05 19:10:42,159 [grpc-default-executor-2] INFO  client.GrpcClientProtocolClient (GrpcClientProtocolClient.java:onNext(255)) - client-729EAB8E4297->a9cb8897-0d38-4c59-817a-d67a8ba30c67: receive RaftClientReply:client-729EAB8E4297->a9cb8897-0d38-4c59-817a-d67a8ba30c67@group-A55F67FDC954, cid=1910, SUCCESS, logIndex=0, commits[a9cb8897-0d38-4c59-817a-d67a8ba30c67:c2816, 41e21bac-56c9-465a-a1cc-bc71b3ab473c:c2813, 2bfdf505-3a1f-44eb-9843-3820b2477da1:c2813]
2019-09-05 19:10:42,172 [grpc-default-executor-1] INFO  client.GrpcClientProtocolClient (GrpcClientProtocolClient.java:onNext(255)) - client-729EAB8E4297->a9cb8897-0d38-4c59-817a-d67a8ba30c67: receive RaftClientReply:client-729EAB8E4297->a9cb8897-0d38-4c59-817a-d67a8ba30c67@group-A55F67FDC954, cid=1911, SUCCESS, logIndex=2820, commits[a9cb8897-0d38-4c59-817a-d67a8ba30c67:c2821, 41e21bac-56c9-465a-a1cc-bc71b3ab473c:c2815, 2bfdf505-3a1f-44eb-9843-3820b2477da1:c2819]
2019-09-05 19:10:42,173 [grpc-default-executor-1] INFO  client.GrpcClientProtocolClient (GrpcClientProtocolClient.java:onNext(255)) - client-729EAB8E4297->a9cb8897-0d38-4c59-817a-d67a8ba30c67: receive RaftClientReply:client-729EAB8E4297->a9cb8897-0d38-4c59-817a-d67a8ba30c67@group-A55F67FDC954, cid=1912, SUCCESS, logIndex=2821, commits[a9cb8897-0d38-4c59-817a-d67a8ba30c67:c2821, 41e21bac-56c9-465a-a1cc-bc71b3ab473c:c2819, 2bfdf505-3a1f-44eb-9843-3820b2477da1:c2819]
2019-09-05 19:10:42,191 [grpc-default-executor-2] INFO  client.GrpcClientProtocolClient (GrpcClientProtocolClient.java:onNext(255)) - client-729EAB8E4297->a9cb8897-0d38-4c59-817a-d67a8ba30c67: receive RaftClientReply:client-729EAB8E4297->a9cb8897-0d38-4c59-817a-d67a8ba30c67@group-A55F67FDC954, cid=1913, SUCCESS, logIndex=2824, commits[a9cb8897-0d38-4c59-817a-d67a8ba30c67:c2825, 41e21bac-56c9-465a-a1cc-bc71b3ab473c:c2823, 2bfdf505-3a1f-44eb-9843-3820b2477da1:c2823]
2019-09-05 19:10:42,191 [grpc-default-executor-2] INFO  client.GrpcClientProtocolClient (GrpcClientProtocolClient.java:onNext(255)) - client-729EAB8E4297->a9cb8897-0d38-4c59-817a-d67a8ba30c67: receive RaftClientReply:client-729EAB8E4297->a9cb8897-0d38-4c59-817a-d67a8ba30c67@group-A55F67FDC954, cid=1914, SUCCESS, logIndex=2825, commits[a9cb8897-0d38-4c59-817a-d67a8ba30c67:c2825, 41e21bac-56c9-465a-a1cc-bc71b3ab473c:c2823, 2bfdf505-3a1f-44eb-9843-3820b2477da1:c2823]
2019-09-05 19:10:42,193 [grpc-default-executor-2] INFO  client.GrpcClientProtocolClient (GrpcClientProtocolClient.java:onNext(255)) - client-729EAB8E4297->a9cb8897-0d38-4c59-817a-d67a8ba30c67: receive RaftClientReply:client-729EAB8E4297->a9cb8897-0d38-4c59-817a-d67a8ba30c67@group-A55F67FDC954, cid=1915, SUCCESS, logIndex=0, commits[a9cb8897-0d38-4c59-817a-d67a8ba30c67:c2826, 41e21bac-56c9-465a-a1cc-bc71b3ab473c:c2825, 2bfdf505-3a1f-44eb-9843-3820b2477da1:c2825]
2019-09-05 19:10:42,215 [grpc-default-executor-1] INFO  client.GrpcClientProtocolClient (GrpcClientProtocolClient.java:onNext(255)) - client-729EAB8E4297->a9cb8897-0d38-4c59-817a-d67a8ba30c67: receive RaftClientReply:client-729EAB8E4297->a9cb8897-0d38-4c59-817a-d67a8ba30c67@group-A55F67FDC954, cid=1916, SUCCESS, logIndex=2828, commits[a9cb8897-0d38-4c59-817a-d67a8ba30c67:c2829, 41e21bac-56c9-465a-a1cc-bc71b3ab473c:c2827, 2bfdf505-3a1f-44eb-9843-3820b2477da1:c2827]
2019-09-05 19:10:42,216 [grpc-default-executor-0] INFO  client.GrpcClientProtocolClient (GrpcClientProtocolClient.java:onNext(255)) - client-729EAB8E4297->a9cb8897-0d38-4c59-817a-d67a8ba30c67: receive RaftClientReply:client-729EAB8E4297->a9cb8897-0d38-4c59-817a-d67a8ba30c67@group-A55F67FDC954, cid=1917, SUCCESS, logIndex=2829, commits[a9cb8897-0d38-4c59-817a-d67a8ba30c67:c2829, 41e21bac-56c9-465a-a1cc-bc71b3ab473c:c2827, 2bfdf505-3a1f-44eb-9843-3820b2477da1:c2827]
2019-09-05 19:10:42,217 [grpc-default-executor-1] INFO  client.GrpcClientProtocolClient (GrpcClientProtocolClient.java:onNext(255)) - client-729EAB8E4297->a9cb8897-0d38-4c59-817a-d67a8ba30c67: receive RaftClientReply:client-729EAB8E4297->a9cb8897-0d38-4c59-817a-d67a8ba30c67@group-A55F67FDC954, cid=1918, SUCCESS, logIndex=2830, commits[a9cb8897-0d38-4c59-817a-d67a8ba30c67:c2831, 41e21bac-56c9-465a-a1cc-bc71b3ab473c:c2827, 2bfdf505-3a1f-44eb-9843-3820b2477da1:c2827]
2019-09-05 19:10:42,217 [grpc-default-executor-1] INFO  client.GrpcClientProtocolClient (GrpcClientProtocolClient.java:onNext(255)) - client-729EAB8E4297->a9cb8897-0d38-4c59-817a-d67a8ba30c67: receive RaftClientReply:client-729EAB8E4297->a9cb8897-0d38-4c59-817a-d67a8ba30c67@group-A55F67FDC954, cid=1919, SUCCESS, logIndex=2831, commits[a9cb8897-0d38-4c59-817a-d67a8ba30c67:c2831, 41e21bac-56c9-465a-a1cc-bc71b3ab473c:c2827, 2bfdf505-3a1f-44eb-9843-3820b2477da1:c2827]
2019-09-05 19:10:42,220 [grpc-default-executor-0] INFO  client.GrpcClientProtocolClient (GrpcClientProtocolClient.java:onNext(255)) - client-729EAB8E4297->a9cb8897-0d38-4c59-817a-d67a8ba30c67: receive RaftClientReply:client-729EAB8E4297->a9cb8897-0d38-4c59-817a-d67a8ba30c67@group-A55F67FDC954, cid=1920, SUCCESS, logIndex=0, commits[a9cb8897-0d38-4c59-817a-d67a8ba30c67:c2833, 41e21bac-56c9-465a-a1cc-bc71b3ab473c:c2829, 2bfdf505-3a1f-44eb-9843-3820b2477da1:c2829]
2019-09-05 19:10:42,244 [grpc-default-executor-1] INFO  client.GrpcClientProtocolClient (GrpcClientProtocolClient.java:onNext(255)) - client-729EAB8E4297->a9cb8897-0d38-4c59-817a-d67a8ba30c67: receive RaftClientReply:client-729EAB8E4297->a9cb8897-0d38-4c59-817a-d67a8ba30c67@group-A55F67FDC954, cid=1921, SUCCESS, logIndex=2836, commits[a9cb8897-0d38-4c59-817a-d67a8ba30c67:c2837, 41e21bac-56c9-465a-a1cc-bc71b3ab473c:c2835, 2bfdf505-3a1f-44eb-9843-3820b2477da1:c2835]
2019-09-05 19:10:42,244 [grpc-default-executor-1] INFO  client.GrpcClientProtocolClient (GrpcClientProtocolClient.java:onNext(255)) - client-729EAB8E4297->a9cb8897-0d38-4c59-817a-d67a8ba30c67: receive RaftClientReply:client-729EAB8E4297->a9cb8897-0d38-4c59-817a-d67a8ba30c67@group-A55F67FDC954, cid=1922, SUCCESS, logIndex=2837, commits[a9cb8897-0d38-4c59-817a-d67a8ba30c67:c2837, 41e21bac-56c9-465a-a1cc-bc71b3ab473c:c2835, 2bfdf505-3a1f-44eb-9843-3820b2477da1:c2835]
2019-09-05 19:10:42,260 [grpc-default-executor-1] INFO  client.GrpcClientProtocolClient (GrpcClientProtocolClient.java:onNext(255)) - client-729EAB8E4297->a9cb8897-0d38-4c59-817a-d67a8ba30c67: receive RaftClientReply:client-729EAB8E4297->a9cb8897-0d38-4c59-817a-d67a8ba30c67@group-A55F67FDC954, cid=1923, SUCCESS, logIndex=2840, commits[a9cb8897-0d38-4c59-817a-d67a8ba30c67:c2841, 41e21bac-56c9-465a-a1cc-bc71b3ab473c:c2837, 2bfdf505-3a1f-44eb-9843-3820b2477da1:c2837]
2019-09-05 19:10:42,260 [grpc-default-executor-1] INFO  client.GrpcClientProtocolClient (GrpcClientProtocolClient.java:onNext(255)) - client-729EAB8E4297->a9cb8897-0d38-4c59-817a-d67a8ba30c67: receive RaftClientReply:client-729EAB8E4297->a9cb8897-0d38-4c59-817a-d67a8ba30c67@group-A55F67FDC954, cid=1924, SUCCESS, logIndex=2841, commits[a9cb8897-0d38-4c59-817a-d67a8ba30c67:c2841, 41e21bac-56c9-465a-a1cc-bc71b3ab473c:c2837, 2bfdf505-3a1f-44eb-9843-3820b2477da1:c2837]
2019-09-05 19:10:42,273 [grpc-default-executor-0] INFO  client.GrpcClientProtocolClient (GrpcClientProtocolClient.java:onNext(255)) - client-729EAB8E4297->a9cb8897-0d38-4c59-817a-d67a8ba30c67: receive RaftClientReply:client-729EAB8E4297->a9cb8897-0d38-4c59-817a-d67a8ba30c67@group-A55F67FDC954, cid=1925, SUCCESS, logIndex=0, commits[a9cb8897-0d38-4c59-817a-d67a8ba30c67:c2843, 41e21bac-56c9-465a-a1cc-bc71b3ab473c:c2841, 2bfdf505-3a1f-44eb-9843-3820b2477da1:c2841]
2019-09-05 19:10:42,302 [grpc-default-executor-3] INFO  client.GrpcClientProtocolClient (GrpcClientProtocolClient.java:onNext(255)) - client-729EAB8E4297->a9cb8897-0d38-4c59-817a-d67a8ba30c67: receive RaftClientReply:client-729EAB8E4297->a9cb8897-0d38-4c59-817a-d67a8ba30c67@group-A55F67FDC954, cid=1926, SUCCESS, logIndex=2844, commits[a9cb8897-0d38-4c59-817a-d67a8ba30c67:c2845, 41e21bac-56c9-465a-a1cc-bc71b3ab473c:c2843, 2bfdf505-3a1f-44eb-9843-3820b2477da1:c2843]
2019-09-05 19:10:42,303 [grpc-default-executor-3] INFO  client.GrpcClientProtocolClient (GrpcClientProtocolClient.java:onNext(255)) - client-729EAB8E4297->a9cb8897-0d38-4c59-817a-d67a8ba30c67: receive RaftClientReply:client-729EAB8E4297->a9cb8897-0d38-4c59-817a-d67a8ba30c67@group-A55F67FDC954, cid=1927, SUCCESS, logIndex=2845, commits[a9cb8897-0d38-4c59-817a-d67a8ba30c67:c2845, 41e21bac-56c9-465a-a1cc-bc71b3ab473c:c2843, 2bfdf505-3a1f-44eb-9843-3820b2477da1:c2843]
2019-09-05 19:10:42,314 [grpc-default-executor-0] INFO  client.GrpcClientProtocolClient (GrpcClientProtocolClient.java:onNext(255)) - client-729EAB8E4297->a9cb8897-0d38-4c59-817a-d67a8ba30c67: receive RaftClientReply:client-729EAB8E4297->a9cb8897-0d38-4c59-817a-d67a8ba30c67@group-A55F67FDC954, cid=1928, SUCCESS, logIndex=2846, commits[a9cb8897-0d38-4c59-817a-d67a8ba30c67:c2847, 41e21bac-56c9-465a-a1cc-bc71b3ab473c:c2843, 2bfdf505-3a1f-44eb-9843-3820b2477da1:c2843]
2019-09-05 19:10:42,314 [grpc-default-executor-2] INFO  client.GrpcClientProtocolClient (GrpcClientProtocolClient.java:onNext(255)) - client-729EAB8E4297->a9cb8897-0d38-4c59-817a-d67a8ba30c67: receive RaftClientReply:client-729EAB8E4297->a9cb8897-0d38-4c59-817a-d67a8ba30c67@group-A55F67FDC954, cid=1929, SUCCESS, logIndex=2847, commits[a9cb8897-0d38-4c59-817a-d67a8ba30c67:c2847, 41e21bac-56c9-465a-a1cc-bc71b3ab473c:c2843, 2bfdf505-3a1f-44eb-9843-3820b2477da1:c2843]
2019-09-05 19:10:42,317 [grpc-default-executor-2] INFO  client.GrpcClientProtocolClient (GrpcClientProtocolClient.java:onNext(255)) - client-729EAB8E4297->a9cb8897-0d38-4c59-817a-d67a8ba30c67: receive RaftClientReply:client-729EAB8E4297->a9cb8897-0d38-4c59-817a-d67a8ba30c67@group-A55F67FDC954, cid=1930, SUCCESS, logIndex=0, commits[a9cb8897-0d38-4c59-817a-d67a8ba30c67:c2849, 41e21bac-56c9-465a-a1cc-bc71b3ab473c:c2845, 2bfdf505-3a1f-44eb-9843-3820b2477da1:c2845]
2019-09-05 19:10:42,330 [grpc-default-executor-2] INFO  client.GrpcClientProtocolClient (GrpcClientProtocolClient.java:onNext(255)) - client-729EAB8E4297->a9cb8897-0d38-4c59-817a-d67a8ba30c67: receive RaftClientReply:client-729EAB8E4297->a9cb8897-0d38-4c59-817a-d67a8ba30c67@group-A55F67FDC954, cid=1931, SUCCESS, logIndex=2852, commits[a9cb8897-0d38-4c59-817a-d67a8ba30c67:c2853, 41e21bac-56c9-465a-a1cc-bc71b3ab473c:c2849, 2bfdf505-3a1f-44eb-9843-3820b2477da1:c2849]
2019-09-05 19:10:42,331 [grpc-default-executor-2] INFO  client.GrpcClientProtocolClient (GrpcClientProtocolClient.java:onNext(255)) - client-729EAB8E4297->a9cb8897-0d38-4c59-817a-d67a8ba30c67: receive RaftClientReply:client-729EAB8E4297->a9cb8897-0d38-4c59-817a-d67a8ba30c67@group-A55F67FDC954, cid=1932, SUCCESS, logIndex=2853, commits[a9cb8897-0d38-4c59-817a-d67a8ba30c67:c2853, 41e21bac-56c9-465a-a1cc-bc71b3ab473c:c2849, 2bfdf505-3a1f-44eb-9843-3820b2477da1:c2849]
 0.00% |█                                                                                                    |  0/1 Time: 0:00:162019-09-05 19:10:42,352 [grpc-default-executor-3] INFO  client.GrpcClientProtocolClient (GrpcClientProtocolClient.java:onNext(255)) - client-729EAB8E4297->a9cb8897-0d38-4c59-817a-d67a8ba30c67: receive RaftClientReply:client-729EAB8E4297->a9cb8897-0d38-4c59-817a-d67a8ba30c67@group-A55F67FDC954, cid=1933, SUCCESS, logIndex=2856, commits[a9cb8897-0d38-4c59-817a-d67a8ba30c67:c2857, 41e21bac-56c9-465a-a1cc-bc71b3ab473c:c2855, 2bfdf505-3a1f-44eb-9843-3820b2477da1:c2855]
2019-09-05 19:10:42,352 [grpc-default-executor-3] INFO  client.GrpcClientProtocolClient (GrpcClientProtocolClient.java:onNext(255)) - client-729EAB8E4297->a9cb8897-0d38-4c59-817a-d67a8ba30c67: receive RaftClientReply:client-729EAB8E4297->a9cb8897-0d38-4c59-817a-d67a8ba30c67@group-A55F67FDC954, cid=1934, SUCCESS, logIndex=2857, commits[a9cb8897-0d38-4c59-817a-d67a8ba30c67:c2857, 41e21bac-56c9-465a-a1cc-bc71b3ab473c:c2855, 2bfdf505-3a1f-44eb-9843-3820b2477da1:c2855]
2019-09-05 19:10:42,363 [grpc-default-executor-3] INFO  client.GrpcClientProtocolClient (GrpcClientProtocolClient.java:onNext(255)) - client-729EAB8E4297->a9cb8897-0d38-4c59-817a-d67a8ba30c67: receive RaftClientReply:client-729EAB8E4297->a9cb8897-0d38-4c59-817a-d67a8ba30c67@group-A55F67FDC954, cid=1935, SUCCESS, logIndex=0, commits[a9cb8897-0d38-4c59-817a-d67a8ba30c67:c2858, 41e21bac-56c9-465a-a1cc-bc71b3ab473c:c2857, 2bfdf505-3a1f-44eb-9843-3820b2477da1:c2857]
2019-09-05 19:10:42,392 [grpc-default-executor-3] INFO  client.GrpcClientProtocolClient (GrpcClientProtocolClient.java:onNext(255)) - client-729EAB8E4297->a9cb8897-0d38-4c59-817a-d67a8ba30c67: receive RaftClientReply:client-729EAB8E4297->a9cb8897-0d38-4c59-817a-d67a8ba30c67@group-A55F67FDC954, cid=1936, SUCCESS, logIndex=2860, commits[a9cb8897-0d38-4c59-817a-d67a8ba30c67:c2861, 41e21bac-56c9-465a-a1cc-bc71b3ab473c:c2859, 2bfdf505-3a1f-44eb-9843-3820b2477da1:c2859]
2019-09-05 19:10:42,392 [grpc-default-executor-3] INFO  client.GrpcClientProtocolClient (GrpcClientProtocolClient.java:onNext(255)) - client-729EAB8E4297->a9cb8897-0d38-4c59-817a-d67a8ba30c67: receive RaftClientReply:client-729EAB8E4297->a9cb8897-0d38-4c59-817a-d67a8ba30c67@group-A55F67FDC954, cid=1937, SUCCESS, logIndex=2861, commits[a9cb8897-0d38-4c59-817a-d67a8ba30c67:c2861, 41e21bac-56c9-465a-a1cc-bc71b3ab473c:c2859, 2bfdf505-3a1f-44eb-9843-3820b2477da1:c2859]
2019-09-05 19:10:42,394 [grpc-default-executor-0] INFO  client.GrpcClientProtocolClient (GrpcClientProtocolClient.java:onNext(255)) - client-729EAB8E4297->a9cb8897-0d38-4c59-817a-d67a8ba30c67: receive RaftClientReply:client-729EAB8E4297->a9cb8897-0d38-4c59-817a-d67a8ba30c67@group-A55F67FDC954, cid=1938, SUCCESS, logIndex=2862, commits[a9cb8897-0d38-4c59-817a-d67a8ba30c67:c2863, 41e21bac-56c9-465a-a1cc-bc71b3ab473c:c2859, 2bfdf505-3a1f-44eb-9843-3820b2477da1:c2859]
2019-09-05 19:10:42,395 [grpc-default-executor-0] INFO  client.GrpcClientProtocolClient (GrpcClientProtocolClient.java:onNext(255)) - client-729EAB8E4297->a9cb8897-0d38-4c59-817a-d67a8ba30c67: receive RaftClientReply:client-729EAB8E4297->a9cb8897-0d38-4c59-817a-d67a8ba30c67@group-A55F67FDC954, cid=1939, SUCCESS, logIndex=2863, commits[a9cb8897-0d38-4c59-817a-d67a8ba30c67:c2863, 41e21bac-56c9-465a-a1cc-bc71b3ab473c:c2859, 2bfdf505-3a1f-44eb-9843-3820b2477da1:c2859]
2019-09-05 19:10:42,405 [grpc-default-executor-0] INFO  client.GrpcClientProtocolClient (GrpcClientProtocolClient.java:onNext(255)) - client-729EAB8E4297->a9cb8897-0d38-4c59-817a-d67a8ba30c67: receive RaftClientReply:client-729EAB8E4297->a9cb8897-0d38-4c59-817a-d67a8ba30c67@group-A55F67FDC954, cid=1940, SUCCESS, logIndex=0, commits[a9cb8897-0d38-4c59-817a-d67a8ba30c67:c2865, 41e21bac-56c9-465a-a1cc-bc71b3ab473c:c2861, 2bfdf505-3a1f-44eb-9843-3820b2477da1:c2861]
2019-09-05 19:10:42,426 [grpc-default-executor-3] INFO  client.GrpcClientProtocolClient (GrpcClientProtocolClient.java:onNext(255)) - client-729EAB8E4297->a9cb8897-0d38-4c59-817a-d67a8ba30c67: receive RaftClientReply:client-729EAB8E4297->a9cb8897-0d38-4c59-817a-d67a8ba30c67@group-A55F67FDC954, cid=1941, SUCCESS, logIndex=2868, commits[a9cb8897-0d38-4c59-817a-d67a8ba30c67:c2869, 41e21bac-56c9-465a-a1cc-bc71b3ab473c:c2867, 2bfdf505-3a1f-44eb-9843-3820b2477da1:c2867]
2019-09-05 19:10:42,426 [grpc-default-executor-3] INFO  client.GrpcClientProtocolClient (GrpcClientProtocolClient.java:onNext(255)) - client-729EAB8E4297->a9cb8897-0d38-4c59-817a-d67a8ba30c67: receive RaftClientReply:client-729EAB8E4297->a9cb8897-0d38-4c59-817a-d67a8ba30c67@group-A55F67FDC954, cid=1942, SUCCESS, logIndex=2869, commits[a9cb8897-0d38-4c59-817a-d67a8ba30c67:c2869, 41e21bac-56c9-465a-a1cc-bc71b3ab473c:c2867, 2bfdf505-3a1f-44eb-9843-3820b2477da1:c2867]
2019-09-05 19:10:42,439 [grpc-default-executor-0] INFO  client.GrpcClientProtocolClient (GrpcClientProtocolClient.java:onNext(255)) - client-729EAB8E4297->a9cb8897-0d38-4c59-817a-d67a8ba30c67: receive RaftClientReply:client-729EAB8E4297->a9cb8897-0d38-4c59-817a-d67a8ba30c67@group-A55F67FDC954, cid=1943, SUCCESS, logIndex=2872, commits[a9cb8897-0d38-4c59-817a-d67a8ba30c67:c2873, 41e21bac-56c9-465a-a1cc-bc71b3ab473c:c2871, 2bfdf505-3a1f-44eb-9843-3820b2477da1:c2869]
2019-09-05 19:10:42,439 [grpc-default-executor-0] INFO  client.GrpcClientProtocolClient (GrpcClientProtocolClient.java:onNext(255)) - client-729EAB8E4297->a9cb8897-0d38-4c59-817a-d67a8ba30c67: receive RaftClientReply:client-729EAB8E4297->a9cb8897-0d38-4c59-817a-d67a8ba30c67@group-A55F67FDC954, cid=1944, SUCCESS, logIndex=2873, commits[a9cb8897-0d38-4c59-817a-d67a8ba30c67:c2873, 41e21bac-56c9-465a-a1cc-bc71b3ab473c:c2871, 2bfdf505-3a1f-44eb-9843-3820b2477da1:c2871]
2019-09-05 19:10:42,441 [grpc-default-executor-0] INFO  client.GrpcClientProtocolClient (GrpcClientProtocolClient.java:onNext(255)) - client-729EAB8E4297->a9cb8897-0d38-4c59-817a-d67a8ba30c67: receive RaftClientReply:client-729EAB8E4297->a9cb8897-0d38-4c59-817a-d67a8ba30c67@group-A55F67FDC954, cid=1945, SUCCESS, logIndex=0, commits[a9cb8897-0d38-4c59-817a-d67a8ba30c67:c2874, 41e21bac-56c9-465a-a1cc-bc71b3ab473c:c2873, 2bfdf505-3a1f-44eb-9843-3820b2477da1:c2873]
2019-09-05 19:10:42,462 [grpc-default-executor-1] INFO  client.GrpcClientProtocolClient (GrpcClientProtocolClient.java:onNext(255)) - client-729EAB8E4297->a9cb8897-0d38-4c59-817a-d67a8ba30c67: receive RaftClientReply:client-729EAB8E4297->a9cb8897-0d38-4c59-817a-d67a8ba30c67@group-A55F67FDC954, cid=1946, SUCCESS, logIndex=2876, commits[a9cb8897-0d38-4c59-817a-d67a8ba30c67:c2878, 41e21bac-56c9-465a-a1cc-bc71b3ab473c:c2873, 2bfdf505-3a1f-44eb-9843-3820b2477da1:c2875]
2019-09-05 19:10:42,463 [grpc-default-executor-1] INFO  client.GrpcClientProtocolClient (GrpcClientProtocolClient.java:onNext(255)) - client-729EAB8E4297->a9cb8897-0d38-4c59-817a-d67a8ba30c67: receive RaftClientReply:client-729EAB8E4297->a9cb8897-0d38-4c59-817a-d67a8ba30c67@group-A55F67FDC954, cid=1947, SUCCESS, logIndex=2877, commits[a9cb8897-0d38-4c59-817a-d67a8ba30c67:c2879, 41e21bac-56c9-465a-a1cc-bc71b3ab473c:c2875, 2bfdf505-3a1f-44eb-9843-3820b2477da1:c2875]
2019-09-05 19:10:42,464 [grpc-default-executor-1] INFO  client.GrpcClientProtocolClient (GrpcClientProtocolClient.java:onNext(255)) - client-729EAB8E4297->a9cb8897-0d38-4c59-817a-d67a8ba30c67: receive RaftClientReply:client-729EAB8E4297->a9cb8897-0d38-4c59-817a-d67a8ba30c67@group-A55F67FDC954, cid=1948, SUCCESS, logIndex=2878, commits[a9cb8897-0d38-4c59-817a-d67a8ba30c67:c2879, 41e21bac-56c9-465a-a1cc-bc71b3ab473c:c2875, 2bfdf505-3a1f-44eb-9843-3820b2477da1:c2875]
2019-09-05 19:10:42,464 [grpc-default-executor-1] INFO  client.GrpcClientProtocolClient (GrpcClientProtocolClient.java:onNext(255)) - client-729EAB8E4297->a9cb8897-0d38-4c59-817a-d67a8ba30c67: receive RaftClientReply:client-729EAB8E4297->a9cb8897-0d38-4c59-817a-d67a8ba30c67@group-A55F67FDC954, cid=1949, SUCCESS, logIndex=2879, commits[a9cb8897-0d38-4c59-817a-d67a8ba30c67:c2880, 41e21bac-56c9-465a-a1cc-bc71b3ab473c:c2876, 2bfdf505-3a1f-44eb-9843-3820b2477da1:c2875]
2019-09-05 19:10:42,465 [grpc-default-executor-3] INFO  client.GrpcClientProtocolClient (GrpcClientProtocolClient.java:onNext(255)) - client-729EAB8E4297->a9cb8897-0d38-4c59-817a-d67a8ba30c67: receive RaftClientReply:client-729EAB8E4297->a9cb8897-0d38-4c59-817a-d67a8ba30c67@group-A55F67FDC954, cid=1950, SUCCESS, logIndex=0, commits[a9cb8897-0d38-4c59-817a-d67a8ba30c67:c2882, 41e21bac-56c9-465a-a1cc-bc71b3ab473c:c2879, 2bfdf505-3a1f-44eb-9843-3820b2477da1:c2878]
2019-09-05 19:10:42,491 [grpc-default-executor-0] INFO  client.GrpcClientProtocolClient (GrpcClientProtocolClient.java:onNext(255)) - client-729EAB8E4297->a9cb8897-0d38-4c59-817a-d67a8ba30c67: receive RaftClientReply:client-729EAB8E4297->a9cb8897-0d38-4c59-817a-d67a8ba30c67@group-A55F67FDC954, cid=1951, SUCCESS, logIndex=2883, commits[a9cb8897-0d38-4c59-817a-d67a8ba30c67:c2884, 41e21bac-56c9-465a-a1cc-bc71b3ab473c:c2879, 2bfdf505-3a1f-44eb-9843-3820b2477da1:c2882]
2019-09-05 19:10:42,492 [grpc-default-executor-0] INFO  client.GrpcClientProtocolClient (GrpcClientProtocolClient.java:onNext(255)) - client-729EAB8E4297->a9cb8897-0d38-4c59-817a-d67a8ba30c67: receive RaftClientReply:client-729EAB8E4297->a9cb8897-0d38-4c59-817a-d67a8ba30c67@group-A55F67FDC954, cid=1952, SUCCESS, logIndex=2884, commits[a9cb8897-0d38-4c59-817a-d67a8ba30c67:c2884, 41e21bac-56c9-465a-a1cc-bc71b3ab473c:c2882, 2bfdf505-3a1f-44eb-9843-3820b2477da1:c2882]
2019-09-05 19:10:42,510 [grpc-default-executor-1] INFO  client.GrpcClientProtocolClient (GrpcClientProtocolClient.java:onNext(255)) - client-729EAB8E4297->a9cb8897-0d38-4c59-817a-d67a8ba30c67: receive RaftClientReply:client-729EAB8E4297->a9cb8897-0d38-4c59-817a-d67a8ba30c67@group-A55F67FDC954, cid=1953, SUCCESS, logIndex=2887, commits[a9cb8897-0d38-4c59-817a-d67a8ba30c67:c2888, 41e21bac-56c9-465a-a1cc-bc71b3ab473c:c2886, 2bfdf505-3a1f-44eb-9843-3820b2477da1:c2886]
2019-09-05 19:10:42,511 [grpc-default-executor-1] INFO  client.GrpcClientProtocolClient (GrpcClientProtocolClient.java:onNext(255)) - client-729EAB8E4297->a9cb8897-0d38-4c59-817a-d67a8ba30c67: receive RaftClientReply:client-729EAB8E4297->a9cb8897-0d38-4c59-817a-d67a8ba30c67@group-A55F67FDC954, cid=1954, SUCCESS, logIndex=2888, commits[a9cb8897-0d38-4c59-817a-d67a8ba30c67:c2888, 41e21bac-56c9-465a-a1cc-bc71b3ab473c:c2886, 2bfdf505-3a1f-44eb-9843-3820b2477da1:c2886]
2019-09-05 19:10:42,524 [grpc-default-executor-3] INFO  client.GrpcClientProtocolClient (GrpcClientProtocolClient.java:onNext(255)) - client-729EAB8E4297->a9cb8897-0d38-4c59-817a-d67a8ba30c67: receive RaftClientReply:client-729EAB8E4297->a9cb8897-0d38-4c59-817a-d67a8ba30c67@group-A55F67FDC954, cid=1955, SUCCESS, logIndex=0, commits[a9cb8897-0d38-4c59-817a-d67a8ba30c67:c2890, 41e21bac-56c9-465a-a1cc-bc71b3ab473c:c2888, 2bfdf505-3a1f-44eb-9843-3820b2477da1:c2888]
2019-09-05 19:10:42,552 [grpc-default-executor-1] INFO  client.GrpcClientProtocolClient (GrpcClientProtocolClient.java:onNext(255)) - client-729EAB8E4297->a9cb8897-0d38-4c59-817a-d67a8ba30c67: receive RaftClientReply:client-729EAB8E4297->a9cb8897-0d38-4c59-817a-d67a8ba30c67@group-A55F67FDC954, cid=1956, SUCCESS, logIndex=2891, commits[a9cb8897-0d38-4c59-817a-d67a8ba30c67:c2892, 41e21bac-56c9-465a-a1cc-bc71b3ab473c:c2890, 2bfdf505-3a1f-44eb-9843-3820b2477da1:c2890]
2019-09-05 19:10:42,553 [grpc-default-executor-1] INFO  client.GrpcClientProtocolClient (GrpcClientProtocolClient.java:onNext(255)) - client-729EAB8E4297->a9cb8897-0d38-4c59-817a-d67a8ba30c67: receive RaftClientReply:client-729EAB8E4297->a9cb8897-0d38-4c59-817a-d67a8ba30c67@group-A55F67FDC954, cid=1957, SUCCESS, logIndex=2892, commits[a9cb8897-0d38-4c59-817a-d67a8ba30c67:c2892, 41e21bac-56c9-465a-a1cc-bc71b3ab473c:c2890, 2bfdf505-3a1f-44eb-9843-3820b2477da1:c2890]
2019-09-05 19:10:42,553 [grpc-default-executor-1] INFO  client.GrpcClientProtocolClient (GrpcClientProtocolClient.java:onNext(255)) - client-729EAB8E4297->a9cb8897-0d38-4c59-817a-d67a8ba30c67: receive RaftClientReply:client-729EAB8E4297->a9cb8897-0d38-4c59-817a-d67a8ba30c67@group-A55F67FDC954, cid=1958, SUCCESS, logIndex=2893, commits[a9cb8897-0d38-4c59-817a-d67a8ba30c67:c2894, 41e21bac-56c9-465a-a1cc-bc71b3ab473c:c2890, 2bfdf505-3a1f-44eb-9843-3820b2477da1:c2890]
2019-09-05 19:10:42,553 [grpc-default-executor-1] INFO  client.GrpcClientProtocolClient (GrpcClientProtocolClient.java:onNext(255)) - client-729EAB8E4297->a9cb8897-0d38-4c59-817a-d67a8ba30c67: receive RaftClientReply:client-729EAB8E4297->a9cb8897-0d38-4c59-817a-d67a8ba30c67@group-A55F67FDC954, cid=1959, SUCCESS, logIndex=2894, commits[a9cb8897-0d38-4c59-817a-d67a8ba30c67:c2894, 41e21bac-56c9-465a-a1cc-bc71b3ab473c:c2890, 2bfdf505-3a1f-44eb-9843-3820b2477da1:c2890]
2019-09-05 19:10:42,567 [grpc-default-executor-1] INFO  client.GrpcClientProtocolClient (GrpcClientProtocolClient.java:onNext(255)) - client-729EAB8E4297->a9cb8897-0d38-4c59-817a-d67a8ba30c67: receive RaftClientReply:client-729EAB8E4297->a9cb8897-0d38-4c59-817a-d67a8ba30c67@group-A55F67FDC954, cid=1960, SUCCESS, logIndex=0, commits[a9cb8897-0d38-4c59-817a-d67a8ba30c67:c2896, 41e21bac-56c9-465a-a1cc-bc71b3ab473c:c2892, 2bfdf505-3a1f-44eb-9843-3820b2477da1:c2892]
2019-09-05 19:10:42,581 [grpc-default-executor-2] INFO  client.GrpcClientProtocolClient (GrpcClientProtocolClient.java:onNext(255)) - client-729EAB8E4297->a9cb8897-0d38-4c59-817a-d67a8ba30c67: receive RaftClientReply:client-729EAB8E4297->a9cb8897-0d38-4c59-817a-d67a8ba30c67@group-A55F67FDC954, cid=1961, SUCCESS, logIndex=2899, commits[a9cb8897-0d38-4c59-817a-d67a8ba30c67:c2900, 41e21bac-56c9-465a-a1cc-bc71b3ab473c:c2898, 2bfdf505-3a1f-44eb-9843-3820b2477da1:c2898]
2019-09-05 19:10:42,581 [grpc-default-executor-2] INFO  client.GrpcClientProtocolClient (GrpcClientProtocolClient.java:onNext(255)) - client-729EAB8E4297->a9cb8897-0d38-4c59-817a-d67a8ba30c67: receive RaftClientReply:client-729EAB8E4297->a9cb8897-0d38-4c59-817a-d67a8ba30c67@group-A55F67FDC954, cid=1962, SUCCESS, logIndex=2900, commits[a9cb8897-0d38-4c59-817a-d67a8ba30c67:c2900, 41e21bac-56c9-465a-a1cc-bc71b3ab473c:c2898, 2bfdf505-3a1f-44eb-9843-3820b2477da1:c2898]
2019-09-05 19:10:43,280 [grpc-default-executor-2] INFO  client.GrpcClientProtocolClient (GrpcClientProtocolClient.java:onNext(255)) - client-729EAB8E4297->a9cb8897-0d38-4c59-817a-d67a8ba30c67: receive RaftClientReply:client-729EAB8E4297->a9cb8897-0d38-4c59-817a-d67a8ba30c67@group-A55F67FDC954, cid=1963, SUCCESS, logIndex=2903, commits[a9cb8897-0d38-4c59-817a-d67a8ba30c67:c2904, 41e21bac-56c9-465a-a1cc-bc71b3ab473c:c2900, 2bfdf505-3a1f-44eb-9843-3820b2477da1:c2900]
2019-09-05 19:10:43,281 [grpc-default-executor-2] INFO  client.GrpcClientProtocolClient (GrpcClientProtocolClient.java:onNext(255)) - client-729EAB8E4297->a9cb8897-0d38-4c59-817a-d67a8ba30c67: receive RaftClientReply:client-729EAB8E4297->a9cb8897-0d38-4c59-817a-d67a8ba30c67@group-A55F67FDC954, cid=1964, SUCCESS, logIndex=2904, commits[a9cb8897-0d38-4c59-817a-d67a8ba30c67:c2904, 41e21bac-56c9-465a-a1cc-bc71b3ab473c:c2900, 2bfdf505-3a1f-44eb-9843-3820b2477da1:c2900]
2019-09-05 19:10:43,292 [grpc-default-executor-0] INFO  client.GrpcClientProtocolClient (GrpcClientProtocolClient.java:onNext(255)) - client-729EAB8E4297->a9cb8897-0d38-4c59-817a-d67a8ba30c67: receive RaftClientReply:client-729EAB8E4297->a9cb8897-0d38-4c59-817a-d67a8ba30c67@group-A55F67FDC954, cid=1965, SUCCESS, logIndex=0, commits[a9cb8897-0d38-4c59-817a-d67a8ba30c67:c2905, 41e21bac-56c9-465a-a1cc-bc71b3ab473c:c2904, 2bfdf505-3a1f-44eb-9843-3820b2477da1:c2904]
2019-09-05 19:10:43,323 [grpc-default-executor-2] INFO  client.GrpcClientProtocolClient (GrpcClientProtocolClient.java:onNext(255)) - client-729EAB8E4297->a9cb8897-0d38-4c59-817a-d67a8ba30c67: receive RaftClientReply:client-729EAB8E4297->a9cb8897-0d38-4c59-817a-d67a8ba30c67@group-A55F67FDC954, cid=1966, SUCCESS, logIndex=2907, commits[a9cb8897-0d38-4c59-817a-d67a8ba30c67:c2907, 41e21bac-56c9-465a-a1cc-bc71b3ab473c:c2906, 2bfdf505-3a1f-44eb-9843-3820b2477da1:c2906]
2019-09-05 19:10:43,324 [grpc-default-executor-2] INFO  client.GrpcClientProtocolClient (GrpcClientProtocolClient.java:onNext(255)) - client-729EAB8E4297->a9cb8897-0d38-4c59-817a-d67a8ba30c67: receive RaftClientReply:client-729EAB8E4297->a9cb8897-0d38-4c59-817a-d67a8ba30c67@group-A55F67FDC954, cid=1967, SUCCESS, logIndex=2908, commits[a9cb8897-0d38-4c59-817a-d67a8ba30c67:c2908, 41e21bac-56c9-465a-a1cc-bc71b3ab473c:c2906, 2bfdf505-3a1f-44eb-9843-3820b2477da1:c2906]
2019-09-05 19:10:43,324 [grpc-default-executor-2] INFO  client.GrpcClientProtocolClient (GrpcClientProtocolClient.java:onNext(255)) - client-729EAB8E4297->a9cb8897-0d38-4c59-817a-d67a8ba30c67: receive RaftClientReply:client-729EAB8E4297->a9cb8897-0d38-4c59-817a-d67a8ba30c67@group-A55F67FDC954, cid=1968, SUCCESS, logIndex=2909, commits[a9cb8897-0d38-4c59-817a-d67a8ba30c67:c2910, 41e21bac-56c9-465a-a1cc-bc71b3ab473c:c2906, 2bfdf505-3a1f-44eb-9843-3820b2477da1:c2906]
2019-09-05 19:10:43,324 [grpc-default-executor-2] INFO  client.GrpcClientProtocolClient (GrpcClientProtocolClient.java:onNext(255)) - client-729EAB8E4297->a9cb8897-0d38-4c59-817a-d67a8ba30c67: receive RaftClientReply:client-729EAB8E4297->a9cb8897-0d38-4c59-817a-d67a8ba30c67@group-A55F67FDC954, cid=1969, SUCCESS, logIndex=2910, commits[a9cb8897-0d38-4c59-817a-d67a8ba30c67:c2910, 41e21bac-56c9-465a-a1cc-bc71b3ab473c:c2906, 2bfdf505-3a1f-44eb-9843-3820b2477da1:c2906]
2019-09-05 19:10:43,327 [grpc-default-executor-1] INFO  client.GrpcClientProtocolClient (GrpcClientProtocolClient.java:onNext(255)) - client-729EAB8E4297->a9cb8897-0d38-4c59-817a-d67a8ba30c67: receive RaftClientReply:client-729EAB8E4297->a9cb8897-0d38-4c59-817a-d67a8ba30c67@group-A55F67FDC954, cid=1970, SUCCESS, logIndex=0, commits[a9cb8897-0d38-4c59-817a-d67a8ba30c67:c2912, 41e21bac-56c9-465a-a1cc-bc71b3ab473c:c2908, 2bfdf505-3a1f-44eb-9843-3820b2477da1:c2908]
 0.00% |█                                                                                                    |  0/1 Time: 0:00:172019-09-05 19:10:43,351 [grpc-default-executor-1] INFO  client.GrpcClientProtocolClient (GrpcClientProtocolClient.java:onNext(255)) - client-729EAB8E4297->a9cb8897-0d38-4c59-817a-d67a8ba30c67: receive RaftClientReply:client-729EAB8E4297->a9cb8897-0d38-4c59-817a-d67a8ba30c67@group-A55F67FDC954, cid=1971, SUCCESS, logIndex=2915, commits[a9cb8897-0d38-4c59-817a-d67a8ba30c67:c2916, 41e21bac-56c9-465a-a1cc-bc71b3ab473c:c2914, 2bfdf505-3a1f-44eb-9843-3820b2477da1:c2914]
2019-09-05 19:10:43,351 [grpc-default-executor-1] INFO  client.GrpcClientProtocolClient (GrpcClientProtocolClient.java:onNext(255)) - client-729EAB8E4297->a9cb8897-0d38-4c59-817a-d67a8ba30c67: receive RaftClientReply:client-729EAB8E4297->a9cb8897-0d38-4c59-817a-d67a8ba30c67@group-A55F67FDC954, cid=1972, SUCCESS, logIndex=2916, commits[a9cb8897-0d38-4c59-817a-d67a8ba30c67:c2916, 41e21bac-56c9-465a-a1cc-bc71b3ab473c:c2914, 2bfdf505-3a1f-44eb-9843-3820b2477da1:c2914]
2019-09-05 19:10:43,367 [grpc-default-executor-1] INFO  client.GrpcClientProtocolClient (GrpcClientProtocolClient.java:onNext(255)) - client-729EAB8E4297->a9cb8897-0d38-4c59-817a-d67a8ba30c67: receive RaftClientReply:client-729EAB8E4297->a9cb8897-0d38-4c59-817a-d67a8ba30c67@group-A55F67FDC954, cid=1973, SUCCESS, logIndex=2919, commits[a9cb8897-0d38-4c59-817a-d67a8ba30c67:c2920, 41e21bac-56c9-465a-a1cc-bc71b3ab473c:c2917, 2bfdf505-3a1f-44eb-9843-3820b2477da1:c2916]
2019-09-05 19:10:43,367 [grpc-default-executor-1] INFO  client.GrpcClientProtocolClient (GrpcClientProtocolClient.java:onNext(255)) - client-729EAB8E4297->a9cb8897-0d38-4c59-817a-d67a8ba30c67: receive RaftClientReply:client-729EAB8E4297->a9cb8897-0d38-4c59-817a-d67a8ba30c67@group-A55F67FDC954, cid=1974, SUCCESS, logIndex=2920, commits[a9cb8897-0d38-4c59-817a-d67a8ba30c67:c2920, 41e21bac-56c9-465a-a1cc-bc71b3ab473c:c2917, 2bfdf505-3a1f-44eb-9843-3820b2477da1:c2916]
2019-09-05 19:10:43,381 [grpc-default-executor-1] INFO  client.GrpcClientProtocolClient (GrpcClientProtocolClient.java:onNext(255)) - client-729EAB8E4297->a9cb8897-0d38-4c59-817a-d67a8ba30c67: receive RaftClientReply:client-729EAB8E4297->a9cb8897-0d38-4c59-817a-d67a8ba30c67@group-A55F67FDC954, cid=1975, SUCCESS, logIndex=0, commits[a9cb8897-0d38-4c59-817a-d67a8ba30c67:c2922, 41e21bac-56c9-465a-a1cc-bc71b3ab473c:c2920, 2bfdf505-3a1f-44eb-9843-3820b2477da1:c2920]
2019-09-05 19:10:43,406 [grpc-default-executor-0] INFO  client.GrpcClientProtocolClient (GrpcClientProtocolClient.java:onNext(255)) - client-729EAB8E4297->a9cb8897-0d38-4c59-817a-d67a8ba30c67: receive RaftClientReply:client-729EAB8E4297->a9cb8897-0d38-4c59-817a-d67a8ba30c67@group-A55F67FDC954, cid=1976, SUCCESS, logIndex=2923, commits[a9cb8897-0d38-4c59-817a-d67a8ba30c67:c2924, 41e21bac-56c9-465a-a1cc-bc71b3ab473c:c2922, 2bfdf505-3a1f-44eb-9843-3820b2477da1:c2922]
2019-09-05 19:10:43,406 [grpc-default-executor-0] INFO  client.GrpcClientProtocolClient (GrpcClientProtocolClient.java:onNext(255)) - client-729EAB8E4297->a9cb8897-0d38-4c59-817a-d67a8ba30c67: receive RaftClientReply:client-729EAB8E4297->a9cb8897-0d38-4c59-817a-d67a8ba30c67@group-A55F67FDC954, cid=1977, SUCCESS, logIndex=2924, commits[a9cb8897-0d38-4c59-817a-d67a8ba30c67:c2926, 41e21bac-56c9-465a-a1cc-bc71b3ab473c:c2922, 2bfdf505-3a1f-44eb-9843-3820b2477da1:c2922]
2019-09-05 19:10:43,406 [grpc-default-executor-0] INFO  client.GrpcClientProtocolClient (GrpcClientProtocolClient.java:onNext(255)) - client-729EAB8E4297->a9cb8897-0d38-4c59-817a-d67a8ba30c67: receive RaftClientReply:client-729EAB8E4297->a9cb8897-0d38-4c59-817a-d67a8ba30c67@group-A55F67FDC954, cid=1978, SUCCESS, logIndex=2925, commits[a9cb8897-0d38-4c59-817a-d67a8ba30c67:c2926, 41e21bac-56c9-465a-a1cc-bc71b3ab473c:c2922, 2bfdf505-3a1f-44eb-9843-3820b2477da1:c2922]
2019-09-05 19:10:43,407 [grpc-default-executor-0] INFO  client.GrpcClientProtocolClient (GrpcClientProtocolClient.java:onNext(255)) - client-729EAB8E4297->a9cb8897-0d38-4c59-817a-d67a8ba30c67: receive RaftClientReply:client-729EAB8E4297->a9cb8897-0d38-4c59-817a-d67a8ba30c67@group-A55F67FDC954, cid=1979, SUCCESS, logIndex=2926, commits[a9cb8897-0d38-4c59-817a-d67a8ba30c67:c2926, 41e21bac-56c9-465a-a1cc-bc71b3ab473c:c2922, 2bfdf505-3a1f-44eb-9843-3820b2477da1:c2922]
2019-09-05 19:10:43,409 [grpc-default-executor-0] INFO  client.GrpcClientProtocolClient (GrpcClientProtocolClient.java:onNext(255)) - client-729EAB8E4297->a9cb8897-0d38-4c59-817a-d67a8ba30c67: receive RaftClientReply:client-729EAB8E4297->a9cb8897-0d38-4c59-817a-d67a8ba30c67@group-A55F67FDC954, cid=1980, SUCCESS, logIndex=0, commits[a9cb8897-0d38-4c59-817a-d67a8ba30c67:c2927, 41e21bac-56c9-465a-a1cc-bc71b3ab473c:c2924, 2bfdf505-3a1f-44eb-9843-3820b2477da1:c2924]
2019-09-05 19:10:43,421 [grpc-default-executor-0] INFO  client.GrpcClientProtocolClient (GrpcClientProtocolClient.java:onNext(255)) - client-729EAB8E4297->a9cb8897-0d38-4c59-817a-d67a8ba30c67: receive RaftClientReply:client-729EAB8E4297->a9cb8897-0d38-4c59-817a-d67a8ba30c67@group-A55F67FDC954, cid=1981, SUCCESS, logIndex=2931, commits[a9cb8897-0d38-4c59-817a-d67a8ba30c67:c2932, 41e21bac-56c9-465a-a1cc-bc71b3ab473c:c2926, 2bfdf505-3a1f-44eb-9843-3820b2477da1:c2927]
2019-09-05 19:10:43,421 [grpc-default-executor-0] INFO  client.GrpcClientProtocolClient (GrpcClientProtocolClient.java:onNext(255)) - client-729EAB8E4297->a9cb8897-0d38-4c59-817a-d67a8ba30c67: receive RaftClientReply:client-729EAB8E4297->a9cb8897-0d38-4c59-817a-d67a8ba30c67@group-A55F67FDC954, cid=1982, SUCCESS, logIndex=2932, commits[a9cb8897-0d38-4c59-817a-d67a8ba30c67:c2932, 41e21bac-56c9-465a-a1cc-bc71b3ab473c:c2926, 2bfdf505-3a1f-44eb-9843-3820b2477da1:c2927]
2019-09-05 19:10:43,440 [grpc-default-executor-0] INFO  client.GrpcClientProtocolClient (GrpcClientProtocolClient.java:onNext(255)) - client-729EAB8E4297->a9cb8897-0d38-4c59-817a-d67a8ba30c67: receive RaftClientReply:client-729EAB8E4297->a9cb8897-0d38-4c59-817a-d67a8ba30c67@group-A55F67FDC954, cid=1983, SUCCESS, logIndex=2935, commits[a9cb8897-0d38-4c59-817a-d67a8ba30c67:c2936, 41e21bac-56c9-465a-a1cc-bc71b3ab473c:c2933, 2bfdf505-3a1f-44eb-9843-3820b2477da1:c2932]
2019-09-05 19:10:43,440 [grpc-default-executor-0] INFO  client.GrpcClientProtocolClient (GrpcClientProtocolClient.java:onNext(255)) - client-729EAB8E4297->a9cb8897-0d38-4c59-817a-d67a8ba30c67: receive RaftClientReply:client-729EAB8E4297->a9cb8897-0d38-4c59-817a-d67a8ba30c67@group-A55F67FDC954, cid=1984, SUCCESS, logIndex=2936, commits[a9cb8897-0d38-4c59-817a-d67a8ba30c67:c2936, 41e21bac-56c9-465a-a1cc-bc71b3ab473c:c2933, 2bfdf505-3a1f-44eb-9843-3820b2477da1:c2932]
2019-09-05 19:10:43,452 [grpc-default-executor-3] INFO  client.GrpcClientProtocolClient (GrpcClientProtocolClient.java:onNext(255)) - client-729EAB8E4297->a9cb8897-0d38-4c59-817a-d67a8ba30c67: receive RaftClientReply:client-729EAB8E4297->a9cb8897-0d38-4c59-817a-d67a8ba30c67@group-A55F67FDC954, cid=1985, SUCCESS, logIndex=0, commits[a9cb8897-0d38-4c59-817a-d67a8ba30c67:c2938, 41e21bac-56c9-465a-a1cc-bc71b3ab473c:c2936, 2bfdf505-3a1f-44eb-9843-3820b2477da1:c2936]
2019-09-05 19:10:43,480 [grpc-default-executor-0] INFO  client.GrpcClientProtocolClient (GrpcClientProtocolClient.java:onNext(255)) - client-729EAB8E4297->a9cb8897-0d38-4c59-817a-d67a8ba30c67: receive RaftClientReply:client-729EAB8E4297->a9cb8897-0d38-4c59-817a-d67a8ba30c67@group-A55F67FDC954, cid=1986, SUCCESS, logIndex=2939, commits[a9cb8897-0d38-4c59-817a-d67a8ba30c67:c2940, 41e21bac-56c9-465a-a1cc-bc71b3ab473c:c2938, 2bfdf505-3a1f-44eb-9843-3820b2477da1:c2938]
2019-09-05 19:10:43,481 [grpc-default-executor-3] INFO  client.GrpcClientProtocolClient (GrpcClientProtocolClient.java:onNext(255)) - client-729EAB8E4297->a9cb8897-0d38-4c59-817a-d67a8ba30c67: receive RaftClientReply:client-729EAB8E4297->a9cb8897-0d38-4c59-817a-d67a8ba30c67@group-A55F67FDC954, cid=1987, SUCCESS, logIndex=2940, commits[a9cb8897-0d38-4c59-817a-d67a8ba30c67:c2940, 41e21bac-56c9-465a-a1cc-bc71b3ab473c:c2938, 2bfdf505-3a1f-44eb-9843-3820b2477da1:c2938]
2019-09-05 19:10:43,481 [grpc-default-executor-3] INFO  client.GrpcClientProtocolClient (GrpcClientProtocolClient.java:onNext(255)) - client-729EAB8E4297->a9cb8897-0d38-4c59-817a-d67a8ba30c67: receive RaftClientReply:client-729EAB8E4297->a9cb8897-0d38-4c59-817a-d67a8ba30c67@group-A55F67FDC954, cid=1988, SUCCESS, logIndex=2941, commits[a9cb8897-0d38-4c59-817a-d67a8ba30c67:c2942, 41e21bac-56c9-465a-a1cc-bc71b3ab473c:c2938, 2bfdf505-3a1f-44eb-9843-3820b2477da1:c2938]
2019-09-05 19:10:43,481 [grpc-default-executor-3] INFO  client.GrpcClientProtocolClient (GrpcClientProtocolClient.java:onNext(255)) - client-729EAB8E4297->a9cb8897-0d38-4c59-817a-d67a8ba30c67: receive RaftClientReply:client-729EAB8E4297->a9cb8897-0d38-4c59-817a-d67a8ba30c67@group-A55F67FDC954, cid=1989, SUCCESS, logIndex=2942, commits[a9cb8897-0d38-4c59-817a-d67a8ba30c67:c2942, 41e21bac-56c9-465a-a1cc-bc71b3ab473c:c2938, 2bfdf505-3a1f-44eb-9843-3820b2477da1:c2938]
2019-09-05 19:10:43,485 [grpc-default-executor-3] INFO  client.GrpcClientProtocolClient (GrpcClientProtocolClient.java:onNext(255)) - client-729EAB8E4297->a9cb8897-0d38-4c59-817a-d67a8ba30c67: receive RaftClientReply:client-729EAB8E4297->a9cb8897-0d38-4c59-817a-d67a8ba30c67@group-A55F67FDC954, cid=1990, SUCCESS, logIndex=0, commits[a9cb8897-0d38-4c59-817a-d67a8ba30c67:c2944, 41e21bac-56c9-465a-a1cc-bc71b3ab473c:c2940, 2bfdf505-3a1f-44eb-9843-3820b2477da1:c2940]
2019-09-05 19:10:43,495 [grpc-default-executor-0] INFO  client.GrpcClientProtocolClient (GrpcClientProtocolClient.java:onNext(255)) - client-729EAB8E4297->a9cb8897-0d38-4c59-817a-d67a8ba30c67: receive RaftClientReply:client-729EAB8E4297->a9cb8897-0d38-4c59-817a-d67a8ba30c67@group-A55F67FDC954, cid=1991, SUCCESS, logIndex=2947, commits[a9cb8897-0d38-4c59-817a-d67a8ba30c67:c2948, 41e21bac-56c9-465a-a1cc-bc71b3ab473c:c2946, 2bfdf505-3a1f-44eb-9843-3820b2477da1:c2942]
2019-09-05 19:10:43,496 [grpc-default-executor-0] INFO  client.GrpcClientProtocolClient (GrpcClientProtocolClient.java:onNext(255)) - client-729EAB8E4297->a9cb8897-0d38-4c59-817a-d67a8ba30c67: receive RaftClientReply:client-729EAB8E4297->a9cb8897-0d38-4c59-817a-d67a8ba30c67@group-A55F67FDC954, cid=1992, SUCCESS, logIndex=2948, commits[a9cb8897-0d38-4c59-817a-d67a8ba30c67:c2948, 41e21bac-56c9-465a-a1cc-bc71b3ab473c:c2946, 2bfdf505-3a1f-44eb-9843-3820b2477da1:c2946]
2019-09-05 19:10:43,506 [grpc-default-executor-3] INFO  client.GrpcClientProtocolClient (GrpcClientProtocolClient.java:onNext(255)) - client-729EAB8E4297->a9cb8897-0d38-4c59-817a-d67a8ba30c67: receive RaftClientReply:client-729EAB8E4297->a9cb8897-0d38-4c59-817a-d67a8ba30c67@group-A55F67FDC954, cid=1993, SUCCESS, logIndex=2951, commits[a9cb8897-0d38-4c59-817a-d67a8ba30c67:c2952, 41e21bac-56c9-465a-a1cc-bc71b3ab473c:c2950, 2bfdf505-3a1f-44eb-9843-3820b2477da1:c2948]
2019-09-05 19:10:43,507 [grpc-default-executor-3] INFO  client.GrpcClientProtocolClient (GrpcClientProtocolClient.java:onNext(255)) - client-729EAB8E4297->a9cb8897-0d38-4c59-817a-d67a8ba30c67: receive RaftClientReply:client-729EAB8E4297->a9cb8897-0d38-4c59-817a-d67a8ba30c67@group-A55F67FDC954, cid=1994, SUCCESS, logIndex=2952, commits[a9cb8897-0d38-4c59-817a-d67a8ba30c67:c2952, 41e21bac-56c9-465a-a1cc-bc71b3ab473c:c2950, 2bfdf505-3a1f-44eb-9843-3820b2477da1:c2950]
2019-09-05 19:10:43,508 [grpc-default-executor-2] INFO  client.GrpcClientProtocolClient (GrpcClientProtocolClient.java:onNext(255)) - client-729EAB8E4297->a9cb8897-0d38-4c59-817a-d67a8ba30c67: receive RaftClientReply:client-729EAB8E4297->a9cb8897-0d38-4c59-817a-d67a8ba30c67@group-A55F67FDC954, cid=1995, SUCCESS, logIndex=0, commits[a9cb8897-0d38-4c59-817a-d67a8ba30c67:c2953, 41e21bac-56c9-465a-a1cc-bc71b3ab473c:c2952, 2bfdf505-3a1f-44eb-9843-3820b2477da1:c2952]
2019-09-05 19:10:43,528 [grpc-default-executor-3] INFO  client.GrpcClientProtocolClient (GrpcClientProtocolClient.java:onNext(255)) - client-729EAB8E4297->a9cb8897-0d38-4c59-817a-d67a8ba30c67: receive RaftClientReply:client-729EAB8E4297->a9cb8897-0d38-4c59-817a-d67a8ba30c67@group-A55F67FDC954, cid=1996, SUCCESS, logIndex=2955, commits[a9cb8897-0d38-4c59-817a-d67a8ba30c67:c2956, 41e21bac-56c9-465a-a1cc-bc71b3ab473c:c2954, 2bfdf505-3a1f-44eb-9843-3820b2477da1:c2954]
2019-09-05 19:10:43,528 [grpc-default-executor-3] INFO  client.GrpcClientProtocolClient (GrpcClientProtocolClient.java:onNext(255)) - client-729EAB8E4297->a9cb8897-0d38-4c59-817a-d67a8ba30c67: receive RaftClientReply:client-729EAB8E4297->a9cb8897-0d38-4c59-817a-d67a8ba30c67@group-A55F67FDC954, cid=1997, SUCCESS, logIndex=2956, commits[a9cb8897-0d38-4c59-817a-d67a8ba30c67:c2956, 41e21bac-56c9-465a-a1cc-bc71b3ab473c:c2954, 2bfdf505-3a1f-44eb-9843-3820b2477da1:c2954]
2019-09-05 19:10:43,529 [grpc-default-executor-3] INFO  client.GrpcClientProtocolClient (GrpcClientProtocolClient.java:onNext(255)) - client-729EAB8E4297->a9cb8897-0d38-4c59-817a-d67a8ba30c67: receive RaftClientReply:client-729EAB8E4297->a9cb8897-0d38-4c59-817a-d67a8ba30c67@group-A55F67FDC954, cid=1998, SUCCESS, logIndex=2957, commits[a9cb8897-0d38-4c59-817a-d67a8ba30c67:c2958, 41e21bac-56c9-465a-a1cc-bc71b3ab473c:c2954, 2bfdf505-3a1f-44eb-9843-3820b2477da1:c2954]
2019-09-05 19:10:43,529 [grpc-default-executor-3] INFO  client.GrpcClientProtocolClient (GrpcClientProtocolClient.java:onNext(255)) - client-729EAB8E4297->a9cb8897-0d38-4c59-817a-d67a8ba30c67: receive RaftClientReply:client-729EAB8E4297->a9cb8897-0d38-4c59-817a-d67a8ba30c67@group-A55F67FDC954, cid=1999, SUCCESS, logIndex=2958, commits[a9cb8897-0d38-4c59-817a-d67a8ba30c67:c2958, 41e21bac-56c9-465a-a1cc-bc71b3ab473c:c2954, 2bfdf505-3a1f-44eb-9843-3820b2477da1:c2954]
2019-09-05 19:10:43,532 [grpc-default-executor-3] INFO  client.GrpcClientProtocolClient (GrpcClientProtocolClient.java:onNext(255)) - client-729EAB8E4297->a9cb8897-0d38-4c59-817a-d67a8ba30c67: receive RaftClientReply:client-729EAB8E4297->a9cb8897-0d38-4c59-817a-d67a8ba30c67@group-A55F67FDC954, cid=2000, SUCCESS, logIndex=0, commits[a9cb8897-0d38-4c59-817a-d67a8ba30c67:c2960, 41e21bac-56c9-465a-a1cc-bc71b3ab473c:c2956, 2bfdf505-3a1f-44eb-9843-3820b2477da1:c2956]
2019-09-05 19:10:43,543 [grpc-default-executor-3] INFO  client.GrpcClientProtocolClient (GrpcClientProtocolClient.java:onNext(255)) - client-729EAB8E4297->a9cb8897-0d38-4c59-817a-d67a8ba30c67: receive RaftClientReply:client-729EAB8E4297->a9cb8897-0d38-4c59-817a-d67a8ba30c67@group-A55F67FDC954, cid=2001, SUCCESS, logIndex=2963, commits[a9cb8897-0d38-4c59-817a-d67a8ba30c67:c2964, 41e21bac-56c9-465a-a1cc-bc71b3ab473c:c2962, 2bfdf505-3a1f-44eb-9843-3820b2477da1:c2958]
2019-09-05 19:10:43,543 [grpc-default-executor-3] INFO  client.GrpcClientProtocolClient (GrpcClientProtocolClient.java:onNext(255)) - client-729EAB8E4297->a9cb8897-0d38-4c59-817a-d67a8ba30c67: receive RaftClientReply:client-729EAB8E4297->a9cb8897-0d38-4c59-817a-d67a8ba30c67@group-A55F67FDC954, cid=2002, SUCCESS, logIndex=2964, commits[a9cb8897-0d38-4c59-817a-d67a8ba30c67:c2964, 41e21bac-56c9-465a-a1cc-bc71b3ab473c:c2962, 2bfdf505-3a1f-44eb-9843-3820b2477da1:c2962]
2019-09-05 19:10:43,579 [grpc-default-executor-0] INFO  client.GrpcClientProtocolClient (GrpcClientProtocolClient.java:onNext(255)) - client-729EAB8E4297->a9cb8897-0d38-4c59-817a-d67a8ba30c67: receive RaftClientReply:client-729EAB8E4297->a9cb8897-0d38-4c59-817a-d67a8ba30c67@group-A55F67FDC954, cid=2003, SUCCESS, logIndex=2967, commits[a9cb8897-0d38-4c59-817a-d67a8ba30c67:c2968, 41e21bac-56c9-465a-a1cc-bc71b3ab473c:c2966, 2bfdf505-3a1f-44eb-9843-3820b2477da1:c2964]
2019-09-05 19:10:43,579 [grpc-default-executor-0] INFO  client.GrpcClientProtocolClient (GrpcClientProtocolClient.java:onNext(255)) - client-729EAB8E4297->a9cb8897-0d38-4c59-817a-d67a8ba30c67: receive RaftClientReply:client-729EAB8E4297->a9cb8897-0d38-4c59-817a-d67a8ba30c67@group-A55F67FDC954, cid=2004, SUCCESS, logIndex=2968, commits[a9cb8897-0d38-4c59-817a-d67a8ba30c67:c2968, 41e21bac-56c9-465a-a1cc-bc71b3ab473c:c2966, 2bfdf505-3a1f-44eb-9843-3820b2477da1:c2966]
2019-09-05 19:10:43,593 [grpc-default-executor-2] INFO  client.GrpcClientProtocolClient (GrpcClientProtocolClient.java:onNext(255)) - client-729EAB8E4297->a9cb8897-0d38-4c59-817a-d67a8ba30c67: receive RaftClientReply:client-729EAB8E4297->a9cb8897-0d38-4c59-817a-d67a8ba30c67@group-A55F67FDC954, cid=2005, SUCCESS, logIndex=0, commits[a9cb8897-0d38-4c59-817a-d67a8ba30c67:c2969, 41e21bac-56c9-465a-a1cc-bc71b3ab473c:c2968, 2bfdf505-3a1f-44eb-9843-3820b2477da1:c2968]
2019-09-05 19:10:43,622 [grpc-default-executor-0] INFO  client.GrpcClientProtocolClient (GrpcClientProtocolClient.java:onNext(255)) - client-729EAB8E4297->a9cb8897-0d38-4c59-817a-d67a8ba30c67: receive RaftClientReply:client-729EAB8E4297->a9cb8897-0d38-4c59-817a-d67a8ba30c67@group-A55F67FDC954, cid=2006, SUCCESS, logIndex=2971, commits[a9cb8897-0d38-4c59-817a-d67a8ba30c67:c2971, 41e21bac-56c9-465a-a1cc-bc71b3ab473c:c2970, 2bfdf505-3a1f-44eb-9843-3820b2477da1:c2970]
2019-09-05 19:10:43,623 [grpc-default-executor-2] INFO  client.GrpcClientProtocolClient (GrpcClientProtocolClient.java:onNext(255)) - client-729EAB8E4297->a9cb8897-0d38-4c59-817a-d67a8ba30c67: receive RaftClientReply:client-729EAB8E4297->a9cb8897-0d38-4c59-817a-d67a8ba30c67@group-A55F67FDC954, cid=2007, SUCCESS, logIndex=2972, commits[a9cb8897-0d38-4c59-817a-d67a8ba30c67:c2972, 41e21bac-56c9-465a-a1cc-bc71b3ab473c:c2970, 2bfdf505-3a1f-44eb-9843-3820b2477da1:c2970]
2019-09-05 19:10:43,623 [grpc-default-executor-2] INFO  client.GrpcClientProtocolClient (GrpcClientProtocolClient.java:onNext(255)) - client-729EAB8E4297->a9cb8897-0d38-4c59-817a-d67a8ba30c67: receive RaftClientReply:client-729EAB8E4297->a9cb8897-0d38-4c59-817a-d67a8ba30c67@group-A55F67FDC954, cid=2008, SUCCESS, logIndex=2973, commits[a9cb8897-0d38-4c59-817a-d67a8ba30c67:c2974, 41e21bac-56c9-465a-a1cc-bc71b3ab473c:c2970, 2bfdf505-3a1f-44eb-9843-3820b2477da1:c2970]
2019-09-05 19:10:43,624 [grpc-default-executor-2] INFO  client.GrpcClientProtocolClient (GrpcClientProtocolClient.java:onNext(255)) - client-729EAB8E4297->a9cb8897-0d38-4c59-817a-d67a8ba30c67: receive RaftClientReply:client-729EAB8E4297->a9cb8897-0d38-4c59-817a-d67a8ba30c67@group-A55F67FDC954, cid=2009, SUCCESS, logIndex=2974, commits[a9cb8897-0d38-4c59-817a-d67a8ba30c67:c2974, 41e21bac-56c9-465a-a1cc-bc71b3ab473c:c2970, 2bfdf505-3a1f-44eb-9843-3820b2477da1:c2970]
2019-09-05 19:10:43,637 [grpc-default-executor-2] INFO  client.GrpcClientProtocolClient (GrpcClientProtocolClient.java:onNext(255)) - client-729EAB8E4297->a9cb8897-0d38-4c59-817a-d67a8ba30c67: receive RaftClientReply:client-729EAB8E4297->a9cb8897-0d38-4c59-817a-d67a8ba30c67@group-A55F67FDC954, cid=2010, SUCCESS, logIndex=0, commits[a9cb8897-0d38-4c59-817a-d67a8ba30c67:c2976, 41e21bac-56c9-465a-a1cc-bc71b3ab473c:c2972, 2bfdf505-3a1f-44eb-9843-3820b2477da1:c2972]
2019-09-05 19:10:43,656 [grpc-default-executor-0] INFO  client.GrpcClientProtocolClient (GrpcClientProtocolClient.java:onNext(255)) - client-729EAB8E4297->a9cb8897-0d38-4c59-817a-d67a8ba30c67: receive RaftClientReply:client-729EAB8E4297->a9cb8897-0d38-4c59-817a-d67a8ba30c67@group-A55F67FDC954, cid=2011, SUCCESS, logIndex=2979, commits[a9cb8897-0d38-4c59-817a-d67a8ba30c67:c2979, 41e21bac-56c9-465a-a1cc-bc71b3ab473c:c2978, 2bfdf505-3a1f-44eb-9843-3820b2477da1:c2978]
2019-09-05 19:10:43,657 [grpc-default-executor-0] INFO  client.GrpcClientProtocolClient (GrpcClientProtocolClient.java:onNext(255)) - client-729EAB8E4297->a9cb8897-0d38-4c59-817a-d67a8ba30c67: receive RaftClientReply:client-729EAB8E4297->a9cb8897-0d38-4c59-817a-d67a8ba30c67@group-A55F67FDC954, cid=2012, SUCCESS, logIndex=2980, commits[a9cb8897-0d38-4c59-817a-d67a8ba30c67:c2980, 41e21bac-56c9-465a-a1cc-bc71b3ab473c:c2978, 2bfdf505-3a1f-44eb-9843-3820b2477da1:c2978]
2019-09-05 19:10:43,670 [grpc-default-executor-0] INFO  client.GrpcClientProtocolClient (GrpcClientProtocolClient.java:onNext(255)) - client-729EAB8E4297->a9cb8897-0d38-4c59-817a-d67a8ba30c67: receive RaftClientReply:client-729EAB8E4297->a9cb8897-0d38-4c59-817a-d67a8ba30c67@group-A55F67FDC954, cid=2013, SUCCESS, logIndex=2983, commits[a9cb8897-0d38-4c59-817a-d67a8ba30c67:c2983, 41e21bac-56c9-465a-a1cc-bc71b3ab473c:c2980, 2bfdf505-3a1f-44eb-9843-3820b2477da1:c2980]
2019-09-05 19:10:43,671 [grpc-default-executor-0] INFO  client.GrpcClientProtocolClient (GrpcClientProtocolClient.java:onNext(255)) - client-729EAB8E4297->a9cb8897-0d38-4c59-817a-d67a8ba30c67: receive RaftClientReply:client-729EAB8E4297->a9cb8897-0d38-4c59-817a-d67a8ba30c67@group-A55F67FDC954, cid=2014, SUCCESS, logIndex=2984, commits[a9cb8897-0d38-4c59-817a-d67a8ba30c67:c2984, 41e21bac-56c9-465a-a1cc-bc71b3ab473c:c2980, 2bfdf505-3a1f-44eb-9843-3820b2477da1:c2980]
2019-09-05 19:10:43,685 [grpc-default-executor-0] INFO  client.GrpcClientProtocolClient (GrpcClientProtocolClient.java:onNext(255)) - client-729EAB8E4297->a9cb8897-0d38-4c59-817a-d67a8ba30c67: receive RaftClientReply:client-729EAB8E4297->a9cb8897-0d38-4c59-817a-d67a8ba30c67@group-A55F67FDC954, cid=2015, SUCCESS, logIndex=0, commits[a9cb8897-0d38-4c59-817a-d67a8ba30c67:c2986, 41e21bac-56c9-465a-a1cc-bc71b3ab473c:c2984, 2bfdf505-3a1f-44eb-9843-3820b2477da1:c2984]
2019-09-05 19:10:43,714 [grpc-default-executor-0] INFO  client.GrpcClientProtocolClient (GrpcClientProtocolClient.java:onNext(255)) - client-729EAB8E4297->a9cb8897-0d38-4c59-817a-d67a8ba30c67: receive RaftClientReply:client-729EAB8E4297->a9cb8897-0d38-4c59-817a-d67a8ba30c67@group-A55F67FDC954, cid=2016, SUCCESS, logIndex=2987, commits[a9cb8897-0d38-4c59-817a-d67a8ba30c67:c2988, 41e21bac-56c9-465a-a1cc-bc71b3ab473c:c2986, 2bfdf505-3a1f-44eb-9843-3820b2477da1:c2986]
2019-09-05 19:10:43,715 [grpc-default-executor-0] INFO  client.GrpcClientProtocolClient (GrpcClientProtocolClient.java:onNext(255)) - client-729EAB8E4297->a9cb8897-0d38-4c59-817a-d67a8ba30c67: receive RaftClientReply:client-729EAB8E4297->a9cb8897-0d38-4c59-817a-d67a8ba30c67@group-A55F67FDC954, cid=2017, SUCCESS, logIndex=2988, commits[a9cb8897-0d38-4c59-817a-d67a8ba30c67:c2988, 41e21bac-56c9-465a-a1cc-bc71b3ab473c:c2986, 2bfdf505-3a1f-44eb-9843-3820b2477da1:c2986]
2019-09-05 19:10:43,724 [grpc-default-executor-3] INFO  client.GrpcClientProtocolClient (GrpcClientProtocolClient.java:onNext(255)) - client-729EAB8E4297->a9cb8897-0d38-4c59-817a-d67a8ba30c67: receive RaftClientReply:client-729EAB8E4297->a9cb8897-0d38-4c59-817a-d67a8ba30c67@group-A55F67FDC954, cid=2018, SUCCESS, logIndex=2989, commits[a9cb8897-0d38-4c59-817a-d67a8ba30c67:c2990, 41e21bac-56c9-465a-a1cc-bc71b3ab473c:c2986, 2bfdf505-3a1f-44eb-9843-3820b2477da1:c2986]
2019-09-05 19:10:43,725 [grpc-default-executor-3] INFO  client.GrpcClientProtocolClient (GrpcClientProtocolClient.java:onNext(255)) - client-729EAB8E4297->a9cb8897-0d38-4c59-817a-d67a8ba30c67: receive RaftClientReply:client-729EAB8E4297->a9cb8897-0d38-4c59-817a-d67a8ba30c67@group-A55F67FDC954, cid=2019, SUCCESS, logIndex=2990, commits[a9cb8897-0d38-4c59-817a-d67a8ba30c67:c2990, 41e21bac-56c9-465a-a1cc-bc71b3ab473c:c2986, 2bfdf505-3a1f-44eb-9843-3820b2477da1:c2986]
2019-09-05 19:10:43,728 [grpc-default-executor-0] INFO  client.GrpcClientProtocolClient (GrpcClientProtocolClient.java:onNext(255)) - client-729EAB8E4297->a9cb8897-0d38-4c59-817a-d67a8ba30c67: receive RaftClientReply:client-729EAB8E4297->a9cb8897-0d38-4c59-817a-d67a8ba30c67@group-A55F67FDC954, cid=2020, SUCCESS, logIndex=0, commits[a9cb8897-0d38-4c59-817a-d67a8ba30c67:c2993, 41e21bac-56c9-465a-a1cc-bc71b3ab473c:c2988, 2bfdf505-3a1f-44eb-9843-3820b2477da1:c2990]
2019-09-05 19:10:43,748 [grpc-default-executor-2] INFO  client.GrpcClientProtocolClient (GrpcClientProtocolClient.java:onNext(255)) - client-729EAB8E4297->a9cb8897-0d38-4c59-817a-d67a8ba30c67: receive RaftClientReply:client-729EAB8E4297->a9cb8897-0d38-4c59-817a-d67a8ba30c67@group-A55F67FDC954, cid=2021, SUCCESS, logIndex=2994, commits[a9cb8897-0d38-4c59-817a-d67a8ba30c67:c2995, 41e21bac-56c9-465a-a1cc-bc71b3ab473c:c2993, 2bfdf505-3a1f-44eb-9843-3820b2477da1:c2993]
2019-09-05 19:10:43,748 [grpc-default-executor-2] INFO  client.GrpcClientProtocolClient (GrpcClientProtocolClient.java:onNext(255)) - client-729EAB8E4297->a9cb8897-0d38-4c59-817a-d67a8ba30c67: receive RaftClientReply:client-729EAB8E4297->a9cb8897-0d38-4c59-817a-d67a8ba30c67@group-A55F67FDC954, cid=2022, SUCCESS, logIndex=2995, commits[a9cb8897-0d38-4c59-817a-d67a8ba30c67:c2995, 41e21bac-56c9-465a-a1cc-bc71b3ab473c:c2993, 2bfdf505-3a1f-44eb-9843-3820b2477da1:c2993]
2019-09-05 19:10:43,768 [grpc-default-executor-0] INFO  client.GrpcClientProtocolClient (GrpcClientProtocolClient.java:onNext(255)) - client-729EAB8E4297->a9cb8897-0d38-4c59-817a-d67a8ba30c67: receive RaftClientReply:client-729EAB8E4297->a9cb8897-0d38-4c59-817a-d67a8ba30c67@group-A55F67FDC954, cid=2023, SUCCESS, logIndex=2998, commits[a9cb8897-0d38-4c59-817a-d67a8ba30c67:c2999, 41e21bac-56c9-465a-a1cc-bc71b3ab473c:c2995, 2bfdf505-3a1f-44eb-9843-3820b2477da1:c2995]
2019-09-05 19:10:43,768 [grpc-default-executor-0] INFO  client.GrpcClientProtocolClient (GrpcClientProtocolClient.java:onNext(255)) - client-729EAB8E4297->a9cb8897-0d38-4c59-817a-d67a8ba30c67: receive RaftClientReply:client-729EAB8E4297->a9cb8897-0d38-4c59-817a-d67a8ba30c67@group-A55F67FDC954, cid=2024, SUCCESS, logIndex=2999, commits[a9cb8897-0d38-4c59-817a-d67a8ba30c67:c2999, 41e21bac-56c9-465a-a1cc-bc71b3ab473c:c2995, 2bfdf505-3a1f-44eb-9843-3820b2477da1:c2995]
2019-09-05 19:10:43,781 [grpc-default-executor-0] INFO  client.GrpcClientProtocolClient (GrpcClientProtocolClient.java:onNext(255)) - client-729EAB8E4297->a9cb8897-0d38-4c59-817a-d67a8ba30c67: receive RaftClientReply:client-729EAB8E4297->a9cb8897-0d38-4c59-817a-d67a8ba30c67@group-A55F67FDC954, cid=2025, SUCCESS, logIndex=0, commits[a9cb8897-0d38-4c59-817a-d67a8ba30c67:c3001, 41e21bac-56c9-465a-a1cc-bc71b3ab473c:c2999, 2bfdf505-3a1f-44eb-9843-3820b2477da1:c2999]
2019-09-05 19:10:43,817 [grpc-default-executor-3] INFO  client.GrpcClientProtocolClient (GrpcClientProtocolClient.java:onNext(255)) - client-729EAB8E4297->a9cb8897-0d38-4c59-817a-d67a8ba30c67: receive RaftClientReply:client-729EAB8E4297->a9cb8897-0d38-4c59-817a-d67a8ba30c67@group-A55F67FDC954, cid=2026, SUCCESS, logIndex=3002, commits[a9cb8897-0d38-4c59-817a-d67a8ba30c67:c3003, 41e21bac-56c9-465a-a1cc-bc71b3ab473c:c3001, 2bfdf505-3a1f-44eb-9843-3820b2477da1:c3001]
2019-09-05 19:10:43,817 [grpc-default-executor-3] INFO  client.GrpcClientProtocolClient (GrpcClientProtocolClient.java:onNext(255)) - client-729EAB8E4297->a9cb8897-0d38-4c59-817a-d67a8ba30c67: receive RaftClientReply:client-729EAB8E4297->a9cb8897-0d38-4c59-817a-d67a8ba30c67@group-A55F67FDC954, cid=2027, SUCCESS, logIndex=3003, commits[a9cb8897-0d38-4c59-817a-d67a8ba30c67:c3003, 41e21bac-56c9-465a-a1cc-bc71b3ab473c:c3001, 2bfdf505-3a1f-44eb-9843-3820b2477da1:c3001]
2019-09-05 19:10:43,828 [grpc-default-executor-0] INFO  client.GrpcClientProtocolClient (GrpcClientProtocolClient.java:onNext(255)) - client-729EAB8E4297->a9cb8897-0d38-4c59-817a-d67a8ba30c67: receive RaftClientReply:client-729EAB8E4297->a9cb8897-0d38-4c59-817a-d67a8ba30c67@group-A55F67FDC954, cid=2028, SUCCESS, logIndex=3004, commits[a9cb8897-0d38-4c59-817a-d67a8ba30c67:c3005, 41e21bac-56c9-465a-a1cc-bc71b3ab473c:c3001, 2bfdf505-3a1f-44eb-9843-3820b2477da1:c3001]
2019-09-05 19:10:43,828 [grpc-default-executor-0] INFO  client.GrpcClientProtocolClient (GrpcClientProtocolClient.java:onNext(255)) - client-729EAB8E4297->a9cb8897-0d38-4c59-817a-d67a8ba30c67: receive RaftClientReply:client-729EAB8E4297->a9cb8897-0d38-4c59-817a-d67a8ba30c67@group-A55F67FDC954, cid=2029, SUCCESS, logIndex=3005, commits[a9cb8897-0d38-4c59-817a-d67a8ba30c67:c3005, 41e21bac-56c9-465a-a1cc-bc71b3ab473c:c3001, 2bfdf505-3a1f-44eb-9843-3820b2477da1:c3001]
2019-09-05 19:10:43,831 [grpc-default-executor-0] INFO  client.GrpcClientProtocolClient (GrpcClientProtocolClient.java:onNext(255)) - client-729EAB8E4297->a9cb8897-0d38-4c59-817a-d67a8ba30c67: receive RaftClientReply:client-729EAB8E4297->a9cb8897-0d38-4c59-817a-d67a8ba30c67@group-A55F67FDC954, cid=2030, SUCCESS, logIndex=0, commits[a9cb8897-0d38-4c59-817a-d67a8ba30c67:c3007, 41e21bac-56c9-465a-a1cc-bc71b3ab473c:c3003, 2bfdf505-3a1f-44eb-9843-3820b2477da1:c3003]
2019-09-05 19:10:43,844 [grpc-default-executor-0] INFO  client.GrpcClientProtocolClient (GrpcClientProtocolClient.java:onNext(255)) - client-729EAB8E4297->a9cb8897-0d38-4c59-817a-d67a8ba30c67: receive RaftClientReply:client-729EAB8E4297->a9cb8897-0d38-4c59-817a-d67a8ba30c67@group-A55F67FDC954, cid=2031, SUCCESS, logIndex=3010, commits[a9cb8897-0d38-4c59-817a-d67a8ba30c67:c3011, 41e21bac-56c9-465a-a1cc-bc71b3ab473c:c3007, 2bfdf505-3a1f-44eb-9843-3820b2477da1:c3005]
2019-09-05 19:10:43,844 [grpc-default-executor-0] INFO  client.GrpcClientProtocolClient (GrpcClientProtocolClient.java:onNext(255)) - client-729EAB8E4297->a9cb8897-0d38-4c59-817a-d67a8ba30c67: receive RaftClientReply:client-729EAB8E4297->a9cb8897-0d38-4c59-817a-d67a8ba30c67@group-A55F67FDC954, cid=2032, SUCCESS, logIndex=3011, commits[a9cb8897-0d38-4c59-817a-d67a8ba30c67:c3011, 41e21bac-56c9-465a-a1cc-bc71b3ab473c:c3007, 2bfdf505-3a1f-44eb-9843-3820b2477da1:c3007]
2019-09-05 19:10:43,966 [grpc-default-executor-1] INFO  client.GrpcClientProtocolClient (GrpcClientProtocolClient.java:onNext(255)) - client-729EAB8E4297->a9cb8897-0d38-4c59-817a-d67a8ba30c67: receive RaftClientReply:client-729EAB8E4297->a9cb8897-0d38-4c59-817a-d67a8ba30c67@group-A55F67FDC954, cid=2033, SUCCESS, logIndex=3013, commits[a9cb8897-0d38-4c59-817a-d67a8ba30c67:c3014, 41e21bac-56c9-465a-a1cc-bc71b3ab473c:c3011, 2bfdf505-3a1f-44eb-9843-3820b2477da1:c3011]
2019-09-05 19:10:43,967 [grpc-default-executor-1] INFO  client.GrpcClientProtocolClient (GrpcClientProtocolClient.java:onNext(255)) - client-729EAB8E4297->a9cb8897-0d38-4c59-817a-d67a8ba30c67: receive RaftClientReply:client-729EAB8E4297->a9cb8897-0d38-4c59-817a-d67a8ba30c67@group-A55F67FDC954, cid=2034, SUCCESS, logIndex=3014, commits[a9cb8897-0d38-4c59-817a-d67a8ba30c67:c3014, 41e21bac-56c9-465a-a1cc-bc71b3ab473c:c3011, 2bfdf505-3a1f-44eb-9843-3820b2477da1:c3011]
2019-09-05 19:10:43,980 [grpc-default-executor-1] INFO  client.GrpcClientProtocolClient (GrpcClientProtocolClient.java:onNext(255)) - client-729EAB8E4297->a9cb8897-0d38-4c59-817a-d67a8ba30c67: receive RaftClientReply:client-729EAB8E4297->a9cb8897-0d38-4c59-817a-d67a8ba30c67@group-A55F67FDC954, cid=2035, SUCCESS, logIndex=0, commits[a9cb8897-0d38-4c59-817a-d67a8ba30c67:c3016, 41e21bac-56c9-465a-a1cc-bc71b3ab473c:c3014, 2bfdf505-3a1f-44eb-9843-3820b2477da1:c3014]
2019-09-05 19:10:44,009 [grpc-default-executor-3] INFO  client.GrpcClientProtocolClient (GrpcClientProtocolClient.java:onNext(255)) - client-729EAB8E4297->a9cb8897-0d38-4c59-817a-d67a8ba30c67: receive RaftClientReply:client-729EAB8E4297->a9cb8897-0d38-4c59-817a-d67a8ba30c67@group-A55F67FDC954, cid=2036, SUCCESS, logIndex=3017, commits[a9cb8897-0d38-4c59-817a-d67a8ba30c67:c3018, 41e21bac-56c9-465a-a1cc-bc71b3ab473c:c3016, 2bfdf505-3a1f-44eb-9843-3820b2477da1:c3016]
2019-09-05 19:10:44,010 [grpc-default-executor-3] INFO  client.GrpcClientProtocolClient (GrpcClientProtocolClient.java:onNext(255)) - client-729EAB8E4297->a9cb8897-0d38-4c59-817a-d67a8ba30c67: receive RaftClientReply:client-729EAB8E4297->a9cb8897-0d38-4c59-817a-d67a8ba30c67@group-A55F67FDC954, cid=2037, SUCCESS, logIndex=3018, commits[a9cb8897-0d38-4c59-817a-d67a8ba30c67:c3018, 41e21bac-56c9-465a-a1cc-bc71b3ab473c:c3016, 2bfdf505-3a1f-44eb-9843-3820b2477da1:c3016]
2019-09-05 19:10:44,010 [grpc-default-executor-3] INFO  client.GrpcClientProtocolClient (GrpcClientProtocolClient.java:onNext(255)) - client-729EAB8E4297->a9cb8897-0d38-4c59-817a-d67a8ba30c67: receive RaftClientReply:client-729EAB8E4297->a9cb8897-0d38-4c59-817a-d67a8ba30c67@group-A55F67FDC954, cid=2038, SUCCESS, logIndex=3019, commits[a9cb8897-0d38-4c59-817a-d67a8ba30c67:c3020, 41e21bac-56c9-465a-a1cc-bc71b3ab473c:c3016, 2bfdf505-3a1f-44eb-9843-3820b2477da1:c3016]
2019-09-05 19:10:44,011 [grpc-default-executor-1] INFO  client.GrpcClientProtocolClient (GrpcClientProtocolClient.java:onNext(255)) - client-729EAB8E4297->a9cb8897-0d38-4c59-817a-d67a8ba30c67: receive RaftClientReply:client-729EAB8E4297->a9cb8897-0d38-4c59-817a-d67a8ba30c67@group-A55F67FDC954, cid=2039, SUCCESS, logIndex=3020, commits[a9cb8897-0d38-4c59-817a-d67a8ba30c67:c3020, 41e21bac-56c9-465a-a1cc-bc71b3ab473c:c3016, 2bfdf505-3a1f-44eb-9843-3820b2477da1:c3016]
2019-09-05 19:10:44,013 [grpc-default-executor-1] INFO  client.GrpcClientProtocolClient (GrpcClientProtocolClient.java:onNext(255)) - client-729EAB8E4297->a9cb8897-0d38-4c59-817a-d67a8ba30c67: receive RaftClientReply:client-729EAB8E4297->a9cb8897-0d38-4c59-817a-d67a8ba30c67@group-A55F67FDC954, cid=2040, SUCCESS, logIndex=0, commits[a9cb8897-0d38-4c59-817a-d67a8ba30c67:c3022, 41e21bac-56c9-465a-a1cc-bc71b3ab473c:c3018, 2bfdf505-3a1f-44eb-9843-3820b2477da1:c3018]
2019-09-05 19:10:44,026 [grpc-default-executor-1] INFO  client.GrpcClientProtocolClient (GrpcClientProtocolClient.java:onNext(255)) - client-729EAB8E4297->a9cb8897-0d38-4c59-817a-d67a8ba30c67: receive RaftClientReply:client-729EAB8E4297->a9cb8897-0d38-4c59-817a-d67a8ba30c67@group-A55F67FDC954, cid=2041, SUCCESS, logIndex=3025, commits[a9cb8897-0d38-4c59-817a-d67a8ba30c67:c3026, 41e21bac-56c9-465a-a1cc-bc71b3ab473c:c3022, 2bfdf505-3a1f-44eb-9843-3820b2477da1:c3022]
2019-09-05 19:10:44,026 [grpc-default-executor-1] INFO  client.GrpcClientProtocolClient (GrpcClientProtocolClient.java:onNext(255)) - client-729EAB8E4297->a9cb8897-0d38-4c59-817a-d67a8ba30c67: receive RaftClientReply:client-729EAB8E4297->a9cb8897-0d38-4c59-817a-d67a8ba30c67@group-A55F67FDC954, cid=2042, SUCCESS, logIndex=3026, commits[a9cb8897-0d38-4c59-817a-d67a8ba30c67:c3026, 41e21bac-56c9-465a-a1cc-bc71b3ab473c:c3022, 2bfdf505-3a1f-44eb-9843-3820b2477da1:c3022]
2019-09-05 19:10:44,039 [grpc-default-executor-0] INFO  client.GrpcClientProtocolClient (GrpcClientProtocolClient.java:onNext(255)) - client-729EAB8E4297->a9cb8897-0d38-4c59-817a-d67a8ba30c67: receive RaftClientReply:client-729EAB8E4297->a9cb8897-0d38-4c59-817a-d67a8ba30c67@group-A55F67FDC954, cid=2043, SUCCESS, logIndex=3029, commits[a9cb8897-0d38-4c59-817a-d67a8ba30c67:c3030, 41e21bac-56c9-465a-a1cc-bc71b3ab473c:c3026, 2bfdf505-3a1f-44eb-9843-3820b2477da1:c3025]
2019-09-05 19:10:44,040 [grpc-default-executor-0] INFO  client.GrpcClientProtocolClient (GrpcClientProtocolClient.java:onNext(255)) - client-729EAB8E4297->a9cb8897-0d38-4c59-817a-d67a8ba30c67: receive RaftClientReply:client-729EAB8E4297->a9cb8897-0d38-4c59-817a-d67a8ba30c67@group-A55F67FDC954, cid=2044, SUCCESS, logIndex=3030, commits[a9cb8897-0d38-4c59-817a-d67a8ba30c67:c3030, 41e21bac-56c9-465a-a1cc-bc71b3ab473c:c3026, 2bfdf505-3a1f-44eb-9843-3820b2477da1:c3025]
2019-09-05 19:10:44,040 [grpc-default-executor-0] INFO  client.GrpcClientProtocolClient (GrpcClientProtocolClient.java:onNext(255)) - client-729EAB8E4297->a9cb8897-0d38-4c59-817a-d67a8ba30c67: receive RaftClientReply:client-729EAB8E4297->a9cb8897-0d38-4c59-817a-d67a8ba30c67@group-A55F67FDC954, cid=2045, SUCCESS, logIndex=0, commits[a9cb8897-0d38-4c59-817a-d67a8ba30c67:c3030, 41e21bac-56c9-465a-a1cc-bc71b3ab473c:c3026, 2bfdf505-3a1f-44eb-9843-3820b2477da1:c3026]
2019-09-05 19:10:44,053 [grpc-default-executor-0] INFO  client.GrpcClientProtocolClient (GrpcClientProtocolClient.java:onNext(255)) - client-729EAB8E4297->a9cb8897-0d38-4c59-817a-d67a8ba30c67: receive RaftClientReply:client-729EAB8E4297->a9cb8897-0d38-4c59-817a-d67a8ba30c67@group-A55F67FDC954, cid=2046, SUCCESS, logIndex=0, commits[a9cb8897-0d38-4c59-817a-d67a8ba30c67:c3032, 41e21bac-56c9-465a-a1cc-bc71b3ab473c:c3030, 2bfdf505-3a1f-44eb-9843-3820b2477da1:c3030]
2019-09-05 19:10:44,075 [grpc-default-executor-3] INFO  client.GrpcClientProtocolClient (GrpcClientProtocolClient.java:onNext(255)) - client-729EAB8E4297->a9cb8897-0d38-4c59-817a-d67a8ba30c67: receive RaftClientReply:client-729EAB8E4297->a9cb8897-0d38-4c59-817a-d67a8ba30c67@group-A55F67FDC954, cid=2047, SUCCESS, logIndex=3033, commits[a9cb8897-0d38-4c59-817a-d67a8ba30c67:c3034, 41e21bac-56c9-465a-a1cc-bc71b3ab473c:c3032, 2bfdf505-3a1f-44eb-9843-3820b2477da1:c3032]
2019-09-05 19:10:44,076 [grpc-default-executor-3] INFO  client.GrpcClientProtocolClient (GrpcClientProtocolClient.java:onNext(255)) - client-729EAB8E4297->a9cb8897-0d38-4c59-817a-d67a8ba30c67: receive RaftClientReply:client-729EAB8E4297->a9cb8897-0d38-4c59-817a-d67a8ba30c67@group-A55F67FDC954, cid=2048, SUCCESS, logIndex=3034, commits[a9cb8897-0d38-4c59-817a-d67a8ba30c67:c3034, 41e21bac-56c9-465a-a1cc-bc71b3ab473c:c3032, 2bfdf505-3a1f-44eb-9843-3820b2477da1:c3032]
2019-09-05 19:10:44,087 [grpc-default-executor-1] INFO  client.GrpcClientProtocolClient (GrpcClientProtocolClient.java:onNext(255)) - client-729EAB8E4297->a9cb8897-0d38-4c59-817a-d67a8ba30c67: receive RaftClientReply:client-729EAB8E4297->a9cb8897-0d38-4c59-817a-d67a8ba30c67@group-A55F67FDC954, cid=2049, SUCCESS, logIndex=3035, commits[a9cb8897-0d38-4c59-817a-d67a8ba30c67:c3036, 41e21bac-56c9-465a-a1cc-bc71b3ab473c:c3032, 2bfdf505-3a1f-44eb-9843-3820b2477da1:c3032]
2019-09-05 19:10:44,087 [grpc-default-executor-1] INFO  client.GrpcClientProtocolClient (GrpcClientProtocolClient.java:onNext(255)) - client-729EAB8E4297->a9cb8897-0d38-4c59-817a-d67a8ba30c67: receive RaftClientReply:client-729EAB8E4297->a9cb8897-0d38-4c59-817a-d67a8ba30c67@group-A55F67FDC954, cid=2050, SUCCESS, logIndex=3036, commits[a9cb8897-0d38-4c59-817a-d67a8ba30c67:c3036, 41e21bac-56c9-465a-a1cc-bc71b3ab473c:c3032, 2bfdf505-3a1f-44eb-9843-3820b2477da1:c3032]
2019-09-05 19:10:44,089 [grpc-default-executor-1] INFO  client.GrpcClientProtocolClient (GrpcClientProtocolClient.java:onNext(255)) - client-729EAB8E4297->a9cb8897-0d38-4c59-817a-d67a8ba30c67: receive RaftClientReply:client-729EAB8E4297->a9cb8897-0d38-4c59-817a-d67a8ba30c67@group-A55F67FDC954, cid=2051, SUCCESS, logIndex=0, commits[a9cb8897-0d38-4c59-817a-d67a8ba30c67:c3038, 41e21bac-56c9-465a-a1cc-bc71b3ab473c:c3034, 2bfdf505-3a1f-44eb-9843-3820b2477da1:c3034]
2019-09-05 19:10:44,101 [grpc-default-executor-1] INFO  client.GrpcClientProtocolClient (GrpcClientProtocolClient.java:onNext(255)) - client-729EAB8E4297->a9cb8897-0d38-4c59-817a-d67a8ba30c67: receive RaftClientReply:client-729EAB8E4297->a9cb8897-0d38-4c59-817a-d67a8ba30c67@group-A55F67FDC954, cid=2052, SUCCESS, logIndex=3041, commits[a9cb8897-0d38-4c59-817a-d67a8ba30c67:c3041, 41e21bac-56c9-465a-a1cc-bc71b3ab473c:c3038, 2bfdf505-3a1f-44eb-9843-3820b2477da1:c3036]
2019-09-05 19:10:44,102 [grpc-default-executor-1] INFO  client.GrpcClientProtocolClient (GrpcClientProtocolClient.java:onNext(255)) - client-729EAB8E4297->a9cb8897-0d38-4c59-817a-d67a8ba30c67: receive RaftClientReply:client-729EAB8E4297->a9cb8897-0d38-4c59-817a-d67a8ba30c67@group-A55F67FDC954, cid=2053, SUCCESS, logIndex=3042, commits[a9cb8897-0d38-4c59-817a-d67a8ba30c67:c3042, 41e21bac-56c9-465a-a1cc-bc71b3ab473c:c3038, 2bfdf505-3a1f-44eb-9843-3820b2477da1:c3036]
2019-09-05 19:10:44,149 [grpc-default-executor-3] INFO  client.GrpcClientProtocolClient (GrpcClientProtocolClient.java:onNext(255)) - client-729EAB8E4297->a9cb8897-0d38-4c59-817a-d67a8ba30c67: receive RaftClientReply:client-729EAB8E4297->a9cb8897-0d38-4c59-817a-d67a8ba30c67@group-A55F67FDC954, cid=2054, SUCCESS, logIndex=3045, commits[a9cb8897-0d38-4c59-817a-d67a8ba30c67:c3045, 41e21bac-56c9-465a-a1cc-bc71b3ab473c:c3043, 2bfdf505-3a1f-44eb-9843-3820b2477da1:c3043]
2019-09-05 19:10:44,149 [grpc-default-executor-3] INFO  client.GrpcClientProtocolClient (GrpcClientProtocolClient.java:onNext(255)) - client-729EAB8E4297->a9cb8897-0d38-4c59-817a-d67a8ba30c67: receive RaftClientReply:client-729EAB8E4297->a9cb8897-0d38-4c59-817a-d67a8ba30c67@group-A55F67FDC954, cid=2055, SUCCESS, logIndex=3046, commits[a9cb8897-0d38-4c59-817a-d67a8ba30c67:c3046, 41e21bac-56c9-465a-a1cc-bc71b3ab473c:c3043, 2bfdf505-3a1f-44eb-9843-3820b2477da1:c3043]
2019-09-05 19:10:44,163 [grpc-default-executor-3] INFO  client.GrpcClientProtocolClient (GrpcClientProtocolClient.java:onNext(255)) - client-729EAB8E4297->a9cb8897-0d38-4c59-817a-d67a8ba30c67: receive RaftClientReply:client-729EAB8E4297->a9cb8897-0d38-4c59-817a-d67a8ba30c67@group-A55F67FDC954, cid=2056, SUCCESS, logIndex=0, commits[a9cb8897-0d38-4c59-817a-d67a8ba30c67:c3048, 41e21bac-56c9-465a-a1cc-bc71b3ab473c:c3046, 2bfdf505-3a1f-44eb-9843-3820b2477da1:c3046]
2019-09-05 19:10:44,197 [grpc-default-executor-0] INFO  client.GrpcClientProtocolClient (GrpcClientProtocolClient.java:onNext(255)) - client-729EAB8E4297->a9cb8897-0d38-4c59-817a-d67a8ba30c67: receive RaftClientReply:client-729EAB8E4297->a9cb8897-0d38-4c59-817a-d67a8ba30c67@group-A55F67FDC954, cid=2057, SUCCESS, logIndex=3049, commits[a9cb8897-0d38-4c59-817a-d67a8ba30c67:c3051, 41e21bac-56c9-465a-a1cc-bc71b3ab473c:c3046, 2bfdf505-3a1f-44eb-9843-3820b2477da1:c3048]
2019-09-05 19:10:44,198 [grpc-default-executor-0] INFO  client.GrpcClientProtocolClient (GrpcClientProtocolClient.java:onNext(255)) - client-729EAB8E4297->a9cb8897-0d38-4c59-817a-d67a8ba30c67: receive RaftClientReply:client-729EAB8E4297->a9cb8897-0d38-4c59-817a-d67a8ba30c67@group-A55F67FDC954, cid=2058, SUCCESS, logIndex=3050, commits[a9cb8897-0d38-4c59-817a-d67a8ba30c67:c3052, 41e21bac-56c9-465a-a1cc-bc71b3ab473c:c3048, 2bfdf505-3a1f-44eb-9843-3820b2477da1:c3048]
2019-09-05 19:10:44,198 [grpc-default-executor-0] INFO  client.GrpcClientProtocolClient (GrpcClientProtocolClient.java:onNext(255)) - client-729EAB8E4297->a9cb8897-0d38-4c59-817a-d67a8ba30c67: receive RaftClientReply:client-729EAB8E4297->a9cb8897-0d38-4c59-817a-d67a8ba30c67@group-A55F67FDC954, cid=2059, SUCCESS, logIndex=3051, commits[a9cb8897-0d38-4c59-817a-d67a8ba30c67:c3052, 41e21bac-56c9-465a-a1cc-bc71b3ab473c:c3048, 2bfdf505-3a1f-44eb-9843-3820b2477da1:c3048]
2019-09-05 19:10:44,198 [grpc-default-executor-0] INFO  client.GrpcClientProtocolClient (GrpcClientProtocolClient.java:onNext(255)) - client-729EAB8E4297->a9cb8897-0d38-4c59-817a-d67a8ba30c67: receive RaftClientReply:client-729EAB8E4297->a9cb8897-0d38-4c59-817a-d67a8ba30c67@group-A55F67FDC954, cid=2060, SUCCESS, logIndex=3052, commits[a9cb8897-0d38-4c59-817a-d67a8ba30c67:c3052, 41e21bac-56c9-465a-a1cc-bc71b3ab473c:c3048, 2bfdf505-3a1f-44eb-9843-3820b2477da1:c3048]
2019-09-05 19:10:44,209 [grpc-default-executor-0] INFO  client.GrpcClientProtocolClient (GrpcClientProtocolClient.java:onNext(255)) - client-729EAB8E4297->a9cb8897-0d38-4c59-817a-d67a8ba30c67: receive RaftClientReply:client-729EAB8E4297->a9cb8897-0d38-4c59-817a-d67a8ba30c67@group-A55F67FDC954, cid=2061, SUCCESS, logIndex=0, commits[a9cb8897-0d38-4c59-817a-d67a8ba30c67:c3053, 41e21bac-56c9-465a-a1cc-bc71b3ab473c:c3050, 2bfdf505-3a1f-44eb-9843-3820b2477da1:c3050]
2019-09-05 19:10:44,231 [grpc-default-executor-0] INFO  client.GrpcClientProtocolClient (GrpcClientProtocolClient.java:onNext(255)) - client-729EAB8E4297->a9cb8897-0d38-4c59-817a-d67a8ba30c67: receive RaftClientReply:client-729EAB8E4297->a9cb8897-0d38-4c59-817a-d67a8ba30c67@group-A55F67FDC954, cid=2062, SUCCESS, logIndex=3057, commits[a9cb8897-0d38-4c59-817a-d67a8ba30c67:c3058, 41e21bac-56c9-465a-a1cc-bc71b3ab473c:c3056, 2bfdf505-3a1f-44eb-9843-3820b2477da1:c3052]
2019-09-05 19:10:44,232 [grpc-default-executor-0] INFO  client.GrpcClientProtocolClient (GrpcClientProtocolClient.java:onNext(255)) - client-729EAB8E4297->a9cb8897-0d38-4c59-817a-d67a8ba30c67: receive RaftClientReply:client-729EAB8E4297->a9cb8897-0d38-4c59-817a-d67a8ba30c67@group-A55F67FDC954, cid=2063, SUCCESS, logIndex=3058, commits[a9cb8897-0d38-4c59-817a-d67a8ba30c67:c3058, 41e21bac-56c9-465a-a1cc-bc71b3ab473c:c3056, 2bfdf505-3a1f-44eb-9843-3820b2477da1:c3056]
2019-09-05 19:10:44,257 [grpc-default-executor-0] INFO  client.GrpcClientProtocolClient (GrpcClientProtocolClient.java:onNext(255)) - client-729EAB8E4297->a9cb8897-0d38-4c59-817a-d67a8ba30c67: receive RaftClientReply:client-729EAB8E4297->a9cb8897-0d38-4c59-817a-d67a8ba30c67@group-A55F67FDC954, cid=2064, SUCCESS, logIndex=3061, commits[a9cb8897-0d38-4c59-817a-d67a8ba30c67:c3062, 41e21bac-56c9-465a-a1cc-bc71b3ab473c:c3058, 2bfdf505-3a1f-44eb-9843-3820b2477da1:c3058]
2019-09-05 19:10:44,257 [grpc-default-executor-0] INFO  client.GrpcClientProtocolClient (GrpcClientProtocolClient.java:onNext(255)) - client-729EAB8E4297->a9cb8897-0d38-4c59-817a-d67a8ba30c67: receive RaftClientReply:client-729EAB8E4297->a9cb8897-0d38-4c59-817a-d67a8ba30c67@group-A55F67FDC954, cid=2065, SUCCESS, logIndex=3062, commits[a9cb8897-0d38-4c59-817a-d67a8ba30c67:c3062, 41e21bac-56c9-465a-a1cc-bc71b3ab473c:c3058, 2bfdf505-3a1f-44eb-9843-3820b2477da1:c3058]
2019-09-05 19:10:44,267 [grpc-default-executor-0] INFO  client.GrpcClientProtocolClient (GrpcClientProtocolClient.java:onNext(255)) - client-729EAB8E4297->a9cb8897-0d38-4c59-817a-d67a8ba30c67: receive RaftClientReply:client-729EAB8E4297->a9cb8897-0d38-4c59-817a-d67a8ba30c67@group-A55F67FDC954, cid=2066, SUCCESS, logIndex=0, commits[a9cb8897-0d38-4c59-817a-d67a8ba30c67:c3063, 41e21bac-56c9-465a-a1cc-bc71b3ab473c:c3062, 2bfdf505-3a1f-44eb-9843-3820b2477da1:c3062]
2019-09-05 19:10:44,300 [grpc-default-executor-0] INFO  client.GrpcClientProtocolClient (GrpcClientProtocolClient.java:onNext(255)) - client-729EAB8E4297->a9cb8897-0d38-4c59-817a-d67a8ba30c67: receive RaftClientReply:client-729EAB8E4297->a9cb8897-0d38-4c59-817a-d67a8ba30c67@group-A55F67FDC954, cid=2067, SUCCESS, logIndex=3065, commits[a9cb8897-0d38-4c59-817a-d67a8ba30c67:c3066, 41e21bac-56c9-465a-a1cc-bc71b3ab473c:c3064, 2bfdf505-3a1f-44eb-9843-3820b2477da1:c3064]
2019-09-05 19:10:44,301 [grpc-default-executor-3] INFO  client.GrpcClientProtocolClient (GrpcClientProtocolClient.java:onNext(255)) - client-729EAB8E4297->a9cb8897-0d38-4c59-817a-d67a8ba30c67: receive RaftClientReply:client-729EAB8E4297->a9cb8897-0d38-4c59-817a-d67a8ba30c67@group-A55F67FDC954, cid=2068, SUCCESS, logIndex=3066, commits[a9cb8897-0d38-4c59-817a-d67a8ba30c67:c3067, 41e21bac-56c9-465a-a1cc-bc71b3ab473c:c3064, 2bfdf505-3a1f-44eb-9843-3820b2477da1:c3064]
2019-09-05 19:10:44,301 [grpc-default-executor-3] INFO  client.GrpcClientProtocolClient (GrpcClientProtocolClient.java:onNext(255)) - client-729EAB8E4297->a9cb8897-0d38-4c59-817a-d67a8ba30c67: receive RaftClientReply:client-729EAB8E4297->a9cb8897-0d38-4c59-817a-d67a8ba30c67@group-A55F67FDC954, cid=2069, SUCCESS, logIndex=3067, commits[a9cb8897-0d38-4c59-817a-d67a8ba30c67:c3068, 41e21bac-56c9-465a-a1cc-bc71b3ab473c:c3064, 2bfdf505-3a1f-44eb-9843-3820b2477da1:c3064]
2019-09-05 19:10:44,302 [grpc-default-executor-3] INFO  client.GrpcClientProtocolClient (GrpcClientProtocolClient.java:onNext(255)) - client-729EAB8E4297->a9cb8897-0d38-4c59-817a-d67a8ba30c67: receive RaftClientReply:client-729EAB8E4297->a9cb8897-0d38-4c59-817a-d67a8ba30c67@group-A55F67FDC954, cid=2070, SUCCESS, logIndex=3068, commits[a9cb8897-0d38-4c59-817a-d67a8ba30c67:c3068, 41e21bac-56c9-465a-a1cc-bc71b3ab473c:c3064, 2bfdf505-3a1f-44eb-9843-3820b2477da1:c3064]
2019-09-05 19:10:44,313 [grpc-default-executor-3] INFO  client.GrpcClientProtocolClient (GrpcClientProtocolClient.java:onNext(255)) - client-729EAB8E4297->a9cb8897-0d38-4c59-817a-d67a8ba30c67: receive RaftClientReply:client-729EAB8E4297->a9cb8897-0d38-4c59-817a-d67a8ba30c67@group-A55F67FDC954, cid=2071, SUCCESS, logIndex=0, commits[a9cb8897-0d38-4c59-817a-d67a8ba30c67:c3070, 41e21bac-56c9-465a-a1cc-bc71b3ab473c:c3066, 2bfdf505-3a1f-44eb-9843-3820b2477da1:c3066]
2019-09-05 19:10:44,340 [grpc-default-executor-0] INFO  client.GrpcClientProtocolClient (GrpcClientProtocolClient.java:onNext(255)) - client-729EAB8E4297->a9cb8897-0d38-4c59-817a-d67a8ba30c67: receive RaftClientReply:client-729EAB8E4297->a9cb8897-0d38-4c59-817a-d67a8ba30c67@group-A55F67FDC954, cid=2072, SUCCESS, logIndex=3073, commits[a9cb8897-0d38-4c59-817a-d67a8ba30c67:c3074, 41e21bac-56c9-465a-a1cc-bc71b3ab473c:c3068, 2bfdf505-3a1f-44eb-9843-3820b2477da1:c3072]
2019-09-05 19:10:44,341 [grpc-default-executor-0] INFO  client.GrpcClientProtocolClient (GrpcClientProtocolClient.java:onNext(255)) - client-729EAB8E4297->a9cb8897-0d38-4c59-817a-d67a8ba30c67: receive RaftClientReply:client-729EAB8E4297->a9cb8897-0d38-4c59-817a-d67a8ba30c67@group-A55F67FDC954, cid=2073, SUCCESS, logIndex=3074, commits[a9cb8897-0d38-4c59-817a-d67a8ba30c67:c3074, 41e21bac-56c9-465a-a1cc-bc71b3ab473c:c3072, 2bfdf505-3a1f-44eb-9843-3820b2477da1:c3072]
 0.00% |█                                                                                                    |  0/1 Time: 0:00:182019-09-05 19:10:44,355 [grpc-default-executor-3] INFO  client.GrpcClientProtocolClient (GrpcClientProtocolClient.java:onNext(255)) - client-729EAB8E4297->a9cb8897-0d38-4c59-817a-d67a8ba30c67: receive RaftClientReply:client-729EAB8E4297->a9cb8897-0d38-4c59-817a-d67a8ba30c67@group-A55F67FDC954, cid=2074, SUCCESS, logIndex=3077, commits[a9cb8897-0d38-4c59-817a-d67a8ba30c67:c3078, 41e21bac-56c9-465a-a1cc-bc71b3ab473c:c3074, 2bfdf505-3a1f-44eb-9843-3820b2477da1:c3074]
2019-09-05 19:10:44,355 [grpc-default-executor-3] INFO  client.GrpcClientProtocolClient (GrpcClientProtocolClient.java:onNext(255)) - client-729EAB8E4297->a9cb8897-0d38-4c59-817a-d67a8ba30c67: receive RaftClientReply:client-729EAB8E4297->a9cb8897-0d38-4c59-817a-d67a8ba30c67@group-A55F67FDC954, cid=2075, SUCCESS, logIndex=3078, commits[a9cb8897-0d38-4c59-817a-d67a8ba30c67:c3078, 41e21bac-56c9-465a-a1cc-bc71b3ab473c:c3074, 2bfdf505-3a1f-44eb-9843-3820b2477da1:c3074]
2019-09-05 19:10:44,367 [grpc-default-executor-3] INFO  client.GrpcClientProtocolClient (GrpcClientProtocolClient.java:onNext(255)) - client-729EAB8E4297->a9cb8897-0d38-4c59-817a-d67a8ba30c67: receive RaftClientReply:client-729EAB8E4297->a9cb8897-0d38-4c59-817a-d67a8ba30c67@group-A55F67FDC954, cid=2076, SUCCESS, logIndex=0, commits[a9cb8897-0d38-4c59-817a-d67a8ba30c67:c3079, 41e21bac-56c9-465a-a1cc-bc71b3ab473c:c3078, 2bfdf505-3a1f-44eb-9843-3820b2477da1:c3078]
2019-09-05 19:10:44,397 [grpc-default-executor-1] INFO  client.GrpcClientProtocolClient (GrpcClientProtocolClient.java:onNext(255)) - client-729EAB8E4297->a9cb8897-0d38-4c59-817a-d67a8ba30c67: receive RaftClientReply:client-729EAB8E4297->a9cb8897-0d38-4c59-817a-d67a8ba30c67@group-A55F67FDC954, cid=2077, SUCCESS, logIndex=3081, commits[a9cb8897-0d38-4c59-817a-d67a8ba30c67:c3082, 41e21bac-56c9-465a-a1cc-bc71b3ab473c:c3080, 2bfdf505-3a1f-44eb-9843-3820b2477da1:c3080]
2019-09-05 19:10:44,399 [grpc-default-executor-1] INFO  client.GrpcClientProtocolClient (GrpcClientProtocolClient.java:onNext(255)) - client-729EAB8E4297->a9cb8897-0d38-4c59-817a-d67a8ba30c67: receive RaftClientReply:client-729EAB8E4297->a9cb8897-0d38-4c59-817a-d67a8ba30c67@group-A55F67FDC954, cid=2078, SUCCESS, logIndex=3082, commits[a9cb8897-0d38-4c59-817a-d67a8ba30c67:c3082, 41e21bac-56c9-465a-a1cc-bc71b3ab473c:c3080, 2bfdf505-3a1f-44eb-9843-3820b2477da1:c3080]
2019-09-05 19:10:44,399 [grpc-default-executor-1] INFO  client.GrpcClientProtocolClient (GrpcClientProtocolClient.java:onNext(255)) - client-729EAB8E4297->a9cb8897-0d38-4c59-817a-d67a8ba30c67: receive RaftClientReply:client-729EAB8E4297->a9cb8897-0d38-4c59-817a-d67a8ba30c67@group-A55F67FDC954, cid=2079, SUCCESS, logIndex=3083, commits[a9cb8897-0d38-4c59-817a-d67a8ba30c67:c3084, 41e21bac-56c9-465a-a1cc-bc71b3ab473c:c3080, 2bfdf505-3a1f-44eb-9843-3820b2477da1:c3080]
2019-09-05 19:10:44,400 [grpc-default-executor-1] INFO  client.GrpcClientProtocolClient (GrpcClientProtocolClient.java:onNext(255)) - client-729EAB8E4297->a9cb8897-0d38-4c59-817a-d67a8ba30c67: receive RaftClientReply:client-729EAB8E4297->a9cb8897-0d38-4c59-817a-d67a8ba30c67@group-A55F67FDC954, cid=2080, SUCCESS, logIndex=3084, commits[a9cb8897-0d38-4c59-817a-d67a8ba30c67:c3084, 41e21bac-56c9-465a-a1cc-bc71b3ab473c:c3080, 2bfdf505-3a1f-44eb-9843-3820b2477da1:c3080]
2019-09-05 19:10:44,400 [grpc-default-executor-1] INFO  client.GrpcClientProtocolClient (GrpcClientProtocolClient.java:onNext(255)) - client-729EAB8E4297->a9cb8897-0d38-4c59-817a-d67a8ba30c67: receive RaftClientReply:client-729EAB8E4297->a9cb8897-0d38-4c59-817a-d67a8ba30c67@group-A55F67FDC954, cid=2081, SUCCESS, logIndex=0, commits[a9cb8897-0d38-4c59-817a-d67a8ba30c67:c3088, 41e21bac-56c9-465a-a1cc-bc71b3ab473c:c3084, 2bfdf505-3a1f-44eb-9843-3820b2477da1:c3084]
2019-09-05 19:10:44,421 [grpc-default-executor-1] INFO  client.GrpcClientProtocolClient (GrpcClientProtocolClient.java:onNext(255)) - client-729EAB8E4297->a9cb8897-0d38-4c59-817a-d67a8ba30c67: receive RaftClientReply:client-729EAB8E4297->a9cb8897-0d38-4c59-817a-d67a8ba30c67@group-A55F67FDC954, cid=2082, SUCCESS, logIndex=3089, commits[a9cb8897-0d38-4c59-817a-d67a8ba30c67:c3090, 41e21bac-56c9-465a-a1cc-bc71b3ab473c:c3088, 2bfdf505-3a1f-44eb-9843-3820b2477da1:c3088]
2019-09-05 19:10:44,421 [grpc-default-executor-1] INFO  client.GrpcClientProtocolClient (GrpcClientProtocolClient.java:onNext(255)) - client-729EAB8E4297->a9cb8897-0d38-4c59-817a-d67a8ba30c67: receive RaftClientReply:client-729EAB8E4297->a9cb8897-0d38-4c59-817a-d67a8ba30c67@group-A55F67FDC954, cid=2083, SUCCESS, logIndex=3090, commits[a9cb8897-0d38-4c59-817a-d67a8ba30c67:c3090, 41e21bac-56c9-465a-a1cc-bc71b3ab473c:c3088, 2bfdf505-3a1f-44eb-9843-3820b2477da1:c3088]
2019-09-05 19:10:44,435 [grpc-default-executor-0] INFO  client.GrpcClientProtocolClient (GrpcClientProtocolClient.java:onNext(255)) - client-729EAB8E4297->a9cb8897-0d38-4c59-817a-d67a8ba30c67: receive RaftClientReply:client-729EAB8E4297->a9cb8897-0d38-4c59-817a-d67a8ba30c67@group-A55F67FDC954, cid=2084, SUCCESS, logIndex=3093, commits[a9cb8897-0d38-4c59-817a-d67a8ba30c67:c3094, 41e21bac-56c9-465a-a1cc-bc71b3ab473c:c3090, 2bfdf505-3a1f-44eb-9843-3820b2477da1:c3090]
2019-09-05 19:10:44,436 [grpc-default-executor-0] INFO  client.GrpcClientProtocolClient (GrpcClientProtocolClient.java:onNext(255)) - client-729EAB8E4297->a9cb8897-0d38-4c59-817a-d67a8ba30c67: receive RaftClientReply:client-729EAB8E4297->a9cb8897-0d38-4c59-817a-d67a8ba30c67@group-A55F67FDC954, cid=2085, SUCCESS, logIndex=3094, commits[a9cb8897-0d38-4c59-817a-d67a8ba30c67:c3094, 41e21bac-56c9-465a-a1cc-bc71b3ab473c:c3090, 2bfdf505-3a1f-44eb-9843-3820b2477da1:c3090]
2019-09-05 19:10:44,447 [grpc-default-executor-0] INFO  client.GrpcClientProtocolClient (GrpcClientProtocolClient.java:onNext(255)) - client-729EAB8E4297->a9cb8897-0d38-4c59-817a-d67a8ba30c67: receive RaftClientReply:client-729EAB8E4297->a9cb8897-0d38-4c59-817a-d67a8ba30c67@group-A55F67FDC954, cid=2086, SUCCESS, logIndex=0, commits[a9cb8897-0d38-4c59-817a-d67a8ba30c67:c3095, 41e21bac-56c9-465a-a1cc-bc71b3ab473c:c3094, 2bfdf505-3a1f-44eb-9843-3820b2477da1:c3094]
2019-09-05 19:10:44,481 [grpc-default-executor-0] INFO  client.GrpcClientProtocolClient (GrpcClientProtocolClient.java:onNext(255)) - client-729EAB8E4297->a9cb8897-0d38-4c59-817a-d67a8ba30c67: receive RaftClientReply:client-729EAB8E4297->a9cb8897-0d38-4c59-817a-d67a8ba30c67@group-A55F67FDC954, cid=2087, SUCCESS, logIndex=3097, commits[a9cb8897-0d38-4c59-817a-d67a8ba30c67:c3098, 41e21bac-56c9-465a-a1cc-bc71b3ab473c:c3096, 2bfdf505-3a1f-44eb-9843-3820b2477da1:c3096]
2019-09-05 19:10:44,482 [grpc-default-executor-0] INFO  client.GrpcClientProtocolClient (GrpcClientProtocolClient.java:onNext(255)) - client-729EAB8E4297->a9cb8897-0d38-4c59-817a-d67a8ba30c67: receive RaftClientReply:client-729EAB8E4297->a9cb8897-0d38-4c59-817a-d67a8ba30c67@group-A55F67FDC954, cid=2088, SUCCESS, logIndex=3098, commits[a9cb8897-0d38-4c59-817a-d67a8ba30c67:c3098, 41e21bac-56c9-465a-a1cc-bc71b3ab473c:c3096, 2bfdf505-3a1f-44eb-9843-3820b2477da1:c3096]
2019-09-05 19:10:44,483 [grpc-default-executor-0] INFO  client.GrpcClientProtocolClient (GrpcClientProtocolClient.java:onNext(255)) - client-729EAB8E4297->a9cb8897-0d38-4c59-817a-d67a8ba30c67: receive RaftClientReply:client-729EAB8E4297->a9cb8897-0d38-4c59-817a-d67a8ba30c67@group-A55F67FDC954, cid=2089, SUCCESS, logIndex=3099, commits[a9cb8897-0d38-4c59-817a-d67a8ba30c67:c3100, 41e21bac-56c9-465a-a1cc-bc71b3ab473c:c3096, 2bfdf505-3a1f-44eb-9843-3820b2477da1:c3096]
2019-09-05 19:10:44,483 [grpc-default-executor-0] INFO  client.GrpcClientProtocolClient (GrpcClientProtocolClient.java:onNext(255)) - client-729EAB8E4297->a9cb8897-0d38-4c59-817a-d67a8ba30c67: receive RaftClientReply:client-729EAB8E4297->a9cb8897-0d38-4c59-817a-d67a8ba30c67@group-A55F67FDC954, cid=2090, SUCCESS, logIndex=3100, commits[a9cb8897-0d38-4c59-817a-d67a8ba30c67:c3100, 41e21bac-56c9-465a-a1cc-bc71b3ab473c:c3096, 2bfdf505-3a1f-44eb-9843-3820b2477da1:c3096]
2019-09-05 19:10:44,484 [grpc-default-executor-0] INFO  client.GrpcClientProtocolClient (GrpcClientProtocolClient.java:onNext(255)) - client-729EAB8E4297->a9cb8897-0d38-4c59-817a-d67a8ba30c67: receive RaftClientReply:client-729EAB8E4297->a9cb8897-0d38-4c59-817a-d67a8ba30c67@group-A55F67FDC954, cid=2091, SUCCESS, logIndex=0, commits[a9cb8897-0d38-4c59-817a-d67a8ba30c67:c3102, 41e21bac-56c9-465a-a1cc-bc71b3ab473c:c3098, 2bfdf505-3a1f-44eb-9843-3820b2477da1:c3098]
2019-09-05 19:10:44,513 [grpc-default-executor-0] INFO  client.GrpcClientProtocolClient (GrpcClientProtocolClient.java:onNext(255)) - client-729EAB8E4297->a9cb8897-0d38-4c59-817a-d67a8ba30c67: receive RaftClientReply:client-729EAB8E4297->a9cb8897-0d38-4c59-817a-d67a8ba30c67@group-A55F67FDC954, cid=2092, SUCCESS, logIndex=3105, commits[a9cb8897-0d38-4c59-817a-d67a8ba30c67:c3106, 41e21bac-56c9-465a-a1cc-bc71b3ab473c:c3102, 2bfdf505-3a1f-44eb-9843-3820b2477da1:c3102]
2019-09-05 19:10:44,513 [grpc-default-executor-0] INFO  client.GrpcClientProtocolClient (GrpcClientProtocolClient.java:onNext(255)) - client-729EAB8E4297->a9cb8897-0d38-4c59-817a-d67a8ba30c67: receive RaftClientReply:client-729EAB8E4297->a9cb8897-0d38-4c59-817a-d67a8ba30c67@group-A55F67FDC954, cid=2093, SUCCESS, logIndex=3106, commits[a9cb8897-0d38-4c59-817a-d67a8ba30c67:c3106, 41e21bac-56c9-465a-a1cc-bc71b3ab473c:c3102, 2bfdf505-3a1f-44eb-9843-3820b2477da1:c3102]
2019-09-05 19:10:44,538 [grpc-default-executor-2] INFO  client.GrpcClientProtocolClient (GrpcClientProtocolClient.java:onNext(255)) - client-729EAB8E4297->a9cb8897-0d38-4c59-817a-d67a8ba30c67: receive RaftClientReply:client-729EAB8E4297->a9cb8897-0d38-4c59-817a-d67a8ba30c67@group-A55F67FDC954, cid=2094, SUCCESS, logIndex=3109, commits[a9cb8897-0d38-4c59-817a-d67a8ba30c67:c3109, 41e21bac-56c9-465a-a1cc-bc71b3ab473c:c3106, 2bfdf505-3a1f-44eb-9843-3820b2477da1:c3106]
2019-09-05 19:10:44,539 [grpc-default-executor-2] INFO  client.GrpcClientProtocolClient (GrpcClientProtocolClient.java:onNext(255)) - client-729EAB8E4297->a9cb8897-0d38-4c59-817a-d67a8ba30c67: receive RaftClientReply:client-729EAB8E4297->a9cb8897-0d38-4c59-817a-d67a8ba30c67@group-A55F67FDC954, cid=2095, SUCCESS, logIndex=3110, commits[a9cb8897-0d38-4c59-817a-d67a8ba30c67:c3110, 41e21bac-56c9-465a-a1cc-bc71b3ab473c:c3106, 2bfdf505-3a1f-44eb-9843-3820b2477da1:c3106]
2019-09-05 19:10:44,542 [grpc-default-executor-2] INFO  client.GrpcClientProtocolClient (GrpcClientProtocolClient.java:onNext(255)) - client-729EAB8E4297->a9cb8897-0d38-4c59-817a-d67a8ba30c67: receive RaftClientReply:client-729EAB8E4297->a9cb8897-0d38-4c59-817a-d67a8ba30c67@group-A55F67FDC954, cid=2096, SUCCESS, logIndex=0, commits[a9cb8897-0d38-4c59-817a-d67a8ba30c67:c3112, 41e21bac-56c9-465a-a1cc-bc71b3ab473c:c3110, 2bfdf505-3a1f-44eb-9843-3820b2477da1:c3110]
2019-09-05 19:10:44,586 [grpc-default-executor-2] INFO  client.GrpcClientProtocolClient (GrpcClientProtocolClient.java:onNext(255)) - client-729EAB8E4297->a9cb8897-0d38-4c59-817a-d67a8ba30c67: receive RaftClientReply:client-729EAB8E4297->a9cb8897-0d38-4c59-817a-d67a8ba30c67@group-A55F67FDC954, cid=2097, SUCCESS, logIndex=3113, commits[a9cb8897-0d38-4c59-817a-d67a8ba30c67:c3116, 41e21bac-56c9-465a-a1cc-bc71b3ab473c:c3112, 2bfdf505-3a1f-44eb-9843-3820b2477da1:c3112]
2019-09-05 19:10:44,587 [grpc-default-executor-2] INFO  client.GrpcClientProtocolClient (GrpcClientProtocolClient.java:onNext(255)) - client-729EAB8E4297->a9cb8897-0d38-4c59-817a-d67a8ba30c67: receive RaftClientReply:client-729EAB8E4297->a9cb8897-0d38-4c59-817a-d67a8ba30c67@group-A55F67FDC954, cid=2098, SUCCESS, logIndex=3114, commits[a9cb8897-0d38-4c59-817a-d67a8ba30c67:c3116, 41e21bac-56c9-465a-a1cc-bc71b3ab473c:c3112, 2bfdf505-3a1f-44eb-9843-3820b2477da1:c3112]
2019-09-05 19:10:44,588 [grpc-default-executor-2] INFO  client.GrpcClientProtocolClient (GrpcClientProtocolClient.java:onNext(255)) - client-729EAB8E4297->a9cb8897-0d38-4c59-817a-d67a8ba30c67: receive RaftClientReply:client-729EAB8E4297->a9cb8897-0d38-4c59-817a-d67a8ba30c67@group-A55F67FDC954, cid=2099, SUCCESS, logIndex=3115, commits[a9cb8897-0d38-4c59-817a-d67a8ba30c67:c3116, 41e21bac-56c9-465a-a1cc-bc71b3ab473c:c3112, 2bfdf505-3a1f-44eb-9843-3820b2477da1:c3112]
2019-09-05 19:10:44,588 [grpc-default-executor-2] INFO  client.GrpcClientProtocolClient (GrpcClientProtocolClient.java:onNext(255)) - client-729EAB8E4297->a9cb8897-0d38-4c59-817a-d67a8ba30c67: receive RaftClientReply:client-729EAB8E4297->a9cb8897-0d38-4c59-817a-d67a8ba30c67@group-A55F67FDC954, cid=2100, SUCCESS, logIndex=3116, commits[a9cb8897-0d38-4c59-817a-d67a8ba30c67:c3116, 41e21bac-56c9-465a-a1cc-bc71b3ab473c:c3112, 2bfdf505-3a1f-44eb-9843-3820b2477da1:c3112]
2019-09-05 19:10:44,601 [grpc-default-executor-2] INFO  client.GrpcClientProtocolClient (GrpcClientProtocolClient.java:onNext(255)) - client-729EAB8E4297->a9cb8897-0d38-4c59-817a-d67a8ba30c67: receive RaftClientReply:client-729EAB8E4297->a9cb8897-0d38-4c59-817a-d67a8ba30c67@group-A55F67FDC954, cid=2101, SUCCESS, logIndex=0, commits[a9cb8897-0d38-4c59-817a-d67a8ba30c67:c3119, 41e21bac-56c9-465a-a1cc-bc71b3ab473c:c3115, 2bfdf505-3a1f-44eb-9843-3820b2477da1:c3114]
2019-09-05 19:10:44,624 [grpc-default-executor-2] INFO  client.GrpcClientProtocolClient (GrpcClientProtocolClient.java:onNext(255)) - client-729EAB8E4297->a9cb8897-0d38-4c59-817a-d67a8ba30c67: receive RaftClientReply:client-729EAB8E4297->a9cb8897-0d38-4c59-817a-d67a8ba30c67@group-A55F67FDC954, cid=2102, SUCCESS, logIndex=3121, commits[a9cb8897-0d38-4c59-817a-d67a8ba30c67:c3122, 41e21bac-56c9-465a-a1cc-bc71b3ab473c:c3120, 2bfdf505-3a1f-44eb-9843-3820b2477da1:c3120]
2019-09-05 19:10:44,624 [grpc-default-executor-2] INFO  client.GrpcClientProtocolClient (GrpcClientProtocolClient.java:onNext(255)) - client-729EAB8E4297->a9cb8897-0d38-4c59-817a-d67a8ba30c67: receive RaftClientReply:client-729EAB8E4297->a9cb8897-0d38-4c59-817a-d67a8ba30c67@group-A55F67FDC954, cid=2103, SUCCESS, logIndex=3122, commits[a9cb8897-0d38-4c59-817a-d67a8ba30c67:c3122, 41e21bac-56c9-465a-a1cc-bc71b3ab473c:c3120, 2bfdf505-3a1f-44eb-9843-3820b2477da1:c3120]
2019-09-05 19:10:44,649 [grpc-default-executor-0] INFO  client.GrpcClientProtocolClient (GrpcClientProtocolClient.java:onNext(255)) - client-729EAB8E4297->a9cb8897-0d38-4c59-817a-d67a8ba30c67: receive RaftClientReply:client-729EAB8E4297->a9cb8897-0d38-4c59-817a-d67a8ba30c67@group-A55F67FDC954, cid=2104, SUCCESS, logIndex=3125, commits[a9cb8897-0d38-4c59-817a-d67a8ba30c67:c3126, 41e21bac-56c9-465a-a1cc-bc71b3ab473c:c3122, 2bfdf505-3a1f-44eb-9843-3820b2477da1:c3122]
2019-09-05 19:10:44,649 [grpc-default-executor-0] INFO  client.GrpcClientProtocolClient (GrpcClientProtocolClient.java:onNext(255)) - client-729EAB8E4297->a9cb8897-0d38-4c59-817a-d67a8ba30c67: receive RaftClientReply:client-729EAB8E4297->a9cb8897-0d38-4c59-817a-d67a8ba30c67@group-A55F67FDC954, cid=2105, SUCCESS, logIndex=3126, commits[a9cb8897-0d38-4c59-817a-d67a8ba30c67:c3126, 41e21bac-56c9-465a-a1cc-bc71b3ab473c:c3122, 2bfdf505-3a1f-44eb-9843-3820b2477da1:c3122]
2019-09-05 19:10:44,660 [grpc-default-executor-0] INFO  client.GrpcClientProtocolClient (GrpcClientProtocolClient.java:onNext(255)) - client-729EAB8E4297->a9cb8897-0d38-4c59-817a-d67a8ba30c67: receive RaftClientReply:client-729EAB8E4297->a9cb8897-0d38-4c59-817a-d67a8ba30c67@group-A55F67FDC954, cid=2106, SUCCESS, logIndex=0, commits[a9cb8897-0d38-4c59-817a-d67a8ba30c67:c3127, 41e21bac-56c9-465a-a1cc-bc71b3ab473c:c3126, 2bfdf505-3a1f-44eb-9843-3820b2477da1:c3126]
2019-09-05 19:10:44,691 [grpc-default-executor-1] INFO  client.GrpcClientProtocolClient (GrpcClientProtocolClient.java:onNext(255)) - client-729EAB8E4297->a9cb8897-0d38-4c59-817a-d67a8ba30c67: receive RaftClientReply:client-729EAB8E4297->a9cb8897-0d38-4c59-817a-d67a8ba30c67@group-A55F67FDC954, cid=2107, SUCCESS, logIndex=3129, commits[a9cb8897-0d38-4c59-817a-d67a8ba30c67:c3130, 41e21bac-56c9-465a-a1cc-bc71b3ab473c:c3128, 2bfdf505-3a1f-44eb-9843-3820b2477da1:c3128]
2019-09-05 19:10:44,695 [grpc-default-executor-1] INFO  client.GrpcClientProtocolClient (GrpcClientProtocolClient.java:onNext(255)) - client-729EAB8E4297->a9cb8897-0d38-4c59-817a-d67a8ba30c67: receive RaftClientReply:client-729EAB8E4297->a9cb8897-0d38-4c59-817a-d67a8ba30c67@group-A55F67FDC954, cid=2108, SUCCESS, logIndex=3130, commits[a9cb8897-0d38-4c59-817a-d67a8ba30c67:c3131, 41e21bac-56c9-465a-a1cc-bc71b3ab473c:c3128, 2bfdf505-3a1f-44eb-9843-3820b2477da1:c3128]
2019-09-05 19:10:44,696 [grpc-default-executor-1] INFO  client.GrpcClientProtocolClient (GrpcClientProtocolClient.java:onNext(255)) - client-729EAB8E4297->a9cb8897-0d38-4c59-817a-d67a8ba30c67: receive RaftClientReply:client-729EAB8E4297->a9cb8897-0d38-4c59-817a-d67a8ba30c67@group-A55F67FDC954, cid=2109, SUCCESS, logIndex=3131, commits[a9cb8897-0d38-4c59-817a-d67a8ba30c67:c3132, 41e21bac-56c9-465a-a1cc-bc71b3ab473c:c3128, 2bfdf505-3a1f-44eb-9843-3820b2477da1:c3128]
2019-09-05 19:10:44,697 [grpc-default-executor-1] INFO  client.GrpcClientProtocolClient (GrpcClientProtocolClient.java:onNext(255)) - client-729EAB8E4297->a9cb8897-0d38-4c59-817a-d67a8ba30c67: receive RaftClientReply:client-729EAB8E4297->a9cb8897-0d38-4c59-817a-d67a8ba30c67@group-A55F67FDC954, cid=2110, SUCCESS, logIndex=3132, commits[a9cb8897-0d38-4c59-817a-d67a8ba30c67:c3132, 41e21bac-56c9-465a-a1cc-bc71b3ab473c:c3128, 2bfdf505-3a1f-44eb-9843-3820b2477da1:c3128]
2019-09-05 19:10:44,698 [grpc-default-executor-1] INFO  client.GrpcClientProtocolClient (GrpcClientProtocolClient.java:onNext(255)) - client-729EAB8E4297->a9cb8897-0d38-4c59-817a-d67a8ba30c67: receive RaftClientReply:client-729EAB8E4297->a9cb8897-0d38-4c59-817a-d67a8ba30c67@group-A55F67FDC954, cid=2111, SUCCESS, logIndex=0, commits[a9cb8897-0d38-4c59-817a-d67a8ba30c67:c3134, 41e21bac-56c9-465a-a1cc-bc71b3ab473c:c3131, 2bfdf505-3a1f-44eb-9843-3820b2477da1:c3130]
2019-09-05 19:10:44,720 [grpc-default-executor-1] INFO  client.GrpcClientProtocolClient (GrpcClientProtocolClient.java:onNext(255)) - client-729EAB8E4297->a9cb8897-0d38-4c59-817a-d67a8ba30c67: receive RaftClientReply:client-729EAB8E4297->a9cb8897-0d38-4c59-817a-d67a8ba30c67@group-A55F67FDC954, cid=2112, SUCCESS, logIndex=3137, commits[a9cb8897-0d38-4c59-817a-d67a8ba30c67:c3138, 41e21bac-56c9-465a-a1cc-bc71b3ab473c:c3134, 2bfdf505-3a1f-44eb-9843-3820b2477da1:c3134]
2019-09-05 19:10:44,721 [grpc-default-executor-1] INFO  client.GrpcClientProtocolClient (GrpcClientProtocolClient.java:onNext(255)) - client-729EAB8E4297->a9cb8897-0d38-4c59-817a-d67a8ba30c67: receive RaftClientReply:client-729EAB8E4297->a9cb8897-0d38-4c59-817a-d67a8ba30c67@group-A55F67FDC954, cid=2113, SUCCESS, logIndex=3138, commits[a9cb8897-0d38-4c59-817a-d67a8ba30c67:c3138, 41e21bac-56c9-465a-a1cc-bc71b3ab473c:c3134, 2bfdf505-3a1f-44eb-9843-3820b2477da1:c3134]
2019-09-05 19:10:44,734 [grpc-default-executor-1] INFO  client.GrpcClientProtocolClient (GrpcClientProtocolClient.java:onNext(255)) - client-729EAB8E4297->a9cb8897-0d38-4c59-817a-d67a8ba30c67: receive RaftClientReply:client-729EAB8E4297->a9cb8897-0d38-4c59-817a-d67a8ba30c67@group-A55F67FDC954, cid=2114, SUCCESS, logIndex=3141, commits[a9cb8897-0d38-4c59-817a-d67a8ba30c67:c3142, 41e21bac-56c9-465a-a1cc-bc71b3ab473c:c3138, 2bfdf505-3a1f-44eb-9843-3820b2477da1:c3138]
2019-09-05 19:10:44,734 [grpc-default-executor-1] INFO  client.GrpcClientProtocolClient (GrpcClientProtocolClient.java:onNext(255)) - client-729EAB8E4297->a9cb8897-0d38-4c59-817a-d67a8ba30c67: receive RaftClientReply:client-729EAB8E4297->a9cb8897-0d38-4c59-817a-d67a8ba30c67@group-A55F67FDC954, cid=2115, SUCCESS, logIndex=3142, commits[a9cb8897-0d38-4c59-817a-d67a8ba30c67:c3142, 41e21bac-56c9-465a-a1cc-bc71b3ab473c:c3138, 2bfdf505-3a1f-44eb-9843-3820b2477da1:c3138]
2019-09-05 19:10:44,739 [grpc-default-executor-1] INFO  client.GrpcClientProtocolClient (GrpcClientProtocolClient.java:onNext(255)) - client-729EAB8E4297->a9cb8897-0d38-4c59-817a-d67a8ba30c67: receive RaftClientReply:client-729EAB8E4297->a9cb8897-0d38-4c59-817a-d67a8ba30c67@group-A55F67FDC954, cid=2116, SUCCESS, logIndex=0, commits[a9cb8897-0d38-4c59-817a-d67a8ba30c67:c3144, 41e21bac-56c9-465a-a1cc-bc71b3ab473c:c3142, 2bfdf505-3a1f-44eb-9843-3820b2477da1:c3142]
2019-09-05 19:10:44,941 [grpc-default-executor-3] INFO  client.GrpcClientProtocolClient (GrpcClientProtocolClient.java:onNext(255)) - client-729EAB8E4297->a9cb8897-0d38-4c59-817a-d67a8ba30c67: receive RaftClientReply:client-729EAB8E4297->a9cb8897-0d38-4c59-817a-d67a8ba30c67@group-A55F67FDC954, cid=2117, SUCCESS, logIndex=3145, commits[a9cb8897-0d38-4c59-817a-d67a8ba30c67:c3147, 41e21bac-56c9-465a-a1cc-bc71b3ab473c:c3144, 2bfdf505-3a1f-44eb-9843-3820b2477da1:c3144]
2019-09-05 19:10:44,942 [grpc-default-executor-3] INFO  client.GrpcClientProtocolClient (GrpcClientProtocolClient.java:onNext(255)) - client-729EAB8E4297->a9cb8897-0d38-4c59-817a-d67a8ba30c67: receive RaftClientReply:client-729EAB8E4297->a9cb8897-0d38-4c59-817a-d67a8ba30c67@group-A55F67FDC954, cid=2118, SUCCESS, logIndex=3146, commits[a9cb8897-0d38-4c59-817a-d67a8ba30c67:c3148, 41e21bac-56c9-465a-a1cc-bc71b3ab473c:c3144, 2bfdf505-3a1f-44eb-9843-3820b2477da1:c3144]
2019-09-05 19:10:44,942 [grpc-default-executor-3] INFO  client.GrpcClientProtocolClient (GrpcClientProtocolClient.java:onNext(255)) - client-729EAB8E4297->a9cb8897-0d38-4c59-817a-d67a8ba30c67: receive RaftClientReply:client-729EAB8E4297->a9cb8897-0d38-4c59-817a-d67a8ba30c67@group-A55F67FDC954, cid=2119, SUCCESS, logIndex=3147, commits[a9cb8897-0d38-4c59-817a-d67a8ba30c67:c3148, 41e21bac-56c9-465a-a1cc-bc71b3ab473c:c3144, 2bfdf505-3a1f-44eb-9843-3820b2477da1:c3144]
2019-09-05 19:10:44,942 [grpc-default-executor-3] INFO  client.GrpcClientProtocolClient (GrpcClientProtocolClient.java:onNext(255)) - client-729EAB8E4297->a9cb8897-0d38-4c59-817a-d67a8ba30c67: receive RaftClientReply:client-729EAB8E4297->a9cb8897-0d38-4c59-817a-d67a8ba30c67@group-A55F67FDC954, cid=2120, SUCCESS, logIndex=3148, commits[a9cb8897-0d38-4c59-817a-d67a8ba30c67:c3148, 41e21bac-56c9-465a-a1cc-bc71b3ab473c:c3144, 2bfdf505-3a1f-44eb-9843-3820b2477da1:c3144]
2019-09-05 19:10:44,952 [grpc-default-executor-3] INFO  client.GrpcClientProtocolClient (GrpcClientProtocolClient.java:onNext(255)) - client-729EAB8E4297->a9cb8897-0d38-4c59-817a-d67a8ba30c67: receive RaftClientReply:client-729EAB8E4297->a9cb8897-0d38-4c59-817a-d67a8ba30c67@group-A55F67FDC954, cid=2121, SUCCESS, logIndex=0, commits[a9cb8897-0d38-4c59-817a-d67a8ba30c67:c3149, 41e21bac-56c9-465a-a1cc-bc71b3ab473c:c3146, 2bfdf505-3a1f-44eb-9843-3820b2477da1:c3146]
2019-09-05 19:10:44,974 [grpc-default-executor-1] INFO  client.GrpcClientProtocolClient (GrpcClientProtocolClient.java:onNext(255)) - client-729EAB8E4297->a9cb8897-0d38-4c59-817a-d67a8ba30c67: receive RaftClientReply:client-729EAB8E4297->a9cb8897-0d38-4c59-817a-d67a8ba30c67@group-A55F67FDC954, cid=2122, SUCCESS, logIndex=3153, commits[a9cb8897-0d38-4c59-817a-d67a8ba30c67:c3154, 41e21bac-56c9-465a-a1cc-bc71b3ab473c:c3152, 2bfdf505-3a1f-44eb-9843-3820b2477da1:c3152]
2019-09-05 19:10:44,974 [grpc-default-executor-1] INFO  client.GrpcClientProtocolClient (GrpcClientProtocolClient.java:onNext(255)) - client-729EAB8E4297->a9cb8897-0d38-4c59-817a-d67a8ba30c67: receive RaftClientReply:client-729EAB8E4297->a9cb8897-0d38-4c59-817a-d67a8ba30c67@group-A55F67FDC954, cid=2123, SUCCESS, logIndex=3154, commits[a9cb8897-0d38-4c59-817a-d67a8ba30c67:c3154, 41e21bac-56c9-465a-a1cc-bc71b3ab473c:c3152, 2bfdf505-3a1f-44eb-9843-3820b2477da1:c3152]
2019-09-05 19:10:44,990 [grpc-default-executor-1] INFO  client.GrpcClientProtocolClient (GrpcClientProtocolClient.java:onNext(255)) - client-729EAB8E4297->a9cb8897-0d38-4c59-817a-d67a8ba30c67: receive RaftClientReply:client-729EAB8E4297->a9cb8897-0d38-4c59-817a-d67a8ba30c67@group-A55F67FDC954, cid=2124, SUCCESS, logIndex=3157, commits[a9cb8897-0d38-4c59-817a-d67a8ba30c67:c3158, 41e21bac-56c9-465a-a1cc-bc71b3ab473c:c3154, 2bfdf505-3a1f-44eb-9843-3820b2477da1:c3153]
2019-09-05 19:10:44,990 [grpc-default-executor-1] INFO  client.GrpcClientProtocolClient (GrpcClientProtocolClient.java:onNext(255)) - client-729EAB8E4297->a9cb8897-0d38-4c59-817a-d67a8ba30c67: receive RaftClientReply:client-729EAB8E4297->a9cb8897-0d38-4c59-817a-d67a8ba30c67@group-A55F67FDC954, cid=2125, SUCCESS, logIndex=3158, commits[a9cb8897-0d38-4c59-817a-d67a8ba30c67:c3158, 41e21bac-56c9-465a-a1cc-bc71b3ab473c:c3154, 2bfdf505-3a1f-44eb-9843-3820b2477da1:c3153]
2019-09-05 19:10:44,995 [grpc-default-executor-3] INFO  client.GrpcClientProtocolClient (GrpcClientProtocolClient.java:onNext(255)) - client-729EAB8E4297->a9cb8897-0d38-4c59-817a-d67a8ba30c67: receive RaftClientReply:client-729EAB8E4297->a9cb8897-0d38-4c59-817a-d67a8ba30c67@group-A55F67FDC954, cid=2126, SUCCESS, logIndex=0, commits[a9cb8897-0d38-4c59-817a-d67a8ba30c67:c3159, 41e21bac-56c9-465a-a1cc-bc71b3ab473c:c3157, 2bfdf505-3a1f-44eb-9843-3820b2477da1:c3154]
2019-09-05 19:10:45,004 [grpc-default-executor-3] INFO  client.GrpcClientProtocolClient (GrpcClientProtocolClient.java:onNext(255)) - client-729EAB8E4297->a9cb8897-0d38-4c59-817a-d67a8ba30c67: receive RaftClientReply:client-729EAB8E4297->a9cb8897-0d38-4c59-817a-d67a8ba30c67@group-A55F67FDC954, cid=2127, SUCCESS, logIndex=0, commits[a9cb8897-0d38-4c59-817a-d67a8ba30c67:c3160, 41e21bac-56c9-465a-a1cc-bc71b3ab473c:c3158, 2bfdf505-3a1f-44eb-9843-3820b2477da1:c3158]
2019-09-05 19:10:45,035 [grpc-default-executor-2] INFO  client.GrpcClientProtocolClient (GrpcClientProtocolClient.java:onNext(255)) - client-729EAB8E4297->a9cb8897-0d38-4c59-817a-d67a8ba30c67: receive RaftClientReply:client-729EAB8E4297->a9cb8897-0d38-4c59-817a-d67a8ba30c67@group-A55F67FDC954, cid=2128, SUCCESS, logIndex=3161, commits[a9cb8897-0d38-4c59-817a-d67a8ba30c67:c3162, 41e21bac-56c9-465a-a1cc-bc71b3ab473c:c3160, 2bfdf505-3a1f-44eb-9843-3820b2477da1:c3160]
2019-09-05 19:10:45,036 [grpc-default-executor-2] INFO  client.GrpcClientProtocolClient (GrpcClientProtocolClient.java:onNext(255)) - client-729EAB8E4297->a9cb8897-0d38-4c59-817a-d67a8ba30c67: receive RaftClientReply:client-729EAB8E4297->a9cb8897-0d38-4c59-817a-d67a8ba30c67@group-A55F67FDC954, cid=2129, SUCCESS, logIndex=3162, commits[a9cb8897-0d38-4c59-817a-d67a8ba30c67:c3163, 41e21bac-56c9-465a-a1cc-bc71b3ab473c:c3160, 2bfdf505-3a1f-44eb-9843-3820b2477da1:c3160]
2019-09-05 19:10:45,036 [grpc-default-executor-2] INFO  client.GrpcClientProtocolClient (GrpcClientProtocolClient.java:onNext(255)) - client-729EAB8E4297->a9cb8897-0d38-4c59-817a-d67a8ba30c67: receive RaftClientReply:client-729EAB8E4297->a9cb8897-0d38-4c59-817a-d67a8ba30c67@group-A55F67FDC954, cid=2130, SUCCESS, logIndex=3163, commits[a9cb8897-0d38-4c59-817a-d67a8ba30c67:c3164, 41e21bac-56c9-465a-a1cc-bc71b3ab473c:c3160, 2bfdf505-3a1f-44eb-9843-3820b2477da1:c3160]
2019-09-05 19:10:45,036 [grpc-default-executor-2] INFO  client.GrpcClientProtocolClient (GrpcClientProtocolClient.java:onNext(255)) - client-729EAB8E4297->a9cb8897-0d38-4c59-817a-d67a8ba30c67: receive RaftClientReply:client-729EAB8E4297->a9cb8897-0d38-4c59-817a-d67a8ba30c67@group-A55F67FDC954, cid=2131, SUCCESS, logIndex=3164, commits[a9cb8897-0d38-4c59-817a-d67a8ba30c67:c3164, 41e21bac-56c9-465a-a1cc-bc71b3ab473c:c3160, 2bfdf505-3a1f-44eb-9843-3820b2477da1:c3160]
2019-09-05 19:10:45,047 [grpc-default-executor-2] INFO  client.GrpcClientProtocolClient (GrpcClientProtocolClient.java:onNext(255)) - client-729EAB8E4297->a9cb8897-0d38-4c59-817a-d67a8ba30c67: receive RaftClientReply:client-729EAB8E4297->a9cb8897-0d38-4c59-817a-d67a8ba30c67@group-A55F67FDC954, cid=2132, SUCCESS, logIndex=0, commits[a9cb8897-0d38-4c59-817a-d67a8ba30c67:c3166, 41e21bac-56c9-465a-a1cc-bc71b3ab473c:c3162, 2bfdf505-3a1f-44eb-9843-3820b2477da1:c3162]
2019-09-05 19:10:45,060 [grpc-default-executor-1] INFO  client.GrpcClientProtocolClient (GrpcClientProtocolClient.java:onNext(255)) - client-729EAB8E4297->a9cb8897-0d38-4c59-817a-d67a8ba30c67: receive RaftClientReply:client-729EAB8E4297->a9cb8897-0d38-4c59-817a-d67a8ba30c67@group-A55F67FDC954, cid=2133, SUCCESS, logIndex=3169, commits[a9cb8897-0d38-4c59-817a-d67a8ba30c67:c3170, 41e21bac-56c9-465a-a1cc-bc71b3ab473c:c3168, 2bfdf505-3a1f-44eb-9843-3820b2477da1:c3164]
2019-09-05 19:10:45,060 [grpc-default-executor-1] INFO  client.GrpcClientProtocolClient (GrpcClientProtocolClient.java:onNext(255)) - client-729EAB8E4297->a9cb8897-0d38-4c59-817a-d67a8ba30c67: receive RaftClientReply:client-729EAB8E4297->a9cb8897-0d38-4c59-817a-d67a8ba30c67@group-A55F67FDC954, cid=2134, SUCCESS, logIndex=3170, commits[a9cb8897-0d38-4c59-817a-d67a8ba30c67:c3170, 41e21bac-56c9-465a-a1cc-bc71b3ab473c:c3168, 2bfdf505-3a1f-44eb-9843-3820b2477da1:c3168]
2019-09-05 19:10:45,077 [grpc-default-executor-1] INFO  client.GrpcClientProtocolClient (GrpcClientProtocolClient.java:onNext(255)) - client-729EAB8E4297->a9cb8897-0d38-4c59-817a-d67a8ba30c67: receive RaftClientReply:client-729EAB8E4297->a9cb8897-0d38-4c59-817a-d67a8ba30c67@group-A55F67FDC954, cid=2135, SUCCESS, logIndex=3173, commits[a9cb8897-0d38-4c59-817a-d67a8ba30c67:c3174, 41e21bac-56c9-465a-a1cc-bc71b3ab473c:c3171, 2bfdf505-3a1f-44eb-9843-3820b2477da1:c3171]
2019-09-05 19:10:45,077 [grpc-default-executor-1] INFO  client.GrpcClientProtocolClient (GrpcClientProtocolClient.java:onNext(255)) - client-729EAB8E4297->a9cb8897-0d38-4c59-817a-d67a8ba30c67: receive RaftClientReply:client-729EAB8E4297->a9cb8897-0d38-4c59-817a-d67a8ba30c67@group-A55F67FDC954, cid=2136, SUCCESS, logIndex=3174, commits[a9cb8897-0d38-4c59-817a-d67a8ba30c67:c3174, 41e21bac-56c9-465a-a1cc-bc71b3ab473c:c3171, 2bfdf505-3a1f-44eb-9843-3820b2477da1:c3171]
2019-09-05 19:10:45,090 [grpc-default-executor-1] INFO  client.GrpcClientProtocolClient (GrpcClientProtocolClient.java:onNext(255)) - client-729EAB8E4297->a9cb8897-0d38-4c59-817a-d67a8ba30c67: receive RaftClientReply:client-729EAB8E4297->a9cb8897-0d38-4c59-817a-d67a8ba30c67@group-A55F67FDC954, cid=2137, SUCCESS, logIndex=0, commits[a9cb8897-0d38-4c59-817a-d67a8ba30c67:c3176, 41e21bac-56c9-465a-a1cc-bc71b3ab473c:c3174, 2bfdf505-3a1f-44eb-9843-3820b2477da1:c3174]
2019-09-05 19:10:45,118 [grpc-default-executor-2] INFO  client.GrpcClientProtocolClient (GrpcClientProtocolClient.java:onNext(255)) - client-729EAB8E4297->a9cb8897-0d38-4c59-817a-d67a8ba30c67: receive RaftClientReply:client-729EAB8E4297->a9cb8897-0d38-4c59-817a-d67a8ba30c67@group-A55F67FDC954, cid=2138, SUCCESS, logIndex=3177, commits[a9cb8897-0d38-4c59-817a-d67a8ba30c67:c3179, 41e21bac-56c9-465a-a1cc-bc71b3ab473c:c3176, 2bfdf505-3a1f-44eb-9843-3820b2477da1:c3176]
2019-09-05 19:10:45,118 [grpc-default-executor-2] INFO  client.GrpcClientProtocolClient (GrpcClientProtocolClient.java:onNext(255)) - client-729EAB8E4297->a9cb8897-0d38-4c59-817a-d67a8ba30c67: receive RaftClientReply:client-729EAB8E4297->a9cb8897-0d38-4c59-817a-d67a8ba30c67@group-A55F67FDC954, cid=2139, SUCCESS, logIndex=3178, commits[a9cb8897-0d38-4c59-817a-d67a8ba30c67:c3180, 41e21bac-56c9-465a-a1cc-bc71b3ab473c:c3176, 2bfdf505-3a1f-44eb-9843-3820b2477da1:c3176]
2019-09-05 19:10:45,119 [grpc-default-executor-2] INFO  client.GrpcClientProtocolClient (GrpcClientProtocolClient.java:onNext(255)) - client-729EAB8E4297->a9cb8897-0d38-4c59-817a-d67a8ba30c67: receive RaftClientReply:client-729EAB8E4297->a9cb8897-0d38-4c59-817a-d67a8ba30c67@group-A55F67FDC954, cid=2140, SUCCESS, logIndex=3179, commits[a9cb8897-0d38-4c59-817a-d67a8ba30c67:c3180, 41e21bac-56c9-465a-a1cc-bc71b3ab473c:c3176, 2bfdf505-3a1f-44eb-9843-3820b2477da1:c3176]
2019-09-05 19:10:45,119 [grpc-default-executor-2] INFO  client.GrpcClientProtocolClient (GrpcClientProtocolClient.java:onNext(255)) - client-729EAB8E4297->a9cb8897-0d38-4c59-817a-d67a8ba30c67: receive RaftClientReply:client-729EAB8E4297->a9cb8897-0d38-4c59-817a-d67a8ba30c67@group-A55F67FDC954, cid=2141, SUCCESS, logIndex=3180, commits[a9cb8897-0d38-4c59-817a-d67a8ba30c67:c3180, 41e21bac-56c9-465a-a1cc-bc71b3ab473c:c3176, 2bfdf505-3a1f-44eb-9843-3820b2477da1:c3176]
2019-09-05 19:10:45,121 [grpc-default-executor-2] INFO  client.GrpcClientProtocolClient (GrpcClientProtocolClient.java:onNext(255)) - client-729EAB8E4297->a9cb8897-0d38-4c59-817a-d67a8ba30c67: receive RaftClientReply:client-729EAB8E4297->a9cb8897-0d38-4c59-817a-d67a8ba30c67@group-A55F67FDC954, cid=2142, SUCCESS, logIndex=0, commits[a9cb8897-0d38-4c59-817a-d67a8ba30c67:c3181, 41e21bac-56c9-465a-a1cc-bc71b3ab473c:c3178, 2bfdf505-3a1f-44eb-9843-3820b2477da1:c3178]
2019-09-05 19:10:45,151 [grpc-default-executor-1] INFO  client.GrpcClientProtocolClient (GrpcClientProtocolClient.java:onNext(255)) - client-729EAB8E4297->a9cb8897-0d38-4c59-817a-d67a8ba30c67: receive RaftClientReply:client-729EAB8E4297->a9cb8897-0d38-4c59-817a-d67a8ba30c67@group-A55F67FDC954, cid=2143, SUCCESS, logIndex=3185, commits[a9cb8897-0d38-4c59-817a-d67a8ba30c67:c3186, 41e21bac-56c9-465a-a1cc-bc71b3ab473c:c3184, 2bfdf505-3a1f-44eb-9843-3820b2477da1:c3184]
2019-09-05 19:10:45,152 [grpc-default-executor-1] INFO  client.GrpcClientProtocolClient (GrpcClientProtocolClient.java:onNext(255)) - client-729EAB8E4297->a9cb8897-0d38-4c59-817a-d67a8ba30c67: receive RaftClientReply:client-729EAB8E4297->a9cb8897-0d38-4c59-817a-d67a8ba30c67@group-A55F67FDC954, cid=2144, SUCCESS, logIndex=3186, commits[a9cb8897-0d38-4c59-817a-d67a8ba30c67:c3186, 41e21bac-56c9-465a-a1cc-bc71b3ab473c:c3184, 2bfdf505-3a1f-44eb-9843-3820b2477da1:c3184]
2019-09-05 19:10:45,178 [grpc-default-executor-2] INFO  client.GrpcClientProtocolClient (GrpcClientProtocolClient.java:onNext(255)) - client-729EAB8E4297->a9cb8897-0d38-4c59-817a-d67a8ba30c67: receive RaftClientReply:client-729EAB8E4297->a9cb8897-0d38-4c59-817a-d67a8ba30c67@group-A55F67FDC954, cid=2145, SUCCESS, logIndex=3188, commits[a9cb8897-0d38-4c59-817a-d67a8ba30c67:c3189, 41e21bac-56c9-465a-a1cc-bc71b3ab473c:c3186, 2bfdf505-3a1f-44eb-9843-3820b2477da1:c3186]
2019-09-05 19:10:45,178 [grpc-default-executor-2] INFO  client.GrpcClientProtocolClient (GrpcClientProtocolClient.java:onNext(255)) - client-729EAB8E4297->a9cb8897-0d38-4c59-817a-d67a8ba30c67: receive RaftClientReply:client-729EAB8E4297->a9cb8897-0d38-4c59-817a-d67a8ba30c67@group-A55F67FDC954, cid=2146, SUCCESS, logIndex=3189, commits[a9cb8897-0d38-4c59-817a-d67a8ba30c67:c3189, 41e21bac-56c9-465a-a1cc-bc71b3ab473c:c3186, 2bfdf505-3a1f-44eb-9843-3820b2477da1:c3186]
2019-09-05 19:10:45,179 [grpc-default-executor-0] INFO  client.GrpcClientProtocolClient (GrpcClientProtocolClient.java:onNext(255)) - client-729EAB8E4297->a9cb8897-0d38-4c59-817a-d67a8ba30c67: receive RaftClientReply:client-729EAB8E4297->a9cb8897-0d38-4c59-817a-d67a8ba30c67@group-A55F67FDC954, cid=2147, SUCCESS, logIndex=0, commits[a9cb8897-0d38-4c59-817a-d67a8ba30c67:c3190, 41e21bac-56c9-465a-a1cc-bc71b3ab473c:c3189, 2bfdf505-3a1f-44eb-9843-3820b2477da1:c3189]
2019-09-05 19:10:45,212 [grpc-default-executor-2] INFO  client.GrpcClientProtocolClient (GrpcClientProtocolClient.java:onNext(255)) - client-729EAB8E4297->a9cb8897-0d38-4c59-817a-d67a8ba30c67: receive RaftClientReply:client-729EAB8E4297->a9cb8897-0d38-4c59-817a-d67a8ba30c67@group-A55F67FDC954, cid=2148, SUCCESS, logIndex=3192, commits[a9cb8897-0d38-4c59-817a-d67a8ba30c67:c3193, 41e21bac-56c9-465a-a1cc-bc71b3ab473c:c3191, 2bfdf505-3a1f-44eb-9843-3820b2477da1:c3191]
2019-09-05 19:10:45,212 [grpc-default-executor-2] INFO  client.GrpcClientProtocolClient (GrpcClientProtocolClient.java:onNext(255)) - client-729EAB8E4297->a9cb8897-0d38-4c59-817a-d67a8ba30c67: receive RaftClientReply:client-729EAB8E4297->a9cb8897-0d38-4c59-817a-d67a8ba30c67@group-A55F67FDC954, cid=2149, SUCCESS, logIndex=3193, commits[a9cb8897-0d38-4c59-817a-d67a8ba30c67:c3194, 41e21bac-56c9-465a-a1cc-bc71b3ab473c:c3191, 2bfdf505-3a1f-44eb-9843-3820b2477da1:c3191]
2019-09-05 19:10:45,213 [grpc-default-executor-2] INFO  client.GrpcClientProtocolClient (GrpcClientProtocolClient.java:onNext(255)) - client-729EAB8E4297->a9cb8897-0d38-4c59-817a-d67a8ba30c67: receive RaftClientReply:client-729EAB8E4297->a9cb8897-0d38-4c59-817a-d67a8ba30c67@group-A55F67FDC954, cid=2150, SUCCESS, logIndex=3194, commits[a9cb8897-0d38-4c59-817a-d67a8ba30c67:c3195, 41e21bac-56c9-465a-a1cc-bc71b3ab473c:c3191, 2bfdf505-3a1f-44eb-9843-3820b2477da1:c3191]
2019-09-05 19:10:45,213 [grpc-default-executor-2] INFO  client.GrpcClientProtocolClient (GrpcClientProtocolClient.java:onNext(255)) - client-729EAB8E4297->a9cb8897-0d38-4c59-817a-d67a8ba30c67: receive RaftClientReply:client-729EAB8E4297->a9cb8897-0d38-4c59-817a-d67a8ba30c67@group-A55F67FDC954, cid=2151, SUCCESS, logIndex=3195, commits[a9cb8897-0d38-4c59-817a-d67a8ba30c67:c3195, 41e21bac-56c9-465a-a1cc-bc71b3ab473c:c3191, 2bfdf505-3a1f-44eb-9843-3820b2477da1:c3191]
2019-09-05 19:10:45,226 [grpc-default-executor-2] INFO  client.GrpcClientProtocolClient (GrpcClientProtocolClient.java:onNext(255)) - client-729EAB8E4297->a9cb8897-0d38-4c59-817a-d67a8ba30c67: receive RaftClientReply:client-729EAB8E4297->a9cb8897-0d38-4c59-817a-d67a8ba30c67@group-A55F67FDC954, cid=2152, SUCCESS, logIndex=0, commits[a9cb8897-0d38-4c59-817a-d67a8ba30c67:c3197, 41e21bac-56c9-465a-a1cc-bc71b3ab473c:c3193, 2bfdf505-3a1f-44eb-9843-3820b2477da1:c3193]
2019-09-05 19:10:45,246 [grpc-default-executor-2] INFO  client.GrpcClientProtocolClient (GrpcClientProtocolClient.java:onNext(255)) - client-729EAB8E4297->a9cb8897-0d38-4c59-817a-d67a8ba30c67: receive RaftClientReply:client-729EAB8E4297->a9cb8897-0d38-4c59-817a-d67a8ba30c67@group-A55F67FDC954, cid=2153, SUCCESS, logIndex=3200, commits[a9cb8897-0d38-4c59-817a-d67a8ba30c67:c3201, 41e21bac-56c9-465a-a1cc-bc71b3ab473c:c3199, 2bfdf505-3a1f-44eb-9843-3820b2477da1:c3199]
2019-09-05 19:10:45,247 [grpc-default-executor-2] INFO  client.GrpcClientProtocolClient (GrpcClientProtocolClient.java:onNext(255)) - client-729EAB8E4297->a9cb8897-0d38-4c59-817a-d67a8ba30c67: receive RaftClientReply:client-729EAB8E4297->a9cb8897-0d38-4c59-817a-d67a8ba30c67@group-A55F67FDC954, cid=2154, SUCCESS, logIndex=3201, commits[a9cb8897-0d38-4c59-817a-d67a8ba30c67:c3201, 41e21bac-56c9-465a-a1cc-bc71b3ab473c:c3199, 2bfdf505-3a1f-44eb-9843-3820b2477da1:c3199]
2019-09-05 19:10:45,270 [grpc-default-executor-2] INFO  client.GrpcClientProtocolClient (GrpcClientProtocolClient.java:onNext(255)) - client-729EAB8E4297->a9cb8897-0d38-4c59-817a-d67a8ba30c67: receive RaftClientReply:client-729EAB8E4297->a9cb8897-0d38-4c59-817a-d67a8ba30c67@group-A55F67FDC954, cid=2155, SUCCESS, logIndex=3204, commits[a9cb8897-0d38-4c59-817a-d67a8ba30c67:c3205, 41e21bac-56c9-465a-a1cc-bc71b3ab473c:c3201, 2bfdf505-3a1f-44eb-9843-3820b2477da1:c3201]
2019-09-05 19:10:45,271 [grpc-default-executor-2] INFO  client.GrpcClientProtocolClient (GrpcClientProtocolClient.java:onNext(255)) - client-729EAB8E4297->a9cb8897-0d38-4c59-817a-d67a8ba30c67: receive RaftClientReply:client-729EAB8E4297->a9cb8897-0d38-4c59-817a-d67a8ba30c67@group-A55F67FDC954, cid=2156, SUCCESS, logIndex=3205, commits[a9cb8897-0d38-4c59-817a-d67a8ba30c67:c3205, 41e21bac-56c9-465a-a1cc-bc71b3ab473c:c3201, 2bfdf505-3a1f-44eb-9843-3820b2477da1:c3201]
2019-09-05 19:10:45,284 [grpc-default-executor-2] INFO  client.GrpcClientProtocolClient (GrpcClientProtocolClient.java:onNext(255)) - client-729EAB8E4297->a9cb8897-0d38-4c59-817a-d67a8ba30c67: receive RaftClientReply:client-729EAB8E4297->a9cb8897-0d38-4c59-817a-d67a8ba30c67@group-A55F67FDC954, cid=2157, SUCCESS, logIndex=0, commits[a9cb8897-0d38-4c59-817a-d67a8ba30c67:c3206, 41e21bac-56c9-465a-a1cc-bc71b3ab473c:c3205, 2bfdf505-3a1f-44eb-9843-3820b2477da1:c3205]
2019-09-05 19:10:45,315 [grpc-default-executor-2] INFO  client.GrpcClientProtocolClient (GrpcClientProtocolClient.java:onNext(255)) - client-729EAB8E4297->a9cb8897-0d38-4c59-817a-d67a8ba30c67: receive RaftClientReply:client-729EAB8E4297->a9cb8897-0d38-4c59-817a-d67a8ba30c67@group-A55F67FDC954, cid=2158, SUCCESS, logIndex=3208, commits[a9cb8897-0d38-4c59-817a-d67a8ba30c67:c3210, 41e21bac-56c9-465a-a1cc-bc71b3ab473c:c3207, 2bfdf505-3a1f-44eb-9843-3820b2477da1:c3207]
2019-09-05 19:10:45,316 [grpc-default-executor-2] INFO  client.GrpcClientProtocolClient (GrpcClientProtocolClient.java:onNext(255)) - client-729EAB8E4297->a9cb8897-0d38-4c59-817a-d67a8ba30c67: receive RaftClientReply:client-729EAB8E4297->a9cb8897-0d38-4c59-817a-d67a8ba30c67@group-A55F67FDC954, cid=2159, SUCCESS, logIndex=3209, commits[a9cb8897-0d38-4c59-817a-d67a8ba30c67:c3211, 41e21bac-56c9-465a-a1cc-bc71b3ab473c:c3207, 2bfdf505-3a1f-44eb-9843-3820b2477da1:c3207]
2019-09-05 19:10:45,316 [grpc-default-executor-2] INFO  client.GrpcClientProtocolClient (GrpcClientProtocolClient.java:onNext(255)) - client-729EAB8E4297->a9cb8897-0d38-4c59-817a-d67a8ba30c67: receive RaftClientReply:client-729EAB8E4297->a9cb8897-0d38-4c59-817a-d67a8ba30c67@group-A55F67FDC954, cid=2160, SUCCESS, logIndex=3210, commits[a9cb8897-0d38-4c59-817a-d67a8ba30c67:c3211, 41e21bac-56c9-465a-a1cc-bc71b3ab473c:c3207, 2bfdf505-3a1f-44eb-9843-3820b2477da1:c3207]
2019-09-05 19:10:45,316 [grpc-default-executor-2] INFO  client.GrpcClientProtocolClient (GrpcClientProtocolClient.java:onNext(255)) - client-729EAB8E4297->a9cb8897-0d38-4c59-817a-d67a8ba30c67: receive RaftClientReply:client-729EAB8E4297->a9cb8897-0d38-4c59-817a-d67a8ba30c67@group-A55F67FDC954, cid=2161, SUCCESS, logIndex=3211, commits[a9cb8897-0d38-4c59-817a-d67a8ba30c67:c3211, 41e21bac-56c9-465a-a1cc-bc71b3ab473c:c3207, 2bfdf505-3a1f-44eb-9843-3820b2477da1:c3207]
2019-09-05 19:10:45,327 [grpc-default-executor-2] INFO  client.GrpcClientProtocolClient (GrpcClientProtocolClient.java:onNext(255)) - client-729EAB8E4297->a9cb8897-0d38-4c59-817a-d67a8ba30c67: receive RaftClientReply:client-729EAB8E4297->a9cb8897-0d38-4c59-817a-d67a8ba30c67@group-A55F67FDC954, cid=2162, SUCCESS, logIndex=0, commits[a9cb8897-0d38-4c59-817a-d67a8ba30c67:c3212, 41e21bac-56c9-465a-a1cc-bc71b3ab473c:c3209, 2bfdf505-3a1f-44eb-9843-3820b2477da1:c3209]
2019-09-05 19:10:45,339 [grpc-default-executor-2] INFO  client.GrpcClientProtocolClient (GrpcClientProtocolClient.java:onNext(255)) - client-729EAB8E4297->a9cb8897-0d38-4c59-817a-d67a8ba30c67: receive RaftClientReply:client-729EAB8E4297->a9cb8897-0d38-4c59-817a-d67a8ba30c67@group-A55F67FDC954, cid=2163, SUCCESS, logIndex=3216, commits[a9cb8897-0d38-4c59-817a-d67a8ba30c67:c3217, 41e21bac-56c9-465a-a1cc-bc71b3ab473c:c3215, 2bfdf505-3a1f-44eb-9843-3820b2477da1:c3211]
2019-09-05 19:10:45,340 [grpc-default-executor-2] INFO  client.GrpcClientProtocolClient (GrpcClientProtocolClient.java:onNext(255)) - client-729EAB8E4297->a9cb8897-0d38-4c59-817a-d67a8ba30c67: receive RaftClientReply:client-729EAB8E4297->a9cb8897-0d38-4c59-817a-d67a8ba30c67@group-A55F67FDC954, cid=2164, SUCCESS, logIndex=3217, commits[a9cb8897-0d38-4c59-817a-d67a8ba30c67:c3217, 41e21bac-56c9-465a-a1cc-bc71b3ab473c:c3215, 2bfdf505-3a1f-44eb-9843-3820b2477da1:c3215]
 0.00% |█                                                                                                    |  0/1 Time: 0:00:192019-09-05 19:10:45,354 [grpc-default-executor-0] INFO  client.GrpcClientProtocolClient (GrpcClientProtocolClient.java:onNext(255)) - client-729EAB8E4297->a9cb8897-0d38-4c59-817a-d67a8ba30c67: receive RaftClientReply:client-729EAB8E4297->a9cb8897-0d38-4c59-817a-d67a8ba30c67@group-A55F67FDC954, cid=2165, SUCCESS, logIndex=3220, commits[a9cb8897-0d38-4c59-817a-d67a8ba30c67:c3221, 41e21bac-56c9-465a-a1cc-bc71b3ab473c:c3217, 2bfdf505-3a1f-44eb-9843-3820b2477da1:c3219]
2019-09-05 19:10:45,354 [grpc-default-executor-0] INFO  client.GrpcClientProtocolClient (GrpcClientProtocolClient.java:onNext(255)) - client-729EAB8E4297->a9cb8897-0d38-4c59-817a-d67a8ba30c67: receive RaftClientReply:client-729EAB8E4297->a9cb8897-0d38-4c59-817a-d67a8ba30c67@group-A55F67FDC954, cid=2166, SUCCESS, logIndex=3221, commits[a9cb8897-0d38-4c59-817a-d67a8ba30c67:c3221, 41e21bac-56c9-465a-a1cc-bc71b3ab473c:c3219, 2bfdf505-3a1f-44eb-9843-3820b2477da1:c3219]
2019-09-05 19:10:45,357 [grpc-default-executor-0] INFO  client.GrpcClientProtocolClient (GrpcClientProtocolClient.java:onNext(255)) - client-729EAB8E4297->a9cb8897-0d38-4c59-817a-d67a8ba30c67: receive RaftClientReply:client-729EAB8E4297->a9cb8897-0d38-4c59-817a-d67a8ba30c67@group-A55F67FDC954, cid=2167, SUCCESS, logIndex=0, commits[a9cb8897-0d38-4c59-817a-d67a8ba30c67:c3223, 41e21bac-56c9-465a-a1cc-bc71b3ab473c:c3221, 2bfdf505-3a1f-44eb-9843-3820b2477da1:c3221]
2019-09-05 19:10:45,399 [grpc-default-executor-0] INFO  client.GrpcClientProtocolClient (GrpcClientProtocolClient.java:onNext(255)) - client-729EAB8E4297->a9cb8897-0d38-4c59-817a-d67a8ba30c67: receive RaftClientReply:client-729EAB8E4297->a9cb8897-0d38-4c59-817a-d67a8ba30c67@group-A55F67FDC954, cid=2168, SUCCESS, logIndex=3224, commits[a9cb8897-0d38-4c59-817a-d67a8ba30c67:c3225, 41e21bac-56c9-465a-a1cc-bc71b3ab473c:c3223, 2bfdf505-3a1f-44eb-9843-3820b2477da1:c3223]
2019-09-05 19:10:45,400 [grpc-default-executor-0] INFO  client.GrpcClientProtocolClient (GrpcClientProtocolClient.java:onNext(255)) - client-729EAB8E4297->a9cb8897-0d38-4c59-817a-d67a8ba30c67: receive RaftClientReply:client-729EAB8E4297->a9cb8897-0d38-4c59-817a-d67a8ba30c67@group-A55F67FDC954, cid=2169, SUCCESS, logIndex=3225, commits[a9cb8897-0d38-4c59-817a-d67a8ba30c67:c3226, 41e21bac-56c9-465a-a1cc-bc71b3ab473c:c3223, 2bfdf505-3a1f-44eb-9843-3820b2477da1:c3223]
2019-09-05 19:10:45,400 [grpc-default-executor-0] INFO  client.GrpcClientProtocolClient (GrpcClientProtocolClient.java:onNext(255)) - client-729EAB8E4297->a9cb8897-0d38-4c59-817a-d67a8ba30c67: receive RaftClientReply:client-729EAB8E4297->a9cb8897-0d38-4c59-817a-d67a8ba30c67@group-A55F67FDC954, cid=2170, SUCCESS, logIndex=3226, commits[a9cb8897-0d38-4c59-817a-d67a8ba30c67:c3227, 41e21bac-56c9-465a-a1cc-bc71b3ab473c:c3223, 2bfdf505-3a1f-44eb-9843-3820b2477da1:c3223]
2019-09-05 19:10:45,400 [grpc-default-executor-0] INFO  client.GrpcClientProtocolClient (GrpcClientProtocolClient.java:onNext(255)) - client-729EAB8E4297->a9cb8897-0d38-4c59-817a-d67a8ba30c67: receive RaftClientReply:client-729EAB8E4297->a9cb8897-0d38-4c59-817a-d67a8ba30c67@group-A55F67FDC954, cid=2171, SUCCESS, logIndex=3227, commits[a9cb8897-0d38-4c59-817a-d67a8ba30c67:c3227, 41e21bac-56c9-465a-a1cc-bc71b3ab473c:c3223, 2bfdf505-3a1f-44eb-9843-3820b2477da1:c3223]
2019-09-05 19:10:45,411 [grpc-default-executor-0] INFO  client.GrpcClientProtocolClient (GrpcClientProtocolClient.java:onNext(255)) - client-729EAB8E4297->a9cb8897-0d38-4c59-817a-d67a8ba30c67: receive RaftClientReply:client-729EAB8E4297->a9cb8897-0d38-4c59-817a-d67a8ba30c67@group-A55F67FDC954, cid=2172, SUCCESS, logIndex=0, commits[a9cb8897-0d38-4c59-817a-d67a8ba30c67:c3229, 41e21bac-56c9-465a-a1cc-bc71b3ab473c:c3225, 2bfdf505-3a1f-44eb-9843-3820b2477da1:c3225]
2019-09-05 19:10:45,426 [grpc-default-executor-3] INFO  client.GrpcClientProtocolClient (GrpcClientProtocolClient.java:onNext(255)) - client-729EAB8E4297->a9cb8897-0d38-4c59-817a-d67a8ba30c67: receive RaftClientReply:client-729EAB8E4297->a9cb8897-0d38-4c59-817a-d67a8ba30c67@group-A55F67FDC954, cid=2173, SUCCESS, logIndex=3232, commits[a9cb8897-0d38-4c59-817a-d67a8ba30c67:c3233, 41e21bac-56c9-465a-a1cc-bc71b3ab473c:c3231, 2bfdf505-3a1f-44eb-9843-3820b2477da1:c3231]
2019-09-05 19:10:45,426 [grpc-default-executor-3] INFO  client.GrpcClientProtocolClient (GrpcClientProtocolClient.java:onNext(255)) - client-729EAB8E4297->a9cb8897-0d38-4c59-817a-d67a8ba30c67: receive RaftClientReply:client-729EAB8E4297->a9cb8897-0d38-4c59-817a-d67a8ba30c67@group-A55F67FDC954, cid=2174, SUCCESS, logIndex=3233, commits[a9cb8897-0d38-4c59-817a-d67a8ba30c67:c3233, 41e21bac-56c9-465a-a1cc-bc71b3ab473c:c3231, 2bfdf505-3a1f-44eb-9843-3820b2477da1:c3231]
2019-09-05 19:10:45,439 [grpc-default-executor-0] INFO  client.GrpcClientProtocolClient (GrpcClientProtocolClient.java:onNext(255)) - client-729EAB8E4297->a9cb8897-0d38-4c59-817a-d67a8ba30c67: receive RaftClientReply:client-729EAB8E4297->a9cb8897-0d38-4c59-817a-d67a8ba30c67@group-A55F67FDC954, cid=2175, SUCCESS, logIndex=3236, commits[a9cb8897-0d38-4c59-817a-d67a8ba30c67:c3237, 41e21bac-56c9-465a-a1cc-bc71b3ab473c:c3233, 2bfdf505-3a1f-44eb-9843-3820b2477da1:c3232]
2019-09-05 19:10:45,439 [grpc-default-executor-0] INFO  client.GrpcClientProtocolClient (GrpcClientProtocolClient.java:onNext(255)) - client-729EAB8E4297->a9cb8897-0d38-4c59-817a-d67a8ba30c67: receive RaftClientReply:client-729EAB8E4297->a9cb8897-0d38-4c59-817a-d67a8ba30c67@group-A55F67FDC954, cid=2176, SUCCESS, logIndex=3237, commits[a9cb8897-0d38-4c59-817a-d67a8ba30c67:c3237, 41e21bac-56c9-465a-a1cc-bc71b3ab473c:c3233, 2bfdf505-3a1f-44eb-9843-3820b2477da1:c3233]
2019-09-05 19:10:45,453 [grpc-default-executor-0] INFO  client.GrpcClientProtocolClient (GrpcClientProtocolClient.java:onNext(255)) - client-729EAB8E4297->a9cb8897-0d38-4c59-817a-d67a8ba30c67: receive RaftClientReply:client-729EAB8E4297->a9cb8897-0d38-4c59-817a-d67a8ba30c67@group-A55F67FDC954, cid=2177, SUCCESS, logIndex=0, commits[a9cb8897-0d38-4c59-817a-d67a8ba30c67:c3238, 41e21bac-56c9-465a-a1cc-bc71b3ab473c:c3237, 2bfdf505-3a1f-44eb-9843-3820b2477da1:c3237]
2019-09-05 19:10:45,485 [grpc-default-executor-2] INFO  client.GrpcClientProtocolClient (GrpcClientProtocolClient.java:onNext(255)) - client-729EAB8E4297->a9cb8897-0d38-4c59-817a-d67a8ba30c67: receive RaftClientReply:client-729EAB8E4297->a9cb8897-0d38-4c59-817a-d67a8ba30c67@group-A55F67FDC954, cid=2178, SUCCESS, logIndex=3240, commits[a9cb8897-0d38-4c59-817a-d67a8ba30c67:c3241, 41e21bac-56c9-465a-a1cc-bc71b3ab473c:c3239, 2bfdf505-3a1f-44eb-9843-3820b2477da1:c3239]
2019-09-05 19:10:45,486 [grpc-default-executor-2] INFO  client.GrpcClientProtocolClient (GrpcClientProtocolClient.java:onNext(255)) - client-729EAB8E4297->a9cb8897-0d38-4c59-817a-d67a8ba30c67: receive RaftClientReply:client-729EAB8E4297->a9cb8897-0d38-4c59-817a-d67a8ba30c67@group-A55F67FDC954, cid=2179, SUCCESS, logIndex=3241, commits[a9cb8897-0d38-4c59-817a-d67a8ba30c67:c3243, 41e21bac-56c9-465a-a1cc-bc71b3ab473c:c3239, 2bfdf505-3a1f-44eb-9843-3820b2477da1:c3239]
2019-09-05 19:10:45,486 [grpc-default-executor-2] INFO  client.GrpcClientProtocolClient (GrpcClientProtocolClient.java:onNext(255)) - client-729EAB8E4297->a9cb8897-0d38-4c59-817a-d67a8ba30c67: receive RaftClientReply:client-729EAB8E4297->a9cb8897-0d38-4c59-817a-d67a8ba30c67@group-A55F67FDC954, cid=2180, SUCCESS, logIndex=3242, commits[a9cb8897-0d38-4c59-817a-d67a8ba30c67:c3243, 41e21bac-56c9-465a-a1cc-bc71b3ab473c:c3239, 2bfdf505-3a1f-44eb-9843-3820b2477da1:c3239]
2019-09-05 19:10:45,487 [grpc-default-executor-2] INFO  client.GrpcClientProtocolClient (GrpcClientProtocolClient.java:onNext(255)) - client-729EAB8E4297->a9cb8897-0d38-4c59-817a-d67a8ba30c67: receive RaftClientReply:client-729EAB8E4297->a9cb8897-0d38-4c59-817a-d67a8ba30c67@group-A55F67FDC954, cid=2181, SUCCESS, logIndex=3243, commits[a9cb8897-0d38-4c59-817a-d67a8ba30c67:c3244, 41e21bac-56c9-465a-a1cc-bc71b3ab473c:c3241, 2bfdf505-3a1f-44eb-9843-3820b2477da1:c3239]
2019-09-05 19:10:45,488 [grpc-default-executor-0] INFO  client.GrpcClientProtocolClient (GrpcClientProtocolClient.java:onNext(255)) - client-729EAB8E4297->a9cb8897-0d38-4c59-817a-d67a8ba30c67: receive RaftClientReply:client-729EAB8E4297->a9cb8897-0d38-4c59-817a-d67a8ba30c67@group-A55F67FDC954, cid=2182, SUCCESS, logIndex=0, commits[a9cb8897-0d38-4c59-817a-d67a8ba30c67:c3247, 41e21bac-56c9-465a-a1cc-bc71b3ab473c:c3243, 2bfdf505-3a1f-44eb-9843-3820b2477da1:c3241]
2019-09-05 19:10:45,511 [grpc-default-executor-3] INFO  client.GrpcClientProtocolClient (GrpcClientProtocolClient.java:onNext(255)) - client-729EAB8E4297->a9cb8897-0d38-4c59-817a-d67a8ba30c67: receive RaftClientReply:client-729EAB8E4297->a9cb8897-0d38-4c59-817a-d67a8ba30c67@group-A55F67FDC954, cid=2183, SUCCESS, logIndex=3248, commits[a9cb8897-0d38-4c59-817a-d67a8ba30c67:c3249, 41e21bac-56c9-465a-a1cc-bc71b3ab473c:c3243, 2bfdf505-3a1f-44eb-9843-3820b2477da1:c3247]
2019-09-05 19:10:45,512 [grpc-default-executor-3] INFO  client.GrpcClientProtocolClient (GrpcClientProtocolClient.java:onNext(255)) - client-729EAB8E4297->a9cb8897-0d38-4c59-817a-d67a8ba30c67: receive RaftClientReply:client-729EAB8E4297->a9cb8897-0d38-4c59-817a-d67a8ba30c67@group-A55F67FDC954, cid=2184, SUCCESS, logIndex=3249, commits[a9cb8897-0d38-4c59-817a-d67a8ba30c67:c3249, 41e21bac-56c9-465a-a1cc-bc71b3ab473c:c3247, 2bfdf505-3a1f-44eb-9843-3820b2477da1:c3247]
2019-09-05 19:10:45,527 [grpc-default-executor-2] INFO  client.GrpcClientProtocolClient (GrpcClientProtocolClient.java:onNext(255)) - client-729EAB8E4297->a9cb8897-0d38-4c59-817a-d67a8ba30c67: receive RaftClientReply:client-729EAB8E4297->a9cb8897-0d38-4c59-817a-d67a8ba30c67@group-A55F67FDC954, cid=2185, SUCCESS, logIndex=3252, commits[a9cb8897-0d38-4c59-817a-d67a8ba30c67:c3253, 41e21bac-56c9-465a-a1cc-bc71b3ab473c:c3249, 2bfdf505-3a1f-44eb-9843-3820b2477da1:c3250]
2019-09-05 19:10:45,528 [grpc-default-executor-2] INFO  client.GrpcClientProtocolClient (GrpcClientProtocolClient.java:onNext(255)) - client-729EAB8E4297->a9cb8897-0d38-4c59-817a-d67a8ba30c67: receive RaftClientReply:client-729EAB8E4297->a9cb8897-0d38-4c59-817a-d67a8ba30c67@group-A55F67FDC954, cid=2186, SUCCESS, logIndex=3253, commits[a9cb8897-0d38-4c59-817a-d67a8ba30c67:c3253, 41e21bac-56c9-465a-a1cc-bc71b3ab473c:c3250, 2bfdf505-3a1f-44eb-9843-3820b2477da1:c3250]
2019-09-05 19:10:45,541 [grpc-default-executor-2] INFO  client.GrpcClientProtocolClient (GrpcClientProtocolClient.java:onNext(255)) - client-729EAB8E4297->a9cb8897-0d38-4c59-817a-d67a8ba30c67: receive RaftClientReply:client-729EAB8E4297->a9cb8897-0d38-4c59-817a-d67a8ba30c67@group-A55F67FDC954, cid=2187, SUCCESS, logIndex=0, commits[a9cb8897-0d38-4c59-817a-d67a8ba30c67:c3255, 41e21bac-56c9-465a-a1cc-bc71b3ab473c:c3253, 2bfdf505-3a1f-44eb-9843-3820b2477da1:c3253]
2019-09-05 19:10:45,573 [grpc-default-executor-0] INFO  client.GrpcClientProtocolClient (GrpcClientProtocolClient.java:onNext(255)) - client-729EAB8E4297->a9cb8897-0d38-4c59-817a-d67a8ba30c67: receive RaftClientReply:client-729EAB8E4297->a9cb8897-0d38-4c59-817a-d67a8ba30c67@group-A55F67FDC954, cid=2188, SUCCESS, logIndex=3256, commits[a9cb8897-0d38-4c59-817a-d67a8ba30c67:c3257, 41e21bac-56c9-465a-a1cc-bc71b3ab473c:c3255, 2bfdf505-3a1f-44eb-9843-3820b2477da1:c3255]
2019-09-05 19:10:45,574 [grpc-default-executor-0] INFO  client.GrpcClientProtocolClient (GrpcClientProtocolClient.java:onNext(255)) - client-729EAB8E4297->a9cb8897-0d38-4c59-817a-d67a8ba30c67: receive RaftClientReply:client-729EAB8E4297->a9cb8897-0d38-4c59-817a-d67a8ba30c67@group-A55F67FDC954, cid=2189, SUCCESS, logIndex=3257, commits[a9cb8897-0d38-4c59-817a-d67a8ba30c67:c3257, 41e21bac-56c9-465a-a1cc-bc71b3ab473c:c3255, 2bfdf505-3a1f-44eb-9843-3820b2477da1:c3255]
2019-09-05 19:10:45,574 [grpc-default-executor-0] INFO  client.GrpcClientProtocolClient (GrpcClientProtocolClient.java:onNext(255)) - client-729EAB8E4297->a9cb8897-0d38-4c59-817a-d67a8ba30c67: receive RaftClientReply:client-729EAB8E4297->a9cb8897-0d38-4c59-817a-d67a8ba30c67@group-A55F67FDC954, cid=2190, SUCCESS, logIndex=3258, commits[a9cb8897-0d38-4c59-817a-d67a8ba30c67:c3259, 41e21bac-56c9-465a-a1cc-bc71b3ab473c:c3255, 2bfdf505-3a1f-44eb-9843-3820b2477da1:c3255]
2019-09-05 19:10:45,575 [grpc-default-executor-0] INFO  client.GrpcClientProtocolClient (GrpcClientProtocolClient.java:onNext(255)) - client-729EAB8E4297->a9cb8897-0d38-4c59-817a-d67a8ba30c67: receive RaftClientReply:client-729EAB8E4297->a9cb8897-0d38-4c59-817a-d67a8ba30c67@group-A55F67FDC954, cid=2191, SUCCESS, logIndex=3259, commits[a9cb8897-0d38-4c59-817a-d67a8ba30c67:c3259, 41e21bac-56c9-465a-a1cc-bc71b3ab473c:c3255, 2bfdf505-3a1f-44eb-9843-3820b2477da1:c3255]
2019-09-05 19:10:45,588 [grpc-default-executor-0] INFO  client.GrpcClientProtocolClient (GrpcClientProtocolClient.java:onNext(255)) - client-729EAB8E4297->a9cb8897-0d38-4c59-817a-d67a8ba30c67: receive RaftClientReply:client-729EAB8E4297->a9cb8897-0d38-4c59-817a-d67a8ba30c67@group-A55F67FDC954, cid=2192, SUCCESS, logIndex=0, commits[a9cb8897-0d38-4c59-817a-d67a8ba30c67:c3261, 41e21bac-56c9-465a-a1cc-bc71b3ab473c:c3257, 2bfdf505-3a1f-44eb-9843-3820b2477da1:c3257]
2019-09-05 19:10:45,602 [grpc-default-executor-0] INFO  client.GrpcClientProtocolClient (GrpcClientProtocolClient.java:onNext(255)) - client-729EAB8E4297->a9cb8897-0d38-4c59-817a-d67a8ba30c67: receive RaftClientReply:client-729EAB8E4297->a9cb8897-0d38-4c59-817a-d67a8ba30c67@group-A55F67FDC954, cid=2193, SUCCESS, logIndex=3264, commits[a9cb8897-0d38-4c59-817a-d67a8ba30c67:c3265, 41e21bac-56c9-465a-a1cc-bc71b3ab473c:c3263, 2bfdf505-3a1f-44eb-9843-3820b2477da1:c3259]
2019-09-05 19:10:45,602 [grpc-default-executor-0] INFO  client.GrpcClientProtocolClient (GrpcClientProtocolClient.java:onNext(255)) - client-729EAB8E4297->a9cb8897-0d38-4c59-817a-d67a8ba30c67: receive RaftClientReply:client-729EAB8E4297->a9cb8897-0d38-4c59-817a-d67a8ba30c67@group-A55F67FDC954, cid=2194, SUCCESS, logIndex=3265, commits[a9cb8897-0d38-4c59-817a-d67a8ba30c67:c3265, 41e21bac-56c9-465a-a1cc-bc71b3ab473c:c3263, 2bfdf505-3a1f-44eb-9843-3820b2477da1:c3263]
2019-09-05 19:10:45,615 [grpc-default-executor-3] INFO  client.GrpcClientProtocolClient (GrpcClientProtocolClient.java:onNext(255)) - client-729EAB8E4297->a9cb8897-0d38-4c59-817a-d67a8ba30c67: receive RaftClientReply:client-729EAB8E4297->a9cb8897-0d38-4c59-817a-d67a8ba30c67@group-A55F67FDC954, cid=2195, SUCCESS, logIndex=3267, commits[a9cb8897-0d38-4c59-817a-d67a8ba30c67:c3268, 41e21bac-56c9-465a-a1cc-bc71b3ab473c:c3266, 2bfdf505-3a1f-44eb-9843-3820b2477da1:c3266]
2019-09-05 19:10:45,616 [grpc-default-executor-3] INFO  client.GrpcClientProtocolClient (GrpcClientProtocolClient.java:onNext(255)) - client-729EAB8E4297->a9cb8897-0d38-4c59-817a-d67a8ba30c67: receive RaftClientReply:client-729EAB8E4297->a9cb8897-0d38-4c59-817a-d67a8ba30c67@group-A55F67FDC954, cid=2196, SUCCESS, logIndex=3268, commits[a9cb8897-0d38-4c59-817a-d67a8ba30c67:c3268, 41e21bac-56c9-465a-a1cc-bc71b3ab473c:c3266, 2bfdf505-3a1f-44eb-9843-3820b2477da1:c3266]
2019-09-05 19:10:45,764 [grpc-default-executor-3] INFO  client.GrpcClientProtocolClient (GrpcClientProtocolClient.java:onNext(255)) - client-729EAB8E4297->a9cb8897-0d38-4c59-817a-d67a8ba30c67: receive RaftClientReply:client-729EAB8E4297->a9cb8897-0d38-4c59-817a-d67a8ba30c67@group-A55F67FDC954, cid=2197, SUCCESS, logIndex=0, commits[a9cb8897-0d38-4c59-817a-d67a8ba30c67:c3269, 41e21bac-56c9-465a-a1cc-bc71b3ab473c:c3268, 2bfdf505-3a1f-44eb-9843-3820b2477da1:c3268]
2019-09-05 19:10:45,801 [grpc-default-executor-2] INFO  client.GrpcClientProtocolClient (GrpcClientProtocolClient.java:onNext(255)) - client-729EAB8E4297->a9cb8897-0d38-4c59-817a-d67a8ba30c67: receive RaftClientReply:client-729EAB8E4297->a9cb8897-0d38-4c59-817a-d67a8ba30c67@group-A55F67FDC954, cid=2198, SUCCESS, logIndex=3271, commits[a9cb8897-0d38-4c59-817a-d67a8ba30c67:c3272, 41e21bac-56c9-465a-a1cc-bc71b3ab473c:c3270, 2bfdf505-3a1f-44eb-9843-3820b2477da1:c3270]
2019-09-05 19:10:45,801 [grpc-default-executor-2] INFO  client.GrpcClientProtocolClient (GrpcClientProtocolClient.java:onNext(255)) - client-729EAB8E4297->a9cb8897-0d38-4c59-817a-d67a8ba30c67: receive RaftClientReply:client-729EAB8E4297->a9cb8897-0d38-4c59-817a-d67a8ba30c67@group-A55F67FDC954, cid=2199, SUCCESS, logIndex=3272, commits[a9cb8897-0d38-4c59-817a-d67a8ba30c67:c3274, 41e21bac-56c9-465a-a1cc-bc71b3ab473c:c3270, 2bfdf505-3a1f-44eb-9843-3820b2477da1:c3270]
2019-09-05 19:10:45,801 [grpc-default-executor-2] INFO  client.GrpcClientProtocolClient (GrpcClientProtocolClient.java:onNext(255)) - client-729EAB8E4297->a9cb8897-0d38-4c59-817a-d67a8ba30c67: receive RaftClientReply:client-729EAB8E4297->a9cb8897-0d38-4c59-817a-d67a8ba30c67@group-A55F67FDC954, cid=2200, SUCCESS, logIndex=3273, commits[a9cb8897-0d38-4c59-817a-d67a8ba30c67:c3274, 41e21bac-56c9-465a-a1cc-bc71b3ab473c:c3270, 2bfdf505-3a1f-44eb-9843-3820b2477da1:c3270]
2019-09-05 19:10:45,802 [grpc-default-executor-2] INFO  client.GrpcClientProtocolClient (GrpcClientProtocolClient.java:onNext(255)) - client-729EAB8E4297->a9cb8897-0d38-4c59-817a-d67a8ba30c67: receive RaftClientReply:client-729EAB8E4297->a9cb8897-0d38-4c59-817a-d67a8ba30c67@group-A55F67FDC954, cid=2201, SUCCESS, logIndex=3274, commits[a9cb8897-0d38-4c59-817a-d67a8ba30c67:c3274, 41e21bac-56c9-465a-a1cc-bc71b3ab473c:c3270, 2bfdf505-3a1f-44eb-9843-3820b2477da1:c3270]
2019-09-05 19:10:45,817 [grpc-default-executor-2] INFO  client.GrpcClientProtocolClient (GrpcClientProtocolClient.java:onNext(255)) - client-729EAB8E4297->a9cb8897-0d38-4c59-817a-d67a8ba30c67: receive RaftClientReply:client-729EAB8E4297->a9cb8897-0d38-4c59-817a-d67a8ba30c67@group-A55F67FDC954, cid=2202, SUCCESS, logIndex=0, commits[a9cb8897-0d38-4c59-817a-d67a8ba30c67:c3275, 41e21bac-56c9-465a-a1cc-bc71b3ab473c:c3272, 2bfdf505-3a1f-44eb-9843-3820b2477da1:c3272]
2019-09-05 19:10:45,842 [grpc-default-executor-0] INFO  client.GrpcClientProtocolClient (GrpcClientProtocolClient.java:onNext(255)) - client-729EAB8E4297->a9cb8897-0d38-4c59-817a-d67a8ba30c67: receive RaftClientReply:client-729EAB8E4297->a9cb8897-0d38-4c59-817a-d67a8ba30c67@group-A55F67FDC954, cid=2203, SUCCESS, logIndex=3278, commits[a9cb8897-0d38-4c59-817a-d67a8ba30c67:c3279, 41e21bac-56c9-465a-a1cc-bc71b3ab473c:c3275, 2bfdf505-3a1f-44eb-9843-3820b2477da1:c3275]
2019-09-05 19:10:45,843 [grpc-default-executor-0] INFO  client.GrpcClientProtocolClient (GrpcClientProtocolClient.java:onNext(255)) - client-729EAB8E4297->a9cb8897-0d38-4c59-817a-d67a8ba30c67: receive RaftClientReply:client-729EAB8E4297->a9cb8897-0d38-4c59-817a-d67a8ba30c67@group-A55F67FDC954, cid=2204, SUCCESS, logIndex=3279, commits[a9cb8897-0d38-4c59-817a-d67a8ba30c67:c3279, 41e21bac-56c9-465a-a1cc-bc71b3ab473c:c3275, 2bfdf505-3a1f-44eb-9843-3820b2477da1:c3275]
2019-09-05 19:10:45,866 [grpc-default-executor-0] INFO  client.GrpcClientProtocolClient (GrpcClientProtocolClient.java:onNext(255)) - client-729EAB8E4297->a9cb8897-0d38-4c59-817a-d67a8ba30c67: receive RaftClientReply:client-729EAB8E4297->a9cb8897-0d38-4c59-817a-d67a8ba30c67@group-A55F67FDC954, cid=2205, SUCCESS, logIndex=3282, commits[a9cb8897-0d38-4c59-817a-d67a8ba30c67:c3283, 41e21bac-56c9-465a-a1cc-bc71b3ab473c:c3279, 2bfdf505-3a1f-44eb-9843-3820b2477da1:c3279]
2019-09-05 19:10:45,867 [grpc-default-executor-0] INFO  client.GrpcClientProtocolClient (GrpcClientProtocolClient.java:onNext(255)) - client-729EAB8E4297->a9cb8897-0d38-4c59-817a-d67a8ba30c67: receive RaftClientReply:client-729EAB8E4297->a9cb8897-0d38-4c59-817a-d67a8ba30c67@group-A55F67FDC954, cid=2206, SUCCESS, logIndex=3283, commits[a9cb8897-0d38-4c59-817a-d67a8ba30c67:c3283, 41e21bac-56c9-465a-a1cc-bc71b3ab473c:c3279, 2bfdf505-3a1f-44eb-9843-3820b2477da1:c3279]
2019-09-05 19:10:45,869 [grpc-default-executor-2] INFO  client.GrpcClientProtocolClient (GrpcClientProtocolClient.java:onNext(255)) - client-729EAB8E4297->a9cb8897-0d38-4c59-817a-d67a8ba30c67: receive RaftClientReply:client-729EAB8E4297->a9cb8897-0d38-4c59-817a-d67a8ba30c67@group-A55F67FDC954, cid=2207, SUCCESS, logIndex=0, commits[a9cb8897-0d38-4c59-817a-d67a8ba30c67:c3284, 41e21bac-56c9-465a-a1cc-bc71b3ab473c:c3283, 2bfdf505-3a1f-44eb-9843-3820b2477da1:c3283]
2019-09-05 19:10:45,901 [grpc-default-executor-2] INFO  client.GrpcClientProtocolClient (GrpcClientProtocolClient.java:onNext(255)) - client-729EAB8E4297->a9cb8897-0d38-4c59-817a-d67a8ba30c67: receive RaftClientReply:client-729EAB8E4297->a9cb8897-0d38-4c59-817a-d67a8ba30c67@group-A55F67FDC954, cid=2208, SUCCESS, logIndex=3286, commits[a9cb8897-0d38-4c59-817a-d67a8ba30c67:c3287, 41e21bac-56c9-465a-a1cc-bc71b3ab473c:c3285, 2bfdf505-3a1f-44eb-9843-3820b2477da1:c3285]
2019-09-05 19:10:45,902 [grpc-default-executor-2] INFO  client.GrpcClientProtocolClient (GrpcClientProtocolClient.java:onNext(255)) - client-729EAB8E4297->a9cb8897-0d38-4c59-817a-d67a8ba30c67: receive RaftClientReply:client-729EAB8E4297->a9cb8897-0d38-4c59-817a-d67a8ba30c67@group-A55F67FDC954, cid=2209, SUCCESS, logIndex=3287, commits[a9cb8897-0d38-4c59-817a-d67a8ba30c67:c3287, 41e21bac-56c9-465a-a1cc-bc71b3ab473c:c3285, 2bfdf505-3a1f-44eb-9843-3820b2477da1:c3285]
2019-09-05 19:10:45,914 [grpc-default-executor-2] INFO  client.GrpcClientProtocolClient (GrpcClientProtocolClient.java:onNext(255)) - client-729EAB8E4297->a9cb8897-0d38-4c59-817a-d67a8ba30c67: receive RaftClientReply:client-729EAB8E4297->a9cb8897-0d38-4c59-817a-d67a8ba30c67@group-A55F67FDC954, cid=2210, SUCCESS, logIndex=3288, commits[a9cb8897-0d38-4c59-817a-d67a8ba30c67:c3289, 41e21bac-56c9-465a-a1cc-bc71b3ab473c:c3285, 2bfdf505-3a1f-44eb-9843-3820b2477da1:c3285]
2019-09-05 19:10:45,914 [grpc-default-executor-2] INFO  client.GrpcClientProtocolClient (GrpcClientProtocolClient.java:onNext(255)) - client-729EAB8E4297->a9cb8897-0d38-4c59-817a-d67a8ba30c67: receive RaftClientReply:client-729EAB8E4297->a9cb8897-0d38-4c59-817a-d67a8ba30c67@group-A55F67FDC954, cid=2211, SUCCESS, logIndex=3289, commits[a9cb8897-0d38-4c59-817a-d67a8ba30c67:c3289, 41e21bac-56c9-465a-a1cc-bc71b3ab473c:c3285, 2bfdf505-3a1f-44eb-9843-3820b2477da1:c3285]
2019-09-05 19:10:45,926 [grpc-default-executor-2] INFO  client.GrpcClientProtocolClient (GrpcClientProtocolClient.java:onNext(255)) - client-729EAB8E4297->a9cb8897-0d38-4c59-817a-d67a8ba30c67: receive RaftClientReply:client-729EAB8E4297->a9cb8897-0d38-4c59-817a-d67a8ba30c67@group-A55F67FDC954, cid=2212, SUCCESS, logIndex=0, commits[a9cb8897-0d38-4c59-817a-d67a8ba30c67:c3290, 41e21bac-56c9-465a-a1cc-bc71b3ab473c:c3287, 2bfdf505-3a1f-44eb-9843-3820b2477da1:c3287]
2019-09-05 19:10:45,940 [grpc-default-executor-2] INFO  client.GrpcClientProtocolClient (GrpcClientProtocolClient.java:onNext(255)) - client-729EAB8E4297->a9cb8897-0d38-4c59-817a-d67a8ba30c67: receive RaftClientReply:client-729EAB8E4297->a9cb8897-0d38-4c59-817a-d67a8ba30c67@group-A55F67FDC954, cid=2213, SUCCESS, logIndex=3294, commits[a9cb8897-0d38-4c59-817a-d67a8ba30c67:c3295, 41e21bac-56c9-465a-a1cc-bc71b3ab473c:c3291, 2bfdf505-3a1f-44eb-9843-3820b2477da1:c3289]
2019-09-05 19:10:45,940 [grpc-default-executor-2] INFO  client.GrpcClientProtocolClient (GrpcClientProtocolClient.java:onNext(255)) - client-729EAB8E4297->a9cb8897-0d38-4c59-817a-d67a8ba30c67: receive RaftClientReply:client-729EAB8E4297->a9cb8897-0d38-4c59-817a-d67a8ba30c67@group-A55F67FDC954, cid=2214, SUCCESS, logIndex=3295, commits[a9cb8897-0d38-4c59-817a-d67a8ba30c67:c3295, 41e21bac-56c9-465a-a1cc-bc71b3ab473c:c3291, 2bfdf505-3a1f-44eb-9843-3820b2477da1:c3289]
2019-09-05 19:10:45,978 [grpc-default-executor-0] INFO  client.GrpcClientProtocolClient (GrpcClientProtocolClient.java:onNext(255)) - client-729EAB8E4297->a9cb8897-0d38-4c59-817a-d67a8ba30c67: receive RaftClientReply:client-729EAB8E4297->a9cb8897-0d38-4c59-817a-d67a8ba30c67@group-A55F67FDC954, cid=2215, SUCCESS, logIndex=3298, commits[a9cb8897-0d38-4c59-817a-d67a8ba30c67:c3299, 41e21bac-56c9-465a-a1cc-bc71b3ab473c:c3296, 2bfdf505-3a1f-44eb-9843-3820b2477da1:c3296]
2019-09-05 19:10:45,979 [grpc-default-executor-0] INFO  client.GrpcClientProtocolClient (GrpcClientProtocolClient.java:onNext(255)) - client-729EAB8E4297->a9cb8897-0d38-4c59-817a-d67a8ba30c67: receive RaftClientReply:client-729EAB8E4297->a9cb8897-0d38-4c59-817a-d67a8ba30c67@group-A55F67FDC954, cid=2216, SUCCESS, logIndex=3299, commits[a9cb8897-0d38-4c59-817a-d67a8ba30c67:c3299, 41e21bac-56c9-465a-a1cc-bc71b3ab473c:c3296, 2bfdf505-3a1f-44eb-9843-3820b2477da1:c3296]
2019-09-05 19:10:45,990 [grpc-default-executor-0] INFO  client.GrpcClientProtocolClient (GrpcClientProtocolClient.java:onNext(255)) - client-729EAB8E4297->a9cb8897-0d38-4c59-817a-d67a8ba30c67: receive RaftClientReply:client-729EAB8E4297->a9cb8897-0d38-4c59-817a-d67a8ba30c67@group-A55F67FDC954, cid=2217, SUCCESS, logIndex=0, commits[a9cb8897-0d38-4c59-817a-d67a8ba30c67:c3300, 41e21bac-56c9-465a-a1cc-bc71b3ab473c:c3299, 2bfdf505-3a1f-44eb-9843-3820b2477da1:c3299]
2019-09-05 19:10:46,019 [grpc-default-executor-2] INFO  client.GrpcClientProtocolClient (GrpcClientProtocolClient.java:onNext(255)) - client-729EAB8E4297->a9cb8897-0d38-4c59-817a-d67a8ba30c67: receive RaftClientReply:client-729EAB8E4297->a9cb8897-0d38-4c59-817a-d67a8ba30c67@group-A55F67FDC954, cid=2218, SUCCESS, logIndex=3302, commits[a9cb8897-0d38-4c59-817a-d67a8ba30c67:c3303, 41e21bac-56c9-465a-a1cc-bc71b3ab473c:c3301, 2bfdf505-3a1f-44eb-9843-3820b2477da1:c3301]
2019-09-05 19:10:46,020 [grpc-default-executor-2] INFO  client.GrpcClientProtocolClient (GrpcClientProtocolClient.java:onNext(255)) - client-729EAB8E4297->a9cb8897-0d38-4c59-817a-d67a8ba30c67: receive RaftClientReply:client-729EAB8E4297->a9cb8897-0d38-4c59-817a-d67a8ba30c67@group-A55F67FDC954, cid=2219, SUCCESS, logIndex=3303, commits[a9cb8897-0d38-4c59-817a-d67a8ba30c67:c3303, 41e21bac-56c9-465a-a1cc-bc71b3ab473c:c3301, 2bfdf505-3a1f-44eb-9843-3820b2477da1:c3301]
2019-09-05 19:10:46,021 [grpc-default-executor-0] INFO  client.GrpcClientProtocolClient (GrpcClientProtocolClient.java:onNext(255)) - client-729EAB8E4297->a9cb8897-0d38-4c59-817a-d67a8ba30c67: receive RaftClientReply:client-729EAB8E4297->a9cb8897-0d38-4c59-817a-d67a8ba30c67@group-A55F67FDC954, cid=2220, SUCCESS, logIndex=3304, commits[a9cb8897-0d38-4c59-817a-d67a8ba30c67:c3305, 41e21bac-56c9-465a-a1cc-bc71b3ab473c:c3301, 2bfdf505-3a1f-44eb-9843-3820b2477da1:c3301]
2019-09-05 19:10:46,021 [grpc-default-executor-0] INFO  client.GrpcClientProtocolClient (GrpcClientProtocolClient.java:onNext(255)) - client-729EAB8E4297->a9cb8897-0d38-4c59-817a-d67a8ba30c67: receive RaftClientReply:client-729EAB8E4297->a9cb8897-0d38-4c59-817a-d67a8ba30c67@group-A55F67FDC954, cid=2221, SUCCESS, logIndex=3305, commits[a9cb8897-0d38-4c59-817a-d67a8ba30c67:c3305, 41e21bac-56c9-465a-a1cc-bc71b3ab473c:c3301, 2bfdf505-3a1f-44eb-9843-3820b2477da1:c3301]
2019-09-05 19:10:46,033 [grpc-default-executor-0] INFO  client.GrpcClientProtocolClient (GrpcClientProtocolClient.java:onNext(255)) - client-729EAB8E4297->a9cb8897-0d38-4c59-817a-d67a8ba30c67: receive RaftClientReply:client-729EAB8E4297->a9cb8897-0d38-4c59-817a-d67a8ba30c67@group-A55F67FDC954, cid=2222, SUCCESS, logIndex=0, commits[a9cb8897-0d38-4c59-817a-d67a8ba30c67:c3306, 41e21bac-56c9-465a-a1cc-bc71b3ab473c:c3303, 2bfdf505-3a1f-44eb-9843-3820b2477da1:c3303]
2019-09-05 19:10:46,052 [grpc-default-executor-2] INFO  client.GrpcClientProtocolClient (GrpcClientProtocolClient.java:onNext(255)) - client-729EAB8E4297->a9cb8897-0d38-4c59-817a-d67a8ba30c67: receive RaftClientReply:client-729EAB8E4297->a9cb8897-0d38-4c59-817a-d67a8ba30c67@group-A55F67FDC954, cid=2223, SUCCESS, logIndex=3310, commits[a9cb8897-0d38-4c59-817a-d67a8ba30c67:c3311, 41e21bac-56c9-465a-a1cc-bc71b3ab473c:c3309, 2bfdf505-3a1f-44eb-9843-3820b2477da1:c3309]
2019-09-05 19:10:46,052 [grpc-default-executor-2] INFO  client.GrpcClientProtocolClient (GrpcClientProtocolClient.java:onNext(255)) - client-729EAB8E4297->a9cb8897-0d38-4c59-817a-d67a8ba30c67: receive RaftClientReply:client-729EAB8E4297->a9cb8897-0d38-4c59-817a-d67a8ba30c67@group-A55F67FDC954, cid=2224, SUCCESS, logIndex=3311, commits[a9cb8897-0d38-4c59-817a-d67a8ba30c67:c3311, 41e21bac-56c9-465a-a1cc-bc71b3ab473c:c3309, 2bfdf505-3a1f-44eb-9843-3820b2477da1:c3309]
2019-09-05 19:10:46,067 [grpc-default-executor-3] INFO  client.GrpcClientProtocolClient (GrpcClientProtocolClient.java:onNext(255)) - client-729EAB8E4297->a9cb8897-0d38-4c59-817a-d67a8ba30c67: receive RaftClientReply:client-729EAB8E4297->a9cb8897-0d38-4c59-817a-d67a8ba30c67@group-A55F67FDC954, cid=2225, SUCCESS, logIndex=3314, commits[a9cb8897-0d38-4c59-817a-d67a8ba30c67:c3314, 41e21bac-56c9-465a-a1cc-bc71b3ab473c:c3311, 2bfdf505-3a1f-44eb-9843-3820b2477da1:c3311]
2019-09-05 19:10:46,067 [grpc-default-executor-3] INFO  client.GrpcClientProtocolClient (GrpcClientProtocolClient.java:onNext(255)) - client-729EAB8E4297->a9cb8897-0d38-4c59-817a-d67a8ba30c67: receive RaftClientReply:client-729EAB8E4297->a9cb8897-0d38-4c59-817a-d67a8ba30c67@group-A55F67FDC954, cid=2226, SUCCESS, logIndex=3315, commits[a9cb8897-0d38-4c59-817a-d67a8ba30c67:c3315, 41e21bac-56c9-465a-a1cc-bc71b3ab473c:c3311, 2bfdf505-3a1f-44eb-9843-3820b2477da1:c3311]
2019-09-05 19:10:46,092 [grpc-default-executor-3] INFO  client.GrpcClientProtocolClient (GrpcClientProtocolClient.java:onNext(255)) - client-729EAB8E4297->a9cb8897-0d38-4c59-817a-d67a8ba30c67: receive RaftClientReply:client-729EAB8E4297->a9cb8897-0d38-4c59-817a-d67a8ba30c67@group-A55F67FDC954, cid=2227, SUCCESS, logIndex=0, commits[a9cb8897-0d38-4c59-817a-d67a8ba30c67:c3317, 41e21bac-56c9-465a-a1cc-bc71b3ab473c:c3315, 2bfdf505-3a1f-44eb-9843-3820b2477da1:c3315]
2019-09-05 19:10:46,122 [grpc-default-executor-1] INFO  client.GrpcClientProtocolClient (GrpcClientProtocolClient.java:onNext(255)) - client-729EAB8E4297->a9cb8897-0d38-4c59-817a-d67a8ba30c67: receive RaftClientReply:client-729EAB8E4297->a9cb8897-0d38-4c59-817a-d67a8ba30c67@group-A55F67FDC954, cid=2228, SUCCESS, logIndex=3318, commits[a9cb8897-0d38-4c59-817a-d67a8ba30c67:c3318, 41e21bac-56c9-465a-a1cc-bc71b3ab473c:c3317, 2bfdf505-3a1f-44eb-9843-3820b2477da1:c3317]
2019-09-05 19:10:46,132 [grpc-default-executor-2] INFO  client.GrpcClientProtocolClient (GrpcClientProtocolClient.java:onNext(255)) - client-729EAB8E4297->a9cb8897-0d38-4c59-817a-d67a8ba30c67: receive RaftClientReply:client-729EAB8E4297->a9cb8897-0d38-4c59-817a-d67a8ba30c67@group-A55F67FDC954, cid=2229, SUCCESS, logIndex=3319, commits[a9cb8897-0d38-4c59-817a-d67a8ba30c67:c3321, 41e21bac-56c9-465a-a1cc-bc71b3ab473c:c3317, 2bfdf505-3a1f-44eb-9843-3820b2477da1:c3317]
2019-09-05 19:10:46,133 [grpc-default-executor-1] INFO  client.GrpcClientProtocolClient (GrpcClientProtocolClient.java:onNext(255)) - client-729EAB8E4297->a9cb8897-0d38-4c59-817a-d67a8ba30c67: receive RaftClientReply:client-729EAB8E4297->a9cb8897-0d38-4c59-817a-d67a8ba30c67@group-A55F67FDC954, cid=2230, SUCCESS, logIndex=3320, commits[a9cb8897-0d38-4c59-817a-d67a8ba30c67:c3321, 41e21bac-56c9-465a-a1cc-bc71b3ab473c:c3317, 2bfdf505-3a1f-44eb-9843-3820b2477da1:c3317]
2019-09-05 19:10:46,133 [grpc-default-executor-1] INFO  client.GrpcClientProtocolClient (GrpcClientProtocolClient.java:onNext(255)) - client-729EAB8E4297->a9cb8897-0d38-4c59-817a-d67a8ba30c67: receive RaftClientReply:client-729EAB8E4297->a9cb8897-0d38-4c59-817a-d67a8ba30c67@group-A55F67FDC954, cid=2231, SUCCESS, logIndex=3321, commits[a9cb8897-0d38-4c59-817a-d67a8ba30c67:c3322, 41e21bac-56c9-465a-a1cc-bc71b3ab473c:c3318, 2bfdf505-3a1f-44eb-9843-3820b2477da1:c3317]
2019-09-05 19:10:46,136 [grpc-default-executor-1] INFO  client.GrpcClientProtocolClient (GrpcClientProtocolClient.java:onNext(255)) - client-729EAB8E4297->a9cb8897-0d38-4c59-817a-d67a8ba30c67: receive RaftClientReply:client-729EAB8E4297->a9cb8897-0d38-4c59-817a-d67a8ba30c67@group-A55F67FDC954, cid=2232, SUCCESS, logIndex=0, commits[a9cb8897-0d38-4c59-817a-d67a8ba30c67:c3324, 41e21bac-56c9-465a-a1cc-bc71b3ab473c:c3321, 2bfdf505-3a1f-44eb-9843-3820b2477da1:c3321]
2019-09-05 19:10:46,157 [grpc-default-executor-3] INFO  client.GrpcClientProtocolClient (GrpcClientProtocolClient.java:onNext(255)) - client-729EAB8E4297->a9cb8897-0d38-4c59-817a-d67a8ba30c67: receive RaftClientReply:client-729EAB8E4297->a9cb8897-0d38-4c59-817a-d67a8ba30c67@group-A55F67FDC954, cid=2233, SUCCESS, logIndex=3325, commits[a9cb8897-0d38-4c59-817a-d67a8ba30c67:c3326, 41e21bac-56c9-465a-a1cc-bc71b3ab473c:c3324, 2bfdf505-3a1f-44eb-9843-3820b2477da1:c3324]
2019-09-05 19:10:46,158 [grpc-default-executor-3] INFO  client.GrpcClientProtocolClient (GrpcClientProtocolClient.java:onNext(255)) - client-729EAB8E4297->a9cb8897-0d38-4c59-817a-d67a8ba30c67: receive RaftClientReply:client-729EAB8E4297->a9cb8897-0d38-4c59-817a-d67a8ba30c67@group-A55F67FDC954, cid=2234, SUCCESS, logIndex=3326, commits[a9cb8897-0d38-4c59-817a-d67a8ba30c67:c3326, 41e21bac-56c9-465a-a1cc-bc71b3ab473c:c3324, 2bfdf505-3a1f-44eb-9843-3820b2477da1:c3324]
2019-09-05 19:10:46,172 [grpc-default-executor-0] INFO  client.GrpcClientProtocolClient (GrpcClientProtocolClient.java:onNext(255)) - client-729EAB8E4297->a9cb8897-0d38-4c59-817a-d67a8ba30c67: receive RaftClientReply:client-729EAB8E4297->a9cb8897-0d38-4c59-817a-d67a8ba30c67@group-A55F67FDC954, cid=2235, SUCCESS, logIndex=3329, commits[a9cb8897-0d38-4c59-817a-d67a8ba30c67:c3330, 41e21bac-56c9-465a-a1cc-bc71b3ab473c:c3326, 2bfdf505-3a1f-44eb-9843-3820b2477da1:c3326]
2019-09-05 19:10:46,173 [grpc-default-executor-0] INFO  client.GrpcClientProtocolClient (GrpcClientProtocolClient.java:onNext(255)) - client-729EAB8E4297->a9cb8897-0d38-4c59-817a-d67a8ba30c67: receive RaftClientReply:client-729EAB8E4297->a9cb8897-0d38-4c59-817a-d67a8ba30c67@group-A55F67FDC954, cid=2236, SUCCESS, logIndex=3330, commits[a9cb8897-0d38-4c59-817a-d67a8ba30c67:c3330, 41e21bac-56c9-465a-a1cc-bc71b3ab473c:c3326, 2bfdf505-3a1f-44eb-9843-3820b2477da1:c3326]
2019-09-05 19:10:46,190 [grpc-default-executor-0] INFO  client.GrpcClientProtocolClient (GrpcClientProtocolClient.java:onNext(255)) - client-729EAB8E4297->a9cb8897-0d38-4c59-817a-d67a8ba30c67: receive RaftClientReply:client-729EAB8E4297->a9cb8897-0d38-4c59-817a-d67a8ba30c67@group-A55F67FDC954, cid=2237, SUCCESS, logIndex=0, commits[a9cb8897-0d38-4c59-817a-d67a8ba30c67:c3331, 41e21bac-56c9-465a-a1cc-bc71b3ab473c:c3330, 2bfdf505-3a1f-44eb-9843-3820b2477da1:c3330]
2019-09-05 19:10:46,219 [grpc-default-executor-3] INFO  client.GrpcClientProtocolClient (GrpcClientProtocolClient.java:onNext(255)) - client-729EAB8E4297->a9cb8897-0d38-4c59-817a-d67a8ba30c67: receive RaftClientReply:client-729EAB8E4297->a9cb8897-0d38-4c59-817a-d67a8ba30c67@group-A55F67FDC954, cid=2238, SUCCESS, logIndex=3333, commits[a9cb8897-0d38-4c59-817a-d67a8ba30c67:c3334, 41e21bac-56c9-465a-a1cc-bc71b3ab473c:c3332, 2bfdf505-3a1f-44eb-9843-3820b2477da1:c3332]
2019-09-05 19:10:46,220 [grpc-default-executor-3] INFO  client.GrpcClientProtocolClient (GrpcClientProtocolClient.java:onNext(255)) - client-729EAB8E4297->a9cb8897-0d38-4c59-817a-d67a8ba30c67: receive RaftClientReply:client-729EAB8E4297->a9cb8897-0d38-4c59-817a-d67a8ba30c67@group-A55F67FDC954, cid=2239, SUCCESS, logIndex=3334, commits[a9cb8897-0d38-4c59-817a-d67a8ba30c67:c3334, 41e21bac-56c9-465a-a1cc-bc71b3ab473c:c3332, 2bfdf505-3a1f-44eb-9843-3820b2477da1:c3332]
2019-09-05 19:10:46,228 [grpc-default-executor-3] INFO  client.GrpcClientProtocolClient (GrpcClientProtocolClient.java:onNext(255)) - client-729EAB8E4297->a9cb8897-0d38-4c59-817a-d67a8ba30c67: receive RaftClientReply:client-729EAB8E4297->a9cb8897-0d38-4c59-817a-d67a8ba30c67@group-A55F67FDC954, cid=2240, SUCCESS, logIndex=3335, commits[a9cb8897-0d38-4c59-817a-d67a8ba30c67:c3336, 41e21bac-56c9-465a-a1cc-bc71b3ab473c:c3332, 2bfdf505-3a1f-44eb-9843-3820b2477da1:c3332]
2019-09-05 19:10:46,229 [grpc-default-executor-2] INFO  client.GrpcClientProtocolClient (GrpcClientProtocolClient.java:onNext(255)) - client-729EAB8E4297->a9cb8897-0d38-4c59-817a-d67a8ba30c67: receive RaftClientReply:client-729EAB8E4297->a9cb8897-0d38-4c59-817a-d67a8ba30c67@group-A55F67FDC954, cid=2241, SUCCESS, logIndex=3336, commits[a9cb8897-0d38-4c59-817a-d67a8ba30c67:c3336, 41e21bac-56c9-465a-a1cc-bc71b3ab473c:c3332, 2bfdf505-3a1f-44eb-9843-3820b2477da1:c3332]
2019-09-05 19:10:46,230 [grpc-default-executor-2] INFO  client.GrpcClientProtocolClient (GrpcClientProtocolClient.java:onNext(255)) - client-729EAB8E4297->a9cb8897-0d38-4c59-817a-d67a8ba30c67: receive RaftClientReply:client-729EAB8E4297->a9cb8897-0d38-4c59-817a-d67a8ba30c67@group-A55F67FDC954, cid=2242, SUCCESS, logIndex=0, commits[a9cb8897-0d38-4c59-817a-d67a8ba30c67:c3337, 41e21bac-56c9-465a-a1cc-bc71b3ab473c:c3334, 2bfdf505-3a1f-44eb-9843-3820b2477da1:c3334]
2019-09-05 19:10:46,253 [grpc-default-executor-2] INFO  client.GrpcClientProtocolClient (GrpcClientProtocolClient.java:onNext(255)) - client-729EAB8E4297->a9cb8897-0d38-4c59-817a-d67a8ba30c67: receive RaftClientReply:client-729EAB8E4297->a9cb8897-0d38-4c59-817a-d67a8ba30c67@group-A55F67FDC954, cid=2243, SUCCESS, logIndex=3341, commits[a9cb8897-0d38-4c59-817a-d67a8ba30c67:c3342, 41e21bac-56c9-465a-a1cc-bc71b3ab473c:c3340, 2bfdf505-3a1f-44eb-9843-3820b2477da1:c3340]
2019-09-05 19:10:46,253 [grpc-default-executor-2] INFO  client.GrpcClientProtocolClient (GrpcClientProtocolClient.java:onNext(255)) - client-729EAB8E4297->a9cb8897-0d38-4c59-817a-d67a8ba30c67: receive RaftClientReply:client-729EAB8E4297->a9cb8897-0d38-4c59-817a-d67a8ba30c67@group-A55F67FDC954, cid=2244, SUCCESS, logIndex=3342, commits[a9cb8897-0d38-4c59-817a-d67a8ba30c67:c3342, 41e21bac-56c9-465a-a1cc-bc71b3ab473c:c3340, 2bfdf505-3a1f-44eb-9843-3820b2477da1:c3340]
2019-09-05 19:10:46,266 [grpc-default-executor-2] INFO  client.GrpcClientProtocolClient (GrpcClientProtocolClient.java:onNext(255)) - client-729EAB8E4297->a9cb8897-0d38-4c59-817a-d67a8ba30c67: receive RaftClientReply:client-729EAB8E4297->a9cb8897-0d38-4c59-817a-d67a8ba30c67@group-A55F67FDC954, cid=2245, SUCCESS, logIndex=3345, commits[a9cb8897-0d38-4c59-817a-d67a8ba30c67:c3346, 41e21bac-56c9-465a-a1cc-bc71b3ab473c:c3341, 2bfdf505-3a1f-44eb-9843-3820b2477da1:c3342]
2019-09-05 19:10:46,266 [grpc-default-executor-2] INFO  client.GrpcClientProtocolClient (GrpcClientProtocolClient.java:onNext(255)) - client-729EAB8E4297->a9cb8897-0d38-4c59-817a-d67a8ba30c67: receive RaftClientReply:client-729EAB8E4297->a9cb8897-0d38-4c59-817a-d67a8ba30c67@group-A55F67FDC954, cid=2246, SUCCESS, logIndex=3346, commits[a9cb8897-0d38-4c59-817a-d67a8ba30c67:c3346, 41e21bac-56c9-465a-a1cc-bc71b3ab473c:c3341, 2bfdf505-3a1f-44eb-9843-3820b2477da1:c3342]
2019-09-05 19:10:46,277 [grpc-default-executor-2] INFO  client.GrpcClientProtocolClient (GrpcClientProtocolClient.java:onNext(255)) - client-729EAB8E4297->a9cb8897-0d38-4c59-817a-d67a8ba30c67: receive RaftClientReply:client-729EAB8E4297->a9cb8897-0d38-4c59-817a-d67a8ba30c67@group-A55F67FDC954, cid=2247, SUCCESS, logIndex=0, commits[a9cb8897-0d38-4c59-817a-d67a8ba30c67:c3346, 41e21bac-56c9-465a-a1cc-bc71b3ab473c:c3342, 2bfdf505-3a1f-44eb-9843-3820b2477da1:c3342]
2019-09-05 19:10:46,290 [grpc-default-executor-2] INFO  client.GrpcClientProtocolClient (GrpcClientProtocolClient.java:onNext(255)) - client-729EAB8E4297->a9cb8897-0d38-4c59-817a-d67a8ba30c67: receive RaftClientReply:client-729EAB8E4297->a9cb8897-0d38-4c59-817a-d67a8ba30c67@group-A55F67FDC954, cid=2248, SUCCESS, logIndex=0, commits[a9cb8897-0d38-4c59-817a-d67a8ba30c67:c3347, 41e21bac-56c9-465a-a1cc-bc71b3ab473c:c3346, 2bfdf505-3a1f-44eb-9843-3820b2477da1:c3346]
2019-09-05 19:10:46,318 [grpc-default-executor-2] INFO  client.GrpcClientProtocolClient (GrpcClientProtocolClient.java:onNext(255)) - client-729EAB8E4297->a9cb8897-0d38-4c59-817a-d67a8ba30c67: receive RaftClientReply:client-729EAB8E4297->a9cb8897-0d38-4c59-817a-d67a8ba30c67@group-A55F67FDC954, cid=2249, SUCCESS, logIndex=3349, commits[a9cb8897-0d38-4c59-817a-d67a8ba30c67:c3350, 41e21bac-56c9-465a-a1cc-bc71b3ab473c:c3348, 2bfdf505-3a1f-44eb-9843-3820b2477da1:c3348]
2019-09-05 19:10:46,319 [grpc-default-executor-2] INFO  client.GrpcClientProtocolClient (GrpcClientProtocolClient.java:onNext(255)) - client-729EAB8E4297->a9cb8897-0d38-4c59-817a-d67a8ba30c67: receive RaftClientReply:client-729EAB8E4297->a9cb8897-0d38-4c59-817a-d67a8ba30c67@group-A55F67FDC954, cid=2250, SUCCESS, logIndex=3350, commits[a9cb8897-0d38-4c59-817a-d67a8ba30c67:c3350, 41e21bac-56c9-465a-a1cc-bc71b3ab473c:c3348, 2bfdf505-3a1f-44eb-9843-3820b2477da1:c3348]
2019-09-05 19:10:46,328 [grpc-default-executor-3] INFO  client.GrpcClientProtocolClient (GrpcClientProtocolClient.java:onNext(255)) - client-729EAB8E4297->a9cb8897-0d38-4c59-817a-d67a8ba30c67: receive RaftClientReply:client-729EAB8E4297->a9cb8897-0d38-4c59-817a-d67a8ba30c67@group-A55F67FDC954, cid=2251, SUCCESS, logIndex=3351, commits[a9cb8897-0d38-4c59-817a-d67a8ba30c67:c3352, 41e21bac-56c9-465a-a1cc-bc71b3ab473c:c3348, 2bfdf505-3a1f-44eb-9843-3820b2477da1:c3348]
2019-09-05 19:10:46,328 [grpc-default-executor-3] INFO  client.GrpcClientProtocolClient (GrpcClientProtocolClient.java:onNext(255)) - client-729EAB8E4297->a9cb8897-0d38-4c59-817a-d67a8ba30c67: receive RaftClientReply:client-729EAB8E4297->a9cb8897-0d38-4c59-817a-d67a8ba30c67@group-A55F67FDC954, cid=2252, SUCCESS, logIndex=3352, commits[a9cb8897-0d38-4c59-817a-d67a8ba30c67:c3352, 41e21bac-56c9-465a-a1cc-bc71b3ab473c:c3348, 2bfdf505-3a1f-44eb-9843-3820b2477da1:c3348]
2019-09-05 19:10:46,331 [grpc-default-executor-3] INFO  client.GrpcClientProtocolClient (GrpcClientProtocolClient.java:onNext(255)) - client-729EAB8E4297->a9cb8897-0d38-4c59-817a-d67a8ba30c67: receive RaftClientReply:client-729EAB8E4297->a9cb8897-0d38-4c59-817a-d67a8ba30c67@group-A55F67FDC954, cid=2253, SUCCESS, logIndex=0, commits[a9cb8897-0d38-4c59-817a-d67a8ba30c67:c3354, 41e21bac-56c9-465a-a1cc-bc71b3ab473c:c3350, 2bfdf505-3a1f-44eb-9843-3820b2477da1:c3350]
2019-09-05 19:10:46,344 [grpc-default-executor-2] INFO  client.GrpcClientProtocolClient (GrpcClientProtocolClient.java:onNext(255)) - client-729EAB8E4297->a9cb8897-0d38-4c59-817a-d67a8ba30c67: receive RaftClientReply:client-729EAB8E4297->a9cb8897-0d38-4c59-817a-d67a8ba30c67@group-A55F67FDC954, cid=2254, SUCCESS, logIndex=3356, commits[a9cb8897-0d38-4c59-817a-d67a8ba30c67:c3357, 41e21bac-56c9-465a-a1cc-bc71b3ab473c:c3354, 2bfdf505-3a1f-44eb-9843-3820b2477da1:c3352]
2019-09-05 19:10:46,345 [grpc-default-executor-2] INFO  client.GrpcClientProtocolClient (GrpcClientProtocolClient.java:onNext(255)) - client-729EAB8E4297->a9cb8897-0d38-4c59-817a-d67a8ba30c67: receive RaftClientReply:client-729EAB8E4297->a9cb8897-0d38-4c59-817a-d67a8ba30c67@group-A55F67FDC954, cid=2255, SUCCESS, logIndex=3357, commits[a9cb8897-0d38-4c59-817a-d67a8ba30c67:c3357, 41e21bac-56c9-465a-a1cc-bc71b3ab473c:c3354, 2bfdf505-3a1f-44eb-9843-3820b2477da1:c3354]
 0.00% |█                                                                                                    |  0/1 Time: 0:00:202019-09-05 19:10:46,370 [grpc-default-executor-2] INFO  client.GrpcClientProtocolClient (GrpcClientProtocolClient.java:onNext(255)) - client-729EAB8E4297->a9cb8897-0d38-4c59-817a-d67a8ba30c67: receive RaftClientReply:client-729EAB8E4297->a9cb8897-0d38-4c59-817a-d67a8ba30c67@group-A55F67FDC954, cid=2256, SUCCESS, logIndex=3359, commits[a9cb8897-0d38-4c59-817a-d67a8ba30c67:c3359, 41e21bac-56c9-465a-a1cc-bc71b3ab473c:c3357, 2bfdf505-3a1f-44eb-9843-3820b2477da1:c3357]
2019-09-05 19:10:46,371 [grpc-default-executor-2] INFO  client.GrpcClientProtocolClient (GrpcClientProtocolClient.java:onNext(255)) - client-729EAB8E4297->a9cb8897-0d38-4c59-817a-d67a8ba30c67: receive RaftClientReply:client-729EAB8E4297->a9cb8897-0d38-4c59-817a-d67a8ba30c67@group-A55F67FDC954, cid=2257, SUCCESS, logIndex=3360, commits[a9cb8897-0d38-4c59-817a-d67a8ba30c67:c3360, 41e21bac-56c9-465a-a1cc-bc71b3ab473c:c3357, 2bfdf505-3a1f-44eb-9843-3820b2477da1:c3357]
2019-09-05 19:10:46,377 [grpc-default-executor-2] INFO  client.GrpcClientProtocolClient (GrpcClientProtocolClient.java:onNext(255)) - client-729EAB8E4297->a9cb8897-0d38-4c59-817a-d67a8ba30c67: receive RaftClientReply:client-729EAB8E4297->a9cb8897-0d38-4c59-817a-d67a8ba30c67@group-A55F67FDC954, cid=2258, SUCCESS, logIndex=0, commits[a9cb8897-0d38-4c59-817a-d67a8ba30c67:c3362, 41e21bac-56c9-465a-a1cc-bc71b3ab473c:c3360, 2bfdf505-3a1f-44eb-9843-3820b2477da1:c3360]
2019-09-05 19:10:46,397 [grpc-default-executor-3] INFO  client.GrpcClientProtocolClient (GrpcClientProtocolClient.java:onNext(255)) - client-729EAB8E4297->a9cb8897-0d38-4c59-817a-d67a8ba30c67: receive RaftClientReply:client-729EAB8E4297->a9cb8897-0d38-4c59-817a-d67a8ba30c67@group-A55F67FDC954, cid=2259, SUCCESS, logIndex=3363, commits[a9cb8897-0d38-4c59-817a-d67a8ba30c67:c3364, 41e21bac-56c9-465a-a1cc-bc71b3ab473c:c3362, 2bfdf505-3a1f-44eb-9843-3820b2477da1:c3362]
2019-09-05 19:10:46,398 [grpc-default-executor-3] INFO  client.GrpcClientProtocolClient (GrpcClientProtocolClient.java:onNext(255)) - client-729EAB8E4297->a9cb8897-0d38-4c59-817a-d67a8ba30c67: receive RaftClientReply:client-729EAB8E4297->a9cb8897-0d38-4c59-817a-d67a8ba30c67@group-A55F67FDC954, cid=2260, SUCCESS, logIndex=3364, commits[a9cb8897-0d38-4c59-817a-d67a8ba30c67:c3364, 41e21bac-56c9-465a-a1cc-bc71b3ab473c:c3362, 2bfdf505-3a1f-44eb-9843-3820b2477da1:c3362]
2019-09-05 19:10:46,398 [grpc-default-executor-2] INFO  client.GrpcClientProtocolClient (GrpcClientProtocolClient.java:onNext(255)) - client-729EAB8E4297->a9cb8897-0d38-4c59-817a-d67a8ba30c67: receive RaftClientReply:client-729EAB8E4297->a9cb8897-0d38-4c59-817a-d67a8ba30c67@group-A55F67FDC954, cid=2261, SUCCESS, logIndex=3365, commits[a9cb8897-0d38-4c59-817a-d67a8ba30c67:c3366, 41e21bac-56c9-465a-a1cc-bc71b3ab473c:c3362, 2bfdf505-3a1f-44eb-9843-3820b2477da1:c3362]
2019-09-05 19:10:46,399 [grpc-default-executor-2] INFO  client.GrpcClientProtocolClient (GrpcClientProtocolClient.java:onNext(255)) - client-729EAB8E4297->a9cb8897-0d38-4c59-817a-d67a8ba30c67: receive RaftClientReply:client-729EAB8E4297->a9cb8897-0d38-4c59-817a-d67a8ba30c67@group-A55F67FDC954, cid=2262, SUCCESS, logIndex=3366, commits[a9cb8897-0d38-4c59-817a-d67a8ba30c67:c3366, 41e21bac-56c9-465a-a1cc-bc71b3ab473c:c3362, 2bfdf505-3a1f-44eb-9843-3820b2477da1:c3362]
2019-09-05 19:10:46,410 [grpc-default-executor-2] INFO  client.GrpcClientProtocolClient (GrpcClientProtocolClient.java:onNext(255)) - client-729EAB8E4297->a9cb8897-0d38-4c59-817a-d67a8ba30c67: receive RaftClientReply:client-729EAB8E4297->a9cb8897-0d38-4c59-817a-d67a8ba30c67@group-A55F67FDC954, cid=2263, SUCCESS, logIndex=0, commits[a9cb8897-0d38-4c59-817a-d67a8ba30c67:c3368, 41e21bac-56c9-465a-a1cc-bc71b3ab473c:c3364, 2bfdf505-3a1f-44eb-9843-3820b2477da1:c3364]
2019-09-05 19:10:46,422 [grpc-default-executor-2] INFO  client.GrpcClientProtocolClient (GrpcClientProtocolClient.java:onNext(255)) - client-729EAB8E4297->a9cb8897-0d38-4c59-817a-d67a8ba30c67: receive RaftClientReply:client-729EAB8E4297->a9cb8897-0d38-4c59-817a-d67a8ba30c67@group-A55F67FDC954, cid=2264, SUCCESS, logIndex=3371, commits[a9cb8897-0d38-4c59-817a-d67a8ba30c67:c3372, 41e21bac-56c9-465a-a1cc-bc71b3ab473c:c3366, 2bfdf505-3a1f-44eb-9843-3820b2477da1:c3370]
2019-09-05 19:10:46,423 [grpc-default-executor-2] INFO  client.GrpcClientProtocolClient (GrpcClientProtocolClient.java:onNext(255)) - client-729EAB8E4297->a9cb8897-0d38-4c59-817a-d67a8ba30c67: receive RaftClientReply:client-729EAB8E4297->a9cb8897-0d38-4c59-817a-d67a8ba30c67@group-A55F67FDC954, cid=2265, SUCCESS, logIndex=3372, commits[a9cb8897-0d38-4c59-817a-d67a8ba30c67:c3372, 41e21bac-56c9-465a-a1cc-bc71b3ab473c:c3370, 2bfdf505-3a1f-44eb-9843-3820b2477da1:c3370]
2019-09-05 19:10:46,444 [grpc-default-executor-3] INFO  client.GrpcClientProtocolClient (GrpcClientProtocolClient.java:onNext(255)) - client-729EAB8E4297->a9cb8897-0d38-4c59-817a-d67a8ba30c67: receive RaftClientReply:client-729EAB8E4297->a9cb8897-0d38-4c59-817a-d67a8ba30c67@group-A55F67FDC954, cid=2266, SUCCESS, logIndex=3375, commits[a9cb8897-0d38-4c59-817a-d67a8ba30c67:c3376, 41e21bac-56c9-465a-a1cc-bc71b3ab473c:c3374, 2bfdf505-3a1f-44eb-9843-3820b2477da1:c3374]
2019-09-05 19:10:46,444 [grpc-default-executor-3] INFO  client.GrpcClientProtocolClient (GrpcClientProtocolClient.java:onNext(255)) - client-729EAB8E4297->a9cb8897-0d38-4c59-817a-d67a8ba30c67: receive RaftClientReply:client-729EAB8E4297->a9cb8897-0d38-4c59-817a-d67a8ba30c67@group-A55F67FDC954, cid=2267, SUCCESS, logIndex=3376, commits[a9cb8897-0d38-4c59-817a-d67a8ba30c67:c3376, 41e21bac-56c9-465a-a1cc-bc71b3ab473c:c3374, 2bfdf505-3a1f-44eb-9843-3820b2477da1:c3374]
2019-09-05 19:10:46,458 [grpc-default-executor-3] INFO  client.GrpcClientProtocolClient (GrpcClientProtocolClient.java:onNext(255)) - client-729EAB8E4297->a9cb8897-0d38-4c59-817a-d67a8ba30c67: receive RaftClientReply:client-729EAB8E4297->a9cb8897-0d38-4c59-817a-d67a8ba30c67@group-A55F67FDC954, cid=2268, SUCCESS, logIndex=0, commits[a9cb8897-0d38-4c59-817a-d67a8ba30c67:c3378, 41e21bac-56c9-465a-a1cc-bc71b3ab473c:c3376, 2bfdf505-3a1f-44eb-9843-3820b2477da1:c3376]
2019-09-05 19:10:46,502 [grpc-default-executor-0] INFO  client.GrpcClientProtocolClient (GrpcClientProtocolClient.java:onNext(255)) - client-729EAB8E4297->a9cb8897-0d38-4c59-817a-d67a8ba30c67: receive RaftClientReply:client-729EAB8E4297->a9cb8897-0d38-4c59-817a-d67a8ba30c67@group-A55F67FDC954, cid=2269, SUCCESS, logIndex=3379, commits[a9cb8897-0d38-4c59-817a-d67a8ba30c67:c3380, 41e21bac-56c9-465a-a1cc-bc71b3ab473c:c3378, 2bfdf505-3a1f-44eb-9843-3820b2477da1:c3378]
2019-09-05 19:10:46,503 [grpc-default-executor-0] INFO  client.GrpcClientProtocolClient (GrpcClientProtocolClient.java:onNext(255)) - client-729EAB8E4297->a9cb8897-0d38-4c59-817a-d67a8ba30c67: receive RaftClientReply:client-729EAB8E4297->a9cb8897-0d38-4c59-817a-d67a8ba30c67@group-A55F67FDC954, cid=2270, SUCCESS, logIndex=3380, commits[a9cb8897-0d38-4c59-817a-d67a8ba30c67:c3382, 41e21bac-56c9-465a-a1cc-bc71b3ab473c:c3378, 2bfdf505-3a1f-44eb-9843-3820b2477da1:c3378]
2019-09-05 19:10:46,503 [grpc-default-executor-0] INFO  client.GrpcClientProtocolClient (GrpcClientProtocolClient.java:onNext(255)) - client-729EAB8E4297->a9cb8897-0d38-4c59-817a-d67a8ba30c67: receive RaftClientReply:client-729EAB8E4297->a9cb8897-0d38-4c59-817a-d67a8ba30c67@group-A55F67FDC954, cid=2271, SUCCESS, logIndex=3381, commits[a9cb8897-0d38-4c59-817a-d67a8ba30c67:c3382, 41e21bac-56c9-465a-a1cc-bc71b3ab473c:c3378, 2bfdf505-3a1f-44eb-9843-3820b2477da1:c3378]
2019-09-05 19:10:46,504 [grpc-default-executor-0] INFO  client.GrpcClientProtocolClient (GrpcClientProtocolClient.java:onNext(255)) - client-729EAB8E4297->a9cb8897-0d38-4c59-817a-d67a8ba30c67: receive RaftClientReply:client-729EAB8E4297->a9cb8897-0d38-4c59-817a-d67a8ba30c67@group-A55F67FDC954, cid=2272, SUCCESS, logIndex=3382, commits[a9cb8897-0d38-4c59-817a-d67a8ba30c67:c3383, 41e21bac-56c9-465a-a1cc-bc71b3ab473c:c3378, 2bfdf505-3a1f-44eb-9843-3820b2477da1:c3380]
2019-09-05 19:10:46,505 [grpc-default-executor-0] INFO  client.GrpcClientProtocolClient (GrpcClientProtocolClient.java:onNext(255)) - client-729EAB8E4297->a9cb8897-0d38-4c59-817a-d67a8ba30c67: receive RaftClientReply:client-729EAB8E4297->a9cb8897-0d38-4c59-817a-d67a8ba30c67@group-A55F67FDC954, cid=2273, SUCCESS, logIndex=0, commits[a9cb8897-0d38-4c59-817a-d67a8ba30c67:c3383, 41e21bac-56c9-465a-a1cc-bc71b3ab473c:c3382, 2bfdf505-3a1f-44eb-9843-3820b2477da1:c3380]
2019-09-05 19:10:46,518 [grpc-default-executor-3] INFO  client.GrpcClientProtocolClient (GrpcClientProtocolClient.java:onNext(255)) - client-729EAB8E4297->a9cb8897-0d38-4c59-817a-d67a8ba30c67: receive RaftClientReply:client-729EAB8E4297->a9cb8897-0d38-4c59-817a-d67a8ba30c67@group-A55F67FDC954, cid=2274, SUCCESS, logIndex=3387, commits[a9cb8897-0d38-4c59-817a-d67a8ba30c67:c3388, 41e21bac-56c9-465a-a1cc-bc71b3ab473c:c3382, 2bfdf505-3a1f-44eb-9843-3820b2477da1:c3386]
2019-09-05 19:10:46,519 [grpc-default-executor-3] INFO  client.GrpcClientProtocolClient (GrpcClientProtocolClient.java:onNext(255)) - client-729EAB8E4297->a9cb8897-0d38-4c59-817a-d67a8ba30c67: receive RaftClientReply:client-729EAB8E4297->a9cb8897-0d38-4c59-817a-d67a8ba30c67@group-A55F67FDC954, cid=2275, SUCCESS, logIndex=3388, commits[a9cb8897-0d38-4c59-817a-d67a8ba30c67:c3388, 41e21bac-56c9-465a-a1cc-bc71b3ab473c:c3386, 2bfdf505-3a1f-44eb-9843-3820b2477da1:c3386]
2019-09-05 19:10:46,541 [grpc-default-executor-2] INFO  client.GrpcClientProtocolClient (GrpcClientProtocolClient.java:onNext(255)) - client-729EAB8E4297->a9cb8897-0d38-4c59-817a-d67a8ba30c67: receive RaftClientReply:client-729EAB8E4297->a9cb8897-0d38-4c59-817a-d67a8ba30c67@group-A55F67FDC954, cid=2276, SUCCESS, logIndex=3391, commits[a9cb8897-0d38-4c59-817a-d67a8ba30c67:c3392, 41e21bac-56c9-465a-a1cc-bc71b3ab473c:c3390, 2bfdf505-3a1f-44eb-9843-3820b2477da1:c3390]
2019-09-05 19:10:46,541 [grpc-default-executor-2] INFO  client.GrpcClientProtocolClient (GrpcClientProtocolClient.java:onNext(255)) - client-729EAB8E4297->a9cb8897-0d38-4c59-817a-d67a8ba30c67: receive RaftClientReply:client-729EAB8E4297->a9cb8897-0d38-4c59-817a-d67a8ba30c67@group-A55F67FDC954, cid=2277, SUCCESS, logIndex=3392, commits[a9cb8897-0d38-4c59-817a-d67a8ba30c67:c3392, 41e21bac-56c9-465a-a1cc-bc71b3ab473c:c3390, 2bfdf505-3a1f-44eb-9843-3820b2477da1:c3390]
2019-09-05 19:10:46,553 [grpc-default-executor-2] INFO  client.GrpcClientProtocolClient (GrpcClientProtocolClient.java:onNext(255)) - client-729EAB8E4297->a9cb8897-0d38-4c59-817a-d67a8ba30c67: receive RaftClientReply:client-729EAB8E4297->a9cb8897-0d38-4c59-817a-d67a8ba30c67@group-A55F67FDC954, cid=2278, SUCCESS, logIndex=0, commits[a9cb8897-0d38-4c59-817a-d67a8ba30c67:c3393, 41e21bac-56c9-465a-a1cc-bc71b3ab473c:c3392, 2bfdf505-3a1f-44eb-9843-3820b2477da1:c3392]
2019-09-05 19:10:46,585 [grpc-default-executor-0] INFO  client.GrpcClientProtocolClient (GrpcClientProtocolClient.java:onNext(255)) - client-729EAB8E4297->a9cb8897-0d38-4c59-817a-d67a8ba30c67: receive RaftClientReply:client-729EAB8E4297->a9cb8897-0d38-4c59-817a-d67a8ba30c67@group-A55F67FDC954, cid=2279, SUCCESS, logIndex=3395, commits[a9cb8897-0d38-4c59-817a-d67a8ba30c67:c3396, 41e21bac-56c9-465a-a1cc-bc71b3ab473c:c3394, 2bfdf505-3a1f-44eb-9843-3820b2477da1:c3394]
2019-09-05 19:10:46,586 [grpc-default-executor-0] INFO  client.GrpcClientProtocolClient (GrpcClientProtocolClient.java:onNext(255)) - client-729EAB8E4297->a9cb8897-0d38-4c59-817a-d67a8ba30c67: receive RaftClientReply:client-729EAB8E4297->a9cb8897-0d38-4c59-817a-d67a8ba30c67@group-A55F67FDC954, cid=2280, SUCCESS, logIndex=3396, commits[a9cb8897-0d38-4c59-817a-d67a8ba30c67:c3396, 41e21bac-56c9-465a-a1cc-bc71b3ab473c:c3394, 2bfdf505-3a1f-44eb-9843-3820b2477da1:c3394]
2019-09-05 19:10:46,598 [grpc-default-executor-2] INFO  client.GrpcClientProtocolClient (GrpcClientProtocolClient.java:onNext(255)) - client-729EAB8E4297->a9cb8897-0d38-4c59-817a-d67a8ba30c67: receive RaftClientReply:client-729EAB8E4297->a9cb8897-0d38-4c59-817a-d67a8ba30c67@group-A55F67FDC954, cid=2281, SUCCESS, logIndex=3397, commits[a9cb8897-0d38-4c59-817a-d67a8ba30c67:c3398, 41e21bac-56c9-465a-a1cc-bc71b3ab473c:c3394, 2bfdf505-3a1f-44eb-9843-3820b2477da1:c3394]
2019-09-05 19:10:46,598 [grpc-default-executor-2] INFO  client.GrpcClientProtocolClient (GrpcClientProtocolClient.java:onNext(255)) - client-729EAB8E4297->a9cb8897-0d38-4c59-817a-d67a8ba30c67: receive RaftClientReply:client-729EAB8E4297->a9cb8897-0d38-4c59-817a-d67a8ba30c67@group-A55F67FDC954, cid=2282, SUCCESS, logIndex=3398, commits[a9cb8897-0d38-4c59-817a-d67a8ba30c67:c3398, 41e21bac-56c9-465a-a1cc-bc71b3ab473c:c3394, 2bfdf505-3a1f-44eb-9843-3820b2477da1:c3394]
2019-09-05 19:10:46,610 [grpc-default-executor-0] INFO  client.GrpcClientProtocolClient (GrpcClientProtocolClient.java:onNext(255)) - client-729EAB8E4297->a9cb8897-0d38-4c59-817a-d67a8ba30c67: receive RaftClientReply:client-729EAB8E4297->a9cb8897-0d38-4c59-817a-d67a8ba30c67@group-A55F67FDC954, cid=2283, SUCCESS, logIndex=0, commits[a9cb8897-0d38-4c59-817a-d67a8ba30c67:c3400, 41e21bac-56c9-465a-a1cc-bc71b3ab473c:c3396, 2bfdf505-3a1f-44eb-9843-3820b2477da1:c3396]
2019-09-05 19:10:46,784 [grpc-default-executor-0] INFO  client.GrpcClientProtocolClient (GrpcClientProtocolClient.java:onNext(255)) - client-729EAB8E4297->a9cb8897-0d38-4c59-817a-d67a8ba30c67: receive RaftClientReply:client-729EAB8E4297->a9cb8897-0d38-4c59-817a-d67a8ba30c67@group-A55F67FDC954, cid=2284, SUCCESS, logIndex=3403, commits[a9cb8897-0d38-4c59-817a-d67a8ba30c67:c3404, 41e21bac-56c9-465a-a1cc-bc71b3ab473c:c3398, 2bfdf505-3a1f-44eb-9843-3820b2477da1:c3400]
2019-09-05 19:10:46,784 [grpc-default-executor-0] INFO  client.GrpcClientProtocolClient (GrpcClientProtocolClient.java:onNext(255)) - client-729EAB8E4297->a9cb8897-0d38-4c59-817a-d67a8ba30c67: receive RaftClientReply:client-729EAB8E4297->a9cb8897-0d38-4c59-817a-d67a8ba30c67@group-A55F67FDC954, cid=2285, SUCCESS, logIndex=3404, commits[a9cb8897-0d38-4c59-817a-d67a8ba30c67:c3404, 41e21bac-56c9-465a-a1cc-bc71b3ab473c:c3398, 2bfdf505-3a1f-44eb-9843-3820b2477da1:c3400]
2019-09-05 19:10:46,809 [grpc-default-executor-3] INFO  client.GrpcClientProtocolClient (GrpcClientProtocolClient.java:onNext(255)) - client-729EAB8E4297->a9cb8897-0d38-4c59-817a-d67a8ba30c67: receive RaftClientReply:client-729EAB8E4297->a9cb8897-0d38-4c59-817a-d67a8ba30c67@group-A55F67FDC954, cid=2286, SUCCESS, logIndex=3407, commits[a9cb8897-0d38-4c59-817a-d67a8ba30c67:c3408, 41e21bac-56c9-465a-a1cc-bc71b3ab473c:c3404, 2bfdf505-3a1f-44eb-9843-3820b2477da1:c3404]
2019-09-05 19:10:46,810 [grpc-default-executor-3] INFO  client.GrpcClientProtocolClient (GrpcClientProtocolClient.java:onNext(255)) - client-729EAB8E4297->a9cb8897-0d38-4c59-817a-d67a8ba30c67: receive RaftClientReply:client-729EAB8E4297->a9cb8897-0d38-4c59-817a-d67a8ba30c67@group-A55F67FDC954, cid=2287, SUCCESS, logIndex=3408, commits[a9cb8897-0d38-4c59-817a-d67a8ba30c67:c3408, 41e21bac-56c9-465a-a1cc-bc71b3ab473c:c3404, 2bfdf505-3a1f-44eb-9843-3820b2477da1:c3404]
2019-09-05 19:10:46,823 [grpc-default-executor-2] INFO  client.GrpcClientProtocolClient (GrpcClientProtocolClient.java:onNext(255)) - client-729EAB8E4297->a9cb8897-0d38-4c59-817a-d67a8ba30c67: receive RaftClientReply:client-729EAB8E4297->a9cb8897-0d38-4c59-817a-d67a8ba30c67@group-A55F67FDC954, cid=2288, SUCCESS, logIndex=0, commits[a9cb8897-0d38-4c59-817a-d67a8ba30c67:c3410, 41e21bac-56c9-465a-a1cc-bc71b3ab473c:c3408, 2bfdf505-3a1f-44eb-9843-3820b2477da1:c3408]
2019-09-05 19:10:46,856 [grpc-default-executor-2] INFO  client.GrpcClientProtocolClient (GrpcClientProtocolClient.java:onNext(255)) - client-729EAB8E4297->a9cb8897-0d38-4c59-817a-d67a8ba30c67: receive RaftClientReply:client-729EAB8E4297->a9cb8897-0d38-4c59-817a-d67a8ba30c67@group-A55F67FDC954, cid=2289, SUCCESS, logIndex=3411, commits[a9cb8897-0d38-4c59-817a-d67a8ba30c67:c3412, 41e21bac-56c9-465a-a1cc-bc71b3ab473c:c3410, 2bfdf505-3a1f-44eb-9843-3820b2477da1:c3410]
2019-09-05 19:10:46,856 [grpc-default-executor-2] INFO  client.GrpcClientProtocolClient (GrpcClientProtocolClient.java:onNext(255)) - client-729EAB8E4297->a9cb8897-0d38-4c59-817a-d67a8ba30c67: receive RaftClientReply:client-729EAB8E4297->a9cb8897-0d38-4c59-817a-d67a8ba30c67@group-A55F67FDC954, cid=2290, SUCCESS, logIndex=3412, commits[a9cb8897-0d38-4c59-817a-d67a8ba30c67:c3412, 41e21bac-56c9-465a-a1cc-bc71b3ab473c:c3410, 2bfdf505-3a1f-44eb-9843-3820b2477da1:c3410]
2019-09-05 19:10:46,866 [grpc-default-executor-2] INFO  client.GrpcClientProtocolClient (GrpcClientProtocolClient.java:onNext(255)) - client-729EAB8E4297->a9cb8897-0d38-4c59-817a-d67a8ba30c67: receive RaftClientReply:client-729EAB8E4297->a9cb8897-0d38-4c59-817a-d67a8ba30c67@group-A55F67FDC954, cid=2291, SUCCESS, logIndex=3413, commits[a9cb8897-0d38-4c59-817a-d67a8ba30c67:c3414, 41e21bac-56c9-465a-a1cc-bc71b3ab473c:c3410, 2bfdf505-3a1f-44eb-9843-3820b2477da1:c3410]
2019-09-05 19:10:46,866 [grpc-default-executor-2] INFO  client.GrpcClientProtocolClient (GrpcClientProtocolClient.java:onNext(255)) - client-729EAB8E4297->a9cb8897-0d38-4c59-817a-d67a8ba30c67: receive RaftClientReply:client-729EAB8E4297->a9cb8897-0d38-4c59-817a-d67a8ba30c67@group-A55F67FDC954, cid=2292, SUCCESS, logIndex=3414, commits[a9cb8897-0d38-4c59-817a-d67a8ba30c67:c3414, 41e21bac-56c9-465a-a1cc-bc71b3ab473c:c3410, 2bfdf505-3a1f-44eb-9843-3820b2477da1:c3410]
2019-09-05 19:10:46,881 [grpc-default-executor-2] INFO  client.GrpcClientProtocolClient (GrpcClientProtocolClient.java:onNext(255)) - client-729EAB8E4297->a9cb8897-0d38-4c59-817a-d67a8ba30c67: receive RaftClientReply:client-729EAB8E4297->a9cb8897-0d38-4c59-817a-d67a8ba30c67@group-A55F67FDC954, cid=2293, SUCCESS, logIndex=0, commits[a9cb8897-0d38-4c59-817a-d67a8ba30c67:c3416, 41e21bac-56c9-465a-a1cc-bc71b3ab473c:c3412, 2bfdf505-3a1f-44eb-9843-3820b2477da1:c3412]
2019-09-05 19:10:46,903 [grpc-default-executor-3] INFO  client.GrpcClientProtocolClient (GrpcClientProtocolClient.java:onNext(255)) - client-729EAB8E4297->a9cb8897-0d38-4c59-817a-d67a8ba30c67: receive RaftClientReply:client-729EAB8E4297->a9cb8897-0d38-4c59-817a-d67a8ba30c67@group-A55F67FDC954, cid=2294, SUCCESS, logIndex=3419, commits[a9cb8897-0d38-4c59-817a-d67a8ba30c67:c3420, 41e21bac-56c9-465a-a1cc-bc71b3ab473c:c3418, 2bfdf505-3a1f-44eb-9843-3820b2477da1:c3418]
2019-09-05 19:10:46,904 [grpc-default-executor-3] INFO  client.GrpcClientProtocolClient (GrpcClientProtocolClient.java:onNext(255)) - client-729EAB8E4297->a9cb8897-0d38-4c59-817a-d67a8ba30c67: receive RaftClientReply:client-729EAB8E4297->a9cb8897-0d38-4c59-817a-d67a8ba30c67@group-A55F67FDC954, cid=2295, SUCCESS, logIndex=3420, commits[a9cb8897-0d38-4c59-817a-d67a8ba30c67:c3420, 41e21bac-56c9-465a-a1cc-bc71b3ab473c:c3418, 2bfdf505-3a1f-44eb-9843-3820b2477da1:c3418]
2019-09-05 19:10:46,930 [grpc-default-executor-2] INFO  client.GrpcClientProtocolClient (GrpcClientProtocolClient.java:onNext(255)) - client-729EAB8E4297->a9cb8897-0d38-4c59-817a-d67a8ba30c67: receive RaftClientReply:client-729EAB8E4297->a9cb8897-0d38-4c59-817a-d67a8ba30c67@group-A55F67FDC954, cid=2296, SUCCESS, logIndex=3423, commits[a9cb8897-0d38-4c59-817a-d67a8ba30c67:c3424, 41e21bac-56c9-465a-a1cc-bc71b3ab473c:c3420, 2bfdf505-3a1f-44eb-9843-3820b2477da1:c3420]
2019-09-05 19:10:46,930 [grpc-default-executor-2] INFO  client.GrpcClientProtocolClient (GrpcClientProtocolClient.java:onNext(255)) - client-729EAB8E4297->a9cb8897-0d38-4c59-817a-d67a8ba30c67: receive RaftClientReply:client-729EAB8E4297->a9cb8897-0d38-4c59-817a-d67a8ba30c67@group-A55F67FDC954, cid=2297, SUCCESS, logIndex=3424, commits[a9cb8897-0d38-4c59-817a-d67a8ba30c67:c3424, 41e21bac-56c9-465a-a1cc-bc71b3ab473c:c3420, 2bfdf505-3a1f-44eb-9843-3820b2477da1:c3420]
2019-09-05 19:10:46,949 [grpc-default-executor-2] INFO  client.GrpcClientProtocolClient (GrpcClientProtocolClient.java:onNext(255)) - client-729EAB8E4297->a9cb8897-0d38-4c59-817a-d67a8ba30c67: receive RaftClientReply:client-729EAB8E4297->a9cb8897-0d38-4c59-817a-d67a8ba30c67@group-A55F67FDC954, cid=2298, SUCCESS, logIndex=0, commits[a9cb8897-0d38-4c59-817a-d67a8ba30c67:c3425, 41e21bac-56c9-465a-a1cc-bc71b3ab473c:c3424, 2bfdf505-3a1f-44eb-9843-3820b2477da1:c3424]
2019-09-05 19:10:46,978 [grpc-default-executor-0] INFO  client.GrpcClientProtocolClient (GrpcClientProtocolClient.java:onNext(255)) - client-729EAB8E4297->a9cb8897-0d38-4c59-817a-d67a8ba30c67: receive RaftClientReply:client-729EAB8E4297->a9cb8897-0d38-4c59-817a-d67a8ba30c67@group-A55F67FDC954, cid=2299, SUCCESS, logIndex=3427, commits[a9cb8897-0d38-4c59-817a-d67a8ba30c67:c3428, 41e21bac-56c9-465a-a1cc-bc71b3ab473c:c3426, 2bfdf505-3a1f-44eb-9843-3820b2477da1:c3426]
2019-09-05 19:10:46,979 [grpc-default-executor-0] INFO  client.GrpcClientProtocolClient (GrpcClientProtocolClient.java:onNext(255)) - client-729EAB8E4297->a9cb8897-0d38-4c59-817a-d67a8ba30c67: receive RaftClientReply:client-729EAB8E4297->a9cb8897-0d38-4c59-817a-d67a8ba30c67@group-A55F67FDC954, cid=2300, SUCCESS, logIndex=3428, commits[a9cb8897-0d38-4c59-817a-d67a8ba30c67:c3429, 41e21bac-56c9-465a-a1cc-bc71b3ab473c:c3426, 2bfdf505-3a1f-44eb-9843-3820b2477da1:c3426]
2019-09-05 19:10:46,979 [grpc-default-executor-0] INFO  client.GrpcClientProtocolClient (GrpcClientProtocolClient.java:onNext(255)) - client-729EAB8E4297->a9cb8897-0d38-4c59-817a-d67a8ba30c67: receive RaftClientReply:client-729EAB8E4297->a9cb8897-0d38-4c59-817a-d67a8ba30c67@group-A55F67FDC954, cid=2301, SUCCESS, logIndex=3429, commits[a9cb8897-0d38-4c59-817a-d67a8ba30c67:c3430, 41e21bac-56c9-465a-a1cc-bc71b3ab473c:c3426, 2bfdf505-3a1f-44eb-9843-3820b2477da1:c3426]
2019-09-05 19:10:46,980 [grpc-default-executor-2] INFO  client.GrpcClientProtocolClient (GrpcClientProtocolClient.java:onNext(255)) - client-729EAB8E4297->a9cb8897-0d38-4c59-817a-d67a8ba30c67: receive RaftClientReply:client-729EAB8E4297->a9cb8897-0d38-4c59-817a-d67a8ba30c67@group-A55F67FDC954, cid=2302, SUCCESS, logIndex=3430, commits[a9cb8897-0d38-4c59-817a-d67a8ba30c67:c3430, 41e21bac-56c9-465a-a1cc-bc71b3ab473c:c3426, 2bfdf505-3a1f-44eb-9843-3820b2477da1:c3426]
2019-09-05 19:10:46,981 [grpc-default-executor-0] INFO  client.GrpcClientProtocolClient (GrpcClientProtocolClient.java:onNext(255)) - client-729EAB8E4297->a9cb8897-0d38-4c59-817a-d67a8ba30c67: receive RaftClientReply:client-729EAB8E4297->a9cb8897-0d38-4c59-817a-d67a8ba30c67@group-A55F67FDC954, cid=2303, SUCCESS, logIndex=0, commits[a9cb8897-0d38-4c59-817a-d67a8ba30c67:c3432, 41e21bac-56c9-465a-a1cc-bc71b3ab473c:c3428, 2bfdf505-3a1f-44eb-9843-3820b2477da1:c3428]
2019-09-05 19:10:47,000 [grpc-default-executor-0] INFO  client.GrpcClientProtocolClient (GrpcClientProtocolClient.java:onNext(255)) - client-729EAB8E4297->a9cb8897-0d38-4c59-817a-d67a8ba30c67: receive RaftClientReply:client-729EAB8E4297->a9cb8897-0d38-4c59-817a-d67a8ba30c67@group-A55F67FDC954, cid=2304, SUCCESS, logIndex=3435, commits[a9cb8897-0d38-4c59-817a-d67a8ba30c67:c3436, 41e21bac-56c9-465a-a1cc-bc71b3ab473c:c3434, 2bfdf505-3a1f-44eb-9843-3820b2477da1:c3434]
2019-09-05 19:10:47,001 [grpc-default-executor-0] INFO  client.GrpcClientProtocolClient (GrpcClientProtocolClient.java:onNext(255)) - client-729EAB8E4297->a9cb8897-0d38-4c59-817a-d67a8ba30c67: receive RaftClientReply:client-729EAB8E4297->a9cb8897-0d38-4c59-817a-d67a8ba30c67@group-A55F67FDC954, cid=2305, SUCCESS, logIndex=3436, commits[a9cb8897-0d38-4c59-817a-d67a8ba30c67:c3436, 41e21bac-56c9-465a-a1cc-bc71b3ab473c:c3434, 2bfdf505-3a1f-44eb-9843-3820b2477da1:c3434]
2019-09-05 19:10:47,015 [grpc-default-executor-0] INFO  client.GrpcClientProtocolClient (GrpcClientProtocolClient.java:onNext(255)) - client-729EAB8E4297->a9cb8897-0d38-4c59-817a-d67a8ba30c67: receive RaftClientReply:client-729EAB8E4297->a9cb8897-0d38-4c59-817a-d67a8ba30c67@group-A55F67FDC954, cid=2306, SUCCESS, logIndex=3439, commits[a9cb8897-0d38-4c59-817a-d67a8ba30c67:c3439, 41e21bac-56c9-465a-a1cc-bc71b3ab473c:c3436, 2bfdf505-3a1f-44eb-9843-3820b2477da1:c3436]
2019-09-05 19:10:47,015 [grpc-default-executor-0] INFO  client.GrpcClientProtocolClient (GrpcClientProtocolClient.java:onNext(255)) - client-729EAB8E4297->a9cb8897-0d38-4c59-817a-d67a8ba30c67: receive RaftClientReply:client-729EAB8E4297->a9cb8897-0d38-4c59-817a-d67a8ba30c67@group-A55F67FDC954, cid=2307, SUCCESS, logIndex=3440, commits[a9cb8897-0d38-4c59-817a-d67a8ba30c67:c3440, 41e21bac-56c9-465a-a1cc-bc71b3ab473c:c3436, 2bfdf505-3a1f-44eb-9843-3820b2477da1:c3436]
2019-09-05 19:10:47,033 [grpc-default-executor-0] INFO  client.GrpcClientProtocolClient (GrpcClientProtocolClient.java:onNext(255)) - client-729EAB8E4297->a9cb8897-0d38-4c59-817a-d67a8ba30c67: receive RaftClientReply:client-729EAB8E4297->a9cb8897-0d38-4c59-817a-d67a8ba30c67@group-A55F67FDC954, cid=2308, SUCCESS, logIndex=0, commits[a9cb8897-0d38-4c59-817a-d67a8ba30c67:c3442, 41e21bac-56c9-465a-a1cc-bc71b3ab473c:c3440, 2bfdf505-3a1f-44eb-9843-3820b2477da1:c3440]
2019-09-05 19:10:47,067 [grpc-default-executor-0] INFO  client.GrpcClientProtocolClient (GrpcClientProtocolClient.java:onNext(255)) - client-729EAB8E4297->a9cb8897-0d38-4c59-817a-d67a8ba30c67: receive RaftClientReply:client-729EAB8E4297->a9cb8897-0d38-4c59-817a-d67a8ba30c67@group-A55F67FDC954, cid=2309, SUCCESS, logIndex=3443, commits[a9cb8897-0d38-4c59-817a-d67a8ba30c67:c3443, 41e21bac-56c9-465a-a1cc-bc71b3ab473c:c3442, 2bfdf505-3a1f-44eb-9843-3820b2477da1:c3440]
2019-09-05 19:10:47,070 [grpc-default-executor-0] INFO  client.GrpcClientProtocolClient (GrpcClientProtocolClient.java:onNext(255)) - client-729EAB8E4297->a9cb8897-0d38-4c59-817a-d67a8ba30c67: receive RaftClientReply:client-729EAB8E4297->a9cb8897-0d38-4c59-817a-d67a8ba30c67@group-A55F67FDC954, cid=2310, SUCCESS, logIndex=3444, commits[a9cb8897-0d38-4c59-817a-d67a8ba30c67:c3444, 41e21bac-56c9-465a-a1cc-bc71b3ab473c:c3442, 2bfdf505-3a1f-44eb-9843-3820b2477da1:c3442]
2019-09-05 19:10:47,071 [grpc-default-executor-2] INFO  client.GrpcClientProtocolClient (GrpcClientProtocolClient.java:onNext(255)) - client-729EAB8E4297->a9cb8897-0d38-4c59-817a-d67a8ba30c67: receive RaftClientReply:client-729EAB8E4297->a9cb8897-0d38-4c59-817a-d67a8ba30c67@group-A55F67FDC954, cid=2311, SUCCESS, logIndex=3445, commits[a9cb8897-0d38-4c59-817a-d67a8ba30c67:c3446, 41e21bac-56c9-465a-a1cc-bc71b3ab473c:c3442, 2bfdf505-3a1f-44eb-9843-3820b2477da1:c3442]
2019-09-05 19:10:47,072 [grpc-default-executor-2] INFO  client.GrpcClientProtocolClient (GrpcClientProtocolClient.java:onNext(255)) - client-729EAB8E4297->a9cb8897-0d38-4c59-817a-d67a8ba30c67: receive RaftClientReply:client-729EAB8E4297->a9cb8897-0d38-4c59-817a-d67a8ba30c67@group-A55F67FDC954, cid=2312, SUCCESS, logIndex=3446, commits[a9cb8897-0d38-4c59-817a-d67a8ba30c67:c3446, 41e21bac-56c9-465a-a1cc-bc71b3ab473c:c3442, 2bfdf505-3a1f-44eb-9843-3820b2477da1:c3442]
2019-09-05 19:10:47,092 [grpc-default-executor-2] INFO  client.GrpcClientProtocolClient (GrpcClientProtocolClient.java:onNext(255)) - client-729EAB8E4297->a9cb8897-0d38-4c59-817a-d67a8ba30c67: receive RaftClientReply:client-729EAB8E4297->a9cb8897-0d38-4c59-817a-d67a8ba30c67@group-A55F67FDC954, cid=2313, SUCCESS, logIndex=0, commits[a9cb8897-0d38-4c59-817a-d67a8ba30c67:c3448, 41e21bac-56c9-465a-a1cc-bc71b3ab473c:c3444, 2bfdf505-3a1f-44eb-9843-3820b2477da1:c3446]
2019-09-05 19:10:47,112 [grpc-default-executor-1] INFO  client.GrpcClientProtocolClient (GrpcClientProtocolClient.java:onNext(255)) - client-729EAB8E4297->a9cb8897-0d38-4c59-817a-d67a8ba30c67: receive RaftClientReply:client-729EAB8E4297->a9cb8897-0d38-4c59-817a-d67a8ba30c67@group-A55F67FDC954, cid=2314, SUCCESS, logIndex=3451, commits[a9cb8897-0d38-4c59-817a-d67a8ba30c67:c3452, 41e21bac-56c9-465a-a1cc-bc71b3ab473c:c3450, 2bfdf505-3a1f-44eb-9843-3820b2477da1:c3450]
2019-09-05 19:10:47,113 [grpc-default-executor-1] INFO  client.GrpcClientProtocolClient (GrpcClientProtocolClient.java:onNext(255)) - client-729EAB8E4297->a9cb8897-0d38-4c59-817a-d67a8ba30c67: receive RaftClientReply:client-729EAB8E4297->a9cb8897-0d38-4c59-817a-d67a8ba30c67@group-A55F67FDC954, cid=2315, SUCCESS, logIndex=3452, commits[a9cb8897-0d38-4c59-817a-d67a8ba30c67:c3452, 41e21bac-56c9-465a-a1cc-bc71b3ab473c:c3450, 2bfdf505-3a1f-44eb-9843-3820b2477da1:c3450]
2019-09-05 19:10:47,138 [grpc-default-executor-1] INFO  client.GrpcClientProtocolClient (GrpcClientProtocolClient.java:onNext(255)) - client-729EAB8E4297->a9cb8897-0d38-4c59-817a-d67a8ba30c67: receive RaftClientReply:client-729EAB8E4297->a9cb8897-0d38-4c59-817a-d67a8ba30c67@group-A55F67FDC954, cid=2316, SUCCESS, logIndex=3455, commits[a9cb8897-0d38-4c59-817a-d67a8ba30c67:c3456, 41e21bac-56c9-465a-a1cc-bc71b3ab473c:c3452, 2bfdf505-3a1f-44eb-9843-3820b2477da1:c3452]
2019-09-05 19:10:47,138 [grpc-default-executor-1] INFO  client.GrpcClientProtocolClient (GrpcClientProtocolClient.java:onNext(255)) - client-729EAB8E4297->a9cb8897-0d38-4c59-817a-d67a8ba30c67: receive RaftClientReply:client-729EAB8E4297->a9cb8897-0d38-4c59-817a-d67a8ba30c67@group-A55F67FDC954, cid=2317, SUCCESS, logIndex=3456, commits[a9cb8897-0d38-4c59-817a-d67a8ba30c67:c3456, 41e21bac-56c9-465a-a1cc-bc71b3ab473c:c3452, 2bfdf505-3a1f-44eb-9843-3820b2477da1:c3452]
2019-09-05 19:10:47,152 [grpc-default-executor-1] INFO  client.GrpcClientProtocolClient (GrpcClientProtocolClient.java:onNext(255)) - client-729EAB8E4297->a9cb8897-0d38-4c59-817a-d67a8ba30c67: receive RaftClientReply:client-729EAB8E4297->a9cb8897-0d38-4c59-817a-d67a8ba30c67@group-A55F67FDC954, cid=2318, SUCCESS, logIndex=0, commits[a9cb8897-0d38-4c59-817a-d67a8ba30c67:c3458, 41e21bac-56c9-465a-a1cc-bc71b3ab473c:c3456, 2bfdf505-3a1f-44eb-9843-3820b2477da1:c3456]
2019-09-05 19:10:47,180 [grpc-default-executor-0] INFO  client.GrpcClientProtocolClient (GrpcClientProtocolClient.java:onNext(255)) - client-729EAB8E4297->a9cb8897-0d38-4c59-817a-d67a8ba30c67: receive RaftClientReply:client-729EAB8E4297->a9cb8897-0d38-4c59-817a-d67a8ba30c67@group-A55F67FDC954, cid=2319, SUCCESS, logIndex=3459, commits[a9cb8897-0d38-4c59-817a-d67a8ba30c67:c3460, 41e21bac-56c9-465a-a1cc-bc71b3ab473c:c3458, 2bfdf505-3a1f-44eb-9843-3820b2477da1:c3458]
2019-09-05 19:10:47,180 [grpc-default-executor-0] INFO  client.GrpcClientProtocolClient (GrpcClientProtocolClient.java:onNext(255)) - client-729EAB8E4297->a9cb8897-0d38-4c59-817a-d67a8ba30c67: receive RaftClientReply:client-729EAB8E4297->a9cb8897-0d38-4c59-817a-d67a8ba30c67@group-A55F67FDC954, cid=2320, SUCCESS, logIndex=3460, commits[a9cb8897-0d38-4c59-817a-d67a8ba30c67:c3460, 41e21bac-56c9-465a-a1cc-bc71b3ab473c:c3458, 2bfdf505-3a1f-44eb-9843-3820b2477da1:c3458]
2019-09-05 19:10:47,192 [grpc-default-executor-0] INFO  client.GrpcClientProtocolClient (GrpcClientProtocolClient.java:onNext(255)) - client-729EAB8E4297->a9cb8897-0d38-4c59-817a-d67a8ba30c67: receive RaftClientReply:client-729EAB8E4297->a9cb8897-0d38-4c59-817a-d67a8ba30c67@group-A55F67FDC954, cid=2321, SUCCESS, logIndex=3461, commits[a9cb8897-0d38-4c59-817a-d67a8ba30c67:c3462, 41e21bac-56c9-465a-a1cc-bc71b3ab473c:c3458, 2bfdf505-3a1f-44eb-9843-3820b2477da1:c3458]
2019-09-05 19:10:47,193 [grpc-default-executor-0] INFO  client.GrpcClientProtocolClient (GrpcClientProtocolClient.java:onNext(255)) - client-729EAB8E4297->a9cb8897-0d38-4c59-817a-d67a8ba30c67: receive RaftClientReply:client-729EAB8E4297->a9cb8897-0d38-4c59-817a-d67a8ba30c67@group-A55F67FDC954, cid=2322, SUCCESS, logIndex=3462, commits[a9cb8897-0d38-4c59-817a-d67a8ba30c67:c3462, 41e21bac-56c9-465a-a1cc-bc71b3ab473c:c3458, 2bfdf505-3a1f-44eb-9843-3820b2477da1:c3458]
2019-09-05 19:10:47,195 [grpc-default-executor-2] INFO  client.GrpcClientProtocolClient (GrpcClientProtocolClient.java:onNext(255)) - client-729EAB8E4297->a9cb8897-0d38-4c59-817a-d67a8ba30c67: receive RaftClientReply:client-729EAB8E4297->a9cb8897-0d38-4c59-817a-d67a8ba30c67@group-A55F67FDC954, cid=2323, SUCCESS, logIndex=0, commits[a9cb8897-0d38-4c59-817a-d67a8ba30c67:c3463, 41e21bac-56c9-465a-a1cc-bc71b3ab473c:c3460, 2bfdf505-3a1f-44eb-9843-3820b2477da1:c3460]
2019-09-05 19:10:47,206 [grpc-default-executor-1] INFO  client.GrpcClientProtocolClient (GrpcClientProtocolClient.java:onNext(255)) - client-729EAB8E4297->a9cb8897-0d38-4c59-817a-d67a8ba30c67: receive RaftClientReply:client-729EAB8E4297->a9cb8897-0d38-4c59-817a-d67a8ba30c67@group-A55F67FDC954, cid=2324, SUCCESS, logIndex=3467, commits[a9cb8897-0d38-4c59-817a-d67a8ba30c67:c3468, 41e21bac-56c9-465a-a1cc-bc71b3ab473c:c3466, 2bfdf505-3a1f-44eb-9843-3820b2477da1:c3466]
2019-09-05 19:10:47,206 [grpc-default-executor-1] INFO  client.GrpcClientProtocolClient (GrpcClientProtocolClient.java:onNext(255)) - client-729EAB8E4297->a9cb8897-0d38-4c59-817a-d67a8ba30c67: receive RaftClientReply:client-729EAB8E4297->a9cb8897-0d38-4c59-817a-d67a8ba30c67@group-A55F67FDC954, cid=2325, SUCCESS, logIndex=3468, commits[a9cb8897-0d38-4c59-817a-d67a8ba30c67:c3468, 41e21bac-56c9-465a-a1cc-bc71b3ab473c:c3466, 2bfdf505-3a1f-44eb-9843-3820b2477da1:c3466]
2019-09-05 19:10:47,216 [grpc-default-executor-1] INFO  client.GrpcClientProtocolClient (GrpcClientProtocolClient.java:onNext(255)) - client-729EAB8E4297->a9cb8897-0d38-4c59-817a-d67a8ba30c67: receive RaftClientReply:client-729EAB8E4297->a9cb8897-0d38-4c59-817a-d67a8ba30c67@group-A55F67FDC954, cid=2326, SUCCESS, logIndex=3470, commits[a9cb8897-0d38-4c59-817a-d67a8ba30c67:c3471, 41e21bac-56c9-465a-a1cc-bc71b3ab473c:c3469, 2bfdf505-3a1f-44eb-9843-3820b2477da1:c3468]
2019-09-05 19:10:47,216 [grpc-default-executor-1] INFO  client.GrpcClientProtocolClient (GrpcClientProtocolClient.java:onNext(255)) - client-729EAB8E4297->a9cb8897-0d38-4c59-817a-d67a8ba30c67: receive RaftClientReply:client-729EAB8E4297->a9cb8897-0d38-4c59-817a-d67a8ba30c67@group-A55F67FDC954, cid=2327, SUCCESS, logIndex=3471, commits[a9cb8897-0d38-4c59-817a-d67a8ba30c67:c3471, 41e21bac-56c9-465a-a1cc-bc71b3ab473c:c3469, 2bfdf505-3a1f-44eb-9843-3820b2477da1:c3469]
2019-09-05 19:10:47,219 [grpc-default-executor-1] INFO  client.GrpcClientProtocolClient (GrpcClientProtocolClient.java:onNext(255)) - client-729EAB8E4297->a9cb8897-0d38-4c59-817a-d67a8ba30c67: receive RaftClientReply:client-729EAB8E4297->a9cb8897-0d38-4c59-817a-d67a8ba30c67@group-A55F67FDC954, cid=2328, SUCCESS, logIndex=0, commits[a9cb8897-0d38-4c59-817a-d67a8ba30c67:c3472, 41e21bac-56c9-465a-a1cc-bc71b3ab473c:c3471, 2bfdf505-3a1f-44eb-9843-3820b2477da1:c3471]
2019-09-05 19:10:47,242 [grpc-default-executor-0] INFO  client.GrpcClientProtocolClient (GrpcClientProtocolClient.java:onNext(255)) - client-729EAB8E4297->a9cb8897-0d38-4c59-817a-d67a8ba30c67: receive RaftClientReply:client-729EAB8E4297->a9cb8897-0d38-4c59-817a-d67a8ba30c67@group-A55F67FDC954, cid=2329, SUCCESS, logIndex=3474, commits[a9cb8897-0d38-4c59-817a-d67a8ba30c67:c3475, 41e21bac-56c9-465a-a1cc-bc71b3ab473c:c3471, 2bfdf505-3a1f-44eb-9843-3820b2477da1:c3473]
2019-09-05 19:10:47,242 [grpc-default-executor-2] INFO  client.GrpcClientProtocolClient (GrpcClientProtocolClient.java:onNext(255)) - client-729EAB8E4297->a9cb8897-0d38-4c59-817a-d67a8ba30c67: receive RaftClientReply:client-729EAB8E4297->a9cb8897-0d38-4c59-817a-d67a8ba30c67@group-A55F67FDC954, cid=2330, SUCCESS, logIndex=3475, commits[a9cb8897-0d38-4c59-817a-d67a8ba30c67:c3475, 41e21bac-56c9-465a-a1cc-bc71b3ab473c:c3473, 2bfdf505-3a1f-44eb-9843-3820b2477da1:c3473]
2019-09-05 19:10:47,244 [grpc-default-executor-1] INFO  client.GrpcClientProtocolClient (GrpcClientProtocolClient.java:onNext(255)) - client-729EAB8E4297->a9cb8897-0d38-4c59-817a-d67a8ba30c67: receive RaftClientReply:client-729EAB8E4297->a9cb8897-0d38-4c59-817a-d67a8ba30c67@group-A55F67FDC954, cid=2331, SUCCESS, logIndex=3476, commits[a9cb8897-0d38-4c59-817a-d67a8ba30c67:c3477, 41e21bac-56c9-465a-a1cc-bc71b3ab473c:c3473, 2bfdf505-3a1f-44eb-9843-3820b2477da1:c3473]
2019-09-05 19:10:47,244 [grpc-default-executor-1] INFO  client.GrpcClientProtocolClient (GrpcClientProtocolClient.java:onNext(255)) - client-729EAB8E4297->a9cb8897-0d38-4c59-817a-d67a8ba30c67: receive RaftClientReply:client-729EAB8E4297->a9cb8897-0d38-4c59-817a-d67a8ba30c67@group-A55F67FDC954, cid=2332, SUCCESS, logIndex=3477, commits[a9cb8897-0d38-4c59-817a-d67a8ba30c67:c3477, 41e21bac-56c9-465a-a1cc-bc71b3ab473c:c3473, 2bfdf505-3a1f-44eb-9843-3820b2477da1:c3473]
2019-09-05 19:10:47,255 [grpc-default-executor-1] INFO  client.GrpcClientProtocolClient (GrpcClientProtocolClient.java:onNext(255)) - client-729EAB8E4297->a9cb8897-0d38-4c59-817a-d67a8ba30c67: receive RaftClientReply:client-729EAB8E4297->a9cb8897-0d38-4c59-817a-d67a8ba30c67@group-A55F67FDC954, cid=2333, SUCCESS, logIndex=0, commits[a9cb8897-0d38-4c59-817a-d67a8ba30c67:c3479, 41e21bac-56c9-465a-a1cc-bc71b3ab473c:c3475, 2bfdf505-3a1f-44eb-9843-3820b2477da1:c3475]
2019-09-05 19:10:47,276 [grpc-default-executor-1] INFO  client.GrpcClientProtocolClient (GrpcClientProtocolClient.java:onNext(255)) - client-729EAB8E4297->a9cb8897-0d38-4c59-817a-d67a8ba30c67: receive RaftClientReply:client-729EAB8E4297->a9cb8897-0d38-4c59-817a-d67a8ba30c67@group-A55F67FDC954, cid=2334, SUCCESS, logIndex=3482, commits[a9cb8897-0d38-4c59-817a-d67a8ba30c67:c3483, 41e21bac-56c9-465a-a1cc-bc71b3ab473c:c3481, 2bfdf505-3a1f-44eb-9843-3820b2477da1:c3481]
2019-09-05 19:10:47,276 [grpc-default-executor-1] INFO  client.GrpcClientProtocolClient (GrpcClientProtocolClient.java:onNext(255)) - client-729EAB8E4297->a9cb8897-0d38-4c59-817a-d67a8ba30c67: receive RaftClientReply:client-729EAB8E4297->a9cb8897-0d38-4c59-817a-d67a8ba30c67@group-A55F67FDC954, cid=2335, SUCCESS, logIndex=3483, commits[a9cb8897-0d38-4c59-817a-d67a8ba30c67:c3483, 41e21bac-56c9-465a-a1cc-bc71b3ab473c:c3481, 2bfdf505-3a1f-44eb-9843-3820b2477da1:c3481]
2019-09-05 19:10:47,302 [grpc-default-executor-1] INFO  client.GrpcClientProtocolClient (GrpcClientProtocolClient.java:onNext(255)) - client-729EAB8E4297->a9cb8897-0d38-4c59-817a-d67a8ba30c67: receive RaftClientReply:client-729EAB8E4297->a9cb8897-0d38-4c59-817a-d67a8ba30c67@group-A55F67FDC954, cid=2336, SUCCESS, logIndex=3486, commits[a9cb8897-0d38-4c59-817a-d67a8ba30c67:c3487, 41e21bac-56c9-465a-a1cc-bc71b3ab473c:c3483, 2bfdf505-3a1f-44eb-9843-3820b2477da1:c3483]
2019-09-05 19:10:47,303 [grpc-default-executor-1] INFO  client.GrpcClientProtocolClient (GrpcClientProtocolClient.java:onNext(255)) - client-729EAB8E4297->a9cb8897-0d38-4c59-817a-d67a8ba30c67: receive RaftClientReply:client-729EAB8E4297->a9cb8897-0d38-4c59-817a-d67a8ba30c67@group-A55F67FDC954, cid=2337, SUCCESS, logIndex=3487, commits[a9cb8897-0d38-4c59-817a-d67a8ba30c67:c3487, 41e21bac-56c9-465a-a1cc-bc71b3ab473c:c3483, 2bfdf505-3a1f-44eb-9843-3820b2477da1:c3483]
2019-09-05 19:10:47,327 [grpc-default-executor-1] INFO  client.GrpcClientProtocolClient (GrpcClientProtocolClient.java:onNext(255)) - client-729EAB8E4297->a9cb8897-0d38-4c59-817a-d67a8ba30c67: receive RaftClientReply:client-729EAB8E4297->a9cb8897-0d38-4c59-817a-d67a8ba30c67@group-A55F67FDC954, cid=2338, SUCCESS, logIndex=0, commits[a9cb8897-0d38-4c59-817a-d67a8ba30c67:c3489, 41e21bac-56c9-465a-a1cc-bc71b3ab473c:c3487, 2bfdf505-3a1f-44eb-9843-3820b2477da1:c3487]
 0.00% |█                                                                                                    |  0/1 Time: 0:00:212019-09-05 19:10:47,356 [grpc-default-executor-2] INFO  client.GrpcClientProtocolClient (GrpcClientProtocolClient.java:onNext(255)) - client-729EAB8E4297->a9cb8897-0d38-4c59-817a-d67a8ba30c67: receive RaftClientReply:client-729EAB8E4297->a9cb8897-0d38-4c59-817a-d67a8ba30c67@group-A55F67FDC954, cid=2339, SUCCESS, logIndex=3490, commits[a9cb8897-0d38-4c59-817a-d67a8ba30c67:c3491, 41e21bac-56c9-465a-a1cc-bc71b3ab473c:c3489, 2bfdf505-3a1f-44eb-9843-3820b2477da1:c3489]
2019-09-05 19:10:47,356 [grpc-default-executor-0] INFO  client.GrpcClientProtocolClient (GrpcClientProtocolClient.java:onNext(255)) - client-729EAB8E4297->a9cb8897-0d38-4c59-817a-d67a8ba30c67: receive RaftClientReply:client-729EAB8E4297->a9cb8897-0d38-4c59-817a-d67a8ba30c67@group-A55F67FDC954, cid=2340, SUCCESS, logIndex=3491, commits[a9cb8897-0d38-4c59-817a-d67a8ba30c67:c3491, 41e21bac-56c9-465a-a1cc-bc71b3ab473c:c3489, 2bfdf505-3a1f-44eb-9843-3820b2477da1:c3489]
2019-09-05 19:10:47,357 [grpc-default-executor-0] INFO  client.GrpcClientProtocolClient (GrpcClientProtocolClient.java:onNext(255)) - client-729EAB8E4297->a9cb8897-0d38-4c59-817a-d67a8ba30c67: receive RaftClientReply:client-729EAB8E4297->a9cb8897-0d38-4c59-817a-d67a8ba30c67@group-A55F67FDC954, cid=2341, SUCCESS, logIndex=3492, commits[a9cb8897-0d38-4c59-817a-d67a8ba30c67:c3493, 41e21bac-56c9-465a-a1cc-bc71b3ab473c:c3489, 2bfdf505-3a1f-44eb-9843-3820b2477da1:c3489]
2019-09-05 19:10:47,357 [grpc-default-executor-0] INFO  client.GrpcClientProtocolClient (GrpcClientProtocolClient.java:onNext(255)) - client-729EAB8E4297->a9cb8897-0d38-4c59-817a-d67a8ba30c67: receive RaftClientReply:client-729EAB8E4297->a9cb8897-0d38-4c59-817a-d67a8ba30c67@group-A55F67FDC954, cid=2342, SUCCESS, logIndex=3493, commits[a9cb8897-0d38-4c59-817a-d67a8ba30c67:c3493, 41e21bac-56c9-465a-a1cc-bc71b3ab473c:c3489, 2bfdf505-3a1f-44eb-9843-3820b2477da1:c3489]
2019-09-05 19:10:47,371 [grpc-default-executor-2] INFO  client.GrpcClientProtocolClient (GrpcClientProtocolClient.java:onNext(255)) - client-729EAB8E4297->a9cb8897-0d38-4c59-817a-d67a8ba30c67: receive RaftClientReply:client-729EAB8E4297->a9cb8897-0d38-4c59-817a-d67a8ba30c67@group-A55F67FDC954, cid=2343, SUCCESS, logIndex=0, commits[a9cb8897-0d38-4c59-817a-d67a8ba30c67:c3495, 41e21bac-56c9-465a-a1cc-bc71b3ab473c:c3491, 2bfdf505-3a1f-44eb-9843-3820b2477da1:c3491]
2019-09-05 19:10:47,384 [grpc-default-executor-0] INFO  client.GrpcClientProtocolClient (GrpcClientProtocolClient.java:onNext(255)) - client-729EAB8E4297->a9cb8897-0d38-4c59-817a-d67a8ba30c67: receive RaftClientReply:client-729EAB8E4297->a9cb8897-0d38-4c59-817a-d67a8ba30c67@group-A55F67FDC954, cid=2344, SUCCESS, logIndex=3498, commits[a9cb8897-0d38-4c59-817a-d67a8ba30c67:c3499, 41e21bac-56c9-465a-a1cc-bc71b3ab473c:c3493, 2bfdf505-3a1f-44eb-9843-3820b2477da1:c3497]
2019-09-05 19:10:47,385 [grpc-default-executor-0] INFO  client.GrpcClientProtocolClient (GrpcClientProtocolClient.java:onNext(255)) - client-729EAB8E4297->a9cb8897-0d38-4c59-817a-d67a8ba30c67: receive RaftClientReply:client-729EAB8E4297->a9cb8897-0d38-4c59-817a-d67a8ba30c67@group-A55F67FDC954, cid=2345, SUCCESS, logIndex=3499, commits[a9cb8897-0d38-4c59-817a-d67a8ba30c67:c3499, 41e21bac-56c9-465a-a1cc-bc71b3ab473c:c3493, 2bfdf505-3a1f-44eb-9843-3820b2477da1:c3497]
2019-09-05 19:10:47,409 [grpc-default-executor-2] INFO  client.GrpcClientProtocolClient (GrpcClientProtocolClient.java:onNext(255)) - client-729EAB8E4297->a9cb8897-0d38-4c59-817a-d67a8ba30c67: receive RaftClientReply:client-729EAB8E4297->a9cb8897-0d38-4c59-817a-d67a8ba30c67@group-A55F67FDC954, cid=2346, SUCCESS, logIndex=3502, commits[a9cb8897-0d38-4c59-817a-d67a8ba30c67:c3503, 41e21bac-56c9-465a-a1cc-bc71b3ab473c:c3499, 2bfdf505-3a1f-44eb-9843-3820b2477da1:c3499]
2019-09-05 19:10:47,409 [grpc-default-executor-2] INFO  client.GrpcClientProtocolClient (GrpcClientProtocolClient.java:onNext(255)) - client-729EAB8E4297->a9cb8897-0d38-4c59-817a-d67a8ba30c67: receive RaftClientReply:client-729EAB8E4297->a9cb8897-0d38-4c59-817a-d67a8ba30c67@group-A55F67FDC954, cid=2347, SUCCESS, logIndex=3503, commits[a9cb8897-0d38-4c59-817a-d67a8ba30c67:c3503, 41e21bac-56c9-465a-a1cc-bc71b3ab473c:c3499, 2bfdf505-3a1f-44eb-9843-3820b2477da1:c3499]
2019-09-05 19:10:47,412 [grpc-default-executor-2] INFO  client.GrpcClientProtocolClient (GrpcClientProtocolClient.java:onNext(255)) - client-729EAB8E4297->a9cb8897-0d38-4c59-817a-d67a8ba30c67: receive RaftClientReply:client-729EAB8E4297->a9cb8897-0d38-4c59-817a-d67a8ba30c67@group-A55F67FDC954, cid=2348, SUCCESS, logIndex=0, commits[a9cb8897-0d38-4c59-817a-d67a8ba30c67:c3503, 41e21bac-56c9-465a-a1cc-bc71b3ab473c:c3503, 2bfdf505-3a1f-44eb-9843-3820b2477da1:c3503]
2019-09-05 19:10:47,431 [grpc-default-executor-1] INFO  client.GrpcClientProtocolClient (GrpcClientProtocolClient.java:onNext(255)) - client-729EAB8E4297->a9cb8897-0d38-4c59-817a-d67a8ba30c67: receive RaftClientReply:client-729EAB8E4297->a9cb8897-0d38-4c59-817a-d67a8ba30c67@group-A55F67FDC954, cid=2349, SUCCESS, logIndex=3505, commits[a9cb8897-0d38-4c59-817a-d67a8ba30c67:c3506, 41e21bac-56c9-465a-a1cc-bc71b3ab473c:c3504, 2bfdf505-3a1f-44eb-9843-3820b2477da1:c3503]
2019-09-05 19:10:47,431 [grpc-default-executor-1] INFO  client.GrpcClientProtocolClient (GrpcClientProtocolClient.java:onNext(255)) - client-729EAB8E4297->a9cb8897-0d38-4c59-817a-d67a8ba30c67: receive RaftClientReply:client-729EAB8E4297->a9cb8897-0d38-4c59-817a-d67a8ba30c67@group-A55F67FDC954, cid=2350, SUCCESS, logIndex=3506, commits[a9cb8897-0d38-4c59-817a-d67a8ba30c67:c3506, 41e21bac-56c9-465a-a1cc-bc71b3ab473c:c3504, 2bfdf505-3a1f-44eb-9843-3820b2477da1:c3503]
2019-09-05 19:10:47,434 [grpc-default-executor-1] INFO  client.GrpcClientProtocolClient (GrpcClientProtocolClient.java:onNext(255)) - client-729EAB8E4297->a9cb8897-0d38-4c59-817a-d67a8ba30c67: receive RaftClientReply:client-729EAB8E4297->a9cb8897-0d38-4c59-817a-d67a8ba30c67@group-A55F67FDC954, cid=2351, SUCCESS, logIndex=3507, commits[a9cb8897-0d38-4c59-817a-d67a8ba30c67:c3508, 41e21bac-56c9-465a-a1cc-bc71b3ab473c:c3504, 2bfdf505-3a1f-44eb-9843-3820b2477da1:c3504]
2019-09-05 19:10:47,434 [grpc-default-executor-1] INFO  client.GrpcClientProtocolClient (GrpcClientProtocolClient.java:onNext(255)) - client-729EAB8E4297->a9cb8897-0d38-4c59-817a-d67a8ba30c67: receive RaftClientReply:client-729EAB8E4297->a9cb8897-0d38-4c59-817a-d67a8ba30c67@group-A55F67FDC954, cid=2352, SUCCESS, logIndex=3508, commits[a9cb8897-0d38-4c59-817a-d67a8ba30c67:c3508, 41e21bac-56c9-465a-a1cc-bc71b3ab473c:c3504, 2bfdf505-3a1f-44eb-9843-3820b2477da1:c3504]
2019-09-05 19:10:47,436 [grpc-default-executor-1] INFO  client.GrpcClientProtocolClient (GrpcClientProtocolClient.java:onNext(255)) - client-729EAB8E4297->a9cb8897-0d38-4c59-817a-d67a8ba30c67: receive RaftClientReply:client-729EAB8E4297->a9cb8897-0d38-4c59-817a-d67a8ba30c67@group-A55F67FDC954, cid=2353, SUCCESS, logIndex=0, commits[a9cb8897-0d38-4c59-817a-d67a8ba30c67:c3510, 41e21bac-56c9-465a-a1cc-bc71b3ab473c:c3506, 2bfdf505-3a1f-44eb-9843-3820b2477da1:c3506]
2019-09-05 19:10:47,447 [grpc-default-executor-2] INFO  client.GrpcClientProtocolClient (GrpcClientProtocolClient.java:onNext(255)) - client-729EAB8E4297->a9cb8897-0d38-4c59-817a-d67a8ba30c67: receive RaftClientReply:client-729EAB8E4297->a9cb8897-0d38-4c59-817a-d67a8ba30c67@group-A55F67FDC954, cid=2354, SUCCESS, logIndex=3513, commits[a9cb8897-0d38-4c59-817a-d67a8ba30c67:c3514, 41e21bac-56c9-465a-a1cc-bc71b3ab473c:c3512, 2bfdf505-3a1f-44eb-9843-3820b2477da1:c3508]
2019-09-05 19:10:47,448 [grpc-default-executor-2] INFO  client.GrpcClientProtocolClient (GrpcClientProtocolClient.java:onNext(255)) - client-729EAB8E4297->a9cb8897-0d38-4c59-817a-d67a8ba30c67: receive RaftClientReply:client-729EAB8E4297->a9cb8897-0d38-4c59-817a-d67a8ba30c67@group-A55F67FDC954, cid=2355, SUCCESS, logIndex=3514, commits[a9cb8897-0d38-4c59-817a-d67a8ba30c67:c3514, 41e21bac-56c9-465a-a1cc-bc71b3ab473c:c3512, 2bfdf505-3a1f-44eb-9843-3820b2477da1:c3512]
2019-09-05 19:10:47,460 [grpc-default-executor-2] INFO  client.GrpcClientProtocolClient (GrpcClientProtocolClient.java:onNext(255)) - client-729EAB8E4297->a9cb8897-0d38-4c59-817a-d67a8ba30c67: receive RaftClientReply:client-729EAB8E4297->a9cb8897-0d38-4c59-817a-d67a8ba30c67@group-A55F67FDC954, cid=2356, SUCCESS, logIndex=3517, commits[a9cb8897-0d38-4c59-817a-d67a8ba30c67:c3518, 41e21bac-56c9-465a-a1cc-bc71b3ab473c:c3514, 2bfdf505-3a1f-44eb-9843-3820b2477da1:c3516]
2019-09-05 19:10:47,461 [grpc-default-executor-2] INFO  client.GrpcClientProtocolClient (GrpcClientProtocolClient.java:onNext(255)) - client-729EAB8E4297->a9cb8897-0d38-4c59-817a-d67a8ba30c67: receive RaftClientReply:client-729EAB8E4297->a9cb8897-0d38-4c59-817a-d67a8ba30c67@group-A55F67FDC954, cid=2357, SUCCESS, logIndex=3518, commits[a9cb8897-0d38-4c59-817a-d67a8ba30c67:c3518, 41e21bac-56c9-465a-a1cc-bc71b3ab473c:c3516, 2bfdf505-3a1f-44eb-9843-3820b2477da1:c3516]
2019-09-05 19:10:47,467 [grpc-default-executor-2] INFO  client.GrpcClientProtocolClient (GrpcClientProtocolClient.java:onNext(255)) - client-729EAB8E4297->a9cb8897-0d38-4c59-817a-d67a8ba30c67: receive RaftClientReply:client-729EAB8E4297->a9cb8897-0d38-4c59-817a-d67a8ba30c67@group-A55F67FDC954, cid=2358, SUCCESS, logIndex=0, commits[a9cb8897-0d38-4c59-817a-d67a8ba30c67:c3519, 41e21bac-56c9-465a-a1cc-bc71b3ab473c:c3518, 2bfdf505-3a1f-44eb-9843-3820b2477da1:c3518]
2019-09-05 19:10:47,492 [grpc-default-executor-1] INFO  client.GrpcClientProtocolClient (GrpcClientProtocolClient.java:onNext(255)) - client-729EAB8E4297->a9cb8897-0d38-4c59-817a-d67a8ba30c67: receive RaftClientReply:client-729EAB8E4297->a9cb8897-0d38-4c59-817a-d67a8ba30c67@group-A55F67FDC954, cid=2359, SUCCESS, logIndex=3521, commits[a9cb8897-0d38-4c59-817a-d67a8ba30c67:c3521, 41e21bac-56c9-465a-a1cc-bc71b3ab473c:c3520, 2bfdf505-3a1f-44eb-9843-3820b2477da1:c3520]
2019-09-05 19:10:47,492 [grpc-default-executor-1] INFO  client.GrpcClientProtocolClient (GrpcClientProtocolClient.java:onNext(255)) - client-729EAB8E4297->a9cb8897-0d38-4c59-817a-d67a8ba30c67: receive RaftClientReply:client-729EAB8E4297->a9cb8897-0d38-4c59-817a-d67a8ba30c67@group-A55F67FDC954, cid=2360, SUCCESS, logIndex=3522, commits[a9cb8897-0d38-4c59-817a-d67a8ba30c67:c3524, 41e21bac-56c9-465a-a1cc-bc71b3ab473c:c3520, 2bfdf505-3a1f-44eb-9843-3820b2477da1:c3520]
2019-09-05 19:10:47,493 [grpc-default-executor-1] INFO  client.GrpcClientProtocolClient (GrpcClientProtocolClient.java:onNext(255)) - client-729EAB8E4297->a9cb8897-0d38-4c59-817a-d67a8ba30c67: receive RaftClientReply:client-729EAB8E4297->a9cb8897-0d38-4c59-817a-d67a8ba30c67@group-A55F67FDC954, cid=2361, SUCCESS, logIndex=3523, commits[a9cb8897-0d38-4c59-817a-d67a8ba30c67:c3524, 41e21bac-56c9-465a-a1cc-bc71b3ab473c:c3520, 2bfdf505-3a1f-44eb-9843-3820b2477da1:c3520]
2019-09-05 19:10:47,493 [grpc-default-executor-1] INFO  client.GrpcClientProtocolClient (GrpcClientProtocolClient.java:onNext(255)) - client-729EAB8E4297->a9cb8897-0d38-4c59-817a-d67a8ba30c67: receive RaftClientReply:client-729EAB8E4297->a9cb8897-0d38-4c59-817a-d67a8ba30c67@group-A55F67FDC954, cid=2362, SUCCESS, logIndex=3524, commits[a9cb8897-0d38-4c59-817a-d67a8ba30c67:c3524, 41e21bac-56c9-465a-a1cc-bc71b3ab473c:c3520, 2bfdf505-3a1f-44eb-9843-3820b2477da1:c3520]
2019-09-05 19:10:47,507 [grpc-default-executor-1] INFO  client.GrpcClientProtocolClient (GrpcClientProtocolClient.java:onNext(255)) - client-729EAB8E4297->a9cb8897-0d38-4c59-817a-d67a8ba30c67: receive RaftClientReply:client-729EAB8E4297->a9cb8897-0d38-4c59-817a-d67a8ba30c67@group-A55F67FDC954, cid=2363, SUCCESS, logIndex=0, commits[a9cb8897-0d38-4c59-817a-d67a8ba30c67:c3526, 41e21bac-56c9-465a-a1cc-bc71b3ab473c:c3524, 2bfdf505-3a1f-44eb-9843-3820b2477da1:c3524]
2019-09-05 19:10:47,523 [grpc-default-executor-0] INFO  client.GrpcClientProtocolClient (GrpcClientProtocolClient.java:onNext(255)) - client-729EAB8E4297->a9cb8897-0d38-4c59-817a-d67a8ba30c67: receive RaftClientReply:client-729EAB8E4297->a9cb8897-0d38-4c59-817a-d67a8ba30c67@group-A55F67FDC954, cid=2364, SUCCESS, logIndex=3527, commits[a9cb8897-0d38-4c59-817a-d67a8ba30c67:c3528, 41e21bac-56c9-465a-a1cc-bc71b3ab473c:c3526, 2bfdf505-3a1f-44eb-9843-3820b2477da1:c3526]
2019-09-05 19:10:47,524 [grpc-default-executor-0] INFO  client.GrpcClientProtocolClient (GrpcClientProtocolClient.java:onNext(255)) - client-729EAB8E4297->a9cb8897-0d38-4c59-817a-d67a8ba30c67: receive RaftClientReply:client-729EAB8E4297->a9cb8897-0d38-4c59-817a-d67a8ba30c67@group-A55F67FDC954, cid=2365, SUCCESS, logIndex=3528, commits[a9cb8897-0d38-4c59-817a-d67a8ba30c67:c3528, 41e21bac-56c9-465a-a1cc-bc71b3ab473c:c3526, 2bfdf505-3a1f-44eb-9843-3820b2477da1:c3526]
2019-09-05 19:10:47,540 [grpc-default-executor-0] INFO  client.GrpcClientProtocolClient (GrpcClientProtocolClient.java:onNext(255)) - client-729EAB8E4297->a9cb8897-0d38-4c59-817a-d67a8ba30c67: receive RaftClientReply:client-729EAB8E4297->a9cb8897-0d38-4c59-817a-d67a8ba30c67@group-A55F67FDC954, cid=2366, SUCCESS, logIndex=3531, commits[a9cb8897-0d38-4c59-817a-d67a8ba30c67:c3531, 41e21bac-56c9-465a-a1cc-bc71b3ab473c:c3529, 2bfdf505-3a1f-44eb-9843-3820b2477da1:c3529]
2019-09-05 19:10:47,540 [grpc-default-executor-0] INFO  client.GrpcClientProtocolClient (GrpcClientProtocolClient.java:onNext(255)) - client-729EAB8E4297->a9cb8897-0d38-4c59-817a-d67a8ba30c67: receive RaftClientReply:client-729EAB8E4297->a9cb8897-0d38-4c59-817a-d67a8ba30c67@group-A55F67FDC954, cid=2367, SUCCESS, logIndex=3532, commits[a9cb8897-0d38-4c59-817a-d67a8ba30c67:c3532, 41e21bac-56c9-465a-a1cc-bc71b3ab473c:c3529, 2bfdf505-3a1f-44eb-9843-3820b2477da1:c3529]
2019-09-05 19:10:47,565 [grpc-default-executor-0] INFO  client.GrpcClientProtocolClient (GrpcClientProtocolClient.java:onNext(255)) - client-729EAB8E4297->a9cb8897-0d38-4c59-817a-d67a8ba30c67: receive RaftClientReply:client-729EAB8E4297->a9cb8897-0d38-4c59-817a-d67a8ba30c67@group-A55F67FDC954, cid=2368, SUCCESS, logIndex=0, commits[a9cb8897-0d38-4c59-817a-d67a8ba30c67:c3534, 41e21bac-56c9-465a-a1cc-bc71b3ab473c:c3532, 2bfdf505-3a1f-44eb-9843-3820b2477da1:c3532]
2019-09-05 19:10:47,765 [grpc-default-executor-1] INFO  client.GrpcClientProtocolClient (GrpcClientProtocolClient.java:onNext(255)) - client-729EAB8E4297->a9cb8897-0d38-4c59-817a-d67a8ba30c67: receive RaftClientReply:client-729EAB8E4297->a9cb8897-0d38-4c59-817a-d67a8ba30c67@group-A55F67FDC954, cid=2369, SUCCESS, logIndex=3535, commits[a9cb8897-0d38-4c59-817a-d67a8ba30c67:c3535, 41e21bac-56c9-465a-a1cc-bc71b3ab473c:c3534, 2bfdf505-3a1f-44eb-9843-3820b2477da1:c3534]
2019-09-05 19:10:47,765 [grpc-default-executor-1] INFO  client.GrpcClientProtocolClient (GrpcClientProtocolClient.java:onNext(255)) - client-729EAB8E4297->a9cb8897-0d38-4c59-817a-d67a8ba30c67: receive RaftClientReply:client-729EAB8E4297->a9cb8897-0d38-4c59-817a-d67a8ba30c67@group-A55F67FDC954, cid=2370, SUCCESS, logIndex=3536, commits[a9cb8897-0d38-4c59-817a-d67a8ba30c67:c3538, 41e21bac-56c9-465a-a1cc-bc71b3ab473c:c3534, 2bfdf505-3a1f-44eb-9843-3820b2477da1:c3534]
2019-09-05 19:10:47,766 [grpc-default-executor-1] INFO  client.GrpcClientProtocolClient (GrpcClientProtocolClient.java:onNext(255)) - client-729EAB8E4297->a9cb8897-0d38-4c59-817a-d67a8ba30c67: receive RaftClientReply:client-729EAB8E4297->a9cb8897-0d38-4c59-817a-d67a8ba30c67@group-A55F67FDC954, cid=2371, SUCCESS, logIndex=3537, commits[a9cb8897-0d38-4c59-817a-d67a8ba30c67:c3538, 41e21bac-56c9-465a-a1cc-bc71b3ab473c:c3534, 2bfdf505-3a1f-44eb-9843-3820b2477da1:c3534]
2019-09-05 19:10:47,766 [grpc-default-executor-1] INFO  client.GrpcClientProtocolClient (GrpcClientProtocolClient.java:onNext(255)) - client-729EAB8E4297->a9cb8897-0d38-4c59-817a-d67a8ba30c67: receive RaftClientReply:client-729EAB8E4297->a9cb8897-0d38-4c59-817a-d67a8ba30c67@group-A55F67FDC954, cid=2372, SUCCESS, logIndex=3538, commits[a9cb8897-0d38-4c59-817a-d67a8ba30c67:c3538, 41e21bac-56c9-465a-a1cc-bc71b3ab473c:c3534, 2bfdf505-3a1f-44eb-9843-3820b2477da1:c3534]
2019-09-05 19:10:47,789 [grpc-default-executor-1] INFO  client.GrpcClientProtocolClient (GrpcClientProtocolClient.java:onNext(255)) - client-729EAB8E4297->a9cb8897-0d38-4c59-817a-d67a8ba30c67: receive RaftClientReply:client-729EAB8E4297->a9cb8897-0d38-4c59-817a-d67a8ba30c67@group-A55F67FDC954, cid=2373, SUCCESS, logIndex=0, commits[a9cb8897-0d38-4c59-817a-d67a8ba30c67:c3542, 41e21bac-56c9-465a-a1cc-bc71b3ab473c:c3538, 2bfdf505-3a1f-44eb-9843-3820b2477da1:c3537]
2019-09-05 19:10:47,812 [grpc-default-executor-1] INFO  client.GrpcClientProtocolClient (GrpcClientProtocolClient.java:onNext(255)) - client-729EAB8E4297->a9cb8897-0d38-4c59-817a-d67a8ba30c67: receive RaftClientReply:client-729EAB8E4297->a9cb8897-0d38-4c59-817a-d67a8ba30c67@group-A55F67FDC954, cid=2374, SUCCESS, logIndex=3543, commits[a9cb8897-0d38-4c59-817a-d67a8ba30c67:c3544, 41e21bac-56c9-465a-a1cc-bc71b3ab473c:c3542, 2bfdf505-3a1f-44eb-9843-3820b2477da1:c3542]
2019-09-05 19:10:47,813 [grpc-default-executor-1] INFO  client.GrpcClientProtocolClient (GrpcClientProtocolClient.java:onNext(255)) - client-729EAB8E4297->a9cb8897-0d38-4c59-817a-d67a8ba30c67: receive RaftClientReply:client-729EAB8E4297->a9cb8897-0d38-4c59-817a-d67a8ba30c67@group-A55F67FDC954, cid=2375, SUCCESS, logIndex=3544, commits[a9cb8897-0d38-4c59-817a-d67a8ba30c67:c3544, 41e21bac-56c9-465a-a1cc-bc71b3ab473c:c3542, 2bfdf505-3a1f-44eb-9843-3820b2477da1:c3542]
2019-09-05 19:10:47,838 [grpc-default-executor-3] INFO  client.GrpcClientProtocolClient (GrpcClientProtocolClient.java:onNext(255)) - client-729EAB8E4297->a9cb8897-0d38-4c59-817a-d67a8ba30c67: receive RaftClientReply:client-729EAB8E4297->a9cb8897-0d38-4c59-817a-d67a8ba30c67@group-A55F67FDC954, cid=2376, SUCCESS, logIndex=3547, commits[a9cb8897-0d38-4c59-817a-d67a8ba30c67:c3548, 41e21bac-56c9-465a-a1cc-bc71b3ab473c:c3544, 2bfdf505-3a1f-44eb-9843-3820b2477da1:c3544]
2019-09-05 19:10:47,839 [grpc-default-executor-3] INFO  client.GrpcClientProtocolClient (GrpcClientProtocolClient.java:onNext(255)) - client-729EAB8E4297->a9cb8897-0d38-4c59-817a-d67a8ba30c67: receive RaftClientReply:client-729EAB8E4297->a9cb8897-0d38-4c59-817a-d67a8ba30c67@group-A55F67FDC954, cid=2377, SUCCESS, logIndex=3548, commits[a9cb8897-0d38-4c59-817a-d67a8ba30c67:c3548, 41e21bac-56c9-465a-a1cc-bc71b3ab473c:c3544, 2bfdf505-3a1f-44eb-9843-3820b2477da1:c3544]
2019-09-05 19:10:47,851 [grpc-default-executor-3] INFO  client.GrpcClientProtocolClient (GrpcClientProtocolClient.java:onNext(255)) - client-729EAB8E4297->a9cb8897-0d38-4c59-817a-d67a8ba30c67: receive RaftClientReply:client-729EAB8E4297->a9cb8897-0d38-4c59-817a-d67a8ba30c67@group-A55F67FDC954, cid=2378, SUCCESS, logIndex=0, commits[a9cb8897-0d38-4c59-817a-d67a8ba30c67:c3549, 41e21bac-56c9-465a-a1cc-bc71b3ab473c:c3548, 2bfdf505-3a1f-44eb-9843-3820b2477da1:c3548]
2019-09-05 19:10:47,887 [grpc-default-executor-1] INFO  client.GrpcClientProtocolClient (GrpcClientProtocolClient.java:onNext(255)) - client-729EAB8E4297->a9cb8897-0d38-4c59-817a-d67a8ba30c67: receive RaftClientReply:client-729EAB8E4297->a9cb8897-0d38-4c59-817a-d67a8ba30c67@group-A55F67FDC954, cid=2379, SUCCESS, logIndex=3551, commits[a9cb8897-0d38-4c59-817a-d67a8ba30c67:c3552, 41e21bac-56c9-465a-a1cc-bc71b3ab473c:c3550, 2bfdf505-3a1f-44eb-9843-3820b2477da1:c3550]
2019-09-05 19:10:47,888 [grpc-default-executor-1] INFO  client.GrpcClientProtocolClient (GrpcClientProtocolClient.java:onNext(255)) - client-729EAB8E4297->a9cb8897-0d38-4c59-817a-d67a8ba30c67: receive RaftClientReply:client-729EAB8E4297->a9cb8897-0d38-4c59-817a-d67a8ba30c67@group-A55F67FDC954, cid=2380, SUCCESS, logIndex=3552, commits[a9cb8897-0d38-4c59-817a-d67a8ba30c67:c3552, 41e21bac-56c9-465a-a1cc-bc71b3ab473c:c3550, 2bfdf505-3a1f-44eb-9843-3820b2477da1:c3550]
2019-09-05 19:10:47,897 [grpc-default-executor-0] INFO  client.GrpcClientProtocolClient (GrpcClientProtocolClient.java:onNext(255)) - client-729EAB8E4297->a9cb8897-0d38-4c59-817a-d67a8ba30c67: receive RaftClientReply:client-729EAB8E4297->a9cb8897-0d38-4c59-817a-d67a8ba30c67@group-A55F67FDC954, cid=2381, SUCCESS, logIndex=3553, commits[a9cb8897-0d38-4c59-817a-d67a8ba30c67:c3554, 41e21bac-56c9-465a-a1cc-bc71b3ab473c:c3550, 2bfdf505-3a1f-44eb-9843-3820b2477da1:c3550]
2019-09-05 19:10:47,898 [grpc-default-executor-0] INFO  client.GrpcClientProtocolClient (GrpcClientProtocolClient.java:onNext(255)) - client-729EAB8E4297->a9cb8897-0d38-4c59-817a-d67a8ba30c67: receive RaftClientReply:client-729EAB8E4297->a9cb8897-0d38-4c59-817a-d67a8ba30c67@group-A55F67FDC954, cid=2382, SUCCESS, logIndex=3554, commits[a9cb8897-0d38-4c59-817a-d67a8ba30c67:c3554, 41e21bac-56c9-465a-a1cc-bc71b3ab473c:c3550, 2bfdf505-3a1f-44eb-9843-3820b2477da1:c3550]
2019-09-05 19:10:47,913 [grpc-default-executor-0] INFO  client.GrpcClientProtocolClient (GrpcClientProtocolClient.java:onNext(255)) - client-729EAB8E4297->a9cb8897-0d38-4c59-817a-d67a8ba30c67: receive RaftClientReply:client-729EAB8E4297->a9cb8897-0d38-4c59-817a-d67a8ba30c67@group-A55F67FDC954, cid=2383, SUCCESS, logIndex=0, commits[a9cb8897-0d38-4c59-817a-d67a8ba30c67:c3556, 41e21bac-56c9-465a-a1cc-bc71b3ab473c:c3552, 2bfdf505-3a1f-44eb-9843-3820b2477da1:c3552]
2019-09-05 19:10:47,929 [grpc-default-executor-3] INFO  client.GrpcClientProtocolClient (GrpcClientProtocolClient.java:onNext(255)) - client-729EAB8E4297->a9cb8897-0d38-4c59-817a-d67a8ba30c67: receive RaftClientReply:client-729EAB8E4297->a9cb8897-0d38-4c59-817a-d67a8ba30c67@group-A55F67FDC954, cid=2384, SUCCESS, logIndex=3558, commits[a9cb8897-0d38-4c59-817a-d67a8ba30c67:c3559, 41e21bac-56c9-465a-a1cc-bc71b3ab473c:c3556, 2bfdf505-3a1f-44eb-9843-3820b2477da1:c3556]
2019-09-05 19:10:47,929 [grpc-default-executor-3] INFO  client.GrpcClientProtocolClient (GrpcClientProtocolClient.java:onNext(255)) - client-729EAB8E4297->a9cb8897-0d38-4c59-817a-d67a8ba30c67: receive RaftClientReply:client-729EAB8E4297->a9cb8897-0d38-4c59-817a-d67a8ba30c67@group-A55F67FDC954, cid=2385, SUCCESS, logIndex=3559, commits[a9cb8897-0d38-4c59-817a-d67a8ba30c67:c3559, 41e21bac-56c9-465a-a1cc-bc71b3ab473c:c3556, 2bfdf505-3a1f-44eb-9843-3820b2477da1:c3556]
2019-09-05 19:10:47,945 [grpc-default-executor-1] INFO  client.GrpcClientProtocolClient (GrpcClientProtocolClient.java:onNext(255)) - client-729EAB8E4297->a9cb8897-0d38-4c59-817a-d67a8ba30c67: receive RaftClientReply:client-729EAB8E4297->a9cb8897-0d38-4c59-817a-d67a8ba30c67@group-A55F67FDC954, cid=2386, SUCCESS, logIndex=3562, commits[a9cb8897-0d38-4c59-817a-d67a8ba30c67:c3563, 41e21bac-56c9-465a-a1cc-bc71b3ab473c:c3561, 2bfdf505-3a1f-44eb-9843-3820b2477da1:c3559]
2019-09-05 19:10:47,945 [grpc-default-executor-1] INFO  client.GrpcClientProtocolClient (GrpcClientProtocolClient.java:onNext(255)) - client-729EAB8E4297->a9cb8897-0d38-4c59-817a-d67a8ba30c67: receive RaftClientReply:client-729EAB8E4297->a9cb8897-0d38-4c59-817a-d67a8ba30c67@group-A55F67FDC954, cid=2387, SUCCESS, logIndex=3563, commits[a9cb8897-0d38-4c59-817a-d67a8ba30c67:c3563, 41e21bac-56c9-465a-a1cc-bc71b3ab473c:c3561, 2bfdf505-3a1f-44eb-9843-3820b2477da1:c3559]
2019-09-05 19:10:47,949 [grpc-default-executor-1] INFO  client.GrpcClientProtocolClient (GrpcClientProtocolClient.java:onNext(255)) - client-729EAB8E4297->a9cb8897-0d38-4c59-817a-d67a8ba30c67: receive RaftClientReply:client-729EAB8E4297->a9cb8897-0d38-4c59-817a-d67a8ba30c67@group-A55F67FDC954, cid=2388, SUCCESS, logIndex=0, commits[a9cb8897-0d38-4c59-817a-d67a8ba30c67:c3565, 41e21bac-56c9-465a-a1cc-bc71b3ab473c:c3563, 2bfdf505-3a1f-44eb-9843-3820b2477da1:c3563]
2019-09-05 19:10:47,975 [grpc-default-executor-3] INFO  client.GrpcClientProtocolClient (GrpcClientProtocolClient.java:onNext(255)) - client-729EAB8E4297->a9cb8897-0d38-4c59-817a-d67a8ba30c67: receive RaftClientReply:client-729EAB8E4297->a9cb8897-0d38-4c59-817a-d67a8ba30c67@group-A55F67FDC954, cid=2389, SUCCESS, logIndex=3566, commits[a9cb8897-0d38-4c59-817a-d67a8ba30c67:c3567, 41e21bac-56c9-465a-a1cc-bc71b3ab473c:c3565, 2bfdf505-3a1f-44eb-9843-3820b2477da1:c3563]
2019-09-05 19:10:47,975 [grpc-default-executor-3] INFO  client.GrpcClientProtocolClient (GrpcClientProtocolClient.java:onNext(255)) - client-729EAB8E4297->a9cb8897-0d38-4c59-817a-d67a8ba30c67: receive RaftClientReply:client-729EAB8E4297->a9cb8897-0d38-4c59-817a-d67a8ba30c67@group-A55F67FDC954, cid=2390, SUCCESS, logIndex=3567, commits[a9cb8897-0d38-4c59-817a-d67a8ba30c67:c3567, 41e21bac-56c9-465a-a1cc-bc71b3ab473c:c3565, 2bfdf505-3a1f-44eb-9843-3820b2477da1:c3565]
2019-09-05 19:10:47,979 [grpc-default-executor-0] INFO  client.GrpcClientProtocolClient (GrpcClientProtocolClient.java:onNext(255)) - client-729EAB8E4297->a9cb8897-0d38-4c59-817a-d67a8ba30c67: receive RaftClientReply:client-729EAB8E4297->a9cb8897-0d38-4c59-817a-d67a8ba30c67@group-A55F67FDC954, cid=2391, SUCCESS, logIndex=3568, commits[a9cb8897-0d38-4c59-817a-d67a8ba30c67:c3570, 41e21bac-56c9-465a-a1cc-bc71b3ab473c:c3566, 2bfdf505-3a1f-44eb-9843-3820b2477da1:c3565]
2019-09-05 19:10:47,980 [grpc-default-executor-0] INFO  client.GrpcClientProtocolClient (GrpcClientProtocolClient.java:onNext(255)) - client-729EAB8E4297->a9cb8897-0d38-4c59-817a-d67a8ba30c67: receive RaftClientReply:client-729EAB8E4297->a9cb8897-0d38-4c59-817a-d67a8ba30c67@group-A55F67FDC954, cid=2392, SUCCESS, logIndex=3569, commits[a9cb8897-0d38-4c59-817a-d67a8ba30c67:c3571, 41e21bac-56c9-465a-a1cc-bc71b3ab473c:c3567, 2bfdf505-3a1f-44eb-9843-3820b2477da1:c3565]
2019-09-05 19:10:47,981 [grpc-default-executor-0] INFO  client.GrpcClientProtocolClient (GrpcClientProtocolClient.java:onNext(255)) - client-729EAB8E4297->a9cb8897-0d38-4c59-817a-d67a8ba30c67: receive RaftClientReply:client-729EAB8E4297->a9cb8897-0d38-4c59-817a-d67a8ba30c67@group-A55F67FDC954, cid=2393, SUCCESS, logIndex=0, commits[a9cb8897-0d38-4c59-817a-d67a8ba30c67:c3571, 41e21bac-56c9-465a-a1cc-bc71b3ab473c:c3567, 2bfdf505-3a1f-44eb-9843-3820b2477da1:c3567]
2019-09-05 19:10:47,994 [grpc-default-executor-3] INFO  client.GrpcClientProtocolClient (GrpcClientProtocolClient.java:onNext(255)) - client-729EAB8E4297->a9cb8897-0d38-4c59-817a-d67a8ba30c67: receive RaftClientReply:client-729EAB8E4297->a9cb8897-0d38-4c59-817a-d67a8ba30c67@group-A55F67FDC954, cid=2394, SUCCESS, logIndex=3574, commits[a9cb8897-0d38-4c59-817a-d67a8ba30c67:c3575, 41e21bac-56c9-465a-a1cc-bc71b3ab473c:c3573, 2bfdf505-3a1f-44eb-9843-3820b2477da1:c3573]
2019-09-05 19:10:47,995 [grpc-default-executor-3] INFO  client.GrpcClientProtocolClient (GrpcClientProtocolClient.java:onNext(255)) - client-729EAB8E4297->a9cb8897-0d38-4c59-817a-d67a8ba30c67: receive RaftClientReply:client-729EAB8E4297->a9cb8897-0d38-4c59-817a-d67a8ba30c67@group-A55F67FDC954, cid=2395, SUCCESS, logIndex=3575, commits[a9cb8897-0d38-4c59-817a-d67a8ba30c67:c3575, 41e21bac-56c9-465a-a1cc-bc71b3ab473c:c3573, 2bfdf505-3a1f-44eb-9843-3820b2477da1:c3573]
2019-09-05 19:10:48,008 [grpc-default-executor-0] INFO  client.GrpcClientProtocolClient (GrpcClientProtocolClient.java:onNext(255)) - client-729EAB8E4297->a9cb8897-0d38-4c59-817a-d67a8ba30c67: receive RaftClientReply:client-729EAB8E4297->a9cb8897-0d38-4c59-817a-d67a8ba30c67@group-A55F67FDC954, cid=2396, SUCCESS, logIndex=3578, commits[a9cb8897-0d38-4c59-817a-d67a8ba30c67:c3579, 41e21bac-56c9-465a-a1cc-bc71b3ab473c:c3577, 2bfdf505-3a1f-44eb-9843-3820b2477da1:c3577]
2019-09-05 19:10:48,009 [grpc-default-executor-0] INFO  client.GrpcClientProtocolClient (GrpcClientProtocolClient.java:onNext(255)) - client-729EAB8E4297->a9cb8897-0d38-4c59-817a-d67a8ba30c67: receive RaftClientReply:client-729EAB8E4297->a9cb8897-0d38-4c59-817a-d67a8ba30c67@group-A55F67FDC954, cid=2397, SUCCESS, logIndex=3579, commits[a9cb8897-0d38-4c59-817a-d67a8ba30c67:c3579, 41e21bac-56c9-465a-a1cc-bc71b3ab473c:c3577, 2bfdf505-3a1f-44eb-9843-3820b2477da1:c3577]
2019-09-05 19:10:48,012 [grpc-default-executor-0] INFO  client.GrpcClientProtocolClient (GrpcClientProtocolClient.java:onNext(255)) - client-729EAB8E4297->a9cb8897-0d38-4c59-817a-d67a8ba30c67: receive RaftClientReply:client-729EAB8E4297->a9cb8897-0d38-4c59-817a-d67a8ba30c67@group-A55F67FDC954, cid=2398, SUCCESS, logIndex=0, commits[a9cb8897-0d38-4c59-817a-d67a8ba30c67:c3580, 41e21bac-56c9-465a-a1cc-bc71b3ab473c:c3579, 2bfdf505-3a1f-44eb-9843-3820b2477da1:c3579]
2019-09-05 19:10:48,047 [grpc-default-executor-1] INFO  client.GrpcClientProtocolClient (GrpcClientProtocolClient.java:onNext(255)) - client-729EAB8E4297->a9cb8897-0d38-4c59-817a-d67a8ba30c67: receive RaftClientReply:client-729EAB8E4297->a9cb8897-0d38-4c59-817a-d67a8ba30c67@group-A55F67FDC954, cid=2399, SUCCESS, logIndex=3582, commits[a9cb8897-0d38-4c59-817a-d67a8ba30c67:c3583, 41e21bac-56c9-465a-a1cc-bc71b3ab473c:c3581, 2bfdf505-3a1f-44eb-9843-3820b2477da1:c3579]
2019-09-05 19:10:48,048 [grpc-default-executor-1] INFO  client.GrpcClientProtocolClient (GrpcClientProtocolClient.java:onNext(255)) - client-729EAB8E4297->a9cb8897-0d38-4c59-817a-d67a8ba30c67: receive RaftClientReply:client-729EAB8E4297->a9cb8897-0d38-4c59-817a-d67a8ba30c67@group-A55F67FDC954, cid=2400, SUCCESS, logIndex=3583, commits[a9cb8897-0d38-4c59-817a-d67a8ba30c67:c3585, 41e21bac-56c9-465a-a1cc-bc71b3ab473c:c3581, 2bfdf505-3a1f-44eb-9843-3820b2477da1:c3581]
2019-09-05 19:10:48,048 [grpc-default-executor-1] INFO  client.GrpcClientProtocolClient (GrpcClientProtocolClient.java:onNext(255)) - client-729EAB8E4297->a9cb8897-0d38-4c59-817a-d67a8ba30c67: receive RaftClientReply:client-729EAB8E4297->a9cb8897-0d38-4c59-817a-d67a8ba30c67@group-A55F67FDC954, cid=2401, SUCCESS, logIndex=3584, commits[a9cb8897-0d38-4c59-817a-d67a8ba30c67:c3585, 41e21bac-56c9-465a-a1cc-bc71b3ab473c:c3581, 2bfdf505-3a1f-44eb-9843-3820b2477da1:c3581]
2019-09-05 19:10:48,048 [grpc-default-executor-1] INFO  client.GrpcClientProtocolClient (GrpcClientProtocolClient.java:onNext(255)) - client-729EAB8E4297->a9cb8897-0d38-4c59-817a-d67a8ba30c67: receive RaftClientReply:client-729EAB8E4297->a9cb8897-0d38-4c59-817a-d67a8ba30c67@group-A55F67FDC954, cid=2402, SUCCESS, logIndex=3585, commits[a9cb8897-0d38-4c59-817a-d67a8ba30c67:c3585, 41e21bac-56c9-465a-a1cc-bc71b3ab473c:c3581, 2bfdf505-3a1f-44eb-9843-3820b2477da1:c3581]
2019-09-05 19:10:48,060 [grpc-default-executor-0] INFO  client.GrpcClientProtocolClient (GrpcClientProtocolClient.java:onNext(255)) - client-729EAB8E4297->a9cb8897-0d38-4c59-817a-d67a8ba30c67: receive RaftClientReply:client-729EAB8E4297->a9cb8897-0d38-4c59-817a-d67a8ba30c67@group-A55F67FDC954, cid=2403, SUCCESS, logIndex=0, commits[a9cb8897-0d38-4c59-817a-d67a8ba30c67:c3586, 41e21bac-56c9-465a-a1cc-bc71b3ab473c:c3583, 2bfdf505-3a1f-44eb-9843-3820b2477da1:c3583]
2019-09-05 19:10:48,084 [grpc-default-executor-0] INFO  client.GrpcClientProtocolClient (GrpcClientProtocolClient.java:onNext(255)) - client-729EAB8E4297->a9cb8897-0d38-4c59-817a-d67a8ba30c67: receive RaftClientReply:client-729EAB8E4297->a9cb8897-0d38-4c59-817a-d67a8ba30c67@group-A55F67FDC954, cid=2404, SUCCESS, logIndex=3590, commits[a9cb8897-0d38-4c59-817a-d67a8ba30c67:c3591, 41e21bac-56c9-465a-a1cc-bc71b3ab473c:c3586, 2bfdf505-3a1f-44eb-9843-3820b2477da1:c3586]
2019-09-05 19:10:48,084 [grpc-default-executor-0] INFO  client.GrpcClientProtocolClient (GrpcClientProtocolClient.java:onNext(255)) - client-729EAB8E4297->a9cb8897-0d38-4c59-817a-d67a8ba30c67: receive RaftClientReply:client-729EAB8E4297->a9cb8897-0d38-4c59-817a-d67a8ba30c67@group-A55F67FDC954, cid=2405, SUCCESS, logIndex=3591, commits[a9cb8897-0d38-4c59-817a-d67a8ba30c67:c3591, 41e21bac-56c9-465a-a1cc-bc71b3ab473c:c3586, 2bfdf505-3a1f-44eb-9843-3820b2477da1:c3586]
2019-09-05 19:10:48,112 [grpc-default-executor-2] INFO  client.GrpcClientProtocolClient (GrpcClientProtocolClient.java:onNext(255)) - client-729EAB8E4297->a9cb8897-0d38-4c59-817a-d67a8ba30c67: receive RaftClientReply:client-729EAB8E4297->a9cb8897-0d38-4c59-817a-d67a8ba30c67@group-A55F67FDC954, cid=2406, SUCCESS, logIndex=3594, commits[a9cb8897-0d38-4c59-817a-d67a8ba30c67:c3595, 41e21bac-56c9-465a-a1cc-bc71b3ab473c:c3592, 2bfdf505-3a1f-44eb-9843-3820b2477da1:c3592]
2019-09-05 19:10:48,112 [grpc-default-executor-2] INFO  client.GrpcClientProtocolClient (GrpcClientProtocolClient.java:onNext(255)) - client-729EAB8E4297->a9cb8897-0d38-4c59-817a-d67a8ba30c67: receive RaftClientReply:client-729EAB8E4297->a9cb8897-0d38-4c59-817a-d67a8ba30c67@group-A55F67FDC954, cid=2407, SUCCESS, logIndex=3595, commits[a9cb8897-0d38-4c59-817a-d67a8ba30c67:c3595, 41e21bac-56c9-465a-a1cc-bc71b3ab473c:c3592, 2bfdf505-3a1f-44eb-9843-3820b2477da1:c3592]
2019-09-05 19:10:48,115 [grpc-default-executor-2] INFO  client.GrpcClientProtocolClient (GrpcClientProtocolClient.java:onNext(255)) - client-729EAB8E4297->a9cb8897-0d38-4c59-817a-d67a8ba30c67: receive RaftClientReply:client-729EAB8E4297->a9cb8897-0d38-4c59-817a-d67a8ba30c67@group-A55F67FDC954, cid=2408, SUCCESS, logIndex=0, commits[a9cb8897-0d38-4c59-817a-d67a8ba30c67:c3596, 41e21bac-56c9-465a-a1cc-bc71b3ab473c:c3595, 2bfdf505-3a1f-44eb-9843-3820b2477da1:c3595]
2019-09-05 19:10:48,150 [grpc-default-executor-3] INFO  client.GrpcClientProtocolClient (GrpcClientProtocolClient.java:onNext(255)) - client-729EAB8E4297->a9cb8897-0d38-4c59-817a-d67a8ba30c67: receive RaftClientReply:client-729EAB8E4297->a9cb8897-0d38-4c59-817a-d67a8ba30c67@group-A55F67FDC954, cid=2409, SUCCESS, logIndex=3598, commits[a9cb8897-0d38-4c59-817a-d67a8ba30c67:c3599, 41e21bac-56c9-465a-a1cc-bc71b3ab473c:c3597, 2bfdf505-3a1f-44eb-9843-3820b2477da1:c3597]
2019-09-05 19:10:48,151 [grpc-default-executor-3] INFO  client.GrpcClientProtocolClient (GrpcClientProtocolClient.java:onNext(255)) - client-729EAB8E4297->a9cb8897-0d38-4c59-817a-d67a8ba30c67: receive RaftClientReply:client-729EAB8E4297->a9cb8897-0d38-4c59-817a-d67a8ba30c67@group-A55F67FDC954, cid=2410, SUCCESS, logIndex=3599, commits[a9cb8897-0d38-4c59-817a-d67a8ba30c67:c3599, 41e21bac-56c9-465a-a1cc-bc71b3ab473c:c3597, 2bfdf505-3a1f-44eb-9843-3820b2477da1:c3597]
2019-09-05 19:10:48,162 [grpc-default-executor-3] INFO  client.GrpcClientProtocolClient (GrpcClientProtocolClient.java:onNext(255)) - client-729EAB8E4297->a9cb8897-0d38-4c59-817a-d67a8ba30c67: receive RaftClientReply:client-729EAB8E4297->a9cb8897-0d38-4c59-817a-d67a8ba30c67@group-A55F67FDC954, cid=2411, SUCCESS, logIndex=3600, commits[a9cb8897-0d38-4c59-817a-d67a8ba30c67:c3601, 41e21bac-56c9-465a-a1cc-bc71b3ab473c:c3597, 2bfdf505-3a1f-44eb-9843-3820b2477da1:c3597]
2019-09-05 19:10:48,163 [grpc-default-executor-3] INFO  client.GrpcClientProtocolClient (GrpcClientProtocolClient.java:onNext(255)) - client-729EAB8E4297->a9cb8897-0d38-4c59-817a-d67a8ba30c67: receive RaftClientReply:client-729EAB8E4297->a9cb8897-0d38-4c59-817a-d67a8ba30c67@group-A55F67FDC954, cid=2412, SUCCESS, logIndex=3601, commits[a9cb8897-0d38-4c59-817a-d67a8ba30c67:c3601, 41e21bac-56c9-465a-a1cc-bc71b3ab473c:c3597, 2bfdf505-3a1f-44eb-9843-3820b2477da1:c3597]
2019-09-05 19:10:48,175 [grpc-default-executor-3] INFO  client.GrpcClientProtocolClient (GrpcClientProtocolClient.java:onNext(255)) - client-729EAB8E4297->a9cb8897-0d38-4c59-817a-d67a8ba30c67: receive RaftClientReply:client-729EAB8E4297->a9cb8897-0d38-4c59-817a-d67a8ba30c67@group-A55F67FDC954, cid=2413, SUCCESS, logIndex=0, commits[a9cb8897-0d38-4c59-817a-d67a8ba30c67:c3603, 41e21bac-56c9-465a-a1cc-bc71b3ab473c:c3599, 2bfdf505-3a1f-44eb-9843-3820b2477da1:c3599]
2019-09-05 19:10:48,190 [grpc-default-executor-1] INFO  client.GrpcClientProtocolClient (GrpcClientProtocolClient.java:onNext(255)) - client-729EAB8E4297->a9cb8897-0d38-4c59-817a-d67a8ba30c67: receive RaftClientReply:client-729EAB8E4297->a9cb8897-0d38-4c59-817a-d67a8ba30c67@group-A55F67FDC954, cid=2414, SUCCESS, logIndex=3606, commits[a9cb8897-0d38-4c59-817a-d67a8ba30c67:c3607, 41e21bac-56c9-465a-a1cc-bc71b3ab473c:c3603, 2bfdf505-3a1f-44eb-9843-3820b2477da1:c3601]
2019-09-05 19:10:48,190 [grpc-default-executor-1] INFO  client.GrpcClientProtocolClient (GrpcClientProtocolClient.java:onNext(255)) - client-729EAB8E4297->a9cb8897-0d38-4c59-817a-d67a8ba30c67: receive RaftClientReply:client-729EAB8E4297->a9cb8897-0d38-4c59-817a-d67a8ba30c67@group-A55F67FDC954, cid=2415, SUCCESS, logIndex=3607, commits[a9cb8897-0d38-4c59-817a-d67a8ba30c67:c3607, 41e21bac-56c9-465a-a1cc-bc71b3ab473c:c3603, 2bfdf505-3a1f-44eb-9843-3820b2477da1:c3601]
2019-09-05 19:10:48,205 [grpc-default-executor-1] INFO  client.GrpcClientProtocolClient (GrpcClientProtocolClient.java:onNext(255)) - client-729EAB8E4297->a9cb8897-0d38-4c59-817a-d67a8ba30c67: receive RaftClientReply:client-729EAB8E4297->a9cb8897-0d38-4c59-817a-d67a8ba30c67@group-A55F67FDC954, cid=2416, SUCCESS, logIndex=3610, commits[a9cb8897-0d38-4c59-817a-d67a8ba30c67:c3611, 41e21bac-56c9-465a-a1cc-bc71b3ab473c:c3609, 2bfdf505-3a1f-44eb-9843-3820b2477da1:c3609]
2019-09-05 19:10:48,206 [grpc-default-executor-1] INFO  client.GrpcClientProtocolClient (GrpcClientProtocolClient.java:onNext(255)) - client-729EAB8E4297->a9cb8897-0d38-4c59-817a-d67a8ba30c67: receive RaftClientReply:client-729EAB8E4297->a9cb8897-0d38-4c59-817a-d67a8ba30c67@group-A55F67FDC954, cid=2417, SUCCESS, logIndex=3611, commits[a9cb8897-0d38-4c59-817a-d67a8ba30c67:c3611, 41e21bac-56c9-465a-a1cc-bc71b3ab473c:c3609, 2bfdf505-3a1f-44eb-9843-3820b2477da1:c3609]
2019-09-05 19:10:48,210 [grpc-default-executor-1] INFO  client.GrpcClientProtocolClient (GrpcClientProtocolClient.java:onNext(255)) - client-729EAB8E4297->a9cb8897-0d38-4c59-817a-d67a8ba30c67: receive RaftClientReply:client-729EAB8E4297->a9cb8897-0d38-4c59-817a-d67a8ba30c67@group-A55F67FDC954, cid=2418, SUCCESS, logIndex=0, commits[a9cb8897-0d38-4c59-817a-d67a8ba30c67:c3613, 41e21bac-56c9-465a-a1cc-bc71b3ab473c:c3611, 2bfdf505-3a1f-44eb-9843-3820b2477da1:c3611]
2019-09-05 19:10:48,235 [grpc-default-executor-1] INFO  client.GrpcClientProtocolClient (GrpcClientProtocolClient.java:onNext(255)) - client-729EAB8E4297->a9cb8897-0d38-4c59-817a-d67a8ba30c67: receive RaftClientReply:client-729EAB8E4297->a9cb8897-0d38-4c59-817a-d67a8ba30c67@group-A55F67FDC954, cid=2419, SUCCESS, logIndex=3614, commits[a9cb8897-0d38-4c59-817a-d67a8ba30c67:c3615, 41e21bac-56c9-465a-a1cc-bc71b3ab473c:c3613, 2bfdf505-3a1f-44eb-9843-3820b2477da1:c3613]
2019-09-05 19:10:48,235 [grpc-default-executor-1] INFO  client.GrpcClientProtocolClient (GrpcClientProtocolClient.java:onNext(255)) - client-729EAB8E4297->a9cb8897-0d38-4c59-817a-d67a8ba30c67: receive RaftClientReply:client-729EAB8E4297->a9cb8897-0d38-4c59-817a-d67a8ba30c67@group-A55F67FDC954, cid=2420, SUCCESS, logIndex=3615, commits[a9cb8897-0d38-4c59-817a-d67a8ba30c67:c3615, 41e21bac-56c9-465a-a1cc-bc71b3ab473c:c3613, 2bfdf505-3a1f-44eb-9843-3820b2477da1:c3613]
2019-09-05 19:10:48,239 [grpc-default-executor-0] INFO  client.GrpcClientProtocolClient (GrpcClientProtocolClient.java:onNext(255)) - client-729EAB8E4297->a9cb8897-0d38-4c59-817a-d67a8ba30c67: receive RaftClientReply:client-729EAB8E4297->a9cb8897-0d38-4c59-817a-d67a8ba30c67@group-A55F67FDC954, cid=2421, SUCCESS, logIndex=3616, commits[a9cb8897-0d38-4c59-817a-d67a8ba30c67:c3619, 41e21bac-56c9-465a-a1cc-bc71b3ab473c:c3615, 2bfdf505-3a1f-44eb-9843-3820b2477da1:c3613]
2019-09-05 19:10:48,240 [grpc-default-executor-0] INFO  client.GrpcClientProtocolClient (GrpcClientProtocolClient.java:onNext(255)) - client-729EAB8E4297->a9cb8897-0d38-4c59-817a-d67a8ba30c67: receive RaftClientReply:client-729EAB8E4297->a9cb8897-0d38-4c59-817a-d67a8ba30c67@group-A55F67FDC954, cid=2422, SUCCESS, logIndex=3617, commits[a9cb8897-0d38-4c59-817a-d67a8ba30c67:c3619, 41e21bac-56c9-465a-a1cc-bc71b3ab473c:c3615, 2bfdf505-3a1f-44eb-9843-3820b2477da1:c3613]
2019-09-05 19:10:48,241 [grpc-default-executor-0] INFO  client.GrpcClientProtocolClient (GrpcClientProtocolClient.java:onNext(255)) - client-729EAB8E4297->a9cb8897-0d38-4c59-817a-d67a8ba30c67: receive RaftClientReply:client-729EAB8E4297->a9cb8897-0d38-4c59-817a-d67a8ba30c67@group-A55F67FDC954, cid=2423, SUCCESS, logIndex=0, commits[a9cb8897-0d38-4c59-817a-d67a8ba30c67:c3619, 41e21bac-56c9-465a-a1cc-bc71b3ab473c:c3615, 2bfdf505-3a1f-44eb-9843-3820b2477da1:c3615]
2019-09-05 19:10:48,255 [grpc-default-executor-0] INFO  client.GrpcClientProtocolClient (GrpcClientProtocolClient.java:onNext(255)) - client-729EAB8E4297->a9cb8897-0d38-4c59-817a-d67a8ba30c67: receive RaftClientReply:client-729EAB8E4297->a9cb8897-0d38-4c59-817a-d67a8ba30c67@group-A55F67FDC954, cid=2424, SUCCESS, logIndex=3621, commits[a9cb8897-0d38-4c59-817a-d67a8ba30c67:c3622, 41e21bac-56c9-465a-a1cc-bc71b3ab473c:c3618, 2bfdf505-3a1f-44eb-9843-3820b2477da1:c3620]
2019-09-05 19:10:48,255 [grpc-default-executor-0] INFO  client.GrpcClientProtocolClient (GrpcClientProtocolClient.java:onNext(255)) - client-729EAB8E4297->a9cb8897-0d38-4c59-817a-d67a8ba30c67: receive RaftClientReply:client-729EAB8E4297->a9cb8897-0d38-4c59-817a-d67a8ba30c67@group-A55F67FDC954, cid=2425, SUCCESS, logIndex=3622, commits[a9cb8897-0d38-4c59-817a-d67a8ba30c67:c3622, 41e21bac-56c9-465a-a1cc-bc71b3ab473c:c3618, 2bfdf505-3a1f-44eb-9843-3820b2477da1:c3620]
2019-09-05 19:10:48,284 [grpc-default-executor-1] INFO  client.GrpcClientProtocolClient (GrpcClientProtocolClient.java:onNext(255)) - client-729EAB8E4297->a9cb8897-0d38-4c59-817a-d67a8ba30c67: receive RaftClientReply:client-729EAB8E4297->a9cb8897-0d38-4c59-817a-d67a8ba30c67@group-A55F67FDC954, cid=2426, SUCCESS, logIndex=3625, commits[a9cb8897-0d38-4c59-817a-d67a8ba30c67:c3626, 41e21bac-56c9-465a-a1cc-bc71b3ab473c:c3624, 2bfdf505-3a1f-44eb-9843-3820b2477da1:c3622]
2019-09-05 19:10:48,285 [grpc-default-executor-1] INFO  client.GrpcClientProtocolClient (GrpcClientProtocolClient.java:onNext(255)) - client-729EAB8E4297->a9cb8897-0d38-4c59-817a-d67a8ba30c67: receive RaftClientReply:client-729EAB8E4297->a9cb8897-0d38-4c59-817a-d67a8ba30c67@group-A55F67FDC954, cid=2427, SUCCESS, logIndex=3626, commits[a9cb8897-0d38-4c59-817a-d67a8ba30c67:c3626, 41e21bac-56c9-465a-a1cc-bc71b3ab473c:c3624, 2bfdf505-3a1f-44eb-9843-3820b2477da1:c3622]
2019-09-05 19:10:48,287 [grpc-default-executor-1] INFO  client.GrpcClientProtocolClient (GrpcClientProtocolClient.java:onNext(255)) - client-729EAB8E4297->a9cb8897-0d38-4c59-817a-d67a8ba30c67: receive RaftClientReply:client-729EAB8E4297->a9cb8897-0d38-4c59-817a-d67a8ba30c67@group-A55F67FDC954, cid=2428, SUCCESS, logIndex=0, commits[a9cb8897-0d38-4c59-817a-d67a8ba30c67:c3627, 41e21bac-56c9-465a-a1cc-bc71b3ab473c:c3626, 2bfdf505-3a1f-44eb-9843-3820b2477da1:c3626]
2019-09-05 19:10:48,317 [grpc-default-executor-2] INFO  client.GrpcClientProtocolClient (GrpcClientProtocolClient.java:onNext(255)) - client-729EAB8E4297->a9cb8897-0d38-4c59-817a-d67a8ba30c67: receive RaftClientReply:client-729EAB8E4297->a9cb8897-0d38-4c59-817a-d67a8ba30c67@group-A55F67FDC954, cid=2429, SUCCESS, logIndex=3629, commits[a9cb8897-0d38-4c59-817a-d67a8ba30c67:c3630, 41e21bac-56c9-465a-a1cc-bc71b3ab473c:c3628, 2bfdf505-3a1f-44eb-9843-3820b2477da1:c3628]
2019-09-05 19:10:48,318 [grpc-default-executor-2] INFO  client.GrpcClientProtocolClient (GrpcClientProtocolClient.java:onNext(255)) - client-729EAB8E4297->a9cb8897-0d38-4c59-817a-d67a8ba30c67: receive RaftClientReply:client-729EAB8E4297->a9cb8897-0d38-4c59-817a-d67a8ba30c67@group-A55F67FDC954, cid=2430, SUCCESS, logIndex=3630, commits[a9cb8897-0d38-4c59-817a-d67a8ba30c67:c3632, 41e21bac-56c9-465a-a1cc-bc71b3ab473c:c3628, 2bfdf505-3a1f-44eb-9843-3820b2477da1:c3628]
2019-09-05 19:10:48,318 [grpc-default-executor-2] INFO  client.GrpcClientProtocolClient (GrpcClientProtocolClient.java:onNext(255)) - client-729EAB8E4297->a9cb8897-0d38-4c59-817a-d67a8ba30c67: receive RaftClientReply:client-729EAB8E4297->a9cb8897-0d38-4c59-817a-d67a8ba30c67@group-A55F67FDC954, cid=2431, SUCCESS, logIndex=3631, commits[a9cb8897-0d38-4c59-817a-d67a8ba30c67:c3632, 41e21bac-56c9-465a-a1cc-bc71b3ab473c:c3628, 2bfdf505-3a1f-44eb-9843-3820b2477da1:c3628]
2019-09-05 19:10:48,318 [grpc-default-executor-2] INFO  client.GrpcClientProtocolClient (GrpcClientProtocolClient.java:onNext(255)) - client-729EAB8E4297->a9cb8897-0d38-4c59-817a-d67a8ba30c67: receive RaftClientReply:client-729EAB8E4297->a9cb8897-0d38-4c59-817a-d67a8ba30c67@group-A55F67FDC954, cid=2432, SUCCESS, logIndex=3632, commits[a9cb8897-0d38-4c59-817a-d67a8ba30c67:c3632, 41e21bac-56c9-465a-a1cc-bc71b3ab473c:c3628, 2bfdf505-3a1f-44eb-9843-3820b2477da1:c3628]
2019-09-05 19:10:48,321 [grpc-default-executor-2] INFO  client.GrpcClientProtocolClient (GrpcClientProtocolClient.java:onNext(255)) - client-729EAB8E4297->a9cb8897-0d38-4c59-817a-d67a8ba30c67: receive RaftClientReply:client-729EAB8E4297->a9cb8897-0d38-4c59-817a-d67a8ba30c67@group-A55F67FDC954, cid=2433, SUCCESS, logIndex=0, commits[a9cb8897-0d38-4c59-817a-d67a8ba30c67:c3633, 41e21bac-56c9-465a-a1cc-bc71b3ab473c:c3630, 2bfdf505-3a1f-44eb-9843-3820b2477da1:c3630]
2019-09-05 19:10:48,343 [grpc-default-executor-1] INFO  client.GrpcClientProtocolClient (GrpcClientProtocolClient.java:onNext(255)) - client-729EAB8E4297->a9cb8897-0d38-4c59-817a-d67a8ba30c67: receive RaftClientReply:client-729EAB8E4297->a9cb8897-0d38-4c59-817a-d67a8ba30c67@group-A55F67FDC954, cid=2434, SUCCESS, logIndex=3636, commits[a9cb8897-0d38-4c59-817a-d67a8ba30c67:c3637, 41e21bac-56c9-465a-a1cc-bc71b3ab473c:c3634, 2bfdf505-3a1f-44eb-9843-3820b2477da1:c3634]
2019-09-05 19:10:48,344 [grpc-default-executor-1] INFO  client.GrpcClientProtocolClient (GrpcClientProtocolClient.java:onNext(255)) - client-729EAB8E4297->a9cb8897-0d38-4c59-817a-d67a8ba30c67: receive RaftClientReply:client-729EAB8E4297->a9cb8897-0d38-4c59-817a-d67a8ba30c67@group-A55F67FDC954, cid=2435, SUCCESS, logIndex=3637, commits[a9cb8897-0d38-4c59-817a-d67a8ba30c67:c3637, 41e21bac-56c9-465a-a1cc-bc71b3ab473c:c3634, 2bfdf505-3a1f-44eb-9843-3820b2477da1:c3634]
 0.00% |█                                                                                                    |  0/1 Time: 0:00:222019-09-05 19:10:48,370 [grpc-default-executor-1] INFO  client.GrpcClientProtocolClient (GrpcClientProtocolClient.java:onNext(255)) - client-729EAB8E4297->a9cb8897-0d38-4c59-817a-d67a8ba30c67: receive RaftClientReply:client-729EAB8E4297->a9cb8897-0d38-4c59-817a-d67a8ba30c67@group-A55F67FDC954, cid=2436, SUCCESS, logIndex=3640, commits[a9cb8897-0d38-4c59-817a-d67a8ba30c67:c3640, 41e21bac-56c9-465a-a1cc-bc71b3ab473c:c3637, 2bfdf505-3a1f-44eb-9843-3820b2477da1:c3637]
2019-09-05 19:10:48,370 [grpc-default-executor-1] INFO  client.GrpcClientProtocolClient (GrpcClientProtocolClient.java:onNext(255)) - client-729EAB8E4297->a9cb8897-0d38-4c59-817a-d67a8ba30c67: receive RaftClientReply:client-729EAB8E4297->a9cb8897-0d38-4c59-817a-d67a8ba30c67@group-A55F67FDC954, cid=2437, SUCCESS, logIndex=3641, commits[a9cb8897-0d38-4c59-817a-d67a8ba30c67:c3641, 41e21bac-56c9-465a-a1cc-bc71b3ab473c:c3637, 2bfdf505-3a1f-44eb-9843-3820b2477da1:c3637]
2019-09-05 19:10:48,396 [grpc-default-executor-1] INFO  client.GrpcClientProtocolClient (GrpcClientProtocolClient.java:onNext(255)) - client-729EAB8E4297->a9cb8897-0d38-4c59-817a-d67a8ba30c67: receive RaftClientReply:client-729EAB8E4297->a9cb8897-0d38-4c59-817a-d67a8ba30c67@group-A55F67FDC954, cid=2438, SUCCESS, logIndex=0, commits[a9cb8897-0d38-4c59-817a-d67a8ba30c67:c3643, 41e21bac-56c9-465a-a1cc-bc71b3ab473c:c3641, 2bfdf505-3a1f-44eb-9843-3820b2477da1:c3641]
2019-09-05 19:10:48,429 [grpc-default-executor-0] INFO  client.GrpcClientProtocolClient (GrpcClientProtocolClient.java:onNext(255)) - client-729EAB8E4297->a9cb8897-0d38-4c59-817a-d67a8ba30c67: receive RaftClientReply:client-729EAB8E4297->a9cb8897-0d38-4c59-817a-d67a8ba30c67@group-A55F67FDC954, cid=2439, SUCCESS, logIndex=3644, commits[a9cb8897-0d38-4c59-817a-d67a8ba30c67:c3644, 41e21bac-56c9-465a-a1cc-bc71b3ab473c:c3643, 2bfdf505-3a1f-44eb-9843-3820b2477da1:c3641]
2019-09-05 19:10:48,429 [grpc-default-executor-0] INFO  client.GrpcClientProtocolClient (GrpcClientProtocolClient.java:onNext(255)) - client-729EAB8E4297->a9cb8897-0d38-4c59-817a-d67a8ba30c67: receive RaftClientReply:client-729EAB8E4297->a9cb8897-0d38-4c59-817a-d67a8ba30c67@group-A55F67FDC954, cid=2440, SUCCESS, logIndex=3645, commits[a9cb8897-0d38-4c59-817a-d67a8ba30c67:c3645, 41e21bac-56c9-465a-a1cc-bc71b3ab473c:c3643, 2bfdf505-3a1f-44eb-9843-3820b2477da1:c3643]
2019-09-05 19:10:48,442 [grpc-default-executor-1] INFO  client.GrpcClientProtocolClient (GrpcClientProtocolClient.java:onNext(255)) - client-729EAB8E4297->a9cb8897-0d38-4c59-817a-d67a8ba30c67: receive RaftClientReply:client-729EAB8E4297->a9cb8897-0d38-4c59-817a-d67a8ba30c67@group-A55F67FDC954, cid=2441, SUCCESS, logIndex=3646, commits[a9cb8897-0d38-4c59-817a-d67a8ba30c67:c3647, 41e21bac-56c9-465a-a1cc-bc71b3ab473c:c3643, 2bfdf505-3a1f-44eb-9843-3820b2477da1:c3643]
2019-09-05 19:10:48,442 [grpc-default-executor-1] INFO  client.GrpcClientProtocolClient (GrpcClientProtocolClient.java:onNext(255)) - client-729EAB8E4297->a9cb8897-0d38-4c59-817a-d67a8ba30c67: receive RaftClientReply:client-729EAB8E4297->a9cb8897-0d38-4c59-817a-d67a8ba30c67@group-A55F67FDC954, cid=2442, SUCCESS, logIndex=3647, commits[a9cb8897-0d38-4c59-817a-d67a8ba30c67:c3647, 41e21bac-56c9-465a-a1cc-bc71b3ab473c:c3643, 2bfdf505-3a1f-44eb-9843-3820b2477da1:c3643]
2019-09-05 19:10:48,455 [grpc-default-executor-1] INFO  client.GrpcClientProtocolClient (GrpcClientProtocolClient.java:onNext(255)) - client-729EAB8E4297->a9cb8897-0d38-4c59-817a-d67a8ba30c67: receive RaftClientReply:client-729EAB8E4297->a9cb8897-0d38-4c59-817a-d67a8ba30c67@group-A55F67FDC954, cid=2443, SUCCESS, logIndex=0, commits[a9cb8897-0d38-4c59-817a-d67a8ba30c67:c3649, 41e21bac-56c9-465a-a1cc-bc71b3ab473c:c3645, 2bfdf505-3a1f-44eb-9843-3820b2477da1:c3645]
2019-09-05 19:10:48,470 [grpc-default-executor-0] INFO  client.GrpcClientProtocolClient (GrpcClientProtocolClient.java:onNext(255)) - client-729EAB8E4297->a9cb8897-0d38-4c59-817a-d67a8ba30c67: receive RaftClientReply:client-729EAB8E4297->a9cb8897-0d38-4c59-817a-d67a8ba30c67@group-A55F67FDC954, cid=2444, SUCCESS, logIndex=3652, commits[a9cb8897-0d38-4c59-817a-d67a8ba30c67:c3653, 41e21bac-56c9-465a-a1cc-bc71b3ab473c:c3651, 2bfdf505-3a1f-44eb-9843-3820b2477da1:c3647]
2019-09-05 19:10:48,470 [grpc-default-executor-0] INFO  client.GrpcClientProtocolClient (GrpcClientProtocolClient.java:onNext(255)) - client-729EAB8E4297->a9cb8897-0d38-4c59-817a-d67a8ba30c67: receive RaftClientReply:client-729EAB8E4297->a9cb8897-0d38-4c59-817a-d67a8ba30c67@group-A55F67FDC954, cid=2445, SUCCESS, logIndex=3653, commits[a9cb8897-0d38-4c59-817a-d67a8ba30c67:c3653, 41e21bac-56c9-465a-a1cc-bc71b3ab473c:c3651, 2bfdf505-3a1f-44eb-9843-3820b2477da1:c3651]
2019-09-05 19:10:48,485 [grpc-default-executor-2] INFO  client.GrpcClientProtocolClient (GrpcClientProtocolClient.java:onNext(255)) - client-729EAB8E4297->a9cb8897-0d38-4c59-817a-d67a8ba30c67: receive RaftClientReply:client-729EAB8E4297->a9cb8897-0d38-4c59-817a-d67a8ba30c67@group-A55F67FDC954, cid=2446, SUCCESS, logIndex=3656, commits[a9cb8897-0d38-4c59-817a-d67a8ba30c67:c3657, 41e21bac-56c9-465a-a1cc-bc71b3ab473c:c3655, 2bfdf505-3a1f-44eb-9843-3820b2477da1:c3655]
2019-09-05 19:10:48,485 [grpc-default-executor-2] INFO  client.GrpcClientProtocolClient (GrpcClientProtocolClient.java:onNext(255)) - client-729EAB8E4297->a9cb8897-0d38-4c59-817a-d67a8ba30c67: receive RaftClientReply:client-729EAB8E4297->a9cb8897-0d38-4c59-817a-d67a8ba30c67@group-A55F67FDC954, cid=2447, SUCCESS, logIndex=3657, commits[a9cb8897-0d38-4c59-817a-d67a8ba30c67:c3657, 41e21bac-56c9-465a-a1cc-bc71b3ab473c:c3655, 2bfdf505-3a1f-44eb-9843-3820b2477da1:c3655]
2019-09-05 19:10:48,488 [grpc-default-executor-2] INFO  client.GrpcClientProtocolClient (GrpcClientProtocolClient.java:onNext(255)) - client-729EAB8E4297->a9cb8897-0d38-4c59-817a-d67a8ba30c67: receive RaftClientReply:client-729EAB8E4297->a9cb8897-0d38-4c59-817a-d67a8ba30c67@group-A55F67FDC954, cid=2448, SUCCESS, logIndex=0, commits[a9cb8897-0d38-4c59-817a-d67a8ba30c67:c3658, 41e21bac-56c9-465a-a1cc-bc71b3ab473c:c3657, 2bfdf505-3a1f-44eb-9843-3820b2477da1:c3657]
2019-09-05 19:10:48,514 [grpc-default-executor-0] INFO  client.GrpcClientProtocolClient (GrpcClientProtocolClient.java:onNext(255)) - client-729EAB8E4297->a9cb8897-0d38-4c59-817a-d67a8ba30c67: receive RaftClientReply:client-729EAB8E4297->a9cb8897-0d38-4c59-817a-d67a8ba30c67@group-A55F67FDC954, cid=2449, SUCCESS, logIndex=3660, commits[a9cb8897-0d38-4c59-817a-d67a8ba30c67:c3661, 41e21bac-56c9-465a-a1cc-bc71b3ab473c:c3659, 2bfdf505-3a1f-44eb-9843-3820b2477da1:c3659]
2019-09-05 19:10:48,514 [grpc-default-executor-0] INFO  client.GrpcClientProtocolClient (GrpcClientProtocolClient.java:onNext(255)) - client-729EAB8E4297->a9cb8897-0d38-4c59-817a-d67a8ba30c67: receive RaftClientReply:client-729EAB8E4297->a9cb8897-0d38-4c59-817a-d67a8ba30c67@group-A55F67FDC954, cid=2450, SUCCESS, logIndex=3661, commits[a9cb8897-0d38-4c59-817a-d67a8ba30c67:c3661, 41e21bac-56c9-465a-a1cc-bc71b3ab473c:c3659, 2bfdf505-3a1f-44eb-9843-3820b2477da1:c3659]
2019-09-05 19:10:48,537 [grpc-default-executor-1] INFO  client.GrpcClientProtocolClient (GrpcClientProtocolClient.java:onNext(255)) - client-729EAB8E4297->a9cb8897-0d38-4c59-817a-d67a8ba30c67: receive RaftClientReply:client-729EAB8E4297->a9cb8897-0d38-4c59-817a-d67a8ba30c67@group-A55F67FDC954, cid=2451, SUCCESS, logIndex=3662, commits[a9cb8897-0d38-4c59-817a-d67a8ba30c67:c3665, 41e21bac-56c9-465a-a1cc-bc71b3ab473c:c3659, 2bfdf505-3a1f-44eb-9843-3820b2477da1:c3661]
2019-09-05 19:10:48,537 [grpc-default-executor-1] INFO  client.GrpcClientProtocolClient (GrpcClientProtocolClient.java:onNext(255)) - client-729EAB8E4297->a9cb8897-0d38-4c59-817a-d67a8ba30c67: receive RaftClientReply:client-729EAB8E4297->a9cb8897-0d38-4c59-817a-d67a8ba30c67@group-A55F67FDC954, cid=2452, SUCCESS, logIndex=3663, commits[a9cb8897-0d38-4c59-817a-d67a8ba30c67:c3665, 41e21bac-56c9-465a-a1cc-bc71b3ab473c:c3661, 2bfdf505-3a1f-44eb-9843-3820b2477da1:c3661]
2019-09-05 19:10:48,555 [grpc-default-executor-1] INFO  client.GrpcClientProtocolClient (GrpcClientProtocolClient.java:onNext(255)) - client-729EAB8E4297->a9cb8897-0d38-4c59-817a-d67a8ba30c67: receive RaftClientReply:client-729EAB8E4297->a9cb8897-0d38-4c59-817a-d67a8ba30c67@group-A55F67FDC954, cid=2453, SUCCESS, logIndex=3667, commits[a9cb8897-0d38-4c59-817a-d67a8ba30c67:c3668, 41e21bac-56c9-465a-a1cc-bc71b3ab473c:c3665, 2bfdf505-3a1f-44eb-9843-3820b2477da1:c3665]
2019-09-05 19:10:48,555 [grpc-default-executor-1] INFO  client.GrpcClientProtocolClient (GrpcClientProtocolClient.java:onNext(255)) - client-729EAB8E4297->a9cb8897-0d38-4c59-817a-d67a8ba30c67: receive RaftClientReply:client-729EAB8E4297->a9cb8897-0d38-4c59-817a-d67a8ba30c67@group-A55F67FDC954, cid=2454, SUCCESS, logIndex=3668, commits[a9cb8897-0d38-4c59-817a-d67a8ba30c67:c3668, 41e21bac-56c9-465a-a1cc-bc71b3ab473c:c3665, 2bfdf505-3a1f-44eb-9843-3820b2477da1:c3665]
2019-09-05 19:10:48,568 [grpc-default-executor-1] INFO  client.GrpcClientProtocolClient (GrpcClientProtocolClient.java:onNext(255)) - client-729EAB8E4297->a9cb8897-0d38-4c59-817a-d67a8ba30c67: receive RaftClientReply:client-729EAB8E4297->a9cb8897-0d38-4c59-817a-d67a8ba30c67@group-A55F67FDC954, cid=2455, SUCCESS, logIndex=3671, commits[a9cb8897-0d38-4c59-817a-d67a8ba30c67:c3671, 41e21bac-56c9-465a-a1cc-bc71b3ab473c:c3668, 2bfdf505-3a1f-44eb-9843-3820b2477da1:c3668]
2019-09-05 19:10:48,569 [grpc-default-executor-1] INFO  client.GrpcClientProtocolClient (GrpcClientProtocolClient.java:onNext(255)) - client-729EAB8E4297->a9cb8897-0d38-4c59-817a-d67a8ba30c67: receive RaftClientReply:client-729EAB8E4297->a9cb8897-0d38-4c59-817a-d67a8ba30c67@group-A55F67FDC954, cid=2456, SUCCESS, logIndex=3672, commits[a9cb8897-0d38-4c59-817a-d67a8ba30c67:c3672, 41e21bac-56c9-465a-a1cc-bc71b3ab473c:c3668, 2bfdf505-3a1f-44eb-9843-3820b2477da1:c3668]
2019-09-05 19:10:48,581 [grpc-default-executor-1] INFO  client.GrpcClientProtocolClient (GrpcClientProtocolClient.java:onNext(255)) - client-729EAB8E4297->a9cb8897-0d38-4c59-817a-d67a8ba30c67: receive RaftClientReply:client-729EAB8E4297->a9cb8897-0d38-4c59-817a-d67a8ba30c67@group-A55F67FDC954, cid=2457, SUCCESS, logIndex=0, commits[a9cb8897-0d38-4c59-817a-d67a8ba30c67:c3674, 41e21bac-56c9-465a-a1cc-bc71b3ab473c:c3672, 2bfdf505-3a1f-44eb-9843-3820b2477da1:c3672]
2019-09-05 19:10:48,610 [grpc-default-executor-0] INFO  client.GrpcClientProtocolClient (GrpcClientProtocolClient.java:onNext(255)) - client-729EAB8E4297->a9cb8897-0d38-4c59-817a-d67a8ba30c67: receive RaftClientReply:client-729EAB8E4297->a9cb8897-0d38-4c59-817a-d67a8ba30c67@group-A55F67FDC954, cid=2458, SUCCESS, logIndex=3675, commits[a9cb8897-0d38-4c59-817a-d67a8ba30c67:c3676, 41e21bac-56c9-465a-a1cc-bc71b3ab473c:c3674, 2bfdf505-3a1f-44eb-9843-3820b2477da1:c3672]
2019-09-05 19:10:48,611 [grpc-default-executor-0] INFO  client.GrpcClientProtocolClient (GrpcClientProtocolClient.java:onNext(255)) - client-729EAB8E4297->a9cb8897-0d38-4c59-817a-d67a8ba30c67: receive RaftClientReply:client-729EAB8E4297->a9cb8897-0d38-4c59-817a-d67a8ba30c67@group-A55F67FDC954, cid=2459, SUCCESS, logIndex=3676, commits[a9cb8897-0d38-4c59-817a-d67a8ba30c67:c3678, 41e21bac-56c9-465a-a1cc-bc71b3ab473c:c3674, 2bfdf505-3a1f-44eb-9843-3820b2477da1:c3674]
2019-09-05 19:10:48,611 [grpc-default-executor-0] INFO  client.GrpcClientProtocolClient (GrpcClientProtocolClient.java:onNext(255)) - client-729EAB8E4297->a9cb8897-0d38-4c59-817a-d67a8ba30c67: receive RaftClientReply:client-729EAB8E4297->a9cb8897-0d38-4c59-817a-d67a8ba30c67@group-A55F67FDC954, cid=2460, SUCCESS, logIndex=3677, commits[a9cb8897-0d38-4c59-817a-d67a8ba30c67:c3678, 41e21bac-56c9-465a-a1cc-bc71b3ab473c:c3674, 2bfdf505-3a1f-44eb-9843-3820b2477da1:c3674]
2019-09-05 19:10:48,611 [grpc-default-executor-0] INFO  client.GrpcClientProtocolClient (GrpcClientProtocolClient.java:onNext(255)) - client-729EAB8E4297->a9cb8897-0d38-4c59-817a-d67a8ba30c67: receive RaftClientReply:client-729EAB8E4297->a9cb8897-0d38-4c59-817a-d67a8ba30c67@group-A55F67FDC954, cid=2461, SUCCESS, logIndex=3678, commits[a9cb8897-0d38-4c59-817a-d67a8ba30c67:c3678, 41e21bac-56c9-465a-a1cc-bc71b3ab473c:c3674, 2bfdf505-3a1f-44eb-9843-3820b2477da1:c3674]
2019-09-05 19:10:48,613 [grpc-default-executor-0] INFO  client.GrpcClientProtocolClient (GrpcClientProtocolClient.java:onNext(255)) - client-729EAB8E4297->a9cb8897-0d38-4c59-817a-d67a8ba30c67: receive RaftClientReply:client-729EAB8E4297->a9cb8897-0d38-4c59-817a-d67a8ba30c67@group-A55F67FDC954, cid=2462, SUCCESS, logIndex=0, commits[a9cb8897-0d38-4c59-817a-d67a8ba30c67:c3679, 41e21bac-56c9-465a-a1cc-bc71b3ab473c:c3676, 2bfdf505-3a1f-44eb-9843-3820b2477da1:c3676]
2019-09-05 19:10:48,627 [grpc-default-executor-2] INFO  client.GrpcClientProtocolClient (GrpcClientProtocolClient.java:onNext(255)) - client-729EAB8E4297->a9cb8897-0d38-4c59-817a-d67a8ba30c67: receive RaftClientReply:client-729EAB8E4297->a9cb8897-0d38-4c59-817a-d67a8ba30c67@group-A55F67FDC954, cid=2463, SUCCESS, logIndex=3683, commits[a9cb8897-0d38-4c59-817a-d67a8ba30c67:c3684, 41e21bac-56c9-465a-a1cc-bc71b3ab473c:c3679, 2bfdf505-3a1f-44eb-9843-3820b2477da1:c3678]
2019-09-05 19:10:48,627 [grpc-default-executor-2] INFO  client.GrpcClientProtocolClient (GrpcClientProtocolClient.java:onNext(255)) - client-729EAB8E4297->a9cb8897-0d38-4c59-817a-d67a8ba30c67: receive RaftClientReply:client-729EAB8E4297->a9cb8897-0d38-4c59-817a-d67a8ba30c67@group-A55F67FDC954, cid=2464, SUCCESS, logIndex=3684, commits[a9cb8897-0d38-4c59-817a-d67a8ba30c67:c3684, 41e21bac-56c9-465a-a1cc-bc71b3ab473c:c3679, 2bfdf505-3a1f-44eb-9843-3820b2477da1:c3678]
2019-09-05 19:10:48,835 [grpc-default-executor-2] INFO  client.GrpcClientProtocolClient (GrpcClientProtocolClient.java:onNext(255)) - client-729EAB8E4297->a9cb8897-0d38-4c59-817a-d67a8ba30c67: receive RaftClientReply:client-729EAB8E4297->a9cb8897-0d38-4c59-817a-d67a8ba30c67@group-A55F67FDC954, cid=2465, SUCCESS, logIndex=3687, commits[a9cb8897-0d38-4c59-817a-d67a8ba30c67:c3688, 41e21bac-56c9-465a-a1cc-bc71b3ab473c:c3686, 2bfdf505-3a1f-44eb-9843-3820b2477da1:c3686]
2019-09-05 19:10:48,836 [grpc-default-executor-2] INFO  client.GrpcClientProtocolClient (GrpcClientProtocolClient.java:onNext(255)) - client-729EAB8E4297->a9cb8897-0d38-4c59-817a-d67a8ba30c67: receive RaftClientReply:client-729EAB8E4297->a9cb8897-0d38-4c59-817a-d67a8ba30c67@group-A55F67FDC954, cid=2466, SUCCESS, logIndex=3688, commits[a9cb8897-0d38-4c59-817a-d67a8ba30c67:c3688, 41e21bac-56c9-465a-a1cc-bc71b3ab473c:c3686, 2bfdf505-3a1f-44eb-9843-3820b2477da1:c3686]
2019-09-05 19:10:48,847 [grpc-default-executor-2] INFO  client.GrpcClientProtocolClient (GrpcClientProtocolClient.java:onNext(255)) - client-729EAB8E4297->a9cb8897-0d38-4c59-817a-d67a8ba30c67: receive RaftClientReply:client-729EAB8E4297->a9cb8897-0d38-4c59-817a-d67a8ba30c67@group-A55F67FDC954, cid=2467, SUCCESS, logIndex=0, commits[a9cb8897-0d38-4c59-817a-d67a8ba30c67:c3690, 41e21bac-56c9-465a-a1cc-bc71b3ab473c:c3688, 2bfdf505-3a1f-44eb-9843-3820b2477da1:c3688]
2019-09-05 19:10:48,879 [grpc-default-executor-2] INFO  client.GrpcClientProtocolClient (GrpcClientProtocolClient.java:onNext(255)) - client-729EAB8E4297->a9cb8897-0d38-4c59-817a-d67a8ba30c67: receive RaftClientReply:client-729EAB8E4297->a9cb8897-0d38-4c59-817a-d67a8ba30c67@group-A55F67FDC954, cid=2468, SUCCESS, logIndex=3691, commits[a9cb8897-0d38-4c59-817a-d67a8ba30c67:c3692, 41e21bac-56c9-465a-a1cc-bc71b3ab473c:c3690, 2bfdf505-3a1f-44eb-9843-3820b2477da1:c3690]
2019-09-05 19:10:48,879 [grpc-default-executor-2] INFO  client.GrpcClientProtocolClient (GrpcClientProtocolClient.java:onNext(255)) - client-729EAB8E4297->a9cb8897-0d38-4c59-817a-d67a8ba30c67: receive RaftClientReply:client-729EAB8E4297->a9cb8897-0d38-4c59-817a-d67a8ba30c67@group-A55F67FDC954, cid=2469, SUCCESS, logIndex=3692, commits[a9cb8897-0d38-4c59-817a-d67a8ba30c67:c3694, 41e21bac-56c9-465a-a1cc-bc71b3ab473c:c3690, 2bfdf505-3a1f-44eb-9843-3820b2477da1:c3690]
2019-09-05 19:10:48,880 [grpc-default-executor-2] INFO  client.GrpcClientProtocolClient (GrpcClientProtocolClient.java:onNext(255)) - client-729EAB8E4297->a9cb8897-0d38-4c59-817a-d67a8ba30c67: receive RaftClientReply:client-729EAB8E4297->a9cb8897-0d38-4c59-817a-d67a8ba30c67@group-A55F67FDC954, cid=2470, SUCCESS, logIndex=3693, commits[a9cb8897-0d38-4c59-817a-d67a8ba30c67:c3694, 41e21bac-56c9-465a-a1cc-bc71b3ab473c:c3690, 2bfdf505-3a1f-44eb-9843-3820b2477da1:c3690]
2019-09-05 19:10:48,880 [grpc-default-executor-2] INFO  client.GrpcClientProtocolClient (GrpcClientProtocolClient.java:onNext(255)) - client-729EAB8E4297->a9cb8897-0d38-4c59-817a-d67a8ba30c67: receive RaftClientReply:client-729EAB8E4297->a9cb8897-0d38-4c59-817a-d67a8ba30c67@group-A55F67FDC954, cid=2471, SUCCESS, logIndex=3694, commits[a9cb8897-0d38-4c59-817a-d67a8ba30c67:c3694, 41e21bac-56c9-465a-a1cc-bc71b3ab473c:c3690, 2bfdf505-3a1f-44eb-9843-3820b2477da1:c3690]
2019-09-05 19:10:48,893 [grpc-default-executor-2] INFO  client.GrpcClientProtocolClient (GrpcClientProtocolClient.java:onNext(255)) - client-729EAB8E4297->a9cb8897-0d38-4c59-817a-d67a8ba30c67: receive RaftClientReply:client-729EAB8E4297->a9cb8897-0d38-4c59-817a-d67a8ba30c67@group-A55F67FDC954, cid=2472, SUCCESS, logIndex=0, commits[a9cb8897-0d38-4c59-817a-d67a8ba30c67:c3697, 41e21bac-56c9-465a-a1cc-bc71b3ab473c:c3692, 2bfdf505-3a1f-44eb-9843-3820b2477da1:c3693]
2019-09-05 19:10:48,914 [grpc-default-executor-2] INFO  client.GrpcClientProtocolClient (GrpcClientProtocolClient.java:onNext(255)) - client-729EAB8E4297->a9cb8897-0d38-4c59-817a-d67a8ba30c67: receive RaftClientReply:client-729EAB8E4297->a9cb8897-0d38-4c59-817a-d67a8ba30c67@group-A55F67FDC954, cid=2473, SUCCESS, logIndex=3699, commits[a9cb8897-0d38-4c59-817a-d67a8ba30c67:c3700, 41e21bac-56c9-465a-a1cc-bc71b3ab473c:c3698, 2bfdf505-3a1f-44eb-9843-3820b2477da1:c3698]
2019-09-05 19:10:48,914 [grpc-default-executor-2] INFO  client.GrpcClientProtocolClient (GrpcClientProtocolClient.java:onNext(255)) - client-729EAB8E4297->a9cb8897-0d38-4c59-817a-d67a8ba30c67: receive RaftClientReply:client-729EAB8E4297->a9cb8897-0d38-4c59-817a-d67a8ba30c67@group-A55F67FDC954, cid=2474, SUCCESS, logIndex=3700, commits[a9cb8897-0d38-4c59-817a-d67a8ba30c67:c3700, 41e21bac-56c9-465a-a1cc-bc71b3ab473c:c3698, 2bfdf505-3a1f-44eb-9843-3820b2477da1:c3698]
2019-09-05 19:10:48,938 [grpc-default-executor-2] INFO  client.GrpcClientProtocolClient (GrpcClientProtocolClient.java:onNext(255)) - client-729EAB8E4297->a9cb8897-0d38-4c59-817a-d67a8ba30c67: receive RaftClientReply:client-729EAB8E4297->a9cb8897-0d38-4c59-817a-d67a8ba30c67@group-A55F67FDC954, cid=2475, SUCCESS, logIndex=3703, commits[a9cb8897-0d38-4c59-817a-d67a8ba30c67:c3704, 41e21bac-56c9-465a-a1cc-bc71b3ab473c:c3699, 2bfdf505-3a1f-44eb-9843-3820b2477da1:c3700]
2019-09-05 19:10:48,939 [grpc-default-executor-2] INFO  client.GrpcClientProtocolClient (GrpcClientProtocolClient.java:onNext(255)) - client-729EAB8E4297->a9cb8897-0d38-4c59-817a-d67a8ba30c67: receive RaftClientReply:client-729EAB8E4297->a9cb8897-0d38-4c59-817a-d67a8ba30c67@group-A55F67FDC954, cid=2476, SUCCESS, logIndex=3704, commits[a9cb8897-0d38-4c59-817a-d67a8ba30c67:c3704, 41e21bac-56c9-465a-a1cc-bc71b3ab473c:c3700, 2bfdf505-3a1f-44eb-9843-3820b2477da1:c3700]
2019-09-05 19:10:48,951 [grpc-default-executor-2] INFO  client.GrpcClientProtocolClient (GrpcClientProtocolClient.java:onNext(255)) - client-729EAB8E4297->a9cb8897-0d38-4c59-817a-d67a8ba30c67: receive RaftClientReply:client-729EAB8E4297->a9cb8897-0d38-4c59-817a-d67a8ba30c67@group-A55F67FDC954, cid=2477, SUCCESS, logIndex=0, commits[a9cb8897-0d38-4c59-817a-d67a8ba30c67:c3706, 41e21bac-56c9-465a-a1cc-bc71b3ab473c:c3704, 2bfdf505-3a1f-44eb-9843-3820b2477da1:c3704]
2019-09-05 19:10:48,990 [grpc-default-executor-2] INFO  client.GrpcClientProtocolClient (GrpcClientProtocolClient.java:onNext(255)) - client-729EAB8E4297->a9cb8897-0d38-4c59-817a-d67a8ba30c67: receive RaftClientReply:client-729EAB8E4297->a9cb8897-0d38-4c59-817a-d67a8ba30c67@group-A55F67FDC954, cid=2478, SUCCESS, logIndex=3707, commits[a9cb8897-0d38-4c59-817a-d67a8ba30c67:c3708, 41e21bac-56c9-465a-a1cc-bc71b3ab473c:c3706, 2bfdf505-3a1f-44eb-9843-3820b2477da1:c3706]
2019-09-05 19:10:48,990 [grpc-default-executor-2] INFO  client.GrpcClientProtocolClient (GrpcClientProtocolClient.java:onNext(255)) - client-729EAB8E4297->a9cb8897-0d38-4c59-817a-d67a8ba30c67: receive RaftClientReply:client-729EAB8E4297->a9cb8897-0d38-4c59-817a-d67a8ba30c67@group-A55F67FDC954, cid=2479, SUCCESS, logIndex=3708, commits[a9cb8897-0d38-4c59-817a-d67a8ba30c67:c3710, 41e21bac-56c9-465a-a1cc-bc71b3ab473c:c3706, 2bfdf505-3a1f-44eb-9843-3820b2477da1:c3706]
2019-09-05 19:10:48,990 [grpc-default-executor-2] INFO  client.GrpcClientProtocolClient (GrpcClientProtocolClient.java:onNext(255)) - client-729EAB8E4297->a9cb8897-0d38-4c59-817a-d67a8ba30c67: receive RaftClientReply:client-729EAB8E4297->a9cb8897-0d38-4c59-817a-d67a8ba30c67@group-A55F67FDC954, cid=2480, SUCCESS, logIndex=3709, commits[a9cb8897-0d38-4c59-817a-d67a8ba30c67:c3710, 41e21bac-56c9-465a-a1cc-bc71b3ab473c:c3706, 2bfdf505-3a1f-44eb-9843-3820b2477da1:c3706]
2019-09-05 19:10:48,991 [grpc-default-executor-2] INFO  client.GrpcClientProtocolClient (GrpcClientProtocolClient.java:onNext(255)) - client-729EAB8E4297->a9cb8897-0d38-4c59-817a-d67a8ba30c67: receive RaftClientReply:client-729EAB8E4297->a9cb8897-0d38-4c59-817a-d67a8ba30c67@group-A55F67FDC954, cid=2481, SUCCESS, logIndex=3710, commits[a9cb8897-0d38-4c59-817a-d67a8ba30c67:c3710, 41e21bac-56c9-465a-a1cc-bc71b3ab473c:c3706, 2bfdf505-3a1f-44eb-9843-3820b2477da1:c3706]
2019-09-05 19:10:49,005 [grpc-default-executor-2] INFO  client.GrpcClientProtocolClient (GrpcClientProtocolClient.java:onNext(255)) - client-729EAB8E4297->a9cb8897-0d38-4c59-817a-d67a8ba30c67: receive RaftClientReply:client-729EAB8E4297->a9cb8897-0d38-4c59-817a-d67a8ba30c67@group-A55F67FDC954, cid=2482, SUCCESS, logIndex=0, commits[a9cb8897-0d38-4c59-817a-d67a8ba30c67:c3711, 41e21bac-56c9-465a-a1cc-bc71b3ab473c:c3708, 2bfdf505-3a1f-44eb-9843-3820b2477da1:c3708]
2019-09-05 19:10:49,017 [grpc-default-executor-2] INFO  client.GrpcClientProtocolClient (GrpcClientProtocolClient.java:onNext(255)) - client-729EAB8E4297->a9cb8897-0d38-4c59-817a-d67a8ba30c67: receive RaftClientReply:client-729EAB8E4297->a9cb8897-0d38-4c59-817a-d67a8ba30c67@group-A55F67FDC954, cid=2483, SUCCESS, logIndex=3715, commits[a9cb8897-0d38-4c59-817a-d67a8ba30c67:c3716, 41e21bac-56c9-465a-a1cc-bc71b3ab473c:c3714, 2bfdf505-3a1f-44eb-9843-3820b2477da1:c3714]
2019-09-05 19:10:49,018 [grpc-default-executor-2] INFO  client.GrpcClientProtocolClient (GrpcClientProtocolClient.java:onNext(255)) - client-729EAB8E4297->a9cb8897-0d38-4c59-817a-d67a8ba30c67: receive RaftClientReply:client-729EAB8E4297->a9cb8897-0d38-4c59-817a-d67a8ba30c67@group-A55F67FDC954, cid=2484, SUCCESS, logIndex=3716, commits[a9cb8897-0d38-4c59-817a-d67a8ba30c67:c3716, 41e21bac-56c9-465a-a1cc-bc71b3ab473c:c3714, 2bfdf505-3a1f-44eb-9843-3820b2477da1:c3714]
2019-09-05 19:10:49,029 [grpc-default-executor-3] INFO  client.GrpcClientProtocolClient (GrpcClientProtocolClient.java:onNext(255)) - client-729EAB8E4297->a9cb8897-0d38-4c59-817a-d67a8ba30c67: receive RaftClientReply:client-729EAB8E4297->a9cb8897-0d38-4c59-817a-d67a8ba30c67@group-A55F67FDC954, cid=2485, SUCCESS, logIndex=3719, commits[a9cb8897-0d38-4c59-817a-d67a8ba30c67:c3720, 41e21bac-56c9-465a-a1cc-bc71b3ab473c:c3716, 2bfdf505-3a1f-44eb-9843-3820b2477da1:c3718]
2019-09-05 19:10:49,029 [grpc-default-executor-3] INFO  client.GrpcClientProtocolClient (GrpcClientProtocolClient.java:onNext(255)) - client-729EAB8E4297->a9cb8897-0d38-4c59-817a-d67a8ba30c67: receive RaftClientReply:client-729EAB8E4297->a9cb8897-0d38-4c59-817a-d67a8ba30c67@group-A55F67FDC954, cid=2486, SUCCESS, logIndex=3720, commits[a9cb8897-0d38-4c59-817a-d67a8ba30c67:c3720, 41e21bac-56c9-465a-a1cc-bc71b3ab473c:c3718, 2bfdf505-3a1f-44eb-9843-3820b2477da1:c3718]
2019-09-05 19:10:49,031 [grpc-default-executor-3] INFO  client.GrpcClientProtocolClient (GrpcClientProtocolClient.java:onNext(255)) - client-729EAB8E4297->a9cb8897-0d38-4c59-817a-d67a8ba30c67: receive RaftClientReply:client-729EAB8E4297->a9cb8897-0d38-4c59-817a-d67a8ba30c67@group-A55F67FDC954, cid=2487, SUCCESS, logIndex=0, commits[a9cb8897-0d38-4c59-817a-d67a8ba30c67:c3721, 41e21bac-56c9-465a-a1cc-bc71b3ab473c:c3720, 2bfdf505-3a1f-44eb-9843-3820b2477da1:c3720]
2019-09-05 19:10:49,053 [grpc-default-executor-3] INFO  client.GrpcClientProtocolClient (GrpcClientProtocolClient.java:onNext(255)) - client-729EAB8E4297->a9cb8897-0d38-4c59-817a-d67a8ba30c67: receive RaftClientReply:client-729EAB8E4297->a9cb8897-0d38-4c59-817a-d67a8ba30c67@group-A55F67FDC954, cid=2488, SUCCESS, logIndex=3723, commits[a9cb8897-0d38-4c59-817a-d67a8ba30c67:c3726, 41e21bac-56c9-465a-a1cc-bc71b3ab473c:c3722, 2bfdf505-3a1f-44eb-9843-3820b2477da1:c3722]
2019-09-05 19:10:49,054 [grpc-default-executor-3] INFO  client.GrpcClientProtocolClient (GrpcClientProtocolClient.java:onNext(255)) - client-729EAB8E4297->a9cb8897-0d38-4c59-817a-d67a8ba30c67: receive RaftClientReply:client-729EAB8E4297->a9cb8897-0d38-4c59-817a-d67a8ba30c67@group-A55F67FDC954, cid=2489, SUCCESS, logIndex=3724, commits[a9cb8897-0d38-4c59-817a-d67a8ba30c67:c3726, 41e21bac-56c9-465a-a1cc-bc71b3ab473c:c3722, 2bfdf505-3a1f-44eb-9843-3820b2477da1:c3722]
2019-09-05 19:10:49,054 [grpc-default-executor-3] INFO  client.GrpcClientProtocolClient (GrpcClientProtocolClient.java:onNext(255)) - client-729EAB8E4297->a9cb8897-0d38-4c59-817a-d67a8ba30c67: receive RaftClientReply:client-729EAB8E4297->a9cb8897-0d38-4c59-817a-d67a8ba30c67@group-A55F67FDC954, cid=2490, SUCCESS, logIndex=3725, commits[a9cb8897-0d38-4c59-817a-d67a8ba30c67:c3726, 41e21bac-56c9-465a-a1cc-bc71b3ab473c:c3722, 2bfdf505-3a1f-44eb-9843-3820b2477da1:c3722]
2019-09-05 19:10:49,055 [grpc-default-executor-3] INFO  client.GrpcClientProtocolClient (GrpcClientProtocolClient.java:onNext(255)) - client-729EAB8E4297->a9cb8897-0d38-4c59-817a-d67a8ba30c67: receive RaftClientReply:client-729EAB8E4297->a9cb8897-0d38-4c59-817a-d67a8ba30c67@group-A55F67FDC954, cid=2491, SUCCESS, logIndex=3726, commits[a9cb8897-0d38-4c59-817a-d67a8ba30c67:c3726, 41e21bac-56c9-465a-a1cc-bc71b3ab473c:c3722, 2bfdf505-3a1f-44eb-9843-3820b2477da1:c3722]
2019-09-05 19:10:49,056 [grpc-default-executor-3] INFO  client.GrpcClientProtocolClient (GrpcClientProtocolClient.java:onNext(255)) - client-729EAB8E4297->a9cb8897-0d38-4c59-817a-d67a8ba30c67: receive RaftClientReply:client-729EAB8E4297->a9cb8897-0d38-4c59-817a-d67a8ba30c67@group-A55F67FDC954, cid=2492, SUCCESS, logIndex=0, commits[a9cb8897-0d38-4c59-817a-d67a8ba30c67:c3727, 41e21bac-56c9-465a-a1cc-bc71b3ab473c:c3725, 2bfdf505-3a1f-44eb-9843-3820b2477da1:c3725]
2019-09-05 19:10:49,087 [grpc-default-executor-1] INFO  client.GrpcClientProtocolClient (GrpcClientProtocolClient.java:onNext(255)) - client-729EAB8E4297->a9cb8897-0d38-4c59-817a-d67a8ba30c67: receive RaftClientReply:client-729EAB8E4297->a9cb8897-0d38-4c59-817a-d67a8ba30c67@group-A55F67FDC954, cid=2493, SUCCESS, logIndex=3730, commits[a9cb8897-0d38-4c59-817a-d67a8ba30c67:c3731, 41e21bac-56c9-465a-a1cc-bc71b3ab473c:c3729, 2bfdf505-3a1f-44eb-9843-3820b2477da1:c3729]
2019-09-05 19:10:49,088 [grpc-default-executor-1] INFO  client.GrpcClientProtocolClient (GrpcClientProtocolClient.java:onNext(255)) - client-729EAB8E4297->a9cb8897-0d38-4c59-817a-d67a8ba30c67: receive RaftClientReply:client-729EAB8E4297->a9cb8897-0d38-4c59-817a-d67a8ba30c67@group-A55F67FDC954, cid=2494, SUCCESS, logIndex=3731, commits[a9cb8897-0d38-4c59-817a-d67a8ba30c67:c3731, 41e21bac-56c9-465a-a1cc-bc71b3ab473c:c3729, 2bfdf505-3a1f-44eb-9843-3820b2477da1:c3729]
2019-09-05 19:10:49,100 [grpc-default-executor-3] INFO  client.GrpcClientProtocolClient (GrpcClientProtocolClient.java:onNext(255)) - client-729EAB8E4297->a9cb8897-0d38-4c59-817a-d67a8ba30c67: receive RaftClientReply:client-729EAB8E4297->a9cb8897-0d38-4c59-817a-d67a8ba30c67@group-A55F67FDC954, cid=2495, SUCCESS, logIndex=3734, commits[a9cb8897-0d38-4c59-817a-d67a8ba30c67:c3735, 41e21bac-56c9-465a-a1cc-bc71b3ab473c:c3731, 2bfdf505-3a1f-44eb-9843-3820b2477da1:c3731]
2019-09-05 19:10:49,101 [grpc-default-executor-3] INFO  client.GrpcClientProtocolClient (GrpcClientProtocolClient.java:onNext(255)) - client-729EAB8E4297->a9cb8897-0d38-4c59-817a-d67a8ba30c67: receive RaftClientReply:client-729EAB8E4297->a9cb8897-0d38-4c59-817a-d67a8ba30c67@group-A55F67FDC954, cid=2496, SUCCESS, logIndex=3735, commits[a9cb8897-0d38-4c59-817a-d67a8ba30c67:c3735, 41e21bac-56c9-465a-a1cc-bc71b3ab473c:c3731, 2bfdf505-3a1f-44eb-9843-3820b2477da1:c3731]
2019-09-05 19:10:49,115 [grpc-default-executor-1] INFO  client.GrpcClientProtocolClient (GrpcClientProtocolClient.java:onNext(255)) - client-729EAB8E4297->a9cb8897-0d38-4c59-817a-d67a8ba30c67: receive RaftClientReply:client-729EAB8E4297->a9cb8897-0d38-4c59-817a-d67a8ba30c67@group-A55F67FDC954, cid=2497, SUCCESS, logIndex=0, commits[a9cb8897-0d38-4c59-817a-d67a8ba30c67:c3737, 41e21bac-56c9-465a-a1cc-bc71b3ab473c:c3735, 2bfdf505-3a1f-44eb-9843-3820b2477da1:c3735]
2019-09-05 19:10:49,142 [grpc-default-executor-1] INFO  client.GrpcClientProtocolClient (GrpcClientProtocolClient.java:onNext(255)) - client-729EAB8E4297->a9cb8897-0d38-4c59-817a-d67a8ba30c67: receive RaftClientReply:client-729EAB8E4297->a9cb8897-0d38-4c59-817a-d67a8ba30c67@group-A55F67FDC954, cid=2498, SUCCESS, logIndex=3738, commits[a9cb8897-0d38-4c59-817a-d67a8ba30c67:c3739, 41e21bac-56c9-465a-a1cc-bc71b3ab473c:c3737, 2bfdf505-3a1f-44eb-9843-3820b2477da1:c3737]
2019-09-05 19:10:49,143 [grpc-default-executor-1] INFO  client.GrpcClientProtocolClient (GrpcClientProtocolClient.java:onNext(255)) - client-729EAB8E4297->a9cb8897-0d38-4c59-817a-d67a8ba30c67: receive RaftClientReply:client-729EAB8E4297->a9cb8897-0d38-4c59-817a-d67a8ba30c67@group-A55F67FDC954, cid=2499, SUCCESS, logIndex=3739, commits[a9cb8897-0d38-4c59-817a-d67a8ba30c67:c3741, 41e21bac-56c9-465a-a1cc-bc71b3ab473c:c3737, 2bfdf505-3a1f-44eb-9843-3820b2477da1:c3737]
2019-09-05 19:10:49,143 [grpc-default-executor-1] INFO  client.GrpcClientProtocolClient (GrpcClientProtocolClient.java:onNext(255)) - client-729EAB8E4297->a9cb8897-0d38-4c59-817a-d67a8ba30c67: receive RaftClientReply:client-729EAB8E4297->a9cb8897-0d38-4c59-817a-d67a8ba30c67@group-A55F67FDC954, cid=2500, SUCCESS, logIndex=3740, commits[a9cb8897-0d38-4c59-817a-d67a8ba30c67:c3741, 41e21bac-56c9-465a-a1cc-bc71b3ab473c:c3737, 2bfdf505-3a1f-44eb-9843-3820b2477da1:c3737]
2019-09-05 19:10:49,143 [grpc-default-executor-2] INFO  client.GrpcClientProtocolClient (GrpcClientProtocolClient.java:onNext(255)) - client-729EAB8E4297->a9cb8897-0d38-4c59-817a-d67a8ba30c67: receive RaftClientReply:client-729EAB8E4297->a9cb8897-0d38-4c59-817a-d67a8ba30c67@group-A55F67FDC954, cid=2501, SUCCESS, logIndex=3741, commits[a9cb8897-0d38-4c59-817a-d67a8ba30c67:c3741, 41e21bac-56c9-465a-a1cc-bc71b3ab473c:c3737, 2bfdf505-3a1f-44eb-9843-3820b2477da1:c3737]
2019-09-05 19:10:49,157 [grpc-default-executor-2] INFO  client.GrpcClientProtocolClient (GrpcClientProtocolClient.java:onNext(255)) - client-729EAB8E4297->a9cb8897-0d38-4c59-817a-d67a8ba30c67: receive RaftClientReply:client-729EAB8E4297->a9cb8897-0d38-4c59-817a-d67a8ba30c67@group-A55F67FDC954, cid=2502, SUCCESS, logIndex=0, commits[a9cb8897-0d38-4c59-817a-d67a8ba30c67:c3744, 41e21bac-56c9-465a-a1cc-bc71b3ab473c:c3739, 2bfdf505-3a1f-44eb-9843-3820b2477da1:c3741]
2019-09-05 19:10:49,177 [grpc-default-executor-3] INFO  client.GrpcClientProtocolClient (GrpcClientProtocolClient.java:onNext(255)) - client-729EAB8E4297->a9cb8897-0d38-4c59-817a-d67a8ba30c67: receive RaftClientReply:client-729EAB8E4297->a9cb8897-0d38-4c59-817a-d67a8ba30c67@group-A55F67FDC954, cid=2503, SUCCESS, logIndex=3746, commits[a9cb8897-0d38-4c59-817a-d67a8ba30c67:c3747, 41e21bac-56c9-465a-a1cc-bc71b3ab473c:c3745, 2bfdf505-3a1f-44eb-9843-3820b2477da1:c3745]
2019-09-05 19:10:49,177 [grpc-default-executor-3] INFO  client.GrpcClientProtocolClient (GrpcClientProtocolClient.java:onNext(255)) - client-729EAB8E4297->a9cb8897-0d38-4c59-817a-d67a8ba30c67: receive RaftClientReply:client-729EAB8E4297->a9cb8897-0d38-4c59-817a-d67a8ba30c67@group-A55F67FDC954, cid=2504, SUCCESS, logIndex=3747, commits[a9cb8897-0d38-4c59-817a-d67a8ba30c67:c3747, 41e21bac-56c9-465a-a1cc-bc71b3ab473c:c3745, 2bfdf505-3a1f-44eb-9843-3820b2477da1:c3745]
2019-09-05 19:10:49,191 [grpc-default-executor-3] INFO  client.GrpcClientProtocolClient (GrpcClientProtocolClient.java:onNext(255)) - client-729EAB8E4297->a9cb8897-0d38-4c59-817a-d67a8ba30c67: receive RaftClientReply:client-729EAB8E4297->a9cb8897-0d38-4c59-817a-d67a8ba30c67@group-A55F67FDC954, cid=2505, SUCCESS, logIndex=3750, commits[a9cb8897-0d38-4c59-817a-d67a8ba30c67:c3751, 41e21bac-56c9-465a-a1cc-bc71b3ab473c:c3747, 2bfdf505-3a1f-44eb-9843-3820b2477da1:c3747]
2019-09-05 19:10:49,192 [grpc-default-executor-3] INFO  client.GrpcClientProtocolClient (GrpcClientProtocolClient.java:onNext(255)) - client-729EAB8E4297->a9cb8897-0d38-4c59-817a-d67a8ba30c67: receive RaftClientReply:client-729EAB8E4297->a9cb8897-0d38-4c59-817a-d67a8ba30c67@group-A55F67FDC954, cid=2506, SUCCESS, logIndex=3751, commits[a9cb8897-0d38-4c59-817a-d67a8ba30c67:c3751, 41e21bac-56c9-465a-a1cc-bc71b3ab473c:c3747, 2bfdf505-3a1f-44eb-9843-3820b2477da1:c3747]
2019-09-05 19:10:49,207 [grpc-default-executor-3] INFO  client.GrpcClientProtocolClient (GrpcClientProtocolClient.java:onNext(255)) - client-729EAB8E4297->a9cb8897-0d38-4c59-817a-d67a8ba30c67: receive RaftClientReply:client-729EAB8E4297->a9cb8897-0d38-4c59-817a-d67a8ba30c67@group-A55F67FDC954, cid=2507, SUCCESS, logIndex=0, commits[a9cb8897-0d38-4c59-817a-d67a8ba30c67:c3753, 41e21bac-56c9-465a-a1cc-bc71b3ab473c:c3751, 2bfdf505-3a1f-44eb-9843-3820b2477da1:c3751]
2019-09-05 19:10:49,237 [grpc-default-executor-1] INFO  client.GrpcClientProtocolClient (GrpcClientProtocolClient.java:onNext(255)) - client-729EAB8E4297->a9cb8897-0d38-4c59-817a-d67a8ba30c67: receive RaftClientReply:client-729EAB8E4297->a9cb8897-0d38-4c59-817a-d67a8ba30c67@group-A55F67FDC954, cid=2508, SUCCESS, logIndex=3754, commits[a9cb8897-0d38-4c59-817a-d67a8ba30c67:c3755, 41e21bac-56c9-465a-a1cc-bc71b3ab473c:c3753, 2bfdf505-3a1f-44eb-9843-3820b2477da1:c3753]
2019-09-05 19:10:49,238 [grpc-default-executor-1] INFO  client.GrpcClientProtocolClient (GrpcClientProtocolClient.java:onNext(255)) - client-729EAB8E4297->a9cb8897-0d38-4c59-817a-d67a8ba30c67: receive RaftClientReply:client-729EAB8E4297->a9cb8897-0d38-4c59-817a-d67a8ba30c67@group-A55F67FDC954, cid=2509, SUCCESS, logIndex=3755, commits[a9cb8897-0d38-4c59-817a-d67a8ba30c67:c3757, 41e21bac-56c9-465a-a1cc-bc71b3ab473c:c3753, 2bfdf505-3a1f-44eb-9843-3820b2477da1:c3753]
2019-09-05 19:10:49,238 [grpc-default-executor-1] INFO  client.GrpcClientProtocolClient (GrpcClientProtocolClient.java:onNext(255)) - client-729EAB8E4297->a9cb8897-0d38-4c59-817a-d67a8ba30c67: receive RaftClientReply:client-729EAB8E4297->a9cb8897-0d38-4c59-817a-d67a8ba30c67@group-A55F67FDC954, cid=2510, SUCCESS, logIndex=3756, commits[a9cb8897-0d38-4c59-817a-d67a8ba30c67:c3757, 41e21bac-56c9-465a-a1cc-bc71b3ab473c:c3753, 2bfdf505-3a1f-44eb-9843-3820b2477da1:c3753]
2019-09-05 19:10:49,238 [grpc-default-executor-1] INFO  client.GrpcClientProtocolClient (GrpcClientProtocolClient.java:onNext(255)) - client-729EAB8E4297->a9cb8897-0d38-4c59-817a-d67a8ba30c67: receive RaftClientReply:client-729EAB8E4297->a9cb8897-0d38-4c59-817a-d67a8ba30c67@group-A55F67FDC954, cid=2511, SUCCESS, logIndex=3757, commits[a9cb8897-0d38-4c59-817a-d67a8ba30c67:c3758, 41e21bac-56c9-465a-a1cc-bc71b3ab473c:c3753, 2bfdf505-3a1f-44eb-9843-3820b2477da1:c3754]
2019-09-05 19:10:49,240 [grpc-default-executor-1] INFO  client.GrpcClientProtocolClient (GrpcClientProtocolClient.java:onNext(255)) - client-729EAB8E4297->a9cb8897-0d38-4c59-817a-d67a8ba30c67: receive RaftClientReply:client-729EAB8E4297->a9cb8897-0d38-4c59-817a-d67a8ba30c67@group-A55F67FDC954, cid=2512, SUCCESS, logIndex=0, commits[a9cb8897-0d38-4c59-817a-d67a8ba30c67:c3759, 41e21bac-56c9-465a-a1cc-bc71b3ab473c:c3755, 2bfdf505-3a1f-44eb-9843-3820b2477da1:c3755]
2019-09-05 19:10:49,262 [grpc-default-executor-1] INFO  client.GrpcClientProtocolClient (GrpcClientProtocolClient.java:onNext(255)) - client-729EAB8E4297->a9cb8897-0d38-4c59-817a-d67a8ba30c67: receive RaftClientReply:client-729EAB8E4297->a9cb8897-0d38-4c59-817a-d67a8ba30c67@group-A55F67FDC954, cid=2513, SUCCESS, logIndex=3762, commits[a9cb8897-0d38-4c59-817a-d67a8ba30c67:c3763, 41e21bac-56c9-465a-a1cc-bc71b3ab473c:c3757, 2bfdf505-3a1f-44eb-9843-3820b2477da1:c3759]
2019-09-05 19:10:49,263 [grpc-default-executor-1] INFO  client.GrpcClientProtocolClient (GrpcClientProtocolClient.java:onNext(255)) - client-729EAB8E4297->a9cb8897-0d38-4c59-817a-d67a8ba30c67: receive RaftClientReply:client-729EAB8E4297->a9cb8897-0d38-4c59-817a-d67a8ba30c67@group-A55F67FDC954, cid=2514, SUCCESS, logIndex=3763, commits[a9cb8897-0d38-4c59-817a-d67a8ba30c67:c3763, 41e21bac-56c9-465a-a1cc-bc71b3ab473c:c3759, 2bfdf505-3a1f-44eb-9843-3820b2477da1:c3759]
2019-09-05 19:10:49,282 [grpc-default-executor-1] INFO  client.GrpcClientProtocolClient (GrpcClientProtocolClient.java:onNext(255)) - client-729EAB8E4297->a9cb8897-0d38-4c59-817a-d67a8ba30c67: receive RaftClientReply:client-729EAB8E4297->a9cb8897-0d38-4c59-817a-d67a8ba30c67@group-A55F67FDC954, cid=2515, SUCCESS, logIndex=3766, commits[a9cb8897-0d38-4c59-817a-d67a8ba30c67:c3767, 41e21bac-56c9-465a-a1cc-bc71b3ab473c:c3765, 2bfdf505-3a1f-44eb-9843-3820b2477da1:c3765]
2019-09-05 19:10:49,282 [grpc-default-executor-1] INFO  client.GrpcClientProtocolClient (GrpcClientProtocolClient.java:onNext(255)) - client-729EAB8E4297->a9cb8897-0d38-4c59-817a-d67a8ba30c67: receive RaftClientReply:client-729EAB8E4297->a9cb8897-0d38-4c59-817a-d67a8ba30c67@group-A55F67FDC954, cid=2516, SUCCESS, logIndex=3767, commits[a9cb8897-0d38-4c59-817a-d67a8ba30c67:c3767, 41e21bac-56c9-465a-a1cc-bc71b3ab473c:c3765, 2bfdf505-3a1f-44eb-9843-3820b2477da1:c3765]
2019-09-05 19:10:49,294 [grpc-default-executor-1] INFO  client.GrpcClientProtocolClient (GrpcClientProtocolClient.java:onNext(255)) - client-729EAB8E4297->a9cb8897-0d38-4c59-817a-d67a8ba30c67: receive RaftClientReply:client-729EAB8E4297->a9cb8897-0d38-4c59-817a-d67a8ba30c67@group-A55F67FDC954, cid=2517, SUCCESS, logIndex=0, commits[a9cb8897-0d38-4c59-817a-d67a8ba30c67:c3768, 41e21bac-56c9-465a-a1cc-bc71b3ab473c:c3767, 2bfdf505-3a1f-44eb-9843-3820b2477da1:c3767]
2019-09-05 19:10:49,322 [grpc-default-executor-3] INFO  client.GrpcClientProtocolClient (GrpcClientProtocolClient.java:onNext(255)) - client-729EAB8E4297->a9cb8897-0d38-4c59-817a-d67a8ba30c67: receive RaftClientReply:client-729EAB8E4297->a9cb8897-0d38-4c59-817a-d67a8ba30c67@group-A55F67FDC954, cid=2518, SUCCESS, logIndex=3770, commits[a9cb8897-0d38-4c59-817a-d67a8ba30c67:c3772, 41e21bac-56c9-465a-a1cc-bc71b3ab473c:c3769, 2bfdf505-3a1f-44eb-9843-3820b2477da1:c3769]
2019-09-05 19:10:49,322 [grpc-default-executor-3] INFO  client.GrpcClientProtocolClient (GrpcClientProtocolClient.java:onNext(255)) - client-729EAB8E4297->a9cb8897-0d38-4c59-817a-d67a8ba30c67: receive RaftClientReply:client-729EAB8E4297->a9cb8897-0d38-4c59-817a-d67a8ba30c67@group-A55F67FDC954, cid=2519, SUCCESS, logIndex=3771, commits[a9cb8897-0d38-4c59-817a-d67a8ba30c67:c3773, 41e21bac-56c9-465a-a1cc-bc71b3ab473c:c3769, 2bfdf505-3a1f-44eb-9843-3820b2477da1:c3769]
2019-09-05 19:10:49,323 [grpc-default-executor-3] INFO  client.GrpcClientProtocolClient (GrpcClientProtocolClient.java:onNext(255)) - client-729EAB8E4297->a9cb8897-0d38-4c59-817a-d67a8ba30c67: receive RaftClientReply:client-729EAB8E4297->a9cb8897-0d38-4c59-817a-d67a8ba30c67@group-A55F67FDC954, cid=2520, SUCCESS, logIndex=3772, commits[a9cb8897-0d38-4c59-817a-d67a8ba30c67:c3773, 41e21bac-56c9-465a-a1cc-bc71b3ab473c:c3769, 2bfdf505-3a1f-44eb-9843-3820b2477da1:c3769]
2019-09-05 19:10:49,323 [grpc-default-executor-3] INFO  client.GrpcClientProtocolClient (GrpcClientProtocolClient.java:onNext(255)) - client-729EAB8E4297->a9cb8897-0d38-4c59-817a-d67a8ba30c67: receive RaftClientReply:client-729EAB8E4297->a9cb8897-0d38-4c59-817a-d67a8ba30c67@group-A55F67FDC954, cid=2521, SUCCESS, logIndex=3773, commits[a9cb8897-0d38-4c59-817a-d67a8ba30c67:c3774, 41e21bac-56c9-465a-a1cc-bc71b3ab473c:c3770, 2bfdf505-3a1f-44eb-9843-3820b2477da1:c3769]
2019-09-05 19:10:49,326 [grpc-default-executor-3] INFO  client.GrpcClientProtocolClient (GrpcClientProtocolClient.java:onNext(255)) - client-729EAB8E4297->a9cb8897-0d38-4c59-817a-d67a8ba30c67: receive RaftClientReply:client-729EAB8E4297->a9cb8897-0d38-4c59-817a-d67a8ba30c67@group-A55F67FDC954, cid=2522, SUCCESS, logIndex=0, commits[a9cb8897-0d38-4c59-817a-d67a8ba30c67:c3777, 41e21bac-56c9-465a-a1cc-bc71b3ab473c:c3771, 2bfdf505-3a1f-44eb-9843-3820b2477da1:c3773]
 0.00% |█                                                                                                    |  0/1 Time: 0:00:232019-09-05 19:10:49,351 [grpc-default-executor-3] INFO  client.GrpcClientProtocolClient (GrpcClientProtocolClient.java:onNext(255)) - client-729EAB8E4297->a9cb8897-0d38-4c59-817a-d67a8ba30c67: receive RaftClientReply:client-729EAB8E4297->a9cb8897-0d38-4c59-817a-d67a8ba30c67@group-A55F67FDC954, cid=2523, SUCCESS, logIndex=3778, commits[a9cb8897-0d38-4c59-817a-d67a8ba30c67:c3779, 41e21bac-56c9-465a-a1cc-bc71b3ab473c:c3773, 2bfdf505-3a1f-44eb-9843-3820b2477da1:c3777]
2019-09-05 19:10:49,351 [grpc-default-executor-3] INFO  client.GrpcClientProtocolClient (GrpcClientProtocolClient.java:onNext(255)) - client-729EAB8E4297->a9cb8897-0d38-4c59-817a-d67a8ba30c67: receive RaftClientReply:client-729EAB8E4297->a9cb8897-0d38-4c59-817a-d67a8ba30c67@group-A55F67FDC954, cid=2524, SUCCESS, logIndex=3779, commits[a9cb8897-0d38-4c59-817a-d67a8ba30c67:c3779, 41e21bac-56c9-465a-a1cc-bc71b3ab473c:c3777, 2bfdf505-3a1f-44eb-9843-3820b2477da1:c3777]
2019-09-05 19:10:49,371 [grpc-default-executor-3] INFO  client.GrpcClientProtocolClient (GrpcClientProtocolClient.java:onNext(255)) - client-729EAB8E4297->a9cb8897-0d38-4c59-817a-d67a8ba30c67: receive RaftClientReply:client-729EAB8E4297->a9cb8897-0d38-4c59-817a-d67a8ba30c67@group-A55F67FDC954, cid=2525, SUCCESS, logIndex=3781, commits[a9cb8897-0d38-4c59-817a-d67a8ba30c67:c3782, 41e21bac-56c9-465a-a1cc-bc71b3ab473c:c3780, 2bfdf505-3a1f-44eb-9843-3820b2477da1:c3780]
2019-09-05 19:10:49,371 [grpc-default-executor-3] INFO  client.GrpcClientProtocolClient (GrpcClientProtocolClient.java:onNext(255)) - client-729EAB8E4297->a9cb8897-0d38-4c59-817a-d67a8ba30c67: receive RaftClientReply:client-729EAB8E4297->a9cb8897-0d38-4c59-817a-d67a8ba30c67@group-A55F67FDC954, cid=2526, SUCCESS, logIndex=3782, commits[a9cb8897-0d38-4c59-817a-d67a8ba30c67:c3782, 41e21bac-56c9-465a-a1cc-bc71b3ab473c:c3780, 2bfdf505-3a1f-44eb-9843-3820b2477da1:c3780]
2019-09-05 19:10:49,384 [grpc-default-executor-3] INFO  client.GrpcClientProtocolClient (GrpcClientProtocolClient.java:onNext(255)) - client-729EAB8E4297->a9cb8897-0d38-4c59-817a-d67a8ba30c67: receive RaftClientReply:client-729EAB8E4297->a9cb8897-0d38-4c59-817a-d67a8ba30c67@group-A55F67FDC954, cid=2527, SUCCESS, logIndex=0, commits[a9cb8897-0d38-4c59-817a-d67a8ba30c67:c3784, 41e21bac-56c9-465a-a1cc-bc71b3ab473c:c3782, 2bfdf505-3a1f-44eb-9843-3820b2477da1:c3782]
2019-09-05 19:10:49,415 [grpc-default-executor-3] INFO  client.GrpcClientProtocolClient (GrpcClientProtocolClient.java:onNext(255)) - client-729EAB8E4297->a9cb8897-0d38-4c59-817a-d67a8ba30c67: receive RaftClientReply:client-729EAB8E4297->a9cb8897-0d38-4c59-817a-d67a8ba30c67@group-A55F67FDC954, cid=2528, SUCCESS, logIndex=3785, commits[a9cb8897-0d38-4c59-817a-d67a8ba30c67:c3786, 41e21bac-56c9-465a-a1cc-bc71b3ab473c:c3784, 2bfdf505-3a1f-44eb-9843-3820b2477da1:c3784]
2019-09-05 19:10:49,415 [grpc-default-executor-3] INFO  client.GrpcClientProtocolClient (GrpcClientProtocolClient.java:onNext(255)) - client-729EAB8E4297->a9cb8897-0d38-4c59-817a-d67a8ba30c67: receive RaftClientReply:client-729EAB8E4297->a9cb8897-0d38-4c59-817a-d67a8ba30c67@group-A55F67FDC954, cid=2529, SUCCESS, logIndex=3786, commits[a9cb8897-0d38-4c59-817a-d67a8ba30c67:c3786, 41e21bac-56c9-465a-a1cc-bc71b3ab473c:c3784, 2bfdf505-3a1f-44eb-9843-3820b2477da1:c3784]
2019-09-05 19:10:49,426 [grpc-default-executor-1] INFO  client.GrpcClientProtocolClient (GrpcClientProtocolClient.java:onNext(255)) - client-729EAB8E4297->a9cb8897-0d38-4c59-817a-d67a8ba30c67: receive RaftClientReply:client-729EAB8E4297->a9cb8897-0d38-4c59-817a-d67a8ba30c67@group-A55F67FDC954, cid=2530, SUCCESS, logIndex=3787, commits[a9cb8897-0d38-4c59-817a-d67a8ba30c67:c3788, 41e21bac-56c9-465a-a1cc-bc71b3ab473c:c3784, 2bfdf505-3a1f-44eb-9843-3820b2477da1:c3784]
2019-09-05 19:10:49,427 [grpc-default-executor-1] INFO  client.GrpcClientProtocolClient (GrpcClientProtocolClient.java:onNext(255)) - client-729EAB8E4297->a9cb8897-0d38-4c59-817a-d67a8ba30c67: receive RaftClientReply:client-729EAB8E4297->a9cb8897-0d38-4c59-817a-d67a8ba30c67@group-A55F67FDC954, cid=2531, SUCCESS, logIndex=3788, commits[a9cb8897-0d38-4c59-817a-d67a8ba30c67:c3788, 41e21bac-56c9-465a-a1cc-bc71b3ab473c:c3784, 2bfdf505-3a1f-44eb-9843-3820b2477da1:c3784]
2019-09-05 19:10:49,429 [grpc-default-executor-1] INFO  client.GrpcClientProtocolClient (GrpcClientProtocolClient.java:onNext(255)) - client-729EAB8E4297->a9cb8897-0d38-4c59-817a-d67a8ba30c67: receive RaftClientReply:client-729EAB8E4297->a9cb8897-0d38-4c59-817a-d67a8ba30c67@group-A55F67FDC954, cid=2532, SUCCESS, logIndex=0, commits[a9cb8897-0d38-4c59-817a-d67a8ba30c67:c3790, 41e21bac-56c9-465a-a1cc-bc71b3ab473c:c3786, 2bfdf505-3a1f-44eb-9843-3820b2477da1:c3786]
2019-09-05 19:10:49,442 [grpc-default-executor-3] INFO  client.GrpcClientProtocolClient (GrpcClientProtocolClient.java:onNext(255)) - client-729EAB8E4297->a9cb8897-0d38-4c59-817a-d67a8ba30c67: receive RaftClientReply:client-729EAB8E4297->a9cb8897-0d38-4c59-817a-d67a8ba30c67@group-A55F67FDC954, cid=2533, SUCCESS, logIndex=3793, commits[a9cb8897-0d38-4c59-817a-d67a8ba30c67:c3794, 41e21bac-56c9-465a-a1cc-bc71b3ab473c:c3790, 2bfdf505-3a1f-44eb-9843-3820b2477da1:c3790]
2019-09-05 19:10:49,442 [grpc-default-executor-3] INFO  client.GrpcClientProtocolClient (GrpcClientProtocolClient.java:onNext(255)) - client-729EAB8E4297->a9cb8897-0d38-4c59-817a-d67a8ba30c67: receive RaftClientReply:client-729EAB8E4297->a9cb8897-0d38-4c59-817a-d67a8ba30c67@group-A55F67FDC954, cid=2534, SUCCESS, logIndex=3794, commits[a9cb8897-0d38-4c59-817a-d67a8ba30c67:c3794, 41e21bac-56c9-465a-a1cc-bc71b3ab473c:c3790, 2bfdf505-3a1f-44eb-9843-3820b2477da1:c3790]
2019-09-05 19:10:49,467 [grpc-default-executor-1] INFO  client.GrpcClientProtocolClient (GrpcClientProtocolClient.java:onNext(255)) - client-729EAB8E4297->a9cb8897-0d38-4c59-817a-d67a8ba30c67: receive RaftClientReply:client-729EAB8E4297->a9cb8897-0d38-4c59-817a-d67a8ba30c67@group-A55F67FDC954, cid=2535, SUCCESS, logIndex=3797, commits[a9cb8897-0d38-4c59-817a-d67a8ba30c67:c3798, 41e21bac-56c9-465a-a1cc-bc71b3ab473c:c3794, 2bfdf505-3a1f-44eb-9843-3820b2477da1:c3794]
2019-09-05 19:10:49,467 [grpc-default-executor-1] INFO  client.GrpcClientProtocolClient (GrpcClientProtocolClient.java:onNext(255)) - client-729EAB8E4297->a9cb8897-0d38-4c59-817a-d67a8ba30c67: receive RaftClientReply:client-729EAB8E4297->a9cb8897-0d38-4c59-817a-d67a8ba30c67@group-A55F67FDC954, cid=2536, SUCCESS, logIndex=3798, commits[a9cb8897-0d38-4c59-817a-d67a8ba30c67:c3798, 41e21bac-56c9-465a-a1cc-bc71b3ab473c:c3794, 2bfdf505-3a1f-44eb-9843-3820b2477da1:c3794]
2019-09-05 19:10:49,479 [grpc-default-executor-3] INFO  client.GrpcClientProtocolClient (GrpcClientProtocolClient.java:onNext(255)) - client-729EAB8E4297->a9cb8897-0d38-4c59-817a-d67a8ba30c67: receive RaftClientReply:client-729EAB8E4297->a9cb8897-0d38-4c59-817a-d67a8ba30c67@group-A55F67FDC954, cid=2537, SUCCESS, logIndex=0, commits[a9cb8897-0d38-4c59-817a-d67a8ba30c67:c3799, 41e21bac-56c9-465a-a1cc-bc71b3ab473c:c3798, 2bfdf505-3a1f-44eb-9843-3820b2477da1:c3798]
2019-09-05 19:10:49,510 [grpc-default-executor-0] INFO  client.GrpcClientProtocolClient (GrpcClientProtocolClient.java:onNext(255)) - client-729EAB8E4297->a9cb8897-0d38-4c59-817a-d67a8ba30c67: receive RaftClientReply:client-729EAB8E4297->a9cb8897-0d38-4c59-817a-d67a8ba30c67@group-A55F67FDC954, cid=2538, SUCCESS, logIndex=3801, commits[a9cb8897-0d38-4c59-817a-d67a8ba30c67:c3802, 41e21bac-56c9-465a-a1cc-bc71b3ab473c:c3800, 2bfdf505-3a1f-44eb-9843-3820b2477da1:c3800]
2019-09-05 19:10:49,511 [grpc-default-executor-0] INFO  client.GrpcClientProtocolClient (GrpcClientProtocolClient.java:onNext(255)) - client-729EAB8E4297->a9cb8897-0d38-4c59-817a-d67a8ba30c67: receive RaftClientReply:client-729EAB8E4297->a9cb8897-0d38-4c59-817a-d67a8ba30c67@group-A55F67FDC954, cid=2539, SUCCESS, logIndex=3802, commits[a9cb8897-0d38-4c59-817a-d67a8ba30c67:c3804, 41e21bac-56c9-465a-a1cc-bc71b3ab473c:c3800, 2bfdf505-3a1f-44eb-9843-3820b2477da1:c3800]
2019-09-05 19:10:49,512 [grpc-default-executor-1] INFO  client.GrpcClientProtocolClient (GrpcClientProtocolClient.java:onNext(255)) - client-729EAB8E4297->a9cb8897-0d38-4c59-817a-d67a8ba30c67: receive RaftClientReply:client-729EAB8E4297->a9cb8897-0d38-4c59-817a-d67a8ba30c67@group-A55F67FDC954, cid=2540, SUCCESS, logIndex=3803, commits[a9cb8897-0d38-4c59-817a-d67a8ba30c67:c3804, 41e21bac-56c9-465a-a1cc-bc71b3ab473c:c3800, 2bfdf505-3a1f-44eb-9843-3820b2477da1:c3800]
2019-09-05 19:10:49,512 [grpc-default-executor-1] INFO  client.GrpcClientProtocolClient (GrpcClientProtocolClient.java:onNext(255)) - client-729EAB8E4297->a9cb8897-0d38-4c59-817a-d67a8ba30c67: receive RaftClientReply:client-729EAB8E4297->a9cb8897-0d38-4c59-817a-d67a8ba30c67@group-A55F67FDC954, cid=2541, SUCCESS, logIndex=3804, commits[a9cb8897-0d38-4c59-817a-d67a8ba30c67:c3804, 41e21bac-56c9-465a-a1cc-bc71b3ab473c:c3800, 2bfdf505-3a1f-44eb-9843-3820b2477da1:c3800]
2019-09-05 19:10:49,513 [grpc-default-executor-1] INFO  client.GrpcClientProtocolClient (GrpcClientProtocolClient.java:onNext(255)) - client-729EAB8E4297->a9cb8897-0d38-4c59-817a-d67a8ba30c67: receive RaftClientReply:client-729EAB8E4297->a9cb8897-0d38-4c59-817a-d67a8ba30c67@group-A55F67FDC954, cid=2542, SUCCESS, logIndex=0, commits[a9cb8897-0d38-4c59-817a-d67a8ba30c67:c3805, 41e21bac-56c9-465a-a1cc-bc71b3ab473c:c3802, 2bfdf505-3a1f-44eb-9843-3820b2477da1:c3802]
2019-09-05 19:10:49,528 [grpc-default-executor-1] INFO  client.GrpcClientProtocolClient (GrpcClientProtocolClient.java:onNext(255)) - client-729EAB8E4297->a9cb8897-0d38-4c59-817a-d67a8ba30c67: receive RaftClientReply:client-729EAB8E4297->a9cb8897-0d38-4c59-817a-d67a8ba30c67@group-A55F67FDC954, cid=2543, SUCCESS, logIndex=3809, commits[a9cb8897-0d38-4c59-817a-d67a8ba30c67:c3810, 41e21bac-56c9-465a-a1cc-bc71b3ab473c:c3808, 2bfdf505-3a1f-44eb-9843-3820b2477da1:c3804]
2019-09-05 19:10:49,528 [grpc-default-executor-1] INFO  client.GrpcClientProtocolClient (GrpcClientProtocolClient.java:onNext(255)) - client-729EAB8E4297->a9cb8897-0d38-4c59-817a-d67a8ba30c67: receive RaftClientReply:client-729EAB8E4297->a9cb8897-0d38-4c59-817a-d67a8ba30c67@group-A55F67FDC954, cid=2544, SUCCESS, logIndex=3810, commits[a9cb8897-0d38-4c59-817a-d67a8ba30c67:c3810, 41e21bac-56c9-465a-a1cc-bc71b3ab473c:c3808, 2bfdf505-3a1f-44eb-9843-3820b2477da1:c3808]
2019-09-05 19:10:49,542 [grpc-default-executor-1] INFO  client.GrpcClientProtocolClient (GrpcClientProtocolClient.java:onNext(255)) - client-729EAB8E4297->a9cb8897-0d38-4c59-817a-d67a8ba30c67: receive RaftClientReply:client-729EAB8E4297->a9cb8897-0d38-4c59-817a-d67a8ba30c67@group-A55F67FDC954, cid=2545, SUCCESS, logIndex=3813, commits[a9cb8897-0d38-4c59-817a-d67a8ba30c67:c3814, 41e21bac-56c9-465a-a1cc-bc71b3ab473c:c3810, 2bfdf505-3a1f-44eb-9843-3820b2477da1:c3812]
2019-09-05 19:10:49,543 [grpc-default-executor-1] INFO  client.GrpcClientProtocolClient (GrpcClientProtocolClient.java:onNext(255)) - client-729EAB8E4297->a9cb8897-0d38-4c59-817a-d67a8ba30c67: receive RaftClientReply:client-729EAB8E4297->a9cb8897-0d38-4c59-817a-d67a8ba30c67@group-A55F67FDC954, cid=2546, SUCCESS, logIndex=3814, commits[a9cb8897-0d38-4c59-817a-d67a8ba30c67:c3814, 41e21bac-56c9-465a-a1cc-bc71b3ab473c:c3812, 2bfdf505-3a1f-44eb-9843-3820b2477da1:c3812]
2019-09-05 19:10:49,544 [grpc-default-executor-1] INFO  client.GrpcClientProtocolClient (GrpcClientProtocolClient.java:onNext(255)) - client-729EAB8E4297->a9cb8897-0d38-4c59-817a-d67a8ba30c67: receive RaftClientReply:client-729EAB8E4297->a9cb8897-0d38-4c59-817a-d67a8ba30c67@group-A55F67FDC954, cid=2547, SUCCESS, logIndex=0, commits[a9cb8897-0d38-4c59-817a-d67a8ba30c67:c3815, 41e21bac-56c9-465a-a1cc-bc71b3ab473c:c3814, 2bfdf505-3a1f-44eb-9843-3820b2477da1:c3814]
2019-09-05 19:10:49,573 [grpc-default-executor-1] INFO  client.GrpcClientProtocolClient (GrpcClientProtocolClient.java:onNext(255)) - client-729EAB8E4297->a9cb8897-0d38-4c59-817a-d67a8ba30c67: receive RaftClientReply:client-729EAB8E4297->a9cb8897-0d38-4c59-817a-d67a8ba30c67@group-A55F67FDC954, cid=2548, SUCCESS, logIndex=3817, commits[a9cb8897-0d38-4c59-817a-d67a8ba30c67:c3819, 41e21bac-56c9-465a-a1cc-bc71b3ab473c:c3816, 2bfdf505-3a1f-44eb-9843-3820b2477da1:c3816]
2019-09-05 19:10:49,574 [grpc-default-executor-1] INFO  client.GrpcClientProtocolClient (GrpcClientProtocolClient.java:onNext(255)) - client-729EAB8E4297->a9cb8897-0d38-4c59-817a-d67a8ba30c67: receive RaftClientReply:client-729EAB8E4297->a9cb8897-0d38-4c59-817a-d67a8ba30c67@group-A55F67FDC954, cid=2549, SUCCESS, logIndex=3818, commits[a9cb8897-0d38-4c59-817a-d67a8ba30c67:c3820, 41e21bac-56c9-465a-a1cc-bc71b3ab473c:c3816, 2bfdf505-3a1f-44eb-9843-3820b2477da1:c3816]
2019-09-05 19:10:49,575 [grpc-default-executor-1] INFO  client.GrpcClientProtocolClient (GrpcClientProtocolClient.java:onNext(255)) - client-729EAB8E4297->a9cb8897-0d38-4c59-817a-d67a8ba30c67: receive RaftClientReply:client-729EAB8E4297->a9cb8897-0d38-4c59-817a-d67a8ba30c67@group-A55F67FDC954, cid=2550, SUCCESS, logIndex=3819, commits[a9cb8897-0d38-4c59-817a-d67a8ba30c67:c3820, 41e21bac-56c9-465a-a1cc-bc71b3ab473c:c3816, 2bfdf505-3a1f-44eb-9843-3820b2477da1:c3816]
2019-09-05 19:10:49,575 [grpc-default-executor-1] INFO  client.GrpcClientProtocolClient (GrpcClientProtocolClient.java:onNext(255)) - client-729EAB8E4297->a9cb8897-0d38-4c59-817a-d67a8ba30c67: receive RaftClientReply:client-729EAB8E4297->a9cb8897-0d38-4c59-817a-d67a8ba30c67@group-A55F67FDC954, cid=2551, SUCCESS, logIndex=3820, commits[a9cb8897-0d38-4c59-817a-d67a8ba30c67:c3820, 41e21bac-56c9-465a-a1cc-bc71b3ab473c:c3816, 2bfdf505-3a1f-44eb-9843-3820b2477da1:c3816]
2019-09-05 19:10:49,578 [grpc-default-executor-1] INFO  client.GrpcClientProtocolClient (GrpcClientProtocolClient.java:onNext(255)) - client-729EAB8E4297->a9cb8897-0d38-4c59-817a-d67a8ba30c67: receive RaftClientReply:client-729EAB8E4297->a9cb8897-0d38-4c59-817a-d67a8ba30c67@group-A55F67FDC954, cid=2552, SUCCESS, logIndex=0, commits[a9cb8897-0d38-4c59-817a-d67a8ba30c67:c3821, 41e21bac-56c9-465a-a1cc-bc71b3ab473c:c3818, 2bfdf505-3a1f-44eb-9843-3820b2477da1:c3818]
2019-09-05 19:10:49,599 [grpc-default-executor-1] INFO  client.GrpcClientProtocolClient (GrpcClientProtocolClient.java:onNext(255)) - client-729EAB8E4297->a9cb8897-0d38-4c59-817a-d67a8ba30c67: receive RaftClientReply:client-729EAB8E4297->a9cb8897-0d38-4c59-817a-d67a8ba30c67@group-A55F67FDC954, cid=2553, SUCCESS, logIndex=3825, commits[a9cb8897-0d38-4c59-817a-d67a8ba30c67:c3826, 41e21bac-56c9-465a-a1cc-bc71b3ab473c:c3824, 2bfdf505-3a1f-44eb-9843-3820b2477da1:c3824]
2019-09-05 19:10:49,599 [grpc-default-executor-1] INFO  client.GrpcClientProtocolClient (GrpcClientProtocolClient.java:onNext(255)) - client-729EAB8E4297->a9cb8897-0d38-4c59-817a-d67a8ba30c67: receive RaftClientReply:client-729EAB8E4297->a9cb8897-0d38-4c59-817a-d67a8ba30c67@group-A55F67FDC954, cid=2554, SUCCESS, logIndex=3826, commits[a9cb8897-0d38-4c59-817a-d67a8ba30c67:c3826, 41e21bac-56c9-465a-a1cc-bc71b3ab473c:c3824, 2bfdf505-3a1f-44eb-9843-3820b2477da1:c3824]
2019-09-05 19:10:49,784 [grpc-default-executor-1] INFO  client.GrpcClientProtocolClient (GrpcClientProtocolClient.java:onNext(255)) - client-729EAB8E4297->a9cb8897-0d38-4c59-817a-d67a8ba30c67: receive RaftClientReply:client-729EAB8E4297->a9cb8897-0d38-4c59-817a-d67a8ba30c67@group-A55F67FDC954, cid=2555, SUCCESS, logIndex=3829, commits[a9cb8897-0d38-4c59-817a-d67a8ba30c67:c3830, 41e21bac-56c9-465a-a1cc-bc71b3ab473c:c3826, 2bfdf505-3a1f-44eb-9843-3820b2477da1:c3826]
2019-09-05 19:10:49,784 [grpc-default-executor-1] INFO  client.GrpcClientProtocolClient (GrpcClientProtocolClient.java:onNext(255)) - client-729EAB8E4297->a9cb8897-0d38-4c59-817a-d67a8ba30c67: receive RaftClientReply:client-729EAB8E4297->a9cb8897-0d38-4c59-817a-d67a8ba30c67@group-A55F67FDC954, cid=2556, SUCCESS, logIndex=3830, commits[a9cb8897-0d38-4c59-817a-d67a8ba30c67:c3830, 41e21bac-56c9-465a-a1cc-bc71b3ab473c:c3826, 2bfdf505-3a1f-44eb-9843-3820b2477da1:c3826]
2019-09-05 19:10:49,795 [grpc-default-executor-1] INFO  client.GrpcClientProtocolClient (GrpcClientProtocolClient.java:onNext(255)) - client-729EAB8E4297->a9cb8897-0d38-4c59-817a-d67a8ba30c67: receive RaftClientReply:client-729EAB8E4297->a9cb8897-0d38-4c59-817a-d67a8ba30c67@group-A55F67FDC954, cid=2557, SUCCESS, logIndex=0, commits[a9cb8897-0d38-4c59-817a-d67a8ba30c67:c3831, 41e21bac-56c9-465a-a1cc-bc71b3ab473c:c3830, 2bfdf505-3a1f-44eb-9843-3820b2477da1:c3830]
2019-09-05 19:10:49,825 [grpc-default-executor-0] INFO  client.GrpcClientProtocolClient (GrpcClientProtocolClient.java:onNext(255)) - client-729EAB8E4297->a9cb8897-0d38-4c59-817a-d67a8ba30c67: receive RaftClientReply:client-729EAB8E4297->a9cb8897-0d38-4c59-817a-d67a8ba30c67@group-A55F67FDC954, cid=2558, SUCCESS, logIndex=3833, commits[a9cb8897-0d38-4c59-817a-d67a8ba30c67:c3835, 41e21bac-56c9-465a-a1cc-bc71b3ab473c:c3832, 2bfdf505-3a1f-44eb-9843-3820b2477da1:c3832]
2019-09-05 19:10:49,825 [grpc-default-executor-1] INFO  client.GrpcClientProtocolClient (GrpcClientProtocolClient.java:onNext(255)) - client-729EAB8E4297->a9cb8897-0d38-4c59-817a-d67a8ba30c67: receive RaftClientReply:client-729EAB8E4297->a9cb8897-0d38-4c59-817a-d67a8ba30c67@group-A55F67FDC954, cid=2559, SUCCESS, logIndex=3834, commits[a9cb8897-0d38-4c59-817a-d67a8ba30c67:c3836, 41e21bac-56c9-465a-a1cc-bc71b3ab473c:c3832, 2bfdf505-3a1f-44eb-9843-3820b2477da1:c3832]
2019-09-05 19:10:49,825 [grpc-default-executor-1] INFO  client.GrpcClientProtocolClient (GrpcClientProtocolClient.java:onNext(255)) - client-729EAB8E4297->a9cb8897-0d38-4c59-817a-d67a8ba30c67: receive RaftClientReply:client-729EAB8E4297->a9cb8897-0d38-4c59-817a-d67a8ba30c67@group-A55F67FDC954, cid=2560, SUCCESS, logIndex=3835, commits[a9cb8897-0d38-4c59-817a-d67a8ba30c67:c3836, 41e21bac-56c9-465a-a1cc-bc71b3ab473c:c3832, 2bfdf505-3a1f-44eb-9843-3820b2477da1:c3832]
2019-09-05 19:10:49,826 [grpc-default-executor-1] INFO  client.GrpcClientProtocolClient (GrpcClientProtocolClient.java:onNext(255)) - client-729EAB8E4297->a9cb8897-0d38-4c59-817a-d67a8ba30c67: receive RaftClientReply:client-729EAB8E4297->a9cb8897-0d38-4c59-817a-d67a8ba30c67@group-A55F67FDC954, cid=2561, SUCCESS, logIndex=3836, commits[a9cb8897-0d38-4c59-817a-d67a8ba30c67:c3836, 41e21bac-56c9-465a-a1cc-bc71b3ab473c:c3832, 2bfdf505-3a1f-44eb-9843-3820b2477da1:c3832]
2019-09-05 19:10:49,839 [grpc-default-executor-1] INFO  client.GrpcClientProtocolClient (GrpcClientProtocolClient.java:onNext(255)) - client-729EAB8E4297->a9cb8897-0d38-4c59-817a-d67a8ba30c67: receive RaftClientReply:client-729EAB8E4297->a9cb8897-0d38-4c59-817a-d67a8ba30c67@group-A55F67FDC954, cid=2562, SUCCESS, logIndex=0, commits[a9cb8897-0d38-4c59-817a-d67a8ba30c67:c3840, 41e21bac-56c9-465a-a1cc-bc71b3ab473c:c3834, 2bfdf505-3a1f-44eb-9843-3820b2477da1:c3836]
2019-09-05 19:10:49,860 [grpc-default-executor-2] INFO  client.GrpcClientProtocolClient (GrpcClientProtocolClient.java:onNext(255)) - client-729EAB8E4297->a9cb8897-0d38-4c59-817a-d67a8ba30c67: receive RaftClientReply:client-729EAB8E4297->a9cb8897-0d38-4c59-817a-d67a8ba30c67@group-A55F67FDC954, cid=2563, SUCCESS, logIndex=3841, commits[a9cb8897-0d38-4c59-817a-d67a8ba30c67:c3842, 41e21bac-56c9-465a-a1cc-bc71b3ab473c:c3836, 2bfdf505-3a1f-44eb-9843-3820b2477da1:c3840]
2019-09-05 19:10:49,860 [grpc-default-executor-2] INFO  client.GrpcClientProtocolClient (GrpcClientProtocolClient.java:onNext(255)) - client-729EAB8E4297->a9cb8897-0d38-4c59-817a-d67a8ba30c67: receive RaftClientReply:client-729EAB8E4297->a9cb8897-0d38-4c59-817a-d67a8ba30c67@group-A55F67FDC954, cid=2564, SUCCESS, logIndex=3842, commits[a9cb8897-0d38-4c59-817a-d67a8ba30c67:c3842, 41e21bac-56c9-465a-a1cc-bc71b3ab473c:c3840, 2bfdf505-3a1f-44eb-9843-3820b2477da1:c3840]
2019-09-05 19:10:49,872 [grpc-default-executor-1] INFO  client.GrpcClientProtocolClient (GrpcClientProtocolClient.java:onNext(255)) - client-729EAB8E4297->a9cb8897-0d38-4c59-817a-d67a8ba30c67: receive RaftClientReply:client-729EAB8E4297->a9cb8897-0d38-4c59-817a-d67a8ba30c67@group-A55F67FDC954, cid=2565, SUCCESS, logIndex=3845, commits[a9cb8897-0d38-4c59-817a-d67a8ba30c67:c3846, 41e21bac-56c9-465a-a1cc-bc71b3ab473c:c3842, 2bfdf505-3a1f-44eb-9843-3820b2477da1:c3842]
2019-09-05 19:10:49,872 [grpc-default-executor-1] INFO  client.GrpcClientProtocolClient (GrpcClientProtocolClient.java:onNext(255)) - client-729EAB8E4297->a9cb8897-0d38-4c59-817a-d67a8ba30c67: receive RaftClientReply:client-729EAB8E4297->a9cb8897-0d38-4c59-817a-d67a8ba30c67@group-A55F67FDC954, cid=2566, SUCCESS, logIndex=3846, commits[a9cb8897-0d38-4c59-817a-d67a8ba30c67:c3846, 41e21bac-56c9-465a-a1cc-bc71b3ab473c:c3842, 2bfdf505-3a1f-44eb-9843-3820b2477da1:c3842]
2019-09-05 19:10:49,883 [grpc-default-executor-2] INFO  client.GrpcClientProtocolClient (GrpcClientProtocolClient.java:onNext(255)) - client-729EAB8E4297->a9cb8897-0d38-4c59-817a-d67a8ba30c67: receive RaftClientReply:client-729EAB8E4297->a9cb8897-0d38-4c59-817a-d67a8ba30c67@group-A55F67FDC954, cid=2567, SUCCESS, logIndex=0, commits[a9cb8897-0d38-4c59-817a-d67a8ba30c67:c3847, 41e21bac-56c9-465a-a1cc-bc71b3ab473c:c3846, 2bfdf505-3a1f-44eb-9843-3820b2477da1:c3846]
2019-09-05 19:10:49,911 [grpc-default-executor-0] INFO  client.GrpcClientProtocolClient (GrpcClientProtocolClient.java:onNext(255)) - client-729EAB8E4297->a9cb8897-0d38-4c59-817a-d67a8ba30c67: receive RaftClientReply:client-729EAB8E4297->a9cb8897-0d38-4c59-817a-d67a8ba30c67@group-A55F67FDC954, cid=2568, SUCCESS, logIndex=3849, commits[a9cb8897-0d38-4c59-817a-d67a8ba30c67:c3851, 41e21bac-56c9-465a-a1cc-bc71b3ab473c:c3848, 2bfdf505-3a1f-44eb-9843-3820b2477da1:c3848]
2019-09-05 19:10:49,911 [grpc-default-executor-0] INFO  client.GrpcClientProtocolClient (GrpcClientProtocolClient.java:onNext(255)) - client-729EAB8E4297->a9cb8897-0d38-4c59-817a-d67a8ba30c67: receive RaftClientReply:client-729EAB8E4297->a9cb8897-0d38-4c59-817a-d67a8ba30c67@group-A55F67FDC954, cid=2569, SUCCESS, logIndex=3850, commits[a9cb8897-0d38-4c59-817a-d67a8ba30c67:c3852, 41e21bac-56c9-465a-a1cc-bc71b3ab473c:c3848, 2bfdf505-3a1f-44eb-9843-3820b2477da1:c3848]
2019-09-05 19:10:49,911 [grpc-default-executor-0] INFO  client.GrpcClientProtocolClient (GrpcClientProtocolClient.java:onNext(255)) - client-729EAB8E4297->a9cb8897-0d38-4c59-817a-d67a8ba30c67: receive RaftClientReply:client-729EAB8E4297->a9cb8897-0d38-4c59-817a-d67a8ba30c67@group-A55F67FDC954, cid=2570, SUCCESS, logIndex=3851, commits[a9cb8897-0d38-4c59-817a-d67a8ba30c67:c3852, 41e21bac-56c9-465a-a1cc-bc71b3ab473c:c3848, 2bfdf505-3a1f-44eb-9843-3820b2477da1:c3848]
2019-09-05 19:10:49,912 [grpc-default-executor-0] INFO  client.GrpcClientProtocolClient (GrpcClientProtocolClient.java:onNext(255)) - client-729EAB8E4297->a9cb8897-0d38-4c59-817a-d67a8ba30c67: receive RaftClientReply:client-729EAB8E4297->a9cb8897-0d38-4c59-817a-d67a8ba30c67@group-A55F67FDC954, cid=2571, SUCCESS, logIndex=3852, commits[a9cb8897-0d38-4c59-817a-d67a8ba30c67:c3852, 41e21bac-56c9-465a-a1cc-bc71b3ab473c:c3848, 2bfdf505-3a1f-44eb-9843-3820b2477da1:c3848]
2019-09-05 19:10:49,925 [grpc-default-executor-0] INFO  client.GrpcClientProtocolClient (GrpcClientProtocolClient.java:onNext(255)) - client-729EAB8E4297->a9cb8897-0d38-4c59-817a-d67a8ba30c67: receive RaftClientReply:client-729EAB8E4297->a9cb8897-0d38-4c59-817a-d67a8ba30c67@group-A55F67FDC954, cid=2572, SUCCESS, logIndex=0, commits[a9cb8897-0d38-4c59-817a-d67a8ba30c67:c3854, 41e21bac-56c9-465a-a1cc-bc71b3ab473c:c3850, 2bfdf505-3a1f-44eb-9843-3820b2477da1:c3850]
2019-09-05 19:10:49,945 [grpc-default-executor-0] INFO  client.GrpcClientProtocolClient (GrpcClientProtocolClient.java:onNext(255)) - client-729EAB8E4297->a9cb8897-0d38-4c59-817a-d67a8ba30c67: receive RaftClientReply:client-729EAB8E4297->a9cb8897-0d38-4c59-817a-d67a8ba30c67@group-A55F67FDC954, cid=2573, SUCCESS, logIndex=3857, commits[a9cb8897-0d38-4c59-817a-d67a8ba30c67:c3858, 41e21bac-56c9-465a-a1cc-bc71b3ab473c:c3856, 2bfdf505-3a1f-44eb-9843-3820b2477da1:c3856]
2019-09-05 19:10:49,945 [grpc-default-executor-0] INFO  client.GrpcClientProtocolClient (GrpcClientProtocolClient.java:onNext(255)) - client-729EAB8E4297->a9cb8897-0d38-4c59-817a-d67a8ba30c67: receive RaftClientReply:client-729EAB8E4297->a9cb8897-0d38-4c59-817a-d67a8ba30c67@group-A55F67FDC954, cid=2574, SUCCESS, logIndex=3858, commits[a9cb8897-0d38-4c59-817a-d67a8ba30c67:c3858, 41e21bac-56c9-465a-a1cc-bc71b3ab473c:c3856, 2bfdf505-3a1f-44eb-9843-3820b2477da1:c3856]
2019-09-05 19:10:49,969 [grpc-default-executor-0] INFO  client.GrpcClientProtocolClient (GrpcClientProtocolClient.java:onNext(255)) - client-729EAB8E4297->a9cb8897-0d38-4c59-817a-d67a8ba30c67: receive RaftClientReply:client-729EAB8E4297->a9cb8897-0d38-4c59-817a-d67a8ba30c67@group-A55F67FDC954, cid=2575, SUCCESS, logIndex=3861, commits[a9cb8897-0d38-4c59-817a-d67a8ba30c67:c3862, 41e21bac-56c9-465a-a1cc-bc71b3ab473c:c3858, 2bfdf505-3a1f-44eb-9843-3820b2477da1:c3858]
2019-09-05 19:10:49,970 [grpc-default-executor-0] INFO  client.GrpcClientProtocolClient (GrpcClientProtocolClient.java:onNext(255)) - client-729EAB8E4297->a9cb8897-0d38-4c59-817a-d67a8ba30c67: receive RaftClientReply:client-729EAB8E4297->a9cb8897-0d38-4c59-817a-d67a8ba30c67@group-A55F67FDC954, cid=2576, SUCCESS, logIndex=3862, commits[a9cb8897-0d38-4c59-817a-d67a8ba30c67:c3862, 41e21bac-56c9-465a-a1cc-bc71b3ab473c:c3858, 2bfdf505-3a1f-44eb-9843-3820b2477da1:c3858]
2019-09-05 19:10:49,980 [grpc-default-executor-0] INFO  client.GrpcClientProtocolClient (GrpcClientProtocolClient.java:onNext(255)) - client-729EAB8E4297->a9cb8897-0d38-4c59-817a-d67a8ba30c67: receive RaftClientReply:client-729EAB8E4297->a9cb8897-0d38-4c59-817a-d67a8ba30c67@group-A55F67FDC954, cid=2577, SUCCESS, logIndex=0, commits[a9cb8897-0d38-4c59-817a-d67a8ba30c67:c3863, 41e21bac-56c9-465a-a1cc-bc71b3ab473c:c3862, 2bfdf505-3a1f-44eb-9843-3820b2477da1:c3862]
2019-09-05 19:10:50,008 [grpc-default-executor-1] INFO  client.GrpcClientProtocolClient (GrpcClientProtocolClient.java:onNext(255)) - client-729EAB8E4297->a9cb8897-0d38-4c59-817a-d67a8ba30c67: receive RaftClientReply:client-729EAB8E4297->a9cb8897-0d38-4c59-817a-d67a8ba30c67@group-A55F67FDC954, cid=2578, SUCCESS, logIndex=3865, commits[a9cb8897-0d38-4c59-817a-d67a8ba30c67:c3866, 41e21bac-56c9-465a-a1cc-bc71b3ab473c:c3864, 2bfdf505-3a1f-44eb-9843-3820b2477da1:c3864]
2019-09-05 19:10:50,009 [grpc-default-executor-0] INFO  client.GrpcClientProtocolClient (GrpcClientProtocolClient.java:onNext(255)) - client-729EAB8E4297->a9cb8897-0d38-4c59-817a-d67a8ba30c67: receive RaftClientReply:client-729EAB8E4297->a9cb8897-0d38-4c59-817a-d67a8ba30c67@group-A55F67FDC954, cid=2579, SUCCESS, logIndex=3866, commits[a9cb8897-0d38-4c59-817a-d67a8ba30c67:c3866, 41e21bac-56c9-465a-a1cc-bc71b3ab473c:c3864, 2bfdf505-3a1f-44eb-9843-3820b2477da1:c3864]
2019-09-05 19:10:50,009 [grpc-default-executor-0] INFO  client.GrpcClientProtocolClient (GrpcClientProtocolClient.java:onNext(255)) - client-729EAB8E4297->a9cb8897-0d38-4c59-817a-d67a8ba30c67: receive RaftClientReply:client-729EAB8E4297->a9cb8897-0d38-4c59-817a-d67a8ba30c67@group-A55F67FDC954, cid=2580, SUCCESS, logIndex=3867, commits[a9cb8897-0d38-4c59-817a-d67a8ba30c67:c3868, 41e21bac-56c9-465a-a1cc-bc71b3ab473c:c3864, 2bfdf505-3a1f-44eb-9843-3820b2477da1:c3864]
2019-09-05 19:10:50,010 [grpc-default-executor-0] INFO  client.GrpcClientProtocolClient (GrpcClientProtocolClient.java:onNext(255)) - client-729EAB8E4297->a9cb8897-0d38-4c59-817a-d67a8ba30c67: receive RaftClientReply:client-729EAB8E4297->a9cb8897-0d38-4c59-817a-d67a8ba30c67@group-A55F67FDC954, cid=2581, SUCCESS, logIndex=3868, commits[a9cb8897-0d38-4c59-817a-d67a8ba30c67:c3868, 41e21bac-56c9-465a-a1cc-bc71b3ab473c:c3864, 2bfdf505-3a1f-44eb-9843-3820b2477da1:c3864]
2019-09-05 19:10:50,023 [grpc-default-executor-0] INFO  client.GrpcClientProtocolClient (GrpcClientProtocolClient.java:onNext(255)) - client-729EAB8E4297->a9cb8897-0d38-4c59-817a-d67a8ba30c67: receive RaftClientReply:client-729EAB8E4297->a9cb8897-0d38-4c59-817a-d67a8ba30c67@group-A55F67FDC954, cid=2582, SUCCESS, logIndex=0, commits[a9cb8897-0d38-4c59-817a-d67a8ba30c67:c3870, 41e21bac-56c9-465a-a1cc-bc71b3ab473c:c3866, 2bfdf505-3a1f-44eb-9843-3820b2477da1:c3866]
2019-09-05 19:10:50,034 [grpc-default-executor-1] INFO  client.GrpcClientProtocolClient (GrpcClientProtocolClient.java:onNext(255)) - client-729EAB8E4297->a9cb8897-0d38-4c59-817a-d67a8ba30c67: receive RaftClientReply:client-729EAB8E4297->a9cb8897-0d38-4c59-817a-d67a8ba30c67@group-A55F67FDC954, cid=2583, SUCCESS, logIndex=3873, commits[a9cb8897-0d38-4c59-817a-d67a8ba30c67:c3874, 41e21bac-56c9-465a-a1cc-bc71b3ab473c:c3872, 2bfdf505-3a1f-44eb-9843-3820b2477da1:c3868]
2019-09-05 19:10:50,034 [grpc-default-executor-1] INFO  client.GrpcClientProtocolClient (GrpcClientProtocolClient.java:onNext(255)) - client-729EAB8E4297->a9cb8897-0d38-4c59-817a-d67a8ba30c67: receive RaftClientReply:client-729EAB8E4297->a9cb8897-0d38-4c59-817a-d67a8ba30c67@group-A55F67FDC954, cid=2584, SUCCESS, logIndex=3874, commits[a9cb8897-0d38-4c59-817a-d67a8ba30c67:c3874, 41e21bac-56c9-465a-a1cc-bc71b3ab473c:c3872, 2bfdf505-3a1f-44eb-9843-3820b2477da1:c3872]
2019-09-05 19:10:50,046 [grpc-default-executor-1] INFO  client.GrpcClientProtocolClient (GrpcClientProtocolClient.java:onNext(255)) - client-729EAB8E4297->a9cb8897-0d38-4c59-817a-d67a8ba30c67: receive RaftClientReply:client-729EAB8E4297->a9cb8897-0d38-4c59-817a-d67a8ba30c67@group-A55F67FDC954, cid=2585, SUCCESS, logIndex=3877, commits[a9cb8897-0d38-4c59-817a-d67a8ba30c67:c3878, 41e21bac-56c9-465a-a1cc-bc71b3ab473c:c3876, 2bfdf505-3a1f-44eb-9843-3820b2477da1:c3876]
2019-09-05 19:10:50,047 [grpc-default-executor-1] INFO  client.GrpcClientProtocolClient (GrpcClientProtocolClient.java:onNext(255)) - client-729EAB8E4297->a9cb8897-0d38-4c59-817a-d67a8ba30c67: receive RaftClientReply:client-729EAB8E4297->a9cb8897-0d38-4c59-817a-d67a8ba30c67@group-A55F67FDC954, cid=2586, SUCCESS, logIndex=3878, commits[a9cb8897-0d38-4c59-817a-d67a8ba30c67:c3879, 41e21bac-56c9-465a-a1cc-bc71b3ab473c:c3876, 2bfdf505-3a1f-44eb-9843-3820b2477da1:c3878]
2019-09-05 19:10:50,047 [grpc-default-executor-1] INFO  client.GrpcClientProtocolClient (GrpcClientProtocolClient.java:onNext(255)) - client-729EAB8E4297->a9cb8897-0d38-4c59-817a-d67a8ba30c67: receive RaftClientReply:client-729EAB8E4297->a9cb8897-0d38-4c59-817a-d67a8ba30c67@group-A55F67FDC954, cid=2587, SUCCESS, logIndex=0, commits[a9cb8897-0d38-4c59-817a-d67a8ba30c67:c3879, 41e21bac-56c9-465a-a1cc-bc71b3ab473c:c3878, 2bfdf505-3a1f-44eb-9843-3820b2477da1:c3878]
2019-09-05 19:10:50,067 [grpc-default-executor-1] INFO  client.GrpcClientProtocolClient (GrpcClientProtocolClient.java:onNext(255)) - client-729EAB8E4297->a9cb8897-0d38-4c59-817a-d67a8ba30c67: receive RaftClientReply:client-729EAB8E4297->a9cb8897-0d38-4c59-817a-d67a8ba30c67@group-A55F67FDC954, cid=2588, SUCCESS, logIndex=3881, commits[a9cb8897-0d38-4c59-817a-d67a8ba30c67:c3884, 41e21bac-56c9-465a-a1cc-bc71b3ab473c:c3878, 2bfdf505-3a1f-44eb-9843-3820b2477da1:c3880]
2019-09-05 19:10:50,068 [grpc-default-executor-1] INFO  client.GrpcClientProtocolClient (GrpcClientProtocolClient.java:onNext(255)) - client-729EAB8E4297->a9cb8897-0d38-4c59-817a-d67a8ba30c67: receive RaftClientReply:client-729EAB8E4297->a9cb8897-0d38-4c59-817a-d67a8ba30c67@group-A55F67FDC954, cid=2589, SUCCESS, logIndex=3882, commits[a9cb8897-0d38-4c59-817a-d67a8ba30c67:c3884, 41e21bac-56c9-465a-a1cc-bc71b3ab473c:c3880, 2bfdf505-3a1f-44eb-9843-3820b2477da1:c3880]
2019-09-05 19:10:50,068 [grpc-default-executor-1] INFO  client.GrpcClientProtocolClient (GrpcClientProtocolClient.java:onNext(255)) - client-729EAB8E4297->a9cb8897-0d38-4c59-817a-d67a8ba30c67: receive RaftClientReply:client-729EAB8E4297->a9cb8897-0d38-4c59-817a-d67a8ba30c67@group-A55F67FDC954, cid=2590, SUCCESS, logIndex=3883, commits[a9cb8897-0d38-4c59-817a-d67a8ba30c67:c3884, 41e21bac-56c9-465a-a1cc-bc71b3ab473c:c3880, 2bfdf505-3a1f-44eb-9843-3820b2477da1:c3880]
2019-09-05 19:10:50,069 [grpc-default-executor-1] INFO  client.GrpcClientProtocolClient (GrpcClientProtocolClient.java:onNext(255)) - client-729EAB8E4297->a9cb8897-0d38-4c59-817a-d67a8ba30c67: receive RaftClientReply:client-729EAB8E4297->a9cb8897-0d38-4c59-817a-d67a8ba30c67@group-A55F67FDC954, cid=2591, SUCCESS, logIndex=3884, commits[a9cb8897-0d38-4c59-817a-d67a8ba30c67:c3884, 41e21bac-56c9-465a-a1cc-bc71b3ab473c:c3880, 2bfdf505-3a1f-44eb-9843-3820b2477da1:c3880]
2019-09-05 19:10:50,069 [grpc-default-executor-1] INFO  client.GrpcClientProtocolClient (GrpcClientProtocolClient.java:onNext(255)) - client-729EAB8E4297->a9cb8897-0d38-4c59-817a-d67a8ba30c67: receive RaftClientReply:client-729EAB8E4297->a9cb8897-0d38-4c59-817a-d67a8ba30c67@group-A55F67FDC954, cid=2592, SUCCESS, logIndex=0, commits[a9cb8897-0d38-4c59-817a-d67a8ba30c67:c3886, 41e21bac-56c9-465a-a1cc-bc71b3ab473c:c3884, 2bfdf505-3a1f-44eb-9843-3820b2477da1:c3884]
2019-09-05 19:10:50,081 [grpc-default-executor-1] INFO  client.GrpcClientProtocolClient (GrpcClientProtocolClient.java:onNext(255)) - client-729EAB8E4297->a9cb8897-0d38-4c59-817a-d67a8ba30c67: receive RaftClientReply:client-729EAB8E4297->a9cb8897-0d38-4c59-817a-d67a8ba30c67@group-A55F67FDC954, cid=2593, SUCCESS, logIndex=3887, commits[a9cb8897-0d38-4c59-817a-d67a8ba30c67:c3888, 41e21bac-56c9-465a-a1cc-bc71b3ab473c:c3884, 2bfdf505-3a1f-44eb-9843-3820b2477da1:c3886]
2019-09-05 19:10:50,081 [grpc-default-executor-1] INFO  client.GrpcClientProtocolClient (GrpcClientProtocolClient.java:onNext(255)) - client-729EAB8E4297->a9cb8897-0d38-4c59-817a-d67a8ba30c67: receive RaftClientReply:client-729EAB8E4297->a9cb8897-0d38-4c59-817a-d67a8ba30c67@group-A55F67FDC954, cid=2594, SUCCESS, logIndex=3888, commits[a9cb8897-0d38-4c59-817a-d67a8ba30c67:c3888, 41e21bac-56c9-465a-a1cc-bc71b3ab473c:c3886, 2bfdf505-3a1f-44eb-9843-3820b2477da1:c3886]
2019-09-05 19:10:50,105 [grpc-default-executor-1] INFO  client.GrpcClientProtocolClient (GrpcClientProtocolClient.java:onNext(255)) - client-729EAB8E4297->a9cb8897-0d38-4c59-817a-d67a8ba30c67: receive RaftClientReply:client-729EAB8E4297->a9cb8897-0d38-4c59-817a-d67a8ba30c67@group-A55F67FDC954, cid=2595, SUCCESS, logIndex=3891, commits[a9cb8897-0d38-4c59-817a-d67a8ba30c67:c3892, 41e21bac-56c9-465a-a1cc-bc71b3ab473c:c3890, 2bfdf505-3a1f-44eb-9843-3820b2477da1:c3890]
2019-09-05 19:10:50,105 [grpc-default-executor-1] INFO  client.GrpcClientProtocolClient (GrpcClientProtocolClient.java:onNext(255)) - client-729EAB8E4297->a9cb8897-0d38-4c59-817a-d67a8ba30c67: receive RaftClientReply:client-729EAB8E4297->a9cb8897-0d38-4c59-817a-d67a8ba30c67@group-A55F67FDC954, cid=2596, SUCCESS, logIndex=3892, commits[a9cb8897-0d38-4c59-817a-d67a8ba30c67:c3892, 41e21bac-56c9-465a-a1cc-bc71b3ab473c:c3890, 2bfdf505-3a1f-44eb-9843-3820b2477da1:c3890]
2019-09-05 19:10:50,119 [grpc-default-executor-1] INFO  client.GrpcClientProtocolClient (GrpcClientProtocolClient.java:onNext(255)) - client-729EAB8E4297->a9cb8897-0d38-4c59-817a-d67a8ba30c67: receive RaftClientReply:client-729EAB8E4297->a9cb8897-0d38-4c59-817a-d67a8ba30c67@group-A55F67FDC954, cid=2597, SUCCESS, logIndex=0, commits[a9cb8897-0d38-4c59-817a-d67a8ba30c67:c3894, 41e21bac-56c9-465a-a1cc-bc71b3ab473c:c3892, 2bfdf505-3a1f-44eb-9843-3820b2477da1:c3892]
2019-09-05 19:10:50,147 [grpc-default-executor-0] INFO  client.GrpcClientProtocolClient (GrpcClientProtocolClient.java:onNext(255)) - client-729EAB8E4297->a9cb8897-0d38-4c59-817a-d67a8ba30c67: receive RaftClientReply:client-729EAB8E4297->a9cb8897-0d38-4c59-817a-d67a8ba30c67@group-A55F67FDC954, cid=2598, SUCCESS, logIndex=3895, commits[a9cb8897-0d38-4c59-817a-d67a8ba30c67:c3896, 41e21bac-56c9-465a-a1cc-bc71b3ab473c:c3894, 2bfdf505-3a1f-44eb-9843-3820b2477da1:c3894]
2019-09-05 19:10:50,147 [grpc-default-executor-0] INFO  client.GrpcClientProtocolClient (GrpcClientProtocolClient.java:onNext(255)) - client-729EAB8E4297->a9cb8897-0d38-4c59-817a-d67a8ba30c67: receive RaftClientReply:client-729EAB8E4297->a9cb8897-0d38-4c59-817a-d67a8ba30c67@group-A55F67FDC954, cid=2599, SUCCESS, logIndex=3896, commits[a9cb8897-0d38-4c59-817a-d67a8ba30c67:c3898, 41e21bac-56c9-465a-a1cc-bc71b3ab473c:c3894, 2bfdf505-3a1f-44eb-9843-3820b2477da1:c3894]
2019-09-05 19:10:50,148 [grpc-default-executor-0] INFO  client.GrpcClientProtocolClient (GrpcClientProtocolClient.java:onNext(255)) - client-729EAB8E4297->a9cb8897-0d38-4c59-817a-d67a8ba30c67: receive RaftClientReply:client-729EAB8E4297->a9cb8897-0d38-4c59-817a-d67a8ba30c67@group-A55F67FDC954, cid=2600, SUCCESS, logIndex=3897, commits[a9cb8897-0d38-4c59-817a-d67a8ba30c67:c3898, 41e21bac-56c9-465a-a1cc-bc71b3ab473c:c3894, 2bfdf505-3a1f-44eb-9843-3820b2477da1:c3894]
2019-09-05 19:10:50,148 [grpc-default-executor-0] INFO  client.GrpcClientProtocolClient (GrpcClientProtocolClient.java:onNext(255)) - client-729EAB8E4297->a9cb8897-0d38-4c59-817a-d67a8ba30c67: receive RaftClientReply:client-729EAB8E4297->a9cb8897-0d38-4c59-817a-d67a8ba30c67@group-A55F67FDC954, cid=2601, SUCCESS, logIndex=3898, commits[a9cb8897-0d38-4c59-817a-d67a8ba30c67:c3898, 41e21bac-56c9-465a-a1cc-bc71b3ab473c:c3894, 2bfdf505-3a1f-44eb-9843-3820b2477da1:c3894]
2019-09-05 19:10:50,149 [grpc-default-executor-0] INFO  client.GrpcClientProtocolClient (GrpcClientProtocolClient.java:onNext(255)) - client-729EAB8E4297->a9cb8897-0d38-4c59-817a-d67a8ba30c67: receive RaftClientReply:client-729EAB8E4297->a9cb8897-0d38-4c59-817a-d67a8ba30c67@group-A55F67FDC954, cid=2602, SUCCESS, logIndex=0, commits[a9cb8897-0d38-4c59-817a-d67a8ba30c67:c3901, 41e21bac-56c9-465a-a1cc-bc71b3ab473c:c3897, 2bfdf505-3a1f-44eb-9843-3820b2477da1:c3896]
2019-09-05 19:10:50,168 [grpc-default-executor-1] INFO  client.GrpcClientProtocolClient (GrpcClientProtocolClient.java:onNext(255)) - client-729EAB8E4297->a9cb8897-0d38-4c59-817a-d67a8ba30c67: receive RaftClientReply:client-729EAB8E4297->a9cb8897-0d38-4c59-817a-d67a8ba30c67@group-A55F67FDC954, cid=2603, SUCCESS, logIndex=3903, commits[a9cb8897-0d38-4c59-817a-d67a8ba30c67:c3904, 41e21bac-56c9-465a-a1cc-bc71b3ab473c:c3902, 2bfdf505-3a1f-44eb-9843-3820b2477da1:c3902]
2019-09-05 19:10:50,169 [grpc-default-executor-1] INFO  client.GrpcClientProtocolClient (GrpcClientProtocolClient.java:onNext(255)) - client-729EAB8E4297->a9cb8897-0d38-4c59-817a-d67a8ba30c67: receive RaftClientReply:client-729EAB8E4297->a9cb8897-0d38-4c59-817a-d67a8ba30c67@group-A55F67FDC954, cid=2604, SUCCESS, logIndex=3904, commits[a9cb8897-0d38-4c59-817a-d67a8ba30c67:c3904, 41e21bac-56c9-465a-a1cc-bc71b3ab473c:c3902, 2bfdf505-3a1f-44eb-9843-3820b2477da1:c3902]
2019-09-05 19:10:50,192 [grpc-default-executor-3] INFO  client.GrpcClientProtocolClient (GrpcClientProtocolClient.java:onNext(255)) - client-729EAB8E4297->a9cb8897-0d38-4c59-817a-d67a8ba30c67: receive RaftClientReply:client-729EAB8E4297->a9cb8897-0d38-4c59-817a-d67a8ba30c67@group-A55F67FDC954, cid=2605, SUCCESS, logIndex=3907, commits[a9cb8897-0d38-4c59-817a-d67a8ba30c67:c3907, 41e21bac-56c9-465a-a1cc-bc71b3ab473c:c3904, 2bfdf505-3a1f-44eb-9843-3820b2477da1:c3904]
2019-09-05 19:10:50,193 [grpc-default-executor-3] INFO  client.GrpcClientProtocolClient (GrpcClientProtocolClient.java:onNext(255)) - client-729EAB8E4297->a9cb8897-0d38-4c59-817a-d67a8ba30c67: receive RaftClientReply:client-729EAB8E4297->a9cb8897-0d38-4c59-817a-d67a8ba30c67@group-A55F67FDC954, cid=2606, SUCCESS, logIndex=3908, commits[a9cb8897-0d38-4c59-817a-d67a8ba30c67:c3908, 41e21bac-56c9-465a-a1cc-bc71b3ab473c:c3904, 2bfdf505-3a1f-44eb-9843-3820b2477da1:c3904]
2019-09-05 19:10:50,218 [grpc-default-executor-3] INFO  client.GrpcClientProtocolClient (GrpcClientProtocolClient.java:onNext(255)) - client-729EAB8E4297->a9cb8897-0d38-4c59-817a-d67a8ba30c67: receive RaftClientReply:client-729EAB8E4297->a9cb8897-0d38-4c59-817a-d67a8ba30c67@group-A55F67FDC954, cid=2607, SUCCESS, logIndex=0, commits[a9cb8897-0d38-4c59-817a-d67a8ba30c67:c3910, 41e21bac-56c9-465a-a1cc-bc71b3ab473c:c3908, 2bfdf505-3a1f-44eb-9843-3820b2477da1:c3908]
2019-09-05 19:10:50,254 [grpc-default-executor-3] INFO  client.GrpcClientProtocolClient (GrpcClientProtocolClient.java:onNext(255)) - client-729EAB8E4297->a9cb8897-0d38-4c59-817a-d67a8ba30c67: receive RaftClientReply:client-729EAB8E4297->a9cb8897-0d38-4c59-817a-d67a8ba30c67@group-A55F67FDC954, cid=2608, SUCCESS, logIndex=3911, commits[a9cb8897-0d38-4c59-817a-d67a8ba30c67:c3912, 41e21bac-56c9-465a-a1cc-bc71b3ab473c:c3910, 2bfdf505-3a1f-44eb-9843-3820b2477da1:c3910]
2019-09-05 19:10:50,255 [grpc-default-executor-3] INFO  client.GrpcClientProtocolClient (GrpcClientProtocolClient.java:onNext(255)) - client-729EAB8E4297->a9cb8897-0d38-4c59-817a-d67a8ba30c67: receive RaftClientReply:client-729EAB8E4297->a9cb8897-0d38-4c59-817a-d67a8ba30c67@group-A55F67FDC954, cid=2609, SUCCESS, logIndex=3912, commits[a9cb8897-0d38-4c59-817a-d67a8ba30c67:c3912, 41e21bac-56c9-465a-a1cc-bc71b3ab473c:c3910, 2bfdf505-3a1f-44eb-9843-3820b2477da1:c3910]
2019-09-05 19:10:50,264 [grpc-default-executor-1] INFO  client.GrpcClientProtocolClient (GrpcClientProtocolClient.java:onNext(255)) - client-729EAB8E4297->a9cb8897-0d38-4c59-817a-d67a8ba30c67: receive RaftClientReply:client-729EAB8E4297->a9cb8897-0d38-4c59-817a-d67a8ba30c67@group-A55F67FDC954, cid=2610, SUCCESS, logIndex=3913, commits[a9cb8897-0d38-4c59-817a-d67a8ba30c67:c3914, 41e21bac-56c9-465a-a1cc-bc71b3ab473c:c3910, 2bfdf505-3a1f-44eb-9843-3820b2477da1:c3910]
2019-09-05 19:10:50,264 [grpc-default-executor-1] INFO  client.GrpcClientProtocolClient (GrpcClientProtocolClient.java:onNext(255)) - client-729EAB8E4297->a9cb8897-0d38-4c59-817a-d67a8ba30c67: receive RaftClientReply:client-729EAB8E4297->a9cb8897-0d38-4c59-817a-d67a8ba30c67@group-A55F67FDC954, cid=2611, SUCCESS, logIndex=3914, commits[a9cb8897-0d38-4c59-817a-d67a8ba30c67:c3914, 41e21bac-56c9-465a-a1cc-bc71b3ab473c:c3910, 2bfdf505-3a1f-44eb-9843-3820b2477da1:c3910]
2019-09-05 19:10:50,279 [grpc-default-executor-2] INFO  client.GrpcClientProtocolClient (GrpcClientProtocolClient.java:onNext(255)) - client-729EAB8E4297->a9cb8897-0d38-4c59-817a-d67a8ba30c67: receive RaftClientReply:client-729EAB8E4297->a9cb8897-0d38-4c59-817a-d67a8ba30c67@group-A55F67FDC954, cid=2612, SUCCESS, logIndex=0, commits[a9cb8897-0d38-4c59-817a-d67a8ba30c67:c3916, 41e21bac-56c9-465a-a1cc-bc71b3ab473c:c3914, 2bfdf505-3a1f-44eb-9843-3820b2477da1:c3912]
2019-09-05 19:10:50,290 [grpc-default-executor-1] INFO  client.GrpcClientProtocolClient (GrpcClientProtocolClient.java:onNext(255)) - client-729EAB8E4297->a9cb8897-0d38-4c59-817a-d67a8ba30c67: receive RaftClientReply:client-729EAB8E4297->a9cb8897-0d38-4c59-817a-d67a8ba30c67@group-A55F67FDC954, cid=2613, SUCCESS, logIndex=3918, commits[a9cb8897-0d38-4c59-817a-d67a8ba30c67:c3919, 41e21bac-56c9-465a-a1cc-bc71b3ab473c:c3914, 2bfdf505-3a1f-44eb-9843-3820b2477da1:c3916]
2019-09-05 19:10:50,290 [grpc-default-executor-1] INFO  client.GrpcClientProtocolClient (GrpcClientProtocolClient.java:onNext(255)) - client-729EAB8E4297->a9cb8897-0d38-4c59-817a-d67a8ba30c67: receive RaftClientReply:client-729EAB8E4297->a9cb8897-0d38-4c59-817a-d67a8ba30c67@group-A55F67FDC954, cid=2614, SUCCESS, logIndex=3919, commits[a9cb8897-0d38-4c59-817a-d67a8ba30c67:c3919, 41e21bac-56c9-465a-a1cc-bc71b3ab473c:c3914, 2bfdf505-3a1f-44eb-9843-3820b2477da1:c3916]
2019-09-05 19:10:50,305 [grpc-default-executor-3] INFO  client.GrpcClientProtocolClient (GrpcClientProtocolClient.java:onNext(255)) - client-729EAB8E4297->a9cb8897-0d38-4c59-817a-d67a8ba30c67: receive RaftClientReply:client-729EAB8E4297->a9cb8897-0d38-4c59-817a-d67a8ba30c67@group-A55F67FDC954, cid=2615, SUCCESS, logIndex=3921, commits[a9cb8897-0d38-4c59-817a-d67a8ba30c67:c3922, 41e21bac-56c9-465a-a1cc-bc71b3ab473c:c3919, 2bfdf505-3a1f-44eb-9843-3820b2477da1:c3919]
2019-09-05 19:10:50,305 [grpc-default-executor-3] INFO  client.GrpcClientProtocolClient (GrpcClientProtocolClient.java:onNext(255)) - client-729EAB8E4297->a9cb8897-0d38-4c59-817a-d67a8ba30c67: receive RaftClientReply:client-729EAB8E4297->a9cb8897-0d38-4c59-817a-d67a8ba30c67@group-A55F67FDC954, cid=2616, SUCCESS, logIndex=3922, commits[a9cb8897-0d38-4c59-817a-d67a8ba30c67:c3922, 41e21bac-56c9-465a-a1cc-bc71b3ab473c:c3919, 2bfdf505-3a1f-44eb-9843-3820b2477da1:c3919]
2019-09-05 19:10:50,311 [grpc-default-executor-2] INFO  client.GrpcClientProtocolClient (GrpcClientProtocolClient.java:onNext(255)) - client-729EAB8E4297->a9cb8897-0d38-4c59-817a-d67a8ba30c67: receive RaftClientReply:client-729EAB8E4297->a9cb8897-0d38-4c59-817a-d67a8ba30c67@group-A55F67FDC954, cid=2617, SUCCESS, logIndex=0, commits[a9cb8897-0d38-4c59-817a-d67a8ba30c67:c3923, 41e21bac-56c9-465a-a1cc-bc71b3ab473c:c3922, 2bfdf505-3a1f-44eb-9843-3820b2477da1:c3922]
2019-09-05 19:10:50,334 [grpc-default-executor-1] INFO  client.GrpcClientProtocolClient (GrpcClientProtocolClient.java:onNext(255)) - client-729EAB8E4297->a9cb8897-0d38-4c59-817a-d67a8ba30c67: receive RaftClientReply:client-729EAB8E4297->a9cb8897-0d38-4c59-817a-d67a8ba30c67@group-A55F67FDC954, cid=2618, SUCCESS, logIndex=3925, commits[a9cb8897-0d38-4c59-817a-d67a8ba30c67:c3926, 41e21bac-56c9-465a-a1cc-bc71b3ab473c:c3922, 2bfdf505-3a1f-44eb-9843-3820b2477da1:c3924]
2019-09-05 19:10:50,335 [grpc-default-executor-1] INFO  client.GrpcClientProtocolClient (GrpcClientProtocolClient.java:onNext(255)) - client-729EAB8E4297->a9cb8897-0d38-4c59-817a-d67a8ba30c67: receive RaftClientReply:client-729EAB8E4297->a9cb8897-0d38-4c59-817a-d67a8ba30c67@group-A55F67FDC954, cid=2619, SUCCESS, logIndex=3926, commits[a9cb8897-0d38-4c59-817a-d67a8ba30c67:c3926, 41e21bac-56c9-465a-a1cc-bc71b3ab473c:c3922, 2bfdf505-3a1f-44eb-9843-3820b2477da1:c3924]
2019-09-05 19:10:50,338 [grpc-default-executor-2] INFO  client.GrpcClientProtocolClient (GrpcClientProtocolClient.java:onNext(255)) - client-729EAB8E4297->a9cb8897-0d38-4c59-817a-d67a8ba30c67: receive RaftClientReply:client-729EAB8E4297->a9cb8897-0d38-4c59-817a-d67a8ba30c67@group-A55F67FDC954, cid=2620, SUCCESS, logIndex=3927, commits[a9cb8897-0d38-4c59-817a-d67a8ba30c67:c3927, 41e21bac-56c9-465a-a1cc-bc71b3ab473c:c3922, 2bfdf505-3a1f-44eb-9843-3820b2477da1:c3924]
2019-09-05 19:10:50,338 [grpc-default-executor-2] INFO  client.GrpcClientProtocolClient (GrpcClientProtocolClient.java:onNext(255)) - client-729EAB8E4297->a9cb8897-0d38-4c59-817a-d67a8ba30c67: receive RaftClientReply:client-729EAB8E4297->a9cb8897-0d38-4c59-817a-d67a8ba30c67@group-A55F67FDC954, cid=2621, SUCCESS, logIndex=3928, commits[a9cb8897-0d38-4c59-817a-d67a8ba30c67:c3928, 41e21bac-56c9-465a-a1cc-bc71b3ab473c:c3924, 2bfdf505-3a1f-44eb-9843-3820b2477da1:c3924]
2019-09-05 19:10:50,343 [grpc-default-executor-2] INFO  client.GrpcClientProtocolClient (GrpcClientProtocolClient.java:onNext(255)) - client-729EAB8E4297->a9cb8897-0d38-4c59-817a-d67a8ba30c67: receive RaftClientReply:client-729EAB8E4297->a9cb8897-0d38-4c59-817a-d67a8ba30c67@group-A55F67FDC954, cid=2622, SUCCESS, logIndex=0, commits[a9cb8897-0d38-4c59-817a-d67a8ba30c67:c3929, 41e21bac-56c9-465a-a1cc-bc71b3ab473c:c3926, 2bfdf505-3a1f-44eb-9843-3820b2477da1:c3926]
 0.00% |█                                                                                                    |  0/1 Time: 0:00:242019-09-05 19:10:50,368 [grpc-default-executor-3] INFO  client.GrpcClientProtocolClient (GrpcClientProtocolClient.java:onNext(255)) - client-729EAB8E4297->a9cb8897-0d38-4c59-817a-d67a8ba30c67: receive RaftClientReply:client-729EAB8E4297->a9cb8897-0d38-4c59-817a-d67a8ba30c67@group-A55F67FDC954, cid=2623, SUCCESS, logIndex=3933, commits[a9cb8897-0d38-4c59-817a-d67a8ba30c67:c3934, 41e21bac-56c9-465a-a1cc-bc71b3ab473c:c3932, 2bfdf505-3a1f-44eb-9843-3820b2477da1:c3932]
2019-09-05 19:10:50,369 [grpc-default-executor-3] INFO  client.GrpcClientProtocolClient (GrpcClientProtocolClient.java:onNext(255)) - client-729EAB8E4297->a9cb8897-0d38-4c59-817a-d67a8ba30c67: receive RaftClientReply:client-729EAB8E4297->a9cb8897-0d38-4c59-817a-d67a8ba30c67@group-A55F67FDC954, cid=2624, SUCCESS, logIndex=3934, commits[a9cb8897-0d38-4c59-817a-d67a8ba30c67:c3934, 41e21bac-56c9-465a-a1cc-bc71b3ab473c:c3932, 2bfdf505-3a1f-44eb-9843-3820b2477da1:c3932]
2019-09-05 19:10:50,383 [grpc-default-executor-1] INFO  client.GrpcClientProtocolClient (GrpcClientProtocolClient.java:onNext(255)) - client-729EAB8E4297->a9cb8897-0d38-4c59-817a-d67a8ba30c67: receive RaftClientReply:client-729EAB8E4297->a9cb8897-0d38-4c59-817a-d67a8ba30c67@group-A55F67FDC954, cid=2625, SUCCESS, logIndex=3937, commits[a9cb8897-0d38-4c59-817a-d67a8ba30c67:c3937, 41e21bac-56c9-465a-a1cc-bc71b3ab473c:c3934, 2bfdf505-3a1f-44eb-9843-3820b2477da1:c3934]
2019-09-05 19:10:50,383 [grpc-default-executor-1] INFO  client.GrpcClientProtocolClient (GrpcClientProtocolClient.java:onNext(255)) - client-729EAB8E4297->a9cb8897-0d38-4c59-817a-d67a8ba30c67: receive RaftClientReply:client-729EAB8E4297->a9cb8897-0d38-4c59-817a-d67a8ba30c67@group-A55F67FDC954, cid=2626, SUCCESS, logIndex=3938, commits[a9cb8897-0d38-4c59-817a-d67a8ba30c67:c3938, 41e21bac-56c9-465a-a1cc-bc71b3ab473c:c3934, 2bfdf505-3a1f-44eb-9843-3820b2477da1:c3934]
2019-09-05 19:10:50,409 [grpc-default-executor-2] INFO  client.GrpcClientProtocolClient (GrpcClientProtocolClient.java:onNext(255)) - client-729EAB8E4297->a9cb8897-0d38-4c59-817a-d67a8ba30c67: receive RaftClientReply:client-729EAB8E4297->a9cb8897-0d38-4c59-817a-d67a8ba30c67@group-A55F67FDC954, cid=2627, SUCCESS, logIndex=0, commits[a9cb8897-0d38-4c59-817a-d67a8ba30c67:c3940, 41e21bac-56c9-465a-a1cc-bc71b3ab473c:c3938, 2bfdf505-3a1f-44eb-9843-3820b2477da1:c3938]
2019-09-05 19:10:50,441 [grpc-default-executor-1] INFO  client.GrpcClientProtocolClient (GrpcClientProtocolClient.java:onNext(255)) - client-729EAB8E4297->a9cb8897-0d38-4c59-817a-d67a8ba30c67: receive RaftClientReply:client-729EAB8E4297->a9cb8897-0d38-4c59-817a-d67a8ba30c67@group-A55F67FDC954, cid=2628, SUCCESS, logIndex=3941, commits[a9cb8897-0d38-4c59-817a-d67a8ba30c67:c3942, 41e21bac-56c9-465a-a1cc-bc71b3ab473c:c3940, 2bfdf505-3a1f-44eb-9843-3820b2477da1:c3940]
2019-09-05 19:10:50,442 [grpc-default-executor-1] INFO  client.GrpcClientProtocolClient (GrpcClientProtocolClient.java:onNext(255)) - client-729EAB8E4297->a9cb8897-0d38-4c59-817a-d67a8ba30c67: receive RaftClientReply:client-729EAB8E4297->a9cb8897-0d38-4c59-817a-d67a8ba30c67@group-A55F67FDC954, cid=2629, SUCCESS, logIndex=3942, commits[a9cb8897-0d38-4c59-817a-d67a8ba30c67:c3942, 41e21bac-56c9-465a-a1cc-bc71b3ab473c:c3940, 2bfdf505-3a1f-44eb-9843-3820b2477da1:c3940]
2019-09-05 19:10:50,454 [grpc-default-executor-1] INFO  client.GrpcClientProtocolClient (GrpcClientProtocolClient.java:onNext(255)) - client-729EAB8E4297->a9cb8897-0d38-4c59-817a-d67a8ba30c67: receive RaftClientReply:client-729EAB8E4297->a9cb8897-0d38-4c59-817a-d67a8ba30c67@group-A55F67FDC954, cid=2630, SUCCESS, logIndex=3943, commits[a9cb8897-0d38-4c59-817a-d67a8ba30c67:c3944, 41e21bac-56c9-465a-a1cc-bc71b3ab473c:c3940, 2bfdf505-3a1f-44eb-9843-3820b2477da1:c3940]
2019-09-05 19:10:50,454 [grpc-default-executor-1] INFO  client.GrpcClientProtocolClient (GrpcClientProtocolClient.java:onNext(255)) - client-729EAB8E4297->a9cb8897-0d38-4c59-817a-d67a8ba30c67: receive RaftClientReply:client-729EAB8E4297->a9cb8897-0d38-4c59-817a-d67a8ba30c67@group-A55F67FDC954, cid=2631, SUCCESS, logIndex=3944, commits[a9cb8897-0d38-4c59-817a-d67a8ba30c67:c3944, 41e21bac-56c9-465a-a1cc-bc71b3ab473c:c3940, 2bfdf505-3a1f-44eb-9843-3820b2477da1:c3940]
2019-09-05 19:10:50,465 [grpc-default-executor-1] INFO  client.GrpcClientProtocolClient (GrpcClientProtocolClient.java:onNext(255)) - client-729EAB8E4297->a9cb8897-0d38-4c59-817a-d67a8ba30c67: receive RaftClientReply:client-729EAB8E4297->a9cb8897-0d38-4c59-817a-d67a8ba30c67@group-A55F67FDC954, cid=2632, SUCCESS, logIndex=0, commits[a9cb8897-0d38-4c59-817a-d67a8ba30c67:c3947, 41e21bac-56c9-465a-a1cc-bc71b3ab473c:c3942, 2bfdf505-3a1f-44eb-9843-3820b2477da1:c3944]
2019-09-05 19:10:50,492 [grpc-default-executor-2] INFO  client.GrpcClientProtocolClient (GrpcClientProtocolClient.java:onNext(255)) - client-729EAB8E4297->a9cb8897-0d38-4c59-817a-d67a8ba30c67: receive RaftClientReply:client-729EAB8E4297->a9cb8897-0d38-4c59-817a-d67a8ba30c67@group-A55F67FDC954, cid=2633, SUCCESS, logIndex=3949, commits[a9cb8897-0d38-4c59-817a-d67a8ba30c67:c3950, 41e21bac-56c9-465a-a1cc-bc71b3ab473c:c3948, 2bfdf505-3a1f-44eb-9843-3820b2477da1:c3948]
2019-09-05 19:10:50,500 [grpc-default-executor-2] INFO  client.GrpcClientProtocolClient (GrpcClientProtocolClient.java:onNext(255)) - client-729EAB8E4297->a9cb8897-0d38-4c59-817a-d67a8ba30c67: receive RaftClientReply:client-729EAB8E4297->a9cb8897-0d38-4c59-817a-d67a8ba30c67@group-A55F67FDC954, cid=2634, SUCCESS, logIndex=3950, commits[a9cb8897-0d38-4c59-817a-d67a8ba30c67:c3950, 41e21bac-56c9-465a-a1cc-bc71b3ab473c:c3948, 2bfdf505-3a1f-44eb-9843-3820b2477da1:c3948]
2019-09-05 19:10:50,528 [grpc-default-executor-1] INFO  client.GrpcClientProtocolClient (GrpcClientProtocolClient.java:onNext(255)) - client-729EAB8E4297->a9cb8897-0d38-4c59-817a-d67a8ba30c67: receive RaftClientReply:client-729EAB8E4297->a9cb8897-0d38-4c59-817a-d67a8ba30c67@group-A55F67FDC954, cid=2635, SUCCESS, logIndex=3953, commits[a9cb8897-0d38-4c59-817a-d67a8ba30c67:c3954, 41e21bac-56c9-465a-a1cc-bc71b3ab473c:c3950, 2bfdf505-3a1f-44eb-9843-3820b2477da1:c3950]
2019-09-05 19:10:50,528 [grpc-default-executor-1] INFO  client.GrpcClientProtocolClient (GrpcClientProtocolClient.java:onNext(255)) - client-729EAB8E4297->a9cb8897-0d38-4c59-817a-d67a8ba30c67: receive RaftClientReply:client-729EAB8E4297->a9cb8897-0d38-4c59-817a-d67a8ba30c67@group-A55F67FDC954, cid=2636, SUCCESS, logIndex=3954, commits[a9cb8897-0d38-4c59-817a-d67a8ba30c67:c3954, 41e21bac-56c9-465a-a1cc-bc71b3ab473c:c3950, 2bfdf505-3a1f-44eb-9843-3820b2477da1:c3950]
2019-09-05 19:10:50,532 [grpc-default-executor-1] INFO  client.GrpcClientProtocolClient (GrpcClientProtocolClient.java:onNext(255)) - client-729EAB8E4297->a9cb8897-0d38-4c59-817a-d67a8ba30c67: receive RaftClientReply:client-729EAB8E4297->a9cb8897-0d38-4c59-817a-d67a8ba30c67@group-A55F67FDC954, cid=2637, SUCCESS, logIndex=0, commits[a9cb8897-0d38-4c59-817a-d67a8ba30c67:c3956, 41e21bac-56c9-465a-a1cc-bc71b3ab473c:c3954, 2bfdf505-3a1f-44eb-9843-3820b2477da1:c3954]
2019-09-05 19:10:50,557 [grpc-default-executor-3] INFO  client.GrpcClientProtocolClient (GrpcClientProtocolClient.java:onNext(255)) - client-729EAB8E4297->a9cb8897-0d38-4c59-817a-d67a8ba30c67: receive RaftClientReply:client-729EAB8E4297->a9cb8897-0d38-4c59-817a-d67a8ba30c67@group-A55F67FDC954, cid=2638, SUCCESS, logIndex=3957, commits[a9cb8897-0d38-4c59-817a-d67a8ba30c67:c3958, 41e21bac-56c9-465a-a1cc-bc71b3ab473c:c3956, 2bfdf505-3a1f-44eb-9843-3820b2477da1:c3956]
2019-09-05 19:10:50,558 [grpc-default-executor-1] INFO  client.GrpcClientProtocolClient (GrpcClientProtocolClient.java:onNext(255)) - client-729EAB8E4297->a9cb8897-0d38-4c59-817a-d67a8ba30c67: receive RaftClientReply:client-729EAB8E4297->a9cb8897-0d38-4c59-817a-d67a8ba30c67@group-A55F67FDC954, cid=2639, SUCCESS, logIndex=3958, commits[a9cb8897-0d38-4c59-817a-d67a8ba30c67:c3958, 41e21bac-56c9-465a-a1cc-bc71b3ab473c:c3956, 2bfdf505-3a1f-44eb-9843-3820b2477da1:c3956]
2019-09-05 19:10:50,558 [grpc-default-executor-2] INFO  client.GrpcClientProtocolClient (GrpcClientProtocolClient.java:onNext(255)) - client-729EAB8E4297->a9cb8897-0d38-4c59-817a-d67a8ba30c67: receive RaftClientReply:client-729EAB8E4297->a9cb8897-0d38-4c59-817a-d67a8ba30c67@group-A55F67FDC954, cid=2640, SUCCESS, logIndex=3959, commits[a9cb8897-0d38-4c59-817a-d67a8ba30c67:c3960, 41e21bac-56c9-465a-a1cc-bc71b3ab473c:c3956, 2bfdf505-3a1f-44eb-9843-3820b2477da1:c3956]
2019-09-05 19:10:50,559 [grpc-default-executor-2] INFO  client.GrpcClientProtocolClient (GrpcClientProtocolClient.java:onNext(255)) - client-729EAB8E4297->a9cb8897-0d38-4c59-817a-d67a8ba30c67: receive RaftClientReply:client-729EAB8E4297->a9cb8897-0d38-4c59-817a-d67a8ba30c67@group-A55F67FDC954, cid=2641, SUCCESS, logIndex=3960, commits[a9cb8897-0d38-4c59-817a-d67a8ba30c67:c3960, 41e21bac-56c9-465a-a1cc-bc71b3ab473c:c3956, 2bfdf505-3a1f-44eb-9843-3820b2477da1:c3956]
2019-09-05 19:10:50,678 [grpc-default-executor-2] INFO  client.GrpcClientProtocolClient (GrpcClientProtocolClient.java:onNext(255)) - client-729EAB8E4297->a9cb8897-0d38-4c59-817a-d67a8ba30c67: receive RaftClientReply:client-729EAB8E4297->a9cb8897-0d38-4c59-817a-d67a8ba30c67@group-A55F67FDC954, cid=2642, SUCCESS, logIndex=0, commits[a9cb8897-0d38-4c59-817a-d67a8ba30c67:c3962, 41e21bac-56c9-465a-a1cc-bc71b3ab473c:c3958, 2bfdf505-3a1f-44eb-9843-3820b2477da1:c3958]
2019-09-05 19:10:50,699 [grpc-default-executor-1] INFO  client.GrpcClientProtocolClient (GrpcClientProtocolClient.java:onNext(255)) - client-729EAB8E4297->a9cb8897-0d38-4c59-817a-d67a8ba30c67: receive RaftClientReply:client-729EAB8E4297->a9cb8897-0d38-4c59-817a-d67a8ba30c67@group-A55F67FDC954, cid=2643, SUCCESS, logIndex=3965, commits[a9cb8897-0d38-4c59-817a-d67a8ba30c67:c3966, 41e21bac-56c9-465a-a1cc-bc71b3ab473c:c3964, 2bfdf505-3a1f-44eb-9843-3820b2477da1:c3964]
2019-09-05 19:10:50,700 [grpc-default-executor-1] INFO  client.GrpcClientProtocolClient (GrpcClientProtocolClient.java:onNext(255)) - client-729EAB8E4297->a9cb8897-0d38-4c59-817a-d67a8ba30c67: receive RaftClientReply:client-729EAB8E4297->a9cb8897-0d38-4c59-817a-d67a8ba30c67@group-A55F67FDC954, cid=2644, SUCCESS, logIndex=3966, commits[a9cb8897-0d38-4c59-817a-d67a8ba30c67:c3966, 41e21bac-56c9-465a-a1cc-bc71b3ab473c:c3964, 2bfdf505-3a1f-44eb-9843-3820b2477da1:c3964]
2019-09-05 19:10:50,714 [grpc-default-executor-2] INFO  client.GrpcClientProtocolClient (GrpcClientProtocolClient.java:onNext(255)) - client-729EAB8E4297->a9cb8897-0d38-4c59-817a-d67a8ba30c67: receive RaftClientReply:client-729EAB8E4297->a9cb8897-0d38-4c59-817a-d67a8ba30c67@group-A55F67FDC954, cid=2645, SUCCESS, logIndex=3969, commits[a9cb8897-0d38-4c59-817a-d67a8ba30c67:c3969, 41e21bac-56c9-465a-a1cc-bc71b3ab473c:c3966, 2bfdf505-3a1f-44eb-9843-3820b2477da1:c3966]
2019-09-05 19:10:50,715 [grpc-default-executor-2] INFO  client.GrpcClientProtocolClient (GrpcClientProtocolClient.java:onNext(255)) - client-729EAB8E4297->a9cb8897-0d38-4c59-817a-d67a8ba30c67: receive RaftClientReply:client-729EAB8E4297->a9cb8897-0d38-4c59-817a-d67a8ba30c67@group-A55F67FDC954, cid=2646, SUCCESS, logIndex=3970, commits[a9cb8897-0d38-4c59-817a-d67a8ba30c67:c3970, 41e21bac-56c9-465a-a1cc-bc71b3ab473c:c3966, 2bfdf505-3a1f-44eb-9843-3820b2477da1:c3966]
2019-09-05 19:10:50,738 [grpc-default-executor-2] INFO  client.GrpcClientProtocolClient (GrpcClientProtocolClient.java:onNext(255)) - client-729EAB8E4297->a9cb8897-0d38-4c59-817a-d67a8ba30c67: receive RaftClientReply:client-729EAB8E4297->a9cb8897-0d38-4c59-817a-d67a8ba30c67@group-A55F67FDC954, cid=2647, SUCCESS, logIndex=0, commits[a9cb8897-0d38-4c59-817a-d67a8ba30c67:c3972, 41e21bac-56c9-465a-a1cc-bc71b3ab473c:c3970, 2bfdf505-3a1f-44eb-9843-3820b2477da1:c3970]
2019-09-05 19:10:50,772 [grpc-default-executor-1] INFO  client.GrpcClientProtocolClient (GrpcClientProtocolClient.java:onNext(255)) - client-729EAB8E4297->a9cb8897-0d38-4c59-817a-d67a8ba30c67: receive RaftClientReply:client-729EAB8E4297->a9cb8897-0d38-4c59-817a-d67a8ba30c67@group-A55F67FDC954, cid=2648, SUCCESS, logIndex=3973, commits[a9cb8897-0d38-4c59-817a-d67a8ba30c67:c3973, 41e21bac-56c9-465a-a1cc-bc71b3ab473c:c3972, 2bfdf505-3a1f-44eb-9843-3820b2477da1:c3972]
2019-09-05 19:10:50,772 [grpc-default-executor-1] INFO  client.GrpcClientProtocolClient (GrpcClientProtocolClient.java:onNext(255)) - client-729EAB8E4297->a9cb8897-0d38-4c59-817a-d67a8ba30c67: receive RaftClientReply:client-729EAB8E4297->a9cb8897-0d38-4c59-817a-d67a8ba30c67@group-A55F67FDC954, cid=2649, SUCCESS, logIndex=3974, commits[a9cb8897-0d38-4c59-817a-d67a8ba30c67:c3975, 41e21bac-56c9-465a-a1cc-bc71b3ab473c:c3972, 2bfdf505-3a1f-44eb-9843-3820b2477da1:c3972]
2019-09-05 19:10:50,773 [grpc-default-executor-1] INFO  client.GrpcClientProtocolClient (GrpcClientProtocolClient.java:onNext(255)) - client-729EAB8E4297->a9cb8897-0d38-4c59-817a-d67a8ba30c67: receive RaftClientReply:client-729EAB8E4297->a9cb8897-0d38-4c59-817a-d67a8ba30c67@group-A55F67FDC954, cid=2650, SUCCESS, logIndex=3975, commits[a9cb8897-0d38-4c59-817a-d67a8ba30c67:c3976, 41e21bac-56c9-465a-a1cc-bc71b3ab473c:c3972, 2bfdf505-3a1f-44eb-9843-3820b2477da1:c3972]
2019-09-05 19:10:50,773 [grpc-default-executor-1] INFO  client.GrpcClientProtocolClient (GrpcClientProtocolClient.java:onNext(255)) - client-729EAB8E4297->a9cb8897-0d38-4c59-817a-d67a8ba30c67: receive RaftClientReply:client-729EAB8E4297->a9cb8897-0d38-4c59-817a-d67a8ba30c67@group-A55F67FDC954, cid=2651, SUCCESS, logIndex=3976, commits[a9cb8897-0d38-4c59-817a-d67a8ba30c67:c3976, 41e21bac-56c9-465a-a1cc-bc71b3ab473c:c3972, 2bfdf505-3a1f-44eb-9843-3820b2477da1:c3972]
2019-09-05 19:10:50,798 [grpc-default-executor-1] INFO  client.GrpcClientProtocolClient (GrpcClientProtocolClient.java:onNext(255)) - client-729EAB8E4297->a9cb8897-0d38-4c59-817a-d67a8ba30c67: receive RaftClientReply:client-729EAB8E4297->a9cb8897-0d38-4c59-817a-d67a8ba30c67@group-A55F67FDC954, cid=2652, SUCCESS, logIndex=0, commits[a9cb8897-0d38-4c59-817a-d67a8ba30c67:c3978, 41e21bac-56c9-465a-a1cc-bc71b3ab473c:c3974, 2bfdf505-3a1f-44eb-9843-3820b2477da1:c3974]
2019-09-05 19:10:50,820 [grpc-default-executor-2] INFO  client.GrpcClientProtocolClient (GrpcClientProtocolClient.java:onNext(255)) - client-729EAB8E4297->a9cb8897-0d38-4c59-817a-d67a8ba30c67: receive RaftClientReply:client-729EAB8E4297->a9cb8897-0d38-4c59-817a-d67a8ba30c67@group-A55F67FDC954, cid=2653, SUCCESS, logIndex=3981, commits[a9cb8897-0d38-4c59-817a-d67a8ba30c67:c3982, 41e21bac-56c9-465a-a1cc-bc71b3ab473c:c3980, 2bfdf505-3a1f-44eb-9843-3820b2477da1:c3980]
2019-09-05 19:10:50,820 [grpc-default-executor-2] INFO  client.GrpcClientProtocolClient (GrpcClientProtocolClient.java:onNext(255)) - client-729EAB8E4297->a9cb8897-0d38-4c59-817a-d67a8ba30c67: receive RaftClientReply:client-729EAB8E4297->a9cb8897-0d38-4c59-817a-d67a8ba30c67@group-A55F67FDC954, cid=2654, SUCCESS, logIndex=3982, commits[a9cb8897-0d38-4c59-817a-d67a8ba30c67:c3982, 41e21bac-56c9-465a-a1cc-bc71b3ab473c:c3980, 2bfdf505-3a1f-44eb-9843-3820b2477da1:c3980]
2019-09-05 19:10:50,846 [grpc-default-executor-3] INFO  client.GrpcClientProtocolClient (GrpcClientProtocolClient.java:onNext(255)) - client-729EAB8E4297->a9cb8897-0d38-4c59-817a-d67a8ba30c67: receive RaftClientReply:client-729EAB8E4297->a9cb8897-0d38-4c59-817a-d67a8ba30c67@group-A55F67FDC954, cid=2655, SUCCESS, logIndex=3985, commits[a9cb8897-0d38-4c59-817a-d67a8ba30c67:c3985, 41e21bac-56c9-465a-a1cc-bc71b3ab473c:c3982, 2bfdf505-3a1f-44eb-9843-3820b2477da1:c3982]
2019-09-05 19:10:50,847 [grpc-default-executor-3] INFO  client.GrpcClientProtocolClient (GrpcClientProtocolClient.java:onNext(255)) - client-729EAB8E4297->a9cb8897-0d38-4c59-817a-d67a8ba30c67: receive RaftClientReply:client-729EAB8E4297->a9cb8897-0d38-4c59-817a-d67a8ba30c67@group-A55F67FDC954, cid=2656, SUCCESS, logIndex=3986, commits[a9cb8897-0d38-4c59-817a-d67a8ba30c67:c3986, 41e21bac-56c9-465a-a1cc-bc71b3ab473c:c3982, 2bfdf505-3a1f-44eb-9843-3820b2477da1:c3982]
2019-09-05 19:10:50,868 [grpc-default-executor-2] INFO  client.GrpcClientProtocolClient (GrpcClientProtocolClient.java:onNext(255)) - client-729EAB8E4297->a9cb8897-0d38-4c59-817a-d67a8ba30c67: receive RaftClientReply:client-729EAB8E4297->a9cb8897-0d38-4c59-817a-d67a8ba30c67@group-A55F67FDC954, cid=2657, SUCCESS, logIndex=0, commits[a9cb8897-0d38-4c59-817a-d67a8ba30c67:c3988, 41e21bac-56c9-465a-a1cc-bc71b3ab473c:c3986, 2bfdf505-3a1f-44eb-9843-3820b2477da1:c3986]
2019-09-05 19:10:50,895 [grpc-default-executor-3] INFO  client.GrpcClientProtocolClient (GrpcClientProtocolClient.java:onNext(255)) - client-729EAB8E4297->a9cb8897-0d38-4c59-817a-d67a8ba30c67: receive RaftClientReply:client-729EAB8E4297->a9cb8897-0d38-4c59-817a-d67a8ba30c67@group-A55F67FDC954, cid=2658, SUCCESS, logIndex=3989, commits[a9cb8897-0d38-4c59-817a-d67a8ba30c67:c3990, 41e21bac-56c9-465a-a1cc-bc71b3ab473c:c3988, 2bfdf505-3a1f-44eb-9843-3820b2477da1:c3986]
2019-09-05 19:10:50,896 [grpc-default-executor-3] INFO  client.GrpcClientProtocolClient (GrpcClientProtocolClient.java:onNext(255)) - client-729EAB8E4297->a9cb8897-0d38-4c59-817a-d67a8ba30c67: receive RaftClientReply:client-729EAB8E4297->a9cb8897-0d38-4c59-817a-d67a8ba30c67@group-A55F67FDC954, cid=2659, SUCCESS, logIndex=3990, commits[a9cb8897-0d38-4c59-817a-d67a8ba30c67:c3990, 41e21bac-56c9-465a-a1cc-bc71b3ab473c:c3988, 2bfdf505-3a1f-44eb-9843-3820b2477da1:c3986]
2019-09-05 19:10:50,908 [grpc-default-executor-2] INFO  client.GrpcClientProtocolClient (GrpcClientProtocolClient.java:onNext(255)) - client-729EAB8E4297->a9cb8897-0d38-4c59-817a-d67a8ba30c67: receive RaftClientReply:client-729EAB8E4297->a9cb8897-0d38-4c59-817a-d67a8ba30c67@group-A55F67FDC954, cid=2660, SUCCESS, logIndex=3991, commits[a9cb8897-0d38-4c59-817a-d67a8ba30c67:c3992, 41e21bac-56c9-465a-a1cc-bc71b3ab473c:c3988, 2bfdf505-3a1f-44eb-9843-3820b2477da1:c3988]
2019-09-05 19:10:50,908 [grpc-default-executor-2] INFO  client.GrpcClientProtocolClient (GrpcClientProtocolClient.java:onNext(255)) - client-729EAB8E4297->a9cb8897-0d38-4c59-817a-d67a8ba30c67: receive RaftClientReply:client-729EAB8E4297->a9cb8897-0d38-4c59-817a-d67a8ba30c67@group-A55F67FDC954, cid=2661, SUCCESS, logIndex=3992, commits[a9cb8897-0d38-4c59-817a-d67a8ba30c67:c3994, 41e21bac-56c9-465a-a1cc-bc71b3ab473c:c3990, 2bfdf505-3a1f-44eb-9843-3820b2477da1:c3990]
2019-09-05 19:10:50,934 [grpc-default-executor-2] INFO  client.GrpcClientProtocolClient (GrpcClientProtocolClient.java:onNext(255)) - client-729EAB8E4297->a9cb8897-0d38-4c59-817a-d67a8ba30c67: receive RaftClientReply:client-729EAB8E4297->a9cb8897-0d38-4c59-817a-d67a8ba30c67@group-A55F67FDC954, cid=2662, SUCCESS, logIndex=3997, commits[a9cb8897-0d38-4c59-817a-d67a8ba30c67:c3997, 41e21bac-56c9-465a-a1cc-bc71b3ab473c:c3994, 2bfdf505-3a1f-44eb-9843-3820b2477da1:c3994]
2019-09-05 19:10:50,934 [grpc-default-executor-2] INFO  client.GrpcClientProtocolClient (GrpcClientProtocolClient.java:onNext(255)) - client-729EAB8E4297->a9cb8897-0d38-4c59-817a-d67a8ba30c67: receive RaftClientReply:client-729EAB8E4297->a9cb8897-0d38-4c59-817a-d67a8ba30c67@group-A55F67FDC954, cid=2663, SUCCESS, logIndex=3998, commits[a9cb8897-0d38-4c59-817a-d67a8ba30c67:c3998, 41e21bac-56c9-465a-a1cc-bc71b3ab473c:c3994, 2bfdf505-3a1f-44eb-9843-3820b2477da1:c3994]
2019-09-05 19:10:50,959 [grpc-default-executor-3] INFO  client.GrpcClientProtocolClient (GrpcClientProtocolClient.java:onNext(255)) - client-729EAB8E4297->a9cb8897-0d38-4c59-817a-d67a8ba30c67: receive RaftClientReply:client-729EAB8E4297->a9cb8897-0d38-4c59-817a-d67a8ba30c67@group-A55F67FDC954, cid=2664, SUCCESS, logIndex=4001, commits[a9cb8897-0d38-4c59-817a-d67a8ba30c67:c4001, 41e21bac-56c9-465a-a1cc-bc71b3ab473c:c3998, 2bfdf505-3a1f-44eb-9843-3820b2477da1:c3998]
2019-09-05 19:10:50,960 [grpc-default-executor-2] INFO  client.GrpcClientProtocolClient (GrpcClientProtocolClient.java:onNext(255)) - client-729EAB8E4297->a9cb8897-0d38-4c59-817a-d67a8ba30c67: receive RaftClientReply:client-729EAB8E4297->a9cb8897-0d38-4c59-817a-d67a8ba30c67@group-A55F67FDC954, cid=2665, SUCCESS, logIndex=4002, commits[a9cb8897-0d38-4c59-817a-d67a8ba30c67:c4002, 41e21bac-56c9-465a-a1cc-bc71b3ab473c:c3998, 2bfdf505-3a1f-44eb-9843-3820b2477da1:c3998]
2019-09-05 19:10:50,986 [grpc-default-executor-2] INFO  client.GrpcClientProtocolClient (GrpcClientProtocolClient.java:onNext(255)) - client-729EAB8E4297->a9cb8897-0d38-4c59-817a-d67a8ba30c67: receive RaftClientReply:client-729EAB8E4297->a9cb8897-0d38-4c59-817a-d67a8ba30c67@group-A55F67FDC954, cid=2666, SUCCESS, logIndex=0, commits[a9cb8897-0d38-4c59-817a-d67a8ba30c67:c4004, 41e21bac-56c9-465a-a1cc-bc71b3ab473c:c4002, 2bfdf505-3a1f-44eb-9843-3820b2477da1:c4002]
2019-09-05 19:10:51,025 [grpc-default-executor-2] INFO  client.GrpcClientProtocolClient (GrpcClientProtocolClient.java:onNext(255)) - client-729EAB8E4297->a9cb8897-0d38-4c59-817a-d67a8ba30c67: receive RaftClientReply:client-729EAB8E4297->a9cb8897-0d38-4c59-817a-d67a8ba30c67@group-A55F67FDC954, cid=2667, SUCCESS, logIndex=4005, commits[a9cb8897-0d38-4c59-817a-d67a8ba30c67:c4006, 41e21bac-56c9-465a-a1cc-bc71b3ab473c:c4004, 2bfdf505-3a1f-44eb-9843-3820b2477da1:c4004]
2019-09-05 19:10:51,026 [grpc-default-executor-1] INFO  client.GrpcClientProtocolClient (GrpcClientProtocolClient.java:onNext(255)) - client-729EAB8E4297->a9cb8897-0d38-4c59-817a-d67a8ba30c67: receive RaftClientReply:client-729EAB8E4297->a9cb8897-0d38-4c59-817a-d67a8ba30c67@group-A55F67FDC954, cid=2668, SUCCESS, logIndex=4006, commits[a9cb8897-0d38-4c59-817a-d67a8ba30c67:c4006, 41e21bac-56c9-465a-a1cc-bc71b3ab473c:c4004, 2bfdf505-3a1f-44eb-9843-3820b2477da1:c4004]
2019-09-05 19:10:51,026 [grpc-default-executor-1] INFO  client.GrpcClientProtocolClient (GrpcClientProtocolClient.java:onNext(255)) - client-729EAB8E4297->a9cb8897-0d38-4c59-817a-d67a8ba30c67: receive RaftClientReply:client-729EAB8E4297->a9cb8897-0d38-4c59-817a-d67a8ba30c67@group-A55F67FDC954, cid=2669, SUCCESS, logIndex=4007, commits[a9cb8897-0d38-4c59-817a-d67a8ba30c67:c4008, 41e21bac-56c9-465a-a1cc-bc71b3ab473c:c4004, 2bfdf505-3a1f-44eb-9843-3820b2477da1:c4004]
2019-09-05 19:10:51,027 [grpc-default-executor-1] INFO  client.GrpcClientProtocolClient (GrpcClientProtocolClient.java:onNext(255)) - client-729EAB8E4297->a9cb8897-0d38-4c59-817a-d67a8ba30c67: receive RaftClientReply:client-729EAB8E4297->a9cb8897-0d38-4c59-817a-d67a8ba30c67@group-A55F67FDC954, cid=2670, SUCCESS, logIndex=4008, commits[a9cb8897-0d38-4c59-817a-d67a8ba30c67:c4008, 41e21bac-56c9-465a-a1cc-bc71b3ab473c:c4004, 2bfdf505-3a1f-44eb-9843-3820b2477da1:c4004]
2019-09-05 19:10:51,048 [grpc-default-executor-3] INFO  client.GrpcClientProtocolClient (GrpcClientProtocolClient.java:onNext(255)) - client-729EAB8E4297->a9cb8897-0d38-4c59-817a-d67a8ba30c67: receive RaftClientReply:client-729EAB8E4297->a9cb8897-0d38-4c59-817a-d67a8ba30c67@group-A55F67FDC954, cid=2671, SUCCESS, logIndex=0, commits[a9cb8897-0d38-4c59-817a-d67a8ba30c67:c4010, 41e21bac-56c9-465a-a1cc-bc71b3ab473c:c4006, 2bfdf505-3a1f-44eb-9843-3820b2477da1:c4006]
2019-09-05 19:10:51,061 [grpc-default-executor-3] INFO  client.GrpcClientProtocolClient (GrpcClientProtocolClient.java:onNext(255)) - client-729EAB8E4297->a9cb8897-0d38-4c59-817a-d67a8ba30c67: receive RaftClientReply:client-729EAB8E4297->a9cb8897-0d38-4c59-817a-d67a8ba30c67@group-A55F67FDC954, cid=2672, SUCCESS, logIndex=4013, commits[a9cb8897-0d38-4c59-817a-d67a8ba30c67:c4014, 41e21bac-56c9-465a-a1cc-bc71b3ab473c:c4012, 2bfdf505-3a1f-44eb-9843-3820b2477da1:c4008]
2019-09-05 19:10:51,061 [grpc-default-executor-3] INFO  client.GrpcClientProtocolClient (GrpcClientProtocolClient.java:onNext(255)) - client-729EAB8E4297->a9cb8897-0d38-4c59-817a-d67a8ba30c67: receive RaftClientReply:client-729EAB8E4297->a9cb8897-0d38-4c59-817a-d67a8ba30c67@group-A55F67FDC954, cid=2673, SUCCESS, logIndex=4014, commits[a9cb8897-0d38-4c59-817a-d67a8ba30c67:c4014, 41e21bac-56c9-465a-a1cc-bc71b3ab473c:c4012, 2bfdf505-3a1f-44eb-9843-3820b2477da1:c4008]
2019-09-05 19:10:51,073 [grpc-default-executor-3] INFO  client.GrpcClientProtocolClient (GrpcClientProtocolClient.java:onNext(255)) - client-729EAB8E4297->a9cb8897-0d38-4c59-817a-d67a8ba30c67: receive RaftClientReply:client-729EAB8E4297->a9cb8897-0d38-4c59-817a-d67a8ba30c67@group-A55F67FDC954, cid=2674, SUCCESS, logIndex=4017, commits[a9cb8897-0d38-4c59-817a-d67a8ba30c67:c4018, 41e21bac-56c9-465a-a1cc-bc71b3ab473c:c4016, 2bfdf505-3a1f-44eb-9843-3820b2477da1:c4014]
2019-09-05 19:10:51,073 [grpc-default-executor-3] INFO  client.GrpcClientProtocolClient (GrpcClientProtocolClient.java:onNext(255)) - client-729EAB8E4297->a9cb8897-0d38-4c59-817a-d67a8ba30c67: receive RaftClientReply:client-729EAB8E4297->a9cb8897-0d38-4c59-817a-d67a8ba30c67@group-A55F67FDC954, cid=2675, SUCCESS, logIndex=4018, commits[a9cb8897-0d38-4c59-817a-d67a8ba30c67:c4018, 41e21bac-56c9-465a-a1cc-bc71b3ab473c:c4016, 2bfdf505-3a1f-44eb-9843-3820b2477da1:c4014]
2019-09-05 19:10:51,076 [grpc-default-executor-3] INFO  client.GrpcClientProtocolClient (GrpcClientProtocolClient.java:onNext(255)) - client-729EAB8E4297->a9cb8897-0d38-4c59-817a-d67a8ba30c67: receive RaftClientReply:client-729EAB8E4297->a9cb8897-0d38-4c59-817a-d67a8ba30c67@group-A55F67FDC954, cid=2676, SUCCESS, logIndex=0, commits[a9cb8897-0d38-4c59-817a-d67a8ba30c67:c4019, 41e21bac-56c9-465a-a1cc-bc71b3ab473c:c4018, 2bfdf505-3a1f-44eb-9843-3820b2477da1:c4018]
2019-09-05 19:10:51,096 [grpc-default-executor-3] INFO  client.GrpcClientProtocolClient (GrpcClientProtocolClient.java:onNext(255)) - client-729EAB8E4297->a9cb8897-0d38-4c59-817a-d67a8ba30c67: receive RaftClientReply:client-729EAB8E4297->a9cb8897-0d38-4c59-817a-d67a8ba30c67@group-A55F67FDC954, cid=2677, SUCCESS, logIndex=4021, commits[a9cb8897-0d38-4c59-817a-d67a8ba30c67:c4022, 41e21bac-56c9-465a-a1cc-bc71b3ab473c:c4018, 2bfdf505-3a1f-44eb-9843-3820b2477da1:c4020]
2019-09-05 19:10:51,096 [grpc-default-executor-3] INFO  client.GrpcClientProtocolClient (GrpcClientProtocolClient.java:onNext(255)) - client-729EAB8E4297->a9cb8897-0d38-4c59-817a-d67a8ba30c67: receive RaftClientReply:client-729EAB8E4297->a9cb8897-0d38-4c59-817a-d67a8ba30c67@group-A55F67FDC954, cid=2678, SUCCESS, logIndex=4022, commits[a9cb8897-0d38-4c59-817a-d67a8ba30c67:c4022, 41e21bac-56c9-465a-a1cc-bc71b3ab473c:c4018, 2bfdf505-3a1f-44eb-9843-3820b2477da1:c4020]
2019-09-05 19:10:51,099 [grpc-default-executor-3] INFO  client.GrpcClientProtocolClient (GrpcClientProtocolClient.java:onNext(255)) - client-729EAB8E4297->a9cb8897-0d38-4c59-817a-d67a8ba30c67: receive RaftClientReply:client-729EAB8E4297->a9cb8897-0d38-4c59-817a-d67a8ba30c67@group-A55F67FDC954, cid=2679, SUCCESS, logIndex=4023, commits[a9cb8897-0d38-4c59-817a-d67a8ba30c67:c4024, 41e21bac-56c9-465a-a1cc-bc71b3ab473c:c4020, 2bfdf505-3a1f-44eb-9843-3820b2477da1:c4022]
2019-09-05 19:10:51,099 [grpc-default-executor-3] INFO  client.GrpcClientProtocolClient (GrpcClientProtocolClient.java:onNext(255)) - client-729EAB8E4297->a9cb8897-0d38-4c59-817a-d67a8ba30c67: receive RaftClientReply:client-729EAB8E4297->a9cb8897-0d38-4c59-817a-d67a8ba30c67@group-A55F67FDC954, cid=2680, SUCCESS, logIndex=4024, commits[a9cb8897-0d38-4c59-817a-d67a8ba30c67:c4024, 41e21bac-56c9-465a-a1cc-bc71b3ab473c:c4020, 2bfdf505-3a1f-44eb-9843-3820b2477da1:c4022]
2019-09-05 19:10:51,101 [grpc-default-executor-3] INFO  client.GrpcClientProtocolClient (GrpcClientProtocolClient.java:onNext(255)) - client-729EAB8E4297->a9cb8897-0d38-4c59-817a-d67a8ba30c67: receive RaftClientReply:client-729EAB8E4297->a9cb8897-0d38-4c59-817a-d67a8ba30c67@group-A55F67FDC954, cid=2681, SUCCESS, logIndex=0, commits[a9cb8897-0d38-4c59-817a-d67a8ba30c67:c4026, 41e21bac-56c9-465a-a1cc-bc71b3ab473c:c4022, 2bfdf505-3a1f-44eb-9843-3820b2477da1:c4022]
2019-09-05 19:10:51,112 [grpc-default-executor-3] INFO  client.GrpcClientProtocolClient (GrpcClientProtocolClient.java:onNext(255)) - client-729EAB8E4297->a9cb8897-0d38-4c59-817a-d67a8ba30c67: receive RaftClientReply:client-729EAB8E4297->a9cb8897-0d38-4c59-817a-d67a8ba30c67@group-A55F67FDC954, cid=2682, SUCCESS, logIndex=4029, commits[a9cb8897-0d38-4c59-817a-d67a8ba30c67:c4030, 41e21bac-56c9-465a-a1cc-bc71b3ab473c:c4024, 2bfdf505-3a1f-44eb-9843-3820b2477da1:c4028]
2019-09-05 19:10:51,112 [grpc-default-executor-3] INFO  client.GrpcClientProtocolClient (GrpcClientProtocolClient.java:onNext(255)) - client-729EAB8E4297->a9cb8897-0d38-4c59-817a-d67a8ba30c67: receive RaftClientReply:client-729EAB8E4297->a9cb8897-0d38-4c59-817a-d67a8ba30c67@group-A55F67FDC954, cid=2683, SUCCESS, logIndex=4030, commits[a9cb8897-0d38-4c59-817a-d67a8ba30c67:c4030, 41e21bac-56c9-465a-a1cc-bc71b3ab473c:c4028, 2bfdf505-3a1f-44eb-9843-3820b2477da1:c4028]
2019-09-05 19:10:51,139 [grpc-default-executor-2] INFO  client.GrpcClientProtocolClient (GrpcClientProtocolClient.java:onNext(255)) - client-729EAB8E4297->a9cb8897-0d38-4c59-817a-d67a8ba30c67: receive RaftClientReply:client-729EAB8E4297->a9cb8897-0d38-4c59-817a-d67a8ba30c67@group-A55F67FDC954, cid=2684, SUCCESS, logIndex=4033, commits[a9cb8897-0d38-4c59-817a-d67a8ba30c67:c4034, 41e21bac-56c9-465a-a1cc-bc71b3ab473c:c4032, 2bfdf505-3a1f-44eb-9843-3820b2477da1:c4032]
2019-09-05 19:10:51,139 [grpc-default-executor-2] INFO  client.GrpcClientProtocolClient (GrpcClientProtocolClient.java:onNext(255)) - client-729EAB8E4297->a9cb8897-0d38-4c59-817a-d67a8ba30c67: receive RaftClientReply:client-729EAB8E4297->a9cb8897-0d38-4c59-817a-d67a8ba30c67@group-A55F67FDC954, cid=2685, SUCCESS, logIndex=4034, commits[a9cb8897-0d38-4c59-817a-d67a8ba30c67:c4034, 41e21bac-56c9-465a-a1cc-bc71b3ab473c:c4032, 2bfdf505-3a1f-44eb-9843-3820b2477da1:c4032]
2019-09-05 19:10:51,152 [grpc-default-executor-2] INFO  client.GrpcClientProtocolClient (GrpcClientProtocolClient.java:onNext(255)) - client-729EAB8E4297->a9cb8897-0d38-4c59-817a-d67a8ba30c67: receive RaftClientReply:client-729EAB8E4297->a9cb8897-0d38-4c59-817a-d67a8ba30c67@group-A55F67FDC954, cid=2686, SUCCESS, logIndex=0, commits[a9cb8897-0d38-4c59-817a-d67a8ba30c67:c4035, 41e21bac-56c9-465a-a1cc-bc71b3ab473c:c4034, 2bfdf505-3a1f-44eb-9843-3820b2477da1:c4034]
2019-09-05 19:10:51,198 [grpc-default-executor-1] INFO  client.GrpcClientProtocolClient (GrpcClientProtocolClient.java:onNext(255)) - client-729EAB8E4297->a9cb8897-0d38-4c59-817a-d67a8ba30c67: receive RaftClientReply:client-729EAB8E4297->a9cb8897-0d38-4c59-817a-d67a8ba30c67@group-A55F67FDC954, cid=2687, SUCCESS, logIndex=4037, commits[a9cb8897-0d38-4c59-817a-d67a8ba30c67:c4040, 41e21bac-56c9-465a-a1cc-bc71b3ab473c:c4036, 2bfdf505-3a1f-44eb-9843-3820b2477da1:c4036]
2019-09-05 19:10:51,198 [grpc-default-executor-1] INFO  client.GrpcClientProtocolClient (GrpcClientProtocolClient.java:onNext(255)) - client-729EAB8E4297->a9cb8897-0d38-4c59-817a-d67a8ba30c67: receive RaftClientReply:client-729EAB8E4297->a9cb8897-0d38-4c59-817a-d67a8ba30c67@group-A55F67FDC954, cid=2688, SUCCESS, logIndex=4038, commits[a9cb8897-0d38-4c59-817a-d67a8ba30c67:c4040, 41e21bac-56c9-465a-a1cc-bc71b3ab473c:c4036, 2bfdf505-3a1f-44eb-9843-3820b2477da1:c4036]
2019-09-05 19:10:51,198 [grpc-default-executor-1] INFO  client.GrpcClientProtocolClient (GrpcClientProtocolClient.java:onNext(255)) - client-729EAB8E4297->a9cb8897-0d38-4c59-817a-d67a8ba30c67: receive RaftClientReply:client-729EAB8E4297->a9cb8897-0d38-4c59-817a-d67a8ba30c67@group-A55F67FDC954, cid=2689, SUCCESS, logIndex=4039, commits[a9cb8897-0d38-4c59-817a-d67a8ba30c67:c4040, 41e21bac-56c9-465a-a1cc-bc71b3ab473c:c4036, 2bfdf505-3a1f-44eb-9843-3820b2477da1:c4036]
2019-09-05 19:10:51,198 [grpc-default-executor-1] INFO  client.GrpcClientProtocolClient (GrpcClientProtocolClient.java:onNext(255)) - client-729EAB8E4297->a9cb8897-0d38-4c59-817a-d67a8ba30c67: receive RaftClientReply:client-729EAB8E4297->a9cb8897-0d38-4c59-817a-d67a8ba30c67@group-A55F67FDC954, cid=2690, SUCCESS, logIndex=4040, commits[a9cb8897-0d38-4c59-817a-d67a8ba30c67:c4040, 41e21bac-56c9-465a-a1cc-bc71b3ab473c:c4036, 2bfdf505-3a1f-44eb-9843-3820b2477da1:c4036]
2019-09-05 19:10:51,211 [grpc-default-executor-1] INFO  client.GrpcClientProtocolClient (GrpcClientProtocolClient.java:onNext(255)) - client-729EAB8E4297->a9cb8897-0d38-4c59-817a-d67a8ba30c67: receive RaftClientReply:client-729EAB8E4297->a9cb8897-0d38-4c59-817a-d67a8ba30c67@group-A55F67FDC954, cid=2691, SUCCESS, logIndex=0, commits[a9cb8897-0d38-4c59-817a-d67a8ba30c67:c4041, 41e21bac-56c9-465a-a1cc-bc71b3ab473c:c4038, 2bfdf505-3a1f-44eb-9843-3820b2477da1:c4038]
2019-09-05 19:10:51,229 [grpc-default-executor-3] INFO  client.GrpcClientProtocolClient (GrpcClientProtocolClient.java:onNext(255)) - client-729EAB8E4297->a9cb8897-0d38-4c59-817a-d67a8ba30c67: receive RaftClientReply:client-729EAB8E4297->a9cb8897-0d38-4c59-817a-d67a8ba30c67@group-A55F67FDC954, cid=2692, SUCCESS, logIndex=4045, commits[a9cb8897-0d38-4c59-817a-d67a8ba30c67:c4046, 41e21bac-56c9-465a-a1cc-bc71b3ab473c:c4044, 2bfdf505-3a1f-44eb-9843-3820b2477da1:c4044]
2019-09-05 19:10:51,230 [grpc-default-executor-3] INFO  client.GrpcClientProtocolClient (GrpcClientProtocolClient.java:onNext(255)) - client-729EAB8E4297->a9cb8897-0d38-4c59-817a-d67a8ba30c67: receive RaftClientReply:client-729EAB8E4297->a9cb8897-0d38-4c59-817a-d67a8ba30c67@group-A55F67FDC954, cid=2693, SUCCESS, logIndex=4046, commits[a9cb8897-0d38-4c59-817a-d67a8ba30c67:c4046, 41e21bac-56c9-465a-a1cc-bc71b3ab473c:c4044, 2bfdf505-3a1f-44eb-9843-3820b2477da1:c4044]
2019-09-05 19:10:51,256 [grpc-default-executor-1] INFO  client.GrpcClientProtocolClient (GrpcClientProtocolClient.java:onNext(255)) - client-729EAB8E4297->a9cb8897-0d38-4c59-817a-d67a8ba30c67: receive RaftClientReply:client-729EAB8E4297->a9cb8897-0d38-4c59-817a-d67a8ba30c67@group-A55F67FDC954, cid=2694, SUCCESS, logIndex=4049, commits[a9cb8897-0d38-4c59-817a-d67a8ba30c67:c4049, 41e21bac-56c9-465a-a1cc-bc71b3ab473c:c4046, 2bfdf505-3a1f-44eb-9843-3820b2477da1:c4046]
2019-09-05 19:10:51,256 [grpc-default-executor-1] INFO  client.GrpcClientProtocolClient (GrpcClientProtocolClient.java:onNext(255)) - client-729EAB8E4297->a9cb8897-0d38-4c59-817a-d67a8ba30c67: receive RaftClientReply:client-729EAB8E4297->a9cb8897-0d38-4c59-817a-d67a8ba30c67@group-A55F67FDC954, cid=2695, SUCCESS, logIndex=4050, commits[a9cb8897-0d38-4c59-817a-d67a8ba30c67:c4050, 41e21bac-56c9-465a-a1cc-bc71b3ab473c:c4046, 2bfdf505-3a1f-44eb-9843-3820b2477da1:c4046]
2019-09-05 19:10:51,281 [grpc-default-executor-3] INFO  client.GrpcClientProtocolClient (GrpcClientProtocolClient.java:onNext(255)) - client-729EAB8E4297->a9cb8897-0d38-4c59-817a-d67a8ba30c67: receive RaftClientReply:client-729EAB8E4297->a9cb8897-0d38-4c59-817a-d67a8ba30c67@group-A55F67FDC954, cid=2696, SUCCESS, logIndex=0, commits[a9cb8897-0d38-4c59-817a-d67a8ba30c67:c4051, 41e21bac-56c9-465a-a1cc-bc71b3ab473c:c4050, 2bfdf505-3a1f-44eb-9843-3820b2477da1:c4050]
2019-09-05 19:10:51,310 [grpc-default-executor-1] INFO  client.GrpcClientProtocolClient (GrpcClientProtocolClient.java:onNext(255)) - client-729EAB8E4297->a9cb8897-0d38-4c59-817a-d67a8ba30c67: receive RaftClientReply:client-729EAB8E4297->a9cb8897-0d38-4c59-817a-d67a8ba30c67@group-A55F67FDC954, cid=2697, SUCCESS, logIndex=4053, commits[a9cb8897-0d38-4c59-817a-d67a8ba30c67:c4054, 41e21bac-56c9-465a-a1cc-bc71b3ab473c:c4052, 2bfdf505-3a1f-44eb-9843-3820b2477da1:c4052]
2019-09-05 19:10:51,310 [grpc-default-executor-1] INFO  client.GrpcClientProtocolClient (GrpcClientProtocolClient.java:onNext(255)) - client-729EAB8E4297->a9cb8897-0d38-4c59-817a-d67a8ba30c67: receive RaftClientReply:client-729EAB8E4297->a9cb8897-0d38-4c59-817a-d67a8ba30c67@group-A55F67FDC954, cid=2698, SUCCESS, logIndex=4054, commits[a9cb8897-0d38-4c59-817a-d67a8ba30c67:c4054, 41e21bac-56c9-465a-a1cc-bc71b3ab473c:c4052, 2bfdf505-3a1f-44eb-9843-3820b2477da1:c4052]
2019-09-05 19:10:51,320 [grpc-default-executor-0] INFO  client.GrpcClientProtocolClient (GrpcClientProtocolClient.java:onNext(255)) - client-729EAB8E4297->a9cb8897-0d38-4c59-817a-d67a8ba30c67: receive RaftClientReply:client-729EAB8E4297->a9cb8897-0d38-4c59-817a-d67a8ba30c67@group-A55F67FDC954, cid=2699, SUCCESS, logIndex=4055, commits[a9cb8897-0d38-4c59-817a-d67a8ba30c67:c4056, 41e21bac-56c9-465a-a1cc-bc71b3ab473c:c4052, 2bfdf505-3a1f-44eb-9843-3820b2477da1:c4052]
2019-09-05 19:10:51,320 [grpc-default-executor-0] INFO  client.GrpcClientProtocolClient (GrpcClientProtocolClient.java:onNext(255)) - client-729EAB8E4297->a9cb8897-0d38-4c59-817a-d67a8ba30c67: receive RaftClientReply:client-729EAB8E4297->a9cb8897-0d38-4c59-817a-d67a8ba30c67@group-A55F67FDC954, cid=2700, SUCCESS, logIndex=4056, commits[a9cb8897-0d38-4c59-817a-d67a8ba30c67:c4056, 41e21bac-56c9-465a-a1cc-bc71b3ab473c:c4052, 2bfdf505-3a1f-44eb-9843-3820b2477da1:c4052]
2019-09-05 19:10:51,335 [grpc-default-executor-0] INFO  client.GrpcClientProtocolClient (GrpcClientProtocolClient.java:onNext(255)) - client-729EAB8E4297->a9cb8897-0d38-4c59-817a-d67a8ba30c67: receive RaftClientReply:client-729EAB8E4297->a9cb8897-0d38-4c59-817a-d67a8ba30c67@group-A55F67FDC954, cid=2701, SUCCESS, logIndex=0, commits[a9cb8897-0d38-4c59-817a-d67a8ba30c67:c4058, 41e21bac-56c9-465a-a1cc-bc71b3ab473c:c4054, 2bfdf505-3a1f-44eb-9843-3820b2477da1:c4054]
2019-09-05 19:10:51,348 [grpc-default-executor-0] INFO  client.GrpcClientProtocolClient (GrpcClientProtocolClient.java:onNext(255)) - client-729EAB8E4297->a9cb8897-0d38-4c59-817a-d67a8ba30c67: receive RaftClientReply:client-729EAB8E4297->a9cb8897-0d38-4c59-817a-d67a8ba30c67@group-A55F67FDC954, cid=2702, SUCCESS, logIndex=4060, commits[a9cb8897-0d38-4c59-817a-d67a8ba30c67:c4061, 41e21bac-56c9-465a-a1cc-bc71b3ab473c:c4059, 2bfdf505-3a1f-44eb-9843-3820b2477da1:c4056]
2019-09-05 19:10:51,348 [grpc-default-executor-0] INFO  client.GrpcClientProtocolClient (GrpcClientProtocolClient.java:onNext(255)) - client-729EAB8E4297->a9cb8897-0d38-4c59-817a-d67a8ba30c67: receive RaftClientReply:client-729EAB8E4297->a9cb8897-0d38-4c59-817a-d67a8ba30c67@group-A55F67FDC954, cid=2703, SUCCESS, logIndex=4061, commits[a9cb8897-0d38-4c59-817a-d67a8ba30c67:c4061, 41e21bac-56c9-465a-a1cc-bc71b3ab473c:c4059, 2bfdf505-3a1f-44eb-9843-3820b2477da1:c4059]
 0.00% |█                                                                                                    |  0/1 Time: 0:00:252019-09-05 19:10:51,360 [grpc-default-executor-0] INFO  client.GrpcClientProtocolClient (GrpcClientProtocolClient.java:onNext(255)) - client-729EAB8E4297->a9cb8897-0d38-4c59-817a-d67a8ba30c67: receive RaftClientReply:client-729EAB8E4297->a9cb8897-0d38-4c59-817a-d67a8ba30c67@group-A55F67FDC954, cid=2704, SUCCESS, logIndex=4064, commits[a9cb8897-0d38-4c59-817a-d67a8ba30c67:c4065, 41e21bac-56c9-465a-a1cc-bc71b3ab473c:c4063, 2bfdf505-3a1f-44eb-9843-3820b2477da1:c4061]
2019-09-05 19:10:51,360 [grpc-default-executor-0] INFO  client.GrpcClientProtocolClient (GrpcClientProtocolClient.java:onNext(255)) - client-729EAB8E4297->a9cb8897-0d38-4c59-817a-d67a8ba30c67: receive RaftClientReply:client-729EAB8E4297->a9cb8897-0d38-4c59-817a-d67a8ba30c67@group-A55F67FDC954, cid=2705, SUCCESS, logIndex=4065, commits[a9cb8897-0d38-4c59-817a-d67a8ba30c67:c4065, 41e21bac-56c9-465a-a1cc-bc71b3ab473c:c4063, 2bfdf505-3a1f-44eb-9843-3820b2477da1:c4063]
2019-09-05 19:10:51,366 [grpc-default-executor-1] INFO  client.GrpcClientProtocolClient (GrpcClientProtocolClient.java:onNext(255)) - client-729EAB8E4297->a9cb8897-0d38-4c59-817a-d67a8ba30c67: receive RaftClientReply:client-729EAB8E4297->a9cb8897-0d38-4c59-817a-d67a8ba30c67@group-A55F67FDC954, cid=2706, SUCCESS, logIndex=0, commits[a9cb8897-0d38-4c59-817a-d67a8ba30c67:c4066, 41e21bac-56c9-465a-a1cc-bc71b3ab473c:c4065, 2bfdf505-3a1f-44eb-9843-3820b2477da1:c4065]
2019-09-05 19:10:51,404 [grpc-default-executor-1] INFO  client.GrpcClientProtocolClient (GrpcClientProtocolClient.java:onNext(255)) - client-729EAB8E4297->a9cb8897-0d38-4c59-817a-d67a8ba30c67: receive RaftClientReply:client-729EAB8E4297->a9cb8897-0d38-4c59-817a-d67a8ba30c67@group-A55F67FDC954, cid=2707, SUCCESS, logIndex=4068, commits[a9cb8897-0d38-4c59-817a-d67a8ba30c67:c4069, 41e21bac-56c9-465a-a1cc-bc71b3ab473c:c4065, 2bfdf505-3a1f-44eb-9843-3820b2477da1:c4067]
2019-09-05 19:10:51,404 [grpc-default-executor-1] INFO  client.GrpcClientProtocolClient (GrpcClientProtocolClient.java:onNext(255)) - client-729EAB8E4297->a9cb8897-0d38-4c59-817a-d67a8ba30c67: receive RaftClientReply:client-729EAB8E4297->a9cb8897-0d38-4c59-817a-d67a8ba30c67@group-A55F67FDC954, cid=2708, SUCCESS, logIndex=4069, commits[a9cb8897-0d38-4c59-817a-d67a8ba30c67:c4069, 41e21bac-56c9-465a-a1cc-bc71b3ab473c:c4067, 2bfdf505-3a1f-44eb-9843-3820b2477da1:c4067]
2019-09-05 19:10:51,405 [grpc-default-executor-1] INFO  client.GrpcClientProtocolClient (GrpcClientProtocolClient.java:onNext(255)) - client-729EAB8E4297->a9cb8897-0d38-4c59-817a-d67a8ba30c67: receive RaftClientReply:client-729EAB8E4297->a9cb8897-0d38-4c59-817a-d67a8ba30c67@group-A55F67FDC954, cid=2709, SUCCESS, logIndex=4070, commits[a9cb8897-0d38-4c59-817a-d67a8ba30c67:c4071, 41e21bac-56c9-465a-a1cc-bc71b3ab473c:c4067, 2bfdf505-3a1f-44eb-9843-3820b2477da1:c4067]
2019-09-05 19:10:51,405 [grpc-default-executor-1] INFO  client.GrpcClientProtocolClient (GrpcClientProtocolClient.java:onNext(255)) - client-729EAB8E4297->a9cb8897-0d38-4c59-817a-d67a8ba30c67: receive RaftClientReply:client-729EAB8E4297->a9cb8897-0d38-4c59-817a-d67a8ba30c67@group-A55F67FDC954, cid=2710, SUCCESS, logIndex=4071, commits[a9cb8897-0d38-4c59-817a-d67a8ba30c67:c4071, 41e21bac-56c9-465a-a1cc-bc71b3ab473c:c4067, 2bfdf505-3a1f-44eb-9843-3820b2477da1:c4067]
2019-09-05 19:10:51,418 [grpc-default-executor-1] INFO  client.GrpcClientProtocolClient (GrpcClientProtocolClient.java:onNext(255)) - client-729EAB8E4297->a9cb8897-0d38-4c59-817a-d67a8ba30c67: receive RaftClientReply:client-729EAB8E4297->a9cb8897-0d38-4c59-817a-d67a8ba30c67@group-A55F67FDC954, cid=2711, SUCCESS, logIndex=0, commits[a9cb8897-0d38-4c59-817a-d67a8ba30c67:c4073, 41e21bac-56c9-465a-a1cc-bc71b3ab473c:c4069, 2bfdf505-3a1f-44eb-9843-3820b2477da1:c4069]
2019-09-05 19:10:51,431 [grpc-default-executor-3] INFO  client.GrpcClientProtocolClient (GrpcClientProtocolClient.java:onNext(255)) - client-729EAB8E4297->a9cb8897-0d38-4c59-817a-d67a8ba30c67: receive RaftClientReply:client-729EAB8E4297->a9cb8897-0d38-4c59-817a-d67a8ba30c67@group-A55F67FDC954, cid=2712, SUCCESS, logIndex=4076, commits[a9cb8897-0d38-4c59-817a-d67a8ba30c67:c4077, 41e21bac-56c9-465a-a1cc-bc71b3ab473c:c4071, 2bfdf505-3a1f-44eb-9843-3820b2477da1:c4075]
2019-09-05 19:10:51,431 [grpc-default-executor-3] INFO  client.GrpcClientProtocolClient (GrpcClientProtocolClient.java:onNext(255)) - client-729EAB8E4297->a9cb8897-0d38-4c59-817a-d67a8ba30c67: receive RaftClientReply:client-729EAB8E4297->a9cb8897-0d38-4c59-817a-d67a8ba30c67@group-A55F67FDC954, cid=2713, SUCCESS, logIndex=4077, commits[a9cb8897-0d38-4c59-817a-d67a8ba30c67:c4077, 41e21bac-56c9-465a-a1cc-bc71b3ab473c:c4075, 2bfdf505-3a1f-44eb-9843-3820b2477da1:c4075]
2019-09-05 19:10:51,445 [grpc-default-executor-3] INFO  client.GrpcClientProtocolClient (GrpcClientProtocolClient.java:onNext(255)) - client-729EAB8E4297->a9cb8897-0d38-4c59-817a-d67a8ba30c67: receive RaftClientReply:client-729EAB8E4297->a9cb8897-0d38-4c59-817a-d67a8ba30c67@group-A55F67FDC954, cid=2714, SUCCESS, logIndex=4080, commits[a9cb8897-0d38-4c59-817a-d67a8ba30c67:c4081, 41e21bac-56c9-465a-a1cc-bc71b3ab473c:c4077, 2bfdf505-3a1f-44eb-9843-3820b2477da1:c4078]
2019-09-05 19:10:51,445 [grpc-default-executor-3] INFO  client.GrpcClientProtocolClient (GrpcClientProtocolClient.java:onNext(255)) - client-729EAB8E4297->a9cb8897-0d38-4c59-817a-d67a8ba30c67: receive RaftClientReply:client-729EAB8E4297->a9cb8897-0d38-4c59-817a-d67a8ba30c67@group-A55F67FDC954, cid=2715, SUCCESS, logIndex=4081, commits[a9cb8897-0d38-4c59-817a-d67a8ba30c67:c4081, 41e21bac-56c9-465a-a1cc-bc71b3ab473c:c4078, 2bfdf505-3a1f-44eb-9843-3820b2477da1:c4078]
2019-09-05 19:10:51,447 [grpc-default-executor-3] INFO  client.GrpcClientProtocolClient (GrpcClientProtocolClient.java:onNext(255)) - client-729EAB8E4297->a9cb8897-0d38-4c59-817a-d67a8ba30c67: receive RaftClientReply:client-729EAB8E4297->a9cb8897-0d38-4c59-817a-d67a8ba30c67@group-A55F67FDC954, cid=2716, SUCCESS, logIndex=0, commits[a9cb8897-0d38-4c59-817a-d67a8ba30c67:c4082, 41e21bac-56c9-465a-a1cc-bc71b3ab473c:c4081, 2bfdf505-3a1f-44eb-9843-3820b2477da1:c4081]
2019-09-05 19:10:51,473 [grpc-default-executor-1] INFO  client.GrpcClientProtocolClient (GrpcClientProtocolClient.java:onNext(255)) - client-729EAB8E4297->a9cb8897-0d38-4c59-817a-d67a8ba30c67: receive RaftClientReply:client-729EAB8E4297->a9cb8897-0d38-4c59-817a-d67a8ba30c67@group-A55F67FDC954, cid=2717, SUCCESS, logIndex=4084, commits[a9cb8897-0d38-4c59-817a-d67a8ba30c67:c4085, 41e21bac-56c9-465a-a1cc-bc71b3ab473c:c4083, 2bfdf505-3a1f-44eb-9843-3820b2477da1:c4083]
2019-09-05 19:10:51,473 [grpc-default-executor-1] INFO  client.GrpcClientProtocolClient (GrpcClientProtocolClient.java:onNext(255)) - client-729EAB8E4297->a9cb8897-0d38-4c59-817a-d67a8ba30c67: receive RaftClientReply:client-729EAB8E4297->a9cb8897-0d38-4c59-817a-d67a8ba30c67@group-A55F67FDC954, cid=2718, SUCCESS, logIndex=4085, commits[a9cb8897-0d38-4c59-817a-d67a8ba30c67:c4085, 41e21bac-56c9-465a-a1cc-bc71b3ab473c:c4083, 2bfdf505-3a1f-44eb-9843-3820b2477da1:c4083]
2019-09-05 19:10:51,485 [grpc-default-executor-1] INFO  client.GrpcClientProtocolClient (GrpcClientProtocolClient.java:onNext(255)) - client-729EAB8E4297->a9cb8897-0d38-4c59-817a-d67a8ba30c67: receive RaftClientReply:client-729EAB8E4297->a9cb8897-0d38-4c59-817a-d67a8ba30c67@group-A55F67FDC954, cid=2719, SUCCESS, logIndex=4086, commits[a9cb8897-0d38-4c59-817a-d67a8ba30c67:c4086, 41e21bac-56c9-465a-a1cc-bc71b3ab473c:c4083, 2bfdf505-3a1f-44eb-9843-3820b2477da1:c4083]
2019-09-05 19:10:51,485 [grpc-default-executor-1] INFO  client.GrpcClientProtocolClient (GrpcClientProtocolClient.java:onNext(255)) - client-729EAB8E4297->a9cb8897-0d38-4c59-817a-d67a8ba30c67: receive RaftClientReply:client-729EAB8E4297->a9cb8897-0d38-4c59-817a-d67a8ba30c67@group-A55F67FDC954, cid=2720, SUCCESS, logIndex=4087, commits[a9cb8897-0d38-4c59-817a-d67a8ba30c67:c4087, 41e21bac-56c9-465a-a1cc-bc71b3ab473c:c4083, 2bfdf505-3a1f-44eb-9843-3820b2477da1:c4083]
2019-09-05 19:10:51,498 [grpc-default-executor-1] INFO  client.GrpcClientProtocolClient (GrpcClientProtocolClient.java:onNext(255)) - client-729EAB8E4297->a9cb8897-0d38-4c59-817a-d67a8ba30c67: receive RaftClientReply:client-729EAB8E4297->a9cb8897-0d38-4c59-817a-d67a8ba30c67@group-A55F67FDC954, cid=2721, SUCCESS, logIndex=0, commits[a9cb8897-0d38-4c59-817a-d67a8ba30c67:c4089, 41e21bac-56c9-465a-a1cc-bc71b3ab473c:c4085, 2bfdf505-3a1f-44eb-9843-3820b2477da1:c4085]
2019-09-05 19:10:51,522 [grpc-default-executor-3] INFO  client.GrpcClientProtocolClient (GrpcClientProtocolClient.java:onNext(255)) - client-729EAB8E4297->a9cb8897-0d38-4c59-817a-d67a8ba30c67: receive RaftClientReply:client-729EAB8E4297->a9cb8897-0d38-4c59-817a-d67a8ba30c67@group-A55F67FDC954, cid=2722, SUCCESS, logIndex=4092, commits[a9cb8897-0d38-4c59-817a-d67a8ba30c67:c4092, 41e21bac-56c9-465a-a1cc-bc71b3ab473c:c4089, 2bfdf505-3a1f-44eb-9843-3820b2477da1:c4089]
2019-09-05 19:10:51,522 [grpc-default-executor-3] INFO  client.GrpcClientProtocolClient (GrpcClientProtocolClient.java:onNext(255)) - client-729EAB8E4297->a9cb8897-0d38-4c59-817a-d67a8ba30c67: receive RaftClientReply:client-729EAB8E4297->a9cb8897-0d38-4c59-817a-d67a8ba30c67@group-A55F67FDC954, cid=2723, SUCCESS, logIndex=4093, commits[a9cb8897-0d38-4c59-817a-d67a8ba30c67:c4093, 41e21bac-56c9-465a-a1cc-bc71b3ab473c:c4089, 2bfdf505-3a1f-44eb-9843-3820b2477da1:c4089]
2019-09-05 19:10:51,548 [grpc-default-executor-1] INFO  client.GrpcClientProtocolClient (GrpcClientProtocolClient.java:onNext(255)) - client-729EAB8E4297->a9cb8897-0d38-4c59-817a-d67a8ba30c67: receive RaftClientReply:client-729EAB8E4297->a9cb8897-0d38-4c59-817a-d67a8ba30c67@group-A55F67FDC954, cid=2724, SUCCESS, logIndex=4096, commits[a9cb8897-0d38-4c59-817a-d67a8ba30c67:c4097, 41e21bac-56c9-465a-a1cc-bc71b3ab473c:c4093, 2bfdf505-3a1f-44eb-9843-3820b2477da1:c4093]
2019-09-05 19:10:51,549 [grpc-default-executor-1] INFO  client.GrpcClientProtocolClient (GrpcClientProtocolClient.java:onNext(255)) - client-729EAB8E4297->a9cb8897-0d38-4c59-817a-d67a8ba30c67: receive RaftClientReply:client-729EAB8E4297->a9cb8897-0d38-4c59-817a-d67a8ba30c67@group-A55F67FDC954, cid=2725, SUCCESS, logIndex=4097, commits[a9cb8897-0d38-4c59-817a-d67a8ba30c67:c4097, 41e21bac-56c9-465a-a1cc-bc71b3ab473c:c4093, 2bfdf505-3a1f-44eb-9843-3820b2477da1:c4093]
2019-09-05 19:10:51,553 [grpc-default-executor-1] INFO  client.GrpcClientProtocolClient (GrpcClientProtocolClient.java:onNext(255)) - client-729EAB8E4297->a9cb8897-0d38-4c59-817a-d67a8ba30c67: receive RaftClientReply:client-729EAB8E4297->a9cb8897-0d38-4c59-817a-d67a8ba30c67@group-A55F67FDC954, cid=2726, SUCCESS, logIndex=0, commits[a9cb8897-0d38-4c59-817a-d67a8ba30c67:c4099, 41e21bac-56c9-465a-a1cc-bc71b3ab473c:c4097, 2bfdf505-3a1f-44eb-9843-3820b2477da1:c4097]
2019-09-05 19:10:51,686 [grpc-default-executor-1] INFO  client.GrpcClientProtocolClient (GrpcClientProtocolClient.java:onNext(255)) - client-729EAB8E4297->a9cb8897-0d38-4c59-817a-d67a8ba30c67: receive RaftClientReply:client-729EAB8E4297->a9cb8897-0d38-4c59-817a-d67a8ba30c67@group-A55F67FDC954, cid=2727, SUCCESS, logIndex=4100, commits[a9cb8897-0d38-4c59-817a-d67a8ba30c67:c4101, 41e21bac-56c9-465a-a1cc-bc71b3ab473c:c4099, 2bfdf505-3a1f-44eb-9843-3820b2477da1:c4099]
2019-09-05 19:10:51,687 [grpc-default-executor-1] INFO  client.GrpcClientProtocolClient (GrpcClientProtocolClient.java:onNext(255)) - client-729EAB8E4297->a9cb8897-0d38-4c59-817a-d67a8ba30c67: receive RaftClientReply:client-729EAB8E4297->a9cb8897-0d38-4c59-817a-d67a8ba30c67@group-A55F67FDC954, cid=2728, SUCCESS, logIndex=4101, commits[a9cb8897-0d38-4c59-817a-d67a8ba30c67:c4101, 41e21bac-56c9-465a-a1cc-bc71b3ab473c:c4099, 2bfdf505-3a1f-44eb-9843-3820b2477da1:c4099]
2019-09-05 19:10:51,687 [grpc-default-executor-2] INFO  client.GrpcClientProtocolClient (GrpcClientProtocolClient.java:onNext(255)) - client-729EAB8E4297->a9cb8897-0d38-4c59-817a-d67a8ba30c67: receive RaftClientReply:client-729EAB8E4297->a9cb8897-0d38-4c59-817a-d67a8ba30c67@group-A55F67FDC954, cid=2729, SUCCESS, logIndex=4102, commits[a9cb8897-0d38-4c59-817a-d67a8ba30c67:c4102, 41e21bac-56c9-465a-a1cc-bc71b3ab473c:c4099, 2bfdf505-3a1f-44eb-9843-3820b2477da1:c4099]
2019-09-05 19:10:51,688 [grpc-default-executor-2] INFO  client.GrpcClientProtocolClient (GrpcClientProtocolClient.java:onNext(255)) - client-729EAB8E4297->a9cb8897-0d38-4c59-817a-d67a8ba30c67: receive RaftClientReply:client-729EAB8E4297->a9cb8897-0d38-4c59-817a-d67a8ba30c67@group-A55F67FDC954, cid=2730, SUCCESS, logIndex=4103, commits[a9cb8897-0d38-4c59-817a-d67a8ba30c67:c4103, 41e21bac-56c9-465a-a1cc-bc71b3ab473c:c4099, 2bfdf505-3a1f-44eb-9843-3820b2477da1:c4099]
2019-09-05 19:10:51,698 [grpc-default-executor-2] INFO  client.GrpcClientProtocolClient (GrpcClientProtocolClient.java:onNext(255)) - client-729EAB8E4297->a9cb8897-0d38-4c59-817a-d67a8ba30c67: receive RaftClientReply:client-729EAB8E4297->a9cb8897-0d38-4c59-817a-d67a8ba30c67@group-A55F67FDC954, cid=2731, SUCCESS, logIndex=0, commits[a9cb8897-0d38-4c59-817a-d67a8ba30c67:c4104, 41e21bac-56c9-465a-a1cc-bc71b3ab473c:c4101, 2bfdf505-3a1f-44eb-9843-3820b2477da1:c4101]
2019-09-05 19:10:51,718 [grpc-default-executor-2] INFO  client.GrpcClientProtocolClient (GrpcClientProtocolClient.java:onNext(255)) - client-729EAB8E4297->a9cb8897-0d38-4c59-817a-d67a8ba30c67: receive RaftClientReply:client-729EAB8E4297->a9cb8897-0d38-4c59-817a-d67a8ba30c67@group-A55F67FDC954, cid=2732, SUCCESS, logIndex=4108, commits[a9cb8897-0d38-4c59-817a-d67a8ba30c67:c4109, 41e21bac-56c9-465a-a1cc-bc71b3ab473c:c4107, 2bfdf505-3a1f-44eb-9843-3820b2477da1:c4107]
2019-09-05 19:10:51,719 [grpc-default-executor-2] INFO  client.GrpcClientProtocolClient (GrpcClientProtocolClient.java:onNext(255)) - client-729EAB8E4297->a9cb8897-0d38-4c59-817a-d67a8ba30c67: receive RaftClientReply:client-729EAB8E4297->a9cb8897-0d38-4c59-817a-d67a8ba30c67@group-A55F67FDC954, cid=2733, SUCCESS, logIndex=4109, commits[a9cb8897-0d38-4c59-817a-d67a8ba30c67:c4109, 41e21bac-56c9-465a-a1cc-bc71b3ab473c:c4107, 2bfdf505-3a1f-44eb-9843-3820b2477da1:c4107]
2019-09-05 19:10:51,744 [grpc-default-executor-2] INFO  client.GrpcClientProtocolClient (GrpcClientProtocolClient.java:onNext(255)) - client-729EAB8E4297->a9cb8897-0d38-4c59-817a-d67a8ba30c67: receive RaftClientReply:client-729EAB8E4297->a9cb8897-0d38-4c59-817a-d67a8ba30c67@group-A55F67FDC954, cid=2734, SUCCESS, logIndex=4112, commits[a9cb8897-0d38-4c59-817a-d67a8ba30c67:c4113, 41e21bac-56c9-465a-a1cc-bc71b3ab473c:c4109, 2bfdf505-3a1f-44eb-9843-3820b2477da1:c4109]
2019-09-05 19:10:51,745 [grpc-default-executor-2] INFO  client.GrpcClientProtocolClient (GrpcClientProtocolClient.java:onNext(255)) - client-729EAB8E4297->a9cb8897-0d38-4c59-817a-d67a8ba30c67: receive RaftClientReply:client-729EAB8E4297->a9cb8897-0d38-4c59-817a-d67a8ba30c67@group-A55F67FDC954, cid=2735, SUCCESS, logIndex=4113, commits[a9cb8897-0d38-4c59-817a-d67a8ba30c67:c4113, 41e21bac-56c9-465a-a1cc-bc71b3ab473c:c4109, 2bfdf505-3a1f-44eb-9843-3820b2477da1:c4109]
2019-09-05 19:10:51,757 [grpc-default-executor-2] INFO  client.GrpcClientProtocolClient (GrpcClientProtocolClient.java:onNext(255)) - client-729EAB8E4297->a9cb8897-0d38-4c59-817a-d67a8ba30c67: receive RaftClientReply:client-729EAB8E4297->a9cb8897-0d38-4c59-817a-d67a8ba30c67@group-A55F67FDC954, cid=2736, SUCCESS, logIndex=0, commits[a9cb8897-0d38-4c59-817a-d67a8ba30c67:c4114, 41e21bac-56c9-465a-a1cc-bc71b3ab473c:c4113, 2bfdf505-3a1f-44eb-9843-3820b2477da1:c4113]
2019-09-05 19:10:51,788 [grpc-default-executor-0] INFO  client.GrpcClientProtocolClient (GrpcClientProtocolClient.java:onNext(255)) - client-729EAB8E4297->a9cb8897-0d38-4c59-817a-d67a8ba30c67: receive RaftClientReply:client-729EAB8E4297->a9cb8897-0d38-4c59-817a-d67a8ba30c67@group-A55F67FDC954, cid=2737, SUCCESS, logIndex=4116, commits[a9cb8897-0d38-4c59-817a-d67a8ba30c67:c4117, 41e21bac-56c9-465a-a1cc-bc71b3ab473c:c4115, 2bfdf505-3a1f-44eb-9843-3820b2477da1:c4115]
2019-09-05 19:10:51,788 [grpc-default-executor-0] INFO  client.GrpcClientProtocolClient (GrpcClientProtocolClient.java:onNext(255)) - client-729EAB8E4297->a9cb8897-0d38-4c59-817a-d67a8ba30c67: receive RaftClientReply:client-729EAB8E4297->a9cb8897-0d38-4c59-817a-d67a8ba30c67@group-A55F67FDC954, cid=2738, SUCCESS, logIndex=4117, commits[a9cb8897-0d38-4c59-817a-d67a8ba30c67:c4117, 41e21bac-56c9-465a-a1cc-bc71b3ab473c:c4115, 2bfdf505-3a1f-44eb-9843-3820b2477da1:c4115]
2019-09-05 19:10:51,799 [grpc-default-executor-1] INFO  client.GrpcClientProtocolClient (GrpcClientProtocolClient.java:onNext(255)) - client-729EAB8E4297->a9cb8897-0d38-4c59-817a-d67a8ba30c67: receive RaftClientReply:client-729EAB8E4297->a9cb8897-0d38-4c59-817a-d67a8ba30c67@group-A55F67FDC954, cid=2739, SUCCESS, logIndex=4118, commits[a9cb8897-0d38-4c59-817a-d67a8ba30c67:c4119, 41e21bac-56c9-465a-a1cc-bc71b3ab473c:c4115, 2bfdf505-3a1f-44eb-9843-3820b2477da1:c4115]
2019-09-05 19:10:51,799 [grpc-default-executor-1] INFO  client.GrpcClientProtocolClient (GrpcClientProtocolClient.java:onNext(255)) - client-729EAB8E4297->a9cb8897-0d38-4c59-817a-d67a8ba30c67: receive RaftClientReply:client-729EAB8E4297->a9cb8897-0d38-4c59-817a-d67a8ba30c67@group-A55F67FDC954, cid=2740, SUCCESS, logIndex=4119, commits[a9cb8897-0d38-4c59-817a-d67a8ba30c67:c4119, 41e21bac-56c9-465a-a1cc-bc71b3ab473c:c4115, 2bfdf505-3a1f-44eb-9843-3820b2477da1:c4115]
2019-09-05 19:10:51,801 [grpc-default-executor-1] INFO  client.GrpcClientProtocolClient (GrpcClientProtocolClient.java:onNext(255)) - client-729EAB8E4297->a9cb8897-0d38-4c59-817a-d67a8ba30c67: receive RaftClientReply:client-729EAB8E4297->a9cb8897-0d38-4c59-817a-d67a8ba30c67@group-A55F67FDC954, cid=2741, SUCCESS, logIndex=0, commits[a9cb8897-0d38-4c59-817a-d67a8ba30c67:c4120, 41e21bac-56c9-465a-a1cc-bc71b3ab473c:c4117, 2bfdf505-3a1f-44eb-9843-3820b2477da1:c4117]
2019-09-05 19:10:51,815 [grpc-default-executor-3] INFO  client.GrpcClientProtocolClient (GrpcClientProtocolClient.java:onNext(255)) - client-729EAB8E4297->a9cb8897-0d38-4c59-817a-d67a8ba30c67: receive RaftClientReply:client-729EAB8E4297->a9cb8897-0d38-4c59-817a-d67a8ba30c67@group-A55F67FDC954, cid=2742, SUCCESS, logIndex=4124, commits[a9cb8897-0d38-4c59-817a-d67a8ba30c67:c4125, 41e21bac-56c9-465a-a1cc-bc71b3ab473c:c4121, 2bfdf505-3a1f-44eb-9843-3820b2477da1:c4121]
2019-09-05 19:10:51,815 [grpc-default-executor-3] INFO  client.GrpcClientProtocolClient (GrpcClientProtocolClient.java:onNext(255)) - client-729EAB8E4297->a9cb8897-0d38-4c59-817a-d67a8ba30c67: receive RaftClientReply:client-729EAB8E4297->a9cb8897-0d38-4c59-817a-d67a8ba30c67@group-A55F67FDC954, cid=2743, SUCCESS, logIndex=4125, commits[a9cb8897-0d38-4c59-817a-d67a8ba30c67:c4125, 41e21bac-56c9-465a-a1cc-bc71b3ab473c:c4121, 2bfdf505-3a1f-44eb-9843-3820b2477da1:c4121]
2019-09-05 19:10:51,826 [grpc-default-executor-1] INFO  client.GrpcClientProtocolClient (GrpcClientProtocolClient.java:onNext(255)) - client-729EAB8E4297->a9cb8897-0d38-4c59-817a-d67a8ba30c67: receive RaftClientReply:client-729EAB8E4297->a9cb8897-0d38-4c59-817a-d67a8ba30c67@group-A55F67FDC954, cid=2744, SUCCESS, logIndex=4128, commits[a9cb8897-0d38-4c59-817a-d67a8ba30c67:c4129, 41e21bac-56c9-465a-a1cc-bc71b3ab473c:c4126, 2bfdf505-3a1f-44eb-9843-3820b2477da1:c4125]
2019-09-05 19:10:51,827 [grpc-default-executor-1] INFO  client.GrpcClientProtocolClient (GrpcClientProtocolClient.java:onNext(255)) - client-729EAB8E4297->a9cb8897-0d38-4c59-817a-d67a8ba30c67: receive RaftClientReply:client-729EAB8E4297->a9cb8897-0d38-4c59-817a-d67a8ba30c67@group-A55F67FDC954, cid=2745, SUCCESS, logIndex=4129, commits[a9cb8897-0d38-4c59-817a-d67a8ba30c67:c4129, 41e21bac-56c9-465a-a1cc-bc71b3ab473c:c4126, 2bfdf505-3a1f-44eb-9843-3820b2477da1:c4126]
2019-09-05 19:10:51,828 [grpc-default-executor-1] INFO  client.GrpcClientProtocolClient (GrpcClientProtocolClient.java:onNext(255)) - client-729EAB8E4297->a9cb8897-0d38-4c59-817a-d67a8ba30c67: receive RaftClientReply:client-729EAB8E4297->a9cb8897-0d38-4c59-817a-d67a8ba30c67@group-A55F67FDC954, cid=2746, SUCCESS, logIndex=0, commits[a9cb8897-0d38-4c59-817a-d67a8ba30c67:c4130, 41e21bac-56c9-465a-a1cc-bc71b3ab473c:c4129, 2bfdf505-3a1f-44eb-9843-3820b2477da1:c4129]
2019-09-05 19:10:51,850 [grpc-default-executor-0] INFO  client.GrpcClientProtocolClient (GrpcClientProtocolClient.java:onNext(255)) - client-729EAB8E4297->a9cb8897-0d38-4c59-817a-d67a8ba30c67: receive RaftClientReply:client-729EAB8E4297->a9cb8897-0d38-4c59-817a-d67a8ba30c67@group-A55F67FDC954, cid=2747, SUCCESS, logIndex=4132, commits[a9cb8897-0d38-4c59-817a-d67a8ba30c67:c4133, 41e21bac-56c9-465a-a1cc-bc71b3ab473c:c4131, 2bfdf505-3a1f-44eb-9843-3820b2477da1:c4129]
2019-09-05 19:10:51,850 [grpc-default-executor-0] INFO  client.GrpcClientProtocolClient (GrpcClientProtocolClient.java:onNext(255)) - client-729EAB8E4297->a9cb8897-0d38-4c59-817a-d67a8ba30c67: receive RaftClientReply:client-729EAB8E4297->a9cb8897-0d38-4c59-817a-d67a8ba30c67@group-A55F67FDC954, cid=2748, SUCCESS, logIndex=4133, commits[a9cb8897-0d38-4c59-817a-d67a8ba30c67:c4133, 41e21bac-56c9-465a-a1cc-bc71b3ab473c:c4131, 2bfdf505-3a1f-44eb-9843-3820b2477da1:c4129]
2019-09-05 19:10:51,853 [grpc-default-executor-3] INFO  client.GrpcClientProtocolClient (GrpcClientProtocolClient.java:onNext(255)) - client-729EAB8E4297->a9cb8897-0d38-4c59-817a-d67a8ba30c67: receive RaftClientReply:client-729EAB8E4297->a9cb8897-0d38-4c59-817a-d67a8ba30c67@group-A55F67FDC954, cid=2749, SUCCESS, logIndex=4134, commits[a9cb8897-0d38-4c59-817a-d67a8ba30c67:c4135, 41e21bac-56c9-465a-a1cc-bc71b3ab473c:c4131, 2bfdf505-3a1f-44eb-9843-3820b2477da1:c4131]
2019-09-05 19:10:51,853 [grpc-default-executor-3] INFO  client.GrpcClientProtocolClient (GrpcClientProtocolClient.java:onNext(255)) - client-729EAB8E4297->a9cb8897-0d38-4c59-817a-d67a8ba30c67: receive RaftClientReply:client-729EAB8E4297->a9cb8897-0d38-4c59-817a-d67a8ba30c67@group-A55F67FDC954, cid=2750, SUCCESS, logIndex=4135, commits[a9cb8897-0d38-4c59-817a-d67a8ba30c67:c4136, 41e21bac-56c9-465a-a1cc-bc71b3ab473c:c4132, 2bfdf505-3a1f-44eb-9843-3820b2477da1:c4131]
2019-09-05 19:10:51,854 [grpc-default-executor-0] INFO  client.GrpcClientProtocolClient (GrpcClientProtocolClient.java:onNext(255)) - client-729EAB8E4297->a9cb8897-0d38-4c59-817a-d67a8ba30c67: receive RaftClientReply:client-729EAB8E4297->a9cb8897-0d38-4c59-817a-d67a8ba30c67@group-A55F67FDC954, cid=2751, SUCCESS, logIndex=0, commits[a9cb8897-0d38-4c59-817a-d67a8ba30c67:c4137, 41e21bac-56c9-465a-a1cc-bc71b3ab473c:c4133, 2bfdf505-3a1f-44eb-9843-3820b2477da1:c4133]
2019-09-05 19:10:51,865 [grpc-default-executor-1] INFO  client.GrpcClientProtocolClient (GrpcClientProtocolClient.java:onNext(255)) - client-729EAB8E4297->a9cb8897-0d38-4c59-817a-d67a8ba30c67: receive RaftClientReply:client-729EAB8E4297->a9cb8897-0d38-4c59-817a-d67a8ba30c67@group-A55F67FDC954, cid=2752, SUCCESS, logIndex=4140, commits[a9cb8897-0d38-4c59-817a-d67a8ba30c67:c4141, 41e21bac-56c9-465a-a1cc-bc71b3ab473c:c4135, 2bfdf505-3a1f-44eb-9843-3820b2477da1:c4139]
2019-09-05 19:10:51,865 [grpc-default-executor-1] INFO  client.GrpcClientProtocolClient (GrpcClientProtocolClient.java:onNext(255)) - client-729EAB8E4297->a9cb8897-0d38-4c59-817a-d67a8ba30c67: receive RaftClientReply:client-729EAB8E4297->a9cb8897-0d38-4c59-817a-d67a8ba30c67@group-A55F67FDC954, cid=2753, SUCCESS, logIndex=4141, commits[a9cb8897-0d38-4c59-817a-d67a8ba30c67:c4141, 41e21bac-56c9-465a-a1cc-bc71b3ab473c:c4139, 2bfdf505-3a1f-44eb-9843-3820b2477da1:c4139]
2019-09-05 19:10:51,877 [grpc-default-executor-0] INFO  client.GrpcClientProtocolClient (GrpcClientProtocolClient.java:onNext(255)) - client-729EAB8E4297->a9cb8897-0d38-4c59-817a-d67a8ba30c67: receive RaftClientReply:client-729EAB8E4297->a9cb8897-0d38-4c59-817a-d67a8ba30c67@group-A55F67FDC954, cid=2754, SUCCESS, logIndex=4143, commits[a9cb8897-0d38-4c59-817a-d67a8ba30c67:c4144, 41e21bac-56c9-465a-a1cc-bc71b3ab473c:c4142, 2bfdf505-3a1f-44eb-9843-3820b2477da1:c4141]
2019-09-05 19:10:51,877 [grpc-default-executor-0] INFO  client.GrpcClientProtocolClient (GrpcClientProtocolClient.java:onNext(255)) - client-729EAB8E4297->a9cb8897-0d38-4c59-817a-d67a8ba30c67: receive RaftClientReply:client-729EAB8E4297->a9cb8897-0d38-4c59-817a-d67a8ba30c67@group-A55F67FDC954, cid=2755, SUCCESS, logIndex=4144, commits[a9cb8897-0d38-4c59-817a-d67a8ba30c67:c4144, 41e21bac-56c9-465a-a1cc-bc71b3ab473c:c4142, 2bfdf505-3a1f-44eb-9843-3820b2477da1:c4142]
2019-09-05 19:10:51,879 [grpc-default-executor-0] INFO  client.GrpcClientProtocolClient (GrpcClientProtocolClient.java:onNext(255)) - client-729EAB8E4297->a9cb8897-0d38-4c59-817a-d67a8ba30c67: receive RaftClientReply:client-729EAB8E4297->a9cb8897-0d38-4c59-817a-d67a8ba30c67@group-A55F67FDC954, cid=2756, SUCCESS, logIndex=0, commits[a9cb8897-0d38-4c59-817a-d67a8ba30c67:c4145, 41e21bac-56c9-465a-a1cc-bc71b3ab473c:c4144, 2bfdf505-3a1f-44eb-9843-3820b2477da1:c4144]
2019-09-05 19:10:51,906 [grpc-default-executor-0] INFO  client.GrpcClientProtocolClient (GrpcClientProtocolClient.java:onNext(255)) - client-729EAB8E4297->a9cb8897-0d38-4c59-817a-d67a8ba30c67: receive RaftClientReply:client-729EAB8E4297->a9cb8897-0d38-4c59-817a-d67a8ba30c67@group-A55F67FDC954, cid=2757, SUCCESS, logIndex=4147, commits[a9cb8897-0d38-4c59-817a-d67a8ba30c67:c4149, 41e21bac-56c9-465a-a1cc-bc71b3ab473c:c4146, 2bfdf505-3a1f-44eb-9843-3820b2477da1:c4146]
2019-09-05 19:10:51,907 [grpc-default-executor-0] INFO  client.GrpcClientProtocolClient (GrpcClientProtocolClient.java:onNext(255)) - client-729EAB8E4297->a9cb8897-0d38-4c59-817a-d67a8ba30c67: receive RaftClientReply:client-729EAB8E4297->a9cb8897-0d38-4c59-817a-d67a8ba30c67@group-A55F67FDC954, cid=2758, SUCCESS, logIndex=4148, commits[a9cb8897-0d38-4c59-817a-d67a8ba30c67:c4150, 41e21bac-56c9-465a-a1cc-bc71b3ab473c:c4146, 2bfdf505-3a1f-44eb-9843-3820b2477da1:c4146]
2019-09-05 19:10:51,907 [grpc-default-executor-0] INFO  client.GrpcClientProtocolClient (GrpcClientProtocolClient.java:onNext(255)) - client-729EAB8E4297->a9cb8897-0d38-4c59-817a-d67a8ba30c67: receive RaftClientReply:client-729EAB8E4297->a9cb8897-0d38-4c59-817a-d67a8ba30c67@group-A55F67FDC954, cid=2759, SUCCESS, logIndex=4149, commits[a9cb8897-0d38-4c59-817a-d67a8ba30c67:c4150, 41e21bac-56c9-465a-a1cc-bc71b3ab473c:c4146, 2bfdf505-3a1f-44eb-9843-3820b2477da1:c4146]
2019-09-05 19:10:51,908 [grpc-default-executor-0] INFO  client.GrpcClientProtocolClient (GrpcClientProtocolClient.java:onNext(255)) - client-729EAB8E4297->a9cb8897-0d38-4c59-817a-d67a8ba30c67: receive RaftClientReply:client-729EAB8E4297->a9cb8897-0d38-4c59-817a-d67a8ba30c67@group-A55F67FDC954, cid=2760, SUCCESS, logIndex=4150, commits[a9cb8897-0d38-4c59-817a-d67a8ba30c67:c4150, 41e21bac-56c9-465a-a1cc-bc71b3ab473c:c4146, 2bfdf505-3a1f-44eb-9843-3820b2477da1:c4146]
2019-09-05 19:10:51,911 [grpc-default-executor-0] INFO  client.GrpcClientProtocolClient (GrpcClientProtocolClient.java:onNext(255)) - client-729EAB8E4297->a9cb8897-0d38-4c59-817a-d67a8ba30c67: receive RaftClientReply:client-729EAB8E4297->a9cb8897-0d38-4c59-817a-d67a8ba30c67@group-A55F67FDC954, cid=2761, SUCCESS, logIndex=0, commits[a9cb8897-0d38-4c59-817a-d67a8ba30c67:c4152, 41e21bac-56c9-465a-a1cc-bc71b3ab473c:c4148, 2bfdf505-3a1f-44eb-9843-3820b2477da1:c4148]
2019-09-05 19:10:51,940 [grpc-default-executor-3] INFO  client.GrpcClientProtocolClient (GrpcClientProtocolClient.java:onNext(255)) - client-729EAB8E4297->a9cb8897-0d38-4c59-817a-d67a8ba30c67: receive RaftClientReply:client-729EAB8E4297->a9cb8897-0d38-4c59-817a-d67a8ba30c67@group-A55F67FDC954, cid=2762, SUCCESS, logIndex=4155, commits[a9cb8897-0d38-4c59-817a-d67a8ba30c67:c4156, 41e21bac-56c9-465a-a1cc-bc71b3ab473c:c4154, 2bfdf505-3a1f-44eb-9843-3820b2477da1:c4154]
2019-09-05 19:10:51,940 [grpc-default-executor-3] INFO  client.GrpcClientProtocolClient (GrpcClientProtocolClient.java:onNext(255)) - client-729EAB8E4297->a9cb8897-0d38-4c59-817a-d67a8ba30c67: receive RaftClientReply:client-729EAB8E4297->a9cb8897-0d38-4c59-817a-d67a8ba30c67@group-A55F67FDC954, cid=2763, SUCCESS, logIndex=4156, commits[a9cb8897-0d38-4c59-817a-d67a8ba30c67:c4156, 41e21bac-56c9-465a-a1cc-bc71b3ab473c:c4154, 2bfdf505-3a1f-44eb-9843-3820b2477da1:c4154]
2019-09-05 19:10:51,954 [grpc-default-executor-0] INFO  client.GrpcClientProtocolClient (GrpcClientProtocolClient.java:onNext(255)) - client-729EAB8E4297->a9cb8897-0d38-4c59-817a-d67a8ba30c67: receive RaftClientReply:client-729EAB8E4297->a9cb8897-0d38-4c59-817a-d67a8ba30c67@group-A55F67FDC954, cid=2764, SUCCESS, logIndex=4159, commits[a9cb8897-0d38-4c59-817a-d67a8ba30c67:c4159, 41e21bac-56c9-465a-a1cc-bc71b3ab473c:c4156, 2bfdf505-3a1f-44eb-9843-3820b2477da1:c4155]
2019-09-05 19:10:51,954 [grpc-default-executor-0] INFO  client.GrpcClientProtocolClient (GrpcClientProtocolClient.java:onNext(255)) - client-729EAB8E4297->a9cb8897-0d38-4c59-817a-d67a8ba30c67: receive RaftClientReply:client-729EAB8E4297->a9cb8897-0d38-4c59-817a-d67a8ba30c67@group-A55F67FDC954, cid=2765, SUCCESS, logIndex=4160, commits[a9cb8897-0d38-4c59-817a-d67a8ba30c67:c4160, 41e21bac-56c9-465a-a1cc-bc71b3ab473c:c4156, 2bfdf505-3a1f-44eb-9843-3820b2477da1:c4156]
2019-09-05 19:10:51,968 [grpc-default-executor-0] INFO  client.GrpcClientProtocolClient (GrpcClientProtocolClient.java:onNext(255)) - client-729EAB8E4297->a9cb8897-0d38-4c59-817a-d67a8ba30c67: receive RaftClientReply:client-729EAB8E4297->a9cb8897-0d38-4c59-817a-d67a8ba30c67@group-A55F67FDC954, cid=2766, SUCCESS, logIndex=0, commits[a9cb8897-0d38-4c59-817a-d67a8ba30c67:c4162, 41e21bac-56c9-465a-a1cc-bc71b3ab473c:c4160, 2bfdf505-3a1f-44eb-9843-3820b2477da1:c4160]
2019-09-05 19:10:51,994 [grpc-default-executor-2] INFO  client.GrpcClientProtocolClient (GrpcClientProtocolClient.java:onNext(255)) - client-729EAB8E4297->a9cb8897-0d38-4c59-817a-d67a8ba30c67: receive RaftClientReply:client-729EAB8E4297->a9cb8897-0d38-4c59-817a-d67a8ba30c67@group-A55F67FDC954, cid=2767, SUCCESS, logIndex=4163, commits[a9cb8897-0d38-4c59-817a-d67a8ba30c67:c4164, 41e21bac-56c9-465a-a1cc-bc71b3ab473c:c4162, 2bfdf505-3a1f-44eb-9843-3820b2477da1:c4162]
2019-09-05 19:10:51,994 [grpc-default-executor-2] INFO  client.GrpcClientProtocolClient (GrpcClientProtocolClient.java:onNext(255)) - client-729EAB8E4297->a9cb8897-0d38-4c59-817a-d67a8ba30c67: receive RaftClientReply:client-729EAB8E4297->a9cb8897-0d38-4c59-817a-d67a8ba30c67@group-A55F67FDC954, cid=2768, SUCCESS, logIndex=4164, commits[a9cb8897-0d38-4c59-817a-d67a8ba30c67:c4164, 41e21bac-56c9-465a-a1cc-bc71b3ab473c:c4162, 2bfdf505-3a1f-44eb-9843-3820b2477da1:c4162]
2019-09-05 19:10:51,995 [grpc-default-executor-0] INFO  client.GrpcClientProtocolClient (GrpcClientProtocolClient.java:onNext(255)) - client-729EAB8E4297->a9cb8897-0d38-4c59-817a-d67a8ba30c67: receive RaftClientReply:client-729EAB8E4297->a9cb8897-0d38-4c59-817a-d67a8ba30c67@group-A55F67FDC954, cid=2769, SUCCESS, logIndex=4165, commits[a9cb8897-0d38-4c59-817a-d67a8ba30c67:c4166, 41e21bac-56c9-465a-a1cc-bc71b3ab473c:c4162, 2bfdf505-3a1f-44eb-9843-3820b2477da1:c4162]
2019-09-05 19:10:51,995 [grpc-default-executor-0] INFO  client.GrpcClientProtocolClient (GrpcClientProtocolClient.java:onNext(255)) - client-729EAB8E4297->a9cb8897-0d38-4c59-817a-d67a8ba30c67: receive RaftClientReply:client-729EAB8E4297->a9cb8897-0d38-4c59-817a-d67a8ba30c67@group-A55F67FDC954, cid=2770, SUCCESS, logIndex=4166, commits[a9cb8897-0d38-4c59-817a-d67a8ba30c67:c4166, 41e21bac-56c9-465a-a1cc-bc71b3ab473c:c4162, 2bfdf505-3a1f-44eb-9843-3820b2477da1:c4162]
2019-09-05 19:10:52,010 [grpc-default-executor-3] INFO  client.GrpcClientProtocolClient (GrpcClientProtocolClient.java:onNext(255)) - client-729EAB8E4297->a9cb8897-0d38-4c59-817a-d67a8ba30c67: receive RaftClientReply:client-729EAB8E4297->a9cb8897-0d38-4c59-817a-d67a8ba30c67@group-A55F67FDC954, cid=2771, SUCCESS, logIndex=0, commits[a9cb8897-0d38-4c59-817a-d67a8ba30c67:c4168, 41e21bac-56c9-465a-a1cc-bc71b3ab473c:c4164, 2bfdf505-3a1f-44eb-9843-3820b2477da1:c4164]
2019-09-05 19:10:52,023 [grpc-default-executor-0] INFO  client.GrpcClientProtocolClient (GrpcClientProtocolClient.java:onNext(255)) - client-729EAB8E4297->a9cb8897-0d38-4c59-817a-d67a8ba30c67: receive RaftClientReply:client-729EAB8E4297->a9cb8897-0d38-4c59-817a-d67a8ba30c67@group-A55F67FDC954, cid=2772, SUCCESS, logIndex=4171, commits[a9cb8897-0d38-4c59-817a-d67a8ba30c67:c4172, 41e21bac-56c9-465a-a1cc-bc71b3ab473c:c4166, 2bfdf505-3a1f-44eb-9843-3820b2477da1:c4170]
2019-09-05 19:10:52,023 [grpc-default-executor-0] INFO  client.GrpcClientProtocolClient (GrpcClientProtocolClient.java:onNext(255)) - client-729EAB8E4297->a9cb8897-0d38-4c59-817a-d67a8ba30c67: receive RaftClientReply:client-729EAB8E4297->a9cb8897-0d38-4c59-817a-d67a8ba30c67@group-A55F67FDC954, cid=2773, SUCCESS, logIndex=4172, commits[a9cb8897-0d38-4c59-817a-d67a8ba30c67:c4172, 41e21bac-56c9-465a-a1cc-bc71b3ab473c:c4166, 2bfdf505-3a1f-44eb-9843-3820b2477da1:c4170]
2019-09-05 19:10:52,046 [grpc-default-executor-2] INFO  client.GrpcClientProtocolClient (GrpcClientProtocolClient.java:onNext(255)) - client-729EAB8E4297->a9cb8897-0d38-4c59-817a-d67a8ba30c67: receive RaftClientReply:client-729EAB8E4297->a9cb8897-0d38-4c59-817a-d67a8ba30c67@group-A55F67FDC954, cid=2774, SUCCESS, logIndex=4175, commits[a9cb8897-0d38-4c59-817a-d67a8ba30c67:c4176, 41e21bac-56c9-465a-a1cc-bc71b3ab473c:c4172, 2bfdf505-3a1f-44eb-9843-3820b2477da1:c4172]
2019-09-05 19:10:52,046 [grpc-default-executor-2] INFO  client.GrpcClientProtocolClient (GrpcClientProtocolClient.java:onNext(255)) - client-729EAB8E4297->a9cb8897-0d38-4c59-817a-d67a8ba30c67: receive RaftClientReply:client-729EAB8E4297->a9cb8897-0d38-4c59-817a-d67a8ba30c67@group-A55F67FDC954, cid=2775, SUCCESS, logIndex=4176, commits[a9cb8897-0d38-4c59-817a-d67a8ba30c67:c4176, 41e21bac-56c9-465a-a1cc-bc71b3ab473c:c4172, 2bfdf505-3a1f-44eb-9843-3820b2477da1:c4172]
2019-09-05 19:10:52,048 [grpc-default-executor-2] INFO  client.GrpcClientProtocolClient (GrpcClientProtocolClient.java:onNext(255)) - client-729EAB8E4297->a9cb8897-0d38-4c59-817a-d67a8ba30c67: receive RaftClientReply:client-729EAB8E4297->a9cb8897-0d38-4c59-817a-d67a8ba30c67@group-A55F67FDC954, cid=2776, SUCCESS, logIndex=0, commits[a9cb8897-0d38-4c59-817a-d67a8ba30c67:c4177, 41e21bac-56c9-465a-a1cc-bc71b3ab473c:c4176, 2bfdf505-3a1f-44eb-9843-3820b2477da1:c4176]
2019-09-05 19:10:52,074 [grpc-default-executor-2] INFO  client.GrpcClientProtocolClient (GrpcClientProtocolClient.java:onNext(255)) - client-729EAB8E4297->a9cb8897-0d38-4c59-817a-d67a8ba30c67: receive RaftClientReply:client-729EAB8E4297->a9cb8897-0d38-4c59-817a-d67a8ba30c67@group-A55F67FDC954, cid=2777, SUCCESS, logIndex=4179, commits[a9cb8897-0d38-4c59-817a-d67a8ba30c67:c4180, 41e21bac-56c9-465a-a1cc-bc71b3ab473c:c4178, 2bfdf505-3a1f-44eb-9843-3820b2477da1:c4178]
2019-09-05 19:10:52,074 [grpc-default-executor-2] INFO  client.GrpcClientProtocolClient (GrpcClientProtocolClient.java:onNext(255)) - client-729EAB8E4297->a9cb8897-0d38-4c59-817a-d67a8ba30c67: receive RaftClientReply:client-729EAB8E4297->a9cb8897-0d38-4c59-817a-d67a8ba30c67@group-A55F67FDC954, cid=2778, SUCCESS, logIndex=4180, commits[a9cb8897-0d38-4c59-817a-d67a8ba30c67:c4180, 41e21bac-56c9-465a-a1cc-bc71b3ab473c:c4178, 2bfdf505-3a1f-44eb-9843-3820b2477da1:c4178]
2019-09-05 19:10:52,084 [grpc-default-executor-3] INFO  client.GrpcClientProtocolClient (GrpcClientProtocolClient.java:onNext(255)) - client-729EAB8E4297->a9cb8897-0d38-4c59-817a-d67a8ba30c67: receive RaftClientReply:client-729EAB8E4297->a9cb8897-0d38-4c59-817a-d67a8ba30c67@group-A55F67FDC954, cid=2779, SUCCESS, logIndex=4181, commits[a9cb8897-0d38-4c59-817a-d67a8ba30c67:c4182, 41e21bac-56c9-465a-a1cc-bc71b3ab473c:c4178, 2bfdf505-3a1f-44eb-9843-3820b2477da1:c4178]
2019-09-05 19:10:52,084 [grpc-default-executor-3] INFO  client.GrpcClientProtocolClient (GrpcClientProtocolClient.java:onNext(255)) - client-729EAB8E4297->a9cb8897-0d38-4c59-817a-d67a8ba30c67: receive RaftClientReply:client-729EAB8E4297->a9cb8897-0d38-4c59-817a-d67a8ba30c67@group-A55F67FDC954, cid=2780, SUCCESS, logIndex=4182, commits[a9cb8897-0d38-4c59-817a-d67a8ba30c67:c4182, 41e21bac-56c9-465a-a1cc-bc71b3ab473c:c4178, 2bfdf505-3a1f-44eb-9843-3820b2477da1:c4178]
2019-09-05 19:10:52,098 [grpc-default-executor-3] INFO  client.GrpcClientProtocolClient (GrpcClientProtocolClient.java:onNext(255)) - client-729EAB8E4297->a9cb8897-0d38-4c59-817a-d67a8ba30c67: receive RaftClientReply:client-729EAB8E4297->a9cb8897-0d38-4c59-817a-d67a8ba30c67@group-A55F67FDC954, cid=2781, SUCCESS, logIndex=0, commits[a9cb8897-0d38-4c59-817a-d67a8ba30c67:c4185, 41e21bac-56c9-465a-a1cc-bc71b3ab473c:c4182, 2bfdf505-3a1f-44eb-9843-3820b2477da1:c4180]
2019-09-05 19:10:52,117 [grpc-default-executor-0] INFO  client.GrpcClientProtocolClient (GrpcClientProtocolClient.java:onNext(255)) - client-729EAB8E4297->a9cb8897-0d38-4c59-817a-d67a8ba30c67: receive RaftClientReply:client-729EAB8E4297->a9cb8897-0d38-4c59-817a-d67a8ba30c67@group-A55F67FDC954, cid=2782, SUCCESS, logIndex=4186, commits[a9cb8897-0d38-4c59-817a-d67a8ba30c67:c4187, 41e21bac-56c9-465a-a1cc-bc71b3ab473c:c4185, 2bfdf505-3a1f-44eb-9843-3820b2477da1:c4185]
2019-09-05 19:10:52,117 [grpc-default-executor-0] INFO  client.GrpcClientProtocolClient (GrpcClientProtocolClient.java:onNext(255)) - client-729EAB8E4297->a9cb8897-0d38-4c59-817a-d67a8ba30c67: receive RaftClientReply:client-729EAB8E4297->a9cb8897-0d38-4c59-817a-d67a8ba30c67@group-A55F67FDC954, cid=2783, SUCCESS, logIndex=4187, commits[a9cb8897-0d38-4c59-817a-d67a8ba30c67:c4187, 41e21bac-56c9-465a-a1cc-bc71b3ab473c:c4185, 2bfdf505-3a1f-44eb-9843-3820b2477da1:c4185]
2019-09-05 19:10:52,127 [grpc-default-executor-2] INFO  client.GrpcClientProtocolClient (GrpcClientProtocolClient.java:onNext(255)) - client-729EAB8E4297->a9cb8897-0d38-4c59-817a-d67a8ba30c67: receive RaftClientReply:client-729EAB8E4297->a9cb8897-0d38-4c59-817a-d67a8ba30c67@group-A55F67FDC954, cid=2784, SUCCESS, logIndex=4190, commits[a9cb8897-0d38-4c59-817a-d67a8ba30c67:c4191, 41e21bac-56c9-465a-a1cc-bc71b3ab473c:c4188, 2bfdf505-3a1f-44eb-9843-3820b2477da1:c4187]
2019-09-05 19:10:52,127 [grpc-default-executor-2] INFO  client.GrpcClientProtocolClient (GrpcClientProtocolClient.java:onNext(255)) - client-729EAB8E4297->a9cb8897-0d38-4c59-817a-d67a8ba30c67: receive RaftClientReply:client-729EAB8E4297->a9cb8897-0d38-4c59-817a-d67a8ba30c67@group-A55F67FDC954, cid=2785, SUCCESS, logIndex=4191, commits[a9cb8897-0d38-4c59-817a-d67a8ba30c67:c4191, 41e21bac-56c9-465a-a1cc-bc71b3ab473c:c4188, 2bfdf505-3a1f-44eb-9843-3820b2477da1:c4188]
2019-09-05 19:10:52,129 [grpc-default-executor-2] INFO  client.GrpcClientProtocolClient (GrpcClientProtocolClient.java:onNext(255)) - client-729EAB8E4297->a9cb8897-0d38-4c59-817a-d67a8ba30c67: receive RaftClientReply:client-729EAB8E4297->a9cb8897-0d38-4c59-817a-d67a8ba30c67@group-A55F67FDC954, cid=2786, SUCCESS, logIndex=0, commits[a9cb8897-0d38-4c59-817a-d67a8ba30c67:c4192, 41e21bac-56c9-465a-a1cc-bc71b3ab473c:c4191, 2bfdf505-3a1f-44eb-9843-3820b2477da1:c4191]
2019-09-05 19:10:52,151 [grpc-default-executor-3] INFO  client.GrpcClientProtocolClient (GrpcClientProtocolClient.java:onNext(255)) - client-729EAB8E4297->a9cb8897-0d38-4c59-817a-d67a8ba30c67: receive RaftClientReply:client-729EAB8E4297->a9cb8897-0d38-4c59-817a-d67a8ba30c67@group-A55F67FDC954, cid=2787, SUCCESS, logIndex=4194, commits[a9cb8897-0d38-4c59-817a-d67a8ba30c67:c4195, 41e21bac-56c9-465a-a1cc-bc71b3ab473c:c4193, 2bfdf505-3a1f-44eb-9843-3820b2477da1:c4193]
2019-09-05 19:10:52,151 [grpc-default-executor-3] INFO  client.GrpcClientProtocolClient (GrpcClientProtocolClient.java:onNext(255)) - client-729EAB8E4297->a9cb8897-0d38-4c59-817a-d67a8ba30c67: receive RaftClientReply:client-729EAB8E4297->a9cb8897-0d38-4c59-817a-d67a8ba30c67@group-A55F67FDC954, cid=2788, SUCCESS, logIndex=4195, commits[a9cb8897-0d38-4c59-817a-d67a8ba30c67:c4195, 41e21bac-56c9-465a-a1cc-bc71b3ab473c:c4193, 2bfdf505-3a1f-44eb-9843-3820b2477da1:c4193]
2019-09-05 19:10:52,152 [grpc-default-executor-0] INFO  client.GrpcClientProtocolClient (GrpcClientProtocolClient.java:onNext(255)) - client-729EAB8E4297->a9cb8897-0d38-4c59-817a-d67a8ba30c67: receive RaftClientReply:client-729EAB8E4297->a9cb8897-0d38-4c59-817a-d67a8ba30c67@group-A55F67FDC954, cid=2789, SUCCESS, logIndex=4196, commits[a9cb8897-0d38-4c59-817a-d67a8ba30c67:c4197, 41e21bac-56c9-465a-a1cc-bc71b3ab473c:c4193, 2bfdf505-3a1f-44eb-9843-3820b2477da1:c4193]
2019-09-05 19:10:52,152 [grpc-default-executor-0] INFO  client.GrpcClientProtocolClient (GrpcClientProtocolClient.java:onNext(255)) - client-729EAB8E4297->a9cb8897-0d38-4c59-817a-d67a8ba30c67: receive RaftClientReply:client-729EAB8E4297->a9cb8897-0d38-4c59-817a-d67a8ba30c67@group-A55F67FDC954, cid=2790, SUCCESS, logIndex=4197, commits[a9cb8897-0d38-4c59-817a-d67a8ba30c67:c4197, 41e21bac-56c9-465a-a1cc-bc71b3ab473c:c4193, 2bfdf505-3a1f-44eb-9843-3820b2477da1:c4193]
2019-09-05 19:10:52,156 [grpc-default-executor-0] INFO  client.GrpcClientProtocolClient (GrpcClientProtocolClient.java:onNext(255)) - client-729EAB8E4297->a9cb8897-0d38-4c59-817a-d67a8ba30c67: receive RaftClientReply:client-729EAB8E4297->a9cb8897-0d38-4c59-817a-d67a8ba30c67@group-A55F67FDC954, cid=2791, SUCCESS, logIndex=0, commits[a9cb8897-0d38-4c59-817a-d67a8ba30c67:c4199, 41e21bac-56c9-465a-a1cc-bc71b3ab473c:c4195, 2bfdf505-3a1f-44eb-9843-3820b2477da1:c4195]
2019-09-05 19:10:52,166 [grpc-default-executor-3] INFO  client.GrpcClientProtocolClient (GrpcClientProtocolClient.java:onNext(255)) - client-729EAB8E4297->a9cb8897-0d38-4c59-817a-d67a8ba30c67: receive RaftClientReply:client-729EAB8E4297->a9cb8897-0d38-4c59-817a-d67a8ba30c67@group-A55F67FDC954, cid=2792, SUCCESS, logIndex=4202, commits[a9cb8897-0d38-4c59-817a-d67a8ba30c67:c4203, 41e21bac-56c9-465a-a1cc-bc71b3ab473c:c4197, 2bfdf505-3a1f-44eb-9843-3820b2477da1:c4201]
2019-09-05 19:10:52,166 [grpc-default-executor-3] INFO  client.GrpcClientProtocolClient (GrpcClientProtocolClient.java:onNext(255)) - client-729EAB8E4297->a9cb8897-0d38-4c59-817a-d67a8ba30c67: receive RaftClientReply:client-729EAB8E4297->a9cb8897-0d38-4c59-817a-d67a8ba30c67@group-A55F67FDC954, cid=2793, SUCCESS, logIndex=4203, commits[a9cb8897-0d38-4c59-817a-d67a8ba30c67:c4203, 41e21bac-56c9-465a-a1cc-bc71b3ab473c:c4201, 2bfdf505-3a1f-44eb-9843-3820b2477da1:c4201]
2019-09-05 19:10:52,207 [grpc-default-executor-3] INFO  client.GrpcClientProtocolClient (GrpcClientProtocolClient.java:onNext(255)) - client-729EAB8E4297->a9cb8897-0d38-4c59-817a-d67a8ba30c67: receive RaftClientReply:client-729EAB8E4297->a9cb8897-0d38-4c59-817a-d67a8ba30c67@group-A55F67FDC954, cid=2794, SUCCESS, logIndex=4206, commits[a9cb8897-0d38-4c59-817a-d67a8ba30c67:c4207, 41e21bac-56c9-465a-a1cc-bc71b3ab473c:c4205, 2bfdf505-3a1f-44eb-9843-3820b2477da1:c4205]
2019-09-05 19:10:52,207 [grpc-default-executor-3] INFO  client.GrpcClientProtocolClient (GrpcClientProtocolClient.java:onNext(255)) - client-729EAB8E4297->a9cb8897-0d38-4c59-817a-d67a8ba30c67: receive RaftClientReply:client-729EAB8E4297->a9cb8897-0d38-4c59-817a-d67a8ba30c67@group-A55F67FDC954, cid=2795, SUCCESS, logIndex=4207, commits[a9cb8897-0d38-4c59-817a-d67a8ba30c67:c4207, 41e21bac-56c9-465a-a1cc-bc71b3ab473c:c4205, 2bfdf505-3a1f-44eb-9843-3820b2477da1:c4205]
2019-09-05 19:10:52,219 [grpc-default-executor-3] INFO  client.GrpcClientProtocolClient (GrpcClientProtocolClient.java:onNext(255)) - client-729EAB8E4297->a9cb8897-0d38-4c59-817a-d67a8ba30c67: receive RaftClientReply:client-729EAB8E4297->a9cb8897-0d38-4c59-817a-d67a8ba30c67@group-A55F67FDC954, cid=2796, SUCCESS, logIndex=0, commits[a9cb8897-0d38-4c59-817a-d67a8ba30c67:c4208, 41e21bac-56c9-465a-a1cc-bc71b3ab473c:c4207, 2bfdf505-3a1f-44eb-9843-3820b2477da1:c4207]
2019-09-05 19:10:52,251 [grpc-default-executor-1] INFO  client.GrpcClientProtocolClient (GrpcClientProtocolClient.java:onNext(255)) - client-729EAB8E4297->a9cb8897-0d38-4c59-817a-d67a8ba30c67: receive RaftClientReply:client-729EAB8E4297->a9cb8897-0d38-4c59-817a-d67a8ba30c67@group-A55F67FDC954, cid=2797, SUCCESS, logIndex=4210, commits[a9cb8897-0d38-4c59-817a-d67a8ba30c67:c4211, 41e21bac-56c9-465a-a1cc-bc71b3ab473c:c4209, 2bfdf505-3a1f-44eb-9843-3820b2477da1:c4209]
2019-09-05 19:10:52,251 [grpc-default-executor-3] INFO  client.GrpcClientProtocolClient (GrpcClientProtocolClient.java:onNext(255)) - client-729EAB8E4297->a9cb8897-0d38-4c59-817a-d67a8ba30c67: receive RaftClientReply:client-729EAB8E4297->a9cb8897-0d38-4c59-817a-d67a8ba30c67@group-A55F67FDC954, cid=2798, SUCCESS, logIndex=4211, commits[a9cb8897-0d38-4c59-817a-d67a8ba30c67:c4211, 41e21bac-56c9-465a-a1cc-bc71b3ab473c:c4209, 2bfdf505-3a1f-44eb-9843-3820b2477da1:c4209]
2019-09-05 19:10:52,263 [grpc-default-executor-1] INFO  client.GrpcClientProtocolClient (GrpcClientProtocolClient.java:onNext(255)) - client-729EAB8E4297->a9cb8897-0d38-4c59-817a-d67a8ba30c67: receive RaftClientReply:client-729EAB8E4297->a9cb8897-0d38-4c59-817a-d67a8ba30c67@group-A55F67FDC954, cid=2799, SUCCESS, logIndex=4212, commits[a9cb8897-0d38-4c59-817a-d67a8ba30c67:c4212, 41e21bac-56c9-465a-a1cc-bc71b3ab473c:c4209, 2bfdf505-3a1f-44eb-9843-3820b2477da1:c4209]
2019-09-05 19:10:52,264 [grpc-default-executor-1] INFO  client.GrpcClientProtocolClient (GrpcClientProtocolClient.java:onNext(255)) - client-729EAB8E4297->a9cb8897-0d38-4c59-817a-d67a8ba30c67: receive RaftClientReply:client-729EAB8E4297->a9cb8897-0d38-4c59-817a-d67a8ba30c67@group-A55F67FDC954, cid=2800, SUCCESS, logIndex=4213, commits[a9cb8897-0d38-4c59-817a-d67a8ba30c67:c4213, 41e21bac-56c9-465a-a1cc-bc71b3ab473c:c4209, 2bfdf505-3a1f-44eb-9843-3820b2477da1:c4209]
2019-09-05 19:10:52,293 [grpc-default-executor-1] INFO  client.GrpcClientProtocolClient (GrpcClientProtocolClient.java:onNext(255)) - client-729EAB8E4297->a9cb8897-0d38-4c59-817a-d67a8ba30c67: receive RaftClientReply:client-729EAB8E4297->a9cb8897-0d38-4c59-817a-d67a8ba30c67@group-A55F67FDC954, cid=2801, SUCCESS, logIndex=0, commits[a9cb8897-0d38-4c59-817a-d67a8ba30c67:c4215, 41e21bac-56c9-465a-a1cc-bc71b3ab473c:c4211, 2bfdf505-3a1f-44eb-9843-3820b2477da1:c4211]
2019-09-05 19:10:52,318 [grpc-default-executor-1] INFO  client.GrpcClientProtocolClient (GrpcClientProtocolClient.java:onNext(255)) - client-729EAB8E4297->a9cb8897-0d38-4c59-817a-d67a8ba30c67: receive RaftClientReply:client-729EAB8E4297->a9cb8897-0d38-4c59-817a-d67a8ba30c67@group-A55F67FDC954, cid=2802, SUCCESS, logIndex=4218, commits[a9cb8897-0d38-4c59-817a-d67a8ba30c67:c4219, 41e21bac-56c9-465a-a1cc-bc71b3ab473c:c4215, 2bfdf505-3a1f-44eb-9843-3820b2477da1:c4215]
2019-09-05 19:10:52,319 [grpc-default-executor-1] INFO  client.GrpcClientProtocolClient (GrpcClientProtocolClient.java:onNext(255)) - client-729EAB8E4297->a9cb8897-0d38-4c59-817a-d67a8ba30c67: receive RaftClientReply:client-729EAB8E4297->a9cb8897-0d38-4c59-817a-d67a8ba30c67@group-A55F67FDC954, cid=2803, SUCCESS, logIndex=4219, commits[a9cb8897-0d38-4c59-817a-d67a8ba30c67:c4219, 41e21bac-56c9-465a-a1cc-bc71b3ab473c:c4215, 2bfdf505-3a1f-44eb-9843-3820b2477da1:c4215]
2019-09-05 19:10:52,345 [grpc-default-executor-0] INFO  client.GrpcClientProtocolClient (GrpcClientProtocolClient.java:onNext(255)) - client-729EAB8E4297->a9cb8897-0d38-4c59-817a-d67a8ba30c67: receive RaftClientReply:client-729EAB8E4297->a9cb8897-0d38-4c59-817a-d67a8ba30c67@group-A55F67FDC954, cid=2804, SUCCESS, logIndex=4222, commits[a9cb8897-0d38-4c59-817a-d67a8ba30c67:c4223, 41e21bac-56c9-465a-a1cc-bc71b3ab473c:c4219, 2bfdf505-3a1f-44eb-9843-3820b2477da1:c4219]
2019-09-05 19:10:52,345 [grpc-default-executor-0] INFO  client.GrpcClientProtocolClient (GrpcClientProtocolClient.java:onNext(255)) - client-729EAB8E4297->a9cb8897-0d38-4c59-817a-d67a8ba30c67: receive RaftClientReply:client-729EAB8E4297->a9cb8897-0d38-4c59-817a-d67a8ba30c67@group-A55F67FDC954, cid=2805, SUCCESS, logIndex=4223, commits[a9cb8897-0d38-4c59-817a-d67a8ba30c67:c4223, 41e21bac-56c9-465a-a1cc-bc71b3ab473c:c4219, 2bfdf505-3a1f-44eb-9843-3820b2477da1:c4219]
 0.00% |█                                                                                                    |  0/1 Time: 0:00:262019-09-05 19:10:52,364 [grpc-default-executor-0] INFO  client.GrpcClientProtocolClient (GrpcClientProtocolClient.java:onNext(255)) - client-729EAB8E4297->a9cb8897-0d38-4c59-817a-d67a8ba30c67: receive RaftClientReply:client-729EAB8E4297->a9cb8897-0d38-4c59-817a-d67a8ba30c67@group-A55F67FDC954, cid=2806, SUCCESS, logIndex=0, commits[a9cb8897-0d38-4c59-817a-d67a8ba30c67:c4224, 41e21bac-56c9-465a-a1cc-bc71b3ab473c:c4223, 2bfdf505-3a1f-44eb-9843-3820b2477da1:c4223]
2019-09-05 19:10:52,394 [grpc-default-executor-0] INFO  client.GrpcClientProtocolClient (GrpcClientProtocolClient.java:onNext(255)) - client-729EAB8E4297->a9cb8897-0d38-4c59-817a-d67a8ba30c67: receive RaftClientReply:client-729EAB8E4297->a9cb8897-0d38-4c59-817a-d67a8ba30c67@group-A55F67FDC954, cid=2807, SUCCESS, logIndex=4226, commits[a9cb8897-0d38-4c59-817a-d67a8ba30c67:c4227, 41e21bac-56c9-465a-a1cc-bc71b3ab473c:c4225, 2bfdf505-3a1f-44eb-9843-3820b2477da1:c4223]
2019-09-05 19:10:52,395 [grpc-default-executor-0] INFO  client.GrpcClientProtocolClient (GrpcClientProtocolClient.java:onNext(255)) - client-729EAB8E4297->a9cb8897-0d38-4c59-817a-d67a8ba30c67: receive RaftClientReply:client-729EAB8E4297->a9cb8897-0d38-4c59-817a-d67a8ba30c67@group-A55F67FDC954, cid=2808, SUCCESS, logIndex=4227, commits[a9cb8897-0d38-4c59-817a-d67a8ba30c67:c4227, 41e21bac-56c9-465a-a1cc-bc71b3ab473c:c4225, 2bfdf505-3a1f-44eb-9843-3820b2477da1:c4225]
2019-09-05 19:10:52,395 [grpc-default-executor-0] INFO  client.GrpcClientProtocolClient (GrpcClientProtocolClient.java:onNext(255)) - client-729EAB8E4297->a9cb8897-0d38-4c59-817a-d67a8ba30c67: receive RaftClientReply:client-729EAB8E4297->a9cb8897-0d38-4c59-817a-d67a8ba30c67@group-A55F67FDC954, cid=2809, SUCCESS, logIndex=4228, commits[a9cb8897-0d38-4c59-817a-d67a8ba30c67:c4229, 41e21bac-56c9-465a-a1cc-bc71b3ab473c:c4225, 2bfdf505-3a1f-44eb-9843-3820b2477da1:c4225]
2019-09-05 19:10:52,395 [grpc-default-executor-0] INFO  client.GrpcClientProtocolClient (GrpcClientProtocolClient.java:onNext(255)) - client-729EAB8E4297->a9cb8897-0d38-4c59-817a-d67a8ba30c67: receive RaftClientReply:client-729EAB8E4297->a9cb8897-0d38-4c59-817a-d67a8ba30c67@group-A55F67FDC954, cid=2810, SUCCESS, logIndex=4229, commits[a9cb8897-0d38-4c59-817a-d67a8ba30c67:c4229, 41e21bac-56c9-465a-a1cc-bc71b3ab473c:c4225, 2bfdf505-3a1f-44eb-9843-3820b2477da1:c4225]
2019-09-05 19:10:52,399 [grpc-default-executor-0] INFO  client.GrpcClientProtocolClient (GrpcClientProtocolClient.java:onNext(255)) - client-729EAB8E4297->a9cb8897-0d38-4c59-817a-d67a8ba30c67: receive RaftClientReply:client-729EAB8E4297->a9cb8897-0d38-4c59-817a-d67a8ba30c67@group-A55F67FDC954, cid=2811, SUCCESS, logIndex=0, commits[a9cb8897-0d38-4c59-817a-d67a8ba30c67:c4231, 41e21bac-56c9-465a-a1cc-bc71b3ab473c:c4227, 2bfdf505-3a1f-44eb-9843-3820b2477da1:c4227]
2019-09-05 19:10:52,522 [grpc-default-executor-1] INFO  client.GrpcClientProtocolClient (GrpcClientProtocolClient.java:onNext(255)) - client-729EAB8E4297->a9cb8897-0d38-4c59-817a-d67a8ba30c67: receive RaftClientReply:client-729EAB8E4297->a9cb8897-0d38-4c59-817a-d67a8ba30c67@group-A55F67FDC954, cid=2812, SUCCESS, logIndex=4234, commits[a9cb8897-0d38-4c59-817a-d67a8ba30c67:c4235, 41e21bac-56c9-465a-a1cc-bc71b3ab473c:c4233, 2bfdf505-3a1f-44eb-9843-3820b2477da1:c4233]
2019-09-05 19:10:52,522 [grpc-default-executor-1] INFO  client.GrpcClientProtocolClient (GrpcClientProtocolClient.java:onNext(255)) - client-729EAB8E4297->a9cb8897-0d38-4c59-817a-d67a8ba30c67: receive RaftClientReply:client-729EAB8E4297->a9cb8897-0d38-4c59-817a-d67a8ba30c67@group-A55F67FDC954, cid=2813, SUCCESS, logIndex=4235, commits[a9cb8897-0d38-4c59-817a-d67a8ba30c67:c4235, 41e21bac-56c9-465a-a1cc-bc71b3ab473c:c4233, 2bfdf505-3a1f-44eb-9843-3820b2477da1:c4233]
2019-09-05 19:10:52,537 [grpc-default-executor-1] INFO  client.GrpcClientProtocolClient (GrpcClientProtocolClient.java:onNext(255)) - client-729EAB8E4297->a9cb8897-0d38-4c59-817a-d67a8ba30c67: receive RaftClientReply:client-729EAB8E4297->a9cb8897-0d38-4c59-817a-d67a8ba30c67@group-A55F67FDC954, cid=2814, SUCCESS, logIndex=4238, commits[a9cb8897-0d38-4c59-817a-d67a8ba30c67:c4239, 41e21bac-56c9-465a-a1cc-bc71b3ab473c:c4235, 2bfdf505-3a1f-44eb-9843-3820b2477da1:c4235]
2019-09-05 19:10:52,537 [grpc-default-executor-1] INFO  client.GrpcClientProtocolClient (GrpcClientProtocolClient.java:onNext(255)) - client-729EAB8E4297->a9cb8897-0d38-4c59-817a-d67a8ba30c67: receive RaftClientReply:client-729EAB8E4297->a9cb8897-0d38-4c59-817a-d67a8ba30c67@group-A55F67FDC954, cid=2815, SUCCESS, logIndex=4239, commits[a9cb8897-0d38-4c59-817a-d67a8ba30c67:c4239, 41e21bac-56c9-465a-a1cc-bc71b3ab473c:c4235, 2bfdf505-3a1f-44eb-9843-3820b2477da1:c4235]
2019-09-05 19:10:52,550 [grpc-default-executor-0] INFO  client.GrpcClientProtocolClient (GrpcClientProtocolClient.java:onNext(255)) - client-729EAB8E4297->a9cb8897-0d38-4c59-817a-d67a8ba30c67: receive RaftClientReply:client-729EAB8E4297->a9cb8897-0d38-4c59-817a-d67a8ba30c67@group-A55F67FDC954, cid=2816, SUCCESS, logIndex=0, commits[a9cb8897-0d38-4c59-817a-d67a8ba30c67:c4240, 41e21bac-56c9-465a-a1cc-bc71b3ab473c:c4239, 2bfdf505-3a1f-44eb-9843-3820b2477da1:c4239]
2019-09-05 19:10:52,581 [grpc-default-executor-1] INFO  client.GrpcClientProtocolClient (GrpcClientProtocolClient.java:onNext(255)) - client-729EAB8E4297->a9cb8897-0d38-4c59-817a-d67a8ba30c67: receive RaftClientReply:client-729EAB8E4297->a9cb8897-0d38-4c59-817a-d67a8ba30c67@group-A55F67FDC954, cid=2817, SUCCESS, logIndex=4242, commits[a9cb8897-0d38-4c59-817a-d67a8ba30c67:c4243, 41e21bac-56c9-465a-a1cc-bc71b3ab473c:c4241, 2bfdf505-3a1f-44eb-9843-3820b2477da1:c4241]
2019-09-05 19:10:52,581 [grpc-default-executor-1] INFO  client.GrpcClientProtocolClient (GrpcClientProtocolClient.java:onNext(255)) - client-729EAB8E4297->a9cb8897-0d38-4c59-817a-d67a8ba30c67: receive RaftClientReply:client-729EAB8E4297->a9cb8897-0d38-4c59-817a-d67a8ba30c67@group-A55F67FDC954, cid=2818, SUCCESS, logIndex=4243, commits[a9cb8897-0d38-4c59-817a-d67a8ba30c67:c4243, 41e21bac-56c9-465a-a1cc-bc71b3ab473c:c4241, 2bfdf505-3a1f-44eb-9843-3820b2477da1:c4241]
2019-09-05 19:10:52,593 [grpc-default-executor-2] INFO  client.GrpcClientProtocolClient (GrpcClientProtocolClient.java:onNext(255)) - client-729EAB8E4297->a9cb8897-0d38-4c59-817a-d67a8ba30c67: receive RaftClientReply:client-729EAB8E4297->a9cb8897-0d38-4c59-817a-d67a8ba30c67@group-A55F67FDC954, cid=2819, SUCCESS, logIndex=4244, commits[a9cb8897-0d38-4c59-817a-d67a8ba30c67:c4245, 41e21bac-56c9-465a-a1cc-bc71b3ab473c:c4241, 2bfdf505-3a1f-44eb-9843-3820b2477da1:c4241]
2019-09-05 19:10:52,594 [grpc-default-executor-2] INFO  client.GrpcClientProtocolClient (GrpcClientProtocolClient.java:onNext(255)) - client-729EAB8E4297->a9cb8897-0d38-4c59-817a-d67a8ba30c67: receive RaftClientReply:client-729EAB8E4297->a9cb8897-0d38-4c59-817a-d67a8ba30c67@group-A55F67FDC954, cid=2820, SUCCESS, logIndex=4245, commits[a9cb8897-0d38-4c59-817a-d67a8ba30c67:c4245, 41e21bac-56c9-465a-a1cc-bc71b3ab473c:c4241, 2bfdf505-3a1f-44eb-9843-3820b2477da1:c4241]
2019-09-05 19:10:52,606 [grpc-default-executor-2] INFO  client.GrpcClientProtocolClient (GrpcClientProtocolClient.java:onNext(255)) - client-729EAB8E4297->a9cb8897-0d38-4c59-817a-d67a8ba30c67: receive RaftClientReply:client-729EAB8E4297->a9cb8897-0d38-4c59-817a-d67a8ba30c67@group-A55F67FDC954, cid=2821, SUCCESS, logIndex=0, commits[a9cb8897-0d38-4c59-817a-d67a8ba30c67:c4245, 41e21bac-56c9-465a-a1cc-bc71b3ab473c:c4243, 2bfdf505-3a1f-44eb-9843-3820b2477da1:c4243]
2019-09-05 19:10:52,630 [grpc-default-executor-2] INFO  client.GrpcClientProtocolClient (GrpcClientProtocolClient.java:onNext(255)) - client-729EAB8E4297->a9cb8897-0d38-4c59-817a-d67a8ba30c67: receive RaftClientReply:client-729EAB8E4297->a9cb8897-0d38-4c59-817a-d67a8ba30c67@group-A55F67FDC954, cid=2822, SUCCESS, logIndex=4250, commits[a9cb8897-0d38-4c59-817a-d67a8ba30c67:c4251, 41e21bac-56c9-465a-a1cc-bc71b3ab473c:c4247, 2bfdf505-3a1f-44eb-9843-3820b2477da1:c4247]
2019-09-05 19:10:52,630 [grpc-default-executor-2] INFO  client.GrpcClientProtocolClient (GrpcClientProtocolClient.java:onNext(255)) - client-729EAB8E4297->a9cb8897-0d38-4c59-817a-d67a8ba30c67: receive RaftClientReply:client-729EAB8E4297->a9cb8897-0d38-4c59-817a-d67a8ba30c67@group-A55F67FDC954, cid=2823, SUCCESS, logIndex=4251, commits[a9cb8897-0d38-4c59-817a-d67a8ba30c67:c4251, 41e21bac-56c9-465a-a1cc-bc71b3ab473c:c4247, 2bfdf505-3a1f-44eb-9843-3820b2477da1:c4247]
2019-09-05 19:10:52,654 [grpc-default-executor-2] INFO  client.GrpcClientProtocolClient (GrpcClientProtocolClient.java:onNext(255)) - client-729EAB8E4297->a9cb8897-0d38-4c59-817a-d67a8ba30c67: receive RaftClientReply:client-729EAB8E4297->a9cb8897-0d38-4c59-817a-d67a8ba30c67@group-A55F67FDC954, cid=2824, SUCCESS, logIndex=4254, commits[a9cb8897-0d38-4c59-817a-d67a8ba30c67:c4255, 41e21bac-56c9-465a-a1cc-bc71b3ab473c:c4251, 2bfdf505-3a1f-44eb-9843-3820b2477da1:c4251]
2019-09-05 19:10:52,654 [grpc-default-executor-2] INFO  client.GrpcClientProtocolClient (GrpcClientProtocolClient.java:onNext(255)) - client-729EAB8E4297->a9cb8897-0d38-4c59-817a-d67a8ba30c67: receive RaftClientReply:client-729EAB8E4297->a9cb8897-0d38-4c59-817a-d67a8ba30c67@group-A55F67FDC954, cid=2825, SUCCESS, logIndex=4255, commits[a9cb8897-0d38-4c59-817a-d67a8ba30c67:c4255, 41e21bac-56c9-465a-a1cc-bc71b3ab473c:c4251, 2bfdf505-3a1f-44eb-9843-3820b2477da1:c4251]
2019-09-05 19:10:52,671 [grpc-default-executor-2] INFO  client.GrpcClientProtocolClient (GrpcClientProtocolClient.java:onNext(255)) - client-729EAB8E4297->a9cb8897-0d38-4c59-817a-d67a8ba30c67: receive RaftClientReply:client-729EAB8E4297->a9cb8897-0d38-4c59-817a-d67a8ba30c67@group-A55F67FDC954, cid=2826, SUCCESS, logIndex=0, commits[a9cb8897-0d38-4c59-817a-d67a8ba30c67:c4257, 41e21bac-56c9-465a-a1cc-bc71b3ab473c:c4255, 2bfdf505-3a1f-44eb-9843-3820b2477da1:c4255]
2019-09-05 19:10:52,696 [grpc-default-executor-2] INFO  client.GrpcClientProtocolClient (GrpcClientProtocolClient.java:onNext(255)) - client-729EAB8E4297->a9cb8897-0d38-4c59-817a-d67a8ba30c67: receive RaftClientReply:client-729EAB8E4297->a9cb8897-0d38-4c59-817a-d67a8ba30c67@group-A55F67FDC954, cid=2827, SUCCESS, logIndex=4258, commits[a9cb8897-0d38-4c59-817a-d67a8ba30c67:c4259, 41e21bac-56c9-465a-a1cc-bc71b3ab473c:c4257, 2bfdf505-3a1f-44eb-9843-3820b2477da1:c4257]
2019-09-05 19:10:52,697 [grpc-default-executor-2] INFO  client.GrpcClientProtocolClient (GrpcClientProtocolClient.java:onNext(255)) - client-729EAB8E4297->a9cb8897-0d38-4c59-817a-d67a8ba30c67: receive RaftClientReply:client-729EAB8E4297->a9cb8897-0d38-4c59-817a-d67a8ba30c67@group-A55F67FDC954, cid=2828, SUCCESS, logIndex=4259, commits[a9cb8897-0d38-4c59-817a-d67a8ba30c67:c4261, 41e21bac-56c9-465a-a1cc-bc71b3ab473c:c4257, 2bfdf505-3a1f-44eb-9843-3820b2477da1:c4257]
2019-09-05 19:10:52,697 [grpc-default-executor-2] INFO  client.GrpcClientProtocolClient (GrpcClientProtocolClient.java:onNext(255)) - client-729EAB8E4297->a9cb8897-0d38-4c59-817a-d67a8ba30c67: receive RaftClientReply:client-729EAB8E4297->a9cb8897-0d38-4c59-817a-d67a8ba30c67@group-A55F67FDC954, cid=2829, SUCCESS, logIndex=4260, commits[a9cb8897-0d38-4c59-817a-d67a8ba30c67:c4261, 41e21bac-56c9-465a-a1cc-bc71b3ab473c:c4257, 2bfdf505-3a1f-44eb-9843-3820b2477da1:c4257]
2019-09-05 19:10:52,697 [grpc-default-executor-2] INFO  client.GrpcClientProtocolClient (GrpcClientProtocolClient.java:onNext(255)) - client-729EAB8E4297->a9cb8897-0d38-4c59-817a-d67a8ba30c67: receive RaftClientReply:client-729EAB8E4297->a9cb8897-0d38-4c59-817a-d67a8ba30c67@group-A55F67FDC954, cid=2830, SUCCESS, logIndex=4261, commits[a9cb8897-0d38-4c59-817a-d67a8ba30c67:c4261, 41e21bac-56c9-465a-a1cc-bc71b3ab473c:c4257, 2bfdf505-3a1f-44eb-9843-3820b2477da1:c4257]
2019-09-05 19:10:52,702 [grpc-default-executor-2] INFO  client.GrpcClientProtocolClient (GrpcClientProtocolClient.java:onNext(255)) - client-729EAB8E4297->a9cb8897-0d38-4c59-817a-d67a8ba30c67: receive RaftClientReply:client-729EAB8E4297->a9cb8897-0d38-4c59-817a-d67a8ba30c67@group-A55F67FDC954, cid=2831, SUCCESS, logIndex=0, commits[a9cb8897-0d38-4c59-817a-d67a8ba30c67:c4263, 41e21bac-56c9-465a-a1cc-bc71b3ab473c:c4259, 2bfdf505-3a1f-44eb-9843-3820b2477da1:c4259]
2019-09-05 19:10:52,712 [grpc-default-executor-0] INFO  client.GrpcClientProtocolClient (GrpcClientProtocolClient.java:onNext(255)) - client-729EAB8E4297->a9cb8897-0d38-4c59-817a-d67a8ba30c67: receive RaftClientReply:client-729EAB8E4297->a9cb8897-0d38-4c59-817a-d67a8ba30c67@group-A55F67FDC954, cid=2832, SUCCESS, logIndex=4266, commits[a9cb8897-0d38-4c59-817a-d67a8ba30c67:c4267, 41e21bac-56c9-465a-a1cc-bc71b3ab473c:c4265, 2bfdf505-3a1f-44eb-9843-3820b2477da1:c4265]
2019-09-05 19:10:52,712 [grpc-default-executor-0] INFO  client.GrpcClientProtocolClient (GrpcClientProtocolClient.java:onNext(255)) - client-729EAB8E4297->a9cb8897-0d38-4c59-817a-d67a8ba30c67: receive RaftClientReply:client-729EAB8E4297->a9cb8897-0d38-4c59-817a-d67a8ba30c67@group-A55F67FDC954, cid=2833, SUCCESS, logIndex=4267, commits[a9cb8897-0d38-4c59-817a-d67a8ba30c67:c4267, 41e21bac-56c9-465a-a1cc-bc71b3ab473c:c4265, 2bfdf505-3a1f-44eb-9843-3820b2477da1:c4265]
2019-09-05 19:10:52,743 [grpc-default-executor-2] INFO  client.GrpcClientProtocolClient (GrpcClientProtocolClient.java:onNext(255)) - client-729EAB8E4297->a9cb8897-0d38-4c59-817a-d67a8ba30c67: receive RaftClientReply:client-729EAB8E4297->a9cb8897-0d38-4c59-817a-d67a8ba30c67@group-A55F67FDC954, cid=2834, SUCCESS, logIndex=4270, commits[a9cb8897-0d38-4c59-817a-d67a8ba30c67:c4271, 41e21bac-56c9-465a-a1cc-bc71b3ab473c:c4268, 2bfdf505-3a1f-44eb-9843-3820b2477da1:c4268]
2019-09-05 19:10:52,744 [grpc-default-executor-2] INFO  client.GrpcClientProtocolClient (GrpcClientProtocolClient.java:onNext(255)) - client-729EAB8E4297->a9cb8897-0d38-4c59-817a-d67a8ba30c67: receive RaftClientReply:client-729EAB8E4297->a9cb8897-0d38-4c59-817a-d67a8ba30c67@group-A55F67FDC954, cid=2835, SUCCESS, logIndex=4271, commits[a9cb8897-0d38-4c59-817a-d67a8ba30c67:c4271, 41e21bac-56c9-465a-a1cc-bc71b3ab473c:c4268, 2bfdf505-3a1f-44eb-9843-3820b2477da1:c4268]
2019-09-05 19:10:52,745 [grpc-default-executor-2] INFO  client.GrpcClientProtocolClient (GrpcClientProtocolClient.java:onNext(255)) - client-729EAB8E4297->a9cb8897-0d38-4c59-817a-d67a8ba30c67: receive RaftClientReply:client-729EAB8E4297->a9cb8897-0d38-4c59-817a-d67a8ba30c67@group-A55F67FDC954, cid=2836, SUCCESS, logIndex=0, commits[a9cb8897-0d38-4c59-817a-d67a8ba30c67:c4272, 41e21bac-56c9-465a-a1cc-bc71b3ab473c:c4271, 2bfdf505-3a1f-44eb-9843-3820b2477da1:c4271]
2019-09-05 19:10:52,773 [grpc-default-executor-2] INFO  client.GrpcClientProtocolClient (GrpcClientProtocolClient.java:onNext(255)) - client-729EAB8E4297->a9cb8897-0d38-4c59-817a-d67a8ba30c67: receive RaftClientReply:client-729EAB8E4297->a9cb8897-0d38-4c59-817a-d67a8ba30c67@group-A55F67FDC954, cid=2837, SUCCESS, logIndex=4274, commits[a9cb8897-0d38-4c59-817a-d67a8ba30c67:c4275, 41e21bac-56c9-465a-a1cc-bc71b3ab473c:c4271, 2bfdf505-3a1f-44eb-9843-3820b2477da1:c4273]
2019-09-05 19:10:52,774 [grpc-default-executor-2] INFO  client.GrpcClientProtocolClient (GrpcClientProtocolClient.java:onNext(255)) - client-729EAB8E4297->a9cb8897-0d38-4c59-817a-d67a8ba30c67: receive RaftClientReply:client-729EAB8E4297->a9cb8897-0d38-4c59-817a-d67a8ba30c67@group-A55F67FDC954, cid=2838, SUCCESS, logIndex=4275, commits[a9cb8897-0d38-4c59-817a-d67a8ba30c67:c4275, 41e21bac-56c9-465a-a1cc-bc71b3ab473c:c4273, 2bfdf505-3a1f-44eb-9843-3820b2477da1:c4273]
2019-09-05 19:10:52,785 [grpc-default-executor-2] INFO  client.GrpcClientProtocolClient (GrpcClientProtocolClient.java:onNext(255)) - client-729EAB8E4297->a9cb8897-0d38-4c59-817a-d67a8ba30c67: receive RaftClientReply:client-729EAB8E4297->a9cb8897-0d38-4c59-817a-d67a8ba30c67@group-A55F67FDC954, cid=2839, SUCCESS, logIndex=4276, commits[a9cb8897-0d38-4c59-817a-d67a8ba30c67:c4277, 41e21bac-56c9-465a-a1cc-bc71b3ab473c:c4273, 2bfdf505-3a1f-44eb-9843-3820b2477da1:c4273]
2019-09-05 19:10:52,785 [grpc-default-executor-2] INFO  client.GrpcClientProtocolClient (GrpcClientProtocolClient.java:onNext(255)) - client-729EAB8E4297->a9cb8897-0d38-4c59-817a-d67a8ba30c67: receive RaftClientReply:client-729EAB8E4297->a9cb8897-0d38-4c59-817a-d67a8ba30c67@group-A55F67FDC954, cid=2840, SUCCESS, logIndex=4277, commits[a9cb8897-0d38-4c59-817a-d67a8ba30c67:c4277, 41e21bac-56c9-465a-a1cc-bc71b3ab473c:c4273, 2bfdf505-3a1f-44eb-9843-3820b2477da1:c4273]
2019-09-05 19:10:52,795 [grpc-default-executor-2] INFO  client.GrpcClientProtocolClient (GrpcClientProtocolClient.java:onNext(255)) - client-729EAB8E4297->a9cb8897-0d38-4c59-817a-d67a8ba30c67: receive RaftClientReply:client-729EAB8E4297->a9cb8897-0d38-4c59-817a-d67a8ba30c67@group-A55F67FDC954, cid=2841, SUCCESS, logIndex=0, commits[a9cb8897-0d38-4c59-817a-d67a8ba30c67:c4278, 41e21bac-56c9-465a-a1cc-bc71b3ab473c:c4275, 2bfdf505-3a1f-44eb-9843-3820b2477da1:c4275]
2019-09-05 19:10:52,814 [grpc-default-executor-0] INFO  client.GrpcClientProtocolClient (GrpcClientProtocolClient.java:onNext(255)) - client-729EAB8E4297->a9cb8897-0d38-4c59-817a-d67a8ba30c67: receive RaftClientReply:client-729EAB8E4297->a9cb8897-0d38-4c59-817a-d67a8ba30c67@group-A55F67FDC954, cid=2842, SUCCESS, logIndex=4281, commits[a9cb8897-0d38-4c59-817a-d67a8ba30c67:c4282, 41e21bac-56c9-465a-a1cc-bc71b3ab473c:c4280, 2bfdf505-3a1f-44eb-9843-3820b2477da1:c4280]
2019-09-05 19:10:52,815 [grpc-default-executor-0] INFO  client.GrpcClientProtocolClient (GrpcClientProtocolClient.java:onNext(255)) - client-729EAB8E4297->a9cb8897-0d38-4c59-817a-d67a8ba30c67: receive RaftClientReply:client-729EAB8E4297->a9cb8897-0d38-4c59-817a-d67a8ba30c67@group-A55F67FDC954, cid=2843, SUCCESS, logIndex=4282, commits[a9cb8897-0d38-4c59-817a-d67a8ba30c67:c4282, 41e21bac-56c9-465a-a1cc-bc71b3ab473c:c4280, 2bfdf505-3a1f-44eb-9843-3820b2477da1:c4280]
2019-09-05 19:10:52,839 [grpc-default-executor-0] INFO  client.GrpcClientProtocolClient (GrpcClientProtocolClient.java:onNext(255)) - client-729EAB8E4297->a9cb8897-0d38-4c59-817a-d67a8ba30c67: receive RaftClientReply:client-729EAB8E4297->a9cb8897-0d38-4c59-817a-d67a8ba30c67@group-A55F67FDC954, cid=2844, SUCCESS, logIndex=4285, commits[a9cb8897-0d38-4c59-817a-d67a8ba30c67:c4286, 41e21bac-56c9-465a-a1cc-bc71b3ab473c:c4282, 2bfdf505-3a1f-44eb-9843-3820b2477da1:c4282]
2019-09-05 19:10:52,840 [grpc-default-executor-0] INFO  client.GrpcClientProtocolClient (GrpcClientProtocolClient.java:onNext(255)) - client-729EAB8E4297->a9cb8897-0d38-4c59-817a-d67a8ba30c67: receive RaftClientReply:client-729EAB8E4297->a9cb8897-0d38-4c59-817a-d67a8ba30c67@group-A55F67FDC954, cid=2845, SUCCESS, logIndex=4286, commits[a9cb8897-0d38-4c59-817a-d67a8ba30c67:c4286, 41e21bac-56c9-465a-a1cc-bc71b3ab473c:c4282, 2bfdf505-3a1f-44eb-9843-3820b2477da1:c4282]
2019-09-05 19:10:52,865 [grpc-default-executor-0] INFO  client.GrpcClientProtocolClient (GrpcClientProtocolClient.java:onNext(255)) - client-729EAB8E4297->a9cb8897-0d38-4c59-817a-d67a8ba30c67: receive RaftClientReply:client-729EAB8E4297->a9cb8897-0d38-4c59-817a-d67a8ba30c67@group-A55F67FDC954, cid=2846, SUCCESS, logIndex=0, commits[a9cb8897-0d38-4c59-817a-d67a8ba30c67:c4288, 41e21bac-56c9-465a-a1cc-bc71b3ab473c:c4286, 2bfdf505-3a1f-44eb-9843-3820b2477da1:c4286]
2019-09-05 19:10:52,892 [grpc-default-executor-1] INFO  client.GrpcClientProtocolClient (GrpcClientProtocolClient.java:onNext(255)) - client-729EAB8E4297->a9cb8897-0d38-4c59-817a-d67a8ba30c67: receive RaftClientReply:client-729EAB8E4297->a9cb8897-0d38-4c59-817a-d67a8ba30c67@group-A55F67FDC954, cid=2847, SUCCESS, logIndex=4289, commits[a9cb8897-0d38-4c59-817a-d67a8ba30c67:c4290, 41e21bac-56c9-465a-a1cc-bc71b3ab473c:c4288, 2bfdf505-3a1f-44eb-9843-3820b2477da1:c4288]
2019-09-05 19:10:52,893 [grpc-default-executor-2] INFO  client.GrpcClientProtocolClient (GrpcClientProtocolClient.java:onNext(255)) - client-729EAB8E4297->a9cb8897-0d38-4c59-817a-d67a8ba30c67: receive RaftClientReply:client-729EAB8E4297->a9cb8897-0d38-4c59-817a-d67a8ba30c67@group-A55F67FDC954, cid=2848, SUCCESS, logIndex=4290, commits[a9cb8897-0d38-4c59-817a-d67a8ba30c67:c4290, 41e21bac-56c9-465a-a1cc-bc71b3ab473c:c4288, 2bfdf505-3a1f-44eb-9843-3820b2477da1:c4288]
2019-09-05 19:10:52,902 [grpc-default-executor-2] INFO  client.GrpcClientProtocolClient (GrpcClientProtocolClient.java:onNext(255)) - client-729EAB8E4297->a9cb8897-0d38-4c59-817a-d67a8ba30c67: receive RaftClientReply:client-729EAB8E4297->a9cb8897-0d38-4c59-817a-d67a8ba30c67@group-A55F67FDC954, cid=2849, SUCCESS, logIndex=4291, commits[a9cb8897-0d38-4c59-817a-d67a8ba30c67:c4292, 41e21bac-56c9-465a-a1cc-bc71b3ab473c:c4288, 2bfdf505-3a1f-44eb-9843-3820b2477da1:c4288]
2019-09-05 19:10:52,902 [grpc-default-executor-2] INFO  client.GrpcClientProtocolClient (GrpcClientProtocolClient.java:onNext(255)) - client-729EAB8E4297->a9cb8897-0d38-4c59-817a-d67a8ba30c67: receive RaftClientReply:client-729EAB8E4297->a9cb8897-0d38-4c59-817a-d67a8ba30c67@group-A55F67FDC954, cid=2850, SUCCESS, logIndex=4292, commits[a9cb8897-0d38-4c59-817a-d67a8ba30c67:c4292, 41e21bac-56c9-465a-a1cc-bc71b3ab473c:c4288, 2bfdf505-3a1f-44eb-9843-3820b2477da1:c4288]
2019-09-05 19:10:52,904 [grpc-default-executor-2] INFO  client.GrpcClientProtocolClient (GrpcClientProtocolClient.java:onNext(255)) - client-729EAB8E4297->a9cb8897-0d38-4c59-817a-d67a8ba30c67: receive RaftClientReply:client-729EAB8E4297->a9cb8897-0d38-4c59-817a-d67a8ba30c67@group-A55F67FDC954, cid=2851, SUCCESS, logIndex=0, commits[a9cb8897-0d38-4c59-817a-d67a8ba30c67:c4292, 41e21bac-56c9-465a-a1cc-bc71b3ab473c:c4290, 2bfdf505-3a1f-44eb-9843-3820b2477da1:c4290]
2019-09-05 19:10:52,921 [grpc-default-executor-1] INFO  client.GrpcClientProtocolClient (GrpcClientProtocolClient.java:onNext(255)) - client-729EAB8E4297->a9cb8897-0d38-4c59-817a-d67a8ba30c67: receive RaftClientReply:client-729EAB8E4297->a9cb8897-0d38-4c59-817a-d67a8ba30c67@group-A55F67FDC954, cid=2852, SUCCESS, logIndex=4297, commits[a9cb8897-0d38-4c59-817a-d67a8ba30c67:c4298, 41e21bac-56c9-465a-a1cc-bc71b3ab473c:c4292, 2bfdf505-3a1f-44eb-9843-3820b2477da1:c4292]
2019-09-05 19:10:52,922 [grpc-default-executor-1] INFO  client.GrpcClientProtocolClient (GrpcClientProtocolClient.java:onNext(255)) - client-729EAB8E4297->a9cb8897-0d38-4c59-817a-d67a8ba30c67: receive RaftClientReply:client-729EAB8E4297->a9cb8897-0d38-4c59-817a-d67a8ba30c67@group-A55F67FDC954, cid=2853, SUCCESS, logIndex=4298, commits[a9cb8897-0d38-4c59-817a-d67a8ba30c67:c4298, 41e21bac-56c9-465a-a1cc-bc71b3ab473c:c4292, 2bfdf505-3a1f-44eb-9843-3820b2477da1:c4292]
2019-09-05 19:10:52,936 [grpc-default-executor-2] INFO  client.GrpcClientProtocolClient (GrpcClientProtocolClient.java:onNext(255)) - client-729EAB8E4297->a9cb8897-0d38-4c59-817a-d67a8ba30c67: receive RaftClientReply:client-729EAB8E4297->a9cb8897-0d38-4c59-817a-d67a8ba30c67@group-A55F67FDC954, cid=2854, SUCCESS, logIndex=4301, commits[a9cb8897-0d38-4c59-817a-d67a8ba30c67:c4302, 41e21bac-56c9-465a-a1cc-bc71b3ab473c:c4298, 2bfdf505-3a1f-44eb-9843-3820b2477da1:c4298]
2019-09-05 19:10:52,936 [grpc-default-executor-2] INFO  client.GrpcClientProtocolClient (GrpcClientProtocolClient.java:onNext(255)) - client-729EAB8E4297->a9cb8897-0d38-4c59-817a-d67a8ba30c67: receive RaftClientReply:client-729EAB8E4297->a9cb8897-0d38-4c59-817a-d67a8ba30c67@group-A55F67FDC954, cid=2855, SUCCESS, logIndex=4302, commits[a9cb8897-0d38-4c59-817a-d67a8ba30c67:c4302, 41e21bac-56c9-465a-a1cc-bc71b3ab473c:c4298, 2bfdf505-3a1f-44eb-9843-3820b2477da1:c4298]
 0.00% |█                                                                                                    |  0/1 Time: 0:00:27 0.00% |█                                                                                                    |  0/1 Time: 0:00:28 0.00% |█                                                                                                    |  0/1 Time: 0:00:292019-09-05 19:10:55,444 [grpc-default-executor-1] INFO  client.GrpcClientProtocolClient (GrpcClientProtocolClient.java:onNext(255)) - client-729EAB8E4297->a9cb8897-0d38-4c59-817a-d67a8ba30c67: receive RaftClientReply:client-729EAB8E4297->a9cb8897-0d38-4c59-817a-d67a8ba30c67@group-A55F67FDC954, cid=2856, SUCCESS, logIndex=0, commits[a9cb8897-0d38-4c59-817a-d67a8ba30c67:c4304, 41e21bac-56c9-465a-a1cc-bc71b3ab473c:c4304, 2bfdf505-3a1f-44eb-9843-3820b2477da1:c4304]
2019-09-05 19:10:55,479 [grpc-default-executor-0] INFO  client.GrpcClientProtocolClient (GrpcClientProtocolClient.java:onNext(255)) - client-729EAB8E4297->a9cb8897-0d38-4c59-817a-d67a8ba30c67: receive RaftClientReply:client-729EAB8E4297->a9cb8897-0d38-4c59-817a-d67a8ba30c67@group-A55F67FDC954, cid=2857, SUCCESS, logIndex=4305, commits[a9cb8897-0d38-4c59-817a-d67a8ba30c67:c4305, 41e21bac-56c9-465a-a1cc-bc71b3ab473c:c4304, 2bfdf505-3a1f-44eb-9843-3820b2477da1:c4304]
2019-09-05 19:10:55,479 [grpc-default-executor-0] INFO  client.GrpcClientProtocolClient (GrpcClientProtocolClient.java:onNext(255)) - client-729EAB8E4297->a9cb8897-0d38-4c59-817a-d67a8ba30c67: receive RaftClientReply:client-729EAB8E4297->a9cb8897-0d38-4c59-817a-d67a8ba30c67@group-A55F67FDC954, cid=2858, SUCCESS, logIndex=4306, commits[a9cb8897-0d38-4c59-817a-d67a8ba30c67:c4306, 41e21bac-56c9-465a-a1cc-bc71b3ab473c:c4304, 2bfdf505-3a1f-44eb-9843-3820b2477da1:c4304]
2019-09-05 19:10:55,481 [grpc-default-executor-1] INFO  client.GrpcClientProtocolClient (GrpcClientProtocolClient.java:onNext(255)) - client-729EAB8E4297->a9cb8897-0d38-4c59-817a-d67a8ba30c67: receive RaftClientReply:client-729EAB8E4297->a9cb8897-0d38-4c59-817a-d67a8ba30c67@group-A55F67FDC954, cid=2859, SUCCESS, logIndex=4307, commits[a9cb8897-0d38-4c59-817a-d67a8ba30c67:c4307, 41e21bac-56c9-465a-a1cc-bc71b3ab473c:c4304, 2bfdf505-3a1f-44eb-9843-3820b2477da1:c4304]
2019-09-05 19:10:55,482 [grpc-default-executor-1] INFO  client.GrpcClientProtocolClient (GrpcClientProtocolClient.java:onNext(255)) - client-729EAB8E4297->a9cb8897-0d38-4c59-817a-d67a8ba30c67: receive RaftClientReply:client-729EAB8E4297->a9cb8897-0d38-4c59-817a-d67a8ba30c67@group-A55F67FDC954, cid=2860, SUCCESS, logIndex=4308, commits[a9cb8897-0d38-4c59-817a-d67a8ba30c67:c4308, 41e21bac-56c9-465a-a1cc-bc71b3ab473c:c4304, 2bfdf505-3a1f-44eb-9843-3820b2477da1:c4304]
2019-09-05 19:10:55,485 [grpc-default-executor-0] INFO  client.GrpcClientProtocolClient (GrpcClientProtocolClient.java:onNext(255)) - client-729EAB8E4297->a9cb8897-0d38-4c59-817a-d67a8ba30c67: receive RaftClientReply:client-729EAB8E4297->a9cb8897-0d38-4c59-817a-d67a8ba30c67@group-A55F67FDC954, cid=2861, SUCCESS, logIndex=0, commits[a9cb8897-0d38-4c59-817a-d67a8ba30c67:c4309, 41e21bac-56c9-465a-a1cc-bc71b3ab473c:c4306, 2bfdf505-3a1f-44eb-9843-3820b2477da1:c4306]
2019-09-05 19:10:55,499 [grpc-default-executor-2] INFO  client.GrpcClientProtocolClient (GrpcClientProtocolClient.java:onNext(255)) - client-729EAB8E4297->a9cb8897-0d38-4c59-817a-d67a8ba30c67: receive RaftClientReply:client-729EAB8E4297->a9cb8897-0d38-4c59-817a-d67a8ba30c67@group-A55F67FDC954, cid=2862, SUCCESS, logIndex=4313, commits[a9cb8897-0d38-4c59-817a-d67a8ba30c67:c4314, 41e21bac-56c9-465a-a1cc-bc71b3ab473c:c4312, 2bfdf505-3a1f-44eb-9843-3820b2477da1:c4312]
2019-09-05 19:10:55,499 [grpc-default-executor-2] INFO  client.GrpcClientProtocolClient (GrpcClientProtocolClient.java:onNext(255)) - client-729EAB8E4297->a9cb8897-0d38-4c59-817a-d67a8ba30c67: receive RaftClientReply:client-729EAB8E4297->a9cb8897-0d38-4c59-817a-d67a8ba30c67@group-A55F67FDC954, cid=2863, SUCCESS, logIndex=4314, commits[a9cb8897-0d38-4c59-817a-d67a8ba30c67:c4314, 41e21bac-56c9-465a-a1cc-bc71b3ab473c:c4312, 2bfdf505-3a1f-44eb-9843-3820b2477da1:c4312]
2019-09-05 19:10:55,512 [grpc-default-executor-2] INFO  client.GrpcClientProtocolClient (GrpcClientProtocolClient.java:onNext(255)) - client-729EAB8E4297->a9cb8897-0d38-4c59-817a-d67a8ba30c67: receive RaftClientReply:client-729EAB8E4297->a9cb8897-0d38-4c59-817a-d67a8ba30c67@group-A55F67FDC954, cid=2864, SUCCESS, logIndex=4317, commits[a9cb8897-0d38-4c59-817a-d67a8ba30c67:c4318, 41e21bac-56c9-465a-a1cc-bc71b3ab473c:c4316, 2bfdf505-3a1f-44eb-9843-3820b2477da1:c4314]
2019-09-05 19:10:55,513 [grpc-default-executor-2] INFO  client.GrpcClientProtocolClient (GrpcClientProtocolClient.java:onNext(255)) - client-729EAB8E4297->a9cb8897-0d38-4c59-817a-d67a8ba30c67: receive RaftClientReply:client-729EAB8E4297->a9cb8897-0d38-4c59-817a-d67a8ba30c67@group-A55F67FDC954, cid=2865, SUCCESS, logIndex=4318, commits[a9cb8897-0d38-4c59-817a-d67a8ba30c67:c4318, 41e21bac-56c9-465a-a1cc-bc71b3ab473c:c4316, 2bfdf505-3a1f-44eb-9843-3820b2477da1:c4316]
2019-09-05 19:10:55,515 [grpc-default-executor-0] INFO  client.GrpcClientProtocolClient (GrpcClientProtocolClient.java:onNext(255)) - client-729EAB8E4297->a9cb8897-0d38-4c59-817a-d67a8ba30c67: receive RaftClientReply:client-729EAB8E4297->a9cb8897-0d38-4c59-817a-d67a8ba30c67@group-A55F67FDC954, cid=2866, SUCCESS, logIndex=0, commits[a9cb8897-0d38-4c59-817a-d67a8ba30c67:c4319, 41e21bac-56c9-465a-a1cc-bc71b3ab473c:c4318, 2bfdf505-3a1f-44eb-9843-3820b2477da1:c4318]
2019-09-05 19:10:55,542 [grpc-default-executor-1] INFO  client.GrpcClientProtocolClient (GrpcClientProtocolClient.java:onNext(255)) - client-729EAB8E4297->a9cb8897-0d38-4c59-817a-d67a8ba30c67: receive RaftClientReply:client-729EAB8E4297->a9cb8897-0d38-4c59-817a-d67a8ba30c67@group-A55F67FDC954, cid=2867, SUCCESS, logIndex=4321, commits[a9cb8897-0d38-4c59-817a-d67a8ba30c67:c4323, 41e21bac-56c9-465a-a1cc-bc71b3ab473c:c4318, 2bfdf505-3a1f-44eb-9843-3820b2477da1:c4320]
2019-09-05 19:10:55,542 [grpc-default-executor-1] INFO  client.GrpcClientProtocolClient (GrpcClientProtocolClient.java:onNext(255)) - client-729EAB8E4297->a9cb8897-0d38-4c59-817a-d67a8ba30c67: receive RaftClientReply:client-729EAB8E4297->a9cb8897-0d38-4c59-817a-d67a8ba30c67@group-A55F67FDC954, cid=2868, SUCCESS, logIndex=4322, commits[a9cb8897-0d38-4c59-817a-d67a8ba30c67:c4324, 41e21bac-56c9-465a-a1cc-bc71b3ab473c:c4320, 2bfdf505-3a1f-44eb-9843-3820b2477da1:c4320]
2019-09-05 19:10:55,542 [grpc-default-executor-1] INFO  client.GrpcClientProtocolClient (GrpcClientProtocolClient.java:onNext(255)) - client-729EAB8E4297->a9cb8897-0d38-4c59-817a-d67a8ba30c67: receive RaftClientReply:client-729EAB8E4297->a9cb8897-0d38-4c59-817a-d67a8ba30c67@group-A55F67FDC954, cid=2869, SUCCESS, logIndex=4323, commits[a9cb8897-0d38-4c59-817a-d67a8ba30c67:c4324, 41e21bac-56c9-465a-a1cc-bc71b3ab473c:c4320, 2bfdf505-3a1f-44eb-9843-3820b2477da1:c4320]
2019-09-05 19:10:55,543 [grpc-default-executor-1] INFO  client.GrpcClientProtocolClient (GrpcClientProtocolClient.java:onNext(255)) - client-729EAB8E4297->a9cb8897-0d38-4c59-817a-d67a8ba30c67: receive RaftClientReply:client-729EAB8E4297->a9cb8897-0d38-4c59-817a-d67a8ba30c67@group-A55F67FDC954, cid=2870, SUCCESS, logIndex=4324, commits[a9cb8897-0d38-4c59-817a-d67a8ba30c67:c4324, 41e21bac-56c9-465a-a1cc-bc71b3ab473c:c4320, 2bfdf505-3a1f-44eb-9843-3820b2477da1:c4320]
2019-09-05 19:10:55,545 [grpc-default-executor-1] INFO  client.GrpcClientProtocolClient (GrpcClientProtocolClient.java:onNext(255)) - client-729EAB8E4297->a9cb8897-0d38-4c59-817a-d67a8ba30c67: receive RaftClientReply:client-729EAB8E4297->a9cb8897-0d38-4c59-817a-d67a8ba30c67@group-A55F67FDC954, cid=2871, SUCCESS, logIndex=0, commits[a9cb8897-0d38-4c59-817a-d67a8ba30c67:c4325, 41e21bac-56c9-465a-a1cc-bc71b3ab473c:c4322, 2bfdf505-3a1f-44eb-9843-3820b2477da1:c4322]
2019-09-05 19:10:55,557 [grpc-default-executor-0] INFO  client.GrpcClientProtocolClient (GrpcClientProtocolClient.java:onNext(255)) - client-729EAB8E4297->a9cb8897-0d38-4c59-817a-d67a8ba30c67: receive RaftClientReply:client-729EAB8E4297->a9cb8897-0d38-4c59-817a-d67a8ba30c67@group-A55F67FDC954, cid=2872, SUCCESS, logIndex=4329, commits[a9cb8897-0d38-4c59-817a-d67a8ba30c67:c4330, 41e21bac-56c9-465a-a1cc-bc71b3ab473c:c4324, 2bfdf505-3a1f-44eb-9843-3820b2477da1:c4328]
2019-09-05 19:10:55,557 [grpc-default-executor-1] INFO  client.GrpcClientProtocolClient (GrpcClientProtocolClient.java:onNext(255)) - client-729EAB8E4297->a9cb8897-0d38-4c59-817a-d67a8ba30c67: receive RaftClientReply:client-729EAB8E4297->a9cb8897-0d38-4c59-817a-d67a8ba30c67@group-A55F67FDC954, cid=2873, SUCCESS, logIndex=4330, commits[a9cb8897-0d38-4c59-817a-d67a8ba30c67:c4330, 41e21bac-56c9-465a-a1cc-bc71b3ab473c:c4328, 2bfdf505-3a1f-44eb-9843-3820b2477da1:c4328]
2019-09-05 19:10:55,569 [grpc-default-executor-2] INFO  client.GrpcClientProtocolClient (GrpcClientProtocolClient.java:onNext(255)) - client-729EAB8E4297->a9cb8897-0d38-4c59-817a-d67a8ba30c67: receive RaftClientReply:client-729EAB8E4297->a9cb8897-0d38-4c59-817a-d67a8ba30c67@group-A55F67FDC954, cid=2874, SUCCESS, logIndex=4333, commits[a9cb8897-0d38-4c59-817a-d67a8ba30c67:c4334, 41e21bac-56c9-465a-a1cc-bc71b3ab473c:c4332, 2bfdf505-3a1f-44eb-9843-3820b2477da1:c4330]
2019-09-05 19:10:55,569 [grpc-default-executor-2] INFO  client.GrpcClientProtocolClient (GrpcClientProtocolClient.java:onNext(255)) - client-729EAB8E4297->a9cb8897-0d38-4c59-817a-d67a8ba30c67: receive RaftClientReply:client-729EAB8E4297->a9cb8897-0d38-4c59-817a-d67a8ba30c67@group-A55F67FDC954, cid=2875, SUCCESS, logIndex=4334, commits[a9cb8897-0d38-4c59-817a-d67a8ba30c67:c4334, 41e21bac-56c9-465a-a1cc-bc71b3ab473c:c4332, 2bfdf505-3a1f-44eb-9843-3820b2477da1:c4332]
2019-09-05 19:10:55,574 [grpc-default-executor-2] INFO  client.GrpcClientProtocolClient (GrpcClientProtocolClient.java:onNext(255)) - client-729EAB8E4297->a9cb8897-0d38-4c59-817a-d67a8ba30c67: receive RaftClientReply:client-729EAB8E4297->a9cb8897-0d38-4c59-817a-d67a8ba30c67@group-A55F67FDC954, cid=2876, SUCCESS, logIndex=0, commits[a9cb8897-0d38-4c59-817a-d67a8ba30c67:c4335, 41e21bac-56c9-465a-a1cc-bc71b3ab473c:c4334, 2bfdf505-3a1f-44eb-9843-3820b2477da1:c4334]
2019-09-05 19:10:55,595 [grpc-default-executor-0] INFO  client.GrpcClientProtocolClient (GrpcClientProtocolClient.java:onNext(255)) - client-729EAB8E4297->a9cb8897-0d38-4c59-817a-d67a8ba30c67: receive RaftClientReply:client-729EAB8E4297->a9cb8897-0d38-4c59-817a-d67a8ba30c67@group-A55F67FDC954, cid=2877, SUCCESS, logIndex=4337, commits[a9cb8897-0d38-4c59-817a-d67a8ba30c67:c4338, 41e21bac-56c9-465a-a1cc-bc71b3ab473c:c4334, 2bfdf505-3a1f-44eb-9843-3820b2477da1:c4336]
2019-09-05 19:10:55,596 [grpc-default-executor-0] INFO  client.GrpcClientProtocolClient (GrpcClientProtocolClient.java:onNext(255)) - client-729EAB8E4297->a9cb8897-0d38-4c59-817a-d67a8ba30c67: receive RaftClientReply:client-729EAB8E4297->a9cb8897-0d38-4c59-817a-d67a8ba30c67@group-A55F67FDC954, cid=2878, SUCCESS, logIndex=4338, commits[a9cb8897-0d38-4c59-817a-d67a8ba30c67:c4338, 41e21bac-56c9-465a-a1cc-bc71b3ab473c:c4334, 2bfdf505-3a1f-44eb-9843-3820b2477da1:c4336]
2019-09-05 19:10:55,598 [grpc-default-executor-1] INFO  client.GrpcClientProtocolClient (GrpcClientProtocolClient.java:onNext(255)) - client-729EAB8E4297->a9cb8897-0d38-4c59-817a-d67a8ba30c67: receive RaftClientReply:client-729EAB8E4297->a9cb8897-0d38-4c59-817a-d67a8ba30c67@group-A55F67FDC954, cid=2879, SUCCESS, logIndex=4339, commits[a9cb8897-0d38-4c59-817a-d67a8ba30c67:c4340, 41e21bac-56c9-465a-a1cc-bc71b3ab473c:c4336, 2bfdf505-3a1f-44eb-9843-3820b2477da1:c4336]
2019-09-05 19:10:55,598 [grpc-default-executor-1] INFO  client.GrpcClientProtocolClient (GrpcClientProtocolClient.java:onNext(255)) - client-729EAB8E4297->a9cb8897-0d38-4c59-817a-d67a8ba30c67: receive RaftClientReply:client-729EAB8E4297->a9cb8897-0d38-4c59-817a-d67a8ba30c67@group-A55F67FDC954, cid=2880, SUCCESS, logIndex=4340, commits[a9cb8897-0d38-4c59-817a-d67a8ba30c67:c4340, 41e21bac-56c9-465a-a1cc-bc71b3ab473c:c4336, 2bfdf505-3a1f-44eb-9843-3820b2477da1:c4336]
2019-09-05 19:10:55,602 [grpc-default-executor-1] INFO  client.GrpcClientProtocolClient (GrpcClientProtocolClient.java:onNext(255)) - client-729EAB8E4297->a9cb8897-0d38-4c59-817a-d67a8ba30c67: receive RaftClientReply:client-729EAB8E4297->a9cb8897-0d38-4c59-817a-d67a8ba30c67@group-A55F67FDC954, cid=2881, SUCCESS, logIndex=0, commits[a9cb8897-0d38-4c59-817a-d67a8ba30c67:c4342, 41e21bac-56c9-465a-a1cc-bc71b3ab473c:c4338, 2bfdf505-3a1f-44eb-9843-3820b2477da1:c4338]
2019-09-05 19:10:55,613 [grpc-default-executor-1] INFO  client.GrpcClientProtocolClient (GrpcClientProtocolClient.java:onNext(255)) - client-729EAB8E4297->a9cb8897-0d38-4c59-817a-d67a8ba30c67: receive RaftClientReply:client-729EAB8E4297->a9cb8897-0d38-4c59-817a-d67a8ba30c67@group-A55F67FDC954, cid=2882, SUCCESS, logIndex=4345, commits[a9cb8897-0d38-4c59-817a-d67a8ba30c67:c4346, 41e21bac-56c9-465a-a1cc-bc71b3ab473c:c4344, 2bfdf505-3a1f-44eb-9843-3820b2477da1:c4344]
2019-09-05 19:10:55,613 [grpc-default-executor-1] INFO  client.GrpcClientProtocolClient (GrpcClientProtocolClient.java:onNext(255)) - client-729EAB8E4297->a9cb8897-0d38-4c59-817a-d67a8ba30c67: receive RaftClientReply:client-729EAB8E4297->a9cb8897-0d38-4c59-817a-d67a8ba30c67@group-A55F67FDC954, cid=2883, SUCCESS, logIndex=4346, commits[a9cb8897-0d38-4c59-817a-d67a8ba30c67:c4346, 41e21bac-56c9-465a-a1cc-bc71b3ab473c:c4344, 2bfdf505-3a1f-44eb-9843-3820b2477da1:c4344]
2019-09-05 19:10:55,624 [grpc-default-executor-1] INFO  client.GrpcClientProtocolClient (GrpcClientProtocolClient.java:onNext(255)) - client-729EAB8E4297->a9cb8897-0d38-4c59-817a-d67a8ba30c67: receive RaftClientReply:client-729EAB8E4297->a9cb8897-0d38-4c59-817a-d67a8ba30c67@group-A55F67FDC954, cid=2884, SUCCESS, logIndex=4349, commits[a9cb8897-0d38-4c59-817a-d67a8ba30c67:c4350, 41e21bac-56c9-465a-a1cc-bc71b3ab473c:c4348, 2bfdf505-3a1f-44eb-9843-3820b2477da1:c4346]
2019-09-05 19:10:55,624 [grpc-default-executor-1] INFO  client.GrpcClientProtocolClient (GrpcClientProtocolClient.java:onNext(255)) - client-729EAB8E4297->a9cb8897-0d38-4c59-817a-d67a8ba30c67: receive RaftClientReply:client-729EAB8E4297->a9cb8897-0d38-4c59-817a-d67a8ba30c67@group-A55F67FDC954, cid=2885, SUCCESS, logIndex=4350, commits[a9cb8897-0d38-4c59-817a-d67a8ba30c67:c4350, 41e21bac-56c9-465a-a1cc-bc71b3ab473c:c4348, 2bfdf505-3a1f-44eb-9843-3820b2477da1:c4348]
2019-09-05 19:10:55,629 [grpc-default-executor-1] INFO  client.GrpcClientProtocolClient (GrpcClientProtocolClient.java:onNext(255)) - client-729EAB8E4297->a9cb8897-0d38-4c59-817a-d67a8ba30c67: receive RaftClientReply:client-729EAB8E4297->a9cb8897-0d38-4c59-817a-d67a8ba30c67@group-A55F67FDC954, cid=2886, SUCCESS, logIndex=0, commits[a9cb8897-0d38-4c59-817a-d67a8ba30c67:c4351, 41e21bac-56c9-465a-a1cc-bc71b3ab473c:c4350, 2bfdf505-3a1f-44eb-9843-3820b2477da1:c4350]
2019-09-05 19:10:55,653 [grpc-default-executor-2] INFO  client.GrpcClientProtocolClient (GrpcClientProtocolClient.java:onNext(255)) - client-729EAB8E4297->a9cb8897-0d38-4c59-817a-d67a8ba30c67: receive RaftClientReply:client-729EAB8E4297->a9cb8897-0d38-4c59-817a-d67a8ba30c67@group-A55F67FDC954, cid=2887, SUCCESS, logIndex=4353, commits[a9cb8897-0d38-4c59-817a-d67a8ba30c67:c4354, 41e21bac-56c9-465a-a1cc-bc71b3ab473c:c4352, 2bfdf505-3a1f-44eb-9843-3820b2477da1:c4352]
2019-09-05 19:10:55,654 [grpc-default-executor-2] INFO  client.GrpcClientProtocolClient (GrpcClientProtocolClient.java:onNext(255)) - client-729EAB8E4297->a9cb8897-0d38-4c59-817a-d67a8ba30c67: receive RaftClientReply:client-729EAB8E4297->a9cb8897-0d38-4c59-817a-d67a8ba30c67@group-A55F67FDC954, cid=2888, SUCCESS, logIndex=4354, commits[a9cb8897-0d38-4c59-817a-d67a8ba30c67:c4354, 41e21bac-56c9-465a-a1cc-bc71b3ab473c:c4352, 2bfdf505-3a1f-44eb-9843-3820b2477da1:c4352]
2019-09-05 19:10:55,654 [grpc-default-executor-3] INFO  client.GrpcClientProtocolClient (GrpcClientProtocolClient.java:onNext(255)) - client-729EAB8E4297->a9cb8897-0d38-4c59-817a-d67a8ba30c67: receive RaftClientReply:client-729EAB8E4297->a9cb8897-0d38-4c59-817a-d67a8ba30c67@group-A55F67FDC954, cid=2889, SUCCESS, logIndex=4355, commits[a9cb8897-0d38-4c59-817a-d67a8ba30c67:c4355, 41e21bac-56c9-465a-a1cc-bc71b3ab473c:c4352, 2bfdf505-3a1f-44eb-9843-3820b2477da1:c4352]
2019-09-05 19:10:55,655 [grpc-default-executor-3] INFO  client.GrpcClientProtocolClient (GrpcClientProtocolClient.java:onNext(255)) - client-729EAB8E4297->a9cb8897-0d38-4c59-817a-d67a8ba30c67: receive RaftClientReply:client-729EAB8E4297->a9cb8897-0d38-4c59-817a-d67a8ba30c67@group-A55F67FDC954, cid=2890, SUCCESS, logIndex=4356, commits[a9cb8897-0d38-4c59-817a-d67a8ba30c67:c4356, 41e21bac-56c9-465a-a1cc-bc71b3ab473c:c4352, 2bfdf505-3a1f-44eb-9843-3820b2477da1:c4352]
2019-09-05 19:10:55,659 [grpc-default-executor-3] INFO  client.GrpcClientProtocolClient (GrpcClientProtocolClient.java:onNext(255)) - client-729EAB8E4297->a9cb8897-0d38-4c59-817a-d67a8ba30c67: receive RaftClientReply:client-729EAB8E4297->a9cb8897-0d38-4c59-817a-d67a8ba30c67@group-A55F67FDC954, cid=2891, SUCCESS, logIndex=0, commits[a9cb8897-0d38-4c59-817a-d67a8ba30c67:c4358, 41e21bac-56c9-465a-a1cc-bc71b3ab473c:c4354, 2bfdf505-3a1f-44eb-9843-3820b2477da1:c4354]
2019-09-05 19:10:55,670 [grpc-default-executor-2] INFO  client.GrpcClientProtocolClient (GrpcClientProtocolClient.java:onNext(255)) - client-729EAB8E4297->a9cb8897-0d38-4c59-817a-d67a8ba30c67: receive RaftClientReply:client-729EAB8E4297->a9cb8897-0d38-4c59-817a-d67a8ba30c67@group-A55F67FDC954, cid=2892, SUCCESS, logIndex=4361, commits[a9cb8897-0d38-4c59-817a-d67a8ba30c67:c4362, 41e21bac-56c9-465a-a1cc-bc71b3ab473c:c4360, 2bfdf505-3a1f-44eb-9843-3820b2477da1:c4356]
2019-09-05 19:10:55,671 [grpc-default-executor-2] INFO  client.GrpcClientProtocolClient (GrpcClientProtocolClient.java:onNext(255)) - client-729EAB8E4297->a9cb8897-0d38-4c59-817a-d67a8ba30c67: receive RaftClientReply:client-729EAB8E4297->a9cb8897-0d38-4c59-817a-d67a8ba30c67@group-A55F67FDC954, cid=2893, SUCCESS, logIndex=4362, commits[a9cb8897-0d38-4c59-817a-d67a8ba30c67:c4362, 41e21bac-56c9-465a-a1cc-bc71b3ab473c:c4360, 2bfdf505-3a1f-44eb-9843-3820b2477da1:c4360]
2019-09-05 19:10:55,682 [grpc-default-executor-2] INFO  client.GrpcClientProtocolClient (GrpcClientProtocolClient.java:onNext(255)) - client-729EAB8E4297->a9cb8897-0d38-4c59-817a-d67a8ba30c67: receive RaftClientReply:client-729EAB8E4297->a9cb8897-0d38-4c59-817a-d67a8ba30c67@group-A55F67FDC954, cid=2894, SUCCESS, logIndex=4365, commits[a9cb8897-0d38-4c59-817a-d67a8ba30c67:c4366, 41e21bac-56c9-465a-a1cc-bc71b3ab473c:c4363, 2bfdf505-3a1f-44eb-9843-3820b2477da1:c4363]
2019-09-05 19:10:55,682 [grpc-default-executor-2] INFO  client.GrpcClientProtocolClient (GrpcClientProtocolClient.java:onNext(255)) - client-729EAB8E4297->a9cb8897-0d38-4c59-817a-d67a8ba30c67: receive RaftClientReply:client-729EAB8E4297->a9cb8897-0d38-4c59-817a-d67a8ba30c67@group-A55F67FDC954, cid=2895, SUCCESS, logIndex=4366, commits[a9cb8897-0d38-4c59-817a-d67a8ba30c67:c4366, 41e21bac-56c9-465a-a1cc-bc71b3ab473c:c4363, 2bfdf505-3a1f-44eb-9843-3820b2477da1:c4363]
2019-09-05 19:10:55,686 [grpc-default-executor-2] INFO  client.GrpcClientProtocolClient (GrpcClientProtocolClient.java:onNext(255)) - client-729EAB8E4297->a9cb8897-0d38-4c59-817a-d67a8ba30c67: receive RaftClientReply:client-729EAB8E4297->a9cb8897-0d38-4c59-817a-d67a8ba30c67@group-A55F67FDC954, cid=2896, SUCCESS, logIndex=0, commits[a9cb8897-0d38-4c59-817a-d67a8ba30c67:c4367, 41e21bac-56c9-465a-a1cc-bc71b3ab473c:c4366, 2bfdf505-3a1f-44eb-9843-3820b2477da1:c4366]
2019-09-05 19:10:55,825 [grpc-default-executor-2] INFO  client.GrpcClientProtocolClient (GrpcClientProtocolClient.java:onNext(255)) - client-729EAB8E4297->a9cb8897-0d38-4c59-817a-d67a8ba30c67: receive RaftClientReply:client-729EAB8E4297->a9cb8897-0d38-4c59-817a-d67a8ba30c67@group-A55F67FDC954, cid=2897, SUCCESS, logIndex=4369, commits[a9cb8897-0d38-4c59-817a-d67a8ba30c67:c4371, 41e21bac-56c9-465a-a1cc-bc71b3ab473c:c4368, 2bfdf505-3a1f-44eb-9843-3820b2477da1:c4368]
2019-09-05 19:10:55,826 [grpc-default-executor-2] INFO  client.GrpcClientProtocolClient (GrpcClientProtocolClient.java:onNext(255)) - client-729EAB8E4297->a9cb8897-0d38-4c59-817a-d67a8ba30c67: receive RaftClientReply:client-729EAB8E4297->a9cb8897-0d38-4c59-817a-d67a8ba30c67@group-A55F67FDC954, cid=2898, SUCCESS, logIndex=4370, commits[a9cb8897-0d38-4c59-817a-d67a8ba30c67:c4372, 41e21bac-56c9-465a-a1cc-bc71b3ab473c:c4368, 2bfdf505-3a1f-44eb-9843-3820b2477da1:c4368]
2019-09-05 19:10:55,827 [grpc-default-executor-2] INFO  client.GrpcClientProtocolClient (GrpcClientProtocolClient.java:onNext(255)) - client-729EAB8E4297->a9cb8897-0d38-4c59-817a-d67a8ba30c67: receive RaftClientReply:client-729EAB8E4297->a9cb8897-0d38-4c59-817a-d67a8ba30c67@group-A55F67FDC954, cid=2899, SUCCESS, logIndex=4371, commits[a9cb8897-0d38-4c59-817a-d67a8ba30c67:c4372, 41e21bac-56c9-465a-a1cc-bc71b3ab473c:c4369, 2bfdf505-3a1f-44eb-9843-3820b2477da1:c4368]
2019-09-05 19:10:55,828 [grpc-default-executor-2] INFO  client.GrpcClientProtocolClient (GrpcClientProtocolClient.java:onNext(255)) - client-729EAB8E4297->a9cb8897-0d38-4c59-817a-d67a8ba30c67: receive RaftClientReply:client-729EAB8E4297->a9cb8897-0d38-4c59-817a-d67a8ba30c67@group-A55F67FDC954, cid=2900, SUCCESS, logIndex=4372, commits[a9cb8897-0d38-4c59-817a-d67a8ba30c67:c4373, 41e21bac-56c9-465a-a1cc-bc71b3ab473c:c4369, 2bfdf505-3a1f-44eb-9843-3820b2477da1:c4369]
2019-09-05 19:10:55,838 [grpc-default-executor-2] INFO  client.GrpcClientProtocolClient (GrpcClientProtocolClient.java:onNext(255)) - client-729EAB8E4297->a9cb8897-0d38-4c59-817a-d67a8ba30c67: receive RaftClientReply:client-729EAB8E4297->a9cb8897-0d38-4c59-817a-d67a8ba30c67@group-A55F67FDC954, cid=2901, SUCCESS, logIndex=0, commits[a9cb8897-0d38-4c59-817a-d67a8ba30c67:c4374, 41e21bac-56c9-465a-a1cc-bc71b3ab473c:c4371, 2bfdf505-3a1f-44eb-9843-3820b2477da1:c4371]
2019-09-05 19:10:55,861 [grpc-default-executor-2] INFO  client.GrpcClientProtocolClient (GrpcClientProtocolClient.java:onNext(255)) - client-729EAB8E4297->a9cb8897-0d38-4c59-817a-d67a8ba30c67: receive RaftClientReply:client-729EAB8E4297->a9cb8897-0d38-4c59-817a-d67a8ba30c67@group-A55F67FDC954, cid=2902, SUCCESS, logIndex=4377, commits[a9cb8897-0d38-4c59-817a-d67a8ba30c67:c4378, 41e21bac-56c9-465a-a1cc-bc71b3ab473c:c4376, 2bfdf505-3a1f-44eb-9843-3820b2477da1:c4376]
2019-09-05 19:10:55,861 [grpc-default-executor-2] INFO  client.GrpcClientProtocolClient (GrpcClientProtocolClient.java:onNext(255)) - client-729EAB8E4297->a9cb8897-0d38-4c59-817a-d67a8ba30c67: receive RaftClientReply:client-729EAB8E4297->a9cb8897-0d38-4c59-817a-d67a8ba30c67@group-A55F67FDC954, cid=2903, SUCCESS, logIndex=4378, commits[a9cb8897-0d38-4c59-817a-d67a8ba30c67:c4378, 41e21bac-56c9-465a-a1cc-bc71b3ab473c:c4376, 2bfdf505-3a1f-44eb-9843-3820b2477da1:c4376]
2019-09-05 19:10:55,885 [grpc-default-executor-0] INFO  client.GrpcClientProtocolClient (GrpcClientProtocolClient.java:onNext(255)) - client-729EAB8E4297->a9cb8897-0d38-4c59-817a-d67a8ba30c67: receive RaftClientReply:client-729EAB8E4297->a9cb8897-0d38-4c59-817a-d67a8ba30c67@group-A55F67FDC954, cid=2904, SUCCESS, logIndex=4381, commits[a9cb8897-0d38-4c59-817a-d67a8ba30c67:c4381, 41e21bac-56c9-465a-a1cc-bc71b3ab473c:c4378, 2bfdf505-3a1f-44eb-9843-3820b2477da1:c4378]
2019-09-05 19:10:55,886 [grpc-default-executor-0] INFO  client.GrpcClientProtocolClient (GrpcClientProtocolClient.java:onNext(255)) - client-729EAB8E4297->a9cb8897-0d38-4c59-817a-d67a8ba30c67: receive RaftClientReply:client-729EAB8E4297->a9cb8897-0d38-4c59-817a-d67a8ba30c67@group-A55F67FDC954, cid=2905, SUCCESS, logIndex=4382, commits[a9cb8897-0d38-4c59-817a-d67a8ba30c67:c4382, 41e21bac-56c9-465a-a1cc-bc71b3ab473c:c4378, 2bfdf505-3a1f-44eb-9843-3820b2477da1:c4378]
2019-09-05 19:10:55,911 [grpc-default-executor-0] INFO  client.GrpcClientProtocolClient (GrpcClientProtocolClient.java:onNext(255)) - client-729EAB8E4297->a9cb8897-0d38-4c59-817a-d67a8ba30c67: receive RaftClientReply:client-729EAB8E4297->a9cb8897-0d38-4c59-817a-d67a8ba30c67@group-A55F67FDC954, cid=2906, SUCCESS, logIndex=0, commits[a9cb8897-0d38-4c59-817a-d67a8ba30c67:c4384, 41e21bac-56c9-465a-a1cc-bc71b3ab473c:c4382, 2bfdf505-3a1f-44eb-9843-3820b2477da1:c4382]
2019-09-05 19:10:55,945 [grpc-default-executor-0] INFO  client.GrpcClientProtocolClient (GrpcClientProtocolClient.java:onNext(255)) - client-729EAB8E4297->a9cb8897-0d38-4c59-817a-d67a8ba30c67: receive RaftClientReply:client-729EAB8E4297->a9cb8897-0d38-4c59-817a-d67a8ba30c67@group-A55F67FDC954, cid=2907, SUCCESS, logIndex=4385, commits[a9cb8897-0d38-4c59-817a-d67a8ba30c67:c4386, 41e21bac-56c9-465a-a1cc-bc71b3ab473c:c4384, 2bfdf505-3a1f-44eb-9843-3820b2477da1:c4384]
2019-09-05 19:10:55,946 [grpc-default-executor-0] INFO  client.GrpcClientProtocolClient (GrpcClientProtocolClient.java:onNext(255)) - client-729EAB8E4297->a9cb8897-0d38-4c59-817a-d67a8ba30c67: receive RaftClientReply:client-729EAB8E4297->a9cb8897-0d38-4c59-817a-d67a8ba30c67@group-A55F67FDC954, cid=2908, SUCCESS, logIndex=4386, commits[a9cb8897-0d38-4c59-817a-d67a8ba30c67:c4386, 41e21bac-56c9-465a-a1cc-bc71b3ab473c:c4384, 2bfdf505-3a1f-44eb-9843-3820b2477da1:c4384]
2019-09-05 19:10:55,957 [grpc-default-executor-1] INFO  client.GrpcClientProtocolClient (GrpcClientProtocolClient.java:onNext(255)) - client-729EAB8E4297->a9cb8897-0d38-4c59-817a-d67a8ba30c67: receive RaftClientReply:client-729EAB8E4297->a9cb8897-0d38-4c59-817a-d67a8ba30c67@group-A55F67FDC954, cid=2909, SUCCESS, logIndex=4387, commits[a9cb8897-0d38-4c59-817a-d67a8ba30c67:c4388, 41e21bac-56c9-465a-a1cc-bc71b3ab473c:c4384, 2bfdf505-3a1f-44eb-9843-3820b2477da1:c4384]
2019-09-05 19:10:55,957 [grpc-default-executor-1] INFO  client.GrpcClientProtocolClient (GrpcClientProtocolClient.java:onNext(255)) - client-729EAB8E4297->a9cb8897-0d38-4c59-817a-d67a8ba30c67: receive RaftClientReply:client-729EAB8E4297->a9cb8897-0d38-4c59-817a-d67a8ba30c67@group-A55F67FDC954, cid=2910, SUCCESS, logIndex=4388, commits[a9cb8897-0d38-4c59-817a-d67a8ba30c67:c4388, 41e21bac-56c9-465a-a1cc-bc71b3ab473c:c4384, 2bfdf505-3a1f-44eb-9843-3820b2477da1:c4384]
2019-09-05 19:10:55,970 [grpc-default-executor-0] INFO  client.GrpcClientProtocolClient (GrpcClientProtocolClient.java:onNext(255)) - client-729EAB8E4297->a9cb8897-0d38-4c59-817a-d67a8ba30c67: receive RaftClientReply:client-729EAB8E4297->a9cb8897-0d38-4c59-817a-d67a8ba30c67@group-A55F67FDC954, cid=2911, SUCCESS, logIndex=0, commits[a9cb8897-0d38-4c59-817a-d67a8ba30c67:c4390, 41e21bac-56c9-465a-a1cc-bc71b3ab473c:c4386, 2bfdf505-3a1f-44eb-9843-3820b2477da1:c4386]
2019-09-05 19:10:56,002 [grpc-default-executor-3] INFO  client.GrpcClientProtocolClient (GrpcClientProtocolClient.java:onNext(255)) - client-729EAB8E4297->a9cb8897-0d38-4c59-817a-d67a8ba30c67: receive RaftClientReply:client-729EAB8E4297->a9cb8897-0d38-4c59-817a-d67a8ba30c67@group-A55F67FDC954, cid=2912, SUCCESS, logIndex=4393, commits[a9cb8897-0d38-4c59-817a-d67a8ba30c67:c4394, 41e21bac-56c9-465a-a1cc-bc71b3ab473c:c4390, 2bfdf505-3a1f-44eb-9843-3820b2477da1:c4390]
2019-09-05 19:10:56,002 [grpc-default-executor-3] INFO  client.GrpcClientProtocolClient (GrpcClientProtocolClient.java:onNext(255)) - client-729EAB8E4297->a9cb8897-0d38-4c59-817a-d67a8ba30c67: receive RaftClientReply:client-729EAB8E4297->a9cb8897-0d38-4c59-817a-d67a8ba30c67@group-A55F67FDC954, cid=2913, SUCCESS, logIndex=4394, commits[a9cb8897-0d38-4c59-817a-d67a8ba30c67:c4394, 41e21bac-56c9-465a-a1cc-bc71b3ab473c:c4390, 2bfdf505-3a1f-44eb-9843-3820b2477da1:c4390]
2019-09-05 19:10:56,017 [grpc-default-executor-1] INFO  client.GrpcClientProtocolClient (GrpcClientProtocolClient.java:onNext(255)) - client-729EAB8E4297->a9cb8897-0d38-4c59-817a-d67a8ba30c67: receive RaftClientReply:client-729EAB8E4297->a9cb8897-0d38-4c59-817a-d67a8ba30c67@group-A55F67FDC954, cid=2914, SUCCESS, logIndex=4397, commits[a9cb8897-0d38-4c59-817a-d67a8ba30c67:c4398, 41e21bac-56c9-465a-a1cc-bc71b3ab473c:c4394, 2bfdf505-3a1f-44eb-9843-3820b2477da1:c4394]
2019-09-05 19:10:56,017 [grpc-default-executor-1] INFO  client.GrpcClientProtocolClient (GrpcClientProtocolClient.java:onNext(255)) - client-729EAB8E4297->a9cb8897-0d38-4c59-817a-d67a8ba30c67: receive RaftClientReply:client-729EAB8E4297->a9cb8897-0d38-4c59-817a-d67a8ba30c67@group-A55F67FDC954, cid=2915, SUCCESS, logIndex=4398, commits[a9cb8897-0d38-4c59-817a-d67a8ba30c67:c4398, 41e21bac-56c9-465a-a1cc-bc71b3ab473c:c4394, 2bfdf505-3a1f-44eb-9843-3820b2477da1:c4394]
2019-09-05 19:10:56,020 [grpc-default-executor-1] INFO  client.GrpcClientProtocolClient (GrpcClientProtocolClient.java:onNext(255)) - client-729EAB8E4297->a9cb8897-0d38-4c59-817a-d67a8ba30c67: receive RaftClientReply:client-729EAB8E4297->a9cb8897-0d38-4c59-817a-d67a8ba30c67@group-A55F67FDC954, cid=2916, SUCCESS, logIndex=0, commits[a9cb8897-0d38-4c59-817a-d67a8ba30c67:c4399, 41e21bac-56c9-465a-a1cc-bc71b3ab473c:c4398, 2bfdf505-3a1f-44eb-9843-3820b2477da1:c4398]
2019-09-05 19:10:56,055 [grpc-default-executor-1] INFO  client.GrpcClientProtocolClient (GrpcClientProtocolClient.java:onNext(255)) - client-729EAB8E4297->a9cb8897-0d38-4c59-817a-d67a8ba30c67: receive RaftClientReply:client-729EAB8E4297->a9cb8897-0d38-4c59-817a-d67a8ba30c67@group-A55F67FDC954, cid=2917, SUCCESS, logIndex=4401, commits[a9cb8897-0d38-4c59-817a-d67a8ba30c67:c4402, 41e21bac-56c9-465a-a1cc-bc71b3ab473c:c4400, 2bfdf505-3a1f-44eb-9843-3820b2477da1:c4400]
2019-09-05 19:10:56,055 [grpc-default-executor-1] INFO  client.GrpcClientProtocolClient (GrpcClientProtocolClient.java:onNext(255)) - client-729EAB8E4297->a9cb8897-0d38-4c59-817a-d67a8ba30c67: receive RaftClientReply:client-729EAB8E4297->a9cb8897-0d38-4c59-817a-d67a8ba30c67@group-A55F67FDC954, cid=2918, SUCCESS, logIndex=4402, commits[a9cb8897-0d38-4c59-817a-d67a8ba30c67:c4402, 41e21bac-56c9-465a-a1cc-bc71b3ab473c:c4400, 2bfdf505-3a1f-44eb-9843-3820b2477da1:c4400]
2019-09-05 19:10:56,065 [grpc-default-executor-3] INFO  client.GrpcClientProtocolClient (GrpcClientProtocolClient.java:onNext(255)) - client-729EAB8E4297->a9cb8897-0d38-4c59-817a-d67a8ba30c67: receive RaftClientReply:client-729EAB8E4297->a9cb8897-0d38-4c59-817a-d67a8ba30c67@group-A55F67FDC954, cid=2919, SUCCESS, logIndex=4403, commits[a9cb8897-0d38-4c59-817a-d67a8ba30c67:c4404, 41e21bac-56c9-465a-a1cc-bc71b3ab473c:c4400, 2bfdf505-3a1f-44eb-9843-3820b2477da1:c4400]
2019-09-05 19:10:56,066 [grpc-default-executor-1] INFO  client.GrpcClientProtocolClient (GrpcClientProtocolClient.java:onNext(255)) - client-729EAB8E4297->a9cb8897-0d38-4c59-817a-d67a8ba30c67: receive RaftClientReply:client-729EAB8E4297->a9cb8897-0d38-4c59-817a-d67a8ba30c67@group-A55F67FDC954, cid=2920, SUCCESS, logIndex=4404, commits[a9cb8897-0d38-4c59-817a-d67a8ba30c67:c4404, 41e21bac-56c9-465a-a1cc-bc71b3ab473c:c4400, 2bfdf505-3a1f-44eb-9843-3820b2477da1:c4400]
2019-09-05 19:10:56,068 [grpc-default-executor-1] INFO  client.GrpcClientProtocolClient (GrpcClientProtocolClient.java:onNext(255)) - client-729EAB8E4297->a9cb8897-0d38-4c59-817a-d67a8ba30c67: receive RaftClientReply:client-729EAB8E4297->a9cb8897-0d38-4c59-817a-d67a8ba30c67@group-A55F67FDC954, cid=2921, SUCCESS, logIndex=0, commits[a9cb8897-0d38-4c59-817a-d67a8ba30c67:c4406, 41e21bac-56c9-465a-a1cc-bc71b3ab473c:c4402, 2bfdf505-3a1f-44eb-9843-3820b2477da1:c4402]
2019-09-05 19:10:56,093 [grpc-default-executor-1] INFO  client.GrpcClientProtocolClient (GrpcClientProtocolClient.java:onNext(255)) - client-729EAB8E4297->a9cb8897-0d38-4c59-817a-d67a8ba30c67: receive RaftClientReply:client-729EAB8E4297->a9cb8897-0d38-4c59-817a-d67a8ba30c67@group-A55F67FDC954, cid=2922, SUCCESS, logIndex=4409, commits[a9cb8897-0d38-4c59-817a-d67a8ba30c67:c4410, 41e21bac-56c9-465a-a1cc-bc71b3ab473c:c4404, 2bfdf505-3a1f-44eb-9843-3820b2477da1:c4406]
2019-09-05 19:10:56,093 [grpc-default-executor-1] INFO  client.GrpcClientProtocolClient (GrpcClientProtocolClient.java:onNext(255)) - client-729EAB8E4297->a9cb8897-0d38-4c59-817a-d67a8ba30c67: receive RaftClientReply:client-729EAB8E4297->a9cb8897-0d38-4c59-817a-d67a8ba30c67@group-A55F67FDC954, cid=2923, SUCCESS, logIndex=4410, commits[a9cb8897-0d38-4c59-817a-d67a8ba30c67:c4410, 41e21bac-56c9-465a-a1cc-bc71b3ab473c:c4406, 2bfdf505-3a1f-44eb-9843-3820b2477da1:c4406]
2019-09-05 19:10:56,119 [grpc-default-executor-1] INFO  client.GrpcClientProtocolClient (GrpcClientProtocolClient.java:onNext(255)) - client-729EAB8E4297->a9cb8897-0d38-4c59-817a-d67a8ba30c67: receive RaftClientReply:client-729EAB8E4297->a9cb8897-0d38-4c59-817a-d67a8ba30c67@group-A55F67FDC954, cid=2924, SUCCESS, logIndex=4412, commits[a9cb8897-0d38-4c59-817a-d67a8ba30c67:c4413, 41e21bac-56c9-465a-a1cc-bc71b3ab473c:c4410, 2bfdf505-3a1f-44eb-9843-3820b2477da1:c4410]
2019-09-05 19:10:56,120 [grpc-default-executor-1] INFO  client.GrpcClientProtocolClient (GrpcClientProtocolClient.java:onNext(255)) - client-729EAB8E4297->a9cb8897-0d38-4c59-817a-d67a8ba30c67: receive RaftClientReply:client-729EAB8E4297->a9cb8897-0d38-4c59-817a-d67a8ba30c67@group-A55F67FDC954, cid=2925, SUCCESS, logIndex=4413, commits[a9cb8897-0d38-4c59-817a-d67a8ba30c67:c4413, 41e21bac-56c9-465a-a1cc-bc71b3ab473c:c4410, 2bfdf505-3a1f-44eb-9843-3820b2477da1:c4410]
2019-09-05 19:10:56,142 [grpc-default-executor-1] INFO  client.GrpcClientProtocolClient (GrpcClientProtocolClient.java:onNext(255)) - client-729EAB8E4297->a9cb8897-0d38-4c59-817a-d67a8ba30c67: receive RaftClientReply:client-729EAB8E4297->a9cb8897-0d38-4c59-817a-d67a8ba30c67@group-A55F67FDC954, cid=2926, SUCCESS, logIndex=0, commits[a9cb8897-0d38-4c59-817a-d67a8ba30c67:c4415, 41e21bac-56c9-465a-a1cc-bc71b3ab473c:c4413, 2bfdf505-3a1f-44eb-9843-3820b2477da1:c4413]
2019-09-05 19:10:56,175 [grpc-default-executor-3] INFO  client.GrpcClientProtocolClient (GrpcClientProtocolClient.java:onNext(255)) - client-729EAB8E4297->a9cb8897-0d38-4c59-817a-d67a8ba30c67: receive RaftClientReply:client-729EAB8E4297->a9cb8897-0d38-4c59-817a-d67a8ba30c67@group-A55F67FDC954, cid=2927, SUCCESS, logIndex=4416, commits[a9cb8897-0d38-4c59-817a-d67a8ba30c67:c4417, 41e21bac-56c9-465a-a1cc-bc71b3ab473c:c4415, 2bfdf505-3a1f-44eb-9843-3820b2477da1:c4415]
2019-09-05 19:10:56,175 [grpc-default-executor-3] INFO  client.GrpcClientProtocolClient (GrpcClientProtocolClient.java:onNext(255)) - client-729EAB8E4297->a9cb8897-0d38-4c59-817a-d67a8ba30c67: receive RaftClientReply:client-729EAB8E4297->a9cb8897-0d38-4c59-817a-d67a8ba30c67@group-A55F67FDC954, cid=2928, SUCCESS, logIndex=4417, commits[a9cb8897-0d38-4c59-817a-d67a8ba30c67:c4419, 41e21bac-56c9-465a-a1cc-bc71b3ab473c:c4415, 2bfdf505-3a1f-44eb-9843-3820b2477da1:c4415]
2019-09-05 19:10:56,176 [grpc-default-executor-3] INFO  client.GrpcClientProtocolClient (GrpcClientProtocolClient.java:onNext(255)) - client-729EAB8E4297->a9cb8897-0d38-4c59-817a-d67a8ba30c67: receive RaftClientReply:client-729EAB8E4297->a9cb8897-0d38-4c59-817a-d67a8ba30c67@group-A55F67FDC954, cid=2929, SUCCESS, logIndex=4418, commits[a9cb8897-0d38-4c59-817a-d67a8ba30c67:c4419, 41e21bac-56c9-465a-a1cc-bc71b3ab473c:c4415, 2bfdf505-3a1f-44eb-9843-3820b2477da1:c4415]
2019-09-05 19:10:56,176 [grpc-default-executor-3] INFO  client.GrpcClientProtocolClient (GrpcClientProtocolClient.java:onNext(255)) - client-729EAB8E4297->a9cb8897-0d38-4c59-817a-d67a8ba30c67: receive RaftClientReply:client-729EAB8E4297->a9cb8897-0d38-4c59-817a-d67a8ba30c67@group-A55F67FDC954, cid=2930, SUCCESS, logIndex=4419, commits[a9cb8897-0d38-4c59-817a-d67a8ba30c67:c4419, 41e21bac-56c9-465a-a1cc-bc71b3ab473c:c4415, 2bfdf505-3a1f-44eb-9843-3820b2477da1:c4415]
2019-09-05 19:10:56,200 [grpc-default-executor-1] INFO  client.GrpcClientProtocolClient (GrpcClientProtocolClient.java:onNext(255)) - client-729EAB8E4297->a9cb8897-0d38-4c59-817a-d67a8ba30c67: receive RaftClientReply:client-729EAB8E4297->a9cb8897-0d38-4c59-817a-d67a8ba30c67@group-A55F67FDC954, cid=2931, SUCCESS, logIndex=0, commits[a9cb8897-0d38-4c59-817a-d67a8ba30c67:c4422, 41e21bac-56c9-465a-a1cc-bc71b3ab473c:c4419, 2bfdf505-3a1f-44eb-9843-3820b2477da1:c4417]
2019-09-05 19:10:56,222 [grpc-default-executor-1] INFO  client.GrpcClientProtocolClient (GrpcClientProtocolClient.java:onNext(255)) - client-729EAB8E4297->a9cb8897-0d38-4c59-817a-d67a8ba30c67: receive RaftClientReply:client-729EAB8E4297->a9cb8897-0d38-4c59-817a-d67a8ba30c67@group-A55F67FDC954, cid=2932, SUCCESS, logIndex=4424, commits[a9cb8897-0d38-4c59-817a-d67a8ba30c67:c4425, 41e21bac-56c9-465a-a1cc-bc71b3ab473c:c4423, 2bfdf505-3a1f-44eb-9843-3820b2477da1:c4423]
2019-09-05 19:10:56,222 [grpc-default-executor-1] INFO  client.GrpcClientProtocolClient (GrpcClientProtocolClient.java:onNext(255)) - client-729EAB8E4297->a9cb8897-0d38-4c59-817a-d67a8ba30c67: receive RaftClientReply:client-729EAB8E4297->a9cb8897-0d38-4c59-817a-d67a8ba30c67@group-A55F67FDC954, cid=2933, SUCCESS, logIndex=4425, commits[a9cb8897-0d38-4c59-817a-d67a8ba30c67:c4425, 41e21bac-56c9-465a-a1cc-bc71b3ab473c:c4423, 2bfdf505-3a1f-44eb-9843-3820b2477da1:c4423]
2019-09-05 19:10:56,248 [grpc-default-executor-3] INFO  client.GrpcClientProtocolClient (GrpcClientProtocolClient.java:onNext(255)) - client-729EAB8E4297->a9cb8897-0d38-4c59-817a-d67a8ba30c67: receive RaftClientReply:client-729EAB8E4297->a9cb8897-0d38-4c59-817a-d67a8ba30c67@group-A55F67FDC954, cid=2934, SUCCESS, logIndex=4428, commits[a9cb8897-0d38-4c59-817a-d67a8ba30c67:c4429, 41e21bac-56c9-465a-a1cc-bc71b3ab473c:c4425, 2bfdf505-3a1f-44eb-9843-3820b2477da1:c4425]
2019-09-05 19:10:56,249 [grpc-default-executor-3] INFO  client.GrpcClientProtocolClient (GrpcClientProtocolClient.java:onNext(255)) - client-729EAB8E4297->a9cb8897-0d38-4c59-817a-d67a8ba30c67: receive RaftClientReply:client-729EAB8E4297->a9cb8897-0d38-4c59-817a-d67a8ba30c67@group-A55F67FDC954, cid=2935, SUCCESS, logIndex=4429, commits[a9cb8897-0d38-4c59-817a-d67a8ba30c67:c4429, 41e21bac-56c9-465a-a1cc-bc71b3ab473c:c4425, 2bfdf505-3a1f-44eb-9843-3820b2477da1:c4425]
2019-09-05 19:10:56,261 [grpc-default-executor-3] INFO  client.GrpcClientProtocolClient (GrpcClientProtocolClient.java:onNext(255)) - client-729EAB8E4297->a9cb8897-0d38-4c59-817a-d67a8ba30c67: receive RaftClientReply:client-729EAB8E4297->a9cb8897-0d38-4c59-817a-d67a8ba30c67@group-A55F67FDC954, cid=2936, SUCCESS, logIndex=0, commits[a9cb8897-0d38-4c59-817a-d67a8ba30c67:c4430, 41e21bac-56c9-465a-a1cc-bc71b3ab473c:c4429, 2bfdf505-3a1f-44eb-9843-3820b2477da1:c4429]
2019-09-05 19:10:56,302 [grpc-default-executor-0] INFO  client.GrpcClientProtocolClient (GrpcClientProtocolClient.java:onNext(255)) - client-729EAB8E4297->a9cb8897-0d38-4c59-817a-d67a8ba30c67: receive RaftClientReply:client-729EAB8E4297->a9cb8897-0d38-4c59-817a-d67a8ba30c67@group-A55F67FDC954, cid=2937, SUCCESS, logIndex=4432, commits[a9cb8897-0d38-4c59-817a-d67a8ba30c67:c4433, 41e21bac-56c9-465a-a1cc-bc71b3ab473c:c4431, 2bfdf505-3a1f-44eb-9843-3820b2477da1:c4431]
2019-09-05 19:10:56,303 [grpc-default-executor-0] INFO  client.GrpcClientProtocolClient (GrpcClientProtocolClient.java:onNext(255)) - client-729EAB8E4297->a9cb8897-0d38-4c59-817a-d67a8ba30c67: receive RaftClientReply:client-729EAB8E4297->a9cb8897-0d38-4c59-817a-d67a8ba30c67@group-A55F67FDC954, cid=2938, SUCCESS, logIndex=4433, commits[a9cb8897-0d38-4c59-817a-d67a8ba30c67:c4435, 41e21bac-56c9-465a-a1cc-bc71b3ab473c:c4431, 2bfdf505-3a1f-44eb-9843-3820b2477da1:c4431]
2019-09-05 19:10:56,303 [grpc-default-executor-0] INFO  client.GrpcClientProtocolClient (GrpcClientProtocolClient.java:onNext(255)) - client-729EAB8E4297->a9cb8897-0d38-4c59-817a-d67a8ba30c67: receive RaftClientReply:client-729EAB8E4297->a9cb8897-0d38-4c59-817a-d67a8ba30c67@group-A55F67FDC954, cid=2939, SUCCESS, logIndex=4434, commits[a9cb8897-0d38-4c59-817a-d67a8ba30c67:c4435, 41e21bac-56c9-465a-a1cc-bc71b3ab473c:c4431, 2bfdf505-3a1f-44eb-9843-3820b2477da1:c4431]
2019-09-05 19:10:56,304 [grpc-default-executor-0] INFO  client.GrpcClientProtocolClient (GrpcClientProtocolClient.java:onNext(255)) - client-729EAB8E4297->a9cb8897-0d38-4c59-817a-d67a8ba30c67: receive RaftClientReply:client-729EAB8E4297->a9cb8897-0d38-4c59-817a-d67a8ba30c67@group-A55F67FDC954, cid=2940, SUCCESS, logIndex=4435, commits[a9cb8897-0d38-4c59-817a-d67a8ba30c67:c4435, 41e21bac-56c9-465a-a1cc-bc71b3ab473c:c4431, 2bfdf505-3a1f-44eb-9843-3820b2477da1:c4431]
2019-09-05 19:10:56,316 [grpc-default-executor-0] INFO  client.GrpcClientProtocolClient (GrpcClientProtocolClient.java:onNext(255)) - client-729EAB8E4297->a9cb8897-0d38-4c59-817a-d67a8ba30c67: receive RaftClientReply:client-729EAB8E4297->a9cb8897-0d38-4c59-817a-d67a8ba30c67@group-A55F67FDC954, cid=2941, SUCCESS, logIndex=0, commits[a9cb8897-0d38-4c59-817a-d67a8ba30c67:c4439, 41e21bac-56c9-465a-a1cc-bc71b3ab473c:c4435, 2bfdf505-3a1f-44eb-9843-3820b2477da1:c4433]
2019-09-05 19:10:56,337 [grpc-default-executor-1] INFO  client.GrpcClientProtocolClient (GrpcClientProtocolClient.java:onNext(255)) - client-729EAB8E4297->a9cb8897-0d38-4c59-817a-d67a8ba30c67: receive RaftClientReply:client-729EAB8E4297->a9cb8897-0d38-4c59-817a-d67a8ba30c67@group-A55F67FDC954, cid=2942, SUCCESS, logIndex=4440, commits[a9cb8897-0d38-4c59-817a-d67a8ba30c67:c4441, 41e21bac-56c9-465a-a1cc-bc71b3ab473c:c4439, 2bfdf505-3a1f-44eb-9843-3820b2477da1:c4439]
2019-09-05 19:10:56,337 [grpc-default-executor-1] INFO  client.GrpcClientProtocolClient (GrpcClientProtocolClient.java:onNext(255)) - client-729EAB8E4297->a9cb8897-0d38-4c59-817a-d67a8ba30c67: receive RaftClientReply:client-729EAB8E4297->a9cb8897-0d38-4c59-817a-d67a8ba30c67@group-A55F67FDC954, cid=2943, SUCCESS, logIndex=4441, commits[a9cb8897-0d38-4c59-817a-d67a8ba30c67:c4441, 41e21bac-56c9-465a-a1cc-bc71b3ab473c:c4439, 2bfdf505-3a1f-44eb-9843-3820b2477da1:c4439]
 0.00% |█                                                                                                    |  0/1 Time: 0:00:302019-09-05 19:10:56,351 [grpc-default-executor-3] INFO  client.GrpcClientProtocolClient (GrpcClientProtocolClient.java:onNext(255)) - client-729EAB8E4297->a9cb8897-0d38-4c59-817a-d67a8ba30c67: receive RaftClientReply:client-729EAB8E4297->a9cb8897-0d38-4c59-817a-d67a8ba30c67@group-A55F67FDC954, cid=2944, SUCCESS, logIndex=4444, commits[a9cb8897-0d38-4c59-817a-d67a8ba30c67:c4445, 41e21bac-56c9-465a-a1cc-bc71b3ab473c:c4441, 2bfdf505-3a1f-44eb-9843-3820b2477da1:c4441]
2019-09-05 19:10:56,352 [grpc-default-executor-3] INFO  client.GrpcClientProtocolClient (GrpcClientProtocolClient.java:onNext(255)) - client-729EAB8E4297->a9cb8897-0d38-4c59-817a-d67a8ba30c67: receive RaftClientReply:client-729EAB8E4297->a9cb8897-0d38-4c59-817a-d67a8ba30c67@group-A55F67FDC954, cid=2945, SUCCESS, logIndex=4445, commits[a9cb8897-0d38-4c59-817a-d67a8ba30c67:c4445, 41e21bac-56c9-465a-a1cc-bc71b3ab473c:c4441, 2bfdf505-3a1f-44eb-9843-3820b2477da1:c4441]
2019-09-05 19:10:56,375 [grpc-default-executor-3] INFO  client.GrpcClientProtocolClient (GrpcClientProtocolClient.java:onNext(255)) - client-729EAB8E4297->a9cb8897-0d38-4c59-817a-d67a8ba30c67: receive RaftClientReply:client-729EAB8E4297->a9cb8897-0d38-4c59-817a-d67a8ba30c67@group-A55F67FDC954, cid=2946, SUCCESS, logIndex=0, commits[a9cb8897-0d38-4c59-817a-d67a8ba30c67:c4447, 41e21bac-56c9-465a-a1cc-bc71b3ab473c:c4445, 2bfdf505-3a1f-44eb-9843-3820b2477da1:c4445]
2019-09-05 19:10:56,412 [grpc-default-executor-1] INFO  client.GrpcClientProtocolClient (GrpcClientProtocolClient.java:onNext(255)) - client-729EAB8E4297->a9cb8897-0d38-4c59-817a-d67a8ba30c67: receive RaftClientReply:client-729EAB8E4297->a9cb8897-0d38-4c59-817a-d67a8ba30c67@group-A55F67FDC954, cid=2947, SUCCESS, logIndex=4448, commits[a9cb8897-0d38-4c59-817a-d67a8ba30c67:c4449, 41e21bac-56c9-465a-a1cc-bc71b3ab473c:c4447, 2bfdf505-3a1f-44eb-9843-3820b2477da1:c4447]
2019-09-05 19:10:56,413 [grpc-default-executor-1] INFO  client.GrpcClientProtocolClient (GrpcClientProtocolClient.java:onNext(255)) - client-729EAB8E4297->a9cb8897-0d38-4c59-817a-d67a8ba30c67: receive RaftClientReply:client-729EAB8E4297->a9cb8897-0d38-4c59-817a-d67a8ba30c67@group-A55F67FDC954, cid=2948, SUCCESS, logIndex=4449, commits[a9cb8897-0d38-4c59-817a-d67a8ba30c67:c4449, 41e21bac-56c9-465a-a1cc-bc71b3ab473c:c4447, 2bfdf505-3a1f-44eb-9843-3820b2477da1:c4447]
2019-09-05 19:10:56,423 [grpc-default-executor-0] INFO  client.GrpcClientProtocolClient (GrpcClientProtocolClient.java:onNext(255)) - client-729EAB8E4297->a9cb8897-0d38-4c59-817a-d67a8ba30c67: receive RaftClientReply:client-729EAB8E4297->a9cb8897-0d38-4c59-817a-d67a8ba30c67@group-A55F67FDC954, cid=2949, SUCCESS, logIndex=4450, commits[a9cb8897-0d38-4c59-817a-d67a8ba30c67:c4451, 41e21bac-56c9-465a-a1cc-bc71b3ab473c:c4447, 2bfdf505-3a1f-44eb-9843-3820b2477da1:c4447]
2019-09-05 19:10:56,424 [grpc-default-executor-0] INFO  client.GrpcClientProtocolClient (GrpcClientProtocolClient.java:onNext(255)) - client-729EAB8E4297->a9cb8897-0d38-4c59-817a-d67a8ba30c67: receive RaftClientReply:client-729EAB8E4297->a9cb8897-0d38-4c59-817a-d67a8ba30c67@group-A55F67FDC954, cid=2950, SUCCESS, logIndex=4451, commits[a9cb8897-0d38-4c59-817a-d67a8ba30c67:c4451, 41e21bac-56c9-465a-a1cc-bc71b3ab473c:c4447, 2bfdf505-3a1f-44eb-9843-3820b2477da1:c4447]
2019-09-05 19:10:56,425 [grpc-default-executor-0] INFO  client.GrpcClientProtocolClient (GrpcClientProtocolClient.java:onNext(255)) - client-729EAB8E4297->a9cb8897-0d38-4c59-817a-d67a8ba30c67: receive RaftClientReply:client-729EAB8E4297->a9cb8897-0d38-4c59-817a-d67a8ba30c67@group-A55F67FDC954, cid=2951, SUCCESS, logIndex=0, commits[a9cb8897-0d38-4c59-817a-d67a8ba30c67:c4453, 41e21bac-56c9-465a-a1cc-bc71b3ab473c:c4449, 2bfdf505-3a1f-44eb-9843-3820b2477da1:c4449]
2019-09-05 19:10:56,446 [grpc-default-executor-3] INFO  client.GrpcClientProtocolClient (GrpcClientProtocolClient.java:onNext(255)) - client-729EAB8E4297->a9cb8897-0d38-4c59-817a-d67a8ba30c67: receive RaftClientReply:client-729EAB8E4297->a9cb8897-0d38-4c59-817a-d67a8ba30c67@group-A55F67FDC954, cid=2952, SUCCESS, logIndex=4456, commits[a9cb8897-0d38-4c59-817a-d67a8ba30c67:c4456, 41e21bac-56c9-465a-a1cc-bc71b3ab473c:c4455, 2bfdf505-3a1f-44eb-9843-3820b2477da1:c4455]
2019-09-05 19:10:56,446 [grpc-default-executor-3] INFO  client.GrpcClientProtocolClient (GrpcClientProtocolClient.java:onNext(255)) - client-729EAB8E4297->a9cb8897-0d38-4c59-817a-d67a8ba30c67: receive RaftClientReply:client-729EAB8E4297->a9cb8897-0d38-4c59-817a-d67a8ba30c67@group-A55F67FDC954, cid=2953, SUCCESS, logIndex=4457, commits[a9cb8897-0d38-4c59-817a-d67a8ba30c67:c4457, 41e21bac-56c9-465a-a1cc-bc71b3ab473c:c4455, 2bfdf505-3a1f-44eb-9843-3820b2477da1:c4455]
2019-09-05 19:10:56,463 [grpc-default-executor-0] INFO  client.GrpcClientProtocolClient (GrpcClientProtocolClient.java:onNext(255)) - client-729EAB8E4297->a9cb8897-0d38-4c59-817a-d67a8ba30c67: receive RaftClientReply:client-729EAB8E4297->a9cb8897-0d38-4c59-817a-d67a8ba30c67@group-A55F67FDC954, cid=2954, SUCCESS, logIndex=4460, commits[a9cb8897-0d38-4c59-817a-d67a8ba30c67:c4461, 41e21bac-56c9-465a-a1cc-bc71b3ab473c:c4457, 2bfdf505-3a1f-44eb-9843-3820b2477da1:c4457]
2019-09-05 19:10:56,463 [grpc-default-executor-0] INFO  client.GrpcClientProtocolClient (GrpcClientProtocolClient.java:onNext(255)) - client-729EAB8E4297->a9cb8897-0d38-4c59-817a-d67a8ba30c67: receive RaftClientReply:client-729EAB8E4297->a9cb8897-0d38-4c59-817a-d67a8ba30c67@group-A55F67FDC954, cid=2955, SUCCESS, logIndex=4461, commits[a9cb8897-0d38-4c59-817a-d67a8ba30c67:c4461, 41e21bac-56c9-465a-a1cc-bc71b3ab473c:c4457, 2bfdf505-3a1f-44eb-9843-3820b2477da1:c4457]
2019-09-05 19:10:56,466 [grpc-default-executor-0] INFO  client.GrpcClientProtocolClient (GrpcClientProtocolClient.java:onNext(255)) - client-729EAB8E4297->a9cb8897-0d38-4c59-817a-d67a8ba30c67: receive RaftClientReply:client-729EAB8E4297->a9cb8897-0d38-4c59-817a-d67a8ba30c67@group-A55F67FDC954, cid=2956, SUCCESS, logIndex=0, commits[a9cb8897-0d38-4c59-817a-d67a8ba30c67:c4461, 41e21bac-56c9-465a-a1cc-bc71b3ab473c:c4461, 2bfdf505-3a1f-44eb-9843-3820b2477da1:c4461]
2019-09-05 19:10:56,490 [grpc-default-executor-1] INFO  client.GrpcClientProtocolClient (GrpcClientProtocolClient.java:onNext(255)) - client-729EAB8E4297->a9cb8897-0d38-4c59-817a-d67a8ba30c67: receive RaftClientReply:client-729EAB8E4297->a9cb8897-0d38-4c59-817a-d67a8ba30c67@group-A55F67FDC954, cid=2957, SUCCESS, logIndex=4464, commits[a9cb8897-0d38-4c59-817a-d67a8ba30c67:c4465, 41e21bac-56c9-465a-a1cc-bc71b3ab473c:c4463, 2bfdf505-3a1f-44eb-9843-3820b2477da1:c4461]
2019-09-05 19:10:56,490 [grpc-default-executor-1] INFO  client.GrpcClientProtocolClient (GrpcClientProtocolClient.java:onNext(255)) - client-729EAB8E4297->a9cb8897-0d38-4c59-817a-d67a8ba30c67: receive RaftClientReply:client-729EAB8E4297->a9cb8897-0d38-4c59-817a-d67a8ba30c67@group-A55F67FDC954, cid=2958, SUCCESS, logIndex=4465, commits[a9cb8897-0d38-4c59-817a-d67a8ba30c67:c4465, 41e21bac-56c9-465a-a1cc-bc71b3ab473c:c4463, 2bfdf505-3a1f-44eb-9843-3820b2477da1:c4461]
2019-09-05 19:10:56,492 [grpc-default-executor-1] INFO  client.GrpcClientProtocolClient (GrpcClientProtocolClient.java:onNext(255)) - client-729EAB8E4297->a9cb8897-0d38-4c59-817a-d67a8ba30c67: receive RaftClientReply:client-729EAB8E4297->a9cb8897-0d38-4c59-817a-d67a8ba30c67@group-A55F67FDC954, cid=2959, SUCCESS, logIndex=4466, commits[a9cb8897-0d38-4c59-817a-d67a8ba30c67:c4466, 41e21bac-56c9-465a-a1cc-bc71b3ab473c:c4463, 2bfdf505-3a1f-44eb-9843-3820b2477da1:c4463]
2019-09-05 19:10:56,492 [grpc-default-executor-1] INFO  client.GrpcClientProtocolClient (GrpcClientProtocolClient.java:onNext(255)) - client-729EAB8E4297->a9cb8897-0d38-4c59-817a-d67a8ba30c67: receive RaftClientReply:client-729EAB8E4297->a9cb8897-0d38-4c59-817a-d67a8ba30c67@group-A55F67FDC954, cid=2960, SUCCESS, logIndex=4467, commits[a9cb8897-0d38-4c59-817a-d67a8ba30c67:c4467, 41e21bac-56c9-465a-a1cc-bc71b3ab473c:c4463, 2bfdf505-3a1f-44eb-9843-3820b2477da1:c4463]
2019-09-05 19:10:56,495 [grpc-default-executor-1] INFO  client.GrpcClientProtocolClient (GrpcClientProtocolClient.java:onNext(255)) - client-729EAB8E4297->a9cb8897-0d38-4c59-817a-d67a8ba30c67: receive RaftClientReply:client-729EAB8E4297->a9cb8897-0d38-4c59-817a-d67a8ba30c67@group-A55F67FDC954, cid=2961, SUCCESS, logIndex=0, commits[a9cb8897-0d38-4c59-817a-d67a8ba30c67:c4468, 41e21bac-56c9-465a-a1cc-bc71b3ab473c:c4465, 2bfdf505-3a1f-44eb-9843-3820b2477da1:c4465]
2019-09-05 19:10:56,507 [grpc-default-executor-3] INFO  client.GrpcClientProtocolClient (GrpcClientProtocolClient.java:onNext(255)) - client-729EAB8E4297->a9cb8897-0d38-4c59-817a-d67a8ba30c67: receive RaftClientReply:client-729EAB8E4297->a9cb8897-0d38-4c59-817a-d67a8ba30c67@group-A55F67FDC954, cid=2962, SUCCESS, logIndex=4472, commits[a9cb8897-0d38-4c59-817a-d67a8ba30c67:c4473, 41e21bac-56c9-465a-a1cc-bc71b3ab473c:c4467, 2bfdf505-3a1f-44eb-9843-3820b2477da1:c4471]
2019-09-05 19:10:56,507 [grpc-default-executor-3] INFO  client.GrpcClientProtocolClient (GrpcClientProtocolClient.java:onNext(255)) - client-729EAB8E4297->a9cb8897-0d38-4c59-817a-d67a8ba30c67: receive RaftClientReply:client-729EAB8E4297->a9cb8897-0d38-4c59-817a-d67a8ba30c67@group-A55F67FDC954, cid=2963, SUCCESS, logIndex=4473, commits[a9cb8897-0d38-4c59-817a-d67a8ba30c67:c4473, 41e21bac-56c9-465a-a1cc-bc71b3ab473c:c4471, 2bfdf505-3a1f-44eb-9843-3820b2477da1:c4471]
2019-09-05 19:10:56,519 [grpc-default-executor-3] INFO  client.GrpcClientProtocolClient (GrpcClientProtocolClient.java:onNext(255)) - client-729EAB8E4297->a9cb8897-0d38-4c59-817a-d67a8ba30c67: receive RaftClientReply:client-729EAB8E4297->a9cb8897-0d38-4c59-817a-d67a8ba30c67@group-A55F67FDC954, cid=2964, SUCCESS, logIndex=4476, commits[a9cb8897-0d38-4c59-817a-d67a8ba30c67:c4477, 41e21bac-56c9-465a-a1cc-bc71b3ab473c:c4475, 2bfdf505-3a1f-44eb-9843-3820b2477da1:c4475]
2019-09-05 19:10:56,519 [grpc-default-executor-3] INFO  client.GrpcClientProtocolClient (GrpcClientProtocolClient.java:onNext(255)) - client-729EAB8E4297->a9cb8897-0d38-4c59-817a-d67a8ba30c67: receive RaftClientReply:client-729EAB8E4297->a9cb8897-0d38-4c59-817a-d67a8ba30c67@group-A55F67FDC954, cid=2965, SUCCESS, logIndex=4477, commits[a9cb8897-0d38-4c59-817a-d67a8ba30c67:c4477, 41e21bac-56c9-465a-a1cc-bc71b3ab473c:c4475, 2bfdf505-3a1f-44eb-9843-3820b2477da1:c4475]
2019-09-05 19:10:56,522 [grpc-default-executor-3] INFO  client.GrpcClientProtocolClient (GrpcClientProtocolClient.java:onNext(255)) - client-729EAB8E4297->a9cb8897-0d38-4c59-817a-d67a8ba30c67: receive RaftClientReply:client-729EAB8E4297->a9cb8897-0d38-4c59-817a-d67a8ba30c67@group-A55F67FDC954, cid=2966, SUCCESS, logIndex=0, commits[a9cb8897-0d38-4c59-817a-d67a8ba30c67:c4478, 41e21bac-56c9-465a-a1cc-bc71b3ab473c:c4477, 2bfdf505-3a1f-44eb-9843-3820b2477da1:c4477]
2019-09-05 19:10:56,569 [grpc-default-executor-1] INFO  client.GrpcClientProtocolClient (GrpcClientProtocolClient.java:onNext(255)) - client-729EAB8E4297->a9cb8897-0d38-4c59-817a-d67a8ba30c67: receive RaftClientReply:client-729EAB8E4297->a9cb8897-0d38-4c59-817a-d67a8ba30c67@group-A55F67FDC954, cid=2967, SUCCESS, logIndex=4480, commits[a9cb8897-0d38-4c59-817a-d67a8ba30c67:c4481, 41e21bac-56c9-465a-a1cc-bc71b3ab473c:c4479, 2bfdf505-3a1f-44eb-9843-3820b2477da1:c4479]
2019-09-05 19:10:56,570 [grpc-default-executor-2] INFO  client.GrpcClientProtocolClient (GrpcClientProtocolClient.java:onNext(255)) - client-729EAB8E4297->a9cb8897-0d38-4c59-817a-d67a8ba30c67: receive RaftClientReply:client-729EAB8E4297->a9cb8897-0d38-4c59-817a-d67a8ba30c67@group-A55F67FDC954, cid=2968, SUCCESS, logIndex=4481, commits[a9cb8897-0d38-4c59-817a-d67a8ba30c67:c4482, 41e21bac-56c9-465a-a1cc-bc71b3ab473c:c4479, 2bfdf505-3a1f-44eb-9843-3820b2477da1:c4479]
2019-09-05 19:10:56,570 [grpc-default-executor-2] INFO  client.GrpcClientProtocolClient (GrpcClientProtocolClient.java:onNext(255)) - client-729EAB8E4297->a9cb8897-0d38-4c59-817a-d67a8ba30c67: receive RaftClientReply:client-729EAB8E4297->a9cb8897-0d38-4c59-817a-d67a8ba30c67@group-A55F67FDC954, cid=2969, SUCCESS, logIndex=4482, commits[a9cb8897-0d38-4c59-817a-d67a8ba30c67:c4483, 41e21bac-56c9-465a-a1cc-bc71b3ab473c:c4479, 2bfdf505-3a1f-44eb-9843-3820b2477da1:c4479]
2019-09-05 19:10:56,570 [grpc-default-executor-2] INFO  client.GrpcClientProtocolClient (GrpcClientProtocolClient.java:onNext(255)) - client-729EAB8E4297->a9cb8897-0d38-4c59-817a-d67a8ba30c67: receive RaftClientReply:client-729EAB8E4297->a9cb8897-0d38-4c59-817a-d67a8ba30c67@group-A55F67FDC954, cid=2970, SUCCESS, logIndex=4483, commits[a9cb8897-0d38-4c59-817a-d67a8ba30c67:c4483, 41e21bac-56c9-465a-a1cc-bc71b3ab473c:c4479, 2bfdf505-3a1f-44eb-9843-3820b2477da1:c4479]
2019-09-05 19:10:56,581 [grpc-default-executor-1] INFO  client.GrpcClientProtocolClient (GrpcClientProtocolClient.java:onNext(255)) - client-729EAB8E4297->a9cb8897-0d38-4c59-817a-d67a8ba30c67: receive RaftClientReply:client-729EAB8E4297->a9cb8897-0d38-4c59-817a-d67a8ba30c67@group-A55F67FDC954, cid=2971, SUCCESS, logIndex=0, commits[a9cb8897-0d38-4c59-817a-d67a8ba30c67:c4485, 41e21bac-56c9-465a-a1cc-bc71b3ab473c:c4481, 2bfdf505-3a1f-44eb-9843-3820b2477da1:c4481]
2019-09-05 19:10:56,603 [grpc-default-executor-1] INFO  client.GrpcClientProtocolClient (GrpcClientProtocolClient.java:onNext(255)) - client-729EAB8E4297->a9cb8897-0d38-4c59-817a-d67a8ba30c67: receive RaftClientReply:client-729EAB8E4297->a9cb8897-0d38-4c59-817a-d67a8ba30c67@group-A55F67FDC954, cid=2972, SUCCESS, logIndex=4488, commits[a9cb8897-0d38-4c59-817a-d67a8ba30c67:c4489, 41e21bac-56c9-465a-a1cc-bc71b3ab473c:c4487, 2bfdf505-3a1f-44eb-9843-3820b2477da1:c4487]
2019-09-05 19:10:56,604 [grpc-default-executor-1] INFO  client.GrpcClientProtocolClient (GrpcClientProtocolClient.java:onNext(255)) - client-729EAB8E4297->a9cb8897-0d38-4c59-817a-d67a8ba30c67: receive RaftClientReply:client-729EAB8E4297->a9cb8897-0d38-4c59-817a-d67a8ba30c67@group-A55F67FDC954, cid=2973, SUCCESS, logIndex=4489, commits[a9cb8897-0d38-4c59-817a-d67a8ba30c67:c4489, 41e21bac-56c9-465a-a1cc-bc71b3ab473c:c4487, 2bfdf505-3a1f-44eb-9843-3820b2477da1:c4487]
2019-09-05 19:10:56,629 [grpc-default-executor-0] INFO  client.GrpcClientProtocolClient (GrpcClientProtocolClient.java:onNext(255)) - client-729EAB8E4297->a9cb8897-0d38-4c59-817a-d67a8ba30c67: receive RaftClientReply:client-729EAB8E4297->a9cb8897-0d38-4c59-817a-d67a8ba30c67@group-A55F67FDC954, cid=2974, SUCCESS, logIndex=4492, commits[a9cb8897-0d38-4c59-817a-d67a8ba30c67:c4493, 41e21bac-56c9-465a-a1cc-bc71b3ab473c:c4489, 2bfdf505-3a1f-44eb-9843-3820b2477da1:c4489]
2019-09-05 19:10:56,629 [grpc-default-executor-0] INFO  client.GrpcClientProtocolClient (GrpcClientProtocolClient.java:onNext(255)) - client-729EAB8E4297->a9cb8897-0d38-4c59-817a-d67a8ba30c67: receive RaftClientReply:client-729EAB8E4297->a9cb8897-0d38-4c59-817a-d67a8ba30c67@group-A55F67FDC954, cid=2975, SUCCESS, logIndex=4493, commits[a9cb8897-0d38-4c59-817a-d67a8ba30c67:c4493, 41e21bac-56c9-465a-a1cc-bc71b3ab473c:c4489, 2bfdf505-3a1f-44eb-9843-3820b2477da1:c4489]
2019-09-05 19:10:56,654 [grpc-default-executor-0] INFO  client.GrpcClientProtocolClient (GrpcClientProtocolClient.java:onNext(255)) - client-729EAB8E4297->a9cb8897-0d38-4c59-817a-d67a8ba30c67: receive RaftClientReply:client-729EAB8E4297->a9cb8897-0d38-4c59-817a-d67a8ba30c67@group-A55F67FDC954, cid=2976, SUCCESS, logIndex=0, commits[a9cb8897-0d38-4c59-817a-d67a8ba30c67:c4495, 41e21bac-56c9-465a-a1cc-bc71b3ab473c:c4493, 2bfdf505-3a1f-44eb-9843-3820b2477da1:c4493]
2019-09-05 19:10:56,685 [grpc-default-executor-1] INFO  client.GrpcClientProtocolClient (GrpcClientProtocolClient.java:onNext(255)) - client-729EAB8E4297->a9cb8897-0d38-4c59-817a-d67a8ba30c67: receive RaftClientReply:client-729EAB8E4297->a9cb8897-0d38-4c59-817a-d67a8ba30c67@group-A55F67FDC954, cid=2977, SUCCESS, logIndex=4496, commits[a9cb8897-0d38-4c59-817a-d67a8ba30c67:c4497, 41e21bac-56c9-465a-a1cc-bc71b3ab473c:c4495, 2bfdf505-3a1f-44eb-9843-3820b2477da1:c4495]
2019-09-05 19:10:56,685 [grpc-default-executor-1] INFO  client.GrpcClientProtocolClient (GrpcClientProtocolClient.java:onNext(255)) - client-729EAB8E4297->a9cb8897-0d38-4c59-817a-d67a8ba30c67: receive RaftClientReply:client-729EAB8E4297->a9cb8897-0d38-4c59-817a-d67a8ba30c67@group-A55F67FDC954, cid=2978, SUCCESS, logIndex=4497, commits[a9cb8897-0d38-4c59-817a-d67a8ba30c67:c4497, 41e21bac-56c9-465a-a1cc-bc71b3ab473c:c4495, 2bfdf505-3a1f-44eb-9843-3820b2477da1:c4495]
2019-09-05 19:10:56,687 [grpc-default-executor-1] INFO  client.GrpcClientProtocolClient (GrpcClientProtocolClient.java:onNext(255)) - client-729EAB8E4297->a9cb8897-0d38-4c59-817a-d67a8ba30c67: receive RaftClientReply:client-729EAB8E4297->a9cb8897-0d38-4c59-817a-d67a8ba30c67@group-A55F67FDC954, cid=2979, SUCCESS, logIndex=4498, commits[a9cb8897-0d38-4c59-817a-d67a8ba30c67:c4499, 41e21bac-56c9-465a-a1cc-bc71b3ab473c:c4495, 2bfdf505-3a1f-44eb-9843-3820b2477da1:c4495]
2019-09-05 19:10:56,687 [grpc-default-executor-1] INFO  client.GrpcClientProtocolClient (GrpcClientProtocolClient.java:onNext(255)) - client-729EAB8E4297->a9cb8897-0d38-4c59-817a-d67a8ba30c67: receive RaftClientReply:client-729EAB8E4297->a9cb8897-0d38-4c59-817a-d67a8ba30c67@group-A55F67FDC954, cid=2980, SUCCESS, logIndex=4499, commits[a9cb8897-0d38-4c59-817a-d67a8ba30c67:c4499, 41e21bac-56c9-465a-a1cc-bc71b3ab473c:c4495, 2bfdf505-3a1f-44eb-9843-3820b2477da1:c4495]
2019-09-05 19:10:56,701 [grpc-default-executor-1] INFO  client.GrpcClientProtocolClient (GrpcClientProtocolClient.java:onNext(255)) - client-729EAB8E4297->a9cb8897-0d38-4c59-817a-d67a8ba30c67: receive RaftClientReply:client-729EAB8E4297->a9cb8897-0d38-4c59-817a-d67a8ba30c67@group-A55F67FDC954, cid=2981, SUCCESS, logIndex=0, commits[a9cb8897-0d38-4c59-817a-d67a8ba30c67:c4500, 41e21bac-56c9-465a-a1cc-bc71b3ab473c:c4497, 2bfdf505-3a1f-44eb-9843-3820b2477da1:c4497]
2019-09-05 19:10:56,714 [grpc-default-executor-1] INFO  client.GrpcClientProtocolClient (GrpcClientProtocolClient.java:onNext(255)) - client-729EAB8E4297->a9cb8897-0d38-4c59-817a-d67a8ba30c67: receive RaftClientReply:client-729EAB8E4297->a9cb8897-0d38-4c59-817a-d67a8ba30c67@group-A55F67FDC954, cid=2982, SUCCESS, logIndex=4504, commits[a9cb8897-0d38-4c59-817a-d67a8ba30c67:c4505, 41e21bac-56c9-465a-a1cc-bc71b3ab473c:c4503, 2bfdf505-3a1f-44eb-9843-3820b2477da1:c4499]
2019-09-05 19:10:56,714 [grpc-default-executor-1] INFO  client.GrpcClientProtocolClient (GrpcClientProtocolClient.java:onNext(255)) - client-729EAB8E4297->a9cb8897-0d38-4c59-817a-d67a8ba30c67: receive RaftClientReply:client-729EAB8E4297->a9cb8897-0d38-4c59-817a-d67a8ba30c67@group-A55F67FDC954, cid=2983, SUCCESS, logIndex=4505, commits[a9cb8897-0d38-4c59-817a-d67a8ba30c67:c4505, 41e21bac-56c9-465a-a1cc-bc71b3ab473c:c4503, 2bfdf505-3a1f-44eb-9843-3820b2477da1:c4503]
2019-09-05 19:10:56,727 [grpc-default-executor-0] INFO  client.GrpcClientProtocolClient (GrpcClientProtocolClient.java:onNext(255)) - client-729EAB8E4297->a9cb8897-0d38-4c59-817a-d67a8ba30c67: receive RaftClientReply:client-729EAB8E4297->a9cb8897-0d38-4c59-817a-d67a8ba30c67@group-A55F67FDC954, cid=2984, SUCCESS, logIndex=4508, commits[a9cb8897-0d38-4c59-817a-d67a8ba30c67:c4509, 41e21bac-56c9-465a-a1cc-bc71b3ab473c:c4507, 2bfdf505-3a1f-44eb-9843-3820b2477da1:c4505]
2019-09-05 19:10:56,728 [grpc-default-executor-0] INFO  client.GrpcClientProtocolClient (GrpcClientProtocolClient.java:onNext(255)) - client-729EAB8E4297->a9cb8897-0d38-4c59-817a-d67a8ba30c67: receive RaftClientReply:client-729EAB8E4297->a9cb8897-0d38-4c59-817a-d67a8ba30c67@group-A55F67FDC954, cid=2985, SUCCESS, logIndex=4509, commits[a9cb8897-0d38-4c59-817a-d67a8ba30c67:c4509, 41e21bac-56c9-465a-a1cc-bc71b3ab473c:c4507, 2bfdf505-3a1f-44eb-9843-3820b2477da1:c4507]
2019-09-05 19:10:56,729 [grpc-default-executor-0] INFO  client.GrpcClientProtocolClient (GrpcClientProtocolClient.java:onNext(255)) - client-729EAB8E4297->a9cb8897-0d38-4c59-817a-d67a8ba30c67: receive RaftClientReply:client-729EAB8E4297->a9cb8897-0d38-4c59-817a-d67a8ba30c67@group-A55F67FDC954, cid=2986, SUCCESS, logIndex=0, commits[a9cb8897-0d38-4c59-817a-d67a8ba30c67:c4510, 41e21bac-56c9-465a-a1cc-bc71b3ab473c:c4509, 2bfdf505-3a1f-44eb-9843-3820b2477da1:c4509]
2019-09-05 19:10:56,881 [grpc-default-executor-1] INFO  client.GrpcClientProtocolClient (GrpcClientProtocolClient.java:onNext(255)) - client-729EAB8E4297->a9cb8897-0d38-4c59-817a-d67a8ba30c67: receive RaftClientReply:client-729EAB8E4297->a9cb8897-0d38-4c59-817a-d67a8ba30c67@group-A55F67FDC954, cid=2987, SUCCESS, logIndex=4512, commits[a9cb8897-0d38-4c59-817a-d67a8ba30c67:c4514, 41e21bac-56c9-465a-a1cc-bc71b3ab473c:c4511, 2bfdf505-3a1f-44eb-9843-3820b2477da1:c4509]
2019-09-05 19:10:56,881 [grpc-default-executor-1] INFO  client.GrpcClientProtocolClient (GrpcClientProtocolClient.java:onNext(255)) - client-729EAB8E4297->a9cb8897-0d38-4c59-817a-d67a8ba30c67: receive RaftClientReply:client-729EAB8E4297->a9cb8897-0d38-4c59-817a-d67a8ba30c67@group-A55F67FDC954, cid=2988, SUCCESS, logIndex=4513, commits[a9cb8897-0d38-4c59-817a-d67a8ba30c67:c4515, 41e21bac-56c9-465a-a1cc-bc71b3ab473c:c4511, 2bfdf505-3a1f-44eb-9843-3820b2477da1:c4511]
2019-09-05 19:10:56,882 [grpc-default-executor-1] INFO  client.GrpcClientProtocolClient (GrpcClientProtocolClient.java:onNext(255)) - client-729EAB8E4297->a9cb8897-0d38-4c59-817a-d67a8ba30c67: receive RaftClientReply:client-729EAB8E4297->a9cb8897-0d38-4c59-817a-d67a8ba30c67@group-A55F67FDC954, cid=2989, SUCCESS, logIndex=4514, commits[a9cb8897-0d38-4c59-817a-d67a8ba30c67:c4515, 41e21bac-56c9-465a-a1cc-bc71b3ab473c:c4511, 2bfdf505-3a1f-44eb-9843-3820b2477da1:c4511]
2019-09-05 19:10:56,882 [grpc-default-executor-1] INFO  client.GrpcClientProtocolClient (GrpcClientProtocolClient.java:onNext(255)) - client-729EAB8E4297->a9cb8897-0d38-4c59-817a-d67a8ba30c67: receive RaftClientReply:client-729EAB8E4297->a9cb8897-0d38-4c59-817a-d67a8ba30c67@group-A55F67FDC954, cid=2990, SUCCESS, logIndex=4515, commits[a9cb8897-0d38-4c59-817a-d67a8ba30c67:c4516, 41e21bac-56c9-465a-a1cc-bc71b3ab473c:c4512, 2bfdf505-3a1f-44eb-9843-3820b2477da1:c4513]
2019-09-05 19:10:56,893 [grpc-default-executor-0] INFO  client.GrpcClientProtocolClient (GrpcClientProtocolClient.java:onNext(255)) - client-729EAB8E4297->a9cb8897-0d38-4c59-817a-d67a8ba30c67: receive RaftClientReply:client-729EAB8E4297->a9cb8897-0d38-4c59-817a-d67a8ba30c67@group-A55F67FDC954, cid=2991, SUCCESS, logIndex=0, commits[a9cb8897-0d38-4c59-817a-d67a8ba30c67:c4516, 41e21bac-56c9-465a-a1cc-bc71b3ab473c:c4513, 2bfdf505-3a1f-44eb-9843-3820b2477da1:c4513]
2019-09-05 19:10:56,917 [grpc-default-executor-0] INFO  client.GrpcClientProtocolClient (GrpcClientProtocolClient.java:onNext(255)) - client-729EAB8E4297->a9cb8897-0d38-4c59-817a-d67a8ba30c67: receive RaftClientReply:client-729EAB8E4297->a9cb8897-0d38-4c59-817a-d67a8ba30c67@group-A55F67FDC954, cid=2992, SUCCESS, logIndex=4520, commits[a9cb8897-0d38-4c59-817a-d67a8ba30c67:c4521, 41e21bac-56c9-465a-a1cc-bc71b3ab473c:c4519, 2bfdf505-3a1f-44eb-9843-3820b2477da1:c4519]
2019-09-05 19:10:56,918 [grpc-default-executor-0] INFO  client.GrpcClientProtocolClient (GrpcClientProtocolClient.java:onNext(255)) - client-729EAB8E4297->a9cb8897-0d38-4c59-817a-d67a8ba30c67: receive RaftClientReply:client-729EAB8E4297->a9cb8897-0d38-4c59-817a-d67a8ba30c67@group-A55F67FDC954, cid=2993, SUCCESS, logIndex=4521, commits[a9cb8897-0d38-4c59-817a-d67a8ba30c67:c4521, 41e21bac-56c9-465a-a1cc-bc71b3ab473c:c4519, 2bfdf505-3a1f-44eb-9843-3820b2477da1:c4519]
2019-09-05 19:10:56,932 [grpc-default-executor-1] INFO  client.GrpcClientProtocolClient (GrpcClientProtocolClient.java:onNext(255)) - client-729EAB8E4297->a9cb8897-0d38-4c59-817a-d67a8ba30c67: receive RaftClientReply:client-729EAB8E4297->a9cb8897-0d38-4c59-817a-d67a8ba30c67@group-A55F67FDC954, cid=2994, SUCCESS, logIndex=4524, commits[a9cb8897-0d38-4c59-817a-d67a8ba30c67:c4525, 41e21bac-56c9-465a-a1cc-bc71b3ab473c:c4521, 2bfdf505-3a1f-44eb-9843-3820b2477da1:c4520]
2019-09-05 19:10:56,932 [grpc-default-executor-1] INFO  client.GrpcClientProtocolClient (GrpcClientProtocolClient.java:onNext(255)) - client-729EAB8E4297->a9cb8897-0d38-4c59-817a-d67a8ba30c67: receive RaftClientReply:client-729EAB8E4297->a9cb8897-0d38-4c59-817a-d67a8ba30c67@group-A55F67FDC954, cid=2995, SUCCESS, logIndex=4525, commits[a9cb8897-0d38-4c59-817a-d67a8ba30c67:c4525, 41e21bac-56c9-465a-a1cc-bc71b3ab473c:c4521, 2bfdf505-3a1f-44eb-9843-3820b2477da1:c4520]
2019-09-05 19:10:56,942 [grpc-default-executor-1] INFO  client.GrpcClientProtocolClient (GrpcClientProtocolClient.java:onNext(255)) - client-729EAB8E4297->a9cb8897-0d38-4c59-817a-d67a8ba30c67: receive RaftClientReply:client-729EAB8E4297->a9cb8897-0d38-4c59-817a-d67a8ba30c67@group-A55F67FDC954, cid=2996, SUCCESS, logIndex=0, commits[a9cb8897-0d38-4c59-817a-d67a8ba30c67:c4525, 41e21bac-56c9-465a-a1cc-bc71b3ab473c:c4521, 2bfdf505-3a1f-44eb-9843-3820b2477da1:c4521]
2019-09-05 19:10:56,944 [grpc-default-executor-1] INFO  client.GrpcClientProtocolClient (GrpcClientProtocolClient.java:onNext(255)) - client-729EAB8E4297->a9cb8897-0d38-4c59-817a-d67a8ba30c67: receive RaftClientReply:client-729EAB8E4297->a9cb8897-0d38-4c59-817a-d67a8ba30c67@group-A55F67FDC954, cid=2997, SUCCESS, logIndex=0, commits[a9cb8897-0d38-4c59-817a-d67a8ba30c67:c4527, 41e21bac-56c9-465a-a1cc-bc71b3ab473c:c4525, 2bfdf505-3a1f-44eb-9843-3820b2477da1:c4525]
2019-09-05 19:10:56,978 [grpc-default-executor-1] INFO  client.GrpcClientProtocolClient (GrpcClientProtocolClient.java:onNext(255)) - client-729EAB8E4297->a9cb8897-0d38-4c59-817a-d67a8ba30c67: receive RaftClientReply:client-729EAB8E4297->a9cb8897-0d38-4c59-817a-d67a8ba30c67@group-A55F67FDC954, cid=2998, SUCCESS, logIndex=4528, commits[a9cb8897-0d38-4c59-817a-d67a8ba30c67:c4529, 41e21bac-56c9-465a-a1cc-bc71b3ab473c:c4527, 2bfdf505-3a1f-44eb-9843-3820b2477da1:c4527]
2019-09-05 19:10:56,978 [grpc-default-executor-1] INFO  client.GrpcClientProtocolClient (GrpcClientProtocolClient.java:onNext(255)) - client-729EAB8E4297->a9cb8897-0d38-4c59-817a-d67a8ba30c67: receive RaftClientReply:client-729EAB8E4297->a9cb8897-0d38-4c59-817a-d67a8ba30c67@group-A55F67FDC954, cid=2999, SUCCESS, logIndex=4529, commits[a9cb8897-0d38-4c59-817a-d67a8ba30c67:c4529, 41e21bac-56c9-465a-a1cc-bc71b3ab473c:c4527, 2bfdf505-3a1f-44eb-9843-3820b2477da1:c4527]
2019-09-05 19:10:56,990 [grpc-default-executor-2] INFO  client.GrpcClientProtocolClient (GrpcClientProtocolClient.java:onNext(255)) - client-729EAB8E4297->a9cb8897-0d38-4c59-817a-d67a8ba30c67: receive RaftClientReply:client-729EAB8E4297->a9cb8897-0d38-4c59-817a-d67a8ba30c67@group-A55F67FDC954, cid=3000, SUCCESS, logIndex=4530, commits[a9cb8897-0d38-4c59-817a-d67a8ba30c67:c4530, 41e21bac-56c9-465a-a1cc-bc71b3ab473c:c4527, 2bfdf505-3a1f-44eb-9843-3820b2477da1:c4527]
2019-09-05 19:10:56,991 [grpc-default-executor-2] INFO  client.GrpcClientProtocolClient (GrpcClientProtocolClient.java:onNext(255)) - client-729EAB8E4297->a9cb8897-0d38-4c59-817a-d67a8ba30c67: receive RaftClientReply:client-729EAB8E4297->a9cb8897-0d38-4c59-817a-d67a8ba30c67@group-A55F67FDC954, cid=3001, SUCCESS, logIndex=4531, commits[a9cb8897-0d38-4c59-817a-d67a8ba30c67:c4531, 41e21bac-56c9-465a-a1cc-bc71b3ab473c:c4527, 2bfdf505-3a1f-44eb-9843-3820b2477da1:c4527]
2019-09-05 19:10:57,003 [grpc-default-executor-2] INFO  client.GrpcClientProtocolClient (GrpcClientProtocolClient.java:onNext(255)) - client-729EAB8E4297->a9cb8897-0d38-4c59-817a-d67a8ba30c67: receive RaftClientReply:client-729EAB8E4297->a9cb8897-0d38-4c59-817a-d67a8ba30c67@group-A55F67FDC954, cid=3002, SUCCESS, logIndex=0, commits[a9cb8897-0d38-4c59-817a-d67a8ba30c67:c4532, 41e21bac-56c9-465a-a1cc-bc71b3ab473c:c4529, 2bfdf505-3a1f-44eb-9843-3820b2477da1:c4529]
2019-09-05 19:10:57,029 [grpc-default-executor-3] INFO  client.GrpcClientProtocolClient (GrpcClientProtocolClient.java:onNext(255)) - client-729EAB8E4297->a9cb8897-0d38-4c59-817a-d67a8ba30c67: receive RaftClientReply:client-729EAB8E4297->a9cb8897-0d38-4c59-817a-d67a8ba30c67@group-A55F67FDC954, cid=3003, SUCCESS, logIndex=4536, commits[a9cb8897-0d38-4c59-817a-d67a8ba30c67:c4536, 41e21bac-56c9-465a-a1cc-bc71b3ab473c:c4533, 2bfdf505-3a1f-44eb-9843-3820b2477da1:c4533]
2019-09-05 19:10:57,029 [grpc-default-executor-3] INFO  client.GrpcClientProtocolClient (GrpcClientProtocolClient.java:onNext(255)) - client-729EAB8E4297->a9cb8897-0d38-4c59-817a-d67a8ba30c67: receive RaftClientReply:client-729EAB8E4297->a9cb8897-0d38-4c59-817a-d67a8ba30c67@group-A55F67FDC954, cid=3004, SUCCESS, logIndex=4537, commits[a9cb8897-0d38-4c59-817a-d67a8ba30c67:c4537, 41e21bac-56c9-465a-a1cc-bc71b3ab473c:c4533, 2bfdf505-3a1f-44eb-9843-3820b2477da1:c4533]
2019-09-05 19:10:57,106 [grpc-default-executor-3] INFO  client.GrpcClientProtocolClient (GrpcClientProtocolClient.java:onNext(255)) - client-729EAB8E4297->a9cb8897-0d38-4c59-817a-d67a8ba30c67: receive RaftClientReply:client-729EAB8E4297->a9cb8897-0d38-4c59-817a-d67a8ba30c67@group-A55F67FDC954, cid=3005, SUCCESS, logIndex=4540, commits[a9cb8897-0d38-4c59-817a-d67a8ba30c67:c4540, 41e21bac-56c9-465a-a1cc-bc71b3ab473c:c4537, 2bfdf505-3a1f-44eb-9843-3820b2477da1:c4537]
2019-09-05 19:10:57,107 [grpc-default-executor-3] INFO  client.GrpcClientProtocolClient (GrpcClientProtocolClient.java:onNext(255)) - client-729EAB8E4297->a9cb8897-0d38-4c59-817a-d67a8ba30c67: receive RaftClientReply:client-729EAB8E4297->a9cb8897-0d38-4c59-817a-d67a8ba30c67@group-A55F67FDC954, cid=3006, SUCCESS, logIndex=4541, commits[a9cb8897-0d38-4c59-817a-d67a8ba30c67:c4541, 41e21bac-56c9-465a-a1cc-bc71b3ab473c:c4537, 2bfdf505-3a1f-44eb-9843-3820b2477da1:c4537]
2019-09-05 19:10:57,121 [grpc-default-executor-3] INFO  client.GrpcClientProtocolClient (GrpcClientProtocolClient.java:onNext(255)) - client-729EAB8E4297->a9cb8897-0d38-4c59-817a-d67a8ba30c67: receive RaftClientReply:client-729EAB8E4297->a9cb8897-0d38-4c59-817a-d67a8ba30c67@group-A55F67FDC954, cid=3007, SUCCESS, logIndex=0, commits[a9cb8897-0d38-4c59-817a-d67a8ba30c67:c4543, 41e21bac-56c9-465a-a1cc-bc71b3ab473c:c4541, 2bfdf505-3a1f-44eb-9843-3820b2477da1:c4541]
2019-09-05 19:10:57,152 [grpc-default-executor-3] INFO  client.GrpcClientProtocolClient (GrpcClientProtocolClient.java:onNext(255)) - client-729EAB8E4297->a9cb8897-0d38-4c59-817a-d67a8ba30c67: receive RaftClientReply:client-729EAB8E4297->a9cb8897-0d38-4c59-817a-d67a8ba30c67@group-A55F67FDC954, cid=3008, SUCCESS, logIndex=4544, commits[a9cb8897-0d38-4c59-817a-d67a8ba30c67:c4545, 41e21bac-56c9-465a-a1cc-bc71b3ab473c:c4543, 2bfdf505-3a1f-44eb-9843-3820b2477da1:c4543]
2019-09-05 19:10:57,152 [grpc-default-executor-3] INFO  client.GrpcClientProtocolClient (GrpcClientProtocolClient.java:onNext(255)) - client-729EAB8E4297->a9cb8897-0d38-4c59-817a-d67a8ba30c67: receive RaftClientReply:client-729EAB8E4297->a9cb8897-0d38-4c59-817a-d67a8ba30c67@group-A55F67FDC954, cid=3009, SUCCESS, logIndex=4545, commits[a9cb8897-0d38-4c59-817a-d67a8ba30c67:c4547, 41e21bac-56c9-465a-a1cc-bc71b3ab473c:c4543, 2bfdf505-3a1f-44eb-9843-3820b2477da1:c4543]
2019-09-05 19:10:57,153 [grpc-default-executor-3] INFO  client.GrpcClientProtocolClient (GrpcClientProtocolClient.java:onNext(255)) - client-729EAB8E4297->a9cb8897-0d38-4c59-817a-d67a8ba30c67: receive RaftClientReply:client-729EAB8E4297->a9cb8897-0d38-4c59-817a-d67a8ba30c67@group-A55F67FDC954, cid=3010, SUCCESS, logIndex=4546, commits[a9cb8897-0d38-4c59-817a-d67a8ba30c67:c4547, 41e21bac-56c9-465a-a1cc-bc71b3ab473c:c4543, 2bfdf505-3a1f-44eb-9843-3820b2477da1:c4543]
2019-09-05 19:10:57,153 [grpc-default-executor-3] INFO  client.GrpcClientProtocolClient (GrpcClientProtocolClient.java:onNext(255)) - client-729EAB8E4297->a9cb8897-0d38-4c59-817a-d67a8ba30c67: receive RaftClientReply:client-729EAB8E4297->a9cb8897-0d38-4c59-817a-d67a8ba30c67@group-A55F67FDC954, cid=3011, SUCCESS, logIndex=4547, commits[a9cb8897-0d38-4c59-817a-d67a8ba30c67:c4547, 41e21bac-56c9-465a-a1cc-bc71b3ab473c:c4543, 2bfdf505-3a1f-44eb-9843-3820b2477da1:c4543]
2019-09-05 19:10:57,165 [grpc-default-executor-3] INFO  client.GrpcClientProtocolClient (GrpcClientProtocolClient.java:onNext(255)) - client-729EAB8E4297->a9cb8897-0d38-4c59-817a-d67a8ba30c67: receive RaftClientReply:client-729EAB8E4297->a9cb8897-0d38-4c59-817a-d67a8ba30c67@group-A55F67FDC954, cid=3012, SUCCESS, logIndex=0, commits[a9cb8897-0d38-4c59-817a-d67a8ba30c67:c4549, 41e21bac-56c9-465a-a1cc-bc71b3ab473c:c4545, 2bfdf505-3a1f-44eb-9843-3820b2477da1:c4545]
2019-09-05 19:10:57,185 [grpc-default-executor-0] INFO  client.GrpcClientProtocolClient (GrpcClientProtocolClient.java:onNext(255)) - client-729EAB8E4297->a9cb8897-0d38-4c59-817a-d67a8ba30c67: receive RaftClientReply:client-729EAB8E4297->a9cb8897-0d38-4c59-817a-d67a8ba30c67@group-A55F67FDC954, cid=3013, SUCCESS, logIndex=4552, commits[a9cb8897-0d38-4c59-817a-d67a8ba30c67:c4553, 41e21bac-56c9-465a-a1cc-bc71b3ab473c:c4551, 2bfdf505-3a1f-44eb-9843-3820b2477da1:c4551]
2019-09-05 19:10:57,186 [grpc-default-executor-0] INFO  client.GrpcClientProtocolClient (GrpcClientProtocolClient.java:onNext(255)) - client-729EAB8E4297->a9cb8897-0d38-4c59-817a-d67a8ba30c67: receive RaftClientReply:client-729EAB8E4297->a9cb8897-0d38-4c59-817a-d67a8ba30c67@group-A55F67FDC954, cid=3014, SUCCESS, logIndex=4553, commits[a9cb8897-0d38-4c59-817a-d67a8ba30c67:c4553, 41e21bac-56c9-465a-a1cc-bc71b3ab473c:c4551, 2bfdf505-3a1f-44eb-9843-3820b2477da1:c4551]
2019-09-05 19:10:57,212 [grpc-default-executor-0] INFO  client.GrpcClientProtocolClient (GrpcClientProtocolClient.java:onNext(255)) - client-729EAB8E4297->a9cb8897-0d38-4c59-817a-d67a8ba30c67: receive RaftClientReply:client-729EAB8E4297->a9cb8897-0d38-4c59-817a-d67a8ba30c67@group-A55F67FDC954, cid=3015, SUCCESS, logIndex=4556, commits[a9cb8897-0d38-4c59-817a-d67a8ba30c67:c4557, 41e21bac-56c9-465a-a1cc-bc71b3ab473c:c4553, 2bfdf505-3a1f-44eb-9843-3820b2477da1:c4553]
2019-09-05 19:10:57,212 [grpc-default-executor-0] INFO  client.GrpcClientProtocolClient (GrpcClientProtocolClient.java:onNext(255)) - client-729EAB8E4297->a9cb8897-0d38-4c59-817a-d67a8ba30c67: receive RaftClientReply:client-729EAB8E4297->a9cb8897-0d38-4c59-817a-d67a8ba30c67@group-A55F67FDC954, cid=3016, SUCCESS, logIndex=4557, commits[a9cb8897-0d38-4c59-817a-d67a8ba30c67:c4557, 41e21bac-56c9-465a-a1cc-bc71b3ab473c:c4553, 2bfdf505-3a1f-44eb-9843-3820b2477da1:c4553]
2019-09-05 19:10:57,238 [grpc-default-executor-0] INFO  client.GrpcClientProtocolClient (GrpcClientProtocolClient.java:onNext(255)) - client-729EAB8E4297->a9cb8897-0d38-4c59-817a-d67a8ba30c67: receive RaftClientReply:client-729EAB8E4297->a9cb8897-0d38-4c59-817a-d67a8ba30c67@group-A55F67FDC954, cid=3017, SUCCESS, logIndex=0, commits[a9cb8897-0d38-4c59-817a-d67a8ba30c67:c4559, 41e21bac-56c9-465a-a1cc-bc71b3ab473c:c4557, 2bfdf505-3a1f-44eb-9843-3820b2477da1:c4557]
2019-09-05 19:10:57,267 [grpc-default-executor-0] INFO  client.GrpcClientProtocolClient (GrpcClientProtocolClient.java:onNext(255)) - client-729EAB8E4297->a9cb8897-0d38-4c59-817a-d67a8ba30c67: receive RaftClientReply:client-729EAB8E4297->a9cb8897-0d38-4c59-817a-d67a8ba30c67@group-A55F67FDC954, cid=3018, SUCCESS, logIndex=4560, commits[a9cb8897-0d38-4c59-817a-d67a8ba30c67:c4561, 41e21bac-56c9-465a-a1cc-bc71b3ab473c:c4559, 2bfdf505-3a1f-44eb-9843-3820b2477da1:c4559]
2019-09-05 19:10:57,268 [grpc-default-executor-0] INFO  client.GrpcClientProtocolClient (GrpcClientProtocolClient.java:onNext(255)) - client-729EAB8E4297->a9cb8897-0d38-4c59-817a-d67a8ba30c67: receive RaftClientReply:client-729EAB8E4297->a9cb8897-0d38-4c59-817a-d67a8ba30c67@group-A55F67FDC954, cid=3019, SUCCESS, logIndex=4561, commits[a9cb8897-0d38-4c59-817a-d67a8ba30c67:c4561, 41e21bac-56c9-465a-a1cc-bc71b3ab473c:c4559, 2bfdf505-3a1f-44eb-9843-3820b2477da1:c4559]
2019-09-05 19:10:57,277 [grpc-default-executor-2] INFO  client.GrpcClientProtocolClient (GrpcClientProtocolClient.java:onNext(255)) - client-729EAB8E4297->a9cb8897-0d38-4c59-817a-d67a8ba30c67: receive RaftClientReply:client-729EAB8E4297->a9cb8897-0d38-4c59-817a-d67a8ba30c67@group-A55F67FDC954, cid=3020, SUCCESS, logIndex=4562, commits[a9cb8897-0d38-4c59-817a-d67a8ba30c67:c4563, 41e21bac-56c9-465a-a1cc-bc71b3ab473c:c4559, 2bfdf505-3a1f-44eb-9843-3820b2477da1:c4559]
2019-09-05 19:10:57,277 [grpc-default-executor-2] INFO  client.GrpcClientProtocolClient (GrpcClientProtocolClient.java:onNext(255)) - client-729EAB8E4297->a9cb8897-0d38-4c59-817a-d67a8ba30c67: receive RaftClientReply:client-729EAB8E4297->a9cb8897-0d38-4c59-817a-d67a8ba30c67@group-A55F67FDC954, cid=3021, SUCCESS, logIndex=4563, commits[a9cb8897-0d38-4c59-817a-d67a8ba30c67:c4563, 41e21bac-56c9-465a-a1cc-bc71b3ab473c:c4559, 2bfdf505-3a1f-44eb-9843-3820b2477da1:c4559]
2019-09-05 19:10:57,283 [grpc-default-executor-0] INFO  client.GrpcClientProtocolClient (GrpcClientProtocolClient.java:onNext(255)) - client-729EAB8E4297->a9cb8897-0d38-4c59-817a-d67a8ba30c67: receive RaftClientReply:client-729EAB8E4297->a9cb8897-0d38-4c59-817a-d67a8ba30c67@group-A55F67FDC954, cid=3022, SUCCESS, logIndex=0, commits[a9cb8897-0d38-4c59-817a-d67a8ba30c67:c4565, 41e21bac-56c9-465a-a1cc-bc71b3ab473c:c4563, 2bfdf505-3a1f-44eb-9843-3820b2477da1:c4561]
2019-09-05 19:10:57,295 [grpc-default-executor-0] INFO  client.GrpcClientProtocolClient (GrpcClientProtocolClient.java:onNext(255)) - client-729EAB8E4297->a9cb8897-0d38-4c59-817a-d67a8ba30c67: receive RaftClientReply:client-729EAB8E4297->a9cb8897-0d38-4c59-817a-d67a8ba30c67@group-A55F67FDC954, cid=3023, SUCCESS, logIndex=4567, commits[a9cb8897-0d38-4c59-817a-d67a8ba30c67:c4568, 41e21bac-56c9-465a-a1cc-bc71b3ab473c:c4566, 2bfdf505-3a1f-44eb-9843-3820b2477da1:c4566]
2019-09-05 19:10:57,295 [grpc-default-executor-0] INFO  client.GrpcClientProtocolClient (GrpcClientProtocolClient.java:onNext(255)) - client-729EAB8E4297->a9cb8897-0d38-4c59-817a-d67a8ba30c67: receive RaftClientReply:client-729EAB8E4297->a9cb8897-0d38-4c59-817a-d67a8ba30c67@group-A55F67FDC954, cid=3024, SUCCESS, logIndex=4568, commits[a9cb8897-0d38-4c59-817a-d67a8ba30c67:c4568, 41e21bac-56c9-465a-a1cc-bc71b3ab473c:c4566, 2bfdf505-3a1f-44eb-9843-3820b2477da1:c4566]
2019-09-05 19:10:57,307 [grpc-default-executor-2] INFO  client.GrpcClientProtocolClient (GrpcClientProtocolClient.java:onNext(255)) - client-729EAB8E4297->a9cb8897-0d38-4c59-817a-d67a8ba30c67: receive RaftClientReply:client-729EAB8E4297->a9cb8897-0d38-4c59-817a-d67a8ba30c67@group-A55F67FDC954, cid=3025, SUCCESS, logIndex=4571, commits[a9cb8897-0d38-4c59-817a-d67a8ba30c67:c4572, 41e21bac-56c9-465a-a1cc-bc71b3ab473c:c4569, 2bfdf505-3a1f-44eb-9843-3820b2477da1:c4568]
2019-09-05 19:10:57,307 [grpc-default-executor-2] INFO  client.GrpcClientProtocolClient (GrpcClientProtocolClient.java:onNext(255)) - client-729EAB8E4297->a9cb8897-0d38-4c59-817a-d67a8ba30c67: receive RaftClientReply:client-729EAB8E4297->a9cb8897-0d38-4c59-817a-d67a8ba30c67@group-A55F67FDC954, cid=3026, SUCCESS, logIndex=4572, commits[a9cb8897-0d38-4c59-817a-d67a8ba30c67:c4572, 41e21bac-56c9-465a-a1cc-bc71b3ab473c:c4569, 2bfdf505-3a1f-44eb-9843-3820b2477da1:c4569]
2019-09-05 19:10:57,308 [grpc-default-executor-2] INFO  client.GrpcClientProtocolClient (GrpcClientProtocolClient.java:onNext(255)) - client-729EAB8E4297->a9cb8897-0d38-4c59-817a-d67a8ba30c67: receive RaftClientReply:client-729EAB8E4297->a9cb8897-0d38-4c59-817a-d67a8ba30c67@group-A55F67FDC954, cid=3027, SUCCESS, logIndex=0, commits[a9cb8897-0d38-4c59-817a-d67a8ba30c67:c4573, 41e21bac-56c9-465a-a1cc-bc71b3ab473c:c4572, 2bfdf505-3a1f-44eb-9843-3820b2477da1:c4572]
2019-09-05 19:10:57,329 [grpc-default-executor-3] INFO  client.GrpcClientProtocolClient (GrpcClientProtocolClient.java:onNext(255)) - client-729EAB8E4297->a9cb8897-0d38-4c59-817a-d67a8ba30c67: receive RaftClientReply:client-729EAB8E4297->a9cb8897-0d38-4c59-817a-d67a8ba30c67@group-A55F67FDC954, cid=3028, SUCCESS, logIndex=4575, commits[a9cb8897-0d38-4c59-817a-d67a8ba30c67:c4576, 41e21bac-56c9-465a-a1cc-bc71b3ab473c:c4574, 2bfdf505-3a1f-44eb-9843-3820b2477da1:c4572]
2019-09-05 19:10:57,329 [grpc-default-executor-3] INFO  client.GrpcClientProtocolClient (GrpcClientProtocolClient.java:onNext(255)) - client-729EAB8E4297->a9cb8897-0d38-4c59-817a-d67a8ba30c67: receive RaftClientReply:client-729EAB8E4297->a9cb8897-0d38-4c59-817a-d67a8ba30c67@group-A55F67FDC954, cid=3029, SUCCESS, logIndex=4576, commits[a9cb8897-0d38-4c59-817a-d67a8ba30c67:c4576, 41e21bac-56c9-465a-a1cc-bc71b3ab473c:c4574, 2bfdf505-3a1f-44eb-9843-3820b2477da1:c4574]
2019-09-05 19:10:57,331 [grpc-default-executor-3] INFO  client.GrpcClientProtocolClient (GrpcClientProtocolClient.java:onNext(255)) - client-729EAB8E4297->a9cb8897-0d38-4c59-817a-d67a8ba30c67: receive RaftClientReply:client-729EAB8E4297->a9cb8897-0d38-4c59-817a-d67a8ba30c67@group-A55F67FDC954, cid=3030, SUCCESS, logIndex=4577, commits[a9cb8897-0d38-4c59-817a-d67a8ba30c67:c4579, 41e21bac-56c9-465a-a1cc-bc71b3ab473c:c4576, 2bfdf505-3a1f-44eb-9843-3820b2477da1:c4574]
2019-09-05 19:10:57,332 [grpc-default-executor-3] INFO  client.GrpcClientProtocolClient (GrpcClientProtocolClient.java:onNext(255)) - client-729EAB8E4297->a9cb8897-0d38-4c59-817a-d67a8ba30c67: receive RaftClientReply:client-729EAB8E4297->a9cb8897-0d38-4c59-817a-d67a8ba30c67@group-A55F67FDC954, cid=3031, SUCCESS, logIndex=4578, commits[a9cb8897-0d38-4c59-817a-d67a8ba30c67:c4580, 41e21bac-56c9-465a-a1cc-bc71b3ab473c:c4576, 2bfdf505-3a1f-44eb-9843-3820b2477da1:c4574]
2019-09-05 19:10:57,333 [grpc-default-executor-3] INFO  client.GrpcClientProtocolClient (GrpcClientProtocolClient.java:onNext(255)) - client-729EAB8E4297->a9cb8897-0d38-4c59-817a-d67a8ba30c67: receive RaftClientReply:client-729EAB8E4297->a9cb8897-0d38-4c59-817a-d67a8ba30c67@group-A55F67FDC954, cid=3032, SUCCESS, logIndex=0, commits[a9cb8897-0d38-4c59-817a-d67a8ba30c67:c4580, 41e21bac-56c9-465a-a1cc-bc71b3ab473c:c4576, 2bfdf505-3a1f-44eb-9843-3820b2477da1:c4576]
2019-09-05 19:10:57,344 [grpc-default-executor-0] INFO  client.GrpcClientProtocolClient (GrpcClientProtocolClient.java:onNext(255)) - client-729EAB8E4297->a9cb8897-0d38-4c59-817a-d67a8ba30c67: receive RaftClientReply:client-729EAB8E4297->a9cb8897-0d38-4c59-817a-d67a8ba30c67@group-A55F67FDC954, cid=3033, SUCCESS, logIndex=4583, commits[a9cb8897-0d38-4c59-817a-d67a8ba30c67:c4584, 41e21bac-56c9-465a-a1cc-bc71b3ab473c:c4582, 2bfdf505-3a1f-44eb-9843-3820b2477da1:c4582]
2019-09-05 19:10:57,344 [grpc-default-executor-0] INFO  client.GrpcClientProtocolClient (GrpcClientProtocolClient.java:onNext(255)) - client-729EAB8E4297->a9cb8897-0d38-4c59-817a-d67a8ba30c67: receive RaftClientReply:client-729EAB8E4297->a9cb8897-0d38-4c59-817a-d67a8ba30c67@group-A55F67FDC954, cid=3034, SUCCESS, logIndex=4584, commits[a9cb8897-0d38-4c59-817a-d67a8ba30c67:c4584, 41e21bac-56c9-465a-a1cc-bc71b3ab473c:c4582, 2bfdf505-3a1f-44eb-9843-3820b2477da1:c4582]
 0.00% |█                                                                                                    |  0/1 Time: 0:00:312019-09-05 19:10:57,370 [grpc-default-executor-0] INFO  client.GrpcClientProtocolClient (GrpcClientProtocolClient.java:onNext(255)) - client-729EAB8E4297->a9cb8897-0d38-4c59-817a-d67a8ba30c67: receive RaftClientReply:client-729EAB8E4297->a9cb8897-0d38-4c59-817a-d67a8ba30c67@group-A55F67FDC954, cid=3035, SUCCESS, logIndex=4587, commits[a9cb8897-0d38-4c59-817a-d67a8ba30c67:c4588, 41e21bac-56c9-465a-a1cc-bc71b3ab473c:c4586, 2bfdf505-3a1f-44eb-9843-3820b2477da1:c4586]
2019-09-05 19:10:57,370 [grpc-default-executor-0] INFO  client.GrpcClientProtocolClient (GrpcClientProtocolClient.java:onNext(255)) - client-729EAB8E4297->a9cb8897-0d38-4c59-817a-d67a8ba30c67: receive RaftClientReply:client-729EAB8E4297->a9cb8897-0d38-4c59-817a-d67a8ba30c67@group-A55F67FDC954, cid=3036, SUCCESS, logIndex=4588, commits[a9cb8897-0d38-4c59-817a-d67a8ba30c67:c4588, 41e21bac-56c9-465a-a1cc-bc71b3ab473c:c4586, 2bfdf505-3a1f-44eb-9843-3820b2477da1:c4586]
2019-09-05 19:10:57,381 [grpc-default-executor-0] INFO  client.GrpcClientProtocolClient (GrpcClientProtocolClient.java:onNext(255)) - client-729EAB8E4297->a9cb8897-0d38-4c59-817a-d67a8ba30c67: receive RaftClientReply:client-729EAB8E4297->a9cb8897-0d38-4c59-817a-d67a8ba30c67@group-A55F67FDC954, cid=3037, SUCCESS, logIndex=0, commits[a9cb8897-0d38-4c59-817a-d67a8ba30c67:c4588, 41e21bac-56c9-465a-a1cc-bc71b3ab473c:c4588, 2bfdf505-3a1f-44eb-9843-3820b2477da1:c4588]
2019-09-05 19:10:57,415 [grpc-default-executor-2] INFO  client.GrpcClientProtocolClient (GrpcClientProtocolClient.java:onNext(255)) - client-729EAB8E4297->a9cb8897-0d38-4c59-817a-d67a8ba30c67: receive RaftClientReply:client-729EAB8E4297->a9cb8897-0d38-4c59-817a-d67a8ba30c67@group-A55F67FDC954, cid=3038, SUCCESS, logIndex=4591, commits[a9cb8897-0d38-4c59-817a-d67a8ba30c67:c4592, 41e21bac-56c9-465a-a1cc-bc71b3ab473c:c4590, 2bfdf505-3a1f-44eb-9843-3820b2477da1:c4588]
2019-09-05 19:10:57,415 [grpc-default-executor-2] INFO  client.GrpcClientProtocolClient (GrpcClientProtocolClient.java:onNext(255)) - client-729EAB8E4297->a9cb8897-0d38-4c59-817a-d67a8ba30c67: receive RaftClientReply:client-729EAB8E4297->a9cb8897-0d38-4c59-817a-d67a8ba30c67@group-A55F67FDC954, cid=3039, SUCCESS, logIndex=4592, commits[a9cb8897-0d38-4c59-817a-d67a8ba30c67:c4592, 41e21bac-56c9-465a-a1cc-bc71b3ab473c:c4590, 2bfdf505-3a1f-44eb-9843-3820b2477da1:c4588]
2019-09-05 19:10:57,427 [grpc-default-executor-3] INFO  client.GrpcClientProtocolClient (GrpcClientProtocolClient.java:onNext(255)) - client-729EAB8E4297->a9cb8897-0d38-4c59-817a-d67a8ba30c67: receive RaftClientReply:client-729EAB8E4297->a9cb8897-0d38-4c59-817a-d67a8ba30c67@group-A55F67FDC954, cid=3040, SUCCESS, logIndex=4593, commits[a9cb8897-0d38-4c59-817a-d67a8ba30c67:c4593, 41e21bac-56c9-465a-a1cc-bc71b3ab473c:c4590, 2bfdf505-3a1f-44eb-9843-3820b2477da1:c4590]
2019-09-05 19:10:57,427 [grpc-default-executor-0] INFO  client.GrpcClientProtocolClient (GrpcClientProtocolClient.java:onNext(255)) - client-729EAB8E4297->a9cb8897-0d38-4c59-817a-d67a8ba30c67: receive RaftClientReply:client-729EAB8E4297->a9cb8897-0d38-4c59-817a-d67a8ba30c67@group-A55F67FDC954, cid=3041, SUCCESS, logIndex=4594, commits[a9cb8897-0d38-4c59-817a-d67a8ba30c67:c4594, 41e21bac-56c9-465a-a1cc-bc71b3ab473c:c4590, 2bfdf505-3a1f-44eb-9843-3820b2477da1:c4590]
2019-09-05 19:10:57,430 [grpc-default-executor-0] INFO  client.GrpcClientProtocolClient (GrpcClientProtocolClient.java:onNext(255)) - client-729EAB8E4297->a9cb8897-0d38-4c59-817a-d67a8ba30c67: receive RaftClientReply:client-729EAB8E4297->a9cb8897-0d38-4c59-817a-d67a8ba30c67@group-A55F67FDC954, cid=3042, SUCCESS, logIndex=0, commits[a9cb8897-0d38-4c59-817a-d67a8ba30c67:c4596, 41e21bac-56c9-465a-a1cc-bc71b3ab473c:c4592, 2bfdf505-3a1f-44eb-9843-3820b2477da1:c4592]
2019-09-05 19:10:57,455 [grpc-default-executor-3] INFO  client.GrpcClientProtocolClient (GrpcClientProtocolClient.java:onNext(255)) - client-729EAB8E4297->a9cb8897-0d38-4c59-817a-d67a8ba30c67: receive RaftClientReply:client-729EAB8E4297->a9cb8897-0d38-4c59-817a-d67a8ba30c67@group-A55F67FDC954, cid=3043, SUCCESS, logIndex=4599, commits[a9cb8897-0d38-4c59-817a-d67a8ba30c67:c4600, 41e21bac-56c9-465a-a1cc-bc71b3ab473c:c4596, 2bfdf505-3a1f-44eb-9843-3820b2477da1:c4594]
2019-09-05 19:10:57,455 [grpc-default-executor-3] INFO  client.GrpcClientProtocolClient (GrpcClientProtocolClient.java:onNext(255)) - client-729EAB8E4297->a9cb8897-0d38-4c59-817a-d67a8ba30c67: receive RaftClientReply:client-729EAB8E4297->a9cb8897-0d38-4c59-817a-d67a8ba30c67@group-A55F67FDC954, cid=3044, SUCCESS, logIndex=4600, commits[a9cb8897-0d38-4c59-817a-d67a8ba30c67:c4600, 41e21bac-56c9-465a-a1cc-bc71b3ab473c:c4596, 2bfdf505-3a1f-44eb-9843-3820b2477da1:c4596]
2019-09-05 19:10:57,481 [grpc-default-executor-0] INFO  client.GrpcClientProtocolClient (GrpcClientProtocolClient.java:onNext(255)) - client-729EAB8E4297->a9cb8897-0d38-4c59-817a-d67a8ba30c67: receive RaftClientReply:client-729EAB8E4297->a9cb8897-0d38-4c59-817a-d67a8ba30c67@group-A55F67FDC954, cid=3045, SUCCESS, logIndex=4602, commits[a9cb8897-0d38-4c59-817a-d67a8ba30c67:c4603, 41e21bac-56c9-465a-a1cc-bc71b3ab473c:c4600, 2bfdf505-3a1f-44eb-9843-3820b2477da1:c4600]
2019-09-05 19:10:57,481 [grpc-default-executor-0] INFO  client.GrpcClientProtocolClient (GrpcClientProtocolClient.java:onNext(255)) - client-729EAB8E4297->a9cb8897-0d38-4c59-817a-d67a8ba30c67: receive RaftClientReply:client-729EAB8E4297->a9cb8897-0d38-4c59-817a-d67a8ba30c67@group-A55F67FDC954, cid=3046, SUCCESS, logIndex=4603, commits[a9cb8897-0d38-4c59-817a-d67a8ba30c67:c4603, 41e21bac-56c9-465a-a1cc-bc71b3ab473c:c4600, 2bfdf505-3a1f-44eb-9843-3820b2477da1:c4600]
2019-09-05 19:10:57,494 [grpc-default-executor-0] INFO  client.GrpcClientProtocolClient (GrpcClientProtocolClient.java:onNext(255)) - client-729EAB8E4297->a9cb8897-0d38-4c59-817a-d67a8ba30c67: receive RaftClientReply:client-729EAB8E4297->a9cb8897-0d38-4c59-817a-d67a8ba30c67@group-A55F67FDC954, cid=3047, SUCCESS, logIndex=0, commits[a9cb8897-0d38-4c59-817a-d67a8ba30c67:c4604, 41e21bac-56c9-465a-a1cc-bc71b3ab473c:c4603, 2bfdf505-3a1f-44eb-9843-3820b2477da1:c4603]
2019-09-05 19:10:57,526 [grpc-default-executor-0] INFO  client.GrpcClientProtocolClient (GrpcClientProtocolClient.java:onNext(255)) - client-729EAB8E4297->a9cb8897-0d38-4c59-817a-d67a8ba30c67: receive RaftClientReply:client-729EAB8E4297->a9cb8897-0d38-4c59-817a-d67a8ba30c67@group-A55F67FDC954, cid=3048, SUCCESS, logIndex=4606, commits[a9cb8897-0d38-4c59-817a-d67a8ba30c67:c4607, 41e21bac-56c9-465a-a1cc-bc71b3ab473c:c4605, 2bfdf505-3a1f-44eb-9843-3820b2477da1:c4605]
2019-09-05 19:10:57,527 [grpc-default-executor-0] INFO  client.GrpcClientProtocolClient (GrpcClientProtocolClient.java:onNext(255)) - client-729EAB8E4297->a9cb8897-0d38-4c59-817a-d67a8ba30c67: receive RaftClientReply:client-729EAB8E4297->a9cb8897-0d38-4c59-817a-d67a8ba30c67@group-A55F67FDC954, cid=3049, SUCCESS, logIndex=4607, commits[a9cb8897-0d38-4c59-817a-d67a8ba30c67:c4609, 41e21bac-56c9-465a-a1cc-bc71b3ab473c:c4605, 2bfdf505-3a1f-44eb-9843-3820b2477da1:c4605]
2019-09-05 19:10:57,527 [grpc-default-executor-0] INFO  client.GrpcClientProtocolClient (GrpcClientProtocolClient.java:onNext(255)) - client-729EAB8E4297->a9cb8897-0d38-4c59-817a-d67a8ba30c67: receive RaftClientReply:client-729EAB8E4297->a9cb8897-0d38-4c59-817a-d67a8ba30c67@group-A55F67FDC954, cid=3050, SUCCESS, logIndex=4608, commits[a9cb8897-0d38-4c59-817a-d67a8ba30c67:c4609, 41e21bac-56c9-465a-a1cc-bc71b3ab473c:c4605, 2bfdf505-3a1f-44eb-9843-3820b2477da1:c4605]
2019-09-05 19:10:57,527 [grpc-default-executor-0] INFO  client.GrpcClientProtocolClient (GrpcClientProtocolClient.java:onNext(255)) - client-729EAB8E4297->a9cb8897-0d38-4c59-817a-d67a8ba30c67: receive RaftClientReply:client-729EAB8E4297->a9cb8897-0d38-4c59-817a-d67a8ba30c67@group-A55F67FDC954, cid=3051, SUCCESS, logIndex=4609, commits[a9cb8897-0d38-4c59-817a-d67a8ba30c67:c4609, 41e21bac-56c9-465a-a1cc-bc71b3ab473c:c4605, 2bfdf505-3a1f-44eb-9843-3820b2477da1:c4605]
2019-09-05 19:10:57,542 [grpc-default-executor-2] INFO  client.GrpcClientProtocolClient (GrpcClientProtocolClient.java:onNext(255)) - client-729EAB8E4297->a9cb8897-0d38-4c59-817a-d67a8ba30c67: receive RaftClientReply:client-729EAB8E4297->a9cb8897-0d38-4c59-817a-d67a8ba30c67@group-A55F67FDC954, cid=3052, SUCCESS, logIndex=0, commits[a9cb8897-0d38-4c59-817a-d67a8ba30c67:c4611, 41e21bac-56c9-465a-a1cc-bc71b3ab473c:c4607, 2bfdf505-3a1f-44eb-9843-3820b2477da1:c4607]
2019-09-05 19:10:57,555 [grpc-default-executor-3] INFO  client.GrpcClientProtocolClient (GrpcClientProtocolClient.java:onNext(255)) - client-729EAB8E4297->a9cb8897-0d38-4c59-817a-d67a8ba30c67: receive RaftClientReply:client-729EAB8E4297->a9cb8897-0d38-4c59-817a-d67a8ba30c67@group-A55F67FDC954, cid=3053, SUCCESS, logIndex=4614, commits[a9cb8897-0d38-4c59-817a-d67a8ba30c67:c4615, 41e21bac-56c9-465a-a1cc-bc71b3ab473c:c4613, 2bfdf505-3a1f-44eb-9843-3820b2477da1:c4609]
2019-09-05 19:10:57,555 [grpc-default-executor-3] INFO  client.GrpcClientProtocolClient (GrpcClientProtocolClient.java:onNext(255)) - client-729EAB8E4297->a9cb8897-0d38-4c59-817a-d67a8ba30c67: receive RaftClientReply:client-729EAB8E4297->a9cb8897-0d38-4c59-817a-d67a8ba30c67@group-A55F67FDC954, cid=3054, SUCCESS, logIndex=4615, commits[a9cb8897-0d38-4c59-817a-d67a8ba30c67:c4615, 41e21bac-56c9-465a-a1cc-bc71b3ab473c:c4613, 2bfdf505-3a1f-44eb-9843-3820b2477da1:c4613]
2019-09-05 19:10:57,568 [grpc-default-executor-2] INFO  client.GrpcClientProtocolClient (GrpcClientProtocolClient.java:onNext(255)) - client-729EAB8E4297->a9cb8897-0d38-4c59-817a-d67a8ba30c67: receive RaftClientReply:client-729EAB8E4297->a9cb8897-0d38-4c59-817a-d67a8ba30c67@group-A55F67FDC954, cid=3055, SUCCESS, logIndex=4618, commits[a9cb8897-0d38-4c59-817a-d67a8ba30c67:c4619, 41e21bac-56c9-465a-a1cc-bc71b3ab473c:c4617, 2bfdf505-3a1f-44eb-9843-3820b2477da1:c4617]
2019-09-05 19:10:57,568 [grpc-default-executor-2] INFO  client.GrpcClientProtocolClient (GrpcClientProtocolClient.java:onNext(255)) - client-729EAB8E4297->a9cb8897-0d38-4c59-817a-d67a8ba30c67: receive RaftClientReply:client-729EAB8E4297->a9cb8897-0d38-4c59-817a-d67a8ba30c67@group-A55F67FDC954, cid=3056, SUCCESS, logIndex=4619, commits[a9cb8897-0d38-4c59-817a-d67a8ba30c67:c4619, 41e21bac-56c9-465a-a1cc-bc71b3ab473c:c4617, 2bfdf505-3a1f-44eb-9843-3820b2477da1:c4617]
2019-09-05 19:10:57,570 [grpc-default-executor-2] INFO  client.GrpcClientProtocolClient (GrpcClientProtocolClient.java:onNext(255)) - client-729EAB8E4297->a9cb8897-0d38-4c59-817a-d67a8ba30c67: receive RaftClientReply:client-729EAB8E4297->a9cb8897-0d38-4c59-817a-d67a8ba30c67@group-A55F67FDC954, cid=3057, SUCCESS, logIndex=0, commits[a9cb8897-0d38-4c59-817a-d67a8ba30c67:c4620, 41e21bac-56c9-465a-a1cc-bc71b3ab473c:c4619, 2bfdf505-3a1f-44eb-9843-3820b2477da1:c4619]
2019-09-05 19:10:57,592 [grpc-default-executor-3] INFO  client.GrpcClientProtocolClient (GrpcClientProtocolClient.java:onNext(255)) - client-729EAB8E4297->a9cb8897-0d38-4c59-817a-d67a8ba30c67: receive RaftClientReply:client-729EAB8E4297->a9cb8897-0d38-4c59-817a-d67a8ba30c67@group-A55F67FDC954, cid=3058, SUCCESS, logIndex=4622, commits[a9cb8897-0d38-4c59-817a-d67a8ba30c67:c4623, 41e21bac-56c9-465a-a1cc-bc71b3ab473c:c4621, 2bfdf505-3a1f-44eb-9843-3820b2477da1:c4619]
2019-09-05 19:10:57,592 [grpc-default-executor-3] INFO  client.GrpcClientProtocolClient (GrpcClientProtocolClient.java:onNext(255)) - client-729EAB8E4297->a9cb8897-0d38-4c59-817a-d67a8ba30c67: receive RaftClientReply:client-729EAB8E4297->a9cb8897-0d38-4c59-817a-d67a8ba30c67@group-A55F67FDC954, cid=3059, SUCCESS, logIndex=4623, commits[a9cb8897-0d38-4c59-817a-d67a8ba30c67:c4623, 41e21bac-56c9-465a-a1cc-bc71b3ab473c:c4621, 2bfdf505-3a1f-44eb-9843-3820b2477da1:c4619]
2019-09-05 19:10:57,595 [grpc-default-executor-3] INFO  client.GrpcClientProtocolClient (GrpcClientProtocolClient.java:onNext(255)) - client-729EAB8E4297->a9cb8897-0d38-4c59-817a-d67a8ba30c67: receive RaftClientReply:client-729EAB8E4297->a9cb8897-0d38-4c59-817a-d67a8ba30c67@group-A55F67FDC954, cid=3060, SUCCESS, logIndex=4624, commits[a9cb8897-0d38-4c59-817a-d67a8ba30c67:c4627, 41e21bac-56c9-465a-a1cc-bc71b3ab473c:c4621, 2bfdf505-3a1f-44eb-9843-3820b2477da1:c4623]
2019-09-05 19:10:57,596 [grpc-default-executor-3] INFO  client.GrpcClientProtocolClient (GrpcClientProtocolClient.java:onNext(255)) - client-729EAB8E4297->a9cb8897-0d38-4c59-817a-d67a8ba30c67: receive RaftClientReply:client-729EAB8E4297->a9cb8897-0d38-4c59-817a-d67a8ba30c67@group-A55F67FDC954, cid=3061, SUCCESS, logIndex=4625, commits[a9cb8897-0d38-4c59-817a-d67a8ba30c67:c4627, 41e21bac-56c9-465a-a1cc-bc71b3ab473c:c4621, 2bfdf505-3a1f-44eb-9843-3820b2477da1:c4623]
2019-09-05 19:10:57,597 [grpc-default-executor-3] INFO  client.GrpcClientProtocolClient (GrpcClientProtocolClient.java:onNext(255)) - client-729EAB8E4297->a9cb8897-0d38-4c59-817a-d67a8ba30c67: receive RaftClientReply:client-729EAB8E4297->a9cb8897-0d38-4c59-817a-d67a8ba30c67@group-A55F67FDC954, cid=3062, SUCCESS, logIndex=0, commits[a9cb8897-0d38-4c59-817a-d67a8ba30c67:c4627, 41e21bac-56c9-465a-a1cc-bc71b3ab473c:c4623, 2bfdf505-3a1f-44eb-9843-3820b2477da1:c4623]
2019-09-05 19:10:57,634 [grpc-default-executor-2] INFO  client.GrpcClientProtocolClient (GrpcClientProtocolClient.java:onNext(255)) - client-729EAB8E4297->a9cb8897-0d38-4c59-817a-d67a8ba30c67: receive RaftClientReply:client-729EAB8E4297->a9cb8897-0d38-4c59-817a-d67a8ba30c67@group-A55F67FDC954, cid=3063, SUCCESS, logIndex=4630, commits[a9cb8897-0d38-4c59-817a-d67a8ba30c67:c4631, 41e21bac-56c9-465a-a1cc-bc71b3ab473c:c4629, 2bfdf505-3a1f-44eb-9843-3820b2477da1:c4626]
2019-09-05 19:10:57,635 [grpc-default-executor-2] INFO  client.GrpcClientProtocolClient (GrpcClientProtocolClient.java:onNext(255)) - client-729EAB8E4297->a9cb8897-0d38-4c59-817a-d67a8ba30c67: receive RaftClientReply:client-729EAB8E4297->a9cb8897-0d38-4c59-817a-d67a8ba30c67@group-A55F67FDC954, cid=3064, SUCCESS, logIndex=4631, commits[a9cb8897-0d38-4c59-817a-d67a8ba30c67:c4631, 41e21bac-56c9-465a-a1cc-bc71b3ab473c:c4629, 2bfdf505-3a1f-44eb-9843-3820b2477da1:c4629]
2019-09-05 19:10:57,652 [grpc-default-executor-3] INFO  client.GrpcClientProtocolClient (GrpcClientProtocolClient.java:onNext(255)) - client-729EAB8E4297->a9cb8897-0d38-4c59-817a-d67a8ba30c67: receive RaftClientReply:client-729EAB8E4297->a9cb8897-0d38-4c59-817a-d67a8ba30c67@group-A55F67FDC954, cid=3065, SUCCESS, logIndex=4634, commits[a9cb8897-0d38-4c59-817a-d67a8ba30c67:c4635, 41e21bac-56c9-465a-a1cc-bc71b3ab473c:c4632, 2bfdf505-3a1f-44eb-9843-3820b2477da1:c4632]
2019-09-05 19:10:57,652 [grpc-default-executor-3] INFO  client.GrpcClientProtocolClient (GrpcClientProtocolClient.java:onNext(255)) - client-729EAB8E4297->a9cb8897-0d38-4c59-817a-d67a8ba30c67: receive RaftClientReply:client-729EAB8E4297->a9cb8897-0d38-4c59-817a-d67a8ba30c67@group-A55F67FDC954, cid=3066, SUCCESS, logIndex=4635, commits[a9cb8897-0d38-4c59-817a-d67a8ba30c67:c4635, 41e21bac-56c9-465a-a1cc-bc71b3ab473c:c4632, 2bfdf505-3a1f-44eb-9843-3820b2477da1:c4632]
2019-09-05 19:10:57,676 [grpc-default-executor-3] INFO  client.GrpcClientProtocolClient (GrpcClientProtocolClient.java:onNext(255)) - client-729EAB8E4297->a9cb8897-0d38-4c59-817a-d67a8ba30c67: receive RaftClientReply:client-729EAB8E4297->a9cb8897-0d38-4c59-817a-d67a8ba30c67@group-A55F67FDC954, cid=3067, SUCCESS, logIndex=0, commits[a9cb8897-0d38-4c59-817a-d67a8ba30c67:c4637, 41e21bac-56c9-465a-a1cc-bc71b3ab473c:c4635, 2bfdf505-3a1f-44eb-9843-3820b2477da1:c4635]
2019-09-05 19:10:57,711 [grpc-default-executor-2] INFO  client.GrpcClientProtocolClient (GrpcClientProtocolClient.java:onNext(255)) - client-729EAB8E4297->a9cb8897-0d38-4c59-817a-d67a8ba30c67: receive RaftClientReply:client-729EAB8E4297->a9cb8897-0d38-4c59-817a-d67a8ba30c67@group-A55F67FDC954, cid=3068, SUCCESS, logIndex=4638, commits[a9cb8897-0d38-4c59-817a-d67a8ba30c67:c4639, 41e21bac-56c9-465a-a1cc-bc71b3ab473c:c4637, 2bfdf505-3a1f-44eb-9843-3820b2477da1:c4637]
2019-09-05 19:10:57,712 [grpc-default-executor-2] INFO  client.GrpcClientProtocolClient (GrpcClientProtocolClient.java:onNext(255)) - client-729EAB8E4297->a9cb8897-0d38-4c59-817a-d67a8ba30c67: receive RaftClientReply:client-729EAB8E4297->a9cb8897-0d38-4c59-817a-d67a8ba30c67@group-A55F67FDC954, cid=3069, SUCCESS, logIndex=4639, commits[a9cb8897-0d38-4c59-817a-d67a8ba30c67:c4639, 41e21bac-56c9-465a-a1cc-bc71b3ab473c:c4637, 2bfdf505-3a1f-44eb-9843-3820b2477da1:c4637]
2019-09-05 19:10:57,721 [grpc-default-executor-0] INFO  client.GrpcClientProtocolClient (GrpcClientProtocolClient.java:onNext(255)) - client-729EAB8E4297->a9cb8897-0d38-4c59-817a-d67a8ba30c67: receive RaftClientReply:client-729EAB8E4297->a9cb8897-0d38-4c59-817a-d67a8ba30c67@group-A55F67FDC954, cid=3070, SUCCESS, logIndex=4640, commits[a9cb8897-0d38-4c59-817a-d67a8ba30c67:c4641, 41e21bac-56c9-465a-a1cc-bc71b3ab473c:c4637, 2bfdf505-3a1f-44eb-9843-3820b2477da1:c4637]
2019-09-05 19:10:57,721 [grpc-default-executor-0] INFO  client.GrpcClientProtocolClient (GrpcClientProtocolClient.java:onNext(255)) - client-729EAB8E4297->a9cb8897-0d38-4c59-817a-d67a8ba30c67: receive RaftClientReply:client-729EAB8E4297->a9cb8897-0d38-4c59-817a-d67a8ba30c67@group-A55F67FDC954, cid=3071, SUCCESS, logIndex=4641, commits[a9cb8897-0d38-4c59-817a-d67a8ba30c67:c4641, 41e21bac-56c9-465a-a1cc-bc71b3ab473c:c4637, 2bfdf505-3a1f-44eb-9843-3820b2477da1:c4637]
2019-09-05 19:10:57,736 [grpc-default-executor-2] INFO  client.GrpcClientProtocolClient (GrpcClientProtocolClient.java:onNext(255)) - client-729EAB8E4297->a9cb8897-0d38-4c59-817a-d67a8ba30c67: receive RaftClientReply:client-729EAB8E4297->a9cb8897-0d38-4c59-817a-d67a8ba30c67@group-A55F67FDC954, cid=3072, SUCCESS, logIndex=0, commits[a9cb8897-0d38-4c59-817a-d67a8ba30c67:c4643, 41e21bac-56c9-465a-a1cc-bc71b3ab473c:c4641, 2bfdf505-3a1f-44eb-9843-3820b2477da1:c4639]
2019-09-05 19:10:57,760 [grpc-default-executor-0] INFO  client.GrpcClientProtocolClient (GrpcClientProtocolClient.java:onNext(255)) - client-729EAB8E4297->a9cb8897-0d38-4c59-817a-d67a8ba30c67: receive RaftClientReply:client-729EAB8E4297->a9cb8897-0d38-4c59-817a-d67a8ba30c67@group-A55F67FDC954, cid=3073, SUCCESS, logIndex=4645, commits[a9cb8897-0d38-4c59-817a-d67a8ba30c67:c4646, 41e21bac-56c9-465a-a1cc-bc71b3ab473c:c4643, 2bfdf505-3a1f-44eb-9843-3820b2477da1:c4643]
2019-09-05 19:10:57,760 [grpc-default-executor-0] INFO  client.GrpcClientProtocolClient (GrpcClientProtocolClient.java:onNext(255)) - client-729EAB8E4297->a9cb8897-0d38-4c59-817a-d67a8ba30c67: receive RaftClientReply:client-729EAB8E4297->a9cb8897-0d38-4c59-817a-d67a8ba30c67@group-A55F67FDC954, cid=3074, SUCCESS, logIndex=4646, commits[a9cb8897-0d38-4c59-817a-d67a8ba30c67:c4646, 41e21bac-56c9-465a-a1cc-bc71b3ab473c:c4643, 2bfdf505-3a1f-44eb-9843-3820b2477da1:c4643]
2019-09-05 19:10:57,781 [grpc-default-executor-2] INFO  client.GrpcClientProtocolClient (GrpcClientProtocolClient.java:onNext(255)) - client-729EAB8E4297->a9cb8897-0d38-4c59-817a-d67a8ba30c67: receive RaftClientReply:client-729EAB8E4297->a9cb8897-0d38-4c59-817a-d67a8ba30c67@group-A55F67FDC954, cid=3075, SUCCESS, logIndex=4649, commits[a9cb8897-0d38-4c59-817a-d67a8ba30c67:c4650, 41e21bac-56c9-465a-a1cc-bc71b3ab473c:c4648, 2bfdf505-3a1f-44eb-9843-3820b2477da1:c4648]
2019-09-05 19:10:57,781 [grpc-default-executor-2] INFO  client.GrpcClientProtocolClient (GrpcClientProtocolClient.java:onNext(255)) - client-729EAB8E4297->a9cb8897-0d38-4c59-817a-d67a8ba30c67: receive RaftClientReply:client-729EAB8E4297->a9cb8897-0d38-4c59-817a-d67a8ba30c67@group-A55F67FDC954, cid=3076, SUCCESS, logIndex=4650, commits[a9cb8897-0d38-4c59-817a-d67a8ba30c67:c4650, 41e21bac-56c9-465a-a1cc-bc71b3ab473c:c4648, 2bfdf505-3a1f-44eb-9843-3820b2477da1:c4648]
2019-09-05 19:10:57,805 [grpc-default-executor-3] INFO  client.GrpcClientProtocolClient (GrpcClientProtocolClient.java:onNext(255)) - client-729EAB8E4297->a9cb8897-0d38-4c59-817a-d67a8ba30c67: receive RaftClientReply:client-729EAB8E4297->a9cb8897-0d38-4c59-817a-d67a8ba30c67@group-A55F67FDC954, cid=3077, SUCCESS, logIndex=0, commits[a9cb8897-0d38-4c59-817a-d67a8ba30c67:c4651, 41e21bac-56c9-465a-a1cc-bc71b3ab473c:c4650, 2bfdf505-3a1f-44eb-9843-3820b2477da1:c4650]
2019-09-05 19:10:57,833 [grpc-default-executor-0] INFO  client.GrpcClientProtocolClient (GrpcClientProtocolClient.java:onNext(255)) - client-729EAB8E4297->a9cb8897-0d38-4c59-817a-d67a8ba30c67: receive RaftClientReply:client-729EAB8E4297->a9cb8897-0d38-4c59-817a-d67a8ba30c67@group-A55F67FDC954, cid=3078, SUCCESS, logIndex=4653, commits[a9cb8897-0d38-4c59-817a-d67a8ba30c67:c4654, 41e21bac-56c9-465a-a1cc-bc71b3ab473c:c4652, 2bfdf505-3a1f-44eb-9843-3820b2477da1:c4652]
2019-09-05 19:10:57,834 [grpc-default-executor-0] INFO  client.GrpcClientProtocolClient (GrpcClientProtocolClient.java:onNext(255)) - client-729EAB8E4297->a9cb8897-0d38-4c59-817a-d67a8ba30c67: receive RaftClientReply:client-729EAB8E4297->a9cb8897-0d38-4c59-817a-d67a8ba30c67@group-A55F67FDC954, cid=3079, SUCCESS, logIndex=4654, commits[a9cb8897-0d38-4c59-817a-d67a8ba30c67:c4654, 41e21bac-56c9-465a-a1cc-bc71b3ab473c:c4652, 2bfdf505-3a1f-44eb-9843-3820b2477da1:c4652]
2019-09-05 19:10:57,835 [grpc-default-executor-3] INFO  client.GrpcClientProtocolClient (GrpcClientProtocolClient.java:onNext(255)) - client-729EAB8E4297->a9cb8897-0d38-4c59-817a-d67a8ba30c67: receive RaftClientReply:client-729EAB8E4297->a9cb8897-0d38-4c59-817a-d67a8ba30c67@group-A55F67FDC954, cid=3080, SUCCESS, logIndex=4655, commits[a9cb8897-0d38-4c59-817a-d67a8ba30c67:c4655, 41e21bac-56c9-465a-a1cc-bc71b3ab473c:c4652, 2bfdf505-3a1f-44eb-9843-3820b2477da1:c4652]
2019-09-05 19:10:57,835 [grpc-default-executor-3] INFO  client.GrpcClientProtocolClient (GrpcClientProtocolClient.java:onNext(255)) - client-729EAB8E4297->a9cb8897-0d38-4c59-817a-d67a8ba30c67: receive RaftClientReply:client-729EAB8E4297->a9cb8897-0d38-4c59-817a-d67a8ba30c67@group-A55F67FDC954, cid=3081, SUCCESS, logIndex=4656, commits[a9cb8897-0d38-4c59-817a-d67a8ba30c67:c4656, 41e21bac-56c9-465a-a1cc-bc71b3ab473c:c4652, 2bfdf505-3a1f-44eb-9843-3820b2477da1:c4652]
2019-09-05 19:10:57,992 [grpc-default-executor-3] INFO  client.GrpcClientProtocolClient (GrpcClientProtocolClient.java:onNext(255)) - client-729EAB8E4297->a9cb8897-0d38-4c59-817a-d67a8ba30c67: receive RaftClientReply:client-729EAB8E4297->a9cb8897-0d38-4c59-817a-d67a8ba30c67@group-A55F67FDC954, cid=3082, SUCCESS, logIndex=0, commits[a9cb8897-0d38-4c59-817a-d67a8ba30c67:c4658, 41e21bac-56c9-465a-a1cc-bc71b3ab473c:c4654, 2bfdf505-3a1f-44eb-9843-3820b2477da1:c4654]
2019-09-05 19:10:58,016 [grpc-default-executor-2] INFO  client.GrpcClientProtocolClient (GrpcClientProtocolClient.java:onNext(255)) - client-729EAB8E4297->a9cb8897-0d38-4c59-817a-d67a8ba30c67: receive RaftClientReply:client-729EAB8E4297->a9cb8897-0d38-4c59-817a-d67a8ba30c67@group-A55F67FDC954, cid=3083, SUCCESS, logIndex=4661, commits[a9cb8897-0d38-4c59-817a-d67a8ba30c67:c4662, 41e21bac-56c9-465a-a1cc-bc71b3ab473c:c4660, 2bfdf505-3a1f-44eb-9843-3820b2477da1:c4660]
2019-09-05 19:10:58,017 [grpc-default-executor-2] INFO  client.GrpcClientProtocolClient (GrpcClientProtocolClient.java:onNext(255)) - client-729EAB8E4297->a9cb8897-0d38-4c59-817a-d67a8ba30c67: receive RaftClientReply:client-729EAB8E4297->a9cb8897-0d38-4c59-817a-d67a8ba30c67@group-A55F67FDC954, cid=3084, SUCCESS, logIndex=4662, commits[a9cb8897-0d38-4c59-817a-d67a8ba30c67:c4662, 41e21bac-56c9-465a-a1cc-bc71b3ab473c:c4660, 2bfdf505-3a1f-44eb-9843-3820b2477da1:c4660]
2019-09-05 19:10:58,031 [grpc-default-executor-0] INFO  client.GrpcClientProtocolClient (GrpcClientProtocolClient.java:onNext(255)) - client-729EAB8E4297->a9cb8897-0d38-4c59-817a-d67a8ba30c67: receive RaftClientReply:client-729EAB8E4297->a9cb8897-0d38-4c59-817a-d67a8ba30c67@group-A55F67FDC954, cid=3085, SUCCESS, logIndex=4665, commits[a9cb8897-0d38-4c59-817a-d67a8ba30c67:c4666, 41e21bac-56c9-465a-a1cc-bc71b3ab473c:c4661, 2bfdf505-3a1f-44eb-9843-3820b2477da1:c4662]
2019-09-05 19:10:58,031 [grpc-default-executor-0] INFO  client.GrpcClientProtocolClient (GrpcClientProtocolClient.java:onNext(255)) - client-729EAB8E4297->a9cb8897-0d38-4c59-817a-d67a8ba30c67: receive RaftClientReply:client-729EAB8E4297->a9cb8897-0d38-4c59-817a-d67a8ba30c67@group-A55F67FDC954, cid=3086, SUCCESS, logIndex=4666, commits[a9cb8897-0d38-4c59-817a-d67a8ba30c67:c4666, 41e21bac-56c9-465a-a1cc-bc71b3ab473c:c4661, 2bfdf505-3a1f-44eb-9843-3820b2477da1:c4662]
2019-09-05 19:10:58,041 [grpc-default-executor-3] INFO  client.GrpcClientProtocolClient (GrpcClientProtocolClient.java:onNext(255)) - client-729EAB8E4297->a9cb8897-0d38-4c59-817a-d67a8ba30c67: receive RaftClientReply:client-729EAB8E4297->a9cb8897-0d38-4c59-817a-d67a8ba30c67@group-A55F67FDC954, cid=3087, SUCCESS, logIndex=0, commits[a9cb8897-0d38-4c59-817a-d67a8ba30c67:c4666, 41e21bac-56c9-465a-a1cc-bc71b3ab473c:c4662, 2bfdf505-3a1f-44eb-9843-3820b2477da1:c4662]
2019-09-05 19:10:58,042 [grpc-default-executor-3] INFO  client.GrpcClientProtocolClient (GrpcClientProtocolClient.java:onNext(255)) - client-729EAB8E4297->a9cb8897-0d38-4c59-817a-d67a8ba30c67: receive RaftClientReply:client-729EAB8E4297->a9cb8897-0d38-4c59-817a-d67a8ba30c67@group-A55F67FDC954, cid=3088, SUCCESS, logIndex=0, commits[a9cb8897-0d38-4c59-817a-d67a8ba30c67:c4668, 41e21bac-56c9-465a-a1cc-bc71b3ab473c:c4666, 2bfdf505-3a1f-44eb-9843-3820b2477da1:c4666]
2019-09-05 19:10:58,075 [grpc-default-executor-0] INFO  client.GrpcClientProtocolClient (GrpcClientProtocolClient.java:onNext(255)) - client-729EAB8E4297->a9cb8897-0d38-4c59-817a-d67a8ba30c67: receive RaftClientReply:client-729EAB8E4297->a9cb8897-0d38-4c59-817a-d67a8ba30c67@group-A55F67FDC954, cid=3089, SUCCESS, logIndex=4669, commits[a9cb8897-0d38-4c59-817a-d67a8ba30c67:c4670, 41e21bac-56c9-465a-a1cc-bc71b3ab473c:c4668, 2bfdf505-3a1f-44eb-9843-3820b2477da1:c4668]
2019-09-05 19:10:58,076 [grpc-default-executor-0] INFO  client.GrpcClientProtocolClient (GrpcClientProtocolClient.java:onNext(255)) - client-729EAB8E4297->a9cb8897-0d38-4c59-817a-d67a8ba30c67: receive RaftClientReply:client-729EAB8E4297->a9cb8897-0d38-4c59-817a-d67a8ba30c67@group-A55F67FDC954, cid=3090, SUCCESS, logIndex=4670, commits[a9cb8897-0d38-4c59-817a-d67a8ba30c67:c4672, 41e21bac-56c9-465a-a1cc-bc71b3ab473c:c4668, 2bfdf505-3a1f-44eb-9843-3820b2477da1:c4668]
2019-09-05 19:10:58,076 [grpc-default-executor-0] INFO  client.GrpcClientProtocolClient (GrpcClientProtocolClient.java:onNext(255)) - client-729EAB8E4297->a9cb8897-0d38-4c59-817a-d67a8ba30c67: receive RaftClientReply:client-729EAB8E4297->a9cb8897-0d38-4c59-817a-d67a8ba30c67@group-A55F67FDC954, cid=3091, SUCCESS, logIndex=4671, commits[a9cb8897-0d38-4c59-817a-d67a8ba30c67:c4672, 41e21bac-56c9-465a-a1cc-bc71b3ab473c:c4668, 2bfdf505-3a1f-44eb-9843-3820b2477da1:c4668]
2019-09-05 19:10:58,076 [grpc-default-executor-0] INFO  client.GrpcClientProtocolClient (GrpcClientProtocolClient.java:onNext(255)) - client-729EAB8E4297->a9cb8897-0d38-4c59-817a-d67a8ba30c67: receive RaftClientReply:client-729EAB8E4297->a9cb8897-0d38-4c59-817a-d67a8ba30c67@group-A55F67FDC954, cid=3092, SUCCESS, logIndex=4672, commits[a9cb8897-0d38-4c59-817a-d67a8ba30c67:c4672, 41e21bac-56c9-465a-a1cc-bc71b3ab473c:c4668, 2bfdf505-3a1f-44eb-9843-3820b2477da1:c4668]
2019-09-05 19:10:58,091 [grpc-default-executor-0] INFO  client.GrpcClientProtocolClient (GrpcClientProtocolClient.java:onNext(255)) - client-729EAB8E4297->a9cb8897-0d38-4c59-817a-d67a8ba30c67: receive RaftClientReply:client-729EAB8E4297->a9cb8897-0d38-4c59-817a-d67a8ba30c67@group-A55F67FDC954, cid=3093, SUCCESS, logIndex=0, commits[a9cb8897-0d38-4c59-817a-d67a8ba30c67:c4674, 41e21bac-56c9-465a-a1cc-bc71b3ab473c:c4670, 2bfdf505-3a1f-44eb-9843-3820b2477da1:c4670]
2019-09-05 19:10:58,103 [grpc-default-executor-2] INFO  client.GrpcClientProtocolClient (GrpcClientProtocolClient.java:onNext(255)) - client-729EAB8E4297->a9cb8897-0d38-4c59-817a-d67a8ba30c67: receive RaftClientReply:client-729EAB8E4297->a9cb8897-0d38-4c59-817a-d67a8ba30c67@group-A55F67FDC954, cid=3094, SUCCESS, logIndex=4677, commits[a9cb8897-0d38-4c59-817a-d67a8ba30c67:c4678, 41e21bac-56c9-465a-a1cc-bc71b3ab473c:c4676, 2bfdf505-3a1f-44eb-9843-3820b2477da1:c4672]
2019-09-05 19:10:58,103 [grpc-default-executor-2] INFO  client.GrpcClientProtocolClient (GrpcClientProtocolClient.java:onNext(255)) - client-729EAB8E4297->a9cb8897-0d38-4c59-817a-d67a8ba30c67: receive RaftClientReply:client-729EAB8E4297->a9cb8897-0d38-4c59-817a-d67a8ba30c67@group-A55F67FDC954, cid=3095, SUCCESS, logIndex=4678, commits[a9cb8897-0d38-4c59-817a-d67a8ba30c67:c4678, 41e21bac-56c9-465a-a1cc-bc71b3ab473c:c4676, 2bfdf505-3a1f-44eb-9843-3820b2477da1:c4676]
2019-09-05 19:10:58,131 [grpc-default-executor-2] INFO  client.GrpcClientProtocolClient (GrpcClientProtocolClient.java:onNext(255)) - client-729EAB8E4297->a9cb8897-0d38-4c59-817a-d67a8ba30c67: receive RaftClientReply:client-729EAB8E4297->a9cb8897-0d38-4c59-817a-d67a8ba30c67@group-A55F67FDC954, cid=3096, SUCCESS, logIndex=4681, commits[a9cb8897-0d38-4c59-817a-d67a8ba30c67:c4682, 41e21bac-56c9-465a-a1cc-bc71b3ab473c:c4679, 2bfdf505-3a1f-44eb-9843-3820b2477da1:c4679]
2019-09-05 19:10:58,132 [grpc-default-executor-2] INFO  client.GrpcClientProtocolClient (GrpcClientProtocolClient.java:onNext(255)) - client-729EAB8E4297->a9cb8897-0d38-4c59-817a-d67a8ba30c67: receive RaftClientReply:client-729EAB8E4297->a9cb8897-0d38-4c59-817a-d67a8ba30c67@group-A55F67FDC954, cid=3097, SUCCESS, logIndex=4682, commits[a9cb8897-0d38-4c59-817a-d67a8ba30c67:c4682, 41e21bac-56c9-465a-a1cc-bc71b3ab473c:c4679, 2bfdf505-3a1f-44eb-9843-3820b2477da1:c4679]
2019-09-05 19:10:58,154 [grpc-default-executor-2] INFO  client.GrpcClientProtocolClient (GrpcClientProtocolClient.java:onNext(255)) - client-729EAB8E4297->a9cb8897-0d38-4c59-817a-d67a8ba30c67: receive RaftClientReply:client-729EAB8E4297->a9cb8897-0d38-4c59-817a-d67a8ba30c67@group-A55F67FDC954, cid=3098, SUCCESS, logIndex=0, commits[a9cb8897-0d38-4c59-817a-d67a8ba30c67:c4683, 41e21bac-56c9-465a-a1cc-bc71b3ab473c:c4682, 2bfdf505-3a1f-44eb-9843-3820b2477da1:c4682]
2019-09-05 19:10:58,183 [grpc-default-executor-2] INFO  client.GrpcClientProtocolClient (GrpcClientProtocolClient.java:onNext(255)) - client-729EAB8E4297->a9cb8897-0d38-4c59-817a-d67a8ba30c67: receive RaftClientReply:client-729EAB8E4297->a9cb8897-0d38-4c59-817a-d67a8ba30c67@group-A55F67FDC954, cid=3099, SUCCESS, logIndex=4685, commits[a9cb8897-0d38-4c59-817a-d67a8ba30c67:c4686, 41e21bac-56c9-465a-a1cc-bc71b3ab473c:c4684, 2bfdf505-3a1f-44eb-9843-3820b2477da1:c4684]
2019-09-05 19:10:58,183 [grpc-default-executor-2] INFO  client.GrpcClientProtocolClient (GrpcClientProtocolClient.java:onNext(255)) - client-729EAB8E4297->a9cb8897-0d38-4c59-817a-d67a8ba30c67: receive RaftClientReply:client-729EAB8E4297->a9cb8897-0d38-4c59-817a-d67a8ba30c67@group-A55F67FDC954, cid=3100, SUCCESS, logIndex=4686, commits[a9cb8897-0d38-4c59-817a-d67a8ba30c67:c4688, 41e21bac-56c9-465a-a1cc-bc71b3ab473c:c4684, 2bfdf505-3a1f-44eb-9843-3820b2477da1:c4684]
2019-09-05 19:10:58,184 [grpc-default-executor-2] INFO  client.GrpcClientProtocolClient (GrpcClientProtocolClient.java:onNext(255)) - client-729EAB8E4297->a9cb8897-0d38-4c59-817a-d67a8ba30c67: receive RaftClientReply:client-729EAB8E4297->a9cb8897-0d38-4c59-817a-d67a8ba30c67@group-A55F67FDC954, cid=3101, SUCCESS, logIndex=4687, commits[a9cb8897-0d38-4c59-817a-d67a8ba30c67:c4688, 41e21bac-56c9-465a-a1cc-bc71b3ab473c:c4684, 2bfdf505-3a1f-44eb-9843-3820b2477da1:c4684]
2019-09-05 19:10:58,184 [grpc-default-executor-2] INFO  client.GrpcClientProtocolClient (GrpcClientProtocolClient.java:onNext(255)) - client-729EAB8E4297->a9cb8897-0d38-4c59-817a-d67a8ba30c67: receive RaftClientReply:client-729EAB8E4297->a9cb8897-0d38-4c59-817a-d67a8ba30c67@group-A55F67FDC954, cid=3102, SUCCESS, logIndex=4688, commits[a9cb8897-0d38-4c59-817a-d67a8ba30c67:c4688, 41e21bac-56c9-465a-a1cc-bc71b3ab473c:c4684, 2bfdf505-3a1f-44eb-9843-3820b2477da1:c4684]
2019-09-05 19:10:58,193 [grpc-default-executor-2] INFO  client.GrpcClientProtocolClient (GrpcClientProtocolClient.java:onNext(255)) - client-729EAB8E4297->a9cb8897-0d38-4c59-817a-d67a8ba30c67: receive RaftClientReply:client-729EAB8E4297->a9cb8897-0d38-4c59-817a-d67a8ba30c67@group-A55F67FDC954, cid=3103, SUCCESS, logIndex=0, commits[a9cb8897-0d38-4c59-817a-d67a8ba30c67:c4689, 41e21bac-56c9-465a-a1cc-bc71b3ab473c:c4686, 2bfdf505-3a1f-44eb-9843-3820b2477da1:c4686]
2019-09-05 19:10:58,214 [grpc-default-executor-2] INFO  client.GrpcClientProtocolClient (GrpcClientProtocolClient.java:onNext(255)) - client-729EAB8E4297->a9cb8897-0d38-4c59-817a-d67a8ba30c67: receive RaftClientReply:client-729EAB8E4297->a9cb8897-0d38-4c59-817a-d67a8ba30c67@group-A55F67FDC954, cid=3104, SUCCESS, logIndex=4693, commits[a9cb8897-0d38-4c59-817a-d67a8ba30c67:c4694, 41e21bac-56c9-465a-a1cc-bc71b3ab473c:c4692, 2bfdf505-3a1f-44eb-9843-3820b2477da1:c4692]
2019-09-05 19:10:58,214 [grpc-default-executor-2] INFO  client.GrpcClientProtocolClient (GrpcClientProtocolClient.java:onNext(255)) - client-729EAB8E4297->a9cb8897-0d38-4c59-817a-d67a8ba30c67: receive RaftClientReply:client-729EAB8E4297->a9cb8897-0d38-4c59-817a-d67a8ba30c67@group-A55F67FDC954, cid=3105, SUCCESS, logIndex=4694, commits[a9cb8897-0d38-4c59-817a-d67a8ba30c67:c4694, 41e21bac-56c9-465a-a1cc-bc71b3ab473c:c4692, 2bfdf505-3a1f-44eb-9843-3820b2477da1:c4692]
2019-09-05 19:10:58,228 [grpc-default-executor-0] INFO  client.GrpcClientProtocolClient (GrpcClientProtocolClient.java:onNext(255)) - client-729EAB8E4297->a9cb8897-0d38-4c59-817a-d67a8ba30c67: receive RaftClientReply:client-729EAB8E4297->a9cb8897-0d38-4c59-817a-d67a8ba30c67@group-A55F67FDC954, cid=3106, SUCCESS, logIndex=4697, commits[a9cb8897-0d38-4c59-817a-d67a8ba30c67:c4698, 41e21bac-56c9-465a-a1cc-bc71b3ab473c:c4694, 2bfdf505-3a1f-44eb-9843-3820b2477da1:c4694]
2019-09-05 19:10:58,228 [grpc-default-executor-0] INFO  client.GrpcClientProtocolClient (GrpcClientProtocolClient.java:onNext(255)) - client-729EAB8E4297->a9cb8897-0d38-4c59-817a-d67a8ba30c67: receive RaftClientReply:client-729EAB8E4297->a9cb8897-0d38-4c59-817a-d67a8ba30c67@group-A55F67FDC954, cid=3107, SUCCESS, logIndex=4698, commits[a9cb8897-0d38-4c59-817a-d67a8ba30c67:c4698, 41e21bac-56c9-465a-a1cc-bc71b3ab473c:c4694, 2bfdf505-3a1f-44eb-9843-3820b2477da1:c4694]
2019-09-05 19:10:58,254 [grpc-default-executor-0] INFO  client.GrpcClientProtocolClient (GrpcClientProtocolClient.java:onNext(255)) - client-729EAB8E4297->a9cb8897-0d38-4c59-817a-d67a8ba30c67: receive RaftClientReply:client-729EAB8E4297->a9cb8897-0d38-4c59-817a-d67a8ba30c67@group-A55F67FDC954, cid=3108, SUCCESS, logIndex=0, commits[a9cb8897-0d38-4c59-817a-d67a8ba30c67:c4700, 41e21bac-56c9-465a-a1cc-bc71b3ab473c:c4698, 2bfdf505-3a1f-44eb-9843-3820b2477da1:c4698]
2019-09-05 19:10:58,287 [grpc-default-executor-1] INFO  client.GrpcClientProtocolClient (GrpcClientProtocolClient.java:onNext(255)) - client-729EAB8E4297->a9cb8897-0d38-4c59-817a-d67a8ba30c67: receive RaftClientReply:client-729EAB8E4297->a9cb8897-0d38-4c59-817a-d67a8ba30c67@group-A55F67FDC954, cid=3109, SUCCESS, logIndex=4701, commits[a9cb8897-0d38-4c59-817a-d67a8ba30c67:c4702, 41e21bac-56c9-465a-a1cc-bc71b3ab473c:c4700, 2bfdf505-3a1f-44eb-9843-3820b2477da1:c4700]
2019-09-05 19:10:58,287 [grpc-default-executor-1] INFO  client.GrpcClientProtocolClient (GrpcClientProtocolClient.java:onNext(255)) - client-729EAB8E4297->a9cb8897-0d38-4c59-817a-d67a8ba30c67: receive RaftClientReply:client-729EAB8E4297->a9cb8897-0d38-4c59-817a-d67a8ba30c67@group-A55F67FDC954, cid=3110, SUCCESS, logIndex=4702, commits[a9cb8897-0d38-4c59-817a-d67a8ba30c67:c4702, 41e21bac-56c9-465a-a1cc-bc71b3ab473c:c4700, 2bfdf505-3a1f-44eb-9843-3820b2477da1:c4700]
2019-09-05 19:10:58,288 [grpc-default-executor-1] INFO  client.GrpcClientProtocolClient (GrpcClientProtocolClient.java:onNext(255)) - client-729EAB8E4297->a9cb8897-0d38-4c59-817a-d67a8ba30c67: receive RaftClientReply:client-729EAB8E4297->a9cb8897-0d38-4c59-817a-d67a8ba30c67@group-A55F67FDC954, cid=3111, SUCCESS, logIndex=4703, commits[a9cb8897-0d38-4c59-817a-d67a8ba30c67:c4704, 41e21bac-56c9-465a-a1cc-bc71b3ab473c:c4700, 2bfdf505-3a1f-44eb-9843-3820b2477da1:c4700]
2019-09-05 19:10:58,288 [grpc-default-executor-1] INFO  client.GrpcClientProtocolClient (GrpcClientProtocolClient.java:onNext(255)) - client-729EAB8E4297->a9cb8897-0d38-4c59-817a-d67a8ba30c67: receive RaftClientReply:client-729EAB8E4297->a9cb8897-0d38-4c59-817a-d67a8ba30c67@group-A55F67FDC954, cid=3112, SUCCESS, logIndex=4704, commits[a9cb8897-0d38-4c59-817a-d67a8ba30c67:c4704, 41e21bac-56c9-465a-a1cc-bc71b3ab473c:c4700, 2bfdf505-3a1f-44eb-9843-3820b2477da1:c4700]
2019-09-05 19:10:58,302 [grpc-default-executor-1] INFO  client.GrpcClientProtocolClient (GrpcClientProtocolClient.java:onNext(255)) - client-729EAB8E4297->a9cb8897-0d38-4c59-817a-d67a8ba30c67: receive RaftClientReply:client-729EAB8E4297->a9cb8897-0d38-4c59-817a-d67a8ba30c67@group-A55F67FDC954, cid=3113, SUCCESS, logIndex=0, commits[a9cb8897-0d38-4c59-817a-d67a8ba30c67:c4706, 41e21bac-56c9-465a-a1cc-bc71b3ab473c:c4702, 2bfdf505-3a1f-44eb-9843-3820b2477da1:c4702]
2019-09-05 19:10:58,315 [grpc-default-executor-1] INFO  client.GrpcClientProtocolClient (GrpcClientProtocolClient.java:onNext(255)) - client-729EAB8E4297->a9cb8897-0d38-4c59-817a-d67a8ba30c67: receive RaftClientReply:client-729EAB8E4297->a9cb8897-0d38-4c59-817a-d67a8ba30c67@group-A55F67FDC954, cid=3114, SUCCESS, logIndex=4709, commits[a9cb8897-0d38-4c59-817a-d67a8ba30c67:c4710, 41e21bac-56c9-465a-a1cc-bc71b3ab473c:c4708, 2bfdf505-3a1f-44eb-9843-3820b2477da1:c4708]
2019-09-05 19:10:58,316 [grpc-default-executor-1] INFO  client.GrpcClientProtocolClient (GrpcClientProtocolClient.java:onNext(255)) - client-729EAB8E4297->a9cb8897-0d38-4c59-817a-d67a8ba30c67: receive RaftClientReply:client-729EAB8E4297->a9cb8897-0d38-4c59-817a-d67a8ba30c67@group-A55F67FDC954, cid=3115, SUCCESS, logIndex=4710, commits[a9cb8897-0d38-4c59-817a-d67a8ba30c67:c4710, 41e21bac-56c9-465a-a1cc-bc71b3ab473c:c4708, 2bfdf505-3a1f-44eb-9843-3820b2477da1:c4708]
2019-09-05 19:10:58,327 [grpc-default-executor-2] INFO  client.GrpcClientProtocolClient (GrpcClientProtocolClient.java:onNext(255)) - client-729EAB8E4297->a9cb8897-0d38-4c59-817a-d67a8ba30c67: receive RaftClientReply:client-729EAB8E4297->a9cb8897-0d38-4c59-817a-d67a8ba30c67@group-A55F67FDC954, cid=3116, SUCCESS, logIndex=4713, commits[a9cb8897-0d38-4c59-817a-d67a8ba30c67:c4714, 41e21bac-56c9-465a-a1cc-bc71b3ab473c:c4712, 2bfdf505-3a1f-44eb-9843-3820b2477da1:c4710]
2019-09-05 19:10:58,327 [grpc-default-executor-2] INFO  client.GrpcClientProtocolClient (GrpcClientProtocolClient.java:onNext(255)) - client-729EAB8E4297->a9cb8897-0d38-4c59-817a-d67a8ba30c67: receive RaftClientReply:client-729EAB8E4297->a9cb8897-0d38-4c59-817a-d67a8ba30c67@group-A55F67FDC954, cid=3117, SUCCESS, logIndex=4714, commits[a9cb8897-0d38-4c59-817a-d67a8ba30c67:c4714, 41e21bac-56c9-465a-a1cc-bc71b3ab473c:c4712, 2bfdf505-3a1f-44eb-9843-3820b2477da1:c4712]
2019-09-05 19:10:58,328 [grpc-default-executor-2] INFO  client.GrpcClientProtocolClient (GrpcClientProtocolClient.java:onNext(255)) - client-729EAB8E4297->a9cb8897-0d38-4c59-817a-d67a8ba30c67: receive RaftClientReply:client-729EAB8E4297->a9cb8897-0d38-4c59-817a-d67a8ba30c67@group-A55F67FDC954, cid=3118, SUCCESS, logIndex=0, commits[a9cb8897-0d38-4c59-817a-d67a8ba30c67:c4714, 41e21bac-56c9-465a-a1cc-bc71b3ab473c:c4714, 2bfdf505-3a1f-44eb-9843-3820b2477da1:c4714]
 0.00% |█                                                                                                    |  0/1 Time: 0:00:322019-09-05 19:10:58,351 [grpc-default-executor-2] INFO  client.GrpcClientProtocolClient (GrpcClientProtocolClient.java:onNext(255)) - client-729EAB8E4297->a9cb8897-0d38-4c59-817a-d67a8ba30c67: receive RaftClientReply:client-729EAB8E4297->a9cb8897-0d38-4c59-817a-d67a8ba30c67@group-A55F67FDC954, cid=3119, SUCCESS, logIndex=4717, commits[a9cb8897-0d38-4c59-817a-d67a8ba30c67:c4718, 41e21bac-56c9-465a-a1cc-bc71b3ab473c:c4716, 2bfdf505-3a1f-44eb-9843-3820b2477da1:c4716]
2019-09-05 19:10:58,352 [grpc-default-executor-2] INFO  client.GrpcClientProtocolClient (GrpcClientProtocolClient.java:onNext(255)) - client-729EAB8E4297->a9cb8897-0d38-4c59-817a-d67a8ba30c67: receive RaftClientReply:client-729EAB8E4297->a9cb8897-0d38-4c59-817a-d67a8ba30c67@group-A55F67FDC954, cid=3120, SUCCESS, logIndex=4718, commits[a9cb8897-0d38-4c59-817a-d67a8ba30c67:c4718, 41e21bac-56c9-465a-a1cc-bc71b3ab473c:c4716, 2bfdf505-3a1f-44eb-9843-3820b2477da1:c4716]
2019-09-05 19:10:58,353 [grpc-default-executor-2] INFO  client.GrpcClientProtocolClient (GrpcClientProtocolClient.java:onNext(255)) - client-729EAB8E4297->a9cb8897-0d38-4c59-817a-d67a8ba30c67: receive RaftClientReply:client-729EAB8E4297->a9cb8897-0d38-4c59-817a-d67a8ba30c67@group-A55F67FDC954, cid=3121, SUCCESS, logIndex=4719, commits[a9cb8897-0d38-4c59-817a-d67a8ba30c67:c4720, 41e21bac-56c9-465a-a1cc-bc71b3ab473c:c4716, 2bfdf505-3a1f-44eb-9843-3820b2477da1:c4716]
2019-09-05 19:10:58,353 [grpc-default-executor-2] INFO  client.GrpcClientProtocolClient (GrpcClientProtocolClient.java:onNext(255)) - client-729EAB8E4297->a9cb8897-0d38-4c59-817a-d67a8ba30c67: receive RaftClientReply:client-729EAB8E4297->a9cb8897-0d38-4c59-817a-d67a8ba30c67@group-A55F67FDC954, cid=3122, SUCCESS, logIndex=4720, commits[a9cb8897-0d38-4c59-817a-d67a8ba30c67:c4720, 41e21bac-56c9-465a-a1cc-bc71b3ab473c:c4716, 2bfdf505-3a1f-44eb-9843-3820b2477da1:c4716]
2019-09-05 19:10:58,357 [grpc-default-executor-2] INFO  client.GrpcClientProtocolClient (GrpcClientProtocolClient.java:onNext(255)) - client-729EAB8E4297->a9cb8897-0d38-4c59-817a-d67a8ba30c67: receive RaftClientReply:client-729EAB8E4297->a9cb8897-0d38-4c59-817a-d67a8ba30c67@group-A55F67FDC954, cid=3123, SUCCESS, logIndex=0, commits[a9cb8897-0d38-4c59-817a-d67a8ba30c67:c4722, 41e21bac-56c9-465a-a1cc-bc71b3ab473c:c4718, 2bfdf505-3a1f-44eb-9843-3820b2477da1:c4718]
2019-09-05 19:10:58,368 [grpc-default-executor-1] INFO  client.GrpcClientProtocolClient (GrpcClientProtocolClient.java:onNext(255)) - client-729EAB8E4297->a9cb8897-0d38-4c59-817a-d67a8ba30c67: receive RaftClientReply:client-729EAB8E4297->a9cb8897-0d38-4c59-817a-d67a8ba30c67@group-A55F67FDC954, cid=3124, SUCCESS, logIndex=4725, commits[a9cb8897-0d38-4c59-817a-d67a8ba30c67:c4726, 41e21bac-56c9-465a-a1cc-bc71b3ab473c:c4724, 2bfdf505-3a1f-44eb-9843-3820b2477da1:c4720]
2019-09-05 19:10:58,368 [grpc-default-executor-1] INFO  client.GrpcClientProtocolClient (GrpcClientProtocolClient.java:onNext(255)) - client-729EAB8E4297->a9cb8897-0d38-4c59-817a-d67a8ba30c67: receive RaftClientReply:client-729EAB8E4297->a9cb8897-0d38-4c59-817a-d67a8ba30c67@group-A55F67FDC954, cid=3125, SUCCESS, logIndex=4726, commits[a9cb8897-0d38-4c59-817a-d67a8ba30c67:c4726, 41e21bac-56c9-465a-a1cc-bc71b3ab473c:c4724, 2bfdf505-3a1f-44eb-9843-3820b2477da1:c4724]
2019-09-05 19:10:58,396 [grpc-default-executor-1] INFO  client.GrpcClientProtocolClient (GrpcClientProtocolClient.java:onNext(255)) - client-729EAB8E4297->a9cb8897-0d38-4c59-817a-d67a8ba30c67: receive RaftClientReply:client-729EAB8E4297->a9cb8897-0d38-4c59-817a-d67a8ba30c67@group-A55F67FDC954, cid=3126, SUCCESS, logIndex=4729, commits[a9cb8897-0d38-4c59-817a-d67a8ba30c67:c4730, 41e21bac-56c9-465a-a1cc-bc71b3ab473c:c4728, 2bfdf505-3a1f-44eb-9843-3820b2477da1:c4728]
2019-09-05 19:10:58,397 [grpc-default-executor-1] INFO  client.GrpcClientProtocolClient (GrpcClientProtocolClient.java:onNext(255)) - client-729EAB8E4297->a9cb8897-0d38-4c59-817a-d67a8ba30c67: receive RaftClientReply:client-729EAB8E4297->a9cb8897-0d38-4c59-817a-d67a8ba30c67@group-A55F67FDC954, cid=3127, SUCCESS, logIndex=4730, commits[a9cb8897-0d38-4c59-817a-d67a8ba30c67:c4730, 41e21bac-56c9-465a-a1cc-bc71b3ab473c:c4728, 2bfdf505-3a1f-44eb-9843-3820b2477da1:c4728]
2019-09-05 19:10:58,408 [grpc-default-executor-1] INFO  client.GrpcClientProtocolClient (GrpcClientProtocolClient.java:onNext(255)) - client-729EAB8E4297->a9cb8897-0d38-4c59-817a-d67a8ba30c67: receive RaftClientReply:client-729EAB8E4297->a9cb8897-0d38-4c59-817a-d67a8ba30c67@group-A55F67FDC954, cid=3128, SUCCESS, logIndex=0, commits[a9cb8897-0d38-4c59-817a-d67a8ba30c67:c4731, 41e21bac-56c9-465a-a1cc-bc71b3ab473c:c4730, 2bfdf505-3a1f-44eb-9843-3820b2477da1:c4730]
2019-09-05 19:10:58,434 [grpc-default-executor-2] INFO  client.GrpcClientProtocolClient (GrpcClientProtocolClient.java:onNext(255)) - client-729EAB8E4297->a9cb8897-0d38-4c59-817a-d67a8ba30c67: receive RaftClientReply:client-729EAB8E4297->a9cb8897-0d38-4c59-817a-d67a8ba30c67@group-A55F67FDC954, cid=3129, SUCCESS, logIndex=4732, commits[a9cb8897-0d38-4c59-817a-d67a8ba30c67:c4733, 41e21bac-56c9-465a-a1cc-bc71b3ab473c:c4731, 2bfdf505-3a1f-44eb-9843-3820b2477da1:c4731]
2019-09-05 19:10:58,434 [grpc-default-executor-0] INFO  client.GrpcClientProtocolClient (GrpcClientProtocolClient.java:onNext(255)) - client-729EAB8E4297->a9cb8897-0d38-4c59-817a-d67a8ba30c67: receive RaftClientReply:client-729EAB8E4297->a9cb8897-0d38-4c59-817a-d67a8ba30c67@group-A55F67FDC954, cid=3130, SUCCESS, logIndex=4733, commits[a9cb8897-0d38-4c59-817a-d67a8ba30c67:c4733, 41e21bac-56c9-465a-a1cc-bc71b3ab473c:c4731, 2bfdf505-3a1f-44eb-9843-3820b2477da1:c4731]
2019-09-05 19:10:58,435 [grpc-default-executor-2] INFO  client.GrpcClientProtocolClient (GrpcClientProtocolClient.java:onNext(255)) - client-729EAB8E4297->a9cb8897-0d38-4c59-817a-d67a8ba30c67: receive RaftClientReply:client-729EAB8E4297->a9cb8897-0d38-4c59-817a-d67a8ba30c67@group-A55F67FDC954, cid=3131, SUCCESS, logIndex=4734, commits[a9cb8897-0d38-4c59-817a-d67a8ba30c67:c4735, 41e21bac-56c9-465a-a1cc-bc71b3ab473c:c4731, 2bfdf505-3a1f-44eb-9843-3820b2477da1:c4731]
2019-09-05 19:10:58,435 [grpc-default-executor-2] INFO  client.GrpcClientProtocolClient (GrpcClientProtocolClient.java:onNext(255)) - client-729EAB8E4297->a9cb8897-0d38-4c59-817a-d67a8ba30c67: receive RaftClientReply:client-729EAB8E4297->a9cb8897-0d38-4c59-817a-d67a8ba30c67@group-A55F67FDC954, cid=3132, SUCCESS, logIndex=4735, commits[a9cb8897-0d38-4c59-817a-d67a8ba30c67:c4735, 41e21bac-56c9-465a-a1cc-bc71b3ab473c:c4731, 2bfdf505-3a1f-44eb-9843-3820b2477da1:c4731]
2019-09-05 19:10:58,448 [grpc-default-executor-2] INFO  client.GrpcClientProtocolClient (GrpcClientProtocolClient.java:onNext(255)) - client-729EAB8E4297->a9cb8897-0d38-4c59-817a-d67a8ba30c67: receive RaftClientReply:client-729EAB8E4297->a9cb8897-0d38-4c59-817a-d67a8ba30c67@group-A55F67FDC954, cid=3133, SUCCESS, logIndex=0, commits[a9cb8897-0d38-4c59-817a-d67a8ba30c67:c4737, 41e21bac-56c9-465a-a1cc-bc71b3ab473c:c4733, 2bfdf505-3a1f-44eb-9843-3820b2477da1:c4733]
2019-09-05 19:10:58,465 [grpc-default-executor-2] INFO  client.GrpcClientProtocolClient (GrpcClientProtocolClient.java:onNext(255)) - client-729EAB8E4297->a9cb8897-0d38-4c59-817a-d67a8ba30c67: receive RaftClientReply:client-729EAB8E4297->a9cb8897-0d38-4c59-817a-d67a8ba30c67@group-A55F67FDC954, cid=3134, SUCCESS, logIndex=4740, commits[a9cb8897-0d38-4c59-817a-d67a8ba30c67:c4741, 41e21bac-56c9-465a-a1cc-bc71b3ab473c:c4739, 2bfdf505-3a1f-44eb-9843-3820b2477da1:c4739]
2019-09-05 19:10:58,466 [grpc-default-executor-2] INFO  client.GrpcClientProtocolClient (GrpcClientProtocolClient.java:onNext(255)) - client-729EAB8E4297->a9cb8897-0d38-4c59-817a-d67a8ba30c67: receive RaftClientReply:client-729EAB8E4297->a9cb8897-0d38-4c59-817a-d67a8ba30c67@group-A55F67FDC954, cid=3135, SUCCESS, logIndex=4741, commits[a9cb8897-0d38-4c59-817a-d67a8ba30c67:c4741, 41e21bac-56c9-465a-a1cc-bc71b3ab473c:c4739, 2bfdf505-3a1f-44eb-9843-3820b2477da1:c4739]
2019-09-05 19:10:58,480 [grpc-default-executor-2] INFO  client.GrpcClientProtocolClient (GrpcClientProtocolClient.java:onNext(255)) - client-729EAB8E4297->a9cb8897-0d38-4c59-817a-d67a8ba30c67: receive RaftClientReply:client-729EAB8E4297->a9cb8897-0d38-4c59-817a-d67a8ba30c67@group-A55F67FDC954, cid=3136, SUCCESS, logIndex=4743, commits[a9cb8897-0d38-4c59-817a-d67a8ba30c67:c4743, 41e21bac-56c9-465a-a1cc-bc71b3ab473c:c4741, 2bfdf505-3a1f-44eb-9843-3820b2477da1:c4741]
2019-09-05 19:10:58,480 [grpc-default-executor-2] INFO  client.GrpcClientProtocolClient (GrpcClientProtocolClient.java:onNext(255)) - client-729EAB8E4297->a9cb8897-0d38-4c59-817a-d67a8ba30c67: receive RaftClientReply:client-729EAB8E4297->a9cb8897-0d38-4c59-817a-d67a8ba30c67@group-A55F67FDC954, cid=3137, SUCCESS, logIndex=4744, commits[a9cb8897-0d38-4c59-817a-d67a8ba30c67:c4744, 41e21bac-56c9-465a-a1cc-bc71b3ab473c:c4741, 2bfdf505-3a1f-44eb-9843-3820b2477da1:c4741]
2019-09-05 19:10:58,506 [grpc-default-executor-2] INFO  client.GrpcClientProtocolClient (GrpcClientProtocolClient.java:onNext(255)) - client-729EAB8E4297->a9cb8897-0d38-4c59-817a-d67a8ba30c67: receive RaftClientReply:client-729EAB8E4297->a9cb8897-0d38-4c59-817a-d67a8ba30c67@group-A55F67FDC954, cid=3138, SUCCESS, logIndex=0, commits[a9cb8897-0d38-4c59-817a-d67a8ba30c67:c4746, 41e21bac-56c9-465a-a1cc-bc71b3ab473c:c4744, 2bfdf505-3a1f-44eb-9843-3820b2477da1:c4744]
2019-09-05 19:10:58,534 [grpc-default-executor-1] INFO  client.GrpcClientProtocolClient (GrpcClientProtocolClient.java:onNext(255)) - client-729EAB8E4297->a9cb8897-0d38-4c59-817a-d67a8ba30c67: receive RaftClientReply:client-729EAB8E4297->a9cb8897-0d38-4c59-817a-d67a8ba30c67@group-A55F67FDC954, cid=3139, SUCCESS, logIndex=4747, commits[a9cb8897-0d38-4c59-817a-d67a8ba30c67:c4748, 41e21bac-56c9-465a-a1cc-bc71b3ab473c:c4746, 2bfdf505-3a1f-44eb-9843-3820b2477da1:c4746]
2019-09-05 19:10:58,535 [grpc-default-executor-1] INFO  client.GrpcClientProtocolClient (GrpcClientProtocolClient.java:onNext(255)) - client-729EAB8E4297->a9cb8897-0d38-4c59-817a-d67a8ba30c67: receive RaftClientReply:client-729EAB8E4297->a9cb8897-0d38-4c59-817a-d67a8ba30c67@group-A55F67FDC954, cid=3140, SUCCESS, logIndex=4748, commits[a9cb8897-0d38-4c59-817a-d67a8ba30c67:c4748, 41e21bac-56c9-465a-a1cc-bc71b3ab473c:c4746, 2bfdf505-3a1f-44eb-9843-3820b2477da1:c4746]
2019-09-05 19:10:58,544 [grpc-default-executor-1] INFO  client.GrpcClientProtocolClient (GrpcClientProtocolClient.java:onNext(255)) - client-729EAB8E4297->a9cb8897-0d38-4c59-817a-d67a8ba30c67: receive RaftClientReply:client-729EAB8E4297->a9cb8897-0d38-4c59-817a-d67a8ba30c67@group-A55F67FDC954, cid=3141, SUCCESS, logIndex=4749, commits[a9cb8897-0d38-4c59-817a-d67a8ba30c67:c4750, 41e21bac-56c9-465a-a1cc-bc71b3ab473c:c4746, 2bfdf505-3a1f-44eb-9843-3820b2477da1:c4746]
2019-09-05 19:10:58,544 [grpc-default-executor-1] INFO  client.GrpcClientProtocolClient (GrpcClientProtocolClient.java:onNext(255)) - client-729EAB8E4297->a9cb8897-0d38-4c59-817a-d67a8ba30c67: receive RaftClientReply:client-729EAB8E4297->a9cb8897-0d38-4c59-817a-d67a8ba30c67@group-A55F67FDC954, cid=3142, SUCCESS, logIndex=4750, commits[a9cb8897-0d38-4c59-817a-d67a8ba30c67:c4750, 41e21bac-56c9-465a-a1cc-bc71b3ab473c:c4746, 2bfdf505-3a1f-44eb-9843-3820b2477da1:c4746]
2019-09-05 19:10:58,559 [grpc-default-executor-2] INFO  client.GrpcClientProtocolClient (GrpcClientProtocolClient.java:onNext(255)) - client-729EAB8E4297->a9cb8897-0d38-4c59-817a-d67a8ba30c67: receive RaftClientReply:client-729EAB8E4297->a9cb8897-0d38-4c59-817a-d67a8ba30c67@group-A55F67FDC954, cid=3143, SUCCESS, logIndex=0, commits[a9cb8897-0d38-4c59-817a-d67a8ba30c67:c4752, 41e21bac-56c9-465a-a1cc-bc71b3ab473c:c4750, 2bfdf505-3a1f-44eb-9843-3820b2477da1:c4748]
2019-09-05 19:10:58,582 [grpc-default-executor-1] INFO  client.GrpcClientProtocolClient (GrpcClientProtocolClient.java:onNext(255)) - client-729EAB8E4297->a9cb8897-0d38-4c59-817a-d67a8ba30c67: receive RaftClientReply:client-729EAB8E4297->a9cb8897-0d38-4c59-817a-d67a8ba30c67@group-A55F67FDC954, cid=3144, SUCCESS, logIndex=4754, commits[a9cb8897-0d38-4c59-817a-d67a8ba30c67:c4755, 41e21bac-56c9-465a-a1cc-bc71b3ab473c:c4752, 2bfdf505-3a1f-44eb-9843-3820b2477da1:c4752]
2019-09-05 19:10:58,583 [grpc-default-executor-1] INFO  client.GrpcClientProtocolClient (GrpcClientProtocolClient.java:onNext(255)) - client-729EAB8E4297->a9cb8897-0d38-4c59-817a-d67a8ba30c67: receive RaftClientReply:client-729EAB8E4297->a9cb8897-0d38-4c59-817a-d67a8ba30c67@group-A55F67FDC954, cid=3145, SUCCESS, logIndex=4755, commits[a9cb8897-0d38-4c59-817a-d67a8ba30c67:c4755, 41e21bac-56c9-465a-a1cc-bc71b3ab473c:c4752, 2bfdf505-3a1f-44eb-9843-3820b2477da1:c4752]
2019-09-05 19:10:58,597 [grpc-default-executor-2] INFO  client.GrpcClientProtocolClient (GrpcClientProtocolClient.java:onNext(255)) - client-729EAB8E4297->a9cb8897-0d38-4c59-817a-d67a8ba30c67: receive RaftClientReply:client-729EAB8E4297->a9cb8897-0d38-4c59-817a-d67a8ba30c67@group-A55F67FDC954, cid=3146, SUCCESS, logIndex=4758, commits[a9cb8897-0d38-4c59-817a-d67a8ba30c67:c4759, 41e21bac-56c9-465a-a1cc-bc71b3ab473c:c4756, 2bfdf505-3a1f-44eb-9843-3820b2477da1:c4756]
2019-09-05 19:10:58,597 [grpc-default-executor-2] INFO  client.GrpcClientProtocolClient (GrpcClientProtocolClient.java:onNext(255)) - client-729EAB8E4297->a9cb8897-0d38-4c59-817a-d67a8ba30c67: receive RaftClientReply:client-729EAB8E4297->a9cb8897-0d38-4c59-817a-d67a8ba30c67@group-A55F67FDC954, cid=3147, SUCCESS, logIndex=4759, commits[a9cb8897-0d38-4c59-817a-d67a8ba30c67:c4759, 41e21bac-56c9-465a-a1cc-bc71b3ab473c:c4756, 2bfdf505-3a1f-44eb-9843-3820b2477da1:c4756]
2019-09-05 19:10:58,601 [grpc-default-executor-2] INFO  client.GrpcClientProtocolClient (GrpcClientProtocolClient.java:onNext(255)) - client-729EAB8E4297->a9cb8897-0d38-4c59-817a-d67a8ba30c67: receive RaftClientReply:client-729EAB8E4297->a9cb8897-0d38-4c59-817a-d67a8ba30c67@group-A55F67FDC954, cid=3148, SUCCESS, logIndex=0, commits[a9cb8897-0d38-4c59-817a-d67a8ba30c67:c4761, 41e21bac-56c9-465a-a1cc-bc71b3ab473c:c4759, 2bfdf505-3a1f-44eb-9843-3820b2477da1:c4759]
2019-09-05 19:10:58,622 [grpc-default-executor-2] INFO  client.GrpcClientProtocolClient (GrpcClientProtocolClient.java:onNext(255)) - client-729EAB8E4297->a9cb8897-0d38-4c59-817a-d67a8ba30c67: receive RaftClientReply:client-729EAB8E4297->a9cb8897-0d38-4c59-817a-d67a8ba30c67@group-A55F67FDC954, cid=3149, SUCCESS, logIndex=4762, commits[a9cb8897-0d38-4c59-817a-d67a8ba30c67:c4765, 41e21bac-56c9-465a-a1cc-bc71b3ab473c:c4759, 2bfdf505-3a1f-44eb-9843-3820b2477da1:c4761]
2019-09-05 19:10:58,623 [grpc-default-executor-2] INFO  client.GrpcClientProtocolClient (GrpcClientProtocolClient.java:onNext(255)) - client-729EAB8E4297->a9cb8897-0d38-4c59-817a-d67a8ba30c67: receive RaftClientReply:client-729EAB8E4297->a9cb8897-0d38-4c59-817a-d67a8ba30c67@group-A55F67FDC954, cid=3150, SUCCESS, logIndex=4763, commits[a9cb8897-0d38-4c59-817a-d67a8ba30c67:c4765, 41e21bac-56c9-465a-a1cc-bc71b3ab473c:c4761, 2bfdf505-3a1f-44eb-9843-3820b2477da1:c4761]
2019-09-05 19:10:58,623 [grpc-default-executor-2] INFO  client.GrpcClientProtocolClient (GrpcClientProtocolClient.java:onNext(255)) - client-729EAB8E4297->a9cb8897-0d38-4c59-817a-d67a8ba30c67: receive RaftClientReply:client-729EAB8E4297->a9cb8897-0d38-4c59-817a-d67a8ba30c67@group-A55F67FDC954, cid=3151, SUCCESS, logIndex=4764, commits[a9cb8897-0d38-4c59-817a-d67a8ba30c67:c4765, 41e21bac-56c9-465a-a1cc-bc71b3ab473c:c4761, 2bfdf505-3a1f-44eb-9843-3820b2477da1:c4761]
2019-09-05 19:10:58,623 [grpc-default-executor-2] INFO  client.GrpcClientProtocolClient (GrpcClientProtocolClient.java:onNext(255)) - client-729EAB8E4297->a9cb8897-0d38-4c59-817a-d67a8ba30c67: receive RaftClientReply:client-729EAB8E4297->a9cb8897-0d38-4c59-817a-d67a8ba30c67@group-A55F67FDC954, cid=3152, SUCCESS, logIndex=4765, commits[a9cb8897-0d38-4c59-817a-d67a8ba30c67:c4765, 41e21bac-56c9-465a-a1cc-bc71b3ab473c:c4761, 2bfdf505-3a1f-44eb-9843-3820b2477da1:c4761]
2019-09-05 19:10:58,627 [grpc-default-executor-2] INFO  client.GrpcClientProtocolClient (GrpcClientProtocolClient.java:onNext(255)) - client-729EAB8E4297->a9cb8897-0d38-4c59-817a-d67a8ba30c67: receive RaftClientReply:client-729EAB8E4297->a9cb8897-0d38-4c59-817a-d67a8ba30c67@group-A55F67FDC954, cid=3153, SUCCESS, logIndex=0, commits[a9cb8897-0d38-4c59-817a-d67a8ba30c67:c4766, 41e21bac-56c9-465a-a1cc-bc71b3ab473c:c4764, 2bfdf505-3a1f-44eb-9843-3820b2477da1:c4764]
2019-09-05 19:10:58,658 [grpc-default-executor-0] INFO  client.GrpcClientProtocolClient (GrpcClientProtocolClient.java:onNext(255)) - client-729EAB8E4297->a9cb8897-0d38-4c59-817a-d67a8ba30c67: receive RaftClientReply:client-729EAB8E4297->a9cb8897-0d38-4c59-817a-d67a8ba30c67@group-A55F67FDC954, cid=3154, SUCCESS, logIndex=4770, commits[a9cb8897-0d38-4c59-817a-d67a8ba30c67:c4771, 41e21bac-56c9-465a-a1cc-bc71b3ab473c:c4769, 2bfdf505-3a1f-44eb-9843-3820b2477da1:c4769]
2019-09-05 19:10:58,658 [grpc-default-executor-0] INFO  client.GrpcClientProtocolClient (GrpcClientProtocolClient.java:onNext(255)) - client-729EAB8E4297->a9cb8897-0d38-4c59-817a-d67a8ba30c67: receive RaftClientReply:client-729EAB8E4297->a9cb8897-0d38-4c59-817a-d67a8ba30c67@group-A55F67FDC954, cid=3155, SUCCESS, logIndex=4771, commits[a9cb8897-0d38-4c59-817a-d67a8ba30c67:c4771, 41e21bac-56c9-465a-a1cc-bc71b3ab473c:c4769, 2bfdf505-3a1f-44eb-9843-3820b2477da1:c4769]
2019-09-05 19:10:58,672 [grpc-default-executor-1] INFO  client.GrpcClientProtocolClient (GrpcClientProtocolClient.java:onNext(255)) - client-729EAB8E4297->a9cb8897-0d38-4c59-817a-d67a8ba30c67: receive RaftClientReply:client-729EAB8E4297->a9cb8897-0d38-4c59-817a-d67a8ba30c67@group-A55F67FDC954, cid=3156, SUCCESS, logIndex=4774, commits[a9cb8897-0d38-4c59-817a-d67a8ba30c67:c4775, 41e21bac-56c9-465a-a1cc-bc71b3ab473c:c4771, 2bfdf505-3a1f-44eb-9843-3820b2477da1:c4771]
2019-09-05 19:10:58,673 [grpc-default-executor-1] INFO  client.GrpcClientProtocolClient (GrpcClientProtocolClient.java:onNext(255)) - client-729EAB8E4297->a9cb8897-0d38-4c59-817a-d67a8ba30c67: receive RaftClientReply:client-729EAB8E4297->a9cb8897-0d38-4c59-817a-d67a8ba30c67@group-A55F67FDC954, cid=3157, SUCCESS, logIndex=4775, commits[a9cb8897-0d38-4c59-817a-d67a8ba30c67:c4775, 41e21bac-56c9-465a-a1cc-bc71b3ab473c:c4771, 2bfdf505-3a1f-44eb-9843-3820b2477da1:c4771]
2019-09-05 19:10:58,687 [grpc-default-executor-1] INFO  client.GrpcClientProtocolClient (GrpcClientProtocolClient.java:onNext(255)) - client-729EAB8E4297->a9cb8897-0d38-4c59-817a-d67a8ba30c67: receive RaftClientReply:client-729EAB8E4297->a9cb8897-0d38-4c59-817a-d67a8ba30c67@group-A55F67FDC954, cid=3158, SUCCESS, logIndex=0, commits[a9cb8897-0d38-4c59-817a-d67a8ba30c67:c4777, 41e21bac-56c9-465a-a1cc-bc71b3ab473c:c4775, 2bfdf505-3a1f-44eb-9843-3820b2477da1:c4775]
2019-09-05 19:10:58,714 [grpc-default-executor-2] INFO  client.GrpcClientProtocolClient (GrpcClientProtocolClient.java:onNext(255)) - client-729EAB8E4297->a9cb8897-0d38-4c59-817a-d67a8ba30c67: receive RaftClientReply:client-729EAB8E4297->a9cb8897-0d38-4c59-817a-d67a8ba30c67@group-A55F67FDC954, cid=3159, SUCCESS, logIndex=4778, commits[a9cb8897-0d38-4c59-817a-d67a8ba30c67:c4779, 41e21bac-56c9-465a-a1cc-bc71b3ab473c:c4777, 2bfdf505-3a1f-44eb-9843-3820b2477da1:c4777]
2019-09-05 19:10:58,714 [grpc-default-executor-2] INFO  client.GrpcClientProtocolClient (GrpcClientProtocolClient.java:onNext(255)) - client-729EAB8E4297->a9cb8897-0d38-4c59-817a-d67a8ba30c67: receive RaftClientReply:client-729EAB8E4297->a9cb8897-0d38-4c59-817a-d67a8ba30c67@group-A55F67FDC954, cid=3160, SUCCESS, logIndex=4779, commits[a9cb8897-0d38-4c59-817a-d67a8ba30c67:c4781, 41e21bac-56c9-465a-a1cc-bc71b3ab473c:c4777, 2bfdf505-3a1f-44eb-9843-3820b2477da1:c4777]
2019-09-05 19:10:58,715 [grpc-default-executor-2] INFO  client.GrpcClientProtocolClient (GrpcClientProtocolClient.java:onNext(255)) - client-729EAB8E4297->a9cb8897-0d38-4c59-817a-d67a8ba30c67: receive RaftClientReply:client-729EAB8E4297->a9cb8897-0d38-4c59-817a-d67a8ba30c67@group-A55F67FDC954, cid=3161, SUCCESS, logIndex=4780, commits[a9cb8897-0d38-4c59-817a-d67a8ba30c67:c4781, 41e21bac-56c9-465a-a1cc-bc71b3ab473c:c4777, 2bfdf505-3a1f-44eb-9843-3820b2477da1:c4777]
2019-09-05 19:10:58,715 [grpc-default-executor-2] INFO  client.GrpcClientProtocolClient (GrpcClientProtocolClient.java:onNext(255)) - client-729EAB8E4297->a9cb8897-0d38-4c59-817a-d67a8ba30c67: receive RaftClientReply:client-729EAB8E4297->a9cb8897-0d38-4c59-817a-d67a8ba30c67@group-A55F67FDC954, cid=3162, SUCCESS, logIndex=4781, commits[a9cb8897-0d38-4c59-817a-d67a8ba30c67:c4781, 41e21bac-56c9-465a-a1cc-bc71b3ab473c:c4777, 2bfdf505-3a1f-44eb-9843-3820b2477da1:c4777]
2019-09-05 19:10:58,728 [grpc-default-executor-0] INFO  client.GrpcClientProtocolClient (GrpcClientProtocolClient.java:onNext(255)) - client-729EAB8E4297->a9cb8897-0d38-4c59-817a-d67a8ba30c67: receive RaftClientReply:client-729EAB8E4297->a9cb8897-0d38-4c59-817a-d67a8ba30c67@group-A55F67FDC954, cid=3163, SUCCESS, logIndex=0, commits[a9cb8897-0d38-4c59-817a-d67a8ba30c67:c4784, 41e21bac-56c9-465a-a1cc-bc71b3ab473c:c4779, 2bfdf505-3a1f-44eb-9843-3820b2477da1:c4780]
2019-09-05 19:10:58,746 [grpc-default-executor-1] INFO  client.GrpcClientProtocolClient (GrpcClientProtocolClient.java:onNext(255)) - client-729EAB8E4297->a9cb8897-0d38-4c59-817a-d67a8ba30c67: receive RaftClientReply:client-729EAB8E4297->a9cb8897-0d38-4c59-817a-d67a8ba30c67@group-A55F67FDC954, cid=3164, SUCCESS, logIndex=4786, commits[a9cb8897-0d38-4c59-817a-d67a8ba30c67:c4787, 41e21bac-56c9-465a-a1cc-bc71b3ab473c:c4785, 2bfdf505-3a1f-44eb-9843-3820b2477da1:c4785]
2019-09-05 19:10:58,747 [grpc-default-executor-1] INFO  client.GrpcClientProtocolClient (GrpcClientProtocolClient.java:onNext(255)) - client-729EAB8E4297->a9cb8897-0d38-4c59-817a-d67a8ba30c67: receive RaftClientReply:client-729EAB8E4297->a9cb8897-0d38-4c59-817a-d67a8ba30c67@group-A55F67FDC954, cid=3165, SUCCESS, logIndex=4787, commits[a9cb8897-0d38-4c59-817a-d67a8ba30c67:c4787, 41e21bac-56c9-465a-a1cc-bc71b3ab473c:c4785, 2bfdf505-3a1f-44eb-9843-3820b2477da1:c4785]
2019-09-05 19:10:58,772 [grpc-default-executor-1] INFO  client.GrpcClientProtocolClient (GrpcClientProtocolClient.java:onNext(255)) - client-729EAB8E4297->a9cb8897-0d38-4c59-817a-d67a8ba30c67: receive RaftClientReply:client-729EAB8E4297->a9cb8897-0d38-4c59-817a-d67a8ba30c67@group-A55F67FDC954, cid=3166, SUCCESS, logIndex=4790, commits[a9cb8897-0d38-4c59-817a-d67a8ba30c67:c4791, 41e21bac-56c9-465a-a1cc-bc71b3ab473c:c4787, 2bfdf505-3a1f-44eb-9843-3820b2477da1:c4787]
2019-09-05 19:10:58,772 [grpc-default-executor-1] INFO  client.GrpcClientProtocolClient (GrpcClientProtocolClient.java:onNext(255)) - client-729EAB8E4297->a9cb8897-0d38-4c59-817a-d67a8ba30c67: receive RaftClientReply:client-729EAB8E4297->a9cb8897-0d38-4c59-817a-d67a8ba30c67@group-A55F67FDC954, cid=3167, SUCCESS, logIndex=4791, commits[a9cb8897-0d38-4c59-817a-d67a8ba30c67:c4791, 41e21bac-56c9-465a-a1cc-bc71b3ab473c:c4787, 2bfdf505-3a1f-44eb-9843-3820b2477da1:c4787]
2019-09-05 19:10:58,798 [grpc-default-executor-1] INFO  client.GrpcClientProtocolClient (GrpcClientProtocolClient.java:onNext(255)) - client-729EAB8E4297->a9cb8897-0d38-4c59-817a-d67a8ba30c67: receive RaftClientReply:client-729EAB8E4297->a9cb8897-0d38-4c59-817a-d67a8ba30c67@group-A55F67FDC954, cid=3168, SUCCESS, logIndex=0, commits[a9cb8897-0d38-4c59-817a-d67a8ba30c67:c4793, 41e21bac-56c9-465a-a1cc-bc71b3ab473c:c4791, 2bfdf505-3a1f-44eb-9843-3820b2477da1:c4791]
2019-09-05 19:10:58,828 [grpc-default-executor-2] INFO  client.GrpcClientProtocolClient (GrpcClientProtocolClient.java:onNext(255)) - client-729EAB8E4297->a9cb8897-0d38-4c59-817a-d67a8ba30c67: receive RaftClientReply:client-729EAB8E4297->a9cb8897-0d38-4c59-817a-d67a8ba30c67@group-A55F67FDC954, cid=3169, SUCCESS, logIndex=4794, commits[a9cb8897-0d38-4c59-817a-d67a8ba30c67:c4795, 41e21bac-56c9-465a-a1cc-bc71b3ab473c:c4793, 2bfdf505-3a1f-44eb-9843-3820b2477da1:c4793]
2019-09-05 19:10:58,829 [grpc-default-executor-2] INFO  client.GrpcClientProtocolClient (GrpcClientProtocolClient.java:onNext(255)) - client-729EAB8E4297->a9cb8897-0d38-4c59-817a-d67a8ba30c67: receive RaftClientReply:client-729EAB8E4297->a9cb8897-0d38-4c59-817a-d67a8ba30c67@group-A55F67FDC954, cid=3170, SUCCESS, logIndex=4795, commits[a9cb8897-0d38-4c59-817a-d67a8ba30c67:c4795, 41e21bac-56c9-465a-a1cc-bc71b3ab473c:c4793, 2bfdf505-3a1f-44eb-9843-3820b2477da1:c4793]
2019-09-05 19:10:58,840 [grpc-default-executor-2] INFO  client.GrpcClientProtocolClient (GrpcClientProtocolClient.java:onNext(255)) - client-729EAB8E4297->a9cb8897-0d38-4c59-817a-d67a8ba30c67: receive RaftClientReply:client-729EAB8E4297->a9cb8897-0d38-4c59-817a-d67a8ba30c67@group-A55F67FDC954, cid=3171, SUCCESS, logIndex=4796, commits[a9cb8897-0d38-4c59-817a-d67a8ba30c67:c4797, 41e21bac-56c9-465a-a1cc-bc71b3ab473c:c4793, 2bfdf505-3a1f-44eb-9843-3820b2477da1:c4793]
2019-09-05 19:10:58,840 [grpc-default-executor-2] INFO  client.GrpcClientProtocolClient (GrpcClientProtocolClient.java:onNext(255)) - client-729EAB8E4297->a9cb8897-0d38-4c59-817a-d67a8ba30c67: receive RaftClientReply:client-729EAB8E4297->a9cb8897-0d38-4c59-817a-d67a8ba30c67@group-A55F67FDC954, cid=3172, SUCCESS, logIndex=4797, commits[a9cb8897-0d38-4c59-817a-d67a8ba30c67:c4797, 41e21bac-56c9-465a-a1cc-bc71b3ab473c:c4793, 2bfdf505-3a1f-44eb-9843-3820b2477da1:c4793]
2019-09-05 19:10:58,842 [grpc-default-executor-2] INFO  client.GrpcClientProtocolClient (GrpcClientProtocolClient.java:onNext(255)) - client-729EAB8E4297->a9cb8897-0d38-4c59-817a-d67a8ba30c67: receive RaftClientReply:client-729EAB8E4297->a9cb8897-0d38-4c59-817a-d67a8ba30c67@group-A55F67FDC954, cid=3173, SUCCESS, logIndex=0, commits[a9cb8897-0d38-4c59-817a-d67a8ba30c67:c4799, 41e21bac-56c9-465a-a1cc-bc71b3ab473c:c4795, 2bfdf505-3a1f-44eb-9843-3820b2477da1:c4795]
2019-09-05 19:10:58,998 [grpc-default-executor-0] INFO  client.GrpcClientProtocolClient (GrpcClientProtocolClient.java:onNext(255)) - client-729EAB8E4297->a9cb8897-0d38-4c59-817a-d67a8ba30c67: receive RaftClientReply:client-729EAB8E4297->a9cb8897-0d38-4c59-817a-d67a8ba30c67@group-A55F67FDC954, cid=3174, SUCCESS, logIndex=4802, commits[a9cb8897-0d38-4c59-817a-d67a8ba30c67:c4803, 41e21bac-56c9-465a-a1cc-bc71b3ab473c:c4801, 2bfdf505-3a1f-44eb-9843-3820b2477da1:c4797]
2019-09-05 19:10:58,998 [grpc-default-executor-0] INFO  client.GrpcClientProtocolClient (GrpcClientProtocolClient.java:onNext(255)) - client-729EAB8E4297->a9cb8897-0d38-4c59-817a-d67a8ba30c67: receive RaftClientReply:client-729EAB8E4297->a9cb8897-0d38-4c59-817a-d67a8ba30c67@group-A55F67FDC954, cid=3175, SUCCESS, logIndex=4803, commits[a9cb8897-0d38-4c59-817a-d67a8ba30c67:c4803, 41e21bac-56c9-465a-a1cc-bc71b3ab473c:c4801, 2bfdf505-3a1f-44eb-9843-3820b2477da1:c4801]
2019-09-05 19:10:59,024 [grpc-default-executor-0] INFO  client.GrpcClientProtocolClient (GrpcClientProtocolClient.java:onNext(255)) - client-729EAB8E4297->a9cb8897-0d38-4c59-817a-d67a8ba30c67: receive RaftClientReply:client-729EAB8E4297->a9cb8897-0d38-4c59-817a-d67a8ba30c67@group-A55F67FDC954, cid=3176, SUCCESS, logIndex=4806, commits[a9cb8897-0d38-4c59-817a-d67a8ba30c67:c4807, 41e21bac-56c9-465a-a1cc-bc71b3ab473c:c4803, 2bfdf505-3a1f-44eb-9843-3820b2477da1:c4803]
2019-09-05 19:10:59,024 [grpc-default-executor-0] INFO  client.GrpcClientProtocolClient (GrpcClientProtocolClient.java:onNext(255)) - client-729EAB8E4297->a9cb8897-0d38-4c59-817a-d67a8ba30c67: receive RaftClientReply:client-729EAB8E4297->a9cb8897-0d38-4c59-817a-d67a8ba30c67@group-A55F67FDC954, cid=3177, SUCCESS, logIndex=4807, commits[a9cb8897-0d38-4c59-817a-d67a8ba30c67:c4807, 41e21bac-56c9-465a-a1cc-bc71b3ab473c:c4803, 2bfdf505-3a1f-44eb-9843-3820b2477da1:c4803]
2019-09-05 19:10:59,050 [grpc-default-executor-0] INFO  client.GrpcClientProtocolClient (GrpcClientProtocolClient.java:onNext(255)) - client-729EAB8E4297->a9cb8897-0d38-4c59-817a-d67a8ba30c67: receive RaftClientReply:client-729EAB8E4297->a9cb8897-0d38-4c59-817a-d67a8ba30c67@group-A55F67FDC954, cid=3178, SUCCESS, logIndex=0, commits[a9cb8897-0d38-4c59-817a-d67a8ba30c67:c4808, 41e21bac-56c9-465a-a1cc-bc71b3ab473c:c4807, 2bfdf505-3a1f-44eb-9843-3820b2477da1:c4807]
2019-09-05 19:10:59,081 [grpc-default-executor-1] INFO  client.GrpcClientProtocolClient (GrpcClientProtocolClient.java:onNext(255)) - client-729EAB8E4297->a9cb8897-0d38-4c59-817a-d67a8ba30c67: receive RaftClientReply:client-729EAB8E4297->a9cb8897-0d38-4c59-817a-d67a8ba30c67@group-A55F67FDC954, cid=3179, SUCCESS, logIndex=4810, commits[a9cb8897-0d38-4c59-817a-d67a8ba30c67:c4811, 41e21bac-56c9-465a-a1cc-bc71b3ab473c:c4809, 2bfdf505-3a1f-44eb-9843-3820b2477da1:c4809]
2019-09-05 19:10:59,082 [grpc-default-executor-1] INFO  client.GrpcClientProtocolClient (GrpcClientProtocolClient.java:onNext(255)) - client-729EAB8E4297->a9cb8897-0d38-4c59-817a-d67a8ba30c67: receive RaftClientReply:client-729EAB8E4297->a9cb8897-0d38-4c59-817a-d67a8ba30c67@group-A55F67FDC954, cid=3180, SUCCESS, logIndex=4811, commits[a9cb8897-0d38-4c59-817a-d67a8ba30c67:c4811, 41e21bac-56c9-465a-a1cc-bc71b3ab473c:c4809, 2bfdf505-3a1f-44eb-9843-3820b2477da1:c4809]
2019-09-05 19:10:59,095 [grpc-default-executor-0] INFO  client.GrpcClientProtocolClient (GrpcClientProtocolClient.java:onNext(255)) - client-729EAB8E4297->a9cb8897-0d38-4c59-817a-d67a8ba30c67: receive RaftClientReply:client-729EAB8E4297->a9cb8897-0d38-4c59-817a-d67a8ba30c67@group-A55F67FDC954, cid=3181, SUCCESS, logIndex=4812, commits[a9cb8897-0d38-4c59-817a-d67a8ba30c67:c4813, 41e21bac-56c9-465a-a1cc-bc71b3ab473c:c4809, 2bfdf505-3a1f-44eb-9843-3820b2477da1:c4809]
2019-09-05 19:10:59,095 [grpc-default-executor-0] INFO  client.GrpcClientProtocolClient (GrpcClientProtocolClient.java:onNext(255)) - client-729EAB8E4297->a9cb8897-0d38-4c59-817a-d67a8ba30c67: receive RaftClientReply:client-729EAB8E4297->a9cb8897-0d38-4c59-817a-d67a8ba30c67@group-A55F67FDC954, cid=3182, SUCCESS, logIndex=4813, commits[a9cb8897-0d38-4c59-817a-d67a8ba30c67:c4813, 41e21bac-56c9-465a-a1cc-bc71b3ab473c:c4809, 2bfdf505-3a1f-44eb-9843-3820b2477da1:c4809]
2019-09-05 19:10:59,097 [grpc-default-executor-2] INFO  client.GrpcClientProtocolClient (GrpcClientProtocolClient.java:onNext(255)) - client-729EAB8E4297->a9cb8897-0d38-4c59-817a-d67a8ba30c67: receive RaftClientReply:client-729EAB8E4297->a9cb8897-0d38-4c59-817a-d67a8ba30c67@group-A55F67FDC954, cid=3183, SUCCESS, logIndex=0, commits[a9cb8897-0d38-4c59-817a-d67a8ba30c67:c4815, 41e21bac-56c9-465a-a1cc-bc71b3ab473c:c4811, 2bfdf505-3a1f-44eb-9843-3820b2477da1:c4811]
2019-09-05 19:10:59,123 [grpc-default-executor-0] INFO  client.GrpcClientProtocolClient (GrpcClientProtocolClient.java:onNext(255)) - client-729EAB8E4297->a9cb8897-0d38-4c59-817a-d67a8ba30c67: receive RaftClientReply:client-729EAB8E4297->a9cb8897-0d38-4c59-817a-d67a8ba30c67@group-A55F67FDC954, cid=3184, SUCCESS, logIndex=4818, commits[a9cb8897-0d38-4c59-817a-d67a8ba30c67:c4819, 41e21bac-56c9-465a-a1cc-bc71b3ab473c:c4815, 2bfdf505-3a1f-44eb-9843-3820b2477da1:c4815]
2019-09-05 19:10:59,123 [grpc-default-executor-0] INFO  client.GrpcClientProtocolClient (GrpcClientProtocolClient.java:onNext(255)) - client-729EAB8E4297->a9cb8897-0d38-4c59-817a-d67a8ba30c67: receive RaftClientReply:client-729EAB8E4297->a9cb8897-0d38-4c59-817a-d67a8ba30c67@group-A55F67FDC954, cid=3185, SUCCESS, logIndex=4819, commits[a9cb8897-0d38-4c59-817a-d67a8ba30c67:c4819, 41e21bac-56c9-465a-a1cc-bc71b3ab473c:c4815, 2bfdf505-3a1f-44eb-9843-3820b2477da1:c4815]
2019-09-05 19:10:59,149 [grpc-default-executor-1] INFO  client.GrpcClientProtocolClient (GrpcClientProtocolClient.java:onNext(255)) - client-729EAB8E4297->a9cb8897-0d38-4c59-817a-d67a8ba30c67: receive RaftClientReply:client-729EAB8E4297->a9cb8897-0d38-4c59-817a-d67a8ba30c67@group-A55F67FDC954, cid=3186, SUCCESS, logIndex=4822, commits[a9cb8897-0d38-4c59-817a-d67a8ba30c67:c4823, 41e21bac-56c9-465a-a1cc-bc71b3ab473c:c4819, 2bfdf505-3a1f-44eb-9843-3820b2477da1:c4819]
2019-09-05 19:10:59,149 [grpc-default-executor-1] INFO  client.GrpcClientProtocolClient (GrpcClientProtocolClient.java:onNext(255)) - client-729EAB8E4297->a9cb8897-0d38-4c59-817a-d67a8ba30c67: receive RaftClientReply:client-729EAB8E4297->a9cb8897-0d38-4c59-817a-d67a8ba30c67@group-A55F67FDC954, cid=3187, SUCCESS, logIndex=4823, commits[a9cb8897-0d38-4c59-817a-d67a8ba30c67:c4823, 41e21bac-56c9-465a-a1cc-bc71b3ab473c:c4819, 2bfdf505-3a1f-44eb-9843-3820b2477da1:c4819]
2019-09-05 19:10:59,163 [grpc-default-executor-0] INFO  client.GrpcClientProtocolClient (GrpcClientProtocolClient.java:onNext(255)) - client-729EAB8E4297->a9cb8897-0d38-4c59-817a-d67a8ba30c67: receive RaftClientReply:client-729EAB8E4297->a9cb8897-0d38-4c59-817a-d67a8ba30c67@group-A55F67FDC954, cid=3188, SUCCESS, logIndex=0, commits[a9cb8897-0d38-4c59-817a-d67a8ba30c67:c4825, 41e21bac-56c9-465a-a1cc-bc71b3ab473c:c4823, 2bfdf505-3a1f-44eb-9843-3820b2477da1:c4823]
2019-09-05 19:10:59,191 [grpc-default-executor-0] INFO  client.GrpcClientProtocolClient (GrpcClientProtocolClient.java:onNext(255)) - client-729EAB8E4297->a9cb8897-0d38-4c59-817a-d67a8ba30c67: receive RaftClientReply:client-729EAB8E4297->a9cb8897-0d38-4c59-817a-d67a8ba30c67@group-A55F67FDC954, cid=3189, SUCCESS, logIndex=4826, commits[a9cb8897-0d38-4c59-817a-d67a8ba30c67:c4827, 41e21bac-56c9-465a-a1cc-bc71b3ab473c:c4825, 2bfdf505-3a1f-44eb-9843-3820b2477da1:c4825]
2019-09-05 19:10:59,191 [grpc-default-executor-0] INFO  client.GrpcClientProtocolClient (GrpcClientProtocolClient.java:onNext(255)) - client-729EAB8E4297->a9cb8897-0d38-4c59-817a-d67a8ba30c67: receive RaftClientReply:client-729EAB8E4297->a9cb8897-0d38-4c59-817a-d67a8ba30c67@group-A55F67FDC954, cid=3190, SUCCESS, logIndex=4827, commits[a9cb8897-0d38-4c59-817a-d67a8ba30c67:c4827, 41e21bac-56c9-465a-a1cc-bc71b3ab473c:c4825, 2bfdf505-3a1f-44eb-9843-3820b2477da1:c4825]
2019-09-05 19:10:59,192 [grpc-default-executor-0] INFO  client.GrpcClientProtocolClient (GrpcClientProtocolClient.java:onNext(255)) - client-729EAB8E4297->a9cb8897-0d38-4c59-817a-d67a8ba30c67: receive RaftClientReply:client-729EAB8E4297->a9cb8897-0d38-4c59-817a-d67a8ba30c67@group-A55F67FDC954, cid=3191, SUCCESS, logIndex=4828, commits[a9cb8897-0d38-4c59-817a-d67a8ba30c67:c4829, 41e21bac-56c9-465a-a1cc-bc71b3ab473c:c4825, 2bfdf505-3a1f-44eb-9843-3820b2477da1:c4825]
2019-09-05 19:10:59,192 [grpc-default-executor-0] INFO  client.GrpcClientProtocolClient (GrpcClientProtocolClient.java:onNext(255)) - client-729EAB8E4297->a9cb8897-0d38-4c59-817a-d67a8ba30c67: receive RaftClientReply:client-729EAB8E4297->a9cb8897-0d38-4c59-817a-d67a8ba30c67@group-A55F67FDC954, cid=3192, SUCCESS, logIndex=4829, commits[a9cb8897-0d38-4c59-817a-d67a8ba30c67:c4829, 41e21bac-56c9-465a-a1cc-bc71b3ab473c:c4825, 2bfdf505-3a1f-44eb-9843-3820b2477da1:c4825]
2019-09-05 19:10:59,205 [grpc-default-executor-0] INFO  client.GrpcClientProtocolClient (GrpcClientProtocolClient.java:onNext(255)) - client-729EAB8E4297->a9cb8897-0d38-4c59-817a-d67a8ba30c67: receive RaftClientReply:client-729EAB8E4297->a9cb8897-0d38-4c59-817a-d67a8ba30c67@group-A55F67FDC954, cid=3193, SUCCESS, logIndex=0, commits[a9cb8897-0d38-4c59-817a-d67a8ba30c67:c4831, 41e21bac-56c9-465a-a1cc-bc71b3ab473c:c4827, 2bfdf505-3a1f-44eb-9843-3820b2477da1:c4827]
2019-09-05 19:10:59,225 [grpc-default-executor-1] INFO  client.GrpcClientProtocolClient (GrpcClientProtocolClient.java:onNext(255)) - client-729EAB8E4297->a9cb8897-0d38-4c59-817a-d67a8ba30c67: receive RaftClientReply:client-729EAB8E4297->a9cb8897-0d38-4c59-817a-d67a8ba30c67@group-A55F67FDC954, cid=3194, SUCCESS, logIndex=4834, commits[a9cb8897-0d38-4c59-817a-d67a8ba30c67:c4835, 41e21bac-56c9-465a-a1cc-bc71b3ab473c:c4833, 2bfdf505-3a1f-44eb-9843-3820b2477da1:c4833]
2019-09-05 19:10:59,225 [grpc-default-executor-1] INFO  client.GrpcClientProtocolClient (GrpcClientProtocolClient.java:onNext(255)) - client-729EAB8E4297->a9cb8897-0d38-4c59-817a-d67a8ba30c67: receive RaftClientReply:client-729EAB8E4297->a9cb8897-0d38-4c59-817a-d67a8ba30c67@group-A55F67FDC954, cid=3195, SUCCESS, logIndex=4835, commits[a9cb8897-0d38-4c59-817a-d67a8ba30c67:c4835, 41e21bac-56c9-465a-a1cc-bc71b3ab473c:c4833, 2bfdf505-3a1f-44eb-9843-3820b2477da1:c4833]
2019-09-05 19:10:59,238 [grpc-default-executor-0] INFO  client.GrpcClientProtocolClient (GrpcClientProtocolClient.java:onNext(255)) - client-729EAB8E4297->a9cb8897-0d38-4c59-817a-d67a8ba30c67: receive RaftClientReply:client-729EAB8E4297->a9cb8897-0d38-4c59-817a-d67a8ba30c67@group-A55F67FDC954, cid=3196, SUCCESS, logIndex=4838, commits[a9cb8897-0d38-4c59-817a-d67a8ba30c67:c4839, 41e21bac-56c9-465a-a1cc-bc71b3ab473c:c4835, 2bfdf505-3a1f-44eb-9843-3820b2477da1:c4835]
2019-09-05 19:10:59,238 [grpc-default-executor-0] INFO  client.GrpcClientProtocolClient (GrpcClientProtocolClient.java:onNext(255)) - client-729EAB8E4297->a9cb8897-0d38-4c59-817a-d67a8ba30c67: receive RaftClientReply:client-729EAB8E4297->a9cb8897-0d38-4c59-817a-d67a8ba30c67@group-A55F67FDC954, cid=3197, SUCCESS, logIndex=4839, commits[a9cb8897-0d38-4c59-817a-d67a8ba30c67:c4839, 41e21bac-56c9-465a-a1cc-bc71b3ab473c:c4835, 2bfdf505-3a1f-44eb-9843-3820b2477da1:c4835]
2019-09-05 19:10:59,239 [grpc-default-executor-1] INFO  client.GrpcClientProtocolClient (GrpcClientProtocolClient.java:onNext(255)) - client-729EAB8E4297->a9cb8897-0d38-4c59-817a-d67a8ba30c67: receive RaftClientReply:client-729EAB8E4297->a9cb8897-0d38-4c59-817a-d67a8ba30c67@group-A55F67FDC954, cid=3198, SUCCESS, logIndex=0, commits[a9cb8897-0d38-4c59-817a-d67a8ba30c67:c4840, 41e21bac-56c9-465a-a1cc-bc71b3ab473c:c4839, 2bfdf505-3a1f-44eb-9843-3820b2477da1:c4839]
2019-09-05 19:10:59,272 [grpc-default-executor-1] INFO  client.GrpcClientProtocolClient (GrpcClientProtocolClient.java:onNext(255)) - client-729EAB8E4297->a9cb8897-0d38-4c59-817a-d67a8ba30c67: receive RaftClientReply:client-729EAB8E4297->a9cb8897-0d38-4c59-817a-d67a8ba30c67@group-A55F67FDC954, cid=3199, SUCCESS, logIndex=4842, commits[a9cb8897-0d38-4c59-817a-d67a8ba30c67:c4843, 41e21bac-56c9-465a-a1cc-bc71b3ab473c:c4841, 2bfdf505-3a1f-44eb-9843-3820b2477da1:c4841]
2019-09-05 19:10:59,273 [grpc-default-executor-1] INFO  client.GrpcClientProtocolClient (GrpcClientProtocolClient.java:onNext(255)) - client-729EAB8E4297->a9cb8897-0d38-4c59-817a-d67a8ba30c67: receive RaftClientReply:client-729EAB8E4297->a9cb8897-0d38-4c59-817a-d67a8ba30c67@group-A55F67FDC954, cid=3200, SUCCESS, logIndex=4843, commits[a9cb8897-0d38-4c59-817a-d67a8ba30c67:c4845, 41e21bac-56c9-465a-a1cc-bc71b3ab473c:c4841, 2bfdf505-3a1f-44eb-9843-3820b2477da1:c4841]
2019-09-05 19:10:59,273 [grpc-default-executor-1] INFO  client.GrpcClientProtocolClient (GrpcClientProtocolClient.java:onNext(255)) - client-729EAB8E4297->a9cb8897-0d38-4c59-817a-d67a8ba30c67: receive RaftClientReply:client-729EAB8E4297->a9cb8897-0d38-4c59-817a-d67a8ba30c67@group-A55F67FDC954, cid=3201, SUCCESS, logIndex=4844, commits[a9cb8897-0d38-4c59-817a-d67a8ba30c67:c4845, 41e21bac-56c9-465a-a1cc-bc71b3ab473c:c4841, 2bfdf505-3a1f-44eb-9843-3820b2477da1:c4841]
2019-09-05 19:10:59,273 [grpc-default-executor-1] INFO  client.GrpcClientProtocolClient (GrpcClientProtocolClient.java:onNext(255)) - client-729EAB8E4297->a9cb8897-0d38-4c59-817a-d67a8ba30c67: receive RaftClientReply:client-729EAB8E4297->a9cb8897-0d38-4c59-817a-d67a8ba30c67@group-A55F67FDC954, cid=3202, SUCCESS, logIndex=4845, commits[a9cb8897-0d38-4c59-817a-d67a8ba30c67:c4845, 41e21bac-56c9-465a-a1cc-bc71b3ab473c:c4841, 2bfdf505-3a1f-44eb-9843-3820b2477da1:c4841]
2019-09-05 19:10:59,285 [grpc-default-executor-1] INFO  client.GrpcClientProtocolClient (GrpcClientProtocolClient.java:onNext(255)) - client-729EAB8E4297->a9cb8897-0d38-4c59-817a-d67a8ba30c67: receive RaftClientReply:client-729EAB8E4297->a9cb8897-0d38-4c59-817a-d67a8ba30c67@group-A55F67FDC954, cid=3203, SUCCESS, logIndex=0, commits[a9cb8897-0d38-4c59-817a-d67a8ba30c67:c4846, 41e21bac-56c9-465a-a1cc-bc71b3ab473c:c4843, 2bfdf505-3a1f-44eb-9843-3820b2477da1:c4843]
2019-09-05 19:10:59,310 [grpc-default-executor-2] INFO  client.GrpcClientProtocolClient (GrpcClientProtocolClient.java:onNext(255)) - client-729EAB8E4297->a9cb8897-0d38-4c59-817a-d67a8ba30c67: receive RaftClientReply:client-729EAB8E4297->a9cb8897-0d38-4c59-817a-d67a8ba30c67@group-A55F67FDC954, cid=3204, SUCCESS, logIndex=4849, commits[a9cb8897-0d38-4c59-817a-d67a8ba30c67:c4850, 41e21bac-56c9-465a-a1cc-bc71b3ab473c:c4846, 2bfdf505-3a1f-44eb-9843-3820b2477da1:c4846]
2019-09-05 19:10:59,311 [grpc-default-executor-2] INFO  client.GrpcClientProtocolClient (GrpcClientProtocolClient.java:onNext(255)) - client-729EAB8E4297->a9cb8897-0d38-4c59-817a-d67a8ba30c67: receive RaftClientReply:client-729EAB8E4297->a9cb8897-0d38-4c59-817a-d67a8ba30c67@group-A55F67FDC954, cid=3205, SUCCESS, logIndex=4850, commits[a9cb8897-0d38-4c59-817a-d67a8ba30c67:c4850, 41e21bac-56c9-465a-a1cc-bc71b3ab473c:c4846, 2bfdf505-3a1f-44eb-9843-3820b2477da1:c4846]
2019-09-05 19:10:59,337 [grpc-default-executor-1] INFO  client.GrpcClientProtocolClient (GrpcClientProtocolClient.java:onNext(255)) - client-729EAB8E4297->a9cb8897-0d38-4c59-817a-d67a8ba30c67: receive RaftClientReply:client-729EAB8E4297->a9cb8897-0d38-4c59-817a-d67a8ba30c67@group-A55F67FDC954, cid=3206, SUCCESS, logIndex=4853, commits[a9cb8897-0d38-4c59-817a-d67a8ba30c67:c4854, 41e21bac-56c9-465a-a1cc-bc71b3ab473c:c4850, 2bfdf505-3a1f-44eb-9843-3820b2477da1:c4850]
2019-09-05 19:10:59,337 [grpc-default-executor-1] INFO  client.GrpcClientProtocolClient (GrpcClientProtocolClient.java:onNext(255)) - client-729EAB8E4297->a9cb8897-0d38-4c59-817a-d67a8ba30c67: receive RaftClientReply:client-729EAB8E4297->a9cb8897-0d38-4c59-817a-d67a8ba30c67@group-A55F67FDC954, cid=3207, SUCCESS, logIndex=4854, commits[a9cb8897-0d38-4c59-817a-d67a8ba30c67:c4854, 41e21bac-56c9-465a-a1cc-bc71b3ab473c:c4850, 2bfdf505-3a1f-44eb-9843-3820b2477da1:c4850]
 0.00% |█                                                                                                    |  0/1 Time: 0:00:332019-09-05 19:10:59,370 [grpc-default-executor-1] INFO  client.GrpcClientProtocolClient (GrpcClientProtocolClient.java:onNext(255)) - client-729EAB8E4297->a9cb8897-0d38-4c59-817a-d67a8ba30c67: receive RaftClientReply:client-729EAB8E4297->a9cb8897-0d38-4c59-817a-d67a8ba30c67@group-A55F67FDC954, cid=3208, SUCCESS, logIndex=0, commits[a9cb8897-0d38-4c59-817a-d67a8ba30c67:c4856, 41e21bac-56c9-465a-a1cc-bc71b3ab473c:c4854, 2bfdf505-3a1f-44eb-9843-3820b2477da1:c4854]
2019-09-05 19:10:59,398 [grpc-default-executor-2] INFO  client.GrpcClientProtocolClient (GrpcClientProtocolClient.java:onNext(255)) - client-729EAB8E4297->a9cb8897-0d38-4c59-817a-d67a8ba30c67: receive RaftClientReply:client-729EAB8E4297->a9cb8897-0d38-4c59-817a-d67a8ba30c67@group-A55F67FDC954, cid=3209, SUCCESS, logIndex=4857, commits[a9cb8897-0d38-4c59-817a-d67a8ba30c67:c4858, 41e21bac-56c9-465a-a1cc-bc71b3ab473c:c4856, 2bfdf505-3a1f-44eb-9843-3820b2477da1:c4856]
2019-09-05 19:10:59,399 [grpc-default-executor-2] INFO  client.GrpcClientProtocolClient (GrpcClientProtocolClient.java:onNext(255)) - client-729EAB8E4297->a9cb8897-0d38-4c59-817a-d67a8ba30c67: receive RaftClientReply:client-729EAB8E4297->a9cb8897-0d38-4c59-817a-d67a8ba30c67@group-A55F67FDC954, cid=3210, SUCCESS, logIndex=4858, commits[a9cb8897-0d38-4c59-817a-d67a8ba30c67:c4858, 41e21bac-56c9-465a-a1cc-bc71b3ab473c:c4856, 2bfdf505-3a1f-44eb-9843-3820b2477da1:c4856]
2019-09-05 19:10:59,403 [grpc-default-executor-2] INFO  client.GrpcClientProtocolClient (GrpcClientProtocolClient.java:onNext(255)) - client-729EAB8E4297->a9cb8897-0d38-4c59-817a-d67a8ba30c67: receive RaftClientReply:client-729EAB8E4297->a9cb8897-0d38-4c59-817a-d67a8ba30c67@group-A55F67FDC954, cid=3211, SUCCESS, logIndex=4859, commits[a9cb8897-0d38-4c59-817a-d67a8ba30c67:c4859, 41e21bac-56c9-465a-a1cc-bc71b3ab473c:c4856, 2bfdf505-3a1f-44eb-9843-3820b2477da1:c4856]
2019-09-05 19:10:59,403 [grpc-default-executor-2] INFO  client.GrpcClientProtocolClient (GrpcClientProtocolClient.java:onNext(255)) - client-729EAB8E4297->a9cb8897-0d38-4c59-817a-d67a8ba30c67: receive RaftClientReply:client-729EAB8E4297->a9cb8897-0d38-4c59-817a-d67a8ba30c67@group-A55F67FDC954, cid=3212, SUCCESS, logIndex=4860, commits[a9cb8897-0d38-4c59-817a-d67a8ba30c67:c4862, 41e21bac-56c9-465a-a1cc-bc71b3ab473c:c4856, 2bfdf505-3a1f-44eb-9843-3820b2477da1:c4858]
2019-09-05 19:10:59,404 [grpc-default-executor-2] INFO  client.GrpcClientProtocolClient (GrpcClientProtocolClient.java:onNext(255)) - client-729EAB8E4297->a9cb8897-0d38-4c59-817a-d67a8ba30c67: receive RaftClientReply:client-729EAB8E4297->a9cb8897-0d38-4c59-817a-d67a8ba30c67@group-A55F67FDC954, cid=3213, SUCCESS, logIndex=0, commits[a9cb8897-0d38-4c59-817a-d67a8ba30c67:c4863, 41e21bac-56c9-465a-a1cc-bc71b3ab473c:c4858, 2bfdf505-3a1f-44eb-9843-3820b2477da1:c4859]
2019-09-05 19:10:59,415 [grpc-default-executor-3] INFO  client.GrpcClientProtocolClient (GrpcClientProtocolClient.java:onNext(255)) - client-729EAB8E4297->a9cb8897-0d38-4c59-817a-d67a8ba30c67: receive RaftClientReply:client-729EAB8E4297->a9cb8897-0d38-4c59-817a-d67a8ba30c67@group-A55F67FDC954, cid=3214, SUCCESS, logIndex=4864, commits[a9cb8897-0d38-4c59-817a-d67a8ba30c67:c4865, 41e21bac-56c9-465a-a1cc-bc71b3ab473c:c4859, 2bfdf505-3a1f-44eb-9843-3820b2477da1:c4863]
2019-09-05 19:10:59,415 [grpc-default-executor-3] INFO  client.GrpcClientProtocolClient (GrpcClientProtocolClient.java:onNext(255)) - client-729EAB8E4297->a9cb8897-0d38-4c59-817a-d67a8ba30c67: receive RaftClientReply:client-729EAB8E4297->a9cb8897-0d38-4c59-817a-d67a8ba30c67@group-A55F67FDC954, cid=3215, SUCCESS, logIndex=4865, commits[a9cb8897-0d38-4c59-817a-d67a8ba30c67:c4865, 41e21bac-56c9-465a-a1cc-bc71b3ab473c:c4863, 2bfdf505-3a1f-44eb-9843-3820b2477da1:c4863]
2019-09-05 19:10:59,444 [grpc-default-executor-1] INFO  client.GrpcClientProtocolClient (GrpcClientProtocolClient.java:onNext(255)) - client-729EAB8E4297->a9cb8897-0d38-4c59-817a-d67a8ba30c67: receive RaftClientReply:client-729EAB8E4297->a9cb8897-0d38-4c59-817a-d67a8ba30c67@group-A55F67FDC954, cid=3216, SUCCESS, logIndex=4868, commits[a9cb8897-0d38-4c59-817a-d67a8ba30c67:c4869, 41e21bac-56c9-465a-a1cc-bc71b3ab473c:c4867, 2bfdf505-3a1f-44eb-9843-3820b2477da1:c4867]
2019-09-05 19:10:59,444 [grpc-default-executor-1] INFO  client.GrpcClientProtocolClient (GrpcClientProtocolClient.java:onNext(255)) - client-729EAB8E4297->a9cb8897-0d38-4c59-817a-d67a8ba30c67: receive RaftClientReply:client-729EAB8E4297->a9cb8897-0d38-4c59-817a-d67a8ba30c67@group-A55F67FDC954, cid=3217, SUCCESS, logIndex=4869, commits[a9cb8897-0d38-4c59-817a-d67a8ba30c67:c4869, 41e21bac-56c9-465a-a1cc-bc71b3ab473c:c4867, 2bfdf505-3a1f-44eb-9843-3820b2477da1:c4867]
2019-09-05 19:10:59,458 [grpc-default-executor-1] INFO  client.GrpcClientProtocolClient (GrpcClientProtocolClient.java:onNext(255)) - client-729EAB8E4297->a9cb8897-0d38-4c59-817a-d67a8ba30c67: receive RaftClientReply:client-729EAB8E4297->a9cb8897-0d38-4c59-817a-d67a8ba30c67@group-A55F67FDC954, cid=3218, SUCCESS, logIndex=0, commits[a9cb8897-0d38-4c59-817a-d67a8ba30c67:c4871, 41e21bac-56c9-465a-a1cc-bc71b3ab473c:c4869, 2bfdf505-3a1f-44eb-9843-3820b2477da1:c4869]
2019-09-05 19:10:59,490 [grpc-default-executor-2] INFO  client.GrpcClientProtocolClient (GrpcClientProtocolClient.java:onNext(255)) - client-729EAB8E4297->a9cb8897-0d38-4c59-817a-d67a8ba30c67: receive RaftClientReply:client-729EAB8E4297->a9cb8897-0d38-4c59-817a-d67a8ba30c67@group-A55F67FDC954, cid=3219, SUCCESS, logIndex=4872, commits[a9cb8897-0d38-4c59-817a-d67a8ba30c67:c4873, 41e21bac-56c9-465a-a1cc-bc71b3ab473c:c4871, 2bfdf505-3a1f-44eb-9843-3820b2477da1:c4871]
2019-09-05 19:10:59,490 [grpc-default-executor-3] INFO  client.GrpcClientProtocolClient (GrpcClientProtocolClient.java:onNext(255)) - client-729EAB8E4297->a9cb8897-0d38-4c59-817a-d67a8ba30c67: receive RaftClientReply:client-729EAB8E4297->a9cb8897-0d38-4c59-817a-d67a8ba30c67@group-A55F67FDC954, cid=3220, SUCCESS, logIndex=4873, commits[a9cb8897-0d38-4c59-817a-d67a8ba30c67:c4873, 41e21bac-56c9-465a-a1cc-bc71b3ab473c:c4871, 2bfdf505-3a1f-44eb-9843-3820b2477da1:c4871]
2019-09-05 19:10:59,491 [grpc-default-executor-3] INFO  client.GrpcClientProtocolClient (GrpcClientProtocolClient.java:onNext(255)) - client-729EAB8E4297->a9cb8897-0d38-4c59-817a-d67a8ba30c67: receive RaftClientReply:client-729EAB8E4297->a9cb8897-0d38-4c59-817a-d67a8ba30c67@group-A55F67FDC954, cid=3221, SUCCESS, logIndex=4874, commits[a9cb8897-0d38-4c59-817a-d67a8ba30c67:c4875, 41e21bac-56c9-465a-a1cc-bc71b3ab473c:c4871, 2bfdf505-3a1f-44eb-9843-3820b2477da1:c4871]
2019-09-05 19:10:59,491 [grpc-default-executor-3] INFO  client.GrpcClientProtocolClient (GrpcClientProtocolClient.java:onNext(255)) - client-729EAB8E4297->a9cb8897-0d38-4c59-817a-d67a8ba30c67: receive RaftClientReply:client-729EAB8E4297->a9cb8897-0d38-4c59-817a-d67a8ba30c67@group-A55F67FDC954, cid=3222, SUCCESS, logIndex=4875, commits[a9cb8897-0d38-4c59-817a-d67a8ba30c67:c4875, 41e21bac-56c9-465a-a1cc-bc71b3ab473c:c4871, 2bfdf505-3a1f-44eb-9843-3820b2477da1:c4871]
2019-09-05 19:10:59,505 [grpc-default-executor-3] INFO  client.GrpcClientProtocolClient (GrpcClientProtocolClient.java:onNext(255)) - client-729EAB8E4297->a9cb8897-0d38-4c59-817a-d67a8ba30c67: receive RaftClientReply:client-729EAB8E4297->a9cb8897-0d38-4c59-817a-d67a8ba30c67@group-A55F67FDC954, cid=3223, SUCCESS, logIndex=0, commits[a9cb8897-0d38-4c59-817a-d67a8ba30c67:c4877, 41e21bac-56c9-465a-a1cc-bc71b3ab473c:c4873, 2bfdf505-3a1f-44eb-9843-3820b2477da1:c4873]
2019-09-05 19:10:59,519 [grpc-default-executor-1] INFO  client.GrpcClientProtocolClient (GrpcClientProtocolClient.java:onNext(255)) - client-729EAB8E4297->a9cb8897-0d38-4c59-817a-d67a8ba30c67: receive RaftClientReply:client-729EAB8E4297->a9cb8897-0d38-4c59-817a-d67a8ba30c67@group-A55F67FDC954, cid=3224, SUCCESS, logIndex=4880, commits[a9cb8897-0d38-4c59-817a-d67a8ba30c67:c4881, 41e21bac-56c9-465a-a1cc-bc71b3ab473c:c4879, 2bfdf505-3a1f-44eb-9843-3820b2477da1:c4879]
2019-09-05 19:10:59,519 [grpc-default-executor-1] INFO  client.GrpcClientProtocolClient (GrpcClientProtocolClient.java:onNext(255)) - client-729EAB8E4297->a9cb8897-0d38-4c59-817a-d67a8ba30c67: receive RaftClientReply:client-729EAB8E4297->a9cb8897-0d38-4c59-817a-d67a8ba30c67@group-A55F67FDC954, cid=3225, SUCCESS, logIndex=4881, commits[a9cb8897-0d38-4c59-817a-d67a8ba30c67:c4881, 41e21bac-56c9-465a-a1cc-bc71b3ab473c:c4879, 2bfdf505-3a1f-44eb-9843-3820b2477da1:c4879]
2019-09-05 19:10:59,545 [grpc-default-executor-3] INFO  client.GrpcClientProtocolClient (GrpcClientProtocolClient.java:onNext(255)) - client-729EAB8E4297->a9cb8897-0d38-4c59-817a-d67a8ba30c67: receive RaftClientReply:client-729EAB8E4297->a9cb8897-0d38-4c59-817a-d67a8ba30c67@group-A55F67FDC954, cid=3226, SUCCESS, logIndex=4884, commits[a9cb8897-0d38-4c59-817a-d67a8ba30c67:c4885, 41e21bac-56c9-465a-a1cc-bc71b3ab473c:c4881, 2bfdf505-3a1f-44eb-9843-3820b2477da1:c4881]
2019-09-05 19:10:59,545 [grpc-default-executor-3] INFO  client.GrpcClientProtocolClient (GrpcClientProtocolClient.java:onNext(255)) - client-729EAB8E4297->a9cb8897-0d38-4c59-817a-d67a8ba30c67: receive RaftClientReply:client-729EAB8E4297->a9cb8897-0d38-4c59-817a-d67a8ba30c67@group-A55F67FDC954, cid=3227, SUCCESS, logIndex=4885, commits[a9cb8897-0d38-4c59-817a-d67a8ba30c67:c4885, 41e21bac-56c9-465a-a1cc-bc71b3ab473c:c4881, 2bfdf505-3a1f-44eb-9843-3820b2477da1:c4881]
2019-09-05 19:10:59,570 [grpc-default-executor-3] INFO  client.GrpcClientProtocolClient (GrpcClientProtocolClient.java:onNext(255)) - client-729EAB8E4297->a9cb8897-0d38-4c59-817a-d67a8ba30c67: receive RaftClientReply:client-729EAB8E4297->a9cb8897-0d38-4c59-817a-d67a8ba30c67@group-A55F67FDC954, cid=3228, SUCCESS, logIndex=0, commits[a9cb8897-0d38-4c59-817a-d67a8ba30c67:c4887, 41e21bac-56c9-465a-a1cc-bc71b3ab473c:c4885, 2bfdf505-3a1f-44eb-9843-3820b2477da1:c4885]
2019-09-05 19:10:59,605 [grpc-default-executor-1] INFO  client.GrpcClientProtocolClient (GrpcClientProtocolClient.java:onNext(255)) - client-729EAB8E4297->a9cb8897-0d38-4c59-817a-d67a8ba30c67: receive RaftClientReply:client-729EAB8E4297->a9cb8897-0d38-4c59-817a-d67a8ba30c67@group-A55F67FDC954, cid=3229, SUCCESS, logIndex=4888, commits[a9cb8897-0d38-4c59-817a-d67a8ba30c67:c4889, 41e21bac-56c9-465a-a1cc-bc71b3ab473c:c4887, 2bfdf505-3a1f-44eb-9843-3820b2477da1:c4887]
2019-09-05 19:10:59,605 [grpc-default-executor-1] INFO  client.GrpcClientProtocolClient (GrpcClientProtocolClient.java:onNext(255)) - client-729EAB8E4297->a9cb8897-0d38-4c59-817a-d67a8ba30c67: receive RaftClientReply:client-729EAB8E4297->a9cb8897-0d38-4c59-817a-d67a8ba30c67@group-A55F67FDC954, cid=3230, SUCCESS, logIndex=4889, commits[a9cb8897-0d38-4c59-817a-d67a8ba30c67:c4889, 41e21bac-56c9-465a-a1cc-bc71b3ab473c:c4887, 2bfdf505-3a1f-44eb-9843-3820b2477da1:c4887]
2019-09-05 19:10:59,607 [grpc-default-executor-2] INFO  client.GrpcClientProtocolClient (GrpcClientProtocolClient.java:onNext(255)) - client-729EAB8E4297->a9cb8897-0d38-4c59-817a-d67a8ba30c67: receive RaftClientReply:client-729EAB8E4297->a9cb8897-0d38-4c59-817a-d67a8ba30c67@group-A55F67FDC954, cid=3231, SUCCESS, logIndex=4890, commits[a9cb8897-0d38-4c59-817a-d67a8ba30c67:c4891, 41e21bac-56c9-465a-a1cc-bc71b3ab473c:c4887, 2bfdf505-3a1f-44eb-9843-3820b2477da1:c4887]
2019-09-05 19:10:59,608 [grpc-default-executor-2] INFO  client.GrpcClientProtocolClient (GrpcClientProtocolClient.java:onNext(255)) - client-729EAB8E4297->a9cb8897-0d38-4c59-817a-d67a8ba30c67: receive RaftClientReply:client-729EAB8E4297->a9cb8897-0d38-4c59-817a-d67a8ba30c67@group-A55F67FDC954, cid=3232, SUCCESS, logIndex=4891, commits[a9cb8897-0d38-4c59-817a-d67a8ba30c67:c4891, 41e21bac-56c9-465a-a1cc-bc71b3ab473c:c4887, 2bfdf505-3a1f-44eb-9843-3820b2477da1:c4887]
2019-09-05 19:10:59,617 [grpc-default-executor-3] INFO  client.GrpcClientProtocolClient (GrpcClientProtocolClient.java:onNext(255)) - client-729EAB8E4297->a9cb8897-0d38-4c59-817a-d67a8ba30c67: receive RaftClientReply:client-729EAB8E4297->a9cb8897-0d38-4c59-817a-d67a8ba30c67@group-A55F67FDC954, cid=3233, SUCCESS, logIndex=0, commits[a9cb8897-0d38-4c59-817a-d67a8ba30c67:c4893, 41e21bac-56c9-465a-a1cc-bc71b3ab473c:c4889, 2bfdf505-3a1f-44eb-9843-3820b2477da1:c4889]
2019-09-05 19:10:59,630 [grpc-default-executor-2] INFO  client.GrpcClientProtocolClient (GrpcClientProtocolClient.java:onNext(255)) - client-729EAB8E4297->a9cb8897-0d38-4c59-817a-d67a8ba30c67: receive RaftClientReply:client-729EAB8E4297->a9cb8897-0d38-4c59-817a-d67a8ba30c67@group-A55F67FDC954, cid=3234, SUCCESS, logIndex=4896, commits[a9cb8897-0d38-4c59-817a-d67a8ba30c67:c4897, 41e21bac-56c9-465a-a1cc-bc71b3ab473c:c4895, 2bfdf505-3a1f-44eb-9843-3820b2477da1:c4891]
2019-09-05 19:10:59,630 [grpc-default-executor-2] INFO  client.GrpcClientProtocolClient (GrpcClientProtocolClient.java:onNext(255)) - client-729EAB8E4297->a9cb8897-0d38-4c59-817a-d67a8ba30c67: receive RaftClientReply:client-729EAB8E4297->a9cb8897-0d38-4c59-817a-d67a8ba30c67@group-A55F67FDC954, cid=3235, SUCCESS, logIndex=4897, commits[a9cb8897-0d38-4c59-817a-d67a8ba30c67:c4897, 41e21bac-56c9-465a-a1cc-bc71b3ab473c:c4895, 2bfdf505-3a1f-44eb-9843-3820b2477da1:c4891]
2019-09-05 19:10:59,642 [grpc-default-executor-3] INFO  client.GrpcClientProtocolClient (GrpcClientProtocolClient.java:onNext(255)) - client-729EAB8E4297->a9cb8897-0d38-4c59-817a-d67a8ba30c67: receive RaftClientReply:client-729EAB8E4297->a9cb8897-0d38-4c59-817a-d67a8ba30c67@group-A55F67FDC954, cid=3236, SUCCESS, logIndex=4900, commits[a9cb8897-0d38-4c59-817a-d67a8ba30c67:c4901, 41e21bac-56c9-465a-a1cc-bc71b3ab473c:c4899, 2bfdf505-3a1f-44eb-9843-3820b2477da1:c4899]
2019-09-05 19:10:59,642 [grpc-default-executor-3] INFO  client.GrpcClientProtocolClient (GrpcClientProtocolClient.java:onNext(255)) - client-729EAB8E4297->a9cb8897-0d38-4c59-817a-d67a8ba30c67: receive RaftClientReply:client-729EAB8E4297->a9cb8897-0d38-4c59-817a-d67a8ba30c67@group-A55F67FDC954, cid=3237, SUCCESS, logIndex=4901, commits[a9cb8897-0d38-4c59-817a-d67a8ba30c67:c4901, 41e21bac-56c9-465a-a1cc-bc71b3ab473c:c4899, 2bfdf505-3a1f-44eb-9843-3820b2477da1:c4899]
2019-09-05 19:10:59,644 [grpc-default-executor-3] INFO  client.GrpcClientProtocolClient (GrpcClientProtocolClient.java:onNext(255)) - client-729EAB8E4297->a9cb8897-0d38-4c59-817a-d67a8ba30c67: receive RaftClientReply:client-729EAB8E4297->a9cb8897-0d38-4c59-817a-d67a8ba30c67@group-A55F67FDC954, cid=3238, SUCCESS, logIndex=0, commits[a9cb8897-0d38-4c59-817a-d67a8ba30c67:c4902, 41e21bac-56c9-465a-a1cc-bc71b3ab473c:c4901, 2bfdf505-3a1f-44eb-9843-3820b2477da1:c4901]
2019-09-05 19:10:59,685 [grpc-default-executor-2] INFO  client.GrpcClientProtocolClient (GrpcClientProtocolClient.java:onNext(255)) - client-729EAB8E4297->a9cb8897-0d38-4c59-817a-d67a8ba30c67: receive RaftClientReply:client-729EAB8E4297->a9cb8897-0d38-4c59-817a-d67a8ba30c67@group-A55F67FDC954, cid=3239, SUCCESS, logIndex=4904, commits[a9cb8897-0d38-4c59-817a-d67a8ba30c67:c4905, 41e21bac-56c9-465a-a1cc-bc71b3ab473c:c4901, 2bfdf505-3a1f-44eb-9843-3820b2477da1:c4903]
2019-09-05 19:10:59,686 [grpc-default-executor-2] INFO  client.GrpcClientProtocolClient (GrpcClientProtocolClient.java:onNext(255)) - client-729EAB8E4297->a9cb8897-0d38-4c59-817a-d67a8ba30c67: receive RaftClientReply:client-729EAB8E4297->a9cb8897-0d38-4c59-817a-d67a8ba30c67@group-A55F67FDC954, cid=3240, SUCCESS, logIndex=4905, commits[a9cb8897-0d38-4c59-817a-d67a8ba30c67:c4905, 41e21bac-56c9-465a-a1cc-bc71b3ab473c:c4903, 2bfdf505-3a1f-44eb-9843-3820b2477da1:c4903]
2019-09-05 19:10:59,686 [grpc-default-executor-2] INFO  client.GrpcClientProtocolClient (GrpcClientProtocolClient.java:onNext(255)) - client-729EAB8E4297->a9cb8897-0d38-4c59-817a-d67a8ba30c67: receive RaftClientReply:client-729EAB8E4297->a9cb8897-0d38-4c59-817a-d67a8ba30c67@group-A55F67FDC954, cid=3241, SUCCESS, logIndex=4906, commits[a9cb8897-0d38-4c59-817a-d67a8ba30c67:c4907, 41e21bac-56c9-465a-a1cc-bc71b3ab473c:c4903, 2bfdf505-3a1f-44eb-9843-3820b2477da1:c4903]
2019-09-05 19:10:59,687 [grpc-default-executor-2] INFO  client.GrpcClientProtocolClient (GrpcClientProtocolClient.java:onNext(255)) - client-729EAB8E4297->a9cb8897-0d38-4c59-817a-d67a8ba30c67: receive RaftClientReply:client-729EAB8E4297->a9cb8897-0d38-4c59-817a-d67a8ba30c67@group-A55F67FDC954, cid=3242, SUCCESS, logIndex=4907, commits[a9cb8897-0d38-4c59-817a-d67a8ba30c67:c4907, 41e21bac-56c9-465a-a1cc-bc71b3ab473c:c4903, 2bfdf505-3a1f-44eb-9843-3820b2477da1:c4903]
2019-09-05 19:10:59,699 [grpc-default-executor-2] INFO  client.GrpcClientProtocolClient (GrpcClientProtocolClient.java:onNext(255)) - client-729EAB8E4297->a9cb8897-0d38-4c59-817a-d67a8ba30c67: receive RaftClientReply:client-729EAB8E4297->a9cb8897-0d38-4c59-817a-d67a8ba30c67@group-A55F67FDC954, cid=3243, SUCCESS, logIndex=0, commits[a9cb8897-0d38-4c59-817a-d67a8ba30c67:c4909, 41e21bac-56c9-465a-a1cc-bc71b3ab473c:c4905, 2bfdf505-3a1f-44eb-9843-3820b2477da1:c4905]
2019-09-05 19:10:59,715 [grpc-default-executor-3] INFO  client.GrpcClientProtocolClient (GrpcClientProtocolClient.java:onNext(255)) - client-729EAB8E4297->a9cb8897-0d38-4c59-817a-d67a8ba30c67: receive RaftClientReply:client-729EAB8E4297->a9cb8897-0d38-4c59-817a-d67a8ba30c67@group-A55F67FDC954, cid=3244, SUCCESS, logIndex=4912, commits[a9cb8897-0d38-4c59-817a-d67a8ba30c67:c4913, 41e21bac-56c9-465a-a1cc-bc71b3ab473c:c4911, 2bfdf505-3a1f-44eb-9843-3820b2477da1:c4907]
2019-09-05 19:10:59,715 [grpc-default-executor-3] INFO  client.GrpcClientProtocolClient (GrpcClientProtocolClient.java:onNext(255)) - client-729EAB8E4297->a9cb8897-0d38-4c59-817a-d67a8ba30c67: receive RaftClientReply:client-729EAB8E4297->a9cb8897-0d38-4c59-817a-d67a8ba30c67@group-A55F67FDC954, cid=3245, SUCCESS, logIndex=4913, commits[a9cb8897-0d38-4c59-817a-d67a8ba30c67:c4913, 41e21bac-56c9-465a-a1cc-bc71b3ab473c:c4911, 2bfdf505-3a1f-44eb-9843-3820b2477da1:c4911]
2019-09-05 19:10:59,730 [grpc-default-executor-3] INFO  client.GrpcClientProtocolClient (GrpcClientProtocolClient.java:onNext(255)) - client-729EAB8E4297->a9cb8897-0d38-4c59-817a-d67a8ba30c67: receive RaftClientReply:client-729EAB8E4297->a9cb8897-0d38-4c59-817a-d67a8ba30c67@group-A55F67FDC954, cid=3246, SUCCESS, logIndex=4916, commits[a9cb8897-0d38-4c59-817a-d67a8ba30c67:c4917, 41e21bac-56c9-465a-a1cc-bc71b3ab473c:c4913, 2bfdf505-3a1f-44eb-9843-3820b2477da1:c4914]
2019-09-05 19:10:59,730 [grpc-default-executor-3] INFO  client.GrpcClientProtocolClient (GrpcClientProtocolClient.java:onNext(255)) - client-729EAB8E4297->a9cb8897-0d38-4c59-817a-d67a8ba30c67: receive RaftClientReply:client-729EAB8E4297->a9cb8897-0d38-4c59-817a-d67a8ba30c67@group-A55F67FDC954, cid=3247, SUCCESS, logIndex=4917, commits[a9cb8897-0d38-4c59-817a-d67a8ba30c67:c4917, 41e21bac-56c9-465a-a1cc-bc71b3ab473c:c4914, 2bfdf505-3a1f-44eb-9843-3820b2477da1:c4914]
2019-09-05 19:10:59,733 [grpc-default-executor-1] INFO  client.GrpcClientProtocolClient (GrpcClientProtocolClient.java:onNext(255)) - client-729EAB8E4297->a9cb8897-0d38-4c59-817a-d67a8ba30c67: receive RaftClientReply:client-729EAB8E4297->a9cb8897-0d38-4c59-817a-d67a8ba30c67@group-A55F67FDC954, cid=3248, SUCCESS, logIndex=0, commits[a9cb8897-0d38-4c59-817a-d67a8ba30c67:c4918, 41e21bac-56c9-465a-a1cc-bc71b3ab473c:c4917, 2bfdf505-3a1f-44eb-9843-3820b2477da1:c4917]
2019-09-05 19:10:59,765 [grpc-default-executor-3] INFO  client.GrpcClientProtocolClient (GrpcClientProtocolClient.java:onNext(255)) - client-729EAB8E4297->a9cb8897-0d38-4c59-817a-d67a8ba30c67: receive RaftClientReply:client-729EAB8E4297->a9cb8897-0d38-4c59-817a-d67a8ba30c67@group-A55F67FDC954, cid=3249, SUCCESS, logIndex=4920, commits[a9cb8897-0d38-4c59-817a-d67a8ba30c67:c4921, 41e21bac-56c9-465a-a1cc-bc71b3ab473c:c4919, 2bfdf505-3a1f-44eb-9843-3820b2477da1:c4919]
2019-09-05 19:10:59,765 [grpc-default-executor-3] INFO  client.GrpcClientProtocolClient (GrpcClientProtocolClient.java:onNext(255)) - client-729EAB8E4297->a9cb8897-0d38-4c59-817a-d67a8ba30c67: receive RaftClientReply:client-729EAB8E4297->a9cb8897-0d38-4c59-817a-d67a8ba30c67@group-A55F67FDC954, cid=3250, SUCCESS, logIndex=4921, commits[a9cb8897-0d38-4c59-817a-d67a8ba30c67:c4921, 41e21bac-56c9-465a-a1cc-bc71b3ab473c:c4919, 2bfdf505-3a1f-44eb-9843-3820b2477da1:c4919]
2019-09-05 19:10:59,766 [grpc-default-executor-3] INFO  client.GrpcClientProtocolClient (GrpcClientProtocolClient.java:onNext(255)) - client-729EAB8E4297->a9cb8897-0d38-4c59-817a-d67a8ba30c67: receive RaftClientReply:client-729EAB8E4297->a9cb8897-0d38-4c59-817a-d67a8ba30c67@group-A55F67FDC954, cid=3251, SUCCESS, logIndex=4922, commits[a9cb8897-0d38-4c59-817a-d67a8ba30c67:c4923, 41e21bac-56c9-465a-a1cc-bc71b3ab473c:c4919, 2bfdf505-3a1f-44eb-9843-3820b2477da1:c4919]
2019-09-05 19:10:59,766 [grpc-default-executor-3] INFO  client.GrpcClientProtocolClient (GrpcClientProtocolClient.java:onNext(255)) - client-729EAB8E4297->a9cb8897-0d38-4c59-817a-d67a8ba30c67: receive RaftClientReply:client-729EAB8E4297->a9cb8897-0d38-4c59-817a-d67a8ba30c67@group-A55F67FDC954, cid=3252, SUCCESS, logIndex=4923, commits[a9cb8897-0d38-4c59-817a-d67a8ba30c67:c4923, 41e21bac-56c9-465a-a1cc-bc71b3ab473c:c4919, 2bfdf505-3a1f-44eb-9843-3820b2477da1:c4919]
2019-09-05 19:10:59,767 [grpc-default-executor-3] INFO  client.GrpcClientProtocolClient (GrpcClientProtocolClient.java:onNext(255)) - client-729EAB8E4297->a9cb8897-0d38-4c59-817a-d67a8ba30c67: receive RaftClientReply:client-729EAB8E4297->a9cb8897-0d38-4c59-817a-d67a8ba30c67@group-A55F67FDC954, cid=3253, SUCCESS, logIndex=0, commits[a9cb8897-0d38-4c59-817a-d67a8ba30c67:c4925, 41e21bac-56c9-465a-a1cc-bc71b3ab473c:c4921, 2bfdf505-3a1f-44eb-9843-3820b2477da1:c4921]
2019-09-05 19:10:59,782 [grpc-default-executor-2] INFO  client.GrpcClientProtocolClient (GrpcClientProtocolClient.java:onNext(255)) - client-729EAB8E4297->a9cb8897-0d38-4c59-817a-d67a8ba30c67: receive RaftClientReply:client-729EAB8E4297->a9cb8897-0d38-4c59-817a-d67a8ba30c67@group-A55F67FDC954, cid=3254, SUCCESS, logIndex=4928, commits[a9cb8897-0d38-4c59-817a-d67a8ba30c67:c4929, 41e21bac-56c9-465a-a1cc-bc71b3ab473c:c4925, 2bfdf505-3a1f-44eb-9843-3820b2477da1:c4925]
2019-09-05 19:10:59,782 [grpc-default-executor-2] INFO  client.GrpcClientProtocolClient (GrpcClientProtocolClient.java:onNext(255)) - client-729EAB8E4297->a9cb8897-0d38-4c59-817a-d67a8ba30c67: receive RaftClientReply:client-729EAB8E4297->a9cb8897-0d38-4c59-817a-d67a8ba30c67@group-A55F67FDC954, cid=3255, SUCCESS, logIndex=4929, commits[a9cb8897-0d38-4c59-817a-d67a8ba30c67:c4929, 41e21bac-56c9-465a-a1cc-bc71b3ab473c:c4925, 2bfdf505-3a1f-44eb-9843-3820b2477da1:c4925]
2019-09-05 19:10:59,826 [grpc-default-executor-1] INFO  client.GrpcClientProtocolClient (GrpcClientProtocolClient.java:onNext(255)) - client-729EAB8E4297->a9cb8897-0d38-4c59-817a-d67a8ba30c67: receive RaftClientReply:client-729EAB8E4297->a9cb8897-0d38-4c59-817a-d67a8ba30c67@group-A55F67FDC954, cid=3256, SUCCESS, logIndex=4932, commits[a9cb8897-0d38-4c59-817a-d67a8ba30c67:c4933, 41e21bac-56c9-465a-a1cc-bc71b3ab473c:c4928, 2bfdf505-3a1f-44eb-9843-3820b2477da1:c4929]
2019-09-05 19:10:59,827 [grpc-default-executor-1] INFO  client.GrpcClientProtocolClient (GrpcClientProtocolClient.java:onNext(255)) - client-729EAB8E4297->a9cb8897-0d38-4c59-817a-d67a8ba30c67: receive RaftClientReply:client-729EAB8E4297->a9cb8897-0d38-4c59-817a-d67a8ba30c67@group-A55F67FDC954, cid=3257, SUCCESS, logIndex=4933, commits[a9cb8897-0d38-4c59-817a-d67a8ba30c67:c4933, 41e21bac-56c9-465a-a1cc-bc71b3ab473c:c4929, 2bfdf505-3a1f-44eb-9843-3820b2477da1:c4929]
2019-09-05 19:10:59,841 [grpc-default-executor-1] INFO  client.GrpcClientProtocolClient (GrpcClientProtocolClient.java:onNext(255)) - client-729EAB8E4297->a9cb8897-0d38-4c59-817a-d67a8ba30c67: receive RaftClientReply:client-729EAB8E4297->a9cb8897-0d38-4c59-817a-d67a8ba30c67@group-A55F67FDC954, cid=3258, SUCCESS, logIndex=0, commits[a9cb8897-0d38-4c59-817a-d67a8ba30c67:c4935, 41e21bac-56c9-465a-a1cc-bc71b3ab473c:c4933, 2bfdf505-3a1f-44eb-9843-3820b2477da1:c4933]
2019-09-05 19:10:59,874 [grpc-default-executor-3] INFO  client.GrpcClientProtocolClient (GrpcClientProtocolClient.java:onNext(255)) - client-729EAB8E4297->a9cb8897-0d38-4c59-817a-d67a8ba30c67: receive RaftClientReply:client-729EAB8E4297->a9cb8897-0d38-4c59-817a-d67a8ba30c67@group-A55F67FDC954, cid=3259, SUCCESS, logIndex=4936, commits[a9cb8897-0d38-4c59-817a-d67a8ba30c67:c4937, 41e21bac-56c9-465a-a1cc-bc71b3ab473c:c4935, 2bfdf505-3a1f-44eb-9843-3820b2477da1:c4935]
2019-09-05 19:10:59,874 [grpc-default-executor-3] INFO  client.GrpcClientProtocolClient (GrpcClientProtocolClient.java:onNext(255)) - client-729EAB8E4297->a9cb8897-0d38-4c59-817a-d67a8ba30c67: receive RaftClientReply:client-729EAB8E4297->a9cb8897-0d38-4c59-817a-d67a8ba30c67@group-A55F67FDC954, cid=3260, SUCCESS, logIndex=4937, commits[a9cb8897-0d38-4c59-817a-d67a8ba30c67:c4938, 41e21bac-56c9-465a-a1cc-bc71b3ab473c:c4935, 2bfdf505-3a1f-44eb-9843-3820b2477da1:c4935]
2019-09-05 19:10:59,874 [grpc-default-executor-3] INFO  client.GrpcClientProtocolClient (GrpcClientProtocolClient.java:onNext(255)) - client-729EAB8E4297->a9cb8897-0d38-4c59-817a-d67a8ba30c67: receive RaftClientReply:client-729EAB8E4297->a9cb8897-0d38-4c59-817a-d67a8ba30c67@group-A55F67FDC954, cid=3261, SUCCESS, logIndex=4938, commits[a9cb8897-0d38-4c59-817a-d67a8ba30c67:c4939, 41e21bac-56c9-465a-a1cc-bc71b3ab473c:c4935, 2bfdf505-3a1f-44eb-9843-3820b2477da1:c4935]
2019-09-05 19:10:59,875 [grpc-default-executor-3] INFO  client.GrpcClientProtocolClient (GrpcClientProtocolClient.java:onNext(255)) - client-729EAB8E4297->a9cb8897-0d38-4c59-817a-d67a8ba30c67: receive RaftClientReply:client-729EAB8E4297->a9cb8897-0d38-4c59-817a-d67a8ba30c67@group-A55F67FDC954, cid=3262, SUCCESS, logIndex=4939, commits[a9cb8897-0d38-4c59-817a-d67a8ba30c67:c4939, 41e21bac-56c9-465a-a1cc-bc71b3ab473c:c4935, 2bfdf505-3a1f-44eb-9843-3820b2477da1:c4935]
2019-09-05 19:10:59,887 [grpc-default-executor-3] INFO  client.GrpcClientProtocolClient (GrpcClientProtocolClient.java:onNext(255)) - client-729EAB8E4297->a9cb8897-0d38-4c59-817a-d67a8ba30c67: receive RaftClientReply:client-729EAB8E4297->a9cb8897-0d38-4c59-817a-d67a8ba30c67@group-A55F67FDC954, cid=3263, SUCCESS, logIndex=0, commits[a9cb8897-0d38-4c59-817a-d67a8ba30c67:c4941, 41e21bac-56c9-465a-a1cc-bc71b3ab473c:c4937, 2bfdf505-3a1f-44eb-9843-3820b2477da1:c4937]
2019-09-05 19:10:59,908 [grpc-default-executor-3] INFO  client.GrpcClientProtocolClient (GrpcClientProtocolClient.java:onNext(255)) - client-729EAB8E4297->a9cb8897-0d38-4c59-817a-d67a8ba30c67: receive RaftClientReply:client-729EAB8E4297->a9cb8897-0d38-4c59-817a-d67a8ba30c67@group-A55F67FDC954, cid=3264, SUCCESS, logIndex=4944, commits[a9cb8897-0d38-4c59-817a-d67a8ba30c67:c4945, 41e21bac-56c9-465a-a1cc-bc71b3ab473c:c4943, 2bfdf505-3a1f-44eb-9843-3820b2477da1:c4943]
2019-09-05 19:10:59,909 [grpc-default-executor-3] INFO  client.GrpcClientProtocolClient (GrpcClientProtocolClient.java:onNext(255)) - client-729EAB8E4297->a9cb8897-0d38-4c59-817a-d67a8ba30c67: receive RaftClientReply:client-729EAB8E4297->a9cb8897-0d38-4c59-817a-d67a8ba30c67@group-A55F67FDC954, cid=3265, SUCCESS, logIndex=4945, commits[a9cb8897-0d38-4c59-817a-d67a8ba30c67:c4945, 41e21bac-56c9-465a-a1cc-bc71b3ab473c:c4943, 2bfdf505-3a1f-44eb-9843-3820b2477da1:c4943]
2019-09-05 19:11:00,097 [grpc-default-executor-3] INFO  client.GrpcClientProtocolClient (GrpcClientProtocolClient.java:onNext(255)) - client-729EAB8E4297->a9cb8897-0d38-4c59-817a-d67a8ba30c67: receive RaftClientReply:client-729EAB8E4297->a9cb8897-0d38-4c59-817a-d67a8ba30c67@group-A55F67FDC954, cid=3266, SUCCESS, logIndex=4948, commits[a9cb8897-0d38-4c59-817a-d67a8ba30c67:c4949, 41e21bac-56c9-465a-a1cc-bc71b3ab473c:c4945, 2bfdf505-3a1f-44eb-9843-3820b2477da1:c4945]
2019-09-05 19:11:00,097 [grpc-default-executor-3] INFO  client.GrpcClientProtocolClient (GrpcClientProtocolClient.java:onNext(255)) - client-729EAB8E4297->a9cb8897-0d38-4c59-817a-d67a8ba30c67: receive RaftClientReply:client-729EAB8E4297->a9cb8897-0d38-4c59-817a-d67a8ba30c67@group-A55F67FDC954, cid=3267, SUCCESS, logIndex=4949, commits[a9cb8897-0d38-4c59-817a-d67a8ba30c67:c4949, 41e21bac-56c9-465a-a1cc-bc71b3ab473c:c4945, 2bfdf505-3a1f-44eb-9843-3820b2477da1:c4945]
2019-09-05 19:11:00,109 [grpc-default-executor-3] INFO  client.GrpcClientProtocolClient (GrpcClientProtocolClient.java:onNext(255)) - client-729EAB8E4297->a9cb8897-0d38-4c59-817a-d67a8ba30c67: receive RaftClientReply:client-729EAB8E4297->a9cb8897-0d38-4c59-817a-d67a8ba30c67@group-A55F67FDC954, cid=3268, SUCCESS, logIndex=0, commits[a9cb8897-0d38-4c59-817a-d67a8ba30c67:c4950, 41e21bac-56c9-465a-a1cc-bc71b3ab473c:c4949, 2bfdf505-3a1f-44eb-9843-3820b2477da1:c4949]
2019-09-05 19:11:00,147 [grpc-default-executor-1] INFO  client.GrpcClientProtocolClient (GrpcClientProtocolClient.java:onNext(255)) - client-729EAB8E4297->a9cb8897-0d38-4c59-817a-d67a8ba30c67: receive RaftClientReply:client-729EAB8E4297->a9cb8897-0d38-4c59-817a-d67a8ba30c67@group-A55F67FDC954, cid=3269, SUCCESS, logIndex=4952, commits[a9cb8897-0d38-4c59-817a-d67a8ba30c67:c4953, 41e21bac-56c9-465a-a1cc-bc71b3ab473c:c4951, 2bfdf505-3a1f-44eb-9843-3820b2477da1:c4951]
2019-09-05 19:11:00,148 [grpc-default-executor-1] INFO  client.GrpcClientProtocolClient (GrpcClientProtocolClient.java:onNext(255)) - client-729EAB8E4297->a9cb8897-0d38-4c59-817a-d67a8ba30c67: receive RaftClientReply:client-729EAB8E4297->a9cb8897-0d38-4c59-817a-d67a8ba30c67@group-A55F67FDC954, cid=3270, SUCCESS, logIndex=4953, commits[a9cb8897-0d38-4c59-817a-d67a8ba30c67:c4953, 41e21bac-56c9-465a-a1cc-bc71b3ab473c:c4951, 2bfdf505-3a1f-44eb-9843-3820b2477da1:c4951]
2019-09-05 19:11:00,148 [grpc-default-executor-1] INFO  client.GrpcClientProtocolClient (GrpcClientProtocolClient.java:onNext(255)) - client-729EAB8E4297->a9cb8897-0d38-4c59-817a-d67a8ba30c67: receive RaftClientReply:client-729EAB8E4297->a9cb8897-0d38-4c59-817a-d67a8ba30c67@group-A55F67FDC954, cid=3271, SUCCESS, logIndex=4954, commits[a9cb8897-0d38-4c59-817a-d67a8ba30c67:c4955, 41e21bac-56c9-465a-a1cc-bc71b3ab473c:c4951, 2bfdf505-3a1f-44eb-9843-3820b2477da1:c4951]
2019-09-05 19:11:00,149 [grpc-default-executor-1] INFO  client.GrpcClientProtocolClient (GrpcClientProtocolClient.java:onNext(255)) - client-729EAB8E4297->a9cb8897-0d38-4c59-817a-d67a8ba30c67: receive RaftClientReply:client-729EAB8E4297->a9cb8897-0d38-4c59-817a-d67a8ba30c67@group-A55F67FDC954, cid=3272, SUCCESS, logIndex=4955, commits[a9cb8897-0d38-4c59-817a-d67a8ba30c67:c4955, 41e21bac-56c9-465a-a1cc-bc71b3ab473c:c4951, 2bfdf505-3a1f-44eb-9843-3820b2477da1:c4951]
2019-09-05 19:11:00,161 [grpc-default-executor-1] INFO  client.GrpcClientProtocolClient (GrpcClientProtocolClient.java:onNext(255)) - client-729EAB8E4297->a9cb8897-0d38-4c59-817a-d67a8ba30c67: receive RaftClientReply:client-729EAB8E4297->a9cb8897-0d38-4c59-817a-d67a8ba30c67@group-A55F67FDC954, cid=3273, SUCCESS, logIndex=0, commits[a9cb8897-0d38-4c59-817a-d67a8ba30c67:c4956, 41e21bac-56c9-465a-a1cc-bc71b3ab473c:c4953, 2bfdf505-3a1f-44eb-9843-3820b2477da1:c4953]
2019-09-05 19:11:00,183 [grpc-default-executor-2] INFO  client.GrpcClientProtocolClient (GrpcClientProtocolClient.java:onNext(255)) - client-729EAB8E4297->a9cb8897-0d38-4c59-817a-d67a8ba30c67: receive RaftClientReply:client-729EAB8E4297->a9cb8897-0d38-4c59-817a-d67a8ba30c67@group-A55F67FDC954, cid=3274, SUCCESS, logIndex=4959, commits[a9cb8897-0d38-4c59-817a-d67a8ba30c67:c4959, 41e21bac-56c9-465a-a1cc-bc71b3ab473c:c4958, 2bfdf505-3a1f-44eb-9843-3820b2477da1:c4958]
2019-09-05 19:11:00,194 [grpc-default-executor-2] INFO  client.GrpcClientProtocolClient (GrpcClientProtocolClient.java:onNext(255)) - client-729EAB8E4297->a9cb8897-0d38-4c59-817a-d67a8ba30c67: receive RaftClientReply:client-729EAB8E4297->a9cb8897-0d38-4c59-817a-d67a8ba30c67@group-A55F67FDC954, cid=3275, SUCCESS, logIndex=4960, commits[a9cb8897-0d38-4c59-817a-d67a8ba30c67:c4960, 41e21bac-56c9-465a-a1cc-bc71b3ab473c:c4958, 2bfdf505-3a1f-44eb-9843-3820b2477da1:c4958]
2019-09-05 19:11:00,220 [grpc-default-executor-2] INFO  client.GrpcClientProtocolClient (GrpcClientProtocolClient.java:onNext(255)) - client-729EAB8E4297->a9cb8897-0d38-4c59-817a-d67a8ba30c67: receive RaftClientReply:client-729EAB8E4297->a9cb8897-0d38-4c59-817a-d67a8ba30c67@group-A55F67FDC954, cid=3276, SUCCESS, logIndex=4963, commits[a9cb8897-0d38-4c59-817a-d67a8ba30c67:c4964, 41e21bac-56c9-465a-a1cc-bc71b3ab473c:c4962, 2bfdf505-3a1f-44eb-9843-3820b2477da1:c4962]
2019-09-05 19:11:00,221 [grpc-default-executor-2] INFO  client.GrpcClientProtocolClient (GrpcClientProtocolClient.java:onNext(255)) - client-729EAB8E4297->a9cb8897-0d38-4c59-817a-d67a8ba30c67: receive RaftClientReply:client-729EAB8E4297->a9cb8897-0d38-4c59-817a-d67a8ba30c67@group-A55F67FDC954, cid=3277, SUCCESS, logIndex=4964, commits[a9cb8897-0d38-4c59-817a-d67a8ba30c67:c4964, 41e21bac-56c9-465a-a1cc-bc71b3ab473c:c4962, 2bfdf505-3a1f-44eb-9843-3820b2477da1:c4962]
2019-09-05 19:11:00,232 [grpc-default-executor-2] INFO  client.GrpcClientProtocolClient (GrpcClientProtocolClient.java:onNext(255)) - client-729EAB8E4297->a9cb8897-0d38-4c59-817a-d67a8ba30c67: receive RaftClientReply:client-729EAB8E4297->a9cb8897-0d38-4c59-817a-d67a8ba30c67@group-A55F67FDC954, cid=3278, SUCCESS, logIndex=0, commits[a9cb8897-0d38-4c59-817a-d67a8ba30c67:c4965, 41e21bac-56c9-465a-a1cc-bc71b3ab473c:c4964, 2bfdf505-3a1f-44eb-9843-3820b2477da1:c4964]
2019-09-05 19:11:00,266 [grpc-default-executor-2] INFO  client.GrpcClientProtocolClient (GrpcClientProtocolClient.java:onNext(255)) - client-729EAB8E4297->a9cb8897-0d38-4c59-817a-d67a8ba30c67: receive RaftClientReply:client-729EAB8E4297->a9cb8897-0d38-4c59-817a-d67a8ba30c67@group-A55F67FDC954, cid=3279, SUCCESS, logIndex=4967, commits[a9cb8897-0d38-4c59-817a-d67a8ba30c67:c4968, 41e21bac-56c9-465a-a1cc-bc71b3ab473c:c4964, 2bfdf505-3a1f-44eb-9843-3820b2477da1:c4966]
2019-09-05 19:11:00,267 [grpc-default-executor-2] INFO  client.GrpcClientProtocolClient (GrpcClientProtocolClient.java:onNext(255)) - client-729EAB8E4297->a9cb8897-0d38-4c59-817a-d67a8ba30c67: receive RaftClientReply:client-729EAB8E4297->a9cb8897-0d38-4c59-817a-d67a8ba30c67@group-A55F67FDC954, cid=3280, SUCCESS, logIndex=4968, commits[a9cb8897-0d38-4c59-817a-d67a8ba30c67:c4968, 41e21bac-56c9-465a-a1cc-bc71b3ab473c:c4966, 2bfdf505-3a1f-44eb-9843-3820b2477da1:c4966]
2019-09-05 19:11:00,268 [grpc-default-executor-2] INFO  client.GrpcClientProtocolClient (GrpcClientProtocolClient.java:onNext(255)) - client-729EAB8E4297->a9cb8897-0d38-4c59-817a-d67a8ba30c67: receive RaftClientReply:client-729EAB8E4297->a9cb8897-0d38-4c59-817a-d67a8ba30c67@group-A55F67FDC954, cid=3281, SUCCESS, logIndex=4969, commits[a9cb8897-0d38-4c59-817a-d67a8ba30c67:c4970, 41e21bac-56c9-465a-a1cc-bc71b3ab473c:c4966, 2bfdf505-3a1f-44eb-9843-3820b2477da1:c4966]
2019-09-05 19:11:00,268 [grpc-default-executor-2] INFO  client.GrpcClientProtocolClient (GrpcClientProtocolClient.java:onNext(255)) - client-729EAB8E4297->a9cb8897-0d38-4c59-817a-d67a8ba30c67: receive RaftClientReply:client-729EAB8E4297->a9cb8897-0d38-4c59-817a-d67a8ba30c67@group-A55F67FDC954, cid=3282, SUCCESS, logIndex=4970, commits[a9cb8897-0d38-4c59-817a-d67a8ba30c67:c4970, 41e21bac-56c9-465a-a1cc-bc71b3ab473c:c4966, 2bfdf505-3a1f-44eb-9843-3820b2477da1:c4966]
2019-09-05 19:11:00,279 [grpc-default-executor-2] INFO  client.GrpcClientProtocolClient (GrpcClientProtocolClient.java:onNext(255)) - client-729EAB8E4297->a9cb8897-0d38-4c59-817a-d67a8ba30c67: receive RaftClientReply:client-729EAB8E4297->a9cb8897-0d38-4c59-817a-d67a8ba30c67@group-A55F67FDC954, cid=3283, SUCCESS, logIndex=0, commits[a9cb8897-0d38-4c59-817a-d67a8ba30c67:c4972, 41e21bac-56c9-465a-a1cc-bc71b3ab473c:c4968, 2bfdf505-3a1f-44eb-9843-3820b2477da1:c4968]
2019-09-05 19:11:00,299 [grpc-default-executor-3] INFO  client.GrpcClientProtocolClient (GrpcClientProtocolClient.java:onNext(255)) - client-729EAB8E4297->a9cb8897-0d38-4c59-817a-d67a8ba30c67: receive RaftClientReply:client-729EAB8E4297->a9cb8897-0d38-4c59-817a-d67a8ba30c67@group-A55F67FDC954, cid=3284, SUCCESS, logIndex=4974, commits[a9cb8897-0d38-4c59-817a-d67a8ba30c67:c4975, 41e21bac-56c9-465a-a1cc-bc71b3ab473c:c4973, 2bfdf505-3a1f-44eb-9843-3820b2477da1:c4973]
2019-09-05 19:11:00,300 [grpc-default-executor-3] INFO  client.GrpcClientProtocolClient (GrpcClientProtocolClient.java:onNext(255)) - client-729EAB8E4297->a9cb8897-0d38-4c59-817a-d67a8ba30c67: receive RaftClientReply:client-729EAB8E4297->a9cb8897-0d38-4c59-817a-d67a8ba30c67@group-A55F67FDC954, cid=3285, SUCCESS, logIndex=4975, commits[a9cb8897-0d38-4c59-817a-d67a8ba30c67:c4975, 41e21bac-56c9-465a-a1cc-bc71b3ab473c:c4973, 2bfdf505-3a1f-44eb-9843-3820b2477da1:c4973]
2019-09-05 19:11:00,313 [grpc-default-executor-2] INFO  client.GrpcClientProtocolClient (GrpcClientProtocolClient.java:onNext(255)) - client-729EAB8E4297->a9cb8897-0d38-4c59-817a-d67a8ba30c67: receive RaftClientReply:client-729EAB8E4297->a9cb8897-0d38-4c59-817a-d67a8ba30c67@group-A55F67FDC954, cid=3286, SUCCESS, logIndex=4978, commits[a9cb8897-0d38-4c59-817a-d67a8ba30c67:c4979, 41e21bac-56c9-465a-a1cc-bc71b3ab473c:c4975, 2bfdf505-3a1f-44eb-9843-3820b2477da1:c4975]
2019-09-05 19:11:00,314 [grpc-default-executor-2] INFO  client.GrpcClientProtocolClient (GrpcClientProtocolClient.java:onNext(255)) - client-729EAB8E4297->a9cb8897-0d38-4c59-817a-d67a8ba30c67: receive RaftClientReply:client-729EAB8E4297->a9cb8897-0d38-4c59-817a-d67a8ba30c67@group-A55F67FDC954, cid=3287, SUCCESS, logIndex=4979, commits[a9cb8897-0d38-4c59-817a-d67a8ba30c67:c4979, 41e21bac-56c9-465a-a1cc-bc71b3ab473c:c4975, 2bfdf505-3a1f-44eb-9843-3820b2477da1:c4975]
2019-09-05 19:11:00,327 [grpc-default-executor-2] INFO  client.GrpcClientProtocolClient (GrpcClientProtocolClient.java:onNext(255)) - client-729EAB8E4297->a9cb8897-0d38-4c59-817a-d67a8ba30c67: receive RaftClientReply:client-729EAB8E4297->a9cb8897-0d38-4c59-817a-d67a8ba30c67@group-A55F67FDC954, cid=3288, SUCCESS, logIndex=0, commits[a9cb8897-0d38-4c59-817a-d67a8ba30c67:c4981, 41e21bac-56c9-465a-a1cc-bc71b3ab473c:c4979, 2bfdf505-3a1f-44eb-9843-3820b2477da1:c4979]
 0.00% |█                                                                                                    |  0/1 Time: 0:00:342019-09-05 19:11:00,360 [grpc-default-executor-3] INFO  client.GrpcClientProtocolClient (GrpcClientProtocolClient.java:onNext(255)) - client-729EAB8E4297->a9cb8897-0d38-4c59-817a-d67a8ba30c67: receive RaftClientReply:client-729EAB8E4297->a9cb8897-0d38-4c59-817a-d67a8ba30c67@group-A55F67FDC954, cid=3289, SUCCESS, logIndex=4982, commits[a9cb8897-0d38-4c59-817a-d67a8ba30c67:c4983, 41e21bac-56c9-465a-a1cc-bc71b3ab473c:c4981, 2bfdf505-3a1f-44eb-9843-3820b2477da1:c4981]
2019-09-05 19:11:00,361 [grpc-default-executor-3] INFO  client.GrpcClientProtocolClient (GrpcClientProtocolClient.java:onNext(255)) - client-729EAB8E4297->a9cb8897-0d38-4c59-817a-d67a8ba30c67: receive RaftClientReply:client-729EAB8E4297->a9cb8897-0d38-4c59-817a-d67a8ba30c67@group-A55F67FDC954, cid=3290, SUCCESS, logIndex=4983, commits[a9cb8897-0d38-4c59-817a-d67a8ba30c67:c4985, 41e21bac-56c9-465a-a1cc-bc71b3ab473c:c4981, 2bfdf505-3a1f-44eb-9843-3820b2477da1:c4981]
2019-09-05 19:11:00,362 [grpc-default-executor-3] INFO  client.GrpcClientProtocolClient (GrpcClientProtocolClient.java:onNext(255)) - client-729EAB8E4297->a9cb8897-0d38-4c59-817a-d67a8ba30c67: receive RaftClientReply:client-729EAB8E4297->a9cb8897-0d38-4c59-817a-d67a8ba30c67@group-A55F67FDC954, cid=3291, SUCCESS, logIndex=4984, commits[a9cb8897-0d38-4c59-817a-d67a8ba30c67:c4985, 41e21bac-56c9-465a-a1cc-bc71b3ab473c:c4981, 2bfdf505-3a1f-44eb-9843-3820b2477da1:c4981]
2019-09-05 19:11:00,362 [grpc-default-executor-3] INFO  client.GrpcClientProtocolClient (GrpcClientProtocolClient.java:onNext(255)) - client-729EAB8E4297->a9cb8897-0d38-4c59-817a-d67a8ba30c67: receive RaftClientReply:client-729EAB8E4297->a9cb8897-0d38-4c59-817a-d67a8ba30c67@group-A55F67FDC954, cid=3292, SUCCESS, logIndex=4985, commits[a9cb8897-0d38-4c59-817a-d67a8ba30c67:c4985, 41e21bac-56c9-465a-a1cc-bc71b3ab473c:c4981, 2bfdf505-3a1f-44eb-9843-3820b2477da1:c4981]
2019-09-05 19:11:00,364 [grpc-default-executor-3] INFO  client.GrpcClientProtocolClient (GrpcClientProtocolClient.java:onNext(255)) - client-729EAB8E4297->a9cb8897-0d38-4c59-817a-d67a8ba30c67: receive RaftClientReply:client-729EAB8E4297->a9cb8897-0d38-4c59-817a-d67a8ba30c67@group-A55F67FDC954, cid=3293, SUCCESS, logIndex=0, commits[a9cb8897-0d38-4c59-817a-d67a8ba30c67:c4986, 41e21bac-56c9-465a-a1cc-bc71b3ab473c:c4983, 2bfdf505-3a1f-44eb-9843-3820b2477da1:c4983]
2019-09-05 19:11:00,377 [grpc-default-executor-1] INFO  client.GrpcClientProtocolClient (GrpcClientProtocolClient.java:onNext(255)) - client-729EAB8E4297->a9cb8897-0d38-4c59-817a-d67a8ba30c67: receive RaftClientReply:client-729EAB8E4297->a9cb8897-0d38-4c59-817a-d67a8ba30c67@group-A55F67FDC954, cid=3294, SUCCESS, logIndex=4990, commits[a9cb8897-0d38-4c59-817a-d67a8ba30c67:c4991, 41e21bac-56c9-465a-a1cc-bc71b3ab473c:c4986, 2bfdf505-3a1f-44eb-9843-3820b2477da1:c4986]
2019-09-05 19:11:00,378 [grpc-default-executor-1] INFO  client.GrpcClientProtocolClient (GrpcClientProtocolClient.java:onNext(255)) - client-729EAB8E4297->a9cb8897-0d38-4c59-817a-d67a8ba30c67: receive RaftClientReply:client-729EAB8E4297->a9cb8897-0d38-4c59-817a-d67a8ba30c67@group-A55F67FDC954, cid=3295, SUCCESS, logIndex=4991, commits[a9cb8897-0d38-4c59-817a-d67a8ba30c67:c4991, 41e21bac-56c9-465a-a1cc-bc71b3ab473c:c4986, 2bfdf505-3a1f-44eb-9843-3820b2477da1:c4986]
2019-09-05 19:11:00,394 [grpc-default-executor-3] INFO  client.GrpcClientProtocolClient (GrpcClientProtocolClient.java:onNext(255)) - client-729EAB8E4297->a9cb8897-0d38-4c59-817a-d67a8ba30c67: receive RaftClientReply:client-729EAB8E4297->a9cb8897-0d38-4c59-817a-d67a8ba30c67@group-A55F67FDC954, cid=3296, SUCCESS, logIndex=4994, commits[a9cb8897-0d38-4c59-817a-d67a8ba30c67:c4994, 41e21bac-56c9-465a-a1cc-bc71b3ab473c:c4991, 2bfdf505-3a1f-44eb-9843-3820b2477da1:c4991]
2019-09-05 19:11:00,394 [grpc-default-executor-3] INFO  client.GrpcClientProtocolClient (GrpcClientProtocolClient.java:onNext(255)) - client-729EAB8E4297->a9cb8897-0d38-4c59-817a-d67a8ba30c67: receive RaftClientReply:client-729EAB8E4297->a9cb8897-0d38-4c59-817a-d67a8ba30c67@group-A55F67FDC954, cid=3297, SUCCESS, logIndex=4995, commits[a9cb8897-0d38-4c59-817a-d67a8ba30c67:c4995, 41e21bac-56c9-465a-a1cc-bc71b3ab473c:c4991, 2bfdf505-3a1f-44eb-9843-3820b2477da1:c4991]
2019-09-05 19:11:00,398 [grpc-default-executor-3] INFO  client.GrpcClientProtocolClient (GrpcClientProtocolClient.java:onNext(255)) - client-729EAB8E4297->a9cb8897-0d38-4c59-817a-d67a8ba30c67: receive RaftClientReply:client-729EAB8E4297->a9cb8897-0d38-4c59-817a-d67a8ba30c67@group-A55F67FDC954, cid=3298, SUCCESS, logIndex=0, commits[a9cb8897-0d38-4c59-817a-d67a8ba30c67:c4997, 41e21bac-56c9-465a-a1cc-bc71b3ab473c:c4995, 2bfdf505-3a1f-44eb-9843-3820b2477da1:c4995]
2019-09-05 19:11:00,422 [grpc-default-executor-3] INFO  client.GrpcClientProtocolClient (GrpcClientProtocolClient.java:onNext(255)) - client-729EAB8E4297->a9cb8897-0d38-4c59-817a-d67a8ba30c67: receive RaftClientReply:client-729EAB8E4297->a9cb8897-0d38-4c59-817a-d67a8ba30c67@group-A55F67FDC954, cid=3299, SUCCESS, logIndex=4998, commits[a9cb8897-0d38-4c59-817a-d67a8ba30c67:c4999, 41e21bac-56c9-465a-a1cc-bc71b3ab473c:c4995, 2bfdf505-3a1f-44eb-9843-3820b2477da1:c4997]
2019-09-05 19:11:00,423 [grpc-default-executor-3] INFO  client.GrpcClientProtocolClient (GrpcClientProtocolClient.java:onNext(255)) - client-729EAB8E4297->a9cb8897-0d38-4c59-817a-d67a8ba30c67: receive RaftClientReply:client-729EAB8E4297->a9cb8897-0d38-4c59-817a-d67a8ba30c67@group-A55F67FDC954, cid=3300, SUCCESS, logIndex=4999, commits[a9cb8897-0d38-4c59-817a-d67a8ba30c67:c4999, 41e21bac-56c9-465a-a1cc-bc71b3ab473c:c4997, 2bfdf505-3a1f-44eb-9843-3820b2477da1:c4997]
2019-09-05 19:11:00,424 [grpc-default-executor-3] INFO  client.GrpcClientProtocolClient (GrpcClientProtocolClient.java:onNext(255)) - client-729EAB8E4297->a9cb8897-0d38-4c59-817a-d67a8ba30c67: receive RaftClientReply:client-729EAB8E4297->a9cb8897-0d38-4c59-817a-d67a8ba30c67@group-A55F67FDC954, cid=3301, SUCCESS, logIndex=5000, commits[a9cb8897-0d38-4c59-817a-d67a8ba30c67:c5001, 41e21bac-56c9-465a-a1cc-bc71b3ab473c:c4997, 2bfdf505-3a1f-44eb-9843-3820b2477da1:c4997]
2019-09-05 19:11:00,424 [grpc-default-executor-3] INFO  client.GrpcClientProtocolClient (GrpcClientProtocolClient.java:onNext(255)) - client-729EAB8E4297->a9cb8897-0d38-4c59-817a-d67a8ba30c67: receive RaftClientReply:client-729EAB8E4297->a9cb8897-0d38-4c59-817a-d67a8ba30c67@group-A55F67FDC954, cid=3302, SUCCESS, logIndex=5001, commits[a9cb8897-0d38-4c59-817a-d67a8ba30c67:c5002, 41e21bac-56c9-465a-a1cc-bc71b3ab473c:c4997, 2bfdf505-3a1f-44eb-9843-3820b2477da1:c4999]
2019-09-05 19:11:00,425 [grpc-default-executor-3] INFO  client.GrpcClientProtocolClient (GrpcClientProtocolClient.java:onNext(255)) - client-729EAB8E4297->a9cb8897-0d38-4c59-817a-d67a8ba30c67: receive RaftClientReply:client-729EAB8E4297->a9cb8897-0d38-4c59-817a-d67a8ba30c67@group-A55F67FDC954, cid=3303, SUCCESS, logIndex=0, commits[a9cb8897-0d38-4c59-817a-d67a8ba30c67:c5002, 41e21bac-56c9-465a-a1cc-bc71b3ab473c:c4999, 2bfdf505-3a1f-44eb-9843-3820b2477da1:c4999]
2019-09-05 19:11:00,453 [grpc-default-executor-1] INFO  client.GrpcClientProtocolClient (GrpcClientProtocolClient.java:onNext(255)) - client-729EAB8E4297->a9cb8897-0d38-4c59-817a-d67a8ba30c67: receive RaftClientReply:client-729EAB8E4297->a9cb8897-0d38-4c59-817a-d67a8ba30c67@group-A55F67FDC954, cid=3304, SUCCESS, logIndex=5005, commits[a9cb8897-0d38-4c59-817a-d67a8ba30c67:c5006, 41e21bac-56c9-465a-a1cc-bc71b3ab473c:c5004, 2bfdf505-3a1f-44eb-9843-3820b2477da1:c5004]
2019-09-05 19:11:00,454 [grpc-default-executor-1] INFO  client.GrpcClientProtocolClient (GrpcClientProtocolClient.java:onNext(255)) - client-729EAB8E4297->a9cb8897-0d38-4c59-817a-d67a8ba30c67: receive RaftClientReply:client-729EAB8E4297->a9cb8897-0d38-4c59-817a-d67a8ba30c67@group-A55F67FDC954, cid=3305, SUCCESS, logIndex=5006, commits[a9cb8897-0d38-4c59-817a-d67a8ba30c67:c5006, 41e21bac-56c9-465a-a1cc-bc71b3ab473c:c5004, 2bfdf505-3a1f-44eb-9843-3820b2477da1:c5004]
2019-09-05 19:11:00,469 [grpc-default-executor-1] INFO  client.GrpcClientProtocolClient (GrpcClientProtocolClient.java:onNext(255)) - client-729EAB8E4297->a9cb8897-0d38-4c59-817a-d67a8ba30c67: receive RaftClientReply:client-729EAB8E4297->a9cb8897-0d38-4c59-817a-d67a8ba30c67@group-A55F67FDC954, cid=3306, SUCCESS, logIndex=5009, commits[a9cb8897-0d38-4c59-817a-d67a8ba30c67:c5009, 41e21bac-56c9-465a-a1cc-bc71b3ab473c:c5006, 2bfdf505-3a1f-44eb-9843-3820b2477da1:c5006]
2019-09-05 19:11:00,469 [grpc-default-executor-1] INFO  client.GrpcClientProtocolClient (GrpcClientProtocolClient.java:onNext(255)) - client-729EAB8E4297->a9cb8897-0d38-4c59-817a-d67a8ba30c67: receive RaftClientReply:client-729EAB8E4297->a9cb8897-0d38-4c59-817a-d67a8ba30c67@group-A55F67FDC954, cid=3307, SUCCESS, logIndex=5010, commits[a9cb8897-0d38-4c59-817a-d67a8ba30c67:c5010, 41e21bac-56c9-465a-a1cc-bc71b3ab473c:c5006, 2bfdf505-3a1f-44eb-9843-3820b2477da1:c5006]
2019-09-05 19:11:00,490 [grpc-default-executor-1] INFO  client.GrpcClientProtocolClient (GrpcClientProtocolClient.java:onNext(255)) - client-729EAB8E4297->a9cb8897-0d38-4c59-817a-d67a8ba30c67: receive RaftClientReply:client-729EAB8E4297->a9cb8897-0d38-4c59-817a-d67a8ba30c67@group-A55F67FDC954, cid=3308, SUCCESS, logIndex=0, commits[a9cb8897-0d38-4c59-817a-d67a8ba30c67:c5012, 41e21bac-56c9-465a-a1cc-bc71b3ab473c:c5010, 2bfdf505-3a1f-44eb-9843-3820b2477da1:c5010]
2019-09-05 19:11:00,533 [grpc-default-executor-3] INFO  client.GrpcClientProtocolClient (GrpcClientProtocolClient.java:onNext(255)) - client-729EAB8E4297->a9cb8897-0d38-4c59-817a-d67a8ba30c67: receive RaftClientReply:client-729EAB8E4297->a9cb8897-0d38-4c59-817a-d67a8ba30c67@group-A55F67FDC954, cid=3309, SUCCESS, logIndex=5013, commits[a9cb8897-0d38-4c59-817a-d67a8ba30c67:c5014, 41e21bac-56c9-465a-a1cc-bc71b3ab473c:c5012, 2bfdf505-3a1f-44eb-9843-3820b2477da1:c5010]
2019-09-05 19:11:00,534 [grpc-default-executor-3] INFO  client.GrpcClientProtocolClient (GrpcClientProtocolClient.java:onNext(255)) - client-729EAB8E4297->a9cb8897-0d38-4c59-817a-d67a8ba30c67: receive RaftClientReply:client-729EAB8E4297->a9cb8897-0d38-4c59-817a-d67a8ba30c67@group-A55F67FDC954, cid=3310, SUCCESS, logIndex=5014, commits[a9cb8897-0d38-4c59-817a-d67a8ba30c67:c5014, 41e21bac-56c9-465a-a1cc-bc71b3ab473c:c5012, 2bfdf505-3a1f-44eb-9843-3820b2477da1:c5012]
2019-09-05 19:11:00,535 [grpc-default-executor-3] INFO  client.GrpcClientProtocolClient (GrpcClientProtocolClient.java:onNext(255)) - client-729EAB8E4297->a9cb8897-0d38-4c59-817a-d67a8ba30c67: receive RaftClientReply:client-729EAB8E4297->a9cb8897-0d38-4c59-817a-d67a8ba30c67@group-A55F67FDC954, cid=3311, SUCCESS, logIndex=5015, commits[a9cb8897-0d38-4c59-817a-d67a8ba30c67:c5016, 41e21bac-56c9-465a-a1cc-bc71b3ab473c:c5012, 2bfdf505-3a1f-44eb-9843-3820b2477da1:c5012]
2019-09-05 19:11:00,535 [grpc-default-executor-3] INFO  client.GrpcClientProtocolClient (GrpcClientProtocolClient.java:onNext(255)) - client-729EAB8E4297->a9cb8897-0d38-4c59-817a-d67a8ba30c67: receive RaftClientReply:client-729EAB8E4297->a9cb8897-0d38-4c59-817a-d67a8ba30c67@group-A55F67FDC954, cid=3312, SUCCESS, logIndex=5016, commits[a9cb8897-0d38-4c59-817a-d67a8ba30c67:c5016, 41e21bac-56c9-465a-a1cc-bc71b3ab473c:c5012, 2bfdf505-3a1f-44eb-9843-3820b2477da1:c5012]
2019-09-05 19:11:00,547 [grpc-default-executor-3] INFO  client.GrpcClientProtocolClient (GrpcClientProtocolClient.java:onNext(255)) - client-729EAB8E4297->a9cb8897-0d38-4c59-817a-d67a8ba30c67: receive RaftClientReply:client-729EAB8E4297->a9cb8897-0d38-4c59-817a-d67a8ba30c67@group-A55F67FDC954, cid=3313, SUCCESS, logIndex=0, commits[a9cb8897-0d38-4c59-817a-d67a8ba30c67:c5018, 41e21bac-56c9-465a-a1cc-bc71b3ab473c:c5014, 2bfdf505-3a1f-44eb-9843-3820b2477da1:c5014]
2019-09-05 19:11:00,569 [grpc-default-executor-1] INFO  client.GrpcClientProtocolClient (GrpcClientProtocolClient.java:onNext(255)) - client-729EAB8E4297->a9cb8897-0d38-4c59-817a-d67a8ba30c67: receive RaftClientReply:client-729EAB8E4297->a9cb8897-0d38-4c59-817a-d67a8ba30c67@group-A55F67FDC954, cid=3314, SUCCESS, logIndex=5021, commits[a9cb8897-0d38-4c59-817a-d67a8ba30c67:c5022, 41e21bac-56c9-465a-a1cc-bc71b3ab473c:c5020, 2bfdf505-3a1f-44eb-9843-3820b2477da1:c5020]
2019-09-05 19:11:00,569 [grpc-default-executor-1] INFO  client.GrpcClientProtocolClient (GrpcClientProtocolClient.java:onNext(255)) - client-729EAB8E4297->a9cb8897-0d38-4c59-817a-d67a8ba30c67: receive RaftClientReply:client-729EAB8E4297->a9cb8897-0d38-4c59-817a-d67a8ba30c67@group-A55F67FDC954, cid=3315, SUCCESS, logIndex=5022, commits[a9cb8897-0d38-4c59-817a-d67a8ba30c67:c5022, 41e21bac-56c9-465a-a1cc-bc71b3ab473c:c5020, 2bfdf505-3a1f-44eb-9843-3820b2477da1:c5020]
2019-09-05 19:11:00,594 [grpc-default-executor-1] INFO  client.GrpcClientProtocolClient (GrpcClientProtocolClient.java:onNext(255)) - client-729EAB8E4297->a9cb8897-0d38-4c59-817a-d67a8ba30c67: receive RaftClientReply:client-729EAB8E4297->a9cb8897-0d38-4c59-817a-d67a8ba30c67@group-A55F67FDC954, cid=3316, SUCCESS, logIndex=5025, commits[a9cb8897-0d38-4c59-817a-d67a8ba30c67:c5025, 41e21bac-56c9-465a-a1cc-bc71b3ab473c:c5022, 2bfdf505-3a1f-44eb-9843-3820b2477da1:c5022]
2019-09-05 19:11:00,594 [grpc-default-executor-1] INFO  client.GrpcClientProtocolClient (GrpcClientProtocolClient.java:onNext(255)) - client-729EAB8E4297->a9cb8897-0d38-4c59-817a-d67a8ba30c67: receive RaftClientReply:client-729EAB8E4297->a9cb8897-0d38-4c59-817a-d67a8ba30c67@group-A55F67FDC954, cid=3317, SUCCESS, logIndex=5026, commits[a9cb8897-0d38-4c59-817a-d67a8ba30c67:c5026, 41e21bac-56c9-465a-a1cc-bc71b3ab473c:c5022, 2bfdf505-3a1f-44eb-9843-3820b2477da1:c5022]
2019-09-05 19:11:00,608 [grpc-default-executor-1] INFO  client.GrpcClientProtocolClient (GrpcClientProtocolClient.java:onNext(255)) - client-729EAB8E4297->a9cb8897-0d38-4c59-817a-d67a8ba30c67: receive RaftClientReply:client-729EAB8E4297->a9cb8897-0d38-4c59-817a-d67a8ba30c67@group-A55F67FDC954, cid=3318, SUCCESS, logIndex=0, commits[a9cb8897-0d38-4c59-817a-d67a8ba30c67:c5028, 41e21bac-56c9-465a-a1cc-bc71b3ab473c:c5026, 2bfdf505-3a1f-44eb-9843-3820b2477da1:c5026]
2019-09-05 19:11:00,649 [grpc-default-executor-1] INFO  client.GrpcClientProtocolClient (GrpcClientProtocolClient.java:onNext(255)) - client-729EAB8E4297->a9cb8897-0d38-4c59-817a-d67a8ba30c67: receive RaftClientReply:client-729EAB8E4297->a9cb8897-0d38-4c59-817a-d67a8ba30c67@group-A55F67FDC954, cid=3319, SUCCESS, logIndex=5029, commits[a9cb8897-0d38-4c59-817a-d67a8ba30c67:c5030, 41e21bac-56c9-465a-a1cc-bc71b3ab473c:c5028, 2bfdf505-3a1f-44eb-9843-3820b2477da1:c5028]
2019-09-05 19:11:00,650 [grpc-default-executor-1] INFO  client.GrpcClientProtocolClient (GrpcClientProtocolClient.java:onNext(255)) - client-729EAB8E4297->a9cb8897-0d38-4c59-817a-d67a8ba30c67: receive RaftClientReply:client-729EAB8E4297->a9cb8897-0d38-4c59-817a-d67a8ba30c67@group-A55F67FDC954, cid=3320, SUCCESS, logIndex=5030, commits[a9cb8897-0d38-4c59-817a-d67a8ba30c67:c5030, 41e21bac-56c9-465a-a1cc-bc71b3ab473c:c5028, 2bfdf505-3a1f-44eb-9843-3820b2477da1:c5028]
2019-09-05 19:11:00,657 [grpc-default-executor-2] INFO  client.GrpcClientProtocolClient (GrpcClientProtocolClient.java:onNext(255)) - client-729EAB8E4297->a9cb8897-0d38-4c59-817a-d67a8ba30c67: receive RaftClientReply:client-729EAB8E4297->a9cb8897-0d38-4c59-817a-d67a8ba30c67@group-A55F67FDC954, cid=3321, SUCCESS, logIndex=5031, commits[a9cb8897-0d38-4c59-817a-d67a8ba30c67:c5032, 41e21bac-56c9-465a-a1cc-bc71b3ab473c:c5028, 2bfdf505-3a1f-44eb-9843-3820b2477da1:c5028]
2019-09-05 19:11:00,657 [grpc-default-executor-2] INFO  client.GrpcClientProtocolClient (GrpcClientProtocolClient.java:onNext(255)) - client-729EAB8E4297->a9cb8897-0d38-4c59-817a-d67a8ba30c67: receive RaftClientReply:client-729EAB8E4297->a9cb8897-0d38-4c59-817a-d67a8ba30c67@group-A55F67FDC954, cid=3322, SUCCESS, logIndex=5032, commits[a9cb8897-0d38-4c59-817a-d67a8ba30c67:c5033, 41e21bac-56c9-465a-a1cc-bc71b3ab473c:c5028, 2bfdf505-3a1f-44eb-9843-3820b2477da1:c5030]
2019-09-05 19:11:00,658 [grpc-default-executor-2] INFO  client.GrpcClientProtocolClient (GrpcClientProtocolClient.java:onNext(255)) - client-729EAB8E4297->a9cb8897-0d38-4c59-817a-d67a8ba30c67: receive RaftClientReply:client-729EAB8E4297->a9cb8897-0d38-4c59-817a-d67a8ba30c67@group-A55F67FDC954, cid=3323, SUCCESS, logIndex=0, commits[a9cb8897-0d38-4c59-817a-d67a8ba30c67:c5035, 41e21bac-56c9-465a-a1cc-bc71b3ab473c:c5031, 2bfdf505-3a1f-44eb-9843-3820b2477da1:c5030]
2019-09-05 19:11:00,673 [grpc-default-executor-2] INFO  client.GrpcClientProtocolClient (GrpcClientProtocolClient.java:onNext(255)) - client-729EAB8E4297->a9cb8897-0d38-4c59-817a-d67a8ba30c67: receive RaftClientReply:client-729EAB8E4297->a9cb8897-0d38-4c59-817a-d67a8ba30c67@group-A55F67FDC954, cid=3324, SUCCESS, logIndex=5037, commits[a9cb8897-0d38-4c59-817a-d67a8ba30c67:c5038, 41e21bac-56c9-465a-a1cc-bc71b3ab473c:c5036, 2bfdf505-3a1f-44eb-9843-3820b2477da1:c5032]
2019-09-05 19:11:00,674 [grpc-default-executor-2] INFO  client.GrpcClientProtocolClient (GrpcClientProtocolClient.java:onNext(255)) - client-729EAB8E4297->a9cb8897-0d38-4c59-817a-d67a8ba30c67: receive RaftClientReply:client-729EAB8E4297->a9cb8897-0d38-4c59-817a-d67a8ba30c67@group-A55F67FDC954, cid=3325, SUCCESS, logIndex=5038, commits[a9cb8897-0d38-4c59-817a-d67a8ba30c67:c5038, 41e21bac-56c9-465a-a1cc-bc71b3ab473c:c5036, 2bfdf505-3a1f-44eb-9843-3820b2477da1:c5036]
2019-09-05 19:11:00,707 [grpc-default-executor-1] INFO  client.GrpcClientProtocolClient (GrpcClientProtocolClient.java:onNext(255)) - client-729EAB8E4297->a9cb8897-0d38-4c59-817a-d67a8ba30c67: receive RaftClientReply:client-729EAB8E4297->a9cb8897-0d38-4c59-817a-d67a8ba30c67@group-A55F67FDC954, cid=3326, SUCCESS, logIndex=5041, commits[a9cb8897-0d38-4c59-817a-d67a8ba30c67:c5042, 41e21bac-56c9-465a-a1cc-bc71b3ab473c:c5040, 2bfdf505-3a1f-44eb-9843-3820b2477da1:c5040]
2019-09-05 19:11:00,708 [grpc-default-executor-1] INFO  client.GrpcClientProtocolClient (GrpcClientProtocolClient.java:onNext(255)) - client-729EAB8E4297->a9cb8897-0d38-4c59-817a-d67a8ba30c67: receive RaftClientReply:client-729EAB8E4297->a9cb8897-0d38-4c59-817a-d67a8ba30c67@group-A55F67FDC954, cid=3327, SUCCESS, logIndex=5042, commits[a9cb8897-0d38-4c59-817a-d67a8ba30c67:c5042, 41e21bac-56c9-465a-a1cc-bc71b3ab473c:c5040, 2bfdf505-3a1f-44eb-9843-3820b2477da1:c5040]
2019-09-05 19:11:00,716 [grpc-default-executor-1] INFO  client.GrpcClientProtocolClient (GrpcClientProtocolClient.java:onNext(255)) - client-729EAB8E4297->a9cb8897-0d38-4c59-817a-d67a8ba30c67: receive RaftClientReply:client-729EAB8E4297->a9cb8897-0d38-4c59-817a-d67a8ba30c67@group-A55F67FDC954, cid=3328, SUCCESS, logIndex=0, commits[a9cb8897-0d38-4c59-817a-d67a8ba30c67:c5043, 41e21bac-56c9-465a-a1cc-bc71b3ab473c:c5042, 2bfdf505-3a1f-44eb-9843-3820b2477da1:c5042]
2019-09-05 19:11:00,756 [grpc-default-executor-3] INFO  client.GrpcClientProtocolClient (GrpcClientProtocolClient.java:onNext(255)) - client-729EAB8E4297->a9cb8897-0d38-4c59-817a-d67a8ba30c67: receive RaftClientReply:client-729EAB8E4297->a9cb8897-0d38-4c59-817a-d67a8ba30c67@group-A55F67FDC954, cid=3329, SUCCESS, logIndex=5045, commits[a9cb8897-0d38-4c59-817a-d67a8ba30c67:c5046, 41e21bac-56c9-465a-a1cc-bc71b3ab473c:c5044, 2bfdf505-3a1f-44eb-9843-3820b2477da1:c5044]
2019-09-05 19:11:00,757 [grpc-default-executor-3] INFO  client.GrpcClientProtocolClient (GrpcClientProtocolClient.java:onNext(255)) - client-729EAB8E4297->a9cb8897-0d38-4c59-817a-d67a8ba30c67: receive RaftClientReply:client-729EAB8E4297->a9cb8897-0d38-4c59-817a-d67a8ba30c67@group-A55F67FDC954, cid=3330, SUCCESS, logIndex=5046, commits[a9cb8897-0d38-4c59-817a-d67a8ba30c67:c5046, 41e21bac-56c9-465a-a1cc-bc71b3ab473c:c5044, 2bfdf505-3a1f-44eb-9843-3820b2477da1:c5044]
2019-09-05 19:11:00,767 [grpc-default-executor-3] INFO  client.GrpcClientProtocolClient (GrpcClientProtocolClient.java:onNext(255)) - client-729EAB8E4297->a9cb8897-0d38-4c59-817a-d67a8ba30c67: receive RaftClientReply:client-729EAB8E4297->a9cb8897-0d38-4c59-817a-d67a8ba30c67@group-A55F67FDC954, cid=3331, SUCCESS, logIndex=5047, commits[a9cb8897-0d38-4c59-817a-d67a8ba30c67:c5048, 41e21bac-56c9-465a-a1cc-bc71b3ab473c:c5044, 2bfdf505-3a1f-44eb-9843-3820b2477da1:c5044]
2019-09-05 19:11:00,768 [grpc-default-executor-3] INFO  client.GrpcClientProtocolClient (GrpcClientProtocolClient.java:onNext(255)) - client-729EAB8E4297->a9cb8897-0d38-4c59-817a-d67a8ba30c67: receive RaftClientReply:client-729EAB8E4297->a9cb8897-0d38-4c59-817a-d67a8ba30c67@group-A55F67FDC954, cid=3332, SUCCESS, logIndex=5048, commits[a9cb8897-0d38-4c59-817a-d67a8ba30c67:c5048, 41e21bac-56c9-465a-a1cc-bc71b3ab473c:c5044, 2bfdf505-3a1f-44eb-9843-3820b2477da1:c5044]
2019-09-05 19:11:00,769 [grpc-default-executor-3] INFO  client.GrpcClientProtocolClient (GrpcClientProtocolClient.java:onNext(255)) - client-729EAB8E4297->a9cb8897-0d38-4c59-817a-d67a8ba30c67: receive RaftClientReply:client-729EAB8E4297->a9cb8897-0d38-4c59-817a-d67a8ba30c67@group-A55F67FDC954, cid=3333, SUCCESS, logIndex=0, commits[a9cb8897-0d38-4c59-817a-d67a8ba30c67:c5050, 41e21bac-56c9-465a-a1cc-bc71b3ab473c:c5046, 2bfdf505-3a1f-44eb-9843-3820b2477da1:c5046]
2019-09-05 19:11:00,794 [grpc-default-executor-1] INFO  client.GrpcClientProtocolClient (GrpcClientProtocolClient.java:onNext(255)) - client-729EAB8E4297->a9cb8897-0d38-4c59-817a-d67a8ba30c67: receive RaftClientReply:client-729EAB8E4297->a9cb8897-0d38-4c59-817a-d67a8ba30c67@group-A55F67FDC954, cid=3334, SUCCESS, logIndex=5053, commits[a9cb8897-0d38-4c59-817a-d67a8ba30c67:c5054, 41e21bac-56c9-465a-a1cc-bc71b3ab473c:c5050, 2bfdf505-3a1f-44eb-9843-3820b2477da1:c5048]
2019-09-05 19:11:00,795 [grpc-default-executor-1] INFO  client.GrpcClientProtocolClient (GrpcClientProtocolClient.java:onNext(255)) - client-729EAB8E4297->a9cb8897-0d38-4c59-817a-d67a8ba30c67: receive RaftClientReply:client-729EAB8E4297->a9cb8897-0d38-4c59-817a-d67a8ba30c67@group-A55F67FDC954, cid=3335, SUCCESS, logIndex=5054, commits[a9cb8897-0d38-4c59-817a-d67a8ba30c67:c5054, 41e21bac-56c9-465a-a1cc-bc71b3ab473c:c5050, 2bfdf505-3a1f-44eb-9843-3820b2477da1:c5050]
2019-09-05 19:11:00,819 [grpc-default-executor-3] INFO  client.GrpcClientProtocolClient (GrpcClientProtocolClient.java:onNext(255)) - client-729EAB8E4297->a9cb8897-0d38-4c59-817a-d67a8ba30c67: receive RaftClientReply:client-729EAB8E4297->a9cb8897-0d38-4c59-817a-d67a8ba30c67@group-A55F67FDC954, cid=3336, SUCCESS, logIndex=5057, commits[a9cb8897-0d38-4c59-817a-d67a8ba30c67:c5058, 41e21bac-56c9-465a-a1cc-bc71b3ab473c:c5054, 2bfdf505-3a1f-44eb-9843-3820b2477da1:c5054]
2019-09-05 19:11:00,819 [grpc-default-executor-3] INFO  client.GrpcClientProtocolClient (GrpcClientProtocolClient.java:onNext(255)) - client-729EAB8E4297->a9cb8897-0d38-4c59-817a-d67a8ba30c67: receive RaftClientReply:client-729EAB8E4297->a9cb8897-0d38-4c59-817a-d67a8ba30c67@group-A55F67FDC954, cid=3337, SUCCESS, logIndex=5058, commits[a9cb8897-0d38-4c59-817a-d67a8ba30c67:c5058, 41e21bac-56c9-465a-a1cc-bc71b3ab473c:c5054, 2bfdf505-3a1f-44eb-9843-3820b2477da1:c5054]
2019-09-05 19:11:00,831 [grpc-default-executor-3] INFO  client.GrpcClientProtocolClient (GrpcClientProtocolClient.java:onNext(255)) - client-729EAB8E4297->a9cb8897-0d38-4c59-817a-d67a8ba30c67: receive RaftClientReply:client-729EAB8E4297->a9cb8897-0d38-4c59-817a-d67a8ba30c67@group-A55F67FDC954, cid=3338, SUCCESS, logIndex=0, commits[a9cb8897-0d38-4c59-817a-d67a8ba30c67:c5059, 41e21bac-56c9-465a-a1cc-bc71b3ab473c:c5058, 2bfdf505-3a1f-44eb-9843-3820b2477da1:c5058]
2019-09-05 19:11:00,865 [grpc-default-executor-1] INFO  client.GrpcClientProtocolClient (GrpcClientProtocolClient.java:onNext(255)) - client-729EAB8E4297->a9cb8897-0d38-4c59-817a-d67a8ba30c67: receive RaftClientReply:client-729EAB8E4297->a9cb8897-0d38-4c59-817a-d67a8ba30c67@group-A55F67FDC954, cid=3339, SUCCESS, logIndex=5061, commits[a9cb8897-0d38-4c59-817a-d67a8ba30c67:c5062, 41e21bac-56c9-465a-a1cc-bc71b3ab473c:c5060, 2bfdf505-3a1f-44eb-9843-3820b2477da1:c5060]
2019-09-05 19:11:00,865 [grpc-default-executor-1] INFO  client.GrpcClientProtocolClient (GrpcClientProtocolClient.java:onNext(255)) - client-729EAB8E4297->a9cb8897-0d38-4c59-817a-d67a8ba30c67: receive RaftClientReply:client-729EAB8E4297->a9cb8897-0d38-4c59-817a-d67a8ba30c67@group-A55F67FDC954, cid=3340, SUCCESS, logIndex=5062, commits[a9cb8897-0d38-4c59-817a-d67a8ba30c67:c5062, 41e21bac-56c9-465a-a1cc-bc71b3ab473c:c5060, 2bfdf505-3a1f-44eb-9843-3820b2477da1:c5060]
2019-09-05 19:11:00,867 [grpc-default-executor-1] INFO  client.GrpcClientProtocolClient (GrpcClientProtocolClient.java:onNext(255)) - client-729EAB8E4297->a9cb8897-0d38-4c59-817a-d67a8ba30c67: receive RaftClientReply:client-729EAB8E4297->a9cb8897-0d38-4c59-817a-d67a8ba30c67@group-A55F67FDC954, cid=3341, SUCCESS, logIndex=5063, commits[a9cb8897-0d38-4c59-817a-d67a8ba30c67:c5064, 41e21bac-56c9-465a-a1cc-bc71b3ab473c:c5060, 2bfdf505-3a1f-44eb-9843-3820b2477da1:c5060]
2019-09-05 19:11:00,867 [grpc-default-executor-1] INFO  client.GrpcClientProtocolClient (GrpcClientProtocolClient.java:onNext(255)) - client-729EAB8E4297->a9cb8897-0d38-4c59-817a-d67a8ba30c67: receive RaftClientReply:client-729EAB8E4297->a9cb8897-0d38-4c59-817a-d67a8ba30c67@group-A55F67FDC954, cid=3342, SUCCESS, logIndex=5064, commits[a9cb8897-0d38-4c59-817a-d67a8ba30c67:c5064, 41e21bac-56c9-465a-a1cc-bc71b3ab473c:c5060, 2bfdf505-3a1f-44eb-9843-3820b2477da1:c5060]
2019-09-05 19:11:00,878 [grpc-default-executor-1] INFO  client.GrpcClientProtocolClient (GrpcClientProtocolClient.java:onNext(255)) - client-729EAB8E4297->a9cb8897-0d38-4c59-817a-d67a8ba30c67: receive RaftClientReply:client-729EAB8E4297->a9cb8897-0d38-4c59-817a-d67a8ba30c67@group-A55F67FDC954, cid=3343, SUCCESS, logIndex=0, commits[a9cb8897-0d38-4c59-817a-d67a8ba30c67:c5066, 41e21bac-56c9-465a-a1cc-bc71b3ab473c:c5062, 2bfdf505-3a1f-44eb-9843-3820b2477da1:c5062]
2019-09-05 19:11:00,897 [grpc-default-executor-1] INFO  client.GrpcClientProtocolClient (GrpcClientProtocolClient.java:onNext(255)) - client-729EAB8E4297->a9cb8897-0d38-4c59-817a-d67a8ba30c67: receive RaftClientReply:client-729EAB8E4297->a9cb8897-0d38-4c59-817a-d67a8ba30c67@group-A55F67FDC954, cid=3344, SUCCESS, logIndex=5069, commits[a9cb8897-0d38-4c59-817a-d67a8ba30c67:c5070, 41e21bac-56c9-465a-a1cc-bc71b3ab473c:c5064, 2bfdf505-3a1f-44eb-9843-3820b2477da1:c5068]
2019-09-05 19:11:00,897 [grpc-default-executor-1] INFO  client.GrpcClientProtocolClient (GrpcClientProtocolClient.java:onNext(255)) - client-729EAB8E4297->a9cb8897-0d38-4c59-817a-d67a8ba30c67: receive RaftClientReply:client-729EAB8E4297->a9cb8897-0d38-4c59-817a-d67a8ba30c67@group-A55F67FDC954, cid=3345, SUCCESS, logIndex=5070, commits[a9cb8897-0d38-4c59-817a-d67a8ba30c67:c5070, 41e21bac-56c9-465a-a1cc-bc71b3ab473c:c5068, 2bfdf505-3a1f-44eb-9843-3820b2477da1:c5068]
2019-09-05 19:11:00,916 [grpc-default-executor-3] INFO  client.GrpcClientProtocolClient (GrpcClientProtocolClient.java:onNext(255)) - client-729EAB8E4297->a9cb8897-0d38-4c59-817a-d67a8ba30c67: receive RaftClientReply:client-729EAB8E4297->a9cb8897-0d38-4c59-817a-d67a8ba30c67@group-A55F67FDC954, cid=3346, SUCCESS, logIndex=5073, commits[a9cb8897-0d38-4c59-817a-d67a8ba30c67:c5073, 41e21bac-56c9-465a-a1cc-bc71b3ab473c:c5072, 2bfdf505-3a1f-44eb-9843-3820b2477da1:c5070]
2019-09-05 19:11:00,917 [grpc-default-executor-3] INFO  client.GrpcClientProtocolClient (GrpcClientProtocolClient.java:onNext(255)) - client-729EAB8E4297->a9cb8897-0d38-4c59-817a-d67a8ba30c67: receive RaftClientReply:client-729EAB8E4297->a9cb8897-0d38-4c59-817a-d67a8ba30c67@group-A55F67FDC954, cid=3347, SUCCESS, logIndex=5074, commits[a9cb8897-0d38-4c59-817a-d67a8ba30c67:c5074, 41e21bac-56c9-465a-a1cc-bc71b3ab473c:c5072, 2bfdf505-3a1f-44eb-9843-3820b2477da1:c5072]
2019-09-05 19:11:00,920 [grpc-default-executor-3] INFO  client.GrpcClientProtocolClient (GrpcClientProtocolClient.java:onNext(255)) - client-729EAB8E4297->a9cb8897-0d38-4c59-817a-d67a8ba30c67: receive RaftClientReply:client-729EAB8E4297->a9cb8897-0d38-4c59-817a-d67a8ba30c67@group-A55F67FDC954, cid=3348, SUCCESS, logIndex=0, commits[a9cb8897-0d38-4c59-817a-d67a8ba30c67:c5076, 41e21bac-56c9-465a-a1cc-bc71b3ab473c:c5074, 2bfdf505-3a1f-44eb-9843-3820b2477da1:c5074]
2019-09-05 19:11:00,971 [grpc-default-executor-2] INFO  client.GrpcClientProtocolClient (GrpcClientProtocolClient.java:onNext(255)) - client-729EAB8E4297->a9cb8897-0d38-4c59-817a-d67a8ba30c67: receive RaftClientReply:client-729EAB8E4297->a9cb8897-0d38-4c59-817a-d67a8ba30c67@group-A55F67FDC954, cid=3349, SUCCESS, logIndex=5077, commits[a9cb8897-0d38-4c59-817a-d67a8ba30c67:c5079, 41e21bac-56c9-465a-a1cc-bc71b3ab473c:c5076, 2bfdf505-3a1f-44eb-9843-3820b2477da1:c5076]
2019-09-05 19:11:00,973 [grpc-default-executor-3] INFO  client.GrpcClientProtocolClient (GrpcClientProtocolClient.java:onNext(255)) - client-729EAB8E4297->a9cb8897-0d38-4c59-817a-d67a8ba30c67: receive RaftClientReply:client-729EAB8E4297->a9cb8897-0d38-4c59-817a-d67a8ba30c67@group-A55F67FDC954, cid=3350, SUCCESS, logIndex=5078, commits[a9cb8897-0d38-4c59-817a-d67a8ba30c67:c5080, 41e21bac-56c9-465a-a1cc-bc71b3ab473c:c5076, 2bfdf505-3a1f-44eb-9843-3820b2477da1:c5076]
2019-09-05 19:11:00,974 [grpc-default-executor-3] INFO  client.GrpcClientProtocolClient (GrpcClientProtocolClient.java:onNext(255)) - client-729EAB8E4297->a9cb8897-0d38-4c59-817a-d67a8ba30c67: receive RaftClientReply:client-729EAB8E4297->a9cb8897-0d38-4c59-817a-d67a8ba30c67@group-A55F67FDC954, cid=3351, SUCCESS, logIndex=5079, commits[a9cb8897-0d38-4c59-817a-d67a8ba30c67:c5080, 41e21bac-56c9-465a-a1cc-bc71b3ab473c:c5076, 2bfdf505-3a1f-44eb-9843-3820b2477da1:c5076]
2019-09-05 19:11:00,974 [grpc-default-executor-3] INFO  client.GrpcClientProtocolClient (GrpcClientProtocolClient.java:onNext(255)) - client-729EAB8E4297->a9cb8897-0d38-4c59-817a-d67a8ba30c67: receive RaftClientReply:client-729EAB8E4297->a9cb8897-0d38-4c59-817a-d67a8ba30c67@group-A55F67FDC954, cid=3352, SUCCESS, logIndex=5080, commits[a9cb8897-0d38-4c59-817a-d67a8ba30c67:c5080, 41e21bac-56c9-465a-a1cc-bc71b3ab473c:c5076, 2bfdf505-3a1f-44eb-9843-3820b2477da1:c5076]
2019-09-05 19:11:00,975 [grpc-default-executor-3] INFO  client.GrpcClientProtocolClient (GrpcClientProtocolClient.java:onNext(255)) - client-729EAB8E4297->a9cb8897-0d38-4c59-817a-d67a8ba30c67: receive RaftClientReply:client-729EAB8E4297->a9cb8897-0d38-4c59-817a-d67a8ba30c67@group-A55F67FDC954, cid=3353, SUCCESS, logIndex=0, commits[a9cb8897-0d38-4c59-817a-d67a8ba30c67:c5084, 41e21bac-56c9-465a-a1cc-bc71b3ab473c:c5080, 2bfdf505-3a1f-44eb-9843-3820b2477da1:c5080]
2019-09-05 19:11:00,997 [grpc-default-executor-2] INFO  client.GrpcClientProtocolClient (GrpcClientProtocolClient.java:onNext(255)) - client-729EAB8E4297->a9cb8897-0d38-4c59-817a-d67a8ba30c67: receive RaftClientReply:client-729EAB8E4297->a9cb8897-0d38-4c59-817a-d67a8ba30c67@group-A55F67FDC954, cid=3354, SUCCESS, logIndex=5085, commits[a9cb8897-0d38-4c59-817a-d67a8ba30c67:c5086, 41e21bac-56c9-465a-a1cc-bc71b3ab473c:c5084, 2bfdf505-3a1f-44eb-9843-3820b2477da1:c5080]
2019-09-05 19:11:00,997 [grpc-default-executor-2] INFO  client.GrpcClientProtocolClient (GrpcClientProtocolClient.java:onNext(255)) - client-729EAB8E4297->a9cb8897-0d38-4c59-817a-d67a8ba30c67: receive RaftClientReply:client-729EAB8E4297->a9cb8897-0d38-4c59-817a-d67a8ba30c67@group-A55F67FDC954, cid=3355, SUCCESS, logIndex=5086, commits[a9cb8897-0d38-4c59-817a-d67a8ba30c67:c5086, 41e21bac-56c9-465a-a1cc-bc71b3ab473c:c5084, 2bfdf505-3a1f-44eb-9843-3820b2477da1:c5080]
2019-09-05 19:11:01,022 [grpc-default-executor-2] INFO  client.GrpcClientProtocolClient (GrpcClientProtocolClient.java:onNext(255)) - client-729EAB8E4297->a9cb8897-0d38-4c59-817a-d67a8ba30c67: receive RaftClientReply:client-729EAB8E4297->a9cb8897-0d38-4c59-817a-d67a8ba30c67@group-A55F67FDC954, cid=3356, SUCCESS, logIndex=5089, commits[a9cb8897-0d38-4c59-817a-d67a8ba30c67:c5090, 41e21bac-56c9-465a-a1cc-bc71b3ab473c:c5086, 2bfdf505-3a1f-44eb-9843-3820b2477da1:c5086]
2019-09-05 19:11:01,022 [grpc-default-executor-2] INFO  client.GrpcClientProtocolClient (GrpcClientProtocolClient.java:onNext(255)) - client-729EAB8E4297->a9cb8897-0d38-4c59-817a-d67a8ba30c67: receive RaftClientReply:client-729EAB8E4297->a9cb8897-0d38-4c59-817a-d67a8ba30c67@group-A55F67FDC954, cid=3357, SUCCESS, logIndex=5090, commits[a9cb8897-0d38-4c59-817a-d67a8ba30c67:c5090, 41e21bac-56c9-465a-a1cc-bc71b3ab473c:c5086, 2bfdf505-3a1f-44eb-9843-3820b2477da1:c5086]
2019-09-05 19:11:01,026 [grpc-default-executor-0] INFO  client.GrpcClientProtocolClient (GrpcClientProtocolClient.java:onNext(255)) - client-729EAB8E4297->a9cb8897-0d38-4c59-817a-d67a8ba30c67: receive RaftClientReply:client-729EAB8E4297->a9cb8897-0d38-4c59-817a-d67a8ba30c67@group-A55F67FDC954, cid=3358, SUCCESS, logIndex=0, commits[a9cb8897-0d38-4c59-817a-d67a8ba30c67:c5091, 41e21bac-56c9-465a-a1cc-bc71b3ab473c:c5090, 2bfdf505-3a1f-44eb-9843-3820b2477da1:c5090]
 0.00% |█                                                                                                    |  0/1 Time: 0:00:352019-09-05 19:11:01,757 [grpc-default-executor-2] INFO  client.GrpcClientProtocolClient (GrpcClientProtocolClient.java:onNext(255)) - client-729EAB8E4297->a9cb8897-0d38-4c59-817a-d67a8ba30c67: receive RaftClientReply:client-729EAB8E4297->a9cb8897-0d38-4c59-817a-d67a8ba30c67@group-A55F67FDC954, cid=3359, SUCCESS, logIndex=5093, commits[a9cb8897-0d38-4c59-817a-d67a8ba30c67:c5094, 41e21bac-56c9-465a-a1cc-bc71b3ab473c:c5092, 2bfdf505-3a1f-44eb-9843-3820b2477da1:c5092]
2019-09-05 19:11:01,757 [grpc-default-executor-2] INFO  client.GrpcClientProtocolClient (GrpcClientProtocolClient.java:onNext(255)) - client-729EAB8E4297->a9cb8897-0d38-4c59-817a-d67a8ba30c67: receive RaftClientReply:client-729EAB8E4297->a9cb8897-0d38-4c59-817a-d67a8ba30c67@group-A55F67FDC954, cid=3360, SUCCESS, logIndex=5094, commits[a9cb8897-0d38-4c59-817a-d67a8ba30c67:c5096, 41e21bac-56c9-465a-a1cc-bc71b3ab473c:c5092, 2bfdf505-3a1f-44eb-9843-3820b2477da1:c5092]
2019-09-05 19:11:01,758 [grpc-default-executor-2] INFO  client.GrpcClientProtocolClient (GrpcClientProtocolClient.java:onNext(255)) - client-729EAB8E4297->a9cb8897-0d38-4c59-817a-d67a8ba30c67: receive RaftClientReply:client-729EAB8E4297->a9cb8897-0d38-4c59-817a-d67a8ba30c67@group-A55F67FDC954, cid=3361, SUCCESS, logIndex=5095, commits[a9cb8897-0d38-4c59-817a-d67a8ba30c67:c5096, 41e21bac-56c9-465a-a1cc-bc71b3ab473c:c5092, 2bfdf505-3a1f-44eb-9843-3820b2477da1:c5092]
2019-09-05 19:11:01,758 [grpc-default-executor-0] INFO  client.GrpcClientProtocolClient (GrpcClientProtocolClient.java:onNext(255)) - client-729EAB8E4297->a9cb8897-0d38-4c59-817a-d67a8ba30c67: receive RaftClientReply:client-729EAB8E4297->a9cb8897-0d38-4c59-817a-d67a8ba30c67@group-A55F67FDC954, cid=3362, SUCCESS, logIndex=5096, commits[a9cb8897-0d38-4c59-817a-d67a8ba30c67:c5097, 41e21bac-56c9-465a-a1cc-bc71b3ab473c:c5094, 2bfdf505-3a1f-44eb-9843-3820b2477da1:c5092]
2019-09-05 19:11:01,760 [grpc-default-executor-2] INFO  client.GrpcClientProtocolClient (GrpcClientProtocolClient.java:onNext(255)) - client-729EAB8E4297->a9cb8897-0d38-4c59-817a-d67a8ba30c67: receive RaftClientReply:client-729EAB8E4297->a9cb8897-0d38-4c59-817a-d67a8ba30c67@group-A55F67FDC954, cid=3363, SUCCESS, logIndex=0, commits[a9cb8897-0d38-4c59-817a-d67a8ba30c67:c5100, 41e21bac-56c9-465a-a1cc-bc71b3ab473c:c5096, 2bfdf505-3a1f-44eb-9843-3820b2477da1:c5095]
2019-09-05 19:11:01,780 [grpc-default-executor-3] INFO  client.GrpcClientProtocolClient (GrpcClientProtocolClient.java:onNext(255)) - client-729EAB8E4297->a9cb8897-0d38-4c59-817a-d67a8ba30c67: receive RaftClientReply:client-729EAB8E4297->a9cb8897-0d38-4c59-817a-d67a8ba30c67@group-A55F67FDC954, cid=3364, SUCCESS, logIndex=5101, commits[a9cb8897-0d38-4c59-817a-d67a8ba30c67:c5102, 41e21bac-56c9-465a-a1cc-bc71b3ab473c:c5100, 2bfdf505-3a1f-44eb-9843-3820b2477da1:c5100]
2019-09-05 19:11:01,780 [grpc-default-executor-3] INFO  client.GrpcClientProtocolClient (GrpcClientProtocolClient.java:onNext(255)) - client-729EAB8E4297->a9cb8897-0d38-4c59-817a-d67a8ba30c67: receive RaftClientReply:client-729EAB8E4297->a9cb8897-0d38-4c59-817a-d67a8ba30c67@group-A55F67FDC954, cid=3365, SUCCESS, logIndex=5102, commits[a9cb8897-0d38-4c59-817a-d67a8ba30c67:c5102, 41e21bac-56c9-465a-a1cc-bc71b3ab473c:c5100, 2bfdf505-3a1f-44eb-9843-3820b2477da1:c5100]
2019-09-05 19:11:01,805 [grpc-default-executor-2] INFO  client.GrpcClientProtocolClient (GrpcClientProtocolClient.java:onNext(255)) - client-729EAB8E4297->a9cb8897-0d38-4c59-817a-d67a8ba30c67: receive RaftClientReply:client-729EAB8E4297->a9cb8897-0d38-4c59-817a-d67a8ba30c67@group-A55F67FDC954, cid=3366, SUCCESS, logIndex=5105, commits[a9cb8897-0d38-4c59-817a-d67a8ba30c67:c5106, 41e21bac-56c9-465a-a1cc-bc71b3ab473c:c5102, 2bfdf505-3a1f-44eb-9843-3820b2477da1:c5102]
2019-09-05 19:11:01,805 [grpc-default-executor-2] INFO  client.GrpcClientProtocolClient (GrpcClientProtocolClient.java:onNext(255)) - client-729EAB8E4297->a9cb8897-0d38-4c59-817a-d67a8ba30c67: receive RaftClientReply:client-729EAB8E4297->a9cb8897-0d38-4c59-817a-d67a8ba30c67@group-A55F67FDC954, cid=3367, SUCCESS, logIndex=5106, commits[a9cb8897-0d38-4c59-817a-d67a8ba30c67:c5106, 41e21bac-56c9-465a-a1cc-bc71b3ab473c:c5102, 2bfdf505-3a1f-44eb-9843-3820b2477da1:c5102]
2019-09-05 19:11:01,819 [grpc-default-executor-2] INFO  client.GrpcClientProtocolClient (GrpcClientProtocolClient.java:onNext(255)) - client-729EAB8E4297->a9cb8897-0d38-4c59-817a-d67a8ba30c67: receive RaftClientReply:client-729EAB8E4297->a9cb8897-0d38-4c59-817a-d67a8ba30c67@group-A55F67FDC954, cid=3368, SUCCESS, logIndex=0, commits[a9cb8897-0d38-4c59-817a-d67a8ba30c67:c5108, 41e21bac-56c9-465a-a1cc-bc71b3ab473c:c5106, 2bfdf505-3a1f-44eb-9843-3820b2477da1:c5106]
2019-09-05 19:11:01,855 [grpc-default-executor-3] INFO  client.GrpcClientProtocolClient (GrpcClientProtocolClient.java:onNext(255)) - client-729EAB8E4297->a9cb8897-0d38-4c59-817a-d67a8ba30c67: receive RaftClientReply:client-729EAB8E4297->a9cb8897-0d38-4c59-817a-d67a8ba30c67@group-A55F67FDC954, cid=3369, SUCCESS, logIndex=5109, commits[a9cb8897-0d38-4c59-817a-d67a8ba30c67:c5110, 41e21bac-56c9-465a-a1cc-bc71b3ab473c:c5108, 2bfdf505-3a1f-44eb-9843-3820b2477da1:c5108]
2019-09-05 19:11:01,855 [grpc-default-executor-3] INFO  client.GrpcClientProtocolClient (GrpcClientProtocolClient.java:onNext(255)) - client-729EAB8E4297->a9cb8897-0d38-4c59-817a-d67a8ba30c67: receive RaftClientReply:client-729EAB8E4297->a9cb8897-0d38-4c59-817a-d67a8ba30c67@group-A55F67FDC954, cid=3370, SUCCESS, logIndex=5110, commits[a9cb8897-0d38-4c59-817a-d67a8ba30c67:c5111, 41e21bac-56c9-465a-a1cc-bc71b3ab473c:c5108, 2bfdf505-3a1f-44eb-9843-3820b2477da1:c5108]
2019-09-05 19:11:01,855 [grpc-default-executor-3] INFO  client.GrpcClientProtocolClient (GrpcClientProtocolClient.java:onNext(255)) - client-729EAB8E4297->a9cb8897-0d38-4c59-817a-d67a8ba30c67: receive RaftClientReply:client-729EAB8E4297->a9cb8897-0d38-4c59-817a-d67a8ba30c67@group-A55F67FDC954, cid=3371, SUCCESS, logIndex=5111, commits[a9cb8897-0d38-4c59-817a-d67a8ba30c67:c5111, 41e21bac-56c9-465a-a1cc-bc71b3ab473c:c5108, 2bfdf505-3a1f-44eb-9843-3820b2477da1:c5108]
2019-09-05 19:11:01,856 [grpc-default-executor-3] INFO  client.GrpcClientProtocolClient (GrpcClientProtocolClient.java:onNext(255)) - client-729EAB8E4297->a9cb8897-0d38-4c59-817a-d67a8ba30c67: receive RaftClientReply:client-729EAB8E4297->a9cb8897-0d38-4c59-817a-d67a8ba30c67@group-A55F67FDC954, cid=3372, SUCCESS, logIndex=5112, commits[a9cb8897-0d38-4c59-817a-d67a8ba30c67:c5112, 41e21bac-56c9-465a-a1cc-bc71b3ab473c:c5108, 2bfdf505-3a1f-44eb-9843-3820b2477da1:c5108]
2019-09-05 19:11:01,868 [grpc-default-executor-0] INFO  client.GrpcClientProtocolClient (GrpcClientProtocolClient.java:onNext(255)) - client-729EAB8E4297->a9cb8897-0d38-4c59-817a-d67a8ba30c67: receive RaftClientReply:client-729EAB8E4297->a9cb8897-0d38-4c59-817a-d67a8ba30c67@group-A55F67FDC954, cid=3373, SUCCESS, logIndex=0, commits[a9cb8897-0d38-4c59-817a-d67a8ba30c67:c5114, 41e21bac-56c9-465a-a1cc-bc71b3ab473c:c5110, 2bfdf505-3a1f-44eb-9843-3820b2477da1:c5110]
2019-09-05 19:11:01,887 [grpc-default-executor-2] INFO  client.GrpcClientProtocolClient (GrpcClientProtocolClient.java:onNext(255)) - client-729EAB8E4297->a9cb8897-0d38-4c59-817a-d67a8ba30c67: receive RaftClientReply:client-729EAB8E4297->a9cb8897-0d38-4c59-817a-d67a8ba30c67@group-A55F67FDC954, cid=3374, SUCCESS, logIndex=5117, commits[a9cb8897-0d38-4c59-817a-d67a8ba30c67:c5118, 41e21bac-56c9-465a-a1cc-bc71b3ab473c:c5116, 2bfdf505-3a1f-44eb-9843-3820b2477da1:c5116]
2019-09-05 19:11:01,888 [grpc-default-executor-2] INFO  client.GrpcClientProtocolClient (GrpcClientProtocolClient.java:onNext(255)) - client-729EAB8E4297->a9cb8897-0d38-4c59-817a-d67a8ba30c67: receive RaftClientReply:client-729EAB8E4297->a9cb8897-0d38-4c59-817a-d67a8ba30c67@group-A55F67FDC954, cid=3375, SUCCESS, logIndex=5118, commits[a9cb8897-0d38-4c59-817a-d67a8ba30c67:c5118, 41e21bac-56c9-465a-a1cc-bc71b3ab473c:c5116, 2bfdf505-3a1f-44eb-9843-3820b2477da1:c5116]
2019-09-05 19:11:01,902 [grpc-default-executor-2] INFO  client.GrpcClientProtocolClient (GrpcClientProtocolClient.java:onNext(255)) - client-729EAB8E4297->a9cb8897-0d38-4c59-817a-d67a8ba30c67: receive RaftClientReply:client-729EAB8E4297->a9cb8897-0d38-4c59-817a-d67a8ba30c67@group-A55F67FDC954, cid=3376, SUCCESS, logIndex=5121, commits[a9cb8897-0d38-4c59-817a-d67a8ba30c67:c5121, 41e21bac-56c9-465a-a1cc-bc71b3ab473c:c5118, 2bfdf505-3a1f-44eb-9843-3820b2477da1:c5118]
2019-09-05 19:11:01,902 [grpc-default-executor-2] INFO  client.GrpcClientProtocolClient (GrpcClientProtocolClient.java:onNext(255)) - client-729EAB8E4297->a9cb8897-0d38-4c59-817a-d67a8ba30c67: receive RaftClientReply:client-729EAB8E4297->a9cb8897-0d38-4c59-817a-d67a8ba30c67@group-A55F67FDC954, cid=3377, SUCCESS, logIndex=5122, commits[a9cb8897-0d38-4c59-817a-d67a8ba30c67:c5122, 41e21bac-56c9-465a-a1cc-bc71b3ab473c:c5118, 2bfdf505-3a1f-44eb-9843-3820b2477da1:c5118]
2019-09-05 19:11:01,915 [grpc-default-executor-0] INFO  client.GrpcClientProtocolClient (GrpcClientProtocolClient.java:onNext(255)) - client-729EAB8E4297->a9cb8897-0d38-4c59-817a-d67a8ba30c67: receive RaftClientReply:client-729EAB8E4297->a9cb8897-0d38-4c59-817a-d67a8ba30c67@group-A55F67FDC954, cid=3378, SUCCESS, logIndex=0, commits[a9cb8897-0d38-4c59-817a-d67a8ba30c67:c5124, 41e21bac-56c9-465a-a1cc-bc71b3ab473c:c5122, 2bfdf505-3a1f-44eb-9843-3820b2477da1:c5122]
2019-09-05 19:11:01,948 [grpc-default-executor-0] INFO  client.GrpcClientProtocolClient (GrpcClientProtocolClient.java:onNext(255)) - client-729EAB8E4297->a9cb8897-0d38-4c59-817a-d67a8ba30c67: receive RaftClientReply:client-729EAB8E4297->a9cb8897-0d38-4c59-817a-d67a8ba30c67@group-A55F67FDC954, cid=3379, SUCCESS, logIndex=5125, commits[a9cb8897-0d38-4c59-817a-d67a8ba30c67:c5127, 41e21bac-56c9-465a-a1cc-bc71b3ab473c:c5124, 2bfdf505-3a1f-44eb-9843-3820b2477da1:c5124]
2019-09-05 19:11:01,949 [grpc-default-executor-0] INFO  client.GrpcClientProtocolClient (GrpcClientProtocolClient.java:onNext(255)) - client-729EAB8E4297->a9cb8897-0d38-4c59-817a-d67a8ba30c67: receive RaftClientReply:client-729EAB8E4297->a9cb8897-0d38-4c59-817a-d67a8ba30c67@group-A55F67FDC954, cid=3380, SUCCESS, logIndex=5126, commits[a9cb8897-0d38-4c59-817a-d67a8ba30c67:c5128, 41e21bac-56c9-465a-a1cc-bc71b3ab473c:c5124, 2bfdf505-3a1f-44eb-9843-3820b2477da1:c5124]
2019-09-05 19:11:01,949 [grpc-default-executor-0] INFO  client.GrpcClientProtocolClient (GrpcClientProtocolClient.java:onNext(255)) - client-729EAB8E4297->a9cb8897-0d38-4c59-817a-d67a8ba30c67: receive RaftClientReply:client-729EAB8E4297->a9cb8897-0d38-4c59-817a-d67a8ba30c67@group-A55F67FDC954, cid=3381, SUCCESS, logIndex=5127, commits[a9cb8897-0d38-4c59-817a-d67a8ba30c67:c5128, 41e21bac-56c9-465a-a1cc-bc71b3ab473c:c5124, 2bfdf505-3a1f-44eb-9843-3820b2477da1:c5124]
2019-09-05 19:11:01,949 [grpc-default-executor-0] INFO  client.GrpcClientProtocolClient (GrpcClientProtocolClient.java:onNext(255)) - client-729EAB8E4297->a9cb8897-0d38-4c59-817a-d67a8ba30c67: receive RaftClientReply:client-729EAB8E4297->a9cb8897-0d38-4c59-817a-d67a8ba30c67@group-A55F67FDC954, cid=3382, SUCCESS, logIndex=5128, commits[a9cb8897-0d38-4c59-817a-d67a8ba30c67:c5128, 41e21bac-56c9-465a-a1cc-bc71b3ab473c:c5124, 2bfdf505-3a1f-44eb-9843-3820b2477da1:c5124]
2019-09-05 19:11:01,951 [grpc-default-executor-0] INFO  client.GrpcClientProtocolClient (GrpcClientProtocolClient.java:onNext(255)) - client-729EAB8E4297->a9cb8897-0d38-4c59-817a-d67a8ba30c67: receive RaftClientReply:client-729EAB8E4297->a9cb8897-0d38-4c59-817a-d67a8ba30c67@group-A55F67FDC954, cid=3383, SUCCESS, logIndex=0, commits[a9cb8897-0d38-4c59-817a-d67a8ba30c67:c5129, 41e21bac-56c9-465a-a1cc-bc71b3ab473c:c5126, 2bfdf505-3a1f-44eb-9843-3820b2477da1:c5126]
2019-09-05 19:11:01,962 [grpc-default-executor-2] INFO  client.GrpcClientProtocolClient (GrpcClientProtocolClient.java:onNext(255)) - client-729EAB8E4297->a9cb8897-0d38-4c59-817a-d67a8ba30c67: receive RaftClientReply:client-729EAB8E4297->a9cb8897-0d38-4c59-817a-d67a8ba30c67@group-A55F67FDC954, cid=3384, SUCCESS, logIndex=5133, commits[a9cb8897-0d38-4c59-817a-d67a8ba30c67:c5134, 41e21bac-56c9-465a-a1cc-bc71b3ab473c:c5128, 2bfdf505-3a1f-44eb-9843-3820b2477da1:c5132]
2019-09-05 19:11:01,962 [grpc-default-executor-2] INFO  client.GrpcClientProtocolClient (GrpcClientProtocolClient.java:onNext(255)) - client-729EAB8E4297->a9cb8897-0d38-4c59-817a-d67a8ba30c67: receive RaftClientReply:client-729EAB8E4297->a9cb8897-0d38-4c59-817a-d67a8ba30c67@group-A55F67FDC954, cid=3385, SUCCESS, logIndex=5134, commits[a9cb8897-0d38-4c59-817a-d67a8ba30c67:c5134, 41e21bac-56c9-465a-a1cc-bc71b3ab473c:c5132, 2bfdf505-3a1f-44eb-9843-3820b2477da1:c5132]
2019-09-05 19:11:01,973 [grpc-default-executor-3] INFO  client.GrpcClientProtocolClient (GrpcClientProtocolClient.java:onNext(255)) - client-729EAB8E4297->a9cb8897-0d38-4c59-817a-d67a8ba30c67: receive RaftClientReply:client-729EAB8E4297->a9cb8897-0d38-4c59-817a-d67a8ba30c67@group-A55F67FDC954, cid=3386, SUCCESS, logIndex=5137, commits[a9cb8897-0d38-4c59-817a-d67a8ba30c67:c5138, 41e21bac-56c9-465a-a1cc-bc71b3ab473c:c5134, 2bfdf505-3a1f-44eb-9843-3820b2477da1:c5136]
2019-09-05 19:11:01,973 [grpc-default-executor-3] INFO  client.GrpcClientProtocolClient (GrpcClientProtocolClient.java:onNext(255)) - client-729EAB8E4297->a9cb8897-0d38-4c59-817a-d67a8ba30c67: receive RaftClientReply:client-729EAB8E4297->a9cb8897-0d38-4c59-817a-d67a8ba30c67@group-A55F67FDC954, cid=3387, SUCCESS, logIndex=5138, commits[a9cb8897-0d38-4c59-817a-d67a8ba30c67:c5138, 41e21bac-56c9-465a-a1cc-bc71b3ab473c:c5136, 2bfdf505-3a1f-44eb-9843-3820b2477da1:c5136]
2019-09-05 19:11:01,974 [grpc-default-executor-3] INFO  client.GrpcClientProtocolClient (GrpcClientProtocolClient.java:onNext(255)) - client-729EAB8E4297->a9cb8897-0d38-4c59-817a-d67a8ba30c67: receive RaftClientReply:client-729EAB8E4297->a9cb8897-0d38-4c59-817a-d67a8ba30c67@group-A55F67FDC954, cid=3388, SUCCESS, logIndex=0, commits[a9cb8897-0d38-4c59-817a-d67a8ba30c67:c5139, 41e21bac-56c9-465a-a1cc-bc71b3ab473c:c5138, 2bfdf505-3a1f-44eb-9843-3820b2477da1:c5138]
2019-09-05 19:11:01,996 [grpc-default-executor-3] INFO  client.GrpcClientProtocolClient (GrpcClientProtocolClient.java:onNext(255)) - client-729EAB8E4297->a9cb8897-0d38-4c59-817a-d67a8ba30c67: receive RaftClientReply:client-729EAB8E4297->a9cb8897-0d38-4c59-817a-d67a8ba30c67@group-A55F67FDC954, cid=3389, SUCCESS, logIndex=5141, commits[a9cb8897-0d38-4c59-817a-d67a8ba30c67:c5142, 41e21bac-56c9-465a-a1cc-bc71b3ab473c:c5140, 2bfdf505-3a1f-44eb-9843-3820b2477da1:c5140]
2019-09-05 19:11:01,997 [grpc-default-executor-3] INFO  client.GrpcClientProtocolClient (GrpcClientProtocolClient.java:onNext(255)) - client-729EAB8E4297->a9cb8897-0d38-4c59-817a-d67a8ba30c67: receive RaftClientReply:client-729EAB8E4297->a9cb8897-0d38-4c59-817a-d67a8ba30c67@group-A55F67FDC954, cid=3390, SUCCESS, logIndex=5142, commits[a9cb8897-0d38-4c59-817a-d67a8ba30c67:c5142, 41e21bac-56c9-465a-a1cc-bc71b3ab473c:c5140, 2bfdf505-3a1f-44eb-9843-3820b2477da1:c5140]
2019-09-05 19:11:02,003 [grpc-default-executor-0] INFO  client.GrpcClientProtocolClient (GrpcClientProtocolClient.java:onNext(255)) - client-729EAB8E4297->a9cb8897-0d38-4c59-817a-d67a8ba30c67: receive RaftClientReply:client-729EAB8E4297->a9cb8897-0d38-4c59-817a-d67a8ba30c67@group-A55F67FDC954, cid=3391, SUCCESS, logIndex=5143, commits[a9cb8897-0d38-4c59-817a-d67a8ba30c67:c5144, 41e21bac-56c9-465a-a1cc-bc71b3ab473c:c5140, 2bfdf505-3a1f-44eb-9843-3820b2477da1:c5140]
2019-09-05 19:11:02,003 [grpc-default-executor-0] INFO  client.GrpcClientProtocolClient (GrpcClientProtocolClient.java:onNext(255)) - client-729EAB8E4297->a9cb8897-0d38-4c59-817a-d67a8ba30c67: receive RaftClientReply:client-729EAB8E4297->a9cb8897-0d38-4c59-817a-d67a8ba30c67@group-A55F67FDC954, cid=3392, SUCCESS, logIndex=5144, commits[a9cb8897-0d38-4c59-817a-d67a8ba30c67:c5144, 41e21bac-56c9-465a-a1cc-bc71b3ab473c:c5140, 2bfdf505-3a1f-44eb-9843-3820b2477da1:c5140]
2019-09-05 19:11:02,004 [grpc-default-executor-0] INFO  client.GrpcClientProtocolClient (GrpcClientProtocolClient.java:onNext(255)) - client-729EAB8E4297->a9cb8897-0d38-4c59-817a-d67a8ba30c67: receive RaftClientReply:client-729EAB8E4297->a9cb8897-0d38-4c59-817a-d67a8ba30c67@group-A55F67FDC954, cid=3393, SUCCESS, logIndex=0, commits[a9cb8897-0d38-4c59-817a-d67a8ba30c67:c5146, 41e21bac-56c9-465a-a1cc-bc71b3ab473c:c5142, 2bfdf505-3a1f-44eb-9843-3820b2477da1:c5142]
2019-09-05 19:11:02,034 [grpc-default-executor-0] INFO  client.GrpcClientProtocolClient (GrpcClientProtocolClient.java:onNext(255)) - client-729EAB8E4297->a9cb8897-0d38-4c59-817a-d67a8ba30c67: receive RaftClientReply:client-729EAB8E4297->a9cb8897-0d38-4c59-817a-d67a8ba30c67@group-A55F67FDC954, cid=3394, SUCCESS, logIndex=5149, commits[a9cb8897-0d38-4c59-817a-d67a8ba30c67:c5150, 41e21bac-56c9-465a-a1cc-bc71b3ab473c:c5148, 2bfdf505-3a1f-44eb-9843-3820b2477da1:c5148]
2019-09-05 19:11:02,034 [grpc-default-executor-0] INFO  client.GrpcClientProtocolClient (GrpcClientProtocolClient.java:onNext(255)) - client-729EAB8E4297->a9cb8897-0d38-4c59-817a-d67a8ba30c67: receive RaftClientReply:client-729EAB8E4297->a9cb8897-0d38-4c59-817a-d67a8ba30c67@group-A55F67FDC954, cid=3395, SUCCESS, logIndex=5150, commits[a9cb8897-0d38-4c59-817a-d67a8ba30c67:c5150, 41e21bac-56c9-465a-a1cc-bc71b3ab473c:c5148, 2bfdf505-3a1f-44eb-9843-3820b2477da1:c5148]
2019-09-05 19:11:02,640 [grpc-default-executor-2] INFO  client.GrpcClientProtocolClient (GrpcClientProtocolClient.java:onNext(255)) - client-729EAB8E4297->a9cb8897-0d38-4c59-817a-d67a8ba30c67: receive RaftClientReply:client-729EAB8E4297->a9cb8897-0d38-4c59-817a-d67a8ba30c67@group-A55F67FDC954, cid=3396, SUCCESS, logIndex=5153, commits[a9cb8897-0d38-4c59-817a-d67a8ba30c67:c5154, 41e21bac-56c9-465a-a1cc-bc71b3ab473c:c5150, 2bfdf505-3a1f-44eb-9843-3820b2477da1:c5150]
2019-09-05 19:11:02,640 [grpc-default-executor-2] INFO  client.GrpcClientProtocolClient (GrpcClientProtocolClient.java:onNext(255)) - client-729EAB8E4297->a9cb8897-0d38-4c59-817a-d67a8ba30c67: receive RaftClientReply:client-729EAB8E4297->a9cb8897-0d38-4c59-817a-d67a8ba30c67@group-A55F67FDC954, cid=3397, SUCCESS, logIndex=5154, commits[a9cb8897-0d38-4c59-817a-d67a8ba30c67:c5154, 41e21bac-56c9-465a-a1cc-bc71b3ab473c:c5150, 2bfdf505-3a1f-44eb-9843-3820b2477da1:c5150]
 0.00% |█                                                                                                    |  0/1 Time: 0:00:362019-09-05 19:11:02,967 [grpc-default-executor-0] INFO  client.GrpcClientProtocolClient (GrpcClientProtocolClient.java:onNext(255)) - client-729EAB8E4297->a9cb8897-0d38-4c59-817a-d67a8ba30c67: receive RaftClientReply:client-729EAB8E4297->a9cb8897-0d38-4c59-817a-d67a8ba30c67@group-A55F67FDC954, cid=3398, SUCCESS, logIndex=0, commits[a9cb8897-0d38-4c59-817a-d67a8ba30c67:c5155, 41e21bac-56c9-465a-a1cc-bc71b3ab473c:c5154, 2bfdf505-3a1f-44eb-9843-3820b2477da1:c5154]
 0.00% |█                                                                                                    |  0/1 Time: 0:00:37 0.00% |█                                                                                                    |  0/1 Time: 0:00:382019-09-05 19:11:05,038 [grpc-default-executor-0] INFO  client.GrpcClientProtocolClient (GrpcClientProtocolClient.java:onNext(255)) - client-729EAB8E4297->a9cb8897-0d38-4c59-817a-d67a8ba30c67: receive RaftClientReply:client-729EAB8E4297->a9cb8897-0d38-4c59-817a-d67a8ba30c67@group-A55F67FDC954, cid=3399, SUCCESS, logIndex=5156, commits[a9cb8897-0d38-4c59-817a-d67a8ba30c67:c5159, 41e21bac-56c9-465a-a1cc-bc71b3ab473c:c5155, 2bfdf505-3a1f-44eb-9843-3820b2477da1:c5155]
2019-09-05 19:11:05,038 [grpc-default-executor-0] INFO  client.GrpcClientProtocolClient (GrpcClientProtocolClient.java:onNext(255)) - client-729EAB8E4297->a9cb8897-0d38-4c59-817a-d67a8ba30c67: receive RaftClientReply:client-729EAB8E4297->a9cb8897-0d38-4c59-817a-d67a8ba30c67@group-A55F67FDC954, cid=3400, SUCCESS, logIndex=5157, commits[a9cb8897-0d38-4c59-817a-d67a8ba30c67:c5159, 41e21bac-56c9-465a-a1cc-bc71b3ab473c:c5155, 2bfdf505-3a1f-44eb-9843-3820b2477da1:c5155]
2019-09-05 19:11:05,039 [grpc-default-executor-0] INFO  client.GrpcClientProtocolClient (GrpcClientProtocolClient.java:onNext(255)) - client-729EAB8E4297->a9cb8897-0d38-4c59-817a-d67a8ba30c67: receive RaftClientReply:client-729EAB8E4297->a9cb8897-0d38-4c59-817a-d67a8ba30c67@group-A55F67FDC954, cid=3401, SUCCESS, logIndex=5158, commits[a9cb8897-0d38-4c59-817a-d67a8ba30c67:c5159, 41e21bac-56c9-465a-a1cc-bc71b3ab473c:c5155, 2bfdf505-3a1f-44eb-9843-3820b2477da1:c5155]
2019-09-05 19:11:05,039 [grpc-default-executor-0] INFO  client.GrpcClientProtocolClient (GrpcClientProtocolClient.java:onNext(255)) - client-729EAB8E4297->a9cb8897-0d38-4c59-817a-d67a8ba30c67: receive RaftClientReply:client-729EAB8E4297->a9cb8897-0d38-4c59-817a-d67a8ba30c67@group-A55F67FDC954, cid=3402, SUCCESS, logIndex=5159, commits[a9cb8897-0d38-4c59-817a-d67a8ba30c67:c5159, 41e21bac-56c9-465a-a1cc-bc71b3ab473c:c5155, 2bfdf505-3a1f-44eb-9843-3820b2477da1:c5155]
 0.00% |█                                                                                                    |  0/1 Time: 0:00:392019-09-05 19:11:05,993 [java.util.concurrent.ThreadPoolExecutor$Worker@5c3b2945[State = -1, empty queue]] WARN  server.GrpcLogAppender (GrpcLogAppender.java:timeoutAppendRequest(200)) - GrpcLogAppender(a9cb8897-0d38-4c59-817a-d67a8ba30c67->2bfdf505-3a1f-44eb-9843-3820b2477da1): appendEntries Timeout, request=a9cb8897-0d38-4c59-817a-d67a8ba30c67->2bfdf505-3a1f-44eb-9843-3820b2477da1#5166-t1, previous=(t:1, i:5157), leaderCommit=5155, initializing? false, entries: size=1, first=(t:1, i:5158), STATEMACHINELOGENTRY, client-729EAB8E4297, cid=3401
2019-09-05 19:11:05,993 [java.util.concurrent.ThreadPoolExecutor$Worker@5c3b2945[State = -1, empty queue]] WARN  server.GrpcLogAppender (GrpcLogAppender.java:timeoutAppendRequest(200)) - GrpcLogAppender(a9cb8897-0d38-4c59-817a-d67a8ba30c67->2bfdf505-3a1f-44eb-9843-3820b2477da1): appendEntries Timeout, request=a9cb8897-0d38-4c59-817a-d67a8ba30c67->2bfdf505-3a1f-44eb-9843-3820b2477da1#5167-t1, previous=(t:1, i:5158), leaderCommit=5155, initializing? false, entries: size=1, first=(t:1, i:5159), STATEMACHINELOGENTRY, client-729EAB8E4297, cid=3402
2019-09-05 19:11:06,117 [grpc-default-executor-0] WARN  server.GrpcLogAppender (GrpcLogAppender.java:onNextImpl(250)) - org.apache.ratis.grpc.server.GrpcLogAppender$AppendLogResponseHandler@33f4176b: Request not found, ignoring reply: a9cb8897-0d38-4c59-817a-d67a8ba30c67<-2bfdf505-3a1f-44eb-9843-3820b2477da1#5166:OK,SUCCESS,nextIndex:5159,term:1,followerCommit:5155
2019-09-05 19:11:06,122 [grpc-default-executor-0] WARN  server.GrpcLogAppender (GrpcLogAppender.java:onNextImpl(250)) - org.apache.ratis.grpc.server.GrpcLogAppender$AppendLogResponseHandler@33f4176b: Request not found, ignoring reply: a9cb8897-0d38-4c59-817a-d67a8ba30c67<-2bfdf505-3a1f-44eb-9843-3820b2477da1#5167:OK,SUCCESS,nextIndex:5160,term:1,followerCommit:5155
 0.00% |█                                                                                                    |  0/1 Time: 0:00:402019-09-05 19:11:07,231 [grpc-default-executor-2] INFO  client.GrpcClientProtocolClient (GrpcClientProtocolClient.java:onNext(255)) - client-729EAB8E4297->a9cb8897-0d38-4c59-817a-d67a8ba30c67: receive RaftClientReply:client-729EAB8E4297->a9cb8897-0d38-4c59-817a-d67a8ba30c67@group-A55F67FDC954, cid=3403, SUCCESS, logIndex=0, commits[a9cb8897-0d38-4c59-817a-d67a8ba30c67:c5163, 41e21bac-56c9-465a-a1cc-bc71b3ab473c:c5159, 2bfdf505-3a1f-44eb-9843-3820b2477da1:c5157]
 0.00% |█                                                                                                    |  0/1 Time: 0:00:412019-09-05 19:11:08,211 [grpc-default-executor-2] INFO  client.GrpcClientProtocolClient (GrpcClientProtocolClient.java:onNext(255)) - client-729EAB8E4297->a9cb8897-0d38-4c59-817a-d67a8ba30c67: receive RaftClientReply:client-729EAB8E4297->a9cb8897-0d38-4c59-817a-d67a8ba30c67@group-A55F67FDC954, cid=3404, SUCCESS, logIndex=5164, commits[a9cb8897-0d38-4c59-817a-d67a8ba30c67:c5165, 41e21bac-56c9-465a-a1cc-bc71b3ab473c:c5163, 2bfdf505-3a1f-44eb-9843-3820b2477da1:c5159]
2019-09-05 19:11:08,211 [grpc-default-executor-2] INFO  client.GrpcClientProtocolClient (GrpcClientProtocolClient.java:onNext(255)) - client-729EAB8E4297->a9cb8897-0d38-4c59-817a-d67a8ba30c67: receive RaftClientReply:client-729EAB8E4297->a9cb8897-0d38-4c59-817a-d67a8ba30c67@group-A55F67FDC954, cid=3405, SUCCESS, logIndex=5165, commits[a9cb8897-0d38-4c59-817a-d67a8ba30c67:c5165, 41e21bac-56c9-465a-a1cc-bc71b3ab473c:c5163, 2bfdf505-3a1f-44eb-9843-3820b2477da1:c5163]
 0.00% |█                                                                                                    |  0/1 Time: 0:00:42 0.00% |█                                                                                                    |  0/1 Time: 0:00:432019-09-05 19:11:09,919 [grpc-default-executor-2] INFO  client.GrpcClientProtocolClient (GrpcClientProtocolClient.java:onNext(255)) - client-729EAB8E4297->a9cb8897-0d38-4c59-817a-d67a8ba30c67: receive RaftClientReply:client-729EAB8E4297->a9cb8897-0d38-4c59-817a-d67a8ba30c67@group-A55F67FDC954, cid=3406, SUCCESS, logIndex=5167, commits[a9cb8897-0d38-4c59-817a-d67a8ba30c67:c5168, 41e21bac-56c9-465a-a1cc-bc71b3ab473c:c5165, 2bfdf505-3a1f-44eb-9843-3820b2477da1:c5165]
2019-09-05 19:11:09,919 [grpc-default-executor-2] INFO  client.GrpcClientProtocolClient (GrpcClientProtocolClient.java:onNext(255)) - client-729EAB8E4297->a9cb8897-0d38-4c59-817a-d67a8ba30c67: receive RaftClientReply:client-729EAB8E4297->a9cb8897-0d38-4c59-817a-d67a8ba30c67@group-A55F67FDC954, cid=3407, SUCCESS, logIndex=5168, commits[a9cb8897-0d38-4c59-817a-d67a8ba30c67:c5168, 41e21bac-56c9-465a-a1cc-bc71b3ab473c:c5165, 2bfdf505-3a1f-44eb-9843-3820b2477da1:c5165]
 0.00% |█                                                                                                    |  0/1 Time: 0:00:442019-09-05 19:11:11,148 [grpc-default-executor-2] INFO  client.GrpcClientProtocolClient (GrpcClientProtocolClient.java:onNext(255)) - client-729EAB8E4297->a9cb8897-0d38-4c59-817a-d67a8ba30c67: receive RaftClientReply:client-729EAB8E4297->a9cb8897-0d38-4c59-817a-d67a8ba30c67@group-A55F67FDC954, cid=3408, SUCCESS, logIndex=0, commits[a9cb8897-0d38-4c59-817a-d67a8ba30c67:c5169, 41e21bac-56c9-465a-a1cc-bc71b3ab473c:c5168, 2bfdf505-3a1f-44eb-9843-3820b2477da1:c5168]
 0.00% |█                                                                                                    |  0/1 Time: 0:00:452019-09-05 19:11:12,314 [grpc-default-executor-2] INFO  client.GrpcClientProtocolClient (GrpcClientProtocolClient.java:onNext(255)) - client-729EAB8E4297->a9cb8897-0d38-4c59-817a-d67a8ba30c67: receive RaftClientReply:client-729EAB8E4297->a9cb8897-0d38-4c59-817a-d67a8ba30c67@group-A55F67FDC954, cid=3409, SUCCESS, logIndex=5170, commits[a9cb8897-0d38-4c59-817a-d67a8ba30c67:c5171, 41e21bac-56c9-465a-a1cc-bc71b3ab473c:c5169, 2bfdf505-3a1f-44eb-9843-3820b2477da1:c5169]
2019-09-05 19:11:12,315 [grpc-default-executor-2] INFO  client.GrpcClientProtocolClient (GrpcClientProtocolClient.java:onNext(255)) - client-729EAB8E4297->a9cb8897-0d38-4c59-817a-d67a8ba30c67: receive RaftClientReply:client-729EAB8E4297->a9cb8897-0d38-4c59-817a-d67a8ba30c67@group-A55F67FDC954, cid=3410, SUCCESS, logIndex=5171, commits[a9cb8897-0d38-4c59-817a-d67a8ba30c67:c5171, 41e21bac-56c9-465a-a1cc-bc71b3ab473c:c5169, 2bfdf505-3a1f-44eb-9843-3820b2477da1:c5169]
2019-09-05 19:11:12,342 [grpc-default-executor-2] INFO  client.GrpcClientProtocolClient (GrpcClientProtocolClient.java:onNext(255)) - client-729EAB8E4297->a9cb8897-0d38-4c59-817a-d67a8ba30c67: receive RaftClientReply:client-729EAB8E4297->a9cb8897-0d38-4c59-817a-d67a8ba30c67@group-A55F67FDC954, cid=3411, SUCCESS, logIndex=5172, commits[a9cb8897-0d38-4c59-817a-d67a8ba30c67:c5173, 41e21bac-56c9-465a-a1cc-bc71b3ab473c:c5169, 2bfdf505-3a1f-44eb-9843-3820b2477da1:c5169]
2019-09-05 19:11:12,343 [grpc-default-executor-2] INFO  client.GrpcClientProtocolClient (GrpcClientProtocolClient.java:onNext(255)) - client-729EAB8E4297->a9cb8897-0d38-4c59-817a-d67a8ba30c67: receive RaftClientReply:client-729EAB8E4297->a9cb8897-0d38-4c59-817a-d67a8ba30c67@group-A55F67FDC954, cid=3412, SUCCESS, logIndex=5173, commits[a9cb8897-0d38-4c59-817a-d67a8ba30c67:c5173, 41e21bac-56c9-465a-a1cc-bc71b3ab473c:c5169, 2bfdf505-3a1f-44eb-9843-3820b2477da1:c5169]
 0.00% |█                                                                                                    |  0/1 Time: 0:00:46 0.00% |█                                                                                                    |  0/1 Time: 0:00:47 0.00% |█                                                                                                    |  0/1 Time: 0:00:482019-09-05 19:11:15,314 [java.util.concurrent.ThreadPoolExecutor$Worker@5c3b2945[State = -1, empty queue]] WARN  server.GrpcLogAppender (GrpcLogAppender.java:timeoutAppendRequest(200)) - GrpcLogAppender(a9cb8897-0d38-4c59-817a-d67a8ba30c67->2bfdf505-3a1f-44eb-9843-3820b2477da1): appendEntries Timeout, request=a9cb8897-0d38-4c59-817a-d67a8ba30c67->2bfdf505-3a1f-44eb-9843-3820b2477da1#5183-t1, previous=(t:1, i:5174), leaderCommit=5171, initializing? false, entries: size=1, first=(t:1, i:5175), METADATAENTRY(c5171)
2019-09-05 19:11:15,314 [java.util.concurrent.ThreadPoolExecutor$Worker@3e0eb19e[State = -1, empty queue]] WARN  server.GrpcLogAppender (GrpcLogAppender.java:timeoutAppendRequest(200)) - GrpcLogAppender(a9cb8897-0d38-4c59-817a-d67a8ba30c67->41e21bac-56c9-465a-a1cc-bc71b3ab473c): appendEntries Timeout, request=a9cb8897-0d38-4c59-817a-d67a8ba30c67->41e21bac-56c9-465a-a1cc-bc71b3ab473c#5183-t1, previous=(t:1, i:5174), leaderCommit=5171, initializing? false, entries: size=1, first=(t:1, i:5175), METADATAENTRY(c5171)
2019-09-05 19:11:15,314 [java.util.concurrent.ThreadPoolExecutor$Worker@5c3b2945[State = -1, empty queue]] WARN  server.GrpcLogAppender (GrpcLogAppender.java:timeoutAppendRequest(200)) - GrpcLogAppender(a9cb8897-0d38-4c59-817a-d67a8ba30c67->2bfdf505-3a1f-44eb-9843-3820b2477da1): appendEntries Timeout, request=a9cb8897-0d38-4c59-817a-d67a8ba30c67->2bfdf505-3a1f-44eb-9843-3820b2477da1#5184-t1, previous=(t:1, i:5175), leaderCommit=5171, initializing? false, entries: size=1, first=(t:1, i:5176), METADATAENTRY(c5172)
2019-09-05 19:11:15,317 [java.util.concurrent.ThreadPoolExecutor$Worker@3e0eb19e[State = -1, empty queue]] WARN  server.GrpcLogAppender (GrpcLogAppender.java:timeoutAppendRequest(200)) - GrpcLogAppender(a9cb8897-0d38-4c59-817a-d67a8ba30c67->41e21bac-56c9-465a-a1cc-bc71b3ab473c): appendEntries Timeout, request=a9cb8897-0d38-4c59-817a-d67a8ba30c67->41e21bac-56c9-465a-a1cc-bc71b3ab473c#5184-t1, previous=(t:1, i:5175), leaderCommit=5171, initializing? false, entries: size=1, first=(t:1, i:5176), METADATAENTRY(c5172)
2019-09-05 19:11:15,319 [java.util.concurrent.ThreadPoolExecutor$Worker@5c3b2945[State = -1, empty queue]] WARN  server.GrpcLogAppender (GrpcLogAppender.java:timeoutAppendRequest(200)) - GrpcLogAppender(a9cb8897-0d38-4c59-817a-d67a8ba30c67->2bfdf505-3a1f-44eb-9843-3820b2477da1): appendEntries Timeout, request=a9cb8897-0d38-4c59-817a-d67a8ba30c67->2bfdf505-3a1f-44eb-9843-3820b2477da1#5185-t1, previous=(t:1, i:5176), leaderCommit=5171, initializing? false, entries: size=1, first=(t:1, i:5177), METADATAENTRY(c5173)
2019-09-05 19:11:15,321 [java.util.concurrent.ThreadPoolExecutor$Worker@3e0eb19e[State = -1, empty queue]] WARN  server.GrpcLogAppender (GrpcLogAppender.java:timeoutAppendRequest(200)) - GrpcLogAppender(a9cb8897-0d38-4c59-817a-d67a8ba30c67->41e21bac-56c9-465a-a1cc-bc71b3ab473c): appendEntries Timeout, request=a9cb8897-0d38-4c59-817a-d67a8ba30c67->41e21bac-56c9-465a-a1cc-bc71b3ab473c#5185-t1, previous=(t:1, i:5176), leaderCommit=5171, initializing? false, entries: size=1, first=(t:1, i:5177), METADATAENTRY(c5173)
 0.00% |█                                                                                                    |  0/1 Time: 0:00:492019-09-05 19:11:16,032 [grpc-default-executor-2] WARN  server.GrpcLogAppender (GrpcLogAppender.java:onNextImpl(250)) - org.apache.ratis.grpc.server.GrpcLogAppender$AppendLogResponseHandler@7fe20345: Request not found, ignoring reply: a9cb8897-0d38-4c59-817a-d67a8ba30c67<-41e21bac-56c9-465a-a1cc-bc71b3ab473c#5183:OK,SUCCESS,nextIndex:5176,term:1,followerCommit:5171
2019-09-05 19:11:16,035 [grpc-default-executor-2] WARN  server.GrpcLogAppender (GrpcLogAppender.java:onNextImpl(250)) - org.apache.ratis.grpc.server.GrpcLogAppender$AppendLogResponseHandler@7fe20345: Request not found, ignoring reply: a9cb8897-0d38-4c59-817a-d67a8ba30c67<-41e21bac-56c9-465a-a1cc-bc71b3ab473c#5184:OK,SUCCESS,nextIndex:5177,term:1,followerCommit:5171
2019-09-05 19:11:16,035 [grpc-default-executor-2] WARN  server.GrpcLogAppender (GrpcLogAppender.java:onNextImpl(250)) - org.apache.ratis.grpc.server.GrpcLogAppender$AppendLogResponseHandler@7fe20345: Request not found, ignoring reply: a9cb8897-0d38-4c59-817a-d67a8ba30c67<-41e21bac-56c9-465a-a1cc-bc71b3ab473c#5185:OK,SUCCESS,nextIndex:5178,term:1,followerCommit:5171
2019-09-05 19:11:16,036 [grpc-default-executor-2] WARN  server.GrpcLogAppender (GrpcLogAppender.java:onNextImpl(250)) - org.apache.ratis.grpc.server.GrpcLogAppender$AppendLogResponseHandler@33f4176b: Request not found, ignoring reply: a9cb8897-0d38-4c59-817a-d67a8ba30c67<-2bfdf505-3a1f-44eb-9843-3820b2477da1#5183:OK,SUCCESS,nextIndex:5176,term:1,followerCommit:5171
2019-09-05 19:11:16,036 [grpc-default-executor-2] WARN  server.GrpcLogAppender (GrpcLogAppender.java:onNextImpl(250)) - org.apache.ratis.grpc.server.GrpcLogAppender$AppendLogResponseHandler@33f4176b: Request not found, ignoring reply: a9cb8897-0d38-4c59-817a-d67a8ba30c67<-2bfdf505-3a1f-44eb-9843-3820b2477da1#5184:OK,SUCCESS,nextIndex:5177,term:1,followerCommit:5171
2019-09-05 19:11:16,036 [grpc-default-executor-2] WARN  server.GrpcLogAppender (GrpcLogAppender.java:onNextImpl(250)) - org.apache.ratis.grpc.server.GrpcLogAppender$AppendLogResponseHandler@33f4176b: Request not found, ignoring reply: a9cb8897-0d38-4c59-817a-d67a8ba30c67<-2bfdf505-3a1f-44eb-9843-3820b2477da1#5185:OK,SUCCESS,nextIndex:5178,term:1,followerCommit:5171
 0.00% |█                                                                                                    |  0/1 Time: 0:00:502019-09-05 19:11:17,345 [pool-277-thread-1] WARN  scm.XceiverClientRatis (XceiverClientRatis.java:watchForCommit(262)) - 3 way commit failed on pipeline Pipeline[ Id: e99a7caa-b94a-4e10-b1a1-a55f67fdc954, Nodes: 41e21bac-56c9-465a-a1cc-bc71b3ab473c{ip: 192.168.157.242, host: pr-hdds-2007-np5jl-579499515, networkLocation: /default-rack, certSerialId: null}a9cb8897-0d38-4c59-817a-d67a8ba30c67{ip: 192.168.157.242, host: pr-hdds-2007-np5jl-579499515, networkLocation: /default-rack, certSerialId: null}2bfdf505-3a1f-44eb-9843-3820b2477da1{ip: 192.168.157.242, host: pr-hdds-2007-np5jl-579499515, networkLocation: /default-rack, certSerialId: null}, Type:RATIS, Factor:THREE, State:OPEN]
java.util.concurrent.TimeoutException
	at java.util.concurrent.CompletableFuture.timedGet(CompletableFuture.java:1771)
	at java.util.concurrent.CompletableFuture.get(CompletableFuture.java:1915)
	at org.apache.hadoop.hdds.scm.XceiverClientRatis.watchForCommit(XceiverClientRatis.java:259)
	at org.apache.hadoop.hdds.scm.storage.CommitWatcher.watchForCommit(CommitWatcher.java:194)
	at org.apache.hadoop.hdds.scm.storage.CommitWatcher.watchOnFirstIndex(CommitWatcher.java:135)
	at org.apache.hadoop.hdds.scm.storage.BlockOutputStream.watchForCommit(BlockOutputStream.java:347)
	at org.apache.hadoop.hdds.scm.storage.BlockOutputStream.handleFullBuffer(BlockOutputStream.java:324)
	at org.apache.hadoop.hdds.scm.storage.BlockOutputStream.write(BlockOutputStream.java:251)
	at org.apache.hadoop.ozone.client.io.BlockOutputStreamEntry.write(BlockOutputStreamEntry.java:129)
	at org.apache.hadoop.ozone.client.io.KeyOutputStream.handleWrite(KeyOutputStream.java:211)
	at org.apache.hadoop.ozone.client.io.KeyOutputStream.write(KeyOutputStream.java:193)
	at org.apache.hadoop.ozone.client.io.OzoneOutputStream.write(OzoneOutputStream.java:49)
	at org.apache.hadoop.ozone.freon.RandomKeyGenerator.createKey(RandomKeyGenerator.java:708)
	at org.apache.hadoop.ozone.freon.RandomKeyGenerator.access$1100(RandomKeyGenerator.java:88)
	at org.apache.hadoop.ozone.freon.RandomKeyGenerator$ObjectCreator.run(RandomKeyGenerator.java:615)
	at java.util.concurrent.Executors$RunnableAdapter.call(Executors.java:511)
	at java.util.concurrent.FutureTask.run(FutureTask.java:266)
	at java.util.concurrent.ThreadPoolExecutor.runWorker(ThreadPoolExecutor.java:1149)
	at java.util.concurrent.ThreadPoolExecutor$Worker.run(ThreadPoolExecutor.java:624)
	at java.lang.Thread.run(Thread.java:748)
 0.00% |█                                                                                                    |  0/1 Time: 0:00:512019-09-05 19:11:18,539 [grpc-default-executor-2] INFO  client.GrpcClientProtocolClient (GrpcClientProtocolClient.java:onNext(255)) - client-729EAB8E4297->a9cb8897-0d38-4c59-817a-d67a8ba30c67: receive RaftClientReply:client-729EAB8E4297->a9cb8897-0d38-4c59-817a-d67a8ba30c67@group-A55F67FDC954, cid=3414, SUCCESS, logIndex=0, commits[a9cb8897-0d38-4c59-817a-d67a8ba30c67:c5174, 41e21bac-56c9-465a-a1cc-bc71b3ab473c:c5174, 2bfdf505-3a1f-44eb-9843-3820b2477da1:c5170]
2019-09-05 19:11:18,539 [grpc-default-executor-2] INFO  client.GrpcClientProtocolClient (GrpcClientProtocolClient.java:onNext(255)) - client-729EAB8E4297->a9cb8897-0d38-4c59-817a-d67a8ba30c67: receive RaftClientReply:client-729EAB8E4297->a9cb8897-0d38-4c59-817a-d67a8ba30c67@group-A55F67FDC954, cid=3413, SUCCESS, logIndex=0, commits[a9cb8897-0d38-4c59-817a-d67a8ba30c67:c5177, 41e21bac-56c9-465a-a1cc-bc71b3ab473c:c5174, 2bfdf505-3a1f-44eb-9843-3820b2477da1:c5174]
2019-09-05 19:11:18,540 [grpc-default-executor-2] INFO  client.GrpcClientProtocolClient (GrpcClientProtocolClient.java:onNext(255)) - client-729EAB8E4297->a9cb8897-0d38-4c59-817a-d67a8ba30c67: receive RaftClientReply:client-729EAB8E4297->a9cb8897-0d38-4c59-817a-d67a8ba30c67@group-A55F67FDC954, cid=3413, SUCCESS, logIndex=0, commits[a9cb8897-0d38-4c59-817a-d67a8ba30c67:c5177, 41e21bac-56c9-465a-a1cc-bc71b3ab473c:c5174, 2bfdf505-3a1f-44eb-9843-3820b2477da1:c5174]
2019-09-05 19:11:18,542 [pool-277-thread-1] INFO  scm.XceiverClientRatis (XceiverClientRatis.java:lambda$watchForCommit$7(280)) - Could not commit index 5171 on pipeline Pipeline[ Id: e99a7caa-b94a-4e10-b1a1-a55f67fdc954, Nodes: 41e21bac-56c9-465a-a1cc-bc71b3ab473c{ip: 192.168.157.242, host: pr-hdds-2007-np5jl-579499515, networkLocation: /default-rack, certSerialId: null}a9cb8897-0d38-4c59-817a-d67a8ba30c67{ip: 192.168.157.242, host: pr-hdds-2007-np5jl-579499515, networkLocation: /default-rack, certSerialId: null}2bfdf505-3a1f-44eb-9843-3820b2477da1{ip: 192.168.157.242, host: pr-hdds-2007-np5jl-579499515, networkLocation: /default-rack, certSerialId: null}, Type:RATIS, Factor:THREE, State:OPEN] to all the nodes. Server 2bfdf505-3a1f-44eb-9843-3820b2477da1 has failed. Committed by majority.
2019-09-05 19:11:18,546 [pool-277-thread-1] WARN  storage.BlockOutputStream (BlockOutputStream.java:watchForCommit(353)) - Failed to commit BlockId conID: 2 locID: 102741486544487085 bcsId: 5173 on Pipeline[ Id: e99a7caa-b94a-4e10-b1a1-a55f67fdc954, Nodes: 41e21bac-56c9-465a-a1cc-bc71b3ab473c{ip: 192.168.157.242, host: pr-hdds-2007-np5jl-579499515, networkLocation: /default-rack, certSerialId: null}a9cb8897-0d38-4c59-817a-d67a8ba30c67{ip: 192.168.157.242, host: pr-hdds-2007-np5jl-579499515, networkLocation: /default-rack, certSerialId: null}2bfdf505-3a1f-44eb-9843-3820b2477da1{ip: 192.168.157.242, host: pr-hdds-2007-np5jl-579499515, networkLocation: /default-rack, certSerialId: null}, Type:RATIS, Factor:THREE, State:OPEN]. Failed nodes: [2bfdf505-3a1f-44eb-9843-3820b2477da1{ip: null, host: null, networkLocation: /default-rack, certSerialId: null}]
 0.00% |█                                                                                                    |  0/1 Time: 0:00:52 0.00% |█                                                                                                    |  0/1 Time: 0:00:53 0.00% |█                                                                                                    |  0/1 Time: 0:00:542019-09-05 19:11:20,782 [grpc-default-executor-2] INFO  client.GrpcClientProtocolClient (GrpcClientProtocolClient.java:onNext(255)) - client-729EAB8E4297->a9cb8897-0d38-4c59-817a-d67a8ba30c67: receive RaftClientReply:client-729EAB8E4297->a9cb8897-0d38-4c59-817a-d67a8ba30c67@group-A55F67FDC954, cid=3415, SUCCESS, logIndex=5178, commits[a9cb8897-0d38-4c59-817a-d67a8ba30c67:c5179, 41e21bac-56c9-465a-a1cc-bc71b3ab473c:c5177, 2bfdf505-3a1f-44eb-9843-3820b2477da1:c5174]
2019-09-05 19:11:20,786 [grpc-default-executor-2] INFO  client.GrpcClientProtocolClient (GrpcClientProtocolClient.java:onNext(255)) - client-729EAB8E4297->a9cb8897-0d38-4c59-817a-d67a8ba30c67: receive RaftClientReply:client-729EAB8E4297->a9cb8897-0d38-4c59-817a-d67a8ba30c67@group-A55F67FDC954, cid=3416, SUCCESS, logIndex=5179, commits[a9cb8897-0d38-4c59-817a-d67a8ba30c67:c5179, 41e21bac-56c9-465a-a1cc-bc71b3ab473c:c5177, 2bfdf505-3a1f-44eb-9843-3820b2477da1:c5177]
 0.00% |█                                                                                                    |  0/1 Time: 0:00:55 0.00% |█                                                                                                    |  0/1 Time: 0:00:56 0.00% |█                                                                                                    |  0/1 Time: 0:00:572019-09-05 19:11:23,794 [java.util.concurrent.ThreadPoolExecutor$Worker@5c3b2945[State = -1, empty queue]] WARN  server.GrpcLogAppender (GrpcLogAppender.java:timeoutAppendRequest(200)) - GrpcLogAppender(a9cb8897-0d38-4c59-817a-d67a8ba30c67->2bfdf505-3a1f-44eb-9843-3820b2477da1): appendEntries Timeout, request=a9cb8897-0d38-4c59-817a-d67a8ba30c67->2bfdf505-3a1f-44eb-9843-3820b2477da1#5190-t1, previous=(t:1, i:5180), leaderCommit=5179, initializing? false, entries: size=1, first=(t:1, i:5181), STATEMACHINELOGENTRY, client-729EAB8E4297, cid=3417
2019-09-05 19:11:23,794 [java.util.concurrent.ThreadPoolExecutor$Worker@3e0eb19e[State = -1, empty queue]] WARN  server.GrpcLogAppender (GrpcLogAppender.java:timeoutAppendRequest(200)) - GrpcLogAppender(a9cb8897-0d38-4c59-817a-d67a8ba30c67->41e21bac-56c9-465a-a1cc-bc71b3ab473c): appendEntries Timeout, request=a9cb8897-0d38-4c59-817a-d67a8ba30c67->41e21bac-56c9-465a-a1cc-bc71b3ab473c#5190-t1, previous=(t:1, i:5180), leaderCommit=5179, initializing? false, entries: size=1, first=(t:1, i:5181), STATEMACHINELOGENTRY, client-729EAB8E4297, cid=3417
2019-09-05 19:11:23,799 [java.util.concurrent.ThreadPoolExecutor$Worker@5c3b2945[State = -1, empty queue]] WARN  server.GrpcLogAppender (GrpcLogAppender.java:timeoutAppendRequest(200)) - GrpcLogAppender(a9cb8897-0d38-4c59-817a-d67a8ba30c67->2bfdf505-3a1f-44eb-9843-3820b2477da1): appendEntries Timeout, request=a9cb8897-0d38-4c59-817a-d67a8ba30c67->2bfdf505-3a1f-44eb-9843-3820b2477da1#5191-t1, previous=(t:1, i:5181), leaderCommit=5179, initializing? false, entries: size=1, first=(t:1, i:5182), STATEMACHINELOGENTRY, client-729EAB8E4297, cid=3418
2019-09-05 19:11:23,802 [java.util.concurrent.ThreadPoolExecutor$Worker@3e0eb19e[State = -1, empty queue]] WARN  server.GrpcLogAppender (GrpcLogAppender.java:timeoutAppendRequest(200)) - GrpcLogAppender(a9cb8897-0d38-4c59-817a-d67a8ba30c67->41e21bac-56c9-465a-a1cc-bc71b3ab473c): appendEntries Timeout, request=a9cb8897-0d38-4c59-817a-d67a8ba30c67->41e21bac-56c9-465a-a1cc-bc71b3ab473c#5191-t1, previous=(t:1, i:5181), leaderCommit=5179, initializing? false, entries: size=1, first=(t:1, i:5182), STATEMACHINELOGENTRY, client-729EAB8E4297, cid=3418
2019-09-05 19:11:24,733 [grpc-default-executor-2] WARN  server.GrpcLogAppender (GrpcLogAppender.java:onNextImpl(250)) - org.apache.ratis.grpc.server.GrpcLogAppender$AppendLogResponseHandler@33f4176b: Request not found, ignoring reply: a9cb8897-0d38-4c59-817a-d67a8ba30c67<-2bfdf505-3a1f-44eb-9843-3820b2477da1#5190:OK,SUCCESS,nextIndex:5182,term:1,followerCommit:5179
 0.00% |█                                                                                                    |  0/1 Time: 0:00:582019-09-05 19:11:24,733 [grpc-default-executor-0] WARN  server.GrpcLogAppender (GrpcLogAppender.java:onNextImpl(250)) - org.apache.ratis.grpc.server.GrpcLogAppender$AppendLogResponseHandler@7fe20345: Request not found, ignoring reply: a9cb8897-0d38-4c59-817a-d67a8ba30c67<-41e21bac-56c9-465a-a1cc-bc71b3ab473c#5190:OK,SUCCESS,nextIndex:5182,term:1,followerCommit:5179
2019-09-05 19:11:24,739 [grpc-default-executor-2] WARN  server.GrpcLogAppender (GrpcLogAppender.java:onNextImpl(250)) - org.apache.ratis.grpc.server.GrpcLogAppender$AppendLogResponseHandler@33f4176b: Request not found, ignoring reply: a9cb8897-0d38-4c59-817a-d67a8ba30c67<-2bfdf505-3a1f-44eb-9843-3820b2477da1#5191:OK,SUCCESS,nextIndex:5183,term:1,followerCommit:5179
2019-09-05 19:11:24,739 [grpc-default-executor-0] WARN  server.GrpcLogAppender (GrpcLogAppender.java:onNextImpl(250)) - org.apache.ratis.grpc.server.GrpcLogAppender$AppendLogResponseHandler@7fe20345: Request not found, ignoring reply: a9cb8897-0d38-4c59-817a-d67a8ba30c67<-41e21bac-56c9-465a-a1cc-bc71b3ab473c#5191:OK,SUCCESS,nextIndex:5183,term:1,followerCommit:5179
 0.00% |█                                                                                                    |  0/1 Time: 0:00:592019-09-05 19:11:25,885 [grpc-default-executor-0] INFO  client.GrpcClientProtocolClient (GrpcClientProtocolClient.java:onNext(255)) - client-729EAB8E4297->41e21bac-56c9-465a-a1cc-bc71b3ab473c: receive RaftClientReply:client-729EAB8E4297->41e21bac-56c9-465a-a1cc-bc71b3ab473c@group-A55F67FDC954, cid=3417, FAILED org.apache.ratis.protocol.NotLeaderException: Server 41e21bac-56c9-465a-a1cc-bc71b3ab473c is not the leader (a9cb8897-0d38-4c59-817a-d67a8ba30c67:192.168.157.242:43706). Request must be sent to leader., logIndex=0, commits[41e21bac-56c9-465a-a1cc-bc71b3ab473c:c5179, a9cb8897-0d38-4c59-817a-d67a8ba30c67:c5179, 2bfdf505-3a1f-44eb-9843-3820b2477da1:c5177]
 0.00% |█                                                                                                    |  0/1 Time: 0:01:002019-09-05 19:11:27,266 [grpc-default-executor-2] INFO  client.GrpcClientProtocolClient (GrpcClientProtocolClient.java:onNext(255)) - client-729EAB8E4297->a9cb8897-0d38-4c59-817a-d67a8ba30c67: receive RaftClientReply:client-729EAB8E4297->a9cb8897-0d38-4c59-817a-d67a8ba30c67@group-A55F67FDC954, cid=3417, SUCCESS, logIndex=5181, commits[a9cb8897-0d38-4c59-817a-d67a8ba30c67:c5182, 41e21bac-56c9-465a-a1cc-bc71b3ab473c:c5180, 2bfdf505-3a1f-44eb-9843-3820b2477da1:c5180]
2019-09-05 19:11:27,276 [grpc-default-executor-0] INFO  client.GrpcClientProtocolClient (GrpcClientProtocolClient.java:onNext(255)) - client-729EAB8E4297->a9cb8897-0d38-4c59-817a-d67a8ba30c67: receive RaftClientReply:client-729EAB8E4297->a9cb8897-0d38-4c59-817a-d67a8ba30c67@group-A55F67FDC954, cid=3418, SUCCESS, logIndex=5182, commits[a9cb8897-0d38-4c59-817a-d67a8ba30c67:c5182, 41e21bac-56c9-465a-a1cc-bc71b3ab473c:c5180, 2bfdf505-3a1f-44eb-9843-3820b2477da1:c5180]
2019-09-05 19:11:27,286 [grpc-default-executor-0] INFO  client.GrpcClientProtocolClient (GrpcClientProtocolClient.java:onNext(255)) - client-729EAB8E4297->a9cb8897-0d38-4c59-817a-d67a8ba30c67: receive RaftClientReply:client-729EAB8E4297->a9cb8897-0d38-4c59-817a-d67a8ba30c67@group-A55F67FDC954, cid=3419, SUCCESS, logIndex=0, commits[a9cb8897-0d38-4c59-817a-d67a8ba30c67:c5183, 41e21bac-56c9-465a-a1cc-bc71b3ab473c:c5182, 2bfdf505-3a1f-44eb-9843-3820b2477da1:c5182]
2019-09-05 19:11:27,321 [IPC Server handler 19 on 39565] WARN  block.BlockManagerImpl (BlockManagerImpl.java:allocateBlock(192)) - Pipeline creation failed for type:RATIS factor:THREE. Retrying get pipelines call once.
org.apache.hadoop.hdds.scm.pipeline.InsufficientDatanodesException: Cannot create pipeline of factor 3 using 2 nodes.
	at org.apache.hadoop.hdds.scm.pipeline.RatisPipelineProvider.create(RatisPipelineProvider.java:152)
	at org.apache.hadoop.hdds.scm.pipeline.PipelineFactory.create(PipelineFactory.java:57)
	at org.apache.hadoop.hdds.scm.pipeline.SCMPipelineManager.createPipeline(SCMPipelineManager.java:151)
	at org.apache.hadoop.hdds.scm.block.BlockManagerImpl.allocateBlock(BlockManagerImpl.java:190)
	at org.apache.hadoop.hdds.scm.server.SCMBlockProtocolServer.allocateBlock(SCMBlockProtocolServer.java:182)
	at org.apache.hadoop.ozone.protocolPB.ScmBlockLocationProtocolServerSideTranslatorPB.allocateScmBlock(ScmBlockLocationProtocolServerSideTranslatorPB.java:183)
	at org.apache.hadoop.ozone.protocolPB.ScmBlockLocationProtocolServerSideTranslatorPB.processMessage(ScmBlockLocationProtocolServerSideTranslatorPB.java:141)
	at org.apache.hadoop.ozone.protocolPB.ScmBlockLocationProtocolServerSideTranslatorPB.send(ScmBlockLocationProtocolServerSideTranslatorPB.java:116)
	at org.apache.hadoop.hdds.protocol.proto.ScmBlockLocationProtocolProtos$ScmBlockLocationProtocolService$2.callBlockingMethod(ScmBlockLocationProtocolProtos.java:13157)
	at org.apache.hadoop.ipc.ProtobufRpcEngine$Server$ProtoBufRpcInvoker.call(ProtobufRpcEngine.java:524)
	at org.apache.hadoop.ipc.RPC$Server.call(RPC.java:1025)
	at org.apache.hadoop.ipc.Server$RpcCall.run(Server.java:876)
	at org.apache.hadoop.ipc.Server$RpcCall.run(Server.java:822)
	at java.security.AccessController.doPrivileged(Native Method)
	at javax.security.auth.Subject.doAs(Subject.java:422)
	at org.apache.hadoop.security.UserGroupInformation.doAs(UserGroupInformation.java:1730)
	at org.apache.hadoop.ipc.Server$Handler.run(Server.java:2682)
2019-09-05 19:11:27,322 [IPC Server handler 19 on 39565] INFO  block.BlockManagerImpl (BlockManagerImpl.java:allocateBlock(198)) - Could not find available pipeline of type:RATIS and factor:THREE even after retrying
2019-09-05 19:11:27,322 [IPC Server handler 19 on 39565] ERROR block.BlockManagerImpl (BlockManagerImpl.java:allocateBlock(222)) - Unable to allocate a block for the size: 4194304, type: RATIS, factor: THREE
2019-09-05 19:11:27,327 [pool-277-thread-1] ERROR io.BlockOutputStreamEntryPool (BlockOutputStreamEntryPool.java:allocateBlockIfNeeded(299)) - Try to allocate more blocks for write failed, already allocated 0 blocks for this write.
INTERNAL_ERROR org.apache.hadoop.ozone.om.exceptions.OMException: Allocated 0 blocks. Requested 1 blocks
	at org.apache.hadoop.ozone.om.protocolPB.OzoneManagerProtocolClientSideTranslatorPB.handleError(OzoneManagerProtocolClientSideTranslatorPB.java:732)
	at org.apache.hadoop.ozone.om.protocolPB.OzoneManagerProtocolClientSideTranslatorPB.allocateBlock(OzoneManagerProtocolClientSideTranslatorPB.java:764)
	at org.apache.hadoop.ozone.client.io.BlockOutputStreamEntryPool.allocateNewBlock(BlockOutputStreamEntryPool.java:248)
	at org.apache.hadoop.ozone.client.io.BlockOutputStreamEntryPool.allocateBlockIfNeeded(BlockOutputStreamEntryPool.java:296)
	at org.apache.hadoop.ozone.client.io.KeyOutputStream.handleWrite(KeyOutputStream.java:201)
	at org.apache.hadoop.ozone.client.io.KeyOutputStream.write(KeyOutputStream.java:193)
	at org.apache.hadoop.ozone.client.io.OzoneOutputStream.write(OzoneOutputStream.java:49)
	at org.apache.hadoop.ozone.freon.RandomKeyGenerator.createKey(RandomKeyGenerator.java:708)
	at org.apache.hadoop.ozone.freon.RandomKeyGenerator.access$1100(RandomKeyGenerator.java:88)
	at org.apache.hadoop.ozone.freon.RandomKeyGenerator$ObjectCreator.run(RandomKeyGenerator.java:615)
	at java.util.concurrent.Executors$RunnableAdapter.call(Executors.java:511)
	at java.util.concurrent.FutureTask.run(FutureTask.java:266)
	at java.util.concurrent.ThreadPoolExecutor.runWorker(ThreadPoolExecutor.java:1149)
	at java.util.concurrent.ThreadPoolExecutor$Worker.run(ThreadPoolExecutor.java:624)
	at java.lang.Thread.run(Thread.java:748)
2019-09-05 19:11:27,327 [pool-277-thread-1] ERROR freon.RandomKeyGenerator (RandomKeyGenerator.java:createKey(733)) - Exception while adding key: key-0-02567 in bucket: bucket-0-87265 of volume: vol-0-29585.
INTERNAL_ERROR org.apache.hadoop.ozone.om.exceptions.OMException: Allocated 0 blocks. Requested 1 blocks
	at org.apache.hadoop.ozone.om.protocolPB.OzoneManagerProtocolClientSideTranslatorPB.handleError(OzoneManagerProtocolClientSideTranslatorPB.java:732)
	at org.apache.hadoop.ozone.om.protocolPB.OzoneManagerProtocolClientSideTranslatorPB.allocateBlock(OzoneManagerProtocolClientSideTranslatorPB.java:764)
	at org.apache.hadoop.ozone.client.io.BlockOutputStreamEntryPool.allocateNewBlock(BlockOutputStreamEntryPool.java:248)
	at org.apache.hadoop.ozone.client.io.BlockOutputStreamEntryPool.allocateBlockIfNeeded(BlockOutputStreamEntryPool.java:296)
	at org.apache.hadoop.ozone.client.io.KeyOutputStream.handleWrite(KeyOutputStream.java:201)
	at org.apache.hadoop.ozone.client.io.KeyOutputStream.write(KeyOutputStream.java:193)
	at org.apache.hadoop.ozone.client.io.OzoneOutputStream.write(OzoneOutputStream.java:49)
	at org.apache.hadoop.ozone.freon.RandomKeyGenerator.createKey(RandomKeyGenerator.java:708)
	at org.apache.hadoop.ozone.freon.RandomKeyGenerator.access$1100(RandomKeyGenerator.java:88)
	at org.apache.hadoop.ozone.freon.RandomKeyGenerator$ObjectCreator.run(RandomKeyGenerator.java:615)
	at java.util.concurrent.Executors$RunnableAdapter.call(Executors.java:511)
	at java.util.concurrent.FutureTask.run(FutureTask.java:266)
	at java.util.concurrent.ThreadPoolExecutor.runWorker(ThreadPoolExecutor.java:1149)
	at java.util.concurrent.ThreadPoolExecutor$Worker.run(ThreadPoolExecutor.java:624)
	at java.lang.Thread.run(Thread.java:748)
 0.00% |█                                                                                                    |  0/1 Time: 0:01:01 0.00% |█                                                                                                    |  0/1 Time: 0:01:02 0.00% |█                                                                                                    |  0/1 Time: 0:01:03 0.00% |█                                                                                                    |  0/1 Time: 0:01:04 100.00% |█████████████████████████████████████████████████████████████████████████████████████████████████████|  1/1 Time: 0:01:05
]]></system-out>
  </testcase>
  <testcase name="fileWithSizeZero" classname="org.apache.hadoop.ozone.freon.TestRandomKeyGenerator" time="5.053"/>
  <testcase name="multiThread" classname="org.apache.hadoop.ozone.freon.TestRandomKeyGenerator" time="5.023"/>
</testsuite>