<?xml version="1.0" encoding="UTF-8"?>
<testsuite xmlns:xsi="http://www.w3.org/2001/XMLSchema-instance" xsi:noNamespaceSchemaLocation="https://maven.apache.org/surefire/maven-surefire-plugin/xsd/surefire-test-report.xsd" name="org.apache.ratis.netty.TestLeaderElectionWithNetty" time="118.206" tests="5" errors="1" skipped="0" failures="0">
  <properties>
    <property name="awt.toolkit" value="sun.awt.X11.XToolkit"/>
    <property name="file.encoding.pkg" value="sun.io"/>
    <property name="java.specification.version" value="1.8"/>
    <property name="sun.cpu.isalist" value=""/>
    <property name="sun.jnu.encoding" value="UTF-8"/>
    <property name="java.class.path" value="/workdir/ratis-test/target/test-classes:/workdir/ratis-test/target/classes:/workdir/ratis-common/target/classes:/home/user/.m2/repository/org/apache/ratis/ratis-thirdparty-misc/0.2.0/ratis-thirdparty-misc-0.2.0.jar:/workdir/ratis-proto/target/ratis-proto-0.5.0-SNAPSHOT.jar:/home/user/.m2/repository/org/slf4j/slf4j-log4j12/1.7.10/slf4j-log4j12-1.7.10.jar:/home/user/.m2/repository/log4j/log4j/1.2.17/log4j-1.2.17.jar:/workdir/ratis-common/target/test-classes:/workdir/ratis-client/target/classes:/workdir/ratis-server/target/classes:/workdir/ratis-metrics/target/classes:/home/user/.m2/repository/io/dropwizard/metrics/metrics-core/3.2.5/metrics-core-3.2.5.jar:/home/user/.m2/repository/com/github/joshelser/dropwizard-metrics-hadoop-metrics2-reporter/0.1.2/dropwizard-metrics-hadoop-metrics2-reporter-0.1.2.jar:/home/user/.m2/repository/org/apache/hadoop/hadoop-common/2.6.0/hadoop-common-2.6.0.jar:/home/user/.m2/repository/org/apache/hadoop/hadoop-annotations/2.6.0/hadoop-annotations-2.6.0.jar:/usr/lib/jvm/java-1.8-openjdk/jre/../lib/tools.jar:/home/user/.m2/repository/com/google/guava/guava/11.0.2/guava-11.0.2.jar:/home/user/.m2/repository/commons-cli/commons-cli/1.2/commons-cli-1.2.jar:/home/user/.m2/repository/org/apache/commons/commons-math3/3.1.1/commons-math3-3.1.1.jar:/home/user/.m2/repository/xmlenc/xmlenc/0.52/xmlenc-0.52.jar:/home/user/.m2/repository/commons-httpclient/commons-httpclient/3.1/commons-httpclient-3.1.jar:/home/user/.m2/repository/commons-codec/commons-codec/1.4/commons-codec-1.4.jar:/home/user/.m2/repository/commons-io/commons-io/2.4/commons-io-2.4.jar:/home/user/.m2/repository/commons-net/commons-net/3.1/commons-net-3.1.jar:/home/user/.m2/repository/commons-collections/commons-collections/3.2.1/commons-collections-3.2.1.jar:/home/user/.m2/repository/javax/servlet/servlet-api/2.5/servlet-api-2.5.jar:/home/user/.m2/repository/org/mortbay/jetty/jetty/6.1.26/jetty-6.1.26.jar:/home/user/.m2/repository/org/mortbay/jetty/jetty-util/6.1.26/jetty-util-6.1.26.jar:/home/user/.m2/repository/com/sun/jersey/jersey-core/1.9/jersey-core-1.9.jar:/home/user/.m2/repository/com/sun/jersey/jersey-json/1.9/jersey-json-1.9.jar:/home/user/.m2/repository/org/codehaus/jettison/jettison/1.1/jettison-1.1.jar:/home/user/.m2/repository/com/sun/xml/bind/jaxb-impl/2.2.3-1/jaxb-impl-2.2.3-1.jar:/home/user/.m2/repository/javax/xml/bind/jaxb-api/2.2.2/jaxb-api-2.2.2.jar:/home/user/.m2/repository/javax/xml/stream/stax-api/1.0-2/stax-api-1.0-2.jar:/home/user/.m2/repository/javax/activation/activation/1.1/activation-1.1.jar:/home/user/.m2/repository/org/codehaus/jackson/jackson-jaxrs/1.8.3/jackson-jaxrs-1.8.3.jar:/home/user/.m2/repository/org/codehaus/jackson/jackson-xc/1.8.3/jackson-xc-1.8.3.jar:/home/user/.m2/repository/com/sun/jersey/jersey-server/1.9/jersey-server-1.9.jar:/home/user/.m2/repository/asm/asm/3.1/asm-3.1.jar:/home/user/.m2/repository/tomcat/jasper-compiler/5.5.23/jasper-compiler-5.5.23.jar:/home/user/.m2/repository/tomcat/jasper-runtime/5.5.23/jasper-runtime-5.5.23.jar:/home/user/.m2/repository/javax/servlet/jsp/jsp-api/2.1/jsp-api-2.1.jar:/home/user/.m2/repository/commons-el/commons-el/1.0/commons-el-1.0.jar:/home/user/.m2/repository/commons-logging/commons-logging/1.1.3/commons-logging-1.1.3.jar:/home/user/.m2/repository/net/java/dev/jets3t/jets3t/0.9.0/jets3t-0.9.0.jar:/home/user/.m2/repository/org/apache/httpcomponents/httpclient/4.1.2/httpclient-4.1.2.jar:/home/user/.m2/repository/org/apache/httpcomponents/httpcore/4.1.2/httpcore-4.1.2.jar:/home/user/.m2/repository/com/jamesmurty/utils/java-xmlbuilder/0.4/java-xmlbuilder-0.4.jar:/home/user/.m2/repository/commons-lang/commons-lang/2.6/commons-lang-2.6.jar:/home/user/.m2/repository/commons-configuration/commons-configuration/1.6/commons-configuration-1.6.jar:/home/user/.m2/repository/commons-digester/commons-digester/1.8/commons-digester-1.8.jar:/home/user/.m2/repository/commons-beanutils/commons-beanutils/1.7.0/commons-beanutils-1.7.0.jar:/home/user/.m2/repository/commons-beanutils/commons-beanutils-core/1.8.0/commons-beanutils-core-1.8.0.jar:/home/user/.m2/repository/org/codehaus/jackson/jackson-core-asl/1.9.13/jackson-core-asl-1.9.13.jar:/home/user/.m2/repository/org/codehaus/jackson/jackson-mapper-asl/1.9.13/jackson-mapper-asl-1.9.13.jar:/home/user/.m2/repository/org/apache/avro/avro/1.7.4/avro-1.7.4.jar:/home/user/.m2/repository/com/thoughtworks/paranamer/paranamer/2.3/paranamer-2.3.jar:/home/user/.m2/repository/org/xerial/snappy/snappy-java/1.0.4.1/snappy-java-1.0.4.1.jar:/home/user/.m2/repository/com/google/protobuf/protobuf-java/2.5.0/protobuf-java-2.5.0.jar:/home/user/.m2/repository/com/google/code/gson/gson/2.2.4/gson-2.2.4.jar:/home/user/.m2/repository/org/apache/hadoop/hadoop-auth/2.6.0/hadoop-auth-2.6.0.jar:/home/user/.m2/repository/org/apache/directory/server/apacheds-kerberos-codec/2.0.0-M15/apacheds-kerberos-codec-2.0.0-M15.jar:/home/user/.m2/repository/org/apache/directory/server/apacheds-i18n/2.0.0-M15/apacheds-i18n-2.0.0-M15.jar:/home/user/.m2/repository/org/apache/directory/api/api-asn1-api/1.0.0-M20/api-asn1-api-1.0.0-M20.jar:/home/user/.m2/repository/org/apache/directory/api/api-util/1.0.0-M20/api-util-1.0.0-M20.jar:/home/user/.m2/repository/org/apache/curator/curator-framework/2.6.0/curator-framework-2.6.0.jar:/home/user/.m2/repository/com/jcraft/jsch/0.1.42/jsch-0.1.42.jar:/home/user/.m2/repository/org/apache/curator/curator-client/2.6.0/curator-client-2.6.0.jar:/home/user/.m2/repository/org/apache/curator/curator-recipes/2.6.0/curator-recipes-2.6.0.jar:/home/user/.m2/repository/com/google/code/findbugs/jsr305/1.3.9/jsr305-1.3.9.jar:/home/user/.m2/repository/org/htrace/htrace-core/3.0.4/htrace-core-3.0.4.jar:/home/user/.m2/repository/org/apache/zookeeper/zookeeper/3.4.6/zookeeper-3.4.6.jar:/home/user/.m2/repository/io/netty/netty/3.7.0.Final/netty-3.7.0.Final.jar:/home/user/.m2/repository/org/apache/commons/commons-compress/1.4.1/commons-compress-1.4.1.jar:/home/user/.m2/repository/org/tukaani/xz/1.0/xz-1.0.jar:/home/user/.m2/repository/io/dropwizard/metrics/metrics-jvm/3.2.5/metrics-jvm-3.2.5.jar:/home/user/.m2/repository/io/dropwizard/metrics/metrics-ganglia/3.2.5/metrics-ganglia-3.2.5.jar:/home/user/.m2/repository/info/ganglia/gmetric4j/gmetric4j/1.0.7/gmetric4j-1.0.7.jar:/workdir/ratis-server/target/test-classes:/workdir/ratis-netty/target/classes:/workdir/ratis-netty/target/test-classes:/workdir/ratis-grpc/target/classes:/workdir/ratis-grpc/target/test-classes:/home/user/.m2/repository/org/slf4j/slf4j-api/1.7.10/slf4j-api-1.7.10.jar:/home/user/.m2/repository/junit/junit/4.12/junit-4.12.jar:/home/user/.m2/repository/org/hamcrest/hamcrest-core/1.3/hamcrest-core-1.3.jar:/home/user/.m2/repository/org/mockito/mockito-all/1.8.5/mockito-all-1.8.5.jar:"/>
    <property name="java.vm.vendor" value="IcedTea"/>
    <property name="sun.arch.data.model" value="64"/>
    <property name="java.vendor.url" value="https://icedtea.classpath.org"/>
    <property name="user.timezone" value=""/>
    <property name="java.vm.specification.version" value="1.8"/>
    <property name="os.name" value="Linux"/>
    <property name="user.country" value="US"/>
    <property name="sun.java.launcher" value="SUN_STANDARD"/>
    <property name="sun.boot.library.path" value="/usr/lib/jvm/java-1.8-openjdk/jre/lib/amd64"/>
    <property name="sun.java.command" value="/workdir/ratis-test/target/surefire/surefirebooter775054930652494918.jar /workdir/ratis-test/target/surefire 2019-09-24T11-55-26_108-jvmRun1 surefire5571404807164550061tmp surefire_397526458386400591710tmp"/>
    <property name="surefire.test.class.path" value="/workdir/ratis-test/target/test-classes:/workdir/ratis-test/target/classes:/workdir/ratis-common/target/classes:/home/user/.m2/repository/org/apache/ratis/ratis-thirdparty-misc/0.2.0/ratis-thirdparty-misc-0.2.0.jar:/workdir/ratis-proto/target/ratis-proto-0.5.0-SNAPSHOT.jar:/home/user/.m2/repository/org/slf4j/slf4j-log4j12/1.7.10/slf4j-log4j12-1.7.10.jar:/home/user/.m2/repository/log4j/log4j/1.2.17/log4j-1.2.17.jar:/workdir/ratis-common/target/test-classes:/workdir/ratis-client/target/classes:/workdir/ratis-server/target/classes:/workdir/ratis-metrics/target/classes:/home/user/.m2/repository/io/dropwizard/metrics/metrics-core/3.2.5/metrics-core-3.2.5.jar:/home/user/.m2/repository/com/github/joshelser/dropwizard-metrics-hadoop-metrics2-reporter/0.1.2/dropwizard-metrics-hadoop-metrics2-reporter-0.1.2.jar:/home/user/.m2/repository/org/apache/hadoop/hadoop-common/2.6.0/hadoop-common-2.6.0.jar:/home/user/.m2/repository/org/apache/hadoop/hadoop-annotations/2.6.0/hadoop-annotations-2.6.0.jar:/usr/lib/jvm/java-1.8-openjdk/jre/../lib/tools.jar:/home/user/.m2/repository/com/google/guava/guava/11.0.2/guava-11.0.2.jar:/home/user/.m2/repository/commons-cli/commons-cli/1.2/commons-cli-1.2.jar:/home/user/.m2/repository/org/apache/commons/commons-math3/3.1.1/commons-math3-3.1.1.jar:/home/user/.m2/repository/xmlenc/xmlenc/0.52/xmlenc-0.52.jar:/home/user/.m2/repository/commons-httpclient/commons-httpclient/3.1/commons-httpclient-3.1.jar:/home/user/.m2/repository/commons-codec/commons-codec/1.4/commons-codec-1.4.jar:/home/user/.m2/repository/commons-io/commons-io/2.4/commons-io-2.4.jar:/home/user/.m2/repository/commons-net/commons-net/3.1/commons-net-3.1.jar:/home/user/.m2/repository/commons-collections/commons-collections/3.2.1/commons-collections-3.2.1.jar:/home/user/.m2/repository/javax/servlet/servlet-api/2.5/servlet-api-2.5.jar:/home/user/.m2/repository/org/mortbay/jetty/jetty/6.1.26/jetty-6.1.26.jar:/home/user/.m2/repository/org/mortbay/jetty/jetty-util/6.1.26/jetty-util-6.1.26.jar:/home/user/.m2/repository/com/sun/jersey/jersey-core/1.9/jersey-core-1.9.jar:/home/user/.m2/repository/com/sun/jersey/jersey-json/1.9/jersey-json-1.9.jar:/home/user/.m2/repository/org/codehaus/jettison/jettison/1.1/jettison-1.1.jar:/home/user/.m2/repository/com/sun/xml/bind/jaxb-impl/2.2.3-1/jaxb-impl-2.2.3-1.jar:/home/user/.m2/repository/javax/xml/bind/jaxb-api/2.2.2/jaxb-api-2.2.2.jar:/home/user/.m2/repository/javax/xml/stream/stax-api/1.0-2/stax-api-1.0-2.jar:/home/user/.m2/repository/javax/activation/activation/1.1/activation-1.1.jar:/home/user/.m2/repository/org/codehaus/jackson/jackson-jaxrs/1.8.3/jackson-jaxrs-1.8.3.jar:/home/user/.m2/repository/org/codehaus/jackson/jackson-xc/1.8.3/jackson-xc-1.8.3.jar:/home/user/.m2/repository/com/sun/jersey/jersey-server/1.9/jersey-server-1.9.jar:/home/user/.m2/repository/asm/asm/3.1/asm-3.1.jar:/home/user/.m2/repository/tomcat/jasper-compiler/5.5.23/jasper-compiler-5.5.23.jar:/home/user/.m2/repository/tomcat/jasper-runtime/5.5.23/jasper-runtime-5.5.23.jar:/home/user/.m2/repository/javax/servlet/jsp/jsp-api/2.1/jsp-api-2.1.jar:/home/user/.m2/repository/commons-el/commons-el/1.0/commons-el-1.0.jar:/home/user/.m2/repository/commons-logging/commons-logging/1.1.3/commons-logging-1.1.3.jar:/home/user/.m2/repository/net/java/dev/jets3t/jets3t/0.9.0/jets3t-0.9.0.jar:/home/user/.m2/repository/org/apache/httpcomponents/httpclient/4.1.2/httpclient-4.1.2.jar:/home/user/.m2/repository/org/apache/httpcomponents/httpcore/4.1.2/httpcore-4.1.2.jar:/home/user/.m2/repository/com/jamesmurty/utils/java-xmlbuilder/0.4/java-xmlbuilder-0.4.jar:/home/user/.m2/repository/commons-lang/commons-lang/2.6/commons-lang-2.6.jar:/home/user/.m2/repository/commons-configuration/commons-configuration/1.6/commons-configuration-1.6.jar:/home/user/.m2/repository/commons-digester/commons-digester/1.8/commons-digester-1.8.jar:/home/user/.m2/repository/commons-beanutils/commons-beanutils/1.7.0/commons-beanutils-1.7.0.jar:/home/user/.m2/repository/commons-beanutils/commons-beanutils-core/1.8.0/commons-beanutils-core-1.8.0.jar:/home/user/.m2/repository/org/codehaus/jackson/jackson-core-asl/1.9.13/jackson-core-asl-1.9.13.jar:/home/user/.m2/repository/org/codehaus/jackson/jackson-mapper-asl/1.9.13/jackson-mapper-asl-1.9.13.jar:/home/user/.m2/repository/org/apache/avro/avro/1.7.4/avro-1.7.4.jar:/home/user/.m2/repository/com/thoughtworks/paranamer/paranamer/2.3/paranamer-2.3.jar:/home/user/.m2/repository/org/xerial/snappy/snappy-java/1.0.4.1/snappy-java-1.0.4.1.jar:/home/user/.m2/repository/com/google/protobuf/protobuf-java/2.5.0/protobuf-java-2.5.0.jar:/home/user/.m2/repository/com/google/code/gson/gson/2.2.4/gson-2.2.4.jar:/home/user/.m2/repository/org/apache/hadoop/hadoop-auth/2.6.0/hadoop-auth-2.6.0.jar:/home/user/.m2/repository/org/apache/directory/server/apacheds-kerberos-codec/2.0.0-M15/apacheds-kerberos-codec-2.0.0-M15.jar:/home/user/.m2/repository/org/apache/directory/server/apacheds-i18n/2.0.0-M15/apacheds-i18n-2.0.0-M15.jar:/home/user/.m2/repository/org/apache/directory/api/api-asn1-api/1.0.0-M20/api-asn1-api-1.0.0-M20.jar:/home/user/.m2/repository/org/apache/directory/api/api-util/1.0.0-M20/api-util-1.0.0-M20.jar:/home/user/.m2/repository/org/apache/curator/curator-framework/2.6.0/curator-framework-2.6.0.jar:/home/user/.m2/repository/com/jcraft/jsch/0.1.42/jsch-0.1.42.jar:/home/user/.m2/repository/org/apache/curator/curator-client/2.6.0/curator-client-2.6.0.jar:/home/user/.m2/repository/org/apache/curator/curator-recipes/2.6.0/curator-recipes-2.6.0.jar:/home/user/.m2/repository/com/google/code/findbugs/jsr305/1.3.9/jsr305-1.3.9.jar:/home/user/.m2/repository/org/htrace/htrace-core/3.0.4/htrace-core-3.0.4.jar:/home/user/.m2/repository/org/apache/zookeeper/zookeeper/3.4.6/zookeeper-3.4.6.jar:/home/user/.m2/repository/io/netty/netty/3.7.0.Final/netty-3.7.0.Final.jar:/home/user/.m2/repository/org/apache/commons/commons-compress/1.4.1/commons-compress-1.4.1.jar:/home/user/.m2/repository/org/tukaani/xz/1.0/xz-1.0.jar:/home/user/.m2/repository/io/dropwizard/metrics/metrics-jvm/3.2.5/metrics-jvm-3.2.5.jar:/home/user/.m2/repository/io/dropwizard/metrics/metrics-ganglia/3.2.5/metrics-ganglia-3.2.5.jar:/home/user/.m2/repository/info/ganglia/gmetric4j/gmetric4j/1.0.7/gmetric4j-1.0.7.jar:/workdir/ratis-server/target/test-classes:/workdir/ratis-netty/target/classes:/workdir/ratis-netty/target/test-classes:/workdir/ratis-grpc/target/classes:/workdir/ratis-grpc/target/test-classes:/home/user/.m2/repository/org/slf4j/slf4j-api/1.7.10/slf4j-api-1.7.10.jar:/home/user/.m2/repository/junit/junit/4.12/junit-4.12.jar:/home/user/.m2/repository/org/hamcrest/hamcrest-core/1.3/hamcrest-core-1.3.jar:/home/user/.m2/repository/org/mockito/mockito-all/1.8.5/mockito-all-1.8.5.jar:"/>
    <property name="sun.cpu.endian" value="little"/>
    <property name="user.home" value="/home/user"/>
    <property name="user.language" value="en"/>
    <property name="java.specification.vendor" value="Oracle Corporation"/>
    <property name="java.home" value="/usr/lib/jvm/java-1.8-openjdk/jre"/>
    <property name="basedir" value="/workdir/ratis-test"/>
    <property name="file.separator" value="/"/>
    <property name="line.separator" value="&#10;"/>
    <property name="java.vm.specification.vendor" value="Oracle Corporation"/>
    <property name="java.specification.name" value="Java Platform API Specification"/>
    <property name="java.awt.graphicsenv" value="sun.awt.X11GraphicsEnvironment"/>
    <property name="surefire.real.class.path" value="/workdir/ratis-test/target/surefire/surefirebooter775054930652494918.jar"/>
    <property name="sun.boot.class.path" value="/usr/lib/jvm/java-1.8-openjdk/jre/lib/resources.jar:/usr/lib/jvm/java-1.8-openjdk/jre/lib/rt.jar:/usr/lib/jvm/java-1.8-openjdk/jre/lib/sunrsasign.jar:/usr/lib/jvm/java-1.8-openjdk/jre/lib/jsse.jar:/usr/lib/jvm/java-1.8-openjdk/jre/lib/jce.jar:/usr/lib/jvm/java-1.8-openjdk/jre/lib/charsets.jar:/usr/lib/jvm/java-1.8-openjdk/jre/lib/jfr.jar:/usr/lib/jvm/java-1.8-openjdk/jre/classes"/>
    <property name="sun.management.compiler" value="HotSpot 64-Bit Tiered Compilers"/>
    <property name="java.runtime.version" value="1.8.0_212-b04"/>
    <property name="java.net.preferIPv4Stack" value="true"/>
    <property name="user.name" value="jenkins1000"/>
    <property name="path.separator" value=":"/>
    <property name="os.version" value="3.10.0-957.12.2.el7.x86_64"/>
    <property name="java.endorsed.dirs" value="/usr/lib/jvm/java-1.8-openjdk/jre/lib/endorsed"/>
    <property name="java.runtime.name" value="OpenJDK Runtime Environment"/>
    <property name="file.encoding" value="UTF-8"/>
    <property name="java.vm.name" value="OpenJDK 64-Bit Server VM"/>
    <property name="localRepository" value="/home/user/.m2/repository"/>
    <property name="java.vendor.url.bug" value="https://icedtea.classpath.org/bugzilla"/>
    <property name="java.io.tmpdir" value="/tmp"/>
    <property name="java.version" value="1.8.0_212"/>
    <property name="user.dir" value="/workdir/ratis-test"/>
    <property name="os.arch" value="amd64"/>
    <property name="ratis.tmp.dir" value="/workdir/ratis-test/target/tmp"/>
    <property name="java.vm.specification.name" value="Java Virtual Machine Specification"/>
    <property name="java.awt.printerjob" value="sun.print.PSPrinterJob"/>
    <property name="ratis.log.dir" value="/workdir/ratis-test/target/log"/>
    <property name="sun.os.patch.level" value="unknown"/>
    <property name="java.library.path" value="/usr/lib/jvm/java-1.8-openjdk/jre/lib/amd64/server:/usr/lib/jvm/java-1.8-openjdk/jre/lib/amd64:/usr/lib/jvm/java-1.8-openjdk/jre/../lib/amd64:/usr/java/packages/lib/amd64:/usr/lib64:/lib64:/lib:/usr/lib"/>
    <property name="java.vm.info" value="mixed mode"/>
    <property name="java.vendor" value="IcedTea"/>
    <property name="java.vm.version" value="25.212-b04"/>
    <property name="java.ext.dirs" value="/usr/lib/jvm/java-1.8-openjdk/jre/lib/ext:/usr/java/packages/lib/ext"/>
    <property name="sun.io.unicode.encoding" value="UnicodeLittle"/>
    <property name="java.class.version" value="52.0"/>
  </properties>
  <testcase name="testEnforceLeader" classname="org.apache.ratis.netty.TestLeaderElectionWithNetty" time="3.65"/>
  <testcase name="testLateServerStart" classname="org.apache.ratis.netty.TestLeaderElectionWithNetty" time="4.57"/>
  <testcase name="testBasicLeaderElection" classname="org.apache.ratis.netty.TestLeaderElectionWithNetty" time="100.022">
    <error message="test timed out after 100 seconds" type="org.junit.runners.model.TestTimedOutException">org.junit.runners.model.TestTimedOutException: test timed out after 100 seconds
</error>
    <system-out><![CDATA[2019-09-24 12:05:02,269 INFO  util.LogUtils (LogUtils.java:setLogLevel(41)) - Set org.apache.ratis.conf.ConfUtils log level to WARN
2019-09-24 12:05:02,270 INFO  util.LogUtils (LogUtils.java:setLogLevel(41)) - Set org.apache.ratis.util.FileUtils log level to TRACE
2019-09-24 12:05:02,270 INFO  util.LogUtils (LogUtils.java:setLogLevel(41)) - Set org.apache.ratis.server.impl.RaftServerImpl log level to DEBUG
2019-09-24 12:05:02,270 INFO  util.LogUtils (LogUtils.java:setLogLevel(41)) - Set org.apache.ratis.client.RaftClient log level to DEBUG
2019-09-24 12:05:02,271 INFO  netty.TestLeaderElectionWithNetty (LeaderElectionTests.java:testBasicLeaderElection(60)) - Running testBasicLeaderElection
2019-09-24 12:05:02,273 INFO  ratis.MiniRaftCluster (MiniRaftCluster.java:<init>(253)) - new MiniRaftClusterWithNetty with group-E7D5050F4609:[s3:0.0.0.0:40479, s4:0.0.0.0:43695, s0:0.0.0.0:44661, s1:0.0.0.0:36487, s2:0.0.0.0:42023]
2019-09-24 12:05:02,273 INFO  ratis.MiniRaftCluster (MiniRaftCluster.java:start(287)) - .............................................................. 
2019-09-24 12:05:02,273 INFO  ratis.MiniRaftCluster (MiniRaftCluster.java:start(288)) - ... 
2019-09-24 12:05:02,274 INFO  ratis.MiniRaftCluster (MiniRaftCluster.java:start(289)) - ...     Starting MiniRaftClusterWithNetty
2019-09-24 12:05:02,274 INFO  ratis.MiniRaftCluster (MiniRaftCluster.java:start(290)) - ... 
2019-09-24 12:05:02,274 INFO  ratis.MiniRaftCluster (MiniRaftCluster.java:start(291)) - .............................................................. 
2019-09-24 12:05:02,274 INFO  ratis.MiniRaftCluster (MiniRaftCluster.java:initServers(265)) - servers = {}
2019-09-24 12:05:02,274 INFO  ratis.MiniRaftCluster (MiniRaftCluster.java:newRaftServer(330)) - newRaftServer: s3, group-E7D5050F4609:[s3:0.0.0.0:40479, s4:0.0.0.0:43695, s0:0.0.0.0:44661, s1:0.0.0.0:36487, s2:0.0.0.0:42023], format? true
2019-09-24 12:05:02,275 TRACE util.FileUtils (FileUtils.java:deleteFully(88)) - deleteFully target/test/data/aaa4fccd/MiniRaftClusterWithNettyac8e1cad/s3
2019-09-24 12:05:02,275 TRACE util.FileUtils (FileUtils.java:deleteFully(104)) - deleteFully: target/test/data/aaa4fccd/MiniRaftClusterWithNettyac8e1cad/s3 does not exist.
2019-09-24 12:05:02,276 INFO  ratis.MiniRaftCluster (MiniRaftCluster.java:newRaftServer(335)) - Formatted directory target/test/data/aaa4fccd/MiniRaftClusterWithNettyac8e1cad/s3
2019-09-24 12:05:02,276 INFO  impl.RaftServerProxy (ConfUtils.java:logGet(43)) - raft.rpc.type = NETTY (custom)
2019-09-24 12:05:02,279 INFO  netty.NettyConfigKeys$Server (ConfUtils.java:logGet(43)) - raft.netty.server.port = 40479 (custom)
2019-09-24 12:05:02,280 INFO  server.RaftServerConfigKeys (ConfUtils.java:logGet(43)) - raft.server.storage.dir = [/workdir/ratis-test/target/test/data/aaa4fccd/MiniRaftClusterWithNettyac8e1cad/s3] (custom)
2019-09-24 12:05:02,281 INFO  logging.LoggingHandler (AbstractInternalLogger.java:log(150)) - [id: 0x18e757fc] REGISTERED
2019-09-24 12:05:02,282 INFO  logging.LoggingHandler (AbstractInternalLogger.java:log(150)) - [id: 0x18e757fc] BIND: 0.0.0.0/0.0.0.0:40479
2019-09-24 12:05:02,282 INFO  impl.RaftServerProxy (RaftServerProxy.java:addNew(89)) - s3: addNew group-E7D5050F4609:[s3:0.0.0.0:40479, s4:0.0.0.0:43695, s0:0.0.0.0:44661, s1:0.0.0.0:36487, s2:0.0.0.0:42023] returns group-E7D5050F4609:java.util.concurrent.CompletableFuture@f2b9d8d[Not completed]
2019-09-24 12:05:02,282 INFO  logging.LoggingHandler (AbstractInternalLogger.java:log(150)) - [id: 0x18e757fc, L:/0.0.0.0:40479] ACTIVE
2019-09-24 12:05:02,283 INFO  ratis.MiniRaftCluster (MiniRaftCluster.java:newRaftServer(330)) - newRaftServer: s4, group-E7D5050F4609:[s3:0.0.0.0:40479, s4:0.0.0.0:43695, s0:0.0.0.0:44661, s1:0.0.0.0:36487, s2:0.0.0.0:42023], format? true
2019-09-24 12:05:02,283 INFO  impl.RaftServerImpl (RaftServerImpl.java:<init>(95)) - s3: new RaftServerImpl for group-E7D5050F4609:[s3:0.0.0.0:40479, s4:0.0.0.0:43695, s0:0.0.0.0:44661, s1:0.0.0.0:36487, s2:0.0.0.0:42023] with BaseStateMachine:uninitialized
2019-09-24 12:05:02,284 TRACE util.FileUtils (FileUtils.java:deleteFully(88)) - deleteFully target/test/data/aaa4fccd/MiniRaftClusterWithNettyac8e1cad/s4
2019-09-24 12:05:02,284 INFO  server.RaftServerConfigKeys (ConfUtils.java:logGet(43)) - raft.server.rpc.timeout.min = 150ms (default)
2019-09-24 12:05:02,285 TRACE util.FileUtils (FileUtils.java:deleteFully(104)) - deleteFully: target/test/data/aaa4fccd/MiniRaftClusterWithNettyac8e1cad/s4 does not exist.
2019-09-24 12:05:02,285 INFO  server.RaftServerConfigKeys (ConfUtils.java:logGet(43)) - raft.server.rpc.timeout.max = 300ms (default)
2019-09-24 12:05:02,285 INFO  ratis.MiniRaftCluster (MiniRaftCluster.java:newRaftServer(335)) - Formatted directory target/test/data/aaa4fccd/MiniRaftClusterWithNettyac8e1cad/s4
2019-09-24 12:05:02,285 INFO  server.RaftServerConfigKeys (ConfUtils.java:logGet(43)) - raft.server.rpcslowness.timeout = 60s (default)
2019-09-24 12:05:02,286 INFO  server.RaftServerConfigKeys (ConfUtils.java:logGet(43)) - raft.server.sleep.deviation.threshold = 300 (default)
2019-09-24 12:05:02,286 INFO  server.RaftServerConfigKeys (ConfUtils.java:logGet(43)) - raft.server.log.appender.install.snapshot.enabled = true (default)
2019-09-24 12:05:02,286 INFO  impl.RaftServerProxy (ConfUtils.java:logGet(43)) - raft.rpc.type = NETTY (custom)
2019-09-24 12:05:02,286 INFO  impl.RaftServerImpl (ServerState.java:<init>(103)) - s3@group-E7D5050F4609: ConfigurationManager, init=-1: [s3:0.0.0.0:40479, s4:0.0.0.0:43695, s0:0.0.0.0:44661, s1:0.0.0.0:36487, s2:0.0.0.0:42023], old=null, confs=<EMPTY_MAP>
2019-09-24 12:05:02,287 INFO  server.RaftServerConfigKeys (ConfUtils.java:logGet(43)) - raft.server.storage.dir = [/workdir/ratis-test/target/test/data/aaa4fccd/MiniRaftClusterWithNettyac8e1cad/s3] (custom)
2019-09-24 12:05:02,287 INFO  server.RaftServerConfigKeys (ConfUtils.java:logGet(43)) - raft.server.log.corruption.policy = EXCEPTION (default)
2019-09-24 12:05:02,287 INFO  storage.RaftStorageDirectory (RaftStorageDirectory.java:analyzeStorage(246)) - The storage directory /workdir/ratis-test/target/test/data/aaa4fccd/MiniRaftClusterWithNettyac8e1cad/s3/36869398-fbcf-49ef-8a37-e7d5050f4609 does not exist. Creating ...
2019-09-24 12:05:02,288 INFO  netty.NettyConfigKeys$Server (ConfUtils.java:logGet(43)) - raft.netty.server.port = 43695 (custom)
2019-09-24 12:05:02,288 TRACE util.FileUtils (LogUtils.java:runAndLog(61)) - Successfully ran Files.createDirectories /workdir/ratis-test/target/test/data/aaa4fccd/MiniRaftClusterWithNettyac8e1cad/s3/36869398-fbcf-49ef-8a37-e7d5050f4609
2019-09-24 12:05:02,289 INFO  server.RaftServerConfigKeys (ConfUtils.java:logGet(43)) - raft.server.storage.dir = [/workdir/ratis-test/target/test/data/aaa4fccd/MiniRaftClusterWithNettyac8e1cad/s4] (custom)
2019-09-24 12:05:02,290 INFO  logging.LoggingHandler (AbstractInternalLogger.java:log(150)) - [id: 0xb9400468] REGISTERED
2019-09-24 12:05:02,291 INFO  logging.LoggingHandler (AbstractInternalLogger.java:log(150)) - [id: 0xb9400468] BIND: 0.0.0.0/0.0.0.0:43695
2019-09-24 12:05:02,291 INFO  impl.RaftServerProxy (RaftServerProxy.java:addNew(89)) - s4: addNew group-E7D5050F4609:[s3:0.0.0.0:40479, s4:0.0.0.0:43695, s0:0.0.0.0:44661, s1:0.0.0.0:36487, s2:0.0.0.0:42023] returns group-E7D5050F4609:java.util.concurrent.CompletableFuture@3292b36f[Not completed]
2019-09-24 12:05:02,291 INFO  logging.LoggingHandler (AbstractInternalLogger.java:log(150)) - [id: 0xb9400468, L:/0.0.0.0:43695] ACTIVE
2019-09-24 12:05:02,292 INFO  impl.RaftServerImpl (RaftServerImpl.java:<init>(95)) - s4: new RaftServerImpl for group-E7D5050F4609:[s3:0.0.0.0:40479, s4:0.0.0.0:43695, s0:0.0.0.0:44661, s1:0.0.0.0:36487, s2:0.0.0.0:42023] with BaseStateMachine:uninitialized
2019-09-24 12:05:02,292 INFO  ratis.MiniRaftCluster (MiniRaftCluster.java:newRaftServer(330)) - newRaftServer: s0, group-E7D5050F4609:[s3:0.0.0.0:40479, s4:0.0.0.0:43695, s0:0.0.0.0:44661, s1:0.0.0.0:36487, s2:0.0.0.0:42023], format? true
2019-09-24 12:05:02,292 INFO  server.RaftServerConfigKeys (ConfUtils.java:logGet(43)) - raft.server.rpc.timeout.min = 150ms (default)
2019-09-24 12:05:02,292 TRACE util.FileUtils (FileUtils.java:deleteFully(88)) - deleteFully target/test/data/aaa4fccd/MiniRaftClusterWithNettyac8e1cad/s0
2019-09-24 12:05:02,293 INFO  server.RaftServerConfigKeys (ConfUtils.java:logGet(43)) - raft.server.rpc.timeout.max = 300ms (default)
2019-09-24 12:05:02,293 TRACE util.FileUtils (FileUtils.java:deleteFully(104)) - deleteFully: target/test/data/aaa4fccd/MiniRaftClusterWithNettyac8e1cad/s0 does not exist.
2019-09-24 12:05:02,293 INFO  server.RaftServerConfigKeys (ConfUtils.java:logGet(43)) - raft.server.rpcslowness.timeout = 60s (default)
2019-09-24 12:05:02,293 INFO  ratis.MiniRaftCluster (MiniRaftCluster.java:newRaftServer(335)) - Formatted directory target/test/data/aaa4fccd/MiniRaftClusterWithNettyac8e1cad/s0
2019-09-24 12:05:02,294 INFO  server.RaftServerConfigKeys (ConfUtils.java:logGet(43)) - raft.server.sleep.deviation.threshold = 300 (default)
2019-09-24 12:05:02,294 INFO  server.RaftServerConfigKeys (ConfUtils.java:logGet(43)) - raft.server.log.appender.install.snapshot.enabled = true (default)
2019-09-24 12:05:02,294 INFO  impl.RaftServerProxy (ConfUtils.java:logGet(43)) - raft.rpc.type = NETTY (custom)
2019-09-24 12:05:02,294 INFO  impl.RaftServerImpl (ServerState.java:<init>(103)) - s4@group-E7D5050F4609: ConfigurationManager, init=-1: [s3:0.0.0.0:40479, s4:0.0.0.0:43695, s0:0.0.0.0:44661, s1:0.0.0.0:36487, s2:0.0.0.0:42023], old=null, confs=<EMPTY_MAP>
2019-09-24 12:05:02,295 INFO  server.RaftServerConfigKeys (ConfUtils.java:logGet(43)) - raft.server.storage.dir = [/workdir/ratis-test/target/test/data/aaa4fccd/MiniRaftClusterWithNettyac8e1cad/s4] (custom)
2019-09-24 12:05:02,295 INFO  server.RaftServerConfigKeys (ConfUtils.java:logGet(43)) - raft.server.log.corruption.policy = EXCEPTION (default)
2019-09-24 12:05:02,295 INFO  storage.RaftStorageDirectory (RaftStorageDirectory.java:analyzeStorage(246)) - The storage directory /workdir/ratis-test/target/test/data/aaa4fccd/MiniRaftClusterWithNettyac8e1cad/s4/36869398-fbcf-49ef-8a37-e7d5050f4609 does not exist. Creating ...
2019-09-24 12:05:02,296 TRACE util.FileUtils (LogUtils.java:runAndLog(61)) - Successfully ran Files.createDirectories /workdir/ratis-test/target/test/data/aaa4fccd/MiniRaftClusterWithNettyac8e1cad/s4/36869398-fbcf-49ef-8a37-e7d5050f4609
2019-09-24 12:05:02,296 INFO  netty.NettyConfigKeys$Server (ConfUtils.java:logGet(43)) - raft.netty.server.port = 44661 (custom)
2019-09-24 12:05:02,297 INFO  server.RaftServerConfigKeys (ConfUtils.java:logGet(43)) - raft.server.storage.dir = [/workdir/ratis-test/target/test/data/aaa4fccd/MiniRaftClusterWithNettyac8e1cad/s0] (custom)
2019-09-24 12:05:02,298 INFO  logging.LoggingHandler (AbstractInternalLogger.java:log(150)) - [id: 0x8faf6523] REGISTERED
2019-09-24 12:05:02,298 INFO  logging.LoggingHandler (AbstractInternalLogger.java:log(150)) - [id: 0x8faf6523] BIND: 0.0.0.0/0.0.0.0:44661
2019-09-24 12:05:02,298 INFO  impl.RaftServerProxy (RaftServerProxy.java:addNew(89)) - s0: addNew group-E7D5050F4609:[s3:0.0.0.0:40479, s4:0.0.0.0:43695, s0:0.0.0.0:44661, s1:0.0.0.0:36487, s2:0.0.0.0:42023] returns group-E7D5050F4609:java.util.concurrent.CompletableFuture@3ee7f955[Not completed]
2019-09-24 12:05:02,299 INFO  logging.LoggingHandler (AbstractInternalLogger.java:log(150)) - [id: 0x8faf6523, L:/0.0.0.0:44661] ACTIVE
2019-09-24 12:05:02,300 INFO  impl.RaftServerImpl (RaftServerImpl.java:<init>(95)) - s0: new RaftServerImpl for group-E7D5050F4609:[s3:0.0.0.0:40479, s4:0.0.0.0:43695, s0:0.0.0.0:44661, s1:0.0.0.0:36487, s2:0.0.0.0:42023] with BaseStateMachine:uninitialized
2019-09-24 12:05:02,300 INFO  ratis.MiniRaftCluster (MiniRaftCluster.java:newRaftServer(330)) - newRaftServer: s1, group-E7D5050F4609:[s3:0.0.0.0:40479, s4:0.0.0.0:43695, s0:0.0.0.0:44661, s1:0.0.0.0:36487, s2:0.0.0.0:42023], format? true
2019-09-24 12:05:02,300 INFO  server.RaftServerConfigKeys (ConfUtils.java:logGet(43)) - raft.server.rpc.timeout.min = 150ms (default)
2019-09-24 12:05:02,301 TRACE util.FileUtils (FileUtils.java:deleteFully(88)) - deleteFully target/test/data/aaa4fccd/MiniRaftClusterWithNettyac8e1cad/s1
2019-09-24 12:05:02,301 INFO  server.RaftServerConfigKeys (ConfUtils.java:logGet(43)) - raft.server.rpc.timeout.max = 300ms (default)
2019-09-24 12:05:02,301 INFO  server.RaftServerConfigKeys (ConfUtils.java:logGet(43)) - raft.server.rpcslowness.timeout = 60s (default)
2019-09-24 12:05:02,301 TRACE util.FileUtils (FileUtils.java:deleteFully(104)) - deleteFully: target/test/data/aaa4fccd/MiniRaftClusterWithNettyac8e1cad/s1 does not exist.
2019-09-24 12:05:02,302 INFO  ratis.MiniRaftCluster (MiniRaftCluster.java:newRaftServer(335)) - Formatted directory target/test/data/aaa4fccd/MiniRaftClusterWithNettyac8e1cad/s1
2019-09-24 12:05:02,302 INFO  server.RaftServerConfigKeys (ConfUtils.java:logGet(43)) - raft.server.sleep.deviation.threshold = 300 (default)
2019-09-24 12:05:02,302 INFO  server.RaftServerConfigKeys (ConfUtils.java:logGet(43)) - raft.server.log.appender.install.snapshot.enabled = true (default)
2019-09-24 12:05:02,303 INFO  impl.RaftServerProxy (ConfUtils.java:logGet(43)) - raft.rpc.type = NETTY (custom)
2019-09-24 12:05:02,303 INFO  impl.RaftServerImpl (ServerState.java:<init>(103)) - s0@group-E7D5050F4609: ConfigurationManager, init=-1: [s3:0.0.0.0:40479, s4:0.0.0.0:43695, s0:0.0.0.0:44661, s1:0.0.0.0:36487, s2:0.0.0.0:42023], old=null, confs=<EMPTY_MAP>
2019-09-24 12:05:02,303 INFO  server.RaftServerConfigKeys (ConfUtils.java:logGet(43)) - raft.server.storage.dir = [/workdir/ratis-test/target/test/data/aaa4fccd/MiniRaftClusterWithNettyac8e1cad/s0] (custom)
2019-09-24 12:05:02,304 INFO  server.RaftServerConfigKeys (ConfUtils.java:logGet(43)) - raft.server.log.corruption.policy = EXCEPTION (default)
2019-09-24 12:05:02,304 INFO  storage.RaftStorageDirectory (RaftStorageDirectory.java:analyzeStorage(246)) - The storage directory /workdir/ratis-test/target/test/data/aaa4fccd/MiniRaftClusterWithNettyac8e1cad/s0/36869398-fbcf-49ef-8a37-e7d5050f4609 does not exist. Creating ...
2019-09-24 12:05:02,305 TRACE util.FileUtils (LogUtils.java:runAndLog(61)) - Successfully ran Files.createDirectories /workdir/ratis-test/target/test/data/aaa4fccd/MiniRaftClusterWithNettyac8e1cad/s0/36869398-fbcf-49ef-8a37-e7d5050f4609
2019-09-24 12:05:02,306 INFO  netty.NettyConfigKeys$Server (ConfUtils.java:logGet(43)) - raft.netty.server.port = 36487 (custom)
2019-09-24 12:05:02,308 INFO  server.RaftServerConfigKeys (ConfUtils.java:logGet(43)) - raft.server.storage.dir = [/workdir/ratis-test/target/test/data/aaa4fccd/MiniRaftClusterWithNettyac8e1cad/s1] (custom)
2019-09-24 12:05:02,308 INFO  logging.LoggingHandler (AbstractInternalLogger.java:log(150)) - [id: 0xd721c4fe] REGISTERED
2019-09-24 12:05:02,308 INFO  logging.LoggingHandler (AbstractInternalLogger.java:log(150)) - [id: 0xd721c4fe] BIND: 0.0.0.0/0.0.0.0:36487
2019-09-24 12:05:02,308 INFO  impl.RaftServerProxy (RaftServerProxy.java:addNew(89)) - s1: addNew group-E7D5050F4609:[s3:0.0.0.0:40479, s4:0.0.0.0:43695, s0:0.0.0.0:44661, s1:0.0.0.0:36487, s2:0.0.0.0:42023] returns group-E7D5050F4609:java.util.concurrent.CompletableFuture@576b423e[Not completed]
2019-09-24 12:05:02,309 INFO  logging.LoggingHandler (AbstractInternalLogger.java:log(150)) - [id: 0xd721c4fe, L:/0.0.0.0:36487] ACTIVE
2019-09-24 12:05:02,309 INFO  impl.RaftServerImpl (RaftServerImpl.java:<init>(95)) - s1: new RaftServerImpl for group-E7D5050F4609:[s3:0.0.0.0:40479, s4:0.0.0.0:43695, s0:0.0.0.0:44661, s1:0.0.0.0:36487, s2:0.0.0.0:42023] with BaseStateMachine:uninitialized
2019-09-24 12:05:02,310 INFO  server.RaftServerConfigKeys (ConfUtils.java:logGet(43)) - raft.server.rpc.timeout.min = 150ms (default)
2019-09-24 12:05:02,310 INFO  ratis.MiniRaftCluster (MiniRaftCluster.java:newRaftServer(330)) - newRaftServer: s2, group-E7D5050F4609:[s3:0.0.0.0:40479, s4:0.0.0.0:43695, s0:0.0.0.0:44661, s1:0.0.0.0:36487, s2:0.0.0.0:42023], format? true
2019-09-24 12:05:02,310 INFO  server.RaftServerConfigKeys (ConfUtils.java:logGet(43)) - raft.server.rpc.timeout.max = 300ms (default)
2019-09-24 12:05:02,310 TRACE util.FileUtils (FileUtils.java:deleteFully(88)) - deleteFully target/test/data/aaa4fccd/MiniRaftClusterWithNettyac8e1cad/s2
2019-09-24 12:05:02,311 INFO  server.RaftServerConfigKeys (ConfUtils.java:logGet(43)) - raft.server.rpcslowness.timeout = 60s (default)
2019-09-24 12:05:02,311 TRACE util.FileUtils (FileUtils.java:deleteFully(104)) - deleteFully: target/test/data/aaa4fccd/MiniRaftClusterWithNettyac8e1cad/s2 does not exist.
2019-09-24 12:05:02,311 INFO  server.RaftServerConfigKeys (ConfUtils.java:logGet(43)) - raft.server.sleep.deviation.threshold = 300 (default)
2019-09-24 12:05:02,311 INFO  ratis.MiniRaftCluster (MiniRaftCluster.java:newRaftServer(335)) - Formatted directory target/test/data/aaa4fccd/MiniRaftClusterWithNettyac8e1cad/s2
2019-09-24 12:05:02,311 INFO  server.RaftServerConfigKeys (ConfUtils.java:logGet(43)) - raft.server.log.appender.install.snapshot.enabled = true (default)
2019-09-24 12:05:02,312 INFO  impl.RaftServerImpl (ServerState.java:<init>(103)) - s1@group-E7D5050F4609: ConfigurationManager, init=-1: [s3:0.0.0.0:40479, s4:0.0.0.0:43695, s0:0.0.0.0:44661, s1:0.0.0.0:36487, s2:0.0.0.0:42023], old=null, confs=<EMPTY_MAP>
2019-09-24 12:05:02,312 INFO  impl.RaftServerProxy (ConfUtils.java:logGet(43)) - raft.rpc.type = NETTY (custom)
2019-09-24 12:05:02,312 INFO  server.RaftServerConfigKeys (ConfUtils.java:logGet(43)) - raft.server.storage.dir = [/workdir/ratis-test/target/test/data/aaa4fccd/MiniRaftClusterWithNettyac8e1cad/s1] (custom)
2019-09-24 12:05:02,313 INFO  server.RaftServerConfigKeys (ConfUtils.java:logGet(43)) - raft.server.log.corruption.policy = EXCEPTION (default)
2019-09-24 12:05:02,313 INFO  storage.RaftStorageDirectory (RaftStorageDirectory.java:analyzeStorage(246)) - The storage directory /workdir/ratis-test/target/test/data/aaa4fccd/MiniRaftClusterWithNettyac8e1cad/s1/36869398-fbcf-49ef-8a37-e7d5050f4609 does not exist. Creating ...
2019-09-24 12:05:02,314 TRACE util.FileUtils (LogUtils.java:runAndLog(61)) - Successfully ran Files.createDirectories /workdir/ratis-test/target/test/data/aaa4fccd/MiniRaftClusterWithNettyac8e1cad/s1/36869398-fbcf-49ef-8a37-e7d5050f4609
2019-09-24 12:05:02,315 INFO  storage.RaftStorageDirectory (RaftStorageDirectory.java:tryLock(328)) - Lock on /workdir/ratis-test/target/test/data/aaa4fccd/MiniRaftClusterWithNettyac8e1cad/s4/36869398-fbcf-49ef-8a37-e7d5050f4609/in_use.lock acquired by nodename 2153@ratis-test-nppbd-817190658
2019-09-24 12:05:02,315 INFO  storage.RaftStorageDirectory (RaftStorageDirectory.java:tryLock(328)) - Lock on /workdir/ratis-test/target/test/data/aaa4fccd/MiniRaftClusterWithNettyac8e1cad/s3/36869398-fbcf-49ef-8a37-e7d5050f4609/in_use.lock acquired by nodename 2153@ratis-test-nppbd-817190658
2019-09-24 12:05:02,316 INFO  netty.NettyConfigKeys$Server (ConfUtils.java:logGet(43)) - raft.netty.server.port = 42023 (custom)
2019-09-24 12:05:02,316 TRACE util.FileUtils (LogUtils.java:runAndLog(61)) - Successfully ran Files.createDirectories /workdir/ratis-test/target/test/data/aaa4fccd/MiniRaftClusterWithNettyac8e1cad/s4/36869398-fbcf-49ef-8a37-e7d5050f4609/current
2019-09-24 12:05:02,316 TRACE util.FileUtils (LogUtils.java:runAndLog(61)) - Successfully ran Files.createDirectories /workdir/ratis-test/target/test/data/aaa4fccd/MiniRaftClusterWithNettyac8e1cad/s3/36869398-fbcf-49ef-8a37-e7d5050f4609/current
2019-09-24 12:05:02,317 TRACE util.FileUtils (LogUtils.java:runAndLog(61)) - Successfully ran Files.createDirectories /workdir/ratis-test/target/test/data/aaa4fccd/MiniRaftClusterWithNettyac8e1cad/s4/36869398-fbcf-49ef-8a37-e7d5050f4609/sm
2019-09-24 12:05:02,317 INFO  storage.RaftStorageDirectory (RaftStorageDirectory.java:tryLock(328)) - Lock on /workdir/ratis-test/target/test/data/aaa4fccd/MiniRaftClusterWithNettyac8e1cad/s0/36869398-fbcf-49ef-8a37-e7d5050f4609/in_use.lock acquired by nodename 2153@ratis-test-nppbd-817190658
2019-09-24 12:05:02,317 INFO  server.RaftServerConfigKeys (ConfUtils.java:logGet(43)) - raft.server.storage.dir = [/workdir/ratis-test/target/test/data/aaa4fccd/MiniRaftClusterWithNettyac8e1cad/s2] (custom)
2019-09-24 12:05:02,317 INFO  storage.RaftStorageDirectory (RaftStorageDirectory.java:tryLock(328)) - Lock on /workdir/ratis-test/target/test/data/aaa4fccd/MiniRaftClusterWithNettyac8e1cad/s1/36869398-fbcf-49ef-8a37-e7d5050f4609/in_use.lock acquired by nodename 2153@ratis-test-nppbd-817190658
2019-09-24 12:05:02,317 TRACE util.FileUtils (LogUtils.java:runAndLog(61)) - Successfully ran Files.createDirectories /workdir/ratis-test/target/test/data/aaa4fccd/MiniRaftClusterWithNettyac8e1cad/s3/36869398-fbcf-49ef-8a37-e7d5050f4609/sm
2019-09-24 12:05:02,318 TRACE util.FileUtils (LogUtils.java:runAndLog(61)) - Successfully ran Files.createDirectories /workdir/ratis-test/target/test/data/aaa4fccd/MiniRaftClusterWithNettyac8e1cad/s0/36869398-fbcf-49ef-8a37-e7d5050f4609/current
2019-09-24 12:05:02,318 INFO  logging.LoggingHandler (AbstractInternalLogger.java:log(150)) - [id: 0x613b8d3e] REGISTERED
2019-09-24 12:05:02,319 TRACE util.FileUtils (LogUtils.java:runAndLog(61)) - Successfully ran Files.createDirectories /workdir/ratis-test/target/test/data/aaa4fccd/MiniRaftClusterWithNettyac8e1cad/s0/36869398-fbcf-49ef-8a37-e7d5050f4609/sm
2019-09-24 12:05:02,318 TRACE util.FileUtils (LogUtils.java:runAndLog(61)) - Successfully ran Files.createDirectories /workdir/ratis-test/target/test/data/aaa4fccd/MiniRaftClusterWithNettyac8e1cad/s1/36869398-fbcf-49ef-8a37-e7d5050f4609/current
2019-09-24 12:05:02,318 INFO  impl.RaftServerProxy (RaftServerProxy.java:addNew(89)) - s2: addNew group-E7D5050F4609:[s3:0.0.0.0:40479, s4:0.0.0.0:43695, s0:0.0.0.0:44661, s1:0.0.0.0:36487, s2:0.0.0.0:42023] returns group-E7D5050F4609:java.util.concurrent.CompletableFuture@7b0fc681[Not completed]
2019-09-24 12:05:02,320 TRACE util.FileUtils (LogUtils.java:runAndLog(61)) - Successfully ran Files.createDirectories /workdir/ratis-test/target/test/data/aaa4fccd/MiniRaftClusterWithNettyac8e1cad/s1/36869398-fbcf-49ef-8a37-e7d5050f4609/sm
2019-09-24 12:05:02,319 INFO  impl.RaftServerImpl (RaftServerImpl.java:<init>(95)) - s2: new RaftServerImpl for group-E7D5050F4609:[s3:0.0.0.0:40479, s4:0.0.0.0:43695, s0:0.0.0.0:44661, s1:0.0.0.0:36487, s2:0.0.0.0:42023] with BaseStateMachine:uninitialized
2019-09-24 12:05:02,319 INFO  logging.LoggingHandler (AbstractInternalLogger.java:log(150)) - [id: 0x613b8d3e] BIND: 0.0.0.0/0.0.0.0:42023
2019-09-24 12:05:02,321 INFO  server.RaftServerConfigKeys (ConfUtils.java:logGet(43)) - raft.server.rpc.timeout.min = 150ms (default)
2019-09-24 12:05:02,321 INFO  logging.LoggingHandler (AbstractInternalLogger.java:log(150)) - [id: 0x613b8d3e, L:/0.0.0.0:42023] ACTIVE
2019-09-24 12:05:02,321 INFO  server.RaftServerConfigKeys (ConfUtils.java:logGet(43)) - raft.server.rpc.timeout.max = 300ms (default)
2019-09-24 12:05:02,321 INFO  server.RaftServerConfigKeys (ConfUtils.java:logGet(43)) - raft.server.rpcslowness.timeout = 60s (default)
2019-09-24 12:05:02,321 INFO  server.RaftServerConfigKeys (ConfUtils.java:logGet(43)) - raft.server.sleep.deviation.threshold = 300 (default)
2019-09-24 12:05:02,322 INFO  server.RaftServerConfigKeys (ConfUtils.java:logGet(43)) - raft.server.log.appender.install.snapshot.enabled = true (default)
2019-09-24 12:05:02,322 INFO  impl.RaftServerImpl (ServerState.java:<init>(103)) - s2@group-E7D5050F4609: ConfigurationManager, init=-1: [s3:0.0.0.0:40479, s4:0.0.0.0:43695, s0:0.0.0.0:44661, s1:0.0.0.0:36487, s2:0.0.0.0:42023], old=null, confs=<EMPTY_MAP>
2019-09-24 12:05:02,322 INFO  server.RaftServerConfigKeys (ConfUtils.java:logGet(43)) - raft.server.storage.dir = [/workdir/ratis-test/target/test/data/aaa4fccd/MiniRaftClusterWithNettyac8e1cad/s2] (custom)
2019-09-24 12:05:02,322 INFO  server.RaftServerConfigKeys (ConfUtils.java:logGet(43)) - raft.server.log.corruption.policy = EXCEPTION (default)
2019-09-24 12:05:02,323 INFO  storage.RaftStorageDirectory (RaftStorageDirectory.java:analyzeStorage(246)) - The storage directory /workdir/ratis-test/target/test/data/aaa4fccd/MiniRaftClusterWithNettyac8e1cad/s2/36869398-fbcf-49ef-8a37-e7d5050f4609 does not exist. Creating ...
2019-09-24 12:05:02,323 TRACE util.FileUtils (LogUtils.java:runAndLog(61)) - Successfully ran Files.createDirectories /workdir/ratis-test/target/test/data/aaa4fccd/MiniRaftClusterWithNettyac8e1cad/s2/36869398-fbcf-49ef-8a37-e7d5050f4609
2019-09-24 12:05:02,332 INFO  storage.RaftStorageDirectory (RaftStorageDirectory.java:tryLock(328)) - Lock on /workdir/ratis-test/target/test/data/aaa4fccd/MiniRaftClusterWithNettyac8e1cad/s2/36869398-fbcf-49ef-8a37-e7d5050f4609/in_use.lock acquired by nodename 2153@ratis-test-nppbd-817190658
2019-09-24 12:05:02,332 INFO  storage.RaftStorage (RaftStorage.java:format(84)) - Storage directory /workdir/ratis-test/target/test/data/aaa4fccd/MiniRaftClusterWithNettyac8e1cad/s3/36869398-fbcf-49ef-8a37-e7d5050f4609 has been successfully formatted.
2019-09-24 12:05:02,332 INFO  storage.RaftStorage (RaftStorage.java:format(84)) - Storage directory /workdir/ratis-test/target/test/data/aaa4fccd/MiniRaftClusterWithNettyac8e1cad/s4/36869398-fbcf-49ef-8a37-e7d5050f4609 has been successfully formatted.
2019-09-24 12:05:02,332 INFO  storage.RaftStorage (RaftStorage.java:format(84)) - Storage directory /workdir/ratis-test/target/test/data/aaa4fccd/MiniRaftClusterWithNettyac8e1cad/s1/36869398-fbcf-49ef-8a37-e7d5050f4609 has been successfully formatted.
2019-09-24 12:05:02,332 INFO  storage.RaftStorage (RaftStorage.java:format(84)) - Storage directory /workdir/ratis-test/target/test/data/aaa4fccd/MiniRaftClusterWithNettyac8e1cad/s0/36869398-fbcf-49ef-8a37-e7d5050f4609 has been successfully formatted.
2019-09-24 12:05:02,332 INFO  server.RaftServerConfigKeys (ConfUtils.java:logGet(43)) - raft.server.notification.no-leader.timeout = 60s (default)
2019-09-24 12:05:02,332 INFO  server.RaftServerConfigKeys (ConfUtils.java:logGet(43)) - raft.server.notification.no-leader.timeout = 60s (default)
2019-09-24 12:05:02,332 INFO  server.RaftServerConfigKeys (ConfUtils.java:logGet(43)) - raft.server.notification.no-leader.timeout = 60s (default)
2019-09-24 12:05:02,332 TRACE util.FileUtils (LogUtils.java:runAndLog(61)) - Successfully ran Files.createDirectories /workdir/ratis-test/target/test/data/aaa4fccd/MiniRaftClusterWithNettyac8e1cad/s2/36869398-fbcf-49ef-8a37-e7d5050f4609/current
2019-09-24 12:05:02,333 INFO  server.RaftServerConfigKeys (ConfUtils.java:logGet(43)) - raft.server.log.use.memory = false (default)
2019-09-24 12:05:02,333 INFO  server.RaftServerConfigKeys (ConfUtils.java:logGet(43)) - raft.server.log.use.memory = false (default)
2019-09-24 12:05:02,333 INFO  server.RaftServerConfigKeys (ConfUtils.java:logGet(43)) - raft.server.log.use.memory = false (default)
2019-09-24 12:05:02,333 INFO  server.RaftServerConfigKeys (ConfUtils.java:logGet(43)) - raft.server.notification.no-leader.timeout = 60s (default)
2019-09-24 12:05:02,334 INFO  server.RaftServerConfigKeys (ConfUtils.java:logGet(43)) - raft.server.log.purge.gap = 1024 (default)
2019-09-24 12:05:02,334 INFO  server.RaftServerConfigKeys (ConfUtils.java:logGet(43)) - raft.server.log.purge.gap = 1024 (default)
2019-09-24 12:05:02,334 TRACE util.FileUtils (LogUtils.java:runAndLog(61)) - Successfully ran Files.createDirectories /workdir/ratis-test/target/test/data/aaa4fccd/MiniRaftClusterWithNettyac8e1cad/s2/36869398-fbcf-49ef-8a37-e7d5050f4609/sm
2019-09-24 12:05:02,334 INFO  server.RaftServerConfigKeys (ConfUtils.java:logGet(43)) - raft.server.log.purge.gap = 1024 (default)
2019-09-24 12:05:02,335 INFO  server.RaftServerConfigKeys (ConfUtils.java:logGet(43)) - raft.server.log.appender.buffer.byte-limit = 4MB (=4194304) (default)
2019-09-24 12:05:02,334 INFO  server.RaftServerConfigKeys (ConfUtils.java:logGet(43)) - raft.server.log.appender.buffer.byte-limit = 4MB (=4194304) (default)
2019-09-24 12:05:02,334 INFO  server.RaftServerConfigKeys (ConfUtils.java:logGet(43)) - raft.server.log.use.memory = false (default)
2019-09-24 12:05:02,335 INFO  server.RaftServerConfigKeys (ConfUtils.java:logGet(43)) - raft.server.log.segment.size.max = 8MB (=8388608) (default)
2019-09-24 12:05:02,335 INFO  server.RaftServerConfigKeys (ConfUtils.java:logGet(43)) - raft.server.log.segment.size.max = 8MB (=8388608) (default)
2019-09-24 12:05:02,335 INFO  server.RaftServerConfigKeys (ConfUtils.java:logGet(43)) - raft.server.log.appender.buffer.byte-limit = 4MB (=4194304) (default)
2019-09-24 12:05:02,336 INFO  server.RaftServerConfigKeys (ConfUtils.java:logGet(43)) - raft.server.log.segment.cache.num.max = 6 (default)
2019-09-24 12:05:02,336 INFO  server.RaftServerConfigKeys (ConfUtils.java:logGet(43)) - raft.server.log.segment.cache.num.max = 6 (default)
2019-09-24 12:05:02,336 INFO  server.RaftServerConfigKeys (ConfUtils.java:logGet(43)) - raft.server.log.purge.gap = 1024 (default)
2019-09-24 12:05:02,337 INFO  segmented.SegmentedRaftLogWorker (SegmentedRaftLogWorker.java:<init>(172)) - new s1@group-E7D5050F4609-SegmentedRaftLogWorker for RaftStorage:Storage Directory /workdir/ratis-test/target/test/data/aaa4fccd/MiniRaftClusterWithNettyac8e1cad/s1/36869398-fbcf-49ef-8a37-e7d5050f4609
2019-09-24 12:05:02,336 INFO  segmented.SegmentedRaftLogWorker (SegmentedRaftLogWorker.java:<init>(172)) - new s4@group-E7D5050F4609-SegmentedRaftLogWorker for RaftStorage:Storage Directory /workdir/ratis-test/target/test/data/aaa4fccd/MiniRaftClusterWithNettyac8e1cad/s4/36869398-fbcf-49ef-8a37-e7d5050f4609
2019-09-24 12:05:02,336 INFO  server.RaftServerConfigKeys (ConfUtils.java:logGet(43)) - raft.server.log.segment.size.max = 8MB (=8388608) (default)
2019-09-24 12:05:02,337 INFO  server.RaftServerConfigKeys (ConfUtils.java:logGet(43)) - raft.server.log.queue.byte-limit = 64MB (=67108864) (default)
2019-09-24 12:05:02,337 INFO  server.RaftServerConfigKeys (ConfUtils.java:logGet(43)) - raft.server.log.queue.byte-limit = 64MB (=67108864) (default)
2019-09-24 12:05:02,337 INFO  server.RaftServerConfigKeys (ConfUtils.java:logGet(43)) - raft.server.log.appender.buffer.byte-limit = 4MB (=4194304) (default)
2019-09-24 12:05:02,338 INFO  server.RaftServerConfigKeys (ConfUtils.java:logGet(43)) - raft.server.log.queue.element-limit = 4096 (default)
2019-09-24 12:05:02,337 INFO  server.RaftServerConfigKeys (ConfUtils.java:logGet(43)) - raft.server.log.queue.element-limit = 4096 (default)
2019-09-24 12:05:02,337 INFO  server.RaftServerConfigKeys (ConfUtils.java:logGet(43)) - raft.server.log.segment.cache.num.max = 6 (default)
2019-09-24 12:05:02,338 INFO  server.RaftServerConfigKeys (ConfUtils.java:logGet(43)) - raft.server.log.segment.size.max = 8MB (=8388608) (default)
2019-09-24 12:05:02,338 INFO  server.RaftServerConfigKeys (ConfUtils.java:logGet(43)) - raft.server.log.segment.size.max = 8MB (=8388608) (default)
2019-09-24 12:05:02,338 INFO  server.RaftServerConfigKeys (ConfUtils.java:logGet(43)) - raft.server.log.segment.size.max = 8MB (=8388608) (default)
2019-09-24 12:05:02,339 INFO  server.RaftServerConfigKeys (ConfUtils.java:logGet(43)) - raft.server.log.preallocated.size = 4MB (=4194304) (default)
2019-09-24 12:05:02,339 INFO  server.RaftServerConfigKeys (ConfUtils.java:logGet(43)) - raft.server.log.preallocated.size = 4MB (=4194304) (default)
2019-09-24 12:05:02,339 INFO  segmented.SegmentedRaftLogWorker (SegmentedRaftLogWorker.java:<init>(172)) - new s3@group-E7D5050F4609-SegmentedRaftLogWorker for RaftStorage:Storage Directory /workdir/ratis-test/target/test/data/aaa4fccd/MiniRaftClusterWithNettyac8e1cad/s3/36869398-fbcf-49ef-8a37-e7d5050f4609
2019-09-24 12:05:02,340 INFO  server.RaftServerConfigKeys (ConfUtils.java:logGet(43)) - raft.server.log.write.buffer.size = 64KB (=65536) (default)
2019-09-24 12:05:02,339 INFO  server.RaftServerConfigKeys (ConfUtils.java:logGet(43)) - raft.server.log.write.buffer.size = 64KB (=65536) (default)
2019-09-24 12:05:02,339 INFO  server.RaftServerConfigKeys (ConfUtils.java:logGet(43)) - raft.server.log.segment.cache.num.max = 6 (default)
2019-09-24 12:05:02,340 INFO  server.RaftServerConfigKeys (ConfUtils.java:logGet(43)) - raft.server.log.force.sync.num = 128 (default)
2019-09-24 12:05:02,341 INFO  server.RaftServerConfigKeys (ConfUtils.java:logGet(43)) - raft.server.log.statemachine.data.sync = true (default)
2019-09-24 12:05:02,340 INFO  server.RaftServerConfigKeys (ConfUtils.java:logGet(43)) - raft.server.log.force.sync.num = 128 (default)
2019-09-24 12:05:02,340 INFO  server.RaftServerConfigKeys (ConfUtils.java:logGet(43)) - raft.server.log.queue.byte-limit = 64MB (=67108864) (default)
2019-09-24 12:05:02,341 INFO  server.RaftServerConfigKeys (ConfUtils.java:logGet(43)) - raft.server.log.statemachine.data.sync = true (default)
2019-09-24 12:05:02,341 INFO  server.RaftServerConfigKeys (ConfUtils.java:logGet(43)) - raft.server.log.statemachine.data.sync.timeout = 10s (default)
2019-09-24 12:05:02,340 INFO  segmented.SegmentedRaftLogWorker (SegmentedRaftLogWorker.java:<init>(172)) - new s0@group-E7D5050F4609-SegmentedRaftLogWorker for RaftStorage:Storage Directory /workdir/ratis-test/target/test/data/aaa4fccd/MiniRaftClusterWithNettyac8e1cad/s0/36869398-fbcf-49ef-8a37-e7d5050f4609
2019-09-24 12:05:02,342 INFO  server.RaftServerConfigKeys (ConfUtils.java:logGet(43)) - raft.server.log.statemachine.data.sync.timeout.retry = -1 (default)
2019-09-24 12:05:02,341 INFO  server.RaftServerConfigKeys (ConfUtils.java:logGet(43)) - raft.server.log.statemachine.data.sync.timeout = 10s (default)
2019-09-24 12:05:02,341 INFO  server.RaftServerConfigKeys (ConfUtils.java:logGet(43)) - raft.server.log.queue.element-limit = 4096 (default)
2019-09-24 12:05:02,342 INFO  server.RaftServerConfigKeys (ConfUtils.java:logGet(43)) - raft.server.log.statemachine.data.sync.timeout.retry = -1 (default)
2019-09-24 12:05:02,342 INFO  server.RaftServerConfigKeys (ConfUtils.java:logGet(43)) - raft.server.log.statemachine.data.caching.enabled = false (default)
2019-09-24 12:05:02,342 INFO  server.RaftServerConfigKeys (ConfUtils.java:logGet(43)) - raft.server.log.queue.byte-limit = 64MB (=67108864) (default)
2019-09-24 12:05:02,343 INFO  server.RaftServerConfigKeys (ConfUtils.java:logGet(43)) - raft.server.log.statemachine.data.caching.enabled = false (default)
2019-09-24 12:05:02,342 INFO  server.RaftServerConfigKeys (ConfUtils.java:logGet(43)) - raft.server.log.segment.size.max = 8MB (=8388608) (default)
2019-09-24 12:05:02,343 INFO  segmented.SegmentedRaftLogWorker (SegmentedRaftLogWorker.java:lambda$new$0(132)) - s1@group-E7D5050F4609-SegmentedRaftLogWorker: flushIndex: setUnconditionally 0 -> -1
2019-09-24 12:05:02,343 INFO  server.RaftServerConfigKeys (ConfUtils.java:logGet(43)) - raft.server.log.queue.element-limit = 4096 (default)
2019-09-24 12:05:02,343 INFO  segmented.SegmentedRaftLogWorker (SegmentedRaftLogWorker.java:lambda$new$0(132)) - s4@group-E7D5050F4609-SegmentedRaftLogWorker: flushIndex: setUnconditionally 0 -> -1
2019-09-24 12:05:02,343 INFO  server.RaftServerConfigKeys (ConfUtils.java:logGet(43)) - raft.server.log.preallocated.size = 4MB (=4194304) (default)
2019-09-24 12:05:02,344 INFO  server.RaftServerConfigKeys (ConfUtils.java:logGet(43)) - raft.server.log.segment.size.max = 8MB (=8388608) (default)
2019-09-24 12:05:02,344 INFO  server.RaftServerConfigKeys (ConfUtils.java:logGet(43)) - raft.server.snapshot.auto.trigger.enabled = false (default)
2019-09-24 12:05:02,344 INFO  server.RaftServerConfigKeys (ConfUtils.java:logGet(43)) - raft.server.log.preallocated.size = 4MB (=4194304) (default)
2019-09-24 12:05:02,344 INFO  server.RaftServerConfigKeys (ConfUtils.java:logGet(43)) - raft.server.snapshot.auto.trigger.enabled = false (default)
2019-09-24 12:05:02,344 INFO  server.RaftServerConfigKeys (ConfUtils.java:logGet(43)) - raft.server.log.write.buffer.size = 64KB (=65536) (default)
2019-09-24 12:05:02,345 INFO  server.RaftServerConfigKeys (ConfUtils.java:logGet(43)) - raft.server.snapshot.retention.file.num = -1 (default)
2019-09-24 12:05:02,345 INFO  server.RaftServerConfigKeys (ConfUtils.java:logGet(43)) - raft.server.log.write.buffer.size = 64KB (=65536) (default)
2019-09-24 12:05:02,345 INFO  server.RaftServerConfigKeys (ConfUtils.java:logGet(43)) - raft.server.snapshot.retention.file.num = -1 (default)
2019-09-24 12:05:02,346 INFO  server.RaftServerConfigKeys (ConfUtils.java:logGet(43)) - raft.server.log.force.sync.num = 128 (default)
2019-09-24 12:05:02,346 INFO  server.RaftServerConfigKeys (ConfUtils.java:logGet(43)) - raft.server.retrycache.expirytime = 60s (default)
2019-09-24 12:05:02,345 INFO  server.RaftServerConfigKeys (ConfUtils.java:logGet(43)) - raft.server.log.force.sync.num = 128 (default)
2019-09-24 12:05:02,346 INFO  server.RaftServerConfigKeys (ConfUtils.java:logGet(43)) - raft.server.log.statemachine.data.sync = true (default)
2019-09-24 12:05:02,346 INFO  server.RaftServerConfigKeys (ConfUtils.java:logGet(43)) - raft.server.retrycache.expirytime = 60s (default)
2019-09-24 12:05:02,347 INFO  server.RaftServerConfigKeys (ConfUtils.java:logGet(43)) - raft.server.log.statemachine.data.sync.timeout = 10s (default)
2019-09-24 12:05:02,346 INFO  server.RaftServerConfigKeys (ConfUtils.java:logGet(43)) - raft.server.log.statemachine.data.sync = true (default)
2019-09-24 12:05:02,347 INFO  server.RaftServerConfigKeys (ConfUtils.java:logGet(43)) - raft.server.log.statemachine.data.sync.timeout.retry = -1 (default)
2019-09-24 12:05:02,347 INFO  server.RaftServerConfigKeys (ConfUtils.java:logGet(43)) - raft.server.log.statemachine.data.sync.timeout = 10s (default)
2019-09-24 12:05:02,348 INFO  storage.RaftStorage (RaftStorage.java:format(84)) - Storage directory /workdir/ratis-test/target/test/data/aaa4fccd/MiniRaftClusterWithNettyac8e1cad/s2/36869398-fbcf-49ef-8a37-e7d5050f4609 has been successfully formatted.
2019-09-24 12:05:02,348 INFO  server.RaftServerConfigKeys (ConfUtils.java:logGet(43)) - raft.server.log.statemachine.data.caching.enabled = false (default)
2019-09-24 12:05:02,348 INFO  server.RaftServerConfigKeys (ConfUtils.java:logGet(43)) - raft.server.log.statemachine.data.sync.timeout.retry = -1 (default)
2019-09-24 12:05:02,348 INFO  server.RaftServerConfigKeys (ConfUtils.java:logGet(43)) - raft.server.notification.no-leader.timeout = 60s (default)
2019-09-24 12:05:02,348 INFO  server.RaftServerConfigKeys (ConfUtils.java:logGet(43)) - raft.server.log.statemachine.data.caching.enabled = false (default)
2019-09-24 12:05:02,348 INFO  segmented.SegmentedRaftLogWorker (SegmentedRaftLogWorker.java:lambda$new$0(132)) - s0@group-E7D5050F4609-SegmentedRaftLogWorker: flushIndex: setUnconditionally 0 -> -1
2019-09-24 12:05:02,348 INFO  server.RaftServerConfigKeys (ConfUtils.java:logGet(43)) - raft.server.log.use.memory = false (default)
2019-09-24 12:05:02,349 INFO  segmented.SegmentedRaftLogWorker (SegmentedRaftLogWorker.java:lambda$new$0(132)) - s3@group-E7D5050F4609-SegmentedRaftLogWorker: flushIndex: setUnconditionally 0 -> -1
2019-09-24 12:05:02,349 INFO  server.RaftServerConfigKeys (ConfUtils.java:logGet(43)) - raft.server.log.purge.gap = 1024 (default)
2019-09-24 12:05:02,349 INFO  server.RaftServerConfigKeys (ConfUtils.java:logGet(43)) - raft.server.snapshot.auto.trigger.enabled = false (default)
2019-09-24 12:05:02,349 INFO  server.RaftServerConfigKeys (ConfUtils.java:logGet(43)) - raft.server.snapshot.auto.trigger.enabled = false (default)
2019-09-24 12:05:02,349 INFO  server.RaftServerConfigKeys (ConfUtils.java:logGet(43)) - raft.server.snapshot.retention.file.num = -1 (default)
2019-09-24 12:05:02,349 INFO  server.RaftServerConfigKeys (ConfUtils.java:logGet(43)) - raft.server.log.appender.buffer.byte-limit = 4MB (=4194304) (default)
2019-09-24 12:05:02,350 INFO  server.RaftServerConfigKeys (ConfUtils.java:logGet(43)) - raft.server.retrycache.expirytime = 60s (default)
2019-09-24 12:05:02,350 INFO  server.RaftServerConfigKeys (ConfUtils.java:logGet(43)) - raft.server.snapshot.retention.file.num = -1 (default)
2019-09-24 12:05:02,350 INFO  server.RaftServerConfigKeys (ConfUtils.java:logGet(43)) - raft.server.log.segment.size.max = 8MB (=8388608) (default)
2019-09-24 12:05:02,350 INFO  server.RaftServerConfigKeys (ConfUtils.java:logGet(43)) - raft.server.retrycache.expirytime = 60s (default)
2019-09-24 12:05:02,350 INFO  server.RaftServerConfigKeys (ConfUtils.java:logGet(43)) - raft.server.log.segment.cache.num.max = 6 (default)
2019-09-24 12:05:02,351 INFO  segmented.SegmentedRaftLogWorker (SegmentedRaftLogWorker.java:<init>(172)) - new s2@group-E7D5050F4609-SegmentedRaftLogWorker for RaftStorage:Storage Directory /workdir/ratis-test/target/test/data/aaa4fccd/MiniRaftClusterWithNettyac8e1cad/s2/36869398-fbcf-49ef-8a37-e7d5050f4609
2019-09-24 12:05:02,351 INFO  server.RaftServerConfigKeys (ConfUtils.java:logGet(43)) - raft.server.log.queue.byte-limit = 64MB (=67108864) (default)
2019-09-24 12:05:02,352 INFO  server.RaftServerConfigKeys (ConfUtils.java:logGet(43)) - raft.server.log.queue.element-limit = 4096 (default)
2019-09-24 12:05:02,352 INFO  server.RaftServerConfigKeys (ConfUtils.java:logGet(43)) - raft.server.log.segment.size.max = 8MB (=8388608) (default)
2019-09-24 12:05:02,352 INFO  server.RaftServerConfigKeys (ConfUtils.java:logGet(43)) - raft.server.log.preallocated.size = 4MB (=4194304) (default)
2019-09-24 12:05:02,352 INFO  server.RaftServerConfigKeys (ConfUtils.java:logGet(43)) - raft.server.log.write.buffer.size = 64KB (=65536) (default)
2019-09-24 12:05:02,352 INFO  server.RaftServerConfigKeys (ConfUtils.java:logGet(43)) - raft.server.log.force.sync.num = 128 (default)
2019-09-24 12:05:02,352 INFO  server.RaftServerConfigKeys (ConfUtils.java:logGet(43)) - raft.server.log.statemachine.data.sync = true (default)
2019-09-24 12:05:02,353 INFO  server.RaftServerConfigKeys (ConfUtils.java:logGet(43)) - raft.server.log.statemachine.data.sync.timeout = 10s (default)
2019-09-24 12:05:02,353 INFO  server.RaftServerConfigKeys (ConfUtils.java:logGet(43)) - raft.server.log.statemachine.data.sync.timeout.retry = -1 (default)
2019-09-24 12:05:02,353 INFO  server.RaftServerConfigKeys (ConfUtils.java:logGet(43)) - raft.server.log.statemachine.data.caching.enabled = false (default)
2019-09-24 12:05:02,353 INFO  segmented.SegmentedRaftLogWorker (SegmentedRaftLogWorker.java:lambda$new$0(132)) - s2@group-E7D5050F4609-SegmentedRaftLogWorker: flushIndex: setUnconditionally 0 -> -1
2019-09-24 12:05:02,354 INFO  server.RaftServerConfigKeys (ConfUtils.java:logGet(43)) - raft.server.snapshot.auto.trigger.enabled = false (default)
2019-09-24 12:05:02,354 INFO  server.RaftServerConfigKeys (ConfUtils.java:logGet(43)) - raft.server.snapshot.retention.file.num = -1 (default)
2019-09-24 12:05:02,354 INFO  server.RaftServerConfigKeys (ConfUtils.java:logGet(43)) - raft.server.retrycache.expirytime = 60s (default)
2019-09-24 12:05:02,355 INFO  impl.RaftServerImpl (RaftServerImpl.java:start(181)) - s3@group-E7D5050F4609: start as a follower, conf=-1: [s3:0.0.0.0:40479, s4:0.0.0.0:43695, s0:0.0.0.0:44661, s1:0.0.0.0:36487, s2:0.0.0.0:42023], old=null
2019-09-24 12:05:02,355 INFO  impl.RaftServerImpl (RaftServerImpl.java:setRole(170)) - s3@group-E7D5050F4609: changes role from      null to FOLLOWER at term 0 for startAsFollower
2019-09-24 12:05:02,356 INFO  impl.RoleInfo (RoleInfo.java:updateAndGet(143)) - s3: start FollowerState
2019-09-24 12:05:02,356 INFO  util.JmxRegister (JmxRegister.java:tryRegister(44)) - Successfully registered JMX Bean with object name Ratis:service=RaftServer,group=group-E7D5050F4609,id=s3
2019-09-24 12:05:02,363 INFO  impl.RaftServerProxy (RaftServerProxy.java:lambda$start$3(299)) - s3: start RPC server
2019-09-24 12:05:02,364 INFO  impl.RaftServerImpl (RaftServerImpl.java:start(181)) - s4@group-E7D5050F4609: start as a follower, conf=-1: [s3:0.0.0.0:40479, s4:0.0.0.0:43695, s0:0.0.0.0:44661, s1:0.0.0.0:36487, s2:0.0.0.0:42023], old=null
2019-09-24 12:05:02,364 INFO  impl.RaftServerImpl (RaftServerImpl.java:setRole(170)) - s4@group-E7D5050F4609: changes role from      null to FOLLOWER at term 0 for startAsFollower
2019-09-24 12:05:02,364 INFO  impl.RoleInfo (RoleInfo.java:updateAndGet(143)) - s4: start FollowerState
2019-09-24 12:05:02,365 INFO  util.JmxRegister (JmxRegister.java:tryRegister(44)) - Successfully registered JMX Bean with object name Ratis:service=RaftServer,group=group-E7D5050F4609,id=s4
2019-09-24 12:05:02,370 INFO  impl.RaftServerProxy (RaftServerProxy.java:lambda$start$3(299)) - s4: start RPC server
2019-09-24 12:05:02,371 INFO  impl.RaftServerImpl (RaftServerImpl.java:start(181)) - s0@group-E7D5050F4609: start as a follower, conf=-1: [s3:0.0.0.0:40479, s4:0.0.0.0:43695, s0:0.0.0.0:44661, s1:0.0.0.0:36487, s2:0.0.0.0:42023], old=null
2019-09-24 12:05:02,371 INFO  impl.RaftServerImpl (RaftServerImpl.java:setRole(170)) - s0@group-E7D5050F4609: changes role from      null to FOLLOWER at term 0 for startAsFollower
2019-09-24 12:05:02,371 INFO  impl.RoleInfo (RoleInfo.java:updateAndGet(143)) - s0: start FollowerState
2019-09-24 12:05:02,372 INFO  util.JmxRegister (JmxRegister.java:tryRegister(44)) - Successfully registered JMX Bean with object name Ratis:service=RaftServer,group=group-E7D5050F4609,id=s0
2019-09-24 12:05:02,377 INFO  impl.RaftServerProxy (RaftServerProxy.java:lambda$start$3(299)) - s0: start RPC server
2019-09-24 12:05:02,377 INFO  impl.RaftServerImpl (RaftServerImpl.java:start(181)) - s1@group-E7D5050F4609: start as a follower, conf=-1: [s3:0.0.0.0:40479, s4:0.0.0.0:43695, s0:0.0.0.0:44661, s1:0.0.0.0:36487, s2:0.0.0.0:42023], old=null
2019-09-24 12:05:02,377 INFO  impl.RaftServerImpl (RaftServerImpl.java:setRole(170)) - s1@group-E7D5050F4609: changes role from      null to FOLLOWER at term 0 for startAsFollower
2019-09-24 12:05:02,378 INFO  impl.RoleInfo (RoleInfo.java:updateAndGet(143)) - s1: start FollowerState
2019-09-24 12:05:02,378 INFO  util.JmxRegister (JmxRegister.java:tryRegister(44)) - Successfully registered JMX Bean with object name Ratis:service=RaftServer,group=group-E7D5050F4609,id=s1
2019-09-24 12:05:02,383 INFO  impl.RaftServerProxy (RaftServerProxy.java:lambda$start$3(299)) - s1: start RPC server
2019-09-24 12:05:02,384 INFO  impl.RaftServerImpl (RaftServerImpl.java:start(181)) - s2@group-E7D5050F4609: start as a follower, conf=-1: [s3:0.0.0.0:40479, s4:0.0.0.0:43695, s0:0.0.0.0:44661, s1:0.0.0.0:36487, s2:0.0.0.0:42023], old=null
2019-09-24 12:05:02,384 INFO  impl.RaftServerImpl (RaftServerImpl.java:setRole(170)) - s2@group-E7D5050F4609: changes role from      null to FOLLOWER at term 0 for startAsFollower
2019-09-24 12:05:02,384 INFO  impl.RoleInfo (RoleInfo.java:updateAndGet(143)) - s2: start FollowerState
2019-09-24 12:05:02,385 INFO  util.JmxRegister (JmxRegister.java:tryRegister(44)) - Successfully registered JMX Bean with object name Ratis:service=RaftServer,group=group-E7D5050F4609,id=s2
2019-09-24 12:05:02,390 INFO  impl.RaftServerProxy (RaftServerProxy.java:lambda$start$3(299)) - s2: start RPC server
2019-09-24 12:05:02,390 INFO  server.RaftServerConfigKeys (ConfUtils.java:logGet(43)) - raft.server.rpc.timeout.max = 300ms (default)
2019-09-24 12:05:02,391 INFO  ratis.RaftTestUtil (RaftTestUtil.java:waitForLeader(86)) - printing ALL groups
  s3:  RUNNING  FOLLOWER s3@group-E7D5050F4609:t0, leader=null, voted=null, raftlog=s3@group-E7D5050F4609-SegmentedRaftLog:OPENED:c-1,f-1,i0, conf=-1: [s3:0.0.0.0:40479, s4:0.0.0.0:43695, s0:0.0.0.0:44661, s1:0.0.0.0:36487, s2:0.0.0.0:42023], old=null RUNNING
  s4:  RUNNING  FOLLOWER s4@group-E7D5050F4609:t0, leader=null, voted=null, raftlog=s4@group-E7D5050F4609-SegmentedRaftLog:OPENED:c-1,f-1,i0, conf=-1: [s3:0.0.0.0:40479, s4:0.0.0.0:43695, s0:0.0.0.0:44661, s1:0.0.0.0:36487, s2:0.0.0.0:42023], old=null RUNNING
  s0:  RUNNING  FOLLOWER s0@group-E7D5050F4609:t0, leader=null, voted=null, raftlog=s0@group-E7D5050F4609-SegmentedRaftLog:OPENED:c-1,f-1,i0, conf=-1: [s3:0.0.0.0:40479, s4:0.0.0.0:43695, s0:0.0.0.0:44661, s1:0.0.0.0:36487, s2:0.0.0.0:42023], old=null RUNNING
  s1:  RUNNING  FOLLOWER s1@group-E7D5050F4609:t0, leader=null, voted=null, raftlog=s1@group-E7D5050F4609-SegmentedRaftLog:OPENED:c-1,f-1,i0, conf=-1: [s3:0.0.0.0:40479, s4:0.0.0.0:43695, s0:0.0.0.0:44661, s1:0.0.0.0:36487, s2:0.0.0.0:42023], old=null RUNNING
  s2:  RUNNING  FOLLOWER s2@group-E7D5050F4609:t0, leader=null, voted=null, raftlog=s2@group-E7D5050F4609-SegmentedRaftLog:OPENED:c-1,f-1,i0, conf=-1: [s3:0.0.0.0:40479, s4:0.0.0.0:43695, s0:0.0.0.0:44661, s1:0.0.0.0:36487, s2:0.0.0.0:42023], old=null RUNNING
2019-09-24 12:05:02,391 WARN  ratis.RaftTestUtil (JavaUtils.java:attempt(158)) - FAILED "waitForLeader-null-(expectLeader? true)", attempt #1/100: java.lang.IllegalStateException: No leader yet : printing ALL groups
  s3:  RUNNING  FOLLOWER s3@group-E7D5050F4609:t0, leader=null, voted=null, raftlog=s3@group-E7D5050F4609-SegmentedRaftLog:OPENED:c-1,f-1,i0, conf=-1: [s3:0.0.0.0:40479, s4:0.0.0.0:43695, s0:0.0.0.0:44661, s1:0.0.0.0:36487, s2:0.0.0.0:42023], old=null RUNNING
  s4:  RUNNING  FOLLOWER s4@group-E7D5050F4609:t0, leader=null, voted=null, raftlog=s4@group-E7D5050F4609-SegmentedRaftLog:OPENED:c-1,f-1,i0, conf=-1: [s3:0.0.0.0:40479, s4:0.0.0.0:43695, s0:0.0.0.0:44661, s1:0.0.0.0:36487, s2:0.0.0.0:42023], old=null RUNNING
  s0:  RUNNING  FOLLOWER s0@group-E7D5050F4609:t0, leader=null, voted=null, raftlog=s0@group-E7D5050F4609-SegmentedRaftLog:OPENED:c-1,f-1,i0, conf=-1: [s3:0.0.0.0:40479, s4:0.0.0.0:43695, s0:0.0.0.0:44661, s1:0.0.0.0:36487, s2:0.0.0.0:42023], old=null RUNNING
  s1:  RUNNING  FOLLOWER s1@group-E7D5050F4609:t0, leader=null, voted=null, raftlog=s1@group-E7D5050F4609-SegmentedRaftLog:OPENED:c-1,f-1,i0, conf=-1: [s3:0.0.0.0:40479, s4:0.0.0.0:43695, s0:0.0.0.0:44661, s1:0.0.0.0:36487, s2:0.0.0.0:42023], old=null RUNNING
  s2:  RUNNING  FOLLOWER s2@group-E7D5050F4609:t0, leader=null, voted=null, raftlog=s2@group-E7D5050F4609-SegmentedRaftLog:OPENED:c-1,f-1,i0, conf=-1: [s3:0.0.0.0:40479, s4:0.0.0.0:43695, s0:0.0.0.0:44661, s1:0.0.0.0:36487, s2:0.0.0.0:42023], old=null RUNNING, sleep 450ms and then retry.
java.lang.IllegalStateException: No leader yet : printing ALL groups
  s3:  RUNNING  FOLLOWER s3@group-E7D5050F4609:t0, leader=null, voted=null, raftlog=s3@group-E7D5050F4609-SegmentedRaftLog:OPENED:c-1,f-1,i0, conf=-1: [s3:0.0.0.0:40479, s4:0.0.0.0:43695, s0:0.0.0.0:44661, s1:0.0.0.0:36487, s2:0.0.0.0:42023], old=null RUNNING
  s4:  RUNNING  FOLLOWER s4@group-E7D5050F4609:t0, leader=null, voted=null, raftlog=s4@group-E7D5050F4609-SegmentedRaftLog:OPENED:c-1,f-1,i0, conf=-1: [s3:0.0.0.0:40479, s4:0.0.0.0:43695, s0:0.0.0.0:44661, s1:0.0.0.0:36487, s2:0.0.0.0:42023], old=null RUNNING
  s0:  RUNNING  FOLLOWER s0@group-E7D5050F4609:t0, leader=null, voted=null, raftlog=s0@group-E7D5050F4609-SegmentedRaftLog:OPENED:c-1,f-1,i0, conf=-1: [s3:0.0.0.0:40479, s4:0.0.0.0:43695, s0:0.0.0.0:44661, s1:0.0.0.0:36487, s2:0.0.0.0:42023], old=null RUNNING
  s1:  RUNNING  FOLLOWER s1@group-E7D5050F4609:t0, leader=null, voted=null, raftlog=s1@group-E7D5050F4609-SegmentedRaftLog:OPENED:c-1,f-1,i0, conf=-1: [s3:0.0.0.0:40479, s4:0.0.0.0:43695, s0:0.0.0.0:44661, s1:0.0.0.0:36487, s2:0.0.0.0:42023], old=null RUNNING
  s2:  RUNNING  FOLLOWER s2@group-E7D5050F4609:t0, leader=null, voted=null, raftlog=s2@group-E7D5050F4609-SegmentedRaftLog:OPENED:c-1,f-1,i0, conf=-1: [s3:0.0.0.0:40479, s4:0.0.0.0:43695, s0:0.0.0.0:44661, s1:0.0.0.0:36487, s2:0.0.0.0:42023], old=null RUNNING
	at org.apache.ratis.MiniRaftCluster.newIllegalStateExceptionForNoLeaders(MiniRaftCluster.java:506)
	at org.apache.ratis.RaftTestUtil.lambda$waitForLeader$1(RaftTestUtil.java:90)
	at org.apache.ratis.MiniRaftCluster.getLeader(MiniRaftCluster.java:539)
	at org.apache.ratis.MiniRaftCluster.getLeader(MiniRaftCluster.java:532)
	at org.apache.ratis.RaftTestUtil.lambda$waitForLeader$3(RaftTestUtil.java:98)
	at org.apache.ratis.util.JavaUtils.attempt(JavaUtils.java:152)
	at org.apache.ratis.RaftTestUtil.waitForLeader(RaftTestUtil.java:97)
	at org.apache.ratis.RaftTestUtil.waitForLeader(RaftTestUtil.java:77)
	at org.apache.ratis.RaftTestUtil.waitForLeader(RaftTestUtil.java:72)
	at org.apache.ratis.RaftTestUtil.waitAndKillLeader(RaftTestUtil.java:114)
	at org.apache.ratis.server.impl.LeaderElectionTests.testBasicLeaderElection(LeaderElectionTests.java:63)
	at sun.reflect.NativeMethodAccessorImpl.invoke0(Native Method)
	at sun.reflect.NativeMethodAccessorImpl.invoke(NativeMethodAccessorImpl.java:62)
	at sun.reflect.DelegatingMethodAccessorImpl.invoke(DelegatingMethodAccessorImpl.java:43)
	at java.lang.reflect.Method.invoke(Method.java:498)
	at org.junit.runners.model.FrameworkMethod$1.runReflectiveCall(FrameworkMethod.java:50)
	at org.junit.internal.runners.model.ReflectiveCallable.run(ReflectiveCallable.java:12)
	at org.junit.runners.model.FrameworkMethod.invokeExplosively(FrameworkMethod.java:47)
	at org.junit.internal.runners.statements.InvokeMethod.evaluate(InvokeMethod.java:17)
	at org.junit.internal.runners.statements.RunAfters.evaluate(RunAfters.java:27)
	at org.junit.internal.runners.statements.FailOnTimeout$CallableStatement.call(FailOnTimeout.java:298)
	at org.junit.internal.runners.statements.FailOnTimeout$CallableStatement.call(FailOnTimeout.java:292)
	at java.util.concurrent.FutureTask.run(FutureTask.java:266)
	at java.lang.Thread.run(Thread.java:748)
2019-09-24 12:05:02,523 INFO  impl.FollowerState (FollowerState.java:run(108)) - s3@group-E7D5050F4609-FollowerState: change to CANDIDATE, lastRpcTime:167ms, electionTimeout:167ms
2019-09-24 12:05:02,525 INFO  impl.RoleInfo (RoleInfo.java:shutdownFollowerState(121)) - s3: shutdown FollowerState
2019-09-24 12:05:02,525 INFO  impl.RaftServerImpl (RaftServerImpl.java:setRole(170)) - s3@group-E7D5050F4609: changes role from  FOLLOWER to CANDIDATE at term 0 for changeToCandidate
2019-09-24 12:05:02,525 INFO  impl.RoleInfo (RoleInfo.java:updateAndGet(143)) - s3: start LeaderElection
2019-09-24 12:05:02,550 INFO  impl.FollowerState (FollowerState.java:run(108)) - s1@group-E7D5050F4609-FollowerState: change to CANDIDATE, lastRpcTime:172ms, electionTimeout:172ms
2019-09-24 12:05:02,551 INFO  impl.RoleInfo (RoleInfo.java:shutdownFollowerState(121)) - s1: shutdown FollowerState
2019-09-24 12:05:02,551 INFO  impl.RaftServerImpl (RaftServerImpl.java:setRole(170)) - s1@group-E7D5050F4609: changes role from  FOLLOWER to CANDIDATE at term 0 for changeToCandidate
2019-09-24 12:05:02,551 INFO  impl.LeaderElection (LeaderElection.java:askForVotes(178)) - s3@group-E7D5050F4609-LeaderElection9: begin an election at term 1 for -1: [s3:0.0.0.0:40479, s4:0.0.0.0:43695, s0:0.0.0.0:44661, s1:0.0.0.0:36487, s2:0.0.0.0:42023], old=null
2019-09-24 12:05:02,552 INFO  impl.RoleInfo (RoleInfo.java:updateAndGet(143)) - s1: start LeaderElection
2019-09-24 12:05:02,559 INFO  logging.LoggingHandler (AbstractInternalLogger.java:log(150)) - [id: 0x8faf6523, L:/0.0.0.0:44661] READ: [id: 0x98c951a7, L:/192.168.34.44:44661 - R:/192.168.34.44:37152]
2019-09-24 12:05:02,559 INFO  logging.LoggingHandler (AbstractInternalLogger.java:log(150)) - [id: 0xd721c4fe, L:/0.0.0.0:36487] READ: [id: 0x732caa25, L:/192.168.34.44:36487 - R:/192.168.34.44:43226]
2019-09-24 12:05:02,560 INFO  logging.LoggingHandler (AbstractInternalLogger.java:log(150)) - [id: 0x8faf6523, L:/0.0.0.0:44661] READ COMPLETE
2019-09-24 12:05:02,560 INFO  logging.LoggingHandler (AbstractInternalLogger.java:log(150)) - [id: 0xb9400468, L:/0.0.0.0:43695] READ: [id: 0x1cf0ef51, L:/192.168.34.44:43695 - R:/192.168.34.44:43892]
2019-09-24 12:05:02,560 INFO  logging.LoggingHandler (AbstractInternalLogger.java:log(150)) - [id: 0x613b8d3e, L:/0.0.0.0:42023] READ: [id: 0x3e889553, L:/192.168.34.44:42023 - R:/192.168.34.44:59410]
2019-09-24 12:05:02,561 INFO  logging.LoggingHandler (AbstractInternalLogger.java:log(150)) - [id: 0xd721c4fe, L:/0.0.0.0:36487] READ COMPLETE
2019-09-24 12:05:02,562 INFO  logging.LoggingHandler (AbstractInternalLogger.java:log(150)) - [id: 0xb9400468, L:/0.0.0.0:43695] READ COMPLETE
2019-09-24 12:05:02,563 INFO  logging.LoggingHandler (AbstractInternalLogger.java:log(150)) - [id: 0x613b8d3e, L:/0.0.0.0:42023] READ COMPLETE
2019-09-24 12:05:02,565 INFO  impl.LeaderElection (LeaderElection.java:askForVotes(178)) - s1@group-E7D5050F4609-LeaderElection10: begin an election at term 1 for -1: [s3:0.0.0.0:40479, s4:0.0.0.0:43695, s0:0.0.0.0:44661, s1:0.0.0.0:36487, s2:0.0.0.0:42023], old=null
2019-09-24 12:05:02,566 DEBUG impl.RaftServerImpl (RaftServerImpl.java:requestVote(743)) - s0@group-E7D5050F4609: receive requestVote(s3, group-E7D5050F4609, 1, (t:0, i:0))
2019-09-24 12:05:02,566 DEBUG impl.RaftServerImpl (RaftServerImpl.java:requestVote(743)) - s4@group-E7D5050F4609: receive requestVote(s3, group-E7D5050F4609, 1, (t:0, i:0))
2019-09-24 12:05:02,566 DEBUG impl.RaftServerImpl (RaftServerImpl.java:requestVote(743)) - s1@group-E7D5050F4609: receive requestVote(s3, group-E7D5050F4609, 1, (t:0, i:0))
2019-09-24 12:05:02,566 DEBUG impl.RaftServerImpl (RaftServerImpl.java:requestVote(743)) - s2@group-E7D5050F4609: receive requestVote(s3, group-E7D5050F4609, 1, (t:0, i:0))
2019-09-24 12:05:02,566 INFO  impl.RaftServerImpl (RaftServerImpl.java:setRole(170)) - s4@group-E7D5050F4609: changes role from  FOLLOWER to FOLLOWER at term 1 for recognizeCandidate:s3
2019-09-24 12:05:02,568 INFO  impl.RoleInfo (RoleInfo.java:shutdownFollowerState(121)) - s4: shutdown FollowerState
2019-09-24 12:05:02,566 INFO  impl.RaftServerImpl (RaftServerImpl.java:setRole(170)) - s0@group-E7D5050F4609: changes role from  FOLLOWER to FOLLOWER at term 1 for recognizeCandidate:s3
2019-09-24 12:05:02,569 INFO  impl.RoleInfo (RoleInfo.java:updateAndGet(143)) - s4: start FollowerState
2019-09-24 12:05:02,568 INFO  impl.FollowerState (FollowerState.java:run(117)) - s4@group-E7D5050F4609-FollowerState was interrupted: java.lang.InterruptedException: sleep interrupted
2019-09-24 12:05:02,567 INFO  impl.RaftServerImpl (RaftServerImpl.java:setRole(170)) - s2@group-E7D5050F4609: changes role from  FOLLOWER to FOLLOWER at term 1 for recognizeCandidate:s3
2019-09-24 12:05:02,573 INFO  impl.RoleInfo (RoleInfo.java:shutdownFollowerState(121)) - s2: shutdown FollowerState
2019-09-24 12:05:02,567 DEBUG impl.RaftServerImpl (RaftServerImpl.java:requestVote(775)) - s1@group-E7D5050F4609 replies to vote request: s3<-s1#0:FAIL-t1. Peer's state: s1@group-E7D5050F4609:t1, leader=null, voted=s1, raftlog=s1@group-E7D5050F4609-SegmentedRaftLog:OPENED:c-1,f-1,i0, conf=-1: [s3:0.0.0.0:40479, s4:0.0.0.0:43695, s0:0.0.0.0:44661, s1:0.0.0.0:36487, s2:0.0.0.0:42023], old=null
2019-09-24 12:05:02,573 INFO  impl.FollowerState (FollowerState.java:run(117)) - s2@group-E7D5050F4609-FollowerState was interrupted: java.lang.InterruptedException: sleep interrupted
2019-09-24 12:05:02,573 INFO  impl.RoleInfo (RoleInfo.java:updateAndGet(143)) - s2: start FollowerState
2019-09-24 12:05:02,573 INFO  logging.LoggingHandler (AbstractInternalLogger.java:log(150)) - [id: 0xb9400468, L:/0.0.0.0:43695] READ: [id: 0xa83fe0df, L:/192.168.34.44:43695 - R:/192.168.34.44:43896]
2019-09-24 12:05:02,573 INFO  logging.LoggingHandler (AbstractInternalLogger.java:log(150)) - [id: 0x8faf6523, L:/0.0.0.0:44661] READ: [id: 0x446ba814, L:/192.168.34.44:44661 - R:/192.168.34.44:37164]
2019-09-24 12:05:02,575 INFO  logging.LoggingHandler (AbstractInternalLogger.java:log(150)) - [id: 0xb9400468, L:/0.0.0.0:43695] READ COMPLETE
2019-09-24 12:05:02,576 INFO  logging.LoggingHandler (AbstractInternalLogger.java:log(150)) - [id: 0x8faf6523, L:/0.0.0.0:44661] READ COMPLETE
2019-09-24 12:05:02,573 INFO  logging.LoggingHandler (AbstractInternalLogger.java:log(150)) - [id: 0x613b8d3e, L:/0.0.0.0:42023] READ: [id: 0xd3b32ff0, L:/192.168.34.44:42023 - R:/192.168.34.44:59420]
2019-09-24 12:05:02,570 INFO  logging.LoggingHandler (AbstractInternalLogger.java:log(150)) - [id: 0x18e757fc, L:/0.0.0.0:40479] READ: [id: 0xd8dab431, L:/192.168.34.44:40479 - R:/192.168.34.44:35174]
2019-09-24 12:05:02,569 INFO  impl.RoleInfo (RoleInfo.java:shutdownFollowerState(121)) - s0: shutdown FollowerState
2019-09-24 12:05:02,578 INFO  logging.LoggingHandler (AbstractInternalLogger.java:log(150)) - [id: 0x18e757fc, L:/0.0.0.0:40479] READ COMPLETE
2019-09-24 12:05:02,579 DEBUG impl.RaftServerImpl (RaftServerImpl.java:requestVote(743)) - s0@group-E7D5050F4609: receive requestVote(s1, group-E7D5050F4609, 1, (t:0, i:0))
2019-09-24 12:05:02,577 DEBUG impl.RaftServerImpl (RaftServerImpl.java:requestVote(743)) - s4@group-E7D5050F4609: receive requestVote(s1, group-E7D5050F4609, 1, (t:0, i:0))
2019-09-24 12:05:02,577 INFO  logging.LoggingHandler (AbstractInternalLogger.java:log(150)) - [id: 0x613b8d3e, L:/0.0.0.0:42023] READ COMPLETE
2019-09-24 12:05:02,581 DEBUG impl.RaftServerImpl (RaftServerImpl.java:requestVote(743)) - s2@group-E7D5050F4609: receive requestVote(s1, group-E7D5050F4609, 1, (t:0, i:0))
2019-09-24 12:05:02,579 INFO  impl.FollowerState (FollowerState.java:run(117)) - s0@group-E7D5050F4609-FollowerState was interrupted: java.lang.InterruptedException: sleep interrupted
2019-09-24 12:05:02,579 INFO  impl.RoleInfo (RoleInfo.java:updateAndGet(143)) - s0: start FollowerState
2019-09-24 12:05:02,581 DEBUG impl.RaftServerImpl (RaftServerImpl.java:requestVote(743)) - s3@group-E7D5050F4609: receive requestVote(s1, group-E7D5050F4609, 1, (t:0, i:0))
2019-09-24 12:05:02,583 DEBUG impl.RaftServerImpl (RaftServerImpl.java:requestVote(775)) - s3@group-E7D5050F4609 replies to vote request: s1<-s3#0:FAIL-t1. Peer's state: s3@group-E7D5050F4609:t1, leader=null, voted=s3, raftlog=s3@group-E7D5050F4609-SegmentedRaftLog:OPENED:c-1,f-1,i0, conf=-1: [s3:0.0.0.0:40479, s4:0.0.0.0:43695, s0:0.0.0.0:44661, s1:0.0.0.0:36487, s2:0.0.0.0:42023], old=null
2019-09-24 12:05:02,596 DEBUG impl.RaftServerImpl (RaftServerImpl.java:requestVote(775)) - s4@group-E7D5050F4609 replies to vote request: s3<-s4#0:OK-t1. Peer's state: s4@group-E7D5050F4609:t1, leader=null, voted=s3, raftlog=s4@group-E7D5050F4609-SegmentedRaftLog:OPENED:c-1,f-1,i0, conf=-1: [s3:0.0.0.0:40479, s4:0.0.0.0:43695, s0:0.0.0.0:44661, s1:0.0.0.0:36487, s2:0.0.0.0:42023], old=null
2019-09-24 12:05:02,596 DEBUG impl.RaftServerImpl (RaftServerImpl.java:requestVote(775)) - s2@group-E7D5050F4609 replies to vote request: s3<-s2#0:OK-t1. Peer's state: s2@group-E7D5050F4609:t1, leader=null, voted=s3, raftlog=s2@group-E7D5050F4609-SegmentedRaftLog:OPENED:c-1,f-1,i0, conf=-1: [s3:0.0.0.0:40479, s4:0.0.0.0:43695, s0:0.0.0.0:44661, s1:0.0.0.0:36487, s2:0.0.0.0:42023], old=null
2019-09-24 12:05:02,596 DEBUG impl.RaftServerImpl (RaftServerImpl.java:requestVote(775)) - s4@group-E7D5050F4609 replies to vote request: s1<-s4#0:FAIL-t1. Peer's state: s4@group-E7D5050F4609:t1, leader=null, voted=s3, raftlog=s4@group-E7D5050F4609-SegmentedRaftLog:OPENED:c-1,f-1,i0, conf=-1: [s3:0.0.0.0:40479, s4:0.0.0.0:43695, s0:0.0.0.0:44661, s1:0.0.0.0:36487, s2:0.0.0.0:42023], old=null
2019-09-24 12:05:02,597 DEBUG impl.RaftServerImpl (RaftServerImpl.java:requestVote(775)) - s2@group-E7D5050F4609 replies to vote request: s1<-s2#0:FAIL-t1. Peer's state: s2@group-E7D5050F4609:t1, leader=null, voted=s3, raftlog=s2@group-E7D5050F4609-SegmentedRaftLog:OPENED:c-1,f-1,i0, conf=-1: [s3:0.0.0.0:40479, s4:0.0.0.0:43695, s0:0.0.0.0:44661, s1:0.0.0.0:36487, s2:0.0.0.0:42023], old=null
2019-09-24 12:05:02,599 INFO  impl.LeaderElection (LeaderElection.java:logAndReturn(56)) - s3@group-E7D5050F4609-LeaderElection9: Election PASSED; received 3 response(s) [s3<-s4#0:OK-t1, s3<-s1#0:FAIL-t1, s3<-s2#0:OK-t1] and 0 exception(s); s3@group-E7D5050F4609:t1, leader=null, voted=s3, raftlog=s3@group-E7D5050F4609-SegmentedRaftLog:OPENED:c-1,f-1,i0, conf=-1: [s3:0.0.0.0:40479, s4:0.0.0.0:43695, s0:0.0.0.0:44661, s1:0.0.0.0:36487, s2:0.0.0.0:42023], old=null
2019-09-24 12:05:02,599 DEBUG impl.RaftServerImpl (RaftServerImpl.java:requestVote(775)) - s0@group-E7D5050F4609 replies to vote request: s3<-s0#0:OK-t1. Peer's state: s0@group-E7D5050F4609:t1, leader=null, voted=s3, raftlog=s0@group-E7D5050F4609-SegmentedRaftLog:OPENED:c-1,f-1,i0, conf=-1: [s3:0.0.0.0:40479, s4:0.0.0.0:43695, s0:0.0.0.0:44661, s1:0.0.0.0:36487, s2:0.0.0.0:42023], old=null
2019-09-24 12:05:02,599 INFO  impl.RoleInfo (RoleInfo.java:shutdownLeaderElection(134)) - s3: shutdown LeaderElection
2019-09-24 12:05:02,601 DEBUG impl.RaftServerImpl (RaftServerImpl.java:requestVote(775)) - s0@group-E7D5050F4609 replies to vote request: s1<-s0#0:FAIL-t1. Peer's state: s0@group-E7D5050F4609:t1, leader=null, voted=s3, raftlog=s0@group-E7D5050F4609-SegmentedRaftLog:OPENED:c-1,f-1,i0, conf=-1: [s3:0.0.0.0:40479, s4:0.0.0.0:43695, s0:0.0.0.0:44661, s1:0.0.0.0:36487, s2:0.0.0.0:42023], old=null
2019-09-24 12:05:02,602 INFO  impl.RaftServerImpl (RaftServerImpl.java:setRole(170)) - s3@group-E7D5050F4609: changes role from CANDIDATE to LEADER at term 1 for changeToLeader
2019-09-24 12:05:02,603 INFO  impl.RaftServerImpl (ServerState.java:setLeader(254)) - s3@group-E7D5050F4609: change Leader from null to s3 at term 1 for becomeLeader, leader elected after 271ms
2019-09-24 12:05:02,604 INFO  server.RaftServerConfigKeys (ConfUtils.java:logGet(43)) - raft.server.staging.catchup.gap = 1000 (default)
2019-09-24 12:05:02,604 INFO  server.RaftServerConfigKeys (ConfUtils.java:logGet(43)) - raft.server.rpc.sleep.time = 25ms (default)
2019-09-24 12:05:02,604 INFO  impl.LeaderElection (LeaderElection.java:logAndReturn(56)) - s1@group-E7D5050F4609-LeaderElection10: Election REJECTED; received 4 response(s) [s1<-s3#0:FAIL-t1, s1<-s4#0:FAIL-t1, s1<-s0#0:FAIL-t1, s1<-s2#0:FAIL-t1] and 0 exception(s); s1@group-E7D5050F4609:t1, leader=null, voted=s1, raftlog=s1@group-E7D5050F4609-SegmentedRaftLog:OPENED:c-1,f-1,i0, conf=-1: [s3:0.0.0.0:40479, s4:0.0.0.0:43695, s0:0.0.0.0:44661, s1:0.0.0.0:36487, s2:0.0.0.0:42023], old=null
2019-09-24 12:05:02,604 INFO  server.RaftServerConfigKeys (ConfUtils.java:logGet(43)) - raft.server.write.element-limit = 4096 (default)
2019-09-24 12:05:02,604 INFO  impl.RaftServerImpl (RaftServerImpl.java:setRole(170)) - s1@group-E7D5050F4609: changes role from CANDIDATE to FOLLOWER at term 1 for DISCOVERED_A_NEW_TERM
2019-09-24 12:05:02,606 INFO  server.RaftServerConfigKeys (ConfUtils.java:logGet(43)) - raft.server.watch.timeout = 10s (default)
2019-09-24 12:05:02,606 INFO  impl.RoleInfo (RoleInfo.java:shutdownLeaderElection(134)) - s1: shutdown LeaderElection
2019-09-24 12:05:02,607 INFO  server.RaftServerConfigKeys (ConfUtils.java:logGet(43)) - raft.server.watch.timeout.denomination = 1s (default)
2019-09-24 12:05:02,607 INFO  impl.RoleInfo (RoleInfo.java:updateAndGet(143)) - s1: start FollowerState
2019-09-24 12:05:02,607 INFO  server.RaftServerConfigKeys (ConfUtils.java:logGet(43)) - raft.server.watch.element-limit = 65536 (default)
2019-09-24 12:05:02,611 INFO  server.RaftServerConfigKeys (ConfUtils.java:logGet(43)) - raft.server.log.appender.snapshot.chunk.size.max = 16MB (=16777216) (default)
2019-09-24 12:05:02,612 INFO  server.RaftServerConfigKeys (ConfUtils.java:logGet(43)) - raft.server.log.appender.buffer.byte-limit = 4MB (=4194304) (default)
2019-09-24 12:05:02,612 INFO  server.RaftServerConfigKeys (ConfUtils.java:logGet(43)) - raft.server.log.appender.buffer.element-limit = 0 (default)
2019-09-24 12:05:02,612 INFO  server.RaftServerConfigKeys (ConfUtils.java:logGet(43)) - raft.server.log.appender.snapshot.chunk.size.max = 16MB (=16777216) (default)
2019-09-24 12:05:02,612 INFO  server.RaftServerConfigKeys (ConfUtils.java:logGet(43)) - raft.server.log.appender.buffer.byte-limit = 4MB (=4194304) (default)
2019-09-24 12:05:02,613 INFO  server.RaftServerConfigKeys (ConfUtils.java:logGet(43)) - raft.server.log.appender.buffer.element-limit = 0 (default)
2019-09-24 12:05:02,613 INFO  server.RaftServerConfigKeys (ConfUtils.java:logGet(43)) - raft.server.log.appender.snapshot.chunk.size.max = 16MB (=16777216) (default)
2019-09-24 12:05:02,613 INFO  server.RaftServerConfigKeys (ConfUtils.java:logGet(43)) - raft.server.log.appender.buffer.byte-limit = 4MB (=4194304) (default)
2019-09-24 12:05:02,613 INFO  server.RaftServerConfigKeys (ConfUtils.java:logGet(43)) - raft.server.log.appender.buffer.element-limit = 0 (default)
2019-09-24 12:05:02,614 INFO  server.RaftServerConfigKeys (ConfUtils.java:logGet(43)) - raft.server.log.appender.snapshot.chunk.size.max = 16MB (=16777216) (default)
2019-09-24 12:05:02,614 INFO  server.RaftServerConfigKeys (ConfUtils.java:logGet(43)) - raft.server.log.appender.buffer.byte-limit = 4MB (=4194304) (default)
2019-09-24 12:05:02,614 INFO  server.RaftServerConfigKeys (ConfUtils.java:logGet(43)) - raft.server.log.appender.buffer.element-limit = 0 (default)
2019-09-24 12:05:02,614 INFO  impl.RoleInfo (RoleInfo.java:updateAndGet(143)) - s3: start LeaderState
2019-09-24 12:05:02,615 INFO  segmented.SegmentedRaftLogWorker (SegmentedRaftLogWorker.java:startLogSegment(380)) - s3@group-E7D5050F4609-SegmentedRaftLogWorker: Starting segment from index:0
2019-09-24 12:05:02,618 INFO  impl.RaftServerImpl (ServerState.java:setRaftConf(355)) - s3@group-E7D5050F4609: set configuration 0: [s3:0.0.0.0:40479, s4:0.0.0.0:43695, s0:0.0.0.0:44661, s1:0.0.0.0:36487, s2:0.0.0.0:42023], old=null at 0
2019-09-24 12:05:02,619 INFO  impl.RaftServerImpl (ServerState.java:setLeader(254)) - s1@group-E7D5050F4609: change Leader from null to s3 at term 1 for appendEntries, leader elected after 286ms
2019-09-24 12:05:02,619 INFO  impl.RaftServerImpl (ServerState.java:setLeader(254)) - s2@group-E7D5050F4609: change Leader from null to s3 at term 1 for appendEntries, leader elected after 271ms
2019-09-24 12:05:02,619 INFO  impl.RaftServerImpl (ServerState.java:setLeader(254)) - s4@group-E7D5050F4609: change Leader from null to s3 at term 1 for appendEntries, leader elected after 286ms
2019-09-24 12:05:02,619 INFO  impl.RaftServerImpl (ServerState.java:setLeader(254)) - s0@group-E7D5050F4609: change Leader from null to s3 at term 1 for appendEntries, leader elected after 286ms
2019-09-24 12:05:02,621 DEBUG impl.RaftServerImpl (RaftServerImpl.java:logAppendEntries(850)) - s1@group-E7D5050F4609: receive appendEntries(s3, 1, null, -1, false, commits[s3:c-1, s4:c-1, s0:c-1, s1:c-1, s2:c-1], entries: (t:1, i:0), CONFIGURATIONENTRY
2019-09-24 12:05:02,622 DEBUG impl.RaftServerImpl (RaftServerImpl.java:logAppendEntries(850)) - s0@group-E7D5050F4609: receive appendEntries(s3, 1, null, -1, false, commits[s3:c-1, s4:c-1, s0:c-1, s1:c-1, s2:c-1], entries: (t:1, i:0), CONFIGURATIONENTRY
2019-09-24 12:05:02,622 DEBUG impl.RaftServerImpl (RaftServerImpl.java:logAppendEntries(850)) - s4@group-E7D5050F4609: receive appendEntries(s3, 1, null, -1, false, commits[s3:c-1, s4:c-1, s0:c-1, s1:c-1, s2:c-1], entries: (t:1, i:0), CONFIGURATIONENTRY
2019-09-24 12:05:02,622 DEBUG impl.RaftServerImpl (RaftServerImpl.java:logAppendEntries(850)) - s2@group-E7D5050F4609: receive appendEntries(s3, 1, null, -1, false, commits[s3:c-1, s4:c-1, s0:c-1, s1:c-1, s2:c-1], entries: (t:1, i:0), CONFIGURATIONENTRY
2019-09-24 12:05:02,622 INFO  impl.RaftServerImpl (ServerState.java:setRaftConf(355)) - s4@group-E7D5050F4609: set configuration 0: [s3:0.0.0.0:40479, s4:0.0.0.0:43695, s0:0.0.0.0:44661, s1:0.0.0.0:36487, s2:0.0.0.0:42023], old=null at 0
2019-09-24 12:05:02,622 INFO  impl.RaftServerImpl (ServerState.java:setRaftConf(355)) - s0@group-E7D5050F4609: set configuration 0: [s3:0.0.0.0:40479, s4:0.0.0.0:43695, s0:0.0.0.0:44661, s1:0.0.0.0:36487, s2:0.0.0.0:42023], old=null at 0
2019-09-24 12:05:02,622 INFO  impl.RaftServerImpl (ServerState.java:setRaftConf(355)) - s1@group-E7D5050F4609: set configuration 0: [s3:0.0.0.0:40479, s4:0.0.0.0:43695, s0:0.0.0.0:44661, s1:0.0.0.0:36487, s2:0.0.0.0:42023], old=null at 0
2019-09-24 12:05:02,623 INFO  segmented.SegmentedRaftLogWorker (SegmentedRaftLogWorker.java:startLogSegment(380)) - s0@group-E7D5050F4609-SegmentedRaftLogWorker: Starting segment from index:0
2019-09-24 12:05:02,623 INFO  impl.RaftServerImpl (ServerState.java:setRaftConf(355)) - s2@group-E7D5050F4609: set configuration 0: [s3:0.0.0.0:40479, s4:0.0.0.0:43695, s0:0.0.0.0:44661, s1:0.0.0.0:36487, s2:0.0.0.0:42023], old=null at 0
2019-09-24 12:05:02,623 INFO  segmented.SegmentedRaftLogWorker (SegmentedRaftLogWorker.java:startLogSegment(380)) - s4@group-E7D5050F4609-SegmentedRaftLogWorker: Starting segment from index:0
2019-09-24 12:05:02,624 INFO  segmented.SegmentedRaftLogWorker (SegmentedRaftLogWorker.java:startLogSegment(380)) - s2@group-E7D5050F4609-SegmentedRaftLogWorker: Starting segment from index:0
2019-09-24 12:05:02,624 INFO  segmented.SegmentedRaftLogWorker (SegmentedRaftLogWorker.java:startLogSegment(380)) - s1@group-E7D5050F4609-SegmentedRaftLogWorker: Starting segment from index:0
2019-09-24 12:05:02,843 INFO  ratis.RaftTestUtil (RaftTestUtil.java:waitForLeader(101)) - printing ALL groups
  s3:  RUNNING    LEADER s3@group-E7D5050F4609:t1, leader=s3, voted=s3, raftlog=s3@group-E7D5050F4609-SegmentedRaftLog:OPENED:c-1,f-1,i0, conf=0: [s3:0.0.0.0:40479, s4:0.0.0.0:43695, s0:0.0.0.0:44661, s1:0.0.0.0:36487, s2:0.0.0.0:42023], old=null RUNNING
  s4:  RUNNING  FOLLOWER s4@group-E7D5050F4609:t1, leader=s3, voted=s3, raftlog=s4@group-E7D5050F4609-SegmentedRaftLog:OPENED:c-1,f-1,i0, conf=0: [s3:0.0.0.0:40479, s4:0.0.0.0:43695, s0:0.0.0.0:44661, s1:0.0.0.0:36487, s2:0.0.0.0:42023], old=null RUNNING
  s0:  RUNNING  FOLLOWER s0@group-E7D5050F4609:t1, leader=s3, voted=s3, raftlog=s0@group-E7D5050F4609-SegmentedRaftLog:OPENED:c-1,f-1,i0, conf=0: [s3:0.0.0.0:40479, s4:0.0.0.0:43695, s0:0.0.0.0:44661, s1:0.0.0.0:36487, s2:0.0.0.0:42023], old=null RUNNING
  s1:  RUNNING  FOLLOWER s1@group-E7D5050F4609:t1, leader=s3, voted=s1, raftlog=s1@group-E7D5050F4609-SegmentedRaftLog:OPENED:c-1,f-1,i0, conf=0: [s3:0.0.0.0:40479, s4:0.0.0.0:43695, s0:0.0.0.0:44661, s1:0.0.0.0:36487, s2:0.0.0.0:42023], old=null RUNNING
  s2:  RUNNING  FOLLOWER s2@group-E7D5050F4609:t1, leader=s3, voted=s3, raftlog=s2@group-E7D5050F4609-SegmentedRaftLog:OPENED:c-1,f-1,i0, conf=0: [s3:0.0.0.0:40479, s4:0.0.0.0:43695, s0:0.0.0.0:44661, s1:0.0.0.0:36487, s2:0.0.0.0:42023], old=null RUNNING
2019-09-24 12:05:02,843 INFO  ratis.RaftTestUtil (RaftTestUtil.java:waitAndKillLeader(117)) - killing leader =    LEADER s3@group-E7D5050F4609:t1, leader=s3, voted=s3, raftlog=s3@group-E7D5050F4609-SegmentedRaftLog:OPENED:c-1,f-1,i0, conf=0: [s3:0.0.0.0:40479, s4:0.0.0.0:43695, s0:0.0.0.0:44661, s1:0.0.0.0:36487, s2:0.0.0.0:42023], old=null RUNNING
2019-09-24 12:05:02,844 INFO  ratis.MiniRaftCluster (MiniRaftCluster.java:killServer(458)) - killServer s3
2019-09-24 12:05:02,844 INFO  impl.RaftServerProxy (RaftServerProxy.java:lambda$close$4(314)) - s3: close
2019-09-24 12:05:02,844 INFO  impl.RaftServerImpl (RaftServerImpl.java:lambda$shutdown$3(247)) - s3@group-E7D5050F4609: shutdown
2019-09-24 12:05:02,845 INFO  util.JmxRegister (JmxRegister.java:unregister(73)) - Successfully un-registered JMX Bean with object name Ratis:service=RaftServer,group=group-E7D5050F4609,id=s3
2019-09-24 12:05:02,845 INFO  impl.RoleInfo (RoleInfo.java:shutdownLeaderState(104)) - s3: shutdown LeaderState
2019-09-24 12:05:02,849 INFO  impl.PendingRequests (PendingRequests.java:sendNotLeaderResponses(202)) - s3@group-E7D5050F4609-PendingRequests: sendNotLeaderResponses
2019-09-24 12:05:02,849 INFO  impl.LogAppender (LogAppender.java:run(78)) - s3@group-E7D5050F4609->s4-LogAppender-AppenderDaemon was interrupted: java.io.InterruptedIOException: s3->s4#0 sending from s4:0.0.0.0:43695 is interrupted.
2019-09-24 12:05:02,850 INFO  impl.StateMachineUpdater (StateMachineUpdater.java:stopAndJoin(136)) - s3@group-E7D5050F4609-StateMachineUpdater: set stopIndex = -1
2019-09-24 12:05:02,849 INFO  impl.LogAppender (LogAppender.java:run(78)) - s3@group-E7D5050F4609->s1-LogAppender-AppenderDaemon was interrupted: java.io.InterruptedIOException: s3->s1#0 sending from s1:0.0.0.0:36487 is interrupted.
2019-09-24 12:05:02,849 INFO  impl.LogAppender (LogAppender.java:run(78)) - s3@group-E7D5050F4609->s2-LogAppender-AppenderDaemon was interrupted: java.io.InterruptedIOException: s3->s2#0 sending from s2:0.0.0.0:42023 is interrupted.
2019-09-24 12:05:02,849 INFO  impl.LogAppender (LogAppender.java:run(78)) - s3@group-E7D5050F4609->s0-LogAppender-AppenderDaemon was interrupted: java.io.InterruptedIOException: s3->s0#0 sending from s0:0.0.0.0:44661 is interrupted.
2019-09-24 12:05:02,852 INFO  impl.RaftServerImpl (ServerState.java:close(386)) - s3@group-E7D5050F4609: closes. applyIndex: -1
2019-09-24 12:05:02,888 INFO  segmented.SegmentedRaftLogWorker (SegmentedRaftLogWorker.java:execute(569)) - s1@group-E7D5050F4609-SegmentedRaftLogWorker: created new log segment /workdir/ratis-test/target/test/data/aaa4fccd/MiniRaftClusterWithNettyac8e1cad/s1/36869398-fbcf-49ef-8a37-e7d5050f4609/current/log_inprogress_0
2019-09-24 12:05:02,888 INFO  segmented.SegmentedRaftLogWorker (SegmentedRaftLogWorker.java:execute(569)) - s0@group-E7D5050F4609-SegmentedRaftLogWorker: created new log segment /workdir/ratis-test/target/test/data/aaa4fccd/MiniRaftClusterWithNettyac8e1cad/s0/36869398-fbcf-49ef-8a37-e7d5050f4609/current/log_inprogress_0
2019-09-24 12:05:02,888 INFO  segmented.SegmentedRaftLogWorker (SegmentedRaftLogWorker.java:execute(569)) - s4@group-E7D5050F4609-SegmentedRaftLogWorker: created new log segment /workdir/ratis-test/target/test/data/aaa4fccd/MiniRaftClusterWithNettyac8e1cad/s4/36869398-fbcf-49ef-8a37-e7d5050f4609/current/log_inprogress_0
2019-09-24 12:05:02,888 INFO  segmented.SegmentedRaftLogWorker (SegmentedRaftLogWorker.java:execute(569)) - s2@group-E7D5050F4609-SegmentedRaftLogWorker: created new log segment /workdir/ratis-test/target/test/data/aaa4fccd/MiniRaftClusterWithNettyac8e1cad/s2/36869398-fbcf-49ef-8a37-e7d5050f4609/current/log_inprogress_0
2019-09-24 12:05:02,889 WARN  segmented.SegmentedRaftLogOutputStream (SegmentedRaftLogOutputStream.java:<init>(77)) - Hit IOException while creating log segment /workdir/ratis-test/target/test/data/aaa4fccd/MiniRaftClusterWithNettyac8e1cad/s3/36869398-fbcf-49ef-8a37-e7d5050f4609/current/log_inprogress_0, delete the partial file.
2019-09-24 12:05:02,889 TRACE util.FileUtils (FileUtils.java:deleteFully(88)) - deleteFully /workdir/ratis-test/target/test/data/aaa4fccd/MiniRaftClusterWithNettyac8e1cad/s3/36869398-fbcf-49ef-8a37-e7d5050f4609/current/log_inprogress_0
2019-09-24 12:05:02,894 TRACE util.FileUtils (LogUtils.java:runAndLog(61)) - Successfully ran Files.delete /workdir/ratis-test/target/test/data/aaa4fccd/MiniRaftClusterWithNettyac8e1cad/s3/36869398-fbcf-49ef-8a37-e7d5050f4609/current/log_inprogress_0
2019-09-24 12:05:02,895 INFO  segmented.SegmentedRaftLogWorker (SegmentedRaftLogWorker.java:close(228)) - s3@group-E7D5050F4609-SegmentedRaftLogWorker close()
2019-09-24 12:05:02,896 INFO  logging.LoggingHandler (AbstractInternalLogger.java:log(150)) - [id: 0x18e757fc, L:/0.0.0.0:40479] UNREGISTERED
2019-09-24 12:05:02,900 DEBUG impl.RaftServerImpl (RaftServerImpl.java:logAppendEntries(850)) - s1@group-E7D5050F4609: succeeded to handle AppendEntries. Reply: s3<-s1#0:OK,SUCCESS,nextIndex:1,term:1,followerCommit:-1
2019-09-24 12:05:02,901 DEBUG impl.RaftServerImpl (RaftServerImpl.java:logAppendEntries(850)) - s4@group-E7D5050F4609: succeeded to handle AppendEntries. Reply: s3<-s4#0:OK,SUCCESS,nextIndex:1,term:1,followerCommit:-1
2019-09-24 12:05:02,901 DEBUG impl.RaftServerImpl (RaftServerImpl.java:logAppendEntries(850)) - s2@group-E7D5050F4609: succeeded to handle AppendEntries. Reply: s3<-s2#0:OK,SUCCESS,nextIndex:1,term:1,followerCommit:-1
2019-09-24 12:05:02,901 DEBUG impl.RaftServerImpl (RaftServerImpl.java:logAppendEntries(850)) - s0@group-E7D5050F4609: succeeded to handle AppendEntries. Reply: s3<-s0#0:OK,SUCCESS,nextIndex:1,term:1,followerCommit:-1
2019-09-24 12:05:03,242 INFO  impl.FollowerState (FollowerState.java:run(108)) - s0@group-E7D5050F4609-FollowerState: change to CANDIDATE, lastRpcTime:340ms, electionTimeout:229ms
2019-09-24 12:05:03,242 INFO  impl.RoleInfo (RoleInfo.java:shutdownFollowerState(121)) - s0: shutdown FollowerState
2019-09-24 12:05:03,242 INFO  impl.RaftServerImpl (RaftServerImpl.java:setRole(170)) - s0@group-E7D5050F4609: changes role from  FOLLOWER to CANDIDATE at term 1 for changeToCandidate
2019-09-24 12:05:03,243 INFO  impl.RoleInfo (RoleInfo.java:updateAndGet(143)) - s0: start LeaderElection
2019-09-24 12:05:03,244 INFO  impl.RaftServerImpl (ServerState.java:setLeader(254)) - s0@group-E7D5050F4609: change Leader from s3 to null at term 1 for initElection
2019-09-24 12:05:03,248 INFO  impl.FollowerState (FollowerState.java:run(108)) - s4@group-E7D5050F4609-FollowerState: change to CANDIDATE, lastRpcTime:347ms, electionTimeout:272ms
2019-09-24 12:05:03,248 INFO  impl.RoleInfo (RoleInfo.java:shutdownFollowerState(121)) - s4: shutdown FollowerState
2019-09-24 12:05:03,248 INFO  impl.RaftServerImpl (RaftServerImpl.java:setRole(170)) - s4@group-E7D5050F4609: changes role from  FOLLOWER to CANDIDATE at term 1 for changeToCandidate
2019-09-24 12:05:03,248 INFO  impl.RoleInfo (RoleInfo.java:updateAndGet(143)) - s4: start LeaderElection
2019-09-24 12:05:03,249 INFO  impl.RaftServerImpl (ServerState.java:setLeader(254)) - s4@group-E7D5050F4609: change Leader from s3 to null at term 1 for initElection
2019-09-24 12:05:03,258 INFO  impl.LeaderElection (LeaderElection.java:askForVotes(178)) - s0@group-E7D5050F4609-LeaderElection11: begin an election at term 2 for 0: [s3:0.0.0.0:40479, s4:0.0.0.0:43695, s0:0.0.0.0:44661, s1:0.0.0.0:36487, s2:0.0.0.0:42023], old=null
2019-09-24 12:05:03,258 INFO  impl.LeaderElection (LeaderElection.java:askForVotes(178)) - s4@group-E7D5050F4609-LeaderElection12: begin an election at term 2 for 0: [s3:0.0.0.0:40479, s4:0.0.0.0:43695, s0:0.0.0.0:44661, s1:0.0.0.0:36487, s2:0.0.0.0:42023], old=null
2019-09-24 12:05:03,272 INFO  logging.LoggingHandler (AbstractInternalLogger.java:log(150)) - [id: 0xd721c4fe, L:/0.0.0.0:36487] READ: [id: 0x3a596b95, L:/192.168.34.44:36487 - R:/192.168.34.44:43246]
2019-09-24 12:05:03,275 INFO  logging.LoggingHandler (AbstractInternalLogger.java:log(150)) - [id: 0xb9400468, L:/0.0.0.0:43695] READ: [id: 0xae749ee7, L:/192.168.34.44:43695 - R:/192.168.34.44:43910]
2019-09-24 12:05:03,277 INFO  logging.LoggingHandler (AbstractInternalLogger.java:log(150)) - [id: 0xd721c4fe, L:/0.0.0.0:36487] READ COMPLETE
2019-09-24 12:05:03,280 INFO  impl.LeaderElection (LogUtils.java:infoOrTrace(149)) - s0@group-E7D5050F4609-LeaderElection11 got exception when requesting votes: java.util.concurrent.ExecutionException: org.apache.ratis.thirdparty.io.netty.channel.AbstractChannel$AnnotatedConnectException: Connection refused: /0.0.0.0:40479
2019-09-24 12:05:03,279 INFO  impl.LeaderElection (LogUtils.java:infoOrTrace(149)) - s4@group-E7D5050F4609-LeaderElection12 got exception when requesting votes: java.util.concurrent.ExecutionException: org.apache.ratis.thirdparty.io.netty.channel.AbstractChannel$AnnotatedConnectException: Connection refused: /0.0.0.0:40479
2019-09-24 12:05:03,280 INFO  logging.LoggingHandler (AbstractInternalLogger.java:log(150)) - [id: 0xb9400468, L:/0.0.0.0:43695] READ COMPLETE
2019-09-24 12:05:03,282 INFO  logging.LoggingHandler (AbstractInternalLogger.java:log(150)) - [id: 0xd721c4fe, L:/0.0.0.0:36487] READ: [id: 0xef3694de, L:/192.168.34.44:36487 - R:/192.168.34.44:43252]
2019-09-24 12:05:03,282 INFO  logging.LoggingHandler (AbstractInternalLogger.java:log(150)) - [id: 0x613b8d3e, L:/0.0.0.0:42023] READ: [id: 0x409f7ca2, L:/192.168.34.44:42023 - R:/192.168.34.44:59432]
2019-09-24 12:05:03,280 INFO  logging.LoggingHandler (AbstractInternalLogger.java:log(150)) - [id: 0x8faf6523, L:/0.0.0.0:44661] READ: [id: 0xbb8e929a, L:/192.168.34.44:44661 - R:/192.168.34.44:37182]
2019-09-24 12:05:03,284 INFO  logging.LoggingHandler (AbstractInternalLogger.java:log(150)) - [id: 0x613b8d3e, L:/0.0.0.0:42023] READ COMPLETE
2019-09-24 12:05:03,283 DEBUG impl.RaftServerImpl (RaftServerImpl.java:requestVote(743)) - s4@group-E7D5050F4609: receive requestVote(s0, group-E7D5050F4609, 2, (t:1, i:0))
2019-09-24 12:05:03,283 INFO  logging.LoggingHandler (AbstractInternalLogger.java:log(150)) - [id: 0xd721c4fe, L:/0.0.0.0:36487] READ COMPLETE
2019-09-24 12:05:03,287 DEBUG impl.RaftServerImpl (RaftServerImpl.java:requestVote(775)) - s4@group-E7D5050F4609 replies to vote request: s0<-s4#0:FAIL-t2. Peer's state: s4@group-E7D5050F4609:t2, leader=null, voted=s4, raftlog=s4@group-E7D5050F4609-SegmentedRaftLog:OPENED:c-1,f0,i0, conf=0: [s3:0.0.0.0:40479, s4:0.0.0.0:43695, s0:0.0.0.0:44661, s1:0.0.0.0:36487, s2:0.0.0.0:42023], old=null
2019-09-24 12:05:03,287 INFO  logging.LoggingHandler (AbstractInternalLogger.java:log(150)) - [id: 0x613b8d3e, L:/0.0.0.0:42023] READ: [id: 0xf8c9fb88, L:/192.168.34.44:42023 - R:/192.168.34.44:59438]
2019-09-24 12:05:03,287 INFO  logging.LoggingHandler (AbstractInternalLogger.java:log(150)) - [id: 0x8faf6523, L:/0.0.0.0:44661] READ COMPLETE
2019-09-24 12:05:03,286 DEBUG impl.RaftServerImpl (RaftServerImpl.java:requestVote(743)) - s1@group-E7D5050F4609: receive requestVote(s0, group-E7D5050F4609, 2, (t:1, i:0))
2019-09-24 12:05:03,289 DEBUG impl.RaftServerImpl (RaftServerImpl.java:requestVote(743)) - s2@group-E7D5050F4609: receive requestVote(s0, group-E7D5050F4609, 2, (t:1, i:0))
2019-09-24 12:05:03,289 INFO  logging.LoggingHandler (AbstractInternalLogger.java:log(150)) - [id: 0x613b8d3e, L:/0.0.0.0:42023] READ COMPLETE
2019-09-24 12:05:03,289 DEBUG impl.RaftServerImpl (RaftServerImpl.java:requestVote(743)) - s1@group-E7D5050F4609: receive requestVote(s4, group-E7D5050F4609, 2, (t:1, i:0))
2019-09-24 12:05:03,288 DEBUG impl.RaftServerImpl (RaftServerImpl.java:requestVote(743)) - s0@group-E7D5050F4609: receive requestVote(s4, group-E7D5050F4609, 2, (t:1, i:0))
2019-09-24 12:05:03,290 DEBUG impl.RaftServerImpl (RaftServerImpl.java:requestVote(743)) - s2@group-E7D5050F4609: receive requestVote(s4, group-E7D5050F4609, 2, (t:1, i:0))
2019-09-24 12:05:03,290 INFO  impl.RaftServerImpl (ServerState.java:setLeader(254)) - s2@group-E7D5050F4609: change Leader from s3 to null at term 2 for updateCurrentTerm
2019-09-24 12:05:03,289 INFO  impl.RaftServerImpl (ServerState.java:setLeader(254)) - s1@group-E7D5050F4609: change Leader from s3 to null at term 2 for updateCurrentTerm
2019-09-24 12:05:03,291 INFO  impl.RaftServerImpl (RaftServerImpl.java:setRole(170)) - s2@group-E7D5050F4609: changes role from  FOLLOWER to FOLLOWER at term 2 for recognizeCandidate:s0
2019-09-24 12:05:03,292 INFO  impl.RoleInfo (RoleInfo.java:shutdownFollowerState(121)) - s2: shutdown FollowerState
2019-09-24 12:05:03,291 DEBUG impl.RaftServerImpl (RaftServerImpl.java:requestVote(775)) - s0@group-E7D5050F4609 replies to vote request: s4<-s0#0:FAIL-t2. Peer's state: s0@group-E7D5050F4609:t2, leader=null, voted=s0, raftlog=s0@group-E7D5050F4609-SegmentedRaftLog:OPENED:c-1,f0,i0, conf=0: [s3:0.0.0.0:40479, s4:0.0.0.0:43695, s0:0.0.0.0:44661, s1:0.0.0.0:36487, s2:0.0.0.0:42023], old=null
2019-09-24 12:05:03,292 INFO  impl.FollowerState (FollowerState.java:run(117)) - s2@group-E7D5050F4609-FollowerState was interrupted: java.lang.InterruptedException: sleep interrupted
2019-09-24 12:05:03,292 INFO  impl.RoleInfo (RoleInfo.java:updateAndGet(143)) - s2: start FollowerState
2019-09-24 12:05:03,292 INFO  impl.RaftServerImpl (RaftServerImpl.java:setRole(170)) - s1@group-E7D5050F4609: changes role from  FOLLOWER to FOLLOWER at term 2 for recognizeCandidate:s0
2019-09-24 12:05:03,295 INFO  impl.RoleInfo (RoleInfo.java:shutdownFollowerState(121)) - s1: shutdown FollowerState
2019-09-24 12:05:03,295 INFO  impl.RoleInfo (RoleInfo.java:updateAndGet(143)) - s1: start FollowerState
2019-09-24 12:05:03,295 INFO  impl.FollowerState (FollowerState.java:run(117)) - s1@group-E7D5050F4609-FollowerState was interrupted: java.lang.InterruptedException: sleep interrupted
2019-09-24 12:05:03,320 DEBUG impl.RaftServerImpl (RaftServerImpl.java:requestVote(775)) - s2@group-E7D5050F4609 replies to vote request: s0<-s2#0:OK-t2. Peer's state: s2@group-E7D5050F4609:t2, leader=null, voted=s0, raftlog=s2@group-E7D5050F4609-SegmentedRaftLog:OPENED:c-1,f0,i0, conf=0: [s3:0.0.0.0:40479, s4:0.0.0.0:43695, s0:0.0.0.0:44661, s1:0.0.0.0:36487, s2:0.0.0.0:42023], old=null
2019-09-24 12:05:03,320 DEBUG impl.RaftServerImpl (RaftServerImpl.java:requestVote(775)) - s1@group-E7D5050F4609 replies to vote request: s0<-s1#0:OK-t2. Peer's state: s1@group-E7D5050F4609:t2, leader=null, voted=s0, raftlog=s1@group-E7D5050F4609-SegmentedRaftLog:OPENED:c-1,f0,i0, conf=0: [s3:0.0.0.0:40479, s4:0.0.0.0:43695, s0:0.0.0.0:44661, s1:0.0.0.0:36487, s2:0.0.0.0:42023], old=null
2019-09-24 12:05:03,321 DEBUG impl.RaftServerImpl (RaftServerImpl.java:requestVote(775)) - s2@group-E7D5050F4609 replies to vote request: s4<-s2#0:FAIL-t2. Peer's state: s2@group-E7D5050F4609:t2, leader=null, voted=s0, raftlog=s2@group-E7D5050F4609-SegmentedRaftLog:OPENED:c-1,f0,i0, conf=0: [s3:0.0.0.0:40479, s4:0.0.0.0:43695, s0:0.0.0.0:44661, s1:0.0.0.0:36487, s2:0.0.0.0:42023], old=null
2019-09-24 12:05:03,322 DEBUG impl.RaftServerImpl (RaftServerImpl.java:requestVote(775)) - s1@group-E7D5050F4609 replies to vote request: s4<-s1#0:FAIL-t2. Peer's state: s1@group-E7D5050F4609:t2, leader=null, voted=s0, raftlog=s1@group-E7D5050F4609-SegmentedRaftLog:OPENED:c-1,f0,i0, conf=0: [s3:0.0.0.0:40479, s4:0.0.0.0:43695, s0:0.0.0.0:44661, s1:0.0.0.0:36487, s2:0.0.0.0:42023], old=null
2019-09-24 12:05:03,324 INFO  impl.LeaderElection (LeaderElection.java:logAndReturn(56)) - s0@group-E7D5050F4609-LeaderElection11: Election PASSED; received 3 response(s) [s0<-s4#0:FAIL-t2, s0<-s1#0:OK-t2, s0<-s2#0:OK-t2] and 1 exception(s); s0@group-E7D5050F4609:t2, leader=null, voted=s0, raftlog=s0@group-E7D5050F4609-SegmentedRaftLog:OPENED:c-1,f0,i0, conf=0: [s3:0.0.0.0:40479, s4:0.0.0.0:43695, s0:0.0.0.0:44661, s1:0.0.0.0:36487, s2:0.0.0.0:42023], old=null
2019-09-24 12:05:03,325 INFO  impl.LeaderElection (LeaderElection.java:logAndReturn(56)) - s4@group-E7D5050F4609-LeaderElection12: Election REJECTED; received 3 response(s) [s4<-s0#0:FAIL-t2, s4<-s1#0:FAIL-t2, s4<-s2#0:FAIL-t2] and 1 exception(s); s4@group-E7D5050F4609:t2, leader=null, voted=s4, raftlog=s4@group-E7D5050F4609-SegmentedRaftLog:OPENED:c-1,f0,i0, conf=0: [s3:0.0.0.0:40479, s4:0.0.0.0:43695, s0:0.0.0.0:44661, s1:0.0.0.0:36487, s2:0.0.0.0:42023], old=null
2019-09-24 12:05:03,325 INFO  impl.LeaderElection (LogUtils.java:infoOrTrace(149)) -   Exception 0: java.util.concurrent.ExecutionException: org.apache.ratis.thirdparty.io.netty.channel.AbstractChannel$AnnotatedConnectException: Connection refused: /0.0.0.0:40479
2019-09-24 12:05:03,325 INFO  impl.LeaderElection (LogUtils.java:infoOrTrace(149)) -   Exception 0: java.util.concurrent.ExecutionException: org.apache.ratis.thirdparty.io.netty.channel.AbstractChannel$AnnotatedConnectException: Connection refused: /0.0.0.0:40479
2019-09-24 12:05:03,326 INFO  impl.RaftServerImpl (RaftServerImpl.java:setRole(170)) - s4@group-E7D5050F4609: changes role from CANDIDATE to FOLLOWER at term 2 for DISCOVERED_A_NEW_TERM
2019-09-24 12:05:03,328 INFO  impl.RoleInfo (RoleInfo.java:shutdownLeaderElection(134)) - s4: shutdown LeaderElection
2019-09-24 12:05:03,327 INFO  impl.RoleInfo (RoleInfo.java:shutdownLeaderElection(134)) - s0: shutdown LeaderElection
2019-09-24 12:05:03,329 INFO  impl.RoleInfo (RoleInfo.java:updateAndGet(143)) - s4: start FollowerState
2019-09-24 12:05:03,330 INFO  impl.RaftServerImpl (RaftServerImpl.java:setRole(170)) - s0@group-E7D5050F4609: changes role from CANDIDATE to LEADER at term 2 for changeToLeader
2019-09-24 12:05:03,330 INFO  impl.RaftServerImpl (ServerState.java:setLeader(254)) - s0@group-E7D5050F4609: change Leader from null to s0 at term 2 for becomeLeader, leader elected after 86ms
2019-09-24 12:05:03,331 INFO  server.RaftServerConfigKeys (ConfUtils.java:logGet(43)) - raft.server.staging.catchup.gap = 1000 (default)
2019-09-24 12:05:03,331 INFO  server.RaftServerConfigKeys (ConfUtils.java:logGet(43)) - raft.server.rpc.sleep.time = 25ms (default)
2019-09-24 12:05:03,331 INFO  server.RaftServerConfigKeys (ConfUtils.java:logGet(43)) - raft.server.write.element-limit = 4096 (default)
2019-09-24 12:05:03,332 INFO  server.RaftServerConfigKeys (ConfUtils.java:logGet(43)) - raft.server.watch.timeout = 10s (default)
2019-09-24 12:05:03,332 INFO  server.RaftServerConfigKeys (ConfUtils.java:logGet(43)) - raft.server.watch.timeout.denomination = 1s (default)
2019-09-24 12:05:03,332 INFO  server.RaftServerConfigKeys (ConfUtils.java:logGet(43)) - raft.server.watch.element-limit = 65536 (default)
2019-09-24 12:05:03,336 INFO  server.RaftServerConfigKeys (ConfUtils.java:logGet(43)) - raft.server.log.appender.snapshot.chunk.size.max = 16MB (=16777216) (default)
2019-09-24 12:05:03,336 INFO  server.RaftServerConfigKeys (ConfUtils.java:logGet(43)) - raft.server.log.appender.buffer.byte-limit = 4MB (=4194304) (default)
2019-09-24 12:05:03,336 INFO  server.RaftServerConfigKeys (ConfUtils.java:logGet(43)) - raft.server.log.appender.buffer.element-limit = 0 (default)
2019-09-24 12:05:03,337 INFO  server.RaftServerConfigKeys (ConfUtils.java:logGet(43)) - raft.server.log.appender.snapshot.chunk.size.max = 16MB (=16777216) (default)
2019-09-24 12:05:03,337 INFO  server.RaftServerConfigKeys (ConfUtils.java:logGet(43)) - raft.server.log.appender.buffer.byte-limit = 4MB (=4194304) (default)
2019-09-24 12:05:03,337 INFO  server.RaftServerConfigKeys (ConfUtils.java:logGet(43)) - raft.server.log.appender.buffer.element-limit = 0 (default)
2019-09-24 12:05:03,338 INFO  server.RaftServerConfigKeys (ConfUtils.java:logGet(43)) - raft.server.log.appender.snapshot.chunk.size.max = 16MB (=16777216) (default)
2019-09-24 12:05:03,338 INFO  server.RaftServerConfigKeys (ConfUtils.java:logGet(43)) - raft.server.log.appender.buffer.byte-limit = 4MB (=4194304) (default)
2019-09-24 12:05:03,338 INFO  server.RaftServerConfigKeys (ConfUtils.java:logGet(43)) - raft.server.log.appender.buffer.element-limit = 0 (default)
2019-09-24 12:05:03,338 INFO  server.RaftServerConfigKeys (ConfUtils.java:logGet(43)) - raft.server.log.appender.snapshot.chunk.size.max = 16MB (=16777216) (default)
2019-09-24 12:05:03,339 INFO  server.RaftServerConfigKeys (ConfUtils.java:logGet(43)) - raft.server.log.appender.buffer.byte-limit = 4MB (=4194304) (default)
2019-09-24 12:05:03,339 INFO  server.RaftServerConfigKeys (ConfUtils.java:logGet(43)) - raft.server.log.appender.buffer.element-limit = 0 (default)
2019-09-24 12:05:03,339 INFO  impl.RoleInfo (RoleInfo.java:updateAndGet(143)) - s0: start LeaderState
2019-09-24 12:05:03,340 INFO  segmented.SegmentedRaftLogWorker (SegmentedRaftLogWorker.java:rollLogSegment(385)) - s0@group-E7D5050F4609-SegmentedRaftLogWorker: Rolling segment log-0_0 to index:0
2019-09-24 12:05:03,346 TRACE util.FileUtils (LogUtils.java:runAndLog(61)) - Successfully ran Files.move /workdir/ratis-test/target/test/data/aaa4fccd/MiniRaftClusterWithNettyac8e1cad/s0/36869398-fbcf-49ef-8a37-e7d5050f4609/current/log_inprogress_0 to /workdir/ratis-test/target/test/data/aaa4fccd/MiniRaftClusterWithNettyac8e1cad/s0/36869398-fbcf-49ef-8a37-e7d5050f4609/current/log_0-0
2019-09-24 12:05:03,346 INFO  segmented.SegmentedRaftLogWorker (SegmentedRaftLogWorker.java:execute(526)) - s0@group-E7D5050F4609-SegmentedRaftLogWorker: Rolled log segment from /workdir/ratis-test/target/test/data/aaa4fccd/MiniRaftClusterWithNettyac8e1cad/s0/36869398-fbcf-49ef-8a37-e7d5050f4609/current/log_inprogress_0 to /workdir/ratis-test/target/test/data/aaa4fccd/MiniRaftClusterWithNettyac8e1cad/s0/36869398-fbcf-49ef-8a37-e7d5050f4609/current/log_0-0
2019-09-24 12:05:03,350 INFO  impl.RaftServerImpl (ServerState.java:setRaftConf(355)) - s0@group-E7D5050F4609: set configuration 1: [s3:0.0.0.0:40479, s4:0.0.0.0:43695, s0:0.0.0.0:44661, s1:0.0.0.0:36487, s2:0.0.0.0:42023], old=null at 1
2019-09-24 12:05:03,353 INFO  impl.RaftServerImpl (ServerState.java:setLeader(254)) - s1@group-E7D5050F4609: change Leader from null to s0 at term 2 for appendEntries, leader elected after 63ms
2019-09-24 12:05:03,354 INFO  impl.RaftServerImpl (ServerState.java:setLeader(254)) - s2@group-E7D5050F4609: change Leader from null to s0 at term 2 for appendEntries, leader elected after 63ms
2019-09-24 12:05:03,354 INFO  impl.RaftServerImpl (ServerState.java:setLeader(254)) - s4@group-E7D5050F4609: change Leader from null to s0 at term 2 for appendEntries, leader elected after 104ms
2019-09-24 12:05:03,355 WARN  impl.LogAppender (LogAppender.java:sendAppendEntriesWithRetries(274)) - s0@group-E7D5050F4609->s3-LogAppender: Failed to appendEntries (retry=1): org.apache.ratis.thirdparty.io.netty.channel.AbstractChannel$AnnotatedConnectException: Connection refused: /0.0.0.0:40479
2019-09-24 12:05:03,360 DEBUG impl.RaftServerImpl (RaftServerImpl.java:logAppendEntries(850)) - s2@group-E7D5050F4609: receive appendEntries(s0, 2, (t:1, i:0), -1, false, commits[s0:c-1, s3:c-1, s4:c-1, s1:c-1, s2:c-1], entries: (t:2, i:1), CONFIGURATIONENTRY
2019-09-24 12:05:03,360 DEBUG impl.RaftServerImpl (RaftServerImpl.java:logAppendEntries(850)) - s1@group-E7D5050F4609: receive appendEntries(s0, 2, (t:1, i:0), -1, false, commits[s0:c-1, s3:c-1, s4:c-1, s1:c-1, s2:c-1], entries: (t:2, i:1), CONFIGURATIONENTRY
2019-09-24 12:05:03,360 DEBUG impl.RaftServerImpl (RaftServerImpl.java:logAppendEntries(850)) - s4@group-E7D5050F4609: receive appendEntries(s0, 2, (t:1, i:0), -1, false, commits[s0:c-1, s3:c-1, s4:c-1, s1:c-1, s2:c-1], entries: (t:2, i:1), CONFIGURATIONENTRY
2019-09-24 12:05:03,360 INFO  impl.RaftServerImpl (ServerState.java:setRaftConf(355)) - s1@group-E7D5050F4609: set configuration 1: [s3:0.0.0.0:40479, s4:0.0.0.0:43695, s0:0.0.0.0:44661, s1:0.0.0.0:36487, s2:0.0.0.0:42023], old=null at 1
2019-09-24 12:05:03,360 INFO  impl.RaftServerImpl (ServerState.java:setRaftConf(355)) - s2@group-E7D5050F4609: set configuration 1: [s3:0.0.0.0:40479, s4:0.0.0.0:43695, s0:0.0.0.0:44661, s1:0.0.0.0:36487, s2:0.0.0.0:42023], old=null at 1
2019-09-24 12:05:03,361 INFO  segmented.SegmentedRaftLogWorker (SegmentedRaftLogWorker.java:rollLogSegment(385)) - s1@group-E7D5050F4609-SegmentedRaftLogWorker: Rolling segment log-0_0 to index:0
2019-09-24 12:05:03,361 INFO  impl.RaftServerImpl (ServerState.java:setRaftConf(355)) - s4@group-E7D5050F4609: set configuration 1: [s3:0.0.0.0:40479, s4:0.0.0.0:43695, s0:0.0.0.0:44661, s1:0.0.0.0:36487, s2:0.0.0.0:42023], old=null at 1
2019-09-24 12:05:03,361 INFO  segmented.SegmentedRaftLogWorker (SegmentedRaftLogWorker.java:rollLogSegment(385)) - s2@group-E7D5050F4609-SegmentedRaftLogWorker: Rolling segment log-0_0 to index:0
2019-09-24 12:05:03,362 INFO  segmented.SegmentedRaftLogWorker (SegmentedRaftLogWorker.java:rollLogSegment(385)) - s4@group-E7D5050F4609-SegmentedRaftLogWorker: Rolling segment log-0_0 to index:0
2019-09-24 12:05:03,364 TRACE util.FileUtils (LogUtils.java:runAndLog(61)) - Successfully ran Files.move /workdir/ratis-test/target/test/data/aaa4fccd/MiniRaftClusterWithNettyac8e1cad/s1/36869398-fbcf-49ef-8a37-e7d5050f4609/current/log_inprogress_0 to /workdir/ratis-test/target/test/data/aaa4fccd/MiniRaftClusterWithNettyac8e1cad/s1/36869398-fbcf-49ef-8a37-e7d5050f4609/current/log_0-0
2019-09-24 12:05:03,364 INFO  segmented.SegmentedRaftLogWorker (SegmentedRaftLogWorker.java:execute(526)) - s1@group-E7D5050F4609-SegmentedRaftLogWorker: Rolled log segment from /workdir/ratis-test/target/test/data/aaa4fccd/MiniRaftClusterWithNettyac8e1cad/s1/36869398-fbcf-49ef-8a37-e7d5050f4609/current/log_inprogress_0 to /workdir/ratis-test/target/test/data/aaa4fccd/MiniRaftClusterWithNettyac8e1cad/s1/36869398-fbcf-49ef-8a37-e7d5050f4609/current/log_0-0
2019-09-24 12:05:03,365 TRACE util.FileUtils (LogUtils.java:runAndLog(61)) - Successfully ran Files.move /workdir/ratis-test/target/test/data/aaa4fccd/MiniRaftClusterWithNettyac8e1cad/s4/36869398-fbcf-49ef-8a37-e7d5050f4609/current/log_inprogress_0 to /workdir/ratis-test/target/test/data/aaa4fccd/MiniRaftClusterWithNettyac8e1cad/s4/36869398-fbcf-49ef-8a37-e7d5050f4609/current/log_0-0
2019-09-24 12:05:03,365 INFO  segmented.SegmentedRaftLogWorker (SegmentedRaftLogWorker.java:execute(526)) - s4@group-E7D5050F4609-SegmentedRaftLogWorker: Rolled log segment from /workdir/ratis-test/target/test/data/aaa4fccd/MiniRaftClusterWithNettyac8e1cad/s4/36869398-fbcf-49ef-8a37-e7d5050f4609/current/log_inprogress_0 to /workdir/ratis-test/target/test/data/aaa4fccd/MiniRaftClusterWithNettyac8e1cad/s4/36869398-fbcf-49ef-8a37-e7d5050f4609/current/log_0-0
2019-09-24 12:05:03,365 TRACE util.FileUtils (LogUtils.java:runAndLog(61)) - Successfully ran Files.move /workdir/ratis-test/target/test/data/aaa4fccd/MiniRaftClusterWithNettyac8e1cad/s2/36869398-fbcf-49ef-8a37-e7d5050f4609/current/log_inprogress_0 to /workdir/ratis-test/target/test/data/aaa4fccd/MiniRaftClusterWithNettyac8e1cad/s2/36869398-fbcf-49ef-8a37-e7d5050f4609/current/log_0-0
2019-09-24 12:05:03,365 INFO  segmented.SegmentedRaftLogWorker (SegmentedRaftLogWorker.java:execute(526)) - s2@group-E7D5050F4609-SegmentedRaftLogWorker: Rolled log segment from /workdir/ratis-test/target/test/data/aaa4fccd/MiniRaftClusterWithNettyac8e1cad/s2/36869398-fbcf-49ef-8a37-e7d5050f4609/current/log_inprogress_0 to /workdir/ratis-test/target/test/data/aaa4fccd/MiniRaftClusterWithNettyac8e1cad/s2/36869398-fbcf-49ef-8a37-e7d5050f4609/current/log_0-0
2019-09-24 12:05:03,568 INFO  segmented.SegmentedRaftLogWorker (SegmentedRaftLogWorker.java:execute(569)) - s2@group-E7D5050F4609-SegmentedRaftLogWorker: created new log segment /workdir/ratis-test/target/test/data/aaa4fccd/MiniRaftClusterWithNettyac8e1cad/s2/36869398-fbcf-49ef-8a37-e7d5050f4609/current/log_inprogress_1
2019-09-24 12:05:03,568 INFO  segmented.SegmentedRaftLogWorker (SegmentedRaftLogWorker.java:execute(569)) - s4@group-E7D5050F4609-SegmentedRaftLogWorker: created new log segment /workdir/ratis-test/target/test/data/aaa4fccd/MiniRaftClusterWithNettyac8e1cad/s4/36869398-fbcf-49ef-8a37-e7d5050f4609/current/log_inprogress_1
2019-09-24 12:05:03,568 INFO  segmented.SegmentedRaftLogWorker (SegmentedRaftLogWorker.java:execute(569)) - s1@group-E7D5050F4609-SegmentedRaftLogWorker: created new log segment /workdir/ratis-test/target/test/data/aaa4fccd/MiniRaftClusterWithNettyac8e1cad/s1/36869398-fbcf-49ef-8a37-e7d5050f4609/current/log_inprogress_1
2019-09-24 12:05:03,568 INFO  segmented.SegmentedRaftLogWorker (SegmentedRaftLogWorker.java:execute(569)) - s0@group-E7D5050F4609-SegmentedRaftLogWorker: created new log segment /workdir/ratis-test/target/test/data/aaa4fccd/MiniRaftClusterWithNettyac8e1cad/s0/36869398-fbcf-49ef-8a37-e7d5050f4609/current/log_inprogress_1
2019-09-24 12:05:03,580 DEBUG impl.RaftServerImpl (RaftServerImpl.java:logAppendEntries(850)) - s2@group-E7D5050F4609: succeeded to handle AppendEntries. Reply: s0<-s2#0:OK,SUCCESS,nextIndex:2,term:2,followerCommit:-1
2019-09-24 12:05:03,581 DEBUG impl.RaftServerImpl (RaftServerImpl.java:logAppendEntries(850)) - s4@group-E7D5050F4609: succeeded to handle AppendEntries. Reply: s0<-s4#0:OK,SUCCESS,nextIndex:2,term:2,followerCommit:-1
2019-09-24 12:05:03,581 DEBUG impl.RaftServerImpl (RaftServerImpl.java:logAppendEntries(850)) - s1@group-E7D5050F4609: succeeded to handle AppendEntries. Reply: s0<-s1#0:OK,SUCCESS,nextIndex:2,term:2,followerCommit:-1
2019-09-24 12:05:03,587 DEBUG impl.RaftServerImpl (RaftServerImpl.java:logAppendEntries(850)) - s4@group-E7D5050F4609: receive appendEntries(s0, 2, (t:2, i:1), 1, false, commits[s0:c1, s3:c-1, s4:c-1, s1:c-1, s2:c-1], entries: (t:2, i:2), METADATAENTRY(c1)
2019-09-24 12:05:03,587 DEBUG impl.RaftServerImpl (RaftServerImpl.java:logAppendEntries(850)) - s2@group-E7D5050F4609: receive appendEntries(s0, 2, (t:2, i:1), 1, false, commits[s0:c1, s3:c-1, s4:c-1, s1:c-1, s2:c-1], entries: (t:2, i:2), METADATAENTRY(c1)
2019-09-24 12:05:03,587 DEBUG impl.RaftServerImpl (RaftServerImpl.java:logAppendEntries(850)) - s1@group-E7D5050F4609: receive appendEntries(s0, 2, (t:2, i:1), 1, false, commits[s0:c1, s3:c-1, s4:c-1, s1:c-1, s2:c-1], entries: (t:2, i:2), METADATAENTRY(c1)
2019-09-24 12:05:03,592 DEBUG impl.RaftServerImpl (RaftServerImpl.java:logAppendEntries(850)) - s1@group-E7D5050F4609: succeeded to handle AppendEntries. Reply: s0<-s1#0:OK,SUCCESS,nextIndex:3,term:2,followerCommit:1
2019-09-24 12:05:03,593 DEBUG impl.RaftServerImpl (RaftServerImpl.java:logAppendEntries(850)) - s4@group-E7D5050F4609: succeeded to handle AppendEntries. Reply: s0<-s4#0:OK,SUCCESS,nextIndex:3,term:2,followerCommit:1
2019-09-24 12:05:03,593 DEBUG impl.RaftServerImpl (RaftServerImpl.java:logAppendEntries(850)) - s2@group-E7D5050F4609: succeeded to handle AppendEntries. Reply: s0<-s2#0:OK,SUCCESS,nextIndex:3,term:2,followerCommit:1
2019-09-24 12:05:03,594 WARN  impl.LogAppender (LogAppender.java:sendAppendEntriesWithRetries(274)) - s0@group-E7D5050F4609->s3-LogAppender: Failed to appendEntries (retry=11): org.apache.ratis.thirdparty.io.netty.channel.AbstractChannel$AnnotatedConnectException: Connection refused: /0.0.0.0:40479
2019-09-24 12:05:03,835 WARN  impl.LogAppender (LogAppender.java:sendAppendEntriesWithRetries(274)) - s0@group-E7D5050F4609->s3-LogAppender: Failed to appendEntries (retry=21): org.apache.ratis.thirdparty.io.netty.channel.AbstractChannel$AnnotatedConnectException: Connection refused: /0.0.0.0:40479
2019-09-24 12:05:04,074 WARN  impl.LogAppender (LogAppender.java:sendAppendEntriesWithRetries(274)) - s0@group-E7D5050F4609->s3-LogAppender: Failed to appendEntries (retry=31): org.apache.ratis.thirdparty.io.netty.channel.AbstractChannel$AnnotatedConnectException: Connection refused: /0.0.0.0:40479
2019-09-24 12:05:04,313 WARN  impl.LogAppender (LogAppender.java:sendAppendEntriesWithRetries(274)) - s0@group-E7D5050F4609->s3-LogAppender: Failed to appendEntries (retry=41): org.apache.ratis.thirdparty.io.netty.channel.AbstractChannel$AnnotatedConnectException: Connection refused: /0.0.0.0:40479
2019-09-24 12:05:04,551 WARN  impl.LogAppender (LogAppender.java:sendAppendEntriesWithRetries(274)) - s0@group-E7D5050F4609->s3-LogAppender: Failed to appendEntries (retry=51): org.apache.ratis.thirdparty.io.netty.channel.AbstractChannel$AnnotatedConnectException: Connection refused: /0.0.0.0:40479
2019-09-24 12:05:04,789 WARN  impl.LogAppender (LogAppender.java:sendAppendEntriesWithRetries(274)) - s0@group-E7D5050F4609->s3-LogAppender: Failed to appendEntries (retry=61): org.apache.ratis.thirdparty.io.netty.channel.AbstractChannel$AnnotatedConnectException: Connection refused: /0.0.0.0:40479
2019-09-24 12:05:05,029 WARN  impl.LogAppender (LogAppender.java:sendAppendEntriesWithRetries(274)) - s0@group-E7D5050F4609->s3-LogAppender: Failed to appendEntries (retry=71): org.apache.ratis.thirdparty.io.netty.channel.AbstractChannel$AnnotatedConnectException: Connection refused: /0.0.0.0:40479
2019-09-24 12:05:05,266 WARN  impl.LogAppender (LogAppender.java:sendAppendEntriesWithRetries(274)) - s0@group-E7D5050F4609->s3-LogAppender: Failed to appendEntries (retry=81): org.apache.ratis.thirdparty.io.netty.channel.AbstractChannel$AnnotatedConnectException: Connection refused: /0.0.0.0:40479
2019-09-24 12:05:05,505 WARN  impl.LogAppender (LogAppender.java:sendAppendEntriesWithRetries(274)) - s0@group-E7D5050F4609->s3-LogAppender: Failed to appendEntries (retry=91): org.apache.ratis.thirdparty.io.netty.channel.AbstractChannel$AnnotatedConnectException: Connection refused: /0.0.0.0:40479
2019-09-24 12:05:05,742 WARN  impl.LogAppender (LogAppender.java:sendAppendEntriesWithRetries(274)) - s0@group-E7D5050F4609->s3-LogAppender: Failed to appendEntries (retry=101): org.apache.ratis.thirdparty.io.netty.channel.AbstractChannel$AnnotatedConnectException: Connection refused: /0.0.0.0:40479
2019-09-24 12:05:05,980 WARN  impl.LogAppender (LogAppender.java:sendAppendEntriesWithRetries(274)) - s0@group-E7D5050F4609->s3-LogAppender: Failed to appendEntries (retry=111): org.apache.ratis.thirdparty.io.netty.channel.AbstractChannel$AnnotatedConnectException: Connection refused: /0.0.0.0:40479
2019-09-24 12:05:06,217 WARN  impl.LogAppender (LogAppender.java:sendAppendEntriesWithRetries(274)) - s0@group-E7D5050F4609->s3-LogAppender: Failed to appendEntries (retry=121): org.apache.ratis.thirdparty.io.netty.channel.AbstractChannel$AnnotatedConnectException: Connection refused: /0.0.0.0:40479
2019-09-24 12:05:06,454 WARN  impl.LogAppender (LogAppender.java:sendAppendEntriesWithRetries(274)) - s0@group-E7D5050F4609->s3-LogAppender: Failed to appendEntries (retry=131): org.apache.ratis.thirdparty.io.netty.channel.AbstractChannel$AnnotatedConnectException: Connection refused: /0.0.0.0:40479
2019-09-24 12:05:06,690 WARN  impl.LogAppender (LogAppender.java:sendAppendEntriesWithRetries(274)) - s0@group-E7D5050F4609->s3-LogAppender: Failed to appendEntries (retry=141): org.apache.ratis.thirdparty.io.netty.channel.AbstractChannel$AnnotatedConnectException: Connection refused: /0.0.0.0:40479
2019-09-24 12:05:06,926 WARN  impl.LogAppender (LogAppender.java:sendAppendEntriesWithRetries(274)) - s0@group-E7D5050F4609->s3-LogAppender: Failed to appendEntries (retry=151): org.apache.ratis.thirdparty.io.netty.channel.AbstractChannel$AnnotatedConnectException: Connection refused: /0.0.0.0:40479
2019-09-24 12:05:07,162 WARN  impl.LogAppender (LogAppender.java:sendAppendEntriesWithRetries(274)) - s0@group-E7D5050F4609->s3-LogAppender: Failed to appendEntries (retry=161): org.apache.ratis.thirdparty.io.netty.channel.AbstractChannel$AnnotatedConnectException: Connection refused: /0.0.0.0:40479
2019-09-24 12:05:07,398 WARN  impl.LogAppender (LogAppender.java:sendAppendEntriesWithRetries(274)) - s0@group-E7D5050F4609->s3-LogAppender: Failed to appendEntries (retry=171): org.apache.ratis.thirdparty.io.netty.channel.AbstractChannel$AnnotatedConnectException: Connection refused: /0.0.0.0:40479
2019-09-24 12:05:07,635 WARN  impl.LogAppender (LogAppender.java:sendAppendEntriesWithRetries(274)) - s0@group-E7D5050F4609->s3-LogAppender: Failed to appendEntries (retry=181): org.apache.ratis.thirdparty.io.netty.channel.AbstractChannel$AnnotatedConnectException: Connection refused: /0.0.0.0:40479
2019-09-24 12:05:07,872 WARN  impl.LogAppender (LogAppender.java:sendAppendEntriesWithRetries(274)) - s0@group-E7D5050F4609->s3-LogAppender: Failed to appendEntries (retry=191): org.apache.ratis.thirdparty.io.netty.channel.AbstractChannel$AnnotatedConnectException: Connection refused: /0.0.0.0:40479
2019-09-24 12:05:08,109 WARN  impl.LogAppender (LogAppender.java:sendAppendEntriesWithRetries(274)) - s0@group-E7D5050F4609->s3-LogAppender: Failed to appendEntries (retry=201): org.apache.ratis.thirdparty.io.netty.channel.AbstractChannel$AnnotatedConnectException: Connection refused: /0.0.0.0:40479
2019-09-24 12:05:08,346 WARN  impl.LogAppender (LogAppender.java:sendAppendEntriesWithRetries(274)) - s0@group-E7D5050F4609->s3-LogAppender: Failed to appendEntries (retry=211): org.apache.ratis.thirdparty.io.netty.channel.AbstractChannel$AnnotatedConnectException: Connection refused: /0.0.0.0:40479
2019-09-24 12:05:08,583 WARN  impl.LogAppender (LogAppender.java:sendAppendEntriesWithRetries(274)) - s0@group-E7D5050F4609->s3-LogAppender: Failed to appendEntries (retry=221): org.apache.ratis.thirdparty.io.netty.channel.AbstractChannel$AnnotatedConnectException: Connection refused: /0.0.0.0:40479
2019-09-24 12:05:08,820 WARN  impl.LogAppender (LogAppender.java:sendAppendEntriesWithRetries(274)) - s0@group-E7D5050F4609->s3-LogAppender: Failed to appendEntries (retry=231): org.apache.ratis.thirdparty.io.netty.channel.AbstractChannel$AnnotatedConnectException: Connection refused: /0.0.0.0:40479
2019-09-24 12:05:09,057 WARN  impl.LogAppender (LogAppender.java:sendAppendEntriesWithRetries(274)) - s0@group-E7D5050F4609->s3-LogAppender: Failed to appendEntries (retry=241): org.apache.ratis.thirdparty.io.netty.channel.AbstractChannel$AnnotatedConnectException: Connection refused: /0.0.0.0:40479
2019-09-24 12:05:09,294 WARN  impl.LogAppender (LogAppender.java:sendAppendEntriesWithRetries(274)) - s0@group-E7D5050F4609->s3-LogAppender: Failed to appendEntries (retry=251): org.apache.ratis.thirdparty.io.netty.channel.AbstractChannel$AnnotatedConnectException: Connection refused: /0.0.0.0:40479
2019-09-24 12:05:09,530 WARN  impl.LogAppender (LogAppender.java:sendAppendEntriesWithRetries(274)) - s0@group-E7D5050F4609->s3-LogAppender: Failed to appendEntries (retry=261): org.apache.ratis.thirdparty.io.netty.channel.AbstractChannel$AnnotatedConnectException: Connection refused: /0.0.0.0:40479
2019-09-24 12:05:09,766 WARN  impl.LogAppender (LogAppender.java:sendAppendEntriesWithRetries(274)) - s0@group-E7D5050F4609->s3-LogAppender: Failed to appendEntries (retry=271): org.apache.ratis.thirdparty.io.netty.channel.AbstractChannel$AnnotatedConnectException: Connection refused: /0.0.0.0:40479
2019-09-24 12:05:10,004 WARN  impl.LogAppender (LogAppender.java:sendAppendEntriesWithRetries(274)) - s0@group-E7D5050F4609->s3-LogAppender: Failed to appendEntries (retry=281): org.apache.ratis.thirdparty.io.netty.channel.AbstractChannel$AnnotatedConnectException: Connection refused: /0.0.0.0:40479
2019-09-24 12:05:10,241 WARN  impl.LogAppender (LogAppender.java:sendAppendEntriesWithRetries(274)) - s0@group-E7D5050F4609->s3-LogAppender: Failed to appendEntries (retry=291): org.apache.ratis.thirdparty.io.netty.channel.AbstractChannel$AnnotatedConnectException: Connection refused: /0.0.0.0:40479
2019-09-24 12:05:10,482 WARN  impl.LogAppender (LogAppender.java:sendAppendEntriesWithRetries(274)) - s0@group-E7D5050F4609->s3-LogAppender: Failed to appendEntries (retry=301): org.apache.ratis.thirdparty.io.netty.channel.AbstractChannel$AnnotatedConnectException: Connection refused: /0.0.0.0:40479
2019-09-24 12:05:10,717 WARN  impl.LogAppender (LogAppender.java:sendAppendEntriesWithRetries(274)) - s0@group-E7D5050F4609->s3-LogAppender: Failed to appendEntries (retry=311): org.apache.ratis.thirdparty.io.netty.channel.AbstractChannel$AnnotatedConnectException: Connection refused: /0.0.0.0:40479
2019-09-24 12:05:10,954 WARN  impl.LogAppender (LogAppender.java:sendAppendEntriesWithRetries(274)) - s0@group-E7D5050F4609->s3-LogAppender: Failed to appendEntries (retry=321): org.apache.ratis.thirdparty.io.netty.channel.AbstractChannel$AnnotatedConnectException: Connection refused: /0.0.0.0:40479
2019-09-24 12:05:11,190 WARN  impl.LogAppender (LogAppender.java:sendAppendEntriesWithRetries(274)) - s0@group-E7D5050F4609->s3-LogAppender: Failed to appendEntries (retry=331): org.apache.ratis.thirdparty.io.netty.channel.AbstractChannel$AnnotatedConnectException: Connection refused: /0.0.0.0:40479
2019-09-24 12:05:11,427 WARN  impl.LogAppender (LogAppender.java:sendAppendEntriesWithRetries(274)) - s0@group-E7D5050F4609->s3-LogAppender: Failed to appendEntries (retry=341): org.apache.ratis.thirdparty.io.netty.channel.AbstractChannel$AnnotatedConnectException: Connection refused: /0.0.0.0:40479
2019-09-24 12:05:11,663 WARN  impl.LogAppender (LogAppender.java:sendAppendEntriesWithRetries(274)) - s0@group-E7D5050F4609->s3-LogAppender: Failed to appendEntries (retry=351): org.apache.ratis.thirdparty.io.netty.channel.AbstractChannel$AnnotatedConnectException: Connection refused: /0.0.0.0:40479
2019-09-24 12:05:11,899 WARN  impl.LogAppender (LogAppender.java:sendAppendEntriesWithRetries(274)) - s0@group-E7D5050F4609->s3-LogAppender: Failed to appendEntries (retry=361): org.apache.ratis.thirdparty.io.netty.channel.AbstractChannel$AnnotatedConnectException: Connection refused: /0.0.0.0:40479
2019-09-24 12:05:12,137 WARN  impl.LogAppender (LogAppender.java:sendAppendEntriesWithRetries(274)) - s0@group-E7D5050F4609->s3-LogAppender: Failed to appendEntries (retry=371): org.apache.ratis.thirdparty.io.netty.channel.AbstractChannel$AnnotatedConnectException: Connection refused: /0.0.0.0:40479
2019-09-24 12:05:12,373 WARN  impl.LogAppender (LogAppender.java:sendAppendEntriesWithRetries(274)) - s0@group-E7D5050F4609->s3-LogAppender: Failed to appendEntries (retry=381): org.apache.ratis.thirdparty.io.netty.channel.AbstractChannel$AnnotatedConnectException: Connection refused: /0.0.0.0:40479
2019-09-24 12:05:12,394 INFO  ratis.MiniRaftCluster (MiniRaftCluster.java:lambda$null$5(297)) - TIMED-PRINT: printing ALL groups
  s3:  CLOSING    LEADER s3@group-E7D5050F4609:t1, leader=s3, voted=s3, raftlog=s3@group-E7D5050F4609-SegmentedRaftLog:CLOSED:c-1, conf=0: [s3:0.0.0.0:40479, s4:0.0.0.0:43695, s0:0.0.0.0:44661, s1:0.0.0.0:36487, s2:0.0.0.0:42023], old=null CLOSED
  s4:  RUNNING  FOLLOWER s4@group-E7D5050F4609:t2, leader=s0, voted=s4, raftlog=s4@group-E7D5050F4609-SegmentedRaftLog:OPENED:c2,f2,i2, conf=1: [s3:0.0.0.0:40479, s4:0.0.0.0:43695, s0:0.0.0.0:44661, s1:0.0.0.0:36487, s2:0.0.0.0:42023], old=null RUNNING
  s0:  RUNNING    LEADER s0@group-E7D5050F4609:t2, leader=s0, voted=s0, raftlog=s0@group-E7D5050F4609-SegmentedRaftLog:OPENED:c2,f2,i2, conf=1: [s3:0.0.0.0:40479, s4:0.0.0.0:43695, s0:0.0.0.0:44661, s1:0.0.0.0:36487, s2:0.0.0.0:42023], old=null RUNNING
  s1:  RUNNING  FOLLOWER s1@group-E7D5050F4609:t2, leader=s0, voted=s0, raftlog=s1@group-E7D5050F4609-SegmentedRaftLog:OPENED:c2,f2,i2, conf=1: [s3:0.0.0.0:40479, s4:0.0.0.0:43695, s0:0.0.0.0:44661, s1:0.0.0.0:36487, s2:0.0.0.0:42023], old=null RUNNING
  s2:  RUNNING  FOLLOWER s2@group-E7D5050F4609:t2, leader=s0, voted=s0, raftlog=s2@group-E7D5050F4609-SegmentedRaftLog:OPENED:c2,f2,i2, conf=1: [s3:0.0.0.0:40479, s4:0.0.0.0:43695, s0:0.0.0.0:44661, s1:0.0.0.0:36487, s2:0.0.0.0:42023], old=null RUNNING
2019-09-24 12:05:12,609 WARN  impl.LogAppender (LogAppender.java:sendAppendEntriesWithRetries(274)) - s0@group-E7D5050F4609->s3-LogAppender: Failed to appendEntries (retry=391): org.apache.ratis.thirdparty.io.netty.channel.AbstractChannel$AnnotatedConnectException: Connection refused: /0.0.0.0:40479
2019-09-24 12:05:12,845 WARN  impl.LogAppender (LogAppender.java:sendAppendEntriesWithRetries(274)) - s0@group-E7D5050F4609->s3-LogAppender: Failed to appendEntries (retry=401): org.apache.ratis.thirdparty.io.netty.channel.AbstractChannel$AnnotatedConnectException: Connection refused: /0.0.0.0:40479
2019-09-24 12:05:13,079 WARN  impl.LogAppender (LogAppender.java:sendAppendEntriesWithRetries(274)) - s0@group-E7D5050F4609->s3-LogAppender: Failed to appendEntries (retry=411): org.apache.ratis.thirdparty.io.netty.channel.AbstractChannel$AnnotatedConnectException: Connection refused: /0.0.0.0:40479
2019-09-24 12:05:13,314 WARN  impl.LogAppender (LogAppender.java:sendAppendEntriesWithRetries(274)) - s0@group-E7D5050F4609->s3-LogAppender: Failed to appendEntries (retry=421): org.apache.ratis.thirdparty.io.netty.channel.AbstractChannel$AnnotatedConnectException: Connection refused: /0.0.0.0:40479
2019-09-24 12:05:13,549 WARN  impl.LogAppender (LogAppender.java:sendAppendEntriesWithRetries(274)) - s0@group-E7D5050F4609->s3-LogAppender: Failed to appendEntries (retry=431): org.apache.ratis.thirdparty.io.netty.channel.AbstractChannel$AnnotatedConnectException: Connection refused: /0.0.0.0:40479
2019-09-24 12:05:13,784 WARN  impl.LogAppender (LogAppender.java:sendAppendEntriesWithRetries(274)) - s0@group-E7D5050F4609->s3-LogAppender: Failed to appendEntries (retry=441): org.apache.ratis.thirdparty.io.netty.channel.AbstractChannel$AnnotatedConnectException: Connection refused: /0.0.0.0:40479
2019-09-24 12:05:14,023 WARN  impl.LogAppender (LogAppender.java:sendAppendEntriesWithRetries(274)) - s0@group-E7D5050F4609->s3-LogAppender: Failed to appendEntries (retry=451): org.apache.ratis.thirdparty.io.netty.channel.AbstractChannel$AnnotatedConnectException: Connection refused: /0.0.0.0:40479
2019-09-24 12:05:14,259 WARN  impl.LogAppender (LogAppender.java:sendAppendEntriesWithRetries(274)) - s0@group-E7D5050F4609->s3-LogAppender: Failed to appendEntries (retry=461): org.apache.ratis.thirdparty.io.netty.channel.AbstractChannel$AnnotatedConnectException: Connection refused: /0.0.0.0:40479
2019-09-24 12:05:14,494 WARN  impl.LogAppender (LogAppender.java:sendAppendEntriesWithRetries(274)) - s0@group-E7D5050F4609->s3-LogAppender: Failed to appendEntries (retry=471): org.apache.ratis.thirdparty.io.netty.channel.AbstractChannel$AnnotatedConnectException: Connection refused: /0.0.0.0:40479
2019-09-24 12:05:14,730 WARN  impl.LogAppender (LogAppender.java:sendAppendEntriesWithRetries(274)) - s0@group-E7D5050F4609->s3-LogAppender: Failed to appendEntries (retry=481): org.apache.ratis.thirdparty.io.netty.channel.AbstractChannel$AnnotatedConnectException: Connection refused: /0.0.0.0:40479
2019-09-24 12:05:14,965 WARN  impl.LogAppender (LogAppender.java:sendAppendEntriesWithRetries(274)) - s0@group-E7D5050F4609->s3-LogAppender: Failed to appendEntries (retry=491): org.apache.ratis.thirdparty.io.netty.channel.AbstractChannel$AnnotatedConnectException: Connection refused: /0.0.0.0:40479
2019-09-24 12:05:15,200 WARN  impl.LogAppender (LogAppender.java:sendAppendEntriesWithRetries(274)) - s0@group-E7D5050F4609->s3-LogAppender: Failed to appendEntries (retry=501): org.apache.ratis.thirdparty.io.netty.channel.AbstractChannel$AnnotatedConnectException: Connection refused: /0.0.0.0:40479
2019-09-24 12:05:15,435 WARN  impl.LogAppender (LogAppender.java:sendAppendEntriesWithRetries(274)) - s0@group-E7D5050F4609->s3-LogAppender: Failed to appendEntries (retry=511): org.apache.ratis.thirdparty.io.netty.channel.AbstractChannel$AnnotatedConnectException: Connection refused: /0.0.0.0:40479
2019-09-24 12:05:15,670 WARN  impl.LogAppender (LogAppender.java:sendAppendEntriesWithRetries(274)) - s0@group-E7D5050F4609->s3-LogAppender: Failed to appendEntries (retry=521): org.apache.ratis.thirdparty.io.netty.channel.AbstractChannel$AnnotatedConnectException: Connection refused: /0.0.0.0:40479
2019-09-24 12:05:15,906 WARN  impl.LogAppender (LogAppender.java:sendAppendEntriesWithRetries(274)) - s0@group-E7D5050F4609->s3-LogAppender: Failed to appendEntries (retry=531): org.apache.ratis.thirdparty.io.netty.channel.AbstractChannel$AnnotatedConnectException: Connection refused: /0.0.0.0:40479
2019-09-24 12:05:16,142 WARN  impl.LogAppender (LogAppender.java:sendAppendEntriesWithRetries(274)) - s0@group-E7D5050F4609->s3-LogAppender: Failed to appendEntries (retry=541): org.apache.ratis.thirdparty.io.netty.channel.AbstractChannel$AnnotatedConnectException: Connection refused: /0.0.0.0:40479
2019-09-24 12:05:16,376 WARN  impl.LogAppender (LogAppender.java:sendAppendEntriesWithRetries(274)) - s0@group-E7D5050F4609->s3-LogAppender: Failed to appendEntries (retry=551): org.apache.ratis.thirdparty.io.netty.channel.AbstractChannel$AnnotatedConnectException: Connection refused: /0.0.0.0:40479
2019-09-24 12:05:16,610 WARN  impl.LogAppender (LogAppender.java:sendAppendEntriesWithRetries(274)) - s0@group-E7D5050F4609->s3-LogAppender: Failed to appendEntries (retry=561): org.apache.ratis.thirdparty.io.netty.channel.AbstractChannel$AnnotatedConnectException: Connection refused: /0.0.0.0:40479
2019-09-24 12:05:16,844 WARN  impl.LogAppender (LogAppender.java:sendAppendEntriesWithRetries(274)) - s0@group-E7D5050F4609->s3-LogAppender: Failed to appendEntries (retry=571): org.apache.ratis.thirdparty.io.netty.channel.AbstractChannel$AnnotatedConnectException: Connection refused: /0.0.0.0:40479
2019-09-24 12:05:17,078 WARN  impl.LogAppender (LogAppender.java:sendAppendEntriesWithRetries(274)) - s0@group-E7D5050F4609->s3-LogAppender: Failed to appendEntries (retry=581): org.apache.ratis.thirdparty.io.netty.channel.AbstractChannel$AnnotatedConnectException: Connection refused: /0.0.0.0:40479
2019-09-24 12:05:17,313 WARN  impl.LogAppender (LogAppender.java:sendAppendEntriesWithRetries(274)) - s0@group-E7D5050F4609->s3-LogAppender: Failed to appendEntries (retry=591): org.apache.ratis.thirdparty.io.netty.channel.AbstractChannel$AnnotatedConnectException: Connection refused: /0.0.0.0:40479
2019-09-24 12:05:17,547 WARN  impl.LogAppender (LogAppender.java:sendAppendEntriesWithRetries(274)) - s0@group-E7D5050F4609->s3-LogAppender: Failed to appendEntries (retry=601): org.apache.ratis.thirdparty.io.netty.channel.AbstractChannel$AnnotatedConnectException: Connection refused: /0.0.0.0:40479
2019-09-24 12:05:17,782 WARN  impl.LogAppender (LogAppender.java:sendAppendEntriesWithRetries(274)) - s0@group-E7D5050F4609->s3-LogAppender: Failed to appendEntries (retry=611): org.apache.ratis.thirdparty.io.netty.channel.AbstractChannel$AnnotatedConnectException: Connection refused: /0.0.0.0:40479
2019-09-24 12:05:18,016 WARN  impl.LogAppender (LogAppender.java:sendAppendEntriesWithRetries(274)) - s0@group-E7D5050F4609->s3-LogAppender: Failed to appendEntries (retry=621): org.apache.ratis.thirdparty.io.netty.channel.AbstractChannel$AnnotatedConnectException: Connection refused: /0.0.0.0:40479
2019-09-24 12:05:18,251 WARN  impl.LogAppender (LogAppender.java:sendAppendEntriesWithRetries(274)) - s0@group-E7D5050F4609->s3-LogAppender: Failed to appendEntries (retry=631): org.apache.ratis.thirdparty.io.netty.channel.AbstractChannel$AnnotatedConnectException: Connection refused: /0.0.0.0:40479
2019-09-24 12:05:18,485 WARN  impl.LogAppender (LogAppender.java:sendAppendEntriesWithRetries(274)) - s0@group-E7D5050F4609->s3-LogAppender: Failed to appendEntries (retry=641): org.apache.ratis.thirdparty.io.netty.channel.AbstractChannel$AnnotatedConnectException: Connection refused: /0.0.0.0:40479
2019-09-24 12:05:18,719 WARN  impl.LogAppender (LogAppender.java:sendAppendEntriesWithRetries(274)) - s0@group-E7D5050F4609->s3-LogAppender: Failed to appendEntries (retry=651): org.apache.ratis.thirdparty.io.netty.channel.AbstractChannel$AnnotatedConnectException: Connection refused: /0.0.0.0:40479
2019-09-24 12:05:18,953 WARN  impl.LogAppender (LogAppender.java:sendAppendEntriesWithRetries(274)) - s0@group-E7D5050F4609->s3-LogAppender: Failed to appendEntries (retry=661): org.apache.ratis.thirdparty.io.netty.channel.AbstractChannel$AnnotatedConnectException: Connection refused: /0.0.0.0:40479
2019-09-24 12:05:19,187 WARN  impl.LogAppender (LogAppender.java:sendAppendEntriesWithRetries(274)) - s0@group-E7D5050F4609->s3-LogAppender: Failed to appendEntries (retry=671): org.apache.ratis.thirdparty.io.netty.channel.AbstractChannel$AnnotatedConnectException: Connection refused: /0.0.0.0:40479
2019-09-24 12:05:19,420 WARN  impl.LogAppender (LogAppender.java:sendAppendEntriesWithRetries(274)) - s0@group-E7D5050F4609->s3-LogAppender: Failed to appendEntries (retry=681): org.apache.ratis.thirdparty.io.netty.channel.AbstractChannel$AnnotatedConnectException: Connection refused: /0.0.0.0:40479
2019-09-24 12:05:19,654 WARN  impl.LogAppender (LogAppender.java:sendAppendEntriesWithRetries(274)) - s0@group-E7D5050F4609->s3-LogAppender: Failed to appendEntries (retry=691): org.apache.ratis.thirdparty.io.netty.channel.AbstractChannel$AnnotatedConnectException: Connection refused: /0.0.0.0:40479
2019-09-24 12:05:19,888 WARN  impl.LogAppender (LogAppender.java:sendAppendEntriesWithRetries(274)) - s0@group-E7D5050F4609->s3-LogAppender: Failed to appendEntries (retry=701): org.apache.ratis.thirdparty.io.netty.channel.AbstractChannel$AnnotatedConnectException: Connection refused: /0.0.0.0:40479
2019-09-24 12:05:20,122 WARN  impl.LogAppender (LogAppender.java:sendAppendEntriesWithRetries(274)) - s0@group-E7D5050F4609->s3-LogAppender: Failed to appendEntries (retry=711): org.apache.ratis.thirdparty.io.netty.channel.AbstractChannel$AnnotatedConnectException: Connection refused: /0.0.0.0:40479
2019-09-24 12:05:20,355 WARN  impl.LogAppender (LogAppender.java:sendAppendEntriesWithRetries(274)) - s0@group-E7D5050F4609->s3-LogAppender: Failed to appendEntries (retry=721): org.apache.ratis.thirdparty.io.netty.channel.AbstractChannel$AnnotatedConnectException: Connection refused: /0.0.0.0:40479
2019-09-24 12:05:20,589 WARN  impl.LogAppender (LogAppender.java:sendAppendEntriesWithRetries(274)) - s0@group-E7D5050F4609->s3-LogAppender: Failed to appendEntries (retry=731): org.apache.ratis.thirdparty.io.netty.channel.AbstractChannel$AnnotatedConnectException: Connection refused: /0.0.0.0:40479
2019-09-24 12:05:20,823 WARN  impl.LogAppender (LogAppender.java:sendAppendEntriesWithRetries(274)) - s0@group-E7D5050F4609->s3-LogAppender: Failed to appendEntries (retry=741): org.apache.ratis.thirdparty.io.netty.channel.AbstractChannel$AnnotatedConnectException: Connection refused: /0.0.0.0:40479
2019-09-24 12:05:21,057 WARN  impl.LogAppender (LogAppender.java:sendAppendEntriesWithRetries(274)) - s0@group-E7D5050F4609->s3-LogAppender: Failed to appendEntries (retry=751): org.apache.ratis.thirdparty.io.netty.channel.AbstractChannel$AnnotatedConnectException: Connection refused: /0.0.0.0:40479
2019-09-24 12:05:21,294 WARN  impl.LogAppender (LogAppender.java:sendAppendEntriesWithRetries(274)) - s0@group-E7D5050F4609->s3-LogAppender: Failed to appendEntries (retry=761): org.apache.ratis.thirdparty.io.netty.channel.AbstractChannel$AnnotatedConnectException: Connection refused: /0.0.0.0:40479
2019-09-24 12:05:21,528 WARN  impl.LogAppender (LogAppender.java:sendAppendEntriesWithRetries(274)) - s0@group-E7D5050F4609->s3-LogAppender: Failed to appendEntries (retry=771): org.apache.ratis.thirdparty.io.netty.channel.AbstractChannel$AnnotatedConnectException: Connection refused: /0.0.0.0:40479
2019-09-24 12:05:21,817 WARN  impl.LogAppender (LogAppender.java:sendAppendEntriesWithRetries(274)) - s0@group-E7D5050F4609->s3-LogAppender: Failed to appendEntries (retry=781): org.apache.ratis.thirdparty.io.netty.channel.AbstractChannel$AnnotatedConnectException: Connection refused: /0.0.0.0:40479
2019-09-24 12:05:22,052 WARN  impl.LogAppender (LogAppender.java:sendAppendEntriesWithRetries(274)) - s0@group-E7D5050F4609->s3-LogAppender: Failed to appendEntries (retry=791): org.apache.ratis.thirdparty.io.netty.channel.AbstractChannel$AnnotatedConnectException: Connection refused: /0.0.0.0:40479
2019-09-24 12:05:22,286 WARN  impl.LogAppender (LogAppender.java:sendAppendEntriesWithRetries(274)) - s0@group-E7D5050F4609->s3-LogAppender: Failed to appendEntries (retry=801): org.apache.ratis.thirdparty.io.netty.channel.AbstractChannel$AnnotatedConnectException: Connection refused: /0.0.0.0:40479
2019-09-24 12:05:22,391 INFO  ratis.MiniRaftCluster (MiniRaftCluster.java:lambda$null$5(297)) - TIMED-PRINT: printing ALL groups
  s3:  CLOSING    LEADER s3@group-E7D5050F4609:t1, leader=s3, voted=s3, raftlog=s3@group-E7D5050F4609-SegmentedRaftLog:CLOSED:c-1, conf=0: [s3:0.0.0.0:40479, s4:0.0.0.0:43695, s0:0.0.0.0:44661, s1:0.0.0.0:36487, s2:0.0.0.0:42023], old=null CLOSED
  s4:  RUNNING  FOLLOWER s4@group-E7D5050F4609:t2, leader=s0, voted=s4, raftlog=s4@group-E7D5050F4609-SegmentedRaftLog:OPENED:c2,f2,i2, conf=1: [s3:0.0.0.0:40479, s4:0.0.0.0:43695, s0:0.0.0.0:44661, s1:0.0.0.0:36487, s2:0.0.0.0:42023], old=null RUNNING
  s0:  RUNNING    LEADER s0@group-E7D5050F4609:t2, leader=s0, voted=s0, raftlog=s0@group-E7D5050F4609-SegmentedRaftLog:OPENED:c2,f2,i2, conf=1: [s3:0.0.0.0:40479, s4:0.0.0.0:43695, s0:0.0.0.0:44661, s1:0.0.0.0:36487, s2:0.0.0.0:42023], old=null RUNNING
  s1:  RUNNING  FOLLOWER s1@group-E7D5050F4609:t2, leader=s0, voted=s0, raftlog=s1@group-E7D5050F4609-SegmentedRaftLog:OPENED:c2,f2,i2, conf=1: [s3:0.0.0.0:40479, s4:0.0.0.0:43695, s0:0.0.0.0:44661, s1:0.0.0.0:36487, s2:0.0.0.0:42023], old=null RUNNING
  s2:  RUNNING  FOLLOWER s2@group-E7D5050F4609:t2, leader=s0, voted=s0, raftlog=s2@group-E7D5050F4609-SegmentedRaftLog:OPENED:c2,f2,i2, conf=1: [s3:0.0.0.0:40479, s4:0.0.0.0:43695, s0:0.0.0.0:44661, s1:0.0.0.0:36487, s2:0.0.0.0:42023], old=null RUNNING
2019-09-24 12:05:22,520 WARN  impl.LogAppender (LogAppender.java:sendAppendEntriesWithRetries(274)) - s0@group-E7D5050F4609->s3-LogAppender: Failed to appendEntries (retry=811): org.apache.ratis.thirdparty.io.netty.channel.AbstractChannel$AnnotatedConnectException: Connection refused: /0.0.0.0:40479
2019-09-24 12:05:22,754 WARN  impl.LogAppender (LogAppender.java:sendAppendEntriesWithRetries(274)) - s0@group-E7D5050F4609->s3-LogAppender: Failed to appendEntries (retry=821): org.apache.ratis.thirdparty.io.netty.channel.AbstractChannel$AnnotatedConnectException: Connection refused: /0.0.0.0:40479
2019-09-24 12:05:22,987 WARN  impl.LogAppender (LogAppender.java:sendAppendEntriesWithRetries(274)) - s0@group-E7D5050F4609->s3-LogAppender: Failed to appendEntries (retry=831): org.apache.ratis.thirdparty.io.netty.channel.AbstractChannel$AnnotatedConnectException: Connection refused: /0.0.0.0:40479
2019-09-24 12:05:23,221 WARN  impl.LogAppender (LogAppender.java:sendAppendEntriesWithRetries(274)) - s0@group-E7D5050F4609->s3-LogAppender: Failed to appendEntries (retry=841): org.apache.ratis.thirdparty.io.netty.channel.AbstractChannel$AnnotatedConnectException: Connection refused: /0.0.0.0:40479
2019-09-24 12:05:23,455 WARN  impl.LogAppender (LogAppender.java:sendAppendEntriesWithRetries(274)) - s0@group-E7D5050F4609->s3-LogAppender: Failed to appendEntries (retry=851): org.apache.ratis.thirdparty.io.netty.channel.AbstractChannel$AnnotatedConnectException: Connection refused: /0.0.0.0:40479
2019-09-24 12:05:23,688 WARN  impl.LogAppender (LogAppender.java:sendAppendEntriesWithRetries(274)) - s0@group-E7D5050F4609->s3-LogAppender: Failed to appendEntries (retry=861): org.apache.ratis.thirdparty.io.netty.channel.AbstractChannel$AnnotatedConnectException: Connection refused: /0.0.0.0:40479
2019-09-24 12:05:23,923 WARN  impl.LogAppender (LogAppender.java:sendAppendEntriesWithRetries(274)) - s0@group-E7D5050F4609->s3-LogAppender: Failed to appendEntries (retry=871): org.apache.ratis.thirdparty.io.netty.channel.AbstractChannel$AnnotatedConnectException: Connection refused: /0.0.0.0:40479
2019-09-24 12:05:24,157 WARN  impl.LogAppender (LogAppender.java:sendAppendEntriesWithRetries(274)) - s0@group-E7D5050F4609->s3-LogAppender: Failed to appendEntries (retry=881): org.apache.ratis.thirdparty.io.netty.channel.AbstractChannel$AnnotatedConnectException: Connection refused: /0.0.0.0:40479
2019-09-24 12:05:24,391 WARN  impl.LogAppender (LogAppender.java:sendAppendEntriesWithRetries(274)) - s0@group-E7D5050F4609->s3-LogAppender: Failed to appendEntries (retry=891): org.apache.ratis.thirdparty.io.netty.channel.AbstractChannel$AnnotatedConnectException: Connection refused: /0.0.0.0:40479
2019-09-24 12:05:24,625 WARN  impl.LogAppender (LogAppender.java:sendAppendEntriesWithRetries(274)) - s0@group-E7D5050F4609->s3-LogAppender: Failed to appendEntries (retry=901): org.apache.ratis.thirdparty.io.netty.channel.AbstractChannel$AnnotatedConnectException: Connection refused: /0.0.0.0:40479
2019-09-24 12:05:24,859 WARN  impl.LogAppender (LogAppender.java:sendAppendEntriesWithRetries(274)) - s0@group-E7D5050F4609->s3-LogAppender: Failed to appendEntries (retry=911): org.apache.ratis.thirdparty.io.netty.channel.AbstractChannel$AnnotatedConnectException: Connection refused: /0.0.0.0:40479
2019-09-24 12:05:25,093 WARN  impl.LogAppender (LogAppender.java:sendAppendEntriesWithRetries(274)) - s0@group-E7D5050F4609->s3-LogAppender: Failed to appendEntries (retry=921): org.apache.ratis.thirdparty.io.netty.channel.AbstractChannel$AnnotatedConnectException: Connection refused: /0.0.0.0:40479
2019-09-24 12:05:25,327 WARN  impl.LogAppender (LogAppender.java:sendAppendEntriesWithRetries(274)) - s0@group-E7D5050F4609->s3-LogAppender: Failed to appendEntries (retry=931): org.apache.ratis.thirdparty.io.netty.channel.AbstractChannel$AnnotatedConnectException: Connection refused: /0.0.0.0:40479
2019-09-24 12:05:25,560 WARN  impl.LogAppender (LogAppender.java:sendAppendEntriesWithRetries(274)) - s0@group-E7D5050F4609->s3-LogAppender: Failed to appendEntries (retry=941): org.apache.ratis.thirdparty.io.netty.channel.AbstractChannel$AnnotatedConnectException: Connection refused: /0.0.0.0:40479
2019-09-24 12:05:25,794 WARN  impl.LogAppender (LogAppender.java:sendAppendEntriesWithRetries(274)) - s0@group-E7D5050F4609->s3-LogAppender: Failed to appendEntries (retry=951): org.apache.ratis.thirdparty.io.netty.channel.AbstractChannel$AnnotatedConnectException: Connection refused: /0.0.0.0:40479
2019-09-24 12:05:26,028 WARN  impl.LogAppender (LogAppender.java:sendAppendEntriesWithRetries(274)) - s0@group-E7D5050F4609->s3-LogAppender: Failed to appendEntries (retry=961): org.apache.ratis.thirdparty.io.netty.channel.AbstractChannel$AnnotatedConnectException: Connection refused: /0.0.0.0:40479
2019-09-24 12:05:26,262 WARN  impl.LogAppender (LogAppender.java:sendAppendEntriesWithRetries(274)) - s0@group-E7D5050F4609->s3-LogAppender: Failed to appendEntries (retry=971): org.apache.ratis.thirdparty.io.netty.channel.AbstractChannel$AnnotatedConnectException: Connection refused: /0.0.0.0:40479
2019-09-24 12:05:26,496 WARN  impl.LogAppender (LogAppender.java:sendAppendEntriesWithRetries(274)) - s0@group-E7D5050F4609->s3-LogAppender: Failed to appendEntries (retry=981): org.apache.ratis.thirdparty.io.netty.channel.AbstractChannel$AnnotatedConnectException: Connection refused: /0.0.0.0:40479
2019-09-24 12:05:26,729 WARN  impl.LogAppender (LogAppender.java:sendAppendEntriesWithRetries(274)) - s0@group-E7D5050F4609->s3-LogAppender: Failed to appendEntries (retry=991): org.apache.ratis.thirdparty.io.netty.channel.AbstractChannel$AnnotatedConnectException: Connection refused: /0.0.0.0:40479
2019-09-24 12:05:26,963 WARN  impl.LogAppender (LogAppender.java:sendAppendEntriesWithRetries(274)) - s0@group-E7D5050F4609->s3-LogAppender: Failed to appendEntries (retry=1001): org.apache.ratis.thirdparty.io.netty.channel.AbstractChannel$AnnotatedConnectException: Connection refused: /0.0.0.0:40479
2019-09-24 12:05:27,197 WARN  impl.LogAppender (LogAppender.java:sendAppendEntriesWithRetries(274)) - s0@group-E7D5050F4609->s3-LogAppender: Failed to appendEntries (retry=1011): org.apache.ratis.thirdparty.io.netty.channel.AbstractChannel$AnnotatedConnectException: Connection refused: /0.0.0.0:40479
2019-09-24 12:05:27,431 WARN  impl.LogAppender (LogAppender.java:sendAppendEntriesWithRetries(274)) - s0@group-E7D5050F4609->s3-LogAppender: Failed to appendEntries (retry=1021): org.apache.ratis.thirdparty.io.netty.channel.AbstractChannel$AnnotatedConnectException: Connection refused: /0.0.0.0:40479
2019-09-24 12:05:27,665 WARN  impl.LogAppender (LogAppender.java:sendAppendEntriesWithRetries(274)) - s0@group-E7D5050F4609->s3-LogAppender: Failed to appendEntries (retry=1031): org.apache.ratis.thirdparty.io.netty.channel.AbstractChannel$AnnotatedConnectException: Connection refused: /0.0.0.0:40479
2019-09-24 12:05:27,899 WARN  impl.LogAppender (LogAppender.java:sendAppendEntriesWithRetries(274)) - s0@group-E7D5050F4609->s3-LogAppender: Failed to appendEntries (retry=1041): org.apache.ratis.thirdparty.io.netty.channel.AbstractChannel$AnnotatedConnectException: Connection refused: /0.0.0.0:40479
2019-09-24 12:05:28,133 WARN  impl.LogAppender (LogAppender.java:sendAppendEntriesWithRetries(274)) - s0@group-E7D5050F4609->s3-LogAppender: Failed to appendEntries (retry=1051): org.apache.ratis.thirdparty.io.netty.channel.AbstractChannel$AnnotatedConnectException: Connection refused: /0.0.0.0:40479
2019-09-24 12:05:28,366 WARN  impl.LogAppender (LogAppender.java:sendAppendEntriesWithRetries(274)) - s0@group-E7D5050F4609->s3-LogAppender: Failed to appendEntries (retry=1061): org.apache.ratis.thirdparty.io.netty.channel.AbstractChannel$AnnotatedConnectException: Connection refused: /0.0.0.0:40479
2019-09-24 12:05:28,600 WARN  impl.LogAppender (LogAppender.java:sendAppendEntriesWithRetries(274)) - s0@group-E7D5050F4609->s3-LogAppender: Failed to appendEntries (retry=1071): org.apache.ratis.thirdparty.io.netty.channel.AbstractChannel$AnnotatedConnectException: Connection refused: /0.0.0.0:40479
2019-09-24 12:05:28,834 WARN  impl.LogAppender (LogAppender.java:sendAppendEntriesWithRetries(274)) - s0@group-E7D5050F4609->s3-LogAppender: Failed to appendEntries (retry=1081): org.apache.ratis.thirdparty.io.netty.channel.AbstractChannel$AnnotatedConnectException: Connection refused: /0.0.0.0:40479
2019-09-24 12:05:29,067 WARN  impl.LogAppender (LogAppender.java:sendAppendEntriesWithRetries(274)) - s0@group-E7D5050F4609->s3-LogAppender: Failed to appendEntries (retry=1091): org.apache.ratis.thirdparty.io.netty.channel.AbstractChannel$AnnotatedConnectException: Connection refused: /0.0.0.0:40479
2019-09-24 12:05:29,301 WARN  impl.LogAppender (LogAppender.java:sendAppendEntriesWithRetries(274)) - s0@group-E7D5050F4609->s3-LogAppender: Failed to appendEntries (retry=1101): org.apache.ratis.thirdparty.io.netty.channel.AbstractChannel$AnnotatedConnectException: Connection refused: /0.0.0.0:40479
2019-09-24 12:05:29,535 WARN  impl.LogAppender (LogAppender.java:sendAppendEntriesWithRetries(274)) - s0@group-E7D5050F4609->s3-LogAppender: Failed to appendEntries (retry=1111): org.apache.ratis.thirdparty.io.netty.channel.AbstractChannel$AnnotatedConnectException: Connection refused: /0.0.0.0:40479
2019-09-24 12:05:29,768 WARN  impl.LogAppender (LogAppender.java:sendAppendEntriesWithRetries(274)) - s0@group-E7D5050F4609->s3-LogAppender: Failed to appendEntries (retry=1121): org.apache.ratis.thirdparty.io.netty.channel.AbstractChannel$AnnotatedConnectException: Connection refused: /0.0.0.0:40479
2019-09-24 12:05:30,002 WARN  impl.LogAppender (LogAppender.java:sendAppendEntriesWithRetries(274)) - s0@group-E7D5050F4609->s3-LogAppender: Failed to appendEntries (retry=1131): org.apache.ratis.thirdparty.io.netty.channel.AbstractChannel$AnnotatedConnectException: Connection refused: /0.0.0.0:40479
2019-09-24 12:05:30,236 WARN  impl.LogAppender (LogAppender.java:sendAppendEntriesWithRetries(274)) - s0@group-E7D5050F4609->s3-LogAppender: Failed to appendEntries (retry=1141): org.apache.ratis.thirdparty.io.netty.channel.AbstractChannel$AnnotatedConnectException: Connection refused: /0.0.0.0:40479
2019-09-24 12:05:30,470 WARN  impl.LogAppender (LogAppender.java:sendAppendEntriesWithRetries(274)) - s0@group-E7D5050F4609->s3-LogAppender: Failed to appendEntries (retry=1151): org.apache.ratis.thirdparty.io.netty.channel.AbstractChannel$AnnotatedConnectException: Connection refused: /0.0.0.0:40479
2019-09-24 12:05:30,703 WARN  impl.LogAppender (LogAppender.java:sendAppendEntriesWithRetries(274)) - s0@group-E7D5050F4609->s3-LogAppender: Failed to appendEntries (retry=1161): org.apache.ratis.thirdparty.io.netty.channel.AbstractChannel$AnnotatedConnectException: Connection refused: /0.0.0.0:40479
2019-09-24 12:05:30,937 WARN  impl.LogAppender (LogAppender.java:sendAppendEntriesWithRetries(274)) - s0@group-E7D5050F4609->s3-LogAppender: Failed to appendEntries (retry=1171): org.apache.ratis.thirdparty.io.netty.channel.AbstractChannel$AnnotatedConnectException: Connection refused: /0.0.0.0:40479
2019-09-24 12:05:31,170 WARN  impl.LogAppender (LogAppender.java:sendAppendEntriesWithRetries(274)) - s0@group-E7D5050F4609->s3-LogAppender: Failed to appendEntries (retry=1181): org.apache.ratis.thirdparty.io.netty.channel.AbstractChannel$AnnotatedConnectException: Connection refused: /0.0.0.0:40479
2019-09-24 12:05:31,404 WARN  impl.LogAppender (LogAppender.java:sendAppendEntriesWithRetries(274)) - s0@group-E7D5050F4609->s3-LogAppender: Failed to appendEntries (retry=1191): org.apache.ratis.thirdparty.io.netty.channel.AbstractChannel$AnnotatedConnectException: Connection refused: /0.0.0.0:40479
2019-09-24 12:05:31,637 WARN  impl.LogAppender (LogAppender.java:sendAppendEntriesWithRetries(274)) - s0@group-E7D5050F4609->s3-LogAppender: Failed to appendEntries (retry=1201): org.apache.ratis.thirdparty.io.netty.channel.AbstractChannel$AnnotatedConnectException: Connection refused: /0.0.0.0:40479
2019-09-24 12:05:31,871 WARN  impl.LogAppender (LogAppender.java:sendAppendEntriesWithRetries(274)) - s0@group-E7D5050F4609->s3-LogAppender: Failed to appendEntries (retry=1211): org.apache.ratis.thirdparty.io.netty.channel.AbstractChannel$AnnotatedConnectException: Connection refused: /0.0.0.0:40479
2019-09-24 12:05:32,104 WARN  impl.LogAppender (LogAppender.java:sendAppendEntriesWithRetries(274)) - s0@group-E7D5050F4609->s3-LogAppender: Failed to appendEntries (retry=1221): org.apache.ratis.thirdparty.io.netty.channel.AbstractChannel$AnnotatedConnectException: Connection refused: /0.0.0.0:40479
2019-09-24 12:05:32,340 WARN  impl.LogAppender (LogAppender.java:sendAppendEntriesWithRetries(274)) - s0@group-E7D5050F4609->s3-LogAppender: Failed to appendEntries (retry=1231): org.apache.ratis.thirdparty.io.netty.channel.AbstractChannel$AnnotatedConnectException: Connection refused: /0.0.0.0:40479
2019-09-24 12:05:32,392 INFO  ratis.MiniRaftCluster (MiniRaftCluster.java:lambda$null$5(297)) - TIMED-PRINT: printing ALL groups
  s3:  CLOSING    LEADER s3@group-E7D5050F4609:t1, leader=s3, voted=s3, raftlog=s3@group-E7D5050F4609-SegmentedRaftLog:CLOSED:c-1, conf=0: [s3:0.0.0.0:40479, s4:0.0.0.0:43695, s0:0.0.0.0:44661, s1:0.0.0.0:36487, s2:0.0.0.0:42023], old=null CLOSED
  s4:  RUNNING  FOLLOWER s4@group-E7D5050F4609:t2, leader=s0, voted=s4, raftlog=s4@group-E7D5050F4609-SegmentedRaftLog:OPENED:c2,f2,i2, conf=1: [s3:0.0.0.0:40479, s4:0.0.0.0:43695, s0:0.0.0.0:44661, s1:0.0.0.0:36487, s2:0.0.0.0:42023], old=null RUNNING
  s0:  RUNNING    LEADER s0@group-E7D5050F4609:t2, leader=s0, voted=s0, raftlog=s0@group-E7D5050F4609-SegmentedRaftLog:OPENED:c2,f2,i2, conf=1: [s3:0.0.0.0:40479, s4:0.0.0.0:43695, s0:0.0.0.0:44661, s1:0.0.0.0:36487, s2:0.0.0.0:42023], old=null RUNNING
  s1:  RUNNING  FOLLOWER s1@group-E7D5050F4609:t2, leader=s0, voted=s0, raftlog=s1@group-E7D5050F4609-SegmentedRaftLog:OPENED:c2,f2,i2, conf=1: [s3:0.0.0.0:40479, s4:0.0.0.0:43695, s0:0.0.0.0:44661, s1:0.0.0.0:36487, s2:0.0.0.0:42023], old=null RUNNING
  s2:  RUNNING  FOLLOWER s2@group-E7D5050F4609:t2, leader=s0, voted=s0, raftlog=s2@group-E7D5050F4609-SegmentedRaftLog:OPENED:c2,f2,i2, conf=1: [s3:0.0.0.0:40479, s4:0.0.0.0:43695, s0:0.0.0.0:44661, s1:0.0.0.0:36487, s2:0.0.0.0:42023], old=null RUNNING
2019-09-24 12:05:32,575 WARN  impl.LogAppender (LogAppender.java:sendAppendEntriesWithRetries(274)) - s0@group-E7D5050F4609->s3-LogAppender: Failed to appendEntries (retry=1241): org.apache.ratis.thirdparty.io.netty.channel.AbstractChannel$AnnotatedConnectException: Connection refused: /0.0.0.0:40479
2019-09-24 12:05:32,808 WARN  impl.LogAppender (LogAppender.java:sendAppendEntriesWithRetries(274)) - s0@group-E7D5050F4609->s3-LogAppender: Failed to appendEntries (retry=1251): org.apache.ratis.thirdparty.io.netty.channel.AbstractChannel$AnnotatedConnectException: Connection refused: /0.0.0.0:40479
2019-09-24 12:05:33,041 WARN  impl.LogAppender (LogAppender.java:sendAppendEntriesWithRetries(274)) - s0@group-E7D5050F4609->s3-LogAppender: Failed to appendEntries (retry=1261): org.apache.ratis.thirdparty.io.netty.channel.AbstractChannel$AnnotatedConnectException: Connection refused: /0.0.0.0:40479
2019-09-24 12:05:33,275 WARN  impl.LogAppender (LogAppender.java:sendAppendEntriesWithRetries(274)) - s0@group-E7D5050F4609->s3-LogAppender: Failed to appendEntries (retry=1271): org.apache.ratis.thirdparty.io.netty.channel.AbstractChannel$AnnotatedConnectException: Connection refused: /0.0.0.0:40479
2019-09-24 12:05:33,509 WARN  impl.LogAppender (LogAppender.java:sendAppendEntriesWithRetries(274)) - s0@group-E7D5050F4609->s3-LogAppender: Failed to appendEntries (retry=1281): org.apache.ratis.thirdparty.io.netty.channel.AbstractChannel$AnnotatedConnectException: Connection refused: /0.0.0.0:40479
2019-09-24 12:05:33,743 WARN  impl.LogAppender (LogAppender.java:sendAppendEntriesWithRetries(274)) - s0@group-E7D5050F4609->s3-LogAppender: Failed to appendEntries (retry=1291): org.apache.ratis.thirdparty.io.netty.channel.AbstractChannel$AnnotatedConnectException: Connection refused: /0.0.0.0:40479
2019-09-24 12:05:33,977 WARN  impl.LogAppender (LogAppender.java:sendAppendEntriesWithRetries(274)) - s0@group-E7D5050F4609->s3-LogAppender: Failed to appendEntries (retry=1301): org.apache.ratis.thirdparty.io.netty.channel.AbstractChannel$AnnotatedConnectException: Connection refused: /0.0.0.0:40479
2019-09-24 12:05:34,210 WARN  impl.LogAppender (LogAppender.java:sendAppendEntriesWithRetries(274)) - s0@group-E7D5050F4609->s3-LogAppender: Failed to appendEntries (retry=1311): org.apache.ratis.thirdparty.io.netty.channel.AbstractChannel$AnnotatedConnectException: Connection refused: /0.0.0.0:40479
2019-09-24 12:05:34,444 WARN  impl.LogAppender (LogAppender.java:sendAppendEntriesWithRetries(274)) - s0@group-E7D5050F4609->s3-LogAppender: Failed to appendEntries (retry=1321): org.apache.ratis.thirdparty.io.netty.channel.AbstractChannel$AnnotatedConnectException: Connection refused: /0.0.0.0:40479
2019-09-24 12:05:34,678 WARN  impl.LogAppender (LogAppender.java:sendAppendEntriesWithRetries(274)) - s0@group-E7D5050F4609->s3-LogAppender: Failed to appendEntries (retry=1331): org.apache.ratis.thirdparty.io.netty.channel.AbstractChannel$AnnotatedConnectException: Connection refused: /0.0.0.0:40479
2019-09-24 12:05:34,911 WARN  impl.LogAppender (LogAppender.java:sendAppendEntriesWithRetries(274)) - s0@group-E7D5050F4609->s3-LogAppender: Failed to appendEntries (retry=1341): org.apache.ratis.thirdparty.io.netty.channel.AbstractChannel$AnnotatedConnectException: Connection refused: /0.0.0.0:40479
2019-09-24 12:05:35,145 WARN  impl.LogAppender (LogAppender.java:sendAppendEntriesWithRetries(274)) - s0@group-E7D5050F4609->s3-LogAppender: Failed to appendEntries (retry=1351): org.apache.ratis.thirdparty.io.netty.channel.AbstractChannel$AnnotatedConnectException: Connection refused: /0.0.0.0:40479
2019-09-24 12:05:35,378 WARN  impl.LogAppender (LogAppender.java:sendAppendEntriesWithRetries(274)) - s0@group-E7D5050F4609->s3-LogAppender: Failed to appendEntries (retry=1361): org.apache.ratis.thirdparty.io.netty.channel.AbstractChannel$AnnotatedConnectException: Connection refused: /0.0.0.0:40479
2019-09-24 12:05:35,612 WARN  impl.LogAppender (LogAppender.java:sendAppendEntriesWithRetries(274)) - s0@group-E7D5050F4609->s3-LogAppender: Failed to appendEntries (retry=1371): org.apache.ratis.thirdparty.io.netty.channel.AbstractChannel$AnnotatedConnectException: Connection refused: /0.0.0.0:40479
2019-09-24 12:05:35,845 WARN  impl.LogAppender (LogAppender.java:sendAppendEntriesWithRetries(274)) - s0@group-E7D5050F4609->s3-LogAppender: Failed to appendEntries (retry=1381): org.apache.ratis.thirdparty.io.netty.channel.AbstractChannel$AnnotatedConnectException: Connection refused: /0.0.0.0:40479
2019-09-24 12:05:36,079 WARN  impl.LogAppender (LogAppender.java:sendAppendEntriesWithRetries(274)) - s0@group-E7D5050F4609->s3-LogAppender: Failed to appendEntries (retry=1391): org.apache.ratis.thirdparty.io.netty.channel.AbstractChannel$AnnotatedConnectException: Connection refused: /0.0.0.0:40479
2019-09-24 12:05:36,312 WARN  impl.LogAppender (LogAppender.java:sendAppendEntriesWithRetries(274)) - s0@group-E7D5050F4609->s3-LogAppender: Failed to appendEntries (retry=1401): org.apache.ratis.thirdparty.io.netty.channel.AbstractChannel$AnnotatedConnectException: Connection refused: /0.0.0.0:40479
2019-09-24 12:05:36,545 WARN  impl.LogAppender (LogAppender.java:sendAppendEntriesWithRetries(274)) - s0@group-E7D5050F4609->s3-LogAppender: Failed to appendEntries (retry=1411): org.apache.ratis.thirdparty.io.netty.channel.AbstractChannel$AnnotatedConnectException: Connection refused: /0.0.0.0:40479
2019-09-24 12:05:36,780 WARN  impl.LogAppender (LogAppender.java:sendAppendEntriesWithRetries(274)) - s0@group-E7D5050F4609->s3-LogAppender: Failed to appendEntries (retry=1421): org.apache.ratis.thirdparty.io.netty.channel.AbstractChannel$AnnotatedConnectException: Connection refused: /0.0.0.0:40479
2019-09-24 12:05:37,013 WARN  impl.LogAppender (LogAppender.java:sendAppendEntriesWithRetries(274)) - s0@group-E7D5050F4609->s3-LogAppender: Failed to appendEntries (retry=1431): org.apache.ratis.thirdparty.io.netty.channel.AbstractChannel$AnnotatedConnectException: Connection refused: /0.0.0.0:40479
2019-09-24 12:05:37,247 WARN  impl.LogAppender (LogAppender.java:sendAppendEntriesWithRetries(274)) - s0@group-E7D5050F4609->s3-LogAppender: Failed to appendEntries (retry=1441): org.apache.ratis.thirdparty.io.netty.channel.AbstractChannel$AnnotatedConnectException: Connection refused: /0.0.0.0:40479
2019-09-24 12:05:37,481 WARN  impl.LogAppender (LogAppender.java:sendAppendEntriesWithRetries(274)) - s0@group-E7D5050F4609->s3-LogAppender: Failed to appendEntries (retry=1451): org.apache.ratis.thirdparty.io.netty.channel.AbstractChannel$AnnotatedConnectException: Connection refused: /0.0.0.0:40479
2019-09-24 12:05:37,715 WARN  impl.LogAppender (LogAppender.java:sendAppendEntriesWithRetries(274)) - s0@group-E7D5050F4609->s3-LogAppender: Failed to appendEntries (retry=1461): org.apache.ratis.thirdparty.io.netty.channel.AbstractChannel$AnnotatedConnectException: Connection refused: /0.0.0.0:40479
2019-09-24 12:05:37,948 WARN  impl.LogAppender (LogAppender.java:sendAppendEntriesWithRetries(274)) - s0@group-E7D5050F4609->s3-LogAppender: Failed to appendEntries (retry=1471): org.apache.ratis.thirdparty.io.netty.channel.AbstractChannel$AnnotatedConnectException: Connection refused: /0.0.0.0:40479
2019-09-24 12:05:38,181 WARN  impl.LogAppender (LogAppender.java:sendAppendEntriesWithRetries(274)) - s0@group-E7D5050F4609->s3-LogAppender: Failed to appendEntries (retry=1481): org.apache.ratis.thirdparty.io.netty.channel.AbstractChannel$AnnotatedConnectException: Connection refused: /0.0.0.0:40479
2019-09-24 12:05:38,415 WARN  impl.LogAppender (LogAppender.java:sendAppendEntriesWithRetries(274)) - s0@group-E7D5050F4609->s3-LogAppender: Failed to appendEntries (retry=1491): org.apache.ratis.thirdparty.io.netty.channel.AbstractChannel$AnnotatedConnectException: Connection refused: /0.0.0.0:40479
2019-09-24 12:05:38,648 WARN  impl.LogAppender (LogAppender.java:sendAppendEntriesWithRetries(274)) - s0@group-E7D5050F4609->s3-LogAppender: Failed to appendEntries (retry=1501): org.apache.ratis.thirdparty.io.netty.channel.AbstractChannel$AnnotatedConnectException: Connection refused: /0.0.0.0:40479
2019-09-24 12:05:38,882 WARN  impl.LogAppender (LogAppender.java:sendAppendEntriesWithRetries(274)) - s0@group-E7D5050F4609->s3-LogAppender: Failed to appendEntries (retry=1511): org.apache.ratis.thirdparty.io.netty.channel.AbstractChannel$AnnotatedConnectException: Connection refused: /0.0.0.0:40479
2019-09-24 12:05:39,115 WARN  impl.LogAppender (LogAppender.java:sendAppendEntriesWithRetries(274)) - s0@group-E7D5050F4609->s3-LogAppender: Failed to appendEntries (retry=1521): org.apache.ratis.thirdparty.io.netty.channel.AbstractChannel$AnnotatedConnectException: Connection refused: /0.0.0.0:40479
2019-09-24 12:05:39,348 WARN  impl.LogAppender (LogAppender.java:sendAppendEntriesWithRetries(274)) - s0@group-E7D5050F4609->s3-LogAppender: Failed to appendEntries (retry=1531): org.apache.ratis.thirdparty.io.netty.channel.AbstractChannel$AnnotatedConnectException: Connection refused: /0.0.0.0:40479
2019-09-24 12:05:39,582 WARN  impl.LogAppender (LogAppender.java:sendAppendEntriesWithRetries(274)) - s0@group-E7D5050F4609->s3-LogAppender: Failed to appendEntries (retry=1541): org.apache.ratis.thirdparty.io.netty.channel.AbstractChannel$AnnotatedConnectException: Connection refused: /0.0.0.0:40479
2019-09-24 12:05:39,815 WARN  impl.LogAppender (LogAppender.java:sendAppendEntriesWithRetries(274)) - s0@group-E7D5050F4609->s3-LogAppender: Failed to appendEntries (retry=1551): org.apache.ratis.thirdparty.io.netty.channel.AbstractChannel$AnnotatedConnectException: Connection refused: /0.0.0.0:40479
2019-09-24 12:05:40,049 WARN  impl.LogAppender (LogAppender.java:sendAppendEntriesWithRetries(274)) - s0@group-E7D5050F4609->s3-LogAppender: Failed to appendEntries (retry=1561): org.apache.ratis.thirdparty.io.netty.channel.AbstractChannel$AnnotatedConnectException: Connection refused: /0.0.0.0:40479
2019-09-24 12:05:40,282 WARN  impl.LogAppender (LogAppender.java:sendAppendEntriesWithRetries(274)) - s0@group-E7D5050F4609->s3-LogAppender: Failed to appendEntries (retry=1571): org.apache.ratis.thirdparty.io.netty.channel.AbstractChannel$AnnotatedConnectException: Connection refused: /0.0.0.0:40479
2019-09-24 12:05:40,515 WARN  impl.LogAppender (LogAppender.java:sendAppendEntriesWithRetries(274)) - s0@group-E7D5050F4609->s3-LogAppender: Failed to appendEntries (retry=1581): org.apache.ratis.thirdparty.io.netty.channel.AbstractChannel$AnnotatedConnectException: Connection refused: /0.0.0.0:40479
2019-09-24 12:05:40,749 WARN  impl.LogAppender (LogAppender.java:sendAppendEntriesWithRetries(274)) - s0@group-E7D5050F4609->s3-LogAppender: Failed to appendEntries (retry=1591): org.apache.ratis.thirdparty.io.netty.channel.AbstractChannel$AnnotatedConnectException: Connection refused: /0.0.0.0:40479
2019-09-24 12:05:40,982 WARN  impl.LogAppender (LogAppender.java:sendAppendEntriesWithRetries(274)) - s0@group-E7D5050F4609->s3-LogAppender: Failed to appendEntries (retry=1601): org.apache.ratis.thirdparty.io.netty.channel.AbstractChannel$AnnotatedConnectException: Connection refused: /0.0.0.0:40479
2019-09-24 12:05:41,216 WARN  impl.LogAppender (LogAppender.java:sendAppendEntriesWithRetries(274)) - s0@group-E7D5050F4609->s3-LogAppender: Failed to appendEntries (retry=1611): org.apache.ratis.thirdparty.io.netty.channel.AbstractChannel$AnnotatedConnectException: Connection refused: /0.0.0.0:40479
2019-09-24 12:05:41,449 WARN  impl.LogAppender (LogAppender.java:sendAppendEntriesWithRetries(274)) - s0@group-E7D5050F4609->s3-LogAppender: Failed to appendEntries (retry=1621): org.apache.ratis.thirdparty.io.netty.channel.AbstractChannel$AnnotatedConnectException: Connection refused: /0.0.0.0:40479
2019-09-24 12:05:41,683 WARN  impl.LogAppender (LogAppender.java:sendAppendEntriesWithRetries(274)) - s0@group-E7D5050F4609->s3-LogAppender: Failed to appendEntries (retry=1631): org.apache.ratis.thirdparty.io.netty.channel.AbstractChannel$AnnotatedConnectException: Connection refused: /0.0.0.0:40479
2019-09-24 12:05:41,917 WARN  impl.LogAppender (LogAppender.java:sendAppendEntriesWithRetries(274)) - s0@group-E7D5050F4609->s3-LogAppender: Failed to appendEntries (retry=1641): org.apache.ratis.thirdparty.io.netty.channel.AbstractChannel$AnnotatedConnectException: Connection refused: /0.0.0.0:40479
2019-09-24 12:05:42,151 WARN  impl.LogAppender (LogAppender.java:sendAppendEntriesWithRetries(274)) - s0@group-E7D5050F4609->s3-LogAppender: Failed to appendEntries (retry=1651): org.apache.ratis.thirdparty.io.netty.channel.AbstractChannel$AnnotatedConnectException: Connection refused: /0.0.0.0:40479
2019-09-24 12:05:42,385 WARN  impl.LogAppender (LogAppender.java:sendAppendEntriesWithRetries(274)) - s0@group-E7D5050F4609->s3-LogAppender: Failed to appendEntries (retry=1661): org.apache.ratis.thirdparty.io.netty.channel.AbstractChannel$AnnotatedConnectException: Connection refused: /0.0.0.0:40479
2019-09-24 12:05:42,392 INFO  ratis.MiniRaftCluster (MiniRaftCluster.java:lambda$null$5(297)) - TIMED-PRINT: printing ALL groups
  s3:  CLOSING    LEADER s3@group-E7D5050F4609:t1, leader=s3, voted=s3, raftlog=s3@group-E7D5050F4609-SegmentedRaftLog:CLOSED:c-1, conf=0: [s3:0.0.0.0:40479, s4:0.0.0.0:43695, s0:0.0.0.0:44661, s1:0.0.0.0:36487, s2:0.0.0.0:42023], old=null CLOSED
  s4:  RUNNING  FOLLOWER s4@group-E7D5050F4609:t2, leader=s0, voted=s4, raftlog=s4@group-E7D5050F4609-SegmentedRaftLog:OPENED:c2,f2,i2, conf=1: [s3:0.0.0.0:40479, s4:0.0.0.0:43695, s0:0.0.0.0:44661, s1:0.0.0.0:36487, s2:0.0.0.0:42023], old=null RUNNING
  s0:  RUNNING    LEADER s0@group-E7D5050F4609:t2, leader=s0, voted=s0, raftlog=s0@group-E7D5050F4609-SegmentedRaftLog:OPENED:c2,f2,i2, conf=1: [s3:0.0.0.0:40479, s4:0.0.0.0:43695, s0:0.0.0.0:44661, s1:0.0.0.0:36487, s2:0.0.0.0:42023], old=null RUNNING
  s1:  RUNNING  FOLLOWER s1@group-E7D5050F4609:t2, leader=s0, voted=s0, raftlog=s1@group-E7D5050F4609-SegmentedRaftLog:OPENED:c2,f2,i2, conf=1: [s3:0.0.0.0:40479, s4:0.0.0.0:43695, s0:0.0.0.0:44661, s1:0.0.0.0:36487, s2:0.0.0.0:42023], old=null RUNNING
  s2:  RUNNING  FOLLOWER s2@group-E7D5050F4609:t2, leader=s0, voted=s0, raftlog=s2@group-E7D5050F4609-SegmentedRaftLog:OPENED:c2,f2,i2, conf=1: [s3:0.0.0.0:40479, s4:0.0.0.0:43695, s0:0.0.0.0:44661, s1:0.0.0.0:36487, s2:0.0.0.0:42023], old=null RUNNING
2019-09-24 12:05:42,618 WARN  impl.LogAppender (LogAppender.java:sendAppendEntriesWithRetries(274)) - s0@group-E7D5050F4609->s3-LogAppender: Failed to appendEntries (retry=1671): org.apache.ratis.thirdparty.io.netty.channel.AbstractChannel$AnnotatedConnectException: Connection refused: /0.0.0.0:40479
2019-09-24 12:05:42,852 WARN  impl.LogAppender (LogAppender.java:sendAppendEntriesWithRetries(274)) - s0@group-E7D5050F4609->s3-LogAppender: Failed to appendEntries (retry=1681): org.apache.ratis.thirdparty.io.netty.channel.AbstractChannel$AnnotatedConnectException: Connection refused: /0.0.0.0:40479
2019-09-24 12:05:43,085 WARN  impl.LogAppender (LogAppender.java:sendAppendEntriesWithRetries(274)) - s0@group-E7D5050F4609->s3-LogAppender: Failed to appendEntries (retry=1691): org.apache.ratis.thirdparty.io.netty.channel.AbstractChannel$AnnotatedConnectException: Connection refused: /0.0.0.0:40479
2019-09-24 12:05:43,319 WARN  impl.LogAppender (LogAppender.java:sendAppendEntriesWithRetries(274)) - s0@group-E7D5050F4609->s3-LogAppender: Failed to appendEntries (retry=1701): org.apache.ratis.thirdparty.io.netty.channel.AbstractChannel$AnnotatedConnectException: Connection refused: /0.0.0.0:40479
2019-09-24 12:05:43,552 WARN  impl.LogAppender (LogAppender.java:sendAppendEntriesWithRetries(274)) - s0@group-E7D5050F4609->s3-LogAppender: Failed to appendEntries (retry=1711): org.apache.ratis.thirdparty.io.netty.channel.AbstractChannel$AnnotatedConnectException: Connection refused: /0.0.0.0:40479
2019-09-24 12:05:43,786 WARN  impl.LogAppender (LogAppender.java:sendAppendEntriesWithRetries(274)) - s0@group-E7D5050F4609->s3-LogAppender: Failed to appendEntries (retry=1721): org.apache.ratis.thirdparty.io.netty.channel.AbstractChannel$AnnotatedConnectException: Connection refused: /0.0.0.0:40479
2019-09-24 12:05:44,020 WARN  impl.LogAppender (LogAppender.java:sendAppendEntriesWithRetries(274)) - s0@group-E7D5050F4609->s3-LogAppender: Failed to appendEntries (retry=1731): org.apache.ratis.thirdparty.io.netty.channel.AbstractChannel$AnnotatedConnectException: Connection refused: /0.0.0.0:40479
2019-09-24 12:05:44,255 WARN  impl.LogAppender (LogAppender.java:sendAppendEntriesWithRetries(274)) - s0@group-E7D5050F4609->s3-LogAppender: Failed to appendEntries (retry=1741): org.apache.ratis.thirdparty.io.netty.channel.AbstractChannel$AnnotatedConnectException: Connection refused: /0.0.0.0:40479
2019-09-24 12:05:44,488 WARN  impl.LogAppender (LogAppender.java:sendAppendEntriesWithRetries(274)) - s0@group-E7D5050F4609->s3-LogAppender: Failed to appendEntries (retry=1751): org.apache.ratis.thirdparty.io.netty.channel.AbstractChannel$AnnotatedConnectException: Connection refused: /0.0.0.0:40479
2019-09-24 12:05:44,722 WARN  impl.LogAppender (LogAppender.java:sendAppendEntriesWithRetries(274)) - s0@group-E7D5050F4609->s3-LogAppender: Failed to appendEntries (retry=1761): org.apache.ratis.thirdparty.io.netty.channel.AbstractChannel$AnnotatedConnectException: Connection refused: /0.0.0.0:40479
2019-09-24 12:05:44,955 WARN  impl.LogAppender (LogAppender.java:sendAppendEntriesWithRetries(274)) - s0@group-E7D5050F4609->s3-LogAppender: Failed to appendEntries (retry=1771): org.apache.ratis.thirdparty.io.netty.channel.AbstractChannel$AnnotatedConnectException: Connection refused: /0.0.0.0:40479
2019-09-24 12:05:45,188 WARN  impl.LogAppender (LogAppender.java:sendAppendEntriesWithRetries(274)) - s0@group-E7D5050F4609->s3-LogAppender: Failed to appendEntries (retry=1781): org.apache.ratis.thirdparty.io.netty.channel.AbstractChannel$AnnotatedConnectException: Connection refused: /0.0.0.0:40479
2019-09-24 12:05:45,422 WARN  impl.LogAppender (LogAppender.java:sendAppendEntriesWithRetries(274)) - s0@group-E7D5050F4609->s3-LogAppender: Failed to appendEntries (retry=1791): org.apache.ratis.thirdparty.io.netty.channel.AbstractChannel$AnnotatedConnectException: Connection refused: /0.0.0.0:40479
2019-09-24 12:05:45,655 WARN  impl.LogAppender (LogAppender.java:sendAppendEntriesWithRetries(274)) - s0@group-E7D5050F4609->s3-LogAppender: Failed to appendEntries (retry=1801): org.apache.ratis.thirdparty.io.netty.channel.AbstractChannel$AnnotatedConnectException: Connection refused: /0.0.0.0:40479
2019-09-24 12:05:45,888 WARN  impl.LogAppender (LogAppender.java:sendAppendEntriesWithRetries(274)) - s0@group-E7D5050F4609->s3-LogAppender: Failed to appendEntries (retry=1811): org.apache.ratis.thirdparty.io.netty.channel.AbstractChannel$AnnotatedConnectException: Connection refused: /0.0.0.0:40479
2019-09-24 12:05:46,122 WARN  impl.LogAppender (LogAppender.java:sendAppendEntriesWithRetries(274)) - s0@group-E7D5050F4609->s3-LogAppender: Failed to appendEntries (retry=1821): org.apache.ratis.thirdparty.io.netty.channel.AbstractChannel$AnnotatedConnectException: Connection refused: /0.0.0.0:40479
2019-09-24 12:05:46,355 WARN  impl.LogAppender (LogAppender.java:sendAppendEntriesWithRetries(274)) - s0@group-E7D5050F4609->s3-LogAppender: Failed to appendEntries (retry=1831): org.apache.ratis.thirdparty.io.netty.channel.AbstractChannel$AnnotatedConnectException: Connection refused: /0.0.0.0:40479
2019-09-24 12:05:46,588 WARN  impl.LogAppender (LogAppender.java:sendAppendEntriesWithRetries(274)) - s0@group-E7D5050F4609->s3-LogAppender: Failed to appendEntries (retry=1841): org.apache.ratis.thirdparty.io.netty.channel.AbstractChannel$AnnotatedConnectException: Connection refused: /0.0.0.0:40479
2019-09-24 12:05:46,822 WARN  impl.LogAppender (LogAppender.java:sendAppendEntriesWithRetries(274)) - s0@group-E7D5050F4609->s3-LogAppender: Failed to appendEntries (retry=1851): org.apache.ratis.thirdparty.io.netty.channel.AbstractChannel$AnnotatedConnectException: Connection refused: /0.0.0.0:40479
2019-09-24 12:05:47,056 WARN  impl.LogAppender (LogAppender.java:sendAppendEntriesWithRetries(274)) - s0@group-E7D5050F4609->s3-LogAppender: Failed to appendEntries (retry=1861): org.apache.ratis.thirdparty.io.netty.channel.AbstractChannel$AnnotatedConnectException: Connection refused: /0.0.0.0:40479
2019-09-24 12:05:47,289 WARN  impl.LogAppender (LogAppender.java:sendAppendEntriesWithRetries(274)) - s0@group-E7D5050F4609->s3-LogAppender: Failed to appendEntries (retry=1871): org.apache.ratis.thirdparty.io.netty.channel.AbstractChannel$AnnotatedConnectException: Connection refused: /0.0.0.0:40479
2019-09-24 12:05:47,522 WARN  impl.LogAppender (LogAppender.java:sendAppendEntriesWithRetries(274)) - s0@group-E7D5050F4609->s3-LogAppender: Failed to appendEntries (retry=1881): org.apache.ratis.thirdparty.io.netty.channel.AbstractChannel$AnnotatedConnectException: Connection refused: /0.0.0.0:40479
2019-09-24 12:05:47,756 WARN  impl.LogAppender (LogAppender.java:sendAppendEntriesWithRetries(274)) - s0@group-E7D5050F4609->s3-LogAppender: Failed to appendEntries (retry=1891): org.apache.ratis.thirdparty.io.netty.channel.AbstractChannel$AnnotatedConnectException: Connection refused: /0.0.0.0:40479
2019-09-24 12:05:47,989 WARN  impl.LogAppender (LogAppender.java:sendAppendEntriesWithRetries(274)) - s0@group-E7D5050F4609->s3-LogAppender: Failed to appendEntries (retry=1901): org.apache.ratis.thirdparty.io.netty.channel.AbstractChannel$AnnotatedConnectException: Connection refused: /0.0.0.0:40479
2019-09-24 12:05:48,222 WARN  impl.LogAppender (LogAppender.java:sendAppendEntriesWithRetries(274)) - s0@group-E7D5050F4609->s3-LogAppender: Failed to appendEntries (retry=1911): org.apache.ratis.thirdparty.io.netty.channel.AbstractChannel$AnnotatedConnectException: Connection refused: /0.0.0.0:40479
2019-09-24 12:05:48,456 WARN  impl.LogAppender (LogAppender.java:sendAppendEntriesWithRetries(274)) - s0@group-E7D5050F4609->s3-LogAppender: Failed to appendEntries (retry=1921): org.apache.ratis.thirdparty.io.netty.channel.AbstractChannel$AnnotatedConnectException: Connection refused: /0.0.0.0:40479
2019-09-24 12:05:48,689 WARN  impl.LogAppender (LogAppender.java:sendAppendEntriesWithRetries(274)) - s0@group-E7D5050F4609->s3-LogAppender: Failed to appendEntries (retry=1931): org.apache.ratis.thirdparty.io.netty.channel.AbstractChannel$AnnotatedConnectException: Connection refused: /0.0.0.0:40479
2019-09-24 12:05:48,922 WARN  impl.LogAppender (LogAppender.java:sendAppendEntriesWithRetries(274)) - s0@group-E7D5050F4609->s3-LogAppender: Failed to appendEntries (retry=1941): org.apache.ratis.thirdparty.io.netty.channel.AbstractChannel$AnnotatedConnectException: Connection refused: /0.0.0.0:40479
2019-09-24 12:05:49,156 WARN  impl.LogAppender (LogAppender.java:sendAppendEntriesWithRetries(274)) - s0@group-E7D5050F4609->s3-LogAppender: Failed to appendEntries (retry=1951): org.apache.ratis.thirdparty.io.netty.channel.AbstractChannel$AnnotatedConnectException: Connection refused: /0.0.0.0:40479
2019-09-24 12:05:49,389 WARN  impl.LogAppender (LogAppender.java:sendAppendEntriesWithRetries(274)) - s0@group-E7D5050F4609->s3-LogAppender: Failed to appendEntries (retry=1961): org.apache.ratis.thirdparty.io.netty.channel.AbstractChannel$AnnotatedConnectException: Connection refused: /0.0.0.0:40479
2019-09-24 12:05:49,623 WARN  impl.LogAppender (LogAppender.java:sendAppendEntriesWithRetries(274)) - s0@group-E7D5050F4609->s3-LogAppender: Failed to appendEntries (retry=1971): org.apache.ratis.thirdparty.io.netty.channel.AbstractChannel$AnnotatedConnectException: Connection refused: /0.0.0.0:40479
2019-09-24 12:05:49,856 WARN  impl.LogAppender (LogAppender.java:sendAppendEntriesWithRetries(274)) - s0@group-E7D5050F4609->s3-LogAppender: Failed to appendEntries (retry=1981): org.apache.ratis.thirdparty.io.netty.channel.AbstractChannel$AnnotatedConnectException: Connection refused: /0.0.0.0:40479
2019-09-24 12:05:50,090 WARN  impl.LogAppender (LogAppender.java:sendAppendEntriesWithRetries(274)) - s0@group-E7D5050F4609->s3-LogAppender: Failed to appendEntries (retry=1991): org.apache.ratis.thirdparty.io.netty.channel.AbstractChannel$AnnotatedConnectException: Connection refused: /0.0.0.0:40479
2019-09-24 12:05:50,324 WARN  impl.LogAppender (LogAppender.java:sendAppendEntriesWithRetries(274)) - s0@group-E7D5050F4609->s3-LogAppender: Failed to appendEntries (retry=2001): org.apache.ratis.thirdparty.io.netty.channel.AbstractChannel$AnnotatedConnectException: Connection refused: /0.0.0.0:40479
2019-09-24 12:05:50,557 WARN  impl.LogAppender (LogAppender.java:sendAppendEntriesWithRetries(274)) - s0@group-E7D5050F4609->s3-LogAppender: Failed to appendEntries (retry=2011): org.apache.ratis.thirdparty.io.netty.channel.AbstractChannel$AnnotatedConnectException: Connection refused: /0.0.0.0:40479
2019-09-24 12:05:50,790 WARN  impl.LogAppender (LogAppender.java:sendAppendEntriesWithRetries(274)) - s0@group-E7D5050F4609->s3-LogAppender: Failed to appendEntries (retry=2021): org.apache.ratis.thirdparty.io.netty.channel.AbstractChannel$AnnotatedConnectException: Connection refused: /0.0.0.0:40479
2019-09-24 12:05:51,024 WARN  impl.LogAppender (LogAppender.java:sendAppendEntriesWithRetries(274)) - s0@group-E7D5050F4609->s3-LogAppender: Failed to appendEntries (retry=2031): org.apache.ratis.thirdparty.io.netty.channel.AbstractChannel$AnnotatedConnectException: Connection refused: /0.0.0.0:40479
2019-09-24 12:05:51,259 WARN  impl.LogAppender (LogAppender.java:sendAppendEntriesWithRetries(274)) - s0@group-E7D5050F4609->s3-LogAppender: Failed to appendEntries (retry=2041): org.apache.ratis.thirdparty.io.netty.channel.AbstractChannel$AnnotatedConnectException: Connection refused: /0.0.0.0:40479
2019-09-24 12:05:51,492 WARN  impl.LogAppender (LogAppender.java:sendAppendEntriesWithRetries(274)) - s0@group-E7D5050F4609->s3-LogAppender: Failed to appendEntries (retry=2051): org.apache.ratis.thirdparty.io.netty.channel.AbstractChannel$AnnotatedConnectException: Connection refused: /0.0.0.0:40479
2019-09-24 12:05:51,726 WARN  impl.LogAppender (LogAppender.java:sendAppendEntriesWithRetries(274)) - s0@group-E7D5050F4609->s3-LogAppender: Failed to appendEntries (retry=2061): org.apache.ratis.thirdparty.io.netty.channel.AbstractChannel$AnnotatedConnectException: Connection refused: /0.0.0.0:40479
2019-09-24 12:05:51,959 WARN  impl.LogAppender (LogAppender.java:sendAppendEntriesWithRetries(274)) - s0@group-E7D5050F4609->s3-LogAppender: Failed to appendEntries (retry=2071): org.apache.ratis.thirdparty.io.netty.channel.AbstractChannel$AnnotatedConnectException: Connection refused: /0.0.0.0:40479
2019-09-24 12:05:52,192 WARN  impl.LogAppender (LogAppender.java:sendAppendEntriesWithRetries(274)) - s0@group-E7D5050F4609->s3-LogAppender: Failed to appendEntries (retry=2081): org.apache.ratis.thirdparty.io.netty.channel.AbstractChannel$AnnotatedConnectException: Connection refused: /0.0.0.0:40479
2019-09-24 12:05:52,392 INFO  ratis.MiniRaftCluster (MiniRaftCluster.java:lambda$null$5(297)) - TIMED-PRINT: printing ALL groups
  s3:  CLOSING    LEADER s3@group-E7D5050F4609:t1, leader=s3, voted=s3, raftlog=s3@group-E7D5050F4609-SegmentedRaftLog:CLOSED:c-1, conf=0: [s3:0.0.0.0:40479, s4:0.0.0.0:43695, s0:0.0.0.0:44661, s1:0.0.0.0:36487, s2:0.0.0.0:42023], old=null CLOSED
  s4:  RUNNING  FOLLOWER s4@group-E7D5050F4609:t2, leader=s0, voted=s4, raftlog=s4@group-E7D5050F4609-SegmentedRaftLog:OPENED:c2,f2,i2, conf=1: [s3:0.0.0.0:40479, s4:0.0.0.0:43695, s0:0.0.0.0:44661, s1:0.0.0.0:36487, s2:0.0.0.0:42023], old=null RUNNING
  s0:  RUNNING    LEADER s0@group-E7D5050F4609:t2, leader=s0, voted=s0, raftlog=s0@group-E7D5050F4609-SegmentedRaftLog:OPENED:c2,f2,i2, conf=1: [s3:0.0.0.0:40479, s4:0.0.0.0:43695, s0:0.0.0.0:44661, s1:0.0.0.0:36487, s2:0.0.0.0:42023], old=null RUNNING
  s1:  RUNNING  FOLLOWER s1@group-E7D5050F4609:t2, leader=s0, voted=s0, raftlog=s1@group-E7D5050F4609-SegmentedRaftLog:OPENED:c2,f2,i2, conf=1: [s3:0.0.0.0:40479, s4:0.0.0.0:43695, s0:0.0.0.0:44661, s1:0.0.0.0:36487, s2:0.0.0.0:42023], old=null RUNNING
  s2:  RUNNING  FOLLOWER s2@group-E7D5050F4609:t2, leader=s0, voted=s0, raftlog=s2@group-E7D5050F4609-SegmentedRaftLog:OPENED:c2,f2,i2, conf=1: [s3:0.0.0.0:40479, s4:0.0.0.0:43695, s0:0.0.0.0:44661, s1:0.0.0.0:36487, s2:0.0.0.0:42023], old=null RUNNING
2019-09-24 12:05:52,425 WARN  impl.LogAppender (LogAppender.java:sendAppendEntriesWithRetries(274)) - s0@group-E7D5050F4609->s3-LogAppender: Failed to appendEntries (retry=2091): org.apache.ratis.thirdparty.io.netty.channel.AbstractChannel$AnnotatedConnectException: Connection refused: /0.0.0.0:40479
2019-09-24 12:05:52,659 WARN  impl.LogAppender (LogAppender.java:sendAppendEntriesWithRetries(274)) - s0@group-E7D5050F4609->s3-LogAppender: Failed to appendEntries (retry=2101): org.apache.ratis.thirdparty.io.netty.channel.AbstractChannel$AnnotatedConnectException: Connection refused: /0.0.0.0:40479
2019-09-24 12:05:52,892 WARN  impl.LogAppender (LogAppender.java:sendAppendEntriesWithRetries(274)) - s0@group-E7D5050F4609->s3-LogAppender: Failed to appendEntries (retry=2111): org.apache.ratis.thirdparty.io.netty.channel.AbstractChannel$AnnotatedConnectException: Connection refused: /0.0.0.0:40479
2019-09-24 12:05:53,126 WARN  impl.LogAppender (LogAppender.java:sendAppendEntriesWithRetries(274)) - s0@group-E7D5050F4609->s3-LogAppender: Failed to appendEntries (retry=2121): org.apache.ratis.thirdparty.io.netty.channel.AbstractChannel$AnnotatedConnectException: Connection refused: /0.0.0.0:40479
2019-09-24 12:05:53,360 WARN  impl.LogAppender (LogAppender.java:sendAppendEntriesWithRetries(274)) - s0@group-E7D5050F4609->s3-LogAppender: Failed to appendEntries (retry=2131): org.apache.ratis.thirdparty.io.netty.channel.AbstractChannel$AnnotatedConnectException: Connection refused: /0.0.0.0:40479
2019-09-24 12:05:53,593 WARN  impl.LogAppender (LogAppender.java:sendAppendEntriesWithRetries(274)) - s0@group-E7D5050F4609->s3-LogAppender: Failed to appendEntries (retry=2141): org.apache.ratis.thirdparty.io.netty.channel.AbstractChannel$AnnotatedConnectException: Connection refused: /0.0.0.0:40479
2019-09-24 12:05:53,826 WARN  impl.LogAppender (LogAppender.java:sendAppendEntriesWithRetries(274)) - s0@group-E7D5050F4609->s3-LogAppender: Failed to appendEntries (retry=2151): org.apache.ratis.thirdparty.io.netty.channel.AbstractChannel$AnnotatedConnectException: Connection refused: /0.0.0.0:40479
2019-09-24 12:05:54,060 WARN  impl.LogAppender (LogAppender.java:sendAppendEntriesWithRetries(274)) - s0@group-E7D5050F4609->s3-LogAppender: Failed to appendEntries (retry=2161): org.apache.ratis.thirdparty.io.netty.channel.AbstractChannel$AnnotatedConnectException: Connection refused: /0.0.0.0:40479
2019-09-24 12:05:54,294 WARN  impl.LogAppender (LogAppender.java:sendAppendEntriesWithRetries(274)) - s0@group-E7D5050F4609->s3-LogAppender: Failed to appendEntries (retry=2171): org.apache.ratis.thirdparty.io.netty.channel.AbstractChannel$AnnotatedConnectException: Connection refused: /0.0.0.0:40479
2019-09-24 12:05:54,526 WARN  impl.LogAppender (LogAppender.java:sendAppendEntriesWithRetries(274)) - s0@group-E7D5050F4609->s3-LogAppender: Failed to appendEntries (retry=2181): org.apache.ratis.thirdparty.io.netty.channel.AbstractChannel$AnnotatedConnectException: Connection refused: /0.0.0.0:40479
2019-09-24 12:05:54,759 WARN  impl.LogAppender (LogAppender.java:sendAppendEntriesWithRetries(274)) - s0@group-E7D5050F4609->s3-LogAppender: Failed to appendEntries (retry=2191): org.apache.ratis.thirdparty.io.netty.channel.AbstractChannel$AnnotatedConnectException: Connection refused: /0.0.0.0:40479
2019-09-24 12:05:54,993 WARN  impl.LogAppender (LogAppender.java:sendAppendEntriesWithRetries(274)) - s0@group-E7D5050F4609->s3-LogAppender: Failed to appendEntries (retry=2201): org.apache.ratis.thirdparty.io.netty.channel.AbstractChannel$AnnotatedConnectException: Connection refused: /0.0.0.0:40479
2019-09-24 12:05:55,226 WARN  impl.LogAppender (LogAppender.java:sendAppendEntriesWithRetries(274)) - s0@group-E7D5050F4609->s3-LogAppender: Failed to appendEntries (retry=2211): org.apache.ratis.thirdparty.io.netty.channel.AbstractChannel$AnnotatedConnectException: Connection refused: /0.0.0.0:40479
2019-09-24 12:05:55,459 WARN  impl.LogAppender (LogAppender.java:sendAppendEntriesWithRetries(274)) - s0@group-E7D5050F4609->s3-LogAppender: Failed to appendEntries (retry=2221): org.apache.ratis.thirdparty.io.netty.channel.AbstractChannel$AnnotatedConnectException: Connection refused: /0.0.0.0:40479
2019-09-24 12:05:55,693 WARN  impl.LogAppender (LogAppender.java:sendAppendEntriesWithRetries(274)) - s0@group-E7D5050F4609->s3-LogAppender: Failed to appendEntries (retry=2231): org.apache.ratis.thirdparty.io.netty.channel.AbstractChannel$AnnotatedConnectException: Connection refused: /0.0.0.0:40479
2019-09-24 12:05:55,926 WARN  impl.LogAppender (LogAppender.java:sendAppendEntriesWithRetries(274)) - s0@group-E7D5050F4609->s3-LogAppender: Failed to appendEntries (retry=2241): org.apache.ratis.thirdparty.io.netty.channel.AbstractChannel$AnnotatedConnectException: Connection refused: /0.0.0.0:40479
2019-09-24 12:05:56,159 WARN  impl.LogAppender (LogAppender.java:sendAppendEntriesWithRetries(274)) - s0@group-E7D5050F4609->s3-LogAppender: Failed to appendEntries (retry=2251): org.apache.ratis.thirdparty.io.netty.channel.AbstractChannel$AnnotatedConnectException: Connection refused: /0.0.0.0:40479
2019-09-24 12:05:56,393 WARN  impl.LogAppender (LogAppender.java:sendAppendEntriesWithRetries(274)) - s0@group-E7D5050F4609->s3-LogAppender: Failed to appendEntries (retry=2261): org.apache.ratis.thirdparty.io.netty.channel.AbstractChannel$AnnotatedConnectException: Connection refused: /0.0.0.0:40479
2019-09-24 12:05:56,626 WARN  impl.LogAppender (LogAppender.java:sendAppendEntriesWithRetries(274)) - s0@group-E7D5050F4609->s3-LogAppender: Failed to appendEntries (retry=2271): org.apache.ratis.thirdparty.io.netty.channel.AbstractChannel$AnnotatedConnectException: Connection refused: /0.0.0.0:40479
2019-09-24 12:05:56,859 WARN  impl.LogAppender (LogAppender.java:sendAppendEntriesWithRetries(274)) - s0@group-E7D5050F4609->s3-LogAppender: Failed to appendEntries (retry=2281): org.apache.ratis.thirdparty.io.netty.channel.AbstractChannel$AnnotatedConnectException: Connection refused: /0.0.0.0:40479
2019-09-24 12:05:57,092 WARN  impl.LogAppender (LogAppender.java:sendAppendEntriesWithRetries(274)) - s0@group-E7D5050F4609->s3-LogAppender: Failed to appendEntries (retry=2291): org.apache.ratis.thirdparty.io.netty.channel.AbstractChannel$AnnotatedConnectException: Connection refused: /0.0.0.0:40479
2019-09-24 12:05:57,326 WARN  impl.LogAppender (LogAppender.java:sendAppendEntriesWithRetries(274)) - s0@group-E7D5050F4609->s3-LogAppender: Failed to appendEntries (retry=2301): org.apache.ratis.thirdparty.io.netty.channel.AbstractChannel$AnnotatedConnectException: Connection refused: /0.0.0.0:40479
2019-09-24 12:05:57,559 WARN  impl.LogAppender (LogAppender.java:sendAppendEntriesWithRetries(274)) - s0@group-E7D5050F4609->s3-LogAppender: Failed to appendEntries (retry=2311): org.apache.ratis.thirdparty.io.netty.channel.AbstractChannel$AnnotatedConnectException: Connection refused: /0.0.0.0:40479
2019-09-24 12:05:57,792 WARN  impl.LogAppender (LogAppender.java:sendAppendEntriesWithRetries(274)) - s0@group-E7D5050F4609->s3-LogAppender: Failed to appendEntries (retry=2321): org.apache.ratis.thirdparty.io.netty.channel.AbstractChannel$AnnotatedConnectException: Connection refused: /0.0.0.0:40479
2019-09-24 12:05:58,025 WARN  impl.LogAppender (LogAppender.java:sendAppendEntriesWithRetries(274)) - s0@group-E7D5050F4609->s3-LogAppender: Failed to appendEntries (retry=2331): org.apache.ratis.thirdparty.io.netty.channel.AbstractChannel$AnnotatedConnectException: Connection refused: /0.0.0.0:40479
2019-09-24 12:05:58,258 WARN  impl.LogAppender (LogAppender.java:sendAppendEntriesWithRetries(274)) - s0@group-E7D5050F4609->s3-LogAppender: Failed to appendEntries (retry=2341): org.apache.ratis.thirdparty.io.netty.channel.AbstractChannel$AnnotatedConnectException: Connection refused: /0.0.0.0:40479
2019-09-24 12:05:58,491 WARN  impl.LogAppender (LogAppender.java:sendAppendEntriesWithRetries(274)) - s0@group-E7D5050F4609->s3-LogAppender: Failed to appendEntries (retry=2351): org.apache.ratis.thirdparty.io.netty.channel.AbstractChannel$AnnotatedConnectException: Connection refused: /0.0.0.0:40479
2019-09-24 12:05:58,724 WARN  impl.LogAppender (LogAppender.java:sendAppendEntriesWithRetries(274)) - s0@group-E7D5050F4609->s3-LogAppender: Failed to appendEntries (retry=2361): org.apache.ratis.thirdparty.io.netty.channel.AbstractChannel$AnnotatedConnectException: Connection refused: /0.0.0.0:40479
2019-09-24 12:05:58,958 WARN  impl.LogAppender (LogAppender.java:sendAppendEntriesWithRetries(274)) - s0@group-E7D5050F4609->s3-LogAppender: Failed to appendEntries (retry=2371): org.apache.ratis.thirdparty.io.netty.channel.AbstractChannel$AnnotatedConnectException: Connection refused: /0.0.0.0:40479
2019-09-24 12:05:59,192 WARN  impl.LogAppender (LogAppender.java:sendAppendEntriesWithRetries(274)) - s0@group-E7D5050F4609->s3-LogAppender: Failed to appendEntries (retry=2381): org.apache.ratis.thirdparty.io.netty.channel.AbstractChannel$AnnotatedConnectException: Connection refused: /0.0.0.0:40479
2019-09-24 12:05:59,425 WARN  impl.LogAppender (LogAppender.java:sendAppendEntriesWithRetries(274)) - s0@group-E7D5050F4609->s3-LogAppender: Failed to appendEntries (retry=2391): org.apache.ratis.thirdparty.io.netty.channel.AbstractChannel$AnnotatedConnectException: Connection refused: /0.0.0.0:40479
2019-09-24 12:05:59,660 WARN  impl.LogAppender (LogAppender.java:sendAppendEntriesWithRetries(274)) - s0@group-E7D5050F4609->s3-LogAppender: Failed to appendEntries (retry=2401): org.apache.ratis.thirdparty.io.netty.channel.AbstractChannel$AnnotatedConnectException: Connection refused: /0.0.0.0:40479
2019-09-24 12:05:59,893 WARN  impl.LogAppender (LogAppender.java:sendAppendEntriesWithRetries(274)) - s0@group-E7D5050F4609->s3-LogAppender: Failed to appendEntries (retry=2411): org.apache.ratis.thirdparty.io.netty.channel.AbstractChannel$AnnotatedConnectException: Connection refused: /0.0.0.0:40479
2019-09-24 12:06:00,126 WARN  impl.LogAppender (LogAppender.java:sendAppendEntriesWithRetries(274)) - s0@group-E7D5050F4609->s3-LogAppender: Failed to appendEntries (retry=2421): org.apache.ratis.thirdparty.io.netty.channel.AbstractChannel$AnnotatedConnectException: Connection refused: /0.0.0.0:40479
2019-09-24 12:06:00,362 WARN  impl.LogAppender (LogAppender.java:sendAppendEntriesWithRetries(274)) - s0@group-E7D5050F4609->s3-LogAppender: Failed to appendEntries (retry=2431): org.apache.ratis.thirdparty.io.netty.channel.AbstractChannel$AnnotatedConnectException: Connection refused: /0.0.0.0:40479
2019-09-24 12:06:00,595 WARN  impl.LogAppender (LogAppender.java:sendAppendEntriesWithRetries(274)) - s0@group-E7D5050F4609->s3-LogAppender: Failed to appendEntries (retry=2441): org.apache.ratis.thirdparty.io.netty.channel.AbstractChannel$AnnotatedConnectException: Connection refused: /0.0.0.0:40479
2019-09-24 12:06:00,828 WARN  impl.LogAppender (LogAppender.java:sendAppendEntriesWithRetries(274)) - s0@group-E7D5050F4609->s3-LogAppender: Failed to appendEntries (retry=2451): org.apache.ratis.thirdparty.io.netty.channel.AbstractChannel$AnnotatedConnectException: Connection refused: /0.0.0.0:40479
2019-09-24 12:06:01,062 WARN  impl.LogAppender (LogAppender.java:sendAppendEntriesWithRetries(274)) - s0@group-E7D5050F4609->s3-LogAppender: Failed to appendEntries (retry=2461): org.apache.ratis.thirdparty.io.netty.channel.AbstractChannel$AnnotatedConnectException: Connection refused: /0.0.0.0:40479
2019-09-24 12:06:01,296 WARN  impl.LogAppender (LogAppender.java:sendAppendEntriesWithRetries(274)) - s0@group-E7D5050F4609->s3-LogAppender: Failed to appendEntries (retry=2471): org.apache.ratis.thirdparty.io.netty.channel.AbstractChannel$AnnotatedConnectException: Connection refused: /0.0.0.0:40479
2019-09-24 12:06:01,529 WARN  impl.LogAppender (LogAppender.java:sendAppendEntriesWithRetries(274)) - s0@group-E7D5050F4609->s3-LogAppender: Failed to appendEntries (retry=2481): org.apache.ratis.thirdparty.io.netty.channel.AbstractChannel$AnnotatedConnectException: Connection refused: /0.0.0.0:40479
2019-09-24 12:06:01,762 WARN  impl.LogAppender (LogAppender.java:sendAppendEntriesWithRetries(274)) - s0@group-E7D5050F4609->s3-LogAppender: Failed to appendEntries (retry=2491): org.apache.ratis.thirdparty.io.netty.channel.AbstractChannel$AnnotatedConnectException: Connection refused: /0.0.0.0:40479
2019-09-24 12:06:01,995 WARN  impl.LogAppender (LogAppender.java:sendAppendEntriesWithRetries(274)) - s0@group-E7D5050F4609->s3-LogAppender: Failed to appendEntries (retry=2501): org.apache.ratis.thirdparty.io.netty.channel.AbstractChannel$AnnotatedConnectException: Connection refused: /0.0.0.0:40479
2019-09-24 12:06:02,229 WARN  impl.LogAppender (LogAppender.java:sendAppendEntriesWithRetries(274)) - s0@group-E7D5050F4609->s3-LogAppender: Failed to appendEntries (retry=2511): org.apache.ratis.thirdparty.io.netty.channel.AbstractChannel$AnnotatedConnectException: Connection refused: /0.0.0.0:40479
2019-09-24 12:06:02,392 INFO  ratis.MiniRaftCluster (MiniRaftCluster.java:lambda$null$5(297)) - TIMED-PRINT: printing ALL groups
  s3:  CLOSING    LEADER s3@group-E7D5050F4609:t1, leader=s3, voted=s3, raftlog=s3@group-E7D5050F4609-SegmentedRaftLog:CLOSED:c-1, conf=0: [s3:0.0.0.0:40479, s4:0.0.0.0:43695, s0:0.0.0.0:44661, s1:0.0.0.0:36487, s2:0.0.0.0:42023], old=null CLOSED
  s4:  RUNNING  FOLLOWER s4@group-E7D5050F4609:t2, leader=s0, voted=s4, raftlog=s4@group-E7D5050F4609-SegmentedRaftLog:OPENED:c2,f2,i2, conf=1: [s3:0.0.0.0:40479, s4:0.0.0.0:43695, s0:0.0.0.0:44661, s1:0.0.0.0:36487, s2:0.0.0.0:42023], old=null RUNNING
  s0:  RUNNING    LEADER s0@group-E7D5050F4609:t2, leader=s0, voted=s0, raftlog=s0@group-E7D5050F4609-SegmentedRaftLog:OPENED:c2,f2,i2, conf=1: [s3:0.0.0.0:40479, s4:0.0.0.0:43695, s0:0.0.0.0:44661, s1:0.0.0.0:36487, s2:0.0.0.0:42023], old=null RUNNING
  s1:  RUNNING  FOLLOWER s1@group-E7D5050F4609:t2, leader=s0, voted=s0, raftlog=s1@group-E7D5050F4609-SegmentedRaftLog:OPENED:c2,f2,i2, conf=1: [s3:0.0.0.0:40479, s4:0.0.0.0:43695, s0:0.0.0.0:44661, s1:0.0.0.0:36487, s2:0.0.0.0:42023], old=null RUNNING
  s2:  RUNNING  FOLLOWER s2@group-E7D5050F4609:t2, leader=s0, voted=s0, raftlog=s2@group-E7D5050F4609-SegmentedRaftLog:OPENED:c2,f2,i2, conf=1: [s3:0.0.0.0:40479, s4:0.0.0.0:43695, s0:0.0.0.0:44661, s1:0.0.0.0:36487, s2:0.0.0.0:42023], old=null RUNNING
2019-09-24 12:06:02,463 WARN  impl.LogAppender (LogAppender.java:sendAppendEntriesWithRetries(274)) - s0@group-E7D5050F4609->s3-LogAppender: Failed to appendEntries (retry=2521): org.apache.ratis.thirdparty.io.netty.channel.AbstractChannel$AnnotatedConnectException: Connection refused: /0.0.0.0:40479
2019-09-24 12:06:02,696 WARN  impl.LogAppender (LogAppender.java:sendAppendEntriesWithRetries(274)) - s0@group-E7D5050F4609->s3-LogAppender: Failed to appendEntries (retry=2531): org.apache.ratis.thirdparty.io.netty.channel.AbstractChannel$AnnotatedConnectException: Connection refused: /0.0.0.0:40479
2019-09-24 12:06:02,928 WARN  impl.LogAppender (LogAppender.java:sendAppendEntriesWithRetries(274)) - s0@group-E7D5050F4609->s3-LogAppender: Failed to appendEntries (retry=2541): org.apache.ratis.thirdparty.io.netty.channel.AbstractChannel$AnnotatedConnectException: Connection refused: /0.0.0.0:40479
2019-09-24 12:06:03,162 WARN  impl.LogAppender (LogAppender.java:sendAppendEntriesWithRetries(274)) - s0@group-E7D5050F4609->s3-LogAppender: Failed to appendEntries (retry=2551): org.apache.ratis.thirdparty.io.netty.channel.AbstractChannel$AnnotatedConnectException: Connection refused: /0.0.0.0:40479
2019-09-24 12:06:03,395 WARN  impl.LogAppender (LogAppender.java:sendAppendEntriesWithRetries(274)) - s0@group-E7D5050F4609->s3-LogAppender: Failed to appendEntries (retry=2561): org.apache.ratis.thirdparty.io.netty.channel.AbstractChannel$AnnotatedConnectException: Connection refused: /0.0.0.0:40479
2019-09-24 12:06:03,629 WARN  impl.LogAppender (LogAppender.java:sendAppendEntriesWithRetries(274)) - s0@group-E7D5050F4609->s3-LogAppender: Failed to appendEntries (retry=2571): org.apache.ratis.thirdparty.io.netty.channel.AbstractChannel$AnnotatedConnectException: Connection refused: /0.0.0.0:40479
2019-09-24 12:06:03,862 WARN  impl.LogAppender (LogAppender.java:sendAppendEntriesWithRetries(274)) - s0@group-E7D5050F4609->s3-LogAppender: Failed to appendEntries (retry=2581): org.apache.ratis.thirdparty.io.netty.channel.AbstractChannel$AnnotatedConnectException: Connection refused: /0.0.0.0:40479
2019-09-24 12:06:04,095 WARN  impl.LogAppender (LogAppender.java:sendAppendEntriesWithRetries(274)) - s0@group-E7D5050F4609->s3-LogAppender: Failed to appendEntries (retry=2591): org.apache.ratis.thirdparty.io.netty.channel.AbstractChannel$AnnotatedConnectException: Connection refused: /0.0.0.0:40479
2019-09-24 12:06:04,329 WARN  impl.LogAppender (LogAppender.java:sendAppendEntriesWithRetries(274)) - s0@group-E7D5050F4609->s3-LogAppender: Failed to appendEntries (retry=2601): org.apache.ratis.thirdparty.io.netty.channel.AbstractChannel$AnnotatedConnectException: Connection refused: /0.0.0.0:40479
2019-09-24 12:06:04,563 WARN  impl.LogAppender (LogAppender.java:sendAppendEntriesWithRetries(274)) - s0@group-E7D5050F4609->s3-LogAppender: Failed to appendEntries (retry=2611): org.apache.ratis.thirdparty.io.netty.channel.AbstractChannel$AnnotatedConnectException: Connection refused: /0.0.0.0:40479
2019-09-24 12:06:04,796 WARN  impl.LogAppender (LogAppender.java:sendAppendEntriesWithRetries(274)) - s0@group-E7D5050F4609->s3-LogAppender: Failed to appendEntries (retry=2621): org.apache.ratis.thirdparty.io.netty.channel.AbstractChannel$AnnotatedConnectException: Connection refused: /0.0.0.0:40479
2019-09-24 12:06:05,030 WARN  impl.LogAppender (LogAppender.java:sendAppendEntriesWithRetries(274)) - s0@group-E7D5050F4609->s3-LogAppender: Failed to appendEntries (retry=2631): org.apache.ratis.thirdparty.io.netty.channel.AbstractChannel$AnnotatedConnectException: Connection refused: /0.0.0.0:40479
2019-09-24 12:06:05,262 WARN  impl.LogAppender (LogAppender.java:sendAppendEntriesWithRetries(274)) - s0@group-E7D5050F4609->s3-LogAppender: Failed to appendEntries (retry=2641): org.apache.ratis.thirdparty.io.netty.channel.AbstractChannel$AnnotatedConnectException: Connection refused: /0.0.0.0:40479
2019-09-24 12:06:05,494 WARN  impl.LogAppender (LogAppender.java:sendAppendEntriesWithRetries(274)) - s0@group-E7D5050F4609->s3-LogAppender: Failed to appendEntries (retry=2651): org.apache.ratis.thirdparty.io.netty.channel.AbstractChannel$AnnotatedConnectException: Connection refused: /0.0.0.0:40479
2019-09-24 12:06:05,727 WARN  impl.LogAppender (LogAppender.java:sendAppendEntriesWithRetries(274)) - s0@group-E7D5050F4609->s3-LogAppender: Failed to appendEntries (retry=2661): org.apache.ratis.thirdparty.io.netty.channel.AbstractChannel$AnnotatedConnectException: Connection refused: /0.0.0.0:40479
2019-09-24 12:06:05,960 WARN  impl.LogAppender (LogAppender.java:sendAppendEntriesWithRetries(274)) - s0@group-E7D5050F4609->s3-LogAppender: Failed to appendEntries (retry=2671): org.apache.ratis.thirdparty.io.netty.channel.AbstractChannel$AnnotatedConnectException: Connection refused: /0.0.0.0:40479
2019-09-24 12:06:06,193 WARN  impl.LogAppender (LogAppender.java:sendAppendEntriesWithRetries(274)) - s0@group-E7D5050F4609->s3-LogAppender: Failed to appendEntries (retry=2681): org.apache.ratis.thirdparty.io.netty.channel.AbstractChannel$AnnotatedConnectException: Connection refused: /0.0.0.0:40479
2019-09-24 12:06:06,426 WARN  impl.LogAppender (LogAppender.java:sendAppendEntriesWithRetries(274)) - s0@group-E7D5050F4609->s3-LogAppender: Failed to appendEntries (retry=2691): org.apache.ratis.thirdparty.io.netty.channel.AbstractChannel$AnnotatedConnectException: Connection refused: /0.0.0.0:40479
2019-09-24 12:06:06,689 WARN  impl.LogAppender (LogAppender.java:sendAppendEntriesWithRetries(274)) - s0@group-E7D5050F4609->s3-LogAppender: Failed to appendEntries (retry=2701): org.apache.ratis.thirdparty.io.netty.channel.AbstractChannel$AnnotatedConnectException: Connection refused: /0.0.0.0:40479
2019-09-24 12:06:06,922 WARN  impl.LogAppender (LogAppender.java:sendAppendEntriesWithRetries(274)) - s0@group-E7D5050F4609->s3-LogAppender: Failed to appendEntries (retry=2711): org.apache.ratis.thirdparty.io.netty.channel.AbstractChannel$AnnotatedConnectException: Connection refused: /0.0.0.0:40479
2019-09-24 12:06:07,155 WARN  impl.LogAppender (LogAppender.java:sendAppendEntriesWithRetries(274)) - s0@group-E7D5050F4609->s3-LogAppender: Failed to appendEntries (retry=2721): org.apache.ratis.thirdparty.io.netty.channel.AbstractChannel$AnnotatedConnectException: Connection refused: /0.0.0.0:40479
2019-09-24 12:06:07,388 WARN  impl.LogAppender (LogAppender.java:sendAppendEntriesWithRetries(274)) - s0@group-E7D5050F4609->s3-LogAppender: Failed to appendEntries (retry=2731): org.apache.ratis.thirdparty.io.netty.channel.AbstractChannel$AnnotatedConnectException: Connection refused: /0.0.0.0:40479
2019-09-24 12:06:07,622 WARN  impl.LogAppender (LogAppender.java:sendAppendEntriesWithRetries(274)) - s0@group-E7D5050F4609->s3-LogAppender: Failed to appendEntries (retry=2741): org.apache.ratis.thirdparty.io.netty.channel.AbstractChannel$AnnotatedConnectException: Connection refused: /0.0.0.0:40479
2019-09-24 12:06:07,855 WARN  impl.LogAppender (LogAppender.java:sendAppendEntriesWithRetries(274)) - s0@group-E7D5050F4609->s3-LogAppender: Failed to appendEntries (retry=2751): org.apache.ratis.thirdparty.io.netty.channel.AbstractChannel$AnnotatedConnectException: Connection refused: /0.0.0.0:40479
2019-09-24 12:06:08,088 WARN  impl.LogAppender (LogAppender.java:sendAppendEntriesWithRetries(274)) - s0@group-E7D5050F4609->s3-LogAppender: Failed to appendEntries (retry=2761): org.apache.ratis.thirdparty.io.netty.channel.AbstractChannel$AnnotatedConnectException: Connection refused: /0.0.0.0:40479
2019-09-24 12:06:08,321 WARN  impl.LogAppender (LogAppender.java:sendAppendEntriesWithRetries(274)) - s0@group-E7D5050F4609->s3-LogAppender: Failed to appendEntries (retry=2771): org.apache.ratis.thirdparty.io.netty.channel.AbstractChannel$AnnotatedConnectException: Connection refused: /0.0.0.0:40479
2019-09-24 12:06:08,554 WARN  impl.LogAppender (LogAppender.java:sendAppendEntriesWithRetries(274)) - s0@group-E7D5050F4609->s3-LogAppender: Failed to appendEntries (retry=2781): org.apache.ratis.thirdparty.io.netty.channel.AbstractChannel$AnnotatedConnectException: Connection refused: /0.0.0.0:40479
2019-09-24 12:06:08,787 WARN  impl.LogAppender (LogAppender.java:sendAppendEntriesWithRetries(274)) - s0@group-E7D5050F4609->s3-LogAppender: Failed to appendEntries (retry=2791): org.apache.ratis.thirdparty.io.netty.channel.AbstractChannel$AnnotatedConnectException: Connection refused: /0.0.0.0:40479
2019-09-24 12:06:09,020 WARN  impl.LogAppender (LogAppender.java:sendAppendEntriesWithRetries(274)) - s0@group-E7D5050F4609->s3-LogAppender: Failed to appendEntries (retry=2801): org.apache.ratis.thirdparty.io.netty.channel.AbstractChannel$AnnotatedConnectException: Connection refused: /0.0.0.0:40479
2019-09-24 12:06:09,253 WARN  impl.LogAppender (LogAppender.java:sendAppendEntriesWithRetries(274)) - s0@group-E7D5050F4609->s3-LogAppender: Failed to appendEntries (retry=2811): org.apache.ratis.thirdparty.io.netty.channel.AbstractChannel$AnnotatedConnectException: Connection refused: /0.0.0.0:40479
2019-09-24 12:06:09,486 WARN  impl.LogAppender (LogAppender.java:sendAppendEntriesWithRetries(274)) - s0@group-E7D5050F4609->s3-LogAppender: Failed to appendEntries (retry=2821): org.apache.ratis.thirdparty.io.netty.channel.AbstractChannel$AnnotatedConnectException: Connection refused: /0.0.0.0:40479
2019-09-24 12:06:09,719 WARN  impl.LogAppender (LogAppender.java:sendAppendEntriesWithRetries(274)) - s0@group-E7D5050F4609->s3-LogAppender: Failed to appendEntries (retry=2831): org.apache.ratis.thirdparty.io.netty.channel.AbstractChannel$AnnotatedConnectException: Connection refused: /0.0.0.0:40479
2019-09-24 12:06:09,953 WARN  impl.LogAppender (LogAppender.java:sendAppendEntriesWithRetries(274)) - s0@group-E7D5050F4609->s3-LogAppender: Failed to appendEntries (retry=2841): org.apache.ratis.thirdparty.io.netty.channel.AbstractChannel$AnnotatedConnectException: Connection refused: /0.0.0.0:40479
2019-09-24 12:06:10,186 WARN  impl.LogAppender (LogAppender.java:sendAppendEntriesWithRetries(274)) - s0@group-E7D5050F4609->s3-LogAppender: Failed to appendEntries (retry=2851): org.apache.ratis.thirdparty.io.netty.channel.AbstractChannel$AnnotatedConnectException: Connection refused: /0.0.0.0:40479
2019-09-24 12:06:10,419 WARN  impl.LogAppender (LogAppender.java:sendAppendEntriesWithRetries(274)) - s0@group-E7D5050F4609->s3-LogAppender: Failed to appendEntries (retry=2861): org.apache.ratis.thirdparty.io.netty.channel.AbstractChannel$AnnotatedConnectException: Connection refused: /0.0.0.0:40479
2019-09-24 12:06:10,652 WARN  impl.LogAppender (LogAppender.java:sendAppendEntriesWithRetries(274)) - s0@group-E7D5050F4609->s3-LogAppender: Failed to appendEntries (retry=2871): org.apache.ratis.thirdparty.io.netty.channel.AbstractChannel$AnnotatedConnectException: Connection refused: /0.0.0.0:40479
2019-09-24 12:06:10,885 WARN  impl.LogAppender (LogAppender.java:sendAppendEntriesWithRetries(274)) - s0@group-E7D5050F4609->s3-LogAppender: Failed to appendEntries (retry=2881): org.apache.ratis.thirdparty.io.netty.channel.AbstractChannel$AnnotatedConnectException: Connection refused: /0.0.0.0:40479
2019-09-24 12:06:11,119 WARN  impl.LogAppender (LogAppender.java:sendAppendEntriesWithRetries(274)) - s0@group-E7D5050F4609->s3-LogAppender: Failed to appendEntries (retry=2891): org.apache.ratis.thirdparty.io.netty.channel.AbstractChannel$AnnotatedConnectException: Connection refused: /0.0.0.0:40479
2019-09-24 12:06:11,352 WARN  impl.LogAppender (LogAppender.java:sendAppendEntriesWithRetries(274)) - s0@group-E7D5050F4609->s3-LogAppender: Failed to appendEntries (retry=2901): org.apache.ratis.thirdparty.io.netty.channel.AbstractChannel$AnnotatedConnectException: Connection refused: /0.0.0.0:40479
2019-09-24 12:06:11,585 WARN  impl.LogAppender (LogAppender.java:sendAppendEntriesWithRetries(274)) - s0@group-E7D5050F4609->s3-LogAppender: Failed to appendEntries (retry=2911): org.apache.ratis.thirdparty.io.netty.channel.AbstractChannel$AnnotatedConnectException: Connection refused: /0.0.0.0:40479
2019-09-24 12:06:11,818 WARN  impl.LogAppender (LogAppender.java:sendAppendEntriesWithRetries(274)) - s0@group-E7D5050F4609->s3-LogAppender: Failed to appendEntries (retry=2921): org.apache.ratis.thirdparty.io.netty.channel.AbstractChannel$AnnotatedConnectException: Connection refused: /0.0.0.0:40479
2019-09-24 12:06:12,052 WARN  impl.LogAppender (LogAppender.java:sendAppendEntriesWithRetries(274)) - s0@group-E7D5050F4609->s3-LogAppender: Failed to appendEntries (retry=2931): org.apache.ratis.thirdparty.io.netty.channel.AbstractChannel$AnnotatedConnectException: Connection refused: /0.0.0.0:40479
2019-09-24 12:06:12,285 WARN  impl.LogAppender (LogAppender.java:sendAppendEntriesWithRetries(274)) - s0@group-E7D5050F4609->s3-LogAppender: Failed to appendEntries (retry=2941): org.apache.ratis.thirdparty.io.netty.channel.AbstractChannel$AnnotatedConnectException: Connection refused: /0.0.0.0:40479
2019-09-24 12:06:12,392 INFO  ratis.MiniRaftCluster (MiniRaftCluster.java:lambda$null$5(297)) - TIMED-PRINT: printing ALL groups
  s3:  CLOSING    LEADER s3@group-E7D5050F4609:t1, leader=s3, voted=s3, raftlog=s3@group-E7D5050F4609-SegmentedRaftLog:CLOSED:c-1, conf=0: [s3:0.0.0.0:40479, s4:0.0.0.0:43695, s0:0.0.0.0:44661, s1:0.0.0.0:36487, s2:0.0.0.0:42023], old=null CLOSED
  s4:  RUNNING  FOLLOWER s4@group-E7D5050F4609:t2, leader=s0, voted=s4, raftlog=s4@group-E7D5050F4609-SegmentedRaftLog:OPENED:c2,f2,i2, conf=1: [s3:0.0.0.0:40479, s4:0.0.0.0:43695, s0:0.0.0.0:44661, s1:0.0.0.0:36487, s2:0.0.0.0:42023], old=null RUNNING
  s0:  RUNNING    LEADER s0@group-E7D5050F4609:t2, leader=s0, voted=s0, raftlog=s0@group-E7D5050F4609-SegmentedRaftLog:OPENED:c2,f2,i2, conf=1: [s3:0.0.0.0:40479, s4:0.0.0.0:43695, s0:0.0.0.0:44661, s1:0.0.0.0:36487, s2:0.0.0.0:42023], old=null RUNNING
  s1:  RUNNING  FOLLOWER s1@group-E7D5050F4609:t2, leader=s0, voted=s0, raftlog=s1@group-E7D5050F4609-SegmentedRaftLog:OPENED:c2,f2,i2, conf=1: [s3:0.0.0.0:40479, s4:0.0.0.0:43695, s0:0.0.0.0:44661, s1:0.0.0.0:36487, s2:0.0.0.0:42023], old=null RUNNING
  s2:  RUNNING  FOLLOWER s2@group-E7D5050F4609:t2, leader=s0, voted=s0, raftlog=s2@group-E7D5050F4609-SegmentedRaftLog:OPENED:c2,f2,i2, conf=1: [s3:0.0.0.0:40479, s4:0.0.0.0:43695, s0:0.0.0.0:44661, s1:0.0.0.0:36487, s2:0.0.0.0:42023], old=null RUNNING
2019-09-24 12:06:12,519 WARN  impl.LogAppender (LogAppender.java:sendAppendEntriesWithRetries(274)) - s0@group-E7D5050F4609->s3-LogAppender: Failed to appendEntries (retry=2951): org.apache.ratis.thirdparty.io.netty.channel.AbstractChannel$AnnotatedConnectException: Connection refused: /0.0.0.0:40479
2019-09-24 12:06:12,752 WARN  impl.LogAppender (LogAppender.java:sendAppendEntriesWithRetries(274)) - s0@group-E7D5050F4609->s3-LogAppender: Failed to appendEntries (retry=2961): org.apache.ratis.thirdparty.io.netty.channel.AbstractChannel$AnnotatedConnectException: Connection refused: /0.0.0.0:40479
2019-09-24 12:06:12,985 WARN  impl.LogAppender (LogAppender.java:sendAppendEntriesWithRetries(274)) - s0@group-E7D5050F4609->s3-LogAppender: Failed to appendEntries (retry=2971): org.apache.ratis.thirdparty.io.netty.channel.AbstractChannel$AnnotatedConnectException: Connection refused: /0.0.0.0:40479
2019-09-24 12:06:13,218 WARN  impl.LogAppender (LogAppender.java:sendAppendEntriesWithRetries(274)) - s0@group-E7D5050F4609->s3-LogAppender: Failed to appendEntries (retry=2981): org.apache.ratis.thirdparty.io.netty.channel.AbstractChannel$AnnotatedConnectException: Connection refused: /0.0.0.0:40479
2019-09-24 12:06:13,451 WARN  impl.LogAppender (LogAppender.java:sendAppendEntriesWithRetries(274)) - s0@group-E7D5050F4609->s3-LogAppender: Failed to appendEntries (retry=2991): org.apache.ratis.thirdparty.io.netty.channel.AbstractChannel$AnnotatedConnectException: Connection refused: /0.0.0.0:40479
2019-09-24 12:06:13,684 WARN  impl.LogAppender (LogAppender.java:sendAppendEntriesWithRetries(274)) - s0@group-E7D5050F4609->s3-LogAppender: Failed to appendEntries (retry=3001): org.apache.ratis.thirdparty.io.netty.channel.AbstractChannel$AnnotatedConnectException: Connection refused: /0.0.0.0:40479
2019-09-24 12:06:13,918 WARN  impl.LogAppender (LogAppender.java:sendAppendEntriesWithRetries(274)) - s0@group-E7D5050F4609->s3-LogAppender: Failed to appendEntries (retry=3011): org.apache.ratis.thirdparty.io.netty.channel.AbstractChannel$AnnotatedConnectException: Connection refused: /0.0.0.0:40479
2019-09-24 12:06:14,150 WARN  impl.LogAppender (LogAppender.java:sendAppendEntriesWithRetries(274)) - s0@group-E7D5050F4609->s3-LogAppender: Failed to appendEntries (retry=3021): org.apache.ratis.thirdparty.io.netty.channel.AbstractChannel$AnnotatedConnectException: Connection refused: /0.0.0.0:40479
2019-09-24 12:06:14,384 WARN  impl.LogAppender (LogAppender.java:sendAppendEntriesWithRetries(274)) - s0@group-E7D5050F4609->s3-LogAppender: Failed to appendEntries (retry=3031): org.apache.ratis.thirdparty.io.netty.channel.AbstractChannel$AnnotatedConnectException: Connection refused: /0.0.0.0:40479
2019-09-24 12:06:14,616 WARN  impl.LogAppender (LogAppender.java:sendAppendEntriesWithRetries(274)) - s0@group-E7D5050F4609->s3-LogAppender: Failed to appendEntries (retry=3041): org.apache.ratis.thirdparty.io.netty.channel.AbstractChannel$AnnotatedConnectException: Connection refused: /0.0.0.0:40479
2019-09-24 12:06:14,849 WARN  impl.LogAppender (LogAppender.java:sendAppendEntriesWithRetries(274)) - s0@group-E7D5050F4609->s3-LogAppender: Failed to appendEntries (retry=3051): org.apache.ratis.thirdparty.io.netty.channel.AbstractChannel$AnnotatedConnectException: Connection refused: /0.0.0.0:40479
2019-09-24 12:06:15,082 WARN  impl.LogAppender (LogAppender.java:sendAppendEntriesWithRetries(274)) - s0@group-E7D5050F4609->s3-LogAppender: Failed to appendEntries (retry=3061): org.apache.ratis.thirdparty.io.netty.channel.AbstractChannel$AnnotatedConnectException: Connection refused: /0.0.0.0:40479
2019-09-24 12:06:15,315 WARN  impl.LogAppender (LogAppender.java:sendAppendEntriesWithRetries(274)) - s0@group-E7D5050F4609->s3-LogAppender: Failed to appendEntries (retry=3071): org.apache.ratis.thirdparty.io.netty.channel.AbstractChannel$AnnotatedConnectException: Connection refused: /0.0.0.0:40479
2019-09-24 12:06:15,548 WARN  impl.LogAppender (LogAppender.java:sendAppendEntriesWithRetries(274)) - s0@group-E7D5050F4609->s3-LogAppender: Failed to appendEntries (retry=3081): org.apache.ratis.thirdparty.io.netty.channel.AbstractChannel$AnnotatedConnectException: Connection refused: /0.0.0.0:40479
2019-09-24 12:06:15,781 WARN  impl.LogAppender (LogAppender.java:sendAppendEntriesWithRetries(274)) - s0@group-E7D5050F4609->s3-LogAppender: Failed to appendEntries (retry=3091): org.apache.ratis.thirdparty.io.netty.channel.AbstractChannel$AnnotatedConnectException: Connection refused: /0.0.0.0:40479
2019-09-24 12:06:16,014 WARN  impl.LogAppender (LogAppender.java:sendAppendEntriesWithRetries(274)) - s0@group-E7D5050F4609->s3-LogAppender: Failed to appendEntries (retry=3101): org.apache.ratis.thirdparty.io.netty.channel.AbstractChannel$AnnotatedConnectException: Connection refused: /0.0.0.0:40479
2019-09-24 12:06:16,247 WARN  impl.LogAppender (LogAppender.java:sendAppendEntriesWithRetries(274)) - s0@group-E7D5050F4609->s3-LogAppender: Failed to appendEntries (retry=3111): org.apache.ratis.thirdparty.io.netty.channel.AbstractChannel$AnnotatedConnectException: Connection refused: /0.0.0.0:40479
2019-09-24 12:06:16,480 WARN  impl.LogAppender (LogAppender.java:sendAppendEntriesWithRetries(274)) - s0@group-E7D5050F4609->s3-LogAppender: Failed to appendEntries (retry=3121): org.apache.ratis.thirdparty.io.netty.channel.AbstractChannel$AnnotatedConnectException: Connection refused: /0.0.0.0:40479
2019-09-24 12:06:16,713 WARN  impl.LogAppender (LogAppender.java:sendAppendEntriesWithRetries(274)) - s0@group-E7D5050F4609->s3-LogAppender: Failed to appendEntries (retry=3131): org.apache.ratis.thirdparty.io.netty.channel.AbstractChannel$AnnotatedConnectException: Connection refused: /0.0.0.0:40479
2019-09-24 12:06:16,946 WARN  impl.LogAppender (LogAppender.java:sendAppendEntriesWithRetries(274)) - s0@group-E7D5050F4609->s3-LogAppender: Failed to appendEntries (retry=3141): org.apache.ratis.thirdparty.io.netty.channel.AbstractChannel$AnnotatedConnectException: Connection refused: /0.0.0.0:40479
2019-09-24 12:06:17,179 WARN  impl.LogAppender (LogAppender.java:sendAppendEntriesWithRetries(274)) - s0@group-E7D5050F4609->s3-LogAppender: Failed to appendEntries (retry=3151): org.apache.ratis.thirdparty.io.netty.channel.AbstractChannel$AnnotatedConnectException: Connection refused: /0.0.0.0:40479
2019-09-24 12:06:17,413 WARN  impl.LogAppender (LogAppender.java:sendAppendEntriesWithRetries(274)) - s0@group-E7D5050F4609->s3-LogAppender: Failed to appendEntries (retry=3161): org.apache.ratis.thirdparty.io.netty.channel.AbstractChannel$AnnotatedConnectException: Connection refused: /0.0.0.0:40479
2019-09-24 12:06:17,646 WARN  impl.LogAppender (LogAppender.java:sendAppendEntriesWithRetries(274)) - s0@group-E7D5050F4609->s3-LogAppender: Failed to appendEntries (retry=3171): org.apache.ratis.thirdparty.io.netty.channel.AbstractChannel$AnnotatedConnectException: Connection refused: /0.0.0.0:40479
2019-09-24 12:06:17,879 WARN  impl.LogAppender (LogAppender.java:sendAppendEntriesWithRetries(274)) - s0@group-E7D5050F4609->s3-LogAppender: Failed to appendEntries (retry=3181): org.apache.ratis.thirdparty.io.netty.channel.AbstractChannel$AnnotatedConnectException: Connection refused: /0.0.0.0:40479
2019-09-24 12:06:18,112 WARN  impl.LogAppender (LogAppender.java:sendAppendEntriesWithRetries(274)) - s0@group-E7D5050F4609->s3-LogAppender: Failed to appendEntries (retry=3191): org.apache.ratis.thirdparty.io.netty.channel.AbstractChannel$AnnotatedConnectException: Connection refused: /0.0.0.0:40479
2019-09-24 12:06:18,345 WARN  impl.LogAppender (LogAppender.java:sendAppendEntriesWithRetries(274)) - s0@group-E7D5050F4609->s3-LogAppender: Failed to appendEntries (retry=3201): org.apache.ratis.thirdparty.io.netty.channel.AbstractChannel$AnnotatedConnectException: Connection refused: /0.0.0.0:40479
2019-09-24 12:06:18,577 WARN  impl.LogAppender (LogAppender.java:sendAppendEntriesWithRetries(274)) - s0@group-E7D5050F4609->s3-LogAppender: Failed to appendEntries (retry=3211): org.apache.ratis.thirdparty.io.netty.channel.AbstractChannel$AnnotatedConnectException: Connection refused: /0.0.0.0:40479
2019-09-24 12:06:18,810 WARN  impl.LogAppender (LogAppender.java:sendAppendEntriesWithRetries(274)) - s0@group-E7D5050F4609->s3-LogAppender: Failed to appendEntries (retry=3221): org.apache.ratis.thirdparty.io.netty.channel.AbstractChannel$AnnotatedConnectException: Connection refused: /0.0.0.0:40479
2019-09-24 12:06:19,043 WARN  impl.LogAppender (LogAppender.java:sendAppendEntriesWithRetries(274)) - s0@group-E7D5050F4609->s3-LogAppender: Failed to appendEntries (retry=3231): org.apache.ratis.thirdparty.io.netty.channel.AbstractChannel$AnnotatedConnectException: Connection refused: /0.0.0.0:40479
2019-09-24 12:06:19,277 WARN  impl.LogAppender (LogAppender.java:sendAppendEntriesWithRetries(274)) - s0@group-E7D5050F4609->s3-LogAppender: Failed to appendEntries (retry=3241): org.apache.ratis.thirdparty.io.netty.channel.AbstractChannel$AnnotatedConnectException: Connection refused: /0.0.0.0:40479
2019-09-24 12:06:19,510 WARN  impl.LogAppender (LogAppender.java:sendAppendEntriesWithRetries(274)) - s0@group-E7D5050F4609->s3-LogAppender: Failed to appendEntries (retry=3251): org.apache.ratis.thirdparty.io.netty.channel.AbstractChannel$AnnotatedConnectException: Connection refused: /0.0.0.0:40479
2019-09-24 12:06:19,742 WARN  impl.LogAppender (LogAppender.java:sendAppendEntriesWithRetries(274)) - s0@group-E7D5050F4609->s3-LogAppender: Failed to appendEntries (retry=3261): org.apache.ratis.thirdparty.io.netty.channel.AbstractChannel$AnnotatedConnectException: Connection refused: /0.0.0.0:40479
2019-09-24 12:06:19,976 WARN  impl.LogAppender (LogAppender.java:sendAppendEntriesWithRetries(274)) - s0@group-E7D5050F4609->s3-LogAppender: Failed to appendEntries (retry=3271): org.apache.ratis.thirdparty.io.netty.channel.AbstractChannel$AnnotatedConnectException: Connection refused: /0.0.0.0:40479
2019-09-24 12:06:20,209 WARN  impl.LogAppender (LogAppender.java:sendAppendEntriesWithRetries(274)) - s0@group-E7D5050F4609->s3-LogAppender: Failed to appendEntries (retry=3281): org.apache.ratis.thirdparty.io.netty.channel.AbstractChannel$AnnotatedConnectException: Connection refused: /0.0.0.0:40479
2019-09-24 12:06:20,442 WARN  impl.LogAppender (LogAppender.java:sendAppendEntriesWithRetries(274)) - s0@group-E7D5050F4609->s3-LogAppender: Failed to appendEntries (retry=3291): org.apache.ratis.thirdparty.io.netty.channel.AbstractChannel$AnnotatedConnectException: Connection refused: /0.0.0.0:40479
2019-09-24 12:06:20,675 WARN  impl.LogAppender (LogAppender.java:sendAppendEntriesWithRetries(274)) - s0@group-E7D5050F4609->s3-LogAppender: Failed to appendEntries (retry=3301): org.apache.ratis.thirdparty.io.netty.channel.AbstractChannel$AnnotatedConnectException: Connection refused: /0.0.0.0:40479
2019-09-24 12:06:20,907 WARN  impl.LogAppender (LogAppender.java:sendAppendEntriesWithRetries(274)) - s0@group-E7D5050F4609->s3-LogAppender: Failed to appendEntries (retry=3311): org.apache.ratis.thirdparty.io.netty.channel.AbstractChannel$AnnotatedConnectException: Connection refused: /0.0.0.0:40479
2019-09-24 12:06:21,140 WARN  impl.LogAppender (LogAppender.java:sendAppendEntriesWithRetries(274)) - s0@group-E7D5050F4609->s3-LogAppender: Failed to appendEntries (retry=3321): org.apache.ratis.thirdparty.io.netty.channel.AbstractChannel$AnnotatedConnectException: Connection refused: /0.0.0.0:40479
2019-09-24 12:06:21,373 WARN  impl.LogAppender (LogAppender.java:sendAppendEntriesWithRetries(274)) - s0@group-E7D5050F4609->s3-LogAppender: Failed to appendEntries (retry=3331): org.apache.ratis.thirdparty.io.netty.channel.AbstractChannel$AnnotatedConnectException: Connection refused: /0.0.0.0:40479
2019-09-24 12:06:21,606 WARN  impl.LogAppender (LogAppender.java:sendAppendEntriesWithRetries(274)) - s0@group-E7D5050F4609->s3-LogAppender: Failed to appendEntries (retry=3341): org.apache.ratis.thirdparty.io.netty.channel.AbstractChannel$AnnotatedConnectException: Connection refused: /0.0.0.0:40479
2019-09-24 12:06:21,839 WARN  impl.LogAppender (LogAppender.java:sendAppendEntriesWithRetries(274)) - s0@group-E7D5050F4609->s3-LogAppender: Failed to appendEntries (retry=3351): org.apache.ratis.thirdparty.io.netty.channel.AbstractChannel$AnnotatedConnectException: Connection refused: /0.0.0.0:40479
2019-09-24 12:06:22,071 WARN  impl.LogAppender (LogAppender.java:sendAppendEntriesWithRetries(274)) - s0@group-E7D5050F4609->s3-LogAppender: Failed to appendEntries (retry=3361): org.apache.ratis.thirdparty.io.netty.channel.AbstractChannel$AnnotatedConnectException: Connection refused: /0.0.0.0:40479
2019-09-24 12:06:22,304 WARN  impl.LogAppender (LogAppender.java:sendAppendEntriesWithRetries(274)) - s0@group-E7D5050F4609->s3-LogAppender: Failed to appendEntries (retry=3371): org.apache.ratis.thirdparty.io.netty.channel.AbstractChannel$AnnotatedConnectException: Connection refused: /0.0.0.0:40479
2019-09-24 12:06:22,392 INFO  ratis.MiniRaftCluster (MiniRaftCluster.java:lambda$null$5(297)) - TIMED-PRINT: printing ALL groups
  s3:  CLOSING    LEADER s3@group-E7D5050F4609:t1, leader=s3, voted=s3, raftlog=s3@group-E7D5050F4609-SegmentedRaftLog:CLOSED:c-1, conf=0: [s3:0.0.0.0:40479, s4:0.0.0.0:43695, s0:0.0.0.0:44661, s1:0.0.0.0:36487, s2:0.0.0.0:42023], old=null CLOSED
  s4:  RUNNING  FOLLOWER s4@group-E7D5050F4609:t2, leader=s0, voted=s4, raftlog=s4@group-E7D5050F4609-SegmentedRaftLog:OPENED:c2,f2,i2, conf=1: [s3:0.0.0.0:40479, s4:0.0.0.0:43695, s0:0.0.0.0:44661, s1:0.0.0.0:36487, s2:0.0.0.0:42023], old=null RUNNING
  s0:  RUNNING    LEADER s0@group-E7D5050F4609:t2, leader=s0, voted=s0, raftlog=s0@group-E7D5050F4609-SegmentedRaftLog:OPENED:c2,f2,i2, conf=1: [s3:0.0.0.0:40479, s4:0.0.0.0:43695, s0:0.0.0.0:44661, s1:0.0.0.0:36487, s2:0.0.0.0:42023], old=null RUNNING
  s1:  RUNNING  FOLLOWER s1@group-E7D5050F4609:t2, leader=s0, voted=s0, raftlog=s1@group-E7D5050F4609-SegmentedRaftLog:OPENED:c2,f2,i2, conf=1: [s3:0.0.0.0:40479, s4:0.0.0.0:43695, s0:0.0.0.0:44661, s1:0.0.0.0:36487, s2:0.0.0.0:42023], old=null RUNNING
  s2:  RUNNING  FOLLOWER s2@group-E7D5050F4609:t2, leader=s0, voted=s0, raftlog=s2@group-E7D5050F4609-SegmentedRaftLog:OPENED:c2,f2,i2, conf=1: [s3:0.0.0.0:40479, s4:0.0.0.0:43695, s0:0.0.0.0:44661, s1:0.0.0.0:36487, s2:0.0.0.0:42023], old=null RUNNING
2019-09-24 12:06:22,537 WARN  impl.LogAppender (LogAppender.java:sendAppendEntriesWithRetries(274)) - s0@group-E7D5050F4609->s3-LogAppender: Failed to appendEntries (retry=3381): org.apache.ratis.thirdparty.io.netty.channel.AbstractChannel$AnnotatedConnectException: Connection refused: /0.0.0.0:40479
2019-09-24 12:06:22,770 WARN  impl.LogAppender (LogAppender.java:sendAppendEntriesWithRetries(274)) - s0@group-E7D5050F4609->s3-LogAppender: Failed to appendEntries (retry=3391): org.apache.ratis.thirdparty.io.netty.channel.AbstractChannel$AnnotatedConnectException: Connection refused: /0.0.0.0:40479
2019-09-24 12:06:23,003 WARN  impl.LogAppender (LogAppender.java:sendAppendEntriesWithRetries(274)) - s0@group-E7D5050F4609->s3-LogAppender: Failed to appendEntries (retry=3401): org.apache.ratis.thirdparty.io.netty.channel.AbstractChannel$AnnotatedConnectException: Connection refused: /0.0.0.0:40479
2019-09-24 12:06:23,236 WARN  impl.LogAppender (LogAppender.java:sendAppendEntriesWithRetries(274)) - s0@group-E7D5050F4609->s3-LogAppender: Failed to appendEntries (retry=3411): org.apache.ratis.thirdparty.io.netty.channel.AbstractChannel$AnnotatedConnectException: Connection refused: /0.0.0.0:40479
2019-09-24 12:06:23,469 WARN  impl.LogAppender (LogAppender.java:sendAppendEntriesWithRetries(274)) - s0@group-E7D5050F4609->s3-LogAppender: Failed to appendEntries (retry=3421): org.apache.ratis.thirdparty.io.netty.channel.AbstractChannel$AnnotatedConnectException: Connection refused: /0.0.0.0:40479
2019-09-24 12:06:23,702 WARN  impl.LogAppender (LogAppender.java:sendAppendEntriesWithRetries(274)) - s0@group-E7D5050F4609->s3-LogAppender: Failed to appendEntries (retry=3431): org.apache.ratis.thirdparty.io.netty.channel.AbstractChannel$AnnotatedConnectException: Connection refused: /0.0.0.0:40479
2019-09-24 12:06:23,935 WARN  impl.LogAppender (LogAppender.java:sendAppendEntriesWithRetries(274)) - s0@group-E7D5050F4609->s3-LogAppender: Failed to appendEntries (retry=3441): org.apache.ratis.thirdparty.io.netty.channel.AbstractChannel$AnnotatedConnectException: Connection refused: /0.0.0.0:40479
2019-09-24 12:06:24,169 WARN  impl.LogAppender (LogAppender.java:sendAppendEntriesWithRetries(274)) - s0@group-E7D5050F4609->s3-LogAppender: Failed to appendEntries (retry=3451): org.apache.ratis.thirdparty.io.netty.channel.AbstractChannel$AnnotatedConnectException: Connection refused: /0.0.0.0:40479
2019-09-24 12:06:24,402 WARN  impl.LogAppender (LogAppender.java:sendAppendEntriesWithRetries(274)) - s0@group-E7D5050F4609->s3-LogAppender: Failed to appendEntries (retry=3461): org.apache.ratis.thirdparty.io.netty.channel.AbstractChannel$AnnotatedConnectException: Connection refused: /0.0.0.0:40479
2019-09-24 12:06:24,635 WARN  impl.LogAppender (LogAppender.java:sendAppendEntriesWithRetries(274)) - s0@group-E7D5050F4609->s3-LogAppender: Failed to appendEntries (retry=3471): org.apache.ratis.thirdparty.io.netty.channel.AbstractChannel$AnnotatedConnectException: Connection refused: /0.0.0.0:40479
2019-09-24 12:06:24,867 WARN  impl.LogAppender (LogAppender.java:sendAppendEntriesWithRetries(274)) - s0@group-E7D5050F4609->s3-LogAppender: Failed to appendEntries (retry=3481): org.apache.ratis.thirdparty.io.netty.channel.AbstractChannel$AnnotatedConnectException: Connection refused: /0.0.0.0:40479
2019-09-24 12:06:25,099 WARN  impl.LogAppender (LogAppender.java:sendAppendEntriesWithRetries(274)) - s0@group-E7D5050F4609->s3-LogAppender: Failed to appendEntries (retry=3491): org.apache.ratis.thirdparty.io.netty.channel.AbstractChannel$AnnotatedConnectException: Connection refused: /0.0.0.0:40479
2019-09-24 12:06:25,332 WARN  impl.LogAppender (LogAppender.java:sendAppendEntriesWithRetries(274)) - s0@group-E7D5050F4609->s3-LogAppender: Failed to appendEntries (retry=3501): org.apache.ratis.thirdparty.io.netty.channel.AbstractChannel$AnnotatedConnectException: Connection refused: /0.0.0.0:40479
2019-09-24 12:06:25,565 WARN  impl.LogAppender (LogAppender.java:sendAppendEntriesWithRetries(274)) - s0@group-E7D5050F4609->s3-LogAppender: Failed to appendEntries (retry=3511): org.apache.ratis.thirdparty.io.netty.channel.AbstractChannel$AnnotatedConnectException: Connection refused: /0.0.0.0:40479
2019-09-24 12:06:25,798 WARN  impl.LogAppender (LogAppender.java:sendAppendEntriesWithRetries(274)) - s0@group-E7D5050F4609->s3-LogAppender: Failed to appendEntries (retry=3521): org.apache.ratis.thirdparty.io.netty.channel.AbstractChannel$AnnotatedConnectException: Connection refused: /0.0.0.0:40479
2019-09-24 12:06:26,032 WARN  impl.LogAppender (LogAppender.java:sendAppendEntriesWithRetries(274)) - s0@group-E7D5050F4609->s3-LogAppender: Failed to appendEntries (retry=3531): org.apache.ratis.thirdparty.io.netty.channel.AbstractChannel$AnnotatedConnectException: Connection refused: /0.0.0.0:40479
2019-09-24 12:06:26,264 WARN  impl.LogAppender (LogAppender.java:sendAppendEntriesWithRetries(274)) - s0@group-E7D5050F4609->s3-LogAppender: Failed to appendEntries (retry=3541): org.apache.ratis.thirdparty.io.netty.channel.AbstractChannel$AnnotatedConnectException: Connection refused: /0.0.0.0:40479
2019-09-24 12:06:26,497 WARN  impl.LogAppender (LogAppender.java:sendAppendEntriesWithRetries(274)) - s0@group-E7D5050F4609->s3-LogAppender: Failed to appendEntries (retry=3551): org.apache.ratis.thirdparty.io.netty.channel.AbstractChannel$AnnotatedConnectException: Connection refused: /0.0.0.0:40479
2019-09-24 12:06:26,730 WARN  impl.LogAppender (LogAppender.java:sendAppendEntriesWithRetries(274)) - s0@group-E7D5050F4609->s3-LogAppender: Failed to appendEntries (retry=3561): org.apache.ratis.thirdparty.io.netty.channel.AbstractChannel$AnnotatedConnectException: Connection refused: /0.0.0.0:40479
2019-09-24 12:06:26,963 WARN  impl.LogAppender (LogAppender.java:sendAppendEntriesWithRetries(274)) - s0@group-E7D5050F4609->s3-LogAppender: Failed to appendEntries (retry=3571): org.apache.ratis.thirdparty.io.netty.channel.AbstractChannel$AnnotatedConnectException: Connection refused: /0.0.0.0:40479
2019-09-24 12:06:27,196 WARN  impl.LogAppender (LogAppender.java:sendAppendEntriesWithRetries(274)) - s0@group-E7D5050F4609->s3-LogAppender: Failed to appendEntries (retry=3581): org.apache.ratis.thirdparty.io.netty.channel.AbstractChannel$AnnotatedConnectException: Connection refused: /0.0.0.0:40479
2019-09-24 12:06:27,429 WARN  impl.LogAppender (LogAppender.java:sendAppendEntriesWithRetries(274)) - s0@group-E7D5050F4609->s3-LogAppender: Failed to appendEntries (retry=3591): org.apache.ratis.thirdparty.io.netty.channel.AbstractChannel$AnnotatedConnectException: Connection refused: /0.0.0.0:40479
2019-09-24 12:06:27,662 WARN  impl.LogAppender (LogAppender.java:sendAppendEntriesWithRetries(274)) - s0@group-E7D5050F4609->s3-LogAppender: Failed to appendEntries (retry=3601): org.apache.ratis.thirdparty.io.netty.channel.AbstractChannel$AnnotatedConnectException: Connection refused: /0.0.0.0:40479
2019-09-24 12:06:27,894 WARN  impl.LogAppender (LogAppender.java:sendAppendEntriesWithRetries(274)) - s0@group-E7D5050F4609->s3-LogAppender: Failed to appendEntries (retry=3611): org.apache.ratis.thirdparty.io.netty.channel.AbstractChannel$AnnotatedConnectException: Connection refused: /0.0.0.0:40479
2019-09-24 12:06:28,127 WARN  impl.LogAppender (LogAppender.java:sendAppendEntriesWithRetries(274)) - s0@group-E7D5050F4609->s3-LogAppender: Failed to appendEntries (retry=3621): org.apache.ratis.thirdparty.io.netty.channel.AbstractChannel$AnnotatedConnectException: Connection refused: /0.0.0.0:40479
2019-09-24 12:06:28,360 WARN  impl.LogAppender (LogAppender.java:sendAppendEntriesWithRetries(274)) - s0@group-E7D5050F4609->s3-LogAppender: Failed to appendEntries (retry=3631): org.apache.ratis.thirdparty.io.netty.channel.AbstractChannel$AnnotatedConnectException: Connection refused: /0.0.0.0:40479
2019-09-24 12:06:28,592 WARN  impl.LogAppender (LogAppender.java:sendAppendEntriesWithRetries(274)) - s0@group-E7D5050F4609->s3-LogAppender: Failed to appendEntries (retry=3641): org.apache.ratis.thirdparty.io.netty.channel.AbstractChannel$AnnotatedConnectException: Connection refused: /0.0.0.0:40479
2019-09-24 12:06:28,823 WARN  impl.LogAppender (LogAppender.java:sendAppendEntriesWithRetries(274)) - s0@group-E7D5050F4609->s3-LogAppender: Failed to appendEntries (retry=3651): org.apache.ratis.thirdparty.io.netty.channel.AbstractChannel$AnnotatedConnectException: Connection refused: /0.0.0.0:40479
2019-09-24 12:06:29,058 WARN  impl.LogAppender (LogAppender.java:sendAppendEntriesWithRetries(274)) - s0@group-E7D5050F4609->s3-LogAppender: Failed to appendEntries (retry=3661): org.apache.ratis.thirdparty.io.netty.channel.AbstractChannel$AnnotatedConnectException: Connection refused: /0.0.0.0:40479
2019-09-24 12:06:29,291 WARN  impl.LogAppender (LogAppender.java:sendAppendEntriesWithRetries(274)) - s0@group-E7D5050F4609->s3-LogAppender: Failed to appendEntries (retry=3671): org.apache.ratis.thirdparty.io.netty.channel.AbstractChannel$AnnotatedConnectException: Connection refused: /0.0.0.0:40479
2019-09-24 12:06:29,524 WARN  impl.LogAppender (LogAppender.java:sendAppendEntriesWithRetries(274)) - s0@group-E7D5050F4609->s3-LogAppender: Failed to appendEntries (retry=3681): org.apache.ratis.thirdparty.io.netty.channel.AbstractChannel$AnnotatedConnectException: Connection refused: /0.0.0.0:40479
2019-09-24 12:06:29,757 WARN  impl.LogAppender (LogAppender.java:sendAppendEntriesWithRetries(274)) - s0@group-E7D5050F4609->s3-LogAppender: Failed to appendEntries (retry=3691): org.apache.ratis.thirdparty.io.netty.channel.AbstractChannel$AnnotatedConnectException: Connection refused: /0.0.0.0:40479
2019-09-24 12:06:29,990 WARN  impl.LogAppender (LogAppender.java:sendAppendEntriesWithRetries(274)) - s0@group-E7D5050F4609->s3-LogAppender: Failed to appendEntries (retry=3701): org.apache.ratis.thirdparty.io.netty.channel.AbstractChannel$AnnotatedConnectException: Connection refused: /0.0.0.0:40479
2019-09-24 12:06:30,223 WARN  impl.LogAppender (LogAppender.java:sendAppendEntriesWithRetries(274)) - s0@group-E7D5050F4609->s3-LogAppender: Failed to appendEntries (retry=3711): org.apache.ratis.thirdparty.io.netty.channel.AbstractChannel$AnnotatedConnectException: Connection refused: /0.0.0.0:40479
2019-09-24 12:06:30,456 WARN  impl.LogAppender (LogAppender.java:sendAppendEntriesWithRetries(274)) - s0@group-E7D5050F4609->s3-LogAppender: Failed to appendEntries (retry=3721): org.apache.ratis.thirdparty.io.netty.channel.AbstractChannel$AnnotatedConnectException: Connection refused: /0.0.0.0:40479
2019-09-24 12:06:30,689 WARN  impl.LogAppender (LogAppender.java:sendAppendEntriesWithRetries(274)) - s0@group-E7D5050F4609->s3-LogAppender: Failed to appendEntries (retry=3731): org.apache.ratis.thirdparty.io.netty.channel.AbstractChannel$AnnotatedConnectException: Connection refused: /0.0.0.0:40479
2019-09-24 12:06:30,921 WARN  impl.LogAppender (LogAppender.java:sendAppendEntriesWithRetries(274)) - s0@group-E7D5050F4609->s3-LogAppender: Failed to appendEntries (retry=3741): org.apache.ratis.thirdparty.io.netty.channel.AbstractChannel$AnnotatedConnectException: Connection refused: /0.0.0.0:40479
2019-09-24 12:06:31,154 WARN  impl.LogAppender (LogAppender.java:sendAppendEntriesWithRetries(274)) - s0@group-E7D5050F4609->s3-LogAppender: Failed to appendEntries (retry=3751): org.apache.ratis.thirdparty.io.netty.channel.AbstractChannel$AnnotatedConnectException: Connection refused: /0.0.0.0:40479
2019-09-24 12:06:31,386 WARN  impl.LogAppender (LogAppender.java:sendAppendEntriesWithRetries(274)) - s0@group-E7D5050F4609->s3-LogAppender: Failed to appendEntries (retry=3761): org.apache.ratis.thirdparty.io.netty.channel.AbstractChannel$AnnotatedConnectException: Connection refused: /0.0.0.0:40479
2019-09-24 12:06:31,618 WARN  impl.LogAppender (LogAppender.java:sendAppendEntriesWithRetries(274)) - s0@group-E7D5050F4609->s3-LogAppender: Failed to appendEntries (retry=3771): org.apache.ratis.thirdparty.io.netty.channel.AbstractChannel$AnnotatedConnectException: Connection refused: /0.0.0.0:40479
2019-09-24 12:06:31,850 WARN  impl.LogAppender (LogAppender.java:sendAppendEntriesWithRetries(274)) - s0@group-E7D5050F4609->s3-LogAppender: Failed to appendEntries (retry=3781): org.apache.ratis.thirdparty.io.netty.channel.AbstractChannel$AnnotatedConnectException: Connection refused: /0.0.0.0:40479
2019-09-24 12:06:32,083 WARN  impl.LogAppender (LogAppender.java:sendAppendEntriesWithRetries(274)) - s0@group-E7D5050F4609->s3-LogAppender: Failed to appendEntries (retry=3791): org.apache.ratis.thirdparty.io.netty.channel.AbstractChannel$AnnotatedConnectException: Connection refused: /0.0.0.0:40479
2019-09-24 12:06:32,316 WARN  impl.LogAppender (LogAppender.java:sendAppendEntriesWithRetries(274)) - s0@group-E7D5050F4609->s3-LogAppender: Failed to appendEntries (retry=3801): org.apache.ratis.thirdparty.io.netty.channel.AbstractChannel$AnnotatedConnectException: Connection refused: /0.0.0.0:40479
2019-09-24 12:06:32,392 INFO  ratis.MiniRaftCluster (MiniRaftCluster.java:lambda$null$5(297)) - TIMED-PRINT: printing ALL groups
  s3:  CLOSING    LEADER s3@group-E7D5050F4609:t1, leader=s3, voted=s3, raftlog=s3@group-E7D5050F4609-SegmentedRaftLog:CLOSED:c-1, conf=0: [s3:0.0.0.0:40479, s4:0.0.0.0:43695, s0:0.0.0.0:44661, s1:0.0.0.0:36487, s2:0.0.0.0:42023], old=null CLOSED
  s4:  RUNNING  FOLLOWER s4@group-E7D5050F4609:t2, leader=s0, voted=s4, raftlog=s4@group-E7D5050F4609-SegmentedRaftLog:OPENED:c2,f2,i2, conf=1: [s3:0.0.0.0:40479, s4:0.0.0.0:43695, s0:0.0.0.0:44661, s1:0.0.0.0:36487, s2:0.0.0.0:42023], old=null RUNNING
  s0:  RUNNING    LEADER s0@group-E7D5050F4609:t2, leader=s0, voted=s0, raftlog=s0@group-E7D5050F4609-SegmentedRaftLog:OPENED:c2,f2,i2, conf=1: [s3:0.0.0.0:40479, s4:0.0.0.0:43695, s0:0.0.0.0:44661, s1:0.0.0.0:36487, s2:0.0.0.0:42023], old=null RUNNING
  s1:  RUNNING  FOLLOWER s1@group-E7D5050F4609:t2, leader=s0, voted=s0, raftlog=s1@group-E7D5050F4609-SegmentedRaftLog:OPENED:c2,f2,i2, conf=1: [s3:0.0.0.0:40479, s4:0.0.0.0:43695, s0:0.0.0.0:44661, s1:0.0.0.0:36487, s2:0.0.0.0:42023], old=null RUNNING
  s2:  RUNNING  FOLLOWER s2@group-E7D5050F4609:t2, leader=s0, voted=s0, raftlog=s2@group-E7D5050F4609-SegmentedRaftLog:OPENED:c2,f2,i2, conf=1: [s3:0.0.0.0:40479, s4:0.0.0.0:43695, s0:0.0.0.0:44661, s1:0.0.0.0:36487, s2:0.0.0.0:42023], old=null RUNNING
2019-09-24 12:06:32,550 WARN  impl.LogAppender (LogAppender.java:sendAppendEntriesWithRetries(274)) - s0@group-E7D5050F4609->s3-LogAppender: Failed to appendEntries (retry=3811): org.apache.ratis.thirdparty.io.netty.channel.AbstractChannel$AnnotatedConnectException: Connection refused: /0.0.0.0:40479
2019-09-24 12:06:32,783 WARN  impl.LogAppender (LogAppender.java:sendAppendEntriesWithRetries(274)) - s0@group-E7D5050F4609->s3-LogAppender: Failed to appendEntries (retry=3821): org.apache.ratis.thirdparty.io.netty.channel.AbstractChannel$AnnotatedConnectException: Connection refused: /0.0.0.0:40479
2019-09-24 12:06:33,016 WARN  impl.LogAppender (LogAppender.java:sendAppendEntriesWithRetries(274)) - s0@group-E7D5050F4609->s3-LogAppender: Failed to appendEntries (retry=3831): org.apache.ratis.thirdparty.io.netty.channel.AbstractChannel$AnnotatedConnectException: Connection refused: /0.0.0.0:40479
2019-09-24 12:06:33,248 WARN  impl.LogAppender (LogAppender.java:sendAppendEntriesWithRetries(274)) - s0@group-E7D5050F4609->s3-LogAppender: Failed to appendEntries (retry=3841): org.apache.ratis.thirdparty.io.netty.channel.AbstractChannel$AnnotatedConnectException: Connection refused: /0.0.0.0:40479
2019-09-24 12:06:33,481 WARN  impl.LogAppender (LogAppender.java:sendAppendEntriesWithRetries(274)) - s0@group-E7D5050F4609->s3-LogAppender: Failed to appendEntries (retry=3851): org.apache.ratis.thirdparty.io.netty.channel.AbstractChannel$AnnotatedConnectException: Connection refused: /0.0.0.0:40479
2019-09-24 12:06:33,714 WARN  impl.LogAppender (LogAppender.java:sendAppendEntriesWithRetries(274)) - s0@group-E7D5050F4609->s3-LogAppender: Failed to appendEntries (retry=3861): org.apache.ratis.thirdparty.io.netty.channel.AbstractChannel$AnnotatedConnectException: Connection refused: /0.0.0.0:40479
2019-09-24 12:06:33,948 WARN  impl.LogAppender (LogAppender.java:sendAppendEntriesWithRetries(274)) - s0@group-E7D5050F4609->s3-LogAppender: Failed to appendEntries (retry=3871): org.apache.ratis.thirdparty.io.netty.channel.AbstractChannel$AnnotatedConnectException: Connection refused: /0.0.0.0:40479
2019-09-24 12:06:34,181 WARN  impl.LogAppender (LogAppender.java:sendAppendEntriesWithRetries(274)) - s0@group-E7D5050F4609->s3-LogAppender: Failed to appendEntries (retry=3881): org.apache.ratis.thirdparty.io.netty.channel.AbstractChannel$AnnotatedConnectException: Connection refused: /0.0.0.0:40479
2019-09-24 12:06:34,414 WARN  impl.LogAppender (LogAppender.java:sendAppendEntriesWithRetries(274)) - s0@group-E7D5050F4609->s3-LogAppender: Failed to appendEntries (retry=3891): org.apache.ratis.thirdparty.io.netty.channel.AbstractChannel$AnnotatedConnectException: Connection refused: /0.0.0.0:40479
2019-09-24 12:06:34,647 WARN  impl.LogAppender (LogAppender.java:sendAppendEntriesWithRetries(274)) - s0@group-E7D5050F4609->s3-LogAppender: Failed to appendEntries (retry=3901): org.apache.ratis.thirdparty.io.netty.channel.AbstractChannel$AnnotatedConnectException: Connection refused: /0.0.0.0:40479
2019-09-24 12:06:34,880 WARN  impl.LogAppender (LogAppender.java:sendAppendEntriesWithRetries(274)) - s0@group-E7D5050F4609->s3-LogAppender: Failed to appendEntries (retry=3911): org.apache.ratis.thirdparty.io.netty.channel.AbstractChannel$AnnotatedConnectException: Connection refused: /0.0.0.0:40479
2019-09-24 12:06:35,113 WARN  impl.LogAppender (LogAppender.java:sendAppendEntriesWithRetries(274)) - s0@group-E7D5050F4609->s3-LogAppender: Failed to appendEntries (retry=3921): org.apache.ratis.thirdparty.io.netty.channel.AbstractChannel$AnnotatedConnectException: Connection refused: /0.0.0.0:40479
2019-09-24 12:06:35,347 WARN  impl.LogAppender (LogAppender.java:sendAppendEntriesWithRetries(274)) - s0@group-E7D5050F4609->s3-LogAppender: Failed to appendEntries (retry=3931): org.apache.ratis.thirdparty.io.netty.channel.AbstractChannel$AnnotatedConnectException: Connection refused: /0.0.0.0:40479
2019-09-24 12:06:35,580 WARN  impl.LogAppender (LogAppender.java:sendAppendEntriesWithRetries(274)) - s0@group-E7D5050F4609->s3-LogAppender: Failed to appendEntries (retry=3941): org.apache.ratis.thirdparty.io.netty.channel.AbstractChannel$AnnotatedConnectException: Connection refused: /0.0.0.0:40479
2019-09-24 12:06:35,813 WARN  impl.LogAppender (LogAppender.java:sendAppendEntriesWithRetries(274)) - s0@group-E7D5050F4609->s3-LogAppender: Failed to appendEntries (retry=3951): org.apache.ratis.thirdparty.io.netty.channel.AbstractChannel$AnnotatedConnectException: Connection refused: /0.0.0.0:40479
2019-09-24 12:06:36,046 WARN  impl.LogAppender (LogAppender.java:sendAppendEntriesWithRetries(274)) - s0@group-E7D5050F4609->s3-LogAppender: Failed to appendEntries (retry=3961): org.apache.ratis.thirdparty.io.netty.channel.AbstractChannel$AnnotatedConnectException: Connection refused: /0.0.0.0:40479
2019-09-24 12:06:36,279 WARN  impl.LogAppender (LogAppender.java:sendAppendEntriesWithRetries(274)) - s0@group-E7D5050F4609->s3-LogAppender: Failed to appendEntries (retry=3971): org.apache.ratis.thirdparty.io.netty.channel.AbstractChannel$AnnotatedConnectException: Connection refused: /0.0.0.0:40479
2019-09-24 12:06:36,512 WARN  impl.LogAppender (LogAppender.java:sendAppendEntriesWithRetries(274)) - s0@group-E7D5050F4609->s3-LogAppender: Failed to appendEntries (retry=3981): org.apache.ratis.thirdparty.io.netty.channel.AbstractChannel$AnnotatedConnectException: Connection refused: /0.0.0.0:40479
2019-09-24 12:06:36,745 WARN  impl.LogAppender (LogAppender.java:sendAppendEntriesWithRetries(274)) - s0@group-E7D5050F4609->s3-LogAppender: Failed to appendEntries (retry=3991): org.apache.ratis.thirdparty.io.netty.channel.AbstractChannel$AnnotatedConnectException: Connection refused: /0.0.0.0:40479
2019-09-24 12:06:36,979 WARN  impl.LogAppender (LogAppender.java:sendAppendEntriesWithRetries(274)) - s0@group-E7D5050F4609->s3-LogAppender: Failed to appendEntries (retry=4001): org.apache.ratis.thirdparty.io.netty.channel.AbstractChannel$AnnotatedConnectException: Connection refused: /0.0.0.0:40479
2019-09-24 12:06:37,211 WARN  impl.LogAppender (LogAppender.java:sendAppendEntriesWithRetries(274)) - s0@group-E7D5050F4609->s3-LogAppender: Failed to appendEntries (retry=4011): org.apache.ratis.thirdparty.io.netty.channel.AbstractChannel$AnnotatedConnectException: Connection refused: /0.0.0.0:40479
2019-09-24 12:06:37,444 WARN  impl.LogAppender (LogAppender.java:sendAppendEntriesWithRetries(274)) - s0@group-E7D5050F4609->s3-LogAppender: Failed to appendEntries (retry=4021): org.apache.ratis.thirdparty.io.netty.channel.AbstractChannel$AnnotatedConnectException: Connection refused: /0.0.0.0:40479
2019-09-24 12:06:37,678 WARN  impl.LogAppender (LogAppender.java:sendAppendEntriesWithRetries(274)) - s0@group-E7D5050F4609->s3-LogAppender: Failed to appendEntries (retry=4031): org.apache.ratis.thirdparty.io.netty.channel.AbstractChannel$AnnotatedConnectException: Connection refused: /0.0.0.0:40479
2019-09-24 12:06:37,911 WARN  impl.LogAppender (LogAppender.java:sendAppendEntriesWithRetries(274)) - s0@group-E7D5050F4609->s3-LogAppender: Failed to appendEntries (retry=4041): org.apache.ratis.thirdparty.io.netty.channel.AbstractChannel$AnnotatedConnectException: Connection refused: /0.0.0.0:40479
2019-09-24 12:06:38,144 WARN  impl.LogAppender (LogAppender.java:sendAppendEntriesWithRetries(274)) - s0@group-E7D5050F4609->s3-LogAppender: Failed to appendEntries (retry=4051): org.apache.ratis.thirdparty.io.netty.channel.AbstractChannel$AnnotatedConnectException: Connection refused: /0.0.0.0:40479
2019-09-24 12:06:38,377 WARN  impl.LogAppender (LogAppender.java:sendAppendEntriesWithRetries(274)) - s0@group-E7D5050F4609->s3-LogAppender: Failed to appendEntries (retry=4061): org.apache.ratis.thirdparty.io.netty.channel.AbstractChannel$AnnotatedConnectException: Connection refused: /0.0.0.0:40479
2019-09-24 12:06:38,610 WARN  impl.LogAppender (LogAppender.java:sendAppendEntriesWithRetries(274)) - s0@group-E7D5050F4609->s3-LogAppender: Failed to appendEntries (retry=4071): org.apache.ratis.thirdparty.io.netty.channel.AbstractChannel$AnnotatedConnectException: Connection refused: /0.0.0.0:40479
2019-09-24 12:06:38,843 WARN  impl.LogAppender (LogAppender.java:sendAppendEntriesWithRetries(274)) - s0@group-E7D5050F4609->s3-LogAppender: Failed to appendEntries (retry=4081): org.apache.ratis.thirdparty.io.netty.channel.AbstractChannel$AnnotatedConnectException: Connection refused: /0.0.0.0:40479
2019-09-24 12:06:39,075 WARN  impl.LogAppender (LogAppender.java:sendAppendEntriesWithRetries(274)) - s0@group-E7D5050F4609->s3-LogAppender: Failed to appendEntries (retry=4091): org.apache.ratis.thirdparty.io.netty.channel.AbstractChannel$AnnotatedConnectException: Connection refused: /0.0.0.0:40479
2019-09-24 12:06:39,308 WARN  impl.LogAppender (LogAppender.java:sendAppendEntriesWithRetries(274)) - s0@group-E7D5050F4609->s3-LogAppender: Failed to appendEntries (retry=4101): org.apache.ratis.thirdparty.io.netty.channel.AbstractChannel$AnnotatedConnectException: Connection refused: /0.0.0.0:40479
2019-09-24 12:06:39,541 WARN  impl.LogAppender (LogAppender.java:sendAppendEntriesWithRetries(274)) - s0@group-E7D5050F4609->s3-LogAppender: Failed to appendEntries (retry=4111): org.apache.ratis.thirdparty.io.netty.channel.AbstractChannel$AnnotatedConnectException: Connection refused: /0.0.0.0:40479
2019-09-24 12:06:39,774 WARN  impl.LogAppender (LogAppender.java:sendAppendEntriesWithRetries(274)) - s0@group-E7D5050F4609->s3-LogAppender: Failed to appendEntries (retry=4121): org.apache.ratis.thirdparty.io.netty.channel.AbstractChannel$AnnotatedConnectException: Connection refused: /0.0.0.0:40479
2019-09-24 12:06:40,007 WARN  impl.LogAppender (LogAppender.java:sendAppendEntriesWithRetries(274)) - s0@group-E7D5050F4609->s3-LogAppender: Failed to appendEntries (retry=4131): org.apache.ratis.thirdparty.io.netty.channel.AbstractChannel$AnnotatedConnectException: Connection refused: /0.0.0.0:40479
2019-09-24 12:06:40,240 WARN  impl.LogAppender (LogAppender.java:sendAppendEntriesWithRetries(274)) - s0@group-E7D5050F4609->s3-LogAppender: Failed to appendEntries (retry=4141): org.apache.ratis.thirdparty.io.netty.channel.AbstractChannel$AnnotatedConnectException: Connection refused: /0.0.0.0:40479
2019-09-24 12:06:40,474 WARN  impl.LogAppender (LogAppender.java:sendAppendEntriesWithRetries(274)) - s0@group-E7D5050F4609->s3-LogAppender: Failed to appendEntries (retry=4151): org.apache.ratis.thirdparty.io.netty.channel.AbstractChannel$AnnotatedConnectException: Connection refused: /0.0.0.0:40479
2019-09-24 12:06:40,707 WARN  impl.LogAppender (LogAppender.java:sendAppendEntriesWithRetries(274)) - s0@group-E7D5050F4609->s3-LogAppender: Failed to appendEntries (retry=4161): org.apache.ratis.thirdparty.io.netty.channel.AbstractChannel$AnnotatedConnectException: Connection refused: /0.0.0.0:40479
2019-09-24 12:06:40,940 WARN  impl.LogAppender (LogAppender.java:sendAppendEntriesWithRetries(274)) - s0@group-E7D5050F4609->s3-LogAppender: Failed to appendEntries (retry=4171): org.apache.ratis.thirdparty.io.netty.channel.AbstractChannel$AnnotatedConnectException: Connection refused: /0.0.0.0:40479
2019-09-24 12:06:41,173 WARN  impl.LogAppender (LogAppender.java:sendAppendEntriesWithRetries(274)) - s0@group-E7D5050F4609->s3-LogAppender: Failed to appendEntries (retry=4181): org.apache.ratis.thirdparty.io.netty.channel.AbstractChannel$AnnotatedConnectException: Connection refused: /0.0.0.0:40479
2019-09-24 12:06:41,407 WARN  impl.LogAppender (LogAppender.java:sendAppendEntriesWithRetries(274)) - s0@group-E7D5050F4609->s3-LogAppender: Failed to appendEntries (retry=4191): org.apache.ratis.thirdparty.io.netty.channel.AbstractChannel$AnnotatedConnectException: Connection refused: /0.0.0.0:40479
2019-09-24 12:06:41,640 WARN  impl.LogAppender (LogAppender.java:sendAppendEntriesWithRetries(274)) - s0@group-E7D5050F4609->s3-LogAppender: Failed to appendEntries (retry=4201): org.apache.ratis.thirdparty.io.netty.channel.AbstractChannel$AnnotatedConnectException: Connection refused: /0.0.0.0:40479
2019-09-24 12:06:41,873 WARN  impl.LogAppender (LogAppender.java:sendAppendEntriesWithRetries(274)) - s0@group-E7D5050F4609->s3-LogAppender: Failed to appendEntries (retry=4211): org.apache.ratis.thirdparty.io.netty.channel.AbstractChannel$AnnotatedConnectException: Connection refused: /0.0.0.0:40479
2019-09-24 12:06:42,106 WARN  impl.LogAppender (LogAppender.java:sendAppendEntriesWithRetries(274)) - s0@group-E7D5050F4609->s3-LogAppender: Failed to appendEntries (retry=4221): org.apache.ratis.thirdparty.io.netty.channel.AbstractChannel$AnnotatedConnectException: Connection refused: /0.0.0.0:40479
]]></system-out>
  </testcase>
  <testcase name="testChangeLeader" classname="org.apache.ratis.netty.TestLeaderElectionWithNetty" time="8.603"/>
  <testcase name="testLeaderElectionMetrics" classname="org.apache.ratis.netty.TestLeaderElectionWithNetty" time="1.051"/>
</testsuite>