<?xml version="1.0" encoding="UTF-8"?>
<testsuite xmlns:xsi="http://www.w3.org/2001/XMLSchema-instance" xsi:noNamespaceSchemaLocation="https://maven.apache.org/surefire/maven-surefire-plugin/xsd/surefire-test-report.xsd" name="org.apache.ratis.grpc.TestRaftStateMachineExceptionWithGrpc" time="5.623" tests="3" errors="1" skipped="0" failures="0">
  <properties>
    <property name="awt.toolkit" value="sun.awt.X11.XToolkit"/>
    <property name="file.encoding.pkg" value="sun.io"/>
    <property name="java.specification.version" value="1.8"/>
    <property name="sun.cpu.isalist" value=""/>
    <property name="sun.jnu.encoding" value="UTF-8"/>
    <property name="java.class.path" value="/workdir/ratis-test/target/test-classes:/workdir/ratis-test/target/classes:/workdir/ratis-common/target/classes:/home/user/.m2/repository/org/apache/ratis/ratis-thirdparty-misc/0.2.0/ratis-thirdparty-misc-0.2.0.jar:/workdir/ratis-proto/target/ratis-proto-0.5.0-SNAPSHOT.jar:/home/user/.m2/repository/org/slf4j/slf4j-log4j12/1.7.10/slf4j-log4j12-1.7.10.jar:/home/user/.m2/repository/log4j/log4j/1.2.17/log4j-1.2.17.jar:/workdir/ratis-common/target/test-classes:/workdir/ratis-client/target/classes:/workdir/ratis-server/target/classes:/workdir/ratis-metrics/target/classes:/home/user/.m2/repository/io/dropwizard/metrics/metrics-core/3.2.5/metrics-core-3.2.5.jar:/home/user/.m2/repository/com/github/joshelser/dropwizard-metrics-hadoop-metrics2-reporter/0.1.2/dropwizard-metrics-hadoop-metrics2-reporter-0.1.2.jar:/home/user/.m2/repository/org/apache/hadoop/hadoop-common/2.6.0/hadoop-common-2.6.0.jar:/home/user/.m2/repository/org/apache/hadoop/hadoop-annotations/2.6.0/hadoop-annotations-2.6.0.jar:/usr/lib/jvm/java-1.8-openjdk/jre/../lib/tools.jar:/home/user/.m2/repository/com/google/guava/guava/11.0.2/guava-11.0.2.jar:/home/user/.m2/repository/commons-cli/commons-cli/1.2/commons-cli-1.2.jar:/home/user/.m2/repository/org/apache/commons/commons-math3/3.1.1/commons-math3-3.1.1.jar:/home/user/.m2/repository/xmlenc/xmlenc/0.52/xmlenc-0.52.jar:/home/user/.m2/repository/commons-httpclient/commons-httpclient/3.1/commons-httpclient-3.1.jar:/home/user/.m2/repository/commons-codec/commons-codec/1.4/commons-codec-1.4.jar:/home/user/.m2/repository/commons-io/commons-io/2.4/commons-io-2.4.jar:/home/user/.m2/repository/commons-net/commons-net/3.1/commons-net-3.1.jar:/home/user/.m2/repository/commons-collections/commons-collections/3.2.1/commons-collections-3.2.1.jar:/home/user/.m2/repository/javax/servlet/servlet-api/2.5/servlet-api-2.5.jar:/home/user/.m2/repository/org/mortbay/jetty/jetty/6.1.26/jetty-6.1.26.jar:/home/user/.m2/repository/org/mortbay/jetty/jetty-util/6.1.26/jetty-util-6.1.26.jar:/home/user/.m2/repository/com/sun/jersey/jersey-core/1.9/jersey-core-1.9.jar:/home/user/.m2/repository/com/sun/jersey/jersey-json/1.9/jersey-json-1.9.jar:/home/user/.m2/repository/org/codehaus/jettison/jettison/1.1/jettison-1.1.jar:/home/user/.m2/repository/com/sun/xml/bind/jaxb-impl/2.2.3-1/jaxb-impl-2.2.3-1.jar:/home/user/.m2/repository/javax/xml/bind/jaxb-api/2.2.2/jaxb-api-2.2.2.jar:/home/user/.m2/repository/javax/xml/stream/stax-api/1.0-2/stax-api-1.0-2.jar:/home/user/.m2/repository/javax/activation/activation/1.1/activation-1.1.jar:/home/user/.m2/repository/org/codehaus/jackson/jackson-jaxrs/1.8.3/jackson-jaxrs-1.8.3.jar:/home/user/.m2/repository/org/codehaus/jackson/jackson-xc/1.8.3/jackson-xc-1.8.3.jar:/home/user/.m2/repository/com/sun/jersey/jersey-server/1.9/jersey-server-1.9.jar:/home/user/.m2/repository/asm/asm/3.1/asm-3.1.jar:/home/user/.m2/repository/tomcat/jasper-compiler/5.5.23/jasper-compiler-5.5.23.jar:/home/user/.m2/repository/tomcat/jasper-runtime/5.5.23/jasper-runtime-5.5.23.jar:/home/user/.m2/repository/javax/servlet/jsp/jsp-api/2.1/jsp-api-2.1.jar:/home/user/.m2/repository/commons-el/commons-el/1.0/commons-el-1.0.jar:/home/user/.m2/repository/commons-logging/commons-logging/1.1.3/commons-logging-1.1.3.jar:/home/user/.m2/repository/net/java/dev/jets3t/jets3t/0.9.0/jets3t-0.9.0.jar:/home/user/.m2/repository/org/apache/httpcomponents/httpclient/4.1.2/httpclient-4.1.2.jar:/home/user/.m2/repository/org/apache/httpcomponents/httpcore/4.1.2/httpcore-4.1.2.jar:/home/user/.m2/repository/com/jamesmurty/utils/java-xmlbuilder/0.4/java-xmlbuilder-0.4.jar:/home/user/.m2/repository/commons-lang/commons-lang/2.6/commons-lang-2.6.jar:/home/user/.m2/repository/commons-configuration/commons-configuration/1.6/commons-configuration-1.6.jar:/home/user/.m2/repository/commons-digester/commons-digester/1.8/commons-digester-1.8.jar:/home/user/.m2/repository/commons-beanutils/commons-beanutils/1.7.0/commons-beanutils-1.7.0.jar:/home/user/.m2/repository/commons-beanutils/commons-beanutils-core/1.8.0/commons-beanutils-core-1.8.0.jar:/home/user/.m2/repository/org/codehaus/jackson/jackson-core-asl/1.9.13/jackson-core-asl-1.9.13.jar:/home/user/.m2/repository/org/codehaus/jackson/jackson-mapper-asl/1.9.13/jackson-mapper-asl-1.9.13.jar:/home/user/.m2/repository/org/apache/avro/avro/1.7.4/avro-1.7.4.jar:/home/user/.m2/repository/com/thoughtworks/paranamer/paranamer/2.3/paranamer-2.3.jar:/home/user/.m2/repository/org/xerial/snappy/snappy-java/1.0.4.1/snappy-java-1.0.4.1.jar:/home/user/.m2/repository/com/google/protobuf/protobuf-java/2.5.0/protobuf-java-2.5.0.jar:/home/user/.m2/repository/com/google/code/gson/gson/2.2.4/gson-2.2.4.jar:/home/user/.m2/repository/org/apache/hadoop/hadoop-auth/2.6.0/hadoop-auth-2.6.0.jar:/home/user/.m2/repository/org/apache/directory/server/apacheds-kerberos-codec/2.0.0-M15/apacheds-kerberos-codec-2.0.0-M15.jar:/home/user/.m2/repository/org/apache/directory/server/apacheds-i18n/2.0.0-M15/apacheds-i18n-2.0.0-M15.jar:/home/user/.m2/repository/org/apache/directory/api/api-asn1-api/1.0.0-M20/api-asn1-api-1.0.0-M20.jar:/home/user/.m2/repository/org/apache/directory/api/api-util/1.0.0-M20/api-util-1.0.0-M20.jar:/home/user/.m2/repository/org/apache/curator/curator-framework/2.6.0/curator-framework-2.6.0.jar:/home/user/.m2/repository/com/jcraft/jsch/0.1.42/jsch-0.1.42.jar:/home/user/.m2/repository/org/apache/curator/curator-client/2.6.0/curator-client-2.6.0.jar:/home/user/.m2/repository/org/apache/curator/curator-recipes/2.6.0/curator-recipes-2.6.0.jar:/home/user/.m2/repository/com/google/code/findbugs/jsr305/1.3.9/jsr305-1.3.9.jar:/home/user/.m2/repository/org/htrace/htrace-core/3.0.4/htrace-core-3.0.4.jar:/home/user/.m2/repository/org/apache/zookeeper/zookeeper/3.4.6/zookeeper-3.4.6.jar:/home/user/.m2/repository/io/netty/netty/3.7.0.Final/netty-3.7.0.Final.jar:/home/user/.m2/repository/org/apache/commons/commons-compress/1.4.1/commons-compress-1.4.1.jar:/home/user/.m2/repository/org/tukaani/xz/1.0/xz-1.0.jar:/home/user/.m2/repository/io/dropwizard/metrics/metrics-jvm/3.2.5/metrics-jvm-3.2.5.jar:/home/user/.m2/repository/io/dropwizard/metrics/metrics-ganglia/3.2.5/metrics-ganglia-3.2.5.jar:/home/user/.m2/repository/info/ganglia/gmetric4j/gmetric4j/1.0.7/gmetric4j-1.0.7.jar:/workdir/ratis-server/target/test-classes:/workdir/ratis-netty/target/classes:/workdir/ratis-netty/target/test-classes:/workdir/ratis-grpc/target/classes:/workdir/ratis-grpc/target/test-classes:/home/user/.m2/repository/org/slf4j/slf4j-api/1.7.10/slf4j-api-1.7.10.jar:/home/user/.m2/repository/junit/junit/4.12/junit-4.12.jar:/home/user/.m2/repository/org/hamcrest/hamcrest-core/1.3/hamcrest-core-1.3.jar:/home/user/.m2/repository/org/mockito/mockito-all/1.8.5/mockito-all-1.8.5.jar:"/>
    <property name="java.vm.vendor" value="IcedTea"/>
    <property name="sun.arch.data.model" value="64"/>
    <property name="java.vendor.url" value="https://icedtea.classpath.org"/>
    <property name="user.timezone" value=""/>
    <property name="java.vm.specification.version" value="1.8"/>
    <property name="os.name" value="Linux"/>
    <property name="user.country" value="US"/>
    <property name="sun.java.launcher" value="SUN_STANDARD"/>
    <property name="sun.boot.library.path" value="/usr/lib/jvm/java-1.8-openjdk/jre/lib/amd64"/>
    <property name="sun.java.command" value="/workdir/ratis-test/target/surefire/surefirebooter4529379912890741760.jar /workdir/ratis-test/target/surefire 2019-09-24T11-55-26_108-jvmRun1 surefire6025552050583053739tmp surefire_434469508513363515115tmp"/>
    <property name="surefire.test.class.path" value="/workdir/ratis-test/target/test-classes:/workdir/ratis-test/target/classes:/workdir/ratis-common/target/classes:/home/user/.m2/repository/org/apache/ratis/ratis-thirdparty-misc/0.2.0/ratis-thirdparty-misc-0.2.0.jar:/workdir/ratis-proto/target/ratis-proto-0.5.0-SNAPSHOT.jar:/home/user/.m2/repository/org/slf4j/slf4j-log4j12/1.7.10/slf4j-log4j12-1.7.10.jar:/home/user/.m2/repository/log4j/log4j/1.2.17/log4j-1.2.17.jar:/workdir/ratis-common/target/test-classes:/workdir/ratis-client/target/classes:/workdir/ratis-server/target/classes:/workdir/ratis-metrics/target/classes:/home/user/.m2/repository/io/dropwizard/metrics/metrics-core/3.2.5/metrics-core-3.2.5.jar:/home/user/.m2/repository/com/github/joshelser/dropwizard-metrics-hadoop-metrics2-reporter/0.1.2/dropwizard-metrics-hadoop-metrics2-reporter-0.1.2.jar:/home/user/.m2/repository/org/apache/hadoop/hadoop-common/2.6.0/hadoop-common-2.6.0.jar:/home/user/.m2/repository/org/apache/hadoop/hadoop-annotations/2.6.0/hadoop-annotations-2.6.0.jar:/usr/lib/jvm/java-1.8-openjdk/jre/../lib/tools.jar:/home/user/.m2/repository/com/google/guava/guava/11.0.2/guava-11.0.2.jar:/home/user/.m2/repository/commons-cli/commons-cli/1.2/commons-cli-1.2.jar:/home/user/.m2/repository/org/apache/commons/commons-math3/3.1.1/commons-math3-3.1.1.jar:/home/user/.m2/repository/xmlenc/xmlenc/0.52/xmlenc-0.52.jar:/home/user/.m2/repository/commons-httpclient/commons-httpclient/3.1/commons-httpclient-3.1.jar:/home/user/.m2/repository/commons-codec/commons-codec/1.4/commons-codec-1.4.jar:/home/user/.m2/repository/commons-io/commons-io/2.4/commons-io-2.4.jar:/home/user/.m2/repository/commons-net/commons-net/3.1/commons-net-3.1.jar:/home/user/.m2/repository/commons-collections/commons-collections/3.2.1/commons-collections-3.2.1.jar:/home/user/.m2/repository/javax/servlet/servlet-api/2.5/servlet-api-2.5.jar:/home/user/.m2/repository/org/mortbay/jetty/jetty/6.1.26/jetty-6.1.26.jar:/home/user/.m2/repository/org/mortbay/jetty/jetty-util/6.1.26/jetty-util-6.1.26.jar:/home/user/.m2/repository/com/sun/jersey/jersey-core/1.9/jersey-core-1.9.jar:/home/user/.m2/repository/com/sun/jersey/jersey-json/1.9/jersey-json-1.9.jar:/home/user/.m2/repository/org/codehaus/jettison/jettison/1.1/jettison-1.1.jar:/home/user/.m2/repository/com/sun/xml/bind/jaxb-impl/2.2.3-1/jaxb-impl-2.2.3-1.jar:/home/user/.m2/repository/javax/xml/bind/jaxb-api/2.2.2/jaxb-api-2.2.2.jar:/home/user/.m2/repository/javax/xml/stream/stax-api/1.0-2/stax-api-1.0-2.jar:/home/user/.m2/repository/javax/activation/activation/1.1/activation-1.1.jar:/home/user/.m2/repository/org/codehaus/jackson/jackson-jaxrs/1.8.3/jackson-jaxrs-1.8.3.jar:/home/user/.m2/repository/org/codehaus/jackson/jackson-xc/1.8.3/jackson-xc-1.8.3.jar:/home/user/.m2/repository/com/sun/jersey/jersey-server/1.9/jersey-server-1.9.jar:/home/user/.m2/repository/asm/asm/3.1/asm-3.1.jar:/home/user/.m2/repository/tomcat/jasper-compiler/5.5.23/jasper-compiler-5.5.23.jar:/home/user/.m2/repository/tomcat/jasper-runtime/5.5.23/jasper-runtime-5.5.23.jar:/home/user/.m2/repository/javax/servlet/jsp/jsp-api/2.1/jsp-api-2.1.jar:/home/user/.m2/repository/commons-el/commons-el/1.0/commons-el-1.0.jar:/home/user/.m2/repository/commons-logging/commons-logging/1.1.3/commons-logging-1.1.3.jar:/home/user/.m2/repository/net/java/dev/jets3t/jets3t/0.9.0/jets3t-0.9.0.jar:/home/user/.m2/repository/org/apache/httpcomponents/httpclient/4.1.2/httpclient-4.1.2.jar:/home/user/.m2/repository/org/apache/httpcomponents/httpcore/4.1.2/httpcore-4.1.2.jar:/home/user/.m2/repository/com/jamesmurty/utils/java-xmlbuilder/0.4/java-xmlbuilder-0.4.jar:/home/user/.m2/repository/commons-lang/commons-lang/2.6/commons-lang-2.6.jar:/home/user/.m2/repository/commons-configuration/commons-configuration/1.6/commons-configuration-1.6.jar:/home/user/.m2/repository/commons-digester/commons-digester/1.8/commons-digester-1.8.jar:/home/user/.m2/repository/commons-beanutils/commons-beanutils/1.7.0/commons-beanutils-1.7.0.jar:/home/user/.m2/repository/commons-beanutils/commons-beanutils-core/1.8.0/commons-beanutils-core-1.8.0.jar:/home/user/.m2/repository/org/codehaus/jackson/jackson-core-asl/1.9.13/jackson-core-asl-1.9.13.jar:/home/user/.m2/repository/org/codehaus/jackson/jackson-mapper-asl/1.9.13/jackson-mapper-asl-1.9.13.jar:/home/user/.m2/repository/org/apache/avro/avro/1.7.4/avro-1.7.4.jar:/home/user/.m2/repository/com/thoughtworks/paranamer/paranamer/2.3/paranamer-2.3.jar:/home/user/.m2/repository/org/xerial/snappy/snappy-java/1.0.4.1/snappy-java-1.0.4.1.jar:/home/user/.m2/repository/com/google/protobuf/protobuf-java/2.5.0/protobuf-java-2.5.0.jar:/home/user/.m2/repository/com/google/code/gson/gson/2.2.4/gson-2.2.4.jar:/home/user/.m2/repository/org/apache/hadoop/hadoop-auth/2.6.0/hadoop-auth-2.6.0.jar:/home/user/.m2/repository/org/apache/directory/server/apacheds-kerberos-codec/2.0.0-M15/apacheds-kerberos-codec-2.0.0-M15.jar:/home/user/.m2/repository/org/apache/directory/server/apacheds-i18n/2.0.0-M15/apacheds-i18n-2.0.0-M15.jar:/home/user/.m2/repository/org/apache/directory/api/api-asn1-api/1.0.0-M20/api-asn1-api-1.0.0-M20.jar:/home/user/.m2/repository/org/apache/directory/api/api-util/1.0.0-M20/api-util-1.0.0-M20.jar:/home/user/.m2/repository/org/apache/curator/curator-framework/2.6.0/curator-framework-2.6.0.jar:/home/user/.m2/repository/com/jcraft/jsch/0.1.42/jsch-0.1.42.jar:/home/user/.m2/repository/org/apache/curator/curator-client/2.6.0/curator-client-2.6.0.jar:/home/user/.m2/repository/org/apache/curator/curator-recipes/2.6.0/curator-recipes-2.6.0.jar:/home/user/.m2/repository/com/google/code/findbugs/jsr305/1.3.9/jsr305-1.3.9.jar:/home/user/.m2/repository/org/htrace/htrace-core/3.0.4/htrace-core-3.0.4.jar:/home/user/.m2/repository/org/apache/zookeeper/zookeeper/3.4.6/zookeeper-3.4.6.jar:/home/user/.m2/repository/io/netty/netty/3.7.0.Final/netty-3.7.0.Final.jar:/home/user/.m2/repository/org/apache/commons/commons-compress/1.4.1/commons-compress-1.4.1.jar:/home/user/.m2/repository/org/tukaani/xz/1.0/xz-1.0.jar:/home/user/.m2/repository/io/dropwizard/metrics/metrics-jvm/3.2.5/metrics-jvm-3.2.5.jar:/home/user/.m2/repository/io/dropwizard/metrics/metrics-ganglia/3.2.5/metrics-ganglia-3.2.5.jar:/home/user/.m2/repository/info/ganglia/gmetric4j/gmetric4j/1.0.7/gmetric4j-1.0.7.jar:/workdir/ratis-server/target/test-classes:/workdir/ratis-netty/target/classes:/workdir/ratis-netty/target/test-classes:/workdir/ratis-grpc/target/classes:/workdir/ratis-grpc/target/test-classes:/home/user/.m2/repository/org/slf4j/slf4j-api/1.7.10/slf4j-api-1.7.10.jar:/home/user/.m2/repository/junit/junit/4.12/junit-4.12.jar:/home/user/.m2/repository/org/hamcrest/hamcrest-core/1.3/hamcrest-core-1.3.jar:/home/user/.m2/repository/org/mockito/mockito-all/1.8.5/mockito-all-1.8.5.jar:"/>
    <property name="sun.cpu.endian" value="little"/>
    <property name="user.home" value="/home/user"/>
    <property name="user.language" value="en"/>
    <property name="java.specification.vendor" value="Oracle Corporation"/>
    <property name="java.home" value="/usr/lib/jvm/java-1.8-openjdk/jre"/>
    <property name="basedir" value="/workdir/ratis-test"/>
    <property name="file.separator" value="/"/>
    <property name="line.separator" value="&#10;"/>
    <property name="java.vm.specification.vendor" value="Oracle Corporation"/>
    <property name="java.specification.name" value="Java Platform API Specification"/>
    <property name="java.awt.graphicsenv" value="sun.awt.X11GraphicsEnvironment"/>
    <property name="surefire.real.class.path" value="/workdir/ratis-test/target/surefire/surefirebooter4529379912890741760.jar"/>
    <property name="sun.boot.class.path" value="/usr/lib/jvm/java-1.8-openjdk/jre/lib/resources.jar:/usr/lib/jvm/java-1.8-openjdk/jre/lib/rt.jar:/usr/lib/jvm/java-1.8-openjdk/jre/lib/sunrsasign.jar:/usr/lib/jvm/java-1.8-openjdk/jre/lib/jsse.jar:/usr/lib/jvm/java-1.8-openjdk/jre/lib/jce.jar:/usr/lib/jvm/java-1.8-openjdk/jre/lib/charsets.jar:/usr/lib/jvm/java-1.8-openjdk/jre/lib/jfr.jar:/usr/lib/jvm/java-1.8-openjdk/jre/classes"/>
    <property name="sun.management.compiler" value="HotSpot 64-Bit Tiered Compilers"/>
    <property name="java.runtime.version" value="1.8.0_212-b04"/>
    <property name="java.net.preferIPv4Stack" value="true"/>
    <property name="user.name" value="jenkins1000"/>
    <property name="path.separator" value=":"/>
    <property name="os.version" value="3.10.0-957.12.2.el7.x86_64"/>
    <property name="java.endorsed.dirs" value="/usr/lib/jvm/java-1.8-openjdk/jre/lib/endorsed"/>
    <property name="java.runtime.name" value="OpenJDK Runtime Environment"/>
    <property name="file.encoding" value="UTF-8"/>
    <property name="java.vm.name" value="OpenJDK 64-Bit Server VM"/>
    <property name="localRepository" value="/home/user/.m2/repository"/>
    <property name="java.vendor.url.bug" value="https://icedtea.classpath.org/bugzilla"/>
    <property name="java.io.tmpdir" value="/tmp"/>
    <property name="java.version" value="1.8.0_212"/>
    <property name="user.dir" value="/workdir/ratis-test"/>
    <property name="os.arch" value="amd64"/>
    <property name="ratis.tmp.dir" value="/workdir/ratis-test/target/tmp"/>
    <property name="java.vm.specification.name" value="Java Virtual Machine Specification"/>
    <property name="java.awt.printerjob" value="sun.print.PSPrinterJob"/>
    <property name="ratis.log.dir" value="/workdir/ratis-test/target/log"/>
    <property name="sun.os.patch.level" value="unknown"/>
    <property name="java.library.path" value="/usr/lib/jvm/java-1.8-openjdk/jre/lib/amd64/server:/usr/lib/jvm/java-1.8-openjdk/jre/lib/amd64:/usr/lib/jvm/java-1.8-openjdk/jre/../lib/amd64:/usr/java/packages/lib/amd64:/usr/lib64:/lib64:/lib:/usr/lib"/>
    <property name="java.vm.info" value="mixed mode"/>
    <property name="java.vendor" value="IcedTea"/>
    <property name="java.vm.version" value="25.212-b04"/>
    <property name="java.ext.dirs" value="/usr/lib/jvm/java-1.8-openjdk/jre/lib/ext:/usr/java/packages/lib/ext"/>
    <property name="sun.io.unicode.encoding" value="UnicodeLittle"/>
    <property name="java.class.version" value="52.0"/>
  </properties>
  <testcase name="testRetryOnStateMachineException" classname="org.apache.ratis.grpc.TestRaftStateMachineExceptionWithGrpc" time="3.632"/>
  <testcase name="testHandleStateMachineException" classname="org.apache.ratis.grpc.TestRaftStateMachineExceptionWithGrpc" time="0.655"/>
  <testcase name="testRetryOnExceptionDuringReplication" classname="org.apache.ratis.grpc.TestRaftStateMachineExceptionWithGrpc" time="1.122">
    <error type="java.lang.NullPointerException">java.lang.NullPointerException
</error>
    <system-out><![CDATA[2019-09-24 12:07:49,897 INFO  util.LogUtils (LogUtils.java:setLogLevel(41)) - Set org.apache.ratis.conf.ConfUtils log level to WARN
2019-09-24 12:07:49,897 INFO  util.LogUtils (LogUtils.java:setLogLevel(41)) - Set org.apache.ratis.util.FileUtils log level to TRACE
2019-09-24 12:07:49,897 INFO  util.LogUtils (LogUtils.java:setLogLevel(41)) - Set org.apache.ratis.server.impl.RaftServerImpl log level to DEBUG
2019-09-24 12:07:49,897 INFO  util.LogUtils (LogUtils.java:setLogLevel(41)) - Set org.apache.ratis.server.raftlog.RaftLog log level to DEBUG
2019-09-24 12:07:49,898 INFO  util.LogUtils (LogUtils.java:setLogLevel(41)) - Set org.apache.ratis.client.RaftClient log level to DEBUG
2019-09-24 12:07:49,899 INFO  ratis.MiniRaftCluster (MiniRaftCluster.java:runWithNewCluster(119)) - Running runWithNewCluster
2019-09-24 12:07:49,900 INFO  ratis.MiniRaftCluster (MiniRaftCluster.java:<init>(253)) - new MiniRaftClusterWithGrpc with group-93DF23ABB718:[s0:0.0.0.0:37370, s1:0.0.0.0:37937, s2:0.0.0.0:45661]
2019-09-24 12:07:49,900 INFO  ratis.MiniRaftCluster (MiniRaftCluster.java:start(287)) - .............................................................. 
2019-09-24 12:07:49,900 INFO  ratis.MiniRaftCluster (MiniRaftCluster.java:start(288)) - ... 
2019-09-24 12:07:49,901 INFO  ratis.MiniRaftCluster (MiniRaftCluster.java:start(289)) - ...     Starting MiniRaftClusterWithGrpc
2019-09-24 12:07:49,901 INFO  ratis.MiniRaftCluster (MiniRaftCluster.java:start(290)) - ... 
2019-09-24 12:07:49,901 INFO  ratis.MiniRaftCluster (MiniRaftCluster.java:start(291)) - .............................................................. 
2019-09-24 12:07:49,901 INFO  ratis.MiniRaftCluster (MiniRaftCluster.java:initServers(265)) - servers = {}
2019-09-24 12:07:49,901 INFO  ratis.MiniRaftCluster (MiniRaftCluster.java:newRaftServer(330)) - newRaftServer: s0, group-93DF23ABB718:[s0:0.0.0.0:37370, s1:0.0.0.0:37937, s2:0.0.0.0:45661], format? true
2019-09-24 12:07:49,902 TRACE util.FileUtils (FileUtils.java:deleteFully(88)) - deleteFully target/test/data/ce901d9b/MiniRaftClusterWithGrpcfa6d396a/s0
2019-09-24 12:07:49,902 TRACE util.FileUtils (FileUtils.java:deleteFully(104)) - deleteFully: target/test/data/ce901d9b/MiniRaftClusterWithGrpcfa6d396a/s0 does not exist.
2019-09-24 12:07:49,903 INFO  ratis.MiniRaftCluster (MiniRaftCluster.java:newRaftServer(335)) - Formatted directory target/test/data/ce901d9b/MiniRaftClusterWithGrpcfa6d396a/s0
2019-09-24 12:07:49,903 INFO  impl.RaftServerProxy (ConfUtils.java:logGet(43)) - raft.rpc.type = GRPC (default)
2019-09-24 12:07:49,904 INFO  grpc.GrpcFactory (GrpcFactory.java:checkPooledByteBufAllocatorUseCacheForAllThreads(45)) - PERFORMANCE WARNING: useCacheForAllThreads is true that may cause Netty to create a lot garbage objects and, as a result, trigger GC.
	It is recommended to disable useCacheForAllThreads by setting -Dorg.apache.ratis.thirdparty.io.netty.allocator.useCacheForAllThreads=false in command line.
2019-09-24 12:07:49,904 INFO  grpc.GrpcConfigKeys$Server (ConfUtils.java:logGet(43)) - raft.grpc.server.port = 37370 (custom)
2019-09-24 12:07:49,904 INFO  server.GrpcService (ConfUtils.java:logGet(43)) - raft.grpc.message.size.max = 64MB (=67108864) (default)
2019-09-24 12:07:49,905 INFO  server.RaftServerConfigKeys (ConfUtils.java:logGet(43)) - raft.server.log.appender.buffer.byte-limit = 4MB (=4194304) (default)
2019-09-24 12:07:49,905 INFO  server.GrpcService (ConfUtils.java:logGet(43)) - raft.grpc.flow.control.window = 1MB (=1048576) (default)
2019-09-24 12:07:49,905 INFO  server.RaftServerConfigKeys (ConfUtils.java:logGet(43)) - raft.server.rpc.request.timeout = 3000ms (default)
2019-09-24 12:07:49,906 INFO  server.RaftServerConfigKeys (ConfUtils.java:logGet(43)) - raft.server.storage.dir = [/workdir/ratis-test/target/test/data/ce901d9b/MiniRaftClusterWithGrpcfa6d396a/s0] (custom)
2019-09-24 12:07:49,908 INFO  impl.RaftServerProxy (RaftServerProxy.java:addNew(89)) - s0: addNew group-93DF23ABB718:[s0:0.0.0.0:37370, s1:0.0.0.0:37937, s2:0.0.0.0:45661] returns group-93DF23ABB718:java.util.concurrent.CompletableFuture@56b58761[Not completed]
2019-09-24 12:07:49,908 INFO  ratis.MiniRaftCluster (MiniRaftCluster.java:newRaftServer(330)) - newRaftServer: s1, group-93DF23ABB718:[s0:0.0.0.0:37370, s1:0.0.0.0:37937, s2:0.0.0.0:45661], format? true
2019-09-24 12:07:49,908 TRACE util.FileUtils (FileUtils.java:deleteFully(88)) - deleteFully target/test/data/ce901d9b/MiniRaftClusterWithGrpcfa6d396a/s1
2019-09-24 12:07:49,909 TRACE util.FileUtils (FileUtils.java:deleteFully(104)) - deleteFully: target/test/data/ce901d9b/MiniRaftClusterWithGrpcfa6d396a/s1 does not exist.
2019-09-24 12:07:49,909 INFO  ratis.MiniRaftCluster (MiniRaftCluster.java:newRaftServer(335)) - Formatted directory target/test/data/ce901d9b/MiniRaftClusterWithGrpcfa6d396a/s1
2019-09-24 12:07:49,909 INFO  impl.RaftServerProxy (ConfUtils.java:logGet(43)) - raft.rpc.type = GRPC (default)
2019-09-24 12:07:49,910 INFO  grpc.GrpcFactory (GrpcFactory.java:checkPooledByteBufAllocatorUseCacheForAllThreads(45)) - PERFORMANCE WARNING: useCacheForAllThreads is true that may cause Netty to create a lot garbage objects and, as a result, trigger GC.
	It is recommended to disable useCacheForAllThreads by setting -Dorg.apache.ratis.thirdparty.io.netty.allocator.useCacheForAllThreads=false in command line.
2019-09-24 12:07:49,910 INFO  server.RaftServerConfigKeys (ConfUtils.java:logGet(43)) - raft.server.log.segment.size.max = 8MB (=8388608) (default)
2019-09-24 12:07:49,911 INFO  server.RaftServerConfigKeys (ConfUtils.java:logGet(43)) - raft.server.log.preallocated.size = 4MB (=4194304) (default)
2019-09-24 12:07:49,911 INFO  server.RaftServerConfigKeys (ConfUtils.java:logGet(43)) - raft.server.log.write.buffer.size = 64KB (=65536) (default)
2019-09-24 12:07:49,911 INFO  impl.RaftServerImpl (RaftServerImpl.java:<init>(95)) - s0: new RaftServerImpl for group-93DF23ABB718:[s0:0.0.0.0:37370, s1:0.0.0.0:37937, s2:0.0.0.0:45661] with StateMachineWithException:uninitialized
2019-09-24 12:07:49,912 INFO  server.RaftServerConfigKeys (ConfUtils.java:logGet(43)) - raft.server.rpc.timeout.min = 150ms (default)
2019-09-24 12:07:49,910 INFO  grpc.GrpcConfigKeys$Server (ConfUtils.java:logGet(43)) - raft.grpc.server.port = 37937 (custom)
2019-09-24 12:07:49,913 INFO  server.GrpcService (ConfUtils.java:logGet(43)) - raft.grpc.message.size.max = 64MB (=67108864) (default)
2019-09-24 12:07:49,913 INFO  server.RaftServerConfigKeys (ConfUtils.java:logGet(43)) - raft.server.log.appender.buffer.byte-limit = 4MB (=4194304) (default)
2019-09-24 12:07:49,913 INFO  server.GrpcService (ConfUtils.java:logGet(43)) - raft.grpc.flow.control.window = 1MB (=1048576) (default)
2019-09-24 12:07:49,914 INFO  server.RaftServerConfigKeys (ConfUtils.java:logGet(43)) - raft.server.rpc.request.timeout = 3000ms (default)
2019-09-24 12:07:49,912 INFO  server.RaftServerConfigKeys (ConfUtils.java:logGet(43)) - raft.server.rpc.timeout.max = 300ms (default)
2019-09-24 12:07:49,914 INFO  server.RaftServerConfigKeys (ConfUtils.java:logGet(43)) - raft.server.rpcslowness.timeout = 60s (default)
2019-09-24 12:07:49,915 INFO  server.RaftServerConfigKeys (ConfUtils.java:logGet(43)) - raft.server.sleep.deviation.threshold = 300 (default)
2019-09-24 12:07:49,915 INFO  server.RaftServerConfigKeys (ConfUtils.java:logGet(43)) - raft.server.log.appender.install.snapshot.enabled = true (default)
2019-09-24 12:07:49,915 INFO  impl.RaftServerImpl (ServerState.java:<init>(103)) - s0@group-93DF23ABB718: ConfigurationManager, init=-1: [s0:0.0.0.0:37370, s1:0.0.0.0:37937, s2:0.0.0.0:45661], old=null, confs=<EMPTY_MAP>
2019-09-24 12:07:49,916 INFO  server.RaftServerConfigKeys (ConfUtils.java:logGet(43)) - raft.server.storage.dir = [/workdir/ratis-test/target/test/data/ce901d9b/MiniRaftClusterWithGrpcfa6d396a/s0] (custom)
2019-09-24 12:07:49,916 INFO  server.RaftServerConfigKeys (ConfUtils.java:logGet(43)) - raft.server.log.corruption.policy = EXCEPTION (default)
2019-09-24 12:07:49,917 INFO  storage.RaftStorageDirectory (RaftStorageDirectory.java:analyzeStorage(246)) - The storage directory /workdir/ratis-test/target/test/data/ce901d9b/MiniRaftClusterWithGrpcfa6d396a/s0/9f556200-3bc1-45de-bb71-93df23abb718 does not exist. Creating ...
2019-09-24 12:07:49,915 INFO  server.RaftServerConfigKeys (ConfUtils.java:logGet(43)) - raft.server.storage.dir = [/workdir/ratis-test/target/test/data/ce901d9b/MiniRaftClusterWithGrpcfa6d396a/s1] (custom)
2019-09-24 12:07:49,918 TRACE util.FileUtils (LogUtils.java:runAndLog(61)) - Successfully ran Files.createDirectories /workdir/ratis-test/target/test/data/ce901d9b/MiniRaftClusterWithGrpcfa6d396a/s0/9f556200-3bc1-45de-bb71-93df23abb718
2019-09-24 12:07:49,918 INFO  impl.RaftServerProxy (RaftServerProxy.java:addNew(89)) - s1: addNew group-93DF23ABB718:[s0:0.0.0.0:37370, s1:0.0.0.0:37937, s2:0.0.0.0:45661] returns group-93DF23ABB718:java.util.concurrent.CompletableFuture@506631cc[Not completed]
2019-09-24 12:07:49,918 INFO  ratis.MiniRaftCluster (MiniRaftCluster.java:newRaftServer(330)) - newRaftServer: s2, group-93DF23ABB718:[s0:0.0.0.0:37370, s1:0.0.0.0:37937, s2:0.0.0.0:45661], format? true
2019-09-24 12:07:49,919 TRACE util.FileUtils (FileUtils.java:deleteFully(88)) - deleteFully target/test/data/ce901d9b/MiniRaftClusterWithGrpcfa6d396a/s2
2019-09-24 12:07:49,919 TRACE util.FileUtils (FileUtils.java:deleteFully(104)) - deleteFully: target/test/data/ce901d9b/MiniRaftClusterWithGrpcfa6d396a/s2 does not exist.
2019-09-24 12:07:49,920 INFO  ratis.MiniRaftCluster (MiniRaftCluster.java:newRaftServer(335)) - Formatted directory target/test/data/ce901d9b/MiniRaftClusterWithGrpcfa6d396a/s2
2019-09-24 12:07:49,920 INFO  server.RaftServerConfigKeys (ConfUtils.java:logGet(43)) - raft.server.log.segment.size.max = 8MB (=8388608) (default)
2019-09-24 12:07:49,921 INFO  server.RaftServerConfigKeys (ConfUtils.java:logGet(43)) - raft.server.log.preallocated.size = 4MB (=4194304) (default)
2019-09-24 12:07:49,921 INFO  server.RaftServerConfigKeys (ConfUtils.java:logGet(43)) - raft.server.log.write.buffer.size = 64KB (=65536) (default)
2019-09-24 12:07:49,921 INFO  impl.RaftServerImpl (RaftServerImpl.java:<init>(95)) - s1: new RaftServerImpl for group-93DF23ABB718:[s0:0.0.0.0:37370, s1:0.0.0.0:37937, s2:0.0.0.0:45661] with StateMachineWithException:uninitialized
2019-09-24 12:07:49,920 INFO  impl.RaftServerProxy (ConfUtils.java:logGet(43)) - raft.rpc.type = GRPC (default)
2019-09-24 12:07:49,922 INFO  server.RaftServerConfigKeys (ConfUtils.java:logGet(43)) - raft.server.rpc.timeout.min = 150ms (default)
2019-09-24 12:07:49,922 INFO  grpc.GrpcFactory (GrpcFactory.java:checkPooledByteBufAllocatorUseCacheForAllThreads(45)) - PERFORMANCE WARNING: useCacheForAllThreads is true that may cause Netty to create a lot garbage objects and, as a result, trigger GC.
	It is recommended to disable useCacheForAllThreads by setting -Dorg.apache.ratis.thirdparty.io.netty.allocator.useCacheForAllThreads=false in command line.
2019-09-24 12:07:49,922 INFO  server.RaftServerConfigKeys (ConfUtils.java:logGet(43)) - raft.server.rpc.timeout.max = 300ms (default)
2019-09-24 12:07:49,923 INFO  grpc.GrpcConfigKeys$Server (ConfUtils.java:logGet(43)) - raft.grpc.server.port = 45661 (custom)
2019-09-24 12:07:49,923 INFO  server.RaftServerConfigKeys (ConfUtils.java:logGet(43)) - raft.server.rpcslowness.timeout = 60s (default)
2019-09-24 12:07:49,923 INFO  server.GrpcService (ConfUtils.java:logGet(43)) - raft.grpc.message.size.max = 64MB (=67108864) (default)
2019-09-24 12:07:49,923 INFO  server.RaftServerConfigKeys (ConfUtils.java:logGet(43)) - raft.server.sleep.deviation.threshold = 300 (default)
2019-09-24 12:07:49,923 INFO  server.RaftServerConfigKeys (ConfUtils.java:logGet(43)) - raft.server.log.appender.buffer.byte-limit = 4MB (=4194304) (default)
2019-09-24 12:07:49,923 INFO  server.RaftServerConfigKeys (ConfUtils.java:logGet(43)) - raft.server.log.appender.install.snapshot.enabled = true (default)
2019-09-24 12:07:49,924 INFO  server.GrpcService (ConfUtils.java:logGet(43)) - raft.grpc.flow.control.window = 1MB (=1048576) (default)
2019-09-24 12:07:49,924 INFO  impl.RaftServerImpl (ServerState.java:<init>(103)) - s1@group-93DF23ABB718: ConfigurationManager, init=-1: [s0:0.0.0.0:37370, s1:0.0.0.0:37937, s2:0.0.0.0:45661], old=null, confs=<EMPTY_MAP>
2019-09-24 12:07:49,924 INFO  server.RaftServerConfigKeys (ConfUtils.java:logGet(43)) - raft.server.rpc.request.timeout = 3000ms (default)
2019-09-24 12:07:49,924 INFO  server.RaftServerConfigKeys (ConfUtils.java:logGet(43)) - raft.server.storage.dir = [/workdir/ratis-test/target/test/data/ce901d9b/MiniRaftClusterWithGrpcfa6d396a/s1] (custom)
2019-09-24 12:07:49,925 INFO  server.RaftServerConfigKeys (ConfUtils.java:logGet(43)) - raft.server.log.corruption.policy = EXCEPTION (default)
2019-09-24 12:07:49,925 INFO  storage.RaftStorageDirectory (RaftStorageDirectory.java:analyzeStorage(246)) - The storage directory /workdir/ratis-test/target/test/data/ce901d9b/MiniRaftClusterWithGrpcfa6d396a/s1/9f556200-3bc1-45de-bb71-93df23abb718 does not exist. Creating ...
2019-09-24 12:07:49,925 INFO  server.RaftServerConfigKeys (ConfUtils.java:logGet(43)) - raft.server.storage.dir = [/workdir/ratis-test/target/test/data/ce901d9b/MiniRaftClusterWithGrpcfa6d396a/s2] (custom)
2019-09-24 12:07:49,925 TRACE util.FileUtils (LogUtils.java:runAndLog(61)) - Successfully ran Files.createDirectories /workdir/ratis-test/target/test/data/ce901d9b/MiniRaftClusterWithGrpcfa6d396a/s1/9f556200-3bc1-45de-bb71-93df23abb718
2019-09-24 12:07:49,926 INFO  impl.RaftServerProxy (RaftServerProxy.java:addNew(89)) - s2: addNew group-93DF23ABB718:[s0:0.0.0.0:37370, s1:0.0.0.0:37937, s2:0.0.0.0:45661] returns group-93DF23ABB718:java.util.concurrent.CompletableFuture@35212222[Not completed]
2019-09-24 12:07:49,926 INFO  server.RaftServerConfigKeys (ConfUtils.java:logGet(43)) - raft.server.log.segment.size.max = 8MB (=8388608) (default)
2019-09-24 12:07:49,926 INFO  server.RaftServerConfigKeys (ConfUtils.java:logGet(43)) - raft.server.log.preallocated.size = 4MB (=4194304) (default)
2019-09-24 12:07:49,926 INFO  server.RaftServerConfigKeys (ConfUtils.java:logGet(43)) - raft.server.log.write.buffer.size = 64KB (=65536) (default)
2019-09-24 12:07:49,926 INFO  impl.RaftServerImpl (RaftServerImpl.java:<init>(95)) - s2: new RaftServerImpl for group-93DF23ABB718:[s0:0.0.0.0:37370, s1:0.0.0.0:37937, s2:0.0.0.0:45661] with StateMachineWithException:uninitialized
2019-09-24 12:07:49,927 INFO  server.RaftServerConfigKeys (ConfUtils.java:logGet(43)) - raft.server.rpc.timeout.min = 150ms (default)
2019-09-24 12:07:49,927 INFO  server.RaftServerConfigKeys (ConfUtils.java:logGet(43)) - raft.server.rpc.timeout.max = 300ms (default)
2019-09-24 12:07:49,927 INFO  server.RaftServerConfigKeys (ConfUtils.java:logGet(43)) - raft.server.rpcslowness.timeout = 60s (default)
2019-09-24 12:07:49,927 INFO  server.RaftServerConfigKeys (ConfUtils.java:logGet(43)) - raft.server.sleep.deviation.threshold = 300 (default)
2019-09-24 12:07:49,927 INFO  server.RaftServerConfigKeys (ConfUtils.java:logGet(43)) - raft.server.log.appender.install.snapshot.enabled = true (default)
2019-09-24 12:07:49,927 INFO  impl.RaftServerImpl (ServerState.java:<init>(103)) - s2@group-93DF23ABB718: ConfigurationManager, init=-1: [s0:0.0.0.0:37370, s1:0.0.0.0:37937, s2:0.0.0.0:45661], old=null, confs=<EMPTY_MAP>
2019-09-24 12:07:49,927 INFO  server.RaftServerConfigKeys (ConfUtils.java:logGet(43)) - raft.server.storage.dir = [/workdir/ratis-test/target/test/data/ce901d9b/MiniRaftClusterWithGrpcfa6d396a/s2] (custom)
2019-09-24 12:07:49,928 INFO  server.RaftServerConfigKeys (ConfUtils.java:logGet(43)) - raft.server.log.corruption.policy = EXCEPTION (default)
2019-09-24 12:07:49,928 INFO  storage.RaftStorageDirectory (RaftStorageDirectory.java:analyzeStorage(246)) - The storage directory /workdir/ratis-test/target/test/data/ce901d9b/MiniRaftClusterWithGrpcfa6d396a/s2/9f556200-3bc1-45de-bb71-93df23abb718 does not exist. Creating ...
2019-09-24 12:07:49,928 TRACE util.FileUtils (LogUtils.java:runAndLog(61)) - Successfully ran Files.createDirectories /workdir/ratis-test/target/test/data/ce901d9b/MiniRaftClusterWithGrpcfa6d396a/s2/9f556200-3bc1-45de-bb71-93df23abb718
2019-09-24 12:07:49,944 INFO  storage.RaftStorageDirectory (RaftStorageDirectory.java:tryLock(328)) - Lock on /workdir/ratis-test/target/test/data/ce901d9b/MiniRaftClusterWithGrpcfa6d396a/s0/9f556200-3bc1-45de-bb71-93df23abb718/in_use.lock acquired by nodename 19836@ratis-test-nppbd-817190658
2019-09-24 12:07:49,944 INFO  storage.RaftStorageDirectory (RaftStorageDirectory.java:tryLock(328)) - Lock on /workdir/ratis-test/target/test/data/ce901d9b/MiniRaftClusterWithGrpcfa6d396a/s1/9f556200-3bc1-45de-bb71-93df23abb718/in_use.lock acquired by nodename 19836@ratis-test-nppbd-817190658
2019-09-24 12:07:49,944 INFO  storage.RaftStorageDirectory (RaftStorageDirectory.java:tryLock(328)) - Lock on /workdir/ratis-test/target/test/data/ce901d9b/MiniRaftClusterWithGrpcfa6d396a/s2/9f556200-3bc1-45de-bb71-93df23abb718/in_use.lock acquired by nodename 19836@ratis-test-nppbd-817190658
2019-09-24 12:07:49,944 TRACE util.FileUtils (LogUtils.java:runAndLog(61)) - Successfully ran Files.createDirectories /workdir/ratis-test/target/test/data/ce901d9b/MiniRaftClusterWithGrpcfa6d396a/s0/9f556200-3bc1-45de-bb71-93df23abb718/current
2019-09-24 12:07:49,944 TRACE util.FileUtils (LogUtils.java:runAndLog(61)) - Successfully ran Files.createDirectories /workdir/ratis-test/target/test/data/ce901d9b/MiniRaftClusterWithGrpcfa6d396a/s2/9f556200-3bc1-45de-bb71-93df23abb718/current
2019-09-24 12:07:49,944 TRACE util.FileUtils (LogUtils.java:runAndLog(61)) - Successfully ran Files.createDirectories /workdir/ratis-test/target/test/data/ce901d9b/MiniRaftClusterWithGrpcfa6d396a/s1/9f556200-3bc1-45de-bb71-93df23abb718/current
2019-09-24 12:07:49,944 TRACE util.FileUtils (LogUtils.java:runAndLog(61)) - Successfully ran Files.createDirectories /workdir/ratis-test/target/test/data/ce901d9b/MiniRaftClusterWithGrpcfa6d396a/s2/9f556200-3bc1-45de-bb71-93df23abb718/sm
2019-09-24 12:07:49,944 TRACE util.FileUtils (LogUtils.java:runAndLog(61)) - Successfully ran Files.createDirectories /workdir/ratis-test/target/test/data/ce901d9b/MiniRaftClusterWithGrpcfa6d396a/s0/9f556200-3bc1-45de-bb71-93df23abb718/sm
2019-09-24 12:07:49,945 TRACE util.FileUtils (LogUtils.java:runAndLog(61)) - Successfully ran Files.createDirectories /workdir/ratis-test/target/test/data/ce901d9b/MiniRaftClusterWithGrpcfa6d396a/s1/9f556200-3bc1-45de-bb71-93df23abb718/sm
2019-09-24 12:07:49,961 INFO  storage.RaftStorage (RaftStorage.java:format(84)) - Storage directory /workdir/ratis-test/target/test/data/ce901d9b/MiniRaftClusterWithGrpcfa6d396a/s2/9f556200-3bc1-45de-bb71-93df23abb718 has been successfully formatted.
2019-09-24 12:07:49,961 INFO  storage.RaftStorage (RaftStorage.java:format(84)) - Storage directory /workdir/ratis-test/target/test/data/ce901d9b/MiniRaftClusterWithGrpcfa6d396a/s1/9f556200-3bc1-45de-bb71-93df23abb718 has been successfully formatted.
2019-09-24 12:07:49,961 INFO  storage.RaftStorage (RaftStorage.java:format(84)) - Storage directory /workdir/ratis-test/target/test/data/ce901d9b/MiniRaftClusterWithGrpcfa6d396a/s0/9f556200-3bc1-45de-bb71-93df23abb718 has been successfully formatted.
2019-09-24 12:07:49,961 INFO  statemachine.SimpleStateMachine4Testing (SimpleStateMachine4Testing.java:initialize(206)) - Initializing StateMachineWithException:uninitialized
2019-09-24 12:07:49,961 INFO  statemachine.SimpleStateMachine4Testing (SimpleStateMachine4Testing.java:initialize(206)) - Initializing StateMachineWithException:uninitialized
2019-09-24 12:07:49,962 INFO  statemachine.SimpleStateMachine4Testing (SimpleStateMachine4Testing.java:initialize(206)) - Initializing StateMachineWithException:uninitialized
2019-09-24 12:07:49,962 INFO  statemachine.SimpleStateMachine4Testing (SimpleStateMachine4Testing.java:loadSnapshot(296)) - The snapshot file null does not exist
2019-09-24 12:07:49,962 INFO  statemachine.SimpleStateMachine4Testing (SimpleStateMachine4Testing.java:loadSnapshot(296)) - The snapshot file null does not exist
2019-09-24 12:07:49,962 INFO  server.RaftServerConfigKeys (ConfUtils.java:logGet(43)) - raft.server.notification.no-leader.timeout = 60s (default)
2019-09-24 12:07:49,962 INFO  statemachine.SimpleStateMachine4Testing (SimpleStateMachine4Testing.java:loadSnapshot(296)) - The snapshot file null does not exist
2019-09-24 12:07:49,962 INFO  server.RaftServerConfigKeys (ConfUtils.java:logGet(43)) - raft.server.log.use.memory = false (default)
2019-09-24 12:07:49,962 INFO  server.RaftServerConfigKeys (ConfUtils.java:logGet(43)) - raft.server.notification.no-leader.timeout = 60s (default)
2019-09-24 12:07:49,963 INFO  server.RaftServerConfigKeys (ConfUtils.java:logGet(43)) - raft.server.log.purge.gap = 1024 (default)
2019-09-24 12:07:49,963 INFO  server.RaftServerConfigKeys (ConfUtils.java:logGet(43)) - raft.server.notification.no-leader.timeout = 60s (default)
2019-09-24 12:07:49,963 INFO  server.RaftServerConfigKeys (ConfUtils.java:logGet(43)) - raft.server.log.appender.buffer.byte-limit = 4MB (=4194304) (default)
2019-09-24 12:07:49,963 INFO  server.RaftServerConfigKeys (ConfUtils.java:logGet(43)) - raft.server.log.use.memory = false (default)
2019-09-24 12:07:49,963 INFO  server.RaftServerConfigKeys (ConfUtils.java:logGet(43)) - raft.server.log.segment.size.max = 8MB (=8388608) (default)
2019-09-24 12:07:49,963 INFO  server.RaftServerConfigKeys (ConfUtils.java:logGet(43)) - raft.server.log.use.memory = false (default)
2019-09-24 12:07:49,963 INFO  server.RaftServerConfigKeys (ConfUtils.java:logGet(43)) - raft.server.log.segment.cache.num.max = 6 (default)
2019-09-24 12:07:49,963 INFO  server.RaftServerConfigKeys (ConfUtils.java:logGet(43)) - raft.server.log.purge.gap = 1024 (default)
2019-09-24 12:07:49,964 INFO  segmented.SegmentedRaftLogWorker (SegmentedRaftLogWorker.java:<init>(172)) - new s2@group-93DF23ABB718-SegmentedRaftLogWorker for RaftStorage:Storage Directory /workdir/ratis-test/target/test/data/ce901d9b/MiniRaftClusterWithGrpcfa6d396a/s2/9f556200-3bc1-45de-bb71-93df23abb718
2019-09-24 12:07:49,964 INFO  server.RaftServerConfigKeys (ConfUtils.java:logGet(43)) - raft.server.log.purge.gap = 1024 (default)
2019-09-24 12:07:49,964 INFO  server.RaftServerConfigKeys (ConfUtils.java:logGet(43)) - raft.server.log.queue.byte-limit = 64MB (=67108864) (default)
2019-09-24 12:07:49,964 INFO  server.RaftServerConfigKeys (ConfUtils.java:logGet(43)) - raft.server.log.appender.buffer.byte-limit = 4MB (=4194304) (default)
2019-09-24 12:07:49,964 INFO  server.RaftServerConfigKeys (ConfUtils.java:logGet(43)) - raft.server.log.queue.element-limit = 4096 (default)
2019-09-24 12:07:49,964 INFO  server.RaftServerConfigKeys (ConfUtils.java:logGet(43)) - raft.server.log.appender.buffer.byte-limit = 4MB (=4194304) (default)
2019-09-24 12:07:49,965 INFO  server.RaftServerConfigKeys (ConfUtils.java:logGet(43)) - raft.server.log.segment.size.max = 8MB (=8388608) (default)
2019-09-24 12:07:49,965 INFO  server.RaftServerConfigKeys (ConfUtils.java:logGet(43)) - raft.server.log.preallocated.size = 4MB (=4194304) (default)
2019-09-24 12:07:49,964 INFO  server.RaftServerConfigKeys (ConfUtils.java:logGet(43)) - raft.server.log.segment.size.max = 8MB (=8388608) (default)
2019-09-24 12:07:49,965 INFO  server.RaftServerConfigKeys (ConfUtils.java:logGet(43)) - raft.server.log.write.buffer.size = 64KB (=65536) (default)
2019-09-24 12:07:49,965 INFO  server.RaftServerConfigKeys (ConfUtils.java:logGet(43)) - raft.server.log.segment.size.max = 8MB (=8388608) (default)
2019-09-24 12:07:49,965 INFO  server.RaftServerConfigKeys (ConfUtils.java:logGet(43)) - raft.server.log.force.sync.num = 128 (default)
2019-09-24 12:07:49,965 INFO  server.RaftServerConfigKeys (ConfUtils.java:logGet(43)) - raft.server.log.statemachine.data.sync = true (default)
2019-09-24 12:07:49,965 INFO  server.RaftServerConfigKeys (ConfUtils.java:logGet(43)) - raft.server.log.segment.cache.num.max = 6 (default)
2019-09-24 12:07:49,965 INFO  server.RaftServerConfigKeys (ConfUtils.java:logGet(43)) - raft.server.log.statemachine.data.sync.timeout = 10s (default)
2019-09-24 12:07:49,965 INFO  server.RaftServerConfigKeys (ConfUtils.java:logGet(43)) - raft.server.log.segment.cache.num.max = 6 (default)
2019-09-24 12:07:49,966 INFO  server.RaftServerConfigKeys (ConfUtils.java:logGet(43)) - raft.server.log.statemachine.data.sync.timeout.retry = -1 (default)
2019-09-24 12:07:49,966 INFO  segmented.SegmentedRaftLogWorker (SegmentedRaftLogWorker.java:<init>(172)) - new s1@group-93DF23ABB718-SegmentedRaftLogWorker for RaftStorage:Storage Directory /workdir/ratis-test/target/test/data/ce901d9b/MiniRaftClusterWithGrpcfa6d396a/s1/9f556200-3bc1-45de-bb71-93df23abb718
2019-09-24 12:07:49,966 INFO  server.RaftServerConfigKeys (ConfUtils.java:logGet(43)) - raft.server.log.statemachine.data.caching.enabled = false (default)
2019-09-24 12:07:49,966 INFO  segmented.SegmentedRaftLogWorker (SegmentedRaftLogWorker.java:<init>(172)) - new s0@group-93DF23ABB718-SegmentedRaftLogWorker for RaftStorage:Storage Directory /workdir/ratis-test/target/test/data/ce901d9b/MiniRaftClusterWithGrpcfa6d396a/s0/9f556200-3bc1-45de-bb71-93df23abb718
2019-09-24 12:07:49,966 INFO  server.RaftServerConfigKeys (ConfUtils.java:logGet(43)) - raft.server.log.queue.byte-limit = 64MB (=67108864) (default)
2019-09-24 12:07:49,966 INFO  segmented.SegmentedRaftLogWorker (SegmentedRaftLogWorker.java:lambda$new$0(132)) - s2@group-93DF23ABB718-SegmentedRaftLogWorker: flushIndex: setUnconditionally 0 -> -1
2019-09-24 12:07:49,966 INFO  server.RaftServerConfigKeys (ConfUtils.java:logGet(43)) - raft.server.log.queue.byte-limit = 64MB (=67108864) (default)
2019-09-24 12:07:49,967 INFO  server.RaftServerConfigKeys (ConfUtils.java:logGet(43)) - raft.server.log.queue.element-limit = 4096 (default)
2019-09-24 12:07:49,967 INFO  server.RaftServerConfigKeys (ConfUtils.java:logGet(43)) - raft.server.snapshot.auto.trigger.enabled = false (default)
2019-09-24 12:07:49,967 INFO  server.RaftServerConfigKeys (ConfUtils.java:logGet(43)) - raft.server.log.segment.size.max = 8MB (=8388608) (default)
2019-09-24 12:07:49,967 INFO  server.RaftServerConfigKeys (ConfUtils.java:logGet(43)) - raft.server.log.queue.element-limit = 4096 (default)
2019-09-24 12:07:49,967 INFO  server.RaftServerConfigKeys (ConfUtils.java:logGet(43)) - raft.server.log.preallocated.size = 4MB (=4194304) (default)
2019-09-24 12:07:49,967 INFO  server.RaftServerConfigKeys (ConfUtils.java:logGet(43)) - raft.server.snapshot.retention.file.num = -1 (default)
2019-09-24 12:07:49,967 INFO  server.RaftServerConfigKeys (ConfUtils.java:logGet(43)) - raft.server.log.write.buffer.size = 64KB (=65536) (default)
2019-09-24 12:07:49,967 INFO  server.RaftServerConfigKeys (ConfUtils.java:logGet(43)) - raft.server.log.segment.size.max = 8MB (=8388608) (default)
2019-09-24 12:07:49,968 INFO  server.RaftServerConfigKeys (ConfUtils.java:logGet(43)) - raft.server.log.force.sync.num = 128 (default)
2019-09-24 12:07:49,968 INFO  server.RaftServerConfigKeys (ConfUtils.java:logGet(43)) - raft.server.retrycache.expirytime = 60s (default)
2019-09-24 12:07:49,968 INFO  server.RaftServerConfigKeys (ConfUtils.java:logGet(43)) - raft.server.log.statemachine.data.sync = true (default)
2019-09-24 12:07:49,968 INFO  server.RaftServerConfigKeys (ConfUtils.java:logGet(43)) - raft.server.log.preallocated.size = 4MB (=4194304) (default)
2019-09-24 12:07:49,968 INFO  server.RaftServerConfigKeys (ConfUtils.java:logGet(43)) - raft.server.log.statemachine.data.sync.timeout = 10s (default)
2019-09-24 12:07:49,968 INFO  server.RaftServerConfigKeys (ConfUtils.java:logGet(43)) - raft.server.log.write.buffer.size = 64KB (=65536) (default)
2019-09-24 12:07:49,968 INFO  server.RaftServerConfigKeys (ConfUtils.java:logGet(43)) - raft.server.log.statemachine.data.sync.timeout.retry = -1 (default)
2019-09-24 12:07:49,969 INFO  server.RaftServerConfigKeys (ConfUtils.java:logGet(43)) - raft.server.log.force.sync.num = 128 (default)
2019-09-24 12:07:49,969 INFO  server.RaftServerConfigKeys (ConfUtils.java:logGet(43)) - raft.server.log.statemachine.data.caching.enabled = false (default)
2019-09-24 12:07:49,969 INFO  server.RaftServerConfigKeys (ConfUtils.java:logGet(43)) - raft.server.log.statemachine.data.sync = true (default)
2019-09-24 12:07:49,969 INFO  server.RaftServerConfigKeys (ConfUtils.java:logGet(43)) - raft.server.log.statemachine.data.sync.timeout = 10s (default)
2019-09-24 12:07:49,969 INFO  segmented.SegmentedRaftLogWorker (SegmentedRaftLogWorker.java:lambda$new$0(132)) - s1@group-93DF23ABB718-SegmentedRaftLogWorker: flushIndex: setUnconditionally 0 -> -1
2019-09-24 12:07:49,969 INFO  server.RaftServerConfigKeys (ConfUtils.java:logGet(43)) - raft.server.log.statemachine.data.sync.timeout.retry = -1 (default)
2019-09-24 12:07:49,969 INFO  server.RaftServerConfigKeys (ConfUtils.java:logGet(43)) - raft.server.log.statemachine.data.caching.enabled = false (default)
2019-09-24 12:07:49,970 INFO  server.RaftServerConfigKeys (ConfUtils.java:logGet(43)) - raft.server.snapshot.auto.trigger.enabled = false (default)
2019-09-24 12:07:49,970 INFO  server.RaftServerConfigKeys (ConfUtils.java:logGet(43)) - raft.server.snapshot.retention.file.num = -1 (default)
2019-09-24 12:07:49,970 INFO  segmented.SegmentedRaftLogWorker (SegmentedRaftLogWorker.java:lambda$new$0(132)) - s0@group-93DF23ABB718-SegmentedRaftLogWorker: flushIndex: setUnconditionally 0 -> -1
2019-09-24 12:07:49,970 INFO  server.RaftServerConfigKeys (ConfUtils.java:logGet(43)) - raft.server.retrycache.expirytime = 60s (default)
2019-09-24 12:07:49,970 INFO  server.RaftServerConfigKeys (ConfUtils.java:logGet(43)) - raft.server.snapshot.auto.trigger.enabled = false (default)
2019-09-24 12:07:49,970 INFO  server.RaftServerConfigKeys (ConfUtils.java:logGet(43)) - raft.server.snapshot.retention.file.num = -1 (default)
2019-09-24 12:07:49,971 INFO  server.RaftServerConfigKeys (ConfUtils.java:logGet(43)) - raft.server.retrycache.expirytime = 60s (default)
2019-09-24 12:07:49,974 INFO  impl.RaftServerImpl (RaftServerImpl.java:start(181)) - s0@group-93DF23ABB718: start as a follower, conf=-1: [s0:0.0.0.0:37370, s1:0.0.0.0:37937, s2:0.0.0.0:45661], old=null
2019-09-24 12:07:49,974 INFO  impl.RaftServerImpl (RaftServerImpl.java:setRole(170)) - s0@group-93DF23ABB718: changes role from      null to FOLLOWER at term 0 for startAsFollower
2019-09-24 12:07:49,975 INFO  impl.RoleInfo (RoleInfo.java:updateAndGet(143)) - s0: start FollowerState
2019-09-24 12:07:49,976 INFO  util.JmxRegister (JmxRegister.java:tryRegister(44)) - Successfully registered JMX Bean with object name Ratis:service=RaftServer,group=group-93DF23ABB718,id=s0
2019-09-24 12:07:49,981 INFO  impl.RaftServerProxy (RaftServerProxy.java:lambda$start$3(299)) - s0: start RPC server
2019-09-24 12:07:49,982 INFO  server.GrpcService (GrpcService.java:startImpl(158)) - s0: GrpcService started, listening on 0.0.0.0/0.0.0.0:37370
2019-09-24 12:07:49,983 INFO  impl.RaftServerImpl (RaftServerImpl.java:start(181)) - s1@group-93DF23ABB718: start as a follower, conf=-1: [s0:0.0.0.0:37370, s1:0.0.0.0:37937, s2:0.0.0.0:45661], old=null
2019-09-24 12:07:49,983 INFO  impl.RaftServerImpl (RaftServerImpl.java:setRole(170)) - s1@group-93DF23ABB718: changes role from      null to FOLLOWER at term 0 for startAsFollower
2019-09-24 12:07:49,984 INFO  impl.RoleInfo (RoleInfo.java:updateAndGet(143)) - s1: start FollowerState
2019-09-24 12:07:49,984 INFO  util.JmxRegister (JmxRegister.java:tryRegister(44)) - Successfully registered JMX Bean with object name Ratis:service=RaftServer,group=group-93DF23ABB718,id=s1
2019-09-24 12:07:49,989 INFO  impl.RaftServerProxy (RaftServerProxy.java:lambda$start$3(299)) - s1: start RPC server
2019-09-24 12:07:49,991 INFO  server.GrpcService (GrpcService.java:startImpl(158)) - s1: GrpcService started, listening on 0.0.0.0/0.0.0.0:37937
2019-09-24 12:07:49,991 INFO  impl.RaftServerImpl (RaftServerImpl.java:start(181)) - s2@group-93DF23ABB718: start as a follower, conf=-1: [s0:0.0.0.0:37370, s1:0.0.0.0:37937, s2:0.0.0.0:45661], old=null
2019-09-24 12:07:49,992 INFO  impl.RaftServerImpl (RaftServerImpl.java:setRole(170)) - s2@group-93DF23ABB718: changes role from      null to FOLLOWER at term 0 for startAsFollower
2019-09-24 12:07:49,992 INFO  impl.RoleInfo (RoleInfo.java:updateAndGet(143)) - s2: start FollowerState
2019-09-24 12:07:49,993 INFO  util.JmxRegister (JmxRegister.java:tryRegister(44)) - Successfully registered JMX Bean with object name Ratis:service=RaftServer,group=group-93DF23ABB718,id=s2
2019-09-24 12:07:49,997 INFO  impl.RaftServerProxy (RaftServerProxy.java:lambda$start$3(299)) - s2: start RPC server
2019-09-24 12:07:49,998 INFO  server.GrpcService (GrpcService.java:startImpl(158)) - s2: GrpcService started, listening on 0.0.0.0/0.0.0.0:45661
2019-09-24 12:07:49,999 INFO  server.RaftServerConfigKeys (ConfUtils.java:logGet(43)) - raft.server.rpc.timeout.max = 300ms (default)
2019-09-24 12:07:49,999 INFO  ratis.RaftTestUtil (RaftTestUtil.java:waitForLeader(86)) - printing ALL groups
  s0:  RUNNING  FOLLOWER s0@group-93DF23ABB718:t0, leader=null, voted=null, raftlog=s0@group-93DF23ABB718-SegmentedRaftLog:OPENED:c-1,f-1,i0, conf=-1: [s0:0.0.0.0:37370, s1:0.0.0.0:37937, s2:0.0.0.0:45661], old=null RUNNING
  s1:  RUNNING  FOLLOWER s1@group-93DF23ABB718:t0, leader=null, voted=null, raftlog=s1@group-93DF23ABB718-SegmentedRaftLog:OPENED:c-1,f-1,i0, conf=-1: [s0:0.0.0.0:37370, s1:0.0.0.0:37937, s2:0.0.0.0:45661], old=null RUNNING
  s2:  RUNNING  FOLLOWER s2@group-93DF23ABB718:t0, leader=null, voted=null, raftlog=s2@group-93DF23ABB718-SegmentedRaftLog:OPENED:c-1,f-1,i0, conf=-1: [s0:0.0.0.0:37370, s1:0.0.0.0:37937, s2:0.0.0.0:45661], old=null RUNNING
2019-09-24 12:07:50,000 WARN  ratis.RaftTestUtil (JavaUtils.java:attempt(158)) - FAILED "waitForLeader-null-(expectLeader? true)", attempt #1/100: java.lang.IllegalStateException: No leader yet : printing ALL groups
  s0:  RUNNING  FOLLOWER s0@group-93DF23ABB718:t0, leader=null, voted=null, raftlog=s0@group-93DF23ABB718-SegmentedRaftLog:OPENED:c-1,f-1,i0, conf=-1: [s0:0.0.0.0:37370, s1:0.0.0.0:37937, s2:0.0.0.0:45661], old=null RUNNING
  s1:  RUNNING  FOLLOWER s1@group-93DF23ABB718:t0, leader=null, voted=null, raftlog=s1@group-93DF23ABB718-SegmentedRaftLog:OPENED:c-1,f-1,i0, conf=-1: [s0:0.0.0.0:37370, s1:0.0.0.0:37937, s2:0.0.0.0:45661], old=null RUNNING
  s2:  RUNNING  FOLLOWER s2@group-93DF23ABB718:t0, leader=null, voted=null, raftlog=s2@group-93DF23ABB718-SegmentedRaftLog:OPENED:c-1,f-1,i0, conf=-1: [s0:0.0.0.0:37370, s1:0.0.0.0:37937, s2:0.0.0.0:45661], old=null RUNNING, sleep 450ms and then retry.
java.lang.IllegalStateException: No leader yet : printing ALL groups
  s0:  RUNNING  FOLLOWER s0@group-93DF23ABB718:t0, leader=null, voted=null, raftlog=s0@group-93DF23ABB718-SegmentedRaftLog:OPENED:c-1,f-1,i0, conf=-1: [s0:0.0.0.0:37370, s1:0.0.0.0:37937, s2:0.0.0.0:45661], old=null RUNNING
  s1:  RUNNING  FOLLOWER s1@group-93DF23ABB718:t0, leader=null, voted=null, raftlog=s1@group-93DF23ABB718-SegmentedRaftLog:OPENED:c-1,f-1,i0, conf=-1: [s0:0.0.0.0:37370, s1:0.0.0.0:37937, s2:0.0.0.0:45661], old=null RUNNING
  s2:  RUNNING  FOLLOWER s2@group-93DF23ABB718:t0, leader=null, voted=null, raftlog=s2@group-93DF23ABB718-SegmentedRaftLog:OPENED:c-1,f-1,i0, conf=-1: [s0:0.0.0.0:37370, s1:0.0.0.0:37937, s2:0.0.0.0:45661], old=null RUNNING
	at org.apache.ratis.MiniRaftCluster.newIllegalStateExceptionForNoLeaders(MiniRaftCluster.java:506)
	at org.apache.ratis.RaftTestUtil.lambda$waitForLeader$1(RaftTestUtil.java:90)
	at org.apache.ratis.MiniRaftCluster.getLeader(MiniRaftCluster.java:539)
	at org.apache.ratis.MiniRaftCluster.getLeader(MiniRaftCluster.java:532)
	at org.apache.ratis.RaftTestUtil.lambda$waitForLeader$3(RaftTestUtil.java:98)
	at org.apache.ratis.util.JavaUtils.attempt(JavaUtils.java:152)
	at org.apache.ratis.RaftTestUtil.waitForLeader(RaftTestUtil.java:97)
	at org.apache.ratis.RaftTestUtil.waitForLeader(RaftTestUtil.java:77)
	at org.apache.ratis.RaftTestUtil.waitForLeader(RaftTestUtil.java:72)
	at org.apache.ratis.server.impl.RaftStateMachineExceptionTests.runTestRetryOnExceptionDuringReplication(RaftStateMachineExceptionTests.java:149)
	at org.apache.ratis.MiniRaftCluster$Factory$Get.runWithNewCluster(MiniRaftCluster.java:125)
	at org.apache.ratis.MiniRaftCluster$Factory$Get.runWithNewCluster(MiniRaftCluster.java:113)
	at org.apache.ratis.server.impl.RaftStateMachineExceptionTests.testRetryOnExceptionDuringReplication(RaftStateMachineExceptionTests.java:145)
	at sun.reflect.NativeMethodAccessorImpl.invoke0(Native Method)
	at sun.reflect.NativeMethodAccessorImpl.invoke(NativeMethodAccessorImpl.java:62)
	at sun.reflect.DelegatingMethodAccessorImpl.invoke(DelegatingMethodAccessorImpl.java:43)
	at java.lang.reflect.Method.invoke(Method.java:498)
	at org.junit.runners.model.FrameworkMethod$1.runReflectiveCall(FrameworkMethod.java:50)
	at org.junit.internal.runners.model.ReflectiveCallable.run(ReflectiveCallable.java:12)
	at org.junit.runners.model.FrameworkMethod.invokeExplosively(FrameworkMethod.java:47)
	at org.junit.internal.runners.statements.InvokeMethod.evaluate(InvokeMethod.java:17)
	at org.junit.internal.runners.statements.RunAfters.evaluate(RunAfters.java:27)
	at org.junit.internal.runners.statements.FailOnTimeout$CallableStatement.call(FailOnTimeout.java:298)
	at org.junit.internal.runners.statements.FailOnTimeout$CallableStatement.call(FailOnTimeout.java:292)
	at java.util.concurrent.FutureTask.run(FutureTask.java:266)
	at java.lang.Thread.run(Thread.java:748)
2019-09-24 12:07:50,135 INFO  impl.FollowerState (FollowerState.java:run(108)) - s1@group-93DF23ABB718-FollowerState: change to CANDIDATE, lastRpcTime:151ms, electionTimeout:151ms
2019-09-24 12:07:50,136 INFO  impl.RoleInfo (RoleInfo.java:shutdownFollowerState(121)) - s1: shutdown FollowerState
2019-09-24 12:07:50,136 INFO  impl.RaftServerImpl (RaftServerImpl.java:setRole(170)) - s1@group-93DF23ABB718: changes role from  FOLLOWER to CANDIDATE at term 0 for changeToCandidate
2019-09-24 12:07:50,136 INFO  impl.RoleInfo (RoleInfo.java:updateAndGet(143)) - s1: start LeaderElection
2019-09-24 12:07:50,160 INFO  impl.LeaderElection (LeaderElection.java:askForVotes(178)) - s1@group-93DF23ABB718-LeaderElection7: begin an election at term 1 for -1: [s0:0.0.0.0:37370, s1:0.0.0.0:37937, s2:0.0.0.0:45661], old=null
2019-09-24 12:07:50,173 DEBUG impl.RaftServerImpl (RaftServerImpl.java:requestVote(743)) - s2@group-93DF23ABB718: receive requestVote(s1, group-93DF23ABB718, 1, (t:0, i:0))
2019-09-24 12:07:50,173 DEBUG impl.RaftServerImpl (RaftServerImpl.java:requestVote(743)) - s0@group-93DF23ABB718: receive requestVote(s1, group-93DF23ABB718, 1, (t:0, i:0))
2019-09-24 12:07:50,173 INFO  impl.RaftServerImpl (RaftServerImpl.java:setRole(170)) - s2@group-93DF23ABB718: changes role from  FOLLOWER to FOLLOWER at term 1 for recognizeCandidate:s1
2019-09-24 12:07:50,173 INFO  impl.RaftServerImpl (RaftServerImpl.java:setRole(170)) - s0@group-93DF23ABB718: changes role from  FOLLOWER to FOLLOWER at term 1 for recognizeCandidate:s1
2019-09-24 12:07:50,174 INFO  impl.RoleInfo (RoleInfo.java:shutdownFollowerState(121)) - s2: shutdown FollowerState
2019-09-24 12:07:50,174 INFO  impl.RoleInfo (RoleInfo.java:shutdownFollowerState(121)) - s0: shutdown FollowerState
2019-09-24 12:07:50,174 INFO  impl.FollowerState (FollowerState.java:run(117)) - s2@group-93DF23ABB718-FollowerState was interrupted: java.lang.InterruptedException: sleep interrupted
2019-09-24 12:07:50,174 INFO  impl.FollowerState (FollowerState.java:run(117)) - s0@group-93DF23ABB718-FollowerState was interrupted: java.lang.InterruptedException: sleep interrupted
2019-09-24 12:07:50,174 INFO  impl.RoleInfo (RoleInfo.java:updateAndGet(143)) - s2: start FollowerState
2019-09-24 12:07:50,174 INFO  impl.RoleInfo (RoleInfo.java:updateAndGet(143)) - s0: start FollowerState
2019-09-24 12:07:50,190 DEBUG impl.RaftServerImpl (RaftServerImpl.java:requestVote(775)) - s0@group-93DF23ABB718 replies to vote request: s1<-s0#0:OK-t1. Peer's state: s0@group-93DF23ABB718:t1, leader=null, voted=s1, raftlog=s0@group-93DF23ABB718-SegmentedRaftLog:OPENED:c-1,f-1,i0, conf=-1: [s0:0.0.0.0:37370, s1:0.0.0.0:37937, s2:0.0.0.0:45661], old=null
2019-09-24 12:07:50,190 DEBUG impl.RaftServerImpl (RaftServerImpl.java:requestVote(775)) - s2@group-93DF23ABB718 replies to vote request: s1<-s2#0:OK-t1. Peer's state: s2@group-93DF23ABB718:t1, leader=null, voted=s1, raftlog=s2@group-93DF23ABB718-SegmentedRaftLog:OPENED:c-1,f-1,i0, conf=-1: [s0:0.0.0.0:37370, s1:0.0.0.0:37937, s2:0.0.0.0:45661], old=null
2019-09-24 12:07:50,194 INFO  impl.LeaderElection (LeaderElection.java:logAndReturn(56)) - s1@group-93DF23ABB718-LeaderElection7: Election PASSED; received 1 response(s) [s1<-s2#0:OK-t1] and 0 exception(s); s1@group-93DF23ABB718:t1, leader=null, voted=s1, raftlog=s1@group-93DF23ABB718-SegmentedRaftLog:OPENED:c-1,f-1,i0, conf=-1: [s0:0.0.0.0:37370, s1:0.0.0.0:37937, s2:0.0.0.0:45661], old=null
2019-09-24 12:07:50,195 INFO  impl.RoleInfo (RoleInfo.java:shutdownLeaderElection(134)) - s1: shutdown LeaderElection
2019-09-24 12:07:50,196 INFO  impl.RaftServerImpl (RaftServerImpl.java:setRole(170)) - s1@group-93DF23ABB718: changes role from CANDIDATE to LEADER at term 1 for changeToLeader
2019-09-24 12:07:50,196 INFO  impl.RaftServerImpl (ServerState.java:setLeader(254)) - s1@group-93DF23ABB718: change Leader from null to s1 at term 1 for becomeLeader, leader elected after 233ms
2019-09-24 12:07:50,196 INFO  server.RaftServerConfigKeys (ConfUtils.java:logGet(43)) - raft.server.staging.catchup.gap = 1000 (default)
2019-09-24 12:07:50,196 INFO  server.RaftServerConfigKeys (ConfUtils.java:logGet(43)) - raft.server.rpc.sleep.time = 25ms (default)
2019-09-24 12:07:50,196 INFO  server.RaftServerConfigKeys (ConfUtils.java:logGet(43)) - raft.server.write.element-limit = 4096 (default)
2019-09-24 12:07:50,197 INFO  server.RaftServerConfigKeys (ConfUtils.java:logGet(43)) - raft.server.watch.timeout = 10s (default)
2019-09-24 12:07:50,197 INFO  server.RaftServerConfigKeys (ConfUtils.java:logGet(43)) - raft.server.watch.timeout.denomination = 1s (default)
2019-09-24 12:07:50,197 INFO  server.RaftServerConfigKeys (ConfUtils.java:logGet(43)) - raft.server.watch.element-limit = 65536 (default)
2019-09-24 12:07:50,200 INFO  server.RaftServerConfigKeys (ConfUtils.java:logGet(43)) - raft.server.log.appender.snapshot.chunk.size.max = 16MB (=16777216) (default)
2019-09-24 12:07:50,200 INFO  server.RaftServerConfigKeys (ConfUtils.java:logGet(43)) - raft.server.log.appender.buffer.byte-limit = 4MB (=4194304) (default)
2019-09-24 12:07:50,201 INFO  server.RaftServerConfigKeys (ConfUtils.java:logGet(43)) - raft.server.log.appender.buffer.element-limit = 0 (default)
2019-09-24 12:07:50,201 INFO  grpc.GrpcConfigKeys$Server (ConfUtils.java:logGet(43)) - raft.grpc.server.leader.outstanding.appends.max = 128 (default)
2019-09-24 12:07:50,201 INFO  server.RaftServerConfigKeys (ConfUtils.java:logGet(43)) - raft.server.rpc.request.timeout = 3000ms (default)
2019-09-24 12:07:50,201 INFO  server.RaftServerConfigKeys (ConfUtils.java:logGet(43)) - raft.server.log.appender.install.snapshot.enabled = true (default)
2019-09-24 12:07:50,202 INFO  server.RaftServerConfigKeys (ConfUtils.java:logGet(43)) - raft.server.log.appender.snapshot.chunk.size.max = 16MB (=16777216) (default)
2019-09-24 12:07:50,202 INFO  server.RaftServerConfigKeys (ConfUtils.java:logGet(43)) - raft.server.log.appender.buffer.byte-limit = 4MB (=4194304) (default)
2019-09-24 12:07:50,202 INFO  server.RaftServerConfigKeys (ConfUtils.java:logGet(43)) - raft.server.log.appender.buffer.element-limit = 0 (default)
2019-09-24 12:07:50,203 INFO  grpc.GrpcConfigKeys$Server (ConfUtils.java:logGet(43)) - raft.grpc.server.leader.outstanding.appends.max = 128 (default)
2019-09-24 12:07:50,203 INFO  server.RaftServerConfigKeys (ConfUtils.java:logGet(43)) - raft.server.rpc.request.timeout = 3000ms (default)
2019-09-24 12:07:50,203 INFO  server.RaftServerConfigKeys (ConfUtils.java:logGet(43)) - raft.server.log.appender.install.snapshot.enabled = true (default)
2019-09-24 12:07:50,203 INFO  impl.RoleInfo (RoleInfo.java:updateAndGet(143)) - s1: start LeaderState
2019-09-24 12:07:50,204 DEBUG raftlog.RaftLog (SegmentedRaftLog.java:appendImpl(425)) - truncateIndex=-1, arrayIndex=0
2019-09-24 12:07:50,204 INFO  segmented.SegmentedRaftLogWorker (SegmentedRaftLogWorker.java:startLogSegment(380)) - s1@group-93DF23ABB718-SegmentedRaftLogWorker: Starting segment from index:0
2019-09-24 12:07:50,205 INFO  impl.RaftServerImpl (ServerState.java:setRaftConf(355)) - s1@group-93DF23ABB718: set configuration 0: [s0:0.0.0.0:37370, s1:0.0.0.0:37937, s2:0.0.0.0:45661], old=null at 0
2019-09-24 12:07:50,209 INFO  impl.RaftServerImpl (ServerState.java:setLeader(254)) - s2@group-93DF23ABB718: change Leader from null to s1 at term 1 for appendEntries, leader elected after 246ms
2019-09-24 12:07:50,209 INFO  impl.RaftServerImpl (ServerState.java:setLeader(254)) - s0@group-93DF23ABB718: change Leader from null to s1 at term 1 for appendEntries, leader elected after 246ms
2019-09-24 12:07:50,215 DEBUG impl.RaftServerImpl (RaftServerImpl.java:logAppendEntries(850)) - s2@group-93DF23ABB718: receive appendEntries(s1, 1, null, -1, false, commits[s1:c-1, s0:c-1, s2:c-1], entries: (t:1, i:0), CONFIGURATIONENTRY
2019-09-24 12:07:50,215 INFO  impl.RaftServerImpl (ServerState.java:setRaftConf(355)) - s2@group-93DF23ABB718: set configuration 0: [s0:0.0.0.0:37370, s1:0.0.0.0:37937, s2:0.0.0.0:45661], old=null at 0
2019-09-24 12:07:50,216 DEBUG raftlog.RaftLog (SegmentedRaftLog.java:appendImpl(425)) - truncateIndex=-1, arrayIndex=0
2019-09-24 12:07:50,216 DEBUG impl.RaftServerImpl (RaftServerImpl.java:logAppendEntries(850)) - s0@group-93DF23ABB718: receive appendEntries(s1, 1, null, -1, false, commits[s1:c-1, s0:c-1, s2:c-1], entries: (t:1, i:0), CONFIGURATIONENTRY
2019-09-24 12:07:50,216 INFO  segmented.SegmentedRaftLogWorker (SegmentedRaftLogWorker.java:startLogSegment(380)) - s2@group-93DF23ABB718-SegmentedRaftLogWorker: Starting segment from index:0
2019-09-24 12:07:50,216 INFO  impl.RaftServerImpl (ServerState.java:setRaftConf(355)) - s0@group-93DF23ABB718: set configuration 0: [s0:0.0.0.0:37370, s1:0.0.0.0:37937, s2:0.0.0.0:45661], old=null at 0
2019-09-24 12:07:50,217 DEBUG raftlog.RaftLog (SegmentedRaftLog.java:appendImpl(425)) - truncateIndex=-1, arrayIndex=0
2019-09-24 12:07:50,217 INFO  segmented.SegmentedRaftLogWorker (SegmentedRaftLogWorker.java:startLogSegment(380)) - s0@group-93DF23ABB718-SegmentedRaftLogWorker: Starting segment from index:0
2019-09-24 12:07:50,376 INFO  segmented.SegmentedRaftLogWorker (SegmentedRaftLogWorker.java:execute(569)) - s2@group-93DF23ABB718-SegmentedRaftLogWorker: created new log segment /workdir/ratis-test/target/test/data/ce901d9b/MiniRaftClusterWithGrpcfa6d396a/s2/9f556200-3bc1-45de-bb71-93df23abb718/current/log_inprogress_0
2019-09-24 12:07:50,376 INFO  segmented.SegmentedRaftLogWorker (SegmentedRaftLogWorker.java:execute(569)) - s1@group-93DF23ABB718-SegmentedRaftLogWorker: created new log segment /workdir/ratis-test/target/test/data/ce901d9b/MiniRaftClusterWithGrpcfa6d396a/s1/9f556200-3bc1-45de-bb71-93df23abb718/current/log_inprogress_0
2019-09-24 12:07:50,376 INFO  segmented.SegmentedRaftLogWorker (SegmentedRaftLogWorker.java:execute(569)) - s0@group-93DF23ABB718-SegmentedRaftLogWorker: created new log segment /workdir/ratis-test/target/test/data/ce901d9b/MiniRaftClusterWithGrpcfa6d396a/s0/9f556200-3bc1-45de-bb71-93df23abb718/current/log_inprogress_0
2019-09-24 12:07:50,382 DEBUG impl.RaftServerImpl (RaftServerImpl.java:logAppendEntries(850)) - s2@group-93DF23ABB718: succeeded to handle AppendEntries. Reply: s1<-s2#1:OK,SUCCESS,nextIndex:1,term:1,followerCommit:-1
2019-09-24 12:07:50,383 DEBUG impl.RaftServerImpl (RaftServerImpl.java:logAppendEntries(850)) - s0@group-93DF23ABB718: succeeded to handle AppendEntries. Reply: s1<-s0#1:OK,SUCCESS,nextIndex:1,term:1,followerCommit:-1
2019-09-24 12:07:50,452 INFO  ratis.RaftTestUtil (RaftTestUtil.java:waitForLeader(101)) - printing ALL groups
  s0:  RUNNING  FOLLOWER s0@group-93DF23ABB718:t1, leader=s1, voted=s1, raftlog=s0@group-93DF23ABB718-SegmentedRaftLog:OPENED:c-1,f0,i0, conf=0: [s0:0.0.0.0:37370, s1:0.0.0.0:37937, s2:0.0.0.0:45661], old=null RUNNING
  s1:  RUNNING    LEADER s1@group-93DF23ABB718:t1, leader=s1, voted=s1, raftlog=s1@group-93DF23ABB718-SegmentedRaftLog:OPENED:c0,f0,i0, conf=0: [s0:0.0.0.0:37370, s1:0.0.0.0:37937, s2:0.0.0.0:45661], old=null RUNNING
  s2:  RUNNING  FOLLOWER s2@group-93DF23ABB718:t1, leader=s1, voted=s1, raftlog=s2@group-93DF23ABB718-SegmentedRaftLog:OPENED:c-1,f0,i0, conf=0: [s0:0.0.0.0:37370, s1:0.0.0.0:37937, s2:0.0.0.0:45661], old=null RUNNING
2019-09-24 12:07:50,453 DEBUG client.RaftClient (ConfUtils.java:logGet(43)) - raft.rpc.type = GRPC (default)
2019-09-24 12:07:50,453 DEBUG client.RaftClient (RaftClientImpl.java:sendRequest(275)) - client-E5A43AADA673: send RaftClientRequest:client-E5A43AADA673->s1@group-93DF23ABB718, cid=2, seq=0, RW, first msg to make leader ready
2019-09-24 12:07:50,464 DEBUG impl.RaftServerImpl (RaftServerImpl.java:submitClientRequestAsync(533)) - s1@group-93DF23ABB718: receive client request(RaftClientRequest:client-E5A43AADA673->s1@group-93DF23ABB718, cid=2, seq=0, RW, Message:6669727374206d736720...(size=30))
2019-09-24 12:07:50,466 DEBUG impl.RaftServerImpl (LeaderState.java:addPendingRequest(317)) - s1@group-93DF23ABB718-LeaderState: addPendingRequest at RaftClientRequest:client-E5A43AADA673->s1@group-93DF23ABB718, cid=2, seq=0, RW, Message:6669727374206d736720...(size=30), entry=(t:1, i:1), STATEMACHINELOGENTRY, client-E5A43AADA673, cid=2
2019-09-24 12:07:50,467 DEBUG impl.RaftServerImpl (RaftServerImpl.java:logAppendEntries(850)) - s0@group-93DF23ABB718: receive appendEntries(s1, 1, (t:1, i:0), 0, false, commits[s1:c0, s0:c0, s2:c0], entries: (t:1, i:1), STATEMACHINELOGENTRY, client-E5A43AADA673, cid=2
2019-09-24 12:07:50,468 DEBUG raftlog.RaftLog (SegmentedRaftLog.java:appendImpl(425)) - truncateIndex=-1, arrayIndex=0
2019-09-24 12:07:50,468 DEBUG impl.RaftServerImpl (RaftServerImpl.java:logAppendEntries(850)) - s2@group-93DF23ABB718: receive appendEntries(s1, 1, (t:1, i:0), 0, false, commits[s1:c0, s0:c0, s2:c0], entries: (t:1, i:1), STATEMACHINELOGENTRY, client-E5A43AADA673, cid=2
2019-09-24 12:07:50,469 DEBUG raftlog.RaftLog (SegmentedRaftLog.java:appendImpl(425)) - truncateIndex=-1, arrayIndex=0
2019-09-24 12:07:50,478 DEBUG impl.RaftServerImpl (RaftServerImpl.java:logAppendEntries(850)) - s2@group-93DF23ABB718: succeeded to handle AppendEntries. Reply: s1<-s2#5:OK,SUCCESS,nextIndex:2,term:1,followerCommit:0
2019-09-24 12:07:50,478 DEBUG impl.RaftServerImpl (RaftServerImpl.java:logAppendEntries(850)) - s0@group-93DF23ABB718: succeeded to handle AppendEntries. Reply: s1<-s0#5:OK,SUCCESS,nextIndex:2,term:1,followerCommit:0
2019-09-24 12:07:50,481 INFO  client.GrpcClientProtocolService (GrpcClientProtocolService.java:lambda$processClientRequest$0(278)) - Failed RaftClientRequest:client-E5A43AADA673->s1@group-93DF23ABB718, cid=2, seq=0, RW, Message:6669727374206d736720...(size=30), reply=RaftClientReply:client-E5A43AADA673->s1@group-93DF23ABB718, cid=2, FAILED org.apache.ratis.protocol.StateMachineException: org.apache.ratis.protocol.StateMachineException from Server s1@group-93DF23ABB718: Fake Exception, logIndex=1, commits[s1:c1, s0:c0, s2:c0]
2019-09-24 12:07:50,482 DEBUG impl.RaftServerImpl (RaftServerImpl.java:logAppendEntries(850)) - s2@group-93DF23ABB718: receive appendEntries(s1, 1, (t:1, i:1), 1, false, commits[s1:c1, s0:c0, s2:c0], entries: (t:1, i:2), METADATAENTRY(c1)
2019-09-24 12:07:50,482 DEBUG impl.RaftServerImpl (RaftServerImpl.java:logAppendEntries(850)) - s0@group-93DF23ABB718: receive appendEntries(s1, 1, (t:1, i:1), 1, false, commits[s1:c1, s0:c0, s2:c0], entries: (t:1, i:2), METADATAENTRY(c1)
2019-09-24 12:07:50,483 DEBUG raftlog.RaftLog (SegmentedRaftLog.java:appendImpl(425)) - truncateIndex=-1, arrayIndex=0
2019-09-24 12:07:50,483 DEBUG raftlog.RaftLog (SegmentedRaftLog.java:appendImpl(425)) - truncateIndex=-1, arrayIndex=0
2019-09-24 12:07:50,488 DEBUG client.RaftClient (RaftClientImpl.java:sendRequest(285)) - client-E5A43AADA673: receive RaftClientReply:client-E5A43AADA673->s1@group-93DF23ABB718, cid=2, FAILED org.apache.ratis.protocol.StateMachineException: org.apache.ratis.protocol.StateMachineException from Server s1@group-93DF23ABB718: Fake Exception, logIndex=1, commits[s1:c1, s0:c0, s2:c0]
2019-09-24 12:07:50,489 DEBUG client.RaftClient (ConfUtils.java:logGet(43)) - raft.rpc.type = GRPC (default)
2019-09-24 12:07:50,492 DEBUG impl.RaftServerImpl (RaftServerImpl.java:logAppendEntries(850)) - s2@group-93DF23ABB718: succeeded to handle AppendEntries. Reply: s1<-s2#6:OK,SUCCESS,nextIndex:3,term:1,followerCommit:1
2019-09-24 12:07:50,493 DEBUG impl.RaftServerImpl (RaftServerImpl.java:logAppendEntries(850)) - s0@group-93DF23ABB718: succeeded to handle AppendEntries. Reply: s1<-s0#6:OK,SUCCESS,nextIndex:3,term:1,followerCommit:1
2019-09-24 12:07:50,499 DEBUG impl.RaftServerImpl (RaftServerImpl.java:submitClientRequestAsync(533)) - s1@group-93DF23ABB718: receive client request(RaftClientRequest:client-8F5732491BC0->s1@group-93DF23ABB718, cid=999, seq=0, RW, Message:6d657373616765)
2019-09-24 12:07:50,502 INFO  impl.RaftServerImpl (RaftServerImpl.java:setRole(170)) - s1@group-93DF23ABB718: changes role from    LEADER to FOLLOWER at term 1 for stepDown
2019-09-24 12:07:50,502 INFO  impl.RoleInfo (RoleInfo.java:shutdownLeaderState(104)) - s1: shutdown LeaderState
2019-09-24 12:07:50,503 WARN  server.GrpcLogAppender (GrpcLogAppender.java:mayWait(143)) - s1@group-93DF23ABB718->s2-GrpcLogAppender: Wait interrupted by java.lang.InterruptedException
2019-09-24 12:07:50,503 INFO  client.GrpcClientProtocolService (GrpcClientProtocolService.java:lambda$processClientRequest$0(278)) - Failed RaftClientRequest:client-8F5732491BC0->s1@group-93DF23ABB718, cid=999, seq=0, RW, Message:6d657373616765, reply=RaftClientReply:client-8F5732491BC0->s1@group-93DF23ABB718, cid=999, FAILED org.apache.ratis.protocol.StateMachineException: java.io.IOException from Server s1@group-93DF23ABB718: Fake Exception in preAppend, logIndex=0, commits[s1:c2, s0:c1, s2:c1]
2019-09-24 12:07:50,503 WARN  server.GrpcLogAppender (GrpcLogAppender.java:mayWait(143)) - s1@group-93DF23ABB718->s0-GrpcLogAppender: Wait interrupted by java.lang.InterruptedException
2019-09-24 12:07:50,505 INFO  impl.PendingRequests (PendingRequests.java:sendNotLeaderResponses(202)) - s1@group-93DF23ABB718-PendingRequests: sendNotLeaderResponses
2019-09-24 12:07:50,506 INFO  server.GrpcServerProtocolService (GrpcServerProtocolService.java:onCompleted(113)) - s2: Completed APPEND_ENTRIES, lastRequest: s1->s2#6-t1, previous=(t:1, i:1), leaderCommit=1, initializing? false, entries: size=1, first=(t:1, i:2), METADATAENTRY(c1)
2019-09-24 12:07:50,507 INFO  impl.RoleInfo (RoleInfo.java:updateAndGet(143)) - s1: start FollowerState
2019-09-24 12:07:50,507 INFO  server.GrpcServerProtocolService (GrpcServerProtocolService.java:onCompleted(113)) - s0: Completed APPEND_ENTRIES, lastRequest: s1->s0#6-t1, previous=(t:1, i:1), leaderCommit=1, initializing? false, entries: size=1, first=(t:1, i:2), METADATAENTRY(c1)
2019-09-24 12:07:50,508 INFO  server.GrpcLogAppender (GrpcLogAppender.java:onCompleted(293)) - s1@group-93DF23ABB718->s2-AppendLogResponseHandler: follower responses appendEntries COMPLETED
2019-09-24 12:07:50,509 INFO  server.GrpcLogAppender (GrpcLogAppender.java:onCompleted(293)) - s1@group-93DF23ABB718->s0-AppendLogResponseHandler: follower responses appendEntries COMPLETED
2019-09-24 12:07:50,510 INFO  impl.FollowerInfo (FollowerInfo.java:lambda$new$0(51)) - s1@group-93DF23ABB718->s2: nextIndex: updateUnconditionally 3 -> 2
2019-09-24 12:07:50,512 INFO  impl.FollowerInfo (FollowerInfo.java:lambda$new$0(51)) - s1@group-93DF23ABB718->s0: nextIndex: updateUnconditionally 3 -> 2
2019-09-24 12:07:50,517 INFO  server.RaftServerConfigKeys (ConfUtils.java:logGet(43)) - raft.server.rpc.timeout.max = 300ms (default)
2019-09-24 12:07:50,518 INFO  ratis.RaftTestUtil (RaftTestUtil.java:waitForLeader(86)) - printing ALL groups
  s0:  RUNNING  FOLLOWER s0@group-93DF23ABB718:t1, leader=s1, voted=s1, raftlog=s0@group-93DF23ABB718-SegmentedRaftLog:OPENED:c1,f2,i2, conf=0: [s0:0.0.0.0:37370, s1:0.0.0.0:37937, s2:0.0.0.0:45661], old=null RUNNING
  s1:  RUNNING  FOLLOWER s1@group-93DF23ABB718:t1, leader=s1, voted=s1, raftlog=s1@group-93DF23ABB718-SegmentedRaftLog:OPENED:c2,f2,i2, conf=0: [s0:0.0.0.0:37370, s1:0.0.0.0:37937, s2:0.0.0.0:45661], old=null RUNNING
  s2:  RUNNING  FOLLOWER s2@group-93DF23ABB718:t1, leader=s1, voted=s1, raftlog=s2@group-93DF23ABB718-SegmentedRaftLog:OPENED:c1,f2,i2, conf=0: [s0:0.0.0.0:37370, s1:0.0.0.0:37937, s2:0.0.0.0:45661], old=null RUNNING
2019-09-24 12:07:50,518 WARN  ratis.RaftTestUtil (JavaUtils.java:attempt(158)) - FAILED "waitForLeader-null-(expectLeader? true)", attempt #1/100: java.lang.IllegalStateException: No leader yet : printing ALL groups
  s0:  RUNNING  FOLLOWER s0@group-93DF23ABB718:t1, leader=s1, voted=s1, raftlog=s0@group-93DF23ABB718-SegmentedRaftLog:OPENED:c1,f2,i2, conf=0: [s0:0.0.0.0:37370, s1:0.0.0.0:37937, s2:0.0.0.0:45661], old=null RUNNING
  s1:  RUNNING  FOLLOWER s1@group-93DF23ABB718:t1, leader=s1, voted=s1, raftlog=s1@group-93DF23ABB718-SegmentedRaftLog:OPENED:c2,f2,i2, conf=0: [s0:0.0.0.0:37370, s1:0.0.0.0:37937, s2:0.0.0.0:45661], old=null RUNNING
  s2:  RUNNING  FOLLOWER s2@group-93DF23ABB718:t1, leader=s1, voted=s1, raftlog=s2@group-93DF23ABB718-SegmentedRaftLog:OPENED:c1,f2,i2, conf=0: [s0:0.0.0.0:37370, s1:0.0.0.0:37937, s2:0.0.0.0:45661], old=null RUNNING, sleep 450ms and then retry.
java.lang.IllegalStateException: No leader yet : printing ALL groups
  s0:  RUNNING  FOLLOWER s0@group-93DF23ABB718:t1, leader=s1, voted=s1, raftlog=s0@group-93DF23ABB718-SegmentedRaftLog:OPENED:c1,f2,i2, conf=0: [s0:0.0.0.0:37370, s1:0.0.0.0:37937, s2:0.0.0.0:45661], old=null RUNNING
  s1:  RUNNING  FOLLOWER s1@group-93DF23ABB718:t1, leader=s1, voted=s1, raftlog=s1@group-93DF23ABB718-SegmentedRaftLog:OPENED:c2,f2,i2, conf=0: [s0:0.0.0.0:37370, s1:0.0.0.0:37937, s2:0.0.0.0:45661], old=null RUNNING
  s2:  RUNNING  FOLLOWER s2@group-93DF23ABB718:t1, leader=s1, voted=s1, raftlog=s2@group-93DF23ABB718-SegmentedRaftLog:OPENED:c1,f2,i2, conf=0: [s0:0.0.0.0:37370, s1:0.0.0.0:37937, s2:0.0.0.0:45661], old=null RUNNING
	at org.apache.ratis.MiniRaftCluster.newIllegalStateExceptionForNoLeaders(MiniRaftCluster.java:506)
	at org.apache.ratis.RaftTestUtil.lambda$waitForLeader$1(RaftTestUtil.java:90)
	at org.apache.ratis.MiniRaftCluster.getLeader(MiniRaftCluster.java:539)
	at org.apache.ratis.MiniRaftCluster.getLeader(MiniRaftCluster.java:532)
	at org.apache.ratis.RaftTestUtil.lambda$waitForLeader$3(RaftTestUtil.java:98)
	at org.apache.ratis.util.JavaUtils.attempt(JavaUtils.java:152)
	at org.apache.ratis.RaftTestUtil.waitForLeader(RaftTestUtil.java:97)
	at org.apache.ratis.RaftTestUtil.waitForLeader(RaftTestUtil.java:77)
	at org.apache.ratis.RaftTestUtil.waitForLeader(RaftTestUtil.java:72)
	at org.apache.ratis.server.impl.RaftStateMachineExceptionTests.runTestRetryOnExceptionDuringReplication(RaftStateMachineExceptionTests.java:166)
	at org.apache.ratis.MiniRaftCluster$Factory$Get.runWithNewCluster(MiniRaftCluster.java:125)
	at org.apache.ratis.MiniRaftCluster$Factory$Get.runWithNewCluster(MiniRaftCluster.java:113)
	at org.apache.ratis.server.impl.RaftStateMachineExceptionTests.testRetryOnExceptionDuringReplication(RaftStateMachineExceptionTests.java:145)
	at sun.reflect.NativeMethodAccessorImpl.invoke0(Native Method)
	at sun.reflect.NativeMethodAccessorImpl.invoke(NativeMethodAccessorImpl.java:62)
	at sun.reflect.DelegatingMethodAccessorImpl.invoke(DelegatingMethodAccessorImpl.java:43)
	at java.lang.reflect.Method.invoke(Method.java:498)
	at org.junit.runners.model.FrameworkMethod$1.runReflectiveCall(FrameworkMethod.java:50)
	at org.junit.internal.runners.model.ReflectiveCallable.run(ReflectiveCallable.java:12)
	at org.junit.runners.model.FrameworkMethod.invokeExplosively(FrameworkMethod.java:47)
	at org.junit.internal.runners.statements.InvokeMethod.evaluate(InvokeMethod.java:17)
	at org.junit.internal.runners.statements.RunAfters.evaluate(RunAfters.java:27)
	at org.junit.internal.runners.statements.FailOnTimeout$CallableStatement.call(FailOnTimeout.java:298)
	at org.junit.internal.runners.statements.FailOnTimeout$CallableStatement.call(FailOnTimeout.java:292)
	at java.util.concurrent.FutureTask.run(FutureTask.java:266)
	at java.lang.Thread.run(Thread.java:748)
2019-09-24 12:07:50,706 INFO  impl.FollowerState (FollowerState.java:run(108)) - s1@group-93DF23ABB718-FollowerState: change to CANDIDATE, lastRpcTime:199ms, electionTimeout:197ms
2019-09-24 12:07:50,707 INFO  impl.RoleInfo (RoleInfo.java:shutdownFollowerState(121)) - s1: shutdown FollowerState
2019-09-24 12:07:50,708 INFO  impl.RaftServerImpl (RaftServerImpl.java:setRole(170)) - s1@group-93DF23ABB718: changes role from  FOLLOWER to CANDIDATE at term 1 for changeToCandidate
2019-09-24 12:07:50,708 INFO  impl.RoleInfo (RoleInfo.java:updateAndGet(143)) - s1: start LeaderElection
2019-09-24 12:07:50,709 INFO  impl.RaftServerImpl (ServerState.java:setLeader(254)) - s1@group-93DF23ABB718: change Leader from s1 to null at term 1 for initElection
2019-09-24 12:07:50,735 INFO  impl.LeaderElection (LeaderElection.java:askForVotes(178)) - s1@group-93DF23ABB718-LeaderElection8: begin an election at term 2 for 0: [s0:0.0.0.0:37370, s1:0.0.0.0:37937, s2:0.0.0.0:45661], old=null
2019-09-24 12:07:50,747 DEBUG impl.RaftServerImpl (RaftServerImpl.java:requestVote(743)) - s0@group-93DF23ABB718: receive requestVote(s1, group-93DF23ABB718, 2, (t:1, i:2))
2019-09-24 12:07:50,747 DEBUG impl.RaftServerImpl (RaftServerImpl.java:requestVote(743)) - s2@group-93DF23ABB718: receive requestVote(s1, group-93DF23ABB718, 2, (t:1, i:2))
2019-09-24 12:07:50,747 INFO  impl.RaftServerImpl (ServerState.java:setLeader(254)) - s0@group-93DF23ABB718: change Leader from s1 to null at term 2 for updateCurrentTerm
2019-09-24 12:07:50,747 INFO  impl.RaftServerImpl (ServerState.java:setLeader(254)) - s2@group-93DF23ABB718: change Leader from s1 to null at term 2 for updateCurrentTerm
2019-09-24 12:07:50,747 INFO  impl.RaftServerImpl (RaftServerImpl.java:setRole(170)) - s0@group-93DF23ABB718: changes role from  FOLLOWER to FOLLOWER at term 2 for recognizeCandidate:s1
2019-09-24 12:07:50,748 INFO  impl.RaftServerImpl (RaftServerImpl.java:setRole(170)) - s2@group-93DF23ABB718: changes role from  FOLLOWER to FOLLOWER at term 2 for recognizeCandidate:s1
2019-09-24 12:07:50,748 INFO  impl.RoleInfo (RoleInfo.java:shutdownFollowerState(121)) - s0: shutdown FollowerState
2019-09-24 12:07:50,748 INFO  impl.RoleInfo (RoleInfo.java:shutdownFollowerState(121)) - s2: shutdown FollowerState
2019-09-24 12:07:50,748 INFO  impl.RoleInfo (RoleInfo.java:updateAndGet(143)) - s0: start FollowerState
2019-09-24 12:07:50,748 INFO  impl.FollowerState (FollowerState.java:run(117)) - s2@group-93DF23ABB718-FollowerState was interrupted: java.lang.InterruptedException: sleep interrupted
2019-09-24 12:07:50,748 INFO  impl.FollowerState (FollowerState.java:run(117)) - s0@group-93DF23ABB718-FollowerState was interrupted: java.lang.InterruptedException: sleep interrupted
2019-09-24 12:07:50,748 INFO  impl.RoleInfo (RoleInfo.java:updateAndGet(143)) - s2: start FollowerState
2019-09-24 12:07:50,764 DEBUG impl.RaftServerImpl (RaftServerImpl.java:requestVote(775)) - s2@group-93DF23ABB718 replies to vote request: s1<-s2#0:OK-t2. Peer's state: s2@group-93DF23ABB718:t2, leader=null, voted=s1, raftlog=s2@group-93DF23ABB718-SegmentedRaftLog:OPENED:c1,f2,i2, conf=0: [s0:0.0.0.0:37370, s1:0.0.0.0:37937, s2:0.0.0.0:45661], old=null
2019-09-24 12:07:50,764 DEBUG impl.RaftServerImpl (RaftServerImpl.java:requestVote(775)) - s0@group-93DF23ABB718 replies to vote request: s1<-s0#0:OK-t2. Peer's state: s0@group-93DF23ABB718:t2, leader=null, voted=s1, raftlog=s0@group-93DF23ABB718-SegmentedRaftLog:OPENED:c1,f2,i2, conf=0: [s0:0.0.0.0:37370, s1:0.0.0.0:37937, s2:0.0.0.0:45661], old=null
2019-09-24 12:07:50,767 INFO  impl.LeaderElection (LeaderElection.java:logAndReturn(56)) - s1@group-93DF23ABB718-LeaderElection8: Election PASSED; received 1 response(s) [s1<-s2#0:OK-t2] and 0 exception(s); s1@group-93DF23ABB718:t2, leader=null, voted=s1, raftlog=s1@group-93DF23ABB718-SegmentedRaftLog:OPENED:c2,f2,i2, conf=0: [s0:0.0.0.0:37370, s1:0.0.0.0:37937, s2:0.0.0.0:45661], old=null
2019-09-24 12:07:50,768 INFO  impl.RoleInfo (RoleInfo.java:shutdownLeaderElection(134)) - s1: shutdown LeaderElection
2019-09-24 12:07:50,768 INFO  impl.RaftServerImpl (RaftServerImpl.java:setRole(170)) - s1@group-93DF23ABB718: changes role from CANDIDATE to LEADER at term 2 for changeToLeader
2019-09-24 12:07:50,768 INFO  impl.RaftServerImpl (ServerState.java:setLeader(254)) - s1@group-93DF23ABB718: change Leader from null to s1 at term 2 for becomeLeader, leader elected after 59ms
2019-09-24 12:07:50,769 INFO  server.RaftServerConfigKeys (ConfUtils.java:logGet(43)) - raft.server.staging.catchup.gap = 1000 (default)
2019-09-24 12:07:50,769 INFO  server.RaftServerConfigKeys (ConfUtils.java:logGet(43)) - raft.server.rpc.sleep.time = 25ms (default)
2019-09-24 12:07:50,769 INFO  server.RaftServerConfigKeys (ConfUtils.java:logGet(43)) - raft.server.write.element-limit = 4096 (default)
2019-09-24 12:07:50,769 INFO  server.RaftServerConfigKeys (ConfUtils.java:logGet(43)) - raft.server.watch.timeout = 10s (default)
2019-09-24 12:07:50,769 INFO  server.RaftServerConfigKeys (ConfUtils.java:logGet(43)) - raft.server.watch.timeout.denomination = 1s (default)
2019-09-24 12:07:50,769 INFO  server.RaftServerConfigKeys (ConfUtils.java:logGet(43)) - raft.server.watch.element-limit = 65536 (default)
2019-09-24 12:07:50,770 INFO  server.RaftServerConfigKeys (ConfUtils.java:logGet(43)) - raft.server.log.appender.snapshot.chunk.size.max = 16MB (=16777216) (default)
2019-09-24 12:07:50,770 INFO  server.RaftServerConfigKeys (ConfUtils.java:logGet(43)) - raft.server.log.appender.buffer.byte-limit = 4MB (=4194304) (default)
2019-09-24 12:07:50,770 INFO  server.RaftServerConfigKeys (ConfUtils.java:logGet(43)) - raft.server.log.appender.buffer.element-limit = 0 (default)
2019-09-24 12:07:50,770 INFO  grpc.GrpcConfigKeys$Server (ConfUtils.java:logGet(43)) - raft.grpc.server.leader.outstanding.appends.max = 128 (default)
2019-09-24 12:07:50,771 INFO  server.RaftServerConfigKeys (ConfUtils.java:logGet(43)) - raft.server.rpc.request.timeout = 3000ms (default)
2019-09-24 12:07:50,771 INFO  server.RaftServerConfigKeys (ConfUtils.java:logGet(43)) - raft.server.log.appender.install.snapshot.enabled = true (default)
2019-09-24 12:07:50,771 INFO  server.RaftServerConfigKeys (ConfUtils.java:logGet(43)) - raft.server.log.appender.snapshot.chunk.size.max = 16MB (=16777216) (default)
2019-09-24 12:07:50,771 INFO  server.RaftServerConfigKeys (ConfUtils.java:logGet(43)) - raft.server.log.appender.buffer.byte-limit = 4MB (=4194304) (default)
2019-09-24 12:07:50,772 INFO  server.RaftServerConfigKeys (ConfUtils.java:logGet(43)) - raft.server.log.appender.buffer.element-limit = 0 (default)
2019-09-24 12:07:50,772 INFO  grpc.GrpcConfigKeys$Server (ConfUtils.java:logGet(43)) - raft.grpc.server.leader.outstanding.appends.max = 128 (default)
2019-09-24 12:07:50,772 INFO  server.RaftServerConfigKeys (ConfUtils.java:logGet(43)) - raft.server.rpc.request.timeout = 3000ms (default)
2019-09-24 12:07:50,772 INFO  server.RaftServerConfigKeys (ConfUtils.java:logGet(43)) - raft.server.log.appender.install.snapshot.enabled = true (default)
2019-09-24 12:07:50,773 INFO  impl.RoleInfo (RoleInfo.java:updateAndGet(143)) - s1: start LeaderState
2019-09-24 12:07:50,773 DEBUG raftlog.RaftLog (SegmentedRaftLog.java:appendImpl(425)) - truncateIndex=-1, arrayIndex=0
2019-09-24 12:07:50,773 INFO  segmented.SegmentedRaftLogWorker (SegmentedRaftLogWorker.java:rollLogSegment(385)) - s1@group-93DF23ABB718-SegmentedRaftLogWorker: Rolling segment log-0_2 to index:2
2019-09-24 12:07:50,779 INFO  impl.RaftServerImpl (ServerState.java:setRaftConf(355)) - s1@group-93DF23ABB718: set configuration 3: [s0:0.0.0.0:37370, s1:0.0.0.0:37937, s2:0.0.0.0:45661], old=null at 3
2019-09-24 12:07:50,780 TRACE util.FileUtils (LogUtils.java:runAndLog(61)) - Successfully ran Files.move /workdir/ratis-test/target/test/data/ce901d9b/MiniRaftClusterWithGrpcfa6d396a/s1/9f556200-3bc1-45de-bb71-93df23abb718/current/log_inprogress_0 to /workdir/ratis-test/target/test/data/ce901d9b/MiniRaftClusterWithGrpcfa6d396a/s1/9f556200-3bc1-45de-bb71-93df23abb718/current/log_0-2
2019-09-24 12:07:50,780 INFO  segmented.SegmentedRaftLogWorker (SegmentedRaftLogWorker.java:execute(526)) - s1@group-93DF23ABB718-SegmentedRaftLogWorker: Rolled log segment from /workdir/ratis-test/target/test/data/ce901d9b/MiniRaftClusterWithGrpcfa6d396a/s1/9f556200-3bc1-45de-bb71-93df23abb718/current/log_inprogress_0 to /workdir/ratis-test/target/test/data/ce901d9b/MiniRaftClusterWithGrpcfa6d396a/s1/9f556200-3bc1-45de-bb71-93df23abb718/current/log_0-2
2019-09-24 12:07:50,782 INFO  impl.RaftServerImpl (ServerState.java:setLeader(254)) - s2@group-93DF23ABB718: change Leader from null to s1 at term 2 for appendEntries, leader elected after 34ms
2019-09-24 12:07:50,782 INFO  impl.RaftServerImpl (ServerState.java:setLeader(254)) - s0@group-93DF23ABB718: change Leader from null to s1 at term 2 for appendEntries, leader elected after 35ms
2019-09-24 12:07:50,786 DEBUG impl.RaftServerImpl (RaftServerImpl.java:logAppendEntries(850)) - s2@group-93DF23ABB718: receive appendEntries(s1, 2, (t:1, i:2), 2, false, commits[s1:c2, s0:c1, s2:c1], entries: (t:2, i:3), CONFIGURATIONENTRY
2019-09-24 12:07:50,787 DEBUG impl.RaftServerImpl (RaftServerImpl.java:logAppendEntries(850)) - s0@group-93DF23ABB718: receive appendEntries(s1, 2, (t:1, i:2), 2, false, commits[s1:c2, s0:c1, s2:c1], entries: (t:2, i:3), CONFIGURATIONENTRY
2019-09-24 12:07:50,787 INFO  impl.RaftServerImpl (ServerState.java:setRaftConf(355)) - s2@group-93DF23ABB718: set configuration 3: [s0:0.0.0.0:37370, s1:0.0.0.0:37937, s2:0.0.0.0:45661], old=null at 3
2019-09-24 12:07:50,787 INFO  impl.RaftServerImpl (ServerState.java:setRaftConf(355)) - s0@group-93DF23ABB718: set configuration 3: [s0:0.0.0.0:37370, s1:0.0.0.0:37937, s2:0.0.0.0:45661], old=null at 3
2019-09-24 12:07:50,787 DEBUG raftlog.RaftLog (SegmentedRaftLog.java:appendImpl(425)) - truncateIndex=-1, arrayIndex=0
2019-09-24 12:07:50,787 DEBUG raftlog.RaftLog (SegmentedRaftLog.java:appendImpl(425)) - truncateIndex=-1, arrayIndex=0
2019-09-24 12:07:50,787 INFO  segmented.SegmentedRaftLogWorker (SegmentedRaftLogWorker.java:rollLogSegment(385)) - s2@group-93DF23ABB718-SegmentedRaftLogWorker: Rolling segment log-0_2 to index:2
2019-09-24 12:07:50,788 INFO  segmented.SegmentedRaftLogWorker (SegmentedRaftLogWorker.java:rollLogSegment(385)) - s0@group-93DF23ABB718-SegmentedRaftLogWorker: Rolling segment log-0_2 to index:2
2019-09-24 12:07:50,790 TRACE util.FileUtils (LogUtils.java:runAndLog(61)) - Successfully ran Files.move /workdir/ratis-test/target/test/data/ce901d9b/MiniRaftClusterWithGrpcfa6d396a/s2/9f556200-3bc1-45de-bb71-93df23abb718/current/log_inprogress_0 to /workdir/ratis-test/target/test/data/ce901d9b/MiniRaftClusterWithGrpcfa6d396a/s2/9f556200-3bc1-45de-bb71-93df23abb718/current/log_0-2
2019-09-24 12:07:50,790 INFO  segmented.SegmentedRaftLogWorker (SegmentedRaftLogWorker.java:execute(526)) - s2@group-93DF23ABB718-SegmentedRaftLogWorker: Rolled log segment from /workdir/ratis-test/target/test/data/ce901d9b/MiniRaftClusterWithGrpcfa6d396a/s2/9f556200-3bc1-45de-bb71-93df23abb718/current/log_inprogress_0 to /workdir/ratis-test/target/test/data/ce901d9b/MiniRaftClusterWithGrpcfa6d396a/s2/9f556200-3bc1-45de-bb71-93df23abb718/current/log_0-2
2019-09-24 12:07:50,790 TRACE util.FileUtils (LogUtils.java:runAndLog(61)) - Successfully ran Files.move /workdir/ratis-test/target/test/data/ce901d9b/MiniRaftClusterWithGrpcfa6d396a/s0/9f556200-3bc1-45de-bb71-93df23abb718/current/log_inprogress_0 to /workdir/ratis-test/target/test/data/ce901d9b/MiniRaftClusterWithGrpcfa6d396a/s0/9f556200-3bc1-45de-bb71-93df23abb718/current/log_0-2
2019-09-24 12:07:50,791 INFO  segmented.SegmentedRaftLogWorker (SegmentedRaftLogWorker.java:execute(526)) - s0@group-93DF23ABB718-SegmentedRaftLogWorker: Rolled log segment from /workdir/ratis-test/target/test/data/ce901d9b/MiniRaftClusterWithGrpcfa6d396a/s0/9f556200-3bc1-45de-bb71-93df23abb718/current/log_inprogress_0 to /workdir/ratis-test/target/test/data/ce901d9b/MiniRaftClusterWithGrpcfa6d396a/s0/9f556200-3bc1-45de-bb71-93df23abb718/current/log_0-2
2019-09-24 12:07:50,966 INFO  segmented.SegmentedRaftLogWorker (SegmentedRaftLogWorker.java:execute(569)) - s2@group-93DF23ABB718-SegmentedRaftLogWorker: created new log segment /workdir/ratis-test/target/test/data/ce901d9b/MiniRaftClusterWithGrpcfa6d396a/s2/9f556200-3bc1-45de-bb71-93df23abb718/current/log_inprogress_3
2019-09-24 12:07:50,966 INFO  segmented.SegmentedRaftLogWorker (SegmentedRaftLogWorker.java:execute(569)) - s0@group-93DF23ABB718-SegmentedRaftLogWorker: created new log segment /workdir/ratis-test/target/test/data/ce901d9b/MiniRaftClusterWithGrpcfa6d396a/s0/9f556200-3bc1-45de-bb71-93df23abb718/current/log_inprogress_3
2019-09-24 12:07:50,966 INFO  segmented.SegmentedRaftLogWorker (SegmentedRaftLogWorker.java:execute(569)) - s1@group-93DF23ABB718-SegmentedRaftLogWorker: created new log segment /workdir/ratis-test/target/test/data/ce901d9b/MiniRaftClusterWithGrpcfa6d396a/s1/9f556200-3bc1-45de-bb71-93df23abb718/current/log_inprogress_3
2019-09-24 12:07:50,970 INFO  ratis.RaftTestUtil (RaftTestUtil.java:waitForLeader(101)) - printing ALL groups
  s0:  RUNNING  FOLLOWER s0@group-93DF23ABB718:t2, leader=s1, voted=s1, raftlog=s0@group-93DF23ABB718-SegmentedRaftLog:OPENED:c1,f2,i3, conf=3: [s0:0.0.0.0:37370, s1:0.0.0.0:37937, s2:0.0.0.0:45661], old=null RUNNING
  s1:  RUNNING    LEADER s1@group-93DF23ABB718:t2, leader=s1, voted=s1, raftlog=s1@group-93DF23ABB718-SegmentedRaftLog:OPENED:c2,f2,i3, conf=3: [s0:0.0.0.0:37370, s1:0.0.0.0:37937, s2:0.0.0.0:45661], old=null RUNNING
  s2:  RUNNING  FOLLOWER s2@group-93DF23ABB718:t2, leader=s1, voted=s1, raftlog=s2@group-93DF23ABB718-SegmentedRaftLog:OPENED:c1,f2,i3, conf=3: [s0:0.0.0.0:37370, s1:0.0.0.0:37937, s2:0.0.0.0:45661], old=null RUNNING
2019-09-24 12:07:50,974 DEBUG impl.RaftServerImpl (RaftServerImpl.java:submitClientRequestAsync(533)) - s1@group-93DF23ABB718: receive client request(RaftClientRequest:client-8F5732491BC0->s1@group-93DF23ABB718, cid=999, seq=0, RW, Message:6d657373616765)
2019-09-24 12:07:50,975 INFO  client.GrpcClientProtocolService (GrpcClientProtocolService.java:lambda$processClientRequest$0(278)) - Failed RaftClientRequest:client-8F5732491BC0->s1@group-93DF23ABB718, cid=999, seq=0, RW, Message:6d657373616765, reply=RaftClientReply:client-8F5732491BC0->s1@group-93DF23ABB718, cid=999, FAILED org.apache.ratis.protocol.LeaderNotReadyException: s1@group-93DF23ABB718 is in LEADER state but not ready yet., logIndex=0, commits[s1:c2, s0:c1, s2:c1]
2019-09-24 12:07:50,976 DEBUG impl.RaftServerImpl (RaftServerImpl.java:logAppendEntries(850)) - s2@group-93DF23ABB718: succeeded to handle AppendEntries. Reply: s1<-s2#1:OK,SUCCESS,nextIndex:4,term:2,followerCommit:1
2019-09-24 12:07:50,977 DEBUG impl.RaftServerImpl (RaftServerImpl.java:logAppendEntries(850)) - s0@group-93DF23ABB718: succeeded to handle AppendEntries. Reply: s1<-s0#1:OK,SUCCESS,nextIndex:4,term:2,followerCommit:1
2019-09-24 12:07:50,978 INFO  ratis.MiniRaftCluster (MiniRaftCluster.java:runWithNewCluster(127)) - printing ALL groups
  s0:  RUNNING  FOLLOWER s0@group-93DF23ABB718:t2, leader=s1, voted=s1, raftlog=s0@group-93DF23ABB718-SegmentedRaftLog:OPENED:c1,f3,i3, conf=3: [s0:0.0.0.0:37370, s1:0.0.0.0:37937, s2:0.0.0.0:45661], old=null RUNNING
  s1:  RUNNING    LEADER s1@group-93DF23ABB718:t2, leader=s1, voted=s1, raftlog=s1@group-93DF23ABB718-SegmentedRaftLog:OPENED:c2,f3,i3, conf=3: [s0:0.0.0.0:37370, s1:0.0.0.0:37937, s2:0.0.0.0:45661], old=null RUNNING
  s2:  RUNNING  FOLLOWER s2@group-93DF23ABB718:t2, leader=s1, voted=s1, raftlog=s2@group-93DF23ABB718-SegmentedRaftLog:OPENED:c1,f3,i3, conf=3: [s0:0.0.0.0:37370, s1:0.0.0.0:37937, s2:0.0.0.0:45661], old=null RUNNING
2019-09-24 12:07:50,979 ERROR ratis.MiniRaftCluster (MiniRaftCluster.java:runWithNewCluster(128)) - Failed org.apache.ratis.MiniRaftCluster$Factory$Get.runWithNewCluster(MiniRaftCluster.java:113)
java.lang.NullPointerException
	at java.util.Objects.requireNonNull(Objects.java:203)
	at org.apache.ratis.server.impl.RaftStateMachineExceptionTests.runTestRetryOnExceptionDuringReplication(RaftStateMachineExceptionTests.java:170)
	at org.apache.ratis.MiniRaftCluster$Factory$Get.runWithNewCluster(MiniRaftCluster.java:125)
	at org.apache.ratis.MiniRaftCluster$Factory$Get.runWithNewCluster(MiniRaftCluster.java:113)
	at org.apache.ratis.server.impl.RaftStateMachineExceptionTests.testRetryOnExceptionDuringReplication(RaftStateMachineExceptionTests.java:145)
	at sun.reflect.NativeMethodAccessorImpl.invoke0(Native Method)
	at sun.reflect.NativeMethodAccessorImpl.invoke(NativeMethodAccessorImpl.java:62)
	at sun.reflect.DelegatingMethodAccessorImpl.invoke(DelegatingMethodAccessorImpl.java:43)
	at java.lang.reflect.Method.invoke(Method.java:498)
	at org.junit.runners.model.FrameworkMethod$1.runReflectiveCall(FrameworkMethod.java:50)
	at org.junit.internal.runners.model.ReflectiveCallable.run(ReflectiveCallable.java:12)
	at org.junit.runners.model.FrameworkMethod.invokeExplosively(FrameworkMethod.java:47)
	at org.junit.internal.runners.statements.InvokeMethod.evaluate(InvokeMethod.java:17)
	at org.junit.internal.runners.statements.RunAfters.evaluate(RunAfters.java:27)
	at org.junit.internal.runners.statements.FailOnTimeout$CallableStatement.call(FailOnTimeout.java:298)
	at org.junit.internal.runners.statements.FailOnTimeout$CallableStatement.call(FailOnTimeout.java:292)
	at java.util.concurrent.FutureTask.run(FutureTask.java:266)
	at java.lang.Thread.run(Thread.java:748)
2019-09-24 12:07:50,980 INFO  ratis.MiniRaftCluster (MiniRaftCluster.java:shutdown(700)) - ************************************************************** 
2019-09-24 12:07:50,981 INFO  ratis.MiniRaftCluster (MiniRaftCluster.java:shutdown(701)) - *** 
2019-09-24 12:07:50,981 INFO  ratis.MiniRaftCluster (MiniRaftCluster.java:shutdown(702)) - ***     Stopping MiniRaftClusterWithGrpc
2019-09-24 12:07:50,981 INFO  ratis.MiniRaftCluster (MiniRaftCluster.java:shutdown(703)) - *** 
2019-09-24 12:07:50,981 INFO  ratis.MiniRaftCluster (MiniRaftCluster.java:shutdown(704)) - ************************************************************** 
2019-09-24 12:07:50,981 DEBUG impl.RaftServerImpl (RaftServerImpl.java:logAppendEntries(850)) - s2@group-93DF23ABB718: receive appendEntries(s1, 2, (t:2, i:3), 3, false, commits[s1:c3, s0:c1, s2:c1], entries: (t:2, i:4), METADATAENTRY(c3)
2019-09-24 12:07:50,982 DEBUG impl.RaftServerImpl (RaftServerImpl.java:logAppendEntries(850)) - s0@group-93DF23ABB718: receive appendEntries(s1, 2, (t:2, i:3), 3, false, commits[s1:c3, s0:c1, s2:c1], entries: (t:2, i:4), METADATAENTRY(c3)
2019-09-24 12:07:50,982 DEBUG raftlog.RaftLog (SegmentedRaftLog.java:appendImpl(425)) - truncateIndex=-1, arrayIndex=0
2019-09-24 12:07:50,982 INFO  ratis.MiniRaftCluster (MiniRaftCluster.java:shutdown(705)) - printing ALL groups
  s0:  RUNNING  FOLLOWER s0@group-93DF23ABB718:t2, leader=s1, voted=s1, raftlog=s0@group-93DF23ABB718-SegmentedRaftLog:OPENED:c1,f3,i3, conf=3: [s0:0.0.0.0:37370, s1:0.0.0.0:37937, s2:0.0.0.0:45661], old=null RUNNING
  s1:  RUNNING    LEADER s1@group-93DF23ABB718:t2, leader=s1, voted=s1, raftlog=s1@group-93DF23ABB718-SegmentedRaftLog:OPENED:c3,f3,i4, conf=3: [s0:0.0.0.0:37370, s1:0.0.0.0:37937, s2:0.0.0.0:45661], old=null RUNNING
  s2:  RUNNING  FOLLOWER s2@group-93DF23ABB718:t2, leader=s1, voted=s1, raftlog=s2@group-93DF23ABB718-SegmentedRaftLog:OPENED:c1,f3,i3, conf=3: [s0:0.0.0.0:37370, s1:0.0.0.0:37937, s2:0.0.0.0:45661], old=null RUNNING
2019-09-24 12:07:50,982 DEBUG raftlog.RaftLog (SegmentedRaftLog.java:appendImpl(425)) - truncateIndex=-1, arrayIndex=0
2019-09-24 12:07:50,983 INFO  impl.RaftServerProxy (RaftServerProxy.java:lambda$close$4(314)) - s0: close
2019-09-24 12:07:50,984 INFO  impl.RaftServerProxy (RaftServerProxy.java:lambda$close$4(314)) - s1: close
2019-09-24 12:07:50,985 INFO  impl.RaftServerImpl (RaftServerImpl.java:lambda$shutdown$3(247)) - s0@group-93DF23ABB718: shutdown
2019-09-24 12:07:50,985 INFO  impl.RaftServerImpl (RaftServerImpl.java:lambda$shutdown$3(247)) - s1@group-93DF23ABB718: shutdown
2019-09-24 12:07:50,985 INFO  impl.RaftServerProxy (RaftServerProxy.java:lambda$close$4(314)) - s2: close
2019-09-24 12:07:50,986 INFO  util.JmxRegister (JmxRegister.java:unregister(73)) - Successfully un-registered JMX Bean with object name Ratis:service=RaftServer,group=group-93DF23ABB718,id=s1
2019-09-24 12:07:50,986 INFO  util.JmxRegister (JmxRegister.java:unregister(73)) - Successfully un-registered JMX Bean with object name Ratis:service=RaftServer,group=group-93DF23ABB718,id=s0
2019-09-24 12:07:50,987 INFO  impl.RoleInfo (RoleInfo.java:shutdownLeaderState(104)) - s1: shutdown LeaderState
2019-09-24 12:07:50,986 INFO  impl.RaftServerImpl (RaftServerImpl.java:lambda$shutdown$3(247)) - s2@group-93DF23ABB718: shutdown
2019-09-24 12:07:50,988 WARN  server.GrpcLogAppender (GrpcLogAppender.java:mayWait(143)) - s1@group-93DF23ABB718->s0-GrpcLogAppender: Wait interrupted by java.lang.InterruptedException
2019-09-24 12:07:50,988 WARN  server.GrpcLogAppender (GrpcLogAppender.java:mayWait(143)) - s1@group-93DF23ABB718->s2-GrpcLogAppender: Wait interrupted by java.lang.InterruptedException
2019-09-24 12:07:50,988 INFO  impl.PendingRequests (PendingRequests.java:sendNotLeaderResponses(202)) - s1@group-93DF23ABB718-PendingRequests: sendNotLeaderResponses
2019-09-24 12:07:50,987 INFO  impl.RoleInfo (RoleInfo.java:shutdownFollowerState(121)) - s0: shutdown FollowerState
2019-09-24 12:07:50,991 INFO  server.GrpcServerProtocolService (GrpcServerProtocolService.java:onCompleted(113)) - s0: Completed APPEND_ENTRIES, lastRequest: s1->s0#4-t2, previous=(t:2, i:3), leaderCommit=3, initializing? false, entries: size=1, first=(t:2, i:4), METADATAENTRY(c3)
2019-09-24 12:07:50,991 INFO  impl.StateMachineUpdater (StateMachineUpdater.java:stopAndJoin(136)) - s1@group-93DF23ABB718-StateMachineUpdater: set stopIndex = 3
2019-09-24 12:07:50,988 INFO  util.JmxRegister (JmxRegister.java:unregister(73)) - Successfully un-registered JMX Bean with object name Ratis:service=RaftServer,group=group-93DF23ABB718,id=s2
2019-09-24 12:07:50,991 INFO  impl.RaftServerImpl (ServerState.java:close(386)) - s1@group-93DF23ABB718: closes. applyIndex: 3
2019-09-24 12:07:50,991 INFO  server.GrpcServerProtocolService (GrpcServerProtocolService.java:onCompleted(113)) - s2: Completed APPEND_ENTRIES, lastRequest: s1->s2#4-t2, previous=(t:2, i:3), leaderCommit=3, initializing? false, entries: size=1, first=(t:2, i:4), METADATAENTRY(c3)
2019-09-24 12:07:50,991 INFO  impl.FollowerState (FollowerState.java:run(117)) - s0@group-93DF23ABB718-FollowerState was interrupted: java.lang.InterruptedException: sleep interrupted
2019-09-24 12:07:50,991 INFO  impl.StateMachineUpdater (StateMachineUpdater.java:stopAndJoin(136)) - s0@group-93DF23ABB718-StateMachineUpdater: set stopIndex = 1
2019-09-24 12:07:50,992 INFO  segmented.SegmentedRaftLogWorker (SegmentedRaftLogWorker.java:run(313)) - s1@group-93DF23ABB718-SegmentedRaftLogWorker was interrupted, exiting. There are 0 tasks remaining in the queue.
2019-09-24 12:07:50,992 DEBUG impl.RaftServerImpl (RaftServerImpl.java:logAppendEntries(850)) - s0@group-93DF23ABB718: succeeded to handle AppendEntries. Reply: s1<-s0#4:OK,SUCCESS,nextIndex:5,term:2,followerCommit:3
2019-09-24 12:07:50,992 DEBUG impl.RaftServerImpl (RaftServerImpl.java:logAppendEntries(850)) - s2@group-93DF23ABB718: succeeded to handle AppendEntries. Reply: s1<-s2#4:OK,SUCCESS,nextIndex:5,term:2,followerCommit:3
2019-09-24 12:07:50,992 INFO  server.GrpcLogAppender (GrpcLogAppender.java:onCompleted(293)) - s1@group-93DF23ABB718->s0-AppendLogResponseHandler: follower responses appendEntries COMPLETED
2019-09-24 12:07:50,992 INFO  impl.RoleInfo (RoleInfo.java:shutdownFollowerState(121)) - s2: shutdown FollowerState
2019-09-24 12:07:50,994 INFO  server.GrpcLogAppender (GrpcLogAppender.java:onCompleted(293)) - s1@group-93DF23ABB718->s2-AppendLogResponseHandler: follower responses appendEntries COMPLETED
2019-09-24 12:07:50,993 INFO  impl.RaftServerImpl (ServerState.java:close(386)) - s0@group-93DF23ABB718: closes. applyIndex: 1
2019-09-24 12:07:50,996 INFO  impl.FollowerState (FollowerState.java:run(117)) - s2@group-93DF23ABB718-FollowerState was interrupted: java.lang.InterruptedException: sleep interrupted
2019-09-24 12:07:50,997 INFO  segmented.SegmentedRaftLogWorker (SegmentedRaftLogWorker.java:run(313)) - s0@group-93DF23ABB718-SegmentedRaftLogWorker was interrupted, exiting. There are 0 tasks remaining in the queue.
2019-09-24 12:07:50,996 INFO  impl.StateMachineUpdater (StateMachineUpdater.java:stopAndJoin(136)) - s2@group-93DF23ABB718-StateMachineUpdater: set stopIndex = 3
2019-09-24 12:07:50,999 INFO  impl.RaftServerImpl (ServerState.java:close(386)) - s2@group-93DF23ABB718: closes. applyIndex: 3
2019-09-24 12:07:50,997 INFO  impl.FollowerInfo (FollowerInfo.java:lambda$new$0(51)) - s1@group-93DF23ABB718->s0: nextIndex: updateUnconditionally 5 -> 4
2019-09-24 12:07:50,997 INFO  segmented.SegmentedRaftLogWorker (SegmentedRaftLogWorker.java:close(228)) - s1@group-93DF23ABB718-SegmentedRaftLogWorker close()
2019-09-24 12:07:51,000 INFO  impl.FollowerInfo (FollowerInfo.java:lambda$new$0(51)) - s1@group-93DF23ABB718->s2: nextIndex: updateUnconditionally 5 -> 4
2019-09-24 12:07:50,999 INFO  segmented.SegmentedRaftLogWorker (SegmentedRaftLogWorker.java:run(313)) - s2@group-93DF23ABB718-SegmentedRaftLogWorker was interrupted, exiting. There are 0 tasks remaining in the queue.
2019-09-24 12:07:51,001 INFO  server.GrpcService (GrpcService.java:closeImpl(164)) - s1: shutdown server with port 37937 now
2019-09-24 12:07:51,001 INFO  segmented.SegmentedRaftLogWorker (SegmentedRaftLogWorker.java:close(228)) - s0@group-93DF23ABB718-SegmentedRaftLogWorker close()
2019-09-24 12:07:51,004 INFO  server.GrpcService (GrpcService.java:closeImpl(164)) - s0: shutdown server with port 37370 now
2019-09-24 12:07:51,004 INFO  segmented.SegmentedRaftLogWorker (SegmentedRaftLogWorker.java:close(228)) - s2@group-93DF23ABB718-SegmentedRaftLogWorker close()
2019-09-24 12:07:51,004 INFO  server.GrpcService (GrpcService.java:closeImpl(172)) - s0: shutdown server with port 37370 successfully
2019-09-24 12:07:51,004 INFO  server.GrpcService (GrpcService.java:closeImpl(172)) - s1: shutdown server with port 37937 successfully
2019-09-24 12:07:51,005 INFO  server.GrpcService (GrpcService.java:closeImpl(164)) - s2: shutdown server with port 45661 now
2019-09-24 12:07:51,006 INFO  server.GrpcService (GrpcService.java:closeImpl(172)) - s2: shutdown server with port 45661 successfully
2019-09-24 12:07:51,007 INFO  ratis.MiniRaftCluster (MiniRaftCluster.java:shutdown(722)) - MiniRaftClusterWithGrpc shutdown completed
]]></system-out>
  </testcase>
</testsuite>