<?xml version="1.0" encoding="UTF-8"?>
<testsuite xmlns:xsi="http://www.w3.org/2001/XMLSchema-instance" xsi:noNamespaceSchemaLocation="https://maven.apache.org/surefire/maven-surefire-plugin/xsd/surefire-test-report.xsd" name="org.apache.ratis.server.simulation.TestLeaderElectionWithSimulatedRpc" time="114.783" tests="5" errors="1" skipped="0" failures="0">
  <properties>
    <property name="awt.toolkit" value="sun.awt.X11.XToolkit"/>
    <property name="file.encoding.pkg" value="sun.io"/>
    <property name="java.specification.version" value="1.8"/>
    <property name="sun.cpu.isalist" value=""/>
    <property name="sun.jnu.encoding" value="UTF-8"/>
    <property name="java.class.path" value="/workdir/ratis-test/target/test-classes:/workdir/ratis-test/target/classes:/workdir/ratis-common/target/classes:/home/user/.m2/repository/org/apache/ratis/ratis-thirdparty-misc/0.2.0/ratis-thirdparty-misc-0.2.0.jar:/workdir/ratis-proto/target/ratis-proto-0.5.0-SNAPSHOT.jar:/home/user/.m2/repository/org/slf4j/slf4j-log4j12/1.7.10/slf4j-log4j12-1.7.10.jar:/home/user/.m2/repository/log4j/log4j/1.2.17/log4j-1.2.17.jar:/workdir/ratis-common/target/test-classes:/workdir/ratis-client/target/classes:/workdir/ratis-server/target/classes:/workdir/ratis-metrics/target/classes:/home/user/.m2/repository/io/dropwizard/metrics/metrics-core/3.2.5/metrics-core-3.2.5.jar:/home/user/.m2/repository/com/github/joshelser/dropwizard-metrics-hadoop-metrics2-reporter/0.1.2/dropwizard-metrics-hadoop-metrics2-reporter-0.1.2.jar:/home/user/.m2/repository/org/apache/hadoop/hadoop-common/2.6.0/hadoop-common-2.6.0.jar:/home/user/.m2/repository/org/apache/hadoop/hadoop-annotations/2.6.0/hadoop-annotations-2.6.0.jar:/usr/lib/jvm/java-1.8-openjdk/jre/../lib/tools.jar:/home/user/.m2/repository/com/google/guava/guava/11.0.2/guava-11.0.2.jar:/home/user/.m2/repository/commons-cli/commons-cli/1.2/commons-cli-1.2.jar:/home/user/.m2/repository/org/apache/commons/commons-math3/3.1.1/commons-math3-3.1.1.jar:/home/user/.m2/repository/xmlenc/xmlenc/0.52/xmlenc-0.52.jar:/home/user/.m2/repository/commons-httpclient/commons-httpclient/3.1/commons-httpclient-3.1.jar:/home/user/.m2/repository/commons-codec/commons-codec/1.4/commons-codec-1.4.jar:/home/user/.m2/repository/commons-io/commons-io/2.4/commons-io-2.4.jar:/home/user/.m2/repository/commons-net/commons-net/3.1/commons-net-3.1.jar:/home/user/.m2/repository/commons-collections/commons-collections/3.2.1/commons-collections-3.2.1.jar:/home/user/.m2/repository/javax/servlet/servlet-api/2.5/servlet-api-2.5.jar:/home/user/.m2/repository/org/mortbay/jetty/jetty/6.1.26/jetty-6.1.26.jar:/home/user/.m2/repository/org/mortbay/jetty/jetty-util/6.1.26/jetty-util-6.1.26.jar:/home/user/.m2/repository/com/sun/jersey/jersey-core/1.9/jersey-core-1.9.jar:/home/user/.m2/repository/com/sun/jersey/jersey-json/1.9/jersey-json-1.9.jar:/home/user/.m2/repository/org/codehaus/jettison/jettison/1.1/jettison-1.1.jar:/home/user/.m2/repository/com/sun/xml/bind/jaxb-impl/2.2.3-1/jaxb-impl-2.2.3-1.jar:/home/user/.m2/repository/javax/xml/bind/jaxb-api/2.2.2/jaxb-api-2.2.2.jar:/home/user/.m2/repository/javax/xml/stream/stax-api/1.0-2/stax-api-1.0-2.jar:/home/user/.m2/repository/javax/activation/activation/1.1/activation-1.1.jar:/home/user/.m2/repository/org/codehaus/jackson/jackson-jaxrs/1.8.3/jackson-jaxrs-1.8.3.jar:/home/user/.m2/repository/org/codehaus/jackson/jackson-xc/1.8.3/jackson-xc-1.8.3.jar:/home/user/.m2/repository/com/sun/jersey/jersey-server/1.9/jersey-server-1.9.jar:/home/user/.m2/repository/asm/asm/3.1/asm-3.1.jar:/home/user/.m2/repository/tomcat/jasper-compiler/5.5.23/jasper-compiler-5.5.23.jar:/home/user/.m2/repository/tomcat/jasper-runtime/5.5.23/jasper-runtime-5.5.23.jar:/home/user/.m2/repository/javax/servlet/jsp/jsp-api/2.1/jsp-api-2.1.jar:/home/user/.m2/repository/commons-el/commons-el/1.0/commons-el-1.0.jar:/home/user/.m2/repository/commons-logging/commons-logging/1.1.3/commons-logging-1.1.3.jar:/home/user/.m2/repository/net/java/dev/jets3t/jets3t/0.9.0/jets3t-0.9.0.jar:/home/user/.m2/repository/org/apache/httpcomponents/httpclient/4.1.2/httpclient-4.1.2.jar:/home/user/.m2/repository/org/apache/httpcomponents/httpcore/4.1.2/httpcore-4.1.2.jar:/home/user/.m2/repository/com/jamesmurty/utils/java-xmlbuilder/0.4/java-xmlbuilder-0.4.jar:/home/user/.m2/repository/commons-lang/commons-lang/2.6/commons-lang-2.6.jar:/home/user/.m2/repository/commons-configuration/commons-configuration/1.6/commons-configuration-1.6.jar:/home/user/.m2/repository/commons-digester/commons-digester/1.8/commons-digester-1.8.jar:/home/user/.m2/repository/commons-beanutils/commons-beanutils/1.7.0/commons-beanutils-1.7.0.jar:/home/user/.m2/repository/commons-beanutils/commons-beanutils-core/1.8.0/commons-beanutils-core-1.8.0.jar:/home/user/.m2/repository/org/codehaus/jackson/jackson-core-asl/1.9.13/jackson-core-asl-1.9.13.jar:/home/user/.m2/repository/org/codehaus/jackson/jackson-mapper-asl/1.9.13/jackson-mapper-asl-1.9.13.jar:/home/user/.m2/repository/org/apache/avro/avro/1.7.4/avro-1.7.4.jar:/home/user/.m2/repository/com/thoughtworks/paranamer/paranamer/2.3/paranamer-2.3.jar:/home/user/.m2/repository/org/xerial/snappy/snappy-java/1.0.4.1/snappy-java-1.0.4.1.jar:/home/user/.m2/repository/com/google/protobuf/protobuf-java/2.5.0/protobuf-java-2.5.0.jar:/home/user/.m2/repository/com/google/code/gson/gson/2.2.4/gson-2.2.4.jar:/home/user/.m2/repository/org/apache/hadoop/hadoop-auth/2.6.0/hadoop-auth-2.6.0.jar:/home/user/.m2/repository/org/apache/directory/server/apacheds-kerberos-codec/2.0.0-M15/apacheds-kerberos-codec-2.0.0-M15.jar:/home/user/.m2/repository/org/apache/directory/server/apacheds-i18n/2.0.0-M15/apacheds-i18n-2.0.0-M15.jar:/home/user/.m2/repository/org/apache/directory/api/api-asn1-api/1.0.0-M20/api-asn1-api-1.0.0-M20.jar:/home/user/.m2/repository/org/apache/directory/api/api-util/1.0.0-M20/api-util-1.0.0-M20.jar:/home/user/.m2/repository/org/apache/curator/curator-framework/2.6.0/curator-framework-2.6.0.jar:/home/user/.m2/repository/com/jcraft/jsch/0.1.42/jsch-0.1.42.jar:/home/user/.m2/repository/org/apache/curator/curator-client/2.6.0/curator-client-2.6.0.jar:/home/user/.m2/repository/org/apache/curator/curator-recipes/2.6.0/curator-recipes-2.6.0.jar:/home/user/.m2/repository/com/google/code/findbugs/jsr305/1.3.9/jsr305-1.3.9.jar:/home/user/.m2/repository/org/htrace/htrace-core/3.0.4/htrace-core-3.0.4.jar:/home/user/.m2/repository/org/apache/zookeeper/zookeeper/3.4.6/zookeeper-3.4.6.jar:/home/user/.m2/repository/io/netty/netty/3.7.0.Final/netty-3.7.0.Final.jar:/home/user/.m2/repository/org/apache/commons/commons-compress/1.4.1/commons-compress-1.4.1.jar:/home/user/.m2/repository/org/tukaani/xz/1.0/xz-1.0.jar:/home/user/.m2/repository/io/dropwizard/metrics/metrics-jvm/3.2.5/metrics-jvm-3.2.5.jar:/home/user/.m2/repository/io/dropwizard/metrics/metrics-ganglia/3.2.5/metrics-ganglia-3.2.5.jar:/home/user/.m2/repository/info/ganglia/gmetric4j/gmetric4j/1.0.7/gmetric4j-1.0.7.jar:/workdir/ratis-server/target/test-classes:/workdir/ratis-netty/target/classes:/workdir/ratis-netty/target/test-classes:/workdir/ratis-grpc/target/classes:/workdir/ratis-grpc/target/test-classes:/home/user/.m2/repository/org/slf4j/slf4j-api/1.7.10/slf4j-api-1.7.10.jar:/home/user/.m2/repository/junit/junit/4.12/junit-4.12.jar:/home/user/.m2/repository/org/hamcrest/hamcrest-core/1.3/hamcrest-core-1.3.jar:/home/user/.m2/repository/org/mockito/mockito-all/1.8.5/mockito-all-1.8.5.jar:"/>
    <property name="java.vm.vendor" value="IcedTea"/>
    <property name="sun.arch.data.model" value="64"/>
    <property name="java.vendor.url" value="https://icedtea.classpath.org"/>
    <property name="user.timezone" value=""/>
    <property name="java.vm.specification.version" value="1.8"/>
    <property name="os.name" value="Linux"/>
    <property name="user.country" value="US"/>
    <property name="sun.java.launcher" value="SUN_STANDARD"/>
    <property name="sun.boot.library.path" value="/usr/lib/jvm/java-1.8-openjdk/jre/lib/amd64"/>
    <property name="sun.java.command" value="/workdir/ratis-test/target/surefire/surefirebooter2791961687334284607.jar /workdir/ratis-test/target/surefire 2019-09-24T11-55-26_108-jvmRun1 surefire5276013365418884462tmp surefire_169030497767630900297tmp"/>
    <property name="surefire.test.class.path" value="/workdir/ratis-test/target/test-classes:/workdir/ratis-test/target/classes:/workdir/ratis-common/target/classes:/home/user/.m2/repository/org/apache/ratis/ratis-thirdparty-misc/0.2.0/ratis-thirdparty-misc-0.2.0.jar:/workdir/ratis-proto/target/ratis-proto-0.5.0-SNAPSHOT.jar:/home/user/.m2/repository/org/slf4j/slf4j-log4j12/1.7.10/slf4j-log4j12-1.7.10.jar:/home/user/.m2/repository/log4j/log4j/1.2.17/log4j-1.2.17.jar:/workdir/ratis-common/target/test-classes:/workdir/ratis-client/target/classes:/workdir/ratis-server/target/classes:/workdir/ratis-metrics/target/classes:/home/user/.m2/repository/io/dropwizard/metrics/metrics-core/3.2.5/metrics-core-3.2.5.jar:/home/user/.m2/repository/com/github/joshelser/dropwizard-metrics-hadoop-metrics2-reporter/0.1.2/dropwizard-metrics-hadoop-metrics2-reporter-0.1.2.jar:/home/user/.m2/repository/org/apache/hadoop/hadoop-common/2.6.0/hadoop-common-2.6.0.jar:/home/user/.m2/repository/org/apache/hadoop/hadoop-annotations/2.6.0/hadoop-annotations-2.6.0.jar:/usr/lib/jvm/java-1.8-openjdk/jre/../lib/tools.jar:/home/user/.m2/repository/com/google/guava/guava/11.0.2/guava-11.0.2.jar:/home/user/.m2/repository/commons-cli/commons-cli/1.2/commons-cli-1.2.jar:/home/user/.m2/repository/org/apache/commons/commons-math3/3.1.1/commons-math3-3.1.1.jar:/home/user/.m2/repository/xmlenc/xmlenc/0.52/xmlenc-0.52.jar:/home/user/.m2/repository/commons-httpclient/commons-httpclient/3.1/commons-httpclient-3.1.jar:/home/user/.m2/repository/commons-codec/commons-codec/1.4/commons-codec-1.4.jar:/home/user/.m2/repository/commons-io/commons-io/2.4/commons-io-2.4.jar:/home/user/.m2/repository/commons-net/commons-net/3.1/commons-net-3.1.jar:/home/user/.m2/repository/commons-collections/commons-collections/3.2.1/commons-collections-3.2.1.jar:/home/user/.m2/repository/javax/servlet/servlet-api/2.5/servlet-api-2.5.jar:/home/user/.m2/repository/org/mortbay/jetty/jetty/6.1.26/jetty-6.1.26.jar:/home/user/.m2/repository/org/mortbay/jetty/jetty-util/6.1.26/jetty-util-6.1.26.jar:/home/user/.m2/repository/com/sun/jersey/jersey-core/1.9/jersey-core-1.9.jar:/home/user/.m2/repository/com/sun/jersey/jersey-json/1.9/jersey-json-1.9.jar:/home/user/.m2/repository/org/codehaus/jettison/jettison/1.1/jettison-1.1.jar:/home/user/.m2/repository/com/sun/xml/bind/jaxb-impl/2.2.3-1/jaxb-impl-2.2.3-1.jar:/home/user/.m2/repository/javax/xml/bind/jaxb-api/2.2.2/jaxb-api-2.2.2.jar:/home/user/.m2/repository/javax/xml/stream/stax-api/1.0-2/stax-api-1.0-2.jar:/home/user/.m2/repository/javax/activation/activation/1.1/activation-1.1.jar:/home/user/.m2/repository/org/codehaus/jackson/jackson-jaxrs/1.8.3/jackson-jaxrs-1.8.3.jar:/home/user/.m2/repository/org/codehaus/jackson/jackson-xc/1.8.3/jackson-xc-1.8.3.jar:/home/user/.m2/repository/com/sun/jersey/jersey-server/1.9/jersey-server-1.9.jar:/home/user/.m2/repository/asm/asm/3.1/asm-3.1.jar:/home/user/.m2/repository/tomcat/jasper-compiler/5.5.23/jasper-compiler-5.5.23.jar:/home/user/.m2/repository/tomcat/jasper-runtime/5.5.23/jasper-runtime-5.5.23.jar:/home/user/.m2/repository/javax/servlet/jsp/jsp-api/2.1/jsp-api-2.1.jar:/home/user/.m2/repository/commons-el/commons-el/1.0/commons-el-1.0.jar:/home/user/.m2/repository/commons-logging/commons-logging/1.1.3/commons-logging-1.1.3.jar:/home/user/.m2/repository/net/java/dev/jets3t/jets3t/0.9.0/jets3t-0.9.0.jar:/home/user/.m2/repository/org/apache/httpcomponents/httpclient/4.1.2/httpclient-4.1.2.jar:/home/user/.m2/repository/org/apache/httpcomponents/httpcore/4.1.2/httpcore-4.1.2.jar:/home/user/.m2/repository/com/jamesmurty/utils/java-xmlbuilder/0.4/java-xmlbuilder-0.4.jar:/home/user/.m2/repository/commons-lang/commons-lang/2.6/commons-lang-2.6.jar:/home/user/.m2/repository/commons-configuration/commons-configuration/1.6/commons-configuration-1.6.jar:/home/user/.m2/repository/commons-digester/commons-digester/1.8/commons-digester-1.8.jar:/home/user/.m2/repository/commons-beanutils/commons-beanutils/1.7.0/commons-beanutils-1.7.0.jar:/home/user/.m2/repository/commons-beanutils/commons-beanutils-core/1.8.0/commons-beanutils-core-1.8.0.jar:/home/user/.m2/repository/org/codehaus/jackson/jackson-core-asl/1.9.13/jackson-core-asl-1.9.13.jar:/home/user/.m2/repository/org/codehaus/jackson/jackson-mapper-asl/1.9.13/jackson-mapper-asl-1.9.13.jar:/home/user/.m2/repository/org/apache/avro/avro/1.7.4/avro-1.7.4.jar:/home/user/.m2/repository/com/thoughtworks/paranamer/paranamer/2.3/paranamer-2.3.jar:/home/user/.m2/repository/org/xerial/snappy/snappy-java/1.0.4.1/snappy-java-1.0.4.1.jar:/home/user/.m2/repository/com/google/protobuf/protobuf-java/2.5.0/protobuf-java-2.5.0.jar:/home/user/.m2/repository/com/google/code/gson/gson/2.2.4/gson-2.2.4.jar:/home/user/.m2/repository/org/apache/hadoop/hadoop-auth/2.6.0/hadoop-auth-2.6.0.jar:/home/user/.m2/repository/org/apache/directory/server/apacheds-kerberos-codec/2.0.0-M15/apacheds-kerberos-codec-2.0.0-M15.jar:/home/user/.m2/repository/org/apache/directory/server/apacheds-i18n/2.0.0-M15/apacheds-i18n-2.0.0-M15.jar:/home/user/.m2/repository/org/apache/directory/api/api-asn1-api/1.0.0-M20/api-asn1-api-1.0.0-M20.jar:/home/user/.m2/repository/org/apache/directory/api/api-util/1.0.0-M20/api-util-1.0.0-M20.jar:/home/user/.m2/repository/org/apache/curator/curator-framework/2.6.0/curator-framework-2.6.0.jar:/home/user/.m2/repository/com/jcraft/jsch/0.1.42/jsch-0.1.42.jar:/home/user/.m2/repository/org/apache/curator/curator-client/2.6.0/curator-client-2.6.0.jar:/home/user/.m2/repository/org/apache/curator/curator-recipes/2.6.0/curator-recipes-2.6.0.jar:/home/user/.m2/repository/com/google/code/findbugs/jsr305/1.3.9/jsr305-1.3.9.jar:/home/user/.m2/repository/org/htrace/htrace-core/3.0.4/htrace-core-3.0.4.jar:/home/user/.m2/repository/org/apache/zookeeper/zookeeper/3.4.6/zookeeper-3.4.6.jar:/home/user/.m2/repository/io/netty/netty/3.7.0.Final/netty-3.7.0.Final.jar:/home/user/.m2/repository/org/apache/commons/commons-compress/1.4.1/commons-compress-1.4.1.jar:/home/user/.m2/repository/org/tukaani/xz/1.0/xz-1.0.jar:/home/user/.m2/repository/io/dropwizard/metrics/metrics-jvm/3.2.5/metrics-jvm-3.2.5.jar:/home/user/.m2/repository/io/dropwizard/metrics/metrics-ganglia/3.2.5/metrics-ganglia-3.2.5.jar:/home/user/.m2/repository/info/ganglia/gmetric4j/gmetric4j/1.0.7/gmetric4j-1.0.7.jar:/workdir/ratis-server/target/test-classes:/workdir/ratis-netty/target/classes:/workdir/ratis-netty/target/test-classes:/workdir/ratis-grpc/target/classes:/workdir/ratis-grpc/target/test-classes:/home/user/.m2/repository/org/slf4j/slf4j-api/1.7.10/slf4j-api-1.7.10.jar:/home/user/.m2/repository/junit/junit/4.12/junit-4.12.jar:/home/user/.m2/repository/org/hamcrest/hamcrest-core/1.3/hamcrest-core-1.3.jar:/home/user/.m2/repository/org/mockito/mockito-all/1.8.5/mockito-all-1.8.5.jar:"/>
    <property name="sun.cpu.endian" value="little"/>
    <property name="user.home" value="/home/user"/>
    <property name="user.language" value="en"/>
    <property name="java.specification.vendor" value="Oracle Corporation"/>
    <property name="java.home" value="/usr/lib/jvm/java-1.8-openjdk/jre"/>
    <property name="basedir" value="/workdir/ratis-test"/>
    <property name="file.separator" value="/"/>
    <property name="line.separator" value="&#10;"/>
    <property name="java.vm.specification.vendor" value="Oracle Corporation"/>
    <property name="java.specification.name" value="Java Platform API Specification"/>
    <property name="java.awt.graphicsenv" value="sun.awt.X11GraphicsEnvironment"/>
    <property name="surefire.real.class.path" value="/workdir/ratis-test/target/surefire/surefirebooter2791961687334284607.jar"/>
    <property name="sun.boot.class.path" value="/usr/lib/jvm/java-1.8-openjdk/jre/lib/resources.jar:/usr/lib/jvm/java-1.8-openjdk/jre/lib/rt.jar:/usr/lib/jvm/java-1.8-openjdk/jre/lib/sunrsasign.jar:/usr/lib/jvm/java-1.8-openjdk/jre/lib/jsse.jar:/usr/lib/jvm/java-1.8-openjdk/jre/lib/jce.jar:/usr/lib/jvm/java-1.8-openjdk/jre/lib/charsets.jar:/usr/lib/jvm/java-1.8-openjdk/jre/lib/jfr.jar:/usr/lib/jvm/java-1.8-openjdk/jre/classes"/>
    <property name="sun.management.compiler" value="HotSpot 64-Bit Tiered Compilers"/>
    <property name="java.runtime.version" value="1.8.0_212-b04"/>
    <property name="java.net.preferIPv4Stack" value="true"/>
    <property name="user.name" value="jenkins1000"/>
    <property name="path.separator" value=":"/>
    <property name="os.version" value="3.10.0-957.12.2.el7.x86_64"/>
    <property name="java.endorsed.dirs" value="/usr/lib/jvm/java-1.8-openjdk/jre/lib/endorsed"/>
    <property name="java.runtime.name" value="OpenJDK Runtime Environment"/>
    <property name="file.encoding" value="UTF-8"/>
    <property name="java.vm.name" value="OpenJDK 64-Bit Server VM"/>
    <property name="localRepository" value="/home/user/.m2/repository"/>
    <property name="java.vendor.url.bug" value="https://icedtea.classpath.org/bugzilla"/>
    <property name="java.io.tmpdir" value="/tmp"/>
    <property name="java.version" value="1.8.0_212"/>
    <property name="user.dir" value="/workdir/ratis-test"/>
    <property name="os.arch" value="amd64"/>
    <property name="ratis.tmp.dir" value="/workdir/ratis-test/target/tmp"/>
    <property name="java.vm.specification.name" value="Java Virtual Machine Specification"/>
    <property name="java.awt.printerjob" value="sun.print.PSPrinterJob"/>
    <property name="ratis.log.dir" value="/workdir/ratis-test/target/log"/>
    <property name="sun.os.patch.level" value="unknown"/>
    <property name="java.library.path" value="/usr/lib/jvm/java-1.8-openjdk/jre/lib/amd64/server:/usr/lib/jvm/java-1.8-openjdk/jre/lib/amd64:/usr/lib/jvm/java-1.8-openjdk/jre/../lib/amd64:/usr/java/packages/lib/amd64:/usr/lib64:/lib64:/lib:/usr/lib"/>
    <property name="java.vm.info" value="mixed mode"/>
    <property name="java.vendor" value="IcedTea"/>
    <property name="java.vm.version" value="25.212-b04"/>
    <property name="java.ext.dirs" value="/usr/lib/jvm/java-1.8-openjdk/jre/lib/ext:/usr/java/packages/lib/ext"/>
    <property name="sun.io.unicode.encoding" value="UnicodeLittle"/>
    <property name="java.class.version" value="52.0"/>
  </properties>
  <testcase name="testEnforceLeader" classname="org.apache.ratis.server.simulation.TestLeaderElectionWithSimulatedRpc" time="3.457"/>
  <testcase name="testLateServerStart" classname="org.apache.ratis.server.simulation.TestLeaderElectionWithSimulatedRpc" time="4.549"/>
  <testcase name="testBasicLeaderElection" classname="org.apache.ratis.server.simulation.TestLeaderElectionWithSimulatedRpc" time="5.922"/>
  <testcase name="testChangeLeader" classname="org.apache.ratis.server.simulation.TestLeaderElectionWithSimulatedRpc" time="100.019">
    <error message="test timed out after 100 seconds" type="org.junit.runners.model.TestTimedOutException">org.junit.runners.model.TestTimedOutException: test timed out after 100 seconds
</error>
    <system-out><![CDATA[2019-09-24 11:59:25,329 INFO  util.LogUtils (LogUtils.java:setLogLevel(41)) - Set org.apache.ratis.conf.ConfUtils log level to WARN
2019-09-24 11:59:25,329 INFO  util.LogUtils (LogUtils.java:setLogLevel(41)) - Set org.apache.ratis.util.FileUtils log level to TRACE
2019-09-24 11:59:25,329 INFO  util.LogUtils (LogUtils.java:setLogLevel(41)) - Set org.apache.ratis.server.impl.RaftServerImpl log level to DEBUG
2019-09-24 11:59:25,329 INFO  util.LogUtils (LogUtils.java:setLogLevel(41)) - Set org.apache.ratis.client.RaftClient log level to DEBUG
2019-09-24 11:59:25,331 INFO  util.LogUtils (LogUtils.java:setLogLevel(41)) - Set org.apache.ratis.server.raftlog.segmented.SegmentedRaftLogWorker log level to TRACE
2019-09-24 11:59:25,332 INFO  simulation.TestLeaderElectionWithSimulatedRpc (LeaderElectionTests.java:testChangeLeader(75)) - Running testChangeLeader
2019-09-24 11:59:25,332 INFO  simulation.MiniRaftClusterWithSimulatedRpc (ConfUtils.java:logGet(43)) - org.apache.ratis.server.simulation.SimulatedRequestReply.simulateLatencyMs = 0 (custom)
2019-09-24 11:59:25,333 INFO  ratis.MiniRaftCluster (MiniRaftCluster.java:<init>(253)) - new MiniRaftClusterWithSimulatedRpc with group-3D81F66BC438:[s0:0.0.0.0:42154, s1:0.0.0.0:36158, s2:0.0.0.0:36910]
2019-09-24 11:59:25,333 INFO  ratis.MiniRaftCluster (MiniRaftCluster.java:start(287)) - .............................................................. 
2019-09-24 11:59:25,333 INFO  ratis.MiniRaftCluster (MiniRaftCluster.java:start(288)) - ... 
2019-09-24 11:59:25,333 INFO  ratis.MiniRaftCluster (MiniRaftCluster.java:start(289)) - ...     Starting MiniRaftClusterWithSimulatedRpc
2019-09-24 11:59:25,333 INFO  ratis.MiniRaftCluster (MiniRaftCluster.java:start(290)) - ... 
2019-09-24 11:59:25,334 INFO  ratis.MiniRaftCluster (MiniRaftCluster.java:start(291)) - .............................................................. 
2019-09-24 11:59:25,334 INFO  ratis.MiniRaftCluster (MiniRaftCluster.java:initServers(265)) - servers = {}
2019-09-24 11:59:25,334 INFO  ratis.MiniRaftCluster (MiniRaftCluster.java:newRaftServer(330)) - newRaftServer: s0, group-3D81F66BC438:[s0:0.0.0.0:42154, s1:0.0.0.0:36158, s2:0.0.0.0:36910], format? true
2019-09-24 11:59:25,334 TRACE util.FileUtils (FileUtils.java:deleteFully(88)) - deleteFully target/test/data/1630e404/MiniRaftClusterWithSimulatedRpcecb8161c/s0
2019-09-24 11:59:25,335 TRACE util.FileUtils (FileUtils.java:deleteFully(104)) - deleteFully: target/test/data/1630e404/MiniRaftClusterWithSimulatedRpcecb8161c/s0 does not exist.
2019-09-24 11:59:25,335 INFO  ratis.MiniRaftCluster (MiniRaftCluster.java:newRaftServer(335)) - Formatted directory target/test/data/1630e404/MiniRaftClusterWithSimulatedRpcecb8161c/s0
2019-09-24 11:59:25,335 INFO  impl.RaftServerProxy (ConfUtils.java:logGet(43)) - raft.rpc.type = org.apache.ratis.server.simulation.SimulatedRpc (custom)
2019-09-24 11:59:25,337 INFO  server.RaftServerConfigKeys (ConfUtils.java:logGet(43)) - raft.server.storage.dir = [/workdir/ratis-test/target/test/data/1630e404/MiniRaftClusterWithSimulatedRpcecb8161c/s0] (custom)
2019-09-24 11:59:25,337 INFO  impl.RaftServerProxy (RaftServerProxy.java:addNew(89)) - s0: addNew group-3D81F66BC438:[s0:0.0.0.0:42154, s1:0.0.0.0:36158, s2:0.0.0.0:36910] returns group-3D81F66BC438:java.util.concurrent.CompletableFuture@6b2ffb14[Not completed]
2019-09-24 11:59:25,337 INFO  impl.RaftServerImpl (RaftServerImpl.java:<init>(95)) - s0: new RaftServerImpl for group-3D81F66BC438:[s0:0.0.0.0:42154, s1:0.0.0.0:36158, s2:0.0.0.0:36910] with BaseStateMachine:uninitialized
2019-09-24 11:59:25,338 INFO  ratis.MiniRaftCluster (MiniRaftCluster.java:newRaftServer(330)) - newRaftServer: s1, group-3D81F66BC438:[s0:0.0.0.0:42154, s1:0.0.0.0:36158, s2:0.0.0.0:36910], format? true
2019-09-24 11:59:25,338 INFO  server.RaftServerConfigKeys (ConfUtils.java:logGet(43)) - raft.server.rpc.timeout.min = 150ms (default)
2019-09-24 11:59:25,338 TRACE util.FileUtils (FileUtils.java:deleteFully(88)) - deleteFully target/test/data/1630e404/MiniRaftClusterWithSimulatedRpcecb8161c/s1
2019-09-24 11:59:25,339 INFO  server.RaftServerConfigKeys (ConfUtils.java:logGet(43)) - raft.server.rpc.timeout.max = 300ms (default)
2019-09-24 11:59:25,339 TRACE util.FileUtils (FileUtils.java:deleteFully(104)) - deleteFully: target/test/data/1630e404/MiniRaftClusterWithSimulatedRpcecb8161c/s1 does not exist.
2019-09-24 11:59:25,339 INFO  server.RaftServerConfigKeys (ConfUtils.java:logGet(43)) - raft.server.rpcslowness.timeout = 60s (default)
2019-09-24 11:59:25,339 INFO  ratis.MiniRaftCluster (MiniRaftCluster.java:newRaftServer(335)) - Formatted directory target/test/data/1630e404/MiniRaftClusterWithSimulatedRpcecb8161c/s1
2019-09-24 11:59:25,339 INFO  server.RaftServerConfigKeys (ConfUtils.java:logGet(43)) - raft.server.sleep.deviation.threshold = 300 (default)
2019-09-24 11:59:25,340 INFO  impl.RaftServerProxy (ConfUtils.java:logGet(43)) - raft.rpc.type = org.apache.ratis.server.simulation.SimulatedRpc (custom)
2019-09-24 11:59:25,340 INFO  server.RaftServerConfigKeys (ConfUtils.java:logGet(43)) - raft.server.log.appender.install.snapshot.enabled = true (default)
2019-09-24 11:59:25,340 INFO  impl.RaftServerImpl (ServerState.java:<init>(103)) - s0@group-3D81F66BC438: ConfigurationManager, init=-1: [s0:0.0.0.0:42154, s1:0.0.0.0:36158, s2:0.0.0.0:36910], old=null, confs=<EMPTY_MAP>
2019-09-24 11:59:25,340 INFO  server.RaftServerConfigKeys (ConfUtils.java:logGet(43)) - raft.server.storage.dir = [/workdir/ratis-test/target/test/data/1630e404/MiniRaftClusterWithSimulatedRpcecb8161c/s1] (custom)
2019-09-24 11:59:25,340 INFO  server.RaftServerConfigKeys (ConfUtils.java:logGet(43)) - raft.server.storage.dir = [/workdir/ratis-test/target/test/data/1630e404/MiniRaftClusterWithSimulatedRpcecb8161c/s0] (custom)
2019-09-24 11:59:25,341 INFO  impl.RaftServerProxy (RaftServerProxy.java:addNew(89)) - s1: addNew group-3D81F66BC438:[s0:0.0.0.0:42154, s1:0.0.0.0:36158, s2:0.0.0.0:36910] returns group-3D81F66BC438:java.util.concurrent.CompletableFuture@1fe3bbe8[Not completed]
2019-09-24 11:59:25,341 INFO  impl.RaftServerImpl (RaftServerImpl.java:<init>(95)) - s1: new RaftServerImpl for group-3D81F66BC438:[s0:0.0.0.0:42154, s1:0.0.0.0:36158, s2:0.0.0.0:36910] with BaseStateMachine:uninitialized
2019-09-24 11:59:25,341 INFO  server.RaftServerConfigKeys (ConfUtils.java:logGet(43)) - raft.server.log.corruption.policy = EXCEPTION (default)
2019-09-24 11:59:25,342 INFO  server.RaftServerConfigKeys (ConfUtils.java:logGet(43)) - raft.server.rpc.timeout.min = 150ms (default)
2019-09-24 11:59:25,342 INFO  storage.RaftStorageDirectory (RaftStorageDirectory.java:analyzeStorage(246)) - The storage directory /workdir/ratis-test/target/test/data/1630e404/MiniRaftClusterWithSimulatedRpcecb8161c/s0/20b5bf50-abb9-421f-8107-3d81f66bc438 does not exist. Creating ...
2019-09-24 11:59:25,341 INFO  ratis.MiniRaftCluster (MiniRaftCluster.java:newRaftServer(330)) - newRaftServer: s2, group-3D81F66BC438:[s0:0.0.0.0:42154, s1:0.0.0.0:36158, s2:0.0.0.0:36910], format? true
2019-09-24 11:59:25,342 INFO  server.RaftServerConfigKeys (ConfUtils.java:logGet(43)) - raft.server.rpc.timeout.max = 300ms (default)
2019-09-24 11:59:25,343 TRACE util.FileUtils (FileUtils.java:deleteFully(88)) - deleteFully target/test/data/1630e404/MiniRaftClusterWithSimulatedRpcecb8161c/s2
2019-09-24 11:59:25,343 INFO  server.RaftServerConfigKeys (ConfUtils.java:logGet(43)) - raft.server.rpcslowness.timeout = 60s (default)
2019-09-24 11:59:25,343 TRACE util.FileUtils (FileUtils.java:deleteFully(104)) - deleteFully: target/test/data/1630e404/MiniRaftClusterWithSimulatedRpcecb8161c/s2 does not exist.
2019-09-24 11:59:25,343 TRACE util.FileUtils (LogUtils.java:runAndLog(61)) - Successfully ran Files.createDirectories /workdir/ratis-test/target/test/data/1630e404/MiniRaftClusterWithSimulatedRpcecb8161c/s0/20b5bf50-abb9-421f-8107-3d81f66bc438
2019-09-24 11:59:25,343 INFO  ratis.MiniRaftCluster (MiniRaftCluster.java:newRaftServer(335)) - Formatted directory target/test/data/1630e404/MiniRaftClusterWithSimulatedRpcecb8161c/s2
2019-09-24 11:59:25,343 INFO  server.RaftServerConfigKeys (ConfUtils.java:logGet(43)) - raft.server.sleep.deviation.threshold = 300 (default)
2019-09-24 11:59:25,344 INFO  impl.RaftServerProxy (ConfUtils.java:logGet(43)) - raft.rpc.type = org.apache.ratis.server.simulation.SimulatedRpc (custom)
2019-09-24 11:59:25,344 INFO  server.RaftServerConfigKeys (ConfUtils.java:logGet(43)) - raft.server.log.appender.install.snapshot.enabled = true (default)
2019-09-24 11:59:25,345 INFO  impl.RaftServerImpl (ServerState.java:<init>(103)) - s1@group-3D81F66BC438: ConfigurationManager, init=-1: [s0:0.0.0.0:42154, s1:0.0.0.0:36158, s2:0.0.0.0:36910], old=null, confs=<EMPTY_MAP>
2019-09-24 11:59:25,345 INFO  server.RaftServerConfigKeys (ConfUtils.java:logGet(43)) - raft.server.storage.dir = [/workdir/ratis-test/target/test/data/1630e404/MiniRaftClusterWithSimulatedRpcecb8161c/s1] (custom)
2019-09-24 11:59:25,345 INFO  server.RaftServerConfigKeys (ConfUtils.java:logGet(43)) - raft.server.storage.dir = [/workdir/ratis-test/target/test/data/1630e404/MiniRaftClusterWithSimulatedRpcecb8161c/s2] (custom)
2019-09-24 11:59:25,345 INFO  server.RaftServerConfigKeys (ConfUtils.java:logGet(43)) - raft.server.log.corruption.policy = EXCEPTION (default)
2019-09-24 11:59:25,346 INFO  impl.RaftServerProxy (RaftServerProxy.java:addNew(89)) - s2: addNew group-3D81F66BC438:[s0:0.0.0.0:42154, s1:0.0.0.0:36158, s2:0.0.0.0:36910] returns group-3D81F66BC438:java.util.concurrent.CompletableFuture@4e715e9[Not completed]
2019-09-24 11:59:25,346 INFO  impl.RaftServerImpl (RaftServerImpl.java:<init>(95)) - s2: new RaftServerImpl for group-3D81F66BC438:[s0:0.0.0.0:42154, s1:0.0.0.0:36158, s2:0.0.0.0:36910] with BaseStateMachine:uninitialized
2019-09-24 11:59:25,346 INFO  storage.RaftStorageDirectory (RaftStorageDirectory.java:analyzeStorage(246)) - The storage directory /workdir/ratis-test/target/test/data/1630e404/MiniRaftClusterWithSimulatedRpcecb8161c/s1/20b5bf50-abb9-421f-8107-3d81f66bc438 does not exist. Creating ...
2019-09-24 11:59:25,347 INFO  server.RaftServerConfigKeys (ConfUtils.java:logGet(43)) - raft.server.rpc.timeout.min = 150ms (default)
2019-09-24 11:59:25,347 INFO  server.RaftServerConfigKeys (ConfUtils.java:logGet(43)) - raft.server.rpc.timeout.max = 300ms (default)
2019-09-24 11:59:25,347 INFO  server.RaftServerConfigKeys (ConfUtils.java:logGet(43)) - raft.server.rpcslowness.timeout = 60s (default)
2019-09-24 11:59:25,347 INFO  server.RaftServerConfigKeys (ConfUtils.java:logGet(43)) - raft.server.sleep.deviation.threshold = 300 (default)
2019-09-24 11:59:25,348 INFO  server.RaftServerConfigKeys (ConfUtils.java:logGet(43)) - raft.server.log.appender.install.snapshot.enabled = true (default)
2019-09-24 11:59:25,348 TRACE util.FileUtils (LogUtils.java:runAndLog(61)) - Successfully ran Files.createDirectories /workdir/ratis-test/target/test/data/1630e404/MiniRaftClusterWithSimulatedRpcecb8161c/s1/20b5bf50-abb9-421f-8107-3d81f66bc438
2019-09-24 11:59:25,348 INFO  impl.RaftServerImpl (ServerState.java:<init>(103)) - s2@group-3D81F66BC438: ConfigurationManager, init=-1: [s0:0.0.0.0:42154, s1:0.0.0.0:36158, s2:0.0.0.0:36910], old=null, confs=<EMPTY_MAP>
2019-09-24 11:59:25,348 INFO  server.RaftServerConfigKeys (ConfUtils.java:logGet(43)) - raft.server.storage.dir = [/workdir/ratis-test/target/test/data/1630e404/MiniRaftClusterWithSimulatedRpcecb8161c/s2] (custom)
2019-09-24 11:59:25,348 INFO  server.RaftServerConfigKeys (ConfUtils.java:logGet(43)) - raft.server.log.corruption.policy = EXCEPTION (default)
2019-09-24 11:59:25,349 INFO  storage.RaftStorageDirectory (RaftStorageDirectory.java:analyzeStorage(246)) - The storage directory /workdir/ratis-test/target/test/data/1630e404/MiniRaftClusterWithSimulatedRpcecb8161c/s2/20b5bf50-abb9-421f-8107-3d81f66bc438 does not exist. Creating ...
2019-09-24 11:59:25,349 TRACE util.FileUtils (LogUtils.java:runAndLog(61)) - Successfully ran Files.createDirectories /workdir/ratis-test/target/test/data/1630e404/MiniRaftClusterWithSimulatedRpcecb8161c/s2/20b5bf50-abb9-421f-8107-3d81f66bc438
2019-09-24 11:59:25,377 INFO  storage.RaftStorageDirectory (RaftStorageDirectory.java:tryLock(328)) - Lock on /workdir/ratis-test/target/test/data/1630e404/MiniRaftClusterWithSimulatedRpcecb8161c/s1/20b5bf50-abb9-421f-8107-3d81f66bc438/in_use.lock acquired by nodename 15906@ratis-test-nppbd-817190658
2019-09-24 11:59:25,377 INFO  storage.RaftStorageDirectory (RaftStorageDirectory.java:tryLock(328)) - Lock on /workdir/ratis-test/target/test/data/1630e404/MiniRaftClusterWithSimulatedRpcecb8161c/s0/20b5bf50-abb9-421f-8107-3d81f66bc438/in_use.lock acquired by nodename 15906@ratis-test-nppbd-817190658
2019-09-24 11:59:25,377 TRACE util.FileUtils (LogUtils.java:runAndLog(61)) - Successfully ran Files.createDirectories /workdir/ratis-test/target/test/data/1630e404/MiniRaftClusterWithSimulatedRpcecb8161c/s1/20b5bf50-abb9-421f-8107-3d81f66bc438/current
2019-09-24 11:59:25,377 INFO  storage.RaftStorageDirectory (RaftStorageDirectory.java:tryLock(328)) - Lock on /workdir/ratis-test/target/test/data/1630e404/MiniRaftClusterWithSimulatedRpcecb8161c/s2/20b5bf50-abb9-421f-8107-3d81f66bc438/in_use.lock acquired by nodename 15906@ratis-test-nppbd-817190658
2019-09-24 11:59:25,378 TRACE util.FileUtils (LogUtils.java:runAndLog(61)) - Successfully ran Files.createDirectories /workdir/ratis-test/target/test/data/1630e404/MiniRaftClusterWithSimulatedRpcecb8161c/s1/20b5bf50-abb9-421f-8107-3d81f66bc438/sm
2019-09-24 11:59:25,378 TRACE util.FileUtils (LogUtils.java:runAndLog(61)) - Successfully ran Files.createDirectories /workdir/ratis-test/target/test/data/1630e404/MiniRaftClusterWithSimulatedRpcecb8161c/s0/20b5bf50-abb9-421f-8107-3d81f66bc438/current
2019-09-24 11:59:25,378 TRACE util.FileUtils (LogUtils.java:runAndLog(61)) - Successfully ran Files.createDirectories /workdir/ratis-test/target/test/data/1630e404/MiniRaftClusterWithSimulatedRpcecb8161c/s2/20b5bf50-abb9-421f-8107-3d81f66bc438/current
2019-09-24 11:59:25,378 TRACE util.FileUtils (LogUtils.java:runAndLog(61)) - Successfully ran Files.createDirectories /workdir/ratis-test/target/test/data/1630e404/MiniRaftClusterWithSimulatedRpcecb8161c/s0/20b5bf50-abb9-421f-8107-3d81f66bc438/sm
2019-09-24 11:59:25,379 TRACE util.FileUtils (LogUtils.java:runAndLog(61)) - Successfully ran Files.createDirectories /workdir/ratis-test/target/test/data/1630e404/MiniRaftClusterWithSimulatedRpcecb8161c/s2/20b5bf50-abb9-421f-8107-3d81f66bc438/sm
2019-09-24 11:59:25,403 INFO  storage.RaftStorage (RaftStorage.java:format(84)) - Storage directory /workdir/ratis-test/target/test/data/1630e404/MiniRaftClusterWithSimulatedRpcecb8161c/s0/20b5bf50-abb9-421f-8107-3d81f66bc438 has been successfully formatted.
2019-09-24 11:59:25,404 INFO  storage.RaftStorage (RaftStorage.java:format(84)) - Storage directory /workdir/ratis-test/target/test/data/1630e404/MiniRaftClusterWithSimulatedRpcecb8161c/s1/20b5bf50-abb9-421f-8107-3d81f66bc438 has been successfully formatted.
2019-09-24 11:59:25,404 INFO  storage.RaftStorage (RaftStorage.java:format(84)) - Storage directory /workdir/ratis-test/target/test/data/1630e404/MiniRaftClusterWithSimulatedRpcecb8161c/s2/20b5bf50-abb9-421f-8107-3d81f66bc438 has been successfully formatted.
2019-09-24 11:59:25,404 INFO  server.RaftServerConfigKeys (ConfUtils.java:logGet(43)) - raft.server.notification.no-leader.timeout = 60s (default)
2019-09-24 11:59:25,404 INFO  server.RaftServerConfigKeys (ConfUtils.java:logGet(43)) - raft.server.notification.no-leader.timeout = 60s (default)
2019-09-24 11:59:25,404 INFO  server.RaftServerConfigKeys (ConfUtils.java:logGet(43)) - raft.server.log.use.memory = false (default)
2019-09-24 11:59:25,404 INFO  server.RaftServerConfigKeys (ConfUtils.java:logGet(43)) - raft.server.notification.no-leader.timeout = 60s (default)
2019-09-24 11:59:25,405 INFO  server.RaftServerConfigKeys (ConfUtils.java:logGet(43)) - raft.server.log.purge.gap = 1024 (default)
2019-09-24 11:59:25,405 INFO  server.RaftServerConfigKeys (ConfUtils.java:logGet(43)) - raft.server.log.use.memory = false (default)
2019-09-24 11:59:25,405 INFO  server.RaftServerConfigKeys (ConfUtils.java:logGet(43)) - raft.server.log.appender.buffer.byte-limit = 4MB (=4194304) (default)
2019-09-24 11:59:25,405 INFO  server.RaftServerConfigKeys (ConfUtils.java:logGet(43)) - raft.server.log.use.memory = false (default)
2019-09-24 11:59:25,405 INFO  server.RaftServerConfigKeys (ConfUtils.java:logGet(43)) - raft.server.log.segment.size.max = 8MB (=8388608) (default)
2019-09-24 11:59:25,405 INFO  server.RaftServerConfigKeys (ConfUtils.java:logGet(43)) - raft.server.log.purge.gap = 1024 (default)
2019-09-24 11:59:25,406 INFO  server.RaftServerConfigKeys (ConfUtils.java:logGet(43)) - raft.server.log.segment.cache.num.max = 6 (default)
2019-09-24 11:59:25,406 INFO  server.RaftServerConfigKeys (ConfUtils.java:logGet(43)) - raft.server.log.purge.gap = 1024 (default)
2019-09-24 11:59:25,406 INFO  segmented.SegmentedRaftLogWorker (SegmentedRaftLogWorker.java:<init>(172)) - new s1@group-3D81F66BC438-SegmentedRaftLogWorker for RaftStorage:Storage Directory /workdir/ratis-test/target/test/data/1630e404/MiniRaftClusterWithSimulatedRpcecb8161c/s1/20b5bf50-abb9-421f-8107-3d81f66bc438
2019-09-24 11:59:25,406 INFO  server.RaftServerConfigKeys (ConfUtils.java:logGet(43)) - raft.server.log.appender.buffer.byte-limit = 4MB (=4194304) (default)
2019-09-24 11:59:25,407 INFO  server.RaftServerConfigKeys (ConfUtils.java:logGet(43)) - raft.server.log.queue.byte-limit = 64MB (=67108864) (default)
2019-09-24 11:59:25,406 INFO  server.RaftServerConfigKeys (ConfUtils.java:logGet(43)) - raft.server.log.appender.buffer.byte-limit = 4MB (=4194304) (default)
2019-09-24 11:59:25,407 INFO  server.RaftServerConfigKeys (ConfUtils.java:logGet(43)) - raft.server.log.queue.element-limit = 4096 (default)
2019-09-24 11:59:25,407 INFO  server.RaftServerConfigKeys (ConfUtils.java:logGet(43)) - raft.server.log.segment.size.max = 8MB (=8388608) (default)
2019-09-24 11:59:25,407 INFO  server.RaftServerConfigKeys (ConfUtils.java:logGet(43)) - raft.server.log.segment.size.max = 8MB (=8388608) (default)
2019-09-24 11:59:25,407 INFO  server.RaftServerConfigKeys (ConfUtils.java:logGet(43)) - raft.server.log.segment.size.max = 8MB (=8388608) (default)
2019-09-24 11:59:25,408 INFO  server.RaftServerConfigKeys (ConfUtils.java:logGet(43)) - raft.server.log.preallocated.size = 4MB (=4194304) (default)
2019-09-24 11:59:25,408 INFO  server.RaftServerConfigKeys (ConfUtils.java:logGet(43)) - raft.server.log.segment.cache.num.max = 6 (default)
2019-09-24 11:59:25,408 INFO  server.RaftServerConfigKeys (ConfUtils.java:logGet(43)) - raft.server.log.write.buffer.size = 64KB (=65536) (default)
2019-09-24 11:59:25,408 INFO  server.RaftServerConfigKeys (ConfUtils.java:logGet(43)) - raft.server.log.segment.cache.num.max = 6 (default)
2019-09-24 11:59:25,408 INFO  server.RaftServerConfigKeys (ConfUtils.java:logGet(43)) - raft.server.log.force.sync.num = 128 (default)
2019-09-24 11:59:25,408 INFO  segmented.SegmentedRaftLogWorker (SegmentedRaftLogWorker.java:<init>(172)) - new s0@group-3D81F66BC438-SegmentedRaftLogWorker for RaftStorage:Storage Directory /workdir/ratis-test/target/test/data/1630e404/MiniRaftClusterWithSimulatedRpcecb8161c/s0/20b5bf50-abb9-421f-8107-3d81f66bc438
2019-09-24 11:59:25,409 INFO  server.RaftServerConfigKeys (ConfUtils.java:logGet(43)) - raft.server.log.statemachine.data.sync = true (default)
2019-09-24 11:59:25,409 INFO  segmented.SegmentedRaftLogWorker (SegmentedRaftLogWorker.java:<init>(172)) - new s2@group-3D81F66BC438-SegmentedRaftLogWorker for RaftStorage:Storage Directory /workdir/ratis-test/target/test/data/1630e404/MiniRaftClusterWithSimulatedRpcecb8161c/s2/20b5bf50-abb9-421f-8107-3d81f66bc438
2019-09-24 11:59:25,409 INFO  server.RaftServerConfigKeys (ConfUtils.java:logGet(43)) - raft.server.log.statemachine.data.sync.timeout = 10s (default)
2019-09-24 11:59:25,409 INFO  server.RaftServerConfigKeys (ConfUtils.java:logGet(43)) - raft.server.log.queue.byte-limit = 64MB (=67108864) (default)
2019-09-24 11:59:25,409 INFO  server.RaftServerConfigKeys (ConfUtils.java:logGet(43)) - raft.server.log.statemachine.data.sync.timeout.retry = -1 (default)
2019-09-24 11:59:25,409 INFO  server.RaftServerConfigKeys (ConfUtils.java:logGet(43)) - raft.server.log.queue.byte-limit = 64MB (=67108864) (default)
2019-09-24 11:59:25,410 INFO  server.RaftServerConfigKeys (ConfUtils.java:logGet(43)) - raft.server.log.statemachine.data.caching.enabled = false (default)
2019-09-24 11:59:25,410 INFO  server.RaftServerConfigKeys (ConfUtils.java:logGet(43)) - raft.server.log.queue.element-limit = 4096 (default)
2019-09-24 11:59:25,410 INFO  server.RaftServerConfigKeys (ConfUtils.java:logGet(43)) - raft.server.log.queue.element-limit = 4096 (default)
2019-09-24 11:59:25,411 TRACE segmented.SegmentedRaftLogWorker (SegmentedRaftLogWorker.java:start(209)) - s1@group-3D81F66BC438-SegmentedRaftLogWorker start(latestIndex=-1, openSegmentFile=null)
2019-09-24 11:59:25,411 INFO  server.RaftServerConfigKeys (ConfUtils.java:logGet(43)) - raft.server.log.segment.size.max = 8MB (=8388608) (default)
2019-09-24 11:59:25,411 INFO  segmented.SegmentedRaftLogWorker (SegmentedRaftLogWorker.java:lambda$new$0(132)) - s1@group-3D81F66BC438-SegmentedRaftLogWorker: flushIndex: setUnconditionally 0 -> -1
2019-09-24 11:59:25,411 INFO  server.RaftServerConfigKeys (ConfUtils.java:logGet(43)) - raft.server.log.segment.size.max = 8MB (=8388608) (default)
2019-09-24 11:59:25,411 INFO  server.RaftServerConfigKeys (ConfUtils.java:logGet(43)) - raft.server.log.preallocated.size = 4MB (=4194304) (default)
2019-09-24 11:59:25,411 INFO  server.RaftServerConfigKeys (ConfUtils.java:logGet(43)) - raft.server.snapshot.auto.trigger.enabled = false (default)
2019-09-24 11:59:25,411 INFO  server.RaftServerConfigKeys (ConfUtils.java:logGet(43)) - raft.server.log.preallocated.size = 4MB (=4194304) (default)
2019-09-24 11:59:25,412 INFO  server.RaftServerConfigKeys (ConfUtils.java:logGet(43)) - raft.server.snapshot.retention.file.num = -1 (default)
2019-09-24 11:59:25,412 INFO  server.RaftServerConfigKeys (ConfUtils.java:logGet(43)) - raft.server.log.write.buffer.size = 64KB (=65536) (default)
2019-09-24 11:59:25,412 INFO  server.RaftServerConfigKeys (ConfUtils.java:logGet(43)) - raft.server.retrycache.expirytime = 60s (default)
2019-09-24 11:59:25,412 INFO  server.RaftServerConfigKeys (ConfUtils.java:logGet(43)) - raft.server.log.write.buffer.size = 64KB (=65536) (default)
2019-09-24 11:59:25,412 INFO  server.RaftServerConfigKeys (ConfUtils.java:logGet(43)) - raft.server.log.force.sync.num = 128 (default)
2019-09-24 11:59:25,413 INFO  server.RaftServerConfigKeys (ConfUtils.java:logGet(43)) - raft.server.log.force.sync.num = 128 (default)
2019-09-24 11:59:25,413 INFO  server.RaftServerConfigKeys (ConfUtils.java:logGet(43)) - raft.server.log.statemachine.data.sync = true (default)
2019-09-24 11:59:25,413 INFO  server.RaftServerConfigKeys (ConfUtils.java:logGet(43)) - raft.server.log.statemachine.data.sync = true (default)
2019-09-24 11:59:25,413 INFO  server.RaftServerConfigKeys (ConfUtils.java:logGet(43)) - raft.server.log.statemachine.data.sync.timeout = 10s (default)
2019-09-24 11:59:25,413 INFO  server.RaftServerConfigKeys (ConfUtils.java:logGet(43)) - raft.server.log.statemachine.data.sync.timeout = 10s (default)
2019-09-24 11:59:25,414 INFO  server.RaftServerConfigKeys (ConfUtils.java:logGet(43)) - raft.server.log.statemachine.data.sync.timeout.retry = -1 (default)
2019-09-24 11:59:25,414 INFO  server.RaftServerConfigKeys (ConfUtils.java:logGet(43)) - raft.server.log.statemachine.data.sync.timeout.retry = -1 (default)
2019-09-24 11:59:25,414 INFO  server.RaftServerConfigKeys (ConfUtils.java:logGet(43)) - raft.server.log.statemachine.data.caching.enabled = false (default)
2019-09-24 11:59:25,414 INFO  server.RaftServerConfigKeys (ConfUtils.java:logGet(43)) - raft.server.log.statemachine.data.caching.enabled = false (default)
2019-09-24 11:59:25,415 TRACE segmented.SegmentedRaftLogWorker (SegmentedRaftLogWorker.java:start(209)) - s0@group-3D81F66BC438-SegmentedRaftLogWorker start(latestIndex=-1, openSegmentFile=null)
2019-09-24 11:59:25,415 TRACE segmented.SegmentedRaftLogWorker (SegmentedRaftLogWorker.java:start(209)) - s2@group-3D81F66BC438-SegmentedRaftLogWorker start(latestIndex=-1, openSegmentFile=null)
2019-09-24 11:59:25,415 INFO  segmented.SegmentedRaftLogWorker (SegmentedRaftLogWorker.java:lambda$new$0(132)) - s0@group-3D81F66BC438-SegmentedRaftLogWorker: flushIndex: setUnconditionally 0 -> -1
2019-09-24 11:59:25,415 INFO  segmented.SegmentedRaftLogWorker (SegmentedRaftLogWorker.java:lambda$new$0(132)) - s2@group-3D81F66BC438-SegmentedRaftLogWorker: flushIndex: setUnconditionally 0 -> -1
2019-09-24 11:59:25,415 INFO  server.RaftServerConfigKeys (ConfUtils.java:logGet(43)) - raft.server.snapshot.auto.trigger.enabled = false (default)
2019-09-24 11:59:25,416 INFO  server.RaftServerConfigKeys (ConfUtils.java:logGet(43)) - raft.server.snapshot.auto.trigger.enabled = false (default)
2019-09-24 11:59:25,416 INFO  server.RaftServerConfigKeys (ConfUtils.java:logGet(43)) - raft.server.snapshot.retention.file.num = -1 (default)
2019-09-24 11:59:25,416 INFO  server.RaftServerConfigKeys (ConfUtils.java:logGet(43)) - raft.server.snapshot.retention.file.num = -1 (default)
2019-09-24 11:59:25,416 INFO  server.RaftServerConfigKeys (ConfUtils.java:logGet(43)) - raft.server.retrycache.expirytime = 60s (default)
2019-09-24 11:59:25,416 INFO  server.RaftServerConfigKeys (ConfUtils.java:logGet(43)) - raft.server.retrycache.expirytime = 60s (default)
2019-09-24 11:59:25,421 INFO  impl.RaftServerImpl (RaftServerImpl.java:start(181)) - s0@group-3D81F66BC438: start as a follower, conf=-1: [s0:0.0.0.0:42154, s1:0.0.0.0:36158, s2:0.0.0.0:36910], old=null
2019-09-24 11:59:25,421 INFO  impl.RaftServerImpl (RaftServerImpl.java:setRole(170)) - s0@group-3D81F66BC438: changes role from      null to FOLLOWER at term 0 for startAsFollower
2019-09-24 11:59:25,421 INFO  impl.RoleInfo (RoleInfo.java:updateAndGet(143)) - s0: start FollowerState
2019-09-24 11:59:25,422 INFO  util.JmxRegister (JmxRegister.java:tryRegister(44)) - Successfully registered JMX Bean with object name Ratis:service=RaftServer,group=group-3D81F66BC438,id=s0
2019-09-24 11:59:25,426 INFO  impl.RaftServerProxy (RaftServerProxy.java:lambda$start$3(299)) - s0: start RPC server
2019-09-24 11:59:25,428 INFO  impl.RaftServerImpl (RaftServerImpl.java:start(181)) - s1@group-3D81F66BC438: start as a follower, conf=-1: [s0:0.0.0.0:42154, s1:0.0.0.0:36158, s2:0.0.0.0:36910], old=null
2019-09-24 11:59:25,428 INFO  impl.RaftServerImpl (RaftServerImpl.java:setRole(170)) - s1@group-3D81F66BC438: changes role from      null to FOLLOWER at term 0 for startAsFollower
2019-09-24 11:59:25,429 INFO  impl.RoleInfo (RoleInfo.java:updateAndGet(143)) - s1: start FollowerState
2019-09-24 11:59:25,429 INFO  util.JmxRegister (JmxRegister.java:tryRegister(44)) - Successfully registered JMX Bean with object name Ratis:service=RaftServer,group=group-3D81F66BC438,id=s1
2019-09-24 11:59:25,433 INFO  impl.RaftServerProxy (RaftServerProxy.java:lambda$start$3(299)) - s1: start RPC server
2019-09-24 11:59:25,434 INFO  impl.RaftServerImpl (RaftServerImpl.java:start(181)) - s2@group-3D81F66BC438: start as a follower, conf=-1: [s0:0.0.0.0:42154, s1:0.0.0.0:36158, s2:0.0.0.0:36910], old=null
2019-09-24 11:59:25,435 INFO  impl.RaftServerImpl (RaftServerImpl.java:setRole(170)) - s2@group-3D81F66BC438: changes role from      null to FOLLOWER at term 0 for startAsFollower
2019-09-24 11:59:25,435 INFO  impl.RoleInfo (RoleInfo.java:updateAndGet(143)) - s2: start FollowerState
2019-09-24 11:59:25,436 INFO  util.JmxRegister (JmxRegister.java:tryRegister(44)) - Successfully registered JMX Bean with object name Ratis:service=RaftServer,group=group-3D81F66BC438,id=s2
2019-09-24 11:59:25,440 INFO  impl.RaftServerProxy (RaftServerProxy.java:lambda$start$3(299)) - s2: start RPC server
2019-09-24 11:59:25,441 INFO  server.RaftServerConfigKeys (ConfUtils.java:logGet(43)) - raft.server.rpc.timeout.max = 300ms (default)
2019-09-24 11:59:25,442 INFO  ratis.RaftTestUtil (RaftTestUtil.java:waitForLeader(86)) - printing ALL groups
  s0:  RUNNING  FOLLOWER s0@group-3D81F66BC438:t0, leader=null, voted=null, raftlog=s0@group-3D81F66BC438-SegmentedRaftLog:OPENED:c-1,f-1,i0, conf=-1: [s0:0.0.0.0:42154, s1:0.0.0.0:36158, s2:0.0.0.0:36910], old=null RUNNING
  s1:  RUNNING  FOLLOWER s1@group-3D81F66BC438:t0, leader=null, voted=null, raftlog=s1@group-3D81F66BC438-SegmentedRaftLog:OPENED:c-1,f-1,i0, conf=-1: [s0:0.0.0.0:42154, s1:0.0.0.0:36158, s2:0.0.0.0:36910], old=null RUNNING
  s2:  RUNNING  FOLLOWER s2@group-3D81F66BC438:t0, leader=null, voted=null, raftlog=s2@group-3D81F66BC438-SegmentedRaftLog:OPENED:c-1,f-1,i0, conf=-1: [s0:0.0.0.0:42154, s1:0.0.0.0:36158, s2:0.0.0.0:36910], old=null RUNNING
2019-09-24 11:59:25,443 WARN  ratis.RaftTestUtil (JavaUtils.java:attempt(158)) - FAILED "waitForLeader-null-(expectLeader? true)", attempt #1/100: java.lang.IllegalStateException: No leader yet : printing ALL groups
  s0:  RUNNING  FOLLOWER s0@group-3D81F66BC438:t0, leader=null, voted=null, raftlog=s0@group-3D81F66BC438-SegmentedRaftLog:OPENED:c-1,f-1,i0, conf=-1: [s0:0.0.0.0:42154, s1:0.0.0.0:36158, s2:0.0.0.0:36910], old=null RUNNING
  s1:  RUNNING  FOLLOWER s1@group-3D81F66BC438:t0, leader=null, voted=null, raftlog=s1@group-3D81F66BC438-SegmentedRaftLog:OPENED:c-1,f-1,i0, conf=-1: [s0:0.0.0.0:42154, s1:0.0.0.0:36158, s2:0.0.0.0:36910], old=null RUNNING
  s2:  RUNNING  FOLLOWER s2@group-3D81F66BC438:t0, leader=null, voted=null, raftlog=s2@group-3D81F66BC438-SegmentedRaftLog:OPENED:c-1,f-1,i0, conf=-1: [s0:0.0.0.0:42154, s1:0.0.0.0:36158, s2:0.0.0.0:36910], old=null RUNNING, sleep 450ms and then retry.
java.lang.IllegalStateException: No leader yet : printing ALL groups
  s0:  RUNNING  FOLLOWER s0@group-3D81F66BC438:t0, leader=null, voted=null, raftlog=s0@group-3D81F66BC438-SegmentedRaftLog:OPENED:c-1,f-1,i0, conf=-1: [s0:0.0.0.0:42154, s1:0.0.0.0:36158, s2:0.0.0.0:36910], old=null RUNNING
  s1:  RUNNING  FOLLOWER s1@group-3D81F66BC438:t0, leader=null, voted=null, raftlog=s1@group-3D81F66BC438-SegmentedRaftLog:OPENED:c-1,f-1,i0, conf=-1: [s0:0.0.0.0:42154, s1:0.0.0.0:36158, s2:0.0.0.0:36910], old=null RUNNING
  s2:  RUNNING  FOLLOWER s2@group-3D81F66BC438:t0, leader=null, voted=null, raftlog=s2@group-3D81F66BC438-SegmentedRaftLog:OPENED:c-1,f-1,i0, conf=-1: [s0:0.0.0.0:42154, s1:0.0.0.0:36158, s2:0.0.0.0:36910], old=null RUNNING
	at org.apache.ratis.MiniRaftCluster.newIllegalStateExceptionForNoLeaders(MiniRaftCluster.java:506)
	at org.apache.ratis.RaftTestUtil.lambda$waitForLeader$1(RaftTestUtil.java:90)
	at org.apache.ratis.MiniRaftCluster.getLeader(MiniRaftCluster.java:539)
	at org.apache.ratis.MiniRaftCluster.getLeader(MiniRaftCluster.java:532)
	at org.apache.ratis.RaftTestUtil.lambda$waitForLeader$3(RaftTestUtil.java:98)
	at org.apache.ratis.util.JavaUtils.attempt(JavaUtils.java:152)
	at org.apache.ratis.RaftTestUtil.waitForLeader(RaftTestUtil.java:97)
	at org.apache.ratis.RaftTestUtil.waitForLeader(RaftTestUtil.java:77)
	at org.apache.ratis.RaftTestUtil.waitForLeader(RaftTestUtil.java:72)
	at org.apache.ratis.server.impl.LeaderElectionTests.testChangeLeader(LeaderElectionTests.java:79)
	at sun.reflect.NativeMethodAccessorImpl.invoke0(Native Method)
	at sun.reflect.NativeMethodAccessorImpl.invoke(NativeMethodAccessorImpl.java:62)
	at sun.reflect.DelegatingMethodAccessorImpl.invoke(DelegatingMethodAccessorImpl.java:43)
	at java.lang.reflect.Method.invoke(Method.java:498)
	at org.junit.runners.model.FrameworkMethod$1.runReflectiveCall(FrameworkMethod.java:50)
	at org.junit.internal.runners.model.ReflectiveCallable.run(ReflectiveCallable.java:12)
	at org.junit.runners.model.FrameworkMethod.invokeExplosively(FrameworkMethod.java:47)
	at org.junit.internal.runners.statements.InvokeMethod.evaluate(InvokeMethod.java:17)
	at org.junit.internal.runners.statements.RunAfters.evaluate(RunAfters.java:27)
	at org.junit.internal.runners.statements.FailOnTimeout$CallableStatement.call(FailOnTimeout.java:298)
	at org.junit.internal.runners.statements.FailOnTimeout$CallableStatement.call(FailOnTimeout.java:292)
	at java.util.concurrent.FutureTask.run(FutureTask.java:266)
	at java.lang.Thread.run(Thread.java:748)
2019-09-24 11:59:25,666 INFO  impl.FollowerState (FollowerState.java:run(108)) - s2@group-3D81F66BC438-FollowerState: change to CANDIDATE, lastRpcTime:230ms, electionTimeout:228ms
2019-09-24 11:59:25,667 INFO  impl.FollowerState (FollowerState.java:run(108)) - s0@group-3D81F66BC438-FollowerState: change to CANDIDATE, lastRpcTime:245ms, electionTimeout:193ms
2019-09-24 11:59:25,668 INFO  impl.RoleInfo (RoleInfo.java:shutdownFollowerState(121)) - s0: shutdown FollowerState
2019-09-24 11:59:25,668 INFO  impl.RoleInfo (RoleInfo.java:shutdownFollowerState(121)) - s2: shutdown FollowerState
2019-09-24 11:59:25,668 INFO  impl.RaftServerImpl (RaftServerImpl.java:setRole(170)) - s2@group-3D81F66BC438: changes role from  FOLLOWER to CANDIDATE at term 0 for changeToCandidate
2019-09-24 11:59:25,668 INFO  impl.RaftServerImpl (RaftServerImpl.java:setRole(170)) - s0@group-3D81F66BC438: changes role from  FOLLOWER to CANDIDATE at term 0 for changeToCandidate
2019-09-24 11:59:25,669 INFO  impl.RoleInfo (RoleInfo.java:updateAndGet(143)) - s2: start LeaderElection
2019-09-24 11:59:25,669 INFO  impl.RoleInfo (RoleInfo.java:updateAndGet(143)) - s0: start LeaderElection
2019-09-24 11:59:25,696 INFO  impl.LeaderElection (LeaderElection.java:askForVotes(178)) - s2@group-3D81F66BC438-LeaderElection33: begin an election at term 1 for -1: [s0:0.0.0.0:42154, s1:0.0.0.0:36158, s2:0.0.0.0:36910], old=null
2019-09-24 11:59:25,696 INFO  impl.LeaderElection (LeaderElection.java:askForVotes(178)) - s0@group-3D81F66BC438-LeaderElection34: begin an election at term 1 for -1: [s0:0.0.0.0:42154, s1:0.0.0.0:36158, s2:0.0.0.0:36910], old=null
2019-09-24 11:59:25,697 DEBUG impl.RaftServerImpl (RaftServerImpl.java:requestVote(743)) - s0@group-3D81F66BC438: receive requestVote(s2, group-3D81F66BC438, 1, (t:0, i:0))
2019-09-24 11:59:25,697 DEBUG impl.RaftServerImpl (RaftServerImpl.java:requestVote(743)) - s2@group-3D81F66BC438: receive requestVote(s0, group-3D81F66BC438, 1, (t:0, i:0))
2019-09-24 11:59:25,697 DEBUG impl.RaftServerImpl (RaftServerImpl.java:requestVote(743)) - s1@group-3D81F66BC438: receive requestVote(s2, group-3D81F66BC438, 1, (t:0, i:0))
2019-09-24 11:59:25,697 DEBUG impl.RaftServerImpl (RaftServerImpl.java:requestVote(743)) - s1@group-3D81F66BC438: receive requestVote(s0, group-3D81F66BC438, 1, (t:0, i:0))
2019-09-24 11:59:25,698 INFO  impl.RaftServerImpl (RaftServerImpl.java:setRole(170)) - s1@group-3D81F66BC438: changes role from  FOLLOWER to FOLLOWER at term 1 for recognizeCandidate:s2
2019-09-24 11:59:25,698 DEBUG impl.RaftServerImpl (RaftServerImpl.java:requestVote(775)) - s0@group-3D81F66BC438 replies to vote request: s2<-s0#0:FAIL-t1. Peer's state: s0@group-3D81F66BC438:t1, leader=null, voted=s0, raftlog=s0@group-3D81F66BC438-SegmentedRaftLog:OPENED:c-1,f-1,i0, conf=-1: [s0:0.0.0.0:42154, s1:0.0.0.0:36158, s2:0.0.0.0:36910], old=null
2019-09-24 11:59:25,698 DEBUG impl.RaftServerImpl (RaftServerImpl.java:requestVote(775)) - s2@group-3D81F66BC438 replies to vote request: s0<-s2#0:FAIL-t1. Peer's state: s2@group-3D81F66BC438:t1, leader=null, voted=s2, raftlog=s2@group-3D81F66BC438-SegmentedRaftLog:OPENED:c-1,f-1,i0, conf=-1: [s0:0.0.0.0:42154, s1:0.0.0.0:36158, s2:0.0.0.0:36910], old=null
2019-09-24 11:59:25,699 INFO  impl.RoleInfo (RoleInfo.java:shutdownFollowerState(121)) - s1: shutdown FollowerState
2019-09-24 11:59:25,699 INFO  impl.RoleInfo (RoleInfo.java:updateAndGet(143)) - s1: start FollowerState
2019-09-24 11:59:25,699 INFO  impl.FollowerState (FollowerState.java:run(117)) - s1@group-3D81F66BC438-FollowerState was interrupted: java.lang.InterruptedException: sleep interrupted
2019-09-24 11:59:25,713 DEBUG impl.RaftServerImpl (RaftServerImpl.java:requestVote(775)) - s1@group-3D81F66BC438 replies to vote request: s2<-s1#0:OK-t1. Peer's state: s1@group-3D81F66BC438:t1, leader=null, voted=s2, raftlog=s1@group-3D81F66BC438-SegmentedRaftLog:OPENED:c-1,f-1,i0, conf=-1: [s0:0.0.0.0:42154, s1:0.0.0.0:36158, s2:0.0.0.0:36910], old=null
2019-09-24 11:59:25,713 DEBUG impl.RaftServerImpl (RaftServerImpl.java:requestVote(775)) - s1@group-3D81F66BC438 replies to vote request: s0<-s1#0:FAIL-t1. Peer's state: s1@group-3D81F66BC438:t1, leader=null, voted=s2, raftlog=s1@group-3D81F66BC438-SegmentedRaftLog:OPENED:c-1,f-1,i0, conf=-1: [s0:0.0.0.0:42154, s1:0.0.0.0:36158, s2:0.0.0.0:36910], old=null
2019-09-24 11:59:25,713 INFO  impl.LeaderElection (LeaderElection.java:logAndReturn(56)) - s2@group-3D81F66BC438-LeaderElection33: Election PASSED; received 2 response(s) [s2<-s0#0:FAIL-t1, s2<-s1#0:OK-t1] and 0 exception(s); s2@group-3D81F66BC438:t1, leader=null, voted=s2, raftlog=s2@group-3D81F66BC438-SegmentedRaftLog:OPENED:c-1,f-1,i0, conf=-1: [s0:0.0.0.0:42154, s1:0.0.0.0:36158, s2:0.0.0.0:36910], old=null
2019-09-24 11:59:25,714 INFO  impl.LeaderElection (LeaderElection.java:logAndReturn(56)) - s0@group-3D81F66BC438-LeaderElection34: Election REJECTED; received 2 response(s) [s0<-s1#0:FAIL-t1, s0<-s2#0:FAIL-t1] and 0 exception(s); s0@group-3D81F66BC438:t1, leader=null, voted=s0, raftlog=s0@group-3D81F66BC438-SegmentedRaftLog:OPENED:c-1,f-1,i0, conf=-1: [s0:0.0.0.0:42154, s1:0.0.0.0:36158, s2:0.0.0.0:36910], old=null
2019-09-24 11:59:25,714 INFO  impl.RoleInfo (RoleInfo.java:shutdownLeaderElection(134)) - s2: shutdown LeaderElection
2019-09-24 11:59:25,714 INFO  impl.RaftServerImpl (RaftServerImpl.java:setRole(170)) - s0@group-3D81F66BC438: changes role from CANDIDATE to FOLLOWER at term 1 for DISCOVERED_A_NEW_TERM
2019-09-24 11:59:25,714 INFO  impl.RaftServerImpl (RaftServerImpl.java:setRole(170)) - s2@group-3D81F66BC438: changes role from CANDIDATE to LEADER at term 1 for changeToLeader
2019-09-24 11:59:25,714 INFO  impl.RoleInfo (RoleInfo.java:shutdownLeaderElection(134)) - s0: shutdown LeaderElection
2019-09-24 11:59:25,714 INFO  impl.RaftServerImpl (ServerState.java:setLeader(254)) - s2@group-3D81F66BC438: change Leader from null to s2 at term 1 for becomeLeader, leader elected after 310ms
2019-09-24 11:59:25,715 INFO  impl.RoleInfo (RoleInfo.java:updateAndGet(143)) - s0: start FollowerState
2019-09-24 11:59:25,715 INFO  server.RaftServerConfigKeys (ConfUtils.java:logGet(43)) - raft.server.staging.catchup.gap = 1000 (default)
2019-09-24 11:59:25,715 INFO  server.RaftServerConfigKeys (ConfUtils.java:logGet(43)) - raft.server.rpc.sleep.time = 25ms (default)
2019-09-24 11:59:25,715 INFO  server.RaftServerConfigKeys (ConfUtils.java:logGet(43)) - raft.server.write.element-limit = 4096 (default)
2019-09-24 11:59:25,715 INFO  server.RaftServerConfigKeys (ConfUtils.java:logGet(43)) - raft.server.watch.timeout = 10s (default)
2019-09-24 11:59:25,716 INFO  server.RaftServerConfigKeys (ConfUtils.java:logGet(43)) - raft.server.watch.timeout.denomination = 1s (default)
2019-09-24 11:59:25,716 INFO  server.RaftServerConfigKeys (ConfUtils.java:logGet(43)) - raft.server.watch.element-limit = 65536 (default)
2019-09-24 11:59:25,718 INFO  server.RaftServerConfigKeys (ConfUtils.java:logGet(43)) - raft.server.log.appender.snapshot.chunk.size.max = 16MB (=16777216) (default)
2019-09-24 11:59:25,719 INFO  server.RaftServerConfigKeys (ConfUtils.java:logGet(43)) - raft.server.log.appender.buffer.byte-limit = 4MB (=4194304) (default)
2019-09-24 11:59:25,719 INFO  server.RaftServerConfigKeys (ConfUtils.java:logGet(43)) - raft.server.log.appender.buffer.element-limit = 0 (default)
2019-09-24 11:59:25,719 INFO  server.RaftServerConfigKeys (ConfUtils.java:logGet(43)) - raft.server.log.appender.snapshot.chunk.size.max = 16MB (=16777216) (default)
2019-09-24 11:59:25,719 INFO  server.RaftServerConfigKeys (ConfUtils.java:logGet(43)) - raft.server.log.appender.buffer.byte-limit = 4MB (=4194304) (default)
2019-09-24 11:59:25,720 INFO  server.RaftServerConfigKeys (ConfUtils.java:logGet(43)) - raft.server.log.appender.buffer.element-limit = 0 (default)
2019-09-24 11:59:25,720 INFO  impl.RoleInfo (RoleInfo.java:updateAndGet(143)) - s2: start LeaderState
2019-09-24 11:59:25,720 INFO  segmented.SegmentedRaftLogWorker (SegmentedRaftLogWorker.java:startLogSegment(380)) - s2@group-3D81F66BC438-SegmentedRaftLogWorker: Starting segment from index:0
2019-09-24 11:59:25,720 DEBUG segmented.SegmentedRaftLogWorker (SegmentedRaftLogWorker.java:addIOTask(251)) - s2@group-3D81F66BC438-SegmentedRaftLogWorker adds IO task StartLogSegment:0
2019-09-24 11:59:25,721 DEBUG segmented.SegmentedRaftLogWorker (SegmentedRaftLogWorker.java:addIOTask(251)) - s2@group-3D81F66BC438-SegmentedRaftLogWorker adds IO task WriteLog:0: (t:1, i:0), CONFIGURATIONENTRY
2019-09-24 11:59:25,721 INFO  impl.RaftServerImpl (ServerState.java:setRaftConf(355)) - s2@group-3D81F66BC438: set configuration 0: [s0:0.0.0.0:42154, s1:0.0.0.0:36158, s2:0.0.0.0:36910], old=null at 0
2019-09-24 11:59:25,722 INFO  impl.RaftServerImpl (ServerState.java:setLeader(254)) - s0@group-3D81F66BC438: change Leader from null to s2 at term 1 for appendEntries, leader elected after 318ms
2019-09-24 11:59:25,722 INFO  impl.RaftServerImpl (ServerState.java:setLeader(254)) - s1@group-3D81F66BC438: change Leader from null to s2 at term 1 for appendEntries, leader elected after 317ms
2019-09-24 11:59:25,723 DEBUG impl.RaftServerImpl (RaftServerImpl.java:logAppendEntries(850)) - s0@group-3D81F66BC438: receive appendEntries(s2, 1, null, -1, false, commits[s2:c-1, s0:c-1, s1:c-1], entries: (t:1, i:0), CONFIGURATIONENTRY
2019-09-24 11:59:25,723 DEBUG impl.RaftServerImpl (RaftServerImpl.java:logAppendEntries(850)) - s1@group-3D81F66BC438: receive appendEntries(s2, 1, null, -1, false, commits[s2:c-1, s0:c-1, s1:c-1], entries: (t:1, i:0), CONFIGURATIONENTRY
2019-09-24 11:59:25,723 INFO  impl.RaftServerImpl (ServerState.java:setRaftConf(355)) - s0@group-3D81F66BC438: set configuration 0: [s0:0.0.0.0:42154, s1:0.0.0.0:36158, s2:0.0.0.0:36910], old=null at 0
2019-09-24 11:59:25,724 INFO  impl.RaftServerImpl (ServerState.java:setRaftConf(355)) - s1@group-3D81F66BC438: set configuration 0: [s0:0.0.0.0:42154, s1:0.0.0.0:36158, s2:0.0.0.0:36910], old=null at 0
2019-09-24 11:59:25,724 INFO  segmented.SegmentedRaftLogWorker (SegmentedRaftLogWorker.java:startLogSegment(380)) - s0@group-3D81F66BC438-SegmentedRaftLogWorker: Starting segment from index:0
2019-09-24 11:59:25,724 INFO  segmented.SegmentedRaftLogWorker (SegmentedRaftLogWorker.java:startLogSegment(380)) - s1@group-3D81F66BC438-SegmentedRaftLogWorker: Starting segment from index:0
2019-09-24 11:59:25,724 DEBUG segmented.SegmentedRaftLogWorker (SegmentedRaftLogWorker.java:addIOTask(251)) - s0@group-3D81F66BC438-SegmentedRaftLogWorker adds IO task StartLogSegment:0
2019-09-24 11:59:25,724 DEBUG segmented.SegmentedRaftLogWorker (SegmentedRaftLogWorker.java:addIOTask(251)) - s1@group-3D81F66BC438-SegmentedRaftLogWorker adds IO task StartLogSegment:0
2019-09-24 11:59:25,725 DEBUG segmented.SegmentedRaftLogWorker (SegmentedRaftLogWorker.java:addIOTask(251)) - s0@group-3D81F66BC438-SegmentedRaftLogWorker adds IO task WriteLog:0: (t:1, i:0), CONFIGURATIONENTRY
2019-09-24 11:59:25,725 DEBUG segmented.SegmentedRaftLogWorker (SegmentedRaftLogWorker.java:addIOTask(251)) - s1@group-3D81F66BC438-SegmentedRaftLogWorker adds IO task WriteLog:0: (t:1, i:0), CONFIGURATIONENTRY
2019-09-24 11:59:25,894 INFO  ratis.RaftTestUtil (RaftTestUtil.java:waitForLeader(101)) - printing ALL groups
  s0:  RUNNING  FOLLOWER s0@group-3D81F66BC438:t1, leader=s2, voted=s0, raftlog=s0@group-3D81F66BC438-SegmentedRaftLog:OPENED:c-1,f-1,i0, conf=0: [s0:0.0.0.0:42154, s1:0.0.0.0:36158, s2:0.0.0.0:36910], old=null RUNNING
  s1:  RUNNING  FOLLOWER s1@group-3D81F66BC438:t1, leader=s2, voted=s2, raftlog=s1@group-3D81F66BC438-SegmentedRaftLog:OPENED:c-1,f-1,i0, conf=0: [s0:0.0.0.0:42154, s1:0.0.0.0:36158, s2:0.0.0.0:36910], old=null RUNNING
  s2:  RUNNING    LEADER s2@group-3D81F66BC438:t1, leader=s2, voted=s2, raftlog=s2@group-3D81F66BC438-SegmentedRaftLog:OPENED:c-1,f-1,i0, conf=0: [s0:0.0.0.0:42154, s1:0.0.0.0:36158, s2:0.0.0.0:36910], old=null RUNNING
2019-09-24 11:59:25,897 INFO  server.RaftServerConfigKeys (ConfUtils.java:logGet(43)) - raft.server.rpc.timeout.max = 300ms (default)
2019-09-24 11:59:25,898 INFO  ratis.RaftTestUtil (RaftTestUtil.java:waitForLeader(86)) - printing ALL groups
  s0:  RUNNING  FOLLOWER s0@group-3D81F66BC438:t1, leader=s2, voted=s0, raftlog=s0@group-3D81F66BC438-SegmentedRaftLog:OPENED:c-1,f-1,i0, conf=0: [s0:0.0.0.0:42154, s1:0.0.0.0:36158, s2:0.0.0.0:36910], old=null RUNNING
  s1:  RUNNING  FOLLOWER s1@group-3D81F66BC438:t1, leader=s2, voted=s2, raftlog=s1@group-3D81F66BC438-SegmentedRaftLog:OPENED:c-1,f-1,i0, conf=0: [s0:0.0.0.0:42154, s1:0.0.0.0:36158, s2:0.0.0.0:36910], old=null RUNNING
  s2:  RUNNING    LEADER s2@group-3D81F66BC438:t1, leader=s2, voted=s2, raftlog=s2@group-3D81F66BC438-SegmentedRaftLog:OPENED:c-1,f-1,i0, conf=0: [s0:0.0.0.0:42154, s1:0.0.0.0:36158, s2:0.0.0.0:36910], old=null RUNNING
2019-09-24 11:59:25,898 INFO  ratis.RaftTestUtil (RaftTestUtil.java:waitForLeader(101)) - printing ALL groups
  s0:  RUNNING  FOLLOWER s0@group-3D81F66BC438:t1, leader=s2, voted=s0, raftlog=s0@group-3D81F66BC438-SegmentedRaftLog:OPENED:c-1,f-1,i0, conf=0: [s0:0.0.0.0:42154, s1:0.0.0.0:36158, s2:0.0.0.0:36910], old=null RUNNING
  s1:  RUNNING  FOLLOWER s1@group-3D81F66BC438:t1, leader=s2, voted=s2, raftlog=s1@group-3D81F66BC438-SegmentedRaftLog:OPENED:c-1,f-1,i0, conf=0: [s0:0.0.0.0:42154, s1:0.0.0.0:36158, s2:0.0.0.0:36910], old=null RUNNING
  s2:  RUNNING    LEADER s2@group-3D81F66BC438:t1, leader=s2, voted=s2, raftlog=s2@group-3D81F66BC438-SegmentedRaftLog:OPENED:c-1,f-1,i0, conf=0: [s0:0.0.0.0:42154, s1:0.0.0.0:36158, s2:0.0.0.0:36910], old=null RUNNING
2019-09-24 11:59:25,899 WARN  ratis.RaftTestUtil (JavaUtils.java:attempt(158)) - FAILED "testChangeLeader-changeLeader", attempt #1/20: java.lang.IllegalStateException: Failed to change leader: newLeader == oldLeader == s2, sleep 100ms and then retry.
java.lang.IllegalStateException: Failed to change leader: newLeader == oldLeader == s2
	at org.apache.ratis.RaftTestUtil.lambda$changeLeader$7(RaftTestUtil.java:365)
	at org.apache.ratis.util.JavaUtils.attempt(JavaUtils.java:152)
	at org.apache.ratis.RaftTestUtil.changeLeader(RaftTestUtil.java:362)
	at org.apache.ratis.server.impl.LeaderElectionTests.testChangeLeader(LeaderElectionTests.java:81)
	at sun.reflect.NativeMethodAccessorImpl.invoke0(Native Method)
	at sun.reflect.NativeMethodAccessorImpl.invoke(NativeMethodAccessorImpl.java:62)
	at sun.reflect.DelegatingMethodAccessorImpl.invoke(DelegatingMethodAccessorImpl.java:43)
	at java.lang.reflect.Method.invoke(Method.java:498)
	at org.junit.runners.model.FrameworkMethod$1.runReflectiveCall(FrameworkMethod.java:50)
	at org.junit.internal.runners.model.ReflectiveCallable.run(ReflectiveCallable.java:12)
	at org.junit.runners.model.FrameworkMethod.invokeExplosively(FrameworkMethod.java:47)
	at org.junit.internal.runners.statements.InvokeMethod.evaluate(InvokeMethod.java:17)
	at org.junit.internal.runners.statements.RunAfters.evaluate(RunAfters.java:27)
	at org.junit.internal.runners.statements.FailOnTimeout$CallableStatement.call(FailOnTimeout.java:298)
	at org.junit.internal.runners.statements.FailOnTimeout$CallableStatement.call(FailOnTimeout.java:292)
	at java.util.concurrent.FutureTask.run(FutureTask.java:266)
	at java.lang.Thread.run(Thread.java:748)
2019-09-24 11:59:25,917 INFO  segmented.SegmentedRaftLogWorker (SegmentedRaftLogWorker.java:execute(569)) - s1@group-3D81F66BC438-SegmentedRaftLogWorker: created new log segment /workdir/ratis-test/target/test/data/1630e404/MiniRaftClusterWithSimulatedRpcecb8161c/s1/20b5bf50-abb9-421f-8107-3d81f66bc438/current/log_inprogress_0
2019-09-24 11:59:25,917 INFO  segmented.SegmentedRaftLogWorker (SegmentedRaftLogWorker.java:execute(569)) - s2@group-3D81F66BC438-SegmentedRaftLogWorker: created new log segment /workdir/ratis-test/target/test/data/1630e404/MiniRaftClusterWithSimulatedRpcecb8161c/s2/20b5bf50-abb9-421f-8107-3d81f66bc438/current/log_inprogress_0
2019-09-24 11:59:25,917 INFO  segmented.SegmentedRaftLogWorker (SegmentedRaftLogWorker.java:execute(569)) - s0@group-3D81F66BC438-SegmentedRaftLogWorker: created new log segment /workdir/ratis-test/target/test/data/1630e404/MiniRaftClusterWithSimulatedRpcecb8161c/s0/20b5bf50-abb9-421f-8107-3d81f66bc438/current/log_inprogress_0
2019-09-24 11:59:25,919 DEBUG segmented.SegmentedRaftLogWorker (SegmentedRaftLogWorker.java:flushWrites(340)) - s2@group-3D81F66BC438-SegmentedRaftLogWorker: flush SegmentedRaftLogOutputStream(/workdir/ratis-test/target/test/data/1630e404/MiniRaftClusterWithSimulatedRpcecb8161c/s2/20b5bf50-abb9-421f-8107-3d81f66bc438/current/log_inprogress_0)
2019-09-24 11:59:25,919 DEBUG segmented.SegmentedRaftLogWorker (SegmentedRaftLogWorker.java:flushWrites(340)) - s1@group-3D81F66BC438-SegmentedRaftLogWorker: flush SegmentedRaftLogOutputStream(/workdir/ratis-test/target/test/data/1630e404/MiniRaftClusterWithSimulatedRpcecb8161c/s1/20b5bf50-abb9-421f-8107-3d81f66bc438/current/log_inprogress_0)
2019-09-24 11:59:25,919 DEBUG segmented.SegmentedRaftLogWorker (SegmentedRaftLogWorker.java:flushWrites(340)) - s0@group-3D81F66BC438-SegmentedRaftLogWorker: flush SegmentedRaftLogOutputStream(/workdir/ratis-test/target/test/data/1630e404/MiniRaftClusterWithSimulatedRpcecb8161c/s0/20b5bf50-abb9-421f-8107-3d81f66bc438/current/log_inprogress_0)
2019-09-24 11:59:25,932 TRACE segmented.SegmentedRaftLogWorker (SegmentedRaftLogWorker.java:lambda$new$1(133)) - s1@group-3D81F66BC438-SegmentedRaftLogWorker: flushIndex: updateIncreasingly -1 -> 0
2019-09-24 11:59:25,932 TRACE segmented.SegmentedRaftLogWorker (SegmentedRaftLogWorker.java:lambda$new$1(133)) - s2@group-3D81F66BC438-SegmentedRaftLogWorker: flushIndex: updateIncreasingly -1 -> 0
2019-09-24 11:59:25,932 TRACE segmented.SegmentedRaftLogWorker (SegmentedRaftLogWorker.java:lambda$new$1(133)) - s0@group-3D81F66BC438-SegmentedRaftLogWorker: flushIndex: updateIncreasingly -1 -> 0
2019-09-24 11:59:25,932 DEBUG impl.RaftServerImpl (RaftServerImpl.java:logAppendEntries(850)) - s1@group-3D81F66BC438: succeeded to handle AppendEntries. Reply: s2<-s1#0:OK,SUCCESS,nextIndex:1,term:1,followerCommit:-1
2019-09-24 11:59:25,933 DEBUG impl.RaftServerImpl (RaftServerImpl.java:logAppendEntries(850)) - s0@group-3D81F66BC438: succeeded to handle AppendEntries. Reply: s2<-s0#0:OK,SUCCESS,nextIndex:1,term:1,followerCommit:-1
2019-09-24 11:59:26,000 INFO  server.RaftServerConfigKeys (ConfUtils.java:logGet(43)) - raft.server.rpc.timeout.max = 300ms (default)
2019-09-24 11:59:26,000 INFO  ratis.RaftTestUtil (RaftTestUtil.java:waitForLeader(86)) - printing ALL groups
  s0:  RUNNING  FOLLOWER s0@group-3D81F66BC438:t1, leader=s2, voted=s0, raftlog=s0@group-3D81F66BC438-SegmentedRaftLog:OPENED:c-1,f0,i0, conf=0: [s0:0.0.0.0:42154, s1:0.0.0.0:36158, s2:0.0.0.0:36910], old=null RUNNING
  s1:  RUNNING  FOLLOWER s1@group-3D81F66BC438:t1, leader=s2, voted=s2, raftlog=s1@group-3D81F66BC438-SegmentedRaftLog:OPENED:c-1,f0,i0, conf=0: [s0:0.0.0.0:42154, s1:0.0.0.0:36158, s2:0.0.0.0:36910], old=null RUNNING
  s2:  RUNNING    LEADER s2@group-3D81F66BC438:t1, leader=s2, voted=s2, raftlog=s2@group-3D81F66BC438-SegmentedRaftLog:OPENED:c0,f0,i0, conf=0: [s0:0.0.0.0:42154, s1:0.0.0.0:36158, s2:0.0.0.0:36910], old=null RUNNING
2019-09-24 11:59:26,001 INFO  ratis.RaftTestUtil (RaftTestUtil.java:waitForLeader(101)) - printing ALL groups
  s0:  RUNNING  FOLLOWER s0@group-3D81F66BC438:t1, leader=s2, voted=s0, raftlog=s0@group-3D81F66BC438-SegmentedRaftLog:OPENED:c-1,f0,i0, conf=0: [s0:0.0.0.0:42154, s1:0.0.0.0:36158, s2:0.0.0.0:36910], old=null RUNNING
  s1:  RUNNING  FOLLOWER s1@group-3D81F66BC438:t1, leader=s2, voted=s2, raftlog=s1@group-3D81F66BC438-SegmentedRaftLog:OPENED:c-1,f0,i0, conf=0: [s0:0.0.0.0:42154, s1:0.0.0.0:36158, s2:0.0.0.0:36910], old=null RUNNING
  s2:  RUNNING    LEADER s2@group-3D81F66BC438:t1, leader=s2, voted=s2, raftlog=s2@group-3D81F66BC438-SegmentedRaftLog:OPENED:c0,f0,i0, conf=0: [s0:0.0.0.0:42154, s1:0.0.0.0:36158, s2:0.0.0.0:36910], old=null RUNNING
2019-09-24 11:59:26,001 WARN  ratis.RaftTestUtil (JavaUtils.java:attempt(158)) - FAILED "testChangeLeader-changeLeader", attempt #2/20: java.lang.IllegalStateException: Failed to change leader: newLeader == oldLeader == s2, sleep 100ms and then retry.
java.lang.IllegalStateException: Failed to change leader: newLeader == oldLeader == s2
	at org.apache.ratis.RaftTestUtil.lambda$changeLeader$7(RaftTestUtil.java:365)
	at org.apache.ratis.util.JavaUtils.attempt(JavaUtils.java:152)
	at org.apache.ratis.RaftTestUtil.changeLeader(RaftTestUtil.java:362)
	at org.apache.ratis.server.impl.LeaderElectionTests.testChangeLeader(LeaderElectionTests.java:81)
	at sun.reflect.NativeMethodAccessorImpl.invoke0(Native Method)
	at sun.reflect.NativeMethodAccessorImpl.invoke(NativeMethodAccessorImpl.java:62)
	at sun.reflect.DelegatingMethodAccessorImpl.invoke(DelegatingMethodAccessorImpl.java:43)
	at java.lang.reflect.Method.invoke(Method.java:498)
	at org.junit.runners.model.FrameworkMethod$1.runReflectiveCall(FrameworkMethod.java:50)
	at org.junit.internal.runners.model.ReflectiveCallable.run(ReflectiveCallable.java:12)
	at org.junit.runners.model.FrameworkMethod.invokeExplosively(FrameworkMethod.java:47)
	at org.junit.internal.runners.statements.InvokeMethod.evaluate(InvokeMethod.java:17)
	at org.junit.internal.runners.statements.RunAfters.evaluate(RunAfters.java:27)
	at org.junit.internal.runners.statements.FailOnTimeout$CallableStatement.call(FailOnTimeout.java:298)
	at org.junit.internal.runners.statements.FailOnTimeout$CallableStatement.call(FailOnTimeout.java:292)
	at java.util.concurrent.FutureTask.run(FutureTask.java:266)
	at java.lang.Thread.run(Thread.java:748)
2019-09-24 11:59:26,102 INFO  server.RaftServerConfigKeys (ConfUtils.java:logGet(43)) - raft.server.rpc.timeout.max = 300ms (default)
2019-09-24 11:59:26,102 INFO  ratis.RaftTestUtil (RaftTestUtil.java:waitForLeader(86)) - printing ALL groups
  s0:  RUNNING  FOLLOWER s0@group-3D81F66BC438:t1, leader=s2, voted=s0, raftlog=s0@group-3D81F66BC438-SegmentedRaftLog:OPENED:c-1,f0,i0, conf=0: [s0:0.0.0.0:42154, s1:0.0.0.0:36158, s2:0.0.0.0:36910], old=null RUNNING
  s1:  RUNNING  FOLLOWER s1@group-3D81F66BC438:t1, leader=s2, voted=s2, raftlog=s1@group-3D81F66BC438-SegmentedRaftLog:OPENED:c-1,f0,i0, conf=0: [s0:0.0.0.0:42154, s1:0.0.0.0:36158, s2:0.0.0.0:36910], old=null RUNNING
  s2:  RUNNING    LEADER s2@group-3D81F66BC438:t1, leader=s2, voted=s2, raftlog=s2@group-3D81F66BC438-SegmentedRaftLog:OPENED:c0,f0,i0, conf=0: [s0:0.0.0.0:42154, s1:0.0.0.0:36158, s2:0.0.0.0:36910], old=null RUNNING
2019-09-24 11:59:26,103 INFO  ratis.RaftTestUtil (RaftTestUtil.java:waitForLeader(101)) - printing ALL groups
  s0:  RUNNING  FOLLOWER s0@group-3D81F66BC438:t1, leader=s2, voted=s0, raftlog=s0@group-3D81F66BC438-SegmentedRaftLog:OPENED:c-1,f0,i0, conf=0: [s0:0.0.0.0:42154, s1:0.0.0.0:36158, s2:0.0.0.0:36910], old=null RUNNING
  s1:  RUNNING  FOLLOWER s1@group-3D81F66BC438:t1, leader=s2, voted=s2, raftlog=s1@group-3D81F66BC438-SegmentedRaftLog:OPENED:c-1,f0,i0, conf=0: [s0:0.0.0.0:42154, s1:0.0.0.0:36158, s2:0.0.0.0:36910], old=null RUNNING
  s2:  RUNNING    LEADER s2@group-3D81F66BC438:t1, leader=s2, voted=s2, raftlog=s2@group-3D81F66BC438-SegmentedRaftLog:OPENED:c0,f0,i0, conf=0: [s0:0.0.0.0:42154, s1:0.0.0.0:36158, s2:0.0.0.0:36910], old=null RUNNING
2019-09-24 11:59:26,103 WARN  ratis.RaftTestUtil (JavaUtils.java:attempt(158)) - FAILED "testChangeLeader-changeLeader", attempt #3/20: java.lang.IllegalStateException: Failed to change leader: newLeader == oldLeader == s2, sleep 100ms and then retry.
java.lang.IllegalStateException: Failed to change leader: newLeader == oldLeader == s2
	at org.apache.ratis.RaftTestUtil.lambda$changeLeader$7(RaftTestUtil.java:365)
	at org.apache.ratis.util.JavaUtils.attempt(JavaUtils.java:152)
	at org.apache.ratis.RaftTestUtil.changeLeader(RaftTestUtil.java:362)
	at org.apache.ratis.server.impl.LeaderElectionTests.testChangeLeader(LeaderElectionTests.java:81)
	at sun.reflect.NativeMethodAccessorImpl.invoke0(Native Method)
	at sun.reflect.NativeMethodAccessorImpl.invoke(NativeMethodAccessorImpl.java:62)
	at sun.reflect.DelegatingMethodAccessorImpl.invoke(DelegatingMethodAccessorImpl.java:43)
	at java.lang.reflect.Method.invoke(Method.java:498)
	at org.junit.runners.model.FrameworkMethod$1.runReflectiveCall(FrameworkMethod.java:50)
	at org.junit.internal.runners.model.ReflectiveCallable.run(ReflectiveCallable.java:12)
	at org.junit.runners.model.FrameworkMethod.invokeExplosively(FrameworkMethod.java:47)
	at org.junit.internal.runners.statements.InvokeMethod.evaluate(InvokeMethod.java:17)
	at org.junit.internal.runners.statements.RunAfters.evaluate(RunAfters.java:27)
	at org.junit.internal.runners.statements.FailOnTimeout$CallableStatement.call(FailOnTimeout.java:298)
	at org.junit.internal.runners.statements.FailOnTimeout$CallableStatement.call(FailOnTimeout.java:292)
	at java.util.concurrent.FutureTask.run(FutureTask.java:266)
	at java.lang.Thread.run(Thread.java:748)
2019-09-24 11:59:26,200 INFO  impl.FollowerState (FollowerState.java:run(108)) - s0@group-3D81F66BC438-FollowerState: change to CANDIDATE, lastRpcTime:267ms, electionTimeout:198ms
2019-09-24 11:59:26,201 INFO  impl.RoleInfo (RoleInfo.java:shutdownFollowerState(121)) - s0: shutdown FollowerState
2019-09-24 11:59:26,201 INFO  impl.RaftServerImpl (RaftServerImpl.java:setRole(170)) - s0@group-3D81F66BC438: changes role from  FOLLOWER to CANDIDATE at term 1 for changeToCandidate
2019-09-24 11:59:26,201 INFO  impl.RoleInfo (RoleInfo.java:updateAndGet(143)) - s0: start LeaderElection
2019-09-24 11:59:26,202 INFO  impl.RaftServerImpl (ServerState.java:setLeader(254)) - s0@group-3D81F66BC438: change Leader from s2 to null at term 1 for initElection
2019-09-24 11:59:26,204 INFO  server.RaftServerConfigKeys (ConfUtils.java:logGet(43)) - raft.server.rpc.timeout.max = 300ms (default)
2019-09-24 11:59:26,205 INFO  ratis.RaftTestUtil (RaftTestUtil.java:waitForLeader(86)) - printing ALL groups
  s0:  RUNNING CANDIDATE s0@group-3D81F66BC438:t2, leader=null, voted=s0, raftlog=s0@group-3D81F66BC438-SegmentedRaftLog:OPENED:c-1,f0,i0, conf=0: [s0:0.0.0.0:42154, s1:0.0.0.0:36158, s2:0.0.0.0:36910], old=null RUNNING
  s1:  RUNNING  FOLLOWER s1@group-3D81F66BC438:t1, leader=s2, voted=s2, raftlog=s1@group-3D81F66BC438-SegmentedRaftLog:OPENED:c-1,f0,i0, conf=0: [s0:0.0.0.0:42154, s1:0.0.0.0:36158, s2:0.0.0.0:36910], old=null RUNNING
  s2:  RUNNING    LEADER s2@group-3D81F66BC438:t1, leader=s2, voted=s2, raftlog=s2@group-3D81F66BC438-SegmentedRaftLog:OPENED:c0,f0,i0, conf=0: [s0:0.0.0.0:42154, s1:0.0.0.0:36158, s2:0.0.0.0:36910], old=null RUNNING
2019-09-24 11:59:26,205 INFO  ratis.RaftTestUtil (RaftTestUtil.java:waitForLeader(101)) - printing ALL groups
  s0:  RUNNING CANDIDATE s0@group-3D81F66BC438:t2, leader=null, voted=s0, raftlog=s0@group-3D81F66BC438-SegmentedRaftLog:OPENED:c-1,f0,i0, conf=0: [s0:0.0.0.0:42154, s1:0.0.0.0:36158, s2:0.0.0.0:36910], old=null RUNNING
  s1:  RUNNING  FOLLOWER s1@group-3D81F66BC438:t1, leader=s2, voted=s2, raftlog=s1@group-3D81F66BC438-SegmentedRaftLog:OPENED:c-1,f0,i0, conf=0: [s0:0.0.0.0:42154, s1:0.0.0.0:36158, s2:0.0.0.0:36910], old=null RUNNING
  s2:  RUNNING    LEADER s2@group-3D81F66BC438:t1, leader=s2, voted=s2, raftlog=s2@group-3D81F66BC438-SegmentedRaftLog:OPENED:c0,f0,i0, conf=0: [s0:0.0.0.0:42154, s1:0.0.0.0:36158, s2:0.0.0.0:36910], old=null RUNNING
2019-09-24 11:59:26,205 WARN  ratis.RaftTestUtil (JavaUtils.java:attempt(158)) - FAILED "testChangeLeader-changeLeader", attempt #4/20: java.lang.IllegalStateException: Failed to change leader: newLeader == oldLeader == s2, sleep 100ms and then retry.
java.lang.IllegalStateException: Failed to change leader: newLeader == oldLeader == s2
	at org.apache.ratis.RaftTestUtil.lambda$changeLeader$7(RaftTestUtil.java:365)
	at org.apache.ratis.util.JavaUtils.attempt(JavaUtils.java:152)
	at org.apache.ratis.RaftTestUtil.changeLeader(RaftTestUtil.java:362)
	at org.apache.ratis.server.impl.LeaderElectionTests.testChangeLeader(LeaderElectionTests.java:81)
	at sun.reflect.NativeMethodAccessorImpl.invoke0(Native Method)
	at sun.reflect.NativeMethodAccessorImpl.invoke(NativeMethodAccessorImpl.java:62)
	at sun.reflect.DelegatingMethodAccessorImpl.invoke(DelegatingMethodAccessorImpl.java:43)
	at java.lang.reflect.Method.invoke(Method.java:498)
	at org.junit.runners.model.FrameworkMethod$1.runReflectiveCall(FrameworkMethod.java:50)
	at org.junit.internal.runners.model.ReflectiveCallable.run(ReflectiveCallable.java:12)
	at org.junit.runners.model.FrameworkMethod.invokeExplosively(FrameworkMethod.java:47)
	at org.junit.internal.runners.statements.InvokeMethod.evaluate(InvokeMethod.java:17)
	at org.junit.internal.runners.statements.RunAfters.evaluate(RunAfters.java:27)
	at org.junit.internal.runners.statements.FailOnTimeout$CallableStatement.call(FailOnTimeout.java:298)
	at org.junit.internal.runners.statements.FailOnTimeout$CallableStatement.call(FailOnTimeout.java:292)
	at java.util.concurrent.FutureTask.run(FutureTask.java:266)
	at java.lang.Thread.run(Thread.java:748)
2019-09-24 11:59:26,206 INFO  impl.FollowerState (FollowerState.java:run(108)) - s1@group-3D81F66BC438-FollowerState: change to CANDIDATE, lastRpcTime:273ms, electionTimeout:219ms
2019-09-24 11:59:26,207 INFO  impl.RoleInfo (RoleInfo.java:shutdownFollowerState(121)) - s1: shutdown FollowerState
2019-09-24 11:59:26,207 INFO  impl.RaftServerImpl (RaftServerImpl.java:setRole(170)) - s1@group-3D81F66BC438: changes role from  FOLLOWER to CANDIDATE at term 1 for changeToCandidate
2019-09-24 11:59:26,207 INFO  impl.RoleInfo (RoleInfo.java:updateAndGet(143)) - s1: start LeaderElection
2019-09-24 11:59:26,208 INFO  impl.RaftServerImpl (ServerState.java:setLeader(254)) - s1@group-3D81F66BC438: change Leader from s2 to null at term 1 for initElection
2019-09-24 11:59:26,212 INFO  impl.LeaderElection (LeaderElection.java:askForVotes(178)) - s0@group-3D81F66BC438-LeaderElection35: begin an election at term 2 for 0: [s0:0.0.0.0:42154, s1:0.0.0.0:36158, s2:0.0.0.0:36910], old=null
2019-09-24 11:59:26,212 INFO  impl.LeaderElection (LeaderElection.java:askForVotes(178)) - s1@group-3D81F66BC438-LeaderElection36: begin an election at term 2 for 0: [s0:0.0.0.0:42154, s1:0.0.0.0:36158, s2:0.0.0.0:36910], old=null
2019-09-24 11:59:26,213 DEBUG impl.RaftServerImpl (RaftServerImpl.java:requestVote(743)) - s1@group-3D81F66BC438: receive requestVote(s0, group-3D81F66BC438, 2, (t:1, i:0))
2019-09-24 11:59:26,213 DEBUG impl.RaftServerImpl (RaftServerImpl.java:requestVote(743)) - s0@group-3D81F66BC438: receive requestVote(s1, group-3D81F66BC438, 2, (t:1, i:0))
2019-09-24 11:59:26,213 DEBUG impl.RaftServerImpl (RaftServerImpl.java:requestVote(743)) - s2@group-3D81F66BC438: receive requestVote(s1, group-3D81F66BC438, 2, (t:1, i:0))
2019-09-24 11:59:26,214 DEBUG impl.RaftServerImpl (RaftServerImpl.java:requestVote(775)) - s0@group-3D81F66BC438 replies to vote request: s1<-s0#0:FAIL-t2. Peer's state: s0@group-3D81F66BC438:t2, leader=null, voted=s0, raftlog=s0@group-3D81F66BC438-SegmentedRaftLog:OPENED:c-1,f0,i0, conf=0: [s0:0.0.0.0:42154, s1:0.0.0.0:36158, s2:0.0.0.0:36910], old=null
2019-09-24 11:59:26,213 DEBUG impl.RaftServerImpl (RaftServerImpl.java:requestVote(775)) - s1@group-3D81F66BC438 replies to vote request: s0<-s1#0:FAIL-t2. Peer's state: s1@group-3D81F66BC438:t2, leader=null, voted=s1, raftlog=s1@group-3D81F66BC438-SegmentedRaftLog:OPENED:c-1,f0,i0, conf=0: [s0:0.0.0.0:42154, s1:0.0.0.0:36158, s2:0.0.0.0:36910], old=null
2019-09-24 11:59:26,213 DEBUG impl.RaftServerImpl (RaftServerImpl.java:requestVote(743)) - s2@group-3D81F66BC438: receive requestVote(s0, group-3D81F66BC438, 2, (t:1, i:0))
2019-09-24 11:59:26,214 INFO  impl.RaftServerImpl (ServerState.java:setLeader(254)) - s2@group-3D81F66BC438: change Leader from s2 to null at term 2 for updateCurrentTerm
2019-09-24 11:59:26,214 INFO  impl.RaftServerImpl (RaftServerImpl.java:setRole(170)) - s2@group-3D81F66BC438: changes role from    LEADER to FOLLOWER at term 2 for recognizeCandidate:s1
2019-09-24 11:59:26,215 INFO  impl.RoleInfo (RoleInfo.java:shutdownLeaderState(104)) - s2: shutdown LeaderState
2019-09-24 11:59:26,216 INFO  impl.LogAppender (LogAppender.java:run(78)) - s2@group-3D81F66BC438->s0-LogAppender-AppenderDaemon was interrupted: java.io.InterruptedIOException: 
2019-09-24 11:59:26,216 INFO  impl.PendingRequests (PendingRequests.java:sendNotLeaderResponses(202)) - s2@group-3D81F66BC438-PendingRequests: sendNotLeaderResponses
2019-09-24 11:59:26,216 INFO  impl.LogAppender (LogAppender.java:run(78)) - s2@group-3D81F66BC438->s1-LogAppender-AppenderDaemon was interrupted: java.io.InterruptedIOException: 
2019-09-24 11:59:26,217 INFO  impl.RoleInfo (RoleInfo.java:updateAndGet(143)) - s2: start FollowerState
2019-09-24 11:59:26,242 DEBUG impl.RaftServerImpl (RaftServerImpl.java:requestVote(775)) - s2@group-3D81F66BC438 replies to vote request: s1<-s2#0:FAIL-t2. Peer's state: s2@group-3D81F66BC438:t2, leader=null, voted=null, raftlog=s2@group-3D81F66BC438-SegmentedRaftLog:OPENED:c0,f0,i0, conf=0: [s0:0.0.0.0:42154, s1:0.0.0.0:36158, s2:0.0.0.0:36910], old=null
2019-09-24 11:59:26,243 INFO  impl.RaftServerImpl (RaftServerImpl.java:setRole(170)) - s2@group-3D81F66BC438: changes role from  FOLLOWER to FOLLOWER at term 2 for recognizeCandidate:s0
2019-09-24 11:59:26,243 INFO  impl.LeaderElection (LeaderElection.java:logAndReturn(56)) - s1@group-3D81F66BC438-LeaderElection36: Election REJECTED; received 2 response(s) [s1<-s0#0:FAIL-t2, s1<-s2#0:FAIL-t2] and 0 exception(s); s1@group-3D81F66BC438:t2, leader=null, voted=s1, raftlog=s1@group-3D81F66BC438-SegmentedRaftLog:OPENED:c-1,f0,i0, conf=0: [s0:0.0.0.0:42154, s1:0.0.0.0:36158, s2:0.0.0.0:36910], old=null
2019-09-24 11:59:26,243 INFO  impl.RoleInfo (RoleInfo.java:shutdownFollowerState(121)) - s2: shutdown FollowerState
2019-09-24 11:59:26,243 INFO  impl.RaftServerImpl (RaftServerImpl.java:setRole(170)) - s1@group-3D81F66BC438: changes role from CANDIDATE to FOLLOWER at term 2 for DISCOVERED_A_NEW_TERM
2019-09-24 11:59:26,243 INFO  impl.RoleInfo (RoleInfo.java:updateAndGet(143)) - s2: start FollowerState
2019-09-24 11:59:26,243 INFO  impl.FollowerState (FollowerState.java:run(117)) - s2@group-3D81F66BC438-FollowerState was interrupted: java.lang.InterruptedException: sleep interrupted
2019-09-24 11:59:26,243 INFO  impl.RoleInfo (RoleInfo.java:shutdownLeaderElection(134)) - s1: shutdown LeaderElection
2019-09-24 11:59:26,244 INFO  impl.RoleInfo (RoleInfo.java:updateAndGet(143)) - s1: start FollowerState
2019-09-24 11:59:26,269 DEBUG impl.RaftServerImpl (RaftServerImpl.java:requestVote(775)) - s2@group-3D81F66BC438 replies to vote request: s0<-s2#0:OK-t2. Peer's state: s2@group-3D81F66BC438:t2, leader=null, voted=s0, raftlog=s2@group-3D81F66BC438-SegmentedRaftLog:OPENED:c0,f0,i0, conf=0: [s0:0.0.0.0:42154, s1:0.0.0.0:36158, s2:0.0.0.0:36910], old=null
2019-09-24 11:59:26,270 INFO  impl.LeaderElection (LeaderElection.java:logAndReturn(56)) - s0@group-3D81F66BC438-LeaderElection35: Election PASSED; received 2 response(s) [s0<-s1#0:FAIL-t2, s0<-s2#0:OK-t2] and 0 exception(s); s0@group-3D81F66BC438:t2, leader=null, voted=s0, raftlog=s0@group-3D81F66BC438-SegmentedRaftLog:OPENED:c-1,f0,i0, conf=0: [s0:0.0.0.0:42154, s1:0.0.0.0:36158, s2:0.0.0.0:36910], old=null
2019-09-24 11:59:26,270 INFO  impl.RoleInfo (RoleInfo.java:shutdownLeaderElection(134)) - s0: shutdown LeaderElection
2019-09-24 11:59:26,270 INFO  impl.RaftServerImpl (RaftServerImpl.java:setRole(170)) - s0@group-3D81F66BC438: changes role from CANDIDATE to LEADER at term 2 for changeToLeader
2019-09-24 11:59:26,270 INFO  impl.RaftServerImpl (ServerState.java:setLeader(254)) - s0@group-3D81F66BC438: change Leader from null to s0 at term 2 for becomeLeader, leader elected after 68ms
2019-09-24 11:59:26,271 INFO  server.RaftServerConfigKeys (ConfUtils.java:logGet(43)) - raft.server.staging.catchup.gap = 1000 (default)
2019-09-24 11:59:26,271 INFO  server.RaftServerConfigKeys (ConfUtils.java:logGet(43)) - raft.server.rpc.sleep.time = 25ms (default)
2019-09-24 11:59:26,271 INFO  server.RaftServerConfigKeys (ConfUtils.java:logGet(43)) - raft.server.write.element-limit = 4096 (default)
2019-09-24 11:59:26,271 INFO  server.RaftServerConfigKeys (ConfUtils.java:logGet(43)) - raft.server.watch.timeout = 10s (default)
2019-09-24 11:59:26,271 INFO  server.RaftServerConfigKeys (ConfUtils.java:logGet(43)) - raft.server.watch.timeout.denomination = 1s (default)
2019-09-24 11:59:26,272 INFO  server.RaftServerConfigKeys (ConfUtils.java:logGet(43)) - raft.server.watch.element-limit = 65536 (default)
2019-09-24 11:59:26,274 INFO  server.RaftServerConfigKeys (ConfUtils.java:logGet(43)) - raft.server.log.appender.snapshot.chunk.size.max = 16MB (=16777216) (default)
2019-09-24 11:59:26,275 INFO  server.RaftServerConfigKeys (ConfUtils.java:logGet(43)) - raft.server.log.appender.buffer.byte-limit = 4MB (=4194304) (default)
2019-09-24 11:59:26,275 INFO  server.RaftServerConfigKeys (ConfUtils.java:logGet(43)) - raft.server.log.appender.buffer.element-limit = 0 (default)
2019-09-24 11:59:26,275 INFO  server.RaftServerConfigKeys (ConfUtils.java:logGet(43)) - raft.server.log.appender.snapshot.chunk.size.max = 16MB (=16777216) (default)
2019-09-24 11:59:26,275 INFO  server.RaftServerConfigKeys (ConfUtils.java:logGet(43)) - raft.server.log.appender.buffer.byte-limit = 4MB (=4194304) (default)
2019-09-24 11:59:26,276 INFO  server.RaftServerConfigKeys (ConfUtils.java:logGet(43)) - raft.server.log.appender.buffer.element-limit = 0 (default)
2019-09-24 11:59:26,276 INFO  impl.RoleInfo (RoleInfo.java:updateAndGet(143)) - s0: start LeaderState
2019-09-24 11:59:26,276 INFO  segmented.SegmentedRaftLogWorker (SegmentedRaftLogWorker.java:rollLogSegment(385)) - s0@group-3D81F66BC438-SegmentedRaftLogWorker: Rolling segment log-0_0 to index:0
2019-09-24 11:59:26,277 DEBUG segmented.SegmentedRaftLogWorker (SegmentedRaftLogWorker.java:addIOTask(251)) - s0@group-3D81F66BC438-SegmentedRaftLogWorker adds IO task FinalizeLogSegment:0: startIndex=0 endIndex=0
2019-09-24 11:59:26,277 DEBUG segmented.SegmentedRaftLogWorker (SegmentedRaftLogWorker.java:addIOTask(251)) - s0@group-3D81F66BC438-SegmentedRaftLogWorker adds IO task StartLogSegment:1
2019-09-24 11:59:26,277 DEBUG segmented.SegmentedRaftLogWorker (SegmentedRaftLogWorker.java:addIOTask(251)) - s0@group-3D81F66BC438-SegmentedRaftLogWorker adds IO task WriteLog:1: (t:2, i:1), CONFIGURATIONENTRY
2019-09-24 11:59:26,278 INFO  impl.RaftServerImpl (ServerState.java:setRaftConf(355)) - s0@group-3D81F66BC438: set configuration 1: [s0:0.0.0.0:42154, s1:0.0.0.0:36158, s2:0.0.0.0:36910], old=null at 1
2019-09-24 11:59:26,278 INFO  impl.RaftServerImpl (ServerState.java:setLeader(254)) - s1@group-3D81F66BC438: change Leader from null to s0 at term 2 for appendEntries, leader elected after 70ms
2019-09-24 11:59:26,278 INFO  impl.RaftServerImpl (ServerState.java:setLeader(254)) - s2@group-3D81F66BC438: change Leader from null to s0 at term 2 for appendEntries, leader elected after 64ms
2019-09-24 11:59:26,279 TRACE util.FileUtils (LogUtils.java:runAndLog(61)) - Successfully ran Files.move /workdir/ratis-test/target/test/data/1630e404/MiniRaftClusterWithSimulatedRpcecb8161c/s0/20b5bf50-abb9-421f-8107-3d81f66bc438/current/log_inprogress_0 to /workdir/ratis-test/target/test/data/1630e404/MiniRaftClusterWithSimulatedRpcecb8161c/s0/20b5bf50-abb9-421f-8107-3d81f66bc438/current/log_0-0
2019-09-24 11:59:26,279 DEBUG impl.RaftServerImpl (RaftServerImpl.java:logAppendEntries(850)) - s1@group-3D81F66BC438: receive appendEntries(s0, 2, (t:1, i:0), -1, false, commits[s0:c-1, s1:c-1, s2:c-1], entries: (t:2, i:1), CONFIGURATIONENTRY
2019-09-24 11:59:26,280 DEBUG impl.RaftServerImpl (RaftServerImpl.java:logAppendEntries(850)) - s2@group-3D81F66BC438: receive appendEntries(s0, 2, (t:1, i:0), -1, false, commits[s0:c-1, s1:c-1, s2:c0], entries: (t:2, i:1), CONFIGURATIONENTRY
2019-09-24 11:59:26,280 INFO  segmented.SegmentedRaftLogWorker (SegmentedRaftLogWorker.java:execute(526)) - s0@group-3D81F66BC438-SegmentedRaftLogWorker: Rolled log segment from /workdir/ratis-test/target/test/data/1630e404/MiniRaftClusterWithSimulatedRpcecb8161c/s0/20b5bf50-abb9-421f-8107-3d81f66bc438/current/log_inprogress_0 to /workdir/ratis-test/target/test/data/1630e404/MiniRaftClusterWithSimulatedRpcecb8161c/s0/20b5bf50-abb9-421f-8107-3d81f66bc438/current/log_0-0
2019-09-24 11:59:26,280 INFO  impl.RaftServerImpl (ServerState.java:setRaftConf(355)) - s2@group-3D81F66BC438: set configuration 1: [s0:0.0.0.0:42154, s1:0.0.0.0:36158, s2:0.0.0.0:36910], old=null at 1
2019-09-24 11:59:26,280 INFO  impl.RaftServerImpl (ServerState.java:setRaftConf(355)) - s1@group-3D81F66BC438: set configuration 1: [s0:0.0.0.0:42154, s1:0.0.0.0:36158, s2:0.0.0.0:36910], old=null at 1
2019-09-24 11:59:26,280 INFO  segmented.SegmentedRaftLogWorker (SegmentedRaftLogWorker.java:rollLogSegment(385)) - s2@group-3D81F66BC438-SegmentedRaftLogWorker: Rolling segment log-0_0 to index:0
2019-09-24 11:59:26,280 TRACE segmented.SegmentedRaftLogWorker (SegmentedRaftLogWorker.java:lambda$new$1(133)) - s0@group-3D81F66BC438-SegmentedRaftLogWorker: flushIndex: updateIncreasingly 0 -> 0
2019-09-24 11:59:26,281 DEBUG segmented.SegmentedRaftLogWorker (SegmentedRaftLogWorker.java:addIOTask(251)) - s2@group-3D81F66BC438-SegmentedRaftLogWorker adds IO task FinalizeLogSegment:0: startIndex=0 endIndex=0
2019-09-24 11:59:26,281 DEBUG segmented.SegmentedRaftLogWorker (SegmentedRaftLogWorker.java:addIOTask(251)) - s2@group-3D81F66BC438-SegmentedRaftLogWorker adds IO task StartLogSegment:1
2019-09-24 11:59:26,281 INFO  segmented.SegmentedRaftLogWorker (SegmentedRaftLogWorker.java:rollLogSegment(385)) - s1@group-3D81F66BC438-SegmentedRaftLogWorker: Rolling segment log-0_0 to index:0
2019-09-24 11:59:26,281 DEBUG segmented.SegmentedRaftLogWorker (SegmentedRaftLogWorker.java:addIOTask(251)) - s2@group-3D81F66BC438-SegmentedRaftLogWorker adds IO task WriteLog:1: (t:2, i:1), CONFIGURATIONENTRY
2019-09-24 11:59:26,282 DEBUG segmented.SegmentedRaftLogWorker (SegmentedRaftLogWorker.java:addIOTask(251)) - s1@group-3D81F66BC438-SegmentedRaftLogWorker adds IO task FinalizeLogSegment:0: startIndex=0 endIndex=0
2019-09-24 11:59:26,282 DEBUG segmented.SegmentedRaftLogWorker (SegmentedRaftLogWorker.java:addIOTask(251)) - s1@group-3D81F66BC438-SegmentedRaftLogWorker adds IO task StartLogSegment:1
2019-09-24 11:59:26,282 DEBUG segmented.SegmentedRaftLogWorker (SegmentedRaftLogWorker.java:addIOTask(251)) - s1@group-3D81F66BC438-SegmentedRaftLogWorker adds IO task WriteLog:1: (t:2, i:1), CONFIGURATIONENTRY
2019-09-24 11:59:26,284 TRACE util.FileUtils (LogUtils.java:runAndLog(61)) - Successfully ran Files.move /workdir/ratis-test/target/test/data/1630e404/MiniRaftClusterWithSimulatedRpcecb8161c/s2/20b5bf50-abb9-421f-8107-3d81f66bc438/current/log_inprogress_0 to /workdir/ratis-test/target/test/data/1630e404/MiniRaftClusterWithSimulatedRpcecb8161c/s2/20b5bf50-abb9-421f-8107-3d81f66bc438/current/log_0-0
2019-09-24 11:59:26,284 INFO  segmented.SegmentedRaftLogWorker (SegmentedRaftLogWorker.java:execute(526)) - s2@group-3D81F66BC438-SegmentedRaftLogWorker: Rolled log segment from /workdir/ratis-test/target/test/data/1630e404/MiniRaftClusterWithSimulatedRpcecb8161c/s2/20b5bf50-abb9-421f-8107-3d81f66bc438/current/log_inprogress_0 to /workdir/ratis-test/target/test/data/1630e404/MiniRaftClusterWithSimulatedRpcecb8161c/s2/20b5bf50-abb9-421f-8107-3d81f66bc438/current/log_0-0
2019-09-24 11:59:26,284 TRACE segmented.SegmentedRaftLogWorker (SegmentedRaftLogWorker.java:lambda$new$1(133)) - s2@group-3D81F66BC438-SegmentedRaftLogWorker: flushIndex: updateIncreasingly 0 -> 0
2019-09-24 11:59:26,284 TRACE util.FileUtils (LogUtils.java:runAndLog(61)) - Successfully ran Files.move /workdir/ratis-test/target/test/data/1630e404/MiniRaftClusterWithSimulatedRpcecb8161c/s1/20b5bf50-abb9-421f-8107-3d81f66bc438/current/log_inprogress_0 to /workdir/ratis-test/target/test/data/1630e404/MiniRaftClusterWithSimulatedRpcecb8161c/s1/20b5bf50-abb9-421f-8107-3d81f66bc438/current/log_0-0
2019-09-24 11:59:26,284 INFO  segmented.SegmentedRaftLogWorker (SegmentedRaftLogWorker.java:execute(526)) - s1@group-3D81F66BC438-SegmentedRaftLogWorker: Rolled log segment from /workdir/ratis-test/target/test/data/1630e404/MiniRaftClusterWithSimulatedRpcecb8161c/s1/20b5bf50-abb9-421f-8107-3d81f66bc438/current/log_inprogress_0 to /workdir/ratis-test/target/test/data/1630e404/MiniRaftClusterWithSimulatedRpcecb8161c/s1/20b5bf50-abb9-421f-8107-3d81f66bc438/current/log_0-0
2019-09-24 11:59:26,285 TRACE segmented.SegmentedRaftLogWorker (SegmentedRaftLogWorker.java:lambda$new$1(133)) - s1@group-3D81F66BC438-SegmentedRaftLogWorker: flushIndex: updateIncreasingly 0 -> 0
2019-09-24 11:59:26,306 INFO  server.RaftServerConfigKeys (ConfUtils.java:logGet(43)) - raft.server.rpc.timeout.max = 300ms (default)
2019-09-24 11:59:26,307 INFO  ratis.RaftTestUtil (RaftTestUtil.java:waitForLeader(86)) - printing ALL groups
  s0:  RUNNING    LEADER s0@group-3D81F66BC438:t2, leader=s0, voted=s0, raftlog=s0@group-3D81F66BC438-SegmentedRaftLog:OPENED:c-1,f0,i1, conf=1: [s0:0.0.0.0:42154, s1:0.0.0.0:36158, s2:0.0.0.0:36910], old=null RUNNING
  s1:  RUNNING  FOLLOWER s1@group-3D81F66BC438:t2, leader=s0, voted=s1, raftlog=s1@group-3D81F66BC438-SegmentedRaftLog:OPENED:c-1,f0,i1, conf=1: [s0:0.0.0.0:42154, s1:0.0.0.0:36158, s2:0.0.0.0:36910], old=null RUNNING
  s2:  RUNNING  FOLLOWER s2@group-3D81F66BC438:t2, leader=s0, voted=s0, raftlog=s2@group-3D81F66BC438-SegmentedRaftLog:OPENED:c0,f0,i1, conf=1: [s0:0.0.0.0:42154, s1:0.0.0.0:36158, s2:0.0.0.0:36910], old=null RUNNING
2019-09-24 11:59:26,308 INFO  ratis.RaftTestUtil (RaftTestUtil.java:waitForLeader(101)) - printing ALL groups
  s0:  RUNNING    LEADER s0@group-3D81F66BC438:t2, leader=s0, voted=s0, raftlog=s0@group-3D81F66BC438-SegmentedRaftLog:OPENED:c-1,f0,i1, conf=1: [s0:0.0.0.0:42154, s1:0.0.0.0:36158, s2:0.0.0.0:36910], old=null RUNNING
  s1:  RUNNING  FOLLOWER s1@group-3D81F66BC438:t2, leader=s0, voted=s1, raftlog=s1@group-3D81F66BC438-SegmentedRaftLog:OPENED:c-1,f0,i1, conf=1: [s0:0.0.0.0:42154, s1:0.0.0.0:36158, s2:0.0.0.0:36910], old=null RUNNING
  s2:  RUNNING  FOLLOWER s2@group-3D81F66BC438:t2, leader=s0, voted=s0, raftlog=s2@group-3D81F66BC438-SegmentedRaftLog:OPENED:c0,f0,i1, conf=1: [s0:0.0.0.0:42154, s1:0.0.0.0:36158, s2:0.0.0.0:36910], old=null RUNNING
2019-09-24 11:59:26,308 INFO  ratis.RaftTestUtil (RaftTestUtil.java:lambda$changeLeader$7(367)) - Changed leader from s2 to s0
2019-09-24 11:59:26,308 INFO  server.RaftServerConfigKeys (ConfUtils.java:logGet(43)) - raft.server.rpc.timeout.max = 300ms (default)
2019-09-24 11:59:26,309 DEBUG impl.RaftServerImpl (RaftServerImpl.java:appendEntriesAsync(906)) - s1@group-3D81F66BC438: Not recognize s2 (term=1) as leader, state: s1@group-3D81F66BC438:t2, leader=s0, voted=s1, raftlog=s1@group-3D81F66BC438-SegmentedRaftLog:OPENED:c-1,f0,i1, conf=1: [s0:0.0.0.0:42154, s1:0.0.0.0:36158, s2:0.0.0.0:36910], old=null reply: s2<-s1#0:FAIL,NOT_LEADER,nextIndex:2,term:2,followerCommit:-1
2019-09-24 11:59:26,309 DEBUG impl.RaftServerImpl (RaftServerImpl.java:appendEntriesAsync(906)) - s0@group-3D81F66BC438: Not recognize s2 (term=1) as leader, state: s0@group-3D81F66BC438:t2, leader=s0, voted=s0, raftlog=s0@group-3D81F66BC438-SegmentedRaftLog:OPENED:c-1,f0,i1, conf=1: [s0:0.0.0.0:42154, s1:0.0.0.0:36158, s2:0.0.0.0:36910], old=null reply: s2<-s0#0:FAIL,NOT_LEADER,nextIndex:2,term:2,followerCommit:-1
2019-09-24 11:59:26,309 INFO  ratis.RaftTestUtil (RaftTestUtil.java:waitForLeader(86)) - printing ALL groups
  s0:  RUNNING    LEADER s0@group-3D81F66BC438:t2, leader=s0, voted=s0, raftlog=s0@group-3D81F66BC438-SegmentedRaftLog:OPENED:c-1,f0,i1, conf=1: [s0:0.0.0.0:42154, s1:0.0.0.0:36158, s2:0.0.0.0:36910], old=null RUNNING
  s1:  RUNNING  FOLLOWER s1@group-3D81F66BC438:t2, leader=s0, voted=s1, raftlog=s1@group-3D81F66BC438-SegmentedRaftLog:OPENED:c-1,f0,i1, conf=1: [s0:0.0.0.0:42154, s1:0.0.0.0:36158, s2:0.0.0.0:36910], old=null RUNNING
  s2:  RUNNING  FOLLOWER s2@group-3D81F66BC438:t2, leader=s0, voted=s0, raftlog=s2@group-3D81F66BC438-SegmentedRaftLog:OPENED:c0,f0,i1, conf=1: [s0:0.0.0.0:42154, s1:0.0.0.0:36158, s2:0.0.0.0:36910], old=null RUNNING
2019-09-24 11:59:26,311 INFO  ratis.RaftTestUtil (RaftTestUtil.java:waitForLeader(101)) - printing ALL groups
  s0:  RUNNING    LEADER s0@group-3D81F66BC438:t2, leader=s0, voted=s0, raftlog=s0@group-3D81F66BC438-SegmentedRaftLog:OPENED:c-1,f0,i1, conf=1: [s0:0.0.0.0:42154, s1:0.0.0.0:36158, s2:0.0.0.0:36910], old=null RUNNING
  s1:  RUNNING  FOLLOWER s1@group-3D81F66BC438:t2, leader=s0, voted=s1, raftlog=s1@group-3D81F66BC438-SegmentedRaftLog:OPENED:c-1,f0,i1, conf=1: [s0:0.0.0.0:42154, s1:0.0.0.0:36158, s2:0.0.0.0:36910], old=null RUNNING
  s2:  RUNNING  FOLLOWER s2@group-3D81F66BC438:t2, leader=s0, voted=s0, raftlog=s2@group-3D81F66BC438-SegmentedRaftLog:OPENED:c0,f0,i1, conf=1: [s0:0.0.0.0:42154, s1:0.0.0.0:36158, s2:0.0.0.0:36910], old=null RUNNING
2019-09-24 11:59:26,311 WARN  ratis.RaftTestUtil (JavaUtils.java:attempt(158)) - FAILED "testChangeLeader-changeLeader", attempt #1/20: java.lang.IllegalStateException: Failed to change leader: newLeader == oldLeader == s0, sleep 100ms and then retry.
java.lang.IllegalStateException: Failed to change leader: newLeader == oldLeader == s0
	at org.apache.ratis.RaftTestUtil.lambda$changeLeader$7(RaftTestUtil.java:365)
	at org.apache.ratis.util.JavaUtils.attempt(JavaUtils.java:152)
	at org.apache.ratis.RaftTestUtil.changeLeader(RaftTestUtil.java:362)
	at org.apache.ratis.server.impl.LeaderElectionTests.testChangeLeader(LeaderElectionTests.java:81)
	at sun.reflect.NativeMethodAccessorImpl.invoke0(Native Method)
	at sun.reflect.NativeMethodAccessorImpl.invoke(NativeMethodAccessorImpl.java:62)
	at sun.reflect.DelegatingMethodAccessorImpl.invoke(DelegatingMethodAccessorImpl.java:43)
	at java.lang.reflect.Method.invoke(Method.java:498)
	at org.junit.runners.model.FrameworkMethod$1.runReflectiveCall(FrameworkMethod.java:50)
	at org.junit.internal.runners.model.ReflectiveCallable.run(ReflectiveCallable.java:12)
	at org.junit.runners.model.FrameworkMethod.invokeExplosively(FrameworkMethod.java:47)
	at org.junit.internal.runners.statements.InvokeMethod.evaluate(InvokeMethod.java:17)
	at org.junit.internal.runners.statements.RunAfters.evaluate(RunAfters.java:27)
	at org.junit.internal.runners.statements.FailOnTimeout$CallableStatement.call(FailOnTimeout.java:298)
	at org.junit.internal.runners.statements.FailOnTimeout$CallableStatement.call(FailOnTimeout.java:292)
	at java.util.concurrent.FutureTask.run(FutureTask.java:266)
	at java.lang.Thread.run(Thread.java:748)
2019-09-24 11:59:26,413 INFO  server.RaftServerConfigKeys (ConfUtils.java:logGet(43)) - raft.server.rpc.timeout.max = 300ms (default)
2019-09-24 11:59:26,414 INFO  ratis.RaftTestUtil (RaftTestUtil.java:waitForLeader(86)) - printing ALL groups
  s0:  RUNNING    LEADER s0@group-3D81F66BC438:t2, leader=s0, voted=s0, raftlog=s0@group-3D81F66BC438-SegmentedRaftLog:OPENED:c-1,f0,i1, conf=1: [s0:0.0.0.0:42154, s1:0.0.0.0:36158, s2:0.0.0.0:36910], old=null RUNNING
  s1:  RUNNING  FOLLOWER s1@group-3D81F66BC438:t2, leader=s0, voted=s1, raftlog=s1@group-3D81F66BC438-SegmentedRaftLog:OPENED:c-1,f0,i1, conf=1: [s0:0.0.0.0:42154, s1:0.0.0.0:36158, s2:0.0.0.0:36910], old=null RUNNING
  s2:  RUNNING  FOLLOWER s2@group-3D81F66BC438:t2, leader=s0, voted=s0, raftlog=s2@group-3D81F66BC438-SegmentedRaftLog:OPENED:c0,f0,i1, conf=1: [s0:0.0.0.0:42154, s1:0.0.0.0:36158, s2:0.0.0.0:36910], old=null RUNNING
2019-09-24 11:59:26,415 INFO  ratis.RaftTestUtil (RaftTestUtil.java:waitForLeader(101)) - printing ALL groups
  s0:  RUNNING    LEADER s0@group-3D81F66BC438:t2, leader=s0, voted=s0, raftlog=s0@group-3D81F66BC438-SegmentedRaftLog:OPENED:c-1,f0,i1, conf=1: [s0:0.0.0.0:42154, s1:0.0.0.0:36158, s2:0.0.0.0:36910], old=null RUNNING
  s1:  RUNNING  FOLLOWER s1@group-3D81F66BC438:t2, leader=s0, voted=s1, raftlog=s1@group-3D81F66BC438-SegmentedRaftLog:OPENED:c-1,f0,i1, conf=1: [s0:0.0.0.0:42154, s1:0.0.0.0:36158, s2:0.0.0.0:36910], old=null RUNNING
  s2:  RUNNING  FOLLOWER s2@group-3D81F66BC438:t2, leader=s0, voted=s0, raftlog=s2@group-3D81F66BC438-SegmentedRaftLog:OPENED:c0,f0,i1, conf=1: [s0:0.0.0.0:42154, s1:0.0.0.0:36158, s2:0.0.0.0:36910], old=null RUNNING
2019-09-24 11:59:26,415 WARN  ratis.RaftTestUtil (JavaUtils.java:attempt(158)) - FAILED "testChangeLeader-changeLeader", attempt #2/20: java.lang.IllegalStateException: Failed to change leader: newLeader == oldLeader == s0, sleep 100ms and then retry.
java.lang.IllegalStateException: Failed to change leader: newLeader == oldLeader == s0
	at org.apache.ratis.RaftTestUtil.lambda$changeLeader$7(RaftTestUtil.java:365)
	at org.apache.ratis.util.JavaUtils.attempt(JavaUtils.java:152)
	at org.apache.ratis.RaftTestUtil.changeLeader(RaftTestUtil.java:362)
	at org.apache.ratis.server.impl.LeaderElectionTests.testChangeLeader(LeaderElectionTests.java:81)
	at sun.reflect.NativeMethodAccessorImpl.invoke0(Native Method)
	at sun.reflect.NativeMethodAccessorImpl.invoke(NativeMethodAccessorImpl.java:62)
	at sun.reflect.DelegatingMethodAccessorImpl.invoke(DelegatingMethodAccessorImpl.java:43)
	at java.lang.reflect.Method.invoke(Method.java:498)
	at org.junit.runners.model.FrameworkMethod$1.runReflectiveCall(FrameworkMethod.java:50)
	at org.junit.internal.runners.model.ReflectiveCallable.run(ReflectiveCallable.java:12)
	at org.junit.runners.model.FrameworkMethod.invokeExplosively(FrameworkMethod.java:47)
	at org.junit.internal.runners.statements.InvokeMethod.evaluate(InvokeMethod.java:17)
	at org.junit.internal.runners.statements.RunAfters.evaluate(RunAfters.java:27)
	at org.junit.internal.runners.statements.FailOnTimeout$CallableStatement.call(FailOnTimeout.java:298)
	at org.junit.internal.runners.statements.FailOnTimeout$CallableStatement.call(FailOnTimeout.java:292)
	at java.util.concurrent.FutureTask.run(FutureTask.java:266)
	at java.lang.Thread.run(Thread.java:748)
2019-09-24 11:59:26,469 INFO  segmented.SegmentedRaftLogWorker (SegmentedRaftLogWorker.java:execute(569)) - s1@group-3D81F66BC438-SegmentedRaftLogWorker: created new log segment /workdir/ratis-test/target/test/data/1630e404/MiniRaftClusterWithSimulatedRpcecb8161c/s1/20b5bf50-abb9-421f-8107-3d81f66bc438/current/log_inprogress_1
2019-09-24 11:59:26,469 INFO  segmented.SegmentedRaftLogWorker (SegmentedRaftLogWorker.java:execute(569)) - s2@group-3D81F66BC438-SegmentedRaftLogWorker: created new log segment /workdir/ratis-test/target/test/data/1630e404/MiniRaftClusterWithSimulatedRpcecb8161c/s2/20b5bf50-abb9-421f-8107-3d81f66bc438/current/log_inprogress_1
2019-09-24 11:59:26,469 INFO  segmented.SegmentedRaftLogWorker (SegmentedRaftLogWorker.java:execute(569)) - s0@group-3D81F66BC438-SegmentedRaftLogWorker: created new log segment /workdir/ratis-test/target/test/data/1630e404/MiniRaftClusterWithSimulatedRpcecb8161c/s0/20b5bf50-abb9-421f-8107-3d81f66bc438/current/log_inprogress_1
2019-09-24 11:59:26,470 DEBUG segmented.SegmentedRaftLogWorker (SegmentedRaftLogWorker.java:flushWrites(340)) - s2@group-3D81F66BC438-SegmentedRaftLogWorker: flush SegmentedRaftLogOutputStream(/workdir/ratis-test/target/test/data/1630e404/MiniRaftClusterWithSimulatedRpcecb8161c/s2/20b5bf50-abb9-421f-8107-3d81f66bc438/current/log_inprogress_1)
2019-09-24 11:59:26,470 DEBUG segmented.SegmentedRaftLogWorker (SegmentedRaftLogWorker.java:flushWrites(340)) - s0@group-3D81F66BC438-SegmentedRaftLogWorker: flush SegmentedRaftLogOutputStream(/workdir/ratis-test/target/test/data/1630e404/MiniRaftClusterWithSimulatedRpcecb8161c/s0/20b5bf50-abb9-421f-8107-3d81f66bc438/current/log_inprogress_1)
2019-09-24 11:59:26,470 DEBUG segmented.SegmentedRaftLogWorker (SegmentedRaftLogWorker.java:flushWrites(340)) - s1@group-3D81F66BC438-SegmentedRaftLogWorker: flush SegmentedRaftLogOutputStream(/workdir/ratis-test/target/test/data/1630e404/MiniRaftClusterWithSimulatedRpcecb8161c/s1/20b5bf50-abb9-421f-8107-3d81f66bc438/current/log_inprogress_1)
2019-09-24 11:59:26,483 TRACE segmented.SegmentedRaftLogWorker (SegmentedRaftLogWorker.java:lambda$new$1(133)) - s2@group-3D81F66BC438-SegmentedRaftLogWorker: flushIndex: updateIncreasingly 0 -> 1
2019-09-24 11:59:26,483 TRACE segmented.SegmentedRaftLogWorker (SegmentedRaftLogWorker.java:lambda$new$1(133)) - s0@group-3D81F66BC438-SegmentedRaftLogWorker: flushIndex: updateIncreasingly 0 -> 1
2019-09-24 11:59:26,483 DEBUG impl.RaftServerImpl (RaftServerImpl.java:logAppendEntries(850)) - s2@group-3D81F66BC438: succeeded to handle AppendEntries. Reply: s0<-s2#0:OK,SUCCESS,nextIndex:2,term:2,followerCommit:0
2019-09-24 11:59:26,483 TRACE segmented.SegmentedRaftLogWorker (SegmentedRaftLogWorker.java:lambda$new$1(133)) - s1@group-3D81F66BC438-SegmentedRaftLogWorker: flushIndex: updateIncreasingly 0 -> 1
2019-09-24 11:59:26,484 DEBUG segmented.SegmentedRaftLogWorker (SegmentedRaftLogWorker.java:addIOTask(251)) - s0@group-3D81F66BC438-SegmentedRaftLogWorker adds IO task WriteLog:2: (t:2, i:2), METADATAENTRY(c1)
2019-09-24 11:59:26,484 DEBUG impl.RaftServerImpl (RaftServerImpl.java:logAppendEntries(850)) - s1@group-3D81F66BC438: succeeded to handle AppendEntries. Reply: s0<-s1#0:OK,SUCCESS,nextIndex:2,term:2,followerCommit:-1
2019-09-24 11:59:26,485 DEBUG segmented.SegmentedRaftLogWorker (SegmentedRaftLogWorker.java:flushWrites(340)) - s0@group-3D81F66BC438-SegmentedRaftLogWorker: flush SegmentedRaftLogOutputStream(/workdir/ratis-test/target/test/data/1630e404/MiniRaftClusterWithSimulatedRpcecb8161c/s0/20b5bf50-abb9-421f-8107-3d81f66bc438/current/log_inprogress_1)
2019-09-24 11:59:26,496 TRACE segmented.SegmentedRaftLogWorker (SegmentedRaftLogWorker.java:lambda$new$1(133)) - s0@group-3D81F66BC438-SegmentedRaftLogWorker: flushIndex: updateIncreasingly 1 -> 2
2019-09-24 11:59:26,516 INFO  server.RaftServerConfigKeys (ConfUtils.java:logGet(43)) - raft.server.rpc.timeout.max = 300ms (default)
2019-09-24 11:59:26,516 INFO  ratis.RaftTestUtil (RaftTestUtil.java:waitForLeader(86)) - printing ALL groups
  s0:  RUNNING    LEADER s0@group-3D81F66BC438:t2, leader=s0, voted=s0, raftlog=s0@group-3D81F66BC438-SegmentedRaftLog:OPENED:c1,f2,i2, conf=1: [s0:0.0.0.0:42154, s1:0.0.0.0:36158, s2:0.0.0.0:36910], old=null RUNNING
  s1:  RUNNING  FOLLOWER s1@group-3D81F66BC438:t2, leader=s0, voted=s1, raftlog=s1@group-3D81F66BC438-SegmentedRaftLog:OPENED:c-1,f1,i1, conf=1: [s0:0.0.0.0:42154, s1:0.0.0.0:36158, s2:0.0.0.0:36910], old=null RUNNING
  s2:  RUNNING  FOLLOWER s2@group-3D81F66BC438:t2, leader=s0, voted=s0, raftlog=s2@group-3D81F66BC438-SegmentedRaftLog:OPENED:c0,f1,i1, conf=1: [s0:0.0.0.0:42154, s1:0.0.0.0:36158, s2:0.0.0.0:36910], old=null RUNNING
2019-09-24 11:59:26,517 INFO  ratis.RaftTestUtil (RaftTestUtil.java:waitForLeader(101)) - printing ALL groups
  s0:  RUNNING    LEADER s0@group-3D81F66BC438:t2, leader=s0, voted=s0, raftlog=s0@group-3D81F66BC438-SegmentedRaftLog:OPENED:c1,f2,i2, conf=1: [s0:0.0.0.0:42154, s1:0.0.0.0:36158, s2:0.0.0.0:36910], old=null RUNNING
  s1:  RUNNING  FOLLOWER s1@group-3D81F66BC438:t2, leader=s0, voted=s1, raftlog=s1@group-3D81F66BC438-SegmentedRaftLog:OPENED:c-1,f1,i1, conf=1: [s0:0.0.0.0:42154, s1:0.0.0.0:36158, s2:0.0.0.0:36910], old=null RUNNING
  s2:  RUNNING  FOLLOWER s2@group-3D81F66BC438:t2, leader=s0, voted=s0, raftlog=s2@group-3D81F66BC438-SegmentedRaftLog:OPENED:c0,f1,i1, conf=1: [s0:0.0.0.0:42154, s1:0.0.0.0:36158, s2:0.0.0.0:36910], old=null RUNNING
2019-09-24 11:59:26,517 WARN  ratis.RaftTestUtil (JavaUtils.java:attempt(158)) - FAILED "testChangeLeader-changeLeader", attempt #3/20: java.lang.IllegalStateException: Failed to change leader: newLeader == oldLeader == s0, sleep 100ms and then retry.
java.lang.IllegalStateException: Failed to change leader: newLeader == oldLeader == s0
	at org.apache.ratis.RaftTestUtil.lambda$changeLeader$7(RaftTestUtil.java:365)
	at org.apache.ratis.util.JavaUtils.attempt(JavaUtils.java:152)
	at org.apache.ratis.RaftTestUtil.changeLeader(RaftTestUtil.java:362)
	at org.apache.ratis.server.impl.LeaderElectionTests.testChangeLeader(LeaderElectionTests.java:81)
	at sun.reflect.NativeMethodAccessorImpl.invoke0(Native Method)
	at sun.reflect.NativeMethodAccessorImpl.invoke(NativeMethodAccessorImpl.java:62)
	at sun.reflect.DelegatingMethodAccessorImpl.invoke(DelegatingMethodAccessorImpl.java:43)
	at java.lang.reflect.Method.invoke(Method.java:498)
	at org.junit.runners.model.FrameworkMethod$1.runReflectiveCall(FrameworkMethod.java:50)
	at org.junit.internal.runners.model.ReflectiveCallable.run(ReflectiveCallable.java:12)
	at org.junit.runners.model.FrameworkMethod.invokeExplosively(FrameworkMethod.java:47)
	at org.junit.internal.runners.statements.InvokeMethod.evaluate(InvokeMethod.java:17)
	at org.junit.internal.runners.statements.RunAfters.evaluate(RunAfters.java:27)
	at org.junit.internal.runners.statements.FailOnTimeout$CallableStatement.call(FailOnTimeout.java:298)
	at org.junit.internal.runners.statements.FailOnTimeout$CallableStatement.call(FailOnTimeout.java:292)
	at java.util.concurrent.FutureTask.run(FutureTask.java:266)
	at java.lang.Thread.run(Thread.java:748)
2019-09-24 11:59:26,618 INFO  server.RaftServerConfigKeys (ConfUtils.java:logGet(43)) - raft.server.rpc.timeout.max = 300ms (default)
2019-09-24 11:59:26,618 INFO  ratis.RaftTestUtil (RaftTestUtil.java:waitForLeader(86)) - printing ALL groups
  s0:  RUNNING    LEADER s0@group-3D81F66BC438:t2, leader=s0, voted=s0, raftlog=s0@group-3D81F66BC438-SegmentedRaftLog:OPENED:c1,f2,i2, conf=1: [s0:0.0.0.0:42154, s1:0.0.0.0:36158, s2:0.0.0.0:36910], old=null RUNNING
  s1:  RUNNING  FOLLOWER s1@group-3D81F66BC438:t2, leader=s0, voted=s1, raftlog=s1@group-3D81F66BC438-SegmentedRaftLog:OPENED:c-1,f1,i1, conf=1: [s0:0.0.0.0:42154, s1:0.0.0.0:36158, s2:0.0.0.0:36910], old=null RUNNING
  s2:  RUNNING  FOLLOWER s2@group-3D81F66BC438:t2, leader=s0, voted=s0, raftlog=s2@group-3D81F66BC438-SegmentedRaftLog:OPENED:c0,f1,i1, conf=1: [s0:0.0.0.0:42154, s1:0.0.0.0:36158, s2:0.0.0.0:36910], old=null RUNNING
2019-09-24 11:59:26,619 INFO  ratis.RaftTestUtil (RaftTestUtil.java:waitForLeader(101)) - printing ALL groups
  s0:  RUNNING    LEADER s0@group-3D81F66BC438:t2, leader=s0, voted=s0, raftlog=s0@group-3D81F66BC438-SegmentedRaftLog:OPENED:c1,f2,i2, conf=1: [s0:0.0.0.0:42154, s1:0.0.0.0:36158, s2:0.0.0.0:36910], old=null RUNNING
  s1:  RUNNING  FOLLOWER s1@group-3D81F66BC438:t2, leader=s0, voted=s1, raftlog=s1@group-3D81F66BC438-SegmentedRaftLog:OPENED:c-1,f1,i1, conf=1: [s0:0.0.0.0:42154, s1:0.0.0.0:36158, s2:0.0.0.0:36910], old=null RUNNING
  s2:  RUNNING  FOLLOWER s2@group-3D81F66BC438:t2, leader=s0, voted=s0, raftlog=s2@group-3D81F66BC438-SegmentedRaftLog:OPENED:c0,f1,i1, conf=1: [s0:0.0.0.0:42154, s1:0.0.0.0:36158, s2:0.0.0.0:36910], old=null RUNNING
2019-09-24 11:59:26,619 WARN  ratis.RaftTestUtil (JavaUtils.java:attempt(158)) - FAILED "testChangeLeader-changeLeader", attempt #4/20: java.lang.IllegalStateException: Failed to change leader: newLeader == oldLeader == s0, sleep 100ms and then retry.
java.lang.IllegalStateException: Failed to change leader: newLeader == oldLeader == s0
	at org.apache.ratis.RaftTestUtil.lambda$changeLeader$7(RaftTestUtil.java:365)
	at org.apache.ratis.util.JavaUtils.attempt(JavaUtils.java:152)
	at org.apache.ratis.RaftTestUtil.changeLeader(RaftTestUtil.java:362)
	at org.apache.ratis.server.impl.LeaderElectionTests.testChangeLeader(LeaderElectionTests.java:81)
	at sun.reflect.NativeMethodAccessorImpl.invoke0(Native Method)
	at sun.reflect.NativeMethodAccessorImpl.invoke(NativeMethodAccessorImpl.java:62)
	at sun.reflect.DelegatingMethodAccessorImpl.invoke(DelegatingMethodAccessorImpl.java:43)
	at java.lang.reflect.Method.invoke(Method.java:498)
	at org.junit.runners.model.FrameworkMethod$1.runReflectiveCall(FrameworkMethod.java:50)
	at org.junit.internal.runners.model.ReflectiveCallable.run(ReflectiveCallable.java:12)
	at org.junit.runners.model.FrameworkMethod.invokeExplosively(FrameworkMethod.java:47)
	at org.junit.internal.runners.statements.InvokeMethod.evaluate(InvokeMethod.java:17)
	at org.junit.internal.runners.statements.RunAfters.evaluate(RunAfters.java:27)
	at org.junit.internal.runners.statements.FailOnTimeout$CallableStatement.call(FailOnTimeout.java:298)
	at org.junit.internal.runners.statements.FailOnTimeout$CallableStatement.call(FailOnTimeout.java:292)
	at java.util.concurrent.FutureTask.run(FutureTask.java:266)
	at java.lang.Thread.run(Thread.java:748)
2019-09-24 11:59:26,720 INFO  server.RaftServerConfigKeys (ConfUtils.java:logGet(43)) - raft.server.rpc.timeout.max = 300ms (default)
2019-09-24 11:59:26,721 INFO  ratis.RaftTestUtil (RaftTestUtil.java:waitForLeader(86)) - printing ALL groups
  s0:  RUNNING    LEADER s0@group-3D81F66BC438:t2, leader=s0, voted=s0, raftlog=s0@group-3D81F66BC438-SegmentedRaftLog:OPENED:c1,f2,i2, conf=1: [s0:0.0.0.0:42154, s1:0.0.0.0:36158, s2:0.0.0.0:36910], old=null RUNNING
  s1:  RUNNING  FOLLOWER s1@group-3D81F66BC438:t2, leader=s0, voted=s1, raftlog=s1@group-3D81F66BC438-SegmentedRaftLog:OPENED:c-1,f1,i1, conf=1: [s0:0.0.0.0:42154, s1:0.0.0.0:36158, s2:0.0.0.0:36910], old=null RUNNING
  s2:  RUNNING  FOLLOWER s2@group-3D81F66BC438:t2, leader=s0, voted=s0, raftlog=s2@group-3D81F66BC438-SegmentedRaftLog:OPENED:c0,f1,i1, conf=1: [s0:0.0.0.0:42154, s1:0.0.0.0:36158, s2:0.0.0.0:36910], old=null RUNNING
2019-09-24 11:59:26,721 INFO  ratis.RaftTestUtil (RaftTestUtil.java:waitForLeader(101)) - printing ALL groups
  s0:  RUNNING    LEADER s0@group-3D81F66BC438:t2, leader=s0, voted=s0, raftlog=s0@group-3D81F66BC438-SegmentedRaftLog:OPENED:c1,f2,i2, conf=1: [s0:0.0.0.0:42154, s1:0.0.0.0:36158, s2:0.0.0.0:36910], old=null RUNNING
  s1:  RUNNING  FOLLOWER s1@group-3D81F66BC438:t2, leader=s0, voted=s1, raftlog=s1@group-3D81F66BC438-SegmentedRaftLog:OPENED:c-1,f1,i1, conf=1: [s0:0.0.0.0:42154, s1:0.0.0.0:36158, s2:0.0.0.0:36910], old=null RUNNING
  s2:  RUNNING  FOLLOWER s2@group-3D81F66BC438:t2, leader=s0, voted=s0, raftlog=s2@group-3D81F66BC438-SegmentedRaftLog:OPENED:c0,f1,i1, conf=1: [s0:0.0.0.0:42154, s1:0.0.0.0:36158, s2:0.0.0.0:36910], old=null RUNNING
2019-09-24 11:59:26,721 WARN  ratis.RaftTestUtil (JavaUtils.java:attempt(158)) - FAILED "testChangeLeader-changeLeader", attempt #5/20: java.lang.IllegalStateException: Failed to change leader: newLeader == oldLeader == s0, sleep 100ms and then retry.
java.lang.IllegalStateException: Failed to change leader: newLeader == oldLeader == s0
	at org.apache.ratis.RaftTestUtil.lambda$changeLeader$7(RaftTestUtil.java:365)
	at org.apache.ratis.util.JavaUtils.attempt(JavaUtils.java:152)
	at org.apache.ratis.RaftTestUtil.changeLeader(RaftTestUtil.java:362)
	at org.apache.ratis.server.impl.LeaderElectionTests.testChangeLeader(LeaderElectionTests.java:81)
	at sun.reflect.NativeMethodAccessorImpl.invoke0(Native Method)
	at sun.reflect.NativeMethodAccessorImpl.invoke(NativeMethodAccessorImpl.java:62)
	at sun.reflect.DelegatingMethodAccessorImpl.invoke(DelegatingMethodAccessorImpl.java:43)
	at java.lang.reflect.Method.invoke(Method.java:498)
	at org.junit.runners.model.FrameworkMethod$1.runReflectiveCall(FrameworkMethod.java:50)
	at org.junit.internal.runners.model.ReflectiveCallable.run(ReflectiveCallable.java:12)
	at org.junit.runners.model.FrameworkMethod.invokeExplosively(FrameworkMethod.java:47)
	at org.junit.internal.runners.statements.InvokeMethod.evaluate(InvokeMethod.java:17)
	at org.junit.internal.runners.statements.RunAfters.evaluate(RunAfters.java:27)
	at org.junit.internal.runners.statements.FailOnTimeout$CallableStatement.call(FailOnTimeout.java:298)
	at org.junit.internal.runners.statements.FailOnTimeout$CallableStatement.call(FailOnTimeout.java:292)
	at java.util.concurrent.FutureTask.run(FutureTask.java:266)
	at java.lang.Thread.run(Thread.java:748)
2019-09-24 11:59:26,767 INFO  impl.FollowerState (FollowerState.java:run(108)) - s2@group-3D81F66BC438-FollowerState: change to CANDIDATE, lastRpcTime:283ms, electionTimeout:169ms
2019-09-24 11:59:26,768 INFO  impl.RoleInfo (RoleInfo.java:shutdownFollowerState(121)) - s2: shutdown FollowerState
2019-09-24 11:59:26,768 INFO  impl.RaftServerImpl (RaftServerImpl.java:setRole(170)) - s2@group-3D81F66BC438: changes role from  FOLLOWER to CANDIDATE at term 2 for changeToCandidate
2019-09-24 11:59:26,768 INFO  impl.RoleInfo (RoleInfo.java:updateAndGet(143)) - s2: start LeaderElection
2019-09-24 11:59:26,769 INFO  impl.RaftServerImpl (ServerState.java:setLeader(254)) - s2@group-3D81F66BC438: change Leader from s0 to null at term 2 for initElection
2019-09-24 11:59:26,785 INFO  impl.LeaderElection (LeaderElection.java:askForVotes(178)) - s2@group-3D81F66BC438-LeaderElection37: begin an election at term 3 for 1: [s0:0.0.0.0:42154, s1:0.0.0.0:36158, s2:0.0.0.0:36910], old=null
2019-09-24 11:59:26,786 DEBUG impl.RaftServerImpl (RaftServerImpl.java:requestVote(743)) - s0@group-3D81F66BC438: receive requestVote(s2, group-3D81F66BC438, 3, (t:2, i:1))
2019-09-24 11:59:26,786 DEBUG impl.RaftServerImpl (RaftServerImpl.java:requestVote(743)) - s1@group-3D81F66BC438: receive requestVote(s2, group-3D81F66BC438, 3, (t:2, i:1))
2019-09-24 11:59:26,786 INFO  impl.RaftServerImpl (ServerState.java:setLeader(254)) - s0@group-3D81F66BC438: change Leader from s0 to null at term 3 for updateCurrentTerm
2019-09-24 11:59:26,786 INFO  impl.RaftServerImpl (ServerState.java:setLeader(254)) - s1@group-3D81F66BC438: change Leader from s0 to null at term 3 for updateCurrentTerm
2019-09-24 11:59:26,786 INFO  impl.RaftServerImpl (RaftServerImpl.java:setRole(170)) - s0@group-3D81F66BC438: changes role from    LEADER to FOLLOWER at term 3 for recognizeCandidate:s2
2019-09-24 11:59:26,786 INFO  impl.RaftServerImpl (RaftServerImpl.java:setRole(170)) - s1@group-3D81F66BC438: changes role from  FOLLOWER to FOLLOWER at term 3 for recognizeCandidate:s2
2019-09-24 11:59:26,786 INFO  impl.RoleInfo (RoleInfo.java:shutdownLeaderState(104)) - s0: shutdown LeaderState
2019-09-24 11:59:26,787 INFO  impl.RoleInfo (RoleInfo.java:shutdownFollowerState(121)) - s1: shutdown FollowerState
2019-09-24 11:59:26,788 INFO  impl.LogAppender (LogAppender.java:run(78)) - s0@group-3D81F66BC438->s1-LogAppender-AppenderDaemon was interrupted: java.io.InterruptedIOException: 
2019-09-24 11:59:26,788 INFO  impl.RoleInfo (RoleInfo.java:updateAndGet(143)) - s1: start FollowerState
2019-09-24 11:59:26,788 INFO  impl.LogAppender (LogAppender.java:run(78)) - s0@group-3D81F66BC438->s2-LogAppender-AppenderDaemon was interrupted: java.io.InterruptedIOException: 
2019-09-24 11:59:26,788 INFO  impl.PendingRequests (PendingRequests.java:sendNotLeaderResponses(202)) - s0@group-3D81F66BC438-PendingRequests: sendNotLeaderResponses
2019-09-24 11:59:26,788 INFO  impl.FollowerState (FollowerState.java:run(117)) - s1@group-3D81F66BC438-FollowerState was interrupted: java.lang.InterruptedException: sleep interrupted
2019-09-24 11:59:26,790 INFO  impl.RoleInfo (RoleInfo.java:updateAndGet(143)) - s0: start FollowerState
2019-09-24 11:59:26,803 DEBUG impl.RaftServerImpl (RaftServerImpl.java:requestVote(775)) - s1@group-3D81F66BC438 replies to vote request: s2<-s1#0:OK-t3. Peer's state: s1@group-3D81F66BC438:t3, leader=null, voted=s2, raftlog=s1@group-3D81F66BC438-SegmentedRaftLog:OPENED:c-1,f1,i1, conf=1: [s0:0.0.0.0:42154, s1:0.0.0.0:36158, s2:0.0.0.0:36910], old=null
2019-09-24 11:59:26,803 DEBUG impl.RaftServerImpl (RaftServerImpl.java:requestVote(775)) - s0@group-3D81F66BC438 replies to vote request: s2<-s0#0:FAIL-t3. Peer's state: s0@group-3D81F66BC438:t3, leader=null, voted=null, raftlog=s0@group-3D81F66BC438-SegmentedRaftLog:OPENED:c1,f2,i2, conf=1: [s0:0.0.0.0:42154, s1:0.0.0.0:36158, s2:0.0.0.0:36910], old=null
2019-09-24 11:59:26,804 INFO  impl.LeaderElection (LeaderElection.java:logAndReturn(56)) - s2@group-3D81F66BC438-LeaderElection37: Election PASSED; received 1 response(s) [s2<-s1#0:OK-t3] and 0 exception(s); s2@group-3D81F66BC438:t3, leader=null, voted=s2, raftlog=s2@group-3D81F66BC438-SegmentedRaftLog:OPENED:c0,f1,i1, conf=1: [s0:0.0.0.0:42154, s1:0.0.0.0:36158, s2:0.0.0.0:36910], old=null
2019-09-24 11:59:26,804 INFO  impl.RoleInfo (RoleInfo.java:shutdownLeaderElection(134)) - s2: shutdown LeaderElection
2019-09-24 11:59:26,805 INFO  impl.RaftServerImpl (RaftServerImpl.java:setRole(170)) - s2@group-3D81F66BC438: changes role from CANDIDATE to LEADER at term 3 for changeToLeader
2019-09-24 11:59:26,805 INFO  impl.RaftServerImpl (ServerState.java:setLeader(254)) - s2@group-3D81F66BC438: change Leader from null to s2 at term 3 for becomeLeader, leader elected after 35ms
2019-09-24 11:59:26,805 INFO  server.RaftServerConfigKeys (ConfUtils.java:logGet(43)) - raft.server.staging.catchup.gap = 1000 (default)
2019-09-24 11:59:26,805 INFO  server.RaftServerConfigKeys (ConfUtils.java:logGet(43)) - raft.server.rpc.sleep.time = 25ms (default)
2019-09-24 11:59:26,805 INFO  server.RaftServerConfigKeys (ConfUtils.java:logGet(43)) - raft.server.write.element-limit = 4096 (default)
2019-09-24 11:59:26,805 INFO  server.RaftServerConfigKeys (ConfUtils.java:logGet(43)) - raft.server.watch.timeout = 10s (default)
2019-09-24 11:59:26,806 INFO  server.RaftServerConfigKeys (ConfUtils.java:logGet(43)) - raft.server.watch.timeout.denomination = 1s (default)
2019-09-24 11:59:26,806 INFO  server.RaftServerConfigKeys (ConfUtils.java:logGet(43)) - raft.server.watch.element-limit = 65536 (default)
2019-09-24 11:59:26,806 INFO  server.RaftServerConfigKeys (ConfUtils.java:logGet(43)) - raft.server.log.appender.snapshot.chunk.size.max = 16MB (=16777216) (default)
2019-09-24 11:59:26,806 INFO  server.RaftServerConfigKeys (ConfUtils.java:logGet(43)) - raft.server.log.appender.buffer.byte-limit = 4MB (=4194304) (default)
2019-09-24 11:59:26,806 INFO  server.RaftServerConfigKeys (ConfUtils.java:logGet(43)) - raft.server.log.appender.buffer.element-limit = 0 (default)
2019-09-24 11:59:26,807 INFO  server.RaftServerConfigKeys (ConfUtils.java:logGet(43)) - raft.server.log.appender.snapshot.chunk.size.max = 16MB (=16777216) (default)
2019-09-24 11:59:26,807 INFO  server.RaftServerConfigKeys (ConfUtils.java:logGet(43)) - raft.server.log.appender.buffer.byte-limit = 4MB (=4194304) (default)
2019-09-24 11:59:26,807 INFO  server.RaftServerConfigKeys (ConfUtils.java:logGet(43)) - raft.server.log.appender.buffer.element-limit = 0 (default)
2019-09-24 11:59:26,808 INFO  impl.RoleInfo (RoleInfo.java:updateAndGet(143)) - s2: start LeaderState
2019-09-24 11:59:26,808 INFO  segmented.SegmentedRaftLogWorker (SegmentedRaftLogWorker.java:rollLogSegment(385)) - s2@group-3D81F66BC438-SegmentedRaftLogWorker: Rolling segment log-1_1 to index:1
2019-09-24 11:59:26,808 DEBUG segmented.SegmentedRaftLogWorker (SegmentedRaftLogWorker.java:addIOTask(251)) - s2@group-3D81F66BC438-SegmentedRaftLogWorker adds IO task FinalizeLogSegment:1: startIndex=1 endIndex=1
2019-09-24 11:59:26,808 DEBUG segmented.SegmentedRaftLogWorker (SegmentedRaftLogWorker.java:addIOTask(251)) - s2@group-3D81F66BC438-SegmentedRaftLogWorker adds IO task StartLogSegment:2
2019-09-24 11:59:26,809 DEBUG segmented.SegmentedRaftLogWorker (SegmentedRaftLogWorker.java:addIOTask(251)) - s2@group-3D81F66BC438-SegmentedRaftLogWorker adds IO task WriteLog:2: (t:3, i:2), CONFIGURATIONENTRY
2019-09-24 11:59:26,810 INFO  impl.RaftServerImpl (ServerState.java:setRaftConf(355)) - s2@group-3D81F66BC438: set configuration 2: [s0:0.0.0.0:42154, s1:0.0.0.0:36158, s2:0.0.0.0:36910], old=null at 2
2019-09-24 11:59:26,810 INFO  impl.RaftServerImpl (ServerState.java:setLeader(254)) - s1@group-3D81F66BC438: change Leader from null to s2 at term 3 for appendEntries, leader elected after 24ms
2019-09-24 11:59:26,810 INFO  impl.RaftServerImpl (ServerState.java:setLeader(254)) - s0@group-3D81F66BC438: change Leader from null to s2 at term 3 for appendEntries, leader elected after 24ms
2019-09-24 11:59:26,811 TRACE util.FileUtils (LogUtils.java:runAndLog(61)) - Successfully ran Files.move /workdir/ratis-test/target/test/data/1630e404/MiniRaftClusterWithSimulatedRpcecb8161c/s2/20b5bf50-abb9-421f-8107-3d81f66bc438/current/log_inprogress_1 to /workdir/ratis-test/target/test/data/1630e404/MiniRaftClusterWithSimulatedRpcecb8161c/s2/20b5bf50-abb9-421f-8107-3d81f66bc438/current/log_1-1
2019-09-24 11:59:26,811 DEBUG impl.RaftServerImpl (RaftServerImpl.java:logAppendEntries(850)) - s1@group-3D81F66BC438: receive appendEntries(s2, 3, (t:2, i:1), 0, false, commits[s2:c0, s0:c-1, s1:c-1], entries: (t:3, i:2), CONFIGURATIONENTRY
2019-09-24 11:59:26,811 INFO  segmented.SegmentedRaftLogWorker (SegmentedRaftLogWorker.java:execute(526)) - s2@group-3D81F66BC438-SegmentedRaftLogWorker: Rolled log segment from /workdir/ratis-test/target/test/data/1630e404/MiniRaftClusterWithSimulatedRpcecb8161c/s2/20b5bf50-abb9-421f-8107-3d81f66bc438/current/log_inprogress_1 to /workdir/ratis-test/target/test/data/1630e404/MiniRaftClusterWithSimulatedRpcecb8161c/s2/20b5bf50-abb9-421f-8107-3d81f66bc438/current/log_1-1
2019-09-24 11:59:26,812 TRACE segmented.SegmentedRaftLogWorker (SegmentedRaftLogWorker.java:lambda$new$1(133)) - s2@group-3D81F66BC438-SegmentedRaftLogWorker: flushIndex: updateIncreasingly 1 -> 1
2019-09-24 11:59:26,812 INFO  impl.RaftServerImpl (ServerState.java:setRaftConf(355)) - s1@group-3D81F66BC438: set configuration 2: [s0:0.0.0.0:42154, s1:0.0.0.0:36158, s2:0.0.0.0:36910], old=null at 2
2019-09-24 11:59:26,812 INFO  segmented.SegmentedRaftLogWorker (SegmentedRaftLogWorker.java:rollLogSegment(385)) - s1@group-3D81F66BC438-SegmentedRaftLogWorker: Rolling segment log-1_1 to index:1
2019-09-24 11:59:26,812 DEBUG segmented.SegmentedRaftLogWorker (SegmentedRaftLogWorker.java:addIOTask(251)) - s1@group-3D81F66BC438-SegmentedRaftLogWorker adds IO task FinalizeLogSegment:1: startIndex=1 endIndex=1
2019-09-24 11:59:26,813 DEBUG segmented.SegmentedRaftLogWorker (SegmentedRaftLogWorker.java:addIOTask(251)) - s1@group-3D81F66BC438-SegmentedRaftLogWorker adds IO task StartLogSegment:2
2019-09-24 11:59:26,813 DEBUG segmented.SegmentedRaftLogWorker (SegmentedRaftLogWorker.java:addIOTask(251)) - s1@group-3D81F66BC438-SegmentedRaftLogWorker adds IO task WriteLog:2: (t:3, i:2), CONFIGURATIONENTRY
2019-09-24 11:59:26,815 TRACE util.FileUtils (LogUtils.java:runAndLog(61)) - Successfully ran Files.move /workdir/ratis-test/target/test/data/1630e404/MiniRaftClusterWithSimulatedRpcecb8161c/s1/20b5bf50-abb9-421f-8107-3d81f66bc438/current/log_inprogress_1 to /workdir/ratis-test/target/test/data/1630e404/MiniRaftClusterWithSimulatedRpcecb8161c/s1/20b5bf50-abb9-421f-8107-3d81f66bc438/current/log_1-1
2019-09-24 11:59:26,815 INFO  segmented.SegmentedRaftLogWorker (SegmentedRaftLogWorker.java:execute(526)) - s1@group-3D81F66BC438-SegmentedRaftLogWorker: Rolled log segment from /workdir/ratis-test/target/test/data/1630e404/MiniRaftClusterWithSimulatedRpcecb8161c/s1/20b5bf50-abb9-421f-8107-3d81f66bc438/current/log_inprogress_1 to /workdir/ratis-test/target/test/data/1630e404/MiniRaftClusterWithSimulatedRpcecb8161c/s1/20b5bf50-abb9-421f-8107-3d81f66bc438/current/log_1-1
2019-09-24 11:59:26,815 TRACE segmented.SegmentedRaftLogWorker (SegmentedRaftLogWorker.java:lambda$new$1(133)) - s1@group-3D81F66BC438-SegmentedRaftLogWorker: flushIndex: updateIncreasingly 1 -> 1
2019-09-24 11:59:26,822 INFO  server.RaftServerConfigKeys (ConfUtils.java:logGet(43)) - raft.server.rpc.timeout.max = 300ms (default)
2019-09-24 11:59:26,823 INFO  ratis.RaftTestUtil (RaftTestUtil.java:waitForLeader(86)) - printing ALL groups
  s0:  RUNNING  FOLLOWER s0@group-3D81F66BC438:t3, leader=s2, voted=null, raftlog=s0@group-3D81F66BC438-SegmentedRaftLog:OPENED:c1,f2,i2, conf=1: [s0:0.0.0.0:42154, s1:0.0.0.0:36158, s2:0.0.0.0:36910], old=null RUNNING
  s1:  RUNNING  FOLLOWER s1@group-3D81F66BC438:t3, leader=s2, voted=s2, raftlog=s1@group-3D81F66BC438-SegmentedRaftLog:OPENED:c-1,f1,i2, conf=2: [s0:0.0.0.0:42154, s1:0.0.0.0:36158, s2:0.0.0.0:36910], old=null RUNNING
  s2:  RUNNING    LEADER s2@group-3D81F66BC438:t3, leader=s2, voted=s2, raftlog=s2@group-3D81F66BC438-SegmentedRaftLog:OPENED:c0,f1,i2, conf=2: [s0:0.0.0.0:42154, s1:0.0.0.0:36158, s2:0.0.0.0:36910], old=null RUNNING
2019-09-24 11:59:26,824 INFO  ratis.RaftTestUtil (RaftTestUtil.java:waitForLeader(101)) - printing ALL groups
  s0:  RUNNING  FOLLOWER s0@group-3D81F66BC438:t3, leader=s2, voted=null, raftlog=s0@group-3D81F66BC438-SegmentedRaftLog:OPENED:c1,f2,i2, conf=1: [s0:0.0.0.0:42154, s1:0.0.0.0:36158, s2:0.0.0.0:36910], old=null RUNNING
  s1:  RUNNING  FOLLOWER s1@group-3D81F66BC438:t3, leader=s2, voted=s2, raftlog=s1@group-3D81F66BC438-SegmentedRaftLog:OPENED:c-1,f1,i2, conf=2: [s0:0.0.0.0:42154, s1:0.0.0.0:36158, s2:0.0.0.0:36910], old=null RUNNING
  s2:  RUNNING    LEADER s2@group-3D81F66BC438:t3, leader=s2, voted=s2, raftlog=s2@group-3D81F66BC438-SegmentedRaftLog:OPENED:c0,f1,i2, conf=2: [s0:0.0.0.0:42154, s1:0.0.0.0:36158, s2:0.0.0.0:36910], old=null RUNNING
2019-09-24 11:59:26,824 INFO  ratis.RaftTestUtil (RaftTestUtil.java:lambda$changeLeader$7(367)) - Changed leader from s0 to s2
2019-09-24 11:59:26,824 INFO  server.RaftServerConfigKeys (ConfUtils.java:logGet(43)) - raft.server.rpc.timeout.max = 300ms (default)
2019-09-24 11:59:26,825 INFO  ratis.RaftTestUtil (RaftTestUtil.java:waitForLeader(86)) - printing ALL groups
  s0:  RUNNING  FOLLOWER s0@group-3D81F66BC438:t3, leader=s2, voted=null, raftlog=s0@group-3D81F66BC438-SegmentedRaftLog:OPENED:c1,f2,i2, conf=1: [s0:0.0.0.0:42154, s1:0.0.0.0:36158, s2:0.0.0.0:36910], old=null RUNNING
  s1:  RUNNING  FOLLOWER s1@group-3D81F66BC438:t3, leader=s2, voted=s2, raftlog=s1@group-3D81F66BC438-SegmentedRaftLog:OPENED:c-1,f1,i2, conf=2: [s0:0.0.0.0:42154, s1:0.0.0.0:36158, s2:0.0.0.0:36910], old=null RUNNING
  s2:  RUNNING    LEADER s2@group-3D81F66BC438:t3, leader=s2, voted=s2, raftlog=s2@group-3D81F66BC438-SegmentedRaftLog:OPENED:c0,f1,i2, conf=2: [s0:0.0.0.0:42154, s1:0.0.0.0:36158, s2:0.0.0.0:36910], old=null RUNNING
2019-09-24 11:59:26,825 INFO  ratis.RaftTestUtil (RaftTestUtil.java:waitForLeader(101)) - printing ALL groups
  s0:  RUNNING  FOLLOWER s0@group-3D81F66BC438:t3, leader=s2, voted=null, raftlog=s0@group-3D81F66BC438-SegmentedRaftLog:OPENED:c1,f2,i2, conf=1: [s0:0.0.0.0:42154, s1:0.0.0.0:36158, s2:0.0.0.0:36910], old=null RUNNING
  s1:  RUNNING  FOLLOWER s1@group-3D81F66BC438:t3, leader=s2, voted=s2, raftlog=s1@group-3D81F66BC438-SegmentedRaftLog:OPENED:c-1,f1,i2, conf=2: [s0:0.0.0.0:42154, s1:0.0.0.0:36158, s2:0.0.0.0:36910], old=null RUNNING
  s2:  RUNNING    LEADER s2@group-3D81F66BC438:t3, leader=s2, voted=s2, raftlog=s2@group-3D81F66BC438-SegmentedRaftLog:OPENED:c0,f1,i2, conf=2: [s0:0.0.0.0:42154, s1:0.0.0.0:36158, s2:0.0.0.0:36910], old=null RUNNING
2019-09-24 11:59:26,826 WARN  ratis.RaftTestUtil (JavaUtils.java:attempt(158)) - FAILED "testChangeLeader-changeLeader", attempt #1/20: java.lang.IllegalStateException: Failed to change leader: newLeader == oldLeader == s2, sleep 100ms and then retry.
java.lang.IllegalStateException: Failed to change leader: newLeader == oldLeader == s2
	at org.apache.ratis.RaftTestUtil.lambda$changeLeader$7(RaftTestUtil.java:365)
	at org.apache.ratis.util.JavaUtils.attempt(JavaUtils.java:152)
	at org.apache.ratis.RaftTestUtil.changeLeader(RaftTestUtil.java:362)
	at org.apache.ratis.server.impl.LeaderElectionTests.testChangeLeader(LeaderElectionTests.java:81)
	at sun.reflect.NativeMethodAccessorImpl.invoke0(Native Method)
	at sun.reflect.NativeMethodAccessorImpl.invoke(NativeMethodAccessorImpl.java:62)
	at sun.reflect.DelegatingMethodAccessorImpl.invoke(DelegatingMethodAccessorImpl.java:43)
	at java.lang.reflect.Method.invoke(Method.java:498)
	at org.junit.runners.model.FrameworkMethod$1.runReflectiveCall(FrameworkMethod.java:50)
	at org.junit.internal.runners.model.ReflectiveCallable.run(ReflectiveCallable.java:12)
	at org.junit.runners.model.FrameworkMethod.invokeExplosively(FrameworkMethod.java:47)
	at org.junit.internal.runners.statements.InvokeMethod.evaluate(InvokeMethod.java:17)
	at org.junit.internal.runners.statements.RunAfters.evaluate(RunAfters.java:27)
	at org.junit.internal.runners.statements.FailOnTimeout$CallableStatement.call(FailOnTimeout.java:298)
	at org.junit.internal.runners.statements.FailOnTimeout$CallableStatement.call(FailOnTimeout.java:292)
	at java.util.concurrent.FutureTask.run(FutureTask.java:266)
	at java.lang.Thread.run(Thread.java:748)
2019-09-24 11:59:26,927 INFO  server.RaftServerConfigKeys (ConfUtils.java:logGet(43)) - raft.server.rpc.timeout.max = 300ms (default)
2019-09-24 11:59:26,927 INFO  ratis.RaftTestUtil (RaftTestUtil.java:waitForLeader(86)) - printing ALL groups
  s0:  RUNNING  FOLLOWER s0@group-3D81F66BC438:t3, leader=s2, voted=null, raftlog=s0@group-3D81F66BC438-SegmentedRaftLog:OPENED:c1,f2,i2, conf=1: [s0:0.0.0.0:42154, s1:0.0.0.0:36158, s2:0.0.0.0:36910], old=null RUNNING
  s1:  RUNNING  FOLLOWER s1@group-3D81F66BC438:t3, leader=s2, voted=s2, raftlog=s1@group-3D81F66BC438-SegmentedRaftLog:OPENED:c-1,f1,i2, conf=2: [s0:0.0.0.0:42154, s1:0.0.0.0:36158, s2:0.0.0.0:36910], old=null RUNNING
  s2:  RUNNING    LEADER s2@group-3D81F66BC438:t3, leader=s2, voted=s2, raftlog=s2@group-3D81F66BC438-SegmentedRaftLog:OPENED:c0,f1,i2, conf=2: [s0:0.0.0.0:42154, s1:0.0.0.0:36158, s2:0.0.0.0:36910], old=null RUNNING
2019-09-24 11:59:26,928 INFO  ratis.RaftTestUtil (RaftTestUtil.java:waitForLeader(101)) - printing ALL groups
  s0:  RUNNING  FOLLOWER s0@group-3D81F66BC438:t3, leader=s2, voted=null, raftlog=s0@group-3D81F66BC438-SegmentedRaftLog:OPENED:c1,f2,i2, conf=1: [s0:0.0.0.0:42154, s1:0.0.0.0:36158, s2:0.0.0.0:36910], old=null RUNNING
  s1:  RUNNING  FOLLOWER s1@group-3D81F66BC438:t3, leader=s2, voted=s2, raftlog=s1@group-3D81F66BC438-SegmentedRaftLog:OPENED:c-1,f1,i2, conf=2: [s0:0.0.0.0:42154, s1:0.0.0.0:36158, s2:0.0.0.0:36910], old=null RUNNING
  s2:  RUNNING    LEADER s2@group-3D81F66BC438:t3, leader=s2, voted=s2, raftlog=s2@group-3D81F66BC438-SegmentedRaftLog:OPENED:c0,f1,i2, conf=2: [s0:0.0.0.0:42154, s1:0.0.0.0:36158, s2:0.0.0.0:36910], old=null RUNNING
2019-09-24 11:59:26,928 WARN  ratis.RaftTestUtil (JavaUtils.java:attempt(158)) - FAILED "testChangeLeader-changeLeader", attempt #2/20: java.lang.IllegalStateException: Failed to change leader: newLeader == oldLeader == s2, sleep 100ms and then retry.
java.lang.IllegalStateException: Failed to change leader: newLeader == oldLeader == s2
	at org.apache.ratis.RaftTestUtil.lambda$changeLeader$7(RaftTestUtil.java:365)
	at org.apache.ratis.util.JavaUtils.attempt(JavaUtils.java:152)
	at org.apache.ratis.RaftTestUtil.changeLeader(RaftTestUtil.java:362)
	at org.apache.ratis.server.impl.LeaderElectionTests.testChangeLeader(LeaderElectionTests.java:81)
	at sun.reflect.NativeMethodAccessorImpl.invoke0(Native Method)
	at sun.reflect.NativeMethodAccessorImpl.invoke(NativeMethodAccessorImpl.java:62)
	at sun.reflect.DelegatingMethodAccessorImpl.invoke(DelegatingMethodAccessorImpl.java:43)
	at java.lang.reflect.Method.invoke(Method.java:498)
	at org.junit.runners.model.FrameworkMethod$1.runReflectiveCall(FrameworkMethod.java:50)
	at org.junit.internal.runners.model.ReflectiveCallable.run(ReflectiveCallable.java:12)
	at org.junit.runners.model.FrameworkMethod.invokeExplosively(FrameworkMethod.java:47)
	at org.junit.internal.runners.statements.InvokeMethod.evaluate(InvokeMethod.java:17)
	at org.junit.internal.runners.statements.RunAfters.evaluate(RunAfters.java:27)
	at org.junit.internal.runners.statements.FailOnTimeout$CallableStatement.call(FailOnTimeout.java:298)
	at org.junit.internal.runners.statements.FailOnTimeout$CallableStatement.call(FailOnTimeout.java:292)
	at java.util.concurrent.FutureTask.run(FutureTask.java:266)
	at java.lang.Thread.run(Thread.java:748)
2019-09-24 11:59:26,995 INFO  segmented.SegmentedRaftLogWorker (SegmentedRaftLogWorker.java:execute(569)) - s2@group-3D81F66BC438-SegmentedRaftLogWorker: created new log segment /workdir/ratis-test/target/test/data/1630e404/MiniRaftClusterWithSimulatedRpcecb8161c/s2/20b5bf50-abb9-421f-8107-3d81f66bc438/current/log_inprogress_2
2019-09-24 11:59:26,995 INFO  segmented.SegmentedRaftLogWorker (SegmentedRaftLogWorker.java:execute(569)) - s1@group-3D81F66BC438-SegmentedRaftLogWorker: created new log segment /workdir/ratis-test/target/test/data/1630e404/MiniRaftClusterWithSimulatedRpcecb8161c/s1/20b5bf50-abb9-421f-8107-3d81f66bc438/current/log_inprogress_2
2019-09-24 11:59:26,995 DEBUG segmented.SegmentedRaftLogWorker (SegmentedRaftLogWorker.java:flushWrites(340)) - s2@group-3D81F66BC438-SegmentedRaftLogWorker: flush SegmentedRaftLogOutputStream(/workdir/ratis-test/target/test/data/1630e404/MiniRaftClusterWithSimulatedRpcecb8161c/s2/20b5bf50-abb9-421f-8107-3d81f66bc438/current/log_inprogress_2)
2019-09-24 11:59:26,996 DEBUG segmented.SegmentedRaftLogWorker (SegmentedRaftLogWorker.java:flushWrites(340)) - s1@group-3D81F66BC438-SegmentedRaftLogWorker: flush SegmentedRaftLogOutputStream(/workdir/ratis-test/target/test/data/1630e404/MiniRaftClusterWithSimulatedRpcecb8161c/s1/20b5bf50-abb9-421f-8107-3d81f66bc438/current/log_inprogress_2)
2019-09-24 11:59:27,000 TRACE segmented.SegmentedRaftLogWorker (SegmentedRaftLogWorker.java:lambda$new$1(133)) - s2@group-3D81F66BC438-SegmentedRaftLogWorker: flushIndex: updateIncreasingly 1 -> 2
2019-09-24 11:59:27,001 TRACE segmented.SegmentedRaftLogWorker (SegmentedRaftLogWorker.java:lambda$new$1(133)) - s1@group-3D81F66BC438-SegmentedRaftLogWorker: flushIndex: updateIncreasingly 1 -> 2
2019-09-24 11:59:27,001 DEBUG segmented.SegmentedRaftLogWorker (SegmentedRaftLogWorker.java:addIOTask(251)) - s2@group-3D81F66BC438-SegmentedRaftLogWorker adds IO task WriteLog:3: (t:3, i:3), METADATAENTRY(c2)
2019-09-24 11:59:27,001 DEBUG segmented.SegmentedRaftLogWorker (SegmentedRaftLogWorker.java:flushWrites(340)) - s2@group-3D81F66BC438-SegmentedRaftLogWorker: flush SegmentedRaftLogOutputStream(/workdir/ratis-test/target/test/data/1630e404/MiniRaftClusterWithSimulatedRpcecb8161c/s2/20b5bf50-abb9-421f-8107-3d81f66bc438/current/log_inprogress_2)
2019-09-24 11:59:27,001 DEBUG impl.RaftServerImpl (RaftServerImpl.java:logAppendEntries(850)) - s1@group-3D81F66BC438: succeeded to handle AppendEntries. Reply: s2<-s1#0:OK,SUCCESS,nextIndex:3,term:3,followerCommit:-1
2019-09-24 11:59:27,012 TRACE segmented.SegmentedRaftLogWorker (SegmentedRaftLogWorker.java:lambda$new$1(133)) - s2@group-3D81F66BC438-SegmentedRaftLogWorker: flushIndex: updateIncreasingly 2 -> 3
2019-09-24 11:59:27,029 INFO  server.RaftServerConfigKeys (ConfUtils.java:logGet(43)) - raft.server.rpc.timeout.max = 300ms (default)
2019-09-24 11:59:27,029 INFO  ratis.RaftTestUtil (RaftTestUtil.java:waitForLeader(86)) - printing ALL groups
  s0:  RUNNING  FOLLOWER s0@group-3D81F66BC438:t3, leader=s2, voted=null, raftlog=s0@group-3D81F66BC438-SegmentedRaftLog:OPENED:c1,f2,i2, conf=1: [s0:0.0.0.0:42154, s1:0.0.0.0:36158, s2:0.0.0.0:36910], old=null RUNNING
  s1:  RUNNING  FOLLOWER s1@group-3D81F66BC438:t3, leader=s2, voted=s2, raftlog=s1@group-3D81F66BC438-SegmentedRaftLog:OPENED:c-1,f2,i2, conf=2: [s0:0.0.0.0:42154, s1:0.0.0.0:36158, s2:0.0.0.0:36910], old=null RUNNING
  s2:  RUNNING    LEADER s2@group-3D81F66BC438:t3, leader=s2, voted=s2, raftlog=s2@group-3D81F66BC438-SegmentedRaftLog:OPENED:c2,f3,i3, conf=2: [s0:0.0.0.0:42154, s1:0.0.0.0:36158, s2:0.0.0.0:36910], old=null RUNNING
2019-09-24 11:59:27,030 INFO  ratis.RaftTestUtil (RaftTestUtil.java:waitForLeader(101)) - printing ALL groups
  s0:  RUNNING  FOLLOWER s0@group-3D81F66BC438:t3, leader=s2, voted=null, raftlog=s0@group-3D81F66BC438-SegmentedRaftLog:OPENED:c1,f2,i2, conf=1: [s0:0.0.0.0:42154, s1:0.0.0.0:36158, s2:0.0.0.0:36910], old=null RUNNING
  s1:  RUNNING  FOLLOWER s1@group-3D81F66BC438:t3, leader=s2, voted=s2, raftlog=s1@group-3D81F66BC438-SegmentedRaftLog:OPENED:c-1,f2,i2, conf=2: [s0:0.0.0.0:42154, s1:0.0.0.0:36158, s2:0.0.0.0:36910], old=null RUNNING
  s2:  RUNNING    LEADER s2@group-3D81F66BC438:t3, leader=s2, voted=s2, raftlog=s2@group-3D81F66BC438-SegmentedRaftLog:OPENED:c2,f3,i3, conf=2: [s0:0.0.0.0:42154, s1:0.0.0.0:36158, s2:0.0.0.0:36910], old=null RUNNING
2019-09-24 11:59:27,031 WARN  ratis.RaftTestUtil (JavaUtils.java:attempt(158)) - FAILED "testChangeLeader-changeLeader", attempt #3/20: java.lang.IllegalStateException: Failed to change leader: newLeader == oldLeader == s2, sleep 100ms and then retry.
java.lang.IllegalStateException: Failed to change leader: newLeader == oldLeader == s2
	at org.apache.ratis.RaftTestUtil.lambda$changeLeader$7(RaftTestUtil.java:365)
	at org.apache.ratis.util.JavaUtils.attempt(JavaUtils.java:152)
	at org.apache.ratis.RaftTestUtil.changeLeader(RaftTestUtil.java:362)
	at org.apache.ratis.server.impl.LeaderElectionTests.testChangeLeader(LeaderElectionTests.java:81)
	at sun.reflect.NativeMethodAccessorImpl.invoke0(Native Method)
	at sun.reflect.NativeMethodAccessorImpl.invoke(NativeMethodAccessorImpl.java:62)
	at sun.reflect.DelegatingMethodAccessorImpl.invoke(DelegatingMethodAccessorImpl.java:43)
	at java.lang.reflect.Method.invoke(Method.java:498)
	at org.junit.runners.model.FrameworkMethod$1.runReflectiveCall(FrameworkMethod.java:50)
	at org.junit.internal.runners.model.ReflectiveCallable.run(ReflectiveCallable.java:12)
	at org.junit.runners.model.FrameworkMethod.invokeExplosively(FrameworkMethod.java:47)
	at org.junit.internal.runners.statements.InvokeMethod.evaluate(InvokeMethod.java:17)
	at org.junit.internal.runners.statements.RunAfters.evaluate(RunAfters.java:27)
	at org.junit.internal.runners.statements.FailOnTimeout$CallableStatement.call(FailOnTimeout.java:298)
	at org.junit.internal.runners.statements.FailOnTimeout$CallableStatement.call(FailOnTimeout.java:292)
	at java.util.concurrent.FutureTask.run(FutureTask.java:266)
	at java.lang.Thread.run(Thread.java:748)
2019-09-24 11:59:27,085 DEBUG impl.RaftServerImpl (RaftServerImpl.java:logAppendEntries(850)) - s2@group-3D81F66BC438: receive appendEntries(s0, 2, (t:2, i:1), 1, false, commits[s0:c1, s1:c-1, s2:c0], entries: (t:2, i:2), METADATAENTRY(c1)
2019-09-24 11:59:27,086 DEBUG impl.RaftServerImpl (RaftServerImpl.java:logAppendEntries(850)) - s1@group-3D81F66BC438: receive appendEntries(s0, 2, (t:2, i:1), 1, false, commits[s0:c1, s1:c-1, s2:c0], entries: (t:2, i:2), METADATAENTRY(c1)
2019-09-24 11:59:27,086 DEBUG impl.RaftServerImpl (RaftServerImpl.java:appendEntriesAsync(906)) - s2@group-3D81F66BC438: Not recognize s0 (term=2) as leader, state: s2@group-3D81F66BC438:t3, leader=s2, voted=s2, raftlog=s2@group-3D81F66BC438-SegmentedRaftLog:OPENED:c2,f3,i3, conf=2: [s0:0.0.0.0:42154, s1:0.0.0.0:36158, s2:0.0.0.0:36910], old=null reply: s0<-s2#0:FAIL,NOT_LEADER,nextIndex:4,term:3,followerCommit:2
2019-09-24 11:59:27,086 DEBUG impl.RaftServerImpl (RaftServerImpl.java:appendEntriesAsync(906)) - s1@group-3D81F66BC438: Not recognize s0 (term=2) as leader, state: s1@group-3D81F66BC438:t3, leader=s2, voted=s2, raftlog=s1@group-3D81F66BC438-SegmentedRaftLog:OPENED:c-1,f2,i2, conf=2: [s0:0.0.0.0:42154, s1:0.0.0.0:36158, s2:0.0.0.0:36910], old=null reply: s0<-s1#0:FAIL,NOT_LEADER,nextIndex:3,term:3,followerCommit:-1
2019-09-24 11:59:27,131 INFO  server.RaftServerConfigKeys (ConfUtils.java:logGet(43)) - raft.server.rpc.timeout.max = 300ms (default)
2019-09-24 11:59:27,132 INFO  ratis.RaftTestUtil (RaftTestUtil.java:waitForLeader(86)) - printing ALL groups
  s0:  RUNNING  FOLLOWER s0@group-3D81F66BC438:t3, leader=s2, voted=null, raftlog=s0@group-3D81F66BC438-SegmentedRaftLog:OPENED:c1,f2,i2, conf=1: [s0:0.0.0.0:42154, s1:0.0.0.0:36158, s2:0.0.0.0:36910], old=null RUNNING
  s1:  RUNNING  FOLLOWER s1@group-3D81F66BC438:t3, leader=s2, voted=s2, raftlog=s1@group-3D81F66BC438-SegmentedRaftLog:OPENED:c-1,f2,i2, conf=2: [s0:0.0.0.0:42154, s1:0.0.0.0:36158, s2:0.0.0.0:36910], old=null RUNNING
  s2:  RUNNING    LEADER s2@group-3D81F66BC438:t3, leader=s2, voted=s2, raftlog=s2@group-3D81F66BC438-SegmentedRaftLog:OPENED:c2,f3,i3, conf=2: [s0:0.0.0.0:42154, s1:0.0.0.0:36158, s2:0.0.0.0:36910], old=null RUNNING
2019-09-24 11:59:27,133 INFO  ratis.RaftTestUtil (RaftTestUtil.java:waitForLeader(101)) - printing ALL groups
  s0:  RUNNING  FOLLOWER s0@group-3D81F66BC438:t3, leader=s2, voted=null, raftlog=s0@group-3D81F66BC438-SegmentedRaftLog:OPENED:c1,f2,i2, conf=1: [s0:0.0.0.0:42154, s1:0.0.0.0:36158, s2:0.0.0.0:36910], old=null RUNNING
  s1:  RUNNING  FOLLOWER s1@group-3D81F66BC438:t3, leader=s2, voted=s2, raftlog=s1@group-3D81F66BC438-SegmentedRaftLog:OPENED:c-1,f2,i2, conf=2: [s0:0.0.0.0:42154, s1:0.0.0.0:36158, s2:0.0.0.0:36910], old=null RUNNING
  s2:  RUNNING    LEADER s2@group-3D81F66BC438:t3, leader=s2, voted=s2, raftlog=s2@group-3D81F66BC438-SegmentedRaftLog:OPENED:c2,f3,i3, conf=2: [s0:0.0.0.0:42154, s1:0.0.0.0:36158, s2:0.0.0.0:36910], old=null RUNNING
2019-09-24 11:59:27,133 WARN  ratis.RaftTestUtil (JavaUtils.java:attempt(158)) - FAILED "testChangeLeader-changeLeader", attempt #4/20: java.lang.IllegalStateException: Failed to change leader: newLeader == oldLeader == s2, sleep 100ms and then retry.
java.lang.IllegalStateException: Failed to change leader: newLeader == oldLeader == s2
	at org.apache.ratis.RaftTestUtil.lambda$changeLeader$7(RaftTestUtil.java:365)
	at org.apache.ratis.util.JavaUtils.attempt(JavaUtils.java:152)
	at org.apache.ratis.RaftTestUtil.changeLeader(RaftTestUtil.java:362)
	at org.apache.ratis.server.impl.LeaderElectionTests.testChangeLeader(LeaderElectionTests.java:81)
	at sun.reflect.NativeMethodAccessorImpl.invoke0(Native Method)
	at sun.reflect.NativeMethodAccessorImpl.invoke(NativeMethodAccessorImpl.java:62)
	at sun.reflect.DelegatingMethodAccessorImpl.invoke(DelegatingMethodAccessorImpl.java:43)
	at java.lang.reflect.Method.invoke(Method.java:498)
	at org.junit.runners.model.FrameworkMethod$1.runReflectiveCall(FrameworkMethod.java:50)
	at org.junit.internal.runners.model.ReflectiveCallable.run(ReflectiveCallable.java:12)
	at org.junit.runners.model.FrameworkMethod.invokeExplosively(FrameworkMethod.java:47)
	at org.junit.internal.runners.statements.InvokeMethod.evaluate(InvokeMethod.java:17)
	at org.junit.internal.runners.statements.RunAfters.evaluate(RunAfters.java:27)
	at org.junit.internal.runners.statements.FailOnTimeout$CallableStatement.call(FailOnTimeout.java:298)
	at org.junit.internal.runners.statements.FailOnTimeout$CallableStatement.call(FailOnTimeout.java:292)
	at java.util.concurrent.FutureTask.run(FutureTask.java:266)
	at java.lang.Thread.run(Thread.java:748)
2019-09-24 11:59:27,234 INFO  server.RaftServerConfigKeys (ConfUtils.java:logGet(43)) - raft.server.rpc.timeout.max = 300ms (default)
2019-09-24 11:59:27,234 INFO  ratis.RaftTestUtil (RaftTestUtil.java:waitForLeader(86)) - printing ALL groups
  s0:  RUNNING  FOLLOWER s0@group-3D81F66BC438:t3, leader=s2, voted=null, raftlog=s0@group-3D81F66BC438-SegmentedRaftLog:OPENED:c1,f2,i2, conf=1: [s0:0.0.0.0:42154, s1:0.0.0.0:36158, s2:0.0.0.0:36910], old=null RUNNING
  s1:  RUNNING  FOLLOWER s1@group-3D81F66BC438:t3, leader=s2, voted=s2, raftlog=s1@group-3D81F66BC438-SegmentedRaftLog:OPENED:c-1,f2,i2, conf=2: [s0:0.0.0.0:42154, s1:0.0.0.0:36158, s2:0.0.0.0:36910], old=null RUNNING
  s2:  RUNNING    LEADER s2@group-3D81F66BC438:t3, leader=s2, voted=s2, raftlog=s2@group-3D81F66BC438-SegmentedRaftLog:OPENED:c2,f3,i3, conf=2: [s0:0.0.0.0:42154, s1:0.0.0.0:36158, s2:0.0.0.0:36910], old=null RUNNING
2019-09-24 11:59:27,235 INFO  ratis.RaftTestUtil (RaftTestUtil.java:waitForLeader(101)) - printing ALL groups
  s0:  RUNNING  FOLLOWER s0@group-3D81F66BC438:t3, leader=s2, voted=null, raftlog=s0@group-3D81F66BC438-SegmentedRaftLog:OPENED:c1,f2,i2, conf=1: [s0:0.0.0.0:42154, s1:0.0.0.0:36158, s2:0.0.0.0:36910], old=null RUNNING
  s1:  RUNNING  FOLLOWER s1@group-3D81F66BC438:t3, leader=s2, voted=s2, raftlog=s1@group-3D81F66BC438-SegmentedRaftLog:OPENED:c-1,f2,i2, conf=2: [s0:0.0.0.0:42154, s1:0.0.0.0:36158, s2:0.0.0.0:36910], old=null RUNNING
  s2:  RUNNING    LEADER s2@group-3D81F66BC438:t3, leader=s2, voted=s2, raftlog=s2@group-3D81F66BC438-SegmentedRaftLog:OPENED:c2,f3,i3, conf=2: [s0:0.0.0.0:42154, s1:0.0.0.0:36158, s2:0.0.0.0:36910], old=null RUNNING
2019-09-24 11:59:27,235 WARN  ratis.RaftTestUtil (JavaUtils.java:attempt(158)) - FAILED "testChangeLeader-changeLeader", attempt #5/20: java.lang.IllegalStateException: Failed to change leader: newLeader == oldLeader == s2, sleep 100ms and then retry.
java.lang.IllegalStateException: Failed to change leader: newLeader == oldLeader == s2
	at org.apache.ratis.RaftTestUtil.lambda$changeLeader$7(RaftTestUtil.java:365)
	at org.apache.ratis.util.JavaUtils.attempt(JavaUtils.java:152)
	at org.apache.ratis.RaftTestUtil.changeLeader(RaftTestUtil.java:362)
	at org.apache.ratis.server.impl.LeaderElectionTests.testChangeLeader(LeaderElectionTests.java:81)
	at sun.reflect.NativeMethodAccessorImpl.invoke0(Native Method)
	at sun.reflect.NativeMethodAccessorImpl.invoke(NativeMethodAccessorImpl.java:62)
	at sun.reflect.DelegatingMethodAccessorImpl.invoke(DelegatingMethodAccessorImpl.java:43)
	at java.lang.reflect.Method.invoke(Method.java:498)
	at org.junit.runners.model.FrameworkMethod$1.runReflectiveCall(FrameworkMethod.java:50)
	at org.junit.internal.runners.model.ReflectiveCallable.run(ReflectiveCallable.java:12)
	at org.junit.runners.model.FrameworkMethod.invokeExplosively(FrameworkMethod.java:47)
	at org.junit.internal.runners.statements.InvokeMethod.evaluate(InvokeMethod.java:17)
	at org.junit.internal.runners.statements.RunAfters.evaluate(RunAfters.java:27)
	at org.junit.internal.runners.statements.FailOnTimeout$CallableStatement.call(FailOnTimeout.java:298)
	at org.junit.internal.runners.statements.FailOnTimeout$CallableStatement.call(FailOnTimeout.java:292)
	at java.util.concurrent.FutureTask.run(FutureTask.java:266)
	at java.lang.Thread.run(Thread.java:748)
2019-09-24 11:59:27,253 INFO  impl.FollowerState (FollowerState.java:run(108)) - s1@group-3D81F66BC438-FollowerState: change to CANDIDATE, lastRpcTime:251ms, electionTimeout:188ms
2019-09-24 11:59:27,254 INFO  impl.RoleInfo (RoleInfo.java:shutdownFollowerState(121)) - s1: shutdown FollowerState
2019-09-24 11:59:27,254 INFO  impl.RaftServerImpl (RaftServerImpl.java:setRole(170)) - s1@group-3D81F66BC438: changes role from  FOLLOWER to CANDIDATE at term 3 for changeToCandidate
2019-09-24 11:59:27,254 INFO  impl.RoleInfo (RoleInfo.java:updateAndGet(143)) - s1: start LeaderElection
2019-09-24 11:59:27,254 INFO  impl.RaftServerImpl (ServerState.java:setLeader(254)) - s1@group-3D81F66BC438: change Leader from s2 to null at term 3 for initElection
2019-09-24 11:59:27,271 INFO  impl.FollowerState (FollowerState.java:run(108)) - s0@group-3D81F66BC438-FollowerState: change to CANDIDATE, lastRpcTime:460ms, electionTimeout:198ms
2019-09-24 11:59:27,272 INFO  impl.RoleInfo (RoleInfo.java:shutdownFollowerState(121)) - s0: shutdown FollowerState
2019-09-24 11:59:27,272 INFO  impl.RaftServerImpl (RaftServerImpl.java:setRole(170)) - s0@group-3D81F66BC438: changes role from  FOLLOWER to CANDIDATE at term 3 for changeToCandidate
2019-09-24 11:59:27,272 INFO  impl.RoleInfo (RoleInfo.java:updateAndGet(143)) - s0: start LeaderElection
2019-09-24 11:59:27,272 INFO  impl.RaftServerImpl (ServerState.java:setLeader(254)) - s0@group-3D81F66BC438: change Leader from s2 to null at term 3 for initElection
2019-09-24 11:59:27,280 INFO  impl.LeaderElection (LeaderElection.java:askForVotes(178)) - s1@group-3D81F66BC438-LeaderElection38: begin an election at term 4 for 2: [s0:0.0.0.0:42154, s1:0.0.0.0:36158, s2:0.0.0.0:36910], old=null
2019-09-24 11:59:27,280 DEBUG impl.RaftServerImpl (RaftServerImpl.java:requestVote(743)) - s0@group-3D81F66BC438: receive requestVote(s1, group-3D81F66BC438, 4, (t:3, i:2))
2019-09-24 11:59:27,281 DEBUG impl.RaftServerImpl (RaftServerImpl.java:requestVote(743)) - s2@group-3D81F66BC438: receive requestVote(s1, group-3D81F66BC438, 4, (t:3, i:2))
2019-09-24 11:59:27,281 INFO  impl.RaftServerImpl (ServerState.java:setLeader(254)) - s2@group-3D81F66BC438: change Leader from s2 to null at term 4 for updateCurrentTerm
2019-09-24 11:59:27,281 INFO  impl.RaftServerImpl (RaftServerImpl.java:setRole(170)) - s2@group-3D81F66BC438: changes role from    LEADER to FOLLOWER at term 4 for recognizeCandidate:s1
2019-09-24 11:59:27,281 INFO  impl.RoleInfo (RoleInfo.java:shutdownLeaderState(104)) - s2: shutdown LeaderState
2019-09-24 11:59:27,282 INFO  impl.LogAppender (LogAppender.java:run(78)) - s2@group-3D81F66BC438->s0-LogAppender-AppenderDaemon was interrupted: java.io.InterruptedIOException: 
2019-09-24 11:59:27,282 INFO  impl.LogAppender (LogAppender.java:run(78)) - s2@group-3D81F66BC438->s1-LogAppender-AppenderDaemon was interrupted: java.io.InterruptedIOException: 
2019-09-24 11:59:27,282 INFO  impl.PendingRequests (PendingRequests.java:sendNotLeaderResponses(202)) - s2@group-3D81F66BC438-PendingRequests: sendNotLeaderResponses
2019-09-24 11:59:27,283 INFO  impl.RoleInfo (RoleInfo.java:updateAndGet(143)) - s2: start FollowerState
2019-09-24 11:59:27,283 INFO  impl.LeaderElection (LeaderElection.java:askForVotes(178)) - s0@group-3D81F66BC438-LeaderElection39: begin an election at term 4 for 1: [s0:0.0.0.0:42154, s1:0.0.0.0:36158, s2:0.0.0.0:36910], old=null
2019-09-24 11:59:27,284 DEBUG impl.RaftServerImpl (RaftServerImpl.java:requestVote(775)) - s0@group-3D81F66BC438 replies to vote request: s1<-s0#0:FAIL-t4. Peer's state: s0@group-3D81F66BC438:t4, leader=null, voted=s0, raftlog=s0@group-3D81F66BC438-SegmentedRaftLog:OPENED:c1,f2,i2, conf=1: [s0:0.0.0.0:42154, s1:0.0.0.0:36158, s2:0.0.0.0:36910], old=null
2019-09-24 11:59:27,284 DEBUG impl.RaftServerImpl (RaftServerImpl.java:requestVote(743)) - s1@group-3D81F66BC438: receive requestVote(s0, group-3D81F66BC438, 4, (t:2, i:2))
2019-09-24 11:59:27,284 DEBUG impl.RaftServerImpl (RaftServerImpl.java:requestVote(743)) - s2@group-3D81F66BC438: receive requestVote(s0, group-3D81F66BC438, 4, (t:2, i:2))
2019-09-24 11:59:27,285 DEBUG impl.RaftServerImpl (RaftServerImpl.java:requestVote(775)) - s1@group-3D81F66BC438 replies to vote request: s0<-s1#0:FAIL-t4. Peer's state: s1@group-3D81F66BC438:t4, leader=null, voted=s1, raftlog=s1@group-3D81F66BC438-SegmentedRaftLog:OPENED:c-1,f2,i2, conf=2: [s0:0.0.0.0:42154, s1:0.0.0.0:36158, s2:0.0.0.0:36910], old=null
2019-09-24 11:59:27,311 DEBUG impl.RaftServerImpl (RaftServerImpl.java:requestVote(775)) - s2@group-3D81F66BC438 replies to vote request: s1<-s2#0:FAIL-t4. Peer's state: s2@group-3D81F66BC438:t4, leader=null, voted=null, raftlog=s2@group-3D81F66BC438-SegmentedRaftLog:OPENED:c2,f3,i3, conf=2: [s0:0.0.0.0:42154, s1:0.0.0.0:36158, s2:0.0.0.0:36910], old=null
2019-09-24 11:59:27,312 INFO  impl.RaftServerImpl (RaftServerImpl.java:setRole(170)) - s2@group-3D81F66BC438: changes role from  FOLLOWER to FOLLOWER at term 4 for recognizeCandidate:s0
2019-09-24 11:59:27,312 INFO  impl.LeaderElection (LeaderElection.java:logAndReturn(56)) - s1@group-3D81F66BC438-LeaderElection38: Election REJECTED; received 2 response(s) [s1<-s0#0:FAIL-t4, s1<-s2#0:FAIL-t4] and 0 exception(s); s1@group-3D81F66BC438:t4, leader=null, voted=s1, raftlog=s1@group-3D81F66BC438-SegmentedRaftLog:OPENED:c-1,f2,i2, conf=2: [s0:0.0.0.0:42154, s1:0.0.0.0:36158, s2:0.0.0.0:36910], old=null
2019-09-24 11:59:27,312 INFO  impl.RoleInfo (RoleInfo.java:shutdownFollowerState(121)) - s2: shutdown FollowerState
2019-09-24 11:59:27,312 INFO  impl.RaftServerImpl (RaftServerImpl.java:setRole(170)) - s1@group-3D81F66BC438: changes role from CANDIDATE to FOLLOWER at term 4 for DISCOVERED_A_NEW_TERM
2019-09-24 11:59:27,312 INFO  impl.RoleInfo (RoleInfo.java:updateAndGet(143)) - s2: start FollowerState
2019-09-24 11:59:27,312 INFO  impl.RoleInfo (RoleInfo.java:shutdownLeaderElection(134)) - s1: shutdown LeaderElection
2019-09-24 11:59:27,312 INFO  impl.FollowerState (FollowerState.java:run(117)) - s2@group-3D81F66BC438-FollowerState was interrupted: java.lang.InterruptedException: sleep interrupted
2019-09-24 11:59:27,313 DEBUG impl.RaftServerImpl (RaftServerImpl.java:requestVote(775)) - s2@group-3D81F66BC438 replies to vote request: s0<-s2#0:FAIL-t4. Peer's state: s2@group-3D81F66BC438:t4, leader=null, voted=null, raftlog=s2@group-3D81F66BC438-SegmentedRaftLog:OPENED:c2,f3,i3, conf=2: [s0:0.0.0.0:42154, s1:0.0.0.0:36158, s2:0.0.0.0:36910], old=null
2019-09-24 11:59:27,313 INFO  impl.RoleInfo (RoleInfo.java:updateAndGet(143)) - s1: start FollowerState
2019-09-24 11:59:27,314 INFO  impl.LeaderElection (LeaderElection.java:logAndReturn(56)) - s0@group-3D81F66BC438-LeaderElection39: Election REJECTED; received 2 response(s) [s0<-s1#0:FAIL-t4, s0<-s2#0:FAIL-t4] and 0 exception(s); s0@group-3D81F66BC438:t4, leader=null, voted=s0, raftlog=s0@group-3D81F66BC438-SegmentedRaftLog:OPENED:c1,f2,i2, conf=1: [s0:0.0.0.0:42154, s1:0.0.0.0:36158, s2:0.0.0.0:36910], old=null
2019-09-24 11:59:27,314 INFO  impl.RaftServerImpl (RaftServerImpl.java:setRole(170)) - s0@group-3D81F66BC438: changes role from CANDIDATE to FOLLOWER at term 4 for DISCOVERED_A_NEW_TERM
2019-09-24 11:59:27,314 INFO  impl.RoleInfo (RoleInfo.java:shutdownLeaderElection(134)) - s0: shutdown LeaderElection
2019-09-24 11:59:27,314 INFO  impl.RoleInfo (RoleInfo.java:updateAndGet(143)) - s0: start FollowerState
2019-09-24 11:59:27,336 INFO  server.RaftServerConfigKeys (ConfUtils.java:logGet(43)) - raft.server.rpc.timeout.max = 300ms (default)
2019-09-24 11:59:27,337 INFO  ratis.RaftTestUtil (RaftTestUtil.java:waitForLeader(86)) - printing ALL groups
  s0:  RUNNING  FOLLOWER s0@group-3D81F66BC438:t4, leader=null, voted=s0, raftlog=s0@group-3D81F66BC438-SegmentedRaftLog:OPENED:c1,f2,i2, conf=1: [s0:0.0.0.0:42154, s1:0.0.0.0:36158, s2:0.0.0.0:36910], old=null RUNNING
  s1:  RUNNING  FOLLOWER s1@group-3D81F66BC438:t4, leader=null, voted=s1, raftlog=s1@group-3D81F66BC438-SegmentedRaftLog:OPENED:c-1,f2,i2, conf=2: [s0:0.0.0.0:42154, s1:0.0.0.0:36158, s2:0.0.0.0:36910], old=null RUNNING
  s2:  RUNNING  FOLLOWER s2@group-3D81F66BC438:t4, leader=null, voted=null, raftlog=s2@group-3D81F66BC438-SegmentedRaftLog:OPENED:c2,f3,i3, conf=2: [s0:0.0.0.0:42154, s1:0.0.0.0:36158, s2:0.0.0.0:36910], old=null RUNNING
2019-09-24 11:59:27,337 WARN  ratis.RaftTestUtil (JavaUtils.java:attempt(158)) - FAILED "waitForLeader-null-(expectLeader? true)", attempt #1/100: java.lang.IllegalStateException: No leader yet : printing ALL groups
  s0:  RUNNING  FOLLOWER s0@group-3D81F66BC438:t4, leader=null, voted=s0, raftlog=s0@group-3D81F66BC438-SegmentedRaftLog:OPENED:c1,f2,i2, conf=1: [s0:0.0.0.0:42154, s1:0.0.0.0:36158, s2:0.0.0.0:36910], old=null RUNNING
  s1:  RUNNING  FOLLOWER s1@group-3D81F66BC438:t4, leader=null, voted=s1, raftlog=s1@group-3D81F66BC438-SegmentedRaftLog:OPENED:c-1,f2,i2, conf=2: [s0:0.0.0.0:42154, s1:0.0.0.0:36158, s2:0.0.0.0:36910], old=null RUNNING
  s2:  RUNNING  FOLLOWER s2@group-3D81F66BC438:t4, leader=null, voted=null, raftlog=s2@group-3D81F66BC438-SegmentedRaftLog:OPENED:c2,f3,i3, conf=2: [s0:0.0.0.0:42154, s1:0.0.0.0:36158, s2:0.0.0.0:36910], old=null RUNNING, sleep 450ms and then retry.
java.lang.IllegalStateException: No leader yet : printing ALL groups
  s0:  RUNNING  FOLLOWER s0@group-3D81F66BC438:t4, leader=null, voted=s0, raftlog=s0@group-3D81F66BC438-SegmentedRaftLog:OPENED:c1,f2,i2, conf=1: [s0:0.0.0.0:42154, s1:0.0.0.0:36158, s2:0.0.0.0:36910], old=null RUNNING
  s1:  RUNNING  FOLLOWER s1@group-3D81F66BC438:t4, leader=null, voted=s1, raftlog=s1@group-3D81F66BC438-SegmentedRaftLog:OPENED:c-1,f2,i2, conf=2: [s0:0.0.0.0:42154, s1:0.0.0.0:36158, s2:0.0.0.0:36910], old=null RUNNING
  s2:  RUNNING  FOLLOWER s2@group-3D81F66BC438:t4, leader=null, voted=null, raftlog=s2@group-3D81F66BC438-SegmentedRaftLog:OPENED:c2,f3,i3, conf=2: [s0:0.0.0.0:42154, s1:0.0.0.0:36158, s2:0.0.0.0:36910], old=null RUNNING
	at org.apache.ratis.MiniRaftCluster.newIllegalStateExceptionForNoLeaders(MiniRaftCluster.java:506)
	at org.apache.ratis.RaftTestUtil.lambda$waitForLeader$1(RaftTestUtil.java:90)
	at org.apache.ratis.MiniRaftCluster.getLeader(MiniRaftCluster.java:539)
	at org.apache.ratis.MiniRaftCluster.getLeader(MiniRaftCluster.java:532)
	at org.apache.ratis.RaftTestUtil.lambda$waitForLeader$3(RaftTestUtil.java:98)
	at org.apache.ratis.util.JavaUtils.attempt(JavaUtils.java:152)
	at org.apache.ratis.RaftTestUtil.waitForLeader(RaftTestUtil.java:97)
	at org.apache.ratis.RaftTestUtil.waitForLeader(RaftTestUtil.java:77)
	at org.apache.ratis.RaftTestUtil.waitForLeader(RaftTestUtil.java:72)
	at org.apache.ratis.RaftTestUtil.lambda$changeLeader$7(RaftTestUtil.java:363)
	at org.apache.ratis.util.JavaUtils.attempt(JavaUtils.java:152)
	at org.apache.ratis.RaftTestUtil.changeLeader(RaftTestUtil.java:362)
	at org.apache.ratis.server.impl.LeaderElectionTests.testChangeLeader(LeaderElectionTests.java:81)
	at sun.reflect.NativeMethodAccessorImpl.invoke0(Native Method)
	at sun.reflect.NativeMethodAccessorImpl.invoke(NativeMethodAccessorImpl.java:62)
	at sun.reflect.DelegatingMethodAccessorImpl.invoke(DelegatingMethodAccessorImpl.java:43)
	at java.lang.reflect.Method.invoke(Method.java:498)
	at org.junit.runners.model.FrameworkMethod$1.runReflectiveCall(FrameworkMethod.java:50)
	at org.junit.internal.runners.model.ReflectiveCallable.run(ReflectiveCallable.java:12)
	at org.junit.runners.model.FrameworkMethod.invokeExplosively(FrameworkMethod.java:47)
	at org.junit.internal.runners.statements.InvokeMethod.evaluate(InvokeMethod.java:17)
	at org.junit.internal.runners.statements.RunAfters.evaluate(RunAfters.java:27)
	at org.junit.internal.runners.statements.FailOnTimeout$CallableStatement.call(FailOnTimeout.java:298)
	at org.junit.internal.runners.statements.FailOnTimeout$CallableStatement.call(FailOnTimeout.java:292)
	at java.util.concurrent.FutureTask.run(FutureTask.java:266)
	at java.lang.Thread.run(Thread.java:748)
2019-09-24 11:59:27,520 INFO  impl.FollowerState (FollowerState.java:run(108)) - s1@group-3D81F66BC438-FollowerState: change to CANDIDATE, lastRpcTime:207ms, electionTimeout:206ms
2019-09-24 11:59:27,521 INFO  impl.RoleInfo (RoleInfo.java:shutdownFollowerState(121)) - s1: shutdown FollowerState
2019-09-24 11:59:27,521 INFO  impl.RaftServerImpl (RaftServerImpl.java:setRole(170)) - s1@group-3D81F66BC438: changes role from  FOLLOWER to CANDIDATE at term 4 for changeToCandidate
2019-09-24 11:59:27,521 INFO  impl.RoleInfo (RoleInfo.java:updateAndGet(143)) - s1: start LeaderElection
2019-09-24 11:59:27,537 INFO  impl.LeaderElection (LeaderElection.java:askForVotes(178)) - s1@group-3D81F66BC438-LeaderElection40: begin an election at term 5 for 2: [s0:0.0.0.0:42154, s1:0.0.0.0:36158, s2:0.0.0.0:36910], old=null
2019-09-24 11:59:27,538 DEBUG impl.RaftServerImpl (RaftServerImpl.java:requestVote(743)) - s0@group-3D81F66BC438: receive requestVote(s1, group-3D81F66BC438, 5, (t:3, i:2))
2019-09-24 11:59:27,538 DEBUG impl.RaftServerImpl (RaftServerImpl.java:requestVote(743)) - s2@group-3D81F66BC438: receive requestVote(s1, group-3D81F66BC438, 5, (t:3, i:2))
2019-09-24 11:59:27,538 INFO  impl.RaftServerImpl (RaftServerImpl.java:setRole(170)) - s0@group-3D81F66BC438: changes role from  FOLLOWER to FOLLOWER at term 5 for recognizeCandidate:s1
2019-09-24 11:59:27,538 INFO  impl.RaftServerImpl (RaftServerImpl.java:setRole(170)) - s2@group-3D81F66BC438: changes role from  FOLLOWER to FOLLOWER at term 5 for recognizeCandidate:s1
2019-09-24 11:59:27,539 INFO  impl.RoleInfo (RoleInfo.java:shutdownFollowerState(121)) - s0: shutdown FollowerState
2019-09-24 11:59:27,539 INFO  impl.RoleInfo (RoleInfo.java:shutdownFollowerState(121)) - s2: shutdown FollowerState
2019-09-24 11:59:27,539 INFO  impl.RoleInfo (RoleInfo.java:updateAndGet(143)) - s0: start FollowerState
2019-09-24 11:59:27,539 INFO  impl.FollowerState (FollowerState.java:run(117)) - s2@group-3D81F66BC438-FollowerState was interrupted: java.lang.InterruptedException: sleep interrupted
2019-09-24 11:59:27,539 INFO  impl.RoleInfo (RoleInfo.java:updateAndGet(143)) - s2: start FollowerState
2019-09-24 11:59:27,539 INFO  impl.FollowerState (FollowerState.java:run(117)) - s0@group-3D81F66BC438-FollowerState was interrupted: java.lang.InterruptedException: sleep interrupted
2019-09-24 11:59:27,549 DEBUG impl.RaftServerImpl (RaftServerImpl.java:requestVote(775)) - s0@group-3D81F66BC438 replies to vote request: s1<-s0#0:OK-t5. Peer's state: s0@group-3D81F66BC438:t5, leader=null, voted=s1, raftlog=s0@group-3D81F66BC438-SegmentedRaftLog:OPENED:c1,f2,i2, conf=1: [s0:0.0.0.0:42154, s1:0.0.0.0:36158, s2:0.0.0.0:36910], old=null
2019-09-24 11:59:27,549 DEBUG impl.RaftServerImpl (RaftServerImpl.java:requestVote(775)) - s2@group-3D81F66BC438 replies to vote request: s1<-s2#0:FAIL-t5. Peer's state: s2@group-3D81F66BC438:t5, leader=null, voted=null, raftlog=s2@group-3D81F66BC438-SegmentedRaftLog:OPENED:c2,f3,i3, conf=2: [s0:0.0.0.0:42154, s1:0.0.0.0:36158, s2:0.0.0.0:36910], old=null
2019-09-24 11:59:27,549 INFO  impl.LeaderElection (LeaderElection.java:logAndReturn(56)) - s1@group-3D81F66BC438-LeaderElection40: Election PASSED; received 1 response(s) [s1<-s0#0:OK-t5] and 0 exception(s); s1@group-3D81F66BC438:t5, leader=null, voted=s1, raftlog=s1@group-3D81F66BC438-SegmentedRaftLog:OPENED:c-1,f2,i2, conf=2: [s0:0.0.0.0:42154, s1:0.0.0.0:36158, s2:0.0.0.0:36910], old=null
2019-09-24 11:59:27,549 INFO  impl.RoleInfo (RoleInfo.java:shutdownLeaderElection(134)) - s1: shutdown LeaderElection
2019-09-24 11:59:27,550 INFO  impl.RaftServerImpl (RaftServerImpl.java:setRole(170)) - s1@group-3D81F66BC438: changes role from CANDIDATE to LEADER at term 5 for changeToLeader
2019-09-24 11:59:27,550 INFO  impl.RaftServerImpl (ServerState.java:setLeader(254)) - s1@group-3D81F66BC438: change Leader from null to s1 at term 5 for becomeLeader, leader elected after 295ms
2019-09-24 11:59:27,550 INFO  server.RaftServerConfigKeys (ConfUtils.java:logGet(43)) - raft.server.staging.catchup.gap = 1000 (default)
2019-09-24 11:59:27,550 INFO  server.RaftServerConfigKeys (ConfUtils.java:logGet(43)) - raft.server.rpc.sleep.time = 25ms (default)
2019-09-24 11:59:27,550 INFO  server.RaftServerConfigKeys (ConfUtils.java:logGet(43)) - raft.server.write.element-limit = 4096 (default)
2019-09-24 11:59:27,550 INFO  server.RaftServerConfigKeys (ConfUtils.java:logGet(43)) - raft.server.watch.timeout = 10s (default)
2019-09-24 11:59:27,551 INFO  server.RaftServerConfigKeys (ConfUtils.java:logGet(43)) - raft.server.watch.timeout.denomination = 1s (default)
2019-09-24 11:59:27,551 INFO  server.RaftServerConfigKeys (ConfUtils.java:logGet(43)) - raft.server.watch.element-limit = 65536 (default)
2019-09-24 11:59:27,554 INFO  server.RaftServerConfigKeys (ConfUtils.java:logGet(43)) - raft.server.log.appender.snapshot.chunk.size.max = 16MB (=16777216) (default)
2019-09-24 11:59:27,554 INFO  server.RaftServerConfigKeys (ConfUtils.java:logGet(43)) - raft.server.log.appender.buffer.byte-limit = 4MB (=4194304) (default)
2019-09-24 11:59:27,555 INFO  server.RaftServerConfigKeys (ConfUtils.java:logGet(43)) - raft.server.log.appender.buffer.element-limit = 0 (default)
2019-09-24 11:59:27,555 INFO  server.RaftServerConfigKeys (ConfUtils.java:logGet(43)) - raft.server.log.appender.snapshot.chunk.size.max = 16MB (=16777216) (default)
2019-09-24 11:59:27,555 INFO  server.RaftServerConfigKeys (ConfUtils.java:logGet(43)) - raft.server.log.appender.buffer.byte-limit = 4MB (=4194304) (default)
2019-09-24 11:59:27,555 INFO  server.RaftServerConfigKeys (ConfUtils.java:logGet(43)) - raft.server.log.appender.buffer.element-limit = 0 (default)
2019-09-24 11:59:27,556 INFO  impl.RoleInfo (RoleInfo.java:updateAndGet(143)) - s1: start LeaderState
2019-09-24 11:59:27,556 INFO  segmented.SegmentedRaftLogWorker (SegmentedRaftLogWorker.java:rollLogSegment(385)) - s1@group-3D81F66BC438-SegmentedRaftLogWorker: Rolling segment log-2_2 to index:2
2019-09-24 11:59:27,556 DEBUG segmented.SegmentedRaftLogWorker (SegmentedRaftLogWorker.java:addIOTask(251)) - s1@group-3D81F66BC438-SegmentedRaftLogWorker adds IO task FinalizeLogSegment:2: startIndex=2 endIndex=2
2019-09-24 11:59:27,557 DEBUG segmented.SegmentedRaftLogWorker (SegmentedRaftLogWorker.java:addIOTask(251)) - s1@group-3D81F66BC438-SegmentedRaftLogWorker adds IO task StartLogSegment:3
2019-09-24 11:59:27,557 DEBUG segmented.SegmentedRaftLogWorker (SegmentedRaftLogWorker.java:addIOTask(251)) - s1@group-3D81F66BC438-SegmentedRaftLogWorker adds IO task WriteLog:3: (t:5, i:3), CONFIGURATIONENTRY
2019-09-24 11:59:27,558 INFO  impl.RaftServerImpl (ServerState.java:setRaftConf(355)) - s1@group-3D81F66BC438: set configuration 3: [s0:0.0.0.0:42154, s1:0.0.0.0:36158, s2:0.0.0.0:36910], old=null at 3
2019-09-24 11:59:27,558 INFO  impl.RaftServerImpl (ServerState.java:setLeader(254)) - s0@group-3D81F66BC438: change Leader from null to s1 at term 5 for appendEntries, leader elected after 285ms
2019-09-24 11:59:27,558 INFO  impl.RaftServerImpl (ServerState.java:setLeader(254)) - s2@group-3D81F66BC438: change Leader from null to s1 at term 5 for appendEntries, leader elected after 277ms
2019-09-24 11:59:27,558 INFO  impl.RaftServerImpl (RaftServerImpl.java:checkInconsistentAppendEntries(999)) - s0@group-3D81F66BC438: Failed appendEntries as previous log entry ((t:3, i:2)) is not found
2019-09-24 11:59:27,559 INFO  impl.RaftServerImpl (RaftServerImpl.java:checkInconsistentAppendEntries(972)) - s0@group-3D81F66BC438: inconsistency entries. Reply:s1<-s0#0:FAIL,INCONSISTENCY,nextIndex:2,term:5,followerCommit:1
2019-09-24 11:59:27,559 TRACE util.FileUtils (LogUtils.java:runAndLog(61)) - Successfully ran Files.move /workdir/ratis-test/target/test/data/1630e404/MiniRaftClusterWithSimulatedRpcecb8161c/s1/20b5bf50-abb9-421f-8107-3d81f66bc438/current/log_inprogress_2 to /workdir/ratis-test/target/test/data/1630e404/MiniRaftClusterWithSimulatedRpcecb8161c/s1/20b5bf50-abb9-421f-8107-3d81f66bc438/current/log_2-2
2019-09-24 11:59:27,560 INFO  segmented.SegmentedRaftLogWorker (SegmentedRaftLogWorker.java:execute(526)) - s1@group-3D81F66BC438-SegmentedRaftLogWorker: Rolled log segment from /workdir/ratis-test/target/test/data/1630e404/MiniRaftClusterWithSimulatedRpcecb8161c/s1/20b5bf50-abb9-421f-8107-3d81f66bc438/current/log_inprogress_2 to /workdir/ratis-test/target/test/data/1630e404/MiniRaftClusterWithSimulatedRpcecb8161c/s1/20b5bf50-abb9-421f-8107-3d81f66bc438/current/log_2-2
2019-09-24 11:59:27,560 TRACE segmented.SegmentedRaftLogWorker (SegmentedRaftLogWorker.java:lambda$new$1(133)) - s1@group-3D81F66BC438-SegmentedRaftLogWorker: flushIndex: updateIncreasingly 2 -> 2
2019-09-24 11:59:27,561 INFO  impl.FollowerInfo (FollowerInfo.java:lambda$new$0(51)) - s1@group-3D81F66BC438->s0: nextIndex: updateUnconditionally 3 -> 2
2019-09-24 11:59:27,563 DEBUG impl.RaftServerImpl (RaftServerImpl.java:logAppendEntries(850)) - s0@group-3D81F66BC438: receive appendEntries(s1, 5, (t:2, i:1), -1, false, commits[s1:c-1, s0:c1, s2:c2], entries: [(t:3, i:2), CONFIGURATIONENTRY, (t:5, i:3), CONFIGURATIONENTRY]
2019-09-24 11:59:27,563 INFO  impl.RaftServerImpl (ServerState.java:setRaftConf(355)) - s0@group-3D81F66BC438: set configuration 2: [s0:0.0.0.0:42154, s1:0.0.0.0:36158, s2:0.0.0.0:36910], old=null at 2
2019-09-24 11:59:27,563 INFO  impl.RaftServerImpl (ServerState.java:setRaftConf(355)) - s0@group-3D81F66BC438: set configuration 3: [s0:0.0.0.0:42154, s1:0.0.0.0:36158, s2:0.0.0.0:36910], old=null at 3
2019-09-24 11:59:27,567 INFO  segmented.SegmentedRaftLogWorker (SegmentedRaftLogWorker.java:truncate(396)) - s0@group-3D81F66BC438-SegmentedRaftLogWorker: Truncating segments toTruncate: (1, 2) isOpen? true, length=82, newEndIndex=1
  toDelete: [], start index 2
2019-09-24 11:59:27,567 DEBUG segmented.SegmentedRaftLogWorker (SegmentedRaftLogWorker.java:addIOTask(251)) - s0@group-3D81F66BC438-SegmentedRaftLogWorker adds IO task TruncateLog:1: toTruncate: (1, 2) isOpen? true, length=82, newEndIndex=1
  toDelete: []
2019-09-24 11:59:27,568 INFO  segmented.SegmentedRaftLogWorker (SegmentedRaftLogWorker.java:startLogSegment(380)) - s0@group-3D81F66BC438-SegmentedRaftLogWorker: Starting segment from index:2
2019-09-24 11:59:27,568 DEBUG segmented.SegmentedRaftLogWorker (SegmentedRaftLogWorker.java:addIOTask(251)) - s0@group-3D81F66BC438-SegmentedRaftLogWorker adds IO task StartLogSegment:2
2019-09-24 11:59:27,568 DEBUG segmented.SegmentedRaftLogWorker (SegmentedRaftLogWorker.java:addIOTask(251)) - s0@group-3D81F66BC438-SegmentedRaftLogWorker adds IO task WriteLog:2: (t:3, i:2), CONFIGURATIONENTRY
2019-09-24 11:59:27,568 INFO  segmented.SegmentedRaftLogWorker (SegmentedRaftLogWorker.java:rollLogSegment(385)) - s0@group-3D81F66BC438-SegmentedRaftLogWorker: Rolling segment log-2_2 to index:2
2019-09-24 11:59:27,569 DEBUG segmented.SegmentedRaftLogWorker (SegmentedRaftLogWorker.java:addIOTask(251)) - s0@group-3D81F66BC438-SegmentedRaftLogWorker adds IO task FinalizeLogSegment:2: startIndex=2 endIndex=2
2019-09-24 11:59:27,569 DEBUG segmented.SegmentedRaftLogWorker (SegmentedRaftLogWorker.java:addIOTask(251)) - s0@group-3D81F66BC438-SegmentedRaftLogWorker adds IO task StartLogSegment:3
2019-09-24 11:59:27,569 DEBUG segmented.SegmentedRaftLogWorker (SegmentedRaftLogWorker.java:addIOTask(251)) - s0@group-3D81F66BC438-SegmentedRaftLogWorker adds IO task WriteLog:3: (t:5, i:3), CONFIGURATIONENTRY
2019-09-24 11:59:27,572 TRACE util.FileUtils (LogUtils.java:runAndLog(61)) - Successfully ran FileOutputStream.getChannel().truncate /workdir/ratis-test/target/test/data/1630e404/MiniRaftClusterWithSimulatedRpcecb8161c/s0/20b5bf50-abb9-421f-8107-3d81f66bc438/current/log_inprogress_1 length: 95 -> 82
2019-09-24 11:59:27,572 TRACE util.FileUtils (LogUtils.java:runAndLog(61)) - Successfully ran Files.move /workdir/ratis-test/target/test/data/1630e404/MiniRaftClusterWithSimulatedRpcecb8161c/s0/20b5bf50-abb9-421f-8107-3d81f66bc438/current/log_inprogress_1 to /workdir/ratis-test/target/test/data/1630e404/MiniRaftClusterWithSimulatedRpcecb8161c/s0/20b5bf50-abb9-421f-8107-3d81f66bc438/current/log_1-1
2019-09-24 11:59:27,572 INFO  segmented.SegmentedRaftLogWorker (SegmentedRaftLogWorker.java:execute(614)) - s0@group-3D81F66BC438-SegmentedRaftLogWorker: Truncated log file /workdir/ratis-test/target/test/data/1630e404/MiniRaftClusterWithSimulatedRpcecb8161c/s0/20b5bf50-abb9-421f-8107-3d81f66bc438/current/log_inprogress_1 to length 82 and moved it to /workdir/ratis-test/target/test/data/1630e404/MiniRaftClusterWithSimulatedRpcecb8161c/s0/20b5bf50-abb9-421f-8107-3d81f66bc438/current/log_1-1
2019-09-24 11:59:27,573 INFO  segmented.SegmentedRaftLogWorker (SegmentedRaftLogWorker.java:lambda$new$0(132)) - s0@group-3D81F66BC438-SegmentedRaftLogWorker: flushIndex: setUnconditionally 2 -> 1
2019-09-24 11:59:27,635 INFO  impl.RaftServerImpl (RaftServerImpl.java:checkInconsistentAppendEntries(999)) - s2@group-3D81F66BC438: Failed appendEntries as previous log entry ((t:5, i:3)) is not found
2019-09-24 11:59:27,635 INFO  impl.RaftServerImpl (RaftServerImpl.java:checkInconsistentAppendEntries(972)) - s2@group-3D81F66BC438: inconsistency entries. Reply:s1<-s2#0:FAIL,INCONSISTENCY,nextIndex:3,term:5,followerCommit:2
2019-09-24 11:59:27,636 INFO  impl.FollowerInfo (FollowerInfo.java:lambda$new$0(51)) - s1@group-3D81F66BC438->s2: nextIndex: updateUnconditionally 4 -> 3
2019-09-24 11:59:27,636 DEBUG impl.RaftServerImpl (RaftServerImpl.java:logAppendEntries(850)) - s2@group-3D81F66BC438: receive appendEntries(s1, 5, (t:3, i:2), -1, false, commits[s1:c-1, s0:c1, s2:c2], entries: (t:5, i:3), CONFIGURATIONENTRY
2019-09-24 11:59:27,637 INFO  impl.RaftServerImpl (ServerState.java:setRaftConf(355)) - s2@group-3D81F66BC438: set configuration 3: [s0:0.0.0.0:42154, s1:0.0.0.0:36158, s2:0.0.0.0:36910], old=null at 3
2019-09-24 11:59:27,637 INFO  segmented.SegmentedRaftLogWorker (SegmentedRaftLogWorker.java:truncate(396)) - s2@group-3D81F66BC438-SegmentedRaftLogWorker: Truncating segments toTruncate: (2, 3) isOpen? true, length=82, newEndIndex=2
  toDelete: [], start index 3
2019-09-24 11:59:27,637 DEBUG segmented.SegmentedRaftLogWorker (SegmentedRaftLogWorker.java:addIOTask(251)) - s2@group-3D81F66BC438-SegmentedRaftLogWorker adds IO task TruncateLog:2: toTruncate: (2, 3) isOpen? true, length=82, newEndIndex=2
  toDelete: []
2019-09-24 11:59:27,638 INFO  segmented.SegmentedRaftLogWorker (SegmentedRaftLogWorker.java:startLogSegment(380)) - s2@group-3D81F66BC438-SegmentedRaftLogWorker: Starting segment from index:3
2019-09-24 11:59:27,638 DEBUG segmented.SegmentedRaftLogWorker (SegmentedRaftLogWorker.java:addIOTask(251)) - s2@group-3D81F66BC438-SegmentedRaftLogWorker adds IO task StartLogSegment:3
2019-09-24 11:59:27,638 DEBUG segmented.SegmentedRaftLogWorker (SegmentedRaftLogWorker.java:addIOTask(251)) - s2@group-3D81F66BC438-SegmentedRaftLogWorker adds IO task WriteLog:3: (t:5, i:3), CONFIGURATIONENTRY
2019-09-24 11:59:27,640 TRACE util.FileUtils (LogUtils.java:runAndLog(61)) - Successfully ran FileOutputStream.getChannel().truncate /workdir/ratis-test/target/test/data/1630e404/MiniRaftClusterWithSimulatedRpcecb8161c/s2/20b5bf50-abb9-421f-8107-3d81f66bc438/current/log_inprogress_2 length: 95 -> 82
2019-09-24 11:59:27,640 TRACE util.FileUtils (LogUtils.java:runAndLog(61)) - Successfully ran Files.move /workdir/ratis-test/target/test/data/1630e404/MiniRaftClusterWithSimulatedRpcecb8161c/s2/20b5bf50-abb9-421f-8107-3d81f66bc438/current/log_inprogress_2 to /workdir/ratis-test/target/test/data/1630e404/MiniRaftClusterWithSimulatedRpcecb8161c/s2/20b5bf50-abb9-421f-8107-3d81f66bc438/current/log_2-2
2019-09-24 11:59:27,640 INFO  segmented.SegmentedRaftLogWorker (SegmentedRaftLogWorker.java:execute(614)) - s2@group-3D81F66BC438-SegmentedRaftLogWorker: Truncated log file /workdir/ratis-test/target/test/data/1630e404/MiniRaftClusterWithSimulatedRpcecb8161c/s2/20b5bf50-abb9-421f-8107-3d81f66bc438/current/log_inprogress_2 to length 82 and moved it to /workdir/ratis-test/target/test/data/1630e404/MiniRaftClusterWithSimulatedRpcecb8161c/s2/20b5bf50-abb9-421f-8107-3d81f66bc438/current/log_2-2
2019-09-24 11:59:27,640 INFO  segmented.SegmentedRaftLogWorker (SegmentedRaftLogWorker.java:lambda$new$0(132)) - s2@group-3D81F66BC438-SegmentedRaftLogWorker: flushIndex: setUnconditionally 3 -> 2
2019-09-24 11:59:27,677 INFO  segmented.SegmentedRaftLogWorker (SegmentedRaftLogWorker.java:execute(569)) - s1@group-3D81F66BC438-SegmentedRaftLogWorker: created new log segment /workdir/ratis-test/target/test/data/1630e404/MiniRaftClusterWithSimulatedRpcecb8161c/s1/20b5bf50-abb9-421f-8107-3d81f66bc438/current/log_inprogress_3
2019-09-24 11:59:27,677 INFO  segmented.SegmentedRaftLogWorker (SegmentedRaftLogWorker.java:execute(569)) - s0@group-3D81F66BC438-SegmentedRaftLogWorker: created new log segment /workdir/ratis-test/target/test/data/1630e404/MiniRaftClusterWithSimulatedRpcecb8161c/s0/20b5bf50-abb9-421f-8107-3d81f66bc438/current/log_inprogress_2
2019-09-24 11:59:27,678 DEBUG segmented.SegmentedRaftLogWorker (SegmentedRaftLogWorker.java:flushWrites(340)) - s1@group-3D81F66BC438-SegmentedRaftLogWorker: flush SegmentedRaftLogOutputStream(/workdir/ratis-test/target/test/data/1630e404/MiniRaftClusterWithSimulatedRpcecb8161c/s1/20b5bf50-abb9-421f-8107-3d81f66bc438/current/log_inprogress_3)
2019-09-24 11:59:27,732 TRACE segmented.SegmentedRaftLogWorker (SegmentedRaftLogWorker.java:lambda$new$1(133)) - s1@group-3D81F66BC438-SegmentedRaftLogWorker: flushIndex: updateIncreasingly 2 -> 3
2019-09-24 11:59:27,733 DEBUG segmented.SegmentedRaftLogWorker (SegmentedRaftLogWorker.java:addIOTask(251)) - s1@group-3D81F66BC438-SegmentedRaftLogWorker adds IO task WriteLog:4: (t:5, i:4), METADATAENTRY(c3)
2019-09-24 11:59:27,734 DEBUG segmented.SegmentedRaftLogWorker (SegmentedRaftLogWorker.java:flushWrites(340)) - s1@group-3D81F66BC438-SegmentedRaftLogWorker: flush SegmentedRaftLogOutputStream(/workdir/ratis-test/target/test/data/1630e404/MiniRaftClusterWithSimulatedRpcecb8161c/s1/20b5bf50-abb9-421f-8107-3d81f66bc438/current/log_inprogress_3)
2019-09-24 11:59:27,734 INFO  segmented.SegmentedRaftLogWorker (SegmentedRaftLogWorker.java:execute(569)) - s2@group-3D81F66BC438-SegmentedRaftLogWorker: created new log segment /workdir/ratis-test/target/test/data/1630e404/MiniRaftClusterWithSimulatedRpcecb8161c/s2/20b5bf50-abb9-421f-8107-3d81f66bc438/current/log_inprogress_3
2019-09-24 11:59:27,734 TRACE util.FileUtils (LogUtils.java:runAndLog(61)) - Successfully ran Files.move /workdir/ratis-test/target/test/data/1630e404/MiniRaftClusterWithSimulatedRpcecb8161c/s0/20b5bf50-abb9-421f-8107-3d81f66bc438/current/log_inprogress_2 to /workdir/ratis-test/target/test/data/1630e404/MiniRaftClusterWithSimulatedRpcecb8161c/s0/20b5bf50-abb9-421f-8107-3d81f66bc438/current/log_2-2
2019-09-24 11:59:27,735 DEBUG segmented.SegmentedRaftLogWorker (SegmentedRaftLogWorker.java:flushWrites(340)) - s2@group-3D81F66BC438-SegmentedRaftLogWorker: flush SegmentedRaftLogOutputStream(/workdir/ratis-test/target/test/data/1630e404/MiniRaftClusterWithSimulatedRpcecb8161c/s2/20b5bf50-abb9-421f-8107-3d81f66bc438/current/log_inprogress_3)
2019-09-24 11:59:27,735 INFO  segmented.SegmentedRaftLogWorker (SegmentedRaftLogWorker.java:execute(526)) - s0@group-3D81F66BC438-SegmentedRaftLogWorker: Rolled log segment from /workdir/ratis-test/target/test/data/1630e404/MiniRaftClusterWithSimulatedRpcecb8161c/s0/20b5bf50-abb9-421f-8107-3d81f66bc438/current/log_inprogress_2 to /workdir/ratis-test/target/test/data/1630e404/MiniRaftClusterWithSimulatedRpcecb8161c/s0/20b5bf50-abb9-421f-8107-3d81f66bc438/current/log_2-2
2019-09-24 11:59:27,735 TRACE segmented.SegmentedRaftLogWorker (SegmentedRaftLogWorker.java:lambda$new$1(133)) - s0@group-3D81F66BC438-SegmentedRaftLogWorker: flushIndex: updateIncreasingly 1 -> 2
2019-09-24 11:59:27,736 TRACE segmented.SegmentedRaftLogWorker (SegmentedRaftLogWorker.java:lambda$new$1(133)) - s1@group-3D81F66BC438-SegmentedRaftLogWorker: flushIndex: updateIncreasingly 3 -> 4
2019-09-24 11:59:27,736 TRACE segmented.SegmentedRaftLogWorker (SegmentedRaftLogWorker.java:lambda$new$1(133)) - s2@group-3D81F66BC438-SegmentedRaftLogWorker: flushIndex: updateIncreasingly 2 -> 3
2019-09-24 11:59:27,737 DEBUG impl.RaftServerImpl (RaftServerImpl.java:logAppendEntries(850)) - s2@group-3D81F66BC438: succeeded to handle AppendEntries. Reply: s1<-s2#0:OK,SUCCESS,nextIndex:4,term:5,followerCommit:2
2019-09-24 11:59:27,737 DEBUG impl.RaftServerImpl (RaftServerImpl.java:logAppendEntries(850)) - s2@group-3D81F66BC438: receive appendEntries(s1, 5, (t:5, i:3), 3, false, commits[s1:c3, s0:c1, s2:c2], entries: (t:5, i:4), METADATAENTRY(c3)
2019-09-24 11:59:27,738 DEBUG segmented.SegmentedRaftLogWorker (SegmentedRaftLogWorker.java:addIOTask(251)) - s2@group-3D81F66BC438-SegmentedRaftLogWorker adds IO task WriteLog:4: (t:5, i:4), METADATAENTRY(c3)
2019-09-24 11:59:27,738 DEBUG segmented.SegmentedRaftLogWorker (SegmentedRaftLogWorker.java:flushWrites(340)) - s2@group-3D81F66BC438-SegmentedRaftLogWorker: flush SegmentedRaftLogOutputStream(/workdir/ratis-test/target/test/data/1630e404/MiniRaftClusterWithSimulatedRpcecb8161c/s2/20b5bf50-abb9-421f-8107-3d81f66bc438/current/log_inprogress_3)
2019-09-24 11:59:27,749 TRACE segmented.SegmentedRaftLogWorker (SegmentedRaftLogWorker.java:lambda$new$1(133)) - s2@group-3D81F66BC438-SegmentedRaftLogWorker: flushIndex: updateIncreasingly 3 -> 4
2019-09-24 11:59:27,750 DEBUG impl.RaftServerImpl (RaftServerImpl.java:logAppendEntries(850)) - s2@group-3D81F66BC438: succeeded to handle AppendEntries. Reply: s1<-s2#0:OK,SUCCESS,nextIndex:5,term:5,followerCommit:3
2019-09-24 11:59:27,788 INFO  ratis.RaftTestUtil (RaftTestUtil.java:waitForLeader(101)) - printing ALL groups
  s0:  RUNNING  FOLLOWER s0@group-3D81F66BC438:t5, leader=s1, voted=s1, raftlog=s0@group-3D81F66BC438-SegmentedRaftLog:OPENED:c1,f2,i3, conf=3: [s0:0.0.0.0:42154, s1:0.0.0.0:36158, s2:0.0.0.0:36910], old=null RUNNING
  s1:  RUNNING    LEADER s1@group-3D81F66BC438:t5, leader=s1, voted=s1, raftlog=s1@group-3D81F66BC438-SegmentedRaftLog:OPENED:c4,f4,i4, conf=3: [s0:0.0.0.0:42154, s1:0.0.0.0:36158, s2:0.0.0.0:36910], old=null RUNNING
  s2:  RUNNING  FOLLOWER s2@group-3D81F66BC438:t5, leader=s1, voted=null, raftlog=s2@group-3D81F66BC438-SegmentedRaftLog:OPENED:c3,f4,i4, conf=3: [s0:0.0.0.0:42154, s1:0.0.0.0:36158, s2:0.0.0.0:36910], old=null RUNNING
2019-09-24 11:59:27,789 INFO  ratis.RaftTestUtil (RaftTestUtil.java:lambda$changeLeader$7(367)) - Changed leader from s2 to s1
2019-09-24 11:59:27,789 INFO  server.RaftServerConfigKeys (ConfUtils.java:logGet(43)) - raft.server.rpc.timeout.max = 300ms (default)
2019-09-24 11:59:27,790 INFO  ratis.RaftTestUtil (RaftTestUtil.java:waitForLeader(86)) - printing ALL groups
  s0:  RUNNING  FOLLOWER s0@group-3D81F66BC438:t5, leader=s1, voted=s1, raftlog=s0@group-3D81F66BC438-SegmentedRaftLog:OPENED:c1,f2,i3, conf=3: [s0:0.0.0.0:42154, s1:0.0.0.0:36158, s2:0.0.0.0:36910], old=null RUNNING
  s1:  RUNNING    LEADER s1@group-3D81F66BC438:t5, leader=s1, voted=s1, raftlog=s1@group-3D81F66BC438-SegmentedRaftLog:OPENED:c4,f4,i4, conf=3: [s0:0.0.0.0:42154, s1:0.0.0.0:36158, s2:0.0.0.0:36910], old=null RUNNING
  s2:  RUNNING  FOLLOWER s2@group-3D81F66BC438:t5, leader=s1, voted=null, raftlog=s2@group-3D81F66BC438-SegmentedRaftLog:OPENED:c3,f4,i4, conf=3: [s0:0.0.0.0:42154, s1:0.0.0.0:36158, s2:0.0.0.0:36910], old=null RUNNING
2019-09-24 11:59:27,790 INFO  ratis.RaftTestUtil (RaftTestUtil.java:waitForLeader(101)) - printing ALL groups
  s0:  RUNNING  FOLLOWER s0@group-3D81F66BC438:t5, leader=s1, voted=s1, raftlog=s0@group-3D81F66BC438-SegmentedRaftLog:OPENED:c1,f2,i3, conf=3: [s0:0.0.0.0:42154, s1:0.0.0.0:36158, s2:0.0.0.0:36910], old=null RUNNING
  s1:  RUNNING    LEADER s1@group-3D81F66BC438:t5, leader=s1, voted=s1, raftlog=s1@group-3D81F66BC438-SegmentedRaftLog:OPENED:c4,f4,i4, conf=3: [s0:0.0.0.0:42154, s1:0.0.0.0:36158, s2:0.0.0.0:36910], old=null RUNNING
  s2:  RUNNING  FOLLOWER s2@group-3D81F66BC438:t5, leader=s1, voted=null, raftlog=s2@group-3D81F66BC438-SegmentedRaftLog:OPENED:c3,f4,i4, conf=3: [s0:0.0.0.0:42154, s1:0.0.0.0:36158, s2:0.0.0.0:36910], old=null RUNNING
2019-09-24 11:59:27,790 WARN  ratis.RaftTestUtil (JavaUtils.java:attempt(158)) - FAILED "testChangeLeader-changeLeader", attempt #1/20: java.lang.IllegalStateException: Failed to change leader: newLeader == oldLeader == s1, sleep 100ms and then retry.
java.lang.IllegalStateException: Failed to change leader: newLeader == oldLeader == s1
	at org.apache.ratis.RaftTestUtil.lambda$changeLeader$7(RaftTestUtil.java:365)
	at org.apache.ratis.util.JavaUtils.attempt(JavaUtils.java:152)
	at org.apache.ratis.RaftTestUtil.changeLeader(RaftTestUtil.java:362)
	at org.apache.ratis.server.impl.LeaderElectionTests.testChangeLeader(LeaderElectionTests.java:81)
	at sun.reflect.NativeMethodAccessorImpl.invoke0(Native Method)
	at sun.reflect.NativeMethodAccessorImpl.invoke(NativeMethodAccessorImpl.java:62)
	at sun.reflect.DelegatingMethodAccessorImpl.invoke(DelegatingMethodAccessorImpl.java:43)
	at java.lang.reflect.Method.invoke(Method.java:498)
	at org.junit.runners.model.FrameworkMethod$1.runReflectiveCall(FrameworkMethod.java:50)
	at org.junit.internal.runners.model.ReflectiveCallable.run(ReflectiveCallable.java:12)
	at org.junit.runners.model.FrameworkMethod.invokeExplosively(FrameworkMethod.java:47)
	at org.junit.internal.runners.statements.InvokeMethod.evaluate(InvokeMethod.java:17)
	at org.junit.internal.runners.statements.RunAfters.evaluate(RunAfters.java:27)
	at org.junit.internal.runners.statements.FailOnTimeout$CallableStatement.call(FailOnTimeout.java:298)
	at org.junit.internal.runners.statements.FailOnTimeout$CallableStatement.call(FailOnTimeout.java:292)
	at java.util.concurrent.FutureTask.run(FutureTask.java:266)
	at java.lang.Thread.run(Thread.java:748)
2019-09-24 11:59:27,837 INFO  segmented.SegmentedRaftLogWorker (SegmentedRaftLogWorker.java:execute(569)) - s0@group-3D81F66BC438-SegmentedRaftLogWorker: created new log segment /workdir/ratis-test/target/test/data/1630e404/MiniRaftClusterWithSimulatedRpcecb8161c/s0/20b5bf50-abb9-421f-8107-3d81f66bc438/current/log_inprogress_3
2019-09-24 11:59:27,838 DEBUG segmented.SegmentedRaftLogWorker (SegmentedRaftLogWorker.java:flushWrites(340)) - s0@group-3D81F66BC438-SegmentedRaftLogWorker: flush SegmentedRaftLogOutputStream(/workdir/ratis-test/target/test/data/1630e404/MiniRaftClusterWithSimulatedRpcecb8161c/s0/20b5bf50-abb9-421f-8107-3d81f66bc438/current/log_inprogress_3)
2019-09-24 11:59:27,850 TRACE segmented.SegmentedRaftLogWorker (SegmentedRaftLogWorker.java:lambda$new$1(133)) - s0@group-3D81F66BC438-SegmentedRaftLogWorker: flushIndex: updateIncreasingly 2 -> 3
2019-09-24 11:59:27,850 DEBUG impl.RaftServerImpl (RaftServerImpl.java:logAppendEntries(850)) - s0@group-3D81F66BC438: succeeded to handle AppendEntries. Reply: s1<-s0#0:OK,SUCCESS,nextIndex:4,term:5,followerCommit:1
2019-09-24 11:59:27,891 INFO  server.RaftServerConfigKeys (ConfUtils.java:logGet(43)) - raft.server.rpc.timeout.max = 300ms (default)
2019-09-24 11:59:27,892 INFO  ratis.RaftTestUtil (RaftTestUtil.java:waitForLeader(86)) - printing ALL groups
  s0:  RUNNING  FOLLOWER s0@group-3D81F66BC438:t5, leader=s1, voted=s1, raftlog=s0@group-3D81F66BC438-SegmentedRaftLog:OPENED:c1,f3,i3, conf=3: [s0:0.0.0.0:42154, s1:0.0.0.0:36158, s2:0.0.0.0:36910], old=null RUNNING
  s1:  RUNNING    LEADER s1@group-3D81F66BC438:t5, leader=s1, voted=s1, raftlog=s1@group-3D81F66BC438-SegmentedRaftLog:OPENED:c4,f4,i4, conf=3: [s0:0.0.0.0:42154, s1:0.0.0.0:36158, s2:0.0.0.0:36910], old=null RUNNING
  s2:  RUNNING  FOLLOWER s2@group-3D81F66BC438:t5, leader=s1, voted=null, raftlog=s2@group-3D81F66BC438-SegmentedRaftLog:OPENED:c3,f4,i4, conf=3: [s0:0.0.0.0:42154, s1:0.0.0.0:36158, s2:0.0.0.0:36910], old=null RUNNING
2019-09-24 11:59:27,892 INFO  ratis.RaftTestUtil (RaftTestUtil.java:waitForLeader(101)) - printing ALL groups
  s0:  RUNNING  FOLLOWER s0@group-3D81F66BC438:t5, leader=s1, voted=s1, raftlog=s0@group-3D81F66BC438-SegmentedRaftLog:OPENED:c1,f3,i3, conf=3: [s0:0.0.0.0:42154, s1:0.0.0.0:36158, s2:0.0.0.0:36910], old=null RUNNING
  s1:  RUNNING    LEADER s1@group-3D81F66BC438:t5, leader=s1, voted=s1, raftlog=s1@group-3D81F66BC438-SegmentedRaftLog:OPENED:c4,f4,i4, conf=3: [s0:0.0.0.0:42154, s1:0.0.0.0:36158, s2:0.0.0.0:36910], old=null RUNNING
  s2:  RUNNING  FOLLOWER s2@group-3D81F66BC438:t5, leader=s1, voted=null, raftlog=s2@group-3D81F66BC438-SegmentedRaftLog:OPENED:c3,f4,i4, conf=3: [s0:0.0.0.0:42154, s1:0.0.0.0:36158, s2:0.0.0.0:36910], old=null RUNNING
2019-09-24 11:59:27,892 WARN  ratis.RaftTestUtil (JavaUtils.java:attempt(158)) - FAILED "testChangeLeader-changeLeader", attempt #2/20: java.lang.IllegalStateException: Failed to change leader: newLeader == oldLeader == s1, sleep 100ms and then retry.
java.lang.IllegalStateException: Failed to change leader: newLeader == oldLeader == s1
	at org.apache.ratis.RaftTestUtil.lambda$changeLeader$7(RaftTestUtil.java:365)
	at org.apache.ratis.util.JavaUtils.attempt(JavaUtils.java:152)
	at org.apache.ratis.RaftTestUtil.changeLeader(RaftTestUtil.java:362)
	at org.apache.ratis.server.impl.LeaderElectionTests.testChangeLeader(LeaderElectionTests.java:81)
	at sun.reflect.NativeMethodAccessorImpl.invoke0(Native Method)
	at sun.reflect.NativeMethodAccessorImpl.invoke(NativeMethodAccessorImpl.java:62)
	at sun.reflect.DelegatingMethodAccessorImpl.invoke(DelegatingMethodAccessorImpl.java:43)
	at java.lang.reflect.Method.invoke(Method.java:498)
	at org.junit.runners.model.FrameworkMethod$1.runReflectiveCall(FrameworkMethod.java:50)
	at org.junit.internal.runners.model.ReflectiveCallable.run(ReflectiveCallable.java:12)
	at org.junit.runners.model.FrameworkMethod.invokeExplosively(FrameworkMethod.java:47)
	at org.junit.internal.runners.statements.InvokeMethod.evaluate(InvokeMethod.java:17)
	at org.junit.internal.runners.statements.RunAfters.evaluate(RunAfters.java:27)
	at org.junit.internal.runners.statements.FailOnTimeout$CallableStatement.call(FailOnTimeout.java:298)
	at org.junit.internal.runners.statements.FailOnTimeout$CallableStatement.call(FailOnTimeout.java:292)
	at java.util.concurrent.FutureTask.run(FutureTask.java:266)
	at java.lang.Thread.run(Thread.java:748)
2019-09-24 11:59:27,903 DEBUG impl.RaftServerImpl (RaftServerImpl.java:logAppendEntries(850)) - s1@group-3D81F66BC438: receive appendEntries(s2, 3, (t:3, i:2), 2, false, commits[s2:c2, s0:c1, s1:c-1], entries: (t:3, i:3), METADATAENTRY(c2)
2019-09-24 11:59:27,904 DEBUG impl.RaftServerImpl (RaftServerImpl.java:appendEntriesAsync(906)) - s1@group-3D81F66BC438: Not recognize s2 (term=3) as leader, state: s1@group-3D81F66BC438:t5, leader=s1, voted=s1, raftlog=s1@group-3D81F66BC438-SegmentedRaftLog:OPENED:c4,f4,i4, conf=3: [s0:0.0.0.0:42154, s1:0.0.0.0:36158, s2:0.0.0.0:36910], old=null reply: s2<-s1#0:FAIL,NOT_LEADER,nextIndex:5,term:5,followerCommit:4
2019-09-24 11:59:27,993 INFO  server.RaftServerConfigKeys (ConfUtils.java:logGet(43)) - raft.server.rpc.timeout.max = 300ms (default)
2019-09-24 11:59:27,994 INFO  ratis.RaftTestUtil (RaftTestUtil.java:waitForLeader(86)) - printing ALL groups
  s0:  RUNNING  FOLLOWER s0@group-3D81F66BC438:t5, leader=s1, voted=s1, raftlog=s0@group-3D81F66BC438-SegmentedRaftLog:OPENED:c1,f3,i3, conf=3: [s0:0.0.0.0:42154, s1:0.0.0.0:36158, s2:0.0.0.0:36910], old=null RUNNING
  s1:  RUNNING    LEADER s1@group-3D81F66BC438:t5, leader=s1, voted=s1, raftlog=s1@group-3D81F66BC438-SegmentedRaftLog:OPENED:c4,f4,i4, conf=3: [s0:0.0.0.0:42154, s1:0.0.0.0:36158, s2:0.0.0.0:36910], old=null RUNNING
  s2:  RUNNING  FOLLOWER s2@group-3D81F66BC438:t5, leader=s1, voted=null, raftlog=s2@group-3D81F66BC438-SegmentedRaftLog:OPENED:c3,f4,i4, conf=3: [s0:0.0.0.0:42154, s1:0.0.0.0:36158, s2:0.0.0.0:36910], old=null RUNNING
2019-09-24 11:59:27,994 INFO  ratis.RaftTestUtil (RaftTestUtil.java:waitForLeader(101)) - printing ALL groups
  s0:  RUNNING  FOLLOWER s0@group-3D81F66BC438:t5, leader=s1, voted=s1, raftlog=s0@group-3D81F66BC438-SegmentedRaftLog:OPENED:c1,f3,i3, conf=3: [s0:0.0.0.0:42154, s1:0.0.0.0:36158, s2:0.0.0.0:36910], old=null RUNNING
  s1:  RUNNING    LEADER s1@group-3D81F66BC438:t5, leader=s1, voted=s1, raftlog=s1@group-3D81F66BC438-SegmentedRaftLog:OPENED:c4,f4,i4, conf=3: [s0:0.0.0.0:42154, s1:0.0.0.0:36158, s2:0.0.0.0:36910], old=null RUNNING
  s2:  RUNNING  FOLLOWER s2@group-3D81F66BC438:t5, leader=s1, voted=null, raftlog=s2@group-3D81F66BC438-SegmentedRaftLog:OPENED:c3,f4,i4, conf=3: [s0:0.0.0.0:42154, s1:0.0.0.0:36158, s2:0.0.0.0:36910], old=null RUNNING
2019-09-24 11:59:27,994 WARN  ratis.RaftTestUtil (JavaUtils.java:attempt(158)) - FAILED "testChangeLeader-changeLeader", attempt #3/20: java.lang.IllegalStateException: Failed to change leader: newLeader == oldLeader == s1, sleep 100ms and then retry.
java.lang.IllegalStateException: Failed to change leader: newLeader == oldLeader == s1
	at org.apache.ratis.RaftTestUtil.lambda$changeLeader$7(RaftTestUtil.java:365)
	at org.apache.ratis.util.JavaUtils.attempt(JavaUtils.java:152)
	at org.apache.ratis.RaftTestUtil.changeLeader(RaftTestUtil.java:362)
	at org.apache.ratis.server.impl.LeaderElectionTests.testChangeLeader(LeaderElectionTests.java:81)
	at sun.reflect.NativeMethodAccessorImpl.invoke0(Native Method)
	at sun.reflect.NativeMethodAccessorImpl.invoke(NativeMethodAccessorImpl.java:62)
	at sun.reflect.DelegatingMethodAccessorImpl.invoke(DelegatingMethodAccessorImpl.java:43)
	at java.lang.reflect.Method.invoke(Method.java:498)
	at org.junit.runners.model.FrameworkMethod$1.runReflectiveCall(FrameworkMethod.java:50)
	at org.junit.internal.runners.model.ReflectiveCallable.run(ReflectiveCallable.java:12)
	at org.junit.runners.model.FrameworkMethod.invokeExplosively(FrameworkMethod.java:47)
	at org.junit.internal.runners.statements.InvokeMethod.evaluate(InvokeMethod.java:17)
	at org.junit.internal.runners.statements.RunAfters.evaluate(RunAfters.java:27)
	at org.junit.internal.runners.statements.FailOnTimeout$CallableStatement.call(FailOnTimeout.java:298)
	at org.junit.internal.runners.statements.FailOnTimeout$CallableStatement.call(FailOnTimeout.java:292)
	at java.util.concurrent.FutureTask.run(FutureTask.java:266)
	at java.lang.Thread.run(Thread.java:748)
2019-09-24 11:59:28,087 DEBUG impl.RaftServerImpl (RaftServerImpl.java:appendEntriesAsync(906)) - s0@group-3D81F66BC438: Not recognize s2 (term=3) as leader, state: s0@group-3D81F66BC438:t5, leader=s1, voted=s1, raftlog=s0@group-3D81F66BC438-SegmentedRaftLog:OPENED:c1,f3,i3, conf=3: [s0:0.0.0.0:42154, s1:0.0.0.0:36158, s2:0.0.0.0:36910], old=null reply: s2<-s0#0:FAIL,NOT_LEADER,nextIndex:4,term:5,followerCommit:1
2019-09-24 11:59:28,095 INFO  server.RaftServerConfigKeys (ConfUtils.java:logGet(43)) - raft.server.rpc.timeout.max = 300ms (default)
2019-09-24 11:59:28,096 INFO  ratis.RaftTestUtil (RaftTestUtil.java:waitForLeader(86)) - printing ALL groups
  s0:  RUNNING  FOLLOWER s0@group-3D81F66BC438:t5, leader=s1, voted=s1, raftlog=s0@group-3D81F66BC438-SegmentedRaftLog:OPENED:c1,f3,i3, conf=3: [s0:0.0.0.0:42154, s1:0.0.0.0:36158, s2:0.0.0.0:36910], old=null RUNNING
  s1:  RUNNING    LEADER s1@group-3D81F66BC438:t5, leader=s1, voted=s1, raftlog=s1@group-3D81F66BC438-SegmentedRaftLog:OPENED:c4,f4,i4, conf=3: [s0:0.0.0.0:42154, s1:0.0.0.0:36158, s2:0.0.0.0:36910], old=null RUNNING
  s2:  RUNNING  FOLLOWER s2@group-3D81F66BC438:t5, leader=s1, voted=null, raftlog=s2@group-3D81F66BC438-SegmentedRaftLog:OPENED:c3,f4,i4, conf=3: [s0:0.0.0.0:42154, s1:0.0.0.0:36158, s2:0.0.0.0:36910], old=null RUNNING
2019-09-24 11:59:28,096 INFO  ratis.RaftTestUtil (RaftTestUtil.java:waitForLeader(101)) - printing ALL groups
  s0:  RUNNING  FOLLOWER s0@group-3D81F66BC438:t5, leader=s1, voted=s1, raftlog=s0@group-3D81F66BC438-SegmentedRaftLog:OPENED:c1,f3,i3, conf=3: [s0:0.0.0.0:42154, s1:0.0.0.0:36158, s2:0.0.0.0:36910], old=null RUNNING
  s1:  RUNNING    LEADER s1@group-3D81F66BC438:t5, leader=s1, voted=s1, raftlog=s1@group-3D81F66BC438-SegmentedRaftLog:OPENED:c4,f4,i4, conf=3: [s0:0.0.0.0:42154, s1:0.0.0.0:36158, s2:0.0.0.0:36910], old=null RUNNING
  s2:  RUNNING  FOLLOWER s2@group-3D81F66BC438:t5, leader=s1, voted=null, raftlog=s2@group-3D81F66BC438-SegmentedRaftLog:OPENED:c3,f4,i4, conf=3: [s0:0.0.0.0:42154, s1:0.0.0.0:36158, s2:0.0.0.0:36910], old=null RUNNING
2019-09-24 11:59:28,096 WARN  ratis.RaftTestUtil (JavaUtils.java:attempt(158)) - FAILED "testChangeLeader-changeLeader", attempt #4/20: java.lang.IllegalStateException: Failed to change leader: newLeader == oldLeader == s1, sleep 100ms and then retry.
java.lang.IllegalStateException: Failed to change leader: newLeader == oldLeader == s1
	at org.apache.ratis.RaftTestUtil.lambda$changeLeader$7(RaftTestUtil.java:365)
	at org.apache.ratis.util.JavaUtils.attempt(JavaUtils.java:152)
	at org.apache.ratis.RaftTestUtil.changeLeader(RaftTestUtil.java:362)
	at org.apache.ratis.server.impl.LeaderElectionTests.testChangeLeader(LeaderElectionTests.java:81)
	at sun.reflect.NativeMethodAccessorImpl.invoke0(Native Method)
	at sun.reflect.NativeMethodAccessorImpl.invoke(NativeMethodAccessorImpl.java:62)
	at sun.reflect.DelegatingMethodAccessorImpl.invoke(DelegatingMethodAccessorImpl.java:43)
	at java.lang.reflect.Method.invoke(Method.java:498)
	at org.junit.runners.model.FrameworkMethod$1.runReflectiveCall(FrameworkMethod.java:50)
	at org.junit.internal.runners.model.ReflectiveCallable.run(ReflectiveCallable.java:12)
	at org.junit.runners.model.FrameworkMethod.invokeExplosively(FrameworkMethod.java:47)
	at org.junit.internal.runners.statements.InvokeMethod.evaluate(InvokeMethod.java:17)
	at org.junit.internal.runners.statements.RunAfters.evaluate(RunAfters.java:27)
	at org.junit.internal.runners.statements.FailOnTimeout$CallableStatement.call(FailOnTimeout.java:298)
	at org.junit.internal.runners.statements.FailOnTimeout$CallableStatement.call(FailOnTimeout.java:292)
	at java.util.concurrent.FutureTask.run(FutureTask.java:266)
	at java.lang.Thread.run(Thread.java:748)
2019-09-24 11:59:28,130 INFO  impl.FollowerState (FollowerState.java:run(108)) - s2@group-3D81F66BC438-FollowerState: change to CANDIDATE, lastRpcTime:380ms, electionTimeout:169ms
2019-09-24 11:59:28,131 INFO  impl.RoleInfo (RoleInfo.java:shutdownFollowerState(121)) - s2: shutdown FollowerState
2019-09-24 11:59:28,131 INFO  impl.RaftServerImpl (RaftServerImpl.java:setRole(170)) - s2@group-3D81F66BC438: changes role from  FOLLOWER to CANDIDATE at term 5 for changeToCandidate
2019-09-24 11:59:28,131 INFO  impl.RoleInfo (RoleInfo.java:updateAndGet(143)) - s2: start LeaderElection
2019-09-24 11:59:28,132 INFO  impl.RaftServerImpl (ServerState.java:setLeader(254)) - s2@group-3D81F66BC438: change Leader from s1 to null at term 5 for initElection
2019-09-24 11:59:28,146 INFO  impl.LeaderElection (LeaderElection.java:askForVotes(178)) - s2@group-3D81F66BC438-LeaderElection41: begin an election at term 6 for 3: [s0:0.0.0.0:42154, s1:0.0.0.0:36158, s2:0.0.0.0:36910], old=null
2019-09-24 11:59:28,147 DEBUG impl.RaftServerImpl (RaftServerImpl.java:requestVote(743)) - s0@group-3D81F66BC438: receive requestVote(s2, group-3D81F66BC438, 6, (t:5, i:4))
2019-09-24 11:59:28,147 DEBUG impl.RaftServerImpl (RaftServerImpl.java:requestVote(743)) - s1@group-3D81F66BC438: receive requestVote(s2, group-3D81F66BC438, 6, (t:5, i:4))
2019-09-24 11:59:28,147 INFO  impl.RaftServerImpl (ServerState.java:setLeader(254)) - s0@group-3D81F66BC438: change Leader from s1 to null at term 6 for updateCurrentTerm
2019-09-24 11:59:28,148 INFO  impl.RaftServerImpl (ServerState.java:setLeader(254)) - s1@group-3D81F66BC438: change Leader from s1 to null at term 6 for updateCurrentTerm
2019-09-24 11:59:28,148 INFO  impl.RaftServerImpl (RaftServerImpl.java:setRole(170)) - s0@group-3D81F66BC438: changes role from  FOLLOWER to FOLLOWER at term 6 for recognizeCandidate:s2
2019-09-24 11:59:28,148 INFO  impl.RaftServerImpl (RaftServerImpl.java:setRole(170)) - s1@group-3D81F66BC438: changes role from    LEADER to FOLLOWER at term 6 for recognizeCandidate:s2
2019-09-24 11:59:28,148 INFO  impl.RoleInfo (RoleInfo.java:shutdownFollowerState(121)) - s0: shutdown FollowerState
2019-09-24 11:59:28,148 INFO  impl.RoleInfo (RoleInfo.java:shutdownLeaderState(104)) - s1: shutdown LeaderState
2019-09-24 11:59:28,149 INFO  impl.FollowerState (FollowerState.java:run(117)) - s0@group-3D81F66BC438-FollowerState was interrupted: java.lang.InterruptedException: sleep interrupted
2019-09-24 11:59:28,148 INFO  impl.RoleInfo (RoleInfo.java:updateAndGet(143)) - s0: start FollowerState
2019-09-24 11:59:28,150 INFO  impl.LogAppender (LogAppender.java:run(78)) - s1@group-3D81F66BC438->s2-LogAppender-AppenderDaemon was interrupted: java.io.InterruptedIOException: 
2019-09-24 11:59:28,150 INFO  impl.LogAppender (LogAppender.java:run(78)) - s1@group-3D81F66BC438->s0-LogAppender-AppenderDaemon was interrupted: java.io.InterruptedIOException: 
2019-09-24 11:59:28,150 INFO  impl.PendingRequests (PendingRequests.java:sendNotLeaderResponses(202)) - s1@group-3D81F66BC438-PendingRequests: sendNotLeaderResponses
2019-09-24 11:59:28,152 INFO  impl.RoleInfo (RoleInfo.java:updateAndGet(143)) - s1: start FollowerState
2019-09-24 11:59:28,177 DEBUG impl.RaftServerImpl (RaftServerImpl.java:requestVote(775)) - s0@group-3D81F66BC438 replies to vote request: s2<-s0#0:OK-t6. Peer's state: s0@group-3D81F66BC438:t6, leader=null, voted=s2, raftlog=s0@group-3D81F66BC438-SegmentedRaftLog:OPENED:c1,f3,i3, conf=3: [s0:0.0.0.0:42154, s1:0.0.0.0:36158, s2:0.0.0.0:36910], old=null
2019-09-24 11:59:28,177 DEBUG impl.RaftServerImpl (RaftServerImpl.java:requestVote(775)) - s1@group-3D81F66BC438 replies to vote request: s2<-s1#0:FAIL-t6. Peer's state: s1@group-3D81F66BC438:t6, leader=null, voted=null, raftlog=s1@group-3D81F66BC438-SegmentedRaftLog:OPENED:c4,f4,i4, conf=3: [s0:0.0.0.0:42154, s1:0.0.0.0:36158, s2:0.0.0.0:36910], old=null
2019-09-24 11:59:28,177 INFO  impl.LeaderElection (LeaderElection.java:logAndReturn(56)) - s2@group-3D81F66BC438-LeaderElection41: Election PASSED; received 1 response(s) [s2<-s0#0:OK-t6] and 0 exception(s); s2@group-3D81F66BC438:t6, leader=null, voted=s2, raftlog=s2@group-3D81F66BC438-SegmentedRaftLog:OPENED:c3,f4,i4, conf=3: [s0:0.0.0.0:42154, s1:0.0.0.0:36158, s2:0.0.0.0:36910], old=null
2019-09-24 11:59:28,178 INFO  impl.RoleInfo (RoleInfo.java:shutdownLeaderElection(134)) - s2: shutdown LeaderElection
2019-09-24 11:59:28,178 INFO  impl.RaftServerImpl (RaftServerImpl.java:setRole(170)) - s2@group-3D81F66BC438: changes role from CANDIDATE to LEADER at term 6 for changeToLeader
2019-09-24 11:59:28,179 INFO  impl.RaftServerImpl (ServerState.java:setLeader(254)) - s2@group-3D81F66BC438: change Leader from null to s2 at term 6 for becomeLeader, leader elected after 47ms
2019-09-24 11:59:28,179 INFO  server.RaftServerConfigKeys (ConfUtils.java:logGet(43)) - raft.server.staging.catchup.gap = 1000 (default)
2019-09-24 11:59:28,179 INFO  server.RaftServerConfigKeys (ConfUtils.java:logGet(43)) - raft.server.rpc.sleep.time = 25ms (default)
2019-09-24 11:59:28,179 INFO  server.RaftServerConfigKeys (ConfUtils.java:logGet(43)) - raft.server.write.element-limit = 4096 (default)
2019-09-24 11:59:28,179 INFO  server.RaftServerConfigKeys (ConfUtils.java:logGet(43)) - raft.server.watch.timeout = 10s (default)
2019-09-24 11:59:28,180 INFO  server.RaftServerConfigKeys (ConfUtils.java:logGet(43)) - raft.server.watch.timeout.denomination = 1s (default)
2019-09-24 11:59:28,180 INFO  server.RaftServerConfigKeys (ConfUtils.java:logGet(43)) - raft.server.watch.element-limit = 65536 (default)
2019-09-24 11:59:28,180 INFO  server.RaftServerConfigKeys (ConfUtils.java:logGet(43)) - raft.server.log.appender.snapshot.chunk.size.max = 16MB (=16777216) (default)
2019-09-24 11:59:28,180 INFO  server.RaftServerConfigKeys (ConfUtils.java:logGet(43)) - raft.server.log.appender.buffer.byte-limit = 4MB (=4194304) (default)
2019-09-24 11:59:28,181 INFO  server.RaftServerConfigKeys (ConfUtils.java:logGet(43)) - raft.server.log.appender.buffer.element-limit = 0 (default)
2019-09-24 11:59:28,181 INFO  server.RaftServerConfigKeys (ConfUtils.java:logGet(43)) - raft.server.log.appender.snapshot.chunk.size.max = 16MB (=16777216) (default)
2019-09-24 11:59:28,181 INFO  server.RaftServerConfigKeys (ConfUtils.java:logGet(43)) - raft.server.log.appender.buffer.byte-limit = 4MB (=4194304) (default)
2019-09-24 11:59:28,181 INFO  server.RaftServerConfigKeys (ConfUtils.java:logGet(43)) - raft.server.log.appender.buffer.element-limit = 0 (default)
2019-09-24 11:59:28,182 INFO  impl.RoleInfo (RoleInfo.java:updateAndGet(143)) - s2: start LeaderState
2019-09-24 11:59:28,182 INFO  segmented.SegmentedRaftLogWorker (SegmentedRaftLogWorker.java:rollLogSegment(385)) - s2@group-3D81F66BC438-SegmentedRaftLogWorker: Rolling segment log-3_4 to index:4
2019-09-24 11:59:28,182 DEBUG segmented.SegmentedRaftLogWorker (SegmentedRaftLogWorker.java:addIOTask(251)) - s2@group-3D81F66BC438-SegmentedRaftLogWorker adds IO task FinalizeLogSegment:4: startIndex=3 endIndex=4
2019-09-24 11:59:28,182 DEBUG segmented.SegmentedRaftLogWorker (SegmentedRaftLogWorker.java:addIOTask(251)) - s2@group-3D81F66BC438-SegmentedRaftLogWorker adds IO task StartLogSegment:5
2019-09-24 11:59:28,183 DEBUG segmented.SegmentedRaftLogWorker (SegmentedRaftLogWorker.java:addIOTask(251)) - s2@group-3D81F66BC438-SegmentedRaftLogWorker adds IO task WriteLog:5: (t:6, i:5), CONFIGURATIONENTRY
2019-09-24 11:59:28,184 INFO  impl.RaftServerImpl (ServerState.java:setRaftConf(355)) - s2@group-3D81F66BC438: set configuration 5: [s0:0.0.0.0:42154, s1:0.0.0.0:36158, s2:0.0.0.0:36910], old=null at 5
2019-09-24 11:59:28,184 INFO  impl.RaftServerImpl (ServerState.java:setLeader(254)) - s0@group-3D81F66BC438: change Leader from null to s2 at term 6 for appendEntries, leader elected after 36ms
2019-09-24 11:59:28,184 INFO  impl.RaftServerImpl (ServerState.java:setLeader(254)) - s1@group-3D81F66BC438: change Leader from null to s2 at term 6 for appendEntries, leader elected after 36ms
2019-09-24 11:59:28,184 INFO  impl.RaftServerImpl (RaftServerImpl.java:checkInconsistentAppendEntries(999)) - s0@group-3D81F66BC438: Failed appendEntries as previous log entry ((t:5, i:4)) is not found
2019-09-24 11:59:28,184 INFO  impl.RaftServerImpl (RaftServerImpl.java:checkInconsistentAppendEntries(972)) - s0@group-3D81F66BC438: inconsistency entries. Reply:s2<-s0#0:FAIL,INCONSISTENCY,nextIndex:4,term:6,followerCommit:1
2019-09-24 11:59:28,185 INFO  impl.FollowerInfo (FollowerInfo.java:lambda$new$0(51)) - s2@group-3D81F66BC438->s0: nextIndex: updateUnconditionally 5 -> 4
2019-09-24 11:59:28,185 TRACE util.FileUtils (LogUtils.java:runAndLog(61)) - Successfully ran Files.move /workdir/ratis-test/target/test/data/1630e404/MiniRaftClusterWithSimulatedRpcecb8161c/s2/20b5bf50-abb9-421f-8107-3d81f66bc438/current/log_inprogress_3 to /workdir/ratis-test/target/test/data/1630e404/MiniRaftClusterWithSimulatedRpcecb8161c/s2/20b5bf50-abb9-421f-8107-3d81f66bc438/current/log_3-4
2019-09-24 11:59:28,185 DEBUG impl.RaftServerImpl (RaftServerImpl.java:logAppendEntries(850)) - s1@group-3D81F66BC438: receive appendEntries(s2, 6, (t:5, i:4), 3, false, commits[s2:c3, s0:c1, s1:c4], entries: (t:6, i:5), CONFIGURATIONENTRY
2019-09-24 11:59:28,186 INFO  segmented.SegmentedRaftLogWorker (SegmentedRaftLogWorker.java:execute(526)) - s2@group-3D81F66BC438-SegmentedRaftLogWorker: Rolled log segment from /workdir/ratis-test/target/test/data/1630e404/MiniRaftClusterWithSimulatedRpcecb8161c/s2/20b5bf50-abb9-421f-8107-3d81f66bc438/current/log_inprogress_3 to /workdir/ratis-test/target/test/data/1630e404/MiniRaftClusterWithSimulatedRpcecb8161c/s2/20b5bf50-abb9-421f-8107-3d81f66bc438/current/log_3-4
2019-09-24 11:59:28,186 DEBUG impl.RaftServerImpl (RaftServerImpl.java:logAppendEntries(850)) - s0@group-3D81F66BC438: receive appendEntries(s2, 6, (t:5, i:3), 3, false, commits[s2:c3, s0:c1, s1:c4], entries: [(t:5, i:4), METADATAENTRY(c3), (t:6, i:5), CONFIGURATIONENTRY]
2019-09-24 11:59:28,186 INFO  impl.RaftServerImpl (ServerState.java:setRaftConf(355)) - s1@group-3D81F66BC438: set configuration 5: [s0:0.0.0.0:42154, s1:0.0.0.0:36158, s2:0.0.0.0:36910], old=null at 5
2019-09-24 11:59:28,186 INFO  impl.RaftServerImpl (ServerState.java:setRaftConf(355)) - s0@group-3D81F66BC438: set configuration 5: [s0:0.0.0.0:42154, s1:0.0.0.0:36158, s2:0.0.0.0:36910], old=null at 5
2019-09-24 11:59:28,186 TRACE segmented.SegmentedRaftLogWorker (SegmentedRaftLogWorker.java:lambda$new$1(133)) - s2@group-3D81F66BC438-SegmentedRaftLogWorker: flushIndex: updateIncreasingly 4 -> 4
2019-09-24 11:59:28,186 DEBUG segmented.SegmentedRaftLogWorker (SegmentedRaftLogWorker.java:addIOTask(251)) - s0@group-3D81F66BC438-SegmentedRaftLogWorker adds IO task WriteLog:4: (t:5, i:4), METADATAENTRY(c3)
2019-09-24 11:59:28,186 INFO  segmented.SegmentedRaftLogWorker (SegmentedRaftLogWorker.java:rollLogSegment(385)) - s1@group-3D81F66BC438-SegmentedRaftLogWorker: Rolling segment log-3_4 to index:4
2019-09-24 11:59:28,187 DEBUG segmented.SegmentedRaftLogWorker (SegmentedRaftLogWorker.java:flushWrites(340)) - s0@group-3D81F66BC438-SegmentedRaftLogWorker: flush SegmentedRaftLogOutputStream(/workdir/ratis-test/target/test/data/1630e404/MiniRaftClusterWithSimulatedRpcecb8161c/s0/20b5bf50-abb9-421f-8107-3d81f66bc438/current/log_inprogress_3)
2019-09-24 11:59:28,187 INFO  segmented.SegmentedRaftLogWorker (SegmentedRaftLogWorker.java:rollLogSegment(385)) - s0@group-3D81F66BC438-SegmentedRaftLogWorker: Rolling segment log-3_4 to index:4
2019-09-24 11:59:28,187 DEBUG segmented.SegmentedRaftLogWorker (SegmentedRaftLogWorker.java:addIOTask(251)) - s1@group-3D81F66BC438-SegmentedRaftLogWorker adds IO task FinalizeLogSegment:4: startIndex=3 endIndex=4
2019-09-24 11:59:28,187 DEBUG segmented.SegmentedRaftLogWorker (SegmentedRaftLogWorker.java:addIOTask(251)) - s0@group-3D81F66BC438-SegmentedRaftLogWorker adds IO task FinalizeLogSegment:4: startIndex=3 endIndex=4
2019-09-24 11:59:28,187 DEBUG segmented.SegmentedRaftLogWorker (SegmentedRaftLogWorker.java:addIOTask(251)) - s1@group-3D81F66BC438-SegmentedRaftLogWorker adds IO task StartLogSegment:5
2019-09-24 11:59:28,188 DEBUG segmented.SegmentedRaftLogWorker (SegmentedRaftLogWorker.java:addIOTask(251)) - s0@group-3D81F66BC438-SegmentedRaftLogWorker adds IO task StartLogSegment:5
2019-09-24 11:59:28,188 DEBUG segmented.SegmentedRaftLogWorker (SegmentedRaftLogWorker.java:addIOTask(251)) - s1@group-3D81F66BC438-SegmentedRaftLogWorker adds IO task WriteLog:5: (t:6, i:5), CONFIGURATIONENTRY
2019-09-24 11:59:28,188 DEBUG segmented.SegmentedRaftLogWorker (SegmentedRaftLogWorker.java:addIOTask(251)) - s0@group-3D81F66BC438-SegmentedRaftLogWorker adds IO task WriteLog:5: (t:6, i:5), CONFIGURATIONENTRY
2019-09-24 11:59:28,190 TRACE util.FileUtils (LogUtils.java:runAndLog(61)) - Successfully ran Files.move /workdir/ratis-test/target/test/data/1630e404/MiniRaftClusterWithSimulatedRpcecb8161c/s1/20b5bf50-abb9-421f-8107-3d81f66bc438/current/log_inprogress_3 to /workdir/ratis-test/target/test/data/1630e404/MiniRaftClusterWithSimulatedRpcecb8161c/s1/20b5bf50-abb9-421f-8107-3d81f66bc438/current/log_3-4
2019-09-24 11:59:28,190 INFO  segmented.SegmentedRaftLogWorker (SegmentedRaftLogWorker.java:execute(526)) - s1@group-3D81F66BC438-SegmentedRaftLogWorker: Rolled log segment from /workdir/ratis-test/target/test/data/1630e404/MiniRaftClusterWithSimulatedRpcecb8161c/s1/20b5bf50-abb9-421f-8107-3d81f66bc438/current/log_inprogress_3 to /workdir/ratis-test/target/test/data/1630e404/MiniRaftClusterWithSimulatedRpcecb8161c/s1/20b5bf50-abb9-421f-8107-3d81f66bc438/current/log_3-4
2019-09-24 11:59:28,190 TRACE segmented.SegmentedRaftLogWorker (SegmentedRaftLogWorker.java:lambda$new$1(133)) - s1@group-3D81F66BC438-SegmentedRaftLogWorker: flushIndex: updateIncreasingly 4 -> 4
2019-09-24 11:59:28,197 INFO  server.RaftServerConfigKeys (ConfUtils.java:logGet(43)) - raft.server.rpc.timeout.max = 300ms (default)
2019-09-24 11:59:28,197 INFO  ratis.RaftTestUtil (RaftTestUtil.java:waitForLeader(86)) - printing ALL groups
  s0:  RUNNING  FOLLOWER s0@group-3D81F66BC438:t6, leader=s2, voted=s2, raftlog=s0@group-3D81F66BC438-SegmentedRaftLog:OPENED:c1,f3,i5, conf=5: [s0:0.0.0.0:42154, s1:0.0.0.0:36158, s2:0.0.0.0:36910], old=null RUNNING
  s1:  RUNNING  FOLLOWER s1@group-3D81F66BC438:t6, leader=s2, voted=null, raftlog=s1@group-3D81F66BC438-SegmentedRaftLog:OPENED:c4,f4,i5, conf=5: [s0:0.0.0.0:42154, s1:0.0.0.0:36158, s2:0.0.0.0:36910], old=null RUNNING
  s2:  RUNNING    LEADER s2@group-3D81F66BC438:t6, leader=s2, voted=s2, raftlog=s2@group-3D81F66BC438-SegmentedRaftLog:OPENED:c3,f4,i5, conf=5: [s0:0.0.0.0:42154, s1:0.0.0.0:36158, s2:0.0.0.0:36910], old=null RUNNING
2019-09-24 11:59:28,198 INFO  ratis.RaftTestUtil (RaftTestUtil.java:waitForLeader(101)) - printing ALL groups
  s0:  RUNNING  FOLLOWER s0@group-3D81F66BC438:t6, leader=s2, voted=s2, raftlog=s0@group-3D81F66BC438-SegmentedRaftLog:OPENED:c1,f3,i5, conf=5: [s0:0.0.0.0:42154, s1:0.0.0.0:36158, s2:0.0.0.0:36910], old=null RUNNING
  s1:  RUNNING  FOLLOWER s1@group-3D81F66BC438:t6, leader=s2, voted=null, raftlog=s1@group-3D81F66BC438-SegmentedRaftLog:OPENED:c4,f4,i5, conf=5: [s0:0.0.0.0:42154, s1:0.0.0.0:36158, s2:0.0.0.0:36910], old=null RUNNING
  s2:  RUNNING    LEADER s2@group-3D81F66BC438:t6, leader=s2, voted=s2, raftlog=s2@group-3D81F66BC438-SegmentedRaftLog:OPENED:c3,f4,i5, conf=5: [s0:0.0.0.0:42154, s1:0.0.0.0:36158, s2:0.0.0.0:36910], old=null RUNNING
2019-09-24 11:59:28,198 INFO  ratis.RaftTestUtil (RaftTestUtil.java:lambda$changeLeader$7(367)) - Changed leader from s1 to s2
2019-09-24 11:59:28,198 INFO  server.RaftServerConfigKeys (ConfUtils.java:logGet(43)) - raft.server.rpc.timeout.max = 300ms (default)
2019-09-24 11:59:28,199 TRACE segmented.SegmentedRaftLogWorker (SegmentedRaftLogWorker.java:lambda$new$1(133)) - s0@group-3D81F66BC438-SegmentedRaftLogWorker: flushIndex: updateIncreasingly 3 -> 4
2019-09-24 11:59:28,199 INFO  ratis.RaftTestUtil (RaftTestUtil.java:waitForLeader(86)) - printing ALL groups
  s0:  RUNNING  FOLLOWER s0@group-3D81F66BC438:t6, leader=s2, voted=s2, raftlog=s0@group-3D81F66BC438-SegmentedRaftLog:OPENED:c1,f4,i5, conf=5: [s0:0.0.0.0:42154, s1:0.0.0.0:36158, s2:0.0.0.0:36910], old=null RUNNING
  s1:  RUNNING  FOLLOWER s1@group-3D81F66BC438:t6, leader=s2, voted=null, raftlog=s1@group-3D81F66BC438-SegmentedRaftLog:OPENED:c4,f4,i5, conf=5: [s0:0.0.0.0:42154, s1:0.0.0.0:36158, s2:0.0.0.0:36910], old=null RUNNING
  s2:  RUNNING    LEADER s2@group-3D81F66BC438:t6, leader=s2, voted=s2, raftlog=s2@group-3D81F66BC438-SegmentedRaftLog:OPENED:c3,f4,i5, conf=5: [s0:0.0.0.0:42154, s1:0.0.0.0:36158, s2:0.0.0.0:36910], old=null RUNNING
2019-09-24 11:59:28,199 INFO  ratis.RaftTestUtil (RaftTestUtil.java:waitForLeader(101)) - printing ALL groups
  s0:  RUNNING  FOLLOWER s0@group-3D81F66BC438:t6, leader=s2, voted=s2, raftlog=s0@group-3D81F66BC438-SegmentedRaftLog:OPENED:c1,f4,i5, conf=5: [s0:0.0.0.0:42154, s1:0.0.0.0:36158, s2:0.0.0.0:36910], old=null RUNNING
  s1:  RUNNING  FOLLOWER s1@group-3D81F66BC438:t6, leader=s2, voted=null, raftlog=s1@group-3D81F66BC438-SegmentedRaftLog:OPENED:c4,f4,i5, conf=5: [s0:0.0.0.0:42154, s1:0.0.0.0:36158, s2:0.0.0.0:36910], old=null RUNNING
  s2:  RUNNING    LEADER s2@group-3D81F66BC438:t6, leader=s2, voted=s2, raftlog=s2@group-3D81F66BC438-SegmentedRaftLog:OPENED:c3,f4,i5, conf=5: [s0:0.0.0.0:42154, s1:0.0.0.0:36158, s2:0.0.0.0:36910], old=null RUNNING
2019-09-24 11:59:28,199 WARN  ratis.RaftTestUtil (JavaUtils.java:attempt(158)) - FAILED "testChangeLeader-changeLeader", attempt #1/20: java.lang.IllegalStateException: Failed to change leader: newLeader == oldLeader == s2, sleep 100ms and then retry.
java.lang.IllegalStateException: Failed to change leader: newLeader == oldLeader == s2
	at org.apache.ratis.RaftTestUtil.lambda$changeLeader$7(RaftTestUtil.java:365)
	at org.apache.ratis.util.JavaUtils.attempt(JavaUtils.java:152)
	at org.apache.ratis.RaftTestUtil.changeLeader(RaftTestUtil.java:362)
	at org.apache.ratis.server.impl.LeaderElectionTests.testChangeLeader(LeaderElectionTests.java:81)
	at sun.reflect.NativeMethodAccessorImpl.invoke0(Native Method)
	at sun.reflect.NativeMethodAccessorImpl.invoke(NativeMethodAccessorImpl.java:62)
	at sun.reflect.DelegatingMethodAccessorImpl.invoke(DelegatingMethodAccessorImpl.java:43)
	at java.lang.reflect.Method.invoke(Method.java:498)
	at org.junit.runners.model.FrameworkMethod$1.runReflectiveCall(FrameworkMethod.java:50)
	at org.junit.internal.runners.model.ReflectiveCallable.run(ReflectiveCallable.java:12)
	at org.junit.runners.model.FrameworkMethod.invokeExplosively(FrameworkMethod.java:47)
	at org.junit.internal.runners.statements.InvokeMethod.evaluate(InvokeMethod.java:17)
	at org.junit.internal.runners.statements.RunAfters.evaluate(RunAfters.java:27)
	at org.junit.internal.runners.statements.FailOnTimeout$CallableStatement.call(FailOnTimeout.java:298)
	at org.junit.internal.runners.statements.FailOnTimeout$CallableStatement.call(FailOnTimeout.java:292)
	at java.util.concurrent.FutureTask.run(FutureTask.java:266)
	at java.lang.Thread.run(Thread.java:748)
2019-09-24 11:59:28,201 TRACE util.FileUtils (LogUtils.java:runAndLog(61)) - Successfully ran Files.move /workdir/ratis-test/target/test/data/1630e404/MiniRaftClusterWithSimulatedRpcecb8161c/s0/20b5bf50-abb9-421f-8107-3d81f66bc438/current/log_inprogress_3 to /workdir/ratis-test/target/test/data/1630e404/MiniRaftClusterWithSimulatedRpcecb8161c/s0/20b5bf50-abb9-421f-8107-3d81f66bc438/current/log_3-4
2019-09-24 11:59:28,201 INFO  segmented.SegmentedRaftLogWorker (SegmentedRaftLogWorker.java:execute(526)) - s0@group-3D81F66BC438-SegmentedRaftLogWorker: Rolled log segment from /workdir/ratis-test/target/test/data/1630e404/MiniRaftClusterWithSimulatedRpcecb8161c/s0/20b5bf50-abb9-421f-8107-3d81f66bc438/current/log_inprogress_3 to /workdir/ratis-test/target/test/data/1630e404/MiniRaftClusterWithSimulatedRpcecb8161c/s0/20b5bf50-abb9-421f-8107-3d81f66bc438/current/log_3-4
2019-09-24 11:59:28,201 TRACE segmented.SegmentedRaftLogWorker (SegmentedRaftLogWorker.java:lambda$new$1(133)) - s0@group-3D81F66BC438-SegmentedRaftLogWorker: flushIndex: updateIncreasingly 4 -> 4
2019-09-24 11:59:28,300 INFO  server.RaftServerConfigKeys (ConfUtils.java:logGet(43)) - raft.server.rpc.timeout.max = 300ms (default)
2019-09-24 11:59:28,301 INFO  ratis.RaftTestUtil (RaftTestUtil.java:waitForLeader(86)) - printing ALL groups
  s0:  RUNNING  FOLLOWER s0@group-3D81F66BC438:t6, leader=s2, voted=s2, raftlog=s0@group-3D81F66BC438-SegmentedRaftLog:OPENED:c1,f4,i5, conf=5: [s0:0.0.0.0:42154, s1:0.0.0.0:36158, s2:0.0.0.0:36910], old=null RUNNING
  s1:  RUNNING  FOLLOWER s1@group-3D81F66BC438:t6, leader=s2, voted=null, raftlog=s1@group-3D81F66BC438-SegmentedRaftLog:OPENED:c4,f4,i5, conf=5: [s0:0.0.0.0:42154, s1:0.0.0.0:36158, s2:0.0.0.0:36910], old=null RUNNING
  s2:  RUNNING    LEADER s2@group-3D81F66BC438:t6, leader=s2, voted=s2, raftlog=s2@group-3D81F66BC438-SegmentedRaftLog:OPENED:c3,f4,i5, conf=5: [s0:0.0.0.0:42154, s1:0.0.0.0:36158, s2:0.0.0.0:36910], old=null RUNNING
2019-09-24 11:59:28,301 INFO  ratis.RaftTestUtil (RaftTestUtil.java:waitForLeader(101)) - printing ALL groups
  s0:  RUNNING  FOLLOWER s0@group-3D81F66BC438:t6, leader=s2, voted=s2, raftlog=s0@group-3D81F66BC438-SegmentedRaftLog:OPENED:c1,f4,i5, conf=5: [s0:0.0.0.0:42154, s1:0.0.0.0:36158, s2:0.0.0.0:36910], old=null RUNNING
  s1:  RUNNING  FOLLOWER s1@group-3D81F66BC438:t6, leader=s2, voted=null, raftlog=s1@group-3D81F66BC438-SegmentedRaftLog:OPENED:c4,f4,i5, conf=5: [s0:0.0.0.0:42154, s1:0.0.0.0:36158, s2:0.0.0.0:36910], old=null RUNNING
  s2:  RUNNING    LEADER s2@group-3D81F66BC438:t6, leader=s2, voted=s2, raftlog=s2@group-3D81F66BC438-SegmentedRaftLog:OPENED:c3,f4,i5, conf=5: [s0:0.0.0.0:42154, s1:0.0.0.0:36158, s2:0.0.0.0:36910], old=null RUNNING
2019-09-24 11:59:28,301 WARN  ratis.RaftTestUtil (JavaUtils.java:attempt(158)) - FAILED "testChangeLeader-changeLeader", attempt #2/20: java.lang.IllegalStateException: Failed to change leader: newLeader == oldLeader == s2, sleep 100ms and then retry.
java.lang.IllegalStateException: Failed to change leader: newLeader == oldLeader == s2
	at org.apache.ratis.RaftTestUtil.lambda$changeLeader$7(RaftTestUtil.java:365)
	at org.apache.ratis.util.JavaUtils.attempt(JavaUtils.java:152)
	at org.apache.ratis.RaftTestUtil.changeLeader(RaftTestUtil.java:362)
	at org.apache.ratis.server.impl.LeaderElectionTests.testChangeLeader(LeaderElectionTests.java:81)
	at sun.reflect.NativeMethodAccessorImpl.invoke0(Native Method)
	at sun.reflect.NativeMethodAccessorImpl.invoke(NativeMethodAccessorImpl.java:62)
	at sun.reflect.DelegatingMethodAccessorImpl.invoke(DelegatingMethodAccessorImpl.java:43)
	at java.lang.reflect.Method.invoke(Method.java:498)
	at org.junit.runners.model.FrameworkMethod$1.runReflectiveCall(FrameworkMethod.java:50)
	at org.junit.internal.runners.model.ReflectiveCallable.run(ReflectiveCallable.java:12)
	at org.junit.runners.model.FrameworkMethod.invokeExplosively(FrameworkMethod.java:47)
	at org.junit.internal.runners.statements.InvokeMethod.evaluate(InvokeMethod.java:17)
	at org.junit.internal.runners.statements.RunAfters.evaluate(RunAfters.java:27)
	at org.junit.internal.runners.statements.FailOnTimeout$CallableStatement.call(FailOnTimeout.java:298)
	at org.junit.internal.runners.statements.FailOnTimeout$CallableStatement.call(FailOnTimeout.java:292)
	at java.util.concurrent.FutureTask.run(FutureTask.java:266)
	at java.lang.Thread.run(Thread.java:748)
2019-09-24 11:59:28,402 INFO  server.RaftServerConfigKeys (ConfUtils.java:logGet(43)) - raft.server.rpc.timeout.max = 300ms (default)
2019-09-24 11:59:28,402 INFO  ratis.RaftTestUtil (RaftTestUtil.java:waitForLeader(86)) - printing ALL groups
  s0:  RUNNING  FOLLOWER s0@group-3D81F66BC438:t6, leader=s2, voted=s2, raftlog=s0@group-3D81F66BC438-SegmentedRaftLog:OPENED:c1,f4,i5, conf=5: [s0:0.0.0.0:42154, s1:0.0.0.0:36158, s2:0.0.0.0:36910], old=null RUNNING
  s1:  RUNNING  FOLLOWER s1@group-3D81F66BC438:t6, leader=s2, voted=null, raftlog=s1@group-3D81F66BC438-SegmentedRaftLog:OPENED:c4,f4,i5, conf=5: [s0:0.0.0.0:42154, s1:0.0.0.0:36158, s2:0.0.0.0:36910], old=null RUNNING
  s2:  RUNNING    LEADER s2@group-3D81F66BC438:t6, leader=s2, voted=s2, raftlog=s2@group-3D81F66BC438-SegmentedRaftLog:OPENED:c3,f4,i5, conf=5: [s0:0.0.0.0:42154, s1:0.0.0.0:36158, s2:0.0.0.0:36910], old=null RUNNING
2019-09-24 11:59:28,403 INFO  ratis.RaftTestUtil (RaftTestUtil.java:waitForLeader(101)) - printing ALL groups
  s0:  RUNNING  FOLLOWER s0@group-3D81F66BC438:t6, leader=s2, voted=s2, raftlog=s0@group-3D81F66BC438-SegmentedRaftLog:OPENED:c1,f4,i5, conf=5: [s0:0.0.0.0:42154, s1:0.0.0.0:36158, s2:0.0.0.0:36910], old=null RUNNING
  s1:  RUNNING  FOLLOWER s1@group-3D81F66BC438:t6, leader=s2, voted=null, raftlog=s1@group-3D81F66BC438-SegmentedRaftLog:OPENED:c4,f4,i5, conf=5: [s0:0.0.0.0:42154, s1:0.0.0.0:36158, s2:0.0.0.0:36910], old=null RUNNING
  s2:  RUNNING    LEADER s2@group-3D81F66BC438:t6, leader=s2, voted=s2, raftlog=s2@group-3D81F66BC438-SegmentedRaftLog:OPENED:c3,f4,i5, conf=5: [s0:0.0.0.0:42154, s1:0.0.0.0:36158, s2:0.0.0.0:36910], old=null RUNNING
2019-09-24 11:59:28,403 WARN  ratis.RaftTestUtil (JavaUtils.java:attempt(158)) - FAILED "testChangeLeader-changeLeader", attempt #3/20: java.lang.IllegalStateException: Failed to change leader: newLeader == oldLeader == s2, sleep 100ms and then retry.
java.lang.IllegalStateException: Failed to change leader: newLeader == oldLeader == s2
	at org.apache.ratis.RaftTestUtil.lambda$changeLeader$7(RaftTestUtil.java:365)
	at org.apache.ratis.util.JavaUtils.attempt(JavaUtils.java:152)
	at org.apache.ratis.RaftTestUtil.changeLeader(RaftTestUtil.java:362)
	at org.apache.ratis.server.impl.LeaderElectionTests.testChangeLeader(LeaderElectionTests.java:81)
	at sun.reflect.NativeMethodAccessorImpl.invoke0(Native Method)
	at sun.reflect.NativeMethodAccessorImpl.invoke(NativeMethodAccessorImpl.java:62)
	at sun.reflect.DelegatingMethodAccessorImpl.invoke(DelegatingMethodAccessorImpl.java:43)
	at java.lang.reflect.Method.invoke(Method.java:498)
	at org.junit.runners.model.FrameworkMethod$1.runReflectiveCall(FrameworkMethod.java:50)
	at org.junit.internal.runners.model.ReflectiveCallable.run(ReflectiveCallable.java:12)
	at org.junit.runners.model.FrameworkMethod.invokeExplosively(FrameworkMethod.java:47)
	at org.junit.internal.runners.statements.InvokeMethod.evaluate(InvokeMethod.java:17)
	at org.junit.internal.runners.statements.RunAfters.evaluate(RunAfters.java:27)
	at org.junit.internal.runners.statements.FailOnTimeout$CallableStatement.call(FailOnTimeout.java:298)
	at org.junit.internal.runners.statements.FailOnTimeout$CallableStatement.call(FailOnTimeout.java:292)
	at java.util.concurrent.FutureTask.run(FutureTask.java:266)
	at java.lang.Thread.run(Thread.java:748)
2019-09-24 11:59:28,411 INFO  segmented.SegmentedRaftLogWorker (SegmentedRaftLogWorker.java:execute(569)) - s1@group-3D81F66BC438-SegmentedRaftLogWorker: created new log segment /workdir/ratis-test/target/test/data/1630e404/MiniRaftClusterWithSimulatedRpcecb8161c/s1/20b5bf50-abb9-421f-8107-3d81f66bc438/current/log_inprogress_5
2019-09-24 11:59:28,411 INFO  segmented.SegmentedRaftLogWorker (SegmentedRaftLogWorker.java:execute(569)) - s0@group-3D81F66BC438-SegmentedRaftLogWorker: created new log segment /workdir/ratis-test/target/test/data/1630e404/MiniRaftClusterWithSimulatedRpcecb8161c/s0/20b5bf50-abb9-421f-8107-3d81f66bc438/current/log_inprogress_5
2019-09-24 11:59:28,411 INFO  segmented.SegmentedRaftLogWorker (SegmentedRaftLogWorker.java:execute(569)) - s2@group-3D81F66BC438-SegmentedRaftLogWorker: created new log segment /workdir/ratis-test/target/test/data/1630e404/MiniRaftClusterWithSimulatedRpcecb8161c/s2/20b5bf50-abb9-421f-8107-3d81f66bc438/current/log_inprogress_5
2019-09-24 11:59:28,411 DEBUG segmented.SegmentedRaftLogWorker (SegmentedRaftLogWorker.java:flushWrites(340)) - s0@group-3D81F66BC438-SegmentedRaftLogWorker: flush SegmentedRaftLogOutputStream(/workdir/ratis-test/target/test/data/1630e404/MiniRaftClusterWithSimulatedRpcecb8161c/s0/20b5bf50-abb9-421f-8107-3d81f66bc438/current/log_inprogress_5)
2019-09-24 11:59:28,411 DEBUG segmented.SegmentedRaftLogWorker (SegmentedRaftLogWorker.java:flushWrites(340)) - s1@group-3D81F66BC438-SegmentedRaftLogWorker: flush SegmentedRaftLogOutputStream(/workdir/ratis-test/target/test/data/1630e404/MiniRaftClusterWithSimulatedRpcecb8161c/s1/20b5bf50-abb9-421f-8107-3d81f66bc438/current/log_inprogress_5)
2019-09-24 11:59:28,412 DEBUG segmented.SegmentedRaftLogWorker (SegmentedRaftLogWorker.java:flushWrites(340)) - s2@group-3D81F66BC438-SegmentedRaftLogWorker: flush SegmentedRaftLogOutputStream(/workdir/ratis-test/target/test/data/1630e404/MiniRaftClusterWithSimulatedRpcecb8161c/s2/20b5bf50-abb9-421f-8107-3d81f66bc438/current/log_inprogress_5)
2019-09-24 11:59:28,426 TRACE segmented.SegmentedRaftLogWorker (SegmentedRaftLogWorker.java:lambda$new$1(133)) - s0@group-3D81F66BC438-SegmentedRaftLogWorker: flushIndex: updateIncreasingly 4 -> 5
2019-09-24 11:59:28,426 TRACE segmented.SegmentedRaftLogWorker (SegmentedRaftLogWorker.java:lambda$new$1(133)) - s2@group-3D81F66BC438-SegmentedRaftLogWorker: flushIndex: updateIncreasingly 4 -> 5
2019-09-24 11:59:28,426 DEBUG impl.RaftServerImpl (RaftServerImpl.java:logAppendEntries(850)) - s0@group-3D81F66BC438: succeeded to handle AppendEntries. Reply: s2<-s0#0:OK,SUCCESS,nextIndex:6,term:6,followerCommit:1
2019-09-24 11:59:28,426 TRACE segmented.SegmentedRaftLogWorker (SegmentedRaftLogWorker.java:lambda$new$1(133)) - s1@group-3D81F66BC438-SegmentedRaftLogWorker: flushIndex: updateIncreasingly 4 -> 5
2019-09-24 11:59:28,426 DEBUG impl.RaftServerImpl (RaftServerImpl.java:appendEntriesAsync(906)) - s2@group-3D81F66BC438: Not recognize s1 (term=5) as leader, state: s2@group-3D81F66BC438:t6, leader=s2, voted=s2, raftlog=s2@group-3D81F66BC438-SegmentedRaftLog:OPENED:c3,f5,i5, conf=5: [s0:0.0.0.0:42154, s1:0.0.0.0:36158, s2:0.0.0.0:36910], old=null reply: s1<-s2#0:FAIL,NOT_LEADER,nextIndex:6,term:6,followerCommit:3
2019-09-24 11:59:28,427 DEBUG impl.RaftServerImpl (RaftServerImpl.java:logAppendEntries(850)) - s1@group-3D81F66BC438: succeeded to handle AppendEntries. Reply: s2<-s1#0:OK,SUCCESS,nextIndex:6,term:6,followerCommit:4
2019-09-24 11:59:28,428 DEBUG segmented.SegmentedRaftLogWorker (SegmentedRaftLogWorker.java:addIOTask(251)) - s2@group-3D81F66BC438-SegmentedRaftLogWorker adds IO task WriteLog:6: (t:6, i:6), METADATAENTRY(c5)
2019-09-24 11:59:28,429 DEBUG segmented.SegmentedRaftLogWorker (SegmentedRaftLogWorker.java:flushWrites(340)) - s2@group-3D81F66BC438-SegmentedRaftLogWorker: flush SegmentedRaftLogOutputStream(/workdir/ratis-test/target/test/data/1630e404/MiniRaftClusterWithSimulatedRpcecb8161c/s2/20b5bf50-abb9-421f-8107-3d81f66bc438/current/log_inprogress_5)
2019-09-24 11:59:28,440 TRACE segmented.SegmentedRaftLogWorker (SegmentedRaftLogWorker.java:lambda$new$1(133)) - s2@group-3D81F66BC438-SegmentedRaftLogWorker: flushIndex: updateIncreasingly 5 -> 6
2019-09-24 11:59:28,451 DEBUG impl.RaftServerImpl (RaftServerImpl.java:logAppendEntries(850)) - s0@group-3D81F66BC438: receive appendEntries(s1, 5, (t:5, i:3), 4, false, commits[s1:c4, s0:c1, s2:c3], entries: (t:5, i:4), METADATAENTRY(c3)
2019-09-24 11:59:28,451 DEBUG impl.RaftServerImpl (RaftServerImpl.java:appendEntriesAsync(906)) - s0@group-3D81F66BC438: Not recognize s1 (term=5) as leader, state: s0@group-3D81F66BC438:t6, leader=s2, voted=s2, raftlog=s0@group-3D81F66BC438-SegmentedRaftLog:OPENED:c1,f5,i5, conf=5: [s0:0.0.0.0:42154, s1:0.0.0.0:36158, s2:0.0.0.0:36910], old=null reply: s1<-s0#0:FAIL,NOT_LEADER,nextIndex:6,term:6,followerCommit:1
2019-09-24 11:59:28,504 INFO  server.RaftServerConfigKeys (ConfUtils.java:logGet(43)) - raft.server.rpc.timeout.max = 300ms (default)
2019-09-24 11:59:28,505 INFO  ratis.RaftTestUtil (RaftTestUtil.java:waitForLeader(86)) - printing ALL groups
  s0:  RUNNING  FOLLOWER s0@group-3D81F66BC438:t6, leader=s2, voted=s2, raftlog=s0@group-3D81F66BC438-SegmentedRaftLog:OPENED:c1,f5,i5, conf=5: [s0:0.0.0.0:42154, s1:0.0.0.0:36158, s2:0.0.0.0:36910], old=null RUNNING
  s1:  RUNNING  FOLLOWER s1@group-3D81F66BC438:t6, leader=s2, voted=null, raftlog=s1@group-3D81F66BC438-SegmentedRaftLog:OPENED:c4,f5,i5, conf=5: [s0:0.0.0.0:42154, s1:0.0.0.0:36158, s2:0.0.0.0:36910], old=null RUNNING
  s2:  RUNNING    LEADER s2@group-3D81F66BC438:t6, leader=s2, voted=s2, raftlog=s2@group-3D81F66BC438-SegmentedRaftLog:OPENED:c5,f6,i6, conf=5: [s0:0.0.0.0:42154, s1:0.0.0.0:36158, s2:0.0.0.0:36910], old=null RUNNING
2019-09-24 11:59:28,506 INFO  ratis.RaftTestUtil (RaftTestUtil.java:waitForLeader(101)) - printing ALL groups
  s0:  RUNNING  FOLLOWER s0@group-3D81F66BC438:t6, leader=s2, voted=s2, raftlog=s0@group-3D81F66BC438-SegmentedRaftLog:OPENED:c1,f5,i5, conf=5: [s0:0.0.0.0:42154, s1:0.0.0.0:36158, s2:0.0.0.0:36910], old=null RUNNING
  s1:  RUNNING  FOLLOWER s1@group-3D81F66BC438:t6, leader=s2, voted=null, raftlog=s1@group-3D81F66BC438-SegmentedRaftLog:OPENED:c4,f5,i5, conf=5: [s0:0.0.0.0:42154, s1:0.0.0.0:36158, s2:0.0.0.0:36910], old=null RUNNING
  s2:  RUNNING    LEADER s2@group-3D81F66BC438:t6, leader=s2, voted=s2, raftlog=s2@group-3D81F66BC438-SegmentedRaftLog:OPENED:c5,f6,i6, conf=5: [s0:0.0.0.0:42154, s1:0.0.0.0:36158, s2:0.0.0.0:36910], old=null RUNNING
2019-09-24 11:59:28,506 WARN  ratis.RaftTestUtil (JavaUtils.java:attempt(158)) - FAILED "testChangeLeader-changeLeader", attempt #4/20: java.lang.IllegalStateException: Failed to change leader: newLeader == oldLeader == s2, sleep 100ms and then retry.
java.lang.IllegalStateException: Failed to change leader: newLeader == oldLeader == s2
	at org.apache.ratis.RaftTestUtil.lambda$changeLeader$7(RaftTestUtil.java:365)
	at org.apache.ratis.util.JavaUtils.attempt(JavaUtils.java:152)
	at org.apache.ratis.RaftTestUtil.changeLeader(RaftTestUtil.java:362)
	at org.apache.ratis.server.impl.LeaderElectionTests.testChangeLeader(LeaderElectionTests.java:81)
	at sun.reflect.NativeMethodAccessorImpl.invoke0(Native Method)
	at sun.reflect.NativeMethodAccessorImpl.invoke(NativeMethodAccessorImpl.java:62)
	at sun.reflect.DelegatingMethodAccessorImpl.invoke(DelegatingMethodAccessorImpl.java:43)
	at java.lang.reflect.Method.invoke(Method.java:498)
	at org.junit.runners.model.FrameworkMethod$1.runReflectiveCall(FrameworkMethod.java:50)
	at org.junit.internal.runners.model.ReflectiveCallable.run(ReflectiveCallable.java:12)
	at org.junit.runners.model.FrameworkMethod.invokeExplosively(FrameworkMethod.java:47)
	at org.junit.internal.runners.statements.InvokeMethod.evaluate(InvokeMethod.java:17)
	at org.junit.internal.runners.statements.RunAfters.evaluate(RunAfters.java:27)
	at org.junit.internal.runners.statements.FailOnTimeout$CallableStatement.call(FailOnTimeout.java:298)
	at org.junit.internal.runners.statements.FailOnTimeout$CallableStatement.call(FailOnTimeout.java:292)
	at java.util.concurrent.FutureTask.run(FutureTask.java:266)
	at java.lang.Thread.run(Thread.java:748)
2019-09-24 11:59:28,606 INFO  server.RaftServerConfigKeys (ConfUtils.java:logGet(43)) - raft.server.rpc.timeout.max = 300ms (default)
2019-09-24 11:59:28,607 INFO  ratis.RaftTestUtil (RaftTestUtil.java:waitForLeader(86)) - printing ALL groups
  s0:  RUNNING  FOLLOWER s0@group-3D81F66BC438:t6, leader=s2, voted=s2, raftlog=s0@group-3D81F66BC438-SegmentedRaftLog:OPENED:c1,f5,i5, conf=5: [s0:0.0.0.0:42154, s1:0.0.0.0:36158, s2:0.0.0.0:36910], old=null RUNNING
  s1:  RUNNING  FOLLOWER s1@group-3D81F66BC438:t6, leader=s2, voted=null, raftlog=s1@group-3D81F66BC438-SegmentedRaftLog:OPENED:c4,f5,i5, conf=5: [s0:0.0.0.0:42154, s1:0.0.0.0:36158, s2:0.0.0.0:36910], old=null RUNNING
  s2:  RUNNING    LEADER s2@group-3D81F66BC438:t6, leader=s2, voted=s2, raftlog=s2@group-3D81F66BC438-SegmentedRaftLog:OPENED:c5,f6,i6, conf=5: [s0:0.0.0.0:42154, s1:0.0.0.0:36158, s2:0.0.0.0:36910], old=null RUNNING
2019-09-24 11:59:28,607 INFO  ratis.RaftTestUtil (RaftTestUtil.java:waitForLeader(101)) - printing ALL groups
  s0:  RUNNING  FOLLOWER s0@group-3D81F66BC438:t6, leader=s2, voted=s2, raftlog=s0@group-3D81F66BC438-SegmentedRaftLog:OPENED:c1,f5,i5, conf=5: [s0:0.0.0.0:42154, s1:0.0.0.0:36158, s2:0.0.0.0:36910], old=null RUNNING
  s1:  RUNNING  FOLLOWER s1@group-3D81F66BC438:t6, leader=s2, voted=null, raftlog=s1@group-3D81F66BC438-SegmentedRaftLog:OPENED:c4,f5,i5, conf=5: [s0:0.0.0.0:42154, s1:0.0.0.0:36158, s2:0.0.0.0:36910], old=null RUNNING
  s2:  RUNNING    LEADER s2@group-3D81F66BC438:t6, leader=s2, voted=s2, raftlog=s2@group-3D81F66BC438-SegmentedRaftLog:OPENED:c5,f6,i6, conf=5: [s0:0.0.0.0:42154, s1:0.0.0.0:36158, s2:0.0.0.0:36910], old=null RUNNING
2019-09-24 11:59:28,608 WARN  ratis.RaftTestUtil (JavaUtils.java:attempt(158)) - FAILED "testChangeLeader-changeLeader", attempt #5/20: java.lang.IllegalStateException: Failed to change leader: newLeader == oldLeader == s2, sleep 100ms and then retry.
java.lang.IllegalStateException: Failed to change leader: newLeader == oldLeader == s2
	at org.apache.ratis.RaftTestUtil.lambda$changeLeader$7(RaftTestUtil.java:365)
	at org.apache.ratis.util.JavaUtils.attempt(JavaUtils.java:152)
	at org.apache.ratis.RaftTestUtil.changeLeader(RaftTestUtil.java:362)
	at org.apache.ratis.server.impl.LeaderElectionTests.testChangeLeader(LeaderElectionTests.java:81)
	at sun.reflect.NativeMethodAccessorImpl.invoke0(Native Method)
	at sun.reflect.NativeMethodAccessorImpl.invoke(NativeMethodAccessorImpl.java:62)
	at sun.reflect.DelegatingMethodAccessorImpl.invoke(DelegatingMethodAccessorImpl.java:43)
	at java.lang.reflect.Method.invoke(Method.java:498)
	at org.junit.runners.model.FrameworkMethod$1.runReflectiveCall(FrameworkMethod.java:50)
	at org.junit.internal.runners.model.ReflectiveCallable.run(ReflectiveCallable.java:12)
	at org.junit.runners.model.FrameworkMethod.invokeExplosively(FrameworkMethod.java:47)
	at org.junit.internal.runners.statements.InvokeMethod.evaluate(InvokeMethod.java:17)
	at org.junit.internal.runners.statements.RunAfters.evaluate(RunAfters.java:27)
	at org.junit.internal.runners.statements.FailOnTimeout$CallableStatement.call(FailOnTimeout.java:298)
	at org.junit.internal.runners.statements.FailOnTimeout$CallableStatement.call(FailOnTimeout.java:292)
	at java.util.concurrent.FutureTask.run(FutureTask.java:266)
	at java.lang.Thread.run(Thread.java:748)
2019-09-24 11:59:28,630 INFO  impl.FollowerState (FollowerState.java:run(108)) - s1@group-3D81F66BC438-FollowerState: change to CANDIDATE, lastRpcTime:202ms, electionTimeout:151ms
2019-09-24 11:59:28,630 INFO  impl.RoleInfo (RoleInfo.java:shutdownFollowerState(121)) - s1: shutdown FollowerState
2019-09-24 11:59:28,630 INFO  impl.RaftServerImpl (RaftServerImpl.java:setRole(170)) - s1@group-3D81F66BC438: changes role from  FOLLOWER to CANDIDATE at term 6 for changeToCandidate
2019-09-24 11:59:28,630 INFO  impl.RoleInfo (RoleInfo.java:updateAndGet(143)) - s1: start LeaderElection
2019-09-24 11:59:28,631 INFO  impl.RaftServerImpl (ServerState.java:setLeader(254)) - s1@group-3D81F66BC438: change Leader from s2 to null at term 6 for initElection
2019-09-24 11:59:28,645 INFO  impl.LeaderElection (LeaderElection.java:askForVotes(178)) - s1@group-3D81F66BC438-LeaderElection42: begin an election at term 7 for 5: [s0:0.0.0.0:42154, s1:0.0.0.0:36158, s2:0.0.0.0:36910], old=null
2019-09-24 11:59:28,645 DEBUG impl.RaftServerImpl (RaftServerImpl.java:requestVote(743)) - s0@group-3D81F66BC438: receive requestVote(s1, group-3D81F66BC438, 7, (t:6, i:5))
2019-09-24 11:59:28,646 DEBUG impl.RaftServerImpl (RaftServerImpl.java:requestVote(743)) - s2@group-3D81F66BC438: receive requestVote(s1, group-3D81F66BC438, 7, (t:6, i:5))
2019-09-24 11:59:28,646 INFO  impl.RaftServerImpl (ServerState.java:setLeader(254)) - s0@group-3D81F66BC438: change Leader from s2 to null at term 7 for updateCurrentTerm
2019-09-24 11:59:28,646 INFO  impl.RaftServerImpl (ServerState.java:setLeader(254)) - s2@group-3D81F66BC438: change Leader from s2 to null at term 7 for updateCurrentTerm
2019-09-24 11:59:28,646 INFO  impl.RaftServerImpl (RaftServerImpl.java:setRole(170)) - s0@group-3D81F66BC438: changes role from  FOLLOWER to FOLLOWER at term 7 for recognizeCandidate:s1
2019-09-24 11:59:28,646 INFO  impl.RaftServerImpl (RaftServerImpl.java:setRole(170)) - s2@group-3D81F66BC438: changes role from    LEADER to FOLLOWER at term 7 for recognizeCandidate:s1
2019-09-24 11:59:28,646 INFO  impl.RoleInfo (RoleInfo.java:shutdownFollowerState(121)) - s0: shutdown FollowerState
2019-09-24 11:59:28,646 INFO  impl.RoleInfo (RoleInfo.java:shutdownLeaderState(104)) - s2: shutdown LeaderState
2019-09-24 11:59:28,647 INFO  impl.FollowerState (FollowerState.java:run(117)) - s0@group-3D81F66BC438-FollowerState was interrupted: java.lang.InterruptedException: sleep interrupted
2019-09-24 11:59:28,647 INFO  impl.RoleInfo (RoleInfo.java:updateAndGet(143)) - s0: start FollowerState
2019-09-24 11:59:28,648 INFO  impl.LogAppender (LogAppender.java:run(78)) - s2@group-3D81F66BC438->s0-LogAppender-AppenderDaemon was interrupted: java.io.InterruptedIOException: 
2019-09-24 11:59:28,648 INFO  impl.PendingRequests (PendingRequests.java:sendNotLeaderResponses(202)) - s2@group-3D81F66BC438-PendingRequests: sendNotLeaderResponses
2019-09-24 11:59:28,648 INFO  impl.LogAppender (LogAppender.java:run(78)) - s2@group-3D81F66BC438->s1-LogAppender-AppenderDaemon was interrupted: java.io.InterruptedIOException: 
2019-09-24 11:59:28,649 INFO  impl.RoleInfo (RoleInfo.java:updateAndGet(143)) - s2: start FollowerState
2019-09-24 11:59:28,671 DEBUG impl.RaftServerImpl (RaftServerImpl.java:requestVote(775)) - s2@group-3D81F66BC438 replies to vote request: s1<-s2#0:FAIL-t7. Peer's state: s2@group-3D81F66BC438:t7, leader=null, voted=null, raftlog=s2@group-3D81F66BC438-SegmentedRaftLog:OPENED:c5,f6,i6, conf=5: [s0:0.0.0.0:42154, s1:0.0.0.0:36158, s2:0.0.0.0:36910], old=null
2019-09-24 11:59:28,671 DEBUG impl.RaftServerImpl (RaftServerImpl.java:requestVote(775)) - s0@group-3D81F66BC438 replies to vote request: s1<-s0#0:OK-t7. Peer's state: s0@group-3D81F66BC438:t7, leader=null, voted=s1, raftlog=s0@group-3D81F66BC438-SegmentedRaftLog:OPENED:c1,f5,i5, conf=5: [s0:0.0.0.0:42154, s1:0.0.0.0:36158, s2:0.0.0.0:36910], old=null
2019-09-24 11:59:28,672 INFO  impl.LeaderElection (LeaderElection.java:logAndReturn(56)) - s1@group-3D81F66BC438-LeaderElection42: Election PASSED; received 2 response(s) [s1<-s0#0:OK-t7, s1<-s2#0:FAIL-t7] and 0 exception(s); s1@group-3D81F66BC438:t7, leader=null, voted=s1, raftlog=s1@group-3D81F66BC438-SegmentedRaftLog:OPENED:c4,f5,i5, conf=5: [s0:0.0.0.0:42154, s1:0.0.0.0:36158, s2:0.0.0.0:36910], old=null
2019-09-24 11:59:28,672 INFO  impl.RoleInfo (RoleInfo.java:shutdownLeaderElection(134)) - s1: shutdown LeaderElection
2019-09-24 11:59:28,672 INFO  impl.RaftServerImpl (RaftServerImpl.java:setRole(170)) - s1@group-3D81F66BC438: changes role from CANDIDATE to LEADER at term 7 for changeToLeader
2019-09-24 11:59:28,672 INFO  impl.RaftServerImpl (ServerState.java:setLeader(254)) - s1@group-3D81F66BC438: change Leader from null to s1 at term 7 for becomeLeader, leader elected after 41ms
2019-09-24 11:59:28,673 INFO  server.RaftServerConfigKeys (ConfUtils.java:logGet(43)) - raft.server.staging.catchup.gap = 1000 (default)
2019-09-24 11:59:28,673 INFO  server.RaftServerConfigKeys (ConfUtils.java:logGet(43)) - raft.server.rpc.sleep.time = 25ms (default)
2019-09-24 11:59:28,673 INFO  server.RaftServerConfigKeys (ConfUtils.java:logGet(43)) - raft.server.write.element-limit = 4096 (default)
2019-09-24 11:59:28,673 INFO  server.RaftServerConfigKeys (ConfUtils.java:logGet(43)) - raft.server.watch.timeout = 10s (default)
2019-09-24 11:59:28,673 INFO  server.RaftServerConfigKeys (ConfUtils.java:logGet(43)) - raft.server.watch.timeout.denomination = 1s (default)
2019-09-24 11:59:28,674 INFO  server.RaftServerConfigKeys (ConfUtils.java:logGet(43)) - raft.server.watch.element-limit = 65536 (default)
2019-09-24 11:59:28,674 INFO  server.RaftServerConfigKeys (ConfUtils.java:logGet(43)) - raft.server.log.appender.snapshot.chunk.size.max = 16MB (=16777216) (default)
2019-09-24 11:59:28,674 INFO  server.RaftServerConfigKeys (ConfUtils.java:logGet(43)) - raft.server.log.appender.buffer.byte-limit = 4MB (=4194304) (default)
2019-09-24 11:59:28,674 INFO  server.RaftServerConfigKeys (ConfUtils.java:logGet(43)) - raft.server.log.appender.buffer.element-limit = 0 (default)
2019-09-24 11:59:28,675 INFO  server.RaftServerConfigKeys (ConfUtils.java:logGet(43)) - raft.server.log.appender.snapshot.chunk.size.max = 16MB (=16777216) (default)
2019-09-24 11:59:28,675 INFO  server.RaftServerConfigKeys (ConfUtils.java:logGet(43)) - raft.server.log.appender.buffer.byte-limit = 4MB (=4194304) (default)
2019-09-24 11:59:28,675 INFO  server.RaftServerConfigKeys (ConfUtils.java:logGet(43)) - raft.server.log.appender.buffer.element-limit = 0 (default)
2019-09-24 11:59:28,675 INFO  impl.RoleInfo (RoleInfo.java:updateAndGet(143)) - s1: start LeaderState
2019-09-24 11:59:28,676 INFO  segmented.SegmentedRaftLogWorker (SegmentedRaftLogWorker.java:rollLogSegment(385)) - s1@group-3D81F66BC438-SegmentedRaftLogWorker: Rolling segment log-5_5 to index:5
2019-09-24 11:59:28,676 DEBUG segmented.SegmentedRaftLogWorker (SegmentedRaftLogWorker.java:addIOTask(251)) - s1@group-3D81F66BC438-SegmentedRaftLogWorker adds IO task FinalizeLogSegment:5: startIndex=5 endIndex=5
2019-09-24 11:59:28,676 DEBUG segmented.SegmentedRaftLogWorker (SegmentedRaftLogWorker.java:addIOTask(251)) - s1@group-3D81F66BC438-SegmentedRaftLogWorker adds IO task StartLogSegment:6
2019-09-24 11:59:28,676 DEBUG segmented.SegmentedRaftLogWorker (SegmentedRaftLogWorker.java:addIOTask(251)) - s1@group-3D81F66BC438-SegmentedRaftLogWorker adds IO task WriteLog:6: (t:7, i:6), CONFIGURATIONENTRY
2019-09-24 11:59:28,677 INFO  impl.RaftServerImpl (ServerState.java:setRaftConf(355)) - s1@group-3D81F66BC438: set configuration 6: [s0:0.0.0.0:42154, s1:0.0.0.0:36158, s2:0.0.0.0:36910], old=null at 6
2019-09-24 11:59:28,677 INFO  impl.RaftServerImpl (ServerState.java:setLeader(254)) - s0@group-3D81F66BC438: change Leader from null to s1 at term 7 for appendEntries, leader elected after 31ms
2019-09-24 11:59:28,678 INFO  impl.RaftServerImpl (ServerState.java:setLeader(254)) - s2@group-3D81F66BC438: change Leader from null to s1 at term 7 for appendEntries, leader elected after 31ms
2019-09-24 11:59:28,678 TRACE util.FileUtils (LogUtils.java:runAndLog(61)) - Successfully ran Files.move /workdir/ratis-test/target/test/data/1630e404/MiniRaftClusterWithSimulatedRpcecb8161c/s1/20b5bf50-abb9-421f-8107-3d81f66bc438/current/log_inprogress_5 to /workdir/ratis-test/target/test/data/1630e404/MiniRaftClusterWithSimulatedRpcecb8161c/s1/20b5bf50-abb9-421f-8107-3d81f66bc438/current/log_5-5
2019-09-24 11:59:28,678 INFO  segmented.SegmentedRaftLogWorker (SegmentedRaftLogWorker.java:execute(526)) - s1@group-3D81F66BC438-SegmentedRaftLogWorker: Rolled log segment from /workdir/ratis-test/target/test/data/1630e404/MiniRaftClusterWithSimulatedRpcecb8161c/s1/20b5bf50-abb9-421f-8107-3d81f66bc438/current/log_inprogress_5 to /workdir/ratis-test/target/test/data/1630e404/MiniRaftClusterWithSimulatedRpcecb8161c/s1/20b5bf50-abb9-421f-8107-3d81f66bc438/current/log_5-5
2019-09-24 11:59:28,678 DEBUG impl.RaftServerImpl (RaftServerImpl.java:logAppendEntries(850)) - s0@group-3D81F66BC438: receive appendEntries(s1, 7, (t:6, i:5), 4, false, commits[s1:c4, s0:c1, s2:c3], entries: (t:7, i:6), CONFIGURATIONENTRY
2019-09-24 11:59:28,679 TRACE segmented.SegmentedRaftLogWorker (SegmentedRaftLogWorker.java:lambda$new$1(133)) - s1@group-3D81F66BC438-SegmentedRaftLogWorker: flushIndex: updateIncreasingly 5 -> 5
2019-09-24 11:59:28,680 INFO  impl.RaftServerImpl (ServerState.java:setRaftConf(355)) - s0@group-3D81F66BC438: set configuration 6: [s0:0.0.0.0:42154, s1:0.0.0.0:36158, s2:0.0.0.0:36910], old=null at 6
2019-09-24 11:59:28,680 INFO  segmented.SegmentedRaftLogWorker (SegmentedRaftLogWorker.java:rollLogSegment(385)) - s0@group-3D81F66BC438-SegmentedRaftLogWorker: Rolling segment log-5_5 to index:5
2019-09-24 11:59:28,680 DEBUG segmented.SegmentedRaftLogWorker (SegmentedRaftLogWorker.java:addIOTask(251)) - s0@group-3D81F66BC438-SegmentedRaftLogWorker adds IO task FinalizeLogSegment:5: startIndex=5 endIndex=5
2019-09-24 11:59:28,681 DEBUG segmented.SegmentedRaftLogWorker (SegmentedRaftLogWorker.java:addIOTask(251)) - s0@group-3D81F66BC438-SegmentedRaftLogWorker adds IO task StartLogSegment:6
2019-09-24 11:59:28,681 DEBUG segmented.SegmentedRaftLogWorker (SegmentedRaftLogWorker.java:addIOTask(251)) - s0@group-3D81F66BC438-SegmentedRaftLogWorker adds IO task WriteLog:6: (t:7, i:6), CONFIGURATIONENTRY
2019-09-24 11:59:28,683 TRACE util.FileUtils (LogUtils.java:runAndLog(61)) - Successfully ran Files.move /workdir/ratis-test/target/test/data/1630e404/MiniRaftClusterWithSimulatedRpcecb8161c/s0/20b5bf50-abb9-421f-8107-3d81f66bc438/current/log_inprogress_5 to /workdir/ratis-test/target/test/data/1630e404/MiniRaftClusterWithSimulatedRpcecb8161c/s0/20b5bf50-abb9-421f-8107-3d81f66bc438/current/log_5-5
2019-09-24 11:59:28,683 INFO  segmented.SegmentedRaftLogWorker (SegmentedRaftLogWorker.java:execute(526)) - s0@group-3D81F66BC438-SegmentedRaftLogWorker: Rolled log segment from /workdir/ratis-test/target/test/data/1630e404/MiniRaftClusterWithSimulatedRpcecb8161c/s0/20b5bf50-abb9-421f-8107-3d81f66bc438/current/log_inprogress_5 to /workdir/ratis-test/target/test/data/1630e404/MiniRaftClusterWithSimulatedRpcecb8161c/s0/20b5bf50-abb9-421f-8107-3d81f66bc438/current/log_5-5
2019-09-24 11:59:28,683 TRACE segmented.SegmentedRaftLogWorker (SegmentedRaftLogWorker.java:lambda$new$1(133)) - s0@group-3D81F66BC438-SegmentedRaftLogWorker: flushIndex: updateIncreasingly 5 -> 5
2019-09-24 11:59:28,708 INFO  server.RaftServerConfigKeys (ConfUtils.java:logGet(43)) - raft.server.rpc.timeout.max = 300ms (default)
2019-09-24 11:59:28,709 INFO  ratis.RaftTestUtil (RaftTestUtil.java:waitForLeader(86)) - printing ALL groups
  s0:  RUNNING  FOLLOWER s0@group-3D81F66BC438:t7, leader=s1, voted=s1, raftlog=s0@group-3D81F66BC438-SegmentedRaftLog:OPENED:c1,f5,i6, conf=6: [s0:0.0.0.0:42154, s1:0.0.0.0:36158, s2:0.0.0.0:36910], old=null RUNNING
  s1:  RUNNING    LEADER s1@group-3D81F66BC438:t7, leader=s1, voted=s1, raftlog=s1@group-3D81F66BC438-SegmentedRaftLog:OPENED:c4,f5,i6, conf=6: [s0:0.0.0.0:42154, s1:0.0.0.0:36158, s2:0.0.0.0:36910], old=null RUNNING
  s2:  RUNNING  FOLLOWER s2@group-3D81F66BC438:t7, leader=s1, voted=null, raftlog=s2@group-3D81F66BC438-SegmentedRaftLog:OPENED:c5,f6,i6, conf=5: [s0:0.0.0.0:42154, s1:0.0.0.0:36158, s2:0.0.0.0:36910], old=null RUNNING
2019-09-24 11:59:28,709 INFO  ratis.RaftTestUtil (RaftTestUtil.java:waitForLeader(101)) - printing ALL groups
  s0:  RUNNING  FOLLOWER s0@group-3D81F66BC438:t7, leader=s1, voted=s1, raftlog=s0@group-3D81F66BC438-SegmentedRaftLog:OPENED:c1,f5,i6, conf=6: [s0:0.0.0.0:42154, s1:0.0.0.0:36158, s2:0.0.0.0:36910], old=null RUNNING
  s1:  RUNNING    LEADER s1@group-3D81F66BC438:t7, leader=s1, voted=s1, raftlog=s1@group-3D81F66BC438-SegmentedRaftLog:OPENED:c4,f5,i6, conf=6: [s0:0.0.0.0:42154, s1:0.0.0.0:36158, s2:0.0.0.0:36910], old=null RUNNING
  s2:  RUNNING  FOLLOWER s2@group-3D81F66BC438:t7, leader=s1, voted=null, raftlog=s2@group-3D81F66BC438-SegmentedRaftLog:OPENED:c5,f6,i6, conf=5: [s0:0.0.0.0:42154, s1:0.0.0.0:36158, s2:0.0.0.0:36910], old=null RUNNING
2019-09-24 11:59:28,709 INFO  ratis.RaftTestUtil (RaftTestUtil.java:lambda$changeLeader$7(367)) - Changed leader from s2 to s1
2019-09-24 11:59:28,710 INFO  server.RaftServerConfigKeys (ConfUtils.java:logGet(43)) - raft.server.rpc.timeout.max = 300ms (default)
2019-09-24 11:59:28,710 INFO  ratis.RaftTestUtil (RaftTestUtil.java:waitForLeader(86)) - printing ALL groups
  s0:  RUNNING  FOLLOWER s0@group-3D81F66BC438:t7, leader=s1, voted=s1, raftlog=s0@group-3D81F66BC438-SegmentedRaftLog:OPENED:c1,f5,i6, conf=6: [s0:0.0.0.0:42154, s1:0.0.0.0:36158, s2:0.0.0.0:36910], old=null RUNNING
  s1:  RUNNING    LEADER s1@group-3D81F66BC438:t7, leader=s1, voted=s1, raftlog=s1@group-3D81F66BC438-SegmentedRaftLog:OPENED:c4,f5,i6, conf=6: [s0:0.0.0.0:42154, s1:0.0.0.0:36158, s2:0.0.0.0:36910], old=null RUNNING
  s2:  RUNNING  FOLLOWER s2@group-3D81F66BC438:t7, leader=s1, voted=null, raftlog=s2@group-3D81F66BC438-SegmentedRaftLog:OPENED:c5,f6,i6, conf=5: [s0:0.0.0.0:42154, s1:0.0.0.0:36158, s2:0.0.0.0:36910], old=null RUNNING
2019-09-24 11:59:28,710 INFO  ratis.RaftTestUtil (RaftTestUtil.java:waitForLeader(101)) - printing ALL groups
  s0:  RUNNING  FOLLOWER s0@group-3D81F66BC438:t7, leader=s1, voted=s1, raftlog=s0@group-3D81F66BC438-SegmentedRaftLog:OPENED:c1,f5,i6, conf=6: [s0:0.0.0.0:42154, s1:0.0.0.0:36158, s2:0.0.0.0:36910], old=null RUNNING
  s1:  RUNNING    LEADER s1@group-3D81F66BC438:t7, leader=s1, voted=s1, raftlog=s1@group-3D81F66BC438-SegmentedRaftLog:OPENED:c4,f5,i6, conf=6: [s0:0.0.0.0:42154, s1:0.0.0.0:36158, s2:0.0.0.0:36910], old=null RUNNING
  s2:  RUNNING  FOLLOWER s2@group-3D81F66BC438:t7, leader=s1, voted=null, raftlog=s2@group-3D81F66BC438-SegmentedRaftLog:OPENED:c5,f6,i6, conf=5: [s0:0.0.0.0:42154, s1:0.0.0.0:36158, s2:0.0.0.0:36910], old=null RUNNING
2019-09-24 11:59:28,710 WARN  ratis.RaftTestUtil (JavaUtils.java:attempt(158)) - FAILED "testChangeLeader-changeLeader", attempt #1/20: java.lang.IllegalStateException: Failed to change leader: newLeader == oldLeader == s1, sleep 100ms and then retry.
java.lang.IllegalStateException: Failed to change leader: newLeader == oldLeader == s1
	at org.apache.ratis.RaftTestUtil.lambda$changeLeader$7(RaftTestUtil.java:365)
	at org.apache.ratis.util.JavaUtils.attempt(JavaUtils.java:152)
	at org.apache.ratis.RaftTestUtil.changeLeader(RaftTestUtil.java:362)
	at org.apache.ratis.server.impl.LeaderElectionTests.testChangeLeader(LeaderElectionTests.java:81)
	at sun.reflect.NativeMethodAccessorImpl.invoke0(Native Method)
	at sun.reflect.NativeMethodAccessorImpl.invoke(NativeMethodAccessorImpl.java:62)
	at sun.reflect.DelegatingMethodAccessorImpl.invoke(DelegatingMethodAccessorImpl.java:43)
	at java.lang.reflect.Method.invoke(Method.java:498)
	at org.junit.runners.model.FrameworkMethod$1.runReflectiveCall(FrameworkMethod.java:50)
	at org.junit.internal.runners.model.ReflectiveCallable.run(ReflectiveCallable.java:12)
	at org.junit.runners.model.FrameworkMethod.invokeExplosively(FrameworkMethod.java:47)
	at org.junit.internal.runners.statements.InvokeMethod.evaluate(InvokeMethod.java:17)
	at org.junit.internal.runners.statements.RunAfters.evaluate(RunAfters.java:27)
	at org.junit.internal.runners.statements.FailOnTimeout$CallableStatement.call(FailOnTimeout.java:298)
	at org.junit.internal.runners.statements.FailOnTimeout$CallableStatement.call(FailOnTimeout.java:292)
	at java.util.concurrent.FutureTask.run(FutureTask.java:266)
	at java.lang.Thread.run(Thread.java:748)
2019-09-24 11:59:28,730 DEBUG impl.RaftServerImpl (RaftServerImpl.java:logAppendEntries(850)) - s1@group-3D81F66BC438: receive appendEntries(s2, 6, (t:6, i:5), 5, false, commits[s2:c5, s0:c1, s1:c4], entries: (t:6, i:6), METADATAENTRY(c5)
2019-09-24 11:59:28,730 DEBUG impl.RaftServerImpl (RaftServerImpl.java:logAppendEntries(850)) - s0@group-3D81F66BC438: receive appendEntries(s2, 6, (t:6, i:5), 5, false, commits[s2:c5, s0:c1, s1:c4], entries: (t:6, i:6), METADATAENTRY(c5)
2019-09-24 11:59:28,730 DEBUG impl.RaftServerImpl (RaftServerImpl.java:appendEntriesAsync(906)) - s1@group-3D81F66BC438: Not recognize s2 (term=6) as leader, state: s1@group-3D81F66BC438:t7, leader=s1, voted=s1, raftlog=s1@group-3D81F66BC438-SegmentedRaftLog:OPENED:c4,f5,i6, conf=6: [s0:0.0.0.0:42154, s1:0.0.0.0:36158, s2:0.0.0.0:36910], old=null reply: s2<-s1#0:FAIL,NOT_LEADER,nextIndex:7,term:7,followerCommit:4
2019-09-24 11:59:28,730 DEBUG impl.RaftServerImpl (RaftServerImpl.java:appendEntriesAsync(906)) - s0@group-3D81F66BC438: Not recognize s2 (term=6) as leader, state: s0@group-3D81F66BC438:t7, leader=s1, voted=s1, raftlog=s0@group-3D81F66BC438-SegmentedRaftLog:OPENED:c1,f5,i6, conf=6: [s0:0.0.0.0:42154, s1:0.0.0.0:36158, s2:0.0.0.0:36910], old=null reply: s2<-s0#0:FAIL,NOT_LEADER,nextIndex:7,term:7,followerCommit:1
2019-09-24 11:59:28,813 INFO  server.RaftServerConfigKeys (ConfUtils.java:logGet(43)) - raft.server.rpc.timeout.max = 300ms (default)
2019-09-24 11:59:28,813 INFO  ratis.RaftTestUtil (RaftTestUtil.java:waitForLeader(86)) - printing ALL groups
  s0:  RUNNING  FOLLOWER s0@group-3D81F66BC438:t7, leader=s1, voted=s1, raftlog=s0@group-3D81F66BC438-SegmentedRaftLog:OPENED:c1,f5,i6, conf=6: [s0:0.0.0.0:42154, s1:0.0.0.0:36158, s2:0.0.0.0:36910], old=null RUNNING
  s1:  RUNNING    LEADER s1@group-3D81F66BC438:t7, leader=s1, voted=s1, raftlog=s1@group-3D81F66BC438-SegmentedRaftLog:OPENED:c4,f5,i6, conf=6: [s0:0.0.0.0:42154, s1:0.0.0.0:36158, s2:0.0.0.0:36910], old=null RUNNING
  s2:  RUNNING  FOLLOWER s2@group-3D81F66BC438:t7, leader=s1, voted=null, raftlog=s2@group-3D81F66BC438-SegmentedRaftLog:OPENED:c5,f6,i6, conf=5: [s0:0.0.0.0:42154, s1:0.0.0.0:36158, s2:0.0.0.0:36910], old=null RUNNING
2019-09-24 11:59:28,813 INFO  ratis.RaftTestUtil (RaftTestUtil.java:waitForLeader(101)) - printing ALL groups
  s0:  RUNNING  FOLLOWER s0@group-3D81F66BC438:t7, leader=s1, voted=s1, raftlog=s0@group-3D81F66BC438-SegmentedRaftLog:OPENED:c1,f5,i6, conf=6: [s0:0.0.0.0:42154, s1:0.0.0.0:36158, s2:0.0.0.0:36910], old=null RUNNING
  s1:  RUNNING    LEADER s1@group-3D81F66BC438:t7, leader=s1, voted=s1, raftlog=s1@group-3D81F66BC438-SegmentedRaftLog:OPENED:c4,f5,i6, conf=6: [s0:0.0.0.0:42154, s1:0.0.0.0:36158, s2:0.0.0.0:36910], old=null RUNNING
  s2:  RUNNING  FOLLOWER s2@group-3D81F66BC438:t7, leader=s1, voted=null, raftlog=s2@group-3D81F66BC438-SegmentedRaftLog:OPENED:c5,f6,i6, conf=5: [s0:0.0.0.0:42154, s1:0.0.0.0:36158, s2:0.0.0.0:36910], old=null RUNNING
2019-09-24 11:59:28,814 WARN  ratis.RaftTestUtil (JavaUtils.java:attempt(158)) - FAILED "testChangeLeader-changeLeader", attempt #2/20: java.lang.IllegalStateException: Failed to change leader: newLeader == oldLeader == s1, sleep 100ms and then retry.
java.lang.IllegalStateException: Failed to change leader: newLeader == oldLeader == s1
	at org.apache.ratis.RaftTestUtil.lambda$changeLeader$7(RaftTestUtil.java:365)
	at org.apache.ratis.util.JavaUtils.attempt(JavaUtils.java:152)
	at org.apache.ratis.RaftTestUtil.changeLeader(RaftTestUtil.java:362)
	at org.apache.ratis.server.impl.LeaderElectionTests.testChangeLeader(LeaderElectionTests.java:81)
	at sun.reflect.NativeMethodAccessorImpl.invoke0(Native Method)
	at sun.reflect.NativeMethodAccessorImpl.invoke(NativeMethodAccessorImpl.java:62)
	at sun.reflect.DelegatingMethodAccessorImpl.invoke(DelegatingMethodAccessorImpl.java:43)
	at java.lang.reflect.Method.invoke(Method.java:498)
	at org.junit.runners.model.FrameworkMethod$1.runReflectiveCall(FrameworkMethod.java:50)
	at org.junit.internal.runners.model.ReflectiveCallable.run(ReflectiveCallable.java:12)
	at org.junit.runners.model.FrameworkMethod.invokeExplosively(FrameworkMethod.java:47)
	at org.junit.internal.runners.statements.InvokeMethod.evaluate(InvokeMethod.java:17)
	at org.junit.internal.runners.statements.RunAfters.evaluate(RunAfters.java:27)
	at org.junit.internal.runners.statements.FailOnTimeout$CallableStatement.call(FailOnTimeout.java:298)
	at org.junit.internal.runners.statements.FailOnTimeout$CallableStatement.call(FailOnTimeout.java:292)
	at java.util.concurrent.FutureTask.run(FutureTask.java:266)
	at java.lang.Thread.run(Thread.java:748)
2019-09-24 11:59:28,832 INFO  segmented.SegmentedRaftLogWorker (SegmentedRaftLogWorker.java:execute(569)) - s1@group-3D81F66BC438-SegmentedRaftLogWorker: created new log segment /workdir/ratis-test/target/test/data/1630e404/MiniRaftClusterWithSimulatedRpcecb8161c/s1/20b5bf50-abb9-421f-8107-3d81f66bc438/current/log_inprogress_6
2019-09-24 11:59:28,832 INFO  segmented.SegmentedRaftLogWorker (SegmentedRaftLogWorker.java:execute(569)) - s0@group-3D81F66BC438-SegmentedRaftLogWorker: created new log segment /workdir/ratis-test/target/test/data/1630e404/MiniRaftClusterWithSimulatedRpcecb8161c/s0/20b5bf50-abb9-421f-8107-3d81f66bc438/current/log_inprogress_6
2019-09-24 11:59:28,832 DEBUG segmented.SegmentedRaftLogWorker (SegmentedRaftLogWorker.java:flushWrites(340)) - s1@group-3D81F66BC438-SegmentedRaftLogWorker: flush SegmentedRaftLogOutputStream(/workdir/ratis-test/target/test/data/1630e404/MiniRaftClusterWithSimulatedRpcecb8161c/s1/20b5bf50-abb9-421f-8107-3d81f66bc438/current/log_inprogress_6)
2019-09-24 11:59:28,832 DEBUG segmented.SegmentedRaftLogWorker (SegmentedRaftLogWorker.java:flushWrites(340)) - s0@group-3D81F66BC438-SegmentedRaftLogWorker: flush SegmentedRaftLogOutputStream(/workdir/ratis-test/target/test/data/1630e404/MiniRaftClusterWithSimulatedRpcecb8161c/s0/20b5bf50-abb9-421f-8107-3d81f66bc438/current/log_inprogress_6)
2019-09-24 11:59:28,843 TRACE segmented.SegmentedRaftLogWorker (SegmentedRaftLogWorker.java:lambda$new$1(133)) - s1@group-3D81F66BC438-SegmentedRaftLogWorker: flushIndex: updateIncreasingly 5 -> 6
2019-09-24 11:59:28,844 TRACE segmented.SegmentedRaftLogWorker (SegmentedRaftLogWorker.java:lambda$new$1(133)) - s0@group-3D81F66BC438-SegmentedRaftLogWorker: flushIndex: updateIncreasingly 5 -> 6
2019-09-24 11:59:28,844 DEBUG segmented.SegmentedRaftLogWorker (SegmentedRaftLogWorker.java:addIOTask(251)) - s1@group-3D81F66BC438-SegmentedRaftLogWorker adds IO task WriteLog:7: (t:7, i:7), METADATAENTRY(c6)
2019-09-24 11:59:28,844 DEBUG segmented.SegmentedRaftLogWorker (SegmentedRaftLogWorker.java:flushWrites(340)) - s1@group-3D81F66BC438-SegmentedRaftLogWorker: flush SegmentedRaftLogOutputStream(/workdir/ratis-test/target/test/data/1630e404/MiniRaftClusterWithSimulatedRpcecb8161c/s1/20b5bf50-abb9-421f-8107-3d81f66bc438/current/log_inprogress_6)
2019-09-24 11:59:28,844 DEBUG impl.RaftServerImpl (RaftServerImpl.java:logAppendEntries(850)) - s0@group-3D81F66BC438: succeeded to handle AppendEntries. Reply: s1<-s0#0:OK,SUCCESS,nextIndex:7,term:7,followerCommit:1
2019-09-24 11:59:28,855 TRACE segmented.SegmentedRaftLogWorker (SegmentedRaftLogWorker.java:lambda$new$1(133)) - s1@group-3D81F66BC438-SegmentedRaftLogWorker: flushIndex: updateIncreasingly 6 -> 7
2019-09-24 11:59:28,915 INFO  server.RaftServerConfigKeys (ConfUtils.java:logGet(43)) - raft.server.rpc.timeout.max = 300ms (default)
2019-09-24 11:59:28,915 INFO  ratis.RaftTestUtil (RaftTestUtil.java:waitForLeader(86)) - printing ALL groups
  s0:  RUNNING  FOLLOWER s0@group-3D81F66BC438:t7, leader=s1, voted=s1, raftlog=s0@group-3D81F66BC438-SegmentedRaftLog:OPENED:c1,f6,i6, conf=6: [s0:0.0.0.0:42154, s1:0.0.0.0:36158, s2:0.0.0.0:36910], old=null RUNNING
  s1:  RUNNING    LEADER s1@group-3D81F66BC438:t7, leader=s1, voted=s1, raftlog=s1@group-3D81F66BC438-SegmentedRaftLog:OPENED:c6,f7,i7, conf=6: [s0:0.0.0.0:42154, s1:0.0.0.0:36158, s2:0.0.0.0:36910], old=null RUNNING
  s2:  RUNNING  FOLLOWER s2@group-3D81F66BC438:t7, leader=s1, voted=null, raftlog=s2@group-3D81F66BC438-SegmentedRaftLog:OPENED:c5,f6,i6, conf=5: [s0:0.0.0.0:42154, s1:0.0.0.0:36158, s2:0.0.0.0:36910], old=null RUNNING
2019-09-24 11:59:28,916 INFO  ratis.RaftTestUtil (RaftTestUtil.java:waitForLeader(101)) - printing ALL groups
  s0:  RUNNING  FOLLOWER s0@group-3D81F66BC438:t7, leader=s1, voted=s1, raftlog=s0@group-3D81F66BC438-SegmentedRaftLog:OPENED:c1,f6,i6, conf=6: [s0:0.0.0.0:42154, s1:0.0.0.0:36158, s2:0.0.0.0:36910], old=null RUNNING
  s1:  RUNNING    LEADER s1@group-3D81F66BC438:t7, leader=s1, voted=s1, raftlog=s1@group-3D81F66BC438-SegmentedRaftLog:OPENED:c6,f7,i7, conf=6: [s0:0.0.0.0:42154, s1:0.0.0.0:36158, s2:0.0.0.0:36910], old=null RUNNING
  s2:  RUNNING  FOLLOWER s2@group-3D81F66BC438:t7, leader=s1, voted=null, raftlog=s2@group-3D81F66BC438-SegmentedRaftLog:OPENED:c5,f6,i6, conf=5: [s0:0.0.0.0:42154, s1:0.0.0.0:36158, s2:0.0.0.0:36910], old=null RUNNING
2019-09-24 11:59:28,916 WARN  ratis.RaftTestUtil (JavaUtils.java:attempt(158)) - FAILED "testChangeLeader-changeLeader", attempt #3/20: java.lang.IllegalStateException: Failed to change leader: newLeader == oldLeader == s1, sleep 100ms and then retry.
java.lang.IllegalStateException: Failed to change leader: newLeader == oldLeader == s1
	at org.apache.ratis.RaftTestUtil.lambda$changeLeader$7(RaftTestUtil.java:365)
	at org.apache.ratis.util.JavaUtils.attempt(JavaUtils.java:152)
	at org.apache.ratis.RaftTestUtil.changeLeader(RaftTestUtil.java:362)
	at org.apache.ratis.server.impl.LeaderElectionTests.testChangeLeader(LeaderElectionTests.java:81)
	at sun.reflect.NativeMethodAccessorImpl.invoke0(Native Method)
	at sun.reflect.NativeMethodAccessorImpl.invoke(NativeMethodAccessorImpl.java:62)
	at sun.reflect.DelegatingMethodAccessorImpl.invoke(DelegatingMethodAccessorImpl.java:43)
	at java.lang.reflect.Method.invoke(Method.java:498)
	at org.junit.runners.model.FrameworkMethod$1.runReflectiveCall(FrameworkMethod.java:50)
	at org.junit.internal.runners.model.ReflectiveCallable.run(ReflectiveCallable.java:12)
	at org.junit.runners.model.FrameworkMethod.invokeExplosively(FrameworkMethod.java:47)
	at org.junit.internal.runners.statements.InvokeMethod.evaluate(InvokeMethod.java:17)
	at org.junit.internal.runners.statements.RunAfters.evaluate(RunAfters.java:27)
	at org.junit.internal.runners.statements.FailOnTimeout$CallableStatement.call(FailOnTimeout.java:298)
	at org.junit.internal.runners.statements.FailOnTimeout$CallableStatement.call(FailOnTimeout.java:292)
	at java.util.concurrent.FutureTask.run(FutureTask.java:266)
	at java.lang.Thread.run(Thread.java:748)
2019-09-24 11:59:29,017 INFO  server.RaftServerConfigKeys (ConfUtils.java:logGet(43)) - raft.server.rpc.timeout.max = 300ms (default)
2019-09-24 11:59:29,017 INFO  ratis.RaftTestUtil (RaftTestUtil.java:waitForLeader(86)) - printing ALL groups
  s0:  RUNNING  FOLLOWER s0@group-3D81F66BC438:t7, leader=s1, voted=s1, raftlog=s0@group-3D81F66BC438-SegmentedRaftLog:OPENED:c1,f6,i6, conf=6: [s0:0.0.0.0:42154, s1:0.0.0.0:36158, s2:0.0.0.0:36910], old=null RUNNING
  s1:  RUNNING    LEADER s1@group-3D81F66BC438:t7, leader=s1, voted=s1, raftlog=s1@group-3D81F66BC438-SegmentedRaftLog:OPENED:c6,f7,i7, conf=6: [s0:0.0.0.0:42154, s1:0.0.0.0:36158, s2:0.0.0.0:36910], old=null RUNNING
  s2:  RUNNING  FOLLOWER s2@group-3D81F66BC438:t7, leader=s1, voted=null, raftlog=s2@group-3D81F66BC438-SegmentedRaftLog:OPENED:c5,f6,i6, conf=5: [s0:0.0.0.0:42154, s1:0.0.0.0:36158, s2:0.0.0.0:36910], old=null RUNNING
2019-09-24 11:59:29,018 INFO  ratis.RaftTestUtil (RaftTestUtil.java:waitForLeader(101)) - printing ALL groups
  s0:  RUNNING  FOLLOWER s0@group-3D81F66BC438:t7, leader=s1, voted=s1, raftlog=s0@group-3D81F66BC438-SegmentedRaftLog:OPENED:c1,f6,i6, conf=6: [s0:0.0.0.0:42154, s1:0.0.0.0:36158, s2:0.0.0.0:36910], old=null RUNNING
  s1:  RUNNING    LEADER s1@group-3D81F66BC438:t7, leader=s1, voted=s1, raftlog=s1@group-3D81F66BC438-SegmentedRaftLog:OPENED:c6,f7,i7, conf=6: [s0:0.0.0.0:42154, s1:0.0.0.0:36158, s2:0.0.0.0:36910], old=null RUNNING
  s2:  RUNNING  FOLLOWER s2@group-3D81F66BC438:t7, leader=s1, voted=null, raftlog=s2@group-3D81F66BC438-SegmentedRaftLog:OPENED:c5,f6,i6, conf=5: [s0:0.0.0.0:42154, s1:0.0.0.0:36158, s2:0.0.0.0:36910], old=null RUNNING
2019-09-24 11:59:29,018 WARN  ratis.RaftTestUtil (JavaUtils.java:attempt(158)) - FAILED "testChangeLeader-changeLeader", attempt #4/20: java.lang.IllegalStateException: Failed to change leader: newLeader == oldLeader == s1, sleep 100ms and then retry.
java.lang.IllegalStateException: Failed to change leader: newLeader == oldLeader == s1
	at org.apache.ratis.RaftTestUtil.lambda$changeLeader$7(RaftTestUtil.java:365)
	at org.apache.ratis.util.JavaUtils.attempt(JavaUtils.java:152)
	at org.apache.ratis.RaftTestUtil.changeLeader(RaftTestUtil.java:362)
	at org.apache.ratis.server.impl.LeaderElectionTests.testChangeLeader(LeaderElectionTests.java:81)
	at sun.reflect.NativeMethodAccessorImpl.invoke0(Native Method)
	at sun.reflect.NativeMethodAccessorImpl.invoke(NativeMethodAccessorImpl.java:62)
	at sun.reflect.DelegatingMethodAccessorImpl.invoke(DelegatingMethodAccessorImpl.java:43)
	at java.lang.reflect.Method.invoke(Method.java:498)
	at org.junit.runners.model.FrameworkMethod$1.runReflectiveCall(FrameworkMethod.java:50)
	at org.junit.internal.runners.model.ReflectiveCallable.run(ReflectiveCallable.java:12)
	at org.junit.runners.model.FrameworkMethod.invokeExplosively(FrameworkMethod.java:47)
	at org.junit.internal.runners.statements.InvokeMethod.evaluate(InvokeMethod.java:17)
	at org.junit.internal.runners.statements.RunAfters.evaluate(RunAfters.java:27)
	at org.junit.internal.runners.statements.FailOnTimeout$CallableStatement.call(FailOnTimeout.java:298)
	at org.junit.internal.runners.statements.FailOnTimeout$CallableStatement.call(FailOnTimeout.java:292)
	at java.util.concurrent.FutureTask.run(FutureTask.java:266)
	at java.lang.Thread.run(Thread.java:748)
2019-09-24 11:59:29,118 INFO  server.RaftServerConfigKeys (ConfUtils.java:logGet(43)) - raft.server.rpc.timeout.max = 300ms (default)
2019-09-24 11:59:29,119 INFO  ratis.RaftTestUtil (RaftTestUtil.java:waitForLeader(86)) - printing ALL groups
  s0:  RUNNING  FOLLOWER s0@group-3D81F66BC438:t7, leader=s1, voted=s1, raftlog=s0@group-3D81F66BC438-SegmentedRaftLog:OPENED:c1,f6,i6, conf=6: [s0:0.0.0.0:42154, s1:0.0.0.0:36158, s2:0.0.0.0:36910], old=null RUNNING
  s1:  RUNNING    LEADER s1@group-3D81F66BC438:t7, leader=s1, voted=s1, raftlog=s1@group-3D81F66BC438-SegmentedRaftLog:OPENED:c6,f7,i7, conf=6: [s0:0.0.0.0:42154, s1:0.0.0.0:36158, s2:0.0.0.0:36910], old=null RUNNING
  s2:  RUNNING  FOLLOWER s2@group-3D81F66BC438:t7, leader=s1, voted=null, raftlog=s2@group-3D81F66BC438-SegmentedRaftLog:OPENED:c5,f6,i6, conf=5: [s0:0.0.0.0:42154, s1:0.0.0.0:36158, s2:0.0.0.0:36910], old=null RUNNING
2019-09-24 11:59:29,119 INFO  ratis.RaftTestUtil (RaftTestUtil.java:waitForLeader(101)) - printing ALL groups
  s0:  RUNNING  FOLLOWER s0@group-3D81F66BC438:t7, leader=s1, voted=s1, raftlog=s0@group-3D81F66BC438-SegmentedRaftLog:OPENED:c1,f6,i6, conf=6: [s0:0.0.0.0:42154, s1:0.0.0.0:36158, s2:0.0.0.0:36910], old=null RUNNING
  s1:  RUNNING    LEADER s1@group-3D81F66BC438:t7, leader=s1, voted=s1, raftlog=s1@group-3D81F66BC438-SegmentedRaftLog:OPENED:c6,f7,i7, conf=6: [s0:0.0.0.0:42154, s1:0.0.0.0:36158, s2:0.0.0.0:36910], old=null RUNNING
  s2:  RUNNING  FOLLOWER s2@group-3D81F66BC438:t7, leader=s1, voted=null, raftlog=s2@group-3D81F66BC438-SegmentedRaftLog:OPENED:c5,f6,i6, conf=5: [s0:0.0.0.0:42154, s1:0.0.0.0:36158, s2:0.0.0.0:36910], old=null RUNNING
2019-09-24 11:59:29,119 WARN  ratis.RaftTestUtil (JavaUtils.java:attempt(158)) - FAILED "testChangeLeader-changeLeader", attempt #5/20: java.lang.IllegalStateException: Failed to change leader: newLeader == oldLeader == s1, sleep 100ms and then retry.
java.lang.IllegalStateException: Failed to change leader: newLeader == oldLeader == s1
	at org.apache.ratis.RaftTestUtil.lambda$changeLeader$7(RaftTestUtil.java:365)
	at org.apache.ratis.util.JavaUtils.attempt(JavaUtils.java:152)
	at org.apache.ratis.RaftTestUtil.changeLeader(RaftTestUtil.java:362)
	at org.apache.ratis.server.impl.LeaderElectionTests.testChangeLeader(LeaderElectionTests.java:81)
	at sun.reflect.NativeMethodAccessorImpl.invoke0(Native Method)
	at sun.reflect.NativeMethodAccessorImpl.invoke(NativeMethodAccessorImpl.java:62)
	at sun.reflect.DelegatingMethodAccessorImpl.invoke(DelegatingMethodAccessorImpl.java:43)
	at java.lang.reflect.Method.invoke(Method.java:498)
	at org.junit.runners.model.FrameworkMethod$1.runReflectiveCall(FrameworkMethod.java:50)
	at org.junit.internal.runners.model.ReflectiveCallable.run(ReflectiveCallable.java:12)
	at org.junit.runners.model.FrameworkMethod.invokeExplosively(FrameworkMethod.java:47)
	at org.junit.internal.runners.statements.InvokeMethod.evaluate(InvokeMethod.java:17)
	at org.junit.internal.runners.statements.RunAfters.evaluate(RunAfters.java:27)
	at org.junit.internal.runners.statements.FailOnTimeout$CallableStatement.call(FailOnTimeout.java:298)
	at org.junit.internal.runners.statements.FailOnTimeout$CallableStatement.call(FailOnTimeout.java:292)
	at java.util.concurrent.FutureTask.run(FutureTask.java:266)
	at java.lang.Thread.run(Thread.java:748)
2019-09-24 11:59:29,122 INFO  impl.FollowerState (FollowerState.java:run(108)) - s2@group-3D81F66BC438-FollowerState: change to CANDIDATE, lastRpcTime:444ms, electionTimeout:195ms
2019-09-24 11:59:29,122 INFO  impl.RoleInfo (RoleInfo.java:shutdownFollowerState(121)) - s2: shutdown FollowerState
2019-09-24 11:59:29,122 INFO  impl.RaftServerImpl (RaftServerImpl.java:setRole(170)) - s2@group-3D81F66BC438: changes role from  FOLLOWER to CANDIDATE at term 7 for changeToCandidate
2019-09-24 11:59:29,122 INFO  impl.RoleInfo (RoleInfo.java:updateAndGet(143)) - s2: start LeaderElection
2019-09-24 11:59:29,123 INFO  impl.RaftServerImpl (ServerState.java:setLeader(254)) - s2@group-3D81F66BC438: change Leader from s1 to null at term 7 for initElection
2019-09-24 11:59:29,137 INFO  impl.FollowerState (FollowerState.java:run(108)) - s0@group-3D81F66BC438-FollowerState: change to CANDIDATE, lastRpcTime:292ms, electionTimeout:209ms
2019-09-24 11:59:29,137 INFO  impl.RoleInfo (RoleInfo.java:shutdownFollowerState(121)) - s0: shutdown FollowerState
2019-09-24 11:59:29,137 INFO  impl.RaftServerImpl (RaftServerImpl.java:setRole(170)) - s0@group-3D81F66BC438: changes role from  FOLLOWER to CANDIDATE at term 7 for changeToCandidate
2019-09-24 11:59:29,137 INFO  impl.LeaderElection (LeaderElection.java:askForVotes(178)) - s2@group-3D81F66BC438-LeaderElection43: begin an election at term 8 for 5: [s0:0.0.0.0:42154, s1:0.0.0.0:36158, s2:0.0.0.0:36910], old=null
2019-09-24 11:59:29,137 INFO  impl.RoleInfo (RoleInfo.java:updateAndGet(143)) - s0: start LeaderElection
2019-09-24 11:59:29,138 INFO  impl.RaftServerImpl (ServerState.java:setLeader(254)) - s0@group-3D81F66BC438: change Leader from s1 to null at term 7 for initElection
2019-09-24 11:59:29,138 DEBUG impl.RaftServerImpl (RaftServerImpl.java:requestVote(743)) - s0@group-3D81F66BC438: receive requestVote(s2, group-3D81F66BC438, 8, (t:6, i:6))
2019-09-24 11:59:29,139 DEBUG impl.RaftServerImpl (RaftServerImpl.java:requestVote(743)) - s1@group-3D81F66BC438: receive requestVote(s2, group-3D81F66BC438, 8, (t:6, i:6))
2019-09-24 11:59:29,139 INFO  impl.RaftServerImpl (ServerState.java:setLeader(254)) - s1@group-3D81F66BC438: change Leader from s1 to null at term 8 for updateCurrentTerm
2019-09-24 11:59:29,139 INFO  impl.RaftServerImpl (RaftServerImpl.java:setRole(170)) - s1@group-3D81F66BC438: changes role from    LEADER to FOLLOWER at term 8 for recognizeCandidate:s2
2019-09-24 11:59:29,139 INFO  impl.RoleInfo (RoleInfo.java:shutdownLeaderState(104)) - s1: shutdown LeaderState
2019-09-24 11:59:29,140 INFO  impl.LogAppender (LogAppender.java:run(78)) - s1@group-3D81F66BC438->s2-LogAppender-AppenderDaemon was interrupted: java.io.InterruptedIOException: 
2019-09-24 11:59:29,140 INFO  impl.PendingRequests (PendingRequests.java:sendNotLeaderResponses(202)) - s1@group-3D81F66BC438-PendingRequests: sendNotLeaderResponses
2019-09-24 11:59:29,140 INFO  impl.LogAppender (LogAppender.java:run(78)) - s1@group-3D81F66BC438->s0-LogAppender-AppenderDaemon was interrupted: java.io.InterruptedIOException: 
2019-09-24 11:59:29,142 INFO  impl.RoleInfo (RoleInfo.java:updateAndGet(143)) - s1: start FollowerState
2019-09-24 11:59:29,172 INFO  impl.LeaderElection (LeaderElection.java:askForVotes(178)) - s0@group-3D81F66BC438-LeaderElection44: begin an election at term 8 for 6: [s0:0.0.0.0:42154, s1:0.0.0.0:36158, s2:0.0.0.0:36910], old=null
2019-09-24 11:59:29,172 DEBUG impl.RaftServerImpl (RaftServerImpl.java:requestVote(775)) - s0@group-3D81F66BC438 replies to vote request: s2<-s0#0:FAIL-t8. Peer's state: s0@group-3D81F66BC438:t8, leader=null, voted=s0, raftlog=s0@group-3D81F66BC438-SegmentedRaftLog:OPENED:c1,f6,i6, conf=6: [s0:0.0.0.0:42154, s1:0.0.0.0:36158, s2:0.0.0.0:36910], old=null
2019-09-24 11:59:29,172 DEBUG impl.RaftServerImpl (RaftServerImpl.java:requestVote(775)) - s1@group-3D81F66BC438 replies to vote request: s2<-s1#0:FAIL-t8. Peer's state: s1@group-3D81F66BC438:t8, leader=null, voted=null, raftlog=s1@group-3D81F66BC438-SegmentedRaftLog:OPENED:c6,f7,i7, conf=6: [s0:0.0.0.0:42154, s1:0.0.0.0:36158, s2:0.0.0.0:36910], old=null
2019-09-24 11:59:29,173 INFO  impl.LeaderElection (LeaderElection.java:logAndReturn(56)) - s2@group-3D81F66BC438-LeaderElection43: Election REJECTED; received 2 response(s) [s2<-s0#0:FAIL-t8, s2<-s1#0:FAIL-t8] and 0 exception(s); s2@group-3D81F66BC438:t8, leader=null, voted=s2, raftlog=s2@group-3D81F66BC438-SegmentedRaftLog:OPENED:c5,f6,i6, conf=5: [s0:0.0.0.0:42154, s1:0.0.0.0:36158, s2:0.0.0.0:36910], old=null
2019-09-24 11:59:29,173 DEBUG impl.RaftServerImpl (RaftServerImpl.java:requestVote(743)) - s1@group-3D81F66BC438: receive requestVote(s0, group-3D81F66BC438, 8, (t:7, i:6))
2019-09-24 11:59:29,174 DEBUG impl.RaftServerImpl (RaftServerImpl.java:requestVote(743)) - s2@group-3D81F66BC438: receive requestVote(s0, group-3D81F66BC438, 8, (t:7, i:6))
2019-09-24 11:59:29,174 INFO  impl.RaftServerImpl (RaftServerImpl.java:setRole(170)) - s2@group-3D81F66BC438: changes role from CANDIDATE to FOLLOWER at term 8 for DISCOVERED_A_NEW_TERM
2019-09-24 11:59:29,174 INFO  impl.RaftServerImpl (RaftServerImpl.java:setRole(170)) - s1@group-3D81F66BC438: changes role from  FOLLOWER to FOLLOWER at term 8 for recognizeCandidate:s0
2019-09-24 11:59:29,174 INFO  impl.RoleInfo (RoleInfo.java:shutdownLeaderElection(134)) - s2: shutdown LeaderElection
2019-09-24 11:59:29,174 INFO  impl.RoleInfo (RoleInfo.java:shutdownFollowerState(121)) - s1: shutdown FollowerState
2019-09-24 11:59:29,174 INFO  impl.RoleInfo (RoleInfo.java:updateAndGet(143)) - s2: start FollowerState
2019-09-24 11:59:29,175 INFO  impl.FollowerState (FollowerState.java:run(117)) - s1@group-3D81F66BC438-FollowerState was interrupted: java.lang.InterruptedException: sleep interrupted
2019-09-24 11:59:29,174 INFO  impl.RoleInfo (RoleInfo.java:updateAndGet(143)) - s1: start FollowerState
2019-09-24 11:59:29,175 DEBUG impl.RaftServerImpl (RaftServerImpl.java:requestVote(775)) - s2@group-3D81F66BC438 replies to vote request: s0<-s2#0:FAIL-t8. Peer's state: s2@group-3D81F66BC438:t8, leader=null, voted=s2, raftlog=s2@group-3D81F66BC438-SegmentedRaftLog:OPENED:c5,f6,i6, conf=5: [s0:0.0.0.0:42154, s1:0.0.0.0:36158, s2:0.0.0.0:36910], old=null
2019-09-24 11:59:29,175 DEBUG impl.RaftServerImpl (RaftServerImpl.java:requestVote(775)) - s1@group-3D81F66BC438 replies to vote request: s0<-s1#0:FAIL-t8. Peer's state: s1@group-3D81F66BC438:t8, leader=null, voted=null, raftlog=s1@group-3D81F66BC438-SegmentedRaftLog:OPENED:c6,f7,i7, conf=6: [s0:0.0.0.0:42154, s1:0.0.0.0:36158, s2:0.0.0.0:36910], old=null
2019-09-24 11:59:29,176 INFO  impl.LeaderElection (LeaderElection.java:logAndReturn(56)) - s0@group-3D81F66BC438-LeaderElection44: Election REJECTED; received 2 response(s) [s0<-s1#0:FAIL-t8, s0<-s2#0:FAIL-t8] and 0 exception(s); s0@group-3D81F66BC438:t8, leader=null, voted=s0, raftlog=s0@group-3D81F66BC438-SegmentedRaftLog:OPENED:c1,f6,i6, conf=6: [s0:0.0.0.0:42154, s1:0.0.0.0:36158, s2:0.0.0.0:36910], old=null
2019-09-24 11:59:29,176 INFO  impl.RaftServerImpl (RaftServerImpl.java:setRole(170)) - s0@group-3D81F66BC438: changes role from CANDIDATE to FOLLOWER at term 8 for DISCOVERED_A_NEW_TERM
2019-09-24 11:59:29,176 INFO  impl.RoleInfo (RoleInfo.java:shutdownLeaderElection(134)) - s0: shutdown LeaderElection
2019-09-24 11:59:29,176 INFO  impl.RoleInfo (RoleInfo.java:updateAndGet(143)) - s0: start FollowerState
2019-09-24 11:59:29,220 INFO  server.RaftServerConfigKeys (ConfUtils.java:logGet(43)) - raft.server.rpc.timeout.max = 300ms (default)
2019-09-24 11:59:29,220 INFO  ratis.RaftTestUtil (RaftTestUtil.java:waitForLeader(86)) - printing ALL groups
  s0:  RUNNING  FOLLOWER s0@group-3D81F66BC438:t8, leader=null, voted=s0, raftlog=s0@group-3D81F66BC438-SegmentedRaftLog:OPENED:c1,f6,i6, conf=6: [s0:0.0.0.0:42154, s1:0.0.0.0:36158, s2:0.0.0.0:36910], old=null RUNNING
  s1:  RUNNING  FOLLOWER s1@group-3D81F66BC438:t8, leader=null, voted=null, raftlog=s1@group-3D81F66BC438-SegmentedRaftLog:OPENED:c6,f7,i7, conf=6: [s0:0.0.0.0:42154, s1:0.0.0.0:36158, s2:0.0.0.0:36910], old=null RUNNING
  s2:  RUNNING  FOLLOWER s2@group-3D81F66BC438:t8, leader=null, voted=s2, raftlog=s2@group-3D81F66BC438-SegmentedRaftLog:OPENED:c5,f6,i6, conf=5: [s0:0.0.0.0:42154, s1:0.0.0.0:36158, s2:0.0.0.0:36910], old=null RUNNING
2019-09-24 11:59:29,221 WARN  ratis.RaftTestUtil (JavaUtils.java:attempt(158)) - FAILED "waitForLeader-null-(expectLeader? true)", attempt #1/100: java.lang.IllegalStateException: No leader yet : printing ALL groups
  s0:  RUNNING  FOLLOWER s0@group-3D81F66BC438:t8, leader=null, voted=s0, raftlog=s0@group-3D81F66BC438-SegmentedRaftLog:OPENED:c1,f6,i6, conf=6: [s0:0.0.0.0:42154, s1:0.0.0.0:36158, s2:0.0.0.0:36910], old=null RUNNING
  s1:  RUNNING  FOLLOWER s1@group-3D81F66BC438:t8, leader=null, voted=null, raftlog=s1@group-3D81F66BC438-SegmentedRaftLog:OPENED:c6,f7,i7, conf=6: [s0:0.0.0.0:42154, s1:0.0.0.0:36158, s2:0.0.0.0:36910], old=null RUNNING
  s2:  RUNNING  FOLLOWER s2@group-3D81F66BC438:t8, leader=null, voted=s2, raftlog=s2@group-3D81F66BC438-SegmentedRaftLog:OPENED:c5,f6,i6, conf=5: [s0:0.0.0.0:42154, s1:0.0.0.0:36158, s2:0.0.0.0:36910], old=null RUNNING, sleep 450ms and then retry.
java.lang.IllegalStateException: No leader yet : printing ALL groups
  s0:  RUNNING  FOLLOWER s0@group-3D81F66BC438:t8, leader=null, voted=s0, raftlog=s0@group-3D81F66BC438-SegmentedRaftLog:OPENED:c1,f6,i6, conf=6: [s0:0.0.0.0:42154, s1:0.0.0.0:36158, s2:0.0.0.0:36910], old=null RUNNING
  s1:  RUNNING  FOLLOWER s1@group-3D81F66BC438:t8, leader=null, voted=null, raftlog=s1@group-3D81F66BC438-SegmentedRaftLog:OPENED:c6,f7,i7, conf=6: [s0:0.0.0.0:42154, s1:0.0.0.0:36158, s2:0.0.0.0:36910], old=null RUNNING
  s2:  RUNNING  FOLLOWER s2@group-3D81F66BC438:t8, leader=null, voted=s2, raftlog=s2@group-3D81F66BC438-SegmentedRaftLog:OPENED:c5,f6,i6, conf=5: [s0:0.0.0.0:42154, s1:0.0.0.0:36158, s2:0.0.0.0:36910], old=null RUNNING
	at org.apache.ratis.MiniRaftCluster.newIllegalStateExceptionForNoLeaders(MiniRaftCluster.java:506)
	at org.apache.ratis.RaftTestUtil.lambda$waitForLeader$1(RaftTestUtil.java:90)
	at org.apache.ratis.MiniRaftCluster.getLeader(MiniRaftCluster.java:539)
	at org.apache.ratis.MiniRaftCluster.getLeader(MiniRaftCluster.java:532)
	at org.apache.ratis.RaftTestUtil.lambda$waitForLeader$3(RaftTestUtil.java:98)
	at org.apache.ratis.util.JavaUtils.attempt(JavaUtils.java:152)
	at org.apache.ratis.RaftTestUtil.waitForLeader(RaftTestUtil.java:97)
	at org.apache.ratis.RaftTestUtil.waitForLeader(RaftTestUtil.java:77)
	at org.apache.ratis.RaftTestUtil.waitForLeader(RaftTestUtil.java:72)
	at org.apache.ratis.RaftTestUtil.lambda$changeLeader$7(RaftTestUtil.java:363)
	at org.apache.ratis.util.JavaUtils.attempt(JavaUtils.java:152)
	at org.apache.ratis.RaftTestUtil.changeLeader(RaftTestUtil.java:362)
	at org.apache.ratis.server.impl.LeaderElectionTests.testChangeLeader(LeaderElectionTests.java:81)
	at sun.reflect.NativeMethodAccessorImpl.invoke0(Native Method)
	at sun.reflect.NativeMethodAccessorImpl.invoke(NativeMethodAccessorImpl.java:62)
	at sun.reflect.DelegatingMethodAccessorImpl.invoke(DelegatingMethodAccessorImpl.java:43)
	at java.lang.reflect.Method.invoke(Method.java:498)
	at org.junit.runners.model.FrameworkMethod$1.runReflectiveCall(FrameworkMethod.java:50)
	at org.junit.internal.runners.model.ReflectiveCallable.run(ReflectiveCallable.java:12)
	at org.junit.runners.model.FrameworkMethod.invokeExplosively(FrameworkMethod.java:47)
	at org.junit.internal.runners.statements.InvokeMethod.evaluate(InvokeMethod.java:17)
	at org.junit.internal.runners.statements.RunAfters.evaluate(RunAfters.java:27)
	at org.junit.internal.runners.statements.FailOnTimeout$CallableStatement.call(FailOnTimeout.java:298)
	at org.junit.internal.runners.statements.FailOnTimeout$CallableStatement.call(FailOnTimeout.java:292)
	at java.util.concurrent.FutureTask.run(FutureTask.java:266)
	at java.lang.Thread.run(Thread.java:748)
2019-09-24 11:59:29,333 INFO  impl.FollowerState (FollowerState.java:run(108)) - s0@group-3D81F66BC438-FollowerState: change to CANDIDATE, lastRpcTime:156ms, electionTimeout:156ms
2019-09-24 11:59:29,333 INFO  impl.RoleInfo (RoleInfo.java:shutdownFollowerState(121)) - s0: shutdown FollowerState
2019-09-24 11:59:29,333 INFO  impl.RaftServerImpl (RaftServerImpl.java:setRole(170)) - s0@group-3D81F66BC438: changes role from  FOLLOWER to CANDIDATE at term 8 for changeToCandidate
2019-09-24 11:59:29,333 INFO  impl.RoleInfo (RoleInfo.java:updateAndGet(143)) - s0: start LeaderElection
2019-09-24 11:59:29,359 INFO  impl.LeaderElection (LeaderElection.java:askForVotes(178)) - s0@group-3D81F66BC438-LeaderElection45: begin an election at term 9 for 6: [s0:0.0.0.0:42154, s1:0.0.0.0:36158, s2:0.0.0.0:36910], old=null
2019-09-24 11:59:29,360 DEBUG impl.RaftServerImpl (RaftServerImpl.java:requestVote(743)) - s1@group-3D81F66BC438: receive requestVote(s0, group-3D81F66BC438, 9, (t:7, i:6))
2019-09-24 11:59:29,360 INFO  impl.RaftServerImpl (RaftServerImpl.java:setRole(170)) - s1@group-3D81F66BC438: changes role from  FOLLOWER to FOLLOWER at term 9 for recognizeCandidate:s0
2019-09-24 11:59:29,360 DEBUG impl.RaftServerImpl (RaftServerImpl.java:requestVote(743)) - s2@group-3D81F66BC438: receive requestVote(s0, group-3D81F66BC438, 9, (t:7, i:6))
2019-09-24 11:59:29,360 INFO  impl.RoleInfo (RoleInfo.java:shutdownFollowerState(121)) - s1: shutdown FollowerState
2019-09-24 11:59:29,360 INFO  impl.RaftServerImpl (RaftServerImpl.java:setRole(170)) - s2@group-3D81F66BC438: changes role from  FOLLOWER to FOLLOWER at term 9 for recognizeCandidate:s0
2019-09-24 11:59:29,361 INFO  impl.FollowerState (FollowerState.java:run(117)) - s1@group-3D81F66BC438-FollowerState was interrupted: java.lang.InterruptedException: sleep interrupted
2019-09-24 11:59:29,360 INFO  impl.RoleInfo (RoleInfo.java:updateAndGet(143)) - s1: start FollowerState
2019-09-24 11:59:29,361 INFO  impl.RoleInfo (RoleInfo.java:shutdownFollowerState(121)) - s2: shutdown FollowerState
2019-09-24 11:59:29,361 INFO  impl.RoleInfo (RoleInfo.java:updateAndGet(143)) - s2: start FollowerState
2019-09-24 11:59:29,361 INFO  impl.FollowerState (FollowerState.java:run(117)) - s2@group-3D81F66BC438-FollowerState was interrupted: java.lang.InterruptedException: sleep interrupted
2019-09-24 11:59:29,377 DEBUG impl.RaftServerImpl (RaftServerImpl.java:requestVote(775)) - s2@group-3D81F66BC438 replies to vote request: s0<-s2#0:OK-t9. Peer's state: s2@group-3D81F66BC438:t9, leader=null, voted=s0, raftlog=s2@group-3D81F66BC438-SegmentedRaftLog:OPENED:c5,f6,i6, conf=5: [s0:0.0.0.0:42154, s1:0.0.0.0:36158, s2:0.0.0.0:36910], old=null
2019-09-24 11:59:29,377 DEBUG impl.RaftServerImpl (RaftServerImpl.java:requestVote(775)) - s1@group-3D81F66BC438 replies to vote request: s0<-s1#0:FAIL-t9. Peer's state: s1@group-3D81F66BC438:t9, leader=null, voted=null, raftlog=s1@group-3D81F66BC438-SegmentedRaftLog:OPENED:c6,f7,i7, conf=6: [s0:0.0.0.0:42154, s1:0.0.0.0:36158, s2:0.0.0.0:36910], old=null
2019-09-24 11:59:29,377 INFO  impl.LeaderElection (LeaderElection.java:logAndReturn(56)) - s0@group-3D81F66BC438-LeaderElection45: Election PASSED; received 1 response(s) [s0<-s2#0:OK-t9] and 0 exception(s); s0@group-3D81F66BC438:t9, leader=null, voted=s0, raftlog=s0@group-3D81F66BC438-SegmentedRaftLog:OPENED:c1,f6,i6, conf=6: [s0:0.0.0.0:42154, s1:0.0.0.0:36158, s2:0.0.0.0:36910], old=null
2019-09-24 11:59:29,377 INFO  impl.RoleInfo (RoleInfo.java:shutdownLeaderElection(134)) - s0: shutdown LeaderElection
2019-09-24 11:59:29,378 INFO  impl.RaftServerImpl (RaftServerImpl.java:setRole(170)) - s0@group-3D81F66BC438: changes role from CANDIDATE to LEADER at term 9 for changeToLeader
2019-09-24 11:59:29,378 INFO  impl.RaftServerImpl (ServerState.java:setLeader(254)) - s0@group-3D81F66BC438: change Leader from null to s0 at term 9 for becomeLeader, leader elected after 239ms
2019-09-24 11:59:29,378 INFO  server.RaftServerConfigKeys (ConfUtils.java:logGet(43)) - raft.server.staging.catchup.gap = 1000 (default)
2019-09-24 11:59:29,378 INFO  server.RaftServerConfigKeys (ConfUtils.java:logGet(43)) - raft.server.rpc.sleep.time = 25ms (default)
2019-09-24 11:59:29,378 INFO  server.RaftServerConfigKeys (ConfUtils.java:logGet(43)) - raft.server.write.element-limit = 4096 (default)
2019-09-24 11:59:29,378 INFO  server.RaftServerConfigKeys (ConfUtils.java:logGet(43)) - raft.server.watch.timeout = 10s (default)
2019-09-24 11:59:29,379 INFO  server.RaftServerConfigKeys (ConfUtils.java:logGet(43)) - raft.server.watch.timeout.denomination = 1s (default)
2019-09-24 11:59:29,379 INFO  server.RaftServerConfigKeys (ConfUtils.java:logGet(43)) - raft.server.watch.element-limit = 65536 (default)
2019-09-24 11:59:29,379 INFO  server.RaftServerConfigKeys (ConfUtils.java:logGet(43)) - raft.server.log.appender.snapshot.chunk.size.max = 16MB (=16777216) (default)
2019-09-24 11:59:29,379 INFO  server.RaftServerConfigKeys (ConfUtils.java:logGet(43)) - raft.server.log.appender.buffer.byte-limit = 4MB (=4194304) (default)
2019-09-24 11:59:29,380 INFO  server.RaftServerConfigKeys (ConfUtils.java:logGet(43)) - raft.server.log.appender.buffer.element-limit = 0 (default)
2019-09-24 11:59:29,380 INFO  server.RaftServerConfigKeys (ConfUtils.java:logGet(43)) - raft.server.log.appender.snapshot.chunk.size.max = 16MB (=16777216) (default)
2019-09-24 11:59:29,380 INFO  server.RaftServerConfigKeys (ConfUtils.java:logGet(43)) - raft.server.log.appender.buffer.byte-limit = 4MB (=4194304) (default)
2019-09-24 11:59:29,380 INFO  server.RaftServerConfigKeys (ConfUtils.java:logGet(43)) - raft.server.log.appender.buffer.element-limit = 0 (default)
2019-09-24 11:59:29,381 INFO  impl.RoleInfo (RoleInfo.java:updateAndGet(143)) - s0: start LeaderState
2019-09-24 11:59:29,381 INFO  segmented.SegmentedRaftLogWorker (SegmentedRaftLogWorker.java:rollLogSegment(385)) - s0@group-3D81F66BC438-SegmentedRaftLogWorker: Rolling segment log-6_6 to index:6
2019-09-24 11:59:29,381 DEBUG segmented.SegmentedRaftLogWorker (SegmentedRaftLogWorker.java:addIOTask(251)) - s0@group-3D81F66BC438-SegmentedRaftLogWorker adds IO task FinalizeLogSegment:6: startIndex=6 endIndex=6
2019-09-24 11:59:29,381 DEBUG segmented.SegmentedRaftLogWorker (SegmentedRaftLogWorker.java:addIOTask(251)) - s0@group-3D81F66BC438-SegmentedRaftLogWorker adds IO task StartLogSegment:7
2019-09-24 11:59:29,382 DEBUG segmented.SegmentedRaftLogWorker (SegmentedRaftLogWorker.java:addIOTask(251)) - s0@group-3D81F66BC438-SegmentedRaftLogWorker adds IO task WriteLog:7: (t:9, i:7), CONFIGURATIONENTRY
2019-09-24 11:59:29,383 INFO  impl.RaftServerImpl (ServerState.java:setRaftConf(355)) - s0@group-3D81F66BC438: set configuration 7: [s0:0.0.0.0:42154, s1:0.0.0.0:36158, s2:0.0.0.0:36910], old=null at 7
2019-09-24 11:59:29,383 INFO  impl.RaftServerImpl (ServerState.java:setLeader(254)) - s1@group-3D81F66BC438: change Leader from null to s0 at term 9 for appendEntries, leader elected after 243ms
2019-09-24 11:59:29,383 INFO  impl.RaftServerImpl (ServerState.java:setLeader(254)) - s2@group-3D81F66BC438: change Leader from null to s0 at term 9 for appendEntries, leader elected after 259ms
2019-09-24 11:59:29,383 INFO  impl.RaftServerImpl (RaftServerImpl.java:checkInconsistentAppendEntries(999)) - s2@group-3D81F66BC438: Failed appendEntries as previous log entry ((t:7, i:6)) is not found
2019-09-24 11:59:29,383 INFO  impl.RaftServerImpl (RaftServerImpl.java:checkInconsistentAppendEntries(972)) - s2@group-3D81F66BC438: inconsistency entries. Reply:s0<-s2#0:FAIL,INCONSISTENCY,nextIndex:6,term:9,followerCommit:5
2019-09-24 11:59:29,384 INFO  impl.FollowerInfo (FollowerInfo.java:lambda$new$0(51)) - s0@group-3D81F66BC438->s2: nextIndex: updateUnconditionally 7 -> 6
2019-09-24 11:59:29,384 TRACE util.FileUtils (LogUtils.java:runAndLog(61)) - Successfully ran Files.move /workdir/ratis-test/target/test/data/1630e404/MiniRaftClusterWithSimulatedRpcecb8161c/s0/20b5bf50-abb9-421f-8107-3d81f66bc438/current/log_inprogress_6 to /workdir/ratis-test/target/test/data/1630e404/MiniRaftClusterWithSimulatedRpcecb8161c/s0/20b5bf50-abb9-421f-8107-3d81f66bc438/current/log_6-6
2019-09-24 11:59:29,385 INFO  segmented.SegmentedRaftLogWorker (SegmentedRaftLogWorker.java:execute(526)) - s0@group-3D81F66BC438-SegmentedRaftLogWorker: Rolled log segment from /workdir/ratis-test/target/test/data/1630e404/MiniRaftClusterWithSimulatedRpcecb8161c/s0/20b5bf50-abb9-421f-8107-3d81f66bc438/current/log_inprogress_6 to /workdir/ratis-test/target/test/data/1630e404/MiniRaftClusterWithSimulatedRpcecb8161c/s0/20b5bf50-abb9-421f-8107-3d81f66bc438/current/log_6-6
2019-09-24 11:59:29,385 TRACE segmented.SegmentedRaftLogWorker (SegmentedRaftLogWorker.java:lambda$new$1(133)) - s0@group-3D81F66BC438-SegmentedRaftLogWorker: flushIndex: updateIncreasingly 6 -> 6
2019-09-24 11:59:29,385 DEBUG impl.RaftServerImpl (RaftServerImpl.java:logAppendEntries(850)) - s2@group-3D81F66BC438: receive appendEntries(s0, 9, (t:6, i:5), 1, false, commits[s0:c1, s1:c6, s2:c5], entries: [(t:7, i:6), CONFIGURATIONENTRY, (t:9, i:7), CONFIGURATIONENTRY]
2019-09-24 11:59:29,385 INFO  impl.RaftServerImpl (ServerState.java:setRaftConf(355)) - s2@group-3D81F66BC438: set configuration 6: [s0:0.0.0.0:42154, s1:0.0.0.0:36158, s2:0.0.0.0:36910], old=null at 6
2019-09-24 11:59:29,385 INFO  impl.RaftServerImpl (ServerState.java:setRaftConf(355)) - s2@group-3D81F66BC438: set configuration 7: [s0:0.0.0.0:42154, s1:0.0.0.0:36158, s2:0.0.0.0:36910], old=null at 7
2019-09-24 11:59:29,386 INFO  segmented.SegmentedRaftLogWorker (SegmentedRaftLogWorker.java:truncate(396)) - s2@group-3D81F66BC438-SegmentedRaftLogWorker: Truncating segments toTruncate: (5, 6) isOpen? true, length=82, newEndIndex=5
  toDelete: [], start index 6
2019-09-24 11:59:29,386 DEBUG segmented.SegmentedRaftLogWorker (SegmentedRaftLogWorker.java:addIOTask(251)) - s2@group-3D81F66BC438-SegmentedRaftLogWorker adds IO task TruncateLog:5: toTruncate: (5, 6) isOpen? true, length=82, newEndIndex=5
  toDelete: []
2019-09-24 11:59:29,386 INFO  segmented.SegmentedRaftLogWorker (SegmentedRaftLogWorker.java:startLogSegment(380)) - s2@group-3D81F66BC438-SegmentedRaftLogWorker: Starting segment from index:6
2019-09-24 11:59:29,386 DEBUG segmented.SegmentedRaftLogWorker (SegmentedRaftLogWorker.java:addIOTask(251)) - s2@group-3D81F66BC438-SegmentedRaftLogWorker adds IO task StartLogSegment:6
2019-09-24 11:59:29,387 DEBUG segmented.SegmentedRaftLogWorker (SegmentedRaftLogWorker.java:addIOTask(251)) - s2@group-3D81F66BC438-SegmentedRaftLogWorker adds IO task WriteLog:6: (t:7, i:6), CONFIGURATIONENTRY
2019-09-24 11:59:29,387 INFO  segmented.SegmentedRaftLogWorker (SegmentedRaftLogWorker.java:rollLogSegment(385)) - s2@group-3D81F66BC438-SegmentedRaftLogWorker: Rolling segment log-6_6 to index:6
2019-09-24 11:59:29,387 DEBUG segmented.SegmentedRaftLogWorker (SegmentedRaftLogWorker.java:addIOTask(251)) - s2@group-3D81F66BC438-SegmentedRaftLogWorker adds IO task FinalizeLogSegment:6: startIndex=6 endIndex=6
2019-09-24 11:59:29,387 DEBUG segmented.SegmentedRaftLogWorker (SegmentedRaftLogWorker.java:addIOTask(251)) - s2@group-3D81F66BC438-SegmentedRaftLogWorker adds IO task StartLogSegment:7
2019-09-24 11:59:29,387 DEBUG segmented.SegmentedRaftLogWorker (SegmentedRaftLogWorker.java:addIOTask(251)) - s2@group-3D81F66BC438-SegmentedRaftLogWorker adds IO task WriteLog:7: (t:9, i:7), CONFIGURATIONENTRY
2019-09-24 11:59:29,389 TRACE util.FileUtils (LogUtils.java:runAndLog(61)) - Successfully ran FileOutputStream.getChannel().truncate /workdir/ratis-test/target/test/data/1630e404/MiniRaftClusterWithSimulatedRpcecb8161c/s2/20b5bf50-abb9-421f-8107-3d81f66bc438/current/log_inprogress_5 length: 95 -> 82
2019-09-24 11:59:29,389 TRACE util.FileUtils (LogUtils.java:runAndLog(61)) - Successfully ran Files.move /workdir/ratis-test/target/test/data/1630e404/MiniRaftClusterWithSimulatedRpcecb8161c/s2/20b5bf50-abb9-421f-8107-3d81f66bc438/current/log_inprogress_5 to /workdir/ratis-test/target/test/data/1630e404/MiniRaftClusterWithSimulatedRpcecb8161c/s2/20b5bf50-abb9-421f-8107-3d81f66bc438/current/log_5-5
2019-09-24 11:59:29,389 INFO  segmented.SegmentedRaftLogWorker (SegmentedRaftLogWorker.java:execute(614)) - s2@group-3D81F66BC438-SegmentedRaftLogWorker: Truncated log file /workdir/ratis-test/target/test/data/1630e404/MiniRaftClusterWithSimulatedRpcecb8161c/s2/20b5bf50-abb9-421f-8107-3d81f66bc438/current/log_inprogress_5 to length 82 and moved it to /workdir/ratis-test/target/test/data/1630e404/MiniRaftClusterWithSimulatedRpcecb8161c/s2/20b5bf50-abb9-421f-8107-3d81f66bc438/current/log_5-5
2019-09-24 11:59:29,389 INFO  segmented.SegmentedRaftLogWorker (SegmentedRaftLogWorker.java:lambda$new$0(132)) - s2@group-3D81F66BC438-SegmentedRaftLogWorker: flushIndex: setUnconditionally 6 -> 5
2019-09-24 11:59:29,459 INFO  impl.RaftServerImpl (RaftServerImpl.java:checkInconsistentAppendEntries(999)) - s1@group-3D81F66BC438: Failed appendEntries as previous log entry ((t:9, i:7)) is not found
2019-09-24 11:59:29,459 INFO  impl.RaftServerImpl (RaftServerImpl.java:checkInconsistentAppendEntries(972)) - s1@group-3D81F66BC438: inconsistency entries. Reply:s0<-s1#0:FAIL,INCONSISTENCY,nextIndex:7,term:9,followerCommit:6
2019-09-24 11:59:29,459 INFO  impl.FollowerInfo (FollowerInfo.java:lambda$new$0(51)) - s0@group-3D81F66BC438->s1: nextIndex: updateUnconditionally 8 -> 7
2019-09-24 11:59:29,460 DEBUG impl.RaftServerImpl (RaftServerImpl.java:logAppendEntries(850)) - s1@group-3D81F66BC438: receive appendEntries(s0, 9, (t:7, i:6), 1, false, commits[s0:c1, s1:c6, s2:c5], entries: (t:9, i:7), CONFIGURATIONENTRY
2019-09-24 11:59:29,460 INFO  impl.RaftServerImpl (ServerState.java:setRaftConf(355)) - s1@group-3D81F66BC438: set configuration 7: [s0:0.0.0.0:42154, s1:0.0.0.0:36158, s2:0.0.0.0:36910], old=null at 7
2019-09-24 11:59:29,461 INFO  segmented.SegmentedRaftLogWorker (SegmentedRaftLogWorker.java:truncate(396)) - s1@group-3D81F66BC438-SegmentedRaftLogWorker: Truncating segments toTruncate: (6, 7) isOpen? true, length=82, newEndIndex=6
  toDelete: [], start index 7
2019-09-24 11:59:29,461 DEBUG segmented.SegmentedRaftLogWorker (SegmentedRaftLogWorker.java:addIOTask(251)) - s1@group-3D81F66BC438-SegmentedRaftLogWorker adds IO task TruncateLog:6: toTruncate: (6, 7) isOpen? true, length=82, newEndIndex=6
  toDelete: []
2019-09-24 11:59:29,461 INFO  segmented.SegmentedRaftLogWorker (SegmentedRaftLogWorker.java:startLogSegment(380)) - s1@group-3D81F66BC438-SegmentedRaftLogWorker: Starting segment from index:7
2019-09-24 11:59:29,461 DEBUG segmented.SegmentedRaftLogWorker (SegmentedRaftLogWorker.java:addIOTask(251)) - s1@group-3D81F66BC438-SegmentedRaftLogWorker adds IO task StartLogSegment:7
2019-09-24 11:59:29,462 DEBUG segmented.SegmentedRaftLogWorker (SegmentedRaftLogWorker.java:addIOTask(251)) - s1@group-3D81F66BC438-SegmentedRaftLogWorker adds IO task WriteLog:7: (t:9, i:7), CONFIGURATIONENTRY
2019-09-24 11:59:29,470 TRACE util.FileUtils (LogUtils.java:runAndLog(61)) - Successfully ran FileOutputStream.getChannel().truncate /workdir/ratis-test/target/test/data/1630e404/MiniRaftClusterWithSimulatedRpcecb8161c/s1/20b5bf50-abb9-421f-8107-3d81f66bc438/current/log_inprogress_6 length: 95 -> 82
2019-09-24 11:59:29,470 TRACE util.FileUtils (LogUtils.java:runAndLog(61)) - Successfully ran Files.move /workdir/ratis-test/target/test/data/1630e404/MiniRaftClusterWithSimulatedRpcecb8161c/s1/20b5bf50-abb9-421f-8107-3d81f66bc438/current/log_inprogress_6 to /workdir/ratis-test/target/test/data/1630e404/MiniRaftClusterWithSimulatedRpcecb8161c/s1/20b5bf50-abb9-421f-8107-3d81f66bc438/current/log_6-6
2019-09-24 11:59:29,471 INFO  segmented.SegmentedRaftLogWorker (SegmentedRaftLogWorker.java:execute(614)) - s1@group-3D81F66BC438-SegmentedRaftLogWorker: Truncated log file /workdir/ratis-test/target/test/data/1630e404/MiniRaftClusterWithSimulatedRpcecb8161c/s1/20b5bf50-abb9-421f-8107-3d81f66bc438/current/log_inprogress_6 to length 82 and moved it to /workdir/ratis-test/target/test/data/1630e404/MiniRaftClusterWithSimulatedRpcecb8161c/s1/20b5bf50-abb9-421f-8107-3d81f66bc438/current/log_6-6
2019-09-24 11:59:29,471 INFO  segmented.SegmentedRaftLogWorker (SegmentedRaftLogWorker.java:lambda$new$0(132)) - s1@group-3D81F66BC438-SegmentedRaftLogWorker: flushIndex: setUnconditionally 7 -> 6
2019-09-24 11:59:29,519 INFO  segmented.SegmentedRaftLogWorker (SegmentedRaftLogWorker.java:execute(569)) - s2@group-3D81F66BC438-SegmentedRaftLogWorker: created new log segment /workdir/ratis-test/target/test/data/1630e404/MiniRaftClusterWithSimulatedRpcecb8161c/s2/20b5bf50-abb9-421f-8107-3d81f66bc438/current/log_inprogress_6
2019-09-24 11:59:29,519 INFO  segmented.SegmentedRaftLogWorker (SegmentedRaftLogWorker.java:execute(569)) - s0@group-3D81F66BC438-SegmentedRaftLogWorker: created new log segment /workdir/ratis-test/target/test/data/1630e404/MiniRaftClusterWithSimulatedRpcecb8161c/s0/20b5bf50-abb9-421f-8107-3d81f66bc438/current/log_inprogress_7
2019-09-24 11:59:29,520 DEBUG segmented.SegmentedRaftLogWorker (SegmentedRaftLogWorker.java:flushWrites(340)) - s0@group-3D81F66BC438-SegmentedRaftLogWorker: flush SegmentedRaftLogOutputStream(/workdir/ratis-test/target/test/data/1630e404/MiniRaftClusterWithSimulatedRpcecb8161c/s0/20b5bf50-abb9-421f-8107-3d81f66bc438/current/log_inprogress_7)
2019-09-24 11:59:29,531 TRACE segmented.SegmentedRaftLogWorker (SegmentedRaftLogWorker.java:lambda$new$1(133)) - s0@group-3D81F66BC438-SegmentedRaftLogWorker: flushIndex: updateIncreasingly 6 -> 7
2019-09-24 11:59:29,533 DEBUG segmented.SegmentedRaftLogWorker (SegmentedRaftLogWorker.java:addIOTask(251)) - s0@group-3D81F66BC438-SegmentedRaftLogWorker adds IO task WriteLog:8: (t:9, i:8), METADATAENTRY(c7)
2019-09-24 11:59:29,533 TRACE util.FileUtils (LogUtils.java:runAndLog(61)) - Successfully ran Files.move /workdir/ratis-test/target/test/data/1630e404/MiniRaftClusterWithSimulatedRpcecb8161c/s2/20b5bf50-abb9-421f-8107-3d81f66bc438/current/log_inprogress_6 to /workdir/ratis-test/target/test/data/1630e404/MiniRaftClusterWithSimulatedRpcecb8161c/s2/20b5bf50-abb9-421f-8107-3d81f66bc438/current/log_6-6
2019-09-24 11:59:29,533 DEBUG segmented.SegmentedRaftLogWorker (SegmentedRaftLogWorker.java:flushWrites(340)) - s0@group-3D81F66BC438-SegmentedRaftLogWorker: flush SegmentedRaftLogOutputStream(/workdir/ratis-test/target/test/data/1630e404/MiniRaftClusterWithSimulatedRpcecb8161c/s0/20b5bf50-abb9-421f-8107-3d81f66bc438/current/log_inprogress_7)
2019-09-24 11:59:29,535 INFO  segmented.SegmentedRaftLogWorker (SegmentedRaftLogWorker.java:execute(526)) - s2@group-3D81F66BC438-SegmentedRaftLogWorker: Rolled log segment from /workdir/ratis-test/target/test/data/1630e404/MiniRaftClusterWithSimulatedRpcecb8161c/s2/20b5bf50-abb9-421f-8107-3d81f66bc438/current/log_inprogress_6 to /workdir/ratis-test/target/test/data/1630e404/MiniRaftClusterWithSimulatedRpcecb8161c/s2/20b5bf50-abb9-421f-8107-3d81f66bc438/current/log_6-6
2019-09-24 11:59:29,535 TRACE segmented.SegmentedRaftLogWorker (SegmentedRaftLogWorker.java:lambda$new$1(133)) - s2@group-3D81F66BC438-SegmentedRaftLogWorker: flushIndex: updateIncreasingly 5 -> 6
2019-09-24 11:59:29,577 TRACE segmented.SegmentedRaftLogWorker (SegmentedRaftLogWorker.java:lambda$new$1(133)) - s0@group-3D81F66BC438-SegmentedRaftLogWorker: flushIndex: updateIncreasingly 7 -> 8
2019-09-24 11:59:29,664 INFO  segmented.SegmentedRaftLogWorker (SegmentedRaftLogWorker.java:execute(569)) - s2@group-3D81F66BC438-SegmentedRaftLogWorker: created new log segment /workdir/ratis-test/target/test/data/1630e404/MiniRaftClusterWithSimulatedRpcecb8161c/s2/20b5bf50-abb9-421f-8107-3d81f66bc438/current/log_inprogress_7
2019-09-24 11:59:29,664 INFO  segmented.SegmentedRaftLogWorker (SegmentedRaftLogWorker.java:execute(569)) - s1@group-3D81F66BC438-SegmentedRaftLogWorker: created new log segment /workdir/ratis-test/target/test/data/1630e404/MiniRaftClusterWithSimulatedRpcecb8161c/s1/20b5bf50-abb9-421f-8107-3d81f66bc438/current/log_inprogress_7
2019-09-24 11:59:29,664 DEBUG segmented.SegmentedRaftLogWorker (SegmentedRaftLogWorker.java:flushWrites(340)) - s2@group-3D81F66BC438-SegmentedRaftLogWorker: flush SegmentedRaftLogOutputStream(/workdir/ratis-test/target/test/data/1630e404/MiniRaftClusterWithSimulatedRpcecb8161c/s2/20b5bf50-abb9-421f-8107-3d81f66bc438/current/log_inprogress_7)
2019-09-24 11:59:29,664 DEBUG segmented.SegmentedRaftLogWorker (SegmentedRaftLogWorker.java:flushWrites(340)) - s1@group-3D81F66BC438-SegmentedRaftLogWorker: flush SegmentedRaftLogOutputStream(/workdir/ratis-test/target/test/data/1630e404/MiniRaftClusterWithSimulatedRpcecb8161c/s1/20b5bf50-abb9-421f-8107-3d81f66bc438/current/log_inprogress_7)
2019-09-24 11:59:29,672 INFO  ratis.RaftTestUtil (RaftTestUtil.java:waitForLeader(101)) - printing ALL groups
  s0:  RUNNING    LEADER s0@group-3D81F66BC438:t9, leader=s0, voted=s0, raftlog=s0@group-3D81F66BC438-SegmentedRaftLog:OPENED:c7,f8,i8, conf=7: [s0:0.0.0.0:42154, s1:0.0.0.0:36158, s2:0.0.0.0:36910], old=null RUNNING
  s1:  RUNNING  FOLLOWER s1@group-3D81F66BC438:t9, leader=s0, voted=null, raftlog=s1@group-3D81F66BC438-SegmentedRaftLog:OPENED:c6,f6,i7, conf=7: [s0:0.0.0.0:42154, s1:0.0.0.0:36158, s2:0.0.0.0:36910], old=null RUNNING
  s2:  RUNNING  FOLLOWER s2@group-3D81F66BC438:t9, leader=s0, voted=s0, raftlog=s2@group-3D81F66BC438-SegmentedRaftLog:OPENED:c5,f6,i7, conf=7: [s0:0.0.0.0:42154, s1:0.0.0.0:36158, s2:0.0.0.0:36910], old=null RUNNING
2019-09-24 11:59:29,672 INFO  ratis.RaftTestUtil (RaftTestUtil.java:lambda$changeLeader$7(367)) - Changed leader from s1 to s0
2019-09-24 11:59:29,673 INFO  server.RaftServerConfigKeys (ConfUtils.java:logGet(43)) - raft.server.rpc.timeout.max = 300ms (default)
2019-09-24 11:59:29,673 INFO  ratis.RaftTestUtil (RaftTestUtil.java:waitForLeader(86)) - printing ALL groups
  s0:  RUNNING    LEADER s0@group-3D81F66BC438:t9, leader=s0, voted=s0, raftlog=s0@group-3D81F66BC438-SegmentedRaftLog:OPENED:c7,f8,i8, conf=7: [s0:0.0.0.0:42154, s1:0.0.0.0:36158, s2:0.0.0.0:36910], old=null RUNNING
  s1:  RUNNING  FOLLOWER s1@group-3D81F66BC438:t9, leader=s0, voted=null, raftlog=s1@group-3D81F66BC438-SegmentedRaftLog:OPENED:c6,f6,i7, conf=7: [s0:0.0.0.0:42154, s1:0.0.0.0:36158, s2:0.0.0.0:36910], old=null RUNNING
  s2:  RUNNING  FOLLOWER s2@group-3D81F66BC438:t9, leader=s0, voted=s0, raftlog=s2@group-3D81F66BC438-SegmentedRaftLog:OPENED:c5,f6,i7, conf=7: [s0:0.0.0.0:42154, s1:0.0.0.0:36158, s2:0.0.0.0:36910], old=null RUNNING
2019-09-24 11:59:29,674 INFO  ratis.RaftTestUtil (RaftTestUtil.java:waitForLeader(101)) - printing ALL groups
  s0:  RUNNING    LEADER s0@group-3D81F66BC438:t9, leader=s0, voted=s0, raftlog=s0@group-3D81F66BC438-SegmentedRaftLog:OPENED:c7,f8,i8, conf=7: [s0:0.0.0.0:42154, s1:0.0.0.0:36158, s2:0.0.0.0:36910], old=null RUNNING
  s1:  RUNNING  FOLLOWER s1@group-3D81F66BC438:t9, leader=s0, voted=null, raftlog=s1@group-3D81F66BC438-SegmentedRaftLog:OPENED:c6,f6,i7, conf=7: [s0:0.0.0.0:42154, s1:0.0.0.0:36158, s2:0.0.0.0:36910], old=null RUNNING
  s2:  RUNNING  FOLLOWER s2@group-3D81F66BC438:t9, leader=s0, voted=s0, raftlog=s2@group-3D81F66BC438-SegmentedRaftLog:OPENED:c5,f6,i7, conf=7: [s0:0.0.0.0:42154, s1:0.0.0.0:36158, s2:0.0.0.0:36910], old=null RUNNING
2019-09-24 11:59:29,674 WARN  ratis.RaftTestUtil (JavaUtils.java:attempt(158)) - FAILED "testChangeLeader-changeLeader", attempt #1/20: java.lang.IllegalStateException: Failed to change leader: newLeader == oldLeader == s0, sleep 100ms and then retry.
java.lang.IllegalStateException: Failed to change leader: newLeader == oldLeader == s0
	at org.apache.ratis.RaftTestUtil.lambda$changeLeader$7(RaftTestUtil.java:365)
	at org.apache.ratis.util.JavaUtils.attempt(JavaUtils.java:152)
	at org.apache.ratis.RaftTestUtil.changeLeader(RaftTestUtil.java:362)
	at org.apache.ratis.server.impl.LeaderElectionTests.testChangeLeader(LeaderElectionTests.java:81)
	at sun.reflect.NativeMethodAccessorImpl.invoke0(Native Method)
	at sun.reflect.NativeMethodAccessorImpl.invoke(NativeMethodAccessorImpl.java:62)
	at sun.reflect.DelegatingMethodAccessorImpl.invoke(DelegatingMethodAccessorImpl.java:43)
	at java.lang.reflect.Method.invoke(Method.java:498)
	at org.junit.runners.model.FrameworkMethod$1.runReflectiveCall(FrameworkMethod.java:50)
	at org.junit.internal.runners.model.ReflectiveCallable.run(ReflectiveCallable.java:12)
	at org.junit.runners.model.FrameworkMethod.invokeExplosively(FrameworkMethod.java:47)
	at org.junit.internal.runners.statements.InvokeMethod.evaluate(InvokeMethod.java:17)
	at org.junit.internal.runners.statements.RunAfters.evaluate(RunAfters.java:27)
	at org.junit.internal.runners.statements.FailOnTimeout$CallableStatement.call(FailOnTimeout.java:298)
	at org.junit.internal.runners.statements.FailOnTimeout$CallableStatement.call(FailOnTimeout.java:292)
	at java.util.concurrent.FutureTask.run(FutureTask.java:266)
	at java.lang.Thread.run(Thread.java:748)
2019-09-24 11:59:29,675 TRACE segmented.SegmentedRaftLogWorker (SegmentedRaftLogWorker.java:lambda$new$1(133)) - s2@group-3D81F66BC438-SegmentedRaftLogWorker: flushIndex: updateIncreasingly 6 -> 7
2019-09-24 11:59:29,676 TRACE segmented.SegmentedRaftLogWorker (SegmentedRaftLogWorker.java:lambda$new$1(133)) - s1@group-3D81F66BC438-SegmentedRaftLogWorker: flushIndex: updateIncreasingly 6 -> 7
2019-09-24 11:59:29,676 DEBUG impl.RaftServerImpl (RaftServerImpl.java:logAppendEntries(850)) - s2@group-3D81F66BC438: succeeded to handle AppendEntries. Reply: s0<-s2#0:OK,SUCCESS,nextIndex:8,term:9,followerCommit:5
2019-09-24 11:59:29,676 DEBUG impl.RaftServerImpl (RaftServerImpl.java:logAppendEntries(850)) - s1@group-3D81F66BC438: succeeded to handle AppendEntries. Reply: s0<-s1#0:OK,SUCCESS,nextIndex:8,term:9,followerCommit:6
2019-09-24 11:59:29,745 DEBUG impl.RaftServerImpl (RaftServerImpl.java:logAppendEntries(850)) - s0@group-3D81F66BC438: receive appendEntries(s1, 7, (t:7, i:6), 6, false, commits[s1:c6, s0:c1, s2:c5], entries: (t:7, i:7), METADATAENTRY(c6)
2019-09-24 11:59:29,746 DEBUG impl.RaftServerImpl (RaftServerImpl.java:appendEntriesAsync(906)) - s0@group-3D81F66BC438: Not recognize s1 (term=7) as leader, state: s0@group-3D81F66BC438:t9, leader=s0, voted=s0, raftlog=s0@group-3D81F66BC438-SegmentedRaftLog:OPENED:c7,f8,i8, conf=7: [s0:0.0.0.0:42154, s1:0.0.0.0:36158, s2:0.0.0.0:36910], old=null reply: s1<-s0#0:FAIL,NOT_LEADER,nextIndex:9,term:9,followerCommit:7
2019-09-24 11:59:29,774 INFO  server.RaftServerConfigKeys (ConfUtils.java:logGet(43)) - raft.server.rpc.timeout.max = 300ms (default)
2019-09-24 11:59:29,775 INFO  ratis.RaftTestUtil (RaftTestUtil.java:waitForLeader(86)) - printing ALL groups
  s0:  RUNNING    LEADER s0@group-3D81F66BC438:t9, leader=s0, voted=s0, raftlog=s0@group-3D81F66BC438-SegmentedRaftLog:OPENED:c7,f8,i8, conf=7: [s0:0.0.0.0:42154, s1:0.0.0.0:36158, s2:0.0.0.0:36910], old=null RUNNING
  s1:  RUNNING  FOLLOWER s1@group-3D81F66BC438:t9, leader=s0, voted=null, raftlog=s1@group-3D81F66BC438-SegmentedRaftLog:OPENED:c6,f7,i7, conf=7: [s0:0.0.0.0:42154, s1:0.0.0.0:36158, s2:0.0.0.0:36910], old=null RUNNING
  s2:  RUNNING  FOLLOWER s2@group-3D81F66BC438:t9, leader=s0, voted=s0, raftlog=s2@group-3D81F66BC438-SegmentedRaftLog:OPENED:c5,f7,i7, conf=7: [s0:0.0.0.0:42154, s1:0.0.0.0:36158, s2:0.0.0.0:36910], old=null RUNNING
2019-09-24 11:59:29,775 INFO  ratis.RaftTestUtil (RaftTestUtil.java:waitForLeader(101)) - printing ALL groups
  s0:  RUNNING    LEADER s0@group-3D81F66BC438:t9, leader=s0, voted=s0, raftlog=s0@group-3D81F66BC438-SegmentedRaftLog:OPENED:c7,f8,i8, conf=7: [s0:0.0.0.0:42154, s1:0.0.0.0:36158, s2:0.0.0.0:36910], old=null RUNNING
  s1:  RUNNING  FOLLOWER s1@group-3D81F66BC438:t9, leader=s0, voted=null, raftlog=s1@group-3D81F66BC438-SegmentedRaftLog:OPENED:c6,f7,i7, conf=7: [s0:0.0.0.0:42154, s1:0.0.0.0:36158, s2:0.0.0.0:36910], old=null RUNNING
  s2:  RUNNING  FOLLOWER s2@group-3D81F66BC438:t9, leader=s0, voted=s0, raftlog=s2@group-3D81F66BC438-SegmentedRaftLog:OPENED:c5,f7,i7, conf=7: [s0:0.0.0.0:42154, s1:0.0.0.0:36158, s2:0.0.0.0:36910], old=null RUNNING
2019-09-24 11:59:29,776 WARN  ratis.RaftTestUtil (JavaUtils.java:attempt(158)) - FAILED "testChangeLeader-changeLeader", attempt #2/20: java.lang.IllegalStateException: Failed to change leader: newLeader == oldLeader == s0, sleep 100ms and then retry.
java.lang.IllegalStateException: Failed to change leader: newLeader == oldLeader == s0
	at org.apache.ratis.RaftTestUtil.lambda$changeLeader$7(RaftTestUtil.java:365)
	at org.apache.ratis.util.JavaUtils.attempt(JavaUtils.java:152)
	at org.apache.ratis.RaftTestUtil.changeLeader(RaftTestUtil.java:362)
	at org.apache.ratis.server.impl.LeaderElectionTests.testChangeLeader(LeaderElectionTests.java:81)
	at sun.reflect.NativeMethodAccessorImpl.invoke0(Native Method)
	at sun.reflect.NativeMethodAccessorImpl.invoke(NativeMethodAccessorImpl.java:62)
	at sun.reflect.DelegatingMethodAccessorImpl.invoke(DelegatingMethodAccessorImpl.java:43)
	at java.lang.reflect.Method.invoke(Method.java:498)
	at org.junit.runners.model.FrameworkMethod$1.runReflectiveCall(FrameworkMethod.java:50)
	at org.junit.internal.runners.model.ReflectiveCallable.run(ReflectiveCallable.java:12)
	at org.junit.runners.model.FrameworkMethod.invokeExplosively(FrameworkMethod.java:47)
	at org.junit.internal.runners.statements.InvokeMethod.evaluate(InvokeMethod.java:17)
	at org.junit.internal.runners.statements.RunAfters.evaluate(RunAfters.java:27)
	at org.junit.internal.runners.statements.FailOnTimeout$CallableStatement.call(FailOnTimeout.java:298)
	at org.junit.internal.runners.statements.FailOnTimeout$CallableStatement.call(FailOnTimeout.java:292)
	at java.util.concurrent.FutureTask.run(FutureTask.java:266)
	at java.lang.Thread.run(Thread.java:748)
2019-09-24 11:59:29,871 INFO  impl.FollowerState (FollowerState.java:run(108)) - s1@group-3D81F66BC438-FollowerState: change to CANDIDATE, lastRpcTime:194ms, electionTimeout:171ms
2019-09-24 11:59:29,871 INFO  impl.RoleInfo (RoleInfo.java:shutdownFollowerState(121)) - s1: shutdown FollowerState
2019-09-24 11:59:29,871 INFO  impl.RaftServerImpl (RaftServerImpl.java:setRole(170)) - s1@group-3D81F66BC438: changes role from  FOLLOWER to CANDIDATE at term 9 for changeToCandidate
2019-09-24 11:59:29,871 INFO  impl.RoleInfo (RoleInfo.java:updateAndGet(143)) - s1: start LeaderElection
2019-09-24 11:59:29,872 INFO  impl.RaftServerImpl (ServerState.java:setLeader(254)) - s1@group-3D81F66BC438: change Leader from s0 to null at term 9 for initElection
2019-09-24 11:59:29,876 INFO  server.RaftServerConfigKeys (ConfUtils.java:logGet(43)) - raft.server.rpc.timeout.max = 300ms (default)
2019-09-24 11:59:29,877 INFO  ratis.RaftTestUtil (RaftTestUtil.java:waitForLeader(86)) - printing ALL groups
  s0:  RUNNING    LEADER s0@group-3D81F66BC438:t9, leader=s0, voted=s0, raftlog=s0@group-3D81F66BC438-SegmentedRaftLog:OPENED:c7,f8,i8, conf=7: [s0:0.0.0.0:42154, s1:0.0.0.0:36158, s2:0.0.0.0:36910], old=null RUNNING
  s1:  RUNNING CANDIDATE s1@group-3D81F66BC438:t10, leader=null, voted=s1, raftlog=s1@group-3D81F66BC438-SegmentedRaftLog:OPENED:c6,f7,i7, conf=7: [s0:0.0.0.0:42154, s1:0.0.0.0:36158, s2:0.0.0.0:36910], old=null RUNNING
  s2:  RUNNING  FOLLOWER s2@group-3D81F66BC438:t9, leader=s0, voted=s0, raftlog=s2@group-3D81F66BC438-SegmentedRaftLog:OPENED:c5,f7,i7, conf=7: [s0:0.0.0.0:42154, s1:0.0.0.0:36158, s2:0.0.0.0:36910], old=null RUNNING
2019-09-24 11:59:29,877 INFO  ratis.RaftTestUtil (RaftTestUtil.java:waitForLeader(101)) - printing ALL groups
  s0:  RUNNING    LEADER s0@group-3D81F66BC438:t9, leader=s0, voted=s0, raftlog=s0@group-3D81F66BC438-SegmentedRaftLog:OPENED:c7,f8,i8, conf=7: [s0:0.0.0.0:42154, s1:0.0.0.0:36158, s2:0.0.0.0:36910], old=null RUNNING
  s1:  RUNNING CANDIDATE s1@group-3D81F66BC438:t10, leader=null, voted=s1, raftlog=s1@group-3D81F66BC438-SegmentedRaftLog:OPENED:c6,f7,i7, conf=7: [s0:0.0.0.0:42154, s1:0.0.0.0:36158, s2:0.0.0.0:36910], old=null RUNNING
  s2:  RUNNING  FOLLOWER s2@group-3D81F66BC438:t9, leader=s0, voted=s0, raftlog=s2@group-3D81F66BC438-SegmentedRaftLog:OPENED:c5,f7,i7, conf=7: [s0:0.0.0.0:42154, s1:0.0.0.0:36158, s2:0.0.0.0:36910], old=null RUNNING
2019-09-24 11:59:29,878 WARN  ratis.RaftTestUtil (JavaUtils.java:attempt(158)) - FAILED "testChangeLeader-changeLeader", attempt #3/20: java.lang.IllegalStateException: Failed to change leader: newLeader == oldLeader == s0, sleep 100ms and then retry.
java.lang.IllegalStateException: Failed to change leader: newLeader == oldLeader == s0
	at org.apache.ratis.RaftTestUtil.lambda$changeLeader$7(RaftTestUtil.java:365)
	at org.apache.ratis.util.JavaUtils.attempt(JavaUtils.java:152)
	at org.apache.ratis.RaftTestUtil.changeLeader(RaftTestUtil.java:362)
	at org.apache.ratis.server.impl.LeaderElectionTests.testChangeLeader(LeaderElectionTests.java:81)
	at sun.reflect.NativeMethodAccessorImpl.invoke0(Native Method)
	at sun.reflect.NativeMethodAccessorImpl.invoke(NativeMethodAccessorImpl.java:62)
	at sun.reflect.DelegatingMethodAccessorImpl.invoke(DelegatingMethodAccessorImpl.java:43)
	at java.lang.reflect.Method.invoke(Method.java:498)
	at org.junit.runners.model.FrameworkMethod$1.runReflectiveCall(FrameworkMethod.java:50)
	at org.junit.internal.runners.model.ReflectiveCallable.run(ReflectiveCallable.java:12)
	at org.junit.runners.model.FrameworkMethod.invokeExplosively(FrameworkMethod.java:47)
	at org.junit.internal.runners.statements.InvokeMethod.evaluate(InvokeMethod.java:17)
	at org.junit.internal.runners.statements.RunAfters.evaluate(RunAfters.java:27)
	at org.junit.internal.runners.statements.FailOnTimeout$CallableStatement.call(FailOnTimeout.java:298)
	at org.junit.internal.runners.statements.FailOnTimeout$CallableStatement.call(FailOnTimeout.java:292)
	at java.util.concurrent.FutureTask.run(FutureTask.java:266)
	at java.lang.Thread.run(Thread.java:748)
2019-09-24 11:59:29,885 INFO  impl.LeaderElection (LeaderElection.java:askForVotes(178)) - s1@group-3D81F66BC438-LeaderElection46: begin an election at term 10 for 7: [s0:0.0.0.0:42154, s1:0.0.0.0:36158, s2:0.0.0.0:36910], old=null
2019-09-24 11:59:29,885 DEBUG impl.RaftServerImpl (RaftServerImpl.java:requestVote(743)) - s0@group-3D81F66BC438: receive requestVote(s1, group-3D81F66BC438, 10, (t:9, i:7))
2019-09-24 11:59:29,886 DEBUG impl.RaftServerImpl (RaftServerImpl.java:requestVote(743)) - s2@group-3D81F66BC438: receive requestVote(s1, group-3D81F66BC438, 10, (t:9, i:7))
2019-09-24 11:59:29,886 INFO  impl.RaftServerImpl (ServerState.java:setLeader(254)) - s0@group-3D81F66BC438: change Leader from s0 to null at term 10 for updateCurrentTerm
2019-09-24 11:59:29,886 INFO  impl.RaftServerImpl (ServerState.java:setLeader(254)) - s2@group-3D81F66BC438: change Leader from s0 to null at term 10 for updateCurrentTerm
2019-09-24 11:59:29,886 INFO  impl.RaftServerImpl (RaftServerImpl.java:setRole(170)) - s0@group-3D81F66BC438: changes role from    LEADER to FOLLOWER at term 10 for recognizeCandidate:s1
2019-09-24 11:59:29,886 INFO  impl.RaftServerImpl (RaftServerImpl.java:setRole(170)) - s2@group-3D81F66BC438: changes role from  FOLLOWER to FOLLOWER at term 10 for recognizeCandidate:s1
2019-09-24 11:59:29,886 INFO  impl.RoleInfo (RoleInfo.java:shutdownLeaderState(104)) - s0: shutdown LeaderState
2019-09-24 11:59:29,886 INFO  impl.RoleInfo (RoleInfo.java:shutdownFollowerState(121)) - s2: shutdown FollowerState
2019-09-24 11:59:29,888 INFO  impl.FollowerState (FollowerState.java:run(117)) - s2@group-3D81F66BC438-FollowerState was interrupted: java.lang.InterruptedException: sleep interrupted
2019-09-24 11:59:29,888 INFO  impl.LogAppender (LogAppender.java:run(78)) - s0@group-3D81F66BC438->s1-LogAppender-AppenderDaemon was interrupted: java.io.InterruptedIOException: 
2019-09-24 11:59:29,888 INFO  impl.PendingRequests (PendingRequests.java:sendNotLeaderResponses(202)) - s0@group-3D81F66BC438-PendingRequests: sendNotLeaderResponses
2019-09-24 11:59:29,888 INFO  impl.LogAppender (LogAppender.java:run(78)) - s0@group-3D81F66BC438->s2-LogAppender-AppenderDaemon was interrupted: java.io.InterruptedIOException: 
2019-09-24 11:59:29,888 INFO  impl.RoleInfo (RoleInfo.java:updateAndGet(143)) - s2: start FollowerState
2019-09-24 11:59:29,890 INFO  impl.RoleInfo (RoleInfo.java:updateAndGet(143)) - s0: start FollowerState
2019-09-24 11:59:29,916 DEBUG impl.RaftServerImpl (RaftServerImpl.java:requestVote(775)) - s0@group-3D81F66BC438 replies to vote request: s1<-s0#0:FAIL-t10. Peer's state: s0@group-3D81F66BC438:t10, leader=null, voted=null, raftlog=s0@group-3D81F66BC438-SegmentedRaftLog:OPENED:c7,f8,i8, conf=7: [s0:0.0.0.0:42154, s1:0.0.0.0:36158, s2:0.0.0.0:36910], old=null
2019-09-24 11:59:29,916 DEBUG impl.RaftServerImpl (RaftServerImpl.java:requestVote(775)) - s2@group-3D81F66BC438 replies to vote request: s1<-s2#0:OK-t10. Peer's state: s2@group-3D81F66BC438:t10, leader=null, voted=s1, raftlog=s2@group-3D81F66BC438-SegmentedRaftLog:OPENED:c5,f7,i7, conf=7: [s0:0.0.0.0:42154, s1:0.0.0.0:36158, s2:0.0.0.0:36910], old=null
2019-09-24 11:59:29,917 INFO  impl.LeaderElection (LeaderElection.java:logAndReturn(56)) - s1@group-3D81F66BC438-LeaderElection46: Election PASSED; received 2 response(s) [s1<-s0#0:FAIL-t10, s1<-s2#0:OK-t10] and 0 exception(s); s1@group-3D81F66BC438:t10, leader=null, voted=s1, raftlog=s1@group-3D81F66BC438-SegmentedRaftLog:OPENED:c6,f7,i7, conf=7: [s0:0.0.0.0:42154, s1:0.0.0.0:36158, s2:0.0.0.0:36910], old=null
2019-09-24 11:59:29,917 INFO  impl.RoleInfo (RoleInfo.java:shutdownLeaderElection(134)) - s1: shutdown LeaderElection
2019-09-24 11:59:29,917 INFO  impl.RaftServerImpl (RaftServerImpl.java:setRole(170)) - s1@group-3D81F66BC438: changes role from CANDIDATE to LEADER at term 10 for changeToLeader
2019-09-24 11:59:29,918 INFO  impl.RaftServerImpl (ServerState.java:setLeader(254)) - s1@group-3D81F66BC438: change Leader from null to s1 at term 10 for becomeLeader, leader elected after 45ms
2019-09-24 11:59:29,918 INFO  server.RaftServerConfigKeys (ConfUtils.java:logGet(43)) - raft.server.staging.catchup.gap = 1000 (default)
2019-09-24 11:59:29,918 INFO  server.RaftServerConfigKeys (ConfUtils.java:logGet(43)) - raft.server.rpc.sleep.time = 25ms (default)
2019-09-24 11:59:29,918 INFO  server.RaftServerConfigKeys (ConfUtils.java:logGet(43)) - raft.server.write.element-limit = 4096 (default)
2019-09-24 11:59:29,918 INFO  server.RaftServerConfigKeys (ConfUtils.java:logGet(43)) - raft.server.watch.timeout = 10s (default)
2019-09-24 11:59:29,919 INFO  server.RaftServerConfigKeys (ConfUtils.java:logGet(43)) - raft.server.watch.timeout.denomination = 1s (default)
2019-09-24 11:59:29,919 INFO  server.RaftServerConfigKeys (ConfUtils.java:logGet(43)) - raft.server.watch.element-limit = 65536 (default)
2019-09-24 11:59:29,919 INFO  server.RaftServerConfigKeys (ConfUtils.java:logGet(43)) - raft.server.log.appender.snapshot.chunk.size.max = 16MB (=16777216) (default)
2019-09-24 11:59:29,919 INFO  server.RaftServerConfigKeys (ConfUtils.java:logGet(43)) - raft.server.log.appender.buffer.byte-limit = 4MB (=4194304) (default)
2019-09-24 11:59:29,919 INFO  server.RaftServerConfigKeys (ConfUtils.java:logGet(43)) - raft.server.log.appender.buffer.element-limit = 0 (default)
2019-09-24 11:59:29,920 INFO  server.RaftServerConfigKeys (ConfUtils.java:logGet(43)) - raft.server.log.appender.snapshot.chunk.size.max = 16MB (=16777216) (default)
2019-09-24 11:59:29,920 INFO  server.RaftServerConfigKeys (ConfUtils.java:logGet(43)) - raft.server.log.appender.buffer.byte-limit = 4MB (=4194304) (default)
2019-09-24 11:59:29,920 INFO  server.RaftServerConfigKeys (ConfUtils.java:logGet(43)) - raft.server.log.appender.buffer.element-limit = 0 (default)
2019-09-24 11:59:29,921 INFO  impl.RoleInfo (RoleInfo.java:updateAndGet(143)) - s1: start LeaderState
2019-09-24 11:59:29,921 INFO  segmented.SegmentedRaftLogWorker (SegmentedRaftLogWorker.java:rollLogSegment(385)) - s1@group-3D81F66BC438-SegmentedRaftLogWorker: Rolling segment log-7_7 to index:7
2019-09-24 11:59:29,921 DEBUG segmented.SegmentedRaftLogWorker (SegmentedRaftLogWorker.java:addIOTask(251)) - s1@group-3D81F66BC438-SegmentedRaftLogWorker adds IO task FinalizeLogSegment:7: startIndex=7 endIndex=7
2019-09-24 11:59:29,922 DEBUG segmented.SegmentedRaftLogWorker (SegmentedRaftLogWorker.java:addIOTask(251)) - s1@group-3D81F66BC438-SegmentedRaftLogWorker adds IO task StartLogSegment:8
2019-09-24 11:59:29,924 TRACE util.FileUtils (LogUtils.java:runAndLog(61)) - Successfully ran Files.move /workdir/ratis-test/target/test/data/1630e404/MiniRaftClusterWithSimulatedRpcecb8161c/s1/20b5bf50-abb9-421f-8107-3d81f66bc438/current/log_inprogress_7 to /workdir/ratis-test/target/test/data/1630e404/MiniRaftClusterWithSimulatedRpcecb8161c/s1/20b5bf50-abb9-421f-8107-3d81f66bc438/current/log_7-7
2019-09-24 11:59:29,924 INFO  segmented.SegmentedRaftLogWorker (SegmentedRaftLogWorker.java:execute(526)) - s1@group-3D81F66BC438-SegmentedRaftLogWorker: Rolled log segment from /workdir/ratis-test/target/test/data/1630e404/MiniRaftClusterWithSimulatedRpcecb8161c/s1/20b5bf50-abb9-421f-8107-3d81f66bc438/current/log_inprogress_7 to /workdir/ratis-test/target/test/data/1630e404/MiniRaftClusterWithSimulatedRpcecb8161c/s1/20b5bf50-abb9-421f-8107-3d81f66bc438/current/log_7-7
2019-09-24 11:59:29,924 TRACE segmented.SegmentedRaftLogWorker (SegmentedRaftLogWorker.java:lambda$new$1(133)) - s1@group-3D81F66BC438-SegmentedRaftLogWorker: flushIndex: updateIncreasingly 7 -> 7
2019-09-24 11:59:29,926 DEBUG segmented.SegmentedRaftLogWorker (SegmentedRaftLogWorker.java:addIOTask(251)) - s1@group-3D81F66BC438-SegmentedRaftLogWorker adds IO task WriteLog:8: (t:10, i:8), CONFIGURATIONENTRY
2019-09-24 11:59:29,927 INFO  impl.RaftServerImpl (ServerState.java:setRaftConf(355)) - s1@group-3D81F66BC438: set configuration 8: [s0:0.0.0.0:42154, s1:0.0.0.0:36158, s2:0.0.0.0:36910], old=null at 8
2019-09-24 11:59:29,927 INFO  impl.RaftServerImpl (ServerState.java:setLeader(254)) - s0@group-3D81F66BC438: change Leader from null to s1 at term 10 for appendEntries, leader elected after 41ms
2019-09-24 11:59:29,927 INFO  impl.RaftServerImpl (ServerState.java:setLeader(254)) - s2@group-3D81F66BC438: change Leader from null to s1 at term 10 for appendEntries, leader elected after 41ms
2019-09-24 11:59:29,928 DEBUG impl.RaftServerImpl (RaftServerImpl.java:logAppendEntries(850)) - s2@group-3D81F66BC438: receive appendEntries(s1, 10, (t:9, i:7), 6, false, commits[s1:c6, s0:c7, s2:c5], entries: (t:10, i:8), CONFIGURATIONENTRY
2019-09-24 11:59:29,929 INFO  impl.RaftServerImpl (ServerState.java:setRaftConf(355)) - s2@group-3D81F66BC438: set configuration 8: [s0:0.0.0.0:42154, s1:0.0.0.0:36158, s2:0.0.0.0:36910], old=null at 8
2019-09-24 11:59:29,929 INFO  segmented.SegmentedRaftLogWorker (SegmentedRaftLogWorker.java:rollLogSegment(385)) - s2@group-3D81F66BC438-SegmentedRaftLogWorker: Rolling segment log-7_7 to index:7
2019-09-24 11:59:29,929 DEBUG segmented.SegmentedRaftLogWorker (SegmentedRaftLogWorker.java:addIOTask(251)) - s2@group-3D81F66BC438-SegmentedRaftLogWorker adds IO task FinalizeLogSegment:7: startIndex=7 endIndex=7
2019-09-24 11:59:29,930 DEBUG segmented.SegmentedRaftLogWorker (SegmentedRaftLogWorker.java:addIOTask(251)) - s2@group-3D81F66BC438-SegmentedRaftLogWorker adds IO task StartLogSegment:8
2019-09-24 11:59:29,930 DEBUG segmented.SegmentedRaftLogWorker (SegmentedRaftLogWorker.java:addIOTask(251)) - s2@group-3D81F66BC438-SegmentedRaftLogWorker adds IO task WriteLog:8: (t:10, i:8), CONFIGURATIONENTRY
2019-09-24 11:59:29,932 TRACE util.FileUtils (LogUtils.java:runAndLog(61)) - Successfully ran Files.move /workdir/ratis-test/target/test/data/1630e404/MiniRaftClusterWithSimulatedRpcecb8161c/s2/20b5bf50-abb9-421f-8107-3d81f66bc438/current/log_inprogress_7 to /workdir/ratis-test/target/test/data/1630e404/MiniRaftClusterWithSimulatedRpcecb8161c/s2/20b5bf50-abb9-421f-8107-3d81f66bc438/current/log_7-7
2019-09-24 11:59:29,932 INFO  segmented.SegmentedRaftLogWorker (SegmentedRaftLogWorker.java:execute(526)) - s2@group-3D81F66BC438-SegmentedRaftLogWorker: Rolled log segment from /workdir/ratis-test/target/test/data/1630e404/MiniRaftClusterWithSimulatedRpcecb8161c/s2/20b5bf50-abb9-421f-8107-3d81f66bc438/current/log_inprogress_7 to /workdir/ratis-test/target/test/data/1630e404/MiniRaftClusterWithSimulatedRpcecb8161c/s2/20b5bf50-abb9-421f-8107-3d81f66bc438/current/log_7-7
2019-09-24 11:59:29,932 TRACE segmented.SegmentedRaftLogWorker (SegmentedRaftLogWorker.java:lambda$new$1(133)) - s2@group-3D81F66BC438-SegmentedRaftLogWorker: flushIndex: updateIncreasingly 7 -> 7
2019-09-24 11:59:29,955 DEBUG impl.RaftServerImpl (RaftServerImpl.java:appendEntriesAsync(906)) - s2@group-3D81F66BC438: Not recognize s1 (term=7) as leader, state: s2@group-3D81F66BC438:t10, leader=s1, voted=s1, raftlog=s2@group-3D81F66BC438-SegmentedRaftLog:OPENED:c5,f7,i8, conf=8: [s0:0.0.0.0:42154, s1:0.0.0.0:36158, s2:0.0.0.0:36910], old=null reply: s1<-s2#0:FAIL,NOT_LEADER,nextIndex:9,term:10,followerCommit:5
2019-09-24 11:59:29,978 INFO  server.RaftServerConfigKeys (ConfUtils.java:logGet(43)) - raft.server.rpc.timeout.max = 300ms (default)
2019-09-24 11:59:29,979 INFO  ratis.RaftTestUtil (RaftTestUtil.java:waitForLeader(86)) - printing ALL groups
  s0:  RUNNING  FOLLOWER s0@group-3D81F66BC438:t10, leader=s1, voted=null, raftlog=s0@group-3D81F66BC438-SegmentedRaftLog:OPENED:c7,f8,i8, conf=7: [s0:0.0.0.0:42154, s1:0.0.0.0:36158, s2:0.0.0.0:36910], old=null RUNNING
  s1:  RUNNING    LEADER s1@group-3D81F66BC438:t10, leader=s1, voted=s1, raftlog=s1@group-3D81F66BC438-SegmentedRaftLog:OPENED:c6,f7,i8, conf=8: [s0:0.0.0.0:42154, s1:0.0.0.0:36158, s2:0.0.0.0:36910], old=null RUNNING
  s2:  RUNNING  FOLLOWER s2@group-3D81F66BC438:t10, leader=s1, voted=s1, raftlog=s2@group-3D81F66BC438-SegmentedRaftLog:OPENED:c5,f7,i8, conf=8: [s0:0.0.0.0:42154, s1:0.0.0.0:36158, s2:0.0.0.0:36910], old=null RUNNING
2019-09-24 11:59:29,980 INFO  ratis.RaftTestUtil (RaftTestUtil.java:waitForLeader(101)) - printing ALL groups
  s0:  RUNNING  FOLLOWER s0@group-3D81F66BC438:t10, leader=s1, voted=null, raftlog=s0@group-3D81F66BC438-SegmentedRaftLog:OPENED:c7,f8,i8, conf=7: [s0:0.0.0.0:42154, s1:0.0.0.0:36158, s2:0.0.0.0:36910], old=null RUNNING
  s1:  RUNNING    LEADER s1@group-3D81F66BC438:t10, leader=s1, voted=s1, raftlog=s1@group-3D81F66BC438-SegmentedRaftLog:OPENED:c6,f7,i8, conf=8: [s0:0.0.0.0:42154, s1:0.0.0.0:36158, s2:0.0.0.0:36910], old=null RUNNING
  s2:  RUNNING  FOLLOWER s2@group-3D81F66BC438:t10, leader=s1, voted=s1, raftlog=s2@group-3D81F66BC438-SegmentedRaftLog:OPENED:c5,f7,i8, conf=8: [s0:0.0.0.0:42154, s1:0.0.0.0:36158, s2:0.0.0.0:36910], old=null RUNNING
2019-09-24 11:59:29,980 INFO  ratis.RaftTestUtil (RaftTestUtil.java:lambda$changeLeader$7(367)) - Changed leader from s0 to s1
2019-09-24 11:59:29,980 INFO  server.RaftServerConfigKeys (ConfUtils.java:logGet(43)) - raft.server.rpc.timeout.max = 300ms (default)
2019-09-24 11:59:29,981 INFO  ratis.RaftTestUtil (RaftTestUtil.java:waitForLeader(86)) - printing ALL groups
  s0:  RUNNING  FOLLOWER s0@group-3D81F66BC438:t10, leader=s1, voted=null, raftlog=s0@group-3D81F66BC438-SegmentedRaftLog:OPENED:c7,f8,i8, conf=7: [s0:0.0.0.0:42154, s1:0.0.0.0:36158, s2:0.0.0.0:36910], old=null RUNNING
  s1:  RUNNING    LEADER s1@group-3D81F66BC438:t10, leader=s1, voted=s1, raftlog=s1@group-3D81F66BC438-SegmentedRaftLog:OPENED:c6,f7,i8, conf=8: [s0:0.0.0.0:42154, s1:0.0.0.0:36158, s2:0.0.0.0:36910], old=null RUNNING
  s2:  RUNNING  FOLLOWER s2@group-3D81F66BC438:t10, leader=s1, voted=s1, raftlog=s2@group-3D81F66BC438-SegmentedRaftLog:OPENED:c5,f7,i8, conf=8: [s0:0.0.0.0:42154, s1:0.0.0.0:36158, s2:0.0.0.0:36910], old=null RUNNING
2019-09-24 11:59:29,981 INFO  ratis.RaftTestUtil (RaftTestUtil.java:waitForLeader(101)) - printing ALL groups
  s0:  RUNNING  FOLLOWER s0@group-3D81F66BC438:t10, leader=s1, voted=null, raftlog=s0@group-3D81F66BC438-SegmentedRaftLog:OPENED:c7,f8,i8, conf=7: [s0:0.0.0.0:42154, s1:0.0.0.0:36158, s2:0.0.0.0:36910], old=null RUNNING
  s1:  RUNNING    LEADER s1@group-3D81F66BC438:t10, leader=s1, voted=s1, raftlog=s1@group-3D81F66BC438-SegmentedRaftLog:OPENED:c6,f7,i8, conf=8: [s0:0.0.0.0:42154, s1:0.0.0.0:36158, s2:0.0.0.0:36910], old=null RUNNING
  s2:  RUNNING  FOLLOWER s2@group-3D81F66BC438:t10, leader=s1, voted=s1, raftlog=s2@group-3D81F66BC438-SegmentedRaftLog:OPENED:c5,f7,i8, conf=8: [s0:0.0.0.0:42154, s1:0.0.0.0:36158, s2:0.0.0.0:36910], old=null RUNNING
2019-09-24 11:59:29,982 WARN  ratis.RaftTestUtil (JavaUtils.java:attempt(158)) - FAILED "testChangeLeader-changeLeader", attempt #1/20: java.lang.IllegalStateException: Failed to change leader: newLeader == oldLeader == s1, sleep 100ms and then retry.
java.lang.IllegalStateException: Failed to change leader: newLeader == oldLeader == s1
	at org.apache.ratis.RaftTestUtil.lambda$changeLeader$7(RaftTestUtil.java:365)
	at org.apache.ratis.util.JavaUtils.attempt(JavaUtils.java:152)
	at org.apache.ratis.RaftTestUtil.changeLeader(RaftTestUtil.java:362)
	at org.apache.ratis.server.impl.LeaderElectionTests.testChangeLeader(LeaderElectionTests.java:81)
	at sun.reflect.NativeMethodAccessorImpl.invoke0(Native Method)
	at sun.reflect.NativeMethodAccessorImpl.invoke(NativeMethodAccessorImpl.java:62)
	at sun.reflect.DelegatingMethodAccessorImpl.invoke(DelegatingMethodAccessorImpl.java:43)
	at java.lang.reflect.Method.invoke(Method.java:498)
	at org.junit.runners.model.FrameworkMethod$1.runReflectiveCall(FrameworkMethod.java:50)
	at org.junit.internal.runners.model.ReflectiveCallable.run(ReflectiveCallable.java:12)
	at org.junit.runners.model.FrameworkMethod.invokeExplosively(FrameworkMethod.java:47)
	at org.junit.internal.runners.statements.InvokeMethod.evaluate(InvokeMethod.java:17)
	at org.junit.internal.runners.statements.RunAfters.evaluate(RunAfters.java:27)
	at org.junit.internal.runners.statements.FailOnTimeout$CallableStatement.call(FailOnTimeout.java:298)
	at org.junit.internal.runners.statements.FailOnTimeout$CallableStatement.call(FailOnTimeout.java:292)
	at java.util.concurrent.FutureTask.run(FutureTask.java:266)
	at java.lang.Thread.run(Thread.java:748)
2019-09-24 11:59:30,083 INFO  server.RaftServerConfigKeys (ConfUtils.java:logGet(43)) - raft.server.rpc.timeout.max = 300ms (default)
2019-09-24 11:59:30,083 INFO  ratis.RaftTestUtil (RaftTestUtil.java:waitForLeader(86)) - printing ALL groups
  s0:  RUNNING  FOLLOWER s0@group-3D81F66BC438:t10, leader=s1, voted=null, raftlog=s0@group-3D81F66BC438-SegmentedRaftLog:OPENED:c7,f8,i8, conf=7: [s0:0.0.0.0:42154, s1:0.0.0.0:36158, s2:0.0.0.0:36910], old=null RUNNING
  s1:  RUNNING    LEADER s1@group-3D81F66BC438:t10, leader=s1, voted=s1, raftlog=s1@group-3D81F66BC438-SegmentedRaftLog:OPENED:c6,f7,i8, conf=8: [s0:0.0.0.0:42154, s1:0.0.0.0:36158, s2:0.0.0.0:36910], old=null RUNNING
  s2:  RUNNING  FOLLOWER s2@group-3D81F66BC438:t10, leader=s1, voted=s1, raftlog=s2@group-3D81F66BC438-SegmentedRaftLog:OPENED:c5,f7,i8, conf=8: [s0:0.0.0.0:42154, s1:0.0.0.0:36158, s2:0.0.0.0:36910], old=null RUNNING
2019-09-24 11:59:30,084 INFO  ratis.RaftTestUtil (RaftTestUtil.java:waitForLeader(101)) - printing ALL groups
  s0:  RUNNING  FOLLOWER s0@group-3D81F66BC438:t10, leader=s1, voted=null, raftlog=s0@group-3D81F66BC438-SegmentedRaftLog:OPENED:c7,f8,i8, conf=7: [s0:0.0.0.0:42154, s1:0.0.0.0:36158, s2:0.0.0.0:36910], old=null RUNNING
  s1:  RUNNING    LEADER s1@group-3D81F66BC438:t10, leader=s1, voted=s1, raftlog=s1@group-3D81F66BC438-SegmentedRaftLog:OPENED:c6,f7,i8, conf=8: [s0:0.0.0.0:42154, s1:0.0.0.0:36158, s2:0.0.0.0:36910], old=null RUNNING
  s2:  RUNNING  FOLLOWER s2@group-3D81F66BC438:t10, leader=s1, voted=s1, raftlog=s2@group-3D81F66BC438-SegmentedRaftLog:OPENED:c5,f7,i8, conf=8: [s0:0.0.0.0:42154, s1:0.0.0.0:36158, s2:0.0.0.0:36910], old=null RUNNING
2019-09-24 11:59:30,084 WARN  ratis.RaftTestUtil (JavaUtils.java:attempt(158)) - FAILED "testChangeLeader-changeLeader", attempt #2/20: java.lang.IllegalStateException: Failed to change leader: newLeader == oldLeader == s1, sleep 100ms and then retry.
java.lang.IllegalStateException: Failed to change leader: newLeader == oldLeader == s1
	at org.apache.ratis.RaftTestUtil.lambda$changeLeader$7(RaftTestUtil.java:365)
	at org.apache.ratis.util.JavaUtils.attempt(JavaUtils.java:152)
	at org.apache.ratis.RaftTestUtil.changeLeader(RaftTestUtil.java:362)
	at org.apache.ratis.server.impl.LeaderElectionTests.testChangeLeader(LeaderElectionTests.java:81)
	at sun.reflect.NativeMethodAccessorImpl.invoke0(Native Method)
	at sun.reflect.NativeMethodAccessorImpl.invoke(NativeMethodAccessorImpl.java:62)
	at sun.reflect.DelegatingMethodAccessorImpl.invoke(DelegatingMethodAccessorImpl.java:43)
	at java.lang.reflect.Method.invoke(Method.java:498)
	at org.junit.runners.model.FrameworkMethod$1.runReflectiveCall(FrameworkMethod.java:50)
	at org.junit.internal.runners.model.ReflectiveCallable.run(ReflectiveCallable.java:12)
	at org.junit.runners.model.FrameworkMethod.invokeExplosively(FrameworkMethod.java:47)
	at org.junit.internal.runners.statements.InvokeMethod.evaluate(InvokeMethod.java:17)
	at org.junit.internal.runners.statements.RunAfters.evaluate(RunAfters.java:27)
	at org.junit.internal.runners.statements.FailOnTimeout$CallableStatement.call(FailOnTimeout.java:298)
	at org.junit.internal.runners.statements.FailOnTimeout$CallableStatement.call(FailOnTimeout.java:292)
	at java.util.concurrent.FutureTask.run(FutureTask.java:266)
	at java.lang.Thread.run(Thread.java:748)
2019-09-24 11:59:30,102 INFO  segmented.SegmentedRaftLogWorker (SegmentedRaftLogWorker.java:execute(569)) - s1@group-3D81F66BC438-SegmentedRaftLogWorker: created new log segment /workdir/ratis-test/target/test/data/1630e404/MiniRaftClusterWithSimulatedRpcecb8161c/s1/20b5bf50-abb9-421f-8107-3d81f66bc438/current/log_inprogress_8
2019-09-24 11:59:30,102 INFO  segmented.SegmentedRaftLogWorker (SegmentedRaftLogWorker.java:execute(569)) - s2@group-3D81F66BC438-SegmentedRaftLogWorker: created new log segment /workdir/ratis-test/target/test/data/1630e404/MiniRaftClusterWithSimulatedRpcecb8161c/s2/20b5bf50-abb9-421f-8107-3d81f66bc438/current/log_inprogress_8
2019-09-24 11:59:30,102 DEBUG segmented.SegmentedRaftLogWorker (SegmentedRaftLogWorker.java:flushWrites(340)) - s1@group-3D81F66BC438-SegmentedRaftLogWorker: flush SegmentedRaftLogOutputStream(/workdir/ratis-test/target/test/data/1630e404/MiniRaftClusterWithSimulatedRpcecb8161c/s1/20b5bf50-abb9-421f-8107-3d81f66bc438/current/log_inprogress_8)
2019-09-24 11:59:30,102 DEBUG segmented.SegmentedRaftLogWorker (SegmentedRaftLogWorker.java:flushWrites(340)) - s2@group-3D81F66BC438-SegmentedRaftLogWorker: flush SegmentedRaftLogOutputStream(/workdir/ratis-test/target/test/data/1630e404/MiniRaftClusterWithSimulatedRpcecb8161c/s2/20b5bf50-abb9-421f-8107-3d81f66bc438/current/log_inprogress_8)
2019-09-24 11:59:30,105 TRACE segmented.SegmentedRaftLogWorker (SegmentedRaftLogWorker.java:lambda$new$1(133)) - s1@group-3D81F66BC438-SegmentedRaftLogWorker: flushIndex: updateIncreasingly 7 -> 8
2019-09-24 11:59:30,105 TRACE segmented.SegmentedRaftLogWorker (SegmentedRaftLogWorker.java:lambda$new$1(133)) - s2@group-3D81F66BC438-SegmentedRaftLogWorker: flushIndex: updateIncreasingly 7 -> 8
2019-09-24 11:59:30,106 DEBUG segmented.SegmentedRaftLogWorker (SegmentedRaftLogWorker.java:addIOTask(251)) - s1@group-3D81F66BC438-SegmentedRaftLogWorker adds IO task WriteLog:9: (t:10, i:9), METADATAENTRY(c8)
2019-09-24 11:59:30,106 DEBUG impl.RaftServerImpl (RaftServerImpl.java:logAppendEntries(850)) - s2@group-3D81F66BC438: succeeded to handle AppendEntries. Reply: s1<-s2#0:OK,SUCCESS,nextIndex:9,term:10,followerCommit:5
2019-09-24 11:59:30,106 DEBUG segmented.SegmentedRaftLogWorker (SegmentedRaftLogWorker.java:flushWrites(340)) - s1@group-3D81F66BC438-SegmentedRaftLogWorker: flush SegmentedRaftLogOutputStream(/workdir/ratis-test/target/test/data/1630e404/MiniRaftClusterWithSimulatedRpcecb8161c/s1/20b5bf50-abb9-421f-8107-3d81f66bc438/current/log_inprogress_8)
2019-09-24 11:59:30,115 TRACE segmented.SegmentedRaftLogWorker (SegmentedRaftLogWorker.java:lambda$new$1(133)) - s1@group-3D81F66BC438-SegmentedRaftLogWorker: flushIndex: updateIncreasingly 8 -> 9
2019-09-24 11:59:30,185 INFO  server.RaftServerConfigKeys (ConfUtils.java:logGet(43)) - raft.server.rpc.timeout.max = 300ms (default)
2019-09-24 11:59:30,185 INFO  ratis.RaftTestUtil (RaftTestUtil.java:waitForLeader(86)) - printing ALL groups
  s0:  RUNNING  FOLLOWER s0@group-3D81F66BC438:t10, leader=s1, voted=null, raftlog=s0@group-3D81F66BC438-SegmentedRaftLog:OPENED:c7,f8,i8, conf=7: [s0:0.0.0.0:42154, s1:0.0.0.0:36158, s2:0.0.0.0:36910], old=null RUNNING
  s1:  RUNNING    LEADER s1@group-3D81F66BC438:t10, leader=s1, voted=s1, raftlog=s1@group-3D81F66BC438-SegmentedRaftLog:OPENED:c8,f9,i9, conf=8: [s0:0.0.0.0:42154, s1:0.0.0.0:36158, s2:0.0.0.0:36910], old=null RUNNING
  s2:  RUNNING  FOLLOWER s2@group-3D81F66BC438:t10, leader=s1, voted=s1, raftlog=s2@group-3D81F66BC438-SegmentedRaftLog:OPENED:c5,f8,i8, conf=8: [s0:0.0.0.0:42154, s1:0.0.0.0:36158, s2:0.0.0.0:36910], old=null RUNNING
2019-09-24 11:59:30,185 INFO  ratis.RaftTestUtil (RaftTestUtil.java:waitForLeader(101)) - printing ALL groups
  s0:  RUNNING  FOLLOWER s0@group-3D81F66BC438:t10, leader=s1, voted=null, raftlog=s0@group-3D81F66BC438-SegmentedRaftLog:OPENED:c7,f8,i8, conf=7: [s0:0.0.0.0:42154, s1:0.0.0.0:36158, s2:0.0.0.0:36910], old=null RUNNING
  s1:  RUNNING    LEADER s1@group-3D81F66BC438:t10, leader=s1, voted=s1, raftlog=s1@group-3D81F66BC438-SegmentedRaftLog:OPENED:c8,f9,i9, conf=8: [s0:0.0.0.0:42154, s1:0.0.0.0:36158, s2:0.0.0.0:36910], old=null RUNNING
  s2:  RUNNING  FOLLOWER s2@group-3D81F66BC438:t10, leader=s1, voted=s1, raftlog=s2@group-3D81F66BC438-SegmentedRaftLog:OPENED:c5,f8,i8, conf=8: [s0:0.0.0.0:42154, s1:0.0.0.0:36158, s2:0.0.0.0:36910], old=null RUNNING
2019-09-24 11:59:30,186 WARN  ratis.RaftTestUtil (JavaUtils.java:attempt(158)) - FAILED "testChangeLeader-changeLeader", attempt #3/20: java.lang.IllegalStateException: Failed to change leader: newLeader == oldLeader == s1, sleep 100ms and then retry.
java.lang.IllegalStateException: Failed to change leader: newLeader == oldLeader == s1
	at org.apache.ratis.RaftTestUtil.lambda$changeLeader$7(RaftTestUtil.java:365)
	at org.apache.ratis.util.JavaUtils.attempt(JavaUtils.java:152)
	at org.apache.ratis.RaftTestUtil.changeLeader(RaftTestUtil.java:362)
	at org.apache.ratis.server.impl.LeaderElectionTests.testChangeLeader(LeaderElectionTests.java:81)
	at sun.reflect.NativeMethodAccessorImpl.invoke0(Native Method)
	at sun.reflect.NativeMethodAccessorImpl.invoke(NativeMethodAccessorImpl.java:62)
	at sun.reflect.DelegatingMethodAccessorImpl.invoke(DelegatingMethodAccessorImpl.java:43)
	at java.lang.reflect.Method.invoke(Method.java:498)
	at org.junit.runners.model.FrameworkMethod$1.runReflectiveCall(FrameworkMethod.java:50)
	at org.junit.internal.runners.model.ReflectiveCallable.run(ReflectiveCallable.java:12)
	at org.junit.runners.model.FrameworkMethod.invokeExplosively(FrameworkMethod.java:47)
	at org.junit.internal.runners.statements.InvokeMethod.evaluate(InvokeMethod.java:17)
	at org.junit.internal.runners.statements.RunAfters.evaluate(RunAfters.java:27)
	at org.junit.internal.runners.statements.FailOnTimeout$CallableStatement.call(FailOnTimeout.java:298)
	at org.junit.internal.runners.statements.FailOnTimeout$CallableStatement.call(FailOnTimeout.java:292)
	at java.util.concurrent.FutureTask.run(FutureTask.java:266)
	at java.lang.Thread.run(Thread.java:748)
2019-09-24 11:59:30,227 INFO  impl.FollowerState (FollowerState.java:run(108)) - s0@group-3D81F66BC438-FollowerState: change to CANDIDATE, lastRpcTime:299ms, electionTimeout:175ms
2019-09-24 11:59:30,227 INFO  impl.RoleInfo (RoleInfo.java:shutdownFollowerState(121)) - s0: shutdown FollowerState
2019-09-24 11:59:30,227 INFO  impl.RaftServerImpl (RaftServerImpl.java:setRole(170)) - s0@group-3D81F66BC438: changes role from  FOLLOWER to CANDIDATE at term 10 for changeToCandidate
2019-09-24 11:59:30,227 INFO  impl.RoleInfo (RoleInfo.java:updateAndGet(143)) - s0: start LeaderElection
2019-09-24 11:59:30,228 INFO  impl.RaftServerImpl (ServerState.java:setLeader(254)) - s0@group-3D81F66BC438: change Leader from s1 to null at term 10 for initElection
2019-09-24 11:59:30,244 INFO  impl.LeaderElection (LeaderElection.java:askForVotes(178)) - s0@group-3D81F66BC438-LeaderElection47: begin an election at term 11 for 7: [s0:0.0.0.0:42154, s1:0.0.0.0:36158, s2:0.0.0.0:36910], old=null
2019-09-24 11:59:30,245 DEBUG impl.RaftServerImpl (RaftServerImpl.java:requestVote(743)) - s1@group-3D81F66BC438: receive requestVote(s0, group-3D81F66BC438, 11, (t:9, i:8))
2019-09-24 11:59:30,245 DEBUG impl.RaftServerImpl (RaftServerImpl.java:requestVote(743)) - s2@group-3D81F66BC438: receive requestVote(s0, group-3D81F66BC438, 11, (t:9, i:8))
2019-09-24 11:59:30,245 INFO  impl.RaftServerImpl (ServerState.java:setLeader(254)) - s1@group-3D81F66BC438: change Leader from s1 to null at term 11 for updateCurrentTerm
2019-09-24 11:59:30,245 INFO  impl.RaftServerImpl (ServerState.java:setLeader(254)) - s2@group-3D81F66BC438: change Leader from s1 to null at term 11 for updateCurrentTerm
2019-09-24 11:59:30,245 INFO  impl.RaftServerImpl (RaftServerImpl.java:setRole(170)) - s1@group-3D81F66BC438: changes role from    LEADER to FOLLOWER at term 11 for recognizeCandidate:s0
2019-09-24 11:59:30,245 INFO  impl.RaftServerImpl (RaftServerImpl.java:setRole(170)) - s2@group-3D81F66BC438: changes role from  FOLLOWER to FOLLOWER at term 11 for recognizeCandidate:s0
2019-09-24 11:59:30,245 INFO  impl.RoleInfo (RoleInfo.java:shutdownLeaderState(104)) - s1: shutdown LeaderState
2019-09-24 11:59:30,246 INFO  impl.RoleInfo (RoleInfo.java:shutdownFollowerState(121)) - s2: shutdown FollowerState
2019-09-24 11:59:30,247 INFO  impl.LogAppender (LogAppender.java:run(78)) - s1@group-3D81F66BC438->s0-LogAppender-AppenderDaemon was interrupted: java.io.InterruptedIOException: 
2019-09-24 11:59:30,247 INFO  impl.LogAppender (LogAppender.java:run(78)) - s1@group-3D81F66BC438->s2-LogAppender-AppenderDaemon was interrupted: java.io.InterruptedIOException: 
2019-09-24 11:59:30,247 INFO  impl.FollowerState (FollowerState.java:run(117)) - s2@group-3D81F66BC438-FollowerState was interrupted: java.lang.InterruptedException: sleep interrupted
2019-09-24 11:59:30,247 INFO  impl.RoleInfo (RoleInfo.java:updateAndGet(143)) - s2: start FollowerState
2019-09-24 11:59:30,247 INFO  impl.PendingRequests (PendingRequests.java:sendNotLeaderResponses(202)) - s1@group-3D81F66BC438-PendingRequests: sendNotLeaderResponses
2019-09-24 11:59:30,249 INFO  impl.RoleInfo (RoleInfo.java:updateAndGet(143)) - s1: start FollowerState
2019-09-24 11:59:30,261 DEBUG impl.RaftServerImpl (RaftServerImpl.java:requestVote(775)) - s1@group-3D81F66BC438 replies to vote request: s0<-s1#0:FAIL-t11. Peer's state: s1@group-3D81F66BC438:t11, leader=null, voted=null, raftlog=s1@group-3D81F66BC438-SegmentedRaftLog:OPENED:c8,f9,i9, conf=8: [s0:0.0.0.0:42154, s1:0.0.0.0:36158, s2:0.0.0.0:36910], old=null
2019-09-24 11:59:30,261 DEBUG impl.RaftServerImpl (RaftServerImpl.java:requestVote(775)) - s2@group-3D81F66BC438 replies to vote request: s0<-s2#0:FAIL-t11. Peer's state: s2@group-3D81F66BC438:t11, leader=null, voted=null, raftlog=s2@group-3D81F66BC438-SegmentedRaftLog:OPENED:c5,f8,i8, conf=8: [s0:0.0.0.0:42154, s1:0.0.0.0:36158, s2:0.0.0.0:36910], old=null
2019-09-24 11:59:30,262 INFO  impl.LeaderElection (LeaderElection.java:logAndReturn(56)) - s0@group-3D81F66BC438-LeaderElection47: Election REJECTED; received 2 response(s) [s0<-s1#0:FAIL-t11, s0<-s2#0:FAIL-t11] and 0 exception(s); s0@group-3D81F66BC438:t11, leader=null, voted=s0, raftlog=s0@group-3D81F66BC438-SegmentedRaftLog:OPENED:c7,f8,i8, conf=7: [s0:0.0.0.0:42154, s1:0.0.0.0:36158, s2:0.0.0.0:36910], old=null
2019-09-24 11:59:30,262 INFO  impl.RaftServerImpl (RaftServerImpl.java:setRole(170)) - s0@group-3D81F66BC438: changes role from CANDIDATE to FOLLOWER at term 11 for DISCOVERED_A_NEW_TERM
2019-09-24 11:59:30,262 INFO  impl.RoleInfo (RoleInfo.java:shutdownLeaderElection(134)) - s0: shutdown LeaderElection
2019-09-24 11:59:30,262 INFO  impl.RoleInfo (RoleInfo.java:updateAndGet(143)) - s0: start FollowerState
2019-09-24 11:59:30,277 DEBUG impl.RaftServerImpl (RaftServerImpl.java:logAppendEntries(850)) - s2@group-3D81F66BC438: receive appendEntries(s0, 9, (t:9, i:7), 7, false, commits[s0:c7, s1:c6, s2:c5], entries: (t:9, i:8), METADATAENTRY(c7)
2019-09-24 11:59:30,277 DEBUG impl.RaftServerImpl (RaftServerImpl.java:appendEntriesAsync(906)) - s2@group-3D81F66BC438: Not recognize s0 (term=9) as leader, state: s2@group-3D81F66BC438:t11, leader=null, voted=null, raftlog=s2@group-3D81F66BC438-SegmentedRaftLog:OPENED:c5,f8,i8, conf=8: [s0:0.0.0.0:42154, s1:0.0.0.0:36158, s2:0.0.0.0:36910], old=null reply: s0<-s2#0:FAIL,NOT_LEADER,nextIndex:9,term:11,followerCommit:5
2019-09-24 11:59:30,278 DEBUG impl.RaftServerImpl (RaftServerImpl.java:logAppendEntries(850)) - s1@group-3D81F66BC438: receive appendEntries(s0, 9, (t:9, i:7), 7, false, commits[s0:c7, s1:c6, s2:c5], entries: (t:9, i:8), METADATAENTRY(c7)
2019-09-24 11:59:30,278 DEBUG impl.RaftServerImpl (RaftServerImpl.java:appendEntriesAsync(906)) - s1@group-3D81F66BC438: Not recognize s0 (term=9) as leader, state: s1@group-3D81F66BC438:t11, leader=null, voted=null, raftlog=s1@group-3D81F66BC438-SegmentedRaftLog:OPENED:c8,f9,i9, conf=8: [s0:0.0.0.0:42154, s1:0.0.0.0:36158, s2:0.0.0.0:36910], old=null reply: s0<-s1#0:FAIL,NOT_LEADER,nextIndex:10,term:11,followerCommit:8
2019-09-24 11:59:30,286 INFO  server.RaftServerConfigKeys (ConfUtils.java:logGet(43)) - raft.server.rpc.timeout.max = 300ms (default)
2019-09-24 11:59:30,287 INFO  ratis.RaftTestUtil (RaftTestUtil.java:waitForLeader(86)) - printing ALL groups
  s0:  RUNNING  FOLLOWER s0@group-3D81F66BC438:t11, leader=null, voted=s0, raftlog=s0@group-3D81F66BC438-SegmentedRaftLog:OPENED:c7,f8,i8, conf=7: [s0:0.0.0.0:42154, s1:0.0.0.0:36158, s2:0.0.0.0:36910], old=null RUNNING
  s1:  RUNNING  FOLLOWER s1@group-3D81F66BC438:t11, leader=null, voted=null, raftlog=s1@group-3D81F66BC438-SegmentedRaftLog:OPENED:c8,f9,i9, conf=8: [s0:0.0.0.0:42154, s1:0.0.0.0:36158, s2:0.0.0.0:36910], old=null RUNNING
  s2:  RUNNING  FOLLOWER s2@group-3D81F66BC438:t11, leader=null, voted=null, raftlog=s2@group-3D81F66BC438-SegmentedRaftLog:OPENED:c5,f8,i8, conf=8: [s0:0.0.0.0:42154, s1:0.0.0.0:36158, s2:0.0.0.0:36910], old=null RUNNING
2019-09-24 11:59:30,287 WARN  ratis.RaftTestUtil (JavaUtils.java:attempt(158)) - FAILED "waitForLeader-null-(expectLeader? true)", attempt #1/100: java.lang.IllegalStateException: No leader yet : printing ALL groups
  s0:  RUNNING  FOLLOWER s0@group-3D81F66BC438:t11, leader=null, voted=s0, raftlog=s0@group-3D81F66BC438-SegmentedRaftLog:OPENED:c7,f8,i8, conf=7: [s0:0.0.0.0:42154, s1:0.0.0.0:36158, s2:0.0.0.0:36910], old=null RUNNING
  s1:  RUNNING  FOLLOWER s1@group-3D81F66BC438:t11, leader=null, voted=null, raftlog=s1@group-3D81F66BC438-SegmentedRaftLog:OPENED:c8,f9,i9, conf=8: [s0:0.0.0.0:42154, s1:0.0.0.0:36158, s2:0.0.0.0:36910], old=null RUNNING
  s2:  RUNNING  FOLLOWER s2@group-3D81F66BC438:t11, leader=null, voted=null, raftlog=s2@group-3D81F66BC438-SegmentedRaftLog:OPENED:c5,f8,i8, conf=8: [s0:0.0.0.0:42154, s1:0.0.0.0:36158, s2:0.0.0.0:36910], old=null RUNNING, sleep 450ms and then retry.
java.lang.IllegalStateException: No leader yet : printing ALL groups
  s0:  RUNNING  FOLLOWER s0@group-3D81F66BC438:t11, leader=null, voted=s0, raftlog=s0@group-3D81F66BC438-SegmentedRaftLog:OPENED:c7,f8,i8, conf=7: [s0:0.0.0.0:42154, s1:0.0.0.0:36158, s2:0.0.0.0:36910], old=null RUNNING
  s1:  RUNNING  FOLLOWER s1@group-3D81F66BC438:t11, leader=null, voted=null, raftlog=s1@group-3D81F66BC438-SegmentedRaftLog:OPENED:c8,f9,i9, conf=8: [s0:0.0.0.0:42154, s1:0.0.0.0:36158, s2:0.0.0.0:36910], old=null RUNNING
  s2:  RUNNING  FOLLOWER s2@group-3D81F66BC438:t11, leader=null, voted=null, raftlog=s2@group-3D81F66BC438-SegmentedRaftLog:OPENED:c5,f8,i8, conf=8: [s0:0.0.0.0:42154, s1:0.0.0.0:36158, s2:0.0.0.0:36910], old=null RUNNING
	at org.apache.ratis.MiniRaftCluster.newIllegalStateExceptionForNoLeaders(MiniRaftCluster.java:506)
	at org.apache.ratis.RaftTestUtil.lambda$waitForLeader$1(RaftTestUtil.java:90)
	at org.apache.ratis.MiniRaftCluster.getLeader(MiniRaftCluster.java:539)
	at org.apache.ratis.MiniRaftCluster.getLeader(MiniRaftCluster.java:532)
	at org.apache.ratis.RaftTestUtil.lambda$waitForLeader$3(RaftTestUtil.java:98)
	at org.apache.ratis.util.JavaUtils.attempt(JavaUtils.java:152)
	at org.apache.ratis.RaftTestUtil.waitForLeader(RaftTestUtil.java:97)
	at org.apache.ratis.RaftTestUtil.waitForLeader(RaftTestUtil.java:77)
	at org.apache.ratis.RaftTestUtil.waitForLeader(RaftTestUtil.java:72)
	at org.apache.ratis.RaftTestUtil.lambda$changeLeader$7(RaftTestUtil.java:363)
	at org.apache.ratis.util.JavaUtils.attempt(JavaUtils.java:152)
	at org.apache.ratis.RaftTestUtil.changeLeader(RaftTestUtil.java:362)
	at org.apache.ratis.server.impl.LeaderElectionTests.testChangeLeader(LeaderElectionTests.java:81)
	at sun.reflect.NativeMethodAccessorImpl.invoke0(Native Method)
	at sun.reflect.NativeMethodAccessorImpl.invoke(NativeMethodAccessorImpl.java:62)
	at sun.reflect.DelegatingMethodAccessorImpl.invoke(DelegatingMethodAccessorImpl.java:43)
	at java.lang.reflect.Method.invoke(Method.java:498)
	at org.junit.runners.model.FrameworkMethod$1.runReflectiveCall(FrameworkMethod.java:50)
	at org.junit.internal.runners.model.ReflectiveCallable.run(ReflectiveCallable.java:12)
	at org.junit.runners.model.FrameworkMethod.invokeExplosively(FrameworkMethod.java:47)
	at org.junit.internal.runners.statements.InvokeMethod.evaluate(InvokeMethod.java:17)
	at org.junit.internal.runners.statements.RunAfters.evaluate(RunAfters.java:27)
	at org.junit.internal.runners.statements.FailOnTimeout$CallableStatement.call(FailOnTimeout.java:298)
	at org.junit.internal.runners.statements.FailOnTimeout$CallableStatement.call(FailOnTimeout.java:292)
	at java.util.concurrent.FutureTask.run(FutureTask.java:266)
	at java.lang.Thread.run(Thread.java:748)
2019-09-24 11:59:30,520 INFO  impl.FollowerState (FollowerState.java:run(108)) - s2@group-3D81F66BC438-FollowerState: change to CANDIDATE, lastRpcTime:272ms, electionTimeout:271ms
2019-09-24 11:59:30,520 INFO  impl.RoleInfo (RoleInfo.java:shutdownFollowerState(121)) - s2: shutdown FollowerState
2019-09-24 11:59:30,520 INFO  impl.RaftServerImpl (RaftServerImpl.java:setRole(170)) - s2@group-3D81F66BC438: changes role from  FOLLOWER to CANDIDATE at term 11 for changeToCandidate
2019-09-24 11:59:30,520 INFO  impl.RoleInfo (RoleInfo.java:updateAndGet(143)) - s2: start LeaderElection
2019-09-24 11:59:30,530 INFO  impl.FollowerState (FollowerState.java:run(108)) - s0@group-3D81F66BC438-FollowerState: change to CANDIDATE, lastRpcTime:267ms, electionTimeout:267ms
2019-09-24 11:59:30,530 INFO  impl.RoleInfo (RoleInfo.java:shutdownFollowerState(121)) - s0: shutdown FollowerState
2019-09-24 11:59:30,530 INFO  impl.RaftServerImpl (RaftServerImpl.java:setRole(170)) - s0@group-3D81F66BC438: changes role from  FOLLOWER to CANDIDATE at term 11 for changeToCandidate
2019-09-24 11:59:30,530 INFO  impl.RoleInfo (RoleInfo.java:updateAndGet(143)) - s0: start LeaderElection
2019-09-24 11:59:30,535 INFO  impl.LeaderElection (LeaderElection.java:askForVotes(178)) - s0@group-3D81F66BC438-LeaderElection49: begin an election at term 12 for 7: [s0:0.0.0.0:42154, s1:0.0.0.0:36158, s2:0.0.0.0:36910], old=null
2019-09-24 11:59:30,535 INFO  impl.LeaderElection (LeaderElection.java:askForVotes(178)) - s2@group-3D81F66BC438-LeaderElection48: begin an election at term 12 for 8: [s0:0.0.0.0:42154, s1:0.0.0.0:36158, s2:0.0.0.0:36910], old=null
2019-09-24 11:59:30,535 DEBUG impl.RaftServerImpl (RaftServerImpl.java:requestVote(743)) - s1@group-3D81F66BC438: receive requestVote(s0, group-3D81F66BC438, 12, (t:9, i:8))
2019-09-24 11:59:30,536 DEBUG impl.RaftServerImpl (RaftServerImpl.java:requestVote(743)) - s0@group-3D81F66BC438: receive requestVote(s2, group-3D81F66BC438, 12, (t:10, i:8))
2019-09-24 11:59:30,536 DEBUG impl.RaftServerImpl (RaftServerImpl.java:requestVote(743)) - s2@group-3D81F66BC438: receive requestVote(s0, group-3D81F66BC438, 12, (t:9, i:8))
2019-09-24 11:59:30,536 INFO  impl.RaftServerImpl (RaftServerImpl.java:setRole(170)) - s1@group-3D81F66BC438: changes role from  FOLLOWER to FOLLOWER at term 12 for recognizeCandidate:s0
2019-09-24 11:59:30,536 DEBUG impl.RaftServerImpl (RaftServerImpl.java:requestVote(775)) - s2@group-3D81F66BC438 replies to vote request: s0<-s2#0:FAIL-t12. Peer's state: s2@group-3D81F66BC438:t12, leader=null, voted=s2, raftlog=s2@group-3D81F66BC438-SegmentedRaftLog:OPENED:c5,f8,i8, conf=8: [s0:0.0.0.0:42154, s1:0.0.0.0:36158, s2:0.0.0.0:36910], old=null
2019-09-24 11:59:30,536 DEBUG impl.RaftServerImpl (RaftServerImpl.java:requestVote(775)) - s0@group-3D81F66BC438 replies to vote request: s2<-s0#0:FAIL-t12. Peer's state: s0@group-3D81F66BC438:t12, leader=null, voted=s0, raftlog=s0@group-3D81F66BC438-SegmentedRaftLog:OPENED:c7,f8,i8, conf=7: [s0:0.0.0.0:42154, s1:0.0.0.0:36158, s2:0.0.0.0:36910], old=null
2019-09-24 11:59:30,536 DEBUG impl.RaftServerImpl (RaftServerImpl.java:requestVote(743)) - s1@group-3D81F66BC438: receive requestVote(s2, group-3D81F66BC438, 12, (t:10, i:8))
2019-09-24 11:59:30,536 INFO  impl.RoleInfo (RoleInfo.java:shutdownFollowerState(121)) - s1: shutdown FollowerState
2019-09-24 11:59:30,537 INFO  impl.RoleInfo (RoleInfo.java:updateAndGet(143)) - s1: start FollowerState
2019-09-24 11:59:30,537 INFO  impl.FollowerState (FollowerState.java:run(117)) - s1@group-3D81F66BC438-FollowerState was interrupted: java.lang.InterruptedException: sleep interrupted
2019-09-24 11:59:30,561 DEBUG impl.RaftServerImpl (RaftServerImpl.java:requestVote(775)) - s1@group-3D81F66BC438 replies to vote request: s0<-s1#0:FAIL-t12. Peer's state: s1@group-3D81F66BC438:t12, leader=null, voted=null, raftlog=s1@group-3D81F66BC438-SegmentedRaftLog:OPENED:c8,f9,i9, conf=8: [s0:0.0.0.0:42154, s1:0.0.0.0:36158, s2:0.0.0.0:36910], old=null
2019-09-24 11:59:30,562 INFO  impl.RaftServerImpl (RaftServerImpl.java:setRole(170)) - s1@group-3D81F66BC438: changes role from  FOLLOWER to FOLLOWER at term 12 for recognizeCandidate:s2
2019-09-24 11:59:30,562 INFO  impl.RoleInfo (RoleInfo.java:shutdownFollowerState(121)) - s1: shutdown FollowerState
2019-09-24 11:59:30,562 INFO  impl.LeaderElection (LeaderElection.java:logAndReturn(56)) - s0@group-3D81F66BC438-LeaderElection49: Election REJECTED; received 2 response(s) [s0<-s1#0:FAIL-t12, s0<-s2#0:FAIL-t12] and 0 exception(s); s0@group-3D81F66BC438:t12, leader=null, voted=s0, raftlog=s0@group-3D81F66BC438-SegmentedRaftLog:OPENED:c7,f8,i8, conf=7: [s0:0.0.0.0:42154, s1:0.0.0.0:36158, s2:0.0.0.0:36910], old=null
2019-09-24 11:59:30,562 INFO  impl.FollowerState (FollowerState.java:run(117)) - s1@group-3D81F66BC438-FollowerState was interrupted: java.lang.InterruptedException: sleep interrupted
2019-09-24 11:59:30,562 INFO  impl.RoleInfo (RoleInfo.java:updateAndGet(143)) - s1: start FollowerState
2019-09-24 11:59:30,562 INFO  impl.RaftServerImpl (RaftServerImpl.java:setRole(170)) - s0@group-3D81F66BC438: changes role from CANDIDATE to FOLLOWER at term 12 for DISCOVERED_A_NEW_TERM
2019-09-24 11:59:30,563 INFO  impl.RoleInfo (RoleInfo.java:shutdownLeaderElection(134)) - s0: shutdown LeaderElection
2019-09-24 11:59:30,563 DEBUG impl.RaftServerImpl (RaftServerImpl.java:requestVote(775)) - s1@group-3D81F66BC438 replies to vote request: s2<-s1#0:FAIL-t12. Peer's state: s1@group-3D81F66BC438:t12, leader=null, voted=null, raftlog=s1@group-3D81F66BC438-SegmentedRaftLog:OPENED:c8,f9,i9, conf=8: [s0:0.0.0.0:42154, s1:0.0.0.0:36158, s2:0.0.0.0:36910], old=null
2019-09-24 11:59:30,563 INFO  impl.RoleInfo (RoleInfo.java:updateAndGet(143)) - s0: start FollowerState
2019-09-24 11:59:30,563 INFO  impl.LeaderElection (LeaderElection.java:logAndReturn(56)) - s2@group-3D81F66BC438-LeaderElection48: Election REJECTED; received 2 response(s) [s2<-s0#0:FAIL-t12, s2<-s1#0:FAIL-t12] and 0 exception(s); s2@group-3D81F66BC438:t12, leader=null, voted=s2, raftlog=s2@group-3D81F66BC438-SegmentedRaftLog:OPENED:c5,f8,i8, conf=8: [s0:0.0.0.0:42154, s1:0.0.0.0:36158, s2:0.0.0.0:36910], old=null
2019-09-24 11:59:30,563 INFO  impl.RaftServerImpl (RaftServerImpl.java:setRole(170)) - s2@group-3D81F66BC438: changes role from CANDIDATE to FOLLOWER at term 12 for DISCOVERED_A_NEW_TERM
2019-09-24 11:59:30,564 INFO  impl.RoleInfo (RoleInfo.java:shutdownLeaderElection(134)) - s2: shutdown LeaderElection
2019-09-24 11:59:30,564 INFO  impl.RoleInfo (RoleInfo.java:updateAndGet(143)) - s2: start FollowerState
2019-09-24 11:59:30,738 WARN  ratis.RaftTestUtil (JavaUtils.java:attempt(158)) - FAILED "waitForLeader-null-(expectLeader? true)", attempt #2/100: java.lang.IllegalStateException: No leader yet : printing ALL groups
  s0:  RUNNING  FOLLOWER s0@group-3D81F66BC438:t12, leader=null, voted=s0, raftlog=s0@group-3D81F66BC438-SegmentedRaftLog:OPENED:c7,f8,i8, conf=7: [s0:0.0.0.0:42154, s1:0.0.0.0:36158, s2:0.0.0.0:36910], old=null RUNNING
  s1:  RUNNING  FOLLOWER s1@group-3D81F66BC438:t12, leader=null, voted=null, raftlog=s1@group-3D81F66BC438-SegmentedRaftLog:OPENED:c8,f9,i9, conf=8: [s0:0.0.0.0:42154, s1:0.0.0.0:36158, s2:0.0.0.0:36910], old=null RUNNING
  s2:  RUNNING  FOLLOWER s2@group-3D81F66BC438:t12, leader=null, voted=s2, raftlog=s2@group-3D81F66BC438-SegmentedRaftLog:OPENED:c5,f8,i8, conf=8: [s0:0.0.0.0:42154, s1:0.0.0.0:36158, s2:0.0.0.0:36910], old=null RUNNING, sleep 450ms and then retry.
java.lang.IllegalStateException: No leader yet : printing ALL groups
  s0:  RUNNING  FOLLOWER s0@group-3D81F66BC438:t12, leader=null, voted=s0, raftlog=s0@group-3D81F66BC438-SegmentedRaftLog:OPENED:c7,f8,i8, conf=7: [s0:0.0.0.0:42154, s1:0.0.0.0:36158, s2:0.0.0.0:36910], old=null RUNNING
  s1:  RUNNING  FOLLOWER s1@group-3D81F66BC438:t12, leader=null, voted=null, raftlog=s1@group-3D81F66BC438-SegmentedRaftLog:OPENED:c8,f9,i9, conf=8: [s0:0.0.0.0:42154, s1:0.0.0.0:36158, s2:0.0.0.0:36910], old=null RUNNING
  s2:  RUNNING  FOLLOWER s2@group-3D81F66BC438:t12, leader=null, voted=s2, raftlog=s2@group-3D81F66BC438-SegmentedRaftLog:OPENED:c5,f8,i8, conf=8: [s0:0.0.0.0:42154, s1:0.0.0.0:36158, s2:0.0.0.0:36910], old=null RUNNING
	at org.apache.ratis.MiniRaftCluster.newIllegalStateExceptionForNoLeaders(MiniRaftCluster.java:506)
	at org.apache.ratis.RaftTestUtil.lambda$waitForLeader$1(RaftTestUtil.java:90)
	at org.apache.ratis.MiniRaftCluster.getLeader(MiniRaftCluster.java:539)
	at org.apache.ratis.MiniRaftCluster.getLeader(MiniRaftCluster.java:532)
	at org.apache.ratis.RaftTestUtil.lambda$waitForLeader$3(RaftTestUtil.java:98)
	at org.apache.ratis.util.JavaUtils.attempt(JavaUtils.java:152)
	at org.apache.ratis.RaftTestUtil.waitForLeader(RaftTestUtil.java:97)
	at org.apache.ratis.RaftTestUtil.waitForLeader(RaftTestUtil.java:77)
	at org.apache.ratis.RaftTestUtil.waitForLeader(RaftTestUtil.java:72)
	at org.apache.ratis.RaftTestUtil.lambda$changeLeader$7(RaftTestUtil.java:363)
	at org.apache.ratis.util.JavaUtils.attempt(JavaUtils.java:152)
	at org.apache.ratis.RaftTestUtil.changeLeader(RaftTestUtil.java:362)
	at org.apache.ratis.server.impl.LeaderElectionTests.testChangeLeader(LeaderElectionTests.java:81)
	at sun.reflect.NativeMethodAccessorImpl.invoke0(Native Method)
	at sun.reflect.NativeMethodAccessorImpl.invoke(NativeMethodAccessorImpl.java:62)
	at sun.reflect.DelegatingMethodAccessorImpl.invoke(DelegatingMethodAccessorImpl.java:43)
	at java.lang.reflect.Method.invoke(Method.java:498)
	at org.junit.runners.model.FrameworkMethod$1.runReflectiveCall(FrameworkMethod.java:50)
	at org.junit.internal.runners.model.ReflectiveCallable.run(ReflectiveCallable.java:12)
	at org.junit.runners.model.FrameworkMethod.invokeExplosively(FrameworkMethod.java:47)
	at org.junit.internal.runners.statements.InvokeMethod.evaluate(InvokeMethod.java:17)
	at org.junit.internal.runners.statements.RunAfters.evaluate(RunAfters.java:27)
	at org.junit.internal.runners.statements.FailOnTimeout$CallableStatement.call(FailOnTimeout.java:298)
	at org.junit.internal.runners.statements.FailOnTimeout$CallableStatement.call(FailOnTimeout.java:292)
	at java.util.concurrent.FutureTask.run(FutureTask.java:266)
	at java.lang.Thread.run(Thread.java:748)
2019-09-24 11:59:30,759 INFO  impl.FollowerState (FollowerState.java:run(108)) - s2@group-3D81F66BC438-FollowerState: change to CANDIDATE, lastRpcTime:195ms, electionTimeout:195ms
2019-09-24 11:59:30,759 INFO  impl.RoleInfo (RoleInfo.java:shutdownFollowerState(121)) - s2: shutdown FollowerState
2019-09-24 11:59:30,759 INFO  impl.RaftServerImpl (RaftServerImpl.java:setRole(170)) - s2@group-3D81F66BC438: changes role from  FOLLOWER to CANDIDATE at term 12 for changeToCandidate
2019-09-24 11:59:30,760 INFO  impl.RoleInfo (RoleInfo.java:updateAndGet(143)) - s2: start LeaderElection
2019-09-24 11:59:30,771 INFO  impl.FollowerState (FollowerState.java:run(108)) - s1@group-3D81F66BC438-FollowerState: change to CANDIDATE, lastRpcTime:208ms, electionTimeout:208ms
2019-09-24 11:59:30,771 INFO  impl.RoleInfo (RoleInfo.java:shutdownFollowerState(121)) - s1: shutdown FollowerState
2019-09-24 11:59:30,771 INFO  impl.RaftServerImpl (RaftServerImpl.java:setRole(170)) - s1@group-3D81F66BC438: changes role from  FOLLOWER to CANDIDATE at term 12 for changeToCandidate
2019-09-24 11:59:30,771 INFO  impl.RoleInfo (RoleInfo.java:updateAndGet(143)) - s1: start LeaderElection
2019-09-24 11:59:30,773 INFO  impl.LeaderElection (LeaderElection.java:askForVotes(178)) - s2@group-3D81F66BC438-LeaderElection50: begin an election at term 13 for 8: [s0:0.0.0.0:42154, s1:0.0.0.0:36158, s2:0.0.0.0:36910], old=null
2019-09-24 11:59:30,774 DEBUG impl.RaftServerImpl (RaftServerImpl.java:requestVote(743)) - s0@group-3D81F66BC438: receive requestVote(s2, group-3D81F66BC438, 13, (t:10, i:8))
2019-09-24 11:59:30,774 DEBUG impl.RaftServerImpl (RaftServerImpl.java:requestVote(743)) - s1@group-3D81F66BC438: receive requestVote(s2, group-3D81F66BC438, 13, (t:10, i:8))
2019-09-24 11:59:30,774 INFO  impl.RaftServerImpl (RaftServerImpl.java:setRole(170)) - s0@group-3D81F66BC438: changes role from  FOLLOWER to FOLLOWER at term 13 for recognizeCandidate:s2
2019-09-24 11:59:30,775 INFO  impl.RoleInfo (RoleInfo.java:shutdownFollowerState(121)) - s0: shutdown FollowerState
2019-09-24 11:59:30,775 INFO  impl.RoleInfo (RoleInfo.java:updateAndGet(143)) - s0: start FollowerState
2019-09-24 11:59:30,775 INFO  impl.FollowerState (FollowerState.java:run(117)) - s0@group-3D81F66BC438-FollowerState was interrupted: java.lang.InterruptedException: sleep interrupted
2019-09-24 11:59:30,788 INFO  impl.LeaderElection (LeaderElection.java:askForVotes(178)) - s1@group-3D81F66BC438-LeaderElection51: begin an election at term 13 for 8: [s0:0.0.0.0:42154, s1:0.0.0.0:36158, s2:0.0.0.0:36910], old=null
2019-09-24 11:59:30,788 DEBUG impl.RaftServerImpl (RaftServerImpl.java:requestVote(775)) - s1@group-3D81F66BC438 replies to vote request: s2<-s1#0:FAIL-t13. Peer's state: s1@group-3D81F66BC438:t13, leader=null, voted=s1, raftlog=s1@group-3D81F66BC438-SegmentedRaftLog:OPENED:c8,f9,i9, conf=8: [s0:0.0.0.0:42154, s1:0.0.0.0:36158, s2:0.0.0.0:36910], old=null
2019-09-24 11:59:30,790 DEBUG impl.RaftServerImpl (RaftServerImpl.java:requestVote(775)) - s0@group-3D81F66BC438 replies to vote request: s2<-s0#0:OK-t13. Peer's state: s0@group-3D81F66BC438:t13, leader=null, voted=s2, raftlog=s0@group-3D81F66BC438-SegmentedRaftLog:OPENED:c7,f8,i8, conf=7: [s0:0.0.0.0:42154, s1:0.0.0.0:36158, s2:0.0.0.0:36910], old=null
2019-09-24 11:59:30,790 INFO  impl.LeaderElection (LeaderElection.java:logAndReturn(56)) - s2@group-3D81F66BC438-LeaderElection50: Election PASSED; received 2 response(s) [s2<-s0#0:OK-t13, s2<-s1#0:FAIL-t13] and 0 exception(s); s2@group-3D81F66BC438:t13, leader=null, voted=s2, raftlog=s2@group-3D81F66BC438-SegmentedRaftLog:OPENED:c5,f8,i8, conf=8: [s0:0.0.0.0:42154, s1:0.0.0.0:36158, s2:0.0.0.0:36910], old=null
2019-09-24 11:59:30,791 INFO  impl.RoleInfo (RoleInfo.java:shutdownLeaderElection(134)) - s2: shutdown LeaderElection
2019-09-24 11:59:30,791 INFO  impl.RaftServerImpl (RaftServerImpl.java:setRole(170)) - s2@group-3D81F66BC438: changes role from CANDIDATE to LEADER at term 13 for changeToLeader
2019-09-24 11:59:30,791 INFO  impl.RaftServerImpl (ServerState.java:setLeader(254)) - s2@group-3D81F66BC438: change Leader from null to s2 at term 13 for becomeLeader, leader elected after 545ms
2019-09-24 11:59:30,791 INFO  server.RaftServerConfigKeys (ConfUtils.java:logGet(43)) - raft.server.staging.catchup.gap = 1000 (default)
2019-09-24 11:59:30,791 INFO  server.RaftServerConfigKeys (ConfUtils.java:logGet(43)) - raft.server.rpc.sleep.time = 25ms (default)
2019-09-24 11:59:30,791 INFO  server.RaftServerConfigKeys (ConfUtils.java:logGet(43)) - raft.server.write.element-limit = 4096 (default)
2019-09-24 11:59:30,792 INFO  server.RaftServerConfigKeys (ConfUtils.java:logGet(43)) - raft.server.watch.timeout = 10s (default)
2019-09-24 11:59:30,792 INFO  server.RaftServerConfigKeys (ConfUtils.java:logGet(43)) - raft.server.watch.timeout.denomination = 1s (default)
2019-09-24 11:59:30,792 INFO  server.RaftServerConfigKeys (ConfUtils.java:logGet(43)) - raft.server.watch.element-limit = 65536 (default)
2019-09-24 11:59:30,792 INFO  server.RaftServerConfigKeys (ConfUtils.java:logGet(43)) - raft.server.log.appender.snapshot.chunk.size.max = 16MB (=16777216) (default)
2019-09-24 11:59:30,792 INFO  server.RaftServerConfigKeys (ConfUtils.java:logGet(43)) - raft.server.log.appender.buffer.byte-limit = 4MB (=4194304) (default)
2019-09-24 11:59:30,793 INFO  server.RaftServerConfigKeys (ConfUtils.java:logGet(43)) - raft.server.log.appender.buffer.element-limit = 0 (default)
2019-09-24 11:59:30,793 INFO  server.RaftServerConfigKeys (ConfUtils.java:logGet(43)) - raft.server.log.appender.snapshot.chunk.size.max = 16MB (=16777216) (default)
2019-09-24 11:59:30,793 INFO  server.RaftServerConfigKeys (ConfUtils.java:logGet(43)) - raft.server.log.appender.buffer.byte-limit = 4MB (=4194304) (default)
2019-09-24 11:59:30,793 INFO  server.RaftServerConfigKeys (ConfUtils.java:logGet(43)) - raft.server.log.appender.buffer.element-limit = 0 (default)
2019-09-24 11:59:30,794 INFO  impl.RoleInfo (RoleInfo.java:updateAndGet(143)) - s2: start LeaderState
2019-09-24 11:59:30,794 INFO  segmented.SegmentedRaftLogWorker (SegmentedRaftLogWorker.java:rollLogSegment(385)) - s2@group-3D81F66BC438-SegmentedRaftLogWorker: Rolling segment log-8_8 to index:8
2019-09-24 11:59:30,794 DEBUG segmented.SegmentedRaftLogWorker (SegmentedRaftLogWorker.java:addIOTask(251)) - s2@group-3D81F66BC438-SegmentedRaftLogWorker adds IO task FinalizeLogSegment:8: startIndex=8 endIndex=8
2019-09-24 11:59:30,794 DEBUG segmented.SegmentedRaftLogWorker (SegmentedRaftLogWorker.java:addIOTask(251)) - s2@group-3D81F66BC438-SegmentedRaftLogWorker adds IO task StartLogSegment:9
2019-09-24 11:59:30,795 DEBUG segmented.SegmentedRaftLogWorker (SegmentedRaftLogWorker.java:addIOTask(251)) - s2@group-3D81F66BC438-SegmentedRaftLogWorker adds IO task WriteLog:9: (t:13, i:9), CONFIGURATIONENTRY
2019-09-24 11:59:30,796 INFO  impl.RaftServerImpl (ServerState.java:setRaftConf(355)) - s2@group-3D81F66BC438: set configuration 9: [s0:0.0.0.0:42154, s1:0.0.0.0:36158, s2:0.0.0.0:36910], old=null at 9
2019-09-24 11:59:30,796 INFO  impl.RaftServerImpl (ServerState.java:setLeader(254)) - s0@group-3D81F66BC438: change Leader from null to s2 at term 13 for appendEntries, leader elected after 568ms
2019-09-24 11:59:30,796 INFO  impl.RaftServerImpl (RaftServerImpl.java:setRole(170)) - s1@group-3D81F66BC438: changes role from CANDIDATE to FOLLOWER at term 13 for appendEntries
2019-09-24 11:59:30,796 INFO  impl.RaftServerImpl (RaftServerImpl.java:checkInconsistentAppendEntries(999)) - s0@group-3D81F66BC438: Failed appendEntries as previous log entry ((t:10, i:8)) is not found
2019-09-24 11:59:30,796 INFO  impl.RoleInfo (RoleInfo.java:shutdownLeaderElection(134)) - s1: shutdown LeaderElection
2019-09-24 11:59:30,796 INFO  impl.RaftServerImpl (RaftServerImpl.java:checkInconsistentAppendEntries(972)) - s0@group-3D81F66BC438: inconsistency entries. Reply:s2<-s0#0:FAIL,INCONSISTENCY,nextIndex:8,term:13,followerCommit:7
2019-09-24 11:59:30,797 INFO  impl.RoleInfo (RoleInfo.java:updateAndGet(143)) - s1: start FollowerState
2019-09-24 11:59:30,797 TRACE util.FileUtils (LogUtils.java:runAndLog(61)) - Successfully ran Files.move /workdir/ratis-test/target/test/data/1630e404/MiniRaftClusterWithSimulatedRpcecb8161c/s2/20b5bf50-abb9-421f-8107-3d81f66bc438/current/log_inprogress_8 to /workdir/ratis-test/target/test/data/1630e404/MiniRaftClusterWithSimulatedRpcecb8161c/s2/20b5bf50-abb9-421f-8107-3d81f66bc438/current/log_8-8
2019-09-24 11:59:30,797 INFO  impl.RaftServerImpl (ServerState.java:setLeader(254)) - s1@group-3D81F66BC438: change Leader from null to s2 at term 13 for appendEntries, leader elected after 552ms
2019-09-24 11:59:30,797 INFO  impl.FollowerInfo (FollowerInfo.java:lambda$new$0(51)) - s2@group-3D81F66BC438->s0: nextIndex: updateUnconditionally 9 -> 8
2019-09-24 11:59:30,797 INFO  segmented.SegmentedRaftLogWorker (SegmentedRaftLogWorker.java:execute(526)) - s2@group-3D81F66BC438-SegmentedRaftLogWorker: Rolled log segment from /workdir/ratis-test/target/test/data/1630e404/MiniRaftClusterWithSimulatedRpcecb8161c/s2/20b5bf50-abb9-421f-8107-3d81f66bc438/current/log_inprogress_8 to /workdir/ratis-test/target/test/data/1630e404/MiniRaftClusterWithSimulatedRpcecb8161c/s2/20b5bf50-abb9-421f-8107-3d81f66bc438/current/log_8-8
2019-09-24 11:59:30,798 TRACE segmented.SegmentedRaftLogWorker (SegmentedRaftLogWorker.java:lambda$new$1(133)) - s2@group-3D81F66BC438-SegmentedRaftLogWorker: flushIndex: updateIncreasingly 8 -> 8
2019-09-24 11:59:30,799 DEBUG impl.RaftServerImpl (RaftServerImpl.java:logAppendEntries(850)) - s0@group-3D81F66BC438: receive appendEntries(s2, 13, (t:9, i:7), 5, false, commits[s2:c5, s0:c7, s1:c6], entries: [(t:10, i:8), CONFIGURATIONENTRY, (t:13, i:9), CONFIGURATIONENTRY]
2019-09-24 11:59:30,800 INFO  impl.RaftServerImpl (ServerState.java:setRaftConf(355)) - s0@group-3D81F66BC438: set configuration 8: [s0:0.0.0.0:42154, s1:0.0.0.0:36158, s2:0.0.0.0:36910], old=null at 8
2019-09-24 11:59:30,800 INFO  impl.RaftServerImpl (ServerState.java:setRaftConf(355)) - s0@group-3D81F66BC438: set configuration 9: [s0:0.0.0.0:42154, s1:0.0.0.0:36158, s2:0.0.0.0:36910], old=null at 9
2019-09-24 11:59:30,800 INFO  segmented.SegmentedRaftLogWorker (SegmentedRaftLogWorker.java:truncate(396)) - s0@group-3D81F66BC438-SegmentedRaftLogWorker: Truncating segments toTruncate: (7, 8) isOpen? true, length=82, newEndIndex=7
  toDelete: [], start index 8
2019-09-24 11:59:30,800 DEBUG segmented.SegmentedRaftLogWorker (SegmentedRaftLogWorker.java:addIOTask(251)) - s0@group-3D81F66BC438-SegmentedRaftLogWorker adds IO task TruncateLog:7: toTruncate: (7, 8) isOpen? true, length=82, newEndIndex=7
  toDelete: []
2019-09-24 11:59:30,801 INFO  segmented.SegmentedRaftLogWorker (SegmentedRaftLogWorker.java:startLogSegment(380)) - s0@group-3D81F66BC438-SegmentedRaftLogWorker: Starting segment from index:8
2019-09-24 11:59:30,801 DEBUG segmented.SegmentedRaftLogWorker (SegmentedRaftLogWorker.java:addIOTask(251)) - s0@group-3D81F66BC438-SegmentedRaftLogWorker adds IO task StartLogSegment:8
2019-09-24 11:59:30,801 DEBUG segmented.SegmentedRaftLogWorker (SegmentedRaftLogWorker.java:addIOTask(251)) - s0@group-3D81F66BC438-SegmentedRaftLogWorker adds IO task WriteLog:8: (t:10, i:8), CONFIGURATIONENTRY
2019-09-24 11:59:30,801 INFO  segmented.SegmentedRaftLogWorker (SegmentedRaftLogWorker.java:rollLogSegment(385)) - s0@group-3D81F66BC438-SegmentedRaftLogWorker: Rolling segment log-8_8 to index:8
2019-09-24 11:59:30,802 DEBUG segmented.SegmentedRaftLogWorker (SegmentedRaftLogWorker.java:addIOTask(251)) - s0@group-3D81F66BC438-SegmentedRaftLogWorker adds IO task FinalizeLogSegment:8: startIndex=8 endIndex=8
2019-09-24 11:59:30,802 DEBUG segmented.SegmentedRaftLogWorker (SegmentedRaftLogWorker.java:addIOTask(251)) - s0@group-3D81F66BC438-SegmentedRaftLogWorker adds IO task StartLogSegment:9
2019-09-24 11:59:30,802 DEBUG segmented.SegmentedRaftLogWorker (SegmentedRaftLogWorker.java:addIOTask(251)) - s0@group-3D81F66BC438-SegmentedRaftLogWorker adds IO task WriteLog:9: (t:13, i:9), CONFIGURATIONENTRY
2019-09-24 11:59:30,803 TRACE util.FileUtils (LogUtils.java:runAndLog(61)) - Successfully ran FileOutputStream.getChannel().truncate /workdir/ratis-test/target/test/data/1630e404/MiniRaftClusterWithSimulatedRpcecb8161c/s0/20b5bf50-abb9-421f-8107-3d81f66bc438/current/log_inprogress_7 length: 95 -> 82
2019-09-24 11:59:30,803 TRACE util.FileUtils (LogUtils.java:runAndLog(61)) - Successfully ran Files.move /workdir/ratis-test/target/test/data/1630e404/MiniRaftClusterWithSimulatedRpcecb8161c/s0/20b5bf50-abb9-421f-8107-3d81f66bc438/current/log_inprogress_7 to /workdir/ratis-test/target/test/data/1630e404/MiniRaftClusterWithSimulatedRpcecb8161c/s0/20b5bf50-abb9-421f-8107-3d81f66bc438/current/log_7-7
2019-09-24 11:59:30,804 INFO  segmented.SegmentedRaftLogWorker (SegmentedRaftLogWorker.java:execute(614)) - s0@group-3D81F66BC438-SegmentedRaftLogWorker: Truncated log file /workdir/ratis-test/target/test/data/1630e404/MiniRaftClusterWithSimulatedRpcecb8161c/s0/20b5bf50-abb9-421f-8107-3d81f66bc438/current/log_inprogress_7 to length 82 and moved it to /workdir/ratis-test/target/test/data/1630e404/MiniRaftClusterWithSimulatedRpcecb8161c/s0/20b5bf50-abb9-421f-8107-3d81f66bc438/current/log_7-7
2019-09-24 11:59:30,804 INFO  segmented.SegmentedRaftLogWorker (SegmentedRaftLogWorker.java:lambda$new$0(132)) - s0@group-3D81F66BC438-SegmentedRaftLogWorker: flushIndex: setUnconditionally 8 -> 7
2019-09-24 11:59:30,873 INFO  impl.RaftServerImpl (RaftServerImpl.java:checkInconsistentAppendEntries(999)) - s1@group-3D81F66BC438: Failed appendEntries as previous log entry ((t:13, i:9)) is not found
2019-09-24 11:59:30,874 INFO  impl.RaftServerImpl (RaftServerImpl.java:checkInconsistentAppendEntries(972)) - s1@group-3D81F66BC438: inconsistency entries. Reply:s2<-s1#0:FAIL,INCONSISTENCY,nextIndex:9,term:13,followerCommit:8
2019-09-24 11:59:30,874 INFO  impl.FollowerInfo (FollowerInfo.java:lambda$new$0(51)) - s2@group-3D81F66BC438->s1: nextIndex: updateUnconditionally 10 -> 9
2019-09-24 11:59:30,875 DEBUG impl.RaftServerImpl (RaftServerImpl.java:logAppendEntries(850)) - s1@group-3D81F66BC438: receive appendEntries(s2, 13, (t:10, i:8), 5, false, commits[s2:c5, s0:c7, s1:c8], entries: (t:13, i:9), CONFIGURATIONENTRY
2019-09-24 11:59:30,875 INFO  impl.RaftServerImpl (ServerState.java:setRaftConf(355)) - s1@group-3D81F66BC438: set configuration 9: [s0:0.0.0.0:42154, s1:0.0.0.0:36158, s2:0.0.0.0:36910], old=null at 9
2019-09-24 11:59:30,875 INFO  segmented.SegmentedRaftLogWorker (SegmentedRaftLogWorker.java:truncate(396)) - s1@group-3D81F66BC438-SegmentedRaftLogWorker: Truncating segments toTruncate: (8, 9) isOpen? true, length=82, newEndIndex=8
  toDelete: [], start index 9
2019-09-24 11:59:30,876 DEBUG segmented.SegmentedRaftLogWorker (SegmentedRaftLogWorker.java:addIOTask(251)) - s1@group-3D81F66BC438-SegmentedRaftLogWorker adds IO task TruncateLog:8: toTruncate: (8, 9) isOpen? true, length=82, newEndIndex=8
  toDelete: []
2019-09-24 11:59:30,876 INFO  segmented.SegmentedRaftLogWorker (SegmentedRaftLogWorker.java:startLogSegment(380)) - s1@group-3D81F66BC438-SegmentedRaftLogWorker: Starting segment from index:9
2019-09-24 11:59:30,876 DEBUG segmented.SegmentedRaftLogWorker (SegmentedRaftLogWorker.java:addIOTask(251)) - s1@group-3D81F66BC438-SegmentedRaftLogWorker adds IO task StartLogSegment:9
2019-09-24 11:59:30,876 DEBUG segmented.SegmentedRaftLogWorker (SegmentedRaftLogWorker.java:addIOTask(251)) - s1@group-3D81F66BC438-SegmentedRaftLogWorker adds IO task WriteLog:9: (t:13, i:9), CONFIGURATIONENTRY
2019-09-24 11:59:30,878 TRACE util.FileUtils (LogUtils.java:runAndLog(61)) - Successfully ran FileOutputStream.getChannel().truncate /workdir/ratis-test/target/test/data/1630e404/MiniRaftClusterWithSimulatedRpcecb8161c/s1/20b5bf50-abb9-421f-8107-3d81f66bc438/current/log_inprogress_8 length: 95 -> 82
2019-09-24 11:59:30,879 TRACE util.FileUtils (LogUtils.java:runAndLog(61)) - Successfully ran Files.move /workdir/ratis-test/target/test/data/1630e404/MiniRaftClusterWithSimulatedRpcecb8161c/s1/20b5bf50-abb9-421f-8107-3d81f66bc438/current/log_inprogress_8 to /workdir/ratis-test/target/test/data/1630e404/MiniRaftClusterWithSimulatedRpcecb8161c/s1/20b5bf50-abb9-421f-8107-3d81f66bc438/current/log_8-8
2019-09-24 11:59:30,879 INFO  segmented.SegmentedRaftLogWorker (SegmentedRaftLogWorker.java:execute(614)) - s1@group-3D81F66BC438-SegmentedRaftLogWorker: Truncated log file /workdir/ratis-test/target/test/data/1630e404/MiniRaftClusterWithSimulatedRpcecb8161c/s1/20b5bf50-abb9-421f-8107-3d81f66bc438/current/log_inprogress_8 to length 82 and moved it to /workdir/ratis-test/target/test/data/1630e404/MiniRaftClusterWithSimulatedRpcecb8161c/s1/20b5bf50-abb9-421f-8107-3d81f66bc438/current/log_8-8
2019-09-24 11:59:30,879 INFO  segmented.SegmentedRaftLogWorker (SegmentedRaftLogWorker.java:lambda$new$0(132)) - s1@group-3D81F66BC438-SegmentedRaftLogWorker: flushIndex: setUnconditionally 9 -> 8
2019-09-24 11:59:30,918 INFO  segmented.SegmentedRaftLogWorker (SegmentedRaftLogWorker.java:execute(569)) - s2@group-3D81F66BC438-SegmentedRaftLogWorker: created new log segment /workdir/ratis-test/target/test/data/1630e404/MiniRaftClusterWithSimulatedRpcecb8161c/s2/20b5bf50-abb9-421f-8107-3d81f66bc438/current/log_inprogress_9
2019-09-24 11:59:30,918 INFO  segmented.SegmentedRaftLogWorker (SegmentedRaftLogWorker.java:execute(569)) - s0@group-3D81F66BC438-SegmentedRaftLogWorker: created new log segment /workdir/ratis-test/target/test/data/1630e404/MiniRaftClusterWithSimulatedRpcecb8161c/s0/20b5bf50-abb9-421f-8107-3d81f66bc438/current/log_inprogress_8
2019-09-24 11:59:30,919 DEBUG segmented.SegmentedRaftLogWorker (SegmentedRaftLogWorker.java:flushWrites(340)) - s2@group-3D81F66BC438-SegmentedRaftLogWorker: flush SegmentedRaftLogOutputStream(/workdir/ratis-test/target/test/data/1630e404/MiniRaftClusterWithSimulatedRpcecb8161c/s2/20b5bf50-abb9-421f-8107-3d81f66bc438/current/log_inprogress_9)
2019-09-24 11:59:30,975 TRACE segmented.SegmentedRaftLogWorker (SegmentedRaftLogWorker.java:lambda$new$1(133)) - s2@group-3D81F66BC438-SegmentedRaftLogWorker: flushIndex: updateIncreasingly 8 -> 9
2019-09-24 11:59:30,976 DEBUG segmented.SegmentedRaftLogWorker (SegmentedRaftLogWorker.java:addIOTask(251)) - s2@group-3D81F66BC438-SegmentedRaftLogWorker adds IO task WriteLog:10: (t:13, i:10), METADATAENTRY(c9)
2019-09-24 11:59:30,976 INFO  segmented.SegmentedRaftLogWorker (SegmentedRaftLogWorker.java:execute(569)) - s1@group-3D81F66BC438-SegmentedRaftLogWorker: created new log segment /workdir/ratis-test/target/test/data/1630e404/MiniRaftClusterWithSimulatedRpcecb8161c/s1/20b5bf50-abb9-421f-8107-3d81f66bc438/current/log_inprogress_9
2019-09-24 11:59:30,976 DEBUG segmented.SegmentedRaftLogWorker (SegmentedRaftLogWorker.java:flushWrites(340)) - s2@group-3D81F66BC438-SegmentedRaftLogWorker: flush SegmentedRaftLogOutputStream(/workdir/ratis-test/target/test/data/1630e404/MiniRaftClusterWithSimulatedRpcecb8161c/s2/20b5bf50-abb9-421f-8107-3d81f66bc438/current/log_inprogress_9)
2019-09-24 11:59:30,979 DEBUG segmented.SegmentedRaftLogWorker (SegmentedRaftLogWorker.java:flushWrites(340)) - s1@group-3D81F66BC438-SegmentedRaftLogWorker: flush SegmentedRaftLogOutputStream(/workdir/ratis-test/target/test/data/1630e404/MiniRaftClusterWithSimulatedRpcecb8161c/s1/20b5bf50-abb9-421f-8107-3d81f66bc438/current/log_inprogress_9)
2019-09-24 11:59:30,979 TRACE util.FileUtils (LogUtils.java:runAndLog(61)) - Successfully ran Files.move /workdir/ratis-test/target/test/data/1630e404/MiniRaftClusterWithSimulatedRpcecb8161c/s0/20b5bf50-abb9-421f-8107-3d81f66bc438/current/log_inprogress_8 to /workdir/ratis-test/target/test/data/1630e404/MiniRaftClusterWithSimulatedRpcecb8161c/s0/20b5bf50-abb9-421f-8107-3d81f66bc438/current/log_8-8
2019-09-24 11:59:30,980 INFO  segmented.SegmentedRaftLogWorker (SegmentedRaftLogWorker.java:execute(526)) - s0@group-3D81F66BC438-SegmentedRaftLogWorker: Rolled log segment from /workdir/ratis-test/target/test/data/1630e404/MiniRaftClusterWithSimulatedRpcecb8161c/s0/20b5bf50-abb9-421f-8107-3d81f66bc438/current/log_inprogress_8 to /workdir/ratis-test/target/test/data/1630e404/MiniRaftClusterWithSimulatedRpcecb8161c/s0/20b5bf50-abb9-421f-8107-3d81f66bc438/current/log_8-8
2019-09-24 11:59:30,980 TRACE segmented.SegmentedRaftLogWorker (SegmentedRaftLogWorker.java:lambda$new$1(133)) - s0@group-3D81F66BC438-SegmentedRaftLogWorker: flushIndex: updateIncreasingly 7 -> 8
2019-09-24 11:59:30,996 TRACE segmented.SegmentedRaftLogWorker (SegmentedRaftLogWorker.java:lambda$new$1(133)) - s1@group-3D81F66BC438-SegmentedRaftLogWorker: flushIndex: updateIncreasingly 8 -> 9
2019-09-24 11:59:30,997 DEBUG impl.RaftServerImpl (RaftServerImpl.java:logAppendEntries(850)) - s1@group-3D81F66BC438: succeeded to handle AppendEntries. Reply: s2<-s1#0:OK,SUCCESS,nextIndex:10,term:13,followerCommit:8
2019-09-24 11:59:30,998 DEBUG impl.RaftServerImpl (RaftServerImpl.java:logAppendEntries(850)) - s1@group-3D81F66BC438: receive appendEntries(s2, 13, (t:13, i:9), 9, false, commits[s2:c9, s0:c7, s1:c8], entries: (t:13, i:10), METADATAENTRY(c9)
2019-09-24 11:59:30,998 DEBUG segmented.SegmentedRaftLogWorker (SegmentedRaftLogWorker.java:addIOTask(251)) - s1@group-3D81F66BC438-SegmentedRaftLogWorker adds IO task WriteLog:10: (t:13, i:10), METADATAENTRY(c9)
2019-09-24 11:59:30,999 DEBUG segmented.SegmentedRaftLogWorker (SegmentedRaftLogWorker.java:flushWrites(340)) - s1@group-3D81F66BC438-SegmentedRaftLogWorker: flush SegmentedRaftLogOutputStream(/workdir/ratis-test/target/test/data/1630e404/MiniRaftClusterWithSimulatedRpcecb8161c/s1/20b5bf50-abb9-421f-8107-3d81f66bc438/current/log_inprogress_9)
2019-09-24 11:59:31,001 TRACE segmented.SegmentedRaftLogWorker (SegmentedRaftLogWorker.java:lambda$new$1(133)) - s2@group-3D81F66BC438-SegmentedRaftLogWorker: flushIndex: updateIncreasingly 9 -> 10
2019-09-24 11:59:31,041 TRACE segmented.SegmentedRaftLogWorker (SegmentedRaftLogWorker.java:lambda$new$1(133)) - s1@group-3D81F66BC438-SegmentedRaftLogWorker: flushIndex: updateIncreasingly 9 -> 10
2019-09-24 11:59:31,042 DEBUG impl.RaftServerImpl (RaftServerImpl.java:logAppendEntries(850)) - s1@group-3D81F66BC438: succeeded to handle AppendEntries. Reply: s2<-s1#0:OK,SUCCESS,nextIndex:11,term:13,followerCommit:9
2019-09-24 11:59:31,056 INFO  impl.LeaderElection (LeaderElection.java:logAndReturn(56)) - s1@group-3D81F66BC438-LeaderElection51: Election REJECTED; received 0 response(s) [] and 0 exception(s); s1@group-3D81F66BC438:t13, leader=s2, voted=s1, raftlog=s1@group-3D81F66BC438-SegmentedRaftLog:OPENED:c9,f10,i10, conf=9: [s0:0.0.0.0:42154, s1:0.0.0.0:36158, s2:0.0.0.0:36910], old=null
2019-09-24 11:59:31,081 INFO  segmented.SegmentedRaftLogWorker (SegmentedRaftLogWorker.java:execute(569)) - s0@group-3D81F66BC438-SegmentedRaftLogWorker: created new log segment /workdir/ratis-test/target/test/data/1630e404/MiniRaftClusterWithSimulatedRpcecb8161c/s0/20b5bf50-abb9-421f-8107-3d81f66bc438/current/log_inprogress_9
2019-09-24 11:59:31,081 DEBUG segmented.SegmentedRaftLogWorker (SegmentedRaftLogWorker.java:flushWrites(340)) - s0@group-3D81F66BC438-SegmentedRaftLogWorker: flush SegmentedRaftLogOutputStream(/workdir/ratis-test/target/test/data/1630e404/MiniRaftClusterWithSimulatedRpcecb8161c/s0/20b5bf50-abb9-421f-8107-3d81f66bc438/current/log_inprogress_9)
2019-09-24 11:59:31,092 TRACE segmented.SegmentedRaftLogWorker (SegmentedRaftLogWorker.java:lambda$new$1(133)) - s0@group-3D81F66BC438-SegmentedRaftLogWorker: flushIndex: updateIncreasingly 8 -> 9
2019-09-24 11:59:31,093 DEBUG impl.RaftServerImpl (RaftServerImpl.java:logAppendEntries(850)) - s0@group-3D81F66BC438: succeeded to handle AppendEntries. Reply: s2<-s0#0:OK,SUCCESS,nextIndex:10,term:13,followerCommit:7
2019-09-24 11:59:31,094 DEBUG impl.RaftServerImpl (RaftServerImpl.java:logAppendEntries(850)) - s0@group-3D81F66BC438: receive appendEntries(s2, 13, (t:13, i:9), 10, false, commits[s2:c10, s0:c7, s1:c9], entries: (t:13, i:10), METADATAENTRY(c9)
2019-09-24 11:59:31,094 DEBUG segmented.SegmentedRaftLogWorker (SegmentedRaftLogWorker.java:addIOTask(251)) - s0@group-3D81F66BC438-SegmentedRaftLogWorker adds IO task WriteLog:10: (t:13, i:10), METADATAENTRY(c9)
2019-09-24 11:59:31,094 DEBUG segmented.SegmentedRaftLogWorker (SegmentedRaftLogWorker.java:flushWrites(340)) - s0@group-3D81F66BC438-SegmentedRaftLogWorker: flush SegmentedRaftLogOutputStream(/workdir/ratis-test/target/test/data/1630e404/MiniRaftClusterWithSimulatedRpcecb8161c/s0/20b5bf50-abb9-421f-8107-3d81f66bc438/current/log_inprogress_9)
2019-09-24 11:59:31,105 TRACE segmented.SegmentedRaftLogWorker (SegmentedRaftLogWorker.java:lambda$new$1(133)) - s0@group-3D81F66BC438-SegmentedRaftLogWorker: flushIndex: updateIncreasingly 9 -> 10
2019-09-24 11:59:31,106 DEBUG impl.RaftServerImpl (RaftServerImpl.java:logAppendEntries(850)) - s0@group-3D81F66BC438: succeeded to handle AppendEntries. Reply: s2<-s0#0:OK,SUCCESS,nextIndex:11,term:13,followerCommit:10
2019-09-24 11:59:31,190 INFO  ratis.RaftTestUtil (RaftTestUtil.java:waitForLeader(101)) - printing ALL groups
  s0:  RUNNING  FOLLOWER s0@group-3D81F66BC438:t13, leader=s2, voted=s2, raftlog=s0@group-3D81F66BC438-SegmentedRaftLog:OPENED:c10,f10,i10, conf=9: [s0:0.0.0.0:42154, s1:0.0.0.0:36158, s2:0.0.0.0:36910], old=null RUNNING
  s1:  RUNNING  FOLLOWER s1@group-3D81F66BC438:t13, leader=s2, voted=s1, raftlog=s1@group-3D81F66BC438-SegmentedRaftLog:OPENED:c10,f10,i10, conf=9: [s0:0.0.0.0:42154, s1:0.0.0.0:36158, s2:0.0.0.0:36910], old=null RUNNING
  s2:  RUNNING    LEADER s2@group-3D81F66BC438:t13, leader=s2, voted=s2, raftlog=s2@group-3D81F66BC438-SegmentedRaftLog:OPENED:c10,f10,i10, conf=9: [s0:0.0.0.0:42154, s1:0.0.0.0:36158, s2:0.0.0.0:36910], old=null RUNNING
2019-09-24 11:59:31,190 INFO  ratis.RaftTestUtil (RaftTestUtil.java:lambda$changeLeader$7(367)) - Changed leader from s1 to s2
2019-09-24 11:59:31,190 INFO  server.RaftServerConfigKeys (ConfUtils.java:logGet(43)) - raft.server.rpc.timeout.max = 300ms (default)
2019-09-24 11:59:31,191 INFO  ratis.RaftTestUtil (RaftTestUtil.java:waitForLeader(86)) - printing ALL groups
  s0:  RUNNING  FOLLOWER s0@group-3D81F66BC438:t13, leader=s2, voted=s2, raftlog=s0@group-3D81F66BC438-SegmentedRaftLog:OPENED:c10,f10,i10, conf=9: [s0:0.0.0.0:42154, s1:0.0.0.0:36158, s2:0.0.0.0:36910], old=null RUNNING
  s1:  RUNNING  FOLLOWER s1@group-3D81F66BC438:t13, leader=s2, voted=s1, raftlog=s1@group-3D81F66BC438-SegmentedRaftLog:OPENED:c10,f10,i10, conf=9: [s0:0.0.0.0:42154, s1:0.0.0.0:36158, s2:0.0.0.0:36910], old=null RUNNING
  s2:  RUNNING    LEADER s2@group-3D81F66BC438:t13, leader=s2, voted=s2, raftlog=s2@group-3D81F66BC438-SegmentedRaftLog:OPENED:c10,f10,i10, conf=9: [s0:0.0.0.0:42154, s1:0.0.0.0:36158, s2:0.0.0.0:36910], old=null RUNNING
2019-09-24 11:59:31,191 INFO  ratis.RaftTestUtil (RaftTestUtil.java:waitForLeader(101)) - printing ALL groups
  s0:  RUNNING  FOLLOWER s0@group-3D81F66BC438:t13, leader=s2, voted=s2, raftlog=s0@group-3D81F66BC438-SegmentedRaftLog:OPENED:c10,f10,i10, conf=9: [s0:0.0.0.0:42154, s1:0.0.0.0:36158, s2:0.0.0.0:36910], old=null RUNNING
  s1:  RUNNING  FOLLOWER s1@group-3D81F66BC438:t13, leader=s2, voted=s1, raftlog=s1@group-3D81F66BC438-SegmentedRaftLog:OPENED:c10,f10,i10, conf=9: [s0:0.0.0.0:42154, s1:0.0.0.0:36158, s2:0.0.0.0:36910], old=null RUNNING
  s2:  RUNNING    LEADER s2@group-3D81F66BC438:t13, leader=s2, voted=s2, raftlog=s2@group-3D81F66BC438-SegmentedRaftLog:OPENED:c10,f10,i10, conf=9: [s0:0.0.0.0:42154, s1:0.0.0.0:36158, s2:0.0.0.0:36910], old=null RUNNING
2019-09-24 11:59:31,191 WARN  ratis.RaftTestUtil (JavaUtils.java:attempt(158)) - FAILED "testChangeLeader-changeLeader", attempt #1/20: java.lang.IllegalStateException: Failed to change leader: newLeader == oldLeader == s2, sleep 100ms and then retry.
java.lang.IllegalStateException: Failed to change leader: newLeader == oldLeader == s2
	at org.apache.ratis.RaftTestUtil.lambda$changeLeader$7(RaftTestUtil.java:365)
	at org.apache.ratis.util.JavaUtils.attempt(JavaUtils.java:152)
	at org.apache.ratis.RaftTestUtil.changeLeader(RaftTestUtil.java:362)
	at org.apache.ratis.server.impl.LeaderElectionTests.testChangeLeader(LeaderElectionTests.java:81)
	at sun.reflect.NativeMethodAccessorImpl.invoke0(Native Method)
	at sun.reflect.NativeMethodAccessorImpl.invoke(NativeMethodAccessorImpl.java:62)
	at sun.reflect.DelegatingMethodAccessorImpl.invoke(DelegatingMethodAccessorImpl.java:43)
	at java.lang.reflect.Method.invoke(Method.java:498)
	at org.junit.runners.model.FrameworkMethod$1.runReflectiveCall(FrameworkMethod.java:50)
	at org.junit.internal.runners.model.ReflectiveCallable.run(ReflectiveCallable.java:12)
	at org.junit.runners.model.FrameworkMethod.invokeExplosively(FrameworkMethod.java:47)
	at org.junit.internal.runners.statements.InvokeMethod.evaluate(InvokeMethod.java:17)
	at org.junit.internal.runners.statements.RunAfters.evaluate(RunAfters.java:27)
	at org.junit.internal.runners.statements.FailOnTimeout$CallableStatement.call(FailOnTimeout.java:298)
	at org.junit.internal.runners.statements.FailOnTimeout$CallableStatement.call(FailOnTimeout.java:292)
	at java.util.concurrent.FutureTask.run(FutureTask.java:266)
	at java.lang.Thread.run(Thread.java:748)
2019-09-24 11:59:31,204 DEBUG impl.RaftServerImpl (RaftServerImpl.java:appendEntriesAsync(906)) - s0@group-3D81F66BC438: Not recognize s1 (term=10) as leader, state: s0@group-3D81F66BC438:t13, leader=s2, voted=s2, raftlog=s0@group-3D81F66BC438-SegmentedRaftLog:OPENED:c10,f10,i10, conf=9: [s0:0.0.0.0:42154, s1:0.0.0.0:36158, s2:0.0.0.0:36910], old=null reply: s1<-s0#0:FAIL,NOT_LEADER,nextIndex:11,term:13,followerCommit:10
2019-09-24 11:59:31,292 INFO  server.RaftServerConfigKeys (ConfUtils.java:logGet(43)) - raft.server.rpc.timeout.max = 300ms (default)
2019-09-24 11:59:31,293 INFO  ratis.RaftTestUtil (RaftTestUtil.java:waitForLeader(86)) - printing ALL groups
  s0:  RUNNING  FOLLOWER s0@group-3D81F66BC438:t13, leader=s2, voted=s2, raftlog=s0@group-3D81F66BC438-SegmentedRaftLog:OPENED:c10,f10,i10, conf=9: [s0:0.0.0.0:42154, s1:0.0.0.0:36158, s2:0.0.0.0:36910], old=null RUNNING
  s1:  RUNNING  FOLLOWER s1@group-3D81F66BC438:t13, leader=s2, voted=s1, raftlog=s1@group-3D81F66BC438-SegmentedRaftLog:OPENED:c10,f10,i10, conf=9: [s0:0.0.0.0:42154, s1:0.0.0.0:36158, s2:0.0.0.0:36910], old=null RUNNING
  s2:  RUNNING    LEADER s2@group-3D81F66BC438:t13, leader=s2, voted=s2, raftlog=s2@group-3D81F66BC438-SegmentedRaftLog:OPENED:c10,f10,i10, conf=9: [s0:0.0.0.0:42154, s1:0.0.0.0:36158, s2:0.0.0.0:36910], old=null RUNNING
2019-09-24 11:59:31,293 INFO  ratis.RaftTestUtil (RaftTestUtil.java:waitForLeader(101)) - printing ALL groups
  s0:  RUNNING  FOLLOWER s0@group-3D81F66BC438:t13, leader=s2, voted=s2, raftlog=s0@group-3D81F66BC438-SegmentedRaftLog:OPENED:c10,f10,i10, conf=9: [s0:0.0.0.0:42154, s1:0.0.0.0:36158, s2:0.0.0.0:36910], old=null RUNNING
  s1:  RUNNING  FOLLOWER s1@group-3D81F66BC438:t13, leader=s2, voted=s1, raftlog=s1@group-3D81F66BC438-SegmentedRaftLog:OPENED:c10,f10,i10, conf=9: [s0:0.0.0.0:42154, s1:0.0.0.0:36158, s2:0.0.0.0:36910], old=null RUNNING
  s2:  RUNNING    LEADER s2@group-3D81F66BC438:t13, leader=s2, voted=s2, raftlog=s2@group-3D81F66BC438-SegmentedRaftLog:OPENED:c10,f10,i10, conf=9: [s0:0.0.0.0:42154, s1:0.0.0.0:36158, s2:0.0.0.0:36910], old=null RUNNING
2019-09-24 11:59:31,294 WARN  ratis.RaftTestUtil (JavaUtils.java:attempt(158)) - FAILED "testChangeLeader-changeLeader", attempt #2/20: java.lang.IllegalStateException: Failed to change leader: newLeader == oldLeader == s2, sleep 100ms and then retry.
java.lang.IllegalStateException: Failed to change leader: newLeader == oldLeader == s2
	at org.apache.ratis.RaftTestUtil.lambda$changeLeader$7(RaftTestUtil.java:365)
	at org.apache.ratis.util.JavaUtils.attempt(JavaUtils.java:152)
	at org.apache.ratis.RaftTestUtil.changeLeader(RaftTestUtil.java:362)
	at org.apache.ratis.server.impl.LeaderElectionTests.testChangeLeader(LeaderElectionTests.java:81)
	at sun.reflect.NativeMethodAccessorImpl.invoke0(Native Method)
	at sun.reflect.NativeMethodAccessorImpl.invoke(NativeMethodAccessorImpl.java:62)
	at sun.reflect.DelegatingMethodAccessorImpl.invoke(DelegatingMethodAccessorImpl.java:43)
	at java.lang.reflect.Method.invoke(Method.java:498)
	at org.junit.runners.model.FrameworkMethod$1.runReflectiveCall(FrameworkMethod.java:50)
	at org.junit.internal.runners.model.ReflectiveCallable.run(ReflectiveCallable.java:12)
	at org.junit.runners.model.FrameworkMethod.invokeExplosively(FrameworkMethod.java:47)
	at org.junit.internal.runners.statements.InvokeMethod.evaluate(InvokeMethod.java:17)
	at org.junit.internal.runners.statements.RunAfters.evaluate(RunAfters.java:27)
	at org.junit.internal.runners.statements.FailOnTimeout$CallableStatement.call(FailOnTimeout.java:298)
	at org.junit.internal.runners.statements.FailOnTimeout$CallableStatement.call(FailOnTimeout.java:292)
	at java.util.concurrent.FutureTask.run(FutureTask.java:266)
	at java.lang.Thread.run(Thread.java:748)
2019-09-24 11:59:31,308 DEBUG impl.RaftServerImpl (RaftServerImpl.java:logAppendEntries(850)) - s2@group-3D81F66BC438: receive appendEntries(s1, 10, (t:10, i:8), 8, false, commits[s1:c8, s0:c7, s2:c5], entries: (t:10, i:9), METADATAENTRY(c8)
2019-09-24 11:59:31,308 DEBUG impl.RaftServerImpl (RaftServerImpl.java:appendEntriesAsync(906)) - s2@group-3D81F66BC438: Not recognize s1 (term=10) as leader, state: s2@group-3D81F66BC438:t13, leader=s2, voted=s2, raftlog=s2@group-3D81F66BC438-SegmentedRaftLog:OPENED:c10,f10,i10, conf=9: [s0:0.0.0.0:42154, s1:0.0.0.0:36158, s2:0.0.0.0:36910], old=null reply: s1<-s2#0:FAIL,NOT_LEADER,nextIndex:11,term:13,followerCommit:10
2019-09-24 11:59:31,389 DEBUG impl.RaftServerImpl (RaftServerImpl.java:requestVote(743)) - s0@group-3D81F66BC438: receive requestVote(s1, group-3D81F66BC438, 13, (t:10, i:9))
2019-09-24 11:59:31,389 DEBUG impl.RaftServerImpl (RaftServerImpl.java:requestVote(743)) - s2@group-3D81F66BC438: receive requestVote(s1, group-3D81F66BC438, 13, (t:10, i:9))
2019-09-24 11:59:31,389 DEBUG impl.RaftServerImpl (RaftServerImpl.java:requestVote(775)) - s0@group-3D81F66BC438 replies to vote request: s1<-s0#0:FAIL-t13. Peer's state: s0@group-3D81F66BC438:t13, leader=s2, voted=s2, raftlog=s0@group-3D81F66BC438-SegmentedRaftLog:OPENED:c10,f10,i10, conf=9: [s0:0.0.0.0:42154, s1:0.0.0.0:36158, s2:0.0.0.0:36910], old=null
2019-09-24 11:59:31,389 INFO  impl.RaftServerImpl (RaftServerImpl.java:requestVote(754)) - s2@group-3D81F66BC438-   LEADER: Withhold vote from candidate s1 with term 13. State: leader=s2, term=13, lastRpcElapsed=null
2019-09-24 11:59:31,390 DEBUG impl.RaftServerImpl (RaftServerImpl.java:requestVote(775)) - s2@group-3D81F66BC438 replies to vote request: s1<-s2#0:FAIL-t13. Peer's state: s2@group-3D81F66BC438:t13, leader=s2, voted=s2, raftlog=s2@group-3D81F66BC438-SegmentedRaftLog:OPENED:c10,f10,i10, conf=9: [s0:0.0.0.0:42154, s1:0.0.0.0:36158, s2:0.0.0.0:36910], old=null
2019-09-24 11:59:31,394 INFO  server.RaftServerConfigKeys (ConfUtils.java:logGet(43)) - raft.server.rpc.timeout.max = 300ms (default)
2019-09-24 11:59:31,395 INFO  ratis.RaftTestUtil (RaftTestUtil.java:waitForLeader(86)) - printing ALL groups
  s0:  RUNNING  FOLLOWER s0@group-3D81F66BC438:t13, leader=s2, voted=s2, raftlog=s0@group-3D81F66BC438-SegmentedRaftLog:OPENED:c10,f10,i10, conf=9: [s0:0.0.0.0:42154, s1:0.0.0.0:36158, s2:0.0.0.0:36910], old=null RUNNING
  s1:  RUNNING  FOLLOWER s1@group-3D81F66BC438:t13, leader=s2, voted=s1, raftlog=s1@group-3D81F66BC438-SegmentedRaftLog:OPENED:c10,f10,i10, conf=9: [s0:0.0.0.0:42154, s1:0.0.0.0:36158, s2:0.0.0.0:36910], old=null RUNNING
  s2:  RUNNING    LEADER s2@group-3D81F66BC438:t13, leader=s2, voted=s2, raftlog=s2@group-3D81F66BC438-SegmentedRaftLog:OPENED:c10,f10,i10, conf=9: [s0:0.0.0.0:42154, s1:0.0.0.0:36158, s2:0.0.0.0:36910], old=null RUNNING
2019-09-24 11:59:31,395 INFO  ratis.RaftTestUtil (RaftTestUtil.java:waitForLeader(101)) - printing ALL groups
  s0:  RUNNING  FOLLOWER s0@group-3D81F66BC438:t13, leader=s2, voted=s2, raftlog=s0@group-3D81F66BC438-SegmentedRaftLog:OPENED:c10,f10,i10, conf=9: [s0:0.0.0.0:42154, s1:0.0.0.0:36158, s2:0.0.0.0:36910], old=null RUNNING
  s1:  RUNNING  FOLLOWER s1@group-3D81F66BC438:t13, leader=s2, voted=s1, raftlog=s1@group-3D81F66BC438-SegmentedRaftLog:OPENED:c10,f10,i10, conf=9: [s0:0.0.0.0:42154, s1:0.0.0.0:36158, s2:0.0.0.0:36910], old=null RUNNING
  s2:  RUNNING    LEADER s2@group-3D81F66BC438:t13, leader=s2, voted=s2, raftlog=s2@group-3D81F66BC438-SegmentedRaftLog:OPENED:c10,f10,i10, conf=9: [s0:0.0.0.0:42154, s1:0.0.0.0:36158, s2:0.0.0.0:36910], old=null RUNNING
2019-09-24 11:59:31,396 WARN  ratis.RaftTestUtil (JavaUtils.java:attempt(158)) - FAILED "testChangeLeader-changeLeader", attempt #3/20: java.lang.IllegalStateException: Failed to change leader: newLeader == oldLeader == s2, sleep 100ms and then retry.
java.lang.IllegalStateException: Failed to change leader: newLeader == oldLeader == s2
	at org.apache.ratis.RaftTestUtil.lambda$changeLeader$7(RaftTestUtil.java:365)
	at org.apache.ratis.util.JavaUtils.attempt(JavaUtils.java:152)
	at org.apache.ratis.RaftTestUtil.changeLeader(RaftTestUtil.java:362)
	at org.apache.ratis.server.impl.LeaderElectionTests.testChangeLeader(LeaderElectionTests.java:81)
	at sun.reflect.NativeMethodAccessorImpl.invoke0(Native Method)
	at sun.reflect.NativeMethodAccessorImpl.invoke(NativeMethodAccessorImpl.java:62)
	at sun.reflect.DelegatingMethodAccessorImpl.invoke(DelegatingMethodAccessorImpl.java:43)
	at java.lang.reflect.Method.invoke(Method.java:498)
	at org.junit.runners.model.FrameworkMethod$1.runReflectiveCall(FrameworkMethod.java:50)
	at org.junit.internal.runners.model.ReflectiveCallable.run(ReflectiveCallable.java:12)
	at org.junit.runners.model.FrameworkMethod.invokeExplosively(FrameworkMethod.java:47)
	at org.junit.internal.runners.statements.InvokeMethod.evaluate(InvokeMethod.java:17)
	at org.junit.internal.runners.statements.RunAfters.evaluate(RunAfters.java:27)
	at org.junit.internal.runners.statements.FailOnTimeout$CallableStatement.call(FailOnTimeout.java:298)
	at org.junit.internal.runners.statements.FailOnTimeout$CallableStatement.call(FailOnTimeout.java:292)
	at java.util.concurrent.FutureTask.run(FutureTask.java:266)
	at java.lang.Thread.run(Thread.java:748)
2019-09-24 11:59:31,435 INFO  impl.FollowerState (FollowerState.java:run(108)) - s0@group-3D81F66BC438-FollowerState: change to CANDIDATE, lastRpcTime:252ms, electionTimeout:223ms
2019-09-24 11:59:31,435 INFO  impl.RoleInfo (RoleInfo.java:shutdownFollowerState(121)) - s0: shutdown FollowerState
2019-09-24 11:59:31,435 INFO  impl.RaftServerImpl (RaftServerImpl.java:setRole(170)) - s0@group-3D81F66BC438: changes role from  FOLLOWER to CANDIDATE at term 13 for changeToCandidate
2019-09-24 11:59:31,435 INFO  impl.RoleInfo (RoleInfo.java:updateAndGet(143)) - s0: start LeaderElection
2019-09-24 11:59:31,436 INFO  impl.RaftServerImpl (ServerState.java:setLeader(254)) - s0@group-3D81F66BC438: change Leader from s2 to null at term 13 for initElection
2019-09-24 11:59:31,462 INFO  impl.LeaderElection (LeaderElection.java:askForVotes(178)) - s0@group-3D81F66BC438-LeaderElection52: begin an election at term 14 for 9: [s0:0.0.0.0:42154, s1:0.0.0.0:36158, s2:0.0.0.0:36910], old=null
2019-09-24 11:59:31,463 DEBUG impl.RaftServerImpl (RaftServerImpl.java:requestVote(743)) - s1@group-3D81F66BC438: receive requestVote(s0, group-3D81F66BC438, 14, (t:13, i:10))
2019-09-24 11:59:31,463 DEBUG impl.RaftServerImpl (RaftServerImpl.java:requestVote(743)) - s2@group-3D81F66BC438: receive requestVote(s0, group-3D81F66BC438, 14, (t:13, i:10))
2019-09-24 11:59:31,464 INFO  impl.RaftServerImpl (ServerState.java:setLeader(254)) - s1@group-3D81F66BC438: change Leader from s2 to null at term 14 for updateCurrentTerm
2019-09-24 11:59:31,464 INFO  impl.RaftServerImpl (ServerState.java:setLeader(254)) - s2@group-3D81F66BC438: change Leader from s2 to null at term 14 for updateCurrentTerm
2019-09-24 11:59:31,464 INFO  impl.RaftServerImpl (RaftServerImpl.java:setRole(170)) - s1@group-3D81F66BC438: changes role from  FOLLOWER to FOLLOWER at term 14 for recognizeCandidate:s0
2019-09-24 11:59:31,464 INFO  impl.RaftServerImpl (RaftServerImpl.java:setRole(170)) - s2@group-3D81F66BC438: changes role from    LEADER to FOLLOWER at term 14 for recognizeCandidate:s0
2019-09-24 11:59:31,464 INFO  impl.RoleInfo (RoleInfo.java:shutdownFollowerState(121)) - s1: shutdown FollowerState
2019-09-24 11:59:31,464 INFO  impl.RoleInfo (RoleInfo.java:shutdownLeaderState(104)) - s2: shutdown LeaderState
2019-09-24 11:59:31,464 INFO  impl.RoleInfo (RoleInfo.java:updateAndGet(143)) - s1: start FollowerState
2019-09-24 11:59:31,464 INFO  impl.FollowerState (FollowerState.java:run(117)) - s1@group-3D81F66BC438-FollowerState was interrupted: java.lang.InterruptedException: sleep interrupted
2019-09-24 11:59:31,466 INFO  impl.PendingRequests (PendingRequests.java:sendNotLeaderResponses(202)) - s2@group-3D81F66BC438-PendingRequests: sendNotLeaderResponses
2019-09-24 11:59:31,466 INFO  impl.LogAppender (LogAppender.java:run(78)) - s2@group-3D81F66BC438->s1-LogAppender-AppenderDaemon was interrupted: java.io.InterruptedIOException: 
2019-09-24 11:59:31,467 INFO  impl.RoleInfo (RoleInfo.java:updateAndGet(143)) - s2: start FollowerState
2019-09-24 11:59:31,466 INFO  impl.LogAppender (LogAppender.java:run(78)) - s2@group-3D81F66BC438->s0-LogAppender-AppenderDaemon was interrupted: java.io.InterruptedIOException: 
2019-09-24 11:59:31,492 DEBUG impl.RaftServerImpl (RaftServerImpl.java:requestVote(775)) - s2@group-3D81F66BC438 replies to vote request: s0<-s2#0:FAIL-t14. Peer's state: s2@group-3D81F66BC438:t14, leader=null, voted=null, raftlog=s2@group-3D81F66BC438-SegmentedRaftLog:OPENED:c10,f10,i10, conf=9: [s0:0.0.0.0:42154, s1:0.0.0.0:36158, s2:0.0.0.0:36910], old=null
2019-09-24 11:59:31,492 DEBUG impl.RaftServerImpl (RaftServerImpl.java:requestVote(775)) - s1@group-3D81F66BC438 replies to vote request: s0<-s1#0:OK-t14. Peer's state: s1@group-3D81F66BC438:t14, leader=null, voted=s0, raftlog=s1@group-3D81F66BC438-SegmentedRaftLog:OPENED:c10,f10,i10, conf=9: [s0:0.0.0.0:42154, s1:0.0.0.0:36158, s2:0.0.0.0:36910], old=null
2019-09-24 11:59:31,493 INFO  impl.LeaderElection (LeaderElection.java:logAndReturn(56)) - s0@group-3D81F66BC438-LeaderElection52: Election PASSED; received 2 response(s) [s0<-s1#0:OK-t14, s0<-s2#0:FAIL-t14] and 0 exception(s); s0@group-3D81F66BC438:t14, leader=null, voted=s0, raftlog=s0@group-3D81F66BC438-SegmentedRaftLog:OPENED:c10,f10,i10, conf=9: [s0:0.0.0.0:42154, s1:0.0.0.0:36158, s2:0.0.0.0:36910], old=null
2019-09-24 11:59:31,493 INFO  impl.RoleInfo (RoleInfo.java:shutdownLeaderElection(134)) - s0: shutdown LeaderElection
2019-09-24 11:59:31,493 INFO  impl.RaftServerImpl (RaftServerImpl.java:setRole(170)) - s0@group-3D81F66BC438: changes role from CANDIDATE to LEADER at term 14 for changeToLeader
2019-09-24 11:59:31,493 INFO  impl.RaftServerImpl (ServerState.java:setLeader(254)) - s0@group-3D81F66BC438: change Leader from null to s0 at term 14 for becomeLeader, leader elected after 57ms
2019-09-24 11:59:31,493 INFO  server.RaftServerConfigKeys (ConfUtils.java:logGet(43)) - raft.server.staging.catchup.gap = 1000 (default)
2019-09-24 11:59:31,494 INFO  server.RaftServerConfigKeys (ConfUtils.java:logGet(43)) - raft.server.rpc.sleep.time = 25ms (default)
2019-09-24 11:59:31,494 INFO  server.RaftServerConfigKeys (ConfUtils.java:logGet(43)) - raft.server.write.element-limit = 4096 (default)
2019-09-24 11:59:31,494 INFO  server.RaftServerConfigKeys (ConfUtils.java:logGet(43)) - raft.server.watch.timeout = 10s (default)
2019-09-24 11:59:31,494 INFO  server.RaftServerConfigKeys (ConfUtils.java:logGet(43)) - raft.server.watch.timeout.denomination = 1s (default)
2019-09-24 11:59:31,494 INFO  server.RaftServerConfigKeys (ConfUtils.java:logGet(43)) - raft.server.watch.element-limit = 65536 (default)
2019-09-24 11:59:31,495 INFO  server.RaftServerConfigKeys (ConfUtils.java:logGet(43)) - raft.server.log.appender.snapshot.chunk.size.max = 16MB (=16777216) (default)
2019-09-24 11:59:31,495 INFO  server.RaftServerConfigKeys (ConfUtils.java:logGet(43)) - raft.server.log.appender.buffer.byte-limit = 4MB (=4194304) (default)
2019-09-24 11:59:31,495 INFO  server.RaftServerConfigKeys (ConfUtils.java:logGet(43)) - raft.server.log.appender.buffer.element-limit = 0 (default)
2019-09-24 11:59:31,496 INFO  server.RaftServerConfigKeys (ConfUtils.java:logGet(43)) - raft.server.log.appender.snapshot.chunk.size.max = 16MB (=16777216) (default)
2019-09-24 11:59:31,496 INFO  server.RaftServerConfigKeys (ConfUtils.java:logGet(43)) - raft.server.log.appender.buffer.byte-limit = 4MB (=4194304) (default)
2019-09-24 11:59:31,496 INFO  server.RaftServerConfigKeys (ConfUtils.java:logGet(43)) - raft.server.log.appender.buffer.element-limit = 0 (default)
2019-09-24 11:59:31,496 INFO  impl.RoleInfo (RoleInfo.java:updateAndGet(143)) - s0: start LeaderState
2019-09-24 11:59:31,497 INFO  server.RaftServerConfigKeys (ConfUtils.java:logGet(43)) - raft.server.rpc.timeout.max = 300ms (default)
2019-09-24 11:59:31,497 INFO  segmented.SegmentedRaftLogWorker (SegmentedRaftLogWorker.java:rollLogSegment(385)) - s0@group-3D81F66BC438-SegmentedRaftLogWorker: Rolling segment log-9_10 to index:10
2019-09-24 11:59:31,497 DEBUG segmented.SegmentedRaftLogWorker (SegmentedRaftLogWorker.java:addIOTask(251)) - s0@group-3D81F66BC438-SegmentedRaftLogWorker adds IO task FinalizeLogSegment:10: startIndex=9 endIndex=10
2019-09-24 11:59:31,497 DEBUG segmented.SegmentedRaftLogWorker (SegmentedRaftLogWorker.java:addIOTask(251)) - s0@group-3D81F66BC438-SegmentedRaftLogWorker adds IO task StartLogSegment:11
2019-09-24 11:59:31,498 DEBUG segmented.SegmentedRaftLogWorker (SegmentedRaftLogWorker.java:addIOTask(251)) - s0@group-3D81F66BC438-SegmentedRaftLogWorker adds IO task WriteLog:11: (t:14, i:11), CONFIGURATIONENTRY
2019-09-24 11:59:31,498 INFO  ratis.RaftTestUtil (RaftTestUtil.java:waitForLeader(86)) - printing ALL groups
  s0:  RUNNING    LEADER s0@group-3D81F66BC438:t14, leader=s0, voted=s0, raftlog=s0@group-3D81F66BC438-SegmentedRaftLog:OPENED:c10,f10,i11, conf=9: [s0:0.0.0.0:42154, s1:0.0.0.0:36158, s2:0.0.0.0:36910], old=null RUNNING
  s1:  RUNNING  FOLLOWER s1@group-3D81F66BC438:t14, leader=null, voted=s0, raftlog=s1@group-3D81F66BC438-SegmentedRaftLog:OPENED:c10,f10,i10, conf=9: [s0:0.0.0.0:42154, s1:0.0.0.0:36158, s2:0.0.0.0:36910], old=null RUNNING
  s2:  RUNNING  FOLLOWER s2@group-3D81F66BC438:t14, leader=null, voted=null, raftlog=s2@group-3D81F66BC438-SegmentedRaftLog:OPENED:c10,f10,i10, conf=9: [s0:0.0.0.0:42154, s1:0.0.0.0:36158, s2:0.0.0.0:36910], old=null RUNNING
2019-09-24 11:59:31,498 INFO  impl.RaftServerImpl (ServerState.java:setRaftConf(355)) - s0@group-3D81F66BC438: set configuration 11: [s0:0.0.0.0:42154, s1:0.0.0.0:36158, s2:0.0.0.0:36910], old=null at 11
2019-09-24 11:59:31,499 INFO  impl.RaftServerImpl (ServerState.java:setLeader(254)) - s1@group-3D81F66BC438: change Leader from null to s0 at term 14 for appendEntries, leader elected after 35ms
2019-09-24 11:59:31,499 INFO  impl.RaftServerImpl (ServerState.java:setLeader(254)) - s2@group-3D81F66BC438: change Leader from null to s0 at term 14 for appendEntries, leader elected after 35ms
2019-09-24 11:59:31,499 INFO  ratis.RaftTestUtil (RaftTestUtil.java:waitForLeader(101)) - printing ALL groups
  s0:  RUNNING    LEADER s0@group-3D81F66BC438:t14, leader=s0, voted=s0, raftlog=s0@group-3D81F66BC438-SegmentedRaftLog:OPENED:c10,f10,i11, conf=11: [s0:0.0.0.0:42154, s1:0.0.0.0:36158, s2:0.0.0.0:36910], old=null RUNNING
  s1:  RUNNING  FOLLOWER s1@group-3D81F66BC438:t14, leader=null, voted=s0, raftlog=s1@group-3D81F66BC438-SegmentedRaftLog:OPENED:c10,f10,i10, conf=9: [s0:0.0.0.0:42154, s1:0.0.0.0:36158, s2:0.0.0.0:36910], old=null RUNNING
  s2:  RUNNING  FOLLOWER s2@group-3D81F66BC438:t14, leader=null, voted=null, raftlog=s2@group-3D81F66BC438-SegmentedRaftLog:OPENED:c10,f10,i10, conf=9: [s0:0.0.0.0:42154, s1:0.0.0.0:36158, s2:0.0.0.0:36910], old=null RUNNING
2019-09-24 11:59:31,500 INFO  ratis.RaftTestUtil (RaftTestUtil.java:lambda$changeLeader$7(367)) - Changed leader from s2 to s0
2019-09-24 11:59:31,500 TRACE util.FileUtils (LogUtils.java:runAndLog(61)) - Successfully ran Files.move /workdir/ratis-test/target/test/data/1630e404/MiniRaftClusterWithSimulatedRpcecb8161c/s0/20b5bf50-abb9-421f-8107-3d81f66bc438/current/log_inprogress_9 to /workdir/ratis-test/target/test/data/1630e404/MiniRaftClusterWithSimulatedRpcecb8161c/s0/20b5bf50-abb9-421f-8107-3d81f66bc438/current/log_9-10
2019-09-24 11:59:31,500 INFO  server.RaftServerConfigKeys (ConfUtils.java:logGet(43)) - raft.server.rpc.timeout.max = 300ms (default)
2019-09-24 11:59:31,500 DEBUG impl.RaftServerImpl (RaftServerImpl.java:logAppendEntries(850)) - s1@group-3D81F66BC438: receive appendEntries(s0, 14, (t:13, i:10), 10, false, commits[s0:c10, s1:c10, s2:c10], entries: (t:14, i:11), CONFIGURATIONENTRY
2019-09-24 11:59:31,501 INFO  ratis.RaftTestUtil (RaftTestUtil.java:waitForLeader(86)) - printing ALL groups
  s0:  RUNNING    LEADER s0@group-3D81F66BC438:t14, leader=s0, voted=s0, raftlog=s0@group-3D81F66BC438-SegmentedRaftLog:OPENED:c10,f10,i11, conf=11: [s0:0.0.0.0:42154, s1:0.0.0.0:36158, s2:0.0.0.0:36910], old=null RUNNING
  s1:  RUNNING  FOLLOWER s1@group-3D81F66BC438:t14, leader=s0, voted=s0, raftlog=s1@group-3D81F66BC438-SegmentedRaftLog:OPENED:c10,f10,i10, conf=9: [s0:0.0.0.0:42154, s1:0.0.0.0:36158, s2:0.0.0.0:36910], old=null RUNNING
  s2:  RUNNING  FOLLOWER s2@group-3D81F66BC438:t14, leader=s0, voted=null, raftlog=s2@group-3D81F66BC438-SegmentedRaftLog:OPENED:c10,f10,i10, conf=9: [s0:0.0.0.0:42154, s1:0.0.0.0:36158, s2:0.0.0.0:36910], old=null RUNNING
2019-09-24 11:59:31,500 INFO  segmented.SegmentedRaftLogWorker (SegmentedRaftLogWorker.java:execute(526)) - s0@group-3D81F66BC438-SegmentedRaftLogWorker: Rolled log segment from /workdir/ratis-test/target/test/data/1630e404/MiniRaftClusterWithSimulatedRpcecb8161c/s0/20b5bf50-abb9-421f-8107-3d81f66bc438/current/log_inprogress_9 to /workdir/ratis-test/target/test/data/1630e404/MiniRaftClusterWithSimulatedRpcecb8161c/s0/20b5bf50-abb9-421f-8107-3d81f66bc438/current/log_9-10
2019-09-24 11:59:31,501 INFO  impl.RaftServerImpl (ServerState.java:setRaftConf(355)) - s1@group-3D81F66BC438: set configuration 11: [s0:0.0.0.0:42154, s1:0.0.0.0:36158, s2:0.0.0.0:36910], old=null at 11
2019-09-24 11:59:31,501 INFO  ratis.RaftTestUtil (RaftTestUtil.java:waitForLeader(101)) - printing ALL groups
  s0:  RUNNING    LEADER s0@group-3D81F66BC438:t14, leader=s0, voted=s0, raftlog=s0@group-3D81F66BC438-SegmentedRaftLog:OPENED:c10,f10,i11, conf=11: [s0:0.0.0.0:42154, s1:0.0.0.0:36158, s2:0.0.0.0:36910], old=null RUNNING
  s1:  RUNNING  FOLLOWER s1@group-3D81F66BC438:t14, leader=s0, voted=s0, raftlog=s1@group-3D81F66BC438-SegmentedRaftLog:OPENED:c10,f10,i10, conf=11: [s0:0.0.0.0:42154, s1:0.0.0.0:36158, s2:0.0.0.0:36910], old=null RUNNING
  s2:  RUNNING  FOLLOWER s2@group-3D81F66BC438:t14, leader=s0, voted=null, raftlog=s2@group-3D81F66BC438-SegmentedRaftLog:OPENED:c10,f10,i10, conf=9: [s0:0.0.0.0:42154, s1:0.0.0.0:36158, s2:0.0.0.0:36910], old=null RUNNING
2019-09-24 11:59:31,501 TRACE segmented.SegmentedRaftLogWorker (SegmentedRaftLogWorker.java:lambda$new$1(133)) - s0@group-3D81F66BC438-SegmentedRaftLogWorker: flushIndex: updateIncreasingly 10 -> 10
2019-09-24 11:59:31,501 WARN  ratis.RaftTestUtil (JavaUtils.java:attempt(158)) - FAILED "testChangeLeader-changeLeader", attempt #1/20: java.lang.IllegalStateException: Failed to change leader: newLeader == oldLeader == s0, sleep 100ms and then retry.
java.lang.IllegalStateException: Failed to change leader: newLeader == oldLeader == s0
	at org.apache.ratis.RaftTestUtil.lambda$changeLeader$7(RaftTestUtil.java:365)
	at org.apache.ratis.util.JavaUtils.attempt(JavaUtils.java:152)
	at org.apache.ratis.RaftTestUtil.changeLeader(RaftTestUtil.java:362)
	at org.apache.ratis.server.impl.LeaderElectionTests.testChangeLeader(LeaderElectionTests.java:81)
	at sun.reflect.NativeMethodAccessorImpl.invoke0(Native Method)
	at sun.reflect.NativeMethodAccessorImpl.invoke(NativeMethodAccessorImpl.java:62)
	at sun.reflect.DelegatingMethodAccessorImpl.invoke(DelegatingMethodAccessorImpl.java:43)
	at java.lang.reflect.Method.invoke(Method.java:498)
	at org.junit.runners.model.FrameworkMethod$1.runReflectiveCall(FrameworkMethod.java:50)
	at org.junit.internal.runners.model.ReflectiveCallable.run(ReflectiveCallable.java:12)
	at org.junit.runners.model.FrameworkMethod.invokeExplosively(FrameworkMethod.java:47)
	at org.junit.internal.runners.statements.InvokeMethod.evaluate(InvokeMethod.java:17)
	at org.junit.internal.runners.statements.RunAfters.evaluate(RunAfters.java:27)
	at org.junit.internal.runners.statements.FailOnTimeout$CallableStatement.call(FailOnTimeout.java:298)
	at org.junit.internal.runners.statements.FailOnTimeout$CallableStatement.call(FailOnTimeout.java:292)
	at java.util.concurrent.FutureTask.run(FutureTask.java:266)
	at java.lang.Thread.run(Thread.java:748)
2019-09-24 11:59:31,501 INFO  segmented.SegmentedRaftLogWorker (SegmentedRaftLogWorker.java:rollLogSegment(385)) - s1@group-3D81F66BC438-SegmentedRaftLogWorker: Rolling segment log-9_10 to index:10
2019-09-24 11:59:31,502 DEBUG segmented.SegmentedRaftLogWorker (SegmentedRaftLogWorker.java:addIOTask(251)) - s1@group-3D81F66BC438-SegmentedRaftLogWorker adds IO task FinalizeLogSegment:10: startIndex=9 endIndex=10
2019-09-24 11:59:31,502 DEBUG segmented.SegmentedRaftLogWorker (SegmentedRaftLogWorker.java:addIOTask(251)) - s1@group-3D81F66BC438-SegmentedRaftLogWorker adds IO task StartLogSegment:11
2019-09-24 11:59:31,503 DEBUG segmented.SegmentedRaftLogWorker (SegmentedRaftLogWorker.java:addIOTask(251)) - s1@group-3D81F66BC438-SegmentedRaftLogWorker adds IO task WriteLog:11: (t:14, i:11), CONFIGURATIONENTRY
2019-09-24 11:59:31,505 TRACE util.FileUtils (LogUtils.java:runAndLog(61)) - Successfully ran Files.move /workdir/ratis-test/target/test/data/1630e404/MiniRaftClusterWithSimulatedRpcecb8161c/s1/20b5bf50-abb9-421f-8107-3d81f66bc438/current/log_inprogress_9 to /workdir/ratis-test/target/test/data/1630e404/MiniRaftClusterWithSimulatedRpcecb8161c/s1/20b5bf50-abb9-421f-8107-3d81f66bc438/current/log_9-10
2019-09-24 11:59:31,505 INFO  segmented.SegmentedRaftLogWorker (SegmentedRaftLogWorker.java:execute(526)) - s1@group-3D81F66BC438-SegmentedRaftLogWorker: Rolled log segment from /workdir/ratis-test/target/test/data/1630e404/MiniRaftClusterWithSimulatedRpcecb8161c/s1/20b5bf50-abb9-421f-8107-3d81f66bc438/current/log_inprogress_9 to /workdir/ratis-test/target/test/data/1630e404/MiniRaftClusterWithSimulatedRpcecb8161c/s1/20b5bf50-abb9-421f-8107-3d81f66bc438/current/log_9-10
2019-09-24 11:59:31,505 TRACE segmented.SegmentedRaftLogWorker (SegmentedRaftLogWorker.java:lambda$new$1(133)) - s1@group-3D81F66BC438-SegmentedRaftLogWorker: flushIndex: updateIncreasingly 10 -> 10
2019-09-24 11:59:31,558 DEBUG impl.RaftServerImpl (RaftServerImpl.java:appendEntriesAsync(906)) - s0@group-3D81F66BC438: Not recognize s2 (term=13) as leader, state: s0@group-3D81F66BC438:t14, leader=s0, voted=s0, raftlog=s0@group-3D81F66BC438-SegmentedRaftLog:OPENED:c10,f10,i11, conf=11: [s0:0.0.0.0:42154, s1:0.0.0.0:36158, s2:0.0.0.0:36910], old=null reply: s2<-s0#0:FAIL,NOT_LEADER,nextIndex:12,term:14,followerCommit:10
2019-09-24 11:59:31,602 INFO  server.RaftServerConfigKeys (ConfUtils.java:logGet(43)) - raft.server.rpc.timeout.max = 300ms (default)
2019-09-24 11:59:31,603 INFO  ratis.RaftTestUtil (RaftTestUtil.java:waitForLeader(86)) - printing ALL groups
  s0:  RUNNING    LEADER s0@group-3D81F66BC438:t14, leader=s0, voted=s0, raftlog=s0@group-3D81F66BC438-SegmentedRaftLog:OPENED:c10,f10,i11, conf=11: [s0:0.0.0.0:42154, s1:0.0.0.0:36158, s2:0.0.0.0:36910], old=null RUNNING
  s1:  RUNNING  FOLLOWER s1@group-3D81F66BC438:t14, leader=s0, voted=s0, raftlog=s1@group-3D81F66BC438-SegmentedRaftLog:OPENED:c10,f10,i11, conf=11: [s0:0.0.0.0:42154, s1:0.0.0.0:36158, s2:0.0.0.0:36910], old=null RUNNING
  s2:  RUNNING  FOLLOWER s2@group-3D81F66BC438:t14, leader=s0, voted=null, raftlog=s2@group-3D81F66BC438-SegmentedRaftLog:OPENED:c10,f10,i10, conf=9: [s0:0.0.0.0:42154, s1:0.0.0.0:36158, s2:0.0.0.0:36910], old=null RUNNING
2019-09-24 11:59:31,603 INFO  ratis.RaftTestUtil (RaftTestUtil.java:waitForLeader(101)) - printing ALL groups
  s0:  RUNNING    LEADER s0@group-3D81F66BC438:t14, leader=s0, voted=s0, raftlog=s0@group-3D81F66BC438-SegmentedRaftLog:OPENED:c10,f10,i11, conf=11: [s0:0.0.0.0:42154, s1:0.0.0.0:36158, s2:0.0.0.0:36910], old=null RUNNING
  s1:  RUNNING  FOLLOWER s1@group-3D81F66BC438:t14, leader=s0, voted=s0, raftlog=s1@group-3D81F66BC438-SegmentedRaftLog:OPENED:c10,f10,i11, conf=11: [s0:0.0.0.0:42154, s1:0.0.0.0:36158, s2:0.0.0.0:36910], old=null RUNNING
  s2:  RUNNING  FOLLOWER s2@group-3D81F66BC438:t14, leader=s0, voted=null, raftlog=s2@group-3D81F66BC438-SegmentedRaftLog:OPENED:c10,f10,i10, conf=9: [s0:0.0.0.0:42154, s1:0.0.0.0:36158, s2:0.0.0.0:36910], old=null RUNNING
2019-09-24 11:59:31,603 WARN  ratis.RaftTestUtil (JavaUtils.java:attempt(158)) - FAILED "testChangeLeader-changeLeader", attempt #2/20: java.lang.IllegalStateException: Failed to change leader: newLeader == oldLeader == s0, sleep 100ms and then retry.
java.lang.IllegalStateException: Failed to change leader: newLeader == oldLeader == s0
	at org.apache.ratis.RaftTestUtil.lambda$changeLeader$7(RaftTestUtil.java:365)
	at org.apache.ratis.util.JavaUtils.attempt(JavaUtils.java:152)
	at org.apache.ratis.RaftTestUtil.changeLeader(RaftTestUtil.java:362)
	at org.apache.ratis.server.impl.LeaderElectionTests.testChangeLeader(LeaderElectionTests.java:81)
	at sun.reflect.NativeMethodAccessorImpl.invoke0(Native Method)
	at sun.reflect.NativeMethodAccessorImpl.invoke(NativeMethodAccessorImpl.java:62)
	at sun.reflect.DelegatingMethodAccessorImpl.invoke(DelegatingMethodAccessorImpl.java:43)
	at java.lang.reflect.Method.invoke(Method.java:498)
	at org.junit.runners.model.FrameworkMethod$1.runReflectiveCall(FrameworkMethod.java:50)
	at org.junit.internal.runners.model.ReflectiveCallable.run(ReflectiveCallable.java:12)
	at org.junit.runners.model.FrameworkMethod.invokeExplosively(FrameworkMethod.java:47)
	at org.junit.internal.runners.statements.InvokeMethod.evaluate(InvokeMethod.java:17)
	at org.junit.internal.runners.statements.RunAfters.evaluate(RunAfters.java:27)
	at org.junit.internal.runners.statements.FailOnTimeout$CallableStatement.call(FailOnTimeout.java:298)
	at org.junit.internal.runners.statements.FailOnTimeout$CallableStatement.call(FailOnTimeout.java:292)
	at java.util.concurrent.FutureTask.run(FutureTask.java:266)
	at java.lang.Thread.run(Thread.java:748)
2019-09-24 11:59:31,626 INFO  segmented.SegmentedRaftLogWorker (SegmentedRaftLogWorker.java:execute(569)) - s0@group-3D81F66BC438-SegmentedRaftLogWorker: created new log segment /workdir/ratis-test/target/test/data/1630e404/MiniRaftClusterWithSimulatedRpcecb8161c/s0/20b5bf50-abb9-421f-8107-3d81f66bc438/current/log_inprogress_11
2019-09-24 11:59:31,626 INFO  segmented.SegmentedRaftLogWorker (SegmentedRaftLogWorker.java:execute(569)) - s1@group-3D81F66BC438-SegmentedRaftLogWorker: created new log segment /workdir/ratis-test/target/test/data/1630e404/MiniRaftClusterWithSimulatedRpcecb8161c/s1/20b5bf50-abb9-421f-8107-3d81f66bc438/current/log_inprogress_11
2019-09-24 11:59:31,626 DEBUG segmented.SegmentedRaftLogWorker (SegmentedRaftLogWorker.java:flushWrites(340)) - s0@group-3D81F66BC438-SegmentedRaftLogWorker: flush SegmentedRaftLogOutputStream(/workdir/ratis-test/target/test/data/1630e404/MiniRaftClusterWithSimulatedRpcecb8161c/s0/20b5bf50-abb9-421f-8107-3d81f66bc438/current/log_inprogress_11)
2019-09-24 11:59:31,627 DEBUG segmented.SegmentedRaftLogWorker (SegmentedRaftLogWorker.java:flushWrites(340)) - s1@group-3D81F66BC438-SegmentedRaftLogWorker: flush SegmentedRaftLogOutputStream(/workdir/ratis-test/target/test/data/1630e404/MiniRaftClusterWithSimulatedRpcecb8161c/s1/20b5bf50-abb9-421f-8107-3d81f66bc438/current/log_inprogress_11)
2019-09-24 11:59:31,637 TRACE segmented.SegmentedRaftLogWorker (SegmentedRaftLogWorker.java:lambda$new$1(133)) - s0@group-3D81F66BC438-SegmentedRaftLogWorker: flushIndex: updateIncreasingly 10 -> 11
2019-09-24 11:59:31,638 TRACE segmented.SegmentedRaftLogWorker (SegmentedRaftLogWorker.java:lambda$new$1(133)) - s1@group-3D81F66BC438-SegmentedRaftLogWorker: flushIndex: updateIncreasingly 10 -> 11
2019-09-24 11:59:31,638 DEBUG impl.RaftServerImpl (RaftServerImpl.java:logAppendEntries(850)) - s1@group-3D81F66BC438: succeeded to handle AppendEntries. Reply: s0<-s1#0:OK,SUCCESS,nextIndex:12,term:14,followerCommit:10
2019-09-24 11:59:31,640 DEBUG segmented.SegmentedRaftLogWorker (SegmentedRaftLogWorker.java:addIOTask(251)) - s0@group-3D81F66BC438-SegmentedRaftLogWorker adds IO task WriteLog:12: (t:14, i:12), METADATAENTRY(c11)
2019-09-24 11:59:31,640 DEBUG segmented.SegmentedRaftLogWorker (SegmentedRaftLogWorker.java:flushWrites(340)) - s0@group-3D81F66BC438-SegmentedRaftLogWorker: flush SegmentedRaftLogOutputStream(/workdir/ratis-test/target/test/data/1630e404/MiniRaftClusterWithSimulatedRpcecb8161c/s0/20b5bf50-abb9-421f-8107-3d81f66bc438/current/log_inprogress_11)
2019-09-24 11:59:31,651 TRACE segmented.SegmentedRaftLogWorker (SegmentedRaftLogWorker.java:lambda$new$1(133)) - s0@group-3D81F66BC438-SegmentedRaftLogWorker: flushIndex: updateIncreasingly 11 -> 12
2019-09-24 11:59:31,704 INFO  server.RaftServerConfigKeys (ConfUtils.java:logGet(43)) - raft.server.rpc.timeout.max = 300ms (default)
2019-09-24 11:59:31,704 INFO  ratis.RaftTestUtil (RaftTestUtil.java:waitForLeader(86)) - printing ALL groups
  s0:  RUNNING    LEADER s0@group-3D81F66BC438:t14, leader=s0, voted=s0, raftlog=s0@group-3D81F66BC438-SegmentedRaftLog:OPENED:c11,f12,i12, conf=11: [s0:0.0.0.0:42154, s1:0.0.0.0:36158, s2:0.0.0.0:36910], old=null RUNNING
  s1:  RUNNING  FOLLOWER s1@group-3D81F66BC438:t14, leader=s0, voted=s0, raftlog=s1@group-3D81F66BC438-SegmentedRaftLog:OPENED:c10,f11,i11, conf=11: [s0:0.0.0.0:42154, s1:0.0.0.0:36158, s2:0.0.0.0:36910], old=null RUNNING
  s2:  RUNNING  FOLLOWER s2@group-3D81F66BC438:t14, leader=s0, voted=null, raftlog=s2@group-3D81F66BC438-SegmentedRaftLog:OPENED:c10,f10,i10, conf=9: [s0:0.0.0.0:42154, s1:0.0.0.0:36158, s2:0.0.0.0:36910], old=null RUNNING
2019-09-24 11:59:31,705 INFO  ratis.RaftTestUtil (RaftTestUtil.java:waitForLeader(101)) - printing ALL groups
  s0:  RUNNING    LEADER s0@group-3D81F66BC438:t14, leader=s0, voted=s0, raftlog=s0@group-3D81F66BC438-SegmentedRaftLog:OPENED:c11,f12,i12, conf=11: [s0:0.0.0.0:42154, s1:0.0.0.0:36158, s2:0.0.0.0:36910], old=null RUNNING
  s1:  RUNNING  FOLLOWER s1@group-3D81F66BC438:t14, leader=s0, voted=s0, raftlog=s1@group-3D81F66BC438-SegmentedRaftLog:OPENED:c10,f11,i11, conf=11: [s0:0.0.0.0:42154, s1:0.0.0.0:36158, s2:0.0.0.0:36910], old=null RUNNING
  s2:  RUNNING  FOLLOWER s2@group-3D81F66BC438:t14, leader=s0, voted=null, raftlog=s2@group-3D81F66BC438-SegmentedRaftLog:OPENED:c10,f10,i10, conf=9: [s0:0.0.0.0:42154, s1:0.0.0.0:36158, s2:0.0.0.0:36910], old=null RUNNING
2019-09-24 11:59:31,705 WARN  ratis.RaftTestUtil (JavaUtils.java:attempt(158)) - FAILED "testChangeLeader-changeLeader", attempt #3/20: java.lang.IllegalStateException: Failed to change leader: newLeader == oldLeader == s0, sleep 100ms and then retry.
java.lang.IllegalStateException: Failed to change leader: newLeader == oldLeader == s0
	at org.apache.ratis.RaftTestUtil.lambda$changeLeader$7(RaftTestUtil.java:365)
	at org.apache.ratis.util.JavaUtils.attempt(JavaUtils.java:152)
	at org.apache.ratis.RaftTestUtil.changeLeader(RaftTestUtil.java:362)
	at org.apache.ratis.server.impl.LeaderElectionTests.testChangeLeader(LeaderElectionTests.java:81)
	at sun.reflect.NativeMethodAccessorImpl.invoke0(Native Method)
	at sun.reflect.NativeMethodAccessorImpl.invoke(NativeMethodAccessorImpl.java:62)
	at sun.reflect.DelegatingMethodAccessorImpl.invoke(DelegatingMethodAccessorImpl.java:43)
	at java.lang.reflect.Method.invoke(Method.java:498)
	at org.junit.runners.model.FrameworkMethod$1.runReflectiveCall(FrameworkMethod.java:50)
	at org.junit.internal.runners.model.ReflectiveCallable.run(ReflectiveCallable.java:12)
	at org.junit.runners.model.FrameworkMethod.invokeExplosively(FrameworkMethod.java:47)
	at org.junit.internal.runners.statements.InvokeMethod.evaluate(InvokeMethod.java:17)
	at org.junit.internal.runners.statements.RunAfters.evaluate(RunAfters.java:27)
	at org.junit.internal.runners.statements.FailOnTimeout$CallableStatement.call(FailOnTimeout.java:298)
	at org.junit.internal.runners.statements.FailOnTimeout$CallableStatement.call(FailOnTimeout.java:292)
	at java.util.concurrent.FutureTask.run(FutureTask.java:266)
	at java.lang.Thread.run(Thread.java:748)
2019-09-24 11:59:31,794 DEBUG impl.RaftServerImpl (RaftServerImpl.java:appendEntriesAsync(906)) - s1@group-3D81F66BC438: Not recognize s2 (term=13) as leader, state: s1@group-3D81F66BC438:t14, leader=s0, voted=s0, raftlog=s1@group-3D81F66BC438-SegmentedRaftLog:OPENED:c10,f11,i11, conf=11: [s0:0.0.0.0:42154, s1:0.0.0.0:36158, s2:0.0.0.0:36910], old=null reply: s2<-s1#0:FAIL,NOT_LEADER,nextIndex:12,term:14,followerCommit:10
2019-09-24 11:59:31,806 INFO  server.RaftServerConfigKeys (ConfUtils.java:logGet(43)) - raft.server.rpc.timeout.max = 300ms (default)
2019-09-24 11:59:31,806 INFO  ratis.RaftTestUtil (RaftTestUtil.java:waitForLeader(86)) - printing ALL groups
  s0:  RUNNING    LEADER s0@group-3D81F66BC438:t14, leader=s0, voted=s0, raftlog=s0@group-3D81F66BC438-SegmentedRaftLog:OPENED:c11,f12,i12, conf=11: [s0:0.0.0.0:42154, s1:0.0.0.0:36158, s2:0.0.0.0:36910], old=null RUNNING
  s1:  RUNNING  FOLLOWER s1@group-3D81F66BC438:t14, leader=s0, voted=s0, raftlog=s1@group-3D81F66BC438-SegmentedRaftLog:OPENED:c10,f11,i11, conf=11: [s0:0.0.0.0:42154, s1:0.0.0.0:36158, s2:0.0.0.0:36910], old=null RUNNING
  s2:  RUNNING  FOLLOWER s2@group-3D81F66BC438:t14, leader=s0, voted=null, raftlog=s2@group-3D81F66BC438-SegmentedRaftLog:OPENED:c10,f10,i10, conf=9: [s0:0.0.0.0:42154, s1:0.0.0.0:36158, s2:0.0.0.0:36910], old=null RUNNING
2019-09-24 11:59:31,806 INFO  ratis.RaftTestUtil (RaftTestUtil.java:waitForLeader(101)) - printing ALL groups
  s0:  RUNNING    LEADER s0@group-3D81F66BC438:t14, leader=s0, voted=s0, raftlog=s0@group-3D81F66BC438-SegmentedRaftLog:OPENED:c11,f12,i12, conf=11: [s0:0.0.0.0:42154, s1:0.0.0.0:36158, s2:0.0.0.0:36910], old=null RUNNING
  s1:  RUNNING  FOLLOWER s1@group-3D81F66BC438:t14, leader=s0, voted=s0, raftlog=s1@group-3D81F66BC438-SegmentedRaftLog:OPENED:c10,f11,i11, conf=11: [s0:0.0.0.0:42154, s1:0.0.0.0:36158, s2:0.0.0.0:36910], old=null RUNNING
  s2:  RUNNING  FOLLOWER s2@group-3D81F66BC438:t14, leader=s0, voted=null, raftlog=s2@group-3D81F66BC438-SegmentedRaftLog:OPENED:c10,f10,i10, conf=9: [s0:0.0.0.0:42154, s1:0.0.0.0:36158, s2:0.0.0.0:36910], old=null RUNNING
2019-09-24 11:59:31,807 WARN  ratis.RaftTestUtil (JavaUtils.java:attempt(158)) - FAILED "testChangeLeader-changeLeader", attempt #4/20: java.lang.IllegalStateException: Failed to change leader: newLeader == oldLeader == s0, sleep 100ms and then retry.
java.lang.IllegalStateException: Failed to change leader: newLeader == oldLeader == s0
	at org.apache.ratis.RaftTestUtil.lambda$changeLeader$7(RaftTestUtil.java:365)
	at org.apache.ratis.util.JavaUtils.attempt(JavaUtils.java:152)
	at org.apache.ratis.RaftTestUtil.changeLeader(RaftTestUtil.java:362)
	at org.apache.ratis.server.impl.LeaderElectionTests.testChangeLeader(LeaderElectionTests.java:81)
	at sun.reflect.NativeMethodAccessorImpl.invoke0(Native Method)
	at sun.reflect.NativeMethodAccessorImpl.invoke(NativeMethodAccessorImpl.java:62)
	at sun.reflect.DelegatingMethodAccessorImpl.invoke(DelegatingMethodAccessorImpl.java:43)
	at java.lang.reflect.Method.invoke(Method.java:498)
	at org.junit.runners.model.FrameworkMethod$1.runReflectiveCall(FrameworkMethod.java:50)
	at org.junit.internal.runners.model.ReflectiveCallable.run(ReflectiveCallable.java:12)
	at org.junit.runners.model.FrameworkMethod.invokeExplosively(FrameworkMethod.java:47)
	at org.junit.internal.runners.statements.InvokeMethod.evaluate(InvokeMethod.java:17)
	at org.junit.internal.runners.statements.RunAfters.evaluate(RunAfters.java:27)
	at org.junit.internal.runners.statements.FailOnTimeout$CallableStatement.call(FailOnTimeout.java:298)
	at org.junit.internal.runners.statements.FailOnTimeout$CallableStatement.call(FailOnTimeout.java:292)
	at java.util.concurrent.FutureTask.run(FutureTask.java:266)
	at java.lang.Thread.run(Thread.java:748)
2019-09-24 11:59:31,820 INFO  impl.FollowerState (FollowerState.java:run(108)) - s2@group-3D81F66BC438-FollowerState: change to CANDIDATE, lastRpcTime:320ms, electionTimeout:171ms
2019-09-24 11:59:31,821 INFO  impl.RoleInfo (RoleInfo.java:shutdownFollowerState(121)) - s2: shutdown FollowerState
2019-09-24 11:59:31,821 INFO  impl.RaftServerImpl (RaftServerImpl.java:setRole(170)) - s2@group-3D81F66BC438: changes role from  FOLLOWER to CANDIDATE at term 14 for changeToCandidate
2019-09-24 11:59:31,821 INFO  impl.RoleInfo (RoleInfo.java:updateAndGet(143)) - s2: start LeaderElection
2019-09-24 11:59:31,821 INFO  impl.RaftServerImpl (ServerState.java:setLeader(254)) - s2@group-3D81F66BC438: change Leader from s0 to null at term 14 for initElection
2019-09-24 11:59:31,836 INFO  impl.LeaderElection (LeaderElection.java:askForVotes(178)) - s2@group-3D81F66BC438-LeaderElection53: begin an election at term 15 for 9: [s0:0.0.0.0:42154, s1:0.0.0.0:36158, s2:0.0.0.0:36910], old=null
2019-09-24 11:59:31,837 DEBUG impl.RaftServerImpl (RaftServerImpl.java:requestVote(743)) - s0@group-3D81F66BC438: receive requestVote(s2, group-3D81F66BC438, 15, (t:13, i:10))
2019-09-24 11:59:31,837 DEBUG impl.RaftServerImpl (RaftServerImpl.java:requestVote(743)) - s1@group-3D81F66BC438: receive requestVote(s2, group-3D81F66BC438, 15, (t:13, i:10))
2019-09-24 11:59:31,837 INFO  impl.RaftServerImpl (ServerState.java:setLeader(254)) - s0@group-3D81F66BC438: change Leader from s0 to null at term 15 for updateCurrentTerm
2019-09-24 11:59:31,837 INFO  impl.RaftServerImpl (ServerState.java:setLeader(254)) - s1@group-3D81F66BC438: change Leader from s0 to null at term 15 for updateCurrentTerm
2019-09-24 11:59:31,838 INFO  impl.RaftServerImpl (RaftServerImpl.java:setRole(170)) - s0@group-3D81F66BC438: changes role from    LEADER to FOLLOWER at term 15 for recognizeCandidate:s2
2019-09-24 11:59:31,838 INFO  impl.RaftServerImpl (RaftServerImpl.java:setRole(170)) - s1@group-3D81F66BC438: changes role from  FOLLOWER to FOLLOWER at term 15 for recognizeCandidate:s2
2019-09-24 11:59:31,838 INFO  impl.RoleInfo (RoleInfo.java:shutdownLeaderState(104)) - s0: shutdown LeaderState
2019-09-24 11:59:31,838 INFO  impl.RoleInfo (RoleInfo.java:shutdownFollowerState(121)) - s1: shutdown FollowerState
2019-09-24 11:59:31,839 INFO  impl.RoleInfo (RoleInfo.java:updateAndGet(143)) - s1: start FollowerState
2019-09-24 11:59:31,839 INFO  impl.FollowerState (FollowerState.java:run(117)) - s1@group-3D81F66BC438-FollowerState was interrupted: java.lang.InterruptedException: sleep interrupted
2019-09-24 11:59:31,839 INFO  impl.PendingRequests (PendingRequests.java:sendNotLeaderResponses(202)) - s0@group-3D81F66BC438-PendingRequests: sendNotLeaderResponses
2019-09-24 11:59:31,839 INFO  impl.LogAppender (LogAppender.java:run(78)) - s0@group-3D81F66BC438->s1-LogAppender-AppenderDaemon was interrupted: java.io.InterruptedIOException: 
2019-09-24 11:59:31,839 INFO  impl.LogAppender (LogAppender.java:run(78)) - s0@group-3D81F66BC438->s2-LogAppender-AppenderDaemon was interrupted: java.io.InterruptedIOException: 
2019-09-24 11:59:31,841 INFO  impl.RoleInfo (RoleInfo.java:updateAndGet(143)) - s0: start FollowerState
2019-09-24 11:59:31,855 DEBUG impl.RaftServerImpl (RaftServerImpl.java:requestVote(775)) - s1@group-3D81F66BC438 replies to vote request: s2<-s1#0:FAIL-t15. Peer's state: s1@group-3D81F66BC438:t15, leader=null, voted=null, raftlog=s1@group-3D81F66BC438-SegmentedRaftLog:OPENED:c10,f11,i11, conf=11: [s0:0.0.0.0:42154, s1:0.0.0.0:36158, s2:0.0.0.0:36910], old=null
2019-09-24 11:59:31,855 DEBUG impl.RaftServerImpl (RaftServerImpl.java:requestVote(775)) - s0@group-3D81F66BC438 replies to vote request: s2<-s0#0:FAIL-t15. Peer's state: s0@group-3D81F66BC438:t15, leader=null, voted=null, raftlog=s0@group-3D81F66BC438-SegmentedRaftLog:OPENED:c11,f12,i12, conf=11: [s0:0.0.0.0:42154, s1:0.0.0.0:36158, s2:0.0.0.0:36910], old=null
2019-09-24 11:59:31,855 INFO  impl.LeaderElection (LeaderElection.java:logAndReturn(56)) - s2@group-3D81F66BC438-LeaderElection53: Election REJECTED; received 2 response(s) [s2<-s0#0:FAIL-t15, s2<-s1#0:FAIL-t15] and 0 exception(s); s2@group-3D81F66BC438:t15, leader=null, voted=s2, raftlog=s2@group-3D81F66BC438-SegmentedRaftLog:OPENED:c10,f10,i10, conf=9: [s0:0.0.0.0:42154, s1:0.0.0.0:36158, s2:0.0.0.0:36910], old=null
2019-09-24 11:59:31,855 INFO  impl.RaftServerImpl (RaftServerImpl.java:setRole(170)) - s2@group-3D81F66BC438: changes role from CANDIDATE to FOLLOWER at term 15 for DISCOVERED_A_NEW_TERM
2019-09-24 11:59:31,856 INFO  impl.RoleInfo (RoleInfo.java:shutdownLeaderElection(134)) - s2: shutdown LeaderElection
2019-09-24 11:59:31,856 INFO  impl.RoleInfo (RoleInfo.java:updateAndGet(143)) - s2: start FollowerState
2019-09-24 11:59:31,907 INFO  server.RaftServerConfigKeys (ConfUtils.java:logGet(43)) - raft.server.rpc.timeout.max = 300ms (default)
2019-09-24 11:59:31,908 INFO  ratis.RaftTestUtil (RaftTestUtil.java:waitForLeader(86)) - printing ALL groups
  s0:  RUNNING  FOLLOWER s0@group-3D81F66BC438:t15, leader=null, voted=null, raftlog=s0@group-3D81F66BC438-SegmentedRaftLog:OPENED:c11,f12,i12, conf=11: [s0:0.0.0.0:42154, s1:0.0.0.0:36158, s2:0.0.0.0:36910], old=null RUNNING
  s1:  RUNNING  FOLLOWER s1@group-3D81F66BC438:t15, leader=null, voted=null, raftlog=s1@group-3D81F66BC438-SegmentedRaftLog:OPENED:c10,f11,i11, conf=11: [s0:0.0.0.0:42154, s1:0.0.0.0:36158, s2:0.0.0.0:36910], old=null RUNNING
  s2:  RUNNING  FOLLOWER s2@group-3D81F66BC438:t15, leader=null, voted=s2, raftlog=s2@group-3D81F66BC438-SegmentedRaftLog:OPENED:c10,f10,i10, conf=9: [s0:0.0.0.0:42154, s1:0.0.0.0:36158, s2:0.0.0.0:36910], old=null RUNNING
2019-09-24 11:59:31,908 WARN  ratis.RaftTestUtil (JavaUtils.java:attempt(158)) - FAILED "waitForLeader-null-(expectLeader? true)", attempt #1/100: java.lang.IllegalStateException: No leader yet : printing ALL groups
  s0:  RUNNING  FOLLOWER s0@group-3D81F66BC438:t15, leader=null, voted=null, raftlog=s0@group-3D81F66BC438-SegmentedRaftLog:OPENED:c11,f12,i12, conf=11: [s0:0.0.0.0:42154, s1:0.0.0.0:36158, s2:0.0.0.0:36910], old=null RUNNING
  s1:  RUNNING  FOLLOWER s1@group-3D81F66BC438:t15, leader=null, voted=null, raftlog=s1@group-3D81F66BC438-SegmentedRaftLog:OPENED:c10,f11,i11, conf=11: [s0:0.0.0.0:42154, s1:0.0.0.0:36158, s2:0.0.0.0:36910], old=null RUNNING
  s2:  RUNNING  FOLLOWER s2@group-3D81F66BC438:t15, leader=null, voted=s2, raftlog=s2@group-3D81F66BC438-SegmentedRaftLog:OPENED:c10,f10,i10, conf=9: [s0:0.0.0.0:42154, s1:0.0.0.0:36158, s2:0.0.0.0:36910], old=null RUNNING, sleep 450ms and then retry.
java.lang.IllegalStateException: No leader yet : printing ALL groups
  s0:  RUNNING  FOLLOWER s0@group-3D81F66BC438:t15, leader=null, voted=null, raftlog=s0@group-3D81F66BC438-SegmentedRaftLog:OPENED:c11,f12,i12, conf=11: [s0:0.0.0.0:42154, s1:0.0.0.0:36158, s2:0.0.0.0:36910], old=null RUNNING
  s1:  RUNNING  FOLLOWER s1@group-3D81F66BC438:t15, leader=null, voted=null, raftlog=s1@group-3D81F66BC438-SegmentedRaftLog:OPENED:c10,f11,i11, conf=11: [s0:0.0.0.0:42154, s1:0.0.0.0:36158, s2:0.0.0.0:36910], old=null RUNNING
  s2:  RUNNING  FOLLOWER s2@group-3D81F66BC438:t15, leader=null, voted=s2, raftlog=s2@group-3D81F66BC438-SegmentedRaftLog:OPENED:c10,f10,i10, conf=9: [s0:0.0.0.0:42154, s1:0.0.0.0:36158, s2:0.0.0.0:36910], old=null RUNNING
	at org.apache.ratis.MiniRaftCluster.newIllegalStateExceptionForNoLeaders(MiniRaftCluster.java:506)
	at org.apache.ratis.RaftTestUtil.lambda$waitForLeader$1(RaftTestUtil.java:90)
	at org.apache.ratis.MiniRaftCluster.getLeader(MiniRaftCluster.java:539)
	at org.apache.ratis.MiniRaftCluster.getLeader(MiniRaftCluster.java:532)
	at org.apache.ratis.RaftTestUtil.lambda$waitForLeader$3(RaftTestUtil.java:98)
	at org.apache.ratis.util.JavaUtils.attempt(JavaUtils.java:152)
	at org.apache.ratis.RaftTestUtil.waitForLeader(RaftTestUtil.java:97)
	at org.apache.ratis.RaftTestUtil.waitForLeader(RaftTestUtil.java:77)
	at org.apache.ratis.RaftTestUtil.waitForLeader(RaftTestUtil.java:72)
	at org.apache.ratis.RaftTestUtil.lambda$changeLeader$7(RaftTestUtil.java:363)
	at org.apache.ratis.util.JavaUtils.attempt(JavaUtils.java:152)
	at org.apache.ratis.RaftTestUtil.changeLeader(RaftTestUtil.java:362)
	at org.apache.ratis.server.impl.LeaderElectionTests.testChangeLeader(LeaderElectionTests.java:81)
	at sun.reflect.NativeMethodAccessorImpl.invoke0(Native Method)
	at sun.reflect.NativeMethodAccessorImpl.invoke(NativeMethodAccessorImpl.java:62)
	at sun.reflect.DelegatingMethodAccessorImpl.invoke(DelegatingMethodAccessorImpl.java:43)
	at java.lang.reflect.Method.invoke(Method.java:498)
	at org.junit.runners.model.FrameworkMethod$1.runReflectiveCall(FrameworkMethod.java:50)
	at org.junit.internal.runners.model.ReflectiveCallable.run(ReflectiveCallable.java:12)
	at org.junit.runners.model.FrameworkMethod.invokeExplosively(FrameworkMethod.java:47)
	at org.junit.internal.runners.statements.InvokeMethod.evaluate(InvokeMethod.java:17)
	at org.junit.internal.runners.statements.RunAfters.evaluate(RunAfters.java:27)
	at org.junit.internal.runners.statements.FailOnTimeout$CallableStatement.call(FailOnTimeout.java:298)
	at org.junit.internal.runners.statements.FailOnTimeout$CallableStatement.call(FailOnTimeout.java:292)
	at java.util.concurrent.FutureTask.run(FutureTask.java:266)
	at java.lang.Thread.run(Thread.java:748)
2019-09-24 11:59:32,095 INFO  impl.FollowerState (FollowerState.java:run(108)) - s2@group-3D81F66BC438-FollowerState: change to CANDIDATE, lastRpcTime:238ms, electionTimeout:238ms
2019-09-24 11:59:32,095 INFO  impl.RoleInfo (RoleInfo.java:shutdownFollowerState(121)) - s2: shutdown FollowerState
2019-09-24 11:59:32,095 INFO  impl.RaftServerImpl (RaftServerImpl.java:setRole(170)) - s2@group-3D81F66BC438: changes role from  FOLLOWER to CANDIDATE at term 15 for changeToCandidate
2019-09-24 11:59:32,095 INFO  impl.RoleInfo (RoleInfo.java:updateAndGet(143)) - s2: start LeaderElection
2019-09-24 11:59:32,122 INFO  impl.LeaderElection (LeaderElection.java:askForVotes(178)) - s2@group-3D81F66BC438-LeaderElection54: begin an election at term 16 for 9: [s0:0.0.0.0:42154, s1:0.0.0.0:36158, s2:0.0.0.0:36910], old=null
2019-09-24 11:59:32,123 DEBUG impl.RaftServerImpl (RaftServerImpl.java:requestVote(743)) - s0@group-3D81F66BC438: receive requestVote(s2, group-3D81F66BC438, 16, (t:13, i:10))
2019-09-24 11:59:32,123 INFO  impl.RaftServerImpl (RaftServerImpl.java:setRole(170)) - s0@group-3D81F66BC438: changes role from  FOLLOWER to FOLLOWER at term 16 for recognizeCandidate:s2
2019-09-24 11:59:32,123 DEBUG impl.RaftServerImpl (RaftServerImpl.java:requestVote(743)) - s1@group-3D81F66BC438: receive requestVote(s2, group-3D81F66BC438, 16, (t:13, i:10))
2019-09-24 11:59:32,123 INFO  impl.RoleInfo (RoleInfo.java:shutdownFollowerState(121)) - s0: shutdown FollowerState
2019-09-24 11:59:32,123 INFO  impl.RaftServerImpl (RaftServerImpl.java:setRole(170)) - s1@group-3D81F66BC438: changes role from  FOLLOWER to FOLLOWER at term 16 for recognizeCandidate:s2
2019-09-24 11:59:32,124 INFO  impl.FollowerState (FollowerState.java:run(117)) - s0@group-3D81F66BC438-FollowerState was interrupted: java.lang.InterruptedException: sleep interrupted
2019-09-24 11:59:32,124 INFO  impl.RoleInfo (RoleInfo.java:updateAndGet(143)) - s0: start FollowerState
2019-09-24 11:59:32,124 INFO  impl.RoleInfo (RoleInfo.java:shutdownFollowerState(121)) - s1: shutdown FollowerState
2019-09-24 11:59:32,124 INFO  impl.RoleInfo (RoleInfo.java:updateAndGet(143)) - s1: start FollowerState
2019-09-24 11:59:32,124 INFO  impl.FollowerState (FollowerState.java:run(117)) - s1@group-3D81F66BC438-FollowerState was interrupted: java.lang.InterruptedException: sleep interrupted
2019-09-24 11:59:32,137 DEBUG impl.RaftServerImpl (RaftServerImpl.java:requestVote(775)) - s1@group-3D81F66BC438 replies to vote request: s2<-s1#0:FAIL-t16. Peer's state: s1@group-3D81F66BC438:t16, leader=null, voted=null, raftlog=s1@group-3D81F66BC438-SegmentedRaftLog:OPENED:c10,f11,i11, conf=11: [s0:0.0.0.0:42154, s1:0.0.0.0:36158, s2:0.0.0.0:36910], old=null
2019-09-24 11:59:32,137 DEBUG impl.RaftServerImpl (RaftServerImpl.java:requestVote(775)) - s0@group-3D81F66BC438 replies to vote request: s2<-s0#0:FAIL-t16. Peer's state: s0@group-3D81F66BC438:t16, leader=null, voted=null, raftlog=s0@group-3D81F66BC438-SegmentedRaftLog:OPENED:c11,f12,i12, conf=11: [s0:0.0.0.0:42154, s1:0.0.0.0:36158, s2:0.0.0.0:36910], old=null
2019-09-24 11:59:32,138 INFO  impl.LeaderElection (LeaderElection.java:logAndReturn(56)) - s2@group-3D81F66BC438-LeaderElection54: Election REJECTED; received 2 response(s) [s2<-s0#0:FAIL-t16, s2<-s1#0:FAIL-t16] and 0 exception(s); s2@group-3D81F66BC438:t16, leader=null, voted=s2, raftlog=s2@group-3D81F66BC438-SegmentedRaftLog:OPENED:c10,f10,i10, conf=9: [s0:0.0.0.0:42154, s1:0.0.0.0:36158, s2:0.0.0.0:36910], old=null
2019-09-24 11:59:32,138 INFO  impl.RaftServerImpl (RaftServerImpl.java:setRole(170)) - s2@group-3D81F66BC438: changes role from CANDIDATE to FOLLOWER at term 16 for DISCOVERED_A_NEW_TERM
2019-09-24 11:59:32,138 INFO  impl.RoleInfo (RoleInfo.java:shutdownLeaderElection(134)) - s2: shutdown LeaderElection
2019-09-24 11:59:32,138 INFO  impl.RoleInfo (RoleInfo.java:updateAndGet(143)) - s2: start FollowerState
2019-09-24 11:59:32,294 INFO  impl.FollowerState (FollowerState.java:run(108)) - s2@group-3D81F66BC438-FollowerState: change to CANDIDATE, lastRpcTime:155ms, electionTimeout:155ms
2019-09-24 11:59:32,294 INFO  impl.RoleInfo (RoleInfo.java:shutdownFollowerState(121)) - s2: shutdown FollowerState
2019-09-24 11:59:32,294 INFO  impl.RaftServerImpl (RaftServerImpl.java:setRole(170)) - s2@group-3D81F66BC438: changes role from  FOLLOWER to CANDIDATE at term 16 for changeToCandidate
2019-09-24 11:59:32,295 INFO  impl.RoleInfo (RoleInfo.java:updateAndGet(143)) - s2: start LeaderElection
2019-09-24 11:59:32,308 INFO  impl.LeaderElection (LeaderElection.java:askForVotes(178)) - s2@group-3D81F66BC438-LeaderElection55: begin an election at term 17 for 9: [s0:0.0.0.0:42154, s1:0.0.0.0:36158, s2:0.0.0.0:36910], old=null
2019-09-24 11:59:32,309 DEBUG impl.RaftServerImpl (RaftServerImpl.java:requestVote(743)) - s0@group-3D81F66BC438: receive requestVote(s2, group-3D81F66BC438, 17, (t:13, i:10))
2019-09-24 11:59:32,310 DEBUG impl.RaftServerImpl (RaftServerImpl.java:requestVote(743)) - s1@group-3D81F66BC438: receive requestVote(s2, group-3D81F66BC438, 17, (t:13, i:10))
2019-09-24 11:59:32,310 INFO  impl.RaftServerImpl (RaftServerImpl.java:setRole(170)) - s0@group-3D81F66BC438: changes role from  FOLLOWER to FOLLOWER at term 17 for recognizeCandidate:s2
2019-09-24 11:59:32,310 INFO  impl.RaftServerImpl (RaftServerImpl.java:setRole(170)) - s1@group-3D81F66BC438: changes role from  FOLLOWER to FOLLOWER at term 17 for recognizeCandidate:s2
2019-09-24 11:59:32,310 INFO  impl.RoleInfo (RoleInfo.java:shutdownFollowerState(121)) - s0: shutdown FollowerState
2019-09-24 11:59:32,310 INFO  impl.RoleInfo (RoleInfo.java:shutdownFollowerState(121)) - s1: shutdown FollowerState
2019-09-24 11:59:32,310 INFO  impl.FollowerState (FollowerState.java:run(117)) - s0@group-3D81F66BC438-FollowerState was interrupted: java.lang.InterruptedException: sleep interrupted
2019-09-24 11:59:32,310 INFO  impl.RoleInfo (RoleInfo.java:updateAndGet(143)) - s0: start FollowerState
2019-09-24 11:59:32,311 INFO  impl.FollowerState (FollowerState.java:run(117)) - s1@group-3D81F66BC438-FollowerState was interrupted: java.lang.InterruptedException: sleep interrupted
2019-09-24 11:59:32,310 INFO  impl.RoleInfo (RoleInfo.java:updateAndGet(143)) - s1: start FollowerState
2019-09-24 11:59:32,337 DEBUG impl.RaftServerImpl (RaftServerImpl.java:requestVote(775)) - s1@group-3D81F66BC438 replies to vote request: s2<-s1#0:FAIL-t17. Peer's state: s1@group-3D81F66BC438:t17, leader=null, voted=null, raftlog=s1@group-3D81F66BC438-SegmentedRaftLog:OPENED:c10,f11,i11, conf=11: [s0:0.0.0.0:42154, s1:0.0.0.0:36158, s2:0.0.0.0:36910], old=null
2019-09-24 11:59:32,337 DEBUG impl.RaftServerImpl (RaftServerImpl.java:requestVote(775)) - s0@group-3D81F66BC438 replies to vote request: s2<-s0#0:FAIL-t17. Peer's state: s0@group-3D81F66BC438:t17, leader=null, voted=null, raftlog=s0@group-3D81F66BC438-SegmentedRaftLog:OPENED:c11,f12,i12, conf=11: [s0:0.0.0.0:42154, s1:0.0.0.0:36158, s2:0.0.0.0:36910], old=null
2019-09-24 11:59:32,338 INFO  impl.LeaderElection (LeaderElection.java:logAndReturn(56)) - s2@group-3D81F66BC438-LeaderElection55: Election REJECTED; received 2 response(s) [s2<-s0#0:FAIL-t17, s2<-s1#0:FAIL-t17] and 0 exception(s); s2@group-3D81F66BC438:t17, leader=null, voted=s2, raftlog=s2@group-3D81F66BC438-SegmentedRaftLog:OPENED:c10,f10,i10, conf=9: [s0:0.0.0.0:42154, s1:0.0.0.0:36158, s2:0.0.0.0:36910], old=null
2019-09-24 11:59:32,338 INFO  impl.RaftServerImpl (RaftServerImpl.java:setRole(170)) - s2@group-3D81F66BC438: changes role from CANDIDATE to FOLLOWER at term 17 for DISCOVERED_A_NEW_TERM
2019-09-24 11:59:32,338 INFO  impl.RoleInfo (RoleInfo.java:shutdownLeaderElection(134)) - s2: shutdown LeaderElection
2019-09-24 11:59:32,338 INFO  impl.RoleInfo (RoleInfo.java:updateAndGet(143)) - s2: start FollowerState
2019-09-24 11:59:32,362 WARN  ratis.RaftTestUtil (JavaUtils.java:attempt(158)) - FAILED "waitForLeader-null-(expectLeader? true)", attempt #2/100: java.lang.IllegalStateException: No leader yet : printing ALL groups
  s0:  RUNNING  FOLLOWER s0@group-3D81F66BC438:t17, leader=null, voted=null, raftlog=s0@group-3D81F66BC438-SegmentedRaftLog:OPENED:c11,f12,i12, conf=11: [s0:0.0.0.0:42154, s1:0.0.0.0:36158, s2:0.0.0.0:36910], old=null RUNNING
  s1:  RUNNING  FOLLOWER s1@group-3D81F66BC438:t17, leader=null, voted=null, raftlog=s1@group-3D81F66BC438-SegmentedRaftLog:OPENED:c10,f11,i11, conf=11: [s0:0.0.0.0:42154, s1:0.0.0.0:36158, s2:0.0.0.0:36910], old=null RUNNING
  s2:  RUNNING  FOLLOWER s2@group-3D81F66BC438:t17, leader=null, voted=s2, raftlog=s2@group-3D81F66BC438-SegmentedRaftLog:OPENED:c10,f10,i10, conf=9: [s0:0.0.0.0:42154, s1:0.0.0.0:36158, s2:0.0.0.0:36910], old=null RUNNING, sleep 450ms and then retry.
java.lang.IllegalStateException: No leader yet : printing ALL groups
  s0:  RUNNING  FOLLOWER s0@group-3D81F66BC438:t17, leader=null, voted=null, raftlog=s0@group-3D81F66BC438-SegmentedRaftLog:OPENED:c11,f12,i12, conf=11: [s0:0.0.0.0:42154, s1:0.0.0.0:36158, s2:0.0.0.0:36910], old=null RUNNING
  s1:  RUNNING  FOLLOWER s1@group-3D81F66BC438:t17, leader=null, voted=null, raftlog=s1@group-3D81F66BC438-SegmentedRaftLog:OPENED:c10,f11,i11, conf=11: [s0:0.0.0.0:42154, s1:0.0.0.0:36158, s2:0.0.0.0:36910], old=null RUNNING
  s2:  RUNNING  FOLLOWER s2@group-3D81F66BC438:t17, leader=null, voted=s2, raftlog=s2@group-3D81F66BC438-SegmentedRaftLog:OPENED:c10,f10,i10, conf=9: [s0:0.0.0.0:42154, s1:0.0.0.0:36158, s2:0.0.0.0:36910], old=null RUNNING
	at org.apache.ratis.MiniRaftCluster.newIllegalStateExceptionForNoLeaders(MiniRaftCluster.java:506)
	at org.apache.ratis.RaftTestUtil.lambda$waitForLeader$1(RaftTestUtil.java:90)
	at org.apache.ratis.MiniRaftCluster.getLeader(MiniRaftCluster.java:539)
	at org.apache.ratis.MiniRaftCluster.getLeader(MiniRaftCluster.java:532)
	at org.apache.ratis.RaftTestUtil.lambda$waitForLeader$3(RaftTestUtil.java:98)
	at org.apache.ratis.util.JavaUtils.attempt(JavaUtils.java:152)
	at org.apache.ratis.RaftTestUtil.waitForLeader(RaftTestUtil.java:97)
	at org.apache.ratis.RaftTestUtil.waitForLeader(RaftTestUtil.java:77)
	at org.apache.ratis.RaftTestUtil.waitForLeader(RaftTestUtil.java:72)
	at org.apache.ratis.RaftTestUtil.lambda$changeLeader$7(RaftTestUtil.java:363)
	at org.apache.ratis.util.JavaUtils.attempt(JavaUtils.java:152)
	at org.apache.ratis.RaftTestUtil.changeLeader(RaftTestUtil.java:362)
	at org.apache.ratis.server.impl.LeaderElectionTests.testChangeLeader(LeaderElectionTests.java:81)
	at sun.reflect.NativeMethodAccessorImpl.invoke0(Native Method)
	at sun.reflect.NativeMethodAccessorImpl.invoke(NativeMethodAccessorImpl.java:62)
	at sun.reflect.DelegatingMethodAccessorImpl.invoke(DelegatingMethodAccessorImpl.java:43)
	at java.lang.reflect.Method.invoke(Method.java:498)
	at org.junit.runners.model.FrameworkMethod$1.runReflectiveCall(FrameworkMethod.java:50)
	at org.junit.internal.runners.model.ReflectiveCallable.run(ReflectiveCallable.java:12)
	at org.junit.runners.model.FrameworkMethod.invokeExplosively(FrameworkMethod.java:47)
	at org.junit.internal.runners.statements.InvokeMethod.evaluate(InvokeMethod.java:17)
	at org.junit.internal.runners.statements.RunAfters.evaluate(RunAfters.java:27)
	at org.junit.internal.runners.statements.FailOnTimeout$CallableStatement.call(FailOnTimeout.java:298)
	at org.junit.internal.runners.statements.FailOnTimeout$CallableStatement.call(FailOnTimeout.java:292)
	at java.util.concurrent.FutureTask.run(FutureTask.java:266)
	at java.lang.Thread.run(Thread.java:748)
2019-09-24 11:59:32,559 INFO  impl.FollowerState (FollowerState.java:run(108)) - s2@group-3D81F66BC438-FollowerState: change to CANDIDATE, lastRpcTime:220ms, electionTimeout:220ms
2019-09-24 11:59:32,559 INFO  impl.RoleInfo (RoleInfo.java:shutdownFollowerState(121)) - s2: shutdown FollowerState
2019-09-24 11:59:32,559 INFO  impl.RaftServerImpl (RaftServerImpl.java:setRole(170)) - s2@group-3D81F66BC438: changes role from  FOLLOWER to CANDIDATE at term 17 for changeToCandidate
2019-09-24 11:59:32,560 INFO  impl.RoleInfo (RoleInfo.java:updateAndGet(143)) - s2: start LeaderElection
2019-09-24 11:59:32,586 INFO  impl.FollowerState (FollowerState.java:run(108)) - s1@group-3D81F66BC438-FollowerState: change to CANDIDATE, lastRpcTime:275ms, electionTimeout:274ms
2019-09-24 11:59:32,586 INFO  impl.RoleInfo (RoleInfo.java:shutdownFollowerState(121)) - s1: shutdown FollowerState
2019-09-24 11:59:32,586 INFO  impl.RaftServerImpl (RaftServerImpl.java:setRole(170)) - s1@group-3D81F66BC438: changes role from  FOLLOWER to CANDIDATE at term 17 for changeToCandidate
2019-09-24 11:59:32,586 INFO  impl.RoleInfo (RoleInfo.java:updateAndGet(143)) - s1: start LeaderElection
2019-09-24 11:59:32,586 INFO  impl.LeaderElection (LeaderElection.java:askForVotes(178)) - s2@group-3D81F66BC438-LeaderElection56: begin an election at term 18 for 9: [s0:0.0.0.0:42154, s1:0.0.0.0:36158, s2:0.0.0.0:36910], old=null
2019-09-24 11:59:32,587 DEBUG impl.RaftServerImpl (RaftServerImpl.java:requestVote(743)) - s0@group-3D81F66BC438: receive requestVote(s2, group-3D81F66BC438, 18, (t:13, i:10))
2019-09-24 11:59:32,587 DEBUG impl.RaftServerImpl (RaftServerImpl.java:requestVote(743)) - s1@group-3D81F66BC438: receive requestVote(s2, group-3D81F66BC438, 18, (t:13, i:10))
2019-09-24 11:59:32,587 INFO  impl.RaftServerImpl (RaftServerImpl.java:setRole(170)) - s0@group-3D81F66BC438: changes role from  FOLLOWER to FOLLOWER at term 18 for recognizeCandidate:s2
2019-09-24 11:59:32,588 INFO  impl.RoleInfo (RoleInfo.java:shutdownFollowerState(121)) - s0: shutdown FollowerState
2019-09-24 11:59:32,588 INFO  impl.RoleInfo (RoleInfo.java:updateAndGet(143)) - s0: start FollowerState
2019-09-24 11:59:32,588 INFO  impl.FollowerState (FollowerState.java:run(117)) - s0@group-3D81F66BC438-FollowerState was interrupted: java.lang.InterruptedException: sleep interrupted
2019-09-24 11:59:32,600 INFO  impl.LeaderElection (LeaderElection.java:askForVotes(178)) - s1@group-3D81F66BC438-LeaderElection57: begin an election at term 18 for 11: [s0:0.0.0.0:42154, s1:0.0.0.0:36158, s2:0.0.0.0:36910], old=null
2019-09-24 11:59:32,600 DEBUG impl.RaftServerImpl (RaftServerImpl.java:requestVote(775)) - s1@group-3D81F66BC438 replies to vote request: s2<-s1#0:FAIL-t18. Peer's state: s1@group-3D81F66BC438:t18, leader=null, voted=s1, raftlog=s1@group-3D81F66BC438-SegmentedRaftLog:OPENED:c10,f11,i11, conf=11: [s0:0.0.0.0:42154, s1:0.0.0.0:36158, s2:0.0.0.0:36910], old=null
2019-09-24 11:59:32,600 DEBUG impl.RaftServerImpl (RaftServerImpl.java:requestVote(775)) - s0@group-3D81F66BC438 replies to vote request: s2<-s0#0:FAIL-t18. Peer's state: s0@group-3D81F66BC438:t18, leader=null, voted=null, raftlog=s0@group-3D81F66BC438-SegmentedRaftLog:OPENED:c11,f12,i12, conf=11: [s0:0.0.0.0:42154, s1:0.0.0.0:36158, s2:0.0.0.0:36910], old=null
2019-09-24 11:59:32,601 INFO  impl.LeaderElection (LeaderElection.java:logAndReturn(56)) - s2@group-3D81F66BC438-LeaderElection56: Election REJECTED; received 2 response(s) [s2<-s0#0:FAIL-t18, s2<-s1#0:FAIL-t18] and 0 exception(s); s2@group-3D81F66BC438:t18, leader=null, voted=s2, raftlog=s2@group-3D81F66BC438-SegmentedRaftLog:OPENED:c10,f10,i10, conf=9: [s0:0.0.0.0:42154, s1:0.0.0.0:36158, s2:0.0.0.0:36910], old=null
2019-09-24 11:59:32,601 INFO  impl.RaftServerImpl (RaftServerImpl.java:setRole(170)) - s2@group-3D81F66BC438: changes role from CANDIDATE to FOLLOWER at term 18 for DISCOVERED_A_NEW_TERM
2019-09-24 11:59:32,601 DEBUG impl.RaftServerImpl (RaftServerImpl.java:requestVote(743)) - s0@group-3D81F66BC438: receive requestVote(s1, group-3D81F66BC438, 18, (t:14, i:11))
2019-09-24 11:59:32,602 DEBUG impl.RaftServerImpl (RaftServerImpl.java:requestVote(743)) - s2@group-3D81F66BC438: receive requestVote(s1, group-3D81F66BC438, 18, (t:14, i:11))
2019-09-24 11:59:32,602 INFO  impl.RoleInfo (RoleInfo.java:shutdownLeaderElection(134)) - s2: shutdown LeaderElection
2019-09-24 11:59:32,602 INFO  impl.RaftServerImpl (RaftServerImpl.java:setRole(170)) - s0@group-3D81F66BC438: changes role from  FOLLOWER to FOLLOWER at term 18 for recognizeCandidate:s1
2019-09-24 11:59:32,602 INFO  impl.RoleInfo (RoleInfo.java:updateAndGet(143)) - s2: start FollowerState
2019-09-24 11:59:32,602 INFO  impl.RoleInfo (RoleInfo.java:shutdownFollowerState(121)) - s0: shutdown FollowerState
2019-09-24 11:59:32,603 INFO  impl.RoleInfo (RoleInfo.java:updateAndGet(143)) - s0: start FollowerState
2019-09-24 11:59:32,603 INFO  impl.FollowerState (FollowerState.java:run(117)) - s0@group-3D81F66BC438-FollowerState was interrupted: java.lang.InterruptedException: sleep interrupted
2019-09-24 11:59:32,603 DEBUG impl.RaftServerImpl (RaftServerImpl.java:requestVote(775)) - s2@group-3D81F66BC438 replies to vote request: s1<-s2#0:FAIL-t18. Peer's state: s2@group-3D81F66BC438:t18, leader=null, voted=s2, raftlog=s2@group-3D81F66BC438-SegmentedRaftLog:OPENED:c10,f10,i10, conf=9: [s0:0.0.0.0:42154, s1:0.0.0.0:36158, s2:0.0.0.0:36910], old=null
2019-09-24 11:59:32,603 DEBUG impl.RaftServerImpl (RaftServerImpl.java:requestVote(775)) - s0@group-3D81F66BC438 replies to vote request: s1<-s0#0:FAIL-t18. Peer's state: s0@group-3D81F66BC438:t18, leader=null, voted=null, raftlog=s0@group-3D81F66BC438-SegmentedRaftLog:OPENED:c11,f12,i12, conf=11: [s0:0.0.0.0:42154, s1:0.0.0.0:36158, s2:0.0.0.0:36910], old=null
2019-09-24 11:59:32,604 INFO  impl.LeaderElection (LeaderElection.java:logAndReturn(56)) - s1@group-3D81F66BC438-LeaderElection57: Election REJECTED; received 2 response(s) [s1<-s0#0:FAIL-t18, s1<-s2#0:FAIL-t18] and 0 exception(s); s1@group-3D81F66BC438:t18, leader=null, voted=s1, raftlog=s1@group-3D81F66BC438-SegmentedRaftLog:OPENED:c10,f11,i11, conf=11: [s0:0.0.0.0:42154, s1:0.0.0.0:36158, s2:0.0.0.0:36910], old=null
2019-09-24 11:59:32,604 INFO  impl.RaftServerImpl (RaftServerImpl.java:setRole(170)) - s1@group-3D81F66BC438: changes role from CANDIDATE to FOLLOWER at term 18 for DISCOVERED_A_NEW_TERM
2019-09-24 11:59:32,604 INFO  impl.RoleInfo (RoleInfo.java:shutdownLeaderElection(134)) - s1: shutdown LeaderElection
2019-09-24 11:59:32,604 INFO  impl.RoleInfo (RoleInfo.java:updateAndGet(143)) - s1: start FollowerState
2019-09-24 11:59:32,813 WARN  ratis.RaftTestUtil (JavaUtils.java:attempt(158)) - FAILED "waitForLeader-null-(expectLeader? true)", attempt #3/100: java.lang.IllegalStateException: No leader yet : printing ALL groups
  s0:  RUNNING  FOLLOWER s0@group-3D81F66BC438:t18, leader=null, voted=null, raftlog=s0@group-3D81F66BC438-SegmentedRaftLog:OPENED:c11,f12,i12, conf=11: [s0:0.0.0.0:42154, s1:0.0.0.0:36158, s2:0.0.0.0:36910], old=null RUNNING
  s1:  RUNNING  FOLLOWER s1@group-3D81F66BC438:t18, leader=null, voted=s1, raftlog=s1@group-3D81F66BC438-SegmentedRaftLog:OPENED:c10,f11,i11, conf=11: [s0:0.0.0.0:42154, s1:0.0.0.0:36158, s2:0.0.0.0:36910], old=null RUNNING
  s2:  RUNNING  FOLLOWER s2@group-3D81F66BC438:t18, leader=null, voted=s2, raftlog=s2@group-3D81F66BC438-SegmentedRaftLog:OPENED:c10,f10,i10, conf=9: [s0:0.0.0.0:42154, s1:0.0.0.0:36158, s2:0.0.0.0:36910], old=null RUNNING, sleep 450ms and then retry.
java.lang.IllegalStateException: No leader yet : printing ALL groups
  s0:  RUNNING  FOLLOWER s0@group-3D81F66BC438:t18, leader=null, voted=null, raftlog=s0@group-3D81F66BC438-SegmentedRaftLog:OPENED:c11,f12,i12, conf=11: [s0:0.0.0.0:42154, s1:0.0.0.0:36158, s2:0.0.0.0:36910], old=null RUNNING
  s1:  RUNNING  FOLLOWER s1@group-3D81F66BC438:t18, leader=null, voted=s1, raftlog=s1@group-3D81F66BC438-SegmentedRaftLog:OPENED:c10,f11,i11, conf=11: [s0:0.0.0.0:42154, s1:0.0.0.0:36158, s2:0.0.0.0:36910], old=null RUNNING
  s2:  RUNNING  FOLLOWER s2@group-3D81F66BC438:t18, leader=null, voted=s2, raftlog=s2@group-3D81F66BC438-SegmentedRaftLog:OPENED:c10,f10,i10, conf=9: [s0:0.0.0.0:42154, s1:0.0.0.0:36158, s2:0.0.0.0:36910], old=null RUNNING
	at org.apache.ratis.MiniRaftCluster.newIllegalStateExceptionForNoLeaders(MiniRaftCluster.java:506)
	at org.apache.ratis.RaftTestUtil.lambda$waitForLeader$1(RaftTestUtil.java:90)
	at org.apache.ratis.MiniRaftCluster.getLeader(MiniRaftCluster.java:539)
	at org.apache.ratis.MiniRaftCluster.getLeader(MiniRaftCluster.java:532)
	at org.apache.ratis.RaftTestUtil.lambda$waitForLeader$3(RaftTestUtil.java:98)
	at org.apache.ratis.util.JavaUtils.attempt(JavaUtils.java:152)
	at org.apache.ratis.RaftTestUtil.waitForLeader(RaftTestUtil.java:97)
	at org.apache.ratis.RaftTestUtil.waitForLeader(RaftTestUtil.java:77)
	at org.apache.ratis.RaftTestUtil.waitForLeader(RaftTestUtil.java:72)
	at org.apache.ratis.RaftTestUtil.lambda$changeLeader$7(RaftTestUtil.java:363)
	at org.apache.ratis.util.JavaUtils.attempt(JavaUtils.java:152)
	at org.apache.ratis.RaftTestUtil.changeLeader(RaftTestUtil.java:362)
	at org.apache.ratis.server.impl.LeaderElectionTests.testChangeLeader(LeaderElectionTests.java:81)
	at sun.reflect.NativeMethodAccessorImpl.invoke0(Native Method)
	at sun.reflect.NativeMethodAccessorImpl.invoke(NativeMethodAccessorImpl.java:62)
	at sun.reflect.DelegatingMethodAccessorImpl.invoke(DelegatingMethodAccessorImpl.java:43)
	at java.lang.reflect.Method.invoke(Method.java:498)
	at org.junit.runners.model.FrameworkMethod$1.runReflectiveCall(FrameworkMethod.java:50)
	at org.junit.internal.runners.model.ReflectiveCallable.run(ReflectiveCallable.java:12)
	at org.junit.runners.model.FrameworkMethod.invokeExplosively(FrameworkMethod.java:47)
	at org.junit.internal.runners.statements.InvokeMethod.evaluate(InvokeMethod.java:17)
	at org.junit.internal.runners.statements.RunAfters.evaluate(RunAfters.java:27)
	at org.junit.internal.runners.statements.FailOnTimeout$CallableStatement.call(FailOnTimeout.java:298)
	at org.junit.internal.runners.statements.FailOnTimeout$CallableStatement.call(FailOnTimeout.java:292)
	at java.util.concurrent.FutureTask.run(FutureTask.java:266)
	at java.lang.Thread.run(Thread.java:748)
2019-09-24 11:59:32,821 INFO  impl.FollowerState (FollowerState.java:run(108)) - s1@group-3D81F66BC438-FollowerState: change to CANDIDATE, lastRpcTime:216ms, electionTimeout:216ms
2019-09-24 11:59:32,821 INFO  impl.RoleInfo (RoleInfo.java:shutdownFollowerState(121)) - s1: shutdown FollowerState
2019-09-24 11:59:32,821 INFO  impl.RaftServerImpl (RaftServerImpl.java:setRole(170)) - s1@group-3D81F66BC438: changes role from  FOLLOWER to CANDIDATE at term 18 for changeToCandidate
2019-09-24 11:59:32,821 INFO  impl.RoleInfo (RoleInfo.java:updateAndGet(143)) - s1: start LeaderElection
2019-09-24 11:59:32,827 INFO  impl.FollowerState (FollowerState.java:run(108)) - s0@group-3D81F66BC438-FollowerState: change to CANDIDATE, lastRpcTime:224ms, electionTimeout:224ms
2019-09-24 11:59:32,828 INFO  impl.RoleInfo (RoleInfo.java:shutdownFollowerState(121)) - s0: shutdown FollowerState
2019-09-24 11:59:32,828 INFO  impl.RaftServerImpl (RaftServerImpl.java:setRole(170)) - s0@group-3D81F66BC438: changes role from  FOLLOWER to CANDIDATE at term 18 for changeToCandidate
2019-09-24 11:59:32,828 INFO  impl.RoleInfo (RoleInfo.java:updateAndGet(143)) - s0: start LeaderElection
2019-09-24 11:59:32,833 INFO  impl.FollowerState (FollowerState.java:run(108)) - s2@group-3D81F66BC438-FollowerState: change to CANDIDATE, lastRpcTime:230ms, electionTimeout:230ms
2019-09-24 11:59:32,833 INFO  impl.RoleInfo (RoleInfo.java:shutdownFollowerState(121)) - s2: shutdown FollowerState
2019-09-24 11:59:32,833 INFO  impl.RaftServerImpl (RaftServerImpl.java:setRole(170)) - s2@group-3D81F66BC438: changes role from  FOLLOWER to CANDIDATE at term 18 for changeToCandidate
2019-09-24 11:59:32,834 INFO  impl.RoleInfo (RoleInfo.java:updateAndGet(143)) - s2: start LeaderElection
2019-09-24 11:59:32,848 INFO  impl.LeaderElection (LeaderElection.java:askForVotes(178)) - s1@group-3D81F66BC438-LeaderElection58: begin an election at term 19 for 11: [s0:0.0.0.0:42154, s1:0.0.0.0:36158, s2:0.0.0.0:36910], old=null
2019-09-24 11:59:32,848 INFO  impl.LeaderElection (LeaderElection.java:askForVotes(178)) - s0@group-3D81F66BC438-LeaderElection59: begin an election at term 19 for 11: [s0:0.0.0.0:42154, s1:0.0.0.0:36158, s2:0.0.0.0:36910], old=null
2019-09-24 11:59:32,848 DEBUG impl.RaftServerImpl (RaftServerImpl.java:requestVote(743)) - s0@group-3D81F66BC438: receive requestVote(s1, group-3D81F66BC438, 19, (t:14, i:11))
2019-09-24 11:59:32,849 DEBUG impl.RaftServerImpl (RaftServerImpl.java:requestVote(775)) - s0@group-3D81F66BC438 replies to vote request: s1<-s0#0:FAIL-t19. Peer's state: s0@group-3D81F66BC438:t19, leader=null, voted=s0, raftlog=s0@group-3D81F66BC438-SegmentedRaftLog:OPENED:c11,f12,i12, conf=11: [s0:0.0.0.0:42154, s1:0.0.0.0:36158, s2:0.0.0.0:36910], old=null
2019-09-24 11:59:32,849 DEBUG impl.RaftServerImpl (RaftServerImpl.java:requestVote(743)) - s2@group-3D81F66BC438: receive requestVote(s1, group-3D81F66BC438, 19, (t:14, i:11))
2019-09-24 11:59:32,849 INFO  impl.LeaderElection (LeaderElection.java:askForVotes(178)) - s2@group-3D81F66BC438-LeaderElection60: begin an election at term 19 for 9: [s0:0.0.0.0:42154, s1:0.0.0.0:36158, s2:0.0.0.0:36910], old=null
2019-09-24 11:59:32,849 DEBUG impl.RaftServerImpl (RaftServerImpl.java:requestVote(775)) - s2@group-3D81F66BC438 replies to vote request: s1<-s2#0:FAIL-t19. Peer's state: s2@group-3D81F66BC438:t19, leader=null, voted=s2, raftlog=s2@group-3D81F66BC438-SegmentedRaftLog:OPENED:c10,f10,i10, conf=9: [s0:0.0.0.0:42154, s1:0.0.0.0:36158, s2:0.0.0.0:36910], old=null
2019-09-24 11:59:32,850 INFO  impl.LeaderElection (LeaderElection.java:logAndReturn(56)) - s1@group-3D81F66BC438-LeaderElection58: Election REJECTED; received 2 response(s) [s1<-s0#0:FAIL-t19, s1<-s2#0:FAIL-t19] and 0 exception(s); s1@group-3D81F66BC438:t19, leader=null, voted=s1, raftlog=s1@group-3D81F66BC438-SegmentedRaftLog:OPENED:c10,f11,i11, conf=11: [s0:0.0.0.0:42154, s1:0.0.0.0:36158, s2:0.0.0.0:36910], old=null
2019-09-24 11:59:32,850 INFO  impl.RaftServerImpl (RaftServerImpl.java:setRole(170)) - s1@group-3D81F66BC438: changes role from CANDIDATE to FOLLOWER at term 19 for DISCOVERED_A_NEW_TERM
2019-09-24 11:59:32,850 INFO  impl.RoleInfo (RoleInfo.java:shutdownLeaderElection(134)) - s1: shutdown LeaderElection
2019-09-24 11:59:32,850 DEBUG impl.RaftServerImpl (RaftServerImpl.java:requestVote(743)) - s0@group-3D81F66BC438: receive requestVote(s2, group-3D81F66BC438, 19, (t:13, i:10))
2019-09-24 11:59:32,851 DEBUG impl.RaftServerImpl (RaftServerImpl.java:requestVote(743)) - s1@group-3D81F66BC438: receive requestVote(s2, group-3D81F66BC438, 19, (t:13, i:10))
2019-09-24 11:59:32,851 INFO  impl.RoleInfo (RoleInfo.java:updateAndGet(143)) - s1: start FollowerState
2019-09-24 11:59:32,851 DEBUG impl.RaftServerImpl (RaftServerImpl.java:requestVote(775)) - s0@group-3D81F66BC438 replies to vote request: s2<-s0#0:FAIL-t19. Peer's state: s0@group-3D81F66BC438:t19, leader=null, voted=s0, raftlog=s0@group-3D81F66BC438-SegmentedRaftLog:OPENED:c11,f12,i12, conf=11: [s0:0.0.0.0:42154, s1:0.0.0.0:36158, s2:0.0.0.0:36910], old=null
2019-09-24 11:59:32,851 DEBUG impl.RaftServerImpl (RaftServerImpl.java:requestVote(775)) - s1@group-3D81F66BC438 replies to vote request: s2<-s1#0:FAIL-t19. Peer's state: s1@group-3D81F66BC438:t19, leader=null, voted=s1, raftlog=s1@group-3D81F66BC438-SegmentedRaftLog:OPENED:c10,f11,i11, conf=11: [s0:0.0.0.0:42154, s1:0.0.0.0:36158, s2:0.0.0.0:36910], old=null
2019-09-24 11:59:32,852 INFO  impl.LeaderElection (LeaderElection.java:logAndReturn(56)) - s2@group-3D81F66BC438-LeaderElection60: Election REJECTED; received 2 response(s) [s2<-s0#0:FAIL-t19, s2<-s1#0:FAIL-t19] and 0 exception(s); s2@group-3D81F66BC438:t19, leader=null, voted=s2, raftlog=s2@group-3D81F66BC438-SegmentedRaftLog:OPENED:c10,f10,i10, conf=9: [s0:0.0.0.0:42154, s1:0.0.0.0:36158, s2:0.0.0.0:36910], old=null
2019-09-24 11:59:32,852 INFO  impl.RaftServerImpl (RaftServerImpl.java:setRole(170)) - s2@group-3D81F66BC438: changes role from CANDIDATE to FOLLOWER at term 19 for DISCOVERED_A_NEW_TERM
2019-09-24 11:59:32,852 INFO  impl.RoleInfo (RoleInfo.java:shutdownLeaderElection(134)) - s2: shutdown LeaderElection
2019-09-24 11:59:32,852 INFO  impl.RoleInfo (RoleInfo.java:updateAndGet(143)) - s2: start FollowerState
2019-09-24 11:59:33,090 INFO  impl.FollowerState (FollowerState.java:run(108)) - s2@group-3D81F66BC438-FollowerState: change to CANDIDATE, lastRpcTime:237ms, electionTimeout:237ms
2019-09-24 11:59:33,090 INFO  impl.RoleInfo (RoleInfo.java:shutdownFollowerState(121)) - s2: shutdown FollowerState
2019-09-24 11:59:33,090 INFO  impl.RaftServerImpl (RaftServerImpl.java:setRole(170)) - s2@group-3D81F66BC438: changes role from  FOLLOWER to CANDIDATE at term 19 for changeToCandidate
2019-09-24 11:59:33,090 INFO  impl.RoleInfo (RoleInfo.java:updateAndGet(143)) - s2: start LeaderElection
2019-09-24 11:59:33,100 INFO  impl.LeaderElection (LeaderElection.java:logAndReturn(56)) - s0@group-3D81F66BC438-LeaderElection59: Election TIMEOUT; received 0 response(s) [] and 0 exception(s); s0@group-3D81F66BC438:t19, leader=null, voted=s0, raftlog=s0@group-3D81F66BC438-SegmentedRaftLog:OPENED:c11,f12,i12, conf=11: [s0:0.0.0.0:42154, s1:0.0.0.0:36158, s2:0.0.0.0:36910], old=null
2019-09-24 11:59:33,105 INFO  impl.LeaderElection (LeaderElection.java:askForVotes(178)) - s0@group-3D81F66BC438-LeaderElection59: begin an election at term 20 for 11: [s0:0.0.0.0:42154, s1:0.0.0.0:36158, s2:0.0.0.0:36910], old=null
2019-09-24 11:59:33,105 INFO  impl.LeaderElection (LeaderElection.java:askForVotes(178)) - s2@group-3D81F66BC438-LeaderElection61: begin an election at term 20 for 9: [s0:0.0.0.0:42154, s1:0.0.0.0:36158, s2:0.0.0.0:36910], old=null
2019-09-24 11:59:33,106 DEBUG impl.RaftServerImpl (RaftServerImpl.java:requestVote(743)) - s0@group-3D81F66BC438: receive requestVote(s2, group-3D81F66BC438, 20, (t:13, i:10))
2019-09-24 11:59:33,106 DEBUG impl.RaftServerImpl (RaftServerImpl.java:requestVote(775)) - s0@group-3D81F66BC438 replies to vote request: s2<-s0#0:FAIL-t20. Peer's state: s0@group-3D81F66BC438:t20, leader=null, voted=s0, raftlog=s0@group-3D81F66BC438-SegmentedRaftLog:OPENED:c11,f12,i12, conf=11: [s0:0.0.0.0:42154, s1:0.0.0.0:36158, s2:0.0.0.0:36910], old=null
2019-09-24 11:59:33,117 INFO  impl.FollowerState (FollowerState.java:run(108)) - s1@group-3D81F66BC438-FollowerState: change to CANDIDATE, lastRpcTime:265ms, electionTimeout:265ms
2019-09-24 11:59:33,117 INFO  impl.RoleInfo (RoleInfo.java:shutdownFollowerState(121)) - s1: shutdown FollowerState
2019-09-24 11:59:33,117 INFO  impl.RaftServerImpl (RaftServerImpl.java:setRole(170)) - s1@group-3D81F66BC438: changes role from  FOLLOWER to CANDIDATE at term 19 for changeToCandidate
2019-09-24 11:59:33,117 INFO  impl.RoleInfo (RoleInfo.java:updateAndGet(143)) - s1: start LeaderElection
2019-09-24 11:59:33,131 INFO  impl.LeaderElection (LeaderElection.java:askForVotes(178)) - s1@group-3D81F66BC438-LeaderElection62: begin an election at term 20 for 11: [s0:0.0.0.0:42154, s1:0.0.0.0:36158, s2:0.0.0.0:36910], old=null
2019-09-24 11:59:33,132 DEBUG impl.RaftServerImpl (RaftServerImpl.java:requestVote(743)) - s0@group-3D81F66BC438: receive requestVote(s1, group-3D81F66BC438, 20, (t:14, i:11))
2019-09-24 11:59:33,132 DEBUG impl.RaftServerImpl (RaftServerImpl.java:requestVote(775)) - s0@group-3D81F66BC438 replies to vote request: s1<-s0#0:FAIL-t20. Peer's state: s0@group-3D81F66BC438:t20, leader=null, voted=s0, raftlog=s0@group-3D81F66BC438-SegmentedRaftLog:OPENED:c11,f12,i12, conf=11: [s0:0.0.0.0:42154, s1:0.0.0.0:36158, s2:0.0.0.0:36910], old=null
2019-09-24 11:59:33,265 WARN  ratis.RaftTestUtil (JavaUtils.java:attempt(158)) - FAILED "waitForLeader-null-(expectLeader? true)", attempt #4/100: java.lang.IllegalStateException: No leader yet : printing ALL groups
  s0:  RUNNING CANDIDATE s0@group-3D81F66BC438:t20, leader=null, voted=s0, raftlog=s0@group-3D81F66BC438-SegmentedRaftLog:OPENED:c11,f12,i12, conf=11: [s0:0.0.0.0:42154, s1:0.0.0.0:36158, s2:0.0.0.0:36910], old=null RUNNING
  s1:  RUNNING CANDIDATE s1@group-3D81F66BC438:t20, leader=null, voted=s1, raftlog=s1@group-3D81F66BC438-SegmentedRaftLog:OPENED:c10,f11,i11, conf=11: [s0:0.0.0.0:42154, s1:0.0.0.0:36158, s2:0.0.0.0:36910], old=null RUNNING
  s2:  RUNNING CANDIDATE s2@group-3D81F66BC438:t20, leader=null, voted=s2, raftlog=s2@group-3D81F66BC438-SegmentedRaftLog:OPENED:c10,f10,i10, conf=9: [s0:0.0.0.0:42154, s1:0.0.0.0:36158, s2:0.0.0.0:36910], old=null RUNNING, sleep 450ms and then retry.
java.lang.IllegalStateException: No leader yet : printing ALL groups
  s0:  RUNNING CANDIDATE s0@group-3D81F66BC438:t20, leader=null, voted=s0, raftlog=s0@group-3D81F66BC438-SegmentedRaftLog:OPENED:c11,f12,i12, conf=11: [s0:0.0.0.0:42154, s1:0.0.0.0:36158, s2:0.0.0.0:36910], old=null RUNNING
  s1:  RUNNING CANDIDATE s1@group-3D81F66BC438:t20, leader=null, voted=s1, raftlog=s1@group-3D81F66BC438-SegmentedRaftLog:OPENED:c10,f11,i11, conf=11: [s0:0.0.0.0:42154, s1:0.0.0.0:36158, s2:0.0.0.0:36910], old=null RUNNING
  s2:  RUNNING CANDIDATE s2@group-3D81F66BC438:t20, leader=null, voted=s2, raftlog=s2@group-3D81F66BC438-SegmentedRaftLog:OPENED:c10,f10,i10, conf=9: [s0:0.0.0.0:42154, s1:0.0.0.0:36158, s2:0.0.0.0:36910], old=null RUNNING
	at org.apache.ratis.MiniRaftCluster.newIllegalStateExceptionForNoLeaders(MiniRaftCluster.java:506)
	at org.apache.ratis.RaftTestUtil.lambda$waitForLeader$1(RaftTestUtil.java:90)
	at org.apache.ratis.MiniRaftCluster.getLeader(MiniRaftCluster.java:539)
	at org.apache.ratis.MiniRaftCluster.getLeader(MiniRaftCluster.java:532)
	at org.apache.ratis.RaftTestUtil.lambda$waitForLeader$3(RaftTestUtil.java:98)
	at org.apache.ratis.util.JavaUtils.attempt(JavaUtils.java:152)
	at org.apache.ratis.RaftTestUtil.waitForLeader(RaftTestUtil.java:97)
	at org.apache.ratis.RaftTestUtil.waitForLeader(RaftTestUtil.java:77)
	at org.apache.ratis.RaftTestUtil.waitForLeader(RaftTestUtil.java:72)
	at org.apache.ratis.RaftTestUtil.lambda$changeLeader$7(RaftTestUtil.java:363)
	at org.apache.ratis.util.JavaUtils.attempt(JavaUtils.java:152)
	at org.apache.ratis.RaftTestUtil.changeLeader(RaftTestUtil.java:362)
	at org.apache.ratis.server.impl.LeaderElectionTests.testChangeLeader(LeaderElectionTests.java:81)
	at sun.reflect.NativeMethodAccessorImpl.invoke0(Native Method)
	at sun.reflect.NativeMethodAccessorImpl.invoke(NativeMethodAccessorImpl.java:62)
	at sun.reflect.DelegatingMethodAccessorImpl.invoke(DelegatingMethodAccessorImpl.java:43)
	at java.lang.reflect.Method.invoke(Method.java:498)
	at org.junit.runners.model.FrameworkMethod$1.runReflectiveCall(FrameworkMethod.java:50)
	at org.junit.internal.runners.model.ReflectiveCallable.run(ReflectiveCallable.java:12)
	at org.junit.runners.model.FrameworkMethod.invokeExplosively(FrameworkMethod.java:47)
	at org.junit.internal.runners.statements.InvokeMethod.evaluate(InvokeMethod.java:17)
	at org.junit.internal.runners.statements.RunAfters.evaluate(RunAfters.java:27)
	at org.junit.internal.runners.statements.FailOnTimeout$CallableStatement.call(FailOnTimeout.java:298)
	at org.junit.internal.runners.statements.FailOnTimeout$CallableStatement.call(FailOnTimeout.java:292)
	at java.util.concurrent.FutureTask.run(FutureTask.java:266)
	at java.lang.Thread.run(Thread.java:748)
2019-09-24 11:59:33,297 INFO  impl.LeaderElection (LeaderElection.java:logAndReturn(56)) - s2@group-3D81F66BC438-LeaderElection61: Election TIMEOUT; received 1 response(s) [s2<-s0#0:FAIL-t20] and 0 exception(s); s2@group-3D81F66BC438:t20, leader=null, voted=s2, raftlog=s2@group-3D81F66BC438-SegmentedRaftLog:OPENED:c10,f10,i10, conf=9: [s0:0.0.0.0:42154, s1:0.0.0.0:36158, s2:0.0.0.0:36910], old=null
2019-09-24 11:59:33,324 INFO  impl.LeaderElection (LeaderElection.java:askForVotes(178)) - s2@group-3D81F66BC438-LeaderElection61: begin an election at term 21 for 9: [s0:0.0.0.0:42154, s1:0.0.0.0:36158, s2:0.0.0.0:36910], old=null
2019-09-24 11:59:33,325 DEBUG impl.RaftServerImpl (RaftServerImpl.java:requestVote(743)) - s0@group-3D81F66BC438: receive requestVote(s2, group-3D81F66BC438, 21, (t:13, i:10))
2019-09-24 11:59:33,325 INFO  impl.RaftServerImpl (RaftServerImpl.java:setRole(170)) - s0@group-3D81F66BC438: changes role from CANDIDATE to FOLLOWER at term 21 for recognizeCandidate:s2
2019-09-24 11:59:33,326 INFO  impl.RoleInfo (RoleInfo.java:shutdownLeaderElection(134)) - s0: shutdown LeaderElection
2019-09-24 11:59:33,326 INFO  impl.RoleInfo (RoleInfo.java:updateAndGet(143)) - s0: start FollowerState
2019-09-24 11:59:33,339 DEBUG impl.RaftServerImpl (RaftServerImpl.java:requestVote(775)) - s0@group-3D81F66BC438 replies to vote request: s2<-s0#0:FAIL-t21. Peer's state: s0@group-3D81F66BC438:t21, leader=null, voted=null, raftlog=s0@group-3D81F66BC438-SegmentedRaftLog:OPENED:c11,f12,i12, conf=11: [s0:0.0.0.0:42154, s1:0.0.0.0:36158, s2:0.0.0.0:36910], old=null
2019-09-24 11:59:33,379 INFO  impl.LeaderElection (LeaderElection.java:logAndReturn(56)) - s1@group-3D81F66BC438-LeaderElection62: Election TIMEOUT; received 1 response(s) [s1<-s0#0:FAIL-t20] and 0 exception(s); s1@group-3D81F66BC438:t20, leader=null, voted=s1, raftlog=s1@group-3D81F66BC438-SegmentedRaftLog:OPENED:c10,f11,i11, conf=11: [s0:0.0.0.0:42154, s1:0.0.0.0:36158, s2:0.0.0.0:36910], old=null
2019-09-24 11:59:33,395 INFO  impl.LeaderElection (LeaderElection.java:logAndReturn(56)) - s0@group-3D81F66BC438-LeaderElection59: Election REJECTED; received 0 response(s) [] and 0 exception(s); s0@group-3D81F66BC438:t21, leader=null, voted=null, raftlog=s0@group-3D81F66BC438-SegmentedRaftLog:OPENED:c11,f12,i12, conf=11: [s0:0.0.0.0:42154, s1:0.0.0.0:36158, s2:0.0.0.0:36910], old=null
2019-09-24 11:59:33,405 INFO  impl.LeaderElection (LeaderElection.java:askForVotes(178)) - s1@group-3D81F66BC438-LeaderElection62: begin an election at term 21 for 11: [s0:0.0.0.0:42154, s1:0.0.0.0:36158, s2:0.0.0.0:36910], old=null
2019-09-24 11:59:33,405 DEBUG impl.RaftServerImpl (RaftServerImpl.java:requestVote(743)) - s0@group-3D81F66BC438: receive requestVote(s1, group-3D81F66BC438, 21, (t:14, i:11))
2019-09-24 11:59:33,405 INFO  impl.RaftServerImpl (RaftServerImpl.java:setRole(170)) - s0@group-3D81F66BC438: changes role from  FOLLOWER to FOLLOWER at term 21 for recognizeCandidate:s1
2019-09-24 11:59:33,406 INFO  impl.RoleInfo (RoleInfo.java:shutdownFollowerState(121)) - s0: shutdown FollowerState
2019-09-24 11:59:33,406 INFO  impl.RoleInfo (RoleInfo.java:updateAndGet(143)) - s0: start FollowerState
2019-09-24 11:59:33,406 INFO  impl.FollowerState (FollowerState.java:run(117)) - s0@group-3D81F66BC438-FollowerState was interrupted: java.lang.InterruptedException: sleep interrupted
2019-09-24 11:59:33,406 DEBUG impl.RaftServerImpl (RaftServerImpl.java:requestVote(775)) - s0@group-3D81F66BC438 replies to vote request: s1<-s0#0:FAIL-t21. Peer's state: s0@group-3D81F66BC438:t21, leader=null, voted=null, raftlog=s0@group-3D81F66BC438-SegmentedRaftLog:OPENED:c11,f12,i12, conf=11: [s0:0.0.0.0:42154, s1:0.0.0.0:36158, s2:0.0.0.0:36910], old=null
2019-09-24 11:59:33,598 INFO  impl.LeaderElection (LeaderElection.java:logAndReturn(56)) - s2@group-3D81F66BC438-LeaderElection61: Election TIMEOUT; received 1 response(s) [s2<-s0#0:FAIL-t21] and 0 exception(s); s2@group-3D81F66BC438:t21, leader=null, voted=s2, raftlog=s2@group-3D81F66BC438-SegmentedRaftLog:OPENED:c10,f10,i10, conf=9: [s0:0.0.0.0:42154, s1:0.0.0.0:36158, s2:0.0.0.0:36910], old=null
2019-09-24 11:59:33,606 INFO  impl.LeaderElection (LeaderElection.java:logAndReturn(56)) - s1@group-3D81F66BC438-LeaderElection62: Election TIMEOUT; received 1 response(s) [s1<-s0#0:FAIL-t21] and 0 exception(s); s1@group-3D81F66BC438:t21, leader=null, voted=s1, raftlog=s1@group-3D81F66BC438-SegmentedRaftLog:OPENED:c10,f11,i11, conf=11: [s0:0.0.0.0:42154, s1:0.0.0.0:36158, s2:0.0.0.0:36910], old=null
2019-09-24 11:59:33,611 INFO  impl.LeaderElection (LeaderElection.java:askForVotes(178)) - s2@group-3D81F66BC438-LeaderElection61: begin an election at term 22 for 9: [s0:0.0.0.0:42154, s1:0.0.0.0:36158, s2:0.0.0.0:36910], old=null
2019-09-24 11:59:33,611 INFO  impl.LeaderElection (LeaderElection.java:askForVotes(178)) - s1@group-3D81F66BC438-LeaderElection62: begin an election at term 22 for 11: [s0:0.0.0.0:42154, s1:0.0.0.0:36158, s2:0.0.0.0:36910], old=null
2019-09-24 11:59:33,612 DEBUG impl.RaftServerImpl (RaftServerImpl.java:requestVote(743)) - s0@group-3D81F66BC438: receive requestVote(s2, group-3D81F66BC438, 22, (t:13, i:10))
2019-09-24 11:59:33,612 INFO  impl.RaftServerImpl (RaftServerImpl.java:setRole(170)) - s0@group-3D81F66BC438: changes role from  FOLLOWER to FOLLOWER at term 22 for recognizeCandidate:s2
2019-09-24 11:59:33,612 DEBUG impl.RaftServerImpl (RaftServerImpl.java:requestVote(743)) - s0@group-3D81F66BC438: receive requestVote(s1, group-3D81F66BC438, 22, (t:14, i:11))
2019-09-24 11:59:33,612 INFO  impl.RoleInfo (RoleInfo.java:shutdownFollowerState(121)) - s0: shutdown FollowerState
2019-09-24 11:59:33,613 INFO  impl.RoleInfo (RoleInfo.java:updateAndGet(143)) - s0: start FollowerState
2019-09-24 11:59:33,613 INFO  impl.FollowerState (FollowerState.java:run(117)) - s0@group-3D81F66BC438-FollowerState was interrupted: java.lang.InterruptedException: sleep interrupted
2019-09-24 11:59:33,638 DEBUG impl.RaftServerImpl (RaftServerImpl.java:requestVote(775)) - s0@group-3D81F66BC438 replies to vote request: s2<-s0#0:FAIL-t22. Peer's state: s0@group-3D81F66BC438:t22, leader=null, voted=null, raftlog=s0@group-3D81F66BC438-SegmentedRaftLog:OPENED:c11,f12,i12, conf=11: [s0:0.0.0.0:42154, s1:0.0.0.0:36158, s2:0.0.0.0:36910], old=null
2019-09-24 11:59:33,638 INFO  impl.RaftServerImpl (RaftServerImpl.java:setRole(170)) - s0@group-3D81F66BC438: changes role from  FOLLOWER to FOLLOWER at term 22 for recognizeCandidate:s1
2019-09-24 11:59:33,639 INFO  impl.RoleInfo (RoleInfo.java:shutdownFollowerState(121)) - s0: shutdown FollowerState
2019-09-24 11:59:33,639 INFO  impl.RoleInfo (RoleInfo.java:updateAndGet(143)) - s0: start FollowerState
2019-09-24 11:59:33,639 INFO  impl.FollowerState (FollowerState.java:run(117)) - s0@group-3D81F66BC438-FollowerState was interrupted: java.lang.InterruptedException: sleep interrupted
2019-09-24 11:59:33,639 DEBUG impl.RaftServerImpl (RaftServerImpl.java:requestVote(775)) - s0@group-3D81F66BC438 replies to vote request: s1<-s0#0:FAIL-t22. Peer's state: s0@group-3D81F66BC438:t22, leader=null, voted=null, raftlog=s0@group-3D81F66BC438-SegmentedRaftLog:OPENED:c11,f12,i12, conf=11: [s0:0.0.0.0:42154, s1:0.0.0.0:36158, s2:0.0.0.0:36910], old=null
2019-09-24 11:59:33,716 WARN  ratis.RaftTestUtil (JavaUtils.java:attempt(158)) - FAILED "waitForLeader-null-(expectLeader? true)", attempt #5/100: java.lang.IllegalStateException: No leader yet : printing ALL groups
  s0:  RUNNING  FOLLOWER s0@group-3D81F66BC438:t22, leader=null, voted=null, raftlog=s0@group-3D81F66BC438-SegmentedRaftLog:OPENED:c11,f12,i12, conf=11: [s0:0.0.0.0:42154, s1:0.0.0.0:36158, s2:0.0.0.0:36910], old=null RUNNING
  s1:  RUNNING CANDIDATE s1@group-3D81F66BC438:t22, leader=null, voted=s1, raftlog=s1@group-3D81F66BC438-SegmentedRaftLog:OPENED:c10,f11,i11, conf=11: [s0:0.0.0.0:42154, s1:0.0.0.0:36158, s2:0.0.0.0:36910], old=null RUNNING
  s2:  RUNNING CANDIDATE s2@group-3D81F66BC438:t22, leader=null, voted=s2, raftlog=s2@group-3D81F66BC438-SegmentedRaftLog:OPENED:c10,f10,i10, conf=9: [s0:0.0.0.0:42154, s1:0.0.0.0:36158, s2:0.0.0.0:36910], old=null RUNNING, sleep 450ms and then retry.
java.lang.IllegalStateException: No leader yet : printing ALL groups
  s0:  RUNNING  FOLLOWER s0@group-3D81F66BC438:t22, leader=null, voted=null, raftlog=s0@group-3D81F66BC438-SegmentedRaftLog:OPENED:c11,f12,i12, conf=11: [s0:0.0.0.0:42154, s1:0.0.0.0:36158, s2:0.0.0.0:36910], old=null RUNNING
  s1:  RUNNING CANDIDATE s1@group-3D81F66BC438:t22, leader=null, voted=s1, raftlog=s1@group-3D81F66BC438-SegmentedRaftLog:OPENED:c10,f11,i11, conf=11: [s0:0.0.0.0:42154, s1:0.0.0.0:36158, s2:0.0.0.0:36910], old=null RUNNING
  s2:  RUNNING CANDIDATE s2@group-3D81F66BC438:t22, leader=null, voted=s2, raftlog=s2@group-3D81F66BC438-SegmentedRaftLog:OPENED:c10,f10,i10, conf=9: [s0:0.0.0.0:42154, s1:0.0.0.0:36158, s2:0.0.0.0:36910], old=null RUNNING
	at org.apache.ratis.MiniRaftCluster.newIllegalStateExceptionForNoLeaders(MiniRaftCluster.java:506)
	at org.apache.ratis.RaftTestUtil.lambda$waitForLeader$1(RaftTestUtil.java:90)
	at org.apache.ratis.MiniRaftCluster.getLeader(MiniRaftCluster.java:539)
	at org.apache.ratis.MiniRaftCluster.getLeader(MiniRaftCluster.java:532)
	at org.apache.ratis.RaftTestUtil.lambda$waitForLeader$3(RaftTestUtil.java:98)
	at org.apache.ratis.util.JavaUtils.attempt(JavaUtils.java:152)
	at org.apache.ratis.RaftTestUtil.waitForLeader(RaftTestUtil.java:97)
	at org.apache.ratis.RaftTestUtil.waitForLeader(RaftTestUtil.java:77)
	at org.apache.ratis.RaftTestUtil.waitForLeader(RaftTestUtil.java:72)
	at org.apache.ratis.RaftTestUtil.lambda$changeLeader$7(RaftTestUtil.java:363)
	at org.apache.ratis.util.JavaUtils.attempt(JavaUtils.java:152)
	at org.apache.ratis.RaftTestUtil.changeLeader(RaftTestUtil.java:362)
	at org.apache.ratis.server.impl.LeaderElectionTests.testChangeLeader(LeaderElectionTests.java:81)
	at sun.reflect.NativeMethodAccessorImpl.invoke0(Native Method)
	at sun.reflect.NativeMethodAccessorImpl.invoke(NativeMethodAccessorImpl.java:62)
	at sun.reflect.DelegatingMethodAccessorImpl.invoke(DelegatingMethodAccessorImpl.java:43)
	at java.lang.reflect.Method.invoke(Method.java:498)
	at org.junit.runners.model.FrameworkMethod$1.runReflectiveCall(FrameworkMethod.java:50)
	at org.junit.internal.runners.model.ReflectiveCallable.run(ReflectiveCallable.java:12)
	at org.junit.runners.model.FrameworkMethod.invokeExplosively(FrameworkMethod.java:47)
	at org.junit.internal.runners.statements.InvokeMethod.evaluate(InvokeMethod.java:17)
	at org.junit.internal.runners.statements.RunAfters.evaluate(RunAfters.java:27)
	at org.junit.internal.runners.statements.FailOnTimeout$CallableStatement.call(FailOnTimeout.java:298)
	at org.junit.internal.runners.statements.FailOnTimeout$CallableStatement.call(FailOnTimeout.java:292)
	at java.util.concurrent.FutureTask.run(FutureTask.java:266)
	at java.lang.Thread.run(Thread.java:748)
2019-09-24 11:59:33,837 INFO  impl.LeaderElection (LeaderElection.java:logAndReturn(56)) - s1@group-3D81F66BC438-LeaderElection62: Election TIMEOUT; received 1 response(s) [s1<-s0#0:FAIL-t22] and 0 exception(s); s1@group-3D81F66BC438:t22, leader=null, voted=s1, raftlog=s1@group-3D81F66BC438-SegmentedRaftLog:OPENED:c10,f11,i11, conf=11: [s0:0.0.0.0:42154, s1:0.0.0.0:36158, s2:0.0.0.0:36910], old=null
2019-09-24 11:59:33,851 INFO  impl.LeaderElection (LeaderElection.java:askForVotes(178)) - s1@group-3D81F66BC438-LeaderElection62: begin an election at term 23 for 11: [s0:0.0.0.0:42154, s1:0.0.0.0:36158, s2:0.0.0.0:36910], old=null
2019-09-24 11:59:33,852 DEBUG impl.RaftServerImpl (RaftServerImpl.java:requestVote(743)) - s0@group-3D81F66BC438: receive requestVote(s1, group-3D81F66BC438, 23, (t:14, i:11))
2019-09-24 11:59:33,852 INFO  impl.RaftServerImpl (RaftServerImpl.java:setRole(170)) - s0@group-3D81F66BC438: changes role from  FOLLOWER to FOLLOWER at term 23 for recognizeCandidate:s1
2019-09-24 11:59:33,852 INFO  impl.RoleInfo (RoleInfo.java:shutdownFollowerState(121)) - s0: shutdown FollowerState
2019-09-24 11:59:33,852 INFO  impl.RoleInfo (RoleInfo.java:updateAndGet(143)) - s0: start FollowerState
2019-09-24 11:59:33,852 INFO  impl.FollowerState (FollowerState.java:run(117)) - s0@group-3D81F66BC438-FollowerState was interrupted: java.lang.InterruptedException: sleep interrupted
2019-09-24 11:59:33,854 INFO  impl.LeaderElection (LeaderElection.java:logAndReturn(56)) - s2@group-3D81F66BC438-LeaderElection61: Election TIMEOUT; received 1 response(s) [s2<-s0#0:FAIL-t22] and 0 exception(s); s2@group-3D81F66BC438:t22, leader=null, voted=s2, raftlog=s2@group-3D81F66BC438-SegmentedRaftLog:OPENED:c10,f10,i10, conf=9: [s0:0.0.0.0:42154, s1:0.0.0.0:36158, s2:0.0.0.0:36910], old=null
2019-09-24 11:59:33,866 INFO  impl.LeaderElection (LeaderElection.java:askForVotes(178)) - s2@group-3D81F66BC438-LeaderElection61: begin an election at term 23 for 9: [s0:0.0.0.0:42154, s1:0.0.0.0:36158, s2:0.0.0.0:36910], old=null
2019-09-24 11:59:33,866 DEBUG impl.RaftServerImpl (RaftServerImpl.java:requestVote(775)) - s0@group-3D81F66BC438 replies to vote request: s1<-s0#0:FAIL-t23. Peer's state: s0@group-3D81F66BC438:t23, leader=null, voted=null, raftlog=s0@group-3D81F66BC438-SegmentedRaftLog:OPENED:c11,f12,i12, conf=11: [s0:0.0.0.0:42154, s1:0.0.0.0:36158, s2:0.0.0.0:36910], old=null
2019-09-24 11:59:33,867 DEBUG impl.RaftServerImpl (RaftServerImpl.java:requestVote(743)) - s0@group-3D81F66BC438: receive requestVote(s2, group-3D81F66BC438, 23, (t:13, i:10))
2019-09-24 11:59:33,868 INFO  impl.RaftServerImpl (RaftServerImpl.java:setRole(170)) - s0@group-3D81F66BC438: changes role from  FOLLOWER to FOLLOWER at term 23 for recognizeCandidate:s2
2019-09-24 11:59:33,868 INFO  impl.RoleInfo (RoleInfo.java:shutdownFollowerState(121)) - s0: shutdown FollowerState
2019-09-24 11:59:33,868 INFO  impl.RoleInfo (RoleInfo.java:updateAndGet(143)) - s0: start FollowerState
2019-09-24 11:59:33,868 INFO  impl.FollowerState (FollowerState.java:run(117)) - s0@group-3D81F66BC438-FollowerState was interrupted: java.lang.InterruptedException: sleep interrupted
2019-09-24 11:59:33,868 DEBUG impl.RaftServerImpl (RaftServerImpl.java:requestVote(775)) - s0@group-3D81F66BC438 replies to vote request: s2<-s0#0:FAIL-t23. Peer's state: s0@group-3D81F66BC438:t23, leader=null, voted=null, raftlog=s0@group-3D81F66BC438-SegmentedRaftLog:OPENED:c11,f12,i12, conf=11: [s0:0.0.0.0:42154, s1:0.0.0.0:36158, s2:0.0.0.0:36910], old=null
2019-09-24 11:59:34,081 INFO  impl.FollowerState (FollowerState.java:run(108)) - s0@group-3D81F66BC438-FollowerState: change to CANDIDATE, lastRpcTime:212ms, electionTimeout:212ms
2019-09-24 11:59:34,081 INFO  impl.RoleInfo (RoleInfo.java:shutdownFollowerState(121)) - s0: shutdown FollowerState
2019-09-24 11:59:34,081 INFO  impl.RaftServerImpl (RaftServerImpl.java:setRole(170)) - s0@group-3D81F66BC438: changes role from  FOLLOWER to CANDIDATE at term 23 for changeToCandidate
2019-09-24 11:59:34,081 INFO  impl.RoleInfo (RoleInfo.java:updateAndGet(143)) - s0: start LeaderElection
2019-09-24 11:59:34,096 INFO  impl.LeaderElection (LeaderElection.java:askForVotes(178)) - s0@group-3D81F66BC438-LeaderElection63: begin an election at term 24 for 11: [s0:0.0.0.0:42154, s1:0.0.0.0:36158, s2:0.0.0.0:36910], old=null
2019-09-24 11:59:34,119 INFO  impl.LeaderElection (LeaderElection.java:logAndReturn(56)) - s2@group-3D81F66BC438-LeaderElection61: Election TIMEOUT; received 1 response(s) [s2<-s0#0:FAIL-t23] and 0 exception(s); s2@group-3D81F66BC438:t23, leader=null, voted=s2, raftlog=s2@group-3D81F66BC438-SegmentedRaftLog:OPENED:c10,f10,i10, conf=9: [s0:0.0.0.0:42154, s1:0.0.0.0:36158, s2:0.0.0.0:36910], old=null
2019-09-24 11:59:34,121 INFO  impl.LeaderElection (LeaderElection.java:logAndReturn(56)) - s1@group-3D81F66BC438-LeaderElection62: Election TIMEOUT; received 1 response(s) [s1<-s0#0:FAIL-t23] and 0 exception(s); s1@group-3D81F66BC438:t23, leader=null, voted=s1, raftlog=s1@group-3D81F66BC438-SegmentedRaftLog:OPENED:c10,f11,i11, conf=11: [s0:0.0.0.0:42154, s1:0.0.0.0:36158, s2:0.0.0.0:36910], old=null
2019-09-24 11:59:34,134 INFO  impl.LeaderElection (LeaderElection.java:askForVotes(178)) - s2@group-3D81F66BC438-LeaderElection61: begin an election at term 24 for 9: [s0:0.0.0.0:42154, s1:0.0.0.0:36158, s2:0.0.0.0:36910], old=null
2019-09-24 11:59:34,134 INFO  impl.LeaderElection (LeaderElection.java:askForVotes(178)) - s1@group-3D81F66BC438-LeaderElection62: begin an election at term 24 for 11: [s0:0.0.0.0:42154, s1:0.0.0.0:36158, s2:0.0.0.0:36910], old=null
2019-09-24 11:59:34,134 DEBUG impl.RaftServerImpl (RaftServerImpl.java:requestVote(743)) - s0@group-3D81F66BC438: receive requestVote(s2, group-3D81F66BC438, 24, (t:13, i:10))
2019-09-24 11:59:34,134 DEBUG impl.RaftServerImpl (RaftServerImpl.java:requestVote(743)) - s0@group-3D81F66BC438: receive requestVote(s1, group-3D81F66BC438, 24, (t:14, i:11))
2019-09-24 11:59:34,135 DEBUG impl.RaftServerImpl (RaftServerImpl.java:requestVote(775)) - s0@group-3D81F66BC438 replies to vote request: s2<-s0#0:FAIL-t24. Peer's state: s0@group-3D81F66BC438:t24, leader=null, voted=s0, raftlog=s0@group-3D81F66BC438-SegmentedRaftLog:OPENED:c11,f12,i12, conf=11: [s0:0.0.0.0:42154, s1:0.0.0.0:36158, s2:0.0.0.0:36910], old=null
2019-09-24 11:59:34,135 DEBUG impl.RaftServerImpl (RaftServerImpl.java:requestVote(775)) - s0@group-3D81F66BC438 replies to vote request: s1<-s0#0:FAIL-t24. Peer's state: s0@group-3D81F66BC438:t24, leader=null, voted=s0, raftlog=s0@group-3D81F66BC438-SegmentedRaftLog:OPENED:c11,f12,i12, conf=11: [s0:0.0.0.0:42154, s1:0.0.0.0:36158, s2:0.0.0.0:36910], old=null
2019-09-24 11:59:34,167 WARN  ratis.RaftTestUtil (JavaUtils.java:attempt(158)) - FAILED "waitForLeader-null-(expectLeader? true)", attempt #6/100: java.lang.IllegalStateException: No leader yet : printing ALL groups
  s0:  RUNNING CANDIDATE s0@group-3D81F66BC438:t24, leader=null, voted=s0, raftlog=s0@group-3D81F66BC438-SegmentedRaftLog:OPENED:c11,f12,i12, conf=11: [s0:0.0.0.0:42154, s1:0.0.0.0:36158, s2:0.0.0.0:36910], old=null RUNNING
  s1:  RUNNING CANDIDATE s1@group-3D81F66BC438:t24, leader=null, voted=s1, raftlog=s1@group-3D81F66BC438-SegmentedRaftLog:OPENED:c10,f11,i11, conf=11: [s0:0.0.0.0:42154, s1:0.0.0.0:36158, s2:0.0.0.0:36910], old=null RUNNING
  s2:  RUNNING CANDIDATE s2@group-3D81F66BC438:t24, leader=null, voted=s2, raftlog=s2@group-3D81F66BC438-SegmentedRaftLog:OPENED:c10,f10,i10, conf=9: [s0:0.0.0.0:42154, s1:0.0.0.0:36158, s2:0.0.0.0:36910], old=null RUNNING, sleep 450ms and then retry.
java.lang.IllegalStateException: No leader yet : printing ALL groups
  s0:  RUNNING CANDIDATE s0@group-3D81F66BC438:t24, leader=null, voted=s0, raftlog=s0@group-3D81F66BC438-SegmentedRaftLog:OPENED:c11,f12,i12, conf=11: [s0:0.0.0.0:42154, s1:0.0.0.0:36158, s2:0.0.0.0:36910], old=null RUNNING
  s1:  RUNNING CANDIDATE s1@group-3D81F66BC438:t24, leader=null, voted=s1, raftlog=s1@group-3D81F66BC438-SegmentedRaftLog:OPENED:c10,f11,i11, conf=11: [s0:0.0.0.0:42154, s1:0.0.0.0:36158, s2:0.0.0.0:36910], old=null RUNNING
  s2:  RUNNING CANDIDATE s2@group-3D81F66BC438:t24, leader=null, voted=s2, raftlog=s2@group-3D81F66BC438-SegmentedRaftLog:OPENED:c10,f10,i10, conf=9: [s0:0.0.0.0:42154, s1:0.0.0.0:36158, s2:0.0.0.0:36910], old=null RUNNING
	at org.apache.ratis.MiniRaftCluster.newIllegalStateExceptionForNoLeaders(MiniRaftCluster.java:506)
	at org.apache.ratis.RaftTestUtil.lambda$waitForLeader$1(RaftTestUtil.java:90)
	at org.apache.ratis.MiniRaftCluster.getLeader(MiniRaftCluster.java:539)
	at org.apache.ratis.MiniRaftCluster.getLeader(MiniRaftCluster.java:532)
	at org.apache.ratis.RaftTestUtil.lambda$waitForLeader$3(RaftTestUtil.java:98)
	at org.apache.ratis.util.JavaUtils.attempt(JavaUtils.java:152)
	at org.apache.ratis.RaftTestUtil.waitForLeader(RaftTestUtil.java:97)
	at org.apache.ratis.RaftTestUtil.waitForLeader(RaftTestUtil.java:77)
	at org.apache.ratis.RaftTestUtil.waitForLeader(RaftTestUtil.java:72)
	at org.apache.ratis.RaftTestUtil.lambda$changeLeader$7(RaftTestUtil.java:363)
	at org.apache.ratis.util.JavaUtils.attempt(JavaUtils.java:152)
	at org.apache.ratis.RaftTestUtil.changeLeader(RaftTestUtil.java:362)
	at org.apache.ratis.server.impl.LeaderElectionTests.testChangeLeader(LeaderElectionTests.java:81)
	at sun.reflect.NativeMethodAccessorImpl.invoke0(Native Method)
	at sun.reflect.NativeMethodAccessorImpl.invoke(NativeMethodAccessorImpl.java:62)
	at sun.reflect.DelegatingMethodAccessorImpl.invoke(DelegatingMethodAccessorImpl.java:43)
	at java.lang.reflect.Method.invoke(Method.java:498)
	at org.junit.runners.model.FrameworkMethod$1.runReflectiveCall(FrameworkMethod.java:50)
	at org.junit.internal.runners.model.ReflectiveCallable.run(ReflectiveCallable.java:12)
	at org.junit.runners.model.FrameworkMethod.invokeExplosively(FrameworkMethod.java:47)
	at org.junit.internal.runners.statements.InvokeMethod.evaluate(InvokeMethod.java:17)
	at org.junit.internal.runners.statements.RunAfters.evaluate(RunAfters.java:27)
	at org.junit.internal.runners.statements.FailOnTimeout$CallableStatement.call(FailOnTimeout.java:298)
	at org.junit.internal.runners.statements.FailOnTimeout$CallableStatement.call(FailOnTimeout.java:292)
	at java.util.concurrent.FutureTask.run(FutureTask.java:266)
	at java.lang.Thread.run(Thread.java:748)
2019-09-24 11:59:34,296 INFO  impl.LeaderElection (LeaderElection.java:logAndReturn(56)) - s0@group-3D81F66BC438-LeaderElection63: Election TIMEOUT; received 0 response(s) [] and 0 exception(s); s0@group-3D81F66BC438:t24, leader=null, voted=s0, raftlog=s0@group-3D81F66BC438-SegmentedRaftLog:OPENED:c11,f12,i12, conf=11: [s0:0.0.0.0:42154, s1:0.0.0.0:36158, s2:0.0.0.0:36910], old=null
2019-09-24 11:59:34,322 INFO  impl.LeaderElection (LeaderElection.java:askForVotes(178)) - s0@group-3D81F66BC438-LeaderElection63: begin an election at term 25 for 11: [s0:0.0.0.0:42154, s1:0.0.0.0:36158, s2:0.0.0.0:36910], old=null
2019-09-24 11:59:34,415 INFO  impl.LeaderElection (LeaderElection.java:logAndReturn(56)) - s1@group-3D81F66BC438-LeaderElection62: Election TIMEOUT; received 1 response(s) [s1<-s0#0:FAIL-t24] and 0 exception(s); s1@group-3D81F66BC438:t24, leader=null, voted=s1, raftlog=s1@group-3D81F66BC438-SegmentedRaftLog:OPENED:c10,f11,i11, conf=11: [s0:0.0.0.0:42154, s1:0.0.0.0:36158, s2:0.0.0.0:36910], old=null
2019-09-24 11:59:34,428 INFO  impl.LeaderElection (LeaderElection.java:askForVotes(178)) - s1@group-3D81F66BC438-LeaderElection62: begin an election at term 25 for 11: [s0:0.0.0.0:42154, s1:0.0.0.0:36158, s2:0.0.0.0:36910], old=null
2019-09-24 11:59:34,429 DEBUG impl.RaftServerImpl (RaftServerImpl.java:requestVote(743)) - s0@group-3D81F66BC438: receive requestVote(s1, group-3D81F66BC438, 25, (t:14, i:11))
2019-09-24 11:59:34,429 DEBUG impl.RaftServerImpl (RaftServerImpl.java:requestVote(775)) - s0@group-3D81F66BC438 replies to vote request: s1<-s0#0:FAIL-t25. Peer's state: s0@group-3D81F66BC438:t25, leader=null, voted=s0, raftlog=s0@group-3D81F66BC438-SegmentedRaftLog:OPENED:c11,f12,i12, conf=11: [s0:0.0.0.0:42154, s1:0.0.0.0:36158, s2:0.0.0.0:36910], old=null
2019-09-24 11:59:34,433 INFO  impl.LeaderElection (LeaderElection.java:logAndReturn(56)) - s2@group-3D81F66BC438-LeaderElection61: Election TIMEOUT; received 1 response(s) [s2<-s0#0:FAIL-t24] and 0 exception(s); s2@group-3D81F66BC438:t24, leader=null, voted=s2, raftlog=s2@group-3D81F66BC438-SegmentedRaftLog:OPENED:c10,f10,i10, conf=9: [s0:0.0.0.0:42154, s1:0.0.0.0:36158, s2:0.0.0.0:36910], old=null
2019-09-24 11:59:34,448 INFO  impl.LeaderElection (LeaderElection.java:askForVotes(178)) - s2@group-3D81F66BC438-LeaderElection61: begin an election at term 25 for 9: [s0:0.0.0.0:42154, s1:0.0.0.0:36158, s2:0.0.0.0:36910], old=null
2019-09-24 11:59:34,449 DEBUG impl.RaftServerImpl (RaftServerImpl.java:requestVote(743)) - s0@group-3D81F66BC438: receive requestVote(s2, group-3D81F66BC438, 25, (t:13, i:10))
2019-09-24 11:59:34,449 DEBUG impl.RaftServerImpl (RaftServerImpl.java:requestVote(775)) - s0@group-3D81F66BC438 replies to vote request: s2<-s0#0:FAIL-t25. Peer's state: s0@group-3D81F66BC438:t25, leader=null, voted=s0, raftlog=s0@group-3D81F66BC438-SegmentedRaftLog:OPENED:c11,f12,i12, conf=11: [s0:0.0.0.0:42154, s1:0.0.0.0:36158, s2:0.0.0.0:36910], old=null
2019-09-24 11:59:34,595 INFO  impl.LeaderElection (LeaderElection.java:logAndReturn(56)) - s0@group-3D81F66BC438-LeaderElection63: Election TIMEOUT; received 0 response(s) [] and 0 exception(s); s0@group-3D81F66BC438:t25, leader=null, voted=s0, raftlog=s0@group-3D81F66BC438-SegmentedRaftLog:OPENED:c11,f12,i12, conf=11: [s0:0.0.0.0:42154, s1:0.0.0.0:36158, s2:0.0.0.0:36910], old=null
2019-09-24 11:59:34,609 INFO  impl.LeaderElection (LeaderElection.java:askForVotes(178)) - s0@group-3D81F66BC438-LeaderElection63: begin an election at term 26 for 11: [s0:0.0.0.0:42154, s1:0.0.0.0:36158, s2:0.0.0.0:36910], old=null
2019-09-24 11:59:34,618 WARN  ratis.RaftTestUtil (JavaUtils.java:attempt(158)) - FAILED "waitForLeader-null-(expectLeader? true)", attempt #7/100: java.lang.IllegalStateException: No leader yet : printing ALL groups
  s0:  RUNNING CANDIDATE s0@group-3D81F66BC438:t26, leader=null, voted=s0, raftlog=s0@group-3D81F66BC438-SegmentedRaftLog:OPENED:c11,f12,i12, conf=11: [s0:0.0.0.0:42154, s1:0.0.0.0:36158, s2:0.0.0.0:36910], old=null RUNNING
  s1:  RUNNING CANDIDATE s1@group-3D81F66BC438:t25, leader=null, voted=s1, raftlog=s1@group-3D81F66BC438-SegmentedRaftLog:OPENED:c10,f11,i11, conf=11: [s0:0.0.0.0:42154, s1:0.0.0.0:36158, s2:0.0.0.0:36910], old=null RUNNING
  s2:  RUNNING CANDIDATE s2@group-3D81F66BC438:t25, leader=null, voted=s2, raftlog=s2@group-3D81F66BC438-SegmentedRaftLog:OPENED:c10,f10,i10, conf=9: [s0:0.0.0.0:42154, s1:0.0.0.0:36158, s2:0.0.0.0:36910], old=null RUNNING, sleep 450ms and then retry.
java.lang.IllegalStateException: No leader yet : printing ALL groups
  s0:  RUNNING CANDIDATE s0@group-3D81F66BC438:t26, leader=null, voted=s0, raftlog=s0@group-3D81F66BC438-SegmentedRaftLog:OPENED:c11,f12,i12, conf=11: [s0:0.0.0.0:42154, s1:0.0.0.0:36158, s2:0.0.0.0:36910], old=null RUNNING
  s1:  RUNNING CANDIDATE s1@group-3D81F66BC438:t25, leader=null, voted=s1, raftlog=s1@group-3D81F66BC438-SegmentedRaftLog:OPENED:c10,f11,i11, conf=11: [s0:0.0.0.0:42154, s1:0.0.0.0:36158, s2:0.0.0.0:36910], old=null RUNNING
  s2:  RUNNING CANDIDATE s2@group-3D81F66BC438:t25, leader=null, voted=s2, raftlog=s2@group-3D81F66BC438-SegmentedRaftLog:OPENED:c10,f10,i10, conf=9: [s0:0.0.0.0:42154, s1:0.0.0.0:36158, s2:0.0.0.0:36910], old=null RUNNING
	at org.apache.ratis.MiniRaftCluster.newIllegalStateExceptionForNoLeaders(MiniRaftCluster.java:506)
	at org.apache.ratis.RaftTestUtil.lambda$waitForLeader$1(RaftTestUtil.java:90)
	at org.apache.ratis.MiniRaftCluster.getLeader(MiniRaftCluster.java:539)
	at org.apache.ratis.MiniRaftCluster.getLeader(MiniRaftCluster.java:532)
	at org.apache.ratis.RaftTestUtil.lambda$waitForLeader$3(RaftTestUtil.java:98)
	at org.apache.ratis.util.JavaUtils.attempt(JavaUtils.java:152)
	at org.apache.ratis.RaftTestUtil.waitForLeader(RaftTestUtil.java:97)
	at org.apache.ratis.RaftTestUtil.waitForLeader(RaftTestUtil.java:77)
	at org.apache.ratis.RaftTestUtil.waitForLeader(RaftTestUtil.java:72)
	at org.apache.ratis.RaftTestUtil.lambda$changeLeader$7(RaftTestUtil.java:363)
	at org.apache.ratis.util.JavaUtils.attempt(JavaUtils.java:152)
	at org.apache.ratis.RaftTestUtil.changeLeader(RaftTestUtil.java:362)
	at org.apache.ratis.server.impl.LeaderElectionTests.testChangeLeader(LeaderElectionTests.java:81)
	at sun.reflect.NativeMethodAccessorImpl.invoke0(Native Method)
	at sun.reflect.NativeMethodAccessorImpl.invoke(NativeMethodAccessorImpl.java:62)
	at sun.reflect.DelegatingMethodAccessorImpl.invoke(DelegatingMethodAccessorImpl.java:43)
	at java.lang.reflect.Method.invoke(Method.java:498)
	at org.junit.runners.model.FrameworkMethod$1.runReflectiveCall(FrameworkMethod.java:50)
	at org.junit.internal.runners.model.ReflectiveCallable.run(ReflectiveCallable.java:12)
	at org.junit.runners.model.FrameworkMethod.invokeExplosively(FrameworkMethod.java:47)
	at org.junit.internal.runners.statements.InvokeMethod.evaluate(InvokeMethod.java:17)
	at org.junit.internal.runners.statements.RunAfters.evaluate(RunAfters.java:27)
	at org.junit.internal.runners.statements.FailOnTimeout$CallableStatement.call(FailOnTimeout.java:298)
	at org.junit.internal.runners.statements.FailOnTimeout$CallableStatement.call(FailOnTimeout.java:292)
	at java.util.concurrent.FutureTask.run(FutureTask.java:266)
	at java.lang.Thread.run(Thread.java:748)
2019-09-24 11:59:34,631 INFO  impl.LeaderElection (LeaderElection.java:logAndReturn(56)) - s2@group-3D81F66BC438-LeaderElection61: Election TIMEOUT; received 1 response(s) [s2<-s0#0:FAIL-t25] and 0 exception(s); s2@group-3D81F66BC438:t25, leader=null, voted=s2, raftlog=s2@group-3D81F66BC438-SegmentedRaftLog:OPENED:c10,f10,i10, conf=9: [s0:0.0.0.0:42154, s1:0.0.0.0:36158, s2:0.0.0.0:36910], old=null
2019-09-24 11:59:34,639 INFO  impl.LeaderElection (LeaderElection.java:logAndReturn(56)) - s1@group-3D81F66BC438-LeaderElection62: Election TIMEOUT; received 1 response(s) [s1<-s0#0:FAIL-t25] and 0 exception(s); s1@group-3D81F66BC438:t25, leader=null, voted=s1, raftlog=s1@group-3D81F66BC438-SegmentedRaftLog:OPENED:c10,f11,i11, conf=11: [s0:0.0.0.0:42154, s1:0.0.0.0:36158, s2:0.0.0.0:36910], old=null
2019-09-24 11:59:34,645 INFO  impl.LeaderElection (LeaderElection.java:askForVotes(178)) - s2@group-3D81F66BC438-LeaderElection61: begin an election at term 26 for 9: [s0:0.0.0.0:42154, s1:0.0.0.0:36158, s2:0.0.0.0:36910], old=null
2019-09-24 11:59:34,645 INFO  impl.LeaderElection (LeaderElection.java:askForVotes(178)) - s1@group-3D81F66BC438-LeaderElection62: begin an election at term 26 for 11: [s0:0.0.0.0:42154, s1:0.0.0.0:36158, s2:0.0.0.0:36910], old=null
2019-09-24 11:59:34,646 DEBUG impl.RaftServerImpl (RaftServerImpl.java:requestVote(743)) - s0@group-3D81F66BC438: receive requestVote(s2, group-3D81F66BC438, 26, (t:13, i:10))
2019-09-24 11:59:34,646 DEBUG impl.RaftServerImpl (RaftServerImpl.java:requestVote(775)) - s0@group-3D81F66BC438 replies to vote request: s2<-s0#0:FAIL-t26. Peer's state: s0@group-3D81F66BC438:t26, leader=null, voted=s0, raftlog=s0@group-3D81F66BC438-SegmentedRaftLog:OPENED:c11,f12,i12, conf=11: [s0:0.0.0.0:42154, s1:0.0.0.0:36158, s2:0.0.0.0:36910], old=null
2019-09-24 11:59:34,646 DEBUG impl.RaftServerImpl (RaftServerImpl.java:requestVote(743)) - s0@group-3D81F66BC438: receive requestVote(s1, group-3D81F66BC438, 26, (t:14, i:11))
2019-09-24 11:59:34,647 DEBUG impl.RaftServerImpl (RaftServerImpl.java:requestVote(775)) - s0@group-3D81F66BC438 replies to vote request: s1<-s0#0:FAIL-t26. Peer's state: s0@group-3D81F66BC438:t26, leader=null, voted=s0, raftlog=s0@group-3D81F66BC438-SegmentedRaftLog:OPENED:c11,f12,i12, conf=11: [s0:0.0.0.0:42154, s1:0.0.0.0:36158, s2:0.0.0.0:36910], old=null
2019-09-24 11:59:34,781 INFO  impl.LeaderElection (LeaderElection.java:logAndReturn(56)) - s0@group-3D81F66BC438-LeaderElection63: Election TIMEOUT; received 0 response(s) [] and 0 exception(s); s0@group-3D81F66BC438:t26, leader=null, voted=s0, raftlog=s0@group-3D81F66BC438-SegmentedRaftLog:OPENED:c11,f12,i12, conf=11: [s0:0.0.0.0:42154, s1:0.0.0.0:36158, s2:0.0.0.0:36910], old=null
2019-09-24 11:59:34,797 INFO  impl.LeaderElection (LeaderElection.java:askForVotes(178)) - s0@group-3D81F66BC438-LeaderElection63: begin an election at term 27 for 11: [s0:0.0.0.0:42154, s1:0.0.0.0:36158, s2:0.0.0.0:36910], old=null
2019-09-24 11:59:34,864 INFO  impl.LeaderElection (LeaderElection.java:logAndReturn(56)) - s1@group-3D81F66BC438-LeaderElection62: Election TIMEOUT; received 1 response(s) [s1<-s0#0:FAIL-t26] and 0 exception(s); s1@group-3D81F66BC438:t26, leader=null, voted=s1, raftlog=s1@group-3D81F66BC438-SegmentedRaftLog:OPENED:c10,f11,i11, conf=11: [s0:0.0.0.0:42154, s1:0.0.0.0:36158, s2:0.0.0.0:36910], old=null
2019-09-24 11:59:34,877 INFO  impl.LeaderElection (LeaderElection.java:askForVotes(178)) - s1@group-3D81F66BC438-LeaderElection62: begin an election at term 27 for 11: [s0:0.0.0.0:42154, s1:0.0.0.0:36158, s2:0.0.0.0:36910], old=null
2019-09-24 11:59:34,878 DEBUG impl.RaftServerImpl (RaftServerImpl.java:requestVote(743)) - s0@group-3D81F66BC438: receive requestVote(s1, group-3D81F66BC438, 27, (t:14, i:11))
2019-09-24 11:59:34,879 DEBUG impl.RaftServerImpl (RaftServerImpl.java:requestVote(775)) - s0@group-3D81F66BC438 replies to vote request: s1<-s0#0:FAIL-t27. Peer's state: s0@group-3D81F66BC438:t27, leader=null, voted=s0, raftlog=s0@group-3D81F66BC438-SegmentedRaftLog:OPENED:c11,f12,i12, conf=11: [s0:0.0.0.0:42154, s1:0.0.0.0:36158, s2:0.0.0.0:36910], old=null
2019-09-24 11:59:34,943 INFO  impl.LeaderElection (LeaderElection.java:logAndReturn(56)) - s2@group-3D81F66BC438-LeaderElection61: Election TIMEOUT; received 1 response(s) [s2<-s0#0:FAIL-t26] and 0 exception(s); s2@group-3D81F66BC438:t26, leader=null, voted=s2, raftlog=s2@group-3D81F66BC438-SegmentedRaftLog:OPENED:c10,f10,i10, conf=9: [s0:0.0.0.0:42154, s1:0.0.0.0:36158, s2:0.0.0.0:36910], old=null
2019-09-24 11:59:34,977 INFO  impl.LeaderElection (LeaderElection.java:askForVotes(178)) - s2@group-3D81F66BC438-LeaderElection61: begin an election at term 27 for 9: [s0:0.0.0.0:42154, s1:0.0.0.0:36158, s2:0.0.0.0:36910], old=null
2019-09-24 11:59:34,977 DEBUG impl.RaftServerImpl (RaftServerImpl.java:requestVote(743)) - s0@group-3D81F66BC438: receive requestVote(s2, group-3D81F66BC438, 27, (t:13, i:10))
2019-09-24 11:59:34,978 DEBUG impl.RaftServerImpl (RaftServerImpl.java:requestVote(775)) - s0@group-3D81F66BC438 replies to vote request: s2<-s0#0:FAIL-t27. Peer's state: s0@group-3D81F66BC438:t27, leader=null, voted=s0, raftlog=s0@group-3D81F66BC438-SegmentedRaftLog:OPENED:c11,f12,i12, conf=11: [s0:0.0.0.0:42154, s1:0.0.0.0:36158, s2:0.0.0.0:36910], old=null
2019-09-24 11:59:34,995 INFO  impl.LeaderElection (LeaderElection.java:logAndReturn(56)) - s0@group-3D81F66BC438-LeaderElection63: Election TIMEOUT; received 0 response(s) [] and 0 exception(s); s0@group-3D81F66BC438:t27, leader=null, voted=s0, raftlog=s0@group-3D81F66BC438-SegmentedRaftLog:OPENED:c11,f12,i12, conf=11: [s0:0.0.0.0:42154, s1:0.0.0.0:36158, s2:0.0.0.0:36910], old=null
2019-09-24 11:59:35,008 INFO  impl.LeaderElection (LeaderElection.java:askForVotes(178)) - s0@group-3D81F66BC438-LeaderElection63: begin an election at term 28 for 11: [s0:0.0.0.0:42154, s1:0.0.0.0:36158, s2:0.0.0.0:36910], old=null
2019-09-24 11:59:35,069 WARN  ratis.RaftTestUtil (JavaUtils.java:attempt(158)) - FAILED "waitForLeader-null-(expectLeader? true)", attempt #8/100: java.lang.IllegalStateException: No leader yet : printing ALL groups
  s0:  RUNNING CANDIDATE s0@group-3D81F66BC438:t28, leader=null, voted=s0, raftlog=s0@group-3D81F66BC438-SegmentedRaftLog:OPENED:c11,f12,i12, conf=11: [s0:0.0.0.0:42154, s1:0.0.0.0:36158, s2:0.0.0.0:36910], old=null RUNNING
  s1:  RUNNING CANDIDATE s1@group-3D81F66BC438:t27, leader=null, voted=s1, raftlog=s1@group-3D81F66BC438-SegmentedRaftLog:OPENED:c10,f11,i11, conf=11: [s0:0.0.0.0:42154, s1:0.0.0.0:36158, s2:0.0.0.0:36910], old=null RUNNING
  s2:  RUNNING CANDIDATE s2@group-3D81F66BC438:t27, leader=null, voted=s2, raftlog=s2@group-3D81F66BC438-SegmentedRaftLog:OPENED:c10,f10,i10, conf=9: [s0:0.0.0.0:42154, s1:0.0.0.0:36158, s2:0.0.0.0:36910], old=null RUNNING, sleep 450ms and then retry.
java.lang.IllegalStateException: No leader yet : printing ALL groups
  s0:  RUNNING CANDIDATE s0@group-3D81F66BC438:t28, leader=null, voted=s0, raftlog=s0@group-3D81F66BC438-SegmentedRaftLog:OPENED:c11,f12,i12, conf=11: [s0:0.0.0.0:42154, s1:0.0.0.0:36158, s2:0.0.0.0:36910], old=null RUNNING
  s1:  RUNNING CANDIDATE s1@group-3D81F66BC438:t27, leader=null, voted=s1, raftlog=s1@group-3D81F66BC438-SegmentedRaftLog:OPENED:c10,f11,i11, conf=11: [s0:0.0.0.0:42154, s1:0.0.0.0:36158, s2:0.0.0.0:36910], old=null RUNNING
  s2:  RUNNING CANDIDATE s2@group-3D81F66BC438:t27, leader=null, voted=s2, raftlog=s2@group-3D81F66BC438-SegmentedRaftLog:OPENED:c10,f10,i10, conf=9: [s0:0.0.0.0:42154, s1:0.0.0.0:36158, s2:0.0.0.0:36910], old=null RUNNING
	at org.apache.ratis.MiniRaftCluster.newIllegalStateExceptionForNoLeaders(MiniRaftCluster.java:506)
	at org.apache.ratis.RaftTestUtil.lambda$waitForLeader$1(RaftTestUtil.java:90)
	at org.apache.ratis.MiniRaftCluster.getLeader(MiniRaftCluster.java:539)
	at org.apache.ratis.MiniRaftCluster.getLeader(MiniRaftCluster.java:532)
	at org.apache.ratis.RaftTestUtil.lambda$waitForLeader$3(RaftTestUtil.java:98)
	at org.apache.ratis.util.JavaUtils.attempt(JavaUtils.java:152)
	at org.apache.ratis.RaftTestUtil.waitForLeader(RaftTestUtil.java:97)
	at org.apache.ratis.RaftTestUtil.waitForLeader(RaftTestUtil.java:77)
	at org.apache.ratis.RaftTestUtil.waitForLeader(RaftTestUtil.java:72)
	at org.apache.ratis.RaftTestUtil.lambda$changeLeader$7(RaftTestUtil.java:363)
	at org.apache.ratis.util.JavaUtils.attempt(JavaUtils.java:152)
	at org.apache.ratis.RaftTestUtil.changeLeader(RaftTestUtil.java:362)
	at org.apache.ratis.server.impl.LeaderElectionTests.testChangeLeader(LeaderElectionTests.java:81)
	at sun.reflect.NativeMethodAccessorImpl.invoke0(Native Method)
	at sun.reflect.NativeMethodAccessorImpl.invoke(NativeMethodAccessorImpl.java:62)
	at sun.reflect.DelegatingMethodAccessorImpl.invoke(DelegatingMethodAccessorImpl.java:43)
	at java.lang.reflect.Method.invoke(Method.java:498)
	at org.junit.runners.model.FrameworkMethod$1.runReflectiveCall(FrameworkMethod.java:50)
	at org.junit.internal.runners.model.ReflectiveCallable.run(ReflectiveCallable.java:12)
	at org.junit.runners.model.FrameworkMethod.invokeExplosively(FrameworkMethod.java:47)
	at org.junit.internal.runners.statements.InvokeMethod.evaluate(InvokeMethod.java:17)
	at org.junit.internal.runners.statements.RunAfters.evaluate(RunAfters.java:27)
	at org.junit.internal.runners.statements.FailOnTimeout$CallableStatement.call(FailOnTimeout.java:298)
	at org.junit.internal.runners.statements.FailOnTimeout$CallableStatement.call(FailOnTimeout.java:292)
	at java.util.concurrent.FutureTask.run(FutureTask.java:266)
	at java.lang.Thread.run(Thread.java:748)
2019-09-24 11:59:35,070 INFO  impl.LeaderElection (LeaderElection.java:logAndReturn(56)) - s1@group-3D81F66BC438-LeaderElection62: Election TIMEOUT; received 1 response(s) [s1<-s0#0:FAIL-t27] and 0 exception(s); s1@group-3D81F66BC438:t27, leader=null, voted=s1, raftlog=s1@group-3D81F66BC438-SegmentedRaftLog:OPENED:c10,f11,i11, conf=11: [s0:0.0.0.0:42154, s1:0.0.0.0:36158, s2:0.0.0.0:36910], old=null
2019-09-24 11:59:35,084 INFO  impl.LeaderElection (LeaderElection.java:askForVotes(178)) - s1@group-3D81F66BC438-LeaderElection62: begin an election at term 28 for 11: [s0:0.0.0.0:42154, s1:0.0.0.0:36158, s2:0.0.0.0:36910], old=null
2019-09-24 11:59:35,084 DEBUG impl.RaftServerImpl (RaftServerImpl.java:requestVote(743)) - s0@group-3D81F66BC438: receive requestVote(s1, group-3D81F66BC438, 28, (t:14, i:11))
2019-09-24 11:59:35,085 DEBUG impl.RaftServerImpl (RaftServerImpl.java:requestVote(775)) - s0@group-3D81F66BC438 replies to vote request: s1<-s0#0:FAIL-t28. Peer's state: s0@group-3D81F66BC438:t28, leader=null, voted=s0, raftlog=s0@group-3D81F66BC438-SegmentedRaftLog:OPENED:c11,f12,i12, conf=11: [s0:0.0.0.0:42154, s1:0.0.0.0:36158, s2:0.0.0.0:36910], old=null
2019-09-24 11:59:35,196 INFO  impl.LeaderElection (LeaderElection.java:logAndReturn(56)) - s2@group-3D81F66BC438-LeaderElection61: Election TIMEOUT; received 1 response(s) [s2<-s0#0:FAIL-t27] and 0 exception(s); s2@group-3D81F66BC438:t27, leader=null, voted=s2, raftlog=s2@group-3D81F66BC438-SegmentedRaftLog:OPENED:c10,f10,i10, conf=9: [s0:0.0.0.0:42154, s1:0.0.0.0:36158, s2:0.0.0.0:36910], old=null
2019-09-24 11:59:35,209 INFO  impl.LeaderElection (LeaderElection.java:askForVotes(178)) - s2@group-3D81F66BC438-LeaderElection61: begin an election at term 28 for 9: [s0:0.0.0.0:42154, s1:0.0.0.0:36158, s2:0.0.0.0:36910], old=null
2019-09-24 11:59:35,210 DEBUG impl.RaftServerImpl (RaftServerImpl.java:requestVote(743)) - s0@group-3D81F66BC438: receive requestVote(s2, group-3D81F66BC438, 28, (t:13, i:10))
2019-09-24 11:59:35,210 DEBUG impl.RaftServerImpl (RaftServerImpl.java:requestVote(775)) - s0@group-3D81F66BC438 replies to vote request: s2<-s0#0:FAIL-t28. Peer's state: s0@group-3D81F66BC438:t28, leader=null, voted=s0, raftlog=s0@group-3D81F66BC438-SegmentedRaftLog:OPENED:c11,f12,i12, conf=11: [s0:0.0.0.0:42154, s1:0.0.0.0:36158, s2:0.0.0.0:36910], old=null
2019-09-24 11:59:35,210 INFO  impl.LeaderElection (LeaderElection.java:logAndReturn(56)) - s0@group-3D81F66BC438-LeaderElection63: Election TIMEOUT; received 0 response(s) [] and 0 exception(s); s0@group-3D81F66BC438:t28, leader=null, voted=s0, raftlog=s0@group-3D81F66BC438-SegmentedRaftLog:OPENED:c11,f12,i12, conf=11: [s0:0.0.0.0:42154, s1:0.0.0.0:36158, s2:0.0.0.0:36910], old=null
2019-09-24 11:59:35,228 INFO  impl.LeaderElection (LeaderElection.java:askForVotes(178)) - s0@group-3D81F66BC438-LeaderElection63: begin an election at term 29 for 11: [s0:0.0.0.0:42154, s1:0.0.0.0:36158, s2:0.0.0.0:36910], old=null
2019-09-24 11:59:35,366 INFO  impl.LeaderElection (LeaderElection.java:logAndReturn(56)) - s1@group-3D81F66BC438-LeaderElection62: Election TIMEOUT; received 1 response(s) [s1<-s0#0:FAIL-t28] and 0 exception(s); s1@group-3D81F66BC438:t28, leader=null, voted=s1, raftlog=s1@group-3D81F66BC438-SegmentedRaftLog:OPENED:c10,f11,i11, conf=11: [s0:0.0.0.0:42154, s1:0.0.0.0:36158, s2:0.0.0.0:36910], old=null
2019-09-24 11:59:35,392 INFO  impl.LeaderElection (LeaderElection.java:askForVotes(178)) - s1@group-3D81F66BC438-LeaderElection62: begin an election at term 29 for 11: [s0:0.0.0.0:42154, s1:0.0.0.0:36158, s2:0.0.0.0:36910], old=null
2019-09-24 11:59:35,393 DEBUG impl.RaftServerImpl (RaftServerImpl.java:requestVote(743)) - s0@group-3D81F66BC438: receive requestVote(s1, group-3D81F66BC438, 29, (t:14, i:11))
2019-09-24 11:59:35,393 DEBUG impl.RaftServerImpl (RaftServerImpl.java:requestVote(775)) - s0@group-3D81F66BC438 replies to vote request: s1<-s0#0:FAIL-t29. Peer's state: s0@group-3D81F66BC438:t29, leader=null, voted=s0, raftlog=s0@group-3D81F66BC438-SegmentedRaftLog:OPENED:c11,f12,i12, conf=11: [s0:0.0.0.0:42154, s1:0.0.0.0:36158, s2:0.0.0.0:36910], old=null
2019-09-24 11:59:35,422 INFO  impl.LeaderElection (LeaderElection.java:logAndReturn(56)) - s2@group-3D81F66BC438-LeaderElection61: Election TIMEOUT; received 1 response(s) [s2<-s0#0:FAIL-t28] and 0 exception(s); s2@group-3D81F66BC438:t28, leader=null, voted=s2, raftlog=s2@group-3D81F66BC438-SegmentedRaftLog:OPENED:c10,f10,i10, conf=9: [s0:0.0.0.0:42154, s1:0.0.0.0:36158, s2:0.0.0.0:36910], old=null
2019-09-24 11:59:35,436 INFO  impl.LeaderElection (LeaderElection.java:logAndReturn(56)) - s0@group-3D81F66BC438-LeaderElection63: Election TIMEOUT; received 0 response(s) [] and 0 exception(s); s0@group-3D81F66BC438:t29, leader=null, voted=s0, raftlog=s0@group-3D81F66BC438-SegmentedRaftLog:OPENED:c11,f12,i12, conf=11: [s0:0.0.0.0:42154, s1:0.0.0.0:36158, s2:0.0.0.0:36910], old=null
2019-09-24 11:59:35,444 INFO  ratis.MiniRaftCluster (MiniRaftCluster.java:lambda$null$5(297)) - TIMED-PRINT: printing ALL groups
  s0:  RUNNING CANDIDATE s0@group-3D81F66BC438:t30, leader=null, voted=s0, raftlog=s0@group-3D81F66BC438-SegmentedRaftLog:OPENED:c11,f12,i12, conf=11: [s0:0.0.0.0:42154, s1:0.0.0.0:36158, s2:0.0.0.0:36910], old=null RUNNING
  s1:  RUNNING CANDIDATE s1@group-3D81F66BC438:t29, leader=null, voted=s1, raftlog=s1@group-3D81F66BC438-SegmentedRaftLog:OPENED:c10,f11,i11, conf=11: [s0:0.0.0.0:42154, s1:0.0.0.0:36158, s2:0.0.0.0:36910], old=null RUNNING
  s2:  RUNNING CANDIDATE s2@group-3D81F66BC438:t29, leader=null, voted=s2, raftlog=s2@group-3D81F66BC438-SegmentedRaftLog:OPENED:c10,f10,i10, conf=9: [s0:0.0.0.0:42154, s1:0.0.0.0:36158, s2:0.0.0.0:36910], old=null RUNNING
2019-09-24 11:59:35,447 INFO  impl.LeaderElection (LeaderElection.java:askForVotes(178)) - s2@group-3D81F66BC438-LeaderElection61: begin an election at term 29 for 9: [s0:0.0.0.0:42154, s1:0.0.0.0:36158, s2:0.0.0.0:36910], old=null
2019-09-24 11:59:35,448 DEBUG impl.RaftServerImpl (RaftServerImpl.java:requestVote(743)) - s0@group-3D81F66BC438: receive requestVote(s2, group-3D81F66BC438, 29, (t:13, i:10))
2019-09-24 11:59:35,448 INFO  impl.LeaderElection (LeaderElection.java:askForVotes(178)) - s0@group-3D81F66BC438-LeaderElection63: begin an election at term 30 for 11: [s0:0.0.0.0:42154, s1:0.0.0.0:36158, s2:0.0.0.0:36910], old=null
2019-09-24 11:59:35,449 DEBUG impl.RaftServerImpl (RaftServerImpl.java:requestVote(775)) - s0@group-3D81F66BC438 replies to vote request: s2<-s0#0:FAIL-t30. Peer's state: s0@group-3D81F66BC438:t30, leader=null, voted=s0, raftlog=s0@group-3D81F66BC438-SegmentedRaftLog:OPENED:c11,f12,i12, conf=11: [s0:0.0.0.0:42154, s1:0.0.0.0:36158, s2:0.0.0.0:36910], old=null
2019-09-24 11:59:35,449 INFO  impl.LeaderElection (LeaderElection.java:logAndReturn(56)) - s2@group-3D81F66BC438-LeaderElection61: Election DISCOVERED_A_NEW_TERM; received 1 response(s) [s2<-s0#0:FAIL-t30] and 0 exception(s); s2@group-3D81F66BC438:t29, leader=null, voted=s2, raftlog=s2@group-3D81F66BC438-SegmentedRaftLog:OPENED:c10,f10,i10, conf=9: [s0:0.0.0.0:42154, s1:0.0.0.0:36158, s2:0.0.0.0:36910], old=null
2019-09-24 11:59:35,449 INFO  impl.RaftServerImpl (RaftServerImpl.java:setRole(170)) - s2@group-3D81F66BC438: changes role from CANDIDATE to FOLLOWER at term 30 for DISCOVERED_A_NEW_TERM
2019-09-24 11:59:35,449 INFO  impl.RoleInfo (RoleInfo.java:shutdownLeaderElection(134)) - s2: shutdown LeaderElection
2019-09-24 11:59:35,450 INFO  impl.RoleInfo (RoleInfo.java:updateAndGet(143)) - s2: start FollowerState
2019-09-24 11:59:35,521 WARN  ratis.RaftTestUtil (JavaUtils.java:attempt(158)) - FAILED "waitForLeader-null-(expectLeader? true)", attempt #9/100: java.lang.IllegalStateException: No leader yet : printing ALL groups
  s0:  RUNNING CANDIDATE s0@group-3D81F66BC438:t30, leader=null, voted=s0, raftlog=s0@group-3D81F66BC438-SegmentedRaftLog:OPENED:c11,f12,i12, conf=11: [s0:0.0.0.0:42154, s1:0.0.0.0:36158, s2:0.0.0.0:36910], old=null RUNNING
  s1:  RUNNING CANDIDATE s1@group-3D81F66BC438:t29, leader=null, voted=s1, raftlog=s1@group-3D81F66BC438-SegmentedRaftLog:OPENED:c10,f11,i11, conf=11: [s0:0.0.0.0:42154, s1:0.0.0.0:36158, s2:0.0.0.0:36910], old=null RUNNING
  s2:  RUNNING  FOLLOWER s2@group-3D81F66BC438:t30, leader=null, voted=null, raftlog=s2@group-3D81F66BC438-SegmentedRaftLog:OPENED:c10,f10,i10, conf=9: [s0:0.0.0.0:42154, s1:0.0.0.0:36158, s2:0.0.0.0:36910], old=null RUNNING, sleep 450ms and then retry.
java.lang.IllegalStateException: No leader yet : printing ALL groups
  s0:  RUNNING CANDIDATE s0@group-3D81F66BC438:t30, leader=null, voted=s0, raftlog=s0@group-3D81F66BC438-SegmentedRaftLog:OPENED:c11,f12,i12, conf=11: [s0:0.0.0.0:42154, s1:0.0.0.0:36158, s2:0.0.0.0:36910], old=null RUNNING
  s1:  RUNNING CANDIDATE s1@group-3D81F66BC438:t29, leader=null, voted=s1, raftlog=s1@group-3D81F66BC438-SegmentedRaftLog:OPENED:c10,f11,i11, conf=11: [s0:0.0.0.0:42154, s1:0.0.0.0:36158, s2:0.0.0.0:36910], old=null RUNNING
  s2:  RUNNING  FOLLOWER s2@group-3D81F66BC438:t30, leader=null, voted=null, raftlog=s2@group-3D81F66BC438-SegmentedRaftLog:OPENED:c10,f10,i10, conf=9: [s0:0.0.0.0:42154, s1:0.0.0.0:36158, s2:0.0.0.0:36910], old=null RUNNING
	at org.apache.ratis.MiniRaftCluster.newIllegalStateExceptionForNoLeaders(MiniRaftCluster.java:506)
	at org.apache.ratis.RaftTestUtil.lambda$waitForLeader$1(RaftTestUtil.java:90)
	at org.apache.ratis.MiniRaftCluster.getLeader(MiniRaftCluster.java:539)
	at org.apache.ratis.MiniRaftCluster.getLeader(MiniRaftCluster.java:532)
	at org.apache.ratis.RaftTestUtil.lambda$waitForLeader$3(RaftTestUtil.java:98)
	at org.apache.ratis.util.JavaUtils.attempt(JavaUtils.java:152)
	at org.apache.ratis.RaftTestUtil.waitForLeader(RaftTestUtil.java:97)
	at org.apache.ratis.RaftTestUtil.waitForLeader(RaftTestUtil.java:77)
	at org.apache.ratis.RaftTestUtil.waitForLeader(RaftTestUtil.java:72)
	at org.apache.ratis.RaftTestUtil.lambda$changeLeader$7(RaftTestUtil.java:363)
	at org.apache.ratis.util.JavaUtils.attempt(JavaUtils.java:152)
	at org.apache.ratis.RaftTestUtil.changeLeader(RaftTestUtil.java:362)
	at org.apache.ratis.server.impl.LeaderElectionTests.testChangeLeader(LeaderElectionTests.java:81)
	at sun.reflect.NativeMethodAccessorImpl.invoke0(Native Method)
	at sun.reflect.NativeMethodAccessorImpl.invoke(NativeMethodAccessorImpl.java:62)
	at sun.reflect.DelegatingMethodAccessorImpl.invoke(DelegatingMethodAccessorImpl.java:43)
	at java.lang.reflect.Method.invoke(Method.java:498)
	at org.junit.runners.model.FrameworkMethod$1.runReflectiveCall(FrameworkMethod.java:50)
	at org.junit.internal.runners.model.ReflectiveCallable.run(ReflectiveCallable.java:12)
	at org.junit.runners.model.FrameworkMethod.invokeExplosively(FrameworkMethod.java:47)
	at org.junit.internal.runners.statements.InvokeMethod.evaluate(InvokeMethod.java:17)
	at org.junit.internal.runners.statements.RunAfters.evaluate(RunAfters.java:27)
	at org.junit.internal.runners.statements.FailOnTimeout$CallableStatement.call(FailOnTimeout.java:298)
	at org.junit.internal.runners.statements.FailOnTimeout$CallableStatement.call(FailOnTimeout.java:292)
	at java.util.concurrent.FutureTask.run(FutureTask.java:266)
	at java.lang.Thread.run(Thread.java:748)
2019-09-24 11:59:35,681 INFO  impl.LeaderElection (LeaderElection.java:logAndReturn(56)) - s1@group-3D81F66BC438-LeaderElection62: Election TIMEOUT; received 1 response(s) [s1<-s0#0:FAIL-t29] and 0 exception(s); s1@group-3D81F66BC438:t29, leader=null, voted=s1, raftlog=s1@group-3D81F66BC438-SegmentedRaftLog:OPENED:c10,f11,i11, conf=11: [s0:0.0.0.0:42154, s1:0.0.0.0:36158, s2:0.0.0.0:36910], old=null
2019-09-24 11:59:35,684 INFO  impl.LeaderElection (LeaderElection.java:logAndReturn(56)) - s0@group-3D81F66BC438-LeaderElection63: Election TIMEOUT; received 0 response(s) [] and 0 exception(s); s0@group-3D81F66BC438:t30, leader=null, voted=s0, raftlog=s0@group-3D81F66BC438-SegmentedRaftLog:OPENED:c11,f12,i12, conf=11: [s0:0.0.0.0:42154, s1:0.0.0.0:36158, s2:0.0.0.0:36910], old=null
2019-09-24 11:59:35,695 INFO  impl.LeaderElection (LeaderElection.java:askForVotes(178)) - s1@group-3D81F66BC438-LeaderElection62: begin an election at term 30 for 11: [s0:0.0.0.0:42154, s1:0.0.0.0:36158, s2:0.0.0.0:36910], old=null
2019-09-24 11:59:35,695 INFO  impl.LeaderElection (LeaderElection.java:askForVotes(178)) - s0@group-3D81F66BC438-LeaderElection63: begin an election at term 31 for 11: [s0:0.0.0.0:42154, s1:0.0.0.0:36158, s2:0.0.0.0:36910], old=null
2019-09-24 11:59:35,696 DEBUG impl.RaftServerImpl (RaftServerImpl.java:requestVote(743)) - s0@group-3D81F66BC438: receive requestVote(s1, group-3D81F66BC438, 30, (t:14, i:11))
2019-09-24 11:59:35,696 DEBUG impl.RaftServerImpl (RaftServerImpl.java:requestVote(775)) - s0@group-3D81F66BC438 replies to vote request: s1<-s0#0:FAIL-t31. Peer's state: s0@group-3D81F66BC438:t31, leader=null, voted=s0, raftlog=s0@group-3D81F66BC438-SegmentedRaftLog:OPENED:c11,f12,i12, conf=11: [s0:0.0.0.0:42154, s1:0.0.0.0:36158, s2:0.0.0.0:36910], old=null
2019-09-24 11:59:35,697 INFO  impl.LeaderElection (LeaderElection.java:logAndReturn(56)) - s1@group-3D81F66BC438-LeaderElection62: Election DISCOVERED_A_NEW_TERM; received 1 response(s) [s1<-s0#0:FAIL-t31] and 0 exception(s); s1@group-3D81F66BC438:t30, leader=null, voted=s1, raftlog=s1@group-3D81F66BC438-SegmentedRaftLog:OPENED:c10,f11,i11, conf=11: [s0:0.0.0.0:42154, s1:0.0.0.0:36158, s2:0.0.0.0:36910], old=null
2019-09-24 11:59:35,697 INFO  impl.RaftServerImpl (RaftServerImpl.java:setRole(170)) - s1@group-3D81F66BC438: changes role from CANDIDATE to FOLLOWER at term 31 for DISCOVERED_A_NEW_TERM
2019-09-24 11:59:35,697 INFO  impl.RoleInfo (RoleInfo.java:shutdownLeaderElection(134)) - s1: shutdown LeaderElection
2019-09-24 11:59:35,697 INFO  impl.RoleInfo (RoleInfo.java:updateAndGet(143)) - s1: start FollowerState
2019-09-24 11:59:35,703 INFO  impl.FollowerState (FollowerState.java:run(108)) - s2@group-3D81F66BC438-FollowerState: change to CANDIDATE, lastRpcTime:253ms, electionTimeout:253ms
2019-09-24 11:59:35,703 INFO  impl.RoleInfo (RoleInfo.java:shutdownFollowerState(121)) - s2: shutdown FollowerState
2019-09-24 11:59:35,703 INFO  impl.RaftServerImpl (RaftServerImpl.java:setRole(170)) - s2@group-3D81F66BC438: changes role from  FOLLOWER to CANDIDATE at term 30 for changeToCandidate
2019-09-24 11:59:35,704 INFO  impl.RoleInfo (RoleInfo.java:updateAndGet(143)) - s2: start LeaderElection
2019-09-24 11:59:35,723 INFO  impl.LeaderElection (LeaderElection.java:askForVotes(178)) - s2@group-3D81F66BC438-LeaderElection64: begin an election at term 31 for 9: [s0:0.0.0.0:42154, s1:0.0.0.0:36158, s2:0.0.0.0:36910], old=null
2019-09-24 11:59:35,724 DEBUG impl.RaftServerImpl (RaftServerImpl.java:requestVote(743)) - s0@group-3D81F66BC438: receive requestVote(s2, group-3D81F66BC438, 31, (t:13, i:10))
2019-09-24 11:59:35,724 DEBUG impl.RaftServerImpl (RaftServerImpl.java:requestVote(775)) - s0@group-3D81F66BC438 replies to vote request: s2<-s0#0:FAIL-t31. Peer's state: s0@group-3D81F66BC438:t31, leader=null, voted=s0, raftlog=s0@group-3D81F66BC438-SegmentedRaftLog:OPENED:c11,f12,i12, conf=11: [s0:0.0.0.0:42154, s1:0.0.0.0:36158, s2:0.0.0.0:36910], old=null
2019-09-24 11:59:35,860 INFO  impl.FollowerState (FollowerState.java:run(108)) - s1@group-3D81F66BC438-FollowerState: change to CANDIDATE, lastRpcTime:162ms, electionTimeout:162ms
2019-09-24 11:59:35,860 INFO  impl.RoleInfo (RoleInfo.java:shutdownFollowerState(121)) - s1: shutdown FollowerState
2019-09-24 11:59:35,860 INFO  impl.RaftServerImpl (RaftServerImpl.java:setRole(170)) - s1@group-3D81F66BC438: changes role from  FOLLOWER to CANDIDATE at term 31 for changeToCandidate
2019-09-24 11:59:35,860 INFO  impl.RoleInfo (RoleInfo.java:updateAndGet(143)) - s1: start LeaderElection
2019-09-24 11:59:35,874 INFO  impl.LeaderElection (LeaderElection.java:askForVotes(178)) - s1@group-3D81F66BC438-LeaderElection65: begin an election at term 32 for 11: [s0:0.0.0.0:42154, s1:0.0.0.0:36158, s2:0.0.0.0:36910], old=null
2019-09-24 11:59:35,875 DEBUG impl.RaftServerImpl (RaftServerImpl.java:requestVote(743)) - s0@group-3D81F66BC438: receive requestVote(s1, group-3D81F66BC438, 32, (t:14, i:11))
2019-09-24 11:59:35,875 INFO  impl.RaftServerImpl (RaftServerImpl.java:setRole(170)) - s0@group-3D81F66BC438: changes role from CANDIDATE to FOLLOWER at term 32 for recognizeCandidate:s1
2019-09-24 11:59:35,875 INFO  impl.RoleInfo (RoleInfo.java:shutdownLeaderElection(134)) - s0: shutdown LeaderElection
2019-09-24 11:59:35,875 INFO  impl.RoleInfo (RoleInfo.java:updateAndGet(143)) - s0: start FollowerState
2019-09-24 11:59:35,889 DEBUG impl.RaftServerImpl (RaftServerImpl.java:requestVote(775)) - s0@group-3D81F66BC438 replies to vote request: s1<-s0#0:FAIL-t32. Peer's state: s0@group-3D81F66BC438:t32, leader=null, voted=null, raftlog=s0@group-3D81F66BC438-SegmentedRaftLog:OPENED:c11,f12,i12, conf=11: [s0:0.0.0.0:42154, s1:0.0.0.0:36158, s2:0.0.0.0:36910], old=null
2019-09-24 11:59:35,942 INFO  impl.LeaderElection (LeaderElection.java:logAndReturn(56)) - s2@group-3D81F66BC438-LeaderElection64: Election TIMEOUT; received 1 response(s) [s2<-s0#0:FAIL-t31] and 0 exception(s); s2@group-3D81F66BC438:t31, leader=null, voted=s2, raftlog=s2@group-3D81F66BC438-SegmentedRaftLog:OPENED:c10,f10,i10, conf=9: [s0:0.0.0.0:42154, s1:0.0.0.0:36158, s2:0.0.0.0:36910], old=null
2019-09-24 11:59:35,955 INFO  impl.LeaderElection (LeaderElection.java:askForVotes(178)) - s2@group-3D81F66BC438-LeaderElection64: begin an election at term 32 for 9: [s0:0.0.0.0:42154, s1:0.0.0.0:36158, s2:0.0.0.0:36910], old=null
2019-09-24 11:59:35,955 DEBUG impl.RaftServerImpl (RaftServerImpl.java:requestVote(743)) - s0@group-3D81F66BC438: receive requestVote(s2, group-3D81F66BC438, 32, (t:13, i:10))
2019-09-24 11:59:35,956 INFO  impl.RaftServerImpl (RaftServerImpl.java:setRole(170)) - s0@group-3D81F66BC438: changes role from  FOLLOWER to FOLLOWER at term 32 for recognizeCandidate:s2
2019-09-24 11:59:35,956 INFO  impl.RoleInfo (RoleInfo.java:shutdownFollowerState(121)) - s0: shutdown FollowerState
2019-09-24 11:59:35,956 INFO  impl.RoleInfo (RoleInfo.java:updateAndGet(143)) - s0: start FollowerState
2019-09-24 11:59:35,956 INFO  impl.FollowerState (FollowerState.java:run(117)) - s0@group-3D81F66BC438-FollowerState was interrupted: java.lang.InterruptedException: sleep interrupted
2019-09-24 11:59:35,956 DEBUG impl.RaftServerImpl (RaftServerImpl.java:requestVote(775)) - s0@group-3D81F66BC438 replies to vote request: s2<-s0#0:FAIL-t32. Peer's state: s0@group-3D81F66BC438:t32, leader=null, voted=null, raftlog=s0@group-3D81F66BC438-SegmentedRaftLog:OPENED:c11,f12,i12, conf=11: [s0:0.0.0.0:42154, s1:0.0.0.0:36158, s2:0.0.0.0:36910], old=null
2019-09-24 11:59:35,962 INFO  impl.LeaderElection (LeaderElection.java:logAndReturn(56)) - s0@group-3D81F66BC438-LeaderElection63: Election REJECTED; received 0 response(s) [] and 0 exception(s); s0@group-3D81F66BC438:t32, leader=null, voted=null, raftlog=s0@group-3D81F66BC438-SegmentedRaftLog:OPENED:c11,f12,i12, conf=11: [s0:0.0.0.0:42154, s1:0.0.0.0:36158, s2:0.0.0.0:36910], old=null
2019-09-24 11:59:35,972 WARN  ratis.RaftTestUtil (JavaUtils.java:attempt(158)) - FAILED "waitForLeader-null-(expectLeader? true)", attempt #10/100: java.lang.IllegalStateException: No leader yet : printing ALL groups
  s0:  RUNNING  FOLLOWER s0@group-3D81F66BC438:t32, leader=null, voted=null, raftlog=s0@group-3D81F66BC438-SegmentedRaftLog:OPENED:c11,f12,i12, conf=11: [s0:0.0.0.0:42154, s1:0.0.0.0:36158, s2:0.0.0.0:36910], old=null RUNNING
  s1:  RUNNING CANDIDATE s1@group-3D81F66BC438:t32, leader=null, voted=s1, raftlog=s1@group-3D81F66BC438-SegmentedRaftLog:OPENED:c10,f11,i11, conf=11: [s0:0.0.0.0:42154, s1:0.0.0.0:36158, s2:0.0.0.0:36910], old=null RUNNING
  s2:  RUNNING CANDIDATE s2@group-3D81F66BC438:t32, leader=null, voted=s2, raftlog=s2@group-3D81F66BC438-SegmentedRaftLog:OPENED:c10,f10,i10, conf=9: [s0:0.0.0.0:42154, s1:0.0.0.0:36158, s2:0.0.0.0:36910], old=null RUNNING, sleep 450ms and then retry.
java.lang.IllegalStateException: No leader yet : printing ALL groups
  s0:  RUNNING  FOLLOWER s0@group-3D81F66BC438:t32, leader=null, voted=null, raftlog=s0@group-3D81F66BC438-SegmentedRaftLog:OPENED:c11,f12,i12, conf=11: [s0:0.0.0.0:42154, s1:0.0.0.0:36158, s2:0.0.0.0:36910], old=null RUNNING
  s1:  RUNNING CANDIDATE s1@group-3D81F66BC438:t32, leader=null, voted=s1, raftlog=s1@group-3D81F66BC438-SegmentedRaftLog:OPENED:c10,f11,i11, conf=11: [s0:0.0.0.0:42154, s1:0.0.0.0:36158, s2:0.0.0.0:36910], old=null RUNNING
  s2:  RUNNING CANDIDATE s2@group-3D81F66BC438:t32, leader=null, voted=s2, raftlog=s2@group-3D81F66BC438-SegmentedRaftLog:OPENED:c10,f10,i10, conf=9: [s0:0.0.0.0:42154, s1:0.0.0.0:36158, s2:0.0.0.0:36910], old=null RUNNING
	at org.apache.ratis.MiniRaftCluster.newIllegalStateExceptionForNoLeaders(MiniRaftCluster.java:506)
	at org.apache.ratis.RaftTestUtil.lambda$waitForLeader$1(RaftTestUtil.java:90)
	at org.apache.ratis.MiniRaftCluster.getLeader(MiniRaftCluster.java:539)
	at org.apache.ratis.MiniRaftCluster.getLeader(MiniRaftCluster.java:532)
	at org.apache.ratis.RaftTestUtil.lambda$waitForLeader$3(RaftTestUtil.java:98)
	at org.apache.ratis.util.JavaUtils.attempt(JavaUtils.java:152)
	at org.apache.ratis.RaftTestUtil.waitForLeader(RaftTestUtil.java:97)
	at org.apache.ratis.RaftTestUtil.waitForLeader(RaftTestUtil.java:77)
	at org.apache.ratis.RaftTestUtil.waitForLeader(RaftTestUtil.java:72)
	at org.apache.ratis.RaftTestUtil.lambda$changeLeader$7(RaftTestUtil.java:363)
	at org.apache.ratis.util.JavaUtils.attempt(JavaUtils.java:152)
	at org.apache.ratis.RaftTestUtil.changeLeader(RaftTestUtil.java:362)
	at org.apache.ratis.server.impl.LeaderElectionTests.testChangeLeader(LeaderElectionTests.java:81)
	at sun.reflect.NativeMethodAccessorImpl.invoke0(Native Method)
	at sun.reflect.NativeMethodAccessorImpl.invoke(NativeMethodAccessorImpl.java:62)
	at sun.reflect.DelegatingMethodAccessorImpl.invoke(DelegatingMethodAccessorImpl.java:43)
	at java.lang.reflect.Method.invoke(Method.java:498)
	at org.junit.runners.model.FrameworkMethod$1.runReflectiveCall(FrameworkMethod.java:50)
	at org.junit.internal.runners.model.ReflectiveCallable.run(ReflectiveCallable.java:12)
	at org.junit.runners.model.FrameworkMethod.invokeExplosively(FrameworkMethod.java:47)
	at org.junit.internal.runners.statements.InvokeMethod.evaluate(InvokeMethod.java:17)
	at org.junit.internal.runners.statements.RunAfters.evaluate(RunAfters.java:27)
	at org.junit.internal.runners.statements.FailOnTimeout$CallableStatement.call(FailOnTimeout.java:298)
	at org.junit.internal.runners.statements.FailOnTimeout$CallableStatement.call(FailOnTimeout.java:292)
	at java.util.concurrent.FutureTask.run(FutureTask.java:266)
	at java.lang.Thread.run(Thread.java:748)
2019-09-24 11:59:36,086 INFO  impl.LeaderElection (LeaderElection.java:logAndReturn(56)) - s1@group-3D81F66BC438-LeaderElection65: Election TIMEOUT; received 1 response(s) [s1<-s0#0:FAIL-t32] and 0 exception(s); s1@group-3D81F66BC438:t32, leader=null, voted=s1, raftlog=s1@group-3D81F66BC438-SegmentedRaftLog:OPENED:c10,f11,i11, conf=11: [s0:0.0.0.0:42154, s1:0.0.0.0:36158, s2:0.0.0.0:36910], old=null
2019-09-24 11:59:36,100 INFO  impl.LeaderElection (LeaderElection.java:askForVotes(178)) - s1@group-3D81F66BC438-LeaderElection65: begin an election at term 33 for 11: [s0:0.0.0.0:42154, s1:0.0.0.0:36158, s2:0.0.0.0:36910], old=null
2019-09-24 11:59:36,101 DEBUG impl.RaftServerImpl (RaftServerImpl.java:requestVote(743)) - s0@group-3D81F66BC438: receive requestVote(s1, group-3D81F66BC438, 33, (t:14, i:11))
2019-09-24 11:59:36,101 INFO  impl.RaftServerImpl (RaftServerImpl.java:setRole(170)) - s0@group-3D81F66BC438: changes role from  FOLLOWER to FOLLOWER at term 33 for recognizeCandidate:s1
2019-09-24 11:59:36,101 INFO  impl.RoleInfo (RoleInfo.java:shutdownFollowerState(121)) - s0: shutdown FollowerState
2019-09-24 11:59:36,102 INFO  impl.RoleInfo (RoleInfo.java:updateAndGet(143)) - s0: start FollowerState
2019-09-24 11:59:36,102 INFO  impl.FollowerState (FollowerState.java:run(117)) - s0@group-3D81F66BC438-FollowerState was interrupted: java.lang.InterruptedException: sleep interrupted
2019-09-24 11:59:36,117 DEBUG impl.RaftServerImpl (RaftServerImpl.java:requestVote(775)) - s0@group-3D81F66BC438 replies to vote request: s1<-s0#0:FAIL-t33. Peer's state: s0@group-3D81F66BC438:t33, leader=null, voted=null, raftlog=s0@group-3D81F66BC438-SegmentedRaftLog:OPENED:c11,f12,i12, conf=11: [s0:0.0.0.0:42154, s1:0.0.0.0:36158, s2:0.0.0.0:36910], old=null
2019-09-24 11:59:36,208 INFO  impl.LeaderElection (LeaderElection.java:logAndReturn(56)) - s2@group-3D81F66BC438-LeaderElection64: Election TIMEOUT; received 1 response(s) [s2<-s0#0:FAIL-t32] and 0 exception(s); s2@group-3D81F66BC438:t32, leader=null, voted=s2, raftlog=s2@group-3D81F66BC438-SegmentedRaftLog:OPENED:c10,f10,i10, conf=9: [s0:0.0.0.0:42154, s1:0.0.0.0:36158, s2:0.0.0.0:36910], old=null
2019-09-24 11:59:36,223 INFO  impl.LeaderElection (LeaderElection.java:askForVotes(178)) - s2@group-3D81F66BC438-LeaderElection64: begin an election at term 33 for 9: [s0:0.0.0.0:42154, s1:0.0.0.0:36158, s2:0.0.0.0:36910], old=null
2019-09-24 11:59:36,224 DEBUG impl.RaftServerImpl (RaftServerImpl.java:requestVote(743)) - s0@group-3D81F66BC438: receive requestVote(s2, group-3D81F66BC438, 33, (t:13, i:10))
2019-09-24 11:59:36,224 INFO  impl.RaftServerImpl (RaftServerImpl.java:setRole(170)) - s0@group-3D81F66BC438: changes role from  FOLLOWER to FOLLOWER at term 33 for recognizeCandidate:s2
2019-09-24 11:59:36,224 INFO  impl.RoleInfo (RoleInfo.java:shutdownFollowerState(121)) - s0: shutdown FollowerState
2019-09-24 11:59:36,224 INFO  impl.RoleInfo (RoleInfo.java:updateAndGet(143)) - s0: start FollowerState
2019-09-24 11:59:36,225 INFO  impl.FollowerState (FollowerState.java:run(117)) - s0@group-3D81F66BC438-FollowerState was interrupted: java.lang.InterruptedException: sleep interrupted
2019-09-24 11:59:36,225 DEBUG impl.RaftServerImpl (RaftServerImpl.java:requestVote(775)) - s0@group-3D81F66BC438 replies to vote request: s2<-s0#0:FAIL-t33. Peer's state: s0@group-3D81F66BC438:t33, leader=null, voted=null, raftlog=s0@group-3D81F66BC438-SegmentedRaftLog:OPENED:c11,f12,i12, conf=11: [s0:0.0.0.0:42154, s1:0.0.0.0:36158, s2:0.0.0.0:36910], old=null
2019-09-24 11:59:36,329 INFO  impl.LeaderElection (LeaderElection.java:logAndReturn(56)) - s1@group-3D81F66BC438-LeaderElection65: Election TIMEOUT; received 1 response(s) [s1<-s0#0:FAIL-t33] and 0 exception(s); s1@group-3D81F66BC438:t33, leader=null, voted=s1, raftlog=s1@group-3D81F66BC438-SegmentedRaftLog:OPENED:c10,f11,i11, conf=11: [s0:0.0.0.0:42154, s1:0.0.0.0:36158, s2:0.0.0.0:36910], old=null
2019-09-24 11:59:36,355 INFO  impl.LeaderElection (LeaderElection.java:askForVotes(178)) - s1@group-3D81F66BC438-LeaderElection65: begin an election at term 34 for 11: [s0:0.0.0.0:42154, s1:0.0.0.0:36158, s2:0.0.0.0:36910], old=null
2019-09-24 11:59:36,355 DEBUG impl.RaftServerImpl (RaftServerImpl.java:requestVote(743)) - s0@group-3D81F66BC438: receive requestVote(s1, group-3D81F66BC438, 34, (t:14, i:11))
2019-09-24 11:59:36,356 INFO  impl.RaftServerImpl (RaftServerImpl.java:setRole(170)) - s0@group-3D81F66BC438: changes role from  FOLLOWER to FOLLOWER at term 34 for recognizeCandidate:s1
2019-09-24 11:59:36,356 INFO  impl.RoleInfo (RoleInfo.java:shutdownFollowerState(121)) - s0: shutdown FollowerState
2019-09-24 11:59:36,356 INFO  impl.RoleInfo (RoleInfo.java:updateAndGet(143)) - s0: start FollowerState
2019-09-24 11:59:36,356 INFO  impl.FollowerState (FollowerState.java:run(117)) - s0@group-3D81F66BC438-FollowerState was interrupted: java.lang.InterruptedException: sleep interrupted
2019-09-24 11:59:36,370 DEBUG impl.RaftServerImpl (RaftServerImpl.java:requestVote(775)) - s0@group-3D81F66BC438 replies to vote request: s1<-s0#0:FAIL-t34. Peer's state: s0@group-3D81F66BC438:t34, leader=null, voted=null, raftlog=s0@group-3D81F66BC438-SegmentedRaftLog:OPENED:c11,f12,i12, conf=11: [s0:0.0.0.0:42154, s1:0.0.0.0:36158, s2:0.0.0.0:36910], old=null
2019-09-24 11:59:36,423 WARN  ratis.RaftTestUtil (JavaUtils.java:attempt(158)) - FAILED "waitForLeader-null-(expectLeader? true)", attempt #11/100: java.lang.IllegalStateException: No leader yet : printing ALL groups
  s0:  RUNNING  FOLLOWER s0@group-3D81F66BC438:t34, leader=null, voted=null, raftlog=s0@group-3D81F66BC438-SegmentedRaftLog:OPENED:c11,f12,i12, conf=11: [s0:0.0.0.0:42154, s1:0.0.0.0:36158, s2:0.0.0.0:36910], old=null RUNNING
  s1:  RUNNING CANDIDATE s1@group-3D81F66BC438:t34, leader=null, voted=s1, raftlog=s1@group-3D81F66BC438-SegmentedRaftLog:OPENED:c10,f11,i11, conf=11: [s0:0.0.0.0:42154, s1:0.0.0.0:36158, s2:0.0.0.0:36910], old=null RUNNING
  s2:  RUNNING CANDIDATE s2@group-3D81F66BC438:t33, leader=null, voted=s2, raftlog=s2@group-3D81F66BC438-SegmentedRaftLog:OPENED:c10,f10,i10, conf=9: [s0:0.0.0.0:42154, s1:0.0.0.0:36158, s2:0.0.0.0:36910], old=null RUNNING, sleep 450ms and then retry.
java.lang.IllegalStateException: No leader yet : printing ALL groups
  s0:  RUNNING  FOLLOWER s0@group-3D81F66BC438:t34, leader=null, voted=null, raftlog=s0@group-3D81F66BC438-SegmentedRaftLog:OPENED:c11,f12,i12, conf=11: [s0:0.0.0.0:42154, s1:0.0.0.0:36158, s2:0.0.0.0:36910], old=null RUNNING
  s1:  RUNNING CANDIDATE s1@group-3D81F66BC438:t34, leader=null, voted=s1, raftlog=s1@group-3D81F66BC438-SegmentedRaftLog:OPENED:c10,f11,i11, conf=11: [s0:0.0.0.0:42154, s1:0.0.0.0:36158, s2:0.0.0.0:36910], old=null RUNNING
  s2:  RUNNING CANDIDATE s2@group-3D81F66BC438:t33, leader=null, voted=s2, raftlog=s2@group-3D81F66BC438-SegmentedRaftLog:OPENED:c10,f10,i10, conf=9: [s0:0.0.0.0:42154, s1:0.0.0.0:36158, s2:0.0.0.0:36910], old=null RUNNING
	at org.apache.ratis.MiniRaftCluster.newIllegalStateExceptionForNoLeaders(MiniRaftCluster.java:506)
	at org.apache.ratis.RaftTestUtil.lambda$waitForLeader$1(RaftTestUtil.java:90)
	at org.apache.ratis.MiniRaftCluster.getLeader(MiniRaftCluster.java:539)
	at org.apache.ratis.MiniRaftCluster.getLeader(MiniRaftCluster.java:532)
	at org.apache.ratis.RaftTestUtil.lambda$waitForLeader$3(RaftTestUtil.java:98)
	at org.apache.ratis.util.JavaUtils.attempt(JavaUtils.java:152)
	at org.apache.ratis.RaftTestUtil.waitForLeader(RaftTestUtil.java:97)
	at org.apache.ratis.RaftTestUtil.waitForLeader(RaftTestUtil.java:77)
	at org.apache.ratis.RaftTestUtil.waitForLeader(RaftTestUtil.java:72)
	at org.apache.ratis.RaftTestUtil.lambda$changeLeader$7(RaftTestUtil.java:363)
	at org.apache.ratis.util.JavaUtils.attempt(JavaUtils.java:152)
	at org.apache.ratis.RaftTestUtil.changeLeader(RaftTestUtil.java:362)
	at org.apache.ratis.server.impl.LeaderElectionTests.testChangeLeader(LeaderElectionTests.java:81)
	at sun.reflect.NativeMethodAccessorImpl.invoke0(Native Method)
	at sun.reflect.NativeMethodAccessorImpl.invoke(NativeMethodAccessorImpl.java:62)
	at sun.reflect.DelegatingMethodAccessorImpl.invoke(DelegatingMethodAccessorImpl.java:43)
	at java.lang.reflect.Method.invoke(Method.java:498)
	at org.junit.runners.model.FrameworkMethod$1.runReflectiveCall(FrameworkMethod.java:50)
	at org.junit.internal.runners.model.ReflectiveCallable.run(ReflectiveCallable.java:12)
	at org.junit.runners.model.FrameworkMethod.invokeExplosively(FrameworkMethod.java:47)
	at org.junit.internal.runners.statements.InvokeMethod.evaluate(InvokeMethod.java:17)
	at org.junit.internal.runners.statements.RunAfters.evaluate(RunAfters.java:27)
	at org.junit.internal.runners.statements.FailOnTimeout$CallableStatement.call(FailOnTimeout.java:298)
	at org.junit.internal.runners.statements.FailOnTimeout$CallableStatement.call(FailOnTimeout.java:292)
	at java.util.concurrent.FutureTask.run(FutureTask.java:266)
	at java.lang.Thread.run(Thread.java:748)
2019-09-24 11:59:36,520 INFO  impl.LeaderElection (LeaderElection.java:logAndReturn(56)) - s2@group-3D81F66BC438-LeaderElection64: Election TIMEOUT; received 1 response(s) [s2<-s0#0:FAIL-t33] and 0 exception(s); s2@group-3D81F66BC438:t33, leader=null, voted=s2, raftlog=s2@group-3D81F66BC438-SegmentedRaftLog:OPENED:c10,f10,i10, conf=9: [s0:0.0.0.0:42154, s1:0.0.0.0:36158, s2:0.0.0.0:36910], old=null
2019-09-24 11:59:36,525 INFO  impl.LeaderElection (LeaderElection.java:logAndReturn(56)) - s1@group-3D81F66BC438-LeaderElection65: Election TIMEOUT; received 1 response(s) [s1<-s0#0:FAIL-t34] and 0 exception(s); s1@group-3D81F66BC438:t34, leader=null, voted=s1, raftlog=s1@group-3D81F66BC438-SegmentedRaftLog:OPENED:c10,f11,i11, conf=11: [s0:0.0.0.0:42154, s1:0.0.0.0:36158, s2:0.0.0.0:36910], old=null
2019-09-24 11:59:36,534 INFO  impl.LeaderElection (LeaderElection.java:askForVotes(178)) - s1@group-3D81F66BC438-LeaderElection65: begin an election at term 35 for 11: [s0:0.0.0.0:42154, s1:0.0.0.0:36158, s2:0.0.0.0:36910], old=null
2019-09-24 11:59:36,534 INFO  impl.LeaderElection (LeaderElection.java:askForVotes(178)) - s2@group-3D81F66BC438-LeaderElection64: begin an election at term 34 for 9: [s0:0.0.0.0:42154, s1:0.0.0.0:36158, s2:0.0.0.0:36910], old=null
2019-09-24 11:59:36,535 DEBUG impl.RaftServerImpl (RaftServerImpl.java:requestVote(743)) - s0@group-3D81F66BC438: receive requestVote(s1, group-3D81F66BC438, 35, (t:14, i:11))
2019-09-24 11:59:36,535 INFO  impl.RaftServerImpl (RaftServerImpl.java:setRole(170)) - s0@group-3D81F66BC438: changes role from  FOLLOWER to FOLLOWER at term 35 for recognizeCandidate:s1
2019-09-24 11:59:36,535 DEBUG impl.RaftServerImpl (RaftServerImpl.java:requestVote(743)) - s0@group-3D81F66BC438: receive requestVote(s2, group-3D81F66BC438, 34, (t:13, i:10))
2019-09-24 11:59:36,535 INFO  impl.RoleInfo (RoleInfo.java:shutdownFollowerState(121)) - s0: shutdown FollowerState
2019-09-24 11:59:36,536 INFO  impl.RoleInfo (RoleInfo.java:updateAndGet(143)) - s0: start FollowerState
2019-09-24 11:59:36,536 INFO  impl.FollowerState (FollowerState.java:run(117)) - s0@group-3D81F66BC438-FollowerState was interrupted: java.lang.InterruptedException: sleep interrupted
2019-09-24 11:59:36,551 DEBUG impl.RaftServerImpl (RaftServerImpl.java:requestVote(775)) - s0@group-3D81F66BC438 replies to vote request: s1<-s0#0:FAIL-t35. Peer's state: s0@group-3D81F66BC438:t35, leader=null, voted=null, raftlog=s0@group-3D81F66BC438-SegmentedRaftLog:OPENED:c11,f12,i12, conf=11: [s0:0.0.0.0:42154, s1:0.0.0.0:36158, s2:0.0.0.0:36910], old=null
2019-09-24 11:59:36,551 DEBUG impl.RaftServerImpl (RaftServerImpl.java:requestVote(775)) - s0@group-3D81F66BC438 replies to vote request: s2<-s0#0:FAIL-t35. Peer's state: s0@group-3D81F66BC438:t35, leader=null, voted=null, raftlog=s0@group-3D81F66BC438-SegmentedRaftLog:OPENED:c11,f12,i12, conf=11: [s0:0.0.0.0:42154, s1:0.0.0.0:36158, s2:0.0.0.0:36910], old=null
2019-09-24 11:59:36,552 INFO  impl.LeaderElection (LeaderElection.java:logAndReturn(56)) - s2@group-3D81F66BC438-LeaderElection64: Election DISCOVERED_A_NEW_TERM; received 1 response(s) [s2<-s0#0:FAIL-t35] and 0 exception(s); s2@group-3D81F66BC438:t34, leader=null, voted=s2, raftlog=s2@group-3D81F66BC438-SegmentedRaftLog:OPENED:c10,f10,i10, conf=9: [s0:0.0.0.0:42154, s1:0.0.0.0:36158, s2:0.0.0.0:36910], old=null
2019-09-24 11:59:36,552 INFO  impl.RaftServerImpl (RaftServerImpl.java:setRole(170)) - s2@group-3D81F66BC438: changes role from CANDIDATE to FOLLOWER at term 35 for DISCOVERED_A_NEW_TERM
2019-09-24 11:59:36,552 INFO  impl.RoleInfo (RoleInfo.java:shutdownLeaderElection(134)) - s2: shutdown LeaderElection
2019-09-24 11:59:36,552 INFO  impl.RoleInfo (RoleInfo.java:updateAndGet(143)) - s2: start FollowerState
2019-09-24 11:59:36,720 INFO  impl.LeaderElection (LeaderElection.java:logAndReturn(56)) - s1@group-3D81F66BC438-LeaderElection65: Election TIMEOUT; received 1 response(s) [s1<-s0#0:FAIL-t35] and 0 exception(s); s1@group-3D81F66BC438:t35, leader=null, voted=s1, raftlog=s1@group-3D81F66BC438-SegmentedRaftLog:OPENED:c10,f11,i11, conf=11: [s0:0.0.0.0:42154, s1:0.0.0.0:36158, s2:0.0.0.0:36910], old=null
2019-09-24 11:59:36,733 INFO  impl.LeaderElection (LeaderElection.java:askForVotes(178)) - s1@group-3D81F66BC438-LeaderElection65: begin an election at term 36 for 11: [s0:0.0.0.0:42154, s1:0.0.0.0:36158, s2:0.0.0.0:36910], old=null
2019-09-24 11:59:36,734 DEBUG impl.RaftServerImpl (RaftServerImpl.java:requestVote(743)) - s0@group-3D81F66BC438: receive requestVote(s1, group-3D81F66BC438, 36, (t:14, i:11))
2019-09-24 11:59:36,734 INFO  impl.RaftServerImpl (RaftServerImpl.java:setRole(170)) - s0@group-3D81F66BC438: changes role from  FOLLOWER to FOLLOWER at term 36 for recognizeCandidate:s1
2019-09-24 11:59:36,734 INFO  impl.RoleInfo (RoleInfo.java:shutdownFollowerState(121)) - s0: shutdown FollowerState
2019-09-24 11:59:36,734 INFO  impl.RoleInfo (RoleInfo.java:updateAndGet(143)) - s0: start FollowerState
2019-09-24 11:59:36,734 INFO  impl.FollowerState (FollowerState.java:run(117)) - s0@group-3D81F66BC438-FollowerState was interrupted: java.lang.InterruptedException: sleep interrupted
2019-09-24 11:59:36,748 DEBUG impl.RaftServerImpl (RaftServerImpl.java:requestVote(775)) - s0@group-3D81F66BC438 replies to vote request: s1<-s0#0:FAIL-t36. Peer's state: s0@group-3D81F66BC438:t36, leader=null, voted=null, raftlog=s0@group-3D81F66BC438-SegmentedRaftLog:OPENED:c11,f12,i12, conf=11: [s0:0.0.0.0:42154, s1:0.0.0.0:36158, s2:0.0.0.0:36910], old=null
2019-09-24 11:59:36,818 INFO  impl.FollowerState (FollowerState.java:run(108)) - s2@group-3D81F66BC438-FollowerState: change to CANDIDATE, lastRpcTime:265ms, electionTimeout:265ms
2019-09-24 11:59:36,818 INFO  impl.RoleInfo (RoleInfo.java:shutdownFollowerState(121)) - s2: shutdown FollowerState
2019-09-24 11:59:36,818 INFO  impl.RaftServerImpl (RaftServerImpl.java:setRole(170)) - s2@group-3D81F66BC438: changes role from  FOLLOWER to CANDIDATE at term 35 for changeToCandidate
2019-09-24 11:59:36,819 INFO  impl.RoleInfo (RoleInfo.java:updateAndGet(143)) - s2: start LeaderElection
2019-09-24 11:59:36,844 INFO  impl.LeaderElection (LeaderElection.java:askForVotes(178)) - s2@group-3D81F66BC438-LeaderElection66: begin an election at term 36 for 9: [s0:0.0.0.0:42154, s1:0.0.0.0:36158, s2:0.0.0.0:36910], old=null
2019-09-24 11:59:36,845 DEBUG impl.RaftServerImpl (RaftServerImpl.java:requestVote(743)) - s0@group-3D81F66BC438: receive requestVote(s2, group-3D81F66BC438, 36, (t:13, i:10))
2019-09-24 11:59:36,845 INFO  impl.RaftServerImpl (RaftServerImpl.java:setRole(170)) - s0@group-3D81F66BC438: changes role from  FOLLOWER to FOLLOWER at term 36 for recognizeCandidate:s2
2019-09-24 11:59:36,845 INFO  impl.RoleInfo (RoleInfo.java:shutdownFollowerState(121)) - s0: shutdown FollowerState
2019-09-24 11:59:36,846 INFO  impl.RoleInfo (RoleInfo.java:updateAndGet(143)) - s0: start FollowerState
2019-09-24 11:59:36,846 INFO  impl.FollowerState (FollowerState.java:run(117)) - s0@group-3D81F66BC438-FollowerState was interrupted: java.lang.InterruptedException: sleep interrupted
2019-09-24 11:59:36,846 DEBUG impl.RaftServerImpl (RaftServerImpl.java:requestVote(775)) - s0@group-3D81F66BC438 replies to vote request: s2<-s0#0:FAIL-t36. Peer's state: s0@group-3D81F66BC438:t36, leader=null, voted=null, raftlog=s0@group-3D81F66BC438-SegmentedRaftLog:OPENED:c11,f12,i12, conf=11: [s0:0.0.0.0:42154, s1:0.0.0.0:36158, s2:0.0.0.0:36910], old=null
2019-09-24 11:59:36,874 WARN  ratis.RaftTestUtil (JavaUtils.java:attempt(158)) - FAILED "waitForLeader-null-(expectLeader? true)", attempt #12/100: java.lang.IllegalStateException: No leader yet : printing ALL groups
  s0:  RUNNING  FOLLOWER s0@group-3D81F66BC438:t36, leader=null, voted=null, raftlog=s0@group-3D81F66BC438-SegmentedRaftLog:OPENED:c11,f12,i12, conf=11: [s0:0.0.0.0:42154, s1:0.0.0.0:36158, s2:0.0.0.0:36910], old=null RUNNING
  s1:  RUNNING CANDIDATE s1@group-3D81F66BC438:t36, leader=null, voted=s1, raftlog=s1@group-3D81F66BC438-SegmentedRaftLog:OPENED:c10,f11,i11, conf=11: [s0:0.0.0.0:42154, s1:0.0.0.0:36158, s2:0.0.0.0:36910], old=null RUNNING
  s2:  RUNNING CANDIDATE s2@group-3D81F66BC438:t36, leader=null, voted=s2, raftlog=s2@group-3D81F66BC438-SegmentedRaftLog:OPENED:c10,f10,i10, conf=9: [s0:0.0.0.0:42154, s1:0.0.0.0:36158, s2:0.0.0.0:36910], old=null RUNNING, sleep 450ms and then retry.
java.lang.IllegalStateException: No leader yet : printing ALL groups
  s0:  RUNNING  FOLLOWER s0@group-3D81F66BC438:t36, leader=null, voted=null, raftlog=s0@group-3D81F66BC438-SegmentedRaftLog:OPENED:c11,f12,i12, conf=11: [s0:0.0.0.0:42154, s1:0.0.0.0:36158, s2:0.0.0.0:36910], old=null RUNNING
  s1:  RUNNING CANDIDATE s1@group-3D81F66BC438:t36, leader=null, voted=s1, raftlog=s1@group-3D81F66BC438-SegmentedRaftLog:OPENED:c10,f11,i11, conf=11: [s0:0.0.0.0:42154, s1:0.0.0.0:36158, s2:0.0.0.0:36910], old=null RUNNING
  s2:  RUNNING CANDIDATE s2@group-3D81F66BC438:t36, leader=null, voted=s2, raftlog=s2@group-3D81F66BC438-SegmentedRaftLog:OPENED:c10,f10,i10, conf=9: [s0:0.0.0.0:42154, s1:0.0.0.0:36158, s2:0.0.0.0:36910], old=null RUNNING
	at org.apache.ratis.MiniRaftCluster.newIllegalStateExceptionForNoLeaders(MiniRaftCluster.java:506)
	at org.apache.ratis.RaftTestUtil.lambda$waitForLeader$1(RaftTestUtil.java:90)
	at org.apache.ratis.MiniRaftCluster.getLeader(MiniRaftCluster.java:539)
	at org.apache.ratis.MiniRaftCluster.getLeader(MiniRaftCluster.java:532)
	at org.apache.ratis.RaftTestUtil.lambda$waitForLeader$3(RaftTestUtil.java:98)
	at org.apache.ratis.util.JavaUtils.attempt(JavaUtils.java:152)
	at org.apache.ratis.RaftTestUtil.waitForLeader(RaftTestUtil.java:97)
	at org.apache.ratis.RaftTestUtil.waitForLeader(RaftTestUtil.java:77)
	at org.apache.ratis.RaftTestUtil.waitForLeader(RaftTestUtil.java:72)
	at org.apache.ratis.RaftTestUtil.lambda$changeLeader$7(RaftTestUtil.java:363)
	at org.apache.ratis.util.JavaUtils.attempt(JavaUtils.java:152)
	at org.apache.ratis.RaftTestUtil.changeLeader(RaftTestUtil.java:362)
	at org.apache.ratis.server.impl.LeaderElectionTests.testChangeLeader(LeaderElectionTests.java:81)
	at sun.reflect.NativeMethodAccessorImpl.invoke0(Native Method)
	at sun.reflect.NativeMethodAccessorImpl.invoke(NativeMethodAccessorImpl.java:62)
	at sun.reflect.DelegatingMethodAccessorImpl.invoke(DelegatingMethodAccessorImpl.java:43)
	at java.lang.reflect.Method.invoke(Method.java:498)
	at org.junit.runners.model.FrameworkMethod$1.runReflectiveCall(FrameworkMethod.java:50)
	at org.junit.internal.runners.model.ReflectiveCallable.run(ReflectiveCallable.java:12)
	at org.junit.runners.model.FrameworkMethod.invokeExplosively(FrameworkMethod.java:47)
	at org.junit.internal.runners.statements.InvokeMethod.evaluate(InvokeMethod.java:17)
	at org.junit.internal.runners.statements.RunAfters.evaluate(RunAfters.java:27)
	at org.junit.internal.runners.statements.FailOnTimeout$CallableStatement.call(FailOnTimeout.java:298)
	at org.junit.internal.runners.statements.FailOnTimeout$CallableStatement.call(FailOnTimeout.java:292)
	at java.util.concurrent.FutureTask.run(FutureTask.java:266)
	at java.lang.Thread.run(Thread.java:748)
2019-09-24 11:59:36,970 INFO  impl.LeaderElection (LeaderElection.java:logAndReturn(56)) - s1@group-3D81F66BC438-LeaderElection65: Election TIMEOUT; received 1 response(s) [s1<-s0#0:FAIL-t36] and 0 exception(s); s1@group-3D81F66BC438:t36, leader=null, voted=s1, raftlog=s1@group-3D81F66BC438-SegmentedRaftLog:OPENED:c10,f11,i11, conf=11: [s0:0.0.0.0:42154, s1:0.0.0.0:36158, s2:0.0.0.0:36910], old=null
2019-09-24 11:59:36,983 INFO  impl.LeaderElection (LeaderElection.java:askForVotes(178)) - s1@group-3D81F66BC438-LeaderElection65: begin an election at term 37 for 11: [s0:0.0.0.0:42154, s1:0.0.0.0:36158, s2:0.0.0.0:36910], old=null
2019-09-24 11:59:36,983 DEBUG impl.RaftServerImpl (RaftServerImpl.java:requestVote(743)) - s0@group-3D81F66BC438: receive requestVote(s1, group-3D81F66BC438, 37, (t:14, i:11))
2019-09-24 11:59:36,984 INFO  impl.RaftServerImpl (RaftServerImpl.java:setRole(170)) - s0@group-3D81F66BC438: changes role from  FOLLOWER to FOLLOWER at term 37 for recognizeCandidate:s1
2019-09-24 11:59:36,984 INFO  impl.RoleInfo (RoleInfo.java:shutdownFollowerState(121)) - s0: shutdown FollowerState
2019-09-24 11:59:36,984 INFO  impl.RoleInfo (RoleInfo.java:updateAndGet(143)) - s0: start FollowerState
2019-09-24 11:59:36,984 INFO  impl.FollowerState (FollowerState.java:run(117)) - s0@group-3D81F66BC438-FollowerState was interrupted: java.lang.InterruptedException: sleep interrupted
2019-09-24 11:59:36,998 DEBUG impl.RaftServerImpl (RaftServerImpl.java:requestVote(775)) - s0@group-3D81F66BC438 replies to vote request: s1<-s0#0:FAIL-t37. Peer's state: s0@group-3D81F66BC438:t37, leader=null, voted=null, raftlog=s0@group-3D81F66BC438-SegmentedRaftLog:OPENED:c11,f12,i12, conf=11: [s0:0.0.0.0:42154, s1:0.0.0.0:36158, s2:0.0.0.0:36910], old=null
2019-09-24 11:59:37,027 INFO  impl.LeaderElection (LeaderElection.java:logAndReturn(56)) - s2@group-3D81F66BC438-LeaderElection66: Election TIMEOUT; received 1 response(s) [s2<-s0#0:FAIL-t36] and 0 exception(s); s2@group-3D81F66BC438:t36, leader=null, voted=s2, raftlog=s2@group-3D81F66BC438-SegmentedRaftLog:OPENED:c10,f10,i10, conf=9: [s0:0.0.0.0:42154, s1:0.0.0.0:36158, s2:0.0.0.0:36910], old=null
2019-09-24 11:59:37,040 INFO  impl.LeaderElection (LeaderElection.java:askForVotes(178)) - s2@group-3D81F66BC438-LeaderElection66: begin an election at term 37 for 9: [s0:0.0.0.0:42154, s1:0.0.0.0:36158, s2:0.0.0.0:36910], old=null
2019-09-24 11:59:37,041 DEBUG impl.RaftServerImpl (RaftServerImpl.java:requestVote(743)) - s0@group-3D81F66BC438: receive requestVote(s2, group-3D81F66BC438, 37, (t:13, i:10))
2019-09-24 11:59:37,041 INFO  impl.RaftServerImpl (RaftServerImpl.java:setRole(170)) - s0@group-3D81F66BC438: changes role from  FOLLOWER to FOLLOWER at term 37 for recognizeCandidate:s2
2019-09-24 11:59:37,041 INFO  impl.RoleInfo (RoleInfo.java:shutdownFollowerState(121)) - s0: shutdown FollowerState
2019-09-24 11:59:37,041 INFO  impl.RoleInfo (RoleInfo.java:updateAndGet(143)) - s0: start FollowerState
2019-09-24 11:59:37,041 INFO  impl.FollowerState (FollowerState.java:run(117)) - s0@group-3D81F66BC438-FollowerState was interrupted: java.lang.InterruptedException: sleep interrupted
2019-09-24 11:59:37,042 DEBUG impl.RaftServerImpl (RaftServerImpl.java:requestVote(775)) - s0@group-3D81F66BC438 replies to vote request: s2<-s0#0:FAIL-t37. Peer's state: s0@group-3D81F66BC438:t37, leader=null, voted=null, raftlog=s0@group-3D81F66BC438-SegmentedRaftLog:OPENED:c11,f12,i12, conf=11: [s0:0.0.0.0:42154, s1:0.0.0.0:36158, s2:0.0.0.0:36910], old=null
2019-09-24 11:59:37,241 INFO  impl.LeaderElection (LeaderElection.java:logAndReturn(56)) - s1@group-3D81F66BC438-LeaderElection65: Election TIMEOUT; received 1 response(s) [s1<-s0#0:FAIL-t37] and 0 exception(s); s1@group-3D81F66BC438:t37, leader=null, voted=s1, raftlog=s1@group-3D81F66BC438-SegmentedRaftLog:OPENED:c10,f11,i11, conf=11: [s0:0.0.0.0:42154, s1:0.0.0.0:36158, s2:0.0.0.0:36910], old=null
2019-09-24 11:59:37,267 INFO  impl.LeaderElection (LeaderElection.java:askForVotes(178)) - s1@group-3D81F66BC438-LeaderElection65: begin an election at term 38 for 11: [s0:0.0.0.0:42154, s1:0.0.0.0:36158, s2:0.0.0.0:36910], old=null
2019-09-24 11:59:37,268 DEBUG impl.RaftServerImpl (RaftServerImpl.java:requestVote(743)) - s0@group-3D81F66BC438: receive requestVote(s1, group-3D81F66BC438, 38, (t:14, i:11))
2019-09-24 11:59:37,268 INFO  impl.RaftServerImpl (RaftServerImpl.java:setRole(170)) - s0@group-3D81F66BC438: changes role from  FOLLOWER to FOLLOWER at term 38 for recognizeCandidate:s1
2019-09-24 11:59:37,269 INFO  impl.RoleInfo (RoleInfo.java:shutdownFollowerState(121)) - s0: shutdown FollowerState
2019-09-24 11:59:37,269 INFO  impl.RoleInfo (RoleInfo.java:updateAndGet(143)) - s0: start FollowerState
2019-09-24 11:59:37,269 INFO  impl.FollowerState (FollowerState.java:run(117)) - s0@group-3D81F66BC438-FollowerState was interrupted: java.lang.InterruptedException: sleep interrupted
2019-09-24 11:59:37,282 DEBUG impl.RaftServerImpl (RaftServerImpl.java:requestVote(775)) - s0@group-3D81F66BC438 replies to vote request: s1<-s0#0:FAIL-t38. Peer's state: s0@group-3D81F66BC438:t38, leader=null, voted=null, raftlog=s0@group-3D81F66BC438-SegmentedRaftLog:OPENED:c11,f12,i12, conf=11: [s0:0.0.0.0:42154, s1:0.0.0.0:36158, s2:0.0.0.0:36910], old=null
2019-09-24 11:59:37,325 WARN  ratis.RaftTestUtil (JavaUtils.java:attempt(158)) - FAILED "waitForLeader-null-(expectLeader? true)", attempt #13/100: java.lang.IllegalStateException: No leader yet : printing ALL groups
  s0:  RUNNING  FOLLOWER s0@group-3D81F66BC438:t38, leader=null, voted=null, raftlog=s0@group-3D81F66BC438-SegmentedRaftLog:OPENED:c11,f12,i12, conf=11: [s0:0.0.0.0:42154, s1:0.0.0.0:36158, s2:0.0.0.0:36910], old=null RUNNING
  s1:  RUNNING CANDIDATE s1@group-3D81F66BC438:t38, leader=null, voted=s1, raftlog=s1@group-3D81F66BC438-SegmentedRaftLog:OPENED:c10,f11,i11, conf=11: [s0:0.0.0.0:42154, s1:0.0.0.0:36158, s2:0.0.0.0:36910], old=null RUNNING
  s2:  RUNNING CANDIDATE s2@group-3D81F66BC438:t37, leader=null, voted=s2, raftlog=s2@group-3D81F66BC438-SegmentedRaftLog:OPENED:c10,f10,i10, conf=9: [s0:0.0.0.0:42154, s1:0.0.0.0:36158, s2:0.0.0.0:36910], old=null RUNNING, sleep 450ms and then retry.
java.lang.IllegalStateException: No leader yet : printing ALL groups
  s0:  RUNNING  FOLLOWER s0@group-3D81F66BC438:t38, leader=null, voted=null, raftlog=s0@group-3D81F66BC438-SegmentedRaftLog:OPENED:c11,f12,i12, conf=11: [s0:0.0.0.0:42154, s1:0.0.0.0:36158, s2:0.0.0.0:36910], old=null RUNNING
  s1:  RUNNING CANDIDATE s1@group-3D81F66BC438:t38, leader=null, voted=s1, raftlog=s1@group-3D81F66BC438-SegmentedRaftLog:OPENED:c10,f11,i11, conf=11: [s0:0.0.0.0:42154, s1:0.0.0.0:36158, s2:0.0.0.0:36910], old=null RUNNING
  s2:  RUNNING CANDIDATE s2@group-3D81F66BC438:t37, leader=null, voted=s2, raftlog=s2@group-3D81F66BC438-SegmentedRaftLog:OPENED:c10,f10,i10, conf=9: [s0:0.0.0.0:42154, s1:0.0.0.0:36158, s2:0.0.0.0:36910], old=null RUNNING
	at org.apache.ratis.MiniRaftCluster.newIllegalStateExceptionForNoLeaders(MiniRaftCluster.java:506)
	at org.apache.ratis.RaftTestUtil.lambda$waitForLeader$1(RaftTestUtil.java:90)
	at org.apache.ratis.MiniRaftCluster.getLeader(MiniRaftCluster.java:539)
	at org.apache.ratis.MiniRaftCluster.getLeader(MiniRaftCluster.java:532)
	at org.apache.ratis.RaftTestUtil.lambda$waitForLeader$3(RaftTestUtil.java:98)
	at org.apache.ratis.util.JavaUtils.attempt(JavaUtils.java:152)
	at org.apache.ratis.RaftTestUtil.waitForLeader(RaftTestUtil.java:97)
	at org.apache.ratis.RaftTestUtil.waitForLeader(RaftTestUtil.java:77)
	at org.apache.ratis.RaftTestUtil.waitForLeader(RaftTestUtil.java:72)
	at org.apache.ratis.RaftTestUtil.lambda$changeLeader$7(RaftTestUtil.java:363)
	at org.apache.ratis.util.JavaUtils.attempt(JavaUtils.java:152)
	at org.apache.ratis.RaftTestUtil.changeLeader(RaftTestUtil.java:362)
	at org.apache.ratis.server.impl.LeaderElectionTests.testChangeLeader(LeaderElectionTests.java:81)
	at sun.reflect.NativeMethodAccessorImpl.invoke0(Native Method)
	at sun.reflect.NativeMethodAccessorImpl.invoke(NativeMethodAccessorImpl.java:62)
	at sun.reflect.DelegatingMethodAccessorImpl.invoke(DelegatingMethodAccessorImpl.java:43)
	at java.lang.reflect.Method.invoke(Method.java:498)
	at org.junit.runners.model.FrameworkMethod$1.runReflectiveCall(FrameworkMethod.java:50)
	at org.junit.internal.runners.model.ReflectiveCallable.run(ReflectiveCallable.java:12)
	at org.junit.runners.model.FrameworkMethod.invokeExplosively(FrameworkMethod.java:47)
	at org.junit.internal.runners.statements.InvokeMethod.evaluate(InvokeMethod.java:17)
	at org.junit.internal.runners.statements.RunAfters.evaluate(RunAfters.java:27)
	at org.junit.internal.runners.statements.FailOnTimeout$CallableStatement.call(FailOnTimeout.java:298)
	at org.junit.internal.runners.statements.FailOnTimeout$CallableStatement.call(FailOnTimeout.java:292)
	at java.util.concurrent.FutureTask.run(FutureTask.java:266)
	at java.lang.Thread.run(Thread.java:748)
2019-09-24 11:59:37,329 INFO  impl.LeaderElection (LeaderElection.java:logAndReturn(56)) - s2@group-3D81F66BC438-LeaderElection66: Election TIMEOUT; received 1 response(s) [s2<-s0#0:FAIL-t37] and 0 exception(s); s2@group-3D81F66BC438:t37, leader=null, voted=s2, raftlog=s2@group-3D81F66BC438-SegmentedRaftLog:OPENED:c10,f10,i10, conf=9: [s0:0.0.0.0:42154, s1:0.0.0.0:36158, s2:0.0.0.0:36910], old=null
2019-09-24 11:59:37,354 INFO  impl.LeaderElection (LeaderElection.java:askForVotes(178)) - s2@group-3D81F66BC438-LeaderElection66: begin an election at term 38 for 9: [s0:0.0.0.0:42154, s1:0.0.0.0:36158, s2:0.0.0.0:36910], old=null
2019-09-24 11:59:37,354 DEBUG impl.RaftServerImpl (RaftServerImpl.java:requestVote(743)) - s0@group-3D81F66BC438: receive requestVote(s2, group-3D81F66BC438, 38, (t:13, i:10))
2019-09-24 11:59:37,355 INFO  impl.RaftServerImpl (RaftServerImpl.java:setRole(170)) - s0@group-3D81F66BC438: changes role from  FOLLOWER to FOLLOWER at term 38 for recognizeCandidate:s2
2019-09-24 11:59:37,355 INFO  impl.RoleInfo (RoleInfo.java:shutdownFollowerState(121)) - s0: shutdown FollowerState
2019-09-24 11:59:37,355 INFO  impl.RoleInfo (RoleInfo.java:updateAndGet(143)) - s0: start FollowerState
2019-09-24 11:59:37,355 INFO  impl.FollowerState (FollowerState.java:run(117)) - s0@group-3D81F66BC438-FollowerState was interrupted: java.lang.InterruptedException: sleep interrupted
2019-09-24 11:59:37,355 DEBUG impl.RaftServerImpl (RaftServerImpl.java:requestVote(775)) - s0@group-3D81F66BC438 replies to vote request: s2<-s0#0:FAIL-t38. Peer's state: s0@group-3D81F66BC438:t38, leader=null, voted=null, raftlog=s0@group-3D81F66BC438-SegmentedRaftLog:OPENED:c11,f12,i12, conf=11: [s0:0.0.0.0:42154, s1:0.0.0.0:36158, s2:0.0.0.0:36910], old=null
2019-09-24 11:59:37,503 INFO  impl.LeaderElection (LeaderElection.java:logAndReturn(56)) - s1@group-3D81F66BC438-LeaderElection65: Election TIMEOUT; received 1 response(s) [s1<-s0#0:FAIL-t38] and 0 exception(s); s1@group-3D81F66BC438:t38, leader=null, voted=s1, raftlog=s1@group-3D81F66BC438-SegmentedRaftLog:OPENED:c10,f11,i11, conf=11: [s0:0.0.0.0:42154, s1:0.0.0.0:36158, s2:0.0.0.0:36910], old=null
2019-09-24 11:59:37,519 INFO  impl.LeaderElection (LeaderElection.java:askForVotes(178)) - s1@group-3D81F66BC438-LeaderElection65: begin an election at term 39 for 11: [s0:0.0.0.0:42154, s1:0.0.0.0:36158, s2:0.0.0.0:36910], old=null
2019-09-24 11:59:37,520 DEBUG impl.RaftServerImpl (RaftServerImpl.java:requestVote(743)) - s0@group-3D81F66BC438: receive requestVote(s1, group-3D81F66BC438, 39, (t:14, i:11))
2019-09-24 11:59:37,520 INFO  impl.RaftServerImpl (RaftServerImpl.java:setRole(170)) - s0@group-3D81F66BC438: changes role from  FOLLOWER to FOLLOWER at term 39 for recognizeCandidate:s1
2019-09-24 11:59:37,520 INFO  impl.RoleInfo (RoleInfo.java:shutdownFollowerState(121)) - s0: shutdown FollowerState
2019-09-24 11:59:37,520 INFO  impl.RoleInfo (RoleInfo.java:updateAndGet(143)) - s0: start FollowerState
2019-09-24 11:59:37,520 INFO  impl.FollowerState (FollowerState.java:run(117)) - s0@group-3D81F66BC438-FollowerState was interrupted: java.lang.InterruptedException: sleep interrupted
2019-09-24 11:59:37,533 DEBUG impl.RaftServerImpl (RaftServerImpl.java:requestVote(775)) - s0@group-3D81F66BC438 replies to vote request: s1<-s0#0:FAIL-t39. Peer's state: s0@group-3D81F66BC438:t39, leader=null, voted=null, raftlog=s0@group-3D81F66BC438-SegmentedRaftLog:OPENED:c11,f12,i12, conf=11: [s0:0.0.0.0:42154, s1:0.0.0.0:36158, s2:0.0.0.0:36910], old=null
2019-09-24 11:59:37,568 INFO  impl.LeaderElection (LeaderElection.java:logAndReturn(56)) - s2@group-3D81F66BC438-LeaderElection66: Election TIMEOUT; received 1 response(s) [s2<-s0#0:FAIL-t38] and 0 exception(s); s2@group-3D81F66BC438:t38, leader=null, voted=s2, raftlog=s2@group-3D81F66BC438-SegmentedRaftLog:OPENED:c10,f10,i10, conf=9: [s0:0.0.0.0:42154, s1:0.0.0.0:36158, s2:0.0.0.0:36910], old=null
2019-09-24 11:59:37,583 INFO  impl.LeaderElection (LeaderElection.java:askForVotes(178)) - s2@group-3D81F66BC438-LeaderElection66: begin an election at term 39 for 9: [s0:0.0.0.0:42154, s1:0.0.0.0:36158, s2:0.0.0.0:36910], old=null
2019-09-24 11:59:37,583 DEBUG impl.RaftServerImpl (RaftServerImpl.java:requestVote(743)) - s0@group-3D81F66BC438: receive requestVote(s2, group-3D81F66BC438, 39, (t:13, i:10))
2019-09-24 11:59:37,583 INFO  impl.RaftServerImpl (RaftServerImpl.java:setRole(170)) - s0@group-3D81F66BC438: changes role from  FOLLOWER to FOLLOWER at term 39 for recognizeCandidate:s2
2019-09-24 11:59:37,584 INFO  impl.RoleInfo (RoleInfo.java:shutdownFollowerState(121)) - s0: shutdown FollowerState
2019-09-24 11:59:37,584 INFO  impl.RoleInfo (RoleInfo.java:updateAndGet(143)) - s0: start FollowerState
2019-09-24 11:59:37,584 INFO  impl.FollowerState (FollowerState.java:run(117)) - s0@group-3D81F66BC438-FollowerState was interrupted: java.lang.InterruptedException: sleep interrupted
2019-09-24 11:59:37,584 DEBUG impl.RaftServerImpl (RaftServerImpl.java:requestVote(775)) - s0@group-3D81F66BC438 replies to vote request: s2<-s0#0:FAIL-t39. Peer's state: s0@group-3D81F66BC438:t39, leader=null, voted=null, raftlog=s0@group-3D81F66BC438-SegmentedRaftLog:OPENED:c11,f12,i12, conf=11: [s0:0.0.0.0:42154, s1:0.0.0.0:36158, s2:0.0.0.0:36910], old=null
2019-09-24 11:59:37,776 INFO  impl.LeaderElection (LeaderElection.java:logAndReturn(56)) - s1@group-3D81F66BC438-LeaderElection65: Election TIMEOUT; received 1 response(s) [s1<-s0#0:FAIL-t39] and 0 exception(s); s1@group-3D81F66BC438:t39, leader=null, voted=s1, raftlog=s1@group-3D81F66BC438-SegmentedRaftLog:OPENED:c10,f11,i11, conf=11: [s0:0.0.0.0:42154, s1:0.0.0.0:36158, s2:0.0.0.0:36910], old=null
2019-09-24 11:59:37,776 WARN  ratis.RaftTestUtil (JavaUtils.java:attempt(158)) - FAILED "waitForLeader-null-(expectLeader? true)", attempt #14/100: java.lang.IllegalStateException: No leader yet : printing ALL groups
  s0:  RUNNING  FOLLOWER s0@group-3D81F66BC438:t39, leader=null, voted=null, raftlog=s0@group-3D81F66BC438-SegmentedRaftLog:OPENED:c11,f12,i12, conf=11: [s0:0.0.0.0:42154, s1:0.0.0.0:36158, s2:0.0.0.0:36910], old=null RUNNING
  s1:  RUNNING CANDIDATE s1@group-3D81F66BC438:t40, leader=null, voted=s1, raftlog=s1@group-3D81F66BC438-SegmentedRaftLog:OPENED:c10,f11,i11, conf=11: [s0:0.0.0.0:42154, s1:0.0.0.0:36158, s2:0.0.0.0:36910], old=null RUNNING
  s2:  RUNNING CANDIDATE s2@group-3D81F66BC438:t39, leader=null, voted=s2, raftlog=s2@group-3D81F66BC438-SegmentedRaftLog:OPENED:c10,f10,i10, conf=9: [s0:0.0.0.0:42154, s1:0.0.0.0:36158, s2:0.0.0.0:36910], old=null RUNNING, sleep 450ms and then retry.
java.lang.IllegalStateException: No leader yet : printing ALL groups
  s0:  RUNNING  FOLLOWER s0@group-3D81F66BC438:t39, leader=null, voted=null, raftlog=s0@group-3D81F66BC438-SegmentedRaftLog:OPENED:c11,f12,i12, conf=11: [s0:0.0.0.0:42154, s1:0.0.0.0:36158, s2:0.0.0.0:36910], old=null RUNNING
  s1:  RUNNING CANDIDATE s1@group-3D81F66BC438:t40, leader=null, voted=s1, raftlog=s1@group-3D81F66BC438-SegmentedRaftLog:OPENED:c10,f11,i11, conf=11: [s0:0.0.0.0:42154, s1:0.0.0.0:36158, s2:0.0.0.0:36910], old=null RUNNING
  s2:  RUNNING CANDIDATE s2@group-3D81F66BC438:t39, leader=null, voted=s2, raftlog=s2@group-3D81F66BC438-SegmentedRaftLog:OPENED:c10,f10,i10, conf=9: [s0:0.0.0.0:42154, s1:0.0.0.0:36158, s2:0.0.0.0:36910], old=null RUNNING
	at org.apache.ratis.MiniRaftCluster.newIllegalStateExceptionForNoLeaders(MiniRaftCluster.java:506)
	at org.apache.ratis.RaftTestUtil.lambda$waitForLeader$1(RaftTestUtil.java:90)
	at org.apache.ratis.MiniRaftCluster.getLeader(MiniRaftCluster.java:539)
	at org.apache.ratis.MiniRaftCluster.getLeader(MiniRaftCluster.java:532)
	at org.apache.ratis.RaftTestUtil.lambda$waitForLeader$3(RaftTestUtil.java:98)
	at org.apache.ratis.util.JavaUtils.attempt(JavaUtils.java:152)
	at org.apache.ratis.RaftTestUtil.waitForLeader(RaftTestUtil.java:97)
	at org.apache.ratis.RaftTestUtil.waitForLeader(RaftTestUtil.java:77)
	at org.apache.ratis.RaftTestUtil.waitForLeader(RaftTestUtil.java:72)
	at org.apache.ratis.RaftTestUtil.lambda$changeLeader$7(RaftTestUtil.java:363)
	at org.apache.ratis.util.JavaUtils.attempt(JavaUtils.java:152)
	at org.apache.ratis.RaftTestUtil.changeLeader(RaftTestUtil.java:362)
	at org.apache.ratis.server.impl.LeaderElectionTests.testChangeLeader(LeaderElectionTests.java:81)
	at sun.reflect.NativeMethodAccessorImpl.invoke0(Native Method)
	at sun.reflect.NativeMethodAccessorImpl.invoke(NativeMethodAccessorImpl.java:62)
	at sun.reflect.DelegatingMethodAccessorImpl.invoke(DelegatingMethodAccessorImpl.java:43)
	at java.lang.reflect.Method.invoke(Method.java:498)
	at org.junit.runners.model.FrameworkMethod$1.runReflectiveCall(FrameworkMethod.java:50)
	at org.junit.internal.runners.model.ReflectiveCallable.run(ReflectiveCallable.java:12)
	at org.junit.runners.model.FrameworkMethod.invokeExplosively(FrameworkMethod.java:47)
	at org.junit.internal.runners.statements.InvokeMethod.evaluate(InvokeMethod.java:17)
	at org.junit.internal.runners.statements.RunAfters.evaluate(RunAfters.java:27)
	at org.junit.internal.runners.statements.FailOnTimeout$CallableStatement.call(FailOnTimeout.java:298)
	at org.junit.internal.runners.statements.FailOnTimeout$CallableStatement.call(FailOnTimeout.java:292)
	at java.util.concurrent.FutureTask.run(FutureTask.java:266)
	at java.lang.Thread.run(Thread.java:748)
2019-09-24 11:59:37,797 INFO  impl.LeaderElection (LeaderElection.java:askForVotes(178)) - s1@group-3D81F66BC438-LeaderElection65: begin an election at term 40 for 11: [s0:0.0.0.0:42154, s1:0.0.0.0:36158, s2:0.0.0.0:36910], old=null
2019-09-24 11:59:37,798 DEBUG impl.RaftServerImpl (RaftServerImpl.java:requestVote(743)) - s0@group-3D81F66BC438: receive requestVote(s1, group-3D81F66BC438, 40, (t:14, i:11))
2019-09-24 11:59:37,798 INFO  impl.RaftServerImpl (RaftServerImpl.java:setRole(170)) - s0@group-3D81F66BC438: changes role from  FOLLOWER to FOLLOWER at term 40 for recognizeCandidate:s1
2019-09-24 11:59:37,798 INFO  impl.RoleInfo (RoleInfo.java:shutdownFollowerState(121)) - s0: shutdown FollowerState
2019-09-24 11:59:37,799 INFO  impl.RoleInfo (RoleInfo.java:updateAndGet(143)) - s0: start FollowerState
2019-09-24 11:59:37,799 INFO  impl.FollowerState (FollowerState.java:run(117)) - s0@group-3D81F66BC438-FollowerState was interrupted: java.lang.InterruptedException: sleep interrupted
2019-09-24 11:59:37,811 DEBUG impl.RaftServerImpl (RaftServerImpl.java:requestVote(775)) - s0@group-3D81F66BC438 replies to vote request: s1<-s0#0:FAIL-t40. Peer's state: s0@group-3D81F66BC438:t40, leader=null, voted=null, raftlog=s0@group-3D81F66BC438-SegmentedRaftLog:OPENED:c11,f12,i12, conf=11: [s0:0.0.0.0:42154, s1:0.0.0.0:36158, s2:0.0.0.0:36910], old=null
2019-09-24 11:59:37,846 INFO  impl.LeaderElection (LeaderElection.java:logAndReturn(56)) - s2@group-3D81F66BC438-LeaderElection66: Election TIMEOUT; received 1 response(s) [s2<-s0#0:FAIL-t39] and 0 exception(s); s2@group-3D81F66BC438:t39, leader=null, voted=s2, raftlog=s2@group-3D81F66BC438-SegmentedRaftLog:OPENED:c10,f10,i10, conf=9: [s0:0.0.0.0:42154, s1:0.0.0.0:36158, s2:0.0.0.0:36910], old=null
2019-09-24 11:59:37,872 INFO  impl.LeaderElection (LeaderElection.java:askForVotes(178)) - s2@group-3D81F66BC438-LeaderElection66: begin an election at term 40 for 9: [s0:0.0.0.0:42154, s1:0.0.0.0:36158, s2:0.0.0.0:36910], old=null
2019-09-24 11:59:37,873 DEBUG impl.RaftServerImpl (RaftServerImpl.java:requestVote(743)) - s0@group-3D81F66BC438: receive requestVote(s2, group-3D81F66BC438, 40, (t:13, i:10))
2019-09-24 11:59:37,873 INFO  impl.RaftServerImpl (RaftServerImpl.java:setRole(170)) - s0@group-3D81F66BC438: changes role from  FOLLOWER to FOLLOWER at term 40 for recognizeCandidate:s2
2019-09-24 11:59:37,873 INFO  impl.RoleInfo (RoleInfo.java:shutdownFollowerState(121)) - s0: shutdown FollowerState
2019-09-24 11:59:37,874 INFO  impl.RoleInfo (RoleInfo.java:updateAndGet(143)) - s0: start FollowerState
2019-09-24 11:59:37,874 INFO  impl.FollowerState (FollowerState.java:run(117)) - s0@group-3D81F66BC438-FollowerState was interrupted: java.lang.InterruptedException: sleep interrupted
2019-09-24 11:59:37,874 DEBUG impl.RaftServerImpl (RaftServerImpl.java:requestVote(775)) - s0@group-3D81F66BC438 replies to vote request: s2<-s0#0:FAIL-t40. Peer's state: s0@group-3D81F66BC438:t40, leader=null, voted=null, raftlog=s0@group-3D81F66BC438-SegmentedRaftLog:OPENED:c11,f12,i12, conf=11: [s0:0.0.0.0:42154, s1:0.0.0.0:36158, s2:0.0.0.0:36910], old=null
2019-09-24 11:59:38,025 INFO  impl.LeaderElection (LeaderElection.java:logAndReturn(56)) - s2@group-3D81F66BC438-LeaderElection66: Election TIMEOUT; received 1 response(s) [s2<-s0#0:FAIL-t40] and 0 exception(s); s2@group-3D81F66BC438:t40, leader=null, voted=s2, raftlog=s2@group-3D81F66BC438-SegmentedRaftLog:OPENED:c10,f10,i10, conf=9: [s0:0.0.0.0:42154, s1:0.0.0.0:36158, s2:0.0.0.0:36910], old=null
2019-09-24 11:59:38,035 INFO  impl.FollowerState (FollowerState.java:run(108)) - s0@group-3D81F66BC438-FollowerState: change to CANDIDATE, lastRpcTime:161ms, electionTimeout:161ms
2019-09-24 11:59:38,036 INFO  impl.RoleInfo (RoleInfo.java:shutdownFollowerState(121)) - s0: shutdown FollowerState
2019-09-24 11:59:38,036 INFO  impl.RaftServerImpl (RaftServerImpl.java:setRole(170)) - s0@group-3D81F66BC438: changes role from  FOLLOWER to CANDIDATE at term 40 for changeToCandidate
2019-09-24 11:59:38,036 INFO  impl.RoleInfo (RoleInfo.java:updateAndGet(143)) - s0: start LeaderElection
2019-09-24 11:59:38,051 INFO  impl.LeaderElection (LeaderElection.java:askForVotes(178)) - s2@group-3D81F66BC438-LeaderElection66: begin an election at term 41 for 9: [s0:0.0.0.0:42154, s1:0.0.0.0:36158, s2:0.0.0.0:36910], old=null
2019-09-24 11:59:38,051 INFO  impl.LeaderElection (LeaderElection.java:askForVotes(178)) - s0@group-3D81F66BC438-LeaderElection67: begin an election at term 41 for 11: [s0:0.0.0.0:42154, s1:0.0.0.0:36158, s2:0.0.0.0:36910], old=null
2019-09-24 11:59:38,052 DEBUG impl.RaftServerImpl (RaftServerImpl.java:requestVote(743)) - s0@group-3D81F66BC438: receive requestVote(s2, group-3D81F66BC438, 41, (t:13, i:10))
2019-09-24 11:59:38,053 DEBUG impl.RaftServerImpl (RaftServerImpl.java:requestVote(775)) - s0@group-3D81F66BC438 replies to vote request: s2<-s0#0:FAIL-t41. Peer's state: s0@group-3D81F66BC438:t41, leader=null, voted=s0, raftlog=s0@group-3D81F66BC438-SegmentedRaftLog:OPENED:c11,f12,i12, conf=11: [s0:0.0.0.0:42154, s1:0.0.0.0:36158, s2:0.0.0.0:36910], old=null
2019-09-24 11:59:38,072 INFO  impl.LeaderElection (LeaderElection.java:logAndReturn(56)) - s1@group-3D81F66BC438-LeaderElection65: Election TIMEOUT; received 1 response(s) [s1<-s0#0:FAIL-t40] and 0 exception(s); s1@group-3D81F66BC438:t40, leader=null, voted=s1, raftlog=s1@group-3D81F66BC438-SegmentedRaftLog:OPENED:c10,f11,i11, conf=11: [s0:0.0.0.0:42154, s1:0.0.0.0:36158, s2:0.0.0.0:36910], old=null
2019-09-24 11:59:38,095 INFO  impl.LeaderElection (LeaderElection.java:askForVotes(178)) - s1@group-3D81F66BC438-LeaderElection65: begin an election at term 41 for 11: [s0:0.0.0.0:42154, s1:0.0.0.0:36158, s2:0.0.0.0:36910], old=null
2019-09-24 11:59:38,096 DEBUG impl.RaftServerImpl (RaftServerImpl.java:requestVote(743)) - s0@group-3D81F66BC438: receive requestVote(s1, group-3D81F66BC438, 41, (t:14, i:11))
2019-09-24 11:59:38,096 DEBUG impl.RaftServerImpl (RaftServerImpl.java:requestVote(775)) - s0@group-3D81F66BC438 replies to vote request: s1<-s0#0:FAIL-t41. Peer's state: s0@group-3D81F66BC438:t41, leader=null, voted=s0, raftlog=s0@group-3D81F66BC438-SegmentedRaftLog:OPENED:c11,f12,i12, conf=11: [s0:0.0.0.0:42154, s1:0.0.0.0:36158, s2:0.0.0.0:36910], old=null
2019-09-24 11:59:38,228 WARN  ratis.RaftTestUtil (JavaUtils.java:attempt(158)) - FAILED "waitForLeader-null-(expectLeader? true)", attempt #15/100: java.lang.IllegalStateException: No leader yet : printing ALL groups
  s0:  RUNNING CANDIDATE s0@group-3D81F66BC438:t41, leader=null, voted=s0, raftlog=s0@group-3D81F66BC438-SegmentedRaftLog:OPENED:c11,f12,i12, conf=11: [s0:0.0.0.0:42154, s1:0.0.0.0:36158, s2:0.0.0.0:36910], old=null RUNNING
  s1:  RUNNING CANDIDATE s1@group-3D81F66BC438:t41, leader=null, voted=s1, raftlog=s1@group-3D81F66BC438-SegmentedRaftLog:OPENED:c10,f11,i11, conf=11: [s0:0.0.0.0:42154, s1:0.0.0.0:36158, s2:0.0.0.0:36910], old=null RUNNING
  s2:  RUNNING CANDIDATE s2@group-3D81F66BC438:t41, leader=null, voted=s2, raftlog=s2@group-3D81F66BC438-SegmentedRaftLog:OPENED:c10,f10,i10, conf=9: [s0:0.0.0.0:42154, s1:0.0.0.0:36158, s2:0.0.0.0:36910], old=null RUNNING, sleep 450ms and then retry.
java.lang.IllegalStateException: No leader yet : printing ALL groups
  s0:  RUNNING CANDIDATE s0@group-3D81F66BC438:t41, leader=null, voted=s0, raftlog=s0@group-3D81F66BC438-SegmentedRaftLog:OPENED:c11,f12,i12, conf=11: [s0:0.0.0.0:42154, s1:0.0.0.0:36158, s2:0.0.0.0:36910], old=null RUNNING
  s1:  RUNNING CANDIDATE s1@group-3D81F66BC438:t41, leader=null, voted=s1, raftlog=s1@group-3D81F66BC438-SegmentedRaftLog:OPENED:c10,f11,i11, conf=11: [s0:0.0.0.0:42154, s1:0.0.0.0:36158, s2:0.0.0.0:36910], old=null RUNNING
  s2:  RUNNING CANDIDATE s2@group-3D81F66BC438:t41, leader=null, voted=s2, raftlog=s2@group-3D81F66BC438-SegmentedRaftLog:OPENED:c10,f10,i10, conf=9: [s0:0.0.0.0:42154, s1:0.0.0.0:36158, s2:0.0.0.0:36910], old=null RUNNING
	at org.apache.ratis.MiniRaftCluster.newIllegalStateExceptionForNoLeaders(MiniRaftCluster.java:506)
	at org.apache.ratis.RaftTestUtil.lambda$waitForLeader$1(RaftTestUtil.java:90)
	at org.apache.ratis.MiniRaftCluster.getLeader(MiniRaftCluster.java:539)
	at org.apache.ratis.MiniRaftCluster.getLeader(MiniRaftCluster.java:532)
	at org.apache.ratis.RaftTestUtil.lambda$waitForLeader$3(RaftTestUtil.java:98)
	at org.apache.ratis.util.JavaUtils.attempt(JavaUtils.java:152)
	at org.apache.ratis.RaftTestUtil.waitForLeader(RaftTestUtil.java:97)
	at org.apache.ratis.RaftTestUtil.waitForLeader(RaftTestUtil.java:77)
	at org.apache.ratis.RaftTestUtil.waitForLeader(RaftTestUtil.java:72)
	at org.apache.ratis.RaftTestUtil.lambda$changeLeader$7(RaftTestUtil.java:363)
	at org.apache.ratis.util.JavaUtils.attempt(JavaUtils.java:152)
	at org.apache.ratis.RaftTestUtil.changeLeader(RaftTestUtil.java:362)
	at org.apache.ratis.server.impl.LeaderElectionTests.testChangeLeader(LeaderElectionTests.java:81)
	at sun.reflect.NativeMethodAccessorImpl.invoke0(Native Method)
	at sun.reflect.NativeMethodAccessorImpl.invoke(NativeMethodAccessorImpl.java:62)
	at sun.reflect.DelegatingMethodAccessorImpl.invoke(DelegatingMethodAccessorImpl.java:43)
	at java.lang.reflect.Method.invoke(Method.java:498)
	at org.junit.runners.model.FrameworkMethod$1.runReflectiveCall(FrameworkMethod.java:50)
	at org.junit.internal.runners.model.ReflectiveCallable.run(ReflectiveCallable.java:12)
	at org.junit.runners.model.FrameworkMethod.invokeExplosively(FrameworkMethod.java:47)
	at org.junit.internal.runners.statements.InvokeMethod.evaluate(InvokeMethod.java:17)
	at org.junit.internal.runners.statements.RunAfters.evaluate(RunAfters.java:27)
	at org.junit.internal.runners.statements.FailOnTimeout$CallableStatement.call(FailOnTimeout.java:298)
	at org.junit.internal.runners.statements.FailOnTimeout$CallableStatement.call(FailOnTimeout.java:292)
	at java.util.concurrent.FutureTask.run(FutureTask.java:266)
	at java.lang.Thread.run(Thread.java:748)
2019-09-24 11:59:38,281 INFO  impl.LeaderElection (LeaderElection.java:logAndReturn(56)) - s2@group-3D81F66BC438-LeaderElection66: Election TIMEOUT; received 1 response(s) [s2<-s0#0:FAIL-t41] and 0 exception(s); s2@group-3D81F66BC438:t41, leader=null, voted=s2, raftlog=s2@group-3D81F66BC438-SegmentedRaftLog:OPENED:c10,f10,i10, conf=9: [s0:0.0.0.0:42154, s1:0.0.0.0:36158, s2:0.0.0.0:36910], old=null
2019-09-24 11:59:38,307 INFO  impl.LeaderElection (LeaderElection.java:askForVotes(178)) - s2@group-3D81F66BC438-LeaderElection66: begin an election at term 42 for 9: [s0:0.0.0.0:42154, s1:0.0.0.0:36158, s2:0.0.0.0:36910], old=null
2019-09-24 11:59:38,307 DEBUG impl.RaftServerImpl (RaftServerImpl.java:requestVote(743)) - s0@group-3D81F66BC438: receive requestVote(s2, group-3D81F66BC438, 42, (t:13, i:10))
2019-09-24 11:59:38,308 INFO  impl.RaftServerImpl (RaftServerImpl.java:setRole(170)) - s0@group-3D81F66BC438: changes role from CANDIDATE to FOLLOWER at term 42 for recognizeCandidate:s2
2019-09-24 11:59:38,308 INFO  impl.RoleInfo (RoleInfo.java:shutdownLeaderElection(134)) - s0: shutdown LeaderElection
2019-09-24 11:59:38,308 INFO  impl.RoleInfo (RoleInfo.java:updateAndGet(143)) - s0: start FollowerState
2019-09-24 11:59:38,334 INFO  impl.LeaderElection (LeaderElection.java:logAndReturn(56)) - s0@group-3D81F66BC438-LeaderElection67: Election REJECTED; received 0 response(s) [] and 0 exception(s); s0@group-3D81F66BC438:t42, leader=null, voted=null, raftlog=s0@group-3D81F66BC438-SegmentedRaftLog:OPENED:c11,f12,i12, conf=11: [s0:0.0.0.0:42154, s1:0.0.0.0:36158, s2:0.0.0.0:36910], old=null
2019-09-24 11:59:38,340 DEBUG impl.RaftServerImpl (RaftServerImpl.java:requestVote(775)) - s0@group-3D81F66BC438 replies to vote request: s2<-s0#0:FAIL-t42. Peer's state: s0@group-3D81F66BC438:t42, leader=null, voted=null, raftlog=s0@group-3D81F66BC438-SegmentedRaftLog:OPENED:c11,f12,i12, conf=11: [s0:0.0.0.0:42154, s1:0.0.0.0:36158, s2:0.0.0.0:36910], old=null
2019-09-24 11:59:38,358 INFO  impl.LeaderElection (LeaderElection.java:logAndReturn(56)) - s1@group-3D81F66BC438-LeaderElection65: Election TIMEOUT; received 1 response(s) [s1<-s0#0:FAIL-t41] and 0 exception(s); s1@group-3D81F66BC438:t41, leader=null, voted=s1, raftlog=s1@group-3D81F66BC438-SegmentedRaftLog:OPENED:c10,f11,i11, conf=11: [s0:0.0.0.0:42154, s1:0.0.0.0:36158, s2:0.0.0.0:36910], old=null
2019-09-24 11:59:38,383 INFO  impl.LeaderElection (LeaderElection.java:askForVotes(178)) - s1@group-3D81F66BC438-LeaderElection65: begin an election at term 42 for 11: [s0:0.0.0.0:42154, s1:0.0.0.0:36158, s2:0.0.0.0:36910], old=null
2019-09-24 11:59:38,384 DEBUG impl.RaftServerImpl (RaftServerImpl.java:requestVote(743)) - s0@group-3D81F66BC438: receive requestVote(s1, group-3D81F66BC438, 42, (t:14, i:11))
2019-09-24 11:59:38,384 INFO  impl.RaftServerImpl (RaftServerImpl.java:setRole(170)) - s0@group-3D81F66BC438: changes role from  FOLLOWER to FOLLOWER at term 42 for recognizeCandidate:s1
2019-09-24 11:59:38,384 INFO  impl.RoleInfo (RoleInfo.java:shutdownFollowerState(121)) - s0: shutdown FollowerState
2019-09-24 11:59:38,385 INFO  impl.RoleInfo (RoleInfo.java:updateAndGet(143)) - s0: start FollowerState
2019-09-24 11:59:38,385 INFO  impl.FollowerState (FollowerState.java:run(117)) - s0@group-3D81F66BC438-FollowerState was interrupted: java.lang.InterruptedException: sleep interrupted
2019-09-24 11:59:38,385 DEBUG impl.RaftServerImpl (RaftServerImpl.java:requestVote(775)) - s0@group-3D81F66BC438 replies to vote request: s1<-s0#0:FAIL-t42. Peer's state: s0@group-3D81F66BC438:t42, leader=null, voted=null, raftlog=s0@group-3D81F66BC438-SegmentedRaftLog:OPENED:c11,f12,i12, conf=11: [s0:0.0.0.0:42154, s1:0.0.0.0:36158, s2:0.0.0.0:36910], old=null
2019-09-24 11:59:38,505 INFO  impl.LeaderElection (LeaderElection.java:logAndReturn(56)) - s2@group-3D81F66BC438-LeaderElection66: Election TIMEOUT; received 1 response(s) [s2<-s0#0:FAIL-t42] and 0 exception(s); s2@group-3D81F66BC438:t42, leader=null, voted=s2, raftlog=s2@group-3D81F66BC438-SegmentedRaftLog:OPENED:c10,f10,i10, conf=9: [s0:0.0.0.0:42154, s1:0.0.0.0:36158, s2:0.0.0.0:36910], old=null
2019-09-24 11:59:38,528 INFO  impl.LeaderElection (LeaderElection.java:askForVotes(178)) - s2@group-3D81F66BC438-LeaderElection66: begin an election at term 43 for 9: [s0:0.0.0.0:42154, s1:0.0.0.0:36158, s2:0.0.0.0:36910], old=null
2019-09-24 11:59:38,529 DEBUG impl.RaftServerImpl (RaftServerImpl.java:requestVote(743)) - s0@group-3D81F66BC438: receive requestVote(s2, group-3D81F66BC438, 43, (t:13, i:10))
2019-09-24 11:59:38,529 INFO  impl.RaftServerImpl (RaftServerImpl.java:setRole(170)) - s0@group-3D81F66BC438: changes role from  FOLLOWER to FOLLOWER at term 43 for recognizeCandidate:s2
2019-09-24 11:59:38,529 INFO  impl.RoleInfo (RoleInfo.java:shutdownFollowerState(121)) - s0: shutdown FollowerState
2019-09-24 11:59:38,530 INFO  impl.RoleInfo (RoleInfo.java:updateAndGet(143)) - s0: start FollowerState
2019-09-24 11:59:38,530 INFO  impl.FollowerState (FollowerState.java:run(117)) - s0@group-3D81F66BC438-FollowerState was interrupted: java.lang.InterruptedException: sleep interrupted
2019-09-24 11:59:38,543 DEBUG impl.RaftServerImpl (RaftServerImpl.java:requestVote(775)) - s0@group-3D81F66BC438 replies to vote request: s2<-s0#0:FAIL-t43. Peer's state: s0@group-3D81F66BC438:t43, leader=null, voted=null, raftlog=s0@group-3D81F66BC438-SegmentedRaftLog:OPENED:c11,f12,i12, conf=11: [s0:0.0.0.0:42154, s1:0.0.0.0:36158, s2:0.0.0.0:36910], old=null
2019-09-24 11:59:38,608 INFO  impl.LeaderElection (LeaderElection.java:logAndReturn(56)) - s1@group-3D81F66BC438-LeaderElection65: Election TIMEOUT; received 1 response(s) [s1<-s0#0:FAIL-t42] and 0 exception(s); s1@group-3D81F66BC438:t42, leader=null, voted=s1, raftlog=s1@group-3D81F66BC438-SegmentedRaftLog:OPENED:c10,f11,i11, conf=11: [s0:0.0.0.0:42154, s1:0.0.0.0:36158, s2:0.0.0.0:36910], old=null
2019-09-24 11:59:38,634 INFO  impl.LeaderElection (LeaderElection.java:askForVotes(178)) - s1@group-3D81F66BC438-LeaderElection65: begin an election at term 43 for 11: [s0:0.0.0.0:42154, s1:0.0.0.0:36158, s2:0.0.0.0:36910], old=null
2019-09-24 11:59:38,635 DEBUG impl.RaftServerImpl (RaftServerImpl.java:requestVote(743)) - s0@group-3D81F66BC438: receive requestVote(s1, group-3D81F66BC438, 43, (t:14, i:11))
2019-09-24 11:59:38,635 INFO  impl.RaftServerImpl (RaftServerImpl.java:setRole(170)) - s0@group-3D81F66BC438: changes role from  FOLLOWER to FOLLOWER at term 43 for recognizeCandidate:s1
2019-09-24 11:59:38,635 INFO  impl.RoleInfo (RoleInfo.java:shutdownFollowerState(121)) - s0: shutdown FollowerState
2019-09-24 11:59:38,635 INFO  impl.RoleInfo (RoleInfo.java:updateAndGet(143)) - s0: start FollowerState
2019-09-24 11:59:38,635 INFO  impl.FollowerState (FollowerState.java:run(117)) - s0@group-3D81F66BC438-FollowerState was interrupted: java.lang.InterruptedException: sleep interrupted
2019-09-24 11:59:38,636 DEBUG impl.RaftServerImpl (RaftServerImpl.java:requestVote(775)) - s0@group-3D81F66BC438 replies to vote request: s1<-s0#0:FAIL-t43. Peer's state: s0@group-3D81F66BC438:t43, leader=null, voted=null, raftlog=s0@group-3D81F66BC438-SegmentedRaftLog:OPENED:c11,f12,i12, conf=11: [s0:0.0.0.0:42154, s1:0.0.0.0:36158, s2:0.0.0.0:36910], old=null
2019-09-24 11:59:38,679 WARN  ratis.RaftTestUtil (JavaUtils.java:attempt(158)) - FAILED "waitForLeader-null-(expectLeader? true)", attempt #16/100: java.lang.IllegalStateException: No leader yet : printing ALL groups
  s0:  RUNNING  FOLLOWER s0@group-3D81F66BC438:t43, leader=null, voted=null, raftlog=s0@group-3D81F66BC438-SegmentedRaftLog:OPENED:c11,f12,i12, conf=11: [s0:0.0.0.0:42154, s1:0.0.0.0:36158, s2:0.0.0.0:36910], old=null RUNNING
  s1:  RUNNING CANDIDATE s1@group-3D81F66BC438:t43, leader=null, voted=s1, raftlog=s1@group-3D81F66BC438-SegmentedRaftLog:OPENED:c10,f11,i11, conf=11: [s0:0.0.0.0:42154, s1:0.0.0.0:36158, s2:0.0.0.0:36910], old=null RUNNING
  s2:  RUNNING CANDIDATE s2@group-3D81F66BC438:t43, leader=null, voted=s2, raftlog=s2@group-3D81F66BC438-SegmentedRaftLog:OPENED:c10,f10,i10, conf=9: [s0:0.0.0.0:42154, s1:0.0.0.0:36158, s2:0.0.0.0:36910], old=null RUNNING, sleep 450ms and then retry.
java.lang.IllegalStateException: No leader yet : printing ALL groups
  s0:  RUNNING  FOLLOWER s0@group-3D81F66BC438:t43, leader=null, voted=null, raftlog=s0@group-3D81F66BC438-SegmentedRaftLog:OPENED:c11,f12,i12, conf=11: [s0:0.0.0.0:42154, s1:0.0.0.0:36158, s2:0.0.0.0:36910], old=null RUNNING
  s1:  RUNNING CANDIDATE s1@group-3D81F66BC438:t43, leader=null, voted=s1, raftlog=s1@group-3D81F66BC438-SegmentedRaftLog:OPENED:c10,f11,i11, conf=11: [s0:0.0.0.0:42154, s1:0.0.0.0:36158, s2:0.0.0.0:36910], old=null RUNNING
  s2:  RUNNING CANDIDATE s2@group-3D81F66BC438:t43, leader=null, voted=s2, raftlog=s2@group-3D81F66BC438-SegmentedRaftLog:OPENED:c10,f10,i10, conf=9: [s0:0.0.0.0:42154, s1:0.0.0.0:36158, s2:0.0.0.0:36910], old=null RUNNING
	at org.apache.ratis.MiniRaftCluster.newIllegalStateExceptionForNoLeaders(MiniRaftCluster.java:506)
	at org.apache.ratis.RaftTestUtil.lambda$waitForLeader$1(RaftTestUtil.java:90)
	at org.apache.ratis.MiniRaftCluster.getLeader(MiniRaftCluster.java:539)
	at org.apache.ratis.MiniRaftCluster.getLeader(MiniRaftCluster.java:532)
	at org.apache.ratis.RaftTestUtil.lambda$waitForLeader$3(RaftTestUtil.java:98)
	at org.apache.ratis.util.JavaUtils.attempt(JavaUtils.java:152)
	at org.apache.ratis.RaftTestUtil.waitForLeader(RaftTestUtil.java:97)
	at org.apache.ratis.RaftTestUtil.waitForLeader(RaftTestUtil.java:77)
	at org.apache.ratis.RaftTestUtil.waitForLeader(RaftTestUtil.java:72)
	at org.apache.ratis.RaftTestUtil.lambda$changeLeader$7(RaftTestUtil.java:363)
	at org.apache.ratis.util.JavaUtils.attempt(JavaUtils.java:152)
	at org.apache.ratis.RaftTestUtil.changeLeader(RaftTestUtil.java:362)
	at org.apache.ratis.server.impl.LeaderElectionTests.testChangeLeader(LeaderElectionTests.java:81)
	at sun.reflect.NativeMethodAccessorImpl.invoke0(Native Method)
	at sun.reflect.NativeMethodAccessorImpl.invoke(NativeMethodAccessorImpl.java:62)
	at sun.reflect.DelegatingMethodAccessorImpl.invoke(DelegatingMethodAccessorImpl.java:43)
	at java.lang.reflect.Method.invoke(Method.java:498)
	at org.junit.runners.model.FrameworkMethod$1.runReflectiveCall(FrameworkMethod.java:50)
	at org.junit.internal.runners.model.ReflectiveCallable.run(ReflectiveCallable.java:12)
	at org.junit.runners.model.FrameworkMethod.invokeExplosively(FrameworkMethod.java:47)
	at org.junit.internal.runners.statements.InvokeMethod.evaluate(InvokeMethod.java:17)
	at org.junit.internal.runners.statements.RunAfters.evaluate(RunAfters.java:27)
	at org.junit.internal.runners.statements.FailOnTimeout$CallableStatement.call(FailOnTimeout.java:298)
	at org.junit.internal.runners.statements.FailOnTimeout$CallableStatement.call(FailOnTimeout.java:292)
	at java.util.concurrent.FutureTask.run(FutureTask.java:266)
	at java.lang.Thread.run(Thread.java:748)
2019-09-24 11:59:38,726 INFO  impl.LeaderElection (LeaderElection.java:logAndReturn(56)) - s2@group-3D81F66BC438-LeaderElection66: Election TIMEOUT; received 1 response(s) [s2<-s0#0:FAIL-t43] and 0 exception(s); s2@group-3D81F66BC438:t43, leader=null, voted=s2, raftlog=s2@group-3D81F66BC438-SegmentedRaftLog:OPENED:c10,f10,i10, conf=9: [s0:0.0.0.0:42154, s1:0.0.0.0:36158, s2:0.0.0.0:36910], old=null
2019-09-24 11:59:38,740 INFO  impl.LeaderElection (LeaderElection.java:askForVotes(178)) - s2@group-3D81F66BC438-LeaderElection66: begin an election at term 44 for 9: [s0:0.0.0.0:42154, s1:0.0.0.0:36158, s2:0.0.0.0:36910], old=null
2019-09-24 11:59:38,741 DEBUG impl.RaftServerImpl (RaftServerImpl.java:requestVote(743)) - s0@group-3D81F66BC438: receive requestVote(s2, group-3D81F66BC438, 44, (t:13, i:10))
2019-09-24 11:59:38,741 INFO  impl.RaftServerImpl (RaftServerImpl.java:setRole(170)) - s0@group-3D81F66BC438: changes role from  FOLLOWER to FOLLOWER at term 44 for recognizeCandidate:s2
2019-09-24 11:59:38,741 INFO  impl.RoleInfo (RoleInfo.java:shutdownFollowerState(121)) - s0: shutdown FollowerState
2019-09-24 11:59:38,741 INFO  impl.RoleInfo (RoleInfo.java:updateAndGet(143)) - s0: start FollowerState
2019-09-24 11:59:38,741 INFO  impl.FollowerState (FollowerState.java:run(117)) - s0@group-3D81F66BC438-FollowerState was interrupted: java.lang.InterruptedException: sleep interrupted
2019-09-24 11:59:38,755 DEBUG impl.RaftServerImpl (RaftServerImpl.java:requestVote(775)) - s0@group-3D81F66BC438 replies to vote request: s2<-s0#0:FAIL-t44. Peer's state: s0@group-3D81F66BC438:t44, leader=null, voted=null, raftlog=s0@group-3D81F66BC438-SegmentedRaftLog:OPENED:c11,f12,i12, conf=11: [s0:0.0.0.0:42154, s1:0.0.0.0:36158, s2:0.0.0.0:36910], old=null
2019-09-24 11:59:38,813 INFO  impl.LeaderElection (LeaderElection.java:logAndReturn(56)) - s1@group-3D81F66BC438-LeaderElection65: Election TIMEOUT; received 1 response(s) [s1<-s0#0:FAIL-t43] and 0 exception(s); s1@group-3D81F66BC438:t43, leader=null, voted=s1, raftlog=s1@group-3D81F66BC438-SegmentedRaftLog:OPENED:c10,f11,i11, conf=11: [s0:0.0.0.0:42154, s1:0.0.0.0:36158, s2:0.0.0.0:36910], old=null
2019-09-24 11:59:38,828 INFO  impl.LeaderElection (LeaderElection.java:askForVotes(178)) - s1@group-3D81F66BC438-LeaderElection65: begin an election at term 44 for 11: [s0:0.0.0.0:42154, s1:0.0.0.0:36158, s2:0.0.0.0:36910], old=null
2019-09-24 11:59:38,829 DEBUG impl.RaftServerImpl (RaftServerImpl.java:requestVote(743)) - s0@group-3D81F66BC438: receive requestVote(s1, group-3D81F66BC438, 44, (t:14, i:11))
2019-09-24 11:59:38,829 INFO  impl.RaftServerImpl (RaftServerImpl.java:setRole(170)) - s0@group-3D81F66BC438: changes role from  FOLLOWER to FOLLOWER at term 44 for recognizeCandidate:s1
2019-09-24 11:59:38,829 INFO  impl.RoleInfo (RoleInfo.java:shutdownFollowerState(121)) - s0: shutdown FollowerState
2019-09-24 11:59:38,829 INFO  impl.RoleInfo (RoleInfo.java:updateAndGet(143)) - s0: start FollowerState
2019-09-24 11:59:38,829 INFO  impl.FollowerState (FollowerState.java:run(117)) - s0@group-3D81F66BC438-FollowerState was interrupted: java.lang.InterruptedException: sleep interrupted
2019-09-24 11:59:38,830 DEBUG impl.RaftServerImpl (RaftServerImpl.java:requestVote(775)) - s0@group-3D81F66BC438 replies to vote request: s1<-s0#0:FAIL-t44. Peer's state: s0@group-3D81F66BC438:t44, leader=null, voted=null, raftlog=s0@group-3D81F66BC438-SegmentedRaftLog:OPENED:c11,f12,i12, conf=11: [s0:0.0.0.0:42154, s1:0.0.0.0:36158, s2:0.0.0.0:36910], old=null
2019-09-24 11:59:38,989 INFO  impl.LeaderElection (LeaderElection.java:logAndReturn(56)) - s2@group-3D81F66BC438-LeaderElection66: Election TIMEOUT; received 1 response(s) [s2<-s0#0:FAIL-t44] and 0 exception(s); s2@group-3D81F66BC438:t44, leader=null, voted=s2, raftlog=s2@group-3D81F66BC438-SegmentedRaftLog:OPENED:c10,f10,i10, conf=9: [s0:0.0.0.0:42154, s1:0.0.0.0:36158, s2:0.0.0.0:36910], old=null
2019-09-24 11:59:39,010 INFO  impl.FollowerState (FollowerState.java:run(108)) - s0@group-3D81F66BC438-FollowerState: change to CANDIDATE, lastRpcTime:180ms, electionTimeout:180ms
2019-09-24 11:59:39,010 INFO  impl.LeaderElection (LeaderElection.java:askForVotes(178)) - s2@group-3D81F66BC438-LeaderElection66: begin an election at term 45 for 9: [s0:0.0.0.0:42154, s1:0.0.0.0:36158, s2:0.0.0.0:36910], old=null
2019-09-24 11:59:39,010 INFO  impl.RoleInfo (RoleInfo.java:shutdownFollowerState(121)) - s0: shutdown FollowerState
2019-09-24 11:59:39,011 INFO  impl.RaftServerImpl (RaftServerImpl.java:setRole(170)) - s0@group-3D81F66BC438: changes role from  FOLLOWER to CANDIDATE at term 44 for changeToCandidate
2019-09-24 11:59:39,011 INFO  impl.RoleInfo (RoleInfo.java:updateAndGet(143)) - s0: start LeaderElection
2019-09-24 11:59:39,011 DEBUG impl.RaftServerImpl (RaftServerImpl.java:requestVote(743)) - s0@group-3D81F66BC438: receive requestVote(s2, group-3D81F66BC438, 45, (t:13, i:10))
2019-09-24 11:59:39,011 INFO  impl.RaftServerImpl (RaftServerImpl.java:setRole(170)) - s0@group-3D81F66BC438: changes role from CANDIDATE to FOLLOWER at term 45 for recognizeCandidate:s2
2019-09-24 11:59:39,012 INFO  impl.RoleInfo (RoleInfo.java:shutdownLeaderElection(134)) - s0: shutdown LeaderElection
2019-09-24 11:59:39,012 INFO  impl.RoleInfo (RoleInfo.java:updateAndGet(143)) - s0: start FollowerState
2019-09-24 11:59:39,027 DEBUG impl.RaftServerImpl (RaftServerImpl.java:requestVote(775)) - s0@group-3D81F66BC438 replies to vote request: s2<-s0#0:FAIL-t45. Peer's state: s0@group-3D81F66BC438:t45, leader=null, voted=null, raftlog=s0@group-3D81F66BC438-SegmentedRaftLog:OPENED:c11,f12,i12, conf=11: [s0:0.0.0.0:42154, s1:0.0.0.0:36158, s2:0.0.0.0:36910], old=null
2019-09-24 11:59:39,040 INFO  impl.LeaderElection (LeaderElection.java:askForVotes(178)) - s0@group-3D81F66BC438-LeaderElection68: begin an election at term 46 for 11: [s0:0.0.0.0:42154, s1:0.0.0.0:36158, s2:0.0.0.0:36910], old=null
2019-09-24 11:59:39,041 INFO  impl.LeaderElection (LeaderElection.java:logAndReturn(56)) - s0@group-3D81F66BC438-LeaderElection68: Election REJECTED; received 0 response(s) [] and 0 exception(s); s0@group-3D81F66BC438:t46, leader=null, voted=s0, raftlog=s0@group-3D81F66BC438-SegmentedRaftLog:OPENED:c11,f12,i12, conf=11: [s0:0.0.0.0:42154, s1:0.0.0.0:36158, s2:0.0.0.0:36910], old=null
2019-09-24 11:59:39,119 INFO  impl.LeaderElection (LeaderElection.java:logAndReturn(56)) - s1@group-3D81F66BC438-LeaderElection65: Election TIMEOUT; received 1 response(s) [s1<-s0#0:FAIL-t44] and 0 exception(s); s1@group-3D81F66BC438:t44, leader=null, voted=s1, raftlog=s1@group-3D81F66BC438-SegmentedRaftLog:OPENED:c10,f11,i11, conf=11: [s0:0.0.0.0:42154, s1:0.0.0.0:36158, s2:0.0.0.0:36910], old=null
2019-09-24 11:59:39,130 WARN  ratis.RaftTestUtil (JavaUtils.java:attempt(158)) - FAILED "waitForLeader-null-(expectLeader? true)", attempt #17/100: java.lang.IllegalStateException: No leader yet : printing ALL groups
  s0:  RUNNING  FOLLOWER s0@group-3D81F66BC438:t46, leader=null, voted=s0, raftlog=s0@group-3D81F66BC438-SegmentedRaftLog:OPENED:c11,f12,i12, conf=11: [s0:0.0.0.0:42154, s1:0.0.0.0:36158, s2:0.0.0.0:36910], old=null RUNNING
  s1:  RUNNING CANDIDATE s1@group-3D81F66BC438:t45, leader=null, voted=s1, raftlog=s1@group-3D81F66BC438-SegmentedRaftLog:OPENED:c10,f11,i11, conf=11: [s0:0.0.0.0:42154, s1:0.0.0.0:36158, s2:0.0.0.0:36910], old=null RUNNING
  s2:  RUNNING CANDIDATE s2@group-3D81F66BC438:t45, leader=null, voted=s2, raftlog=s2@group-3D81F66BC438-SegmentedRaftLog:OPENED:c10,f10,i10, conf=9: [s0:0.0.0.0:42154, s1:0.0.0.0:36158, s2:0.0.0.0:36910], old=null RUNNING, sleep 450ms and then retry.
java.lang.IllegalStateException: No leader yet : printing ALL groups
  s0:  RUNNING  FOLLOWER s0@group-3D81F66BC438:t46, leader=null, voted=s0, raftlog=s0@group-3D81F66BC438-SegmentedRaftLog:OPENED:c11,f12,i12, conf=11: [s0:0.0.0.0:42154, s1:0.0.0.0:36158, s2:0.0.0.0:36910], old=null RUNNING
  s1:  RUNNING CANDIDATE s1@group-3D81F66BC438:t45, leader=null, voted=s1, raftlog=s1@group-3D81F66BC438-SegmentedRaftLog:OPENED:c10,f11,i11, conf=11: [s0:0.0.0.0:42154, s1:0.0.0.0:36158, s2:0.0.0.0:36910], old=null RUNNING
  s2:  RUNNING CANDIDATE s2@group-3D81F66BC438:t45, leader=null, voted=s2, raftlog=s2@group-3D81F66BC438-SegmentedRaftLog:OPENED:c10,f10,i10, conf=9: [s0:0.0.0.0:42154, s1:0.0.0.0:36158, s2:0.0.0.0:36910], old=null RUNNING
	at org.apache.ratis.MiniRaftCluster.newIllegalStateExceptionForNoLeaders(MiniRaftCluster.java:506)
	at org.apache.ratis.RaftTestUtil.lambda$waitForLeader$1(RaftTestUtil.java:90)
	at org.apache.ratis.MiniRaftCluster.getLeader(MiniRaftCluster.java:539)
	at org.apache.ratis.MiniRaftCluster.getLeader(MiniRaftCluster.java:532)
	at org.apache.ratis.RaftTestUtil.lambda$waitForLeader$3(RaftTestUtil.java:98)
	at org.apache.ratis.util.JavaUtils.attempt(JavaUtils.java:152)
	at org.apache.ratis.RaftTestUtil.waitForLeader(RaftTestUtil.java:97)
	at org.apache.ratis.RaftTestUtil.waitForLeader(RaftTestUtil.java:77)
	at org.apache.ratis.RaftTestUtil.waitForLeader(RaftTestUtil.java:72)
	at org.apache.ratis.RaftTestUtil.lambda$changeLeader$7(RaftTestUtil.java:363)
	at org.apache.ratis.util.JavaUtils.attempt(JavaUtils.java:152)
	at org.apache.ratis.RaftTestUtil.changeLeader(RaftTestUtil.java:362)
	at org.apache.ratis.server.impl.LeaderElectionTests.testChangeLeader(LeaderElectionTests.java:81)
	at sun.reflect.NativeMethodAccessorImpl.invoke0(Native Method)
	at sun.reflect.NativeMethodAccessorImpl.invoke(NativeMethodAccessorImpl.java:62)
	at sun.reflect.DelegatingMethodAccessorImpl.invoke(DelegatingMethodAccessorImpl.java:43)
	at java.lang.reflect.Method.invoke(Method.java:498)
	at org.junit.runners.model.FrameworkMethod$1.runReflectiveCall(FrameworkMethod.java:50)
	at org.junit.internal.runners.model.ReflectiveCallable.run(ReflectiveCallable.java:12)
	at org.junit.runners.model.FrameworkMethod.invokeExplosively(FrameworkMethod.java:47)
	at org.junit.internal.runners.statements.InvokeMethod.evaluate(InvokeMethod.java:17)
	at org.junit.internal.runners.statements.RunAfters.evaluate(RunAfters.java:27)
	at org.junit.internal.runners.statements.FailOnTimeout$CallableStatement.call(FailOnTimeout.java:298)
	at org.junit.internal.runners.statements.FailOnTimeout$CallableStatement.call(FailOnTimeout.java:292)
	at java.util.concurrent.FutureTask.run(FutureTask.java:266)
	at java.lang.Thread.run(Thread.java:748)
2019-09-24 11:59:39,132 INFO  impl.LeaderElection (LeaderElection.java:askForVotes(178)) - s1@group-3D81F66BC438-LeaderElection65: begin an election at term 45 for 11: [s0:0.0.0.0:42154, s1:0.0.0.0:36158, s2:0.0.0.0:36910], old=null
2019-09-24 11:59:39,133 DEBUG impl.RaftServerImpl (RaftServerImpl.java:requestVote(743)) - s0@group-3D81F66BC438: receive requestVote(s1, group-3D81F66BC438, 45, (t:14, i:11))
2019-09-24 11:59:39,133 DEBUG impl.RaftServerImpl (RaftServerImpl.java:requestVote(775)) - s0@group-3D81F66BC438 replies to vote request: s1<-s0#0:FAIL-t46. Peer's state: s0@group-3D81F66BC438:t46, leader=null, voted=s0, raftlog=s0@group-3D81F66BC438-SegmentedRaftLog:OPENED:c11,f12,i12, conf=11: [s0:0.0.0.0:42154, s1:0.0.0.0:36158, s2:0.0.0.0:36910], old=null
2019-09-24 11:59:39,134 INFO  impl.LeaderElection (LeaderElection.java:logAndReturn(56)) - s1@group-3D81F66BC438-LeaderElection65: Election DISCOVERED_A_NEW_TERM; received 1 response(s) [s1<-s0#0:FAIL-t46] and 0 exception(s); s1@group-3D81F66BC438:t45, leader=null, voted=s1, raftlog=s1@group-3D81F66BC438-SegmentedRaftLog:OPENED:c10,f11,i11, conf=11: [s0:0.0.0.0:42154, s1:0.0.0.0:36158, s2:0.0.0.0:36910], old=null
2019-09-24 11:59:39,134 INFO  impl.RaftServerImpl (RaftServerImpl.java:setRole(170)) - s1@group-3D81F66BC438: changes role from CANDIDATE to FOLLOWER at term 46 for DISCOVERED_A_NEW_TERM
2019-09-24 11:59:39,134 INFO  impl.RoleInfo (RoleInfo.java:shutdownLeaderElection(134)) - s1: shutdown LeaderElection
2019-09-24 11:59:39,134 INFO  impl.RoleInfo (RoleInfo.java:updateAndGet(143)) - s1: start FollowerState
2019-09-24 11:59:39,179 INFO  impl.LeaderElection (LeaderElection.java:logAndReturn(56)) - s2@group-3D81F66BC438-LeaderElection66: Election TIMEOUT; received 1 response(s) [s2<-s0#0:FAIL-t45] and 0 exception(s); s2@group-3D81F66BC438:t45, leader=null, voted=s2, raftlog=s2@group-3D81F66BC438-SegmentedRaftLog:OPENED:c10,f10,i10, conf=9: [s0:0.0.0.0:42154, s1:0.0.0.0:36158, s2:0.0.0.0:36910], old=null
2019-09-24 11:59:39,192 INFO  impl.LeaderElection (LeaderElection.java:askForVotes(178)) - s2@group-3D81F66BC438-LeaderElection66: begin an election at term 46 for 9: [s0:0.0.0.0:42154, s1:0.0.0.0:36158, s2:0.0.0.0:36910], old=null
2019-09-24 11:59:39,193 DEBUG impl.RaftServerImpl (RaftServerImpl.java:requestVote(743)) - s0@group-3D81F66BC438: receive requestVote(s2, group-3D81F66BC438, 46, (t:13, i:10))
2019-09-24 11:59:39,193 DEBUG impl.RaftServerImpl (RaftServerImpl.java:requestVote(775)) - s0@group-3D81F66BC438 replies to vote request: s2<-s0#0:FAIL-t46. Peer's state: s0@group-3D81F66BC438:t46, leader=null, voted=s0, raftlog=s0@group-3D81F66BC438-SegmentedRaftLog:OPENED:c11,f12,i12, conf=11: [s0:0.0.0.0:42154, s1:0.0.0.0:36158, s2:0.0.0.0:36910], old=null
2019-09-24 11:59:39,313 INFO  impl.FollowerState (FollowerState.java:run(108)) - s0@group-3D81F66BC438-FollowerState: change to CANDIDATE, lastRpcTime:300ms, electionTimeout:300ms
2019-09-24 11:59:39,313 INFO  impl.RoleInfo (RoleInfo.java:shutdownFollowerState(121)) - s0: shutdown FollowerState
2019-09-24 11:59:39,313 INFO  impl.RaftServerImpl (RaftServerImpl.java:setRole(170)) - s0@group-3D81F66BC438: changes role from  FOLLOWER to CANDIDATE at term 46 for changeToCandidate
2019-09-24 11:59:39,313 INFO  impl.RoleInfo (RoleInfo.java:updateAndGet(143)) - s0: start LeaderElection
2019-09-24 11:59:39,327 INFO  impl.LeaderElection (LeaderElection.java:askForVotes(178)) - s0@group-3D81F66BC438-LeaderElection69: begin an election at term 47 for 11: [s0:0.0.0.0:42154, s1:0.0.0.0:36158, s2:0.0.0.0:36910], old=null
2019-09-24 11:59:39,363 INFO  impl.FollowerState (FollowerState.java:run(108)) - s1@group-3D81F66BC438-FollowerState: change to CANDIDATE, lastRpcTime:228ms, electionTimeout:228ms
2019-09-24 11:59:39,363 INFO  impl.RoleInfo (RoleInfo.java:shutdownFollowerState(121)) - s1: shutdown FollowerState
2019-09-24 11:59:39,363 INFO  impl.RaftServerImpl (RaftServerImpl.java:setRole(170)) - s1@group-3D81F66BC438: changes role from  FOLLOWER to CANDIDATE at term 46 for changeToCandidate
2019-09-24 11:59:39,363 INFO  impl.RoleInfo (RoleInfo.java:updateAndGet(143)) - s1: start LeaderElection
2019-09-24 11:59:39,386 INFO  impl.LeaderElection (LeaderElection.java:askForVotes(178)) - s1@group-3D81F66BC438-LeaderElection70: begin an election at term 47 for 11: [s0:0.0.0.0:42154, s1:0.0.0.0:36158, s2:0.0.0.0:36910], old=null
2019-09-24 11:59:39,387 DEBUG impl.RaftServerImpl (RaftServerImpl.java:requestVote(743)) - s0@group-3D81F66BC438: receive requestVote(s1, group-3D81F66BC438, 47, (t:14, i:11))
2019-09-24 11:59:39,388 DEBUG impl.RaftServerImpl (RaftServerImpl.java:requestVote(775)) - s0@group-3D81F66BC438 replies to vote request: s1<-s0#0:FAIL-t47. Peer's state: s0@group-3D81F66BC438:t47, leader=null, voted=s0, raftlog=s0@group-3D81F66BC438-SegmentedRaftLog:OPENED:c11,f12,i12, conf=11: [s0:0.0.0.0:42154, s1:0.0.0.0:36158, s2:0.0.0.0:36910], old=null
2019-09-24 11:59:39,412 INFO  impl.LeaderElection (LeaderElection.java:logAndReturn(56)) - s2@group-3D81F66BC438-LeaderElection66: Election TIMEOUT; received 1 response(s) [s2<-s0#0:FAIL-t46] and 0 exception(s); s2@group-3D81F66BC438:t46, leader=null, voted=s2, raftlog=s2@group-3D81F66BC438-SegmentedRaftLog:OPENED:c10,f10,i10, conf=9: [s0:0.0.0.0:42154, s1:0.0.0.0:36158, s2:0.0.0.0:36910], old=null
2019-09-24 11:59:39,426 INFO  impl.LeaderElection (LeaderElection.java:askForVotes(178)) - s2@group-3D81F66BC438-LeaderElection66: begin an election at term 47 for 9: [s0:0.0.0.0:42154, s1:0.0.0.0:36158, s2:0.0.0.0:36910], old=null
2019-09-24 11:59:39,426 DEBUG impl.RaftServerImpl (RaftServerImpl.java:requestVote(743)) - s0@group-3D81F66BC438: receive requestVote(s2, group-3D81F66BC438, 47, (t:13, i:10))
2019-09-24 11:59:39,427 DEBUG impl.RaftServerImpl (RaftServerImpl.java:requestVote(775)) - s0@group-3D81F66BC438 replies to vote request: s2<-s0#0:FAIL-t47. Peer's state: s0@group-3D81F66BC438:t47, leader=null, voted=s0, raftlog=s0@group-3D81F66BC438-SegmentedRaftLog:OPENED:c11,f12,i12, conf=11: [s0:0.0.0.0:42154, s1:0.0.0.0:36158, s2:0.0.0.0:36910], old=null
2019-09-24 11:59:39,480 INFO  impl.LeaderElection (LeaderElection.java:logAndReturn(56)) - s0@group-3D81F66BC438-LeaderElection69: Election TIMEOUT; received 0 response(s) [] and 0 exception(s); s0@group-3D81F66BC438:t47, leader=null, voted=s0, raftlog=s0@group-3D81F66BC438-SegmentedRaftLog:OPENED:c11,f12,i12, conf=11: [s0:0.0.0.0:42154, s1:0.0.0.0:36158, s2:0.0.0.0:36910], old=null
2019-09-24 11:59:39,493 INFO  impl.LeaderElection (LeaderElection.java:askForVotes(178)) - s0@group-3D81F66BC438-LeaderElection69: begin an election at term 48 for 11: [s0:0.0.0.0:42154, s1:0.0.0.0:36158, s2:0.0.0.0:36910], old=null
2019-09-24 11:59:39,581 WARN  ratis.RaftTestUtil (JavaUtils.java:attempt(158)) - FAILED "waitForLeader-null-(expectLeader? true)", attempt #18/100: java.lang.IllegalStateException: No leader yet : printing ALL groups
  s0:  RUNNING CANDIDATE s0@group-3D81F66BC438:t48, leader=null, voted=s0, raftlog=s0@group-3D81F66BC438-SegmentedRaftLog:OPENED:c11,f12,i12, conf=11: [s0:0.0.0.0:42154, s1:0.0.0.0:36158, s2:0.0.0.0:36910], old=null RUNNING
  s1:  RUNNING CANDIDATE s1@group-3D81F66BC438:t47, leader=null, voted=s1, raftlog=s1@group-3D81F66BC438-SegmentedRaftLog:OPENED:c10,f11,i11, conf=11: [s0:0.0.0.0:42154, s1:0.0.0.0:36158, s2:0.0.0.0:36910], old=null RUNNING
  s2:  RUNNING CANDIDATE s2@group-3D81F66BC438:t47, leader=null, voted=s2, raftlog=s2@group-3D81F66BC438-SegmentedRaftLog:OPENED:c10,f10,i10, conf=9: [s0:0.0.0.0:42154, s1:0.0.0.0:36158, s2:0.0.0.0:36910], old=null RUNNING, sleep 450ms and then retry.
java.lang.IllegalStateException: No leader yet : printing ALL groups
  s0:  RUNNING CANDIDATE s0@group-3D81F66BC438:t48, leader=null, voted=s0, raftlog=s0@group-3D81F66BC438-SegmentedRaftLog:OPENED:c11,f12,i12, conf=11: [s0:0.0.0.0:42154, s1:0.0.0.0:36158, s2:0.0.0.0:36910], old=null RUNNING
  s1:  RUNNING CANDIDATE s1@group-3D81F66BC438:t47, leader=null, voted=s1, raftlog=s1@group-3D81F66BC438-SegmentedRaftLog:OPENED:c10,f11,i11, conf=11: [s0:0.0.0.0:42154, s1:0.0.0.0:36158, s2:0.0.0.0:36910], old=null RUNNING
  s2:  RUNNING CANDIDATE s2@group-3D81F66BC438:t47, leader=null, voted=s2, raftlog=s2@group-3D81F66BC438-SegmentedRaftLog:OPENED:c10,f10,i10, conf=9: [s0:0.0.0.0:42154, s1:0.0.0.0:36158, s2:0.0.0.0:36910], old=null RUNNING
	at org.apache.ratis.MiniRaftCluster.newIllegalStateExceptionForNoLeaders(MiniRaftCluster.java:506)
	at org.apache.ratis.RaftTestUtil.lambda$waitForLeader$1(RaftTestUtil.java:90)
	at org.apache.ratis.MiniRaftCluster.getLeader(MiniRaftCluster.java:539)
	at org.apache.ratis.MiniRaftCluster.getLeader(MiniRaftCluster.java:532)
	at org.apache.ratis.RaftTestUtil.lambda$waitForLeader$3(RaftTestUtil.java:98)
	at org.apache.ratis.util.JavaUtils.attempt(JavaUtils.java:152)
	at org.apache.ratis.RaftTestUtil.waitForLeader(RaftTestUtil.java:97)
	at org.apache.ratis.RaftTestUtil.waitForLeader(RaftTestUtil.java:77)
	at org.apache.ratis.RaftTestUtil.waitForLeader(RaftTestUtil.java:72)
	at org.apache.ratis.RaftTestUtil.lambda$changeLeader$7(RaftTestUtil.java:363)
	at org.apache.ratis.util.JavaUtils.attempt(JavaUtils.java:152)
	at org.apache.ratis.RaftTestUtil.changeLeader(RaftTestUtil.java:362)
	at org.apache.ratis.server.impl.LeaderElectionTests.testChangeLeader(LeaderElectionTests.java:81)
	at sun.reflect.NativeMethodAccessorImpl.invoke0(Native Method)
	at sun.reflect.NativeMethodAccessorImpl.invoke(NativeMethodAccessorImpl.java:62)
	at sun.reflect.DelegatingMethodAccessorImpl.invoke(DelegatingMethodAccessorImpl.java:43)
	at java.lang.reflect.Method.invoke(Method.java:498)
	at org.junit.runners.model.FrameworkMethod$1.runReflectiveCall(FrameworkMethod.java:50)
	at org.junit.internal.runners.model.ReflectiveCallable.run(ReflectiveCallable.java:12)
	at org.junit.runners.model.FrameworkMethod.invokeExplosively(FrameworkMethod.java:47)
	at org.junit.internal.runners.statements.InvokeMethod.evaluate(InvokeMethod.java:17)
	at org.junit.internal.runners.statements.RunAfters.evaluate(RunAfters.java:27)
	at org.junit.internal.runners.statements.FailOnTimeout$CallableStatement.call(FailOnTimeout.java:298)
	at org.junit.internal.runners.statements.FailOnTimeout$CallableStatement.call(FailOnTimeout.java:292)
	at java.util.concurrent.FutureTask.run(FutureTask.java:266)
	at java.lang.Thread.run(Thread.java:748)
2019-09-24 11:59:39,584 INFO  impl.LeaderElection (LeaderElection.java:logAndReturn(56)) - s1@group-3D81F66BC438-LeaderElection70: Election TIMEOUT; received 1 response(s) [s1<-s0#0:FAIL-t47] and 0 exception(s); s1@group-3D81F66BC438:t47, leader=null, voted=s1, raftlog=s1@group-3D81F66BC438-SegmentedRaftLog:OPENED:c10,f11,i11, conf=11: [s0:0.0.0.0:42154, s1:0.0.0.0:36158, s2:0.0.0.0:36910], old=null
2019-09-24 11:59:39,598 INFO  impl.LeaderElection (LeaderElection.java:askForVotes(178)) - s1@group-3D81F66BC438-LeaderElection70: begin an election at term 48 for 11: [s0:0.0.0.0:42154, s1:0.0.0.0:36158, s2:0.0.0.0:36910], old=null
2019-09-24 11:59:39,598 DEBUG impl.RaftServerImpl (RaftServerImpl.java:requestVote(743)) - s0@group-3D81F66BC438: receive requestVote(s1, group-3D81F66BC438, 48, (t:14, i:11))
2019-09-24 11:59:39,599 DEBUG impl.RaftServerImpl (RaftServerImpl.java:requestVote(775)) - s0@group-3D81F66BC438 replies to vote request: s1<-s0#0:FAIL-t48. Peer's state: s0@group-3D81F66BC438:t48, leader=null, voted=s0, raftlog=s0@group-3D81F66BC438-SegmentedRaftLog:OPENED:c11,f12,i12, conf=11: [s0:0.0.0.0:42154, s1:0.0.0.0:36158, s2:0.0.0.0:36910], old=null
2019-09-24 11:59:39,630 INFO  impl.LeaderElection (LeaderElection.java:logAndReturn(56)) - s2@group-3D81F66BC438-LeaderElection66: Election TIMEOUT; received 1 response(s) [s2<-s0#0:FAIL-t47] and 0 exception(s); s2@group-3D81F66BC438:t47, leader=null, voted=s2, raftlog=s2@group-3D81F66BC438-SegmentedRaftLog:OPENED:c10,f10,i10, conf=9: [s0:0.0.0.0:42154, s1:0.0.0.0:36158, s2:0.0.0.0:36910], old=null
2019-09-24 11:59:39,644 INFO  impl.LeaderElection (LeaderElection.java:askForVotes(178)) - s2@group-3D81F66BC438-LeaderElection66: begin an election at term 48 for 9: [s0:0.0.0.0:42154, s1:0.0.0.0:36158, s2:0.0.0.0:36910], old=null
2019-09-24 11:59:39,644 DEBUG impl.RaftServerImpl (RaftServerImpl.java:requestVote(743)) - s0@group-3D81F66BC438: receive requestVote(s2, group-3D81F66BC438, 48, (t:13, i:10))
2019-09-24 11:59:39,645 DEBUG impl.RaftServerImpl (RaftServerImpl.java:requestVote(775)) - s0@group-3D81F66BC438 replies to vote request: s2<-s0#0:FAIL-t48. Peer's state: s0@group-3D81F66BC438:t48, leader=null, voted=s0, raftlog=s0@group-3D81F66BC438-SegmentedRaftLog:OPENED:c11,f12,i12, conf=11: [s0:0.0.0.0:42154, s1:0.0.0.0:36158, s2:0.0.0.0:36910], old=null
2019-09-24 11:59:39,646 INFO  impl.LeaderElection (LeaderElection.java:logAndReturn(56)) - s0@group-3D81F66BC438-LeaderElection69: Election TIMEOUT; received 0 response(s) [] and 0 exception(s); s0@group-3D81F66BC438:t48, leader=null, voted=s0, raftlog=s0@group-3D81F66BC438-SegmentedRaftLog:OPENED:c11,f12,i12, conf=11: [s0:0.0.0.0:42154, s1:0.0.0.0:36158, s2:0.0.0.0:36910], old=null
2019-09-24 11:59:39,659 INFO  impl.LeaderElection (LeaderElection.java:askForVotes(178)) - s0@group-3D81F66BC438-LeaderElection69: begin an election at term 49 for 11: [s0:0.0.0.0:42154, s1:0.0.0.0:36158, s2:0.0.0.0:36910], old=null
2019-09-24 11:59:39,856 INFO  impl.LeaderElection (LeaderElection.java:logAndReturn(56)) - s2@group-3D81F66BC438-LeaderElection66: Election TIMEOUT; received 1 response(s) [s2<-s0#0:FAIL-t48] and 0 exception(s); s2@group-3D81F66BC438:t48, leader=null, voted=s2, raftlog=s2@group-3D81F66BC438-SegmentedRaftLog:OPENED:c10,f10,i10, conf=9: [s0:0.0.0.0:42154, s1:0.0.0.0:36158, s2:0.0.0.0:36910], old=null
2019-09-24 11:59:39,881 INFO  impl.LeaderElection (LeaderElection.java:askForVotes(178)) - s2@group-3D81F66BC438-LeaderElection66: begin an election at term 49 for 9: [s0:0.0.0.0:42154, s1:0.0.0.0:36158, s2:0.0.0.0:36910], old=null
2019-09-24 11:59:39,882 DEBUG impl.RaftServerImpl (RaftServerImpl.java:requestVote(743)) - s0@group-3D81F66BC438: receive requestVote(s2, group-3D81F66BC438, 49, (t:13, i:10))
2019-09-24 11:59:39,882 DEBUG impl.RaftServerImpl (RaftServerImpl.java:requestVote(775)) - s0@group-3D81F66BC438 replies to vote request: s2<-s0#0:FAIL-t49. Peer's state: s0@group-3D81F66BC438:t49, leader=null, voted=s0, raftlog=s0@group-3D81F66BC438-SegmentedRaftLog:OPENED:c11,f12,i12, conf=11: [s0:0.0.0.0:42154, s1:0.0.0.0:36158, s2:0.0.0.0:36910], old=null
2019-09-24 11:59:39,886 INFO  impl.LeaderElection (LeaderElection.java:logAndReturn(56)) - s0@group-3D81F66BC438-LeaderElection69: Election TIMEOUT; received 0 response(s) [] and 0 exception(s); s0@group-3D81F66BC438:t49, leader=null, voted=s0, raftlog=s0@group-3D81F66BC438-SegmentedRaftLog:OPENED:c11,f12,i12, conf=11: [s0:0.0.0.0:42154, s1:0.0.0.0:36158, s2:0.0.0.0:36910], old=null
2019-09-24 11:59:39,887 INFO  impl.LeaderElection (LeaderElection.java:logAndReturn(56)) - s1@group-3D81F66BC438-LeaderElection70: Election TIMEOUT; received 1 response(s) [s1<-s0#0:FAIL-t48] and 0 exception(s); s1@group-3D81F66BC438:t48, leader=null, voted=s1, raftlog=s1@group-3D81F66BC438-SegmentedRaftLog:OPENED:c10,f11,i11, conf=11: [s0:0.0.0.0:42154, s1:0.0.0.0:36158, s2:0.0.0.0:36910], old=null
2019-09-24 11:59:39,912 INFO  impl.LeaderElection (LeaderElection.java:askForVotes(178)) - s0@group-3D81F66BC438-LeaderElection69: begin an election at term 50 for 11: [s0:0.0.0.0:42154, s1:0.0.0.0:36158, s2:0.0.0.0:36910], old=null
2019-09-24 11:59:39,912 INFO  impl.LeaderElection (LeaderElection.java:askForVotes(178)) - s1@group-3D81F66BC438-LeaderElection70: begin an election at term 49 for 11: [s0:0.0.0.0:42154, s1:0.0.0.0:36158, s2:0.0.0.0:36910], old=null
2019-09-24 11:59:39,913 DEBUG impl.RaftServerImpl (RaftServerImpl.java:requestVote(743)) - s0@group-3D81F66BC438: receive requestVote(s1, group-3D81F66BC438, 49, (t:14, i:11))
2019-09-24 11:59:39,913 DEBUG impl.RaftServerImpl (RaftServerImpl.java:requestVote(775)) - s0@group-3D81F66BC438 replies to vote request: s1<-s0#0:FAIL-t50. Peer's state: s0@group-3D81F66BC438:t50, leader=null, voted=s0, raftlog=s0@group-3D81F66BC438-SegmentedRaftLog:OPENED:c11,f12,i12, conf=11: [s0:0.0.0.0:42154, s1:0.0.0.0:36158, s2:0.0.0.0:36910], old=null
2019-09-24 11:59:39,913 INFO  impl.LeaderElection (LeaderElection.java:logAndReturn(56)) - s1@group-3D81F66BC438-LeaderElection70: Election DISCOVERED_A_NEW_TERM; received 1 response(s) [s1<-s0#0:FAIL-t50] and 0 exception(s); s1@group-3D81F66BC438:t49, leader=null, voted=s1, raftlog=s1@group-3D81F66BC438-SegmentedRaftLog:OPENED:c10,f11,i11, conf=11: [s0:0.0.0.0:42154, s1:0.0.0.0:36158, s2:0.0.0.0:36910], old=null
2019-09-24 11:59:39,914 INFO  impl.RaftServerImpl (RaftServerImpl.java:setRole(170)) - s1@group-3D81F66BC438: changes role from CANDIDATE to FOLLOWER at term 50 for DISCOVERED_A_NEW_TERM
2019-09-24 11:59:39,914 INFO  impl.RoleInfo (RoleInfo.java:shutdownLeaderElection(134)) - s1: shutdown LeaderElection
2019-09-24 11:59:39,914 INFO  impl.RoleInfo (RoleInfo.java:updateAndGet(143)) - s1: start FollowerState
2019-09-24 11:59:40,032 WARN  ratis.RaftTestUtil (JavaUtils.java:attempt(158)) - FAILED "waitForLeader-null-(expectLeader? true)", attempt #19/100: java.lang.IllegalStateException: No leader yet : printing ALL groups
  s0:  RUNNING CANDIDATE s0@group-3D81F66BC438:t50, leader=null, voted=s0, raftlog=s0@group-3D81F66BC438-SegmentedRaftLog:OPENED:c11,f12,i12, conf=11: [s0:0.0.0.0:42154, s1:0.0.0.0:36158, s2:0.0.0.0:36910], old=null RUNNING
  s1:  RUNNING  FOLLOWER s1@group-3D81F66BC438:t50, leader=null, voted=null, raftlog=s1@group-3D81F66BC438-SegmentedRaftLog:OPENED:c10,f11,i11, conf=11: [s0:0.0.0.0:42154, s1:0.0.0.0:36158, s2:0.0.0.0:36910], old=null RUNNING
  s2:  RUNNING CANDIDATE s2@group-3D81F66BC438:t49, leader=null, voted=s2, raftlog=s2@group-3D81F66BC438-SegmentedRaftLog:OPENED:c10,f10,i10, conf=9: [s0:0.0.0.0:42154, s1:0.0.0.0:36158, s2:0.0.0.0:36910], old=null RUNNING, sleep 450ms and then retry.
java.lang.IllegalStateException: No leader yet : printing ALL groups
  s0:  RUNNING CANDIDATE s0@group-3D81F66BC438:t50, leader=null, voted=s0, raftlog=s0@group-3D81F66BC438-SegmentedRaftLog:OPENED:c11,f12,i12, conf=11: [s0:0.0.0.0:42154, s1:0.0.0.0:36158, s2:0.0.0.0:36910], old=null RUNNING
  s1:  RUNNING  FOLLOWER s1@group-3D81F66BC438:t50, leader=null, voted=null, raftlog=s1@group-3D81F66BC438-SegmentedRaftLog:OPENED:c10,f11,i11, conf=11: [s0:0.0.0.0:42154, s1:0.0.0.0:36158, s2:0.0.0.0:36910], old=null RUNNING
  s2:  RUNNING CANDIDATE s2@group-3D81F66BC438:t49, leader=null, voted=s2, raftlog=s2@group-3D81F66BC438-SegmentedRaftLog:OPENED:c10,f10,i10, conf=9: [s0:0.0.0.0:42154, s1:0.0.0.0:36158, s2:0.0.0.0:36910], old=null RUNNING
	at org.apache.ratis.MiniRaftCluster.newIllegalStateExceptionForNoLeaders(MiniRaftCluster.java:506)
	at org.apache.ratis.RaftTestUtil.lambda$waitForLeader$1(RaftTestUtil.java:90)
	at org.apache.ratis.MiniRaftCluster.getLeader(MiniRaftCluster.java:539)
	at org.apache.ratis.MiniRaftCluster.getLeader(MiniRaftCluster.java:532)
	at org.apache.ratis.RaftTestUtil.lambda$waitForLeader$3(RaftTestUtil.java:98)
	at org.apache.ratis.util.JavaUtils.attempt(JavaUtils.java:152)
	at org.apache.ratis.RaftTestUtil.waitForLeader(RaftTestUtil.java:97)
	at org.apache.ratis.RaftTestUtil.waitForLeader(RaftTestUtil.java:77)
	at org.apache.ratis.RaftTestUtil.waitForLeader(RaftTestUtil.java:72)
	at org.apache.ratis.RaftTestUtil.lambda$changeLeader$7(RaftTestUtil.java:363)
	at org.apache.ratis.util.JavaUtils.attempt(JavaUtils.java:152)
	at org.apache.ratis.RaftTestUtil.changeLeader(RaftTestUtil.java:362)
	at org.apache.ratis.server.impl.LeaderElectionTests.testChangeLeader(LeaderElectionTests.java:81)
	at sun.reflect.NativeMethodAccessorImpl.invoke0(Native Method)
	at sun.reflect.NativeMethodAccessorImpl.invoke(NativeMethodAccessorImpl.java:62)
	at sun.reflect.DelegatingMethodAccessorImpl.invoke(DelegatingMethodAccessorImpl.java:43)
	at java.lang.reflect.Method.invoke(Method.java:498)
	at org.junit.runners.model.FrameworkMethod$1.runReflectiveCall(FrameworkMethod.java:50)
	at org.junit.internal.runners.model.ReflectiveCallable.run(ReflectiveCallable.java:12)
	at org.junit.runners.model.FrameworkMethod.invokeExplosively(FrameworkMethod.java:47)
	at org.junit.internal.runners.statements.InvokeMethod.evaluate(InvokeMethod.java:17)
	at org.junit.internal.runners.statements.RunAfters.evaluate(RunAfters.java:27)
	at org.junit.internal.runners.statements.FailOnTimeout$CallableStatement.call(FailOnTimeout.java:298)
	at org.junit.internal.runners.statements.FailOnTimeout$CallableStatement.call(FailOnTimeout.java:292)
	at java.util.concurrent.FutureTask.run(FutureTask.java:266)
	at java.lang.Thread.run(Thread.java:748)
2019-09-24 11:59:40,090 INFO  impl.LeaderElection (LeaderElection.java:logAndReturn(56)) - s2@group-3D81F66BC438-LeaderElection66: Election TIMEOUT; received 1 response(s) [s2<-s0#0:FAIL-t49] and 0 exception(s); s2@group-3D81F66BC438:t49, leader=null, voted=s2, raftlog=s2@group-3D81F66BC438-SegmentedRaftLog:OPENED:c10,f10,i10, conf=9: [s0:0.0.0.0:42154, s1:0.0.0.0:36158, s2:0.0.0.0:36910], old=null
2019-09-24 11:59:40,104 INFO  impl.LeaderElection (LeaderElection.java:askForVotes(178)) - s2@group-3D81F66BC438-LeaderElection66: begin an election at term 50 for 9: [s0:0.0.0.0:42154, s1:0.0.0.0:36158, s2:0.0.0.0:36910], old=null
2019-09-24 11:59:40,105 DEBUG impl.RaftServerImpl (RaftServerImpl.java:requestVote(743)) - s0@group-3D81F66BC438: receive requestVote(s2, group-3D81F66BC438, 50, (t:13, i:10))
2019-09-24 11:59:40,105 DEBUG impl.RaftServerImpl (RaftServerImpl.java:requestVote(775)) - s0@group-3D81F66BC438 replies to vote request: s2<-s0#0:FAIL-t50. Peer's state: s0@group-3D81F66BC438:t50, leader=null, voted=s0, raftlog=s0@group-3D81F66BC438-SegmentedRaftLog:OPENED:c11,f12,i12, conf=11: [s0:0.0.0.0:42154, s1:0.0.0.0:36158, s2:0.0.0.0:36910], old=null
2019-09-24 11:59:40,117 INFO  impl.LeaderElection (LeaderElection.java:logAndReturn(56)) - s0@group-3D81F66BC438-LeaderElection69: Election TIMEOUT; received 0 response(s) [] and 0 exception(s); s0@group-3D81F66BC438:t50, leader=null, voted=s0, raftlog=s0@group-3D81F66BC438-SegmentedRaftLog:OPENED:c11,f12,i12, conf=11: [s0:0.0.0.0:42154, s1:0.0.0.0:36158, s2:0.0.0.0:36910], old=null
2019-09-24 11:59:40,132 INFO  impl.LeaderElection (LeaderElection.java:askForVotes(178)) - s0@group-3D81F66BC438-LeaderElection69: begin an election at term 51 for 11: [s0:0.0.0.0:42154, s1:0.0.0.0:36158, s2:0.0.0.0:36910], old=null
2019-09-24 11:59:40,158 INFO  impl.FollowerState (FollowerState.java:run(108)) - s1@group-3D81F66BC438-FollowerState: change to CANDIDATE, lastRpcTime:244ms, electionTimeout:244ms
2019-09-24 11:59:40,159 INFO  impl.RoleInfo (RoleInfo.java:shutdownFollowerState(121)) - s1: shutdown FollowerState
2019-09-24 11:59:40,159 INFO  impl.RaftServerImpl (RaftServerImpl.java:setRole(170)) - s1@group-3D81F66BC438: changes role from  FOLLOWER to CANDIDATE at term 50 for changeToCandidate
2019-09-24 11:59:40,159 INFO  impl.RoleInfo (RoleInfo.java:updateAndGet(143)) - s1: start LeaderElection
2019-09-24 11:59:40,174 INFO  impl.LeaderElection (LeaderElection.java:askForVotes(178)) - s1@group-3D81F66BC438-LeaderElection71: begin an election at term 51 for 11: [s0:0.0.0.0:42154, s1:0.0.0.0:36158, s2:0.0.0.0:36910], old=null
2019-09-24 11:59:40,175 DEBUG impl.RaftServerImpl (RaftServerImpl.java:requestVote(743)) - s0@group-3D81F66BC438: receive requestVote(s1, group-3D81F66BC438, 51, (t:14, i:11))
2019-09-24 11:59:40,175 DEBUG impl.RaftServerImpl (RaftServerImpl.java:requestVote(775)) - s0@group-3D81F66BC438 replies to vote request: s1<-s0#0:FAIL-t51. Peer's state: s0@group-3D81F66BC438:t51, leader=null, voted=s0, raftlog=s0@group-3D81F66BC438-SegmentedRaftLog:OPENED:c11,f12,i12, conf=11: [s0:0.0.0.0:42154, s1:0.0.0.0:36158, s2:0.0.0.0:36910], old=null
2019-09-24 11:59:40,381 INFO  impl.LeaderElection (LeaderElection.java:logAndReturn(56)) - s2@group-3D81F66BC438-LeaderElection66: Election TIMEOUT; received 1 response(s) [s2<-s0#0:FAIL-t50] and 0 exception(s); s2@group-3D81F66BC438:t50, leader=null, voted=s2, raftlog=s2@group-3D81F66BC438-SegmentedRaftLog:OPENED:c10,f10,i10, conf=9: [s0:0.0.0.0:42154, s1:0.0.0.0:36158, s2:0.0.0.0:36910], old=null
2019-09-24 11:59:40,392 INFO  impl.LeaderElection (LeaderElection.java:logAndReturn(56)) - s0@group-3D81F66BC438-LeaderElection69: Election TIMEOUT; received 0 response(s) [] and 0 exception(s); s0@group-3D81F66BC438:t51, leader=null, voted=s0, raftlog=s0@group-3D81F66BC438-SegmentedRaftLog:OPENED:c11,f12,i12, conf=11: [s0:0.0.0.0:42154, s1:0.0.0.0:36158, s2:0.0.0.0:36910], old=null
2019-09-24 11:59:40,406 INFO  impl.LeaderElection (LeaderElection.java:askForVotes(178)) - s2@group-3D81F66BC438-LeaderElection66: begin an election at term 51 for 9: [s0:0.0.0.0:42154, s1:0.0.0.0:36158, s2:0.0.0.0:36910], old=null
2019-09-24 11:59:40,407 DEBUG impl.RaftServerImpl (RaftServerImpl.java:requestVote(743)) - s0@group-3D81F66BC438: receive requestVote(s2, group-3D81F66BC438, 51, (t:13, i:10))
2019-09-24 11:59:40,408 INFO  impl.LeaderElection (LeaderElection.java:askForVotes(178)) - s0@group-3D81F66BC438-LeaderElection69: begin an election at term 52 for 11: [s0:0.0.0.0:42154, s1:0.0.0.0:36158, s2:0.0.0.0:36910], old=null
2019-09-24 11:59:40,408 DEBUG impl.RaftServerImpl (RaftServerImpl.java:requestVote(775)) - s0@group-3D81F66BC438 replies to vote request: s2<-s0#0:FAIL-t52. Peer's state: s0@group-3D81F66BC438:t52, leader=null, voted=s0, raftlog=s0@group-3D81F66BC438-SegmentedRaftLog:OPENED:c11,f12,i12, conf=11: [s0:0.0.0.0:42154, s1:0.0.0.0:36158, s2:0.0.0.0:36910], old=null
2019-09-24 11:59:40,409 INFO  impl.LeaderElection (LeaderElection.java:logAndReturn(56)) - s2@group-3D81F66BC438-LeaderElection66: Election DISCOVERED_A_NEW_TERM; received 1 response(s) [s2<-s0#0:FAIL-t52] and 0 exception(s); s2@group-3D81F66BC438:t51, leader=null, voted=s2, raftlog=s2@group-3D81F66BC438-SegmentedRaftLog:OPENED:c10,f10,i10, conf=9: [s0:0.0.0.0:42154, s1:0.0.0.0:36158, s2:0.0.0.0:36910], old=null
2019-09-24 11:59:40,409 INFO  impl.RaftServerImpl (RaftServerImpl.java:setRole(170)) - s2@group-3D81F66BC438: changes role from CANDIDATE to FOLLOWER at term 52 for DISCOVERED_A_NEW_TERM
2019-09-24 11:59:40,409 INFO  impl.RoleInfo (RoleInfo.java:shutdownLeaderElection(134)) - s2: shutdown LeaderElection
2019-09-24 11:59:40,409 INFO  impl.RoleInfo (RoleInfo.java:updateAndGet(143)) - s2: start FollowerState
2019-09-24 11:59:40,437 INFO  impl.LeaderElection (LeaderElection.java:logAndReturn(56)) - s1@group-3D81F66BC438-LeaderElection71: Election TIMEOUT; received 1 response(s) [s1<-s0#0:FAIL-t51] and 0 exception(s); s1@group-3D81F66BC438:t51, leader=null, voted=s1, raftlog=s1@group-3D81F66BC438-SegmentedRaftLog:OPENED:c10,f11,i11, conf=11: [s0:0.0.0.0:42154, s1:0.0.0.0:36158, s2:0.0.0.0:36910], old=null
2019-09-24 11:59:40,450 INFO  impl.LeaderElection (LeaderElection.java:askForVotes(178)) - s1@group-3D81F66BC438-LeaderElection71: begin an election at term 52 for 11: [s0:0.0.0.0:42154, s1:0.0.0.0:36158, s2:0.0.0.0:36910], old=null
2019-09-24 11:59:40,451 DEBUG impl.RaftServerImpl (RaftServerImpl.java:requestVote(743)) - s0@group-3D81F66BC438: receive requestVote(s1, group-3D81F66BC438, 52, (t:14, i:11))
2019-09-24 11:59:40,451 DEBUG impl.RaftServerImpl (RaftServerImpl.java:requestVote(775)) - s0@group-3D81F66BC438 replies to vote request: s1<-s0#0:FAIL-t52. Peer's state: s0@group-3D81F66BC438:t52, leader=null, voted=s0, raftlog=s0@group-3D81F66BC438-SegmentedRaftLog:OPENED:c11,f12,i12, conf=11: [s0:0.0.0.0:42154, s1:0.0.0.0:36158, s2:0.0.0.0:36910], old=null
2019-09-24 11:59:40,483 WARN  ratis.RaftTestUtil (JavaUtils.java:attempt(158)) - FAILED "waitForLeader-null-(expectLeader? true)", attempt #20/100: java.lang.IllegalStateException: No leader yet : printing ALL groups
  s0:  RUNNING CANDIDATE s0@group-3D81F66BC438:t52, leader=null, voted=s0, raftlog=s0@group-3D81F66BC438-SegmentedRaftLog:OPENED:c11,f12,i12, conf=11: [s0:0.0.0.0:42154, s1:0.0.0.0:36158, s2:0.0.0.0:36910], old=null RUNNING
  s1:  RUNNING CANDIDATE s1@group-3D81F66BC438:t52, leader=null, voted=s1, raftlog=s1@group-3D81F66BC438-SegmentedRaftLog:OPENED:c10,f11,i11, conf=11: [s0:0.0.0.0:42154, s1:0.0.0.0:36158, s2:0.0.0.0:36910], old=null RUNNING
  s2:  RUNNING  FOLLOWER s2@group-3D81F66BC438:t52, leader=null, voted=null, raftlog=s2@group-3D81F66BC438-SegmentedRaftLog:OPENED:c10,f10,i10, conf=9: [s0:0.0.0.0:42154, s1:0.0.0.0:36158, s2:0.0.0.0:36910], old=null RUNNING, sleep 450ms and then retry.
java.lang.IllegalStateException: No leader yet : printing ALL groups
  s0:  RUNNING CANDIDATE s0@group-3D81F66BC438:t52, leader=null, voted=s0, raftlog=s0@group-3D81F66BC438-SegmentedRaftLog:OPENED:c11,f12,i12, conf=11: [s0:0.0.0.0:42154, s1:0.0.0.0:36158, s2:0.0.0.0:36910], old=null RUNNING
  s1:  RUNNING CANDIDATE s1@group-3D81F66BC438:t52, leader=null, voted=s1, raftlog=s1@group-3D81F66BC438-SegmentedRaftLog:OPENED:c10,f11,i11, conf=11: [s0:0.0.0.0:42154, s1:0.0.0.0:36158, s2:0.0.0.0:36910], old=null RUNNING
  s2:  RUNNING  FOLLOWER s2@group-3D81F66BC438:t52, leader=null, voted=null, raftlog=s2@group-3D81F66BC438-SegmentedRaftLog:OPENED:c10,f10,i10, conf=9: [s0:0.0.0.0:42154, s1:0.0.0.0:36158, s2:0.0.0.0:36910], old=null RUNNING
	at org.apache.ratis.MiniRaftCluster.newIllegalStateExceptionForNoLeaders(MiniRaftCluster.java:506)
	at org.apache.ratis.RaftTestUtil.lambda$waitForLeader$1(RaftTestUtil.java:90)
	at org.apache.ratis.MiniRaftCluster.getLeader(MiniRaftCluster.java:539)
	at org.apache.ratis.MiniRaftCluster.getLeader(MiniRaftCluster.java:532)
	at org.apache.ratis.RaftTestUtil.lambda$waitForLeader$3(RaftTestUtil.java:98)
	at org.apache.ratis.util.JavaUtils.attempt(JavaUtils.java:152)
	at org.apache.ratis.RaftTestUtil.waitForLeader(RaftTestUtil.java:97)
	at org.apache.ratis.RaftTestUtil.waitForLeader(RaftTestUtil.java:77)
	at org.apache.ratis.RaftTestUtil.waitForLeader(RaftTestUtil.java:72)
	at org.apache.ratis.RaftTestUtil.lambda$changeLeader$7(RaftTestUtil.java:363)
	at org.apache.ratis.util.JavaUtils.attempt(JavaUtils.java:152)
	at org.apache.ratis.RaftTestUtil.changeLeader(RaftTestUtil.java:362)
	at org.apache.ratis.server.impl.LeaderElectionTests.testChangeLeader(LeaderElectionTests.java:81)
	at sun.reflect.NativeMethodAccessorImpl.invoke0(Native Method)
	at sun.reflect.NativeMethodAccessorImpl.invoke(NativeMethodAccessorImpl.java:62)
	at sun.reflect.DelegatingMethodAccessorImpl.invoke(DelegatingMethodAccessorImpl.java:43)
	at java.lang.reflect.Method.invoke(Method.java:498)
	at org.junit.runners.model.FrameworkMethod$1.runReflectiveCall(FrameworkMethod.java:50)
	at org.junit.internal.runners.model.ReflectiveCallable.run(ReflectiveCallable.java:12)
	at org.junit.runners.model.FrameworkMethod.invokeExplosively(FrameworkMethod.java:47)
	at org.junit.internal.runners.statements.InvokeMethod.evaluate(InvokeMethod.java:17)
	at org.junit.internal.runners.statements.RunAfters.evaluate(RunAfters.java:27)
	at org.junit.internal.runners.statements.FailOnTimeout$CallableStatement.call(FailOnTimeout.java:298)
	at org.junit.internal.runners.statements.FailOnTimeout$CallableStatement.call(FailOnTimeout.java:292)
	at java.util.concurrent.FutureTask.run(FutureTask.java:266)
	at java.lang.Thread.run(Thread.java:748)
2019-09-24 11:59:40,577 INFO  impl.FollowerState (FollowerState.java:run(108)) - s2@group-3D81F66BC438-FollowerState: change to CANDIDATE, lastRpcTime:167ms, electionTimeout:167ms
2019-09-24 11:59:40,577 INFO  impl.RoleInfo (RoleInfo.java:shutdownFollowerState(121)) - s2: shutdown FollowerState
2019-09-24 11:59:40,577 INFO  impl.RaftServerImpl (RaftServerImpl.java:setRole(170)) - s2@group-3D81F66BC438: changes role from  FOLLOWER to CANDIDATE at term 52 for changeToCandidate
2019-09-24 11:59:40,577 INFO  impl.RoleInfo (RoleInfo.java:updateAndGet(143)) - s2: start LeaderElection
2019-09-24 11:59:40,591 INFO  impl.LeaderElection (LeaderElection.java:askForVotes(178)) - s2@group-3D81F66BC438-LeaderElection72: begin an election at term 53 for 9: [s0:0.0.0.0:42154, s1:0.0.0.0:36158, s2:0.0.0.0:36910], old=null
2019-09-24 11:59:40,591 DEBUG impl.RaftServerImpl (RaftServerImpl.java:requestVote(743)) - s0@group-3D81F66BC438: receive requestVote(s2, group-3D81F66BC438, 53, (t:13, i:10))
2019-09-24 11:59:40,592 INFO  impl.RaftServerImpl (RaftServerImpl.java:setRole(170)) - s0@group-3D81F66BC438: changes role from CANDIDATE to FOLLOWER at term 53 for recognizeCandidate:s2
2019-09-24 11:59:40,592 INFO  impl.RoleInfo (RoleInfo.java:shutdownLeaderElection(134)) - s0: shutdown LeaderElection
2019-09-24 11:59:40,592 INFO  impl.RoleInfo (RoleInfo.java:updateAndGet(143)) - s0: start FollowerState
2019-09-24 11:59:40,621 DEBUG impl.RaftServerImpl (RaftServerImpl.java:requestVote(775)) - s0@group-3D81F66BC438 replies to vote request: s2<-s0#0:FAIL-t53. Peer's state: s0@group-3D81F66BC438:t53, leader=null, voted=null, raftlog=s0@group-3D81F66BC438-SegmentedRaftLog:OPENED:c11,f12,i12, conf=11: [s0:0.0.0.0:42154, s1:0.0.0.0:36158, s2:0.0.0.0:36910], old=null
2019-09-24 11:59:40,634 INFO  impl.LeaderElection (LeaderElection.java:logAndReturn(56)) - s1@group-3D81F66BC438-LeaderElection71: Election TIMEOUT; received 1 response(s) [s1<-s0#0:FAIL-t52] and 0 exception(s); s1@group-3D81F66BC438:t52, leader=null, voted=s1, raftlog=s1@group-3D81F66BC438-SegmentedRaftLog:OPENED:c10,f11,i11, conf=11: [s0:0.0.0.0:42154, s1:0.0.0.0:36158, s2:0.0.0.0:36910], old=null
2019-09-24 11:59:40,650 INFO  impl.LeaderElection (LeaderElection.java:logAndReturn(56)) - s0@group-3D81F66BC438-LeaderElection69: Election REJECTED; received 0 response(s) [] and 0 exception(s); s0@group-3D81F66BC438:t53, leader=null, voted=null, raftlog=s0@group-3D81F66BC438-SegmentedRaftLog:OPENED:c11,f12,i12, conf=11: [s0:0.0.0.0:42154, s1:0.0.0.0:36158, s2:0.0.0.0:36910], old=null
2019-09-24 11:59:40,659 INFO  impl.LeaderElection (LeaderElection.java:askForVotes(178)) - s1@group-3D81F66BC438-LeaderElection71: begin an election at term 53 for 11: [s0:0.0.0.0:42154, s1:0.0.0.0:36158, s2:0.0.0.0:36910], old=null
2019-09-24 11:59:40,660 DEBUG impl.RaftServerImpl (RaftServerImpl.java:requestVote(743)) - s0@group-3D81F66BC438: receive requestVote(s1, group-3D81F66BC438, 53, (t:14, i:11))
2019-09-24 11:59:40,660 INFO  impl.RaftServerImpl (RaftServerImpl.java:setRole(170)) - s0@group-3D81F66BC438: changes role from  FOLLOWER to FOLLOWER at term 53 for recognizeCandidate:s1
2019-09-24 11:59:40,660 INFO  impl.RoleInfo (RoleInfo.java:shutdownFollowerState(121)) - s0: shutdown FollowerState
2019-09-24 11:59:40,660 INFO  impl.RoleInfo (RoleInfo.java:updateAndGet(143)) - s0: start FollowerState
2019-09-24 11:59:40,660 INFO  impl.FollowerState (FollowerState.java:run(117)) - s0@group-3D81F66BC438-FollowerState was interrupted: java.lang.InterruptedException: sleep interrupted
2019-09-24 11:59:40,661 DEBUG impl.RaftServerImpl (RaftServerImpl.java:requestVote(775)) - s0@group-3D81F66BC438 replies to vote request: s1<-s0#0:FAIL-t53. Peer's state: s0@group-3D81F66BC438:t53, leader=null, voted=null, raftlog=s0@group-3D81F66BC438-SegmentedRaftLog:OPENED:c11,f12,i12, conf=11: [s0:0.0.0.0:42154, s1:0.0.0.0:36158, s2:0.0.0.0:36910], old=null
2019-09-24 11:59:40,822 INFO  impl.LeaderElection (LeaderElection.java:logAndReturn(56)) - s2@group-3D81F66BC438-LeaderElection72: Election TIMEOUT; received 1 response(s) [s2<-s0#0:FAIL-t53] and 0 exception(s); s2@group-3D81F66BC438:t53, leader=null, voted=s2, raftlog=s2@group-3D81F66BC438-SegmentedRaftLog:OPENED:c10,f10,i10, conf=9: [s0:0.0.0.0:42154, s1:0.0.0.0:36158, s2:0.0.0.0:36910], old=null
2019-09-24 11:59:40,838 INFO  impl.LeaderElection (LeaderElection.java:askForVotes(178)) - s2@group-3D81F66BC438-LeaderElection72: begin an election at term 54 for 9: [s0:0.0.0.0:42154, s1:0.0.0.0:36158, s2:0.0.0.0:36910], old=null
2019-09-24 11:59:40,838 DEBUG impl.RaftServerImpl (RaftServerImpl.java:requestVote(743)) - s0@group-3D81F66BC438: receive requestVote(s2, group-3D81F66BC438, 54, (t:13, i:10))
2019-09-24 11:59:40,839 INFO  impl.RaftServerImpl (RaftServerImpl.java:setRole(170)) - s0@group-3D81F66BC438: changes role from  FOLLOWER to FOLLOWER at term 54 for recognizeCandidate:s2
2019-09-24 11:59:40,839 INFO  impl.RoleInfo (RoleInfo.java:shutdownFollowerState(121)) - s0: shutdown FollowerState
2019-09-24 11:59:40,839 INFO  impl.RoleInfo (RoleInfo.java:updateAndGet(143)) - s0: start FollowerState
2019-09-24 11:59:40,839 INFO  impl.FollowerState (FollowerState.java:run(117)) - s0@group-3D81F66BC438-FollowerState was interrupted: java.lang.InterruptedException: sleep interrupted
2019-09-24 11:59:40,878 DEBUG impl.RaftServerImpl (RaftServerImpl.java:requestVote(775)) - s0@group-3D81F66BC438 replies to vote request: s2<-s0#0:FAIL-t54. Peer's state: s0@group-3D81F66BC438:t54, leader=null, voted=null, raftlog=s0@group-3D81F66BC438-SegmentedRaftLog:OPENED:c11,f12,i12, conf=11: [s0:0.0.0.0:42154, s1:0.0.0.0:36158, s2:0.0.0.0:36910], old=null
2019-09-24 11:59:40,934 WARN  ratis.RaftTestUtil (JavaUtils.java:attempt(158)) - FAILED "waitForLeader-null-(expectLeader? true)", attempt #21/100: java.lang.IllegalStateException: No leader yet : printing ALL groups
  s0:  RUNNING  FOLLOWER s0@group-3D81F66BC438:t54, leader=null, voted=null, raftlog=s0@group-3D81F66BC438-SegmentedRaftLog:OPENED:c11,f12,i12, conf=11: [s0:0.0.0.0:42154, s1:0.0.0.0:36158, s2:0.0.0.0:36910], old=null RUNNING
  s1:  RUNNING CANDIDATE s1@group-3D81F66BC438:t53, leader=null, voted=s1, raftlog=s1@group-3D81F66BC438-SegmentedRaftLog:OPENED:c10,f11,i11, conf=11: [s0:0.0.0.0:42154, s1:0.0.0.0:36158, s2:0.0.0.0:36910], old=null RUNNING
  s2:  RUNNING CANDIDATE s2@group-3D81F66BC438:t54, leader=null, voted=s2, raftlog=s2@group-3D81F66BC438-SegmentedRaftLog:OPENED:c10,f10,i10, conf=9: [s0:0.0.0.0:42154, s1:0.0.0.0:36158, s2:0.0.0.0:36910], old=null RUNNING, sleep 450ms and then retry.
java.lang.IllegalStateException: No leader yet : printing ALL groups
  s0:  RUNNING  FOLLOWER s0@group-3D81F66BC438:t54, leader=null, voted=null, raftlog=s0@group-3D81F66BC438-SegmentedRaftLog:OPENED:c11,f12,i12, conf=11: [s0:0.0.0.0:42154, s1:0.0.0.0:36158, s2:0.0.0.0:36910], old=null RUNNING
  s1:  RUNNING CANDIDATE s1@group-3D81F66BC438:t53, leader=null, voted=s1, raftlog=s1@group-3D81F66BC438-SegmentedRaftLog:OPENED:c10,f11,i11, conf=11: [s0:0.0.0.0:42154, s1:0.0.0.0:36158, s2:0.0.0.0:36910], old=null RUNNING
  s2:  RUNNING CANDIDATE s2@group-3D81F66BC438:t54, leader=null, voted=s2, raftlog=s2@group-3D81F66BC438-SegmentedRaftLog:OPENED:c10,f10,i10, conf=9: [s0:0.0.0.0:42154, s1:0.0.0.0:36158, s2:0.0.0.0:36910], old=null RUNNING
	at org.apache.ratis.MiniRaftCluster.newIllegalStateExceptionForNoLeaders(MiniRaftCluster.java:506)
	at org.apache.ratis.RaftTestUtil.lambda$waitForLeader$1(RaftTestUtil.java:90)
	at org.apache.ratis.MiniRaftCluster.getLeader(MiniRaftCluster.java:539)
	at org.apache.ratis.MiniRaftCluster.getLeader(MiniRaftCluster.java:532)
	at org.apache.ratis.RaftTestUtil.lambda$waitForLeader$3(RaftTestUtil.java:98)
	at org.apache.ratis.util.JavaUtils.attempt(JavaUtils.java:152)
	at org.apache.ratis.RaftTestUtil.waitForLeader(RaftTestUtil.java:97)
	at org.apache.ratis.RaftTestUtil.waitForLeader(RaftTestUtil.java:77)
	at org.apache.ratis.RaftTestUtil.waitForLeader(RaftTestUtil.java:72)
	at org.apache.ratis.RaftTestUtil.lambda$changeLeader$7(RaftTestUtil.java:363)
	at org.apache.ratis.util.JavaUtils.attempt(JavaUtils.java:152)
	at org.apache.ratis.RaftTestUtil.changeLeader(RaftTestUtil.java:362)
	at org.apache.ratis.server.impl.LeaderElectionTests.testChangeLeader(LeaderElectionTests.java:81)
	at sun.reflect.NativeMethodAccessorImpl.invoke0(Native Method)
	at sun.reflect.NativeMethodAccessorImpl.invoke(NativeMethodAccessorImpl.java:62)
	at sun.reflect.DelegatingMethodAccessorImpl.invoke(DelegatingMethodAccessorImpl.java:43)
	at java.lang.reflect.Method.invoke(Method.java:498)
	at org.junit.runners.model.FrameworkMethod$1.runReflectiveCall(FrameworkMethod.java:50)
	at org.junit.internal.runners.model.ReflectiveCallable.run(ReflectiveCallable.java:12)
	at org.junit.runners.model.FrameworkMethod.invokeExplosively(FrameworkMethod.java:47)
	at org.junit.internal.runners.statements.InvokeMethod.evaluate(InvokeMethod.java:17)
	at org.junit.internal.runners.statements.RunAfters.evaluate(RunAfters.java:27)
	at org.junit.internal.runners.statements.FailOnTimeout$CallableStatement.call(FailOnTimeout.java:298)
	at org.junit.internal.runners.statements.FailOnTimeout$CallableStatement.call(FailOnTimeout.java:292)
	at java.util.concurrent.FutureTask.run(FutureTask.java:266)
	at java.lang.Thread.run(Thread.java:748)
2019-09-24 11:59:40,936 INFO  impl.LeaderElection (LeaderElection.java:logAndReturn(56)) - s1@group-3D81F66BC438-LeaderElection71: Election TIMEOUT; received 1 response(s) [s1<-s0#0:FAIL-t53] and 0 exception(s); s1@group-3D81F66BC438:t53, leader=null, voted=s1, raftlog=s1@group-3D81F66BC438-SegmentedRaftLog:OPENED:c10,f11,i11, conf=11: [s0:0.0.0.0:42154, s1:0.0.0.0:36158, s2:0.0.0.0:36910], old=null
2019-09-24 11:59:40,961 INFO  impl.LeaderElection (LeaderElection.java:askForVotes(178)) - s1@group-3D81F66BC438-LeaderElection71: begin an election at term 54 for 11: [s0:0.0.0.0:42154, s1:0.0.0.0:36158, s2:0.0.0.0:36910], old=null
2019-09-24 11:59:40,962 DEBUG impl.RaftServerImpl (RaftServerImpl.java:requestVote(743)) - s0@group-3D81F66BC438: receive requestVote(s1, group-3D81F66BC438, 54, (t:14, i:11))
2019-09-24 11:59:40,962 INFO  impl.RaftServerImpl (RaftServerImpl.java:setRole(170)) - s0@group-3D81F66BC438: changes role from  FOLLOWER to FOLLOWER at term 54 for recognizeCandidate:s1
2019-09-24 11:59:40,962 INFO  impl.RoleInfo (RoleInfo.java:shutdownFollowerState(121)) - s0: shutdown FollowerState
2019-09-24 11:59:40,963 INFO  impl.RoleInfo (RoleInfo.java:updateAndGet(143)) - s0: start FollowerState
2019-09-24 11:59:40,963 INFO  impl.FollowerState (FollowerState.java:run(117)) - s0@group-3D81F66BC438-FollowerState was interrupted: java.lang.InterruptedException: sleep interrupted
2019-09-24 11:59:40,963 DEBUG impl.RaftServerImpl (RaftServerImpl.java:requestVote(775)) - s0@group-3D81F66BC438 replies to vote request: s1<-s0#0:FAIL-t54. Peer's state: s0@group-3D81F66BC438:t54, leader=null, voted=null, raftlog=s0@group-3D81F66BC438-SegmentedRaftLog:OPENED:c11,f12,i12, conf=11: [s0:0.0.0.0:42154, s1:0.0.0.0:36158, s2:0.0.0.0:36910], old=null
2019-09-24 11:59:41,060 INFO  impl.LeaderElection (LeaderElection.java:logAndReturn(56)) - s2@group-3D81F66BC438-LeaderElection72: Election TIMEOUT; received 1 response(s) [s2<-s0#0:FAIL-t54] and 0 exception(s); s2@group-3D81F66BC438:t54, leader=null, voted=s2, raftlog=s2@group-3D81F66BC438-SegmentedRaftLog:OPENED:c10,f10,i10, conf=9: [s0:0.0.0.0:42154, s1:0.0.0.0:36158, s2:0.0.0.0:36910], old=null
2019-09-24 11:59:41,073 INFO  impl.LeaderElection (LeaderElection.java:askForVotes(178)) - s2@group-3D81F66BC438-LeaderElection72: begin an election at term 55 for 9: [s0:0.0.0.0:42154, s1:0.0.0.0:36158, s2:0.0.0.0:36910], old=null
2019-09-24 11:59:41,074 DEBUG impl.RaftServerImpl (RaftServerImpl.java:requestVote(743)) - s0@group-3D81F66BC438: receive requestVote(s2, group-3D81F66BC438, 55, (t:13, i:10))
2019-09-24 11:59:41,074 INFO  impl.RaftServerImpl (RaftServerImpl.java:setRole(170)) - s0@group-3D81F66BC438: changes role from  FOLLOWER to FOLLOWER at term 55 for recognizeCandidate:s2
2019-09-24 11:59:41,074 INFO  impl.RoleInfo (RoleInfo.java:shutdownFollowerState(121)) - s0: shutdown FollowerState
2019-09-24 11:59:41,074 INFO  impl.RoleInfo (RoleInfo.java:updateAndGet(143)) - s0: start FollowerState
2019-09-24 11:59:41,074 INFO  impl.FollowerState (FollowerState.java:run(117)) - s0@group-3D81F66BC438-FollowerState was interrupted: java.lang.InterruptedException: sleep interrupted
2019-09-24 11:59:41,087 DEBUG impl.RaftServerImpl (RaftServerImpl.java:requestVote(775)) - s0@group-3D81F66BC438 replies to vote request: s2<-s0#0:FAIL-t55. Peer's state: s0@group-3D81F66BC438:t55, leader=null, voted=null, raftlog=s0@group-3D81F66BC438-SegmentedRaftLog:OPENED:c11,f12,i12, conf=11: [s0:0.0.0.0:42154, s1:0.0.0.0:36158, s2:0.0.0.0:36910], old=null
2019-09-24 11:59:41,118 INFO  impl.LeaderElection (LeaderElection.java:logAndReturn(56)) - s1@group-3D81F66BC438-LeaderElection71: Election TIMEOUT; received 1 response(s) [s1<-s0#0:FAIL-t54] and 0 exception(s); s1@group-3D81F66BC438:t54, leader=null, voted=s1, raftlog=s1@group-3D81F66BC438-SegmentedRaftLog:OPENED:c10,f11,i11, conf=11: [s0:0.0.0.0:42154, s1:0.0.0.0:36158, s2:0.0.0.0:36910], old=null
2019-09-24 11:59:41,132 INFO  impl.LeaderElection (LeaderElection.java:askForVotes(178)) - s1@group-3D81F66BC438-LeaderElection71: begin an election at term 55 for 11: [s0:0.0.0.0:42154, s1:0.0.0.0:36158, s2:0.0.0.0:36910], old=null
2019-09-24 11:59:41,133 DEBUG impl.RaftServerImpl (RaftServerImpl.java:requestVote(743)) - s0@group-3D81F66BC438: receive requestVote(s1, group-3D81F66BC438, 55, (t:14, i:11))
2019-09-24 11:59:41,133 INFO  impl.RaftServerImpl (RaftServerImpl.java:setRole(170)) - s0@group-3D81F66BC438: changes role from  FOLLOWER to FOLLOWER at term 55 for recognizeCandidate:s1
2019-09-24 11:59:41,133 INFO  impl.RoleInfo (RoleInfo.java:shutdownFollowerState(121)) - s0: shutdown FollowerState
2019-09-24 11:59:41,133 INFO  impl.RoleInfo (RoleInfo.java:updateAndGet(143)) - s0: start FollowerState
2019-09-24 11:59:41,133 INFO  impl.FollowerState (FollowerState.java:run(117)) - s0@group-3D81F66BC438-FollowerState was interrupted: java.lang.InterruptedException: sleep interrupted
2019-09-24 11:59:41,134 DEBUG impl.RaftServerImpl (RaftServerImpl.java:requestVote(775)) - s0@group-3D81F66BC438 replies to vote request: s1<-s0#0:FAIL-t55. Peer's state: s0@group-3D81F66BC438:t55, leader=null, voted=null, raftlog=s0@group-3D81F66BC438-SegmentedRaftLog:OPENED:c11,f12,i12, conf=11: [s0:0.0.0.0:42154, s1:0.0.0.0:36158, s2:0.0.0.0:36910], old=null
2019-09-24 11:59:41,341 INFO  impl.LeaderElection (LeaderElection.java:logAndReturn(56)) - s1@group-3D81F66BC438-LeaderElection71: Election TIMEOUT; received 1 response(s) [s1<-s0#0:FAIL-t55] and 0 exception(s); s1@group-3D81F66BC438:t55, leader=null, voted=s1, raftlog=s1@group-3D81F66BC438-SegmentedRaftLog:OPENED:c10,f11,i11, conf=11: [s0:0.0.0.0:42154, s1:0.0.0.0:36158, s2:0.0.0.0:36910], old=null
2019-09-24 11:59:41,353 INFO  impl.LeaderElection (LeaderElection.java:logAndReturn(56)) - s2@group-3D81F66BC438-LeaderElection72: Election TIMEOUT; received 1 response(s) [s2<-s0#0:FAIL-t55] and 0 exception(s); s2@group-3D81F66BC438:t55, leader=null, voted=s2, raftlog=s2@group-3D81F66BC438-SegmentedRaftLog:OPENED:c10,f10,i10, conf=9: [s0:0.0.0.0:42154, s1:0.0.0.0:36158, s2:0.0.0.0:36910], old=null
2019-09-24 11:59:41,369 INFO  impl.LeaderElection (LeaderElection.java:askForVotes(178)) - s1@group-3D81F66BC438-LeaderElection71: begin an election at term 56 for 11: [s0:0.0.0.0:42154, s1:0.0.0.0:36158, s2:0.0.0.0:36910], old=null
2019-09-24 11:59:41,369 INFO  impl.LeaderElection (LeaderElection.java:askForVotes(178)) - s2@group-3D81F66BC438-LeaderElection72: begin an election at term 56 for 9: [s0:0.0.0.0:42154, s1:0.0.0.0:36158, s2:0.0.0.0:36910], old=null
2019-09-24 11:59:41,369 DEBUG impl.RaftServerImpl (RaftServerImpl.java:requestVote(743)) - s0@group-3D81F66BC438: receive requestVote(s1, group-3D81F66BC438, 56, (t:14, i:11))
2019-09-24 11:59:41,370 INFO  impl.RaftServerImpl (RaftServerImpl.java:setRole(170)) - s0@group-3D81F66BC438: changes role from  FOLLOWER to FOLLOWER at term 56 for recognizeCandidate:s1
2019-09-24 11:59:41,370 DEBUG impl.RaftServerImpl (RaftServerImpl.java:requestVote(743)) - s0@group-3D81F66BC438: receive requestVote(s2, group-3D81F66BC438, 56, (t:13, i:10))
2019-09-24 11:59:41,370 INFO  impl.RoleInfo (RoleInfo.java:shutdownFollowerState(121)) - s0: shutdown FollowerState
2019-09-24 11:59:41,370 INFO  impl.RoleInfo (RoleInfo.java:updateAndGet(143)) - s0: start FollowerState
2019-09-24 11:59:41,370 INFO  impl.FollowerState (FollowerState.java:run(117)) - s0@group-3D81F66BC438-FollowerState was interrupted: java.lang.InterruptedException: sleep interrupted
2019-09-24 11:59:41,386 WARN  ratis.RaftTestUtil (JavaUtils.java:attempt(158)) - FAILED "waitForLeader-null-(expectLeader? true)", attempt #22/100: java.lang.IllegalStateException: No leader yet : printing ALL groups
  s0:  RUNNING  FOLLOWER s0@group-3D81F66BC438:t56, leader=null, voted=null, raftlog=s0@group-3D81F66BC438-SegmentedRaftLog:OPENED:c11,f12,i12, conf=11: [s0:0.0.0.0:42154, s1:0.0.0.0:36158, s2:0.0.0.0:36910], old=null RUNNING
  s1:  RUNNING CANDIDATE s1@group-3D81F66BC438:t56, leader=null, voted=s1, raftlog=s1@group-3D81F66BC438-SegmentedRaftLog:OPENED:c10,f11,i11, conf=11: [s0:0.0.0.0:42154, s1:0.0.0.0:36158, s2:0.0.0.0:36910], old=null RUNNING
  s2:  RUNNING CANDIDATE s2@group-3D81F66BC438:t56, leader=null, voted=s2, raftlog=s2@group-3D81F66BC438-SegmentedRaftLog:OPENED:c10,f10,i10, conf=9: [s0:0.0.0.0:42154, s1:0.0.0.0:36158, s2:0.0.0.0:36910], old=null RUNNING, sleep 450ms and then retry.
java.lang.IllegalStateException: No leader yet : printing ALL groups
  s0:  RUNNING  FOLLOWER s0@group-3D81F66BC438:t56, leader=null, voted=null, raftlog=s0@group-3D81F66BC438-SegmentedRaftLog:OPENED:c11,f12,i12, conf=11: [s0:0.0.0.0:42154, s1:0.0.0.0:36158, s2:0.0.0.0:36910], old=null RUNNING
  s1:  RUNNING CANDIDATE s1@group-3D81F66BC438:t56, leader=null, voted=s1, raftlog=s1@group-3D81F66BC438-SegmentedRaftLog:OPENED:c10,f11,i11, conf=11: [s0:0.0.0.0:42154, s1:0.0.0.0:36158, s2:0.0.0.0:36910], old=null RUNNING
  s2:  RUNNING CANDIDATE s2@group-3D81F66BC438:t56, leader=null, voted=s2, raftlog=s2@group-3D81F66BC438-SegmentedRaftLog:OPENED:c10,f10,i10, conf=9: [s0:0.0.0.0:42154, s1:0.0.0.0:36158, s2:0.0.0.0:36910], old=null RUNNING
	at org.apache.ratis.MiniRaftCluster.newIllegalStateExceptionForNoLeaders(MiniRaftCluster.java:506)
	at org.apache.ratis.RaftTestUtil.lambda$waitForLeader$1(RaftTestUtil.java:90)
	at org.apache.ratis.MiniRaftCluster.getLeader(MiniRaftCluster.java:539)
	at org.apache.ratis.MiniRaftCluster.getLeader(MiniRaftCluster.java:532)
	at org.apache.ratis.RaftTestUtil.lambda$waitForLeader$3(RaftTestUtil.java:98)
	at org.apache.ratis.util.JavaUtils.attempt(JavaUtils.java:152)
	at org.apache.ratis.RaftTestUtil.waitForLeader(RaftTestUtil.java:97)
	at org.apache.ratis.RaftTestUtil.waitForLeader(RaftTestUtil.java:77)
	at org.apache.ratis.RaftTestUtil.waitForLeader(RaftTestUtil.java:72)
	at org.apache.ratis.RaftTestUtil.lambda$changeLeader$7(RaftTestUtil.java:363)
	at org.apache.ratis.util.JavaUtils.attempt(JavaUtils.java:152)
	at org.apache.ratis.RaftTestUtil.changeLeader(RaftTestUtil.java:362)
	at org.apache.ratis.server.impl.LeaderElectionTests.testChangeLeader(LeaderElectionTests.java:81)
	at sun.reflect.NativeMethodAccessorImpl.invoke0(Native Method)
	at sun.reflect.NativeMethodAccessorImpl.invoke(NativeMethodAccessorImpl.java:62)
	at sun.reflect.DelegatingMethodAccessorImpl.invoke(DelegatingMethodAccessorImpl.java:43)
	at java.lang.reflect.Method.invoke(Method.java:498)
	at org.junit.runners.model.FrameworkMethod$1.runReflectiveCall(FrameworkMethod.java:50)
	at org.junit.internal.runners.model.ReflectiveCallable.run(ReflectiveCallable.java:12)
	at org.junit.runners.model.FrameworkMethod.invokeExplosively(FrameworkMethod.java:47)
	at org.junit.internal.runners.statements.InvokeMethod.evaluate(InvokeMethod.java:17)
	at org.junit.internal.runners.statements.RunAfters.evaluate(RunAfters.java:27)
	at org.junit.internal.runners.statements.FailOnTimeout$CallableStatement.call(FailOnTimeout.java:298)
	at org.junit.internal.runners.statements.FailOnTimeout$CallableStatement.call(FailOnTimeout.java:292)
	at java.util.concurrent.FutureTask.run(FutureTask.java:266)
	at java.lang.Thread.run(Thread.java:748)
2019-09-24 11:59:41,399 DEBUG impl.RaftServerImpl (RaftServerImpl.java:requestVote(775)) - s0@group-3D81F66BC438 replies to vote request: s1<-s0#0:FAIL-t56. Peer's state: s0@group-3D81F66BC438:t56, leader=null, voted=null, raftlog=s0@group-3D81F66BC438-SegmentedRaftLog:OPENED:c11,f12,i12, conf=11: [s0:0.0.0.0:42154, s1:0.0.0.0:36158, s2:0.0.0.0:36910], old=null
2019-09-24 11:59:41,400 INFO  impl.RaftServerImpl (RaftServerImpl.java:setRole(170)) - s0@group-3D81F66BC438: changes role from  FOLLOWER to FOLLOWER at term 56 for recognizeCandidate:s2
2019-09-24 11:59:41,400 INFO  impl.RoleInfo (RoleInfo.java:shutdownFollowerState(121)) - s0: shutdown FollowerState
2019-09-24 11:59:41,400 INFO  impl.RoleInfo (RoleInfo.java:updateAndGet(143)) - s0: start FollowerState
2019-09-24 11:59:41,400 INFO  impl.FollowerState (FollowerState.java:run(117)) - s0@group-3D81F66BC438-FollowerState was interrupted: java.lang.InterruptedException: sleep interrupted
2019-09-24 11:59:41,400 DEBUG impl.RaftServerImpl (RaftServerImpl.java:requestVote(775)) - s0@group-3D81F66BC438 replies to vote request: s2<-s0#0:FAIL-t56. Peer's state: s0@group-3D81F66BC438:t56, leader=null, voted=null, raftlog=s0@group-3D81F66BC438-SegmentedRaftLog:OPENED:c11,f12,i12, conf=11: [s0:0.0.0.0:42154, s1:0.0.0.0:36158, s2:0.0.0.0:36910], old=null
2019-09-24 11:59:41,523 INFO  impl.LeaderElection (LeaderElection.java:logAndReturn(56)) - s2@group-3D81F66BC438-LeaderElection72: Election TIMEOUT; received 1 response(s) [s2<-s0#0:FAIL-t56] and 0 exception(s); s2@group-3D81F66BC438:t56, leader=null, voted=s2, raftlog=s2@group-3D81F66BC438-SegmentedRaftLog:OPENED:c10,f10,i10, conf=9: [s0:0.0.0.0:42154, s1:0.0.0.0:36158, s2:0.0.0.0:36910], old=null
2019-09-24 11:59:41,546 INFO  impl.LeaderElection (LeaderElection.java:askForVotes(178)) - s2@group-3D81F66BC438-LeaderElection72: begin an election at term 57 for 9: [s0:0.0.0.0:42154, s1:0.0.0.0:36158, s2:0.0.0.0:36910], old=null
2019-09-24 11:59:41,547 DEBUG impl.RaftServerImpl (RaftServerImpl.java:requestVote(743)) - s0@group-3D81F66BC438: receive requestVote(s2, group-3D81F66BC438, 57, (t:13, i:10))
2019-09-24 11:59:41,547 INFO  impl.RaftServerImpl (RaftServerImpl.java:setRole(170)) - s0@group-3D81F66BC438: changes role from  FOLLOWER to FOLLOWER at term 57 for recognizeCandidate:s2
2019-09-24 11:59:41,548 INFO  impl.RoleInfo (RoleInfo.java:shutdownFollowerState(121)) - s0: shutdown FollowerState
2019-09-24 11:59:41,548 INFO  impl.RoleInfo (RoleInfo.java:updateAndGet(143)) - s0: start FollowerState
2019-09-24 11:59:41,548 INFO  impl.FollowerState (FollowerState.java:run(117)) - s0@group-3D81F66BC438-FollowerState was interrupted: java.lang.InterruptedException: sleep interrupted
2019-09-24 11:59:41,561 DEBUG impl.RaftServerImpl (RaftServerImpl.java:requestVote(775)) - s0@group-3D81F66BC438 replies to vote request: s2<-s0#0:FAIL-t57. Peer's state: s0@group-3D81F66BC438:t57, leader=null, voted=null, raftlog=s0@group-3D81F66BC438-SegmentedRaftLog:OPENED:c11,f12,i12, conf=11: [s0:0.0.0.0:42154, s1:0.0.0.0:36158, s2:0.0.0.0:36910], old=null
2019-09-24 11:59:41,593 INFO  impl.LeaderElection (LeaderElection.java:logAndReturn(56)) - s1@group-3D81F66BC438-LeaderElection71: Election TIMEOUT; received 1 response(s) [s1<-s0#0:FAIL-t56] and 0 exception(s); s1@group-3D81F66BC438:t56, leader=null, voted=s1, raftlog=s1@group-3D81F66BC438-SegmentedRaftLog:OPENED:c10,f11,i11, conf=11: [s0:0.0.0.0:42154, s1:0.0.0.0:36158, s2:0.0.0.0:36910], old=null
2019-09-24 11:59:41,606 INFO  impl.LeaderElection (LeaderElection.java:askForVotes(178)) - s1@group-3D81F66BC438-LeaderElection71: begin an election at term 57 for 11: [s0:0.0.0.0:42154, s1:0.0.0.0:36158, s2:0.0.0.0:36910], old=null
2019-09-24 11:59:41,607 DEBUG impl.RaftServerImpl (RaftServerImpl.java:requestVote(743)) - s0@group-3D81F66BC438: receive requestVote(s1, group-3D81F66BC438, 57, (t:14, i:11))
2019-09-24 11:59:41,607 INFO  impl.RaftServerImpl (RaftServerImpl.java:setRole(170)) - s0@group-3D81F66BC438: changes role from  FOLLOWER to FOLLOWER at term 57 for recognizeCandidate:s1
2019-09-24 11:59:41,608 INFO  impl.RoleInfo (RoleInfo.java:shutdownFollowerState(121)) - s0: shutdown FollowerState
2019-09-24 11:59:41,608 INFO  impl.RoleInfo (RoleInfo.java:updateAndGet(143)) - s0: start FollowerState
2019-09-24 11:59:41,608 INFO  impl.FollowerState (FollowerState.java:run(117)) - s0@group-3D81F66BC438-FollowerState was interrupted: java.lang.InterruptedException: sleep interrupted
2019-09-24 11:59:41,608 DEBUG impl.RaftServerImpl (RaftServerImpl.java:requestVote(775)) - s0@group-3D81F66BC438 replies to vote request: s1<-s0#0:FAIL-t57. Peer's state: s0@group-3D81F66BC438:t57, leader=null, voted=null, raftlog=s0@group-3D81F66BC438-SegmentedRaftLog:OPENED:c11,f12,i12, conf=11: [s0:0.0.0.0:42154, s1:0.0.0.0:36158, s2:0.0.0.0:36910], old=null
2019-09-24 11:59:41,804 INFO  impl.LeaderElection (LeaderElection.java:logAndReturn(56)) - s2@group-3D81F66BC438-LeaderElection72: Election TIMEOUT; received 1 response(s) [s2<-s0#0:FAIL-t57] and 0 exception(s); s2@group-3D81F66BC438:t57, leader=null, voted=s2, raftlog=s2@group-3D81F66BC438-SegmentedRaftLog:OPENED:c10,f10,i10, conf=9: [s0:0.0.0.0:42154, s1:0.0.0.0:36158, s2:0.0.0.0:36910], old=null
2019-09-24 11:59:41,830 INFO  impl.LeaderElection (LeaderElection.java:askForVotes(178)) - s2@group-3D81F66BC438-LeaderElection72: begin an election at term 58 for 9: [s0:0.0.0.0:42154, s1:0.0.0.0:36158, s2:0.0.0.0:36910], old=null
2019-09-24 11:59:41,831 DEBUG impl.RaftServerImpl (RaftServerImpl.java:requestVote(743)) - s0@group-3D81F66BC438: receive requestVote(s2, group-3D81F66BC438, 58, (t:13, i:10))
2019-09-24 11:59:41,831 INFO  impl.RaftServerImpl (RaftServerImpl.java:setRole(170)) - s0@group-3D81F66BC438: changes role from  FOLLOWER to FOLLOWER at term 58 for recognizeCandidate:s2
2019-09-24 11:59:41,831 INFO  impl.RoleInfo (RoleInfo.java:shutdownFollowerState(121)) - s0: shutdown FollowerState
2019-09-24 11:59:41,831 INFO  impl.RoleInfo (RoleInfo.java:updateAndGet(143)) - s0: start FollowerState
2019-09-24 11:59:41,831 INFO  impl.FollowerState (FollowerState.java:run(117)) - s0@group-3D81F66BC438-FollowerState was interrupted: java.lang.InterruptedException: sleep interrupted
2019-09-24 11:59:41,837 WARN  ratis.RaftTestUtil (JavaUtils.java:attempt(158)) - FAILED "waitForLeader-null-(expectLeader? true)", attempt #23/100: java.lang.IllegalStateException: No leader yet : printing ALL groups
  s0:  RUNNING  FOLLOWER s0@group-3D81F66BC438:t58, leader=null, voted=null, raftlog=s0@group-3D81F66BC438-SegmentedRaftLog:OPENED:c11,f12,i12, conf=11: [s0:0.0.0.0:42154, s1:0.0.0.0:36158, s2:0.0.0.0:36910], old=null RUNNING
  s1:  RUNNING CANDIDATE s1@group-3D81F66BC438:t57, leader=null, voted=s1, raftlog=s1@group-3D81F66BC438-SegmentedRaftLog:OPENED:c10,f11,i11, conf=11: [s0:0.0.0.0:42154, s1:0.0.0.0:36158, s2:0.0.0.0:36910], old=null RUNNING
  s2:  RUNNING CANDIDATE s2@group-3D81F66BC438:t58, leader=null, voted=s2, raftlog=s2@group-3D81F66BC438-SegmentedRaftLog:OPENED:c10,f10,i10, conf=9: [s0:0.0.0.0:42154, s1:0.0.0.0:36158, s2:0.0.0.0:36910], old=null RUNNING, sleep 450ms and then retry.
java.lang.IllegalStateException: No leader yet : printing ALL groups
  s0:  RUNNING  FOLLOWER s0@group-3D81F66BC438:t58, leader=null, voted=null, raftlog=s0@group-3D81F66BC438-SegmentedRaftLog:OPENED:c11,f12,i12, conf=11: [s0:0.0.0.0:42154, s1:0.0.0.0:36158, s2:0.0.0.0:36910], old=null RUNNING
  s1:  RUNNING CANDIDATE s1@group-3D81F66BC438:t57, leader=null, voted=s1, raftlog=s1@group-3D81F66BC438-SegmentedRaftLog:OPENED:c10,f11,i11, conf=11: [s0:0.0.0.0:42154, s1:0.0.0.0:36158, s2:0.0.0.0:36910], old=null RUNNING
  s2:  RUNNING CANDIDATE s2@group-3D81F66BC438:t58, leader=null, voted=s2, raftlog=s2@group-3D81F66BC438-SegmentedRaftLog:OPENED:c10,f10,i10, conf=9: [s0:0.0.0.0:42154, s1:0.0.0.0:36158, s2:0.0.0.0:36910], old=null RUNNING
	at org.apache.ratis.MiniRaftCluster.newIllegalStateExceptionForNoLeaders(MiniRaftCluster.java:506)
	at org.apache.ratis.RaftTestUtil.lambda$waitForLeader$1(RaftTestUtil.java:90)
	at org.apache.ratis.MiniRaftCluster.getLeader(MiniRaftCluster.java:539)
	at org.apache.ratis.MiniRaftCluster.getLeader(MiniRaftCluster.java:532)
	at org.apache.ratis.RaftTestUtil.lambda$waitForLeader$3(RaftTestUtil.java:98)
	at org.apache.ratis.util.JavaUtils.attempt(JavaUtils.java:152)
	at org.apache.ratis.RaftTestUtil.waitForLeader(RaftTestUtil.java:97)
	at org.apache.ratis.RaftTestUtil.waitForLeader(RaftTestUtil.java:77)
	at org.apache.ratis.RaftTestUtil.waitForLeader(RaftTestUtil.java:72)
	at org.apache.ratis.RaftTestUtil.lambda$changeLeader$7(RaftTestUtil.java:363)
	at org.apache.ratis.util.JavaUtils.attempt(JavaUtils.java:152)
	at org.apache.ratis.RaftTestUtil.changeLeader(RaftTestUtil.java:362)
	at org.apache.ratis.server.impl.LeaderElectionTests.testChangeLeader(LeaderElectionTests.java:81)
	at sun.reflect.NativeMethodAccessorImpl.invoke0(Native Method)
	at sun.reflect.NativeMethodAccessorImpl.invoke(NativeMethodAccessorImpl.java:62)
	at sun.reflect.DelegatingMethodAccessorImpl.invoke(DelegatingMethodAccessorImpl.java:43)
	at java.lang.reflect.Method.invoke(Method.java:498)
	at org.junit.runners.model.FrameworkMethod$1.runReflectiveCall(FrameworkMethod.java:50)
	at org.junit.internal.runners.model.ReflectiveCallable.run(ReflectiveCallable.java:12)
	at org.junit.runners.model.FrameworkMethod.invokeExplosively(FrameworkMethod.java:47)
	at org.junit.internal.runners.statements.InvokeMethod.evaluate(InvokeMethod.java:17)
	at org.junit.internal.runners.statements.RunAfters.evaluate(RunAfters.java:27)
	at org.junit.internal.runners.statements.FailOnTimeout$CallableStatement.call(FailOnTimeout.java:298)
	at org.junit.internal.runners.statements.FailOnTimeout$CallableStatement.call(FailOnTimeout.java:292)
	at java.util.concurrent.FutureTask.run(FutureTask.java:266)
	at java.lang.Thread.run(Thread.java:748)
2019-09-24 11:59:41,845 DEBUG impl.RaftServerImpl (RaftServerImpl.java:requestVote(775)) - s0@group-3D81F66BC438 replies to vote request: s2<-s0#0:FAIL-t58. Peer's state: s0@group-3D81F66BC438:t58, leader=null, voted=null, raftlog=s0@group-3D81F66BC438-SegmentedRaftLog:OPENED:c11,f12,i12, conf=11: [s0:0.0.0.0:42154, s1:0.0.0.0:36158, s2:0.0.0.0:36910], old=null
2019-09-24 11:59:41,870 INFO  impl.LeaderElection (LeaderElection.java:logAndReturn(56)) - s1@group-3D81F66BC438-LeaderElection71: Election TIMEOUT; received 1 response(s) [s1<-s0#0:FAIL-t57] and 0 exception(s); s1@group-3D81F66BC438:t57, leader=null, voted=s1, raftlog=s1@group-3D81F66BC438-SegmentedRaftLog:OPENED:c10,f11,i11, conf=11: [s0:0.0.0.0:42154, s1:0.0.0.0:36158, s2:0.0.0.0:36910], old=null
2019-09-24 11:59:41,884 INFO  impl.LeaderElection (LeaderElection.java:askForVotes(178)) - s1@group-3D81F66BC438-LeaderElection71: begin an election at term 58 for 11: [s0:0.0.0.0:42154, s1:0.0.0.0:36158, s2:0.0.0.0:36910], old=null
2019-09-24 11:59:41,885 DEBUG impl.RaftServerImpl (RaftServerImpl.java:requestVote(743)) - s0@group-3D81F66BC438: receive requestVote(s1, group-3D81F66BC438, 58, (t:14, i:11))
2019-09-24 11:59:41,885 INFO  impl.RaftServerImpl (RaftServerImpl.java:setRole(170)) - s0@group-3D81F66BC438: changes role from  FOLLOWER to FOLLOWER at term 58 for recognizeCandidate:s1
2019-09-24 11:59:41,885 INFO  impl.RoleInfo (RoleInfo.java:shutdownFollowerState(121)) - s0: shutdown FollowerState
2019-09-24 11:59:41,885 INFO  impl.RoleInfo (RoleInfo.java:updateAndGet(143)) - s0: start FollowerState
2019-09-24 11:59:41,885 INFO  impl.FollowerState (FollowerState.java:run(117)) - s0@group-3D81F66BC438-FollowerState was interrupted: java.lang.InterruptedException: sleep interrupted
2019-09-24 11:59:41,886 DEBUG impl.RaftServerImpl (RaftServerImpl.java:requestVote(775)) - s0@group-3D81F66BC438 replies to vote request: s1<-s0#0:FAIL-t58. Peer's state: s0@group-3D81F66BC438:t58, leader=null, voted=null, raftlog=s0@group-3D81F66BC438-SegmentedRaftLog:OPENED:c11,f12,i12, conf=11: [s0:0.0.0.0:42154, s1:0.0.0.0:36158, s2:0.0.0.0:36910], old=null
2019-09-24 11:59:42,100 INFO  impl.LeaderElection (LeaderElection.java:logAndReturn(56)) - s2@group-3D81F66BC438-LeaderElection72: Election TIMEOUT; received 1 response(s) [s2<-s0#0:FAIL-t58] and 0 exception(s); s2@group-3D81F66BC438:t58, leader=null, voted=s2, raftlog=s2@group-3D81F66BC438-SegmentedRaftLog:OPENED:c10,f10,i10, conf=9: [s0:0.0.0.0:42154, s1:0.0.0.0:36158, s2:0.0.0.0:36910], old=null
2019-09-24 11:59:42,113 INFO  impl.LeaderElection (LeaderElection.java:askForVotes(178)) - s2@group-3D81F66BC438-LeaderElection72: begin an election at term 59 for 9: [s0:0.0.0.0:42154, s1:0.0.0.0:36158, s2:0.0.0.0:36910], old=null
2019-09-24 11:59:42,114 DEBUG impl.RaftServerImpl (RaftServerImpl.java:requestVote(743)) - s0@group-3D81F66BC438: receive requestVote(s2, group-3D81F66BC438, 59, (t:13, i:10))
2019-09-24 11:59:42,114 INFO  impl.RaftServerImpl (RaftServerImpl.java:setRole(170)) - s0@group-3D81F66BC438: changes role from  FOLLOWER to FOLLOWER at term 59 for recognizeCandidate:s2
2019-09-24 11:59:42,115 INFO  impl.RoleInfo (RoleInfo.java:shutdownFollowerState(121)) - s0: shutdown FollowerState
2019-09-24 11:59:42,115 INFO  impl.RoleInfo (RoleInfo.java:updateAndGet(143)) - s0: start FollowerState
2019-09-24 11:59:42,115 INFO  impl.FollowerState (FollowerState.java:run(117)) - s0@group-3D81F66BC438-FollowerState was interrupted: java.lang.InterruptedException: sleep interrupted
2019-09-24 11:59:42,140 DEBUG impl.RaftServerImpl (RaftServerImpl.java:requestVote(775)) - s0@group-3D81F66BC438 replies to vote request: s2<-s0#0:FAIL-t59. Peer's state: s0@group-3D81F66BC438:t59, leader=null, voted=null, raftlog=s0@group-3D81F66BC438-SegmentedRaftLog:OPENED:c11,f12,i12, conf=11: [s0:0.0.0.0:42154, s1:0.0.0.0:36158, s2:0.0.0.0:36910], old=null
2019-09-24 11:59:42,181 INFO  impl.LeaderElection (LeaderElection.java:logAndReturn(56)) - s1@group-3D81F66BC438-LeaderElection71: Election TIMEOUT; received 1 response(s) [s1<-s0#0:FAIL-t58] and 0 exception(s); s1@group-3D81F66BC438:t58, leader=null, voted=s1, raftlog=s1@group-3D81F66BC438-SegmentedRaftLog:OPENED:c10,f11,i11, conf=11: [s0:0.0.0.0:42154, s1:0.0.0.0:36158, s2:0.0.0.0:36910], old=null
2019-09-24 11:59:42,207 INFO  impl.LeaderElection (LeaderElection.java:askForVotes(178)) - s1@group-3D81F66BC438-LeaderElection71: begin an election at term 59 for 11: [s0:0.0.0.0:42154, s1:0.0.0.0:36158, s2:0.0.0.0:36910], old=null
2019-09-24 11:59:42,208 DEBUG impl.RaftServerImpl (RaftServerImpl.java:requestVote(743)) - s0@group-3D81F66BC438: receive requestVote(s1, group-3D81F66BC438, 59, (t:14, i:11))
2019-09-24 11:59:42,208 INFO  impl.RaftServerImpl (RaftServerImpl.java:setRole(170)) - s0@group-3D81F66BC438: changes role from  FOLLOWER to FOLLOWER at term 59 for recognizeCandidate:s1
2019-09-24 11:59:42,208 INFO  impl.RoleInfo (RoleInfo.java:shutdownFollowerState(121)) - s0: shutdown FollowerState
2019-09-24 11:59:42,208 INFO  impl.RoleInfo (RoleInfo.java:updateAndGet(143)) - s0: start FollowerState
2019-09-24 11:59:42,208 INFO  impl.FollowerState (FollowerState.java:run(117)) - s0@group-3D81F66BC438-FollowerState was interrupted: java.lang.InterruptedException: sleep interrupted
2019-09-24 11:59:42,209 DEBUG impl.RaftServerImpl (RaftServerImpl.java:requestVote(775)) - s0@group-3D81F66BC438 replies to vote request: s1<-s0#0:FAIL-t59. Peer's state: s0@group-3D81F66BC438:t59, leader=null, voted=null, raftlog=s0@group-3D81F66BC438-SegmentedRaftLog:OPENED:c11,f12,i12, conf=11: [s0:0.0.0.0:42154, s1:0.0.0.0:36158, s2:0.0.0.0:36910], old=null
2019-09-24 11:59:42,288 WARN  ratis.RaftTestUtil (JavaUtils.java:attempt(158)) - FAILED "waitForLeader-null-(expectLeader? true)", attempt #24/100: java.lang.IllegalStateException: No leader yet : printing ALL groups
  s0:  RUNNING  FOLLOWER s0@group-3D81F66BC438:t59, leader=null, voted=null, raftlog=s0@group-3D81F66BC438-SegmentedRaftLog:OPENED:c11,f12,i12, conf=11: [s0:0.0.0.0:42154, s1:0.0.0.0:36158, s2:0.0.0.0:36910], old=null RUNNING
  s1:  RUNNING CANDIDATE s1@group-3D81F66BC438:t59, leader=null, voted=s1, raftlog=s1@group-3D81F66BC438-SegmentedRaftLog:OPENED:c10,f11,i11, conf=11: [s0:0.0.0.0:42154, s1:0.0.0.0:36158, s2:0.0.0.0:36910], old=null RUNNING
  s2:  RUNNING CANDIDATE s2@group-3D81F66BC438:t59, leader=null, voted=s2, raftlog=s2@group-3D81F66BC438-SegmentedRaftLog:OPENED:c10,f10,i10, conf=9: [s0:0.0.0.0:42154, s1:0.0.0.0:36158, s2:0.0.0.0:36910], old=null RUNNING, sleep 450ms and then retry.
java.lang.IllegalStateException: No leader yet : printing ALL groups
  s0:  RUNNING  FOLLOWER s0@group-3D81F66BC438:t59, leader=null, voted=null, raftlog=s0@group-3D81F66BC438-SegmentedRaftLog:OPENED:c11,f12,i12, conf=11: [s0:0.0.0.0:42154, s1:0.0.0.0:36158, s2:0.0.0.0:36910], old=null RUNNING
  s1:  RUNNING CANDIDATE s1@group-3D81F66BC438:t59, leader=null, voted=s1, raftlog=s1@group-3D81F66BC438-SegmentedRaftLog:OPENED:c10,f11,i11, conf=11: [s0:0.0.0.0:42154, s1:0.0.0.0:36158, s2:0.0.0.0:36910], old=null RUNNING
  s2:  RUNNING CANDIDATE s2@group-3D81F66BC438:t59, leader=null, voted=s2, raftlog=s2@group-3D81F66BC438-SegmentedRaftLog:OPENED:c10,f10,i10, conf=9: [s0:0.0.0.0:42154, s1:0.0.0.0:36158, s2:0.0.0.0:36910], old=null RUNNING
	at org.apache.ratis.MiniRaftCluster.newIllegalStateExceptionForNoLeaders(MiniRaftCluster.java:506)
	at org.apache.ratis.RaftTestUtil.lambda$waitForLeader$1(RaftTestUtil.java:90)
	at org.apache.ratis.MiniRaftCluster.getLeader(MiniRaftCluster.java:539)
	at org.apache.ratis.MiniRaftCluster.getLeader(MiniRaftCluster.java:532)
	at org.apache.ratis.RaftTestUtil.lambda$waitForLeader$3(RaftTestUtil.java:98)
	at org.apache.ratis.util.JavaUtils.attempt(JavaUtils.java:152)
	at org.apache.ratis.RaftTestUtil.waitForLeader(RaftTestUtil.java:97)
	at org.apache.ratis.RaftTestUtil.waitForLeader(RaftTestUtil.java:77)
	at org.apache.ratis.RaftTestUtil.waitForLeader(RaftTestUtil.java:72)
	at org.apache.ratis.RaftTestUtil.lambda$changeLeader$7(RaftTestUtil.java:363)
	at org.apache.ratis.util.JavaUtils.attempt(JavaUtils.java:152)
	at org.apache.ratis.RaftTestUtil.changeLeader(RaftTestUtil.java:362)
	at org.apache.ratis.server.impl.LeaderElectionTests.testChangeLeader(LeaderElectionTests.java:81)
	at sun.reflect.NativeMethodAccessorImpl.invoke0(Native Method)
	at sun.reflect.NativeMethodAccessorImpl.invoke(NativeMethodAccessorImpl.java:62)
	at sun.reflect.DelegatingMethodAccessorImpl.invoke(DelegatingMethodAccessorImpl.java:43)
	at java.lang.reflect.Method.invoke(Method.java:498)
	at org.junit.runners.model.FrameworkMethod$1.runReflectiveCall(FrameworkMethod.java:50)
	at org.junit.internal.runners.model.ReflectiveCallable.run(ReflectiveCallable.java:12)
	at org.junit.runners.model.FrameworkMethod.invokeExplosively(FrameworkMethod.java:47)
	at org.junit.internal.runners.statements.InvokeMethod.evaluate(InvokeMethod.java:17)
	at org.junit.internal.runners.statements.RunAfters.evaluate(RunAfters.java:27)
	at org.junit.internal.runners.statements.FailOnTimeout$CallableStatement.call(FailOnTimeout.java:298)
	at org.junit.internal.runners.statements.FailOnTimeout$CallableStatement.call(FailOnTimeout.java:292)
	at java.util.concurrent.FutureTask.run(FutureTask.java:266)
	at java.lang.Thread.run(Thread.java:748)
2019-09-24 11:59:42,318 INFO  impl.LeaderElection (LeaderElection.java:logAndReturn(56)) - s2@group-3D81F66BC438-LeaderElection72: Election TIMEOUT; received 1 response(s) [s2<-s0#0:FAIL-t59] and 0 exception(s); s2@group-3D81F66BC438:t59, leader=null, voted=s2, raftlog=s2@group-3D81F66BC438-SegmentedRaftLog:OPENED:c10,f10,i10, conf=9: [s0:0.0.0.0:42154, s1:0.0.0.0:36158, s2:0.0.0.0:36910], old=null
2019-09-24 11:59:42,332 INFO  impl.LeaderElection (LeaderElection.java:askForVotes(178)) - s2@group-3D81F66BC438-LeaderElection72: begin an election at term 60 for 9: [s0:0.0.0.0:42154, s1:0.0.0.0:36158, s2:0.0.0.0:36910], old=null
2019-09-24 11:59:42,333 DEBUG impl.RaftServerImpl (RaftServerImpl.java:requestVote(743)) - s0@group-3D81F66BC438: receive requestVote(s2, group-3D81F66BC438, 60, (t:13, i:10))
2019-09-24 11:59:42,333 INFO  impl.RaftServerImpl (RaftServerImpl.java:setRole(170)) - s0@group-3D81F66BC438: changes role from  FOLLOWER to FOLLOWER at term 60 for recognizeCandidate:s2
2019-09-24 11:59:42,333 INFO  impl.RoleInfo (RoleInfo.java:shutdownFollowerState(121)) - s0: shutdown FollowerState
2019-09-24 11:59:42,333 INFO  impl.RoleInfo (RoleInfo.java:updateAndGet(143)) - s0: start FollowerState
2019-09-24 11:59:42,333 INFO  impl.FollowerState (FollowerState.java:run(117)) - s0@group-3D81F66BC438-FollowerState was interrupted: java.lang.InterruptedException: sleep interrupted
2019-09-24 11:59:42,347 DEBUG impl.RaftServerImpl (RaftServerImpl.java:requestVote(775)) - s0@group-3D81F66BC438 replies to vote request: s2<-s0#0:FAIL-t60. Peer's state: s0@group-3D81F66BC438:t60, leader=null, voted=null, raftlog=s0@group-3D81F66BC438-SegmentedRaftLog:OPENED:c11,f12,i12, conf=11: [s0:0.0.0.0:42154, s1:0.0.0.0:36158, s2:0.0.0.0:36910], old=null
2019-09-24 11:59:42,397 INFO  impl.LeaderElection (LeaderElection.java:logAndReturn(56)) - s1@group-3D81F66BC438-LeaderElection71: Election TIMEOUT; received 1 response(s) [s1<-s0#0:FAIL-t59] and 0 exception(s); s1@group-3D81F66BC438:t59, leader=null, voted=s1, raftlog=s1@group-3D81F66BC438-SegmentedRaftLog:OPENED:c10,f11,i11, conf=11: [s0:0.0.0.0:42154, s1:0.0.0.0:36158, s2:0.0.0.0:36910], old=null
2019-09-24 11:59:42,431 INFO  impl.LeaderElection (LeaderElection.java:askForVotes(178)) - s1@group-3D81F66BC438-LeaderElection71: begin an election at term 60 for 11: [s0:0.0.0.0:42154, s1:0.0.0.0:36158, s2:0.0.0.0:36910], old=null
2019-09-24 11:59:42,432 DEBUG impl.RaftServerImpl (RaftServerImpl.java:requestVote(743)) - s0@group-3D81F66BC438: receive requestVote(s1, group-3D81F66BC438, 60, (t:14, i:11))
2019-09-24 11:59:42,433 INFO  impl.RaftServerImpl (RaftServerImpl.java:setRole(170)) - s0@group-3D81F66BC438: changes role from  FOLLOWER to FOLLOWER at term 60 for recognizeCandidate:s1
2019-09-24 11:59:42,433 INFO  impl.RoleInfo (RoleInfo.java:shutdownFollowerState(121)) - s0: shutdown FollowerState
2019-09-24 11:59:42,433 INFO  impl.RoleInfo (RoleInfo.java:updateAndGet(143)) - s0: start FollowerState
2019-09-24 11:59:42,433 INFO  impl.FollowerState (FollowerState.java:run(117)) - s0@group-3D81F66BC438-FollowerState was interrupted: java.lang.InterruptedException: sleep interrupted
2019-09-24 11:59:42,433 DEBUG impl.RaftServerImpl (RaftServerImpl.java:requestVote(775)) - s0@group-3D81F66BC438 replies to vote request: s1<-s0#0:FAIL-t60. Peer's state: s0@group-3D81F66BC438:t60, leader=null, voted=null, raftlog=s0@group-3D81F66BC438-SegmentedRaftLog:OPENED:c11,f12,i12, conf=11: [s0:0.0.0.0:42154, s1:0.0.0.0:36158, s2:0.0.0.0:36910], old=null
2019-09-24 11:59:42,559 INFO  impl.LeaderElection (LeaderElection.java:logAndReturn(56)) - s2@group-3D81F66BC438-LeaderElection72: Election TIMEOUT; received 1 response(s) [s2<-s0#0:FAIL-t60] and 0 exception(s); s2@group-3D81F66BC438:t60, leader=null, voted=s2, raftlog=s2@group-3D81F66BC438-SegmentedRaftLog:OPENED:c10,f10,i10, conf=9: [s0:0.0.0.0:42154, s1:0.0.0.0:36158, s2:0.0.0.0:36910], old=null
2019-09-24 11:59:42,581 INFO  impl.LeaderElection (LeaderElection.java:askForVotes(178)) - s2@group-3D81F66BC438-LeaderElection72: begin an election at term 61 for 9: [s0:0.0.0.0:42154, s1:0.0.0.0:36158, s2:0.0.0.0:36910], old=null
2019-09-24 11:59:42,582 DEBUG impl.RaftServerImpl (RaftServerImpl.java:requestVote(743)) - s0@group-3D81F66BC438: receive requestVote(s2, group-3D81F66BC438, 61, (t:13, i:10))
2019-09-24 11:59:42,582 INFO  impl.RaftServerImpl (RaftServerImpl.java:setRole(170)) - s0@group-3D81F66BC438: changes role from  FOLLOWER to FOLLOWER at term 61 for recognizeCandidate:s2
2019-09-24 11:59:42,582 INFO  impl.RoleInfo (RoleInfo.java:shutdownFollowerState(121)) - s0: shutdown FollowerState
2019-09-24 11:59:42,582 INFO  impl.RoleInfo (RoleInfo.java:updateAndGet(143)) - s0: start FollowerState
2019-09-24 11:59:42,582 INFO  impl.FollowerState (FollowerState.java:run(117)) - s0@group-3D81F66BC438-FollowerState was interrupted: java.lang.InterruptedException: sleep interrupted
2019-09-24 11:59:42,608 DEBUG impl.RaftServerImpl (RaftServerImpl.java:requestVote(775)) - s0@group-3D81F66BC438 replies to vote request: s2<-s0#0:FAIL-t61. Peer's state: s0@group-3D81F66BC438:t61, leader=null, voted=null, raftlog=s0@group-3D81F66BC438-SegmentedRaftLog:OPENED:c11,f12,i12, conf=11: [s0:0.0.0.0:42154, s1:0.0.0.0:36158, s2:0.0.0.0:36910], old=null
2019-09-24 11:59:42,641 INFO  impl.LeaderElection (LeaderElection.java:logAndReturn(56)) - s1@group-3D81F66BC438-LeaderElection71: Election TIMEOUT; received 1 response(s) [s1<-s0#0:FAIL-t60] and 0 exception(s); s1@group-3D81F66BC438:t60, leader=null, voted=s1, raftlog=s1@group-3D81F66BC438-SegmentedRaftLog:OPENED:c10,f11,i11, conf=11: [s0:0.0.0.0:42154, s1:0.0.0.0:36158, s2:0.0.0.0:36910], old=null
2019-09-24 11:59:42,654 INFO  impl.LeaderElection (LeaderElection.java:askForVotes(178)) - s1@group-3D81F66BC438-LeaderElection71: begin an election at term 61 for 11: [s0:0.0.0.0:42154, s1:0.0.0.0:36158, s2:0.0.0.0:36910], old=null
2019-09-24 11:59:42,655 DEBUG impl.RaftServerImpl (RaftServerImpl.java:requestVote(743)) - s0@group-3D81F66BC438: receive requestVote(s1, group-3D81F66BC438, 61, (t:14, i:11))
2019-09-24 11:59:42,655 INFO  impl.RaftServerImpl (RaftServerImpl.java:setRole(170)) - s0@group-3D81F66BC438: changes role from  FOLLOWER to FOLLOWER at term 61 for recognizeCandidate:s1
2019-09-24 11:59:42,656 INFO  impl.RoleInfo (RoleInfo.java:shutdownFollowerState(121)) - s0: shutdown FollowerState
2019-09-24 11:59:42,656 INFO  impl.RoleInfo (RoleInfo.java:updateAndGet(143)) - s0: start FollowerState
2019-09-24 11:59:42,656 INFO  impl.FollowerState (FollowerState.java:run(117)) - s0@group-3D81F66BC438-FollowerState was interrupted: java.lang.InterruptedException: sleep interrupted
2019-09-24 11:59:42,656 DEBUG impl.RaftServerImpl (RaftServerImpl.java:requestVote(775)) - s0@group-3D81F66BC438 replies to vote request: s1<-s0#0:FAIL-t61. Peer's state: s0@group-3D81F66BC438:t61, leader=null, voted=null, raftlog=s0@group-3D81F66BC438-SegmentedRaftLog:OPENED:c11,f12,i12, conf=11: [s0:0.0.0.0:42154, s1:0.0.0.0:36158, s2:0.0.0.0:36910], old=null
2019-09-24 11:59:42,739 WARN  ratis.RaftTestUtil (JavaUtils.java:attempt(158)) - FAILED "waitForLeader-null-(expectLeader? true)", attempt #25/100: java.lang.IllegalStateException: No leader yet : printing ALL groups
  s0:  RUNNING  FOLLOWER s0@group-3D81F66BC438:t61, leader=null, voted=null, raftlog=s0@group-3D81F66BC438-SegmentedRaftLog:OPENED:c11,f12,i12, conf=11: [s0:0.0.0.0:42154, s1:0.0.0.0:36158, s2:0.0.0.0:36910], old=null RUNNING
  s1:  RUNNING CANDIDATE s1@group-3D81F66BC438:t61, leader=null, voted=s1, raftlog=s1@group-3D81F66BC438-SegmentedRaftLog:OPENED:c10,f11,i11, conf=11: [s0:0.0.0.0:42154, s1:0.0.0.0:36158, s2:0.0.0.0:36910], old=null RUNNING
  s2:  RUNNING CANDIDATE s2@group-3D81F66BC438:t61, leader=null, voted=s2, raftlog=s2@group-3D81F66BC438-SegmentedRaftLog:OPENED:c10,f10,i10, conf=9: [s0:0.0.0.0:42154, s1:0.0.0.0:36158, s2:0.0.0.0:36910], old=null RUNNING, sleep 450ms and then retry.
java.lang.IllegalStateException: No leader yet : printing ALL groups
  s0:  RUNNING  FOLLOWER s0@group-3D81F66BC438:t61, leader=null, voted=null, raftlog=s0@group-3D81F66BC438-SegmentedRaftLog:OPENED:c11,f12,i12, conf=11: [s0:0.0.0.0:42154, s1:0.0.0.0:36158, s2:0.0.0.0:36910], old=null RUNNING
  s1:  RUNNING CANDIDATE s1@group-3D81F66BC438:t61, leader=null, voted=s1, raftlog=s1@group-3D81F66BC438-SegmentedRaftLog:OPENED:c10,f11,i11, conf=11: [s0:0.0.0.0:42154, s1:0.0.0.0:36158, s2:0.0.0.0:36910], old=null RUNNING
  s2:  RUNNING CANDIDATE s2@group-3D81F66BC438:t61, leader=null, voted=s2, raftlog=s2@group-3D81F66BC438-SegmentedRaftLog:OPENED:c10,f10,i10, conf=9: [s0:0.0.0.0:42154, s1:0.0.0.0:36158, s2:0.0.0.0:36910], old=null RUNNING
	at org.apache.ratis.MiniRaftCluster.newIllegalStateExceptionForNoLeaders(MiniRaftCluster.java:506)
	at org.apache.ratis.RaftTestUtil.lambda$waitForLeader$1(RaftTestUtil.java:90)
	at org.apache.ratis.MiniRaftCluster.getLeader(MiniRaftCluster.java:539)
	at org.apache.ratis.MiniRaftCluster.getLeader(MiniRaftCluster.java:532)
	at org.apache.ratis.RaftTestUtil.lambda$waitForLeader$3(RaftTestUtil.java:98)
	at org.apache.ratis.util.JavaUtils.attempt(JavaUtils.java:152)
	at org.apache.ratis.RaftTestUtil.waitForLeader(RaftTestUtil.java:97)
	at org.apache.ratis.RaftTestUtil.waitForLeader(RaftTestUtil.java:77)
	at org.apache.ratis.RaftTestUtil.waitForLeader(RaftTestUtil.java:72)
	at org.apache.ratis.RaftTestUtil.lambda$changeLeader$7(RaftTestUtil.java:363)
	at org.apache.ratis.util.JavaUtils.attempt(JavaUtils.java:152)
	at org.apache.ratis.RaftTestUtil.changeLeader(RaftTestUtil.java:362)
	at org.apache.ratis.server.impl.LeaderElectionTests.testChangeLeader(LeaderElectionTests.java:81)
	at sun.reflect.NativeMethodAccessorImpl.invoke0(Native Method)
	at sun.reflect.NativeMethodAccessorImpl.invoke(NativeMethodAccessorImpl.java:62)
	at sun.reflect.DelegatingMethodAccessorImpl.invoke(DelegatingMethodAccessorImpl.java:43)
	at java.lang.reflect.Method.invoke(Method.java:498)
	at org.junit.runners.model.FrameworkMethod$1.runReflectiveCall(FrameworkMethod.java:50)
	at org.junit.internal.runners.model.ReflectiveCallable.run(ReflectiveCallable.java:12)
	at org.junit.runners.model.FrameworkMethod.invokeExplosively(FrameworkMethod.java:47)
	at org.junit.internal.runners.statements.InvokeMethod.evaluate(InvokeMethod.java:17)
	at org.junit.internal.runners.statements.RunAfters.evaluate(RunAfters.java:27)
	at org.junit.internal.runners.statements.FailOnTimeout$CallableStatement.call(FailOnTimeout.java:298)
	at org.junit.internal.runners.statements.FailOnTimeout$CallableStatement.call(FailOnTimeout.java:292)
	at java.util.concurrent.FutureTask.run(FutureTask.java:266)
	at java.lang.Thread.run(Thread.java:748)
2019-09-24 11:59:42,806 INFO  impl.LeaderElection (LeaderElection.java:logAndReturn(56)) - s2@group-3D81F66BC438-LeaderElection72: Election TIMEOUT; received 1 response(s) [s2<-s0#0:FAIL-t61] and 0 exception(s); s2@group-3D81F66BC438:t61, leader=null, voted=s2, raftlog=s2@group-3D81F66BC438-SegmentedRaftLog:OPENED:c10,f10,i10, conf=9: [s0:0.0.0.0:42154, s1:0.0.0.0:36158, s2:0.0.0.0:36910], old=null
2019-09-24 11:59:42,819 INFO  impl.LeaderElection (LeaderElection.java:askForVotes(178)) - s2@group-3D81F66BC438-LeaderElection72: begin an election at term 62 for 9: [s0:0.0.0.0:42154, s1:0.0.0.0:36158, s2:0.0.0.0:36910], old=null
2019-09-24 11:59:42,820 DEBUG impl.RaftServerImpl (RaftServerImpl.java:requestVote(743)) - s0@group-3D81F66BC438: receive requestVote(s2, group-3D81F66BC438, 62, (t:13, i:10))
2019-09-24 11:59:42,820 INFO  impl.RaftServerImpl (RaftServerImpl.java:setRole(170)) - s0@group-3D81F66BC438: changes role from  FOLLOWER to FOLLOWER at term 62 for recognizeCandidate:s2
2019-09-24 11:59:42,820 INFO  impl.RoleInfo (RoleInfo.java:shutdownFollowerState(121)) - s0: shutdown FollowerState
2019-09-24 11:59:42,820 INFO  impl.RoleInfo (RoleInfo.java:updateAndGet(143)) - s0: start FollowerState
2019-09-24 11:59:42,820 INFO  impl.FollowerState (FollowerState.java:run(117)) - s0@group-3D81F66BC438-FollowerState was interrupted: java.lang.InterruptedException: sleep interrupted
2019-09-24 11:59:42,835 DEBUG impl.RaftServerImpl (RaftServerImpl.java:requestVote(775)) - s0@group-3D81F66BC438 replies to vote request: s2<-s0#0:FAIL-t62. Peer's state: s0@group-3D81F66BC438:t62, leader=null, voted=null, raftlog=s0@group-3D81F66BC438-SegmentedRaftLog:OPENED:c11,f12,i12, conf=11: [s0:0.0.0.0:42154, s1:0.0.0.0:36158, s2:0.0.0.0:36910], old=null
2019-09-24 11:59:42,881 INFO  impl.LeaderElection (LeaderElection.java:logAndReturn(56)) - s1@group-3D81F66BC438-LeaderElection71: Election TIMEOUT; received 1 response(s) [s1<-s0#0:FAIL-t61] and 0 exception(s); s1@group-3D81F66BC438:t61, leader=null, voted=s1, raftlog=s1@group-3D81F66BC438-SegmentedRaftLog:OPENED:c10,f11,i11, conf=11: [s0:0.0.0.0:42154, s1:0.0.0.0:36158, s2:0.0.0.0:36910], old=null
2019-09-24 11:59:42,894 INFO  impl.LeaderElection (LeaderElection.java:askForVotes(178)) - s1@group-3D81F66BC438-LeaderElection71: begin an election at term 62 for 11: [s0:0.0.0.0:42154, s1:0.0.0.0:36158, s2:0.0.0.0:36910], old=null
2019-09-24 11:59:42,895 DEBUG impl.RaftServerImpl (RaftServerImpl.java:requestVote(743)) - s0@group-3D81F66BC438: receive requestVote(s1, group-3D81F66BC438, 62, (t:14, i:11))
2019-09-24 11:59:42,895 INFO  impl.RaftServerImpl (RaftServerImpl.java:setRole(170)) - s0@group-3D81F66BC438: changes role from  FOLLOWER to FOLLOWER at term 62 for recognizeCandidate:s1
2019-09-24 11:59:42,895 INFO  impl.RoleInfo (RoleInfo.java:shutdownFollowerState(121)) - s0: shutdown FollowerState
2019-09-24 11:59:42,895 INFO  impl.RoleInfo (RoleInfo.java:updateAndGet(143)) - s0: start FollowerState
2019-09-24 11:59:42,895 INFO  impl.FollowerState (FollowerState.java:run(117)) - s0@group-3D81F66BC438-FollowerState was interrupted: java.lang.InterruptedException: sleep interrupted
2019-09-24 11:59:42,896 DEBUG impl.RaftServerImpl (RaftServerImpl.java:requestVote(775)) - s0@group-3D81F66BC438 replies to vote request: s1<-s0#0:FAIL-t62. Peer's state: s0@group-3D81F66BC438:t62, leader=null, voted=null, raftlog=s0@group-3D81F66BC438-SegmentedRaftLog:OPENED:c11,f12,i12, conf=11: [s0:0.0.0.0:42154, s1:0.0.0.0:36158, s2:0.0.0.0:36910], old=null
2019-09-24 11:59:43,043 INFO  impl.LeaderElection (LeaderElection.java:logAndReturn(56)) - s2@group-3D81F66BC438-LeaderElection72: Election TIMEOUT; received 1 response(s) [s2<-s0#0:FAIL-t62] and 0 exception(s); s2@group-3D81F66BC438:t62, leader=null, voted=s2, raftlog=s2@group-3D81F66BC438-SegmentedRaftLog:OPENED:c10,f10,i10, conf=9: [s0:0.0.0.0:42154, s1:0.0.0.0:36158, s2:0.0.0.0:36910], old=null
2019-09-24 11:59:43,066 INFO  impl.LeaderElection (LeaderElection.java:askForVotes(178)) - s2@group-3D81F66BC438-LeaderElection72: begin an election at term 63 for 9: [s0:0.0.0.0:42154, s1:0.0.0.0:36158, s2:0.0.0.0:36910], old=null
2019-09-24 11:59:43,067 DEBUG impl.RaftServerImpl (RaftServerImpl.java:requestVote(743)) - s0@group-3D81F66BC438: receive requestVote(s2, group-3D81F66BC438, 63, (t:13, i:10))
2019-09-24 11:59:43,067 INFO  impl.RaftServerImpl (RaftServerImpl.java:setRole(170)) - s0@group-3D81F66BC438: changes role from  FOLLOWER to FOLLOWER at term 63 for recognizeCandidate:s2
2019-09-24 11:59:43,067 INFO  impl.RoleInfo (RoleInfo.java:shutdownFollowerState(121)) - s0: shutdown FollowerState
2019-09-24 11:59:43,067 INFO  impl.RoleInfo (RoleInfo.java:updateAndGet(143)) - s0: start FollowerState
2019-09-24 11:59:43,068 INFO  impl.FollowerState (FollowerState.java:run(117)) - s0@group-3D81F66BC438-FollowerState was interrupted: java.lang.InterruptedException: sleep interrupted
2019-09-24 11:59:43,081 DEBUG impl.RaftServerImpl (RaftServerImpl.java:requestVote(775)) - s0@group-3D81F66BC438 replies to vote request: s2<-s0#0:FAIL-t63. Peer's state: s0@group-3D81F66BC438:t63, leader=null, voted=null, raftlog=s0@group-3D81F66BC438-SegmentedRaftLog:OPENED:c11,f12,i12, conf=11: [s0:0.0.0.0:42154, s1:0.0.0.0:36158, s2:0.0.0.0:36910], old=null
2019-09-24 11:59:43,135 INFO  impl.LeaderElection (LeaderElection.java:logAndReturn(56)) - s1@group-3D81F66BC438-LeaderElection71: Election TIMEOUT; received 1 response(s) [s1<-s0#0:FAIL-t62] and 0 exception(s); s1@group-3D81F66BC438:t62, leader=null, voted=s1, raftlog=s1@group-3D81F66BC438-SegmentedRaftLog:OPENED:c10,f11,i11, conf=11: [s0:0.0.0.0:42154, s1:0.0.0.0:36158, s2:0.0.0.0:36910], old=null
2019-09-24 11:59:43,160 INFO  impl.LeaderElection (LeaderElection.java:askForVotes(178)) - s1@group-3D81F66BC438-LeaderElection71: begin an election at term 63 for 11: [s0:0.0.0.0:42154, s1:0.0.0.0:36158, s2:0.0.0.0:36910], old=null
2019-09-24 11:59:43,161 DEBUG impl.RaftServerImpl (RaftServerImpl.java:requestVote(743)) - s0@group-3D81F66BC438: receive requestVote(s1, group-3D81F66BC438, 63, (t:14, i:11))
2019-09-24 11:59:43,161 INFO  impl.RaftServerImpl (RaftServerImpl.java:setRole(170)) - s0@group-3D81F66BC438: changes role from  FOLLOWER to FOLLOWER at term 63 for recognizeCandidate:s1
2019-09-24 11:59:43,161 INFO  impl.RoleInfo (RoleInfo.java:shutdownFollowerState(121)) - s0: shutdown FollowerState
2019-09-24 11:59:43,161 INFO  impl.RoleInfo (RoleInfo.java:updateAndGet(143)) - s0: start FollowerState
2019-09-24 11:59:43,161 INFO  impl.FollowerState (FollowerState.java:run(117)) - s0@group-3D81F66BC438-FollowerState was interrupted: java.lang.InterruptedException: sleep interrupted
2019-09-24 11:59:43,162 DEBUG impl.RaftServerImpl (RaftServerImpl.java:requestVote(775)) - s0@group-3D81F66BC438 replies to vote request: s1<-s0#0:FAIL-t63. Peer's state: s0@group-3D81F66BC438:t63, leader=null, voted=null, raftlog=s0@group-3D81F66BC438-SegmentedRaftLog:OPENED:c11,f12,i12, conf=11: [s0:0.0.0.0:42154, s1:0.0.0.0:36158, s2:0.0.0.0:36910], old=null
2019-09-24 11:59:43,190 WARN  ratis.RaftTestUtil (JavaUtils.java:attempt(158)) - FAILED "waitForLeader-null-(expectLeader? true)", attempt #26/100: java.lang.IllegalStateException: No leader yet : printing ALL groups
  s0:  RUNNING  FOLLOWER s0@group-3D81F66BC438:t63, leader=null, voted=null, raftlog=s0@group-3D81F66BC438-SegmentedRaftLog:OPENED:c11,f12,i12, conf=11: [s0:0.0.0.0:42154, s1:0.0.0.0:36158, s2:0.0.0.0:36910], old=null RUNNING
  s1:  RUNNING CANDIDATE s1@group-3D81F66BC438:t63, leader=null, voted=s1, raftlog=s1@group-3D81F66BC438-SegmentedRaftLog:OPENED:c10,f11,i11, conf=11: [s0:0.0.0.0:42154, s1:0.0.0.0:36158, s2:0.0.0.0:36910], old=null RUNNING
  s2:  RUNNING CANDIDATE s2@group-3D81F66BC438:t63, leader=null, voted=s2, raftlog=s2@group-3D81F66BC438-SegmentedRaftLog:OPENED:c10,f10,i10, conf=9: [s0:0.0.0.0:42154, s1:0.0.0.0:36158, s2:0.0.0.0:36910], old=null RUNNING, sleep 450ms and then retry.
java.lang.IllegalStateException: No leader yet : printing ALL groups
  s0:  RUNNING  FOLLOWER s0@group-3D81F66BC438:t63, leader=null, voted=null, raftlog=s0@group-3D81F66BC438-SegmentedRaftLog:OPENED:c11,f12,i12, conf=11: [s0:0.0.0.0:42154, s1:0.0.0.0:36158, s2:0.0.0.0:36910], old=null RUNNING
  s1:  RUNNING CANDIDATE s1@group-3D81F66BC438:t63, leader=null, voted=s1, raftlog=s1@group-3D81F66BC438-SegmentedRaftLog:OPENED:c10,f11,i11, conf=11: [s0:0.0.0.0:42154, s1:0.0.0.0:36158, s2:0.0.0.0:36910], old=null RUNNING
  s2:  RUNNING CANDIDATE s2@group-3D81F66BC438:t63, leader=null, voted=s2, raftlog=s2@group-3D81F66BC438-SegmentedRaftLog:OPENED:c10,f10,i10, conf=9: [s0:0.0.0.0:42154, s1:0.0.0.0:36158, s2:0.0.0.0:36910], old=null RUNNING
	at org.apache.ratis.MiniRaftCluster.newIllegalStateExceptionForNoLeaders(MiniRaftCluster.java:506)
	at org.apache.ratis.RaftTestUtil.lambda$waitForLeader$1(RaftTestUtil.java:90)
	at org.apache.ratis.MiniRaftCluster.getLeader(MiniRaftCluster.java:539)
	at org.apache.ratis.MiniRaftCluster.getLeader(MiniRaftCluster.java:532)
	at org.apache.ratis.RaftTestUtil.lambda$waitForLeader$3(RaftTestUtil.java:98)
	at org.apache.ratis.util.JavaUtils.attempt(JavaUtils.java:152)
	at org.apache.ratis.RaftTestUtil.waitForLeader(RaftTestUtil.java:97)
	at org.apache.ratis.RaftTestUtil.waitForLeader(RaftTestUtil.java:77)
	at org.apache.ratis.RaftTestUtil.waitForLeader(RaftTestUtil.java:72)
	at org.apache.ratis.RaftTestUtil.lambda$changeLeader$7(RaftTestUtil.java:363)
	at org.apache.ratis.util.JavaUtils.attempt(JavaUtils.java:152)
	at org.apache.ratis.RaftTestUtil.changeLeader(RaftTestUtil.java:362)
	at org.apache.ratis.server.impl.LeaderElectionTests.testChangeLeader(LeaderElectionTests.java:81)
	at sun.reflect.NativeMethodAccessorImpl.invoke0(Native Method)
	at sun.reflect.NativeMethodAccessorImpl.invoke(NativeMethodAccessorImpl.java:62)
	at sun.reflect.DelegatingMethodAccessorImpl.invoke(DelegatingMethodAccessorImpl.java:43)
	at java.lang.reflect.Method.invoke(Method.java:498)
	at org.junit.runners.model.FrameworkMethod$1.runReflectiveCall(FrameworkMethod.java:50)
	at org.junit.internal.runners.model.ReflectiveCallable.run(ReflectiveCallable.java:12)
	at org.junit.runners.model.FrameworkMethod.invokeExplosively(FrameworkMethod.java:47)
	at org.junit.internal.runners.statements.InvokeMethod.evaluate(InvokeMethod.java:17)
	at org.junit.internal.runners.statements.RunAfters.evaluate(RunAfters.java:27)
	at org.junit.internal.runners.statements.FailOnTimeout$CallableStatement.call(FailOnTimeout.java:298)
	at org.junit.internal.runners.statements.FailOnTimeout$CallableStatement.call(FailOnTimeout.java:292)
	at java.util.concurrent.FutureTask.run(FutureTask.java:266)
	at java.lang.Thread.run(Thread.java:748)
2019-09-24 11:59:43,232 INFO  impl.LeaderElection (LeaderElection.java:logAndReturn(56)) - s2@group-3D81F66BC438-LeaderElection72: Election TIMEOUT; received 1 response(s) [s2<-s0#0:FAIL-t63] and 0 exception(s); s2@group-3D81F66BC438:t63, leader=null, voted=s2, raftlog=s2@group-3D81F66BC438-SegmentedRaftLog:OPENED:c10,f10,i10, conf=9: [s0:0.0.0.0:42154, s1:0.0.0.0:36158, s2:0.0.0.0:36910], old=null
2019-09-24 11:59:43,257 INFO  impl.LeaderElection (LeaderElection.java:askForVotes(178)) - s2@group-3D81F66BC438-LeaderElection72: begin an election at term 64 for 9: [s0:0.0.0.0:42154, s1:0.0.0.0:36158, s2:0.0.0.0:36910], old=null
2019-09-24 11:59:43,258 DEBUG impl.RaftServerImpl (RaftServerImpl.java:requestVote(743)) - s0@group-3D81F66BC438: receive requestVote(s2, group-3D81F66BC438, 64, (t:13, i:10))
2019-09-24 11:59:43,258 INFO  impl.RaftServerImpl (RaftServerImpl.java:setRole(170)) - s0@group-3D81F66BC438: changes role from  FOLLOWER to FOLLOWER at term 64 for recognizeCandidate:s2
2019-09-24 11:59:43,258 INFO  impl.RoleInfo (RoleInfo.java:shutdownFollowerState(121)) - s0: shutdown FollowerState
2019-09-24 11:59:43,259 INFO  impl.RoleInfo (RoleInfo.java:updateAndGet(143)) - s0: start FollowerState
2019-09-24 11:59:43,259 INFO  impl.FollowerState (FollowerState.java:run(117)) - s0@group-3D81F66BC438-FollowerState was interrupted: java.lang.InterruptedException: sleep interrupted
2019-09-24 11:59:43,272 DEBUG impl.RaftServerImpl (RaftServerImpl.java:requestVote(775)) - s0@group-3D81F66BC438 replies to vote request: s2<-s0#0:FAIL-t64. Peer's state: s0@group-3D81F66BC438:t64, leader=null, voted=null, raftlog=s0@group-3D81F66BC438-SegmentedRaftLog:OPENED:c11,f12,i12, conf=11: [s0:0.0.0.0:42154, s1:0.0.0.0:36158, s2:0.0.0.0:36910], old=null
2019-09-24 11:59:43,403 INFO  impl.LeaderElection (LeaderElection.java:logAndReturn(56)) - s1@group-3D81F66BC438-LeaderElection71: Election TIMEOUT; received 1 response(s) [s1<-s0#0:FAIL-t63] and 0 exception(s); s1@group-3D81F66BC438:t63, leader=null, voted=s1, raftlog=s1@group-3D81F66BC438-SegmentedRaftLog:OPENED:c10,f11,i11, conf=11: [s0:0.0.0.0:42154, s1:0.0.0.0:36158, s2:0.0.0.0:36910], old=null
2019-09-24 11:59:43,416 INFO  impl.LeaderElection (LeaderElection.java:askForVotes(178)) - s1@group-3D81F66BC438-LeaderElection71: begin an election at term 64 for 11: [s0:0.0.0.0:42154, s1:0.0.0.0:36158, s2:0.0.0.0:36910], old=null
2019-09-24 11:59:43,416 DEBUG impl.RaftServerImpl (RaftServerImpl.java:requestVote(743)) - s0@group-3D81F66BC438: receive requestVote(s1, group-3D81F66BC438, 64, (t:14, i:11))
2019-09-24 11:59:43,417 INFO  impl.RaftServerImpl (RaftServerImpl.java:setRole(170)) - s0@group-3D81F66BC438: changes role from  FOLLOWER to FOLLOWER at term 64 for recognizeCandidate:s1
2019-09-24 11:59:43,417 INFO  impl.RoleInfo (RoleInfo.java:shutdownFollowerState(121)) - s0: shutdown FollowerState
2019-09-24 11:59:43,417 INFO  impl.RoleInfo (RoleInfo.java:updateAndGet(143)) - s0: start FollowerState
2019-09-24 11:59:43,417 INFO  impl.FollowerState (FollowerState.java:run(117)) - s0@group-3D81F66BC438-FollowerState was interrupted: java.lang.InterruptedException: sleep interrupted
2019-09-24 11:59:43,417 DEBUG impl.RaftServerImpl (RaftServerImpl.java:requestVote(775)) - s0@group-3D81F66BC438 replies to vote request: s1<-s0#0:FAIL-t64. Peer's state: s0@group-3D81F66BC438:t64, leader=null, voted=null, raftlog=s0@group-3D81F66BC438-SegmentedRaftLog:OPENED:c11,f12,i12, conf=11: [s0:0.0.0.0:42154, s1:0.0.0.0:36158, s2:0.0.0.0:36910], old=null
2019-09-24 11:59:43,513 INFO  impl.LeaderElection (LeaderElection.java:logAndReturn(56)) - s2@group-3D81F66BC438-LeaderElection72: Election TIMEOUT; received 1 response(s) [s2<-s0#0:FAIL-t64] and 0 exception(s); s2@group-3D81F66BC438:t64, leader=null, voted=s2, raftlog=s2@group-3D81F66BC438-SegmentedRaftLog:OPENED:c10,f10,i10, conf=9: [s0:0.0.0.0:42154, s1:0.0.0.0:36158, s2:0.0.0.0:36910], old=null
2019-09-24 11:59:43,539 INFO  impl.LeaderElection (LeaderElection.java:askForVotes(178)) - s2@group-3D81F66BC438-LeaderElection72: begin an election at term 65 for 9: [s0:0.0.0.0:42154, s1:0.0.0.0:36158, s2:0.0.0.0:36910], old=null
2019-09-24 11:59:43,540 DEBUG impl.RaftServerImpl (RaftServerImpl.java:requestVote(743)) - s0@group-3D81F66BC438: receive requestVote(s2, group-3D81F66BC438, 65, (t:13, i:10))
2019-09-24 11:59:43,540 INFO  impl.RaftServerImpl (RaftServerImpl.java:setRole(170)) - s0@group-3D81F66BC438: changes role from  FOLLOWER to FOLLOWER at term 65 for recognizeCandidate:s2
2019-09-24 11:59:43,540 INFO  impl.RoleInfo (RoleInfo.java:shutdownFollowerState(121)) - s0: shutdown FollowerState
2019-09-24 11:59:43,540 INFO  impl.RoleInfo (RoleInfo.java:updateAndGet(143)) - s0: start FollowerState
2019-09-24 11:59:43,540 INFO  impl.FollowerState (FollowerState.java:run(117)) - s0@group-3D81F66BC438-FollowerState was interrupted: java.lang.InterruptedException: sleep interrupted
2019-09-24 11:59:43,553 DEBUG impl.RaftServerImpl (RaftServerImpl.java:requestVote(775)) - s0@group-3D81F66BC438 replies to vote request: s2<-s0#0:FAIL-t65. Peer's state: s0@group-3D81F66BC438:t65, leader=null, voted=null, raftlog=s0@group-3D81F66BC438-SegmentedRaftLog:OPENED:c11,f12,i12, conf=11: [s0:0.0.0.0:42154, s1:0.0.0.0:36158, s2:0.0.0.0:36910], old=null
2019-09-24 11:59:43,641 WARN  ratis.RaftTestUtil (JavaUtils.java:attempt(158)) - FAILED "waitForLeader-null-(expectLeader? true)", attempt #27/100: java.lang.IllegalStateException: No leader yet : printing ALL groups
  s0:  RUNNING  FOLLOWER s0@group-3D81F66BC438:t65, leader=null, voted=null, raftlog=s0@group-3D81F66BC438-SegmentedRaftLog:OPENED:c11,f12,i12, conf=11: [s0:0.0.0.0:42154, s1:0.0.0.0:36158, s2:0.0.0.0:36910], old=null RUNNING
  s1:  RUNNING CANDIDATE s1@group-3D81F66BC438:t64, leader=null, voted=s1, raftlog=s1@group-3D81F66BC438-SegmentedRaftLog:OPENED:c10,f11,i11, conf=11: [s0:0.0.0.0:42154, s1:0.0.0.0:36158, s2:0.0.0.0:36910], old=null RUNNING
  s2:  RUNNING CANDIDATE s2@group-3D81F66BC438:t65, leader=null, voted=s2, raftlog=s2@group-3D81F66BC438-SegmentedRaftLog:OPENED:c10,f10,i10, conf=9: [s0:0.0.0.0:42154, s1:0.0.0.0:36158, s2:0.0.0.0:36910], old=null RUNNING, sleep 450ms and then retry.
java.lang.IllegalStateException: No leader yet : printing ALL groups
  s0:  RUNNING  FOLLOWER s0@group-3D81F66BC438:t65, leader=null, voted=null, raftlog=s0@group-3D81F66BC438-SegmentedRaftLog:OPENED:c11,f12,i12, conf=11: [s0:0.0.0.0:42154, s1:0.0.0.0:36158, s2:0.0.0.0:36910], old=null RUNNING
  s1:  RUNNING CANDIDATE s1@group-3D81F66BC438:t64, leader=null, voted=s1, raftlog=s1@group-3D81F66BC438-SegmentedRaftLog:OPENED:c10,f11,i11, conf=11: [s0:0.0.0.0:42154, s1:0.0.0.0:36158, s2:0.0.0.0:36910], old=null RUNNING
  s2:  RUNNING CANDIDATE s2@group-3D81F66BC438:t65, leader=null, voted=s2, raftlog=s2@group-3D81F66BC438-SegmentedRaftLog:OPENED:c10,f10,i10, conf=9: [s0:0.0.0.0:42154, s1:0.0.0.0:36158, s2:0.0.0.0:36910], old=null RUNNING
	at org.apache.ratis.MiniRaftCluster.newIllegalStateExceptionForNoLeaders(MiniRaftCluster.java:506)
	at org.apache.ratis.RaftTestUtil.lambda$waitForLeader$1(RaftTestUtil.java:90)
	at org.apache.ratis.MiniRaftCluster.getLeader(MiniRaftCluster.java:539)
	at org.apache.ratis.MiniRaftCluster.getLeader(MiniRaftCluster.java:532)
	at org.apache.ratis.RaftTestUtil.lambda$waitForLeader$3(RaftTestUtil.java:98)
	at org.apache.ratis.util.JavaUtils.attempt(JavaUtils.java:152)
	at org.apache.ratis.RaftTestUtil.waitForLeader(RaftTestUtil.java:97)
	at org.apache.ratis.RaftTestUtil.waitForLeader(RaftTestUtil.java:77)
	at org.apache.ratis.RaftTestUtil.waitForLeader(RaftTestUtil.java:72)
	at org.apache.ratis.RaftTestUtil.lambda$changeLeader$7(RaftTestUtil.java:363)
	at org.apache.ratis.util.JavaUtils.attempt(JavaUtils.java:152)
	at org.apache.ratis.RaftTestUtil.changeLeader(RaftTestUtil.java:362)
	at org.apache.ratis.server.impl.LeaderElectionTests.testChangeLeader(LeaderElectionTests.java:81)
	at sun.reflect.NativeMethodAccessorImpl.invoke0(Native Method)
	at sun.reflect.NativeMethodAccessorImpl.invoke(NativeMethodAccessorImpl.java:62)
	at sun.reflect.DelegatingMethodAccessorImpl.invoke(DelegatingMethodAccessorImpl.java:43)
	at java.lang.reflect.Method.invoke(Method.java:498)
	at org.junit.runners.model.FrameworkMethod$1.runReflectiveCall(FrameworkMethod.java:50)
	at org.junit.internal.runners.model.ReflectiveCallable.run(ReflectiveCallable.java:12)
	at org.junit.runners.model.FrameworkMethod.invokeExplosively(FrameworkMethod.java:47)
	at org.junit.internal.runners.statements.InvokeMethod.evaluate(InvokeMethod.java:17)
	at org.junit.internal.runners.statements.RunAfters.evaluate(RunAfters.java:27)
	at org.junit.internal.runners.statements.FailOnTimeout$CallableStatement.call(FailOnTimeout.java:298)
	at org.junit.internal.runners.statements.FailOnTimeout$CallableStatement.call(FailOnTimeout.java:292)
	at java.util.concurrent.FutureTask.run(FutureTask.java:266)
	at java.lang.Thread.run(Thread.java:748)
2019-09-24 11:59:43,670 INFO  impl.LeaderElection (LeaderElection.java:logAndReturn(56)) - s1@group-3D81F66BC438-LeaderElection71: Election TIMEOUT; received 1 response(s) [s1<-s0#0:FAIL-t64] and 0 exception(s); s1@group-3D81F66BC438:t64, leader=null, voted=s1, raftlog=s1@group-3D81F66BC438-SegmentedRaftLog:OPENED:c10,f11,i11, conf=11: [s0:0.0.0.0:42154, s1:0.0.0.0:36158, s2:0.0.0.0:36910], old=null
2019-09-24 11:59:43,683 INFO  impl.LeaderElection (LeaderElection.java:askForVotes(178)) - s1@group-3D81F66BC438-LeaderElection71: begin an election at term 65 for 11: [s0:0.0.0.0:42154, s1:0.0.0.0:36158, s2:0.0.0.0:36910], old=null
2019-09-24 11:59:43,683 DEBUG impl.RaftServerImpl (RaftServerImpl.java:requestVote(743)) - s0@group-3D81F66BC438: receive requestVote(s1, group-3D81F66BC438, 65, (t:14, i:11))
2019-09-24 11:59:43,684 INFO  impl.RaftServerImpl (RaftServerImpl.java:setRole(170)) - s0@group-3D81F66BC438: changes role from  FOLLOWER to FOLLOWER at term 65 for recognizeCandidate:s1
2019-09-24 11:59:43,684 INFO  impl.RoleInfo (RoleInfo.java:shutdownFollowerState(121)) - s0: shutdown FollowerState
2019-09-24 11:59:43,684 INFO  impl.RoleInfo (RoleInfo.java:updateAndGet(143)) - s0: start FollowerState
2019-09-24 11:59:43,684 INFO  impl.FollowerState (FollowerState.java:run(117)) - s0@group-3D81F66BC438-FollowerState was interrupted: java.lang.InterruptedException: sleep interrupted
2019-09-24 11:59:43,684 DEBUG impl.RaftServerImpl (RaftServerImpl.java:requestVote(775)) - s0@group-3D81F66BC438 replies to vote request: s1<-s0#0:FAIL-t65. Peer's state: s0@group-3D81F66BC438:t65, leader=null, voted=null, raftlog=s0@group-3D81F66BC438-SegmentedRaftLog:OPENED:c11,f12,i12, conf=11: [s0:0.0.0.0:42154, s1:0.0.0.0:36158, s2:0.0.0.0:36910], old=null
2019-09-24 11:59:43,801 INFO  impl.LeaderElection (LeaderElection.java:logAndReturn(56)) - s2@group-3D81F66BC438-LeaderElection72: Election TIMEOUT; received 1 response(s) [s2<-s0#0:FAIL-t65] and 0 exception(s); s2@group-3D81F66BC438:t65, leader=null, voted=s2, raftlog=s2@group-3D81F66BC438-SegmentedRaftLog:OPENED:c10,f10,i10, conf=9: [s0:0.0.0.0:42154, s1:0.0.0.0:36158, s2:0.0.0.0:36910], old=null
2019-09-24 11:59:43,827 INFO  impl.LeaderElection (LeaderElection.java:askForVotes(178)) - s2@group-3D81F66BC438-LeaderElection72: begin an election at term 66 for 9: [s0:0.0.0.0:42154, s1:0.0.0.0:36158, s2:0.0.0.0:36910], old=null
2019-09-24 11:59:43,828 DEBUG impl.RaftServerImpl (RaftServerImpl.java:requestVote(743)) - s0@group-3D81F66BC438: receive requestVote(s2, group-3D81F66BC438, 66, (t:13, i:10))
2019-09-24 11:59:43,828 INFO  impl.RaftServerImpl (RaftServerImpl.java:setRole(170)) - s0@group-3D81F66BC438: changes role from  FOLLOWER to FOLLOWER at term 66 for recognizeCandidate:s2
2019-09-24 11:59:43,828 INFO  impl.RoleInfo (RoleInfo.java:shutdownFollowerState(121)) - s0: shutdown FollowerState
2019-09-24 11:59:43,828 INFO  impl.RoleInfo (RoleInfo.java:updateAndGet(143)) - s0: start FollowerState
2019-09-24 11:59:43,828 INFO  impl.FollowerState (FollowerState.java:run(117)) - s0@group-3D81F66BC438-FollowerState was interrupted: java.lang.InterruptedException: sleep interrupted
2019-09-24 11:59:43,842 DEBUG impl.RaftServerImpl (RaftServerImpl.java:requestVote(775)) - s0@group-3D81F66BC438 replies to vote request: s2<-s0#0:FAIL-t66. Peer's state: s0@group-3D81F66BC438:t66, leader=null, voted=null, raftlog=s0@group-3D81F66BC438-SegmentedRaftLog:OPENED:c11,f12,i12, conf=11: [s0:0.0.0.0:42154, s1:0.0.0.0:36158, s2:0.0.0.0:36910], old=null
2019-09-24 11:59:43,969 INFO  impl.LeaderElection (LeaderElection.java:logAndReturn(56)) - s1@group-3D81F66BC438-LeaderElection71: Election TIMEOUT; received 1 response(s) [s1<-s0#0:FAIL-t65] and 0 exception(s); s1@group-3D81F66BC438:t65, leader=null, voted=s1, raftlog=s1@group-3D81F66BC438-SegmentedRaftLog:OPENED:c10,f11,i11, conf=11: [s0:0.0.0.0:42154, s1:0.0.0.0:36158, s2:0.0.0.0:36910], old=null
2019-09-24 11:59:43,982 INFO  impl.LeaderElection (LeaderElection.java:askForVotes(178)) - s1@group-3D81F66BC438-LeaderElection71: begin an election at term 66 for 11: [s0:0.0.0.0:42154, s1:0.0.0.0:36158, s2:0.0.0.0:36910], old=null
2019-09-24 11:59:43,983 DEBUG impl.RaftServerImpl (RaftServerImpl.java:requestVote(743)) - s0@group-3D81F66BC438: receive requestVote(s1, group-3D81F66BC438, 66, (t:14, i:11))
2019-09-24 11:59:43,983 INFO  impl.RaftServerImpl (RaftServerImpl.java:setRole(170)) - s0@group-3D81F66BC438: changes role from  FOLLOWER to FOLLOWER at term 66 for recognizeCandidate:s1
2019-09-24 11:59:43,983 INFO  impl.RoleInfo (RoleInfo.java:shutdownFollowerState(121)) - s0: shutdown FollowerState
2019-09-24 11:59:43,984 INFO  impl.RoleInfo (RoleInfo.java:updateAndGet(143)) - s0: start FollowerState
2019-09-24 11:59:43,984 INFO  impl.FollowerState (FollowerState.java:run(117)) - s0@group-3D81F66BC438-FollowerState was interrupted: java.lang.InterruptedException: sleep interrupted
2019-09-24 11:59:43,984 DEBUG impl.RaftServerImpl (RaftServerImpl.java:requestVote(775)) - s0@group-3D81F66BC438 replies to vote request: s1<-s0#0:FAIL-t66. Peer's state: s0@group-3D81F66BC438:t66, leader=null, voted=null, raftlog=s0@group-3D81F66BC438-SegmentedRaftLog:OPENED:c11,f12,i12, conf=11: [s0:0.0.0.0:42154, s1:0.0.0.0:36158, s2:0.0.0.0:36910], old=null
2019-09-24 11:59:43,987 INFO  impl.LeaderElection (LeaderElection.java:logAndReturn(56)) - s2@group-3D81F66BC438-LeaderElection72: Election TIMEOUT; received 1 response(s) [s2<-s0#0:FAIL-t66] and 0 exception(s); s2@group-3D81F66BC438:t66, leader=null, voted=s2, raftlog=s2@group-3D81F66BC438-SegmentedRaftLog:OPENED:c10,f10,i10, conf=9: [s0:0.0.0.0:42154, s1:0.0.0.0:36158, s2:0.0.0.0:36910], old=null
2019-09-24 11:59:44,001 INFO  impl.LeaderElection (LeaderElection.java:askForVotes(178)) - s2@group-3D81F66BC438-LeaderElection72: begin an election at term 67 for 9: [s0:0.0.0.0:42154, s1:0.0.0.0:36158, s2:0.0.0.0:36910], old=null
2019-09-24 11:59:44,002 DEBUG impl.RaftServerImpl (RaftServerImpl.java:requestVote(743)) - s0@group-3D81F66BC438: receive requestVote(s2, group-3D81F66BC438, 67, (t:13, i:10))
2019-09-24 11:59:44,002 INFO  impl.RaftServerImpl (RaftServerImpl.java:setRole(170)) - s0@group-3D81F66BC438: changes role from  FOLLOWER to FOLLOWER at term 67 for recognizeCandidate:s2
2019-09-24 11:59:44,002 INFO  impl.RoleInfo (RoleInfo.java:shutdownFollowerState(121)) - s0: shutdown FollowerState
2019-09-24 11:59:44,003 INFO  impl.RoleInfo (RoleInfo.java:updateAndGet(143)) - s0: start FollowerState
2019-09-24 11:59:44,003 INFO  impl.FollowerState (FollowerState.java:run(117)) - s0@group-3D81F66BC438-FollowerState was interrupted: java.lang.InterruptedException: sleep interrupted
2019-09-24 11:59:44,015 DEBUG impl.RaftServerImpl (RaftServerImpl.java:requestVote(775)) - s0@group-3D81F66BC438 replies to vote request: s2<-s0#0:FAIL-t67. Peer's state: s0@group-3D81F66BC438:t67, leader=null, voted=null, raftlog=s0@group-3D81F66BC438-SegmentedRaftLog:OPENED:c11,f12,i12, conf=11: [s0:0.0.0.0:42154, s1:0.0.0.0:36158, s2:0.0.0.0:36910], old=null
2019-09-24 11:59:44,093 WARN  ratis.RaftTestUtil (JavaUtils.java:attempt(158)) - FAILED "waitForLeader-null-(expectLeader? true)", attempt #28/100: java.lang.IllegalStateException: No leader yet : printing ALL groups
  s0:  RUNNING  FOLLOWER s0@group-3D81F66BC438:t67, leader=null, voted=null, raftlog=s0@group-3D81F66BC438-SegmentedRaftLog:OPENED:c11,f12,i12, conf=11: [s0:0.0.0.0:42154, s1:0.0.0.0:36158, s2:0.0.0.0:36910], old=null RUNNING
  s1:  RUNNING CANDIDATE s1@group-3D81F66BC438:t66, leader=null, voted=s1, raftlog=s1@group-3D81F66BC438-SegmentedRaftLog:OPENED:c10,f11,i11, conf=11: [s0:0.0.0.0:42154, s1:0.0.0.0:36158, s2:0.0.0.0:36910], old=null RUNNING
  s2:  RUNNING CANDIDATE s2@group-3D81F66BC438:t67, leader=null, voted=s2, raftlog=s2@group-3D81F66BC438-SegmentedRaftLog:OPENED:c10,f10,i10, conf=9: [s0:0.0.0.0:42154, s1:0.0.0.0:36158, s2:0.0.0.0:36910], old=null RUNNING, sleep 450ms and then retry.
java.lang.IllegalStateException: No leader yet : printing ALL groups
  s0:  RUNNING  FOLLOWER s0@group-3D81F66BC438:t67, leader=null, voted=null, raftlog=s0@group-3D81F66BC438-SegmentedRaftLog:OPENED:c11,f12,i12, conf=11: [s0:0.0.0.0:42154, s1:0.0.0.0:36158, s2:0.0.0.0:36910], old=null RUNNING
  s1:  RUNNING CANDIDATE s1@group-3D81F66BC438:t66, leader=null, voted=s1, raftlog=s1@group-3D81F66BC438-SegmentedRaftLog:OPENED:c10,f11,i11, conf=11: [s0:0.0.0.0:42154, s1:0.0.0.0:36158, s2:0.0.0.0:36910], old=null RUNNING
  s2:  RUNNING CANDIDATE s2@group-3D81F66BC438:t67, leader=null, voted=s2, raftlog=s2@group-3D81F66BC438-SegmentedRaftLog:OPENED:c10,f10,i10, conf=9: [s0:0.0.0.0:42154, s1:0.0.0.0:36158, s2:0.0.0.0:36910], old=null RUNNING
	at org.apache.ratis.MiniRaftCluster.newIllegalStateExceptionForNoLeaders(MiniRaftCluster.java:506)
	at org.apache.ratis.RaftTestUtil.lambda$waitForLeader$1(RaftTestUtil.java:90)
	at org.apache.ratis.MiniRaftCluster.getLeader(MiniRaftCluster.java:539)
	at org.apache.ratis.MiniRaftCluster.getLeader(MiniRaftCluster.java:532)
	at org.apache.ratis.RaftTestUtil.lambda$waitForLeader$3(RaftTestUtil.java:98)
	at org.apache.ratis.util.JavaUtils.attempt(JavaUtils.java:152)
	at org.apache.ratis.RaftTestUtil.waitForLeader(RaftTestUtil.java:97)
	at org.apache.ratis.RaftTestUtil.waitForLeader(RaftTestUtil.java:77)
	at org.apache.ratis.RaftTestUtil.waitForLeader(RaftTestUtil.java:72)
	at org.apache.ratis.RaftTestUtil.lambda$changeLeader$7(RaftTestUtil.java:363)
	at org.apache.ratis.util.JavaUtils.attempt(JavaUtils.java:152)
	at org.apache.ratis.RaftTestUtil.changeLeader(RaftTestUtil.java:362)
	at org.apache.ratis.server.impl.LeaderElectionTests.testChangeLeader(LeaderElectionTests.java:81)
	at sun.reflect.NativeMethodAccessorImpl.invoke0(Native Method)
	at sun.reflect.NativeMethodAccessorImpl.invoke(NativeMethodAccessorImpl.java:62)
	at sun.reflect.DelegatingMethodAccessorImpl.invoke(DelegatingMethodAccessorImpl.java:43)
	at java.lang.reflect.Method.invoke(Method.java:498)
	at org.junit.runners.model.FrameworkMethod$1.runReflectiveCall(FrameworkMethod.java:50)
	at org.junit.internal.runners.model.ReflectiveCallable.run(ReflectiveCallable.java:12)
	at org.junit.runners.model.FrameworkMethod.invokeExplosively(FrameworkMethod.java:47)
	at org.junit.internal.runners.statements.InvokeMethod.evaluate(InvokeMethod.java:17)
	at org.junit.internal.runners.statements.RunAfters.evaluate(RunAfters.java:27)
	at org.junit.internal.runners.statements.FailOnTimeout$CallableStatement.call(FailOnTimeout.java:298)
	at org.junit.internal.runners.statements.FailOnTimeout$CallableStatement.call(FailOnTimeout.java:292)
	at java.util.concurrent.FutureTask.run(FutureTask.java:266)
	at java.lang.Thread.run(Thread.java:748)
2019-09-24 11:59:44,136 INFO  impl.LeaderElection (LeaderElection.java:logAndReturn(56)) - s1@group-3D81F66BC438-LeaderElection71: Election TIMEOUT; received 1 response(s) [s1<-s0#0:FAIL-t66] and 0 exception(s); s1@group-3D81F66BC438:t66, leader=null, voted=s1, raftlog=s1@group-3D81F66BC438-SegmentedRaftLog:OPENED:c10,f11,i11, conf=11: [s0:0.0.0.0:42154, s1:0.0.0.0:36158, s2:0.0.0.0:36910], old=null
2019-09-24 11:59:44,170 INFO  impl.LeaderElection (LeaderElection.java:askForVotes(178)) - s1@group-3D81F66BC438-LeaderElection71: begin an election at term 67 for 11: [s0:0.0.0.0:42154, s1:0.0.0.0:36158, s2:0.0.0.0:36910], old=null
2019-09-24 11:59:44,171 DEBUG impl.RaftServerImpl (RaftServerImpl.java:requestVote(743)) - s0@group-3D81F66BC438: receive requestVote(s1, group-3D81F66BC438, 67, (t:14, i:11))
2019-09-24 11:59:44,171 INFO  impl.RaftServerImpl (RaftServerImpl.java:setRole(170)) - s0@group-3D81F66BC438: changes role from  FOLLOWER to FOLLOWER at term 67 for recognizeCandidate:s1
2019-09-24 11:59:44,171 INFO  impl.RoleInfo (RoleInfo.java:shutdownFollowerState(121)) - s0: shutdown FollowerState
2019-09-24 11:59:44,171 INFO  impl.RoleInfo (RoleInfo.java:updateAndGet(143)) - s0: start FollowerState
2019-09-24 11:59:44,171 INFO  impl.FollowerState (FollowerState.java:run(117)) - s0@group-3D81F66BC438-FollowerState was interrupted: java.lang.InterruptedException: sleep interrupted
2019-09-24 11:59:44,172 DEBUG impl.RaftServerImpl (RaftServerImpl.java:requestVote(775)) - s0@group-3D81F66BC438 replies to vote request: s1<-s0#0:FAIL-t67. Peer's state: s0@group-3D81F66BC438:t67, leader=null, voted=null, raftlog=s0@group-3D81F66BC438-SegmentedRaftLog:OPENED:c11,f12,i12, conf=11: [s0:0.0.0.0:42154, s1:0.0.0.0:36158, s2:0.0.0.0:36910], old=null
2019-09-24 11:59:44,255 INFO  impl.LeaderElection (LeaderElection.java:logAndReturn(56)) - s2@group-3D81F66BC438-LeaderElection72: Election TIMEOUT; received 1 response(s) [s2<-s0#0:FAIL-t67] and 0 exception(s); s2@group-3D81F66BC438:t67, leader=null, voted=s2, raftlog=s2@group-3D81F66BC438-SegmentedRaftLog:OPENED:c10,f10,i10, conf=9: [s0:0.0.0.0:42154, s1:0.0.0.0:36158, s2:0.0.0.0:36910], old=null
2019-09-24 11:59:44,267 INFO  impl.LeaderElection (LeaderElection.java:askForVotes(178)) - s2@group-3D81F66BC438-LeaderElection72: begin an election at term 68 for 9: [s0:0.0.0.0:42154, s1:0.0.0.0:36158, s2:0.0.0.0:36910], old=null
2019-09-24 11:59:44,268 DEBUG impl.RaftServerImpl (RaftServerImpl.java:requestVote(743)) - s0@group-3D81F66BC438: receive requestVote(s2, group-3D81F66BC438, 68, (t:13, i:10))
2019-09-24 11:59:44,268 INFO  impl.RaftServerImpl (RaftServerImpl.java:setRole(170)) - s0@group-3D81F66BC438: changes role from  FOLLOWER to FOLLOWER at term 68 for recognizeCandidate:s2
2019-09-24 11:59:44,268 INFO  impl.RoleInfo (RoleInfo.java:shutdownFollowerState(121)) - s0: shutdown FollowerState
2019-09-24 11:59:44,268 INFO  impl.RoleInfo (RoleInfo.java:updateAndGet(143)) - s0: start FollowerState
2019-09-24 11:59:44,268 INFO  impl.FollowerState (FollowerState.java:run(117)) - s0@group-3D81F66BC438-FollowerState was interrupted: java.lang.InterruptedException: sleep interrupted
2019-09-24 11:59:44,282 DEBUG impl.RaftServerImpl (RaftServerImpl.java:requestVote(775)) - s0@group-3D81F66BC438 replies to vote request: s2<-s0#0:FAIL-t68. Peer's state: s0@group-3D81F66BC438:t68, leader=null, voted=null, raftlog=s0@group-3D81F66BC438-SegmentedRaftLog:OPENED:c11,f12,i12, conf=11: [s0:0.0.0.0:42154, s1:0.0.0.0:36158, s2:0.0.0.0:36910], old=null
2019-09-24 11:59:44,416 INFO  impl.LeaderElection (LeaderElection.java:logAndReturn(56)) - s1@group-3D81F66BC438-LeaderElection71: Election TIMEOUT; received 1 response(s) [s1<-s0#0:FAIL-t67] and 0 exception(s); s1@group-3D81F66BC438:t67, leader=null, voted=s1, raftlog=s1@group-3D81F66BC438-SegmentedRaftLog:OPENED:c10,f11,i11, conf=11: [s0:0.0.0.0:42154, s1:0.0.0.0:36158, s2:0.0.0.0:36910], old=null
2019-09-24 11:59:44,431 INFO  impl.LeaderElection (LeaderElection.java:askForVotes(178)) - s1@group-3D81F66BC438-LeaderElection71: begin an election at term 68 for 11: [s0:0.0.0.0:42154, s1:0.0.0.0:36158, s2:0.0.0.0:36910], old=null
2019-09-24 11:59:44,432 DEBUG impl.RaftServerImpl (RaftServerImpl.java:requestVote(743)) - s0@group-3D81F66BC438: receive requestVote(s1, group-3D81F66BC438, 68, (t:14, i:11))
2019-09-24 11:59:44,432 INFO  impl.RaftServerImpl (RaftServerImpl.java:setRole(170)) - s0@group-3D81F66BC438: changes role from  FOLLOWER to FOLLOWER at term 68 for recognizeCandidate:s1
2019-09-24 11:59:44,432 INFO  impl.RoleInfo (RoleInfo.java:shutdownFollowerState(121)) - s0: shutdown FollowerState
2019-09-24 11:59:44,432 INFO  impl.RoleInfo (RoleInfo.java:updateAndGet(143)) - s0: start FollowerState
2019-09-24 11:59:44,432 INFO  impl.FollowerState (FollowerState.java:run(117)) - s0@group-3D81F66BC438-FollowerState was interrupted: java.lang.InterruptedException: sleep interrupted
2019-09-24 11:59:44,433 DEBUG impl.RaftServerImpl (RaftServerImpl.java:requestVote(775)) - s0@group-3D81F66BC438 replies to vote request: s1<-s0#0:FAIL-t68. Peer's state: s0@group-3D81F66BC438:t68, leader=null, voted=null, raftlog=s0@group-3D81F66BC438-SegmentedRaftLog:OPENED:c11,f12,i12, conf=11: [s0:0.0.0.0:42154, s1:0.0.0.0:36158, s2:0.0.0.0:36910], old=null
2019-09-24 11:59:44,500 INFO  impl.LeaderElection (LeaderElection.java:logAndReturn(56)) - s2@group-3D81F66BC438-LeaderElection72: Election TIMEOUT; received 1 response(s) [s2<-s0#0:FAIL-t68] and 0 exception(s); s2@group-3D81F66BC438:t68, leader=null, voted=s2, raftlog=s2@group-3D81F66BC438-SegmentedRaftLog:OPENED:c10,f10,i10, conf=9: [s0:0.0.0.0:42154, s1:0.0.0.0:36158, s2:0.0.0.0:36910], old=null
2019-09-24 11:59:44,514 INFO  impl.LeaderElection (LeaderElection.java:askForVotes(178)) - s2@group-3D81F66BC438-LeaderElection72: begin an election at term 69 for 9: [s0:0.0.0.0:42154, s1:0.0.0.0:36158, s2:0.0.0.0:36910], old=null
2019-09-24 11:59:44,515 DEBUG impl.RaftServerImpl (RaftServerImpl.java:requestVote(743)) - s0@group-3D81F66BC438: receive requestVote(s2, group-3D81F66BC438, 69, (t:13, i:10))
2019-09-24 11:59:44,515 INFO  impl.RaftServerImpl (RaftServerImpl.java:setRole(170)) - s0@group-3D81F66BC438: changes role from  FOLLOWER to FOLLOWER at term 69 for recognizeCandidate:s2
2019-09-24 11:59:44,515 INFO  impl.RoleInfo (RoleInfo.java:shutdownFollowerState(121)) - s0: shutdown FollowerState
2019-09-24 11:59:44,516 INFO  impl.RoleInfo (RoleInfo.java:updateAndGet(143)) - s0: start FollowerState
2019-09-24 11:59:44,516 INFO  impl.FollowerState (FollowerState.java:run(117)) - s0@group-3D81F66BC438-FollowerState was interrupted: java.lang.InterruptedException: sleep interrupted
2019-09-24 11:59:44,533 DEBUG impl.RaftServerImpl (RaftServerImpl.java:requestVote(775)) - s0@group-3D81F66BC438 replies to vote request: s2<-s0#0:FAIL-t69. Peer's state: s0@group-3D81F66BC438:t69, leader=null, voted=null, raftlog=s0@group-3D81F66BC438-SegmentedRaftLog:OPENED:c11,f12,i12, conf=11: [s0:0.0.0.0:42154, s1:0.0.0.0:36158, s2:0.0.0.0:36910], old=null
2019-09-24 11:59:44,544 WARN  ratis.RaftTestUtil (JavaUtils.java:attempt(158)) - FAILED "waitForLeader-null-(expectLeader? true)", attempt #29/100: java.lang.IllegalStateException: No leader yet : printing ALL groups
  s0:  RUNNING  FOLLOWER s0@group-3D81F66BC438:t69, leader=null, voted=null, raftlog=s0@group-3D81F66BC438-SegmentedRaftLog:OPENED:c11,f12,i12, conf=11: [s0:0.0.0.0:42154, s1:0.0.0.0:36158, s2:0.0.0.0:36910], old=null RUNNING
  s1:  RUNNING CANDIDATE s1@group-3D81F66BC438:t68, leader=null, voted=s1, raftlog=s1@group-3D81F66BC438-SegmentedRaftLog:OPENED:c10,f11,i11, conf=11: [s0:0.0.0.0:42154, s1:0.0.0.0:36158, s2:0.0.0.0:36910], old=null RUNNING
  s2:  RUNNING CANDIDATE s2@group-3D81F66BC438:t69, leader=null, voted=s2, raftlog=s2@group-3D81F66BC438-SegmentedRaftLog:OPENED:c10,f10,i10, conf=9: [s0:0.0.0.0:42154, s1:0.0.0.0:36158, s2:0.0.0.0:36910], old=null RUNNING, sleep 450ms and then retry.
java.lang.IllegalStateException: No leader yet : printing ALL groups
  s0:  RUNNING  FOLLOWER s0@group-3D81F66BC438:t69, leader=null, voted=null, raftlog=s0@group-3D81F66BC438-SegmentedRaftLog:OPENED:c11,f12,i12, conf=11: [s0:0.0.0.0:42154, s1:0.0.0.0:36158, s2:0.0.0.0:36910], old=null RUNNING
  s1:  RUNNING CANDIDATE s1@group-3D81F66BC438:t68, leader=null, voted=s1, raftlog=s1@group-3D81F66BC438-SegmentedRaftLog:OPENED:c10,f11,i11, conf=11: [s0:0.0.0.0:42154, s1:0.0.0.0:36158, s2:0.0.0.0:36910], old=null RUNNING
  s2:  RUNNING CANDIDATE s2@group-3D81F66BC438:t69, leader=null, voted=s2, raftlog=s2@group-3D81F66BC438-SegmentedRaftLog:OPENED:c10,f10,i10, conf=9: [s0:0.0.0.0:42154, s1:0.0.0.0:36158, s2:0.0.0.0:36910], old=null RUNNING
	at org.apache.ratis.MiniRaftCluster.newIllegalStateExceptionForNoLeaders(MiniRaftCluster.java:506)
	at org.apache.ratis.RaftTestUtil.lambda$waitForLeader$1(RaftTestUtil.java:90)
	at org.apache.ratis.MiniRaftCluster.getLeader(MiniRaftCluster.java:539)
	at org.apache.ratis.MiniRaftCluster.getLeader(MiniRaftCluster.java:532)
	at org.apache.ratis.RaftTestUtil.lambda$waitForLeader$3(RaftTestUtil.java:98)
	at org.apache.ratis.util.JavaUtils.attempt(JavaUtils.java:152)
	at org.apache.ratis.RaftTestUtil.waitForLeader(RaftTestUtil.java:97)
	at org.apache.ratis.RaftTestUtil.waitForLeader(RaftTestUtil.java:77)
	at org.apache.ratis.RaftTestUtil.waitForLeader(RaftTestUtil.java:72)
	at org.apache.ratis.RaftTestUtil.lambda$changeLeader$7(RaftTestUtil.java:363)
	at org.apache.ratis.util.JavaUtils.attempt(JavaUtils.java:152)
	at org.apache.ratis.RaftTestUtil.changeLeader(RaftTestUtil.java:362)
	at org.apache.ratis.server.impl.LeaderElectionTests.testChangeLeader(LeaderElectionTests.java:81)
	at sun.reflect.NativeMethodAccessorImpl.invoke0(Native Method)
	at sun.reflect.NativeMethodAccessorImpl.invoke(NativeMethodAccessorImpl.java:62)
	at sun.reflect.DelegatingMethodAccessorImpl.invoke(DelegatingMethodAccessorImpl.java:43)
	at java.lang.reflect.Method.invoke(Method.java:498)
	at org.junit.runners.model.FrameworkMethod$1.runReflectiveCall(FrameworkMethod.java:50)
	at org.junit.internal.runners.model.ReflectiveCallable.run(ReflectiveCallable.java:12)
	at org.junit.runners.model.FrameworkMethod.invokeExplosively(FrameworkMethod.java:47)
	at org.junit.internal.runners.statements.InvokeMethod.evaluate(InvokeMethod.java:17)
	at org.junit.internal.runners.statements.RunAfters.evaluate(RunAfters.java:27)
	at org.junit.internal.runners.statements.FailOnTimeout$CallableStatement.call(FailOnTimeout.java:298)
	at org.junit.internal.runners.statements.FailOnTimeout$CallableStatement.call(FailOnTimeout.java:292)
	at java.util.concurrent.FutureTask.run(FutureTask.java:266)
	at java.lang.Thread.run(Thread.java:748)
2019-09-24 11:59:44,706 INFO  impl.LeaderElection (LeaderElection.java:logAndReturn(56)) - s1@group-3D81F66BC438-LeaderElection71: Election TIMEOUT; received 1 response(s) [s1<-s0#0:FAIL-t68] and 0 exception(s); s1@group-3D81F66BC438:t68, leader=null, voted=s1, raftlog=s1@group-3D81F66BC438-SegmentedRaftLog:OPENED:c10,f11,i11, conf=11: [s0:0.0.0.0:42154, s1:0.0.0.0:36158, s2:0.0.0.0:36910], old=null
2019-09-24 11:59:44,714 INFO  impl.FollowerState (FollowerState.java:run(108)) - s0@group-3D81F66BC438-FollowerState: change to CANDIDATE, lastRpcTime:198ms, electionTimeout:198ms
2019-09-24 11:59:44,714 INFO  impl.RoleInfo (RoleInfo.java:shutdownFollowerState(121)) - s0: shutdown FollowerState
2019-09-24 11:59:44,714 INFO  impl.RaftServerImpl (RaftServerImpl.java:setRole(170)) - s0@group-3D81F66BC438: changes role from  FOLLOWER to CANDIDATE at term 69 for changeToCandidate
2019-09-24 11:59:44,715 INFO  impl.RoleInfo (RoleInfo.java:updateAndGet(143)) - s0: start LeaderElection
2019-09-24 11:59:44,729 INFO  impl.LeaderElection (LeaderElection.java:logAndReturn(56)) - s2@group-3D81F66BC438-LeaderElection72: Election TIMEOUT; received 1 response(s) [s2<-s0#0:FAIL-t69] and 0 exception(s); s2@group-3D81F66BC438:t69, leader=null, voted=s2, raftlog=s2@group-3D81F66BC438-SegmentedRaftLog:OPENED:c10,f10,i10, conf=9: [s0:0.0.0.0:42154, s1:0.0.0.0:36158, s2:0.0.0.0:36910], old=null
2019-09-24 11:59:44,731 INFO  impl.LeaderElection (LeaderElection.java:askForVotes(178)) - s0@group-3D81F66BC438-LeaderElection73: begin an election at term 70 for 11: [s0:0.0.0.0:42154, s1:0.0.0.0:36158, s2:0.0.0.0:36910], old=null
2019-09-24 11:59:44,731 INFO  impl.LeaderElection (LeaderElection.java:askForVotes(178)) - s1@group-3D81F66BC438-LeaderElection71: begin an election at term 69 for 11: [s0:0.0.0.0:42154, s1:0.0.0.0:36158, s2:0.0.0.0:36910], old=null
2019-09-24 11:59:44,732 DEBUG impl.RaftServerImpl (RaftServerImpl.java:requestVote(743)) - s0@group-3D81F66BC438: receive requestVote(s1, group-3D81F66BC438, 69, (t:14, i:11))
2019-09-24 11:59:44,732 DEBUG impl.RaftServerImpl (RaftServerImpl.java:requestVote(775)) - s0@group-3D81F66BC438 replies to vote request: s1<-s0#0:FAIL-t70. Peer's state: s0@group-3D81F66BC438:t70, leader=null, voted=s0, raftlog=s0@group-3D81F66BC438-SegmentedRaftLog:OPENED:c11,f12,i12, conf=11: [s0:0.0.0.0:42154, s1:0.0.0.0:36158, s2:0.0.0.0:36910], old=null
2019-09-24 11:59:44,732 INFO  impl.LeaderElection (LeaderElection.java:logAndReturn(56)) - s1@group-3D81F66BC438-LeaderElection71: Election DISCOVERED_A_NEW_TERM; received 1 response(s) [s1<-s0#0:FAIL-t70] and 0 exception(s); s1@group-3D81F66BC438:t69, leader=null, voted=s1, raftlog=s1@group-3D81F66BC438-SegmentedRaftLog:OPENED:c10,f11,i11, conf=11: [s0:0.0.0.0:42154, s1:0.0.0.0:36158, s2:0.0.0.0:36910], old=null
2019-09-24 11:59:44,732 INFO  impl.LeaderElection (LeaderElection.java:askForVotes(178)) - s2@group-3D81F66BC438-LeaderElection72: begin an election at term 70 for 9: [s0:0.0.0.0:42154, s1:0.0.0.0:36158, s2:0.0.0.0:36910], old=null
2019-09-24 11:59:44,732 INFO  impl.RaftServerImpl (RaftServerImpl.java:setRole(170)) - s1@group-3D81F66BC438: changes role from CANDIDATE to FOLLOWER at term 70 for DISCOVERED_A_NEW_TERM
2019-09-24 11:59:44,733 INFO  impl.RoleInfo (RoleInfo.java:shutdownLeaderElection(134)) - s1: shutdown LeaderElection
2019-09-24 11:59:44,733 INFO  impl.RoleInfo (RoleInfo.java:updateAndGet(143)) - s1: start FollowerState
2019-09-24 11:59:44,733 DEBUG impl.RaftServerImpl (RaftServerImpl.java:requestVote(743)) - s0@group-3D81F66BC438: receive requestVote(s2, group-3D81F66BC438, 70, (t:13, i:10))
2019-09-24 11:59:44,733 DEBUG impl.RaftServerImpl (RaftServerImpl.java:requestVote(775)) - s0@group-3D81F66BC438 replies to vote request: s2<-s0#0:FAIL-t70. Peer's state: s0@group-3D81F66BC438:t70, leader=null, voted=s0, raftlog=s0@group-3D81F66BC438-SegmentedRaftLog:OPENED:c11,f12,i12, conf=11: [s0:0.0.0.0:42154, s1:0.0.0.0:36158, s2:0.0.0.0:36910], old=null
2019-09-24 11:59:44,887 INFO  impl.LeaderElection (LeaderElection.java:logAndReturn(56)) - s2@group-3D81F66BC438-LeaderElection72: Election TIMEOUT; received 1 response(s) [s2<-s0#0:FAIL-t70] and 0 exception(s); s2@group-3D81F66BC438:t70, leader=null, voted=s2, raftlog=s2@group-3D81F66BC438-SegmentedRaftLog:OPENED:c10,f10,i10, conf=9: [s0:0.0.0.0:42154, s1:0.0.0.0:36158, s2:0.0.0.0:36910], old=null
2019-09-24 11:59:44,912 INFO  impl.LeaderElection (LeaderElection.java:askForVotes(178)) - s2@group-3D81F66BC438-LeaderElection72: begin an election at term 71 for 9: [s0:0.0.0.0:42154, s1:0.0.0.0:36158, s2:0.0.0.0:36910], old=null
2019-09-24 11:59:44,913 DEBUG impl.RaftServerImpl (RaftServerImpl.java:requestVote(743)) - s0@group-3D81F66BC438: receive requestVote(s2, group-3D81F66BC438, 71, (t:13, i:10))
2019-09-24 11:59:44,913 INFO  impl.RaftServerImpl (RaftServerImpl.java:setRole(170)) - s0@group-3D81F66BC438: changes role from CANDIDATE to FOLLOWER at term 71 for recognizeCandidate:s2
2019-09-24 11:59:44,914 INFO  impl.RoleInfo (RoleInfo.java:shutdownLeaderElection(134)) - s0: shutdown LeaderElection
2019-09-24 11:59:44,914 INFO  impl.RoleInfo (RoleInfo.java:updateAndGet(143)) - s0: start FollowerState
2019-09-24 11:59:44,927 DEBUG impl.RaftServerImpl (RaftServerImpl.java:requestVote(775)) - s0@group-3D81F66BC438 replies to vote request: s2<-s0#0:FAIL-t71. Peer's state: s0@group-3D81F66BC438:t71, leader=null, voted=null, raftlog=s0@group-3D81F66BC438-SegmentedRaftLog:OPENED:c11,f12,i12, conf=11: [s0:0.0.0.0:42154, s1:0.0.0.0:36158, s2:0.0.0.0:36910], old=null
2019-09-24 11:59:44,994 INFO  impl.LeaderElection (LeaderElection.java:logAndReturn(56)) - s0@group-3D81F66BC438-LeaderElection73: Election REJECTED; received 0 response(s) [] and 0 exception(s); s0@group-3D81F66BC438:t71, leader=null, voted=null, raftlog=s0@group-3D81F66BC438-SegmentedRaftLog:OPENED:c11,f12,i12, conf=11: [s0:0.0.0.0:42154, s1:0.0.0.0:36158, s2:0.0.0.0:36910], old=null
2019-09-24 11:59:44,995 WARN  ratis.RaftTestUtil (JavaUtils.java:attempt(158)) - FAILED "waitForLeader-null-(expectLeader? true)", attempt #30/100: java.lang.IllegalStateException: No leader yet : printing ALL groups
  s0:  RUNNING  FOLLOWER s0@group-3D81F66BC438:t71, leader=null, voted=null, raftlog=s0@group-3D81F66BC438-SegmentedRaftLog:OPENED:c11,f12,i12, conf=11: [s0:0.0.0.0:42154, s1:0.0.0.0:36158, s2:0.0.0.0:36910], old=null RUNNING
  s1:  RUNNING  FOLLOWER s1@group-3D81F66BC438:t70, leader=null, voted=null, raftlog=s1@group-3D81F66BC438-SegmentedRaftLog:OPENED:c10,f11,i11, conf=11: [s0:0.0.0.0:42154, s1:0.0.0.0:36158, s2:0.0.0.0:36910], old=null RUNNING
  s2:  RUNNING CANDIDATE s2@group-3D81F66BC438:t71, leader=null, voted=s2, raftlog=s2@group-3D81F66BC438-SegmentedRaftLog:OPENED:c10,f10,i10, conf=9: [s0:0.0.0.0:42154, s1:0.0.0.0:36158, s2:0.0.0.0:36910], old=null RUNNING, sleep 450ms and then retry.
java.lang.IllegalStateException: No leader yet : printing ALL groups
  s0:  RUNNING  FOLLOWER s0@group-3D81F66BC438:t71, leader=null, voted=null, raftlog=s0@group-3D81F66BC438-SegmentedRaftLog:OPENED:c11,f12,i12, conf=11: [s0:0.0.0.0:42154, s1:0.0.0.0:36158, s2:0.0.0.0:36910], old=null RUNNING
  s1:  RUNNING  FOLLOWER s1@group-3D81F66BC438:t70, leader=null, voted=null, raftlog=s1@group-3D81F66BC438-SegmentedRaftLog:OPENED:c10,f11,i11, conf=11: [s0:0.0.0.0:42154, s1:0.0.0.0:36158, s2:0.0.0.0:36910], old=null RUNNING
  s2:  RUNNING CANDIDATE s2@group-3D81F66BC438:t71, leader=null, voted=s2, raftlog=s2@group-3D81F66BC438-SegmentedRaftLog:OPENED:c10,f10,i10, conf=9: [s0:0.0.0.0:42154, s1:0.0.0.0:36158, s2:0.0.0.0:36910], old=null RUNNING
	at org.apache.ratis.MiniRaftCluster.newIllegalStateExceptionForNoLeaders(MiniRaftCluster.java:506)
	at org.apache.ratis.RaftTestUtil.lambda$waitForLeader$1(RaftTestUtil.java:90)
	at org.apache.ratis.MiniRaftCluster.getLeader(MiniRaftCluster.java:539)
	at org.apache.ratis.MiniRaftCluster.getLeader(MiniRaftCluster.java:532)
	at org.apache.ratis.RaftTestUtil.lambda$waitForLeader$3(RaftTestUtil.java:98)
	at org.apache.ratis.util.JavaUtils.attempt(JavaUtils.java:152)
	at org.apache.ratis.RaftTestUtil.waitForLeader(RaftTestUtil.java:97)
	at org.apache.ratis.RaftTestUtil.waitForLeader(RaftTestUtil.java:77)
	at org.apache.ratis.RaftTestUtil.waitForLeader(RaftTestUtil.java:72)
	at org.apache.ratis.RaftTestUtil.lambda$changeLeader$7(RaftTestUtil.java:363)
	at org.apache.ratis.util.JavaUtils.attempt(JavaUtils.java:152)
	at org.apache.ratis.RaftTestUtil.changeLeader(RaftTestUtil.java:362)
	at org.apache.ratis.server.impl.LeaderElectionTests.testChangeLeader(LeaderElectionTests.java:81)
	at sun.reflect.NativeMethodAccessorImpl.invoke0(Native Method)
	at sun.reflect.NativeMethodAccessorImpl.invoke(NativeMethodAccessorImpl.java:62)
	at sun.reflect.DelegatingMethodAccessorImpl.invoke(DelegatingMethodAccessorImpl.java:43)
	at java.lang.reflect.Method.invoke(Method.java:498)
	at org.junit.runners.model.FrameworkMethod$1.runReflectiveCall(FrameworkMethod.java:50)
	at org.junit.internal.runners.model.ReflectiveCallable.run(ReflectiveCallable.java:12)
	at org.junit.runners.model.FrameworkMethod.invokeExplosively(FrameworkMethod.java:47)
	at org.junit.internal.runners.statements.InvokeMethod.evaluate(InvokeMethod.java:17)
	at org.junit.internal.runners.statements.RunAfters.evaluate(RunAfters.java:27)
	at org.junit.internal.runners.statements.FailOnTimeout$CallableStatement.call(FailOnTimeout.java:298)
	at org.junit.internal.runners.statements.FailOnTimeout$CallableStatement.call(FailOnTimeout.java:292)
	at java.util.concurrent.FutureTask.run(FutureTask.java:266)
	at java.lang.Thread.run(Thread.java:748)
2019-09-24 11:59:45,003 INFO  impl.FollowerState (FollowerState.java:run(108)) - s1@group-3D81F66BC438-FollowerState: change to CANDIDATE, lastRpcTime:270ms, electionTimeout:270ms
2019-09-24 11:59:45,004 INFO  impl.RoleInfo (RoleInfo.java:shutdownFollowerState(121)) - s1: shutdown FollowerState
2019-09-24 11:59:45,004 INFO  impl.RaftServerImpl (RaftServerImpl.java:setRole(170)) - s1@group-3D81F66BC438: changes role from  FOLLOWER to CANDIDATE at term 70 for changeToCandidate
2019-09-24 11:59:45,004 INFO  impl.RoleInfo (RoleInfo.java:updateAndGet(143)) - s1: start LeaderElection
2019-09-24 11:59:45,018 INFO  impl.LeaderElection (LeaderElection.java:askForVotes(178)) - s1@group-3D81F66BC438-LeaderElection74: begin an election at term 71 for 11: [s0:0.0.0.0:42154, s1:0.0.0.0:36158, s2:0.0.0.0:36910], old=null
2019-09-24 11:59:45,018 DEBUG impl.RaftServerImpl (RaftServerImpl.java:requestVote(743)) - s0@group-3D81F66BC438: receive requestVote(s1, group-3D81F66BC438, 71, (t:14, i:11))
2019-09-24 11:59:45,019 INFO  impl.RaftServerImpl (RaftServerImpl.java:setRole(170)) - s0@group-3D81F66BC438: changes role from  FOLLOWER to FOLLOWER at term 71 for recognizeCandidate:s1
2019-09-24 11:59:45,019 INFO  impl.RoleInfo (RoleInfo.java:shutdownFollowerState(121)) - s0: shutdown FollowerState
2019-09-24 11:59:45,019 INFO  impl.RoleInfo (RoleInfo.java:updateAndGet(143)) - s0: start FollowerState
2019-09-24 11:59:45,019 INFO  impl.FollowerState (FollowerState.java:run(117)) - s0@group-3D81F66BC438-FollowerState was interrupted: java.lang.InterruptedException: sleep interrupted
2019-09-24 11:59:45,019 DEBUG impl.RaftServerImpl (RaftServerImpl.java:requestVote(775)) - s0@group-3D81F66BC438 replies to vote request: s1<-s0#0:FAIL-t71. Peer's state: s0@group-3D81F66BC438:t71, leader=null, voted=null, raftlog=s0@group-3D81F66BC438-SegmentedRaftLog:OPENED:c11,f12,i12, conf=11: [s0:0.0.0.0:42154, s1:0.0.0.0:36158, s2:0.0.0.0:36910], old=null
2019-09-24 11:59:45,133 INFO  impl.LeaderElection (LeaderElection.java:logAndReturn(56)) - s2@group-3D81F66BC438-LeaderElection72: Election TIMEOUT; received 1 response(s) [s2<-s0#0:FAIL-t71] and 0 exception(s); s2@group-3D81F66BC438:t71, leader=null, voted=s2, raftlog=s2@group-3D81F66BC438-SegmentedRaftLog:OPENED:c10,f10,i10, conf=9: [s0:0.0.0.0:42154, s1:0.0.0.0:36158, s2:0.0.0.0:36910], old=null
2019-09-24 11:59:45,147 INFO  impl.LeaderElection (LeaderElection.java:askForVotes(178)) - s2@group-3D81F66BC438-LeaderElection72: begin an election at term 72 for 9: [s0:0.0.0.0:42154, s1:0.0.0.0:36158, s2:0.0.0.0:36910], old=null
2019-09-24 11:59:45,147 DEBUG impl.RaftServerImpl (RaftServerImpl.java:requestVote(743)) - s0@group-3D81F66BC438: receive requestVote(s2, group-3D81F66BC438, 72, (t:13, i:10))
2019-09-24 11:59:45,148 INFO  impl.RaftServerImpl (RaftServerImpl.java:setRole(170)) - s0@group-3D81F66BC438: changes role from  FOLLOWER to FOLLOWER at term 72 for recognizeCandidate:s2
2019-09-24 11:59:45,148 INFO  impl.RoleInfo (RoleInfo.java:shutdownFollowerState(121)) - s0: shutdown FollowerState
2019-09-24 11:59:45,148 INFO  impl.RoleInfo (RoleInfo.java:updateAndGet(143)) - s0: start FollowerState
2019-09-24 11:59:45,148 INFO  impl.FollowerState (FollowerState.java:run(117)) - s0@group-3D81F66BC438-FollowerState was interrupted: java.lang.InterruptedException: sleep interrupted
2019-09-24 11:59:45,171 DEBUG impl.RaftServerImpl (RaftServerImpl.java:requestVote(775)) - s0@group-3D81F66BC438 replies to vote request: s2<-s0#0:FAIL-t72. Peer's state: s0@group-3D81F66BC438:t72, leader=null, voted=null, raftlog=s0@group-3D81F66BC438-SegmentedRaftLog:OPENED:c11,f12,i12, conf=11: [s0:0.0.0.0:42154, s1:0.0.0.0:36158, s2:0.0.0.0:36910], old=null
2019-09-24 11:59:45,277 INFO  impl.LeaderElection (LeaderElection.java:logAndReturn(56)) - s1@group-3D81F66BC438-LeaderElection74: Election TIMEOUT; received 1 response(s) [s1<-s0#0:FAIL-t71] and 0 exception(s); s1@group-3D81F66BC438:t71, leader=null, voted=s1, raftlog=s1@group-3D81F66BC438-SegmentedRaftLog:OPENED:c10,f11,i11, conf=11: [s0:0.0.0.0:42154, s1:0.0.0.0:36158, s2:0.0.0.0:36910], old=null
2019-09-24 11:59:45,292 INFO  impl.LeaderElection (LeaderElection.java:askForVotes(178)) - s1@group-3D81F66BC438-LeaderElection74: begin an election at term 72 for 11: [s0:0.0.0.0:42154, s1:0.0.0.0:36158, s2:0.0.0.0:36910], old=null
2019-09-24 11:59:45,293 DEBUG impl.RaftServerImpl (RaftServerImpl.java:requestVote(743)) - s0@group-3D81F66BC438: receive requestVote(s1, group-3D81F66BC438, 72, (t:14, i:11))
2019-09-24 11:59:45,293 INFO  impl.RaftServerImpl (RaftServerImpl.java:setRole(170)) - s0@group-3D81F66BC438: changes role from  FOLLOWER to FOLLOWER at term 72 for recognizeCandidate:s1
2019-09-24 11:59:45,293 INFO  impl.RoleInfo (RoleInfo.java:shutdownFollowerState(121)) - s0: shutdown FollowerState
2019-09-24 11:59:45,293 INFO  impl.RoleInfo (RoleInfo.java:updateAndGet(143)) - s0: start FollowerState
2019-09-24 11:59:45,293 INFO  impl.FollowerState (FollowerState.java:run(117)) - s0@group-3D81F66BC438-FollowerState was interrupted: java.lang.InterruptedException: sleep interrupted
2019-09-24 11:59:45,294 DEBUG impl.RaftServerImpl (RaftServerImpl.java:requestVote(775)) - s0@group-3D81F66BC438 replies to vote request: s1<-s0#0:FAIL-t72. Peer's state: s0@group-3D81F66BC438:t72, leader=null, voted=null, raftlog=s0@group-3D81F66BC438-SegmentedRaftLog:OPENED:c11,f12,i12, conf=11: [s0:0.0.0.0:42154, s1:0.0.0.0:36158, s2:0.0.0.0:36910], old=null
2019-09-24 11:59:45,350 INFO  impl.LeaderElection (LeaderElection.java:logAndReturn(56)) - s2@group-3D81F66BC438-LeaderElection72: Election TIMEOUT; received 1 response(s) [s2<-s0#0:FAIL-t72] and 0 exception(s); s2@group-3D81F66BC438:t72, leader=null, voted=s2, raftlog=s2@group-3D81F66BC438-SegmentedRaftLog:OPENED:c10,f10,i10, conf=9: [s0:0.0.0.0:42154, s1:0.0.0.0:36158, s2:0.0.0.0:36910], old=null
2019-09-24 11:59:45,365 INFO  impl.LeaderElection (LeaderElection.java:askForVotes(178)) - s2@group-3D81F66BC438-LeaderElection72: begin an election at term 73 for 9: [s0:0.0.0.0:42154, s1:0.0.0.0:36158, s2:0.0.0.0:36910], old=null
2019-09-24 11:59:45,366 DEBUG impl.RaftServerImpl (RaftServerImpl.java:requestVote(743)) - s0@group-3D81F66BC438: receive requestVote(s2, group-3D81F66BC438, 73, (t:13, i:10))
2019-09-24 11:59:45,366 INFO  impl.RaftServerImpl (RaftServerImpl.java:setRole(170)) - s0@group-3D81F66BC438: changes role from  FOLLOWER to FOLLOWER at term 73 for recognizeCandidate:s2
2019-09-24 11:59:45,366 INFO  impl.RoleInfo (RoleInfo.java:shutdownFollowerState(121)) - s0: shutdown FollowerState
2019-09-24 11:59:45,366 INFO  impl.RoleInfo (RoleInfo.java:updateAndGet(143)) - s0: start FollowerState
2019-09-24 11:59:45,366 INFO  impl.FollowerState (FollowerState.java:run(117)) - s0@group-3D81F66BC438-FollowerState was interrupted: java.lang.InterruptedException: sleep interrupted
2019-09-24 11:59:45,393 DEBUG impl.RaftServerImpl (RaftServerImpl.java:requestVote(775)) - s0@group-3D81F66BC438 replies to vote request: s2<-s0#0:FAIL-t73. Peer's state: s0@group-3D81F66BC438:t73, leader=null, voted=null, raftlog=s0@group-3D81F66BC438-SegmentedRaftLog:OPENED:c11,f12,i12, conf=11: [s0:0.0.0.0:42154, s1:0.0.0.0:36158, s2:0.0.0.0:36910], old=null
2019-09-24 11:59:45,442 INFO  ratis.MiniRaftCluster (MiniRaftCluster.java:lambda$null$5(297)) - TIMED-PRINT: printing ALL groups
  s0:  RUNNING  FOLLOWER s0@group-3D81F66BC438:t73, leader=null, voted=null, raftlog=s0@group-3D81F66BC438-SegmentedRaftLog:OPENED:c11,f12,i12, conf=11: [s0:0.0.0.0:42154, s1:0.0.0.0:36158, s2:0.0.0.0:36910], old=null RUNNING
  s1:  RUNNING CANDIDATE s1@group-3D81F66BC438:t72, leader=null, voted=s1, raftlog=s1@group-3D81F66BC438-SegmentedRaftLog:OPENED:c10,f11,i11, conf=11: [s0:0.0.0.0:42154, s1:0.0.0.0:36158, s2:0.0.0.0:36910], old=null RUNNING
  s2:  RUNNING CANDIDATE s2@group-3D81F66BC438:t73, leader=null, voted=s2, raftlog=s2@group-3D81F66BC438-SegmentedRaftLog:OPENED:c10,f10,i10, conf=9: [s0:0.0.0.0:42154, s1:0.0.0.0:36158, s2:0.0.0.0:36910], old=null RUNNING
2019-09-24 11:59:45,446 WARN  ratis.RaftTestUtil (JavaUtils.java:attempt(158)) - FAILED "waitForLeader-null-(expectLeader? true)", attempt #31/100: java.lang.IllegalStateException: No leader yet : printing ALL groups
  s0:  RUNNING  FOLLOWER s0@group-3D81F66BC438:t73, leader=null, voted=null, raftlog=s0@group-3D81F66BC438-SegmentedRaftLog:OPENED:c11,f12,i12, conf=11: [s0:0.0.0.0:42154, s1:0.0.0.0:36158, s2:0.0.0.0:36910], old=null RUNNING
  s1:  RUNNING CANDIDATE s1@group-3D81F66BC438:t72, leader=null, voted=s1, raftlog=s1@group-3D81F66BC438-SegmentedRaftLog:OPENED:c10,f11,i11, conf=11: [s0:0.0.0.0:42154, s1:0.0.0.0:36158, s2:0.0.0.0:36910], old=null RUNNING
  s2:  RUNNING CANDIDATE s2@group-3D81F66BC438:t73, leader=null, voted=s2, raftlog=s2@group-3D81F66BC438-SegmentedRaftLog:OPENED:c10,f10,i10, conf=9: [s0:0.0.0.0:42154, s1:0.0.0.0:36158, s2:0.0.0.0:36910], old=null RUNNING, sleep 450ms and then retry.
java.lang.IllegalStateException: No leader yet : printing ALL groups
  s0:  RUNNING  FOLLOWER s0@group-3D81F66BC438:t73, leader=null, voted=null, raftlog=s0@group-3D81F66BC438-SegmentedRaftLog:OPENED:c11,f12,i12, conf=11: [s0:0.0.0.0:42154, s1:0.0.0.0:36158, s2:0.0.0.0:36910], old=null RUNNING
  s1:  RUNNING CANDIDATE s1@group-3D81F66BC438:t72, leader=null, voted=s1, raftlog=s1@group-3D81F66BC438-SegmentedRaftLog:OPENED:c10,f11,i11, conf=11: [s0:0.0.0.0:42154, s1:0.0.0.0:36158, s2:0.0.0.0:36910], old=null RUNNING
  s2:  RUNNING CANDIDATE s2@group-3D81F66BC438:t73, leader=null, voted=s2, raftlog=s2@group-3D81F66BC438-SegmentedRaftLog:OPENED:c10,f10,i10, conf=9: [s0:0.0.0.0:42154, s1:0.0.0.0:36158, s2:0.0.0.0:36910], old=null RUNNING
	at org.apache.ratis.MiniRaftCluster.newIllegalStateExceptionForNoLeaders(MiniRaftCluster.java:506)
	at org.apache.ratis.RaftTestUtil.lambda$waitForLeader$1(RaftTestUtil.java:90)
	at org.apache.ratis.MiniRaftCluster.getLeader(MiniRaftCluster.java:539)
	at org.apache.ratis.MiniRaftCluster.getLeader(MiniRaftCluster.java:532)
	at org.apache.ratis.RaftTestUtil.lambda$waitForLeader$3(RaftTestUtil.java:98)
	at org.apache.ratis.util.JavaUtils.attempt(JavaUtils.java:152)
	at org.apache.ratis.RaftTestUtil.waitForLeader(RaftTestUtil.java:97)
	at org.apache.ratis.RaftTestUtil.waitForLeader(RaftTestUtil.java:77)
	at org.apache.ratis.RaftTestUtil.waitForLeader(RaftTestUtil.java:72)
	at org.apache.ratis.RaftTestUtil.lambda$changeLeader$7(RaftTestUtil.java:363)
	at org.apache.ratis.util.JavaUtils.attempt(JavaUtils.java:152)
	at org.apache.ratis.RaftTestUtil.changeLeader(RaftTestUtil.java:362)
	at org.apache.ratis.server.impl.LeaderElectionTests.testChangeLeader(LeaderElectionTests.java:81)
	at sun.reflect.NativeMethodAccessorImpl.invoke0(Native Method)
	at sun.reflect.NativeMethodAccessorImpl.invoke(NativeMethodAccessorImpl.java:62)
	at sun.reflect.DelegatingMethodAccessorImpl.invoke(DelegatingMethodAccessorImpl.java:43)
	at java.lang.reflect.Method.invoke(Method.java:498)
	at org.junit.runners.model.FrameworkMethod$1.runReflectiveCall(FrameworkMethod.java:50)
	at org.junit.internal.runners.model.ReflectiveCallable.run(ReflectiveCallable.java:12)
	at org.junit.runners.model.FrameworkMethod.invokeExplosively(FrameworkMethod.java:47)
	at org.junit.internal.runners.statements.InvokeMethod.evaluate(InvokeMethod.java:17)
	at org.junit.internal.runners.statements.RunAfters.evaluate(RunAfters.java:27)
	at org.junit.internal.runners.statements.FailOnTimeout$CallableStatement.call(FailOnTimeout.java:298)
	at org.junit.internal.runners.statements.FailOnTimeout$CallableStatement.call(FailOnTimeout.java:292)
	at java.util.concurrent.FutureTask.run(FutureTask.java:266)
	at java.lang.Thread.run(Thread.java:748)
2019-09-24 11:59:45,533 INFO  impl.FollowerState (FollowerState.java:run(108)) - s0@group-3D81F66BC438-FollowerState: change to CANDIDATE, lastRpcTime:166ms, electionTimeout:166ms
2019-09-24 11:59:45,533 INFO  impl.RoleInfo (RoleInfo.java:shutdownFollowerState(121)) - s0: shutdown FollowerState
2019-09-24 11:59:45,533 INFO  impl.RaftServerImpl (RaftServerImpl.java:setRole(170)) - s0@group-3D81F66BC438: changes role from  FOLLOWER to CANDIDATE at term 73 for changeToCandidate
2019-09-24 11:59:45,533 INFO  impl.RoleInfo (RoleInfo.java:updateAndGet(143)) - s0: start LeaderElection
2019-09-24 11:59:45,547 INFO  impl.LeaderElection (LeaderElection.java:askForVotes(178)) - s0@group-3D81F66BC438-LeaderElection75: begin an election at term 74 for 11: [s0:0.0.0.0:42154, s1:0.0.0.0:36158, s2:0.0.0.0:36910], old=null
2019-09-24 11:59:45,568 INFO  impl.LeaderElection (LeaderElection.java:logAndReturn(56)) - s1@group-3D81F66BC438-LeaderElection74: Election TIMEOUT; received 1 response(s) [s1<-s0#0:FAIL-t72] and 0 exception(s); s1@group-3D81F66BC438:t72, leader=null, voted=s1, raftlog=s1@group-3D81F66BC438-SegmentedRaftLog:OPENED:c10,f11,i11, conf=11: [s0:0.0.0.0:42154, s1:0.0.0.0:36158, s2:0.0.0.0:36910], old=null
2019-09-24 11:59:45,583 INFO  impl.LeaderElection (LeaderElection.java:askForVotes(178)) - s1@group-3D81F66BC438-LeaderElection74: begin an election at term 73 for 11: [s0:0.0.0.0:42154, s1:0.0.0.0:36158, s2:0.0.0.0:36910], old=null
2019-09-24 11:59:45,584 DEBUG impl.RaftServerImpl (RaftServerImpl.java:requestVote(743)) - s0@group-3D81F66BC438: receive requestVote(s1, group-3D81F66BC438, 73, (t:14, i:11))
2019-09-24 11:59:45,584 DEBUG impl.RaftServerImpl (RaftServerImpl.java:requestVote(775)) - s0@group-3D81F66BC438 replies to vote request: s1<-s0#0:FAIL-t74. Peer's state: s0@group-3D81F66BC438:t74, leader=null, voted=s0, raftlog=s0@group-3D81F66BC438-SegmentedRaftLog:OPENED:c11,f12,i12, conf=11: [s0:0.0.0.0:42154, s1:0.0.0.0:36158, s2:0.0.0.0:36910], old=null
2019-09-24 11:59:45,584 INFO  impl.LeaderElection (LeaderElection.java:logAndReturn(56)) - s1@group-3D81F66BC438-LeaderElection74: Election DISCOVERED_A_NEW_TERM; received 1 response(s) [s1<-s0#0:FAIL-t74] and 0 exception(s); s1@group-3D81F66BC438:t73, leader=null, voted=s1, raftlog=s1@group-3D81F66BC438-SegmentedRaftLog:OPENED:c10,f11,i11, conf=11: [s0:0.0.0.0:42154, s1:0.0.0.0:36158, s2:0.0.0.0:36910], old=null
2019-09-24 11:59:45,584 INFO  impl.RaftServerImpl (RaftServerImpl.java:setRole(170)) - s1@group-3D81F66BC438: changes role from CANDIDATE to FOLLOWER at term 74 for DISCOVERED_A_NEW_TERM
2019-09-24 11:59:45,585 INFO  impl.RoleInfo (RoleInfo.java:shutdownLeaderElection(134)) - s1: shutdown LeaderElection
2019-09-24 11:59:45,585 INFO  impl.RoleInfo (RoleInfo.java:updateAndGet(143)) - s1: start FollowerState
2019-09-24 11:59:45,637 INFO  impl.LeaderElection (LeaderElection.java:logAndReturn(56)) - s2@group-3D81F66BC438-LeaderElection72: Election TIMEOUT; received 1 response(s) [s2<-s0#0:FAIL-t73] and 0 exception(s); s2@group-3D81F66BC438:t73, leader=null, voted=s2, raftlog=s2@group-3D81F66BC438-SegmentedRaftLog:OPENED:c10,f10,i10, conf=9: [s0:0.0.0.0:42154, s1:0.0.0.0:36158, s2:0.0.0.0:36910], old=null
2019-09-24 11:59:45,652 INFO  impl.LeaderElection (LeaderElection.java:askForVotes(178)) - s2@group-3D81F66BC438-LeaderElection72: begin an election at term 74 for 9: [s0:0.0.0.0:42154, s1:0.0.0.0:36158, s2:0.0.0.0:36910], old=null
2019-09-24 11:59:45,652 DEBUG impl.RaftServerImpl (RaftServerImpl.java:requestVote(743)) - s0@group-3D81F66BC438: receive requestVote(s2, group-3D81F66BC438, 74, (t:13, i:10))
2019-09-24 11:59:45,653 DEBUG impl.RaftServerImpl (RaftServerImpl.java:requestVote(775)) - s0@group-3D81F66BC438 replies to vote request: s2<-s0#0:FAIL-t74. Peer's state: s0@group-3D81F66BC438:t74, leader=null, voted=s0, raftlog=s0@group-3D81F66BC438-SegmentedRaftLog:OPENED:c11,f12,i12, conf=11: [s0:0.0.0.0:42154, s1:0.0.0.0:36158, s2:0.0.0.0:36910], old=null
2019-09-24 11:59:45,802 INFO  impl.FollowerState (FollowerState.java:run(108)) - s1@group-3D81F66BC438-FollowerState: change to CANDIDATE, lastRpcTime:217ms, electionTimeout:217ms
2019-09-24 11:59:45,803 INFO  impl.RoleInfo (RoleInfo.java:shutdownFollowerState(121)) - s1: shutdown FollowerState
2019-09-24 11:59:45,803 INFO  impl.RaftServerImpl (RaftServerImpl.java:setRole(170)) - s1@group-3D81F66BC438: changes role from  FOLLOWER to CANDIDATE at term 74 for changeToCandidate
2019-09-24 11:59:45,803 INFO  impl.RoleInfo (RoleInfo.java:updateAndGet(143)) - s1: start LeaderElection
2019-09-24 11:59:45,829 INFO  impl.LeaderElection (LeaderElection.java:askForVotes(178)) - s1@group-3D81F66BC438-LeaderElection76: begin an election at term 75 for 11: [s0:0.0.0.0:42154, s1:0.0.0.0:36158, s2:0.0.0.0:36910], old=null
2019-09-24 11:59:45,829 DEBUG impl.RaftServerImpl (RaftServerImpl.java:requestVote(743)) - s0@group-3D81F66BC438: receive requestVote(s1, group-3D81F66BC438, 75, (t:14, i:11))
2019-09-24 11:59:45,829 INFO  impl.RaftServerImpl (RaftServerImpl.java:setRole(170)) - s0@group-3D81F66BC438: changes role from CANDIDATE to FOLLOWER at term 75 for recognizeCandidate:s1
2019-09-24 11:59:45,830 INFO  impl.RoleInfo (RoleInfo.java:shutdownLeaderElection(134)) - s0: shutdown LeaderElection
2019-09-24 11:59:45,830 INFO  impl.RoleInfo (RoleInfo.java:updateAndGet(143)) - s0: start FollowerState
2019-09-24 11:59:45,843 DEBUG impl.RaftServerImpl (RaftServerImpl.java:requestVote(775)) - s0@group-3D81F66BC438 replies to vote request: s1<-s0#0:FAIL-t75. Peer's state: s0@group-3D81F66BC438:t75, leader=null, voted=null, raftlog=s0@group-3D81F66BC438-SegmentedRaftLog:OPENED:c11,f12,i12, conf=11: [s0:0.0.0.0:42154, s1:0.0.0.0:36158, s2:0.0.0.0:36910], old=null
2019-09-24 11:59:45,846 INFO  impl.LeaderElection (LeaderElection.java:logAndReturn(56)) - s0@group-3D81F66BC438-LeaderElection75: Election REJECTED; received 0 response(s) [] and 0 exception(s); s0@group-3D81F66BC438:t75, leader=null, voted=null, raftlog=s0@group-3D81F66BC438-SegmentedRaftLog:OPENED:c11,f12,i12, conf=11: [s0:0.0.0.0:42154, s1:0.0.0.0:36158, s2:0.0.0.0:36910], old=null
2019-09-24 11:59:45,879 INFO  impl.LeaderElection (LeaderElection.java:logAndReturn(56)) - s2@group-3D81F66BC438-LeaderElection72: Election TIMEOUT; received 1 response(s) [s2<-s0#0:FAIL-t74] and 0 exception(s); s2@group-3D81F66BC438:t74, leader=null, voted=s2, raftlog=s2@group-3D81F66BC438-SegmentedRaftLog:OPENED:c10,f10,i10, conf=9: [s0:0.0.0.0:42154, s1:0.0.0.0:36158, s2:0.0.0.0:36910], old=null
2019-09-24 11:59:45,894 INFO  impl.LeaderElection (LeaderElection.java:askForVotes(178)) - s2@group-3D81F66BC438-LeaderElection72: begin an election at term 75 for 9: [s0:0.0.0.0:42154, s1:0.0.0.0:36158, s2:0.0.0.0:36910], old=null
2019-09-24 11:59:45,894 DEBUG impl.RaftServerImpl (RaftServerImpl.java:requestVote(743)) - s0@group-3D81F66BC438: receive requestVote(s2, group-3D81F66BC438, 75, (t:13, i:10))
2019-09-24 11:59:45,895 INFO  impl.RaftServerImpl (RaftServerImpl.java:setRole(170)) - s0@group-3D81F66BC438: changes role from  FOLLOWER to FOLLOWER at term 75 for recognizeCandidate:s2
2019-09-24 11:59:45,895 INFO  impl.RoleInfo (RoleInfo.java:shutdownFollowerState(121)) - s0: shutdown FollowerState
2019-09-24 11:59:45,895 INFO  impl.RoleInfo (RoleInfo.java:updateAndGet(143)) - s0: start FollowerState
2019-09-24 11:59:45,895 INFO  impl.FollowerState (FollowerState.java:run(117)) - s0@group-3D81F66BC438-FollowerState was interrupted: java.lang.InterruptedException: sleep interrupted
2019-09-24 11:59:45,895 DEBUG impl.RaftServerImpl (RaftServerImpl.java:requestVote(775)) - s0@group-3D81F66BC438 replies to vote request: s2<-s0#0:FAIL-t75. Peer's state: s0@group-3D81F66BC438:t75, leader=null, voted=null, raftlog=s0@group-3D81F66BC438-SegmentedRaftLog:OPENED:c11,f12,i12, conf=11: [s0:0.0.0.0:42154, s1:0.0.0.0:36158, s2:0.0.0.0:36910], old=null
2019-09-24 11:59:45,897 WARN  ratis.RaftTestUtil (JavaUtils.java:attempt(158)) - FAILED "waitForLeader-null-(expectLeader? true)", attempt #32/100: java.lang.IllegalStateException: No leader yet : printing ALL groups
  s0:  RUNNING  FOLLOWER s0@group-3D81F66BC438:t75, leader=null, voted=null, raftlog=s0@group-3D81F66BC438-SegmentedRaftLog:OPENED:c11,f12,i12, conf=11: [s0:0.0.0.0:42154, s1:0.0.0.0:36158, s2:0.0.0.0:36910], old=null RUNNING
  s1:  RUNNING CANDIDATE s1@group-3D81F66BC438:t75, leader=null, voted=s1, raftlog=s1@group-3D81F66BC438-SegmentedRaftLog:OPENED:c10,f11,i11, conf=11: [s0:0.0.0.0:42154, s1:0.0.0.0:36158, s2:0.0.0.0:36910], old=null RUNNING
  s2:  RUNNING CANDIDATE s2@group-3D81F66BC438:t75, leader=null, voted=s2, raftlog=s2@group-3D81F66BC438-SegmentedRaftLog:OPENED:c10,f10,i10, conf=9: [s0:0.0.0.0:42154, s1:0.0.0.0:36158, s2:0.0.0.0:36910], old=null RUNNING, sleep 450ms and then retry.
java.lang.IllegalStateException: No leader yet : printing ALL groups
  s0:  RUNNING  FOLLOWER s0@group-3D81F66BC438:t75, leader=null, voted=null, raftlog=s0@group-3D81F66BC438-SegmentedRaftLog:OPENED:c11,f12,i12, conf=11: [s0:0.0.0.0:42154, s1:0.0.0.0:36158, s2:0.0.0.0:36910], old=null RUNNING
  s1:  RUNNING CANDIDATE s1@group-3D81F66BC438:t75, leader=null, voted=s1, raftlog=s1@group-3D81F66BC438-SegmentedRaftLog:OPENED:c10,f11,i11, conf=11: [s0:0.0.0.0:42154, s1:0.0.0.0:36158, s2:0.0.0.0:36910], old=null RUNNING
  s2:  RUNNING CANDIDATE s2@group-3D81F66BC438:t75, leader=null, voted=s2, raftlog=s2@group-3D81F66BC438-SegmentedRaftLog:OPENED:c10,f10,i10, conf=9: [s0:0.0.0.0:42154, s1:0.0.0.0:36158, s2:0.0.0.0:36910], old=null RUNNING
	at org.apache.ratis.MiniRaftCluster.newIllegalStateExceptionForNoLeaders(MiniRaftCluster.java:506)
	at org.apache.ratis.RaftTestUtil.lambda$waitForLeader$1(RaftTestUtil.java:90)
	at org.apache.ratis.MiniRaftCluster.getLeader(MiniRaftCluster.java:539)
	at org.apache.ratis.MiniRaftCluster.getLeader(MiniRaftCluster.java:532)
	at org.apache.ratis.RaftTestUtil.lambda$waitForLeader$3(RaftTestUtil.java:98)
	at org.apache.ratis.util.JavaUtils.attempt(JavaUtils.java:152)
	at org.apache.ratis.RaftTestUtil.waitForLeader(RaftTestUtil.java:97)
	at org.apache.ratis.RaftTestUtil.waitForLeader(RaftTestUtil.java:77)
	at org.apache.ratis.RaftTestUtil.waitForLeader(RaftTestUtil.java:72)
	at org.apache.ratis.RaftTestUtil.lambda$changeLeader$7(RaftTestUtil.java:363)
	at org.apache.ratis.util.JavaUtils.attempt(JavaUtils.java:152)
	at org.apache.ratis.RaftTestUtil.changeLeader(RaftTestUtil.java:362)
	at org.apache.ratis.server.impl.LeaderElectionTests.testChangeLeader(LeaderElectionTests.java:81)
	at sun.reflect.NativeMethodAccessorImpl.invoke0(Native Method)
	at sun.reflect.NativeMethodAccessorImpl.invoke(NativeMethodAccessorImpl.java:62)
	at sun.reflect.DelegatingMethodAccessorImpl.invoke(DelegatingMethodAccessorImpl.java:43)
	at java.lang.reflect.Method.invoke(Method.java:498)
	at org.junit.runners.model.FrameworkMethod$1.runReflectiveCall(FrameworkMethod.java:50)
	at org.junit.internal.runners.model.ReflectiveCallable.run(ReflectiveCallable.java:12)
	at org.junit.runners.model.FrameworkMethod.invokeExplosively(FrameworkMethod.java:47)
	at org.junit.internal.runners.statements.InvokeMethod.evaluate(InvokeMethod.java:17)
	at org.junit.internal.runners.statements.RunAfters.evaluate(RunAfters.java:27)
	at org.junit.internal.runners.statements.FailOnTimeout$CallableStatement.call(FailOnTimeout.java:298)
	at org.junit.internal.runners.statements.FailOnTimeout$CallableStatement.call(FailOnTimeout.java:292)
	at java.util.concurrent.FutureTask.run(FutureTask.java:266)
	at java.lang.Thread.run(Thread.java:748)
2019-09-24 11:59:45,999 INFO  impl.LeaderElection (LeaderElection.java:logAndReturn(56)) - s1@group-3D81F66BC438-LeaderElection76: Election TIMEOUT; received 1 response(s) [s1<-s0#0:FAIL-t75] and 0 exception(s); s1@group-3D81F66BC438:t75, leader=null, voted=s1, raftlog=s1@group-3D81F66BC438-SegmentedRaftLog:OPENED:c10,f11,i11, conf=11: [s0:0.0.0.0:42154, s1:0.0.0.0:36158, s2:0.0.0.0:36910], old=null
2019-09-24 11:59:46,025 INFO  impl.LeaderElection (LeaderElection.java:askForVotes(178)) - s1@group-3D81F66BC438-LeaderElection76: begin an election at term 76 for 11: [s0:0.0.0.0:42154, s1:0.0.0.0:36158, s2:0.0.0.0:36910], old=null
2019-09-24 11:59:46,026 DEBUG impl.RaftServerImpl (RaftServerImpl.java:requestVote(743)) - s0@group-3D81F66BC438: receive requestVote(s1, group-3D81F66BC438, 76, (t:14, i:11))
2019-09-24 11:59:46,026 INFO  impl.RaftServerImpl (RaftServerImpl.java:setRole(170)) - s0@group-3D81F66BC438: changes role from  FOLLOWER to FOLLOWER at term 76 for recognizeCandidate:s1
2019-09-24 11:59:46,026 INFO  impl.RoleInfo (RoleInfo.java:shutdownFollowerState(121)) - s0: shutdown FollowerState
2019-09-24 11:59:46,026 INFO  impl.RoleInfo (RoleInfo.java:updateAndGet(143)) - s0: start FollowerState
2019-09-24 11:59:46,027 INFO  impl.FollowerState (FollowerState.java:run(117)) - s0@group-3D81F66BC438-FollowerState was interrupted: java.lang.InterruptedException: sleep interrupted
2019-09-24 11:59:46,048 DEBUG impl.RaftServerImpl (RaftServerImpl.java:requestVote(775)) - s0@group-3D81F66BC438 replies to vote request: s1<-s0#0:FAIL-t76. Peer's state: s0@group-3D81F66BC438:t76, leader=null, voted=null, raftlog=s0@group-3D81F66BC438-SegmentedRaftLog:OPENED:c11,f12,i12, conf=11: [s0:0.0.0.0:42154, s1:0.0.0.0:36158, s2:0.0.0.0:36910], old=null
2019-09-24 11:59:46,160 INFO  impl.LeaderElection (LeaderElection.java:logAndReturn(56)) - s2@group-3D81F66BC438-LeaderElection72: Election TIMEOUT; received 1 response(s) [s2<-s0#0:FAIL-t75] and 0 exception(s); s2@group-3D81F66BC438:t75, leader=null, voted=s2, raftlog=s2@group-3D81F66BC438-SegmentedRaftLog:OPENED:c10,f10,i10, conf=9: [s0:0.0.0.0:42154, s1:0.0.0.0:36158, s2:0.0.0.0:36910], old=null
2019-09-24 11:59:46,173 INFO  impl.LeaderElection (LeaderElection.java:askForVotes(178)) - s2@group-3D81F66BC438-LeaderElection72: begin an election at term 76 for 9: [s0:0.0.0.0:42154, s1:0.0.0.0:36158, s2:0.0.0.0:36910], old=null
2019-09-24 11:59:46,173 DEBUG impl.RaftServerImpl (RaftServerImpl.java:requestVote(743)) - s0@group-3D81F66BC438: receive requestVote(s2, group-3D81F66BC438, 76, (t:13, i:10))
2019-09-24 11:59:46,173 INFO  impl.RaftServerImpl (RaftServerImpl.java:setRole(170)) - s0@group-3D81F66BC438: changes role from  FOLLOWER to FOLLOWER at term 76 for recognizeCandidate:s2
2019-09-24 11:59:46,174 INFO  impl.RoleInfo (RoleInfo.java:shutdownFollowerState(121)) - s0: shutdown FollowerState
2019-09-24 11:59:46,174 INFO  impl.RoleInfo (RoleInfo.java:updateAndGet(143)) - s0: start FollowerState
2019-09-24 11:59:46,174 INFO  impl.FollowerState (FollowerState.java:run(117)) - s0@group-3D81F66BC438-FollowerState was interrupted: java.lang.InterruptedException: sleep interrupted
2019-09-24 11:59:46,174 DEBUG impl.RaftServerImpl (RaftServerImpl.java:requestVote(775)) - s0@group-3D81F66BC438 replies to vote request: s2<-s0#0:FAIL-t76. Peer's state: s0@group-3D81F66BC438:t76, leader=null, voted=null, raftlog=s0@group-3D81F66BC438-SegmentedRaftLog:OPENED:c11,f12,i12, conf=11: [s0:0.0.0.0:42154, s1:0.0.0.0:36158, s2:0.0.0.0:36910], old=null
2019-09-24 11:59:46,321 INFO  impl.LeaderElection (LeaderElection.java:logAndReturn(56)) - s1@group-3D81F66BC438-LeaderElection76: Election TIMEOUT; received 1 response(s) [s1<-s0#0:FAIL-t76] and 0 exception(s); s1@group-3D81F66BC438:t76, leader=null, voted=s1, raftlog=s1@group-3D81F66BC438-SegmentedRaftLog:OPENED:c10,f11,i11, conf=11: [s0:0.0.0.0:42154, s1:0.0.0.0:36158, s2:0.0.0.0:36910], old=null
2019-09-24 11:59:46,336 INFO  impl.LeaderElection (LeaderElection.java:askForVotes(178)) - s1@group-3D81F66BC438-LeaderElection76: begin an election at term 77 for 11: [s0:0.0.0.0:42154, s1:0.0.0.0:36158, s2:0.0.0.0:36910], old=null
2019-09-24 11:59:46,336 DEBUG impl.RaftServerImpl (RaftServerImpl.java:requestVote(743)) - s0@group-3D81F66BC438: receive requestVote(s1, group-3D81F66BC438, 77, (t:14, i:11))
2019-09-24 11:59:46,337 INFO  impl.RaftServerImpl (RaftServerImpl.java:setRole(170)) - s0@group-3D81F66BC438: changes role from  FOLLOWER to FOLLOWER at term 77 for recognizeCandidate:s1
2019-09-24 11:59:46,337 INFO  impl.RoleInfo (RoleInfo.java:shutdownFollowerState(121)) - s0: shutdown FollowerState
2019-09-24 11:59:46,337 INFO  impl.RoleInfo (RoleInfo.java:updateAndGet(143)) - s0: start FollowerState
2019-09-24 11:59:46,337 INFO  impl.FollowerState (FollowerState.java:run(117)) - s0@group-3D81F66BC438-FollowerState was interrupted: java.lang.InterruptedException: sleep interrupted
2019-09-24 11:59:46,348 WARN  ratis.RaftTestUtil (JavaUtils.java:attempt(158)) - FAILED "waitForLeader-null-(expectLeader? true)", attempt #33/100: java.lang.IllegalStateException: No leader yet : printing ALL groups
  s0:  RUNNING  FOLLOWER s0@group-3D81F66BC438:t77, leader=null, voted=null, raftlog=s0@group-3D81F66BC438-SegmentedRaftLog:OPENED:c11,f12,i12, conf=11: [s0:0.0.0.0:42154, s1:0.0.0.0:36158, s2:0.0.0.0:36910], old=null RUNNING
  s1:  RUNNING CANDIDATE s1@group-3D81F66BC438:t77, leader=null, voted=s1, raftlog=s1@group-3D81F66BC438-SegmentedRaftLog:OPENED:c10,f11,i11, conf=11: [s0:0.0.0.0:42154, s1:0.0.0.0:36158, s2:0.0.0.0:36910], old=null RUNNING
  s2:  RUNNING CANDIDATE s2@group-3D81F66BC438:t76, leader=null, voted=s2, raftlog=s2@group-3D81F66BC438-SegmentedRaftLog:OPENED:c10,f10,i10, conf=9: [s0:0.0.0.0:42154, s1:0.0.0.0:36158, s2:0.0.0.0:36910], old=null RUNNING, sleep 450ms and then retry.
java.lang.IllegalStateException: No leader yet : printing ALL groups
  s0:  RUNNING  FOLLOWER s0@group-3D81F66BC438:t77, leader=null, voted=null, raftlog=s0@group-3D81F66BC438-SegmentedRaftLog:OPENED:c11,f12,i12, conf=11: [s0:0.0.0.0:42154, s1:0.0.0.0:36158, s2:0.0.0.0:36910], old=null RUNNING
  s1:  RUNNING CANDIDATE s1@group-3D81F66BC438:t77, leader=null, voted=s1, raftlog=s1@group-3D81F66BC438-SegmentedRaftLog:OPENED:c10,f11,i11, conf=11: [s0:0.0.0.0:42154, s1:0.0.0.0:36158, s2:0.0.0.0:36910], old=null RUNNING
  s2:  RUNNING CANDIDATE s2@group-3D81F66BC438:t76, leader=null, voted=s2, raftlog=s2@group-3D81F66BC438-SegmentedRaftLog:OPENED:c10,f10,i10, conf=9: [s0:0.0.0.0:42154, s1:0.0.0.0:36158, s2:0.0.0.0:36910], old=null RUNNING
	at org.apache.ratis.MiniRaftCluster.newIllegalStateExceptionForNoLeaders(MiniRaftCluster.java:506)
	at org.apache.ratis.RaftTestUtil.lambda$waitForLeader$1(RaftTestUtil.java:90)
	at org.apache.ratis.MiniRaftCluster.getLeader(MiniRaftCluster.java:539)
	at org.apache.ratis.MiniRaftCluster.getLeader(MiniRaftCluster.java:532)
	at org.apache.ratis.RaftTestUtil.lambda$waitForLeader$3(RaftTestUtil.java:98)
	at org.apache.ratis.util.JavaUtils.attempt(JavaUtils.java:152)
	at org.apache.ratis.RaftTestUtil.waitForLeader(RaftTestUtil.java:97)
	at org.apache.ratis.RaftTestUtil.waitForLeader(RaftTestUtil.java:77)
	at org.apache.ratis.RaftTestUtil.waitForLeader(RaftTestUtil.java:72)
	at org.apache.ratis.RaftTestUtil.lambda$changeLeader$7(RaftTestUtil.java:363)
	at org.apache.ratis.util.JavaUtils.attempt(JavaUtils.java:152)
	at org.apache.ratis.RaftTestUtil.changeLeader(RaftTestUtil.java:362)
	at org.apache.ratis.server.impl.LeaderElectionTests.testChangeLeader(LeaderElectionTests.java:81)
	at sun.reflect.NativeMethodAccessorImpl.invoke0(Native Method)
	at sun.reflect.NativeMethodAccessorImpl.invoke(NativeMethodAccessorImpl.java:62)
	at sun.reflect.DelegatingMethodAccessorImpl.invoke(DelegatingMethodAccessorImpl.java:43)
	at java.lang.reflect.Method.invoke(Method.java:498)
	at org.junit.runners.model.FrameworkMethod$1.runReflectiveCall(FrameworkMethod.java:50)
	at org.junit.internal.runners.model.ReflectiveCallable.run(ReflectiveCallable.java:12)
	at org.junit.runners.model.FrameworkMethod.invokeExplosively(FrameworkMethod.java:47)
	at org.junit.internal.runners.statements.InvokeMethod.evaluate(InvokeMethod.java:17)
	at org.junit.internal.runners.statements.RunAfters.evaluate(RunAfters.java:27)
	at org.junit.internal.runners.statements.FailOnTimeout$CallableStatement.call(FailOnTimeout.java:298)
	at org.junit.internal.runners.statements.FailOnTimeout$CallableStatement.call(FailOnTimeout.java:292)
	at java.util.concurrent.FutureTask.run(FutureTask.java:266)
	at java.lang.Thread.run(Thread.java:748)
2019-09-24 11:59:46,350 DEBUG impl.RaftServerImpl (RaftServerImpl.java:requestVote(775)) - s0@group-3D81F66BC438 replies to vote request: s1<-s0#0:FAIL-t77. Peer's state: s0@group-3D81F66BC438:t77, leader=null, voted=null, raftlog=s0@group-3D81F66BC438-SegmentedRaftLog:OPENED:c11,f12,i12, conf=11: [s0:0.0.0.0:42154, s1:0.0.0.0:36158, s2:0.0.0.0:36910], old=null
2019-09-24 11:59:46,437 INFO  impl.LeaderElection (LeaderElection.java:logAndReturn(56)) - s2@group-3D81F66BC438-LeaderElection72: Election TIMEOUT; received 1 response(s) [s2<-s0#0:FAIL-t76] and 0 exception(s); s2@group-3D81F66BC438:t76, leader=null, voted=s2, raftlog=s2@group-3D81F66BC438-SegmentedRaftLog:OPENED:c10,f10,i10, conf=9: [s0:0.0.0.0:42154, s1:0.0.0.0:36158, s2:0.0.0.0:36910], old=null
2019-09-24 11:59:46,453 INFO  impl.LeaderElection (LeaderElection.java:askForVotes(178)) - s2@group-3D81F66BC438-LeaderElection72: begin an election at term 77 for 9: [s0:0.0.0.0:42154, s1:0.0.0.0:36158, s2:0.0.0.0:36910], old=null
2019-09-24 11:59:46,453 DEBUG impl.RaftServerImpl (RaftServerImpl.java:requestVote(743)) - s0@group-3D81F66BC438: receive requestVote(s2, group-3D81F66BC438, 77, (t:13, i:10))
2019-09-24 11:59:46,454 INFO  impl.RaftServerImpl (RaftServerImpl.java:setRole(170)) - s0@group-3D81F66BC438: changes role from  FOLLOWER to FOLLOWER at term 77 for recognizeCandidate:s2
2019-09-24 11:59:46,454 INFO  impl.RoleInfo (RoleInfo.java:shutdownFollowerState(121)) - s0: shutdown FollowerState
2019-09-24 11:59:46,454 INFO  impl.RoleInfo (RoleInfo.java:updateAndGet(143)) - s0: start FollowerState
2019-09-24 11:59:46,454 INFO  impl.FollowerState (FollowerState.java:run(117)) - s0@group-3D81F66BC438-FollowerState was interrupted: java.lang.InterruptedException: sleep interrupted
2019-09-24 11:59:46,454 DEBUG impl.RaftServerImpl (RaftServerImpl.java:requestVote(775)) - s0@group-3D81F66BC438 replies to vote request: s2<-s0#0:FAIL-t77. Peer's state: s0@group-3D81F66BC438:t77, leader=null, voted=null, raftlog=s0@group-3D81F66BC438-SegmentedRaftLog:OPENED:c11,f12,i12, conf=11: [s0:0.0.0.0:42154, s1:0.0.0.0:36158, s2:0.0.0.0:36910], old=null
2019-09-24 11:59:46,578 INFO  impl.LeaderElection (LeaderElection.java:logAndReturn(56)) - s1@group-3D81F66BC438-LeaderElection76: Election TIMEOUT; received 1 response(s) [s1<-s0#0:FAIL-t77] and 0 exception(s); s1@group-3D81F66BC438:t77, leader=null, voted=s1, raftlog=s1@group-3D81F66BC438-SegmentedRaftLog:OPENED:c10,f11,i11, conf=11: [s0:0.0.0.0:42154, s1:0.0.0.0:36158, s2:0.0.0.0:36910], old=null
2019-09-24 11:59:46,592 INFO  impl.LeaderElection (LeaderElection.java:askForVotes(178)) - s1@group-3D81F66BC438-LeaderElection76: begin an election at term 78 for 11: [s0:0.0.0.0:42154, s1:0.0.0.0:36158, s2:0.0.0.0:36910], old=null
2019-09-24 11:59:46,593 DEBUG impl.RaftServerImpl (RaftServerImpl.java:requestVote(743)) - s0@group-3D81F66BC438: receive requestVote(s1, group-3D81F66BC438, 78, (t:14, i:11))
2019-09-24 11:59:46,593 INFO  impl.RaftServerImpl (RaftServerImpl.java:setRole(170)) - s0@group-3D81F66BC438: changes role from  FOLLOWER to FOLLOWER at term 78 for recognizeCandidate:s1
2019-09-24 11:59:46,593 INFO  impl.RoleInfo (RoleInfo.java:shutdownFollowerState(121)) - s0: shutdown FollowerState
2019-09-24 11:59:46,593 INFO  impl.RoleInfo (RoleInfo.java:updateAndGet(143)) - s0: start FollowerState
2019-09-24 11:59:46,593 INFO  impl.FollowerState (FollowerState.java:run(117)) - s0@group-3D81F66BC438-FollowerState was interrupted: java.lang.InterruptedException: sleep interrupted
2019-09-24 11:59:46,608 DEBUG impl.RaftServerImpl (RaftServerImpl.java:requestVote(775)) - s0@group-3D81F66BC438 replies to vote request: s1<-s0#0:FAIL-t78. Peer's state: s0@group-3D81F66BC438:t78, leader=null, voted=null, raftlog=s0@group-3D81F66BC438-SegmentedRaftLog:OPENED:c11,f12,i12, conf=11: [s0:0.0.0.0:42154, s1:0.0.0.0:36158, s2:0.0.0.0:36910], old=null
2019-09-24 11:59:46,738 INFO  impl.LeaderElection (LeaderElection.java:logAndReturn(56)) - s2@group-3D81F66BC438-LeaderElection72: Election TIMEOUT; received 1 response(s) [s2<-s0#0:FAIL-t77] and 0 exception(s); s2@group-3D81F66BC438:t77, leader=null, voted=s2, raftlog=s2@group-3D81F66BC438-SegmentedRaftLog:OPENED:c10,f10,i10, conf=9: [s0:0.0.0.0:42154, s1:0.0.0.0:36158, s2:0.0.0.0:36910], old=null
2019-09-24 11:59:46,753 INFO  impl.LeaderElection (LeaderElection.java:askForVotes(178)) - s2@group-3D81F66BC438-LeaderElection72: begin an election at term 78 for 9: [s0:0.0.0.0:42154, s1:0.0.0.0:36158, s2:0.0.0.0:36910], old=null
2019-09-24 11:59:46,754 DEBUG impl.RaftServerImpl (RaftServerImpl.java:requestVote(743)) - s0@group-3D81F66BC438: receive requestVote(s2, group-3D81F66BC438, 78, (t:13, i:10))
2019-09-24 11:59:46,754 INFO  impl.RaftServerImpl (RaftServerImpl.java:setRole(170)) - s0@group-3D81F66BC438: changes role from  FOLLOWER to FOLLOWER at term 78 for recognizeCandidate:s2
2019-09-24 11:59:46,754 INFO  impl.RoleInfo (RoleInfo.java:shutdownFollowerState(121)) - s0: shutdown FollowerState
2019-09-24 11:59:46,754 INFO  impl.RoleInfo (RoleInfo.java:updateAndGet(143)) - s0: start FollowerState
2019-09-24 11:59:46,754 INFO  impl.FollowerState (FollowerState.java:run(117)) - s0@group-3D81F66BC438-FollowerState was interrupted: java.lang.InterruptedException: sleep interrupted
2019-09-24 11:59:46,755 DEBUG impl.RaftServerImpl (RaftServerImpl.java:requestVote(775)) - s0@group-3D81F66BC438 replies to vote request: s2<-s0#0:FAIL-t78. Peer's state: s0@group-3D81F66BC438:t78, leader=null, voted=null, raftlog=s0@group-3D81F66BC438-SegmentedRaftLog:OPENED:c11,f12,i12, conf=11: [s0:0.0.0.0:42154, s1:0.0.0.0:36158, s2:0.0.0.0:36910], old=null
2019-09-24 11:59:46,799 WARN  ratis.RaftTestUtil (JavaUtils.java:attempt(158)) - FAILED "waitForLeader-null-(expectLeader? true)", attempt #34/100: java.lang.IllegalStateException: No leader yet : printing ALL groups
  s0:  RUNNING  FOLLOWER s0@group-3D81F66BC438:t78, leader=null, voted=null, raftlog=s0@group-3D81F66BC438-SegmentedRaftLog:OPENED:c11,f12,i12, conf=11: [s0:0.0.0.0:42154, s1:0.0.0.0:36158, s2:0.0.0.0:36910], old=null RUNNING
  s1:  RUNNING CANDIDATE s1@group-3D81F66BC438:t78, leader=null, voted=s1, raftlog=s1@group-3D81F66BC438-SegmentedRaftLog:OPENED:c10,f11,i11, conf=11: [s0:0.0.0.0:42154, s1:0.0.0.0:36158, s2:0.0.0.0:36910], old=null RUNNING
  s2:  RUNNING CANDIDATE s2@group-3D81F66BC438:t78, leader=null, voted=s2, raftlog=s2@group-3D81F66BC438-SegmentedRaftLog:OPENED:c10,f10,i10, conf=9: [s0:0.0.0.0:42154, s1:0.0.0.0:36158, s2:0.0.0.0:36910], old=null RUNNING, sleep 450ms and then retry.
java.lang.IllegalStateException: No leader yet : printing ALL groups
  s0:  RUNNING  FOLLOWER s0@group-3D81F66BC438:t78, leader=null, voted=null, raftlog=s0@group-3D81F66BC438-SegmentedRaftLog:OPENED:c11,f12,i12, conf=11: [s0:0.0.0.0:42154, s1:0.0.0.0:36158, s2:0.0.0.0:36910], old=null RUNNING
  s1:  RUNNING CANDIDATE s1@group-3D81F66BC438:t78, leader=null, voted=s1, raftlog=s1@group-3D81F66BC438-SegmentedRaftLog:OPENED:c10,f11,i11, conf=11: [s0:0.0.0.0:42154, s1:0.0.0.0:36158, s2:0.0.0.0:36910], old=null RUNNING
  s2:  RUNNING CANDIDATE s2@group-3D81F66BC438:t78, leader=null, voted=s2, raftlog=s2@group-3D81F66BC438-SegmentedRaftLog:OPENED:c10,f10,i10, conf=9: [s0:0.0.0.0:42154, s1:0.0.0.0:36158, s2:0.0.0.0:36910], old=null RUNNING
	at org.apache.ratis.MiniRaftCluster.newIllegalStateExceptionForNoLeaders(MiniRaftCluster.java:506)
	at org.apache.ratis.RaftTestUtil.lambda$waitForLeader$1(RaftTestUtil.java:90)
	at org.apache.ratis.MiniRaftCluster.getLeader(MiniRaftCluster.java:539)
	at org.apache.ratis.MiniRaftCluster.getLeader(MiniRaftCluster.java:532)
	at org.apache.ratis.RaftTestUtil.lambda$waitForLeader$3(RaftTestUtil.java:98)
	at org.apache.ratis.util.JavaUtils.attempt(JavaUtils.java:152)
	at org.apache.ratis.RaftTestUtil.waitForLeader(RaftTestUtil.java:97)
	at org.apache.ratis.RaftTestUtil.waitForLeader(RaftTestUtil.java:77)
	at org.apache.ratis.RaftTestUtil.waitForLeader(RaftTestUtil.java:72)
	at org.apache.ratis.RaftTestUtil.lambda$changeLeader$7(RaftTestUtil.java:363)
	at org.apache.ratis.util.JavaUtils.attempt(JavaUtils.java:152)
	at org.apache.ratis.RaftTestUtil.changeLeader(RaftTestUtil.java:362)
	at org.apache.ratis.server.impl.LeaderElectionTests.testChangeLeader(LeaderElectionTests.java:81)
	at sun.reflect.NativeMethodAccessorImpl.invoke0(Native Method)
	at sun.reflect.NativeMethodAccessorImpl.invoke(NativeMethodAccessorImpl.java:62)
	at sun.reflect.DelegatingMethodAccessorImpl.invoke(DelegatingMethodAccessorImpl.java:43)
	at java.lang.reflect.Method.invoke(Method.java:498)
	at org.junit.runners.model.FrameworkMethod$1.runReflectiveCall(FrameworkMethod.java:50)
	at org.junit.internal.runners.model.ReflectiveCallable.run(ReflectiveCallable.java:12)
	at org.junit.runners.model.FrameworkMethod.invokeExplosively(FrameworkMethod.java:47)
	at org.junit.internal.runners.statements.InvokeMethod.evaluate(InvokeMethod.java:17)
	at org.junit.internal.runners.statements.RunAfters.evaluate(RunAfters.java:27)
	at org.junit.internal.runners.statements.FailOnTimeout$CallableStatement.call(FailOnTimeout.java:298)
	at org.junit.internal.runners.statements.FailOnTimeout$CallableStatement.call(FailOnTimeout.java:292)
	at java.util.concurrent.FutureTask.run(FutureTask.java:266)
	at java.lang.Thread.run(Thread.java:748)
2019-09-24 11:59:46,806 INFO  impl.LeaderElection (LeaderElection.java:logAndReturn(56)) - s1@group-3D81F66BC438-LeaderElection76: Election TIMEOUT; received 1 response(s) [s1<-s0#0:FAIL-t78] and 0 exception(s); s1@group-3D81F66BC438:t78, leader=null, voted=s1, raftlog=s1@group-3D81F66BC438-SegmentedRaftLog:OPENED:c10,f11,i11, conf=11: [s0:0.0.0.0:42154, s1:0.0.0.0:36158, s2:0.0.0.0:36910], old=null
2019-09-24 11:59:46,827 INFO  impl.LeaderElection (LeaderElection.java:askForVotes(178)) - s1@group-3D81F66BC438-LeaderElection76: begin an election at term 79 for 11: [s0:0.0.0.0:42154, s1:0.0.0.0:36158, s2:0.0.0.0:36910], old=null
2019-09-24 11:59:46,828 DEBUG impl.RaftServerImpl (RaftServerImpl.java:requestVote(743)) - s0@group-3D81F66BC438: receive requestVote(s1, group-3D81F66BC438, 79, (t:14, i:11))
2019-09-24 11:59:46,828 INFO  impl.RaftServerImpl (RaftServerImpl.java:setRole(170)) - s0@group-3D81F66BC438: changes role from  FOLLOWER to FOLLOWER at term 79 for recognizeCandidate:s1
2019-09-24 11:59:46,828 INFO  impl.RoleInfo (RoleInfo.java:shutdownFollowerState(121)) - s0: shutdown FollowerState
2019-09-24 11:59:46,829 INFO  impl.RoleInfo (RoleInfo.java:updateAndGet(143)) - s0: start FollowerState
2019-09-24 11:59:46,829 INFO  impl.FollowerState (FollowerState.java:run(117)) - s0@group-3D81F66BC438-FollowerState was interrupted: java.lang.InterruptedException: sleep interrupted
2019-09-24 11:59:46,842 DEBUG impl.RaftServerImpl (RaftServerImpl.java:requestVote(775)) - s0@group-3D81F66BC438 replies to vote request: s1<-s0#0:FAIL-t79. Peer's state: s0@group-3D81F66BC438:t79, leader=null, voted=null, raftlog=s0@group-3D81F66BC438-SegmentedRaftLog:OPENED:c11,f12,i12, conf=11: [s0:0.0.0.0:42154, s1:0.0.0.0:36158, s2:0.0.0.0:36910], old=null
2019-09-24 11:59:46,948 INFO  impl.LeaderElection (LeaderElection.java:logAndReturn(56)) - s2@group-3D81F66BC438-LeaderElection72: Election TIMEOUT; received 1 response(s) [s2<-s0#0:FAIL-t78] and 0 exception(s); s2@group-3D81F66BC438:t78, leader=null, voted=s2, raftlog=s2@group-3D81F66BC438-SegmentedRaftLog:OPENED:c10,f10,i10, conf=9: [s0:0.0.0.0:42154, s1:0.0.0.0:36158, s2:0.0.0.0:36910], old=null
2019-09-24 11:59:46,961 INFO  impl.LeaderElection (LeaderElection.java:askForVotes(178)) - s2@group-3D81F66BC438-LeaderElection72: begin an election at term 79 for 9: [s0:0.0.0.0:42154, s1:0.0.0.0:36158, s2:0.0.0.0:36910], old=null
2019-09-24 11:59:46,962 DEBUG impl.RaftServerImpl (RaftServerImpl.java:requestVote(743)) - s0@group-3D81F66BC438: receive requestVote(s2, group-3D81F66BC438, 79, (t:13, i:10))
2019-09-24 11:59:46,962 INFO  impl.RaftServerImpl (RaftServerImpl.java:setRole(170)) - s0@group-3D81F66BC438: changes role from  FOLLOWER to FOLLOWER at term 79 for recognizeCandidate:s2
2019-09-24 11:59:46,962 INFO  impl.RoleInfo (RoleInfo.java:shutdownFollowerState(121)) - s0: shutdown FollowerState
2019-09-24 11:59:46,962 INFO  impl.RoleInfo (RoleInfo.java:updateAndGet(143)) - s0: start FollowerState
2019-09-24 11:59:46,962 INFO  impl.FollowerState (FollowerState.java:run(117)) - s0@group-3D81F66BC438-FollowerState was interrupted: java.lang.InterruptedException: sleep interrupted
2019-09-24 11:59:46,963 DEBUG impl.RaftServerImpl (RaftServerImpl.java:requestVote(775)) - s0@group-3D81F66BC438 replies to vote request: s2<-s0#0:FAIL-t79. Peer's state: s0@group-3D81F66BC438:t79, leader=null, voted=null, raftlog=s0@group-3D81F66BC438-SegmentedRaftLog:OPENED:c11,f12,i12, conf=11: [s0:0.0.0.0:42154, s1:0.0.0.0:36158, s2:0.0.0.0:36910], old=null
2019-09-24 11:59:47,049 INFO  impl.LeaderElection (LeaderElection.java:logAndReturn(56)) - s1@group-3D81F66BC438-LeaderElection76: Election TIMEOUT; received 1 response(s) [s1<-s0#0:FAIL-t79] and 0 exception(s); s1@group-3D81F66BC438:t79, leader=null, voted=s1, raftlog=s1@group-3D81F66BC438-SegmentedRaftLog:OPENED:c10,f11,i11, conf=11: [s0:0.0.0.0:42154, s1:0.0.0.0:36158, s2:0.0.0.0:36910], old=null
2019-09-24 11:59:47,075 INFO  impl.LeaderElection (LeaderElection.java:askForVotes(178)) - s1@group-3D81F66BC438-LeaderElection76: begin an election at term 80 for 11: [s0:0.0.0.0:42154, s1:0.0.0.0:36158, s2:0.0.0.0:36910], old=null
2019-09-24 11:59:47,076 DEBUG impl.RaftServerImpl (RaftServerImpl.java:requestVote(743)) - s0@group-3D81F66BC438: receive requestVote(s1, group-3D81F66BC438, 80, (t:14, i:11))
2019-09-24 11:59:47,076 INFO  impl.RaftServerImpl (RaftServerImpl.java:setRole(170)) - s0@group-3D81F66BC438: changes role from  FOLLOWER to FOLLOWER at term 80 for recognizeCandidate:s1
2019-09-24 11:59:47,076 INFO  impl.RoleInfo (RoleInfo.java:shutdownFollowerState(121)) - s0: shutdown FollowerState
2019-09-24 11:59:47,076 INFO  impl.RoleInfo (RoleInfo.java:updateAndGet(143)) - s0: start FollowerState
2019-09-24 11:59:47,076 INFO  impl.FollowerState (FollowerState.java:run(117)) - s0@group-3D81F66BC438-FollowerState was interrupted: java.lang.InterruptedException: sleep interrupted
2019-09-24 11:59:47,090 DEBUG impl.RaftServerImpl (RaftServerImpl.java:requestVote(775)) - s0@group-3D81F66BC438 replies to vote request: s1<-s0#0:FAIL-t80. Peer's state: s0@group-3D81F66BC438:t80, leader=null, voted=null, raftlog=s0@group-3D81F66BC438-SegmentedRaftLog:OPENED:c11,f12,i12, conf=11: [s0:0.0.0.0:42154, s1:0.0.0.0:36158, s2:0.0.0.0:36910], old=null
2019-09-24 11:59:47,155 INFO  impl.LeaderElection (LeaderElection.java:logAndReturn(56)) - s2@group-3D81F66BC438-LeaderElection72: Election TIMEOUT; received 1 response(s) [s2<-s0#0:FAIL-t79] and 0 exception(s); s2@group-3D81F66BC438:t79, leader=null, voted=s2, raftlog=s2@group-3D81F66BC438-SegmentedRaftLog:OPENED:c10,f10,i10, conf=9: [s0:0.0.0.0:42154, s1:0.0.0.0:36158, s2:0.0.0.0:36910], old=null
2019-09-24 11:59:47,168 INFO  impl.LeaderElection (LeaderElection.java:askForVotes(178)) - s2@group-3D81F66BC438-LeaderElection72: begin an election at term 80 for 9: [s0:0.0.0.0:42154, s1:0.0.0.0:36158, s2:0.0.0.0:36910], old=null
2019-09-24 11:59:47,169 DEBUG impl.RaftServerImpl (RaftServerImpl.java:requestVote(743)) - s0@group-3D81F66BC438: receive requestVote(s2, group-3D81F66BC438, 80, (t:13, i:10))
2019-09-24 11:59:47,169 INFO  impl.RaftServerImpl (RaftServerImpl.java:setRole(170)) - s0@group-3D81F66BC438: changes role from  FOLLOWER to FOLLOWER at term 80 for recognizeCandidate:s2
2019-09-24 11:59:47,169 INFO  impl.RoleInfo (RoleInfo.java:shutdownFollowerState(121)) - s0: shutdown FollowerState
2019-09-24 11:59:47,169 INFO  impl.RoleInfo (RoleInfo.java:updateAndGet(143)) - s0: start FollowerState
2019-09-24 11:59:47,170 INFO  impl.FollowerState (FollowerState.java:run(117)) - s0@group-3D81F66BC438-FollowerState was interrupted: java.lang.InterruptedException: sleep interrupted
2019-09-24 11:59:47,170 DEBUG impl.RaftServerImpl (RaftServerImpl.java:requestVote(775)) - s0@group-3D81F66BC438 replies to vote request: s2<-s0#0:FAIL-t80. Peer's state: s0@group-3D81F66BC438:t80, leader=null, voted=null, raftlog=s0@group-3D81F66BC438-SegmentedRaftLog:OPENED:c11,f12,i12, conf=11: [s0:0.0.0.0:42154, s1:0.0.0.0:36158, s2:0.0.0.0:36910], old=null
2019-09-24 11:59:47,250 WARN  ratis.RaftTestUtil (JavaUtils.java:attempt(158)) - FAILED "waitForLeader-null-(expectLeader? true)", attempt #35/100: java.lang.IllegalStateException: No leader yet : printing ALL groups
  s0:  RUNNING  FOLLOWER s0@group-3D81F66BC438:t80, leader=null, voted=null, raftlog=s0@group-3D81F66BC438-SegmentedRaftLog:OPENED:c11,f12,i12, conf=11: [s0:0.0.0.0:42154, s1:0.0.0.0:36158, s2:0.0.0.0:36910], old=null RUNNING
  s1:  RUNNING CANDIDATE s1@group-3D81F66BC438:t80, leader=null, voted=s1, raftlog=s1@group-3D81F66BC438-SegmentedRaftLog:OPENED:c10,f11,i11, conf=11: [s0:0.0.0.0:42154, s1:0.0.0.0:36158, s2:0.0.0.0:36910], old=null RUNNING
  s2:  RUNNING CANDIDATE s2@group-3D81F66BC438:t80, leader=null, voted=s2, raftlog=s2@group-3D81F66BC438-SegmentedRaftLog:OPENED:c10,f10,i10, conf=9: [s0:0.0.0.0:42154, s1:0.0.0.0:36158, s2:0.0.0.0:36910], old=null RUNNING, sleep 450ms and then retry.
java.lang.IllegalStateException: No leader yet : printing ALL groups
  s0:  RUNNING  FOLLOWER s0@group-3D81F66BC438:t80, leader=null, voted=null, raftlog=s0@group-3D81F66BC438-SegmentedRaftLog:OPENED:c11,f12,i12, conf=11: [s0:0.0.0.0:42154, s1:0.0.0.0:36158, s2:0.0.0.0:36910], old=null RUNNING
  s1:  RUNNING CANDIDATE s1@group-3D81F66BC438:t80, leader=null, voted=s1, raftlog=s1@group-3D81F66BC438-SegmentedRaftLog:OPENED:c10,f11,i11, conf=11: [s0:0.0.0.0:42154, s1:0.0.0.0:36158, s2:0.0.0.0:36910], old=null RUNNING
  s2:  RUNNING CANDIDATE s2@group-3D81F66BC438:t80, leader=null, voted=s2, raftlog=s2@group-3D81F66BC438-SegmentedRaftLog:OPENED:c10,f10,i10, conf=9: [s0:0.0.0.0:42154, s1:0.0.0.0:36158, s2:0.0.0.0:36910], old=null RUNNING
	at org.apache.ratis.MiniRaftCluster.newIllegalStateExceptionForNoLeaders(MiniRaftCluster.java:506)
	at org.apache.ratis.RaftTestUtil.lambda$waitForLeader$1(RaftTestUtil.java:90)
	at org.apache.ratis.MiniRaftCluster.getLeader(MiniRaftCluster.java:539)
	at org.apache.ratis.MiniRaftCluster.getLeader(MiniRaftCluster.java:532)
	at org.apache.ratis.RaftTestUtil.lambda$waitForLeader$3(RaftTestUtil.java:98)
	at org.apache.ratis.util.JavaUtils.attempt(JavaUtils.java:152)
	at org.apache.ratis.RaftTestUtil.waitForLeader(RaftTestUtil.java:97)
	at org.apache.ratis.RaftTestUtil.waitForLeader(RaftTestUtil.java:77)
	at org.apache.ratis.RaftTestUtil.waitForLeader(RaftTestUtil.java:72)
	at org.apache.ratis.RaftTestUtil.lambda$changeLeader$7(RaftTestUtil.java:363)
	at org.apache.ratis.util.JavaUtils.attempt(JavaUtils.java:152)
	at org.apache.ratis.RaftTestUtil.changeLeader(RaftTestUtil.java:362)
	at org.apache.ratis.server.impl.LeaderElectionTests.testChangeLeader(LeaderElectionTests.java:81)
	at sun.reflect.NativeMethodAccessorImpl.invoke0(Native Method)
	at sun.reflect.NativeMethodAccessorImpl.invoke(NativeMethodAccessorImpl.java:62)
	at sun.reflect.DelegatingMethodAccessorImpl.invoke(DelegatingMethodAccessorImpl.java:43)
	at java.lang.reflect.Method.invoke(Method.java:498)
	at org.junit.runners.model.FrameworkMethod$1.runReflectiveCall(FrameworkMethod.java:50)
	at org.junit.internal.runners.model.ReflectiveCallable.run(ReflectiveCallable.java:12)
	at org.junit.runners.model.FrameworkMethod.invokeExplosively(FrameworkMethod.java:47)
	at org.junit.internal.runners.statements.InvokeMethod.evaluate(InvokeMethod.java:17)
	at org.junit.internal.runners.statements.RunAfters.evaluate(RunAfters.java:27)
	at org.junit.internal.runners.statements.FailOnTimeout$CallableStatement.call(FailOnTimeout.java:298)
	at org.junit.internal.runners.statements.FailOnTimeout$CallableStatement.call(FailOnTimeout.java:292)
	at java.util.concurrent.FutureTask.run(FutureTask.java:266)
	at java.lang.Thread.run(Thread.java:748)
2019-09-24 11:59:47,374 INFO  impl.LeaderElection (LeaderElection.java:logAndReturn(56)) - s1@group-3D81F66BC438-LeaderElection76: Election TIMEOUT; received 1 response(s) [s1<-s0#0:FAIL-t80] and 0 exception(s); s1@group-3D81F66BC438:t80, leader=null, voted=s1, raftlog=s1@group-3D81F66BC438-SegmentedRaftLog:OPENED:c10,f11,i11, conf=11: [s0:0.0.0.0:42154, s1:0.0.0.0:36158, s2:0.0.0.0:36910], old=null
2019-09-24 11:59:47,399 INFO  impl.LeaderElection (LeaderElection.java:askForVotes(178)) - s1@group-3D81F66BC438-LeaderElection76: begin an election at term 81 for 11: [s0:0.0.0.0:42154, s1:0.0.0.0:36158, s2:0.0.0.0:36910], old=null
2019-09-24 11:59:47,400 DEBUG impl.RaftServerImpl (RaftServerImpl.java:requestVote(743)) - s0@group-3D81F66BC438: receive requestVote(s1, group-3D81F66BC438, 81, (t:14, i:11))
2019-09-24 11:59:47,400 INFO  impl.RaftServerImpl (RaftServerImpl.java:setRole(170)) - s0@group-3D81F66BC438: changes role from  FOLLOWER to FOLLOWER at term 81 for recognizeCandidate:s1
2019-09-24 11:59:47,400 INFO  impl.RoleInfo (RoleInfo.java:shutdownFollowerState(121)) - s0: shutdown FollowerState
2019-09-24 11:59:47,400 INFO  impl.RoleInfo (RoleInfo.java:updateAndGet(143)) - s0: start FollowerState
2019-09-24 11:59:47,400 INFO  impl.FollowerState (FollowerState.java:run(117)) - s0@group-3D81F66BC438-FollowerState was interrupted: java.lang.InterruptedException: sleep interrupted
2019-09-24 11:59:47,403 INFO  impl.LeaderElection (LeaderElection.java:logAndReturn(56)) - s2@group-3D81F66BC438-LeaderElection72: Election TIMEOUT; received 1 response(s) [s2<-s0#0:FAIL-t80] and 0 exception(s); s2@group-3D81F66BC438:t80, leader=null, voted=s2, raftlog=s2@group-3D81F66BC438-SegmentedRaftLog:OPENED:c10,f10,i10, conf=9: [s0:0.0.0.0:42154, s1:0.0.0.0:36158, s2:0.0.0.0:36910], old=null
2019-09-24 11:59:47,415 INFO  impl.LeaderElection (LeaderElection.java:askForVotes(178)) - s2@group-3D81F66BC438-LeaderElection72: begin an election at term 81 for 9: [s0:0.0.0.0:42154, s1:0.0.0.0:36158, s2:0.0.0.0:36910], old=null
2019-09-24 11:59:47,415 DEBUG impl.RaftServerImpl (RaftServerImpl.java:requestVote(775)) - s0@group-3D81F66BC438 replies to vote request: s1<-s0#0:FAIL-t81. Peer's state: s0@group-3D81F66BC438:t81, leader=null, voted=null, raftlog=s0@group-3D81F66BC438-SegmentedRaftLog:OPENED:c11,f12,i12, conf=11: [s0:0.0.0.0:42154, s1:0.0.0.0:36158, s2:0.0.0.0:36910], old=null
2019-09-24 11:59:47,415 DEBUG impl.RaftServerImpl (RaftServerImpl.java:requestVote(743)) - s0@group-3D81F66BC438: receive requestVote(s2, group-3D81F66BC438, 81, (t:13, i:10))
2019-09-24 11:59:47,416 INFO  impl.RaftServerImpl (RaftServerImpl.java:setRole(170)) - s0@group-3D81F66BC438: changes role from  FOLLOWER to FOLLOWER at term 81 for recognizeCandidate:s2
2019-09-24 11:59:47,416 INFO  impl.RoleInfo (RoleInfo.java:shutdownFollowerState(121)) - s0: shutdown FollowerState
2019-09-24 11:59:47,416 INFO  impl.RoleInfo (RoleInfo.java:updateAndGet(143)) - s0: start FollowerState
2019-09-24 11:59:47,416 INFO  impl.FollowerState (FollowerState.java:run(117)) - s0@group-3D81F66BC438-FollowerState was interrupted: java.lang.InterruptedException: sleep interrupted
2019-09-24 11:59:47,416 DEBUG impl.RaftServerImpl (RaftServerImpl.java:requestVote(775)) - s0@group-3D81F66BC438 replies to vote request: s2<-s0#0:FAIL-t81. Peer's state: s0@group-3D81F66BC438:t81, leader=null, voted=null, raftlog=s0@group-3D81F66BC438-SegmentedRaftLog:OPENED:c11,f12,i12, conf=11: [s0:0.0.0.0:42154, s1:0.0.0.0:36158, s2:0.0.0.0:36910], old=null
2019-09-24 11:59:47,617 INFO  impl.LeaderElection (LeaderElection.java:logAndReturn(56)) - s1@group-3D81F66BC438-LeaderElection76: Election TIMEOUT; received 1 response(s) [s1<-s0#0:FAIL-t81] and 0 exception(s); s1@group-3D81F66BC438:t81, leader=null, voted=s1, raftlog=s1@group-3D81F66BC438-SegmentedRaftLog:OPENED:c10,f11,i11, conf=11: [s0:0.0.0.0:42154, s1:0.0.0.0:36158, s2:0.0.0.0:36910], old=null
2019-09-24 11:59:47,630 INFO  impl.LeaderElection (LeaderElection.java:askForVotes(178)) - s1@group-3D81F66BC438-LeaderElection76: begin an election at term 82 for 11: [s0:0.0.0.0:42154, s1:0.0.0.0:36158, s2:0.0.0.0:36910], old=null
2019-09-24 11:59:47,631 DEBUG impl.RaftServerImpl (RaftServerImpl.java:requestVote(743)) - s0@group-3D81F66BC438: receive requestVote(s1, group-3D81F66BC438, 82, (t:14, i:11))
2019-09-24 11:59:47,631 INFO  impl.RaftServerImpl (RaftServerImpl.java:setRole(170)) - s0@group-3D81F66BC438: changes role from  FOLLOWER to FOLLOWER at term 82 for recognizeCandidate:s1
2019-09-24 11:59:47,632 INFO  impl.RoleInfo (RoleInfo.java:shutdownFollowerState(121)) - s0: shutdown FollowerState
2019-09-24 11:59:47,632 INFO  impl.RoleInfo (RoleInfo.java:updateAndGet(143)) - s0: start FollowerState
2019-09-24 11:59:47,632 INFO  impl.FollowerState (FollowerState.java:run(117)) - s0@group-3D81F66BC438-FollowerState was interrupted: java.lang.InterruptedException: sleep interrupted
2019-09-24 11:59:47,646 DEBUG impl.RaftServerImpl (RaftServerImpl.java:requestVote(775)) - s0@group-3D81F66BC438 replies to vote request: s1<-s0#0:FAIL-t82. Peer's state: s0@group-3D81F66BC438:t82, leader=null, voted=null, raftlog=s0@group-3D81F66BC438-SegmentedRaftLog:OPENED:c11,f12,i12, conf=11: [s0:0.0.0.0:42154, s1:0.0.0.0:36158, s2:0.0.0.0:36910], old=null
2019-09-24 11:59:47,702 WARN  ratis.RaftTestUtil (JavaUtils.java:attempt(158)) - FAILED "waitForLeader-null-(expectLeader? true)", attempt #36/100: java.lang.IllegalStateException: No leader yet : printing ALL groups
  s0:  RUNNING  FOLLOWER s0@group-3D81F66BC438:t82, leader=null, voted=null, raftlog=s0@group-3D81F66BC438-SegmentedRaftLog:OPENED:c11,f12,i12, conf=11: [s0:0.0.0.0:42154, s1:0.0.0.0:36158, s2:0.0.0.0:36910], old=null RUNNING
  s1:  RUNNING CANDIDATE s1@group-3D81F66BC438:t82, leader=null, voted=s1, raftlog=s1@group-3D81F66BC438-SegmentedRaftLog:OPENED:c10,f11,i11, conf=11: [s0:0.0.0.0:42154, s1:0.0.0.0:36158, s2:0.0.0.0:36910], old=null RUNNING
  s2:  RUNNING CANDIDATE s2@group-3D81F66BC438:t81, leader=null, voted=s2, raftlog=s2@group-3D81F66BC438-SegmentedRaftLog:OPENED:c10,f10,i10, conf=9: [s0:0.0.0.0:42154, s1:0.0.0.0:36158, s2:0.0.0.0:36910], old=null RUNNING, sleep 450ms and then retry.
java.lang.IllegalStateException: No leader yet : printing ALL groups
  s0:  RUNNING  FOLLOWER s0@group-3D81F66BC438:t82, leader=null, voted=null, raftlog=s0@group-3D81F66BC438-SegmentedRaftLog:OPENED:c11,f12,i12, conf=11: [s0:0.0.0.0:42154, s1:0.0.0.0:36158, s2:0.0.0.0:36910], old=null RUNNING
  s1:  RUNNING CANDIDATE s1@group-3D81F66BC438:t82, leader=null, voted=s1, raftlog=s1@group-3D81F66BC438-SegmentedRaftLog:OPENED:c10,f11,i11, conf=11: [s0:0.0.0.0:42154, s1:0.0.0.0:36158, s2:0.0.0.0:36910], old=null RUNNING
  s2:  RUNNING CANDIDATE s2@group-3D81F66BC438:t81, leader=null, voted=s2, raftlog=s2@group-3D81F66BC438-SegmentedRaftLog:OPENED:c10,f10,i10, conf=9: [s0:0.0.0.0:42154, s1:0.0.0.0:36158, s2:0.0.0.0:36910], old=null RUNNING
	at org.apache.ratis.MiniRaftCluster.newIllegalStateExceptionForNoLeaders(MiniRaftCluster.java:506)
	at org.apache.ratis.RaftTestUtil.lambda$waitForLeader$1(RaftTestUtil.java:90)
	at org.apache.ratis.MiniRaftCluster.getLeader(MiniRaftCluster.java:539)
	at org.apache.ratis.MiniRaftCluster.getLeader(MiniRaftCluster.java:532)
	at org.apache.ratis.RaftTestUtil.lambda$waitForLeader$3(RaftTestUtil.java:98)
	at org.apache.ratis.util.JavaUtils.attempt(JavaUtils.java:152)
	at org.apache.ratis.RaftTestUtil.waitForLeader(RaftTestUtil.java:97)
	at org.apache.ratis.RaftTestUtil.waitForLeader(RaftTestUtil.java:77)
	at org.apache.ratis.RaftTestUtil.waitForLeader(RaftTestUtil.java:72)
	at org.apache.ratis.RaftTestUtil.lambda$changeLeader$7(RaftTestUtil.java:363)
	at org.apache.ratis.util.JavaUtils.attempt(JavaUtils.java:152)
	at org.apache.ratis.RaftTestUtil.changeLeader(RaftTestUtil.java:362)
	at org.apache.ratis.server.impl.LeaderElectionTests.testChangeLeader(LeaderElectionTests.java:81)
	at sun.reflect.NativeMethodAccessorImpl.invoke0(Native Method)
	at sun.reflect.NativeMethodAccessorImpl.invoke(NativeMethodAccessorImpl.java:62)
	at sun.reflect.DelegatingMethodAccessorImpl.invoke(DelegatingMethodAccessorImpl.java:43)
	at java.lang.reflect.Method.invoke(Method.java:498)
	at org.junit.runners.model.FrameworkMethod$1.runReflectiveCall(FrameworkMethod.java:50)
	at org.junit.internal.runners.model.ReflectiveCallable.run(ReflectiveCallable.java:12)
	at org.junit.runners.model.FrameworkMethod.invokeExplosively(FrameworkMethod.java:47)
	at org.junit.internal.runners.statements.InvokeMethod.evaluate(InvokeMethod.java:17)
	at org.junit.internal.runners.statements.RunAfters.evaluate(RunAfters.java:27)
	at org.junit.internal.runners.statements.FailOnTimeout$CallableStatement.call(FailOnTimeout.java:298)
	at org.junit.internal.runners.statements.FailOnTimeout$CallableStatement.call(FailOnTimeout.java:292)
	at java.util.concurrent.FutureTask.run(FutureTask.java:266)
	at java.lang.Thread.run(Thread.java:748)
2019-09-24 11:59:47,707 INFO  impl.LeaderElection (LeaderElection.java:logAndReturn(56)) - s2@group-3D81F66BC438-LeaderElection72: Election TIMEOUT; received 1 response(s) [s2<-s0#0:FAIL-t81] and 0 exception(s); s2@group-3D81F66BC438:t81, leader=null, voted=s2, raftlog=s2@group-3D81F66BC438-SegmentedRaftLog:OPENED:c10,f10,i10, conf=9: [s0:0.0.0.0:42154, s1:0.0.0.0:36158, s2:0.0.0.0:36910], old=null
2019-09-24 11:59:47,721 INFO  impl.LeaderElection (LeaderElection.java:askForVotes(178)) - s2@group-3D81F66BC438-LeaderElection72: begin an election at term 82 for 9: [s0:0.0.0.0:42154, s1:0.0.0.0:36158, s2:0.0.0.0:36910], old=null
2019-09-24 11:59:47,722 DEBUG impl.RaftServerImpl (RaftServerImpl.java:requestVote(743)) - s0@group-3D81F66BC438: receive requestVote(s2, group-3D81F66BC438, 82, (t:13, i:10))
2019-09-24 11:59:47,722 INFO  impl.RaftServerImpl (RaftServerImpl.java:setRole(170)) - s0@group-3D81F66BC438: changes role from  FOLLOWER to FOLLOWER at term 82 for recognizeCandidate:s2
2019-09-24 11:59:47,722 INFO  impl.RoleInfo (RoleInfo.java:shutdownFollowerState(121)) - s0: shutdown FollowerState
2019-09-24 11:59:47,722 INFO  impl.RoleInfo (RoleInfo.java:updateAndGet(143)) - s0: start FollowerState
2019-09-24 11:59:47,722 INFO  impl.FollowerState (FollowerState.java:run(117)) - s0@group-3D81F66BC438-FollowerState was interrupted: java.lang.InterruptedException: sleep interrupted
2019-09-24 11:59:47,722 DEBUG impl.RaftServerImpl (RaftServerImpl.java:requestVote(775)) - s0@group-3D81F66BC438 replies to vote request: s2<-s0#0:FAIL-t82. Peer's state: s0@group-3D81F66BC438:t82, leader=null, voted=null, raftlog=s0@group-3D81F66BC438-SegmentedRaftLog:OPENED:c11,f12,i12, conf=11: [s0:0.0.0.0:42154, s1:0.0.0.0:36158, s2:0.0.0.0:36910], old=null
2019-09-24 11:59:47,854 INFO  impl.LeaderElection (LeaderElection.java:logAndReturn(56)) - s1@group-3D81F66BC438-LeaderElection76: Election TIMEOUT; received 1 response(s) [s1<-s0#0:FAIL-t82] and 0 exception(s); s1@group-3D81F66BC438:t82, leader=null, voted=s1, raftlog=s1@group-3D81F66BC438-SegmentedRaftLog:OPENED:c10,f11,i11, conf=11: [s0:0.0.0.0:42154, s1:0.0.0.0:36158, s2:0.0.0.0:36910], old=null
2019-09-24 11:59:47,870 INFO  impl.LeaderElection (LeaderElection.java:askForVotes(178)) - s1@group-3D81F66BC438-LeaderElection76: begin an election at term 83 for 11: [s0:0.0.0.0:42154, s1:0.0.0.0:36158, s2:0.0.0.0:36910], old=null
2019-09-24 11:59:47,871 DEBUG impl.RaftServerImpl (RaftServerImpl.java:requestVote(743)) - s0@group-3D81F66BC438: receive requestVote(s1, group-3D81F66BC438, 83, (t:14, i:11))
2019-09-24 11:59:47,871 INFO  impl.RaftServerImpl (RaftServerImpl.java:setRole(170)) - s0@group-3D81F66BC438: changes role from  FOLLOWER to FOLLOWER at term 83 for recognizeCandidate:s1
2019-09-24 11:59:47,871 INFO  impl.RoleInfo (RoleInfo.java:shutdownFollowerState(121)) - s0: shutdown FollowerState
2019-09-24 11:59:47,871 INFO  impl.RoleInfo (RoleInfo.java:updateAndGet(143)) - s0: start FollowerState
2019-09-24 11:59:47,871 INFO  impl.FollowerState (FollowerState.java:run(117)) - s0@group-3D81F66BC438-FollowerState was interrupted: java.lang.InterruptedException: sleep interrupted
2019-09-24 11:59:47,882 INFO  impl.LeaderElection (LeaderElection.java:logAndReturn(56)) - s2@group-3D81F66BC438-LeaderElection72: Election TIMEOUT; received 1 response(s) [s2<-s0#0:FAIL-t82] and 0 exception(s); s2@group-3D81F66BC438:t82, leader=null, voted=s2, raftlog=s2@group-3D81F66BC438-SegmentedRaftLog:OPENED:c10,f10,i10, conf=9: [s0:0.0.0.0:42154, s1:0.0.0.0:36158, s2:0.0.0.0:36910], old=null
2019-09-24 11:59:47,897 INFO  impl.LeaderElection (LeaderElection.java:askForVotes(178)) - s2@group-3D81F66BC438-LeaderElection72: begin an election at term 83 for 9: [s0:0.0.0.0:42154, s1:0.0.0.0:36158, s2:0.0.0.0:36910], old=null
2019-09-24 11:59:47,897 DEBUG impl.RaftServerImpl (RaftServerImpl.java:requestVote(775)) - s0@group-3D81F66BC438 replies to vote request: s1<-s0#0:FAIL-t83. Peer's state: s0@group-3D81F66BC438:t83, leader=null, voted=null, raftlog=s0@group-3D81F66BC438-SegmentedRaftLog:OPENED:c11,f12,i12, conf=11: [s0:0.0.0.0:42154, s1:0.0.0.0:36158, s2:0.0.0.0:36910], old=null
2019-09-24 11:59:47,898 DEBUG impl.RaftServerImpl (RaftServerImpl.java:requestVote(743)) - s0@group-3D81F66BC438: receive requestVote(s2, group-3D81F66BC438, 83, (t:13, i:10))
2019-09-24 11:59:47,898 INFO  impl.RaftServerImpl (RaftServerImpl.java:setRole(170)) - s0@group-3D81F66BC438: changes role from  FOLLOWER to FOLLOWER at term 83 for recognizeCandidate:s2
2019-09-24 11:59:47,898 INFO  impl.RoleInfo (RoleInfo.java:shutdownFollowerState(121)) - s0: shutdown FollowerState
2019-09-24 11:59:47,898 INFO  impl.RoleInfo (RoleInfo.java:updateAndGet(143)) - s0: start FollowerState
2019-09-24 11:59:47,899 INFO  impl.FollowerState (FollowerState.java:run(117)) - s0@group-3D81F66BC438-FollowerState was interrupted: java.lang.InterruptedException: sleep interrupted
2019-09-24 11:59:47,899 DEBUG impl.RaftServerImpl (RaftServerImpl.java:requestVote(775)) - s0@group-3D81F66BC438 replies to vote request: s2<-s0#0:FAIL-t83. Peer's state: s0@group-3D81F66BC438:t83, leader=null, voted=null, raftlog=s0@group-3D81F66BC438-SegmentedRaftLog:OPENED:c11,f12,i12, conf=11: [s0:0.0.0.0:42154, s1:0.0.0.0:36158, s2:0.0.0.0:36910], old=null
2019-09-24 11:59:48,072 INFO  impl.LeaderElection (LeaderElection.java:logAndReturn(56)) - s2@group-3D81F66BC438-LeaderElection72: Election TIMEOUT; received 1 response(s) [s2<-s0#0:FAIL-t83] and 0 exception(s); s2@group-3D81F66BC438:t83, leader=null, voted=s2, raftlog=s2@group-3D81F66BC438-SegmentedRaftLog:OPENED:c10,f10,i10, conf=9: [s0:0.0.0.0:42154, s1:0.0.0.0:36158, s2:0.0.0.0:36910], old=null
2019-09-24 11:59:48,085 INFO  impl.LeaderElection (LeaderElection.java:logAndReturn(56)) - s1@group-3D81F66BC438-LeaderElection76: Election TIMEOUT; received 1 response(s) [s1<-s0#0:FAIL-t83] and 0 exception(s); s1@group-3D81F66BC438:t83, leader=null, voted=s1, raftlog=s1@group-3D81F66BC438-SegmentedRaftLog:OPENED:c10,f11,i11, conf=11: [s0:0.0.0.0:42154, s1:0.0.0.0:36158, s2:0.0.0.0:36910], old=null
2019-09-24 11:59:48,087 INFO  impl.LeaderElection (LeaderElection.java:askForVotes(178)) - s2@group-3D81F66BC438-LeaderElection72: begin an election at term 84 for 9: [s0:0.0.0.0:42154, s1:0.0.0.0:36158, s2:0.0.0.0:36910], old=null
2019-09-24 11:59:48,088 DEBUG impl.RaftServerImpl (RaftServerImpl.java:requestVote(743)) - s0@group-3D81F66BC438: receive requestVote(s2, group-3D81F66BC438, 84, (t:13, i:10))
2019-09-24 11:59:48,088 INFO  impl.RaftServerImpl (RaftServerImpl.java:setRole(170)) - s0@group-3D81F66BC438: changes role from  FOLLOWER to FOLLOWER at term 84 for recognizeCandidate:s2
2019-09-24 11:59:48,088 INFO  impl.RoleInfo (RoleInfo.java:shutdownFollowerState(121)) - s0: shutdown FollowerState
2019-09-24 11:59:48,088 INFO  impl.RoleInfo (RoleInfo.java:updateAndGet(143)) - s0: start FollowerState
2019-09-24 11:59:48,088 INFO  impl.FollowerState (FollowerState.java:run(117)) - s0@group-3D81F66BC438-FollowerState was interrupted: java.lang.InterruptedException: sleep interrupted
2019-09-24 11:59:48,111 INFO  impl.LeaderElection (LeaderElection.java:askForVotes(178)) - s1@group-3D81F66BC438-LeaderElection76: begin an election at term 84 for 11: [s0:0.0.0.0:42154, s1:0.0.0.0:36158, s2:0.0.0.0:36910], old=null
2019-09-24 11:59:48,111 DEBUG impl.RaftServerImpl (RaftServerImpl.java:requestVote(775)) - s0@group-3D81F66BC438 replies to vote request: s2<-s0#0:FAIL-t84. Peer's state: s0@group-3D81F66BC438:t84, leader=null, voted=null, raftlog=s0@group-3D81F66BC438-SegmentedRaftLog:OPENED:c11,f12,i12, conf=11: [s0:0.0.0.0:42154, s1:0.0.0.0:36158, s2:0.0.0.0:36910], old=null
2019-09-24 11:59:48,112 DEBUG impl.RaftServerImpl (RaftServerImpl.java:requestVote(743)) - s0@group-3D81F66BC438: receive requestVote(s1, group-3D81F66BC438, 84, (t:14, i:11))
2019-09-24 11:59:48,112 INFO  impl.RaftServerImpl (RaftServerImpl.java:setRole(170)) - s0@group-3D81F66BC438: changes role from  FOLLOWER to FOLLOWER at term 84 for recognizeCandidate:s1
2019-09-24 11:59:48,113 INFO  impl.RoleInfo (RoleInfo.java:shutdownFollowerState(121)) - s0: shutdown FollowerState
2019-09-24 11:59:48,113 INFO  impl.RoleInfo (RoleInfo.java:updateAndGet(143)) - s0: start FollowerState
2019-09-24 11:59:48,113 INFO  impl.FollowerState (FollowerState.java:run(117)) - s0@group-3D81F66BC438-FollowerState was interrupted: java.lang.InterruptedException: sleep interrupted
2019-09-24 11:59:48,113 DEBUG impl.RaftServerImpl (RaftServerImpl.java:requestVote(775)) - s0@group-3D81F66BC438 replies to vote request: s1<-s0#0:FAIL-t84. Peer's state: s0@group-3D81F66BC438:t84, leader=null, voted=null, raftlog=s0@group-3D81F66BC438-SegmentedRaftLog:OPENED:c11,f12,i12, conf=11: [s0:0.0.0.0:42154, s1:0.0.0.0:36158, s2:0.0.0.0:36910], old=null
2019-09-24 11:59:48,153 WARN  ratis.RaftTestUtil (JavaUtils.java:attempt(158)) - FAILED "waitForLeader-null-(expectLeader? true)", attempt #37/100: java.lang.IllegalStateException: No leader yet : printing ALL groups
  s0:  RUNNING  FOLLOWER s0@group-3D81F66BC438:t84, leader=null, voted=null, raftlog=s0@group-3D81F66BC438-SegmentedRaftLog:OPENED:c11,f12,i12, conf=11: [s0:0.0.0.0:42154, s1:0.0.0.0:36158, s2:0.0.0.0:36910], old=null RUNNING
  s1:  RUNNING CANDIDATE s1@group-3D81F66BC438:t84, leader=null, voted=s1, raftlog=s1@group-3D81F66BC438-SegmentedRaftLog:OPENED:c10,f11,i11, conf=11: [s0:0.0.0.0:42154, s1:0.0.0.0:36158, s2:0.0.0.0:36910], old=null RUNNING
  s2:  RUNNING CANDIDATE s2@group-3D81F66BC438:t84, leader=null, voted=s2, raftlog=s2@group-3D81F66BC438-SegmentedRaftLog:OPENED:c10,f10,i10, conf=9: [s0:0.0.0.0:42154, s1:0.0.0.0:36158, s2:0.0.0.0:36910], old=null RUNNING, sleep 450ms and then retry.
java.lang.IllegalStateException: No leader yet : printing ALL groups
  s0:  RUNNING  FOLLOWER s0@group-3D81F66BC438:t84, leader=null, voted=null, raftlog=s0@group-3D81F66BC438-SegmentedRaftLog:OPENED:c11,f12,i12, conf=11: [s0:0.0.0.0:42154, s1:0.0.0.0:36158, s2:0.0.0.0:36910], old=null RUNNING
  s1:  RUNNING CANDIDATE s1@group-3D81F66BC438:t84, leader=null, voted=s1, raftlog=s1@group-3D81F66BC438-SegmentedRaftLog:OPENED:c10,f11,i11, conf=11: [s0:0.0.0.0:42154, s1:0.0.0.0:36158, s2:0.0.0.0:36910], old=null RUNNING
  s2:  RUNNING CANDIDATE s2@group-3D81F66BC438:t84, leader=null, voted=s2, raftlog=s2@group-3D81F66BC438-SegmentedRaftLog:OPENED:c10,f10,i10, conf=9: [s0:0.0.0.0:42154, s1:0.0.0.0:36158, s2:0.0.0.0:36910], old=null RUNNING
	at org.apache.ratis.MiniRaftCluster.newIllegalStateExceptionForNoLeaders(MiniRaftCluster.java:506)
	at org.apache.ratis.RaftTestUtil.lambda$waitForLeader$1(RaftTestUtil.java:90)
	at org.apache.ratis.MiniRaftCluster.getLeader(MiniRaftCluster.java:539)
	at org.apache.ratis.MiniRaftCluster.getLeader(MiniRaftCluster.java:532)
	at org.apache.ratis.RaftTestUtil.lambda$waitForLeader$3(RaftTestUtil.java:98)
	at org.apache.ratis.util.JavaUtils.attempt(JavaUtils.java:152)
	at org.apache.ratis.RaftTestUtil.waitForLeader(RaftTestUtil.java:97)
	at org.apache.ratis.RaftTestUtil.waitForLeader(RaftTestUtil.java:77)
	at org.apache.ratis.RaftTestUtil.waitForLeader(RaftTestUtil.java:72)
	at org.apache.ratis.RaftTestUtil.lambda$changeLeader$7(RaftTestUtil.java:363)
	at org.apache.ratis.util.JavaUtils.attempt(JavaUtils.java:152)
	at org.apache.ratis.RaftTestUtil.changeLeader(RaftTestUtil.java:362)
	at org.apache.ratis.server.impl.LeaderElectionTests.testChangeLeader(LeaderElectionTests.java:81)
	at sun.reflect.NativeMethodAccessorImpl.invoke0(Native Method)
	at sun.reflect.NativeMethodAccessorImpl.invoke(NativeMethodAccessorImpl.java:62)
	at sun.reflect.DelegatingMethodAccessorImpl.invoke(DelegatingMethodAccessorImpl.java:43)
	at java.lang.reflect.Method.invoke(Method.java:498)
	at org.junit.runners.model.FrameworkMethod$1.runReflectiveCall(FrameworkMethod.java:50)
	at org.junit.internal.runners.model.ReflectiveCallable.run(ReflectiveCallable.java:12)
	at org.junit.runners.model.FrameworkMethod.invokeExplosively(FrameworkMethod.java:47)
	at org.junit.internal.runners.statements.InvokeMethod.evaluate(InvokeMethod.java:17)
	at org.junit.internal.runners.statements.RunAfters.evaluate(RunAfters.java:27)
	at org.junit.internal.runners.statements.FailOnTimeout$CallableStatement.call(FailOnTimeout.java:298)
	at org.junit.internal.runners.statements.FailOnTimeout$CallableStatement.call(FailOnTimeout.java:292)
	at java.util.concurrent.FutureTask.run(FutureTask.java:266)
	at java.lang.Thread.run(Thread.java:748)
2019-09-24 11:59:48,310 INFO  impl.LeaderElection (LeaderElection.java:logAndReturn(56)) - s1@group-3D81F66BC438-LeaderElection76: Election TIMEOUT; received 1 response(s) [s1<-s0#0:FAIL-t84] and 0 exception(s); s1@group-3D81F66BC438:t84, leader=null, voted=s1, raftlog=s1@group-3D81F66BC438-SegmentedRaftLog:OPENED:c10,f11,i11, conf=11: [s0:0.0.0.0:42154, s1:0.0.0.0:36158, s2:0.0.0.0:36910], old=null
2019-09-24 11:59:48,331 INFO  impl.LeaderElection (LeaderElection.java:logAndReturn(56)) - s2@group-3D81F66BC438-LeaderElection72: Election TIMEOUT; received 1 response(s) [s2<-s0#0:FAIL-t84] and 0 exception(s); s2@group-3D81F66BC438:t84, leader=null, voted=s2, raftlog=s2@group-3D81F66BC438-SegmentedRaftLog:OPENED:c10,f10,i10, conf=9: [s0:0.0.0.0:42154, s1:0.0.0.0:36158, s2:0.0.0.0:36910], old=null
2019-09-24 11:59:48,336 INFO  impl.LeaderElection (LeaderElection.java:askForVotes(178)) - s1@group-3D81F66BC438-LeaderElection76: begin an election at term 85 for 11: [s0:0.0.0.0:42154, s1:0.0.0.0:36158, s2:0.0.0.0:36910], old=null
2019-09-24 11:59:48,336 DEBUG impl.RaftServerImpl (RaftServerImpl.java:requestVote(743)) - s0@group-3D81F66BC438: receive requestVote(s1, group-3D81F66BC438, 85, (t:14, i:11))
2019-09-24 11:59:48,337 INFO  impl.RaftServerImpl (RaftServerImpl.java:setRole(170)) - s0@group-3D81F66BC438: changes role from  FOLLOWER to FOLLOWER at term 85 for recognizeCandidate:s1
2019-09-24 11:59:48,337 INFO  impl.RoleInfo (RoleInfo.java:shutdownFollowerState(121)) - s0: shutdown FollowerState
2019-09-24 11:59:48,337 INFO  impl.RoleInfo (RoleInfo.java:updateAndGet(143)) - s0: start FollowerState
2019-09-24 11:59:48,337 INFO  impl.FollowerState (FollowerState.java:run(117)) - s0@group-3D81F66BC438-FollowerState was interrupted: java.lang.InterruptedException: sleep interrupted
2019-09-24 11:59:48,338 INFO  impl.LeaderElection (LeaderElection.java:askForVotes(178)) - s2@group-3D81F66BC438-LeaderElection72: begin an election at term 85 for 9: [s0:0.0.0.0:42154, s1:0.0.0.0:36158, s2:0.0.0.0:36910], old=null
2019-09-24 11:59:48,338 DEBUG impl.RaftServerImpl (RaftServerImpl.java:requestVote(743)) - s0@group-3D81F66BC438: receive requestVote(s2, group-3D81F66BC438, 85, (t:13, i:10))
2019-09-24 11:59:48,341 DEBUG impl.RaftServerImpl (RaftServerImpl.java:requestVote(775)) - s0@group-3D81F66BC438 replies to vote request: s1<-s0#0:FAIL-t85. Peer's state: s0@group-3D81F66BC438:t85, leader=null, voted=null, raftlog=s0@group-3D81F66BC438-SegmentedRaftLog:OPENED:c11,f12,i12, conf=11: [s0:0.0.0.0:42154, s1:0.0.0.0:36158, s2:0.0.0.0:36910], old=null
2019-09-24 11:59:48,341 INFO  impl.RaftServerImpl (RaftServerImpl.java:setRole(170)) - s0@group-3D81F66BC438: changes role from  FOLLOWER to FOLLOWER at term 85 for recognizeCandidate:s2
2019-09-24 11:59:48,341 INFO  impl.RoleInfo (RoleInfo.java:shutdownFollowerState(121)) - s0: shutdown FollowerState
2019-09-24 11:59:48,341 INFO  impl.RoleInfo (RoleInfo.java:updateAndGet(143)) - s0: start FollowerState
2019-09-24 11:59:48,341 INFO  impl.FollowerState (FollowerState.java:run(117)) - s0@group-3D81F66BC438-FollowerState was interrupted: java.lang.InterruptedException: sleep interrupted
2019-09-24 11:59:48,342 DEBUG impl.RaftServerImpl (RaftServerImpl.java:requestVote(775)) - s0@group-3D81F66BC438 replies to vote request: s2<-s0#0:FAIL-t85. Peer's state: s0@group-3D81F66BC438:t85, leader=null, voted=null, raftlog=s0@group-3D81F66BC438-SegmentedRaftLog:OPENED:c11,f12,i12, conf=11: [s0:0.0.0.0:42154, s1:0.0.0.0:36158, s2:0.0.0.0:36910], old=null
2019-09-24 11:59:48,557 INFO  impl.FollowerState (FollowerState.java:run(108)) - s0@group-3D81F66BC438-FollowerState: change to CANDIDATE, lastRpcTime:215ms, electionTimeout:215ms
2019-09-24 11:59:48,557 INFO  impl.RoleInfo (RoleInfo.java:shutdownFollowerState(121)) - s0: shutdown FollowerState
2019-09-24 11:59:48,557 INFO  impl.RaftServerImpl (RaftServerImpl.java:setRole(170)) - s0@group-3D81F66BC438: changes role from  FOLLOWER to CANDIDATE at term 85 for changeToCandidate
2019-09-24 11:59:48,557 INFO  impl.RoleInfo (RoleInfo.java:updateAndGet(143)) - s0: start LeaderElection
2019-09-24 11:59:48,577 INFO  impl.LeaderElection (LeaderElection.java:logAndReturn(56)) - s1@group-3D81F66BC438-LeaderElection76: Election TIMEOUT; received 1 response(s) [s1<-s0#0:FAIL-t85] and 0 exception(s); s1@group-3D81F66BC438:t85, leader=null, voted=s1, raftlog=s1@group-3D81F66BC438-SegmentedRaftLog:OPENED:c10,f11,i11, conf=11: [s0:0.0.0.0:42154, s1:0.0.0.0:36158, s2:0.0.0.0:36910], old=null
2019-09-24 11:59:48,583 INFO  impl.LeaderElection (LeaderElection.java:askForVotes(178)) - s0@group-3D81F66BC438-LeaderElection77: begin an election at term 86 for 11: [s0:0.0.0.0:42154, s1:0.0.0.0:36158, s2:0.0.0.0:36910], old=null
2019-09-24 11:59:48,587 INFO  impl.LeaderElection (LeaderElection.java:askForVotes(178)) - s1@group-3D81F66BC438-LeaderElection76: begin an election at term 86 for 11: [s0:0.0.0.0:42154, s1:0.0.0.0:36158, s2:0.0.0.0:36910], old=null
2019-09-24 11:59:48,588 DEBUG impl.RaftServerImpl (RaftServerImpl.java:requestVote(743)) - s0@group-3D81F66BC438: receive requestVote(s1, group-3D81F66BC438, 86, (t:14, i:11))
2019-09-24 11:59:48,588 DEBUG impl.RaftServerImpl (RaftServerImpl.java:requestVote(775)) - s0@group-3D81F66BC438 replies to vote request: s1<-s0#0:FAIL-t86. Peer's state: s0@group-3D81F66BC438:t86, leader=null, voted=s0, raftlog=s0@group-3D81F66BC438-SegmentedRaftLog:OPENED:c11,f12,i12, conf=11: [s0:0.0.0.0:42154, s1:0.0.0.0:36158, s2:0.0.0.0:36910], old=null
2019-09-24 11:59:48,604 WARN  ratis.RaftTestUtil (JavaUtils.java:attempt(158)) - FAILED "waitForLeader-null-(expectLeader? true)", attempt #38/100: java.lang.IllegalStateException: No leader yet : printing ALL groups
  s0:  RUNNING CANDIDATE s0@group-3D81F66BC438:t86, leader=null, voted=s0, raftlog=s0@group-3D81F66BC438-SegmentedRaftLog:OPENED:c11,f12,i12, conf=11: [s0:0.0.0.0:42154, s1:0.0.0.0:36158, s2:0.0.0.0:36910], old=null RUNNING
  s1:  RUNNING CANDIDATE s1@group-3D81F66BC438:t86, leader=null, voted=s1, raftlog=s1@group-3D81F66BC438-SegmentedRaftLog:OPENED:c10,f11,i11, conf=11: [s0:0.0.0.0:42154, s1:0.0.0.0:36158, s2:0.0.0.0:36910], old=null RUNNING
  s2:  RUNNING CANDIDATE s2@group-3D81F66BC438:t85, leader=null, voted=s2, raftlog=s2@group-3D81F66BC438-SegmentedRaftLog:OPENED:c10,f10,i10, conf=9: [s0:0.0.0.0:42154, s1:0.0.0.0:36158, s2:0.0.0.0:36910], old=null RUNNING, sleep 450ms and then retry.
java.lang.IllegalStateException: No leader yet : printing ALL groups
  s0:  RUNNING CANDIDATE s0@group-3D81F66BC438:t86, leader=null, voted=s0, raftlog=s0@group-3D81F66BC438-SegmentedRaftLog:OPENED:c11,f12,i12, conf=11: [s0:0.0.0.0:42154, s1:0.0.0.0:36158, s2:0.0.0.0:36910], old=null RUNNING
  s1:  RUNNING CANDIDATE s1@group-3D81F66BC438:t86, leader=null, voted=s1, raftlog=s1@group-3D81F66BC438-SegmentedRaftLog:OPENED:c10,f11,i11, conf=11: [s0:0.0.0.0:42154, s1:0.0.0.0:36158, s2:0.0.0.0:36910], old=null RUNNING
  s2:  RUNNING CANDIDATE s2@group-3D81F66BC438:t85, leader=null, voted=s2, raftlog=s2@group-3D81F66BC438-SegmentedRaftLog:OPENED:c10,f10,i10, conf=9: [s0:0.0.0.0:42154, s1:0.0.0.0:36158, s2:0.0.0.0:36910], old=null RUNNING
	at org.apache.ratis.MiniRaftCluster.newIllegalStateExceptionForNoLeaders(MiniRaftCluster.java:506)
	at org.apache.ratis.RaftTestUtil.lambda$waitForLeader$1(RaftTestUtil.java:90)
	at org.apache.ratis.MiniRaftCluster.getLeader(MiniRaftCluster.java:539)
	at org.apache.ratis.MiniRaftCluster.getLeader(MiniRaftCluster.java:532)
	at org.apache.ratis.RaftTestUtil.lambda$waitForLeader$3(RaftTestUtil.java:98)
	at org.apache.ratis.util.JavaUtils.attempt(JavaUtils.java:152)
	at org.apache.ratis.RaftTestUtil.waitForLeader(RaftTestUtil.java:97)
	at org.apache.ratis.RaftTestUtil.waitForLeader(RaftTestUtil.java:77)
	at org.apache.ratis.RaftTestUtil.waitForLeader(RaftTestUtil.java:72)
	at org.apache.ratis.RaftTestUtil.lambda$changeLeader$7(RaftTestUtil.java:363)
	at org.apache.ratis.util.JavaUtils.attempt(JavaUtils.java:152)
	at org.apache.ratis.RaftTestUtil.changeLeader(RaftTestUtil.java:362)
	at org.apache.ratis.server.impl.LeaderElectionTests.testChangeLeader(LeaderElectionTests.java:81)
	at sun.reflect.NativeMethodAccessorImpl.invoke0(Native Method)
	at sun.reflect.NativeMethodAccessorImpl.invoke(NativeMethodAccessorImpl.java:62)
	at sun.reflect.DelegatingMethodAccessorImpl.invoke(DelegatingMethodAccessorImpl.java:43)
	at java.lang.reflect.Method.invoke(Method.java:498)
	at org.junit.runners.model.FrameworkMethod$1.runReflectiveCall(FrameworkMethod.java:50)
	at org.junit.internal.runners.model.ReflectiveCallable.run(ReflectiveCallable.java:12)
	at org.junit.runners.model.FrameworkMethod.invokeExplosively(FrameworkMethod.java:47)
	at org.junit.internal.runners.statements.InvokeMethod.evaluate(InvokeMethod.java:17)
	at org.junit.internal.runners.statements.RunAfters.evaluate(RunAfters.java:27)
	at org.junit.internal.runners.statements.FailOnTimeout$CallableStatement.call(FailOnTimeout.java:298)
	at org.junit.internal.runners.statements.FailOnTimeout$CallableStatement.call(FailOnTimeout.java:292)
	at java.util.concurrent.FutureTask.run(FutureTask.java:266)
	at java.lang.Thread.run(Thread.java:748)
2019-09-24 11:59:48,614 INFO  impl.LeaderElection (LeaderElection.java:logAndReturn(56)) - s2@group-3D81F66BC438-LeaderElection72: Election TIMEOUT; received 1 response(s) [s2<-s0#0:FAIL-t85] and 0 exception(s); s2@group-3D81F66BC438:t85, leader=null, voted=s2, raftlog=s2@group-3D81F66BC438-SegmentedRaftLog:OPENED:c10,f10,i10, conf=9: [s0:0.0.0.0:42154, s1:0.0.0.0:36158, s2:0.0.0.0:36910], old=null
2019-09-24 11:59:48,630 INFO  impl.LeaderElection (LeaderElection.java:askForVotes(178)) - s2@group-3D81F66BC438-LeaderElection72: begin an election at term 86 for 9: [s0:0.0.0.0:42154, s1:0.0.0.0:36158, s2:0.0.0.0:36910], old=null
2019-09-24 11:59:48,631 DEBUG impl.RaftServerImpl (RaftServerImpl.java:requestVote(743)) - s0@group-3D81F66BC438: receive requestVote(s2, group-3D81F66BC438, 86, (t:13, i:10))
2019-09-24 11:59:48,631 DEBUG impl.RaftServerImpl (RaftServerImpl.java:requestVote(775)) - s0@group-3D81F66BC438 replies to vote request: s2<-s0#0:FAIL-t86. Peer's state: s0@group-3D81F66BC438:t86, leader=null, voted=s0, raftlog=s0@group-3D81F66BC438-SegmentedRaftLog:OPENED:c11,f12,i12, conf=11: [s0:0.0.0.0:42154, s1:0.0.0.0:36158, s2:0.0.0.0:36910], old=null
2019-09-24 11:59:48,784 INFO  impl.LeaderElection (LeaderElection.java:logAndReturn(56)) - s0@group-3D81F66BC438-LeaderElection77: Election TIMEOUT; received 0 response(s) [] and 0 exception(s); s0@group-3D81F66BC438:t86, leader=null, voted=s0, raftlog=s0@group-3D81F66BC438-SegmentedRaftLog:OPENED:c11,f12,i12, conf=11: [s0:0.0.0.0:42154, s1:0.0.0.0:36158, s2:0.0.0.0:36910], old=null
2019-09-24 11:59:48,808 INFO  impl.LeaderElection (LeaderElection.java:logAndReturn(56)) - s1@group-3D81F66BC438-LeaderElection76: Election TIMEOUT; received 1 response(s) [s1<-s0#0:FAIL-t86] and 0 exception(s); s1@group-3D81F66BC438:t86, leader=null, voted=s1, raftlog=s1@group-3D81F66BC438-SegmentedRaftLog:OPENED:c10,f11,i11, conf=11: [s0:0.0.0.0:42154, s1:0.0.0.0:36158, s2:0.0.0.0:36910], old=null
2019-09-24 11:59:48,809 INFO  impl.LeaderElection (LeaderElection.java:askForVotes(178)) - s0@group-3D81F66BC438-LeaderElection77: begin an election at term 87 for 11: [s0:0.0.0.0:42154, s1:0.0.0.0:36158, s2:0.0.0.0:36910], old=null
2019-09-24 11:59:48,813 INFO  impl.LeaderElection (LeaderElection.java:askForVotes(178)) - s1@group-3D81F66BC438-LeaderElection76: begin an election at term 87 for 11: [s0:0.0.0.0:42154, s1:0.0.0.0:36158, s2:0.0.0.0:36910], old=null
2019-09-24 11:59:48,814 DEBUG impl.RaftServerImpl (RaftServerImpl.java:requestVote(743)) - s0@group-3D81F66BC438: receive requestVote(s1, group-3D81F66BC438, 87, (t:14, i:11))
2019-09-24 11:59:48,814 DEBUG impl.RaftServerImpl (RaftServerImpl.java:requestVote(775)) - s0@group-3D81F66BC438 replies to vote request: s1<-s0#0:FAIL-t87. Peer's state: s0@group-3D81F66BC438:t87, leader=null, voted=s0, raftlog=s0@group-3D81F66BC438-SegmentedRaftLog:OPENED:c11,f12,i12, conf=11: [s0:0.0.0.0:42154, s1:0.0.0.0:36158, s2:0.0.0.0:36910], old=null
2019-09-24 11:59:48,831 INFO  impl.LeaderElection (LeaderElection.java:logAndReturn(56)) - s2@group-3D81F66BC438-LeaderElection72: Election TIMEOUT; received 1 response(s) [s2<-s0#0:FAIL-t86] and 0 exception(s); s2@group-3D81F66BC438:t86, leader=null, voted=s2, raftlog=s2@group-3D81F66BC438-SegmentedRaftLog:OPENED:c10,f10,i10, conf=9: [s0:0.0.0.0:42154, s1:0.0.0.0:36158, s2:0.0.0.0:36910], old=null
2019-09-24 11:59:48,844 INFO  impl.LeaderElection (LeaderElection.java:askForVotes(178)) - s2@group-3D81F66BC438-LeaderElection72: begin an election at term 87 for 9: [s0:0.0.0.0:42154, s1:0.0.0.0:36158, s2:0.0.0.0:36910], old=null
2019-09-24 11:59:48,844 DEBUG impl.RaftServerImpl (RaftServerImpl.java:requestVote(743)) - s0@group-3D81F66BC438: receive requestVote(s2, group-3D81F66BC438, 87, (t:13, i:10))
2019-09-24 11:59:48,845 DEBUG impl.RaftServerImpl (RaftServerImpl.java:requestVote(775)) - s0@group-3D81F66BC438 replies to vote request: s2<-s0#0:FAIL-t87. Peer's state: s0@group-3D81F66BC438:t87, leader=null, voted=s0, raftlog=s0@group-3D81F66BC438-SegmentedRaftLog:OPENED:c11,f12,i12, conf=11: [s0:0.0.0.0:42154, s1:0.0.0.0:36158, s2:0.0.0.0:36910], old=null
2019-09-24 11:59:49,053 INFO  impl.LeaderElection (LeaderElection.java:logAndReturn(56)) - s2@group-3D81F66BC438-LeaderElection72: Election TIMEOUT; received 1 response(s) [s2<-s0#0:FAIL-t87] and 0 exception(s); s2@group-3D81F66BC438:t87, leader=null, voted=s2, raftlog=s2@group-3D81F66BC438-SegmentedRaftLog:OPENED:c10,f10,i10, conf=9: [s0:0.0.0.0:42154, s1:0.0.0.0:36158, s2:0.0.0.0:36910], old=null
2019-09-24 11:59:49,055 WARN  ratis.RaftTestUtil (JavaUtils.java:attempt(158)) - FAILED "waitForLeader-null-(expectLeader? true)", attempt #39/100: java.lang.IllegalStateException: No leader yet : printing ALL groups
  s0:  RUNNING CANDIDATE s0@group-3D81F66BC438:t87, leader=null, voted=s0, raftlog=s0@group-3D81F66BC438-SegmentedRaftLog:OPENED:c11,f12,i12, conf=11: [s0:0.0.0.0:42154, s1:0.0.0.0:36158, s2:0.0.0.0:36910], old=null RUNNING
  s1:  RUNNING CANDIDATE s1@group-3D81F66BC438:t87, leader=null, voted=s1, raftlog=s1@group-3D81F66BC438-SegmentedRaftLog:OPENED:c10,f11,i11, conf=11: [s0:0.0.0.0:42154, s1:0.0.0.0:36158, s2:0.0.0.0:36910], old=null RUNNING
  s2:  RUNNING CANDIDATE s2@group-3D81F66BC438:t88, leader=null, voted=s2, raftlog=s2@group-3D81F66BC438-SegmentedRaftLog:OPENED:c10,f10,i10, conf=9: [s0:0.0.0.0:42154, s1:0.0.0.0:36158, s2:0.0.0.0:36910], old=null RUNNING, sleep 450ms and then retry.
java.lang.IllegalStateException: No leader yet : printing ALL groups
  s0:  RUNNING CANDIDATE s0@group-3D81F66BC438:t87, leader=null, voted=s0, raftlog=s0@group-3D81F66BC438-SegmentedRaftLog:OPENED:c11,f12,i12, conf=11: [s0:0.0.0.0:42154, s1:0.0.0.0:36158, s2:0.0.0.0:36910], old=null RUNNING
  s1:  RUNNING CANDIDATE s1@group-3D81F66BC438:t87, leader=null, voted=s1, raftlog=s1@group-3D81F66BC438-SegmentedRaftLog:OPENED:c10,f11,i11, conf=11: [s0:0.0.0.0:42154, s1:0.0.0.0:36158, s2:0.0.0.0:36910], old=null RUNNING
  s2:  RUNNING CANDIDATE s2@group-3D81F66BC438:t88, leader=null, voted=s2, raftlog=s2@group-3D81F66BC438-SegmentedRaftLog:OPENED:c10,f10,i10, conf=9: [s0:0.0.0.0:42154, s1:0.0.0.0:36158, s2:0.0.0.0:36910], old=null RUNNING
	at org.apache.ratis.MiniRaftCluster.newIllegalStateExceptionForNoLeaders(MiniRaftCluster.java:506)
	at org.apache.ratis.RaftTestUtil.lambda$waitForLeader$1(RaftTestUtil.java:90)
	at org.apache.ratis.MiniRaftCluster.getLeader(MiniRaftCluster.java:539)
	at org.apache.ratis.MiniRaftCluster.getLeader(MiniRaftCluster.java:532)
	at org.apache.ratis.RaftTestUtil.lambda$waitForLeader$3(RaftTestUtil.java:98)
	at org.apache.ratis.util.JavaUtils.attempt(JavaUtils.java:152)
	at org.apache.ratis.RaftTestUtil.waitForLeader(RaftTestUtil.java:97)
	at org.apache.ratis.RaftTestUtil.waitForLeader(RaftTestUtil.java:77)
	at org.apache.ratis.RaftTestUtil.waitForLeader(RaftTestUtil.java:72)
	at org.apache.ratis.RaftTestUtil.lambda$changeLeader$7(RaftTestUtil.java:363)
	at org.apache.ratis.util.JavaUtils.attempt(JavaUtils.java:152)
	at org.apache.ratis.RaftTestUtil.changeLeader(RaftTestUtil.java:362)
	at org.apache.ratis.server.impl.LeaderElectionTests.testChangeLeader(LeaderElectionTests.java:81)
	at sun.reflect.NativeMethodAccessorImpl.invoke0(Native Method)
	at sun.reflect.NativeMethodAccessorImpl.invoke(NativeMethodAccessorImpl.java:62)
	at sun.reflect.DelegatingMethodAccessorImpl.invoke(DelegatingMethodAccessorImpl.java:43)
	at java.lang.reflect.Method.invoke(Method.java:498)
	at org.junit.runners.model.FrameworkMethod$1.runReflectiveCall(FrameworkMethod.java:50)
	at org.junit.internal.runners.model.ReflectiveCallable.run(ReflectiveCallable.java:12)
	at org.junit.runners.model.FrameworkMethod.invokeExplosively(FrameworkMethod.java:47)
	at org.junit.internal.runners.statements.InvokeMethod.evaluate(InvokeMethod.java:17)
	at org.junit.internal.runners.statements.RunAfters.evaluate(RunAfters.java:27)
	at org.junit.internal.runners.statements.FailOnTimeout$CallableStatement.call(FailOnTimeout.java:298)
	at org.junit.internal.runners.statements.FailOnTimeout$CallableStatement.call(FailOnTimeout.java:292)
	at java.util.concurrent.FutureTask.run(FutureTask.java:266)
	at java.lang.Thread.run(Thread.java:748)
2019-09-24 11:59:49,064 INFO  impl.LeaderElection (LeaderElection.java:logAndReturn(56)) - s1@group-3D81F66BC438-LeaderElection76: Election TIMEOUT; received 1 response(s) [s1<-s0#0:FAIL-t87] and 0 exception(s); s1@group-3D81F66BC438:t87, leader=null, voted=s1, raftlog=s1@group-3D81F66BC438-SegmentedRaftLog:OPENED:c10,f11,i11, conf=11: [s0:0.0.0.0:42154, s1:0.0.0.0:36158, s2:0.0.0.0:36910], old=null
2019-09-24 11:59:49,067 INFO  impl.LeaderElection (LeaderElection.java:askForVotes(178)) - s1@group-3D81F66BC438-LeaderElection76: begin an election at term 88 for 11: [s0:0.0.0.0:42154, s1:0.0.0.0:36158, s2:0.0.0.0:36910], old=null
2019-09-24 11:59:49,067 INFO  impl.LeaderElection (LeaderElection.java:askForVotes(178)) - s2@group-3D81F66BC438-LeaderElection72: begin an election at term 88 for 9: [s0:0.0.0.0:42154, s1:0.0.0.0:36158, s2:0.0.0.0:36910], old=null
2019-09-24 11:59:49,068 DEBUG impl.RaftServerImpl (RaftServerImpl.java:requestVote(743)) - s0@group-3D81F66BC438: receive requestVote(s1, group-3D81F66BC438, 88, (t:14, i:11))
2019-09-24 11:59:49,068 INFO  impl.RaftServerImpl (RaftServerImpl.java:setRole(170)) - s0@group-3D81F66BC438: changes role from CANDIDATE to FOLLOWER at term 88 for recognizeCandidate:s1
2019-09-24 11:59:49,069 DEBUG impl.RaftServerImpl (RaftServerImpl.java:requestVote(743)) - s0@group-3D81F66BC438: receive requestVote(s2, group-3D81F66BC438, 88, (t:13, i:10))
2019-09-24 11:59:49,069 INFO  impl.RoleInfo (RoleInfo.java:shutdownLeaderElection(134)) - s0: shutdown LeaderElection
2019-09-24 11:59:49,069 INFO  impl.RoleInfo (RoleInfo.java:updateAndGet(143)) - s0: start FollowerState
2019-09-24 11:59:49,084 DEBUG impl.RaftServerImpl (RaftServerImpl.java:requestVote(775)) - s0@group-3D81F66BC438 replies to vote request: s1<-s0#0:FAIL-t88. Peer's state: s0@group-3D81F66BC438:t88, leader=null, voted=null, raftlog=s0@group-3D81F66BC438-SegmentedRaftLog:OPENED:c11,f12,i12, conf=11: [s0:0.0.0.0:42154, s1:0.0.0.0:36158, s2:0.0.0.0:36910], old=null
2019-09-24 11:59:49,084 INFO  impl.RaftServerImpl (RaftServerImpl.java:setRole(170)) - s0@group-3D81F66BC438: changes role from  FOLLOWER to FOLLOWER at term 88 for recognizeCandidate:s2
2019-09-24 11:59:49,084 INFO  impl.RoleInfo (RoleInfo.java:shutdownFollowerState(121)) - s0: shutdown FollowerState
2019-09-24 11:59:49,085 INFO  impl.RoleInfo (RoleInfo.java:updateAndGet(143)) - s0: start FollowerState
2019-09-24 11:59:49,085 INFO  impl.FollowerState (FollowerState.java:run(117)) - s0@group-3D81F66BC438-FollowerState was interrupted: java.lang.InterruptedException: sleep interrupted
2019-09-24 11:59:49,085 DEBUG impl.RaftServerImpl (RaftServerImpl.java:requestVote(775)) - s0@group-3D81F66BC438 replies to vote request: s2<-s0#0:FAIL-t88. Peer's state: s0@group-3D81F66BC438:t88, leader=null, voted=null, raftlog=s0@group-3D81F66BC438-SegmentedRaftLog:OPENED:c11,f12,i12, conf=11: [s0:0.0.0.0:42154, s1:0.0.0.0:36158, s2:0.0.0.0:36910], old=null
2019-09-24 11:59:49,106 INFO  impl.LeaderElection (LeaderElection.java:logAndReturn(56)) - s0@group-3D81F66BC438-LeaderElection77: Election REJECTED; received 0 response(s) [] and 0 exception(s); s0@group-3D81F66BC438:t88, leader=null, voted=null, raftlog=s0@group-3D81F66BC438-SegmentedRaftLog:OPENED:c11,f12,i12, conf=11: [s0:0.0.0.0:42154, s1:0.0.0.0:36158, s2:0.0.0.0:36910], old=null
2019-09-24 11:59:49,319 INFO  impl.LeaderElection (LeaderElection.java:logAndReturn(56)) - s1@group-3D81F66BC438-LeaderElection76: Election TIMEOUT; received 1 response(s) [s1<-s0#0:FAIL-t88] and 0 exception(s); s1@group-3D81F66BC438:t88, leader=null, voted=s1, raftlog=s1@group-3D81F66BC438-SegmentedRaftLog:OPENED:c10,f11,i11, conf=11: [s0:0.0.0.0:42154, s1:0.0.0.0:36158, s2:0.0.0.0:36910], old=null
2019-09-24 11:59:49,346 INFO  impl.LeaderElection (LeaderElection.java:askForVotes(178)) - s1@group-3D81F66BC438-LeaderElection76: begin an election at term 89 for 11: [s0:0.0.0.0:42154, s1:0.0.0.0:36158, s2:0.0.0.0:36910], old=null
2019-09-24 11:59:49,347 DEBUG impl.RaftServerImpl (RaftServerImpl.java:requestVote(743)) - s0@group-3D81F66BC438: receive requestVote(s1, group-3D81F66BC438, 89, (t:14, i:11))
2019-09-24 11:59:49,347 INFO  impl.RaftServerImpl (RaftServerImpl.java:setRole(170)) - s0@group-3D81F66BC438: changes role from  FOLLOWER to FOLLOWER at term 89 for recognizeCandidate:s1
2019-09-24 11:59:49,347 INFO  impl.RoleInfo (RoleInfo.java:shutdownFollowerState(121)) - s0: shutdown FollowerState
2019-09-24 11:59:49,347 INFO  impl.RoleInfo (RoleInfo.java:updateAndGet(143)) - s0: start FollowerState
2019-09-24 11:59:49,347 INFO  impl.FollowerState (FollowerState.java:run(117)) - s0@group-3D81F66BC438-FollowerState was interrupted: java.lang.InterruptedException: sleep interrupted
2019-09-24 11:59:49,360 DEBUG impl.RaftServerImpl (RaftServerImpl.java:requestVote(775)) - s0@group-3D81F66BC438 replies to vote request: s1<-s0#0:FAIL-t89. Peer's state: s0@group-3D81F66BC438:t89, leader=null, voted=null, raftlog=s0@group-3D81F66BC438-SegmentedRaftLog:OPENED:c11,f12,i12, conf=11: [s0:0.0.0.0:42154, s1:0.0.0.0:36158, s2:0.0.0.0:36910], old=null
2019-09-24 11:59:49,363 INFO  impl.LeaderElection (LeaderElection.java:logAndReturn(56)) - s2@group-3D81F66BC438-LeaderElection72: Election TIMEOUT; received 1 response(s) [s2<-s0#0:FAIL-t88] and 0 exception(s); s2@group-3D81F66BC438:t88, leader=null, voted=s2, raftlog=s2@group-3D81F66BC438-SegmentedRaftLog:OPENED:c10,f10,i10, conf=9: [s0:0.0.0.0:42154, s1:0.0.0.0:36158, s2:0.0.0.0:36910], old=null
2019-09-24 11:59:49,376 INFO  impl.LeaderElection (LeaderElection.java:askForVotes(178)) - s2@group-3D81F66BC438-LeaderElection72: begin an election at term 89 for 9: [s0:0.0.0.0:42154, s1:0.0.0.0:36158, s2:0.0.0.0:36910], old=null
2019-09-24 11:59:49,376 DEBUG impl.RaftServerImpl (RaftServerImpl.java:requestVote(743)) - s0@group-3D81F66BC438: receive requestVote(s2, group-3D81F66BC438, 89, (t:13, i:10))
2019-09-24 11:59:49,376 INFO  impl.RaftServerImpl (RaftServerImpl.java:setRole(170)) - s0@group-3D81F66BC438: changes role from  FOLLOWER to FOLLOWER at term 89 for recognizeCandidate:s2
2019-09-24 11:59:49,377 INFO  impl.RoleInfo (RoleInfo.java:shutdownFollowerState(121)) - s0: shutdown FollowerState
2019-09-24 11:59:49,377 INFO  impl.RoleInfo (RoleInfo.java:updateAndGet(143)) - s0: start FollowerState
2019-09-24 11:59:49,377 INFO  impl.FollowerState (FollowerState.java:run(117)) - s0@group-3D81F66BC438-FollowerState was interrupted: java.lang.InterruptedException: sleep interrupted
2019-09-24 11:59:49,377 DEBUG impl.RaftServerImpl (RaftServerImpl.java:requestVote(775)) - s0@group-3D81F66BC438 replies to vote request: s2<-s0#0:FAIL-t89. Peer's state: s0@group-3D81F66BC438:t89, leader=null, voted=null, raftlog=s0@group-3D81F66BC438-SegmentedRaftLog:OPENED:c11,f12,i12, conf=11: [s0:0.0.0.0:42154, s1:0.0.0.0:36158, s2:0.0.0.0:36910], old=null
2019-09-24 11:59:49,506 WARN  ratis.RaftTestUtil (JavaUtils.java:attempt(158)) - FAILED "waitForLeader-null-(expectLeader? true)", attempt #40/100: java.lang.IllegalStateException: No leader yet : printing ALL groups
  s0:  RUNNING  FOLLOWER s0@group-3D81F66BC438:t89, leader=null, voted=null, raftlog=s0@group-3D81F66BC438-SegmentedRaftLog:OPENED:c11,f12,i12, conf=11: [s0:0.0.0.0:42154, s1:0.0.0.0:36158, s2:0.0.0.0:36910], old=null RUNNING
  s1:  RUNNING CANDIDATE s1@group-3D81F66BC438:t89, leader=null, voted=s1, raftlog=s1@group-3D81F66BC438-SegmentedRaftLog:OPENED:c10,f11,i11, conf=11: [s0:0.0.0.0:42154, s1:0.0.0.0:36158, s2:0.0.0.0:36910], old=null RUNNING
  s2:  RUNNING CANDIDATE s2@group-3D81F66BC438:t89, leader=null, voted=s2, raftlog=s2@group-3D81F66BC438-SegmentedRaftLog:OPENED:c10,f10,i10, conf=9: [s0:0.0.0.0:42154, s1:0.0.0.0:36158, s2:0.0.0.0:36910], old=null RUNNING, sleep 450ms and then retry.
java.lang.IllegalStateException: No leader yet : printing ALL groups
  s0:  RUNNING  FOLLOWER s0@group-3D81F66BC438:t89, leader=null, voted=null, raftlog=s0@group-3D81F66BC438-SegmentedRaftLog:OPENED:c11,f12,i12, conf=11: [s0:0.0.0.0:42154, s1:0.0.0.0:36158, s2:0.0.0.0:36910], old=null RUNNING
  s1:  RUNNING CANDIDATE s1@group-3D81F66BC438:t89, leader=null, voted=s1, raftlog=s1@group-3D81F66BC438-SegmentedRaftLog:OPENED:c10,f11,i11, conf=11: [s0:0.0.0.0:42154, s1:0.0.0.0:36158, s2:0.0.0.0:36910], old=null RUNNING
  s2:  RUNNING CANDIDATE s2@group-3D81F66BC438:t89, leader=null, voted=s2, raftlog=s2@group-3D81F66BC438-SegmentedRaftLog:OPENED:c10,f10,i10, conf=9: [s0:0.0.0.0:42154, s1:0.0.0.0:36158, s2:0.0.0.0:36910], old=null RUNNING
	at org.apache.ratis.MiniRaftCluster.newIllegalStateExceptionForNoLeaders(MiniRaftCluster.java:506)
	at org.apache.ratis.RaftTestUtil.lambda$waitForLeader$1(RaftTestUtil.java:90)
	at org.apache.ratis.MiniRaftCluster.getLeader(MiniRaftCluster.java:539)
	at org.apache.ratis.MiniRaftCluster.getLeader(MiniRaftCluster.java:532)
	at org.apache.ratis.RaftTestUtil.lambda$waitForLeader$3(RaftTestUtil.java:98)
	at org.apache.ratis.util.JavaUtils.attempt(JavaUtils.java:152)
	at org.apache.ratis.RaftTestUtil.waitForLeader(RaftTestUtil.java:97)
	at org.apache.ratis.RaftTestUtil.waitForLeader(RaftTestUtil.java:77)
	at org.apache.ratis.RaftTestUtil.waitForLeader(RaftTestUtil.java:72)
	at org.apache.ratis.RaftTestUtil.lambda$changeLeader$7(RaftTestUtil.java:363)
	at org.apache.ratis.util.JavaUtils.attempt(JavaUtils.java:152)
	at org.apache.ratis.RaftTestUtil.changeLeader(RaftTestUtil.java:362)
	at org.apache.ratis.server.impl.LeaderElectionTests.testChangeLeader(LeaderElectionTests.java:81)
	at sun.reflect.NativeMethodAccessorImpl.invoke0(Native Method)
	at sun.reflect.NativeMethodAccessorImpl.invoke(NativeMethodAccessorImpl.java:62)
	at sun.reflect.DelegatingMethodAccessorImpl.invoke(DelegatingMethodAccessorImpl.java:43)
	at java.lang.reflect.Method.invoke(Method.java:498)
	at org.junit.runners.model.FrameworkMethod$1.runReflectiveCall(FrameworkMethod.java:50)
	at org.junit.internal.runners.model.ReflectiveCallable.run(ReflectiveCallable.java:12)
	at org.junit.runners.model.FrameworkMethod.invokeExplosively(FrameworkMethod.java:47)
	at org.junit.internal.runners.statements.InvokeMethod.evaluate(InvokeMethod.java:17)
	at org.junit.internal.runners.statements.RunAfters.evaluate(RunAfters.java:27)
	at org.junit.internal.runners.statements.FailOnTimeout$CallableStatement.call(FailOnTimeout.java:298)
	at org.junit.internal.runners.statements.FailOnTimeout$CallableStatement.call(FailOnTimeout.java:292)
	at java.util.concurrent.FutureTask.run(FutureTask.java:266)
	at java.lang.Thread.run(Thread.java:748)
2019-09-24 11:59:49,556 INFO  impl.LeaderElection (LeaderElection.java:logAndReturn(56)) - s1@group-3D81F66BC438-LeaderElection76: Election TIMEOUT; received 1 response(s) [s1<-s0#0:FAIL-t89] and 0 exception(s); s1@group-3D81F66BC438:t89, leader=null, voted=s1, raftlog=s1@group-3D81F66BC438-SegmentedRaftLog:OPENED:c10,f11,i11, conf=11: [s0:0.0.0.0:42154, s1:0.0.0.0:36158, s2:0.0.0.0:36910], old=null
2019-09-24 11:59:49,568 INFO  impl.LeaderElection (LeaderElection.java:askForVotes(178)) - s1@group-3D81F66BC438-LeaderElection76: begin an election at term 90 for 11: [s0:0.0.0.0:42154, s1:0.0.0.0:36158, s2:0.0.0.0:36910], old=null
2019-09-24 11:59:49,569 DEBUG impl.RaftServerImpl (RaftServerImpl.java:requestVote(743)) - s0@group-3D81F66BC438: receive requestVote(s1, group-3D81F66BC438, 90, (t:14, i:11))
2019-09-24 11:59:49,569 INFO  impl.RaftServerImpl (RaftServerImpl.java:setRole(170)) - s0@group-3D81F66BC438: changes role from  FOLLOWER to FOLLOWER at term 90 for recognizeCandidate:s1
2019-09-24 11:59:49,570 INFO  impl.RoleInfo (RoleInfo.java:shutdownFollowerState(121)) - s0: shutdown FollowerState
2019-09-24 11:59:49,570 INFO  impl.RoleInfo (RoleInfo.java:updateAndGet(143)) - s0: start FollowerState
2019-09-24 11:59:49,570 INFO  impl.FollowerState (FollowerState.java:run(117)) - s0@group-3D81F66BC438-FollowerState was interrupted: java.lang.InterruptedException: sleep interrupted
2019-09-24 11:59:49,602 DEBUG impl.RaftServerImpl (RaftServerImpl.java:requestVote(775)) - s0@group-3D81F66BC438 replies to vote request: s1<-s0#0:FAIL-t90. Peer's state: s0@group-3D81F66BC438:t90, leader=null, voted=null, raftlog=s0@group-3D81F66BC438-SegmentedRaftLog:OPENED:c11,f12,i12, conf=11: [s0:0.0.0.0:42154, s1:0.0.0.0:36158, s2:0.0.0.0:36910], old=null
2019-09-24 11:59:49,669 INFO  impl.LeaderElection (LeaderElection.java:logAndReturn(56)) - s2@group-3D81F66BC438-LeaderElection72: Election TIMEOUT; received 1 response(s) [s2<-s0#0:FAIL-t89] and 0 exception(s); s2@group-3D81F66BC438:t89, leader=null, voted=s2, raftlog=s2@group-3D81F66BC438-SegmentedRaftLog:OPENED:c10,f10,i10, conf=9: [s0:0.0.0.0:42154, s1:0.0.0.0:36158, s2:0.0.0.0:36910], old=null
2019-09-24 11:59:49,683 INFO  impl.LeaderElection (LeaderElection.java:askForVotes(178)) - s2@group-3D81F66BC438-LeaderElection72: begin an election at term 90 for 9: [s0:0.0.0.0:42154, s1:0.0.0.0:36158, s2:0.0.0.0:36910], old=null
2019-09-24 11:59:49,684 DEBUG impl.RaftServerImpl (RaftServerImpl.java:requestVote(743)) - s0@group-3D81F66BC438: receive requestVote(s2, group-3D81F66BC438, 90, (t:13, i:10))
2019-09-24 11:59:49,684 INFO  impl.RaftServerImpl (RaftServerImpl.java:setRole(170)) - s0@group-3D81F66BC438: changes role from  FOLLOWER to FOLLOWER at term 90 for recognizeCandidate:s2
2019-09-24 11:59:49,684 INFO  impl.RoleInfo (RoleInfo.java:shutdownFollowerState(121)) - s0: shutdown FollowerState
2019-09-24 11:59:49,685 INFO  impl.RoleInfo (RoleInfo.java:updateAndGet(143)) - s0: start FollowerState
2019-09-24 11:59:49,685 INFO  impl.FollowerState (FollowerState.java:run(117)) - s0@group-3D81F66BC438-FollowerState was interrupted: java.lang.InterruptedException: sleep interrupted
2019-09-24 11:59:49,685 DEBUG impl.RaftServerImpl (RaftServerImpl.java:requestVote(775)) - s0@group-3D81F66BC438 replies to vote request: s2<-s0#0:FAIL-t90. Peer's state: s0@group-3D81F66BC438:t90, leader=null, voted=null, raftlog=s0@group-3D81F66BC438-SegmentedRaftLog:OPENED:c11,f12,i12, conf=11: [s0:0.0.0.0:42154, s1:0.0.0.0:36158, s2:0.0.0.0:36910], old=null
2019-09-24 11:59:49,731 INFO  impl.LeaderElection (LeaderElection.java:logAndReturn(56)) - s1@group-3D81F66BC438-LeaderElection76: Election TIMEOUT; received 1 response(s) [s1<-s0#0:FAIL-t90] and 0 exception(s); s1@group-3D81F66BC438:t90, leader=null, voted=s1, raftlog=s1@group-3D81F66BC438-SegmentedRaftLog:OPENED:c10,f11,i11, conf=11: [s0:0.0.0.0:42154, s1:0.0.0.0:36158, s2:0.0.0.0:36910], old=null
2019-09-24 11:59:49,773 INFO  impl.LeaderElection (LeaderElection.java:askForVotes(178)) - s1@group-3D81F66BC438-LeaderElection76: begin an election at term 91 for 11: [s0:0.0.0.0:42154, s1:0.0.0.0:36158, s2:0.0.0.0:36910], old=null
2019-09-24 11:59:49,775 DEBUG impl.RaftServerImpl (RaftServerImpl.java:requestVote(743)) - s0@group-3D81F66BC438: receive requestVote(s1, group-3D81F66BC438, 91, (t:14, i:11))
2019-09-24 11:59:49,775 INFO  impl.RaftServerImpl (RaftServerImpl.java:setRole(170)) - s0@group-3D81F66BC438: changes role from  FOLLOWER to FOLLOWER at term 91 for recognizeCandidate:s1
2019-09-24 11:59:49,775 INFO  impl.RoleInfo (RoleInfo.java:shutdownFollowerState(121)) - s0: shutdown FollowerState
2019-09-24 11:59:49,775 INFO  impl.RoleInfo (RoleInfo.java:updateAndGet(143)) - s0: start FollowerState
2019-09-24 11:59:49,775 INFO  impl.FollowerState (FollowerState.java:run(117)) - s0@group-3D81F66BC438-FollowerState was interrupted: java.lang.InterruptedException: sleep interrupted
2019-09-24 11:59:49,788 DEBUG impl.RaftServerImpl (RaftServerImpl.java:requestVote(775)) - s0@group-3D81F66BC438 replies to vote request: s1<-s0#0:FAIL-t91. Peer's state: s0@group-3D81F66BC438:t91, leader=null, voted=null, raftlog=s0@group-3D81F66BC438-SegmentedRaftLog:OPENED:c11,f12,i12, conf=11: [s0:0.0.0.0:42154, s1:0.0.0.0:36158, s2:0.0.0.0:36910], old=null
2019-09-24 11:59:49,912 INFO  impl.LeaderElection (LeaderElection.java:logAndReturn(56)) - s2@group-3D81F66BC438-LeaderElection72: Election TIMEOUT; received 1 response(s) [s2<-s0#0:FAIL-t90] and 0 exception(s); s2@group-3D81F66BC438:t90, leader=null, voted=s2, raftlog=s2@group-3D81F66BC438-SegmentedRaftLog:OPENED:c10,f10,i10, conf=9: [s0:0.0.0.0:42154, s1:0.0.0.0:36158, s2:0.0.0.0:36910], old=null
2019-09-24 11:59:49,928 INFO  impl.LeaderElection (LeaderElection.java:askForVotes(178)) - s2@group-3D81F66BC438-LeaderElection72: begin an election at term 91 for 9: [s0:0.0.0.0:42154, s1:0.0.0.0:36158, s2:0.0.0.0:36910], old=null
2019-09-24 11:59:49,929 DEBUG impl.RaftServerImpl (RaftServerImpl.java:requestVote(743)) - s0@group-3D81F66BC438: receive requestVote(s2, group-3D81F66BC438, 91, (t:13, i:10))
2019-09-24 11:59:49,929 INFO  impl.RaftServerImpl (RaftServerImpl.java:setRole(170)) - s0@group-3D81F66BC438: changes role from  FOLLOWER to FOLLOWER at term 91 for recognizeCandidate:s2
2019-09-24 11:59:49,929 INFO  impl.RoleInfo (RoleInfo.java:shutdownFollowerState(121)) - s0: shutdown FollowerState
2019-09-24 11:59:49,929 INFO  impl.RoleInfo (RoleInfo.java:updateAndGet(143)) - s0: start FollowerState
2019-09-24 11:59:49,929 INFO  impl.FollowerState (FollowerState.java:run(117)) - s0@group-3D81F66BC438-FollowerState was interrupted: java.lang.InterruptedException: sleep interrupted
2019-09-24 11:59:49,930 DEBUG impl.RaftServerImpl (RaftServerImpl.java:requestVote(775)) - s0@group-3D81F66BC438 replies to vote request: s2<-s0#0:FAIL-t91. Peer's state: s0@group-3D81F66BC438:t91, leader=null, voted=null, raftlog=s0@group-3D81F66BC438-SegmentedRaftLog:OPENED:c11,f12,i12, conf=11: [s0:0.0.0.0:42154, s1:0.0.0.0:36158, s2:0.0.0.0:36910], old=null
2019-09-24 11:59:49,957 WARN  ratis.RaftTestUtil (JavaUtils.java:attempt(158)) - FAILED "waitForLeader-null-(expectLeader? true)", attempt #41/100: java.lang.IllegalStateException: No leader yet : printing ALL groups
  s0:  RUNNING  FOLLOWER s0@group-3D81F66BC438:t91, leader=null, voted=null, raftlog=s0@group-3D81F66BC438-SegmentedRaftLog:OPENED:c11,f12,i12, conf=11: [s0:0.0.0.0:42154, s1:0.0.0.0:36158, s2:0.0.0.0:36910], old=null RUNNING
  s1:  RUNNING CANDIDATE s1@group-3D81F66BC438:t91, leader=null, voted=s1, raftlog=s1@group-3D81F66BC438-SegmentedRaftLog:OPENED:c10,f11,i11, conf=11: [s0:0.0.0.0:42154, s1:0.0.0.0:36158, s2:0.0.0.0:36910], old=null RUNNING
  s2:  RUNNING CANDIDATE s2@group-3D81F66BC438:t91, leader=null, voted=s2, raftlog=s2@group-3D81F66BC438-SegmentedRaftLog:OPENED:c10,f10,i10, conf=9: [s0:0.0.0.0:42154, s1:0.0.0.0:36158, s2:0.0.0.0:36910], old=null RUNNING, sleep 450ms and then retry.
java.lang.IllegalStateException: No leader yet : printing ALL groups
  s0:  RUNNING  FOLLOWER s0@group-3D81F66BC438:t91, leader=null, voted=null, raftlog=s0@group-3D81F66BC438-SegmentedRaftLog:OPENED:c11,f12,i12, conf=11: [s0:0.0.0.0:42154, s1:0.0.0.0:36158, s2:0.0.0.0:36910], old=null RUNNING
  s1:  RUNNING CANDIDATE s1@group-3D81F66BC438:t91, leader=null, voted=s1, raftlog=s1@group-3D81F66BC438-SegmentedRaftLog:OPENED:c10,f11,i11, conf=11: [s0:0.0.0.0:42154, s1:0.0.0.0:36158, s2:0.0.0.0:36910], old=null RUNNING
  s2:  RUNNING CANDIDATE s2@group-3D81F66BC438:t91, leader=null, voted=s2, raftlog=s2@group-3D81F66BC438-SegmentedRaftLog:OPENED:c10,f10,i10, conf=9: [s0:0.0.0.0:42154, s1:0.0.0.0:36158, s2:0.0.0.0:36910], old=null RUNNING
	at org.apache.ratis.MiniRaftCluster.newIllegalStateExceptionForNoLeaders(MiniRaftCluster.java:506)
	at org.apache.ratis.RaftTestUtil.lambda$waitForLeader$1(RaftTestUtil.java:90)
	at org.apache.ratis.MiniRaftCluster.getLeader(MiniRaftCluster.java:539)
	at org.apache.ratis.MiniRaftCluster.getLeader(MiniRaftCluster.java:532)
	at org.apache.ratis.RaftTestUtil.lambda$waitForLeader$3(RaftTestUtil.java:98)
	at org.apache.ratis.util.JavaUtils.attempt(JavaUtils.java:152)
	at org.apache.ratis.RaftTestUtil.waitForLeader(RaftTestUtil.java:97)
	at org.apache.ratis.RaftTestUtil.waitForLeader(RaftTestUtil.java:77)
	at org.apache.ratis.RaftTestUtil.waitForLeader(RaftTestUtil.java:72)
	at org.apache.ratis.RaftTestUtil.lambda$changeLeader$7(RaftTestUtil.java:363)
	at org.apache.ratis.util.JavaUtils.attempt(JavaUtils.java:152)
	at org.apache.ratis.RaftTestUtil.changeLeader(RaftTestUtil.java:362)
	at org.apache.ratis.server.impl.LeaderElectionTests.testChangeLeader(LeaderElectionTests.java:81)
	at sun.reflect.NativeMethodAccessorImpl.invoke0(Native Method)
	at sun.reflect.NativeMethodAccessorImpl.invoke(NativeMethodAccessorImpl.java:62)
	at sun.reflect.DelegatingMethodAccessorImpl.invoke(DelegatingMethodAccessorImpl.java:43)
	at java.lang.reflect.Method.invoke(Method.java:498)
	at org.junit.runners.model.FrameworkMethod$1.runReflectiveCall(FrameworkMethod.java:50)
	at org.junit.internal.runners.model.ReflectiveCallable.run(ReflectiveCallable.java:12)
	at org.junit.runners.model.FrameworkMethod.invokeExplosively(FrameworkMethod.java:47)
	at org.junit.internal.runners.statements.InvokeMethod.evaluate(InvokeMethod.java:17)
	at org.junit.internal.runners.statements.RunAfters.evaluate(RunAfters.java:27)
	at org.junit.internal.runners.statements.FailOnTimeout$CallableStatement.call(FailOnTimeout.java:298)
	at org.junit.internal.runners.statements.FailOnTimeout$CallableStatement.call(FailOnTimeout.java:292)
	at java.util.concurrent.FutureTask.run(FutureTask.java:266)
	at java.lang.Thread.run(Thread.java:748)
2019-09-24 11:59:50,072 INFO  impl.LeaderElection (LeaderElection.java:logAndReturn(56)) - s1@group-3D81F66BC438-LeaderElection76: Election TIMEOUT; received 1 response(s) [s1<-s0#0:FAIL-t91] and 0 exception(s); s1@group-3D81F66BC438:t91, leader=null, voted=s1, raftlog=s1@group-3D81F66BC438-SegmentedRaftLog:OPENED:c10,f11,i11, conf=11: [s0:0.0.0.0:42154, s1:0.0.0.0:36158, s2:0.0.0.0:36910], old=null
2019-09-24 11:59:50,086 INFO  impl.LeaderElection (LeaderElection.java:askForVotes(178)) - s1@group-3D81F66BC438-LeaderElection76: begin an election at term 92 for 11: [s0:0.0.0.0:42154, s1:0.0.0.0:36158, s2:0.0.0.0:36910], old=null
2019-09-24 11:59:50,087 DEBUG impl.RaftServerImpl (RaftServerImpl.java:requestVote(743)) - s0@group-3D81F66BC438: receive requestVote(s1, group-3D81F66BC438, 92, (t:14, i:11))
2019-09-24 11:59:50,087 INFO  impl.RaftServerImpl (RaftServerImpl.java:setRole(170)) - s0@group-3D81F66BC438: changes role from  FOLLOWER to FOLLOWER at term 92 for recognizeCandidate:s1
2019-09-24 11:59:50,087 INFO  impl.RoleInfo (RoleInfo.java:shutdownFollowerState(121)) - s0: shutdown FollowerState
2019-09-24 11:59:50,087 INFO  impl.RoleInfo (RoleInfo.java:updateAndGet(143)) - s0: start FollowerState
2019-09-24 11:59:50,087 INFO  impl.FollowerState (FollowerState.java:run(117)) - s0@group-3D81F66BC438-FollowerState was interrupted: java.lang.InterruptedException: sleep interrupted
2019-09-24 11:59:50,101 DEBUG impl.RaftServerImpl (RaftServerImpl.java:requestVote(775)) - s0@group-3D81F66BC438 replies to vote request: s1<-s0#0:FAIL-t92. Peer's state: s0@group-3D81F66BC438:t92, leader=null, voted=null, raftlog=s0@group-3D81F66BC438-SegmentedRaftLog:OPENED:c11,f12,i12, conf=11: [s0:0.0.0.0:42154, s1:0.0.0.0:36158, s2:0.0.0.0:36910], old=null
2019-09-24 11:59:50,152 INFO  impl.LeaderElection (LeaderElection.java:logAndReturn(56)) - s2@group-3D81F66BC438-LeaderElection72: Election TIMEOUT; received 1 response(s) [s2<-s0#0:FAIL-t91] and 0 exception(s); s2@group-3D81F66BC438:t91, leader=null, voted=s2, raftlog=s2@group-3D81F66BC438-SegmentedRaftLog:OPENED:c10,f10,i10, conf=9: [s0:0.0.0.0:42154, s1:0.0.0.0:36158, s2:0.0.0.0:36910], old=null
2019-09-24 11:59:50,173 INFO  impl.LeaderElection (LeaderElection.java:askForVotes(178)) - s2@group-3D81F66BC438-LeaderElection72: begin an election at term 92 for 9: [s0:0.0.0.0:42154, s1:0.0.0.0:36158, s2:0.0.0.0:36910], old=null
2019-09-24 11:59:50,175 DEBUG impl.RaftServerImpl (RaftServerImpl.java:requestVote(743)) - s0@group-3D81F66BC438: receive requestVote(s2, group-3D81F66BC438, 92, (t:13, i:10))
2019-09-24 11:59:50,175 INFO  impl.RaftServerImpl (RaftServerImpl.java:setRole(170)) - s0@group-3D81F66BC438: changes role from  FOLLOWER to FOLLOWER at term 92 for recognizeCandidate:s2
2019-09-24 11:59:50,175 INFO  impl.RoleInfo (RoleInfo.java:shutdownFollowerState(121)) - s0: shutdown FollowerState
2019-09-24 11:59:50,176 INFO  impl.RoleInfo (RoleInfo.java:updateAndGet(143)) - s0: start FollowerState
2019-09-24 11:59:50,176 INFO  impl.FollowerState (FollowerState.java:run(117)) - s0@group-3D81F66BC438-FollowerState was interrupted: java.lang.InterruptedException: sleep interrupted
2019-09-24 11:59:50,176 DEBUG impl.RaftServerImpl (RaftServerImpl.java:requestVote(775)) - s0@group-3D81F66BC438 replies to vote request: s2<-s0#0:FAIL-t92. Peer's state: s0@group-3D81F66BC438:t92, leader=null, voted=null, raftlog=s0@group-3D81F66BC438-SegmentedRaftLog:OPENED:c11,f12,i12, conf=11: [s0:0.0.0.0:42154, s1:0.0.0.0:36158, s2:0.0.0.0:36910], old=null
2019-09-24 11:59:50,366 INFO  impl.LeaderElection (LeaderElection.java:logAndReturn(56)) - s1@group-3D81F66BC438-LeaderElection76: Election TIMEOUT; received 1 response(s) [s1<-s0#0:FAIL-t92] and 0 exception(s); s1@group-3D81F66BC438:t92, leader=null, voted=s1, raftlog=s1@group-3D81F66BC438-SegmentedRaftLog:OPENED:c10,f11,i11, conf=11: [s0:0.0.0.0:42154, s1:0.0.0.0:36158, s2:0.0.0.0:36910], old=null
2019-09-24 11:59:50,380 INFO  impl.LeaderElection (LeaderElection.java:askForVotes(178)) - s1@group-3D81F66BC438-LeaderElection76: begin an election at term 93 for 11: [s0:0.0.0.0:42154, s1:0.0.0.0:36158, s2:0.0.0.0:36910], old=null
2019-09-24 11:59:50,381 DEBUG impl.RaftServerImpl (RaftServerImpl.java:requestVote(743)) - s0@group-3D81F66BC438: receive requestVote(s1, group-3D81F66BC438, 93, (t:14, i:11))
2019-09-24 11:59:50,381 INFO  impl.RaftServerImpl (RaftServerImpl.java:setRole(170)) - s0@group-3D81F66BC438: changes role from  FOLLOWER to FOLLOWER at term 93 for recognizeCandidate:s1
2019-09-24 11:59:50,381 INFO  impl.RoleInfo (RoleInfo.java:shutdownFollowerState(121)) - s0: shutdown FollowerState
2019-09-24 11:59:50,381 INFO  impl.RoleInfo (RoleInfo.java:updateAndGet(143)) - s0: start FollowerState
2019-09-24 11:59:50,382 INFO  impl.FollowerState (FollowerState.java:run(117)) - s0@group-3D81F66BC438-FollowerState was interrupted: java.lang.InterruptedException: sleep interrupted
2019-09-24 11:59:50,396 DEBUG impl.RaftServerImpl (RaftServerImpl.java:requestVote(775)) - s0@group-3D81F66BC438 replies to vote request: s1<-s0#0:FAIL-t93. Peer's state: s0@group-3D81F66BC438:t93, leader=null, voted=null, raftlog=s0@group-3D81F66BC438-SegmentedRaftLog:OPENED:c11,f12,i12, conf=11: [s0:0.0.0.0:42154, s1:0.0.0.0:36158, s2:0.0.0.0:36910], old=null
2019-09-24 11:59:50,408 WARN  ratis.RaftTestUtil (JavaUtils.java:attempt(158)) - FAILED "waitForLeader-null-(expectLeader? true)", attempt #42/100: java.lang.IllegalStateException: No leader yet : printing ALL groups
  s0:  RUNNING  FOLLOWER s0@group-3D81F66BC438:t93, leader=null, voted=null, raftlog=s0@group-3D81F66BC438-SegmentedRaftLog:OPENED:c11,f12,i12, conf=11: [s0:0.0.0.0:42154, s1:0.0.0.0:36158, s2:0.0.0.0:36910], old=null RUNNING
  s1:  RUNNING CANDIDATE s1@group-3D81F66BC438:t93, leader=null, voted=s1, raftlog=s1@group-3D81F66BC438-SegmentedRaftLog:OPENED:c10,f11,i11, conf=11: [s0:0.0.0.0:42154, s1:0.0.0.0:36158, s2:0.0.0.0:36910], old=null RUNNING
  s2:  RUNNING CANDIDATE s2@group-3D81F66BC438:t92, leader=null, voted=s2, raftlog=s2@group-3D81F66BC438-SegmentedRaftLog:OPENED:c10,f10,i10, conf=9: [s0:0.0.0.0:42154, s1:0.0.0.0:36158, s2:0.0.0.0:36910], old=null RUNNING, sleep 450ms and then retry.
java.lang.IllegalStateException: No leader yet : printing ALL groups
  s0:  RUNNING  FOLLOWER s0@group-3D81F66BC438:t93, leader=null, voted=null, raftlog=s0@group-3D81F66BC438-SegmentedRaftLog:OPENED:c11,f12,i12, conf=11: [s0:0.0.0.0:42154, s1:0.0.0.0:36158, s2:0.0.0.0:36910], old=null RUNNING
  s1:  RUNNING CANDIDATE s1@group-3D81F66BC438:t93, leader=null, voted=s1, raftlog=s1@group-3D81F66BC438-SegmentedRaftLog:OPENED:c10,f11,i11, conf=11: [s0:0.0.0.0:42154, s1:0.0.0.0:36158, s2:0.0.0.0:36910], old=null RUNNING
  s2:  RUNNING CANDIDATE s2@group-3D81F66BC438:t92, leader=null, voted=s2, raftlog=s2@group-3D81F66BC438-SegmentedRaftLog:OPENED:c10,f10,i10, conf=9: [s0:0.0.0.0:42154, s1:0.0.0.0:36158, s2:0.0.0.0:36910], old=null RUNNING
	at org.apache.ratis.MiniRaftCluster.newIllegalStateExceptionForNoLeaders(MiniRaftCluster.java:506)
	at org.apache.ratis.RaftTestUtil.lambda$waitForLeader$1(RaftTestUtil.java:90)
	at org.apache.ratis.MiniRaftCluster.getLeader(MiniRaftCluster.java:539)
	at org.apache.ratis.MiniRaftCluster.getLeader(MiniRaftCluster.java:532)
	at org.apache.ratis.RaftTestUtil.lambda$waitForLeader$3(RaftTestUtil.java:98)
	at org.apache.ratis.util.JavaUtils.attempt(JavaUtils.java:152)
	at org.apache.ratis.RaftTestUtil.waitForLeader(RaftTestUtil.java:97)
	at org.apache.ratis.RaftTestUtil.waitForLeader(RaftTestUtil.java:77)
	at org.apache.ratis.RaftTestUtil.waitForLeader(RaftTestUtil.java:72)
	at org.apache.ratis.RaftTestUtil.lambda$changeLeader$7(RaftTestUtil.java:363)
	at org.apache.ratis.util.JavaUtils.attempt(JavaUtils.java:152)
	at org.apache.ratis.RaftTestUtil.changeLeader(RaftTestUtil.java:362)
	at org.apache.ratis.server.impl.LeaderElectionTests.testChangeLeader(LeaderElectionTests.java:81)
	at sun.reflect.NativeMethodAccessorImpl.invoke0(Native Method)
	at sun.reflect.NativeMethodAccessorImpl.invoke(NativeMethodAccessorImpl.java:62)
	at sun.reflect.DelegatingMethodAccessorImpl.invoke(DelegatingMethodAccessorImpl.java:43)
	at java.lang.reflect.Method.invoke(Method.java:498)
	at org.junit.runners.model.FrameworkMethod$1.runReflectiveCall(FrameworkMethod.java:50)
	at org.junit.internal.runners.model.ReflectiveCallable.run(ReflectiveCallable.java:12)
	at org.junit.runners.model.FrameworkMethod.invokeExplosively(FrameworkMethod.java:47)
	at org.junit.internal.runners.statements.InvokeMethod.evaluate(InvokeMethod.java:17)
	at org.junit.internal.runners.statements.RunAfters.evaluate(RunAfters.java:27)
	at org.junit.internal.runners.statements.FailOnTimeout$CallableStatement.call(FailOnTimeout.java:298)
	at org.junit.internal.runners.statements.FailOnTimeout$CallableStatement.call(FailOnTimeout.java:292)
	at java.util.concurrent.FutureTask.run(FutureTask.java:266)
	at java.lang.Thread.run(Thread.java:748)
2019-09-24 11:59:50,436 INFO  impl.LeaderElection (LeaderElection.java:logAndReturn(56)) - s2@group-3D81F66BC438-LeaderElection72: Election TIMEOUT; received 1 response(s) [s2<-s0#0:FAIL-t92] and 0 exception(s); s2@group-3D81F66BC438:t92, leader=null, voted=s2, raftlog=s2@group-3D81F66BC438-SegmentedRaftLog:OPENED:c10,f10,i10, conf=9: [s0:0.0.0.0:42154, s1:0.0.0.0:36158, s2:0.0.0.0:36910], old=null
2019-09-24 11:59:50,451 INFO  impl.LeaderElection (LeaderElection.java:askForVotes(178)) - s2@group-3D81F66BC438-LeaderElection72: begin an election at term 93 for 9: [s0:0.0.0.0:42154, s1:0.0.0.0:36158, s2:0.0.0.0:36910], old=null
2019-09-24 11:59:50,452 DEBUG impl.RaftServerImpl (RaftServerImpl.java:requestVote(743)) - s0@group-3D81F66BC438: receive requestVote(s2, group-3D81F66BC438, 93, (t:13, i:10))
2019-09-24 11:59:50,452 INFO  impl.RaftServerImpl (RaftServerImpl.java:setRole(170)) - s0@group-3D81F66BC438: changes role from  FOLLOWER to FOLLOWER at term 93 for recognizeCandidate:s2
2019-09-24 11:59:50,453 INFO  impl.RoleInfo (RoleInfo.java:shutdownFollowerState(121)) - s0: shutdown FollowerState
2019-09-24 11:59:50,453 INFO  impl.RoleInfo (RoleInfo.java:updateAndGet(143)) - s0: start FollowerState
2019-09-24 11:59:50,453 INFO  impl.FollowerState (FollowerState.java:run(117)) - s0@group-3D81F66BC438-FollowerState was interrupted: java.lang.InterruptedException: sleep interrupted
2019-09-24 11:59:50,453 DEBUG impl.RaftServerImpl (RaftServerImpl.java:requestVote(775)) - s0@group-3D81F66BC438 replies to vote request: s2<-s0#0:FAIL-t93. Peer's state: s0@group-3D81F66BC438:t93, leader=null, voted=null, raftlog=s0@group-3D81F66BC438-SegmentedRaftLog:OPENED:c11,f12,i12, conf=11: [s0:0.0.0.0:42154, s1:0.0.0.0:36158, s2:0.0.0.0:36910], old=null
2019-09-24 11:59:50,599 INFO  impl.LeaderElection (LeaderElection.java:logAndReturn(56)) - s1@group-3D81F66BC438-LeaderElection76: Election TIMEOUT; received 1 response(s) [s1<-s0#0:FAIL-t93] and 0 exception(s); s1@group-3D81F66BC438:t93, leader=null, voted=s1, raftlog=s1@group-3D81F66BC438-SegmentedRaftLog:OPENED:c10,f11,i11, conf=11: [s0:0.0.0.0:42154, s1:0.0.0.0:36158, s2:0.0.0.0:36910], old=null
2019-09-24 11:59:50,614 INFO  impl.LeaderElection (LeaderElection.java:askForVotes(178)) - s1@group-3D81F66BC438-LeaderElection76: begin an election at term 94 for 11: [s0:0.0.0.0:42154, s1:0.0.0.0:36158, s2:0.0.0.0:36910], old=null
2019-09-24 11:59:50,614 DEBUG impl.RaftServerImpl (RaftServerImpl.java:requestVote(743)) - s0@group-3D81F66BC438: receive requestVote(s1, group-3D81F66BC438, 94, (t:14, i:11))
2019-09-24 11:59:50,615 INFO  impl.RaftServerImpl (RaftServerImpl.java:setRole(170)) - s0@group-3D81F66BC438: changes role from  FOLLOWER to FOLLOWER at term 94 for recognizeCandidate:s1
2019-09-24 11:59:50,615 INFO  impl.RoleInfo (RoleInfo.java:shutdownFollowerState(121)) - s0: shutdown FollowerState
2019-09-24 11:59:50,615 INFO  impl.RoleInfo (RoleInfo.java:updateAndGet(143)) - s0: start FollowerState
2019-09-24 11:59:50,615 INFO  impl.FollowerState (FollowerState.java:run(117)) - s0@group-3D81F66BC438-FollowerState was interrupted: java.lang.InterruptedException: sleep interrupted
2019-09-24 11:59:50,628 INFO  impl.LeaderElection (LeaderElection.java:logAndReturn(56)) - s2@group-3D81F66BC438-LeaderElection72: Election TIMEOUT; received 1 response(s) [s2<-s0#0:FAIL-t93] and 0 exception(s); s2@group-3D81F66BC438:t93, leader=null, voted=s2, raftlog=s2@group-3D81F66BC438-SegmentedRaftLog:OPENED:c10,f10,i10, conf=9: [s0:0.0.0.0:42154, s1:0.0.0.0:36158, s2:0.0.0.0:36910], old=null
2019-09-24 11:59:50,628 DEBUG impl.RaftServerImpl (RaftServerImpl.java:requestVote(775)) - s0@group-3D81F66BC438 replies to vote request: s1<-s0#0:FAIL-t94. Peer's state: s0@group-3D81F66BC438:t94, leader=null, voted=null, raftlog=s0@group-3D81F66BC438-SegmentedRaftLog:OPENED:c11,f12,i12, conf=11: [s0:0.0.0.0:42154, s1:0.0.0.0:36158, s2:0.0.0.0:36910], old=null
2019-09-24 11:59:50,645 INFO  impl.LeaderElection (LeaderElection.java:askForVotes(178)) - s2@group-3D81F66BC438-LeaderElection72: begin an election at term 94 for 9: [s0:0.0.0.0:42154, s1:0.0.0.0:36158, s2:0.0.0.0:36910], old=null
2019-09-24 11:59:50,645 DEBUG impl.RaftServerImpl (RaftServerImpl.java:requestVote(743)) - s0@group-3D81F66BC438: receive requestVote(s2, group-3D81F66BC438, 94, (t:13, i:10))
2019-09-24 11:59:50,645 INFO  impl.RaftServerImpl (RaftServerImpl.java:setRole(170)) - s0@group-3D81F66BC438: changes role from  FOLLOWER to FOLLOWER at term 94 for recognizeCandidate:s2
2019-09-24 11:59:50,646 INFO  impl.RoleInfo (RoleInfo.java:shutdownFollowerState(121)) - s0: shutdown FollowerState
2019-09-24 11:59:50,646 INFO  impl.RoleInfo (RoleInfo.java:updateAndGet(143)) - s0: start FollowerState
2019-09-24 11:59:50,646 INFO  impl.FollowerState (FollowerState.java:run(117)) - s0@group-3D81F66BC438-FollowerState was interrupted: java.lang.InterruptedException: sleep interrupted
2019-09-24 11:59:50,646 DEBUG impl.RaftServerImpl (RaftServerImpl.java:requestVote(775)) - s0@group-3D81F66BC438 replies to vote request: s2<-s0#0:FAIL-t94. Peer's state: s0@group-3D81F66BC438:t94, leader=null, voted=null, raftlog=s0@group-3D81F66BC438-SegmentedRaftLog:OPENED:c11,f12,i12, conf=11: [s0:0.0.0.0:42154, s1:0.0.0.0:36158, s2:0.0.0.0:36910], old=null
2019-09-24 11:59:50,801 INFO  impl.LeaderElection (LeaderElection.java:logAndReturn(56)) - s2@group-3D81F66BC438-LeaderElection72: Election TIMEOUT; received 1 response(s) [s2<-s0#0:FAIL-t94] and 0 exception(s); s2@group-3D81F66BC438:t94, leader=null, voted=s2, raftlog=s2@group-3D81F66BC438-SegmentedRaftLog:OPENED:c10,f10,i10, conf=9: [s0:0.0.0.0:42154, s1:0.0.0.0:36158, s2:0.0.0.0:36910], old=null
2019-09-24 11:59:50,826 INFO  impl.LeaderElection (LeaderElection.java:askForVotes(178)) - s2@group-3D81F66BC438-LeaderElection72: begin an election at term 95 for 9: [s0:0.0.0.0:42154, s1:0.0.0.0:36158, s2:0.0.0.0:36910], old=null
2019-09-24 11:59:50,827 DEBUG impl.RaftServerImpl (RaftServerImpl.java:requestVote(743)) - s0@group-3D81F66BC438: receive requestVote(s2, group-3D81F66BC438, 95, (t:13, i:10))
2019-09-24 11:59:50,827 INFO  impl.RaftServerImpl (RaftServerImpl.java:setRole(170)) - s0@group-3D81F66BC438: changes role from  FOLLOWER to FOLLOWER at term 95 for recognizeCandidate:s2
2019-09-24 11:59:50,827 INFO  impl.RoleInfo (RoleInfo.java:shutdownFollowerState(121)) - s0: shutdown FollowerState
2019-09-24 11:59:50,828 INFO  impl.RoleInfo (RoleInfo.java:updateAndGet(143)) - s0: start FollowerState
2019-09-24 11:59:50,828 INFO  impl.FollowerState (FollowerState.java:run(117)) - s0@group-3D81F66BC438-FollowerState was interrupted: java.lang.InterruptedException: sleep interrupted
2019-09-24 11:59:50,840 DEBUG impl.RaftServerImpl (RaftServerImpl.java:requestVote(775)) - s0@group-3D81F66BC438 replies to vote request: s2<-s0#0:FAIL-t95. Peer's state: s0@group-3D81F66BC438:t95, leader=null, voted=null, raftlog=s0@group-3D81F66BC438-SegmentedRaftLog:OPENED:c11,f12,i12, conf=11: [s0:0.0.0.0:42154, s1:0.0.0.0:36158, s2:0.0.0.0:36910], old=null
2019-09-24 11:59:50,846 INFO  impl.LeaderElection (LeaderElection.java:logAndReturn(56)) - s1@group-3D81F66BC438-LeaderElection76: Election TIMEOUT; received 1 response(s) [s1<-s0#0:FAIL-t94] and 0 exception(s); s1@group-3D81F66BC438:t94, leader=null, voted=s1, raftlog=s1@group-3D81F66BC438-SegmentedRaftLog:OPENED:c10,f11,i11, conf=11: [s0:0.0.0.0:42154, s1:0.0.0.0:36158, s2:0.0.0.0:36910], old=null
2019-09-24 11:59:50,859 WARN  ratis.RaftTestUtil (JavaUtils.java:attempt(158)) - FAILED "waitForLeader-null-(expectLeader? true)", attempt #43/100: java.lang.IllegalStateException: No leader yet : printing ALL groups
  s0:  RUNNING  FOLLOWER s0@group-3D81F66BC438:t95, leader=null, voted=null, raftlog=s0@group-3D81F66BC438-SegmentedRaftLog:OPENED:c11,f12,i12, conf=11: [s0:0.0.0.0:42154, s1:0.0.0.0:36158, s2:0.0.0.0:36910], old=null RUNNING
  s1:  RUNNING CANDIDATE s1@group-3D81F66BC438:t95, leader=null, voted=s1, raftlog=s1@group-3D81F66BC438-SegmentedRaftLog:OPENED:c10,f11,i11, conf=11: [s0:0.0.0.0:42154, s1:0.0.0.0:36158, s2:0.0.0.0:36910], old=null RUNNING
  s2:  RUNNING CANDIDATE s2@group-3D81F66BC438:t95, leader=null, voted=s2, raftlog=s2@group-3D81F66BC438-SegmentedRaftLog:OPENED:c10,f10,i10, conf=9: [s0:0.0.0.0:42154, s1:0.0.0.0:36158, s2:0.0.0.0:36910], old=null RUNNING, sleep 450ms and then retry.
java.lang.IllegalStateException: No leader yet : printing ALL groups
  s0:  RUNNING  FOLLOWER s0@group-3D81F66BC438:t95, leader=null, voted=null, raftlog=s0@group-3D81F66BC438-SegmentedRaftLog:OPENED:c11,f12,i12, conf=11: [s0:0.0.0.0:42154, s1:0.0.0.0:36158, s2:0.0.0.0:36910], old=null RUNNING
  s1:  RUNNING CANDIDATE s1@group-3D81F66BC438:t95, leader=null, voted=s1, raftlog=s1@group-3D81F66BC438-SegmentedRaftLog:OPENED:c10,f11,i11, conf=11: [s0:0.0.0.0:42154, s1:0.0.0.0:36158, s2:0.0.0.0:36910], old=null RUNNING
  s2:  RUNNING CANDIDATE s2@group-3D81F66BC438:t95, leader=null, voted=s2, raftlog=s2@group-3D81F66BC438-SegmentedRaftLog:OPENED:c10,f10,i10, conf=9: [s0:0.0.0.0:42154, s1:0.0.0.0:36158, s2:0.0.0.0:36910], old=null RUNNING
	at org.apache.ratis.MiniRaftCluster.newIllegalStateExceptionForNoLeaders(MiniRaftCluster.java:506)
	at org.apache.ratis.RaftTestUtil.lambda$waitForLeader$1(RaftTestUtil.java:90)
	at org.apache.ratis.MiniRaftCluster.getLeader(MiniRaftCluster.java:539)
	at org.apache.ratis.MiniRaftCluster.getLeader(MiniRaftCluster.java:532)
	at org.apache.ratis.RaftTestUtil.lambda$waitForLeader$3(RaftTestUtil.java:98)
	at org.apache.ratis.util.JavaUtils.attempt(JavaUtils.java:152)
	at org.apache.ratis.RaftTestUtil.waitForLeader(RaftTestUtil.java:97)
	at org.apache.ratis.RaftTestUtil.waitForLeader(RaftTestUtil.java:77)
	at org.apache.ratis.RaftTestUtil.waitForLeader(RaftTestUtil.java:72)
	at org.apache.ratis.RaftTestUtil.lambda$changeLeader$7(RaftTestUtil.java:363)
	at org.apache.ratis.util.JavaUtils.attempt(JavaUtils.java:152)
	at org.apache.ratis.RaftTestUtil.changeLeader(RaftTestUtil.java:362)
	at org.apache.ratis.server.impl.LeaderElectionTests.testChangeLeader(LeaderElectionTests.java:81)
	at sun.reflect.NativeMethodAccessorImpl.invoke0(Native Method)
	at sun.reflect.NativeMethodAccessorImpl.invoke(NativeMethodAccessorImpl.java:62)
	at sun.reflect.DelegatingMethodAccessorImpl.invoke(DelegatingMethodAccessorImpl.java:43)
	at java.lang.reflect.Method.invoke(Method.java:498)
	at org.junit.runners.model.FrameworkMethod$1.runReflectiveCall(FrameworkMethod.java:50)
	at org.junit.internal.runners.model.ReflectiveCallable.run(ReflectiveCallable.java:12)
	at org.junit.runners.model.FrameworkMethod.invokeExplosively(FrameworkMethod.java:47)
	at org.junit.internal.runners.statements.InvokeMethod.evaluate(InvokeMethod.java:17)
	at org.junit.internal.runners.statements.RunAfters.evaluate(RunAfters.java:27)
	at org.junit.internal.runners.statements.FailOnTimeout$CallableStatement.call(FailOnTimeout.java:298)
	at org.junit.internal.runners.statements.FailOnTimeout$CallableStatement.call(FailOnTimeout.java:292)
	at java.util.concurrent.FutureTask.run(FutureTask.java:266)
	at java.lang.Thread.run(Thread.java:748)
2019-09-24 11:59:50,860 INFO  impl.LeaderElection (LeaderElection.java:askForVotes(178)) - s1@group-3D81F66BC438-LeaderElection76: begin an election at term 95 for 11: [s0:0.0.0.0:42154, s1:0.0.0.0:36158, s2:0.0.0.0:36910], old=null
2019-09-24 11:59:50,861 DEBUG impl.RaftServerImpl (RaftServerImpl.java:requestVote(743)) - s0@group-3D81F66BC438: receive requestVote(s1, group-3D81F66BC438, 95, (t:14, i:11))
2019-09-24 11:59:50,861 INFO  impl.RaftServerImpl (RaftServerImpl.java:setRole(170)) - s0@group-3D81F66BC438: changes role from  FOLLOWER to FOLLOWER at term 95 for recognizeCandidate:s1
2019-09-24 11:59:50,861 INFO  impl.RoleInfo (RoleInfo.java:shutdownFollowerState(121)) - s0: shutdown FollowerState
2019-09-24 11:59:50,861 INFO  impl.RoleInfo (RoleInfo.java:updateAndGet(143)) - s0: start FollowerState
2019-09-24 11:59:50,862 INFO  impl.FollowerState (FollowerState.java:run(117)) - s0@group-3D81F66BC438-FollowerState was interrupted: java.lang.InterruptedException: sleep interrupted
2019-09-24 11:59:50,862 DEBUG impl.RaftServerImpl (RaftServerImpl.java:requestVote(775)) - s0@group-3D81F66BC438 replies to vote request: s1<-s0#0:FAIL-t95. Peer's state: s0@group-3D81F66BC438:t95, leader=null, voted=null, raftlog=s0@group-3D81F66BC438-SegmentedRaftLog:OPENED:c11,f12,i12, conf=11: [s0:0.0.0.0:42154, s1:0.0.0.0:36158, s2:0.0.0.0:36910], old=null
2019-09-24 11:59:51,047 INFO  impl.LeaderElection (LeaderElection.java:logAndReturn(56)) - s1@group-3D81F66BC438-LeaderElection76: Election TIMEOUT; received 1 response(s) [s1<-s0#0:FAIL-t95] and 0 exception(s); s1@group-3D81F66BC438:t95, leader=null, voted=s1, raftlog=s1@group-3D81F66BC438-SegmentedRaftLog:OPENED:c10,f11,i11, conf=11: [s0:0.0.0.0:42154, s1:0.0.0.0:36158, s2:0.0.0.0:36910], old=null
2019-09-24 11:59:51,061 INFO  impl.LeaderElection (LeaderElection.java:askForVotes(178)) - s1@group-3D81F66BC438-LeaderElection76: begin an election at term 96 for 11: [s0:0.0.0.0:42154, s1:0.0.0.0:36158, s2:0.0.0.0:36910], old=null
2019-09-24 11:59:51,062 DEBUG impl.RaftServerImpl (RaftServerImpl.java:requestVote(743)) - s0@group-3D81F66BC438: receive requestVote(s1, group-3D81F66BC438, 96, (t:14, i:11))
2019-09-24 11:59:51,063 INFO  impl.RaftServerImpl (RaftServerImpl.java:setRole(170)) - s0@group-3D81F66BC438: changes role from  FOLLOWER to FOLLOWER at term 96 for recognizeCandidate:s1
2019-09-24 11:59:51,063 INFO  impl.RoleInfo (RoleInfo.java:shutdownFollowerState(121)) - s0: shutdown FollowerState
2019-09-24 11:59:51,063 INFO  impl.RoleInfo (RoleInfo.java:updateAndGet(143)) - s0: start FollowerState
2019-09-24 11:59:51,063 INFO  impl.FollowerState (FollowerState.java:run(117)) - s0@group-3D81F66BC438-FollowerState was interrupted: java.lang.InterruptedException: sleep interrupted
2019-09-24 11:59:51,078 DEBUG impl.RaftServerImpl (RaftServerImpl.java:requestVote(775)) - s0@group-3D81F66BC438 replies to vote request: s1<-s0#0:FAIL-t96. Peer's state: s0@group-3D81F66BC438:t96, leader=null, voted=null, raftlog=s0@group-3D81F66BC438-SegmentedRaftLog:OPENED:c11,f12,i12, conf=11: [s0:0.0.0.0:42154, s1:0.0.0.0:36158, s2:0.0.0.0:36910], old=null
2019-09-24 11:59:51,124 INFO  impl.LeaderElection (LeaderElection.java:logAndReturn(56)) - s2@group-3D81F66BC438-LeaderElection72: Election TIMEOUT; received 1 response(s) [s2<-s0#0:FAIL-t95] and 0 exception(s); s2@group-3D81F66BC438:t95, leader=null, voted=s2, raftlog=s2@group-3D81F66BC438-SegmentedRaftLog:OPENED:c10,f10,i10, conf=9: [s0:0.0.0.0:42154, s1:0.0.0.0:36158, s2:0.0.0.0:36910], old=null
2019-09-24 11:59:51,137 INFO  impl.LeaderElection (LeaderElection.java:askForVotes(178)) - s2@group-3D81F66BC438-LeaderElection72: begin an election at term 96 for 9: [s0:0.0.0.0:42154, s1:0.0.0.0:36158, s2:0.0.0.0:36910], old=null
2019-09-24 11:59:51,138 DEBUG impl.RaftServerImpl (RaftServerImpl.java:requestVote(743)) - s0@group-3D81F66BC438: receive requestVote(s2, group-3D81F66BC438, 96, (t:13, i:10))
2019-09-24 11:59:51,138 INFO  impl.RaftServerImpl (RaftServerImpl.java:setRole(170)) - s0@group-3D81F66BC438: changes role from  FOLLOWER to FOLLOWER at term 96 for recognizeCandidate:s2
2019-09-24 11:59:51,138 INFO  impl.RoleInfo (RoleInfo.java:shutdownFollowerState(121)) - s0: shutdown FollowerState
2019-09-24 11:59:51,138 INFO  impl.RoleInfo (RoleInfo.java:updateAndGet(143)) - s0: start FollowerState
2019-09-24 11:59:51,138 INFO  impl.FollowerState (FollowerState.java:run(117)) - s0@group-3D81F66BC438-FollowerState was interrupted: java.lang.InterruptedException: sleep interrupted
2019-09-24 11:59:51,139 DEBUG impl.RaftServerImpl (RaftServerImpl.java:requestVote(775)) - s0@group-3D81F66BC438 replies to vote request: s2<-s0#0:FAIL-t96. Peer's state: s0@group-3D81F66BC438:t96, leader=null, voted=null, raftlog=s0@group-3D81F66BC438-SegmentedRaftLog:OPENED:c11,f12,i12, conf=11: [s0:0.0.0.0:42154, s1:0.0.0.0:36158, s2:0.0.0.0:36910], old=null
2019-09-24 11:59:51,302 INFO  impl.LeaderElection (LeaderElection.java:logAndReturn(56)) - s1@group-3D81F66BC438-LeaderElection76: Election TIMEOUT; received 1 response(s) [s1<-s0#0:FAIL-t96] and 0 exception(s); s1@group-3D81F66BC438:t96, leader=null, voted=s1, raftlog=s1@group-3D81F66BC438-SegmentedRaftLog:OPENED:c10,f11,i11, conf=11: [s0:0.0.0.0:42154, s1:0.0.0.0:36158, s2:0.0.0.0:36910], old=null
2019-09-24 11:59:51,311 WARN  ratis.RaftTestUtil (JavaUtils.java:attempt(158)) - FAILED "waitForLeader-null-(expectLeader? true)", attempt #44/100: java.lang.IllegalStateException: No leader yet : printing ALL groups
  s0:  RUNNING  FOLLOWER s0@group-3D81F66BC438:t96, leader=null, voted=null, raftlog=s0@group-3D81F66BC438-SegmentedRaftLog:OPENED:c11,f12,i12, conf=11: [s0:0.0.0.0:42154, s1:0.0.0.0:36158, s2:0.0.0.0:36910], old=null RUNNING
  s1:  RUNNING CANDIDATE s1@group-3D81F66BC438:t97, leader=null, voted=s1, raftlog=s1@group-3D81F66BC438-SegmentedRaftLog:OPENED:c10,f11,i11, conf=11: [s0:0.0.0.0:42154, s1:0.0.0.0:36158, s2:0.0.0.0:36910], old=null RUNNING
  s2:  RUNNING CANDIDATE s2@group-3D81F66BC438:t96, leader=null, voted=s2, raftlog=s2@group-3D81F66BC438-SegmentedRaftLog:OPENED:c10,f10,i10, conf=9: [s0:0.0.0.0:42154, s1:0.0.0.0:36158, s2:0.0.0.0:36910], old=null RUNNING, sleep 450ms and then retry.
java.lang.IllegalStateException: No leader yet : printing ALL groups
  s0:  RUNNING  FOLLOWER s0@group-3D81F66BC438:t96, leader=null, voted=null, raftlog=s0@group-3D81F66BC438-SegmentedRaftLog:OPENED:c11,f12,i12, conf=11: [s0:0.0.0.0:42154, s1:0.0.0.0:36158, s2:0.0.0.0:36910], old=null RUNNING
  s1:  RUNNING CANDIDATE s1@group-3D81F66BC438:t97, leader=null, voted=s1, raftlog=s1@group-3D81F66BC438-SegmentedRaftLog:OPENED:c10,f11,i11, conf=11: [s0:0.0.0.0:42154, s1:0.0.0.0:36158, s2:0.0.0.0:36910], old=null RUNNING
  s2:  RUNNING CANDIDATE s2@group-3D81F66BC438:t96, leader=null, voted=s2, raftlog=s2@group-3D81F66BC438-SegmentedRaftLog:OPENED:c10,f10,i10, conf=9: [s0:0.0.0.0:42154, s1:0.0.0.0:36158, s2:0.0.0.0:36910], old=null RUNNING
	at org.apache.ratis.MiniRaftCluster.newIllegalStateExceptionForNoLeaders(MiniRaftCluster.java:506)
	at org.apache.ratis.RaftTestUtil.lambda$waitForLeader$1(RaftTestUtil.java:90)
	at org.apache.ratis.MiniRaftCluster.getLeader(MiniRaftCluster.java:539)
	at org.apache.ratis.MiniRaftCluster.getLeader(MiniRaftCluster.java:532)
	at org.apache.ratis.RaftTestUtil.lambda$waitForLeader$3(RaftTestUtil.java:98)
	at org.apache.ratis.util.JavaUtils.attempt(JavaUtils.java:152)
	at org.apache.ratis.RaftTestUtil.waitForLeader(RaftTestUtil.java:97)
	at org.apache.ratis.RaftTestUtil.waitForLeader(RaftTestUtil.java:77)
	at org.apache.ratis.RaftTestUtil.waitForLeader(RaftTestUtil.java:72)
	at org.apache.ratis.RaftTestUtil.lambda$changeLeader$7(RaftTestUtil.java:363)
	at org.apache.ratis.util.JavaUtils.attempt(JavaUtils.java:152)
	at org.apache.ratis.RaftTestUtil.changeLeader(RaftTestUtil.java:362)
	at org.apache.ratis.server.impl.LeaderElectionTests.testChangeLeader(LeaderElectionTests.java:81)
	at sun.reflect.NativeMethodAccessorImpl.invoke0(Native Method)
	at sun.reflect.NativeMethodAccessorImpl.invoke(NativeMethodAccessorImpl.java:62)
	at sun.reflect.DelegatingMethodAccessorImpl.invoke(DelegatingMethodAccessorImpl.java:43)
	at java.lang.reflect.Method.invoke(Method.java:498)
	at org.junit.runners.model.FrameworkMethod$1.runReflectiveCall(FrameworkMethod.java:50)
	at org.junit.internal.runners.model.ReflectiveCallable.run(ReflectiveCallable.java:12)
	at org.junit.runners.model.FrameworkMethod.invokeExplosively(FrameworkMethod.java:47)
	at org.junit.internal.runners.statements.InvokeMethod.evaluate(InvokeMethod.java:17)
	at org.junit.internal.runners.statements.RunAfters.evaluate(RunAfters.java:27)
	at org.junit.internal.runners.statements.FailOnTimeout$CallableStatement.call(FailOnTimeout.java:298)
	at org.junit.internal.runners.statements.FailOnTimeout$CallableStatement.call(FailOnTimeout.java:292)
	at java.util.concurrent.FutureTask.run(FutureTask.java:266)
	at java.lang.Thread.run(Thread.java:748)
2019-09-24 11:59:51,316 INFO  impl.LeaderElection (LeaderElection.java:askForVotes(178)) - s1@group-3D81F66BC438-LeaderElection76: begin an election at term 97 for 11: [s0:0.0.0.0:42154, s1:0.0.0.0:36158, s2:0.0.0.0:36910], old=null
2019-09-24 11:59:51,317 DEBUG impl.RaftServerImpl (RaftServerImpl.java:requestVote(743)) - s0@group-3D81F66BC438: receive requestVote(s1, group-3D81F66BC438, 97, (t:14, i:11))
2019-09-24 11:59:51,317 INFO  impl.RaftServerImpl (RaftServerImpl.java:setRole(170)) - s0@group-3D81F66BC438: changes role from  FOLLOWER to FOLLOWER at term 97 for recognizeCandidate:s1
2019-09-24 11:59:51,317 INFO  impl.RoleInfo (RoleInfo.java:shutdownFollowerState(121)) - s0: shutdown FollowerState
2019-09-24 11:59:51,317 INFO  impl.RoleInfo (RoleInfo.java:updateAndGet(143)) - s0: start FollowerState
2019-09-24 11:59:51,317 INFO  impl.FollowerState (FollowerState.java:run(117)) - s0@group-3D81F66BC438-FollowerState was interrupted: java.lang.InterruptedException: sleep interrupted
2019-09-24 11:59:51,332 DEBUG impl.RaftServerImpl (RaftServerImpl.java:requestVote(775)) - s0@group-3D81F66BC438 replies to vote request: s1<-s0#0:FAIL-t97. Peer's state: s0@group-3D81F66BC438:t97, leader=null, voted=null, raftlog=s0@group-3D81F66BC438-SegmentedRaftLog:OPENED:c11,f12,i12, conf=11: [s0:0.0.0.0:42154, s1:0.0.0.0:36158, s2:0.0.0.0:36910], old=null
2019-09-24 11:59:51,335 INFO  impl.LeaderElection (LeaderElection.java:logAndReturn(56)) - s2@group-3D81F66BC438-LeaderElection72: Election TIMEOUT; received 1 response(s) [s2<-s0#0:FAIL-t96] and 0 exception(s); s2@group-3D81F66BC438:t96, leader=null, voted=s2, raftlog=s2@group-3D81F66BC438-SegmentedRaftLog:OPENED:c10,f10,i10, conf=9: [s0:0.0.0.0:42154, s1:0.0.0.0:36158, s2:0.0.0.0:36910], old=null
2019-09-24 11:59:51,348 INFO  impl.LeaderElection (LeaderElection.java:askForVotes(178)) - s2@group-3D81F66BC438-LeaderElection72: begin an election at term 97 for 9: [s0:0.0.0.0:42154, s1:0.0.0.0:36158, s2:0.0.0.0:36910], old=null
2019-09-24 11:59:51,348 DEBUG impl.RaftServerImpl (RaftServerImpl.java:requestVote(743)) - s0@group-3D81F66BC438: receive requestVote(s2, group-3D81F66BC438, 97, (t:13, i:10))
2019-09-24 11:59:51,349 INFO  impl.RaftServerImpl (RaftServerImpl.java:setRole(170)) - s0@group-3D81F66BC438: changes role from  FOLLOWER to FOLLOWER at term 97 for recognizeCandidate:s2
2019-09-24 11:59:51,349 INFO  impl.RoleInfo (RoleInfo.java:shutdownFollowerState(121)) - s0: shutdown FollowerState
2019-09-24 11:59:51,349 INFO  impl.RoleInfo (RoleInfo.java:updateAndGet(143)) - s0: start FollowerState
2019-09-24 11:59:51,349 INFO  impl.FollowerState (FollowerState.java:run(117)) - s0@group-3D81F66BC438-FollowerState was interrupted: java.lang.InterruptedException: sleep interrupted
2019-09-24 11:59:51,349 DEBUG impl.RaftServerImpl (RaftServerImpl.java:requestVote(775)) - s0@group-3D81F66BC438 replies to vote request: s2<-s0#0:FAIL-t97. Peer's state: s0@group-3D81F66BC438:t97, leader=null, voted=null, raftlog=s0@group-3D81F66BC438-SegmentedRaftLog:OPENED:c11,f12,i12, conf=11: [s0:0.0.0.0:42154, s1:0.0.0.0:36158, s2:0.0.0.0:36910], old=null
2019-09-24 11:59:51,537 INFO  impl.FollowerState (FollowerState.java:run(108)) - s0@group-3D81F66BC438-FollowerState: change to CANDIDATE, lastRpcTime:187ms, electionTimeout:187ms
2019-09-24 11:59:51,537 INFO  impl.RoleInfo (RoleInfo.java:shutdownFollowerState(121)) - s0: shutdown FollowerState
2019-09-24 11:59:51,537 INFO  impl.RaftServerImpl (RaftServerImpl.java:setRole(170)) - s0@group-3D81F66BC438: changes role from  FOLLOWER to CANDIDATE at term 97 for changeToCandidate
2019-09-24 11:59:51,537 INFO  impl.RoleInfo (RoleInfo.java:updateAndGet(143)) - s0: start LeaderElection
2019-09-24 11:59:51,551 INFO  impl.LeaderElection (LeaderElection.java:askForVotes(178)) - s0@group-3D81F66BC438-LeaderElection78: begin an election at term 98 for 11: [s0:0.0.0.0:42154, s1:0.0.0.0:36158, s2:0.0.0.0:36910], old=null
2019-09-24 11:59:51,578 INFO  impl.LeaderElection (LeaderElection.java:logAndReturn(56)) - s1@group-3D81F66BC438-LeaderElection76: Election TIMEOUT; received 1 response(s) [s1<-s0#0:FAIL-t97] and 0 exception(s); s1@group-3D81F66BC438:t97, leader=null, voted=s1, raftlog=s1@group-3D81F66BC438-SegmentedRaftLog:OPENED:c10,f11,i11, conf=11: [s0:0.0.0.0:42154, s1:0.0.0.0:36158, s2:0.0.0.0:36910], old=null
2019-09-24 11:59:51,592 INFO  impl.LeaderElection (LeaderElection.java:askForVotes(178)) - s1@group-3D81F66BC438-LeaderElection76: begin an election at term 98 for 11: [s0:0.0.0.0:42154, s1:0.0.0.0:36158, s2:0.0.0.0:36910], old=null
2019-09-24 11:59:51,593 DEBUG impl.RaftServerImpl (RaftServerImpl.java:requestVote(743)) - s0@group-3D81F66BC438: receive requestVote(s1, group-3D81F66BC438, 98, (t:14, i:11))
2019-09-24 11:59:51,593 DEBUG impl.RaftServerImpl (RaftServerImpl.java:requestVote(775)) - s0@group-3D81F66BC438 replies to vote request: s1<-s0#0:FAIL-t98. Peer's state: s0@group-3D81F66BC438:t98, leader=null, voted=s0, raftlog=s0@group-3D81F66BC438-SegmentedRaftLog:OPENED:c11,f12,i12, conf=11: [s0:0.0.0.0:42154, s1:0.0.0.0:36158, s2:0.0.0.0:36910], old=null
2019-09-24 11:59:51,643 INFO  impl.LeaderElection (LeaderElection.java:logAndReturn(56)) - s2@group-3D81F66BC438-LeaderElection72: Election TIMEOUT; received 1 response(s) [s2<-s0#0:FAIL-t97] and 0 exception(s); s2@group-3D81F66BC438:t97, leader=null, voted=s2, raftlog=s2@group-3D81F66BC438-SegmentedRaftLog:OPENED:c10,f10,i10, conf=9: [s0:0.0.0.0:42154, s1:0.0.0.0:36158, s2:0.0.0.0:36910], old=null
2019-09-24 11:59:51,657 INFO  impl.LeaderElection (LeaderElection.java:askForVotes(178)) - s2@group-3D81F66BC438-LeaderElection72: begin an election at term 98 for 9: [s0:0.0.0.0:42154, s1:0.0.0.0:36158, s2:0.0.0.0:36910], old=null
2019-09-24 11:59:51,657 DEBUG impl.RaftServerImpl (RaftServerImpl.java:requestVote(743)) - s0@group-3D81F66BC438: receive requestVote(s2, group-3D81F66BC438, 98, (t:13, i:10))
2019-09-24 11:59:51,657 DEBUG impl.RaftServerImpl (RaftServerImpl.java:requestVote(775)) - s0@group-3D81F66BC438 replies to vote request: s2<-s0#0:FAIL-t98. Peer's state: s0@group-3D81F66BC438:t98, leader=null, voted=s0, raftlog=s0@group-3D81F66BC438-SegmentedRaftLog:OPENED:c11,f12,i12, conf=11: [s0:0.0.0.0:42154, s1:0.0.0.0:36158, s2:0.0.0.0:36910], old=null
2019-09-24 11:59:51,762 WARN  ratis.RaftTestUtil (JavaUtils.java:attempt(158)) - FAILED "waitForLeader-null-(expectLeader? true)", attempt #45/100: java.lang.IllegalStateException: No leader yet : printing ALL groups
  s0:  RUNNING CANDIDATE s0@group-3D81F66BC438:t98, leader=null, voted=s0, raftlog=s0@group-3D81F66BC438-SegmentedRaftLog:OPENED:c11,f12,i12, conf=11: [s0:0.0.0.0:42154, s1:0.0.0.0:36158, s2:0.0.0.0:36910], old=null RUNNING
  s1:  RUNNING CANDIDATE s1@group-3D81F66BC438:t98, leader=null, voted=s1, raftlog=s1@group-3D81F66BC438-SegmentedRaftLog:OPENED:c10,f11,i11, conf=11: [s0:0.0.0.0:42154, s1:0.0.0.0:36158, s2:0.0.0.0:36910], old=null RUNNING
  s2:  RUNNING CANDIDATE s2@group-3D81F66BC438:t98, leader=null, voted=s2, raftlog=s2@group-3D81F66BC438-SegmentedRaftLog:OPENED:c10,f10,i10, conf=9: [s0:0.0.0.0:42154, s1:0.0.0.0:36158, s2:0.0.0.0:36910], old=null RUNNING, sleep 450ms and then retry.
java.lang.IllegalStateException: No leader yet : printing ALL groups
  s0:  RUNNING CANDIDATE s0@group-3D81F66BC438:t98, leader=null, voted=s0, raftlog=s0@group-3D81F66BC438-SegmentedRaftLog:OPENED:c11,f12,i12, conf=11: [s0:0.0.0.0:42154, s1:0.0.0.0:36158, s2:0.0.0.0:36910], old=null RUNNING
  s1:  RUNNING CANDIDATE s1@group-3D81F66BC438:t98, leader=null, voted=s1, raftlog=s1@group-3D81F66BC438-SegmentedRaftLog:OPENED:c10,f11,i11, conf=11: [s0:0.0.0.0:42154, s1:0.0.0.0:36158, s2:0.0.0.0:36910], old=null RUNNING
  s2:  RUNNING CANDIDATE s2@group-3D81F66BC438:t98, leader=null, voted=s2, raftlog=s2@group-3D81F66BC438-SegmentedRaftLog:OPENED:c10,f10,i10, conf=9: [s0:0.0.0.0:42154, s1:0.0.0.0:36158, s2:0.0.0.0:36910], old=null RUNNING
	at org.apache.ratis.MiniRaftCluster.newIllegalStateExceptionForNoLeaders(MiniRaftCluster.java:506)
	at org.apache.ratis.RaftTestUtil.lambda$waitForLeader$1(RaftTestUtil.java:90)
	at org.apache.ratis.MiniRaftCluster.getLeader(MiniRaftCluster.java:539)
	at org.apache.ratis.MiniRaftCluster.getLeader(MiniRaftCluster.java:532)
	at org.apache.ratis.RaftTestUtil.lambda$waitForLeader$3(RaftTestUtil.java:98)
	at org.apache.ratis.util.JavaUtils.attempt(JavaUtils.java:152)
	at org.apache.ratis.RaftTestUtil.waitForLeader(RaftTestUtil.java:97)
	at org.apache.ratis.RaftTestUtil.waitForLeader(RaftTestUtil.java:77)
	at org.apache.ratis.RaftTestUtil.waitForLeader(RaftTestUtil.java:72)
	at org.apache.ratis.RaftTestUtil.lambda$changeLeader$7(RaftTestUtil.java:363)
	at org.apache.ratis.util.JavaUtils.attempt(JavaUtils.java:152)
	at org.apache.ratis.RaftTestUtil.changeLeader(RaftTestUtil.java:362)
	at org.apache.ratis.server.impl.LeaderElectionTests.testChangeLeader(LeaderElectionTests.java:81)
	at sun.reflect.NativeMethodAccessorImpl.invoke0(Native Method)
	at sun.reflect.NativeMethodAccessorImpl.invoke(NativeMethodAccessorImpl.java:62)
	at sun.reflect.DelegatingMethodAccessorImpl.invoke(DelegatingMethodAccessorImpl.java:43)
	at java.lang.reflect.Method.invoke(Method.java:498)
	at org.junit.runners.model.FrameworkMethod$1.runReflectiveCall(FrameworkMethod.java:50)
	at org.junit.internal.runners.model.ReflectiveCallable.run(ReflectiveCallable.java:12)
	at org.junit.runners.model.FrameworkMethod.invokeExplosively(FrameworkMethod.java:47)
	at org.junit.internal.runners.statements.InvokeMethod.evaluate(InvokeMethod.java:17)
	at org.junit.internal.runners.statements.RunAfters.evaluate(RunAfters.java:27)
	at org.junit.internal.runners.statements.FailOnTimeout$CallableStatement.call(FailOnTimeout.java:298)
	at org.junit.internal.runners.statements.FailOnTimeout$CallableStatement.call(FailOnTimeout.java:292)
	at java.util.concurrent.FutureTask.run(FutureTask.java:266)
	at java.lang.Thread.run(Thread.java:748)
2019-09-24 11:59:51,836 INFO  impl.LeaderElection (LeaderElection.java:logAndReturn(56)) - s0@group-3D81F66BC438-LeaderElection78: Election TIMEOUT; received 0 response(s) [] and 0 exception(s); s0@group-3D81F66BC438:t98, leader=null, voted=s0, raftlog=s0@group-3D81F66BC438-SegmentedRaftLog:OPENED:c11,f12,i12, conf=11: [s0:0.0.0.0:42154, s1:0.0.0.0:36158, s2:0.0.0.0:36910], old=null
2019-09-24 11:59:51,850 INFO  impl.LeaderElection (LeaderElection.java:askForVotes(178)) - s0@group-3D81F66BC438-LeaderElection78: begin an election at term 99 for 11: [s0:0.0.0.0:42154, s1:0.0.0.0:36158, s2:0.0.0.0:36910], old=null
2019-09-24 11:59:51,859 INFO  impl.LeaderElection (LeaderElection.java:logAndReturn(56)) - s1@group-3D81F66BC438-LeaderElection76: Election TIMEOUT; received 1 response(s) [s1<-s0#0:FAIL-t98] and 0 exception(s); s1@group-3D81F66BC438:t98, leader=null, voted=s1, raftlog=s1@group-3D81F66BC438-SegmentedRaftLog:OPENED:c10,f11,i11, conf=11: [s0:0.0.0.0:42154, s1:0.0.0.0:36158, s2:0.0.0.0:36910], old=null
2019-09-24 11:59:51,874 INFO  impl.LeaderElection (LeaderElection.java:askForVotes(178)) - s1@group-3D81F66BC438-LeaderElection76: begin an election at term 99 for 11: [s0:0.0.0.0:42154, s1:0.0.0.0:36158, s2:0.0.0.0:36910], old=null
2019-09-24 11:59:51,874 DEBUG impl.RaftServerImpl (RaftServerImpl.java:requestVote(743)) - s0@group-3D81F66BC438: receive requestVote(s1, group-3D81F66BC438, 99, (t:14, i:11))
2019-09-24 11:59:51,874 DEBUG impl.RaftServerImpl (RaftServerImpl.java:requestVote(775)) - s0@group-3D81F66BC438 replies to vote request: s1<-s0#0:FAIL-t99. Peer's state: s0@group-3D81F66BC438:t99, leader=null, voted=s0, raftlog=s0@group-3D81F66BC438-SegmentedRaftLog:OPENED:c11,f12,i12, conf=11: [s0:0.0.0.0:42154, s1:0.0.0.0:36158, s2:0.0.0.0:36910], old=null
2019-09-24 11:59:51,934 INFO  impl.LeaderElection (LeaderElection.java:logAndReturn(56)) - s2@group-3D81F66BC438-LeaderElection72: Election TIMEOUT; received 1 response(s) [s2<-s0#0:FAIL-t98] and 0 exception(s); s2@group-3D81F66BC438:t98, leader=null, voted=s2, raftlog=s2@group-3D81F66BC438-SegmentedRaftLog:OPENED:c10,f10,i10, conf=9: [s0:0.0.0.0:42154, s1:0.0.0.0:36158, s2:0.0.0.0:36910], old=null
2019-09-24 11:59:51,950 INFO  impl.LeaderElection (LeaderElection.java:askForVotes(178)) - s2@group-3D81F66BC438-LeaderElection72: begin an election at term 99 for 9: [s0:0.0.0.0:42154, s1:0.0.0.0:36158, s2:0.0.0.0:36910], old=null
2019-09-24 11:59:51,950 DEBUG impl.RaftServerImpl (RaftServerImpl.java:requestVote(743)) - s0@group-3D81F66BC438: receive requestVote(s2, group-3D81F66BC438, 99, (t:13, i:10))
2019-09-24 11:59:51,950 DEBUG impl.RaftServerImpl (RaftServerImpl.java:requestVote(775)) - s0@group-3D81F66BC438 replies to vote request: s2<-s0#0:FAIL-t99. Peer's state: s0@group-3D81F66BC438:t99, leader=null, voted=s0, raftlog=s0@group-3D81F66BC438-SegmentedRaftLog:OPENED:c11,f12,i12, conf=11: [s0:0.0.0.0:42154, s1:0.0.0.0:36158, s2:0.0.0.0:36910], old=null
2019-09-24 11:59:52,035 INFO  impl.LeaderElection (LeaderElection.java:logAndReturn(56)) - s1@group-3D81F66BC438-LeaderElection76: Election TIMEOUT; received 1 response(s) [s1<-s0#0:FAIL-t99] and 0 exception(s); s1@group-3D81F66BC438:t99, leader=null, voted=s1, raftlog=s1@group-3D81F66BC438-SegmentedRaftLog:OPENED:c10,f11,i11, conf=11: [s0:0.0.0.0:42154, s1:0.0.0.0:36158, s2:0.0.0.0:36910], old=null
2019-09-24 11:59:52,048 INFO  impl.LeaderElection (LeaderElection.java:askForVotes(178)) - s1@group-3D81F66BC438-LeaderElection76: begin an election at term 100 for 11: [s0:0.0.0.0:42154, s1:0.0.0.0:36158, s2:0.0.0.0:36910], old=null
2019-09-24 11:59:52,049 DEBUG impl.RaftServerImpl (RaftServerImpl.java:requestVote(743)) - s0@group-3D81F66BC438: receive requestVote(s1, group-3D81F66BC438, 100, (t:14, i:11))
2019-09-24 11:59:52,049 INFO  impl.RaftServerImpl (RaftServerImpl.java:setRole(170)) - s0@group-3D81F66BC438: changes role from CANDIDATE to FOLLOWER at term 100 for recognizeCandidate:s1
2019-09-24 11:59:52,049 INFO  impl.RoleInfo (RoleInfo.java:shutdownLeaderElection(134)) - s0: shutdown LeaderElection
2019-09-24 11:59:52,049 INFO  impl.RoleInfo (RoleInfo.java:updateAndGet(143)) - s0: start FollowerState
2019-09-24 11:59:52,060 INFO  impl.LeaderElection (LeaderElection.java:logAndReturn(56)) - s0@group-3D81F66BC438-LeaderElection78: Election REJECTED; received 0 response(s) [] and 0 exception(s); s0@group-3D81F66BC438:t100, leader=null, voted=null, raftlog=s0@group-3D81F66BC438-SegmentedRaftLog:OPENED:c11,f12,i12, conf=11: [s0:0.0.0.0:42154, s1:0.0.0.0:36158, s2:0.0.0.0:36910], old=null
2019-09-24 11:59:52,068 DEBUG impl.RaftServerImpl (RaftServerImpl.java:requestVote(775)) - s0@group-3D81F66BC438 replies to vote request: s1<-s0#0:FAIL-t100. Peer's state: s0@group-3D81F66BC438:t100, leader=null, voted=null, raftlog=s0@group-3D81F66BC438-SegmentedRaftLog:OPENED:c11,f12,i12, conf=11: [s0:0.0.0.0:42154, s1:0.0.0.0:36158, s2:0.0.0.0:36910], old=null
2019-09-24 11:59:52,104 INFO  impl.LeaderElection (LeaderElection.java:logAndReturn(56)) - s2@group-3D81F66BC438-LeaderElection72: Election TIMEOUT; received 1 response(s) [s2<-s0#0:FAIL-t99] and 0 exception(s); s2@group-3D81F66BC438:t99, leader=null, voted=s2, raftlog=s2@group-3D81F66BC438-SegmentedRaftLog:OPENED:c10,f10,i10, conf=9: [s0:0.0.0.0:42154, s1:0.0.0.0:36158, s2:0.0.0.0:36910], old=null
2019-09-24 11:59:52,120 INFO  impl.LeaderElection (LeaderElection.java:askForVotes(178)) - s2@group-3D81F66BC438-LeaderElection72: begin an election at term 100 for 9: [s0:0.0.0.0:42154, s1:0.0.0.0:36158, s2:0.0.0.0:36910], old=null
2019-09-24 11:59:52,120 DEBUG impl.RaftServerImpl (RaftServerImpl.java:requestVote(743)) - s0@group-3D81F66BC438: receive requestVote(s2, group-3D81F66BC438, 100, (t:13, i:10))
2019-09-24 11:59:52,121 INFO  impl.RaftServerImpl (RaftServerImpl.java:setRole(170)) - s0@group-3D81F66BC438: changes role from  FOLLOWER to FOLLOWER at term 100 for recognizeCandidate:s2
2019-09-24 11:59:52,121 INFO  impl.RoleInfo (RoleInfo.java:shutdownFollowerState(121)) - s0: shutdown FollowerState
2019-09-24 11:59:52,121 INFO  impl.RoleInfo (RoleInfo.java:updateAndGet(143)) - s0: start FollowerState
2019-09-24 11:59:52,121 INFO  impl.FollowerState (FollowerState.java:run(117)) - s0@group-3D81F66BC438-FollowerState was interrupted: java.lang.InterruptedException: sleep interrupted
2019-09-24 11:59:52,121 DEBUG impl.RaftServerImpl (RaftServerImpl.java:requestVote(775)) - s0@group-3D81F66BC438 replies to vote request: s2<-s0#0:FAIL-t100. Peer's state: s0@group-3D81F66BC438:t100, leader=null, voted=null, raftlog=s0@group-3D81F66BC438-SegmentedRaftLog:OPENED:c11,f12,i12, conf=11: [s0:0.0.0.0:42154, s1:0.0.0.0:36158, s2:0.0.0.0:36910], old=null
2019-09-24 11:59:52,213 WARN  ratis.RaftTestUtil (JavaUtils.java:attempt(158)) - FAILED "waitForLeader-null-(expectLeader? true)", attempt #46/100: java.lang.IllegalStateException: No leader yet : printing ALL groups
  s0:  RUNNING  FOLLOWER s0@group-3D81F66BC438:t100, leader=null, voted=null, raftlog=s0@group-3D81F66BC438-SegmentedRaftLog:OPENED:c11,f12,i12, conf=11: [s0:0.0.0.0:42154, s1:0.0.0.0:36158, s2:0.0.0.0:36910], old=null RUNNING
  s1:  RUNNING CANDIDATE s1@group-3D81F66BC438:t100, leader=null, voted=s1, raftlog=s1@group-3D81F66BC438-SegmentedRaftLog:OPENED:c10,f11,i11, conf=11: [s0:0.0.0.0:42154, s1:0.0.0.0:36158, s2:0.0.0.0:36910], old=null RUNNING
  s2:  RUNNING CANDIDATE s2@group-3D81F66BC438:t100, leader=null, voted=s2, raftlog=s2@group-3D81F66BC438-SegmentedRaftLog:OPENED:c10,f10,i10, conf=9: [s0:0.0.0.0:42154, s1:0.0.0.0:36158, s2:0.0.0.0:36910], old=null RUNNING, sleep 450ms and then retry.
java.lang.IllegalStateException: No leader yet : printing ALL groups
  s0:  RUNNING  FOLLOWER s0@group-3D81F66BC438:t100, leader=null, voted=null, raftlog=s0@group-3D81F66BC438-SegmentedRaftLog:OPENED:c11,f12,i12, conf=11: [s0:0.0.0.0:42154, s1:0.0.0.0:36158, s2:0.0.0.0:36910], old=null RUNNING
  s1:  RUNNING CANDIDATE s1@group-3D81F66BC438:t100, leader=null, voted=s1, raftlog=s1@group-3D81F66BC438-SegmentedRaftLog:OPENED:c10,f11,i11, conf=11: [s0:0.0.0.0:42154, s1:0.0.0.0:36158, s2:0.0.0.0:36910], old=null RUNNING
  s2:  RUNNING CANDIDATE s2@group-3D81F66BC438:t100, leader=null, voted=s2, raftlog=s2@group-3D81F66BC438-SegmentedRaftLog:OPENED:c10,f10,i10, conf=9: [s0:0.0.0.0:42154, s1:0.0.0.0:36158, s2:0.0.0.0:36910], old=null RUNNING
	at org.apache.ratis.MiniRaftCluster.newIllegalStateExceptionForNoLeaders(MiniRaftCluster.java:506)
	at org.apache.ratis.RaftTestUtil.lambda$waitForLeader$1(RaftTestUtil.java:90)
	at org.apache.ratis.MiniRaftCluster.getLeader(MiniRaftCluster.java:539)
	at org.apache.ratis.MiniRaftCluster.getLeader(MiniRaftCluster.java:532)
	at org.apache.ratis.RaftTestUtil.lambda$waitForLeader$3(RaftTestUtil.java:98)
	at org.apache.ratis.util.JavaUtils.attempt(JavaUtils.java:152)
	at org.apache.ratis.RaftTestUtil.waitForLeader(RaftTestUtil.java:97)
	at org.apache.ratis.RaftTestUtil.waitForLeader(RaftTestUtil.java:77)
	at org.apache.ratis.RaftTestUtil.waitForLeader(RaftTestUtil.java:72)
	at org.apache.ratis.RaftTestUtil.lambda$changeLeader$7(RaftTestUtil.java:363)
	at org.apache.ratis.util.JavaUtils.attempt(JavaUtils.java:152)
	at org.apache.ratis.RaftTestUtil.changeLeader(RaftTestUtil.java:362)
	at org.apache.ratis.server.impl.LeaderElectionTests.testChangeLeader(LeaderElectionTests.java:81)
	at sun.reflect.NativeMethodAccessorImpl.invoke0(Native Method)
	at sun.reflect.NativeMethodAccessorImpl.invoke(NativeMethodAccessorImpl.java:62)
	at sun.reflect.DelegatingMethodAccessorImpl.invoke(DelegatingMethodAccessorImpl.java:43)
	at java.lang.reflect.Method.invoke(Method.java:498)
	at org.junit.runners.model.FrameworkMethod$1.runReflectiveCall(FrameworkMethod.java:50)
	at org.junit.internal.runners.model.ReflectiveCallable.run(ReflectiveCallable.java:12)
	at org.junit.runners.model.FrameworkMethod.invokeExplosively(FrameworkMethod.java:47)
	at org.junit.internal.runners.statements.InvokeMethod.evaluate(InvokeMethod.java:17)
	at org.junit.internal.runners.statements.RunAfters.evaluate(RunAfters.java:27)
	at org.junit.internal.runners.statements.FailOnTimeout$CallableStatement.call(FailOnTimeout.java:298)
	at org.junit.internal.runners.statements.FailOnTimeout$CallableStatement.call(FailOnTimeout.java:292)
	at java.util.concurrent.FutureTask.run(FutureTask.java:266)
	at java.lang.Thread.run(Thread.java:748)
2019-09-24 11:59:52,229 INFO  impl.LeaderElection (LeaderElection.java:logAndReturn(56)) - s1@group-3D81F66BC438-LeaderElection76: Election TIMEOUT; received 1 response(s) [s1<-s0#0:FAIL-t100] and 0 exception(s); s1@group-3D81F66BC438:t100, leader=null, voted=s1, raftlog=s1@group-3D81F66BC438-SegmentedRaftLog:OPENED:c10,f11,i11, conf=11: [s0:0.0.0.0:42154, s1:0.0.0.0:36158, s2:0.0.0.0:36910], old=null
2019-09-24 11:59:52,242 INFO  impl.LeaderElection (LeaderElection.java:askForVotes(178)) - s1@group-3D81F66BC438-LeaderElection76: begin an election at term 101 for 11: [s0:0.0.0.0:42154, s1:0.0.0.0:36158, s2:0.0.0.0:36910], old=null
2019-09-24 11:59:52,243 DEBUG impl.RaftServerImpl (RaftServerImpl.java:requestVote(743)) - s0@group-3D81F66BC438: receive requestVote(s1, group-3D81F66BC438, 101, (t:14, i:11))
2019-09-24 11:59:52,243 INFO  impl.RaftServerImpl (RaftServerImpl.java:setRole(170)) - s0@group-3D81F66BC438: changes role from  FOLLOWER to FOLLOWER at term 101 for recognizeCandidate:s1
2019-09-24 11:59:52,243 INFO  impl.RoleInfo (RoleInfo.java:shutdownFollowerState(121)) - s0: shutdown FollowerState
2019-09-24 11:59:52,244 INFO  impl.RoleInfo (RoleInfo.java:updateAndGet(143)) - s0: start FollowerState
2019-09-24 11:59:52,244 INFO  impl.FollowerState (FollowerState.java:run(117)) - s0@group-3D81F66BC438-FollowerState was interrupted: java.lang.InterruptedException: sleep interrupted
2019-09-24 11:59:52,257 DEBUG impl.RaftServerImpl (RaftServerImpl.java:requestVote(775)) - s0@group-3D81F66BC438 replies to vote request: s1<-s0#0:FAIL-t101. Peer's state: s0@group-3D81F66BC438:t101, leader=null, voted=null, raftlog=s0@group-3D81F66BC438-SegmentedRaftLog:OPENED:c11,f12,i12, conf=11: [s0:0.0.0.0:42154, s1:0.0.0.0:36158, s2:0.0.0.0:36910], old=null
2019-09-24 11:59:52,414 INFO  impl.LeaderElection (LeaderElection.java:logAndReturn(56)) - s2@group-3D81F66BC438-LeaderElection72: Election TIMEOUT; received 1 response(s) [s2<-s0#0:FAIL-t100] and 0 exception(s); s2@group-3D81F66BC438:t100, leader=null, voted=s2, raftlog=s2@group-3D81F66BC438-SegmentedRaftLog:OPENED:c10,f10,i10, conf=9: [s0:0.0.0.0:42154, s1:0.0.0.0:36158, s2:0.0.0.0:36910], old=null
2019-09-24 11:59:52,439 INFO  impl.LeaderElection (LeaderElection.java:askForVotes(178)) - s2@group-3D81F66BC438-LeaderElection72: begin an election at term 101 for 9: [s0:0.0.0.0:42154, s1:0.0.0.0:36158, s2:0.0.0.0:36910], old=null
2019-09-24 11:59:52,440 DEBUG impl.RaftServerImpl (RaftServerImpl.java:requestVote(743)) - s0@group-3D81F66BC438: receive requestVote(s2, group-3D81F66BC438, 101, (t:13, i:10))
2019-09-24 11:59:52,440 INFO  impl.RaftServerImpl (RaftServerImpl.java:setRole(170)) - s0@group-3D81F66BC438: changes role from  FOLLOWER to FOLLOWER at term 101 for recognizeCandidate:s2
2019-09-24 11:59:52,440 INFO  impl.RoleInfo (RoleInfo.java:shutdownFollowerState(121)) - s0: shutdown FollowerState
2019-09-24 11:59:52,440 INFO  impl.RoleInfo (RoleInfo.java:updateAndGet(143)) - s0: start FollowerState
2019-09-24 11:59:52,440 INFO  impl.FollowerState (FollowerState.java:run(117)) - s0@group-3D81F66BC438-FollowerState was interrupted: java.lang.InterruptedException: sleep interrupted
2019-09-24 11:59:52,441 DEBUG impl.RaftServerImpl (RaftServerImpl.java:requestVote(775)) - s0@group-3D81F66BC438 replies to vote request: s2<-s0#0:FAIL-t101. Peer's state: s0@group-3D81F66BC438:t101, leader=null, voted=null, raftlog=s0@group-3D81F66BC438-SegmentedRaftLog:OPENED:c11,f12,i12, conf=11: [s0:0.0.0.0:42154, s1:0.0.0.0:36158, s2:0.0.0.0:36910], old=null
2019-09-24 11:59:52,491 INFO  impl.LeaderElection (LeaderElection.java:logAndReturn(56)) - s1@group-3D81F66BC438-LeaderElection76: Election TIMEOUT; received 1 response(s) [s1<-s0#0:FAIL-t101] and 0 exception(s); s1@group-3D81F66BC438:t101, leader=null, voted=s1, raftlog=s1@group-3D81F66BC438-SegmentedRaftLog:OPENED:c10,f11,i11, conf=11: [s0:0.0.0.0:42154, s1:0.0.0.0:36158, s2:0.0.0.0:36910], old=null
2019-09-24 11:59:52,504 INFO  impl.LeaderElection (LeaderElection.java:askForVotes(178)) - s1@group-3D81F66BC438-LeaderElection76: begin an election at term 102 for 11: [s0:0.0.0.0:42154, s1:0.0.0.0:36158, s2:0.0.0.0:36910], old=null
2019-09-24 11:59:52,505 DEBUG impl.RaftServerImpl (RaftServerImpl.java:requestVote(743)) - s0@group-3D81F66BC438: receive requestVote(s1, group-3D81F66BC438, 102, (t:14, i:11))
2019-09-24 11:59:52,505 INFO  impl.RaftServerImpl (RaftServerImpl.java:setRole(170)) - s0@group-3D81F66BC438: changes role from  FOLLOWER to FOLLOWER at term 102 for recognizeCandidate:s1
2019-09-24 11:59:52,505 INFO  impl.RoleInfo (RoleInfo.java:shutdownFollowerState(121)) - s0: shutdown FollowerState
2019-09-24 11:59:52,505 INFO  impl.RoleInfo (RoleInfo.java:updateAndGet(143)) - s0: start FollowerState
2019-09-24 11:59:52,505 INFO  impl.FollowerState (FollowerState.java:run(117)) - s0@group-3D81F66BC438-FollowerState was interrupted: java.lang.InterruptedException: sleep interrupted
2019-09-24 11:59:52,518 DEBUG impl.RaftServerImpl (RaftServerImpl.java:requestVote(775)) - s0@group-3D81F66BC438 replies to vote request: s1<-s0#0:FAIL-t102. Peer's state: s0@group-3D81F66BC438:t102, leader=null, voted=null, raftlog=s0@group-3D81F66BC438-SegmentedRaftLog:OPENED:c11,f12,i12, conf=11: [s0:0.0.0.0:42154, s1:0.0.0.0:36158, s2:0.0.0.0:36910], old=null
2019-09-24 11:59:52,664 WARN  ratis.RaftTestUtil (JavaUtils.java:attempt(158)) - FAILED "waitForLeader-null-(expectLeader? true)", attempt #47/100: java.lang.IllegalStateException: No leader yet : printing ALL groups
  s0:  RUNNING  FOLLOWER s0@group-3D81F66BC438:t102, leader=null, voted=null, raftlog=s0@group-3D81F66BC438-SegmentedRaftLog:OPENED:c11,f12,i12, conf=11: [s0:0.0.0.0:42154, s1:0.0.0.0:36158, s2:0.0.0.0:36910], old=null RUNNING
  s1:  RUNNING CANDIDATE s1@group-3D81F66BC438:t102, leader=null, voted=s1, raftlog=s1@group-3D81F66BC438-SegmentedRaftLog:OPENED:c10,f11,i11, conf=11: [s0:0.0.0.0:42154, s1:0.0.0.0:36158, s2:0.0.0.0:36910], old=null RUNNING
  s2:  RUNNING CANDIDATE s2@group-3D81F66BC438:t101, leader=null, voted=s2, raftlog=s2@group-3D81F66BC438-SegmentedRaftLog:OPENED:c10,f10,i10, conf=9: [s0:0.0.0.0:42154, s1:0.0.0.0:36158, s2:0.0.0.0:36910], old=null RUNNING, sleep 450ms and then retry.
java.lang.IllegalStateException: No leader yet : printing ALL groups
  s0:  RUNNING  FOLLOWER s0@group-3D81F66BC438:t102, leader=null, voted=null, raftlog=s0@group-3D81F66BC438-SegmentedRaftLog:OPENED:c11,f12,i12, conf=11: [s0:0.0.0.0:42154, s1:0.0.0.0:36158, s2:0.0.0.0:36910], old=null RUNNING
  s1:  RUNNING CANDIDATE s1@group-3D81F66BC438:t102, leader=null, voted=s1, raftlog=s1@group-3D81F66BC438-SegmentedRaftLog:OPENED:c10,f11,i11, conf=11: [s0:0.0.0.0:42154, s1:0.0.0.0:36158, s2:0.0.0.0:36910], old=null RUNNING
  s2:  RUNNING CANDIDATE s2@group-3D81F66BC438:t101, leader=null, voted=s2, raftlog=s2@group-3D81F66BC438-SegmentedRaftLog:OPENED:c10,f10,i10, conf=9: [s0:0.0.0.0:42154, s1:0.0.0.0:36158, s2:0.0.0.0:36910], old=null RUNNING
	at org.apache.ratis.MiniRaftCluster.newIllegalStateExceptionForNoLeaders(MiniRaftCluster.java:506)
	at org.apache.ratis.RaftTestUtil.lambda$waitForLeader$1(RaftTestUtil.java:90)
	at org.apache.ratis.MiniRaftCluster.getLeader(MiniRaftCluster.java:539)
	at org.apache.ratis.MiniRaftCluster.getLeader(MiniRaftCluster.java:532)
	at org.apache.ratis.RaftTestUtil.lambda$waitForLeader$3(RaftTestUtil.java:98)
	at org.apache.ratis.util.JavaUtils.attempt(JavaUtils.java:152)
	at org.apache.ratis.RaftTestUtil.waitForLeader(RaftTestUtil.java:97)
	at org.apache.ratis.RaftTestUtil.waitForLeader(RaftTestUtil.java:77)
	at org.apache.ratis.RaftTestUtil.waitForLeader(RaftTestUtil.java:72)
	at org.apache.ratis.RaftTestUtil.lambda$changeLeader$7(RaftTestUtil.java:363)
	at org.apache.ratis.util.JavaUtils.attempt(JavaUtils.java:152)
	at org.apache.ratis.RaftTestUtil.changeLeader(RaftTestUtil.java:362)
	at org.apache.ratis.server.impl.LeaderElectionTests.testChangeLeader(LeaderElectionTests.java:81)
	at sun.reflect.NativeMethodAccessorImpl.invoke0(Native Method)
	at sun.reflect.NativeMethodAccessorImpl.invoke(NativeMethodAccessorImpl.java:62)
	at sun.reflect.DelegatingMethodAccessorImpl.invoke(DelegatingMethodAccessorImpl.java:43)
	at java.lang.reflect.Method.invoke(Method.java:498)
	at org.junit.runners.model.FrameworkMethod$1.runReflectiveCall(FrameworkMethod.java:50)
	at org.junit.internal.runners.model.ReflectiveCallable.run(ReflectiveCallable.java:12)
	at org.junit.runners.model.FrameworkMethod.invokeExplosively(FrameworkMethod.java:47)
	at org.junit.internal.runners.statements.InvokeMethod.evaluate(InvokeMethod.java:17)
	at org.junit.internal.runners.statements.RunAfters.evaluate(RunAfters.java:27)
	at org.junit.internal.runners.statements.FailOnTimeout$CallableStatement.call(FailOnTimeout.java:298)
	at org.junit.internal.runners.statements.FailOnTimeout$CallableStatement.call(FailOnTimeout.java:292)
	at java.util.concurrent.FutureTask.run(FutureTask.java:266)
	at java.lang.Thread.run(Thread.java:748)
2019-09-24 11:59:52,671 INFO  impl.LeaderElection (LeaderElection.java:logAndReturn(56)) - s1@group-3D81F66BC438-LeaderElection76: Election TIMEOUT; received 1 response(s) [s1<-s0#0:FAIL-t102] and 0 exception(s); s1@group-3D81F66BC438:t102, leader=null, voted=s1, raftlog=s1@group-3D81F66BC438-SegmentedRaftLog:OPENED:c10,f11,i11, conf=11: [s0:0.0.0.0:42154, s1:0.0.0.0:36158, s2:0.0.0.0:36910], old=null
2019-09-24 11:59:52,684 INFO  impl.LeaderElection (LeaderElection.java:askForVotes(178)) - s1@group-3D81F66BC438-LeaderElection76: begin an election at term 103 for 11: [s0:0.0.0.0:42154, s1:0.0.0.0:36158, s2:0.0.0.0:36910], old=null
2019-09-24 11:59:52,685 DEBUG impl.RaftServerImpl (RaftServerImpl.java:requestVote(743)) - s0@group-3D81F66BC438: receive requestVote(s1, group-3D81F66BC438, 103, (t:14, i:11))
2019-09-24 11:59:52,685 INFO  impl.RaftServerImpl (RaftServerImpl.java:setRole(170)) - s0@group-3D81F66BC438: changes role from  FOLLOWER to FOLLOWER at term 103 for recognizeCandidate:s1
2019-09-24 11:59:52,685 INFO  impl.RoleInfo (RoleInfo.java:shutdownFollowerState(121)) - s0: shutdown FollowerState
2019-09-24 11:59:52,685 INFO  impl.RoleInfo (RoleInfo.java:updateAndGet(143)) - s0: start FollowerState
2019-09-24 11:59:52,685 INFO  impl.FollowerState (FollowerState.java:run(117)) - s0@group-3D81F66BC438-FollowerState was interrupted: java.lang.InterruptedException: sleep interrupted
2019-09-24 11:59:52,699 DEBUG impl.RaftServerImpl (RaftServerImpl.java:requestVote(775)) - s0@group-3D81F66BC438 replies to vote request: s1<-s0#0:FAIL-t103. Peer's state: s0@group-3D81F66BC438:t103, leader=null, voted=null, raftlog=s0@group-3D81F66BC438-SegmentedRaftLog:OPENED:c11,f12,i12, conf=11: [s0:0.0.0.0:42154, s1:0.0.0.0:36158, s2:0.0.0.0:36910], old=null
2019-09-24 11:59:52,735 INFO  impl.LeaderElection (LeaderElection.java:logAndReturn(56)) - s2@group-3D81F66BC438-LeaderElection72: Election TIMEOUT; received 1 response(s) [s2<-s0#0:FAIL-t101] and 0 exception(s); s2@group-3D81F66BC438:t101, leader=null, voted=s2, raftlog=s2@group-3D81F66BC438-SegmentedRaftLog:OPENED:c10,f10,i10, conf=9: [s0:0.0.0.0:42154, s1:0.0.0.0:36158, s2:0.0.0.0:36910], old=null
2019-09-24 11:59:52,748 INFO  impl.LeaderElection (LeaderElection.java:askForVotes(178)) - s2@group-3D81F66BC438-LeaderElection72: begin an election at term 102 for 9: [s0:0.0.0.0:42154, s1:0.0.0.0:36158, s2:0.0.0.0:36910], old=null
2019-09-24 11:59:52,748 DEBUG impl.RaftServerImpl (RaftServerImpl.java:requestVote(743)) - s0@group-3D81F66BC438: receive requestVote(s2, group-3D81F66BC438, 102, (t:13, i:10))
2019-09-24 11:59:52,749 DEBUG impl.RaftServerImpl (RaftServerImpl.java:requestVote(775)) - s0@group-3D81F66BC438 replies to vote request: s2<-s0#0:FAIL-t103. Peer's state: s0@group-3D81F66BC438:t103, leader=null, voted=null, raftlog=s0@group-3D81F66BC438-SegmentedRaftLog:OPENED:c11,f12,i12, conf=11: [s0:0.0.0.0:42154, s1:0.0.0.0:36158, s2:0.0.0.0:36910], old=null
2019-09-24 11:59:52,749 INFO  impl.LeaderElection (LeaderElection.java:logAndReturn(56)) - s2@group-3D81F66BC438-LeaderElection72: Election DISCOVERED_A_NEW_TERM; received 1 response(s) [s2<-s0#0:FAIL-t103] and 0 exception(s); s2@group-3D81F66BC438:t102, leader=null, voted=s2, raftlog=s2@group-3D81F66BC438-SegmentedRaftLog:OPENED:c10,f10,i10, conf=9: [s0:0.0.0.0:42154, s1:0.0.0.0:36158, s2:0.0.0.0:36910], old=null
2019-09-24 11:59:52,749 INFO  impl.RaftServerImpl (RaftServerImpl.java:setRole(170)) - s2@group-3D81F66BC438: changes role from CANDIDATE to FOLLOWER at term 103 for DISCOVERED_A_NEW_TERM
2019-09-24 11:59:52,749 INFO  impl.RoleInfo (RoleInfo.java:shutdownLeaderElection(134)) - s2: shutdown LeaderElection
2019-09-24 11:59:52,750 INFO  impl.RoleInfo (RoleInfo.java:updateAndGet(143)) - s2: start FollowerState
2019-09-24 11:59:52,889 INFO  impl.LeaderElection (LeaderElection.java:logAndReturn(56)) - s1@group-3D81F66BC438-LeaderElection76: Election TIMEOUT; received 1 response(s) [s1<-s0#0:FAIL-t103] and 0 exception(s); s1@group-3D81F66BC438:t103, leader=null, voted=s1, raftlog=s1@group-3D81F66BC438-SegmentedRaftLog:OPENED:c10,f11,i11, conf=11: [s0:0.0.0.0:42154, s1:0.0.0.0:36158, s2:0.0.0.0:36910], old=null
2019-09-24 11:59:52,915 INFO  impl.LeaderElection (LeaderElection.java:askForVotes(178)) - s1@group-3D81F66BC438-LeaderElection76: begin an election at term 104 for 11: [s0:0.0.0.0:42154, s1:0.0.0.0:36158, s2:0.0.0.0:36910], old=null
2019-09-24 11:59:52,916 DEBUG impl.RaftServerImpl (RaftServerImpl.java:requestVote(743)) - s0@group-3D81F66BC438: receive requestVote(s1, group-3D81F66BC438, 104, (t:14, i:11))
2019-09-24 11:59:52,916 INFO  impl.RaftServerImpl (RaftServerImpl.java:setRole(170)) - s0@group-3D81F66BC438: changes role from  FOLLOWER to FOLLOWER at term 104 for recognizeCandidate:s1
2019-09-24 11:59:52,916 INFO  impl.RoleInfo (RoleInfo.java:shutdownFollowerState(121)) - s0: shutdown FollowerState
2019-09-24 11:59:52,916 INFO  impl.RoleInfo (RoleInfo.java:updateAndGet(143)) - s0: start FollowerState
2019-09-24 11:59:52,916 INFO  impl.FollowerState (FollowerState.java:run(117)) - s0@group-3D81F66BC438-FollowerState was interrupted: java.lang.InterruptedException: sleep interrupted
2019-09-24 11:59:52,931 DEBUG impl.RaftServerImpl (RaftServerImpl.java:requestVote(775)) - s0@group-3D81F66BC438 replies to vote request: s1<-s0#0:FAIL-t104. Peer's state: s0@group-3D81F66BC438:t104, leader=null, voted=null, raftlog=s0@group-3D81F66BC438-SegmentedRaftLog:OPENED:c11,f12,i12, conf=11: [s0:0.0.0.0:42154, s1:0.0.0.0:36158, s2:0.0.0.0:36910], old=null
2019-09-24 11:59:53,034 INFO  impl.FollowerState (FollowerState.java:run(108)) - s2@group-3D81F66BC438-FollowerState: change to CANDIDATE, lastRpcTime:284ms, electionTimeout:284ms
2019-09-24 11:59:53,034 INFO  impl.RoleInfo (RoleInfo.java:shutdownFollowerState(121)) - s2: shutdown FollowerState
2019-09-24 11:59:53,035 INFO  impl.RaftServerImpl (RaftServerImpl.java:setRole(170)) - s2@group-3D81F66BC438: changes role from  FOLLOWER to CANDIDATE at term 103 for changeToCandidate
2019-09-24 11:59:53,035 INFO  impl.RoleInfo (RoleInfo.java:updateAndGet(143)) - s2: start LeaderElection
2019-09-24 11:59:53,050 INFO  impl.LeaderElection (LeaderElection.java:askForVotes(178)) - s2@group-3D81F66BC438-LeaderElection79: begin an election at term 104 for 9: [s0:0.0.0.0:42154, s1:0.0.0.0:36158, s2:0.0.0.0:36910], old=null
2019-09-24 11:59:53,050 DEBUG impl.RaftServerImpl (RaftServerImpl.java:requestVote(743)) - s0@group-3D81F66BC438: receive requestVote(s2, group-3D81F66BC438, 104, (t:13, i:10))
2019-09-24 11:59:53,051 INFO  impl.RaftServerImpl (RaftServerImpl.java:setRole(170)) - s0@group-3D81F66BC438: changes role from  FOLLOWER to FOLLOWER at term 104 for recognizeCandidate:s2
2019-09-24 11:59:53,051 INFO  impl.RoleInfo (RoleInfo.java:shutdownFollowerState(121)) - s0: shutdown FollowerState
2019-09-24 11:59:53,051 INFO  impl.RoleInfo (RoleInfo.java:updateAndGet(143)) - s0: start FollowerState
2019-09-24 11:59:53,051 INFO  impl.FollowerState (FollowerState.java:run(117)) - s0@group-3D81F66BC438-FollowerState was interrupted: java.lang.InterruptedException: sleep interrupted
2019-09-24 11:59:53,051 DEBUG impl.RaftServerImpl (RaftServerImpl.java:requestVote(775)) - s0@group-3D81F66BC438 replies to vote request: s2<-s0#0:FAIL-t104. Peer's state: s0@group-3D81F66BC438:t104, leader=null, voted=null, raftlog=s0@group-3D81F66BC438-SegmentedRaftLog:OPENED:c11,f12,i12, conf=11: [s0:0.0.0.0:42154, s1:0.0.0.0:36158, s2:0.0.0.0:36910], old=null
2019-09-24 11:59:53,088 INFO  impl.LeaderElection (LeaderElection.java:logAndReturn(56)) - s1@group-3D81F66BC438-LeaderElection76: Election TIMEOUT; received 1 response(s) [s1<-s0#0:FAIL-t104] and 0 exception(s); s1@group-3D81F66BC438:t104, leader=null, voted=s1, raftlog=s1@group-3D81F66BC438-SegmentedRaftLog:OPENED:c10,f11,i11, conf=11: [s0:0.0.0.0:42154, s1:0.0.0.0:36158, s2:0.0.0.0:36910], old=null
2019-09-24 11:59:53,101 INFO  impl.LeaderElection (LeaderElection.java:askForVotes(178)) - s1@group-3D81F66BC438-LeaderElection76: begin an election at term 105 for 11: [s0:0.0.0.0:42154, s1:0.0.0.0:36158, s2:0.0.0.0:36910], old=null
2019-09-24 11:59:53,102 DEBUG impl.RaftServerImpl (RaftServerImpl.java:requestVote(743)) - s0@group-3D81F66BC438: receive requestVote(s1, group-3D81F66BC438, 105, (t:14, i:11))
2019-09-24 11:59:53,102 INFO  impl.RaftServerImpl (RaftServerImpl.java:setRole(170)) - s0@group-3D81F66BC438: changes role from  FOLLOWER to FOLLOWER at term 105 for recognizeCandidate:s1
2019-09-24 11:59:53,102 INFO  impl.RoleInfo (RoleInfo.java:shutdownFollowerState(121)) - s0: shutdown FollowerState
2019-09-24 11:59:53,102 INFO  impl.RoleInfo (RoleInfo.java:updateAndGet(143)) - s0: start FollowerState
2019-09-24 11:59:53,103 INFO  impl.FollowerState (FollowerState.java:run(117)) - s0@group-3D81F66BC438-FollowerState was interrupted: java.lang.InterruptedException: sleep interrupted
2019-09-24 11:59:53,115 WARN  ratis.RaftTestUtil (JavaUtils.java:attempt(158)) - FAILED "waitForLeader-null-(expectLeader? true)", attempt #48/100: java.lang.IllegalStateException: No leader yet : printing ALL groups
  s0:  RUNNING  FOLLOWER s0@group-3D81F66BC438:t105, leader=null, voted=null, raftlog=s0@group-3D81F66BC438-SegmentedRaftLog:OPENED:c11,f12,i12, conf=11: [s0:0.0.0.0:42154, s1:0.0.0.0:36158, s2:0.0.0.0:36910], old=null RUNNING
  s1:  RUNNING CANDIDATE s1@group-3D81F66BC438:t105, leader=null, voted=s1, raftlog=s1@group-3D81F66BC438-SegmentedRaftLog:OPENED:c10,f11,i11, conf=11: [s0:0.0.0.0:42154, s1:0.0.0.0:36158, s2:0.0.0.0:36910], old=null RUNNING
  s2:  RUNNING CANDIDATE s2@group-3D81F66BC438:t104, leader=null, voted=s2, raftlog=s2@group-3D81F66BC438-SegmentedRaftLog:OPENED:c10,f10,i10, conf=9: [s0:0.0.0.0:42154, s1:0.0.0.0:36158, s2:0.0.0.0:36910], old=null RUNNING, sleep 450ms and then retry.
java.lang.IllegalStateException: No leader yet : printing ALL groups
  s0:  RUNNING  FOLLOWER s0@group-3D81F66BC438:t105, leader=null, voted=null, raftlog=s0@group-3D81F66BC438-SegmentedRaftLog:OPENED:c11,f12,i12, conf=11: [s0:0.0.0.0:42154, s1:0.0.0.0:36158, s2:0.0.0.0:36910], old=null RUNNING
  s1:  RUNNING CANDIDATE s1@group-3D81F66BC438:t105, leader=null, voted=s1, raftlog=s1@group-3D81F66BC438-SegmentedRaftLog:OPENED:c10,f11,i11, conf=11: [s0:0.0.0.0:42154, s1:0.0.0.0:36158, s2:0.0.0.0:36910], old=null RUNNING
  s2:  RUNNING CANDIDATE s2@group-3D81F66BC438:t104, leader=null, voted=s2, raftlog=s2@group-3D81F66BC438-SegmentedRaftLog:OPENED:c10,f10,i10, conf=9: [s0:0.0.0.0:42154, s1:0.0.0.0:36158, s2:0.0.0.0:36910], old=null RUNNING
	at org.apache.ratis.MiniRaftCluster.newIllegalStateExceptionForNoLeaders(MiniRaftCluster.java:506)
	at org.apache.ratis.RaftTestUtil.lambda$waitForLeader$1(RaftTestUtil.java:90)
	at org.apache.ratis.MiniRaftCluster.getLeader(MiniRaftCluster.java:539)
	at org.apache.ratis.MiniRaftCluster.getLeader(MiniRaftCluster.java:532)
	at org.apache.ratis.RaftTestUtil.lambda$waitForLeader$3(RaftTestUtil.java:98)
	at org.apache.ratis.util.JavaUtils.attempt(JavaUtils.java:152)
	at org.apache.ratis.RaftTestUtil.waitForLeader(RaftTestUtil.java:97)
	at org.apache.ratis.RaftTestUtil.waitForLeader(RaftTestUtil.java:77)
	at org.apache.ratis.RaftTestUtil.waitForLeader(RaftTestUtil.java:72)
	at org.apache.ratis.RaftTestUtil.lambda$changeLeader$7(RaftTestUtil.java:363)
	at org.apache.ratis.util.JavaUtils.attempt(JavaUtils.java:152)
	at org.apache.ratis.RaftTestUtil.changeLeader(RaftTestUtil.java:362)
	at org.apache.ratis.server.impl.LeaderElectionTests.testChangeLeader(LeaderElectionTests.java:81)
	at sun.reflect.NativeMethodAccessorImpl.invoke0(Native Method)
	at sun.reflect.NativeMethodAccessorImpl.invoke(NativeMethodAccessorImpl.java:62)
	at sun.reflect.DelegatingMethodAccessorImpl.invoke(DelegatingMethodAccessorImpl.java:43)
	at java.lang.reflect.Method.invoke(Method.java:498)
	at org.junit.runners.model.FrameworkMethod$1.runReflectiveCall(FrameworkMethod.java:50)
	at org.junit.internal.runners.model.ReflectiveCallable.run(ReflectiveCallable.java:12)
	at org.junit.runners.model.FrameworkMethod.invokeExplosively(FrameworkMethod.java:47)
	at org.junit.internal.runners.statements.InvokeMethod.evaluate(InvokeMethod.java:17)
	at org.junit.internal.runners.statements.RunAfters.evaluate(RunAfters.java:27)
	at org.junit.internal.runners.statements.FailOnTimeout$CallableStatement.call(FailOnTimeout.java:298)
	at org.junit.internal.runners.statements.FailOnTimeout$CallableStatement.call(FailOnTimeout.java:292)
	at java.util.concurrent.FutureTask.run(FutureTask.java:266)
	at java.lang.Thread.run(Thread.java:748)
2019-09-24 11:59:53,117 DEBUG impl.RaftServerImpl (RaftServerImpl.java:requestVote(775)) - s0@group-3D81F66BC438 replies to vote request: s1<-s0#0:FAIL-t105. Peer's state: s0@group-3D81F66BC438:t105, leader=null, voted=null, raftlog=s0@group-3D81F66BC438-SegmentedRaftLog:OPENED:c11,f12,i12, conf=11: [s0:0.0.0.0:42154, s1:0.0.0.0:36158, s2:0.0.0.0:36910], old=null
2019-09-24 11:59:53,280 INFO  impl.LeaderElection (LeaderElection.java:logAndReturn(56)) - s2@group-3D81F66BC438-LeaderElection79: Election TIMEOUT; received 1 response(s) [s2<-s0#0:FAIL-t104] and 0 exception(s); s2@group-3D81F66BC438:t104, leader=null, voted=s2, raftlog=s2@group-3D81F66BC438-SegmentedRaftLog:OPENED:c10,f10,i10, conf=9: [s0:0.0.0.0:42154, s1:0.0.0.0:36158, s2:0.0.0.0:36910], old=null
2019-09-24 11:59:53,282 INFO  impl.FollowerState (FollowerState.java:run(108)) - s0@group-3D81F66BC438-FollowerState: change to CANDIDATE, lastRpcTime:179ms, electionTimeout:179ms
2019-09-24 11:59:53,282 INFO  impl.RoleInfo (RoleInfo.java:shutdownFollowerState(121)) - s0: shutdown FollowerState
2019-09-24 11:59:53,282 INFO  impl.RaftServerImpl (RaftServerImpl.java:setRole(170)) - s0@group-3D81F66BC438: changes role from  FOLLOWER to CANDIDATE at term 105 for changeToCandidate
2019-09-24 11:59:53,283 INFO  impl.RoleInfo (RoleInfo.java:updateAndGet(143)) - s0: start LeaderElection
2019-09-24 11:59:53,293 INFO  impl.LeaderElection (LeaderElection.java:askForVotes(178)) - s2@group-3D81F66BC438-LeaderElection79: begin an election at term 105 for 9: [s0:0.0.0.0:42154, s1:0.0.0.0:36158, s2:0.0.0.0:36910], old=null
2019-09-24 11:59:53,293 INFO  impl.LeaderElection (LeaderElection.java:askForVotes(178)) - s0@group-3D81F66BC438-LeaderElection80: begin an election at term 106 for 11: [s0:0.0.0.0:42154, s1:0.0.0.0:36158, s2:0.0.0.0:36910], old=null
2019-09-24 11:59:53,294 DEBUG impl.RaftServerImpl (RaftServerImpl.java:requestVote(743)) - s0@group-3D81F66BC438: receive requestVote(s2, group-3D81F66BC438, 105, (t:13, i:10))
2019-09-24 11:59:53,294 DEBUG impl.RaftServerImpl (RaftServerImpl.java:requestVote(775)) - s0@group-3D81F66BC438 replies to vote request: s2<-s0#0:FAIL-t106. Peer's state: s0@group-3D81F66BC438:t106, leader=null, voted=s0, raftlog=s0@group-3D81F66BC438-SegmentedRaftLog:OPENED:c11,f12,i12, conf=11: [s0:0.0.0.0:42154, s1:0.0.0.0:36158, s2:0.0.0.0:36910], old=null
2019-09-24 11:59:53,294 INFO  impl.LeaderElection (LeaderElection.java:logAndReturn(56)) - s2@group-3D81F66BC438-LeaderElection79: Election DISCOVERED_A_NEW_TERM; received 1 response(s) [s2<-s0#0:FAIL-t106] and 0 exception(s); s2@group-3D81F66BC438:t105, leader=null, voted=s2, raftlog=s2@group-3D81F66BC438-SegmentedRaftLog:OPENED:c10,f10,i10, conf=9: [s0:0.0.0.0:42154, s1:0.0.0.0:36158, s2:0.0.0.0:36910], old=null
2019-09-24 11:59:53,295 INFO  impl.RaftServerImpl (RaftServerImpl.java:setRole(170)) - s2@group-3D81F66BC438: changes role from CANDIDATE to FOLLOWER at term 106 for DISCOVERED_A_NEW_TERM
2019-09-24 11:59:53,295 INFO  impl.RoleInfo (RoleInfo.java:shutdownLeaderElection(134)) - s2: shutdown LeaderElection
2019-09-24 11:59:53,295 INFO  impl.RoleInfo (RoleInfo.java:updateAndGet(143)) - s2: start FollowerState
2019-09-24 11:59:53,388 INFO  impl.LeaderElection (LeaderElection.java:logAndReturn(56)) - s1@group-3D81F66BC438-LeaderElection76: Election TIMEOUT; received 1 response(s) [s1<-s0#0:FAIL-t105] and 0 exception(s); s1@group-3D81F66BC438:t105, leader=null, voted=s1, raftlog=s1@group-3D81F66BC438-SegmentedRaftLog:OPENED:c10,f11,i11, conf=11: [s0:0.0.0.0:42154, s1:0.0.0.0:36158, s2:0.0.0.0:36910], old=null
2019-09-24 11:59:53,413 INFO  impl.LeaderElection (LeaderElection.java:askForVotes(178)) - s1@group-3D81F66BC438-LeaderElection76: begin an election at term 106 for 11: [s0:0.0.0.0:42154, s1:0.0.0.0:36158, s2:0.0.0.0:36910], old=null
2019-09-24 11:59:53,414 DEBUG impl.RaftServerImpl (RaftServerImpl.java:requestVote(743)) - s0@group-3D81F66BC438: receive requestVote(s1, group-3D81F66BC438, 106, (t:14, i:11))
2019-09-24 11:59:53,414 DEBUG impl.RaftServerImpl (RaftServerImpl.java:requestVote(775)) - s0@group-3D81F66BC438 replies to vote request: s1<-s0#0:FAIL-t106. Peer's state: s0@group-3D81F66BC438:t106, leader=null, voted=s0, raftlog=s0@group-3D81F66BC438-SegmentedRaftLog:OPENED:c11,f12,i12, conf=11: [s0:0.0.0.0:42154, s1:0.0.0.0:36158, s2:0.0.0.0:36910], old=null
2019-09-24 11:59:53,501 INFO  impl.FollowerState (FollowerState.java:run(108)) - s2@group-3D81F66BC438-FollowerState: change to CANDIDATE, lastRpcTime:206ms, electionTimeout:206ms
2019-09-24 11:59:53,502 INFO  impl.RoleInfo (RoleInfo.java:shutdownFollowerState(121)) - s2: shutdown FollowerState
2019-09-24 11:59:53,502 INFO  impl.RaftServerImpl (RaftServerImpl.java:setRole(170)) - s2@group-3D81F66BC438: changes role from  FOLLOWER to CANDIDATE at term 106 for changeToCandidate
2019-09-24 11:59:53,502 INFO  impl.RoleInfo (RoleInfo.java:updateAndGet(143)) - s2: start LeaderElection
2019-09-24 11:59:53,525 INFO  impl.LeaderElection (LeaderElection.java:askForVotes(178)) - s2@group-3D81F66BC438-LeaderElection81: begin an election at term 107 for 9: [s0:0.0.0.0:42154, s1:0.0.0.0:36158, s2:0.0.0.0:36910], old=null
2019-09-24 11:59:53,526 DEBUG impl.RaftServerImpl (RaftServerImpl.java:requestVote(743)) - s0@group-3D81F66BC438: receive requestVote(s2, group-3D81F66BC438, 107, (t:13, i:10))
2019-09-24 11:59:53,526 INFO  impl.RaftServerImpl (RaftServerImpl.java:setRole(170)) - s0@group-3D81F66BC438: changes role from CANDIDATE to FOLLOWER at term 107 for recognizeCandidate:s2
2019-09-24 11:59:53,526 INFO  impl.RoleInfo (RoleInfo.java:shutdownLeaderElection(134)) - s0: shutdown LeaderElection
2019-09-24 11:59:53,527 INFO  impl.RoleInfo (RoleInfo.java:updateAndGet(143)) - s0: start FollowerState
2019-09-24 11:59:53,540 DEBUG impl.RaftServerImpl (RaftServerImpl.java:requestVote(775)) - s0@group-3D81F66BC438 replies to vote request: s2<-s0#0:FAIL-t107. Peer's state: s0@group-3D81F66BC438:t107, leader=null, voted=null, raftlog=s0@group-3D81F66BC438-SegmentedRaftLog:OPENED:c11,f12,i12, conf=11: [s0:0.0.0.0:42154, s1:0.0.0.0:36158, s2:0.0.0.0:36910], old=null
2019-09-24 11:59:53,566 WARN  ratis.RaftTestUtil (JavaUtils.java:attempt(158)) - FAILED "waitForLeader-null-(expectLeader? true)", attempt #49/100: java.lang.IllegalStateException: No leader yet : printing ALL groups
  s0:  RUNNING  FOLLOWER s0@group-3D81F66BC438:t107, leader=null, voted=null, raftlog=s0@group-3D81F66BC438-SegmentedRaftLog:OPENED:c11,f12,i12, conf=11: [s0:0.0.0.0:42154, s1:0.0.0.0:36158, s2:0.0.0.0:36910], old=null RUNNING
  s1:  RUNNING CANDIDATE s1@group-3D81F66BC438:t106, leader=null, voted=s1, raftlog=s1@group-3D81F66BC438-SegmentedRaftLog:OPENED:c10,f11,i11, conf=11: [s0:0.0.0.0:42154, s1:0.0.0.0:36158, s2:0.0.0.0:36910], old=null RUNNING
  s2:  RUNNING CANDIDATE s2@group-3D81F66BC438:t107, leader=null, voted=s2, raftlog=s2@group-3D81F66BC438-SegmentedRaftLog:OPENED:c10,f10,i10, conf=9: [s0:0.0.0.0:42154, s1:0.0.0.0:36158, s2:0.0.0.0:36910], old=null RUNNING, sleep 450ms and then retry.
java.lang.IllegalStateException: No leader yet : printing ALL groups
  s0:  RUNNING  FOLLOWER s0@group-3D81F66BC438:t107, leader=null, voted=null, raftlog=s0@group-3D81F66BC438-SegmentedRaftLog:OPENED:c11,f12,i12, conf=11: [s0:0.0.0.0:42154, s1:0.0.0.0:36158, s2:0.0.0.0:36910], old=null RUNNING
  s1:  RUNNING CANDIDATE s1@group-3D81F66BC438:t106, leader=null, voted=s1, raftlog=s1@group-3D81F66BC438-SegmentedRaftLog:OPENED:c10,f11,i11, conf=11: [s0:0.0.0.0:42154, s1:0.0.0.0:36158, s2:0.0.0.0:36910], old=null RUNNING
  s2:  RUNNING CANDIDATE s2@group-3D81F66BC438:t107, leader=null, voted=s2, raftlog=s2@group-3D81F66BC438-SegmentedRaftLog:OPENED:c10,f10,i10, conf=9: [s0:0.0.0.0:42154, s1:0.0.0.0:36158, s2:0.0.0.0:36910], old=null RUNNING
	at org.apache.ratis.MiniRaftCluster.newIllegalStateExceptionForNoLeaders(MiniRaftCluster.java:506)
	at org.apache.ratis.RaftTestUtil.lambda$waitForLeader$1(RaftTestUtil.java:90)
	at org.apache.ratis.MiniRaftCluster.getLeader(MiniRaftCluster.java:539)
	at org.apache.ratis.MiniRaftCluster.getLeader(MiniRaftCluster.java:532)
	at org.apache.ratis.RaftTestUtil.lambda$waitForLeader$3(RaftTestUtil.java:98)
	at org.apache.ratis.util.JavaUtils.attempt(JavaUtils.java:152)
	at org.apache.ratis.RaftTestUtil.waitForLeader(RaftTestUtil.java:97)
	at org.apache.ratis.RaftTestUtil.waitForLeader(RaftTestUtil.java:77)
	at org.apache.ratis.RaftTestUtil.waitForLeader(RaftTestUtil.java:72)
	at org.apache.ratis.RaftTestUtil.lambda$changeLeader$7(RaftTestUtil.java:363)
	at org.apache.ratis.util.JavaUtils.attempt(JavaUtils.java:152)
	at org.apache.ratis.RaftTestUtil.changeLeader(RaftTestUtil.java:362)
	at org.apache.ratis.server.impl.LeaderElectionTests.testChangeLeader(LeaderElectionTests.java:81)
	at sun.reflect.NativeMethodAccessorImpl.invoke0(Native Method)
	at sun.reflect.NativeMethodAccessorImpl.invoke(NativeMethodAccessorImpl.java:62)
	at sun.reflect.DelegatingMethodAccessorImpl.invoke(DelegatingMethodAccessorImpl.java:43)
	at java.lang.reflect.Method.invoke(Method.java:498)
	at org.junit.runners.model.FrameworkMethod$1.runReflectiveCall(FrameworkMethod.java:50)
	at org.junit.internal.runners.model.ReflectiveCallable.run(ReflectiveCallable.java:12)
	at org.junit.runners.model.FrameworkMethod.invokeExplosively(FrameworkMethod.java:47)
	at org.junit.internal.runners.statements.InvokeMethod.evaluate(InvokeMethod.java:17)
	at org.junit.internal.runners.statements.RunAfters.evaluate(RunAfters.java:27)
	at org.junit.internal.runners.statements.FailOnTimeout$CallableStatement.call(FailOnTimeout.java:298)
	at org.junit.internal.runners.statements.FailOnTimeout$CallableStatement.call(FailOnTimeout.java:292)
	at java.util.concurrent.FutureTask.run(FutureTask.java:266)
	at java.lang.Thread.run(Thread.java:748)
2019-09-24 11:59:53,581 INFO  impl.LeaderElection (LeaderElection.java:logAndReturn(56)) - s0@group-3D81F66BC438-LeaderElection80: Election REJECTED; received 0 response(s) [] and 0 exception(s); s0@group-3D81F66BC438:t107, leader=null, voted=null, raftlog=s0@group-3D81F66BC438-SegmentedRaftLog:OPENED:c11,f12,i12, conf=11: [s0:0.0.0.0:42154, s1:0.0.0.0:36158, s2:0.0.0.0:36910], old=null
2019-09-24 11:59:53,621 INFO  impl.LeaderElection (LeaderElection.java:logAndReturn(56)) - s1@group-3D81F66BC438-LeaderElection76: Election TIMEOUT; received 1 response(s) [s1<-s0#0:FAIL-t106] and 0 exception(s); s1@group-3D81F66BC438:t106, leader=null, voted=s1, raftlog=s1@group-3D81F66BC438-SegmentedRaftLog:OPENED:c10,f11,i11, conf=11: [s0:0.0.0.0:42154, s1:0.0.0.0:36158, s2:0.0.0.0:36910], old=null
2019-09-24 11:59:53,646 INFO  impl.LeaderElection (LeaderElection.java:askForVotes(178)) - s1@group-3D81F66BC438-LeaderElection76: begin an election at term 107 for 11: [s0:0.0.0.0:42154, s1:0.0.0.0:36158, s2:0.0.0.0:36910], old=null
2019-09-24 11:59:53,646 DEBUG impl.RaftServerImpl (RaftServerImpl.java:requestVote(743)) - s0@group-3D81F66BC438: receive requestVote(s1, group-3D81F66BC438, 107, (t:14, i:11))
2019-09-24 11:59:53,647 INFO  impl.RaftServerImpl (RaftServerImpl.java:setRole(170)) - s0@group-3D81F66BC438: changes role from  FOLLOWER to FOLLOWER at term 107 for recognizeCandidate:s1
2019-09-24 11:59:53,647 INFO  impl.RoleInfo (RoleInfo.java:shutdownFollowerState(121)) - s0: shutdown FollowerState
2019-09-24 11:59:53,647 INFO  impl.RoleInfo (RoleInfo.java:updateAndGet(143)) - s0: start FollowerState
2019-09-24 11:59:53,647 INFO  impl.FollowerState (FollowerState.java:run(117)) - s0@group-3D81F66BC438-FollowerState was interrupted: java.lang.InterruptedException: sleep interrupted
2019-09-24 11:59:53,647 DEBUG impl.RaftServerImpl (RaftServerImpl.java:requestVote(775)) - s0@group-3D81F66BC438 replies to vote request: s1<-s0#0:FAIL-t107. Peer's state: s0@group-3D81F66BC438:t107, leader=null, voted=null, raftlog=s0@group-3D81F66BC438-SegmentedRaftLog:OPENED:c11,f12,i12, conf=11: [s0:0.0.0.0:42154, s1:0.0.0.0:36158, s2:0.0.0.0:36910], old=null
2019-09-24 11:59:53,720 INFO  impl.LeaderElection (LeaderElection.java:logAndReturn(56)) - s2@group-3D81F66BC438-LeaderElection81: Election TIMEOUT; received 1 response(s) [s2<-s0#0:FAIL-t107] and 0 exception(s); s2@group-3D81F66BC438:t107, leader=null, voted=s2, raftlog=s2@group-3D81F66BC438-SegmentedRaftLog:OPENED:c10,f10,i10, conf=9: [s0:0.0.0.0:42154, s1:0.0.0.0:36158, s2:0.0.0.0:36910], old=null
2019-09-24 11:59:53,735 INFO  impl.LeaderElection (LeaderElection.java:askForVotes(178)) - s2@group-3D81F66BC438-LeaderElection81: begin an election at term 108 for 9: [s0:0.0.0.0:42154, s1:0.0.0.0:36158, s2:0.0.0.0:36910], old=null
2019-09-24 11:59:53,735 DEBUG impl.RaftServerImpl (RaftServerImpl.java:requestVote(743)) - s0@group-3D81F66BC438: receive requestVote(s2, group-3D81F66BC438, 108, (t:13, i:10))
2019-09-24 11:59:53,736 INFO  impl.RaftServerImpl (RaftServerImpl.java:setRole(170)) - s0@group-3D81F66BC438: changes role from  FOLLOWER to FOLLOWER at term 108 for recognizeCandidate:s2
2019-09-24 11:59:53,736 INFO  impl.RoleInfo (RoleInfo.java:shutdownFollowerState(121)) - s0: shutdown FollowerState
2019-09-24 11:59:53,736 INFO  impl.RoleInfo (RoleInfo.java:updateAndGet(143)) - s0: start FollowerState
2019-09-24 11:59:53,736 INFO  impl.FollowerState (FollowerState.java:run(117)) - s0@group-3D81F66BC438-FollowerState was interrupted: java.lang.InterruptedException: sleep interrupted
2019-09-24 11:59:53,750 DEBUG impl.RaftServerImpl (RaftServerImpl.java:requestVote(775)) - s0@group-3D81F66BC438 replies to vote request: s2<-s0#0:FAIL-t108. Peer's state: s0@group-3D81F66BC438:t108, leader=null, voted=null, raftlog=s0@group-3D81F66BC438-SegmentedRaftLog:OPENED:c11,f12,i12, conf=11: [s0:0.0.0.0:42154, s1:0.0.0.0:36158, s2:0.0.0.0:36910], old=null
2019-09-24 11:59:53,879 INFO  impl.LeaderElection (LeaderElection.java:logAndReturn(56)) - s1@group-3D81F66BC438-LeaderElection76: Election TIMEOUT; received 1 response(s) [s1<-s0#0:FAIL-t107] and 0 exception(s); s1@group-3D81F66BC438:t107, leader=null, voted=s1, raftlog=s1@group-3D81F66BC438-SegmentedRaftLog:OPENED:c10,f11,i11, conf=11: [s0:0.0.0.0:42154, s1:0.0.0.0:36158, s2:0.0.0.0:36910], old=null
2019-09-24 11:59:53,893 INFO  impl.LeaderElection (LeaderElection.java:askForVotes(178)) - s1@group-3D81F66BC438-LeaderElection76: begin an election at term 108 for 11: [s0:0.0.0.0:42154, s1:0.0.0.0:36158, s2:0.0.0.0:36910], old=null
2019-09-24 11:59:53,894 DEBUG impl.RaftServerImpl (RaftServerImpl.java:requestVote(743)) - s0@group-3D81F66BC438: receive requestVote(s1, group-3D81F66BC438, 108, (t:14, i:11))
2019-09-24 11:59:53,894 INFO  impl.RaftServerImpl (RaftServerImpl.java:setRole(170)) - s0@group-3D81F66BC438: changes role from  FOLLOWER to FOLLOWER at term 108 for recognizeCandidate:s1
2019-09-24 11:59:53,894 INFO  impl.RoleInfo (RoleInfo.java:shutdownFollowerState(121)) - s0: shutdown FollowerState
2019-09-24 11:59:53,894 INFO  impl.RoleInfo (RoleInfo.java:updateAndGet(143)) - s0: start FollowerState
2019-09-24 11:59:53,894 INFO  impl.FollowerState (FollowerState.java:run(117)) - s0@group-3D81F66BC438-FollowerState was interrupted: java.lang.InterruptedException: sleep interrupted
2019-09-24 11:59:53,895 DEBUG impl.RaftServerImpl (RaftServerImpl.java:requestVote(775)) - s0@group-3D81F66BC438 replies to vote request: s1<-s0#0:FAIL-t108. Peer's state: s0@group-3D81F66BC438:t108, leader=null, voted=null, raftlog=s0@group-3D81F66BC438-SegmentedRaftLog:OPENED:c11,f12,i12, conf=11: [s0:0.0.0.0:42154, s1:0.0.0.0:36158, s2:0.0.0.0:36910], old=null
2019-09-24 11:59:53,900 INFO  impl.LeaderElection (LeaderElection.java:logAndReturn(56)) - s2@group-3D81F66BC438-LeaderElection81: Election TIMEOUT; received 1 response(s) [s2<-s0#0:FAIL-t108] and 0 exception(s); s2@group-3D81F66BC438:t108, leader=null, voted=s2, raftlog=s2@group-3D81F66BC438-SegmentedRaftLog:OPENED:c10,f10,i10, conf=9: [s0:0.0.0.0:42154, s1:0.0.0.0:36158, s2:0.0.0.0:36910], old=null
2019-09-24 11:59:53,934 INFO  impl.LeaderElection (LeaderElection.java:askForVotes(178)) - s2@group-3D81F66BC438-LeaderElection81: begin an election at term 109 for 9: [s0:0.0.0.0:42154, s1:0.0.0.0:36158, s2:0.0.0.0:36910], old=null
2019-09-24 11:59:53,934 DEBUG impl.RaftServerImpl (RaftServerImpl.java:requestVote(743)) - s0@group-3D81F66BC438: receive requestVote(s2, group-3D81F66BC438, 109, (t:13, i:10))
2019-09-24 11:59:53,934 INFO  impl.RaftServerImpl (RaftServerImpl.java:setRole(170)) - s0@group-3D81F66BC438: changes role from  FOLLOWER to FOLLOWER at term 109 for recognizeCandidate:s2
2019-09-24 11:59:53,935 INFO  impl.RoleInfo (RoleInfo.java:shutdownFollowerState(121)) - s0: shutdown FollowerState
2019-09-24 11:59:53,935 INFO  impl.RoleInfo (RoleInfo.java:updateAndGet(143)) - s0: start FollowerState
2019-09-24 11:59:53,935 INFO  impl.FollowerState (FollowerState.java:run(117)) - s0@group-3D81F66BC438-FollowerState was interrupted: java.lang.InterruptedException: sleep interrupted
2019-09-24 11:59:53,962 DEBUG impl.RaftServerImpl (RaftServerImpl.java:requestVote(775)) - s0@group-3D81F66BC438 replies to vote request: s2<-s0#0:FAIL-t109. Peer's state: s0@group-3D81F66BC438:t109, leader=null, voted=null, raftlog=s0@group-3D81F66BC438-SegmentedRaftLog:OPENED:c11,f12,i12, conf=11: [s0:0.0.0.0:42154, s1:0.0.0.0:36158, s2:0.0.0.0:36910], old=null
2019-09-24 11:59:54,017 WARN  ratis.RaftTestUtil (JavaUtils.java:attempt(158)) - FAILED "waitForLeader-null-(expectLeader? true)", attempt #50/100: java.lang.IllegalStateException: No leader yet : printing ALL groups
  s0:  RUNNING  FOLLOWER s0@group-3D81F66BC438:t109, leader=null, voted=null, raftlog=s0@group-3D81F66BC438-SegmentedRaftLog:OPENED:c11,f12,i12, conf=11: [s0:0.0.0.0:42154, s1:0.0.0.0:36158, s2:0.0.0.0:36910], old=null RUNNING
  s1:  RUNNING CANDIDATE s1@group-3D81F66BC438:t108, leader=null, voted=s1, raftlog=s1@group-3D81F66BC438-SegmentedRaftLog:OPENED:c10,f11,i11, conf=11: [s0:0.0.0.0:42154, s1:0.0.0.0:36158, s2:0.0.0.0:36910], old=null RUNNING
  s2:  RUNNING CANDIDATE s2@group-3D81F66BC438:t109, leader=null, voted=s2, raftlog=s2@group-3D81F66BC438-SegmentedRaftLog:OPENED:c10,f10,i10, conf=9: [s0:0.0.0.0:42154, s1:0.0.0.0:36158, s2:0.0.0.0:36910], old=null RUNNING, sleep 450ms and then retry.
java.lang.IllegalStateException: No leader yet : printing ALL groups
  s0:  RUNNING  FOLLOWER s0@group-3D81F66BC438:t109, leader=null, voted=null, raftlog=s0@group-3D81F66BC438-SegmentedRaftLog:OPENED:c11,f12,i12, conf=11: [s0:0.0.0.0:42154, s1:0.0.0.0:36158, s2:0.0.0.0:36910], old=null RUNNING
  s1:  RUNNING CANDIDATE s1@group-3D81F66BC438:t108, leader=null, voted=s1, raftlog=s1@group-3D81F66BC438-SegmentedRaftLog:OPENED:c10,f11,i11, conf=11: [s0:0.0.0.0:42154, s1:0.0.0.0:36158, s2:0.0.0.0:36910], old=null RUNNING
  s2:  RUNNING CANDIDATE s2@group-3D81F66BC438:t109, leader=null, voted=s2, raftlog=s2@group-3D81F66BC438-SegmentedRaftLog:OPENED:c10,f10,i10, conf=9: [s0:0.0.0.0:42154, s1:0.0.0.0:36158, s2:0.0.0.0:36910], old=null RUNNING
	at org.apache.ratis.MiniRaftCluster.newIllegalStateExceptionForNoLeaders(MiniRaftCluster.java:506)
	at org.apache.ratis.RaftTestUtil.lambda$waitForLeader$1(RaftTestUtil.java:90)
	at org.apache.ratis.MiniRaftCluster.getLeader(MiniRaftCluster.java:539)
	at org.apache.ratis.MiniRaftCluster.getLeader(MiniRaftCluster.java:532)
	at org.apache.ratis.RaftTestUtil.lambda$waitForLeader$3(RaftTestUtil.java:98)
	at org.apache.ratis.util.JavaUtils.attempt(JavaUtils.java:152)
	at org.apache.ratis.RaftTestUtil.waitForLeader(RaftTestUtil.java:97)
	at org.apache.ratis.RaftTestUtil.waitForLeader(RaftTestUtil.java:77)
	at org.apache.ratis.RaftTestUtil.waitForLeader(RaftTestUtil.java:72)
	at org.apache.ratis.RaftTestUtil.lambda$changeLeader$7(RaftTestUtil.java:363)
	at org.apache.ratis.util.JavaUtils.attempt(JavaUtils.java:152)
	at org.apache.ratis.RaftTestUtil.changeLeader(RaftTestUtil.java:362)
	at org.apache.ratis.server.impl.LeaderElectionTests.testChangeLeader(LeaderElectionTests.java:81)
	at sun.reflect.NativeMethodAccessorImpl.invoke0(Native Method)
	at sun.reflect.NativeMethodAccessorImpl.invoke(NativeMethodAccessorImpl.java:62)
	at sun.reflect.DelegatingMethodAccessorImpl.invoke(DelegatingMethodAccessorImpl.java:43)
	at java.lang.reflect.Method.invoke(Method.java:498)
	at org.junit.runners.model.FrameworkMethod$1.runReflectiveCall(FrameworkMethod.java:50)
	at org.junit.internal.runners.model.ReflectiveCallable.run(ReflectiveCallable.java:12)
	at org.junit.runners.model.FrameworkMethod.invokeExplosively(FrameworkMethod.java:47)
	at org.junit.internal.runners.statements.InvokeMethod.evaluate(InvokeMethod.java:17)
	at org.junit.internal.runners.statements.RunAfters.evaluate(RunAfters.java:27)
	at org.junit.internal.runners.statements.FailOnTimeout$CallableStatement.call(FailOnTimeout.java:298)
	at org.junit.internal.runners.statements.FailOnTimeout$CallableStatement.call(FailOnTimeout.java:292)
	at java.util.concurrent.FutureTask.run(FutureTask.java:266)
	at java.lang.Thread.run(Thread.java:748)
2019-09-24 11:59:54,079 INFO  impl.LeaderElection (LeaderElection.java:logAndReturn(56)) - s1@group-3D81F66BC438-LeaderElection76: Election TIMEOUT; received 1 response(s) [s1<-s0#0:FAIL-t108] and 0 exception(s); s1@group-3D81F66BC438:t108, leader=null, voted=s1, raftlog=s1@group-3D81F66BC438-SegmentedRaftLog:OPENED:c10,f11,i11, conf=11: [s0:0.0.0.0:42154, s1:0.0.0.0:36158, s2:0.0.0.0:36910], old=null
2019-09-24 11:59:54,094 INFO  impl.LeaderElection (LeaderElection.java:askForVotes(178)) - s1@group-3D81F66BC438-LeaderElection76: begin an election at term 109 for 11: [s0:0.0.0.0:42154, s1:0.0.0.0:36158, s2:0.0.0.0:36910], old=null
2019-09-24 11:59:54,094 DEBUG impl.RaftServerImpl (RaftServerImpl.java:requestVote(743)) - s0@group-3D81F66BC438: receive requestVote(s1, group-3D81F66BC438, 109, (t:14, i:11))
2019-09-24 11:59:54,095 INFO  impl.LeaderElection (LeaderElection.java:logAndReturn(56)) - s2@group-3D81F66BC438-LeaderElection81: Election TIMEOUT; received 1 response(s) [s2<-s0#0:FAIL-t109] and 0 exception(s); s2@group-3D81F66BC438:t109, leader=null, voted=s2, raftlog=s2@group-3D81F66BC438-SegmentedRaftLog:OPENED:c10,f10,i10, conf=9: [s0:0.0.0.0:42154, s1:0.0.0.0:36158, s2:0.0.0.0:36910], old=null
2019-09-24 11:59:54,095 INFO  impl.RaftServerImpl (RaftServerImpl.java:setRole(170)) - s0@group-3D81F66BC438: changes role from  FOLLOWER to FOLLOWER at term 109 for recognizeCandidate:s1
2019-09-24 11:59:54,095 INFO  impl.RoleInfo (RoleInfo.java:shutdownFollowerState(121)) - s0: shutdown FollowerState
2019-09-24 11:59:54,095 INFO  impl.RoleInfo (RoleInfo.java:updateAndGet(143)) - s0: start FollowerState
2019-09-24 11:59:54,095 INFO  impl.FollowerState (FollowerState.java:run(117)) - s0@group-3D81F66BC438-FollowerState was interrupted: java.lang.InterruptedException: sleep interrupted
2019-09-24 11:59:54,096 DEBUG impl.RaftServerImpl (RaftServerImpl.java:requestVote(775)) - s0@group-3D81F66BC438 replies to vote request: s1<-s0#0:FAIL-t109. Peer's state: s0@group-3D81F66BC438:t109, leader=null, voted=null, raftlog=s0@group-3D81F66BC438-SegmentedRaftLog:OPENED:c11,f12,i12, conf=11: [s0:0.0.0.0:42154, s1:0.0.0.0:36158, s2:0.0.0.0:36910], old=null
2019-09-24 11:59:54,108 INFO  impl.LeaderElection (LeaderElection.java:askForVotes(178)) - s2@group-3D81F66BC438-LeaderElection81: begin an election at term 110 for 9: [s0:0.0.0.0:42154, s1:0.0.0.0:36158, s2:0.0.0.0:36910], old=null
2019-09-24 11:59:54,108 DEBUG impl.RaftServerImpl (RaftServerImpl.java:requestVote(743)) - s0@group-3D81F66BC438: receive requestVote(s2, group-3D81F66BC438, 110, (t:13, i:10))
2019-09-24 11:59:54,108 INFO  impl.RaftServerImpl (RaftServerImpl.java:setRole(170)) - s0@group-3D81F66BC438: changes role from  FOLLOWER to FOLLOWER at term 110 for recognizeCandidate:s2
2019-09-24 11:59:54,109 INFO  impl.RoleInfo (RoleInfo.java:shutdownFollowerState(121)) - s0: shutdown FollowerState
2019-09-24 11:59:54,109 INFO  impl.RoleInfo (RoleInfo.java:updateAndGet(143)) - s0: start FollowerState
2019-09-24 11:59:54,109 INFO  impl.FollowerState (FollowerState.java:run(117)) - s0@group-3D81F66BC438-FollowerState was interrupted: java.lang.InterruptedException: sleep interrupted
2019-09-24 11:59:54,122 DEBUG impl.RaftServerImpl (RaftServerImpl.java:requestVote(775)) - s0@group-3D81F66BC438 replies to vote request: s2<-s0#0:FAIL-t110. Peer's state: s0@group-3D81F66BC438:t110, leader=null, voted=null, raftlog=s0@group-3D81F66BC438-SegmentedRaftLog:OPENED:c11,f12,i12, conf=11: [s0:0.0.0.0:42154, s1:0.0.0.0:36158, s2:0.0.0.0:36910], old=null
2019-09-24 11:59:54,318 INFO  impl.FollowerState (FollowerState.java:run(108)) - s0@group-3D81F66BC438-FollowerState: change to CANDIDATE, lastRpcTime:209ms, electionTimeout:209ms
2019-09-24 11:59:54,319 INFO  impl.RoleInfo (RoleInfo.java:shutdownFollowerState(121)) - s0: shutdown FollowerState
2019-09-24 11:59:54,319 INFO  impl.RaftServerImpl (RaftServerImpl.java:setRole(170)) - s0@group-3D81F66BC438: changes role from  FOLLOWER to CANDIDATE at term 110 for changeToCandidate
2019-09-24 11:59:54,319 INFO  impl.RoleInfo (RoleInfo.java:updateAndGet(143)) - s0: start LeaderElection
2019-09-24 11:59:54,345 INFO  impl.LeaderElection (LeaderElection.java:askForVotes(178)) - s0@group-3D81F66BC438-LeaderElection82: begin an election at term 111 for 11: [s0:0.0.0.0:42154, s1:0.0.0.0:36158, s2:0.0.0.0:36910], old=null
2019-09-24 11:59:54,368 INFO  impl.LeaderElection (LeaderElection.java:logAndReturn(56)) - s1@group-3D81F66BC438-LeaderElection76: Election TIMEOUT; received 1 response(s) [s1<-s0#0:FAIL-t109] and 0 exception(s); s1@group-3D81F66BC438:t109, leader=null, voted=s1, raftlog=s1@group-3D81F66BC438-SegmentedRaftLog:OPENED:c10,f11,i11, conf=11: [s0:0.0.0.0:42154, s1:0.0.0.0:36158, s2:0.0.0.0:36910], old=null
2019-09-24 11:59:54,378 INFO  impl.LeaderElection (LeaderElection.java:logAndReturn(56)) - s2@group-3D81F66BC438-LeaderElection81: Election TIMEOUT; received 1 response(s) [s2<-s0#0:FAIL-t110] and 0 exception(s); s2@group-3D81F66BC438:t110, leader=null, voted=s2, raftlog=s2@group-3D81F66BC438-SegmentedRaftLog:OPENED:c10,f10,i10, conf=9: [s0:0.0.0.0:42154, s1:0.0.0.0:36158, s2:0.0.0.0:36910], old=null
2019-09-24 11:59:54,394 INFO  impl.LeaderElection (LeaderElection.java:askForVotes(178)) - s2@group-3D81F66BC438-LeaderElection81: begin an election at term 111 for 9: [s0:0.0.0.0:42154, s1:0.0.0.0:36158, s2:0.0.0.0:36910], old=null
2019-09-24 11:59:54,394 INFO  impl.LeaderElection (LeaderElection.java:askForVotes(178)) - s1@group-3D81F66BC438-LeaderElection76: begin an election at term 110 for 11: [s0:0.0.0.0:42154, s1:0.0.0.0:36158, s2:0.0.0.0:36910], old=null
2019-09-24 11:59:54,395 DEBUG impl.RaftServerImpl (RaftServerImpl.java:requestVote(743)) - s0@group-3D81F66BC438: receive requestVote(s2, group-3D81F66BC438, 111, (t:13, i:10))
2019-09-24 11:59:54,395 DEBUG impl.RaftServerImpl (RaftServerImpl.java:requestVote(743)) - s0@group-3D81F66BC438: receive requestVote(s1, group-3D81F66BC438, 110, (t:14, i:11))
2019-09-24 11:59:54,395 DEBUG impl.RaftServerImpl (RaftServerImpl.java:requestVote(775)) - s0@group-3D81F66BC438 replies to vote request: s2<-s0#0:FAIL-t111. Peer's state: s0@group-3D81F66BC438:t111, leader=null, voted=s0, raftlog=s0@group-3D81F66BC438-SegmentedRaftLog:OPENED:c11,f12,i12, conf=11: [s0:0.0.0.0:42154, s1:0.0.0.0:36158, s2:0.0.0.0:36910], old=null
2019-09-24 11:59:54,395 DEBUG impl.RaftServerImpl (RaftServerImpl.java:requestVote(775)) - s0@group-3D81F66BC438 replies to vote request: s1<-s0#0:FAIL-t111. Peer's state: s0@group-3D81F66BC438:t111, leader=null, voted=s0, raftlog=s0@group-3D81F66BC438-SegmentedRaftLog:OPENED:c11,f12,i12, conf=11: [s0:0.0.0.0:42154, s1:0.0.0.0:36158, s2:0.0.0.0:36910], old=null
2019-09-24 11:59:54,396 INFO  impl.LeaderElection (LeaderElection.java:logAndReturn(56)) - s1@group-3D81F66BC438-LeaderElection76: Election DISCOVERED_A_NEW_TERM; received 1 response(s) [s1<-s0#0:FAIL-t111] and 0 exception(s); s1@group-3D81F66BC438:t110, leader=null, voted=s1, raftlog=s1@group-3D81F66BC438-SegmentedRaftLog:OPENED:c10,f11,i11, conf=11: [s0:0.0.0.0:42154, s1:0.0.0.0:36158, s2:0.0.0.0:36910], old=null
2019-09-24 11:59:54,396 INFO  impl.RaftServerImpl (RaftServerImpl.java:setRole(170)) - s1@group-3D81F66BC438: changes role from CANDIDATE to FOLLOWER at term 111 for DISCOVERED_A_NEW_TERM
2019-09-24 11:59:54,396 INFO  impl.RoleInfo (RoleInfo.java:shutdownLeaderElection(134)) - s1: shutdown LeaderElection
2019-09-24 11:59:54,396 INFO  impl.RoleInfo (RoleInfo.java:updateAndGet(143)) - s1: start FollowerState
2019-09-24 11:59:54,469 WARN  ratis.RaftTestUtil (JavaUtils.java:attempt(158)) - FAILED "waitForLeader-null-(expectLeader? true)", attempt #51/100: java.lang.IllegalStateException: No leader yet : printing ALL groups
  s0:  RUNNING CANDIDATE s0@group-3D81F66BC438:t111, leader=null, voted=s0, raftlog=s0@group-3D81F66BC438-SegmentedRaftLog:OPENED:c11,f12,i12, conf=11: [s0:0.0.0.0:42154, s1:0.0.0.0:36158, s2:0.0.0.0:36910], old=null RUNNING
  s1:  RUNNING  FOLLOWER s1@group-3D81F66BC438:t111, leader=null, voted=null, raftlog=s1@group-3D81F66BC438-SegmentedRaftLog:OPENED:c10,f11,i11, conf=11: [s0:0.0.0.0:42154, s1:0.0.0.0:36158, s2:0.0.0.0:36910], old=null RUNNING
  s2:  RUNNING CANDIDATE s2@group-3D81F66BC438:t111, leader=null, voted=s2, raftlog=s2@group-3D81F66BC438-SegmentedRaftLog:OPENED:c10,f10,i10, conf=9: [s0:0.0.0.0:42154, s1:0.0.0.0:36158, s2:0.0.0.0:36910], old=null RUNNING, sleep 450ms and then retry.
java.lang.IllegalStateException: No leader yet : printing ALL groups
  s0:  RUNNING CANDIDATE s0@group-3D81F66BC438:t111, leader=null, voted=s0, raftlog=s0@group-3D81F66BC438-SegmentedRaftLog:OPENED:c11,f12,i12, conf=11: [s0:0.0.0.0:42154, s1:0.0.0.0:36158, s2:0.0.0.0:36910], old=null RUNNING
  s1:  RUNNING  FOLLOWER s1@group-3D81F66BC438:t111, leader=null, voted=null, raftlog=s1@group-3D81F66BC438-SegmentedRaftLog:OPENED:c10,f11,i11, conf=11: [s0:0.0.0.0:42154, s1:0.0.0.0:36158, s2:0.0.0.0:36910], old=null RUNNING
  s2:  RUNNING CANDIDATE s2@group-3D81F66BC438:t111, leader=null, voted=s2, raftlog=s2@group-3D81F66BC438-SegmentedRaftLog:OPENED:c10,f10,i10, conf=9: [s0:0.0.0.0:42154, s1:0.0.0.0:36158, s2:0.0.0.0:36910], old=null RUNNING
	at org.apache.ratis.MiniRaftCluster.newIllegalStateExceptionForNoLeaders(MiniRaftCluster.java:506)
	at org.apache.ratis.RaftTestUtil.lambda$waitForLeader$1(RaftTestUtil.java:90)
	at org.apache.ratis.MiniRaftCluster.getLeader(MiniRaftCluster.java:539)
	at org.apache.ratis.MiniRaftCluster.getLeader(MiniRaftCluster.java:532)
	at org.apache.ratis.RaftTestUtil.lambda$waitForLeader$3(RaftTestUtil.java:98)
	at org.apache.ratis.util.JavaUtils.attempt(JavaUtils.java:152)
	at org.apache.ratis.RaftTestUtil.waitForLeader(RaftTestUtil.java:97)
	at org.apache.ratis.RaftTestUtil.waitForLeader(RaftTestUtil.java:77)
	at org.apache.ratis.RaftTestUtil.waitForLeader(RaftTestUtil.java:72)
	at org.apache.ratis.RaftTestUtil.lambda$changeLeader$7(RaftTestUtil.java:363)
	at org.apache.ratis.util.JavaUtils.attempt(JavaUtils.java:152)
	at org.apache.ratis.RaftTestUtil.changeLeader(RaftTestUtil.java:362)
	at org.apache.ratis.server.impl.LeaderElectionTests.testChangeLeader(LeaderElectionTests.java:81)
	at sun.reflect.NativeMethodAccessorImpl.invoke0(Native Method)
	at sun.reflect.NativeMethodAccessorImpl.invoke(NativeMethodAccessorImpl.java:62)
	at sun.reflect.DelegatingMethodAccessorImpl.invoke(DelegatingMethodAccessorImpl.java:43)
	at java.lang.reflect.Method.invoke(Method.java:498)
	at org.junit.runners.model.FrameworkMethod$1.runReflectiveCall(FrameworkMethod.java:50)
	at org.junit.internal.runners.model.ReflectiveCallable.run(ReflectiveCallable.java:12)
	at org.junit.runners.model.FrameworkMethod.invokeExplosively(FrameworkMethod.java:47)
	at org.junit.internal.runners.statements.InvokeMethod.evaluate(InvokeMethod.java:17)
	at org.junit.internal.runners.statements.RunAfters.evaluate(RunAfters.java:27)
	at org.junit.internal.runners.statements.FailOnTimeout$CallableStatement.call(FailOnTimeout.java:298)
	at org.junit.internal.runners.statements.FailOnTimeout$CallableStatement.call(FailOnTimeout.java:292)
	at java.util.concurrent.FutureTask.run(FutureTask.java:266)
	at java.lang.Thread.run(Thread.java:748)
2019-09-24 11:59:54,571 INFO  impl.LeaderElection (LeaderElection.java:logAndReturn(56)) - s2@group-3D81F66BC438-LeaderElection81: Election TIMEOUT; received 1 response(s) [s2<-s0#0:FAIL-t111] and 0 exception(s); s2@group-3D81F66BC438:t111, leader=null, voted=s2, raftlog=s2@group-3D81F66BC438-SegmentedRaftLog:OPENED:c10,f10,i10, conf=9: [s0:0.0.0.0:42154, s1:0.0.0.0:36158, s2:0.0.0.0:36910], old=null
2019-09-24 11:59:54,595 INFO  impl.FollowerState (FollowerState.java:run(108)) - s1@group-3D81F66BC438-FollowerState: change to CANDIDATE, lastRpcTime:198ms, electionTimeout:198ms
2019-09-24 11:59:54,595 INFO  impl.RoleInfo (RoleInfo.java:shutdownFollowerState(121)) - s1: shutdown FollowerState
2019-09-24 11:59:54,595 INFO  impl.RaftServerImpl (RaftServerImpl.java:setRole(170)) - s1@group-3D81F66BC438: changes role from  FOLLOWER to CANDIDATE at term 111 for changeToCandidate
2019-09-24 11:59:54,596 INFO  impl.RoleInfo (RoleInfo.java:updateAndGet(143)) - s1: start LeaderElection
2019-09-24 11:59:54,597 INFO  impl.LeaderElection (LeaderElection.java:askForVotes(178)) - s2@group-3D81F66BC438-LeaderElection81: begin an election at term 112 for 9: [s0:0.0.0.0:42154, s1:0.0.0.0:36158, s2:0.0.0.0:36910], old=null
2019-09-24 11:59:54,597 DEBUG impl.RaftServerImpl (RaftServerImpl.java:requestVote(743)) - s0@group-3D81F66BC438: receive requestVote(s2, group-3D81F66BC438, 112, (t:13, i:10))
2019-09-24 11:59:54,597 INFO  impl.RaftServerImpl (RaftServerImpl.java:setRole(170)) - s0@group-3D81F66BC438: changes role from CANDIDATE to FOLLOWER at term 112 for recognizeCandidate:s2
2019-09-24 11:59:54,598 INFO  impl.RoleInfo (RoleInfo.java:shutdownLeaderElection(134)) - s0: shutdown LeaderElection
2019-09-24 11:59:54,598 INFO  impl.RoleInfo (RoleInfo.java:updateAndGet(143)) - s0: start FollowerState
2019-09-24 11:59:54,622 INFO  impl.LeaderElection (LeaderElection.java:askForVotes(178)) - s1@group-3D81F66BC438-LeaderElection83: begin an election at term 112 for 11: [s0:0.0.0.0:42154, s1:0.0.0.0:36158, s2:0.0.0.0:36910], old=null
2019-09-24 11:59:54,622 DEBUG impl.RaftServerImpl (RaftServerImpl.java:requestVote(775)) - s0@group-3D81F66BC438 replies to vote request: s2<-s0#0:FAIL-t112. Peer's state: s0@group-3D81F66BC438:t112, leader=null, voted=null, raftlog=s0@group-3D81F66BC438-SegmentedRaftLog:OPENED:c11,f12,i12, conf=11: [s0:0.0.0.0:42154, s1:0.0.0.0:36158, s2:0.0.0.0:36910], old=null
2019-09-24 11:59:54,622 DEBUG impl.RaftServerImpl (RaftServerImpl.java:requestVote(743)) - s0@group-3D81F66BC438: receive requestVote(s1, group-3D81F66BC438, 112, (t:14, i:11))
2019-09-24 11:59:54,623 INFO  impl.RaftServerImpl (RaftServerImpl.java:setRole(170)) - s0@group-3D81F66BC438: changes role from  FOLLOWER to FOLLOWER at term 112 for recognizeCandidate:s1
2019-09-24 11:59:54,623 INFO  impl.RoleInfo (RoleInfo.java:shutdownFollowerState(121)) - s0: shutdown FollowerState
2019-09-24 11:59:54,623 INFO  impl.RoleInfo (RoleInfo.java:updateAndGet(143)) - s0: start FollowerState
2019-09-24 11:59:54,623 INFO  impl.FollowerState (FollowerState.java:run(117)) - s0@group-3D81F66BC438-FollowerState was interrupted: java.lang.InterruptedException: sleep interrupted
2019-09-24 11:59:54,623 DEBUG impl.RaftServerImpl (RaftServerImpl.java:requestVote(775)) - s0@group-3D81F66BC438 replies to vote request: s1<-s0#0:FAIL-t112. Peer's state: s0@group-3D81F66BC438:t112, leader=null, voted=null, raftlog=s0@group-3D81F66BC438-SegmentedRaftLog:OPENED:c11,f12,i12, conf=11: [s0:0.0.0.0:42154, s1:0.0.0.0:36158, s2:0.0.0.0:36910], old=null
2019-09-24 11:59:54,638 INFO  impl.LeaderElection (LeaderElection.java:logAndReturn(56)) - s0@group-3D81F66BC438-LeaderElection82: Election REJECTED; received 0 response(s) [] and 0 exception(s); s0@group-3D81F66BC438:t112, leader=null, voted=null, raftlog=s0@group-3D81F66BC438-SegmentedRaftLog:OPENED:c11,f12,i12, conf=11: [s0:0.0.0.0:42154, s1:0.0.0.0:36158, s2:0.0.0.0:36910], old=null
2019-09-24 11:59:54,772 INFO  impl.LeaderElection (LeaderElection.java:logAndReturn(56)) - s2@group-3D81F66BC438-LeaderElection81: Election TIMEOUT; received 1 response(s) [s2<-s0#0:FAIL-t112] and 0 exception(s); s2@group-3D81F66BC438:t112, leader=null, voted=s2, raftlog=s2@group-3D81F66BC438-SegmentedRaftLog:OPENED:c10,f10,i10, conf=9: [s0:0.0.0.0:42154, s1:0.0.0.0:36158, s2:0.0.0.0:36910], old=null
2019-09-24 11:59:54,798 INFO  impl.LeaderElection (LeaderElection.java:askForVotes(178)) - s2@group-3D81F66BC438-LeaderElection81: begin an election at term 113 for 9: [s0:0.0.0.0:42154, s1:0.0.0.0:36158, s2:0.0.0.0:36910], old=null
2019-09-24 11:59:54,799 DEBUG impl.RaftServerImpl (RaftServerImpl.java:requestVote(743)) - s0@group-3D81F66BC438: receive requestVote(s2, group-3D81F66BC438, 113, (t:13, i:10))
2019-09-24 11:59:54,799 INFO  impl.RaftServerImpl (RaftServerImpl.java:setRole(170)) - s0@group-3D81F66BC438: changes role from  FOLLOWER to FOLLOWER at term 113 for recognizeCandidate:s2
2019-09-24 11:59:54,799 INFO  impl.RoleInfo (RoleInfo.java:shutdownFollowerState(121)) - s0: shutdown FollowerState
2019-09-24 11:59:54,799 INFO  impl.RoleInfo (RoleInfo.java:updateAndGet(143)) - s0: start FollowerState
2019-09-24 11:59:54,799 INFO  impl.FollowerState (FollowerState.java:run(117)) - s0@group-3D81F66BC438-FollowerState was interrupted: java.lang.InterruptedException: sleep interrupted
2019-09-24 11:59:54,812 DEBUG impl.RaftServerImpl (RaftServerImpl.java:requestVote(775)) - s0@group-3D81F66BC438 replies to vote request: s2<-s0#0:FAIL-t113. Peer's state: s0@group-3D81F66BC438:t113, leader=null, voted=null, raftlog=s0@group-3D81F66BC438-SegmentedRaftLog:OPENED:c11,f12,i12, conf=11: [s0:0.0.0.0:42154, s1:0.0.0.0:36158, s2:0.0.0.0:36910], old=null
2019-09-24 11:59:54,901 INFO  impl.LeaderElection (LeaderElection.java:logAndReturn(56)) - s1@group-3D81F66BC438-LeaderElection83: Election TIMEOUT; received 1 response(s) [s1<-s0#0:FAIL-t112] and 0 exception(s); s1@group-3D81F66BC438:t112, leader=null, voted=s1, raftlog=s1@group-3D81F66BC438-SegmentedRaftLog:OPENED:c10,f11,i11, conf=11: [s0:0.0.0.0:42154, s1:0.0.0.0:36158, s2:0.0.0.0:36910], old=null
2019-09-24 11:59:54,915 INFO  impl.LeaderElection (LeaderElection.java:askForVotes(178)) - s1@group-3D81F66BC438-LeaderElection83: begin an election at term 113 for 11: [s0:0.0.0.0:42154, s1:0.0.0.0:36158, s2:0.0.0.0:36910], old=null
2019-09-24 11:59:54,916 DEBUG impl.RaftServerImpl (RaftServerImpl.java:requestVote(743)) - s0@group-3D81F66BC438: receive requestVote(s1, group-3D81F66BC438, 113, (t:14, i:11))
2019-09-24 11:59:54,916 INFO  impl.RaftServerImpl (RaftServerImpl.java:setRole(170)) - s0@group-3D81F66BC438: changes role from  FOLLOWER to FOLLOWER at term 113 for recognizeCandidate:s1
2019-09-24 11:59:54,916 INFO  impl.RoleInfo (RoleInfo.java:shutdownFollowerState(121)) - s0: shutdown FollowerState
2019-09-24 11:59:54,916 INFO  impl.RoleInfo (RoleInfo.java:updateAndGet(143)) - s0: start FollowerState
2019-09-24 11:59:54,916 INFO  impl.FollowerState (FollowerState.java:run(117)) - s0@group-3D81F66BC438-FollowerState was interrupted: java.lang.InterruptedException: sleep interrupted
2019-09-24 11:59:54,917 DEBUG impl.RaftServerImpl (RaftServerImpl.java:requestVote(775)) - s0@group-3D81F66BC438 replies to vote request: s1<-s0#0:FAIL-t113. Peer's state: s0@group-3D81F66BC438:t113, leader=null, voted=null, raftlog=s0@group-3D81F66BC438-SegmentedRaftLog:OPENED:c11,f12,i12, conf=11: [s0:0.0.0.0:42154, s1:0.0.0.0:36158, s2:0.0.0.0:36910], old=null
2019-09-24 11:59:54,920 WARN  ratis.RaftTestUtil (JavaUtils.java:attempt(158)) - FAILED "waitForLeader-null-(expectLeader? true)", attempt #52/100: java.lang.IllegalStateException: No leader yet : printing ALL groups
  s0:  RUNNING  FOLLOWER s0@group-3D81F66BC438:t113, leader=null, voted=null, raftlog=s0@group-3D81F66BC438-SegmentedRaftLog:OPENED:c11,f12,i12, conf=11: [s0:0.0.0.0:42154, s1:0.0.0.0:36158, s2:0.0.0.0:36910], old=null RUNNING
  s1:  RUNNING CANDIDATE s1@group-3D81F66BC438:t113, leader=null, voted=s1, raftlog=s1@group-3D81F66BC438-SegmentedRaftLog:OPENED:c10,f11,i11, conf=11: [s0:0.0.0.0:42154, s1:0.0.0.0:36158, s2:0.0.0.0:36910], old=null RUNNING
  s2:  RUNNING CANDIDATE s2@group-3D81F66BC438:t113, leader=null, voted=s2, raftlog=s2@group-3D81F66BC438-SegmentedRaftLog:OPENED:c10,f10,i10, conf=9: [s0:0.0.0.0:42154, s1:0.0.0.0:36158, s2:0.0.0.0:36910], old=null RUNNING, sleep 450ms and then retry.
java.lang.IllegalStateException: No leader yet : printing ALL groups
  s0:  RUNNING  FOLLOWER s0@group-3D81F66BC438:t113, leader=null, voted=null, raftlog=s0@group-3D81F66BC438-SegmentedRaftLog:OPENED:c11,f12,i12, conf=11: [s0:0.0.0.0:42154, s1:0.0.0.0:36158, s2:0.0.0.0:36910], old=null RUNNING
  s1:  RUNNING CANDIDATE s1@group-3D81F66BC438:t113, leader=null, voted=s1, raftlog=s1@group-3D81F66BC438-SegmentedRaftLog:OPENED:c10,f11,i11, conf=11: [s0:0.0.0.0:42154, s1:0.0.0.0:36158, s2:0.0.0.0:36910], old=null RUNNING
  s2:  RUNNING CANDIDATE s2@group-3D81F66BC438:t113, leader=null, voted=s2, raftlog=s2@group-3D81F66BC438-SegmentedRaftLog:OPENED:c10,f10,i10, conf=9: [s0:0.0.0.0:42154, s1:0.0.0.0:36158, s2:0.0.0.0:36910], old=null RUNNING
	at org.apache.ratis.MiniRaftCluster.newIllegalStateExceptionForNoLeaders(MiniRaftCluster.java:506)
	at org.apache.ratis.RaftTestUtil.lambda$waitForLeader$1(RaftTestUtil.java:90)
	at org.apache.ratis.MiniRaftCluster.getLeader(MiniRaftCluster.java:539)
	at org.apache.ratis.MiniRaftCluster.getLeader(MiniRaftCluster.java:532)
	at org.apache.ratis.RaftTestUtil.lambda$waitForLeader$3(RaftTestUtil.java:98)
	at org.apache.ratis.util.JavaUtils.attempt(JavaUtils.java:152)
	at org.apache.ratis.RaftTestUtil.waitForLeader(RaftTestUtil.java:97)
	at org.apache.ratis.RaftTestUtil.waitForLeader(RaftTestUtil.java:77)
	at org.apache.ratis.RaftTestUtil.waitForLeader(RaftTestUtil.java:72)
	at org.apache.ratis.RaftTestUtil.lambda$changeLeader$7(RaftTestUtil.java:363)
	at org.apache.ratis.util.JavaUtils.attempt(JavaUtils.java:152)
	at org.apache.ratis.RaftTestUtil.changeLeader(RaftTestUtil.java:362)
	at org.apache.ratis.server.impl.LeaderElectionTests.testChangeLeader(LeaderElectionTests.java:81)
	at sun.reflect.NativeMethodAccessorImpl.invoke0(Native Method)
	at sun.reflect.NativeMethodAccessorImpl.invoke(NativeMethodAccessorImpl.java:62)
	at sun.reflect.DelegatingMethodAccessorImpl.invoke(DelegatingMethodAccessorImpl.java:43)
	at java.lang.reflect.Method.invoke(Method.java:498)
	at org.junit.runners.model.FrameworkMethod$1.runReflectiveCall(FrameworkMethod.java:50)
	at org.junit.internal.runners.model.ReflectiveCallable.run(ReflectiveCallable.java:12)
	at org.junit.runners.model.FrameworkMethod.invokeExplosively(FrameworkMethod.java:47)
	at org.junit.internal.runners.statements.InvokeMethod.evaluate(InvokeMethod.java:17)
	at org.junit.internal.runners.statements.RunAfters.evaluate(RunAfters.java:27)
	at org.junit.internal.runners.statements.FailOnTimeout$CallableStatement.call(FailOnTimeout.java:298)
	at org.junit.internal.runners.statements.FailOnTimeout$CallableStatement.call(FailOnTimeout.java:292)
	at java.util.concurrent.FutureTask.run(FutureTask.java:266)
	at java.lang.Thread.run(Thread.java:748)
2019-09-24 11:59:55,014 INFO  impl.LeaderElection (LeaderElection.java:logAndReturn(56)) - s2@group-3D81F66BC438-LeaderElection81: Election TIMEOUT; received 1 response(s) [s2<-s0#0:FAIL-t113] and 0 exception(s); s2@group-3D81F66BC438:t113, leader=null, voted=s2, raftlog=s2@group-3D81F66BC438-SegmentedRaftLog:OPENED:c10,f10,i10, conf=9: [s0:0.0.0.0:42154, s1:0.0.0.0:36158, s2:0.0.0.0:36910], old=null
2019-09-24 11:59:55,029 INFO  impl.LeaderElection (LeaderElection.java:askForVotes(178)) - s2@group-3D81F66BC438-LeaderElection81: begin an election at term 114 for 9: [s0:0.0.0.0:42154, s1:0.0.0.0:36158, s2:0.0.0.0:36910], old=null
2019-09-24 11:59:55,029 DEBUG impl.RaftServerImpl (RaftServerImpl.java:requestVote(743)) - s0@group-3D81F66BC438: receive requestVote(s2, group-3D81F66BC438, 114, (t:13, i:10))
2019-09-24 11:59:55,029 INFO  impl.RaftServerImpl (RaftServerImpl.java:setRole(170)) - s0@group-3D81F66BC438: changes role from  FOLLOWER to FOLLOWER at term 114 for recognizeCandidate:s2
2019-09-24 11:59:55,030 INFO  impl.RoleInfo (RoleInfo.java:shutdownFollowerState(121)) - s0: shutdown FollowerState
2019-09-24 11:59:55,030 INFO  impl.RoleInfo (RoleInfo.java:updateAndGet(143)) - s0: start FollowerState
2019-09-24 11:59:55,030 INFO  impl.FollowerState (FollowerState.java:run(117)) - s0@group-3D81F66BC438-FollowerState was interrupted: java.lang.InterruptedException: sleep interrupted
2019-09-24 11:59:55,056 DEBUG impl.RaftServerImpl (RaftServerImpl.java:requestVote(775)) - s0@group-3D81F66BC438 replies to vote request: s2<-s0#0:FAIL-t114. Peer's state: s0@group-3D81F66BC438:t114, leader=null, voted=null, raftlog=s0@group-3D81F66BC438-SegmentedRaftLog:OPENED:c11,f12,i12, conf=11: [s0:0.0.0.0:42154, s1:0.0.0.0:36158, s2:0.0.0.0:36910], old=null
2019-09-24 11:59:55,191 INFO  impl.LeaderElection (LeaderElection.java:logAndReturn(56)) - s1@group-3D81F66BC438-LeaderElection83: Election TIMEOUT; received 1 response(s) [s1<-s0#0:FAIL-t113] and 0 exception(s); s1@group-3D81F66BC438:t113, leader=null, voted=s1, raftlog=s1@group-3D81F66BC438-SegmentedRaftLog:OPENED:c10,f11,i11, conf=11: [s0:0.0.0.0:42154, s1:0.0.0.0:36158, s2:0.0.0.0:36910], old=null
2019-09-24 11:59:55,204 INFO  impl.LeaderElection (LeaderElection.java:askForVotes(178)) - s1@group-3D81F66BC438-LeaderElection83: begin an election at term 114 for 11: [s0:0.0.0.0:42154, s1:0.0.0.0:36158, s2:0.0.0.0:36910], old=null
2019-09-24 11:59:55,205 DEBUG impl.RaftServerImpl (RaftServerImpl.java:requestVote(743)) - s0@group-3D81F66BC438: receive requestVote(s1, group-3D81F66BC438, 114, (t:14, i:11))
2019-09-24 11:59:55,205 INFO  impl.RaftServerImpl (RaftServerImpl.java:setRole(170)) - s0@group-3D81F66BC438: changes role from  FOLLOWER to FOLLOWER at term 114 for recognizeCandidate:s1
2019-09-24 11:59:55,205 INFO  impl.RoleInfo (RoleInfo.java:shutdownFollowerState(121)) - s0: shutdown FollowerState
2019-09-24 11:59:55,205 INFO  impl.RoleInfo (RoleInfo.java:updateAndGet(143)) - s0: start FollowerState
2019-09-24 11:59:55,206 INFO  impl.FollowerState (FollowerState.java:run(117)) - s0@group-3D81F66BC438-FollowerState was interrupted: java.lang.InterruptedException: sleep interrupted
2019-09-24 11:59:55,206 DEBUG impl.RaftServerImpl (RaftServerImpl.java:requestVote(775)) - s0@group-3D81F66BC438 replies to vote request: s1<-s0#0:FAIL-t114. Peer's state: s0@group-3D81F66BC438:t114, leader=null, voted=null, raftlog=s0@group-3D81F66BC438-SegmentedRaftLog:OPENED:c11,f12,i12, conf=11: [s0:0.0.0.0:42154, s1:0.0.0.0:36158, s2:0.0.0.0:36910], old=null
2019-09-24 11:59:55,247 INFO  impl.LeaderElection (LeaderElection.java:logAndReturn(56)) - s2@group-3D81F66BC438-LeaderElection81: Election TIMEOUT; received 1 response(s) [s2<-s0#0:FAIL-t114] and 0 exception(s); s2@group-3D81F66BC438:t114, leader=null, voted=s2, raftlog=s2@group-3D81F66BC438-SegmentedRaftLog:OPENED:c10,f10,i10, conf=9: [s0:0.0.0.0:42154, s1:0.0.0.0:36158, s2:0.0.0.0:36910], old=null
2019-09-24 11:59:55,261 INFO  impl.LeaderElection (LeaderElection.java:askForVotes(178)) - s2@group-3D81F66BC438-LeaderElection81: begin an election at term 115 for 9: [s0:0.0.0.0:42154, s1:0.0.0.0:36158, s2:0.0.0.0:36910], old=null
2019-09-24 11:59:55,261 DEBUG impl.RaftServerImpl (RaftServerImpl.java:requestVote(743)) - s0@group-3D81F66BC438: receive requestVote(s2, group-3D81F66BC438, 115, (t:13, i:10))
2019-09-24 11:59:55,261 INFO  impl.RaftServerImpl (RaftServerImpl.java:setRole(170)) - s0@group-3D81F66BC438: changes role from  FOLLOWER to FOLLOWER at term 115 for recognizeCandidate:s2
2019-09-24 11:59:55,262 INFO  impl.RoleInfo (RoleInfo.java:shutdownFollowerState(121)) - s0: shutdown FollowerState
2019-09-24 11:59:55,262 INFO  impl.RoleInfo (RoleInfo.java:updateAndGet(143)) - s0: start FollowerState
2019-09-24 11:59:55,262 INFO  impl.FollowerState (FollowerState.java:run(117)) - s0@group-3D81F66BC438-FollowerState was interrupted: java.lang.InterruptedException: sleep interrupted
2019-09-24 11:59:55,297 DEBUG impl.RaftServerImpl (RaftServerImpl.java:requestVote(775)) - s0@group-3D81F66BC438 replies to vote request: s2<-s0#0:FAIL-t115. Peer's state: s0@group-3D81F66BC438:t115, leader=null, voted=null, raftlog=s0@group-3D81F66BC438-SegmentedRaftLog:OPENED:c11,f12,i12, conf=11: [s0:0.0.0.0:42154, s1:0.0.0.0:36158, s2:0.0.0.0:36910], old=null
2019-09-24 11:59:55,371 WARN  ratis.RaftTestUtil (JavaUtils.java:attempt(158)) - FAILED "waitForLeader-null-(expectLeader? true)", attempt #53/100: java.lang.IllegalStateException: No leader yet : printing ALL groups
  s0:  RUNNING  FOLLOWER s0@group-3D81F66BC438:t115, leader=null, voted=null, raftlog=s0@group-3D81F66BC438-SegmentedRaftLog:OPENED:c11,f12,i12, conf=11: [s0:0.0.0.0:42154, s1:0.0.0.0:36158, s2:0.0.0.0:36910], old=null RUNNING
  s1:  RUNNING CANDIDATE s1@group-3D81F66BC438:t114, leader=null, voted=s1, raftlog=s1@group-3D81F66BC438-SegmentedRaftLog:OPENED:c10,f11,i11, conf=11: [s0:0.0.0.0:42154, s1:0.0.0.0:36158, s2:0.0.0.0:36910], old=null RUNNING
  s2:  RUNNING CANDIDATE s2@group-3D81F66BC438:t115, leader=null, voted=s2, raftlog=s2@group-3D81F66BC438-SegmentedRaftLog:OPENED:c10,f10,i10, conf=9: [s0:0.0.0.0:42154, s1:0.0.0.0:36158, s2:0.0.0.0:36910], old=null RUNNING, sleep 450ms and then retry.
java.lang.IllegalStateException: No leader yet : printing ALL groups
  s0:  RUNNING  FOLLOWER s0@group-3D81F66BC438:t115, leader=null, voted=null, raftlog=s0@group-3D81F66BC438-SegmentedRaftLog:OPENED:c11,f12,i12, conf=11: [s0:0.0.0.0:42154, s1:0.0.0.0:36158, s2:0.0.0.0:36910], old=null RUNNING
  s1:  RUNNING CANDIDATE s1@group-3D81F66BC438:t114, leader=null, voted=s1, raftlog=s1@group-3D81F66BC438-SegmentedRaftLog:OPENED:c10,f11,i11, conf=11: [s0:0.0.0.0:42154, s1:0.0.0.0:36158, s2:0.0.0.0:36910], old=null RUNNING
  s2:  RUNNING CANDIDATE s2@group-3D81F66BC438:t115, leader=null, voted=s2, raftlog=s2@group-3D81F66BC438-SegmentedRaftLog:OPENED:c10,f10,i10, conf=9: [s0:0.0.0.0:42154, s1:0.0.0.0:36158, s2:0.0.0.0:36910], old=null RUNNING
	at org.apache.ratis.MiniRaftCluster.newIllegalStateExceptionForNoLeaders(MiniRaftCluster.java:506)
	at org.apache.ratis.RaftTestUtil.lambda$waitForLeader$1(RaftTestUtil.java:90)
	at org.apache.ratis.MiniRaftCluster.getLeader(MiniRaftCluster.java:539)
	at org.apache.ratis.MiniRaftCluster.getLeader(MiniRaftCluster.java:532)
	at org.apache.ratis.RaftTestUtil.lambda$waitForLeader$3(RaftTestUtil.java:98)
	at org.apache.ratis.util.JavaUtils.attempt(JavaUtils.java:152)
	at org.apache.ratis.RaftTestUtil.waitForLeader(RaftTestUtil.java:97)
	at org.apache.ratis.RaftTestUtil.waitForLeader(RaftTestUtil.java:77)
	at org.apache.ratis.RaftTestUtil.waitForLeader(RaftTestUtil.java:72)
	at org.apache.ratis.RaftTestUtil.lambda$changeLeader$7(RaftTestUtil.java:363)
	at org.apache.ratis.util.JavaUtils.attempt(JavaUtils.java:152)
	at org.apache.ratis.RaftTestUtil.changeLeader(RaftTestUtil.java:362)
	at org.apache.ratis.server.impl.LeaderElectionTests.testChangeLeader(LeaderElectionTests.java:81)
	at sun.reflect.NativeMethodAccessorImpl.invoke0(Native Method)
	at sun.reflect.NativeMethodAccessorImpl.invoke(NativeMethodAccessorImpl.java:62)
	at sun.reflect.DelegatingMethodAccessorImpl.invoke(DelegatingMethodAccessorImpl.java:43)
	at java.lang.reflect.Method.invoke(Method.java:498)
	at org.junit.runners.model.FrameworkMethod$1.runReflectiveCall(FrameworkMethod.java:50)
	at org.junit.internal.runners.model.ReflectiveCallable.run(ReflectiveCallable.java:12)
	at org.junit.runners.model.FrameworkMethod.invokeExplosively(FrameworkMethod.java:47)
	at org.junit.internal.runners.statements.InvokeMethod.evaluate(InvokeMethod.java:17)
	at org.junit.internal.runners.statements.RunAfters.evaluate(RunAfters.java:27)
	at org.junit.internal.runners.statements.FailOnTimeout$CallableStatement.call(FailOnTimeout.java:298)
	at org.junit.internal.runners.statements.FailOnTimeout$CallableStatement.call(FailOnTimeout.java:292)
	at java.util.concurrent.FutureTask.run(FutureTask.java:266)
	at java.lang.Thread.run(Thread.java:748)
2019-09-24 11:59:55,409 INFO  impl.LeaderElection (LeaderElection.java:logAndReturn(56)) - s1@group-3D81F66BC438-LeaderElection83: Election TIMEOUT; received 1 response(s) [s1<-s0#0:FAIL-t114] and 0 exception(s); s1@group-3D81F66BC438:t114, leader=null, voted=s1, raftlog=s1@group-3D81F66BC438-SegmentedRaftLog:OPENED:c10,f11,i11, conf=11: [s0:0.0.0.0:42154, s1:0.0.0.0:36158, s2:0.0.0.0:36910], old=null
2019-09-24 11:59:55,423 INFO  impl.LeaderElection (LeaderElection.java:askForVotes(178)) - s1@group-3D81F66BC438-LeaderElection83: begin an election at term 115 for 11: [s0:0.0.0.0:42154, s1:0.0.0.0:36158, s2:0.0.0.0:36910], old=null
2019-09-24 11:59:55,424 DEBUG impl.RaftServerImpl (RaftServerImpl.java:requestVote(743)) - s0@group-3D81F66BC438: receive requestVote(s1, group-3D81F66BC438, 115, (t:14, i:11))
2019-09-24 11:59:55,424 INFO  impl.RaftServerImpl (RaftServerImpl.java:setRole(170)) - s0@group-3D81F66BC438: changes role from  FOLLOWER to FOLLOWER at term 115 for recognizeCandidate:s1
2019-09-24 11:59:55,424 INFO  impl.RoleInfo (RoleInfo.java:shutdownFollowerState(121)) - s0: shutdown FollowerState
2019-09-24 11:59:55,424 INFO  impl.RoleInfo (RoleInfo.java:updateAndGet(143)) - s0: start FollowerState
2019-09-24 11:59:55,424 INFO  impl.FollowerState (FollowerState.java:run(117)) - s0@group-3D81F66BC438-FollowerState was interrupted: java.lang.InterruptedException: sleep interrupted
2019-09-24 11:59:55,425 DEBUG impl.RaftServerImpl (RaftServerImpl.java:requestVote(775)) - s0@group-3D81F66BC438 replies to vote request: s1<-s0#0:FAIL-t115. Peer's state: s0@group-3D81F66BC438:t115, leader=null, voted=null, raftlog=s0@group-3D81F66BC438-SegmentedRaftLog:OPENED:c11,f12,i12, conf=11: [s0:0.0.0.0:42154, s1:0.0.0.0:36158, s2:0.0.0.0:36910], old=null
2019-09-24 11:59:55,443 INFO  ratis.MiniRaftCluster (MiniRaftCluster.java:lambda$null$5(297)) - TIMED-PRINT: printing ALL groups
  s0:  RUNNING  FOLLOWER s0@group-3D81F66BC438:t115, leader=null, voted=null, raftlog=s0@group-3D81F66BC438-SegmentedRaftLog:OPENED:c11,f12,i12, conf=11: [s0:0.0.0.0:42154, s1:0.0.0.0:36158, s2:0.0.0.0:36910], old=null RUNNING
  s1:  RUNNING CANDIDATE s1@group-3D81F66BC438:t115, leader=null, voted=s1, raftlog=s1@group-3D81F66BC438-SegmentedRaftLog:OPENED:c10,f11,i11, conf=11: [s0:0.0.0.0:42154, s1:0.0.0.0:36158, s2:0.0.0.0:36910], old=null RUNNING
  s2:  RUNNING CANDIDATE s2@group-3D81F66BC438:t115, leader=null, voted=s2, raftlog=s2@group-3D81F66BC438-SegmentedRaftLog:OPENED:c10,f10,i10, conf=9: [s0:0.0.0.0:42154, s1:0.0.0.0:36158, s2:0.0.0.0:36910], old=null RUNNING
2019-09-24 11:59:55,446 INFO  impl.LeaderElection (LeaderElection.java:logAndReturn(56)) - s2@group-3D81F66BC438-LeaderElection81: Election TIMEOUT; received 1 response(s) [s2<-s0#0:FAIL-t115] and 0 exception(s); s2@group-3D81F66BC438:t115, leader=null, voted=s2, raftlog=s2@group-3D81F66BC438-SegmentedRaftLog:OPENED:c10,f10,i10, conf=9: [s0:0.0.0.0:42154, s1:0.0.0.0:36158, s2:0.0.0.0:36910], old=null
2019-09-24 11:59:55,469 INFO  impl.LeaderElection (LeaderElection.java:askForVotes(178)) - s2@group-3D81F66BC438-LeaderElection81: begin an election at term 116 for 9: [s0:0.0.0.0:42154, s1:0.0.0.0:36158, s2:0.0.0.0:36910], old=null
2019-09-24 11:59:55,470 DEBUG impl.RaftServerImpl (RaftServerImpl.java:requestVote(743)) - s0@group-3D81F66BC438: receive requestVote(s2, group-3D81F66BC438, 116, (t:13, i:10))
2019-09-24 11:59:55,470 INFO  impl.RaftServerImpl (RaftServerImpl.java:setRole(170)) - s0@group-3D81F66BC438: changes role from  FOLLOWER to FOLLOWER at term 116 for recognizeCandidate:s2
2019-09-24 11:59:55,470 INFO  impl.RoleInfo (RoleInfo.java:shutdownFollowerState(121)) - s0: shutdown FollowerState
2019-09-24 11:59:55,470 INFO  impl.RoleInfo (RoleInfo.java:updateAndGet(143)) - s0: start FollowerState
2019-09-24 11:59:55,470 INFO  impl.FollowerState (FollowerState.java:run(117)) - s0@group-3D81F66BC438-FollowerState was interrupted: java.lang.InterruptedException: sleep interrupted
2019-09-24 11:59:55,483 DEBUG impl.RaftServerImpl (RaftServerImpl.java:requestVote(775)) - s0@group-3D81F66BC438 replies to vote request: s2<-s0#0:FAIL-t116. Peer's state: s0@group-3D81F66BC438:t116, leader=null, voted=null, raftlog=s0@group-3D81F66BC438-SegmentedRaftLog:OPENED:c11,f12,i12, conf=11: [s0:0.0.0.0:42154, s1:0.0.0.0:36158, s2:0.0.0.0:36910], old=null
2019-09-24 11:59:55,650 INFO  impl.LeaderElection (LeaderElection.java:logAndReturn(56)) - s2@group-3D81F66BC438-LeaderElection81: Election TIMEOUT; received 1 response(s) [s2<-s0#0:FAIL-t116] and 0 exception(s); s2@group-3D81F66BC438:t116, leader=null, voted=s2, raftlog=s2@group-3D81F66BC438-SegmentedRaftLog:OPENED:c10,f10,i10, conf=9: [s0:0.0.0.0:42154, s1:0.0.0.0:36158, s2:0.0.0.0:36910], old=null
2019-09-24 11:59:55,673 INFO  impl.LeaderElection (LeaderElection.java:askForVotes(178)) - s2@group-3D81F66BC438-LeaderElection81: begin an election at term 117 for 9: [s0:0.0.0.0:42154, s1:0.0.0.0:36158, s2:0.0.0.0:36910], old=null
2019-09-24 11:59:55,674 DEBUG impl.RaftServerImpl (RaftServerImpl.java:requestVote(743)) - s0@group-3D81F66BC438: receive requestVote(s2, group-3D81F66BC438, 117, (t:13, i:10))
2019-09-24 11:59:55,674 INFO  impl.RaftServerImpl (RaftServerImpl.java:setRole(170)) - s0@group-3D81F66BC438: changes role from  FOLLOWER to FOLLOWER at term 117 for recognizeCandidate:s2
2019-09-24 11:59:55,674 INFO  impl.RoleInfo (RoleInfo.java:shutdownFollowerState(121)) - s0: shutdown FollowerState
2019-09-24 11:59:55,674 INFO  impl.RoleInfo (RoleInfo.java:updateAndGet(143)) - s0: start FollowerState
2019-09-24 11:59:55,674 INFO  impl.FollowerState (FollowerState.java:run(117)) - s0@group-3D81F66BC438-FollowerState was interrupted: java.lang.InterruptedException: sleep interrupted
2019-09-24 11:59:55,687 DEBUG impl.RaftServerImpl (RaftServerImpl.java:requestVote(775)) - s0@group-3D81F66BC438 replies to vote request: s2<-s0#0:FAIL-t117. Peer's state: s0@group-3D81F66BC438:t117, leader=null, voted=null, raftlog=s0@group-3D81F66BC438-SegmentedRaftLog:OPENED:c11,f12,i12, conf=11: [s0:0.0.0.0:42154, s1:0.0.0.0:36158, s2:0.0.0.0:36910], old=null
2019-09-24 11:59:55,699 INFO  impl.LeaderElection (LeaderElection.java:logAndReturn(56)) - s1@group-3D81F66BC438-LeaderElection83: Election TIMEOUT; received 1 response(s) [s1<-s0#0:FAIL-t115] and 0 exception(s); s1@group-3D81F66BC438:t115, leader=null, voted=s1, raftlog=s1@group-3D81F66BC438-SegmentedRaftLog:OPENED:c10,f11,i11, conf=11: [s0:0.0.0.0:42154, s1:0.0.0.0:36158, s2:0.0.0.0:36910], old=null
2019-09-24 11:59:55,714 INFO  impl.LeaderElection (LeaderElection.java:askForVotes(178)) - s1@group-3D81F66BC438-LeaderElection83: begin an election at term 116 for 11: [s0:0.0.0.0:42154, s1:0.0.0.0:36158, s2:0.0.0.0:36910], old=null
2019-09-24 11:59:55,714 DEBUG impl.RaftServerImpl (RaftServerImpl.java:requestVote(743)) - s0@group-3D81F66BC438: receive requestVote(s1, group-3D81F66BC438, 116, (t:14, i:11))
2019-09-24 11:59:55,715 DEBUG impl.RaftServerImpl (RaftServerImpl.java:requestVote(775)) - s0@group-3D81F66BC438 replies to vote request: s1<-s0#0:FAIL-t117. Peer's state: s0@group-3D81F66BC438:t117, leader=null, voted=null, raftlog=s0@group-3D81F66BC438-SegmentedRaftLog:OPENED:c11,f12,i12, conf=11: [s0:0.0.0.0:42154, s1:0.0.0.0:36158, s2:0.0.0.0:36910], old=null
2019-09-24 11:59:55,715 INFO  impl.LeaderElection (LeaderElection.java:logAndReturn(56)) - s1@group-3D81F66BC438-LeaderElection83: Election DISCOVERED_A_NEW_TERM; received 1 response(s) [s1<-s0#0:FAIL-t117] and 0 exception(s); s1@group-3D81F66BC438:t116, leader=null, voted=s1, raftlog=s1@group-3D81F66BC438-SegmentedRaftLog:OPENED:c10,f11,i11, conf=11: [s0:0.0.0.0:42154, s1:0.0.0.0:36158, s2:0.0.0.0:36910], old=null
2019-09-24 11:59:55,715 INFO  impl.RaftServerImpl (RaftServerImpl.java:setRole(170)) - s1@group-3D81F66BC438: changes role from CANDIDATE to FOLLOWER at term 117 for DISCOVERED_A_NEW_TERM
2019-09-24 11:59:55,715 INFO  impl.RoleInfo (RoleInfo.java:shutdownLeaderElection(134)) - s1: shutdown LeaderElection
2019-09-24 11:59:55,715 INFO  impl.RoleInfo (RoleInfo.java:updateAndGet(143)) - s1: start FollowerState
2019-09-24 11:59:55,822 WARN  ratis.RaftTestUtil (JavaUtils.java:attempt(158)) - FAILED "waitForLeader-null-(expectLeader? true)", attempt #54/100: java.lang.IllegalStateException: No leader yet : printing ALL groups
  s0:  RUNNING  FOLLOWER s0@group-3D81F66BC438:t117, leader=null, voted=null, raftlog=s0@group-3D81F66BC438-SegmentedRaftLog:OPENED:c11,f12,i12, conf=11: [s0:0.0.0.0:42154, s1:0.0.0.0:36158, s2:0.0.0.0:36910], old=null RUNNING
  s1:  RUNNING  FOLLOWER s1@group-3D81F66BC438:t117, leader=null, voted=null, raftlog=s1@group-3D81F66BC438-SegmentedRaftLog:OPENED:c10,f11,i11, conf=11: [s0:0.0.0.0:42154, s1:0.0.0.0:36158, s2:0.0.0.0:36910], old=null RUNNING
  s2:  RUNNING CANDIDATE s2@group-3D81F66BC438:t117, leader=null, voted=s2, raftlog=s2@group-3D81F66BC438-SegmentedRaftLog:OPENED:c10,f10,i10, conf=9: [s0:0.0.0.0:42154, s1:0.0.0.0:36158, s2:0.0.0.0:36910], old=null RUNNING, sleep 450ms and then retry.
java.lang.IllegalStateException: No leader yet : printing ALL groups
  s0:  RUNNING  FOLLOWER s0@group-3D81F66BC438:t117, leader=null, voted=null, raftlog=s0@group-3D81F66BC438-SegmentedRaftLog:OPENED:c11,f12,i12, conf=11: [s0:0.0.0.0:42154, s1:0.0.0.0:36158, s2:0.0.0.0:36910], old=null RUNNING
  s1:  RUNNING  FOLLOWER s1@group-3D81F66BC438:t117, leader=null, voted=null, raftlog=s1@group-3D81F66BC438-SegmentedRaftLog:OPENED:c10,f11,i11, conf=11: [s0:0.0.0.0:42154, s1:0.0.0.0:36158, s2:0.0.0.0:36910], old=null RUNNING
  s2:  RUNNING CANDIDATE s2@group-3D81F66BC438:t117, leader=null, voted=s2, raftlog=s2@group-3D81F66BC438-SegmentedRaftLog:OPENED:c10,f10,i10, conf=9: [s0:0.0.0.0:42154, s1:0.0.0.0:36158, s2:0.0.0.0:36910], old=null RUNNING
	at org.apache.ratis.MiniRaftCluster.newIllegalStateExceptionForNoLeaders(MiniRaftCluster.java:506)
	at org.apache.ratis.RaftTestUtil.lambda$waitForLeader$1(RaftTestUtil.java:90)
	at org.apache.ratis.MiniRaftCluster.getLeader(MiniRaftCluster.java:539)
	at org.apache.ratis.MiniRaftCluster.getLeader(MiniRaftCluster.java:532)
	at org.apache.ratis.RaftTestUtil.lambda$waitForLeader$3(RaftTestUtil.java:98)
	at org.apache.ratis.util.JavaUtils.attempt(JavaUtils.java:152)
	at org.apache.ratis.RaftTestUtil.waitForLeader(RaftTestUtil.java:97)
	at org.apache.ratis.RaftTestUtil.waitForLeader(RaftTestUtil.java:77)
	at org.apache.ratis.RaftTestUtil.waitForLeader(RaftTestUtil.java:72)
	at org.apache.ratis.RaftTestUtil.lambda$changeLeader$7(RaftTestUtil.java:363)
	at org.apache.ratis.util.JavaUtils.attempt(JavaUtils.java:152)
	at org.apache.ratis.RaftTestUtil.changeLeader(RaftTestUtil.java:362)
	at org.apache.ratis.server.impl.LeaderElectionTests.testChangeLeader(LeaderElectionTests.java:81)
	at sun.reflect.NativeMethodAccessorImpl.invoke0(Native Method)
	at sun.reflect.NativeMethodAccessorImpl.invoke(NativeMethodAccessorImpl.java:62)
	at sun.reflect.DelegatingMethodAccessorImpl.invoke(DelegatingMethodAccessorImpl.java:43)
	at java.lang.reflect.Method.invoke(Method.java:498)
	at org.junit.runners.model.FrameworkMethod$1.runReflectiveCall(FrameworkMethod.java:50)
	at org.junit.internal.runners.model.ReflectiveCallable.run(ReflectiveCallable.java:12)
	at org.junit.runners.model.FrameworkMethod.invokeExplosively(FrameworkMethod.java:47)
	at org.junit.internal.runners.statements.InvokeMethod.evaluate(InvokeMethod.java:17)
	at org.junit.internal.runners.statements.RunAfters.evaluate(RunAfters.java:27)
	at org.junit.internal.runners.statements.FailOnTimeout$CallableStatement.call(FailOnTimeout.java:298)
	at org.junit.internal.runners.statements.FailOnTimeout$CallableStatement.call(FailOnTimeout.java:292)
	at java.util.concurrent.FutureTask.run(FutureTask.java:266)
	at java.lang.Thread.run(Thread.java:748)
2019-09-24 11:59:55,857 INFO  impl.LeaderElection (LeaderElection.java:logAndReturn(56)) - s2@group-3D81F66BC438-LeaderElection81: Election TIMEOUT; received 1 response(s) [s2<-s0#0:FAIL-t117] and 0 exception(s); s2@group-3D81F66BC438:t117, leader=null, voted=s2, raftlog=s2@group-3D81F66BC438-SegmentedRaftLog:OPENED:c10,f10,i10, conf=9: [s0:0.0.0.0:42154, s1:0.0.0.0:36158, s2:0.0.0.0:36910], old=null
2019-09-24 11:59:55,877 INFO  impl.FollowerState (FollowerState.java:run(108)) - s0@group-3D81F66BC438-FollowerState: change to CANDIDATE, lastRpcTime:202ms, electionTimeout:202ms
2019-09-24 11:59:55,877 INFO  impl.RoleInfo (RoleInfo.java:shutdownFollowerState(121)) - s0: shutdown FollowerState
2019-09-24 11:59:55,877 INFO  impl.RaftServerImpl (RaftServerImpl.java:setRole(170)) - s0@group-3D81F66BC438: changes role from  FOLLOWER to CANDIDATE at term 117 for changeToCandidate
2019-09-24 11:59:55,877 INFO  impl.RoleInfo (RoleInfo.java:updateAndGet(143)) - s0: start LeaderElection
2019-09-24 11:59:55,882 INFO  impl.LeaderElection (LeaderElection.java:askForVotes(178)) - s2@group-3D81F66BC438-LeaderElection81: begin an election at term 118 for 9: [s0:0.0.0.0:42154, s1:0.0.0.0:36158, s2:0.0.0.0:36910], old=null
2019-09-24 11:59:55,882 DEBUG impl.RaftServerImpl (RaftServerImpl.java:requestVote(743)) - s0@group-3D81F66BC438: receive requestVote(s2, group-3D81F66BC438, 118, (t:13, i:10))
2019-09-24 11:59:55,884 INFO  impl.LeaderElection (LeaderElection.java:askForVotes(178)) - s0@group-3D81F66BC438-LeaderElection84: begin an election at term 118 for 11: [s0:0.0.0.0:42154, s1:0.0.0.0:36158, s2:0.0.0.0:36910], old=null
2019-09-24 11:59:55,884 DEBUG impl.RaftServerImpl (RaftServerImpl.java:requestVote(775)) - s0@group-3D81F66BC438 replies to vote request: s2<-s0#0:FAIL-t118. Peer's state: s0@group-3D81F66BC438:t118, leader=null, voted=s0, raftlog=s0@group-3D81F66BC438-SegmentedRaftLog:OPENED:c11,f12,i12, conf=11: [s0:0.0.0.0:42154, s1:0.0.0.0:36158, s2:0.0.0.0:36910], old=null
2019-09-24 11:59:55,943 INFO  impl.FollowerState (FollowerState.java:run(108)) - s1@group-3D81F66BC438-FollowerState: change to CANDIDATE, lastRpcTime:227ms, electionTimeout:227ms
2019-09-24 11:59:55,943 INFO  impl.RoleInfo (RoleInfo.java:shutdownFollowerState(121)) - s1: shutdown FollowerState
2019-09-24 11:59:55,943 INFO  impl.RaftServerImpl (RaftServerImpl.java:setRole(170)) - s1@group-3D81F66BC438: changes role from  FOLLOWER to CANDIDATE at term 117 for changeToCandidate
2019-09-24 11:59:55,943 INFO  impl.RoleInfo (RoleInfo.java:updateAndGet(143)) - s1: start LeaderElection
2019-09-24 11:59:55,965 INFO  impl.LeaderElection (LeaderElection.java:askForVotes(178)) - s1@group-3D81F66BC438-LeaderElection85: begin an election at term 118 for 11: [s0:0.0.0.0:42154, s1:0.0.0.0:36158, s2:0.0.0.0:36910], old=null
2019-09-24 11:59:55,965 DEBUG impl.RaftServerImpl (RaftServerImpl.java:requestVote(743)) - s0@group-3D81F66BC438: receive requestVote(s1, group-3D81F66BC438, 118, (t:14, i:11))
2019-09-24 11:59:55,965 DEBUG impl.RaftServerImpl (RaftServerImpl.java:requestVote(775)) - s0@group-3D81F66BC438 replies to vote request: s1<-s0#0:FAIL-t118. Peer's state: s0@group-3D81F66BC438:t118, leader=null, voted=s0, raftlog=s0@group-3D81F66BC438-SegmentedRaftLog:OPENED:c11,f12,i12, conf=11: [s0:0.0.0.0:42154, s1:0.0.0.0:36158, s2:0.0.0.0:36910], old=null
2019-09-24 11:59:56,102 INFO  impl.LeaderElection (LeaderElection.java:logAndReturn(56)) - s0@group-3D81F66BC438-LeaderElection84: Election TIMEOUT; received 0 response(s) [] and 0 exception(s); s0@group-3D81F66BC438:t118, leader=null, voted=s0, raftlog=s0@group-3D81F66BC438-SegmentedRaftLog:OPENED:c11,f12,i12, conf=11: [s0:0.0.0.0:42154, s1:0.0.0.0:36158, s2:0.0.0.0:36910], old=null
2019-09-24 11:59:56,113 INFO  impl.LeaderElection (LeaderElection.java:logAndReturn(56)) - s2@group-3D81F66BC438-LeaderElection81: Election TIMEOUT; received 1 response(s) [s2<-s0#0:FAIL-t118] and 0 exception(s); s2@group-3D81F66BC438:t118, leader=null, voted=s2, raftlog=s2@group-3D81F66BC438-SegmentedRaftLog:OPENED:c10,f10,i10, conf=9: [s0:0.0.0.0:42154, s1:0.0.0.0:36158, s2:0.0.0.0:36910], old=null
2019-09-24 11:59:56,128 INFO  impl.LeaderElection (LeaderElection.java:askForVotes(178)) - s0@group-3D81F66BC438-LeaderElection84: begin an election at term 119 for 11: [s0:0.0.0.0:42154, s1:0.0.0.0:36158, s2:0.0.0.0:36910], old=null
2019-09-24 11:59:56,128 INFO  impl.LeaderElection (LeaderElection.java:askForVotes(178)) - s2@group-3D81F66BC438-LeaderElection81: begin an election at term 119 for 9: [s0:0.0.0.0:42154, s1:0.0.0.0:36158, s2:0.0.0.0:36910], old=null
2019-09-24 11:59:56,128 INFO  impl.LeaderElection (LeaderElection.java:logAndReturn(56)) - s1@group-3D81F66BC438-LeaderElection85: Election TIMEOUT; received 1 response(s) [s1<-s0#0:FAIL-t118] and 0 exception(s); s1@group-3D81F66BC438:t118, leader=null, voted=s1, raftlog=s1@group-3D81F66BC438-SegmentedRaftLog:OPENED:c10,f11,i11, conf=11: [s0:0.0.0.0:42154, s1:0.0.0.0:36158, s2:0.0.0.0:36910], old=null
2019-09-24 11:59:56,129 DEBUG impl.RaftServerImpl (RaftServerImpl.java:requestVote(743)) - s0@group-3D81F66BC438: receive requestVote(s2, group-3D81F66BC438, 119, (t:13, i:10))
2019-09-24 11:59:56,129 DEBUG impl.RaftServerImpl (RaftServerImpl.java:requestVote(775)) - s0@group-3D81F66BC438 replies to vote request: s2<-s0#0:FAIL-t119. Peer's state: s0@group-3D81F66BC438:t119, leader=null, voted=s0, raftlog=s0@group-3D81F66BC438-SegmentedRaftLog:OPENED:c11,f12,i12, conf=11: [s0:0.0.0.0:42154, s1:0.0.0.0:36158, s2:0.0.0.0:36910], old=null
2019-09-24 11:59:56,150 INFO  impl.LeaderElection (LeaderElection.java:askForVotes(178)) - s1@group-3D81F66BC438-LeaderElection85: begin an election at term 119 for 11: [s0:0.0.0.0:42154, s1:0.0.0.0:36158, s2:0.0.0.0:36910], old=null
2019-09-24 11:59:56,151 DEBUG impl.RaftServerImpl (RaftServerImpl.java:requestVote(743)) - s0@group-3D81F66BC438: receive requestVote(s1, group-3D81F66BC438, 119, (t:14, i:11))
2019-09-24 11:59:56,151 DEBUG impl.RaftServerImpl (RaftServerImpl.java:requestVote(775)) - s0@group-3D81F66BC438 replies to vote request: s1<-s0#0:FAIL-t119. Peer's state: s0@group-3D81F66BC438:t119, leader=null, voted=s0, raftlog=s0@group-3D81F66BC438-SegmentedRaftLog:OPENED:c11,f12,i12, conf=11: [s0:0.0.0.0:42154, s1:0.0.0.0:36158, s2:0.0.0.0:36910], old=null
2019-09-24 11:59:56,273 WARN  ratis.RaftTestUtil (JavaUtils.java:attempt(158)) - FAILED "waitForLeader-null-(expectLeader? true)", attempt #55/100: java.lang.IllegalStateException: No leader yet : printing ALL groups
  s0:  RUNNING CANDIDATE s0@group-3D81F66BC438:t119, leader=null, voted=s0, raftlog=s0@group-3D81F66BC438-SegmentedRaftLog:OPENED:c11,f12,i12, conf=11: [s0:0.0.0.0:42154, s1:0.0.0.0:36158, s2:0.0.0.0:36910], old=null RUNNING
  s1:  RUNNING CANDIDATE s1@group-3D81F66BC438:t119, leader=null, voted=s1, raftlog=s1@group-3D81F66BC438-SegmentedRaftLog:OPENED:c10,f11,i11, conf=11: [s0:0.0.0.0:42154, s1:0.0.0.0:36158, s2:0.0.0.0:36910], old=null RUNNING
  s2:  RUNNING CANDIDATE s2@group-3D81F66BC438:t119, leader=null, voted=s2, raftlog=s2@group-3D81F66BC438-SegmentedRaftLog:OPENED:c10,f10,i10, conf=9: [s0:0.0.0.0:42154, s1:0.0.0.0:36158, s2:0.0.0.0:36910], old=null RUNNING, sleep 450ms and then retry.
java.lang.IllegalStateException: No leader yet : printing ALL groups
  s0:  RUNNING CANDIDATE s0@group-3D81F66BC438:t119, leader=null, voted=s0, raftlog=s0@group-3D81F66BC438-SegmentedRaftLog:OPENED:c11,f12,i12, conf=11: [s0:0.0.0.0:42154, s1:0.0.0.0:36158, s2:0.0.0.0:36910], old=null RUNNING
  s1:  RUNNING CANDIDATE s1@group-3D81F66BC438:t119, leader=null, voted=s1, raftlog=s1@group-3D81F66BC438-SegmentedRaftLog:OPENED:c10,f11,i11, conf=11: [s0:0.0.0.0:42154, s1:0.0.0.0:36158, s2:0.0.0.0:36910], old=null RUNNING
  s2:  RUNNING CANDIDATE s2@group-3D81F66BC438:t119, leader=null, voted=s2, raftlog=s2@group-3D81F66BC438-SegmentedRaftLog:OPENED:c10,f10,i10, conf=9: [s0:0.0.0.0:42154, s1:0.0.0.0:36158, s2:0.0.0.0:36910], old=null RUNNING
	at org.apache.ratis.MiniRaftCluster.newIllegalStateExceptionForNoLeaders(MiniRaftCluster.java:506)
	at org.apache.ratis.RaftTestUtil.lambda$waitForLeader$1(RaftTestUtil.java:90)
	at org.apache.ratis.MiniRaftCluster.getLeader(MiniRaftCluster.java:539)
	at org.apache.ratis.MiniRaftCluster.getLeader(MiniRaftCluster.java:532)
	at org.apache.ratis.RaftTestUtil.lambda$waitForLeader$3(RaftTestUtil.java:98)
	at org.apache.ratis.util.JavaUtils.attempt(JavaUtils.java:152)
	at org.apache.ratis.RaftTestUtil.waitForLeader(RaftTestUtil.java:97)
	at org.apache.ratis.RaftTestUtil.waitForLeader(RaftTestUtil.java:77)
	at org.apache.ratis.RaftTestUtil.waitForLeader(RaftTestUtil.java:72)
	at org.apache.ratis.RaftTestUtil.lambda$changeLeader$7(RaftTestUtil.java:363)
	at org.apache.ratis.util.JavaUtils.attempt(JavaUtils.java:152)
	at org.apache.ratis.RaftTestUtil.changeLeader(RaftTestUtil.java:362)
	at org.apache.ratis.server.impl.LeaderElectionTests.testChangeLeader(LeaderElectionTests.java:81)
	at sun.reflect.NativeMethodAccessorImpl.invoke0(Native Method)
	at sun.reflect.NativeMethodAccessorImpl.invoke(NativeMethodAccessorImpl.java:62)
	at sun.reflect.DelegatingMethodAccessorImpl.invoke(DelegatingMethodAccessorImpl.java:43)
	at java.lang.reflect.Method.invoke(Method.java:498)
	at org.junit.runners.model.FrameworkMethod$1.runReflectiveCall(FrameworkMethod.java:50)
	at org.junit.internal.runners.model.ReflectiveCallable.run(ReflectiveCallable.java:12)
	at org.junit.runners.model.FrameworkMethod.invokeExplosively(FrameworkMethod.java:47)
	at org.junit.internal.runners.statements.InvokeMethod.evaluate(InvokeMethod.java:17)
	at org.junit.internal.runners.statements.RunAfters.evaluate(RunAfters.java:27)
	at org.junit.internal.runners.statements.FailOnTimeout$CallableStatement.call(FailOnTimeout.java:298)
	at org.junit.internal.runners.statements.FailOnTimeout$CallableStatement.call(FailOnTimeout.java:292)
	at java.util.concurrent.FutureTask.run(FutureTask.java:266)
	at java.lang.Thread.run(Thread.java:748)
2019-09-24 11:59:56,306 INFO  impl.LeaderElection (LeaderElection.java:logAndReturn(56)) - s2@group-3D81F66BC438-LeaderElection81: Election TIMEOUT; received 1 response(s) [s2<-s0#0:FAIL-t119] and 0 exception(s); s2@group-3D81F66BC438:t119, leader=null, voted=s2, raftlog=s2@group-3D81F66BC438-SegmentedRaftLog:OPENED:c10,f10,i10, conf=9: [s0:0.0.0.0:42154, s1:0.0.0.0:36158, s2:0.0.0.0:36910], old=null
2019-09-24 11:59:56,317 INFO  impl.LeaderElection (LeaderElection.java:logAndReturn(56)) - s0@group-3D81F66BC438-LeaderElection84: Election TIMEOUT; received 0 response(s) [] and 0 exception(s); s0@group-3D81F66BC438:t119, leader=null, voted=s0, raftlog=s0@group-3D81F66BC438-SegmentedRaftLog:OPENED:c11,f12,i12, conf=11: [s0:0.0.0.0:42154, s1:0.0.0.0:36158, s2:0.0.0.0:36910], old=null
2019-09-24 11:59:56,324 INFO  impl.LeaderElection (LeaderElection.java:logAndReturn(56)) - s1@group-3D81F66BC438-LeaderElection85: Election TIMEOUT; received 1 response(s) [s1<-s0#0:FAIL-t119] and 0 exception(s); s1@group-3D81F66BC438:t119, leader=null, voted=s1, raftlog=s1@group-3D81F66BC438-SegmentedRaftLog:OPENED:c10,f11,i11, conf=11: [s0:0.0.0.0:42154, s1:0.0.0.0:36158, s2:0.0.0.0:36910], old=null
2019-09-24 11:59:56,332 INFO  impl.LeaderElection (LeaderElection.java:askForVotes(178)) - s2@group-3D81F66BC438-LeaderElection81: begin an election at term 120 for 9: [s0:0.0.0.0:42154, s1:0.0.0.0:36158, s2:0.0.0.0:36910], old=null
2019-09-24 11:59:56,332 INFO  impl.LeaderElection (LeaderElection.java:askForVotes(178)) - s0@group-3D81F66BC438-LeaderElection84: begin an election at term 120 for 11: [s0:0.0.0.0:42154, s1:0.0.0.0:36158, s2:0.0.0.0:36910], old=null
2019-09-24 11:59:56,333 DEBUG impl.RaftServerImpl (RaftServerImpl.java:requestVote(743)) - s0@group-3D81F66BC438: receive requestVote(s2, group-3D81F66BC438, 120, (t:13, i:10))
2019-09-24 11:59:56,333 DEBUG impl.RaftServerImpl (RaftServerImpl.java:requestVote(775)) - s0@group-3D81F66BC438 replies to vote request: s2<-s0#0:FAIL-t120. Peer's state: s0@group-3D81F66BC438:t120, leader=null, voted=s0, raftlog=s0@group-3D81F66BC438-SegmentedRaftLog:OPENED:c11,f12,i12, conf=11: [s0:0.0.0.0:42154, s1:0.0.0.0:36158, s2:0.0.0.0:36910], old=null
2019-09-24 11:59:56,335 INFO  impl.LeaderElection (LeaderElection.java:askForVotes(178)) - s1@group-3D81F66BC438-LeaderElection85: begin an election at term 120 for 11: [s0:0.0.0.0:42154, s1:0.0.0.0:36158, s2:0.0.0.0:36910], old=null
2019-09-24 11:59:56,335 DEBUG impl.RaftServerImpl (RaftServerImpl.java:requestVote(743)) - s0@group-3D81F66BC438: receive requestVote(s1, group-3D81F66BC438, 120, (t:14, i:11))
2019-09-24 11:59:56,335 DEBUG impl.RaftServerImpl (RaftServerImpl.java:requestVote(775)) - s0@group-3D81F66BC438 replies to vote request: s1<-s0#0:FAIL-t120. Peer's state: s0@group-3D81F66BC438:t120, leader=null, voted=s0, raftlog=s0@group-3D81F66BC438-SegmentedRaftLog:OPENED:c11,f12,i12, conf=11: [s0:0.0.0.0:42154, s1:0.0.0.0:36158, s2:0.0.0.0:36910], old=null
2019-09-24 11:59:56,509 INFO  impl.LeaderElection (LeaderElection.java:logAndReturn(56)) - s0@group-3D81F66BC438-LeaderElection84: Election TIMEOUT; received 0 response(s) [] and 0 exception(s); s0@group-3D81F66BC438:t120, leader=null, voted=s0, raftlog=s0@group-3D81F66BC438-SegmentedRaftLog:OPENED:c11,f12,i12, conf=11: [s0:0.0.0.0:42154, s1:0.0.0.0:36158, s2:0.0.0.0:36910], old=null
2019-09-24 11:59:56,534 INFO  impl.LeaderElection (LeaderElection.java:logAndReturn(56)) - s2@group-3D81F66BC438-LeaderElection81: Election TIMEOUT; received 1 response(s) [s2<-s0#0:FAIL-t120] and 0 exception(s); s2@group-3D81F66BC438:t120, leader=null, voted=s2, raftlog=s2@group-3D81F66BC438-SegmentedRaftLog:OPENED:c10,f10,i10, conf=9: [s0:0.0.0.0:42154, s1:0.0.0.0:36158, s2:0.0.0.0:36910], old=null
2019-09-24 11:59:56,535 INFO  impl.LeaderElection (LeaderElection.java:askForVotes(178)) - s0@group-3D81F66BC438-LeaderElection84: begin an election at term 121 for 11: [s0:0.0.0.0:42154, s1:0.0.0.0:36158, s2:0.0.0.0:36910], old=null
2019-09-24 11:59:56,539 INFO  impl.LeaderElection (LeaderElection.java:askForVotes(178)) - s2@group-3D81F66BC438-LeaderElection81: begin an election at term 121 for 9: [s0:0.0.0.0:42154, s1:0.0.0.0:36158, s2:0.0.0.0:36910], old=null
2019-09-24 11:59:56,539 DEBUG impl.RaftServerImpl (RaftServerImpl.java:requestVote(743)) - s0@group-3D81F66BC438: receive requestVote(s2, group-3D81F66BC438, 121, (t:13, i:10))
2019-09-24 11:59:56,539 DEBUG impl.RaftServerImpl (RaftServerImpl.java:requestVote(775)) - s0@group-3D81F66BC438 replies to vote request: s2<-s0#0:FAIL-t121. Peer's state: s0@group-3D81F66BC438:t121, leader=null, voted=s0, raftlog=s0@group-3D81F66BC438-SegmentedRaftLog:OPENED:c11,f12,i12, conf=11: [s0:0.0.0.0:42154, s1:0.0.0.0:36158, s2:0.0.0.0:36910], old=null
2019-09-24 11:59:56,605 INFO  impl.LeaderElection (LeaderElection.java:logAndReturn(56)) - s1@group-3D81F66BC438-LeaderElection85: Election TIMEOUT; received 1 response(s) [s1<-s0#0:FAIL-t120] and 0 exception(s); s1@group-3D81F66BC438:t120, leader=null, voted=s1, raftlog=s1@group-3D81F66BC438-SegmentedRaftLog:OPENED:c10,f11,i11, conf=11: [s0:0.0.0.0:42154, s1:0.0.0.0:36158, s2:0.0.0.0:36910], old=null
2019-09-24 11:59:56,619 INFO  impl.LeaderElection (LeaderElection.java:askForVotes(178)) - s1@group-3D81F66BC438-LeaderElection85: begin an election at term 121 for 11: [s0:0.0.0.0:42154, s1:0.0.0.0:36158, s2:0.0.0.0:36910], old=null
2019-09-24 11:59:56,619 DEBUG impl.RaftServerImpl (RaftServerImpl.java:requestVote(743)) - s0@group-3D81F66BC438: receive requestVote(s1, group-3D81F66BC438, 121, (t:14, i:11))
2019-09-24 11:59:56,620 DEBUG impl.RaftServerImpl (RaftServerImpl.java:requestVote(775)) - s0@group-3D81F66BC438 replies to vote request: s1<-s0#0:FAIL-t121. Peer's state: s0@group-3D81F66BC438:t121, leader=null, voted=s0, raftlog=s0@group-3D81F66BC438-SegmentedRaftLog:OPENED:c11,f12,i12, conf=11: [s0:0.0.0.0:42154, s1:0.0.0.0:36158, s2:0.0.0.0:36910], old=null
2019-09-24 11:59:56,724 WARN  ratis.RaftTestUtil (JavaUtils.java:attempt(158)) - FAILED "waitForLeader-null-(expectLeader? true)", attempt #56/100: java.lang.IllegalStateException: No leader yet : printing ALL groups
  s0:  RUNNING CANDIDATE s0@group-3D81F66BC438:t121, leader=null, voted=s0, raftlog=s0@group-3D81F66BC438-SegmentedRaftLog:OPENED:c11,f12,i12, conf=11: [s0:0.0.0.0:42154, s1:0.0.0.0:36158, s2:0.0.0.0:36910], old=null RUNNING
  s1:  RUNNING CANDIDATE s1@group-3D81F66BC438:t121, leader=null, voted=s1, raftlog=s1@group-3D81F66BC438-SegmentedRaftLog:OPENED:c10,f11,i11, conf=11: [s0:0.0.0.0:42154, s1:0.0.0.0:36158, s2:0.0.0.0:36910], old=null RUNNING
  s2:  RUNNING CANDIDATE s2@group-3D81F66BC438:t121, leader=null, voted=s2, raftlog=s2@group-3D81F66BC438-SegmentedRaftLog:OPENED:c10,f10,i10, conf=9: [s0:0.0.0.0:42154, s1:0.0.0.0:36158, s2:0.0.0.0:36910], old=null RUNNING, sleep 450ms and then retry.
java.lang.IllegalStateException: No leader yet : printing ALL groups
  s0:  RUNNING CANDIDATE s0@group-3D81F66BC438:t121, leader=null, voted=s0, raftlog=s0@group-3D81F66BC438-SegmentedRaftLog:OPENED:c11,f12,i12, conf=11: [s0:0.0.0.0:42154, s1:0.0.0.0:36158, s2:0.0.0.0:36910], old=null RUNNING
  s1:  RUNNING CANDIDATE s1@group-3D81F66BC438:t121, leader=null, voted=s1, raftlog=s1@group-3D81F66BC438-SegmentedRaftLog:OPENED:c10,f11,i11, conf=11: [s0:0.0.0.0:42154, s1:0.0.0.0:36158, s2:0.0.0.0:36910], old=null RUNNING
  s2:  RUNNING CANDIDATE s2@group-3D81F66BC438:t121, leader=null, voted=s2, raftlog=s2@group-3D81F66BC438-SegmentedRaftLog:OPENED:c10,f10,i10, conf=9: [s0:0.0.0.0:42154, s1:0.0.0.0:36158, s2:0.0.0.0:36910], old=null RUNNING
	at org.apache.ratis.MiniRaftCluster.newIllegalStateExceptionForNoLeaders(MiniRaftCluster.java:506)
	at org.apache.ratis.RaftTestUtil.lambda$waitForLeader$1(RaftTestUtil.java:90)
	at org.apache.ratis.MiniRaftCluster.getLeader(MiniRaftCluster.java:539)
	at org.apache.ratis.MiniRaftCluster.getLeader(MiniRaftCluster.java:532)
	at org.apache.ratis.RaftTestUtil.lambda$waitForLeader$3(RaftTestUtil.java:98)
	at org.apache.ratis.util.JavaUtils.attempt(JavaUtils.java:152)
	at org.apache.ratis.RaftTestUtil.waitForLeader(RaftTestUtil.java:97)
	at org.apache.ratis.RaftTestUtil.waitForLeader(RaftTestUtil.java:77)
	at org.apache.ratis.RaftTestUtil.waitForLeader(RaftTestUtil.java:72)
	at org.apache.ratis.RaftTestUtil.lambda$changeLeader$7(RaftTestUtil.java:363)
	at org.apache.ratis.util.JavaUtils.attempt(JavaUtils.java:152)
	at org.apache.ratis.RaftTestUtil.changeLeader(RaftTestUtil.java:362)
	at org.apache.ratis.server.impl.LeaderElectionTests.testChangeLeader(LeaderElectionTests.java:81)
	at sun.reflect.NativeMethodAccessorImpl.invoke0(Native Method)
	at sun.reflect.NativeMethodAccessorImpl.invoke(NativeMethodAccessorImpl.java:62)
	at sun.reflect.DelegatingMethodAccessorImpl.invoke(DelegatingMethodAccessorImpl.java:43)
	at java.lang.reflect.Method.invoke(Method.java:498)
	at org.junit.runners.model.FrameworkMethod$1.runReflectiveCall(FrameworkMethod.java:50)
	at org.junit.internal.runners.model.ReflectiveCallable.run(ReflectiveCallable.java:12)
	at org.junit.runners.model.FrameworkMethod.invokeExplosively(FrameworkMethod.java:47)
	at org.junit.internal.runners.statements.InvokeMethod.evaluate(InvokeMethod.java:17)
	at org.junit.internal.runners.statements.RunAfters.evaluate(RunAfters.java:27)
	at org.junit.internal.runners.statements.FailOnTimeout$CallableStatement.call(FailOnTimeout.java:298)
	at org.junit.internal.runners.statements.FailOnTimeout$CallableStatement.call(FailOnTimeout.java:292)
	at java.util.concurrent.FutureTask.run(FutureTask.java:266)
	at java.lang.Thread.run(Thread.java:748)
2019-09-24 11:59:56,767 INFO  impl.LeaderElection (LeaderElection.java:logAndReturn(56)) - s0@group-3D81F66BC438-LeaderElection84: Election TIMEOUT; received 0 response(s) [] and 0 exception(s); s0@group-3D81F66BC438:t121, leader=null, voted=s0, raftlog=s0@group-3D81F66BC438-SegmentedRaftLog:OPENED:c11,f12,i12, conf=11: [s0:0.0.0.0:42154, s1:0.0.0.0:36158, s2:0.0.0.0:36910], old=null
2019-09-24 11:59:56,801 INFO  impl.LeaderElection (LeaderElection.java:askForVotes(178)) - s0@group-3D81F66BC438-LeaderElection84: begin an election at term 122 for 11: [s0:0.0.0.0:42154, s1:0.0.0.0:36158, s2:0.0.0.0:36910], old=null
2019-09-24 11:59:56,828 INFO  impl.LeaderElection (LeaderElection.java:logAndReturn(56)) - s2@group-3D81F66BC438-LeaderElection81: Election TIMEOUT; received 1 response(s) [s2<-s0#0:FAIL-t121] and 0 exception(s); s2@group-3D81F66BC438:t121, leader=null, voted=s2, raftlog=s2@group-3D81F66BC438-SegmentedRaftLog:OPENED:c10,f10,i10, conf=9: [s0:0.0.0.0:42154, s1:0.0.0.0:36158, s2:0.0.0.0:36910], old=null
2019-09-24 11:59:56,837 INFO  impl.LeaderElection (LeaderElection.java:logAndReturn(56)) - s1@group-3D81F66BC438-LeaderElection85: Election TIMEOUT; received 1 response(s) [s1<-s0#0:FAIL-t121] and 0 exception(s); s1@group-3D81F66BC438:t121, leader=null, voted=s1, raftlog=s1@group-3D81F66BC438-SegmentedRaftLog:OPENED:c10,f11,i11, conf=11: [s0:0.0.0.0:42154, s1:0.0.0.0:36158, s2:0.0.0.0:36910], old=null
2019-09-24 11:59:56,843 INFO  impl.LeaderElection (LeaderElection.java:askForVotes(178)) - s1@group-3D81F66BC438-LeaderElection85: begin an election at term 122 for 11: [s0:0.0.0.0:42154, s1:0.0.0.0:36158, s2:0.0.0.0:36910], old=null
2019-09-24 11:59:56,843 INFO  impl.LeaderElection (LeaderElection.java:askForVotes(178)) - s2@group-3D81F66BC438-LeaderElection81: begin an election at term 122 for 9: [s0:0.0.0.0:42154, s1:0.0.0.0:36158, s2:0.0.0.0:36910], old=null
2019-09-24 11:59:56,843 DEBUG impl.RaftServerImpl (RaftServerImpl.java:requestVote(743)) - s0@group-3D81F66BC438: receive requestVote(s1, group-3D81F66BC438, 122, (t:14, i:11))
2019-09-24 11:59:56,843 DEBUG impl.RaftServerImpl (RaftServerImpl.java:requestVote(743)) - s0@group-3D81F66BC438: receive requestVote(s2, group-3D81F66BC438, 122, (t:13, i:10))
2019-09-24 11:59:56,843 DEBUG impl.RaftServerImpl (RaftServerImpl.java:requestVote(775)) - s0@group-3D81F66BC438 replies to vote request: s1<-s0#0:FAIL-t122. Peer's state: s0@group-3D81F66BC438:t122, leader=null, voted=s0, raftlog=s0@group-3D81F66BC438-SegmentedRaftLog:OPENED:c11,f12,i12, conf=11: [s0:0.0.0.0:42154, s1:0.0.0.0:36158, s2:0.0.0.0:36910], old=null
2019-09-24 11:59:56,844 DEBUG impl.RaftServerImpl (RaftServerImpl.java:requestVote(775)) - s0@group-3D81F66BC438 replies to vote request: s2<-s0#0:FAIL-t122. Peer's state: s0@group-3D81F66BC438:t122, leader=null, voted=s0, raftlog=s0@group-3D81F66BC438-SegmentedRaftLog:OPENED:c11,f12,i12, conf=11: [s0:0.0.0.0:42154, s1:0.0.0.0:36158, s2:0.0.0.0:36910], old=null
2019-09-24 11:59:57,024 INFO  impl.LeaderElection (LeaderElection.java:logAndReturn(56)) - s1@group-3D81F66BC438-LeaderElection85: Election TIMEOUT; received 1 response(s) [s1<-s0#0:FAIL-t122] and 0 exception(s); s1@group-3D81F66BC438:t122, leader=null, voted=s1, raftlog=s1@group-3D81F66BC438-SegmentedRaftLog:OPENED:c10,f11,i11, conf=11: [s0:0.0.0.0:42154, s1:0.0.0.0:36158, s2:0.0.0.0:36910], old=null
2019-09-24 11:59:57,050 INFO  impl.LeaderElection (LeaderElection.java:askForVotes(178)) - s1@group-3D81F66BC438-LeaderElection85: begin an election at term 123 for 11: [s0:0.0.0.0:42154, s1:0.0.0.0:36158, s2:0.0.0.0:36910], old=null
2019-09-24 11:59:57,050 DEBUG impl.RaftServerImpl (RaftServerImpl.java:requestVote(743)) - s0@group-3D81F66BC438: receive requestVote(s1, group-3D81F66BC438, 123, (t:14, i:11))
2019-09-24 11:59:57,051 INFO  impl.RaftServerImpl (RaftServerImpl.java:setRole(170)) - s0@group-3D81F66BC438: changes role from CANDIDATE to FOLLOWER at term 123 for recognizeCandidate:s1
2019-09-24 11:59:57,051 INFO  impl.RoleInfo (RoleInfo.java:shutdownLeaderElection(134)) - s0: shutdown LeaderElection
2019-09-24 11:59:57,051 INFO  impl.RoleInfo (RoleInfo.java:updateAndGet(143)) - s0: start FollowerState
2019-09-24 11:59:57,057 INFO  impl.LeaderElection (LeaderElection.java:logAndReturn(56)) - s2@group-3D81F66BC438-LeaderElection81: Election TIMEOUT; received 1 response(s) [s2<-s0#0:FAIL-t122] and 0 exception(s); s2@group-3D81F66BC438:t122, leader=null, voted=s2, raftlog=s2@group-3D81F66BC438-SegmentedRaftLog:OPENED:c10,f10,i10, conf=9: [s0:0.0.0.0:42154, s1:0.0.0.0:36158, s2:0.0.0.0:36910], old=null
2019-09-24 11:59:57,076 INFO  impl.LeaderElection (LeaderElection.java:askForVotes(178)) - s2@group-3D81F66BC438-LeaderElection81: begin an election at term 123 for 9: [s0:0.0.0.0:42154, s1:0.0.0.0:36158, s2:0.0.0.0:36910], old=null
2019-09-24 11:59:57,076 DEBUG impl.RaftServerImpl (RaftServerImpl.java:requestVote(775)) - s0@group-3D81F66BC438 replies to vote request: s1<-s0#0:FAIL-t123. Peer's state: s0@group-3D81F66BC438:t123, leader=null, voted=null, raftlog=s0@group-3D81F66BC438-SegmentedRaftLog:OPENED:c11,f12,i12, conf=11: [s0:0.0.0.0:42154, s1:0.0.0.0:36158, s2:0.0.0.0:36910], old=null
2019-09-24 11:59:57,077 DEBUG impl.RaftServerImpl (RaftServerImpl.java:requestVote(743)) - s0@group-3D81F66BC438: receive requestVote(s2, group-3D81F66BC438, 123, (t:13, i:10))
2019-09-24 11:59:57,077 INFO  impl.RaftServerImpl (RaftServerImpl.java:setRole(170)) - s0@group-3D81F66BC438: changes role from  FOLLOWER to FOLLOWER at term 123 for recognizeCandidate:s2
2019-09-24 11:59:57,078 INFO  impl.RoleInfo (RoleInfo.java:shutdownFollowerState(121)) - s0: shutdown FollowerState
2019-09-24 11:59:57,078 INFO  impl.RoleInfo (RoleInfo.java:updateAndGet(143)) - s0: start FollowerState
2019-09-24 11:59:57,078 INFO  impl.FollowerState (FollowerState.java:run(117)) - s0@group-3D81F66BC438-FollowerState was interrupted: java.lang.InterruptedException: sleep interrupted
2019-09-24 11:59:57,078 DEBUG impl.RaftServerImpl (RaftServerImpl.java:requestVote(775)) - s0@group-3D81F66BC438 replies to vote request: s2<-s0#0:FAIL-t123. Peer's state: s0@group-3D81F66BC438:t123, leader=null, voted=null, raftlog=s0@group-3D81F66BC438-SegmentedRaftLog:OPENED:c11,f12,i12, conf=11: [s0:0.0.0.0:42154, s1:0.0.0.0:36158, s2:0.0.0.0:36910], old=null
2019-09-24 11:59:57,099 INFO  impl.LeaderElection (LeaderElection.java:logAndReturn(56)) - s0@group-3D81F66BC438-LeaderElection84: Election REJECTED; received 0 response(s) [] and 0 exception(s); s0@group-3D81F66BC438:t123, leader=null, voted=null, raftlog=s0@group-3D81F66BC438-SegmentedRaftLog:OPENED:c11,f12,i12, conf=11: [s0:0.0.0.0:42154, s1:0.0.0.0:36158, s2:0.0.0.0:36910], old=null
2019-09-24 11:59:57,175 WARN  ratis.RaftTestUtil (JavaUtils.java:attempt(158)) - FAILED "waitForLeader-null-(expectLeader? true)", attempt #57/100: java.lang.IllegalStateException: No leader yet : printing ALL groups
  s0:  RUNNING  FOLLOWER s0@group-3D81F66BC438:t123, leader=null, voted=null, raftlog=s0@group-3D81F66BC438-SegmentedRaftLog:OPENED:c11,f12,i12, conf=11: [s0:0.0.0.0:42154, s1:0.0.0.0:36158, s2:0.0.0.0:36910], old=null RUNNING
  s1:  RUNNING CANDIDATE s1@group-3D81F66BC438:t123, leader=null, voted=s1, raftlog=s1@group-3D81F66BC438-SegmentedRaftLog:OPENED:c10,f11,i11, conf=11: [s0:0.0.0.0:42154, s1:0.0.0.0:36158, s2:0.0.0.0:36910], old=null RUNNING
  s2:  RUNNING CANDIDATE s2@group-3D81F66BC438:t123, leader=null, voted=s2, raftlog=s2@group-3D81F66BC438-SegmentedRaftLog:OPENED:c10,f10,i10, conf=9: [s0:0.0.0.0:42154, s1:0.0.0.0:36158, s2:0.0.0.0:36910], old=null RUNNING, sleep 450ms and then retry.
java.lang.IllegalStateException: No leader yet : printing ALL groups
  s0:  RUNNING  FOLLOWER s0@group-3D81F66BC438:t123, leader=null, voted=null, raftlog=s0@group-3D81F66BC438-SegmentedRaftLog:OPENED:c11,f12,i12, conf=11: [s0:0.0.0.0:42154, s1:0.0.0.0:36158, s2:0.0.0.0:36910], old=null RUNNING
  s1:  RUNNING CANDIDATE s1@group-3D81F66BC438:t123, leader=null, voted=s1, raftlog=s1@group-3D81F66BC438-SegmentedRaftLog:OPENED:c10,f11,i11, conf=11: [s0:0.0.0.0:42154, s1:0.0.0.0:36158, s2:0.0.0.0:36910], old=null RUNNING
  s2:  RUNNING CANDIDATE s2@group-3D81F66BC438:t123, leader=null, voted=s2, raftlog=s2@group-3D81F66BC438-SegmentedRaftLog:OPENED:c10,f10,i10, conf=9: [s0:0.0.0.0:42154, s1:0.0.0.0:36158, s2:0.0.0.0:36910], old=null RUNNING
	at org.apache.ratis.MiniRaftCluster.newIllegalStateExceptionForNoLeaders(MiniRaftCluster.java:506)
	at org.apache.ratis.RaftTestUtil.lambda$waitForLeader$1(RaftTestUtil.java:90)
	at org.apache.ratis.MiniRaftCluster.getLeader(MiniRaftCluster.java:539)
	at org.apache.ratis.MiniRaftCluster.getLeader(MiniRaftCluster.java:532)
	at org.apache.ratis.RaftTestUtil.lambda$waitForLeader$3(RaftTestUtil.java:98)
	at org.apache.ratis.util.JavaUtils.attempt(JavaUtils.java:152)
	at org.apache.ratis.RaftTestUtil.waitForLeader(RaftTestUtil.java:97)
	at org.apache.ratis.RaftTestUtil.waitForLeader(RaftTestUtil.java:77)
	at org.apache.ratis.RaftTestUtil.waitForLeader(RaftTestUtil.java:72)
	at org.apache.ratis.RaftTestUtil.lambda$changeLeader$7(RaftTestUtil.java:363)
	at org.apache.ratis.util.JavaUtils.attempt(JavaUtils.java:152)
	at org.apache.ratis.RaftTestUtil.changeLeader(RaftTestUtil.java:362)
	at org.apache.ratis.server.impl.LeaderElectionTests.testChangeLeader(LeaderElectionTests.java:81)
	at sun.reflect.NativeMethodAccessorImpl.invoke0(Native Method)
	at sun.reflect.NativeMethodAccessorImpl.invoke(NativeMethodAccessorImpl.java:62)
	at sun.reflect.DelegatingMethodAccessorImpl.invoke(DelegatingMethodAccessorImpl.java:43)
	at java.lang.reflect.Method.invoke(Method.java:498)
	at org.junit.runners.model.FrameworkMethod$1.runReflectiveCall(FrameworkMethod.java:50)
	at org.junit.internal.runners.model.ReflectiveCallable.run(ReflectiveCallable.java:12)
	at org.junit.runners.model.FrameworkMethod.invokeExplosively(FrameworkMethod.java:47)
	at org.junit.internal.runners.statements.InvokeMethod.evaluate(InvokeMethod.java:17)
	at org.junit.internal.runners.statements.RunAfters.evaluate(RunAfters.java:27)
	at org.junit.internal.runners.statements.FailOnTimeout$CallableStatement.call(FailOnTimeout.java:298)
	at org.junit.internal.runners.statements.FailOnTimeout$CallableStatement.call(FailOnTimeout.java:292)
	at java.util.concurrent.FutureTask.run(FutureTask.java:266)
	at java.lang.Thread.run(Thread.java:748)
2019-09-24 11:59:57,213 INFO  impl.LeaderElection (LeaderElection.java:logAndReturn(56)) - s1@group-3D81F66BC438-LeaderElection85: Election TIMEOUT; received 1 response(s) [s1<-s0#0:FAIL-t123] and 0 exception(s); s1@group-3D81F66BC438:t123, leader=null, voted=s1, raftlog=s1@group-3D81F66BC438-SegmentedRaftLog:OPENED:c10,f11,i11, conf=11: [s0:0.0.0.0:42154, s1:0.0.0.0:36158, s2:0.0.0.0:36910], old=null
2019-09-24 11:59:57,228 INFO  impl.LeaderElection (LeaderElection.java:askForVotes(178)) - s1@group-3D81F66BC438-LeaderElection85: begin an election at term 124 for 11: [s0:0.0.0.0:42154, s1:0.0.0.0:36158, s2:0.0.0.0:36910], old=null
2019-09-24 11:59:57,229 DEBUG impl.RaftServerImpl (RaftServerImpl.java:requestVote(743)) - s0@group-3D81F66BC438: receive requestVote(s1, group-3D81F66BC438, 124, (t:14, i:11))
2019-09-24 11:59:57,229 INFO  impl.RaftServerImpl (RaftServerImpl.java:setRole(170)) - s0@group-3D81F66BC438: changes role from  FOLLOWER to FOLLOWER at term 124 for recognizeCandidate:s1
2019-09-24 11:59:57,229 INFO  impl.RoleInfo (RoleInfo.java:shutdownFollowerState(121)) - s0: shutdown FollowerState
2019-09-24 11:59:57,229 INFO  impl.RoleInfo (RoleInfo.java:updateAndGet(143)) - s0: start FollowerState
2019-09-24 11:59:57,229 INFO  impl.FollowerState (FollowerState.java:run(117)) - s0@group-3D81F66BC438-FollowerState was interrupted: java.lang.InterruptedException: sleep interrupted
2019-09-24 11:59:57,242 DEBUG impl.RaftServerImpl (RaftServerImpl.java:requestVote(775)) - s0@group-3D81F66BC438 replies to vote request: s1<-s0#0:FAIL-t124. Peer's state: s0@group-3D81F66BC438:t124, leader=null, voted=null, raftlog=s0@group-3D81F66BC438-SegmentedRaftLog:OPENED:c11,f12,i12, conf=11: [s0:0.0.0.0:42154, s1:0.0.0.0:36158, s2:0.0.0.0:36910], old=null
2019-09-24 11:59:57,306 INFO  impl.LeaderElection (LeaderElection.java:logAndReturn(56)) - s2@group-3D81F66BC438-LeaderElection81: Election TIMEOUT; received 1 response(s) [s2<-s0#0:FAIL-t123] and 0 exception(s); s2@group-3D81F66BC438:t123, leader=null, voted=s2, raftlog=s2@group-3D81F66BC438-SegmentedRaftLog:OPENED:c10,f10,i10, conf=9: [s0:0.0.0.0:42154, s1:0.0.0.0:36158, s2:0.0.0.0:36910], old=null
2019-09-24 11:59:57,319 INFO  impl.LeaderElection (LeaderElection.java:askForVotes(178)) - s2@group-3D81F66BC438-LeaderElection81: begin an election at term 124 for 9: [s0:0.0.0.0:42154, s1:0.0.0.0:36158, s2:0.0.0.0:36910], old=null
2019-09-24 11:59:57,320 DEBUG impl.RaftServerImpl (RaftServerImpl.java:requestVote(743)) - s0@group-3D81F66BC438: receive requestVote(s2, group-3D81F66BC438, 124, (t:13, i:10))
2019-09-24 11:59:57,320 INFO  impl.RaftServerImpl (RaftServerImpl.java:setRole(170)) - s0@group-3D81F66BC438: changes role from  FOLLOWER to FOLLOWER at term 124 for recognizeCandidate:s2
2019-09-24 11:59:57,320 INFO  impl.RoleInfo (RoleInfo.java:shutdownFollowerState(121)) - s0: shutdown FollowerState
2019-09-24 11:59:57,320 INFO  impl.RoleInfo (RoleInfo.java:updateAndGet(143)) - s0: start FollowerState
2019-09-24 11:59:57,320 INFO  impl.FollowerState (FollowerState.java:run(117)) - s0@group-3D81F66BC438-FollowerState was interrupted: java.lang.InterruptedException: sleep interrupted
2019-09-24 11:59:57,321 DEBUG impl.RaftServerImpl (RaftServerImpl.java:requestVote(775)) - s0@group-3D81F66BC438 replies to vote request: s2<-s0#0:FAIL-t124. Peer's state: s0@group-3D81F66BC438:t124, leader=null, voted=null, raftlog=s0@group-3D81F66BC438-SegmentedRaftLog:OPENED:c11,f12,i12, conf=11: [s0:0.0.0.0:42154, s1:0.0.0.0:36158, s2:0.0.0.0:36910], old=null
2019-09-24 11:59:57,473 INFO  impl.FollowerState (FollowerState.java:run(108)) - s0@group-3D81F66BC438-FollowerState: change to CANDIDATE, lastRpcTime:152ms, electionTimeout:152ms
2019-09-24 11:59:57,473 INFO  impl.RoleInfo (RoleInfo.java:shutdownFollowerState(121)) - s0: shutdown FollowerState
2019-09-24 11:59:57,473 INFO  impl.RaftServerImpl (RaftServerImpl.java:setRole(170)) - s0@group-3D81F66BC438: changes role from  FOLLOWER to CANDIDATE at term 124 for changeToCandidate
2019-09-24 11:59:57,473 INFO  impl.RoleInfo (RoleInfo.java:updateAndGet(143)) - s0: start LeaderElection
2019-09-24 11:59:57,487 INFO  impl.LeaderElection (LeaderElection.java:askForVotes(178)) - s0@group-3D81F66BC438-LeaderElection86: begin an election at term 125 for 11: [s0:0.0.0.0:42154, s1:0.0.0.0:36158, s2:0.0.0.0:36910], old=null
2019-09-24 11:59:57,489 INFO  impl.LeaderElection (LeaderElection.java:logAndReturn(56)) - s1@group-3D81F66BC438-LeaderElection85: Election TIMEOUT; received 1 response(s) [s1<-s0#0:FAIL-t124] and 0 exception(s); s1@group-3D81F66BC438:t124, leader=null, voted=s1, raftlog=s1@group-3D81F66BC438-SegmentedRaftLog:OPENED:c10,f11,i11, conf=11: [s0:0.0.0.0:42154, s1:0.0.0.0:36158, s2:0.0.0.0:36910], old=null
2019-09-24 11:59:57,510 INFO  impl.LeaderElection (LeaderElection.java:askForVotes(178)) - s1@group-3D81F66BC438-LeaderElection85: begin an election at term 125 for 11: [s0:0.0.0.0:42154, s1:0.0.0.0:36158, s2:0.0.0.0:36910], old=null
2019-09-24 11:59:57,511 DEBUG impl.RaftServerImpl (RaftServerImpl.java:requestVote(743)) - s0@group-3D81F66BC438: receive requestVote(s1, group-3D81F66BC438, 125, (t:14, i:11))
2019-09-24 11:59:57,511 DEBUG impl.RaftServerImpl (RaftServerImpl.java:requestVote(775)) - s0@group-3D81F66BC438 replies to vote request: s1<-s0#0:FAIL-t125. Peer's state: s0@group-3D81F66BC438:t125, leader=null, voted=s0, raftlog=s0@group-3D81F66BC438-SegmentedRaftLog:OPENED:c11,f12,i12, conf=11: [s0:0.0.0.0:42154, s1:0.0.0.0:36158, s2:0.0.0.0:36910], old=null
2019-09-24 11:59:57,615 INFO  impl.LeaderElection (LeaderElection.java:logAndReturn(56)) - s2@group-3D81F66BC438-LeaderElection81: Election TIMEOUT; received 1 response(s) [s2<-s0#0:FAIL-t124] and 0 exception(s); s2@group-3D81F66BC438:t124, leader=null, voted=s2, raftlog=s2@group-3D81F66BC438-SegmentedRaftLog:OPENED:c10,f10,i10, conf=9: [s0:0.0.0.0:42154, s1:0.0.0.0:36158, s2:0.0.0.0:36910], old=null
2019-09-24 11:59:57,627 WARN  ratis.RaftTestUtil (JavaUtils.java:attempt(158)) - FAILED "waitForLeader-null-(expectLeader? true)", attempt #58/100: java.lang.IllegalStateException: No leader yet : printing ALL groups
  s0:  RUNNING CANDIDATE s0@group-3D81F66BC438:t125, leader=null, voted=s0, raftlog=s0@group-3D81F66BC438-SegmentedRaftLog:OPENED:c11,f12,i12, conf=11: [s0:0.0.0.0:42154, s1:0.0.0.0:36158, s2:0.0.0.0:36910], old=null RUNNING
  s1:  RUNNING CANDIDATE s1@group-3D81F66BC438:t125, leader=null, voted=s1, raftlog=s1@group-3D81F66BC438-SegmentedRaftLog:OPENED:c10,f11,i11, conf=11: [s0:0.0.0.0:42154, s1:0.0.0.0:36158, s2:0.0.0.0:36910], old=null RUNNING
  s2:  RUNNING CANDIDATE s2@group-3D81F66BC438:t125, leader=null, voted=s2, raftlog=s2@group-3D81F66BC438-SegmentedRaftLog:OPENED:c10,f10,i10, conf=9: [s0:0.0.0.0:42154, s1:0.0.0.0:36158, s2:0.0.0.0:36910], old=null RUNNING, sleep 450ms and then retry.
java.lang.IllegalStateException: No leader yet : printing ALL groups
  s0:  RUNNING CANDIDATE s0@group-3D81F66BC438:t125, leader=null, voted=s0, raftlog=s0@group-3D81F66BC438-SegmentedRaftLog:OPENED:c11,f12,i12, conf=11: [s0:0.0.0.0:42154, s1:0.0.0.0:36158, s2:0.0.0.0:36910], old=null RUNNING
  s1:  RUNNING CANDIDATE s1@group-3D81F66BC438:t125, leader=null, voted=s1, raftlog=s1@group-3D81F66BC438-SegmentedRaftLog:OPENED:c10,f11,i11, conf=11: [s0:0.0.0.0:42154, s1:0.0.0.0:36158, s2:0.0.0.0:36910], old=null RUNNING
  s2:  RUNNING CANDIDATE s2@group-3D81F66BC438:t125, leader=null, voted=s2, raftlog=s2@group-3D81F66BC438-SegmentedRaftLog:OPENED:c10,f10,i10, conf=9: [s0:0.0.0.0:42154, s1:0.0.0.0:36158, s2:0.0.0.0:36910], old=null RUNNING
	at org.apache.ratis.MiniRaftCluster.newIllegalStateExceptionForNoLeaders(MiniRaftCluster.java:506)
	at org.apache.ratis.RaftTestUtil.lambda$waitForLeader$1(RaftTestUtil.java:90)
	at org.apache.ratis.MiniRaftCluster.getLeader(MiniRaftCluster.java:539)
	at org.apache.ratis.MiniRaftCluster.getLeader(MiniRaftCluster.java:532)
	at org.apache.ratis.RaftTestUtil.lambda$waitForLeader$3(RaftTestUtil.java:98)
	at org.apache.ratis.util.JavaUtils.attempt(JavaUtils.java:152)
	at org.apache.ratis.RaftTestUtil.waitForLeader(RaftTestUtil.java:97)
	at org.apache.ratis.RaftTestUtil.waitForLeader(RaftTestUtil.java:77)
	at org.apache.ratis.RaftTestUtil.waitForLeader(RaftTestUtil.java:72)
	at org.apache.ratis.RaftTestUtil.lambda$changeLeader$7(RaftTestUtil.java:363)
	at org.apache.ratis.util.JavaUtils.attempt(JavaUtils.java:152)
	at org.apache.ratis.RaftTestUtil.changeLeader(RaftTestUtil.java:362)
	at org.apache.ratis.server.impl.LeaderElectionTests.testChangeLeader(LeaderElectionTests.java:81)
	at sun.reflect.NativeMethodAccessorImpl.invoke0(Native Method)
	at sun.reflect.NativeMethodAccessorImpl.invoke(NativeMethodAccessorImpl.java:62)
	at sun.reflect.DelegatingMethodAccessorImpl.invoke(DelegatingMethodAccessorImpl.java:43)
	at java.lang.reflect.Method.invoke(Method.java:498)
	at org.junit.runners.model.FrameworkMethod$1.runReflectiveCall(FrameworkMethod.java:50)
	at org.junit.internal.runners.model.ReflectiveCallable.run(ReflectiveCallable.java:12)
	at org.junit.runners.model.FrameworkMethod.invokeExplosively(FrameworkMethod.java:47)
	at org.junit.internal.runners.statements.InvokeMethod.evaluate(InvokeMethod.java:17)
	at org.junit.internal.runners.statements.RunAfters.evaluate(RunAfters.java:27)
	at org.junit.internal.runners.statements.FailOnTimeout$CallableStatement.call(FailOnTimeout.java:298)
	at org.junit.internal.runners.statements.FailOnTimeout$CallableStatement.call(FailOnTimeout.java:292)
	at java.util.concurrent.FutureTask.run(FutureTask.java:266)
	at java.lang.Thread.run(Thread.java:748)
2019-09-24 11:59:57,640 INFO  impl.LeaderElection (LeaderElection.java:askForVotes(178)) - s2@group-3D81F66BC438-LeaderElection81: begin an election at term 125 for 9: [s0:0.0.0.0:42154, s1:0.0.0.0:36158, s2:0.0.0.0:36910], old=null
2019-09-24 11:59:57,641 DEBUG impl.RaftServerImpl (RaftServerImpl.java:requestVote(743)) - s0@group-3D81F66BC438: receive requestVote(s2, group-3D81F66BC438, 125, (t:13, i:10))
2019-09-24 11:59:57,641 DEBUG impl.RaftServerImpl (RaftServerImpl.java:requestVote(775)) - s0@group-3D81F66BC438 replies to vote request: s2<-s0#0:FAIL-t125. Peer's state: s0@group-3D81F66BC438:t125, leader=null, voted=s0, raftlog=s0@group-3D81F66BC438-SegmentedRaftLog:OPENED:c11,f12,i12, conf=11: [s0:0.0.0.0:42154, s1:0.0.0.0:36158, s2:0.0.0.0:36910], old=null
2019-09-24 11:59:57,659 INFO  impl.LeaderElection (LeaderElection.java:logAndReturn(56)) - s0@group-3D81F66BC438-LeaderElection86: Election TIMEOUT; received 0 response(s) [] and 0 exception(s); s0@group-3D81F66BC438:t125, leader=null, voted=s0, raftlog=s0@group-3D81F66BC438-SegmentedRaftLog:OPENED:c11,f12,i12, conf=11: [s0:0.0.0.0:42154, s1:0.0.0.0:36158, s2:0.0.0.0:36910], old=null
2019-09-24 11:59:57,685 INFO  impl.LeaderElection (LeaderElection.java:askForVotes(178)) - s0@group-3D81F66BC438-LeaderElection86: begin an election at term 126 for 11: [s0:0.0.0.0:42154, s1:0.0.0.0:36158, s2:0.0.0.0:36910], old=null
2019-09-24 11:59:57,793 INFO  impl.LeaderElection (LeaderElection.java:logAndReturn(56)) - s1@group-3D81F66BC438-LeaderElection85: Election TIMEOUT; received 1 response(s) [s1<-s0#0:FAIL-t125] and 0 exception(s); s1@group-3D81F66BC438:t125, leader=null, voted=s1, raftlog=s1@group-3D81F66BC438-SegmentedRaftLog:OPENED:c10,f11,i11, conf=11: [s0:0.0.0.0:42154, s1:0.0.0.0:36158, s2:0.0.0.0:36910], old=null
2019-09-24 11:59:57,813 INFO  impl.LeaderElection (LeaderElection.java:askForVotes(178)) - s1@group-3D81F66BC438-LeaderElection85: begin an election at term 126 for 11: [s0:0.0.0.0:42154, s1:0.0.0.0:36158, s2:0.0.0.0:36910], old=null
2019-09-24 11:59:57,813 INFO  impl.LeaderElection (LeaderElection.java:logAndReturn(56)) - s2@group-3D81F66BC438-LeaderElection81: Election TIMEOUT; received 1 response(s) [s2<-s0#0:FAIL-t125] and 0 exception(s); s2@group-3D81F66BC438:t125, leader=null, voted=s2, raftlog=s2@group-3D81F66BC438-SegmentedRaftLog:OPENED:c10,f10,i10, conf=9: [s0:0.0.0.0:42154, s1:0.0.0.0:36158, s2:0.0.0.0:36910], old=null
2019-09-24 11:59:57,814 DEBUG impl.RaftServerImpl (RaftServerImpl.java:requestVote(743)) - s0@group-3D81F66BC438: receive requestVote(s1, group-3D81F66BC438, 126, (t:14, i:11))
2019-09-24 11:59:57,814 DEBUG impl.RaftServerImpl (RaftServerImpl.java:requestVote(775)) - s0@group-3D81F66BC438 replies to vote request: s1<-s0#0:FAIL-t126. Peer's state: s0@group-3D81F66BC438:t126, leader=null, voted=s0, raftlog=s0@group-3D81F66BC438-SegmentedRaftLog:OPENED:c11,f12,i12, conf=11: [s0:0.0.0.0:42154, s1:0.0.0.0:36158, s2:0.0.0.0:36910], old=null
2019-09-24 11:59:57,826 INFO  impl.LeaderElection (LeaderElection.java:askForVotes(178)) - s2@group-3D81F66BC438-LeaderElection81: begin an election at term 126 for 9: [s0:0.0.0.0:42154, s1:0.0.0.0:36158, s2:0.0.0.0:36910], old=null
2019-09-24 11:59:57,827 DEBUG impl.RaftServerImpl (RaftServerImpl.java:requestVote(743)) - s0@group-3D81F66BC438: receive requestVote(s2, group-3D81F66BC438, 126, (t:13, i:10))
2019-09-24 11:59:57,827 DEBUG impl.RaftServerImpl (RaftServerImpl.java:requestVote(775)) - s0@group-3D81F66BC438 replies to vote request: s2<-s0#0:FAIL-t126. Peer's state: s0@group-3D81F66BC438:t126, leader=null, voted=s0, raftlog=s0@group-3D81F66BC438-SegmentedRaftLog:OPENED:c11,f12,i12, conf=11: [s0:0.0.0.0:42154, s1:0.0.0.0:36158, s2:0.0.0.0:36910], old=null
2019-09-24 11:59:57,894 INFO  impl.LeaderElection (LeaderElection.java:logAndReturn(56)) - s0@group-3D81F66BC438-LeaderElection86: Election TIMEOUT; received 0 response(s) [] and 0 exception(s); s0@group-3D81F66BC438:t126, leader=null, voted=s0, raftlog=s0@group-3D81F66BC438-SegmentedRaftLog:OPENED:c11,f12,i12, conf=11: [s0:0.0.0.0:42154, s1:0.0.0.0:36158, s2:0.0.0.0:36910], old=null
2019-09-24 11:59:57,928 INFO  impl.LeaderElection (LeaderElection.java:askForVotes(178)) - s0@group-3D81F66BC438-LeaderElection86: begin an election at term 127 for 11: [s0:0.0.0.0:42154, s1:0.0.0.0:36158, s2:0.0.0.0:36910], old=null
2019-09-24 11:59:58,011 INFO  impl.LeaderElection (LeaderElection.java:logAndReturn(56)) - s2@group-3D81F66BC438-LeaderElection81: Election TIMEOUT; received 1 response(s) [s2<-s0#0:FAIL-t126] and 0 exception(s); s2@group-3D81F66BC438:t126, leader=null, voted=s2, raftlog=s2@group-3D81F66BC438-SegmentedRaftLog:OPENED:c10,f10,i10, conf=9: [s0:0.0.0.0:42154, s1:0.0.0.0:36158, s2:0.0.0.0:36910], old=null
2019-09-24 11:59:58,025 INFO  impl.LeaderElection (LeaderElection.java:askForVotes(178)) - s2@group-3D81F66BC438-LeaderElection81: begin an election at term 127 for 9: [s0:0.0.0.0:42154, s1:0.0.0.0:36158, s2:0.0.0.0:36910], old=null
2019-09-24 11:59:58,026 DEBUG impl.RaftServerImpl (RaftServerImpl.java:requestVote(743)) - s0@group-3D81F66BC438: receive requestVote(s2, group-3D81F66BC438, 127, (t:13, i:10))
2019-09-24 11:59:58,026 DEBUG impl.RaftServerImpl (RaftServerImpl.java:requestVote(775)) - s0@group-3D81F66BC438 replies to vote request: s2<-s0#0:FAIL-t127. Peer's state: s0@group-3D81F66BC438:t127, leader=null, voted=s0, raftlog=s0@group-3D81F66BC438-SegmentedRaftLog:OPENED:c11,f12,i12, conf=11: [s0:0.0.0.0:42154, s1:0.0.0.0:36158, s2:0.0.0.0:36910], old=null
2019-09-24 11:59:58,036 INFO  impl.LeaderElection (LeaderElection.java:logAndReturn(56)) - s1@group-3D81F66BC438-LeaderElection85: Election TIMEOUT; received 1 response(s) [s1<-s0#0:FAIL-t126] and 0 exception(s); s1@group-3D81F66BC438:t126, leader=null, voted=s1, raftlog=s1@group-3D81F66BC438-SegmentedRaftLog:OPENED:c10,f11,i11, conf=11: [s0:0.0.0.0:42154, s1:0.0.0.0:36158, s2:0.0.0.0:36910], old=null
2019-09-24 11:59:58,049 INFO  impl.LeaderElection (LeaderElection.java:askForVotes(178)) - s1@group-3D81F66BC438-LeaderElection85: begin an election at term 127 for 11: [s0:0.0.0.0:42154, s1:0.0.0.0:36158, s2:0.0.0.0:36910], old=null
2019-09-24 11:59:58,049 DEBUG impl.RaftServerImpl (RaftServerImpl.java:requestVote(743)) - s0@group-3D81F66BC438: receive requestVote(s1, group-3D81F66BC438, 127, (t:14, i:11))
2019-09-24 11:59:58,050 DEBUG impl.RaftServerImpl (RaftServerImpl.java:requestVote(775)) - s0@group-3D81F66BC438 replies to vote request: s1<-s0#0:FAIL-t127. Peer's state: s0@group-3D81F66BC438:t127, leader=null, voted=s0, raftlog=s0@group-3D81F66BC438-SegmentedRaftLog:OPENED:c11,f12,i12, conf=11: [s0:0.0.0.0:42154, s1:0.0.0.0:36158, s2:0.0.0.0:36910], old=null
2019-09-24 11:59:58,078 WARN  ratis.RaftTestUtil (JavaUtils.java:attempt(158)) - FAILED "waitForLeader-null-(expectLeader? true)", attempt #59/100: java.lang.IllegalStateException: No leader yet : printing ALL groups
  s0:  RUNNING CANDIDATE s0@group-3D81F66BC438:t127, leader=null, voted=s0, raftlog=s0@group-3D81F66BC438-SegmentedRaftLog:OPENED:c11,f12,i12, conf=11: [s0:0.0.0.0:42154, s1:0.0.0.0:36158, s2:0.0.0.0:36910], old=null RUNNING
  s1:  RUNNING CANDIDATE s1@group-3D81F66BC438:t127, leader=null, voted=s1, raftlog=s1@group-3D81F66BC438-SegmentedRaftLog:OPENED:c10,f11,i11, conf=11: [s0:0.0.0.0:42154, s1:0.0.0.0:36158, s2:0.0.0.0:36910], old=null RUNNING
  s2:  RUNNING CANDIDATE s2@group-3D81F66BC438:t127, leader=null, voted=s2, raftlog=s2@group-3D81F66BC438-SegmentedRaftLog:OPENED:c10,f10,i10, conf=9: [s0:0.0.0.0:42154, s1:0.0.0.0:36158, s2:0.0.0.0:36910], old=null RUNNING, sleep 450ms and then retry.
java.lang.IllegalStateException: No leader yet : printing ALL groups
  s0:  RUNNING CANDIDATE s0@group-3D81F66BC438:t127, leader=null, voted=s0, raftlog=s0@group-3D81F66BC438-SegmentedRaftLog:OPENED:c11,f12,i12, conf=11: [s0:0.0.0.0:42154, s1:0.0.0.0:36158, s2:0.0.0.0:36910], old=null RUNNING
  s1:  RUNNING CANDIDATE s1@group-3D81F66BC438:t127, leader=null, voted=s1, raftlog=s1@group-3D81F66BC438-SegmentedRaftLog:OPENED:c10,f11,i11, conf=11: [s0:0.0.0.0:42154, s1:0.0.0.0:36158, s2:0.0.0.0:36910], old=null RUNNING
  s2:  RUNNING CANDIDATE s2@group-3D81F66BC438:t127, leader=null, voted=s2, raftlog=s2@group-3D81F66BC438-SegmentedRaftLog:OPENED:c10,f10,i10, conf=9: [s0:0.0.0.0:42154, s1:0.0.0.0:36158, s2:0.0.0.0:36910], old=null RUNNING
	at org.apache.ratis.MiniRaftCluster.newIllegalStateExceptionForNoLeaders(MiniRaftCluster.java:506)
	at org.apache.ratis.RaftTestUtil.lambda$waitForLeader$1(RaftTestUtil.java:90)
	at org.apache.ratis.MiniRaftCluster.getLeader(MiniRaftCluster.java:539)
	at org.apache.ratis.MiniRaftCluster.getLeader(MiniRaftCluster.java:532)
	at org.apache.ratis.RaftTestUtil.lambda$waitForLeader$3(RaftTestUtil.java:98)
	at org.apache.ratis.util.JavaUtils.attempt(JavaUtils.java:152)
	at org.apache.ratis.RaftTestUtil.waitForLeader(RaftTestUtil.java:97)
	at org.apache.ratis.RaftTestUtil.waitForLeader(RaftTestUtil.java:77)
	at org.apache.ratis.RaftTestUtil.waitForLeader(RaftTestUtil.java:72)
	at org.apache.ratis.RaftTestUtil.lambda$changeLeader$7(RaftTestUtil.java:363)
	at org.apache.ratis.util.JavaUtils.attempt(JavaUtils.java:152)
	at org.apache.ratis.RaftTestUtil.changeLeader(RaftTestUtil.java:362)
	at org.apache.ratis.server.impl.LeaderElectionTests.testChangeLeader(LeaderElectionTests.java:81)
	at sun.reflect.NativeMethodAccessorImpl.invoke0(Native Method)
	at sun.reflect.NativeMethodAccessorImpl.invoke(NativeMethodAccessorImpl.java:62)
	at sun.reflect.DelegatingMethodAccessorImpl.invoke(DelegatingMethodAccessorImpl.java:43)
	at java.lang.reflect.Method.invoke(Method.java:498)
	at org.junit.runners.model.FrameworkMethod$1.runReflectiveCall(FrameworkMethod.java:50)
	at org.junit.internal.runners.model.ReflectiveCallable.run(ReflectiveCallable.java:12)
	at org.junit.runners.model.FrameworkMethod.invokeExplosively(FrameworkMethod.java:47)
	at org.junit.internal.runners.statements.InvokeMethod.evaluate(InvokeMethod.java:17)
	at org.junit.internal.runners.statements.RunAfters.evaluate(RunAfters.java:27)
	at org.junit.internal.runners.statements.FailOnTimeout$CallableStatement.call(FailOnTimeout.java:298)
	at org.junit.internal.runners.statements.FailOnTimeout$CallableStatement.call(FailOnTimeout.java:292)
	at java.util.concurrent.FutureTask.run(FutureTask.java:266)
	at java.lang.Thread.run(Thread.java:748)
2019-09-24 11:59:58,137 INFO  impl.LeaderElection (LeaderElection.java:logAndReturn(56)) - s0@group-3D81F66BC438-LeaderElection86: Election TIMEOUT; received 0 response(s) [] and 0 exception(s); s0@group-3D81F66BC438:t127, leader=null, voted=s0, raftlog=s0@group-3D81F66BC438-SegmentedRaftLog:OPENED:c11,f12,i12, conf=11: [s0:0.0.0.0:42154, s1:0.0.0.0:36158, s2:0.0.0.0:36910], old=null
2019-09-24 11:59:58,163 INFO  impl.LeaderElection (LeaderElection.java:askForVotes(178)) - s0@group-3D81F66BC438-LeaderElection86: begin an election at term 128 for 11: [s0:0.0.0.0:42154, s1:0.0.0.0:36158, s2:0.0.0.0:36910], old=null
2019-09-24 11:59:58,262 INFO  impl.LeaderElection (LeaderElection.java:logAndReturn(56)) - s1@group-3D81F66BC438-LeaderElection85: Election TIMEOUT; received 1 response(s) [s1<-s0#0:FAIL-t127] and 0 exception(s); s1@group-3D81F66BC438:t127, leader=null, voted=s1, raftlog=s1@group-3D81F66BC438-SegmentedRaftLog:OPENED:c10,f11,i11, conf=11: [s0:0.0.0.0:42154, s1:0.0.0.0:36158, s2:0.0.0.0:36910], old=null
2019-09-24 11:59:58,275 INFO  impl.LeaderElection (LeaderElection.java:askForVotes(178)) - s1@group-3D81F66BC438-LeaderElection85: begin an election at term 128 for 11: [s0:0.0.0.0:42154, s1:0.0.0.0:36158, s2:0.0.0.0:36910], old=null
2019-09-24 11:59:58,275 DEBUG impl.RaftServerImpl (RaftServerImpl.java:requestVote(743)) - s0@group-3D81F66BC438: receive requestVote(s1, group-3D81F66BC438, 128, (t:14, i:11))
2019-09-24 11:59:58,276 DEBUG impl.RaftServerImpl (RaftServerImpl.java:requestVote(775)) - s0@group-3D81F66BC438 replies to vote request: s1<-s0#0:FAIL-t128. Peer's state: s0@group-3D81F66BC438:t128, leader=null, voted=s0, raftlog=s0@group-3D81F66BC438-SegmentedRaftLog:OPENED:c11,f12,i12, conf=11: [s0:0.0.0.0:42154, s1:0.0.0.0:36158, s2:0.0.0.0:36910], old=null
2019-09-24 11:59:58,287 INFO  impl.LeaderElection (LeaderElection.java:logAndReturn(56)) - s2@group-3D81F66BC438-LeaderElection81: Election TIMEOUT; received 1 response(s) [s2<-s0#0:FAIL-t127] and 0 exception(s); s2@group-3D81F66BC438:t127, leader=null, voted=s2, raftlog=s2@group-3D81F66BC438-SegmentedRaftLog:OPENED:c10,f10,i10, conf=9: [s0:0.0.0.0:42154, s1:0.0.0.0:36158, s2:0.0.0.0:36910], old=null
2019-09-24 11:59:58,300 INFO  impl.LeaderElection (LeaderElection.java:askForVotes(178)) - s2@group-3D81F66BC438-LeaderElection81: begin an election at term 128 for 9: [s0:0.0.0.0:42154, s1:0.0.0.0:36158, s2:0.0.0.0:36910], old=null
2019-09-24 11:59:58,301 DEBUG impl.RaftServerImpl (RaftServerImpl.java:requestVote(743)) - s0@group-3D81F66BC438: receive requestVote(s2, group-3D81F66BC438, 128, (t:13, i:10))
2019-09-24 11:59:58,301 DEBUG impl.RaftServerImpl (RaftServerImpl.java:requestVote(775)) - s0@group-3D81F66BC438 replies to vote request: s2<-s0#0:FAIL-t128. Peer's state: s0@group-3D81F66BC438:t128, leader=null, voted=s0, raftlog=s0@group-3D81F66BC438-SegmentedRaftLog:OPENED:c11,f12,i12, conf=11: [s0:0.0.0.0:42154, s1:0.0.0.0:36158, s2:0.0.0.0:36910], old=null
2019-09-24 11:59:58,353 INFO  impl.LeaderElection (LeaderElection.java:logAndReturn(56)) - s0@group-3D81F66BC438-LeaderElection86: Election TIMEOUT; received 0 response(s) [] and 0 exception(s); s0@group-3D81F66BC438:t128, leader=null, voted=s0, raftlog=s0@group-3D81F66BC438-SegmentedRaftLog:OPENED:c11,f12,i12, conf=11: [s0:0.0.0.0:42154, s1:0.0.0.0:36158, s2:0.0.0.0:36910], old=null
2019-09-24 11:59:58,368 INFO  impl.LeaderElection (LeaderElection.java:askForVotes(178)) - s0@group-3D81F66BC438-LeaderElection86: begin an election at term 129 for 11: [s0:0.0.0.0:42154, s1:0.0.0.0:36158, s2:0.0.0.0:36910], old=null
2019-09-24 11:59:58,437 INFO  impl.LeaderElection (LeaderElection.java:logAndReturn(56)) - s1@group-3D81F66BC438-LeaderElection85: Election TIMEOUT; received 1 response(s) [s1<-s0#0:FAIL-t128] and 0 exception(s); s1@group-3D81F66BC438:t128, leader=null, voted=s1, raftlog=s1@group-3D81F66BC438-SegmentedRaftLog:OPENED:c10,f11,i11, conf=11: [s0:0.0.0.0:42154, s1:0.0.0.0:36158, s2:0.0.0.0:36910], old=null
2019-09-24 11:59:58,450 INFO  impl.LeaderElection (LeaderElection.java:askForVotes(178)) - s1@group-3D81F66BC438-LeaderElection85: begin an election at term 129 for 11: [s0:0.0.0.0:42154, s1:0.0.0.0:36158, s2:0.0.0.0:36910], old=null
2019-09-24 11:59:58,450 DEBUG impl.RaftServerImpl (RaftServerImpl.java:requestVote(743)) - s0@group-3D81F66BC438: receive requestVote(s1, group-3D81F66BC438, 129, (t:14, i:11))
2019-09-24 11:59:58,451 DEBUG impl.RaftServerImpl (RaftServerImpl.java:requestVote(775)) - s0@group-3D81F66BC438 replies to vote request: s1<-s0#0:FAIL-t129. Peer's state: s0@group-3D81F66BC438:t129, leader=null, voted=s0, raftlog=s0@group-3D81F66BC438-SegmentedRaftLog:OPENED:c11,f12,i12, conf=11: [s0:0.0.0.0:42154, s1:0.0.0.0:36158, s2:0.0.0.0:36910], old=null
2019-09-24 11:59:58,529 WARN  ratis.RaftTestUtil (JavaUtils.java:attempt(158)) - FAILED "waitForLeader-null-(expectLeader? true)", attempt #60/100: java.lang.IllegalStateException: No leader yet : printing ALL groups
  s0:  RUNNING CANDIDATE s0@group-3D81F66BC438:t129, leader=null, voted=s0, raftlog=s0@group-3D81F66BC438-SegmentedRaftLog:OPENED:c11,f12,i12, conf=11: [s0:0.0.0.0:42154, s1:0.0.0.0:36158, s2:0.0.0.0:36910], old=null RUNNING
  s1:  RUNNING CANDIDATE s1@group-3D81F66BC438:t129, leader=null, voted=s1, raftlog=s1@group-3D81F66BC438-SegmentedRaftLog:OPENED:c10,f11,i11, conf=11: [s0:0.0.0.0:42154, s1:0.0.0.0:36158, s2:0.0.0.0:36910], old=null RUNNING
  s2:  RUNNING CANDIDATE s2@group-3D81F66BC438:t128, leader=null, voted=s2, raftlog=s2@group-3D81F66BC438-SegmentedRaftLog:OPENED:c10,f10,i10, conf=9: [s0:0.0.0.0:42154, s1:0.0.0.0:36158, s2:0.0.0.0:36910], old=null RUNNING, sleep 450ms and then retry.
java.lang.IllegalStateException: No leader yet : printing ALL groups
  s0:  RUNNING CANDIDATE s0@group-3D81F66BC438:t129, leader=null, voted=s0, raftlog=s0@group-3D81F66BC438-SegmentedRaftLog:OPENED:c11,f12,i12, conf=11: [s0:0.0.0.0:42154, s1:0.0.0.0:36158, s2:0.0.0.0:36910], old=null RUNNING
  s1:  RUNNING CANDIDATE s1@group-3D81F66BC438:t129, leader=null, voted=s1, raftlog=s1@group-3D81F66BC438-SegmentedRaftLog:OPENED:c10,f11,i11, conf=11: [s0:0.0.0.0:42154, s1:0.0.0.0:36158, s2:0.0.0.0:36910], old=null RUNNING
  s2:  RUNNING CANDIDATE s2@group-3D81F66BC438:t128, leader=null, voted=s2, raftlog=s2@group-3D81F66BC438-SegmentedRaftLog:OPENED:c10,f10,i10, conf=9: [s0:0.0.0.0:42154, s1:0.0.0.0:36158, s2:0.0.0.0:36910], old=null RUNNING
	at org.apache.ratis.MiniRaftCluster.newIllegalStateExceptionForNoLeaders(MiniRaftCluster.java:506)
	at org.apache.ratis.RaftTestUtil.lambda$waitForLeader$1(RaftTestUtil.java:90)
	at org.apache.ratis.MiniRaftCluster.getLeader(MiniRaftCluster.java:539)
	at org.apache.ratis.MiniRaftCluster.getLeader(MiniRaftCluster.java:532)
	at org.apache.ratis.RaftTestUtil.lambda$waitForLeader$3(RaftTestUtil.java:98)
	at org.apache.ratis.util.JavaUtils.attempt(JavaUtils.java:152)
	at org.apache.ratis.RaftTestUtil.waitForLeader(RaftTestUtil.java:97)
	at org.apache.ratis.RaftTestUtil.waitForLeader(RaftTestUtil.java:77)
	at org.apache.ratis.RaftTestUtil.waitForLeader(RaftTestUtil.java:72)
	at org.apache.ratis.RaftTestUtil.lambda$changeLeader$7(RaftTestUtil.java:363)
	at org.apache.ratis.util.JavaUtils.attempt(JavaUtils.java:152)
	at org.apache.ratis.RaftTestUtil.changeLeader(RaftTestUtil.java:362)
	at org.apache.ratis.server.impl.LeaderElectionTests.testChangeLeader(LeaderElectionTests.java:81)
	at sun.reflect.NativeMethodAccessorImpl.invoke0(Native Method)
	at sun.reflect.NativeMethodAccessorImpl.invoke(NativeMethodAccessorImpl.java:62)
	at sun.reflect.DelegatingMethodAccessorImpl.invoke(DelegatingMethodAccessorImpl.java:43)
	at java.lang.reflect.Method.invoke(Method.java:498)
	at org.junit.runners.model.FrameworkMethod$1.runReflectiveCall(FrameworkMethod.java:50)
	at org.junit.internal.runners.model.ReflectiveCallable.run(ReflectiveCallable.java:12)
	at org.junit.runners.model.FrameworkMethod.invokeExplosively(FrameworkMethod.java:47)
	at org.junit.internal.runners.statements.InvokeMethod.evaluate(InvokeMethod.java:17)
	at org.junit.internal.runners.statements.RunAfters.evaluate(RunAfters.java:27)
	at org.junit.internal.runners.statements.FailOnTimeout$CallableStatement.call(FailOnTimeout.java:298)
	at org.junit.internal.runners.statements.FailOnTimeout$CallableStatement.call(FailOnTimeout.java:292)
	at java.util.concurrent.FutureTask.run(FutureTask.java:266)
	at java.lang.Thread.run(Thread.java:748)
2019-09-24 11:59:58,559 INFO  impl.LeaderElection (LeaderElection.java:logAndReturn(56)) - s2@group-3D81F66BC438-LeaderElection81: Election TIMEOUT; received 1 response(s) [s2<-s0#0:FAIL-t128] and 0 exception(s); s2@group-3D81F66BC438:t128, leader=null, voted=s2, raftlog=s2@group-3D81F66BC438-SegmentedRaftLog:OPENED:c10,f10,i10, conf=9: [s0:0.0.0.0:42154, s1:0.0.0.0:36158, s2:0.0.0.0:36910], old=null
2019-09-24 11:59:58,572 INFO  impl.LeaderElection (LeaderElection.java:askForVotes(178)) - s2@group-3D81F66BC438-LeaderElection81: begin an election at term 129 for 9: [s0:0.0.0.0:42154, s1:0.0.0.0:36158, s2:0.0.0.0:36910], old=null
2019-09-24 11:59:58,572 DEBUG impl.RaftServerImpl (RaftServerImpl.java:requestVote(743)) - s0@group-3D81F66BC438: receive requestVote(s2, group-3D81F66BC438, 129, (t:13, i:10))
2019-09-24 11:59:58,572 DEBUG impl.RaftServerImpl (RaftServerImpl.java:requestVote(775)) - s0@group-3D81F66BC438 replies to vote request: s2<-s0#0:FAIL-t129. Peer's state: s0@group-3D81F66BC438:t129, leader=null, voted=s0, raftlog=s0@group-3D81F66BC438-SegmentedRaftLog:OPENED:c11,f12,i12, conf=11: [s0:0.0.0.0:42154, s1:0.0.0.0:36158, s2:0.0.0.0:36910], old=null
2019-09-24 11:59:58,601 INFO  impl.LeaderElection (LeaderElection.java:logAndReturn(56)) - s0@group-3D81F66BC438-LeaderElection86: Election TIMEOUT; received 0 response(s) [] and 0 exception(s); s0@group-3D81F66BC438:t129, leader=null, voted=s0, raftlog=s0@group-3D81F66BC438-SegmentedRaftLog:OPENED:c11,f12,i12, conf=11: [s0:0.0.0.0:42154, s1:0.0.0.0:36158, s2:0.0.0.0:36910], old=null
2019-09-24 11:59:58,616 INFO  impl.LeaderElection (LeaderElection.java:logAndReturn(56)) - s1@group-3D81F66BC438-LeaderElection85: Election TIMEOUT; received 1 response(s) [s1<-s0#0:FAIL-t129] and 0 exception(s); s1@group-3D81F66BC438:t129, leader=null, voted=s1, raftlog=s1@group-3D81F66BC438-SegmentedRaftLog:OPENED:c10,f11,i11, conf=11: [s0:0.0.0.0:42154, s1:0.0.0.0:36158, s2:0.0.0.0:36910], old=null
2019-09-24 11:59:58,623 INFO  impl.LeaderElection (LeaderElection.java:askForVotes(178)) - s0@group-3D81F66BC438-LeaderElection86: begin an election at term 130 for 11: [s0:0.0.0.0:42154, s1:0.0.0.0:36158, s2:0.0.0.0:36910], old=null
2019-09-24 11:59:58,625 INFO  impl.LeaderElection (LeaderElection.java:askForVotes(178)) - s1@group-3D81F66BC438-LeaderElection85: begin an election at term 130 for 11: [s0:0.0.0.0:42154, s1:0.0.0.0:36158, s2:0.0.0.0:36910], old=null
2019-09-24 11:59:58,625 DEBUG impl.RaftServerImpl (RaftServerImpl.java:requestVote(743)) - s0@group-3D81F66BC438: receive requestVote(s1, group-3D81F66BC438, 130, (t:14, i:11))
2019-09-24 11:59:58,625 DEBUG impl.RaftServerImpl (RaftServerImpl.java:requestVote(775)) - s0@group-3D81F66BC438 replies to vote request: s1<-s0#0:FAIL-t130. Peer's state: s0@group-3D81F66BC438:t130, leader=null, voted=s0, raftlog=s0@group-3D81F66BC438-SegmentedRaftLog:OPENED:c11,f12,i12, conf=11: [s0:0.0.0.0:42154, s1:0.0.0.0:36158, s2:0.0.0.0:36910], old=null
2019-09-24 11:59:58,738 INFO  impl.LeaderElection (LeaderElection.java:logAndReturn(56)) - s2@group-3D81F66BC438-LeaderElection81: Election TIMEOUT; received 1 response(s) [s2<-s0#0:FAIL-t129] and 0 exception(s); s2@group-3D81F66BC438:t129, leader=null, voted=s2, raftlog=s2@group-3D81F66BC438-SegmentedRaftLog:OPENED:c10,f10,i10, conf=9: [s0:0.0.0.0:42154, s1:0.0.0.0:36158, s2:0.0.0.0:36910], old=null
2019-09-24 11:59:58,751 INFO  impl.LeaderElection (LeaderElection.java:askForVotes(178)) - s2@group-3D81F66BC438-LeaderElection81: begin an election at term 130 for 9: [s0:0.0.0.0:42154, s1:0.0.0.0:36158, s2:0.0.0.0:36910], old=null
2019-09-24 11:59:58,752 DEBUG impl.RaftServerImpl (RaftServerImpl.java:requestVote(743)) - s0@group-3D81F66BC438: receive requestVote(s2, group-3D81F66BC438, 130, (t:13, i:10))
2019-09-24 11:59:58,752 DEBUG impl.RaftServerImpl (RaftServerImpl.java:requestVote(775)) - s0@group-3D81F66BC438 replies to vote request: s2<-s0#0:FAIL-t130. Peer's state: s0@group-3D81F66BC438:t130, leader=null, voted=s0, raftlog=s0@group-3D81F66BC438-SegmentedRaftLog:OPENED:c11,f12,i12, conf=11: [s0:0.0.0.0:42154, s1:0.0.0.0:36158, s2:0.0.0.0:36910], old=null
2019-09-24 11:59:58,814 INFO  impl.LeaderElection (LeaderElection.java:logAndReturn(56)) - s0@group-3D81F66BC438-LeaderElection86: Election TIMEOUT; received 0 response(s) [] and 0 exception(s); s0@group-3D81F66BC438:t130, leader=null, voted=s0, raftlog=s0@group-3D81F66BC438-SegmentedRaftLog:OPENED:c11,f12,i12, conf=11: [s0:0.0.0.0:42154, s1:0.0.0.0:36158, s2:0.0.0.0:36910], old=null
2019-09-24 11:59:58,827 INFO  impl.LeaderElection (LeaderElection.java:askForVotes(178)) - s0@group-3D81F66BC438-LeaderElection86: begin an election at term 131 for 11: [s0:0.0.0.0:42154, s1:0.0.0.0:36158, s2:0.0.0.0:36910], old=null
2019-09-24 11:59:58,893 INFO  impl.LeaderElection (LeaderElection.java:logAndReturn(56)) - s1@group-3D81F66BC438-LeaderElection85: Election TIMEOUT; received 1 response(s) [s1<-s0#0:FAIL-t130] and 0 exception(s); s1@group-3D81F66BC438:t130, leader=null, voted=s1, raftlog=s1@group-3D81F66BC438-SegmentedRaftLog:OPENED:c10,f11,i11, conf=11: [s0:0.0.0.0:42154, s1:0.0.0.0:36158, s2:0.0.0.0:36910], old=null
2019-09-24 11:59:58,907 INFO  impl.LeaderElection (LeaderElection.java:askForVotes(178)) - s1@group-3D81F66BC438-LeaderElection85: begin an election at term 131 for 11: [s0:0.0.0.0:42154, s1:0.0.0.0:36158, s2:0.0.0.0:36910], old=null
2019-09-24 11:59:58,908 DEBUG impl.RaftServerImpl (RaftServerImpl.java:requestVote(743)) - s0@group-3D81F66BC438: receive requestVote(s1, group-3D81F66BC438, 131, (t:14, i:11))
2019-09-24 11:59:58,908 DEBUG impl.RaftServerImpl (RaftServerImpl.java:requestVote(775)) - s0@group-3D81F66BC438 replies to vote request: s1<-s0#0:FAIL-t131. Peer's state: s0@group-3D81F66BC438:t131, leader=null, voted=s0, raftlog=s0@group-3D81F66BC438-SegmentedRaftLog:OPENED:c11,f12,i12, conf=11: [s0:0.0.0.0:42154, s1:0.0.0.0:36158, s2:0.0.0.0:36910], old=null
2019-09-24 11:59:58,969 INFO  impl.LeaderElection (LeaderElection.java:logAndReturn(56)) - s2@group-3D81F66BC438-LeaderElection81: Election TIMEOUT; received 1 response(s) [s2<-s0#0:FAIL-t130] and 0 exception(s); s2@group-3D81F66BC438:t130, leader=null, voted=s2, raftlog=s2@group-3D81F66BC438-SegmentedRaftLog:OPENED:c10,f10,i10, conf=9: [s0:0.0.0.0:42154, s1:0.0.0.0:36158, s2:0.0.0.0:36910], old=null
2019-09-24 11:59:58,980 WARN  ratis.RaftTestUtil (JavaUtils.java:attempt(158)) - FAILED "waitForLeader-null-(expectLeader? true)", attempt #61/100: java.lang.IllegalStateException: No leader yet : printing ALL groups
  s0:  RUNNING CANDIDATE s0@group-3D81F66BC438:t131, leader=null, voted=s0, raftlog=s0@group-3D81F66BC438-SegmentedRaftLog:OPENED:c11,f12,i12, conf=11: [s0:0.0.0.0:42154, s1:0.0.0.0:36158, s2:0.0.0.0:36910], old=null RUNNING
  s1:  RUNNING CANDIDATE s1@group-3D81F66BC438:t131, leader=null, voted=s1, raftlog=s1@group-3D81F66BC438-SegmentedRaftLog:OPENED:c10,f11,i11, conf=11: [s0:0.0.0.0:42154, s1:0.0.0.0:36158, s2:0.0.0.0:36910], old=null RUNNING
  s2:  RUNNING CANDIDATE s2@group-3D81F66BC438:t131, leader=null, voted=s2, raftlog=s2@group-3D81F66BC438-SegmentedRaftLog:OPENED:c10,f10,i10, conf=9: [s0:0.0.0.0:42154, s1:0.0.0.0:36158, s2:0.0.0.0:36910], old=null RUNNING, sleep 450ms and then retry.
java.lang.IllegalStateException: No leader yet : printing ALL groups
  s0:  RUNNING CANDIDATE s0@group-3D81F66BC438:t131, leader=null, voted=s0, raftlog=s0@group-3D81F66BC438-SegmentedRaftLog:OPENED:c11,f12,i12, conf=11: [s0:0.0.0.0:42154, s1:0.0.0.0:36158, s2:0.0.0.0:36910], old=null RUNNING
  s1:  RUNNING CANDIDATE s1@group-3D81F66BC438:t131, leader=null, voted=s1, raftlog=s1@group-3D81F66BC438-SegmentedRaftLog:OPENED:c10,f11,i11, conf=11: [s0:0.0.0.0:42154, s1:0.0.0.0:36158, s2:0.0.0.0:36910], old=null RUNNING
  s2:  RUNNING CANDIDATE s2@group-3D81F66BC438:t131, leader=null, voted=s2, raftlog=s2@group-3D81F66BC438-SegmentedRaftLog:OPENED:c10,f10,i10, conf=9: [s0:0.0.0.0:42154, s1:0.0.0.0:36158, s2:0.0.0.0:36910], old=null RUNNING
	at org.apache.ratis.MiniRaftCluster.newIllegalStateExceptionForNoLeaders(MiniRaftCluster.java:506)
	at org.apache.ratis.RaftTestUtil.lambda$waitForLeader$1(RaftTestUtil.java:90)
	at org.apache.ratis.MiniRaftCluster.getLeader(MiniRaftCluster.java:539)
	at org.apache.ratis.MiniRaftCluster.getLeader(MiniRaftCluster.java:532)
	at org.apache.ratis.RaftTestUtil.lambda$waitForLeader$3(RaftTestUtil.java:98)
	at org.apache.ratis.util.JavaUtils.attempt(JavaUtils.java:152)
	at org.apache.ratis.RaftTestUtil.waitForLeader(RaftTestUtil.java:97)
	at org.apache.ratis.RaftTestUtil.waitForLeader(RaftTestUtil.java:77)
	at org.apache.ratis.RaftTestUtil.waitForLeader(RaftTestUtil.java:72)
	at org.apache.ratis.RaftTestUtil.lambda$changeLeader$7(RaftTestUtil.java:363)
	at org.apache.ratis.util.JavaUtils.attempt(JavaUtils.java:152)
	at org.apache.ratis.RaftTestUtil.changeLeader(RaftTestUtil.java:362)
	at org.apache.ratis.server.impl.LeaderElectionTests.testChangeLeader(LeaderElectionTests.java:81)
	at sun.reflect.NativeMethodAccessorImpl.invoke0(Native Method)
	at sun.reflect.NativeMethodAccessorImpl.invoke(NativeMethodAccessorImpl.java:62)
	at sun.reflect.DelegatingMethodAccessorImpl.invoke(DelegatingMethodAccessorImpl.java:43)
	at java.lang.reflect.Method.invoke(Method.java:498)
	at org.junit.runners.model.FrameworkMethod$1.runReflectiveCall(FrameworkMethod.java:50)
	at org.junit.internal.runners.model.ReflectiveCallable.run(ReflectiveCallable.java:12)
	at org.junit.runners.model.FrameworkMethod.invokeExplosively(FrameworkMethod.java:47)
	at org.junit.internal.runners.statements.InvokeMethod.evaluate(InvokeMethod.java:17)
	at org.junit.internal.runners.statements.RunAfters.evaluate(RunAfters.java:27)
	at org.junit.internal.runners.statements.FailOnTimeout$CallableStatement.call(FailOnTimeout.java:298)
	at org.junit.internal.runners.statements.FailOnTimeout$CallableStatement.call(FailOnTimeout.java:292)
	at java.util.concurrent.FutureTask.run(FutureTask.java:266)
	at java.lang.Thread.run(Thread.java:748)
2019-09-24 11:59:58,982 INFO  impl.LeaderElection (LeaderElection.java:askForVotes(178)) - s2@group-3D81F66BC438-LeaderElection81: begin an election at term 131 for 9: [s0:0.0.0.0:42154, s1:0.0.0.0:36158, s2:0.0.0.0:36910], old=null
2019-09-24 11:59:58,983 DEBUG impl.RaftServerImpl (RaftServerImpl.java:requestVote(743)) - s0@group-3D81F66BC438: receive requestVote(s2, group-3D81F66BC438, 131, (t:13, i:10))
2019-09-24 11:59:58,983 DEBUG impl.RaftServerImpl (RaftServerImpl.java:requestVote(775)) - s0@group-3D81F66BC438 replies to vote request: s2<-s0#0:FAIL-t131. Peer's state: s0@group-3D81F66BC438:t131, leader=null, voted=s0, raftlog=s0@group-3D81F66BC438-SegmentedRaftLog:OPENED:c11,f12,i12, conf=11: [s0:0.0.0.0:42154, s1:0.0.0.0:36158, s2:0.0.0.0:36910], old=null
2019-09-24 11:59:59,074 INFO  impl.LeaderElection (LeaderElection.java:logAndReturn(56)) - s0@group-3D81F66BC438-LeaderElection86: Election TIMEOUT; received 0 response(s) [] and 0 exception(s); s0@group-3D81F66BC438:t131, leader=null, voted=s0, raftlog=s0@group-3D81F66BC438-SegmentedRaftLog:OPENED:c11,f12,i12, conf=11: [s0:0.0.0.0:42154, s1:0.0.0.0:36158, s2:0.0.0.0:36910], old=null
2019-09-24 11:59:59,089 INFO  impl.LeaderElection (LeaderElection.java:askForVotes(178)) - s0@group-3D81F66BC438-LeaderElection86: begin an election at term 132 for 11: [s0:0.0.0.0:42154, s1:0.0.0.0:36158, s2:0.0.0.0:36910], old=null
2019-09-24 11:59:59,090 INFO  impl.LeaderElection (LeaderElection.java:logAndReturn(56)) - s1@group-3D81F66BC438-LeaderElection85: Election TIMEOUT; received 1 response(s) [s1<-s0#0:FAIL-t131] and 0 exception(s); s1@group-3D81F66BC438:t131, leader=null, voted=s1, raftlog=s1@group-3D81F66BC438-SegmentedRaftLog:OPENED:c10,f11,i11, conf=11: [s0:0.0.0.0:42154, s1:0.0.0.0:36158, s2:0.0.0.0:36910], old=null
2019-09-24 11:59:59,105 INFO  impl.LeaderElection (LeaderElection.java:askForVotes(178)) - s1@group-3D81F66BC438-LeaderElection85: begin an election at term 132 for 11: [s0:0.0.0.0:42154, s1:0.0.0.0:36158, s2:0.0.0.0:36910], old=null
2019-09-24 11:59:59,106 DEBUG impl.RaftServerImpl (RaftServerImpl.java:requestVote(743)) - s0@group-3D81F66BC438: receive requestVote(s1, group-3D81F66BC438, 132, (t:14, i:11))
2019-09-24 11:59:59,106 DEBUG impl.RaftServerImpl (RaftServerImpl.java:requestVote(775)) - s0@group-3D81F66BC438 replies to vote request: s1<-s0#0:FAIL-t132. Peer's state: s0@group-3D81F66BC438:t132, leader=null, voted=s0, raftlog=s0@group-3D81F66BC438-SegmentedRaftLog:OPENED:c11,f12,i12, conf=11: [s0:0.0.0.0:42154, s1:0.0.0.0:36158, s2:0.0.0.0:36910], old=null
2019-09-24 11:59:59,248 INFO  impl.LeaderElection (LeaderElection.java:logAndReturn(56)) - s0@group-3D81F66BC438-LeaderElection86: Election TIMEOUT; received 0 response(s) [] and 0 exception(s); s0@group-3D81F66BC438:t132, leader=null, voted=s0, raftlog=s0@group-3D81F66BC438-SegmentedRaftLog:OPENED:c11,f12,i12, conf=11: [s0:0.0.0.0:42154, s1:0.0.0.0:36158, s2:0.0.0.0:36910], old=null
2019-09-24 11:59:59,260 INFO  impl.LeaderElection (LeaderElection.java:logAndReturn(56)) - s2@group-3D81F66BC438-LeaderElection81: Election TIMEOUT; received 1 response(s) [s2<-s0#0:FAIL-t131] and 0 exception(s); s2@group-3D81F66BC438:t131, leader=null, voted=s2, raftlog=s2@group-3D81F66BC438-SegmentedRaftLog:OPENED:c10,f10,i10, conf=9: [s0:0.0.0.0:42154, s1:0.0.0.0:36158, s2:0.0.0.0:36910], old=null
2019-09-24 11:59:59,270 INFO  impl.LeaderElection (LeaderElection.java:logAndReturn(56)) - s1@group-3D81F66BC438-LeaderElection85: Election TIMEOUT; received 1 response(s) [s1<-s0#0:FAIL-t132] and 0 exception(s); s1@group-3D81F66BC438:t132, leader=null, voted=s1, raftlog=s1@group-3D81F66BC438-SegmentedRaftLog:OPENED:c10,f11,i11, conf=11: [s0:0.0.0.0:42154, s1:0.0.0.0:36158, s2:0.0.0.0:36910], old=null
2019-09-24 11:59:59,273 INFO  impl.LeaderElection (LeaderElection.java:askForVotes(178)) - s0@group-3D81F66BC438-LeaderElection86: begin an election at term 133 for 11: [s0:0.0.0.0:42154, s1:0.0.0.0:36158, s2:0.0.0.0:36910], old=null
2019-09-24 11:59:59,275 INFO  impl.LeaderElection (LeaderElection.java:askForVotes(178)) - s2@group-3D81F66BC438-LeaderElection81: begin an election at term 132 for 9: [s0:0.0.0.0:42154, s1:0.0.0.0:36158, s2:0.0.0.0:36910], old=null
2019-09-24 11:59:59,275 INFO  impl.LeaderElection (LeaderElection.java:askForVotes(178)) - s1@group-3D81F66BC438-LeaderElection85: begin an election at term 133 for 11: [s0:0.0.0.0:42154, s1:0.0.0.0:36158, s2:0.0.0.0:36910], old=null
2019-09-24 11:59:59,276 DEBUG impl.RaftServerImpl (RaftServerImpl.java:requestVote(743)) - s0@group-3D81F66BC438: receive requestVote(s2, group-3D81F66BC438, 132, (t:13, i:10))
2019-09-24 11:59:59,276 DEBUG impl.RaftServerImpl (RaftServerImpl.java:requestVote(743)) - s0@group-3D81F66BC438: receive requestVote(s1, group-3D81F66BC438, 133, (t:14, i:11))
2019-09-24 11:59:59,276 DEBUG impl.RaftServerImpl (RaftServerImpl.java:requestVote(775)) - s0@group-3D81F66BC438 replies to vote request: s2<-s0#0:FAIL-t133. Peer's state: s0@group-3D81F66BC438:t133, leader=null, voted=s0, raftlog=s0@group-3D81F66BC438-SegmentedRaftLog:OPENED:c11,f12,i12, conf=11: [s0:0.0.0.0:42154, s1:0.0.0.0:36158, s2:0.0.0.0:36910], old=null
2019-09-24 11:59:59,277 DEBUG impl.RaftServerImpl (RaftServerImpl.java:requestVote(775)) - s0@group-3D81F66BC438 replies to vote request: s1<-s0#0:FAIL-t133. Peer's state: s0@group-3D81F66BC438:t133, leader=null, voted=s0, raftlog=s0@group-3D81F66BC438-SegmentedRaftLog:OPENED:c11,f12,i12, conf=11: [s0:0.0.0.0:42154, s1:0.0.0.0:36158, s2:0.0.0.0:36910], old=null
2019-09-24 11:59:59,277 INFO  impl.LeaderElection (LeaderElection.java:logAndReturn(56)) - s2@group-3D81F66BC438-LeaderElection81: Election DISCOVERED_A_NEW_TERM; received 1 response(s) [s2<-s0#0:FAIL-t133] and 0 exception(s); s2@group-3D81F66BC438:t132, leader=null, voted=s2, raftlog=s2@group-3D81F66BC438-SegmentedRaftLog:OPENED:c10,f10,i10, conf=9: [s0:0.0.0.0:42154, s1:0.0.0.0:36158, s2:0.0.0.0:36910], old=null
2019-09-24 11:59:59,277 INFO  impl.RaftServerImpl (RaftServerImpl.java:setRole(170)) - s2@group-3D81F66BC438: changes role from CANDIDATE to FOLLOWER at term 133 for DISCOVERED_A_NEW_TERM
2019-09-24 11:59:59,277 INFO  impl.RoleInfo (RoleInfo.java:shutdownLeaderElection(134)) - s2: shutdown LeaderElection
2019-09-24 11:59:59,277 INFO  impl.RoleInfo (RoleInfo.java:updateAndGet(143)) - s2: start FollowerState
2019-09-24 11:59:59,431 WARN  ratis.RaftTestUtil (JavaUtils.java:attempt(158)) - FAILED "waitForLeader-null-(expectLeader? true)", attempt #62/100: java.lang.IllegalStateException: No leader yet : printing ALL groups
  s0:  RUNNING CANDIDATE s0@group-3D81F66BC438:t133, leader=null, voted=s0, raftlog=s0@group-3D81F66BC438-SegmentedRaftLog:OPENED:c11,f12,i12, conf=11: [s0:0.0.0.0:42154, s1:0.0.0.0:36158, s2:0.0.0.0:36910], old=null RUNNING
  s1:  RUNNING CANDIDATE s1@group-3D81F66BC438:t133, leader=null, voted=s1, raftlog=s1@group-3D81F66BC438-SegmentedRaftLog:OPENED:c10,f11,i11, conf=11: [s0:0.0.0.0:42154, s1:0.0.0.0:36158, s2:0.0.0.0:36910], old=null RUNNING
  s2:  RUNNING  FOLLOWER s2@group-3D81F66BC438:t133, leader=null, voted=null, raftlog=s2@group-3D81F66BC438-SegmentedRaftLog:OPENED:c10,f10,i10, conf=9: [s0:0.0.0.0:42154, s1:0.0.0.0:36158, s2:0.0.0.0:36910], old=null RUNNING, sleep 450ms and then retry.
java.lang.IllegalStateException: No leader yet : printing ALL groups
  s0:  RUNNING CANDIDATE s0@group-3D81F66BC438:t133, leader=null, voted=s0, raftlog=s0@group-3D81F66BC438-SegmentedRaftLog:OPENED:c11,f12,i12, conf=11: [s0:0.0.0.0:42154, s1:0.0.0.0:36158, s2:0.0.0.0:36910], old=null RUNNING
  s1:  RUNNING CANDIDATE s1@group-3D81F66BC438:t133, leader=null, voted=s1, raftlog=s1@group-3D81F66BC438-SegmentedRaftLog:OPENED:c10,f11,i11, conf=11: [s0:0.0.0.0:42154, s1:0.0.0.0:36158, s2:0.0.0.0:36910], old=null RUNNING
  s2:  RUNNING  FOLLOWER s2@group-3D81F66BC438:t133, leader=null, voted=null, raftlog=s2@group-3D81F66BC438-SegmentedRaftLog:OPENED:c10,f10,i10, conf=9: [s0:0.0.0.0:42154, s1:0.0.0.0:36158, s2:0.0.0.0:36910], old=null RUNNING
	at org.apache.ratis.MiniRaftCluster.newIllegalStateExceptionForNoLeaders(MiniRaftCluster.java:506)
	at org.apache.ratis.RaftTestUtil.lambda$waitForLeader$1(RaftTestUtil.java:90)
	at org.apache.ratis.MiniRaftCluster.getLeader(MiniRaftCluster.java:539)
	at org.apache.ratis.MiniRaftCluster.getLeader(MiniRaftCluster.java:532)
	at org.apache.ratis.RaftTestUtil.lambda$waitForLeader$3(RaftTestUtil.java:98)
	at org.apache.ratis.util.JavaUtils.attempt(JavaUtils.java:152)
	at org.apache.ratis.RaftTestUtil.waitForLeader(RaftTestUtil.java:97)
	at org.apache.ratis.RaftTestUtil.waitForLeader(RaftTestUtil.java:77)
	at org.apache.ratis.RaftTestUtil.waitForLeader(RaftTestUtil.java:72)
	at org.apache.ratis.RaftTestUtil.lambda$changeLeader$7(RaftTestUtil.java:363)
	at org.apache.ratis.util.JavaUtils.attempt(JavaUtils.java:152)
	at org.apache.ratis.RaftTestUtil.changeLeader(RaftTestUtil.java:362)
	at org.apache.ratis.server.impl.LeaderElectionTests.testChangeLeader(LeaderElectionTests.java:81)
	at sun.reflect.NativeMethodAccessorImpl.invoke0(Native Method)
	at sun.reflect.NativeMethodAccessorImpl.invoke(NativeMethodAccessorImpl.java:62)
	at sun.reflect.DelegatingMethodAccessorImpl.invoke(DelegatingMethodAccessorImpl.java:43)
	at java.lang.reflect.Method.invoke(Method.java:498)
	at org.junit.runners.model.FrameworkMethod$1.runReflectiveCall(FrameworkMethod.java:50)
	at org.junit.internal.runners.model.ReflectiveCallable.run(ReflectiveCallable.java:12)
	at org.junit.runners.model.FrameworkMethod.invokeExplosively(FrameworkMethod.java:47)
	at org.junit.internal.runners.statements.InvokeMethod.evaluate(InvokeMethod.java:17)
	at org.junit.internal.runners.statements.RunAfters.evaluate(RunAfters.java:27)
	at org.junit.internal.runners.statements.FailOnTimeout$CallableStatement.call(FailOnTimeout.java:298)
	at org.junit.internal.runners.statements.FailOnTimeout$CallableStatement.call(FailOnTimeout.java:292)
	at java.util.concurrent.FutureTask.run(FutureTask.java:266)
	at java.lang.Thread.run(Thread.java:748)
2019-09-24 11:59:59,455 INFO  impl.FollowerState (FollowerState.java:run(108)) - s2@group-3D81F66BC438-FollowerState: change to CANDIDATE, lastRpcTime:177ms, electionTimeout:177ms
2019-09-24 11:59:59,455 INFO  impl.RoleInfo (RoleInfo.java:shutdownFollowerState(121)) - s2: shutdown FollowerState
2019-09-24 11:59:59,455 INFO  impl.RaftServerImpl (RaftServerImpl.java:setRole(170)) - s2@group-3D81F66BC438: changes role from  FOLLOWER to CANDIDATE at term 133 for changeToCandidate
2019-09-24 11:59:59,456 INFO  impl.RoleInfo (RoleInfo.java:updateAndGet(143)) - s2: start LeaderElection
2019-09-24 11:59:59,481 INFO  impl.LeaderElection (LeaderElection.java:askForVotes(178)) - s2@group-3D81F66BC438-LeaderElection87: begin an election at term 134 for 9: [s0:0.0.0.0:42154, s1:0.0.0.0:36158, s2:0.0.0.0:36910], old=null
2019-09-24 11:59:59,482 DEBUG impl.RaftServerImpl (RaftServerImpl.java:requestVote(743)) - s0@group-3D81F66BC438: receive requestVote(s2, group-3D81F66BC438, 134, (t:13, i:10))
2019-09-24 11:59:59,482 INFO  impl.RaftServerImpl (RaftServerImpl.java:setRole(170)) - s0@group-3D81F66BC438: changes role from CANDIDATE to FOLLOWER at term 134 for recognizeCandidate:s2
2019-09-24 11:59:59,482 INFO  impl.RoleInfo (RoleInfo.java:shutdownLeaderElection(134)) - s0: shutdown LeaderElection
2019-09-24 11:59:59,482 INFO  impl.RoleInfo (RoleInfo.java:updateAndGet(143)) - s0: start FollowerState
2019-09-24 11:59:59,497 DEBUG impl.RaftServerImpl (RaftServerImpl.java:requestVote(775)) - s0@group-3D81F66BC438 replies to vote request: s2<-s0#0:FAIL-t134. Peer's state: s0@group-3D81F66BC438:t134, leader=null, voted=null, raftlog=s0@group-3D81F66BC438-SegmentedRaftLog:OPENED:c11,f12,i12, conf=11: [s0:0.0.0.0:42154, s1:0.0.0.0:36158, s2:0.0.0.0:36910], old=null
2019-09-24 11:59:59,497 INFO  impl.LeaderElection (LeaderElection.java:logAndReturn(56)) - s1@group-3D81F66BC438-LeaderElection85: Election TIMEOUT; received 1 response(s) [s1<-s0#0:FAIL-t133] and 0 exception(s); s1@group-3D81F66BC438:t133, leader=null, voted=s1, raftlog=s1@group-3D81F66BC438-SegmentedRaftLog:OPENED:c10,f11,i11, conf=11: [s0:0.0.0.0:42154, s1:0.0.0.0:36158, s2:0.0.0.0:36910], old=null
2019-09-24 11:59:59,511 INFO  impl.LeaderElection (LeaderElection.java:askForVotes(178)) - s1@group-3D81F66BC438-LeaderElection85: begin an election at term 134 for 11: [s0:0.0.0.0:42154, s1:0.0.0.0:36158, s2:0.0.0.0:36910], old=null
2019-09-24 11:59:59,512 DEBUG impl.RaftServerImpl (RaftServerImpl.java:requestVote(743)) - s0@group-3D81F66BC438: receive requestVote(s1, group-3D81F66BC438, 134, (t:14, i:11))
2019-09-24 11:59:59,512 INFO  impl.RaftServerImpl (RaftServerImpl.java:setRole(170)) - s0@group-3D81F66BC438: changes role from  FOLLOWER to FOLLOWER at term 134 for recognizeCandidate:s1
2019-09-24 11:59:59,512 INFO  impl.RoleInfo (RoleInfo.java:shutdownFollowerState(121)) - s0: shutdown FollowerState
2019-09-24 11:59:59,512 INFO  impl.RoleInfo (RoleInfo.java:updateAndGet(143)) - s0: start FollowerState
2019-09-24 11:59:59,512 INFO  impl.FollowerState (FollowerState.java:run(117)) - s0@group-3D81F66BC438-FollowerState was interrupted: java.lang.InterruptedException: sleep interrupted
2019-09-24 11:59:59,512 DEBUG impl.RaftServerImpl (RaftServerImpl.java:requestVote(775)) - s0@group-3D81F66BC438 replies to vote request: s1<-s0#0:FAIL-t134. Peer's state: s0@group-3D81F66BC438:t134, leader=null, voted=null, raftlog=s0@group-3D81F66BC438-SegmentedRaftLog:OPENED:c11,f12,i12, conf=11: [s0:0.0.0.0:42154, s1:0.0.0.0:36158, s2:0.0.0.0:36910], old=null
2019-09-24 11:59:59,567 INFO  impl.LeaderElection (LeaderElection.java:logAndReturn(56)) - s0@group-3D81F66BC438-LeaderElection86: Election REJECTED; received 0 response(s) [] and 0 exception(s); s0@group-3D81F66BC438:t134, leader=null, voted=null, raftlog=s0@group-3D81F66BC438-SegmentedRaftLog:OPENED:c11,f12,i12, conf=11: [s0:0.0.0.0:42154, s1:0.0.0.0:36158, s2:0.0.0.0:36910], old=null
2019-09-24 11:59:59,641 INFO  impl.LeaderElection (LeaderElection.java:logAndReturn(56)) - s2@group-3D81F66BC438-LeaderElection87: Election TIMEOUT; received 1 response(s) [s2<-s0#0:FAIL-t134] and 0 exception(s); s2@group-3D81F66BC438:t134, leader=null, voted=s2, raftlog=s2@group-3D81F66BC438-SegmentedRaftLog:OPENED:c10,f10,i10, conf=9: [s0:0.0.0.0:42154, s1:0.0.0.0:36158, s2:0.0.0.0:36910], old=null
2019-09-24 11:59:59,667 INFO  impl.LeaderElection (LeaderElection.java:logAndReturn(56)) - s1@group-3D81F66BC438-LeaderElection85: Election TIMEOUT; received 1 response(s) [s1<-s0#0:FAIL-t134] and 0 exception(s); s1@group-3D81F66BC438:t134, leader=null, voted=s1, raftlog=s1@group-3D81F66BC438-SegmentedRaftLog:OPENED:c10,f11,i11, conf=11: [s0:0.0.0.0:42154, s1:0.0.0.0:36158, s2:0.0.0.0:36910], old=null
2019-09-24 11:59:59,680 INFO  impl.FollowerState (FollowerState.java:run(108)) - s0@group-3D81F66BC438-FollowerState: change to CANDIDATE, lastRpcTime:167ms, electionTimeout:167ms
2019-09-24 11:59:59,680 INFO  impl.RoleInfo (RoleInfo.java:shutdownFollowerState(121)) - s0: shutdown FollowerState
2019-09-24 11:59:59,680 INFO  impl.RaftServerImpl (RaftServerImpl.java:setRole(170)) - s0@group-3D81F66BC438: changes role from  FOLLOWER to CANDIDATE at term 134 for changeToCandidate
2019-09-24 11:59:59,680 INFO  impl.RoleInfo (RoleInfo.java:updateAndGet(143)) - s0: start LeaderElection
2019-09-24 11:59:59,692 INFO  impl.LeaderElection (LeaderElection.java:askForVotes(178)) - s1@group-3D81F66BC438-LeaderElection85: begin an election at term 135 for 11: [s0:0.0.0.0:42154, s1:0.0.0.0:36158, s2:0.0.0.0:36910], old=null
2019-09-24 11:59:59,692 INFO  impl.LeaderElection (LeaderElection.java:askForVotes(178)) - s2@group-3D81F66BC438-LeaderElection87: begin an election at term 135 for 9: [s0:0.0.0.0:42154, s1:0.0.0.0:36158, s2:0.0.0.0:36910], old=null
2019-09-24 11:59:59,693 DEBUG impl.RaftServerImpl (RaftServerImpl.java:requestVote(743)) - s0@group-3D81F66BC438: receive requestVote(s1, group-3D81F66BC438, 135, (t:14, i:11))
2019-09-24 11:59:59,693 DEBUG impl.RaftServerImpl (RaftServerImpl.java:requestVote(743)) - s0@group-3D81F66BC438: receive requestVote(s2, group-3D81F66BC438, 135, (t:13, i:10))
2019-09-24 11:59:59,696 INFO  impl.LeaderElection (LeaderElection.java:askForVotes(178)) - s0@group-3D81F66BC438-LeaderElection88: begin an election at term 135 for 11: [s0:0.0.0.0:42154, s1:0.0.0.0:36158, s2:0.0.0.0:36910], old=null
2019-09-24 11:59:59,696 DEBUG impl.RaftServerImpl (RaftServerImpl.java:requestVote(775)) - s0@group-3D81F66BC438 replies to vote request: s2<-s0#0:FAIL-t135. Peer's state: s0@group-3D81F66BC438:t135, leader=null, voted=s0, raftlog=s0@group-3D81F66BC438-SegmentedRaftLog:OPENED:c11,f12,i12, conf=11: [s0:0.0.0.0:42154, s1:0.0.0.0:36158, s2:0.0.0.0:36910], old=null
2019-09-24 11:59:59,696 DEBUG impl.RaftServerImpl (RaftServerImpl.java:requestVote(775)) - s0@group-3D81F66BC438 replies to vote request: s1<-s0#0:FAIL-t135. Peer's state: s0@group-3D81F66BC438:t135, leader=null, voted=s0, raftlog=s0@group-3D81F66BC438-SegmentedRaftLog:OPENED:c11,f12,i12, conf=11: [s0:0.0.0.0:42154, s1:0.0.0.0:36158, s2:0.0.0.0:36910], old=null
2019-09-24 11:59:59,850 INFO  impl.LeaderElection (LeaderElection.java:logAndReturn(56)) - s2@group-3D81F66BC438-LeaderElection87: Election TIMEOUT; received 1 response(s) [s2<-s0#0:FAIL-t135] and 0 exception(s); s2@group-3D81F66BC438:t135, leader=null, voted=s2, raftlog=s2@group-3D81F66BC438-SegmentedRaftLog:OPENED:c10,f10,i10, conf=9: [s0:0.0.0.0:42154, s1:0.0.0.0:36158, s2:0.0.0.0:36910], old=null
2019-09-24 11:59:59,876 INFO  impl.LeaderElection (LeaderElection.java:askForVotes(178)) - s2@group-3D81F66BC438-LeaderElection87: begin an election at term 136 for 9: [s0:0.0.0.0:42154, s1:0.0.0.0:36158, s2:0.0.0.0:36910], old=null
2019-09-24 11:59:59,877 DEBUG impl.RaftServerImpl (RaftServerImpl.java:requestVote(743)) - s0@group-3D81F66BC438: receive requestVote(s2, group-3D81F66BC438, 136, (t:13, i:10))
2019-09-24 11:59:59,877 INFO  impl.RaftServerImpl (RaftServerImpl.java:setRole(170)) - s0@group-3D81F66BC438: changes role from CANDIDATE to FOLLOWER at term 136 for recognizeCandidate:s2
2019-09-24 11:59:59,877 INFO  impl.RoleInfo (RoleInfo.java:shutdownLeaderElection(134)) - s0: shutdown LeaderElection
2019-09-24 11:59:59,877 INFO  impl.RoleInfo (RoleInfo.java:updateAndGet(143)) - s0: start FollowerState
2019-09-24 11:59:59,882 WARN  ratis.RaftTestUtil (JavaUtils.java:attempt(158)) - FAILED "waitForLeader-null-(expectLeader? true)", attempt #63/100: java.lang.IllegalStateException: No leader yet : printing ALL groups
  s0:  RUNNING  FOLLOWER s0@group-3D81F66BC438:t136, leader=null, voted=null, raftlog=s0@group-3D81F66BC438-SegmentedRaftLog:OPENED:c11,f12,i12, conf=11: [s0:0.0.0.0:42154, s1:0.0.0.0:36158, s2:0.0.0.0:36910], old=null RUNNING
  s1:  RUNNING CANDIDATE s1@group-3D81F66BC438:t135, leader=null, voted=s1, raftlog=s1@group-3D81F66BC438-SegmentedRaftLog:OPENED:c10,f11,i11, conf=11: [s0:0.0.0.0:42154, s1:0.0.0.0:36158, s2:0.0.0.0:36910], old=null RUNNING
  s2:  RUNNING CANDIDATE s2@group-3D81F66BC438:t136, leader=null, voted=s2, raftlog=s2@group-3D81F66BC438-SegmentedRaftLog:OPENED:c10,f10,i10, conf=9: [s0:0.0.0.0:42154, s1:0.0.0.0:36158, s2:0.0.0.0:36910], old=null RUNNING, sleep 450ms and then retry.
java.lang.IllegalStateException: No leader yet : printing ALL groups
  s0:  RUNNING  FOLLOWER s0@group-3D81F66BC438:t136, leader=null, voted=null, raftlog=s0@group-3D81F66BC438-SegmentedRaftLog:OPENED:c11,f12,i12, conf=11: [s0:0.0.0.0:42154, s1:0.0.0.0:36158, s2:0.0.0.0:36910], old=null RUNNING
  s1:  RUNNING CANDIDATE s1@group-3D81F66BC438:t135, leader=null, voted=s1, raftlog=s1@group-3D81F66BC438-SegmentedRaftLog:OPENED:c10,f11,i11, conf=11: [s0:0.0.0.0:42154, s1:0.0.0.0:36158, s2:0.0.0.0:36910], old=null RUNNING
  s2:  RUNNING CANDIDATE s2@group-3D81F66BC438:t136, leader=null, voted=s2, raftlog=s2@group-3D81F66BC438-SegmentedRaftLog:OPENED:c10,f10,i10, conf=9: [s0:0.0.0.0:42154, s1:0.0.0.0:36158, s2:0.0.0.0:36910], old=null RUNNING
	at org.apache.ratis.MiniRaftCluster.newIllegalStateExceptionForNoLeaders(MiniRaftCluster.java:506)
	at org.apache.ratis.RaftTestUtil.lambda$waitForLeader$1(RaftTestUtil.java:90)
	at org.apache.ratis.MiniRaftCluster.getLeader(MiniRaftCluster.java:539)
	at org.apache.ratis.MiniRaftCluster.getLeader(MiniRaftCluster.java:532)
	at org.apache.ratis.RaftTestUtil.lambda$waitForLeader$3(RaftTestUtil.java:98)
	at org.apache.ratis.util.JavaUtils.attempt(JavaUtils.java:152)
	at org.apache.ratis.RaftTestUtil.waitForLeader(RaftTestUtil.java:97)
	at org.apache.ratis.RaftTestUtil.waitForLeader(RaftTestUtil.java:77)
	at org.apache.ratis.RaftTestUtil.waitForLeader(RaftTestUtil.java:72)
	at org.apache.ratis.RaftTestUtil.lambda$changeLeader$7(RaftTestUtil.java:363)
	at org.apache.ratis.util.JavaUtils.attempt(JavaUtils.java:152)
	at org.apache.ratis.RaftTestUtil.changeLeader(RaftTestUtil.java:362)
	at org.apache.ratis.server.impl.LeaderElectionTests.testChangeLeader(LeaderElectionTests.java:81)
	at sun.reflect.NativeMethodAccessorImpl.invoke0(Native Method)
	at sun.reflect.NativeMethodAccessorImpl.invoke(NativeMethodAccessorImpl.java:62)
	at sun.reflect.DelegatingMethodAccessorImpl.invoke(DelegatingMethodAccessorImpl.java:43)
	at java.lang.reflect.Method.invoke(Method.java:498)
	at org.junit.runners.model.FrameworkMethod$1.runReflectiveCall(FrameworkMethod.java:50)
	at org.junit.internal.runners.model.ReflectiveCallable.run(ReflectiveCallable.java:12)
	at org.junit.runners.model.FrameworkMethod.invokeExplosively(FrameworkMethod.java:47)
	at org.junit.internal.runners.statements.InvokeMethod.evaluate(InvokeMethod.java:17)
	at org.junit.internal.runners.statements.RunAfters.evaluate(RunAfters.java:27)
	at org.junit.internal.runners.statements.FailOnTimeout$CallableStatement.call(FailOnTimeout.java:298)
	at org.junit.internal.runners.statements.FailOnTimeout$CallableStatement.call(FailOnTimeout.java:292)
	at java.util.concurrent.FutureTask.run(FutureTask.java:266)
	at java.lang.Thread.run(Thread.java:748)
2019-09-24 11:59:59,891 DEBUG impl.RaftServerImpl (RaftServerImpl.java:requestVote(775)) - s0@group-3D81F66BC438 replies to vote request: s2<-s0#0:FAIL-t136. Peer's state: s0@group-3D81F66BC438:t136, leader=null, voted=null, raftlog=s0@group-3D81F66BC438-SegmentedRaftLog:OPENED:c11,f12,i12, conf=11: [s0:0.0.0.0:42154, s1:0.0.0.0:36158, s2:0.0.0.0:36910], old=null
2019-09-24 11:59:59,922 INFO  impl.LeaderElection (LeaderElection.java:logAndReturn(56)) - s1@group-3D81F66BC438-LeaderElection85: Election TIMEOUT; received 1 response(s) [s1<-s0#0:FAIL-t135] and 0 exception(s); s1@group-3D81F66BC438:t135, leader=null, voted=s1, raftlog=s1@group-3D81F66BC438-SegmentedRaftLog:OPENED:c10,f11,i11, conf=11: [s0:0.0.0.0:42154, s1:0.0.0.0:36158, s2:0.0.0.0:36910], old=null
2019-09-24 11:59:59,934 INFO  impl.LeaderElection (LeaderElection.java:logAndReturn(56)) - s0@group-3D81F66BC438-LeaderElection88: Election REJECTED; received 0 response(s) [] and 0 exception(s); s0@group-3D81F66BC438:t136, leader=null, voted=null, raftlog=s0@group-3D81F66BC438-SegmentedRaftLog:OPENED:c11,f12,i12, conf=11: [s0:0.0.0.0:42154, s1:0.0.0.0:36158, s2:0.0.0.0:36910], old=null
2019-09-24 11:59:59,936 INFO  impl.LeaderElection (LeaderElection.java:askForVotes(178)) - s1@group-3D81F66BC438-LeaderElection85: begin an election at term 136 for 11: [s0:0.0.0.0:42154, s1:0.0.0.0:36158, s2:0.0.0.0:36910], old=null
2019-09-24 11:59:59,937 DEBUG impl.RaftServerImpl (RaftServerImpl.java:requestVote(743)) - s0@group-3D81F66BC438: receive requestVote(s1, group-3D81F66BC438, 136, (t:14, i:11))
2019-09-24 11:59:59,937 INFO  impl.RaftServerImpl (RaftServerImpl.java:setRole(170)) - s0@group-3D81F66BC438: changes role from  FOLLOWER to FOLLOWER at term 136 for recognizeCandidate:s1
2019-09-24 11:59:59,937 INFO  impl.RoleInfo (RoleInfo.java:shutdownFollowerState(121)) - s0: shutdown FollowerState
2019-09-24 11:59:59,937 INFO  impl.RoleInfo (RoleInfo.java:updateAndGet(143)) - s0: start FollowerState
2019-09-24 11:59:59,938 INFO  impl.FollowerState (FollowerState.java:run(117)) - s0@group-3D81F66BC438-FollowerState was interrupted: java.lang.InterruptedException: sleep interrupted
2019-09-24 11:59:59,938 DEBUG impl.RaftServerImpl (RaftServerImpl.java:requestVote(775)) - s0@group-3D81F66BC438 replies to vote request: s1<-s0#0:FAIL-t136. Peer's state: s0@group-3D81F66BC438:t136, leader=null, voted=null, raftlog=s0@group-3D81F66BC438-SegmentedRaftLog:OPENED:c11,f12,i12, conf=11: [s0:0.0.0.0:42154, s1:0.0.0.0:36158, s2:0.0.0.0:36910], old=null
2019-09-24 12:00:00,105 INFO  impl.FollowerState (FollowerState.java:run(108)) - s0@group-3D81F66BC438-FollowerState: change to CANDIDATE, lastRpcTime:167ms, electionTimeout:167ms
2019-09-24 12:00:00,105 INFO  impl.RoleInfo (RoleInfo.java:shutdownFollowerState(121)) - s0: shutdown FollowerState
2019-09-24 12:00:00,105 INFO  impl.RaftServerImpl (RaftServerImpl.java:setRole(170)) - s0@group-3D81F66BC438: changes role from  FOLLOWER to CANDIDATE at term 136 for changeToCandidate
2019-09-24 12:00:00,106 INFO  impl.RoleInfo (RoleInfo.java:updateAndGet(143)) - s0: start LeaderElection
2019-09-24 12:00:00,119 INFO  impl.LeaderElection (LeaderElection.java:askForVotes(178)) - s0@group-3D81F66BC438-LeaderElection89: begin an election at term 137 for 11: [s0:0.0.0.0:42154, s1:0.0.0.0:36158, s2:0.0.0.0:36910], old=null
2019-09-24 12:00:00,136 INFO  impl.LeaderElection (LeaderElection.java:logAndReturn(56)) - s1@group-3D81F66BC438-LeaderElection85: Election TIMEOUT; received 1 response(s) [s1<-s0#0:FAIL-t136] and 0 exception(s); s1@group-3D81F66BC438:t136, leader=null, voted=s1, raftlog=s1@group-3D81F66BC438-SegmentedRaftLog:OPENED:c10,f11,i11, conf=11: [s0:0.0.0.0:42154, s1:0.0.0.0:36158, s2:0.0.0.0:36910], old=null
2019-09-24 12:00:00,143 INFO  impl.LeaderElection (LeaderElection.java:logAndReturn(56)) - s2@group-3D81F66BC438-LeaderElection87: Election TIMEOUT; received 1 response(s) [s2<-s0#0:FAIL-t136] and 0 exception(s); s2@group-3D81F66BC438:t136, leader=null, voted=s2, raftlog=s2@group-3D81F66BC438-SegmentedRaftLog:OPENED:c10,f10,i10, conf=9: [s0:0.0.0.0:42154, s1:0.0.0.0:36158, s2:0.0.0.0:36910], old=null
2019-09-24 12:00:00,150 INFO  impl.LeaderElection (LeaderElection.java:askForVotes(178)) - s2@group-3D81F66BC438-LeaderElection87: begin an election at term 137 for 9: [s0:0.0.0.0:42154, s1:0.0.0.0:36158, s2:0.0.0.0:36910], old=null
2019-09-24 12:00:00,150 INFO  impl.LeaderElection (LeaderElection.java:askForVotes(178)) - s1@group-3D81F66BC438-LeaderElection85: begin an election at term 137 for 11: [s0:0.0.0.0:42154, s1:0.0.0.0:36158, s2:0.0.0.0:36910], old=null
2019-09-24 12:00:00,151 DEBUG impl.RaftServerImpl (RaftServerImpl.java:requestVote(743)) - s0@group-3D81F66BC438: receive requestVote(s2, group-3D81F66BC438, 137, (t:13, i:10))
2019-09-24 12:00:00,151 DEBUG impl.RaftServerImpl (RaftServerImpl.java:requestVote(775)) - s0@group-3D81F66BC438 replies to vote request: s2<-s0#0:FAIL-t137. Peer's state: s0@group-3D81F66BC438:t137, leader=null, voted=s0, raftlog=s0@group-3D81F66BC438-SegmentedRaftLog:OPENED:c11,f12,i12, conf=11: [s0:0.0.0.0:42154, s1:0.0.0.0:36158, s2:0.0.0.0:36910], old=null
2019-09-24 12:00:00,151 DEBUG impl.RaftServerImpl (RaftServerImpl.java:requestVote(743)) - s0@group-3D81F66BC438: receive requestVote(s1, group-3D81F66BC438, 137, (t:14, i:11))
2019-09-24 12:00:00,151 DEBUG impl.RaftServerImpl (RaftServerImpl.java:requestVote(775)) - s0@group-3D81F66BC438 replies to vote request: s1<-s0#0:FAIL-t137. Peer's state: s0@group-3D81F66BC438:t137, leader=null, voted=s0, raftlog=s0@group-3D81F66BC438-SegmentedRaftLog:OPENED:c11,f12,i12, conf=11: [s0:0.0.0.0:42154, s1:0.0.0.0:36158, s2:0.0.0.0:36910], old=null
2019-09-24 12:00:00,297 INFO  impl.LeaderElection (LeaderElection.java:logAndReturn(56)) - s0@group-3D81F66BC438-LeaderElection89: Election TIMEOUT; received 0 response(s) [] and 0 exception(s); s0@group-3D81F66BC438:t137, leader=null, voted=s0, raftlog=s0@group-3D81F66BC438-SegmentedRaftLog:OPENED:c11,f12,i12, conf=11: [s0:0.0.0.0:42154, s1:0.0.0.0:36158, s2:0.0.0.0:36910], old=null
2019-09-24 12:00:00,322 INFO  impl.LeaderElection (LeaderElection.java:askForVotes(178)) - s0@group-3D81F66BC438-LeaderElection89: begin an election at term 138 for 11: [s0:0.0.0.0:42154, s1:0.0.0.0:36158, s2:0.0.0.0:36910], old=null
2019-09-24 12:00:00,333 WARN  ratis.RaftTestUtil (JavaUtils.java:attempt(158)) - FAILED "waitForLeader-null-(expectLeader? true)", attempt #64/100: java.lang.IllegalStateException: No leader yet : printing ALL groups
  s0:  RUNNING CANDIDATE s0@group-3D81F66BC438:t138, leader=null, voted=s0, raftlog=s0@group-3D81F66BC438-SegmentedRaftLog:OPENED:c11,f12,i12, conf=11: [s0:0.0.0.0:42154, s1:0.0.0.0:36158, s2:0.0.0.0:36910], old=null RUNNING
  s1:  RUNNING CANDIDATE s1@group-3D81F66BC438:t137, leader=null, voted=s1, raftlog=s1@group-3D81F66BC438-SegmentedRaftLog:OPENED:c10,f11,i11, conf=11: [s0:0.0.0.0:42154, s1:0.0.0.0:36158, s2:0.0.0.0:36910], old=null RUNNING
  s2:  RUNNING CANDIDATE s2@group-3D81F66BC438:t137, leader=null, voted=s2, raftlog=s2@group-3D81F66BC438-SegmentedRaftLog:OPENED:c10,f10,i10, conf=9: [s0:0.0.0.0:42154, s1:0.0.0.0:36158, s2:0.0.0.0:36910], old=null RUNNING, sleep 450ms and then retry.
java.lang.IllegalStateException: No leader yet : printing ALL groups
  s0:  RUNNING CANDIDATE s0@group-3D81F66BC438:t138, leader=null, voted=s0, raftlog=s0@group-3D81F66BC438-SegmentedRaftLog:OPENED:c11,f12,i12, conf=11: [s0:0.0.0.0:42154, s1:0.0.0.0:36158, s2:0.0.0.0:36910], old=null RUNNING
  s1:  RUNNING CANDIDATE s1@group-3D81F66BC438:t137, leader=null, voted=s1, raftlog=s1@group-3D81F66BC438-SegmentedRaftLog:OPENED:c10,f11,i11, conf=11: [s0:0.0.0.0:42154, s1:0.0.0.0:36158, s2:0.0.0.0:36910], old=null RUNNING
  s2:  RUNNING CANDIDATE s2@group-3D81F66BC438:t137, leader=null, voted=s2, raftlog=s2@group-3D81F66BC438-SegmentedRaftLog:OPENED:c10,f10,i10, conf=9: [s0:0.0.0.0:42154, s1:0.0.0.0:36158, s2:0.0.0.0:36910], old=null RUNNING
	at org.apache.ratis.MiniRaftCluster.newIllegalStateExceptionForNoLeaders(MiniRaftCluster.java:506)
	at org.apache.ratis.RaftTestUtil.lambda$waitForLeader$1(RaftTestUtil.java:90)
	at org.apache.ratis.MiniRaftCluster.getLeader(MiniRaftCluster.java:539)
	at org.apache.ratis.MiniRaftCluster.getLeader(MiniRaftCluster.java:532)
	at org.apache.ratis.RaftTestUtil.lambda$waitForLeader$3(RaftTestUtil.java:98)
	at org.apache.ratis.util.JavaUtils.attempt(JavaUtils.java:152)
	at org.apache.ratis.RaftTestUtil.waitForLeader(RaftTestUtil.java:97)
	at org.apache.ratis.RaftTestUtil.waitForLeader(RaftTestUtil.java:77)
	at org.apache.ratis.RaftTestUtil.waitForLeader(RaftTestUtil.java:72)
	at org.apache.ratis.RaftTestUtil.lambda$changeLeader$7(RaftTestUtil.java:363)
	at org.apache.ratis.util.JavaUtils.attempt(JavaUtils.java:152)
	at org.apache.ratis.RaftTestUtil.changeLeader(RaftTestUtil.java:362)
	at org.apache.ratis.server.impl.LeaderElectionTests.testChangeLeader(LeaderElectionTests.java:81)
	at sun.reflect.NativeMethodAccessorImpl.invoke0(Native Method)
	at sun.reflect.NativeMethodAccessorImpl.invoke(NativeMethodAccessorImpl.java:62)
	at sun.reflect.DelegatingMethodAccessorImpl.invoke(DelegatingMethodAccessorImpl.java:43)
	at java.lang.reflect.Method.invoke(Method.java:498)
	at org.junit.runners.model.FrameworkMethod$1.runReflectiveCall(FrameworkMethod.java:50)
	at org.junit.internal.runners.model.ReflectiveCallable.run(ReflectiveCallable.java:12)
	at org.junit.runners.model.FrameworkMethod.invokeExplosively(FrameworkMethod.java:47)
	at org.junit.internal.runners.statements.InvokeMethod.evaluate(InvokeMethod.java:17)
	at org.junit.internal.runners.statements.RunAfters.evaluate(RunAfters.java:27)
	at org.junit.internal.runners.statements.FailOnTimeout$CallableStatement.call(FailOnTimeout.java:298)
	at org.junit.internal.runners.statements.FailOnTimeout$CallableStatement.call(FailOnTimeout.java:292)
	at java.util.concurrent.FutureTask.run(FutureTask.java:266)
	at java.lang.Thread.run(Thread.java:748)
2019-09-24 12:00:00,392 INFO  impl.LeaderElection (LeaderElection.java:logAndReturn(56)) - s1@group-3D81F66BC438-LeaderElection85: Election TIMEOUT; received 1 response(s) [s1<-s0#0:FAIL-t137] and 0 exception(s); s1@group-3D81F66BC438:t137, leader=null, voted=s1, raftlog=s1@group-3D81F66BC438-SegmentedRaftLog:OPENED:c10,f11,i11, conf=11: [s0:0.0.0.0:42154, s1:0.0.0.0:36158, s2:0.0.0.0:36910], old=null
2019-09-24 12:00:00,407 INFO  impl.LeaderElection (LeaderElection.java:askForVotes(178)) - s1@group-3D81F66BC438-LeaderElection85: begin an election at term 138 for 11: [s0:0.0.0.0:42154, s1:0.0.0.0:36158, s2:0.0.0.0:36910], old=null
2019-09-24 12:00:00,408 DEBUG impl.RaftServerImpl (RaftServerImpl.java:requestVote(743)) - s0@group-3D81F66BC438: receive requestVote(s1, group-3D81F66BC438, 138, (t:14, i:11))
2019-09-24 12:00:00,408 DEBUG impl.RaftServerImpl (RaftServerImpl.java:requestVote(775)) - s0@group-3D81F66BC438 replies to vote request: s1<-s0#0:FAIL-t138. Peer's state: s0@group-3D81F66BC438:t138, leader=null, voted=s0, raftlog=s0@group-3D81F66BC438-SegmentedRaftLog:OPENED:c11,f12,i12, conf=11: [s0:0.0.0.0:42154, s1:0.0.0.0:36158, s2:0.0.0.0:36910], old=null
2019-09-24 12:00:00,432 INFO  impl.LeaderElection (LeaderElection.java:logAndReturn(56)) - s2@group-3D81F66BC438-LeaderElection87: Election TIMEOUT; received 1 response(s) [s2<-s0#0:FAIL-t137] and 0 exception(s); s2@group-3D81F66BC438:t137, leader=null, voted=s2, raftlog=s2@group-3D81F66BC438-SegmentedRaftLog:OPENED:c10,f10,i10, conf=9: [s0:0.0.0.0:42154, s1:0.0.0.0:36158, s2:0.0.0.0:36910], old=null
2019-09-24 12:00:00,445 INFO  impl.LeaderElection (LeaderElection.java:askForVotes(178)) - s2@group-3D81F66BC438-LeaderElection87: begin an election at term 138 for 9: [s0:0.0.0.0:42154, s1:0.0.0.0:36158, s2:0.0.0.0:36910], old=null
2019-09-24 12:00:00,446 DEBUG impl.RaftServerImpl (RaftServerImpl.java:requestVote(743)) - s0@group-3D81F66BC438: receive requestVote(s2, group-3D81F66BC438, 138, (t:13, i:10))
2019-09-24 12:00:00,446 DEBUG impl.RaftServerImpl (RaftServerImpl.java:requestVote(775)) - s0@group-3D81F66BC438 replies to vote request: s2<-s0#0:FAIL-t138. Peer's state: s0@group-3D81F66BC438:t138, leader=null, voted=s0, raftlog=s0@group-3D81F66BC438-SegmentedRaftLog:OPENED:c11,f12,i12, conf=11: [s0:0.0.0.0:42154, s1:0.0.0.0:36158, s2:0.0.0.0:36910], old=null
2019-09-24 12:00:00,611 INFO  impl.LeaderElection (LeaderElection.java:logAndReturn(56)) - s0@group-3D81F66BC438-LeaderElection89: Election TIMEOUT; received 0 response(s) [] and 0 exception(s); s0@group-3D81F66BC438:t138, leader=null, voted=s0, raftlog=s0@group-3D81F66BC438-SegmentedRaftLog:OPENED:c11,f12,i12, conf=11: [s0:0.0.0.0:42154, s1:0.0.0.0:36158, s2:0.0.0.0:36910], old=null
2019-09-24 12:00:00,625 INFO  impl.LeaderElection (LeaderElection.java:askForVotes(178)) - s0@group-3D81F66BC438-LeaderElection89: begin an election at term 139 for 11: [s0:0.0.0.0:42154, s1:0.0.0.0:36158, s2:0.0.0.0:36910], old=null
2019-09-24 12:00:00,651 INFO  impl.LeaderElection (LeaderElection.java:logAndReturn(56)) - s2@group-3D81F66BC438-LeaderElection87: Election TIMEOUT; received 1 response(s) [s2<-s0#0:FAIL-t138] and 0 exception(s); s2@group-3D81F66BC438:t138, leader=null, voted=s2, raftlog=s2@group-3D81F66BC438-SegmentedRaftLog:OPENED:c10,f10,i10, conf=9: [s0:0.0.0.0:42154, s1:0.0.0.0:36158, s2:0.0.0.0:36910], old=null
2019-09-24 12:00:00,656 INFO  impl.LeaderElection (LeaderElection.java:logAndReturn(56)) - s1@group-3D81F66BC438-LeaderElection85: Election TIMEOUT; received 1 response(s) [s1<-s0#0:FAIL-t138] and 0 exception(s); s1@group-3D81F66BC438:t138, leader=null, voted=s1, raftlog=s1@group-3D81F66BC438-SegmentedRaftLog:OPENED:c10,f11,i11, conf=11: [s0:0.0.0.0:42154, s1:0.0.0.0:36158, s2:0.0.0.0:36910], old=null
2019-09-24 12:00:00,665 INFO  impl.LeaderElection (LeaderElection.java:askForVotes(178)) - s2@group-3D81F66BC438-LeaderElection87: begin an election at term 139 for 9: [s0:0.0.0.0:42154, s1:0.0.0.0:36158, s2:0.0.0.0:36910], old=null
2019-09-24 12:00:00,665 INFO  impl.LeaderElection (LeaderElection.java:askForVotes(178)) - s1@group-3D81F66BC438-LeaderElection85: begin an election at term 139 for 11: [s0:0.0.0.0:42154, s1:0.0.0.0:36158, s2:0.0.0.0:36910], old=null
2019-09-24 12:00:00,666 DEBUG impl.RaftServerImpl (RaftServerImpl.java:requestVote(743)) - s0@group-3D81F66BC438: receive requestVote(s2, group-3D81F66BC438, 139, (t:13, i:10))
2019-09-24 12:00:00,666 DEBUG impl.RaftServerImpl (RaftServerImpl.java:requestVote(743)) - s0@group-3D81F66BC438: receive requestVote(s1, group-3D81F66BC438, 139, (t:14, i:11))
2019-09-24 12:00:00,666 DEBUG impl.RaftServerImpl (RaftServerImpl.java:requestVote(775)) - s0@group-3D81F66BC438 replies to vote request: s2<-s0#0:FAIL-t139. Peer's state: s0@group-3D81F66BC438:t139, leader=null, voted=s0, raftlog=s0@group-3D81F66BC438-SegmentedRaftLog:OPENED:c11,f12,i12, conf=11: [s0:0.0.0.0:42154, s1:0.0.0.0:36158, s2:0.0.0.0:36910], old=null
2019-09-24 12:00:00,666 DEBUG impl.RaftServerImpl (RaftServerImpl.java:requestVote(775)) - s0@group-3D81F66BC438 replies to vote request: s1<-s0#0:FAIL-t139. Peer's state: s0@group-3D81F66BC438:t139, leader=null, voted=s0, raftlog=s0@group-3D81F66BC438-SegmentedRaftLog:OPENED:c11,f12,i12, conf=11: [s0:0.0.0.0:42154, s1:0.0.0.0:36158, s2:0.0.0.0:36910], old=null
2019-09-24 12:00:00,784 WARN  ratis.RaftTestUtil (JavaUtils.java:attempt(158)) - FAILED "waitForLeader-null-(expectLeader? true)", attempt #65/100: java.lang.IllegalStateException: No leader yet : printing ALL groups
  s0:  RUNNING CANDIDATE s0@group-3D81F66BC438:t139, leader=null, voted=s0, raftlog=s0@group-3D81F66BC438-SegmentedRaftLog:OPENED:c11,f12,i12, conf=11: [s0:0.0.0.0:42154, s1:0.0.0.0:36158, s2:0.0.0.0:36910], old=null RUNNING
  s1:  RUNNING CANDIDATE s1@group-3D81F66BC438:t139, leader=null, voted=s1, raftlog=s1@group-3D81F66BC438-SegmentedRaftLog:OPENED:c10,f11,i11, conf=11: [s0:0.0.0.0:42154, s1:0.0.0.0:36158, s2:0.0.0.0:36910], old=null RUNNING
  s2:  RUNNING CANDIDATE s2@group-3D81F66BC438:t139, leader=null, voted=s2, raftlog=s2@group-3D81F66BC438-SegmentedRaftLog:OPENED:c10,f10,i10, conf=9: [s0:0.0.0.0:42154, s1:0.0.0.0:36158, s2:0.0.0.0:36910], old=null RUNNING, sleep 450ms and then retry.
java.lang.IllegalStateException: No leader yet : printing ALL groups
  s0:  RUNNING CANDIDATE s0@group-3D81F66BC438:t139, leader=null, voted=s0, raftlog=s0@group-3D81F66BC438-SegmentedRaftLog:OPENED:c11,f12,i12, conf=11: [s0:0.0.0.0:42154, s1:0.0.0.0:36158, s2:0.0.0.0:36910], old=null RUNNING
  s1:  RUNNING CANDIDATE s1@group-3D81F66BC438:t139, leader=null, voted=s1, raftlog=s1@group-3D81F66BC438-SegmentedRaftLog:OPENED:c10,f11,i11, conf=11: [s0:0.0.0.0:42154, s1:0.0.0.0:36158, s2:0.0.0.0:36910], old=null RUNNING
  s2:  RUNNING CANDIDATE s2@group-3D81F66BC438:t139, leader=null, voted=s2, raftlog=s2@group-3D81F66BC438-SegmentedRaftLog:OPENED:c10,f10,i10, conf=9: [s0:0.0.0.0:42154, s1:0.0.0.0:36158, s2:0.0.0.0:36910], old=null RUNNING
	at org.apache.ratis.MiniRaftCluster.newIllegalStateExceptionForNoLeaders(MiniRaftCluster.java:506)
	at org.apache.ratis.RaftTestUtil.lambda$waitForLeader$1(RaftTestUtil.java:90)
	at org.apache.ratis.MiniRaftCluster.getLeader(MiniRaftCluster.java:539)
	at org.apache.ratis.MiniRaftCluster.getLeader(MiniRaftCluster.java:532)
	at org.apache.ratis.RaftTestUtil.lambda$waitForLeader$3(RaftTestUtil.java:98)
	at org.apache.ratis.util.JavaUtils.attempt(JavaUtils.java:152)
	at org.apache.ratis.RaftTestUtil.waitForLeader(RaftTestUtil.java:97)
	at org.apache.ratis.RaftTestUtil.waitForLeader(RaftTestUtil.java:77)
	at org.apache.ratis.RaftTestUtil.waitForLeader(RaftTestUtil.java:72)
	at org.apache.ratis.RaftTestUtil.lambda$changeLeader$7(RaftTestUtil.java:363)
	at org.apache.ratis.util.JavaUtils.attempt(JavaUtils.java:152)
	at org.apache.ratis.RaftTestUtil.changeLeader(RaftTestUtil.java:362)
	at org.apache.ratis.server.impl.LeaderElectionTests.testChangeLeader(LeaderElectionTests.java:81)
	at sun.reflect.NativeMethodAccessorImpl.invoke0(Native Method)
	at sun.reflect.NativeMethodAccessorImpl.invoke(NativeMethodAccessorImpl.java:62)
	at sun.reflect.DelegatingMethodAccessorImpl.invoke(DelegatingMethodAccessorImpl.java:43)
	at java.lang.reflect.Method.invoke(Method.java:498)
	at org.junit.runners.model.FrameworkMethod$1.runReflectiveCall(FrameworkMethod.java:50)
	at org.junit.internal.runners.model.ReflectiveCallable.run(ReflectiveCallable.java:12)
	at org.junit.runners.model.FrameworkMethod.invokeExplosively(FrameworkMethod.java:47)
	at org.junit.internal.runners.statements.InvokeMethod.evaluate(InvokeMethod.java:17)
	at org.junit.internal.runners.statements.RunAfters.evaluate(RunAfters.java:27)
	at org.junit.internal.runners.statements.FailOnTimeout$CallableStatement.call(FailOnTimeout.java:298)
	at org.junit.internal.runners.statements.FailOnTimeout$CallableStatement.call(FailOnTimeout.java:292)
	at java.util.concurrent.FutureTask.run(FutureTask.java:266)
	at java.lang.Thread.run(Thread.java:748)
2019-09-24 12:00:00,897 INFO  impl.LeaderElection (LeaderElection.java:logAndReturn(56)) - s1@group-3D81F66BC438-LeaderElection85: Election TIMEOUT; received 1 response(s) [s1<-s0#0:FAIL-t139] and 0 exception(s); s1@group-3D81F66BC438:t139, leader=null, voted=s1, raftlog=s1@group-3D81F66BC438-SegmentedRaftLog:OPENED:c10,f11,i11, conf=11: [s0:0.0.0.0:42154, s1:0.0.0.0:36158, s2:0.0.0.0:36910], old=null
2019-09-24 12:00:00,923 INFO  impl.LeaderElection (LeaderElection.java:askForVotes(178)) - s1@group-3D81F66BC438-LeaderElection85: begin an election at term 140 for 11: [s0:0.0.0.0:42154, s1:0.0.0.0:36158, s2:0.0.0.0:36910], old=null
2019-09-24 12:00:00,923 DEBUG impl.RaftServerImpl (RaftServerImpl.java:requestVote(743)) - s0@group-3D81F66BC438: receive requestVote(s1, group-3D81F66BC438, 140, (t:14, i:11))
2019-09-24 12:00:00,923 INFO  impl.RaftServerImpl (RaftServerImpl.java:setRole(170)) - s0@group-3D81F66BC438: changes role from CANDIDATE to FOLLOWER at term 140 for recognizeCandidate:s1
2019-09-24 12:00:00,924 INFO  impl.RoleInfo (RoleInfo.java:shutdownLeaderElection(134)) - s0: shutdown LeaderElection
2019-09-24 12:00:00,924 INFO  impl.RoleInfo (RoleInfo.java:updateAndGet(143)) - s0: start FollowerState
2019-09-24 12:00:00,926 INFO  impl.LeaderElection (LeaderElection.java:logAndReturn(56)) - s0@group-3D81F66BC438-LeaderElection89: Election REJECTED; received 0 response(s) [] and 0 exception(s); s0@group-3D81F66BC438:t140, leader=null, voted=null, raftlog=s0@group-3D81F66BC438-SegmentedRaftLog:OPENED:c11,f12,i12, conf=11: [s0:0.0.0.0:42154, s1:0.0.0.0:36158, s2:0.0.0.0:36910], old=null
2019-09-24 12:00:00,937 DEBUG impl.RaftServerImpl (RaftServerImpl.java:requestVote(775)) - s0@group-3D81F66BC438 replies to vote request: s1<-s0#0:FAIL-t140. Peer's state: s0@group-3D81F66BC438:t140, leader=null, voted=null, raftlog=s0@group-3D81F66BC438-SegmentedRaftLog:OPENED:c11,f12,i12, conf=11: [s0:0.0.0.0:42154, s1:0.0.0.0:36158, s2:0.0.0.0:36910], old=null
2019-09-24 12:00:00,959 INFO  impl.LeaderElection (LeaderElection.java:logAndReturn(56)) - s2@group-3D81F66BC438-LeaderElection87: Election TIMEOUT; received 1 response(s) [s2<-s0#0:FAIL-t139] and 0 exception(s); s2@group-3D81F66BC438:t139, leader=null, voted=s2, raftlog=s2@group-3D81F66BC438-SegmentedRaftLog:OPENED:c10,f10,i10, conf=9: [s0:0.0.0.0:42154, s1:0.0.0.0:36158, s2:0.0.0.0:36910], old=null
2019-09-24 12:00:00,972 INFO  impl.LeaderElection (LeaderElection.java:askForVotes(178)) - s2@group-3D81F66BC438-LeaderElection87: begin an election at term 140 for 9: [s0:0.0.0.0:42154, s1:0.0.0.0:36158, s2:0.0.0.0:36910], old=null
2019-09-24 12:00:00,973 DEBUG impl.RaftServerImpl (RaftServerImpl.java:requestVote(743)) - s0@group-3D81F66BC438: receive requestVote(s2, group-3D81F66BC438, 140, (t:13, i:10))
2019-09-24 12:00:00,973 INFO  impl.RaftServerImpl (RaftServerImpl.java:setRole(170)) - s0@group-3D81F66BC438: changes role from  FOLLOWER to FOLLOWER at term 140 for recognizeCandidate:s2
2019-09-24 12:00:00,973 INFO  impl.RoleInfo (RoleInfo.java:shutdownFollowerState(121)) - s0: shutdown FollowerState
2019-09-24 12:00:00,973 INFO  impl.RoleInfo (RoleInfo.java:updateAndGet(143)) - s0: start FollowerState
2019-09-24 12:00:00,973 INFO  impl.FollowerState (FollowerState.java:run(117)) - s0@group-3D81F66BC438-FollowerState was interrupted: java.lang.InterruptedException: sleep interrupted
2019-09-24 12:00:00,974 DEBUG impl.RaftServerImpl (RaftServerImpl.java:requestVote(775)) - s0@group-3D81F66BC438 replies to vote request: s2<-s0#0:FAIL-t140. Peer's state: s0@group-3D81F66BC438:t140, leader=null, voted=null, raftlog=s0@group-3D81F66BC438-SegmentedRaftLog:OPENED:c11,f12,i12, conf=11: [s0:0.0.0.0:42154, s1:0.0.0.0:36158, s2:0.0.0.0:36910], old=null
2019-09-24 12:00:01,140 INFO  impl.LeaderElection (LeaderElection.java:logAndReturn(56)) - s2@group-3D81F66BC438-LeaderElection87: Election TIMEOUT; received 1 response(s) [s2<-s0#0:FAIL-t140] and 0 exception(s); s2@group-3D81F66BC438:t140, leader=null, voted=s2, raftlog=s2@group-3D81F66BC438-SegmentedRaftLog:OPENED:c10,f10,i10, conf=9: [s0:0.0.0.0:42154, s1:0.0.0.0:36158, s2:0.0.0.0:36910], old=null
2019-09-24 12:00:01,165 INFO  impl.LeaderElection (LeaderElection.java:askForVotes(178)) - s2@group-3D81F66BC438-LeaderElection87: begin an election at term 141 for 9: [s0:0.0.0.0:42154, s1:0.0.0.0:36158, s2:0.0.0.0:36910], old=null
2019-09-24 12:00:01,166 DEBUG impl.RaftServerImpl (RaftServerImpl.java:requestVote(743)) - s0@group-3D81F66BC438: receive requestVote(s2, group-3D81F66BC438, 141, (t:13, i:10))
2019-09-24 12:00:01,166 INFO  impl.RaftServerImpl (RaftServerImpl.java:setRole(170)) - s0@group-3D81F66BC438: changes role from  FOLLOWER to FOLLOWER at term 141 for recognizeCandidate:s2
2019-09-24 12:00:01,166 INFO  impl.RoleInfo (RoleInfo.java:shutdownFollowerState(121)) - s0: shutdown FollowerState
2019-09-24 12:00:01,166 INFO  impl.RoleInfo (RoleInfo.java:updateAndGet(143)) - s0: start FollowerState
2019-09-24 12:00:01,166 INFO  impl.FollowerState (FollowerState.java:run(117)) - s0@group-3D81F66BC438-FollowerState was interrupted: java.lang.InterruptedException: sleep interrupted
2019-09-24 12:00:01,179 DEBUG impl.RaftServerImpl (RaftServerImpl.java:requestVote(775)) - s0@group-3D81F66BC438 replies to vote request: s2<-s0#0:FAIL-t141. Peer's state: s0@group-3D81F66BC438:t141, leader=null, voted=null, raftlog=s0@group-3D81F66BC438-SegmentedRaftLog:OPENED:c11,f12,i12, conf=11: [s0:0.0.0.0:42154, s1:0.0.0.0:36158, s2:0.0.0.0:36910], old=null
2019-09-24 12:00:01,190 INFO  impl.LeaderElection (LeaderElection.java:logAndReturn(56)) - s1@group-3D81F66BC438-LeaderElection85: Election TIMEOUT; received 1 response(s) [s1<-s0#0:FAIL-t140] and 0 exception(s); s1@group-3D81F66BC438:t140, leader=null, voted=s1, raftlog=s1@group-3D81F66BC438-SegmentedRaftLog:OPENED:c10,f11,i11, conf=11: [s0:0.0.0.0:42154, s1:0.0.0.0:36158, s2:0.0.0.0:36910], old=null
2019-09-24 12:00:01,204 INFO  impl.LeaderElection (LeaderElection.java:askForVotes(178)) - s1@group-3D81F66BC438-LeaderElection85: begin an election at term 141 for 11: [s0:0.0.0.0:42154, s1:0.0.0.0:36158, s2:0.0.0.0:36910], old=null
2019-09-24 12:00:01,204 DEBUG impl.RaftServerImpl (RaftServerImpl.java:requestVote(743)) - s0@group-3D81F66BC438: receive requestVote(s1, group-3D81F66BC438, 141, (t:14, i:11))
2019-09-24 12:00:01,204 INFO  impl.RaftServerImpl (RaftServerImpl.java:setRole(170)) - s0@group-3D81F66BC438: changes role from  FOLLOWER to FOLLOWER at term 141 for recognizeCandidate:s1
2019-09-24 12:00:01,205 INFO  impl.RoleInfo (RoleInfo.java:shutdownFollowerState(121)) - s0: shutdown FollowerState
2019-09-24 12:00:01,205 INFO  impl.RoleInfo (RoleInfo.java:updateAndGet(143)) - s0: start FollowerState
2019-09-24 12:00:01,205 INFO  impl.FollowerState (FollowerState.java:run(117)) - s0@group-3D81F66BC438-FollowerState was interrupted: java.lang.InterruptedException: sleep interrupted
2019-09-24 12:00:01,205 DEBUG impl.RaftServerImpl (RaftServerImpl.java:requestVote(775)) - s0@group-3D81F66BC438 replies to vote request: s1<-s0#0:FAIL-t141. Peer's state: s0@group-3D81F66BC438:t141, leader=null, voted=null, raftlog=s0@group-3D81F66BC438-SegmentedRaftLog:OPENED:c11,f12,i12, conf=11: [s0:0.0.0.0:42154, s1:0.0.0.0:36158, s2:0.0.0.0:36910], old=null
2019-09-24 12:00:01,235 WARN  ratis.RaftTestUtil (JavaUtils.java:attempt(158)) - FAILED "waitForLeader-null-(expectLeader? true)", attempt #66/100: java.lang.IllegalStateException: No leader yet : printing ALL groups
  s0:  RUNNING  FOLLOWER s0@group-3D81F66BC438:t141, leader=null, voted=null, raftlog=s0@group-3D81F66BC438-SegmentedRaftLog:OPENED:c11,f12,i12, conf=11: [s0:0.0.0.0:42154, s1:0.0.0.0:36158, s2:0.0.0.0:36910], old=null RUNNING
  s1:  RUNNING CANDIDATE s1@group-3D81F66BC438:t141, leader=null, voted=s1, raftlog=s1@group-3D81F66BC438-SegmentedRaftLog:OPENED:c10,f11,i11, conf=11: [s0:0.0.0.0:42154, s1:0.0.0.0:36158, s2:0.0.0.0:36910], old=null RUNNING
  s2:  RUNNING CANDIDATE s2@group-3D81F66BC438:t141, leader=null, voted=s2, raftlog=s2@group-3D81F66BC438-SegmentedRaftLog:OPENED:c10,f10,i10, conf=9: [s0:0.0.0.0:42154, s1:0.0.0.0:36158, s2:0.0.0.0:36910], old=null RUNNING, sleep 450ms and then retry.
java.lang.IllegalStateException: No leader yet : printing ALL groups
  s0:  RUNNING  FOLLOWER s0@group-3D81F66BC438:t141, leader=null, voted=null, raftlog=s0@group-3D81F66BC438-SegmentedRaftLog:OPENED:c11,f12,i12, conf=11: [s0:0.0.0.0:42154, s1:0.0.0.0:36158, s2:0.0.0.0:36910], old=null RUNNING
  s1:  RUNNING CANDIDATE s1@group-3D81F66BC438:t141, leader=null, voted=s1, raftlog=s1@group-3D81F66BC438-SegmentedRaftLog:OPENED:c10,f11,i11, conf=11: [s0:0.0.0.0:42154, s1:0.0.0.0:36158, s2:0.0.0.0:36910], old=null RUNNING
  s2:  RUNNING CANDIDATE s2@group-3D81F66BC438:t141, leader=null, voted=s2, raftlog=s2@group-3D81F66BC438-SegmentedRaftLog:OPENED:c10,f10,i10, conf=9: [s0:0.0.0.0:42154, s1:0.0.0.0:36158, s2:0.0.0.0:36910], old=null RUNNING
	at org.apache.ratis.MiniRaftCluster.newIllegalStateExceptionForNoLeaders(MiniRaftCluster.java:506)
	at org.apache.ratis.RaftTestUtil.lambda$waitForLeader$1(RaftTestUtil.java:90)
	at org.apache.ratis.MiniRaftCluster.getLeader(MiniRaftCluster.java:539)
	at org.apache.ratis.MiniRaftCluster.getLeader(MiniRaftCluster.java:532)
	at org.apache.ratis.RaftTestUtil.lambda$waitForLeader$3(RaftTestUtil.java:98)
	at org.apache.ratis.util.JavaUtils.attempt(JavaUtils.java:152)
	at org.apache.ratis.RaftTestUtil.waitForLeader(RaftTestUtil.java:97)
	at org.apache.ratis.RaftTestUtil.waitForLeader(RaftTestUtil.java:77)
	at org.apache.ratis.RaftTestUtil.waitForLeader(RaftTestUtil.java:72)
	at org.apache.ratis.RaftTestUtil.lambda$changeLeader$7(RaftTestUtil.java:363)
	at org.apache.ratis.util.JavaUtils.attempt(JavaUtils.java:152)
	at org.apache.ratis.RaftTestUtil.changeLeader(RaftTestUtil.java:362)
	at org.apache.ratis.server.impl.LeaderElectionTests.testChangeLeader(LeaderElectionTests.java:81)
	at sun.reflect.NativeMethodAccessorImpl.invoke0(Native Method)
	at sun.reflect.NativeMethodAccessorImpl.invoke(NativeMethodAccessorImpl.java:62)
	at sun.reflect.DelegatingMethodAccessorImpl.invoke(DelegatingMethodAccessorImpl.java:43)
	at java.lang.reflect.Method.invoke(Method.java:498)
	at org.junit.runners.model.FrameworkMethod$1.runReflectiveCall(FrameworkMethod.java:50)
	at org.junit.internal.runners.model.ReflectiveCallable.run(ReflectiveCallable.java:12)
	at org.junit.runners.model.FrameworkMethod.invokeExplosively(FrameworkMethod.java:47)
	at org.junit.internal.runners.statements.InvokeMethod.evaluate(InvokeMethod.java:17)
	at org.junit.internal.runners.statements.RunAfters.evaluate(RunAfters.java:27)
	at org.junit.internal.runners.statements.FailOnTimeout$CallableStatement.call(FailOnTimeout.java:298)
	at org.junit.internal.runners.statements.FailOnTimeout$CallableStatement.call(FailOnTimeout.java:292)
	at java.util.concurrent.FutureTask.run(FutureTask.java:266)
	at java.lang.Thread.run(Thread.java:748)
2019-09-24 12:00:01,414 INFO  impl.FollowerState (FollowerState.java:run(108)) - s0@group-3D81F66BC438-FollowerState: change to CANDIDATE, lastRpcTime:209ms, electionTimeout:209ms
2019-09-24 12:00:01,415 INFO  impl.RoleInfo (RoleInfo.java:shutdownFollowerState(121)) - s0: shutdown FollowerState
2019-09-24 12:00:01,416 INFO  impl.RaftServerImpl (RaftServerImpl.java:setRole(170)) - s0@group-3D81F66BC438: changes role from  FOLLOWER to CANDIDATE at term 141 for changeToCandidate
2019-09-24 12:00:01,416 INFO  impl.RoleInfo (RoleInfo.java:updateAndGet(143)) - s0: start LeaderElection
2019-09-24 12:00:01,430 INFO  impl.LeaderElection (LeaderElection.java:logAndReturn(56)) - s2@group-3D81F66BC438-LeaderElection87: Election TIMEOUT; received 1 response(s) [s2<-s0#0:FAIL-t141] and 0 exception(s); s2@group-3D81F66BC438:t141, leader=null, voted=s2, raftlog=s2@group-3D81F66BC438-SegmentedRaftLog:OPENED:c10,f10,i10, conf=9: [s0:0.0.0.0:42154, s1:0.0.0.0:36158, s2:0.0.0.0:36910], old=null
2019-09-24 12:00:01,431 INFO  impl.LeaderElection (LeaderElection.java:askForVotes(178)) - s0@group-3D81F66BC438-LeaderElection90: begin an election at term 142 for 11: [s0:0.0.0.0:42154, s1:0.0.0.0:36158, s2:0.0.0.0:36910], old=null
2019-09-24 12:00:01,433 INFO  impl.LeaderElection (LeaderElection.java:askForVotes(178)) - s2@group-3D81F66BC438-LeaderElection87: begin an election at term 142 for 9: [s0:0.0.0.0:42154, s1:0.0.0.0:36158, s2:0.0.0.0:36910], old=null
2019-09-24 12:00:01,434 DEBUG impl.RaftServerImpl (RaftServerImpl.java:requestVote(743)) - s0@group-3D81F66BC438: receive requestVote(s2, group-3D81F66BC438, 142, (t:13, i:10))
2019-09-24 12:00:01,434 DEBUG impl.RaftServerImpl (RaftServerImpl.java:requestVote(775)) - s0@group-3D81F66BC438 replies to vote request: s2<-s0#0:FAIL-t142. Peer's state: s0@group-3D81F66BC438:t142, leader=null, voted=s0, raftlog=s0@group-3D81F66BC438-SegmentedRaftLog:OPENED:c11,f12,i12, conf=11: [s0:0.0.0.0:42154, s1:0.0.0.0:36158, s2:0.0.0.0:36910], old=null
2019-09-24 12:00:01,492 INFO  impl.LeaderElection (LeaderElection.java:logAndReturn(56)) - s1@group-3D81F66BC438-LeaderElection85: Election TIMEOUT; received 1 response(s) [s1<-s0#0:FAIL-t141] and 0 exception(s); s1@group-3D81F66BC438:t141, leader=null, voted=s1, raftlog=s1@group-3D81F66BC438-SegmentedRaftLog:OPENED:c10,f11,i11, conf=11: [s0:0.0.0.0:42154, s1:0.0.0.0:36158, s2:0.0.0.0:36910], old=null
2019-09-24 12:00:01,506 INFO  impl.LeaderElection (LeaderElection.java:askForVotes(178)) - s1@group-3D81F66BC438-LeaderElection85: begin an election at term 142 for 11: [s0:0.0.0.0:42154, s1:0.0.0.0:36158, s2:0.0.0.0:36910], old=null
2019-09-24 12:00:01,507 DEBUG impl.RaftServerImpl (RaftServerImpl.java:requestVote(743)) - s0@group-3D81F66BC438: receive requestVote(s1, group-3D81F66BC438, 142, (t:14, i:11))
2019-09-24 12:00:01,507 DEBUG impl.RaftServerImpl (RaftServerImpl.java:requestVote(775)) - s0@group-3D81F66BC438 replies to vote request: s1<-s0#0:FAIL-t142. Peer's state: s0@group-3D81F66BC438:t142, leader=null, voted=s0, raftlog=s0@group-3D81F66BC438-SegmentedRaftLog:OPENED:c11,f12,i12, conf=11: [s0:0.0.0.0:42154, s1:0.0.0.0:36158, s2:0.0.0.0:36910], old=null
2019-09-24 12:00:01,589 INFO  impl.LeaderElection (LeaderElection.java:logAndReturn(56)) - s0@group-3D81F66BC438-LeaderElection90: Election TIMEOUT; received 0 response(s) [] and 0 exception(s); s0@group-3D81F66BC438:t142, leader=null, voted=s0, raftlog=s0@group-3D81F66BC438-SegmentedRaftLog:OPENED:c11,f12,i12, conf=11: [s0:0.0.0.0:42154, s1:0.0.0.0:36158, s2:0.0.0.0:36910], old=null
2019-09-24 12:00:01,604 INFO  impl.LeaderElection (LeaderElection.java:askForVotes(178)) - s0@group-3D81F66BC438-LeaderElection90: begin an election at term 143 for 11: [s0:0.0.0.0:42154, s1:0.0.0.0:36158, s2:0.0.0.0:36910], old=null
2019-09-24 12:00:01,679 INFO  impl.LeaderElection (LeaderElection.java:logAndReturn(56)) - s2@group-3D81F66BC438-LeaderElection87: Election TIMEOUT; received 1 response(s) [s2<-s0#0:FAIL-t142] and 0 exception(s); s2@group-3D81F66BC438:t142, leader=null, voted=s2, raftlog=s2@group-3D81F66BC438-SegmentedRaftLog:OPENED:c10,f10,i10, conf=9: [s0:0.0.0.0:42154, s1:0.0.0.0:36158, s2:0.0.0.0:36910], old=null
2019-09-24 12:00:01,687 WARN  ratis.RaftTestUtil (JavaUtils.java:attempt(158)) - FAILED "waitForLeader-null-(expectLeader? true)", attempt #67/100: java.lang.IllegalStateException: No leader yet : printing ALL groups
  s0:  RUNNING CANDIDATE s0@group-3D81F66BC438:t143, leader=null, voted=s0, raftlog=s0@group-3D81F66BC438-SegmentedRaftLog:OPENED:c11,f12,i12, conf=11: [s0:0.0.0.0:42154, s1:0.0.0.0:36158, s2:0.0.0.0:36910], old=null RUNNING
  s1:  RUNNING CANDIDATE s1@group-3D81F66BC438:t142, leader=null, voted=s1, raftlog=s1@group-3D81F66BC438-SegmentedRaftLog:OPENED:c10,f11,i11, conf=11: [s0:0.0.0.0:42154, s1:0.0.0.0:36158, s2:0.0.0.0:36910], old=null RUNNING
  s2:  RUNNING CANDIDATE s2@group-3D81F66BC438:t143, leader=null, voted=s2, raftlog=s2@group-3D81F66BC438-SegmentedRaftLog:OPENED:c10,f10,i10, conf=9: [s0:0.0.0.0:42154, s1:0.0.0.0:36158, s2:0.0.0.0:36910], old=null RUNNING, sleep 450ms and then retry.
java.lang.IllegalStateException: No leader yet : printing ALL groups
  s0:  RUNNING CANDIDATE s0@group-3D81F66BC438:t143, leader=null, voted=s0, raftlog=s0@group-3D81F66BC438-SegmentedRaftLog:OPENED:c11,f12,i12, conf=11: [s0:0.0.0.0:42154, s1:0.0.0.0:36158, s2:0.0.0.0:36910], old=null RUNNING
  s1:  RUNNING CANDIDATE s1@group-3D81F66BC438:t142, leader=null, voted=s1, raftlog=s1@group-3D81F66BC438-SegmentedRaftLog:OPENED:c10,f11,i11, conf=11: [s0:0.0.0.0:42154, s1:0.0.0.0:36158, s2:0.0.0.0:36910], old=null RUNNING
  s2:  RUNNING CANDIDATE s2@group-3D81F66BC438:t143, leader=null, voted=s2, raftlog=s2@group-3D81F66BC438-SegmentedRaftLog:OPENED:c10,f10,i10, conf=9: [s0:0.0.0.0:42154, s1:0.0.0.0:36158, s2:0.0.0.0:36910], old=null RUNNING
	at org.apache.ratis.MiniRaftCluster.newIllegalStateExceptionForNoLeaders(MiniRaftCluster.java:506)
	at org.apache.ratis.RaftTestUtil.lambda$waitForLeader$1(RaftTestUtil.java:90)
	at org.apache.ratis.MiniRaftCluster.getLeader(MiniRaftCluster.java:539)
	at org.apache.ratis.MiniRaftCluster.getLeader(MiniRaftCluster.java:532)
	at org.apache.ratis.RaftTestUtil.lambda$waitForLeader$3(RaftTestUtil.java:98)
	at org.apache.ratis.util.JavaUtils.attempt(JavaUtils.java:152)
	at org.apache.ratis.RaftTestUtil.waitForLeader(RaftTestUtil.java:97)
	at org.apache.ratis.RaftTestUtil.waitForLeader(RaftTestUtil.java:77)
	at org.apache.ratis.RaftTestUtil.waitForLeader(RaftTestUtil.java:72)
	at org.apache.ratis.RaftTestUtil.lambda$changeLeader$7(RaftTestUtil.java:363)
	at org.apache.ratis.util.JavaUtils.attempt(JavaUtils.java:152)
	at org.apache.ratis.RaftTestUtil.changeLeader(RaftTestUtil.java:362)
	at org.apache.ratis.server.impl.LeaderElectionTests.testChangeLeader(LeaderElectionTests.java:81)
	at sun.reflect.NativeMethodAccessorImpl.invoke0(Native Method)
	at sun.reflect.NativeMethodAccessorImpl.invoke(NativeMethodAccessorImpl.java:62)
	at sun.reflect.DelegatingMethodAccessorImpl.invoke(DelegatingMethodAccessorImpl.java:43)
	at java.lang.reflect.Method.invoke(Method.java:498)
	at org.junit.runners.model.FrameworkMethod$1.runReflectiveCall(FrameworkMethod.java:50)
	at org.junit.internal.runners.model.ReflectiveCallable.run(ReflectiveCallable.java:12)
	at org.junit.runners.model.FrameworkMethod.invokeExplosively(FrameworkMethod.java:47)
	at org.junit.internal.runners.statements.InvokeMethod.evaluate(InvokeMethod.java:17)
	at org.junit.internal.runners.statements.RunAfters.evaluate(RunAfters.java:27)
	at org.junit.internal.runners.statements.FailOnTimeout$CallableStatement.call(FailOnTimeout.java:298)
	at org.junit.internal.runners.statements.FailOnTimeout$CallableStatement.call(FailOnTimeout.java:292)
	at java.util.concurrent.FutureTask.run(FutureTask.java:266)
	at java.lang.Thread.run(Thread.java:748)
2019-09-24 12:00:01,704 INFO  impl.LeaderElection (LeaderElection.java:askForVotes(178)) - s2@group-3D81F66BC438-LeaderElection87: begin an election at term 143 for 9: [s0:0.0.0.0:42154, s1:0.0.0.0:36158, s2:0.0.0.0:36910], old=null
2019-09-24 12:00:01,705 DEBUG impl.RaftServerImpl (RaftServerImpl.java:requestVote(743)) - s0@group-3D81F66BC438: receive requestVote(s2, group-3D81F66BC438, 143, (t:13, i:10))
2019-09-24 12:00:01,705 DEBUG impl.RaftServerImpl (RaftServerImpl.java:requestVote(775)) - s0@group-3D81F66BC438 replies to vote request: s2<-s0#0:FAIL-t143. Peer's state: s0@group-3D81F66BC438:t143, leader=null, voted=s0, raftlog=s0@group-3D81F66BC438-SegmentedRaftLog:OPENED:c11,f12,i12, conf=11: [s0:0.0.0.0:42154, s1:0.0.0.0:36158, s2:0.0.0.0:36910], old=null
2019-09-24 12:00:01,731 INFO  impl.LeaderElection (LeaderElection.java:logAndReturn(56)) - s1@group-3D81F66BC438-LeaderElection85: Election TIMEOUT; received 1 response(s) [s1<-s0#0:FAIL-t142] and 0 exception(s); s1@group-3D81F66BC438:t142, leader=null, voted=s1, raftlog=s1@group-3D81F66BC438-SegmentedRaftLog:OPENED:c10,f11,i11, conf=11: [s0:0.0.0.0:42154, s1:0.0.0.0:36158, s2:0.0.0.0:36910], old=null
2019-09-24 12:00:01,744 INFO  impl.LeaderElection (LeaderElection.java:askForVotes(178)) - s1@group-3D81F66BC438-LeaderElection85: begin an election at term 143 for 11: [s0:0.0.0.0:42154, s1:0.0.0.0:36158, s2:0.0.0.0:36910], old=null
2019-09-24 12:00:01,744 DEBUG impl.RaftServerImpl (RaftServerImpl.java:requestVote(743)) - s0@group-3D81F66BC438: receive requestVote(s1, group-3D81F66BC438, 143, (t:14, i:11))
2019-09-24 12:00:01,745 DEBUG impl.RaftServerImpl (RaftServerImpl.java:requestVote(775)) - s0@group-3D81F66BC438 replies to vote request: s1<-s0#0:FAIL-t143. Peer's state: s0@group-3D81F66BC438:t143, leader=null, voted=s0, raftlog=s0@group-3D81F66BC438-SegmentedRaftLog:OPENED:c11,f12,i12, conf=11: [s0:0.0.0.0:42154, s1:0.0.0.0:36158, s2:0.0.0.0:36910], old=null
2019-09-24 12:00:01,775 INFO  impl.LeaderElection (LeaderElection.java:logAndReturn(56)) - s0@group-3D81F66BC438-LeaderElection90: Election TIMEOUT; received 0 response(s) [] and 0 exception(s); s0@group-3D81F66BC438:t143, leader=null, voted=s0, raftlog=s0@group-3D81F66BC438-SegmentedRaftLog:OPENED:c11,f12,i12, conf=11: [s0:0.0.0.0:42154, s1:0.0.0.0:36158, s2:0.0.0.0:36910], old=null
2019-09-24 12:00:01,798 INFO  impl.LeaderElection (LeaderElection.java:askForVotes(178)) - s0@group-3D81F66BC438-LeaderElection90: begin an election at term 144 for 11: [s0:0.0.0.0:42154, s1:0.0.0.0:36158, s2:0.0.0.0:36910], old=null
2019-09-24 12:00:01,934 INFO  impl.LeaderElection (LeaderElection.java:logAndReturn(56)) - s2@group-3D81F66BC438-LeaderElection87: Election TIMEOUT; received 1 response(s) [s2<-s0#0:FAIL-t143] and 0 exception(s); s2@group-3D81F66BC438:t143, leader=null, voted=s2, raftlog=s2@group-3D81F66BC438-SegmentedRaftLog:OPENED:c10,f10,i10, conf=9: [s0:0.0.0.0:42154, s1:0.0.0.0:36158, s2:0.0.0.0:36910], old=null
2019-09-24 12:00:01,948 INFO  impl.LeaderElection (LeaderElection.java:askForVotes(178)) - s2@group-3D81F66BC438-LeaderElection87: begin an election at term 144 for 9: [s0:0.0.0.0:42154, s1:0.0.0.0:36158, s2:0.0.0.0:36910], old=null
2019-09-24 12:00:01,948 DEBUG impl.RaftServerImpl (RaftServerImpl.java:requestVote(743)) - s0@group-3D81F66BC438: receive requestVote(s2, group-3D81F66BC438, 144, (t:13, i:10))
2019-09-24 12:00:01,949 DEBUG impl.RaftServerImpl (RaftServerImpl.java:requestVote(775)) - s0@group-3D81F66BC438 replies to vote request: s2<-s0#0:FAIL-t144. Peer's state: s0@group-3D81F66BC438:t144, leader=null, voted=s0, raftlog=s0@group-3D81F66BC438-SegmentedRaftLog:OPENED:c11,f12,i12, conf=11: [s0:0.0.0.0:42154, s1:0.0.0.0:36158, s2:0.0.0.0:36910], old=null
2019-09-24 12:00:01,995 INFO  impl.LeaderElection (LeaderElection.java:logAndReturn(56)) - s1@group-3D81F66BC438-LeaderElection85: Election TIMEOUT; received 1 response(s) [s1<-s0#0:FAIL-t143] and 0 exception(s); s1@group-3D81F66BC438:t143, leader=null, voted=s1, raftlog=s1@group-3D81F66BC438-SegmentedRaftLog:OPENED:c10,f11,i11, conf=11: [s0:0.0.0.0:42154, s1:0.0.0.0:36158, s2:0.0.0.0:36910], old=null
2019-09-24 12:00:02,009 INFO  impl.LeaderElection (LeaderElection.java:askForVotes(178)) - s1@group-3D81F66BC438-LeaderElection85: begin an election at term 144 for 11: [s0:0.0.0.0:42154, s1:0.0.0.0:36158, s2:0.0.0.0:36910], old=null
2019-09-24 12:00:02,009 DEBUG impl.RaftServerImpl (RaftServerImpl.java:requestVote(743)) - s0@group-3D81F66BC438: receive requestVote(s1, group-3D81F66BC438, 144, (t:14, i:11))
2019-09-24 12:00:02,010 DEBUG impl.RaftServerImpl (RaftServerImpl.java:requestVote(775)) - s0@group-3D81F66BC438 replies to vote request: s1<-s0#0:FAIL-t144. Peer's state: s0@group-3D81F66BC438:t144, leader=null, voted=s0, raftlog=s0@group-3D81F66BC438-SegmentedRaftLog:OPENED:c11,f12,i12, conf=11: [s0:0.0.0.0:42154, s1:0.0.0.0:36158, s2:0.0.0.0:36910], old=null
2019-09-24 12:00:02,054 INFO  impl.LeaderElection (LeaderElection.java:logAndReturn(56)) - s0@group-3D81F66BC438-LeaderElection90: Election TIMEOUT; received 0 response(s) [] and 0 exception(s); s0@group-3D81F66BC438:t144, leader=null, voted=s0, raftlog=s0@group-3D81F66BC438-SegmentedRaftLog:OPENED:c11,f12,i12, conf=11: [s0:0.0.0.0:42154, s1:0.0.0.0:36158, s2:0.0.0.0:36910], old=null
2019-09-24 12:00:02,079 INFO  impl.LeaderElection (LeaderElection.java:askForVotes(178)) - s0@group-3D81F66BC438-LeaderElection90: begin an election at term 145 for 11: [s0:0.0.0.0:42154, s1:0.0.0.0:36158, s2:0.0.0.0:36910], old=null
2019-09-24 12:00:02,138 WARN  ratis.RaftTestUtil (JavaUtils.java:attempt(158)) - FAILED "waitForLeader-null-(expectLeader? true)", attempt #68/100: java.lang.IllegalStateException: No leader yet : printing ALL groups
  s0:  RUNNING CANDIDATE s0@group-3D81F66BC438:t145, leader=null, voted=s0, raftlog=s0@group-3D81F66BC438-SegmentedRaftLog:OPENED:c11,f12,i12, conf=11: [s0:0.0.0.0:42154, s1:0.0.0.0:36158, s2:0.0.0.0:36910], old=null RUNNING
  s1:  RUNNING CANDIDATE s1@group-3D81F66BC438:t144, leader=null, voted=s1, raftlog=s1@group-3D81F66BC438-SegmentedRaftLog:OPENED:c10,f11,i11, conf=11: [s0:0.0.0.0:42154, s1:0.0.0.0:36158, s2:0.0.0.0:36910], old=null RUNNING
  s2:  RUNNING CANDIDATE s2@group-3D81F66BC438:t144, leader=null, voted=s2, raftlog=s2@group-3D81F66BC438-SegmentedRaftLog:OPENED:c10,f10,i10, conf=9: [s0:0.0.0.0:42154, s1:0.0.0.0:36158, s2:0.0.0.0:36910], old=null RUNNING, sleep 450ms and then retry.
java.lang.IllegalStateException: No leader yet : printing ALL groups
  s0:  RUNNING CANDIDATE s0@group-3D81F66BC438:t145, leader=null, voted=s0, raftlog=s0@group-3D81F66BC438-SegmentedRaftLog:OPENED:c11,f12,i12, conf=11: [s0:0.0.0.0:42154, s1:0.0.0.0:36158, s2:0.0.0.0:36910], old=null RUNNING
  s1:  RUNNING CANDIDATE s1@group-3D81F66BC438:t144, leader=null, voted=s1, raftlog=s1@group-3D81F66BC438-SegmentedRaftLog:OPENED:c10,f11,i11, conf=11: [s0:0.0.0.0:42154, s1:0.0.0.0:36158, s2:0.0.0.0:36910], old=null RUNNING
  s2:  RUNNING CANDIDATE s2@group-3D81F66BC438:t144, leader=null, voted=s2, raftlog=s2@group-3D81F66BC438-SegmentedRaftLog:OPENED:c10,f10,i10, conf=9: [s0:0.0.0.0:42154, s1:0.0.0.0:36158, s2:0.0.0.0:36910], old=null RUNNING
	at org.apache.ratis.MiniRaftCluster.newIllegalStateExceptionForNoLeaders(MiniRaftCluster.java:506)
	at org.apache.ratis.RaftTestUtil.lambda$waitForLeader$1(RaftTestUtil.java:90)
	at org.apache.ratis.MiniRaftCluster.getLeader(MiniRaftCluster.java:539)
	at org.apache.ratis.MiniRaftCluster.getLeader(MiniRaftCluster.java:532)
	at org.apache.ratis.RaftTestUtil.lambda$waitForLeader$3(RaftTestUtil.java:98)
	at org.apache.ratis.util.JavaUtils.attempt(JavaUtils.java:152)
	at org.apache.ratis.RaftTestUtil.waitForLeader(RaftTestUtil.java:97)
	at org.apache.ratis.RaftTestUtil.waitForLeader(RaftTestUtil.java:77)
	at org.apache.ratis.RaftTestUtil.waitForLeader(RaftTestUtil.java:72)
	at org.apache.ratis.RaftTestUtil.lambda$changeLeader$7(RaftTestUtil.java:363)
	at org.apache.ratis.util.JavaUtils.attempt(JavaUtils.java:152)
	at org.apache.ratis.RaftTestUtil.changeLeader(RaftTestUtil.java:362)
	at org.apache.ratis.server.impl.LeaderElectionTests.testChangeLeader(LeaderElectionTests.java:81)
	at sun.reflect.NativeMethodAccessorImpl.invoke0(Native Method)
	at sun.reflect.NativeMethodAccessorImpl.invoke(NativeMethodAccessorImpl.java:62)
	at sun.reflect.DelegatingMethodAccessorImpl.invoke(DelegatingMethodAccessorImpl.java:43)
	at java.lang.reflect.Method.invoke(Method.java:498)
	at org.junit.runners.model.FrameworkMethod$1.runReflectiveCall(FrameworkMethod.java:50)
	at org.junit.internal.runners.model.ReflectiveCallable.run(ReflectiveCallable.java:12)
	at org.junit.runners.model.FrameworkMethod.invokeExplosively(FrameworkMethod.java:47)
	at org.junit.internal.runners.statements.InvokeMethod.evaluate(InvokeMethod.java:17)
	at org.junit.internal.runners.statements.RunAfters.evaluate(RunAfters.java:27)
	at org.junit.internal.runners.statements.FailOnTimeout$CallableStatement.call(FailOnTimeout.java:298)
	at org.junit.internal.runners.statements.FailOnTimeout$CallableStatement.call(FailOnTimeout.java:292)
	at java.util.concurrent.FutureTask.run(FutureTask.java:266)
	at java.lang.Thread.run(Thread.java:748)
2019-09-24 12:00:02,237 INFO  impl.LeaderElection (LeaderElection.java:logAndReturn(56)) - s2@group-3D81F66BC438-LeaderElection87: Election TIMEOUT; received 1 response(s) [s2<-s0#0:FAIL-t144] and 0 exception(s); s2@group-3D81F66BC438:t144, leader=null, voted=s2, raftlog=s2@group-3D81F66BC438-SegmentedRaftLog:OPENED:c10,f10,i10, conf=9: [s0:0.0.0.0:42154, s1:0.0.0.0:36158, s2:0.0.0.0:36910], old=null
2019-09-24 12:00:02,240 INFO  impl.LeaderElection (LeaderElection.java:logAndReturn(56)) - s1@group-3D81F66BC438-LeaderElection85: Election TIMEOUT; received 1 response(s) [s1<-s0#0:FAIL-t144] and 0 exception(s); s1@group-3D81F66BC438:t144, leader=null, voted=s1, raftlog=s1@group-3D81F66BC438-SegmentedRaftLog:OPENED:c10,f11,i11, conf=11: [s0:0.0.0.0:42154, s1:0.0.0.0:36158, s2:0.0.0.0:36910], old=null
2019-09-24 12:00:02,250 INFO  impl.LeaderElection (LeaderElection.java:logAndReturn(56)) - s0@group-3D81F66BC438-LeaderElection90: Election TIMEOUT; received 0 response(s) [] and 0 exception(s); s0@group-3D81F66BC438:t145, leader=null, voted=s0, raftlog=s0@group-3D81F66BC438-SegmentedRaftLog:OPENED:c11,f12,i12, conf=11: [s0:0.0.0.0:42154, s1:0.0.0.0:36158, s2:0.0.0.0:36910], old=null
2019-09-24 12:00:02,251 INFO  impl.LeaderElection (LeaderElection.java:askForVotes(178)) - s2@group-3D81F66BC438-LeaderElection87: begin an election at term 145 for 9: [s0:0.0.0.0:42154, s1:0.0.0.0:36158, s2:0.0.0.0:36910], old=null
2019-09-24 12:00:02,251 INFO  impl.LeaderElection (LeaderElection.java:askForVotes(178)) - s1@group-3D81F66BC438-LeaderElection85: begin an election at term 145 for 11: [s0:0.0.0.0:42154, s1:0.0.0.0:36158, s2:0.0.0.0:36910], old=null
2019-09-24 12:00:02,252 DEBUG impl.RaftServerImpl (RaftServerImpl.java:requestVote(743)) - s0@group-3D81F66BC438: receive requestVote(s2, group-3D81F66BC438, 145, (t:13, i:10))
2019-09-24 12:00:02,252 DEBUG impl.RaftServerImpl (RaftServerImpl.java:requestVote(743)) - s0@group-3D81F66BC438: receive requestVote(s1, group-3D81F66BC438, 145, (t:14, i:11))
2019-09-24 12:00:02,253 INFO  impl.LeaderElection (LeaderElection.java:askForVotes(178)) - s0@group-3D81F66BC438-LeaderElection90: begin an election at term 146 for 11: [s0:0.0.0.0:42154, s1:0.0.0.0:36158, s2:0.0.0.0:36910], old=null
2019-09-24 12:00:02,253 DEBUG impl.RaftServerImpl (RaftServerImpl.java:requestVote(775)) - s0@group-3D81F66BC438 replies to vote request: s2<-s0#0:FAIL-t146. Peer's state: s0@group-3D81F66BC438:t146, leader=null, voted=s0, raftlog=s0@group-3D81F66BC438-SegmentedRaftLog:OPENED:c11,f12,i12, conf=11: [s0:0.0.0.0:42154, s1:0.0.0.0:36158, s2:0.0.0.0:36910], old=null
2019-09-24 12:00:02,254 DEBUG impl.RaftServerImpl (RaftServerImpl.java:requestVote(775)) - s0@group-3D81F66BC438 replies to vote request: s1<-s0#0:FAIL-t146. Peer's state: s0@group-3D81F66BC438:t146, leader=null, voted=s0, raftlog=s0@group-3D81F66BC438-SegmentedRaftLog:OPENED:c11,f12,i12, conf=11: [s0:0.0.0.0:42154, s1:0.0.0.0:36158, s2:0.0.0.0:36910], old=null
2019-09-24 12:00:02,254 INFO  impl.LeaderElection (LeaderElection.java:logAndReturn(56)) - s2@group-3D81F66BC438-LeaderElection87: Election DISCOVERED_A_NEW_TERM; received 1 response(s) [s2<-s0#0:FAIL-t146] and 0 exception(s); s2@group-3D81F66BC438:t145, leader=null, voted=s2, raftlog=s2@group-3D81F66BC438-SegmentedRaftLog:OPENED:c10,f10,i10, conf=9: [s0:0.0.0.0:42154, s1:0.0.0.0:36158, s2:0.0.0.0:36910], old=null
2019-09-24 12:00:02,254 INFO  impl.LeaderElection (LeaderElection.java:logAndReturn(56)) - s1@group-3D81F66BC438-LeaderElection85: Election DISCOVERED_A_NEW_TERM; received 1 response(s) [s1<-s0#0:FAIL-t146] and 0 exception(s); s1@group-3D81F66BC438:t145, leader=null, voted=s1, raftlog=s1@group-3D81F66BC438-SegmentedRaftLog:OPENED:c10,f11,i11, conf=11: [s0:0.0.0.0:42154, s1:0.0.0.0:36158, s2:0.0.0.0:36910], old=null
2019-09-24 12:00:02,254 INFO  impl.RaftServerImpl (RaftServerImpl.java:setRole(170)) - s2@group-3D81F66BC438: changes role from CANDIDATE to FOLLOWER at term 146 for DISCOVERED_A_NEW_TERM
2019-09-24 12:00:02,254 INFO  impl.RaftServerImpl (RaftServerImpl.java:setRole(170)) - s1@group-3D81F66BC438: changes role from CANDIDATE to FOLLOWER at term 146 for DISCOVERED_A_NEW_TERM
2019-09-24 12:00:02,254 INFO  impl.RoleInfo (RoleInfo.java:shutdownLeaderElection(134)) - s2: shutdown LeaderElection
2019-09-24 12:00:02,255 INFO  impl.RoleInfo (RoleInfo.java:shutdownLeaderElection(134)) - s1: shutdown LeaderElection
2019-09-24 12:00:02,255 INFO  impl.RoleInfo (RoleInfo.java:updateAndGet(143)) - s2: start FollowerState
2019-09-24 12:00:02,255 INFO  impl.RoleInfo (RoleInfo.java:updateAndGet(143)) - s1: start FollowerState
2019-09-24 12:00:02,404 INFO  impl.LeaderElection (LeaderElection.java:logAndReturn(56)) - s0@group-3D81F66BC438-LeaderElection90: Election TIMEOUT; received 0 response(s) [] and 0 exception(s); s0@group-3D81F66BC438:t146, leader=null, voted=s0, raftlog=s0@group-3D81F66BC438-SegmentedRaftLog:OPENED:c11,f12,i12, conf=11: [s0:0.0.0.0:42154, s1:0.0.0.0:36158, s2:0.0.0.0:36910], old=null
2019-09-24 12:00:02,419 INFO  impl.LeaderElection (LeaderElection.java:askForVotes(178)) - s0@group-3D81F66BC438-LeaderElection90: begin an election at term 147 for 11: [s0:0.0.0.0:42154, s1:0.0.0.0:36158, s2:0.0.0.0:36910], old=null
2019-09-24 12:00:02,484 INFO  impl.FollowerState (FollowerState.java:run(108)) - s1@group-3D81F66BC438-FollowerState: change to CANDIDATE, lastRpcTime:229ms, electionTimeout:229ms
2019-09-24 12:00:02,485 INFO  impl.RoleInfo (RoleInfo.java:shutdownFollowerState(121)) - s1: shutdown FollowerState
2019-09-24 12:00:02,485 INFO  impl.RaftServerImpl (RaftServerImpl.java:setRole(170)) - s1@group-3D81F66BC438: changes role from  FOLLOWER to CANDIDATE at term 146 for changeToCandidate
2019-09-24 12:00:02,485 INFO  impl.RoleInfo (RoleInfo.java:updateAndGet(143)) - s1: start LeaderElection
2019-09-24 12:00:02,498 INFO  impl.LeaderElection (LeaderElection.java:askForVotes(178)) - s1@group-3D81F66BC438-LeaderElection91: begin an election at term 147 for 11: [s0:0.0.0.0:42154, s1:0.0.0.0:36158, s2:0.0.0.0:36910], old=null
2019-09-24 12:00:02,499 DEBUG impl.RaftServerImpl (RaftServerImpl.java:requestVote(743)) - s0@group-3D81F66BC438: receive requestVote(s1, group-3D81F66BC438, 147, (t:14, i:11))
2019-09-24 12:00:02,499 DEBUG impl.RaftServerImpl (RaftServerImpl.java:requestVote(775)) - s0@group-3D81F66BC438 replies to vote request: s1<-s0#0:FAIL-t147. Peer's state: s0@group-3D81F66BC438:t147, leader=null, voted=s0, raftlog=s0@group-3D81F66BC438-SegmentedRaftLog:OPENED:c11,f12,i12, conf=11: [s0:0.0.0.0:42154, s1:0.0.0.0:36158, s2:0.0.0.0:36910], old=null
2019-09-24 12:00:02,524 INFO  impl.FollowerState (FollowerState.java:run(108)) - s2@group-3D81F66BC438-FollowerState: change to CANDIDATE, lastRpcTime:269ms, electionTimeout:269ms
2019-09-24 12:00:02,524 INFO  impl.RoleInfo (RoleInfo.java:shutdownFollowerState(121)) - s2: shutdown FollowerState
2019-09-24 12:00:02,525 INFO  impl.RaftServerImpl (RaftServerImpl.java:setRole(170)) - s2@group-3D81F66BC438: changes role from  FOLLOWER to CANDIDATE at term 146 for changeToCandidate
2019-09-24 12:00:02,525 INFO  impl.RoleInfo (RoleInfo.java:updateAndGet(143)) - s2: start LeaderElection
2019-09-24 12:00:02,538 INFO  impl.LeaderElection (LeaderElection.java:askForVotes(178)) - s2@group-3D81F66BC438-LeaderElection92: begin an election at term 147 for 9: [s0:0.0.0.0:42154, s1:0.0.0.0:36158, s2:0.0.0.0:36910], old=null
2019-09-24 12:00:02,540 DEBUG impl.RaftServerImpl (RaftServerImpl.java:requestVote(743)) - s0@group-3D81F66BC438: receive requestVote(s2, group-3D81F66BC438, 147, (t:13, i:10))
2019-09-24 12:00:02,540 DEBUG impl.RaftServerImpl (RaftServerImpl.java:requestVote(775)) - s0@group-3D81F66BC438 replies to vote request: s2<-s0#0:FAIL-t147. Peer's state: s0@group-3D81F66BC438:t147, leader=null, voted=s0, raftlog=s0@group-3D81F66BC438-SegmentedRaftLog:OPENED:c11,f12,i12, conf=11: [s0:0.0.0.0:42154, s1:0.0.0.0:36158, s2:0.0.0.0:36910], old=null
2019-09-24 12:00:02,589 WARN  ratis.RaftTestUtil (JavaUtils.java:attempt(158)) - FAILED "waitForLeader-null-(expectLeader? true)", attempt #69/100: java.lang.IllegalStateException: No leader yet : printing ALL groups
  s0:  RUNNING CANDIDATE s0@group-3D81F66BC438:t147, leader=null, voted=s0, raftlog=s0@group-3D81F66BC438-SegmentedRaftLog:OPENED:c11,f12,i12, conf=11: [s0:0.0.0.0:42154, s1:0.0.0.0:36158, s2:0.0.0.0:36910], old=null RUNNING
  s1:  RUNNING CANDIDATE s1@group-3D81F66BC438:t147, leader=null, voted=s1, raftlog=s1@group-3D81F66BC438-SegmentedRaftLog:OPENED:c10,f11,i11, conf=11: [s0:0.0.0.0:42154, s1:0.0.0.0:36158, s2:0.0.0.0:36910], old=null RUNNING
  s2:  RUNNING CANDIDATE s2@group-3D81F66BC438:t147, leader=null, voted=s2, raftlog=s2@group-3D81F66BC438-SegmentedRaftLog:OPENED:c10,f10,i10, conf=9: [s0:0.0.0.0:42154, s1:0.0.0.0:36158, s2:0.0.0.0:36910], old=null RUNNING, sleep 450ms and then retry.
java.lang.IllegalStateException: No leader yet : printing ALL groups
  s0:  RUNNING CANDIDATE s0@group-3D81F66BC438:t147, leader=null, voted=s0, raftlog=s0@group-3D81F66BC438-SegmentedRaftLog:OPENED:c11,f12,i12, conf=11: [s0:0.0.0.0:42154, s1:0.0.0.0:36158, s2:0.0.0.0:36910], old=null RUNNING
  s1:  RUNNING CANDIDATE s1@group-3D81F66BC438:t147, leader=null, voted=s1, raftlog=s1@group-3D81F66BC438-SegmentedRaftLog:OPENED:c10,f11,i11, conf=11: [s0:0.0.0.0:42154, s1:0.0.0.0:36158, s2:0.0.0.0:36910], old=null RUNNING
  s2:  RUNNING CANDIDATE s2@group-3D81F66BC438:t147, leader=null, voted=s2, raftlog=s2@group-3D81F66BC438-SegmentedRaftLog:OPENED:c10,f10,i10, conf=9: [s0:0.0.0.0:42154, s1:0.0.0.0:36158, s2:0.0.0.0:36910], old=null RUNNING
	at org.apache.ratis.MiniRaftCluster.newIllegalStateExceptionForNoLeaders(MiniRaftCluster.java:506)
	at org.apache.ratis.RaftTestUtil.lambda$waitForLeader$1(RaftTestUtil.java:90)
	at org.apache.ratis.MiniRaftCluster.getLeader(MiniRaftCluster.java:539)
	at org.apache.ratis.MiniRaftCluster.getLeader(MiniRaftCluster.java:532)
	at org.apache.ratis.RaftTestUtil.lambda$waitForLeader$3(RaftTestUtil.java:98)
	at org.apache.ratis.util.JavaUtils.attempt(JavaUtils.java:152)
	at org.apache.ratis.RaftTestUtil.waitForLeader(RaftTestUtil.java:97)
	at org.apache.ratis.RaftTestUtil.waitForLeader(RaftTestUtil.java:77)
	at org.apache.ratis.RaftTestUtil.waitForLeader(RaftTestUtil.java:72)
	at org.apache.ratis.RaftTestUtil.lambda$changeLeader$7(RaftTestUtil.java:363)
	at org.apache.ratis.util.JavaUtils.attempt(JavaUtils.java:152)
	at org.apache.ratis.RaftTestUtil.changeLeader(RaftTestUtil.java:362)
	at org.apache.ratis.server.impl.LeaderElectionTests.testChangeLeader(LeaderElectionTests.java:81)
	at sun.reflect.NativeMethodAccessorImpl.invoke0(Native Method)
	at sun.reflect.NativeMethodAccessorImpl.invoke(NativeMethodAccessorImpl.java:62)
	at sun.reflect.DelegatingMethodAccessorImpl.invoke(DelegatingMethodAccessorImpl.java:43)
	at java.lang.reflect.Method.invoke(Method.java:498)
	at org.junit.runners.model.FrameworkMethod$1.runReflectiveCall(FrameworkMethod.java:50)
	at org.junit.internal.runners.model.ReflectiveCallable.run(ReflectiveCallable.java:12)
	at org.junit.runners.model.FrameworkMethod.invokeExplosively(FrameworkMethod.java:47)
	at org.junit.internal.runners.statements.InvokeMethod.evaluate(InvokeMethod.java:17)
	at org.junit.internal.runners.statements.RunAfters.evaluate(RunAfters.java:27)
	at org.junit.internal.runners.statements.FailOnTimeout$CallableStatement.call(FailOnTimeout.java:298)
	at org.junit.internal.runners.statements.FailOnTimeout$CallableStatement.call(FailOnTimeout.java:292)
	at java.util.concurrent.FutureTask.run(FutureTask.java:266)
	at java.lang.Thread.run(Thread.java:748)
2019-09-24 12:00:02,635 INFO  impl.LeaderElection (LeaderElection.java:logAndReturn(56)) - s0@group-3D81F66BC438-LeaderElection90: Election TIMEOUT; received 0 response(s) [] and 0 exception(s); s0@group-3D81F66BC438:t147, leader=null, voted=s0, raftlog=s0@group-3D81F66BC438-SegmentedRaftLog:OPENED:c11,f12,i12, conf=11: [s0:0.0.0.0:42154, s1:0.0.0.0:36158, s2:0.0.0.0:36910], old=null
2019-09-24 12:00:02,660 INFO  impl.LeaderElection (LeaderElection.java:askForVotes(178)) - s0@group-3D81F66BC438-LeaderElection90: begin an election at term 148 for 11: [s0:0.0.0.0:42154, s1:0.0.0.0:36158, s2:0.0.0.0:36910], old=null
2019-09-24 12:00:02,758 INFO  impl.LeaderElection (LeaderElection.java:logAndReturn(56)) - s2@group-3D81F66BC438-LeaderElection92: Election TIMEOUT; received 1 response(s) [s2<-s0#0:FAIL-t147] and 0 exception(s); s2@group-3D81F66BC438:t147, leader=null, voted=s2, raftlog=s2@group-3D81F66BC438-SegmentedRaftLog:OPENED:c10,f10,i10, conf=9: [s0:0.0.0.0:42154, s1:0.0.0.0:36158, s2:0.0.0.0:36910], old=null
2019-09-24 12:00:02,764 INFO  impl.LeaderElection (LeaderElection.java:logAndReturn(56)) - s1@group-3D81F66BC438-LeaderElection91: Election TIMEOUT; received 1 response(s) [s1<-s0#0:FAIL-t147] and 0 exception(s); s1@group-3D81F66BC438:t147, leader=null, voted=s1, raftlog=s1@group-3D81F66BC438-SegmentedRaftLog:OPENED:c10,f11,i11, conf=11: [s0:0.0.0.0:42154, s1:0.0.0.0:36158, s2:0.0.0.0:36910], old=null
2019-09-24 12:00:02,770 INFO  impl.LeaderElection (LeaderElection.java:askForVotes(178)) - s1@group-3D81F66BC438-LeaderElection91: begin an election at term 148 for 11: [s0:0.0.0.0:42154, s1:0.0.0.0:36158, s2:0.0.0.0:36910], old=null
2019-09-24 12:00:02,770 INFO  impl.LeaderElection (LeaderElection.java:askForVotes(178)) - s2@group-3D81F66BC438-LeaderElection92: begin an election at term 148 for 9: [s0:0.0.0.0:42154, s1:0.0.0.0:36158, s2:0.0.0.0:36910], old=null
2019-09-24 12:00:02,771 DEBUG impl.RaftServerImpl (RaftServerImpl.java:requestVote(743)) - s0@group-3D81F66BC438: receive requestVote(s1, group-3D81F66BC438, 148, (t:14, i:11))
2019-09-24 12:00:02,771 DEBUG impl.RaftServerImpl (RaftServerImpl.java:requestVote(775)) - s0@group-3D81F66BC438 replies to vote request: s1<-s0#0:FAIL-t148. Peer's state: s0@group-3D81F66BC438:t148, leader=null, voted=s0, raftlog=s0@group-3D81F66BC438-SegmentedRaftLog:OPENED:c11,f12,i12, conf=11: [s0:0.0.0.0:42154, s1:0.0.0.0:36158, s2:0.0.0.0:36910], old=null
2019-09-24 12:00:02,772 DEBUG impl.RaftServerImpl (RaftServerImpl.java:requestVote(743)) - s0@group-3D81F66BC438: receive requestVote(s2, group-3D81F66BC438, 148, (t:13, i:10))
2019-09-24 12:00:02,772 DEBUG impl.RaftServerImpl (RaftServerImpl.java:requestVote(775)) - s0@group-3D81F66BC438 replies to vote request: s2<-s0#0:FAIL-t148. Peer's state: s0@group-3D81F66BC438:t148, leader=null, voted=s0, raftlog=s0@group-3D81F66BC438-SegmentedRaftLog:OPENED:c11,f12,i12, conf=11: [s0:0.0.0.0:42154, s1:0.0.0.0:36158, s2:0.0.0.0:36910], old=null
2019-09-24 12:00:02,850 INFO  impl.LeaderElection (LeaderElection.java:logAndReturn(56)) - s0@group-3D81F66BC438-LeaderElection90: Election TIMEOUT; received 0 response(s) [] and 0 exception(s); s0@group-3D81F66BC438:t148, leader=null, voted=s0, raftlog=s0@group-3D81F66BC438-SegmentedRaftLog:OPENED:c11,f12,i12, conf=11: [s0:0.0.0.0:42154, s1:0.0.0.0:36158, s2:0.0.0.0:36910], old=null
2019-09-24 12:00:02,877 INFO  impl.LeaderElection (LeaderElection.java:askForVotes(178)) - s0@group-3D81F66BC438-LeaderElection90: begin an election at term 149 for 11: [s0:0.0.0.0:42154, s1:0.0.0.0:36158, s2:0.0.0.0:36910], old=null
2019-09-24 12:00:02,931 INFO  impl.LeaderElection (LeaderElection.java:logAndReturn(56)) - s1@group-3D81F66BC438-LeaderElection91: Election TIMEOUT; received 1 response(s) [s1<-s0#0:FAIL-t148] and 0 exception(s); s1@group-3D81F66BC438:t148, leader=null, voted=s1, raftlog=s1@group-3D81F66BC438-SegmentedRaftLog:OPENED:c10,f11,i11, conf=11: [s0:0.0.0.0:42154, s1:0.0.0.0:36158, s2:0.0.0.0:36910], old=null
2019-09-24 12:00:02,966 INFO  impl.LeaderElection (LeaderElection.java:askForVotes(178)) - s1@group-3D81F66BC438-LeaderElection91: begin an election at term 149 for 11: [s0:0.0.0.0:42154, s1:0.0.0.0:36158, s2:0.0.0.0:36910], old=null
2019-09-24 12:00:02,967 DEBUG impl.RaftServerImpl (RaftServerImpl.java:requestVote(743)) - s0@group-3D81F66BC438: receive requestVote(s1, group-3D81F66BC438, 149, (t:14, i:11))
2019-09-24 12:00:02,968 DEBUG impl.RaftServerImpl (RaftServerImpl.java:requestVote(775)) - s0@group-3D81F66BC438 replies to vote request: s1<-s0#0:FAIL-t149. Peer's state: s0@group-3D81F66BC438:t149, leader=null, voted=s0, raftlog=s0@group-3D81F66BC438-SegmentedRaftLog:OPENED:c11,f12,i12, conf=11: [s0:0.0.0.0:42154, s1:0.0.0.0:36158, s2:0.0.0.0:36910], old=null
2019-09-24 12:00:02,988 INFO  impl.LeaderElection (LeaderElection.java:logAndReturn(56)) - s2@group-3D81F66BC438-LeaderElection92: Election TIMEOUT; received 1 response(s) [s2<-s0#0:FAIL-t148] and 0 exception(s); s2@group-3D81F66BC438:t148, leader=null, voted=s2, raftlog=s2@group-3D81F66BC438-SegmentedRaftLog:OPENED:c10,f10,i10, conf=9: [s0:0.0.0.0:42154, s1:0.0.0.0:36158, s2:0.0.0.0:36910], old=null
2019-09-24 12:00:03,002 INFO  impl.LeaderElection (LeaderElection.java:askForVotes(178)) - s2@group-3D81F66BC438-LeaderElection92: begin an election at term 149 for 9: [s0:0.0.0.0:42154, s1:0.0.0.0:36158, s2:0.0.0.0:36910], old=null
2019-09-24 12:00:03,002 DEBUG impl.RaftServerImpl (RaftServerImpl.java:requestVote(743)) - s0@group-3D81F66BC438: receive requestVote(s2, group-3D81F66BC438, 149, (t:13, i:10))
2019-09-24 12:00:03,003 DEBUG impl.RaftServerImpl (RaftServerImpl.java:requestVote(775)) - s0@group-3D81F66BC438 replies to vote request: s2<-s0#0:FAIL-t149. Peer's state: s0@group-3D81F66BC438:t149, leader=null, voted=s0, raftlog=s0@group-3D81F66BC438-SegmentedRaftLog:OPENED:c11,f12,i12, conf=11: [s0:0.0.0.0:42154, s1:0.0.0.0:36158, s2:0.0.0.0:36910], old=null
2019-09-24 12:00:03,041 WARN  ratis.RaftTestUtil (JavaUtils.java:attempt(158)) - FAILED "waitForLeader-null-(expectLeader? true)", attempt #70/100: java.lang.IllegalStateException: No leader yet : printing ALL groups
  s0:  RUNNING CANDIDATE s0@group-3D81F66BC438:t149, leader=null, voted=s0, raftlog=s0@group-3D81F66BC438-SegmentedRaftLog:OPENED:c11,f12,i12, conf=11: [s0:0.0.0.0:42154, s1:0.0.0.0:36158, s2:0.0.0.0:36910], old=null RUNNING
  s1:  RUNNING CANDIDATE s1@group-3D81F66BC438:t149, leader=null, voted=s1, raftlog=s1@group-3D81F66BC438-SegmentedRaftLog:OPENED:c10,f11,i11, conf=11: [s0:0.0.0.0:42154, s1:0.0.0.0:36158, s2:0.0.0.0:36910], old=null RUNNING
  s2:  RUNNING CANDIDATE s2@group-3D81F66BC438:t149, leader=null, voted=s2, raftlog=s2@group-3D81F66BC438-SegmentedRaftLog:OPENED:c10,f10,i10, conf=9: [s0:0.0.0.0:42154, s1:0.0.0.0:36158, s2:0.0.0.0:36910], old=null RUNNING, sleep 450ms and then retry.
java.lang.IllegalStateException: No leader yet : printing ALL groups
  s0:  RUNNING CANDIDATE s0@group-3D81F66BC438:t149, leader=null, voted=s0, raftlog=s0@group-3D81F66BC438-SegmentedRaftLog:OPENED:c11,f12,i12, conf=11: [s0:0.0.0.0:42154, s1:0.0.0.0:36158, s2:0.0.0.0:36910], old=null RUNNING
  s1:  RUNNING CANDIDATE s1@group-3D81F66BC438:t149, leader=null, voted=s1, raftlog=s1@group-3D81F66BC438-SegmentedRaftLog:OPENED:c10,f11,i11, conf=11: [s0:0.0.0.0:42154, s1:0.0.0.0:36158, s2:0.0.0.0:36910], old=null RUNNING
  s2:  RUNNING CANDIDATE s2@group-3D81F66BC438:t149, leader=null, voted=s2, raftlog=s2@group-3D81F66BC438-SegmentedRaftLog:OPENED:c10,f10,i10, conf=9: [s0:0.0.0.0:42154, s1:0.0.0.0:36158, s2:0.0.0.0:36910], old=null RUNNING
	at org.apache.ratis.MiniRaftCluster.newIllegalStateExceptionForNoLeaders(MiniRaftCluster.java:506)
	at org.apache.ratis.RaftTestUtil.lambda$waitForLeader$1(RaftTestUtil.java:90)
	at org.apache.ratis.MiniRaftCluster.getLeader(MiniRaftCluster.java:539)
	at org.apache.ratis.MiniRaftCluster.getLeader(MiniRaftCluster.java:532)
	at org.apache.ratis.RaftTestUtil.lambda$waitForLeader$3(RaftTestUtil.java:98)
	at org.apache.ratis.util.JavaUtils.attempt(JavaUtils.java:152)
	at org.apache.ratis.RaftTestUtil.waitForLeader(RaftTestUtil.java:97)
	at org.apache.ratis.RaftTestUtil.waitForLeader(RaftTestUtil.java:77)
	at org.apache.ratis.RaftTestUtil.waitForLeader(RaftTestUtil.java:72)
	at org.apache.ratis.RaftTestUtil.lambda$changeLeader$7(RaftTestUtil.java:363)
	at org.apache.ratis.util.JavaUtils.attempt(JavaUtils.java:152)
	at org.apache.ratis.RaftTestUtil.changeLeader(RaftTestUtil.java:362)
	at org.apache.ratis.server.impl.LeaderElectionTests.testChangeLeader(LeaderElectionTests.java:81)
	at sun.reflect.NativeMethodAccessorImpl.invoke0(Native Method)
	at sun.reflect.NativeMethodAccessorImpl.invoke(NativeMethodAccessorImpl.java:62)
	at sun.reflect.DelegatingMethodAccessorImpl.invoke(DelegatingMethodAccessorImpl.java:43)
	at java.lang.reflect.Method.invoke(Method.java:498)
	at org.junit.runners.model.FrameworkMethod$1.runReflectiveCall(FrameworkMethod.java:50)
	at org.junit.internal.runners.model.ReflectiveCallable.run(ReflectiveCallable.java:12)
	at org.junit.runners.model.FrameworkMethod.invokeExplosively(FrameworkMethod.java:47)
	at org.junit.internal.runners.statements.InvokeMethod.evaluate(InvokeMethod.java:17)
	at org.junit.internal.runners.statements.RunAfters.evaluate(RunAfters.java:27)
	at org.junit.internal.runners.statements.FailOnTimeout$CallableStatement.call(FailOnTimeout.java:298)
	at org.junit.internal.runners.statements.FailOnTimeout$CallableStatement.call(FailOnTimeout.java:292)
	at java.util.concurrent.FutureTask.run(FutureTask.java:266)
	at java.lang.Thread.run(Thread.java:748)
2019-09-24 12:00:03,160 INFO  impl.LeaderElection (LeaderElection.java:logAndReturn(56)) - s0@group-3D81F66BC438-LeaderElection90: Election TIMEOUT; received 0 response(s) [] and 0 exception(s); s0@group-3D81F66BC438:t149, leader=null, voted=s0, raftlog=s0@group-3D81F66BC438-SegmentedRaftLog:OPENED:c11,f12,i12, conf=11: [s0:0.0.0.0:42154, s1:0.0.0.0:36158, s2:0.0.0.0:36910], old=null
2019-09-24 12:00:03,182 INFO  impl.LeaderElection (LeaderElection.java:logAndReturn(56)) - s1@group-3D81F66BC438-LeaderElection91: Election TIMEOUT; received 1 response(s) [s1<-s0#0:FAIL-t149] and 0 exception(s); s1@group-3D81F66BC438:t149, leader=null, voted=s1, raftlog=s1@group-3D81F66BC438-SegmentedRaftLog:OPENED:c10,f11,i11, conf=11: [s0:0.0.0.0:42154, s1:0.0.0.0:36158, s2:0.0.0.0:36910], old=null
2019-09-24 12:00:03,186 INFO  impl.LeaderElection (LeaderElection.java:askForVotes(178)) - s0@group-3D81F66BC438-LeaderElection90: begin an election at term 150 for 11: [s0:0.0.0.0:42154, s1:0.0.0.0:36158, s2:0.0.0.0:36910], old=null
2019-09-24 12:00:03,188 INFO  impl.LeaderElection (LeaderElection.java:askForVotes(178)) - s1@group-3D81F66BC438-LeaderElection91: begin an election at term 150 for 11: [s0:0.0.0.0:42154, s1:0.0.0.0:36158, s2:0.0.0.0:36910], old=null
2019-09-24 12:00:03,189 DEBUG impl.RaftServerImpl (RaftServerImpl.java:requestVote(743)) - s0@group-3D81F66BC438: receive requestVote(s1, group-3D81F66BC438, 150, (t:14, i:11))
2019-09-24 12:00:03,190 DEBUG impl.RaftServerImpl (RaftServerImpl.java:requestVote(775)) - s0@group-3D81F66BC438 replies to vote request: s1<-s0#0:FAIL-t150. Peer's state: s0@group-3D81F66BC438:t150, leader=null, voted=s0, raftlog=s0@group-3D81F66BC438-SegmentedRaftLog:OPENED:c11,f12,i12, conf=11: [s0:0.0.0.0:42154, s1:0.0.0.0:36158, s2:0.0.0.0:36910], old=null
2019-09-24 12:00:03,194 INFO  impl.LeaderElection (LeaderElection.java:logAndReturn(56)) - s2@group-3D81F66BC438-LeaderElection92: Election TIMEOUT; received 1 response(s) [s2<-s0#0:FAIL-t149] and 0 exception(s); s2@group-3D81F66BC438:t149, leader=null, voted=s2, raftlog=s2@group-3D81F66BC438-SegmentedRaftLog:OPENED:c10,f10,i10, conf=9: [s0:0.0.0.0:42154, s1:0.0.0.0:36158, s2:0.0.0.0:36910], old=null
2019-09-24 12:00:03,207 INFO  impl.LeaderElection (LeaderElection.java:askForVotes(178)) - s2@group-3D81F66BC438-LeaderElection92: begin an election at term 150 for 9: [s0:0.0.0.0:42154, s1:0.0.0.0:36158, s2:0.0.0.0:36910], old=null
2019-09-24 12:00:03,208 DEBUG impl.RaftServerImpl (RaftServerImpl.java:requestVote(743)) - s0@group-3D81F66BC438: receive requestVote(s2, group-3D81F66BC438, 150, (t:13, i:10))
2019-09-24 12:00:03,208 DEBUG impl.RaftServerImpl (RaftServerImpl.java:requestVote(775)) - s0@group-3D81F66BC438 replies to vote request: s2<-s0#0:FAIL-t150. Peer's state: s0@group-3D81F66BC438:t150, leader=null, voted=s0, raftlog=s0@group-3D81F66BC438-SegmentedRaftLog:OPENED:c11,f12,i12, conf=11: [s0:0.0.0.0:42154, s1:0.0.0.0:36158, s2:0.0.0.0:36910], old=null
2019-09-24 12:00:03,366 INFO  impl.LeaderElection (LeaderElection.java:logAndReturn(56)) - s0@group-3D81F66BC438-LeaderElection90: Election TIMEOUT; received 0 response(s) [] and 0 exception(s); s0@group-3D81F66BC438:t150, leader=null, voted=s0, raftlog=s0@group-3D81F66BC438-SegmentedRaftLog:OPENED:c11,f12,i12, conf=11: [s0:0.0.0.0:42154, s1:0.0.0.0:36158, s2:0.0.0.0:36910], old=null
2019-09-24 12:00:03,381 INFO  impl.LeaderElection (LeaderElection.java:askForVotes(178)) - s0@group-3D81F66BC438-LeaderElection90: begin an election at term 151 for 11: [s0:0.0.0.0:42154, s1:0.0.0.0:36158, s2:0.0.0.0:36910], old=null
2019-09-24 12:00:03,385 INFO  impl.LeaderElection (LeaderElection.java:logAndReturn(56)) - s2@group-3D81F66BC438-LeaderElection92: Election TIMEOUT; received 1 response(s) [s2<-s0#0:FAIL-t150] and 0 exception(s); s2@group-3D81F66BC438:t150, leader=null, voted=s2, raftlog=s2@group-3D81F66BC438-SegmentedRaftLog:OPENED:c10,f10,i10, conf=9: [s0:0.0.0.0:42154, s1:0.0.0.0:36158, s2:0.0.0.0:36910], old=null
2019-09-24 12:00:03,410 INFO  impl.LeaderElection (LeaderElection.java:askForVotes(178)) - s2@group-3D81F66BC438-LeaderElection92: begin an election at term 151 for 9: [s0:0.0.0.0:42154, s1:0.0.0.0:36158, s2:0.0.0.0:36910], old=null
2019-09-24 12:00:03,411 DEBUG impl.RaftServerImpl (RaftServerImpl.java:requestVote(743)) - s0@group-3D81F66BC438: receive requestVote(s2, group-3D81F66BC438, 151, (t:13, i:10))
2019-09-24 12:00:03,411 DEBUG impl.RaftServerImpl (RaftServerImpl.java:requestVote(775)) - s0@group-3D81F66BC438 replies to vote request: s2<-s0#0:FAIL-t151. Peer's state: s0@group-3D81F66BC438:t151, leader=null, voted=s0, raftlog=s0@group-3D81F66BC438-SegmentedRaftLog:OPENED:c11,f12,i12, conf=11: [s0:0.0.0.0:42154, s1:0.0.0.0:36158, s2:0.0.0.0:36910], old=null
2019-09-24 12:00:03,436 INFO  impl.LeaderElection (LeaderElection.java:logAndReturn(56)) - s1@group-3D81F66BC438-LeaderElection91: Election TIMEOUT; received 1 response(s) [s1<-s0#0:FAIL-t150] and 0 exception(s); s1@group-3D81F66BC438:t150, leader=null, voted=s1, raftlog=s1@group-3D81F66BC438-SegmentedRaftLog:OPENED:c10,f11,i11, conf=11: [s0:0.0.0.0:42154, s1:0.0.0.0:36158, s2:0.0.0.0:36910], old=null
2019-09-24 12:00:03,449 INFO  impl.LeaderElection (LeaderElection.java:askForVotes(178)) - s1@group-3D81F66BC438-LeaderElection91: begin an election at term 151 for 11: [s0:0.0.0.0:42154, s1:0.0.0.0:36158, s2:0.0.0.0:36910], old=null
2019-09-24 12:00:03,450 DEBUG impl.RaftServerImpl (RaftServerImpl.java:requestVote(743)) - s0@group-3D81F66BC438: receive requestVote(s1, group-3D81F66BC438, 151, (t:14, i:11))
2019-09-24 12:00:03,450 DEBUG impl.RaftServerImpl (RaftServerImpl.java:requestVote(775)) - s0@group-3D81F66BC438 replies to vote request: s1<-s0#0:FAIL-t151. Peer's state: s0@group-3D81F66BC438:t151, leader=null, voted=s0, raftlog=s0@group-3D81F66BC438-SegmentedRaftLog:OPENED:c11,f12,i12, conf=11: [s0:0.0.0.0:42154, s1:0.0.0.0:36158, s2:0.0.0.0:36910], old=null
2019-09-24 12:00:03,492 WARN  ratis.RaftTestUtil (JavaUtils.java:attempt(158)) - FAILED "waitForLeader-null-(expectLeader? true)", attempt #71/100: java.lang.IllegalStateException: No leader yet : printing ALL groups
  s0:  RUNNING CANDIDATE s0@group-3D81F66BC438:t151, leader=null, voted=s0, raftlog=s0@group-3D81F66BC438-SegmentedRaftLog:OPENED:c11,f12,i12, conf=11: [s0:0.0.0.0:42154, s1:0.0.0.0:36158, s2:0.0.0.0:36910], old=null RUNNING
  s1:  RUNNING CANDIDATE s1@group-3D81F66BC438:t151, leader=null, voted=s1, raftlog=s1@group-3D81F66BC438-SegmentedRaftLog:OPENED:c10,f11,i11, conf=11: [s0:0.0.0.0:42154, s1:0.0.0.0:36158, s2:0.0.0.0:36910], old=null RUNNING
  s2:  RUNNING CANDIDATE s2@group-3D81F66BC438:t151, leader=null, voted=s2, raftlog=s2@group-3D81F66BC438-SegmentedRaftLog:OPENED:c10,f10,i10, conf=9: [s0:0.0.0.0:42154, s1:0.0.0.0:36158, s2:0.0.0.0:36910], old=null RUNNING, sleep 450ms and then retry.
java.lang.IllegalStateException: No leader yet : printing ALL groups
  s0:  RUNNING CANDIDATE s0@group-3D81F66BC438:t151, leader=null, voted=s0, raftlog=s0@group-3D81F66BC438-SegmentedRaftLog:OPENED:c11,f12,i12, conf=11: [s0:0.0.0.0:42154, s1:0.0.0.0:36158, s2:0.0.0.0:36910], old=null RUNNING
  s1:  RUNNING CANDIDATE s1@group-3D81F66BC438:t151, leader=null, voted=s1, raftlog=s1@group-3D81F66BC438-SegmentedRaftLog:OPENED:c10,f11,i11, conf=11: [s0:0.0.0.0:42154, s1:0.0.0.0:36158, s2:0.0.0.0:36910], old=null RUNNING
  s2:  RUNNING CANDIDATE s2@group-3D81F66BC438:t151, leader=null, voted=s2, raftlog=s2@group-3D81F66BC438-SegmentedRaftLog:OPENED:c10,f10,i10, conf=9: [s0:0.0.0.0:42154, s1:0.0.0.0:36158, s2:0.0.0.0:36910], old=null RUNNING
	at org.apache.ratis.MiniRaftCluster.newIllegalStateExceptionForNoLeaders(MiniRaftCluster.java:506)
	at org.apache.ratis.RaftTestUtil.lambda$waitForLeader$1(RaftTestUtil.java:90)
	at org.apache.ratis.MiniRaftCluster.getLeader(MiniRaftCluster.java:539)
	at org.apache.ratis.MiniRaftCluster.getLeader(MiniRaftCluster.java:532)
	at org.apache.ratis.RaftTestUtil.lambda$waitForLeader$3(RaftTestUtil.java:98)
	at org.apache.ratis.util.JavaUtils.attempt(JavaUtils.java:152)
	at org.apache.ratis.RaftTestUtil.waitForLeader(RaftTestUtil.java:97)
	at org.apache.ratis.RaftTestUtil.waitForLeader(RaftTestUtil.java:77)
	at org.apache.ratis.RaftTestUtil.waitForLeader(RaftTestUtil.java:72)
	at org.apache.ratis.RaftTestUtil.lambda$changeLeader$7(RaftTestUtil.java:363)
	at org.apache.ratis.util.JavaUtils.attempt(JavaUtils.java:152)
	at org.apache.ratis.RaftTestUtil.changeLeader(RaftTestUtil.java:362)
	at org.apache.ratis.server.impl.LeaderElectionTests.testChangeLeader(LeaderElectionTests.java:81)
	at sun.reflect.NativeMethodAccessorImpl.invoke0(Native Method)
	at sun.reflect.NativeMethodAccessorImpl.invoke(NativeMethodAccessorImpl.java:62)
	at sun.reflect.DelegatingMethodAccessorImpl.invoke(DelegatingMethodAccessorImpl.java:43)
	at java.lang.reflect.Method.invoke(Method.java:498)
	at org.junit.runners.model.FrameworkMethod$1.runReflectiveCall(FrameworkMethod.java:50)
	at org.junit.internal.runners.model.ReflectiveCallable.run(ReflectiveCallable.java:12)
	at org.junit.runners.model.FrameworkMethod.invokeExplosively(FrameworkMethod.java:47)
	at org.junit.internal.runners.statements.InvokeMethod.evaluate(InvokeMethod.java:17)
	at org.junit.internal.runners.statements.RunAfters.evaluate(RunAfters.java:27)
	at org.junit.internal.runners.statements.FailOnTimeout$CallableStatement.call(FailOnTimeout.java:298)
	at org.junit.internal.runners.statements.FailOnTimeout$CallableStatement.call(FailOnTimeout.java:292)
	at java.util.concurrent.FutureTask.run(FutureTask.java:266)
	at java.lang.Thread.run(Thread.java:748)
2019-09-24 12:00:03,572 INFO  impl.LeaderElection (LeaderElection.java:logAndReturn(56)) - s2@group-3D81F66BC438-LeaderElection92: Election TIMEOUT; received 1 response(s) [s2<-s0#0:FAIL-t151] and 0 exception(s); s2@group-3D81F66BC438:t151, leader=null, voted=s2, raftlog=s2@group-3D81F66BC438-SegmentedRaftLog:OPENED:c10,f10,i10, conf=9: [s0:0.0.0.0:42154, s1:0.0.0.0:36158, s2:0.0.0.0:36910], old=null
2019-09-24 12:00:03,585 INFO  impl.LeaderElection (LeaderElection.java:askForVotes(178)) - s2@group-3D81F66BC438-LeaderElection92: begin an election at term 152 for 9: [s0:0.0.0.0:42154, s1:0.0.0.0:36158, s2:0.0.0.0:36910], old=null
2019-09-24 12:00:03,586 DEBUG impl.RaftServerImpl (RaftServerImpl.java:requestVote(743)) - s0@group-3D81F66BC438: receive requestVote(s2, group-3D81F66BC438, 152, (t:13, i:10))
2019-09-24 12:00:03,586 INFO  impl.RaftServerImpl (RaftServerImpl.java:setRole(170)) - s0@group-3D81F66BC438: changes role from CANDIDATE to FOLLOWER at term 152 for recognizeCandidate:s2
2019-09-24 12:00:03,586 INFO  impl.RoleInfo (RoleInfo.java:shutdownLeaderElection(134)) - s0: shutdown LeaderElection
2019-09-24 12:00:03,586 INFO  impl.RoleInfo (RoleInfo.java:updateAndGet(143)) - s0: start FollowerState
2019-09-24 12:00:03,618 INFO  impl.LeaderElection (LeaderElection.java:logAndReturn(56)) - s0@group-3D81F66BC438-LeaderElection90: Election REJECTED; received 0 response(s) [] and 0 exception(s); s0@group-3D81F66BC438:t152, leader=null, voted=null, raftlog=s0@group-3D81F66BC438-SegmentedRaftLog:OPENED:c11,f12,i12, conf=11: [s0:0.0.0.0:42154, s1:0.0.0.0:36158, s2:0.0.0.0:36910], old=null
2019-09-24 12:00:03,622 DEBUG impl.RaftServerImpl (RaftServerImpl.java:requestVote(775)) - s0@group-3D81F66BC438 replies to vote request: s2<-s0#0:FAIL-t152. Peer's state: s0@group-3D81F66BC438:t152, leader=null, voted=null, raftlog=s0@group-3D81F66BC438-SegmentedRaftLog:OPENED:c11,f12,i12, conf=11: [s0:0.0.0.0:42154, s1:0.0.0.0:36158, s2:0.0.0.0:36910], old=null
2019-09-24 12:00:03,726 INFO  impl.LeaderElection (LeaderElection.java:logAndReturn(56)) - s1@group-3D81F66BC438-LeaderElection91: Election TIMEOUT; received 1 response(s) [s1<-s0#0:FAIL-t151] and 0 exception(s); s1@group-3D81F66BC438:t151, leader=null, voted=s1, raftlog=s1@group-3D81F66BC438-SegmentedRaftLog:OPENED:c10,f11,i11, conf=11: [s0:0.0.0.0:42154, s1:0.0.0.0:36158, s2:0.0.0.0:36910], old=null
2019-09-24 12:00:03,752 INFO  impl.LeaderElection (LeaderElection.java:askForVotes(178)) - s1@group-3D81F66BC438-LeaderElection91: begin an election at term 152 for 11: [s0:0.0.0.0:42154, s1:0.0.0.0:36158, s2:0.0.0.0:36910], old=null
2019-09-24 12:00:03,752 DEBUG impl.RaftServerImpl (RaftServerImpl.java:requestVote(743)) - s0@group-3D81F66BC438: receive requestVote(s1, group-3D81F66BC438, 152, (t:14, i:11))
2019-09-24 12:00:03,753 INFO  impl.RaftServerImpl (RaftServerImpl.java:setRole(170)) - s0@group-3D81F66BC438: changes role from  FOLLOWER to FOLLOWER at term 152 for recognizeCandidate:s1
2019-09-24 12:00:03,753 INFO  impl.RoleInfo (RoleInfo.java:shutdownFollowerState(121)) - s0: shutdown FollowerState
2019-09-24 12:00:03,753 INFO  impl.RoleInfo (RoleInfo.java:updateAndGet(143)) - s0: start FollowerState
2019-09-24 12:00:03,753 INFO  impl.FollowerState (FollowerState.java:run(117)) - s0@group-3D81F66BC438-FollowerState was interrupted: java.lang.InterruptedException: sleep interrupted
2019-09-24 12:00:03,753 DEBUG impl.RaftServerImpl (RaftServerImpl.java:requestVote(775)) - s0@group-3D81F66BC438 replies to vote request: s1<-s0#0:FAIL-t152. Peer's state: s0@group-3D81F66BC438:t152, leader=null, voted=null, raftlog=s0@group-3D81F66BC438-SegmentedRaftLog:OPENED:c11,f12,i12, conf=11: [s0:0.0.0.0:42154, s1:0.0.0.0:36158, s2:0.0.0.0:36910], old=null
2019-09-24 12:00:03,863 INFO  impl.LeaderElection (LeaderElection.java:logAndReturn(56)) - s2@group-3D81F66BC438-LeaderElection92: Election TIMEOUT; received 1 response(s) [s2<-s0#0:FAIL-t152] and 0 exception(s); s2@group-3D81F66BC438:t152, leader=null, voted=s2, raftlog=s2@group-3D81F66BC438-SegmentedRaftLog:OPENED:c10,f10,i10, conf=9: [s0:0.0.0.0:42154, s1:0.0.0.0:36158, s2:0.0.0.0:36910], old=null
2019-09-24 12:00:03,876 INFO  impl.LeaderElection (LeaderElection.java:askForVotes(178)) - s2@group-3D81F66BC438-LeaderElection92: begin an election at term 153 for 9: [s0:0.0.0.0:42154, s1:0.0.0.0:36158, s2:0.0.0.0:36910], old=null
2019-09-24 12:00:03,876 DEBUG impl.RaftServerImpl (RaftServerImpl.java:requestVote(743)) - s0@group-3D81F66BC438: receive requestVote(s2, group-3D81F66BC438, 153, (t:13, i:10))
2019-09-24 12:00:03,877 INFO  impl.RaftServerImpl (RaftServerImpl.java:setRole(170)) - s0@group-3D81F66BC438: changes role from  FOLLOWER to FOLLOWER at term 153 for recognizeCandidate:s2
2019-09-24 12:00:03,877 INFO  impl.RoleInfo (RoleInfo.java:shutdownFollowerState(121)) - s0: shutdown FollowerState
2019-09-24 12:00:03,877 INFO  impl.RoleInfo (RoleInfo.java:updateAndGet(143)) - s0: start FollowerState
2019-09-24 12:00:03,877 INFO  impl.FollowerState (FollowerState.java:run(117)) - s0@group-3D81F66BC438-FollowerState was interrupted: java.lang.InterruptedException: sleep interrupted
2019-09-24 12:00:03,890 DEBUG impl.RaftServerImpl (RaftServerImpl.java:requestVote(775)) - s0@group-3D81F66BC438 replies to vote request: s2<-s0#0:FAIL-t153. Peer's state: s0@group-3D81F66BC438:t153, leader=null, voted=null, raftlog=s0@group-3D81F66BC438-SegmentedRaftLog:OPENED:c11,f12,i12, conf=11: [s0:0.0.0.0:42154, s1:0.0.0.0:36158, s2:0.0.0.0:36910], old=null
2019-09-24 12:00:03,944 INFO  impl.LeaderElection (LeaderElection.java:logAndReturn(56)) - s1@group-3D81F66BC438-LeaderElection91: Election TIMEOUT; received 1 response(s) [s1<-s0#0:FAIL-t152] and 0 exception(s); s1@group-3D81F66BC438:t152, leader=null, voted=s1, raftlog=s1@group-3D81F66BC438-SegmentedRaftLog:OPENED:c10,f11,i11, conf=11: [s0:0.0.0.0:42154, s1:0.0.0.0:36158, s2:0.0.0.0:36910], old=null
2019-09-24 12:00:03,944 WARN  ratis.RaftTestUtil (JavaUtils.java:attempt(158)) - FAILED "waitForLeader-null-(expectLeader? true)", attempt #72/100: java.lang.IllegalStateException: No leader yet : printing ALL groups
  s0:  RUNNING  FOLLOWER s0@group-3D81F66BC438:t153, leader=null, voted=null, raftlog=s0@group-3D81F66BC438-SegmentedRaftLog:OPENED:c11,f12,i12, conf=11: [s0:0.0.0.0:42154, s1:0.0.0.0:36158, s2:0.0.0.0:36910], old=null RUNNING
  s1:  RUNNING CANDIDATE s1@group-3D81F66BC438:t152, leader=null, voted=s1, raftlog=s1@group-3D81F66BC438-SegmentedRaftLog:OPENED:c10,f11,i11, conf=11: [s0:0.0.0.0:42154, s1:0.0.0.0:36158, s2:0.0.0.0:36910], old=null RUNNING
  s2:  RUNNING CANDIDATE s2@group-3D81F66BC438:t153, leader=null, voted=s2, raftlog=s2@group-3D81F66BC438-SegmentedRaftLog:OPENED:c10,f10,i10, conf=9: [s0:0.0.0.0:42154, s1:0.0.0.0:36158, s2:0.0.0.0:36910], old=null RUNNING, sleep 450ms and then retry.
java.lang.IllegalStateException: No leader yet : printing ALL groups
  s0:  RUNNING  FOLLOWER s0@group-3D81F66BC438:t153, leader=null, voted=null, raftlog=s0@group-3D81F66BC438-SegmentedRaftLog:OPENED:c11,f12,i12, conf=11: [s0:0.0.0.0:42154, s1:0.0.0.0:36158, s2:0.0.0.0:36910], old=null RUNNING
  s1:  RUNNING CANDIDATE s1@group-3D81F66BC438:t152, leader=null, voted=s1, raftlog=s1@group-3D81F66BC438-SegmentedRaftLog:OPENED:c10,f11,i11, conf=11: [s0:0.0.0.0:42154, s1:0.0.0.0:36158, s2:0.0.0.0:36910], old=null RUNNING
  s2:  RUNNING CANDIDATE s2@group-3D81F66BC438:t153, leader=null, voted=s2, raftlog=s2@group-3D81F66BC438-SegmentedRaftLog:OPENED:c10,f10,i10, conf=9: [s0:0.0.0.0:42154, s1:0.0.0.0:36158, s2:0.0.0.0:36910], old=null RUNNING
	at org.apache.ratis.MiniRaftCluster.newIllegalStateExceptionForNoLeaders(MiniRaftCluster.java:506)
	at org.apache.ratis.RaftTestUtil.lambda$waitForLeader$1(RaftTestUtil.java:90)
	at org.apache.ratis.MiniRaftCluster.getLeader(MiniRaftCluster.java:539)
	at org.apache.ratis.MiniRaftCluster.getLeader(MiniRaftCluster.java:532)
	at org.apache.ratis.RaftTestUtil.lambda$waitForLeader$3(RaftTestUtil.java:98)
	at org.apache.ratis.util.JavaUtils.attempt(JavaUtils.java:152)
	at org.apache.ratis.RaftTestUtil.waitForLeader(RaftTestUtil.java:97)
	at org.apache.ratis.RaftTestUtil.waitForLeader(RaftTestUtil.java:77)
	at org.apache.ratis.RaftTestUtil.waitForLeader(RaftTestUtil.java:72)
	at org.apache.ratis.RaftTestUtil.lambda$changeLeader$7(RaftTestUtil.java:363)
	at org.apache.ratis.util.JavaUtils.attempt(JavaUtils.java:152)
	at org.apache.ratis.RaftTestUtil.changeLeader(RaftTestUtil.java:362)
	at org.apache.ratis.server.impl.LeaderElectionTests.testChangeLeader(LeaderElectionTests.java:81)
	at sun.reflect.NativeMethodAccessorImpl.invoke0(Native Method)
	at sun.reflect.NativeMethodAccessorImpl.invoke(NativeMethodAccessorImpl.java:62)
	at sun.reflect.DelegatingMethodAccessorImpl.invoke(DelegatingMethodAccessorImpl.java:43)
	at java.lang.reflect.Method.invoke(Method.java:498)
	at org.junit.runners.model.FrameworkMethod$1.runReflectiveCall(FrameworkMethod.java:50)
	at org.junit.internal.runners.model.ReflectiveCallable.run(ReflectiveCallable.java:12)
	at org.junit.runners.model.FrameworkMethod.invokeExplosively(FrameworkMethod.java:47)
	at org.junit.internal.runners.statements.InvokeMethod.evaluate(InvokeMethod.java:17)
	at org.junit.internal.runners.statements.RunAfters.evaluate(RunAfters.java:27)
	at org.junit.internal.runners.statements.FailOnTimeout$CallableStatement.call(FailOnTimeout.java:298)
	at org.junit.internal.runners.statements.FailOnTimeout$CallableStatement.call(FailOnTimeout.java:292)
	at java.util.concurrent.FutureTask.run(FutureTask.java:266)
	at java.lang.Thread.run(Thread.java:748)
2019-09-24 12:00:03,969 INFO  impl.LeaderElection (LeaderElection.java:askForVotes(178)) - s1@group-3D81F66BC438-LeaderElection91: begin an election at term 153 for 11: [s0:0.0.0.0:42154, s1:0.0.0.0:36158, s2:0.0.0.0:36910], old=null
2019-09-24 12:00:03,969 DEBUG impl.RaftServerImpl (RaftServerImpl.java:requestVote(743)) - s0@group-3D81F66BC438: receive requestVote(s1, group-3D81F66BC438, 153, (t:14, i:11))
2019-09-24 12:00:03,970 INFO  impl.RaftServerImpl (RaftServerImpl.java:setRole(170)) - s0@group-3D81F66BC438: changes role from  FOLLOWER to FOLLOWER at term 153 for recognizeCandidate:s1
2019-09-24 12:00:03,970 INFO  impl.RoleInfo (RoleInfo.java:shutdownFollowerState(121)) - s0: shutdown FollowerState
2019-09-24 12:00:03,970 INFO  impl.RoleInfo (RoleInfo.java:updateAndGet(143)) - s0: start FollowerState
2019-09-24 12:00:03,970 INFO  impl.FollowerState (FollowerState.java:run(117)) - s0@group-3D81F66BC438-FollowerState was interrupted: java.lang.InterruptedException: sleep interrupted
2019-09-24 12:00:03,970 DEBUG impl.RaftServerImpl (RaftServerImpl.java:requestVote(775)) - s0@group-3D81F66BC438 replies to vote request: s1<-s0#0:FAIL-t153. Peer's state: s0@group-3D81F66BC438:t153, leader=null, voted=null, raftlog=s0@group-3D81F66BC438-SegmentedRaftLog:OPENED:c11,f12,i12, conf=11: [s0:0.0.0.0:42154, s1:0.0.0.0:36158, s2:0.0.0.0:36910], old=null
2019-09-24 12:00:04,086 INFO  impl.LeaderElection (LeaderElection.java:logAndReturn(56)) - s2@group-3D81F66BC438-LeaderElection92: Election TIMEOUT; received 1 response(s) [s2<-s0#0:FAIL-t153] and 0 exception(s); s2@group-3D81F66BC438:t153, leader=null, voted=s2, raftlog=s2@group-3D81F66BC438-SegmentedRaftLog:OPENED:c10,f10,i10, conf=9: [s0:0.0.0.0:42154, s1:0.0.0.0:36158, s2:0.0.0.0:36910], old=null
2019-09-24 12:00:04,101 INFO  impl.LeaderElection (LeaderElection.java:askForVotes(178)) - s2@group-3D81F66BC438-LeaderElection92: begin an election at term 154 for 9: [s0:0.0.0.0:42154, s1:0.0.0.0:36158, s2:0.0.0.0:36910], old=null
2019-09-24 12:00:04,102 DEBUG impl.RaftServerImpl (RaftServerImpl.java:requestVote(743)) - s0@group-3D81F66BC438: receive requestVote(s2, group-3D81F66BC438, 154, (t:13, i:10))
2019-09-24 12:00:04,102 INFO  impl.RaftServerImpl (RaftServerImpl.java:setRole(170)) - s0@group-3D81F66BC438: changes role from  FOLLOWER to FOLLOWER at term 154 for recognizeCandidate:s2
2019-09-24 12:00:04,102 INFO  impl.RoleInfo (RoleInfo.java:shutdownFollowerState(121)) - s0: shutdown FollowerState
2019-09-24 12:00:04,102 INFO  impl.RoleInfo (RoleInfo.java:updateAndGet(143)) - s0: start FollowerState
2019-09-24 12:00:04,102 INFO  impl.FollowerState (FollowerState.java:run(117)) - s0@group-3D81F66BC438-FollowerState was interrupted: java.lang.InterruptedException: sleep interrupted
2019-09-24 12:00:04,143 DEBUG impl.RaftServerImpl (RaftServerImpl.java:requestVote(775)) - s0@group-3D81F66BC438 replies to vote request: s2<-s0#0:FAIL-t154. Peer's state: s0@group-3D81F66BC438:t154, leader=null, voted=null, raftlog=s0@group-3D81F66BC438-SegmentedRaftLog:OPENED:c11,f12,i12, conf=11: [s0:0.0.0.0:42154, s1:0.0.0.0:36158, s2:0.0.0.0:36910], old=null
2019-09-24 12:00:04,220 INFO  impl.LeaderElection (LeaderElection.java:logAndReturn(56)) - s1@group-3D81F66BC438-LeaderElection91: Election TIMEOUT; received 1 response(s) [s1<-s0#0:FAIL-t153] and 0 exception(s); s1@group-3D81F66BC438:t153, leader=null, voted=s1, raftlog=s1@group-3D81F66BC438-SegmentedRaftLog:OPENED:c10,f11,i11, conf=11: [s0:0.0.0.0:42154, s1:0.0.0.0:36158, s2:0.0.0.0:36910], old=null
2019-09-24 12:00:04,232 INFO  impl.LeaderElection (LeaderElection.java:askForVotes(178)) - s1@group-3D81F66BC438-LeaderElection91: begin an election at term 154 for 11: [s0:0.0.0.0:42154, s1:0.0.0.0:36158, s2:0.0.0.0:36910], old=null
2019-09-24 12:00:04,233 DEBUG impl.RaftServerImpl (RaftServerImpl.java:requestVote(743)) - s0@group-3D81F66BC438: receive requestVote(s1, group-3D81F66BC438, 154, (t:14, i:11))
2019-09-24 12:00:04,233 INFO  impl.RaftServerImpl (RaftServerImpl.java:setRole(170)) - s0@group-3D81F66BC438: changes role from  FOLLOWER to FOLLOWER at term 154 for recognizeCandidate:s1
2019-09-24 12:00:04,233 INFO  impl.RoleInfo (RoleInfo.java:shutdownFollowerState(121)) - s0: shutdown FollowerState
2019-09-24 12:00:04,234 INFO  impl.RoleInfo (RoleInfo.java:updateAndGet(143)) - s0: start FollowerState
2019-09-24 12:00:04,234 INFO  impl.FollowerState (FollowerState.java:run(117)) - s0@group-3D81F66BC438-FollowerState was interrupted: java.lang.InterruptedException: sleep interrupted
2019-09-24 12:00:04,234 DEBUG impl.RaftServerImpl (RaftServerImpl.java:requestVote(775)) - s0@group-3D81F66BC438 replies to vote request: s1<-s0#0:FAIL-t154. Peer's state: s0@group-3D81F66BC438:t154, leader=null, voted=null, raftlog=s0@group-3D81F66BC438-SegmentedRaftLog:OPENED:c11,f12,i12, conf=11: [s0:0.0.0.0:42154, s1:0.0.0.0:36158, s2:0.0.0.0:36910], old=null
2019-09-24 12:00:04,373 INFO  impl.LeaderElection (LeaderElection.java:logAndReturn(56)) - s2@group-3D81F66BC438-LeaderElection92: Election TIMEOUT; received 1 response(s) [s2<-s0#0:FAIL-t154] and 0 exception(s); s2@group-3D81F66BC438:t154, leader=null, voted=s2, raftlog=s2@group-3D81F66BC438-SegmentedRaftLog:OPENED:c10,f10,i10, conf=9: [s0:0.0.0.0:42154, s1:0.0.0.0:36158, s2:0.0.0.0:36910], old=null
2019-09-24 12:00:04,394 INFO  impl.LeaderElection (LeaderElection.java:askForVotes(178)) - s2@group-3D81F66BC438-LeaderElection92: begin an election at term 155 for 9: [s0:0.0.0.0:42154, s1:0.0.0.0:36158, s2:0.0.0.0:36910], old=null
2019-09-24 12:00:04,395 DEBUG impl.RaftServerImpl (RaftServerImpl.java:requestVote(743)) - s0@group-3D81F66BC438: receive requestVote(s2, group-3D81F66BC438, 155, (t:13, i:10))
2019-09-24 12:00:04,395 INFO  impl.RaftServerImpl (RaftServerImpl.java:setRole(170)) - s0@group-3D81F66BC438: changes role from  FOLLOWER to FOLLOWER at term 155 for recognizeCandidate:s2
2019-09-24 12:00:04,395 INFO  impl.RoleInfo (RoleInfo.java:shutdownFollowerState(121)) - s0: shutdown FollowerState
2019-09-24 12:00:04,395 INFO  impl.RoleInfo (RoleInfo.java:updateAndGet(143)) - s0: start FollowerState
2019-09-24 12:00:04,395 INFO  impl.FollowerState (FollowerState.java:run(117)) - s0@group-3D81F66BC438-FollowerState was interrupted: java.lang.InterruptedException: sleep interrupted
2019-09-24 12:00:04,395 WARN  ratis.RaftTestUtil (JavaUtils.java:attempt(158)) - FAILED "waitForLeader-null-(expectLeader? true)", attempt #73/100: java.lang.IllegalStateException: No leader yet : printing ALL groups
  s0:  RUNNING  FOLLOWER s0@group-3D81F66BC438:t155, leader=null, voted=null, raftlog=s0@group-3D81F66BC438-SegmentedRaftLog:OPENED:c11,f12,i12, conf=11: [s0:0.0.0.0:42154, s1:0.0.0.0:36158, s2:0.0.0.0:36910], old=null RUNNING
  s1:  RUNNING CANDIDATE s1@group-3D81F66BC438:t154, leader=null, voted=s1, raftlog=s1@group-3D81F66BC438-SegmentedRaftLog:OPENED:c10,f11,i11, conf=11: [s0:0.0.0.0:42154, s1:0.0.0.0:36158, s2:0.0.0.0:36910], old=null RUNNING
  s2:  RUNNING CANDIDATE s2@group-3D81F66BC438:t155, leader=null, voted=s2, raftlog=s2@group-3D81F66BC438-SegmentedRaftLog:OPENED:c10,f10,i10, conf=9: [s0:0.0.0.0:42154, s1:0.0.0.0:36158, s2:0.0.0.0:36910], old=null RUNNING, sleep 450ms and then retry.
java.lang.IllegalStateException: No leader yet : printing ALL groups
  s0:  RUNNING  FOLLOWER s0@group-3D81F66BC438:t155, leader=null, voted=null, raftlog=s0@group-3D81F66BC438-SegmentedRaftLog:OPENED:c11,f12,i12, conf=11: [s0:0.0.0.0:42154, s1:0.0.0.0:36158, s2:0.0.0.0:36910], old=null RUNNING
  s1:  RUNNING CANDIDATE s1@group-3D81F66BC438:t154, leader=null, voted=s1, raftlog=s1@group-3D81F66BC438-SegmentedRaftLog:OPENED:c10,f11,i11, conf=11: [s0:0.0.0.0:42154, s1:0.0.0.0:36158, s2:0.0.0.0:36910], old=null RUNNING
  s2:  RUNNING CANDIDATE s2@group-3D81F66BC438:t155, leader=null, voted=s2, raftlog=s2@group-3D81F66BC438-SegmentedRaftLog:OPENED:c10,f10,i10, conf=9: [s0:0.0.0.0:42154, s1:0.0.0.0:36158, s2:0.0.0.0:36910], old=null RUNNING
	at org.apache.ratis.MiniRaftCluster.newIllegalStateExceptionForNoLeaders(MiniRaftCluster.java:506)
	at org.apache.ratis.RaftTestUtil.lambda$waitForLeader$1(RaftTestUtil.java:90)
	at org.apache.ratis.MiniRaftCluster.getLeader(MiniRaftCluster.java:539)
	at org.apache.ratis.MiniRaftCluster.getLeader(MiniRaftCluster.java:532)
	at org.apache.ratis.RaftTestUtil.lambda$waitForLeader$3(RaftTestUtil.java:98)
	at org.apache.ratis.util.JavaUtils.attempt(JavaUtils.java:152)
	at org.apache.ratis.RaftTestUtil.waitForLeader(RaftTestUtil.java:97)
	at org.apache.ratis.RaftTestUtil.waitForLeader(RaftTestUtil.java:77)
	at org.apache.ratis.RaftTestUtil.waitForLeader(RaftTestUtil.java:72)
	at org.apache.ratis.RaftTestUtil.lambda$changeLeader$7(RaftTestUtil.java:363)
	at org.apache.ratis.util.JavaUtils.attempt(JavaUtils.java:152)
	at org.apache.ratis.RaftTestUtil.changeLeader(RaftTestUtil.java:362)
	at org.apache.ratis.server.impl.LeaderElectionTests.testChangeLeader(LeaderElectionTests.java:81)
	at sun.reflect.NativeMethodAccessorImpl.invoke0(Native Method)
	at sun.reflect.NativeMethodAccessorImpl.invoke(NativeMethodAccessorImpl.java:62)
	at sun.reflect.DelegatingMethodAccessorImpl.invoke(DelegatingMethodAccessorImpl.java:43)
	at java.lang.reflect.Method.invoke(Method.java:498)
	at org.junit.runners.model.FrameworkMethod$1.runReflectiveCall(FrameworkMethod.java:50)
	at org.junit.internal.runners.model.ReflectiveCallable.run(ReflectiveCallable.java:12)
	at org.junit.runners.model.FrameworkMethod.invokeExplosively(FrameworkMethod.java:47)
	at org.junit.internal.runners.statements.InvokeMethod.evaluate(InvokeMethod.java:17)
	at org.junit.internal.runners.statements.RunAfters.evaluate(RunAfters.java:27)
	at org.junit.internal.runners.statements.FailOnTimeout$CallableStatement.call(FailOnTimeout.java:298)
	at org.junit.internal.runners.statements.FailOnTimeout$CallableStatement.call(FailOnTimeout.java:292)
	at java.util.concurrent.FutureTask.run(FutureTask.java:266)
	at java.lang.Thread.run(Thread.java:748)
2019-09-24 12:00:04,418 DEBUG impl.RaftServerImpl (RaftServerImpl.java:requestVote(775)) - s0@group-3D81F66BC438 replies to vote request: s2<-s0#0:FAIL-t155. Peer's state: s0@group-3D81F66BC438:t155, leader=null, voted=null, raftlog=s0@group-3D81F66BC438-SegmentedRaftLog:OPENED:c11,f12,i12, conf=11: [s0:0.0.0.0:42154, s1:0.0.0.0:36158, s2:0.0.0.0:36910], old=null
2019-09-24 12:00:04,424 INFO  impl.LeaderElection (LeaderElection.java:logAndReturn(56)) - s1@group-3D81F66BC438-LeaderElection91: Election TIMEOUT; received 1 response(s) [s1<-s0#0:FAIL-t154] and 0 exception(s); s1@group-3D81F66BC438:t154, leader=null, voted=s1, raftlog=s1@group-3D81F66BC438-SegmentedRaftLog:OPENED:c10,f11,i11, conf=11: [s0:0.0.0.0:42154, s1:0.0.0.0:36158, s2:0.0.0.0:36910], old=null
2019-09-24 12:00:04,447 INFO  impl.LeaderElection (LeaderElection.java:askForVotes(178)) - s1@group-3D81F66BC438-LeaderElection91: begin an election at term 155 for 11: [s0:0.0.0.0:42154, s1:0.0.0.0:36158, s2:0.0.0.0:36910], old=null
2019-09-24 12:00:04,448 DEBUG impl.RaftServerImpl (RaftServerImpl.java:requestVote(743)) - s0@group-3D81F66BC438: receive requestVote(s1, group-3D81F66BC438, 155, (t:14, i:11))
2019-09-24 12:00:04,448 INFO  impl.RaftServerImpl (RaftServerImpl.java:setRole(170)) - s0@group-3D81F66BC438: changes role from  FOLLOWER to FOLLOWER at term 155 for recognizeCandidate:s1
2019-09-24 12:00:04,448 INFO  impl.RoleInfo (RoleInfo.java:shutdownFollowerState(121)) - s0: shutdown FollowerState
2019-09-24 12:00:04,448 INFO  impl.RoleInfo (RoleInfo.java:updateAndGet(143)) - s0: start FollowerState
2019-09-24 12:00:04,448 INFO  impl.FollowerState (FollowerState.java:run(117)) - s0@group-3D81F66BC438-FollowerState was interrupted: java.lang.InterruptedException: sleep interrupted
2019-09-24 12:00:04,449 DEBUG impl.RaftServerImpl (RaftServerImpl.java:requestVote(775)) - s0@group-3D81F66BC438 replies to vote request: s1<-s0#0:FAIL-t155. Peer's state: s0@group-3D81F66BC438:t155, leader=null, voted=null, raftlog=s0@group-3D81F66BC438-SegmentedRaftLog:OPENED:c11,f12,i12, conf=11: [s0:0.0.0.0:42154, s1:0.0.0.0:36158, s2:0.0.0.0:36910], old=null
2019-09-24 12:00:04,654 INFO  impl.LeaderElection (LeaderElection.java:logAndReturn(56)) - s2@group-3D81F66BC438-LeaderElection92: Election TIMEOUT; received 1 response(s) [s2<-s0#0:FAIL-t155] and 0 exception(s); s2@group-3D81F66BC438:t155, leader=null, voted=s2, raftlog=s2@group-3D81F66BC438-SegmentedRaftLog:OPENED:c10,f10,i10, conf=9: [s0:0.0.0.0:42154, s1:0.0.0.0:36158, s2:0.0.0.0:36910], old=null
2019-09-24 12:00:04,670 INFO  impl.LeaderElection (LeaderElection.java:askForVotes(178)) - s2@group-3D81F66BC438-LeaderElection92: begin an election at term 156 for 9: [s0:0.0.0.0:42154, s1:0.0.0.0:36158, s2:0.0.0.0:36910], old=null
2019-09-24 12:00:04,671 DEBUG impl.RaftServerImpl (RaftServerImpl.java:requestVote(743)) - s0@group-3D81F66BC438: receive requestVote(s2, group-3D81F66BC438, 156, (t:13, i:10))
2019-09-24 12:00:04,671 INFO  impl.RaftServerImpl (RaftServerImpl.java:setRole(170)) - s0@group-3D81F66BC438: changes role from  FOLLOWER to FOLLOWER at term 156 for recognizeCandidate:s2
2019-09-24 12:00:04,671 INFO  impl.RoleInfo (RoleInfo.java:shutdownFollowerState(121)) - s0: shutdown FollowerState
2019-09-24 12:00:04,671 INFO  impl.RoleInfo (RoleInfo.java:updateAndGet(143)) - s0: start FollowerState
2019-09-24 12:00:04,671 INFO  impl.FollowerState (FollowerState.java:run(117)) - s0@group-3D81F66BC438-FollowerState was interrupted: java.lang.InterruptedException: sleep interrupted
2019-09-24 12:00:04,692 INFO  impl.LeaderElection (LeaderElection.java:logAndReturn(56)) - s1@group-3D81F66BC438-LeaderElection91: Election TIMEOUT; received 1 response(s) [s1<-s0#0:FAIL-t155] and 0 exception(s); s1@group-3D81F66BC438:t155, leader=null, voted=s1, raftlog=s1@group-3D81F66BC438-SegmentedRaftLog:OPENED:c10,f11,i11, conf=11: [s0:0.0.0.0:42154, s1:0.0.0.0:36158, s2:0.0.0.0:36910], old=null
2019-09-24 12:00:04,697 DEBUG impl.RaftServerImpl (RaftServerImpl.java:requestVote(775)) - s0@group-3D81F66BC438 replies to vote request: s2<-s0#0:FAIL-t156. Peer's state: s0@group-3D81F66BC438:t156, leader=null, voted=null, raftlog=s0@group-3D81F66BC438-SegmentedRaftLog:OPENED:c11,f12,i12, conf=11: [s0:0.0.0.0:42154, s1:0.0.0.0:36158, s2:0.0.0.0:36910], old=null
2019-09-24 12:00:04,699 INFO  impl.LeaderElection (LeaderElection.java:askForVotes(178)) - s1@group-3D81F66BC438-LeaderElection91: begin an election at term 156 for 11: [s0:0.0.0.0:42154, s1:0.0.0.0:36158, s2:0.0.0.0:36910], old=null
2019-09-24 12:00:04,699 DEBUG impl.RaftServerImpl (RaftServerImpl.java:requestVote(743)) - s0@group-3D81F66BC438: receive requestVote(s1, group-3D81F66BC438, 156, (t:14, i:11))
2019-09-24 12:00:04,699 INFO  impl.RaftServerImpl (RaftServerImpl.java:setRole(170)) - s0@group-3D81F66BC438: changes role from  FOLLOWER to FOLLOWER at term 156 for recognizeCandidate:s1
2019-09-24 12:00:04,700 INFO  impl.RoleInfo (RoleInfo.java:shutdownFollowerState(121)) - s0: shutdown FollowerState
2019-09-24 12:00:04,700 INFO  impl.RoleInfo (RoleInfo.java:updateAndGet(143)) - s0: start FollowerState
2019-09-24 12:00:04,700 INFO  impl.FollowerState (FollowerState.java:run(117)) - s0@group-3D81F66BC438-FollowerState was interrupted: java.lang.InterruptedException: sleep interrupted
2019-09-24 12:00:04,700 DEBUG impl.RaftServerImpl (RaftServerImpl.java:requestVote(775)) - s0@group-3D81F66BC438 replies to vote request: s1<-s0#0:FAIL-t156. Peer's state: s0@group-3D81F66BC438:t156, leader=null, voted=null, raftlog=s0@group-3D81F66BC438-SegmentedRaftLog:OPENED:c11,f12,i12, conf=11: [s0:0.0.0.0:42154, s1:0.0.0.0:36158, s2:0.0.0.0:36910], old=null
2019-09-24 12:00:04,847 WARN  ratis.RaftTestUtil (JavaUtils.java:attempt(158)) - FAILED "waitForLeader-null-(expectLeader? true)", attempt #74/100: java.lang.IllegalStateException: No leader yet : printing ALL groups
  s0:  RUNNING  FOLLOWER s0@group-3D81F66BC438:t156, leader=null, voted=null, raftlog=s0@group-3D81F66BC438-SegmentedRaftLog:OPENED:c11,f12,i12, conf=11: [s0:0.0.0.0:42154, s1:0.0.0.0:36158, s2:0.0.0.0:36910], old=null RUNNING
  s1:  RUNNING CANDIDATE s1@group-3D81F66BC438:t156, leader=null, voted=s1, raftlog=s1@group-3D81F66BC438-SegmentedRaftLog:OPENED:c10,f11,i11, conf=11: [s0:0.0.0.0:42154, s1:0.0.0.0:36158, s2:0.0.0.0:36910], old=null RUNNING
  s2:  RUNNING CANDIDATE s2@group-3D81F66BC438:t156, leader=null, voted=s2, raftlog=s2@group-3D81F66BC438-SegmentedRaftLog:OPENED:c10,f10,i10, conf=9: [s0:0.0.0.0:42154, s1:0.0.0.0:36158, s2:0.0.0.0:36910], old=null RUNNING, sleep 450ms and then retry.
java.lang.IllegalStateException: No leader yet : printing ALL groups
  s0:  RUNNING  FOLLOWER s0@group-3D81F66BC438:t156, leader=null, voted=null, raftlog=s0@group-3D81F66BC438-SegmentedRaftLog:OPENED:c11,f12,i12, conf=11: [s0:0.0.0.0:42154, s1:0.0.0.0:36158, s2:0.0.0.0:36910], old=null RUNNING
  s1:  RUNNING CANDIDATE s1@group-3D81F66BC438:t156, leader=null, voted=s1, raftlog=s1@group-3D81F66BC438-SegmentedRaftLog:OPENED:c10,f11,i11, conf=11: [s0:0.0.0.0:42154, s1:0.0.0.0:36158, s2:0.0.0.0:36910], old=null RUNNING
  s2:  RUNNING CANDIDATE s2@group-3D81F66BC438:t156, leader=null, voted=s2, raftlog=s2@group-3D81F66BC438-SegmentedRaftLog:OPENED:c10,f10,i10, conf=9: [s0:0.0.0.0:42154, s1:0.0.0.0:36158, s2:0.0.0.0:36910], old=null RUNNING
	at org.apache.ratis.MiniRaftCluster.newIllegalStateExceptionForNoLeaders(MiniRaftCluster.java:506)
	at org.apache.ratis.RaftTestUtil.lambda$waitForLeader$1(RaftTestUtil.java:90)
	at org.apache.ratis.MiniRaftCluster.getLeader(MiniRaftCluster.java:539)
	at org.apache.ratis.MiniRaftCluster.getLeader(MiniRaftCluster.java:532)
	at org.apache.ratis.RaftTestUtil.lambda$waitForLeader$3(RaftTestUtil.java:98)
	at org.apache.ratis.util.JavaUtils.attempt(JavaUtils.java:152)
	at org.apache.ratis.RaftTestUtil.waitForLeader(RaftTestUtil.java:97)
	at org.apache.ratis.RaftTestUtil.waitForLeader(RaftTestUtil.java:77)
	at org.apache.ratis.RaftTestUtil.waitForLeader(RaftTestUtil.java:72)
	at org.apache.ratis.RaftTestUtil.lambda$changeLeader$7(RaftTestUtil.java:363)
	at org.apache.ratis.util.JavaUtils.attempt(JavaUtils.java:152)
	at org.apache.ratis.RaftTestUtil.changeLeader(RaftTestUtil.java:362)
	at org.apache.ratis.server.impl.LeaderElectionTests.testChangeLeader(LeaderElectionTests.java:81)
	at sun.reflect.NativeMethodAccessorImpl.invoke0(Native Method)
	at sun.reflect.NativeMethodAccessorImpl.invoke(NativeMethodAccessorImpl.java:62)
	at sun.reflect.DelegatingMethodAccessorImpl.invoke(DelegatingMethodAccessorImpl.java:43)
	at java.lang.reflect.Method.invoke(Method.java:498)
	at org.junit.runners.model.FrameworkMethod$1.runReflectiveCall(FrameworkMethod.java:50)
	at org.junit.internal.runners.model.ReflectiveCallable.run(ReflectiveCallable.java:12)
	at org.junit.runners.model.FrameworkMethod.invokeExplosively(FrameworkMethod.java:47)
	at org.junit.internal.runners.statements.InvokeMethod.evaluate(InvokeMethod.java:17)
	at org.junit.internal.runners.statements.RunAfters.evaluate(RunAfters.java:27)
	at org.junit.internal.runners.statements.FailOnTimeout$CallableStatement.call(FailOnTimeout.java:298)
	at org.junit.internal.runners.statements.FailOnTimeout$CallableStatement.call(FailOnTimeout.java:292)
	at java.util.concurrent.FutureTask.run(FutureTask.java:266)
	at java.lang.Thread.run(Thread.java:748)
2019-09-24 12:00:04,885 INFO  impl.LeaderElection (LeaderElection.java:logAndReturn(56)) - s1@group-3D81F66BC438-LeaderElection91: Election TIMEOUT; received 1 response(s) [s1<-s0#0:FAIL-t156] and 0 exception(s); s1@group-3D81F66BC438:t156, leader=null, voted=s1, raftlog=s1@group-3D81F66BC438-SegmentedRaftLog:OPENED:c10,f11,i11, conf=11: [s0:0.0.0.0:42154, s1:0.0.0.0:36158, s2:0.0.0.0:36910], old=null
2019-09-24 12:00:04,898 INFO  impl.LeaderElection (LeaderElection.java:askForVotes(178)) - s1@group-3D81F66BC438-LeaderElection91: begin an election at term 157 for 11: [s0:0.0.0.0:42154, s1:0.0.0.0:36158, s2:0.0.0.0:36910], old=null
2019-09-24 12:00:04,899 DEBUG impl.RaftServerImpl (RaftServerImpl.java:requestVote(743)) - s0@group-3D81F66BC438: receive requestVote(s1, group-3D81F66BC438, 157, (t:14, i:11))
2019-09-24 12:00:04,899 INFO  impl.RaftServerImpl (RaftServerImpl.java:setRole(170)) - s0@group-3D81F66BC438: changes role from  FOLLOWER to FOLLOWER at term 157 for recognizeCandidate:s1
2019-09-24 12:00:04,899 INFO  impl.RoleInfo (RoleInfo.java:shutdownFollowerState(121)) - s0: shutdown FollowerState
2019-09-24 12:00:04,900 INFO  impl.RoleInfo (RoleInfo.java:updateAndGet(143)) - s0: start FollowerState
2019-09-24 12:00:04,900 INFO  impl.FollowerState (FollowerState.java:run(117)) - s0@group-3D81F66BC438-FollowerState was interrupted: java.lang.InterruptedException: sleep interrupted
2019-09-24 12:00:04,937 DEBUG impl.RaftServerImpl (RaftServerImpl.java:requestVote(775)) - s0@group-3D81F66BC438 replies to vote request: s1<-s0#0:FAIL-t157. Peer's state: s0@group-3D81F66BC438:t157, leader=null, voted=null, raftlog=s0@group-3D81F66BC438-SegmentedRaftLog:OPENED:c11,f12,i12, conf=11: [s0:0.0.0.0:42154, s1:0.0.0.0:36158, s2:0.0.0.0:36910], old=null
2019-09-24 12:00:04,951 INFO  impl.LeaderElection (LeaderElection.java:logAndReturn(56)) - s2@group-3D81F66BC438-LeaderElection92: Election TIMEOUT; received 1 response(s) [s2<-s0#0:FAIL-t156] and 0 exception(s); s2@group-3D81F66BC438:t156, leader=null, voted=s2, raftlog=s2@group-3D81F66BC438-SegmentedRaftLog:OPENED:c10,f10,i10, conf=9: [s0:0.0.0.0:42154, s1:0.0.0.0:36158, s2:0.0.0.0:36910], old=null
2019-09-24 12:00:04,976 INFO  impl.LeaderElection (LeaderElection.java:askForVotes(178)) - s2@group-3D81F66BC438-LeaderElection92: begin an election at term 157 for 9: [s0:0.0.0.0:42154, s1:0.0.0.0:36158, s2:0.0.0.0:36910], old=null
2019-09-24 12:00:04,977 DEBUG impl.RaftServerImpl (RaftServerImpl.java:requestVote(743)) - s0@group-3D81F66BC438: receive requestVote(s2, group-3D81F66BC438, 157, (t:13, i:10))
2019-09-24 12:00:04,977 INFO  impl.RaftServerImpl (RaftServerImpl.java:setRole(170)) - s0@group-3D81F66BC438: changes role from  FOLLOWER to FOLLOWER at term 157 for recognizeCandidate:s2
2019-09-24 12:00:04,977 INFO  impl.RoleInfo (RoleInfo.java:shutdownFollowerState(121)) - s0: shutdown FollowerState
2019-09-24 12:00:04,977 INFO  impl.RoleInfo (RoleInfo.java:updateAndGet(143)) - s0: start FollowerState
2019-09-24 12:00:04,978 INFO  impl.FollowerState (FollowerState.java:run(117)) - s0@group-3D81F66BC438-FollowerState was interrupted: java.lang.InterruptedException: sleep interrupted
2019-09-24 12:00:04,978 DEBUG impl.RaftServerImpl (RaftServerImpl.java:requestVote(775)) - s0@group-3D81F66BC438 replies to vote request: s2<-s0#0:FAIL-t157. Peer's state: s0@group-3D81F66BC438:t157, leader=null, voted=null, raftlog=s0@group-3D81F66BC438-SegmentedRaftLog:OPENED:c11,f12,i12, conf=11: [s0:0.0.0.0:42154, s1:0.0.0.0:36158, s2:0.0.0.0:36910], old=null
2019-09-24 12:00:05,078 INFO  impl.LeaderElection (LeaderElection.java:logAndReturn(56)) - s1@group-3D81F66BC438-LeaderElection91: Election TIMEOUT; received 1 response(s) [s1<-s0#0:FAIL-t157] and 0 exception(s); s1@group-3D81F66BC438:t157, leader=null, voted=s1, raftlog=s1@group-3D81F66BC438-SegmentedRaftLog:OPENED:c10,f11,i11, conf=11: [s0:0.0.0.0:42154, s1:0.0.0.0:36158, s2:0.0.0.0:36910], old=null
2019-09-24 12:00:05,093 INFO  impl.LeaderElection (LeaderElection.java:askForVotes(178)) - s1@group-3D81F66BC438-LeaderElection91: begin an election at term 158 for 11: [s0:0.0.0.0:42154, s1:0.0.0.0:36158, s2:0.0.0.0:36910], old=null
2019-09-24 12:00:05,094 DEBUG impl.RaftServerImpl (RaftServerImpl.java:requestVote(743)) - s0@group-3D81F66BC438: receive requestVote(s1, group-3D81F66BC438, 158, (t:14, i:11))
2019-09-24 12:00:05,094 INFO  impl.RaftServerImpl (RaftServerImpl.java:setRole(170)) - s0@group-3D81F66BC438: changes role from  FOLLOWER to FOLLOWER at term 158 for recognizeCandidate:s1
2019-09-24 12:00:05,094 INFO  impl.RoleInfo (RoleInfo.java:shutdownFollowerState(121)) - s0: shutdown FollowerState
2019-09-24 12:00:05,094 INFO  impl.RoleInfo (RoleInfo.java:updateAndGet(143)) - s0: start FollowerState
2019-09-24 12:00:05,094 INFO  impl.FollowerState (FollowerState.java:run(117)) - s0@group-3D81F66BC438-FollowerState was interrupted: java.lang.InterruptedException: sleep interrupted
2019-09-24 12:00:05,107 DEBUG impl.RaftServerImpl (RaftServerImpl.java:requestVote(775)) - s0@group-3D81F66BC438 replies to vote request: s1<-s0#0:FAIL-t158. Peer's state: s0@group-3D81F66BC438:t158, leader=null, voted=null, raftlog=s0@group-3D81F66BC438-SegmentedRaftLog:OPENED:c11,f12,i12, conf=11: [s0:0.0.0.0:42154, s1:0.0.0.0:36158, s2:0.0.0.0:36910], old=null
2019-09-24 12:00:05,180 INFO  impl.LeaderElection (LeaderElection.java:logAndReturn(56)) - s2@group-3D81F66BC438-LeaderElection92: Election TIMEOUT; received 1 response(s) [s2<-s0#0:FAIL-t157] and 0 exception(s); s2@group-3D81F66BC438:t157, leader=null, voted=s2, raftlog=s2@group-3D81F66BC438-SegmentedRaftLog:OPENED:c10,f10,i10, conf=9: [s0:0.0.0.0:42154, s1:0.0.0.0:36158, s2:0.0.0.0:36910], old=null
2019-09-24 12:00:05,193 INFO  impl.LeaderElection (LeaderElection.java:askForVotes(178)) - s2@group-3D81F66BC438-LeaderElection92: begin an election at term 158 for 9: [s0:0.0.0.0:42154, s1:0.0.0.0:36158, s2:0.0.0.0:36910], old=null
2019-09-24 12:00:05,193 DEBUG impl.RaftServerImpl (RaftServerImpl.java:requestVote(743)) - s0@group-3D81F66BC438: receive requestVote(s2, group-3D81F66BC438, 158, (t:13, i:10))
2019-09-24 12:00:05,194 INFO  impl.RaftServerImpl (RaftServerImpl.java:setRole(170)) - s0@group-3D81F66BC438: changes role from  FOLLOWER to FOLLOWER at term 158 for recognizeCandidate:s2
2019-09-24 12:00:05,194 INFO  impl.RoleInfo (RoleInfo.java:shutdownFollowerState(121)) - s0: shutdown FollowerState
2019-09-24 12:00:05,194 INFO  impl.RoleInfo (RoleInfo.java:updateAndGet(143)) - s0: start FollowerState
2019-09-24 12:00:05,194 INFO  impl.FollowerState (FollowerState.java:run(117)) - s0@group-3D81F66BC438-FollowerState was interrupted: java.lang.InterruptedException: sleep interrupted
2019-09-24 12:00:05,195 DEBUG impl.RaftServerImpl (RaftServerImpl.java:requestVote(775)) - s0@group-3D81F66BC438 replies to vote request: s2<-s0#0:FAIL-t158. Peer's state: s0@group-3D81F66BC438:t158, leader=null, voted=null, raftlog=s0@group-3D81F66BC438-SegmentedRaftLog:OPENED:c11,f12,i12, conf=11: [s0:0.0.0.0:42154, s1:0.0.0.0:36158, s2:0.0.0.0:36910], old=null
2019-09-24 12:00:05,298 WARN  ratis.RaftTestUtil (JavaUtils.java:attempt(158)) - FAILED "waitForLeader-null-(expectLeader? true)", attempt #75/100: java.lang.IllegalStateException: No leader yet : printing ALL groups
  s0:  RUNNING  FOLLOWER s0@group-3D81F66BC438:t158, leader=null, voted=null, raftlog=s0@group-3D81F66BC438-SegmentedRaftLog:OPENED:c11,f12,i12, conf=11: [s0:0.0.0.0:42154, s1:0.0.0.0:36158, s2:0.0.0.0:36910], old=null RUNNING
  s1:  RUNNING CANDIDATE s1@group-3D81F66BC438:t158, leader=null, voted=s1, raftlog=s1@group-3D81F66BC438-SegmentedRaftLog:OPENED:c10,f11,i11, conf=11: [s0:0.0.0.0:42154, s1:0.0.0.0:36158, s2:0.0.0.0:36910], old=null RUNNING
  s2:  RUNNING CANDIDATE s2@group-3D81F66BC438:t158, leader=null, voted=s2, raftlog=s2@group-3D81F66BC438-SegmentedRaftLog:OPENED:c10,f10,i10, conf=9: [s0:0.0.0.0:42154, s1:0.0.0.0:36158, s2:0.0.0.0:36910], old=null RUNNING, sleep 450ms and then retry.
java.lang.IllegalStateException: No leader yet : printing ALL groups
  s0:  RUNNING  FOLLOWER s0@group-3D81F66BC438:t158, leader=null, voted=null, raftlog=s0@group-3D81F66BC438-SegmentedRaftLog:OPENED:c11,f12,i12, conf=11: [s0:0.0.0.0:42154, s1:0.0.0.0:36158, s2:0.0.0.0:36910], old=null RUNNING
  s1:  RUNNING CANDIDATE s1@group-3D81F66BC438:t158, leader=null, voted=s1, raftlog=s1@group-3D81F66BC438-SegmentedRaftLog:OPENED:c10,f11,i11, conf=11: [s0:0.0.0.0:42154, s1:0.0.0.0:36158, s2:0.0.0.0:36910], old=null RUNNING
  s2:  RUNNING CANDIDATE s2@group-3D81F66BC438:t158, leader=null, voted=s2, raftlog=s2@group-3D81F66BC438-SegmentedRaftLog:OPENED:c10,f10,i10, conf=9: [s0:0.0.0.0:42154, s1:0.0.0.0:36158, s2:0.0.0.0:36910], old=null RUNNING
	at org.apache.ratis.MiniRaftCluster.newIllegalStateExceptionForNoLeaders(MiniRaftCluster.java:506)
	at org.apache.ratis.RaftTestUtil.lambda$waitForLeader$1(RaftTestUtil.java:90)
	at org.apache.ratis.MiniRaftCluster.getLeader(MiniRaftCluster.java:539)
	at org.apache.ratis.MiniRaftCluster.getLeader(MiniRaftCluster.java:532)
	at org.apache.ratis.RaftTestUtil.lambda$waitForLeader$3(RaftTestUtil.java:98)
	at org.apache.ratis.util.JavaUtils.attempt(JavaUtils.java:152)
	at org.apache.ratis.RaftTestUtil.waitForLeader(RaftTestUtil.java:97)
	at org.apache.ratis.RaftTestUtil.waitForLeader(RaftTestUtil.java:77)
	at org.apache.ratis.RaftTestUtil.waitForLeader(RaftTestUtil.java:72)
	at org.apache.ratis.RaftTestUtil.lambda$changeLeader$7(RaftTestUtil.java:363)
	at org.apache.ratis.util.JavaUtils.attempt(JavaUtils.java:152)
	at org.apache.ratis.RaftTestUtil.changeLeader(RaftTestUtil.java:362)
	at org.apache.ratis.server.impl.LeaderElectionTests.testChangeLeader(LeaderElectionTests.java:81)
	at sun.reflect.NativeMethodAccessorImpl.invoke0(Native Method)
	at sun.reflect.NativeMethodAccessorImpl.invoke(NativeMethodAccessorImpl.java:62)
	at sun.reflect.DelegatingMethodAccessorImpl.invoke(DelegatingMethodAccessorImpl.java:43)
	at java.lang.reflect.Method.invoke(Method.java:498)
	at org.junit.runners.model.FrameworkMethod$1.runReflectiveCall(FrameworkMethod.java:50)
	at org.junit.internal.runners.model.ReflectiveCallable.run(ReflectiveCallable.java:12)
	at org.junit.runners.model.FrameworkMethod.invokeExplosively(FrameworkMethod.java:47)
	at org.junit.internal.runners.statements.InvokeMethod.evaluate(InvokeMethod.java:17)
	at org.junit.internal.runners.statements.RunAfters.evaluate(RunAfters.java:27)
	at org.junit.internal.runners.statements.FailOnTimeout$CallableStatement.call(FailOnTimeout.java:298)
	at org.junit.internal.runners.statements.FailOnTimeout$CallableStatement.call(FailOnTimeout.java:292)
	at java.util.concurrent.FutureTask.run(FutureTask.java:266)
	at java.lang.Thread.run(Thread.java:748)
2019-09-24 12:00:05,335 INFO  impl.LeaderElection (LeaderElection.java:logAndReturn(56)) - s1@group-3D81F66BC438-LeaderElection91: Election TIMEOUT; received 1 response(s) [s1<-s0#0:FAIL-t158] and 0 exception(s); s1@group-3D81F66BC438:t158, leader=null, voted=s1, raftlog=s1@group-3D81F66BC438-SegmentedRaftLog:OPENED:c10,f11,i11, conf=11: [s0:0.0.0.0:42154, s1:0.0.0.0:36158, s2:0.0.0.0:36910], old=null
2019-09-24 12:00:05,361 INFO  impl.LeaderElection (LeaderElection.java:askForVotes(178)) - s1@group-3D81F66BC438-LeaderElection91: begin an election at term 159 for 11: [s0:0.0.0.0:42154, s1:0.0.0.0:36158, s2:0.0.0.0:36910], old=null
2019-09-24 12:00:05,361 DEBUG impl.RaftServerImpl (RaftServerImpl.java:requestVote(743)) - s0@group-3D81F66BC438: receive requestVote(s1, group-3D81F66BC438, 159, (t:14, i:11))
2019-09-24 12:00:05,362 INFO  impl.RaftServerImpl (RaftServerImpl.java:setRole(170)) - s0@group-3D81F66BC438: changes role from  FOLLOWER to FOLLOWER at term 159 for recognizeCandidate:s1
2019-09-24 12:00:05,362 INFO  impl.RoleInfo (RoleInfo.java:shutdownFollowerState(121)) - s0: shutdown FollowerState
2019-09-24 12:00:05,362 INFO  impl.RoleInfo (RoleInfo.java:updateAndGet(143)) - s0: start FollowerState
2019-09-24 12:00:05,363 INFO  impl.FollowerState (FollowerState.java:run(117)) - s0@group-3D81F66BC438-FollowerState was interrupted: java.lang.InterruptedException: sleep interrupted
2019-09-24 12:00:05,377 DEBUG impl.RaftServerImpl (RaftServerImpl.java:requestVote(775)) - s0@group-3D81F66BC438 replies to vote request: s1<-s0#0:FAIL-t159. Peer's state: s0@group-3D81F66BC438:t159, leader=null, voted=null, raftlog=s0@group-3D81F66BC438-SegmentedRaftLog:OPENED:c11,f12,i12, conf=11: [s0:0.0.0.0:42154, s1:0.0.0.0:36158, s2:0.0.0.0:36910], old=null
2019-09-24 12:00:05,399 INFO  impl.LeaderElection (LeaderElection.java:logAndReturn(56)) - s2@group-3D81F66BC438-LeaderElection92: Election TIMEOUT; received 1 response(s) [s2<-s0#0:FAIL-t158] and 0 exception(s); s2@group-3D81F66BC438:t158, leader=null, voted=s2, raftlog=s2@group-3D81F66BC438-SegmentedRaftLog:OPENED:c10,f10,i10, conf=9: [s0:0.0.0.0:42154, s1:0.0.0.0:36158, s2:0.0.0.0:36910], old=null
2019-09-24 12:00:05,412 INFO  impl.LeaderElection (LeaderElection.java:askForVotes(178)) - s2@group-3D81F66BC438-LeaderElection92: begin an election at term 159 for 9: [s0:0.0.0.0:42154, s1:0.0.0.0:36158, s2:0.0.0.0:36910], old=null
2019-09-24 12:00:05,413 DEBUG impl.RaftServerImpl (RaftServerImpl.java:requestVote(743)) - s0@group-3D81F66BC438: receive requestVote(s2, group-3D81F66BC438, 159, (t:13, i:10))
2019-09-24 12:00:05,413 INFO  impl.RaftServerImpl (RaftServerImpl.java:setRole(170)) - s0@group-3D81F66BC438: changes role from  FOLLOWER to FOLLOWER at term 159 for recognizeCandidate:s2
2019-09-24 12:00:05,413 INFO  impl.RoleInfo (RoleInfo.java:shutdownFollowerState(121)) - s0: shutdown FollowerState
2019-09-24 12:00:05,413 INFO  impl.RoleInfo (RoleInfo.java:updateAndGet(143)) - s0: start FollowerState
2019-09-24 12:00:05,413 INFO  impl.FollowerState (FollowerState.java:run(117)) - s0@group-3D81F66BC438-FollowerState was interrupted: java.lang.InterruptedException: sleep interrupted
2019-09-24 12:00:05,414 DEBUG impl.RaftServerImpl (RaftServerImpl.java:requestVote(775)) - s0@group-3D81F66BC438 replies to vote request: s2<-s0#0:FAIL-t159. Peer's state: s0@group-3D81F66BC438:t159, leader=null, voted=null, raftlog=s0@group-3D81F66BC438-SegmentedRaftLog:OPENED:c11,f12,i12, conf=11: [s0:0.0.0.0:42154, s1:0.0.0.0:36158, s2:0.0.0.0:36910], old=null
2019-09-24 12:00:05,443 INFO  ratis.MiniRaftCluster (MiniRaftCluster.java:lambda$null$5(297)) - TIMED-PRINT: printing ALL groups
  s0:  RUNNING  FOLLOWER s0@group-3D81F66BC438:t159, leader=null, voted=null, raftlog=s0@group-3D81F66BC438-SegmentedRaftLog:OPENED:c11,f12,i12, conf=11: [s0:0.0.0.0:42154, s1:0.0.0.0:36158, s2:0.0.0.0:36910], old=null RUNNING
  s1:  RUNNING CANDIDATE s1@group-3D81F66BC438:t159, leader=null, voted=s1, raftlog=s1@group-3D81F66BC438-SegmentedRaftLog:OPENED:c10,f11,i11, conf=11: [s0:0.0.0.0:42154, s1:0.0.0.0:36158, s2:0.0.0.0:36910], old=null RUNNING
  s2:  RUNNING CANDIDATE s2@group-3D81F66BC438:t159, leader=null, voted=s2, raftlog=s2@group-3D81F66BC438-SegmentedRaftLog:OPENED:c10,f10,i10, conf=9: [s0:0.0.0.0:42154, s1:0.0.0.0:36158, s2:0.0.0.0:36910], old=null RUNNING
2019-09-24 12:00:05,517 INFO  impl.LeaderElection (LeaderElection.java:logAndReturn(56)) - s1@group-3D81F66BC438-LeaderElection91: Election TIMEOUT; received 1 response(s) [s1<-s0#0:FAIL-t159] and 0 exception(s); s1@group-3D81F66BC438:t159, leader=null, voted=s1, raftlog=s1@group-3D81F66BC438-SegmentedRaftLog:OPENED:c10,f11,i11, conf=11: [s0:0.0.0.0:42154, s1:0.0.0.0:36158, s2:0.0.0.0:36910], old=null
2019-09-24 12:00:05,542 INFO  impl.LeaderElection (LeaderElection.java:askForVotes(178)) - s1@group-3D81F66BC438-LeaderElection91: begin an election at term 160 for 11: [s0:0.0.0.0:42154, s1:0.0.0.0:36158, s2:0.0.0.0:36910], old=null
2019-09-24 12:00:05,544 DEBUG impl.RaftServerImpl (RaftServerImpl.java:requestVote(743)) - s0@group-3D81F66BC438: receive requestVote(s1, group-3D81F66BC438, 160, (t:14, i:11))
2019-09-24 12:00:05,544 INFO  impl.RaftServerImpl (RaftServerImpl.java:setRole(170)) - s0@group-3D81F66BC438: changes role from  FOLLOWER to FOLLOWER at term 160 for recognizeCandidate:s1
2019-09-24 12:00:05,544 INFO  impl.RoleInfo (RoleInfo.java:shutdownFollowerState(121)) - s0: shutdown FollowerState
2019-09-24 12:00:05,544 INFO  impl.RoleInfo (RoleInfo.java:updateAndGet(143)) - s0: start FollowerState
2019-09-24 12:00:05,544 INFO  impl.FollowerState (FollowerState.java:run(117)) - s0@group-3D81F66BC438-FollowerState was interrupted: java.lang.InterruptedException: sleep interrupted
2019-09-24 12:00:05,559 DEBUG impl.RaftServerImpl (RaftServerImpl.java:requestVote(775)) - s0@group-3D81F66BC438 replies to vote request: s1<-s0#0:FAIL-t160. Peer's state: s0@group-3D81F66BC438:t160, leader=null, voted=null, raftlog=s0@group-3D81F66BC438-SegmentedRaftLog:OPENED:c11,f12,i12, conf=11: [s0:0.0.0.0:42154, s1:0.0.0.0:36158, s2:0.0.0.0:36910], old=null
2019-09-24 12:00:05,632 INFO  impl.LeaderElection (LeaderElection.java:logAndReturn(56)) - s2@group-3D81F66BC438-LeaderElection92: Election TIMEOUT; received 1 response(s) [s2<-s0#0:FAIL-t159] and 0 exception(s); s2@group-3D81F66BC438:t159, leader=null, voted=s2, raftlog=s2@group-3D81F66BC438-SegmentedRaftLog:OPENED:c10,f10,i10, conf=9: [s0:0.0.0.0:42154, s1:0.0.0.0:36158, s2:0.0.0.0:36910], old=null
2019-09-24 12:00:05,646 INFO  impl.LeaderElection (LeaderElection.java:askForVotes(178)) - s2@group-3D81F66BC438-LeaderElection92: begin an election at term 160 for 9: [s0:0.0.0.0:42154, s1:0.0.0.0:36158, s2:0.0.0.0:36910], old=null
2019-09-24 12:00:05,646 DEBUG impl.RaftServerImpl (RaftServerImpl.java:requestVote(743)) - s0@group-3D81F66BC438: receive requestVote(s2, group-3D81F66BC438, 160, (t:13, i:10))
2019-09-24 12:00:05,646 INFO  impl.RaftServerImpl (RaftServerImpl.java:setRole(170)) - s0@group-3D81F66BC438: changes role from  FOLLOWER to FOLLOWER at term 160 for recognizeCandidate:s2
2019-09-24 12:00:05,647 INFO  impl.RoleInfo (RoleInfo.java:shutdownFollowerState(121)) - s0: shutdown FollowerState
2019-09-24 12:00:05,647 INFO  impl.RoleInfo (RoleInfo.java:updateAndGet(143)) - s0: start FollowerState
2019-09-24 12:00:05,647 INFO  impl.FollowerState (FollowerState.java:run(117)) - s0@group-3D81F66BC438-FollowerState was interrupted: java.lang.InterruptedException: sleep interrupted
2019-09-24 12:00:05,647 DEBUG impl.RaftServerImpl (RaftServerImpl.java:requestVote(775)) - s0@group-3D81F66BC438 replies to vote request: s2<-s0#0:FAIL-t160. Peer's state: s0@group-3D81F66BC438:t160, leader=null, voted=null, raftlog=s0@group-3D81F66BC438-SegmentedRaftLog:OPENED:c11,f12,i12, conf=11: [s0:0.0.0.0:42154, s1:0.0.0.0:36158, s2:0.0.0.0:36910], old=null
2019-09-24 12:00:05,749 WARN  ratis.RaftTestUtil (JavaUtils.java:attempt(158)) - FAILED "waitForLeader-null-(expectLeader? true)", attempt #76/100: java.lang.IllegalStateException: No leader yet : printing ALL groups
  s0:  RUNNING  FOLLOWER s0@group-3D81F66BC438:t160, leader=null, voted=null, raftlog=s0@group-3D81F66BC438-SegmentedRaftLog:OPENED:c11,f12,i12, conf=11: [s0:0.0.0.0:42154, s1:0.0.0.0:36158, s2:0.0.0.0:36910], old=null RUNNING
  s1:  RUNNING CANDIDATE s1@group-3D81F66BC438:t160, leader=null, voted=s1, raftlog=s1@group-3D81F66BC438-SegmentedRaftLog:OPENED:c10,f11,i11, conf=11: [s0:0.0.0.0:42154, s1:0.0.0.0:36158, s2:0.0.0.0:36910], old=null RUNNING
  s2:  RUNNING CANDIDATE s2@group-3D81F66BC438:t160, leader=null, voted=s2, raftlog=s2@group-3D81F66BC438-SegmentedRaftLog:OPENED:c10,f10,i10, conf=9: [s0:0.0.0.0:42154, s1:0.0.0.0:36158, s2:0.0.0.0:36910], old=null RUNNING, sleep 450ms and then retry.
java.lang.IllegalStateException: No leader yet : printing ALL groups
  s0:  RUNNING  FOLLOWER s0@group-3D81F66BC438:t160, leader=null, voted=null, raftlog=s0@group-3D81F66BC438-SegmentedRaftLog:OPENED:c11,f12,i12, conf=11: [s0:0.0.0.0:42154, s1:0.0.0.0:36158, s2:0.0.0.0:36910], old=null RUNNING
  s1:  RUNNING CANDIDATE s1@group-3D81F66BC438:t160, leader=null, voted=s1, raftlog=s1@group-3D81F66BC438-SegmentedRaftLog:OPENED:c10,f11,i11, conf=11: [s0:0.0.0.0:42154, s1:0.0.0.0:36158, s2:0.0.0.0:36910], old=null RUNNING
  s2:  RUNNING CANDIDATE s2@group-3D81F66BC438:t160, leader=null, voted=s2, raftlog=s2@group-3D81F66BC438-SegmentedRaftLog:OPENED:c10,f10,i10, conf=9: [s0:0.0.0.0:42154, s1:0.0.0.0:36158, s2:0.0.0.0:36910], old=null RUNNING
	at org.apache.ratis.MiniRaftCluster.newIllegalStateExceptionForNoLeaders(MiniRaftCluster.java:506)
	at org.apache.ratis.RaftTestUtil.lambda$waitForLeader$1(RaftTestUtil.java:90)
	at org.apache.ratis.MiniRaftCluster.getLeader(MiniRaftCluster.java:539)
	at org.apache.ratis.MiniRaftCluster.getLeader(MiniRaftCluster.java:532)
	at org.apache.ratis.RaftTestUtil.lambda$waitForLeader$3(RaftTestUtil.java:98)
	at org.apache.ratis.util.JavaUtils.attempt(JavaUtils.java:152)
	at org.apache.ratis.RaftTestUtil.waitForLeader(RaftTestUtil.java:97)
	at org.apache.ratis.RaftTestUtil.waitForLeader(RaftTestUtil.java:77)
	at org.apache.ratis.RaftTestUtil.waitForLeader(RaftTestUtil.java:72)
	at org.apache.ratis.RaftTestUtil.lambda$changeLeader$7(RaftTestUtil.java:363)
	at org.apache.ratis.util.JavaUtils.attempt(JavaUtils.java:152)
	at org.apache.ratis.RaftTestUtil.changeLeader(RaftTestUtil.java:362)
	at org.apache.ratis.server.impl.LeaderElectionTests.testChangeLeader(LeaderElectionTests.java:81)
	at sun.reflect.NativeMethodAccessorImpl.invoke0(Native Method)
	at sun.reflect.NativeMethodAccessorImpl.invoke(NativeMethodAccessorImpl.java:62)
	at sun.reflect.DelegatingMethodAccessorImpl.invoke(DelegatingMethodAccessorImpl.java:43)
	at java.lang.reflect.Method.invoke(Method.java:498)
	at org.junit.runners.model.FrameworkMethod$1.runReflectiveCall(FrameworkMethod.java:50)
	at org.junit.internal.runners.model.ReflectiveCallable.run(ReflectiveCallable.java:12)
	at org.junit.runners.model.FrameworkMethod.invokeExplosively(FrameworkMethod.java:47)
	at org.junit.internal.runners.statements.InvokeMethod.evaluate(InvokeMethod.java:17)
	at org.junit.internal.runners.statements.RunAfters.evaluate(RunAfters.java:27)
	at org.junit.internal.runners.statements.FailOnTimeout$CallableStatement.call(FailOnTimeout.java:298)
	at org.junit.internal.runners.statements.FailOnTimeout$CallableStatement.call(FailOnTimeout.java:292)
	at java.util.concurrent.FutureTask.run(FutureTask.java:266)
	at java.lang.Thread.run(Thread.java:748)
2019-09-24 12:00:05,817 INFO  impl.LeaderElection (LeaderElection.java:logAndReturn(56)) - s1@group-3D81F66BC438-LeaderElection91: Election TIMEOUT; received 1 response(s) [s1<-s0#0:FAIL-t160] and 0 exception(s); s1@group-3D81F66BC438:t160, leader=null, voted=s1, raftlog=s1@group-3D81F66BC438-SegmentedRaftLog:OPENED:c10,f11,i11, conf=11: [s0:0.0.0.0:42154, s1:0.0.0.0:36158, s2:0.0.0.0:36910], old=null
2019-09-24 12:00:05,843 INFO  impl.LeaderElection (LeaderElection.java:askForVotes(178)) - s1@group-3D81F66BC438-LeaderElection91: begin an election at term 161 for 11: [s0:0.0.0.0:42154, s1:0.0.0.0:36158, s2:0.0.0.0:36910], old=null
2019-09-24 12:00:05,844 DEBUG impl.RaftServerImpl (RaftServerImpl.java:requestVote(743)) - s0@group-3D81F66BC438: receive requestVote(s1, group-3D81F66BC438, 161, (t:14, i:11))
2019-09-24 12:00:05,844 INFO  impl.RaftServerImpl (RaftServerImpl.java:setRole(170)) - s0@group-3D81F66BC438: changes role from  FOLLOWER to FOLLOWER at term 161 for recognizeCandidate:s1
2019-09-24 12:00:05,844 INFO  impl.RoleInfo (RoleInfo.java:shutdownFollowerState(121)) - s0: shutdown FollowerState
2019-09-24 12:00:05,844 INFO  impl.RoleInfo (RoleInfo.java:updateAndGet(143)) - s0: start FollowerState
2019-09-24 12:00:05,844 INFO  impl.FollowerState (FollowerState.java:run(117)) - s0@group-3D81F66BC438-FollowerState was interrupted: java.lang.InterruptedException: sleep interrupted
2019-09-24 12:00:05,857 DEBUG impl.RaftServerImpl (RaftServerImpl.java:requestVote(775)) - s0@group-3D81F66BC438 replies to vote request: s1<-s0#0:FAIL-t161. Peer's state: s0@group-3D81F66BC438:t161, leader=null, voted=null, raftlog=s0@group-3D81F66BC438-SegmentedRaftLog:OPENED:c11,f12,i12, conf=11: [s0:0.0.0.0:42154, s1:0.0.0.0:36158, s2:0.0.0.0:36910], old=null
2019-09-24 12:00:05,919 INFO  impl.LeaderElection (LeaderElection.java:logAndReturn(56)) - s2@group-3D81F66BC438-LeaderElection92: Election TIMEOUT; received 1 response(s) [s2<-s0#0:FAIL-t160] and 0 exception(s); s2@group-3D81F66BC438:t160, leader=null, voted=s2, raftlog=s2@group-3D81F66BC438-SegmentedRaftLog:OPENED:c10,f10,i10, conf=9: [s0:0.0.0.0:42154, s1:0.0.0.0:36158, s2:0.0.0.0:36910], old=null
2019-09-24 12:00:05,932 INFO  impl.LeaderElection (LeaderElection.java:askForVotes(178)) - s2@group-3D81F66BC438-LeaderElection92: begin an election at term 161 for 9: [s0:0.0.0.0:42154, s1:0.0.0.0:36158, s2:0.0.0.0:36910], old=null
2019-09-24 12:00:05,933 DEBUG impl.RaftServerImpl (RaftServerImpl.java:requestVote(743)) - s0@group-3D81F66BC438: receive requestVote(s2, group-3D81F66BC438, 161, (t:13, i:10))
2019-09-24 12:00:05,933 INFO  impl.RaftServerImpl (RaftServerImpl.java:setRole(170)) - s0@group-3D81F66BC438: changes role from  FOLLOWER to FOLLOWER at term 161 for recognizeCandidate:s2
2019-09-24 12:00:05,933 INFO  impl.RoleInfo (RoleInfo.java:shutdownFollowerState(121)) - s0: shutdown FollowerState
2019-09-24 12:00:05,933 INFO  impl.RoleInfo (RoleInfo.java:updateAndGet(143)) - s0: start FollowerState
2019-09-24 12:00:05,933 INFO  impl.FollowerState (FollowerState.java:run(117)) - s0@group-3D81F66BC438-FollowerState was interrupted: java.lang.InterruptedException: sleep interrupted
2019-09-24 12:00:05,933 DEBUG impl.RaftServerImpl (RaftServerImpl.java:requestVote(775)) - s0@group-3D81F66BC438 replies to vote request: s2<-s0#0:FAIL-t161. Peer's state: s0@group-3D81F66BC438:t161, leader=null, voted=null, raftlog=s0@group-3D81F66BC438-SegmentedRaftLog:OPENED:c11,f12,i12, conf=11: [s0:0.0.0.0:42154, s1:0.0.0.0:36158, s2:0.0.0.0:36910], old=null
2019-09-24 12:00:06,008 INFO  impl.LeaderElection (LeaderElection.java:logAndReturn(56)) - s1@group-3D81F66BC438-LeaderElection91: Election TIMEOUT; received 1 response(s) [s1<-s0#0:FAIL-t161] and 0 exception(s); s1@group-3D81F66BC438:t161, leader=null, voted=s1, raftlog=s1@group-3D81F66BC438-SegmentedRaftLog:OPENED:c10,f11,i11, conf=11: [s0:0.0.0.0:42154, s1:0.0.0.0:36158, s2:0.0.0.0:36910], old=null
2019-09-24 12:00:06,021 INFO  impl.LeaderElection (LeaderElection.java:askForVotes(178)) - s1@group-3D81F66BC438-LeaderElection91: begin an election at term 162 for 11: [s0:0.0.0.0:42154, s1:0.0.0.0:36158, s2:0.0.0.0:36910], old=null
2019-09-24 12:00:06,021 DEBUG impl.RaftServerImpl (RaftServerImpl.java:requestVote(743)) - s0@group-3D81F66BC438: receive requestVote(s1, group-3D81F66BC438, 162, (t:14, i:11))
2019-09-24 12:00:06,021 INFO  impl.RaftServerImpl (RaftServerImpl.java:setRole(170)) - s0@group-3D81F66BC438: changes role from  FOLLOWER to FOLLOWER at term 162 for recognizeCandidate:s1
2019-09-24 12:00:06,022 INFO  impl.RoleInfo (RoleInfo.java:shutdownFollowerState(121)) - s0: shutdown FollowerState
2019-09-24 12:00:06,022 INFO  impl.RoleInfo (RoleInfo.java:updateAndGet(143)) - s0: start FollowerState
2019-09-24 12:00:06,022 INFO  impl.FollowerState (FollowerState.java:run(117)) - s0@group-3D81F66BC438-FollowerState was interrupted: java.lang.InterruptedException: sleep interrupted
2019-09-24 12:00:06,052 DEBUG impl.RaftServerImpl (RaftServerImpl.java:requestVote(775)) - s0@group-3D81F66BC438 replies to vote request: s1<-s0#0:FAIL-t162. Peer's state: s0@group-3D81F66BC438:t162, leader=null, voted=null, raftlog=s0@group-3D81F66BC438-SegmentedRaftLog:OPENED:c11,f12,i12, conf=11: [s0:0.0.0.0:42154, s1:0.0.0.0:36158, s2:0.0.0.0:36910], old=null
2019-09-24 12:00:06,098 INFO  impl.LeaderElection (LeaderElection.java:logAndReturn(56)) - s2@group-3D81F66BC438-LeaderElection92: Election TIMEOUT; received 1 response(s) [s2<-s0#0:FAIL-t161] and 0 exception(s); s2@group-3D81F66BC438:t161, leader=null, voted=s2, raftlog=s2@group-3D81F66BC438-SegmentedRaftLog:OPENED:c10,f10,i10, conf=9: [s0:0.0.0.0:42154, s1:0.0.0.0:36158, s2:0.0.0.0:36910], old=null
2019-09-24 12:00:06,111 INFO  impl.LeaderElection (LeaderElection.java:askForVotes(178)) - s2@group-3D81F66BC438-LeaderElection92: begin an election at term 162 for 9: [s0:0.0.0.0:42154, s1:0.0.0.0:36158, s2:0.0.0.0:36910], old=null
2019-09-24 12:00:06,112 DEBUG impl.RaftServerImpl (RaftServerImpl.java:requestVote(743)) - s0@group-3D81F66BC438: receive requestVote(s2, group-3D81F66BC438, 162, (t:13, i:10))
2019-09-24 12:00:06,112 INFO  impl.RaftServerImpl (RaftServerImpl.java:setRole(170)) - s0@group-3D81F66BC438: changes role from  FOLLOWER to FOLLOWER at term 162 for recognizeCandidate:s2
2019-09-24 12:00:06,112 INFO  impl.RoleInfo (RoleInfo.java:shutdownFollowerState(121)) - s0: shutdown FollowerState
2019-09-24 12:00:06,113 INFO  impl.RoleInfo (RoleInfo.java:updateAndGet(143)) - s0: start FollowerState
2019-09-24 12:00:06,113 INFO  impl.FollowerState (FollowerState.java:run(117)) - s0@group-3D81F66BC438-FollowerState was interrupted: java.lang.InterruptedException: sleep interrupted
2019-09-24 12:00:06,113 DEBUG impl.RaftServerImpl (RaftServerImpl.java:requestVote(775)) - s0@group-3D81F66BC438 replies to vote request: s2<-s0#0:FAIL-t162. Peer's state: s0@group-3D81F66BC438:t162, leader=null, voted=null, raftlog=s0@group-3D81F66BC438-SegmentedRaftLog:OPENED:c11,f12,i12, conf=11: [s0:0.0.0.0:42154, s1:0.0.0.0:36158, s2:0.0.0.0:36910], old=null
2019-09-24 12:00:06,200 WARN  ratis.RaftTestUtil (JavaUtils.java:attempt(158)) - FAILED "waitForLeader-null-(expectLeader? true)", attempt #77/100: java.lang.IllegalStateException: No leader yet : printing ALL groups
  s0:  RUNNING  FOLLOWER s0@group-3D81F66BC438:t162, leader=null, voted=null, raftlog=s0@group-3D81F66BC438-SegmentedRaftLog:OPENED:c11,f12,i12, conf=11: [s0:0.0.0.0:42154, s1:0.0.0.0:36158, s2:0.0.0.0:36910], old=null RUNNING
  s1:  RUNNING CANDIDATE s1@group-3D81F66BC438:t162, leader=null, voted=s1, raftlog=s1@group-3D81F66BC438-SegmentedRaftLog:OPENED:c10,f11,i11, conf=11: [s0:0.0.0.0:42154, s1:0.0.0.0:36158, s2:0.0.0.0:36910], old=null RUNNING
  s2:  RUNNING CANDIDATE s2@group-3D81F66BC438:t162, leader=null, voted=s2, raftlog=s2@group-3D81F66BC438-SegmentedRaftLog:OPENED:c10,f10,i10, conf=9: [s0:0.0.0.0:42154, s1:0.0.0.0:36158, s2:0.0.0.0:36910], old=null RUNNING, sleep 450ms and then retry.
java.lang.IllegalStateException: No leader yet : printing ALL groups
  s0:  RUNNING  FOLLOWER s0@group-3D81F66BC438:t162, leader=null, voted=null, raftlog=s0@group-3D81F66BC438-SegmentedRaftLog:OPENED:c11,f12,i12, conf=11: [s0:0.0.0.0:42154, s1:0.0.0.0:36158, s2:0.0.0.0:36910], old=null RUNNING
  s1:  RUNNING CANDIDATE s1@group-3D81F66BC438:t162, leader=null, voted=s1, raftlog=s1@group-3D81F66BC438-SegmentedRaftLog:OPENED:c10,f11,i11, conf=11: [s0:0.0.0.0:42154, s1:0.0.0.0:36158, s2:0.0.0.0:36910], old=null RUNNING
  s2:  RUNNING CANDIDATE s2@group-3D81F66BC438:t162, leader=null, voted=s2, raftlog=s2@group-3D81F66BC438-SegmentedRaftLog:OPENED:c10,f10,i10, conf=9: [s0:0.0.0.0:42154, s1:0.0.0.0:36158, s2:0.0.0.0:36910], old=null RUNNING
	at org.apache.ratis.MiniRaftCluster.newIllegalStateExceptionForNoLeaders(MiniRaftCluster.java:506)
	at org.apache.ratis.RaftTestUtil.lambda$waitForLeader$1(RaftTestUtil.java:90)
	at org.apache.ratis.MiniRaftCluster.getLeader(MiniRaftCluster.java:539)
	at org.apache.ratis.MiniRaftCluster.getLeader(MiniRaftCluster.java:532)
	at org.apache.ratis.RaftTestUtil.lambda$waitForLeader$3(RaftTestUtil.java:98)
	at org.apache.ratis.util.JavaUtils.attempt(JavaUtils.java:152)
	at org.apache.ratis.RaftTestUtil.waitForLeader(RaftTestUtil.java:97)
	at org.apache.ratis.RaftTestUtil.waitForLeader(RaftTestUtil.java:77)
	at org.apache.ratis.RaftTestUtil.waitForLeader(RaftTestUtil.java:72)
	at org.apache.ratis.RaftTestUtil.lambda$changeLeader$7(RaftTestUtil.java:363)
	at org.apache.ratis.util.JavaUtils.attempt(JavaUtils.java:152)
	at org.apache.ratis.RaftTestUtil.changeLeader(RaftTestUtil.java:362)
	at org.apache.ratis.server.impl.LeaderElectionTests.testChangeLeader(LeaderElectionTests.java:81)
	at sun.reflect.NativeMethodAccessorImpl.invoke0(Native Method)
	at sun.reflect.NativeMethodAccessorImpl.invoke(NativeMethodAccessorImpl.java:62)
	at sun.reflect.DelegatingMethodAccessorImpl.invoke(DelegatingMethodAccessorImpl.java:43)
	at java.lang.reflect.Method.invoke(Method.java:498)
	at org.junit.runners.model.FrameworkMethod$1.runReflectiveCall(FrameworkMethod.java:50)
	at org.junit.internal.runners.model.ReflectiveCallable.run(ReflectiveCallable.java:12)
	at org.junit.runners.model.FrameworkMethod.invokeExplosively(FrameworkMethod.java:47)
	at org.junit.internal.runners.statements.InvokeMethod.evaluate(InvokeMethod.java:17)
	at org.junit.internal.runners.statements.RunAfters.evaluate(RunAfters.java:27)
	at org.junit.internal.runners.statements.FailOnTimeout$CallableStatement.call(FailOnTimeout.java:298)
	at org.junit.internal.runners.statements.FailOnTimeout$CallableStatement.call(FailOnTimeout.java:292)
	at java.util.concurrent.FutureTask.run(FutureTask.java:266)
	at java.lang.Thread.run(Thread.java:748)
2019-09-24 12:00:06,230 INFO  impl.LeaderElection (LeaderElection.java:logAndReturn(56)) - s1@group-3D81F66BC438-LeaderElection91: Election TIMEOUT; received 1 response(s) [s1<-s0#0:FAIL-t162] and 0 exception(s); s1@group-3D81F66BC438:t162, leader=null, voted=s1, raftlog=s1@group-3D81F66BC438-SegmentedRaftLog:OPENED:c10,f11,i11, conf=11: [s0:0.0.0.0:42154, s1:0.0.0.0:36158, s2:0.0.0.0:36910], old=null
2019-09-24 12:00:06,244 INFO  impl.LeaderElection (LeaderElection.java:askForVotes(178)) - s1@group-3D81F66BC438-LeaderElection91: begin an election at term 163 for 11: [s0:0.0.0.0:42154, s1:0.0.0.0:36158, s2:0.0.0.0:36910], old=null
2019-09-24 12:00:06,245 DEBUG impl.RaftServerImpl (RaftServerImpl.java:requestVote(743)) - s0@group-3D81F66BC438: receive requestVote(s1, group-3D81F66BC438, 163, (t:14, i:11))
2019-09-24 12:00:06,245 INFO  impl.RaftServerImpl (RaftServerImpl.java:setRole(170)) - s0@group-3D81F66BC438: changes role from  FOLLOWER to FOLLOWER at term 163 for recognizeCandidate:s1
2019-09-24 12:00:06,245 INFO  impl.RoleInfo (RoleInfo.java:shutdownFollowerState(121)) - s0: shutdown FollowerState
2019-09-24 12:00:06,246 INFO  impl.RoleInfo (RoleInfo.java:updateAndGet(143)) - s0: start FollowerState
2019-09-24 12:00:06,246 INFO  impl.FollowerState (FollowerState.java:run(117)) - s0@group-3D81F66BC438-FollowerState was interrupted: java.lang.InterruptedException: sleep interrupted
2019-09-24 12:00:06,259 DEBUG impl.RaftServerImpl (RaftServerImpl.java:requestVote(775)) - s0@group-3D81F66BC438 replies to vote request: s1<-s0#0:FAIL-t163. Peer's state: s0@group-3D81F66BC438:t163, leader=null, voted=null, raftlog=s0@group-3D81F66BC438-SegmentedRaftLog:OPENED:c11,f12,i12, conf=11: [s0:0.0.0.0:42154, s1:0.0.0.0:36158, s2:0.0.0.0:36910], old=null
2019-09-24 12:00:06,290 INFO  impl.LeaderElection (LeaderElection.java:logAndReturn(56)) - s2@group-3D81F66BC438-LeaderElection92: Election TIMEOUT; received 1 response(s) [s2<-s0#0:FAIL-t162] and 0 exception(s); s2@group-3D81F66BC438:t162, leader=null, voted=s2, raftlog=s2@group-3D81F66BC438-SegmentedRaftLog:OPENED:c10,f10,i10, conf=9: [s0:0.0.0.0:42154, s1:0.0.0.0:36158, s2:0.0.0.0:36910], old=null
2019-09-24 12:00:06,302 INFO  impl.LeaderElection (LeaderElection.java:askForVotes(178)) - s2@group-3D81F66BC438-LeaderElection92: begin an election at term 163 for 9: [s0:0.0.0.0:42154, s1:0.0.0.0:36158, s2:0.0.0.0:36910], old=null
2019-09-24 12:00:06,302 DEBUG impl.RaftServerImpl (RaftServerImpl.java:requestVote(743)) - s0@group-3D81F66BC438: receive requestVote(s2, group-3D81F66BC438, 163, (t:13, i:10))
2019-09-24 12:00:06,303 INFO  impl.RaftServerImpl (RaftServerImpl.java:setRole(170)) - s0@group-3D81F66BC438: changes role from  FOLLOWER to FOLLOWER at term 163 for recognizeCandidate:s2
2019-09-24 12:00:06,303 INFO  impl.RoleInfo (RoleInfo.java:shutdownFollowerState(121)) - s0: shutdown FollowerState
2019-09-24 12:00:06,303 INFO  impl.RoleInfo (RoleInfo.java:updateAndGet(143)) - s0: start FollowerState
2019-09-24 12:00:06,303 INFO  impl.FollowerState (FollowerState.java:run(117)) - s0@group-3D81F66BC438-FollowerState was interrupted: java.lang.InterruptedException: sleep interrupted
2019-09-24 12:00:06,303 DEBUG impl.RaftServerImpl (RaftServerImpl.java:requestVote(775)) - s0@group-3D81F66BC438 replies to vote request: s2<-s0#0:FAIL-t163. Peer's state: s0@group-3D81F66BC438:t163, leader=null, voted=null, raftlog=s0@group-3D81F66BC438-SegmentedRaftLog:OPENED:c11,f12,i12, conf=11: [s0:0.0.0.0:42154, s1:0.0.0.0:36158, s2:0.0.0.0:36910], old=null
2019-09-24 12:00:06,464 INFO  impl.LeaderElection (LeaderElection.java:logAndReturn(56)) - s1@group-3D81F66BC438-LeaderElection91: Election TIMEOUT; received 1 response(s) [s1<-s0#0:FAIL-t163] and 0 exception(s); s1@group-3D81F66BC438:t163, leader=null, voted=s1, raftlog=s1@group-3D81F66BC438-SegmentedRaftLog:OPENED:c10,f11,i11, conf=11: [s0:0.0.0.0:42154, s1:0.0.0.0:36158, s2:0.0.0.0:36910], old=null
2019-09-24 12:00:06,486 INFO  impl.FollowerState (FollowerState.java:run(108)) - s0@group-3D81F66BC438-FollowerState: change to CANDIDATE, lastRpcTime:183ms, electionTimeout:183ms
2019-09-24 12:00:06,487 INFO  impl.RoleInfo (RoleInfo.java:shutdownFollowerState(121)) - s0: shutdown FollowerState
2019-09-24 12:00:06,487 INFO  impl.RaftServerImpl (RaftServerImpl.java:setRole(170)) - s0@group-3D81F66BC438: changes role from  FOLLOWER to CANDIDATE at term 163 for changeToCandidate
2019-09-24 12:00:06,487 INFO  impl.RoleInfo (RoleInfo.java:updateAndGet(143)) - s0: start LeaderElection
2019-09-24 12:00:06,489 INFO  impl.LeaderElection (LeaderElection.java:askForVotes(178)) - s1@group-3D81F66BC438-LeaderElection91: begin an election at term 164 for 11: [s0:0.0.0.0:42154, s1:0.0.0.0:36158, s2:0.0.0.0:36910], old=null
2019-09-24 12:00:06,490 DEBUG impl.RaftServerImpl (RaftServerImpl.java:requestVote(743)) - s0@group-3D81F66BC438: receive requestVote(s1, group-3D81F66BC438, 164, (t:14, i:11))
2019-09-24 12:00:06,492 INFO  impl.LeaderElection (LeaderElection.java:askForVotes(178)) - s0@group-3D81F66BC438-LeaderElection93: begin an election at term 164 for 11: [s0:0.0.0.0:42154, s1:0.0.0.0:36158, s2:0.0.0.0:36910], old=null
2019-09-24 12:00:06,492 DEBUG impl.RaftServerImpl (RaftServerImpl.java:requestVote(775)) - s0@group-3D81F66BC438 replies to vote request: s1<-s0#0:FAIL-t164. Peer's state: s0@group-3D81F66BC438:t164, leader=null, voted=s0, raftlog=s0@group-3D81F66BC438-SegmentedRaftLog:OPENED:c11,f12,i12, conf=11: [s0:0.0.0.0:42154, s1:0.0.0.0:36158, s2:0.0.0.0:36910], old=null
2019-09-24 12:00:06,580 INFO  impl.LeaderElection (LeaderElection.java:logAndReturn(56)) - s2@group-3D81F66BC438-LeaderElection92: Election TIMEOUT; received 1 response(s) [s2<-s0#0:FAIL-t163] and 0 exception(s); s2@group-3D81F66BC438:t163, leader=null, voted=s2, raftlog=s2@group-3D81F66BC438-SegmentedRaftLog:OPENED:c10,f10,i10, conf=9: [s0:0.0.0.0:42154, s1:0.0.0.0:36158, s2:0.0.0.0:36910], old=null
2019-09-24 12:00:06,605 INFO  impl.LeaderElection (LeaderElection.java:askForVotes(178)) - s2@group-3D81F66BC438-LeaderElection92: begin an election at term 164 for 9: [s0:0.0.0.0:42154, s1:0.0.0.0:36158, s2:0.0.0.0:36910], old=null
2019-09-24 12:00:06,605 DEBUG impl.RaftServerImpl (RaftServerImpl.java:requestVote(743)) - s0@group-3D81F66BC438: receive requestVote(s2, group-3D81F66BC438, 164, (t:13, i:10))
2019-09-24 12:00:06,606 DEBUG impl.RaftServerImpl (RaftServerImpl.java:requestVote(775)) - s0@group-3D81F66BC438 replies to vote request: s2<-s0#0:FAIL-t164. Peer's state: s0@group-3D81F66BC438:t164, leader=null, voted=s0, raftlog=s0@group-3D81F66BC438-SegmentedRaftLog:OPENED:c11,f12,i12, conf=11: [s0:0.0.0.0:42154, s1:0.0.0.0:36158, s2:0.0.0.0:36910], old=null
2019-09-24 12:00:06,651 WARN  ratis.RaftTestUtil (JavaUtils.java:attempt(158)) - FAILED "waitForLeader-null-(expectLeader? true)", attempt #78/100: java.lang.IllegalStateException: No leader yet : printing ALL groups
  s0:  RUNNING CANDIDATE s0@group-3D81F66BC438:t164, leader=null, voted=s0, raftlog=s0@group-3D81F66BC438-SegmentedRaftLog:OPENED:c11,f12,i12, conf=11: [s0:0.0.0.0:42154, s1:0.0.0.0:36158, s2:0.0.0.0:36910], old=null RUNNING
  s1:  RUNNING CANDIDATE s1@group-3D81F66BC438:t164, leader=null, voted=s1, raftlog=s1@group-3D81F66BC438-SegmentedRaftLog:OPENED:c10,f11,i11, conf=11: [s0:0.0.0.0:42154, s1:0.0.0.0:36158, s2:0.0.0.0:36910], old=null RUNNING
  s2:  RUNNING CANDIDATE s2@group-3D81F66BC438:t164, leader=null, voted=s2, raftlog=s2@group-3D81F66BC438-SegmentedRaftLog:OPENED:c10,f10,i10, conf=9: [s0:0.0.0.0:42154, s1:0.0.0.0:36158, s2:0.0.0.0:36910], old=null RUNNING, sleep 450ms and then retry.
java.lang.IllegalStateException: No leader yet : printing ALL groups
  s0:  RUNNING CANDIDATE s0@group-3D81F66BC438:t164, leader=null, voted=s0, raftlog=s0@group-3D81F66BC438-SegmentedRaftLog:OPENED:c11,f12,i12, conf=11: [s0:0.0.0.0:42154, s1:0.0.0.0:36158, s2:0.0.0.0:36910], old=null RUNNING
  s1:  RUNNING CANDIDATE s1@group-3D81F66BC438:t164, leader=null, voted=s1, raftlog=s1@group-3D81F66BC438-SegmentedRaftLog:OPENED:c10,f11,i11, conf=11: [s0:0.0.0.0:42154, s1:0.0.0.0:36158, s2:0.0.0.0:36910], old=null RUNNING
  s2:  RUNNING CANDIDATE s2@group-3D81F66BC438:t164, leader=null, voted=s2, raftlog=s2@group-3D81F66BC438-SegmentedRaftLog:OPENED:c10,f10,i10, conf=9: [s0:0.0.0.0:42154, s1:0.0.0.0:36158, s2:0.0.0.0:36910], old=null RUNNING
	at org.apache.ratis.MiniRaftCluster.newIllegalStateExceptionForNoLeaders(MiniRaftCluster.java:506)
	at org.apache.ratis.RaftTestUtil.lambda$waitForLeader$1(RaftTestUtil.java:90)
	at org.apache.ratis.MiniRaftCluster.getLeader(MiniRaftCluster.java:539)
	at org.apache.ratis.MiniRaftCluster.getLeader(MiniRaftCluster.java:532)
	at org.apache.ratis.RaftTestUtil.lambda$waitForLeader$3(RaftTestUtil.java:98)
	at org.apache.ratis.util.JavaUtils.attempt(JavaUtils.java:152)
	at org.apache.ratis.RaftTestUtil.waitForLeader(RaftTestUtil.java:97)
	at org.apache.ratis.RaftTestUtil.waitForLeader(RaftTestUtil.java:77)
	at org.apache.ratis.RaftTestUtil.waitForLeader(RaftTestUtil.java:72)
	at org.apache.ratis.RaftTestUtil.lambda$changeLeader$7(RaftTestUtil.java:363)
	at org.apache.ratis.util.JavaUtils.attempt(JavaUtils.java:152)
	at org.apache.ratis.RaftTestUtil.changeLeader(RaftTestUtil.java:362)
	at org.apache.ratis.server.impl.LeaderElectionTests.testChangeLeader(LeaderElectionTests.java:81)
	at sun.reflect.NativeMethodAccessorImpl.invoke0(Native Method)
	at sun.reflect.NativeMethodAccessorImpl.invoke(NativeMethodAccessorImpl.java:62)
	at sun.reflect.DelegatingMethodAccessorImpl.invoke(DelegatingMethodAccessorImpl.java:43)
	at java.lang.reflect.Method.invoke(Method.java:498)
	at org.junit.runners.model.FrameworkMethod$1.runReflectiveCall(FrameworkMethod.java:50)
	at org.junit.internal.runners.model.ReflectiveCallable.run(ReflectiveCallable.java:12)
	at org.junit.runners.model.FrameworkMethod.invokeExplosively(FrameworkMethod.java:47)
	at org.junit.internal.runners.statements.InvokeMethod.evaluate(InvokeMethod.java:17)
	at org.junit.internal.runners.statements.RunAfters.evaluate(RunAfters.java:27)
	at org.junit.internal.runners.statements.FailOnTimeout$CallableStatement.call(FailOnTimeout.java:298)
	at org.junit.internal.runners.statements.FailOnTimeout$CallableStatement.call(FailOnTimeout.java:292)
	at java.util.concurrent.FutureTask.run(FutureTask.java:266)
	at java.lang.Thread.run(Thread.java:748)
2019-09-24 12:00:06,725 INFO  impl.LeaderElection (LeaderElection.java:logAndReturn(56)) - s1@group-3D81F66BC438-LeaderElection91: Election TIMEOUT; received 1 response(s) [s1<-s0#0:FAIL-t164] and 0 exception(s); s1@group-3D81F66BC438:t164, leader=null, voted=s1, raftlog=s1@group-3D81F66BC438-SegmentedRaftLog:OPENED:c10,f11,i11, conf=11: [s0:0.0.0.0:42154, s1:0.0.0.0:36158, s2:0.0.0.0:36910], old=null
2019-09-24 12:00:06,740 INFO  impl.LeaderElection (LeaderElection.java:askForVotes(178)) - s1@group-3D81F66BC438-LeaderElection91: begin an election at term 165 for 11: [s0:0.0.0.0:42154, s1:0.0.0.0:36158, s2:0.0.0.0:36910], old=null
2019-09-24 12:00:06,741 DEBUG impl.RaftServerImpl (RaftServerImpl.java:requestVote(743)) - s0@group-3D81F66BC438: receive requestVote(s1, group-3D81F66BC438, 165, (t:14, i:11))
2019-09-24 12:00:06,741 INFO  impl.RaftServerImpl (RaftServerImpl.java:setRole(170)) - s0@group-3D81F66BC438: changes role from CANDIDATE to FOLLOWER at term 165 for recognizeCandidate:s1
2019-09-24 12:00:06,741 INFO  impl.RoleInfo (RoleInfo.java:shutdownLeaderElection(134)) - s0: shutdown LeaderElection
2019-09-24 12:00:06,741 INFO  impl.RoleInfo (RoleInfo.java:updateAndGet(143)) - s0: start FollowerState
2019-09-24 12:00:06,754 DEBUG impl.RaftServerImpl (RaftServerImpl.java:requestVote(775)) - s0@group-3D81F66BC438 replies to vote request: s1<-s0#0:FAIL-t165. Peer's state: s0@group-3D81F66BC438:t165, leader=null, voted=null, raftlog=s0@group-3D81F66BC438-SegmentedRaftLog:OPENED:c11,f12,i12, conf=11: [s0:0.0.0.0:42154, s1:0.0.0.0:36158, s2:0.0.0.0:36910], old=null
2019-09-24 12:00:06,764 INFO  impl.LeaderElection (LeaderElection.java:logAndReturn(56)) - s0@group-3D81F66BC438-LeaderElection93: Election REJECTED; received 0 response(s) [] and 0 exception(s); s0@group-3D81F66BC438:t165, leader=null, voted=null, raftlog=s0@group-3D81F66BC438-SegmentedRaftLog:OPENED:c11,f12,i12, conf=11: [s0:0.0.0.0:42154, s1:0.0.0.0:36158, s2:0.0.0.0:36910], old=null
2019-09-24 12:00:06,846 INFO  impl.LeaderElection (LeaderElection.java:logAndReturn(56)) - s2@group-3D81F66BC438-LeaderElection92: Election TIMEOUT; received 1 response(s) [s2<-s0#0:FAIL-t164] and 0 exception(s); s2@group-3D81F66BC438:t164, leader=null, voted=s2, raftlog=s2@group-3D81F66BC438-SegmentedRaftLog:OPENED:c10,f10,i10, conf=9: [s0:0.0.0.0:42154, s1:0.0.0.0:36158, s2:0.0.0.0:36910], old=null
2019-09-24 12:00:06,883 INFO  impl.LeaderElection (LeaderElection.java:askForVotes(178)) - s2@group-3D81F66BC438-LeaderElection92: begin an election at term 165 for 9: [s0:0.0.0.0:42154, s1:0.0.0.0:36158, s2:0.0.0.0:36910], old=null
2019-09-24 12:00:06,884 DEBUG impl.RaftServerImpl (RaftServerImpl.java:requestVote(743)) - s0@group-3D81F66BC438: receive requestVote(s2, group-3D81F66BC438, 165, (t:13, i:10))
2019-09-24 12:00:06,884 INFO  impl.RaftServerImpl (RaftServerImpl.java:setRole(170)) - s0@group-3D81F66BC438: changes role from  FOLLOWER to FOLLOWER at term 165 for recognizeCandidate:s2
2019-09-24 12:00:06,884 INFO  impl.RoleInfo (RoleInfo.java:shutdownFollowerState(121)) - s0: shutdown FollowerState
2019-09-24 12:00:06,884 INFO  impl.RoleInfo (RoleInfo.java:updateAndGet(143)) - s0: start FollowerState
2019-09-24 12:00:06,884 INFO  impl.FollowerState (FollowerState.java:run(117)) - s0@group-3D81F66BC438-FollowerState was interrupted: java.lang.InterruptedException: sleep interrupted
2019-09-24 12:00:06,885 DEBUG impl.RaftServerImpl (RaftServerImpl.java:requestVote(775)) - s0@group-3D81F66BC438 replies to vote request: s2<-s0#0:FAIL-t165. Peer's state: s0@group-3D81F66BC438:t165, leader=null, voted=null, raftlog=s0@group-3D81F66BC438-SegmentedRaftLog:OPENED:c11,f12,i12, conf=11: [s0:0.0.0.0:42154, s1:0.0.0.0:36158, s2:0.0.0.0:36910], old=null
2019-09-24 12:00:07,034 INFO  impl.LeaderElection (LeaderElection.java:logAndReturn(56)) - s1@group-3D81F66BC438-LeaderElection91: Election TIMEOUT; received 1 response(s) [s1<-s0#0:FAIL-t165] and 0 exception(s); s1@group-3D81F66BC438:t165, leader=null, voted=s1, raftlog=s1@group-3D81F66BC438-SegmentedRaftLog:OPENED:c10,f11,i11, conf=11: [s0:0.0.0.0:42154, s1:0.0.0.0:36158, s2:0.0.0.0:36910], old=null
2019-09-24 12:00:07,059 INFO  impl.LeaderElection (LeaderElection.java:askForVotes(178)) - s1@group-3D81F66BC438-LeaderElection91: begin an election at term 166 for 11: [s0:0.0.0.0:42154, s1:0.0.0.0:36158, s2:0.0.0.0:36910], old=null
2019-09-24 12:00:07,060 DEBUG impl.RaftServerImpl (RaftServerImpl.java:requestVote(743)) - s0@group-3D81F66BC438: receive requestVote(s1, group-3D81F66BC438, 166, (t:14, i:11))
2019-09-24 12:00:07,060 INFO  impl.RaftServerImpl (RaftServerImpl.java:setRole(170)) - s0@group-3D81F66BC438: changes role from  FOLLOWER to FOLLOWER at term 166 for recognizeCandidate:s1
2019-09-24 12:00:07,060 INFO  impl.RoleInfo (RoleInfo.java:shutdownFollowerState(121)) - s0: shutdown FollowerState
2019-09-24 12:00:07,061 INFO  impl.RoleInfo (RoleInfo.java:updateAndGet(143)) - s0: start FollowerState
2019-09-24 12:00:07,061 INFO  impl.FollowerState (FollowerState.java:run(117)) - s0@group-3D81F66BC438-FollowerState was interrupted: java.lang.InterruptedException: sleep interrupted
2019-09-24 12:00:07,074 DEBUG impl.RaftServerImpl (RaftServerImpl.java:requestVote(775)) - s0@group-3D81F66BC438 replies to vote request: s1<-s0#0:FAIL-t166. Peer's state: s0@group-3D81F66BC438:t166, leader=null, voted=null, raftlog=s0@group-3D81F66BC438-SegmentedRaftLog:OPENED:c11,f12,i12, conf=11: [s0:0.0.0.0:42154, s1:0.0.0.0:36158, s2:0.0.0.0:36910], old=null
2019-09-24 12:00:07,090 INFO  impl.LeaderElection (LeaderElection.java:logAndReturn(56)) - s2@group-3D81F66BC438-LeaderElection92: Election TIMEOUT; received 1 response(s) [s2<-s0#0:FAIL-t165] and 0 exception(s); s2@group-3D81F66BC438:t165, leader=null, voted=s2, raftlog=s2@group-3D81F66BC438-SegmentedRaftLog:OPENED:c10,f10,i10, conf=9: [s0:0.0.0.0:42154, s1:0.0.0.0:36158, s2:0.0.0.0:36910], old=null
2019-09-24 12:00:07,103 INFO  impl.LeaderElection (LeaderElection.java:askForVotes(178)) - s2@group-3D81F66BC438-LeaderElection92: begin an election at term 166 for 9: [s0:0.0.0.0:42154, s1:0.0.0.0:36158, s2:0.0.0.0:36910], old=null
2019-09-24 12:00:07,103 WARN  ratis.RaftTestUtil (JavaUtils.java:attempt(158)) - FAILED "waitForLeader-null-(expectLeader? true)", attempt #79/100: java.lang.IllegalStateException: No leader yet : printing ALL groups
  s0:  RUNNING  FOLLOWER s0@group-3D81F66BC438:t166, leader=null, voted=null, raftlog=s0@group-3D81F66BC438-SegmentedRaftLog:OPENED:c11,f12,i12, conf=11: [s0:0.0.0.0:42154, s1:0.0.0.0:36158, s2:0.0.0.0:36910], old=null RUNNING
  s1:  RUNNING CANDIDATE s1@group-3D81F66BC438:t166, leader=null, voted=s1, raftlog=s1@group-3D81F66BC438-SegmentedRaftLog:OPENED:c10,f11,i11, conf=11: [s0:0.0.0.0:42154, s1:0.0.0.0:36158, s2:0.0.0.0:36910], old=null RUNNING
  s2:  RUNNING CANDIDATE s2@group-3D81F66BC438:t166, leader=null, voted=s2, raftlog=s2@group-3D81F66BC438-SegmentedRaftLog:OPENED:c10,f10,i10, conf=9: [s0:0.0.0.0:42154, s1:0.0.0.0:36158, s2:0.0.0.0:36910], old=null RUNNING, sleep 450ms and then retry.
java.lang.IllegalStateException: No leader yet : printing ALL groups
  s0:  RUNNING  FOLLOWER s0@group-3D81F66BC438:t166, leader=null, voted=null, raftlog=s0@group-3D81F66BC438-SegmentedRaftLog:OPENED:c11,f12,i12, conf=11: [s0:0.0.0.0:42154, s1:0.0.0.0:36158, s2:0.0.0.0:36910], old=null RUNNING
  s1:  RUNNING CANDIDATE s1@group-3D81F66BC438:t166, leader=null, voted=s1, raftlog=s1@group-3D81F66BC438-SegmentedRaftLog:OPENED:c10,f11,i11, conf=11: [s0:0.0.0.0:42154, s1:0.0.0.0:36158, s2:0.0.0.0:36910], old=null RUNNING
  s2:  RUNNING CANDIDATE s2@group-3D81F66BC438:t166, leader=null, voted=s2, raftlog=s2@group-3D81F66BC438-SegmentedRaftLog:OPENED:c10,f10,i10, conf=9: [s0:0.0.0.0:42154, s1:0.0.0.0:36158, s2:0.0.0.0:36910], old=null RUNNING
	at org.apache.ratis.MiniRaftCluster.newIllegalStateExceptionForNoLeaders(MiniRaftCluster.java:506)
	at org.apache.ratis.RaftTestUtil.lambda$waitForLeader$1(RaftTestUtil.java:90)
	at org.apache.ratis.MiniRaftCluster.getLeader(MiniRaftCluster.java:539)
	at org.apache.ratis.MiniRaftCluster.getLeader(MiniRaftCluster.java:532)
	at org.apache.ratis.RaftTestUtil.lambda$waitForLeader$3(RaftTestUtil.java:98)
	at org.apache.ratis.util.JavaUtils.attempt(JavaUtils.java:152)
	at org.apache.ratis.RaftTestUtil.waitForLeader(RaftTestUtil.java:97)
	at org.apache.ratis.RaftTestUtil.waitForLeader(RaftTestUtil.java:77)
	at org.apache.ratis.RaftTestUtil.waitForLeader(RaftTestUtil.java:72)
	at org.apache.ratis.RaftTestUtil.lambda$changeLeader$7(RaftTestUtil.java:363)
	at org.apache.ratis.util.JavaUtils.attempt(JavaUtils.java:152)
	at org.apache.ratis.RaftTestUtil.changeLeader(RaftTestUtil.java:362)
	at org.apache.ratis.server.impl.LeaderElectionTests.testChangeLeader(LeaderElectionTests.java:81)
	at sun.reflect.NativeMethodAccessorImpl.invoke0(Native Method)
	at sun.reflect.NativeMethodAccessorImpl.invoke(NativeMethodAccessorImpl.java:62)
	at sun.reflect.DelegatingMethodAccessorImpl.invoke(DelegatingMethodAccessorImpl.java:43)
	at java.lang.reflect.Method.invoke(Method.java:498)
	at org.junit.runners.model.FrameworkMethod$1.runReflectiveCall(FrameworkMethod.java:50)
	at org.junit.internal.runners.model.ReflectiveCallable.run(ReflectiveCallable.java:12)
	at org.junit.runners.model.FrameworkMethod.invokeExplosively(FrameworkMethod.java:47)
	at org.junit.internal.runners.statements.InvokeMethod.evaluate(InvokeMethod.java:17)
	at org.junit.internal.runners.statements.RunAfters.evaluate(RunAfters.java:27)
	at org.junit.internal.runners.statements.FailOnTimeout$CallableStatement.call(FailOnTimeout.java:298)
	at org.junit.internal.runners.statements.FailOnTimeout$CallableStatement.call(FailOnTimeout.java:292)
	at java.util.concurrent.FutureTask.run(FutureTask.java:266)
	at java.lang.Thread.run(Thread.java:748)
2019-09-24 12:00:07,104 DEBUG impl.RaftServerImpl (RaftServerImpl.java:requestVote(743)) - s0@group-3D81F66BC438: receive requestVote(s2, group-3D81F66BC438, 166, (t:13, i:10))
2019-09-24 12:00:07,104 INFO  impl.RaftServerImpl (RaftServerImpl.java:setRole(170)) - s0@group-3D81F66BC438: changes role from  FOLLOWER to FOLLOWER at term 166 for recognizeCandidate:s2
2019-09-24 12:00:07,104 INFO  impl.RoleInfo (RoleInfo.java:shutdownFollowerState(121)) - s0: shutdown FollowerState
2019-09-24 12:00:07,104 INFO  impl.RoleInfo (RoleInfo.java:updateAndGet(143)) - s0: start FollowerState
2019-09-24 12:00:07,105 INFO  impl.FollowerState (FollowerState.java:run(117)) - s0@group-3D81F66BC438-FollowerState was interrupted: java.lang.InterruptedException: sleep interrupted
2019-09-24 12:00:07,105 DEBUG impl.RaftServerImpl (RaftServerImpl.java:requestVote(775)) - s0@group-3D81F66BC438 replies to vote request: s2<-s0#0:FAIL-t166. Peer's state: s0@group-3D81F66BC438:t166, leader=null, voted=null, raftlog=s0@group-3D81F66BC438-SegmentedRaftLog:OPENED:c11,f12,i12, conf=11: [s0:0.0.0.0:42154, s1:0.0.0.0:36158, s2:0.0.0.0:36910], old=null
2019-09-24 12:00:07,272 INFO  impl.FollowerState (FollowerState.java:run(108)) - s0@group-3D81F66BC438-FollowerState: change to CANDIDATE, lastRpcTime:167ms, electionTimeout:167ms
2019-09-24 12:00:07,272 INFO  impl.RoleInfo (RoleInfo.java:shutdownFollowerState(121)) - s0: shutdown FollowerState
2019-09-24 12:00:07,272 INFO  impl.RaftServerImpl (RaftServerImpl.java:setRole(170)) - s0@group-3D81F66BC438: changes role from  FOLLOWER to CANDIDATE at term 166 for changeToCandidate
2019-09-24 12:00:07,273 INFO  impl.RoleInfo (RoleInfo.java:updateAndGet(143)) - s0: start LeaderElection
2019-09-24 12:00:07,288 INFO  impl.LeaderElection (LeaderElection.java:askForVotes(178)) - s0@group-3D81F66BC438-LeaderElection94: begin an election at term 167 for 11: [s0:0.0.0.0:42154, s1:0.0.0.0:36158, s2:0.0.0.0:36910], old=null
2019-09-24 12:00:07,334 INFO  impl.LeaderElection (LeaderElection.java:logAndReturn(56)) - s1@group-3D81F66BC438-LeaderElection91: Election TIMEOUT; received 1 response(s) [s1<-s0#0:FAIL-t166] and 0 exception(s); s1@group-3D81F66BC438:t166, leader=null, voted=s1, raftlog=s1@group-3D81F66BC438-SegmentedRaftLog:OPENED:c10,f11,i11, conf=11: [s0:0.0.0.0:42154, s1:0.0.0.0:36158, s2:0.0.0.0:36910], old=null
2019-09-24 12:00:07,345 INFO  impl.LeaderElection (LeaderElection.java:logAndReturn(56)) - s2@group-3D81F66BC438-LeaderElection92: Election TIMEOUT; received 1 response(s) [s2<-s0#0:FAIL-t166] and 0 exception(s); s2@group-3D81F66BC438:t166, leader=null, voted=s2, raftlog=s2@group-3D81F66BC438-SegmentedRaftLog:OPENED:c10,f10,i10, conf=9: [s0:0.0.0.0:42154, s1:0.0.0.0:36158, s2:0.0.0.0:36910], old=null
2019-09-24 12:00:07,360 INFO  impl.LeaderElection (LeaderElection.java:askForVotes(178)) - s2@group-3D81F66BC438-LeaderElection92: begin an election at term 167 for 9: [s0:0.0.0.0:42154, s1:0.0.0.0:36158, s2:0.0.0.0:36910], old=null
2019-09-24 12:00:07,360 INFO  impl.LeaderElection (LeaderElection.java:askForVotes(178)) - s1@group-3D81F66BC438-LeaderElection91: begin an election at term 167 for 11: [s0:0.0.0.0:42154, s1:0.0.0.0:36158, s2:0.0.0.0:36910], old=null
2019-09-24 12:00:07,360 DEBUG impl.RaftServerImpl (RaftServerImpl.java:requestVote(743)) - s0@group-3D81F66BC438: receive requestVote(s2, group-3D81F66BC438, 167, (t:13, i:10))
2019-09-24 12:00:07,360 DEBUG impl.RaftServerImpl (RaftServerImpl.java:requestVote(775)) - s0@group-3D81F66BC438 replies to vote request: s2<-s0#0:FAIL-t167. Peer's state: s0@group-3D81F66BC438:t167, leader=null, voted=s0, raftlog=s0@group-3D81F66BC438-SegmentedRaftLog:OPENED:c11,f12,i12, conf=11: [s0:0.0.0.0:42154, s1:0.0.0.0:36158, s2:0.0.0.0:36910], old=null
2019-09-24 12:00:07,361 DEBUG impl.RaftServerImpl (RaftServerImpl.java:requestVote(743)) - s0@group-3D81F66BC438: receive requestVote(s1, group-3D81F66BC438, 167, (t:14, i:11))
2019-09-24 12:00:07,361 DEBUG impl.RaftServerImpl (RaftServerImpl.java:requestVote(775)) - s0@group-3D81F66BC438 replies to vote request: s1<-s0#0:FAIL-t167. Peer's state: s0@group-3D81F66BC438:t167, leader=null, voted=s0, raftlog=s0@group-3D81F66BC438-SegmentedRaftLog:OPENED:c11,f12,i12, conf=11: [s0:0.0.0.0:42154, s1:0.0.0.0:36158, s2:0.0.0.0:36910], old=null
2019-09-24 12:00:07,554 WARN  ratis.RaftTestUtil (JavaUtils.java:attempt(158)) - FAILED "waitForLeader-null-(expectLeader? true)", attempt #80/100: java.lang.IllegalStateException: No leader yet : printing ALL groups
  s0:  RUNNING CANDIDATE s0@group-3D81F66BC438:t167, leader=null, voted=s0, raftlog=s0@group-3D81F66BC438-SegmentedRaftLog:OPENED:c11,f12,i12, conf=11: [s0:0.0.0.0:42154, s1:0.0.0.0:36158, s2:0.0.0.0:36910], old=null RUNNING
  s1:  RUNNING CANDIDATE s1@group-3D81F66BC438:t167, leader=null, voted=s1, raftlog=s1@group-3D81F66BC438-SegmentedRaftLog:OPENED:c10,f11,i11, conf=11: [s0:0.0.0.0:42154, s1:0.0.0.0:36158, s2:0.0.0.0:36910], old=null RUNNING
  s2:  RUNNING CANDIDATE s2@group-3D81F66BC438:t167, leader=null, voted=s2, raftlog=s2@group-3D81F66BC438-SegmentedRaftLog:OPENED:c10,f10,i10, conf=9: [s0:0.0.0.0:42154, s1:0.0.0.0:36158, s2:0.0.0.0:36910], old=null RUNNING, sleep 450ms and then retry.
java.lang.IllegalStateException: No leader yet : printing ALL groups
  s0:  RUNNING CANDIDATE s0@group-3D81F66BC438:t167, leader=null, voted=s0, raftlog=s0@group-3D81F66BC438-SegmentedRaftLog:OPENED:c11,f12,i12, conf=11: [s0:0.0.0.0:42154, s1:0.0.0.0:36158, s2:0.0.0.0:36910], old=null RUNNING
  s1:  RUNNING CANDIDATE s1@group-3D81F66BC438:t167, leader=null, voted=s1, raftlog=s1@group-3D81F66BC438-SegmentedRaftLog:OPENED:c10,f11,i11, conf=11: [s0:0.0.0.0:42154, s1:0.0.0.0:36158, s2:0.0.0.0:36910], old=null RUNNING
  s2:  RUNNING CANDIDATE s2@group-3D81F66BC438:t167, leader=null, voted=s2, raftlog=s2@group-3D81F66BC438-SegmentedRaftLog:OPENED:c10,f10,i10, conf=9: [s0:0.0.0.0:42154, s1:0.0.0.0:36158, s2:0.0.0.0:36910], old=null RUNNING
	at org.apache.ratis.MiniRaftCluster.newIllegalStateExceptionForNoLeaders(MiniRaftCluster.java:506)
	at org.apache.ratis.RaftTestUtil.lambda$waitForLeader$1(RaftTestUtil.java:90)
	at org.apache.ratis.MiniRaftCluster.getLeader(MiniRaftCluster.java:539)
	at org.apache.ratis.MiniRaftCluster.getLeader(MiniRaftCluster.java:532)
	at org.apache.ratis.RaftTestUtil.lambda$waitForLeader$3(RaftTestUtil.java:98)
	at org.apache.ratis.util.JavaUtils.attempt(JavaUtils.java:152)
	at org.apache.ratis.RaftTestUtil.waitForLeader(RaftTestUtil.java:97)
	at org.apache.ratis.RaftTestUtil.waitForLeader(RaftTestUtil.java:77)
	at org.apache.ratis.RaftTestUtil.waitForLeader(RaftTestUtil.java:72)
	at org.apache.ratis.RaftTestUtil.lambda$changeLeader$7(RaftTestUtil.java:363)
	at org.apache.ratis.util.JavaUtils.attempt(JavaUtils.java:152)
	at org.apache.ratis.RaftTestUtil.changeLeader(RaftTestUtil.java:362)
	at org.apache.ratis.server.impl.LeaderElectionTests.testChangeLeader(LeaderElectionTests.java:81)
	at sun.reflect.NativeMethodAccessorImpl.invoke0(Native Method)
	at sun.reflect.NativeMethodAccessorImpl.invoke(NativeMethodAccessorImpl.java:62)
	at sun.reflect.DelegatingMethodAccessorImpl.invoke(DelegatingMethodAccessorImpl.java:43)
	at java.lang.reflect.Method.invoke(Method.java:498)
	at org.junit.runners.model.FrameworkMethod$1.runReflectiveCall(FrameworkMethod.java:50)
	at org.junit.internal.runners.model.ReflectiveCallable.run(ReflectiveCallable.java:12)
	at org.junit.runners.model.FrameworkMethod.invokeExplosively(FrameworkMethod.java:47)
	at org.junit.internal.runners.statements.InvokeMethod.evaluate(InvokeMethod.java:17)
	at org.junit.internal.runners.statements.RunAfters.evaluate(RunAfters.java:27)
	at org.junit.internal.runners.statements.FailOnTimeout$CallableStatement.call(FailOnTimeout.java:298)
	at org.junit.internal.runners.statements.FailOnTimeout$CallableStatement.call(FailOnTimeout.java:292)
	at java.util.concurrent.FutureTask.run(FutureTask.java:266)
	at java.lang.Thread.run(Thread.java:748)
2019-09-24 12:00:07,572 INFO  impl.LeaderElection (LeaderElection.java:logAndReturn(56)) - s0@group-3D81F66BC438-LeaderElection94: Election TIMEOUT; received 0 response(s) [] and 0 exception(s); s0@group-3D81F66BC438:t167, leader=null, voted=s0, raftlog=s0@group-3D81F66BC438-SegmentedRaftLog:OPENED:c11,f12,i12, conf=11: [s0:0.0.0.0:42154, s1:0.0.0.0:36158, s2:0.0.0.0:36910], old=null
2019-09-24 12:00:07,579 INFO  impl.LeaderElection (LeaderElection.java:logAndReturn(56)) - s2@group-3D81F66BC438-LeaderElection92: Election TIMEOUT; received 1 response(s) [s2<-s0#0:FAIL-t167] and 0 exception(s); s2@group-3D81F66BC438:t167, leader=null, voted=s2, raftlog=s2@group-3D81F66BC438-SegmentedRaftLog:OPENED:c10,f10,i10, conf=9: [s0:0.0.0.0:42154, s1:0.0.0.0:36158, s2:0.0.0.0:36910], old=null
2019-09-24 12:00:07,586 INFO  impl.LeaderElection (LeaderElection.java:askForVotes(178)) - s0@group-3D81F66BC438-LeaderElection94: begin an election at term 168 for 11: [s0:0.0.0.0:42154, s1:0.0.0.0:36158, s2:0.0.0.0:36910], old=null
2019-09-24 12:00:07,586 INFO  impl.LeaderElection (LeaderElection.java:askForVotes(178)) - s2@group-3D81F66BC438-LeaderElection92: begin an election at term 168 for 9: [s0:0.0.0.0:42154, s1:0.0.0.0:36158, s2:0.0.0.0:36910], old=null
2019-09-24 12:00:07,587 DEBUG impl.RaftServerImpl (RaftServerImpl.java:requestVote(743)) - s0@group-3D81F66BC438: receive requestVote(s2, group-3D81F66BC438, 168, (t:13, i:10))
2019-09-24 12:00:07,587 DEBUG impl.RaftServerImpl (RaftServerImpl.java:requestVote(775)) - s0@group-3D81F66BC438 replies to vote request: s2<-s0#0:FAIL-t168. Peer's state: s0@group-3D81F66BC438:t168, leader=null, voted=s0, raftlog=s0@group-3D81F66BC438-SegmentedRaftLog:OPENED:c11,f12,i12, conf=11: [s0:0.0.0.0:42154, s1:0.0.0.0:36158, s2:0.0.0.0:36910], old=null
2019-09-24 12:00:07,652 INFO  impl.LeaderElection (LeaderElection.java:logAndReturn(56)) - s1@group-3D81F66BC438-LeaderElection91: Election TIMEOUT; received 1 response(s) [s1<-s0#0:FAIL-t167] and 0 exception(s); s1@group-3D81F66BC438:t167, leader=null, voted=s1, raftlog=s1@group-3D81F66BC438-SegmentedRaftLog:OPENED:c10,f11,i11, conf=11: [s0:0.0.0.0:42154, s1:0.0.0.0:36158, s2:0.0.0.0:36910], old=null
2019-09-24 12:00:07,675 INFO  impl.LeaderElection (LeaderElection.java:askForVotes(178)) - s1@group-3D81F66BC438-LeaderElection91: begin an election at term 168 for 11: [s0:0.0.0.0:42154, s1:0.0.0.0:36158, s2:0.0.0.0:36910], old=null
2019-09-24 12:00:07,676 DEBUG impl.RaftServerImpl (RaftServerImpl.java:requestVote(743)) - s0@group-3D81F66BC438: receive requestVote(s1, group-3D81F66BC438, 168, (t:14, i:11))
2019-09-24 12:00:07,676 DEBUG impl.RaftServerImpl (RaftServerImpl.java:requestVote(775)) - s0@group-3D81F66BC438 replies to vote request: s1<-s0#0:FAIL-t168. Peer's state: s0@group-3D81F66BC438:t168, leader=null, voted=s0, raftlog=s0@group-3D81F66BC438-SegmentedRaftLog:OPENED:c11,f12,i12, conf=11: [s0:0.0.0.0:42154, s1:0.0.0.0:36158, s2:0.0.0.0:36910], old=null
2019-09-24 12:00:07,782 INFO  impl.LeaderElection (LeaderElection.java:logAndReturn(56)) - s0@group-3D81F66BC438-LeaderElection94: Election TIMEOUT; received 0 response(s) [] and 0 exception(s); s0@group-3D81F66BC438:t168, leader=null, voted=s0, raftlog=s0@group-3D81F66BC438-SegmentedRaftLog:OPENED:c11,f12,i12, conf=11: [s0:0.0.0.0:42154, s1:0.0.0.0:36158, s2:0.0.0.0:36910], old=null
2019-09-24 12:00:07,797 INFO  impl.LeaderElection (LeaderElection.java:askForVotes(178)) - s0@group-3D81F66BC438-LeaderElection94: begin an election at term 169 for 11: [s0:0.0.0.0:42154, s1:0.0.0.0:36158, s2:0.0.0.0:36910], old=null
2019-09-24 12:00:07,821 INFO  impl.LeaderElection (LeaderElection.java:logAndReturn(56)) - s2@group-3D81F66BC438-LeaderElection92: Election TIMEOUT; received 1 response(s) [s2<-s0#0:FAIL-t168] and 0 exception(s); s2@group-3D81F66BC438:t168, leader=null, voted=s2, raftlog=s2@group-3D81F66BC438-SegmentedRaftLog:OPENED:c10,f10,i10, conf=9: [s0:0.0.0.0:42154, s1:0.0.0.0:36158, s2:0.0.0.0:36910], old=null
2019-09-24 12:00:07,834 INFO  impl.LeaderElection (LeaderElection.java:askForVotes(178)) - s2@group-3D81F66BC438-LeaderElection92: begin an election at term 169 for 9: [s0:0.0.0.0:42154, s1:0.0.0.0:36158, s2:0.0.0.0:36910], old=null
2019-09-24 12:00:07,835 DEBUG impl.RaftServerImpl (RaftServerImpl.java:requestVote(743)) - s0@group-3D81F66BC438: receive requestVote(s2, group-3D81F66BC438, 169, (t:13, i:10))
2019-09-24 12:00:07,835 DEBUG impl.RaftServerImpl (RaftServerImpl.java:requestVote(775)) - s0@group-3D81F66BC438 replies to vote request: s2<-s0#0:FAIL-t169. Peer's state: s0@group-3D81F66BC438:t169, leader=null, voted=s0, raftlog=s0@group-3D81F66BC438-SegmentedRaftLog:OPENED:c11,f12,i12, conf=11: [s0:0.0.0.0:42154, s1:0.0.0.0:36158, s2:0.0.0.0:36910], old=null
2019-09-24 12:00:07,877 INFO  impl.LeaderElection (LeaderElection.java:logAndReturn(56)) - s1@group-3D81F66BC438-LeaderElection91: Election TIMEOUT; received 1 response(s) [s1<-s0#0:FAIL-t168] and 0 exception(s); s1@group-3D81F66BC438:t168, leader=null, voted=s1, raftlog=s1@group-3D81F66BC438-SegmentedRaftLog:OPENED:c10,f11,i11, conf=11: [s0:0.0.0.0:42154, s1:0.0.0.0:36158, s2:0.0.0.0:36910], old=null
2019-09-24 12:00:07,889 INFO  impl.LeaderElection (LeaderElection.java:askForVotes(178)) - s1@group-3D81F66BC438-LeaderElection91: begin an election at term 169 for 11: [s0:0.0.0.0:42154, s1:0.0.0.0:36158, s2:0.0.0.0:36910], old=null
2019-09-24 12:00:07,890 DEBUG impl.RaftServerImpl (RaftServerImpl.java:requestVote(743)) - s0@group-3D81F66BC438: receive requestVote(s1, group-3D81F66BC438, 169, (t:14, i:11))
2019-09-24 12:00:07,890 DEBUG impl.RaftServerImpl (RaftServerImpl.java:requestVote(775)) - s0@group-3D81F66BC438 replies to vote request: s1<-s0#0:FAIL-t169. Peer's state: s0@group-3D81F66BC438:t169, leader=null, voted=s0, raftlog=s0@group-3D81F66BC438-SegmentedRaftLog:OPENED:c11,f12,i12, conf=11: [s0:0.0.0.0:42154, s1:0.0.0.0:36158, s2:0.0.0.0:36910], old=null
2019-09-24 12:00:07,997 INFO  impl.LeaderElection (LeaderElection.java:logAndReturn(56)) - s2@group-3D81F66BC438-LeaderElection92: Election TIMEOUT; received 1 response(s) [s2<-s0#0:FAIL-t169] and 0 exception(s); s2@group-3D81F66BC438:t169, leader=null, voted=s2, raftlog=s2@group-3D81F66BC438-SegmentedRaftLog:OPENED:c10,f10,i10, conf=9: [s0:0.0.0.0:42154, s1:0.0.0.0:36158, s2:0.0.0.0:36910], old=null
2019-09-24 12:00:08,006 WARN  ratis.RaftTestUtil (JavaUtils.java:attempt(158)) - FAILED "waitForLeader-null-(expectLeader? true)", attempt #81/100: java.lang.IllegalStateException: No leader yet : printing ALL groups
  s0:  RUNNING CANDIDATE s0@group-3D81F66BC438:t169, leader=null, voted=s0, raftlog=s0@group-3D81F66BC438-SegmentedRaftLog:OPENED:c11,f12,i12, conf=11: [s0:0.0.0.0:42154, s1:0.0.0.0:36158, s2:0.0.0.0:36910], old=null RUNNING
  s1:  RUNNING CANDIDATE s1@group-3D81F66BC438:t169, leader=null, voted=s1, raftlog=s1@group-3D81F66BC438-SegmentedRaftLog:OPENED:c10,f11,i11, conf=11: [s0:0.0.0.0:42154, s1:0.0.0.0:36158, s2:0.0.0.0:36910], old=null RUNNING
  s2:  RUNNING CANDIDATE s2@group-3D81F66BC438:t170, leader=null, voted=s2, raftlog=s2@group-3D81F66BC438-SegmentedRaftLog:OPENED:c10,f10,i10, conf=9: [s0:0.0.0.0:42154, s1:0.0.0.0:36158, s2:0.0.0.0:36910], old=null RUNNING, sleep 450ms and then retry.
java.lang.IllegalStateException: No leader yet : printing ALL groups
  s0:  RUNNING CANDIDATE s0@group-3D81F66BC438:t169, leader=null, voted=s0, raftlog=s0@group-3D81F66BC438-SegmentedRaftLog:OPENED:c11,f12,i12, conf=11: [s0:0.0.0.0:42154, s1:0.0.0.0:36158, s2:0.0.0.0:36910], old=null RUNNING
  s1:  RUNNING CANDIDATE s1@group-3D81F66BC438:t169, leader=null, voted=s1, raftlog=s1@group-3D81F66BC438-SegmentedRaftLog:OPENED:c10,f11,i11, conf=11: [s0:0.0.0.0:42154, s1:0.0.0.0:36158, s2:0.0.0.0:36910], old=null RUNNING
  s2:  RUNNING CANDIDATE s2@group-3D81F66BC438:t170, leader=null, voted=s2, raftlog=s2@group-3D81F66BC438-SegmentedRaftLog:OPENED:c10,f10,i10, conf=9: [s0:0.0.0.0:42154, s1:0.0.0.0:36158, s2:0.0.0.0:36910], old=null RUNNING
	at org.apache.ratis.MiniRaftCluster.newIllegalStateExceptionForNoLeaders(MiniRaftCluster.java:506)
	at org.apache.ratis.RaftTestUtil.lambda$waitForLeader$1(RaftTestUtil.java:90)
	at org.apache.ratis.MiniRaftCluster.getLeader(MiniRaftCluster.java:539)
	at org.apache.ratis.MiniRaftCluster.getLeader(MiniRaftCluster.java:532)
	at org.apache.ratis.RaftTestUtil.lambda$waitForLeader$3(RaftTestUtil.java:98)
	at org.apache.ratis.util.JavaUtils.attempt(JavaUtils.java:152)
	at org.apache.ratis.RaftTestUtil.waitForLeader(RaftTestUtil.java:97)
	at org.apache.ratis.RaftTestUtil.waitForLeader(RaftTestUtil.java:77)
	at org.apache.ratis.RaftTestUtil.waitForLeader(RaftTestUtil.java:72)
	at org.apache.ratis.RaftTestUtil.lambda$changeLeader$7(RaftTestUtil.java:363)
	at org.apache.ratis.util.JavaUtils.attempt(JavaUtils.java:152)
	at org.apache.ratis.RaftTestUtil.changeLeader(RaftTestUtil.java:362)
	at org.apache.ratis.server.impl.LeaderElectionTests.testChangeLeader(LeaderElectionTests.java:81)
	at sun.reflect.NativeMethodAccessorImpl.invoke0(Native Method)
	at sun.reflect.NativeMethodAccessorImpl.invoke(NativeMethodAccessorImpl.java:62)
	at sun.reflect.DelegatingMethodAccessorImpl.invoke(DelegatingMethodAccessorImpl.java:43)
	at java.lang.reflect.Method.invoke(Method.java:498)
	at org.junit.runners.model.FrameworkMethod$1.runReflectiveCall(FrameworkMethod.java:50)
	at org.junit.internal.runners.model.ReflectiveCallable.run(ReflectiveCallable.java:12)
	at org.junit.runners.model.FrameworkMethod.invokeExplosively(FrameworkMethod.java:47)
	at org.junit.internal.runners.statements.InvokeMethod.evaluate(InvokeMethod.java:17)
	at org.junit.internal.runners.statements.RunAfters.evaluate(RunAfters.java:27)
	at org.junit.internal.runners.statements.FailOnTimeout$CallableStatement.call(FailOnTimeout.java:298)
	at org.junit.internal.runners.statements.FailOnTimeout$CallableStatement.call(FailOnTimeout.java:292)
	at java.util.concurrent.FutureTask.run(FutureTask.java:266)
	at java.lang.Thread.run(Thread.java:748)
2019-09-24 12:00:08,010 INFO  impl.LeaderElection (LeaderElection.java:askForVotes(178)) - s2@group-3D81F66BC438-LeaderElection92: begin an election at term 170 for 9: [s0:0.0.0.0:42154, s1:0.0.0.0:36158, s2:0.0.0.0:36910], old=null
2019-09-24 12:00:08,011 DEBUG impl.RaftServerImpl (RaftServerImpl.java:requestVote(743)) - s0@group-3D81F66BC438: receive requestVote(s2, group-3D81F66BC438, 170, (t:13, i:10))
2019-09-24 12:00:08,011 INFO  impl.RaftServerImpl (RaftServerImpl.java:setRole(170)) - s0@group-3D81F66BC438: changes role from CANDIDATE to FOLLOWER at term 170 for recognizeCandidate:s2
2019-09-24 12:00:08,011 INFO  impl.RoleInfo (RoleInfo.java:shutdownLeaderElection(134)) - s0: shutdown LeaderElection
2019-09-24 12:00:08,011 INFO  impl.RoleInfo (RoleInfo.java:updateAndGet(143)) - s0: start FollowerState
2019-09-24 12:00:08,024 DEBUG impl.RaftServerImpl (RaftServerImpl.java:requestVote(775)) - s0@group-3D81F66BC438 replies to vote request: s2<-s0#0:FAIL-t170. Peer's state: s0@group-3D81F66BC438:t170, leader=null, voted=null, raftlog=s0@group-3D81F66BC438-SegmentedRaftLog:OPENED:c11,f12,i12, conf=11: [s0:0.0.0.0:42154, s1:0.0.0.0:36158, s2:0.0.0.0:36910], old=null
2019-09-24 12:00:08,053 INFO  impl.LeaderElection (LeaderElection.java:logAndReturn(56)) - s0@group-3D81F66BC438-LeaderElection94: Election REJECTED; received 0 response(s) [] and 0 exception(s); s0@group-3D81F66BC438:t170, leader=null, voted=null, raftlog=s0@group-3D81F66BC438-SegmentedRaftLog:OPENED:c11,f12,i12, conf=11: [s0:0.0.0.0:42154, s1:0.0.0.0:36158, s2:0.0.0.0:36910], old=null
2019-09-24 12:00:08,115 INFO  impl.LeaderElection (LeaderElection.java:logAndReturn(56)) - s1@group-3D81F66BC438-LeaderElection91: Election TIMEOUT; received 1 response(s) [s1<-s0#0:FAIL-t169] and 0 exception(s); s1@group-3D81F66BC438:t169, leader=null, voted=s1, raftlog=s1@group-3D81F66BC438-SegmentedRaftLog:OPENED:c10,f11,i11, conf=11: [s0:0.0.0.0:42154, s1:0.0.0.0:36158, s2:0.0.0.0:36910], old=null
2019-09-24 12:00:08,128 INFO  impl.LeaderElection (LeaderElection.java:askForVotes(178)) - s1@group-3D81F66BC438-LeaderElection91: begin an election at term 170 for 11: [s0:0.0.0.0:42154, s1:0.0.0.0:36158, s2:0.0.0.0:36910], old=null
2019-09-24 12:00:08,129 DEBUG impl.RaftServerImpl (RaftServerImpl.java:requestVote(743)) - s0@group-3D81F66BC438: receive requestVote(s1, group-3D81F66BC438, 170, (t:14, i:11))
2019-09-24 12:00:08,129 INFO  impl.RaftServerImpl (RaftServerImpl.java:setRole(170)) - s0@group-3D81F66BC438: changes role from  FOLLOWER to FOLLOWER at term 170 for recognizeCandidate:s1
2019-09-24 12:00:08,129 INFO  impl.RoleInfo (RoleInfo.java:shutdownFollowerState(121)) - s0: shutdown FollowerState
2019-09-24 12:00:08,130 INFO  impl.RoleInfo (RoleInfo.java:updateAndGet(143)) - s0: start FollowerState
2019-09-24 12:00:08,130 INFO  impl.FollowerState (FollowerState.java:run(117)) - s0@group-3D81F66BC438-FollowerState was interrupted: java.lang.InterruptedException: sleep interrupted
2019-09-24 12:00:08,130 DEBUG impl.RaftServerImpl (RaftServerImpl.java:requestVote(775)) - s0@group-3D81F66BC438 replies to vote request: s1<-s0#0:FAIL-t170. Peer's state: s0@group-3D81F66BC438:t170, leader=null, voted=null, raftlog=s0@group-3D81F66BC438-SegmentedRaftLog:OPENED:c11,f12,i12, conf=11: [s0:0.0.0.0:42154, s1:0.0.0.0:36158, s2:0.0.0.0:36910], old=null
2019-09-24 12:00:08,309 INFO  impl.LeaderElection (LeaderElection.java:logAndReturn(56)) - s2@group-3D81F66BC438-LeaderElection92: Election TIMEOUT; received 1 response(s) [s2<-s0#0:FAIL-t170] and 0 exception(s); s2@group-3D81F66BC438:t170, leader=null, voted=s2, raftlog=s2@group-3D81F66BC438-SegmentedRaftLog:OPENED:c10,f10,i10, conf=9: [s0:0.0.0.0:42154, s1:0.0.0.0:36158, s2:0.0.0.0:36910], old=null
2019-09-24 12:00:08,324 INFO  impl.LeaderElection (LeaderElection.java:askForVotes(178)) - s2@group-3D81F66BC438-LeaderElection92: begin an election at term 171 for 9: [s0:0.0.0.0:42154, s1:0.0.0.0:36158, s2:0.0.0.0:36910], old=null
2019-09-24 12:00:08,325 DEBUG impl.RaftServerImpl (RaftServerImpl.java:requestVote(743)) - s0@group-3D81F66BC438: receive requestVote(s2, group-3D81F66BC438, 171, (t:13, i:10))
2019-09-24 12:00:08,325 INFO  impl.RaftServerImpl (RaftServerImpl.java:setRole(170)) - s0@group-3D81F66BC438: changes role from  FOLLOWER to FOLLOWER at term 171 for recognizeCandidate:s2
2019-09-24 12:00:08,325 INFO  impl.RoleInfo (RoleInfo.java:shutdownFollowerState(121)) - s0: shutdown FollowerState
2019-09-24 12:00:08,325 INFO  impl.RoleInfo (RoleInfo.java:updateAndGet(143)) - s0: start FollowerState
2019-09-24 12:00:08,326 INFO  impl.FollowerState (FollowerState.java:run(117)) - s0@group-3D81F66BC438-FollowerState was interrupted: java.lang.InterruptedException: sleep interrupted
2019-09-24 12:00:08,339 DEBUG impl.RaftServerImpl (RaftServerImpl.java:requestVote(775)) - s0@group-3D81F66BC438 replies to vote request: s2<-s0#0:FAIL-t171. Peer's state: s0@group-3D81F66BC438:t171, leader=null, voted=null, raftlog=s0@group-3D81F66BC438-SegmentedRaftLog:OPENED:c11,f12,i12, conf=11: [s0:0.0.0.0:42154, s1:0.0.0.0:36158, s2:0.0.0.0:36910], old=null
2019-09-24 12:00:08,402 INFO  impl.LeaderElection (LeaderElection.java:logAndReturn(56)) - s1@group-3D81F66BC438-LeaderElection91: Election TIMEOUT; received 1 response(s) [s1<-s0#0:FAIL-t170] and 0 exception(s); s1@group-3D81F66BC438:t170, leader=null, voted=s1, raftlog=s1@group-3D81F66BC438-SegmentedRaftLog:OPENED:c10,f11,i11, conf=11: [s0:0.0.0.0:42154, s1:0.0.0.0:36158, s2:0.0.0.0:36910], old=null
2019-09-24 12:00:08,415 INFO  impl.LeaderElection (LeaderElection.java:askForVotes(178)) - s1@group-3D81F66BC438-LeaderElection91: begin an election at term 171 for 11: [s0:0.0.0.0:42154, s1:0.0.0.0:36158, s2:0.0.0.0:36910], old=null
2019-09-24 12:00:08,415 DEBUG impl.RaftServerImpl (RaftServerImpl.java:requestVote(743)) - s0@group-3D81F66BC438: receive requestVote(s1, group-3D81F66BC438, 171, (t:14, i:11))
2019-09-24 12:00:08,415 INFO  impl.RaftServerImpl (RaftServerImpl.java:setRole(170)) - s0@group-3D81F66BC438: changes role from  FOLLOWER to FOLLOWER at term 171 for recognizeCandidate:s1
2019-09-24 12:00:08,415 INFO  impl.RoleInfo (RoleInfo.java:shutdownFollowerState(121)) - s0: shutdown FollowerState
2019-09-24 12:00:08,416 INFO  impl.RoleInfo (RoleInfo.java:updateAndGet(143)) - s0: start FollowerState
2019-09-24 12:00:08,416 INFO  impl.FollowerState (FollowerState.java:run(117)) - s0@group-3D81F66BC438-FollowerState was interrupted: java.lang.InterruptedException: sleep interrupted
2019-09-24 12:00:08,416 DEBUG impl.RaftServerImpl (RaftServerImpl.java:requestVote(775)) - s0@group-3D81F66BC438 replies to vote request: s1<-s0#0:FAIL-t171. Peer's state: s0@group-3D81F66BC438:t171, leader=null, voted=null, raftlog=s0@group-3D81F66BC438-SegmentedRaftLog:OPENED:c11,f12,i12, conf=11: [s0:0.0.0.0:42154, s1:0.0.0.0:36158, s2:0.0.0.0:36910], old=null
2019-09-24 12:00:08,457 WARN  ratis.RaftTestUtil (JavaUtils.java:attempt(158)) - FAILED "waitForLeader-null-(expectLeader? true)", attempt #82/100: java.lang.IllegalStateException: No leader yet : printing ALL groups
  s0:  RUNNING  FOLLOWER s0@group-3D81F66BC438:t171, leader=null, voted=null, raftlog=s0@group-3D81F66BC438-SegmentedRaftLog:OPENED:c11,f12,i12, conf=11: [s0:0.0.0.0:42154, s1:0.0.0.0:36158, s2:0.0.0.0:36910], old=null RUNNING
  s1:  RUNNING CANDIDATE s1@group-3D81F66BC438:t171, leader=null, voted=s1, raftlog=s1@group-3D81F66BC438-SegmentedRaftLog:OPENED:c10,f11,i11, conf=11: [s0:0.0.0.0:42154, s1:0.0.0.0:36158, s2:0.0.0.0:36910], old=null RUNNING
  s2:  RUNNING CANDIDATE s2@group-3D81F66BC438:t171, leader=null, voted=s2, raftlog=s2@group-3D81F66BC438-SegmentedRaftLog:OPENED:c10,f10,i10, conf=9: [s0:0.0.0.0:42154, s1:0.0.0.0:36158, s2:0.0.0.0:36910], old=null RUNNING, sleep 450ms and then retry.
java.lang.IllegalStateException: No leader yet : printing ALL groups
  s0:  RUNNING  FOLLOWER s0@group-3D81F66BC438:t171, leader=null, voted=null, raftlog=s0@group-3D81F66BC438-SegmentedRaftLog:OPENED:c11,f12,i12, conf=11: [s0:0.0.0.0:42154, s1:0.0.0.0:36158, s2:0.0.0.0:36910], old=null RUNNING
  s1:  RUNNING CANDIDATE s1@group-3D81F66BC438:t171, leader=null, voted=s1, raftlog=s1@group-3D81F66BC438-SegmentedRaftLog:OPENED:c10,f11,i11, conf=11: [s0:0.0.0.0:42154, s1:0.0.0.0:36158, s2:0.0.0.0:36910], old=null RUNNING
  s2:  RUNNING CANDIDATE s2@group-3D81F66BC438:t171, leader=null, voted=s2, raftlog=s2@group-3D81F66BC438-SegmentedRaftLog:OPENED:c10,f10,i10, conf=9: [s0:0.0.0.0:42154, s1:0.0.0.0:36158, s2:0.0.0.0:36910], old=null RUNNING
	at org.apache.ratis.MiniRaftCluster.newIllegalStateExceptionForNoLeaders(MiniRaftCluster.java:506)
	at org.apache.ratis.RaftTestUtil.lambda$waitForLeader$1(RaftTestUtil.java:90)
	at org.apache.ratis.MiniRaftCluster.getLeader(MiniRaftCluster.java:539)
	at org.apache.ratis.MiniRaftCluster.getLeader(MiniRaftCluster.java:532)
	at org.apache.ratis.RaftTestUtil.lambda$waitForLeader$3(RaftTestUtil.java:98)
	at org.apache.ratis.util.JavaUtils.attempt(JavaUtils.java:152)
	at org.apache.ratis.RaftTestUtil.waitForLeader(RaftTestUtil.java:97)
	at org.apache.ratis.RaftTestUtil.waitForLeader(RaftTestUtil.java:77)
	at org.apache.ratis.RaftTestUtil.waitForLeader(RaftTestUtil.java:72)
	at org.apache.ratis.RaftTestUtil.lambda$changeLeader$7(RaftTestUtil.java:363)
	at org.apache.ratis.util.JavaUtils.attempt(JavaUtils.java:152)
	at org.apache.ratis.RaftTestUtil.changeLeader(RaftTestUtil.java:362)
	at org.apache.ratis.server.impl.LeaderElectionTests.testChangeLeader(LeaderElectionTests.java:81)
	at sun.reflect.NativeMethodAccessorImpl.invoke0(Native Method)
	at sun.reflect.NativeMethodAccessorImpl.invoke(NativeMethodAccessorImpl.java:62)
	at sun.reflect.DelegatingMethodAccessorImpl.invoke(DelegatingMethodAccessorImpl.java:43)
	at java.lang.reflect.Method.invoke(Method.java:498)
	at org.junit.runners.model.FrameworkMethod$1.runReflectiveCall(FrameworkMethod.java:50)
	at org.junit.internal.runners.model.ReflectiveCallable.run(ReflectiveCallable.java:12)
	at org.junit.runners.model.FrameworkMethod.invokeExplosively(FrameworkMethod.java:47)
	at org.junit.internal.runners.statements.InvokeMethod.evaluate(InvokeMethod.java:17)
	at org.junit.internal.runners.statements.RunAfters.evaluate(RunAfters.java:27)
	at org.junit.internal.runners.statements.FailOnTimeout$CallableStatement.call(FailOnTimeout.java:298)
	at org.junit.internal.runners.statements.FailOnTimeout$CallableStatement.call(FailOnTimeout.java:292)
	at java.util.concurrent.FutureTask.run(FutureTask.java:266)
	at java.lang.Thread.run(Thread.java:748)
2019-09-24 12:00:08,586 INFO  impl.FollowerState (FollowerState.java:run(108)) - s0@group-3D81F66BC438-FollowerState: change to CANDIDATE, lastRpcTime:170ms, electionTimeout:170ms
2019-09-24 12:00:08,586 INFO  impl.RoleInfo (RoleInfo.java:shutdownFollowerState(121)) - s0: shutdown FollowerState
2019-09-24 12:00:08,587 INFO  impl.RaftServerImpl (RaftServerImpl.java:setRole(170)) - s0@group-3D81F66BC438: changes role from  FOLLOWER to CANDIDATE at term 171 for changeToCandidate
2019-09-24 12:00:08,587 INFO  impl.RoleInfo (RoleInfo.java:updateAndGet(143)) - s0: start LeaderElection
2019-09-24 12:00:08,590 INFO  impl.LeaderElection (LeaderElection.java:logAndReturn(56)) - s2@group-3D81F66BC438-LeaderElection92: Election TIMEOUT; received 1 response(s) [s2<-s0#0:FAIL-t171] and 0 exception(s); s2@group-3D81F66BC438:t171, leader=null, voted=s2, raftlog=s2@group-3D81F66BC438-SegmentedRaftLog:OPENED:c10,f10,i10, conf=9: [s0:0.0.0.0:42154, s1:0.0.0.0:36158, s2:0.0.0.0:36910], old=null
2019-09-24 12:00:08,601 INFO  impl.LeaderElection (LeaderElection.java:askForVotes(178)) - s0@group-3D81F66BC438-LeaderElection95: begin an election at term 172 for 11: [s0:0.0.0.0:42154, s1:0.0.0.0:36158, s2:0.0.0.0:36910], old=null
2019-09-24 12:00:08,601 INFO  impl.LeaderElection (LeaderElection.java:askForVotes(178)) - s2@group-3D81F66BC438-LeaderElection92: begin an election at term 172 for 9: [s0:0.0.0.0:42154, s1:0.0.0.0:36158, s2:0.0.0.0:36910], old=null
2019-09-24 12:00:08,602 DEBUG impl.RaftServerImpl (RaftServerImpl.java:requestVote(743)) - s0@group-3D81F66BC438: receive requestVote(s2, group-3D81F66BC438, 172, (t:13, i:10))
2019-09-24 12:00:08,602 DEBUG impl.RaftServerImpl (RaftServerImpl.java:requestVote(775)) - s0@group-3D81F66BC438 replies to vote request: s2<-s0#0:FAIL-t172. Peer's state: s0@group-3D81F66BC438:t172, leader=null, voted=s0, raftlog=s0@group-3D81F66BC438-SegmentedRaftLog:OPENED:c11,f12,i12, conf=11: [s0:0.0.0.0:42154, s1:0.0.0.0:36158, s2:0.0.0.0:36910], old=null
2019-09-24 12:00:08,689 INFO  impl.LeaderElection (LeaderElection.java:logAndReturn(56)) - s1@group-3D81F66BC438-LeaderElection91: Election TIMEOUT; received 1 response(s) [s1<-s0#0:FAIL-t171] and 0 exception(s); s1@group-3D81F66BC438:t171, leader=null, voted=s1, raftlog=s1@group-3D81F66BC438-SegmentedRaftLog:OPENED:c10,f11,i11, conf=11: [s0:0.0.0.0:42154, s1:0.0.0.0:36158, s2:0.0.0.0:36910], old=null
2019-09-24 12:00:08,703 INFO  impl.LeaderElection (LeaderElection.java:askForVotes(178)) - s1@group-3D81F66BC438-LeaderElection91: begin an election at term 172 for 11: [s0:0.0.0.0:42154, s1:0.0.0.0:36158, s2:0.0.0.0:36910], old=null
2019-09-24 12:00:08,704 DEBUG impl.RaftServerImpl (RaftServerImpl.java:requestVote(743)) - s0@group-3D81F66BC438: receive requestVote(s1, group-3D81F66BC438, 172, (t:14, i:11))
2019-09-24 12:00:08,704 DEBUG impl.RaftServerImpl (RaftServerImpl.java:requestVote(775)) - s0@group-3D81F66BC438 replies to vote request: s1<-s0#0:FAIL-t172. Peer's state: s0@group-3D81F66BC438:t172, leader=null, voted=s0, raftlog=s0@group-3D81F66BC438-SegmentedRaftLog:OPENED:c11,f12,i12, conf=11: [s0:0.0.0.0:42154, s1:0.0.0.0:36158, s2:0.0.0.0:36910], old=null
2019-09-24 12:00:08,781 INFO  impl.LeaderElection (LeaderElection.java:logAndReturn(56)) - s2@group-3D81F66BC438-LeaderElection92: Election TIMEOUT; received 1 response(s) [s2<-s0#0:FAIL-t172] and 0 exception(s); s2@group-3D81F66BC438:t172, leader=null, voted=s2, raftlog=s2@group-3D81F66BC438-SegmentedRaftLog:OPENED:c10,f10,i10, conf=9: [s0:0.0.0.0:42154, s1:0.0.0.0:36158, s2:0.0.0.0:36910], old=null
2019-09-24 12:00:08,794 INFO  impl.LeaderElection (LeaderElection.java:askForVotes(178)) - s2@group-3D81F66BC438-LeaderElection92: begin an election at term 173 for 9: [s0:0.0.0.0:42154, s1:0.0.0.0:36158, s2:0.0.0.0:36910], old=null
2019-09-24 12:00:08,794 DEBUG impl.RaftServerImpl (RaftServerImpl.java:requestVote(743)) - s0@group-3D81F66BC438: receive requestVote(s2, group-3D81F66BC438, 173, (t:13, i:10))
2019-09-24 12:00:08,794 INFO  impl.RaftServerImpl (RaftServerImpl.java:setRole(170)) - s0@group-3D81F66BC438: changes role from CANDIDATE to FOLLOWER at term 173 for recognizeCandidate:s2
2019-09-24 12:00:08,795 INFO  impl.RoleInfo (RoleInfo.java:shutdownLeaderElection(134)) - s0: shutdown LeaderElection
2019-09-24 12:00:08,795 INFO  impl.RoleInfo (RoleInfo.java:updateAndGet(143)) - s0: start FollowerState
2019-09-24 12:00:08,797 INFO  impl.LeaderElection (LeaderElection.java:logAndReturn(56)) - s0@group-3D81F66BC438-LeaderElection95: Election REJECTED; received 0 response(s) [] and 0 exception(s); s0@group-3D81F66BC438:t173, leader=null, voted=null, raftlog=s0@group-3D81F66BC438-SegmentedRaftLog:OPENED:c11,f12,i12, conf=11: [s0:0.0.0.0:42154, s1:0.0.0.0:36158, s2:0.0.0.0:36910], old=null
2019-09-24 12:00:08,822 DEBUG impl.RaftServerImpl (RaftServerImpl.java:requestVote(775)) - s0@group-3D81F66BC438 replies to vote request: s2<-s0#0:FAIL-t173. Peer's state: s0@group-3D81F66BC438:t173, leader=null, voted=null, raftlog=s0@group-3D81F66BC438-SegmentedRaftLog:OPENED:c11,f12,i12, conf=11: [s0:0.0.0.0:42154, s1:0.0.0.0:36158, s2:0.0.0.0:36910], old=null
2019-09-24 12:00:08,908 WARN  ratis.RaftTestUtil (JavaUtils.java:attempt(158)) - FAILED "waitForLeader-null-(expectLeader? true)", attempt #83/100: java.lang.IllegalStateException: No leader yet : printing ALL groups
  s0:  RUNNING  FOLLOWER s0@group-3D81F66BC438:t173, leader=null, voted=null, raftlog=s0@group-3D81F66BC438-SegmentedRaftLog:OPENED:c11,f12,i12, conf=11: [s0:0.0.0.0:42154, s1:0.0.0.0:36158, s2:0.0.0.0:36910], old=null RUNNING
  s1:  RUNNING CANDIDATE s1@group-3D81F66BC438:t172, leader=null, voted=s1, raftlog=s1@group-3D81F66BC438-SegmentedRaftLog:OPENED:c10,f11,i11, conf=11: [s0:0.0.0.0:42154, s1:0.0.0.0:36158, s2:0.0.0.0:36910], old=null RUNNING
  s2:  RUNNING CANDIDATE s2@group-3D81F66BC438:t173, leader=null, voted=s2, raftlog=s2@group-3D81F66BC438-SegmentedRaftLog:OPENED:c10,f10,i10, conf=9: [s0:0.0.0.0:42154, s1:0.0.0.0:36158, s2:0.0.0.0:36910], old=null RUNNING, sleep 450ms and then retry.
java.lang.IllegalStateException: No leader yet : printing ALL groups
  s0:  RUNNING  FOLLOWER s0@group-3D81F66BC438:t173, leader=null, voted=null, raftlog=s0@group-3D81F66BC438-SegmentedRaftLog:OPENED:c11,f12,i12, conf=11: [s0:0.0.0.0:42154, s1:0.0.0.0:36158, s2:0.0.0.0:36910], old=null RUNNING
  s1:  RUNNING CANDIDATE s1@group-3D81F66BC438:t172, leader=null, voted=s1, raftlog=s1@group-3D81F66BC438-SegmentedRaftLog:OPENED:c10,f11,i11, conf=11: [s0:0.0.0.0:42154, s1:0.0.0.0:36158, s2:0.0.0.0:36910], old=null RUNNING
  s2:  RUNNING CANDIDATE s2@group-3D81F66BC438:t173, leader=null, voted=s2, raftlog=s2@group-3D81F66BC438-SegmentedRaftLog:OPENED:c10,f10,i10, conf=9: [s0:0.0.0.0:42154, s1:0.0.0.0:36158, s2:0.0.0.0:36910], old=null RUNNING
	at org.apache.ratis.MiniRaftCluster.newIllegalStateExceptionForNoLeaders(MiniRaftCluster.java:506)
	at org.apache.ratis.RaftTestUtil.lambda$waitForLeader$1(RaftTestUtil.java:90)
	at org.apache.ratis.MiniRaftCluster.getLeader(MiniRaftCluster.java:539)
	at org.apache.ratis.MiniRaftCluster.getLeader(MiniRaftCluster.java:532)
	at org.apache.ratis.RaftTestUtil.lambda$waitForLeader$3(RaftTestUtil.java:98)
	at org.apache.ratis.util.JavaUtils.attempt(JavaUtils.java:152)
	at org.apache.ratis.RaftTestUtil.waitForLeader(RaftTestUtil.java:97)
	at org.apache.ratis.RaftTestUtil.waitForLeader(RaftTestUtil.java:77)
	at org.apache.ratis.RaftTestUtil.waitForLeader(RaftTestUtil.java:72)
	at org.apache.ratis.RaftTestUtil.lambda$changeLeader$7(RaftTestUtil.java:363)
	at org.apache.ratis.util.JavaUtils.attempt(JavaUtils.java:152)
	at org.apache.ratis.RaftTestUtil.changeLeader(RaftTestUtil.java:362)
	at org.apache.ratis.server.impl.LeaderElectionTests.testChangeLeader(LeaderElectionTests.java:81)
	at sun.reflect.NativeMethodAccessorImpl.invoke0(Native Method)
	at sun.reflect.NativeMethodAccessorImpl.invoke(NativeMethodAccessorImpl.java:62)
	at sun.reflect.DelegatingMethodAccessorImpl.invoke(DelegatingMethodAccessorImpl.java:43)
	at java.lang.reflect.Method.invoke(Method.java:498)
	at org.junit.runners.model.FrameworkMethod$1.runReflectiveCall(FrameworkMethod.java:50)
	at org.junit.internal.runners.model.ReflectiveCallable.run(ReflectiveCallable.java:12)
	at org.junit.runners.model.FrameworkMethod.invokeExplosively(FrameworkMethod.java:47)
	at org.junit.internal.runners.statements.InvokeMethod.evaluate(InvokeMethod.java:17)
	at org.junit.internal.runners.statements.RunAfters.evaluate(RunAfters.java:27)
	at org.junit.internal.runners.statements.FailOnTimeout$CallableStatement.call(FailOnTimeout.java:298)
	at org.junit.internal.runners.statements.FailOnTimeout$CallableStatement.call(FailOnTimeout.java:292)
	at java.util.concurrent.FutureTask.run(FutureTask.java:266)
	at java.lang.Thread.run(Thread.java:748)
2019-09-24 12:00:08,947 INFO  impl.LeaderElection (LeaderElection.java:logAndReturn(56)) - s1@group-3D81F66BC438-LeaderElection91: Election TIMEOUT; received 1 response(s) [s1<-s0#0:FAIL-t172] and 0 exception(s); s1@group-3D81F66BC438:t172, leader=null, voted=s1, raftlog=s1@group-3D81F66BC438-SegmentedRaftLog:OPENED:c10,f11,i11, conf=11: [s0:0.0.0.0:42154, s1:0.0.0.0:36158, s2:0.0.0.0:36910], old=null
2019-09-24 12:00:08,973 INFO  impl.LeaderElection (LeaderElection.java:askForVotes(178)) - s1@group-3D81F66BC438-LeaderElection91: begin an election at term 173 for 11: [s0:0.0.0.0:42154, s1:0.0.0.0:36158, s2:0.0.0.0:36910], old=null
2019-09-24 12:00:08,973 DEBUG impl.RaftServerImpl (RaftServerImpl.java:requestVote(743)) - s0@group-3D81F66BC438: receive requestVote(s1, group-3D81F66BC438, 173, (t:14, i:11))
2019-09-24 12:00:08,974 INFO  impl.RaftServerImpl (RaftServerImpl.java:setRole(170)) - s0@group-3D81F66BC438: changes role from  FOLLOWER to FOLLOWER at term 173 for recognizeCandidate:s1
2019-09-24 12:00:08,974 INFO  impl.RoleInfo (RoleInfo.java:shutdownFollowerState(121)) - s0: shutdown FollowerState
2019-09-24 12:00:08,974 INFO  impl.RoleInfo (RoleInfo.java:updateAndGet(143)) - s0: start FollowerState
2019-09-24 12:00:08,974 INFO  impl.FollowerState (FollowerState.java:run(117)) - s0@group-3D81F66BC438-FollowerState was interrupted: java.lang.InterruptedException: sleep interrupted
2019-09-24 12:00:08,974 DEBUG impl.RaftServerImpl (RaftServerImpl.java:requestVote(775)) - s0@group-3D81F66BC438 replies to vote request: s1<-s0#0:FAIL-t173. Peer's state: s0@group-3D81F66BC438:t173, leader=null, voted=null, raftlog=s0@group-3D81F66BC438-SegmentedRaftLog:OPENED:c11,f12,i12, conf=11: [s0:0.0.0.0:42154, s1:0.0.0.0:36158, s2:0.0.0.0:36910], old=null
2019-09-24 12:00:09,072 INFO  impl.LeaderElection (LeaderElection.java:logAndReturn(56)) - s2@group-3D81F66BC438-LeaderElection92: Election TIMEOUT; received 1 response(s) [s2<-s0#0:FAIL-t173] and 0 exception(s); s2@group-3D81F66BC438:t173, leader=null, voted=s2, raftlog=s2@group-3D81F66BC438-SegmentedRaftLog:OPENED:c10,f10,i10, conf=9: [s0:0.0.0.0:42154, s1:0.0.0.0:36158, s2:0.0.0.0:36910], old=null
2019-09-24 12:00:09,086 INFO  impl.LeaderElection (LeaderElection.java:askForVotes(178)) - s2@group-3D81F66BC438-LeaderElection92: begin an election at term 174 for 9: [s0:0.0.0.0:42154, s1:0.0.0.0:36158, s2:0.0.0.0:36910], old=null
2019-09-24 12:00:09,086 DEBUG impl.RaftServerImpl (RaftServerImpl.java:requestVote(743)) - s0@group-3D81F66BC438: receive requestVote(s2, group-3D81F66BC438, 174, (t:13, i:10))
2019-09-24 12:00:09,087 INFO  impl.RaftServerImpl (RaftServerImpl.java:setRole(170)) - s0@group-3D81F66BC438: changes role from  FOLLOWER to FOLLOWER at term 174 for recognizeCandidate:s2
2019-09-24 12:00:09,087 INFO  impl.RoleInfo (RoleInfo.java:shutdownFollowerState(121)) - s0: shutdown FollowerState
2019-09-24 12:00:09,087 INFO  impl.RoleInfo (RoleInfo.java:updateAndGet(143)) - s0: start FollowerState
2019-09-24 12:00:09,087 INFO  impl.FollowerState (FollowerState.java:run(117)) - s0@group-3D81F66BC438-FollowerState was interrupted: java.lang.InterruptedException: sleep interrupted
2019-09-24 12:00:09,112 DEBUG impl.RaftServerImpl (RaftServerImpl.java:requestVote(775)) - s0@group-3D81F66BC438 replies to vote request: s2<-s0#0:FAIL-t174. Peer's state: s0@group-3D81F66BC438:t174, leader=null, voted=null, raftlog=s0@group-3D81F66BC438-SegmentedRaftLog:OPENED:c11,f12,i12, conf=11: [s0:0.0.0.0:42154, s1:0.0.0.0:36158, s2:0.0.0.0:36910], old=null
2019-09-24 12:00:09,144 INFO  impl.LeaderElection (LeaderElection.java:logAndReturn(56)) - s1@group-3D81F66BC438-LeaderElection91: Election TIMEOUT; received 1 response(s) [s1<-s0#0:FAIL-t173] and 0 exception(s); s1@group-3D81F66BC438:t173, leader=null, voted=s1, raftlog=s1@group-3D81F66BC438-SegmentedRaftLog:OPENED:c10,f11,i11, conf=11: [s0:0.0.0.0:42154, s1:0.0.0.0:36158, s2:0.0.0.0:36910], old=null
2019-09-24 12:00:09,166 INFO  impl.LeaderElection (LeaderElection.java:askForVotes(178)) - s1@group-3D81F66BC438-LeaderElection91: begin an election at term 174 for 11: [s0:0.0.0.0:42154, s1:0.0.0.0:36158, s2:0.0.0.0:36910], old=null
2019-09-24 12:00:09,167 DEBUG impl.RaftServerImpl (RaftServerImpl.java:requestVote(743)) - s0@group-3D81F66BC438: receive requestVote(s1, group-3D81F66BC438, 174, (t:14, i:11))
2019-09-24 12:00:09,167 INFO  impl.RaftServerImpl (RaftServerImpl.java:setRole(170)) - s0@group-3D81F66BC438: changes role from  FOLLOWER to FOLLOWER at term 174 for recognizeCandidate:s1
2019-09-24 12:00:09,167 INFO  impl.RoleInfo (RoleInfo.java:shutdownFollowerState(121)) - s0: shutdown FollowerState
2019-09-24 12:00:09,167 INFO  impl.RoleInfo (RoleInfo.java:updateAndGet(143)) - s0: start FollowerState
2019-09-24 12:00:09,167 INFO  impl.FollowerState (FollowerState.java:run(117)) - s0@group-3D81F66BC438-FollowerState was interrupted: java.lang.InterruptedException: sleep interrupted
2019-09-24 12:00:09,167 DEBUG impl.RaftServerImpl (RaftServerImpl.java:requestVote(775)) - s0@group-3D81F66BC438 replies to vote request: s1<-s0#0:FAIL-t174. Peer's state: s0@group-3D81F66BC438:t174, leader=null, voted=null, raftlog=s0@group-3D81F66BC438-SegmentedRaftLog:OPENED:c11,f12,i12, conf=11: [s0:0.0.0.0:42154, s1:0.0.0.0:36158, s2:0.0.0.0:36910], old=null
2019-09-24 12:00:09,345 INFO  impl.FollowerState (FollowerState.java:run(108)) - s0@group-3D81F66BC438-FollowerState: change to CANDIDATE, lastRpcTime:177ms, electionTimeout:177ms
2019-09-24 12:00:09,345 INFO  impl.RoleInfo (RoleInfo.java:shutdownFollowerState(121)) - s0: shutdown FollowerState
2019-09-24 12:00:09,345 INFO  impl.RaftServerImpl (RaftServerImpl.java:setRole(170)) - s0@group-3D81F66BC438: changes role from  FOLLOWER to CANDIDATE at term 174 for changeToCandidate
2019-09-24 12:00:09,345 INFO  impl.RoleInfo (RoleInfo.java:updateAndGet(143)) - s0: start LeaderElection
2019-09-24 12:00:09,359 WARN  ratis.RaftTestUtil (JavaUtils.java:attempt(158)) - FAILED "waitForLeader-null-(expectLeader? true)", attempt #84/100: java.lang.IllegalStateException: No leader yet : printing ALL groups
  s0:  RUNNING CANDIDATE s0@group-3D81F66BC438:t175, leader=null, voted=s0, raftlog=s0@group-3D81F66BC438-SegmentedRaftLog:OPENED:c11,f12,i12, conf=11: [s0:0.0.0.0:42154, s1:0.0.0.0:36158, s2:0.0.0.0:36910], old=null RUNNING
  s1:  RUNNING CANDIDATE s1@group-3D81F66BC438:t174, leader=null, voted=s1, raftlog=s1@group-3D81F66BC438-SegmentedRaftLog:OPENED:c10,f11,i11, conf=11: [s0:0.0.0.0:42154, s1:0.0.0.0:36158, s2:0.0.0.0:36910], old=null RUNNING
  s2:  RUNNING CANDIDATE s2@group-3D81F66BC438:t174, leader=null, voted=s2, raftlog=s2@group-3D81F66BC438-SegmentedRaftLog:OPENED:c10,f10,i10, conf=9: [s0:0.0.0.0:42154, s1:0.0.0.0:36158, s2:0.0.0.0:36910], old=null RUNNING, sleep 450ms and then retry.
java.lang.IllegalStateException: No leader yet : printing ALL groups
  s0:  RUNNING CANDIDATE s0@group-3D81F66BC438:t175, leader=null, voted=s0, raftlog=s0@group-3D81F66BC438-SegmentedRaftLog:OPENED:c11,f12,i12, conf=11: [s0:0.0.0.0:42154, s1:0.0.0.0:36158, s2:0.0.0.0:36910], old=null RUNNING
  s1:  RUNNING CANDIDATE s1@group-3D81F66BC438:t174, leader=null, voted=s1, raftlog=s1@group-3D81F66BC438-SegmentedRaftLog:OPENED:c10,f11,i11, conf=11: [s0:0.0.0.0:42154, s1:0.0.0.0:36158, s2:0.0.0.0:36910], old=null RUNNING
  s2:  RUNNING CANDIDATE s2@group-3D81F66BC438:t174, leader=null, voted=s2, raftlog=s2@group-3D81F66BC438-SegmentedRaftLog:OPENED:c10,f10,i10, conf=9: [s0:0.0.0.0:42154, s1:0.0.0.0:36158, s2:0.0.0.0:36910], old=null RUNNING
	at org.apache.ratis.MiniRaftCluster.newIllegalStateExceptionForNoLeaders(MiniRaftCluster.java:506)
	at org.apache.ratis.RaftTestUtil.lambda$waitForLeader$1(RaftTestUtil.java:90)
	at org.apache.ratis.MiniRaftCluster.getLeader(MiniRaftCluster.java:539)
	at org.apache.ratis.MiniRaftCluster.getLeader(MiniRaftCluster.java:532)
	at org.apache.ratis.RaftTestUtil.lambda$waitForLeader$3(RaftTestUtil.java:98)
	at org.apache.ratis.util.JavaUtils.attempt(JavaUtils.java:152)
	at org.apache.ratis.RaftTestUtil.waitForLeader(RaftTestUtil.java:97)
	at org.apache.ratis.RaftTestUtil.waitForLeader(RaftTestUtil.java:77)
	at org.apache.ratis.RaftTestUtil.waitForLeader(RaftTestUtil.java:72)
	at org.apache.ratis.RaftTestUtil.lambda$changeLeader$7(RaftTestUtil.java:363)
	at org.apache.ratis.util.JavaUtils.attempt(JavaUtils.java:152)
	at org.apache.ratis.RaftTestUtil.changeLeader(RaftTestUtil.java:362)
	at org.apache.ratis.server.impl.LeaderElectionTests.testChangeLeader(LeaderElectionTests.java:81)
	at sun.reflect.NativeMethodAccessorImpl.invoke0(Native Method)
	at sun.reflect.NativeMethodAccessorImpl.invoke(NativeMethodAccessorImpl.java:62)
	at sun.reflect.DelegatingMethodAccessorImpl.invoke(DelegatingMethodAccessorImpl.java:43)
	at java.lang.reflect.Method.invoke(Method.java:498)
	at org.junit.runners.model.FrameworkMethod$1.runReflectiveCall(FrameworkMethod.java:50)
	at org.junit.internal.runners.model.ReflectiveCallable.run(ReflectiveCallable.java:12)
	at org.junit.runners.model.FrameworkMethod.invokeExplosively(FrameworkMethod.java:47)
	at org.junit.internal.runners.statements.InvokeMethod.evaluate(InvokeMethod.java:17)
	at org.junit.internal.runners.statements.RunAfters.evaluate(RunAfters.java:27)
	at org.junit.internal.runners.statements.FailOnTimeout$CallableStatement.call(FailOnTimeout.java:298)
	at org.junit.internal.runners.statements.FailOnTimeout$CallableStatement.call(FailOnTimeout.java:292)
	at java.util.concurrent.FutureTask.run(FutureTask.java:266)
	at java.lang.Thread.run(Thread.java:748)
2019-09-24 12:00:09,365 INFO  impl.LeaderElection (LeaderElection.java:logAndReturn(56)) - s2@group-3D81F66BC438-LeaderElection92: Election TIMEOUT; received 1 response(s) [s2<-s0#0:FAIL-t174] and 0 exception(s); s2@group-3D81F66BC438:t174, leader=null, voted=s2, raftlog=s2@group-3D81F66BC438-SegmentedRaftLog:OPENED:c10,f10,i10, conf=9: [s0:0.0.0.0:42154, s1:0.0.0.0:36158, s2:0.0.0.0:36910], old=null
2019-09-24 12:00:09,378 INFO  impl.LeaderElection (LeaderElection.java:logAndReturn(56)) - s1@group-3D81F66BC438-LeaderElection91: Election TIMEOUT; received 1 response(s) [s1<-s0#0:FAIL-t174] and 0 exception(s); s1@group-3D81F66BC438:t174, leader=null, voted=s1, raftlog=s1@group-3D81F66BC438-SegmentedRaftLog:OPENED:c10,f11,i11, conf=11: [s0:0.0.0.0:42154, s1:0.0.0.0:36158, s2:0.0.0.0:36910], old=null
2019-09-24 12:00:09,378 INFO  impl.LeaderElection (LeaderElection.java:askForVotes(178)) - s0@group-3D81F66BC438-LeaderElection96: begin an election at term 175 for 11: [s0:0.0.0.0:42154, s1:0.0.0.0:36158, s2:0.0.0.0:36910], old=null
2019-09-24 12:00:09,393 INFO  impl.LeaderElection (LeaderElection.java:askForVotes(178)) - s1@group-3D81F66BC438-LeaderElection91: begin an election at term 175 for 11: [s0:0.0.0.0:42154, s1:0.0.0.0:36158, s2:0.0.0.0:36910], old=null
2019-09-24 12:00:09,393 INFO  impl.LeaderElection (LeaderElection.java:askForVotes(178)) - s2@group-3D81F66BC438-LeaderElection92: begin an election at term 175 for 9: [s0:0.0.0.0:42154, s1:0.0.0.0:36158, s2:0.0.0.0:36910], old=null
2019-09-24 12:00:09,393 DEBUG impl.RaftServerImpl (RaftServerImpl.java:requestVote(743)) - s0@group-3D81F66BC438: receive requestVote(s1, group-3D81F66BC438, 175, (t:14, i:11))
2019-09-24 12:00:09,393 DEBUG impl.RaftServerImpl (RaftServerImpl.java:requestVote(743)) - s0@group-3D81F66BC438: receive requestVote(s2, group-3D81F66BC438, 175, (t:13, i:10))
2019-09-24 12:00:09,393 DEBUG impl.RaftServerImpl (RaftServerImpl.java:requestVote(775)) - s0@group-3D81F66BC438 replies to vote request: s1<-s0#0:FAIL-t175. Peer's state: s0@group-3D81F66BC438:t175, leader=null, voted=s0, raftlog=s0@group-3D81F66BC438-SegmentedRaftLog:OPENED:c11,f12,i12, conf=11: [s0:0.0.0.0:42154, s1:0.0.0.0:36158, s2:0.0.0.0:36910], old=null
2019-09-24 12:00:09,394 DEBUG impl.RaftServerImpl (RaftServerImpl.java:requestVote(775)) - s0@group-3D81F66BC438 replies to vote request: s2<-s0#0:FAIL-t175. Peer's state: s0@group-3D81F66BC438:t175, leader=null, voted=s0, raftlog=s0@group-3D81F66BC438-SegmentedRaftLog:OPENED:c11,f12,i12, conf=11: [s0:0.0.0.0:42154, s1:0.0.0.0:36158, s2:0.0.0.0:36910], old=null
2019-09-24 12:00:09,571 INFO  impl.LeaderElection (LeaderElection.java:logAndReturn(56)) - s1@group-3D81F66BC438-LeaderElection91: Election TIMEOUT; received 1 response(s) [s1<-s0#0:FAIL-t175] and 0 exception(s); s1@group-3D81F66BC438:t175, leader=null, voted=s1, raftlog=s1@group-3D81F66BC438-SegmentedRaftLog:OPENED:c10,f11,i11, conf=11: [s0:0.0.0.0:42154, s1:0.0.0.0:36158, s2:0.0.0.0:36910], old=null
2019-09-24 12:00:09,589 INFO  impl.LeaderElection (LeaderElection.java:logAndReturn(56)) - s0@group-3D81F66BC438-LeaderElection96: Election TIMEOUT; received 0 response(s) [] and 0 exception(s); s0@group-3D81F66BC438:t175, leader=null, voted=s0, raftlog=s0@group-3D81F66BC438-SegmentedRaftLog:OPENED:c11,f12,i12, conf=11: [s0:0.0.0.0:42154, s1:0.0.0.0:36158, s2:0.0.0.0:36910], old=null
2019-09-24 12:00:09,597 INFO  impl.LeaderElection (LeaderElection.java:askForVotes(178)) - s1@group-3D81F66BC438-LeaderElection91: begin an election at term 176 for 11: [s0:0.0.0.0:42154, s1:0.0.0.0:36158, s2:0.0.0.0:36910], old=null
2019-09-24 12:00:09,597 DEBUG impl.RaftServerImpl (RaftServerImpl.java:requestVote(743)) - s0@group-3D81F66BC438: receive requestVote(s1, group-3D81F66BC438, 176, (t:14, i:11))
2019-09-24 12:00:09,599 INFO  impl.LeaderElection (LeaderElection.java:askForVotes(178)) - s0@group-3D81F66BC438-LeaderElection96: begin an election at term 176 for 11: [s0:0.0.0.0:42154, s1:0.0.0.0:36158, s2:0.0.0.0:36910], old=null
2019-09-24 12:00:09,599 DEBUG impl.RaftServerImpl (RaftServerImpl.java:requestVote(775)) - s0@group-3D81F66BC438 replies to vote request: s1<-s0#0:FAIL-t176. Peer's state: s0@group-3D81F66BC438:t176, leader=null, voted=s0, raftlog=s0@group-3D81F66BC438-SegmentedRaftLog:OPENED:c11,f12,i12, conf=11: [s0:0.0.0.0:42154, s1:0.0.0.0:36158, s2:0.0.0.0:36910], old=null
2019-09-24 12:00:09,640 INFO  impl.LeaderElection (LeaderElection.java:logAndReturn(56)) - s2@group-3D81F66BC438-LeaderElection92: Election TIMEOUT; received 1 response(s) [s2<-s0#0:FAIL-t175] and 0 exception(s); s2@group-3D81F66BC438:t175, leader=null, voted=s2, raftlog=s2@group-3D81F66BC438-SegmentedRaftLog:OPENED:c10,f10,i10, conf=9: [s0:0.0.0.0:42154, s1:0.0.0.0:36158, s2:0.0.0.0:36910], old=null
2019-09-24 12:00:09,653 INFO  impl.LeaderElection (LeaderElection.java:askForVotes(178)) - s2@group-3D81F66BC438-LeaderElection92: begin an election at term 176 for 9: [s0:0.0.0.0:42154, s1:0.0.0.0:36158, s2:0.0.0.0:36910], old=null
2019-09-24 12:00:09,653 DEBUG impl.RaftServerImpl (RaftServerImpl.java:requestVote(743)) - s0@group-3D81F66BC438: receive requestVote(s2, group-3D81F66BC438, 176, (t:13, i:10))
2019-09-24 12:00:09,654 DEBUG impl.RaftServerImpl (RaftServerImpl.java:requestVote(775)) - s0@group-3D81F66BC438 replies to vote request: s2<-s0#0:FAIL-t176. Peer's state: s0@group-3D81F66BC438:t176, leader=null, voted=s0, raftlog=s0@group-3D81F66BC438-SegmentedRaftLog:OPENED:c11,f12,i12, conf=11: [s0:0.0.0.0:42154, s1:0.0.0.0:36158, s2:0.0.0.0:36910], old=null
2019-09-24 12:00:09,787 INFO  impl.LeaderElection (LeaderElection.java:logAndReturn(56)) - s1@group-3D81F66BC438-LeaderElection91: Election TIMEOUT; received 1 response(s) [s1<-s0#0:FAIL-t176] and 0 exception(s); s1@group-3D81F66BC438:t176, leader=null, voted=s1, raftlog=s1@group-3D81F66BC438-SegmentedRaftLog:OPENED:c10,f11,i11, conf=11: [s0:0.0.0.0:42154, s1:0.0.0.0:36158, s2:0.0.0.0:36910], old=null
2019-09-24 12:00:09,810 WARN  ratis.RaftTestUtil (JavaUtils.java:attempt(158)) - FAILED "waitForLeader-null-(expectLeader? true)", attempt #85/100: java.lang.IllegalStateException: No leader yet : printing ALL groups
  s0:  RUNNING CANDIDATE s0@group-3D81F66BC438:t176, leader=null, voted=s0, raftlog=s0@group-3D81F66BC438-SegmentedRaftLog:OPENED:c11,f12,i12, conf=11: [s0:0.0.0.0:42154, s1:0.0.0.0:36158, s2:0.0.0.0:36910], old=null RUNNING
  s1:  RUNNING CANDIDATE s1@group-3D81F66BC438:t177, leader=null, voted=s1, raftlog=s1@group-3D81F66BC438-SegmentedRaftLog:OPENED:c10,f11,i11, conf=11: [s0:0.0.0.0:42154, s1:0.0.0.0:36158, s2:0.0.0.0:36910], old=null RUNNING
  s2:  RUNNING CANDIDATE s2@group-3D81F66BC438:t176, leader=null, voted=s2, raftlog=s2@group-3D81F66BC438-SegmentedRaftLog:OPENED:c10,f10,i10, conf=9: [s0:0.0.0.0:42154, s1:0.0.0.0:36158, s2:0.0.0.0:36910], old=null RUNNING, sleep 450ms and then retry.
java.lang.IllegalStateException: No leader yet : printing ALL groups
  s0:  RUNNING CANDIDATE s0@group-3D81F66BC438:t176, leader=null, voted=s0, raftlog=s0@group-3D81F66BC438-SegmentedRaftLog:OPENED:c11,f12,i12, conf=11: [s0:0.0.0.0:42154, s1:0.0.0.0:36158, s2:0.0.0.0:36910], old=null RUNNING
  s1:  RUNNING CANDIDATE s1@group-3D81F66BC438:t177, leader=null, voted=s1, raftlog=s1@group-3D81F66BC438-SegmentedRaftLog:OPENED:c10,f11,i11, conf=11: [s0:0.0.0.0:42154, s1:0.0.0.0:36158, s2:0.0.0.0:36910], old=null RUNNING
  s2:  RUNNING CANDIDATE s2@group-3D81F66BC438:t176, leader=null, voted=s2, raftlog=s2@group-3D81F66BC438-SegmentedRaftLog:OPENED:c10,f10,i10, conf=9: [s0:0.0.0.0:42154, s1:0.0.0.0:36158, s2:0.0.0.0:36910], old=null RUNNING
	at org.apache.ratis.MiniRaftCluster.newIllegalStateExceptionForNoLeaders(MiniRaftCluster.java:506)
	at org.apache.ratis.RaftTestUtil.lambda$waitForLeader$1(RaftTestUtil.java:90)
	at org.apache.ratis.MiniRaftCluster.getLeader(MiniRaftCluster.java:539)
	at org.apache.ratis.MiniRaftCluster.getLeader(MiniRaftCluster.java:532)
	at org.apache.ratis.RaftTestUtil.lambda$waitForLeader$3(RaftTestUtil.java:98)
	at org.apache.ratis.util.JavaUtils.attempt(JavaUtils.java:152)
	at org.apache.ratis.RaftTestUtil.waitForLeader(RaftTestUtil.java:97)
	at org.apache.ratis.RaftTestUtil.waitForLeader(RaftTestUtil.java:77)
	at org.apache.ratis.RaftTestUtil.waitForLeader(RaftTestUtil.java:72)
	at org.apache.ratis.RaftTestUtil.lambda$changeLeader$7(RaftTestUtil.java:363)
	at org.apache.ratis.util.JavaUtils.attempt(JavaUtils.java:152)
	at org.apache.ratis.RaftTestUtil.changeLeader(RaftTestUtil.java:362)
	at org.apache.ratis.server.impl.LeaderElectionTests.testChangeLeader(LeaderElectionTests.java:81)
	at sun.reflect.NativeMethodAccessorImpl.invoke0(Native Method)
	at sun.reflect.NativeMethodAccessorImpl.invoke(NativeMethodAccessorImpl.java:62)
	at sun.reflect.DelegatingMethodAccessorImpl.invoke(DelegatingMethodAccessorImpl.java:43)
	at java.lang.reflect.Method.invoke(Method.java:498)
	at org.junit.runners.model.FrameworkMethod$1.runReflectiveCall(FrameworkMethod.java:50)
	at org.junit.internal.runners.model.ReflectiveCallable.run(ReflectiveCallable.java:12)
	at org.junit.runners.model.FrameworkMethod.invokeExplosively(FrameworkMethod.java:47)
	at org.junit.internal.runners.statements.InvokeMethod.evaluate(InvokeMethod.java:17)
	at org.junit.internal.runners.statements.RunAfters.evaluate(RunAfters.java:27)
	at org.junit.internal.runners.statements.FailOnTimeout$CallableStatement.call(FailOnTimeout.java:298)
	at org.junit.internal.runners.statements.FailOnTimeout$CallableStatement.call(FailOnTimeout.java:292)
	at java.util.concurrent.FutureTask.run(FutureTask.java:266)
	at java.lang.Thread.run(Thread.java:748)
2019-09-24 12:00:09,812 INFO  impl.LeaderElection (LeaderElection.java:askForVotes(178)) - s1@group-3D81F66BC438-LeaderElection91: begin an election at term 177 for 11: [s0:0.0.0.0:42154, s1:0.0.0.0:36158, s2:0.0.0.0:36910], old=null
2019-09-24 12:00:09,813 DEBUG impl.RaftServerImpl (RaftServerImpl.java:requestVote(743)) - s0@group-3D81F66BC438: receive requestVote(s1, group-3D81F66BC438, 177, (t:14, i:11))
2019-09-24 12:00:09,813 INFO  impl.RaftServerImpl (RaftServerImpl.java:setRole(170)) - s0@group-3D81F66BC438: changes role from CANDIDATE to FOLLOWER at term 177 for recognizeCandidate:s1
2019-09-24 12:00:09,813 INFO  impl.RoleInfo (RoleInfo.java:shutdownLeaderElection(134)) - s0: shutdown LeaderElection
2019-09-24 12:00:09,814 INFO  impl.RoleInfo (RoleInfo.java:updateAndGet(143)) - s0: start FollowerState
2019-09-24 12:00:09,826 DEBUG impl.RaftServerImpl (RaftServerImpl.java:requestVote(775)) - s0@group-3D81F66BC438 replies to vote request: s1<-s0#0:FAIL-t177. Peer's state: s0@group-3D81F66BC438:t177, leader=null, voted=null, raftlog=s0@group-3D81F66BC438-SegmentedRaftLog:OPENED:c11,f12,i12, conf=11: [s0:0.0.0.0:42154, s1:0.0.0.0:36158, s2:0.0.0.0:36910], old=null
2019-09-24 12:00:09,877 INFO  impl.LeaderElection (LeaderElection.java:logAndReturn(56)) - s0@group-3D81F66BC438-LeaderElection96: Election REJECTED; received 0 response(s) [] and 0 exception(s); s0@group-3D81F66BC438:t177, leader=null, voted=null, raftlog=s0@group-3D81F66BC438-SegmentedRaftLog:OPENED:c11,f12,i12, conf=11: [s0:0.0.0.0:42154, s1:0.0.0.0:36158, s2:0.0.0.0:36910], old=null
2019-09-24 12:00:09,883 INFO  impl.LeaderElection (LeaderElection.java:logAndReturn(56)) - s2@group-3D81F66BC438-LeaderElection92: Election TIMEOUT; received 1 response(s) [s2<-s0#0:FAIL-t176] and 0 exception(s); s2@group-3D81F66BC438:t176, leader=null, voted=s2, raftlog=s2@group-3D81F66BC438-SegmentedRaftLog:OPENED:c10,f10,i10, conf=9: [s0:0.0.0.0:42154, s1:0.0.0.0:36158, s2:0.0.0.0:36910], old=null
2019-09-24 12:00:09,896 INFO  impl.LeaderElection (LeaderElection.java:askForVotes(178)) - s2@group-3D81F66BC438-LeaderElection92: begin an election at term 177 for 9: [s0:0.0.0.0:42154, s1:0.0.0.0:36158, s2:0.0.0.0:36910], old=null
2019-09-24 12:00:09,896 DEBUG impl.RaftServerImpl (RaftServerImpl.java:requestVote(743)) - s0@group-3D81F66BC438: receive requestVote(s2, group-3D81F66BC438, 177, (t:13, i:10))
2019-09-24 12:00:09,896 INFO  impl.RaftServerImpl (RaftServerImpl.java:setRole(170)) - s0@group-3D81F66BC438: changes role from  FOLLOWER to FOLLOWER at term 177 for recognizeCandidate:s2
2019-09-24 12:00:09,897 INFO  impl.RoleInfo (RoleInfo.java:shutdownFollowerState(121)) - s0: shutdown FollowerState
2019-09-24 12:00:09,897 INFO  impl.RoleInfo (RoleInfo.java:updateAndGet(143)) - s0: start FollowerState
2019-09-24 12:00:09,897 INFO  impl.FollowerState (FollowerState.java:run(117)) - s0@group-3D81F66BC438-FollowerState was interrupted: java.lang.InterruptedException: sleep interrupted
2019-09-24 12:00:09,897 DEBUG impl.RaftServerImpl (RaftServerImpl.java:requestVote(775)) - s0@group-3D81F66BC438 replies to vote request: s2<-s0#0:FAIL-t177. Peer's state: s0@group-3D81F66BC438:t177, leader=null, voted=null, raftlog=s0@group-3D81F66BC438-SegmentedRaftLog:OPENED:c11,f12,i12, conf=11: [s0:0.0.0.0:42154, s1:0.0.0.0:36158, s2:0.0.0.0:36910], old=null
2019-09-24 12:00:10,052 INFO  impl.LeaderElection (LeaderElection.java:logAndReturn(56)) - s2@group-3D81F66BC438-LeaderElection92: Election TIMEOUT; received 1 response(s) [s2<-s0#0:FAIL-t177] and 0 exception(s); s2@group-3D81F66BC438:t177, leader=null, voted=s2, raftlog=s2@group-3D81F66BC438-SegmentedRaftLog:OPENED:c10,f10,i10, conf=9: [s0:0.0.0.0:42154, s1:0.0.0.0:36158, s2:0.0.0.0:36910], old=null
2019-09-24 12:00:10,054 INFO  impl.LeaderElection (LeaderElection.java:logAndReturn(56)) - s1@group-3D81F66BC438-LeaderElection91: Election TIMEOUT; received 1 response(s) [s1<-s0#0:FAIL-t177] and 0 exception(s); s1@group-3D81F66BC438:t177, leader=null, voted=s1, raftlog=s1@group-3D81F66BC438-SegmentedRaftLog:OPENED:c10,f11,i11, conf=11: [s0:0.0.0.0:42154, s1:0.0.0.0:36158, s2:0.0.0.0:36910], old=null
2019-09-24 12:00:10,078 INFO  impl.LeaderElection (LeaderElection.java:askForVotes(178)) - s1@group-3D81F66BC438-LeaderElection91: begin an election at term 178 for 11: [s0:0.0.0.0:42154, s1:0.0.0.0:36158, s2:0.0.0.0:36910], old=null
2019-09-24 12:00:10,078 INFO  impl.LeaderElection (LeaderElection.java:askForVotes(178)) - s2@group-3D81F66BC438-LeaderElection92: begin an election at term 178 for 9: [s0:0.0.0.0:42154, s1:0.0.0.0:36158, s2:0.0.0.0:36910], old=null
2019-09-24 12:00:10,078 DEBUG impl.RaftServerImpl (RaftServerImpl.java:requestVote(743)) - s0@group-3D81F66BC438: receive requestVote(s1, group-3D81F66BC438, 178, (t:14, i:11))
2019-09-24 12:00:10,079 DEBUG impl.RaftServerImpl (RaftServerImpl.java:requestVote(743)) - s0@group-3D81F66BC438: receive requestVote(s2, group-3D81F66BC438, 178, (t:13, i:10))
2019-09-24 12:00:10,079 INFO  impl.RaftServerImpl (RaftServerImpl.java:setRole(170)) - s0@group-3D81F66BC438: changes role from  FOLLOWER to FOLLOWER at term 178 for recognizeCandidate:s1
2019-09-24 12:00:10,079 INFO  impl.RoleInfo (RoleInfo.java:shutdownFollowerState(121)) - s0: shutdown FollowerState
2019-09-24 12:00:10,079 INFO  impl.RoleInfo (RoleInfo.java:updateAndGet(143)) - s0: start FollowerState
2019-09-24 12:00:10,079 INFO  impl.FollowerState (FollowerState.java:run(117)) - s0@group-3D81F66BC438-FollowerState was interrupted: java.lang.InterruptedException: sleep interrupted
2019-09-24 12:00:10,092 DEBUG impl.RaftServerImpl (RaftServerImpl.java:requestVote(775)) - s0@group-3D81F66BC438 replies to vote request: s1<-s0#0:FAIL-t178. Peer's state: s0@group-3D81F66BC438:t178, leader=null, voted=null, raftlog=s0@group-3D81F66BC438-SegmentedRaftLog:OPENED:c11,f12,i12, conf=11: [s0:0.0.0.0:42154, s1:0.0.0.0:36158, s2:0.0.0.0:36910], old=null
2019-09-24 12:00:10,093 INFO  impl.RaftServerImpl (RaftServerImpl.java:setRole(170)) - s0@group-3D81F66BC438: changes role from  FOLLOWER to FOLLOWER at term 178 for recognizeCandidate:s2
2019-09-24 12:00:10,093 INFO  impl.RoleInfo (RoleInfo.java:shutdownFollowerState(121)) - s0: shutdown FollowerState
2019-09-24 12:00:10,093 INFO  impl.RoleInfo (RoleInfo.java:updateAndGet(143)) - s0: start FollowerState
2019-09-24 12:00:10,093 INFO  impl.FollowerState (FollowerState.java:run(117)) - s0@group-3D81F66BC438-FollowerState was interrupted: java.lang.InterruptedException: sleep interrupted
2019-09-24 12:00:10,093 DEBUG impl.RaftServerImpl (RaftServerImpl.java:requestVote(775)) - s0@group-3D81F66BC438 replies to vote request: s2<-s0#0:FAIL-t178. Peer's state: s0@group-3D81F66BC438:t178, leader=null, voted=null, raftlog=s0@group-3D81F66BC438-SegmentedRaftLog:OPENED:c11,f12,i12, conf=11: [s0:0.0.0.0:42154, s1:0.0.0.0:36158, s2:0.0.0.0:36910], old=null
2019-09-24 12:00:10,261 WARN  ratis.RaftTestUtil (JavaUtils.java:attempt(158)) - FAILED "waitForLeader-null-(expectLeader? true)", attempt #86/100: java.lang.IllegalStateException: No leader yet : printing ALL groups
  s0:  RUNNING  FOLLOWER s0@group-3D81F66BC438:t178, leader=null, voted=null, raftlog=s0@group-3D81F66BC438-SegmentedRaftLog:OPENED:c11,f12,i12, conf=11: [s0:0.0.0.0:42154, s1:0.0.0.0:36158, s2:0.0.0.0:36910], old=null RUNNING
  s1:  RUNNING CANDIDATE s1@group-3D81F66BC438:t178, leader=null, voted=s1, raftlog=s1@group-3D81F66BC438-SegmentedRaftLog:OPENED:c10,f11,i11, conf=11: [s0:0.0.0.0:42154, s1:0.0.0.0:36158, s2:0.0.0.0:36910], old=null RUNNING
  s2:  RUNNING CANDIDATE s2@group-3D81F66BC438:t178, leader=null, voted=s2, raftlog=s2@group-3D81F66BC438-SegmentedRaftLog:OPENED:c10,f10,i10, conf=9: [s0:0.0.0.0:42154, s1:0.0.0.0:36158, s2:0.0.0.0:36910], old=null RUNNING, sleep 450ms and then retry.
java.lang.IllegalStateException: No leader yet : printing ALL groups
  s0:  RUNNING  FOLLOWER s0@group-3D81F66BC438:t178, leader=null, voted=null, raftlog=s0@group-3D81F66BC438-SegmentedRaftLog:OPENED:c11,f12,i12, conf=11: [s0:0.0.0.0:42154, s1:0.0.0.0:36158, s2:0.0.0.0:36910], old=null RUNNING
  s1:  RUNNING CANDIDATE s1@group-3D81F66BC438:t178, leader=null, voted=s1, raftlog=s1@group-3D81F66BC438-SegmentedRaftLog:OPENED:c10,f11,i11, conf=11: [s0:0.0.0.0:42154, s1:0.0.0.0:36158, s2:0.0.0.0:36910], old=null RUNNING
  s2:  RUNNING CANDIDATE s2@group-3D81F66BC438:t178, leader=null, voted=s2, raftlog=s2@group-3D81F66BC438-SegmentedRaftLog:OPENED:c10,f10,i10, conf=9: [s0:0.0.0.0:42154, s1:0.0.0.0:36158, s2:0.0.0.0:36910], old=null RUNNING
	at org.apache.ratis.MiniRaftCluster.newIllegalStateExceptionForNoLeaders(MiniRaftCluster.java:506)
	at org.apache.ratis.RaftTestUtil.lambda$waitForLeader$1(RaftTestUtil.java:90)
	at org.apache.ratis.MiniRaftCluster.getLeader(MiniRaftCluster.java:539)
	at org.apache.ratis.MiniRaftCluster.getLeader(MiniRaftCluster.java:532)
	at org.apache.ratis.RaftTestUtil.lambda$waitForLeader$3(RaftTestUtil.java:98)
	at org.apache.ratis.util.JavaUtils.attempt(JavaUtils.java:152)
	at org.apache.ratis.RaftTestUtil.waitForLeader(RaftTestUtil.java:97)
	at org.apache.ratis.RaftTestUtil.waitForLeader(RaftTestUtil.java:77)
	at org.apache.ratis.RaftTestUtil.waitForLeader(RaftTestUtil.java:72)
	at org.apache.ratis.RaftTestUtil.lambda$changeLeader$7(RaftTestUtil.java:363)
	at org.apache.ratis.util.JavaUtils.attempt(JavaUtils.java:152)
	at org.apache.ratis.RaftTestUtil.changeLeader(RaftTestUtil.java:362)
	at org.apache.ratis.server.impl.LeaderElectionTests.testChangeLeader(LeaderElectionTests.java:81)
	at sun.reflect.NativeMethodAccessorImpl.invoke0(Native Method)
	at sun.reflect.NativeMethodAccessorImpl.invoke(NativeMethodAccessorImpl.java:62)
	at sun.reflect.DelegatingMethodAccessorImpl.invoke(DelegatingMethodAccessorImpl.java:43)
	at java.lang.reflect.Method.invoke(Method.java:498)
	at org.junit.runners.model.FrameworkMethod$1.runReflectiveCall(FrameworkMethod.java:50)
	at org.junit.internal.runners.model.ReflectiveCallable.run(ReflectiveCallable.java:12)
	at org.junit.runners.model.FrameworkMethod.invokeExplosively(FrameworkMethod.java:47)
	at org.junit.internal.runners.statements.InvokeMethod.evaluate(InvokeMethod.java:17)
	at org.junit.internal.runners.statements.RunAfters.evaluate(RunAfters.java:27)
	at org.junit.internal.runners.statements.FailOnTimeout$CallableStatement.call(FailOnTimeout.java:298)
	at org.junit.internal.runners.statements.FailOnTimeout$CallableStatement.call(FailOnTimeout.java:292)
	at java.util.concurrent.FutureTask.run(FutureTask.java:266)
	at java.lang.Thread.run(Thread.java:748)
2019-09-24 12:00:10,294 INFO  impl.LeaderElection (LeaderElection.java:logAndReturn(56)) - s1@group-3D81F66BC438-LeaderElection91: Election TIMEOUT; received 1 response(s) [s1<-s0#0:FAIL-t178] and 0 exception(s); s1@group-3D81F66BC438:t178, leader=null, voted=s1, raftlog=s1@group-3D81F66BC438-SegmentedRaftLog:OPENED:c10,f11,i11, conf=11: [s0:0.0.0.0:42154, s1:0.0.0.0:36158, s2:0.0.0.0:36910], old=null
2019-09-24 12:00:10,319 INFO  impl.LeaderElection (LeaderElection.java:askForVotes(178)) - s1@group-3D81F66BC438-LeaderElection91: begin an election at term 179 for 11: [s0:0.0.0.0:42154, s1:0.0.0.0:36158, s2:0.0.0.0:36910], old=null
2019-09-24 12:00:10,319 DEBUG impl.RaftServerImpl (RaftServerImpl.java:requestVote(743)) - s0@group-3D81F66BC438: receive requestVote(s1, group-3D81F66BC438, 179, (t:14, i:11))
2019-09-24 12:00:10,320 INFO  impl.RaftServerImpl (RaftServerImpl.java:setRole(170)) - s0@group-3D81F66BC438: changes role from  FOLLOWER to FOLLOWER at term 179 for recognizeCandidate:s1
2019-09-24 12:00:10,320 INFO  impl.RoleInfo (RoleInfo.java:shutdownFollowerState(121)) - s0: shutdown FollowerState
2019-09-24 12:00:10,320 INFO  impl.RoleInfo (RoleInfo.java:updateAndGet(143)) - s0: start FollowerState
2019-09-24 12:00:10,320 INFO  impl.FollowerState (FollowerState.java:run(117)) - s0@group-3D81F66BC438-FollowerState was interrupted: java.lang.InterruptedException: sleep interrupted
2019-09-24 12:00:10,345 DEBUG impl.RaftServerImpl (RaftServerImpl.java:requestVote(775)) - s0@group-3D81F66BC438 replies to vote request: s1<-s0#0:FAIL-t179. Peer's state: s0@group-3D81F66BC438:t179, leader=null, voted=null, raftlog=s0@group-3D81F66BC438-SegmentedRaftLog:OPENED:c11,f12,i12, conf=11: [s0:0.0.0.0:42154, s1:0.0.0.0:36158, s2:0.0.0.0:36910], old=null
2019-09-24 12:00:10,352 INFO  impl.LeaderElection (LeaderElection.java:logAndReturn(56)) - s2@group-3D81F66BC438-LeaderElection92: Election TIMEOUT; received 1 response(s) [s2<-s0#0:FAIL-t178] and 0 exception(s); s2@group-3D81F66BC438:t178, leader=null, voted=s2, raftlog=s2@group-3D81F66BC438-SegmentedRaftLog:OPENED:c10,f10,i10, conf=9: [s0:0.0.0.0:42154, s1:0.0.0.0:36158, s2:0.0.0.0:36910], old=null
2019-09-24 12:00:10,364 INFO  impl.LeaderElection (LeaderElection.java:askForVotes(178)) - s2@group-3D81F66BC438-LeaderElection92: begin an election at term 179 for 9: [s0:0.0.0.0:42154, s1:0.0.0.0:36158, s2:0.0.0.0:36910], old=null
2019-09-24 12:00:10,365 DEBUG impl.RaftServerImpl (RaftServerImpl.java:requestVote(743)) - s0@group-3D81F66BC438: receive requestVote(s2, group-3D81F66BC438, 179, (t:13, i:10))
2019-09-24 12:00:10,365 INFO  impl.RaftServerImpl (RaftServerImpl.java:setRole(170)) - s0@group-3D81F66BC438: changes role from  FOLLOWER to FOLLOWER at term 179 for recognizeCandidate:s2
2019-09-24 12:00:10,365 INFO  impl.RoleInfo (RoleInfo.java:shutdownFollowerState(121)) - s0: shutdown FollowerState
2019-09-24 12:00:10,366 INFO  impl.RoleInfo (RoleInfo.java:updateAndGet(143)) - s0: start FollowerState
2019-09-24 12:00:10,366 INFO  impl.FollowerState (FollowerState.java:run(117)) - s0@group-3D81F66BC438-FollowerState was interrupted: java.lang.InterruptedException: sleep interrupted
2019-09-24 12:00:10,366 DEBUG impl.RaftServerImpl (RaftServerImpl.java:requestVote(775)) - s0@group-3D81F66BC438 replies to vote request: s2<-s0#0:FAIL-t179. Peer's state: s0@group-3D81F66BC438:t179, leader=null, voted=null, raftlog=s0@group-3D81F66BC438-SegmentedRaftLog:OPENED:c11,f12,i12, conf=11: [s0:0.0.0.0:42154, s1:0.0.0.0:36158, s2:0.0.0.0:36910], old=null
2019-09-24 12:00:10,516 INFO  impl.LeaderElection (LeaderElection.java:logAndReturn(56)) - s1@group-3D81F66BC438-LeaderElection91: Election TIMEOUT; received 1 response(s) [s1<-s0#0:FAIL-t179] and 0 exception(s); s1@group-3D81F66BC438:t179, leader=null, voted=s1, raftlog=s1@group-3D81F66BC438-SegmentedRaftLog:OPENED:c10,f11,i11, conf=11: [s0:0.0.0.0:42154, s1:0.0.0.0:36158, s2:0.0.0.0:36910], old=null
2019-09-24 12:00:10,530 INFO  impl.LeaderElection (LeaderElection.java:askForVotes(178)) - s1@group-3D81F66BC438-LeaderElection91: begin an election at term 180 for 11: [s0:0.0.0.0:42154, s1:0.0.0.0:36158, s2:0.0.0.0:36910], old=null
2019-09-24 12:00:10,530 DEBUG impl.RaftServerImpl (RaftServerImpl.java:requestVote(743)) - s0@group-3D81F66BC438: receive requestVote(s1, group-3D81F66BC438, 180, (t:14, i:11))
2019-09-24 12:00:10,530 INFO  impl.RaftServerImpl (RaftServerImpl.java:setRole(170)) - s0@group-3D81F66BC438: changes role from  FOLLOWER to FOLLOWER at term 180 for recognizeCandidate:s1
2019-09-24 12:00:10,530 INFO  impl.RoleInfo (RoleInfo.java:shutdownFollowerState(121)) - s0: shutdown FollowerState
2019-09-24 12:00:10,531 INFO  impl.RoleInfo (RoleInfo.java:updateAndGet(143)) - s0: start FollowerState
2019-09-24 12:00:10,531 INFO  impl.FollowerState (FollowerState.java:run(117)) - s0@group-3D81F66BC438-FollowerState was interrupted: java.lang.InterruptedException: sleep interrupted
2019-09-24 12:00:10,545 DEBUG impl.RaftServerImpl (RaftServerImpl.java:requestVote(775)) - s0@group-3D81F66BC438 replies to vote request: s1<-s0#0:FAIL-t180. Peer's state: s0@group-3D81F66BC438:t180, leader=null, voted=null, raftlog=s0@group-3D81F66BC438-SegmentedRaftLog:OPENED:c11,f12,i12, conf=11: [s0:0.0.0.0:42154, s1:0.0.0.0:36158, s2:0.0.0.0:36910], old=null
2019-09-24 12:00:10,664 INFO  impl.LeaderElection (LeaderElection.java:logAndReturn(56)) - s2@group-3D81F66BC438-LeaderElection92: Election TIMEOUT; received 1 response(s) [s2<-s0#0:FAIL-t179] and 0 exception(s); s2@group-3D81F66BC438:t179, leader=null, voted=s2, raftlog=s2@group-3D81F66BC438-SegmentedRaftLog:OPENED:c10,f10,i10, conf=9: [s0:0.0.0.0:42154, s1:0.0.0.0:36158, s2:0.0.0.0:36910], old=null
2019-09-24 12:00:10,678 INFO  impl.LeaderElection (LeaderElection.java:askForVotes(178)) - s2@group-3D81F66BC438-LeaderElection92: begin an election at term 180 for 9: [s0:0.0.0.0:42154, s1:0.0.0.0:36158, s2:0.0.0.0:36910], old=null
2019-09-24 12:00:10,678 DEBUG impl.RaftServerImpl (RaftServerImpl.java:requestVote(743)) - s0@group-3D81F66BC438: receive requestVote(s2, group-3D81F66BC438, 180, (t:13, i:10))
2019-09-24 12:00:10,678 INFO  impl.RaftServerImpl (RaftServerImpl.java:setRole(170)) - s0@group-3D81F66BC438: changes role from  FOLLOWER to FOLLOWER at term 180 for recognizeCandidate:s2
2019-09-24 12:00:10,679 INFO  impl.RoleInfo (RoleInfo.java:shutdownFollowerState(121)) - s0: shutdown FollowerState
2019-09-24 12:00:10,679 INFO  impl.RoleInfo (RoleInfo.java:updateAndGet(143)) - s0: start FollowerState
2019-09-24 12:00:10,679 INFO  impl.FollowerState (FollowerState.java:run(117)) - s0@group-3D81F66BC438-FollowerState was interrupted: java.lang.InterruptedException: sleep interrupted
2019-09-24 12:00:10,679 DEBUG impl.RaftServerImpl (RaftServerImpl.java:requestVote(775)) - s0@group-3D81F66BC438 replies to vote request: s2<-s0#0:FAIL-t180. Peer's state: s0@group-3D81F66BC438:t180, leader=null, voted=null, raftlog=s0@group-3D81F66BC438-SegmentedRaftLog:OPENED:c11,f12,i12, conf=11: [s0:0.0.0.0:42154, s1:0.0.0.0:36158, s2:0.0.0.0:36910], old=null
2019-09-24 12:00:10,712 WARN  ratis.RaftTestUtil (JavaUtils.java:attempt(158)) - FAILED "waitForLeader-null-(expectLeader? true)", attempt #87/100: java.lang.IllegalStateException: No leader yet : printing ALL groups
  s0:  RUNNING  FOLLOWER s0@group-3D81F66BC438:t180, leader=null, voted=null, raftlog=s0@group-3D81F66BC438-SegmentedRaftLog:OPENED:c11,f12,i12, conf=11: [s0:0.0.0.0:42154, s1:0.0.0.0:36158, s2:0.0.0.0:36910], old=null RUNNING
  s1:  RUNNING CANDIDATE s1@group-3D81F66BC438:t180, leader=null, voted=s1, raftlog=s1@group-3D81F66BC438-SegmentedRaftLog:OPENED:c10,f11,i11, conf=11: [s0:0.0.0.0:42154, s1:0.0.0.0:36158, s2:0.0.0.0:36910], old=null RUNNING
  s2:  RUNNING CANDIDATE s2@group-3D81F66BC438:t180, leader=null, voted=s2, raftlog=s2@group-3D81F66BC438-SegmentedRaftLog:OPENED:c10,f10,i10, conf=9: [s0:0.0.0.0:42154, s1:0.0.0.0:36158, s2:0.0.0.0:36910], old=null RUNNING, sleep 450ms and then retry.
java.lang.IllegalStateException: No leader yet : printing ALL groups
  s0:  RUNNING  FOLLOWER s0@group-3D81F66BC438:t180, leader=null, voted=null, raftlog=s0@group-3D81F66BC438-SegmentedRaftLog:OPENED:c11,f12,i12, conf=11: [s0:0.0.0.0:42154, s1:0.0.0.0:36158, s2:0.0.0.0:36910], old=null RUNNING
  s1:  RUNNING CANDIDATE s1@group-3D81F66BC438:t180, leader=null, voted=s1, raftlog=s1@group-3D81F66BC438-SegmentedRaftLog:OPENED:c10,f11,i11, conf=11: [s0:0.0.0.0:42154, s1:0.0.0.0:36158, s2:0.0.0.0:36910], old=null RUNNING
  s2:  RUNNING CANDIDATE s2@group-3D81F66BC438:t180, leader=null, voted=s2, raftlog=s2@group-3D81F66BC438-SegmentedRaftLog:OPENED:c10,f10,i10, conf=9: [s0:0.0.0.0:42154, s1:0.0.0.0:36158, s2:0.0.0.0:36910], old=null RUNNING
	at org.apache.ratis.MiniRaftCluster.newIllegalStateExceptionForNoLeaders(MiniRaftCluster.java:506)
	at org.apache.ratis.RaftTestUtil.lambda$waitForLeader$1(RaftTestUtil.java:90)
	at org.apache.ratis.MiniRaftCluster.getLeader(MiniRaftCluster.java:539)
	at org.apache.ratis.MiniRaftCluster.getLeader(MiniRaftCluster.java:532)
	at org.apache.ratis.RaftTestUtil.lambda$waitForLeader$3(RaftTestUtil.java:98)
	at org.apache.ratis.util.JavaUtils.attempt(JavaUtils.java:152)
	at org.apache.ratis.RaftTestUtil.waitForLeader(RaftTestUtil.java:97)
	at org.apache.ratis.RaftTestUtil.waitForLeader(RaftTestUtil.java:77)
	at org.apache.ratis.RaftTestUtil.waitForLeader(RaftTestUtil.java:72)
	at org.apache.ratis.RaftTestUtil.lambda$changeLeader$7(RaftTestUtil.java:363)
	at org.apache.ratis.util.JavaUtils.attempt(JavaUtils.java:152)
	at org.apache.ratis.RaftTestUtil.changeLeader(RaftTestUtil.java:362)
	at org.apache.ratis.server.impl.LeaderElectionTests.testChangeLeader(LeaderElectionTests.java:81)
	at sun.reflect.NativeMethodAccessorImpl.invoke0(Native Method)
	at sun.reflect.NativeMethodAccessorImpl.invoke(NativeMethodAccessorImpl.java:62)
	at sun.reflect.DelegatingMethodAccessorImpl.invoke(DelegatingMethodAccessorImpl.java:43)
	at java.lang.reflect.Method.invoke(Method.java:498)
	at org.junit.runners.model.FrameworkMethod$1.runReflectiveCall(FrameworkMethod.java:50)
	at org.junit.internal.runners.model.ReflectiveCallable.run(ReflectiveCallable.java:12)
	at org.junit.runners.model.FrameworkMethod.invokeExplosively(FrameworkMethod.java:47)
	at org.junit.internal.runners.statements.InvokeMethod.evaluate(InvokeMethod.java:17)
	at org.junit.internal.runners.statements.RunAfters.evaluate(RunAfters.java:27)
	at org.junit.internal.runners.statements.FailOnTimeout$CallableStatement.call(FailOnTimeout.java:298)
	at org.junit.internal.runners.statements.FailOnTimeout$CallableStatement.call(FailOnTimeout.java:292)
	at java.util.concurrent.FutureTask.run(FutureTask.java:266)
	at java.lang.Thread.run(Thread.java:748)
2019-09-24 12:00:10,777 INFO  impl.LeaderElection (LeaderElection.java:logAndReturn(56)) - s1@group-3D81F66BC438-LeaderElection91: Election TIMEOUT; received 1 response(s) [s1<-s0#0:FAIL-t180] and 0 exception(s); s1@group-3D81F66BC438:t180, leader=null, voted=s1, raftlog=s1@group-3D81F66BC438-SegmentedRaftLog:OPENED:c10,f11,i11, conf=11: [s0:0.0.0.0:42154, s1:0.0.0.0:36158, s2:0.0.0.0:36910], old=null
2019-09-24 12:00:10,790 INFO  impl.LeaderElection (LeaderElection.java:askForVotes(178)) - s1@group-3D81F66BC438-LeaderElection91: begin an election at term 181 for 11: [s0:0.0.0.0:42154, s1:0.0.0.0:36158, s2:0.0.0.0:36910], old=null
2019-09-24 12:00:10,791 DEBUG impl.RaftServerImpl (RaftServerImpl.java:requestVote(743)) - s0@group-3D81F66BC438: receive requestVote(s1, group-3D81F66BC438, 181, (t:14, i:11))
2019-09-24 12:00:10,791 INFO  impl.RaftServerImpl (RaftServerImpl.java:setRole(170)) - s0@group-3D81F66BC438: changes role from  FOLLOWER to FOLLOWER at term 181 for recognizeCandidate:s1
2019-09-24 12:00:10,791 INFO  impl.RoleInfo (RoleInfo.java:shutdownFollowerState(121)) - s0: shutdown FollowerState
2019-09-24 12:00:10,791 INFO  impl.RoleInfo (RoleInfo.java:updateAndGet(143)) - s0: start FollowerState
2019-09-24 12:00:10,791 INFO  impl.FollowerState (FollowerState.java:run(117)) - s0@group-3D81F66BC438-FollowerState was interrupted: java.lang.InterruptedException: sleep interrupted
2019-09-24 12:00:10,817 DEBUG impl.RaftServerImpl (RaftServerImpl.java:requestVote(775)) - s0@group-3D81F66BC438 replies to vote request: s1<-s0#0:FAIL-t181. Peer's state: s0@group-3D81F66BC438:t181, leader=null, voted=null, raftlog=s0@group-3D81F66BC438-SegmentedRaftLog:OPENED:c11,f12,i12, conf=11: [s0:0.0.0.0:42154, s1:0.0.0.0:36158, s2:0.0.0.0:36910], old=null
2019-09-24 12:00:10,837 INFO  impl.LeaderElection (LeaderElection.java:logAndReturn(56)) - s2@group-3D81F66BC438-LeaderElection92: Election TIMEOUT; received 1 response(s) [s2<-s0#0:FAIL-t180] and 0 exception(s); s2@group-3D81F66BC438:t180, leader=null, voted=s2, raftlog=s2@group-3D81F66BC438-SegmentedRaftLog:OPENED:c10,f10,i10, conf=9: [s0:0.0.0.0:42154, s1:0.0.0.0:36158, s2:0.0.0.0:36910], old=null
2019-09-24 12:00:10,852 INFO  impl.LeaderElection (LeaderElection.java:askForVotes(178)) - s2@group-3D81F66BC438-LeaderElection92: begin an election at term 181 for 9: [s0:0.0.0.0:42154, s1:0.0.0.0:36158, s2:0.0.0.0:36910], old=null
2019-09-24 12:00:10,853 DEBUG impl.RaftServerImpl (RaftServerImpl.java:requestVote(743)) - s0@group-3D81F66BC438: receive requestVote(s2, group-3D81F66BC438, 181, (t:13, i:10))
2019-09-24 12:00:10,853 INFO  impl.RaftServerImpl (RaftServerImpl.java:setRole(170)) - s0@group-3D81F66BC438: changes role from  FOLLOWER to FOLLOWER at term 181 for recognizeCandidate:s2
2019-09-24 12:00:10,853 INFO  impl.RoleInfo (RoleInfo.java:shutdownFollowerState(121)) - s0: shutdown FollowerState
2019-09-24 12:00:10,853 INFO  impl.RoleInfo (RoleInfo.java:updateAndGet(143)) - s0: start FollowerState
2019-09-24 12:00:10,853 INFO  impl.FollowerState (FollowerState.java:run(117)) - s0@group-3D81F66BC438-FollowerState was interrupted: java.lang.InterruptedException: sleep interrupted
2019-09-24 12:00:10,854 DEBUG impl.RaftServerImpl (RaftServerImpl.java:requestVote(775)) - s0@group-3D81F66BC438 replies to vote request: s2<-s0#0:FAIL-t181. Peer's state: s0@group-3D81F66BC438:t181, leader=null, voted=null, raftlog=s0@group-3D81F66BC438-SegmentedRaftLog:OPENED:c11,f12,i12, conf=11: [s0:0.0.0.0:42154, s1:0.0.0.0:36158, s2:0.0.0.0:36910], old=null
2019-09-24 12:00:10,961 INFO  impl.LeaderElection (LeaderElection.java:logAndReturn(56)) - s1@group-3D81F66BC438-LeaderElection91: Election TIMEOUT; received 1 response(s) [s1<-s0#0:FAIL-t181] and 0 exception(s); s1@group-3D81F66BC438:t181, leader=null, voted=s1, raftlog=s1@group-3D81F66BC438-SegmentedRaftLog:OPENED:c10,f11,i11, conf=11: [s0:0.0.0.0:42154, s1:0.0.0.0:36158, s2:0.0.0.0:36910], old=null
2019-09-24 12:00:10,974 INFO  impl.LeaderElection (LeaderElection.java:askForVotes(178)) - s1@group-3D81F66BC438-LeaderElection91: begin an election at term 182 for 11: [s0:0.0.0.0:42154, s1:0.0.0.0:36158, s2:0.0.0.0:36910], old=null
2019-09-24 12:00:10,975 DEBUG impl.RaftServerImpl (RaftServerImpl.java:requestVote(743)) - s0@group-3D81F66BC438: receive requestVote(s1, group-3D81F66BC438, 182, (t:14, i:11))
2019-09-24 12:00:10,975 INFO  impl.RaftServerImpl (RaftServerImpl.java:setRole(170)) - s0@group-3D81F66BC438: changes role from  FOLLOWER to FOLLOWER at term 182 for recognizeCandidate:s1
2019-09-24 12:00:10,975 INFO  impl.RoleInfo (RoleInfo.java:shutdownFollowerState(121)) - s0: shutdown FollowerState
2019-09-24 12:00:10,975 INFO  impl.RoleInfo (RoleInfo.java:updateAndGet(143)) - s0: start FollowerState
2019-09-24 12:00:10,976 INFO  impl.FollowerState (FollowerState.java:run(117)) - s0@group-3D81F66BC438-FollowerState was interrupted: java.lang.InterruptedException: sleep interrupted
2019-09-24 12:00:10,989 DEBUG impl.RaftServerImpl (RaftServerImpl.java:requestVote(775)) - s0@group-3D81F66BC438 replies to vote request: s1<-s0#0:FAIL-t182. Peer's state: s0@group-3D81F66BC438:t182, leader=null, voted=null, raftlog=s0@group-3D81F66BC438-SegmentedRaftLog:OPENED:c11,f12,i12, conf=11: [s0:0.0.0.0:42154, s1:0.0.0.0:36158, s2:0.0.0.0:36910], old=null
2019-09-24 12:00:11,009 INFO  impl.LeaderElection (LeaderElection.java:logAndReturn(56)) - s2@group-3D81F66BC438-LeaderElection92: Election TIMEOUT; received 1 response(s) [s2<-s0#0:FAIL-t181] and 0 exception(s); s2@group-3D81F66BC438:t181, leader=null, voted=s2, raftlog=s2@group-3D81F66BC438-SegmentedRaftLog:OPENED:c10,f10,i10, conf=9: [s0:0.0.0.0:42154, s1:0.0.0.0:36158, s2:0.0.0.0:36910], old=null
2019-09-24 12:00:11,022 INFO  impl.LeaderElection (LeaderElection.java:askForVotes(178)) - s2@group-3D81F66BC438-LeaderElection92: begin an election at term 182 for 9: [s0:0.0.0.0:42154, s1:0.0.0.0:36158, s2:0.0.0.0:36910], old=null
2019-09-24 12:00:11,022 DEBUG impl.RaftServerImpl (RaftServerImpl.java:requestVote(743)) - s0@group-3D81F66BC438: receive requestVote(s2, group-3D81F66BC438, 182, (t:13, i:10))
2019-09-24 12:00:11,022 INFO  impl.RaftServerImpl (RaftServerImpl.java:setRole(170)) - s0@group-3D81F66BC438: changes role from  FOLLOWER to FOLLOWER at term 182 for recognizeCandidate:s2
2019-09-24 12:00:11,023 INFO  impl.RoleInfo (RoleInfo.java:shutdownFollowerState(121)) - s0: shutdown FollowerState
2019-09-24 12:00:11,023 INFO  impl.RoleInfo (RoleInfo.java:updateAndGet(143)) - s0: start FollowerState
2019-09-24 12:00:11,023 INFO  impl.FollowerState (FollowerState.java:run(117)) - s0@group-3D81F66BC438-FollowerState was interrupted: java.lang.InterruptedException: sleep interrupted
2019-09-24 12:00:11,023 DEBUG impl.RaftServerImpl (RaftServerImpl.java:requestVote(775)) - s0@group-3D81F66BC438 replies to vote request: s2<-s0#0:FAIL-t182. Peer's state: s0@group-3D81F66BC438:t182, leader=null, voted=null, raftlog=s0@group-3D81F66BC438-SegmentedRaftLog:OPENED:c11,f12,i12, conf=11: [s0:0.0.0.0:42154, s1:0.0.0.0:36158, s2:0.0.0.0:36910], old=null
2019-09-24 12:00:11,163 WARN  ratis.RaftTestUtil (JavaUtils.java:attempt(158)) - FAILED "waitForLeader-null-(expectLeader? true)", attempt #88/100: java.lang.IllegalStateException: No leader yet : printing ALL groups
  s0:  RUNNING  FOLLOWER s0@group-3D81F66BC438:t182, leader=null, voted=null, raftlog=s0@group-3D81F66BC438-SegmentedRaftLog:OPENED:c11,f12,i12, conf=11: [s0:0.0.0.0:42154, s1:0.0.0.0:36158, s2:0.0.0.0:36910], old=null RUNNING
  s1:  RUNNING CANDIDATE s1@group-3D81F66BC438:t182, leader=null, voted=s1, raftlog=s1@group-3D81F66BC438-SegmentedRaftLog:OPENED:c10,f11,i11, conf=11: [s0:0.0.0.0:42154, s1:0.0.0.0:36158, s2:0.0.0.0:36910], old=null RUNNING
  s2:  RUNNING CANDIDATE s2@group-3D81F66BC438:t182, leader=null, voted=s2, raftlog=s2@group-3D81F66BC438-SegmentedRaftLog:OPENED:c10,f10,i10, conf=9: [s0:0.0.0.0:42154, s1:0.0.0.0:36158, s2:0.0.0.0:36910], old=null RUNNING, sleep 450ms and then retry.
java.lang.IllegalStateException: No leader yet : printing ALL groups
  s0:  RUNNING  FOLLOWER s0@group-3D81F66BC438:t182, leader=null, voted=null, raftlog=s0@group-3D81F66BC438-SegmentedRaftLog:OPENED:c11,f12,i12, conf=11: [s0:0.0.0.0:42154, s1:0.0.0.0:36158, s2:0.0.0.0:36910], old=null RUNNING
  s1:  RUNNING CANDIDATE s1@group-3D81F66BC438:t182, leader=null, voted=s1, raftlog=s1@group-3D81F66BC438-SegmentedRaftLog:OPENED:c10,f11,i11, conf=11: [s0:0.0.0.0:42154, s1:0.0.0.0:36158, s2:0.0.0.0:36910], old=null RUNNING
  s2:  RUNNING CANDIDATE s2@group-3D81F66BC438:t182, leader=null, voted=s2, raftlog=s2@group-3D81F66BC438-SegmentedRaftLog:OPENED:c10,f10,i10, conf=9: [s0:0.0.0.0:42154, s1:0.0.0.0:36158, s2:0.0.0.0:36910], old=null RUNNING
	at org.apache.ratis.MiniRaftCluster.newIllegalStateExceptionForNoLeaders(MiniRaftCluster.java:506)
	at org.apache.ratis.RaftTestUtil.lambda$waitForLeader$1(RaftTestUtil.java:90)
	at org.apache.ratis.MiniRaftCluster.getLeader(MiniRaftCluster.java:539)
	at org.apache.ratis.MiniRaftCluster.getLeader(MiniRaftCluster.java:532)
	at org.apache.ratis.RaftTestUtil.lambda$waitForLeader$3(RaftTestUtil.java:98)
	at org.apache.ratis.util.JavaUtils.attempt(JavaUtils.java:152)
	at org.apache.ratis.RaftTestUtil.waitForLeader(RaftTestUtil.java:97)
	at org.apache.ratis.RaftTestUtil.waitForLeader(RaftTestUtil.java:77)
	at org.apache.ratis.RaftTestUtil.waitForLeader(RaftTestUtil.java:72)
	at org.apache.ratis.RaftTestUtil.lambda$changeLeader$7(RaftTestUtil.java:363)
	at org.apache.ratis.util.JavaUtils.attempt(JavaUtils.java:152)
	at org.apache.ratis.RaftTestUtil.changeLeader(RaftTestUtil.java:362)
	at org.apache.ratis.server.impl.LeaderElectionTests.testChangeLeader(LeaderElectionTests.java:81)
	at sun.reflect.NativeMethodAccessorImpl.invoke0(Native Method)
	at sun.reflect.NativeMethodAccessorImpl.invoke(NativeMethodAccessorImpl.java:62)
	at sun.reflect.DelegatingMethodAccessorImpl.invoke(DelegatingMethodAccessorImpl.java:43)
	at java.lang.reflect.Method.invoke(Method.java:498)
	at org.junit.runners.model.FrameworkMethod$1.runReflectiveCall(FrameworkMethod.java:50)
	at org.junit.internal.runners.model.ReflectiveCallable.run(ReflectiveCallable.java:12)
	at org.junit.runners.model.FrameworkMethod.invokeExplosively(FrameworkMethod.java:47)
	at org.junit.internal.runners.statements.InvokeMethod.evaluate(InvokeMethod.java:17)
	at org.junit.internal.runners.statements.RunAfters.evaluate(RunAfters.java:27)
	at org.junit.internal.runners.statements.FailOnTimeout$CallableStatement.call(FailOnTimeout.java:298)
	at org.junit.internal.runners.statements.FailOnTimeout$CallableStatement.call(FailOnTimeout.java:292)
	at java.util.concurrent.FutureTask.run(FutureTask.java:266)
	at java.lang.Thread.run(Thread.java:748)
2019-09-24 12:00:11,208 INFO  impl.LeaderElection (LeaderElection.java:logAndReturn(56)) - s2@group-3D81F66BC438-LeaderElection92: Election TIMEOUT; received 1 response(s) [s2<-s0#0:FAIL-t182] and 0 exception(s); s2@group-3D81F66BC438:t182, leader=null, voted=s2, raftlog=s2@group-3D81F66BC438-SegmentedRaftLog:OPENED:c10,f10,i10, conf=9: [s0:0.0.0.0:42154, s1:0.0.0.0:36158, s2:0.0.0.0:36910], old=null
2019-09-24 12:00:11,222 INFO  impl.LeaderElection (LeaderElection.java:askForVotes(178)) - s2@group-3D81F66BC438-LeaderElection92: begin an election at term 183 for 9: [s0:0.0.0.0:42154, s1:0.0.0.0:36158, s2:0.0.0.0:36910], old=null
2019-09-24 12:00:11,222 DEBUG impl.RaftServerImpl (RaftServerImpl.java:requestVote(743)) - s0@group-3D81F66BC438: receive requestVote(s2, group-3D81F66BC438, 183, (t:13, i:10))
2019-09-24 12:00:11,223 INFO  impl.RaftServerImpl (RaftServerImpl.java:setRole(170)) - s0@group-3D81F66BC438: changes role from  FOLLOWER to FOLLOWER at term 183 for recognizeCandidate:s2
2019-09-24 12:00:11,223 INFO  impl.RoleInfo (RoleInfo.java:shutdownFollowerState(121)) - s0: shutdown FollowerState
2019-09-24 12:00:11,223 INFO  impl.RoleInfo (RoleInfo.java:updateAndGet(143)) - s0: start FollowerState
2019-09-24 12:00:11,223 INFO  impl.FollowerState (FollowerState.java:run(117)) - s0@group-3D81F66BC438-FollowerState was interrupted: java.lang.InterruptedException: sleep interrupted
2019-09-24 12:00:11,258 DEBUG impl.RaftServerImpl (RaftServerImpl.java:requestVote(775)) - s0@group-3D81F66BC438 replies to vote request: s2<-s0#0:FAIL-t183. Peer's state: s0@group-3D81F66BC438:t183, leader=null, voted=null, raftlog=s0@group-3D81F66BC438-SegmentedRaftLog:OPENED:c11,f12,i12, conf=11: [s0:0.0.0.0:42154, s1:0.0.0.0:36158, s2:0.0.0.0:36910], old=null
2019-09-24 12:00:11,263 INFO  impl.LeaderElection (LeaderElection.java:logAndReturn(56)) - s1@group-3D81F66BC438-LeaderElection91: Election TIMEOUT; received 1 response(s) [s1<-s0#0:FAIL-t182] and 0 exception(s); s1@group-3D81F66BC438:t182, leader=null, voted=s1, raftlog=s1@group-3D81F66BC438-SegmentedRaftLog:OPENED:c10,f11,i11, conf=11: [s0:0.0.0.0:42154, s1:0.0.0.0:36158, s2:0.0.0.0:36910], old=null
2019-09-24 12:00:11,276 INFO  impl.LeaderElection (LeaderElection.java:askForVotes(178)) - s1@group-3D81F66BC438-LeaderElection91: begin an election at term 183 for 11: [s0:0.0.0.0:42154, s1:0.0.0.0:36158, s2:0.0.0.0:36910], old=null
2019-09-24 12:00:11,276 DEBUG impl.RaftServerImpl (RaftServerImpl.java:requestVote(743)) - s0@group-3D81F66BC438: receive requestVote(s1, group-3D81F66BC438, 183, (t:14, i:11))
2019-09-24 12:00:11,277 INFO  impl.RaftServerImpl (RaftServerImpl.java:setRole(170)) - s0@group-3D81F66BC438: changes role from  FOLLOWER to FOLLOWER at term 183 for recognizeCandidate:s1
2019-09-24 12:00:11,277 INFO  impl.RoleInfo (RoleInfo.java:shutdownFollowerState(121)) - s0: shutdown FollowerState
2019-09-24 12:00:11,277 INFO  impl.RoleInfo (RoleInfo.java:updateAndGet(143)) - s0: start FollowerState
2019-09-24 12:00:11,277 INFO  impl.FollowerState (FollowerState.java:run(117)) - s0@group-3D81F66BC438-FollowerState was interrupted: java.lang.InterruptedException: sleep interrupted
2019-09-24 12:00:11,277 DEBUG impl.RaftServerImpl (RaftServerImpl.java:requestVote(775)) - s0@group-3D81F66BC438 replies to vote request: s1<-s0#0:FAIL-t183. Peer's state: s0@group-3D81F66BC438:t183, leader=null, voted=null, raftlog=s0@group-3D81F66BC438-SegmentedRaftLog:OPENED:c11,f12,i12, conf=11: [s0:0.0.0.0:42154, s1:0.0.0.0:36158, s2:0.0.0.0:36910], old=null
2019-09-24 12:00:11,444 INFO  impl.LeaderElection (LeaderElection.java:logAndReturn(56)) - s1@group-3D81F66BC438-LeaderElection91: Election TIMEOUT; received 1 response(s) [s1<-s0#0:FAIL-t183] and 0 exception(s); s1@group-3D81F66BC438:t183, leader=null, voted=s1, raftlog=s1@group-3D81F66BC438-SegmentedRaftLog:OPENED:c10,f11,i11, conf=11: [s0:0.0.0.0:42154, s1:0.0.0.0:36158, s2:0.0.0.0:36910], old=null
2019-09-24 12:00:11,466 INFO  impl.LeaderElection (LeaderElection.java:logAndReturn(56)) - s2@group-3D81F66BC438-LeaderElection92: Election TIMEOUT; received 1 response(s) [s2<-s0#0:FAIL-t183] and 0 exception(s); s2@group-3D81F66BC438:t183, leader=null, voted=s2, raftlog=s2@group-3D81F66BC438-SegmentedRaftLog:OPENED:c10,f10,i10, conf=9: [s0:0.0.0.0:42154, s1:0.0.0.0:36158, s2:0.0.0.0:36910], old=null
2019-09-24 12:00:11,470 INFO  impl.LeaderElection (LeaderElection.java:askForVotes(178)) - s1@group-3D81F66BC438-LeaderElection91: begin an election at term 184 for 11: [s0:0.0.0.0:42154, s1:0.0.0.0:36158, s2:0.0.0.0:36910], old=null
2019-09-24 12:00:11,471 DEBUG impl.RaftServerImpl (RaftServerImpl.java:requestVote(743)) - s0@group-3D81F66BC438: receive requestVote(s1, group-3D81F66BC438, 184, (t:14, i:11))
2019-09-24 12:00:11,471 INFO  impl.RaftServerImpl (RaftServerImpl.java:setRole(170)) - s0@group-3D81F66BC438: changes role from  FOLLOWER to FOLLOWER at term 184 for recognizeCandidate:s1
2019-09-24 12:00:11,471 INFO  impl.RoleInfo (RoleInfo.java:shutdownFollowerState(121)) - s0: shutdown FollowerState
2019-09-24 12:00:11,471 INFO  impl.RoleInfo (RoleInfo.java:updateAndGet(143)) - s0: start FollowerState
2019-09-24 12:00:11,471 INFO  impl.FollowerState (FollowerState.java:run(117)) - s0@group-3D81F66BC438-FollowerState was interrupted: java.lang.InterruptedException: sleep interrupted
2019-09-24 12:00:11,474 INFO  impl.LeaderElection (LeaderElection.java:askForVotes(178)) - s2@group-3D81F66BC438-LeaderElection92: begin an election at term 184 for 9: [s0:0.0.0.0:42154, s1:0.0.0.0:36158, s2:0.0.0.0:36910], old=null
2019-09-24 12:00:11,474 DEBUG impl.RaftServerImpl (RaftServerImpl.java:requestVote(743)) - s0@group-3D81F66BC438: receive requestVote(s2, group-3D81F66BC438, 184, (t:13, i:10))
2019-09-24 12:00:11,498 DEBUG impl.RaftServerImpl (RaftServerImpl.java:requestVote(775)) - s0@group-3D81F66BC438 replies to vote request: s1<-s0#0:FAIL-t184. Peer's state: s0@group-3D81F66BC438:t184, leader=null, voted=null, raftlog=s0@group-3D81F66BC438-SegmentedRaftLog:OPENED:c11,f12,i12, conf=11: [s0:0.0.0.0:42154, s1:0.0.0.0:36158, s2:0.0.0.0:36910], old=null
2019-09-24 12:00:11,499 INFO  impl.RaftServerImpl (RaftServerImpl.java:setRole(170)) - s0@group-3D81F66BC438: changes role from  FOLLOWER to FOLLOWER at term 184 for recognizeCandidate:s2
2019-09-24 12:00:11,499 INFO  impl.RoleInfo (RoleInfo.java:shutdownFollowerState(121)) - s0: shutdown FollowerState
2019-09-24 12:00:11,499 INFO  impl.RoleInfo (RoleInfo.java:updateAndGet(143)) - s0: start FollowerState
2019-09-24 12:00:11,499 INFO  impl.FollowerState (FollowerState.java:run(117)) - s0@group-3D81F66BC438-FollowerState was interrupted: java.lang.InterruptedException: sleep interrupted
2019-09-24 12:00:11,499 DEBUG impl.RaftServerImpl (RaftServerImpl.java:requestVote(775)) - s0@group-3D81F66BC438 replies to vote request: s2<-s0#0:FAIL-t184. Peer's state: s0@group-3D81F66BC438:t184, leader=null, voted=null, raftlog=s0@group-3D81F66BC438-SegmentedRaftLog:OPENED:c11,f12,i12, conf=11: [s0:0.0.0.0:42154, s1:0.0.0.0:36158, s2:0.0.0.0:36910], old=null
2019-09-24 12:00:11,614 WARN  ratis.RaftTestUtil (JavaUtils.java:attempt(158)) - FAILED "waitForLeader-null-(expectLeader? true)", attempt #89/100: java.lang.IllegalStateException: No leader yet : printing ALL groups
  s0:  RUNNING  FOLLOWER s0@group-3D81F66BC438:t184, leader=null, voted=null, raftlog=s0@group-3D81F66BC438-SegmentedRaftLog:OPENED:c11,f12,i12, conf=11: [s0:0.0.0.0:42154, s1:0.0.0.0:36158, s2:0.0.0.0:36910], old=null RUNNING
  s1:  RUNNING CANDIDATE s1@group-3D81F66BC438:t184, leader=null, voted=s1, raftlog=s1@group-3D81F66BC438-SegmentedRaftLog:OPENED:c10,f11,i11, conf=11: [s0:0.0.0.0:42154, s1:0.0.0.0:36158, s2:0.0.0.0:36910], old=null RUNNING
  s2:  RUNNING CANDIDATE s2@group-3D81F66BC438:t184, leader=null, voted=s2, raftlog=s2@group-3D81F66BC438-SegmentedRaftLog:OPENED:c10,f10,i10, conf=9: [s0:0.0.0.0:42154, s1:0.0.0.0:36158, s2:0.0.0.0:36910], old=null RUNNING, sleep 450ms and then retry.
java.lang.IllegalStateException: No leader yet : printing ALL groups
  s0:  RUNNING  FOLLOWER s0@group-3D81F66BC438:t184, leader=null, voted=null, raftlog=s0@group-3D81F66BC438-SegmentedRaftLog:OPENED:c11,f12,i12, conf=11: [s0:0.0.0.0:42154, s1:0.0.0.0:36158, s2:0.0.0.0:36910], old=null RUNNING
  s1:  RUNNING CANDIDATE s1@group-3D81F66BC438:t184, leader=null, voted=s1, raftlog=s1@group-3D81F66BC438-SegmentedRaftLog:OPENED:c10,f11,i11, conf=11: [s0:0.0.0.0:42154, s1:0.0.0.0:36158, s2:0.0.0.0:36910], old=null RUNNING
  s2:  RUNNING CANDIDATE s2@group-3D81F66BC438:t184, leader=null, voted=s2, raftlog=s2@group-3D81F66BC438-SegmentedRaftLog:OPENED:c10,f10,i10, conf=9: [s0:0.0.0.0:42154, s1:0.0.0.0:36158, s2:0.0.0.0:36910], old=null RUNNING
	at org.apache.ratis.MiniRaftCluster.newIllegalStateExceptionForNoLeaders(MiniRaftCluster.java:506)
	at org.apache.ratis.RaftTestUtil.lambda$waitForLeader$1(RaftTestUtil.java:90)
	at org.apache.ratis.MiniRaftCluster.getLeader(MiniRaftCluster.java:539)
	at org.apache.ratis.MiniRaftCluster.getLeader(MiniRaftCluster.java:532)
	at org.apache.ratis.RaftTestUtil.lambda$waitForLeader$3(RaftTestUtil.java:98)
	at org.apache.ratis.util.JavaUtils.attempt(JavaUtils.java:152)
	at org.apache.ratis.RaftTestUtil.waitForLeader(RaftTestUtil.java:97)
	at org.apache.ratis.RaftTestUtil.waitForLeader(RaftTestUtil.java:77)
	at org.apache.ratis.RaftTestUtil.waitForLeader(RaftTestUtil.java:72)
	at org.apache.ratis.RaftTestUtil.lambda$changeLeader$7(RaftTestUtil.java:363)
	at org.apache.ratis.util.JavaUtils.attempt(JavaUtils.java:152)
	at org.apache.ratis.RaftTestUtil.changeLeader(RaftTestUtil.java:362)
	at org.apache.ratis.server.impl.LeaderElectionTests.testChangeLeader(LeaderElectionTests.java:81)
	at sun.reflect.NativeMethodAccessorImpl.invoke0(Native Method)
	at sun.reflect.NativeMethodAccessorImpl.invoke(NativeMethodAccessorImpl.java:62)
	at sun.reflect.DelegatingMethodAccessorImpl.invoke(DelegatingMethodAccessorImpl.java:43)
	at java.lang.reflect.Method.invoke(Method.java:498)
	at org.junit.runners.model.FrameworkMethod$1.runReflectiveCall(FrameworkMethod.java:50)
	at org.junit.internal.runners.model.ReflectiveCallable.run(ReflectiveCallable.java:12)
	at org.junit.runners.model.FrameworkMethod.invokeExplosively(FrameworkMethod.java:47)
	at org.junit.internal.runners.statements.InvokeMethod.evaluate(InvokeMethod.java:17)
	at org.junit.internal.runners.statements.RunAfters.evaluate(RunAfters.java:27)
	at org.junit.internal.runners.statements.FailOnTimeout$CallableStatement.call(FailOnTimeout.java:298)
	at org.junit.internal.runners.statements.FailOnTimeout$CallableStatement.call(FailOnTimeout.java:292)
	at java.util.concurrent.FutureTask.run(FutureTask.java:266)
	at java.lang.Thread.run(Thread.java:748)
2019-09-24 12:00:11,670 INFO  impl.LeaderElection (LeaderElection.java:logAndReturn(56)) - s1@group-3D81F66BC438-LeaderElection91: Election TIMEOUT; received 1 response(s) [s1<-s0#0:FAIL-t184] and 0 exception(s); s1@group-3D81F66BC438:t184, leader=null, voted=s1, raftlog=s1@group-3D81F66BC438-SegmentedRaftLog:OPENED:c10,f11,i11, conf=11: [s0:0.0.0.0:42154, s1:0.0.0.0:36158, s2:0.0.0.0:36910], old=null
2019-09-24 12:00:11,683 INFO  impl.LeaderElection (LeaderElection.java:askForVotes(178)) - s1@group-3D81F66BC438-LeaderElection91: begin an election at term 185 for 11: [s0:0.0.0.0:42154, s1:0.0.0.0:36158, s2:0.0.0.0:36910], old=null
2019-09-24 12:00:11,684 DEBUG impl.RaftServerImpl (RaftServerImpl.java:requestVote(743)) - s0@group-3D81F66BC438: receive requestVote(s1, group-3D81F66BC438, 185, (t:14, i:11))
2019-09-24 12:00:11,684 INFO  impl.RaftServerImpl (RaftServerImpl.java:setRole(170)) - s0@group-3D81F66BC438: changes role from  FOLLOWER to FOLLOWER at term 185 for recognizeCandidate:s1
2019-09-24 12:00:11,684 INFO  impl.RoleInfo (RoleInfo.java:shutdownFollowerState(121)) - s0: shutdown FollowerState
2019-09-24 12:00:11,684 INFO  impl.RoleInfo (RoleInfo.java:updateAndGet(143)) - s0: start FollowerState
2019-09-24 12:00:11,685 INFO  impl.FollowerState (FollowerState.java:run(117)) - s0@group-3D81F66BC438-FollowerState was interrupted: java.lang.InterruptedException: sleep interrupted
2019-09-24 12:00:11,689 INFO  impl.LeaderElection (LeaderElection.java:logAndReturn(56)) - s2@group-3D81F66BC438-LeaderElection92: Election TIMEOUT; received 1 response(s) [s2<-s0#0:FAIL-t184] and 0 exception(s); s2@group-3D81F66BC438:t184, leader=null, voted=s2, raftlog=s2@group-3D81F66BC438-SegmentedRaftLog:OPENED:c10,f10,i10, conf=9: [s0:0.0.0.0:42154, s1:0.0.0.0:36158, s2:0.0.0.0:36910], old=null
2019-09-24 12:00:11,699 INFO  impl.LeaderElection (LeaderElection.java:askForVotes(178)) - s2@group-3D81F66BC438-LeaderElection92: begin an election at term 185 for 9: [s0:0.0.0.0:42154, s1:0.0.0.0:36158, s2:0.0.0.0:36910], old=null
2019-09-24 12:00:11,699 DEBUG impl.RaftServerImpl (RaftServerImpl.java:requestVote(775)) - s0@group-3D81F66BC438 replies to vote request: s1<-s0#0:FAIL-t185. Peer's state: s0@group-3D81F66BC438:t185, leader=null, voted=null, raftlog=s0@group-3D81F66BC438-SegmentedRaftLog:OPENED:c11,f12,i12, conf=11: [s0:0.0.0.0:42154, s1:0.0.0.0:36158, s2:0.0.0.0:36910], old=null
2019-09-24 12:00:11,699 DEBUG impl.RaftServerImpl (RaftServerImpl.java:requestVote(743)) - s0@group-3D81F66BC438: receive requestVote(s2, group-3D81F66BC438, 185, (t:13, i:10))
2019-09-24 12:00:11,699 INFO  impl.RaftServerImpl (RaftServerImpl.java:setRole(170)) - s0@group-3D81F66BC438: changes role from  FOLLOWER to FOLLOWER at term 185 for recognizeCandidate:s2
2019-09-24 12:00:11,700 INFO  impl.RoleInfo (RoleInfo.java:shutdownFollowerState(121)) - s0: shutdown FollowerState
2019-09-24 12:00:11,700 INFO  impl.RoleInfo (RoleInfo.java:updateAndGet(143)) - s0: start FollowerState
2019-09-24 12:00:11,700 INFO  impl.FollowerState (FollowerState.java:run(117)) - s0@group-3D81F66BC438-FollowerState was interrupted: java.lang.InterruptedException: sleep interrupted
2019-09-24 12:00:11,700 DEBUG impl.RaftServerImpl (RaftServerImpl.java:requestVote(775)) - s0@group-3D81F66BC438 replies to vote request: s2<-s0#0:FAIL-t185. Peer's state: s0@group-3D81F66BC438:t185, leader=null, voted=null, raftlog=s0@group-3D81F66BC438-SegmentedRaftLog:OPENED:c11,f12,i12, conf=11: [s0:0.0.0.0:42154, s1:0.0.0.0:36158, s2:0.0.0.0:36910], old=null
2019-09-24 12:00:11,884 INFO  impl.LeaderElection (LeaderElection.java:logAndReturn(56)) - s1@group-3D81F66BC438-LeaderElection91: Election TIMEOUT; received 1 response(s) [s1<-s0#0:FAIL-t185] and 0 exception(s); s1@group-3D81F66BC438:t185, leader=null, voted=s1, raftlog=s1@group-3D81F66BC438-SegmentedRaftLog:OPENED:c10,f11,i11, conf=11: [s0:0.0.0.0:42154, s1:0.0.0.0:36158, s2:0.0.0.0:36910], old=null
2019-09-24 12:00:11,891 INFO  impl.FollowerState (FollowerState.java:run(108)) - s0@group-3D81F66BC438-FollowerState: change to CANDIDATE, lastRpcTime:191ms, electionTimeout:191ms
2019-09-24 12:00:11,891 INFO  impl.RoleInfo (RoleInfo.java:shutdownFollowerState(121)) - s0: shutdown FollowerState
2019-09-24 12:00:11,892 INFO  impl.RaftServerImpl (RaftServerImpl.java:setRole(170)) - s0@group-3D81F66BC438: changes role from  FOLLOWER to CANDIDATE at term 185 for changeToCandidate
2019-09-24 12:00:11,892 INFO  impl.RoleInfo (RoleInfo.java:updateAndGet(143)) - s0: start LeaderElection
2019-09-24 12:00:11,898 INFO  impl.LeaderElection (LeaderElection.java:askForVotes(178)) - s0@group-3D81F66BC438-LeaderElection97: begin an election at term 186 for 11: [s0:0.0.0.0:42154, s1:0.0.0.0:36158, s2:0.0.0.0:36910], old=null
2019-09-24 12:00:11,898 INFO  impl.LeaderElection (LeaderElection.java:askForVotes(178)) - s1@group-3D81F66BC438-LeaderElection91: begin an election at term 186 for 11: [s0:0.0.0.0:42154, s1:0.0.0.0:36158, s2:0.0.0.0:36910], old=null
2019-09-24 12:00:11,899 DEBUG impl.RaftServerImpl (RaftServerImpl.java:requestVote(743)) - s0@group-3D81F66BC438: receive requestVote(s1, group-3D81F66BC438, 186, (t:14, i:11))
2019-09-24 12:00:11,899 DEBUG impl.RaftServerImpl (RaftServerImpl.java:requestVote(775)) - s0@group-3D81F66BC438 replies to vote request: s1<-s0#0:FAIL-t186. Peer's state: s0@group-3D81F66BC438:t186, leader=null, voted=s0, raftlog=s0@group-3D81F66BC438-SegmentedRaftLog:OPENED:c11,f12,i12, conf=11: [s0:0.0.0.0:42154, s1:0.0.0.0:36158, s2:0.0.0.0:36910], old=null
2019-09-24 12:00:11,920 INFO  impl.LeaderElection (LeaderElection.java:logAndReturn(56)) - s2@group-3D81F66BC438-LeaderElection92: Election TIMEOUT; received 1 response(s) [s2<-s0#0:FAIL-t185] and 0 exception(s); s2@group-3D81F66BC438:t185, leader=null, voted=s2, raftlog=s2@group-3D81F66BC438-SegmentedRaftLog:OPENED:c10,f10,i10, conf=9: [s0:0.0.0.0:42154, s1:0.0.0.0:36158, s2:0.0.0.0:36910], old=null
2019-09-24 12:00:11,947 INFO  impl.LeaderElection (LeaderElection.java:askForVotes(178)) - s2@group-3D81F66BC438-LeaderElection92: begin an election at term 186 for 9: [s0:0.0.0.0:42154, s1:0.0.0.0:36158, s2:0.0.0.0:36910], old=null
2019-09-24 12:00:11,948 DEBUG impl.RaftServerImpl (RaftServerImpl.java:requestVote(743)) - s0@group-3D81F66BC438: receive requestVote(s2, group-3D81F66BC438, 186, (t:13, i:10))
2019-09-24 12:00:11,948 DEBUG impl.RaftServerImpl (RaftServerImpl.java:requestVote(775)) - s0@group-3D81F66BC438 replies to vote request: s2<-s0#0:FAIL-t186. Peer's state: s0@group-3D81F66BC438:t186, leader=null, voted=s0, raftlog=s0@group-3D81F66BC438-SegmentedRaftLog:OPENED:c11,f12,i12, conf=11: [s0:0.0.0.0:42154, s1:0.0.0.0:36158, s2:0.0.0.0:36910], old=null
2019-09-24 12:00:12,065 WARN  ratis.RaftTestUtil (JavaUtils.java:attempt(158)) - FAILED "waitForLeader-null-(expectLeader? true)", attempt #90/100: java.lang.IllegalStateException: No leader yet : printing ALL groups
  s0:  RUNNING CANDIDATE s0@group-3D81F66BC438:t186, leader=null, voted=s0, raftlog=s0@group-3D81F66BC438-SegmentedRaftLog:OPENED:c11,f12,i12, conf=11: [s0:0.0.0.0:42154, s1:0.0.0.0:36158, s2:0.0.0.0:36910], old=null RUNNING
  s1:  RUNNING CANDIDATE s1@group-3D81F66BC438:t186, leader=null, voted=s1, raftlog=s1@group-3D81F66BC438-SegmentedRaftLog:OPENED:c10,f11,i11, conf=11: [s0:0.0.0.0:42154, s1:0.0.0.0:36158, s2:0.0.0.0:36910], old=null RUNNING
  s2:  RUNNING CANDIDATE s2@group-3D81F66BC438:t186, leader=null, voted=s2, raftlog=s2@group-3D81F66BC438-SegmentedRaftLog:OPENED:c10,f10,i10, conf=9: [s0:0.0.0.0:42154, s1:0.0.0.0:36158, s2:0.0.0.0:36910], old=null RUNNING, sleep 450ms and then retry.
java.lang.IllegalStateException: No leader yet : printing ALL groups
  s0:  RUNNING CANDIDATE s0@group-3D81F66BC438:t186, leader=null, voted=s0, raftlog=s0@group-3D81F66BC438-SegmentedRaftLog:OPENED:c11,f12,i12, conf=11: [s0:0.0.0.0:42154, s1:0.0.0.0:36158, s2:0.0.0.0:36910], old=null RUNNING
  s1:  RUNNING CANDIDATE s1@group-3D81F66BC438:t186, leader=null, voted=s1, raftlog=s1@group-3D81F66BC438-SegmentedRaftLog:OPENED:c10,f11,i11, conf=11: [s0:0.0.0.0:42154, s1:0.0.0.0:36158, s2:0.0.0.0:36910], old=null RUNNING
  s2:  RUNNING CANDIDATE s2@group-3D81F66BC438:t186, leader=null, voted=s2, raftlog=s2@group-3D81F66BC438-SegmentedRaftLog:OPENED:c10,f10,i10, conf=9: [s0:0.0.0.0:42154, s1:0.0.0.0:36158, s2:0.0.0.0:36910], old=null RUNNING
	at org.apache.ratis.MiniRaftCluster.newIllegalStateExceptionForNoLeaders(MiniRaftCluster.java:506)
	at org.apache.ratis.RaftTestUtil.lambda$waitForLeader$1(RaftTestUtil.java:90)
	at org.apache.ratis.MiniRaftCluster.getLeader(MiniRaftCluster.java:539)
	at org.apache.ratis.MiniRaftCluster.getLeader(MiniRaftCluster.java:532)
	at org.apache.ratis.RaftTestUtil.lambda$waitForLeader$3(RaftTestUtil.java:98)
	at org.apache.ratis.util.JavaUtils.attempt(JavaUtils.java:152)
	at org.apache.ratis.RaftTestUtil.waitForLeader(RaftTestUtil.java:97)
	at org.apache.ratis.RaftTestUtil.waitForLeader(RaftTestUtil.java:77)
	at org.apache.ratis.RaftTestUtil.waitForLeader(RaftTestUtil.java:72)
	at org.apache.ratis.RaftTestUtil.lambda$changeLeader$7(RaftTestUtil.java:363)
	at org.apache.ratis.util.JavaUtils.attempt(JavaUtils.java:152)
	at org.apache.ratis.RaftTestUtil.changeLeader(RaftTestUtil.java:362)
	at org.apache.ratis.server.impl.LeaderElectionTests.testChangeLeader(LeaderElectionTests.java:81)
	at sun.reflect.NativeMethodAccessorImpl.invoke0(Native Method)
	at sun.reflect.NativeMethodAccessorImpl.invoke(NativeMethodAccessorImpl.java:62)
	at sun.reflect.DelegatingMethodAccessorImpl.invoke(DelegatingMethodAccessorImpl.java:43)
	at java.lang.reflect.Method.invoke(Method.java:498)
	at org.junit.runners.model.FrameworkMethod$1.runReflectiveCall(FrameworkMethod.java:50)
	at org.junit.internal.runners.model.ReflectiveCallable.run(ReflectiveCallable.java:12)
	at org.junit.runners.model.FrameworkMethod.invokeExplosively(FrameworkMethod.java:47)
	at org.junit.internal.runners.statements.InvokeMethod.evaluate(InvokeMethod.java:17)
	at org.junit.internal.runners.statements.RunAfters.evaluate(RunAfters.java:27)
	at org.junit.internal.runners.statements.FailOnTimeout$CallableStatement.call(FailOnTimeout.java:298)
	at org.junit.internal.runners.statements.FailOnTimeout$CallableStatement.call(FailOnTimeout.java:292)
	at java.util.concurrent.FutureTask.run(FutureTask.java:266)
	at java.lang.Thread.run(Thread.java:748)
2019-09-24 12:00:12,155 INFO  impl.LeaderElection (LeaderElection.java:logAndReturn(56)) - s0@group-3D81F66BC438-LeaderElection97: Election TIMEOUT; received 0 response(s) [] and 0 exception(s); s0@group-3D81F66BC438:t186, leader=null, voted=s0, raftlog=s0@group-3D81F66BC438-SegmentedRaftLog:OPENED:c11,f12,i12, conf=11: [s0:0.0.0.0:42154, s1:0.0.0.0:36158, s2:0.0.0.0:36910], old=null
2019-09-24 12:00:12,170 INFO  impl.LeaderElection (LeaderElection.java:askForVotes(178)) - s0@group-3D81F66BC438-LeaderElection97: begin an election at term 187 for 11: [s0:0.0.0.0:42154, s1:0.0.0.0:36158, s2:0.0.0.0:36910], old=null
2019-09-24 12:00:12,196 INFO  impl.LeaderElection (LeaderElection.java:logAndReturn(56)) - s1@group-3D81F66BC438-LeaderElection91: Election TIMEOUT; received 1 response(s) [s1<-s0#0:FAIL-t186] and 0 exception(s); s1@group-3D81F66BC438:t186, leader=null, voted=s1, raftlog=s1@group-3D81F66BC438-SegmentedRaftLog:OPENED:c10,f11,i11, conf=11: [s0:0.0.0.0:42154, s1:0.0.0.0:36158, s2:0.0.0.0:36910], old=null
2019-09-24 12:00:12,212 INFO  impl.LeaderElection (LeaderElection.java:logAndReturn(56)) - s2@group-3D81F66BC438-LeaderElection92: Election TIMEOUT; received 1 response(s) [s2<-s0#0:FAIL-t186] and 0 exception(s); s2@group-3D81F66BC438:t186, leader=null, voted=s2, raftlog=s2@group-3D81F66BC438-SegmentedRaftLog:OPENED:c10,f10,i10, conf=9: [s0:0.0.0.0:42154, s1:0.0.0.0:36158, s2:0.0.0.0:36910], old=null
2019-09-24 12:00:12,222 INFO  impl.LeaderElection (LeaderElection.java:askForVotes(178)) - s1@group-3D81F66BC438-LeaderElection91: begin an election at term 187 for 11: [s0:0.0.0.0:42154, s1:0.0.0.0:36158, s2:0.0.0.0:36910], old=null
2019-09-24 12:00:12,223 DEBUG impl.RaftServerImpl (RaftServerImpl.java:requestVote(743)) - s0@group-3D81F66BC438: receive requestVote(s1, group-3D81F66BC438, 187, (t:14, i:11))
2019-09-24 12:00:12,223 DEBUG impl.RaftServerImpl (RaftServerImpl.java:requestVote(775)) - s0@group-3D81F66BC438 replies to vote request: s1<-s0#0:FAIL-t187. Peer's state: s0@group-3D81F66BC438:t187, leader=null, voted=s0, raftlog=s0@group-3D81F66BC438-SegmentedRaftLog:OPENED:c11,f12,i12, conf=11: [s0:0.0.0.0:42154, s1:0.0.0.0:36158, s2:0.0.0.0:36910], old=null
2019-09-24 12:00:12,225 INFO  impl.LeaderElection (LeaderElection.java:askForVotes(178)) - s2@group-3D81F66BC438-LeaderElection92: begin an election at term 187 for 9: [s0:0.0.0.0:42154, s1:0.0.0.0:36158, s2:0.0.0.0:36910], old=null
2019-09-24 12:00:12,225 DEBUG impl.RaftServerImpl (RaftServerImpl.java:requestVote(743)) - s0@group-3D81F66BC438: receive requestVote(s2, group-3D81F66BC438, 187, (t:13, i:10))
2019-09-24 12:00:12,225 DEBUG impl.RaftServerImpl (RaftServerImpl.java:requestVote(775)) - s0@group-3D81F66BC438 replies to vote request: s2<-s0#0:FAIL-t187. Peer's state: s0@group-3D81F66BC438:t187, leader=null, voted=s0, raftlog=s0@group-3D81F66BC438-SegmentedRaftLog:OPENED:c11,f12,i12, conf=11: [s0:0.0.0.0:42154, s1:0.0.0.0:36158, s2:0.0.0.0:36910], old=null
2019-09-24 12:00:12,348 INFO  impl.LeaderElection (LeaderElection.java:logAndReturn(56)) - s0@group-3D81F66BC438-LeaderElection97: Election TIMEOUT; received 0 response(s) [] and 0 exception(s); s0@group-3D81F66BC438:t187, leader=null, voted=s0, raftlog=s0@group-3D81F66BC438-SegmentedRaftLog:OPENED:c11,f12,i12, conf=11: [s0:0.0.0.0:42154, s1:0.0.0.0:36158, s2:0.0.0.0:36910], old=null
2019-09-24 12:00:12,362 INFO  impl.LeaderElection (LeaderElection.java:askForVotes(178)) - s0@group-3D81F66BC438-LeaderElection97: begin an election at term 188 for 11: [s0:0.0.0.0:42154, s1:0.0.0.0:36158, s2:0.0.0.0:36910], old=null
2019-09-24 12:00:12,399 INFO  impl.LeaderElection (LeaderElection.java:logAndReturn(56)) - s2@group-3D81F66BC438-LeaderElection92: Election TIMEOUT; received 1 response(s) [s2<-s0#0:FAIL-t187] and 0 exception(s); s2@group-3D81F66BC438:t187, leader=null, voted=s2, raftlog=s2@group-3D81F66BC438-SegmentedRaftLog:OPENED:c10,f10,i10, conf=9: [s0:0.0.0.0:42154, s1:0.0.0.0:36158, s2:0.0.0.0:36910], old=null
2019-09-24 12:00:12,414 INFO  impl.LeaderElection (LeaderElection.java:askForVotes(178)) - s2@group-3D81F66BC438-LeaderElection92: begin an election at term 188 for 9: [s0:0.0.0.0:42154, s1:0.0.0.0:36158, s2:0.0.0.0:36910], old=null
2019-09-24 12:00:12,415 DEBUG impl.RaftServerImpl (RaftServerImpl.java:requestVote(743)) - s0@group-3D81F66BC438: receive requestVote(s2, group-3D81F66BC438, 188, (t:13, i:10))
2019-09-24 12:00:12,415 DEBUG impl.RaftServerImpl (RaftServerImpl.java:requestVote(775)) - s0@group-3D81F66BC438 replies to vote request: s2<-s0#0:FAIL-t188. Peer's state: s0@group-3D81F66BC438:t188, leader=null, voted=s0, raftlog=s0@group-3D81F66BC438-SegmentedRaftLog:OPENED:c11,f12,i12, conf=11: [s0:0.0.0.0:42154, s1:0.0.0.0:36158, s2:0.0.0.0:36910], old=null
2019-09-24 12:00:12,423 INFO  impl.LeaderElection (LeaderElection.java:logAndReturn(56)) - s1@group-3D81F66BC438-LeaderElection91: Election TIMEOUT; received 1 response(s) [s1<-s0#0:FAIL-t187] and 0 exception(s); s1@group-3D81F66BC438:t187, leader=null, voted=s1, raftlog=s1@group-3D81F66BC438-SegmentedRaftLog:OPENED:c10,f11,i11, conf=11: [s0:0.0.0.0:42154, s1:0.0.0.0:36158, s2:0.0.0.0:36910], old=null
2019-09-24 12:00:12,449 INFO  impl.LeaderElection (LeaderElection.java:askForVotes(178)) - s1@group-3D81F66BC438-LeaderElection91: begin an election at term 188 for 11: [s0:0.0.0.0:42154, s1:0.0.0.0:36158, s2:0.0.0.0:36910], old=null
2019-09-24 12:00:12,449 DEBUG impl.RaftServerImpl (RaftServerImpl.java:requestVote(743)) - s0@group-3D81F66BC438: receive requestVote(s1, group-3D81F66BC438, 188, (t:14, i:11))
2019-09-24 12:00:12,450 DEBUG impl.RaftServerImpl (RaftServerImpl.java:requestVote(775)) - s0@group-3D81F66BC438 replies to vote request: s1<-s0#0:FAIL-t188. Peer's state: s0@group-3D81F66BC438:t188, leader=null, voted=s0, raftlog=s0@group-3D81F66BC438-SegmentedRaftLog:OPENED:c11,f12,i12, conf=11: [s0:0.0.0.0:42154, s1:0.0.0.0:36158, s2:0.0.0.0:36910], old=null
2019-09-24 12:00:12,516 WARN  ratis.RaftTestUtil (JavaUtils.java:attempt(158)) - FAILED "waitForLeader-null-(expectLeader? true)", attempt #91/100: java.lang.IllegalStateException: No leader yet : printing ALL groups
  s0:  RUNNING CANDIDATE s0@group-3D81F66BC438:t188, leader=null, voted=s0, raftlog=s0@group-3D81F66BC438-SegmentedRaftLog:OPENED:c11,f12,i12, conf=11: [s0:0.0.0.0:42154, s1:0.0.0.0:36158, s2:0.0.0.0:36910], old=null RUNNING
  s1:  RUNNING CANDIDATE s1@group-3D81F66BC438:t188, leader=null, voted=s1, raftlog=s1@group-3D81F66BC438-SegmentedRaftLog:OPENED:c10,f11,i11, conf=11: [s0:0.0.0.0:42154, s1:0.0.0.0:36158, s2:0.0.0.0:36910], old=null RUNNING
  s2:  RUNNING CANDIDATE s2@group-3D81F66BC438:t188, leader=null, voted=s2, raftlog=s2@group-3D81F66BC438-SegmentedRaftLog:OPENED:c10,f10,i10, conf=9: [s0:0.0.0.0:42154, s1:0.0.0.0:36158, s2:0.0.0.0:36910], old=null RUNNING, sleep 450ms and then retry.
java.lang.IllegalStateException: No leader yet : printing ALL groups
  s0:  RUNNING CANDIDATE s0@group-3D81F66BC438:t188, leader=null, voted=s0, raftlog=s0@group-3D81F66BC438-SegmentedRaftLog:OPENED:c11,f12,i12, conf=11: [s0:0.0.0.0:42154, s1:0.0.0.0:36158, s2:0.0.0.0:36910], old=null RUNNING
  s1:  RUNNING CANDIDATE s1@group-3D81F66BC438:t188, leader=null, voted=s1, raftlog=s1@group-3D81F66BC438-SegmentedRaftLog:OPENED:c10,f11,i11, conf=11: [s0:0.0.0.0:42154, s1:0.0.0.0:36158, s2:0.0.0.0:36910], old=null RUNNING
  s2:  RUNNING CANDIDATE s2@group-3D81F66BC438:t188, leader=null, voted=s2, raftlog=s2@group-3D81F66BC438-SegmentedRaftLog:OPENED:c10,f10,i10, conf=9: [s0:0.0.0.0:42154, s1:0.0.0.0:36158, s2:0.0.0.0:36910], old=null RUNNING
	at org.apache.ratis.MiniRaftCluster.newIllegalStateExceptionForNoLeaders(MiniRaftCluster.java:506)
	at org.apache.ratis.RaftTestUtil.lambda$waitForLeader$1(RaftTestUtil.java:90)
	at org.apache.ratis.MiniRaftCluster.getLeader(MiniRaftCluster.java:539)
	at org.apache.ratis.MiniRaftCluster.getLeader(MiniRaftCluster.java:532)
	at org.apache.ratis.RaftTestUtil.lambda$waitForLeader$3(RaftTestUtil.java:98)
	at org.apache.ratis.util.JavaUtils.attempt(JavaUtils.java:152)
	at org.apache.ratis.RaftTestUtil.waitForLeader(RaftTestUtil.java:97)
	at org.apache.ratis.RaftTestUtil.waitForLeader(RaftTestUtil.java:77)
	at org.apache.ratis.RaftTestUtil.waitForLeader(RaftTestUtil.java:72)
	at org.apache.ratis.RaftTestUtil.lambda$changeLeader$7(RaftTestUtil.java:363)
	at org.apache.ratis.util.JavaUtils.attempt(JavaUtils.java:152)
	at org.apache.ratis.RaftTestUtil.changeLeader(RaftTestUtil.java:362)
	at org.apache.ratis.server.impl.LeaderElectionTests.testChangeLeader(LeaderElectionTests.java:81)
	at sun.reflect.NativeMethodAccessorImpl.invoke0(Native Method)
	at sun.reflect.NativeMethodAccessorImpl.invoke(NativeMethodAccessorImpl.java:62)
	at sun.reflect.DelegatingMethodAccessorImpl.invoke(DelegatingMethodAccessorImpl.java:43)
	at java.lang.reflect.Method.invoke(Method.java:498)
	at org.junit.runners.model.FrameworkMethod$1.runReflectiveCall(FrameworkMethod.java:50)
	at org.junit.internal.runners.model.ReflectiveCallable.run(ReflectiveCallable.java:12)
	at org.junit.runners.model.FrameworkMethod.invokeExplosively(FrameworkMethod.java:47)
	at org.junit.internal.runners.statements.InvokeMethod.evaluate(InvokeMethod.java:17)
	at org.junit.internal.runners.statements.RunAfters.evaluate(RunAfters.java:27)
	at org.junit.internal.runners.statements.FailOnTimeout$CallableStatement.call(FailOnTimeout.java:298)
	at org.junit.internal.runners.statements.FailOnTimeout$CallableStatement.call(FailOnTimeout.java:292)
	at java.util.concurrent.FutureTask.run(FutureTask.java:266)
	at java.lang.Thread.run(Thread.java:748)
2019-09-24 12:00:12,628 INFO  impl.LeaderElection (LeaderElection.java:logAndReturn(56)) - s0@group-3D81F66BC438-LeaderElection97: Election TIMEOUT; received 0 response(s) [] and 0 exception(s); s0@group-3D81F66BC438:t188, leader=null, voted=s0, raftlog=s0@group-3D81F66BC438-SegmentedRaftLog:OPENED:c11,f12,i12, conf=11: [s0:0.0.0.0:42154, s1:0.0.0.0:36158, s2:0.0.0.0:36910], old=null
2019-09-24 12:00:12,653 INFO  impl.LeaderElection (LeaderElection.java:askForVotes(178)) - s0@group-3D81F66BC438-LeaderElection97: begin an election at term 189 for 11: [s0:0.0.0.0:42154, s1:0.0.0.0:36158, s2:0.0.0.0:36910], old=null
2019-09-24 12:00:12,654 INFO  impl.LeaderElection (LeaderElection.java:logAndReturn(56)) - s2@group-3D81F66BC438-LeaderElection92: Election TIMEOUT; received 1 response(s) [s2<-s0#0:FAIL-t188] and 0 exception(s); s2@group-3D81F66BC438:t188, leader=null, voted=s2, raftlog=s2@group-3D81F66BC438-SegmentedRaftLog:OPENED:c10,f10,i10, conf=9: [s0:0.0.0.0:42154, s1:0.0.0.0:36158, s2:0.0.0.0:36910], old=null
2019-09-24 12:00:12,668 INFO  impl.LeaderElection (LeaderElection.java:askForVotes(178)) - s2@group-3D81F66BC438-LeaderElection92: begin an election at term 189 for 9: [s0:0.0.0.0:42154, s1:0.0.0.0:36158, s2:0.0.0.0:36910], old=null
2019-09-24 12:00:12,669 DEBUG impl.RaftServerImpl (RaftServerImpl.java:requestVote(743)) - s0@group-3D81F66BC438: receive requestVote(s2, group-3D81F66BC438, 189, (t:13, i:10))
2019-09-24 12:00:12,669 DEBUG impl.RaftServerImpl (RaftServerImpl.java:requestVote(775)) - s0@group-3D81F66BC438 replies to vote request: s2<-s0#0:FAIL-t189. Peer's state: s0@group-3D81F66BC438:t189, leader=null, voted=s0, raftlog=s0@group-3D81F66BC438-SegmentedRaftLog:OPENED:c11,f12,i12, conf=11: [s0:0.0.0.0:42154, s1:0.0.0.0:36158, s2:0.0.0.0:36910], old=null
2019-09-24 12:00:12,705 INFO  impl.LeaderElection (LeaderElection.java:logAndReturn(56)) - s1@group-3D81F66BC438-LeaderElection91: Election TIMEOUT; received 1 response(s) [s1<-s0#0:FAIL-t188] and 0 exception(s); s1@group-3D81F66BC438:t188, leader=null, voted=s1, raftlog=s1@group-3D81F66BC438-SegmentedRaftLog:OPENED:c10,f11,i11, conf=11: [s0:0.0.0.0:42154, s1:0.0.0.0:36158, s2:0.0.0.0:36910], old=null
2019-09-24 12:00:12,730 INFO  impl.LeaderElection (LeaderElection.java:askForVotes(178)) - s1@group-3D81F66BC438-LeaderElection91: begin an election at term 189 for 11: [s0:0.0.0.0:42154, s1:0.0.0.0:36158, s2:0.0.0.0:36910], old=null
2019-09-24 12:00:12,731 DEBUG impl.RaftServerImpl (RaftServerImpl.java:requestVote(743)) - s0@group-3D81F66BC438: receive requestVote(s1, group-3D81F66BC438, 189, (t:14, i:11))
2019-09-24 12:00:12,731 DEBUG impl.RaftServerImpl (RaftServerImpl.java:requestVote(775)) - s0@group-3D81F66BC438 replies to vote request: s1<-s0#0:FAIL-t189. Peer's state: s0@group-3D81F66BC438:t189, leader=null, voted=s0, raftlog=s0@group-3D81F66BC438-SegmentedRaftLog:OPENED:c11,f12,i12, conf=11: [s0:0.0.0.0:42154, s1:0.0.0.0:36158, s2:0.0.0.0:36910], old=null
2019-09-24 12:00:12,826 INFO  impl.LeaderElection (LeaderElection.java:logAndReturn(56)) - s2@group-3D81F66BC438-LeaderElection92: Election TIMEOUT; received 1 response(s) [s2<-s0#0:FAIL-t189] and 0 exception(s); s2@group-3D81F66BC438:t189, leader=null, voted=s2, raftlog=s2@group-3D81F66BC438-SegmentedRaftLog:OPENED:c10,f10,i10, conf=9: [s0:0.0.0.0:42154, s1:0.0.0.0:36158, s2:0.0.0.0:36910], old=null
2019-09-24 12:00:12,840 INFO  impl.LeaderElection (LeaderElection.java:askForVotes(178)) - s2@group-3D81F66BC438-LeaderElection92: begin an election at term 190 for 9: [s0:0.0.0.0:42154, s1:0.0.0.0:36158, s2:0.0.0.0:36910], old=null
2019-09-24 12:00:12,841 DEBUG impl.RaftServerImpl (RaftServerImpl.java:requestVote(743)) - s0@group-3D81F66BC438: receive requestVote(s2, group-3D81F66BC438, 190, (t:13, i:10))
2019-09-24 12:00:12,841 INFO  impl.RaftServerImpl (RaftServerImpl.java:setRole(170)) - s0@group-3D81F66BC438: changes role from CANDIDATE to FOLLOWER at term 190 for recognizeCandidate:s2
2019-09-24 12:00:12,841 INFO  impl.RoleInfo (RoleInfo.java:shutdownLeaderElection(134)) - s0: shutdown LeaderElection
2019-09-24 12:00:12,842 INFO  impl.RoleInfo (RoleInfo.java:updateAndGet(143)) - s0: start FollowerState
2019-09-24 12:00:12,855 DEBUG impl.RaftServerImpl (RaftServerImpl.java:requestVote(775)) - s0@group-3D81F66BC438 replies to vote request: s2<-s0#0:FAIL-t190. Peer's state: s0@group-3D81F66BC438:t190, leader=null, voted=null, raftlog=s0@group-3D81F66BC438-SegmentedRaftLog:OPENED:c11,f12,i12, conf=11: [s0:0.0.0.0:42154, s1:0.0.0.0:36158, s2:0.0.0.0:36910], old=null
2019-09-24 12:00:12,887 INFO  impl.LeaderElection (LeaderElection.java:logAndReturn(56)) - s1@group-3D81F66BC438-LeaderElection91: Election TIMEOUT; received 1 response(s) [s1<-s0#0:FAIL-t189] and 0 exception(s); s1@group-3D81F66BC438:t189, leader=null, voted=s1, raftlog=s1@group-3D81F66BC438-SegmentedRaftLog:OPENED:c10,f11,i11, conf=11: [s0:0.0.0.0:42154, s1:0.0.0.0:36158, s2:0.0.0.0:36910], old=null
2019-09-24 12:00:12,899 INFO  impl.LeaderElection (LeaderElection.java:askForVotes(178)) - s1@group-3D81F66BC438-LeaderElection91: begin an election at term 190 for 11: [s0:0.0.0.0:42154, s1:0.0.0.0:36158, s2:0.0.0.0:36910], old=null
2019-09-24 12:00:12,900 DEBUG impl.RaftServerImpl (RaftServerImpl.java:requestVote(743)) - s0@group-3D81F66BC438: receive requestVote(s1, group-3D81F66BC438, 190, (t:14, i:11))
2019-09-24 12:00:12,900 INFO  impl.RaftServerImpl (RaftServerImpl.java:setRole(170)) - s0@group-3D81F66BC438: changes role from  FOLLOWER to FOLLOWER at term 190 for recognizeCandidate:s1
2019-09-24 12:00:12,900 INFO  impl.RoleInfo (RoleInfo.java:shutdownFollowerState(121)) - s0: shutdown FollowerState
2019-09-24 12:00:12,900 INFO  impl.RoleInfo (RoleInfo.java:updateAndGet(143)) - s0: start FollowerState
2019-09-24 12:00:12,901 INFO  impl.FollowerState (FollowerState.java:run(117)) - s0@group-3D81F66BC438-FollowerState was interrupted: java.lang.InterruptedException: sleep interrupted
2019-09-24 12:00:12,901 DEBUG impl.RaftServerImpl (RaftServerImpl.java:requestVote(775)) - s0@group-3D81F66BC438 replies to vote request: s1<-s0#0:FAIL-t190. Peer's state: s0@group-3D81F66BC438:t190, leader=null, voted=null, raftlog=s0@group-3D81F66BC438-SegmentedRaftLog:OPENED:c11,f12,i12, conf=11: [s0:0.0.0.0:42154, s1:0.0.0.0:36158, s2:0.0.0.0:36910], old=null
2019-09-24 12:00:12,953 INFO  impl.LeaderElection (LeaderElection.java:logAndReturn(56)) - s0@group-3D81F66BC438-LeaderElection97: Election REJECTED; received 0 response(s) [] and 0 exception(s); s0@group-3D81F66BC438:t190, leader=null, voted=null, raftlog=s0@group-3D81F66BC438-SegmentedRaftLog:OPENED:c11,f12,i12, conf=11: [s0:0.0.0.0:42154, s1:0.0.0.0:36158, s2:0.0.0.0:36910], old=null
2019-09-24 12:00:12,968 WARN  ratis.RaftTestUtil (JavaUtils.java:attempt(158)) - FAILED "waitForLeader-null-(expectLeader? true)", attempt #92/100: java.lang.IllegalStateException: No leader yet : printing ALL groups
  s0:  RUNNING  FOLLOWER s0@group-3D81F66BC438:t190, leader=null, voted=null, raftlog=s0@group-3D81F66BC438-SegmentedRaftLog:OPENED:c11,f12,i12, conf=11: [s0:0.0.0.0:42154, s1:0.0.0.0:36158, s2:0.0.0.0:36910], old=null RUNNING
  s1:  RUNNING CANDIDATE s1@group-3D81F66BC438:t190, leader=null, voted=s1, raftlog=s1@group-3D81F66BC438-SegmentedRaftLog:OPENED:c10,f11,i11, conf=11: [s0:0.0.0.0:42154, s1:0.0.0.0:36158, s2:0.0.0.0:36910], old=null RUNNING
  s2:  RUNNING CANDIDATE s2@group-3D81F66BC438:t190, leader=null, voted=s2, raftlog=s2@group-3D81F66BC438-SegmentedRaftLog:OPENED:c10,f10,i10, conf=9: [s0:0.0.0.0:42154, s1:0.0.0.0:36158, s2:0.0.0.0:36910], old=null RUNNING, sleep 450ms and then retry.
java.lang.IllegalStateException: No leader yet : printing ALL groups
  s0:  RUNNING  FOLLOWER s0@group-3D81F66BC438:t190, leader=null, voted=null, raftlog=s0@group-3D81F66BC438-SegmentedRaftLog:OPENED:c11,f12,i12, conf=11: [s0:0.0.0.0:42154, s1:0.0.0.0:36158, s2:0.0.0.0:36910], old=null RUNNING
  s1:  RUNNING CANDIDATE s1@group-3D81F66BC438:t190, leader=null, voted=s1, raftlog=s1@group-3D81F66BC438-SegmentedRaftLog:OPENED:c10,f11,i11, conf=11: [s0:0.0.0.0:42154, s1:0.0.0.0:36158, s2:0.0.0.0:36910], old=null RUNNING
  s2:  RUNNING CANDIDATE s2@group-3D81F66BC438:t190, leader=null, voted=s2, raftlog=s2@group-3D81F66BC438-SegmentedRaftLog:OPENED:c10,f10,i10, conf=9: [s0:0.0.0.0:42154, s1:0.0.0.0:36158, s2:0.0.0.0:36910], old=null RUNNING
	at org.apache.ratis.MiniRaftCluster.newIllegalStateExceptionForNoLeaders(MiniRaftCluster.java:506)
	at org.apache.ratis.RaftTestUtil.lambda$waitForLeader$1(RaftTestUtil.java:90)
	at org.apache.ratis.MiniRaftCluster.getLeader(MiniRaftCluster.java:539)
	at org.apache.ratis.MiniRaftCluster.getLeader(MiniRaftCluster.java:532)
	at org.apache.ratis.RaftTestUtil.lambda$waitForLeader$3(RaftTestUtil.java:98)
	at org.apache.ratis.util.JavaUtils.attempt(JavaUtils.java:152)
	at org.apache.ratis.RaftTestUtil.waitForLeader(RaftTestUtil.java:97)
	at org.apache.ratis.RaftTestUtil.waitForLeader(RaftTestUtil.java:77)
	at org.apache.ratis.RaftTestUtil.waitForLeader(RaftTestUtil.java:72)
	at org.apache.ratis.RaftTestUtil.lambda$changeLeader$7(RaftTestUtil.java:363)
	at org.apache.ratis.util.JavaUtils.attempt(JavaUtils.java:152)
	at org.apache.ratis.RaftTestUtil.changeLeader(RaftTestUtil.java:362)
	at org.apache.ratis.server.impl.LeaderElectionTests.testChangeLeader(LeaderElectionTests.java:81)
	at sun.reflect.NativeMethodAccessorImpl.invoke0(Native Method)
	at sun.reflect.NativeMethodAccessorImpl.invoke(NativeMethodAccessorImpl.java:62)
	at sun.reflect.DelegatingMethodAccessorImpl.invoke(DelegatingMethodAccessorImpl.java:43)
	at java.lang.reflect.Method.invoke(Method.java:498)
	at org.junit.runners.model.FrameworkMethod$1.runReflectiveCall(FrameworkMethod.java:50)
	at org.junit.internal.runners.model.ReflectiveCallable.run(ReflectiveCallable.java:12)
	at org.junit.runners.model.FrameworkMethod.invokeExplosively(FrameworkMethod.java:47)
	at org.junit.internal.runners.statements.InvokeMethod.evaluate(InvokeMethod.java:17)
	at org.junit.internal.runners.statements.RunAfters.evaluate(RunAfters.java:27)
	at org.junit.internal.runners.statements.FailOnTimeout$CallableStatement.call(FailOnTimeout.java:298)
	at org.junit.internal.runners.statements.FailOnTimeout$CallableStatement.call(FailOnTimeout.java:292)
	at java.util.concurrent.FutureTask.run(FutureTask.java:266)
	at java.lang.Thread.run(Thread.java:748)
2019-09-24 12:00:13,067 INFO  impl.LeaderElection (LeaderElection.java:logAndReturn(56)) - s2@group-3D81F66BC438-LeaderElection92: Election TIMEOUT; received 1 response(s) [s2<-s0#0:FAIL-t190] and 0 exception(s); s2@group-3D81F66BC438:t190, leader=null, voted=s2, raftlog=s2@group-3D81F66BC438-SegmentedRaftLog:OPENED:c10,f10,i10, conf=9: [s0:0.0.0.0:42154, s1:0.0.0.0:36158, s2:0.0.0.0:36910], old=null
2019-09-24 12:00:13,093 INFO  impl.LeaderElection (LeaderElection.java:askForVotes(178)) - s2@group-3D81F66BC438-LeaderElection92: begin an election at term 191 for 9: [s0:0.0.0.0:42154, s1:0.0.0.0:36158, s2:0.0.0.0:36910], old=null
2019-09-24 12:00:13,093 DEBUG impl.RaftServerImpl (RaftServerImpl.java:requestVote(743)) - s0@group-3D81F66BC438: receive requestVote(s2, group-3D81F66BC438, 191, (t:13, i:10))
2019-09-24 12:00:13,093 INFO  impl.RaftServerImpl (RaftServerImpl.java:setRole(170)) - s0@group-3D81F66BC438: changes role from  FOLLOWER to FOLLOWER at term 191 for recognizeCandidate:s2
2019-09-24 12:00:13,094 INFO  impl.RoleInfo (RoleInfo.java:shutdownFollowerState(121)) - s0: shutdown FollowerState
2019-09-24 12:00:13,094 INFO  impl.RoleInfo (RoleInfo.java:updateAndGet(143)) - s0: start FollowerState
2019-09-24 12:00:13,094 INFO  impl.FollowerState (FollowerState.java:run(117)) - s0@group-3D81F66BC438-FollowerState was interrupted: java.lang.InterruptedException: sleep interrupted
2019-09-24 12:00:13,107 DEBUG impl.RaftServerImpl (RaftServerImpl.java:requestVote(775)) - s0@group-3D81F66BC438 replies to vote request: s2<-s0#0:FAIL-t191. Peer's state: s0@group-3D81F66BC438:t191, leader=null, voted=null, raftlog=s0@group-3D81F66BC438-SegmentedRaftLog:OPENED:c11,f12,i12, conf=11: [s0:0.0.0.0:42154, s1:0.0.0.0:36158, s2:0.0.0.0:36910], old=null
2019-09-24 12:00:13,163 INFO  impl.LeaderElection (LeaderElection.java:logAndReturn(56)) - s1@group-3D81F66BC438-LeaderElection91: Election TIMEOUT; received 1 response(s) [s1<-s0#0:FAIL-t190] and 0 exception(s); s1@group-3D81F66BC438:t190, leader=null, voted=s1, raftlog=s1@group-3D81F66BC438-SegmentedRaftLog:OPENED:c10,f11,i11, conf=11: [s0:0.0.0.0:42154, s1:0.0.0.0:36158, s2:0.0.0.0:36910], old=null
2019-09-24 12:00:13,176 INFO  impl.LeaderElection (LeaderElection.java:askForVotes(178)) - s1@group-3D81F66BC438-LeaderElection91: begin an election at term 191 for 11: [s0:0.0.0.0:42154, s1:0.0.0.0:36158, s2:0.0.0.0:36910], old=null
2019-09-24 12:00:13,177 DEBUG impl.RaftServerImpl (RaftServerImpl.java:requestVote(743)) - s0@group-3D81F66BC438: receive requestVote(s1, group-3D81F66BC438, 191, (t:14, i:11))
2019-09-24 12:00:13,177 INFO  impl.RaftServerImpl (RaftServerImpl.java:setRole(170)) - s0@group-3D81F66BC438: changes role from  FOLLOWER to FOLLOWER at term 191 for recognizeCandidate:s1
2019-09-24 12:00:13,177 INFO  impl.RoleInfo (RoleInfo.java:shutdownFollowerState(121)) - s0: shutdown FollowerState
2019-09-24 12:00:13,177 INFO  impl.RoleInfo (RoleInfo.java:updateAndGet(143)) - s0: start FollowerState
2019-09-24 12:00:13,177 INFO  impl.FollowerState (FollowerState.java:run(117)) - s0@group-3D81F66BC438-FollowerState was interrupted: java.lang.InterruptedException: sleep interrupted
2019-09-24 12:00:13,178 DEBUG impl.RaftServerImpl (RaftServerImpl.java:requestVote(775)) - s0@group-3D81F66BC438 replies to vote request: s1<-s0#0:FAIL-t191. Peer's state: s0@group-3D81F66BC438:t191, leader=null, voted=null, raftlog=s0@group-3D81F66BC438-SegmentedRaftLog:OPENED:c11,f12,i12, conf=11: [s0:0.0.0.0:42154, s1:0.0.0.0:36158, s2:0.0.0.0:36910], old=null
2019-09-24 12:00:13,363 INFO  impl.LeaderElection (LeaderElection.java:logAndReturn(56)) - s2@group-3D81F66BC438-LeaderElection92: Election TIMEOUT; received 1 response(s) [s2<-s0#0:FAIL-t191] and 0 exception(s); s2@group-3D81F66BC438:t191, leader=null, voted=s2, raftlog=s2@group-3D81F66BC438-SegmentedRaftLog:OPENED:c10,f10,i10, conf=9: [s0:0.0.0.0:42154, s1:0.0.0.0:36158, s2:0.0.0.0:36910], old=null
2019-09-24 12:00:13,389 INFO  impl.LeaderElection (LeaderElection.java:askForVotes(178)) - s2@group-3D81F66BC438-LeaderElection92: begin an election at term 192 for 9: [s0:0.0.0.0:42154, s1:0.0.0.0:36158, s2:0.0.0.0:36910], old=null
2019-09-24 12:00:13,389 DEBUG impl.RaftServerImpl (RaftServerImpl.java:requestVote(743)) - s0@group-3D81F66BC438: receive requestVote(s2, group-3D81F66BC438, 192, (t:13, i:10))
2019-09-24 12:00:13,389 INFO  impl.RaftServerImpl (RaftServerImpl.java:setRole(170)) - s0@group-3D81F66BC438: changes role from  FOLLOWER to FOLLOWER at term 192 for recognizeCandidate:s2
2019-09-24 12:00:13,390 INFO  impl.RoleInfo (RoleInfo.java:shutdownFollowerState(121)) - s0: shutdown FollowerState
2019-09-24 12:00:13,390 INFO  impl.RoleInfo (RoleInfo.java:updateAndGet(143)) - s0: start FollowerState
2019-09-24 12:00:13,390 INFO  impl.FollowerState (FollowerState.java:run(117)) - s0@group-3D81F66BC438-FollowerState was interrupted: java.lang.InterruptedException: sleep interrupted
2019-09-24 12:00:13,403 DEBUG impl.RaftServerImpl (RaftServerImpl.java:requestVote(775)) - s0@group-3D81F66BC438 replies to vote request: s2<-s0#0:FAIL-t192. Peer's state: s0@group-3D81F66BC438:t192, leader=null, voted=null, raftlog=s0@group-3D81F66BC438-SegmentedRaftLog:OPENED:c11,f12,i12, conf=11: [s0:0.0.0.0:42154, s1:0.0.0.0:36158, s2:0.0.0.0:36910], old=null
2019-09-24 12:00:13,419 WARN  ratis.RaftTestUtil (JavaUtils.java:attempt(158)) - FAILED "waitForLeader-null-(expectLeader? true)", attempt #93/100: java.lang.IllegalStateException: No leader yet : printing ALL groups
  s0:  RUNNING  FOLLOWER s0@group-3D81F66BC438:t192, leader=null, voted=null, raftlog=s0@group-3D81F66BC438-SegmentedRaftLog:OPENED:c11,f12,i12, conf=11: [s0:0.0.0.0:42154, s1:0.0.0.0:36158, s2:0.0.0.0:36910], old=null RUNNING
  s1:  RUNNING CANDIDATE s1@group-3D81F66BC438:t191, leader=null, voted=s1, raftlog=s1@group-3D81F66BC438-SegmentedRaftLog:OPENED:c10,f11,i11, conf=11: [s0:0.0.0.0:42154, s1:0.0.0.0:36158, s2:0.0.0.0:36910], old=null RUNNING
  s2:  RUNNING CANDIDATE s2@group-3D81F66BC438:t192, leader=null, voted=s2, raftlog=s2@group-3D81F66BC438-SegmentedRaftLog:OPENED:c10,f10,i10, conf=9: [s0:0.0.0.0:42154, s1:0.0.0.0:36158, s2:0.0.0.0:36910], old=null RUNNING, sleep 450ms and then retry.
java.lang.IllegalStateException: No leader yet : printing ALL groups
  s0:  RUNNING  FOLLOWER s0@group-3D81F66BC438:t192, leader=null, voted=null, raftlog=s0@group-3D81F66BC438-SegmentedRaftLog:OPENED:c11,f12,i12, conf=11: [s0:0.0.0.0:42154, s1:0.0.0.0:36158, s2:0.0.0.0:36910], old=null RUNNING
  s1:  RUNNING CANDIDATE s1@group-3D81F66BC438:t191, leader=null, voted=s1, raftlog=s1@group-3D81F66BC438-SegmentedRaftLog:OPENED:c10,f11,i11, conf=11: [s0:0.0.0.0:42154, s1:0.0.0.0:36158, s2:0.0.0.0:36910], old=null RUNNING
  s2:  RUNNING CANDIDATE s2@group-3D81F66BC438:t192, leader=null, voted=s2, raftlog=s2@group-3D81F66BC438-SegmentedRaftLog:OPENED:c10,f10,i10, conf=9: [s0:0.0.0.0:42154, s1:0.0.0.0:36158, s2:0.0.0.0:36910], old=null RUNNING
	at org.apache.ratis.MiniRaftCluster.newIllegalStateExceptionForNoLeaders(MiniRaftCluster.java:506)
	at org.apache.ratis.RaftTestUtil.lambda$waitForLeader$1(RaftTestUtil.java:90)
	at org.apache.ratis.MiniRaftCluster.getLeader(MiniRaftCluster.java:539)
	at org.apache.ratis.MiniRaftCluster.getLeader(MiniRaftCluster.java:532)
	at org.apache.ratis.RaftTestUtil.lambda$waitForLeader$3(RaftTestUtil.java:98)
	at org.apache.ratis.util.JavaUtils.attempt(JavaUtils.java:152)
	at org.apache.ratis.RaftTestUtil.waitForLeader(RaftTestUtil.java:97)
	at org.apache.ratis.RaftTestUtil.waitForLeader(RaftTestUtil.java:77)
	at org.apache.ratis.RaftTestUtil.waitForLeader(RaftTestUtil.java:72)
	at org.apache.ratis.RaftTestUtil.lambda$changeLeader$7(RaftTestUtil.java:363)
	at org.apache.ratis.util.JavaUtils.attempt(JavaUtils.java:152)
	at org.apache.ratis.RaftTestUtil.changeLeader(RaftTestUtil.java:362)
	at org.apache.ratis.server.impl.LeaderElectionTests.testChangeLeader(LeaderElectionTests.java:81)
	at sun.reflect.NativeMethodAccessorImpl.invoke0(Native Method)
	at sun.reflect.NativeMethodAccessorImpl.invoke(NativeMethodAccessorImpl.java:62)
	at sun.reflect.DelegatingMethodAccessorImpl.invoke(DelegatingMethodAccessorImpl.java:43)
	at java.lang.reflect.Method.invoke(Method.java:498)
	at org.junit.runners.model.FrameworkMethod$1.runReflectiveCall(FrameworkMethod.java:50)
	at org.junit.internal.runners.model.ReflectiveCallable.run(ReflectiveCallable.java:12)
	at org.junit.runners.model.FrameworkMethod.invokeExplosively(FrameworkMethod.java:47)
	at org.junit.internal.runners.statements.InvokeMethod.evaluate(InvokeMethod.java:17)
	at org.junit.internal.runners.statements.RunAfters.evaluate(RunAfters.java:27)
	at org.junit.internal.runners.statements.FailOnTimeout$CallableStatement.call(FailOnTimeout.java:298)
	at org.junit.internal.runners.statements.FailOnTimeout$CallableStatement.call(FailOnTimeout.java:292)
	at java.util.concurrent.FutureTask.run(FutureTask.java:266)
	at java.lang.Thread.run(Thread.java:748)
2019-09-24 12:00:13,445 INFO  impl.LeaderElection (LeaderElection.java:logAndReturn(56)) - s1@group-3D81F66BC438-LeaderElection91: Election TIMEOUT; received 1 response(s) [s1<-s0#0:FAIL-t191] and 0 exception(s); s1@group-3D81F66BC438:t191, leader=null, voted=s1, raftlog=s1@group-3D81F66BC438-SegmentedRaftLog:OPENED:c10,f11,i11, conf=11: [s0:0.0.0.0:42154, s1:0.0.0.0:36158, s2:0.0.0.0:36910], old=null
2019-09-24 12:00:13,458 INFO  impl.LeaderElection (LeaderElection.java:askForVotes(178)) - s1@group-3D81F66BC438-LeaderElection91: begin an election at term 192 for 11: [s0:0.0.0.0:42154, s1:0.0.0.0:36158, s2:0.0.0.0:36910], old=null
2019-09-24 12:00:13,459 DEBUG impl.RaftServerImpl (RaftServerImpl.java:requestVote(743)) - s0@group-3D81F66BC438: receive requestVote(s1, group-3D81F66BC438, 192, (t:14, i:11))
2019-09-24 12:00:13,459 INFO  impl.RaftServerImpl (RaftServerImpl.java:setRole(170)) - s0@group-3D81F66BC438: changes role from  FOLLOWER to FOLLOWER at term 192 for recognizeCandidate:s1
2019-09-24 12:00:13,459 INFO  impl.RoleInfo (RoleInfo.java:shutdownFollowerState(121)) - s0: shutdown FollowerState
2019-09-24 12:00:13,459 INFO  impl.RoleInfo (RoleInfo.java:updateAndGet(143)) - s0: start FollowerState
2019-09-24 12:00:13,459 INFO  impl.FollowerState (FollowerState.java:run(117)) - s0@group-3D81F66BC438-FollowerState was interrupted: java.lang.InterruptedException: sleep interrupted
2019-09-24 12:00:13,460 DEBUG impl.RaftServerImpl (RaftServerImpl.java:requestVote(775)) - s0@group-3D81F66BC438 replies to vote request: s1<-s0#0:FAIL-t192. Peer's state: s0@group-3D81F66BC438:t192, leader=null, voted=null, raftlog=s0@group-3D81F66BC438-SegmentedRaftLog:OPENED:c11,f12,i12, conf=11: [s0:0.0.0.0:42154, s1:0.0.0.0:36158, s2:0.0.0.0:36910], old=null
2019-09-24 12:00:13,574 INFO  impl.LeaderElection (LeaderElection.java:logAndReturn(56)) - s2@group-3D81F66BC438-LeaderElection92: Election TIMEOUT; received 1 response(s) [s2<-s0#0:FAIL-t192] and 0 exception(s); s2@group-3D81F66BC438:t192, leader=null, voted=s2, raftlog=s2@group-3D81F66BC438-SegmentedRaftLog:OPENED:c10,f10,i10, conf=9: [s0:0.0.0.0:42154, s1:0.0.0.0:36158, s2:0.0.0.0:36910], old=null
2019-09-24 12:00:13,600 INFO  impl.LeaderElection (LeaderElection.java:askForVotes(178)) - s2@group-3D81F66BC438-LeaderElection92: begin an election at term 193 for 9: [s0:0.0.0.0:42154, s1:0.0.0.0:36158, s2:0.0.0.0:36910], old=null
2019-09-24 12:00:13,601 DEBUG impl.RaftServerImpl (RaftServerImpl.java:requestVote(743)) - s0@group-3D81F66BC438: receive requestVote(s2, group-3D81F66BC438, 193, (t:13, i:10))
2019-09-24 12:00:13,601 INFO  impl.RaftServerImpl (RaftServerImpl.java:setRole(170)) - s0@group-3D81F66BC438: changes role from  FOLLOWER to FOLLOWER at term 193 for recognizeCandidate:s2
2019-09-24 12:00:13,601 INFO  impl.RoleInfo (RoleInfo.java:shutdownFollowerState(121)) - s0: shutdown FollowerState
2019-09-24 12:00:13,601 INFO  impl.RoleInfo (RoleInfo.java:updateAndGet(143)) - s0: start FollowerState
2019-09-24 12:00:13,601 INFO  impl.FollowerState (FollowerState.java:run(117)) - s0@group-3D81F66BC438-FollowerState was interrupted: java.lang.InterruptedException: sleep interrupted
2019-09-24 12:00:13,616 DEBUG impl.RaftServerImpl (RaftServerImpl.java:requestVote(775)) - s0@group-3D81F66BC438 replies to vote request: s2<-s0#0:FAIL-t193. Peer's state: s0@group-3D81F66BC438:t193, leader=null, voted=null, raftlog=s0@group-3D81F66BC438-SegmentedRaftLog:OPENED:c11,f12,i12, conf=11: [s0:0.0.0.0:42154, s1:0.0.0.0:36158, s2:0.0.0.0:36910], old=null
2019-09-24 12:00:13,649 INFO  impl.LeaderElection (LeaderElection.java:logAndReturn(56)) - s1@group-3D81F66BC438-LeaderElection91: Election TIMEOUT; received 1 response(s) [s1<-s0#0:FAIL-t192] and 0 exception(s); s1@group-3D81F66BC438:t192, leader=null, voted=s1, raftlog=s1@group-3D81F66BC438-SegmentedRaftLog:OPENED:c10,f11,i11, conf=11: [s0:0.0.0.0:42154, s1:0.0.0.0:36158, s2:0.0.0.0:36910], old=null
2019-09-24 12:00:13,662 INFO  impl.LeaderElection (LeaderElection.java:askForVotes(178)) - s1@group-3D81F66BC438-LeaderElection91: begin an election at term 193 for 11: [s0:0.0.0.0:42154, s1:0.0.0.0:36158, s2:0.0.0.0:36910], old=null
2019-09-24 12:00:13,662 DEBUG impl.RaftServerImpl (RaftServerImpl.java:requestVote(743)) - s0@group-3D81F66BC438: receive requestVote(s1, group-3D81F66BC438, 193, (t:14, i:11))
2019-09-24 12:00:13,662 INFO  impl.RaftServerImpl (RaftServerImpl.java:setRole(170)) - s0@group-3D81F66BC438: changes role from  FOLLOWER to FOLLOWER at term 193 for recognizeCandidate:s1
2019-09-24 12:00:13,662 INFO  impl.RoleInfo (RoleInfo.java:shutdownFollowerState(121)) - s0: shutdown FollowerState
2019-09-24 12:00:13,663 INFO  impl.RoleInfo (RoleInfo.java:updateAndGet(143)) - s0: start FollowerState
2019-09-24 12:00:13,663 INFO  impl.FollowerState (FollowerState.java:run(117)) - s0@group-3D81F66BC438-FollowerState was interrupted: java.lang.InterruptedException: sleep interrupted
2019-09-24 12:00:13,663 DEBUG impl.RaftServerImpl (RaftServerImpl.java:requestVote(775)) - s0@group-3D81F66BC438 replies to vote request: s1<-s0#0:FAIL-t193. Peer's state: s0@group-3D81F66BC438:t193, leader=null, voted=null, raftlog=s0@group-3D81F66BC438-SegmentedRaftLog:OPENED:c11,f12,i12, conf=11: [s0:0.0.0.0:42154, s1:0.0.0.0:36158, s2:0.0.0.0:36910], old=null
2019-09-24 12:00:13,870 WARN  ratis.RaftTestUtil (JavaUtils.java:attempt(158)) - FAILED "waitForLeader-null-(expectLeader? true)", attempt #94/100: java.lang.IllegalStateException: No leader yet : printing ALL groups
  s0:  RUNNING  FOLLOWER s0@group-3D81F66BC438:t193, leader=null, voted=null, raftlog=s0@group-3D81F66BC438-SegmentedRaftLog:OPENED:c11,f12,i12, conf=11: [s0:0.0.0.0:42154, s1:0.0.0.0:36158, s2:0.0.0.0:36910], old=null RUNNING
  s1:  RUNNING CANDIDATE s1@group-3D81F66BC438:t193, leader=null, voted=s1, raftlog=s1@group-3D81F66BC438-SegmentedRaftLog:OPENED:c10,f11,i11, conf=11: [s0:0.0.0.0:42154, s1:0.0.0.0:36158, s2:0.0.0.0:36910], old=null RUNNING
  s2:  RUNNING CANDIDATE s2@group-3D81F66BC438:t193, leader=null, voted=s2, raftlog=s2@group-3D81F66BC438-SegmentedRaftLog:OPENED:c10,f10,i10, conf=9: [s0:0.0.0.0:42154, s1:0.0.0.0:36158, s2:0.0.0.0:36910], old=null RUNNING, sleep 450ms and then retry.
java.lang.IllegalStateException: No leader yet : printing ALL groups
  s0:  RUNNING  FOLLOWER s0@group-3D81F66BC438:t193, leader=null, voted=null, raftlog=s0@group-3D81F66BC438-SegmentedRaftLog:OPENED:c11,f12,i12, conf=11: [s0:0.0.0.0:42154, s1:0.0.0.0:36158, s2:0.0.0.0:36910], old=null RUNNING
  s1:  RUNNING CANDIDATE s1@group-3D81F66BC438:t193, leader=null, voted=s1, raftlog=s1@group-3D81F66BC438-SegmentedRaftLog:OPENED:c10,f11,i11, conf=11: [s0:0.0.0.0:42154, s1:0.0.0.0:36158, s2:0.0.0.0:36910], old=null RUNNING
  s2:  RUNNING CANDIDATE s2@group-3D81F66BC438:t193, leader=null, voted=s2, raftlog=s2@group-3D81F66BC438-SegmentedRaftLog:OPENED:c10,f10,i10, conf=9: [s0:0.0.0.0:42154, s1:0.0.0.0:36158, s2:0.0.0.0:36910], old=null RUNNING
	at org.apache.ratis.MiniRaftCluster.newIllegalStateExceptionForNoLeaders(MiniRaftCluster.java:506)
	at org.apache.ratis.RaftTestUtil.lambda$waitForLeader$1(RaftTestUtil.java:90)
	at org.apache.ratis.MiniRaftCluster.getLeader(MiniRaftCluster.java:539)
	at org.apache.ratis.MiniRaftCluster.getLeader(MiniRaftCluster.java:532)
	at org.apache.ratis.RaftTestUtil.lambda$waitForLeader$3(RaftTestUtil.java:98)
	at org.apache.ratis.util.JavaUtils.attempt(JavaUtils.java:152)
	at org.apache.ratis.RaftTestUtil.waitForLeader(RaftTestUtil.java:97)
	at org.apache.ratis.RaftTestUtil.waitForLeader(RaftTestUtil.java:77)
	at org.apache.ratis.RaftTestUtil.waitForLeader(RaftTestUtil.java:72)
	at org.apache.ratis.RaftTestUtil.lambda$changeLeader$7(RaftTestUtil.java:363)
	at org.apache.ratis.util.JavaUtils.attempt(JavaUtils.java:152)
	at org.apache.ratis.RaftTestUtil.changeLeader(RaftTestUtil.java:362)
	at org.apache.ratis.server.impl.LeaderElectionTests.testChangeLeader(LeaderElectionTests.java:81)
	at sun.reflect.NativeMethodAccessorImpl.invoke0(Native Method)
	at sun.reflect.NativeMethodAccessorImpl.invoke(NativeMethodAccessorImpl.java:62)
	at sun.reflect.DelegatingMethodAccessorImpl.invoke(DelegatingMethodAccessorImpl.java:43)
	at java.lang.reflect.Method.invoke(Method.java:498)
	at org.junit.runners.model.FrameworkMethod$1.runReflectiveCall(FrameworkMethod.java:50)
	at org.junit.internal.runners.model.ReflectiveCallable.run(ReflectiveCallable.java:12)
	at org.junit.runners.model.FrameworkMethod.invokeExplosively(FrameworkMethod.java:47)
	at org.junit.internal.runners.statements.InvokeMethod.evaluate(InvokeMethod.java:17)
	at org.junit.internal.runners.statements.RunAfters.evaluate(RunAfters.java:27)
	at org.junit.internal.runners.statements.FailOnTimeout$CallableStatement.call(FailOnTimeout.java:298)
	at org.junit.internal.runners.statements.FailOnTimeout$CallableStatement.call(FailOnTimeout.java:292)
	at java.util.concurrent.FutureTask.run(FutureTask.java:266)
	at java.lang.Thread.run(Thread.java:748)
2019-09-24 12:00:13,888 INFO  impl.LeaderElection (LeaderElection.java:logAndReturn(56)) - s1@group-3D81F66BC438-LeaderElection91: Election TIMEOUT; received 1 response(s) [s1<-s0#0:FAIL-t193] and 0 exception(s); s1@group-3D81F66BC438:t193, leader=null, voted=s1, raftlog=s1@group-3D81F66BC438-SegmentedRaftLog:OPENED:c10,f11,i11, conf=11: [s0:0.0.0.0:42154, s1:0.0.0.0:36158, s2:0.0.0.0:36910], old=null
2019-09-24 12:00:13,889 INFO  impl.FollowerState (FollowerState.java:run(108)) - s0@group-3D81F66BC438-FollowerState: change to CANDIDATE, lastRpcTime:226ms, electionTimeout:226ms
2019-09-24 12:00:13,889 INFO  impl.RoleInfo (RoleInfo.java:shutdownFollowerState(121)) - s0: shutdown FollowerState
2019-09-24 12:00:13,890 INFO  impl.RaftServerImpl (RaftServerImpl.java:setRole(170)) - s0@group-3D81F66BC438: changes role from  FOLLOWER to CANDIDATE at term 193 for changeToCandidate
2019-09-24 12:00:13,890 INFO  impl.RoleInfo (RoleInfo.java:updateAndGet(143)) - s0: start LeaderElection
2019-09-24 12:00:13,895 INFO  impl.LeaderElection (LeaderElection.java:logAndReturn(56)) - s2@group-3D81F66BC438-LeaderElection92: Election TIMEOUT; received 1 response(s) [s2<-s0#0:FAIL-t193] and 0 exception(s); s2@group-3D81F66BC438:t193, leader=null, voted=s2, raftlog=s2@group-3D81F66BC438-SegmentedRaftLog:OPENED:c10,f10,i10, conf=9: [s0:0.0.0.0:42154, s1:0.0.0.0:36158, s2:0.0.0.0:36910], old=null
2019-09-24 12:00:13,903 INFO  impl.LeaderElection (LeaderElection.java:askForVotes(178)) - s2@group-3D81F66BC438-LeaderElection92: begin an election at term 194 for 9: [s0:0.0.0.0:42154, s1:0.0.0.0:36158, s2:0.0.0.0:36910], old=null
2019-09-24 12:00:13,903 INFO  impl.LeaderElection (LeaderElection.java:askForVotes(178)) - s1@group-3D81F66BC438-LeaderElection91: begin an election at term 194 for 11: [s0:0.0.0.0:42154, s1:0.0.0.0:36158, s2:0.0.0.0:36910], old=null
2019-09-24 12:00:13,903 INFO  impl.LeaderElection (LeaderElection.java:askForVotes(178)) - s0@group-3D81F66BC438-LeaderElection98: begin an election at term 194 for 11: [s0:0.0.0.0:42154, s1:0.0.0.0:36158, s2:0.0.0.0:36910], old=null
2019-09-24 12:00:13,904 DEBUG impl.RaftServerImpl (RaftServerImpl.java:requestVote(743)) - s0@group-3D81F66BC438: receive requestVote(s2, group-3D81F66BC438, 194, (t:13, i:10))
2019-09-24 12:00:13,904 DEBUG impl.RaftServerImpl (RaftServerImpl.java:requestVote(743)) - s0@group-3D81F66BC438: receive requestVote(s1, group-3D81F66BC438, 194, (t:14, i:11))
2019-09-24 12:00:13,904 DEBUG impl.RaftServerImpl (RaftServerImpl.java:requestVote(775)) - s0@group-3D81F66BC438 replies to vote request: s2<-s0#0:FAIL-t194. Peer's state: s0@group-3D81F66BC438:t194, leader=null, voted=s0, raftlog=s0@group-3D81F66BC438-SegmentedRaftLog:OPENED:c11,f12,i12, conf=11: [s0:0.0.0.0:42154, s1:0.0.0.0:36158, s2:0.0.0.0:36910], old=null
2019-09-24 12:00:13,905 DEBUG impl.RaftServerImpl (RaftServerImpl.java:requestVote(775)) - s0@group-3D81F66BC438 replies to vote request: s1<-s0#0:FAIL-t194. Peer's state: s0@group-3D81F66BC438:t194, leader=null, voted=s0, raftlog=s0@group-3D81F66BC438-SegmentedRaftLog:OPENED:c11,f12,i12, conf=11: [s0:0.0.0.0:42154, s1:0.0.0.0:36158, s2:0.0.0.0:36910], old=null
2019-09-24 12:00:14,091 INFO  impl.LeaderElection (LeaderElection.java:logAndReturn(56)) - s1@group-3D81F66BC438-LeaderElection91: Election TIMEOUT; received 1 response(s) [s1<-s0#0:FAIL-t194] and 0 exception(s); s1@group-3D81F66BC438:t194, leader=null, voted=s1, raftlog=s1@group-3D81F66BC438-SegmentedRaftLog:OPENED:c10,f11,i11, conf=11: [s0:0.0.0.0:42154, s1:0.0.0.0:36158, s2:0.0.0.0:36910], old=null
2019-09-24 12:00:14,105 INFO  impl.LeaderElection (LeaderElection.java:askForVotes(178)) - s1@group-3D81F66BC438-LeaderElection91: begin an election at term 195 for 11: [s0:0.0.0.0:42154, s1:0.0.0.0:36158, s2:0.0.0.0:36910], old=null
2019-09-24 12:00:14,106 DEBUG impl.RaftServerImpl (RaftServerImpl.java:requestVote(743)) - s0@group-3D81F66BC438: receive requestVote(s1, group-3D81F66BC438, 195, (t:14, i:11))
2019-09-24 12:00:14,106 INFO  impl.RaftServerImpl (RaftServerImpl.java:setRole(170)) - s0@group-3D81F66BC438: changes role from CANDIDATE to FOLLOWER at term 195 for recognizeCandidate:s1
2019-09-24 12:00:14,106 INFO  impl.RoleInfo (RoleInfo.java:shutdownLeaderElection(134)) - s0: shutdown LeaderElection
2019-09-24 12:00:14,106 INFO  impl.RoleInfo (RoleInfo.java:updateAndGet(143)) - s0: start FollowerState
2019-09-24 12:00:14,110 INFO  impl.LeaderElection (LeaderElection.java:logAndReturn(56)) - s0@group-3D81F66BC438-LeaderElection98: Election REJECTED; received 0 response(s) [] and 0 exception(s); s0@group-3D81F66BC438:t195, leader=null, voted=null, raftlog=s0@group-3D81F66BC438-SegmentedRaftLog:OPENED:c11,f12,i12, conf=11: [s0:0.0.0.0:42154, s1:0.0.0.0:36158, s2:0.0.0.0:36910], old=null
2019-09-24 12:00:14,117 DEBUG impl.RaftServerImpl (RaftServerImpl.java:requestVote(775)) - s0@group-3D81F66BC438 replies to vote request: s1<-s0#0:FAIL-t195. Peer's state: s0@group-3D81F66BC438:t195, leader=null, voted=null, raftlog=s0@group-3D81F66BC438-SegmentedRaftLog:OPENED:c11,f12,i12, conf=11: [s0:0.0.0.0:42154, s1:0.0.0.0:36158, s2:0.0.0.0:36910], old=null
2019-09-24 12:00:14,192 INFO  impl.LeaderElection (LeaderElection.java:logAndReturn(56)) - s2@group-3D81F66BC438-LeaderElection92: Election TIMEOUT; received 1 response(s) [s2<-s0#0:FAIL-t194] and 0 exception(s); s2@group-3D81F66BC438:t194, leader=null, voted=s2, raftlog=s2@group-3D81F66BC438-SegmentedRaftLog:OPENED:c10,f10,i10, conf=9: [s0:0.0.0.0:42154, s1:0.0.0.0:36158, s2:0.0.0.0:36910], old=null
2019-09-24 12:00:14,205 INFO  impl.LeaderElection (LeaderElection.java:askForVotes(178)) - s2@group-3D81F66BC438-LeaderElection92: begin an election at term 195 for 9: [s0:0.0.0.0:42154, s1:0.0.0.0:36158, s2:0.0.0.0:36910], old=null
2019-09-24 12:00:14,205 DEBUG impl.RaftServerImpl (RaftServerImpl.java:requestVote(743)) - s0@group-3D81F66BC438: receive requestVote(s2, group-3D81F66BC438, 195, (t:13, i:10))
2019-09-24 12:00:14,206 INFO  impl.RaftServerImpl (RaftServerImpl.java:setRole(170)) - s0@group-3D81F66BC438: changes role from  FOLLOWER to FOLLOWER at term 195 for recognizeCandidate:s2
2019-09-24 12:00:14,206 INFO  impl.RoleInfo (RoleInfo.java:shutdownFollowerState(121)) - s0: shutdown FollowerState
2019-09-24 12:00:14,206 INFO  impl.RoleInfo (RoleInfo.java:updateAndGet(143)) - s0: start FollowerState
2019-09-24 12:00:14,206 INFO  impl.FollowerState (FollowerState.java:run(117)) - s0@group-3D81F66BC438-FollowerState was interrupted: java.lang.InterruptedException: sleep interrupted
2019-09-24 12:00:14,206 DEBUG impl.RaftServerImpl (RaftServerImpl.java:requestVote(775)) - s0@group-3D81F66BC438 replies to vote request: s2<-s0#0:FAIL-t195. Peer's state: s0@group-3D81F66BC438:t195, leader=null, voted=null, raftlog=s0@group-3D81F66BC438-SegmentedRaftLog:OPENED:c11,f12,i12, conf=11: [s0:0.0.0.0:42154, s1:0.0.0.0:36158, s2:0.0.0.0:36910], old=null
2019-09-24 12:00:14,322 WARN  ratis.RaftTestUtil (JavaUtils.java:attempt(158)) - FAILED "waitForLeader-null-(expectLeader? true)", attempt #95/100: java.lang.IllegalStateException: No leader yet : printing ALL groups
  s0:  RUNNING  FOLLOWER s0@group-3D81F66BC438:t195, leader=null, voted=null, raftlog=s0@group-3D81F66BC438-SegmentedRaftLog:OPENED:c11,f12,i12, conf=11: [s0:0.0.0.0:42154, s1:0.0.0.0:36158, s2:0.0.0.0:36910], old=null RUNNING
  s1:  RUNNING CANDIDATE s1@group-3D81F66BC438:t195, leader=null, voted=s1, raftlog=s1@group-3D81F66BC438-SegmentedRaftLog:OPENED:c10,f11,i11, conf=11: [s0:0.0.0.0:42154, s1:0.0.0.0:36158, s2:0.0.0.0:36910], old=null RUNNING
  s2:  RUNNING CANDIDATE s2@group-3D81F66BC438:t195, leader=null, voted=s2, raftlog=s2@group-3D81F66BC438-SegmentedRaftLog:OPENED:c10,f10,i10, conf=9: [s0:0.0.0.0:42154, s1:0.0.0.0:36158, s2:0.0.0.0:36910], old=null RUNNING, sleep 450ms and then retry.
java.lang.IllegalStateException: No leader yet : printing ALL groups
  s0:  RUNNING  FOLLOWER s0@group-3D81F66BC438:t195, leader=null, voted=null, raftlog=s0@group-3D81F66BC438-SegmentedRaftLog:OPENED:c11,f12,i12, conf=11: [s0:0.0.0.0:42154, s1:0.0.0.0:36158, s2:0.0.0.0:36910], old=null RUNNING
  s1:  RUNNING CANDIDATE s1@group-3D81F66BC438:t195, leader=null, voted=s1, raftlog=s1@group-3D81F66BC438-SegmentedRaftLog:OPENED:c10,f11,i11, conf=11: [s0:0.0.0.0:42154, s1:0.0.0.0:36158, s2:0.0.0.0:36910], old=null RUNNING
  s2:  RUNNING CANDIDATE s2@group-3D81F66BC438:t195, leader=null, voted=s2, raftlog=s2@group-3D81F66BC438-SegmentedRaftLog:OPENED:c10,f10,i10, conf=9: [s0:0.0.0.0:42154, s1:0.0.0.0:36158, s2:0.0.0.0:36910], old=null RUNNING
	at org.apache.ratis.MiniRaftCluster.newIllegalStateExceptionForNoLeaders(MiniRaftCluster.java:506)
	at org.apache.ratis.RaftTestUtil.lambda$waitForLeader$1(RaftTestUtil.java:90)
	at org.apache.ratis.MiniRaftCluster.getLeader(MiniRaftCluster.java:539)
	at org.apache.ratis.MiniRaftCluster.getLeader(MiniRaftCluster.java:532)
	at org.apache.ratis.RaftTestUtil.lambda$waitForLeader$3(RaftTestUtil.java:98)
	at org.apache.ratis.util.JavaUtils.attempt(JavaUtils.java:152)
	at org.apache.ratis.RaftTestUtil.waitForLeader(RaftTestUtil.java:97)
	at org.apache.ratis.RaftTestUtil.waitForLeader(RaftTestUtil.java:77)
	at org.apache.ratis.RaftTestUtil.waitForLeader(RaftTestUtil.java:72)
	at org.apache.ratis.RaftTestUtil.lambda$changeLeader$7(RaftTestUtil.java:363)
	at org.apache.ratis.util.JavaUtils.attempt(JavaUtils.java:152)
	at org.apache.ratis.RaftTestUtil.changeLeader(RaftTestUtil.java:362)
	at org.apache.ratis.server.impl.LeaderElectionTests.testChangeLeader(LeaderElectionTests.java:81)
	at sun.reflect.NativeMethodAccessorImpl.invoke0(Native Method)
	at sun.reflect.NativeMethodAccessorImpl.invoke(NativeMethodAccessorImpl.java:62)
	at sun.reflect.DelegatingMethodAccessorImpl.invoke(DelegatingMethodAccessorImpl.java:43)
	at java.lang.reflect.Method.invoke(Method.java:498)
	at org.junit.runners.model.FrameworkMethod$1.runReflectiveCall(FrameworkMethod.java:50)
	at org.junit.internal.runners.model.ReflectiveCallable.run(ReflectiveCallable.java:12)
	at org.junit.runners.model.FrameworkMethod.invokeExplosively(FrameworkMethod.java:47)
	at org.junit.internal.runners.statements.InvokeMethod.evaluate(InvokeMethod.java:17)
	at org.junit.internal.runners.statements.RunAfters.evaluate(RunAfters.java:27)
	at org.junit.internal.runners.statements.FailOnTimeout$CallableStatement.call(FailOnTimeout.java:298)
	at org.junit.internal.runners.statements.FailOnTimeout$CallableStatement.call(FailOnTimeout.java:292)
	at java.util.concurrent.FutureTask.run(FutureTask.java:266)
	at java.lang.Thread.run(Thread.java:748)
2019-09-24 12:00:14,366 INFO  impl.LeaderElection (LeaderElection.java:logAndReturn(56)) - s1@group-3D81F66BC438-LeaderElection91: Election TIMEOUT; received 1 response(s) [s1<-s0#0:FAIL-t195] and 0 exception(s); s1@group-3D81F66BC438:t195, leader=null, voted=s1, raftlog=s1@group-3D81F66BC438-SegmentedRaftLog:OPENED:c10,f11,i11, conf=11: [s0:0.0.0.0:42154, s1:0.0.0.0:36158, s2:0.0.0.0:36910], old=null
2019-09-24 12:00:14,379 INFO  impl.LeaderElection (LeaderElection.java:askForVotes(178)) - s1@group-3D81F66BC438-LeaderElection91: begin an election at term 196 for 11: [s0:0.0.0.0:42154, s1:0.0.0.0:36158, s2:0.0.0.0:36910], old=null
2019-09-24 12:00:14,379 DEBUG impl.RaftServerImpl (RaftServerImpl.java:requestVote(743)) - s0@group-3D81F66BC438: receive requestVote(s1, group-3D81F66BC438, 196, (t:14, i:11))
2019-09-24 12:00:14,380 INFO  impl.RaftServerImpl (RaftServerImpl.java:setRole(170)) - s0@group-3D81F66BC438: changes role from  FOLLOWER to FOLLOWER at term 196 for recognizeCandidate:s1
2019-09-24 12:00:14,380 INFO  impl.RoleInfo (RoleInfo.java:shutdownFollowerState(121)) - s0: shutdown FollowerState
2019-09-24 12:00:14,380 INFO  impl.RoleInfo (RoleInfo.java:updateAndGet(143)) - s0: start FollowerState
2019-09-24 12:00:14,380 INFO  impl.FollowerState (FollowerState.java:run(117)) - s0@group-3D81F66BC438-FollowerState was interrupted: java.lang.InterruptedException: sleep interrupted
2019-09-24 12:00:14,410 DEBUG impl.RaftServerImpl (RaftServerImpl.java:requestVote(775)) - s0@group-3D81F66BC438 replies to vote request: s1<-s0#0:FAIL-t196. Peer's state: s0@group-3D81F66BC438:t196, leader=null, voted=null, raftlog=s0@group-3D81F66BC438-SegmentedRaftLog:OPENED:c11,f12,i12, conf=11: [s0:0.0.0.0:42154, s1:0.0.0.0:36158, s2:0.0.0.0:36910], old=null
2019-09-24 12:00:14,503 INFO  impl.LeaderElection (LeaderElection.java:logAndReturn(56)) - s2@group-3D81F66BC438-LeaderElection92: Election TIMEOUT; received 1 response(s) [s2<-s0#0:FAIL-t195] and 0 exception(s); s2@group-3D81F66BC438:t195, leader=null, voted=s2, raftlog=s2@group-3D81F66BC438-SegmentedRaftLog:OPENED:c10,f10,i10, conf=9: [s0:0.0.0.0:42154, s1:0.0.0.0:36158, s2:0.0.0.0:36910], old=null
2019-09-24 12:00:14,529 INFO  impl.LeaderElection (LeaderElection.java:askForVotes(178)) - s2@group-3D81F66BC438-LeaderElection92: begin an election at term 196 for 9: [s0:0.0.0.0:42154, s1:0.0.0.0:36158, s2:0.0.0.0:36910], old=null
2019-09-24 12:00:14,530 DEBUG impl.RaftServerImpl (RaftServerImpl.java:requestVote(743)) - s0@group-3D81F66BC438: receive requestVote(s2, group-3D81F66BC438, 196, (t:13, i:10))
2019-09-24 12:00:14,530 INFO  impl.RaftServerImpl (RaftServerImpl.java:setRole(170)) - s0@group-3D81F66BC438: changes role from  FOLLOWER to FOLLOWER at term 196 for recognizeCandidate:s2
2019-09-24 12:00:14,530 INFO  impl.RoleInfo (RoleInfo.java:shutdownFollowerState(121)) - s0: shutdown FollowerState
2019-09-24 12:00:14,530 INFO  impl.RoleInfo (RoleInfo.java:updateAndGet(143)) - s0: start FollowerState
2019-09-24 12:00:14,530 INFO  impl.FollowerState (FollowerState.java:run(117)) - s0@group-3D81F66BC438-FollowerState was interrupted: java.lang.InterruptedException: sleep interrupted
2019-09-24 12:00:14,530 DEBUG impl.RaftServerImpl (RaftServerImpl.java:requestVote(775)) - s0@group-3D81F66BC438 replies to vote request: s2<-s0#0:FAIL-t196. Peer's state: s0@group-3D81F66BC438:t196, leader=null, voted=null, raftlog=s0@group-3D81F66BC438-SegmentedRaftLog:OPENED:c11,f12,i12, conf=11: [s0:0.0.0.0:42154, s1:0.0.0.0:36158, s2:0.0.0.0:36910], old=null
2019-09-24 12:00:14,542 INFO  impl.LeaderElection (LeaderElection.java:logAndReturn(56)) - s1@group-3D81F66BC438-LeaderElection91: Election TIMEOUT; received 1 response(s) [s1<-s0#0:FAIL-t196] and 0 exception(s); s1@group-3D81F66BC438:t196, leader=null, voted=s1, raftlog=s1@group-3D81F66BC438-SegmentedRaftLog:OPENED:c10,f11,i11, conf=11: [s0:0.0.0.0:42154, s1:0.0.0.0:36158, s2:0.0.0.0:36910], old=null
2019-09-24 12:00:14,580 INFO  impl.LeaderElection (LeaderElection.java:askForVotes(178)) - s1@group-3D81F66BC438-LeaderElection91: begin an election at term 197 for 11: [s0:0.0.0.0:42154, s1:0.0.0.0:36158, s2:0.0.0.0:36910], old=null
2019-09-24 12:00:14,581 DEBUG impl.RaftServerImpl (RaftServerImpl.java:requestVote(743)) - s0@group-3D81F66BC438: receive requestVote(s1, group-3D81F66BC438, 197, (t:14, i:11))
2019-09-24 12:00:14,581 INFO  impl.RaftServerImpl (RaftServerImpl.java:setRole(170)) - s0@group-3D81F66BC438: changes role from  FOLLOWER to FOLLOWER at term 197 for recognizeCandidate:s1
2019-09-24 12:00:14,581 INFO  impl.RoleInfo (RoleInfo.java:shutdownFollowerState(121)) - s0: shutdown FollowerState
2019-09-24 12:00:14,581 INFO  impl.RoleInfo (RoleInfo.java:updateAndGet(143)) - s0: start FollowerState
2019-09-24 12:00:14,581 INFO  impl.FollowerState (FollowerState.java:run(117)) - s0@group-3D81F66BC438-FollowerState was interrupted: java.lang.InterruptedException: sleep interrupted
2019-09-24 12:00:14,586 DEBUG impl.RaftServerImpl (RaftServerImpl.java:requestVote(775)) - s0@group-3D81F66BC438 replies to vote request: s1<-s0#0:FAIL-t197. Peer's state: s0@group-3D81F66BC438:t197, leader=null, voted=null, raftlog=s0@group-3D81F66BC438-SegmentedRaftLog:OPENED:c11,f12,i12, conf=11: [s0:0.0.0.0:42154, s1:0.0.0.0:36158, s2:0.0.0.0:36910], old=null
2019-09-24 12:00:14,748 INFO  impl.LeaderElection (LeaderElection.java:logAndReturn(56)) - s2@group-3D81F66BC438-LeaderElection92: Election TIMEOUT; received 1 response(s) [s2<-s0#0:FAIL-t196] and 0 exception(s); s2@group-3D81F66BC438:t196, leader=null, voted=s2, raftlog=s2@group-3D81F66BC438-SegmentedRaftLog:OPENED:c10,f10,i10, conf=9: [s0:0.0.0.0:42154, s1:0.0.0.0:36158, s2:0.0.0.0:36910], old=null
2019-09-24 12:00:14,773 WARN  ratis.RaftTestUtil (JavaUtils.java:attempt(158)) - FAILED "waitForLeader-null-(expectLeader? true)", attempt #96/100: java.lang.IllegalStateException: No leader yet : printing ALL groups
  s0:  RUNNING  FOLLOWER s0@group-3D81F66BC438:t197, leader=null, voted=null, raftlog=s0@group-3D81F66BC438-SegmentedRaftLog:OPENED:c11,f12,i12, conf=11: [s0:0.0.0.0:42154, s1:0.0.0.0:36158, s2:0.0.0.0:36910], old=null RUNNING
  s1:  RUNNING CANDIDATE s1@group-3D81F66BC438:t197, leader=null, voted=s1, raftlog=s1@group-3D81F66BC438-SegmentedRaftLog:OPENED:c10,f11,i11, conf=11: [s0:0.0.0.0:42154, s1:0.0.0.0:36158, s2:0.0.0.0:36910], old=null RUNNING
  s2:  RUNNING CANDIDATE s2@group-3D81F66BC438:t197, leader=null, voted=s2, raftlog=s2@group-3D81F66BC438-SegmentedRaftLog:OPENED:c10,f10,i10, conf=9: [s0:0.0.0.0:42154, s1:0.0.0.0:36158, s2:0.0.0.0:36910], old=null RUNNING, sleep 450ms and then retry.
java.lang.IllegalStateException: No leader yet : printing ALL groups
  s0:  RUNNING  FOLLOWER s0@group-3D81F66BC438:t197, leader=null, voted=null, raftlog=s0@group-3D81F66BC438-SegmentedRaftLog:OPENED:c11,f12,i12, conf=11: [s0:0.0.0.0:42154, s1:0.0.0.0:36158, s2:0.0.0.0:36910], old=null RUNNING
  s1:  RUNNING CANDIDATE s1@group-3D81F66BC438:t197, leader=null, voted=s1, raftlog=s1@group-3D81F66BC438-SegmentedRaftLog:OPENED:c10,f11,i11, conf=11: [s0:0.0.0.0:42154, s1:0.0.0.0:36158, s2:0.0.0.0:36910], old=null RUNNING
  s2:  RUNNING CANDIDATE s2@group-3D81F66BC438:t197, leader=null, voted=s2, raftlog=s2@group-3D81F66BC438-SegmentedRaftLog:OPENED:c10,f10,i10, conf=9: [s0:0.0.0.0:42154, s1:0.0.0.0:36158, s2:0.0.0.0:36910], old=null RUNNING
	at org.apache.ratis.MiniRaftCluster.newIllegalStateExceptionForNoLeaders(MiniRaftCluster.java:506)
	at org.apache.ratis.RaftTestUtil.lambda$waitForLeader$1(RaftTestUtil.java:90)
	at org.apache.ratis.MiniRaftCluster.getLeader(MiniRaftCluster.java:539)
	at org.apache.ratis.MiniRaftCluster.getLeader(MiniRaftCluster.java:532)
	at org.apache.ratis.RaftTestUtil.lambda$waitForLeader$3(RaftTestUtil.java:98)
	at org.apache.ratis.util.JavaUtils.attempt(JavaUtils.java:152)
	at org.apache.ratis.RaftTestUtil.waitForLeader(RaftTestUtil.java:97)
	at org.apache.ratis.RaftTestUtil.waitForLeader(RaftTestUtil.java:77)
	at org.apache.ratis.RaftTestUtil.waitForLeader(RaftTestUtil.java:72)
	at org.apache.ratis.RaftTestUtil.lambda$changeLeader$7(RaftTestUtil.java:363)
	at org.apache.ratis.util.JavaUtils.attempt(JavaUtils.java:152)
	at org.apache.ratis.RaftTestUtil.changeLeader(RaftTestUtil.java:362)
	at org.apache.ratis.server.impl.LeaderElectionTests.testChangeLeader(LeaderElectionTests.java:81)
	at sun.reflect.NativeMethodAccessorImpl.invoke0(Native Method)
	at sun.reflect.NativeMethodAccessorImpl.invoke(NativeMethodAccessorImpl.java:62)
	at sun.reflect.DelegatingMethodAccessorImpl.invoke(DelegatingMethodAccessorImpl.java:43)
	at java.lang.reflect.Method.invoke(Method.java:498)
	at org.junit.runners.model.FrameworkMethod$1.runReflectiveCall(FrameworkMethod.java:50)
	at org.junit.internal.runners.model.ReflectiveCallable.run(ReflectiveCallable.java:12)
	at org.junit.runners.model.FrameworkMethod.invokeExplosively(FrameworkMethod.java:47)
	at org.junit.internal.runners.statements.InvokeMethod.evaluate(InvokeMethod.java:17)
	at org.junit.internal.runners.statements.RunAfters.evaluate(RunAfters.java:27)
	at org.junit.internal.runners.statements.FailOnTimeout$CallableStatement.call(FailOnTimeout.java:298)
	at org.junit.internal.runners.statements.FailOnTimeout$CallableStatement.call(FailOnTimeout.java:292)
	at java.util.concurrent.FutureTask.run(FutureTask.java:266)
	at java.lang.Thread.run(Thread.java:748)
2019-09-24 12:00:14,773 INFO  impl.LeaderElection (LeaderElection.java:askForVotes(178)) - s2@group-3D81F66BC438-LeaderElection92: begin an election at term 197 for 9: [s0:0.0.0.0:42154, s1:0.0.0.0:36158, s2:0.0.0.0:36910], old=null
2019-09-24 12:00:14,774 DEBUG impl.RaftServerImpl (RaftServerImpl.java:requestVote(743)) - s0@group-3D81F66BC438: receive requestVote(s2, group-3D81F66BC438, 197, (t:13, i:10))
2019-09-24 12:00:14,774 INFO  impl.RaftServerImpl (RaftServerImpl.java:setRole(170)) - s0@group-3D81F66BC438: changes role from  FOLLOWER to FOLLOWER at term 197 for recognizeCandidate:s2
2019-09-24 12:00:14,774 INFO  impl.RoleInfo (RoleInfo.java:shutdownFollowerState(121)) - s0: shutdown FollowerState
2019-09-24 12:00:14,774 INFO  impl.RoleInfo (RoleInfo.java:updateAndGet(143)) - s0: start FollowerState
2019-09-24 12:00:14,775 INFO  impl.FollowerState (FollowerState.java:run(117)) - s0@group-3D81F66BC438-FollowerState was interrupted: java.lang.InterruptedException: sleep interrupted
2019-09-24 12:00:14,775 DEBUG impl.RaftServerImpl (RaftServerImpl.java:requestVote(775)) - s0@group-3D81F66BC438 replies to vote request: s2<-s0#0:FAIL-t197. Peer's state: s0@group-3D81F66BC438:t197, leader=null, voted=null, raftlog=s0@group-3D81F66BC438-SegmentedRaftLog:OPENED:c11,f12,i12, conf=11: [s0:0.0.0.0:42154, s1:0.0.0.0:36158, s2:0.0.0.0:36910], old=null
2019-09-24 12:00:14,801 INFO  impl.LeaderElection (LeaderElection.java:logAndReturn(56)) - s1@group-3D81F66BC438-LeaderElection91: Election TIMEOUT; received 1 response(s) [s1<-s0#0:FAIL-t197] and 0 exception(s); s1@group-3D81F66BC438:t197, leader=null, voted=s1, raftlog=s1@group-3D81F66BC438-SegmentedRaftLog:OPENED:c10,f11,i11, conf=11: [s0:0.0.0.0:42154, s1:0.0.0.0:36158, s2:0.0.0.0:36910], old=null
2019-09-24 12:00:14,815 INFO  impl.LeaderElection (LeaderElection.java:askForVotes(178)) - s1@group-3D81F66BC438-LeaderElection91: begin an election at term 198 for 11: [s0:0.0.0.0:42154, s1:0.0.0.0:36158, s2:0.0.0.0:36910], old=null
2019-09-24 12:00:14,816 DEBUG impl.RaftServerImpl (RaftServerImpl.java:requestVote(743)) - s0@group-3D81F66BC438: receive requestVote(s1, group-3D81F66BC438, 198, (t:14, i:11))
2019-09-24 12:00:14,816 INFO  impl.RaftServerImpl (RaftServerImpl.java:setRole(170)) - s0@group-3D81F66BC438: changes role from  FOLLOWER to FOLLOWER at term 198 for recognizeCandidate:s1
2019-09-24 12:00:14,816 INFO  impl.RoleInfo (RoleInfo.java:shutdownFollowerState(121)) - s0: shutdown FollowerState
2019-09-24 12:00:14,816 INFO  impl.RoleInfo (RoleInfo.java:updateAndGet(143)) - s0: start FollowerState
2019-09-24 12:00:14,817 INFO  impl.FollowerState (FollowerState.java:run(117)) - s0@group-3D81F66BC438-FollowerState was interrupted: java.lang.InterruptedException: sleep interrupted
2019-09-24 12:00:14,829 DEBUG impl.RaftServerImpl (RaftServerImpl.java:requestVote(775)) - s0@group-3D81F66BC438 replies to vote request: s1<-s0#0:FAIL-t198. Peer's state: s0@group-3D81F66BC438:t198, leader=null, voted=null, raftlog=s0@group-3D81F66BC438-SegmentedRaftLog:OPENED:c11,f12,i12, conf=11: [s0:0.0.0.0:42154, s1:0.0.0.0:36158, s2:0.0.0.0:36910], old=null
2019-09-24 12:00:14,986 INFO  impl.LeaderElection (LeaderElection.java:logAndReturn(56)) - s2@group-3D81F66BC438-LeaderElection92: Election TIMEOUT; received 1 response(s) [s2<-s0#0:FAIL-t197] and 0 exception(s); s2@group-3D81F66BC438:t197, leader=null, voted=s2, raftlog=s2@group-3D81F66BC438-SegmentedRaftLog:OPENED:c10,f10,i10, conf=9: [s0:0.0.0.0:42154, s1:0.0.0.0:36158, s2:0.0.0.0:36910], old=null
2019-09-24 12:00:15,000 INFO  impl.LeaderElection (LeaderElection.java:askForVotes(178)) - s2@group-3D81F66BC438-LeaderElection92: begin an election at term 198 for 9: [s0:0.0.0.0:42154, s1:0.0.0.0:36158, s2:0.0.0.0:36910], old=null
2019-09-24 12:00:15,001 DEBUG impl.RaftServerImpl (RaftServerImpl.java:requestVote(743)) - s0@group-3D81F66BC438: receive requestVote(s2, group-3D81F66BC438, 198, (t:13, i:10))
2019-09-24 12:00:15,001 INFO  impl.RaftServerImpl (RaftServerImpl.java:setRole(170)) - s0@group-3D81F66BC438: changes role from  FOLLOWER to FOLLOWER at term 198 for recognizeCandidate:s2
2019-09-24 12:00:15,001 INFO  impl.RoleInfo (RoleInfo.java:shutdownFollowerState(121)) - s0: shutdown FollowerState
2019-09-24 12:00:15,001 INFO  impl.RoleInfo (RoleInfo.java:updateAndGet(143)) - s0: start FollowerState
2019-09-24 12:00:15,001 INFO  impl.FollowerState (FollowerState.java:run(117)) - s0@group-3D81F66BC438-FollowerState was interrupted: java.lang.InterruptedException: sleep interrupted
2019-09-24 12:00:15,002 DEBUG impl.RaftServerImpl (RaftServerImpl.java:requestVote(775)) - s0@group-3D81F66BC438 replies to vote request: s2<-s0#0:FAIL-t198. Peer's state: s0@group-3D81F66BC438:t198, leader=null, voted=null, raftlog=s0@group-3D81F66BC438-SegmentedRaftLog:OPENED:c11,f12,i12, conf=11: [s0:0.0.0.0:42154, s1:0.0.0.0:36158, s2:0.0.0.0:36910], old=null
2019-09-24 12:00:15,103 INFO  impl.LeaderElection (LeaderElection.java:logAndReturn(56)) - s1@group-3D81F66BC438-LeaderElection91: Election TIMEOUT; received 1 response(s) [s1<-s0#0:FAIL-t198] and 0 exception(s); s1@group-3D81F66BC438:t198, leader=null, voted=s1, raftlog=s1@group-3D81F66BC438-SegmentedRaftLog:OPENED:c10,f11,i11, conf=11: [s0:0.0.0.0:42154, s1:0.0.0.0:36158, s2:0.0.0.0:36910], old=null
2019-09-24 12:00:15,118 INFO  impl.LeaderElection (LeaderElection.java:askForVotes(178)) - s1@group-3D81F66BC438-LeaderElection91: begin an election at term 199 for 11: [s0:0.0.0.0:42154, s1:0.0.0.0:36158, s2:0.0.0.0:36910], old=null
2019-09-24 12:00:15,119 DEBUG impl.RaftServerImpl (RaftServerImpl.java:requestVote(743)) - s0@group-3D81F66BC438: receive requestVote(s1, group-3D81F66BC438, 199, (t:14, i:11))
2019-09-24 12:00:15,119 INFO  impl.RaftServerImpl (RaftServerImpl.java:setRole(170)) - s0@group-3D81F66BC438: changes role from  FOLLOWER to FOLLOWER at term 199 for recognizeCandidate:s1
2019-09-24 12:00:15,119 INFO  impl.RoleInfo (RoleInfo.java:shutdownFollowerState(121)) - s0: shutdown FollowerState
2019-09-24 12:00:15,119 INFO  impl.RoleInfo (RoleInfo.java:updateAndGet(143)) - s0: start FollowerState
2019-09-24 12:00:15,119 INFO  impl.FollowerState (FollowerState.java:run(117)) - s0@group-3D81F66BC438-FollowerState was interrupted: java.lang.InterruptedException: sleep interrupted
2019-09-24 12:00:15,132 DEBUG impl.RaftServerImpl (RaftServerImpl.java:requestVote(775)) - s0@group-3D81F66BC438 replies to vote request: s1<-s0#0:FAIL-t199. Peer's state: s0@group-3D81F66BC438:t199, leader=null, voted=null, raftlog=s0@group-3D81F66BC438-SegmentedRaftLog:OPENED:c11,f12,i12, conf=11: [s0:0.0.0.0:42154, s1:0.0.0.0:36158, s2:0.0.0.0:36910], old=null
2019-09-24 12:00:15,185 INFO  impl.LeaderElection (LeaderElection.java:logAndReturn(56)) - s2@group-3D81F66BC438-LeaderElection92: Election TIMEOUT; received 1 response(s) [s2<-s0#0:FAIL-t198] and 0 exception(s); s2@group-3D81F66BC438:t198, leader=null, voted=s2, raftlog=s2@group-3D81F66BC438-SegmentedRaftLog:OPENED:c10,f10,i10, conf=9: [s0:0.0.0.0:42154, s1:0.0.0.0:36158, s2:0.0.0.0:36910], old=null
2019-09-24 12:00:15,198 INFO  impl.LeaderElection (LeaderElection.java:askForVotes(178)) - s2@group-3D81F66BC438-LeaderElection92: begin an election at term 199 for 9: [s0:0.0.0.0:42154, s1:0.0.0.0:36158, s2:0.0.0.0:36910], old=null
2019-09-24 12:00:15,198 DEBUG impl.RaftServerImpl (RaftServerImpl.java:requestVote(743)) - s0@group-3D81F66BC438: receive requestVote(s2, group-3D81F66BC438, 199, (t:13, i:10))
2019-09-24 12:00:15,198 INFO  impl.RaftServerImpl (RaftServerImpl.java:setRole(170)) - s0@group-3D81F66BC438: changes role from  FOLLOWER to FOLLOWER at term 199 for recognizeCandidate:s2
2019-09-24 12:00:15,199 INFO  impl.RoleInfo (RoleInfo.java:shutdownFollowerState(121)) - s0: shutdown FollowerState
2019-09-24 12:00:15,199 INFO  impl.RoleInfo (RoleInfo.java:updateAndGet(143)) - s0: start FollowerState
2019-09-24 12:00:15,199 INFO  impl.FollowerState (FollowerState.java:run(117)) - s0@group-3D81F66BC438-FollowerState was interrupted: java.lang.InterruptedException: sleep interrupted
2019-09-24 12:00:15,199 DEBUG impl.RaftServerImpl (RaftServerImpl.java:requestVote(775)) - s0@group-3D81F66BC438 replies to vote request: s2<-s0#0:FAIL-t199. Peer's state: s0@group-3D81F66BC438:t199, leader=null, voted=null, raftlog=s0@group-3D81F66BC438-SegmentedRaftLog:OPENED:c11,f12,i12, conf=11: [s0:0.0.0.0:42154, s1:0.0.0.0:36158, s2:0.0.0.0:36910], old=null
2019-09-24 12:00:15,224 WARN  ratis.RaftTestUtil (JavaUtils.java:attempt(158)) - FAILED "waitForLeader-null-(expectLeader? true)", attempt #97/100: java.lang.IllegalStateException: No leader yet : printing ALL groups
  s0:  RUNNING  FOLLOWER s0@group-3D81F66BC438:t199, leader=null, voted=null, raftlog=s0@group-3D81F66BC438-SegmentedRaftLog:OPENED:c11,f12,i12, conf=11: [s0:0.0.0.0:42154, s1:0.0.0.0:36158, s2:0.0.0.0:36910], old=null RUNNING
  s1:  RUNNING CANDIDATE s1@group-3D81F66BC438:t199, leader=null, voted=s1, raftlog=s1@group-3D81F66BC438-SegmentedRaftLog:OPENED:c10,f11,i11, conf=11: [s0:0.0.0.0:42154, s1:0.0.0.0:36158, s2:0.0.0.0:36910], old=null RUNNING
  s2:  RUNNING CANDIDATE s2@group-3D81F66BC438:t199, leader=null, voted=s2, raftlog=s2@group-3D81F66BC438-SegmentedRaftLog:OPENED:c10,f10,i10, conf=9: [s0:0.0.0.0:42154, s1:0.0.0.0:36158, s2:0.0.0.0:36910], old=null RUNNING, sleep 450ms and then retry.
java.lang.IllegalStateException: No leader yet : printing ALL groups
  s0:  RUNNING  FOLLOWER s0@group-3D81F66BC438:t199, leader=null, voted=null, raftlog=s0@group-3D81F66BC438-SegmentedRaftLog:OPENED:c11,f12,i12, conf=11: [s0:0.0.0.0:42154, s1:0.0.0.0:36158, s2:0.0.0.0:36910], old=null RUNNING
  s1:  RUNNING CANDIDATE s1@group-3D81F66BC438:t199, leader=null, voted=s1, raftlog=s1@group-3D81F66BC438-SegmentedRaftLog:OPENED:c10,f11,i11, conf=11: [s0:0.0.0.0:42154, s1:0.0.0.0:36158, s2:0.0.0.0:36910], old=null RUNNING
  s2:  RUNNING CANDIDATE s2@group-3D81F66BC438:t199, leader=null, voted=s2, raftlog=s2@group-3D81F66BC438-SegmentedRaftLog:OPENED:c10,f10,i10, conf=9: [s0:0.0.0.0:42154, s1:0.0.0.0:36158, s2:0.0.0.0:36910], old=null RUNNING
	at org.apache.ratis.MiniRaftCluster.newIllegalStateExceptionForNoLeaders(MiniRaftCluster.java:506)
	at org.apache.ratis.RaftTestUtil.lambda$waitForLeader$1(RaftTestUtil.java:90)
	at org.apache.ratis.MiniRaftCluster.getLeader(MiniRaftCluster.java:539)
	at org.apache.ratis.MiniRaftCluster.getLeader(MiniRaftCluster.java:532)
	at org.apache.ratis.RaftTestUtil.lambda$waitForLeader$3(RaftTestUtil.java:98)
	at org.apache.ratis.util.JavaUtils.attempt(JavaUtils.java:152)
	at org.apache.ratis.RaftTestUtil.waitForLeader(RaftTestUtil.java:97)
	at org.apache.ratis.RaftTestUtil.waitForLeader(RaftTestUtil.java:77)
	at org.apache.ratis.RaftTestUtil.waitForLeader(RaftTestUtil.java:72)
	at org.apache.ratis.RaftTestUtil.lambda$changeLeader$7(RaftTestUtil.java:363)
	at org.apache.ratis.util.JavaUtils.attempt(JavaUtils.java:152)
	at org.apache.ratis.RaftTestUtil.changeLeader(RaftTestUtil.java:362)
	at org.apache.ratis.server.impl.LeaderElectionTests.testChangeLeader(LeaderElectionTests.java:81)
	at sun.reflect.NativeMethodAccessorImpl.invoke0(Native Method)
	at sun.reflect.NativeMethodAccessorImpl.invoke(NativeMethodAccessorImpl.java:62)
	at sun.reflect.DelegatingMethodAccessorImpl.invoke(DelegatingMethodAccessorImpl.java:43)
	at java.lang.reflect.Method.invoke(Method.java:498)
	at org.junit.runners.model.FrameworkMethod$1.runReflectiveCall(FrameworkMethod.java:50)
	at org.junit.internal.runners.model.ReflectiveCallable.run(ReflectiveCallable.java:12)
	at org.junit.runners.model.FrameworkMethod.invokeExplosively(FrameworkMethod.java:47)
	at org.junit.internal.runners.statements.InvokeMethod.evaluate(InvokeMethod.java:17)
	at org.junit.internal.runners.statements.RunAfters.evaluate(RunAfters.java:27)
	at org.junit.internal.runners.statements.FailOnTimeout$CallableStatement.call(FailOnTimeout.java:298)
	at org.junit.internal.runners.statements.FailOnTimeout$CallableStatement.call(FailOnTimeout.java:292)
	at java.util.concurrent.FutureTask.run(FutureTask.java:266)
	at java.lang.Thread.run(Thread.java:748)
2019-09-24 12:00:15,403 INFO  impl.LeaderElection (LeaderElection.java:logAndReturn(56)) - s2@group-3D81F66BC438-LeaderElection92: Election TIMEOUT; received 1 response(s) [s2<-s0#0:FAIL-t199] and 0 exception(s); s2@group-3D81F66BC438:t199, leader=null, voted=s2, raftlog=s2@group-3D81F66BC438-SegmentedRaftLog:OPENED:c10,f10,i10, conf=9: [s0:0.0.0.0:42154, s1:0.0.0.0:36158, s2:0.0.0.0:36910], old=null
2019-09-24 12:00:15,414 INFO  impl.LeaderElection (LeaderElection.java:logAndReturn(56)) - s1@group-3D81F66BC438-LeaderElection91: Election TIMEOUT; received 1 response(s) [s1<-s0#0:FAIL-t199] and 0 exception(s); s1@group-3D81F66BC438:t199, leader=null, voted=s1, raftlog=s1@group-3D81F66BC438-SegmentedRaftLog:OPENED:c10,f11,i11, conf=11: [s0:0.0.0.0:42154, s1:0.0.0.0:36158, s2:0.0.0.0:36910], old=null
2019-09-24 12:00:15,417 INFO  impl.LeaderElection (LeaderElection.java:askForVotes(178)) - s1@group-3D81F66BC438-LeaderElection91: begin an election at term 200 for 11: [s0:0.0.0.0:42154, s1:0.0.0.0:36158, s2:0.0.0.0:36910], old=null
2019-09-24 12:00:15,417 INFO  impl.LeaderElection (LeaderElection.java:askForVotes(178)) - s2@group-3D81F66BC438-LeaderElection92: begin an election at term 200 for 9: [s0:0.0.0.0:42154, s1:0.0.0.0:36158, s2:0.0.0.0:36910], old=null
2019-09-24 12:00:15,418 DEBUG impl.RaftServerImpl (RaftServerImpl.java:requestVote(743)) - s0@group-3D81F66BC438: receive requestVote(s1, group-3D81F66BC438, 200, (t:14, i:11))
2019-09-24 12:00:15,418 DEBUG impl.RaftServerImpl (RaftServerImpl.java:requestVote(743)) - s0@group-3D81F66BC438: receive requestVote(s2, group-3D81F66BC438, 200, (t:13, i:10))
2019-09-24 12:00:15,418 INFO  impl.RaftServerImpl (RaftServerImpl.java:setRole(170)) - s0@group-3D81F66BC438: changes role from  FOLLOWER to FOLLOWER at term 200 for recognizeCandidate:s1
2019-09-24 12:00:15,418 INFO  impl.RoleInfo (RoleInfo.java:shutdownFollowerState(121)) - s0: shutdown FollowerState
2019-09-24 12:00:15,418 INFO  impl.RoleInfo (RoleInfo.java:updateAndGet(143)) - s0: start FollowerState
2019-09-24 12:00:15,418 INFO  impl.FollowerState (FollowerState.java:run(117)) - s0@group-3D81F66BC438-FollowerState was interrupted: java.lang.InterruptedException: sleep interrupted
2019-09-24 12:00:15,432 DEBUG impl.RaftServerImpl (RaftServerImpl.java:requestVote(775)) - s0@group-3D81F66BC438 replies to vote request: s1<-s0#0:FAIL-t200. Peer's state: s0@group-3D81F66BC438:t200, leader=null, voted=null, raftlog=s0@group-3D81F66BC438-SegmentedRaftLog:OPENED:c11,f12,i12, conf=11: [s0:0.0.0.0:42154, s1:0.0.0.0:36158, s2:0.0.0.0:36910], old=null
2019-09-24 12:00:15,432 INFO  impl.RaftServerImpl (RaftServerImpl.java:setRole(170)) - s0@group-3D81F66BC438: changes role from  FOLLOWER to FOLLOWER at term 200 for recognizeCandidate:s2
2019-09-24 12:00:15,432 INFO  impl.RoleInfo (RoleInfo.java:shutdownFollowerState(121)) - s0: shutdown FollowerState
2019-09-24 12:00:15,433 INFO  impl.RoleInfo (RoleInfo.java:updateAndGet(143)) - s0: start FollowerState
2019-09-24 12:00:15,433 INFO  impl.FollowerState (FollowerState.java:run(117)) - s0@group-3D81F66BC438-FollowerState was interrupted: java.lang.InterruptedException: sleep interrupted
2019-09-24 12:00:15,433 DEBUG impl.RaftServerImpl (RaftServerImpl.java:requestVote(775)) - s0@group-3D81F66BC438 replies to vote request: s2<-s0#0:FAIL-t200. Peer's state: s0@group-3D81F66BC438:t200, leader=null, voted=null, raftlog=s0@group-3D81F66BC438-SegmentedRaftLog:OPENED:c11,f12,i12, conf=11: [s0:0.0.0.0:42154, s1:0.0.0.0:36158, s2:0.0.0.0:36910], old=null
2019-09-24 12:00:15,443 INFO  ratis.MiniRaftCluster (MiniRaftCluster.java:lambda$null$5(297)) - TIMED-PRINT: printing ALL groups
  s0:  RUNNING  FOLLOWER s0@group-3D81F66BC438:t200, leader=null, voted=null, raftlog=s0@group-3D81F66BC438-SegmentedRaftLog:OPENED:c11,f12,i12, conf=11: [s0:0.0.0.0:42154, s1:0.0.0.0:36158, s2:0.0.0.0:36910], old=null RUNNING
  s1:  RUNNING CANDIDATE s1@group-3D81F66BC438:t200, leader=null, voted=s1, raftlog=s1@group-3D81F66BC438-SegmentedRaftLog:OPENED:c10,f11,i11, conf=11: [s0:0.0.0.0:42154, s1:0.0.0.0:36158, s2:0.0.0.0:36910], old=null RUNNING
  s2:  RUNNING CANDIDATE s2@group-3D81F66BC438:t200, leader=null, voted=s2, raftlog=s2@group-3D81F66BC438-SegmentedRaftLog:OPENED:c10,f10,i10, conf=9: [s0:0.0.0.0:42154, s1:0.0.0.0:36158, s2:0.0.0.0:36910], old=null RUNNING
2019-09-24 12:00:15,568 INFO  impl.LeaderElection (LeaderElection.java:logAndReturn(56)) - s2@group-3D81F66BC438-LeaderElection92: Election TIMEOUT; received 1 response(s) [s2<-s0#0:FAIL-t200] and 0 exception(s); s2@group-3D81F66BC438:t200, leader=null, voted=s2, raftlog=s2@group-3D81F66BC438-SegmentedRaftLog:OPENED:c10,f10,i10, conf=9: [s0:0.0.0.0:42154, s1:0.0.0.0:36158, s2:0.0.0.0:36910], old=null
2019-09-24 12:00:15,583 INFO  impl.LeaderElection (LeaderElection.java:askForVotes(178)) - s2@group-3D81F66BC438-LeaderElection92: begin an election at term 201 for 9: [s0:0.0.0.0:42154, s1:0.0.0.0:36158, s2:0.0.0.0:36910], old=null
2019-09-24 12:00:15,583 DEBUG impl.RaftServerImpl (RaftServerImpl.java:requestVote(743)) - s0@group-3D81F66BC438: receive requestVote(s2, group-3D81F66BC438, 201, (t:13, i:10))
2019-09-24 12:00:15,583 INFO  impl.RaftServerImpl (RaftServerImpl.java:setRole(170)) - s0@group-3D81F66BC438: changes role from  FOLLOWER to FOLLOWER at term 201 for recognizeCandidate:s2
2019-09-24 12:00:15,583 INFO  impl.RoleInfo (RoleInfo.java:shutdownFollowerState(121)) - s0: shutdown FollowerState
2019-09-24 12:00:15,584 INFO  impl.RoleInfo (RoleInfo.java:updateAndGet(143)) - s0: start FollowerState
2019-09-24 12:00:15,584 INFO  impl.FollowerState (FollowerState.java:run(117)) - s0@group-3D81F66BC438-FollowerState was interrupted: java.lang.InterruptedException: sleep interrupted
2019-09-24 12:00:15,596 DEBUG impl.RaftServerImpl (RaftServerImpl.java:requestVote(775)) - s0@group-3D81F66BC438 replies to vote request: s2<-s0#0:FAIL-t201. Peer's state: s0@group-3D81F66BC438:t201, leader=null, voted=null, raftlog=s0@group-3D81F66BC438-SegmentedRaftLog:OPENED:c11,f12,i12, conf=11: [s0:0.0.0.0:42154, s1:0.0.0.0:36158, s2:0.0.0.0:36910], old=null
2019-09-24 12:00:15,675 WARN  ratis.RaftTestUtil (JavaUtils.java:attempt(158)) - FAILED "waitForLeader-null-(expectLeader? true)", attempt #98/100: java.lang.IllegalStateException: No leader yet : printing ALL groups
  s0:  RUNNING  FOLLOWER s0@group-3D81F66BC438:t201, leader=null, voted=null, raftlog=s0@group-3D81F66BC438-SegmentedRaftLog:OPENED:c11,f12,i12, conf=11: [s0:0.0.0.0:42154, s1:0.0.0.0:36158, s2:0.0.0.0:36910], old=null RUNNING
  s1:  RUNNING CANDIDATE s1@group-3D81F66BC438:t200, leader=null, voted=s1, raftlog=s1@group-3D81F66BC438-SegmentedRaftLog:OPENED:c10,f11,i11, conf=11: [s0:0.0.0.0:42154, s1:0.0.0.0:36158, s2:0.0.0.0:36910], old=null RUNNING
  s2:  RUNNING CANDIDATE s2@group-3D81F66BC438:t201, leader=null, voted=s2, raftlog=s2@group-3D81F66BC438-SegmentedRaftLog:OPENED:c10,f10,i10, conf=9: [s0:0.0.0.0:42154, s1:0.0.0.0:36158, s2:0.0.0.0:36910], old=null RUNNING, sleep 450ms and then retry.
java.lang.IllegalStateException: No leader yet : printing ALL groups
  s0:  RUNNING  FOLLOWER s0@group-3D81F66BC438:t201, leader=null, voted=null, raftlog=s0@group-3D81F66BC438-SegmentedRaftLog:OPENED:c11,f12,i12, conf=11: [s0:0.0.0.0:42154, s1:0.0.0.0:36158, s2:0.0.0.0:36910], old=null RUNNING
  s1:  RUNNING CANDIDATE s1@group-3D81F66BC438:t200, leader=null, voted=s1, raftlog=s1@group-3D81F66BC438-SegmentedRaftLog:OPENED:c10,f11,i11, conf=11: [s0:0.0.0.0:42154, s1:0.0.0.0:36158, s2:0.0.0.0:36910], old=null RUNNING
  s2:  RUNNING CANDIDATE s2@group-3D81F66BC438:t201, leader=null, voted=s2, raftlog=s2@group-3D81F66BC438-SegmentedRaftLog:OPENED:c10,f10,i10, conf=9: [s0:0.0.0.0:42154, s1:0.0.0.0:36158, s2:0.0.0.0:36910], old=null RUNNING
	at org.apache.ratis.MiniRaftCluster.newIllegalStateExceptionForNoLeaders(MiniRaftCluster.java:506)
	at org.apache.ratis.RaftTestUtil.lambda$waitForLeader$1(RaftTestUtil.java:90)
	at org.apache.ratis.MiniRaftCluster.getLeader(MiniRaftCluster.java:539)
	at org.apache.ratis.MiniRaftCluster.getLeader(MiniRaftCluster.java:532)
	at org.apache.ratis.RaftTestUtil.lambda$waitForLeader$3(RaftTestUtil.java:98)
	at org.apache.ratis.util.JavaUtils.attempt(JavaUtils.java:152)
	at org.apache.ratis.RaftTestUtil.waitForLeader(RaftTestUtil.java:97)
	at org.apache.ratis.RaftTestUtil.waitForLeader(RaftTestUtil.java:77)
	at org.apache.ratis.RaftTestUtil.waitForLeader(RaftTestUtil.java:72)
	at org.apache.ratis.RaftTestUtil.lambda$changeLeader$7(RaftTestUtil.java:363)
	at org.apache.ratis.util.JavaUtils.attempt(JavaUtils.java:152)
	at org.apache.ratis.RaftTestUtil.changeLeader(RaftTestUtil.java:362)
	at org.apache.ratis.server.impl.LeaderElectionTests.testChangeLeader(LeaderElectionTests.java:81)
	at sun.reflect.NativeMethodAccessorImpl.invoke0(Native Method)
	at sun.reflect.NativeMethodAccessorImpl.invoke(NativeMethodAccessorImpl.java:62)
	at sun.reflect.DelegatingMethodAccessorImpl.invoke(DelegatingMethodAccessorImpl.java:43)
	at java.lang.reflect.Method.invoke(Method.java:498)
	at org.junit.runners.model.FrameworkMethod$1.runReflectiveCall(FrameworkMethod.java:50)
	at org.junit.internal.runners.model.ReflectiveCallable.run(ReflectiveCallable.java:12)
	at org.junit.runners.model.FrameworkMethod.invokeExplosively(FrameworkMethod.java:47)
	at org.junit.internal.runners.statements.InvokeMethod.evaluate(InvokeMethod.java:17)
	at org.junit.internal.runners.statements.RunAfters.evaluate(RunAfters.java:27)
	at org.junit.internal.runners.statements.FailOnTimeout$CallableStatement.call(FailOnTimeout.java:298)
	at org.junit.internal.runners.statements.FailOnTimeout$CallableStatement.call(FailOnTimeout.java:292)
	at java.util.concurrent.FutureTask.run(FutureTask.java:266)
	at java.lang.Thread.run(Thread.java:748)
2019-09-24 12:00:15,706 INFO  impl.LeaderElection (LeaderElection.java:logAndReturn(56)) - s1@group-3D81F66BC438-LeaderElection91: Election TIMEOUT; received 1 response(s) [s1<-s0#0:FAIL-t200] and 0 exception(s); s1@group-3D81F66BC438:t200, leader=null, voted=s1, raftlog=s1@group-3D81F66BC438-SegmentedRaftLog:OPENED:c10,f11,i11, conf=11: [s0:0.0.0.0:42154, s1:0.0.0.0:36158, s2:0.0.0.0:36910], old=null
2019-09-24 12:00:15,719 INFO  impl.LeaderElection (LeaderElection.java:askForVotes(178)) - s1@group-3D81F66BC438-LeaderElection91: begin an election at term 201 for 11: [s0:0.0.0.0:42154, s1:0.0.0.0:36158, s2:0.0.0.0:36910], old=null
2019-09-24 12:00:15,719 DEBUG impl.RaftServerImpl (RaftServerImpl.java:requestVote(743)) - s0@group-3D81F66BC438: receive requestVote(s1, group-3D81F66BC438, 201, (t:14, i:11))
2019-09-24 12:00:15,719 INFO  impl.RaftServerImpl (RaftServerImpl.java:setRole(170)) - s0@group-3D81F66BC438: changes role from  FOLLOWER to FOLLOWER at term 201 for recognizeCandidate:s1
2019-09-24 12:00:15,720 INFO  impl.RoleInfo (RoleInfo.java:shutdownFollowerState(121)) - s0: shutdown FollowerState
2019-09-24 12:00:15,720 INFO  impl.RoleInfo (RoleInfo.java:updateAndGet(143)) - s0: start FollowerState
2019-09-24 12:00:15,720 INFO  impl.FollowerState (FollowerState.java:run(117)) - s0@group-3D81F66BC438-FollowerState was interrupted: java.lang.InterruptedException: sleep interrupted
2019-09-24 12:00:15,720 DEBUG impl.RaftServerImpl (RaftServerImpl.java:requestVote(775)) - s0@group-3D81F66BC438 replies to vote request: s1<-s0#0:FAIL-t201. Peer's state: s0@group-3D81F66BC438:t201, leader=null, voted=null, raftlog=s0@group-3D81F66BC438-SegmentedRaftLog:OPENED:c11,f12,i12, conf=11: [s0:0.0.0.0:42154, s1:0.0.0.0:36158, s2:0.0.0.0:36910], old=null
2019-09-24 12:00:15,842 INFO  impl.LeaderElection (LeaderElection.java:logAndReturn(56)) - s2@group-3D81F66BC438-LeaderElection92: Election TIMEOUT; received 1 response(s) [s2<-s0#0:FAIL-t201] and 0 exception(s); s2@group-3D81F66BC438:t201, leader=null, voted=s2, raftlog=s2@group-3D81F66BC438-SegmentedRaftLog:OPENED:c10,f10,i10, conf=9: [s0:0.0.0.0:42154, s1:0.0.0.0:36158, s2:0.0.0.0:36910], old=null
2019-09-24 12:00:15,867 INFO  impl.LeaderElection (LeaderElection.java:askForVotes(178)) - s2@group-3D81F66BC438-LeaderElection92: begin an election at term 202 for 9: [s0:0.0.0.0:42154, s1:0.0.0.0:36158, s2:0.0.0.0:36910], old=null
2019-09-24 12:00:15,868 DEBUG impl.RaftServerImpl (RaftServerImpl.java:requestVote(743)) - s0@group-3D81F66BC438: receive requestVote(s2, group-3D81F66BC438, 202, (t:13, i:10))
2019-09-24 12:00:15,868 INFO  impl.RaftServerImpl (RaftServerImpl.java:setRole(170)) - s0@group-3D81F66BC438: changes role from  FOLLOWER to FOLLOWER at term 202 for recognizeCandidate:s2
2019-09-24 12:00:15,868 INFO  impl.RoleInfo (RoleInfo.java:shutdownFollowerState(121)) - s0: shutdown FollowerState
2019-09-24 12:00:15,868 INFO  impl.RoleInfo (RoleInfo.java:updateAndGet(143)) - s0: start FollowerState
2019-09-24 12:00:15,868 INFO  impl.FollowerState (FollowerState.java:run(117)) - s0@group-3D81F66BC438-FollowerState was interrupted: java.lang.InterruptedException: sleep interrupted
2019-09-24 12:00:15,876 INFO  impl.LeaderElection (LeaderElection.java:logAndReturn(56)) - s1@group-3D81F66BC438-LeaderElection91: Election TIMEOUT; received 1 response(s) [s1<-s0#0:FAIL-t201] and 0 exception(s); s1@group-3D81F66BC438:t201, leader=null, voted=s1, raftlog=s1@group-3D81F66BC438-SegmentedRaftLog:OPENED:c10,f11,i11, conf=11: [s0:0.0.0.0:42154, s1:0.0.0.0:36158, s2:0.0.0.0:36910], old=null
2019-09-24 12:00:15,882 DEBUG impl.RaftServerImpl (RaftServerImpl.java:requestVote(775)) - s0@group-3D81F66BC438 replies to vote request: s2<-s0#0:FAIL-t202. Peer's state: s0@group-3D81F66BC438:t202, leader=null, voted=null, raftlog=s0@group-3D81F66BC438-SegmentedRaftLog:OPENED:c11,f12,i12, conf=11: [s0:0.0.0.0:42154, s1:0.0.0.0:36158, s2:0.0.0.0:36910], old=null
2019-09-24 12:00:15,882 INFO  impl.LeaderElection (LeaderElection.java:askForVotes(178)) - s1@group-3D81F66BC438-LeaderElection91: begin an election at term 202 for 11: [s0:0.0.0.0:42154, s1:0.0.0.0:36158, s2:0.0.0.0:36910], old=null
2019-09-24 12:00:15,882 DEBUG impl.RaftServerImpl (RaftServerImpl.java:requestVote(743)) - s0@group-3D81F66BC438: receive requestVote(s1, group-3D81F66BC438, 202, (t:14, i:11))
2019-09-24 12:00:15,882 INFO  impl.RaftServerImpl (RaftServerImpl.java:setRole(170)) - s0@group-3D81F66BC438: changes role from  FOLLOWER to FOLLOWER at term 202 for recognizeCandidate:s1
2019-09-24 12:00:15,883 INFO  impl.RoleInfo (RoleInfo.java:shutdownFollowerState(121)) - s0: shutdown FollowerState
2019-09-24 12:00:15,883 INFO  impl.RoleInfo (RoleInfo.java:updateAndGet(143)) - s0: start FollowerState
2019-09-24 12:00:15,883 INFO  impl.FollowerState (FollowerState.java:run(117)) - s0@group-3D81F66BC438-FollowerState was interrupted: java.lang.InterruptedException: sleep interrupted
2019-09-24 12:00:15,883 DEBUG impl.RaftServerImpl (RaftServerImpl.java:requestVote(775)) - s0@group-3D81F66BC438 replies to vote request: s1<-s0#0:FAIL-t202. Peer's state: s0@group-3D81F66BC438:t202, leader=null, voted=null, raftlog=s0@group-3D81F66BC438-SegmentedRaftLog:OPENED:c11,f12,i12, conf=11: [s0:0.0.0.0:42154, s1:0.0.0.0:36158, s2:0.0.0.0:36910], old=null
2019-09-24 12:00:16,079 INFO  impl.LeaderElection (LeaderElection.java:logAndReturn(56)) - s2@group-3D81F66BC438-LeaderElection92: Election TIMEOUT; received 1 response(s) [s2<-s0#0:FAIL-t202] and 0 exception(s); s2@group-3D81F66BC438:t202, leader=null, voted=s2, raftlog=s2@group-3D81F66BC438-SegmentedRaftLog:OPENED:c10,f10,i10, conf=9: [s0:0.0.0.0:42154, s1:0.0.0.0:36158, s2:0.0.0.0:36910], old=null
2019-09-24 12:00:16,082 INFO  impl.LeaderElection (LeaderElection.java:logAndReturn(56)) - s1@group-3D81F66BC438-LeaderElection91: Election TIMEOUT; received 1 response(s) [s1<-s0#0:FAIL-t202] and 0 exception(s); s1@group-3D81F66BC438:t202, leader=null, voted=s1, raftlog=s1@group-3D81F66BC438-SegmentedRaftLog:OPENED:c10,f11,i11, conf=11: [s0:0.0.0.0:42154, s1:0.0.0.0:36158, s2:0.0.0.0:36910], old=null
2019-09-24 12:00:16,105 INFO  impl.LeaderElection (LeaderElection.java:askForVotes(178)) - s1@group-3D81F66BC438-LeaderElection91: begin an election at term 203 for 11: [s0:0.0.0.0:42154, s1:0.0.0.0:36158, s2:0.0.0.0:36910], old=null
2019-09-24 12:00:16,105 INFO  impl.LeaderElection (LeaderElection.java:askForVotes(178)) - s2@group-3D81F66BC438-LeaderElection92: begin an election at term 203 for 9: [s0:0.0.0.0:42154, s1:0.0.0.0:36158, s2:0.0.0.0:36910], old=null
2019-09-24 12:00:16,105 DEBUG impl.RaftServerImpl (RaftServerImpl.java:requestVote(743)) - s0@group-3D81F66BC438: receive requestVote(s1, group-3D81F66BC438, 203, (t:14, i:11))
2019-09-24 12:00:16,105 DEBUG impl.RaftServerImpl (RaftServerImpl.java:requestVote(743)) - s0@group-3D81F66BC438: receive requestVote(s2, group-3D81F66BC438, 203, (t:13, i:10))
2019-09-24 12:00:16,106 INFO  impl.RaftServerImpl (RaftServerImpl.java:setRole(170)) - s0@group-3D81F66BC438: changes role from  FOLLOWER to FOLLOWER at term 203 for recognizeCandidate:s1
2019-09-24 12:00:16,106 INFO  impl.RoleInfo (RoleInfo.java:shutdownFollowerState(121)) - s0: shutdown FollowerState
2019-09-24 12:00:16,106 INFO  impl.RoleInfo (RoleInfo.java:updateAndGet(143)) - s0: start FollowerState
2019-09-24 12:00:16,106 INFO  impl.FollowerState (FollowerState.java:run(117)) - s0@group-3D81F66BC438-FollowerState was interrupted: java.lang.InterruptedException: sleep interrupted
2019-09-24 12:00:16,121 DEBUG impl.RaftServerImpl (RaftServerImpl.java:requestVote(775)) - s0@group-3D81F66BC438 replies to vote request: s1<-s0#0:FAIL-t203. Peer's state: s0@group-3D81F66BC438:t203, leader=null, voted=null, raftlog=s0@group-3D81F66BC438-SegmentedRaftLog:OPENED:c11,f12,i12, conf=11: [s0:0.0.0.0:42154, s1:0.0.0.0:36158, s2:0.0.0.0:36910], old=null
2019-09-24 12:00:16,121 INFO  impl.RaftServerImpl (RaftServerImpl.java:setRole(170)) - s0@group-3D81F66BC438: changes role from  FOLLOWER to FOLLOWER at term 203 for recognizeCandidate:s2
2019-09-24 12:00:16,121 INFO  impl.RoleInfo (RoleInfo.java:shutdownFollowerState(121)) - s0: shutdown FollowerState
2019-09-24 12:00:16,121 INFO  impl.RoleInfo (RoleInfo.java:updateAndGet(143)) - s0: start FollowerState
2019-09-24 12:00:16,121 INFO  impl.FollowerState (FollowerState.java:run(117)) - s0@group-3D81F66BC438-FollowerState was interrupted: java.lang.InterruptedException: sleep interrupted
2019-09-24 12:00:16,122 DEBUG impl.RaftServerImpl (RaftServerImpl.java:requestVote(775)) - s0@group-3D81F66BC438 replies to vote request: s2<-s0#0:FAIL-t203. Peer's state: s0@group-3D81F66BC438:t203, leader=null, voted=null, raftlog=s0@group-3D81F66BC438-SegmentedRaftLog:OPENED:c11,f12,i12, conf=11: [s0:0.0.0.0:42154, s1:0.0.0.0:36158, s2:0.0.0.0:36910], old=null
2019-09-24 12:00:16,126 WARN  ratis.RaftTestUtil (JavaUtils.java:attempt(158)) - FAILED "waitForLeader-null-(expectLeader? true)", attempt #99/100: java.lang.IllegalStateException: No leader yet : printing ALL groups
  s0:  RUNNING  FOLLOWER s0@group-3D81F66BC438:t203, leader=null, voted=null, raftlog=s0@group-3D81F66BC438-SegmentedRaftLog:OPENED:c11,f12,i12, conf=11: [s0:0.0.0.0:42154, s1:0.0.0.0:36158, s2:0.0.0.0:36910], old=null RUNNING
  s1:  RUNNING CANDIDATE s1@group-3D81F66BC438:t203, leader=null, voted=s1, raftlog=s1@group-3D81F66BC438-SegmentedRaftLog:OPENED:c10,f11,i11, conf=11: [s0:0.0.0.0:42154, s1:0.0.0.0:36158, s2:0.0.0.0:36910], old=null RUNNING
  s2:  RUNNING CANDIDATE s2@group-3D81F66BC438:t203, leader=null, voted=s2, raftlog=s2@group-3D81F66BC438-SegmentedRaftLog:OPENED:c10,f10,i10, conf=9: [s0:0.0.0.0:42154, s1:0.0.0.0:36158, s2:0.0.0.0:36910], old=null RUNNING, sleep 450ms and then retry.
java.lang.IllegalStateException: No leader yet : printing ALL groups
  s0:  RUNNING  FOLLOWER s0@group-3D81F66BC438:t203, leader=null, voted=null, raftlog=s0@group-3D81F66BC438-SegmentedRaftLog:OPENED:c11,f12,i12, conf=11: [s0:0.0.0.0:42154, s1:0.0.0.0:36158, s2:0.0.0.0:36910], old=null RUNNING
  s1:  RUNNING CANDIDATE s1@group-3D81F66BC438:t203, leader=null, voted=s1, raftlog=s1@group-3D81F66BC438-SegmentedRaftLog:OPENED:c10,f11,i11, conf=11: [s0:0.0.0.0:42154, s1:0.0.0.0:36158, s2:0.0.0.0:36910], old=null RUNNING
  s2:  RUNNING CANDIDATE s2@group-3D81F66BC438:t203, leader=null, voted=s2, raftlog=s2@group-3D81F66BC438-SegmentedRaftLog:OPENED:c10,f10,i10, conf=9: [s0:0.0.0.0:42154, s1:0.0.0.0:36158, s2:0.0.0.0:36910], old=null RUNNING
	at org.apache.ratis.MiniRaftCluster.newIllegalStateExceptionForNoLeaders(MiniRaftCluster.java:506)
	at org.apache.ratis.RaftTestUtil.lambda$waitForLeader$1(RaftTestUtil.java:90)
	at org.apache.ratis.MiniRaftCluster.getLeader(MiniRaftCluster.java:539)
	at org.apache.ratis.MiniRaftCluster.getLeader(MiniRaftCluster.java:532)
	at org.apache.ratis.RaftTestUtil.lambda$waitForLeader$3(RaftTestUtil.java:98)
	at org.apache.ratis.util.JavaUtils.attempt(JavaUtils.java:152)
	at org.apache.ratis.RaftTestUtil.waitForLeader(RaftTestUtil.java:97)
	at org.apache.ratis.RaftTestUtil.waitForLeader(RaftTestUtil.java:77)
	at org.apache.ratis.RaftTestUtil.waitForLeader(RaftTestUtil.java:72)
	at org.apache.ratis.RaftTestUtil.lambda$changeLeader$7(RaftTestUtil.java:363)
	at org.apache.ratis.util.JavaUtils.attempt(JavaUtils.java:152)
	at org.apache.ratis.RaftTestUtil.changeLeader(RaftTestUtil.java:362)
	at org.apache.ratis.server.impl.LeaderElectionTests.testChangeLeader(LeaderElectionTests.java:81)
	at sun.reflect.NativeMethodAccessorImpl.invoke0(Native Method)
	at sun.reflect.NativeMethodAccessorImpl.invoke(NativeMethodAccessorImpl.java:62)
	at sun.reflect.DelegatingMethodAccessorImpl.invoke(DelegatingMethodAccessorImpl.java:43)
	at java.lang.reflect.Method.invoke(Method.java:498)
	at org.junit.runners.model.FrameworkMethod$1.runReflectiveCall(FrameworkMethod.java:50)
	at org.junit.internal.runners.model.ReflectiveCallable.run(ReflectiveCallable.java:12)
	at org.junit.runners.model.FrameworkMethod.invokeExplosively(FrameworkMethod.java:47)
	at org.junit.internal.runners.statements.InvokeMethod.evaluate(InvokeMethod.java:17)
	at org.junit.internal.runners.statements.RunAfters.evaluate(RunAfters.java:27)
	at org.junit.internal.runners.statements.FailOnTimeout$CallableStatement.call(FailOnTimeout.java:298)
	at org.junit.internal.runners.statements.FailOnTimeout$CallableStatement.call(FailOnTimeout.java:292)
	at java.util.concurrent.FutureTask.run(FutureTask.java:266)
	at java.lang.Thread.run(Thread.java:748)
2019-09-24 12:00:16,315 INFO  impl.LeaderElection (LeaderElection.java:logAndReturn(56)) - s2@group-3D81F66BC438-LeaderElection92: Election TIMEOUT; received 1 response(s) [s2<-s0#0:FAIL-t203] and 0 exception(s); s2@group-3D81F66BC438:t203, leader=null, voted=s2, raftlog=s2@group-3D81F66BC438-SegmentedRaftLog:OPENED:c10,f10,i10, conf=9: [s0:0.0.0.0:42154, s1:0.0.0.0:36158, s2:0.0.0.0:36910], old=null
2019-09-24 12:00:16,340 INFO  impl.LeaderElection (LeaderElection.java:askForVotes(178)) - s2@group-3D81F66BC438-LeaderElection92: begin an election at term 204 for 9: [s0:0.0.0.0:42154, s1:0.0.0.0:36158, s2:0.0.0.0:36910], old=null
2019-09-24 12:00:16,341 DEBUG impl.RaftServerImpl (RaftServerImpl.java:requestVote(743)) - s0@group-3D81F66BC438: receive requestVote(s2, group-3D81F66BC438, 204, (t:13, i:10))
2019-09-24 12:00:16,341 INFO  impl.RaftServerImpl (RaftServerImpl.java:setRole(170)) - s0@group-3D81F66BC438: changes role from  FOLLOWER to FOLLOWER at term 204 for recognizeCandidate:s2
2019-09-24 12:00:16,341 INFO  impl.RoleInfo (RoleInfo.java:shutdownFollowerState(121)) - s0: shutdown FollowerState
2019-09-24 12:00:16,341 INFO  impl.RoleInfo (RoleInfo.java:updateAndGet(143)) - s0: start FollowerState
2019-09-24 12:00:16,341 INFO  impl.FollowerState (FollowerState.java:run(117)) - s0@group-3D81F66BC438-FollowerState was interrupted: java.lang.InterruptedException: sleep interrupted
2019-09-24 12:00:16,344 INFO  impl.LeaderElection (LeaderElection.java:logAndReturn(56)) - s1@group-3D81F66BC438-LeaderElection91: Election TIMEOUT; received 1 response(s) [s1<-s0#0:FAIL-t203] and 0 exception(s); s1@group-3D81F66BC438:t203, leader=null, voted=s1, raftlog=s1@group-3D81F66BC438-SegmentedRaftLog:OPENED:c10,f11,i11, conf=11: [s0:0.0.0.0:42154, s1:0.0.0.0:36158, s2:0.0.0.0:36910], old=null
2019-09-24 12:00:16,355 INFO  impl.LeaderElection (LeaderElection.java:askForVotes(178)) - s1@group-3D81F66BC438-LeaderElection91: begin an election at term 204 for 11: [s0:0.0.0.0:42154, s1:0.0.0.0:36158, s2:0.0.0.0:36910], old=null
2019-09-24 12:00:16,355 DEBUG impl.RaftServerImpl (RaftServerImpl.java:requestVote(775)) - s0@group-3D81F66BC438 replies to vote request: s2<-s0#0:FAIL-t204. Peer's state: s0@group-3D81F66BC438:t204, leader=null, voted=null, raftlog=s0@group-3D81F66BC438-SegmentedRaftLog:OPENED:c11,f12,i12, conf=11: [s0:0.0.0.0:42154, s1:0.0.0.0:36158, s2:0.0.0.0:36910], old=null
2019-09-24 12:00:16,356 DEBUG impl.RaftServerImpl (RaftServerImpl.java:requestVote(743)) - s0@group-3D81F66BC438: receive requestVote(s1, group-3D81F66BC438, 204, (t:14, i:11))
2019-09-24 12:00:16,356 INFO  impl.RaftServerImpl (RaftServerImpl.java:setRole(170)) - s0@group-3D81F66BC438: changes role from  FOLLOWER to FOLLOWER at term 204 for recognizeCandidate:s1
2019-09-24 12:00:16,356 INFO  impl.RoleInfo (RoleInfo.java:shutdownFollowerState(121)) - s0: shutdown FollowerState
2019-09-24 12:00:16,356 INFO  impl.RoleInfo (RoleInfo.java:updateAndGet(143)) - s0: start FollowerState
2019-09-24 12:00:16,356 INFO  impl.FollowerState (FollowerState.java:run(117)) - s0@group-3D81F66BC438-FollowerState was interrupted: java.lang.InterruptedException: sleep interrupted
2019-09-24 12:00:16,357 DEBUG impl.RaftServerImpl (RaftServerImpl.java:requestVote(775)) - s0@group-3D81F66BC438 replies to vote request: s1<-s0#0:FAIL-t204. Peer's state: s0@group-3D81F66BC438:t204, leader=null, voted=null, raftlog=s0@group-3D81F66BC438-SegmentedRaftLog:OPENED:c11,f12,i12, conf=11: [s0:0.0.0.0:42154, s1:0.0.0.0:36158, s2:0.0.0.0:36910], old=null
2019-09-24 12:00:16,562 INFO  impl.LeaderElection (LeaderElection.java:logAndReturn(56)) - s1@group-3D81F66BC438-LeaderElection91: Election TIMEOUT; received 1 response(s) [s1<-s0#0:FAIL-t204] and 0 exception(s); s1@group-3D81F66BC438:t204, leader=null, voted=s1, raftlog=s1@group-3D81F66BC438-SegmentedRaftLog:OPENED:c10,f11,i11, conf=11: [s0:0.0.0.0:42154, s1:0.0.0.0:36158, s2:0.0.0.0:36910], old=null
2019-09-24 12:00:16,575 INFO  impl.LeaderElection (LeaderElection.java:askForVotes(178)) - s1@group-3D81F66BC438-LeaderElection91: begin an election at term 205 for 11: [s0:0.0.0.0:42154, s1:0.0.0.0:36158, s2:0.0.0.0:36910], old=null
2019-09-24 12:00:16,576 DEBUG impl.RaftServerImpl (RaftServerImpl.java:requestVote(743)) - s0@group-3D81F66BC438: receive requestVote(s1, group-3D81F66BC438, 205, (t:14, i:11))
2019-09-24 12:00:16,576 INFO  impl.RaftServerImpl (RaftServerImpl.java:setRole(170)) - s0@group-3D81F66BC438: changes role from  FOLLOWER to FOLLOWER at term 205 for recognizeCandidate:s1
2019-09-24 12:00:16,576 INFO  impl.RoleInfo (RoleInfo.java:shutdownFollowerState(121)) - s0: shutdown FollowerState
2019-09-24 12:00:16,576 INFO  impl.RoleInfo (RoleInfo.java:updateAndGet(143)) - s0: start FollowerState
2019-09-24 12:00:16,576 INFO  impl.FollowerState (FollowerState.java:run(117)) - s0@group-3D81F66BC438-FollowerState was interrupted: java.lang.InterruptedException: sleep interrupted
2019-09-24 12:00:16,577 WARN  ratis.RaftTestUtil (JavaUtils.java:attempt(158)) - FAILED "testChangeLeader-changeLeader", attempt #5/20: java.lang.IllegalStateException: No leader yet : printing ALL groups
  s0:  RUNNING  FOLLOWER s0@group-3D81F66BC438:t205, leader=null, voted=null, raftlog=s0@group-3D81F66BC438-SegmentedRaftLog:OPENED:c11,f12,i12, conf=11: [s0:0.0.0.0:42154, s1:0.0.0.0:36158, s2:0.0.0.0:36910], old=null RUNNING
  s1:  RUNNING CANDIDATE s1@group-3D81F66BC438:t205, leader=null, voted=s1, raftlog=s1@group-3D81F66BC438-SegmentedRaftLog:OPENED:c10,f11,i11, conf=11: [s0:0.0.0.0:42154, s1:0.0.0.0:36158, s2:0.0.0.0:36910], old=null RUNNING
  s2:  RUNNING CANDIDATE s2@group-3D81F66BC438:t204, leader=null, voted=s2, raftlog=s2@group-3D81F66BC438-SegmentedRaftLog:OPENED:c10,f10,i10, conf=9: [s0:0.0.0.0:42154, s1:0.0.0.0:36158, s2:0.0.0.0:36910], old=null RUNNING, sleep 100ms and then retry.
java.lang.IllegalStateException: No leader yet : printing ALL groups
  s0:  RUNNING  FOLLOWER s0@group-3D81F66BC438:t205, leader=null, voted=null, raftlog=s0@group-3D81F66BC438-SegmentedRaftLog:OPENED:c11,f12,i12, conf=11: [s0:0.0.0.0:42154, s1:0.0.0.0:36158, s2:0.0.0.0:36910], old=null RUNNING
  s1:  RUNNING CANDIDATE s1@group-3D81F66BC438:t205, leader=null, voted=s1, raftlog=s1@group-3D81F66BC438-SegmentedRaftLog:OPENED:c10,f11,i11, conf=11: [s0:0.0.0.0:42154, s1:0.0.0.0:36158, s2:0.0.0.0:36910], old=null RUNNING
  s2:  RUNNING CANDIDATE s2@group-3D81F66BC438:t204, leader=null, voted=s2, raftlog=s2@group-3D81F66BC438-SegmentedRaftLog:OPENED:c10,f10,i10, conf=9: [s0:0.0.0.0:42154, s1:0.0.0.0:36158, s2:0.0.0.0:36910], old=null RUNNING
	at org.apache.ratis.MiniRaftCluster.newIllegalStateExceptionForNoLeaders(MiniRaftCluster.java:506)
	at org.apache.ratis.RaftTestUtil.lambda$waitForLeader$1(RaftTestUtil.java:90)
	at org.apache.ratis.MiniRaftCluster.getLeader(MiniRaftCluster.java:539)
	at org.apache.ratis.MiniRaftCluster.getLeader(MiniRaftCluster.java:532)
	at org.apache.ratis.RaftTestUtil.lambda$waitForLeader$3(RaftTestUtil.java:98)
	at org.apache.ratis.util.JavaUtils.attempt(JavaUtils.java:152)
	at org.apache.ratis.RaftTestUtil.waitForLeader(RaftTestUtil.java:97)
	at org.apache.ratis.RaftTestUtil.waitForLeader(RaftTestUtil.java:77)
	at org.apache.ratis.RaftTestUtil.waitForLeader(RaftTestUtil.java:72)
	at org.apache.ratis.RaftTestUtil.lambda$changeLeader$7(RaftTestUtil.java:363)
	at org.apache.ratis.util.JavaUtils.attempt(JavaUtils.java:152)
	at org.apache.ratis.RaftTestUtil.changeLeader(RaftTestUtil.java:362)
	at org.apache.ratis.server.impl.LeaderElectionTests.testChangeLeader(LeaderElectionTests.java:81)
	at sun.reflect.NativeMethodAccessorImpl.invoke0(Native Method)
	at sun.reflect.NativeMethodAccessorImpl.invoke(NativeMethodAccessorImpl.java:62)
	at sun.reflect.DelegatingMethodAccessorImpl.invoke(DelegatingMethodAccessorImpl.java:43)
	at java.lang.reflect.Method.invoke(Method.java:498)
	at org.junit.runners.model.FrameworkMethod$1.runReflectiveCall(FrameworkMethod.java:50)
	at org.junit.internal.runners.model.ReflectiveCallable.run(ReflectiveCallable.java:12)
	at org.junit.runners.model.FrameworkMethod.invokeExplosively(FrameworkMethod.java:47)
	at org.junit.internal.runners.statements.InvokeMethod.evaluate(InvokeMethod.java:17)
	at org.junit.internal.runners.statements.RunAfters.evaluate(RunAfters.java:27)
	at org.junit.internal.runners.statements.FailOnTimeout$CallableStatement.call(FailOnTimeout.java:298)
	at org.junit.internal.runners.statements.FailOnTimeout$CallableStatement.call(FailOnTimeout.java:292)
	at java.util.concurrent.FutureTask.run(FutureTask.java:266)
	at java.lang.Thread.run(Thread.java:748)
2019-09-24 12:00:16,579 INFO  impl.LeaderElection (LeaderElection.java:logAndReturn(56)) - s2@group-3D81F66BC438-LeaderElection92: Election TIMEOUT; received 1 response(s) [s2<-s0#0:FAIL-t204] and 0 exception(s); s2@group-3D81F66BC438:t204, leader=null, voted=s2, raftlog=s2@group-3D81F66BC438-SegmentedRaftLog:OPENED:c10,f10,i10, conf=9: [s0:0.0.0.0:42154, s1:0.0.0.0:36158, s2:0.0.0.0:36910], old=null
2019-09-24 12:00:16,591 INFO  impl.LeaderElection (LeaderElection.java:askForVotes(178)) - s2@group-3D81F66BC438-LeaderElection92: begin an election at term 205 for 9: [s0:0.0.0.0:42154, s1:0.0.0.0:36158, s2:0.0.0.0:36910], old=null
2019-09-24 12:00:16,591 DEBUG impl.RaftServerImpl (RaftServerImpl.java:requestVote(775)) - s0@group-3D81F66BC438 replies to vote request: s1<-s0#0:FAIL-t205. Peer's state: s0@group-3D81F66BC438:t205, leader=null, voted=null, raftlog=s0@group-3D81F66BC438-SegmentedRaftLog:OPENED:c11,f12,i12, conf=11: [s0:0.0.0.0:42154, s1:0.0.0.0:36158, s2:0.0.0.0:36910], old=null
2019-09-24 12:00:16,592 DEBUG impl.RaftServerImpl (RaftServerImpl.java:requestVote(743)) - s0@group-3D81F66BC438: receive requestVote(s2, group-3D81F66BC438, 205, (t:13, i:10))
2019-09-24 12:00:16,592 INFO  impl.RaftServerImpl (RaftServerImpl.java:setRole(170)) - s0@group-3D81F66BC438: changes role from  FOLLOWER to FOLLOWER at term 205 for recognizeCandidate:s2
2019-09-24 12:00:16,592 INFO  impl.RoleInfo (RoleInfo.java:shutdownFollowerState(121)) - s0: shutdown FollowerState
2019-09-24 12:00:16,592 INFO  impl.RoleInfo (RoleInfo.java:updateAndGet(143)) - s0: start FollowerState
2019-09-24 12:00:16,592 INFO  impl.FollowerState (FollowerState.java:run(117)) - s0@group-3D81F66BC438-FollowerState was interrupted: java.lang.InterruptedException: sleep interrupted
2019-09-24 12:00:16,593 DEBUG impl.RaftServerImpl (RaftServerImpl.java:requestVote(775)) - s0@group-3D81F66BC438 replies to vote request: s2<-s0#0:FAIL-t205. Peer's state: s0@group-3D81F66BC438:t205, leader=null, voted=null, raftlog=s0@group-3D81F66BC438-SegmentedRaftLog:OPENED:c11,f12,i12, conf=11: [s0:0.0.0.0:42154, s1:0.0.0.0:36158, s2:0.0.0.0:36910], old=null
2019-09-24 12:00:16,678 INFO  server.RaftServerConfigKeys (ConfUtils.java:logGet(43)) - raft.server.rpc.timeout.max = 300ms (default)
2019-09-24 12:00:16,678 INFO  ratis.RaftTestUtil (RaftTestUtil.java:waitForLeader(86)) - printing ALL groups
  s0:  RUNNING  FOLLOWER s0@group-3D81F66BC438:t205, leader=null, voted=null, raftlog=s0@group-3D81F66BC438-SegmentedRaftLog:OPENED:c11,f12,i12, conf=11: [s0:0.0.0.0:42154, s1:0.0.0.0:36158, s2:0.0.0.0:36910], old=null RUNNING
  s1:  RUNNING CANDIDATE s1@group-3D81F66BC438:t205, leader=null, voted=s1, raftlog=s1@group-3D81F66BC438-SegmentedRaftLog:OPENED:c10,f11,i11, conf=11: [s0:0.0.0.0:42154, s1:0.0.0.0:36158, s2:0.0.0.0:36910], old=null RUNNING
  s2:  RUNNING CANDIDATE s2@group-3D81F66BC438:t205, leader=null, voted=s2, raftlog=s2@group-3D81F66BC438-SegmentedRaftLog:OPENED:c10,f10,i10, conf=9: [s0:0.0.0.0:42154, s1:0.0.0.0:36158, s2:0.0.0.0:36910], old=null RUNNING
2019-09-24 12:00:16,678 WARN  ratis.RaftTestUtil (JavaUtils.java:attempt(158)) - FAILED "waitForLeader-null-(expectLeader? true)", attempt #1/100: java.lang.IllegalStateException: No leader yet : printing ALL groups
  s0:  RUNNING  FOLLOWER s0@group-3D81F66BC438:t205, leader=null, voted=null, raftlog=s0@group-3D81F66BC438-SegmentedRaftLog:OPENED:c11,f12,i12, conf=11: [s0:0.0.0.0:42154, s1:0.0.0.0:36158, s2:0.0.0.0:36910], old=null RUNNING
  s1:  RUNNING CANDIDATE s1@group-3D81F66BC438:t205, leader=null, voted=s1, raftlog=s1@group-3D81F66BC438-SegmentedRaftLog:OPENED:c10,f11,i11, conf=11: [s0:0.0.0.0:42154, s1:0.0.0.0:36158, s2:0.0.0.0:36910], old=null RUNNING
  s2:  RUNNING CANDIDATE s2@group-3D81F66BC438:t205, leader=null, voted=s2, raftlog=s2@group-3D81F66BC438-SegmentedRaftLog:OPENED:c10,f10,i10, conf=9: [s0:0.0.0.0:42154, s1:0.0.0.0:36158, s2:0.0.0.0:36910], old=null RUNNING, sleep 450ms and then retry.
java.lang.IllegalStateException: No leader yet : printing ALL groups
  s0:  RUNNING  FOLLOWER s0@group-3D81F66BC438:t205, leader=null, voted=null, raftlog=s0@group-3D81F66BC438-SegmentedRaftLog:OPENED:c11,f12,i12, conf=11: [s0:0.0.0.0:42154, s1:0.0.0.0:36158, s2:0.0.0.0:36910], old=null RUNNING
  s1:  RUNNING CANDIDATE s1@group-3D81F66BC438:t205, leader=null, voted=s1, raftlog=s1@group-3D81F66BC438-SegmentedRaftLog:OPENED:c10,f11,i11, conf=11: [s0:0.0.0.0:42154, s1:0.0.0.0:36158, s2:0.0.0.0:36910], old=null RUNNING
  s2:  RUNNING CANDIDATE s2@group-3D81F66BC438:t205, leader=null, voted=s2, raftlog=s2@group-3D81F66BC438-SegmentedRaftLog:OPENED:c10,f10,i10, conf=9: [s0:0.0.0.0:42154, s1:0.0.0.0:36158, s2:0.0.0.0:36910], old=null RUNNING
	at org.apache.ratis.MiniRaftCluster.newIllegalStateExceptionForNoLeaders(MiniRaftCluster.java:506)
	at org.apache.ratis.RaftTestUtil.lambda$waitForLeader$1(RaftTestUtil.java:90)
	at org.apache.ratis.MiniRaftCluster.getLeader(MiniRaftCluster.java:539)
	at org.apache.ratis.MiniRaftCluster.getLeader(MiniRaftCluster.java:532)
	at org.apache.ratis.RaftTestUtil.lambda$waitForLeader$3(RaftTestUtil.java:98)
	at org.apache.ratis.util.JavaUtils.attempt(JavaUtils.java:152)
	at org.apache.ratis.RaftTestUtil.waitForLeader(RaftTestUtil.java:97)
	at org.apache.ratis.RaftTestUtil.waitForLeader(RaftTestUtil.java:77)
	at org.apache.ratis.RaftTestUtil.waitForLeader(RaftTestUtil.java:72)
	at org.apache.ratis.RaftTestUtil.lambda$changeLeader$7(RaftTestUtil.java:363)
	at org.apache.ratis.util.JavaUtils.attempt(JavaUtils.java:152)
	at org.apache.ratis.RaftTestUtil.changeLeader(RaftTestUtil.java:362)
	at org.apache.ratis.server.impl.LeaderElectionTests.testChangeLeader(LeaderElectionTests.java:81)
	at sun.reflect.NativeMethodAccessorImpl.invoke0(Native Method)
	at sun.reflect.NativeMethodAccessorImpl.invoke(NativeMethodAccessorImpl.java:62)
	at sun.reflect.DelegatingMethodAccessorImpl.invoke(DelegatingMethodAccessorImpl.java:43)
	at java.lang.reflect.Method.invoke(Method.java:498)
	at org.junit.runners.model.FrameworkMethod$1.runReflectiveCall(FrameworkMethod.java:50)
	at org.junit.internal.runners.model.ReflectiveCallable.run(ReflectiveCallable.java:12)
	at org.junit.runners.model.FrameworkMethod.invokeExplosively(FrameworkMethod.java:47)
	at org.junit.internal.runners.statements.InvokeMethod.evaluate(InvokeMethod.java:17)
	at org.junit.internal.runners.statements.RunAfters.evaluate(RunAfters.java:27)
	at org.junit.internal.runners.statements.FailOnTimeout$CallableStatement.call(FailOnTimeout.java:298)
	at org.junit.internal.runners.statements.FailOnTimeout$CallableStatement.call(FailOnTimeout.java:292)
	at java.util.concurrent.FutureTask.run(FutureTask.java:266)
	at java.lang.Thread.run(Thread.java:748)
2019-09-24 12:00:16,796 INFO  impl.FollowerState (FollowerState.java:run(108)) - s0@group-3D81F66BC438-FollowerState: change to CANDIDATE, lastRpcTime:203ms, electionTimeout:203ms
2019-09-24 12:00:16,796 INFO  impl.RoleInfo (RoleInfo.java:shutdownFollowerState(121)) - s0: shutdown FollowerState
2019-09-24 12:00:16,796 INFO  impl.RaftServerImpl (RaftServerImpl.java:setRole(170)) - s0@group-3D81F66BC438: changes role from  FOLLOWER to CANDIDATE at term 205 for changeToCandidate
2019-09-24 12:00:16,796 INFO  impl.RoleInfo (RoleInfo.java:updateAndGet(143)) - s0: start LeaderElection
2019-09-24 12:00:16,822 INFO  impl.LeaderElection (LeaderElection.java:logAndReturn(56)) - s2@group-3D81F66BC438-LeaderElection92: Election TIMEOUT; received 1 response(s) [s2<-s0#0:FAIL-t205] and 0 exception(s); s2@group-3D81F66BC438:t205, leader=null, voted=s2, raftlog=s2@group-3D81F66BC438-SegmentedRaftLog:OPENED:c10,f10,i10, conf=9: [s0:0.0.0.0:42154, s1:0.0.0.0:36158, s2:0.0.0.0:36910], old=null
2019-09-24 12:00:16,822 INFO  impl.LeaderElection (LeaderElection.java:askForVotes(178)) - s0@group-3D81F66BC438-LeaderElection99: begin an election at term 206 for 11: [s0:0.0.0.0:42154, s1:0.0.0.0:36158, s2:0.0.0.0:36910], old=null
2019-09-24 12:00:16,835 INFO  impl.LeaderElection (LeaderElection.java:logAndReturn(56)) - s1@group-3D81F66BC438-LeaderElection91: Election TIMEOUT; received 1 response(s) [s1<-s0#0:FAIL-t205] and 0 exception(s); s1@group-3D81F66BC438:t205, leader=null, voted=s1, raftlog=s1@group-3D81F66BC438-SegmentedRaftLog:OPENED:c10,f11,i11, conf=11: [s0:0.0.0.0:42154, s1:0.0.0.0:36158, s2:0.0.0.0:36910], old=null
2019-09-24 12:00:16,836 INFO  impl.LeaderElection (LeaderElection.java:askForVotes(178)) - s2@group-3D81F66BC438-LeaderElection92: begin an election at term 206 for 9: [s0:0.0.0.0:42154, s1:0.0.0.0:36158, s2:0.0.0.0:36910], old=null
2019-09-24 12:00:16,837 DEBUG impl.RaftServerImpl (RaftServerImpl.java:requestVote(743)) - s0@group-3D81F66BC438: receive requestVote(s2, group-3D81F66BC438, 206, (t:13, i:10))
2019-09-24 12:00:16,837 DEBUG impl.RaftServerImpl (RaftServerImpl.java:requestVote(775)) - s0@group-3D81F66BC438 replies to vote request: s2<-s0#0:FAIL-t206. Peer's state: s0@group-3D81F66BC438:t206, leader=null, voted=s0, raftlog=s0@group-3D81F66BC438-SegmentedRaftLog:OPENED:c11,f12,i12, conf=11: [s0:0.0.0.0:42154, s1:0.0.0.0:36158, s2:0.0.0.0:36910], old=null
2019-09-24 12:00:16,848 INFO  impl.LeaderElection (LeaderElection.java:askForVotes(178)) - s1@group-3D81F66BC438-LeaderElection91: begin an election at term 206 for 11: [s0:0.0.0.0:42154, s1:0.0.0.0:36158, s2:0.0.0.0:36910], old=null
2019-09-24 12:00:16,849 DEBUG impl.RaftServerImpl (RaftServerImpl.java:requestVote(743)) - s0@group-3D81F66BC438: receive requestVote(s1, group-3D81F66BC438, 206, (t:14, i:11))
2019-09-24 12:00:16,849 DEBUG impl.RaftServerImpl (RaftServerImpl.java:requestVote(775)) - s0@group-3D81F66BC438 replies to vote request: s1<-s0#0:FAIL-t206. Peer's state: s0@group-3D81F66BC438:t206, leader=null, voted=s0, raftlog=s0@group-3D81F66BC438-SegmentedRaftLog:OPENED:c11,f12,i12, conf=11: [s0:0.0.0.0:42154, s1:0.0.0.0:36158, s2:0.0.0.0:36910], old=null
2019-09-24 12:00:17,028 INFO  impl.LeaderElection (LeaderElection.java:logAndReturn(56)) - s2@group-3D81F66BC438-LeaderElection92: Election TIMEOUT; received 1 response(s) [s2<-s0#0:FAIL-t206] and 0 exception(s); s2@group-3D81F66BC438:t206, leader=null, voted=s2, raftlog=s2@group-3D81F66BC438-SegmentedRaftLog:OPENED:c10,f10,i10, conf=9: [s0:0.0.0.0:42154, s1:0.0.0.0:36158, s2:0.0.0.0:36910], old=null
2019-09-24 12:00:17,041 INFO  impl.LeaderElection (LeaderElection.java:askForVotes(178)) - s2@group-3D81F66BC438-LeaderElection92: begin an election at term 207 for 9: [s0:0.0.0.0:42154, s1:0.0.0.0:36158, s2:0.0.0.0:36910], old=null
2019-09-24 12:00:17,042 DEBUG impl.RaftServerImpl (RaftServerImpl.java:requestVote(743)) - s0@group-3D81F66BC438: receive requestVote(s2, group-3D81F66BC438, 207, (t:13, i:10))
2019-09-24 12:00:17,042 INFO  impl.RaftServerImpl (RaftServerImpl.java:setRole(170)) - s0@group-3D81F66BC438: changes role from CANDIDATE to FOLLOWER at term 207 for recognizeCandidate:s2
2019-09-24 12:00:17,042 INFO  impl.RoleInfo (RoleInfo.java:shutdownLeaderElection(134)) - s0: shutdown LeaderElection
2019-09-24 12:00:17,042 INFO  impl.RoleInfo (RoleInfo.java:updateAndGet(143)) - s0: start FollowerState
2019-09-24 12:00:17,056 DEBUG impl.RaftServerImpl (RaftServerImpl.java:requestVote(775)) - s0@group-3D81F66BC438 replies to vote request: s2<-s0#0:FAIL-t207. Peer's state: s0@group-3D81F66BC438:t207, leader=null, voted=null, raftlog=s0@group-3D81F66BC438-SegmentedRaftLog:OPENED:c11,f12,i12, conf=11: [s0:0.0.0.0:42154, s1:0.0.0.0:36158, s2:0.0.0.0:36910], old=null
2019-09-24 12:00:17,062 INFO  impl.LeaderElection (LeaderElection.java:logAndReturn(56)) - s0@group-3D81F66BC438-LeaderElection99: Election REJECTED; received 0 response(s) [] and 0 exception(s); s0@group-3D81F66BC438:t207, leader=null, voted=null, raftlog=s0@group-3D81F66BC438-SegmentedRaftLog:OPENED:c11,f12,i12, conf=11: [s0:0.0.0.0:42154, s1:0.0.0.0:36158, s2:0.0.0.0:36910], old=null
2019-09-24 12:00:17,129 WARN  ratis.RaftTestUtil (JavaUtils.java:attempt(158)) - FAILED "waitForLeader-null-(expectLeader? true)", attempt #2/100: java.lang.IllegalStateException: No leader yet : printing ALL groups
  s0:  RUNNING  FOLLOWER s0@group-3D81F66BC438:t207, leader=null, voted=null, raftlog=s0@group-3D81F66BC438-SegmentedRaftLog:OPENED:c11,f12,i12, conf=11: [s0:0.0.0.0:42154, s1:0.0.0.0:36158, s2:0.0.0.0:36910], old=null RUNNING
  s1:  RUNNING CANDIDATE s1@group-3D81F66BC438:t206, leader=null, voted=s1, raftlog=s1@group-3D81F66BC438-SegmentedRaftLog:OPENED:c10,f11,i11, conf=11: [s0:0.0.0.0:42154, s1:0.0.0.0:36158, s2:0.0.0.0:36910], old=null RUNNING
  s2:  RUNNING CANDIDATE s2@group-3D81F66BC438:t207, leader=null, voted=s2, raftlog=s2@group-3D81F66BC438-SegmentedRaftLog:OPENED:c10,f10,i10, conf=9: [s0:0.0.0.0:42154, s1:0.0.0.0:36158, s2:0.0.0.0:36910], old=null RUNNING, sleep 450ms and then retry.
java.lang.IllegalStateException: No leader yet : printing ALL groups
  s0:  RUNNING  FOLLOWER s0@group-3D81F66BC438:t207, leader=null, voted=null, raftlog=s0@group-3D81F66BC438-SegmentedRaftLog:OPENED:c11,f12,i12, conf=11: [s0:0.0.0.0:42154, s1:0.0.0.0:36158, s2:0.0.0.0:36910], old=null RUNNING
  s1:  RUNNING CANDIDATE s1@group-3D81F66BC438:t206, leader=null, voted=s1, raftlog=s1@group-3D81F66BC438-SegmentedRaftLog:OPENED:c10,f11,i11, conf=11: [s0:0.0.0.0:42154, s1:0.0.0.0:36158, s2:0.0.0.0:36910], old=null RUNNING
  s2:  RUNNING CANDIDATE s2@group-3D81F66BC438:t207, leader=null, voted=s2, raftlog=s2@group-3D81F66BC438-SegmentedRaftLog:OPENED:c10,f10,i10, conf=9: [s0:0.0.0.0:42154, s1:0.0.0.0:36158, s2:0.0.0.0:36910], old=null RUNNING
	at org.apache.ratis.MiniRaftCluster.newIllegalStateExceptionForNoLeaders(MiniRaftCluster.java:506)
	at org.apache.ratis.RaftTestUtil.lambda$waitForLeader$1(RaftTestUtil.java:90)
	at org.apache.ratis.MiniRaftCluster.getLeader(MiniRaftCluster.java:539)
	at org.apache.ratis.MiniRaftCluster.getLeader(MiniRaftCluster.java:532)
	at org.apache.ratis.RaftTestUtil.lambda$waitForLeader$3(RaftTestUtil.java:98)
	at org.apache.ratis.util.JavaUtils.attempt(JavaUtils.java:152)
	at org.apache.ratis.RaftTestUtil.waitForLeader(RaftTestUtil.java:97)
	at org.apache.ratis.RaftTestUtil.waitForLeader(RaftTestUtil.java:77)
	at org.apache.ratis.RaftTestUtil.waitForLeader(RaftTestUtil.java:72)
	at org.apache.ratis.RaftTestUtil.lambda$changeLeader$7(RaftTestUtil.java:363)
	at org.apache.ratis.util.JavaUtils.attempt(JavaUtils.java:152)
	at org.apache.ratis.RaftTestUtil.changeLeader(RaftTestUtil.java:362)
	at org.apache.ratis.server.impl.LeaderElectionTests.testChangeLeader(LeaderElectionTests.java:81)
	at sun.reflect.NativeMethodAccessorImpl.invoke0(Native Method)
	at sun.reflect.NativeMethodAccessorImpl.invoke(NativeMethodAccessorImpl.java:62)
	at sun.reflect.DelegatingMethodAccessorImpl.invoke(DelegatingMethodAccessorImpl.java:43)
	at java.lang.reflect.Method.invoke(Method.java:498)
	at org.junit.runners.model.FrameworkMethod$1.runReflectiveCall(FrameworkMethod.java:50)
	at org.junit.internal.runners.model.ReflectiveCallable.run(ReflectiveCallable.java:12)
	at org.junit.runners.model.FrameworkMethod.invokeExplosively(FrameworkMethod.java:47)
	at org.junit.internal.runners.statements.InvokeMethod.evaluate(InvokeMethod.java:17)
	at org.junit.internal.runners.statements.RunAfters.evaluate(RunAfters.java:27)
	at org.junit.internal.runners.statements.FailOnTimeout$CallableStatement.call(FailOnTimeout.java:298)
	at org.junit.internal.runners.statements.FailOnTimeout$CallableStatement.call(FailOnTimeout.java:292)
	at java.util.concurrent.FutureTask.run(FutureTask.java:266)
	at java.lang.Thread.run(Thread.java:748)
2019-09-24 12:00:17,145 INFO  impl.LeaderElection (LeaderElection.java:logAndReturn(56)) - s1@group-3D81F66BC438-LeaderElection91: Election TIMEOUT; received 1 response(s) [s1<-s0#0:FAIL-t206] and 0 exception(s); s1@group-3D81F66BC438:t206, leader=null, voted=s1, raftlog=s1@group-3D81F66BC438-SegmentedRaftLog:OPENED:c10,f11,i11, conf=11: [s0:0.0.0.0:42154, s1:0.0.0.0:36158, s2:0.0.0.0:36910], old=null
2019-09-24 12:00:17,166 INFO  impl.LeaderElection (LeaderElection.java:askForVotes(178)) - s1@group-3D81F66BC438-LeaderElection91: begin an election at term 207 for 11: [s0:0.0.0.0:42154, s1:0.0.0.0:36158, s2:0.0.0.0:36910], old=null
2019-09-24 12:00:17,166 DEBUG impl.RaftServerImpl (RaftServerImpl.java:requestVote(743)) - s0@group-3D81F66BC438: receive requestVote(s1, group-3D81F66BC438, 207, (t:14, i:11))
2019-09-24 12:00:17,167 INFO  impl.RaftServerImpl (RaftServerImpl.java:setRole(170)) - s0@group-3D81F66BC438: changes role from  FOLLOWER to FOLLOWER at term 207 for recognizeCandidate:s1
2019-09-24 12:00:17,167 INFO  impl.RoleInfo (RoleInfo.java:shutdownFollowerState(121)) - s0: shutdown FollowerState
2019-09-24 12:00:17,167 INFO  impl.RoleInfo (RoleInfo.java:updateAndGet(143)) - s0: start FollowerState
2019-09-24 12:00:17,167 INFO  impl.FollowerState (FollowerState.java:run(117)) - s0@group-3D81F66BC438-FollowerState was interrupted: java.lang.InterruptedException: sleep interrupted
2019-09-24 12:00:17,167 DEBUG impl.RaftServerImpl (RaftServerImpl.java:requestVote(775)) - s0@group-3D81F66BC438 replies to vote request: s1<-s0#0:FAIL-t207. Peer's state: s0@group-3D81F66BC438:t207, leader=null, voted=null, raftlog=s0@group-3D81F66BC438-SegmentedRaftLog:OPENED:c11,f12,i12, conf=11: [s0:0.0.0.0:42154, s1:0.0.0.0:36158, s2:0.0.0.0:36910], old=null
2019-09-24 12:00:17,210 INFO  impl.LeaderElection (LeaderElection.java:logAndReturn(56)) - s2@group-3D81F66BC438-LeaderElection92: Election TIMEOUT; received 1 response(s) [s2<-s0#0:FAIL-t207] and 0 exception(s); s2@group-3D81F66BC438:t207, leader=null, voted=s2, raftlog=s2@group-3D81F66BC438-SegmentedRaftLog:OPENED:c10,f10,i10, conf=9: [s0:0.0.0.0:42154, s1:0.0.0.0:36158, s2:0.0.0.0:36910], old=null
2019-09-24 12:00:17,223 INFO  impl.LeaderElection (LeaderElection.java:askForVotes(178)) - s2@group-3D81F66BC438-LeaderElection92: begin an election at term 208 for 9: [s0:0.0.0.0:42154, s1:0.0.0.0:36158, s2:0.0.0.0:36910], old=null
2019-09-24 12:00:17,223 DEBUG impl.RaftServerImpl (RaftServerImpl.java:requestVote(743)) - s0@group-3D81F66BC438: receive requestVote(s2, group-3D81F66BC438, 208, (t:13, i:10))
2019-09-24 12:00:17,224 INFO  impl.RaftServerImpl (RaftServerImpl.java:setRole(170)) - s0@group-3D81F66BC438: changes role from  FOLLOWER to FOLLOWER at term 208 for recognizeCandidate:s2
2019-09-24 12:00:17,224 INFO  impl.RoleInfo (RoleInfo.java:shutdownFollowerState(121)) - s0: shutdown FollowerState
2019-09-24 12:00:17,224 INFO  impl.RoleInfo (RoleInfo.java:updateAndGet(143)) - s0: start FollowerState
2019-09-24 12:00:17,224 INFO  impl.FollowerState (FollowerState.java:run(117)) - s0@group-3D81F66BC438-FollowerState was interrupted: java.lang.InterruptedException: sleep interrupted
2019-09-24 12:00:17,237 DEBUG impl.RaftServerImpl (RaftServerImpl.java:requestVote(775)) - s0@group-3D81F66BC438 replies to vote request: s2<-s0#0:FAIL-t208. Peer's state: s0@group-3D81F66BC438:t208, leader=null, voted=null, raftlog=s0@group-3D81F66BC438-SegmentedRaftLog:OPENED:c11,f12,i12, conf=11: [s0:0.0.0.0:42154, s1:0.0.0.0:36158, s2:0.0.0.0:36910], old=null
2019-09-24 12:00:17,332 INFO  impl.LeaderElection (LeaderElection.java:logAndReturn(56)) - s1@group-3D81F66BC438-LeaderElection91: Election TIMEOUT; received 1 response(s) [s1<-s0#0:FAIL-t207] and 0 exception(s); s1@group-3D81F66BC438:t207, leader=null, voted=s1, raftlog=s1@group-3D81F66BC438-SegmentedRaftLog:OPENED:c10,f11,i11, conf=11: [s0:0.0.0.0:42154, s1:0.0.0.0:36158, s2:0.0.0.0:36910], old=null
2019-09-24 12:00:17,345 INFO  impl.LeaderElection (LeaderElection.java:askForVotes(178)) - s1@group-3D81F66BC438-LeaderElection91: begin an election at term 208 for 11: [s0:0.0.0.0:42154, s1:0.0.0.0:36158, s2:0.0.0.0:36910], old=null
2019-09-24 12:00:17,346 DEBUG impl.RaftServerImpl (RaftServerImpl.java:requestVote(743)) - s0@group-3D81F66BC438: receive requestVote(s1, group-3D81F66BC438, 208, (t:14, i:11))
2019-09-24 12:00:17,346 INFO  impl.RaftServerImpl (RaftServerImpl.java:setRole(170)) - s0@group-3D81F66BC438: changes role from  FOLLOWER to FOLLOWER at term 208 for recognizeCandidate:s1
2019-09-24 12:00:17,346 INFO  impl.RoleInfo (RoleInfo.java:shutdownFollowerState(121)) - s0: shutdown FollowerState
2019-09-24 12:00:17,346 INFO  impl.RoleInfo (RoleInfo.java:updateAndGet(143)) - s0: start FollowerState
2019-09-24 12:00:17,346 INFO  impl.FollowerState (FollowerState.java:run(117)) - s0@group-3D81F66BC438-FollowerState was interrupted: java.lang.InterruptedException: sleep interrupted
2019-09-24 12:00:17,347 DEBUG impl.RaftServerImpl (RaftServerImpl.java:requestVote(775)) - s0@group-3D81F66BC438 replies to vote request: s1<-s0#0:FAIL-t208. Peer's state: s0@group-3D81F66BC438:t208, leader=null, voted=null, raftlog=s0@group-3D81F66BC438-SegmentedRaftLog:OPENED:c11,f12,i12, conf=11: [s0:0.0.0.0:42154, s1:0.0.0.0:36158, s2:0.0.0.0:36910], old=null
2019-09-24 12:00:17,496 INFO  impl.LeaderElection (LeaderElection.java:logAndReturn(56)) - s2@group-3D81F66BC438-LeaderElection92: Election TIMEOUT; received 1 response(s) [s2<-s0#0:FAIL-t208] and 0 exception(s); s2@group-3D81F66BC438:t208, leader=null, voted=s2, raftlog=s2@group-3D81F66BC438-SegmentedRaftLog:OPENED:c10,f10,i10, conf=9: [s0:0.0.0.0:42154, s1:0.0.0.0:36158, s2:0.0.0.0:36910], old=null
2019-09-24 12:00:17,510 INFO  impl.LeaderElection (LeaderElection.java:askForVotes(178)) - s2@group-3D81F66BC438-LeaderElection92: begin an election at term 209 for 9: [s0:0.0.0.0:42154, s1:0.0.0.0:36158, s2:0.0.0.0:36910], old=null
2019-09-24 12:00:17,511 DEBUG impl.RaftServerImpl (RaftServerImpl.java:requestVote(743)) - s0@group-3D81F66BC438: receive requestVote(s2, group-3D81F66BC438, 209, (t:13, i:10))
2019-09-24 12:00:17,511 INFO  impl.RaftServerImpl (RaftServerImpl.java:setRole(170)) - s0@group-3D81F66BC438: changes role from  FOLLOWER to FOLLOWER at term 209 for recognizeCandidate:s2
2019-09-24 12:00:17,511 INFO  impl.RoleInfo (RoleInfo.java:shutdownFollowerState(121)) - s0: shutdown FollowerState
2019-09-24 12:00:17,511 INFO  impl.RoleInfo (RoleInfo.java:updateAndGet(143)) - s0: start FollowerState
2019-09-24 12:00:17,512 INFO  impl.FollowerState (FollowerState.java:run(117)) - s0@group-3D81F66BC438-FollowerState was interrupted: java.lang.InterruptedException: sleep interrupted
2019-09-24 12:00:17,526 DEBUG impl.RaftServerImpl (RaftServerImpl.java:requestVote(775)) - s0@group-3D81F66BC438 replies to vote request: s2<-s0#0:FAIL-t209. Peer's state: s0@group-3D81F66BC438:t209, leader=null, voted=null, raftlog=s0@group-3D81F66BC438-SegmentedRaftLog:OPENED:c11,f12,i12, conf=11: [s0:0.0.0.0:42154, s1:0.0.0.0:36158, s2:0.0.0.0:36910], old=null
2019-09-24 12:00:17,570 INFO  impl.LeaderElection (LeaderElection.java:logAndReturn(56)) - s1@group-3D81F66BC438-LeaderElection91: Election TIMEOUT; received 1 response(s) [s1<-s0#0:FAIL-t208] and 0 exception(s); s1@group-3D81F66BC438:t208, leader=null, voted=s1, raftlog=s1@group-3D81F66BC438-SegmentedRaftLog:OPENED:c10,f11,i11, conf=11: [s0:0.0.0.0:42154, s1:0.0.0.0:36158, s2:0.0.0.0:36910], old=null
2019-09-24 12:00:17,580 WARN  ratis.RaftTestUtil (JavaUtils.java:attempt(158)) - FAILED "waitForLeader-null-(expectLeader? true)", attempt #3/100: java.lang.IllegalStateException: No leader yet : printing ALL groups
  s0:  RUNNING  FOLLOWER s0@group-3D81F66BC438:t209, leader=null, voted=null, raftlog=s0@group-3D81F66BC438-SegmentedRaftLog:OPENED:c11,f12,i12, conf=11: [s0:0.0.0.0:42154, s1:0.0.0.0:36158, s2:0.0.0.0:36910], old=null RUNNING
  s1:  RUNNING CANDIDATE s1@group-3D81F66BC438:t209, leader=null, voted=s1, raftlog=s1@group-3D81F66BC438-SegmentedRaftLog:OPENED:c10,f11,i11, conf=11: [s0:0.0.0.0:42154, s1:0.0.0.0:36158, s2:0.0.0.0:36910], old=null RUNNING
  s2:  RUNNING CANDIDATE s2@group-3D81F66BC438:t209, leader=null, voted=s2, raftlog=s2@group-3D81F66BC438-SegmentedRaftLog:OPENED:c10,f10,i10, conf=9: [s0:0.0.0.0:42154, s1:0.0.0.0:36158, s2:0.0.0.0:36910], old=null RUNNING, sleep 450ms and then retry.
java.lang.IllegalStateException: No leader yet : printing ALL groups
  s0:  RUNNING  FOLLOWER s0@group-3D81F66BC438:t209, leader=null, voted=null, raftlog=s0@group-3D81F66BC438-SegmentedRaftLog:OPENED:c11,f12,i12, conf=11: [s0:0.0.0.0:42154, s1:0.0.0.0:36158, s2:0.0.0.0:36910], old=null RUNNING
  s1:  RUNNING CANDIDATE s1@group-3D81F66BC438:t209, leader=null, voted=s1, raftlog=s1@group-3D81F66BC438-SegmentedRaftLog:OPENED:c10,f11,i11, conf=11: [s0:0.0.0.0:42154, s1:0.0.0.0:36158, s2:0.0.0.0:36910], old=null RUNNING
  s2:  RUNNING CANDIDATE s2@group-3D81F66BC438:t209, leader=null, voted=s2, raftlog=s2@group-3D81F66BC438-SegmentedRaftLog:OPENED:c10,f10,i10, conf=9: [s0:0.0.0.0:42154, s1:0.0.0.0:36158, s2:0.0.0.0:36910], old=null RUNNING
	at org.apache.ratis.MiniRaftCluster.newIllegalStateExceptionForNoLeaders(MiniRaftCluster.java:506)
	at org.apache.ratis.RaftTestUtil.lambda$waitForLeader$1(RaftTestUtil.java:90)
	at org.apache.ratis.MiniRaftCluster.getLeader(MiniRaftCluster.java:539)
	at org.apache.ratis.MiniRaftCluster.getLeader(MiniRaftCluster.java:532)
	at org.apache.ratis.RaftTestUtil.lambda$waitForLeader$3(RaftTestUtil.java:98)
	at org.apache.ratis.util.JavaUtils.attempt(JavaUtils.java:152)
	at org.apache.ratis.RaftTestUtil.waitForLeader(RaftTestUtil.java:97)
	at org.apache.ratis.RaftTestUtil.waitForLeader(RaftTestUtil.java:77)
	at org.apache.ratis.RaftTestUtil.waitForLeader(RaftTestUtil.java:72)
	at org.apache.ratis.RaftTestUtil.lambda$changeLeader$7(RaftTestUtil.java:363)
	at org.apache.ratis.util.JavaUtils.attempt(JavaUtils.java:152)
	at org.apache.ratis.RaftTestUtil.changeLeader(RaftTestUtil.java:362)
	at org.apache.ratis.server.impl.LeaderElectionTests.testChangeLeader(LeaderElectionTests.java:81)
	at sun.reflect.NativeMethodAccessorImpl.invoke0(Native Method)
	at sun.reflect.NativeMethodAccessorImpl.invoke(NativeMethodAccessorImpl.java:62)
	at sun.reflect.DelegatingMethodAccessorImpl.invoke(DelegatingMethodAccessorImpl.java:43)
	at java.lang.reflect.Method.invoke(Method.java:498)
	at org.junit.runners.model.FrameworkMethod$1.runReflectiveCall(FrameworkMethod.java:50)
	at org.junit.internal.runners.model.ReflectiveCallable.run(ReflectiveCallable.java:12)
	at org.junit.runners.model.FrameworkMethod.invokeExplosively(FrameworkMethod.java:47)
	at org.junit.internal.runners.statements.InvokeMethod.evaluate(InvokeMethod.java:17)
	at org.junit.internal.runners.statements.RunAfters.evaluate(RunAfters.java:27)
	at org.junit.internal.runners.statements.FailOnTimeout$CallableStatement.call(FailOnTimeout.java:298)
	at org.junit.internal.runners.statements.FailOnTimeout$CallableStatement.call(FailOnTimeout.java:292)
	at java.util.concurrent.FutureTask.run(FutureTask.java:266)
	at java.lang.Thread.run(Thread.java:748)
2019-09-24 12:00:17,583 INFO  impl.LeaderElection (LeaderElection.java:askForVotes(178)) - s1@group-3D81F66BC438-LeaderElection91: begin an election at term 209 for 11: [s0:0.0.0.0:42154, s1:0.0.0.0:36158, s2:0.0.0.0:36910], old=null
2019-09-24 12:00:17,583 DEBUG impl.RaftServerImpl (RaftServerImpl.java:requestVote(743)) - s0@group-3D81F66BC438: receive requestVote(s1, group-3D81F66BC438, 209, (t:14, i:11))
2019-09-24 12:00:17,584 INFO  impl.RaftServerImpl (RaftServerImpl.java:setRole(170)) - s0@group-3D81F66BC438: changes role from  FOLLOWER to FOLLOWER at term 209 for recognizeCandidate:s1
2019-09-24 12:00:17,584 INFO  impl.RoleInfo (RoleInfo.java:shutdownFollowerState(121)) - s0: shutdown FollowerState
2019-09-24 12:00:17,584 INFO  impl.RoleInfo (RoleInfo.java:updateAndGet(143)) - s0: start FollowerState
2019-09-24 12:00:17,584 INFO  impl.FollowerState (FollowerState.java:run(117)) - s0@group-3D81F66BC438-FollowerState was interrupted: java.lang.InterruptedException: sleep interrupted
2019-09-24 12:00:17,584 DEBUG impl.RaftServerImpl (RaftServerImpl.java:requestVote(775)) - s0@group-3D81F66BC438 replies to vote request: s1<-s0#0:FAIL-t209. Peer's state: s0@group-3D81F66BC438:t209, leader=null, voted=null, raftlog=s0@group-3D81F66BC438-SegmentedRaftLog:OPENED:c11,f12,i12, conf=11: [s0:0.0.0.0:42154, s1:0.0.0.0:36158, s2:0.0.0.0:36910], old=null
2019-09-24 12:00:17,712 INFO  impl.LeaderElection (LeaderElection.java:logAndReturn(56)) - s2@group-3D81F66BC438-LeaderElection92: Election TIMEOUT; received 1 response(s) [s2<-s0#0:FAIL-t209] and 0 exception(s); s2@group-3D81F66BC438:t209, leader=null, voted=s2, raftlog=s2@group-3D81F66BC438-SegmentedRaftLog:OPENED:c10,f10,i10, conf=9: [s0:0.0.0.0:42154, s1:0.0.0.0:36158, s2:0.0.0.0:36910], old=null
2019-09-24 12:00:17,725 INFO  impl.LeaderElection (LeaderElection.java:askForVotes(178)) - s2@group-3D81F66BC438-LeaderElection92: begin an election at term 210 for 9: [s0:0.0.0.0:42154, s1:0.0.0.0:36158, s2:0.0.0.0:36910], old=null
2019-09-24 12:00:17,726 DEBUG impl.RaftServerImpl (RaftServerImpl.java:requestVote(743)) - s0@group-3D81F66BC438: receive requestVote(s2, group-3D81F66BC438, 210, (t:13, i:10))
2019-09-24 12:00:17,726 INFO  impl.RaftServerImpl (RaftServerImpl.java:setRole(170)) - s0@group-3D81F66BC438: changes role from  FOLLOWER to FOLLOWER at term 210 for recognizeCandidate:s2
2019-09-24 12:00:17,726 INFO  impl.RoleInfo (RoleInfo.java:shutdownFollowerState(121)) - s0: shutdown FollowerState
2019-09-24 12:00:17,726 INFO  impl.RoleInfo (RoleInfo.java:updateAndGet(143)) - s0: start FollowerState
2019-09-24 12:00:17,726 INFO  impl.FollowerState (FollowerState.java:run(117)) - s0@group-3D81F66BC438-FollowerState was interrupted: java.lang.InterruptedException: sleep interrupted
2019-09-24 12:00:17,747 DEBUG impl.RaftServerImpl (RaftServerImpl.java:requestVote(775)) - s0@group-3D81F66BC438 replies to vote request: s2<-s0#0:FAIL-t210. Peer's state: s0@group-3D81F66BC438:t210, leader=null, voted=null, raftlog=s0@group-3D81F66BC438-SegmentedRaftLog:OPENED:c11,f12,i12, conf=11: [s0:0.0.0.0:42154, s1:0.0.0.0:36158, s2:0.0.0.0:36910], old=null
2019-09-24 12:00:17,753 INFO  impl.LeaderElection (LeaderElection.java:logAndReturn(56)) - s1@group-3D81F66BC438-LeaderElection91: Election TIMEOUT; received 1 response(s) [s1<-s0#0:FAIL-t209] and 0 exception(s); s1@group-3D81F66BC438:t209, leader=null, voted=s1, raftlog=s1@group-3D81F66BC438-SegmentedRaftLog:OPENED:c10,f11,i11, conf=11: [s0:0.0.0.0:42154, s1:0.0.0.0:36158, s2:0.0.0.0:36910], old=null
2019-09-24 12:00:17,766 INFO  impl.LeaderElection (LeaderElection.java:askForVotes(178)) - s1@group-3D81F66BC438-LeaderElection91: begin an election at term 210 for 11: [s0:0.0.0.0:42154, s1:0.0.0.0:36158, s2:0.0.0.0:36910], old=null
2019-09-24 12:00:17,766 DEBUG impl.RaftServerImpl (RaftServerImpl.java:requestVote(743)) - s0@group-3D81F66BC438: receive requestVote(s1, group-3D81F66BC438, 210, (t:14, i:11))
2019-09-24 12:00:17,767 INFO  impl.RaftServerImpl (RaftServerImpl.java:setRole(170)) - s0@group-3D81F66BC438: changes role from  FOLLOWER to FOLLOWER at term 210 for recognizeCandidate:s1
2019-09-24 12:00:17,767 INFO  impl.RoleInfo (RoleInfo.java:shutdownFollowerState(121)) - s0: shutdown FollowerState
2019-09-24 12:00:17,767 INFO  impl.RoleInfo (RoleInfo.java:updateAndGet(143)) - s0: start FollowerState
2019-09-24 12:00:17,767 INFO  impl.FollowerState (FollowerState.java:run(117)) - s0@group-3D81F66BC438-FollowerState was interrupted: java.lang.InterruptedException: sleep interrupted
2019-09-24 12:00:17,767 DEBUG impl.RaftServerImpl (RaftServerImpl.java:requestVote(775)) - s0@group-3D81F66BC438 replies to vote request: s1<-s0#0:FAIL-t210. Peer's state: s0@group-3D81F66BC438:t210, leader=null, voted=null, raftlog=s0@group-3D81F66BC438-SegmentedRaftLog:OPENED:c11,f12,i12, conf=11: [s0:0.0.0.0:42154, s1:0.0.0.0:36158, s2:0.0.0.0:36910], old=null
2019-09-24 12:00:17,971 INFO  impl.LeaderElection (LeaderElection.java:logAndReturn(56)) - s1@group-3D81F66BC438-LeaderElection91: Election TIMEOUT; received 1 response(s) [s1<-s0#0:FAIL-t210] and 0 exception(s); s1@group-3D81F66BC438:t210, leader=null, voted=s1, raftlog=s1@group-3D81F66BC438-SegmentedRaftLog:OPENED:c10,f11,i11, conf=11: [s0:0.0.0.0:42154, s1:0.0.0.0:36158, s2:0.0.0.0:36910], old=null
2019-09-24 12:00:17,984 INFO  impl.LeaderElection (LeaderElection.java:askForVotes(178)) - s1@group-3D81F66BC438-LeaderElection91: begin an election at term 211 for 11: [s0:0.0.0.0:42154, s1:0.0.0.0:36158, s2:0.0.0.0:36910], old=null
2019-09-24 12:00:17,984 DEBUG impl.RaftServerImpl (RaftServerImpl.java:requestVote(743)) - s0@group-3D81F66BC438: receive requestVote(s1, group-3D81F66BC438, 211, (t:14, i:11))
2019-09-24 12:00:17,984 INFO  impl.RaftServerImpl (RaftServerImpl.java:setRole(170)) - s0@group-3D81F66BC438: changes role from  FOLLOWER to FOLLOWER at term 211 for recognizeCandidate:s1
2019-09-24 12:00:17,984 INFO  impl.RoleInfo (RoleInfo.java:shutdownFollowerState(121)) - s0: shutdown FollowerState
2019-09-24 12:00:17,985 INFO  impl.RoleInfo (RoleInfo.java:updateAndGet(143)) - s0: start FollowerState
2019-09-24 12:00:17,985 INFO  impl.FollowerState (FollowerState.java:run(117)) - s0@group-3D81F66BC438-FollowerState was interrupted: java.lang.InterruptedException: sleep interrupted
2019-09-24 12:00:18,000 DEBUG impl.RaftServerImpl (RaftServerImpl.java:requestVote(775)) - s0@group-3D81F66BC438 replies to vote request: s1<-s0#0:FAIL-t211. Peer's state: s0@group-3D81F66BC438:t211, leader=null, voted=null, raftlog=s0@group-3D81F66BC438-SegmentedRaftLog:OPENED:c11,f12,i12, conf=11: [s0:0.0.0.0:42154, s1:0.0.0.0:36158, s2:0.0.0.0:36910], old=null
2019-09-24 12:00:18,008 INFO  impl.LeaderElection (LeaderElection.java:logAndReturn(56)) - s2@group-3D81F66BC438-LeaderElection92: Election TIMEOUT; received 1 response(s) [s2<-s0#0:FAIL-t210] and 0 exception(s); s2@group-3D81F66BC438:t210, leader=null, voted=s2, raftlog=s2@group-3D81F66BC438-SegmentedRaftLog:OPENED:c10,f10,i10, conf=9: [s0:0.0.0.0:42154, s1:0.0.0.0:36158, s2:0.0.0.0:36910], old=null
2019-09-24 12:00:18,022 INFO  impl.LeaderElection (LeaderElection.java:askForVotes(178)) - s2@group-3D81F66BC438-LeaderElection92: begin an election at term 211 for 9: [s0:0.0.0.0:42154, s1:0.0.0.0:36158, s2:0.0.0.0:36910], old=null
2019-09-24 12:00:18,022 DEBUG impl.RaftServerImpl (RaftServerImpl.java:requestVote(743)) - s0@group-3D81F66BC438: receive requestVote(s2, group-3D81F66BC438, 211, (t:13, i:10))
2019-09-24 12:00:18,022 INFO  impl.RaftServerImpl (RaftServerImpl.java:setRole(170)) - s0@group-3D81F66BC438: changes role from  FOLLOWER to FOLLOWER at term 211 for recognizeCandidate:s2
2019-09-24 12:00:18,023 INFO  impl.RoleInfo (RoleInfo.java:shutdownFollowerState(121)) - s0: shutdown FollowerState
2019-09-24 12:00:18,023 INFO  impl.RoleInfo (RoleInfo.java:updateAndGet(143)) - s0: start FollowerState
2019-09-24 12:00:18,023 INFO  impl.FollowerState (FollowerState.java:run(117)) - s0@group-3D81F66BC438-FollowerState was interrupted: java.lang.InterruptedException: sleep interrupted
2019-09-24 12:00:18,023 DEBUG impl.RaftServerImpl (RaftServerImpl.java:requestVote(775)) - s0@group-3D81F66BC438 replies to vote request: s2<-s0#0:FAIL-t211. Peer's state: s0@group-3D81F66BC438:t211, leader=null, voted=null, raftlog=s0@group-3D81F66BC438-SegmentedRaftLog:OPENED:c11,f12,i12, conf=11: [s0:0.0.0.0:42154, s1:0.0.0.0:36158, s2:0.0.0.0:36910], old=null
2019-09-24 12:00:18,031 WARN  ratis.RaftTestUtil (JavaUtils.java:attempt(158)) - FAILED "waitForLeader-null-(expectLeader? true)", attempt #4/100: java.lang.IllegalStateException: No leader yet : printing ALL groups
  s0:  RUNNING  FOLLOWER s0@group-3D81F66BC438:t211, leader=null, voted=null, raftlog=s0@group-3D81F66BC438-SegmentedRaftLog:OPENED:c11,f12,i12, conf=11: [s0:0.0.0.0:42154, s1:0.0.0.0:36158, s2:0.0.0.0:36910], old=null RUNNING
  s1:  RUNNING CANDIDATE s1@group-3D81F66BC438:t211, leader=null, voted=s1, raftlog=s1@group-3D81F66BC438-SegmentedRaftLog:OPENED:c10,f11,i11, conf=11: [s0:0.0.0.0:42154, s1:0.0.0.0:36158, s2:0.0.0.0:36910], old=null RUNNING
  s2:  RUNNING CANDIDATE s2@group-3D81F66BC438:t211, leader=null, voted=s2, raftlog=s2@group-3D81F66BC438-SegmentedRaftLog:OPENED:c10,f10,i10, conf=9: [s0:0.0.0.0:42154, s1:0.0.0.0:36158, s2:0.0.0.0:36910], old=null RUNNING, sleep 450ms and then retry.
java.lang.IllegalStateException: No leader yet : printing ALL groups
  s0:  RUNNING  FOLLOWER s0@group-3D81F66BC438:t211, leader=null, voted=null, raftlog=s0@group-3D81F66BC438-SegmentedRaftLog:OPENED:c11,f12,i12, conf=11: [s0:0.0.0.0:42154, s1:0.0.0.0:36158, s2:0.0.0.0:36910], old=null RUNNING
  s1:  RUNNING CANDIDATE s1@group-3D81F66BC438:t211, leader=null, voted=s1, raftlog=s1@group-3D81F66BC438-SegmentedRaftLog:OPENED:c10,f11,i11, conf=11: [s0:0.0.0.0:42154, s1:0.0.0.0:36158, s2:0.0.0.0:36910], old=null RUNNING
  s2:  RUNNING CANDIDATE s2@group-3D81F66BC438:t211, leader=null, voted=s2, raftlog=s2@group-3D81F66BC438-SegmentedRaftLog:OPENED:c10,f10,i10, conf=9: [s0:0.0.0.0:42154, s1:0.0.0.0:36158, s2:0.0.0.0:36910], old=null RUNNING
	at org.apache.ratis.MiniRaftCluster.newIllegalStateExceptionForNoLeaders(MiniRaftCluster.java:506)
	at org.apache.ratis.RaftTestUtil.lambda$waitForLeader$1(RaftTestUtil.java:90)
	at org.apache.ratis.MiniRaftCluster.getLeader(MiniRaftCluster.java:539)
	at org.apache.ratis.MiniRaftCluster.getLeader(MiniRaftCluster.java:532)
	at org.apache.ratis.RaftTestUtil.lambda$waitForLeader$3(RaftTestUtil.java:98)
	at org.apache.ratis.util.JavaUtils.attempt(JavaUtils.java:152)
	at org.apache.ratis.RaftTestUtil.waitForLeader(RaftTestUtil.java:97)
	at org.apache.ratis.RaftTestUtil.waitForLeader(RaftTestUtil.java:77)
	at org.apache.ratis.RaftTestUtil.waitForLeader(RaftTestUtil.java:72)
	at org.apache.ratis.RaftTestUtil.lambda$changeLeader$7(RaftTestUtil.java:363)
	at org.apache.ratis.util.JavaUtils.attempt(JavaUtils.java:152)
	at org.apache.ratis.RaftTestUtil.changeLeader(RaftTestUtil.java:362)
	at org.apache.ratis.server.impl.LeaderElectionTests.testChangeLeader(LeaderElectionTests.java:81)
	at sun.reflect.NativeMethodAccessorImpl.invoke0(Native Method)
	at sun.reflect.NativeMethodAccessorImpl.invoke(NativeMethodAccessorImpl.java:62)
	at sun.reflect.DelegatingMethodAccessorImpl.invoke(DelegatingMethodAccessorImpl.java:43)
	at java.lang.reflect.Method.invoke(Method.java:498)
	at org.junit.runners.model.FrameworkMethod$1.runReflectiveCall(FrameworkMethod.java:50)
	at org.junit.internal.runners.model.ReflectiveCallable.run(ReflectiveCallable.java:12)
	at org.junit.runners.model.FrameworkMethod.invokeExplosively(FrameworkMethod.java:47)
	at org.junit.internal.runners.statements.InvokeMethod.evaluate(InvokeMethod.java:17)
	at org.junit.internal.runners.statements.RunAfters.evaluate(RunAfters.java:27)
	at org.junit.internal.runners.statements.FailOnTimeout$CallableStatement.call(FailOnTimeout.java:298)
	at org.junit.internal.runners.statements.FailOnTimeout$CallableStatement.call(FailOnTimeout.java:292)
	at java.util.concurrent.FutureTask.run(FutureTask.java:266)
	at java.lang.Thread.run(Thread.java:748)
2019-09-24 12:00:18,210 INFO  impl.LeaderElection (LeaderElection.java:logAndReturn(56)) - s2@group-3D81F66BC438-LeaderElection92: Election TIMEOUT; received 1 response(s) [s2<-s0#0:FAIL-t211] and 0 exception(s); s2@group-3D81F66BC438:t211, leader=null, voted=s2, raftlog=s2@group-3D81F66BC438-SegmentedRaftLog:OPENED:c10,f10,i10, conf=9: [s0:0.0.0.0:42154, s1:0.0.0.0:36158, s2:0.0.0.0:36910], old=null
2019-09-24 12:00:18,234 INFO  impl.LeaderElection (LeaderElection.java:askForVotes(178)) - s2@group-3D81F66BC438-LeaderElection92: begin an election at term 212 for 9: [s0:0.0.0.0:42154, s1:0.0.0.0:36158, s2:0.0.0.0:36910], old=null
2019-09-24 12:00:18,236 DEBUG impl.RaftServerImpl (RaftServerImpl.java:requestVote(743)) - s0@group-3D81F66BC438: receive requestVote(s2, group-3D81F66BC438, 212, (t:13, i:10))
2019-09-24 12:00:18,237 INFO  impl.RaftServerImpl (RaftServerImpl.java:setRole(170)) - s0@group-3D81F66BC438: changes role from  FOLLOWER to FOLLOWER at term 212 for recognizeCandidate:s2
2019-09-24 12:00:18,237 INFO  impl.RoleInfo (RoleInfo.java:shutdownFollowerState(121)) - s0: shutdown FollowerState
2019-09-24 12:00:18,238 INFO  impl.RoleInfo (RoleInfo.java:updateAndGet(143)) - s0: start FollowerState
2019-09-24 12:00:18,238 INFO  impl.FollowerState (FollowerState.java:run(117)) - s0@group-3D81F66BC438-FollowerState was interrupted: java.lang.InterruptedException: sleep interrupted
2019-09-24 12:00:18,242 INFO  impl.LeaderElection (LeaderElection.java:logAndReturn(56)) - s1@group-3D81F66BC438-LeaderElection91: Election TIMEOUT; received 1 response(s) [s1<-s0#0:FAIL-t211] and 0 exception(s); s1@group-3D81F66BC438:t211, leader=null, voted=s1, raftlog=s1@group-3D81F66BC438-SegmentedRaftLog:OPENED:c10,f11,i11, conf=11: [s0:0.0.0.0:42154, s1:0.0.0.0:36158, s2:0.0.0.0:36910], old=null
2019-09-24 12:00:18,255 INFO  impl.LeaderElection (LeaderElection.java:askForVotes(178)) - s1@group-3D81F66BC438-LeaderElection91: begin an election at term 212 for 11: [s0:0.0.0.0:42154, s1:0.0.0.0:36158, s2:0.0.0.0:36910], old=null
2019-09-24 12:00:18,255 DEBUG impl.RaftServerImpl (RaftServerImpl.java:requestVote(775)) - s0@group-3D81F66BC438 replies to vote request: s2<-s0#0:FAIL-t212. Peer's state: s0@group-3D81F66BC438:t212, leader=null, voted=null, raftlog=s0@group-3D81F66BC438-SegmentedRaftLog:OPENED:c11,f12,i12, conf=11: [s0:0.0.0.0:42154, s1:0.0.0.0:36158, s2:0.0.0.0:36910], old=null
2019-09-24 12:00:18,255 DEBUG impl.RaftServerImpl (RaftServerImpl.java:requestVote(743)) - s0@group-3D81F66BC438: receive requestVote(s1, group-3D81F66BC438, 212, (t:14, i:11))
2019-09-24 12:00:18,256 INFO  impl.RaftServerImpl (RaftServerImpl.java:setRole(170)) - s0@group-3D81F66BC438: changes role from  FOLLOWER to FOLLOWER at term 212 for recognizeCandidate:s1
2019-09-24 12:00:18,256 INFO  impl.RoleInfo (RoleInfo.java:shutdownFollowerState(121)) - s0: shutdown FollowerState
2019-09-24 12:00:18,256 INFO  impl.RoleInfo (RoleInfo.java:updateAndGet(143)) - s0: start FollowerState
2019-09-24 12:00:18,256 INFO  impl.FollowerState (FollowerState.java:run(117)) - s0@group-3D81F66BC438-FollowerState was interrupted: java.lang.InterruptedException: sleep interrupted
2019-09-24 12:00:18,256 DEBUG impl.RaftServerImpl (RaftServerImpl.java:requestVote(775)) - s0@group-3D81F66BC438 replies to vote request: s1<-s0#0:FAIL-t212. Peer's state: s0@group-3D81F66BC438:t212, leader=null, voted=null, raftlog=s0@group-3D81F66BC438-SegmentedRaftLog:OPENED:c11,f12,i12, conf=11: [s0:0.0.0.0:42154, s1:0.0.0.0:36158, s2:0.0.0.0:36910], old=null
2019-09-24 12:00:18,452 INFO  impl.LeaderElection (LeaderElection.java:logAndReturn(56)) - s2@group-3D81F66BC438-LeaderElection92: Election TIMEOUT; received 1 response(s) [s2<-s0#0:FAIL-t212] and 0 exception(s); s2@group-3D81F66BC438:t212, leader=null, voted=s2, raftlog=s2@group-3D81F66BC438-SegmentedRaftLog:OPENED:c10,f10,i10, conf=9: [s0:0.0.0.0:42154, s1:0.0.0.0:36158, s2:0.0.0.0:36910], old=null
2019-09-24 12:00:18,475 INFO  impl.LeaderElection (LeaderElection.java:logAndReturn(56)) - s1@group-3D81F66BC438-LeaderElection91: Election TIMEOUT; received 1 response(s) [s1<-s0#0:FAIL-t212] and 0 exception(s); s1@group-3D81F66BC438:t212, leader=null, voted=s1, raftlog=s1@group-3D81F66BC438-SegmentedRaftLog:OPENED:c10,f11,i11, conf=11: [s0:0.0.0.0:42154, s1:0.0.0.0:36158, s2:0.0.0.0:36910], old=null
2019-09-24 12:00:18,478 INFO  impl.LeaderElection (LeaderElection.java:askForVotes(178)) - s2@group-3D81F66BC438-LeaderElection92: begin an election at term 213 for 9: [s0:0.0.0.0:42154, s1:0.0.0.0:36158, s2:0.0.0.0:36910], old=null
2019-09-24 12:00:18,478 DEBUG impl.RaftServerImpl (RaftServerImpl.java:requestVote(743)) - s0@group-3D81F66BC438: receive requestVote(s2, group-3D81F66BC438, 213, (t:13, i:10))
2019-09-24 12:00:18,478 INFO  impl.RaftServerImpl (RaftServerImpl.java:setRole(170)) - s0@group-3D81F66BC438: changes role from  FOLLOWER to FOLLOWER at term 213 for recognizeCandidate:s2
2019-09-24 12:00:18,479 INFO  impl.RoleInfo (RoleInfo.java:shutdownFollowerState(121)) - s0: shutdown FollowerState
2019-09-24 12:00:18,479 INFO  impl.RoleInfo (RoleInfo.java:updateAndGet(143)) - s0: start FollowerState
2019-09-24 12:00:18,479 INFO  impl.FollowerState (FollowerState.java:run(117)) - s0@group-3D81F66BC438-FollowerState was interrupted: java.lang.InterruptedException: sleep interrupted
2019-09-24 12:00:18,481 INFO  impl.LeaderElection (LeaderElection.java:askForVotes(178)) - s1@group-3D81F66BC438-LeaderElection91: begin an election at term 213 for 11: [s0:0.0.0.0:42154, s1:0.0.0.0:36158, s2:0.0.0.0:36910], old=null
2019-09-24 12:00:18,482 DEBUG impl.RaftServerImpl (RaftServerImpl.java:requestVote(743)) - s0@group-3D81F66BC438: receive requestVote(s1, group-3D81F66BC438, 213, (t:14, i:11))
2019-09-24 12:00:18,483 WARN  ratis.RaftTestUtil (JavaUtils.java:attempt(158)) - FAILED "waitForLeader-null-(expectLeader? true)", attempt #5/100: java.lang.IllegalStateException: No leader yet : printing ALL groups
  s0:  RUNNING  FOLLOWER s0@group-3D81F66BC438:t213, leader=null, voted=null, raftlog=s0@group-3D81F66BC438-SegmentedRaftLog:OPENED:c11,f12,i12, conf=11: [s0:0.0.0.0:42154, s1:0.0.0.0:36158, s2:0.0.0.0:36910], old=null RUNNING
  s1:  RUNNING CANDIDATE s1@group-3D81F66BC438:t213, leader=null, voted=s1, raftlog=s1@group-3D81F66BC438-SegmentedRaftLog:OPENED:c10,f11,i11, conf=11: [s0:0.0.0.0:42154, s1:0.0.0.0:36158, s2:0.0.0.0:36910], old=null RUNNING
  s2:  RUNNING CANDIDATE s2@group-3D81F66BC438:t213, leader=null, voted=s2, raftlog=s2@group-3D81F66BC438-SegmentedRaftLog:OPENED:c10,f10,i10, conf=9: [s0:0.0.0.0:42154, s1:0.0.0.0:36158, s2:0.0.0.0:36910], old=null RUNNING, sleep 450ms and then retry.
java.lang.IllegalStateException: No leader yet : printing ALL groups
  s0:  RUNNING  FOLLOWER s0@group-3D81F66BC438:t213, leader=null, voted=null, raftlog=s0@group-3D81F66BC438-SegmentedRaftLog:OPENED:c11,f12,i12, conf=11: [s0:0.0.0.0:42154, s1:0.0.0.0:36158, s2:0.0.0.0:36910], old=null RUNNING
  s1:  RUNNING CANDIDATE s1@group-3D81F66BC438:t213, leader=null, voted=s1, raftlog=s1@group-3D81F66BC438-SegmentedRaftLog:OPENED:c10,f11,i11, conf=11: [s0:0.0.0.0:42154, s1:0.0.0.0:36158, s2:0.0.0.0:36910], old=null RUNNING
  s2:  RUNNING CANDIDATE s2@group-3D81F66BC438:t213, leader=null, voted=s2, raftlog=s2@group-3D81F66BC438-SegmentedRaftLog:OPENED:c10,f10,i10, conf=9: [s0:0.0.0.0:42154, s1:0.0.0.0:36158, s2:0.0.0.0:36910], old=null RUNNING
	at org.apache.ratis.MiniRaftCluster.newIllegalStateExceptionForNoLeaders(MiniRaftCluster.java:506)
	at org.apache.ratis.RaftTestUtil.lambda$waitForLeader$1(RaftTestUtil.java:90)
	at org.apache.ratis.MiniRaftCluster.getLeader(MiniRaftCluster.java:539)
	at org.apache.ratis.MiniRaftCluster.getLeader(MiniRaftCluster.java:532)
	at org.apache.ratis.RaftTestUtil.lambda$waitForLeader$3(RaftTestUtil.java:98)
	at org.apache.ratis.util.JavaUtils.attempt(JavaUtils.java:152)
	at org.apache.ratis.RaftTestUtil.waitForLeader(RaftTestUtil.java:97)
	at org.apache.ratis.RaftTestUtil.waitForLeader(RaftTestUtil.java:77)
	at org.apache.ratis.RaftTestUtil.waitForLeader(RaftTestUtil.java:72)
	at org.apache.ratis.RaftTestUtil.lambda$changeLeader$7(RaftTestUtil.java:363)
	at org.apache.ratis.util.JavaUtils.attempt(JavaUtils.java:152)
	at org.apache.ratis.RaftTestUtil.changeLeader(RaftTestUtil.java:362)
	at org.apache.ratis.server.impl.LeaderElectionTests.testChangeLeader(LeaderElectionTests.java:81)
	at sun.reflect.NativeMethodAccessorImpl.invoke0(Native Method)
	at sun.reflect.NativeMethodAccessorImpl.invoke(NativeMethodAccessorImpl.java:62)
	at sun.reflect.DelegatingMethodAccessorImpl.invoke(DelegatingMethodAccessorImpl.java:43)
	at java.lang.reflect.Method.invoke(Method.java:498)
	at org.junit.runners.model.FrameworkMethod$1.runReflectiveCall(FrameworkMethod.java:50)
	at org.junit.internal.runners.model.ReflectiveCallable.run(ReflectiveCallable.java:12)
	at org.junit.runners.model.FrameworkMethod.invokeExplosively(FrameworkMethod.java:47)
	at org.junit.internal.runners.statements.InvokeMethod.evaluate(InvokeMethod.java:17)
	at org.junit.internal.runners.statements.RunAfters.evaluate(RunAfters.java:27)
	at org.junit.internal.runners.statements.FailOnTimeout$CallableStatement.call(FailOnTimeout.java:298)
	at org.junit.internal.runners.statements.FailOnTimeout$CallableStatement.call(FailOnTimeout.java:292)
	at java.util.concurrent.FutureTask.run(FutureTask.java:266)
	at java.lang.Thread.run(Thread.java:748)
2019-09-24 12:00:18,495 DEBUG impl.RaftServerImpl (RaftServerImpl.java:requestVote(775)) - s0@group-3D81F66BC438 replies to vote request: s2<-s0#0:FAIL-t213. Peer's state: s0@group-3D81F66BC438:t213, leader=null, voted=null, raftlog=s0@group-3D81F66BC438-SegmentedRaftLog:OPENED:c11,f12,i12, conf=11: [s0:0.0.0.0:42154, s1:0.0.0.0:36158, s2:0.0.0.0:36910], old=null
2019-09-24 12:00:18,495 INFO  impl.RaftServerImpl (RaftServerImpl.java:setRole(170)) - s0@group-3D81F66BC438: changes role from  FOLLOWER to FOLLOWER at term 213 for recognizeCandidate:s1
2019-09-24 12:00:18,496 INFO  impl.RoleInfo (RoleInfo.java:shutdownFollowerState(121)) - s0: shutdown FollowerState
2019-09-24 12:00:18,496 INFO  impl.RoleInfo (RoleInfo.java:updateAndGet(143)) - s0: start FollowerState
2019-09-24 12:00:18,496 INFO  impl.FollowerState (FollowerState.java:run(117)) - s0@group-3D81F66BC438-FollowerState was interrupted: java.lang.InterruptedException: sleep interrupted
2019-09-24 12:00:18,496 DEBUG impl.RaftServerImpl (RaftServerImpl.java:requestVote(775)) - s0@group-3D81F66BC438 replies to vote request: s1<-s0#0:FAIL-t213. Peer's state: s0@group-3D81F66BC438:t213, leader=null, voted=null, raftlog=s0@group-3D81F66BC438-SegmentedRaftLog:OPENED:c11,f12,i12, conf=11: [s0:0.0.0.0:42154, s1:0.0.0.0:36158, s2:0.0.0.0:36910], old=null
2019-09-24 12:00:18,675 INFO  impl.FollowerState (FollowerState.java:run(108)) - s0@group-3D81F66BC438-FollowerState: change to CANDIDATE, lastRpcTime:179ms, electionTimeout:179ms
2019-09-24 12:00:18,676 INFO  impl.RoleInfo (RoleInfo.java:shutdownFollowerState(121)) - s0: shutdown FollowerState
2019-09-24 12:00:18,676 INFO  impl.RaftServerImpl (RaftServerImpl.java:setRole(170)) - s0@group-3D81F66BC438: changes role from  FOLLOWER to CANDIDATE at term 213 for changeToCandidate
2019-09-24 12:00:18,676 INFO  impl.RoleInfo (RoleInfo.java:updateAndGet(143)) - s0: start LeaderElection
2019-09-24 12:00:18,699 INFO  impl.LeaderElection (LeaderElection.java:logAndReturn(56)) - s2@group-3D81F66BC438-LeaderElection92: Election TIMEOUT; received 1 response(s) [s2<-s0#0:FAIL-t213] and 0 exception(s); s2@group-3D81F66BC438:t213, leader=null, voted=s2, raftlog=s2@group-3D81F66BC438-SegmentedRaftLog:OPENED:c10,f10,i10, conf=9: [s0:0.0.0.0:42154, s1:0.0.0.0:36158, s2:0.0.0.0:36910], old=null
2019-09-24 12:00:18,702 INFO  impl.LeaderElection (LeaderElection.java:askForVotes(178)) - s0@group-3D81F66BC438-LeaderElection100: begin an election at term 214 for 11: [s0:0.0.0.0:42154, s1:0.0.0.0:36158, s2:0.0.0.0:36910], old=null
2019-09-24 12:00:18,704 INFO  impl.LeaderElection (LeaderElection.java:askForVotes(178)) - s2@group-3D81F66BC438-LeaderElection92: begin an election at term 214 for 9: [s0:0.0.0.0:42154, s1:0.0.0.0:36158, s2:0.0.0.0:36910], old=null
2019-09-24 12:00:18,705 DEBUG impl.RaftServerImpl (RaftServerImpl.java:requestVote(743)) - s0@group-3D81F66BC438: receive requestVote(s2, group-3D81F66BC438, 214, (t:13, i:10))
2019-09-24 12:00:18,705 DEBUG impl.RaftServerImpl (RaftServerImpl.java:requestVote(775)) - s0@group-3D81F66BC438 replies to vote request: s2<-s0#0:FAIL-t214. Peer's state: s0@group-3D81F66BC438:t214, leader=null, voted=s0, raftlog=s0@group-3D81F66BC438-SegmentedRaftLog:OPENED:c11,f12,i12, conf=11: [s0:0.0.0.0:42154, s1:0.0.0.0:36158, s2:0.0.0.0:36910], old=null
2019-09-24 12:00:18,719 INFO  impl.LeaderElection (LeaderElection.java:logAndReturn(56)) - s1@group-3D81F66BC438-LeaderElection91: Election TIMEOUT; received 1 response(s) [s1<-s0#0:FAIL-t213] and 0 exception(s); s1@group-3D81F66BC438:t213, leader=null, voted=s1, raftlog=s1@group-3D81F66BC438-SegmentedRaftLog:OPENED:c10,f11,i11, conf=11: [s0:0.0.0.0:42154, s1:0.0.0.0:36158, s2:0.0.0.0:36910], old=null
2019-09-24 12:00:18,733 INFO  impl.LeaderElection (LeaderElection.java:askForVotes(178)) - s1@group-3D81F66BC438-LeaderElection91: begin an election at term 214 for 11: [s0:0.0.0.0:42154, s1:0.0.0.0:36158, s2:0.0.0.0:36910], old=null
2019-09-24 12:00:18,734 DEBUG impl.RaftServerImpl (RaftServerImpl.java:requestVote(743)) - s0@group-3D81F66BC438: receive requestVote(s1, group-3D81F66BC438, 214, (t:14, i:11))
2019-09-24 12:00:18,734 DEBUG impl.RaftServerImpl (RaftServerImpl.java:requestVote(775)) - s0@group-3D81F66BC438 replies to vote request: s1<-s0#0:FAIL-t214. Peer's state: s0@group-3D81F66BC438:t214, leader=null, voted=s0, raftlog=s0@group-3D81F66BC438-SegmentedRaftLog:OPENED:c11,f12,i12, conf=11: [s0:0.0.0.0:42154, s1:0.0.0.0:36158, s2:0.0.0.0:36910], old=null
2019-09-24 12:00:18,935 WARN  ratis.RaftTestUtil (JavaUtils.java:attempt(158)) - FAILED "waitForLeader-null-(expectLeader? true)", attempt #6/100: java.lang.IllegalStateException: No leader yet : printing ALL groups
  s0:  RUNNING CANDIDATE s0@group-3D81F66BC438:t214, leader=null, voted=s0, raftlog=s0@group-3D81F66BC438-SegmentedRaftLog:OPENED:c11,f12,i12, conf=11: [s0:0.0.0.0:42154, s1:0.0.0.0:36158, s2:0.0.0.0:36910], old=null RUNNING
  s1:  RUNNING CANDIDATE s1@group-3D81F66BC438:t214, leader=null, voted=s1, raftlog=s1@group-3D81F66BC438-SegmentedRaftLog:OPENED:c10,f11,i11, conf=11: [s0:0.0.0.0:42154, s1:0.0.0.0:36158, s2:0.0.0.0:36910], old=null RUNNING
  s2:  RUNNING CANDIDATE s2@group-3D81F66BC438:t214, leader=null, voted=s2, raftlog=s2@group-3D81F66BC438-SegmentedRaftLog:OPENED:c10,f10,i10, conf=9: [s0:0.0.0.0:42154, s1:0.0.0.0:36158, s2:0.0.0.0:36910], old=null RUNNING, sleep 450ms and then retry.
java.lang.IllegalStateException: No leader yet : printing ALL groups
  s0:  RUNNING CANDIDATE s0@group-3D81F66BC438:t214, leader=null, voted=s0, raftlog=s0@group-3D81F66BC438-SegmentedRaftLog:OPENED:c11,f12,i12, conf=11: [s0:0.0.0.0:42154, s1:0.0.0.0:36158, s2:0.0.0.0:36910], old=null RUNNING
  s1:  RUNNING CANDIDATE s1@group-3D81F66BC438:t214, leader=null, voted=s1, raftlog=s1@group-3D81F66BC438-SegmentedRaftLog:OPENED:c10,f11,i11, conf=11: [s0:0.0.0.0:42154, s1:0.0.0.0:36158, s2:0.0.0.0:36910], old=null RUNNING
  s2:  RUNNING CANDIDATE s2@group-3D81F66BC438:t214, leader=null, voted=s2, raftlog=s2@group-3D81F66BC438-SegmentedRaftLog:OPENED:c10,f10,i10, conf=9: [s0:0.0.0.0:42154, s1:0.0.0.0:36158, s2:0.0.0.0:36910], old=null RUNNING
	at org.apache.ratis.MiniRaftCluster.newIllegalStateExceptionForNoLeaders(MiniRaftCluster.java:506)
	at org.apache.ratis.RaftTestUtil.lambda$waitForLeader$1(RaftTestUtil.java:90)
	at org.apache.ratis.MiniRaftCluster.getLeader(MiniRaftCluster.java:539)
	at org.apache.ratis.MiniRaftCluster.getLeader(MiniRaftCluster.java:532)
	at org.apache.ratis.RaftTestUtil.lambda$waitForLeader$3(RaftTestUtil.java:98)
	at org.apache.ratis.util.JavaUtils.attempt(JavaUtils.java:152)
	at org.apache.ratis.RaftTestUtil.waitForLeader(RaftTestUtil.java:97)
	at org.apache.ratis.RaftTestUtil.waitForLeader(RaftTestUtil.java:77)
	at org.apache.ratis.RaftTestUtil.waitForLeader(RaftTestUtil.java:72)
	at org.apache.ratis.RaftTestUtil.lambda$changeLeader$7(RaftTestUtil.java:363)
	at org.apache.ratis.util.JavaUtils.attempt(JavaUtils.java:152)
	at org.apache.ratis.RaftTestUtil.changeLeader(RaftTestUtil.java:362)
	at org.apache.ratis.server.impl.LeaderElectionTests.testChangeLeader(LeaderElectionTests.java:81)
	at sun.reflect.NativeMethodAccessorImpl.invoke0(Native Method)
	at sun.reflect.NativeMethodAccessorImpl.invoke(NativeMethodAccessorImpl.java:62)
	at sun.reflect.DelegatingMethodAccessorImpl.invoke(DelegatingMethodAccessorImpl.java:43)
	at java.lang.reflect.Method.invoke(Method.java:498)
	at org.junit.runners.model.FrameworkMethod$1.runReflectiveCall(FrameworkMethod.java:50)
	at org.junit.internal.runners.model.ReflectiveCallable.run(ReflectiveCallable.java:12)
	at org.junit.runners.model.FrameworkMethod.invokeExplosively(FrameworkMethod.java:47)
	at org.junit.internal.runners.statements.InvokeMethod.evaluate(InvokeMethod.java:17)
	at org.junit.internal.runners.statements.RunAfters.evaluate(RunAfters.java:27)
	at org.junit.internal.runners.statements.FailOnTimeout$CallableStatement.call(FailOnTimeout.java:298)
	at org.junit.internal.runners.statements.FailOnTimeout$CallableStatement.call(FailOnTimeout.java:292)
	at java.util.concurrent.FutureTask.run(FutureTask.java:266)
	at java.lang.Thread.run(Thread.java:748)
2019-09-24 12:00:18,955 INFO  impl.LeaderElection (LeaderElection.java:logAndReturn(56)) - s2@group-3D81F66BC438-LeaderElection92: Election TIMEOUT; received 1 response(s) [s2<-s0#0:FAIL-t214] and 0 exception(s); s2@group-3D81F66BC438:t214, leader=null, voted=s2, raftlog=s2@group-3D81F66BC438-SegmentedRaftLog:OPENED:c10,f10,i10, conf=9: [s0:0.0.0.0:42154, s1:0.0.0.0:36158, s2:0.0.0.0:36910], old=null
2019-09-24 12:00:18,977 INFO  impl.LeaderElection (LeaderElection.java:askForVotes(178)) - s2@group-3D81F66BC438-LeaderElection92: begin an election at term 215 for 9: [s0:0.0.0.0:42154, s1:0.0.0.0:36158, s2:0.0.0.0:36910], old=null
2019-09-24 12:00:18,977 DEBUG impl.RaftServerImpl (RaftServerImpl.java:requestVote(743)) - s0@group-3D81F66BC438: receive requestVote(s2, group-3D81F66BC438, 215, (t:13, i:10))
2019-09-24 12:00:18,977 INFO  impl.RaftServerImpl (RaftServerImpl.java:setRole(170)) - s0@group-3D81F66BC438: changes role from CANDIDATE to FOLLOWER at term 215 for recognizeCandidate:s2
2019-09-24 12:00:18,977 INFO  impl.RoleInfo (RoleInfo.java:shutdownLeaderElection(134)) - s0: shutdown LeaderElection
2019-09-24 12:00:18,978 INFO  impl.RoleInfo (RoleInfo.java:updateAndGet(143)) - s0: start FollowerState
2019-09-24 12:00:18,993 DEBUG impl.RaftServerImpl (RaftServerImpl.java:requestVote(775)) - s0@group-3D81F66BC438 replies to vote request: s2<-s0#0:FAIL-t215. Peer's state: s0@group-3D81F66BC438:t215, leader=null, voted=null, raftlog=s0@group-3D81F66BC438-SegmentedRaftLog:OPENED:c11,f12,i12, conf=11: [s0:0.0.0.0:42154, s1:0.0.0.0:36158, s2:0.0.0.0:36910], old=null
2019-09-24 12:00:19,002 INFO  impl.LeaderElection (LeaderElection.java:logAndReturn(56)) - s0@group-3D81F66BC438-LeaderElection100: Election REJECTED; received 0 response(s) [] and 0 exception(s); s0@group-3D81F66BC438:t215, leader=null, voted=null, raftlog=s0@group-3D81F66BC438-SegmentedRaftLog:OPENED:c11,f12,i12, conf=11: [s0:0.0.0.0:42154, s1:0.0.0.0:36158, s2:0.0.0.0:36910], old=null
2019-09-24 12:00:19,028 INFO  impl.LeaderElection (LeaderElection.java:logAndReturn(56)) - s1@group-3D81F66BC438-LeaderElection91: Election TIMEOUT; received 1 response(s) [s1<-s0#0:FAIL-t214] and 0 exception(s); s1@group-3D81F66BC438:t214, leader=null, voted=s1, raftlog=s1@group-3D81F66BC438-SegmentedRaftLog:OPENED:c10,f11,i11, conf=11: [s0:0.0.0.0:42154, s1:0.0.0.0:36158, s2:0.0.0.0:36910], old=null
2019-09-24 12:00:19,042 INFO  impl.LeaderElection (LeaderElection.java:askForVotes(178)) - s1@group-3D81F66BC438-LeaderElection91: begin an election at term 215 for 11: [s0:0.0.0.0:42154, s1:0.0.0.0:36158, s2:0.0.0.0:36910], old=null
2019-09-24 12:00:19,043 DEBUG impl.RaftServerImpl (RaftServerImpl.java:requestVote(743)) - s0@group-3D81F66BC438: receive requestVote(s1, group-3D81F66BC438, 215, (t:14, i:11))
2019-09-24 12:00:19,043 INFO  impl.RaftServerImpl (RaftServerImpl.java:setRole(170)) - s0@group-3D81F66BC438: changes role from  FOLLOWER to FOLLOWER at term 215 for recognizeCandidate:s1
2019-09-24 12:00:19,043 INFO  impl.RoleInfo (RoleInfo.java:shutdownFollowerState(121)) - s0: shutdown FollowerState
2019-09-24 12:00:19,043 INFO  impl.RoleInfo (RoleInfo.java:updateAndGet(143)) - s0: start FollowerState
2019-09-24 12:00:19,043 INFO  impl.FollowerState (FollowerState.java:run(117)) - s0@group-3D81F66BC438-FollowerState was interrupted: java.lang.InterruptedException: sleep interrupted
2019-09-24 12:00:19,044 DEBUG impl.RaftServerImpl (RaftServerImpl.java:requestVote(775)) - s0@group-3D81F66BC438 replies to vote request: s1<-s0#0:FAIL-t215. Peer's state: s0@group-3D81F66BC438:t215, leader=null, voted=null, raftlog=s0@group-3D81F66BC438-SegmentedRaftLog:OPENED:c11,f12,i12, conf=11: [s0:0.0.0.0:42154, s1:0.0.0.0:36158, s2:0.0.0.0:36910], old=null
2019-09-24 12:00:19,259 INFO  impl.LeaderElection (LeaderElection.java:logAndReturn(56)) - s2@group-3D81F66BC438-LeaderElection92: Election TIMEOUT; received 1 response(s) [s2<-s0#0:FAIL-t215] and 0 exception(s); s2@group-3D81F66BC438:t215, leader=null, voted=s2, raftlog=s2@group-3D81F66BC438-SegmentedRaftLog:OPENED:c10,f10,i10, conf=9: [s0:0.0.0.0:42154, s1:0.0.0.0:36158, s2:0.0.0.0:36910], old=null
2019-09-24 12:00:19,272 INFO  impl.LeaderElection (LeaderElection.java:askForVotes(178)) - s2@group-3D81F66BC438-LeaderElection92: begin an election at term 216 for 9: [s0:0.0.0.0:42154, s1:0.0.0.0:36158, s2:0.0.0.0:36910], old=null
2019-09-24 12:00:19,273 DEBUG impl.RaftServerImpl (RaftServerImpl.java:requestVote(743)) - s0@group-3D81F66BC438: receive requestVote(s2, group-3D81F66BC438, 216, (t:13, i:10))
2019-09-24 12:00:19,273 INFO  impl.RaftServerImpl (RaftServerImpl.java:setRole(170)) - s0@group-3D81F66BC438: changes role from  FOLLOWER to FOLLOWER at term 216 for recognizeCandidate:s2
2019-09-24 12:00:19,273 INFO  impl.RoleInfo (RoleInfo.java:shutdownFollowerState(121)) - s0: shutdown FollowerState
2019-09-24 12:00:19,273 INFO  impl.RoleInfo (RoleInfo.java:updateAndGet(143)) - s0: start FollowerState
2019-09-24 12:00:19,273 INFO  impl.FollowerState (FollowerState.java:run(117)) - s0@group-3D81F66BC438-FollowerState was interrupted: java.lang.InterruptedException: sleep interrupted
2019-09-24 12:00:19,286 DEBUG impl.RaftServerImpl (RaftServerImpl.java:requestVote(775)) - s0@group-3D81F66BC438 replies to vote request: s2<-s0#0:FAIL-t216. Peer's state: s0@group-3D81F66BC438:t216, leader=null, voted=null, raftlog=s0@group-3D81F66BC438-SegmentedRaftLog:OPENED:c11,f12,i12, conf=11: [s0:0.0.0.0:42154, s1:0.0.0.0:36158, s2:0.0.0.0:36910], old=null
2019-09-24 12:00:19,289 INFO  impl.LeaderElection (LeaderElection.java:logAndReturn(56)) - s1@group-3D81F66BC438-LeaderElection91: Election TIMEOUT; received 1 response(s) [s1<-s0#0:FAIL-t215] and 0 exception(s); s1@group-3D81F66BC438:t215, leader=null, voted=s1, raftlog=s1@group-3D81F66BC438-SegmentedRaftLog:OPENED:c10,f11,i11, conf=11: [s0:0.0.0.0:42154, s1:0.0.0.0:36158, s2:0.0.0.0:36910], old=null
2019-09-24 12:00:19,302 INFO  impl.LeaderElection (LeaderElection.java:askForVotes(178)) - s1@group-3D81F66BC438-LeaderElection91: begin an election at term 216 for 11: [s0:0.0.0.0:42154, s1:0.0.0.0:36158, s2:0.0.0.0:36910], old=null
2019-09-24 12:00:19,302 DEBUG impl.RaftServerImpl (RaftServerImpl.java:requestVote(743)) - s0@group-3D81F66BC438: receive requestVote(s1, group-3D81F66BC438, 216, (t:14, i:11))
2019-09-24 12:00:19,302 INFO  impl.RaftServerImpl (RaftServerImpl.java:setRole(170)) - s0@group-3D81F66BC438: changes role from  FOLLOWER to FOLLOWER at term 216 for recognizeCandidate:s1
2019-09-24 12:00:19,303 INFO  impl.RoleInfo (RoleInfo.java:shutdownFollowerState(121)) - s0: shutdown FollowerState
2019-09-24 12:00:19,303 INFO  impl.RoleInfo (RoleInfo.java:updateAndGet(143)) - s0: start FollowerState
2019-09-24 12:00:19,303 INFO  impl.FollowerState (FollowerState.java:run(117)) - s0@group-3D81F66BC438-FollowerState was interrupted: java.lang.InterruptedException: sleep interrupted
2019-09-24 12:00:19,303 DEBUG impl.RaftServerImpl (RaftServerImpl.java:requestVote(775)) - s0@group-3D81F66BC438 replies to vote request: s1<-s0#0:FAIL-t216. Peer's state: s0@group-3D81F66BC438:t216, leader=null, voted=null, raftlog=s0@group-3D81F66BC438-SegmentedRaftLog:OPENED:c11,f12,i12, conf=11: [s0:0.0.0.0:42154, s1:0.0.0.0:36158, s2:0.0.0.0:36910], old=null
2019-09-24 12:00:19,386 WARN  ratis.RaftTestUtil (JavaUtils.java:attempt(158)) - FAILED "waitForLeader-null-(expectLeader? true)", attempt #7/100: java.lang.IllegalStateException: No leader yet : printing ALL groups
  s0:  RUNNING  FOLLOWER s0@group-3D81F66BC438:t216, leader=null, voted=null, raftlog=s0@group-3D81F66BC438-SegmentedRaftLog:OPENED:c11,f12,i12, conf=11: [s0:0.0.0.0:42154, s1:0.0.0.0:36158, s2:0.0.0.0:36910], old=null RUNNING
  s1:  RUNNING CANDIDATE s1@group-3D81F66BC438:t216, leader=null, voted=s1, raftlog=s1@group-3D81F66BC438-SegmentedRaftLog:OPENED:c10,f11,i11, conf=11: [s0:0.0.0.0:42154, s1:0.0.0.0:36158, s2:0.0.0.0:36910], old=null RUNNING
  s2:  RUNNING CANDIDATE s2@group-3D81F66BC438:t216, leader=null, voted=s2, raftlog=s2@group-3D81F66BC438-SegmentedRaftLog:OPENED:c10,f10,i10, conf=9: [s0:0.0.0.0:42154, s1:0.0.0.0:36158, s2:0.0.0.0:36910], old=null RUNNING, sleep 450ms and then retry.
java.lang.IllegalStateException: No leader yet : printing ALL groups
  s0:  RUNNING  FOLLOWER s0@group-3D81F66BC438:t216, leader=null, voted=null, raftlog=s0@group-3D81F66BC438-SegmentedRaftLog:OPENED:c11,f12,i12, conf=11: [s0:0.0.0.0:42154, s1:0.0.0.0:36158, s2:0.0.0.0:36910], old=null RUNNING
  s1:  RUNNING CANDIDATE s1@group-3D81F66BC438:t216, leader=null, voted=s1, raftlog=s1@group-3D81F66BC438-SegmentedRaftLog:OPENED:c10,f11,i11, conf=11: [s0:0.0.0.0:42154, s1:0.0.0.0:36158, s2:0.0.0.0:36910], old=null RUNNING
  s2:  RUNNING CANDIDATE s2@group-3D81F66BC438:t216, leader=null, voted=s2, raftlog=s2@group-3D81F66BC438-SegmentedRaftLog:OPENED:c10,f10,i10, conf=9: [s0:0.0.0.0:42154, s1:0.0.0.0:36158, s2:0.0.0.0:36910], old=null RUNNING
	at org.apache.ratis.MiniRaftCluster.newIllegalStateExceptionForNoLeaders(MiniRaftCluster.java:506)
	at org.apache.ratis.RaftTestUtil.lambda$waitForLeader$1(RaftTestUtil.java:90)
	at org.apache.ratis.MiniRaftCluster.getLeader(MiniRaftCluster.java:539)
	at org.apache.ratis.MiniRaftCluster.getLeader(MiniRaftCluster.java:532)
	at org.apache.ratis.RaftTestUtil.lambda$waitForLeader$3(RaftTestUtil.java:98)
	at org.apache.ratis.util.JavaUtils.attempt(JavaUtils.java:152)
	at org.apache.ratis.RaftTestUtil.waitForLeader(RaftTestUtil.java:97)
	at org.apache.ratis.RaftTestUtil.waitForLeader(RaftTestUtil.java:77)
	at org.apache.ratis.RaftTestUtil.waitForLeader(RaftTestUtil.java:72)
	at org.apache.ratis.RaftTestUtil.lambda$changeLeader$7(RaftTestUtil.java:363)
	at org.apache.ratis.util.JavaUtils.attempt(JavaUtils.java:152)
	at org.apache.ratis.RaftTestUtil.changeLeader(RaftTestUtil.java:362)
	at org.apache.ratis.server.impl.LeaderElectionTests.testChangeLeader(LeaderElectionTests.java:81)
	at sun.reflect.NativeMethodAccessorImpl.invoke0(Native Method)
	at sun.reflect.NativeMethodAccessorImpl.invoke(NativeMethodAccessorImpl.java:62)
	at sun.reflect.DelegatingMethodAccessorImpl.invoke(DelegatingMethodAccessorImpl.java:43)
	at java.lang.reflect.Method.invoke(Method.java:498)
	at org.junit.runners.model.FrameworkMethod$1.runReflectiveCall(FrameworkMethod.java:50)
	at org.junit.internal.runners.model.ReflectiveCallable.run(ReflectiveCallable.java:12)
	at org.junit.runners.model.FrameworkMethod.invokeExplosively(FrameworkMethod.java:47)
	at org.junit.internal.runners.statements.InvokeMethod.evaluate(InvokeMethod.java:17)
	at org.junit.internal.runners.statements.RunAfters.evaluate(RunAfters.java:27)
	at org.junit.internal.runners.statements.FailOnTimeout$CallableStatement.call(FailOnTimeout.java:298)
	at org.junit.internal.runners.statements.FailOnTimeout$CallableStatement.call(FailOnTimeout.java:292)
	at java.util.concurrent.FutureTask.run(FutureTask.java:266)
	at java.lang.Thread.run(Thread.java:748)
2019-09-24 12:00:19,426 INFO  impl.LeaderElection (LeaderElection.java:logAndReturn(56)) - s2@group-3D81F66BC438-LeaderElection92: Election TIMEOUT; received 1 response(s) [s2<-s0#0:FAIL-t216] and 0 exception(s); s2@group-3D81F66BC438:t216, leader=null, voted=s2, raftlog=s2@group-3D81F66BC438-SegmentedRaftLog:OPENED:c10,f10,i10, conf=9: [s0:0.0.0.0:42154, s1:0.0.0.0:36158, s2:0.0.0.0:36910], old=null
2019-09-24 12:00:19,439 INFO  impl.LeaderElection (LeaderElection.java:askForVotes(178)) - s2@group-3D81F66BC438-LeaderElection92: begin an election at term 217 for 9: [s0:0.0.0.0:42154, s1:0.0.0.0:36158, s2:0.0.0.0:36910], old=null
2019-09-24 12:00:19,440 DEBUG impl.RaftServerImpl (RaftServerImpl.java:requestVote(743)) - s0@group-3D81F66BC438: receive requestVote(s2, group-3D81F66BC438, 217, (t:13, i:10))
2019-09-24 12:00:19,440 INFO  impl.RaftServerImpl (RaftServerImpl.java:setRole(170)) - s0@group-3D81F66BC438: changes role from  FOLLOWER to FOLLOWER at term 217 for recognizeCandidate:s2
2019-09-24 12:00:19,440 INFO  impl.RoleInfo (RoleInfo.java:shutdownFollowerState(121)) - s0: shutdown FollowerState
2019-09-24 12:00:19,440 INFO  impl.RoleInfo (RoleInfo.java:updateAndGet(143)) - s0: start FollowerState
2019-09-24 12:00:19,440 INFO  impl.FollowerState (FollowerState.java:run(117)) - s0@group-3D81F66BC438-FollowerState was interrupted: java.lang.InterruptedException: sleep interrupted
2019-09-24 12:00:19,464 DEBUG impl.RaftServerImpl (RaftServerImpl.java:requestVote(775)) - s0@group-3D81F66BC438 replies to vote request: s2<-s0#0:FAIL-t217. Peer's state: s0@group-3D81F66BC438:t217, leader=null, voted=null, raftlog=s0@group-3D81F66BC438-SegmentedRaftLog:OPENED:c11,f12,i12, conf=11: [s0:0.0.0.0:42154, s1:0.0.0.0:36158, s2:0.0.0.0:36910], old=null
2019-09-24 12:00:19,505 INFO  impl.LeaderElection (LeaderElection.java:logAndReturn(56)) - s1@group-3D81F66BC438-LeaderElection91: Election TIMEOUT; received 1 response(s) [s1<-s0#0:FAIL-t216] and 0 exception(s); s1@group-3D81F66BC438:t216, leader=null, voted=s1, raftlog=s1@group-3D81F66BC438-SegmentedRaftLog:OPENED:c10,f11,i11, conf=11: [s0:0.0.0.0:42154, s1:0.0.0.0:36158, s2:0.0.0.0:36910], old=null
2019-09-24 12:00:19,519 INFO  impl.LeaderElection (LeaderElection.java:askForVotes(178)) - s1@group-3D81F66BC438-LeaderElection91: begin an election at term 217 for 11: [s0:0.0.0.0:42154, s1:0.0.0.0:36158, s2:0.0.0.0:36910], old=null
2019-09-24 12:00:19,520 DEBUG impl.RaftServerImpl (RaftServerImpl.java:requestVote(743)) - s0@group-3D81F66BC438: receive requestVote(s1, group-3D81F66BC438, 217, (t:14, i:11))
2019-09-24 12:00:19,520 INFO  impl.RaftServerImpl (RaftServerImpl.java:setRole(170)) - s0@group-3D81F66BC438: changes role from  FOLLOWER to FOLLOWER at term 217 for recognizeCandidate:s1
2019-09-24 12:00:19,520 INFO  impl.RoleInfo (RoleInfo.java:shutdownFollowerState(121)) - s0: shutdown FollowerState
2019-09-24 12:00:19,520 INFO  impl.RoleInfo (RoleInfo.java:updateAndGet(143)) - s0: start FollowerState
2019-09-24 12:00:19,520 INFO  impl.FollowerState (FollowerState.java:run(117)) - s0@group-3D81F66BC438-FollowerState was interrupted: java.lang.InterruptedException: sleep interrupted
2019-09-24 12:00:19,521 DEBUG impl.RaftServerImpl (RaftServerImpl.java:requestVote(775)) - s0@group-3D81F66BC438 replies to vote request: s1<-s0#0:FAIL-t217. Peer's state: s0@group-3D81F66BC438:t217, leader=null, voted=null, raftlog=s0@group-3D81F66BC438-SegmentedRaftLog:OPENED:c11,f12,i12, conf=11: [s0:0.0.0.0:42154, s1:0.0.0.0:36158, s2:0.0.0.0:36910], old=null
2019-09-24 12:00:19,682 INFO  impl.LeaderElection (LeaderElection.java:logAndReturn(56)) - s2@group-3D81F66BC438-LeaderElection92: Election TIMEOUT; received 1 response(s) [s2<-s0#0:FAIL-t217] and 0 exception(s); s2@group-3D81F66BC438:t217, leader=null, voted=s2, raftlog=s2@group-3D81F66BC438-SegmentedRaftLog:OPENED:c10,f10,i10, conf=9: [s0:0.0.0.0:42154, s1:0.0.0.0:36158, s2:0.0.0.0:36910], old=null
2019-09-24 12:00:19,699 INFO  impl.LeaderElection (LeaderElection.java:logAndReturn(56)) - s1@group-3D81F66BC438-LeaderElection91: Election TIMEOUT; received 1 response(s) [s1<-s0#0:FAIL-t217] and 0 exception(s); s1@group-3D81F66BC438:t217, leader=null, voted=s1, raftlog=s1@group-3D81F66BC438-SegmentedRaftLog:OPENED:c10,f11,i11, conf=11: [s0:0.0.0.0:42154, s1:0.0.0.0:36158, s2:0.0.0.0:36910], old=null
2019-09-24 12:00:19,707 INFO  impl.LeaderElection (LeaderElection.java:askForVotes(178)) - s2@group-3D81F66BC438-LeaderElection92: begin an election at term 218 for 9: [s0:0.0.0.0:42154, s1:0.0.0.0:36158, s2:0.0.0.0:36910], old=null
2019-09-24 12:00:19,708 DEBUG impl.RaftServerImpl (RaftServerImpl.java:requestVote(743)) - s0@group-3D81F66BC438: receive requestVote(s2, group-3D81F66BC438, 218, (t:13, i:10))
2019-09-24 12:00:19,708 INFO  impl.RaftServerImpl (RaftServerImpl.java:setRole(170)) - s0@group-3D81F66BC438: changes role from  FOLLOWER to FOLLOWER at term 218 for recognizeCandidate:s2
2019-09-24 12:00:19,708 INFO  impl.RoleInfo (RoleInfo.java:shutdownFollowerState(121)) - s0: shutdown FollowerState
2019-09-24 12:00:19,708 INFO  impl.RoleInfo (RoleInfo.java:updateAndGet(143)) - s0: start FollowerState
2019-09-24 12:00:19,709 INFO  impl.FollowerState (FollowerState.java:run(117)) - s0@group-3D81F66BC438-FollowerState was interrupted: java.lang.InterruptedException: sleep interrupted
2019-09-24 12:00:19,709 INFO  impl.LeaderElection (LeaderElection.java:askForVotes(178)) - s1@group-3D81F66BC438-LeaderElection91: begin an election at term 218 for 11: [s0:0.0.0.0:42154, s1:0.0.0.0:36158, s2:0.0.0.0:36910], old=null
2019-09-24 12:00:19,710 DEBUG impl.RaftServerImpl (RaftServerImpl.java:requestVote(743)) - s0@group-3D81F66BC438: receive requestVote(s1, group-3D81F66BC438, 218, (t:14, i:11))
2019-09-24 12:00:19,712 DEBUG impl.RaftServerImpl (RaftServerImpl.java:requestVote(775)) - s0@group-3D81F66BC438 replies to vote request: s2<-s0#0:FAIL-t218. Peer's state: s0@group-3D81F66BC438:t218, leader=null, voted=null, raftlog=s0@group-3D81F66BC438-SegmentedRaftLog:OPENED:c11,f12,i12, conf=11: [s0:0.0.0.0:42154, s1:0.0.0.0:36158, s2:0.0.0.0:36910], old=null
2019-09-24 12:00:19,712 INFO  impl.RaftServerImpl (RaftServerImpl.java:setRole(170)) - s0@group-3D81F66BC438: changes role from  FOLLOWER to FOLLOWER at term 218 for recognizeCandidate:s1
2019-09-24 12:00:19,712 INFO  impl.RoleInfo (RoleInfo.java:shutdownFollowerState(121)) - s0: shutdown FollowerState
2019-09-24 12:00:19,712 INFO  impl.RoleInfo (RoleInfo.java:updateAndGet(143)) - s0: start FollowerState
2019-09-24 12:00:19,713 INFO  impl.FollowerState (FollowerState.java:run(117)) - s0@group-3D81F66BC438-FollowerState was interrupted: java.lang.InterruptedException: sleep interrupted
2019-09-24 12:00:19,713 DEBUG impl.RaftServerImpl (RaftServerImpl.java:requestVote(775)) - s0@group-3D81F66BC438 replies to vote request: s1<-s0#0:FAIL-t218. Peer's state: s0@group-3D81F66BC438:t218, leader=null, voted=null, raftlog=s0@group-3D81F66BC438-SegmentedRaftLog:OPENED:c11,f12,i12, conf=11: [s0:0.0.0.0:42154, s1:0.0.0.0:36158, s2:0.0.0.0:36910], old=null
2019-09-24 12:00:19,837 WARN  ratis.RaftTestUtil (JavaUtils.java:attempt(158)) - FAILED "waitForLeader-null-(expectLeader? true)", attempt #8/100: java.lang.IllegalStateException: No leader yet : printing ALL groups
  s0:  RUNNING  FOLLOWER s0@group-3D81F66BC438:t218, leader=null, voted=null, raftlog=s0@group-3D81F66BC438-SegmentedRaftLog:OPENED:c11,f12,i12, conf=11: [s0:0.0.0.0:42154, s1:0.0.0.0:36158, s2:0.0.0.0:36910], old=null RUNNING
  s1:  RUNNING CANDIDATE s1@group-3D81F66BC438:t218, leader=null, voted=s1, raftlog=s1@group-3D81F66BC438-SegmentedRaftLog:OPENED:c10,f11,i11, conf=11: [s0:0.0.0.0:42154, s1:0.0.0.0:36158, s2:0.0.0.0:36910], old=null RUNNING
  s2:  RUNNING CANDIDATE s2@group-3D81F66BC438:t218, leader=null, voted=s2, raftlog=s2@group-3D81F66BC438-SegmentedRaftLog:OPENED:c10,f10,i10, conf=9: [s0:0.0.0.0:42154, s1:0.0.0.0:36158, s2:0.0.0.0:36910], old=null RUNNING, sleep 450ms and then retry.
java.lang.IllegalStateException: No leader yet : printing ALL groups
  s0:  RUNNING  FOLLOWER s0@group-3D81F66BC438:t218, leader=null, voted=null, raftlog=s0@group-3D81F66BC438-SegmentedRaftLog:OPENED:c11,f12,i12, conf=11: [s0:0.0.0.0:42154, s1:0.0.0.0:36158, s2:0.0.0.0:36910], old=null RUNNING
  s1:  RUNNING CANDIDATE s1@group-3D81F66BC438:t218, leader=null, voted=s1, raftlog=s1@group-3D81F66BC438-SegmentedRaftLog:OPENED:c10,f11,i11, conf=11: [s0:0.0.0.0:42154, s1:0.0.0.0:36158, s2:0.0.0.0:36910], old=null RUNNING
  s2:  RUNNING CANDIDATE s2@group-3D81F66BC438:t218, leader=null, voted=s2, raftlog=s2@group-3D81F66BC438-SegmentedRaftLog:OPENED:c10,f10,i10, conf=9: [s0:0.0.0.0:42154, s1:0.0.0.0:36158, s2:0.0.0.0:36910], old=null RUNNING
	at org.apache.ratis.MiniRaftCluster.newIllegalStateExceptionForNoLeaders(MiniRaftCluster.java:506)
	at org.apache.ratis.RaftTestUtil.lambda$waitForLeader$1(RaftTestUtil.java:90)
	at org.apache.ratis.MiniRaftCluster.getLeader(MiniRaftCluster.java:539)
	at org.apache.ratis.MiniRaftCluster.getLeader(MiniRaftCluster.java:532)
	at org.apache.ratis.RaftTestUtil.lambda$waitForLeader$3(RaftTestUtil.java:98)
	at org.apache.ratis.util.JavaUtils.attempt(JavaUtils.java:152)
	at org.apache.ratis.RaftTestUtil.waitForLeader(RaftTestUtil.java:97)
	at org.apache.ratis.RaftTestUtil.waitForLeader(RaftTestUtil.java:77)
	at org.apache.ratis.RaftTestUtil.waitForLeader(RaftTestUtil.java:72)
	at org.apache.ratis.RaftTestUtil.lambda$changeLeader$7(RaftTestUtil.java:363)
	at org.apache.ratis.util.JavaUtils.attempt(JavaUtils.java:152)
	at org.apache.ratis.RaftTestUtil.changeLeader(RaftTestUtil.java:362)
	at org.apache.ratis.server.impl.LeaderElectionTests.testChangeLeader(LeaderElectionTests.java:81)
	at sun.reflect.NativeMethodAccessorImpl.invoke0(Native Method)
	at sun.reflect.NativeMethodAccessorImpl.invoke(NativeMethodAccessorImpl.java:62)
	at sun.reflect.DelegatingMethodAccessorImpl.invoke(DelegatingMethodAccessorImpl.java:43)
	at java.lang.reflect.Method.invoke(Method.java:498)
	at org.junit.runners.model.FrameworkMethod$1.runReflectiveCall(FrameworkMethod.java:50)
	at org.junit.internal.runners.model.ReflectiveCallable.run(ReflectiveCallable.java:12)
	at org.junit.runners.model.FrameworkMethod.invokeExplosively(FrameworkMethod.java:47)
	at org.junit.internal.runners.statements.InvokeMethod.evaluate(InvokeMethod.java:17)
	at org.junit.internal.runners.statements.RunAfters.evaluate(RunAfters.java:27)
	at org.junit.internal.runners.statements.FailOnTimeout$CallableStatement.call(FailOnTimeout.java:298)
	at org.junit.internal.runners.statements.FailOnTimeout$CallableStatement.call(FailOnTimeout.java:292)
	at java.util.concurrent.FutureTask.run(FutureTask.java:266)
	at java.lang.Thread.run(Thread.java:748)
2019-09-24 12:00:19,887 INFO  impl.LeaderElection (LeaderElection.java:logAndReturn(56)) - s1@group-3D81F66BC438-LeaderElection91: Election TIMEOUT; received 1 response(s) [s1<-s0#0:FAIL-t218] and 0 exception(s); s1@group-3D81F66BC438:t218, leader=null, voted=s1, raftlog=s1@group-3D81F66BC438-SegmentedRaftLog:OPENED:c10,f11,i11, conf=11: [s0:0.0.0.0:42154, s1:0.0.0.0:36158, s2:0.0.0.0:36910], old=null
2019-09-24 12:00:19,890 INFO  impl.FollowerState (FollowerState.java:run(108)) - s0@group-3D81F66BC438-FollowerState: change to CANDIDATE, lastRpcTime:177ms, electionTimeout:177ms
2019-09-24 12:00:19,890 INFO  impl.RoleInfo (RoleInfo.java:shutdownFollowerState(121)) - s0: shutdown FollowerState
2019-09-24 12:00:19,890 INFO  impl.RaftServerImpl (RaftServerImpl.java:setRole(170)) - s0@group-3D81F66BC438: changes role from  FOLLOWER to CANDIDATE at term 218 for changeToCandidate
2019-09-24 12:00:19,891 INFO  impl.RoleInfo (RoleInfo.java:updateAndGet(143)) - s0: start LeaderElection
2019-09-24 12:00:19,901 INFO  impl.LeaderElection (LeaderElection.java:askForVotes(178)) - s1@group-3D81F66BC438-LeaderElection91: begin an election at term 219 for 11: [s0:0.0.0.0:42154, s1:0.0.0.0:36158, s2:0.0.0.0:36910], old=null
2019-09-24 12:00:19,901 INFO  impl.LeaderElection (LeaderElection.java:askForVotes(178)) - s0@group-3D81F66BC438-LeaderElection101: begin an election at term 219 for 11: [s0:0.0.0.0:42154, s1:0.0.0.0:36158, s2:0.0.0.0:36910], old=null
2019-09-24 12:00:19,901 DEBUG impl.RaftServerImpl (RaftServerImpl.java:requestVote(743)) - s0@group-3D81F66BC438: receive requestVote(s1, group-3D81F66BC438, 219, (t:14, i:11))
2019-09-24 12:00:19,902 DEBUG impl.RaftServerImpl (RaftServerImpl.java:requestVote(775)) - s0@group-3D81F66BC438 replies to vote request: s1<-s0#0:FAIL-t219. Peer's state: s0@group-3D81F66BC438:t219, leader=null, voted=s0, raftlog=s0@group-3D81F66BC438-SegmentedRaftLog:OPENED:c11,f12,i12, conf=11: [s0:0.0.0.0:42154, s1:0.0.0.0:36158, s2:0.0.0.0:36910], old=null
2019-09-24 12:00:19,994 INFO  impl.LeaderElection (LeaderElection.java:logAndReturn(56)) - s2@group-3D81F66BC438-LeaderElection92: Election TIMEOUT; received 1 response(s) [s2<-s0#0:FAIL-t218] and 0 exception(s); s2@group-3D81F66BC438:t218, leader=null, voted=s2, raftlog=s2@group-3D81F66BC438-SegmentedRaftLog:OPENED:c10,f10,i10, conf=9: [s0:0.0.0.0:42154, s1:0.0.0.0:36158, s2:0.0.0.0:36910], old=null
2019-09-24 12:00:20,008 INFO  impl.LeaderElection (LeaderElection.java:askForVotes(178)) - s2@group-3D81F66BC438-LeaderElection92: begin an election at term 219 for 9: [s0:0.0.0.0:42154, s1:0.0.0.0:36158, s2:0.0.0.0:36910], old=null
2019-09-24 12:00:20,008 DEBUG impl.RaftServerImpl (RaftServerImpl.java:requestVote(743)) - s0@group-3D81F66BC438: receive requestVote(s2, group-3D81F66BC438, 219, (t:13, i:10))
2019-09-24 12:00:20,008 DEBUG impl.RaftServerImpl (RaftServerImpl.java:requestVote(775)) - s0@group-3D81F66BC438 replies to vote request: s2<-s0#0:FAIL-t219. Peer's state: s0@group-3D81F66BC438:t219, leader=null, voted=s0, raftlog=s0@group-3D81F66BC438-SegmentedRaftLog:OPENED:c11,f12,i12, conf=11: [s0:0.0.0.0:42154, s1:0.0.0.0:36158, s2:0.0.0.0:36910], old=null
2019-09-24 12:00:20,193 INFO  impl.LeaderElection (LeaderElection.java:logAndReturn(56)) - s1@group-3D81F66BC438-LeaderElection91: Election TIMEOUT; received 1 response(s) [s1<-s0#0:FAIL-t219] and 0 exception(s); s1@group-3D81F66BC438:t219, leader=null, voted=s1, raftlog=s1@group-3D81F66BC438-SegmentedRaftLog:OPENED:c10,f11,i11, conf=11: [s0:0.0.0.0:42154, s1:0.0.0.0:36158, s2:0.0.0.0:36910], old=null
2019-09-24 12:00:20,201 INFO  impl.LeaderElection (LeaderElection.java:logAndReturn(56)) - s0@group-3D81F66BC438-LeaderElection101: Election TIMEOUT; received 0 response(s) [] and 0 exception(s); s0@group-3D81F66BC438:t219, leader=null, voted=s0, raftlog=s0@group-3D81F66BC438-SegmentedRaftLog:OPENED:c11,f12,i12, conf=11: [s0:0.0.0.0:42154, s1:0.0.0.0:36158, s2:0.0.0.0:36910], old=null
2019-09-24 12:00:20,207 INFO  impl.LeaderElection (LeaderElection.java:askForVotes(178)) - s1@group-3D81F66BC438-LeaderElection91: begin an election at term 220 for 11: [s0:0.0.0.0:42154, s1:0.0.0.0:36158, s2:0.0.0.0:36910], old=null
2019-09-24 12:00:20,207 INFO  impl.LeaderElection (LeaderElection.java:askForVotes(178)) - s0@group-3D81F66BC438-LeaderElection101: begin an election at term 220 for 11: [s0:0.0.0.0:42154, s1:0.0.0.0:36158, s2:0.0.0.0:36910], old=null
2019-09-24 12:00:20,207 DEBUG impl.RaftServerImpl (RaftServerImpl.java:requestVote(743)) - s0@group-3D81F66BC438: receive requestVote(s1, group-3D81F66BC438, 220, (t:14, i:11))
2019-09-24 12:00:20,207 DEBUG impl.RaftServerImpl (RaftServerImpl.java:requestVote(775)) - s0@group-3D81F66BC438 replies to vote request: s1<-s0#0:FAIL-t220. Peer's state: s0@group-3D81F66BC438:t220, leader=null, voted=s0, raftlog=s0@group-3D81F66BC438-SegmentedRaftLog:OPENED:c11,f12,i12, conf=11: [s0:0.0.0.0:42154, s1:0.0.0.0:36158, s2:0.0.0.0:36910], old=null
2019-09-24 12:00:20,264 INFO  impl.LeaderElection (LeaderElection.java:logAndReturn(56)) - s2@group-3D81F66BC438-LeaderElection92: Election TIMEOUT; received 1 response(s) [s2<-s0#0:FAIL-t219] and 0 exception(s); s2@group-3D81F66BC438:t219, leader=null, voted=s2, raftlog=s2@group-3D81F66BC438-SegmentedRaftLog:OPENED:c10,f10,i10, conf=9: [s0:0.0.0.0:42154, s1:0.0.0.0:36158, s2:0.0.0.0:36910], old=null
2019-09-24 12:00:20,288 WARN  ratis.RaftTestUtil (JavaUtils.java:attempt(158)) - FAILED "waitForLeader-null-(expectLeader? true)", attempt #9/100: java.lang.IllegalStateException: No leader yet : printing ALL groups
  s0:  RUNNING CANDIDATE s0@group-3D81F66BC438:t220, leader=null, voted=s0, raftlog=s0@group-3D81F66BC438-SegmentedRaftLog:OPENED:c11,f12,i12, conf=11: [s0:0.0.0.0:42154, s1:0.0.0.0:36158, s2:0.0.0.0:36910], old=null RUNNING
  s1:  RUNNING CANDIDATE s1@group-3D81F66BC438:t220, leader=null, voted=s1, raftlog=s1@group-3D81F66BC438-SegmentedRaftLog:OPENED:c10,f11,i11, conf=11: [s0:0.0.0.0:42154, s1:0.0.0.0:36158, s2:0.0.0.0:36910], old=null RUNNING
  s2:  RUNNING CANDIDATE s2@group-3D81F66BC438:t220, leader=null, voted=s2, raftlog=s2@group-3D81F66BC438-SegmentedRaftLog:OPENED:c10,f10,i10, conf=9: [s0:0.0.0.0:42154, s1:0.0.0.0:36158, s2:0.0.0.0:36910], old=null RUNNING, sleep 450ms and then retry.
java.lang.IllegalStateException: No leader yet : printing ALL groups
  s0:  RUNNING CANDIDATE s0@group-3D81F66BC438:t220, leader=null, voted=s0, raftlog=s0@group-3D81F66BC438-SegmentedRaftLog:OPENED:c11,f12,i12, conf=11: [s0:0.0.0.0:42154, s1:0.0.0.0:36158, s2:0.0.0.0:36910], old=null RUNNING
  s1:  RUNNING CANDIDATE s1@group-3D81F66BC438:t220, leader=null, voted=s1, raftlog=s1@group-3D81F66BC438-SegmentedRaftLog:OPENED:c10,f11,i11, conf=11: [s0:0.0.0.0:42154, s1:0.0.0.0:36158, s2:0.0.0.0:36910], old=null RUNNING
  s2:  RUNNING CANDIDATE s2@group-3D81F66BC438:t220, leader=null, voted=s2, raftlog=s2@group-3D81F66BC438-SegmentedRaftLog:OPENED:c10,f10,i10, conf=9: [s0:0.0.0.0:42154, s1:0.0.0.0:36158, s2:0.0.0.0:36910], old=null RUNNING
	at org.apache.ratis.MiniRaftCluster.newIllegalStateExceptionForNoLeaders(MiniRaftCluster.java:506)
	at org.apache.ratis.RaftTestUtil.lambda$waitForLeader$1(RaftTestUtil.java:90)
	at org.apache.ratis.MiniRaftCluster.getLeader(MiniRaftCluster.java:539)
	at org.apache.ratis.MiniRaftCluster.getLeader(MiniRaftCluster.java:532)
	at org.apache.ratis.RaftTestUtil.lambda$waitForLeader$3(RaftTestUtil.java:98)
	at org.apache.ratis.util.JavaUtils.attempt(JavaUtils.java:152)
	at org.apache.ratis.RaftTestUtil.waitForLeader(RaftTestUtil.java:97)
	at org.apache.ratis.RaftTestUtil.waitForLeader(RaftTestUtil.java:77)
	at org.apache.ratis.RaftTestUtil.waitForLeader(RaftTestUtil.java:72)
	at org.apache.ratis.RaftTestUtil.lambda$changeLeader$7(RaftTestUtil.java:363)
	at org.apache.ratis.util.JavaUtils.attempt(JavaUtils.java:152)
	at org.apache.ratis.RaftTestUtil.changeLeader(RaftTestUtil.java:362)
	at org.apache.ratis.server.impl.LeaderElectionTests.testChangeLeader(LeaderElectionTests.java:81)
	at sun.reflect.NativeMethodAccessorImpl.invoke0(Native Method)
	at sun.reflect.NativeMethodAccessorImpl.invoke(NativeMethodAccessorImpl.java:62)
	at sun.reflect.DelegatingMethodAccessorImpl.invoke(DelegatingMethodAccessorImpl.java:43)
	at java.lang.reflect.Method.invoke(Method.java:498)
	at org.junit.runners.model.FrameworkMethod$1.runReflectiveCall(FrameworkMethod.java:50)
	at org.junit.internal.runners.model.ReflectiveCallable.run(ReflectiveCallable.java:12)
	at org.junit.runners.model.FrameworkMethod.invokeExplosively(FrameworkMethod.java:47)
	at org.junit.internal.runners.statements.InvokeMethod.evaluate(InvokeMethod.java:17)
	at org.junit.internal.runners.statements.RunAfters.evaluate(RunAfters.java:27)
	at org.junit.internal.runners.statements.FailOnTimeout$CallableStatement.call(FailOnTimeout.java:298)
	at org.junit.internal.runners.statements.FailOnTimeout$CallableStatement.call(FailOnTimeout.java:292)
	at java.util.concurrent.FutureTask.run(FutureTask.java:266)
	at java.lang.Thread.run(Thread.java:748)
2019-09-24 12:00:20,290 INFO  impl.LeaderElection (LeaderElection.java:askForVotes(178)) - s2@group-3D81F66BC438-LeaderElection92: begin an election at term 220 for 9: [s0:0.0.0.0:42154, s1:0.0.0.0:36158, s2:0.0.0.0:36910], old=null
2019-09-24 12:00:20,291 DEBUG impl.RaftServerImpl (RaftServerImpl.java:requestVote(743)) - s0@group-3D81F66BC438: receive requestVote(s2, group-3D81F66BC438, 220, (t:13, i:10))
2019-09-24 12:00:20,291 DEBUG impl.RaftServerImpl (RaftServerImpl.java:requestVote(775)) - s0@group-3D81F66BC438 replies to vote request: s2<-s0#0:FAIL-t220. Peer's state: s0@group-3D81F66BC438:t220, leader=null, voted=s0, raftlog=s0@group-3D81F66BC438-SegmentedRaftLog:OPENED:c11,f12,i12, conf=11: [s0:0.0.0.0:42154, s1:0.0.0.0:36158, s2:0.0.0.0:36910], old=null
2019-09-24 12:00:20,361 INFO  impl.LeaderElection (LeaderElection.java:logAndReturn(56)) - s0@group-3D81F66BC438-LeaderElection101: Election TIMEOUT; received 0 response(s) [] and 0 exception(s); s0@group-3D81F66BC438:t220, leader=null, voted=s0, raftlog=s0@group-3D81F66BC438-SegmentedRaftLog:OPENED:c11,f12,i12, conf=11: [s0:0.0.0.0:42154, s1:0.0.0.0:36158, s2:0.0.0.0:36910], old=null
2019-09-24 12:00:20,374 INFO  impl.LeaderElection (LeaderElection.java:askForVotes(178)) - s0@group-3D81F66BC438-LeaderElection101: begin an election at term 221 for 11: [s0:0.0.0.0:42154, s1:0.0.0.0:36158, s2:0.0.0.0:36910], old=null
2019-09-24 12:00:20,411 INFO  impl.LeaderElection (LeaderElection.java:logAndReturn(56)) - s1@group-3D81F66BC438-LeaderElection91: Election TIMEOUT; received 1 response(s) [s1<-s0#0:FAIL-t220] and 0 exception(s); s1@group-3D81F66BC438:t220, leader=null, voted=s1, raftlog=s1@group-3D81F66BC438-SegmentedRaftLog:OPENED:c10,f11,i11, conf=11: [s0:0.0.0.0:42154, s1:0.0.0.0:36158, s2:0.0.0.0:36910], old=null
2019-09-24 12:00:20,424 INFO  impl.LeaderElection (LeaderElection.java:askForVotes(178)) - s1@group-3D81F66BC438-LeaderElection91: begin an election at term 221 for 11: [s0:0.0.0.0:42154, s1:0.0.0.0:36158, s2:0.0.0.0:36910], old=null
2019-09-24 12:00:20,425 DEBUG impl.RaftServerImpl (RaftServerImpl.java:requestVote(743)) - s0@group-3D81F66BC438: receive requestVote(s1, group-3D81F66BC438, 221, (t:14, i:11))
2019-09-24 12:00:20,425 DEBUG impl.RaftServerImpl (RaftServerImpl.java:requestVote(775)) - s0@group-3D81F66BC438 replies to vote request: s1<-s0#0:FAIL-t221. Peer's state: s0@group-3D81F66BC438:t221, leader=null, voted=s0, raftlog=s0@group-3D81F66BC438-SegmentedRaftLog:OPENED:c11,f12,i12, conf=11: [s0:0.0.0.0:42154, s1:0.0.0.0:36158, s2:0.0.0.0:36910], old=null
2019-09-24 12:00:20,554 INFO  impl.LeaderElection (LeaderElection.java:logAndReturn(56)) - s2@group-3D81F66BC438-LeaderElection92: Election TIMEOUT; received 1 response(s) [s2<-s0#0:FAIL-t220] and 0 exception(s); s2@group-3D81F66BC438:t220, leader=null, voted=s2, raftlog=s2@group-3D81F66BC438-SegmentedRaftLog:OPENED:c10,f10,i10, conf=9: [s0:0.0.0.0:42154, s1:0.0.0.0:36158, s2:0.0.0.0:36910], old=null
2019-09-24 12:00:20,579 INFO  impl.LeaderElection (LeaderElection.java:askForVotes(178)) - s2@group-3D81F66BC438-LeaderElection92: begin an election at term 221 for 9: [s0:0.0.0.0:42154, s1:0.0.0.0:36158, s2:0.0.0.0:36910], old=null
2019-09-24 12:00:20,580 DEBUG impl.RaftServerImpl (RaftServerImpl.java:requestVote(743)) - s0@group-3D81F66BC438: receive requestVote(s2, group-3D81F66BC438, 221, (t:13, i:10))
2019-09-24 12:00:20,580 DEBUG impl.RaftServerImpl (RaftServerImpl.java:requestVote(775)) - s0@group-3D81F66BC438 replies to vote request: s2<-s0#0:FAIL-t221. Peer's state: s0@group-3D81F66BC438:t221, leader=null, voted=s0, raftlog=s0@group-3D81F66BC438-SegmentedRaftLog:OPENED:c11,f12,i12, conf=11: [s0:0.0.0.0:42154, s1:0.0.0.0:36158, s2:0.0.0.0:36910], old=null
2019-09-24 12:00:20,595 INFO  impl.LeaderElection (LeaderElection.java:logAndReturn(56)) - s1@group-3D81F66BC438-LeaderElection91: Election TIMEOUT; received 1 response(s) [s1<-s0#0:FAIL-t221] and 0 exception(s); s1@group-3D81F66BC438:t221, leader=null, voted=s1, raftlog=s1@group-3D81F66BC438-SegmentedRaftLog:OPENED:c10,f11,i11, conf=11: [s0:0.0.0.0:42154, s1:0.0.0.0:36158, s2:0.0.0.0:36910], old=null
2019-09-24 12:00:20,610 INFO  impl.LeaderElection (LeaderElection.java:logAndReturn(56)) - s0@group-3D81F66BC438-LeaderElection101: Election TIMEOUT; received 0 response(s) [] and 0 exception(s); s0@group-3D81F66BC438:t221, leader=null, voted=s0, raftlog=s0@group-3D81F66BC438-SegmentedRaftLog:OPENED:c11,f12,i12, conf=11: [s0:0.0.0.0:42154, s1:0.0.0.0:36158, s2:0.0.0.0:36910], old=null
2019-09-24 12:00:20,616 INFO  impl.LeaderElection (LeaderElection.java:askForVotes(178)) - s1@group-3D81F66BC438-LeaderElection91: begin an election at term 222 for 11: [s0:0.0.0.0:42154, s1:0.0.0.0:36158, s2:0.0.0.0:36910], old=null
2019-09-24 12:00:20,616 DEBUG impl.RaftServerImpl (RaftServerImpl.java:requestVote(743)) - s0@group-3D81F66BC438: receive requestVote(s1, group-3D81F66BC438, 222, (t:14, i:11))
2019-09-24 12:00:20,618 INFO  impl.LeaderElection (LeaderElection.java:askForVotes(178)) - s0@group-3D81F66BC438-LeaderElection101: begin an election at term 222 for 11: [s0:0.0.0.0:42154, s1:0.0.0.0:36158, s2:0.0.0.0:36910], old=null
2019-09-24 12:00:20,618 DEBUG impl.RaftServerImpl (RaftServerImpl.java:requestVote(775)) - s0@group-3D81F66BC438 replies to vote request: s1<-s0#0:FAIL-t222. Peer's state: s0@group-3D81F66BC438:t222, leader=null, voted=s0, raftlog=s0@group-3D81F66BC438-SegmentedRaftLog:OPENED:c11,f12,i12, conf=11: [s0:0.0.0.0:42154, s1:0.0.0.0:36158, s2:0.0.0.0:36910], old=null
2019-09-24 12:00:20,739 WARN  ratis.RaftTestUtil (JavaUtils.java:attempt(158)) - FAILED "waitForLeader-null-(expectLeader? true)", attempt #10/100: java.lang.IllegalStateException: No leader yet : printing ALL groups
  s0:  RUNNING CANDIDATE s0@group-3D81F66BC438:t222, leader=null, voted=s0, raftlog=s0@group-3D81F66BC438-SegmentedRaftLog:OPENED:c11,f12,i12, conf=11: [s0:0.0.0.0:42154, s1:0.0.0.0:36158, s2:0.0.0.0:36910], old=null RUNNING
  s1:  RUNNING CANDIDATE s1@group-3D81F66BC438:t222, leader=null, voted=s1, raftlog=s1@group-3D81F66BC438-SegmentedRaftLog:OPENED:c10,f11,i11, conf=11: [s0:0.0.0.0:42154, s1:0.0.0.0:36158, s2:0.0.0.0:36910], old=null RUNNING
  s2:  RUNNING CANDIDATE s2@group-3D81F66BC438:t221, leader=null, voted=s2, raftlog=s2@group-3D81F66BC438-SegmentedRaftLog:OPENED:c10,f10,i10, conf=9: [s0:0.0.0.0:42154, s1:0.0.0.0:36158, s2:0.0.0.0:36910], old=null RUNNING, sleep 450ms and then retry.
java.lang.IllegalStateException: No leader yet : printing ALL groups
  s0:  RUNNING CANDIDATE s0@group-3D81F66BC438:t222, leader=null, voted=s0, raftlog=s0@group-3D81F66BC438-SegmentedRaftLog:OPENED:c11,f12,i12, conf=11: [s0:0.0.0.0:42154, s1:0.0.0.0:36158, s2:0.0.0.0:36910], old=null RUNNING
  s1:  RUNNING CANDIDATE s1@group-3D81F66BC438:t222, leader=null, voted=s1, raftlog=s1@group-3D81F66BC438-SegmentedRaftLog:OPENED:c10,f11,i11, conf=11: [s0:0.0.0.0:42154, s1:0.0.0.0:36158, s2:0.0.0.0:36910], old=null RUNNING
  s2:  RUNNING CANDIDATE s2@group-3D81F66BC438:t221, leader=null, voted=s2, raftlog=s2@group-3D81F66BC438-SegmentedRaftLog:OPENED:c10,f10,i10, conf=9: [s0:0.0.0.0:42154, s1:0.0.0.0:36158, s2:0.0.0.0:36910], old=null RUNNING
	at org.apache.ratis.MiniRaftCluster.newIllegalStateExceptionForNoLeaders(MiniRaftCluster.java:506)
	at org.apache.ratis.RaftTestUtil.lambda$waitForLeader$1(RaftTestUtil.java:90)
	at org.apache.ratis.MiniRaftCluster.getLeader(MiniRaftCluster.java:539)
	at org.apache.ratis.MiniRaftCluster.getLeader(MiniRaftCluster.java:532)
	at org.apache.ratis.RaftTestUtil.lambda$waitForLeader$3(RaftTestUtil.java:98)
	at org.apache.ratis.util.JavaUtils.attempt(JavaUtils.java:152)
	at org.apache.ratis.RaftTestUtil.waitForLeader(RaftTestUtil.java:97)
	at org.apache.ratis.RaftTestUtil.waitForLeader(RaftTestUtil.java:77)
	at org.apache.ratis.RaftTestUtil.waitForLeader(RaftTestUtil.java:72)
	at org.apache.ratis.RaftTestUtil.lambda$changeLeader$7(RaftTestUtil.java:363)
	at org.apache.ratis.util.JavaUtils.attempt(JavaUtils.java:152)
	at org.apache.ratis.RaftTestUtil.changeLeader(RaftTestUtil.java:362)
	at org.apache.ratis.server.impl.LeaderElectionTests.testChangeLeader(LeaderElectionTests.java:81)
	at sun.reflect.NativeMethodAccessorImpl.invoke0(Native Method)
	at sun.reflect.NativeMethodAccessorImpl.invoke(NativeMethodAccessorImpl.java:62)
	at sun.reflect.DelegatingMethodAccessorImpl.invoke(DelegatingMethodAccessorImpl.java:43)
	at java.lang.reflect.Method.invoke(Method.java:498)
	at org.junit.runners.model.FrameworkMethod$1.runReflectiveCall(FrameworkMethod.java:50)
	at org.junit.internal.runners.model.ReflectiveCallable.run(ReflectiveCallable.java:12)
	at org.junit.runners.model.FrameworkMethod.invokeExplosively(FrameworkMethod.java:47)
	at org.junit.internal.runners.statements.InvokeMethod.evaluate(InvokeMethod.java:17)
	at org.junit.internal.runners.statements.RunAfters.evaluate(RunAfters.java:27)
	at org.junit.internal.runners.statements.FailOnTimeout$CallableStatement.call(FailOnTimeout.java:298)
	at org.junit.internal.runners.statements.FailOnTimeout$CallableStatement.call(FailOnTimeout.java:292)
	at java.util.concurrent.FutureTask.run(FutureTask.java:266)
	at java.lang.Thread.run(Thread.java:748)
2019-09-24 12:00:20,778 INFO  impl.LeaderElection (LeaderElection.java:logAndReturn(56)) - s1@group-3D81F66BC438-LeaderElection91: Election TIMEOUT; received 1 response(s) [s1<-s0#0:FAIL-t222] and 0 exception(s); s1@group-3D81F66BC438:t222, leader=null, voted=s1, raftlog=s1@group-3D81F66BC438-SegmentedRaftLog:OPENED:c10,f11,i11, conf=11: [s0:0.0.0.0:42154, s1:0.0.0.0:36158, s2:0.0.0.0:36910], old=null
2019-09-24 12:00:20,791 INFO  impl.LeaderElection (LeaderElection.java:askForVotes(178)) - s1@group-3D81F66BC438-LeaderElection91: begin an election at term 223 for 11: [s0:0.0.0.0:42154, s1:0.0.0.0:36158, s2:0.0.0.0:36910], old=null
2019-09-24 12:00:20,792 DEBUG impl.RaftServerImpl (RaftServerImpl.java:requestVote(743)) - s0@group-3D81F66BC438: receive requestVote(s1, group-3D81F66BC438, 223, (t:14, i:11))
2019-09-24 12:00:20,792 INFO  impl.RaftServerImpl (RaftServerImpl.java:setRole(170)) - s0@group-3D81F66BC438: changes role from CANDIDATE to FOLLOWER at term 223 for recognizeCandidate:s1
2019-09-24 12:00:20,792 INFO  impl.RoleInfo (RoleInfo.java:shutdownLeaderElection(134)) - s0: shutdown LeaderElection
2019-09-24 12:00:20,792 INFO  impl.RoleInfo (RoleInfo.java:updateAndGet(143)) - s0: start FollowerState
2019-09-24 12:00:20,809 INFO  impl.LeaderElection (LeaderElection.java:logAndReturn(56)) - s2@group-3D81F66BC438-LeaderElection92: Election TIMEOUT; received 1 response(s) [s2<-s0#0:FAIL-t221] and 0 exception(s); s2@group-3D81F66BC438:t221, leader=null, voted=s2, raftlog=s2@group-3D81F66BC438-SegmentedRaftLog:OPENED:c10,f10,i10, conf=9: [s0:0.0.0.0:42154, s1:0.0.0.0:36158, s2:0.0.0.0:36910], old=null
2019-09-24 12:00:20,818 DEBUG impl.RaftServerImpl (RaftServerImpl.java:requestVote(775)) - s0@group-3D81F66BC438 replies to vote request: s1<-s0#0:FAIL-t223. Peer's state: s0@group-3D81F66BC438:t223, leader=null, voted=null, raftlog=s0@group-3D81F66BC438-SegmentedRaftLog:OPENED:c11,f12,i12, conf=11: [s0:0.0.0.0:42154, s1:0.0.0.0:36158, s2:0.0.0.0:36910], old=null
2019-09-24 12:00:20,821 INFO  impl.LeaderElection (LeaderElection.java:askForVotes(178)) - s2@group-3D81F66BC438-LeaderElection92: begin an election at term 222 for 9: [s0:0.0.0.0:42154, s1:0.0.0.0:36158, s2:0.0.0.0:36910], old=null
2019-09-24 12:00:20,822 DEBUG impl.RaftServerImpl (RaftServerImpl.java:requestVote(743)) - s0@group-3D81F66BC438: receive requestVote(s2, group-3D81F66BC438, 222, (t:13, i:10))
2019-09-24 12:00:20,822 DEBUG impl.RaftServerImpl (RaftServerImpl.java:requestVote(775)) - s0@group-3D81F66BC438 replies to vote request: s2<-s0#0:FAIL-t223. Peer's state: s0@group-3D81F66BC438:t223, leader=null, voted=null, raftlog=s0@group-3D81F66BC438-SegmentedRaftLog:OPENED:c11,f12,i12, conf=11: [s0:0.0.0.0:42154, s1:0.0.0.0:36158, s2:0.0.0.0:36910], old=null
2019-09-24 12:00:20,822 INFO  impl.LeaderElection (LeaderElection.java:logAndReturn(56)) - s2@group-3D81F66BC438-LeaderElection92: Election DISCOVERED_A_NEW_TERM; received 1 response(s) [s2<-s0#0:FAIL-t223] and 0 exception(s); s2@group-3D81F66BC438:t222, leader=null, voted=s2, raftlog=s2@group-3D81F66BC438-SegmentedRaftLog:OPENED:c10,f10,i10, conf=9: [s0:0.0.0.0:42154, s1:0.0.0.0:36158, s2:0.0.0.0:36910], old=null
2019-09-24 12:00:20,823 INFO  impl.RaftServerImpl (RaftServerImpl.java:setRole(170)) - s2@group-3D81F66BC438: changes role from CANDIDATE to FOLLOWER at term 223 for DISCOVERED_A_NEW_TERM
2019-09-24 12:00:20,823 INFO  impl.RoleInfo (RoleInfo.java:shutdownLeaderElection(134)) - s2: shutdown LeaderElection
2019-09-24 12:00:20,823 INFO  impl.RoleInfo (RoleInfo.java:updateAndGet(143)) - s2: start FollowerState
2019-09-24 12:00:20,859 INFO  impl.LeaderElection (LeaderElection.java:logAndReturn(56)) - s0@group-3D81F66BC438-LeaderElection101: Election REJECTED; received 0 response(s) [] and 0 exception(s); s0@group-3D81F66BC438:t223, leader=null, voted=null, raftlog=s0@group-3D81F66BC438-SegmentedRaftLog:OPENED:c11,f12,i12, conf=11: [s0:0.0.0.0:42154, s1:0.0.0.0:36158, s2:0.0.0.0:36910], old=null
2019-09-24 12:00:20,975 INFO  impl.FollowerState (FollowerState.java:run(108)) - s0@group-3D81F66BC438-FollowerState: change to CANDIDATE, lastRpcTime:182ms, electionTimeout:182ms
2019-09-24 12:00:20,975 INFO  impl.RoleInfo (RoleInfo.java:shutdownFollowerState(121)) - s0: shutdown FollowerState
2019-09-24 12:00:20,975 INFO  impl.RaftServerImpl (RaftServerImpl.java:setRole(170)) - s0@group-3D81F66BC438: changes role from  FOLLOWER to CANDIDATE at term 223 for changeToCandidate
2019-09-24 12:00:20,975 INFO  impl.RoleInfo (RoleInfo.java:updateAndGet(143)) - s0: start LeaderElection
2019-09-24 12:00:20,983 INFO  impl.LeaderElection (LeaderElection.java:logAndReturn(56)) - s1@group-3D81F66BC438-LeaderElection91: Election TIMEOUT; received 1 response(s) [s1<-s0#0:FAIL-t223] and 0 exception(s); s1@group-3D81F66BC438:t223, leader=null, voted=s1, raftlog=s1@group-3D81F66BC438-SegmentedRaftLog:OPENED:c10,f11,i11, conf=11: [s0:0.0.0.0:42154, s1:0.0.0.0:36158, s2:0.0.0.0:36910], old=null
2019-09-24 12:00:21,002 INFO  impl.LeaderElection (LeaderElection.java:askForVotes(178)) - s0@group-3D81F66BC438-LeaderElection102: begin an election at term 224 for 11: [s0:0.0.0.0:42154, s1:0.0.0.0:36158, s2:0.0.0.0:36910], old=null
2019-09-24 12:00:21,002 INFO  impl.LeaderElection (LeaderElection.java:askForVotes(178)) - s1@group-3D81F66BC438-LeaderElection91: begin an election at term 224 for 11: [s0:0.0.0.0:42154, s1:0.0.0.0:36158, s2:0.0.0.0:36910], old=null
2019-09-24 12:00:21,002 DEBUG impl.RaftServerImpl (RaftServerImpl.java:requestVote(743)) - s0@group-3D81F66BC438: receive requestVote(s1, group-3D81F66BC438, 224, (t:14, i:11))
2019-09-24 12:00:21,003 DEBUG impl.RaftServerImpl (RaftServerImpl.java:requestVote(775)) - s0@group-3D81F66BC438 replies to vote request: s1<-s0#0:FAIL-t224. Peer's state: s0@group-3D81F66BC438:t224, leader=null, voted=s0, raftlog=s0@group-3D81F66BC438-SegmentedRaftLog:OPENED:c11,f12,i12, conf=11: [s0:0.0.0.0:42154, s1:0.0.0.0:36158, s2:0.0.0.0:36910], old=null
2019-09-24 12:00:21,088 INFO  impl.FollowerState (FollowerState.java:run(108)) - s2@group-3D81F66BC438-FollowerState: change to CANDIDATE, lastRpcTime:265ms, electionTimeout:265ms
2019-09-24 12:00:21,088 INFO  impl.RoleInfo (RoleInfo.java:shutdownFollowerState(121)) - s2: shutdown FollowerState
2019-09-24 12:00:21,089 INFO  impl.RaftServerImpl (RaftServerImpl.java:setRole(170)) - s2@group-3D81F66BC438: changes role from  FOLLOWER to CANDIDATE at term 223 for changeToCandidate
2019-09-24 12:00:21,089 INFO  impl.RoleInfo (RoleInfo.java:updateAndGet(143)) - s2: start LeaderElection
2019-09-24 12:00:21,114 INFO  impl.LeaderElection (LeaderElection.java:askForVotes(178)) - s2@group-3D81F66BC438-LeaderElection103: begin an election at term 224 for 9: [s0:0.0.0.0:42154, s1:0.0.0.0:36158, s2:0.0.0.0:36910], old=null
2019-09-24 12:00:21,115 DEBUG impl.RaftServerImpl (RaftServerImpl.java:requestVote(743)) - s0@group-3D81F66BC438: receive requestVote(s2, group-3D81F66BC438, 224, (t:13, i:10))
2019-09-24 12:00:21,115 DEBUG impl.RaftServerImpl (RaftServerImpl.java:requestVote(775)) - s0@group-3D81F66BC438 replies to vote request: s2<-s0#0:FAIL-t224. Peer's state: s0@group-3D81F66BC438:t224, leader=null, voted=s0, raftlog=s0@group-3D81F66BC438-SegmentedRaftLog:OPENED:c11,f12,i12, conf=11: [s0:0.0.0.0:42154, s1:0.0.0.0:36158, s2:0.0.0.0:36910], old=null
2019-09-24 12:00:21,181 INFO  impl.LeaderElection (LeaderElection.java:logAndReturn(56)) - s0@group-3D81F66BC438-LeaderElection102: Election TIMEOUT; received 0 response(s) [] and 0 exception(s); s0@group-3D81F66BC438:t224, leader=null, voted=s0, raftlog=s0@group-3D81F66BC438-SegmentedRaftLog:OPENED:c11,f12,i12, conf=11: [s0:0.0.0.0:42154, s1:0.0.0.0:36158, s2:0.0.0.0:36910], old=null
2019-09-24 12:00:21,190 WARN  ratis.RaftTestUtil (JavaUtils.java:attempt(158)) - FAILED "waitForLeader-null-(expectLeader? true)", attempt #11/100: java.lang.IllegalStateException: No leader yet : printing ALL groups
  s0:  RUNNING CANDIDATE s0@group-3D81F66BC438:t225, leader=null, voted=s0, raftlog=s0@group-3D81F66BC438-SegmentedRaftLog:OPENED:c11,f12,i12, conf=11: [s0:0.0.0.0:42154, s1:0.0.0.0:36158, s2:0.0.0.0:36910], old=null RUNNING
  s1:  RUNNING CANDIDATE s1@group-3D81F66BC438:t224, leader=null, voted=s1, raftlog=s1@group-3D81F66BC438-SegmentedRaftLog:OPENED:c10,f11,i11, conf=11: [s0:0.0.0.0:42154, s1:0.0.0.0:36158, s2:0.0.0.0:36910], old=null RUNNING
  s2:  RUNNING CANDIDATE s2@group-3D81F66BC438:t224, leader=null, voted=s2, raftlog=s2@group-3D81F66BC438-SegmentedRaftLog:OPENED:c10,f10,i10, conf=9: [s0:0.0.0.0:42154, s1:0.0.0.0:36158, s2:0.0.0.0:36910], old=null RUNNING, sleep 450ms and then retry.
java.lang.IllegalStateException: No leader yet : printing ALL groups
  s0:  RUNNING CANDIDATE s0@group-3D81F66BC438:t225, leader=null, voted=s0, raftlog=s0@group-3D81F66BC438-SegmentedRaftLog:OPENED:c11,f12,i12, conf=11: [s0:0.0.0.0:42154, s1:0.0.0.0:36158, s2:0.0.0.0:36910], old=null RUNNING
  s1:  RUNNING CANDIDATE s1@group-3D81F66BC438:t224, leader=null, voted=s1, raftlog=s1@group-3D81F66BC438-SegmentedRaftLog:OPENED:c10,f11,i11, conf=11: [s0:0.0.0.0:42154, s1:0.0.0.0:36158, s2:0.0.0.0:36910], old=null RUNNING
  s2:  RUNNING CANDIDATE s2@group-3D81F66BC438:t224, leader=null, voted=s2, raftlog=s2@group-3D81F66BC438-SegmentedRaftLog:OPENED:c10,f10,i10, conf=9: [s0:0.0.0.0:42154, s1:0.0.0.0:36158, s2:0.0.0.0:36910], old=null RUNNING
	at org.apache.ratis.MiniRaftCluster.newIllegalStateExceptionForNoLeaders(MiniRaftCluster.java:506)
	at org.apache.ratis.RaftTestUtil.lambda$waitForLeader$1(RaftTestUtil.java:90)
	at org.apache.ratis.MiniRaftCluster.getLeader(MiniRaftCluster.java:539)
	at org.apache.ratis.MiniRaftCluster.getLeader(MiniRaftCluster.java:532)
	at org.apache.ratis.RaftTestUtil.lambda$waitForLeader$3(RaftTestUtil.java:98)
	at org.apache.ratis.util.JavaUtils.attempt(JavaUtils.java:152)
	at org.apache.ratis.RaftTestUtil.waitForLeader(RaftTestUtil.java:97)
	at org.apache.ratis.RaftTestUtil.waitForLeader(RaftTestUtil.java:77)
	at org.apache.ratis.RaftTestUtil.waitForLeader(RaftTestUtil.java:72)
	at org.apache.ratis.RaftTestUtil.lambda$changeLeader$7(RaftTestUtil.java:363)
	at org.apache.ratis.util.JavaUtils.attempt(JavaUtils.java:152)
	at org.apache.ratis.RaftTestUtil.changeLeader(RaftTestUtil.java:362)
	at org.apache.ratis.server.impl.LeaderElectionTests.testChangeLeader(LeaderElectionTests.java:81)
	at sun.reflect.NativeMethodAccessorImpl.invoke0(Native Method)
	at sun.reflect.NativeMethodAccessorImpl.invoke(NativeMethodAccessorImpl.java:62)
	at sun.reflect.DelegatingMethodAccessorImpl.invoke(DelegatingMethodAccessorImpl.java:43)
	at java.lang.reflect.Method.invoke(Method.java:498)
	at org.junit.runners.model.FrameworkMethod$1.runReflectiveCall(FrameworkMethod.java:50)
	at org.junit.internal.runners.model.ReflectiveCallable.run(ReflectiveCallable.java:12)
	at org.junit.runners.model.FrameworkMethod.invokeExplosively(FrameworkMethod.java:47)
	at org.junit.internal.runners.statements.InvokeMethod.evaluate(InvokeMethod.java:17)
	at org.junit.internal.runners.statements.RunAfters.evaluate(RunAfters.java:27)
	at org.junit.internal.runners.statements.FailOnTimeout$CallableStatement.call(FailOnTimeout.java:298)
	at org.junit.internal.runners.statements.FailOnTimeout$CallableStatement.call(FailOnTimeout.java:292)
	at java.util.concurrent.FutureTask.run(FutureTask.java:266)
	at java.lang.Thread.run(Thread.java:748)
2019-09-24 12:00:21,196 INFO  impl.LeaderElection (LeaderElection.java:askForVotes(178)) - s0@group-3D81F66BC438-LeaderElection102: begin an election at term 225 for 11: [s0:0.0.0.0:42154, s1:0.0.0.0:36158, s2:0.0.0.0:36910], old=null
2019-09-24 12:00:21,297 INFO  impl.LeaderElection (LeaderElection.java:logAndReturn(56)) - s1@group-3D81F66BC438-LeaderElection91: Election TIMEOUT; received 1 response(s) [s1<-s0#0:FAIL-t224] and 0 exception(s); s1@group-3D81F66BC438:t224, leader=null, voted=s1, raftlog=s1@group-3D81F66BC438-SegmentedRaftLog:OPENED:c10,f11,i11, conf=11: [s0:0.0.0.0:42154, s1:0.0.0.0:36158, s2:0.0.0.0:36910], old=null
2019-09-24 12:00:21,318 INFO  impl.LeaderElection (LeaderElection.java:askForVotes(178)) - s1@group-3D81F66BC438-LeaderElection91: begin an election at term 225 for 11: [s0:0.0.0.0:42154, s1:0.0.0.0:36158, s2:0.0.0.0:36910], old=null
2019-09-24 12:00:21,319 DEBUG impl.RaftServerImpl (RaftServerImpl.java:requestVote(743)) - s0@group-3D81F66BC438: receive requestVote(s1, group-3D81F66BC438, 225, (t:14, i:11))
2019-09-24 12:00:21,319 DEBUG impl.RaftServerImpl (RaftServerImpl.java:requestVote(775)) - s0@group-3D81F66BC438 replies to vote request: s1<-s0#0:FAIL-t225. Peer's state: s0@group-3D81F66BC438:t225, leader=null, voted=s0, raftlog=s0@group-3D81F66BC438-SegmentedRaftLog:OPENED:c11,f12,i12, conf=11: [s0:0.0.0.0:42154, s1:0.0.0.0:36158, s2:0.0.0.0:36910], old=null
2019-09-24 12:00:21,371 INFO  impl.LeaderElection (LeaderElection.java:logAndReturn(56)) - s2@group-3D81F66BC438-LeaderElection103: Election TIMEOUT; received 1 response(s) [s2<-s0#0:FAIL-t224] and 0 exception(s); s2@group-3D81F66BC438:t224, leader=null, voted=s2, raftlog=s2@group-3D81F66BC438-SegmentedRaftLog:OPENED:c10,f10,i10, conf=9: [s0:0.0.0.0:42154, s1:0.0.0.0:36158, s2:0.0.0.0:36910], old=null
2019-09-24 12:00:21,384 INFO  impl.LeaderElection (LeaderElection.java:askForVotes(178)) - s2@group-3D81F66BC438-LeaderElection103: begin an election at term 225 for 9: [s0:0.0.0.0:42154, s1:0.0.0.0:36158, s2:0.0.0.0:36910], old=null
2019-09-24 12:00:21,384 DEBUG impl.RaftServerImpl (RaftServerImpl.java:requestVote(743)) - s0@group-3D81F66BC438: receive requestVote(s2, group-3D81F66BC438, 225, (t:13, i:10))
2019-09-24 12:00:21,384 DEBUG impl.RaftServerImpl (RaftServerImpl.java:requestVote(775)) - s0@group-3D81F66BC438 replies to vote request: s2<-s0#0:FAIL-t225. Peer's state: s0@group-3D81F66BC438:t225, leader=null, voted=s0, raftlog=s0@group-3D81F66BC438-SegmentedRaftLog:OPENED:c11,f12,i12, conf=11: [s0:0.0.0.0:42154, s1:0.0.0.0:36158, s2:0.0.0.0:36910], old=null
2019-09-24 12:00:21,471 INFO  impl.LeaderElection (LeaderElection.java:logAndReturn(56)) - s0@group-3D81F66BC438-LeaderElection102: Election TIMEOUT; received 0 response(s) [] and 0 exception(s); s0@group-3D81F66BC438:t225, leader=null, voted=s0, raftlog=s0@group-3D81F66BC438-SegmentedRaftLog:OPENED:c11,f12,i12, conf=11: [s0:0.0.0.0:42154, s1:0.0.0.0:36158, s2:0.0.0.0:36910], old=null
2019-09-24 12:00:21,485 INFO  impl.LeaderElection (LeaderElection.java:askForVotes(178)) - s0@group-3D81F66BC438-LeaderElection102: begin an election at term 226 for 11: [s0:0.0.0.0:42154, s1:0.0.0.0:36158, s2:0.0.0.0:36910], old=null
2019-09-24 12:00:21,569 INFO  impl.LeaderElection (LeaderElection.java:logAndReturn(56)) - s2@group-3D81F66BC438-LeaderElection103: Election TIMEOUT; received 1 response(s) [s2<-s0#0:FAIL-t225] and 0 exception(s); s2@group-3D81F66BC438:t225, leader=null, voted=s2, raftlog=s2@group-3D81F66BC438-SegmentedRaftLog:OPENED:c10,f10,i10, conf=9: [s0:0.0.0.0:42154, s1:0.0.0.0:36158, s2:0.0.0.0:36910], old=null
2019-09-24 12:00:21,582 INFO  impl.LeaderElection (LeaderElection.java:askForVotes(178)) - s2@group-3D81F66BC438-LeaderElection103: begin an election at term 226 for 9: [s0:0.0.0.0:42154, s1:0.0.0.0:36158, s2:0.0.0.0:36910], old=null
2019-09-24 12:00:21,583 DEBUG impl.RaftServerImpl (RaftServerImpl.java:requestVote(743)) - s0@group-3D81F66BC438: receive requestVote(s2, group-3D81F66BC438, 226, (t:13, i:10))
2019-09-24 12:00:21,583 DEBUG impl.RaftServerImpl (RaftServerImpl.java:requestVote(775)) - s0@group-3D81F66BC438 replies to vote request: s2<-s0#0:FAIL-t226. Peer's state: s0@group-3D81F66BC438:t226, leader=null, voted=s0, raftlog=s0@group-3D81F66BC438-SegmentedRaftLog:OPENED:c11,f12,i12, conf=11: [s0:0.0.0.0:42154, s1:0.0.0.0:36158, s2:0.0.0.0:36910], old=null
2019-09-24 12:00:21,619 INFO  impl.LeaderElection (LeaderElection.java:logAndReturn(56)) - s1@group-3D81F66BC438-LeaderElection91: Election TIMEOUT; received 1 response(s) [s1<-s0#0:FAIL-t225] and 0 exception(s); s1@group-3D81F66BC438:t225, leader=null, voted=s1, raftlog=s1@group-3D81F66BC438-SegmentedRaftLog:OPENED:c10,f11,i11, conf=11: [s0:0.0.0.0:42154, s1:0.0.0.0:36158, s2:0.0.0.0:36910], old=null
2019-09-24 12:00:21,632 INFO  impl.LeaderElection (LeaderElection.java:askForVotes(178)) - s1@group-3D81F66BC438-LeaderElection91: begin an election at term 226 for 11: [s0:0.0.0.0:42154, s1:0.0.0.0:36158, s2:0.0.0.0:36910], old=null
2019-09-24 12:00:21,632 DEBUG impl.RaftServerImpl (RaftServerImpl.java:requestVote(743)) - s0@group-3D81F66BC438: receive requestVote(s1, group-3D81F66BC438, 226, (t:14, i:11))
2019-09-24 12:00:21,632 DEBUG impl.RaftServerImpl (RaftServerImpl.java:requestVote(775)) - s0@group-3D81F66BC438 replies to vote request: s1<-s0#0:FAIL-t226. Peer's state: s0@group-3D81F66BC438:t226, leader=null, voted=s0, raftlog=s0@group-3D81F66BC438-SegmentedRaftLog:OPENED:c11,f12,i12, conf=11: [s0:0.0.0.0:42154, s1:0.0.0.0:36158, s2:0.0.0.0:36910], old=null
2019-09-24 12:00:21,641 WARN  ratis.RaftTestUtil (JavaUtils.java:attempt(158)) - FAILED "waitForLeader-null-(expectLeader? true)", attempt #12/100: java.lang.IllegalStateException: No leader yet : printing ALL groups
  s0:  RUNNING CANDIDATE s0@group-3D81F66BC438:t226, leader=null, voted=s0, raftlog=s0@group-3D81F66BC438-SegmentedRaftLog:OPENED:c11,f12,i12, conf=11: [s0:0.0.0.0:42154, s1:0.0.0.0:36158, s2:0.0.0.0:36910], old=null RUNNING
  s1:  RUNNING CANDIDATE s1@group-3D81F66BC438:t226, leader=null, voted=s1, raftlog=s1@group-3D81F66BC438-SegmentedRaftLog:OPENED:c10,f11,i11, conf=11: [s0:0.0.0.0:42154, s1:0.0.0.0:36158, s2:0.0.0.0:36910], old=null RUNNING
  s2:  RUNNING CANDIDATE s2@group-3D81F66BC438:t226, leader=null, voted=s2, raftlog=s2@group-3D81F66BC438-SegmentedRaftLog:OPENED:c10,f10,i10, conf=9: [s0:0.0.0.0:42154, s1:0.0.0.0:36158, s2:0.0.0.0:36910], old=null RUNNING, sleep 450ms and then retry.
java.lang.IllegalStateException: No leader yet : printing ALL groups
  s0:  RUNNING CANDIDATE s0@group-3D81F66BC438:t226, leader=null, voted=s0, raftlog=s0@group-3D81F66BC438-SegmentedRaftLog:OPENED:c11,f12,i12, conf=11: [s0:0.0.0.0:42154, s1:0.0.0.0:36158, s2:0.0.0.0:36910], old=null RUNNING
  s1:  RUNNING CANDIDATE s1@group-3D81F66BC438:t226, leader=null, voted=s1, raftlog=s1@group-3D81F66BC438-SegmentedRaftLog:OPENED:c10,f11,i11, conf=11: [s0:0.0.0.0:42154, s1:0.0.0.0:36158, s2:0.0.0.0:36910], old=null RUNNING
  s2:  RUNNING CANDIDATE s2@group-3D81F66BC438:t226, leader=null, voted=s2, raftlog=s2@group-3D81F66BC438-SegmentedRaftLog:OPENED:c10,f10,i10, conf=9: [s0:0.0.0.0:42154, s1:0.0.0.0:36158, s2:0.0.0.0:36910], old=null RUNNING
	at org.apache.ratis.MiniRaftCluster.newIllegalStateExceptionForNoLeaders(MiniRaftCluster.java:506)
	at org.apache.ratis.RaftTestUtil.lambda$waitForLeader$1(RaftTestUtil.java:90)
	at org.apache.ratis.MiniRaftCluster.getLeader(MiniRaftCluster.java:539)
	at org.apache.ratis.MiniRaftCluster.getLeader(MiniRaftCluster.java:532)
	at org.apache.ratis.RaftTestUtil.lambda$waitForLeader$3(RaftTestUtil.java:98)
	at org.apache.ratis.util.JavaUtils.attempt(JavaUtils.java:152)
	at org.apache.ratis.RaftTestUtil.waitForLeader(RaftTestUtil.java:97)
	at org.apache.ratis.RaftTestUtil.waitForLeader(RaftTestUtil.java:77)
	at org.apache.ratis.RaftTestUtil.waitForLeader(RaftTestUtil.java:72)
	at org.apache.ratis.RaftTestUtil.lambda$changeLeader$7(RaftTestUtil.java:363)
	at org.apache.ratis.util.JavaUtils.attempt(JavaUtils.java:152)
	at org.apache.ratis.RaftTestUtil.changeLeader(RaftTestUtil.java:362)
	at org.apache.ratis.server.impl.LeaderElectionTests.testChangeLeader(LeaderElectionTests.java:81)
	at sun.reflect.NativeMethodAccessorImpl.invoke0(Native Method)
	at sun.reflect.NativeMethodAccessorImpl.invoke(NativeMethodAccessorImpl.java:62)
	at sun.reflect.DelegatingMethodAccessorImpl.invoke(DelegatingMethodAccessorImpl.java:43)
	at java.lang.reflect.Method.invoke(Method.java:498)
	at org.junit.runners.model.FrameworkMethod$1.runReflectiveCall(FrameworkMethod.java:50)
	at org.junit.internal.runners.model.ReflectiveCallable.run(ReflectiveCallable.java:12)
	at org.junit.runners.model.FrameworkMethod.invokeExplosively(FrameworkMethod.java:47)
	at org.junit.internal.runners.statements.InvokeMethod.evaluate(InvokeMethod.java:17)
	at org.junit.internal.runners.statements.RunAfters.evaluate(RunAfters.java:27)
	at org.junit.internal.runners.statements.FailOnTimeout$CallableStatement.call(FailOnTimeout.java:298)
	at org.junit.internal.runners.statements.FailOnTimeout$CallableStatement.call(FailOnTimeout.java:292)
	at java.util.concurrent.FutureTask.run(FutureTask.java:266)
	at java.lang.Thread.run(Thread.java:748)
2019-09-24 12:00:21,650 INFO  impl.LeaderElection (LeaderElection.java:logAndReturn(56)) - s0@group-3D81F66BC438-LeaderElection102: Election TIMEOUT; received 0 response(s) [] and 0 exception(s); s0@group-3D81F66BC438:t226, leader=null, voted=s0, raftlog=s0@group-3D81F66BC438-SegmentedRaftLog:OPENED:c11,f12,i12, conf=11: [s0:0.0.0.0:42154, s1:0.0.0.0:36158, s2:0.0.0.0:36910], old=null
2019-09-24 12:00:21,665 INFO  impl.LeaderElection (LeaderElection.java:askForVotes(178)) - s0@group-3D81F66BC438-LeaderElection102: begin an election at term 227 for 11: [s0:0.0.0.0:42154, s1:0.0.0.0:36158, s2:0.0.0.0:36910], old=null
2019-09-24 12:00:21,817 INFO  impl.LeaderElection (LeaderElection.java:logAndReturn(56)) - s2@group-3D81F66BC438-LeaderElection103: Election TIMEOUT; received 1 response(s) [s2<-s0#0:FAIL-t226] and 0 exception(s); s2@group-3D81F66BC438:t226, leader=null, voted=s2, raftlog=s2@group-3D81F66BC438-SegmentedRaftLog:OPENED:c10,f10,i10, conf=9: [s0:0.0.0.0:42154, s1:0.0.0.0:36158, s2:0.0.0.0:36910], old=null
2019-09-24 12:00:21,830 INFO  impl.LeaderElection (LeaderElection.java:askForVotes(178)) - s2@group-3D81F66BC438-LeaderElection103: begin an election at term 227 for 9: [s0:0.0.0.0:42154, s1:0.0.0.0:36158, s2:0.0.0.0:36910], old=null
2019-09-24 12:00:21,831 DEBUG impl.RaftServerImpl (RaftServerImpl.java:requestVote(743)) - s0@group-3D81F66BC438: receive requestVote(s2, group-3D81F66BC438, 227, (t:13, i:10))
2019-09-24 12:00:21,831 DEBUG impl.RaftServerImpl (RaftServerImpl.java:requestVote(775)) - s0@group-3D81F66BC438 replies to vote request: s2<-s0#0:FAIL-t227. Peer's state: s0@group-3D81F66BC438:t227, leader=null, voted=s0, raftlog=s0@group-3D81F66BC438-SegmentedRaftLog:OPENED:c11,f12,i12, conf=11: [s0:0.0.0.0:42154, s1:0.0.0.0:36158, s2:0.0.0.0:36910], old=null
2019-09-24 12:00:21,874 INFO  impl.LeaderElection (LeaderElection.java:logAndReturn(56)) - s0@group-3D81F66BC438-LeaderElection102: Election TIMEOUT; received 0 response(s) [] and 0 exception(s); s0@group-3D81F66BC438:t227, leader=null, voted=s0, raftlog=s0@group-3D81F66BC438-SegmentedRaftLog:OPENED:c11,f12,i12, conf=11: [s0:0.0.0.0:42154, s1:0.0.0.0:36158, s2:0.0.0.0:36910], old=null
2019-09-24 12:00:21,879 INFO  impl.LeaderElection (LeaderElection.java:logAndReturn(56)) - s1@group-3D81F66BC438-LeaderElection91: Election TIMEOUT; received 1 response(s) [s1<-s0#0:FAIL-t226] and 0 exception(s); s1@group-3D81F66BC438:t226, leader=null, voted=s1, raftlog=s1@group-3D81F66BC438-SegmentedRaftLog:OPENED:c10,f11,i11, conf=11: [s0:0.0.0.0:42154, s1:0.0.0.0:36158, s2:0.0.0.0:36910], old=null
2019-09-24 12:00:21,888 INFO  impl.LeaderElection (LeaderElection.java:askForVotes(178)) - s0@group-3D81F66BC438-LeaderElection102: begin an election at term 228 for 11: [s0:0.0.0.0:42154, s1:0.0.0.0:36158, s2:0.0.0.0:36910], old=null
2019-09-24 12:00:21,888 INFO  impl.LeaderElection (LeaderElection.java:askForVotes(178)) - s1@group-3D81F66BC438-LeaderElection91: begin an election at term 227 for 11: [s0:0.0.0.0:42154, s1:0.0.0.0:36158, s2:0.0.0.0:36910], old=null
2019-09-24 12:00:21,889 DEBUG impl.RaftServerImpl (RaftServerImpl.java:requestVote(743)) - s0@group-3D81F66BC438: receive requestVote(s1, group-3D81F66BC438, 227, (t:14, i:11))
2019-09-24 12:00:21,889 DEBUG impl.RaftServerImpl (RaftServerImpl.java:requestVote(775)) - s0@group-3D81F66BC438 replies to vote request: s1<-s0#0:FAIL-t228. Peer's state: s0@group-3D81F66BC438:t228, leader=null, voted=s0, raftlog=s0@group-3D81F66BC438-SegmentedRaftLog:OPENED:c11,f12,i12, conf=11: [s0:0.0.0.0:42154, s1:0.0.0.0:36158, s2:0.0.0.0:36910], old=null
2019-09-24 12:00:21,890 INFO  impl.LeaderElection (LeaderElection.java:logAndReturn(56)) - s1@group-3D81F66BC438-LeaderElection91: Election DISCOVERED_A_NEW_TERM; received 1 response(s) [s1<-s0#0:FAIL-t228] and 0 exception(s); s1@group-3D81F66BC438:t227, leader=null, voted=s1, raftlog=s1@group-3D81F66BC438-SegmentedRaftLog:OPENED:c10,f11,i11, conf=11: [s0:0.0.0.0:42154, s1:0.0.0.0:36158, s2:0.0.0.0:36910], old=null
2019-09-24 12:00:21,890 INFO  impl.RaftServerImpl (RaftServerImpl.java:setRole(170)) - s1@group-3D81F66BC438: changes role from CANDIDATE to FOLLOWER at term 228 for DISCOVERED_A_NEW_TERM
2019-09-24 12:00:21,890 INFO  impl.RoleInfo (RoleInfo.java:shutdownLeaderElection(134)) - s1: shutdown LeaderElection
2019-09-24 12:00:21,890 INFO  impl.RoleInfo (RoleInfo.java:updateAndGet(143)) - s1: start FollowerState
2019-09-24 12:00:22,086 INFO  impl.FollowerState (FollowerState.java:run(108)) - s1@group-3D81F66BC438-FollowerState: change to CANDIDATE, lastRpcTime:196ms, electionTimeout:196ms
2019-09-24 12:00:22,087 INFO  impl.RoleInfo (RoleInfo.java:shutdownFollowerState(121)) - s1: shutdown FollowerState
2019-09-24 12:00:22,087 INFO  impl.RaftServerImpl (RaftServerImpl.java:setRole(170)) - s1@group-3D81F66BC438: changes role from  FOLLOWER to CANDIDATE at term 228 for changeToCandidate
2019-09-24 12:00:22,087 INFO  impl.RoleInfo (RoleInfo.java:updateAndGet(143)) - s1: start LeaderElection
2019-09-24 12:00:22,092 WARN  ratis.RaftTestUtil (JavaUtils.java:attempt(158)) - FAILED "waitForLeader-null-(expectLeader? true)", attempt #13/100: java.lang.IllegalStateException: No leader yet : printing ALL groups
  s0:  RUNNING CANDIDATE s0@group-3D81F66BC438:t228, leader=null, voted=s0, raftlog=s0@group-3D81F66BC438-SegmentedRaftLog:OPENED:c11,f12,i12, conf=11: [s0:0.0.0.0:42154, s1:0.0.0.0:36158, s2:0.0.0.0:36910], old=null RUNNING
  s1:  RUNNING CANDIDATE s1@group-3D81F66BC438:t229, leader=null, voted=s1, raftlog=s1@group-3D81F66BC438-SegmentedRaftLog:OPENED:c10,f11,i11, conf=11: [s0:0.0.0.0:42154, s1:0.0.0.0:36158, s2:0.0.0.0:36910], old=null RUNNING
  s2:  RUNNING CANDIDATE s2@group-3D81F66BC438:t227, leader=null, voted=s2, raftlog=s2@group-3D81F66BC438-SegmentedRaftLog:OPENED:c10,f10,i10, conf=9: [s0:0.0.0.0:42154, s1:0.0.0.0:36158, s2:0.0.0.0:36910], old=null RUNNING, sleep 450ms and then retry.
java.lang.IllegalStateException: No leader yet : printing ALL groups
  s0:  RUNNING CANDIDATE s0@group-3D81F66BC438:t228, leader=null, voted=s0, raftlog=s0@group-3D81F66BC438-SegmentedRaftLog:OPENED:c11,f12,i12, conf=11: [s0:0.0.0.0:42154, s1:0.0.0.0:36158, s2:0.0.0.0:36910], old=null RUNNING
  s1:  RUNNING CANDIDATE s1@group-3D81F66BC438:t229, leader=null, voted=s1, raftlog=s1@group-3D81F66BC438-SegmentedRaftLog:OPENED:c10,f11,i11, conf=11: [s0:0.0.0.0:42154, s1:0.0.0.0:36158, s2:0.0.0.0:36910], old=null RUNNING
  s2:  RUNNING CANDIDATE s2@group-3D81F66BC438:t227, leader=null, voted=s2, raftlog=s2@group-3D81F66BC438-SegmentedRaftLog:OPENED:c10,f10,i10, conf=9: [s0:0.0.0.0:42154, s1:0.0.0.0:36158, s2:0.0.0.0:36910], old=null RUNNING
	at org.apache.ratis.MiniRaftCluster.newIllegalStateExceptionForNoLeaders(MiniRaftCluster.java:506)
	at org.apache.ratis.RaftTestUtil.lambda$waitForLeader$1(RaftTestUtil.java:90)
	at org.apache.ratis.MiniRaftCluster.getLeader(MiniRaftCluster.java:539)
	at org.apache.ratis.MiniRaftCluster.getLeader(MiniRaftCluster.java:532)
	at org.apache.ratis.RaftTestUtil.lambda$waitForLeader$3(RaftTestUtil.java:98)
	at org.apache.ratis.util.JavaUtils.attempt(JavaUtils.java:152)
	at org.apache.ratis.RaftTestUtil.waitForLeader(RaftTestUtil.java:97)
	at org.apache.ratis.RaftTestUtil.waitForLeader(RaftTestUtil.java:77)
	at org.apache.ratis.RaftTestUtil.waitForLeader(RaftTestUtil.java:72)
	at org.apache.ratis.RaftTestUtil.lambda$changeLeader$7(RaftTestUtil.java:363)
	at org.apache.ratis.util.JavaUtils.attempt(JavaUtils.java:152)
	at org.apache.ratis.RaftTestUtil.changeLeader(RaftTestUtil.java:362)
	at org.apache.ratis.server.impl.LeaderElectionTests.testChangeLeader(LeaderElectionTests.java:81)
	at sun.reflect.NativeMethodAccessorImpl.invoke0(Native Method)
	at sun.reflect.NativeMethodAccessorImpl.invoke(NativeMethodAccessorImpl.java:62)
	at sun.reflect.DelegatingMethodAccessorImpl.invoke(DelegatingMethodAccessorImpl.java:43)
	at java.lang.reflect.Method.invoke(Method.java:498)
	at org.junit.runners.model.FrameworkMethod$1.runReflectiveCall(FrameworkMethod.java:50)
	at org.junit.internal.runners.model.ReflectiveCallable.run(ReflectiveCallable.java:12)
	at org.junit.runners.model.FrameworkMethod.invokeExplosively(FrameworkMethod.java:47)
	at org.junit.internal.runners.statements.InvokeMethod.evaluate(InvokeMethod.java:17)
	at org.junit.internal.runners.statements.RunAfters.evaluate(RunAfters.java:27)
	at org.junit.internal.runners.statements.FailOnTimeout$CallableStatement.call(FailOnTimeout.java:298)
	at org.junit.internal.runners.statements.FailOnTimeout$CallableStatement.call(FailOnTimeout.java:292)
	at java.util.concurrent.FutureTask.run(FutureTask.java:266)
	at java.lang.Thread.run(Thread.java:748)
2019-09-24 12:00:22,096 INFO  impl.LeaderElection (LeaderElection.java:logAndReturn(56)) - s0@group-3D81F66BC438-LeaderElection102: Election TIMEOUT; received 0 response(s) [] and 0 exception(s); s0@group-3D81F66BC438:t228, leader=null, voted=s0, raftlog=s0@group-3D81F66BC438-SegmentedRaftLog:OPENED:c11,f12,i12, conf=11: [s0:0.0.0.0:42154, s1:0.0.0.0:36158, s2:0.0.0.0:36910], old=null
2019-09-24 12:00:22,101 INFO  impl.LeaderElection (LeaderElection.java:askForVotes(178)) - s0@group-3D81F66BC438-LeaderElection102: begin an election at term 229 for 11: [s0:0.0.0.0:42154, s1:0.0.0.0:36158, s2:0.0.0.0:36910], old=null
2019-09-24 12:00:22,101 INFO  impl.LeaderElection (LeaderElection.java:askForVotes(178)) - s1@group-3D81F66BC438-LeaderElection104: begin an election at term 229 for 11: [s0:0.0.0.0:42154, s1:0.0.0.0:36158, s2:0.0.0.0:36910], old=null
2019-09-24 12:00:22,102 DEBUG impl.RaftServerImpl (RaftServerImpl.java:requestVote(743)) - s0@group-3D81F66BC438: receive requestVote(s1, group-3D81F66BC438, 229, (t:14, i:11))
2019-09-24 12:00:22,102 DEBUG impl.RaftServerImpl (RaftServerImpl.java:requestVote(775)) - s0@group-3D81F66BC438 replies to vote request: s1<-s0#0:FAIL-t229. Peer's state: s0@group-3D81F66BC438:t229, leader=null, voted=s0, raftlog=s0@group-3D81F66BC438-SegmentedRaftLog:OPENED:c11,f12,i12, conf=11: [s0:0.0.0.0:42154, s1:0.0.0.0:36158, s2:0.0.0.0:36910], old=null
2019-09-24 12:00:22,129 INFO  impl.LeaderElection (LeaderElection.java:logAndReturn(56)) - s2@group-3D81F66BC438-LeaderElection103: Election TIMEOUT; received 1 response(s) [s2<-s0#0:FAIL-t227] and 0 exception(s); s2@group-3D81F66BC438:t227, leader=null, voted=s2, raftlog=s2@group-3D81F66BC438-SegmentedRaftLog:OPENED:c10,f10,i10, conf=9: [s0:0.0.0.0:42154, s1:0.0.0.0:36158, s2:0.0.0.0:36910], old=null
2019-09-24 12:00:22,156 INFO  impl.LeaderElection (LeaderElection.java:askForVotes(178)) - s2@group-3D81F66BC438-LeaderElection103: begin an election at term 228 for 9: [s0:0.0.0.0:42154, s1:0.0.0.0:36158, s2:0.0.0.0:36910], old=null
2019-09-24 12:00:22,157 DEBUG impl.RaftServerImpl (RaftServerImpl.java:requestVote(743)) - s0@group-3D81F66BC438: receive requestVote(s2, group-3D81F66BC438, 228, (t:13, i:10))
2019-09-24 12:00:22,157 DEBUG impl.RaftServerImpl (RaftServerImpl.java:requestVote(775)) - s0@group-3D81F66BC438 replies to vote request: s2<-s0#0:FAIL-t229. Peer's state: s0@group-3D81F66BC438:t229, leader=null, voted=s0, raftlog=s0@group-3D81F66BC438-SegmentedRaftLog:OPENED:c11,f12,i12, conf=11: [s0:0.0.0.0:42154, s1:0.0.0.0:36158, s2:0.0.0.0:36910], old=null
2019-09-24 12:00:22,157 INFO  impl.LeaderElection (LeaderElection.java:logAndReturn(56)) - s2@group-3D81F66BC438-LeaderElection103: Election DISCOVERED_A_NEW_TERM; received 1 response(s) [s2<-s0#0:FAIL-t229] and 0 exception(s); s2@group-3D81F66BC438:t228, leader=null, voted=s2, raftlog=s2@group-3D81F66BC438-SegmentedRaftLog:OPENED:c10,f10,i10, conf=9: [s0:0.0.0.0:42154, s1:0.0.0.0:36158, s2:0.0.0.0:36910], old=null
2019-09-24 12:00:22,157 INFO  impl.RaftServerImpl (RaftServerImpl.java:setRole(170)) - s2@group-3D81F66BC438: changes role from CANDIDATE to FOLLOWER at term 229 for DISCOVERED_A_NEW_TERM
2019-09-24 12:00:22,158 INFO  impl.RoleInfo (RoleInfo.java:shutdownLeaderElection(134)) - s2: shutdown LeaderElection
2019-09-24 12:00:22,158 INFO  impl.RoleInfo (RoleInfo.java:updateAndGet(143)) - s2: start FollowerState
2019-09-24 12:00:22,253 INFO  impl.LeaderElection (LeaderElection.java:logAndReturn(56)) - s1@group-3D81F66BC438-LeaderElection104: Election TIMEOUT; received 1 response(s) [s1<-s0#0:FAIL-t229] and 0 exception(s); s1@group-3D81F66BC438:t229, leader=null, voted=s1, raftlog=s1@group-3D81F66BC438-SegmentedRaftLog:OPENED:c10,f11,i11, conf=11: [s0:0.0.0.0:42154, s1:0.0.0.0:36158, s2:0.0.0.0:36910], old=null
2019-09-24 12:00:22,266 INFO  impl.LeaderElection (LeaderElection.java:askForVotes(178)) - s1@group-3D81F66BC438-LeaderElection104: begin an election at term 230 for 11: [s0:0.0.0.0:42154, s1:0.0.0.0:36158, s2:0.0.0.0:36910], old=null
2019-09-24 12:00:22,267 DEBUG impl.RaftServerImpl (RaftServerImpl.java:requestVote(743)) - s0@group-3D81F66BC438: receive requestVote(s1, group-3D81F66BC438, 230, (t:14, i:11))
2019-09-24 12:00:22,267 INFO  impl.RaftServerImpl (RaftServerImpl.java:setRole(170)) - s0@group-3D81F66BC438: changes role from CANDIDATE to FOLLOWER at term 230 for recognizeCandidate:s1
2019-09-24 12:00:22,267 INFO  impl.RoleInfo (RoleInfo.java:shutdownLeaderElection(134)) - s0: shutdown LeaderElection
2019-09-24 12:00:22,267 INFO  impl.RoleInfo (RoleInfo.java:updateAndGet(143)) - s0: start FollowerState
2019-09-24 12:00:22,280 DEBUG impl.RaftServerImpl (RaftServerImpl.java:requestVote(775)) - s0@group-3D81F66BC438 replies to vote request: s1<-s0#0:FAIL-t230. Peer's state: s0@group-3D81F66BC438:t230, leader=null, voted=null, raftlog=s0@group-3D81F66BC438-SegmentedRaftLog:OPENED:c11,f12,i12, conf=11: [s0:0.0.0.0:42154, s1:0.0.0.0:36158, s2:0.0.0.0:36910], old=null
2019-09-24 12:00:22,390 INFO  impl.LeaderElection (LeaderElection.java:logAndReturn(56)) - s0@group-3D81F66BC438-LeaderElection102: Election REJECTED; received 0 response(s) [] and 0 exception(s); s0@group-3D81F66BC438:t230, leader=null, voted=null, raftlog=s0@group-3D81F66BC438-SegmentedRaftLog:OPENED:c11,f12,i12, conf=11: [s0:0.0.0.0:42154, s1:0.0.0.0:36158, s2:0.0.0.0:36910], old=null
2019-09-24 12:00:22,415 INFO  impl.FollowerState (FollowerState.java:run(108)) - s2@group-3D81F66BC438-FollowerState: change to CANDIDATE, lastRpcTime:257ms, electionTimeout:257ms
2019-09-24 12:00:22,416 INFO  impl.RoleInfo (RoleInfo.java:shutdownFollowerState(121)) - s2: shutdown FollowerState
2019-09-24 12:00:22,416 INFO  impl.RaftServerImpl (RaftServerImpl.java:setRole(170)) - s2@group-3D81F66BC438: changes role from  FOLLOWER to CANDIDATE at term 229 for changeToCandidate
2019-09-24 12:00:22,416 INFO  impl.RoleInfo (RoleInfo.java:updateAndGet(143)) - s2: start LeaderElection
2019-09-24 12:00:22,442 INFO  impl.LeaderElection (LeaderElection.java:askForVotes(178)) - s2@group-3D81F66BC438-LeaderElection105: begin an election at term 230 for 9: [s0:0.0.0.0:42154, s1:0.0.0.0:36158, s2:0.0.0.0:36910], old=null
2019-09-24 12:00:22,443 DEBUG impl.RaftServerImpl (RaftServerImpl.java:requestVote(743)) - s0@group-3D81F66BC438: receive requestVote(s2, group-3D81F66BC438, 230, (t:13, i:10))
2019-09-24 12:00:22,443 INFO  impl.RaftServerImpl (RaftServerImpl.java:setRole(170)) - s0@group-3D81F66BC438: changes role from  FOLLOWER to FOLLOWER at term 230 for recognizeCandidate:s2
2019-09-24 12:00:22,443 INFO  impl.RoleInfo (RoleInfo.java:shutdownFollowerState(121)) - s0: shutdown FollowerState
2019-09-24 12:00:22,443 INFO  impl.RoleInfo (RoleInfo.java:updateAndGet(143)) - s0: start FollowerState
2019-09-24 12:00:22,443 INFO  impl.FollowerState (FollowerState.java:run(117)) - s0@group-3D81F66BC438-FollowerState was interrupted: java.lang.InterruptedException: sleep interrupted
2019-09-24 12:00:22,444 DEBUG impl.RaftServerImpl (RaftServerImpl.java:requestVote(775)) - s0@group-3D81F66BC438 replies to vote request: s2<-s0#0:FAIL-t230. Peer's state: s0@group-3D81F66BC438:t230, leader=null, voted=null, raftlog=s0@group-3D81F66BC438-SegmentedRaftLog:OPENED:c11,f12,i12, conf=11: [s0:0.0.0.0:42154, s1:0.0.0.0:36158, s2:0.0.0.0:36910], old=null
2019-09-24 12:00:22,482 INFO  impl.LeaderElection (LeaderElection.java:logAndReturn(56)) - s1@group-3D81F66BC438-LeaderElection104: Election TIMEOUT; received 1 response(s) [s1<-s0#0:FAIL-t230] and 0 exception(s); s1@group-3D81F66BC438:t230, leader=null, voted=s1, raftlog=s1@group-3D81F66BC438-SegmentedRaftLog:OPENED:c10,f11,i11, conf=11: [s0:0.0.0.0:42154, s1:0.0.0.0:36158, s2:0.0.0.0:36910], old=null
2019-09-24 12:00:22,497 INFO  impl.LeaderElection (LeaderElection.java:askForVotes(178)) - s1@group-3D81F66BC438-LeaderElection104: begin an election at term 231 for 11: [s0:0.0.0.0:42154, s1:0.0.0.0:36158, s2:0.0.0.0:36910], old=null
2019-09-24 12:00:22,497 DEBUG impl.RaftServerImpl (RaftServerImpl.java:requestVote(743)) - s0@group-3D81F66BC438: receive requestVote(s1, group-3D81F66BC438, 231, (t:14, i:11))
2019-09-24 12:00:22,497 INFO  impl.RaftServerImpl (RaftServerImpl.java:setRole(170)) - s0@group-3D81F66BC438: changes role from  FOLLOWER to FOLLOWER at term 231 for recognizeCandidate:s1
2019-09-24 12:00:22,498 INFO  impl.RoleInfo (RoleInfo.java:shutdownFollowerState(121)) - s0: shutdown FollowerState
2019-09-24 12:00:22,498 INFO  impl.RoleInfo (RoleInfo.java:updateAndGet(143)) - s0: start FollowerState
2019-09-24 12:00:22,498 INFO  impl.FollowerState (FollowerState.java:run(117)) - s0@group-3D81F66BC438-FollowerState was interrupted: java.lang.InterruptedException: sleep interrupted
2019-09-24 12:00:22,511 DEBUG impl.RaftServerImpl (RaftServerImpl.java:requestVote(775)) - s0@group-3D81F66BC438 replies to vote request: s1<-s0#0:FAIL-t231. Peer's state: s0@group-3D81F66BC438:t231, leader=null, voted=null, raftlog=s0@group-3D81F66BC438-SegmentedRaftLog:OPENED:c11,f12,i12, conf=11: [s0:0.0.0.0:42154, s1:0.0.0.0:36158, s2:0.0.0.0:36910], old=null
2019-09-24 12:00:22,543 WARN  ratis.RaftTestUtil (JavaUtils.java:attempt(158)) - FAILED "waitForLeader-null-(expectLeader? true)", attempt #14/100: java.lang.IllegalStateException: No leader yet : printing ALL groups
  s0:  RUNNING  FOLLOWER s0@group-3D81F66BC438:t231, leader=null, voted=null, raftlog=s0@group-3D81F66BC438-SegmentedRaftLog:OPENED:c11,f12,i12, conf=11: [s0:0.0.0.0:42154, s1:0.0.0.0:36158, s2:0.0.0.0:36910], old=null RUNNING
  s1:  RUNNING CANDIDATE s1@group-3D81F66BC438:t231, leader=null, voted=s1, raftlog=s1@group-3D81F66BC438-SegmentedRaftLog:OPENED:c10,f11,i11, conf=11: [s0:0.0.0.0:42154, s1:0.0.0.0:36158, s2:0.0.0.0:36910], old=null RUNNING
  s2:  RUNNING CANDIDATE s2@group-3D81F66BC438:t230, leader=null, voted=s2, raftlog=s2@group-3D81F66BC438-SegmentedRaftLog:OPENED:c10,f10,i10, conf=9: [s0:0.0.0.0:42154, s1:0.0.0.0:36158, s2:0.0.0.0:36910], old=null RUNNING, sleep 450ms and then retry.
java.lang.IllegalStateException: No leader yet : printing ALL groups
  s0:  RUNNING  FOLLOWER s0@group-3D81F66BC438:t231, leader=null, voted=null, raftlog=s0@group-3D81F66BC438-SegmentedRaftLog:OPENED:c11,f12,i12, conf=11: [s0:0.0.0.0:42154, s1:0.0.0.0:36158, s2:0.0.0.0:36910], old=null RUNNING
  s1:  RUNNING CANDIDATE s1@group-3D81F66BC438:t231, leader=null, voted=s1, raftlog=s1@group-3D81F66BC438-SegmentedRaftLog:OPENED:c10,f11,i11, conf=11: [s0:0.0.0.0:42154, s1:0.0.0.0:36158, s2:0.0.0.0:36910], old=null RUNNING
  s2:  RUNNING CANDIDATE s2@group-3D81F66BC438:t230, leader=null, voted=s2, raftlog=s2@group-3D81F66BC438-SegmentedRaftLog:OPENED:c10,f10,i10, conf=9: [s0:0.0.0.0:42154, s1:0.0.0.0:36158, s2:0.0.0.0:36910], old=null RUNNING
	at org.apache.ratis.MiniRaftCluster.newIllegalStateExceptionForNoLeaders(MiniRaftCluster.java:506)
	at org.apache.ratis.RaftTestUtil.lambda$waitForLeader$1(RaftTestUtil.java:90)
	at org.apache.ratis.MiniRaftCluster.getLeader(MiniRaftCluster.java:539)
	at org.apache.ratis.MiniRaftCluster.getLeader(MiniRaftCluster.java:532)
	at org.apache.ratis.RaftTestUtil.lambda$waitForLeader$3(RaftTestUtil.java:98)
	at org.apache.ratis.util.JavaUtils.attempt(JavaUtils.java:152)
	at org.apache.ratis.RaftTestUtil.waitForLeader(RaftTestUtil.java:97)
	at org.apache.ratis.RaftTestUtil.waitForLeader(RaftTestUtil.java:77)
	at org.apache.ratis.RaftTestUtil.waitForLeader(RaftTestUtil.java:72)
	at org.apache.ratis.RaftTestUtil.lambda$changeLeader$7(RaftTestUtil.java:363)
	at org.apache.ratis.util.JavaUtils.attempt(JavaUtils.java:152)
	at org.apache.ratis.RaftTestUtil.changeLeader(RaftTestUtil.java:362)
	at org.apache.ratis.server.impl.LeaderElectionTests.testChangeLeader(LeaderElectionTests.java:81)
	at sun.reflect.NativeMethodAccessorImpl.invoke0(Native Method)
	at sun.reflect.NativeMethodAccessorImpl.invoke(NativeMethodAccessorImpl.java:62)
	at sun.reflect.DelegatingMethodAccessorImpl.invoke(DelegatingMethodAccessorImpl.java:43)
	at java.lang.reflect.Method.invoke(Method.java:498)
	at org.junit.runners.model.FrameworkMethod$1.runReflectiveCall(FrameworkMethod.java:50)
	at org.junit.internal.runners.model.ReflectiveCallable.run(ReflectiveCallable.java:12)
	at org.junit.runners.model.FrameworkMethod.invokeExplosively(FrameworkMethod.java:47)
	at org.junit.internal.runners.statements.InvokeMethod.evaluate(InvokeMethod.java:17)
	at org.junit.internal.runners.statements.RunAfters.evaluate(RunAfters.java:27)
	at org.junit.internal.runners.statements.FailOnTimeout$CallableStatement.call(FailOnTimeout.java:298)
	at org.junit.internal.runners.statements.FailOnTimeout$CallableStatement.call(FailOnTimeout.java:292)
	at java.util.concurrent.FutureTask.run(FutureTask.java:266)
	at java.lang.Thread.run(Thread.java:748)
2019-09-24 12:00:22,712 INFO  impl.LeaderElection (LeaderElection.java:logAndReturn(56)) - s1@group-3D81F66BC438-LeaderElection104: Election TIMEOUT; received 1 response(s) [s1<-s0#0:FAIL-t231] and 0 exception(s); s1@group-3D81F66BC438:t231, leader=null, voted=s1, raftlog=s1@group-3D81F66BC438-SegmentedRaftLog:OPENED:c10,f11,i11, conf=11: [s0:0.0.0.0:42154, s1:0.0.0.0:36158, s2:0.0.0.0:36910], old=null
2019-09-24 12:00:22,719 INFO  impl.LeaderElection (LeaderElection.java:logAndReturn(56)) - s2@group-3D81F66BC438-LeaderElection105: Election TIMEOUT; received 1 response(s) [s2<-s0#0:FAIL-t230] and 0 exception(s); s2@group-3D81F66BC438:t230, leader=null, voted=s2, raftlog=s2@group-3D81F66BC438-SegmentedRaftLog:OPENED:c10,f10,i10, conf=9: [s0:0.0.0.0:42154, s1:0.0.0.0:36158, s2:0.0.0.0:36910], old=null
2019-09-24 12:00:22,726 INFO  impl.LeaderElection (LeaderElection.java:askForVotes(178)) - s2@group-3D81F66BC438-LeaderElection105: begin an election at term 231 for 9: [s0:0.0.0.0:42154, s1:0.0.0.0:36158, s2:0.0.0.0:36910], old=null
2019-09-24 12:00:22,726 INFO  impl.LeaderElection (LeaderElection.java:askForVotes(178)) - s1@group-3D81F66BC438-LeaderElection104: begin an election at term 232 for 11: [s0:0.0.0.0:42154, s1:0.0.0.0:36158, s2:0.0.0.0:36910], old=null
2019-09-24 12:00:22,727 DEBUG impl.RaftServerImpl (RaftServerImpl.java:requestVote(743)) - s0@group-3D81F66BC438: receive requestVote(s2, group-3D81F66BC438, 231, (t:13, i:10))
2019-09-24 12:00:22,727 INFO  impl.RaftServerImpl (RaftServerImpl.java:setRole(170)) - s0@group-3D81F66BC438: changes role from  FOLLOWER to FOLLOWER at term 231 for recognizeCandidate:s2
2019-09-24 12:00:22,727 INFO  impl.RoleInfo (RoleInfo.java:shutdownFollowerState(121)) - s0: shutdown FollowerState
2019-09-24 12:00:22,727 DEBUG impl.RaftServerImpl (RaftServerImpl.java:requestVote(743)) - s0@group-3D81F66BC438: receive requestVote(s1, group-3D81F66BC438, 232, (t:14, i:11))
2019-09-24 12:00:22,727 INFO  impl.FollowerState (FollowerState.java:run(117)) - s0@group-3D81F66BC438-FollowerState was interrupted: java.lang.InterruptedException: sleep interrupted
2019-09-24 12:00:22,727 INFO  impl.RoleInfo (RoleInfo.java:updateAndGet(143)) - s0: start FollowerState
2019-09-24 12:00:22,728 DEBUG impl.RaftServerImpl (RaftServerImpl.java:requestVote(775)) - s0@group-3D81F66BC438 replies to vote request: s2<-s0#0:FAIL-t231. Peer's state: s0@group-3D81F66BC438:t231, leader=null, voted=null, raftlog=s0@group-3D81F66BC438-SegmentedRaftLog:OPENED:c11,f12,i12, conf=11: [s0:0.0.0.0:42154, s1:0.0.0.0:36158, s2:0.0.0.0:36910], old=null
2019-09-24 12:00:22,728 INFO  impl.RaftServerImpl (RaftServerImpl.java:setRole(170)) - s0@group-3D81F66BC438: changes role from  FOLLOWER to FOLLOWER at term 232 for recognizeCandidate:s1
2019-09-24 12:00:22,728 INFO  impl.RoleInfo (RoleInfo.java:shutdownFollowerState(121)) - s0: shutdown FollowerState
2019-09-24 12:00:22,728 INFO  impl.RoleInfo (RoleInfo.java:updateAndGet(143)) - s0: start FollowerState
2019-09-24 12:00:22,728 INFO  impl.FollowerState (FollowerState.java:run(117)) - s0@group-3D81F66BC438-FollowerState was interrupted: java.lang.InterruptedException: sleep interrupted
2019-09-24 12:00:22,742 DEBUG impl.RaftServerImpl (RaftServerImpl.java:requestVote(775)) - s0@group-3D81F66BC438 replies to vote request: s1<-s0#0:FAIL-t232. Peer's state: s0@group-3D81F66BC438:t232, leader=null, voted=null, raftlog=s0@group-3D81F66BC438-SegmentedRaftLog:OPENED:c11,f12,i12, conf=11: [s0:0.0.0.0:42154, s1:0.0.0.0:36158, s2:0.0.0.0:36910], old=null
2019-09-24 12:00:22,976 INFO  impl.LeaderElection (LeaderElection.java:logAndReturn(56)) - s1@group-3D81F66BC438-LeaderElection104: Election TIMEOUT; received 1 response(s) [s1<-s0#0:FAIL-t232] and 0 exception(s); s1@group-3D81F66BC438:t232, leader=null, voted=s1, raftlog=s1@group-3D81F66BC438-SegmentedRaftLog:OPENED:c10,f11,i11, conf=11: [s0:0.0.0.0:42154, s1:0.0.0.0:36158, s2:0.0.0.0:36910], old=null
2019-09-24 12:00:22,989 INFO  impl.LeaderElection (LeaderElection.java:askForVotes(178)) - s1@group-3D81F66BC438-LeaderElection104: begin an election at term 233 for 11: [s0:0.0.0.0:42154, s1:0.0.0.0:36158, s2:0.0.0.0:36910], old=null
2019-09-24 12:00:22,990 DEBUG impl.RaftServerImpl (RaftServerImpl.java:requestVote(743)) - s0@group-3D81F66BC438: receive requestVote(s1, group-3D81F66BC438, 233, (t:14, i:11))
2019-09-24 12:00:22,990 INFO  impl.RaftServerImpl (RaftServerImpl.java:setRole(170)) - s0@group-3D81F66BC438: changes role from  FOLLOWER to FOLLOWER at term 233 for recognizeCandidate:s1
2019-09-24 12:00:22,990 INFO  impl.RoleInfo (RoleInfo.java:shutdownFollowerState(121)) - s0: shutdown FollowerState
2019-09-24 12:00:22,991 INFO  impl.RoleInfo (RoleInfo.java:updateAndGet(143)) - s0: start FollowerState
2019-09-24 12:00:22,991 INFO  impl.FollowerState (FollowerState.java:run(117)) - s0@group-3D81F66BC438-FollowerState was interrupted: java.lang.InterruptedException: sleep interrupted
2019-09-24 12:00:22,995 WARN  ratis.RaftTestUtil (JavaUtils.java:attempt(158)) - FAILED "waitForLeader-null-(expectLeader? true)", attempt #15/100: java.lang.IllegalStateException: No leader yet : printing ALL groups
  s0:  RUNNING  FOLLOWER s0@group-3D81F66BC438:t233, leader=null, voted=null, raftlog=s0@group-3D81F66BC438-SegmentedRaftLog:OPENED:c11,f12,i12, conf=11: [s0:0.0.0.0:42154, s1:0.0.0.0:36158, s2:0.0.0.0:36910], old=null RUNNING
  s1:  RUNNING CANDIDATE s1@group-3D81F66BC438:t233, leader=null, voted=s1, raftlog=s1@group-3D81F66BC438-SegmentedRaftLog:OPENED:c10,f11,i11, conf=11: [s0:0.0.0.0:42154, s1:0.0.0.0:36158, s2:0.0.0.0:36910], old=null RUNNING
  s2:  RUNNING CANDIDATE s2@group-3D81F66BC438:t231, leader=null, voted=s2, raftlog=s2@group-3D81F66BC438-SegmentedRaftLog:OPENED:c10,f10,i10, conf=9: [s0:0.0.0.0:42154, s1:0.0.0.0:36158, s2:0.0.0.0:36910], old=null RUNNING, sleep 450ms and then retry.
java.lang.IllegalStateException: No leader yet : printing ALL groups
  s0:  RUNNING  FOLLOWER s0@group-3D81F66BC438:t233, leader=null, voted=null, raftlog=s0@group-3D81F66BC438-SegmentedRaftLog:OPENED:c11,f12,i12, conf=11: [s0:0.0.0.0:42154, s1:0.0.0.0:36158, s2:0.0.0.0:36910], old=null RUNNING
  s1:  RUNNING CANDIDATE s1@group-3D81F66BC438:t233, leader=null, voted=s1, raftlog=s1@group-3D81F66BC438-SegmentedRaftLog:OPENED:c10,f11,i11, conf=11: [s0:0.0.0.0:42154, s1:0.0.0.0:36158, s2:0.0.0.0:36910], old=null RUNNING
  s2:  RUNNING CANDIDATE s2@group-3D81F66BC438:t231, leader=null, voted=s2, raftlog=s2@group-3D81F66BC438-SegmentedRaftLog:OPENED:c10,f10,i10, conf=9: [s0:0.0.0.0:42154, s1:0.0.0.0:36158, s2:0.0.0.0:36910], old=null RUNNING
	at org.apache.ratis.MiniRaftCluster.newIllegalStateExceptionForNoLeaders(MiniRaftCluster.java:506)
	at org.apache.ratis.RaftTestUtil.lambda$waitForLeader$1(RaftTestUtil.java:90)
	at org.apache.ratis.MiniRaftCluster.getLeader(MiniRaftCluster.java:539)
	at org.apache.ratis.MiniRaftCluster.getLeader(MiniRaftCluster.java:532)
	at org.apache.ratis.RaftTestUtil.lambda$waitForLeader$3(RaftTestUtil.java:98)
	at org.apache.ratis.util.JavaUtils.attempt(JavaUtils.java:152)
	at org.apache.ratis.RaftTestUtil.waitForLeader(RaftTestUtil.java:97)
	at org.apache.ratis.RaftTestUtil.waitForLeader(RaftTestUtil.java:77)
	at org.apache.ratis.RaftTestUtil.waitForLeader(RaftTestUtil.java:72)
	at org.apache.ratis.RaftTestUtil.lambda$changeLeader$7(RaftTestUtil.java:363)
	at org.apache.ratis.util.JavaUtils.attempt(JavaUtils.java:152)
	at org.apache.ratis.RaftTestUtil.changeLeader(RaftTestUtil.java:362)
	at org.apache.ratis.server.impl.LeaderElectionTests.testChangeLeader(LeaderElectionTests.java:81)
	at sun.reflect.NativeMethodAccessorImpl.invoke0(Native Method)
	at sun.reflect.NativeMethodAccessorImpl.invoke(NativeMethodAccessorImpl.java:62)
	at sun.reflect.DelegatingMethodAccessorImpl.invoke(DelegatingMethodAccessorImpl.java:43)
	at java.lang.reflect.Method.invoke(Method.java:498)
	at org.junit.runners.model.FrameworkMethod$1.runReflectiveCall(FrameworkMethod.java:50)
	at org.junit.internal.runners.model.ReflectiveCallable.run(ReflectiveCallable.java:12)
	at org.junit.runners.model.FrameworkMethod.invokeExplosively(FrameworkMethod.java:47)
	at org.junit.internal.runners.statements.InvokeMethod.evaluate(InvokeMethod.java:17)
	at org.junit.internal.runners.statements.RunAfters.evaluate(RunAfters.java:27)
	at org.junit.internal.runners.statements.FailOnTimeout$CallableStatement.call(FailOnTimeout.java:298)
	at org.junit.internal.runners.statements.FailOnTimeout$CallableStatement.call(FailOnTimeout.java:292)
	at java.util.concurrent.FutureTask.run(FutureTask.java:266)
	at java.lang.Thread.run(Thread.java:748)
2019-09-24 12:00:23,016 DEBUG impl.RaftServerImpl (RaftServerImpl.java:requestVote(775)) - s0@group-3D81F66BC438 replies to vote request: s1<-s0#0:FAIL-t233. Peer's state: s0@group-3D81F66BC438:t233, leader=null, voted=null, raftlog=s0@group-3D81F66BC438-SegmentedRaftLog:OPENED:c11,f12,i12, conf=11: [s0:0.0.0.0:42154, s1:0.0.0.0:36158, s2:0.0.0.0:36910], old=null
2019-09-24 12:00:23,024 INFO  impl.LeaderElection (LeaderElection.java:logAndReturn(56)) - s2@group-3D81F66BC438-LeaderElection105: Election TIMEOUT; received 1 response(s) [s2<-s0#0:FAIL-t231] and 0 exception(s); s2@group-3D81F66BC438:t231, leader=null, voted=s2, raftlog=s2@group-3D81F66BC438-SegmentedRaftLog:OPENED:c10,f10,i10, conf=9: [s0:0.0.0.0:42154, s1:0.0.0.0:36158, s2:0.0.0.0:36910], old=null
2019-09-24 12:00:23,037 INFO  impl.LeaderElection (LeaderElection.java:askForVotes(178)) - s2@group-3D81F66BC438-LeaderElection105: begin an election at term 232 for 9: [s0:0.0.0.0:42154, s1:0.0.0.0:36158, s2:0.0.0.0:36910], old=null
2019-09-24 12:00:23,037 DEBUG impl.RaftServerImpl (RaftServerImpl.java:requestVote(743)) - s0@group-3D81F66BC438: receive requestVote(s2, group-3D81F66BC438, 232, (t:13, i:10))
2019-09-24 12:00:23,038 DEBUG impl.RaftServerImpl (RaftServerImpl.java:requestVote(775)) - s0@group-3D81F66BC438 replies to vote request: s2<-s0#0:FAIL-t233. Peer's state: s0@group-3D81F66BC438:t233, leader=null, voted=null, raftlog=s0@group-3D81F66BC438-SegmentedRaftLog:OPENED:c11,f12,i12, conf=11: [s0:0.0.0.0:42154, s1:0.0.0.0:36158, s2:0.0.0.0:36910], old=null
2019-09-24 12:00:23,038 INFO  impl.LeaderElection (LeaderElection.java:logAndReturn(56)) - s2@group-3D81F66BC438-LeaderElection105: Election DISCOVERED_A_NEW_TERM; received 1 response(s) [s2<-s0#0:FAIL-t233] and 0 exception(s); s2@group-3D81F66BC438:t232, leader=null, voted=s2, raftlog=s2@group-3D81F66BC438-SegmentedRaftLog:OPENED:c10,f10,i10, conf=9: [s0:0.0.0.0:42154, s1:0.0.0.0:36158, s2:0.0.0.0:36910], old=null
2019-09-24 12:00:23,038 INFO  impl.RaftServerImpl (RaftServerImpl.java:setRole(170)) - s2@group-3D81F66BC438: changes role from CANDIDATE to FOLLOWER at term 233 for DISCOVERED_A_NEW_TERM
2019-09-24 12:00:23,038 INFO  impl.RoleInfo (RoleInfo.java:shutdownLeaderElection(134)) - s2: shutdown LeaderElection
2019-09-24 12:00:23,038 INFO  impl.RoleInfo (RoleInfo.java:updateAndGet(143)) - s2: start FollowerState
2019-09-24 12:00:23,196 INFO  impl.FollowerState (FollowerState.java:run(108)) - s2@group-3D81F66BC438-FollowerState: change to CANDIDATE, lastRpcTime:157ms, electionTimeout:157ms
2019-09-24 12:00:23,196 INFO  impl.RoleInfo (RoleInfo.java:shutdownFollowerState(121)) - s2: shutdown FollowerState
2019-09-24 12:00:23,196 INFO  impl.RaftServerImpl (RaftServerImpl.java:setRole(170)) - s2@group-3D81F66BC438: changes role from  FOLLOWER to CANDIDATE at term 233 for changeToCandidate
2019-09-24 12:00:23,196 INFO  impl.RoleInfo (RoleInfo.java:updateAndGet(143)) - s2: start LeaderElection
2019-09-24 12:00:23,210 INFO  impl.LeaderElection (LeaderElection.java:askForVotes(178)) - s2@group-3D81F66BC438-LeaderElection106: begin an election at term 234 for 9: [s0:0.0.0.0:42154, s1:0.0.0.0:36158, s2:0.0.0.0:36910], old=null
2019-09-24 12:00:23,211 DEBUG impl.RaftServerImpl (RaftServerImpl.java:requestVote(743)) - s0@group-3D81F66BC438: receive requestVote(s2, group-3D81F66BC438, 234, (t:13, i:10))
2019-09-24 12:00:23,211 INFO  impl.RaftServerImpl (RaftServerImpl.java:setRole(170)) - s0@group-3D81F66BC438: changes role from  FOLLOWER to FOLLOWER at term 234 for recognizeCandidate:s2
2019-09-24 12:00:23,211 INFO  impl.RoleInfo (RoleInfo.java:shutdownFollowerState(121)) - s0: shutdown FollowerState
2019-09-24 12:00:23,211 INFO  impl.RoleInfo (RoleInfo.java:updateAndGet(143)) - s0: start FollowerState
2019-09-24 12:00:23,211 INFO  impl.FollowerState (FollowerState.java:run(117)) - s0@group-3D81F66BC438-FollowerState was interrupted: java.lang.InterruptedException: sleep interrupted
2019-09-24 12:00:23,233 INFO  impl.LeaderElection (LeaderElection.java:logAndReturn(56)) - s1@group-3D81F66BC438-LeaderElection104: Election TIMEOUT; received 1 response(s) [s1<-s0#0:FAIL-t233] and 0 exception(s); s1@group-3D81F66BC438:t233, leader=null, voted=s1, raftlog=s1@group-3D81F66BC438-SegmentedRaftLog:OPENED:c10,f11,i11, conf=11: [s0:0.0.0.0:42154, s1:0.0.0.0:36158, s2:0.0.0.0:36910], old=null
2019-09-24 12:00:23,241 DEBUG impl.RaftServerImpl (RaftServerImpl.java:requestVote(775)) - s0@group-3D81F66BC438 replies to vote request: s2<-s0#0:FAIL-t234. Peer's state: s0@group-3D81F66BC438:t234, leader=null, voted=null, raftlog=s0@group-3D81F66BC438-SegmentedRaftLog:OPENED:c11,f12,i12, conf=11: [s0:0.0.0.0:42154, s1:0.0.0.0:36158, s2:0.0.0.0:36910], old=null
2019-09-24 12:00:23,252 INFO  impl.LeaderElection (LeaderElection.java:askForVotes(178)) - s1@group-3D81F66BC438-LeaderElection104: begin an election at term 234 for 11: [s0:0.0.0.0:42154, s1:0.0.0.0:36158, s2:0.0.0.0:36910], old=null
2019-09-24 12:00:23,253 DEBUG impl.RaftServerImpl (RaftServerImpl.java:requestVote(743)) - s0@group-3D81F66BC438: receive requestVote(s1, group-3D81F66BC438, 234, (t:14, i:11))
2019-09-24 12:00:23,253 INFO  impl.RaftServerImpl (RaftServerImpl.java:setRole(170)) - s0@group-3D81F66BC438: changes role from  FOLLOWER to FOLLOWER at term 234 for recognizeCandidate:s1
2019-09-24 12:00:23,253 INFO  impl.RoleInfo (RoleInfo.java:shutdownFollowerState(121)) - s0: shutdown FollowerState
2019-09-24 12:00:23,253 INFO  impl.RoleInfo (RoleInfo.java:updateAndGet(143)) - s0: start FollowerState
2019-09-24 12:00:23,253 INFO  impl.FollowerState (FollowerState.java:run(117)) - s0@group-3D81F66BC438-FollowerState was interrupted: java.lang.InterruptedException: sleep interrupted
2019-09-24 12:00:23,254 DEBUG impl.RaftServerImpl (RaftServerImpl.java:requestVote(775)) - s0@group-3D81F66BC438 replies to vote request: s1<-s0#0:FAIL-t234. Peer's state: s0@group-3D81F66BC438:t234, leader=null, voted=null, raftlog=s0@group-3D81F66BC438-SegmentedRaftLog:OPENED:c11,f12,i12, conf=11: [s0:0.0.0.0:42154, s1:0.0.0.0:36158, s2:0.0.0.0:36910], old=null
2019-09-24 12:00:23,395 INFO  impl.LeaderElection (LeaderElection.java:logAndReturn(56)) - s2@group-3D81F66BC438-LeaderElection106: Election TIMEOUT; received 1 response(s) [s2<-s0#0:FAIL-t234] and 0 exception(s); s2@group-3D81F66BC438:t234, leader=null, voted=s2, raftlog=s2@group-3D81F66BC438-SegmentedRaftLog:OPENED:c10,f10,i10, conf=9: [s0:0.0.0.0:42154, s1:0.0.0.0:36158, s2:0.0.0.0:36910], old=null
2019-09-24 12:00:23,421 INFO  impl.LeaderElection (LeaderElection.java:askForVotes(178)) - s2@group-3D81F66BC438-LeaderElection106: begin an election at term 235 for 9: [s0:0.0.0.0:42154, s1:0.0.0.0:36158, s2:0.0.0.0:36910], old=null
2019-09-24 12:00:23,421 INFO  impl.LeaderElection (LeaderElection.java:logAndReturn(56)) - s1@group-3D81F66BC438-LeaderElection104: Election TIMEOUT; received 1 response(s) [s1<-s0#0:FAIL-t234] and 0 exception(s); s1@group-3D81F66BC438:t234, leader=null, voted=s1, raftlog=s1@group-3D81F66BC438-SegmentedRaftLog:OPENED:c10,f11,i11, conf=11: [s0:0.0.0.0:42154, s1:0.0.0.0:36158, s2:0.0.0.0:36910], old=null
2019-09-24 12:00:23,421 DEBUG impl.RaftServerImpl (RaftServerImpl.java:requestVote(743)) - s0@group-3D81F66BC438: receive requestVote(s2, group-3D81F66BC438, 235, (t:13, i:10))
2019-09-24 12:00:23,422 INFO  impl.RaftServerImpl (RaftServerImpl.java:setRole(170)) - s0@group-3D81F66BC438: changes role from  FOLLOWER to FOLLOWER at term 235 for recognizeCandidate:s2
2019-09-24 12:00:23,422 INFO  impl.RoleInfo (RoleInfo.java:shutdownFollowerState(121)) - s0: shutdown FollowerState
2019-09-24 12:00:23,422 INFO  impl.RoleInfo (RoleInfo.java:updateAndGet(143)) - s0: start FollowerState
2019-09-24 12:00:23,422 INFO  impl.FollowerState (FollowerState.java:run(117)) - s0@group-3D81F66BC438-FollowerState was interrupted: java.lang.InterruptedException: sleep interrupted
2019-09-24 12:00:23,435 INFO  impl.LeaderElection (LeaderElection.java:askForVotes(178)) - s1@group-3D81F66BC438-LeaderElection104: begin an election at term 235 for 11: [s0:0.0.0.0:42154, s1:0.0.0.0:36158, s2:0.0.0.0:36910], old=null
2019-09-24 12:00:23,435 DEBUG impl.RaftServerImpl (RaftServerImpl.java:requestVote(775)) - s0@group-3D81F66BC438 replies to vote request: s2<-s0#0:FAIL-t235. Peer's state: s0@group-3D81F66BC438:t235, leader=null, voted=null, raftlog=s0@group-3D81F66BC438-SegmentedRaftLog:OPENED:c11,f12,i12, conf=11: [s0:0.0.0.0:42154, s1:0.0.0.0:36158, s2:0.0.0.0:36910], old=null
2019-09-24 12:00:23,435 DEBUG impl.RaftServerImpl (RaftServerImpl.java:requestVote(743)) - s0@group-3D81F66BC438: receive requestVote(s1, group-3D81F66BC438, 235, (t:14, i:11))
2019-09-24 12:00:23,436 INFO  impl.RaftServerImpl (RaftServerImpl.java:setRole(170)) - s0@group-3D81F66BC438: changes role from  FOLLOWER to FOLLOWER at term 235 for recognizeCandidate:s1
2019-09-24 12:00:23,436 INFO  impl.RoleInfo (RoleInfo.java:shutdownFollowerState(121)) - s0: shutdown FollowerState
2019-09-24 12:00:23,436 INFO  impl.RoleInfo (RoleInfo.java:updateAndGet(143)) - s0: start FollowerState
2019-09-24 12:00:23,436 INFO  impl.FollowerState (FollowerState.java:run(117)) - s0@group-3D81F66BC438-FollowerState was interrupted: java.lang.InterruptedException: sleep interrupted
2019-09-24 12:00:23,436 DEBUG impl.RaftServerImpl (RaftServerImpl.java:requestVote(775)) - s0@group-3D81F66BC438 replies to vote request: s1<-s0#0:FAIL-t235. Peer's state: s0@group-3D81F66BC438:t235, leader=null, voted=null, raftlog=s0@group-3D81F66BC438-SegmentedRaftLog:OPENED:c11,f12,i12, conf=11: [s0:0.0.0.0:42154, s1:0.0.0.0:36158, s2:0.0.0.0:36910], old=null
2019-09-24 12:00:23,446 WARN  ratis.RaftTestUtil (JavaUtils.java:attempt(158)) - FAILED "waitForLeader-null-(expectLeader? true)", attempt #16/100: java.lang.IllegalStateException: No leader yet : printing ALL groups
  s0:  RUNNING  FOLLOWER s0@group-3D81F66BC438:t235, leader=null, voted=null, raftlog=s0@group-3D81F66BC438-SegmentedRaftLog:OPENED:c11,f12,i12, conf=11: [s0:0.0.0.0:42154, s1:0.0.0.0:36158, s2:0.0.0.0:36910], old=null RUNNING
  s1:  RUNNING CANDIDATE s1@group-3D81F66BC438:t235, leader=null, voted=s1, raftlog=s1@group-3D81F66BC438-SegmentedRaftLog:OPENED:c10,f11,i11, conf=11: [s0:0.0.0.0:42154, s1:0.0.0.0:36158, s2:0.0.0.0:36910], old=null RUNNING
  s2:  RUNNING CANDIDATE s2@group-3D81F66BC438:t235, leader=null, voted=s2, raftlog=s2@group-3D81F66BC438-SegmentedRaftLog:OPENED:c10,f10,i10, conf=9: [s0:0.0.0.0:42154, s1:0.0.0.0:36158, s2:0.0.0.0:36910], old=null RUNNING, sleep 450ms and then retry.
java.lang.IllegalStateException: No leader yet : printing ALL groups
  s0:  RUNNING  FOLLOWER s0@group-3D81F66BC438:t235, leader=null, voted=null, raftlog=s0@group-3D81F66BC438-SegmentedRaftLog:OPENED:c11,f12,i12, conf=11: [s0:0.0.0.0:42154, s1:0.0.0.0:36158, s2:0.0.0.0:36910], old=null RUNNING
  s1:  RUNNING CANDIDATE s1@group-3D81F66BC438:t235, leader=null, voted=s1, raftlog=s1@group-3D81F66BC438-SegmentedRaftLog:OPENED:c10,f11,i11, conf=11: [s0:0.0.0.0:42154, s1:0.0.0.0:36158, s2:0.0.0.0:36910], old=null RUNNING
  s2:  RUNNING CANDIDATE s2@group-3D81F66BC438:t235, leader=null, voted=s2, raftlog=s2@group-3D81F66BC438-SegmentedRaftLog:OPENED:c10,f10,i10, conf=9: [s0:0.0.0.0:42154, s1:0.0.0.0:36158, s2:0.0.0.0:36910], old=null RUNNING
	at org.apache.ratis.MiniRaftCluster.newIllegalStateExceptionForNoLeaders(MiniRaftCluster.java:506)
	at org.apache.ratis.RaftTestUtil.lambda$waitForLeader$1(RaftTestUtil.java:90)
	at org.apache.ratis.MiniRaftCluster.getLeader(MiniRaftCluster.java:539)
	at org.apache.ratis.MiniRaftCluster.getLeader(MiniRaftCluster.java:532)
	at org.apache.ratis.RaftTestUtil.lambda$waitForLeader$3(RaftTestUtil.java:98)
	at org.apache.ratis.util.JavaUtils.attempt(JavaUtils.java:152)
	at org.apache.ratis.RaftTestUtil.waitForLeader(RaftTestUtil.java:97)
	at org.apache.ratis.RaftTestUtil.waitForLeader(RaftTestUtil.java:77)
	at org.apache.ratis.RaftTestUtil.waitForLeader(RaftTestUtil.java:72)
	at org.apache.ratis.RaftTestUtil.lambda$changeLeader$7(RaftTestUtil.java:363)
	at org.apache.ratis.util.JavaUtils.attempt(JavaUtils.java:152)
	at org.apache.ratis.RaftTestUtil.changeLeader(RaftTestUtil.java:362)
	at org.apache.ratis.server.impl.LeaderElectionTests.testChangeLeader(LeaderElectionTests.java:81)
	at sun.reflect.NativeMethodAccessorImpl.invoke0(Native Method)
	at sun.reflect.NativeMethodAccessorImpl.invoke(NativeMethodAccessorImpl.java:62)
	at sun.reflect.DelegatingMethodAccessorImpl.invoke(DelegatingMethodAccessorImpl.java:43)
	at java.lang.reflect.Method.invoke(Method.java:498)
	at org.junit.runners.model.FrameworkMethod$1.runReflectiveCall(FrameworkMethod.java:50)
	at org.junit.internal.runners.model.ReflectiveCallable.run(ReflectiveCallable.java:12)
	at org.junit.runners.model.FrameworkMethod.invokeExplosively(FrameworkMethod.java:47)
	at org.junit.internal.runners.statements.InvokeMethod.evaluate(InvokeMethod.java:17)
	at org.junit.internal.runners.statements.RunAfters.evaluate(RunAfters.java:27)
	at org.junit.internal.runners.statements.FailOnTimeout$CallableStatement.call(FailOnTimeout.java:298)
	at org.junit.internal.runners.statements.FailOnTimeout$CallableStatement.call(FailOnTimeout.java:292)
	at java.util.concurrent.FutureTask.run(FutureTask.java:266)
	at java.lang.Thread.run(Thread.java:748)
2019-09-24 12:00:23,607 INFO  impl.LeaderElection (LeaderElection.java:logAndReturn(56)) - s2@group-3D81F66BC438-LeaderElection106: Election TIMEOUT; received 1 response(s) [s2<-s0#0:FAIL-t235] and 0 exception(s); s2@group-3D81F66BC438:t235, leader=null, voted=s2, raftlog=s2@group-3D81F66BC438-SegmentedRaftLog:OPENED:c10,f10,i10, conf=9: [s0:0.0.0.0:42154, s1:0.0.0.0:36158, s2:0.0.0.0:36910], old=null
2019-09-24 12:00:23,609 INFO  impl.FollowerState (FollowerState.java:run(108)) - s0@group-3D81F66BC438-FollowerState: change to CANDIDATE, lastRpcTime:173ms, electionTimeout:173ms
2019-09-24 12:00:23,610 INFO  impl.RoleInfo (RoleInfo.java:shutdownFollowerState(121)) - s0: shutdown FollowerState
2019-09-24 12:00:23,610 INFO  impl.RaftServerImpl (RaftServerImpl.java:setRole(170)) - s0@group-3D81F66BC438: changes role from  FOLLOWER to CANDIDATE at term 235 for changeToCandidate
2019-09-24 12:00:23,610 INFO  impl.RoleInfo (RoleInfo.java:updateAndGet(143)) - s0: start LeaderElection
2019-09-24 12:00:23,633 INFO  impl.LeaderElection (LeaderElection.java:askForVotes(178)) - s0@group-3D81F66BC438-LeaderElection107: begin an election at term 236 for 11: [s0:0.0.0.0:42154, s1:0.0.0.0:36158, s2:0.0.0.0:36910], old=null
2019-09-24 12:00:23,633 INFO  impl.LeaderElection (LeaderElection.java:askForVotes(178)) - s2@group-3D81F66BC438-LeaderElection106: begin an election at term 236 for 9: [s0:0.0.0.0:42154, s1:0.0.0.0:36158, s2:0.0.0.0:36910], old=null
2019-09-24 12:00:23,633 DEBUG impl.RaftServerImpl (RaftServerImpl.java:requestVote(743)) - s0@group-3D81F66BC438: receive requestVote(s2, group-3D81F66BC438, 236, (t:13, i:10))
2019-09-24 12:00:23,634 DEBUG impl.RaftServerImpl (RaftServerImpl.java:requestVote(775)) - s0@group-3D81F66BC438 replies to vote request: s2<-s0#0:FAIL-t236. Peer's state: s0@group-3D81F66BC438:t236, leader=null, voted=s0, raftlog=s0@group-3D81F66BC438-SegmentedRaftLog:OPENED:c11,f12,i12, conf=11: [s0:0.0.0.0:42154, s1:0.0.0.0:36158, s2:0.0.0.0:36910], old=null
2019-09-24 12:00:23,714 INFO  impl.LeaderElection (LeaderElection.java:logAndReturn(56)) - s1@group-3D81F66BC438-LeaderElection104: Election TIMEOUT; received 1 response(s) [s1<-s0#0:FAIL-t235] and 0 exception(s); s1@group-3D81F66BC438:t235, leader=null, voted=s1, raftlog=s1@group-3D81F66BC438-SegmentedRaftLog:OPENED:c10,f11,i11, conf=11: [s0:0.0.0.0:42154, s1:0.0.0.0:36158, s2:0.0.0.0:36910], old=null
2019-09-24 12:00:23,729 INFO  impl.LeaderElection (LeaderElection.java:askForVotes(178)) - s1@group-3D81F66BC438-LeaderElection104: begin an election at term 236 for 11: [s0:0.0.0.0:42154, s1:0.0.0.0:36158, s2:0.0.0.0:36910], old=null
2019-09-24 12:00:23,730 DEBUG impl.RaftServerImpl (RaftServerImpl.java:requestVote(743)) - s0@group-3D81F66BC438: receive requestVote(s1, group-3D81F66BC438, 236, (t:14, i:11))
2019-09-24 12:00:23,730 DEBUG impl.RaftServerImpl (RaftServerImpl.java:requestVote(775)) - s0@group-3D81F66BC438 replies to vote request: s1<-s0#0:FAIL-t236. Peer's state: s0@group-3D81F66BC438:t236, leader=null, voted=s0, raftlog=s0@group-3D81F66BC438-SegmentedRaftLog:OPENED:c11,f12,i12, conf=11: [s0:0.0.0.0:42154, s1:0.0.0.0:36158, s2:0.0.0.0:36910], old=null
2019-09-24 12:00:23,897 WARN  ratis.RaftTestUtil (JavaUtils.java:attempt(158)) - FAILED "waitForLeader-null-(expectLeader? true)", attempt #17/100: java.lang.IllegalStateException: No leader yet : printing ALL groups
  s0:  RUNNING CANDIDATE s0@group-3D81F66BC438:t236, leader=null, voted=s0, raftlog=s0@group-3D81F66BC438-SegmentedRaftLog:OPENED:c11,f12,i12, conf=11: [s0:0.0.0.0:42154, s1:0.0.0.0:36158, s2:0.0.0.0:36910], old=null RUNNING
  s1:  RUNNING CANDIDATE s1@group-3D81F66BC438:t236, leader=null, voted=s1, raftlog=s1@group-3D81F66BC438-SegmentedRaftLog:OPENED:c10,f11,i11, conf=11: [s0:0.0.0.0:42154, s1:0.0.0.0:36158, s2:0.0.0.0:36910], old=null RUNNING
  s2:  RUNNING CANDIDATE s2@group-3D81F66BC438:t236, leader=null, voted=s2, raftlog=s2@group-3D81F66BC438-SegmentedRaftLog:OPENED:c10,f10,i10, conf=9: [s0:0.0.0.0:42154, s1:0.0.0.0:36158, s2:0.0.0.0:36910], old=null RUNNING, sleep 450ms and then retry.
java.lang.IllegalStateException: No leader yet : printing ALL groups
  s0:  RUNNING CANDIDATE s0@group-3D81F66BC438:t236, leader=null, voted=s0, raftlog=s0@group-3D81F66BC438-SegmentedRaftLog:OPENED:c11,f12,i12, conf=11: [s0:0.0.0.0:42154, s1:0.0.0.0:36158, s2:0.0.0.0:36910], old=null RUNNING
  s1:  RUNNING CANDIDATE s1@group-3D81F66BC438:t236, leader=null, voted=s1, raftlog=s1@group-3D81F66BC438-SegmentedRaftLog:OPENED:c10,f11,i11, conf=11: [s0:0.0.0.0:42154, s1:0.0.0.0:36158, s2:0.0.0.0:36910], old=null RUNNING
  s2:  RUNNING CANDIDATE s2@group-3D81F66BC438:t236, leader=null, voted=s2, raftlog=s2@group-3D81F66BC438-SegmentedRaftLog:OPENED:c10,f10,i10, conf=9: [s0:0.0.0.0:42154, s1:0.0.0.0:36158, s2:0.0.0.0:36910], old=null RUNNING
	at org.apache.ratis.MiniRaftCluster.newIllegalStateExceptionForNoLeaders(MiniRaftCluster.java:506)
	at org.apache.ratis.RaftTestUtil.lambda$waitForLeader$1(RaftTestUtil.java:90)
	at org.apache.ratis.MiniRaftCluster.getLeader(MiniRaftCluster.java:539)
	at org.apache.ratis.MiniRaftCluster.getLeader(MiniRaftCluster.java:532)
	at org.apache.ratis.RaftTestUtil.lambda$waitForLeader$3(RaftTestUtil.java:98)
	at org.apache.ratis.util.JavaUtils.attempt(JavaUtils.java:152)
	at org.apache.ratis.RaftTestUtil.waitForLeader(RaftTestUtil.java:97)
	at org.apache.ratis.RaftTestUtil.waitForLeader(RaftTestUtil.java:77)
	at org.apache.ratis.RaftTestUtil.waitForLeader(RaftTestUtil.java:72)
	at org.apache.ratis.RaftTestUtil.lambda$changeLeader$7(RaftTestUtil.java:363)
	at org.apache.ratis.util.JavaUtils.attempt(JavaUtils.java:152)
	at org.apache.ratis.RaftTestUtil.changeLeader(RaftTestUtil.java:362)
	at org.apache.ratis.server.impl.LeaderElectionTests.testChangeLeader(LeaderElectionTests.java:81)
	at sun.reflect.NativeMethodAccessorImpl.invoke0(Native Method)
	at sun.reflect.NativeMethodAccessorImpl.invoke(NativeMethodAccessorImpl.java:62)
	at sun.reflect.DelegatingMethodAccessorImpl.invoke(DelegatingMethodAccessorImpl.java:43)
	at java.lang.reflect.Method.invoke(Method.java:498)
	at org.junit.runners.model.FrameworkMethod$1.runReflectiveCall(FrameworkMethod.java:50)
	at org.junit.internal.runners.model.ReflectiveCallable.run(ReflectiveCallable.java:12)
	at org.junit.runners.model.FrameworkMethod.invokeExplosively(FrameworkMethod.java:47)
	at org.junit.internal.runners.statements.InvokeMethod.evaluate(InvokeMethod.java:17)
	at org.junit.internal.runners.statements.RunAfters.evaluate(RunAfters.java:27)
	at org.junit.internal.runners.statements.FailOnTimeout$CallableStatement.call(FailOnTimeout.java:298)
	at org.junit.internal.runners.statements.FailOnTimeout$CallableStatement.call(FailOnTimeout.java:292)
	at java.util.concurrent.FutureTask.run(FutureTask.java:266)
	at java.lang.Thread.run(Thread.java:748)
2019-09-24 12:00:23,918 INFO  impl.LeaderElection (LeaderElection.java:logAndReturn(56)) - s1@group-3D81F66BC438-LeaderElection104: Election TIMEOUT; received 1 response(s) [s1<-s0#0:FAIL-t236] and 0 exception(s); s1@group-3D81F66BC438:t236, leader=null, voted=s1, raftlog=s1@group-3D81F66BC438-SegmentedRaftLog:OPENED:c10,f11,i11, conf=11: [s0:0.0.0.0:42154, s1:0.0.0.0:36158, s2:0.0.0.0:36910], old=null
2019-09-24 12:00:23,924 INFO  impl.LeaderElection (LeaderElection.java:logAndReturn(56)) - s0@group-3D81F66BC438-LeaderElection107: Election TIMEOUT; received 0 response(s) [] and 0 exception(s); s0@group-3D81F66BC438:t236, leader=null, voted=s0, raftlog=s0@group-3D81F66BC438-SegmentedRaftLog:OPENED:c11,f12,i12, conf=11: [s0:0.0.0.0:42154, s1:0.0.0.0:36158, s2:0.0.0.0:36910], old=null
2019-09-24 12:00:23,928 INFO  impl.LeaderElection (LeaderElection.java:logAndReturn(56)) - s2@group-3D81F66BC438-LeaderElection106: Election TIMEOUT; received 1 response(s) [s2<-s0#0:FAIL-t236] and 0 exception(s); s2@group-3D81F66BC438:t236, leader=null, voted=s2, raftlog=s2@group-3D81F66BC438-SegmentedRaftLog:OPENED:c10,f10,i10, conf=9: [s0:0.0.0.0:42154, s1:0.0.0.0:36158, s2:0.0.0.0:36910], old=null
2019-09-24 12:00:23,932 INFO  impl.LeaderElection (LeaderElection.java:askForVotes(178)) - s0@group-3D81F66BC438-LeaderElection107: begin an election at term 237 for 11: [s0:0.0.0.0:42154, s1:0.0.0.0:36158, s2:0.0.0.0:36910], old=null
2019-09-24 12:00:23,932 INFO  impl.LeaderElection (LeaderElection.java:askForVotes(178)) - s1@group-3D81F66BC438-LeaderElection104: begin an election at term 237 for 11: [s0:0.0.0.0:42154, s1:0.0.0.0:36158, s2:0.0.0.0:36910], old=null
2019-09-24 12:00:23,932 INFO  impl.LeaderElection (LeaderElection.java:askForVotes(178)) - s2@group-3D81F66BC438-LeaderElection106: begin an election at term 237 for 9: [s0:0.0.0.0:42154, s1:0.0.0.0:36158, s2:0.0.0.0:36910], old=null
2019-09-24 12:00:23,933 DEBUG impl.RaftServerImpl (RaftServerImpl.java:requestVote(743)) - s0@group-3D81F66BC438: receive requestVote(s1, group-3D81F66BC438, 237, (t:14, i:11))
2019-09-24 12:00:23,933 DEBUG impl.RaftServerImpl (RaftServerImpl.java:requestVote(775)) - s0@group-3D81F66BC438 replies to vote request: s1<-s0#0:FAIL-t237. Peer's state: s0@group-3D81F66BC438:t237, leader=null, voted=s0, raftlog=s0@group-3D81F66BC438-SegmentedRaftLog:OPENED:c11,f12,i12, conf=11: [s0:0.0.0.0:42154, s1:0.0.0.0:36158, s2:0.0.0.0:36910], old=null
2019-09-24 12:00:23,933 DEBUG impl.RaftServerImpl (RaftServerImpl.java:requestVote(743)) - s0@group-3D81F66BC438: receive requestVote(s2, group-3D81F66BC438, 237, (t:13, i:10))
2019-09-24 12:00:23,934 DEBUG impl.RaftServerImpl (RaftServerImpl.java:requestVote(775)) - s0@group-3D81F66BC438 replies to vote request: s2<-s0#0:FAIL-t237. Peer's state: s0@group-3D81F66BC438:t237, leader=null, voted=s0, raftlog=s0@group-3D81F66BC438-SegmentedRaftLog:OPENED:c11,f12,i12, conf=11: [s0:0.0.0.0:42154, s1:0.0.0.0:36158, s2:0.0.0.0:36910], old=null
2019-09-24 12:00:24,084 INFO  impl.LeaderElection (LeaderElection.java:logAndReturn(56)) - s2@group-3D81F66BC438-LeaderElection106: Election TIMEOUT; received 1 response(s) [s2<-s0#0:FAIL-t237] and 0 exception(s); s2@group-3D81F66BC438:t237, leader=null, voted=s2, raftlog=s2@group-3D81F66BC438-SegmentedRaftLog:OPENED:c10,f10,i10, conf=9: [s0:0.0.0.0:42154, s1:0.0.0.0:36158, s2:0.0.0.0:36910], old=null
2019-09-24 12:00:24,098 INFO  impl.LeaderElection (LeaderElection.java:askForVotes(178)) - s2@group-3D81F66BC438-LeaderElection106: begin an election at term 238 for 9: [s0:0.0.0.0:42154, s1:0.0.0.0:36158, s2:0.0.0.0:36910], old=null
2019-09-24 12:00:24,098 DEBUG impl.RaftServerImpl (RaftServerImpl.java:requestVote(743)) - s0@group-3D81F66BC438: receive requestVote(s2, group-3D81F66BC438, 238, (t:13, i:10))
2019-09-24 12:00:24,099 INFO  impl.RaftServerImpl (RaftServerImpl.java:setRole(170)) - s0@group-3D81F66BC438: changes role from CANDIDATE to FOLLOWER at term 238 for recognizeCandidate:s2
2019-09-24 12:00:24,099 INFO  impl.RoleInfo (RoleInfo.java:shutdownLeaderElection(134)) - s0: shutdown LeaderElection
2019-09-24 12:00:24,099 INFO  impl.RoleInfo (RoleInfo.java:updateAndGet(143)) - s0: start FollowerState
2019-09-24 12:00:24,116 INFO  impl.LeaderElection (LeaderElection.java:logAndReturn(56)) - s0@group-3D81F66BC438-LeaderElection107: Election REJECTED; received 0 response(s) [] and 0 exception(s); s0@group-3D81F66BC438:t238, leader=null, voted=null, raftlog=s0@group-3D81F66BC438-SegmentedRaftLog:OPENED:c11,f12,i12, conf=11: [s0:0.0.0.0:42154, s1:0.0.0.0:36158, s2:0.0.0.0:36910], old=null
2019-09-24 12:00:24,117 DEBUG impl.RaftServerImpl (RaftServerImpl.java:requestVote(775)) - s0@group-3D81F66BC438 replies to vote request: s2<-s0#0:FAIL-t238. Peer's state: s0@group-3D81F66BC438:t238, leader=null, voted=null, raftlog=s0@group-3D81F66BC438-SegmentedRaftLog:OPENED:c11,f12,i12, conf=11: [s0:0.0.0.0:42154, s1:0.0.0.0:36158, s2:0.0.0.0:36910], old=null
2019-09-24 12:00:24,140 INFO  impl.LeaderElection (LeaderElection.java:logAndReturn(56)) - s1@group-3D81F66BC438-LeaderElection104: Election TIMEOUT; received 1 response(s) [s1<-s0#0:FAIL-t237] and 0 exception(s); s1@group-3D81F66BC438:t237, leader=null, voted=s1, raftlog=s1@group-3D81F66BC438-SegmentedRaftLog:OPENED:c10,f11,i11, conf=11: [s0:0.0.0.0:42154, s1:0.0.0.0:36158, s2:0.0.0.0:36910], old=null
2019-09-24 12:00:24,162 INFO  impl.LeaderElection (LeaderElection.java:askForVotes(178)) - s1@group-3D81F66BC438-LeaderElection104: begin an election at term 238 for 11: [s0:0.0.0.0:42154, s1:0.0.0.0:36158, s2:0.0.0.0:36910], old=null
2019-09-24 12:00:24,162 DEBUG impl.RaftServerImpl (RaftServerImpl.java:requestVote(743)) - s0@group-3D81F66BC438: receive requestVote(s1, group-3D81F66BC438, 238, (t:14, i:11))
2019-09-24 12:00:24,162 INFO  impl.RaftServerImpl (RaftServerImpl.java:setRole(170)) - s0@group-3D81F66BC438: changes role from  FOLLOWER to FOLLOWER at term 238 for recognizeCandidate:s1
2019-09-24 12:00:24,162 INFO  impl.RoleInfo (RoleInfo.java:shutdownFollowerState(121)) - s0: shutdown FollowerState
2019-09-24 12:00:24,163 INFO  impl.RoleInfo (RoleInfo.java:updateAndGet(143)) - s0: start FollowerState
2019-09-24 12:00:24,163 INFO  impl.FollowerState (FollowerState.java:run(117)) - s0@group-3D81F66BC438-FollowerState was interrupted: java.lang.InterruptedException: sleep interrupted
2019-09-24 12:00:24,163 DEBUG impl.RaftServerImpl (RaftServerImpl.java:requestVote(775)) - s0@group-3D81F66BC438 replies to vote request: s1<-s0#0:FAIL-t238. Peer's state: s0@group-3D81F66BC438:t238, leader=null, voted=null, raftlog=s0@group-3D81F66BC438-SegmentedRaftLog:OPENED:c11,f12,i12, conf=11: [s0:0.0.0.0:42154, s1:0.0.0.0:36158, s2:0.0.0.0:36910], old=null
2019-09-24 12:00:24,323 INFO  impl.LeaderElection (LeaderElection.java:logAndReturn(56)) - s2@group-3D81F66BC438-LeaderElection106: Election TIMEOUT; received 1 response(s) [s2<-s0#0:FAIL-t238] and 0 exception(s); s2@group-3D81F66BC438:t238, leader=null, voted=s2, raftlog=s2@group-3D81F66BC438-SegmentedRaftLog:OPENED:c10,f10,i10, conf=9: [s0:0.0.0.0:42154, s1:0.0.0.0:36158, s2:0.0.0.0:36910], old=null
2019-09-24 12:00:24,344 INFO  impl.LeaderElection (LeaderElection.java:askForVotes(178)) - s2@group-3D81F66BC438-LeaderElection106: begin an election at term 239 for 9: [s0:0.0.0.0:42154, s1:0.0.0.0:36158, s2:0.0.0.0:36910], old=null
2019-09-24 12:00:24,345 DEBUG impl.RaftServerImpl (RaftServerImpl.java:requestVote(743)) - s0@group-3D81F66BC438: receive requestVote(s2, group-3D81F66BC438, 239, (t:13, i:10))
2019-09-24 12:00:24,345 INFO  impl.RaftServerImpl (RaftServerImpl.java:setRole(170)) - s0@group-3D81F66BC438: changes role from  FOLLOWER to FOLLOWER at term 239 for recognizeCandidate:s2
2019-09-24 12:00:24,345 INFO  impl.RoleInfo (RoleInfo.java:shutdownFollowerState(121)) - s0: shutdown FollowerState
2019-09-24 12:00:24,346 INFO  impl.RoleInfo (RoleInfo.java:updateAndGet(143)) - s0: start FollowerState
2019-09-24 12:00:24,346 INFO  impl.FollowerState (FollowerState.java:run(117)) - s0@group-3D81F66BC438-FollowerState was interrupted: java.lang.InterruptedException: sleep interrupted
2019-09-24 12:00:24,349 WARN  ratis.RaftTestUtil (JavaUtils.java:attempt(158)) - FAILED "waitForLeader-null-(expectLeader? true)", attempt #18/100: java.lang.IllegalStateException: No leader yet : printing ALL groups
  s0:  RUNNING  FOLLOWER s0@group-3D81F66BC438:t239, leader=null, voted=null, raftlog=s0@group-3D81F66BC438-SegmentedRaftLog:OPENED:c11,f12,i12, conf=11: [s0:0.0.0.0:42154, s1:0.0.0.0:36158, s2:0.0.0.0:36910], old=null RUNNING
  s1:  RUNNING CANDIDATE s1@group-3D81F66BC438:t238, leader=null, voted=s1, raftlog=s1@group-3D81F66BC438-SegmentedRaftLog:OPENED:c10,f11,i11, conf=11: [s0:0.0.0.0:42154, s1:0.0.0.0:36158, s2:0.0.0.0:36910], old=null RUNNING
  s2:  RUNNING CANDIDATE s2@group-3D81F66BC438:t239, leader=null, voted=s2, raftlog=s2@group-3D81F66BC438-SegmentedRaftLog:OPENED:c10,f10,i10, conf=9: [s0:0.0.0.0:42154, s1:0.0.0.0:36158, s2:0.0.0.0:36910], old=null RUNNING, sleep 450ms and then retry.
java.lang.IllegalStateException: No leader yet : printing ALL groups
  s0:  RUNNING  FOLLOWER s0@group-3D81F66BC438:t239, leader=null, voted=null, raftlog=s0@group-3D81F66BC438-SegmentedRaftLog:OPENED:c11,f12,i12, conf=11: [s0:0.0.0.0:42154, s1:0.0.0.0:36158, s2:0.0.0.0:36910], old=null RUNNING
  s1:  RUNNING CANDIDATE s1@group-3D81F66BC438:t238, leader=null, voted=s1, raftlog=s1@group-3D81F66BC438-SegmentedRaftLog:OPENED:c10,f11,i11, conf=11: [s0:0.0.0.0:42154, s1:0.0.0.0:36158, s2:0.0.0.0:36910], old=null RUNNING
  s2:  RUNNING CANDIDATE s2@group-3D81F66BC438:t239, leader=null, voted=s2, raftlog=s2@group-3D81F66BC438-SegmentedRaftLog:OPENED:c10,f10,i10, conf=9: [s0:0.0.0.0:42154, s1:0.0.0.0:36158, s2:0.0.0.0:36910], old=null RUNNING
	at org.apache.ratis.MiniRaftCluster.newIllegalStateExceptionForNoLeaders(MiniRaftCluster.java:506)
	at org.apache.ratis.RaftTestUtil.lambda$waitForLeader$1(RaftTestUtil.java:90)
	at org.apache.ratis.MiniRaftCluster.getLeader(MiniRaftCluster.java:539)
	at org.apache.ratis.MiniRaftCluster.getLeader(MiniRaftCluster.java:532)
	at org.apache.ratis.RaftTestUtil.lambda$waitForLeader$3(RaftTestUtil.java:98)
	at org.apache.ratis.util.JavaUtils.attempt(JavaUtils.java:152)
	at org.apache.ratis.RaftTestUtil.waitForLeader(RaftTestUtil.java:97)
	at org.apache.ratis.RaftTestUtil.waitForLeader(RaftTestUtil.java:77)
	at org.apache.ratis.RaftTestUtil.waitForLeader(RaftTestUtil.java:72)
	at org.apache.ratis.RaftTestUtil.lambda$changeLeader$7(RaftTestUtil.java:363)
	at org.apache.ratis.util.JavaUtils.attempt(JavaUtils.java:152)
	at org.apache.ratis.RaftTestUtil.changeLeader(RaftTestUtil.java:362)
	at org.apache.ratis.server.impl.LeaderElectionTests.testChangeLeader(LeaderElectionTests.java:81)
	at sun.reflect.NativeMethodAccessorImpl.invoke0(Native Method)
	at sun.reflect.NativeMethodAccessorImpl.invoke(NativeMethodAccessorImpl.java:62)
	at sun.reflect.DelegatingMethodAccessorImpl.invoke(DelegatingMethodAccessorImpl.java:43)
	at java.lang.reflect.Method.invoke(Method.java:498)
	at org.junit.runners.model.FrameworkMethod$1.runReflectiveCall(FrameworkMethod.java:50)
	at org.junit.internal.runners.model.ReflectiveCallable.run(ReflectiveCallable.java:12)
	at org.junit.runners.model.FrameworkMethod.invokeExplosively(FrameworkMethod.java:47)
	at org.junit.internal.runners.statements.InvokeMethod.evaluate(InvokeMethod.java:17)
	at org.junit.internal.runners.statements.RunAfters.evaluate(RunAfters.java:27)
	at org.junit.internal.runners.statements.FailOnTimeout$CallableStatement.call(FailOnTimeout.java:298)
	at org.junit.internal.runners.statements.FailOnTimeout$CallableStatement.call(FailOnTimeout.java:292)
	at java.util.concurrent.FutureTask.run(FutureTask.java:266)
	at java.lang.Thread.run(Thread.java:748)
2019-09-24 12:00:24,372 DEBUG impl.RaftServerImpl (RaftServerImpl.java:requestVote(775)) - s0@group-3D81F66BC438 replies to vote request: s2<-s0#0:FAIL-t239. Peer's state: s0@group-3D81F66BC438:t239, leader=null, voted=null, raftlog=s0@group-3D81F66BC438-SegmentedRaftLog:OPENED:c11,f12,i12, conf=11: [s0:0.0.0.0:42154, s1:0.0.0.0:36158, s2:0.0.0.0:36910], old=null
2019-09-24 12:00:24,405 INFO  impl.LeaderElection (LeaderElection.java:logAndReturn(56)) - s1@group-3D81F66BC438-LeaderElection104: Election TIMEOUT; received 1 response(s) [s1<-s0#0:FAIL-t238] and 0 exception(s); s1@group-3D81F66BC438:t238, leader=null, voted=s1, raftlog=s1@group-3D81F66BC438-SegmentedRaftLog:OPENED:c10,f11,i11, conf=11: [s0:0.0.0.0:42154, s1:0.0.0.0:36158, s2:0.0.0.0:36910], old=null
2019-09-24 12:00:24,419 INFO  impl.LeaderElection (LeaderElection.java:askForVotes(178)) - s1@group-3D81F66BC438-LeaderElection104: begin an election at term 239 for 11: [s0:0.0.0.0:42154, s1:0.0.0.0:36158, s2:0.0.0.0:36910], old=null
2019-09-24 12:00:24,420 DEBUG impl.RaftServerImpl (RaftServerImpl.java:requestVote(743)) - s0@group-3D81F66BC438: receive requestVote(s1, group-3D81F66BC438, 239, (t:14, i:11))
2019-09-24 12:00:24,420 INFO  impl.RaftServerImpl (RaftServerImpl.java:setRole(170)) - s0@group-3D81F66BC438: changes role from  FOLLOWER to FOLLOWER at term 239 for recognizeCandidate:s1
2019-09-24 12:00:24,420 INFO  impl.RoleInfo (RoleInfo.java:shutdownFollowerState(121)) - s0: shutdown FollowerState
2019-09-24 12:00:24,420 INFO  impl.RoleInfo (RoleInfo.java:updateAndGet(143)) - s0: start FollowerState
2019-09-24 12:00:24,420 INFO  impl.FollowerState (FollowerState.java:run(117)) - s0@group-3D81F66BC438-FollowerState was interrupted: java.lang.InterruptedException: sleep interrupted
2019-09-24 12:00:24,421 DEBUG impl.RaftServerImpl (RaftServerImpl.java:requestVote(775)) - s0@group-3D81F66BC438 replies to vote request: s1<-s0#0:FAIL-t239. Peer's state: s0@group-3D81F66BC438:t239, leader=null, voted=null, raftlog=s0@group-3D81F66BC438-SegmentedRaftLog:OPENED:c11,f12,i12, conf=11: [s0:0.0.0.0:42154, s1:0.0.0.0:36158, s2:0.0.0.0:36910], old=null
2019-09-24 12:00:24,526 INFO  impl.LeaderElection (LeaderElection.java:logAndReturn(56)) - s2@group-3D81F66BC438-LeaderElection106: Election TIMEOUT; received 1 response(s) [s2<-s0#0:FAIL-t239] and 0 exception(s); s2@group-3D81F66BC438:t239, leader=null, voted=s2, raftlog=s2@group-3D81F66BC438-SegmentedRaftLog:OPENED:c10,f10,i10, conf=9: [s0:0.0.0.0:42154, s1:0.0.0.0:36158, s2:0.0.0.0:36910], old=null
2019-09-24 12:00:24,541 INFO  impl.LeaderElection (LeaderElection.java:askForVotes(178)) - s2@group-3D81F66BC438-LeaderElection106: begin an election at term 240 for 9: [s0:0.0.0.0:42154, s1:0.0.0.0:36158, s2:0.0.0.0:36910], old=null
2019-09-24 12:00:24,542 DEBUG impl.RaftServerImpl (RaftServerImpl.java:requestVote(743)) - s0@group-3D81F66BC438: receive requestVote(s2, group-3D81F66BC438, 240, (t:13, i:10))
2019-09-24 12:00:24,542 INFO  impl.RaftServerImpl (RaftServerImpl.java:setRole(170)) - s0@group-3D81F66BC438: changes role from  FOLLOWER to FOLLOWER at term 240 for recognizeCandidate:s2
2019-09-24 12:00:24,542 INFO  impl.RoleInfo (RoleInfo.java:shutdownFollowerState(121)) - s0: shutdown FollowerState
2019-09-24 12:00:24,542 INFO  impl.RoleInfo (RoleInfo.java:updateAndGet(143)) - s0: start FollowerState
2019-09-24 12:00:24,542 INFO  impl.FollowerState (FollowerState.java:run(117)) - s0@group-3D81F66BC438-FollowerState was interrupted: java.lang.InterruptedException: sleep interrupted
2019-09-24 12:00:24,557 DEBUG impl.RaftServerImpl (RaftServerImpl.java:requestVote(775)) - s0@group-3D81F66BC438 replies to vote request: s2<-s0#0:FAIL-t240. Peer's state: s0@group-3D81F66BC438:t240, leader=null, voted=null, raftlog=s0@group-3D81F66BC438-SegmentedRaftLog:OPENED:c11,f12,i12, conf=11: [s0:0.0.0.0:42154, s1:0.0.0.0:36158, s2:0.0.0.0:36910], old=null
2019-09-24 12:00:24,653 INFO  impl.LeaderElection (LeaderElection.java:logAndReturn(56)) - s1@group-3D81F66BC438-LeaderElection104: Election TIMEOUT; received 1 response(s) [s1<-s0#0:FAIL-t239] and 0 exception(s); s1@group-3D81F66BC438:t239, leader=null, voted=s1, raftlog=s1@group-3D81F66BC438-SegmentedRaftLog:OPENED:c10,f11,i11, conf=11: [s0:0.0.0.0:42154, s1:0.0.0.0:36158, s2:0.0.0.0:36910], old=null
2019-09-24 12:00:24,681 INFO  impl.LeaderElection (LeaderElection.java:askForVotes(178)) - s1@group-3D81F66BC438-LeaderElection104: begin an election at term 240 for 11: [s0:0.0.0.0:42154, s1:0.0.0.0:36158, s2:0.0.0.0:36910], old=null
2019-09-24 12:00:24,682 DEBUG impl.RaftServerImpl (RaftServerImpl.java:requestVote(743)) - s0@group-3D81F66BC438: receive requestVote(s1, group-3D81F66BC438, 240, (t:14, i:11))
2019-09-24 12:00:24,682 INFO  impl.RaftServerImpl (RaftServerImpl.java:setRole(170)) - s0@group-3D81F66BC438: changes role from  FOLLOWER to FOLLOWER at term 240 for recognizeCandidate:s1
2019-09-24 12:00:24,682 INFO  impl.RoleInfo (RoleInfo.java:shutdownFollowerState(121)) - s0: shutdown FollowerState
2019-09-24 12:00:24,683 INFO  impl.RoleInfo (RoleInfo.java:updateAndGet(143)) - s0: start FollowerState
2019-09-24 12:00:24,683 INFO  impl.FollowerState (FollowerState.java:run(117)) - s0@group-3D81F66BC438-FollowerState was interrupted: java.lang.InterruptedException: sleep interrupted
2019-09-24 12:00:24,683 DEBUG impl.RaftServerImpl (RaftServerImpl.java:requestVote(775)) - s0@group-3D81F66BC438 replies to vote request: s1<-s0#0:FAIL-t240. Peer's state: s0@group-3D81F66BC438:t240, leader=null, voted=null, raftlog=s0@group-3D81F66BC438-SegmentedRaftLog:OPENED:c11,f12,i12, conf=11: [s0:0.0.0.0:42154, s1:0.0.0.0:36158, s2:0.0.0.0:36910], old=null
2019-09-24 12:00:24,800 WARN  ratis.RaftTestUtil (JavaUtils.java:attempt(158)) - FAILED "waitForLeader-null-(expectLeader? true)", attempt #19/100: java.lang.IllegalStateException: No leader yet : printing ALL groups
  s0:  RUNNING  FOLLOWER s0@group-3D81F66BC438:t240, leader=null, voted=null, raftlog=s0@group-3D81F66BC438-SegmentedRaftLog:OPENED:c11,f12,i12, conf=11: [s0:0.0.0.0:42154, s1:0.0.0.0:36158, s2:0.0.0.0:36910], old=null RUNNING
  s1:  RUNNING CANDIDATE s1@group-3D81F66BC438:t240, leader=null, voted=s1, raftlog=s1@group-3D81F66BC438-SegmentedRaftLog:OPENED:c10,f11,i11, conf=11: [s0:0.0.0.0:42154, s1:0.0.0.0:36158, s2:0.0.0.0:36910], old=null RUNNING
  s2:  RUNNING CANDIDATE s2@group-3D81F66BC438:t240, leader=null, voted=s2, raftlog=s2@group-3D81F66BC438-SegmentedRaftLog:OPENED:c10,f10,i10, conf=9: [s0:0.0.0.0:42154, s1:0.0.0.0:36158, s2:0.0.0.0:36910], old=null RUNNING, sleep 450ms and then retry.
java.lang.IllegalStateException: No leader yet : printing ALL groups
  s0:  RUNNING  FOLLOWER s0@group-3D81F66BC438:t240, leader=null, voted=null, raftlog=s0@group-3D81F66BC438-SegmentedRaftLog:OPENED:c11,f12,i12, conf=11: [s0:0.0.0.0:42154, s1:0.0.0.0:36158, s2:0.0.0.0:36910], old=null RUNNING
  s1:  RUNNING CANDIDATE s1@group-3D81F66BC438:t240, leader=null, voted=s1, raftlog=s1@group-3D81F66BC438-SegmentedRaftLog:OPENED:c10,f11,i11, conf=11: [s0:0.0.0.0:42154, s1:0.0.0.0:36158, s2:0.0.0.0:36910], old=null RUNNING
  s2:  RUNNING CANDIDATE s2@group-3D81F66BC438:t240, leader=null, voted=s2, raftlog=s2@group-3D81F66BC438-SegmentedRaftLog:OPENED:c10,f10,i10, conf=9: [s0:0.0.0.0:42154, s1:0.0.0.0:36158, s2:0.0.0.0:36910], old=null RUNNING
	at org.apache.ratis.MiniRaftCluster.newIllegalStateExceptionForNoLeaders(MiniRaftCluster.java:506)
	at org.apache.ratis.RaftTestUtil.lambda$waitForLeader$1(RaftTestUtil.java:90)
	at org.apache.ratis.MiniRaftCluster.getLeader(MiniRaftCluster.java:539)
	at org.apache.ratis.MiniRaftCluster.getLeader(MiniRaftCluster.java:532)
	at org.apache.ratis.RaftTestUtil.lambda$waitForLeader$3(RaftTestUtil.java:98)
	at org.apache.ratis.util.JavaUtils.attempt(JavaUtils.java:152)
	at org.apache.ratis.RaftTestUtil.waitForLeader(RaftTestUtil.java:97)
	at org.apache.ratis.RaftTestUtil.waitForLeader(RaftTestUtil.java:77)
	at org.apache.ratis.RaftTestUtil.waitForLeader(RaftTestUtil.java:72)
	at org.apache.ratis.RaftTestUtil.lambda$changeLeader$7(RaftTestUtil.java:363)
	at org.apache.ratis.util.JavaUtils.attempt(JavaUtils.java:152)
	at org.apache.ratis.RaftTestUtil.changeLeader(RaftTestUtil.java:362)
	at org.apache.ratis.server.impl.LeaderElectionTests.testChangeLeader(LeaderElectionTests.java:81)
	at sun.reflect.NativeMethodAccessorImpl.invoke0(Native Method)
	at sun.reflect.NativeMethodAccessorImpl.invoke(NativeMethodAccessorImpl.java:62)
	at sun.reflect.DelegatingMethodAccessorImpl.invoke(DelegatingMethodAccessorImpl.java:43)
	at java.lang.reflect.Method.invoke(Method.java:498)
	at org.junit.runners.model.FrameworkMethod$1.runReflectiveCall(FrameworkMethod.java:50)
	at org.junit.internal.runners.model.ReflectiveCallable.run(ReflectiveCallable.java:12)
	at org.junit.runners.model.FrameworkMethod.invokeExplosively(FrameworkMethod.java:47)
	at org.junit.internal.runners.statements.InvokeMethod.evaluate(InvokeMethod.java:17)
	at org.junit.internal.runners.statements.RunAfters.evaluate(RunAfters.java:27)
	at org.junit.internal.runners.statements.FailOnTimeout$CallableStatement.call(FailOnTimeout.java:298)
	at org.junit.internal.runners.statements.FailOnTimeout$CallableStatement.call(FailOnTimeout.java:292)
	at java.util.concurrent.FutureTask.run(FutureTask.java:266)
	at java.lang.Thread.run(Thread.java:748)
2019-09-24 12:00:24,807 INFO  impl.LeaderElection (LeaderElection.java:logAndReturn(56)) - s2@group-3D81F66BC438-LeaderElection106: Election TIMEOUT; received 1 response(s) [s2<-s0#0:FAIL-t240] and 0 exception(s); s2@group-3D81F66BC438:t240, leader=null, voted=s2, raftlog=s2@group-3D81F66BC438-SegmentedRaftLog:OPENED:c10,f10,i10, conf=9: [s0:0.0.0.0:42154, s1:0.0.0.0:36158, s2:0.0.0.0:36910], old=null
2019-09-24 12:00:24,822 INFO  impl.LeaderElection (LeaderElection.java:askForVotes(178)) - s2@group-3D81F66BC438-LeaderElection106: begin an election at term 241 for 9: [s0:0.0.0.0:42154, s1:0.0.0.0:36158, s2:0.0.0.0:36910], old=null
2019-09-24 12:00:24,822 DEBUG impl.RaftServerImpl (RaftServerImpl.java:requestVote(743)) - s0@group-3D81F66BC438: receive requestVote(s2, group-3D81F66BC438, 241, (t:13, i:10))
2019-09-24 12:00:24,822 INFO  impl.RaftServerImpl (RaftServerImpl.java:setRole(170)) - s0@group-3D81F66BC438: changes role from  FOLLOWER to FOLLOWER at term 241 for recognizeCandidate:s2
2019-09-24 12:00:24,822 INFO  impl.RoleInfo (RoleInfo.java:shutdownFollowerState(121)) - s0: shutdown FollowerState
2019-09-24 12:00:24,823 INFO  impl.RoleInfo (RoleInfo.java:updateAndGet(143)) - s0: start FollowerState
2019-09-24 12:00:24,823 INFO  impl.FollowerState (FollowerState.java:run(117)) - s0@group-3D81F66BC438-FollowerState was interrupted: java.lang.InterruptedException: sleep interrupted
2019-09-24 12:00:24,836 DEBUG impl.RaftServerImpl (RaftServerImpl.java:requestVote(775)) - s0@group-3D81F66BC438 replies to vote request: s2<-s0#0:FAIL-t241. Peer's state: s0@group-3D81F66BC438:t241, leader=null, voted=null, raftlog=s0@group-3D81F66BC438-SegmentedRaftLog:OPENED:c11,f12,i12, conf=11: [s0:0.0.0.0:42154, s1:0.0.0.0:36158, s2:0.0.0.0:36910], old=null
2019-09-24 12:00:24,958 INFO  impl.LeaderElection (LeaderElection.java:logAndReturn(56)) - s1@group-3D81F66BC438-LeaderElection104: Election TIMEOUT; received 1 response(s) [s1<-s0#0:FAIL-t240] and 0 exception(s); s1@group-3D81F66BC438:t240, leader=null, voted=s1, raftlog=s1@group-3D81F66BC438-SegmentedRaftLog:OPENED:c10,f11,i11, conf=11: [s0:0.0.0.0:42154, s1:0.0.0.0:36158, s2:0.0.0.0:36910], old=null
2019-09-24 12:00:24,986 INFO  impl.LeaderElection (LeaderElection.java:askForVotes(178)) - s1@group-3D81F66BC438-LeaderElection104: begin an election at term 241 for 11: [s0:0.0.0.0:42154, s1:0.0.0.0:36158, s2:0.0.0.0:36910], old=null
2019-09-24 12:00:24,987 DEBUG impl.RaftServerImpl (RaftServerImpl.java:requestVote(743)) - s0@group-3D81F66BC438: receive requestVote(s1, group-3D81F66BC438, 241, (t:14, i:11))
2019-09-24 12:00:24,987 INFO  impl.RaftServerImpl (RaftServerImpl.java:setRole(170)) - s0@group-3D81F66BC438: changes role from  FOLLOWER to FOLLOWER at term 241 for recognizeCandidate:s1
2019-09-24 12:00:24,987 INFO  impl.RoleInfo (RoleInfo.java:shutdownFollowerState(121)) - s0: shutdown FollowerState
2019-09-24 12:00:24,987 INFO  impl.RoleInfo (RoleInfo.java:updateAndGet(143)) - s0: start FollowerState
2019-09-24 12:00:24,987 INFO  impl.FollowerState (FollowerState.java:run(117)) - s0@group-3D81F66BC438-FollowerState was interrupted: java.lang.InterruptedException: sleep interrupted
2019-09-24 12:00:24,988 DEBUG impl.RaftServerImpl (RaftServerImpl.java:requestVote(775)) - s0@group-3D81F66BC438 replies to vote request: s1<-s0#0:FAIL-t241. Peer's state: s0@group-3D81F66BC438:t241, leader=null, voted=null, raftlog=s0@group-3D81F66BC438-SegmentedRaftLog:OPENED:c11,f12,i12, conf=11: [s0:0.0.0.0:42154, s1:0.0.0.0:36158, s2:0.0.0.0:36910], old=null
2019-09-24 12:00:25,078 INFO  impl.LeaderElection (LeaderElection.java:logAndReturn(56)) - s2@group-3D81F66BC438-LeaderElection106: Election TIMEOUT; received 1 response(s) [s2<-s0#0:FAIL-t241] and 0 exception(s); s2@group-3D81F66BC438:t241, leader=null, voted=s2, raftlog=s2@group-3D81F66BC438-SegmentedRaftLog:OPENED:c10,f10,i10, conf=9: [s0:0.0.0.0:42154, s1:0.0.0.0:36158, s2:0.0.0.0:36910], old=null
2019-09-24 12:00:25,104 INFO  impl.LeaderElection (LeaderElection.java:askForVotes(178)) - s2@group-3D81F66BC438-LeaderElection106: begin an election at term 242 for 9: [s0:0.0.0.0:42154, s1:0.0.0.0:36158, s2:0.0.0.0:36910], old=null
2019-09-24 12:00:25,104 DEBUG impl.RaftServerImpl (RaftServerImpl.java:requestVote(743)) - s0@group-3D81F66BC438: receive requestVote(s2, group-3D81F66BC438, 242, (t:13, i:10))
2019-09-24 12:00:25,104 INFO  impl.RaftServerImpl (RaftServerImpl.java:setRole(170)) - s0@group-3D81F66BC438: changes role from  FOLLOWER to FOLLOWER at term 242 for recognizeCandidate:s2
2019-09-24 12:00:25,104 INFO  impl.RoleInfo (RoleInfo.java:shutdownFollowerState(121)) - s0: shutdown FollowerState
2019-09-24 12:00:25,105 INFO  impl.RoleInfo (RoleInfo.java:updateAndGet(143)) - s0: start FollowerState
2019-09-24 12:00:25,105 INFO  impl.FollowerState (FollowerState.java:run(117)) - s0@group-3D81F66BC438-FollowerState was interrupted: java.lang.InterruptedException: sleep interrupted
2019-09-24 12:00:25,119 DEBUG impl.RaftServerImpl (RaftServerImpl.java:requestVote(775)) - s0@group-3D81F66BC438 replies to vote request: s2<-s0#0:FAIL-t242. Peer's state: s0@group-3D81F66BC438:t242, leader=null, voted=null, raftlog=s0@group-3D81F66BC438-SegmentedRaftLog:OPENED:c11,f12,i12, conf=11: [s0:0.0.0.0:42154, s1:0.0.0.0:36158, s2:0.0.0.0:36910], old=null
2019-09-24 12:00:25,244 INFO  impl.LeaderElection (LeaderElection.java:logAndReturn(56)) - s1@group-3D81F66BC438-LeaderElection104: Election TIMEOUT; received 1 response(s) [s1<-s0#0:FAIL-t241] and 0 exception(s); s1@group-3D81F66BC438:t241, leader=null, voted=s1, raftlog=s1@group-3D81F66BC438-SegmentedRaftLog:OPENED:c10,f11,i11, conf=11: [s0:0.0.0.0:42154, s1:0.0.0.0:36158, s2:0.0.0.0:36910], old=null
2019-09-24 12:00:25,251 WARN  ratis.RaftTestUtil (JavaUtils.java:attempt(158)) - FAILED "waitForLeader-null-(expectLeader? true)", attempt #20/100: java.lang.IllegalStateException: No leader yet : printing ALL groups
  s0:  RUNNING  FOLLOWER s0@group-3D81F66BC438:t242, leader=null, voted=null, raftlog=s0@group-3D81F66BC438-SegmentedRaftLog:OPENED:c11,f12,i12, conf=11: [s0:0.0.0.0:42154, s1:0.0.0.0:36158, s2:0.0.0.0:36910], old=null RUNNING
  s1:  RUNNING CANDIDATE s1@group-3D81F66BC438:t242, leader=null, voted=s1, raftlog=s1@group-3D81F66BC438-SegmentedRaftLog:OPENED:c10,f11,i11, conf=11: [s0:0.0.0.0:42154, s1:0.0.0.0:36158, s2:0.0.0.0:36910], old=null RUNNING
  s2:  RUNNING CANDIDATE s2@group-3D81F66BC438:t242, leader=null, voted=s2, raftlog=s2@group-3D81F66BC438-SegmentedRaftLog:OPENED:c10,f10,i10, conf=9: [s0:0.0.0.0:42154, s1:0.0.0.0:36158, s2:0.0.0.0:36910], old=null RUNNING, sleep 450ms and then retry.
java.lang.IllegalStateException: No leader yet : printing ALL groups
  s0:  RUNNING  FOLLOWER s0@group-3D81F66BC438:t242, leader=null, voted=null, raftlog=s0@group-3D81F66BC438-SegmentedRaftLog:OPENED:c11,f12,i12, conf=11: [s0:0.0.0.0:42154, s1:0.0.0.0:36158, s2:0.0.0.0:36910], old=null RUNNING
  s1:  RUNNING CANDIDATE s1@group-3D81F66BC438:t242, leader=null, voted=s1, raftlog=s1@group-3D81F66BC438-SegmentedRaftLog:OPENED:c10,f11,i11, conf=11: [s0:0.0.0.0:42154, s1:0.0.0.0:36158, s2:0.0.0.0:36910], old=null RUNNING
  s2:  RUNNING CANDIDATE s2@group-3D81F66BC438:t242, leader=null, voted=s2, raftlog=s2@group-3D81F66BC438-SegmentedRaftLog:OPENED:c10,f10,i10, conf=9: [s0:0.0.0.0:42154, s1:0.0.0.0:36158, s2:0.0.0.0:36910], old=null RUNNING
	at org.apache.ratis.MiniRaftCluster.newIllegalStateExceptionForNoLeaders(MiniRaftCluster.java:506)
	at org.apache.ratis.RaftTestUtil.lambda$waitForLeader$1(RaftTestUtil.java:90)
	at org.apache.ratis.MiniRaftCluster.getLeader(MiniRaftCluster.java:539)
	at org.apache.ratis.MiniRaftCluster.getLeader(MiniRaftCluster.java:532)
	at org.apache.ratis.RaftTestUtil.lambda$waitForLeader$3(RaftTestUtil.java:98)
	at org.apache.ratis.util.JavaUtils.attempt(JavaUtils.java:152)
	at org.apache.ratis.RaftTestUtil.waitForLeader(RaftTestUtil.java:97)
	at org.apache.ratis.RaftTestUtil.waitForLeader(RaftTestUtil.java:77)
	at org.apache.ratis.RaftTestUtil.waitForLeader(RaftTestUtil.java:72)
	at org.apache.ratis.RaftTestUtil.lambda$changeLeader$7(RaftTestUtil.java:363)
	at org.apache.ratis.util.JavaUtils.attempt(JavaUtils.java:152)
	at org.apache.ratis.RaftTestUtil.changeLeader(RaftTestUtil.java:362)
	at org.apache.ratis.server.impl.LeaderElectionTests.testChangeLeader(LeaderElectionTests.java:81)
	at sun.reflect.NativeMethodAccessorImpl.invoke0(Native Method)
	at sun.reflect.NativeMethodAccessorImpl.invoke(NativeMethodAccessorImpl.java:62)
	at sun.reflect.DelegatingMethodAccessorImpl.invoke(DelegatingMethodAccessorImpl.java:43)
	at java.lang.reflect.Method.invoke(Method.java:498)
	at org.junit.runners.model.FrameworkMethod$1.runReflectiveCall(FrameworkMethod.java:50)
	at org.junit.internal.runners.model.ReflectiveCallable.run(ReflectiveCallable.java:12)
	at org.junit.runners.model.FrameworkMethod.invokeExplosively(FrameworkMethod.java:47)
	at org.junit.internal.runners.statements.InvokeMethod.evaluate(InvokeMethod.java:17)
	at org.junit.internal.runners.statements.RunAfters.evaluate(RunAfters.java:27)
	at org.junit.internal.runners.statements.FailOnTimeout$CallableStatement.call(FailOnTimeout.java:298)
	at org.junit.internal.runners.statements.FailOnTimeout$CallableStatement.call(FailOnTimeout.java:292)
	at java.util.concurrent.FutureTask.run(FutureTask.java:266)
	at java.lang.Thread.run(Thread.java:748)
2019-09-24 12:00:25,271 INFO  impl.FollowerState (FollowerState.java:run(108)) - s0@group-3D81F66BC438-FollowerState: change to CANDIDATE, lastRpcTime:166ms, electionTimeout:166ms
2019-09-24 12:00:25,271 INFO  impl.RoleInfo (RoleInfo.java:shutdownFollowerState(121)) - s0: shutdown FollowerState
2019-09-24 12:00:25,271 INFO  impl.RaftServerImpl (RaftServerImpl.java:setRole(170)) - s0@group-3D81F66BC438: changes role from  FOLLOWER to CANDIDATE at term 242 for changeToCandidate
2019-09-24 12:00:25,272 INFO  impl.RoleInfo (RoleInfo.java:updateAndGet(143)) - s0: start LeaderElection
2019-09-24 12:00:25,276 INFO  impl.LeaderElection (LeaderElection.java:askForVotes(178)) - s1@group-3D81F66BC438-LeaderElection104: begin an election at term 242 for 11: [s0:0.0.0.0:42154, s1:0.0.0.0:36158, s2:0.0.0.0:36910], old=null
2019-09-24 12:00:25,277 DEBUG impl.RaftServerImpl (RaftServerImpl.java:requestVote(743)) - s0@group-3D81F66BC438: receive requestVote(s1, group-3D81F66BC438, 242, (t:14, i:11))
2019-09-24 12:00:25,278 INFO  impl.LeaderElection (LeaderElection.java:logAndReturn(56)) - s2@group-3D81F66BC438-LeaderElection106: Election TIMEOUT; received 1 response(s) [s2<-s0#0:FAIL-t242] and 0 exception(s); s2@group-3D81F66BC438:t242, leader=null, voted=s2, raftlog=s2@group-3D81F66BC438-SegmentedRaftLog:OPENED:c10,f10,i10, conf=9: [s0:0.0.0.0:42154, s1:0.0.0.0:36158, s2:0.0.0.0:36910], old=null
2019-09-24 12:00:25,290 INFO  impl.LeaderElection (LeaderElection.java:askForVotes(178)) - s0@group-3D81F66BC438-LeaderElection108: begin an election at term 243 for 11: [s0:0.0.0.0:42154, s1:0.0.0.0:36158, s2:0.0.0.0:36910], old=null
2019-09-24 12:00:25,290 DEBUG impl.RaftServerImpl (RaftServerImpl.java:requestVote(775)) - s0@group-3D81F66BC438 replies to vote request: s1<-s0#0:FAIL-t243. Peer's state: s0@group-3D81F66BC438:t243, leader=null, voted=s0, raftlog=s0@group-3D81F66BC438-SegmentedRaftLog:OPENED:c11,f12,i12, conf=11: [s0:0.0.0.0:42154, s1:0.0.0.0:36158, s2:0.0.0.0:36910], old=null
2019-09-24 12:00:25,290 INFO  impl.LeaderElection (LeaderElection.java:logAndReturn(56)) - s1@group-3D81F66BC438-LeaderElection104: Election DISCOVERED_A_NEW_TERM; received 1 response(s) [s1<-s0#0:FAIL-t243] and 0 exception(s); s1@group-3D81F66BC438:t242, leader=null, voted=s1, raftlog=s1@group-3D81F66BC438-SegmentedRaftLog:OPENED:c10,f11,i11, conf=11: [s0:0.0.0.0:42154, s1:0.0.0.0:36158, s2:0.0.0.0:36910], old=null
2019-09-24 12:00:25,290 INFO  impl.RaftServerImpl (RaftServerImpl.java:setRole(170)) - s1@group-3D81F66BC438: changes role from CANDIDATE to FOLLOWER at term 243 for DISCOVERED_A_NEW_TERM
2019-09-24 12:00:25,290 INFO  impl.RoleInfo (RoleInfo.java:shutdownLeaderElection(134)) - s1: shutdown LeaderElection
2019-09-24 12:00:25,291 INFO  impl.RoleInfo (RoleInfo.java:updateAndGet(143)) - s1: start FollowerState
2019-09-24 12:00:25,292 INFO  impl.LeaderElection (LeaderElection.java:askForVotes(178)) - s2@group-3D81F66BC438-LeaderElection106: begin an election at term 243 for 9: [s0:0.0.0.0:42154, s1:0.0.0.0:36158, s2:0.0.0.0:36910], old=null
2019-09-24 12:00:25,292 DEBUG impl.RaftServerImpl (RaftServerImpl.java:requestVote(743)) - s0@group-3D81F66BC438: receive requestVote(s2, group-3D81F66BC438, 243, (t:13, i:10))
2019-09-24 12:00:25,292 DEBUG impl.RaftServerImpl (RaftServerImpl.java:requestVote(775)) - s0@group-3D81F66BC438 replies to vote request: s2<-s0#0:FAIL-t243. Peer's state: s0@group-3D81F66BC438:t243, leader=null, voted=s0, raftlog=s0@group-3D81F66BC438-SegmentedRaftLog:OPENED:c11,f12,i12, conf=11: [s0:0.0.0.0:42154, s1:0.0.0.0:36158, s2:0.0.0.0:36910], old=null
2019-09-24 12:00:25,443 INFO  ratis.MiniRaftCluster (MiniRaftCluster.java:lambda$null$5(297)) - TIMED-PRINT: printing ALL groups
  s0:  RUNNING CANDIDATE s0@group-3D81F66BC438:t243, leader=null, voted=s0, raftlog=s0@group-3D81F66BC438-SegmentedRaftLog:OPENED:c11,f12,i12, conf=11: [s0:0.0.0.0:42154, s1:0.0.0.0:36158, s2:0.0.0.0:36910], old=null RUNNING
  s1:  RUNNING  FOLLOWER s1@group-3D81F66BC438:t243, leader=null, voted=null, raftlog=s1@group-3D81F66BC438-SegmentedRaftLog:OPENED:c10,f11,i11, conf=11: [s0:0.0.0.0:42154, s1:0.0.0.0:36158, s2:0.0.0.0:36910], old=null RUNNING
  s2:  RUNNING CANDIDATE s2@group-3D81F66BC438:t243, leader=null, voted=s2, raftlog=s2@group-3D81F66BC438-SegmentedRaftLog:OPENED:c10,f10,i10, conf=9: [s0:0.0.0.0:42154, s1:0.0.0.0:36158, s2:0.0.0.0:36910], old=null RUNNING
2019-09-24 12:00:25,484 INFO  impl.LeaderElection (LeaderElection.java:logAndReturn(56)) - s0@group-3D81F66BC438-LeaderElection108: Election TIMEOUT; received 0 response(s) [] and 0 exception(s); s0@group-3D81F66BC438:t243, leader=null, voted=s0, raftlog=s0@group-3D81F66BC438-SegmentedRaftLog:OPENED:c11,f12,i12, conf=11: [s0:0.0.0.0:42154, s1:0.0.0.0:36158, s2:0.0.0.0:36910], old=null
2019-09-24 12:00:25,499 INFO  impl.LeaderElection (LeaderElection.java:askForVotes(178)) - s0@group-3D81F66BC438-LeaderElection108: begin an election at term 244 for 11: [s0:0.0.0.0:42154, s1:0.0.0.0:36158, s2:0.0.0.0:36910], old=null
2019-09-24 12:00:25,533 INFO  impl.LeaderElection (LeaderElection.java:logAndReturn(56)) - s2@group-3D81F66BC438-LeaderElection106: Election TIMEOUT; received 1 response(s) [s2<-s0#0:FAIL-t243] and 0 exception(s); s2@group-3D81F66BC438:t243, leader=null, voted=s2, raftlog=s2@group-3D81F66BC438-SegmentedRaftLog:OPENED:c10,f10,i10, conf=9: [s0:0.0.0.0:42154, s1:0.0.0.0:36158, s2:0.0.0.0:36910], old=null
2019-09-24 12:00:25,554 INFO  impl.FollowerState (FollowerState.java:run(108)) - s1@group-3D81F66BC438-FollowerState: change to CANDIDATE, lastRpcTime:263ms, electionTimeout:263ms
2019-09-24 12:00:25,554 INFO  impl.RoleInfo (RoleInfo.java:shutdownFollowerState(121)) - s1: shutdown FollowerState
2019-09-24 12:00:25,554 INFO  impl.RaftServerImpl (RaftServerImpl.java:setRole(170)) - s1@group-3D81F66BC438: changes role from  FOLLOWER to CANDIDATE at term 243 for changeToCandidate
2019-09-24 12:00:25,555 INFO  impl.RoleInfo (RoleInfo.java:updateAndGet(143)) - s1: start LeaderElection
2019-09-24 12:00:25,559 INFO  impl.LeaderElection (LeaderElection.java:askForVotes(178)) - s2@group-3D81F66BC438-LeaderElection106: begin an election at term 244 for 9: [s0:0.0.0.0:42154, s1:0.0.0.0:36158, s2:0.0.0.0:36910], old=null
2019-09-24 12:00:25,560 DEBUG impl.RaftServerImpl (RaftServerImpl.java:requestVote(743)) - s0@group-3D81F66BC438: receive requestVote(s2, group-3D81F66BC438, 244, (t:13, i:10))
2019-09-24 12:00:25,560 DEBUG impl.RaftServerImpl (RaftServerImpl.java:requestVote(775)) - s0@group-3D81F66BC438 replies to vote request: s2<-s0#0:FAIL-t244. Peer's state: s0@group-3D81F66BC438:t244, leader=null, voted=s0, raftlog=s0@group-3D81F66BC438-SegmentedRaftLog:OPENED:c11,f12,i12, conf=11: [s0:0.0.0.0:42154, s1:0.0.0.0:36158, s2:0.0.0.0:36910], old=null
2019-09-24 12:00:25,563 INFO  impl.LeaderElection (LeaderElection.java:askForVotes(178)) - s1@group-3D81F66BC438-LeaderElection109: begin an election at term 244 for 11: [s0:0.0.0.0:42154, s1:0.0.0.0:36158, s2:0.0.0.0:36910], old=null
2019-09-24 12:00:25,563 DEBUG impl.RaftServerImpl (RaftServerImpl.java:requestVote(743)) - s0@group-3D81F66BC438: receive requestVote(s1, group-3D81F66BC438, 244, (t:14, i:11))
2019-09-24 12:00:25,564 DEBUG impl.RaftServerImpl (RaftServerImpl.java:requestVote(775)) - s0@group-3D81F66BC438 replies to vote request: s1<-s0#0:FAIL-t244. Peer's state: s0@group-3D81F66BC438:t244, leader=null, voted=s0, raftlog=s0@group-3D81F66BC438-SegmentedRaftLog:OPENED:c11,f12,i12, conf=11: [s0:0.0.0.0:42154, s1:0.0.0.0:36158, s2:0.0.0.0:36910], old=null
2019-09-24 12:00:25,702 WARN  ratis.RaftTestUtil (JavaUtils.java:attempt(158)) - FAILED "waitForLeader-null-(expectLeader? true)", attempt #21/100: java.lang.IllegalStateException: No leader yet : printing ALL groups
  s0:  RUNNING CANDIDATE s0@group-3D81F66BC438:t244, leader=null, voted=s0, raftlog=s0@group-3D81F66BC438-SegmentedRaftLog:OPENED:c11,f12,i12, conf=11: [s0:0.0.0.0:42154, s1:0.0.0.0:36158, s2:0.0.0.0:36910], old=null RUNNING
  s1:  RUNNING CANDIDATE s1@group-3D81F66BC438:t244, leader=null, voted=s1, raftlog=s1@group-3D81F66BC438-SegmentedRaftLog:OPENED:c10,f11,i11, conf=11: [s0:0.0.0.0:42154, s1:0.0.0.0:36158, s2:0.0.0.0:36910], old=null RUNNING
  s2:  RUNNING CANDIDATE s2@group-3D81F66BC438:t244, leader=null, voted=s2, raftlog=s2@group-3D81F66BC438-SegmentedRaftLog:OPENED:c10,f10,i10, conf=9: [s0:0.0.0.0:42154, s1:0.0.0.0:36158, s2:0.0.0.0:36910], old=null RUNNING, sleep 450ms and then retry.
java.lang.IllegalStateException: No leader yet : printing ALL groups
  s0:  RUNNING CANDIDATE s0@group-3D81F66BC438:t244, leader=null, voted=s0, raftlog=s0@group-3D81F66BC438-SegmentedRaftLog:OPENED:c11,f12,i12, conf=11: [s0:0.0.0.0:42154, s1:0.0.0.0:36158, s2:0.0.0.0:36910], old=null RUNNING
  s1:  RUNNING CANDIDATE s1@group-3D81F66BC438:t244, leader=null, voted=s1, raftlog=s1@group-3D81F66BC438-SegmentedRaftLog:OPENED:c10,f11,i11, conf=11: [s0:0.0.0.0:42154, s1:0.0.0.0:36158, s2:0.0.0.0:36910], old=null RUNNING
  s2:  RUNNING CANDIDATE s2@group-3D81F66BC438:t244, leader=null, voted=s2, raftlog=s2@group-3D81F66BC438-SegmentedRaftLog:OPENED:c10,f10,i10, conf=9: [s0:0.0.0.0:42154, s1:0.0.0.0:36158, s2:0.0.0.0:36910], old=null RUNNING
	at org.apache.ratis.MiniRaftCluster.newIllegalStateExceptionForNoLeaders(MiniRaftCluster.java:506)
	at org.apache.ratis.RaftTestUtil.lambda$waitForLeader$1(RaftTestUtil.java:90)
	at org.apache.ratis.MiniRaftCluster.getLeader(MiniRaftCluster.java:539)
	at org.apache.ratis.MiniRaftCluster.getLeader(MiniRaftCluster.java:532)
	at org.apache.ratis.RaftTestUtil.lambda$waitForLeader$3(RaftTestUtil.java:98)
	at org.apache.ratis.util.JavaUtils.attempt(JavaUtils.java:152)
	at org.apache.ratis.RaftTestUtil.waitForLeader(RaftTestUtil.java:97)
	at org.apache.ratis.RaftTestUtil.waitForLeader(RaftTestUtil.java:77)
	at org.apache.ratis.RaftTestUtil.waitForLeader(RaftTestUtil.java:72)
	at org.apache.ratis.RaftTestUtil.lambda$changeLeader$7(RaftTestUtil.java:363)
	at org.apache.ratis.util.JavaUtils.attempt(JavaUtils.java:152)
	at org.apache.ratis.RaftTestUtil.changeLeader(RaftTestUtil.java:362)
	at org.apache.ratis.server.impl.LeaderElectionTests.testChangeLeader(LeaderElectionTests.java:81)
	at sun.reflect.NativeMethodAccessorImpl.invoke0(Native Method)
	at sun.reflect.NativeMethodAccessorImpl.invoke(NativeMethodAccessorImpl.java:62)
	at sun.reflect.DelegatingMethodAccessorImpl.invoke(DelegatingMethodAccessorImpl.java:43)
	at java.lang.reflect.Method.invoke(Method.java:498)
	at org.junit.runners.model.FrameworkMethod$1.runReflectiveCall(FrameworkMethod.java:50)
	at org.junit.internal.runners.model.ReflectiveCallable.run(ReflectiveCallable.java:12)
	at org.junit.runners.model.FrameworkMethod.invokeExplosively(FrameworkMethod.java:47)
	at org.junit.internal.runners.statements.InvokeMethod.evaluate(InvokeMethod.java:17)
	at org.junit.internal.runners.statements.RunAfters.evaluate(RunAfters.java:27)
	at org.junit.internal.runners.statements.FailOnTimeout$CallableStatement.call(FailOnTimeout.java:298)
	at org.junit.internal.runners.statements.FailOnTimeout$CallableStatement.call(FailOnTimeout.java:292)
	at java.util.concurrent.FutureTask.run(FutureTask.java:266)
	at java.lang.Thread.run(Thread.java:748)
2019-09-24 12:00:25,742 INFO  impl.LeaderElection (LeaderElection.java:logAndReturn(56)) - s0@group-3D81F66BC438-LeaderElection108: Election TIMEOUT; received 0 response(s) [] and 0 exception(s); s0@group-3D81F66BC438:t244, leader=null, voted=s0, raftlog=s0@group-3D81F66BC438-SegmentedRaftLog:OPENED:c11,f12,i12, conf=11: [s0:0.0.0.0:42154, s1:0.0.0.0:36158, s2:0.0.0.0:36910], old=null
2019-09-24 12:00:25,757 INFO  impl.LeaderElection (LeaderElection.java:askForVotes(178)) - s0@group-3D81F66BC438-LeaderElection108: begin an election at term 245 for 11: [s0:0.0.0.0:42154, s1:0.0.0.0:36158, s2:0.0.0.0:36910], old=null
2019-09-24 12:00:25,777 INFO  impl.LeaderElection (LeaderElection.java:logAndReturn(56)) - s2@group-3D81F66BC438-LeaderElection106: Election TIMEOUT; received 1 response(s) [s2<-s0#0:FAIL-t244] and 0 exception(s); s2@group-3D81F66BC438:t244, leader=null, voted=s2, raftlog=s2@group-3D81F66BC438-SegmentedRaftLog:OPENED:c10,f10,i10, conf=9: [s0:0.0.0.0:42154, s1:0.0.0.0:36158, s2:0.0.0.0:36910], old=null
2019-09-24 12:00:25,802 INFO  impl.LeaderElection (LeaderElection.java:askForVotes(178)) - s2@group-3D81F66BC438-LeaderElection106: begin an election at term 245 for 9: [s0:0.0.0.0:42154, s1:0.0.0.0:36158, s2:0.0.0.0:36910], old=null
2019-09-24 12:00:25,802 DEBUG impl.RaftServerImpl (RaftServerImpl.java:requestVote(743)) - s0@group-3D81F66BC438: receive requestVote(s2, group-3D81F66BC438, 245, (t:13, i:10))
2019-09-24 12:00:25,803 DEBUG impl.RaftServerImpl (RaftServerImpl.java:requestVote(775)) - s0@group-3D81F66BC438 replies to vote request: s2<-s0#0:FAIL-t245. Peer's state: s0@group-3D81F66BC438:t245, leader=null, voted=s0, raftlog=s0@group-3D81F66BC438-SegmentedRaftLog:OPENED:c11,f12,i12, conf=11: [s0:0.0.0.0:42154, s1:0.0.0.0:36158, s2:0.0.0.0:36910], old=null
2019-09-24 12:00:25,862 INFO  impl.LeaderElection (LeaderElection.java:logAndReturn(56)) - s1@group-3D81F66BC438-LeaderElection109: Election TIMEOUT; received 1 response(s) [s1<-s0#0:FAIL-t244] and 0 exception(s); s1@group-3D81F66BC438:t244, leader=null, voted=s1, raftlog=s1@group-3D81F66BC438-SegmentedRaftLog:OPENED:c10,f11,i11, conf=11: [s0:0.0.0.0:42154, s1:0.0.0.0:36158, s2:0.0.0.0:36910], old=null
2019-09-24 12:00:25,875 INFO  impl.LeaderElection (LeaderElection.java:askForVotes(178)) - s1@group-3D81F66BC438-LeaderElection109: begin an election at term 245 for 11: [s0:0.0.0.0:42154, s1:0.0.0.0:36158, s2:0.0.0.0:36910], old=null
2019-09-24 12:00:25,876 DEBUG impl.RaftServerImpl (RaftServerImpl.java:requestVote(743)) - s0@group-3D81F66BC438: receive requestVote(s1, group-3D81F66BC438, 245, (t:14, i:11))
2019-09-24 12:00:25,876 DEBUG impl.RaftServerImpl (RaftServerImpl.java:requestVote(775)) - s0@group-3D81F66BC438 replies to vote request: s1<-s0#0:FAIL-t245. Peer's state: s0@group-3D81F66BC438:t245, leader=null, voted=s0, raftlog=s0@group-3D81F66BC438-SegmentedRaftLog:OPENED:c11,f12,i12, conf=11: [s0:0.0.0.0:42154, s1:0.0.0.0:36158, s2:0.0.0.0:36910], old=null
2019-09-24 12:00:26,002 INFO  impl.LeaderElection (LeaderElection.java:logAndReturn(56)) - s0@group-3D81F66BC438-LeaderElection108: Election TIMEOUT; received 0 response(s) [] and 0 exception(s); s0@group-3D81F66BC438:t245, leader=null, voted=s0, raftlog=s0@group-3D81F66BC438-SegmentedRaftLog:OPENED:c11,f12,i12, conf=11: [s0:0.0.0.0:42154, s1:0.0.0.0:36158, s2:0.0.0.0:36910], old=null
2019-09-24 12:00:26,009 INFO  impl.LeaderElection (LeaderElection.java:logAndReturn(56)) - s2@group-3D81F66BC438-LeaderElection106: Election TIMEOUT; received 1 response(s) [s2<-s0#0:FAIL-t245] and 0 exception(s); s2@group-3D81F66BC438:t245, leader=null, voted=s2, raftlog=s2@group-3D81F66BC438-SegmentedRaftLog:OPENED:c10,f10,i10, conf=9: [s0:0.0.0.0:42154, s1:0.0.0.0:36158, s2:0.0.0.0:36910], old=null
2019-09-24 12:00:26,018 INFO  impl.LeaderElection (LeaderElection.java:askForVotes(178)) - s2@group-3D81F66BC438-LeaderElection106: begin an election at term 246 for 9: [s0:0.0.0.0:42154, s1:0.0.0.0:36158, s2:0.0.0.0:36910], old=null
2019-09-24 12:00:26,018 INFO  impl.LeaderElection (LeaderElection.java:askForVotes(178)) - s0@group-3D81F66BC438-LeaderElection108: begin an election at term 246 for 11: [s0:0.0.0.0:42154, s1:0.0.0.0:36158, s2:0.0.0.0:36910], old=null
2019-09-24 12:00:26,018 DEBUG impl.RaftServerImpl (RaftServerImpl.java:requestVote(743)) - s0@group-3D81F66BC438: receive requestVote(s2, group-3D81F66BC438, 246, (t:13, i:10))
2019-09-24 12:00:26,019 DEBUG impl.RaftServerImpl (RaftServerImpl.java:requestVote(775)) - s0@group-3D81F66BC438 replies to vote request: s2<-s0#0:FAIL-t246. Peer's state: s0@group-3D81F66BC438:t246, leader=null, voted=s0, raftlog=s0@group-3D81F66BC438-SegmentedRaftLog:OPENED:c11,f12,i12, conf=11: [s0:0.0.0.0:42154, s1:0.0.0.0:36158, s2:0.0.0.0:36910], old=null
2019-09-24 12:00:26,117 INFO  impl.LeaderElection (LeaderElection.java:logAndReturn(56)) - s1@group-3D81F66BC438-LeaderElection109: Election TIMEOUT; received 1 response(s) [s1<-s0#0:FAIL-t245] and 0 exception(s); s1@group-3D81F66BC438:t245, leader=null, voted=s1, raftlog=s1@group-3D81F66BC438-SegmentedRaftLog:OPENED:c10,f11,i11, conf=11: [s0:0.0.0.0:42154, s1:0.0.0.0:36158, s2:0.0.0.0:36910], old=null
2019-09-24 12:00:26,143 INFO  impl.LeaderElection (LeaderElection.java:askForVotes(178)) - s1@group-3D81F66BC438-LeaderElection109: begin an election at term 246 for 11: [s0:0.0.0.0:42154, s1:0.0.0.0:36158, s2:0.0.0.0:36910], old=null
2019-09-24 12:00:26,143 DEBUG impl.RaftServerImpl (RaftServerImpl.java:requestVote(743)) - s0@group-3D81F66BC438: receive requestVote(s1, group-3D81F66BC438, 246, (t:14, i:11))
2019-09-24 12:00:26,143 DEBUG impl.RaftServerImpl (RaftServerImpl.java:requestVote(775)) - s0@group-3D81F66BC438 replies to vote request: s1<-s0#0:FAIL-t246. Peer's state: s0@group-3D81F66BC438:t246, leader=null, voted=s0, raftlog=s0@group-3D81F66BC438-SegmentedRaftLog:OPENED:c11,f12,i12, conf=11: [s0:0.0.0.0:42154, s1:0.0.0.0:36158, s2:0.0.0.0:36910], old=null
2019-09-24 12:00:26,153 WARN  ratis.RaftTestUtil (JavaUtils.java:attempt(158)) - FAILED "waitForLeader-null-(expectLeader? true)", attempt #22/100: java.lang.IllegalStateException: No leader yet : printing ALL groups
  s0:  RUNNING CANDIDATE s0@group-3D81F66BC438:t246, leader=null, voted=s0, raftlog=s0@group-3D81F66BC438-SegmentedRaftLog:OPENED:c11,f12,i12, conf=11: [s0:0.0.0.0:42154, s1:0.0.0.0:36158, s2:0.0.0.0:36910], old=null RUNNING
  s1:  RUNNING CANDIDATE s1@group-3D81F66BC438:t246, leader=null, voted=s1, raftlog=s1@group-3D81F66BC438-SegmentedRaftLog:OPENED:c10,f11,i11, conf=11: [s0:0.0.0.0:42154, s1:0.0.0.0:36158, s2:0.0.0.0:36910], old=null RUNNING
  s2:  RUNNING CANDIDATE s2@group-3D81F66BC438:t246, leader=null, voted=s2, raftlog=s2@group-3D81F66BC438-SegmentedRaftLog:OPENED:c10,f10,i10, conf=9: [s0:0.0.0.0:42154, s1:0.0.0.0:36158, s2:0.0.0.0:36910], old=null RUNNING, sleep 450ms and then retry.
java.lang.IllegalStateException: No leader yet : printing ALL groups
  s0:  RUNNING CANDIDATE s0@group-3D81F66BC438:t246, leader=null, voted=s0, raftlog=s0@group-3D81F66BC438-SegmentedRaftLog:OPENED:c11,f12,i12, conf=11: [s0:0.0.0.0:42154, s1:0.0.0.0:36158, s2:0.0.0.0:36910], old=null RUNNING
  s1:  RUNNING CANDIDATE s1@group-3D81F66BC438:t246, leader=null, voted=s1, raftlog=s1@group-3D81F66BC438-SegmentedRaftLog:OPENED:c10,f11,i11, conf=11: [s0:0.0.0.0:42154, s1:0.0.0.0:36158, s2:0.0.0.0:36910], old=null RUNNING
  s2:  RUNNING CANDIDATE s2@group-3D81F66BC438:t246, leader=null, voted=s2, raftlog=s2@group-3D81F66BC438-SegmentedRaftLog:OPENED:c10,f10,i10, conf=9: [s0:0.0.0.0:42154, s1:0.0.0.0:36158, s2:0.0.0.0:36910], old=null RUNNING
	at org.apache.ratis.MiniRaftCluster.newIllegalStateExceptionForNoLeaders(MiniRaftCluster.java:506)
	at org.apache.ratis.RaftTestUtil.lambda$waitForLeader$1(RaftTestUtil.java:90)
	at org.apache.ratis.MiniRaftCluster.getLeader(MiniRaftCluster.java:539)
	at org.apache.ratis.MiniRaftCluster.getLeader(MiniRaftCluster.java:532)
	at org.apache.ratis.RaftTestUtil.lambda$waitForLeader$3(RaftTestUtil.java:98)
	at org.apache.ratis.util.JavaUtils.attempt(JavaUtils.java:152)
	at org.apache.ratis.RaftTestUtil.waitForLeader(RaftTestUtil.java:97)
	at org.apache.ratis.RaftTestUtil.waitForLeader(RaftTestUtil.java:77)
	at org.apache.ratis.RaftTestUtil.waitForLeader(RaftTestUtil.java:72)
	at org.apache.ratis.RaftTestUtil.lambda$changeLeader$7(RaftTestUtil.java:363)
	at org.apache.ratis.util.JavaUtils.attempt(JavaUtils.java:152)
	at org.apache.ratis.RaftTestUtil.changeLeader(RaftTestUtil.java:362)
	at org.apache.ratis.server.impl.LeaderElectionTests.testChangeLeader(LeaderElectionTests.java:81)
	at sun.reflect.NativeMethodAccessorImpl.invoke0(Native Method)
	at sun.reflect.NativeMethodAccessorImpl.invoke(NativeMethodAccessorImpl.java:62)
	at sun.reflect.DelegatingMethodAccessorImpl.invoke(DelegatingMethodAccessorImpl.java:43)
	at java.lang.reflect.Method.invoke(Method.java:498)
	at org.junit.runners.model.FrameworkMethod$1.runReflectiveCall(FrameworkMethod.java:50)
	at org.junit.internal.runners.model.ReflectiveCallable.run(ReflectiveCallable.java:12)
	at org.junit.runners.model.FrameworkMethod.invokeExplosively(FrameworkMethod.java:47)
	at org.junit.internal.runners.statements.InvokeMethod.evaluate(InvokeMethod.java:17)
	at org.junit.internal.runners.statements.RunAfters.evaluate(RunAfters.java:27)
	at org.junit.internal.runners.statements.FailOnTimeout$CallableStatement.call(FailOnTimeout.java:298)
	at org.junit.internal.runners.statements.FailOnTimeout$CallableStatement.call(FailOnTimeout.java:292)
	at java.util.concurrent.FutureTask.run(FutureTask.java:266)
	at java.lang.Thread.run(Thread.java:748)
2019-09-24 12:00:26,188 INFO  impl.LeaderElection (LeaderElection.java:logAndReturn(56)) - s2@group-3D81F66BC438-LeaderElection106: Election TIMEOUT; received 1 response(s) [s2<-s0#0:FAIL-t246] and 0 exception(s); s2@group-3D81F66BC438:t246, leader=null, voted=s2, raftlog=s2@group-3D81F66BC438-SegmentedRaftLog:OPENED:c10,f10,i10, conf=9: [s0:0.0.0.0:42154, s1:0.0.0.0:36158, s2:0.0.0.0:36910], old=null
2019-09-24 12:00:26,214 INFO  impl.LeaderElection (LeaderElection.java:askForVotes(178)) - s2@group-3D81F66BC438-LeaderElection106: begin an election at term 247 for 9: [s0:0.0.0.0:42154, s1:0.0.0.0:36158, s2:0.0.0.0:36910], old=null
2019-09-24 12:00:26,215 DEBUG impl.RaftServerImpl (RaftServerImpl.java:requestVote(743)) - s0@group-3D81F66BC438: receive requestVote(s2, group-3D81F66BC438, 247, (t:13, i:10))
2019-09-24 12:00:26,215 INFO  impl.RaftServerImpl (RaftServerImpl.java:setRole(170)) - s0@group-3D81F66BC438: changes role from CANDIDATE to FOLLOWER at term 247 for recognizeCandidate:s2
2019-09-24 12:00:26,215 INFO  impl.RoleInfo (RoleInfo.java:shutdownLeaderElection(134)) - s0: shutdown LeaderElection
2019-09-24 12:00:26,215 INFO  impl.RoleInfo (RoleInfo.java:updateAndGet(143)) - s0: start FollowerState
2019-09-24 12:00:26,228 DEBUG impl.RaftServerImpl (RaftServerImpl.java:requestVote(775)) - s0@group-3D81F66BC438 replies to vote request: s2<-s0#0:FAIL-t247. Peer's state: s0@group-3D81F66BC438:t247, leader=null, voted=null, raftlog=s0@group-3D81F66BC438-SegmentedRaftLog:OPENED:c11,f12,i12, conf=11: [s0:0.0.0.0:42154, s1:0.0.0.0:36158, s2:0.0.0.0:36910], old=null
2019-09-24 12:00:26,269 INFO  impl.LeaderElection (LeaderElection.java:logAndReturn(56)) - s0@group-3D81F66BC438-LeaderElection108: Election REJECTED; received 0 response(s) [] and 0 exception(s); s0@group-3D81F66BC438:t247, leader=null, voted=null, raftlog=s0@group-3D81F66BC438-SegmentedRaftLog:OPENED:c11,f12,i12, conf=11: [s0:0.0.0.0:42154, s1:0.0.0.0:36158, s2:0.0.0.0:36910], old=null
2019-09-24 12:00:26,354 INFO  impl.LeaderElection (LeaderElection.java:logAndReturn(56)) - s1@group-3D81F66BC438-LeaderElection109: Election TIMEOUT; received 1 response(s) [s1<-s0#0:FAIL-t246] and 0 exception(s); s1@group-3D81F66BC438:t246, leader=null, voted=s1, raftlog=s1@group-3D81F66BC438-SegmentedRaftLog:OPENED:c10,f11,i11, conf=11: [s0:0.0.0.0:42154, s1:0.0.0.0:36158, s2:0.0.0.0:36910], old=null
2019-09-24 12:00:26,380 INFO  impl.LeaderElection (LeaderElection.java:askForVotes(178)) - s1@group-3D81F66BC438-LeaderElection109: begin an election at term 247 for 11: [s0:0.0.0.0:42154, s1:0.0.0.0:36158, s2:0.0.0.0:36910], old=null
2019-09-24 12:00:26,380 DEBUG impl.RaftServerImpl (RaftServerImpl.java:requestVote(743)) - s0@group-3D81F66BC438: receive requestVote(s1, group-3D81F66BC438, 247, (t:14, i:11))
2019-09-24 12:00:26,381 INFO  impl.RaftServerImpl (RaftServerImpl.java:setRole(170)) - s0@group-3D81F66BC438: changes role from  FOLLOWER to FOLLOWER at term 247 for recognizeCandidate:s1
2019-09-24 12:00:26,381 INFO  impl.RoleInfo (RoleInfo.java:shutdownFollowerState(121)) - s0: shutdown FollowerState
2019-09-24 12:00:26,381 INFO  impl.RoleInfo (RoleInfo.java:updateAndGet(143)) - s0: start FollowerState
2019-09-24 12:00:26,381 INFO  impl.FollowerState (FollowerState.java:run(117)) - s0@group-3D81F66BC438-FollowerState was interrupted: java.lang.InterruptedException: sleep interrupted
2019-09-24 12:00:26,381 DEBUG impl.RaftServerImpl (RaftServerImpl.java:requestVote(775)) - s0@group-3D81F66BC438 replies to vote request: s1<-s0#0:FAIL-t247. Peer's state: s0@group-3D81F66BC438:t247, leader=null, voted=null, raftlog=s0@group-3D81F66BC438-SegmentedRaftLog:OPENED:c11,f12,i12, conf=11: [s0:0.0.0.0:42154, s1:0.0.0.0:36158, s2:0.0.0.0:36910], old=null
2019-09-24 12:00:26,416 INFO  impl.LeaderElection (LeaderElection.java:logAndReturn(56)) - s2@group-3D81F66BC438-LeaderElection106: Election TIMEOUT; received 1 response(s) [s2<-s0#0:FAIL-t247] and 0 exception(s); s2@group-3D81F66BC438:t247, leader=null, voted=s2, raftlog=s2@group-3D81F66BC438-SegmentedRaftLog:OPENED:c10,f10,i10, conf=9: [s0:0.0.0.0:42154, s1:0.0.0.0:36158, s2:0.0.0.0:36910], old=null
2019-09-24 12:00:26,429 INFO  impl.LeaderElection (LeaderElection.java:askForVotes(178)) - s2@group-3D81F66BC438-LeaderElection106: begin an election at term 248 for 9: [s0:0.0.0.0:42154, s1:0.0.0.0:36158, s2:0.0.0.0:36910], old=null
2019-09-24 12:00:26,430 DEBUG impl.RaftServerImpl (RaftServerImpl.java:requestVote(743)) - s0@group-3D81F66BC438: receive requestVote(s2, group-3D81F66BC438, 248, (t:13, i:10))
2019-09-24 12:00:26,430 INFO  impl.RaftServerImpl (RaftServerImpl.java:setRole(170)) - s0@group-3D81F66BC438: changes role from  FOLLOWER to FOLLOWER at term 248 for recognizeCandidate:s2
2019-09-24 12:00:26,430 INFO  impl.RoleInfo (RoleInfo.java:shutdownFollowerState(121)) - s0: shutdown FollowerState
2019-09-24 12:00:26,430 INFO  impl.RoleInfo (RoleInfo.java:updateAndGet(143)) - s0: start FollowerState
2019-09-24 12:00:26,430 INFO  impl.FollowerState (FollowerState.java:run(117)) - s0@group-3D81F66BC438-FollowerState was interrupted: java.lang.InterruptedException: sleep interrupted
2019-09-24 12:00:26,443 DEBUG impl.RaftServerImpl (RaftServerImpl.java:requestVote(775)) - s0@group-3D81F66BC438 replies to vote request: s2<-s0#0:FAIL-t248. Peer's state: s0@group-3D81F66BC438:t248, leader=null, voted=null, raftlog=s0@group-3D81F66BC438-SegmentedRaftLog:OPENED:c11,f12,i12, conf=11: [s0:0.0.0.0:42154, s1:0.0.0.0:36158, s2:0.0.0.0:36910], old=null
2019-09-24 12:00:26,604 WARN  ratis.RaftTestUtil (JavaUtils.java:attempt(158)) - FAILED "waitForLeader-null-(expectLeader? true)", attempt #23/100: java.lang.IllegalStateException: No leader yet : printing ALL groups
  s0:  RUNNING  FOLLOWER s0@group-3D81F66BC438:t248, leader=null, voted=null, raftlog=s0@group-3D81F66BC438-SegmentedRaftLog:OPENED:c11,f12,i12, conf=11: [s0:0.0.0.0:42154, s1:0.0.0.0:36158, s2:0.0.0.0:36910], old=null RUNNING
  s1:  RUNNING CANDIDATE s1@group-3D81F66BC438:t247, leader=null, voted=s1, raftlog=s1@group-3D81F66BC438-SegmentedRaftLog:OPENED:c10,f11,i11, conf=11: [s0:0.0.0.0:42154, s1:0.0.0.0:36158, s2:0.0.0.0:36910], old=null RUNNING
  s2:  RUNNING CANDIDATE s2@group-3D81F66BC438:t248, leader=null, voted=s2, raftlog=s2@group-3D81F66BC438-SegmentedRaftLog:OPENED:c10,f10,i10, conf=9: [s0:0.0.0.0:42154, s1:0.0.0.0:36158, s2:0.0.0.0:36910], old=null RUNNING, sleep 450ms and then retry.
java.lang.IllegalStateException: No leader yet : printing ALL groups
  s0:  RUNNING  FOLLOWER s0@group-3D81F66BC438:t248, leader=null, voted=null, raftlog=s0@group-3D81F66BC438-SegmentedRaftLog:OPENED:c11,f12,i12, conf=11: [s0:0.0.0.0:42154, s1:0.0.0.0:36158, s2:0.0.0.0:36910], old=null RUNNING
  s1:  RUNNING CANDIDATE s1@group-3D81F66BC438:t247, leader=null, voted=s1, raftlog=s1@group-3D81F66BC438-SegmentedRaftLog:OPENED:c10,f11,i11, conf=11: [s0:0.0.0.0:42154, s1:0.0.0.0:36158, s2:0.0.0.0:36910], old=null RUNNING
  s2:  RUNNING CANDIDATE s2@group-3D81F66BC438:t248, leader=null, voted=s2, raftlog=s2@group-3D81F66BC438-SegmentedRaftLog:OPENED:c10,f10,i10, conf=9: [s0:0.0.0.0:42154, s1:0.0.0.0:36158, s2:0.0.0.0:36910], old=null RUNNING
	at org.apache.ratis.MiniRaftCluster.newIllegalStateExceptionForNoLeaders(MiniRaftCluster.java:506)
	at org.apache.ratis.RaftTestUtil.lambda$waitForLeader$1(RaftTestUtil.java:90)
	at org.apache.ratis.MiniRaftCluster.getLeader(MiniRaftCluster.java:539)
	at org.apache.ratis.MiniRaftCluster.getLeader(MiniRaftCluster.java:532)
	at org.apache.ratis.RaftTestUtil.lambda$waitForLeader$3(RaftTestUtil.java:98)
	at org.apache.ratis.util.JavaUtils.attempt(JavaUtils.java:152)
	at org.apache.ratis.RaftTestUtil.waitForLeader(RaftTestUtil.java:97)
	at org.apache.ratis.RaftTestUtil.waitForLeader(RaftTestUtil.java:77)
	at org.apache.ratis.RaftTestUtil.waitForLeader(RaftTestUtil.java:72)
	at org.apache.ratis.RaftTestUtil.lambda$changeLeader$7(RaftTestUtil.java:363)
	at org.apache.ratis.util.JavaUtils.attempt(JavaUtils.java:152)
	at org.apache.ratis.RaftTestUtil.changeLeader(RaftTestUtil.java:362)
	at org.apache.ratis.server.impl.LeaderElectionTests.testChangeLeader(LeaderElectionTests.java:81)
	at sun.reflect.NativeMethodAccessorImpl.invoke0(Native Method)
	at sun.reflect.NativeMethodAccessorImpl.invoke(NativeMethodAccessorImpl.java:62)
	at sun.reflect.DelegatingMethodAccessorImpl.invoke(DelegatingMethodAccessorImpl.java:43)
	at java.lang.reflect.Method.invoke(Method.java:498)
	at org.junit.runners.model.FrameworkMethod$1.runReflectiveCall(FrameworkMethod.java:50)
	at org.junit.internal.runners.model.ReflectiveCallable.run(ReflectiveCallable.java:12)
	at org.junit.runners.model.FrameworkMethod.invokeExplosively(FrameworkMethod.java:47)
	at org.junit.internal.runners.statements.InvokeMethod.evaluate(InvokeMethod.java:17)
	at org.junit.internal.runners.statements.RunAfters.evaluate(RunAfters.java:27)
	at org.junit.internal.runners.statements.FailOnTimeout$CallableStatement.call(FailOnTimeout.java:298)
	at org.junit.internal.runners.statements.FailOnTimeout$CallableStatement.call(FailOnTimeout.java:292)
	at java.util.concurrent.FutureTask.run(FutureTask.java:266)
	at java.lang.Thread.run(Thread.java:748)
2019-09-24 12:00:26,623 INFO  impl.LeaderElection (LeaderElection.java:logAndReturn(56)) - s1@group-3D81F66BC438-LeaderElection109: Election TIMEOUT; received 1 response(s) [s1<-s0#0:FAIL-t247] and 0 exception(s); s1@group-3D81F66BC438:t247, leader=null, voted=s1, raftlog=s1@group-3D81F66BC438-SegmentedRaftLog:OPENED:c10,f11,i11, conf=11: [s0:0.0.0.0:42154, s1:0.0.0.0:36158, s2:0.0.0.0:36910], old=null
2019-09-24 12:00:26,649 INFO  impl.LeaderElection (LeaderElection.java:askForVotes(178)) - s1@group-3D81F66BC438-LeaderElection109: begin an election at term 248 for 11: [s0:0.0.0.0:42154, s1:0.0.0.0:36158, s2:0.0.0.0:36910], old=null
2019-09-24 12:00:26,649 DEBUG impl.RaftServerImpl (RaftServerImpl.java:requestVote(743)) - s0@group-3D81F66BC438: receive requestVote(s1, group-3D81F66BC438, 248, (t:14, i:11))
2019-09-24 12:00:26,649 INFO  impl.RaftServerImpl (RaftServerImpl.java:setRole(170)) - s0@group-3D81F66BC438: changes role from  FOLLOWER to FOLLOWER at term 248 for recognizeCandidate:s1
2019-09-24 12:00:26,650 INFO  impl.RoleInfo (RoleInfo.java:shutdownFollowerState(121)) - s0: shutdown FollowerState
2019-09-24 12:00:26,650 INFO  impl.RoleInfo (RoleInfo.java:updateAndGet(143)) - s0: start FollowerState
2019-09-24 12:00:26,650 INFO  impl.FollowerState (FollowerState.java:run(117)) - s0@group-3D81F66BC438-FollowerState was interrupted: java.lang.InterruptedException: sleep interrupted
2019-09-24 12:00:26,650 DEBUG impl.RaftServerImpl (RaftServerImpl.java:requestVote(775)) - s0@group-3D81F66BC438 replies to vote request: s1<-s0#0:FAIL-t248. Peer's state: s0@group-3D81F66BC438:t248, leader=null, voted=null, raftlog=s0@group-3D81F66BC438-SegmentedRaftLog:OPENED:c11,f12,i12, conf=11: [s0:0.0.0.0:42154, s1:0.0.0.0:36158, s2:0.0.0.0:36910], old=null
2019-09-24 12:00:26,691 INFO  impl.LeaderElection (LeaderElection.java:logAndReturn(56)) - s2@group-3D81F66BC438-LeaderElection106: Election TIMEOUT; received 1 response(s) [s2<-s0#0:FAIL-t248] and 0 exception(s); s2@group-3D81F66BC438:t248, leader=null, voted=s2, raftlog=s2@group-3D81F66BC438-SegmentedRaftLog:OPENED:c10,f10,i10, conf=9: [s0:0.0.0.0:42154, s1:0.0.0.0:36158, s2:0.0.0.0:36910], old=null
2019-09-24 12:00:26,704 INFO  impl.LeaderElection (LeaderElection.java:askForVotes(178)) - s2@group-3D81F66BC438-LeaderElection106: begin an election at term 249 for 9: [s0:0.0.0.0:42154, s1:0.0.0.0:36158, s2:0.0.0.0:36910], old=null
2019-09-24 12:00:26,704 DEBUG impl.RaftServerImpl (RaftServerImpl.java:requestVote(743)) - s0@group-3D81F66BC438: receive requestVote(s2, group-3D81F66BC438, 249, (t:13, i:10))
2019-09-24 12:00:26,704 INFO  impl.RaftServerImpl (RaftServerImpl.java:setRole(170)) - s0@group-3D81F66BC438: changes role from  FOLLOWER to FOLLOWER at term 249 for recognizeCandidate:s2
2019-09-24 12:00:26,704 INFO  impl.RoleInfo (RoleInfo.java:shutdownFollowerState(121)) - s0: shutdown FollowerState
2019-09-24 12:00:26,705 INFO  impl.RoleInfo (RoleInfo.java:updateAndGet(143)) - s0: start FollowerState
2019-09-24 12:00:26,705 INFO  impl.FollowerState (FollowerState.java:run(117)) - s0@group-3D81F66BC438-FollowerState was interrupted: java.lang.InterruptedException: sleep interrupted
2019-09-24 12:00:26,719 DEBUG impl.RaftServerImpl (RaftServerImpl.java:requestVote(775)) - s0@group-3D81F66BC438 replies to vote request: s2<-s0#0:FAIL-t249. Peer's state: s0@group-3D81F66BC438:t249, leader=null, voted=null, raftlog=s0@group-3D81F66BC438-SegmentedRaftLog:OPENED:c11,f12,i12, conf=11: [s0:0.0.0.0:42154, s1:0.0.0.0:36158, s2:0.0.0.0:36910], old=null
2019-09-24 12:00:26,843 INFO  impl.LeaderElection (LeaderElection.java:logAndReturn(56)) - s1@group-3D81F66BC438-LeaderElection109: Election TIMEOUT; received 1 response(s) [s1<-s0#0:FAIL-t248] and 0 exception(s); s1@group-3D81F66BC438:t248, leader=null, voted=s1, raftlog=s1@group-3D81F66BC438-SegmentedRaftLog:OPENED:c10,f11,i11, conf=11: [s0:0.0.0.0:42154, s1:0.0.0.0:36158, s2:0.0.0.0:36910], old=null
2019-09-24 12:00:26,858 INFO  impl.LeaderElection (LeaderElection.java:askForVotes(178)) - s1@group-3D81F66BC438-LeaderElection109: begin an election at term 249 for 11: [s0:0.0.0.0:42154, s1:0.0.0.0:36158, s2:0.0.0.0:36910], old=null
2019-09-24 12:00:26,858 DEBUG impl.RaftServerImpl (RaftServerImpl.java:requestVote(743)) - s0@group-3D81F66BC438: receive requestVote(s1, group-3D81F66BC438, 249, (t:14, i:11))
2019-09-24 12:00:26,858 INFO  impl.RaftServerImpl (RaftServerImpl.java:setRole(170)) - s0@group-3D81F66BC438: changes role from  FOLLOWER to FOLLOWER at term 249 for recognizeCandidate:s1
2019-09-24 12:00:26,859 INFO  impl.RoleInfo (RoleInfo.java:shutdownFollowerState(121)) - s0: shutdown FollowerState
2019-09-24 12:00:26,859 INFO  impl.RoleInfo (RoleInfo.java:updateAndGet(143)) - s0: start FollowerState
2019-09-24 12:00:26,859 INFO  impl.FollowerState (FollowerState.java:run(117)) - s0@group-3D81F66BC438-FollowerState was interrupted: java.lang.InterruptedException: sleep interrupted
2019-09-24 12:00:26,859 DEBUG impl.RaftServerImpl (RaftServerImpl.java:requestVote(775)) - s0@group-3D81F66BC438 replies to vote request: s1<-s0#0:FAIL-t249. Peer's state: s0@group-3D81F66BC438:t249, leader=null, voted=null, raftlog=s0@group-3D81F66BC438-SegmentedRaftLog:OPENED:c11,f12,i12, conf=11: [s0:0.0.0.0:42154, s1:0.0.0.0:36158, s2:0.0.0.0:36910], old=null
2019-09-24 12:00:26,942 INFO  impl.LeaderElection (LeaderElection.java:logAndReturn(56)) - s2@group-3D81F66BC438-LeaderElection106: Election TIMEOUT; received 1 response(s) [s2<-s0#0:FAIL-t249] and 0 exception(s); s2@group-3D81F66BC438:t249, leader=null, voted=s2, raftlog=s2@group-3D81F66BC438-SegmentedRaftLog:OPENED:c10,f10,i10, conf=9: [s0:0.0.0.0:42154, s1:0.0.0.0:36158, s2:0.0.0.0:36910], old=null
2019-09-24 12:00:26,957 INFO  impl.LeaderElection (LeaderElection.java:askForVotes(178)) - s2@group-3D81F66BC438-LeaderElection106: begin an election at term 250 for 9: [s0:0.0.0.0:42154, s1:0.0.0.0:36158, s2:0.0.0.0:36910], old=null
2019-09-24 12:00:26,958 DEBUG impl.RaftServerImpl (RaftServerImpl.java:requestVote(743)) - s0@group-3D81F66BC438: receive requestVote(s2, group-3D81F66BC438, 250, (t:13, i:10))
2019-09-24 12:00:26,958 INFO  impl.RaftServerImpl (RaftServerImpl.java:setRole(170)) - s0@group-3D81F66BC438: changes role from  FOLLOWER to FOLLOWER at term 250 for recognizeCandidate:s2
2019-09-24 12:00:26,958 INFO  impl.RoleInfo (RoleInfo.java:shutdownFollowerState(121)) - s0: shutdown FollowerState
2019-09-24 12:00:26,958 INFO  impl.RoleInfo (RoleInfo.java:updateAndGet(143)) - s0: start FollowerState
2019-09-24 12:00:26,958 INFO  impl.FollowerState (FollowerState.java:run(117)) - s0@group-3D81F66BC438-FollowerState was interrupted: java.lang.InterruptedException: sleep interrupted
2019-09-24 12:00:26,974 DEBUG impl.RaftServerImpl (RaftServerImpl.java:requestVote(775)) - s0@group-3D81F66BC438 replies to vote request: s2<-s0#0:FAIL-t250. Peer's state: s0@group-3D81F66BC438:t250, leader=null, voted=null, raftlog=s0@group-3D81F66BC438-SegmentedRaftLog:OPENED:c11,f12,i12, conf=11: [s0:0.0.0.0:42154, s1:0.0.0.0:36158, s2:0.0.0.0:36910], old=null
2019-09-24 12:00:27,055 WARN  ratis.RaftTestUtil (JavaUtils.java:attempt(158)) - FAILED "waitForLeader-null-(expectLeader? true)", attempt #24/100: java.lang.IllegalStateException: No leader yet : printing ALL groups
  s0:  RUNNING  FOLLOWER s0@group-3D81F66BC438:t250, leader=null, voted=null, raftlog=s0@group-3D81F66BC438-SegmentedRaftLog:OPENED:c11,f12,i12, conf=11: [s0:0.0.0.0:42154, s1:0.0.0.0:36158, s2:0.0.0.0:36910], old=null RUNNING
  s1:  RUNNING CANDIDATE s1@group-3D81F66BC438:t249, leader=null, voted=s1, raftlog=s1@group-3D81F66BC438-SegmentedRaftLog:OPENED:c10,f11,i11, conf=11: [s0:0.0.0.0:42154, s1:0.0.0.0:36158, s2:0.0.0.0:36910], old=null RUNNING
  s2:  RUNNING CANDIDATE s2@group-3D81F66BC438:t250, leader=null, voted=s2, raftlog=s2@group-3D81F66BC438-SegmentedRaftLog:OPENED:c10,f10,i10, conf=9: [s0:0.0.0.0:42154, s1:0.0.0.0:36158, s2:0.0.0.0:36910], old=null RUNNING, sleep 450ms and then retry.
java.lang.IllegalStateException: No leader yet : printing ALL groups
  s0:  RUNNING  FOLLOWER s0@group-3D81F66BC438:t250, leader=null, voted=null, raftlog=s0@group-3D81F66BC438-SegmentedRaftLog:OPENED:c11,f12,i12, conf=11: [s0:0.0.0.0:42154, s1:0.0.0.0:36158, s2:0.0.0.0:36910], old=null RUNNING
  s1:  RUNNING CANDIDATE s1@group-3D81F66BC438:t249, leader=null, voted=s1, raftlog=s1@group-3D81F66BC438-SegmentedRaftLog:OPENED:c10,f11,i11, conf=11: [s0:0.0.0.0:42154, s1:0.0.0.0:36158, s2:0.0.0.0:36910], old=null RUNNING
  s2:  RUNNING CANDIDATE s2@group-3D81F66BC438:t250, leader=null, voted=s2, raftlog=s2@group-3D81F66BC438-SegmentedRaftLog:OPENED:c10,f10,i10, conf=9: [s0:0.0.0.0:42154, s1:0.0.0.0:36158, s2:0.0.0.0:36910], old=null RUNNING
	at org.apache.ratis.MiniRaftCluster.newIllegalStateExceptionForNoLeaders(MiniRaftCluster.java:506)
	at org.apache.ratis.RaftTestUtil.lambda$waitForLeader$1(RaftTestUtil.java:90)
	at org.apache.ratis.MiniRaftCluster.getLeader(MiniRaftCluster.java:539)
	at org.apache.ratis.MiniRaftCluster.getLeader(MiniRaftCluster.java:532)
	at org.apache.ratis.RaftTestUtil.lambda$waitForLeader$3(RaftTestUtil.java:98)
	at org.apache.ratis.util.JavaUtils.attempt(JavaUtils.java:152)
	at org.apache.ratis.RaftTestUtil.waitForLeader(RaftTestUtil.java:97)
	at org.apache.ratis.RaftTestUtil.waitForLeader(RaftTestUtil.java:77)
	at org.apache.ratis.RaftTestUtil.waitForLeader(RaftTestUtil.java:72)
	at org.apache.ratis.RaftTestUtil.lambda$changeLeader$7(RaftTestUtil.java:363)
	at org.apache.ratis.util.JavaUtils.attempt(JavaUtils.java:152)
	at org.apache.ratis.RaftTestUtil.changeLeader(RaftTestUtil.java:362)
	at org.apache.ratis.server.impl.LeaderElectionTests.testChangeLeader(LeaderElectionTests.java:81)
	at sun.reflect.NativeMethodAccessorImpl.invoke0(Native Method)
	at sun.reflect.NativeMethodAccessorImpl.invoke(NativeMethodAccessorImpl.java:62)
	at sun.reflect.DelegatingMethodAccessorImpl.invoke(DelegatingMethodAccessorImpl.java:43)
	at java.lang.reflect.Method.invoke(Method.java:498)
	at org.junit.runners.model.FrameworkMethod$1.runReflectiveCall(FrameworkMethod.java:50)
	at org.junit.internal.runners.model.ReflectiveCallable.run(ReflectiveCallable.java:12)
	at org.junit.runners.model.FrameworkMethod.invokeExplosively(FrameworkMethod.java:47)
	at org.junit.internal.runners.statements.InvokeMethod.evaluate(InvokeMethod.java:17)
	at org.junit.internal.runners.statements.RunAfters.evaluate(RunAfters.java:27)
	at org.junit.internal.runners.statements.FailOnTimeout$CallableStatement.call(FailOnTimeout.java:298)
	at org.junit.internal.runners.statements.FailOnTimeout$CallableStatement.call(FailOnTimeout.java:292)
	at java.util.concurrent.FutureTask.run(FutureTask.java:266)
	at java.lang.Thread.run(Thread.java:748)
2019-09-24 12:00:27,079 INFO  impl.LeaderElection (LeaderElection.java:logAndReturn(56)) - s1@group-3D81F66BC438-LeaderElection109: Election TIMEOUT; received 1 response(s) [s1<-s0#0:FAIL-t249] and 0 exception(s); s1@group-3D81F66BC438:t249, leader=null, voted=s1, raftlog=s1@group-3D81F66BC438-SegmentedRaftLog:OPENED:c10,f11,i11, conf=11: [s0:0.0.0.0:42154, s1:0.0.0.0:36158, s2:0.0.0.0:36910], old=null
2019-09-24 12:00:27,094 INFO  impl.LeaderElection (LeaderElection.java:askForVotes(178)) - s1@group-3D81F66BC438-LeaderElection109: begin an election at term 250 for 11: [s0:0.0.0.0:42154, s1:0.0.0.0:36158, s2:0.0.0.0:36910], old=null
2019-09-24 12:00:27,095 DEBUG impl.RaftServerImpl (RaftServerImpl.java:requestVote(743)) - s0@group-3D81F66BC438: receive requestVote(s1, group-3D81F66BC438, 250, (t:14, i:11))
2019-09-24 12:00:27,095 INFO  impl.RaftServerImpl (RaftServerImpl.java:setRole(170)) - s0@group-3D81F66BC438: changes role from  FOLLOWER to FOLLOWER at term 250 for recognizeCandidate:s1
2019-09-24 12:00:27,095 INFO  impl.RoleInfo (RoleInfo.java:shutdownFollowerState(121)) - s0: shutdown FollowerState
2019-09-24 12:00:27,095 INFO  impl.RoleInfo (RoleInfo.java:updateAndGet(143)) - s0: start FollowerState
2019-09-24 12:00:27,095 INFO  impl.FollowerState (FollowerState.java:run(117)) - s0@group-3D81F66BC438-FollowerState was interrupted: java.lang.InterruptedException: sleep interrupted
2019-09-24 12:00:27,096 DEBUG impl.RaftServerImpl (RaftServerImpl.java:requestVote(775)) - s0@group-3D81F66BC438 replies to vote request: s1<-s0#0:FAIL-t250. Peer's state: s0@group-3D81F66BC438:t250, leader=null, voted=null, raftlog=s0@group-3D81F66BC438-SegmentedRaftLog:OPENED:c11,f12,i12, conf=11: [s0:0.0.0.0:42154, s1:0.0.0.0:36158, s2:0.0.0.0:36910], old=null
2019-09-24 12:00:27,121 INFO  impl.LeaderElection (LeaderElection.java:logAndReturn(56)) - s2@group-3D81F66BC438-LeaderElection106: Election TIMEOUT; received 1 response(s) [s2<-s0#0:FAIL-t250] and 0 exception(s); s2@group-3D81F66BC438:t250, leader=null, voted=s2, raftlog=s2@group-3D81F66BC438-SegmentedRaftLog:OPENED:c10,f10,i10, conf=9: [s0:0.0.0.0:42154, s1:0.0.0.0:36158, s2:0.0.0.0:36910], old=null
2019-09-24 12:00:27,134 INFO  impl.LeaderElection (LeaderElection.java:askForVotes(178)) - s2@group-3D81F66BC438-LeaderElection106: begin an election at term 251 for 9: [s0:0.0.0.0:42154, s1:0.0.0.0:36158, s2:0.0.0.0:36910], old=null
2019-09-24 12:00:27,134 DEBUG impl.RaftServerImpl (RaftServerImpl.java:requestVote(743)) - s0@group-3D81F66BC438: receive requestVote(s2, group-3D81F66BC438, 251, (t:13, i:10))
2019-09-24 12:00:27,134 INFO  impl.RaftServerImpl (RaftServerImpl.java:setRole(170)) - s0@group-3D81F66BC438: changes role from  FOLLOWER to FOLLOWER at term 251 for recognizeCandidate:s2
2019-09-24 12:00:27,135 INFO  impl.RoleInfo (RoleInfo.java:shutdownFollowerState(121)) - s0: shutdown FollowerState
2019-09-24 12:00:27,135 INFO  impl.RoleInfo (RoleInfo.java:updateAndGet(143)) - s0: start FollowerState
2019-09-24 12:00:27,135 INFO  impl.FollowerState (FollowerState.java:run(117)) - s0@group-3D81F66BC438-FollowerState was interrupted: java.lang.InterruptedException: sleep interrupted
2019-09-24 12:00:27,149 DEBUG impl.RaftServerImpl (RaftServerImpl.java:requestVote(775)) - s0@group-3D81F66BC438 replies to vote request: s2<-s0#0:FAIL-t251. Peer's state: s0@group-3D81F66BC438:t251, leader=null, voted=null, raftlog=s0@group-3D81F66BC438-SegmentedRaftLog:OPENED:c11,f12,i12, conf=11: [s0:0.0.0.0:42154, s1:0.0.0.0:36158, s2:0.0.0.0:36910], old=null
2019-09-24 12:00:27,286 INFO  impl.LeaderElection (LeaderElection.java:logAndReturn(56)) - s2@group-3D81F66BC438-LeaderElection106: Election TIMEOUT; received 1 response(s) [s2<-s0#0:FAIL-t251] and 0 exception(s); s2@group-3D81F66BC438:t251, leader=null, voted=s2, raftlog=s2@group-3D81F66BC438-SegmentedRaftLog:OPENED:c10,f10,i10, conf=9: [s0:0.0.0.0:42154, s1:0.0.0.0:36158, s2:0.0.0.0:36910], old=null
2019-09-24 12:00:27,309 INFO  impl.LeaderElection (LeaderElection.java:logAndReturn(56)) - s1@group-3D81F66BC438-LeaderElection109: Election TIMEOUT; received 1 response(s) [s1<-s0#0:FAIL-t250] and 0 exception(s); s1@group-3D81F66BC438:t250, leader=null, voted=s1, raftlog=s1@group-3D81F66BC438-SegmentedRaftLog:OPENED:c10,f11,i11, conf=11: [s0:0.0.0.0:42154, s1:0.0.0.0:36158, s2:0.0.0.0:36910], old=null
2019-09-24 12:00:27,312 INFO  impl.LeaderElection (LeaderElection.java:askForVotes(178)) - s2@group-3D81F66BC438-LeaderElection106: begin an election at term 252 for 9: [s0:0.0.0.0:42154, s1:0.0.0.0:36158, s2:0.0.0.0:36910], old=null
2019-09-24 12:00:27,312 DEBUG impl.RaftServerImpl (RaftServerImpl.java:requestVote(743)) - s0@group-3D81F66BC438: receive requestVote(s2, group-3D81F66BC438, 252, (t:13, i:10))
2019-09-24 12:00:27,312 INFO  impl.RaftServerImpl (RaftServerImpl.java:setRole(170)) - s0@group-3D81F66BC438: changes role from  FOLLOWER to FOLLOWER at term 252 for recognizeCandidate:s2
2019-09-24 12:00:27,313 INFO  impl.RoleInfo (RoleInfo.java:shutdownFollowerState(121)) - s0: shutdown FollowerState
2019-09-24 12:00:27,313 INFO  impl.RoleInfo (RoleInfo.java:updateAndGet(143)) - s0: start FollowerState
2019-09-24 12:00:27,313 INFO  impl.FollowerState (FollowerState.java:run(117)) - s0@group-3D81F66BC438-FollowerState was interrupted: java.lang.InterruptedException: sleep interrupted
2019-09-24 12:00:27,314 INFO  impl.LeaderElection (LeaderElection.java:askForVotes(178)) - s1@group-3D81F66BC438-LeaderElection109: begin an election at term 251 for 11: [s0:0.0.0.0:42154, s1:0.0.0.0:36158, s2:0.0.0.0:36910], old=null
2019-09-24 12:00:27,314 DEBUG impl.RaftServerImpl (RaftServerImpl.java:requestVote(743)) - s0@group-3D81F66BC438: receive requestVote(s1, group-3D81F66BC438, 251, (t:14, i:11))
2019-09-24 12:00:27,316 DEBUG impl.RaftServerImpl (RaftServerImpl.java:requestVote(775)) - s0@group-3D81F66BC438 replies to vote request: s2<-s0#0:FAIL-t252. Peer's state: s0@group-3D81F66BC438:t252, leader=null, voted=null, raftlog=s0@group-3D81F66BC438-SegmentedRaftLog:OPENED:c11,f12,i12, conf=11: [s0:0.0.0.0:42154, s1:0.0.0.0:36158, s2:0.0.0.0:36910], old=null
2019-09-24 12:00:27,316 DEBUG impl.RaftServerImpl (RaftServerImpl.java:requestVote(775)) - s0@group-3D81F66BC438 replies to vote request: s1<-s0#0:FAIL-t252. Peer's state: s0@group-3D81F66BC438:t252, leader=null, voted=null, raftlog=s0@group-3D81F66BC438-SegmentedRaftLog:OPENED:c11,f12,i12, conf=11: [s0:0.0.0.0:42154, s1:0.0.0.0:36158, s2:0.0.0.0:36910], old=null
2019-09-24 12:00:27,317 INFO  impl.LeaderElection (LeaderElection.java:logAndReturn(56)) - s1@group-3D81F66BC438-LeaderElection109: Election DISCOVERED_A_NEW_TERM; received 1 response(s) [s1<-s0#0:FAIL-t252] and 0 exception(s); s1@group-3D81F66BC438:t251, leader=null, voted=s1, raftlog=s1@group-3D81F66BC438-SegmentedRaftLog:OPENED:c10,f11,i11, conf=11: [s0:0.0.0.0:42154, s1:0.0.0.0:36158, s2:0.0.0.0:36910], old=null
2019-09-24 12:00:27,317 INFO  impl.RaftServerImpl (RaftServerImpl.java:setRole(170)) - s1@group-3D81F66BC438: changes role from CANDIDATE to FOLLOWER at term 252 for DISCOVERED_A_NEW_TERM
2019-09-24 12:00:27,317 INFO  impl.RoleInfo (RoleInfo.java:shutdownLeaderElection(134)) - s1: shutdown LeaderElection
2019-09-24 12:00:27,317 INFO  impl.RoleInfo (RoleInfo.java:updateAndGet(143)) - s1: start FollowerState
2019-09-24 12:00:27,502 INFO  impl.FollowerState (FollowerState.java:run(108)) - s0@group-3D81F66BC438-FollowerState: change to CANDIDATE, lastRpcTime:189ms, electionTimeout:189ms
2019-09-24 12:00:27,502 INFO  impl.RoleInfo (RoleInfo.java:shutdownFollowerState(121)) - s0: shutdown FollowerState
2019-09-24 12:00:27,503 INFO  impl.RaftServerImpl (RaftServerImpl.java:setRole(170)) - s0@group-3D81F66BC438: changes role from  FOLLOWER to CANDIDATE at term 252 for changeToCandidate
2019-09-24 12:00:27,503 INFO  impl.RoleInfo (RoleInfo.java:updateAndGet(143)) - s0: start LeaderElection
2019-09-24 12:00:27,506 WARN  ratis.RaftTestUtil (JavaUtils.java:attempt(158)) - FAILED "waitForLeader-null-(expectLeader? true)", attempt #25/100: java.lang.IllegalStateException: No leader yet : printing ALL groups
  s0:  RUNNING CANDIDATE s0@group-3D81F66BC438:t253, leader=null, voted=s0, raftlog=s0@group-3D81F66BC438-SegmentedRaftLog:OPENED:c11,f12,i12, conf=11: [s0:0.0.0.0:42154, s1:0.0.0.0:36158, s2:0.0.0.0:36910], old=null RUNNING
  s1:  RUNNING  FOLLOWER s1@group-3D81F66BC438:t252, leader=null, voted=null, raftlog=s1@group-3D81F66BC438-SegmentedRaftLog:OPENED:c10,f11,i11, conf=11: [s0:0.0.0.0:42154, s1:0.0.0.0:36158, s2:0.0.0.0:36910], old=null RUNNING
  s2:  RUNNING CANDIDATE s2@group-3D81F66BC438:t252, leader=null, voted=s2, raftlog=s2@group-3D81F66BC438-SegmentedRaftLog:OPENED:c10,f10,i10, conf=9: [s0:0.0.0.0:42154, s1:0.0.0.0:36158, s2:0.0.0.0:36910], old=null RUNNING, sleep 450ms and then retry.
java.lang.IllegalStateException: No leader yet : printing ALL groups
  s0:  RUNNING CANDIDATE s0@group-3D81F66BC438:t253, leader=null, voted=s0, raftlog=s0@group-3D81F66BC438-SegmentedRaftLog:OPENED:c11,f12,i12, conf=11: [s0:0.0.0.0:42154, s1:0.0.0.0:36158, s2:0.0.0.0:36910], old=null RUNNING
  s1:  RUNNING  FOLLOWER s1@group-3D81F66BC438:t252, leader=null, voted=null, raftlog=s1@group-3D81F66BC438-SegmentedRaftLog:OPENED:c10,f11,i11, conf=11: [s0:0.0.0.0:42154, s1:0.0.0.0:36158, s2:0.0.0.0:36910], old=null RUNNING
  s2:  RUNNING CANDIDATE s2@group-3D81F66BC438:t252, leader=null, voted=s2, raftlog=s2@group-3D81F66BC438-SegmentedRaftLog:OPENED:c10,f10,i10, conf=9: [s0:0.0.0.0:42154, s1:0.0.0.0:36158, s2:0.0.0.0:36910], old=null RUNNING
	at org.apache.ratis.MiniRaftCluster.newIllegalStateExceptionForNoLeaders(MiniRaftCluster.java:506)
	at org.apache.ratis.RaftTestUtil.lambda$waitForLeader$1(RaftTestUtil.java:90)
	at org.apache.ratis.MiniRaftCluster.getLeader(MiniRaftCluster.java:539)
	at org.apache.ratis.MiniRaftCluster.getLeader(MiniRaftCluster.java:532)
	at org.apache.ratis.RaftTestUtil.lambda$waitForLeader$3(RaftTestUtil.java:98)
	at org.apache.ratis.util.JavaUtils.attempt(JavaUtils.java:152)
	at org.apache.ratis.RaftTestUtil.waitForLeader(RaftTestUtil.java:97)
	at org.apache.ratis.RaftTestUtil.waitForLeader(RaftTestUtil.java:77)
	at org.apache.ratis.RaftTestUtil.waitForLeader(RaftTestUtil.java:72)
	at org.apache.ratis.RaftTestUtil.lambda$changeLeader$7(RaftTestUtil.java:363)
	at org.apache.ratis.util.JavaUtils.attempt(JavaUtils.java:152)
	at org.apache.ratis.RaftTestUtil.changeLeader(RaftTestUtil.java:362)
	at org.apache.ratis.server.impl.LeaderElectionTests.testChangeLeader(LeaderElectionTests.java:81)
	at sun.reflect.NativeMethodAccessorImpl.invoke0(Native Method)
	at sun.reflect.NativeMethodAccessorImpl.invoke(NativeMethodAccessorImpl.java:62)
	at sun.reflect.DelegatingMethodAccessorImpl.invoke(DelegatingMethodAccessorImpl.java:43)
	at java.lang.reflect.Method.invoke(Method.java:498)
	at org.junit.runners.model.FrameworkMethod$1.runReflectiveCall(FrameworkMethod.java:50)
	at org.junit.internal.runners.model.ReflectiveCallable.run(ReflectiveCallable.java:12)
	at org.junit.runners.model.FrameworkMethod.invokeExplosively(FrameworkMethod.java:47)
	at org.junit.internal.runners.statements.InvokeMethod.evaluate(InvokeMethod.java:17)
	at org.junit.internal.runners.statements.RunAfters.evaluate(RunAfters.java:27)
	at org.junit.internal.runners.statements.FailOnTimeout$CallableStatement.call(FailOnTimeout.java:298)
	at org.junit.internal.runners.statements.FailOnTimeout$CallableStatement.call(FailOnTimeout.java:292)
	at java.util.concurrent.FutureTask.run(FutureTask.java:266)
	at java.lang.Thread.run(Thread.java:748)
2019-09-24 12:00:27,527 INFO  impl.LeaderElection (LeaderElection.java:askForVotes(178)) - s0@group-3D81F66BC438-LeaderElection110: begin an election at term 253 for 11: [s0:0.0.0.0:42154, s1:0.0.0.0:36158, s2:0.0.0.0:36910], old=null
2019-09-24 12:00:27,558 INFO  impl.FollowerState (FollowerState.java:run(108)) - s1@group-3D81F66BC438-FollowerState: change to CANDIDATE, lastRpcTime:240ms, electionTimeout:240ms
2019-09-24 12:00:27,558 INFO  impl.RoleInfo (RoleInfo.java:shutdownFollowerState(121)) - s1: shutdown FollowerState
2019-09-24 12:00:27,558 INFO  impl.RaftServerImpl (RaftServerImpl.java:setRole(170)) - s1@group-3D81F66BC438: changes role from  FOLLOWER to CANDIDATE at term 252 for changeToCandidate
2019-09-24 12:00:27,558 INFO  impl.RoleInfo (RoleInfo.java:updateAndGet(143)) - s1: start LeaderElection
2019-09-24 12:00:27,582 INFO  impl.LeaderElection (LeaderElection.java:askForVotes(178)) - s1@group-3D81F66BC438-LeaderElection111: begin an election at term 253 for 11: [s0:0.0.0.0:42154, s1:0.0.0.0:36158, s2:0.0.0.0:36910], old=null
2019-09-24 12:00:27,582 DEBUG impl.RaftServerImpl (RaftServerImpl.java:requestVote(743)) - s0@group-3D81F66BC438: receive requestVote(s1, group-3D81F66BC438, 253, (t:14, i:11))
2019-09-24 12:00:27,582 DEBUG impl.RaftServerImpl (RaftServerImpl.java:requestVote(775)) - s0@group-3D81F66BC438 replies to vote request: s1<-s0#0:FAIL-t253. Peer's state: s0@group-3D81F66BC438:t253, leader=null, voted=s0, raftlog=s0@group-3D81F66BC438-SegmentedRaftLog:OPENED:c11,f12,i12, conf=11: [s0:0.0.0.0:42154, s1:0.0.0.0:36158, s2:0.0.0.0:36910], old=null
2019-09-24 12:00:27,608 INFO  impl.LeaderElection (LeaderElection.java:logAndReturn(56)) - s2@group-3D81F66BC438-LeaderElection106: Election TIMEOUT; received 1 response(s) [s2<-s0#0:FAIL-t252] and 0 exception(s); s2@group-3D81F66BC438:t252, leader=null, voted=s2, raftlog=s2@group-3D81F66BC438-SegmentedRaftLog:OPENED:c10,f10,i10, conf=9: [s0:0.0.0.0:42154, s1:0.0.0.0:36158, s2:0.0.0.0:36910], old=null
2019-09-24 12:00:27,634 INFO  impl.LeaderElection (LeaderElection.java:askForVotes(178)) - s2@group-3D81F66BC438-LeaderElection106: begin an election at term 253 for 9: [s0:0.0.0.0:42154, s1:0.0.0.0:36158, s2:0.0.0.0:36910], old=null
2019-09-24 12:00:27,634 DEBUG impl.RaftServerImpl (RaftServerImpl.java:requestVote(743)) - s0@group-3D81F66BC438: receive requestVote(s2, group-3D81F66BC438, 253, (t:13, i:10))
2019-09-24 12:00:27,634 DEBUG impl.RaftServerImpl (RaftServerImpl.java:requestVote(775)) - s0@group-3D81F66BC438 replies to vote request: s2<-s0#0:FAIL-t253. Peer's state: s0@group-3D81F66BC438:t253, leader=null, voted=s0, raftlog=s0@group-3D81F66BC438-SegmentedRaftLog:OPENED:c11,f12,i12, conf=11: [s0:0.0.0.0:42154, s1:0.0.0.0:36158, s2:0.0.0.0:36910], old=null
2019-09-24 12:00:27,732 INFO  impl.LeaderElection (LeaderElection.java:logAndReturn(56)) - s1@group-3D81F66BC438-LeaderElection111: Election TIMEOUT; received 1 response(s) [s1<-s0#0:FAIL-t253] and 0 exception(s); s1@group-3D81F66BC438:t253, leader=null, voted=s1, raftlog=s1@group-3D81F66BC438-SegmentedRaftLog:OPENED:c10,f11,i11, conf=11: [s0:0.0.0.0:42154, s1:0.0.0.0:36158, s2:0.0.0.0:36910], old=null
2019-09-24 12:00:27,757 INFO  impl.LeaderElection (LeaderElection.java:askForVotes(178)) - s1@group-3D81F66BC438-LeaderElection111: begin an election at term 254 for 11: [s0:0.0.0.0:42154, s1:0.0.0.0:36158, s2:0.0.0.0:36910], old=null
2019-09-24 12:00:27,758 DEBUG impl.RaftServerImpl (RaftServerImpl.java:requestVote(743)) - s0@group-3D81F66BC438: receive requestVote(s1, group-3D81F66BC438, 254, (t:14, i:11))
2019-09-24 12:00:27,758 INFO  impl.RaftServerImpl (RaftServerImpl.java:setRole(170)) - s0@group-3D81F66BC438: changes role from CANDIDATE to FOLLOWER at term 254 for recognizeCandidate:s1
2019-09-24 12:00:27,758 INFO  impl.RoleInfo (RoleInfo.java:shutdownLeaderElection(134)) - s0: shutdown LeaderElection
2019-09-24 12:00:27,758 INFO  impl.RoleInfo (RoleInfo.java:updateAndGet(143)) - s0: start FollowerState
2019-09-24 12:00:27,784 DEBUG impl.RaftServerImpl (RaftServerImpl.java:requestVote(775)) - s0@group-3D81F66BC438 replies to vote request: s1<-s0#0:FAIL-t254. Peer's state: s0@group-3D81F66BC438:t254, leader=null, voted=null, raftlog=s0@group-3D81F66BC438-SegmentedRaftLog:OPENED:c11,f12,i12, conf=11: [s0:0.0.0.0:42154, s1:0.0.0.0:36158, s2:0.0.0.0:36910], old=null
2019-09-24 12:00:27,826 INFO  impl.LeaderElection (LeaderElection.java:logAndReturn(56)) - s0@group-3D81F66BC438-LeaderElection110: Election REJECTED; received 0 response(s) [] and 0 exception(s); s0@group-3D81F66BC438:t254, leader=null, voted=null, raftlog=s0@group-3D81F66BC438-SegmentedRaftLog:OPENED:c11,f12,i12, conf=11: [s0:0.0.0.0:42154, s1:0.0.0.0:36158, s2:0.0.0.0:36910], old=null
2019-09-24 12:00:27,874 INFO  impl.LeaderElection (LeaderElection.java:logAndReturn(56)) - s2@group-3D81F66BC438-LeaderElection106: Election TIMEOUT; received 1 response(s) [s2<-s0#0:FAIL-t253] and 0 exception(s); s2@group-3D81F66BC438:t253, leader=null, voted=s2, raftlog=s2@group-3D81F66BC438-SegmentedRaftLog:OPENED:c10,f10,i10, conf=9: [s0:0.0.0.0:42154, s1:0.0.0.0:36158, s2:0.0.0.0:36910], old=null
2019-09-24 12:00:27,887 INFO  impl.LeaderElection (LeaderElection.java:askForVotes(178)) - s2@group-3D81F66BC438-LeaderElection106: begin an election at term 254 for 9: [s0:0.0.0.0:42154, s1:0.0.0.0:36158, s2:0.0.0.0:36910], old=null
2019-09-24 12:00:27,887 DEBUG impl.RaftServerImpl (RaftServerImpl.java:requestVote(743)) - s0@group-3D81F66BC438: receive requestVote(s2, group-3D81F66BC438, 254, (t:13, i:10))
2019-09-24 12:00:27,888 INFO  impl.RaftServerImpl (RaftServerImpl.java:setRole(170)) - s0@group-3D81F66BC438: changes role from  FOLLOWER to FOLLOWER at term 254 for recognizeCandidate:s2
2019-09-24 12:00:27,888 INFO  impl.RoleInfo (RoleInfo.java:shutdownFollowerState(121)) - s0: shutdown FollowerState
2019-09-24 12:00:27,888 INFO  impl.RoleInfo (RoleInfo.java:updateAndGet(143)) - s0: start FollowerState
2019-09-24 12:00:27,888 INFO  impl.FollowerState (FollowerState.java:run(117)) - s0@group-3D81F66BC438-FollowerState was interrupted: java.lang.InterruptedException: sleep interrupted
2019-09-24 12:00:27,888 DEBUG impl.RaftServerImpl (RaftServerImpl.java:requestVote(775)) - s0@group-3D81F66BC438 replies to vote request: s2<-s0#0:FAIL-t254. Peer's state: s0@group-3D81F66BC438:t254, leader=null, voted=null, raftlog=s0@group-3D81F66BC438-SegmentedRaftLog:OPENED:c11,f12,i12, conf=11: [s0:0.0.0.0:42154, s1:0.0.0.0:36158, s2:0.0.0.0:36910], old=null
2019-09-24 12:00:27,957 WARN  ratis.RaftTestUtil (JavaUtils.java:attempt(158)) - FAILED "waitForLeader-null-(expectLeader? true)", attempt #26/100: java.lang.IllegalStateException: No leader yet : printing ALL groups
  s0:  RUNNING  FOLLOWER s0@group-3D81F66BC438:t254, leader=null, voted=null, raftlog=s0@group-3D81F66BC438-SegmentedRaftLog:OPENED:c11,f12,i12, conf=11: [s0:0.0.0.0:42154, s1:0.0.0.0:36158, s2:0.0.0.0:36910], old=null RUNNING
  s1:  RUNNING CANDIDATE s1@group-3D81F66BC438:t254, leader=null, voted=s1, raftlog=s1@group-3D81F66BC438-SegmentedRaftLog:OPENED:c10,f11,i11, conf=11: [s0:0.0.0.0:42154, s1:0.0.0.0:36158, s2:0.0.0.0:36910], old=null RUNNING
  s2:  RUNNING CANDIDATE s2@group-3D81F66BC438:t254, leader=null, voted=s2, raftlog=s2@group-3D81F66BC438-SegmentedRaftLog:OPENED:c10,f10,i10, conf=9: [s0:0.0.0.0:42154, s1:0.0.0.0:36158, s2:0.0.0.0:36910], old=null RUNNING, sleep 450ms and then retry.
java.lang.IllegalStateException: No leader yet : printing ALL groups
  s0:  RUNNING  FOLLOWER s0@group-3D81F66BC438:t254, leader=null, voted=null, raftlog=s0@group-3D81F66BC438-SegmentedRaftLog:OPENED:c11,f12,i12, conf=11: [s0:0.0.0.0:42154, s1:0.0.0.0:36158, s2:0.0.0.0:36910], old=null RUNNING
  s1:  RUNNING CANDIDATE s1@group-3D81F66BC438:t254, leader=null, voted=s1, raftlog=s1@group-3D81F66BC438-SegmentedRaftLog:OPENED:c10,f11,i11, conf=11: [s0:0.0.0.0:42154, s1:0.0.0.0:36158, s2:0.0.0.0:36910], old=null RUNNING
  s2:  RUNNING CANDIDATE s2@group-3D81F66BC438:t254, leader=null, voted=s2, raftlog=s2@group-3D81F66BC438-SegmentedRaftLog:OPENED:c10,f10,i10, conf=9: [s0:0.0.0.0:42154, s1:0.0.0.0:36158, s2:0.0.0.0:36910], old=null RUNNING
	at org.apache.ratis.MiniRaftCluster.newIllegalStateExceptionForNoLeaders(MiniRaftCluster.java:506)
	at org.apache.ratis.RaftTestUtil.lambda$waitForLeader$1(RaftTestUtil.java:90)
	at org.apache.ratis.MiniRaftCluster.getLeader(MiniRaftCluster.java:539)
	at org.apache.ratis.MiniRaftCluster.getLeader(MiniRaftCluster.java:532)
	at org.apache.ratis.RaftTestUtil.lambda$waitForLeader$3(RaftTestUtil.java:98)
	at org.apache.ratis.util.JavaUtils.attempt(JavaUtils.java:152)
	at org.apache.ratis.RaftTestUtil.waitForLeader(RaftTestUtil.java:97)
	at org.apache.ratis.RaftTestUtil.waitForLeader(RaftTestUtil.java:77)
	at org.apache.ratis.RaftTestUtil.waitForLeader(RaftTestUtil.java:72)
	at org.apache.ratis.RaftTestUtil.lambda$changeLeader$7(RaftTestUtil.java:363)
	at org.apache.ratis.util.JavaUtils.attempt(JavaUtils.java:152)
	at org.apache.ratis.RaftTestUtil.changeLeader(RaftTestUtil.java:362)
	at org.apache.ratis.server.impl.LeaderElectionTests.testChangeLeader(LeaderElectionTests.java:81)
	at sun.reflect.NativeMethodAccessorImpl.invoke0(Native Method)
	at sun.reflect.NativeMethodAccessorImpl.invoke(NativeMethodAccessorImpl.java:62)
	at sun.reflect.DelegatingMethodAccessorImpl.invoke(DelegatingMethodAccessorImpl.java:43)
	at java.lang.reflect.Method.invoke(Method.java:498)
	at org.junit.runners.model.FrameworkMethod$1.runReflectiveCall(FrameworkMethod.java:50)
	at org.junit.internal.runners.model.ReflectiveCallable.run(ReflectiveCallable.java:12)
	at org.junit.runners.model.FrameworkMethod.invokeExplosively(FrameworkMethod.java:47)
	at org.junit.internal.runners.statements.InvokeMethod.evaluate(InvokeMethod.java:17)
	at org.junit.internal.runners.statements.RunAfters.evaluate(RunAfters.java:27)
	at org.junit.internal.runners.statements.FailOnTimeout$CallableStatement.call(FailOnTimeout.java:298)
	at org.junit.internal.runners.statements.FailOnTimeout$CallableStatement.call(FailOnTimeout.java:292)
	at java.util.concurrent.FutureTask.run(FutureTask.java:266)
	at java.lang.Thread.run(Thread.java:748)
2019-09-24 12:00:27,972 INFO  impl.LeaderElection (LeaderElection.java:logAndReturn(56)) - s1@group-3D81F66BC438-LeaderElection111: Election TIMEOUT; received 1 response(s) [s1<-s0#0:FAIL-t254] and 0 exception(s); s1@group-3D81F66BC438:t254, leader=null, voted=s1, raftlog=s1@group-3D81F66BC438-SegmentedRaftLog:OPENED:c10,f11,i11, conf=11: [s0:0.0.0.0:42154, s1:0.0.0.0:36158, s2:0.0.0.0:36910], old=null
2019-09-24 12:00:27,986 INFO  impl.LeaderElection (LeaderElection.java:askForVotes(178)) - s1@group-3D81F66BC438-LeaderElection111: begin an election at term 255 for 11: [s0:0.0.0.0:42154, s1:0.0.0.0:36158, s2:0.0.0.0:36910], old=null
2019-09-24 12:00:27,986 DEBUG impl.RaftServerImpl (RaftServerImpl.java:requestVote(743)) - s0@group-3D81F66BC438: receive requestVote(s1, group-3D81F66BC438, 255, (t:14, i:11))
2019-09-24 12:00:27,986 INFO  impl.RaftServerImpl (RaftServerImpl.java:setRole(170)) - s0@group-3D81F66BC438: changes role from  FOLLOWER to FOLLOWER at term 255 for recognizeCandidate:s1
2019-09-24 12:00:27,986 INFO  impl.RoleInfo (RoleInfo.java:shutdownFollowerState(121)) - s0: shutdown FollowerState
2019-09-24 12:00:27,987 INFO  impl.RoleInfo (RoleInfo.java:updateAndGet(143)) - s0: start FollowerState
2019-09-24 12:00:27,987 INFO  impl.FollowerState (FollowerState.java:run(117)) - s0@group-3D81F66BC438-FollowerState was interrupted: java.lang.InterruptedException: sleep interrupted
2019-09-24 12:00:28,015 DEBUG impl.RaftServerImpl (RaftServerImpl.java:requestVote(775)) - s0@group-3D81F66BC438 replies to vote request: s1<-s0#0:FAIL-t255. Peer's state: s0@group-3D81F66BC438:t255, leader=null, voted=null, raftlog=s0@group-3D81F66BC438-SegmentedRaftLog:OPENED:c11,f12,i12, conf=11: [s0:0.0.0.0:42154, s1:0.0.0.0:36158, s2:0.0.0.0:36910], old=null
2019-09-24 12:00:28,037 INFO  impl.LeaderElection (LeaderElection.java:logAndReturn(56)) - s2@group-3D81F66BC438-LeaderElection106: Election TIMEOUT; received 1 response(s) [s2<-s0#0:FAIL-t254] and 0 exception(s); s2@group-3D81F66BC438:t254, leader=null, voted=s2, raftlog=s2@group-3D81F66BC438-SegmentedRaftLog:OPENED:c10,f10,i10, conf=9: [s0:0.0.0.0:42154, s1:0.0.0.0:36158, s2:0.0.0.0:36910], old=null
2019-09-24 12:00:28,052 INFO  impl.LeaderElection (LeaderElection.java:askForVotes(178)) - s2@group-3D81F66BC438-LeaderElection106: begin an election at term 255 for 9: [s0:0.0.0.0:42154, s1:0.0.0.0:36158, s2:0.0.0.0:36910], old=null
2019-09-24 12:00:28,053 DEBUG impl.RaftServerImpl (RaftServerImpl.java:requestVote(743)) - s0@group-3D81F66BC438: receive requestVote(s2, group-3D81F66BC438, 255, (t:13, i:10))
2019-09-24 12:00:28,053 INFO  impl.RaftServerImpl (RaftServerImpl.java:setRole(170)) - s0@group-3D81F66BC438: changes role from  FOLLOWER to FOLLOWER at term 255 for recognizeCandidate:s2
2019-09-24 12:00:28,053 INFO  impl.RoleInfo (RoleInfo.java:shutdownFollowerState(121)) - s0: shutdown FollowerState
2019-09-24 12:00:28,053 INFO  impl.RoleInfo (RoleInfo.java:updateAndGet(143)) - s0: start FollowerState
2019-09-24 12:00:28,054 INFO  impl.FollowerState (FollowerState.java:run(117)) - s0@group-3D81F66BC438-FollowerState was interrupted: java.lang.InterruptedException: sleep interrupted
2019-09-24 12:00:28,054 DEBUG impl.RaftServerImpl (RaftServerImpl.java:requestVote(775)) - s0@group-3D81F66BC438 replies to vote request: s2<-s0#0:FAIL-t255. Peer's state: s0@group-3D81F66BC438:t255, leader=null, voted=null, raftlog=s0@group-3D81F66BC438-SegmentedRaftLog:OPENED:c11,f12,i12, conf=11: [s0:0.0.0.0:42154, s1:0.0.0.0:36158, s2:0.0.0.0:36910], old=null
2019-09-24 12:00:28,157 INFO  impl.LeaderElection (LeaderElection.java:logAndReturn(56)) - s1@group-3D81F66BC438-LeaderElection111: Election TIMEOUT; received 1 response(s) [s1<-s0#0:FAIL-t255] and 0 exception(s); s1@group-3D81F66BC438:t255, leader=null, voted=s1, raftlog=s1@group-3D81F66BC438-SegmentedRaftLog:OPENED:c10,f11,i11, conf=11: [s0:0.0.0.0:42154, s1:0.0.0.0:36158, s2:0.0.0.0:36910], old=null
2019-09-24 12:00:28,170 INFO  impl.LeaderElection (LeaderElection.java:askForVotes(178)) - s1@group-3D81F66BC438-LeaderElection111: begin an election at term 256 for 11: [s0:0.0.0.0:42154, s1:0.0.0.0:36158, s2:0.0.0.0:36910], old=null
2019-09-24 12:00:28,171 DEBUG impl.RaftServerImpl (RaftServerImpl.java:requestVote(743)) - s0@group-3D81F66BC438: receive requestVote(s1, group-3D81F66BC438, 256, (t:14, i:11))
2019-09-24 12:00:28,171 INFO  impl.RaftServerImpl (RaftServerImpl.java:setRole(170)) - s0@group-3D81F66BC438: changes role from  FOLLOWER to FOLLOWER at term 256 for recognizeCandidate:s1
2019-09-24 12:00:28,171 INFO  impl.RoleInfo (RoleInfo.java:shutdownFollowerState(121)) - s0: shutdown FollowerState
2019-09-24 12:00:28,171 INFO  impl.RoleInfo (RoleInfo.java:updateAndGet(143)) - s0: start FollowerState
2019-09-24 12:00:28,171 INFO  impl.FollowerState (FollowerState.java:run(117)) - s0@group-3D81F66BC438-FollowerState was interrupted: java.lang.InterruptedException: sleep interrupted
2019-09-24 12:00:28,184 DEBUG impl.RaftServerImpl (RaftServerImpl.java:requestVote(775)) - s0@group-3D81F66BC438 replies to vote request: s1<-s0#0:FAIL-t256. Peer's state: s0@group-3D81F66BC438:t256, leader=null, voted=null, raftlog=s0@group-3D81F66BC438-SegmentedRaftLog:OPENED:c11,f12,i12, conf=11: [s0:0.0.0.0:42154, s1:0.0.0.0:36158, s2:0.0.0.0:36910], old=null
2019-09-24 12:00:28,216 INFO  impl.LeaderElection (LeaderElection.java:logAndReturn(56)) - s2@group-3D81F66BC438-LeaderElection106: Election TIMEOUT; received 1 response(s) [s2<-s0#0:FAIL-t255] and 0 exception(s); s2@group-3D81F66BC438:t255, leader=null, voted=s2, raftlog=s2@group-3D81F66BC438-SegmentedRaftLog:OPENED:c10,f10,i10, conf=9: [s0:0.0.0.0:42154, s1:0.0.0.0:36158, s2:0.0.0.0:36910], old=null
2019-09-24 12:00:28,229 INFO  impl.LeaderElection (LeaderElection.java:askForVotes(178)) - s2@group-3D81F66BC438-LeaderElection106: begin an election at term 256 for 9: [s0:0.0.0.0:42154, s1:0.0.0.0:36158, s2:0.0.0.0:36910], old=null
2019-09-24 12:00:28,229 DEBUG impl.RaftServerImpl (RaftServerImpl.java:requestVote(743)) - s0@group-3D81F66BC438: receive requestVote(s2, group-3D81F66BC438, 256, (t:13, i:10))
2019-09-24 12:00:28,230 INFO  impl.RaftServerImpl (RaftServerImpl.java:setRole(170)) - s0@group-3D81F66BC438: changes role from  FOLLOWER to FOLLOWER at term 256 for recognizeCandidate:s2
2019-09-24 12:00:28,230 INFO  impl.RoleInfo (RoleInfo.java:shutdownFollowerState(121)) - s0: shutdown FollowerState
2019-09-24 12:00:28,230 INFO  impl.RoleInfo (RoleInfo.java:updateAndGet(143)) - s0: start FollowerState
2019-09-24 12:00:28,230 INFO  impl.FollowerState (FollowerState.java:run(117)) - s0@group-3D81F66BC438-FollowerState was interrupted: java.lang.InterruptedException: sleep interrupted
2019-09-24 12:00:28,230 DEBUG impl.RaftServerImpl (RaftServerImpl.java:requestVote(775)) - s0@group-3D81F66BC438 replies to vote request: s2<-s0#0:FAIL-t256. Peer's state: s0@group-3D81F66BC438:t256, leader=null, voted=null, raftlog=s0@group-3D81F66BC438-SegmentedRaftLog:OPENED:c11,f12,i12, conf=11: [s0:0.0.0.0:42154, s1:0.0.0.0:36158, s2:0.0.0.0:36910], old=null
2019-09-24 12:00:28,373 INFO  impl.LeaderElection (LeaderElection.java:logAndReturn(56)) - s1@group-3D81F66BC438-LeaderElection111: Election TIMEOUT; received 1 response(s) [s1<-s0#0:FAIL-t256] and 0 exception(s); s1@group-3D81F66BC438:t256, leader=null, voted=s1, raftlog=s1@group-3D81F66BC438-SegmentedRaftLog:OPENED:c10,f11,i11, conf=11: [s0:0.0.0.0:42154, s1:0.0.0.0:36158, s2:0.0.0.0:36910], old=null
2019-09-24 12:00:28,381 INFO  impl.LeaderElection (LeaderElection.java:logAndReturn(56)) - s2@group-3D81F66BC438-LeaderElection106: Election TIMEOUT; received 1 response(s) [s2<-s0#0:FAIL-t256] and 0 exception(s); s2@group-3D81F66BC438:t256, leader=null, voted=s2, raftlog=s2@group-3D81F66BC438-SegmentedRaftLog:OPENED:c10,f10,i10, conf=9: [s0:0.0.0.0:42154, s1:0.0.0.0:36158, s2:0.0.0.0:36910], old=null
2019-09-24 12:00:28,399 INFO  impl.LeaderElection (LeaderElection.java:askForVotes(178)) - s1@group-3D81F66BC438-LeaderElection111: begin an election at term 257 for 11: [s0:0.0.0.0:42154, s1:0.0.0.0:36158, s2:0.0.0.0:36910], old=null
2019-09-24 12:00:28,399 INFO  impl.LeaderElection (LeaderElection.java:askForVotes(178)) - s2@group-3D81F66BC438-LeaderElection106: begin an election at term 257 for 9: [s0:0.0.0.0:42154, s1:0.0.0.0:36158, s2:0.0.0.0:36910], old=null
2019-09-24 12:00:28,400 DEBUG impl.RaftServerImpl (RaftServerImpl.java:requestVote(743)) - s0@group-3D81F66BC438: receive requestVote(s1, group-3D81F66BC438, 257, (t:14, i:11))
2019-09-24 12:00:28,400 DEBUG impl.RaftServerImpl (RaftServerImpl.java:requestVote(743)) - s0@group-3D81F66BC438: receive requestVote(s2, group-3D81F66BC438, 257, (t:13, i:10))
2019-09-24 12:00:28,400 INFO  impl.RaftServerImpl (RaftServerImpl.java:setRole(170)) - s0@group-3D81F66BC438: changes role from  FOLLOWER to FOLLOWER at term 257 for recognizeCandidate:s1
2019-09-24 12:00:28,400 INFO  impl.RoleInfo (RoleInfo.java:shutdownFollowerState(121)) - s0: shutdown FollowerState
2019-09-24 12:00:28,401 INFO  impl.RoleInfo (RoleInfo.java:updateAndGet(143)) - s0: start FollowerState
2019-09-24 12:00:28,401 INFO  impl.FollowerState (FollowerState.java:run(117)) - s0@group-3D81F66BC438-FollowerState was interrupted: java.lang.InterruptedException: sleep interrupted
2019-09-24 12:00:28,408 WARN  ratis.RaftTestUtil (JavaUtils.java:attempt(158)) - FAILED "waitForLeader-null-(expectLeader? true)", attempt #27/100: java.lang.IllegalStateException: No leader yet : printing ALL groups
  s0:  RUNNING  FOLLOWER s0@group-3D81F66BC438:t257, leader=null, voted=null, raftlog=s0@group-3D81F66BC438-SegmentedRaftLog:OPENED:c11,f12,i12, conf=11: [s0:0.0.0.0:42154, s1:0.0.0.0:36158, s2:0.0.0.0:36910], old=null RUNNING
  s1:  RUNNING CANDIDATE s1@group-3D81F66BC438:t257, leader=null, voted=s1, raftlog=s1@group-3D81F66BC438-SegmentedRaftLog:OPENED:c10,f11,i11, conf=11: [s0:0.0.0.0:42154, s1:0.0.0.0:36158, s2:0.0.0.0:36910], old=null RUNNING
  s2:  RUNNING CANDIDATE s2@group-3D81F66BC438:t257, leader=null, voted=s2, raftlog=s2@group-3D81F66BC438-SegmentedRaftLog:OPENED:c10,f10,i10, conf=9: [s0:0.0.0.0:42154, s1:0.0.0.0:36158, s2:0.0.0.0:36910], old=null RUNNING, sleep 450ms and then retry.
java.lang.IllegalStateException: No leader yet : printing ALL groups
  s0:  RUNNING  FOLLOWER s0@group-3D81F66BC438:t257, leader=null, voted=null, raftlog=s0@group-3D81F66BC438-SegmentedRaftLog:OPENED:c11,f12,i12, conf=11: [s0:0.0.0.0:42154, s1:0.0.0.0:36158, s2:0.0.0.0:36910], old=null RUNNING
  s1:  RUNNING CANDIDATE s1@group-3D81F66BC438:t257, leader=null, voted=s1, raftlog=s1@group-3D81F66BC438-SegmentedRaftLog:OPENED:c10,f11,i11, conf=11: [s0:0.0.0.0:42154, s1:0.0.0.0:36158, s2:0.0.0.0:36910], old=null RUNNING
  s2:  RUNNING CANDIDATE s2@group-3D81F66BC438:t257, leader=null, voted=s2, raftlog=s2@group-3D81F66BC438-SegmentedRaftLog:OPENED:c10,f10,i10, conf=9: [s0:0.0.0.0:42154, s1:0.0.0.0:36158, s2:0.0.0.0:36910], old=null RUNNING
	at org.apache.ratis.MiniRaftCluster.newIllegalStateExceptionForNoLeaders(MiniRaftCluster.java:506)
	at org.apache.ratis.RaftTestUtil.lambda$waitForLeader$1(RaftTestUtil.java:90)
	at org.apache.ratis.MiniRaftCluster.getLeader(MiniRaftCluster.java:539)
	at org.apache.ratis.MiniRaftCluster.getLeader(MiniRaftCluster.java:532)
	at org.apache.ratis.RaftTestUtil.lambda$waitForLeader$3(RaftTestUtil.java:98)
	at org.apache.ratis.util.JavaUtils.attempt(JavaUtils.java:152)
	at org.apache.ratis.RaftTestUtil.waitForLeader(RaftTestUtil.java:97)
	at org.apache.ratis.RaftTestUtil.waitForLeader(RaftTestUtil.java:77)
	at org.apache.ratis.RaftTestUtil.waitForLeader(RaftTestUtil.java:72)
	at org.apache.ratis.RaftTestUtil.lambda$changeLeader$7(RaftTestUtil.java:363)
	at org.apache.ratis.util.JavaUtils.attempt(JavaUtils.java:152)
	at org.apache.ratis.RaftTestUtil.changeLeader(RaftTestUtil.java:362)
	at org.apache.ratis.server.impl.LeaderElectionTests.testChangeLeader(LeaderElectionTests.java:81)
	at sun.reflect.NativeMethodAccessorImpl.invoke0(Native Method)
	at sun.reflect.NativeMethodAccessorImpl.invoke(NativeMethodAccessorImpl.java:62)
	at sun.reflect.DelegatingMethodAccessorImpl.invoke(DelegatingMethodAccessorImpl.java:43)
	at java.lang.reflect.Method.invoke(Method.java:498)
	at org.junit.runners.model.FrameworkMethod$1.runReflectiveCall(FrameworkMethod.java:50)
	at org.junit.internal.runners.model.ReflectiveCallable.run(ReflectiveCallable.java:12)
	at org.junit.runners.model.FrameworkMethod.invokeExplosively(FrameworkMethod.java:47)
	at org.junit.internal.runners.statements.InvokeMethod.evaluate(InvokeMethod.java:17)
	at org.junit.internal.runners.statements.RunAfters.evaluate(RunAfters.java:27)
	at org.junit.internal.runners.statements.FailOnTimeout$CallableStatement.call(FailOnTimeout.java:298)
	at org.junit.internal.runners.statements.FailOnTimeout$CallableStatement.call(FailOnTimeout.java:292)
	at java.util.concurrent.FutureTask.run(FutureTask.java:266)
	at java.lang.Thread.run(Thread.java:748)
2019-09-24 12:00:28,426 DEBUG impl.RaftServerImpl (RaftServerImpl.java:requestVote(775)) - s0@group-3D81F66BC438 replies to vote request: s1<-s0#0:FAIL-t257. Peer's state: s0@group-3D81F66BC438:t257, leader=null, voted=null, raftlog=s0@group-3D81F66BC438-SegmentedRaftLog:OPENED:c11,f12,i12, conf=11: [s0:0.0.0.0:42154, s1:0.0.0.0:36158, s2:0.0.0.0:36910], old=null
2019-09-24 12:00:28,426 INFO  impl.RaftServerImpl (RaftServerImpl.java:setRole(170)) - s0@group-3D81F66BC438: changes role from  FOLLOWER to FOLLOWER at term 257 for recognizeCandidate:s2
2019-09-24 12:00:28,426 INFO  impl.RoleInfo (RoleInfo.java:shutdownFollowerState(121)) - s0: shutdown FollowerState
2019-09-24 12:00:28,426 INFO  impl.RoleInfo (RoleInfo.java:updateAndGet(143)) - s0: start FollowerState
2019-09-24 12:00:28,426 INFO  impl.FollowerState (FollowerState.java:run(117)) - s0@group-3D81F66BC438-FollowerState was interrupted: java.lang.InterruptedException: sleep interrupted
2019-09-24 12:00:28,427 DEBUG impl.RaftServerImpl (RaftServerImpl.java:requestVote(775)) - s0@group-3D81F66BC438 replies to vote request: s2<-s0#0:FAIL-t257. Peer's state: s0@group-3D81F66BC438:t257, leader=null, voted=null, raftlog=s0@group-3D81F66BC438-SegmentedRaftLog:OPENED:c11,f12,i12, conf=11: [s0:0.0.0.0:42154, s1:0.0.0.0:36158, s2:0.0.0.0:36910], old=null
2019-09-24 12:00:28,632 INFO  impl.FollowerState (FollowerState.java:run(108)) - s0@group-3D81F66BC438-FollowerState: change to CANDIDATE, lastRpcTime:205ms, electionTimeout:205ms
2019-09-24 12:00:28,632 INFO  impl.RoleInfo (RoleInfo.java:shutdownFollowerState(121)) - s0: shutdown FollowerState
2019-09-24 12:00:28,632 INFO  impl.RaftServerImpl (RaftServerImpl.java:setRole(170)) - s0@group-3D81F66BC438: changes role from  FOLLOWER to CANDIDATE at term 257 for changeToCandidate
2019-09-24 12:00:28,632 INFO  impl.RoleInfo (RoleInfo.java:updateAndGet(143)) - s0: start LeaderElection
2019-09-24 12:00:28,640 INFO  impl.LeaderElection (LeaderElection.java:logAndReturn(56)) - s2@group-3D81F66BC438-LeaderElection106: Election TIMEOUT; received 1 response(s) [s2<-s0#0:FAIL-t257] and 0 exception(s); s2@group-3D81F66BC438:t257, leader=null, voted=s2, raftlog=s2@group-3D81F66BC438-SegmentedRaftLog:OPENED:c10,f10,i10, conf=9: [s0:0.0.0.0:42154, s1:0.0.0.0:36158, s2:0.0.0.0:36910], old=null
2019-09-24 12:00:28,651 INFO  impl.LeaderElection (LeaderElection.java:logAndReturn(56)) - s1@group-3D81F66BC438-LeaderElection111: Election TIMEOUT; received 1 response(s) [s1<-s0#0:FAIL-t257] and 0 exception(s); s1@group-3D81F66BC438:t257, leader=null, voted=s1, raftlog=s1@group-3D81F66BC438-SegmentedRaftLog:OPENED:c10,f11,i11, conf=11: [s0:0.0.0.0:42154, s1:0.0.0.0:36158, s2:0.0.0.0:36910], old=null
2019-09-24 12:00:28,659 INFO  impl.LeaderElection (LeaderElection.java:askForVotes(178)) - s2@group-3D81F66BC438-LeaderElection106: begin an election at term 258 for 9: [s0:0.0.0.0:42154, s1:0.0.0.0:36158, s2:0.0.0.0:36910], old=null
2019-09-24 12:00:28,659 INFO  impl.LeaderElection (LeaderElection.java:askForVotes(178)) - s0@group-3D81F66BC438-LeaderElection112: begin an election at term 258 for 11: [s0:0.0.0.0:42154, s1:0.0.0.0:36158, s2:0.0.0.0:36910], old=null
2019-09-24 12:00:28,659 DEBUG impl.RaftServerImpl (RaftServerImpl.java:requestVote(743)) - s0@group-3D81F66BC438: receive requestVote(s2, group-3D81F66BC438, 258, (t:13, i:10))
2019-09-24 12:00:28,660 DEBUG impl.RaftServerImpl (RaftServerImpl.java:requestVote(775)) - s0@group-3D81F66BC438 replies to vote request: s2<-s0#0:FAIL-t258. Peer's state: s0@group-3D81F66BC438:t258, leader=null, voted=s0, raftlog=s0@group-3D81F66BC438-SegmentedRaftLog:OPENED:c11,f12,i12, conf=11: [s0:0.0.0.0:42154, s1:0.0.0.0:36158, s2:0.0.0.0:36910], old=null
2019-09-24 12:00:28,662 INFO  impl.LeaderElection (LeaderElection.java:askForVotes(178)) - s1@group-3D81F66BC438-LeaderElection111: begin an election at term 258 for 11: [s0:0.0.0.0:42154, s1:0.0.0.0:36158, s2:0.0.0.0:36910], old=null
2019-09-24 12:00:28,663 DEBUG impl.RaftServerImpl (RaftServerImpl.java:requestVote(743)) - s0@group-3D81F66BC438: receive requestVote(s1, group-3D81F66BC438, 258, (t:14, i:11))
2019-09-24 12:00:28,663 DEBUG impl.RaftServerImpl (RaftServerImpl.java:requestVote(775)) - s0@group-3D81F66BC438 replies to vote request: s1<-s0#0:FAIL-t258. Peer's state: s0@group-3D81F66BC438:t258, leader=null, voted=s0, raftlog=s0@group-3D81F66BC438-SegmentedRaftLog:OPENED:c11,f12,i12, conf=11: [s0:0.0.0.0:42154, s1:0.0.0.0:36158, s2:0.0.0.0:36910], old=null
2019-09-24 12:00:28,825 INFO  impl.LeaderElection (LeaderElection.java:logAndReturn(56)) - s2@group-3D81F66BC438-LeaderElection106: Election TIMEOUT; received 1 response(s) [s2<-s0#0:FAIL-t258] and 0 exception(s); s2@group-3D81F66BC438:t258, leader=null, voted=s2, raftlog=s2@group-3D81F66BC438-SegmentedRaftLog:OPENED:c10,f10,i10, conf=9: [s0:0.0.0.0:42154, s1:0.0.0.0:36158, s2:0.0.0.0:36910], old=null
2019-09-24 12:00:28,850 INFO  impl.LeaderElection (LeaderElection.java:askForVotes(178)) - s2@group-3D81F66BC438-LeaderElection106: begin an election at term 259 for 9: [s0:0.0.0.0:42154, s1:0.0.0.0:36158, s2:0.0.0.0:36910], old=null
2019-09-24 12:00:28,850 DEBUG impl.RaftServerImpl (RaftServerImpl.java:requestVote(743)) - s0@group-3D81F66BC438: receive requestVote(s2, group-3D81F66BC438, 259, (t:13, i:10))
2019-09-24 12:00:28,851 INFO  impl.RaftServerImpl (RaftServerImpl.java:setRole(170)) - s0@group-3D81F66BC438: changes role from CANDIDATE to FOLLOWER at term 259 for recognizeCandidate:s2
2019-09-24 12:00:28,851 INFO  impl.RoleInfo (RoleInfo.java:shutdownLeaderElection(134)) - s0: shutdown LeaderElection
2019-09-24 12:00:28,851 INFO  impl.RoleInfo (RoleInfo.java:updateAndGet(143)) - s0: start FollowerState
2019-09-24 12:00:28,859 WARN  ratis.RaftTestUtil (JavaUtils.java:attempt(158)) - FAILED "waitForLeader-null-(expectLeader? true)", attempt #28/100: java.lang.IllegalStateException: No leader yet : printing ALL groups
  s0:  RUNNING  FOLLOWER s0@group-3D81F66BC438:t259, leader=null, voted=null, raftlog=s0@group-3D81F66BC438-SegmentedRaftLog:OPENED:c11,f12,i12, conf=11: [s0:0.0.0.0:42154, s1:0.0.0.0:36158, s2:0.0.0.0:36910], old=null RUNNING
  s1:  RUNNING CANDIDATE s1@group-3D81F66BC438:t258, leader=null, voted=s1, raftlog=s1@group-3D81F66BC438-SegmentedRaftLog:OPENED:c10,f11,i11, conf=11: [s0:0.0.0.0:42154, s1:0.0.0.0:36158, s2:0.0.0.0:36910], old=null RUNNING
  s2:  RUNNING CANDIDATE s2@group-3D81F66BC438:t259, leader=null, voted=s2, raftlog=s2@group-3D81F66BC438-SegmentedRaftLog:OPENED:c10,f10,i10, conf=9: [s0:0.0.0.0:42154, s1:0.0.0.0:36158, s2:0.0.0.0:36910], old=null RUNNING, sleep 450ms and then retry.
java.lang.IllegalStateException: No leader yet : printing ALL groups
  s0:  RUNNING  FOLLOWER s0@group-3D81F66BC438:t259, leader=null, voted=null, raftlog=s0@group-3D81F66BC438-SegmentedRaftLog:OPENED:c11,f12,i12, conf=11: [s0:0.0.0.0:42154, s1:0.0.0.0:36158, s2:0.0.0.0:36910], old=null RUNNING
  s1:  RUNNING CANDIDATE s1@group-3D81F66BC438:t258, leader=null, voted=s1, raftlog=s1@group-3D81F66BC438-SegmentedRaftLog:OPENED:c10,f11,i11, conf=11: [s0:0.0.0.0:42154, s1:0.0.0.0:36158, s2:0.0.0.0:36910], old=null RUNNING
  s2:  RUNNING CANDIDATE s2@group-3D81F66BC438:t259, leader=null, voted=s2, raftlog=s2@group-3D81F66BC438-SegmentedRaftLog:OPENED:c10,f10,i10, conf=9: [s0:0.0.0.0:42154, s1:0.0.0.0:36158, s2:0.0.0.0:36910], old=null RUNNING
	at org.apache.ratis.MiniRaftCluster.newIllegalStateExceptionForNoLeaders(MiniRaftCluster.java:506)
	at org.apache.ratis.RaftTestUtil.lambda$waitForLeader$1(RaftTestUtil.java:90)
	at org.apache.ratis.MiniRaftCluster.getLeader(MiniRaftCluster.java:539)
	at org.apache.ratis.MiniRaftCluster.getLeader(MiniRaftCluster.java:532)
	at org.apache.ratis.RaftTestUtil.lambda$waitForLeader$3(RaftTestUtil.java:98)
	at org.apache.ratis.util.JavaUtils.attempt(JavaUtils.java:152)
	at org.apache.ratis.RaftTestUtil.waitForLeader(RaftTestUtil.java:97)
	at org.apache.ratis.RaftTestUtil.waitForLeader(RaftTestUtil.java:77)
	at org.apache.ratis.RaftTestUtil.waitForLeader(RaftTestUtil.java:72)
	at org.apache.ratis.RaftTestUtil.lambda$changeLeader$7(RaftTestUtil.java:363)
	at org.apache.ratis.util.JavaUtils.attempt(JavaUtils.java:152)
	at org.apache.ratis.RaftTestUtil.changeLeader(RaftTestUtil.java:362)
	at org.apache.ratis.server.impl.LeaderElectionTests.testChangeLeader(LeaderElectionTests.java:81)
	at sun.reflect.NativeMethodAccessorImpl.invoke0(Native Method)
	at sun.reflect.NativeMethodAccessorImpl.invoke(NativeMethodAccessorImpl.java:62)
	at sun.reflect.DelegatingMethodAccessorImpl.invoke(DelegatingMethodAccessorImpl.java:43)
	at java.lang.reflect.Method.invoke(Method.java:498)
	at org.junit.runners.model.FrameworkMethod$1.runReflectiveCall(FrameworkMethod.java:50)
	at org.junit.internal.runners.model.ReflectiveCallable.run(ReflectiveCallable.java:12)
	at org.junit.runners.model.FrameworkMethod.invokeExplosively(FrameworkMethod.java:47)
	at org.junit.internal.runners.statements.InvokeMethod.evaluate(InvokeMethod.java:17)
	at org.junit.internal.runners.statements.RunAfters.evaluate(RunAfters.java:27)
	at org.junit.internal.runners.statements.FailOnTimeout$CallableStatement.call(FailOnTimeout.java:298)
	at org.junit.internal.runners.statements.FailOnTimeout$CallableStatement.call(FailOnTimeout.java:292)
	at java.util.concurrent.FutureTask.run(FutureTask.java:266)
	at java.lang.Thread.run(Thread.java:748)
2019-09-24 12:00:28,866 DEBUG impl.RaftServerImpl (RaftServerImpl.java:requestVote(775)) - s0@group-3D81F66BC438 replies to vote request: s2<-s0#0:FAIL-t259. Peer's state: s0@group-3D81F66BC438:t259, leader=null, voted=null, raftlog=s0@group-3D81F66BC438-SegmentedRaftLog:OPENED:c11,f12,i12, conf=11: [s0:0.0.0.0:42154, s1:0.0.0.0:36158, s2:0.0.0.0:36910], old=null
2019-09-24 12:00:28,873 INFO  impl.LeaderElection (LeaderElection.java:logAndReturn(56)) - s0@group-3D81F66BC438-LeaderElection112: Election REJECTED; received 0 response(s) [] and 0 exception(s); s0@group-3D81F66BC438:t259, leader=null, voted=null, raftlog=s0@group-3D81F66BC438-SegmentedRaftLog:OPENED:c11,f12,i12, conf=11: [s0:0.0.0.0:42154, s1:0.0.0.0:36158, s2:0.0.0.0:36910], old=null
2019-09-24 12:00:28,902 INFO  impl.LeaderElection (LeaderElection.java:logAndReturn(56)) - s1@group-3D81F66BC438-LeaderElection111: Election TIMEOUT; received 1 response(s) [s1<-s0#0:FAIL-t258] and 0 exception(s); s1@group-3D81F66BC438:t258, leader=null, voted=s1, raftlog=s1@group-3D81F66BC438-SegmentedRaftLog:OPENED:c10,f11,i11, conf=11: [s0:0.0.0.0:42154, s1:0.0.0.0:36158, s2:0.0.0.0:36910], old=null
2019-09-24 12:00:28,915 INFO  impl.LeaderElection (LeaderElection.java:askForVotes(178)) - s1@group-3D81F66BC438-LeaderElection111: begin an election at term 259 for 11: [s0:0.0.0.0:42154, s1:0.0.0.0:36158, s2:0.0.0.0:36910], old=null
2019-09-24 12:00:28,916 DEBUG impl.RaftServerImpl (RaftServerImpl.java:requestVote(743)) - s0@group-3D81F66BC438: receive requestVote(s1, group-3D81F66BC438, 259, (t:14, i:11))
2019-09-24 12:00:28,916 INFO  impl.RaftServerImpl (RaftServerImpl.java:setRole(170)) - s0@group-3D81F66BC438: changes role from  FOLLOWER to FOLLOWER at term 259 for recognizeCandidate:s1
2019-09-24 12:00:28,916 INFO  impl.RoleInfo (RoleInfo.java:shutdownFollowerState(121)) - s0: shutdown FollowerState
2019-09-24 12:00:28,916 INFO  impl.RoleInfo (RoleInfo.java:updateAndGet(143)) - s0: start FollowerState
2019-09-24 12:00:28,916 INFO  impl.FollowerState (FollowerState.java:run(117)) - s0@group-3D81F66BC438-FollowerState was interrupted: java.lang.InterruptedException: sleep interrupted
2019-09-24 12:00:28,916 DEBUG impl.RaftServerImpl (RaftServerImpl.java:requestVote(775)) - s0@group-3D81F66BC438 replies to vote request: s1<-s0#0:FAIL-t259. Peer's state: s0@group-3D81F66BC438:t259, leader=null, voted=null, raftlog=s0@group-3D81F66BC438-SegmentedRaftLog:OPENED:c11,f12,i12, conf=11: [s0:0.0.0.0:42154, s1:0.0.0.0:36158, s2:0.0.0.0:36910], old=null
2019-09-24 12:00:29,123 INFO  impl.LeaderElection (LeaderElection.java:logAndReturn(56)) - s2@group-3D81F66BC438-LeaderElection106: Election TIMEOUT; received 1 response(s) [s2<-s0#0:FAIL-t259] and 0 exception(s); s2@group-3D81F66BC438:t259, leader=null, voted=s2, raftlog=s2@group-3D81F66BC438-SegmentedRaftLog:OPENED:c10,f10,i10, conf=9: [s0:0.0.0.0:42154, s1:0.0.0.0:36158, s2:0.0.0.0:36910], old=null
2019-09-24 12:00:29,148 INFO  impl.LeaderElection (LeaderElection.java:askForVotes(178)) - s2@group-3D81F66BC438-LeaderElection106: begin an election at term 260 for 9: [s0:0.0.0.0:42154, s1:0.0.0.0:36158, s2:0.0.0.0:36910], old=null
2019-09-24 12:00:29,149 DEBUG impl.RaftServerImpl (RaftServerImpl.java:requestVote(743)) - s0@group-3D81F66BC438: receive requestVote(s2, group-3D81F66BC438, 260, (t:13, i:10))
2019-09-24 12:00:29,149 INFO  impl.RaftServerImpl (RaftServerImpl.java:setRole(170)) - s0@group-3D81F66BC438: changes role from  FOLLOWER to FOLLOWER at term 260 for recognizeCandidate:s2
2019-09-24 12:00:29,149 INFO  impl.RoleInfo (RoleInfo.java:shutdownFollowerState(121)) - s0: shutdown FollowerState
2019-09-24 12:00:29,149 INFO  impl.RoleInfo (RoleInfo.java:updateAndGet(143)) - s0: start FollowerState
2019-09-24 12:00:29,149 INFO  impl.FollowerState (FollowerState.java:run(117)) - s0@group-3D81F66BC438-FollowerState was interrupted: java.lang.InterruptedException: sleep interrupted
2019-09-24 12:00:29,184 DEBUG impl.RaftServerImpl (RaftServerImpl.java:requestVote(775)) - s0@group-3D81F66BC438 replies to vote request: s2<-s0#0:FAIL-t260. Peer's state: s0@group-3D81F66BC438:t260, leader=null, voted=null, raftlog=s0@group-3D81F66BC438-SegmentedRaftLog:OPENED:c11,f12,i12, conf=11: [s0:0.0.0.0:42154, s1:0.0.0.0:36158, s2:0.0.0.0:36910], old=null
2019-09-24 12:00:29,198 INFO  impl.LeaderElection (LeaderElection.java:logAndReturn(56)) - s1@group-3D81F66BC438-LeaderElection111: Election TIMEOUT; received 1 response(s) [s1<-s0#0:FAIL-t259] and 0 exception(s); s1@group-3D81F66BC438:t259, leader=null, voted=s1, raftlog=s1@group-3D81F66BC438-SegmentedRaftLog:OPENED:c10,f11,i11, conf=11: [s0:0.0.0.0:42154, s1:0.0.0.0:36158, s2:0.0.0.0:36910], old=null
2019-09-24 12:00:29,211 INFO  impl.LeaderElection (LeaderElection.java:askForVotes(178)) - s1@group-3D81F66BC438-LeaderElection111: begin an election at term 260 for 11: [s0:0.0.0.0:42154, s1:0.0.0.0:36158, s2:0.0.0.0:36910], old=null
2019-09-24 12:00:29,211 DEBUG impl.RaftServerImpl (RaftServerImpl.java:requestVote(743)) - s0@group-3D81F66BC438: receive requestVote(s1, group-3D81F66BC438, 260, (t:14, i:11))
2019-09-24 12:00:29,211 INFO  impl.RaftServerImpl (RaftServerImpl.java:setRole(170)) - s0@group-3D81F66BC438: changes role from  FOLLOWER to FOLLOWER at term 260 for recognizeCandidate:s1
2019-09-24 12:00:29,212 INFO  impl.RoleInfo (RoleInfo.java:shutdownFollowerState(121)) - s0: shutdown FollowerState
2019-09-24 12:00:29,212 INFO  impl.RoleInfo (RoleInfo.java:updateAndGet(143)) - s0: start FollowerState
2019-09-24 12:00:29,212 INFO  impl.FollowerState (FollowerState.java:run(117)) - s0@group-3D81F66BC438-FollowerState was interrupted: java.lang.InterruptedException: sleep interrupted
2019-09-24 12:00:29,212 DEBUG impl.RaftServerImpl (RaftServerImpl.java:requestVote(775)) - s0@group-3D81F66BC438 replies to vote request: s1<-s0#0:FAIL-t260. Peer's state: s0@group-3D81F66BC438:t260, leader=null, voted=null, raftlog=s0@group-3D81F66BC438-SegmentedRaftLog:OPENED:c11,f12,i12, conf=11: [s0:0.0.0.0:42154, s1:0.0.0.0:36158, s2:0.0.0.0:36910], old=null
2019-09-24 12:00:29,310 WARN  ratis.RaftTestUtil (JavaUtils.java:attempt(158)) - FAILED "waitForLeader-null-(expectLeader? true)", attempt #29/100: java.lang.IllegalStateException: No leader yet : printing ALL groups
  s0:  RUNNING  FOLLOWER s0@group-3D81F66BC438:t260, leader=null, voted=null, raftlog=s0@group-3D81F66BC438-SegmentedRaftLog:OPENED:c11,f12,i12, conf=11: [s0:0.0.0.0:42154, s1:0.0.0.0:36158, s2:0.0.0.0:36910], old=null RUNNING
  s1:  RUNNING CANDIDATE s1@group-3D81F66BC438:t260, leader=null, voted=s1, raftlog=s1@group-3D81F66BC438-SegmentedRaftLog:OPENED:c10,f11,i11, conf=11: [s0:0.0.0.0:42154, s1:0.0.0.0:36158, s2:0.0.0.0:36910], old=null RUNNING
  s2:  RUNNING CANDIDATE s2@group-3D81F66BC438:t260, leader=null, voted=s2, raftlog=s2@group-3D81F66BC438-SegmentedRaftLog:OPENED:c10,f10,i10, conf=9: [s0:0.0.0.0:42154, s1:0.0.0.0:36158, s2:0.0.0.0:36910], old=null RUNNING, sleep 450ms and then retry.
java.lang.IllegalStateException: No leader yet : printing ALL groups
  s0:  RUNNING  FOLLOWER s0@group-3D81F66BC438:t260, leader=null, voted=null, raftlog=s0@group-3D81F66BC438-SegmentedRaftLog:OPENED:c11,f12,i12, conf=11: [s0:0.0.0.0:42154, s1:0.0.0.0:36158, s2:0.0.0.0:36910], old=null RUNNING
  s1:  RUNNING CANDIDATE s1@group-3D81F66BC438:t260, leader=null, voted=s1, raftlog=s1@group-3D81F66BC438-SegmentedRaftLog:OPENED:c10,f11,i11, conf=11: [s0:0.0.0.0:42154, s1:0.0.0.0:36158, s2:0.0.0.0:36910], old=null RUNNING
  s2:  RUNNING CANDIDATE s2@group-3D81F66BC438:t260, leader=null, voted=s2, raftlog=s2@group-3D81F66BC438-SegmentedRaftLog:OPENED:c10,f10,i10, conf=9: [s0:0.0.0.0:42154, s1:0.0.0.0:36158, s2:0.0.0.0:36910], old=null RUNNING
	at org.apache.ratis.MiniRaftCluster.newIllegalStateExceptionForNoLeaders(MiniRaftCluster.java:506)
	at org.apache.ratis.RaftTestUtil.lambda$waitForLeader$1(RaftTestUtil.java:90)
	at org.apache.ratis.MiniRaftCluster.getLeader(MiniRaftCluster.java:539)
	at org.apache.ratis.MiniRaftCluster.getLeader(MiniRaftCluster.java:532)
	at org.apache.ratis.RaftTestUtil.lambda$waitForLeader$3(RaftTestUtil.java:98)
	at org.apache.ratis.util.JavaUtils.attempt(JavaUtils.java:152)
	at org.apache.ratis.RaftTestUtil.waitForLeader(RaftTestUtil.java:97)
	at org.apache.ratis.RaftTestUtil.waitForLeader(RaftTestUtil.java:77)
	at org.apache.ratis.RaftTestUtil.waitForLeader(RaftTestUtil.java:72)
	at org.apache.ratis.RaftTestUtil.lambda$changeLeader$7(RaftTestUtil.java:363)
	at org.apache.ratis.util.JavaUtils.attempt(JavaUtils.java:152)
	at org.apache.ratis.RaftTestUtil.changeLeader(RaftTestUtil.java:362)
	at org.apache.ratis.server.impl.LeaderElectionTests.testChangeLeader(LeaderElectionTests.java:81)
	at sun.reflect.NativeMethodAccessorImpl.invoke0(Native Method)
	at sun.reflect.NativeMethodAccessorImpl.invoke(NativeMethodAccessorImpl.java:62)
	at sun.reflect.DelegatingMethodAccessorImpl.invoke(DelegatingMethodAccessorImpl.java:43)
	at java.lang.reflect.Method.invoke(Method.java:498)
	at org.junit.runners.model.FrameworkMethod$1.runReflectiveCall(FrameworkMethod.java:50)
	at org.junit.internal.runners.model.ReflectiveCallable.run(ReflectiveCallable.java:12)
	at org.junit.runners.model.FrameworkMethod.invokeExplosively(FrameworkMethod.java:47)
	at org.junit.internal.runners.statements.InvokeMethod.evaluate(InvokeMethod.java:17)
	at org.junit.internal.runners.statements.RunAfters.evaluate(RunAfters.java:27)
	at org.junit.internal.runners.statements.FailOnTimeout$CallableStatement.call(FailOnTimeout.java:298)
	at org.junit.internal.runners.statements.FailOnTimeout$CallableStatement.call(FailOnTimeout.java:292)
	at java.util.concurrent.FutureTask.run(FutureTask.java:266)
	at java.lang.Thread.run(Thread.java:748)
2019-09-24 12:00:29,418 INFO  impl.LeaderElection (LeaderElection.java:logAndReturn(56)) - s2@group-3D81F66BC438-LeaderElection106: Election TIMEOUT; received 1 response(s) [s2<-s0#0:FAIL-t260] and 0 exception(s); s2@group-3D81F66BC438:t260, leader=null, voted=s2, raftlog=s2@group-3D81F66BC438-SegmentedRaftLog:OPENED:c10,f10,i10, conf=9: [s0:0.0.0.0:42154, s1:0.0.0.0:36158, s2:0.0.0.0:36910], old=null
2019-09-24 12:00:29,441 INFO  impl.LeaderElection (LeaderElection.java:askForVotes(178)) - s2@group-3D81F66BC438-LeaderElection106: begin an election at term 261 for 9: [s0:0.0.0.0:42154, s1:0.0.0.0:36158, s2:0.0.0.0:36910], old=null
2019-09-24 12:00:29,442 DEBUG impl.RaftServerImpl (RaftServerImpl.java:requestVote(743)) - s0@group-3D81F66BC438: receive requestVote(s2, group-3D81F66BC438, 261, (t:13, i:10))
2019-09-24 12:00:29,442 INFO  impl.RaftServerImpl (RaftServerImpl.java:setRole(170)) - s0@group-3D81F66BC438: changes role from  FOLLOWER to FOLLOWER at term 261 for recognizeCandidate:s2
2019-09-24 12:00:29,442 INFO  impl.RoleInfo (RoleInfo.java:shutdownFollowerState(121)) - s0: shutdown FollowerState
2019-09-24 12:00:29,442 INFO  impl.RoleInfo (RoleInfo.java:updateAndGet(143)) - s0: start FollowerState
2019-09-24 12:00:29,442 INFO  impl.FollowerState (FollowerState.java:run(117)) - s0@group-3D81F66BC438-FollowerState was interrupted: java.lang.InterruptedException: sleep interrupted
2019-09-24 12:00:29,458 INFO  impl.LeaderElection (LeaderElection.java:logAndReturn(56)) - s1@group-3D81F66BC438-LeaderElection111: Election TIMEOUT; received 1 response(s) [s1<-s0#0:FAIL-t260] and 0 exception(s); s1@group-3D81F66BC438:t260, leader=null, voted=s1, raftlog=s1@group-3D81F66BC438-SegmentedRaftLog:OPENED:c10,f11,i11, conf=11: [s0:0.0.0.0:42154, s1:0.0.0.0:36158, s2:0.0.0.0:36910], old=null
2019-09-24 12:00:29,468 DEBUG impl.RaftServerImpl (RaftServerImpl.java:requestVote(775)) - s0@group-3D81F66BC438 replies to vote request: s2<-s0#0:FAIL-t261. Peer's state: s0@group-3D81F66BC438:t261, leader=null, voted=null, raftlog=s0@group-3D81F66BC438-SegmentedRaftLog:OPENED:c11,f12,i12, conf=11: [s0:0.0.0.0:42154, s1:0.0.0.0:36158, s2:0.0.0.0:36910], old=null
2019-09-24 12:00:29,471 INFO  impl.LeaderElection (LeaderElection.java:askForVotes(178)) - s1@group-3D81F66BC438-LeaderElection111: begin an election at term 261 for 11: [s0:0.0.0.0:42154, s1:0.0.0.0:36158, s2:0.0.0.0:36910], old=null
2019-09-24 12:00:29,472 DEBUG impl.RaftServerImpl (RaftServerImpl.java:requestVote(743)) - s0@group-3D81F66BC438: receive requestVote(s1, group-3D81F66BC438, 261, (t:14, i:11))
2019-09-24 12:00:29,472 INFO  impl.RaftServerImpl (RaftServerImpl.java:setRole(170)) - s0@group-3D81F66BC438: changes role from  FOLLOWER to FOLLOWER at term 261 for recognizeCandidate:s1
2019-09-24 12:00:29,472 INFO  impl.RoleInfo (RoleInfo.java:shutdownFollowerState(121)) - s0: shutdown FollowerState
2019-09-24 12:00:29,473 INFO  impl.RoleInfo (RoleInfo.java:updateAndGet(143)) - s0: start FollowerState
2019-09-24 12:00:29,473 INFO  impl.FollowerState (FollowerState.java:run(117)) - s0@group-3D81F66BC438-FollowerState was interrupted: java.lang.InterruptedException: sleep interrupted
2019-09-24 12:00:29,473 DEBUG impl.RaftServerImpl (RaftServerImpl.java:requestVote(775)) - s0@group-3D81F66BC438 replies to vote request: s1<-s0#0:FAIL-t261. Peer's state: s0@group-3D81F66BC438:t261, leader=null, voted=null, raftlog=s0@group-3D81F66BC438-SegmentedRaftLog:OPENED:c11,f12,i12, conf=11: [s0:0.0.0.0:42154, s1:0.0.0.0:36158, s2:0.0.0.0:36910], old=null
2019-09-24 12:00:29,738 INFO  impl.LeaderElection (LeaderElection.java:logAndReturn(56)) - s2@group-3D81F66BC438-LeaderElection106: Election TIMEOUT; received 1 response(s) [s2<-s0#0:FAIL-t261] and 0 exception(s); s2@group-3D81F66BC438:t261, leader=null, voted=s2, raftlog=s2@group-3D81F66BC438-SegmentedRaftLog:OPENED:c10,f10,i10, conf=9: [s0:0.0.0.0:42154, s1:0.0.0.0:36158, s2:0.0.0.0:36910], old=null
2019-09-24 12:00:29,745 INFO  impl.FollowerState (FollowerState.java:run(108)) - s0@group-3D81F66BC438-FollowerState: change to CANDIDATE, lastRpcTime:272ms, electionTimeout:272ms
2019-09-24 12:00:29,745 INFO  impl.RoleInfo (RoleInfo.java:shutdownFollowerState(121)) - s0: shutdown FollowerState
2019-09-24 12:00:29,745 INFO  impl.RaftServerImpl (RaftServerImpl.java:setRole(170)) - s0@group-3D81F66BC438: changes role from  FOLLOWER to CANDIDATE at term 261 for changeToCandidate
2019-09-24 12:00:29,746 INFO  impl.RoleInfo (RoleInfo.java:updateAndGet(143)) - s0: start LeaderElection
2019-09-24 12:00:29,748 INFO  impl.LeaderElection (LeaderElection.java:logAndReturn(56)) - s1@group-3D81F66BC438-LeaderElection111: Election TIMEOUT; received 1 response(s) [s1<-s0#0:FAIL-t261] and 0 exception(s); s1@group-3D81F66BC438:t261, leader=null, voted=s1, raftlog=s1@group-3D81F66BC438-SegmentedRaftLog:OPENED:c10,f11,i11, conf=11: [s0:0.0.0.0:42154, s1:0.0.0.0:36158, s2:0.0.0.0:36910], old=null
2019-09-24 12:00:29,752 INFO  impl.LeaderElection (LeaderElection.java:askForVotes(178)) - s0@group-3D81F66BC438-LeaderElection113: begin an election at term 262 for 11: [s0:0.0.0.0:42154, s1:0.0.0.0:36158, s2:0.0.0.0:36910], old=null
2019-09-24 12:00:29,752 INFO  impl.LeaderElection (LeaderElection.java:askForVotes(178)) - s2@group-3D81F66BC438-LeaderElection106: begin an election at term 262 for 9: [s0:0.0.0.0:42154, s1:0.0.0.0:36158, s2:0.0.0.0:36910], old=null
2019-09-24 12:00:29,752 INFO  impl.LeaderElection (LeaderElection.java:askForVotes(178)) - s1@group-3D81F66BC438-LeaderElection111: begin an election at term 262 for 11: [s0:0.0.0.0:42154, s1:0.0.0.0:36158, s2:0.0.0.0:36910], old=null
2019-09-24 12:00:29,753 DEBUG impl.RaftServerImpl (RaftServerImpl.java:requestVote(743)) - s0@group-3D81F66BC438: receive requestVote(s2, group-3D81F66BC438, 262, (t:13, i:10))
2019-09-24 12:00:29,753 DEBUG impl.RaftServerImpl (RaftServerImpl.java:requestVote(743)) - s0@group-3D81F66BC438: receive requestVote(s1, group-3D81F66BC438, 262, (t:14, i:11))
2019-09-24 12:00:29,753 DEBUG impl.RaftServerImpl (RaftServerImpl.java:requestVote(775)) - s0@group-3D81F66BC438 replies to vote request: s2<-s0#0:FAIL-t262. Peer's state: s0@group-3D81F66BC438:t262, leader=null, voted=s0, raftlog=s0@group-3D81F66BC438-SegmentedRaftLog:OPENED:c11,f12,i12, conf=11: [s0:0.0.0.0:42154, s1:0.0.0.0:36158, s2:0.0.0.0:36910], old=null
2019-09-24 12:00:29,753 DEBUG impl.RaftServerImpl (RaftServerImpl.java:requestVote(775)) - s0@group-3D81F66BC438 replies to vote request: s1<-s0#0:FAIL-t262. Peer's state: s0@group-3D81F66BC438:t262, leader=null, voted=s0, raftlog=s0@group-3D81F66BC438-SegmentedRaftLog:OPENED:c11,f12,i12, conf=11: [s0:0.0.0.0:42154, s1:0.0.0.0:36158, s2:0.0.0.0:36910], old=null
2019-09-24 12:00:29,762 WARN  ratis.RaftTestUtil (JavaUtils.java:attempt(158)) - FAILED "waitForLeader-null-(expectLeader? true)", attempt #30/100: java.lang.IllegalStateException: No leader yet : printing ALL groups
  s0:  RUNNING CANDIDATE s0@group-3D81F66BC438:t262, leader=null, voted=s0, raftlog=s0@group-3D81F66BC438-SegmentedRaftLog:OPENED:c11,f12,i12, conf=11: [s0:0.0.0.0:42154, s1:0.0.0.0:36158, s2:0.0.0.0:36910], old=null RUNNING
  s1:  RUNNING CANDIDATE s1@group-3D81F66BC438:t262, leader=null, voted=s1, raftlog=s1@group-3D81F66BC438-SegmentedRaftLog:OPENED:c10,f11,i11, conf=11: [s0:0.0.0.0:42154, s1:0.0.0.0:36158, s2:0.0.0.0:36910], old=null RUNNING
  s2:  RUNNING CANDIDATE s2@group-3D81F66BC438:t262, leader=null, voted=s2, raftlog=s2@group-3D81F66BC438-SegmentedRaftLog:OPENED:c10,f10,i10, conf=9: [s0:0.0.0.0:42154, s1:0.0.0.0:36158, s2:0.0.0.0:36910], old=null RUNNING, sleep 450ms and then retry.
java.lang.IllegalStateException: No leader yet : printing ALL groups
  s0:  RUNNING CANDIDATE s0@group-3D81F66BC438:t262, leader=null, voted=s0, raftlog=s0@group-3D81F66BC438-SegmentedRaftLog:OPENED:c11,f12,i12, conf=11: [s0:0.0.0.0:42154, s1:0.0.0.0:36158, s2:0.0.0.0:36910], old=null RUNNING
  s1:  RUNNING CANDIDATE s1@group-3D81F66BC438:t262, leader=null, voted=s1, raftlog=s1@group-3D81F66BC438-SegmentedRaftLog:OPENED:c10,f11,i11, conf=11: [s0:0.0.0.0:42154, s1:0.0.0.0:36158, s2:0.0.0.0:36910], old=null RUNNING
  s2:  RUNNING CANDIDATE s2@group-3D81F66BC438:t262, leader=null, voted=s2, raftlog=s2@group-3D81F66BC438-SegmentedRaftLog:OPENED:c10,f10,i10, conf=9: [s0:0.0.0.0:42154, s1:0.0.0.0:36158, s2:0.0.0.0:36910], old=null RUNNING
	at org.apache.ratis.MiniRaftCluster.newIllegalStateExceptionForNoLeaders(MiniRaftCluster.java:506)
	at org.apache.ratis.RaftTestUtil.lambda$waitForLeader$1(RaftTestUtil.java:90)
	at org.apache.ratis.MiniRaftCluster.getLeader(MiniRaftCluster.java:539)
	at org.apache.ratis.MiniRaftCluster.getLeader(MiniRaftCluster.java:532)
	at org.apache.ratis.RaftTestUtil.lambda$waitForLeader$3(RaftTestUtil.java:98)
	at org.apache.ratis.util.JavaUtils.attempt(JavaUtils.java:152)
	at org.apache.ratis.RaftTestUtil.waitForLeader(RaftTestUtil.java:97)
	at org.apache.ratis.RaftTestUtil.waitForLeader(RaftTestUtil.java:77)
	at org.apache.ratis.RaftTestUtil.waitForLeader(RaftTestUtil.java:72)
	at org.apache.ratis.RaftTestUtil.lambda$changeLeader$7(RaftTestUtil.java:363)
	at org.apache.ratis.util.JavaUtils.attempt(JavaUtils.java:152)
	at org.apache.ratis.RaftTestUtil.changeLeader(RaftTestUtil.java:362)
	at org.apache.ratis.server.impl.LeaderElectionTests.testChangeLeader(LeaderElectionTests.java:81)
	at sun.reflect.NativeMethodAccessorImpl.invoke0(Native Method)
	at sun.reflect.NativeMethodAccessorImpl.invoke(NativeMethodAccessorImpl.java:62)
	at sun.reflect.DelegatingMethodAccessorImpl.invoke(DelegatingMethodAccessorImpl.java:43)
	at java.lang.reflect.Method.invoke(Method.java:498)
	at org.junit.runners.model.FrameworkMethod$1.runReflectiveCall(FrameworkMethod.java:50)
	at org.junit.internal.runners.model.ReflectiveCallable.run(ReflectiveCallable.java:12)
	at org.junit.runners.model.FrameworkMethod.invokeExplosively(FrameworkMethod.java:47)
	at org.junit.internal.runners.statements.InvokeMethod.evaluate(InvokeMethod.java:17)
	at org.junit.internal.runners.statements.RunAfters.evaluate(RunAfters.java:27)
	at org.junit.internal.runners.statements.FailOnTimeout$CallableStatement.call(FailOnTimeout.java:298)
	at org.junit.internal.runners.statements.FailOnTimeout$CallableStatement.call(FailOnTimeout.java:292)
	at java.util.concurrent.FutureTask.run(FutureTask.java:266)
	at java.lang.Thread.run(Thread.java:748)
2019-09-24 12:00:29,920 INFO  impl.LeaderElection (LeaderElection.java:logAndReturn(56)) - s2@group-3D81F66BC438-LeaderElection106: Election TIMEOUT; received 1 response(s) [s2<-s0#0:FAIL-t262] and 0 exception(s); s2@group-3D81F66BC438:t262, leader=null, voted=s2, raftlog=s2@group-3D81F66BC438-SegmentedRaftLog:OPENED:c10,f10,i10, conf=9: [s0:0.0.0.0:42154, s1:0.0.0.0:36158, s2:0.0.0.0:36910], old=null
2019-09-24 12:00:29,946 INFO  impl.LeaderElection (LeaderElection.java:askForVotes(178)) - s2@group-3D81F66BC438-LeaderElection106: begin an election at term 263 for 9: [s0:0.0.0.0:42154, s1:0.0.0.0:36158, s2:0.0.0.0:36910], old=null
2019-09-24 12:00:29,946 DEBUG impl.RaftServerImpl (RaftServerImpl.java:requestVote(743)) - s0@group-3D81F66BC438: receive requestVote(s2, group-3D81F66BC438, 263, (t:13, i:10))
2019-09-24 12:00:29,946 INFO  impl.RaftServerImpl (RaftServerImpl.java:setRole(170)) - s0@group-3D81F66BC438: changes role from CANDIDATE to FOLLOWER at term 263 for recognizeCandidate:s2
2019-09-24 12:00:29,946 INFO  impl.RoleInfo (RoleInfo.java:shutdownLeaderElection(134)) - s0: shutdown LeaderElection
2019-09-24 12:00:29,947 INFO  impl.RoleInfo (RoleInfo.java:updateAndGet(143)) - s0: start FollowerState
2019-09-24 12:00:29,978 DEBUG impl.RaftServerImpl (RaftServerImpl.java:requestVote(775)) - s0@group-3D81F66BC438 replies to vote request: s2<-s0#0:FAIL-t263. Peer's state: s0@group-3D81F66BC438:t263, leader=null, voted=null, raftlog=s0@group-3D81F66BC438-SegmentedRaftLog:OPENED:c11,f12,i12, conf=11: [s0:0.0.0.0:42154, s1:0.0.0.0:36158, s2:0.0.0.0:36910], old=null
2019-09-24 12:00:30,032 INFO  impl.LeaderElection (LeaderElection.java:logAndReturn(56)) - s0@group-3D81F66BC438-LeaderElection113: Election REJECTED; received 0 response(s) [] and 0 exception(s); s0@group-3D81F66BC438:t263, leader=null, voted=null, raftlog=s0@group-3D81F66BC438-SegmentedRaftLog:OPENED:c11,f12,i12, conf=11: [s0:0.0.0.0:42154, s1:0.0.0.0:36158, s2:0.0.0.0:36910], old=null
2019-09-24 12:00:30,047 INFO  impl.LeaderElection (LeaderElection.java:logAndReturn(56)) - s1@group-3D81F66BC438-LeaderElection111: Election TIMEOUT; received 1 response(s) [s1<-s0#0:FAIL-t262] and 0 exception(s); s1@group-3D81F66BC438:t262, leader=null, voted=s1, raftlog=s1@group-3D81F66BC438-SegmentedRaftLog:OPENED:c10,f11,i11, conf=11: [s0:0.0.0.0:42154, s1:0.0.0.0:36158, s2:0.0.0.0:36910], old=null
2019-09-24 12:00:30,060 INFO  impl.LeaderElection (LeaderElection.java:askForVotes(178)) - s1@group-3D81F66BC438-LeaderElection111: begin an election at term 263 for 11: [s0:0.0.0.0:42154, s1:0.0.0.0:36158, s2:0.0.0.0:36910], old=null
2019-09-24 12:00:30,061 DEBUG impl.RaftServerImpl (RaftServerImpl.java:requestVote(743)) - s0@group-3D81F66BC438: receive requestVote(s1, group-3D81F66BC438, 263, (t:14, i:11))
2019-09-24 12:00:30,061 INFO  impl.RaftServerImpl (RaftServerImpl.java:setRole(170)) - s0@group-3D81F66BC438: changes role from  FOLLOWER to FOLLOWER at term 263 for recognizeCandidate:s1
2019-09-24 12:00:30,061 INFO  impl.RoleInfo (RoleInfo.java:shutdownFollowerState(121)) - s0: shutdown FollowerState
2019-09-24 12:00:30,061 INFO  impl.RoleInfo (RoleInfo.java:updateAndGet(143)) - s0: start FollowerState
2019-09-24 12:00:30,061 INFO  impl.FollowerState (FollowerState.java:run(117)) - s0@group-3D81F66BC438-FollowerState was interrupted: java.lang.InterruptedException: sleep interrupted
2019-09-24 12:00:30,061 DEBUG impl.RaftServerImpl (RaftServerImpl.java:requestVote(775)) - s0@group-3D81F66BC438 replies to vote request: s1<-s0#0:FAIL-t263. Peer's state: s0@group-3D81F66BC438:t263, leader=null, voted=null, raftlog=s0@group-3D81F66BC438-SegmentedRaftLog:OPENED:c11,f12,i12, conf=11: [s0:0.0.0.0:42154, s1:0.0.0.0:36158, s2:0.0.0.0:36910], old=null
2019-09-24 12:00:30,211 INFO  impl.LeaderElection (LeaderElection.java:logAndReturn(56)) - s1@group-3D81F66BC438-LeaderElection111: Election TIMEOUT; received 1 response(s) [s1<-s0#0:FAIL-t263] and 0 exception(s); s1@group-3D81F66BC438:t263, leader=null, voted=s1, raftlog=s1@group-3D81F66BC438-SegmentedRaftLog:OPENED:c10,f11,i11, conf=11: [s0:0.0.0.0:42154, s1:0.0.0.0:36158, s2:0.0.0.0:36910], old=null
2019-09-24 12:00:30,213 WARN  ratis.RaftTestUtil (JavaUtils.java:attempt(158)) - FAILED "waitForLeader-null-(expectLeader? true)", attempt #31/100: java.lang.IllegalStateException: No leader yet : printing ALL groups
  s0:  RUNNING  FOLLOWER s0@group-3D81F66BC438:t263, leader=null, voted=null, raftlog=s0@group-3D81F66BC438-SegmentedRaftLog:OPENED:c11,f12,i12, conf=11: [s0:0.0.0.0:42154, s1:0.0.0.0:36158, s2:0.0.0.0:36910], old=null RUNNING
  s1:  RUNNING CANDIDATE s1@group-3D81F66BC438:t264, leader=null, voted=s1, raftlog=s1@group-3D81F66BC438-SegmentedRaftLog:OPENED:c10,f11,i11, conf=11: [s0:0.0.0.0:42154, s1:0.0.0.0:36158, s2:0.0.0.0:36910], old=null RUNNING
  s2:  RUNNING CANDIDATE s2@group-3D81F66BC438:t263, leader=null, voted=s2, raftlog=s2@group-3D81F66BC438-SegmentedRaftLog:OPENED:c10,f10,i10, conf=9: [s0:0.0.0.0:42154, s1:0.0.0.0:36158, s2:0.0.0.0:36910], old=null RUNNING, sleep 450ms and then retry.
java.lang.IllegalStateException: No leader yet : printing ALL groups
  s0:  RUNNING  FOLLOWER s0@group-3D81F66BC438:t263, leader=null, voted=null, raftlog=s0@group-3D81F66BC438-SegmentedRaftLog:OPENED:c11,f12,i12, conf=11: [s0:0.0.0.0:42154, s1:0.0.0.0:36158, s2:0.0.0.0:36910], old=null RUNNING
  s1:  RUNNING CANDIDATE s1@group-3D81F66BC438:t264, leader=null, voted=s1, raftlog=s1@group-3D81F66BC438-SegmentedRaftLog:OPENED:c10,f11,i11, conf=11: [s0:0.0.0.0:42154, s1:0.0.0.0:36158, s2:0.0.0.0:36910], old=null RUNNING
  s2:  RUNNING CANDIDATE s2@group-3D81F66BC438:t263, leader=null, voted=s2, raftlog=s2@group-3D81F66BC438-SegmentedRaftLog:OPENED:c10,f10,i10, conf=9: [s0:0.0.0.0:42154, s1:0.0.0.0:36158, s2:0.0.0.0:36910], old=null RUNNING
	at org.apache.ratis.MiniRaftCluster.newIllegalStateExceptionForNoLeaders(MiniRaftCluster.java:506)
	at org.apache.ratis.RaftTestUtil.lambda$waitForLeader$1(RaftTestUtil.java:90)
	at org.apache.ratis.MiniRaftCluster.getLeader(MiniRaftCluster.java:539)
	at org.apache.ratis.MiniRaftCluster.getLeader(MiniRaftCluster.java:532)
	at org.apache.ratis.RaftTestUtil.lambda$waitForLeader$3(RaftTestUtil.java:98)
	at org.apache.ratis.util.JavaUtils.attempt(JavaUtils.java:152)
	at org.apache.ratis.RaftTestUtil.waitForLeader(RaftTestUtil.java:97)
	at org.apache.ratis.RaftTestUtil.waitForLeader(RaftTestUtil.java:77)
	at org.apache.ratis.RaftTestUtil.waitForLeader(RaftTestUtil.java:72)
	at org.apache.ratis.RaftTestUtil.lambda$changeLeader$7(RaftTestUtil.java:363)
	at org.apache.ratis.util.JavaUtils.attempt(JavaUtils.java:152)
	at org.apache.ratis.RaftTestUtil.changeLeader(RaftTestUtil.java:362)
	at org.apache.ratis.server.impl.LeaderElectionTests.testChangeLeader(LeaderElectionTests.java:81)
	at sun.reflect.NativeMethodAccessorImpl.invoke0(Native Method)
	at sun.reflect.NativeMethodAccessorImpl.invoke(NativeMethodAccessorImpl.java:62)
	at sun.reflect.DelegatingMethodAccessorImpl.invoke(DelegatingMethodAccessorImpl.java:43)
	at java.lang.reflect.Method.invoke(Method.java:498)
	at org.junit.runners.model.FrameworkMethod$1.runReflectiveCall(FrameworkMethod.java:50)
	at org.junit.internal.runners.model.ReflectiveCallable.run(ReflectiveCallable.java:12)
	at org.junit.runners.model.FrameworkMethod.invokeExplosively(FrameworkMethod.java:47)
	at org.junit.internal.runners.statements.InvokeMethod.evaluate(InvokeMethod.java:17)
	at org.junit.internal.runners.statements.RunAfters.evaluate(RunAfters.java:27)
	at org.junit.internal.runners.statements.FailOnTimeout$CallableStatement.call(FailOnTimeout.java:298)
	at org.junit.internal.runners.statements.FailOnTimeout$CallableStatement.call(FailOnTimeout.java:292)
	at java.util.concurrent.FutureTask.run(FutureTask.java:266)
	at java.lang.Thread.run(Thread.java:748)
2019-09-24 12:00:30,224 INFO  impl.LeaderElection (LeaderElection.java:askForVotes(178)) - s1@group-3D81F66BC438-LeaderElection111: begin an election at term 264 for 11: [s0:0.0.0.0:42154, s1:0.0.0.0:36158, s2:0.0.0.0:36910], old=null
2019-09-24 12:00:30,224 DEBUG impl.RaftServerImpl (RaftServerImpl.java:requestVote(743)) - s0@group-3D81F66BC438: receive requestVote(s1, group-3D81F66BC438, 264, (t:14, i:11))
2019-09-24 12:00:30,225 INFO  impl.RaftServerImpl (RaftServerImpl.java:setRole(170)) - s0@group-3D81F66BC438: changes role from  FOLLOWER to FOLLOWER at term 264 for recognizeCandidate:s1
2019-09-24 12:00:30,225 INFO  impl.RoleInfo (RoleInfo.java:shutdownFollowerState(121)) - s0: shutdown FollowerState
2019-09-24 12:00:30,225 INFO  impl.RoleInfo (RoleInfo.java:updateAndGet(143)) - s0: start FollowerState
2019-09-24 12:00:30,225 INFO  impl.FollowerState (FollowerState.java:run(117)) - s0@group-3D81F66BC438-FollowerState was interrupted: java.lang.InterruptedException: sleep interrupted
2019-09-24 12:00:30,226 INFO  impl.LeaderElection (LeaderElection.java:logAndReturn(56)) - s2@group-3D81F66BC438-LeaderElection106: Election TIMEOUT; received 1 response(s) [s2<-s0#0:FAIL-t263] and 0 exception(s); s2@group-3D81F66BC438:t263, leader=null, voted=s2, raftlog=s2@group-3D81F66BC438-SegmentedRaftLog:OPENED:c10,f10,i10, conf=9: [s0:0.0.0.0:42154, s1:0.0.0.0:36158, s2:0.0.0.0:36910], old=null
2019-09-24 12:00:30,251 INFO  impl.LeaderElection (LeaderElection.java:askForVotes(178)) - s2@group-3D81F66BC438-LeaderElection106: begin an election at term 264 for 9: [s0:0.0.0.0:42154, s1:0.0.0.0:36158, s2:0.0.0.0:36910], old=null
2019-09-24 12:00:30,251 DEBUG impl.RaftServerImpl (RaftServerImpl.java:requestVote(775)) - s0@group-3D81F66BC438 replies to vote request: s1<-s0#0:FAIL-t264. Peer's state: s0@group-3D81F66BC438:t264, leader=null, voted=null, raftlog=s0@group-3D81F66BC438-SegmentedRaftLog:OPENED:c11,f12,i12, conf=11: [s0:0.0.0.0:42154, s1:0.0.0.0:36158, s2:0.0.0.0:36910], old=null
2019-09-24 12:00:30,251 DEBUG impl.RaftServerImpl (RaftServerImpl.java:requestVote(743)) - s0@group-3D81F66BC438: receive requestVote(s2, group-3D81F66BC438, 264, (t:13, i:10))
2019-09-24 12:00:30,252 INFO  impl.RaftServerImpl (RaftServerImpl.java:setRole(170)) - s0@group-3D81F66BC438: changes role from  FOLLOWER to FOLLOWER at term 264 for recognizeCandidate:s2
2019-09-24 12:00:30,252 INFO  impl.RoleInfo (RoleInfo.java:shutdownFollowerState(121)) - s0: shutdown FollowerState
2019-09-24 12:00:30,252 INFO  impl.RoleInfo (RoleInfo.java:updateAndGet(143)) - s0: start FollowerState
2019-09-24 12:00:30,252 INFO  impl.FollowerState (FollowerState.java:run(117)) - s0@group-3D81F66BC438-FollowerState was interrupted: java.lang.InterruptedException: sleep interrupted
2019-09-24 12:00:30,252 DEBUG impl.RaftServerImpl (RaftServerImpl.java:requestVote(775)) - s0@group-3D81F66BC438 replies to vote request: s2<-s0#0:FAIL-t264. Peer's state: s0@group-3D81F66BC438:t264, leader=null, voted=null, raftlog=s0@group-3D81F66BC438-SegmentedRaftLog:OPENED:c11,f12,i12, conf=11: [s0:0.0.0.0:42154, s1:0.0.0.0:36158, s2:0.0.0.0:36910], old=null
2019-09-24 12:00:30,402 INFO  impl.LeaderElection (LeaderElection.java:logAndReturn(56)) - s1@group-3D81F66BC438-LeaderElection111: Election TIMEOUT; received 1 response(s) [s1<-s0#0:FAIL-t264] and 0 exception(s); s1@group-3D81F66BC438:t264, leader=null, voted=s1, raftlog=s1@group-3D81F66BC438-SegmentedRaftLog:OPENED:c10,f11,i11, conf=11: [s0:0.0.0.0:42154, s1:0.0.0.0:36158, s2:0.0.0.0:36910], old=null
2019-09-24 12:00:30,421 INFO  impl.FollowerState (FollowerState.java:run(108)) - s0@group-3D81F66BC438-FollowerState: change to CANDIDATE, lastRpcTime:169ms, electionTimeout:169ms
2019-09-24 12:00:30,422 INFO  impl.RoleInfo (RoleInfo.java:shutdownFollowerState(121)) - s0: shutdown FollowerState
2019-09-24 12:00:30,422 INFO  impl.RaftServerImpl (RaftServerImpl.java:setRole(170)) - s0@group-3D81F66BC438: changes role from  FOLLOWER to CANDIDATE at term 264 for changeToCandidate
2019-09-24 12:00:30,422 INFO  impl.RoleInfo (RoleInfo.java:updateAndGet(143)) - s0: start LeaderElection
2019-09-24 12:00:30,428 INFO  impl.LeaderElection (LeaderElection.java:askForVotes(178)) - s1@group-3D81F66BC438-LeaderElection111: begin an election at term 265 for 11: [s0:0.0.0.0:42154, s1:0.0.0.0:36158, s2:0.0.0.0:36910], old=null
2019-09-24 12:00:30,428 DEBUG impl.RaftServerImpl (RaftServerImpl.java:requestVote(743)) - s0@group-3D81F66BC438: receive requestVote(s1, group-3D81F66BC438, 265, (t:14, i:11))
2019-09-24 12:00:30,430 INFO  impl.LeaderElection (LeaderElection.java:askForVotes(178)) - s0@group-3D81F66BC438-LeaderElection114: begin an election at term 265 for 11: [s0:0.0.0.0:42154, s1:0.0.0.0:36158, s2:0.0.0.0:36910], old=null
2019-09-24 12:00:30,430 DEBUG impl.RaftServerImpl (RaftServerImpl.java:requestVote(775)) - s0@group-3D81F66BC438 replies to vote request: s1<-s0#0:FAIL-t265. Peer's state: s0@group-3D81F66BC438:t265, leader=null, voted=s0, raftlog=s0@group-3D81F66BC438-SegmentedRaftLog:OPENED:c11,f12,i12, conf=11: [s0:0.0.0.0:42154, s1:0.0.0.0:36158, s2:0.0.0.0:36910], old=null
2019-09-24 12:00:30,510 INFO  impl.LeaderElection (LeaderElection.java:logAndReturn(56)) - s2@group-3D81F66BC438-LeaderElection106: Election TIMEOUT; received 1 response(s) [s2<-s0#0:FAIL-t264] and 0 exception(s); s2@group-3D81F66BC438:t264, leader=null, voted=s2, raftlog=s2@group-3D81F66BC438-SegmentedRaftLog:OPENED:c10,f10,i10, conf=9: [s0:0.0.0.0:42154, s1:0.0.0.0:36158, s2:0.0.0.0:36910], old=null
2019-09-24 12:00:30,531 INFO  impl.LeaderElection (LeaderElection.java:askForVotes(178)) - s2@group-3D81F66BC438-LeaderElection106: begin an election at term 265 for 9: [s0:0.0.0.0:42154, s1:0.0.0.0:36158, s2:0.0.0.0:36910], old=null
2019-09-24 12:00:30,532 DEBUG impl.RaftServerImpl (RaftServerImpl.java:requestVote(743)) - s0@group-3D81F66BC438: receive requestVote(s2, group-3D81F66BC438, 265, (t:13, i:10))
2019-09-24 12:00:30,532 DEBUG impl.RaftServerImpl (RaftServerImpl.java:requestVote(775)) - s0@group-3D81F66BC438 replies to vote request: s2<-s0#0:FAIL-t265. Peer's state: s0@group-3D81F66BC438:t265, leader=null, voted=s0, raftlog=s0@group-3D81F66BC438-SegmentedRaftLog:OPENED:c11,f12,i12, conf=11: [s0:0.0.0.0:42154, s1:0.0.0.0:36158, s2:0.0.0.0:36910], old=null
2019-09-24 12:00:30,630 INFO  impl.LeaderElection (LeaderElection.java:logAndReturn(56)) - s0@group-3D81F66BC438-LeaderElection114: Election TIMEOUT; received 0 response(s) [] and 0 exception(s); s0@group-3D81F66BC438:t265, leader=null, voted=s0, raftlog=s0@group-3D81F66BC438-SegmentedRaftLog:OPENED:c11,f12,i12, conf=11: [s0:0.0.0.0:42154, s1:0.0.0.0:36158, s2:0.0.0.0:36910], old=null
2019-09-24 12:00:30,650 INFO  impl.LeaderElection (LeaderElection.java:logAndReturn(56)) - s1@group-3D81F66BC438-LeaderElection111: Election TIMEOUT; received 1 response(s) [s1<-s0#0:FAIL-t265] and 0 exception(s); s1@group-3D81F66BC438:t265, leader=null, voted=s1, raftlog=s1@group-3D81F66BC438-SegmentedRaftLog:OPENED:c10,f11,i11, conf=11: [s0:0.0.0.0:42154, s1:0.0.0.0:36158, s2:0.0.0.0:36910], old=null
2019-09-24 12:00:30,655 INFO  impl.LeaderElection (LeaderElection.java:askForVotes(178)) - s0@group-3D81F66BC438-LeaderElection114: begin an election at term 266 for 11: [s0:0.0.0.0:42154, s1:0.0.0.0:36158, s2:0.0.0.0:36910], old=null
2019-09-24 12:00:30,657 INFO  impl.LeaderElection (LeaderElection.java:askForVotes(178)) - s1@group-3D81F66BC438-LeaderElection111: begin an election at term 266 for 11: [s0:0.0.0.0:42154, s1:0.0.0.0:36158, s2:0.0.0.0:36910], old=null
2019-09-24 12:00:30,658 DEBUG impl.RaftServerImpl (RaftServerImpl.java:requestVote(743)) - s0@group-3D81F66BC438: receive requestVote(s1, group-3D81F66BC438, 266, (t:14, i:11))
2019-09-24 12:00:30,658 DEBUG impl.RaftServerImpl (RaftServerImpl.java:requestVote(775)) - s0@group-3D81F66BC438 replies to vote request: s1<-s0#0:FAIL-t266. Peer's state: s0@group-3D81F66BC438:t266, leader=null, voted=s0, raftlog=s0@group-3D81F66BC438-SegmentedRaftLog:OPENED:c11,f12,i12, conf=11: [s0:0.0.0.0:42154, s1:0.0.0.0:36158, s2:0.0.0.0:36910], old=null
2019-09-24 12:00:30,664 WARN  ratis.RaftTestUtil (JavaUtils.java:attempt(158)) - FAILED "waitForLeader-null-(expectLeader? true)", attempt #32/100: java.lang.IllegalStateException: No leader yet : printing ALL groups
  s0:  RUNNING CANDIDATE s0@group-3D81F66BC438:t266, leader=null, voted=s0, raftlog=s0@group-3D81F66BC438-SegmentedRaftLog:OPENED:c11,f12,i12, conf=11: [s0:0.0.0.0:42154, s1:0.0.0.0:36158, s2:0.0.0.0:36910], old=null RUNNING
  s1:  RUNNING CANDIDATE s1@group-3D81F66BC438:t266, leader=null, voted=s1, raftlog=s1@group-3D81F66BC438-SegmentedRaftLog:OPENED:c10,f11,i11, conf=11: [s0:0.0.0.0:42154, s1:0.0.0.0:36158, s2:0.0.0.0:36910], old=null RUNNING
  s2:  RUNNING CANDIDATE s2@group-3D81F66BC438:t265, leader=null, voted=s2, raftlog=s2@group-3D81F66BC438-SegmentedRaftLog:OPENED:c10,f10,i10, conf=9: [s0:0.0.0.0:42154, s1:0.0.0.0:36158, s2:0.0.0.0:36910], old=null RUNNING, sleep 450ms and then retry.
java.lang.IllegalStateException: No leader yet : printing ALL groups
  s0:  RUNNING CANDIDATE s0@group-3D81F66BC438:t266, leader=null, voted=s0, raftlog=s0@group-3D81F66BC438-SegmentedRaftLog:OPENED:c11,f12,i12, conf=11: [s0:0.0.0.0:42154, s1:0.0.0.0:36158, s2:0.0.0.0:36910], old=null RUNNING
  s1:  RUNNING CANDIDATE s1@group-3D81F66BC438:t266, leader=null, voted=s1, raftlog=s1@group-3D81F66BC438-SegmentedRaftLog:OPENED:c10,f11,i11, conf=11: [s0:0.0.0.0:42154, s1:0.0.0.0:36158, s2:0.0.0.0:36910], old=null RUNNING
  s2:  RUNNING CANDIDATE s2@group-3D81F66BC438:t265, leader=null, voted=s2, raftlog=s2@group-3D81F66BC438-SegmentedRaftLog:OPENED:c10,f10,i10, conf=9: [s0:0.0.0.0:42154, s1:0.0.0.0:36158, s2:0.0.0.0:36910], old=null RUNNING
	at org.apache.ratis.MiniRaftCluster.newIllegalStateExceptionForNoLeaders(MiniRaftCluster.java:506)
	at org.apache.ratis.RaftTestUtil.lambda$waitForLeader$1(RaftTestUtil.java:90)
	at org.apache.ratis.MiniRaftCluster.getLeader(MiniRaftCluster.java:539)
	at org.apache.ratis.MiniRaftCluster.getLeader(MiniRaftCluster.java:532)
	at org.apache.ratis.RaftTestUtil.lambda$waitForLeader$3(RaftTestUtil.java:98)
	at org.apache.ratis.util.JavaUtils.attempt(JavaUtils.java:152)
	at org.apache.ratis.RaftTestUtil.waitForLeader(RaftTestUtil.java:97)
	at org.apache.ratis.RaftTestUtil.waitForLeader(RaftTestUtil.java:77)
	at org.apache.ratis.RaftTestUtil.waitForLeader(RaftTestUtil.java:72)
	at org.apache.ratis.RaftTestUtil.lambda$changeLeader$7(RaftTestUtil.java:363)
	at org.apache.ratis.util.JavaUtils.attempt(JavaUtils.java:152)
	at org.apache.ratis.RaftTestUtil.changeLeader(RaftTestUtil.java:362)
	at org.apache.ratis.server.impl.LeaderElectionTests.testChangeLeader(LeaderElectionTests.java:81)
	at sun.reflect.NativeMethodAccessorImpl.invoke0(Native Method)
	at sun.reflect.NativeMethodAccessorImpl.invoke(NativeMethodAccessorImpl.java:62)
	at sun.reflect.DelegatingMethodAccessorImpl.invoke(DelegatingMethodAccessorImpl.java:43)
	at java.lang.reflect.Method.invoke(Method.java:498)
	at org.junit.runners.model.FrameworkMethod$1.runReflectiveCall(FrameworkMethod.java:50)
	at org.junit.internal.runners.model.ReflectiveCallable.run(ReflectiveCallable.java:12)
	at org.junit.runners.model.FrameworkMethod.invokeExplosively(FrameworkMethod.java:47)
	at org.junit.internal.runners.statements.InvokeMethod.evaluate(InvokeMethod.java:17)
	at org.junit.internal.runners.statements.RunAfters.evaluate(RunAfters.java:27)
	at org.junit.internal.runners.statements.FailOnTimeout$CallableStatement.call(FailOnTimeout.java:298)
	at org.junit.internal.runners.statements.FailOnTimeout$CallableStatement.call(FailOnTimeout.java:292)
	at java.util.concurrent.FutureTask.run(FutureTask.java:266)
	at java.lang.Thread.run(Thread.java:748)
2019-09-24 12:00:30,809 INFO  impl.LeaderElection (LeaderElection.java:logAndReturn(56)) - s2@group-3D81F66BC438-LeaderElection106: Election TIMEOUT; received 1 response(s) [s2<-s0#0:FAIL-t265] and 0 exception(s); s2@group-3D81F66BC438:t265, leader=null, voted=s2, raftlog=s2@group-3D81F66BC438-SegmentedRaftLog:OPENED:c10,f10,i10, conf=9: [s0:0.0.0.0:42154, s1:0.0.0.0:36158, s2:0.0.0.0:36910], old=null
2019-09-24 12:00:30,825 INFO  impl.LeaderElection (LeaderElection.java:askForVotes(178)) - s2@group-3D81F66BC438-LeaderElection106: begin an election at term 266 for 9: [s0:0.0.0.0:42154, s1:0.0.0.0:36158, s2:0.0.0.0:36910], old=null
2019-09-24 12:00:30,825 DEBUG impl.RaftServerImpl (RaftServerImpl.java:requestVote(743)) - s0@group-3D81F66BC438: receive requestVote(s2, group-3D81F66BC438, 266, (t:13, i:10))
2019-09-24 12:00:30,826 DEBUG impl.RaftServerImpl (RaftServerImpl.java:requestVote(775)) - s0@group-3D81F66BC438 replies to vote request: s2<-s0#0:FAIL-t266. Peer's state: s0@group-3D81F66BC438:t266, leader=null, voted=s0, raftlog=s0@group-3D81F66BC438-SegmentedRaftLog:OPENED:c11,f12,i12, conf=11: [s0:0.0.0.0:42154, s1:0.0.0.0:36158, s2:0.0.0.0:36910], old=null
2019-09-24 12:00:30,914 INFO  impl.LeaderElection (LeaderElection.java:logAndReturn(56)) - s1@group-3D81F66BC438-LeaderElection111: Election TIMEOUT; received 1 response(s) [s1<-s0#0:FAIL-t266] and 0 exception(s); s1@group-3D81F66BC438:t266, leader=null, voted=s1, raftlog=s1@group-3D81F66BC438-SegmentedRaftLog:OPENED:c10,f11,i11, conf=11: [s0:0.0.0.0:42154, s1:0.0.0.0:36158, s2:0.0.0.0:36910], old=null
2019-09-24 12:00:30,921 INFO  impl.LeaderElection (LeaderElection.java:logAndReturn(56)) - s0@group-3D81F66BC438-LeaderElection114: Election TIMEOUT; received 0 response(s) [] and 0 exception(s); s0@group-3D81F66BC438:t266, leader=null, voted=s0, raftlog=s0@group-3D81F66BC438-SegmentedRaftLog:OPENED:c11,f12,i12, conf=11: [s0:0.0.0.0:42154, s1:0.0.0.0:36158, s2:0.0.0.0:36910], old=null
2019-09-24 12:00:30,940 INFO  impl.LeaderElection (LeaderElection.java:askForVotes(178)) - s0@group-3D81F66BC438-LeaderElection114: begin an election at term 267 for 11: [s0:0.0.0.0:42154, s1:0.0.0.0:36158, s2:0.0.0.0:36910], old=null
2019-09-24 12:00:30,940 INFO  impl.LeaderElection (LeaderElection.java:askForVotes(178)) - s1@group-3D81F66BC438-LeaderElection111: begin an election at term 267 for 11: [s0:0.0.0.0:42154, s1:0.0.0.0:36158, s2:0.0.0.0:36910], old=null
2019-09-24 12:00:30,941 DEBUG impl.RaftServerImpl (RaftServerImpl.java:requestVote(743)) - s0@group-3D81F66BC438: receive requestVote(s1, group-3D81F66BC438, 267, (t:14, i:11))
2019-09-24 12:00:30,941 DEBUG impl.RaftServerImpl (RaftServerImpl.java:requestVote(775)) - s0@group-3D81F66BC438 replies to vote request: s1<-s0#0:FAIL-t267. Peer's state: s0@group-3D81F66BC438:t267, leader=null, voted=s0, raftlog=s0@group-3D81F66BC438-SegmentedRaftLog:OPENED:c11,f12,i12, conf=11: [s0:0.0.0.0:42154, s1:0.0.0.0:36158, s2:0.0.0.0:36910], old=null
2019-09-24 12:00:31,019 INFO  impl.LeaderElection (LeaderElection.java:logAndReturn(56)) - s2@group-3D81F66BC438-LeaderElection106: Election TIMEOUT; received 1 response(s) [s2<-s0#0:FAIL-t266] and 0 exception(s); s2@group-3D81F66BC438:t266, leader=null, voted=s2, raftlog=s2@group-3D81F66BC438-SegmentedRaftLog:OPENED:c10,f10,i10, conf=9: [s0:0.0.0.0:42154, s1:0.0.0.0:36158, s2:0.0.0.0:36910], old=null
2019-09-24 12:00:31,031 INFO  impl.LeaderElection (LeaderElection.java:askForVotes(178)) - s2@group-3D81F66BC438-LeaderElection106: begin an election at term 267 for 9: [s0:0.0.0.0:42154, s1:0.0.0.0:36158, s2:0.0.0.0:36910], old=null
2019-09-24 12:00:31,032 DEBUG impl.RaftServerImpl (RaftServerImpl.java:requestVote(743)) - s0@group-3D81F66BC438: receive requestVote(s2, group-3D81F66BC438, 267, (t:13, i:10))
2019-09-24 12:00:31,032 DEBUG impl.RaftServerImpl (RaftServerImpl.java:requestVote(775)) - s0@group-3D81F66BC438 replies to vote request: s2<-s0#0:FAIL-t267. Peer's state: s0@group-3D81F66BC438:t267, leader=null, voted=s0, raftlog=s0@group-3D81F66BC438-SegmentedRaftLog:OPENED:c11,f12,i12, conf=11: [s0:0.0.0.0:42154, s1:0.0.0.0:36158, s2:0.0.0.0:36910], old=null
2019-09-24 12:00:31,115 WARN  ratis.RaftTestUtil (JavaUtils.java:attempt(158)) - FAILED "waitForLeader-null-(expectLeader? true)", attempt #33/100: java.lang.IllegalStateException: No leader yet : printing ALL groups
  s0:  RUNNING CANDIDATE s0@group-3D81F66BC438:t267, leader=null, voted=s0, raftlog=s0@group-3D81F66BC438-SegmentedRaftLog:OPENED:c11,f12,i12, conf=11: [s0:0.0.0.0:42154, s1:0.0.0.0:36158, s2:0.0.0.0:36910], old=null RUNNING
  s1:  RUNNING CANDIDATE s1@group-3D81F66BC438:t267, leader=null, voted=s1, raftlog=s1@group-3D81F66BC438-SegmentedRaftLog:OPENED:c10,f11,i11, conf=11: [s0:0.0.0.0:42154, s1:0.0.0.0:36158, s2:0.0.0.0:36910], old=null RUNNING
  s2:  RUNNING CANDIDATE s2@group-3D81F66BC438:t267, leader=null, voted=s2, raftlog=s2@group-3D81F66BC438-SegmentedRaftLog:OPENED:c10,f10,i10, conf=9: [s0:0.0.0.0:42154, s1:0.0.0.0:36158, s2:0.0.0.0:36910], old=null RUNNING, sleep 450ms and then retry.
java.lang.IllegalStateException: No leader yet : printing ALL groups
  s0:  RUNNING CANDIDATE s0@group-3D81F66BC438:t267, leader=null, voted=s0, raftlog=s0@group-3D81F66BC438-SegmentedRaftLog:OPENED:c11,f12,i12, conf=11: [s0:0.0.0.0:42154, s1:0.0.0.0:36158, s2:0.0.0.0:36910], old=null RUNNING
  s1:  RUNNING CANDIDATE s1@group-3D81F66BC438:t267, leader=null, voted=s1, raftlog=s1@group-3D81F66BC438-SegmentedRaftLog:OPENED:c10,f11,i11, conf=11: [s0:0.0.0.0:42154, s1:0.0.0.0:36158, s2:0.0.0.0:36910], old=null RUNNING
  s2:  RUNNING CANDIDATE s2@group-3D81F66BC438:t267, leader=null, voted=s2, raftlog=s2@group-3D81F66BC438-SegmentedRaftLog:OPENED:c10,f10,i10, conf=9: [s0:0.0.0.0:42154, s1:0.0.0.0:36158, s2:0.0.0.0:36910], old=null RUNNING
	at org.apache.ratis.MiniRaftCluster.newIllegalStateExceptionForNoLeaders(MiniRaftCluster.java:506)
	at org.apache.ratis.RaftTestUtil.lambda$waitForLeader$1(RaftTestUtil.java:90)
	at org.apache.ratis.MiniRaftCluster.getLeader(MiniRaftCluster.java:539)
	at org.apache.ratis.MiniRaftCluster.getLeader(MiniRaftCluster.java:532)
	at org.apache.ratis.RaftTestUtil.lambda$waitForLeader$3(RaftTestUtil.java:98)
	at org.apache.ratis.util.JavaUtils.attempt(JavaUtils.java:152)
	at org.apache.ratis.RaftTestUtil.waitForLeader(RaftTestUtil.java:97)
	at org.apache.ratis.RaftTestUtil.waitForLeader(RaftTestUtil.java:77)
	at org.apache.ratis.RaftTestUtil.waitForLeader(RaftTestUtil.java:72)
	at org.apache.ratis.RaftTestUtil.lambda$changeLeader$7(RaftTestUtil.java:363)
	at org.apache.ratis.util.JavaUtils.attempt(JavaUtils.java:152)
	at org.apache.ratis.RaftTestUtil.changeLeader(RaftTestUtil.java:362)
	at org.apache.ratis.server.impl.LeaderElectionTests.testChangeLeader(LeaderElectionTests.java:81)
	at sun.reflect.NativeMethodAccessorImpl.invoke0(Native Method)
	at sun.reflect.NativeMethodAccessorImpl.invoke(NativeMethodAccessorImpl.java:62)
	at sun.reflect.DelegatingMethodAccessorImpl.invoke(DelegatingMethodAccessorImpl.java:43)
	at java.lang.reflect.Method.invoke(Method.java:498)
	at org.junit.runners.model.FrameworkMethod$1.runReflectiveCall(FrameworkMethod.java:50)
	at org.junit.internal.runners.model.ReflectiveCallable.run(ReflectiveCallable.java:12)
	at org.junit.runners.model.FrameworkMethod.invokeExplosively(FrameworkMethod.java:47)
	at org.junit.internal.runners.statements.InvokeMethod.evaluate(InvokeMethod.java:17)
	at org.junit.internal.runners.statements.RunAfters.evaluate(RunAfters.java:27)
	at org.junit.internal.runners.statements.FailOnTimeout$CallableStatement.call(FailOnTimeout.java:298)
	at org.junit.internal.runners.statements.FailOnTimeout$CallableStatement.call(FailOnTimeout.java:292)
	at java.util.concurrent.FutureTask.run(FutureTask.java:266)
	at java.lang.Thread.run(Thread.java:748)
2019-09-24 12:00:31,136 INFO  impl.LeaderElection (LeaderElection.java:logAndReturn(56)) - s1@group-3D81F66BC438-LeaderElection111: Election TIMEOUT; received 1 response(s) [s1<-s0#0:FAIL-t267] and 0 exception(s); s1@group-3D81F66BC438:t267, leader=null, voted=s1, raftlog=s1@group-3D81F66BC438-SegmentedRaftLog:OPENED:c10,f11,i11, conf=11: [s0:0.0.0.0:42154, s1:0.0.0.0:36158, s2:0.0.0.0:36910], old=null
2019-09-24 12:00:31,141 INFO  impl.LeaderElection (LeaderElection.java:logAndReturn(56)) - s0@group-3D81F66BC438-LeaderElection114: Election TIMEOUT; received 0 response(s) [] and 0 exception(s); s0@group-3D81F66BC438:t267, leader=null, voted=s0, raftlog=s0@group-3D81F66BC438-SegmentedRaftLog:OPENED:c11,f12,i12, conf=11: [s0:0.0.0.0:42154, s1:0.0.0.0:36158, s2:0.0.0.0:36910], old=null
2019-09-24 12:00:31,150 INFO  impl.LeaderElection (LeaderElection.java:askForVotes(178)) - s0@group-3D81F66BC438-LeaderElection114: begin an election at term 268 for 11: [s0:0.0.0.0:42154, s1:0.0.0.0:36158, s2:0.0.0.0:36910], old=null
2019-09-24 12:00:31,150 INFO  impl.LeaderElection (LeaderElection.java:askForVotes(178)) - s1@group-3D81F66BC438-LeaderElection111: begin an election at term 268 for 11: [s0:0.0.0.0:42154, s1:0.0.0.0:36158, s2:0.0.0.0:36910], old=null
2019-09-24 12:00:31,151 DEBUG impl.RaftServerImpl (RaftServerImpl.java:requestVote(743)) - s0@group-3D81F66BC438: receive requestVote(s1, group-3D81F66BC438, 268, (t:14, i:11))
2019-09-24 12:00:31,151 DEBUG impl.RaftServerImpl (RaftServerImpl.java:requestVote(775)) - s0@group-3D81F66BC438 replies to vote request: s1<-s0#0:FAIL-t268. Peer's state: s0@group-3D81F66BC438:t268, leader=null, voted=s0, raftlog=s0@group-3D81F66BC438-SegmentedRaftLog:OPENED:c11,f12,i12, conf=11: [s0:0.0.0.0:42154, s1:0.0.0.0:36158, s2:0.0.0.0:36910], old=null
2019-09-24 12:00:31,330 INFO  impl.LeaderElection (LeaderElection.java:logAndReturn(56)) - s2@group-3D81F66BC438-LeaderElection106: Election TIMEOUT; received 1 response(s) [s2<-s0#0:FAIL-t267] and 0 exception(s); s2@group-3D81F66BC438:t267, leader=null, voted=s2, raftlog=s2@group-3D81F66BC438-SegmentedRaftLog:OPENED:c10,f10,i10, conf=9: [s0:0.0.0.0:42154, s1:0.0.0.0:36158, s2:0.0.0.0:36910], old=null
2019-09-24 12:00:31,345 INFO  impl.LeaderElection (LeaderElection.java:askForVotes(178)) - s2@group-3D81F66BC438-LeaderElection106: begin an election at term 268 for 9: [s0:0.0.0.0:42154, s1:0.0.0.0:36158, s2:0.0.0.0:36910], old=null
2019-09-24 12:00:31,345 DEBUG impl.RaftServerImpl (RaftServerImpl.java:requestVote(743)) - s0@group-3D81F66BC438: receive requestVote(s2, group-3D81F66BC438, 268, (t:13, i:10))
2019-09-24 12:00:31,346 DEBUG impl.RaftServerImpl (RaftServerImpl.java:requestVote(775)) - s0@group-3D81F66BC438 replies to vote request: s2<-s0#0:FAIL-t268. Peer's state: s0@group-3D81F66BC438:t268, leader=null, voted=s0, raftlog=s0@group-3D81F66BC438-SegmentedRaftLog:OPENED:c11,f12,i12, conf=11: [s0:0.0.0.0:42154, s1:0.0.0.0:36158, s2:0.0.0.0:36910], old=null
2019-09-24 12:00:31,385 INFO  impl.LeaderElection (LeaderElection.java:logAndReturn(56)) - s0@group-3D81F66BC438-LeaderElection114: Election TIMEOUT; received 0 response(s) [] and 0 exception(s); s0@group-3D81F66BC438:t268, leader=null, voted=s0, raftlog=s0@group-3D81F66BC438-SegmentedRaftLog:OPENED:c11,f12,i12, conf=11: [s0:0.0.0.0:42154, s1:0.0.0.0:36158, s2:0.0.0.0:36910], old=null
2019-09-24 12:00:31,399 INFO  impl.LeaderElection (LeaderElection.java:askForVotes(178)) - s0@group-3D81F66BC438-LeaderElection114: begin an election at term 269 for 11: [s0:0.0.0.0:42154, s1:0.0.0.0:36158, s2:0.0.0.0:36910], old=null
2019-09-24 12:00:31,446 INFO  impl.LeaderElection (LeaderElection.java:logAndReturn(56)) - s1@group-3D81F66BC438-LeaderElection111: Election TIMEOUT; received 1 response(s) [s1<-s0#0:FAIL-t268] and 0 exception(s); s1@group-3D81F66BC438:t268, leader=null, voted=s1, raftlog=s1@group-3D81F66BC438-SegmentedRaftLog:OPENED:c10,f11,i11, conf=11: [s0:0.0.0.0:42154, s1:0.0.0.0:36158, s2:0.0.0.0:36910], old=null
2019-09-24 12:00:31,460 INFO  impl.LeaderElection (LeaderElection.java:askForVotes(178)) - s1@group-3D81F66BC438-LeaderElection111: begin an election at term 269 for 11: [s0:0.0.0.0:42154, s1:0.0.0.0:36158, s2:0.0.0.0:36910], old=null
2019-09-24 12:00:31,461 DEBUG impl.RaftServerImpl (RaftServerImpl.java:requestVote(743)) - s0@group-3D81F66BC438: receive requestVote(s1, group-3D81F66BC438, 269, (t:14, i:11))
2019-09-24 12:00:31,461 DEBUG impl.RaftServerImpl (RaftServerImpl.java:requestVote(775)) - s0@group-3D81F66BC438 replies to vote request: s1<-s0#0:FAIL-t269. Peer's state: s0@group-3D81F66BC438:t269, leader=null, voted=s0, raftlog=s0@group-3D81F66BC438-SegmentedRaftLog:OPENED:c11,f12,i12, conf=11: [s0:0.0.0.0:42154, s1:0.0.0.0:36158, s2:0.0.0.0:36910], old=null
2019-09-24 12:00:31,566 WARN  ratis.RaftTestUtil (JavaUtils.java:attempt(158)) - FAILED "waitForLeader-null-(expectLeader? true)", attempt #34/100: java.lang.IllegalStateException: No leader yet : printing ALL groups
  s0:  RUNNING CANDIDATE s0@group-3D81F66BC438:t269, leader=null, voted=s0, raftlog=s0@group-3D81F66BC438-SegmentedRaftLog:OPENED:c11,f12,i12, conf=11: [s0:0.0.0.0:42154, s1:0.0.0.0:36158, s2:0.0.0.0:36910], old=null RUNNING
  s1:  RUNNING CANDIDATE s1@group-3D81F66BC438:t269, leader=null, voted=s1, raftlog=s1@group-3D81F66BC438-SegmentedRaftLog:OPENED:c10,f11,i11, conf=11: [s0:0.0.0.0:42154, s1:0.0.0.0:36158, s2:0.0.0.0:36910], old=null RUNNING
  s2:  RUNNING CANDIDATE s2@group-3D81F66BC438:t268, leader=null, voted=s2, raftlog=s2@group-3D81F66BC438-SegmentedRaftLog:OPENED:c10,f10,i10, conf=9: [s0:0.0.0.0:42154, s1:0.0.0.0:36158, s2:0.0.0.0:36910], old=null RUNNING, sleep 450ms and then retry.
java.lang.IllegalStateException: No leader yet : printing ALL groups
  s0:  RUNNING CANDIDATE s0@group-3D81F66BC438:t269, leader=null, voted=s0, raftlog=s0@group-3D81F66BC438-SegmentedRaftLog:OPENED:c11,f12,i12, conf=11: [s0:0.0.0.0:42154, s1:0.0.0.0:36158, s2:0.0.0.0:36910], old=null RUNNING
  s1:  RUNNING CANDIDATE s1@group-3D81F66BC438:t269, leader=null, voted=s1, raftlog=s1@group-3D81F66BC438-SegmentedRaftLog:OPENED:c10,f11,i11, conf=11: [s0:0.0.0.0:42154, s1:0.0.0.0:36158, s2:0.0.0.0:36910], old=null RUNNING
  s2:  RUNNING CANDIDATE s2@group-3D81F66BC438:t268, leader=null, voted=s2, raftlog=s2@group-3D81F66BC438-SegmentedRaftLog:OPENED:c10,f10,i10, conf=9: [s0:0.0.0.0:42154, s1:0.0.0.0:36158, s2:0.0.0.0:36910], old=null RUNNING
	at org.apache.ratis.MiniRaftCluster.newIllegalStateExceptionForNoLeaders(MiniRaftCluster.java:506)
	at org.apache.ratis.RaftTestUtil.lambda$waitForLeader$1(RaftTestUtil.java:90)
	at org.apache.ratis.MiniRaftCluster.getLeader(MiniRaftCluster.java:539)
	at org.apache.ratis.MiniRaftCluster.getLeader(MiniRaftCluster.java:532)
	at org.apache.ratis.RaftTestUtil.lambda$waitForLeader$3(RaftTestUtil.java:98)
	at org.apache.ratis.util.JavaUtils.attempt(JavaUtils.java:152)
	at org.apache.ratis.RaftTestUtil.waitForLeader(RaftTestUtil.java:97)
	at org.apache.ratis.RaftTestUtil.waitForLeader(RaftTestUtil.java:77)
	at org.apache.ratis.RaftTestUtil.waitForLeader(RaftTestUtil.java:72)
	at org.apache.ratis.RaftTestUtil.lambda$changeLeader$7(RaftTestUtil.java:363)
	at org.apache.ratis.util.JavaUtils.attempt(JavaUtils.java:152)
	at org.apache.ratis.RaftTestUtil.changeLeader(RaftTestUtil.java:362)
	at org.apache.ratis.server.impl.LeaderElectionTests.testChangeLeader(LeaderElectionTests.java:81)
	at sun.reflect.NativeMethodAccessorImpl.invoke0(Native Method)
	at sun.reflect.NativeMethodAccessorImpl.invoke(NativeMethodAccessorImpl.java:62)
	at sun.reflect.DelegatingMethodAccessorImpl.invoke(DelegatingMethodAccessorImpl.java:43)
	at java.lang.reflect.Method.invoke(Method.java:498)
	at org.junit.runners.model.FrameworkMethod$1.runReflectiveCall(FrameworkMethod.java:50)
	at org.junit.internal.runners.model.ReflectiveCallable.run(ReflectiveCallable.java:12)
	at org.junit.runners.model.FrameworkMethod.invokeExplosively(FrameworkMethod.java:47)
	at org.junit.internal.runners.statements.InvokeMethod.evaluate(InvokeMethod.java:17)
	at org.junit.internal.runners.statements.RunAfters.evaluate(RunAfters.java:27)
	at org.junit.internal.runners.statements.FailOnTimeout$CallableStatement.call(FailOnTimeout.java:298)
	at org.junit.internal.runners.statements.FailOnTimeout$CallableStatement.call(FailOnTimeout.java:292)
	at java.util.concurrent.FutureTask.run(FutureTask.java:266)
	at java.lang.Thread.run(Thread.java:748)
2019-09-24 12:00:31,569 INFO  impl.LeaderElection (LeaderElection.java:logAndReturn(56)) - s0@group-3D81F66BC438-LeaderElection114: Election TIMEOUT; received 0 response(s) [] and 0 exception(s); s0@group-3D81F66BC438:t269, leader=null, voted=s0, raftlog=s0@group-3D81F66BC438-SegmentedRaftLog:OPENED:c11,f12,i12, conf=11: [s0:0.0.0.0:42154, s1:0.0.0.0:36158, s2:0.0.0.0:36910], old=null
2019-09-24 12:00:31,582 INFO  impl.LeaderElection (LeaderElection.java:askForVotes(178)) - s0@group-3D81F66BC438-LeaderElection114: begin an election at term 270 for 11: [s0:0.0.0.0:42154, s1:0.0.0.0:36158, s2:0.0.0.0:36910], old=null
2019-09-24 12:00:31,623 INFO  impl.LeaderElection (LeaderElection.java:logAndReturn(56)) - s2@group-3D81F66BC438-LeaderElection106: Election TIMEOUT; received 1 response(s) [s2<-s0#0:FAIL-t268] and 0 exception(s); s2@group-3D81F66BC438:t268, leader=null, voted=s2, raftlog=s2@group-3D81F66BC438-SegmentedRaftLog:OPENED:c10,f10,i10, conf=9: [s0:0.0.0.0:42154, s1:0.0.0.0:36158, s2:0.0.0.0:36910], old=null
2019-09-24 12:00:31,635 INFO  impl.LeaderElection (LeaderElection.java:askForVotes(178)) - s2@group-3D81F66BC438-LeaderElection106: begin an election at term 269 for 9: [s0:0.0.0.0:42154, s1:0.0.0.0:36158, s2:0.0.0.0:36910], old=null
2019-09-24 12:00:31,636 DEBUG impl.RaftServerImpl (RaftServerImpl.java:requestVote(743)) - s0@group-3D81F66BC438: receive requestVote(s2, group-3D81F66BC438, 269, (t:13, i:10))
2019-09-24 12:00:31,636 DEBUG impl.RaftServerImpl (RaftServerImpl.java:requestVote(775)) - s0@group-3D81F66BC438 replies to vote request: s2<-s0#0:FAIL-t270. Peer's state: s0@group-3D81F66BC438:t270, leader=null, voted=s0, raftlog=s0@group-3D81F66BC438-SegmentedRaftLog:OPENED:c11,f12,i12, conf=11: [s0:0.0.0.0:42154, s1:0.0.0.0:36158, s2:0.0.0.0:36910], old=null
2019-09-24 12:00:31,637 INFO  impl.LeaderElection (LeaderElection.java:logAndReturn(56)) - s2@group-3D81F66BC438-LeaderElection106: Election DISCOVERED_A_NEW_TERM; received 1 response(s) [s2<-s0#0:FAIL-t270] and 0 exception(s); s2@group-3D81F66BC438:t269, leader=null, voted=s2, raftlog=s2@group-3D81F66BC438-SegmentedRaftLog:OPENED:c10,f10,i10, conf=9: [s0:0.0.0.0:42154, s1:0.0.0.0:36158, s2:0.0.0.0:36910], old=null
2019-09-24 12:00:31,637 INFO  impl.RaftServerImpl (RaftServerImpl.java:setRole(170)) - s2@group-3D81F66BC438: changes role from CANDIDATE to FOLLOWER at term 270 for DISCOVERED_A_NEW_TERM
2019-09-24 12:00:31,637 INFO  impl.RoleInfo (RoleInfo.java:shutdownLeaderElection(134)) - s2: shutdown LeaderElection
2019-09-24 12:00:31,637 INFO  impl.RoleInfo (RoleInfo.java:updateAndGet(143)) - s2: start FollowerState
2019-09-24 12:00:31,702 INFO  impl.LeaderElection (LeaderElection.java:logAndReturn(56)) - s1@group-3D81F66BC438-LeaderElection111: Election TIMEOUT; received 1 response(s) [s1<-s0#0:FAIL-t269] and 0 exception(s); s1@group-3D81F66BC438:t269, leader=null, voted=s1, raftlog=s1@group-3D81F66BC438-SegmentedRaftLog:OPENED:c10,f11,i11, conf=11: [s0:0.0.0.0:42154, s1:0.0.0.0:36158, s2:0.0.0.0:36910], old=null
2019-09-24 12:00:31,717 INFO  impl.LeaderElection (LeaderElection.java:askForVotes(178)) - s1@group-3D81F66BC438-LeaderElection111: begin an election at term 270 for 11: [s0:0.0.0.0:42154, s1:0.0.0.0:36158, s2:0.0.0.0:36910], old=null
2019-09-24 12:00:31,718 DEBUG impl.RaftServerImpl (RaftServerImpl.java:requestVote(743)) - s0@group-3D81F66BC438: receive requestVote(s1, group-3D81F66BC438, 270, (t:14, i:11))
2019-09-24 12:00:31,718 DEBUG impl.RaftServerImpl (RaftServerImpl.java:requestVote(775)) - s0@group-3D81F66BC438 replies to vote request: s1<-s0#0:FAIL-t270. Peer's state: s0@group-3D81F66BC438:t270, leader=null, voted=s0, raftlog=s0@group-3D81F66BC438-SegmentedRaftLog:OPENED:c11,f12,i12, conf=11: [s0:0.0.0.0:42154, s1:0.0.0.0:36158, s2:0.0.0.0:36910], old=null
2019-09-24 12:00:31,770 INFO  impl.LeaderElection (LeaderElection.java:logAndReturn(56)) - s0@group-3D81F66BC438-LeaderElection114: Election TIMEOUT; received 0 response(s) [] and 0 exception(s); s0@group-3D81F66BC438:t270, leader=null, voted=s0, raftlog=s0@group-3D81F66BC438-SegmentedRaftLog:OPENED:c11,f12,i12, conf=11: [s0:0.0.0.0:42154, s1:0.0.0.0:36158, s2:0.0.0.0:36910], old=null
2019-09-24 12:00:31,785 INFO  impl.LeaderElection (LeaderElection.java:askForVotes(178)) - s0@group-3D81F66BC438-LeaderElection114: begin an election at term 271 for 11: [s0:0.0.0.0:42154, s1:0.0.0.0:36158, s2:0.0.0.0:36910], old=null
2019-09-24 12:00:31,893 INFO  impl.FollowerState (FollowerState.java:run(108)) - s2@group-3D81F66BC438-FollowerState: change to CANDIDATE, lastRpcTime:255ms, electionTimeout:255ms
2019-09-24 12:00:31,893 INFO  impl.RoleInfo (RoleInfo.java:shutdownFollowerState(121)) - s2: shutdown FollowerState
2019-09-24 12:00:31,893 INFO  impl.RaftServerImpl (RaftServerImpl.java:setRole(170)) - s2@group-3D81F66BC438: changes role from  FOLLOWER to CANDIDATE at term 270 for changeToCandidate
2019-09-24 12:00:31,895 INFO  impl.LeaderElection (LeaderElection.java:logAndReturn(56)) - s1@group-3D81F66BC438-LeaderElection111: Election TIMEOUT; received 1 response(s) [s1<-s0#0:FAIL-t270] and 0 exception(s); s1@group-3D81F66BC438:t270, leader=null, voted=s1, raftlog=s1@group-3D81F66BC438-SegmentedRaftLog:OPENED:c10,f11,i11, conf=11: [s0:0.0.0.0:42154, s1:0.0.0.0:36158, s2:0.0.0.0:36910], old=null
2019-09-24 12:00:31,912 INFO  impl.RoleInfo (RoleInfo.java:updateAndGet(143)) - s2: start LeaderElection
2019-09-24 12:00:31,935 INFO  impl.LeaderElection (LeaderElection.java:askForVotes(178)) - s1@group-3D81F66BC438-LeaderElection111: begin an election at term 271 for 11: [s0:0.0.0.0:42154, s1:0.0.0.0:36158, s2:0.0.0.0:36910], old=null
2019-09-24 12:00:31,935 INFO  impl.LeaderElection (LeaderElection.java:askForVotes(178)) - s2@group-3D81F66BC438-LeaderElection115: begin an election at term 271 for 9: [s0:0.0.0.0:42154, s1:0.0.0.0:36158, s2:0.0.0.0:36910], old=null
2019-09-24 12:00:31,936 DEBUG impl.RaftServerImpl (RaftServerImpl.java:requestVote(743)) - s0@group-3D81F66BC438: receive requestVote(s1, group-3D81F66BC438, 271, (t:14, i:11))
2019-09-24 12:00:31,936 DEBUG impl.RaftServerImpl (RaftServerImpl.java:requestVote(743)) - s0@group-3D81F66BC438: receive requestVote(s2, group-3D81F66BC438, 271, (t:13, i:10))
2019-09-24 12:00:31,936 DEBUG impl.RaftServerImpl (RaftServerImpl.java:requestVote(775)) - s0@group-3D81F66BC438 replies to vote request: s1<-s0#0:FAIL-t271. Peer's state: s0@group-3D81F66BC438:t271, leader=null, voted=s0, raftlog=s0@group-3D81F66BC438-SegmentedRaftLog:OPENED:c11,f12,i12, conf=11: [s0:0.0.0.0:42154, s1:0.0.0.0:36158, s2:0.0.0.0:36910], old=null
2019-09-24 12:00:31,936 DEBUG impl.RaftServerImpl (RaftServerImpl.java:requestVote(775)) - s0@group-3D81F66BC438 replies to vote request: s2<-s0#0:FAIL-t271. Peer's state: s0@group-3D81F66BC438:t271, leader=null, voted=s0, raftlog=s0@group-3D81F66BC438-SegmentedRaftLog:OPENED:c11,f12,i12, conf=11: [s0:0.0.0.0:42154, s1:0.0.0.0:36158, s2:0.0.0.0:36910], old=null
2019-09-24 12:00:32,012 INFO  impl.LeaderElection (LeaderElection.java:logAndReturn(56)) - s0@group-3D81F66BC438-LeaderElection114: Election TIMEOUT; received 0 response(s) [] and 0 exception(s); s0@group-3D81F66BC438:t271, leader=null, voted=s0, raftlog=s0@group-3D81F66BC438-SegmentedRaftLog:OPENED:c11,f12,i12, conf=11: [s0:0.0.0.0:42154, s1:0.0.0.0:36158, s2:0.0.0.0:36910], old=null
2019-09-24 12:00:32,017 WARN  ratis.RaftTestUtil (JavaUtils.java:attempt(158)) - FAILED "waitForLeader-null-(expectLeader? true)", attempt #35/100: java.lang.IllegalStateException: No leader yet : printing ALL groups
  s0:  RUNNING CANDIDATE s0@group-3D81F66BC438:t272, leader=null, voted=s0, raftlog=s0@group-3D81F66BC438-SegmentedRaftLog:OPENED:c11,f12,i12, conf=11: [s0:0.0.0.0:42154, s1:0.0.0.0:36158, s2:0.0.0.0:36910], old=null RUNNING
  s1:  RUNNING CANDIDATE s1@group-3D81F66BC438:t271, leader=null, voted=s1, raftlog=s1@group-3D81F66BC438-SegmentedRaftLog:OPENED:c10,f11,i11, conf=11: [s0:0.0.0.0:42154, s1:0.0.0.0:36158, s2:0.0.0.0:36910], old=null RUNNING
  s2:  RUNNING CANDIDATE s2@group-3D81F66BC438:t271, leader=null, voted=s2, raftlog=s2@group-3D81F66BC438-SegmentedRaftLog:OPENED:c10,f10,i10, conf=9: [s0:0.0.0.0:42154, s1:0.0.0.0:36158, s2:0.0.0.0:36910], old=null RUNNING, sleep 450ms and then retry.
java.lang.IllegalStateException: No leader yet : printing ALL groups
  s0:  RUNNING CANDIDATE s0@group-3D81F66BC438:t272, leader=null, voted=s0, raftlog=s0@group-3D81F66BC438-SegmentedRaftLog:OPENED:c11,f12,i12, conf=11: [s0:0.0.0.0:42154, s1:0.0.0.0:36158, s2:0.0.0.0:36910], old=null RUNNING
  s1:  RUNNING CANDIDATE s1@group-3D81F66BC438:t271, leader=null, voted=s1, raftlog=s1@group-3D81F66BC438-SegmentedRaftLog:OPENED:c10,f11,i11, conf=11: [s0:0.0.0.0:42154, s1:0.0.0.0:36158, s2:0.0.0.0:36910], old=null RUNNING
  s2:  RUNNING CANDIDATE s2@group-3D81F66BC438:t271, leader=null, voted=s2, raftlog=s2@group-3D81F66BC438-SegmentedRaftLog:OPENED:c10,f10,i10, conf=9: [s0:0.0.0.0:42154, s1:0.0.0.0:36158, s2:0.0.0.0:36910], old=null RUNNING
	at org.apache.ratis.MiniRaftCluster.newIllegalStateExceptionForNoLeaders(MiniRaftCluster.java:506)
	at org.apache.ratis.RaftTestUtil.lambda$waitForLeader$1(RaftTestUtil.java:90)
	at org.apache.ratis.MiniRaftCluster.getLeader(MiniRaftCluster.java:539)
	at org.apache.ratis.MiniRaftCluster.getLeader(MiniRaftCluster.java:532)
	at org.apache.ratis.RaftTestUtil.lambda$waitForLeader$3(RaftTestUtil.java:98)
	at org.apache.ratis.util.JavaUtils.attempt(JavaUtils.java:152)
	at org.apache.ratis.RaftTestUtil.waitForLeader(RaftTestUtil.java:97)
	at org.apache.ratis.RaftTestUtil.waitForLeader(RaftTestUtil.java:77)
	at org.apache.ratis.RaftTestUtil.waitForLeader(RaftTestUtil.java:72)
	at org.apache.ratis.RaftTestUtil.lambda$changeLeader$7(RaftTestUtil.java:363)
	at org.apache.ratis.util.JavaUtils.attempt(JavaUtils.java:152)
	at org.apache.ratis.RaftTestUtil.changeLeader(RaftTestUtil.java:362)
	at org.apache.ratis.server.impl.LeaderElectionTests.testChangeLeader(LeaderElectionTests.java:81)
	at sun.reflect.NativeMethodAccessorImpl.invoke0(Native Method)
	at sun.reflect.NativeMethodAccessorImpl.invoke(NativeMethodAccessorImpl.java:62)
	at sun.reflect.DelegatingMethodAccessorImpl.invoke(DelegatingMethodAccessorImpl.java:43)
	at java.lang.reflect.Method.invoke(Method.java:498)
	at org.junit.runners.model.FrameworkMethod$1.runReflectiveCall(FrameworkMethod.java:50)
	at org.junit.internal.runners.model.ReflectiveCallable.run(ReflectiveCallable.java:12)
	at org.junit.runners.model.FrameworkMethod.invokeExplosively(FrameworkMethod.java:47)
	at org.junit.internal.runners.statements.InvokeMethod.evaluate(InvokeMethod.java:17)
	at org.junit.internal.runners.statements.RunAfters.evaluate(RunAfters.java:27)
	at org.junit.internal.runners.statements.FailOnTimeout$CallableStatement.call(FailOnTimeout.java:298)
	at org.junit.internal.runners.statements.FailOnTimeout$CallableStatement.call(FailOnTimeout.java:292)
	at java.util.concurrent.FutureTask.run(FutureTask.java:266)
	at java.lang.Thread.run(Thread.java:748)
2019-09-24 12:00:32,034 INFO  impl.LeaderElection (LeaderElection.java:askForVotes(178)) - s0@group-3D81F66BC438-LeaderElection114: begin an election at term 272 for 11: [s0:0.0.0.0:42154, s1:0.0.0.0:36158, s2:0.0.0.0:36910], old=null
2019-09-24 12:00:32,155 INFO  impl.LeaderElection (LeaderElection.java:logAndReturn(56)) - s2@group-3D81F66BC438-LeaderElection115: Election TIMEOUT; received 1 response(s) [s2<-s0#0:FAIL-t271] and 0 exception(s); s2@group-3D81F66BC438:t271, leader=null, voted=s2, raftlog=s2@group-3D81F66BC438-SegmentedRaftLog:OPENED:c10,f10,i10, conf=9: [s0:0.0.0.0:42154, s1:0.0.0.0:36158, s2:0.0.0.0:36910], old=null
2019-09-24 12:00:32,168 INFO  impl.LeaderElection (LeaderElection.java:askForVotes(178)) - s2@group-3D81F66BC438-LeaderElection115: begin an election at term 272 for 9: [s0:0.0.0.0:42154, s1:0.0.0.0:36158, s2:0.0.0.0:36910], old=null
2019-09-24 12:00:32,169 DEBUG impl.RaftServerImpl (RaftServerImpl.java:requestVote(743)) - s0@group-3D81F66BC438: receive requestVote(s2, group-3D81F66BC438, 272, (t:13, i:10))
2019-09-24 12:00:32,169 DEBUG impl.RaftServerImpl (RaftServerImpl.java:requestVote(775)) - s0@group-3D81F66BC438 replies to vote request: s2<-s0#0:FAIL-t272. Peer's state: s0@group-3D81F66BC438:t272, leader=null, voted=s0, raftlog=s0@group-3D81F66BC438-SegmentedRaftLog:OPENED:c11,f12,i12, conf=11: [s0:0.0.0.0:42154, s1:0.0.0.0:36158, s2:0.0.0.0:36910], old=null
2019-09-24 12:00:32,205 INFO  impl.LeaderElection (LeaderElection.java:logAndReturn(56)) - s1@group-3D81F66BC438-LeaderElection111: Election TIMEOUT; received 1 response(s) [s1<-s0#0:FAIL-t271] and 0 exception(s); s1@group-3D81F66BC438:t271, leader=null, voted=s1, raftlog=s1@group-3D81F66BC438-SegmentedRaftLog:OPENED:c10,f11,i11, conf=11: [s0:0.0.0.0:42154, s1:0.0.0.0:36158, s2:0.0.0.0:36910], old=null
2019-09-24 12:00:32,231 INFO  impl.LeaderElection (LeaderElection.java:askForVotes(178)) - s1@group-3D81F66BC438-LeaderElection111: begin an election at term 272 for 11: [s0:0.0.0.0:42154, s1:0.0.0.0:36158, s2:0.0.0.0:36910], old=null
2019-09-24 12:00:32,231 DEBUG impl.RaftServerImpl (RaftServerImpl.java:requestVote(743)) - s0@group-3D81F66BC438: receive requestVote(s1, group-3D81F66BC438, 272, (t:14, i:11))
2019-09-24 12:00:32,231 DEBUG impl.RaftServerImpl (RaftServerImpl.java:requestVote(775)) - s0@group-3D81F66BC438 replies to vote request: s1<-s0#0:FAIL-t272. Peer's state: s0@group-3D81F66BC438:t272, leader=null, voted=s0, raftlog=s0@group-3D81F66BC438-SegmentedRaftLog:OPENED:c11,f12,i12, conf=11: [s0:0.0.0.0:42154, s1:0.0.0.0:36158, s2:0.0.0.0:36910], old=null
2019-09-24 12:00:32,306 INFO  impl.LeaderElection (LeaderElection.java:logAndReturn(56)) - s0@group-3D81F66BC438-LeaderElection114: Election TIMEOUT; received 0 response(s) [] and 0 exception(s); s0@group-3D81F66BC438:t272, leader=null, voted=s0, raftlog=s0@group-3D81F66BC438-SegmentedRaftLog:OPENED:c11,f12,i12, conf=11: [s0:0.0.0.0:42154, s1:0.0.0.0:36158, s2:0.0.0.0:36910], old=null
2019-09-24 12:00:32,321 INFO  impl.LeaderElection (LeaderElection.java:askForVotes(178)) - s0@group-3D81F66BC438-LeaderElection114: begin an election at term 273 for 11: [s0:0.0.0.0:42154, s1:0.0.0.0:36158, s2:0.0.0.0:36910], old=null
2019-09-24 12:00:32,430 INFO  impl.LeaderElection (LeaderElection.java:logAndReturn(56)) - s2@group-3D81F66BC438-LeaderElection115: Election TIMEOUT; received 1 response(s) [s2<-s0#0:FAIL-t272] and 0 exception(s); s2@group-3D81F66BC438:t272, leader=null, voted=s2, raftlog=s2@group-3D81F66BC438-SegmentedRaftLog:OPENED:c10,f10,i10, conf=9: [s0:0.0.0.0:42154, s1:0.0.0.0:36158, s2:0.0.0.0:36910], old=null
2019-09-24 12:00:32,443 INFO  impl.LeaderElection (LeaderElection.java:askForVotes(178)) - s2@group-3D81F66BC438-LeaderElection115: begin an election at term 273 for 9: [s0:0.0.0.0:42154, s1:0.0.0.0:36158, s2:0.0.0.0:36910], old=null
2019-09-24 12:00:32,444 DEBUG impl.RaftServerImpl (RaftServerImpl.java:requestVote(743)) - s0@group-3D81F66BC438: receive requestVote(s2, group-3D81F66BC438, 273, (t:13, i:10))
2019-09-24 12:00:32,444 DEBUG impl.RaftServerImpl (RaftServerImpl.java:requestVote(775)) - s0@group-3D81F66BC438 replies to vote request: s2<-s0#0:FAIL-t273. Peer's state: s0@group-3D81F66BC438:t273, leader=null, voted=s0, raftlog=s0@group-3D81F66BC438-SegmentedRaftLog:OPENED:c11,f12,i12, conf=11: [s0:0.0.0.0:42154, s1:0.0.0.0:36158, s2:0.0.0.0:36910], old=null
2019-09-24 12:00:32,467 WARN  ratis.RaftTestUtil (JavaUtils.java:attempt(158)) - FAILED "waitForLeader-null-(expectLeader? true)", attempt #36/100: java.lang.IllegalStateException: No leader yet : printing ALL groups
  s0:  RUNNING CANDIDATE s0@group-3D81F66BC438:t273, leader=null, voted=s0, raftlog=s0@group-3D81F66BC438-SegmentedRaftLog:OPENED:c11,f12,i12, conf=11: [s0:0.0.0.0:42154, s1:0.0.0.0:36158, s2:0.0.0.0:36910], old=null RUNNING
  s1:  RUNNING CANDIDATE s1@group-3D81F66BC438:t272, leader=null, voted=s1, raftlog=s1@group-3D81F66BC438-SegmentedRaftLog:OPENED:c10,f11,i11, conf=11: [s0:0.0.0.0:42154, s1:0.0.0.0:36158, s2:0.0.0.0:36910], old=null RUNNING
  s2:  RUNNING CANDIDATE s2@group-3D81F66BC438:t273, leader=null, voted=s2, raftlog=s2@group-3D81F66BC438-SegmentedRaftLog:OPENED:c10,f10,i10, conf=9: [s0:0.0.0.0:42154, s1:0.0.0.0:36158, s2:0.0.0.0:36910], old=null RUNNING, sleep 450ms and then retry.
java.lang.IllegalStateException: No leader yet : printing ALL groups
  s0:  RUNNING CANDIDATE s0@group-3D81F66BC438:t273, leader=null, voted=s0, raftlog=s0@group-3D81F66BC438-SegmentedRaftLog:OPENED:c11,f12,i12, conf=11: [s0:0.0.0.0:42154, s1:0.0.0.0:36158, s2:0.0.0.0:36910], old=null RUNNING
  s1:  RUNNING CANDIDATE s1@group-3D81F66BC438:t272, leader=null, voted=s1, raftlog=s1@group-3D81F66BC438-SegmentedRaftLog:OPENED:c10,f11,i11, conf=11: [s0:0.0.0.0:42154, s1:0.0.0.0:36158, s2:0.0.0.0:36910], old=null RUNNING
  s2:  RUNNING CANDIDATE s2@group-3D81F66BC438:t273, leader=null, voted=s2, raftlog=s2@group-3D81F66BC438-SegmentedRaftLog:OPENED:c10,f10,i10, conf=9: [s0:0.0.0.0:42154, s1:0.0.0.0:36158, s2:0.0.0.0:36910], old=null RUNNING
	at org.apache.ratis.MiniRaftCluster.newIllegalStateExceptionForNoLeaders(MiniRaftCluster.java:506)
	at org.apache.ratis.RaftTestUtil.lambda$waitForLeader$1(RaftTestUtil.java:90)
	at org.apache.ratis.MiniRaftCluster.getLeader(MiniRaftCluster.java:539)
	at org.apache.ratis.MiniRaftCluster.getLeader(MiniRaftCluster.java:532)
	at org.apache.ratis.RaftTestUtil.lambda$waitForLeader$3(RaftTestUtil.java:98)
	at org.apache.ratis.util.JavaUtils.attempt(JavaUtils.java:152)
	at org.apache.ratis.RaftTestUtil.waitForLeader(RaftTestUtil.java:97)
	at org.apache.ratis.RaftTestUtil.waitForLeader(RaftTestUtil.java:77)
	at org.apache.ratis.RaftTestUtil.waitForLeader(RaftTestUtil.java:72)
	at org.apache.ratis.RaftTestUtil.lambda$changeLeader$7(RaftTestUtil.java:363)
	at org.apache.ratis.util.JavaUtils.attempt(JavaUtils.java:152)
	at org.apache.ratis.RaftTestUtil.changeLeader(RaftTestUtil.java:362)
	at org.apache.ratis.server.impl.LeaderElectionTests.testChangeLeader(LeaderElectionTests.java:81)
	at sun.reflect.NativeMethodAccessorImpl.invoke0(Native Method)
	at sun.reflect.NativeMethodAccessorImpl.invoke(NativeMethodAccessorImpl.java:62)
	at sun.reflect.DelegatingMethodAccessorImpl.invoke(DelegatingMethodAccessorImpl.java:43)
	at java.lang.reflect.Method.invoke(Method.java:498)
	at org.junit.runners.model.FrameworkMethod$1.runReflectiveCall(FrameworkMethod.java:50)
	at org.junit.internal.runners.model.ReflectiveCallable.run(ReflectiveCallable.java:12)
	at org.junit.runners.model.FrameworkMethod.invokeExplosively(FrameworkMethod.java:47)
	at org.junit.internal.runners.statements.InvokeMethod.evaluate(InvokeMethod.java:17)
	at org.junit.internal.runners.statements.RunAfters.evaluate(RunAfters.java:27)
	at org.junit.internal.runners.statements.FailOnTimeout$CallableStatement.call(FailOnTimeout.java:298)
	at org.junit.internal.runners.statements.FailOnTimeout$CallableStatement.call(FailOnTimeout.java:292)
	at java.util.concurrent.FutureTask.run(FutureTask.java:266)
	at java.lang.Thread.run(Thread.java:748)
2019-09-24 12:00:32,489 INFO  impl.LeaderElection (LeaderElection.java:logAndReturn(56)) - s1@group-3D81F66BC438-LeaderElection111: Election TIMEOUT; received 1 response(s) [s1<-s0#0:FAIL-t272] and 0 exception(s); s1@group-3D81F66BC438:t272, leader=null, voted=s1, raftlog=s1@group-3D81F66BC438-SegmentedRaftLog:OPENED:c10,f11,i11, conf=11: [s0:0.0.0.0:42154, s1:0.0.0.0:36158, s2:0.0.0.0:36910], old=null
2019-09-24 12:00:32,504 INFO  impl.LeaderElection (LeaderElection.java:logAndReturn(56)) - s0@group-3D81F66BC438-LeaderElection114: Election TIMEOUT; received 0 response(s) [] and 0 exception(s); s0@group-3D81F66BC438:t273, leader=null, voted=s0, raftlog=s0@group-3D81F66BC438-SegmentedRaftLog:OPENED:c11,f12,i12, conf=11: [s0:0.0.0.0:42154, s1:0.0.0.0:36158, s2:0.0.0.0:36910], old=null
2019-09-24 12:00:32,514 INFO  impl.LeaderElection (LeaderElection.java:askForVotes(178)) - s1@group-3D81F66BC438-LeaderElection111: begin an election at term 273 for 11: [s0:0.0.0.0:42154, s1:0.0.0.0:36158, s2:0.0.0.0:36910], old=null
2019-09-24 12:00:32,515 DEBUG impl.RaftServerImpl (RaftServerImpl.java:requestVote(743)) - s0@group-3D81F66BC438: receive requestVote(s1, group-3D81F66BC438, 273, (t:14, i:11))
2019-09-24 12:00:32,517 INFO  impl.LeaderElection (LeaderElection.java:askForVotes(178)) - s0@group-3D81F66BC438-LeaderElection114: begin an election at term 274 for 11: [s0:0.0.0.0:42154, s1:0.0.0.0:36158, s2:0.0.0.0:36910], old=null
2019-09-24 12:00:32,517 DEBUG impl.RaftServerImpl (RaftServerImpl.java:requestVote(775)) - s0@group-3D81F66BC438 replies to vote request: s1<-s0#0:FAIL-t274. Peer's state: s0@group-3D81F66BC438:t274, leader=null, voted=s0, raftlog=s0@group-3D81F66BC438-SegmentedRaftLog:OPENED:c11,f12,i12, conf=11: [s0:0.0.0.0:42154, s1:0.0.0.0:36158, s2:0.0.0.0:36910], old=null
2019-09-24 12:00:32,517 INFO  impl.LeaderElection (LeaderElection.java:logAndReturn(56)) - s1@group-3D81F66BC438-LeaderElection111: Election DISCOVERED_A_NEW_TERM; received 1 response(s) [s1<-s0#0:FAIL-t274] and 0 exception(s); s1@group-3D81F66BC438:t273, leader=null, voted=s1, raftlog=s1@group-3D81F66BC438-SegmentedRaftLog:OPENED:c10,f11,i11, conf=11: [s0:0.0.0.0:42154, s1:0.0.0.0:36158, s2:0.0.0.0:36910], old=null
2019-09-24 12:00:32,517 INFO  impl.RaftServerImpl (RaftServerImpl.java:setRole(170)) - s1@group-3D81F66BC438: changes role from CANDIDATE to FOLLOWER at term 274 for DISCOVERED_A_NEW_TERM
2019-09-24 12:00:32,518 INFO  impl.RoleInfo (RoleInfo.java:shutdownLeaderElection(134)) - s1: shutdown LeaderElection
2019-09-24 12:00:32,518 INFO  impl.RoleInfo (RoleInfo.java:updateAndGet(143)) - s1: start FollowerState
2019-09-24 12:00:32,724 INFO  impl.FollowerState (FollowerState.java:run(108)) - s1@group-3D81F66BC438-FollowerState: change to CANDIDATE, lastRpcTime:206ms, electionTimeout:206ms
2019-09-24 12:00:32,724 INFO  impl.RoleInfo (RoleInfo.java:shutdownFollowerState(121)) - s1: shutdown FollowerState
2019-09-24 12:00:32,725 INFO  impl.RaftServerImpl (RaftServerImpl.java:setRole(170)) - s1@group-3D81F66BC438: changes role from  FOLLOWER to CANDIDATE at term 274 for changeToCandidate
2019-09-24 12:00:32,725 INFO  impl.RoleInfo (RoleInfo.java:updateAndGet(143)) - s1: start LeaderElection
2019-09-24 12:00:32,734 INFO  impl.LeaderElection (LeaderElection.java:logAndReturn(56)) - s2@group-3D81F66BC438-LeaderElection115: Election TIMEOUT; received 1 response(s) [s2<-s0#0:FAIL-t273] and 0 exception(s); s2@group-3D81F66BC438:t273, leader=null, voted=s2, raftlog=s2@group-3D81F66BC438-SegmentedRaftLog:OPENED:c10,f10,i10, conf=9: [s0:0.0.0.0:42154, s1:0.0.0.0:36158, s2:0.0.0.0:36910], old=null
2019-09-24 12:00:32,739 INFO  impl.LeaderElection (LeaderElection.java:askForVotes(178)) - s1@group-3D81F66BC438-LeaderElection116: begin an election at term 275 for 11: [s0:0.0.0.0:42154, s1:0.0.0.0:36158, s2:0.0.0.0:36910], old=null
2019-09-24 12:00:32,739 INFO  impl.LeaderElection (LeaderElection.java:askForVotes(178)) - s2@group-3D81F66BC438-LeaderElection115: begin an election at term 274 for 9: [s0:0.0.0.0:42154, s1:0.0.0.0:36158, s2:0.0.0.0:36910], old=null
2019-09-24 12:00:32,739 DEBUG impl.RaftServerImpl (RaftServerImpl.java:requestVote(743)) - s0@group-3D81F66BC438: receive requestVote(s1, group-3D81F66BC438, 275, (t:14, i:11))
2019-09-24 12:00:32,739 INFO  impl.RaftServerImpl (RaftServerImpl.java:setRole(170)) - s0@group-3D81F66BC438: changes role from CANDIDATE to FOLLOWER at term 275 for recognizeCandidate:s1
2019-09-24 12:00:32,740 INFO  impl.RoleInfo (RoleInfo.java:shutdownLeaderElection(134)) - s0: shutdown LeaderElection
2019-09-24 12:00:32,740 DEBUG impl.RaftServerImpl (RaftServerImpl.java:requestVote(743)) - s0@group-3D81F66BC438: receive requestVote(s2, group-3D81F66BC438, 274, (t:13, i:10))
2019-09-24 12:00:32,740 INFO  impl.RoleInfo (RoleInfo.java:updateAndGet(143)) - s0: start FollowerState
2019-09-24 12:00:32,742 INFO  impl.LeaderElection (LeaderElection.java:logAndReturn(56)) - s0@group-3D81F66BC438-LeaderElection114: Election REJECTED; received 0 response(s) [] and 0 exception(s); s0@group-3D81F66BC438:t275, leader=null, voted=null, raftlog=s0@group-3D81F66BC438-SegmentedRaftLog:OPENED:c11,f12,i12, conf=11: [s0:0.0.0.0:42154, s1:0.0.0.0:36158, s2:0.0.0.0:36910], old=null
2019-09-24 12:00:32,753 DEBUG impl.RaftServerImpl (RaftServerImpl.java:requestVote(775)) - s0@group-3D81F66BC438 replies to vote request: s1<-s0#0:FAIL-t275. Peer's state: s0@group-3D81F66BC438:t275, leader=null, voted=null, raftlog=s0@group-3D81F66BC438-SegmentedRaftLog:OPENED:c11,f12,i12, conf=11: [s0:0.0.0.0:42154, s1:0.0.0.0:36158, s2:0.0.0.0:36910], old=null
2019-09-24 12:00:32,753 DEBUG impl.RaftServerImpl (RaftServerImpl.java:requestVote(775)) - s0@group-3D81F66BC438 replies to vote request: s2<-s0#0:FAIL-t275. Peer's state: s0@group-3D81F66BC438:t275, leader=null, voted=null, raftlog=s0@group-3D81F66BC438-SegmentedRaftLog:OPENED:c11,f12,i12, conf=11: [s0:0.0.0.0:42154, s1:0.0.0.0:36158, s2:0.0.0.0:36910], old=null
2019-09-24 12:00:32,754 INFO  impl.LeaderElection (LeaderElection.java:logAndReturn(56)) - s2@group-3D81F66BC438-LeaderElection115: Election DISCOVERED_A_NEW_TERM; received 1 response(s) [s2<-s0#0:FAIL-t275] and 0 exception(s); s2@group-3D81F66BC438:t274, leader=null, voted=s2, raftlog=s2@group-3D81F66BC438-SegmentedRaftLog:OPENED:c10,f10,i10, conf=9: [s0:0.0.0.0:42154, s1:0.0.0.0:36158, s2:0.0.0.0:36910], old=null
2019-09-24 12:00:32,754 INFO  impl.RaftServerImpl (RaftServerImpl.java:setRole(170)) - s2@group-3D81F66BC438: changes role from CANDIDATE to FOLLOWER at term 275 for DISCOVERED_A_NEW_TERM
2019-09-24 12:00:32,754 INFO  impl.RoleInfo (RoleInfo.java:shutdownLeaderElection(134)) - s2: shutdown LeaderElection
2019-09-24 12:00:32,754 INFO  impl.RoleInfo (RoleInfo.java:updateAndGet(143)) - s2: start FollowerState
2019-09-24 12:00:32,918 WARN  ratis.RaftTestUtil (JavaUtils.java:attempt(158)) - FAILED "waitForLeader-null-(expectLeader? true)", attempt #37/100: java.lang.IllegalStateException: No leader yet : printing ALL groups
  s0:  RUNNING  FOLLOWER s0@group-3D81F66BC438:t275, leader=null, voted=null, raftlog=s0@group-3D81F66BC438-SegmentedRaftLog:OPENED:c11,f12,i12, conf=11: [s0:0.0.0.0:42154, s1:0.0.0.0:36158, s2:0.0.0.0:36910], old=null RUNNING
  s1:  RUNNING CANDIDATE s1@group-3D81F66BC438:t275, leader=null, voted=s1, raftlog=s1@group-3D81F66BC438-SegmentedRaftLog:OPENED:c10,f11,i11, conf=11: [s0:0.0.0.0:42154, s1:0.0.0.0:36158, s2:0.0.0.0:36910], old=null RUNNING
  s2:  RUNNING  FOLLOWER s2@group-3D81F66BC438:t275, leader=null, voted=null, raftlog=s2@group-3D81F66BC438-SegmentedRaftLog:OPENED:c10,f10,i10, conf=9: [s0:0.0.0.0:42154, s1:0.0.0.0:36158, s2:0.0.0.0:36910], old=null RUNNING, sleep 450ms and then retry.
java.lang.IllegalStateException: No leader yet : printing ALL groups
  s0:  RUNNING  FOLLOWER s0@group-3D81F66BC438:t275, leader=null, voted=null, raftlog=s0@group-3D81F66BC438-SegmentedRaftLog:OPENED:c11,f12,i12, conf=11: [s0:0.0.0.0:42154, s1:0.0.0.0:36158, s2:0.0.0.0:36910], old=null RUNNING
  s1:  RUNNING CANDIDATE s1@group-3D81F66BC438:t275, leader=null, voted=s1, raftlog=s1@group-3D81F66BC438-SegmentedRaftLog:OPENED:c10,f11,i11, conf=11: [s0:0.0.0.0:42154, s1:0.0.0.0:36158, s2:0.0.0.0:36910], old=null RUNNING
  s2:  RUNNING  FOLLOWER s2@group-3D81F66BC438:t275, leader=null, voted=null, raftlog=s2@group-3D81F66BC438-SegmentedRaftLog:OPENED:c10,f10,i10, conf=9: [s0:0.0.0.0:42154, s1:0.0.0.0:36158, s2:0.0.0.0:36910], old=null RUNNING
	at org.apache.ratis.MiniRaftCluster.newIllegalStateExceptionForNoLeaders(MiniRaftCluster.java:506)
	at org.apache.ratis.RaftTestUtil.lambda$waitForLeader$1(RaftTestUtil.java:90)
	at org.apache.ratis.MiniRaftCluster.getLeader(MiniRaftCluster.java:539)
	at org.apache.ratis.MiniRaftCluster.getLeader(MiniRaftCluster.java:532)
	at org.apache.ratis.RaftTestUtil.lambda$waitForLeader$3(RaftTestUtil.java:98)
	at org.apache.ratis.util.JavaUtils.attempt(JavaUtils.java:152)
	at org.apache.ratis.RaftTestUtil.waitForLeader(RaftTestUtil.java:97)
	at org.apache.ratis.RaftTestUtil.waitForLeader(RaftTestUtil.java:77)
	at org.apache.ratis.RaftTestUtil.waitForLeader(RaftTestUtil.java:72)
	at org.apache.ratis.RaftTestUtil.lambda$changeLeader$7(RaftTestUtil.java:363)
	at org.apache.ratis.util.JavaUtils.attempt(JavaUtils.java:152)
	at org.apache.ratis.RaftTestUtil.changeLeader(RaftTestUtil.java:362)
	at org.apache.ratis.server.impl.LeaderElectionTests.testChangeLeader(LeaderElectionTests.java:81)
	at sun.reflect.NativeMethodAccessorImpl.invoke0(Native Method)
	at sun.reflect.NativeMethodAccessorImpl.invoke(NativeMethodAccessorImpl.java:62)
	at sun.reflect.DelegatingMethodAccessorImpl.invoke(DelegatingMethodAccessorImpl.java:43)
	at java.lang.reflect.Method.invoke(Method.java:498)
	at org.junit.runners.model.FrameworkMethod$1.runReflectiveCall(FrameworkMethod.java:50)
	at org.junit.internal.runners.model.ReflectiveCallable.run(ReflectiveCallable.java:12)
	at org.junit.runners.model.FrameworkMethod.invokeExplosively(FrameworkMethod.java:47)
	at org.junit.internal.runners.statements.InvokeMethod.evaluate(InvokeMethod.java:17)
	at org.junit.internal.runners.statements.RunAfters.evaluate(RunAfters.java:27)
	at org.junit.internal.runners.statements.FailOnTimeout$CallableStatement.call(FailOnTimeout.java:298)
	at org.junit.internal.runners.statements.FailOnTimeout$CallableStatement.call(FailOnTimeout.java:292)
	at java.util.concurrent.FutureTask.run(FutureTask.java:266)
	at java.lang.Thread.run(Thread.java:748)
2019-09-24 12:00:32,974 INFO  impl.LeaderElection (LeaderElection.java:logAndReturn(56)) - s1@group-3D81F66BC438-LeaderElection116: Election TIMEOUT; received 1 response(s) [s1<-s0#0:FAIL-t275] and 0 exception(s); s1@group-3D81F66BC438:t275, leader=null, voted=s1, raftlog=s1@group-3D81F66BC438-SegmentedRaftLog:OPENED:c10,f11,i11, conf=11: [s0:0.0.0.0:42154, s1:0.0.0.0:36158, s2:0.0.0.0:36910], old=null
2019-09-24 12:00:32,983 INFO  impl.FollowerState (FollowerState.java:run(108)) - s2@group-3D81F66BC438-FollowerState: change to CANDIDATE, lastRpcTime:228ms, electionTimeout:228ms
2019-09-24 12:00:32,983 INFO  impl.RoleInfo (RoleInfo.java:shutdownFollowerState(121)) - s2: shutdown FollowerState
2019-09-24 12:00:32,983 INFO  impl.RaftServerImpl (RaftServerImpl.java:setRole(170)) - s2@group-3D81F66BC438: changes role from  FOLLOWER to CANDIDATE at term 275 for changeToCandidate
2019-09-24 12:00:32,983 INFO  impl.RoleInfo (RoleInfo.java:updateAndGet(143)) - s2: start LeaderElection
2019-09-24 12:00:32,986 INFO  impl.FollowerState (FollowerState.java:run(108)) - s0@group-3D81F66BC438-FollowerState: change to CANDIDATE, lastRpcTime:246ms, electionTimeout:246ms
2019-09-24 12:00:32,986 INFO  impl.RoleInfo (RoleInfo.java:shutdownFollowerState(121)) - s0: shutdown FollowerState
2019-09-24 12:00:32,987 INFO  impl.RaftServerImpl (RaftServerImpl.java:setRole(170)) - s0@group-3D81F66BC438: changes role from  FOLLOWER to CANDIDATE at term 275 for changeToCandidate
2019-09-24 12:00:32,987 INFO  impl.RoleInfo (RoleInfo.java:updateAndGet(143)) - s0: start LeaderElection
2019-09-24 12:00:33,000 INFO  impl.LeaderElection (LeaderElection.java:askForVotes(178)) - s2@group-3D81F66BC438-LeaderElection117: begin an election at term 276 for 9: [s0:0.0.0.0:42154, s1:0.0.0.0:36158, s2:0.0.0.0:36910], old=null
2019-09-24 12:00:33,000 INFO  impl.LeaderElection (LeaderElection.java:askForVotes(178)) - s1@group-3D81F66BC438-LeaderElection116: begin an election at term 276 for 11: [s0:0.0.0.0:42154, s1:0.0.0.0:36158, s2:0.0.0.0:36910], old=null
2019-09-24 12:00:33,000 DEBUG impl.RaftServerImpl (RaftServerImpl.java:requestVote(743)) - s0@group-3D81F66BC438: receive requestVote(s2, group-3D81F66BC438, 276, (t:13, i:10))
2019-09-24 12:00:33,001 DEBUG impl.RaftServerImpl (RaftServerImpl.java:requestVote(743)) - s0@group-3D81F66BC438: receive requestVote(s1, group-3D81F66BC438, 276, (t:14, i:11))
2019-09-24 12:00:33,003 INFO  impl.LeaderElection (LeaderElection.java:askForVotes(178)) - s0@group-3D81F66BC438-LeaderElection118: begin an election at term 276 for 11: [s0:0.0.0.0:42154, s1:0.0.0.0:36158, s2:0.0.0.0:36910], old=null
2019-09-24 12:00:33,003 DEBUG impl.RaftServerImpl (RaftServerImpl.java:requestVote(775)) - s0@group-3D81F66BC438 replies to vote request: s1<-s0#0:FAIL-t276. Peer's state: s0@group-3D81F66BC438:t276, leader=null, voted=s0, raftlog=s0@group-3D81F66BC438-SegmentedRaftLog:OPENED:c11,f12,i12, conf=11: [s0:0.0.0.0:42154, s1:0.0.0.0:36158, s2:0.0.0.0:36910], old=null
2019-09-24 12:00:33,004 DEBUG impl.RaftServerImpl (RaftServerImpl.java:requestVote(775)) - s0@group-3D81F66BC438 replies to vote request: s2<-s0#0:FAIL-t276. Peer's state: s0@group-3D81F66BC438:t276, leader=null, voted=s0, raftlog=s0@group-3D81F66BC438-SegmentedRaftLog:OPENED:c11,f12,i12, conf=11: [s0:0.0.0.0:42154, s1:0.0.0.0:36158, s2:0.0.0.0:36910], old=null
2019-09-24 12:00:33,212 INFO  impl.LeaderElection (LeaderElection.java:logAndReturn(56)) - s1@group-3D81F66BC438-LeaderElection116: Election TIMEOUT; received 1 response(s) [s1<-s0#0:FAIL-t276] and 0 exception(s); s1@group-3D81F66BC438:t276, leader=null, voted=s1, raftlog=s1@group-3D81F66BC438-SegmentedRaftLog:OPENED:c10,f11,i11, conf=11: [s0:0.0.0.0:42154, s1:0.0.0.0:36158, s2:0.0.0.0:36910], old=null
2019-09-24 12:00:33,237 INFO  impl.LeaderElection (LeaderElection.java:askForVotes(178)) - s1@group-3D81F66BC438-LeaderElection116: begin an election at term 277 for 11: [s0:0.0.0.0:42154, s1:0.0.0.0:36158, s2:0.0.0.0:36910], old=null
2019-09-24 12:00:33,238 DEBUG impl.RaftServerImpl (RaftServerImpl.java:requestVote(743)) - s0@group-3D81F66BC438: receive requestVote(s1, group-3D81F66BC438, 277, (t:14, i:11))
2019-09-24 12:00:33,238 INFO  impl.RaftServerImpl (RaftServerImpl.java:setRole(170)) - s0@group-3D81F66BC438: changes role from CANDIDATE to FOLLOWER at term 277 for recognizeCandidate:s1
2019-09-24 12:00:33,238 INFO  impl.RoleInfo (RoleInfo.java:shutdownLeaderElection(134)) - s0: shutdown LeaderElection
2019-09-24 12:00:33,239 INFO  impl.RoleInfo (RoleInfo.java:updateAndGet(143)) - s0: start FollowerState
2019-09-24 12:00:33,241 INFO  impl.LeaderElection (LeaderElection.java:logAndReturn(56)) - s0@group-3D81F66BC438-LeaderElection118: Election REJECTED; received 0 response(s) [] and 0 exception(s); s0@group-3D81F66BC438:t277, leader=null, voted=null, raftlog=s0@group-3D81F66BC438-SegmentedRaftLog:OPENED:c11,f12,i12, conf=11: [s0:0.0.0.0:42154, s1:0.0.0.0:36158, s2:0.0.0.0:36910], old=null
2019-09-24 12:00:33,267 DEBUG impl.RaftServerImpl (RaftServerImpl.java:requestVote(775)) - s0@group-3D81F66BC438 replies to vote request: s1<-s0#0:FAIL-t277. Peer's state: s0@group-3D81F66BC438:t277, leader=null, voted=null, raftlog=s0@group-3D81F66BC438-SegmentedRaftLog:OPENED:c11,f12,i12, conf=11: [s0:0.0.0.0:42154, s1:0.0.0.0:36158, s2:0.0.0.0:36910], old=null
2019-09-24 12:00:33,290 INFO  impl.LeaderElection (LeaderElection.java:logAndReturn(56)) - s2@group-3D81F66BC438-LeaderElection117: Election TIMEOUT; received 1 response(s) [s2<-s0#0:FAIL-t276] and 0 exception(s); s2@group-3D81F66BC438:t276, leader=null, voted=s2, raftlog=s2@group-3D81F66BC438-SegmentedRaftLog:OPENED:c10,f10,i10, conf=9: [s0:0.0.0.0:42154, s1:0.0.0.0:36158, s2:0.0.0.0:36910], old=null
2019-09-24 12:00:33,315 INFO  impl.LeaderElection (LeaderElection.java:askForVotes(178)) - s2@group-3D81F66BC438-LeaderElection117: begin an election at term 277 for 9: [s0:0.0.0.0:42154, s1:0.0.0.0:36158, s2:0.0.0.0:36910], old=null
2019-09-24 12:00:33,315 DEBUG impl.RaftServerImpl (RaftServerImpl.java:requestVote(743)) - s0@group-3D81F66BC438: receive requestVote(s2, group-3D81F66BC438, 277, (t:13, i:10))
2019-09-24 12:00:33,315 INFO  impl.RaftServerImpl (RaftServerImpl.java:setRole(170)) - s0@group-3D81F66BC438: changes role from  FOLLOWER to FOLLOWER at term 277 for recognizeCandidate:s2
2019-09-24 12:00:33,316 INFO  impl.RoleInfo (RoleInfo.java:shutdownFollowerState(121)) - s0: shutdown FollowerState
2019-09-24 12:00:33,316 INFO  impl.RoleInfo (RoleInfo.java:updateAndGet(143)) - s0: start FollowerState
2019-09-24 12:00:33,316 INFO  impl.FollowerState (FollowerState.java:run(117)) - s0@group-3D81F66BC438-FollowerState was interrupted: java.lang.InterruptedException: sleep interrupted
2019-09-24 12:00:33,316 DEBUG impl.RaftServerImpl (RaftServerImpl.java:requestVote(775)) - s0@group-3D81F66BC438 replies to vote request: s2<-s0#0:FAIL-t277. Peer's state: s0@group-3D81F66BC438:t277, leader=null, voted=null, raftlog=s0@group-3D81F66BC438-SegmentedRaftLog:OPENED:c11,f12,i12, conf=11: [s0:0.0.0.0:42154, s1:0.0.0.0:36158, s2:0.0.0.0:36910], old=null
2019-09-24 12:00:33,369 WARN  ratis.RaftTestUtil (JavaUtils.java:attempt(158)) - FAILED "waitForLeader-null-(expectLeader? true)", attempt #38/100: java.lang.IllegalStateException: No leader yet : printing ALL groups
  s0:  RUNNING  FOLLOWER s0@group-3D81F66BC438:t277, leader=null, voted=null, raftlog=s0@group-3D81F66BC438-SegmentedRaftLog:OPENED:c11,f12,i12, conf=11: [s0:0.0.0.0:42154, s1:0.0.0.0:36158, s2:0.0.0.0:36910], old=null RUNNING
  s1:  RUNNING CANDIDATE s1@group-3D81F66BC438:t277, leader=null, voted=s1, raftlog=s1@group-3D81F66BC438-SegmentedRaftLog:OPENED:c10,f11,i11, conf=11: [s0:0.0.0.0:42154, s1:0.0.0.0:36158, s2:0.0.0.0:36910], old=null RUNNING
  s2:  RUNNING CANDIDATE s2@group-3D81F66BC438:t277, leader=null, voted=s2, raftlog=s2@group-3D81F66BC438-SegmentedRaftLog:OPENED:c10,f10,i10, conf=9: [s0:0.0.0.0:42154, s1:0.0.0.0:36158, s2:0.0.0.0:36910], old=null RUNNING, sleep 450ms and then retry.
java.lang.IllegalStateException: No leader yet : printing ALL groups
  s0:  RUNNING  FOLLOWER s0@group-3D81F66BC438:t277, leader=null, voted=null, raftlog=s0@group-3D81F66BC438-SegmentedRaftLog:OPENED:c11,f12,i12, conf=11: [s0:0.0.0.0:42154, s1:0.0.0.0:36158, s2:0.0.0.0:36910], old=null RUNNING
  s1:  RUNNING CANDIDATE s1@group-3D81F66BC438:t277, leader=null, voted=s1, raftlog=s1@group-3D81F66BC438-SegmentedRaftLog:OPENED:c10,f11,i11, conf=11: [s0:0.0.0.0:42154, s1:0.0.0.0:36158, s2:0.0.0.0:36910], old=null RUNNING
  s2:  RUNNING CANDIDATE s2@group-3D81F66BC438:t277, leader=null, voted=s2, raftlog=s2@group-3D81F66BC438-SegmentedRaftLog:OPENED:c10,f10,i10, conf=9: [s0:0.0.0.0:42154, s1:0.0.0.0:36158, s2:0.0.0.0:36910], old=null RUNNING
	at org.apache.ratis.MiniRaftCluster.newIllegalStateExceptionForNoLeaders(MiniRaftCluster.java:506)
	at org.apache.ratis.RaftTestUtil.lambda$waitForLeader$1(RaftTestUtil.java:90)
	at org.apache.ratis.MiniRaftCluster.getLeader(MiniRaftCluster.java:539)
	at org.apache.ratis.MiniRaftCluster.getLeader(MiniRaftCluster.java:532)
	at org.apache.ratis.RaftTestUtil.lambda$waitForLeader$3(RaftTestUtil.java:98)
	at org.apache.ratis.util.JavaUtils.attempt(JavaUtils.java:152)
	at org.apache.ratis.RaftTestUtil.waitForLeader(RaftTestUtil.java:97)
	at org.apache.ratis.RaftTestUtil.waitForLeader(RaftTestUtil.java:77)
	at org.apache.ratis.RaftTestUtil.waitForLeader(RaftTestUtil.java:72)
	at org.apache.ratis.RaftTestUtil.lambda$changeLeader$7(RaftTestUtil.java:363)
	at org.apache.ratis.util.JavaUtils.attempt(JavaUtils.java:152)
	at org.apache.ratis.RaftTestUtil.changeLeader(RaftTestUtil.java:362)
	at org.apache.ratis.server.impl.LeaderElectionTests.testChangeLeader(LeaderElectionTests.java:81)
	at sun.reflect.NativeMethodAccessorImpl.invoke0(Native Method)
	at sun.reflect.NativeMethodAccessorImpl.invoke(NativeMethodAccessorImpl.java:62)
	at sun.reflect.DelegatingMethodAccessorImpl.invoke(DelegatingMethodAccessorImpl.java:43)
	at java.lang.reflect.Method.invoke(Method.java:498)
	at org.junit.runners.model.FrameworkMethod$1.runReflectiveCall(FrameworkMethod.java:50)
	at org.junit.internal.runners.model.ReflectiveCallable.run(ReflectiveCallable.java:12)
	at org.junit.runners.model.FrameworkMethod.invokeExplosively(FrameworkMethod.java:47)
	at org.junit.internal.runners.statements.InvokeMethod.evaluate(InvokeMethod.java:17)
	at org.junit.internal.runners.statements.RunAfters.evaluate(RunAfters.java:27)
	at org.junit.internal.runners.statements.FailOnTimeout$CallableStatement.call(FailOnTimeout.java:298)
	at org.junit.internal.runners.statements.FailOnTimeout$CallableStatement.call(FailOnTimeout.java:292)
	at java.util.concurrent.FutureTask.run(FutureTask.java:266)
	at java.lang.Thread.run(Thread.java:748)
2019-09-24 12:00:33,518 INFO  impl.LeaderElection (LeaderElection.java:logAndReturn(56)) - s1@group-3D81F66BC438-LeaderElection116: Election TIMEOUT; received 1 response(s) [s1<-s0#0:FAIL-t277] and 0 exception(s); s1@group-3D81F66BC438:t277, leader=null, voted=s1, raftlog=s1@group-3D81F66BC438-SegmentedRaftLog:OPENED:c10,f11,i11, conf=11: [s0:0.0.0.0:42154, s1:0.0.0.0:36158, s2:0.0.0.0:36910], old=null
2019-09-24 12:00:33,520 INFO  impl.LeaderElection (LeaderElection.java:logAndReturn(56)) - s2@group-3D81F66BC438-LeaderElection117: Election TIMEOUT; received 1 response(s) [s2<-s0#0:FAIL-t277] and 0 exception(s); s2@group-3D81F66BC438:t277, leader=null, voted=s2, raftlog=s2@group-3D81F66BC438-SegmentedRaftLog:OPENED:c10,f10,i10, conf=9: [s0:0.0.0.0:42154, s1:0.0.0.0:36158, s2:0.0.0.0:36910], old=null
2019-09-24 12:00:33,545 INFO  impl.LeaderElection (LeaderElection.java:askForVotes(178)) - s2@group-3D81F66BC438-LeaderElection117: begin an election at term 278 for 9: [s0:0.0.0.0:42154, s1:0.0.0.0:36158, s2:0.0.0.0:36910], old=null
2019-09-24 12:00:33,545 INFO  impl.LeaderElection (LeaderElection.java:askForVotes(178)) - s1@group-3D81F66BC438-LeaderElection116: begin an election at term 278 for 11: [s0:0.0.0.0:42154, s1:0.0.0.0:36158, s2:0.0.0.0:36910], old=null
2019-09-24 12:00:33,545 DEBUG impl.RaftServerImpl (RaftServerImpl.java:requestVote(743)) - s0@group-3D81F66BC438: receive requestVote(s2, group-3D81F66BC438, 278, (t:13, i:10))
2019-09-24 12:00:33,545 INFO  impl.RaftServerImpl (RaftServerImpl.java:setRole(170)) - s0@group-3D81F66BC438: changes role from  FOLLOWER to FOLLOWER at term 278 for recognizeCandidate:s2
2019-09-24 12:00:33,546 INFO  impl.RoleInfo (RoleInfo.java:shutdownFollowerState(121)) - s0: shutdown FollowerState
2019-09-24 12:00:33,545 DEBUG impl.RaftServerImpl (RaftServerImpl.java:requestVote(743)) - s0@group-3D81F66BC438: receive requestVote(s1, group-3D81F66BC438, 278, (t:14, i:11))
2019-09-24 12:00:33,546 INFO  impl.FollowerState (FollowerState.java:run(117)) - s0@group-3D81F66BC438-FollowerState was interrupted: java.lang.InterruptedException: sleep interrupted
2019-09-24 12:00:33,546 INFO  impl.RoleInfo (RoleInfo.java:updateAndGet(143)) - s0: start FollowerState
2019-09-24 12:00:33,559 DEBUG impl.RaftServerImpl (RaftServerImpl.java:requestVote(775)) - s0@group-3D81F66BC438 replies to vote request: s2<-s0#0:FAIL-t278. Peer's state: s0@group-3D81F66BC438:t278, leader=null, voted=null, raftlog=s0@group-3D81F66BC438-SegmentedRaftLog:OPENED:c11,f12,i12, conf=11: [s0:0.0.0.0:42154, s1:0.0.0.0:36158, s2:0.0.0.0:36910], old=null
2019-09-24 12:00:33,560 INFO  impl.RaftServerImpl (RaftServerImpl.java:setRole(170)) - s0@group-3D81F66BC438: changes role from  FOLLOWER to FOLLOWER at term 278 for recognizeCandidate:s1
2019-09-24 12:00:33,560 INFO  impl.RoleInfo (RoleInfo.java:shutdownFollowerState(121)) - s0: shutdown FollowerState
2019-09-24 12:00:33,560 INFO  impl.RoleInfo (RoleInfo.java:updateAndGet(143)) - s0: start FollowerState
2019-09-24 12:00:33,560 INFO  impl.FollowerState (FollowerState.java:run(117)) - s0@group-3D81F66BC438-FollowerState was interrupted: java.lang.InterruptedException: sleep interrupted
2019-09-24 12:00:33,560 DEBUG impl.RaftServerImpl (RaftServerImpl.java:requestVote(775)) - s0@group-3D81F66BC438 replies to vote request: s1<-s0#0:FAIL-t278. Peer's state: s0@group-3D81F66BC438:t278, leader=null, voted=null, raftlog=s0@group-3D81F66BC438-SegmentedRaftLog:OPENED:c11,f12,i12, conf=11: [s0:0.0.0.0:42154, s1:0.0.0.0:36158, s2:0.0.0.0:36910], old=null
2019-09-24 12:00:33,758 INFO  impl.FollowerState (FollowerState.java:run(108)) - s0@group-3D81F66BC438-FollowerState: change to CANDIDATE, lastRpcTime:198ms, electionTimeout:198ms
2019-09-24 12:00:33,759 INFO  impl.RoleInfo (RoleInfo.java:shutdownFollowerState(121)) - s0: shutdown FollowerState
2019-09-24 12:00:33,759 INFO  impl.RaftServerImpl (RaftServerImpl.java:setRole(170)) - s0@group-3D81F66BC438: changes role from  FOLLOWER to CANDIDATE at term 278 for changeToCandidate
2019-09-24 12:00:33,759 INFO  impl.RoleInfo (RoleInfo.java:updateAndGet(143)) - s0: start LeaderElection
2019-09-24 12:00:33,772 INFO  impl.LeaderElection (LeaderElection.java:askForVotes(178)) - s0@group-3D81F66BC438-LeaderElection119: begin an election at term 279 for 11: [s0:0.0.0.0:42154, s1:0.0.0.0:36158, s2:0.0.0.0:36910], old=null
2019-09-24 12:00:33,818 INFO  impl.LeaderElection (LeaderElection.java:logAndReturn(56)) - s2@group-3D81F66BC438-LeaderElection117: Election TIMEOUT; received 1 response(s) [s2<-s0#0:FAIL-t278] and 0 exception(s); s2@group-3D81F66BC438:t278, leader=null, voted=s2, raftlog=s2@group-3D81F66BC438-SegmentedRaftLog:OPENED:c10,f10,i10, conf=9: [s0:0.0.0.0:42154, s1:0.0.0.0:36158, s2:0.0.0.0:36910], old=null
2019-09-24 12:00:33,820 WARN  ratis.RaftTestUtil (JavaUtils.java:attempt(158)) - FAILED "waitForLeader-null-(expectLeader? true)", attempt #39/100: java.lang.IllegalStateException: No leader yet : printing ALL groups
  s0:  RUNNING CANDIDATE s0@group-3D81F66BC438:t279, leader=null, voted=s0, raftlog=s0@group-3D81F66BC438-SegmentedRaftLog:OPENED:c11,f12,i12, conf=11: [s0:0.0.0.0:42154, s1:0.0.0.0:36158, s2:0.0.0.0:36910], old=null RUNNING
  s1:  RUNNING CANDIDATE s1@group-3D81F66BC438:t278, leader=null, voted=s1, raftlog=s1@group-3D81F66BC438-SegmentedRaftLog:OPENED:c10,f11,i11, conf=11: [s0:0.0.0.0:42154, s1:0.0.0.0:36158, s2:0.0.0.0:36910], old=null RUNNING
  s2:  RUNNING CANDIDATE s2@group-3D81F66BC438:t279, leader=null, voted=s2, raftlog=s2@group-3D81F66BC438-SegmentedRaftLog:OPENED:c10,f10,i10, conf=9: [s0:0.0.0.0:42154, s1:0.0.0.0:36158, s2:0.0.0.0:36910], old=null RUNNING, sleep 450ms and then retry.
java.lang.IllegalStateException: No leader yet : printing ALL groups
  s0:  RUNNING CANDIDATE s0@group-3D81F66BC438:t279, leader=null, voted=s0, raftlog=s0@group-3D81F66BC438-SegmentedRaftLog:OPENED:c11,f12,i12, conf=11: [s0:0.0.0.0:42154, s1:0.0.0.0:36158, s2:0.0.0.0:36910], old=null RUNNING
  s1:  RUNNING CANDIDATE s1@group-3D81F66BC438:t278, leader=null, voted=s1, raftlog=s1@group-3D81F66BC438-SegmentedRaftLog:OPENED:c10,f11,i11, conf=11: [s0:0.0.0.0:42154, s1:0.0.0.0:36158, s2:0.0.0.0:36910], old=null RUNNING
  s2:  RUNNING CANDIDATE s2@group-3D81F66BC438:t279, leader=null, voted=s2, raftlog=s2@group-3D81F66BC438-SegmentedRaftLog:OPENED:c10,f10,i10, conf=9: [s0:0.0.0.0:42154, s1:0.0.0.0:36158, s2:0.0.0.0:36910], old=null RUNNING
	at org.apache.ratis.MiniRaftCluster.newIllegalStateExceptionForNoLeaders(MiniRaftCluster.java:506)
	at org.apache.ratis.RaftTestUtil.lambda$waitForLeader$1(RaftTestUtil.java:90)
	at org.apache.ratis.MiniRaftCluster.getLeader(MiniRaftCluster.java:539)
	at org.apache.ratis.MiniRaftCluster.getLeader(MiniRaftCluster.java:532)
	at org.apache.ratis.RaftTestUtil.lambda$waitForLeader$3(RaftTestUtil.java:98)
	at org.apache.ratis.util.JavaUtils.attempt(JavaUtils.java:152)
	at org.apache.ratis.RaftTestUtil.waitForLeader(RaftTestUtil.java:97)
	at org.apache.ratis.RaftTestUtil.waitForLeader(RaftTestUtil.java:77)
	at org.apache.ratis.RaftTestUtil.waitForLeader(RaftTestUtil.java:72)
	at org.apache.ratis.RaftTestUtil.lambda$changeLeader$7(RaftTestUtil.java:363)
	at org.apache.ratis.util.JavaUtils.attempt(JavaUtils.java:152)
	at org.apache.ratis.RaftTestUtil.changeLeader(RaftTestUtil.java:362)
	at org.apache.ratis.server.impl.LeaderElectionTests.testChangeLeader(LeaderElectionTests.java:81)
	at sun.reflect.NativeMethodAccessorImpl.invoke0(Native Method)
	at sun.reflect.NativeMethodAccessorImpl.invoke(NativeMethodAccessorImpl.java:62)
	at sun.reflect.DelegatingMethodAccessorImpl.invoke(DelegatingMethodAccessorImpl.java:43)
	at java.lang.reflect.Method.invoke(Method.java:498)
	at org.junit.runners.model.FrameworkMethod$1.runReflectiveCall(FrameworkMethod.java:50)
	at org.junit.internal.runners.model.ReflectiveCallable.run(ReflectiveCallable.java:12)
	at org.junit.runners.model.FrameworkMethod.invokeExplosively(FrameworkMethod.java:47)
	at org.junit.internal.runners.statements.InvokeMethod.evaluate(InvokeMethod.java:17)
	at org.junit.internal.runners.statements.RunAfters.evaluate(RunAfters.java:27)
	at org.junit.internal.runners.statements.FailOnTimeout$CallableStatement.call(FailOnTimeout.java:298)
	at org.junit.internal.runners.statements.FailOnTimeout$CallableStatement.call(FailOnTimeout.java:292)
	at java.util.concurrent.FutureTask.run(FutureTask.java:266)
	at java.lang.Thread.run(Thread.java:748)
2019-09-24 12:00:33,825 INFO  impl.LeaderElection (LeaderElection.java:logAndReturn(56)) - s1@group-3D81F66BC438-LeaderElection116: Election TIMEOUT; received 1 response(s) [s1<-s0#0:FAIL-t278] and 0 exception(s); s1@group-3D81F66BC438:t278, leader=null, voted=s1, raftlog=s1@group-3D81F66BC438-SegmentedRaftLog:OPENED:c10,f11,i11, conf=11: [s0:0.0.0.0:42154, s1:0.0.0.0:36158, s2:0.0.0.0:36910], old=null
2019-09-24 12:00:33,831 INFO  impl.LeaderElection (LeaderElection.java:askForVotes(178)) - s1@group-3D81F66BC438-LeaderElection116: begin an election at term 279 for 11: [s0:0.0.0.0:42154, s1:0.0.0.0:36158, s2:0.0.0.0:36910], old=null
2019-09-24 12:00:33,831 INFO  impl.LeaderElection (LeaderElection.java:askForVotes(178)) - s2@group-3D81F66BC438-LeaderElection117: begin an election at term 279 for 9: [s0:0.0.0.0:42154, s1:0.0.0.0:36158, s2:0.0.0.0:36910], old=null
2019-09-24 12:00:33,832 DEBUG impl.RaftServerImpl (RaftServerImpl.java:requestVote(743)) - s0@group-3D81F66BC438: receive requestVote(s1, group-3D81F66BC438, 279, (t:14, i:11))
2019-09-24 12:00:33,832 DEBUG impl.RaftServerImpl (RaftServerImpl.java:requestVote(743)) - s0@group-3D81F66BC438: receive requestVote(s2, group-3D81F66BC438, 279, (t:13, i:10))
2019-09-24 12:00:33,832 DEBUG impl.RaftServerImpl (RaftServerImpl.java:requestVote(775)) - s0@group-3D81F66BC438 replies to vote request: s1<-s0#0:FAIL-t279. Peer's state: s0@group-3D81F66BC438:t279, leader=null, voted=s0, raftlog=s0@group-3D81F66BC438-SegmentedRaftLog:OPENED:c11,f12,i12, conf=11: [s0:0.0.0.0:42154, s1:0.0.0.0:36158, s2:0.0.0.0:36910], old=null
2019-09-24 12:00:33,832 DEBUG impl.RaftServerImpl (RaftServerImpl.java:requestVote(775)) - s0@group-3D81F66BC438 replies to vote request: s2<-s0#0:FAIL-t279. Peer's state: s0@group-3D81F66BC438:t279, leader=null, voted=s0, raftlog=s0@group-3D81F66BC438-SegmentedRaftLog:OPENED:c11,f12,i12, conf=11: [s0:0.0.0.0:42154, s1:0.0.0.0:36158, s2:0.0.0.0:36910], old=null
2019-09-24 12:00:33,983 INFO  impl.LeaderElection (LeaderElection.java:logAndReturn(56)) - s0@group-3D81F66BC438-LeaderElection119: Election TIMEOUT; received 0 response(s) [] and 0 exception(s); s0@group-3D81F66BC438:t279, leader=null, voted=s0, raftlog=s0@group-3D81F66BC438-SegmentedRaftLog:OPENED:c11,f12,i12, conf=11: [s0:0.0.0.0:42154, s1:0.0.0.0:36158, s2:0.0.0.0:36910], old=null
2019-09-24 12:00:33,996 INFO  impl.LeaderElection (LeaderElection.java:askForVotes(178)) - s0@group-3D81F66BC438-LeaderElection119: begin an election at term 280 for 11: [s0:0.0.0.0:42154, s1:0.0.0.0:36158, s2:0.0.0.0:36910], old=null
2019-09-24 12:00:34,107 INFO  impl.LeaderElection (LeaderElection.java:logAndReturn(56)) - s2@group-3D81F66BC438-LeaderElection117: Election TIMEOUT; received 1 response(s) [s2<-s0#0:FAIL-t279] and 0 exception(s); s2@group-3D81F66BC438:t279, leader=null, voted=s2, raftlog=s2@group-3D81F66BC438-SegmentedRaftLog:OPENED:c10,f10,i10, conf=9: [s0:0.0.0.0:42154, s1:0.0.0.0:36158, s2:0.0.0.0:36910], old=null
2019-09-24 12:00:34,121 INFO  impl.LeaderElection (LeaderElection.java:askForVotes(178)) - s2@group-3D81F66BC438-LeaderElection117: begin an election at term 280 for 9: [s0:0.0.0.0:42154, s1:0.0.0.0:36158, s2:0.0.0.0:36910], old=null
2019-09-24 12:00:34,122 DEBUG impl.RaftServerImpl (RaftServerImpl.java:requestVote(743)) - s0@group-3D81F66BC438: receive requestVote(s2, group-3D81F66BC438, 280, (t:13, i:10))
2019-09-24 12:00:34,122 DEBUG impl.RaftServerImpl (RaftServerImpl.java:requestVote(775)) - s0@group-3D81F66BC438 replies to vote request: s2<-s0#0:FAIL-t280. Peer's state: s0@group-3D81F66BC438:t280, leader=null, voted=s0, raftlog=s0@group-3D81F66BC438-SegmentedRaftLog:OPENED:c11,f12,i12, conf=11: [s0:0.0.0.0:42154, s1:0.0.0.0:36158, s2:0.0.0.0:36910], old=null
2019-09-24 12:00:34,129 INFO  impl.LeaderElection (LeaderElection.java:logAndReturn(56)) - s1@group-3D81F66BC438-LeaderElection116: Election TIMEOUT; received 1 response(s) [s1<-s0#0:FAIL-t279] and 0 exception(s); s1@group-3D81F66BC438:t279, leader=null, voted=s1, raftlog=s1@group-3D81F66BC438-SegmentedRaftLog:OPENED:c10,f11,i11, conf=11: [s0:0.0.0.0:42154, s1:0.0.0.0:36158, s2:0.0.0.0:36910], old=null
2019-09-24 12:00:34,144 INFO  impl.LeaderElection (LeaderElection.java:askForVotes(178)) - s1@group-3D81F66BC438-LeaderElection116: begin an election at term 280 for 11: [s0:0.0.0.0:42154, s1:0.0.0.0:36158, s2:0.0.0.0:36910], old=null
2019-09-24 12:00:34,145 DEBUG impl.RaftServerImpl (RaftServerImpl.java:requestVote(743)) - s0@group-3D81F66BC438: receive requestVote(s1, group-3D81F66BC438, 280, (t:14, i:11))
2019-09-24 12:00:34,145 DEBUG impl.RaftServerImpl (RaftServerImpl.java:requestVote(775)) - s0@group-3D81F66BC438 replies to vote request: s1<-s0#0:FAIL-t280. Peer's state: s0@group-3D81F66BC438:t280, leader=null, voted=s0, raftlog=s0@group-3D81F66BC438-SegmentedRaftLog:OPENED:c11,f12,i12, conf=11: [s0:0.0.0.0:42154, s1:0.0.0.0:36158, s2:0.0.0.0:36910], old=null
2019-09-24 12:00:34,149 INFO  impl.LeaderElection (LeaderElection.java:logAndReturn(56)) - s0@group-3D81F66BC438-LeaderElection119: Election TIMEOUT; received 0 response(s) [] and 0 exception(s); s0@group-3D81F66BC438:t280, leader=null, voted=s0, raftlog=s0@group-3D81F66BC438-SegmentedRaftLog:OPENED:c11,f12,i12, conf=11: [s0:0.0.0.0:42154, s1:0.0.0.0:36158, s2:0.0.0.0:36910], old=null
2019-09-24 12:00:34,170 INFO  impl.LeaderElection (LeaderElection.java:askForVotes(178)) - s0@group-3D81F66BC438-LeaderElection119: begin an election at term 281 for 11: [s0:0.0.0.0:42154, s1:0.0.0.0:36158, s2:0.0.0.0:36910], old=null
2019-09-24 12:00:34,272 WARN  ratis.RaftTestUtil (JavaUtils.java:attempt(158)) - FAILED "waitForLeader-null-(expectLeader? true)", attempt #40/100: java.lang.IllegalStateException: No leader yet : printing ALL groups
  s0:  RUNNING CANDIDATE s0@group-3D81F66BC438:t281, leader=null, voted=s0, raftlog=s0@group-3D81F66BC438-SegmentedRaftLog:OPENED:c11,f12,i12, conf=11: [s0:0.0.0.0:42154, s1:0.0.0.0:36158, s2:0.0.0.0:36910], old=null RUNNING
  s1:  RUNNING CANDIDATE s1@group-3D81F66BC438:t280, leader=null, voted=s1, raftlog=s1@group-3D81F66BC438-SegmentedRaftLog:OPENED:c10,f11,i11, conf=11: [s0:0.0.0.0:42154, s1:0.0.0.0:36158, s2:0.0.0.0:36910], old=null RUNNING
  s2:  RUNNING CANDIDATE s2@group-3D81F66BC438:t280, leader=null, voted=s2, raftlog=s2@group-3D81F66BC438-SegmentedRaftLog:OPENED:c10,f10,i10, conf=9: [s0:0.0.0.0:42154, s1:0.0.0.0:36158, s2:0.0.0.0:36910], old=null RUNNING, sleep 450ms and then retry.
java.lang.IllegalStateException: No leader yet : printing ALL groups
  s0:  RUNNING CANDIDATE s0@group-3D81F66BC438:t281, leader=null, voted=s0, raftlog=s0@group-3D81F66BC438-SegmentedRaftLog:OPENED:c11,f12,i12, conf=11: [s0:0.0.0.0:42154, s1:0.0.0.0:36158, s2:0.0.0.0:36910], old=null RUNNING
  s1:  RUNNING CANDIDATE s1@group-3D81F66BC438:t280, leader=null, voted=s1, raftlog=s1@group-3D81F66BC438-SegmentedRaftLog:OPENED:c10,f11,i11, conf=11: [s0:0.0.0.0:42154, s1:0.0.0.0:36158, s2:0.0.0.0:36910], old=null RUNNING
  s2:  RUNNING CANDIDATE s2@group-3D81F66BC438:t280, leader=null, voted=s2, raftlog=s2@group-3D81F66BC438-SegmentedRaftLog:OPENED:c10,f10,i10, conf=9: [s0:0.0.0.0:42154, s1:0.0.0.0:36158, s2:0.0.0.0:36910], old=null RUNNING
	at org.apache.ratis.MiniRaftCluster.newIllegalStateExceptionForNoLeaders(MiniRaftCluster.java:506)
	at org.apache.ratis.RaftTestUtil.lambda$waitForLeader$1(RaftTestUtil.java:90)
	at org.apache.ratis.MiniRaftCluster.getLeader(MiniRaftCluster.java:539)
	at org.apache.ratis.MiniRaftCluster.getLeader(MiniRaftCluster.java:532)
	at org.apache.ratis.RaftTestUtil.lambda$waitForLeader$3(RaftTestUtil.java:98)
	at org.apache.ratis.util.JavaUtils.attempt(JavaUtils.java:152)
	at org.apache.ratis.RaftTestUtil.waitForLeader(RaftTestUtil.java:97)
	at org.apache.ratis.RaftTestUtil.waitForLeader(RaftTestUtil.java:77)
	at org.apache.ratis.RaftTestUtil.waitForLeader(RaftTestUtil.java:72)
	at org.apache.ratis.RaftTestUtil.lambda$changeLeader$7(RaftTestUtil.java:363)
	at org.apache.ratis.util.JavaUtils.attempt(JavaUtils.java:152)
	at org.apache.ratis.RaftTestUtil.changeLeader(RaftTestUtil.java:362)
	at org.apache.ratis.server.impl.LeaderElectionTests.testChangeLeader(LeaderElectionTests.java:81)
	at sun.reflect.NativeMethodAccessorImpl.invoke0(Native Method)
	at sun.reflect.NativeMethodAccessorImpl.invoke(NativeMethodAccessorImpl.java:62)
	at sun.reflect.DelegatingMethodAccessorImpl.invoke(DelegatingMethodAccessorImpl.java:43)
	at java.lang.reflect.Method.invoke(Method.java:498)
	at org.junit.runners.model.FrameworkMethod$1.runReflectiveCall(FrameworkMethod.java:50)
	at org.junit.internal.runners.model.ReflectiveCallable.run(ReflectiveCallable.java:12)
	at org.junit.runners.model.FrameworkMethod.invokeExplosively(FrameworkMethod.java:47)
	at org.junit.internal.runners.statements.InvokeMethod.evaluate(InvokeMethod.java:17)
	at org.junit.internal.runners.statements.RunAfters.evaluate(RunAfters.java:27)
	at org.junit.internal.runners.statements.FailOnTimeout$CallableStatement.call(FailOnTimeout.java:298)
	at org.junit.internal.runners.statements.FailOnTimeout$CallableStatement.call(FailOnTimeout.java:292)
	at java.util.concurrent.FutureTask.run(FutureTask.java:266)
	at java.lang.Thread.run(Thread.java:748)
2019-09-24 12:00:34,282 INFO  impl.LeaderElection (LeaderElection.java:logAndReturn(56)) - s2@group-3D81F66BC438-LeaderElection117: Election TIMEOUT; received 1 response(s) [s2<-s0#0:FAIL-t280] and 0 exception(s); s2@group-3D81F66BC438:t280, leader=null, voted=s2, raftlog=s2@group-3D81F66BC438-SegmentedRaftLog:OPENED:c10,f10,i10, conf=9: [s0:0.0.0.0:42154, s1:0.0.0.0:36158, s2:0.0.0.0:36910], old=null
2019-09-24 12:00:34,295 INFO  impl.LeaderElection (LeaderElection.java:askForVotes(178)) - s2@group-3D81F66BC438-LeaderElection117: begin an election at term 281 for 9: [s0:0.0.0.0:42154, s1:0.0.0.0:36158, s2:0.0.0.0:36910], old=null
2019-09-24 12:00:34,295 DEBUG impl.RaftServerImpl (RaftServerImpl.java:requestVote(743)) - s0@group-3D81F66BC438: receive requestVote(s2, group-3D81F66BC438, 281, (t:13, i:10))
2019-09-24 12:00:34,295 DEBUG impl.RaftServerImpl (RaftServerImpl.java:requestVote(775)) - s0@group-3D81F66BC438 replies to vote request: s2<-s0#0:FAIL-t281. Peer's state: s0@group-3D81F66BC438:t281, leader=null, voted=s0, raftlog=s0@group-3D81F66BC438-SegmentedRaftLog:OPENED:c11,f12,i12, conf=11: [s0:0.0.0.0:42154, s1:0.0.0.0:36158, s2:0.0.0.0:36910], old=null
2019-09-24 12:00:34,302 INFO  impl.LeaderElection (LeaderElection.java:logAndReturn(56)) - s1@group-3D81F66BC438-LeaderElection116: Election TIMEOUT; received 1 response(s) [s1<-s0#0:FAIL-t280] and 0 exception(s); s1@group-3D81F66BC438:t280, leader=null, voted=s1, raftlog=s1@group-3D81F66BC438-SegmentedRaftLog:OPENED:c10,f11,i11, conf=11: [s0:0.0.0.0:42154, s1:0.0.0.0:36158, s2:0.0.0.0:36910], old=null
2019-09-24 12:00:34,315 INFO  impl.LeaderElection (LeaderElection.java:askForVotes(178)) - s1@group-3D81F66BC438-LeaderElection116: begin an election at term 281 for 11: [s0:0.0.0.0:42154, s1:0.0.0.0:36158, s2:0.0.0.0:36910], old=null
2019-09-24 12:00:34,315 DEBUG impl.RaftServerImpl (RaftServerImpl.java:requestVote(743)) - s0@group-3D81F66BC438: receive requestVote(s1, group-3D81F66BC438, 281, (t:14, i:11))
2019-09-24 12:00:34,315 DEBUG impl.RaftServerImpl (RaftServerImpl.java:requestVote(775)) - s0@group-3D81F66BC438 replies to vote request: s1<-s0#0:FAIL-t281. Peer's state: s0@group-3D81F66BC438:t281, leader=null, voted=s0, raftlog=s0@group-3D81F66BC438-SegmentedRaftLog:OPENED:c11,f12,i12, conf=11: [s0:0.0.0.0:42154, s1:0.0.0.0:36158, s2:0.0.0.0:36910], old=null
2019-09-24 12:00:34,468 INFO  impl.LeaderElection (LeaderElection.java:logAndReturn(56)) - s2@group-3D81F66BC438-LeaderElection117: Election TIMEOUT; received 1 response(s) [s2<-s0#0:FAIL-t281] and 0 exception(s); s2@group-3D81F66BC438:t281, leader=null, voted=s2, raftlog=s2@group-3D81F66BC438-SegmentedRaftLog:OPENED:c10,f10,i10, conf=9: [s0:0.0.0.0:42154, s1:0.0.0.0:36158, s2:0.0.0.0:36910], old=null
2019-09-24 12:00:34,471 INFO  impl.LeaderElection (LeaderElection.java:logAndReturn(56)) - s0@group-3D81F66BC438-LeaderElection119: Election TIMEOUT; received 0 response(s) [] and 0 exception(s); s0@group-3D81F66BC438:t281, leader=null, voted=s0, raftlog=s0@group-3D81F66BC438-SegmentedRaftLog:OPENED:c11,f12,i12, conf=11: [s0:0.0.0.0:42154, s1:0.0.0.0:36158, s2:0.0.0.0:36910], old=null
2019-09-24 12:00:34,482 INFO  impl.LeaderElection (LeaderElection.java:askForVotes(178)) - s2@group-3D81F66BC438-LeaderElection117: begin an election at term 282 for 9: [s0:0.0.0.0:42154, s1:0.0.0.0:36158, s2:0.0.0.0:36910], old=null
2019-09-24 12:00:34,482 INFO  impl.LeaderElection (LeaderElection.java:askForVotes(178)) - s0@group-3D81F66BC438-LeaderElection119: begin an election at term 282 for 11: [s0:0.0.0.0:42154, s1:0.0.0.0:36158, s2:0.0.0.0:36910], old=null
2019-09-24 12:00:34,482 DEBUG impl.RaftServerImpl (RaftServerImpl.java:requestVote(743)) - s0@group-3D81F66BC438: receive requestVote(s2, group-3D81F66BC438, 282, (t:13, i:10))
2019-09-24 12:00:34,483 DEBUG impl.RaftServerImpl (RaftServerImpl.java:requestVote(775)) - s0@group-3D81F66BC438 replies to vote request: s2<-s0#0:FAIL-t282. Peer's state: s0@group-3D81F66BC438:t282, leader=null, voted=s0, raftlog=s0@group-3D81F66BC438-SegmentedRaftLog:OPENED:c11,f12,i12, conf=11: [s0:0.0.0.0:42154, s1:0.0.0.0:36158, s2:0.0.0.0:36910], old=null
2019-09-24 12:00:34,605 INFO  impl.LeaderElection (LeaderElection.java:logAndReturn(56)) - s1@group-3D81F66BC438-LeaderElection116: Election TIMEOUT; received 1 response(s) [s1<-s0#0:FAIL-t281] and 0 exception(s); s1@group-3D81F66BC438:t281, leader=null, voted=s1, raftlog=s1@group-3D81F66BC438-SegmentedRaftLog:OPENED:c10,f11,i11, conf=11: [s0:0.0.0.0:42154, s1:0.0.0.0:36158, s2:0.0.0.0:36910], old=null
2019-09-24 12:00:34,625 INFO  impl.LeaderElection (LeaderElection.java:askForVotes(178)) - s1@group-3D81F66BC438-LeaderElection116: begin an election at term 282 for 11: [s0:0.0.0.0:42154, s1:0.0.0.0:36158, s2:0.0.0.0:36910], old=null
2019-09-24 12:00:34,625 DEBUG impl.RaftServerImpl (RaftServerImpl.java:requestVote(743)) - s0@group-3D81F66BC438: receive requestVote(s1, group-3D81F66BC438, 282, (t:14, i:11))
2019-09-24 12:00:34,626 DEBUG impl.RaftServerImpl (RaftServerImpl.java:requestVote(775)) - s0@group-3D81F66BC438 replies to vote request: s1<-s0#0:FAIL-t282. Peer's state: s0@group-3D81F66BC438:t282, leader=null, voted=s0, raftlog=s0@group-3D81F66BC438-SegmentedRaftLog:OPENED:c11,f12,i12, conf=11: [s0:0.0.0.0:42154, s1:0.0.0.0:36158, s2:0.0.0.0:36910], old=null
2019-09-24 12:00:34,692 INFO  impl.LeaderElection (LeaderElection.java:logAndReturn(56)) - s2@group-3D81F66BC438-LeaderElection117: Election TIMEOUT; received 1 response(s) [s2<-s0#0:FAIL-t282] and 0 exception(s); s2@group-3D81F66BC438:t282, leader=null, voted=s2, raftlog=s2@group-3D81F66BC438-SegmentedRaftLog:OPENED:c10,f10,i10, conf=9: [s0:0.0.0.0:42154, s1:0.0.0.0:36158, s2:0.0.0.0:36910], old=null
2019-09-24 12:00:34,705 INFO  impl.LeaderElection (LeaderElection.java:askForVotes(178)) - s2@group-3D81F66BC438-LeaderElection117: begin an election at term 283 for 9: [s0:0.0.0.0:42154, s1:0.0.0.0:36158, s2:0.0.0.0:36910], old=null
2019-09-24 12:00:34,705 DEBUG impl.RaftServerImpl (RaftServerImpl.java:requestVote(743)) - s0@group-3D81F66BC438: receive requestVote(s2, group-3D81F66BC438, 283, (t:13, i:10))
2019-09-24 12:00:34,705 INFO  impl.RaftServerImpl (RaftServerImpl.java:setRole(170)) - s0@group-3D81F66BC438: changes role from CANDIDATE to FOLLOWER at term 283 for recognizeCandidate:s2
2019-09-24 12:00:34,706 INFO  impl.RoleInfo (RoleInfo.java:shutdownLeaderElection(134)) - s0: shutdown LeaderElection
2019-09-24 12:00:34,706 INFO  impl.RoleInfo (RoleInfo.java:updateAndGet(143)) - s0: start FollowerState
2019-09-24 12:00:34,719 DEBUG impl.RaftServerImpl (RaftServerImpl.java:requestVote(775)) - s0@group-3D81F66BC438 replies to vote request: s2<-s0#0:FAIL-t283. Peer's state: s0@group-3D81F66BC438:t283, leader=null, voted=null, raftlog=s0@group-3D81F66BC438-SegmentedRaftLog:OPENED:c11,f12,i12, conf=11: [s0:0.0.0.0:42154, s1:0.0.0.0:36158, s2:0.0.0.0:36910], old=null
2019-09-24 12:00:34,723 WARN  ratis.RaftTestUtil (JavaUtils.java:attempt(158)) - FAILED "waitForLeader-null-(expectLeader? true)", attempt #41/100: java.lang.IllegalStateException: No leader yet : printing ALL groups
  s0:  RUNNING  FOLLOWER s0@group-3D81F66BC438:t283, leader=null, voted=null, raftlog=s0@group-3D81F66BC438-SegmentedRaftLog:OPENED:c11,f12,i12, conf=11: [s0:0.0.0.0:42154, s1:0.0.0.0:36158, s2:0.0.0.0:36910], old=null RUNNING
  s1:  RUNNING CANDIDATE s1@group-3D81F66BC438:t282, leader=null, voted=s1, raftlog=s1@group-3D81F66BC438-SegmentedRaftLog:OPENED:c10,f11,i11, conf=11: [s0:0.0.0.0:42154, s1:0.0.0.0:36158, s2:0.0.0.0:36910], old=null RUNNING
  s2:  RUNNING CANDIDATE s2@group-3D81F66BC438:t283, leader=null, voted=s2, raftlog=s2@group-3D81F66BC438-SegmentedRaftLog:OPENED:c10,f10,i10, conf=9: [s0:0.0.0.0:42154, s1:0.0.0.0:36158, s2:0.0.0.0:36910], old=null RUNNING, sleep 450ms and then retry.
java.lang.IllegalStateException: No leader yet : printing ALL groups
  s0:  RUNNING  FOLLOWER s0@group-3D81F66BC438:t283, leader=null, voted=null, raftlog=s0@group-3D81F66BC438-SegmentedRaftLog:OPENED:c11,f12,i12, conf=11: [s0:0.0.0.0:42154, s1:0.0.0.0:36158, s2:0.0.0.0:36910], old=null RUNNING
  s1:  RUNNING CANDIDATE s1@group-3D81F66BC438:t282, leader=null, voted=s1, raftlog=s1@group-3D81F66BC438-SegmentedRaftLog:OPENED:c10,f11,i11, conf=11: [s0:0.0.0.0:42154, s1:0.0.0.0:36158, s2:0.0.0.0:36910], old=null RUNNING
  s2:  RUNNING CANDIDATE s2@group-3D81F66BC438:t283, leader=null, voted=s2, raftlog=s2@group-3D81F66BC438-SegmentedRaftLog:OPENED:c10,f10,i10, conf=9: [s0:0.0.0.0:42154, s1:0.0.0.0:36158, s2:0.0.0.0:36910], old=null RUNNING
	at org.apache.ratis.MiniRaftCluster.newIllegalStateExceptionForNoLeaders(MiniRaftCluster.java:506)
	at org.apache.ratis.RaftTestUtil.lambda$waitForLeader$1(RaftTestUtil.java:90)
	at org.apache.ratis.MiniRaftCluster.getLeader(MiniRaftCluster.java:539)
	at org.apache.ratis.MiniRaftCluster.getLeader(MiniRaftCluster.java:532)
	at org.apache.ratis.RaftTestUtil.lambda$waitForLeader$3(RaftTestUtil.java:98)
	at org.apache.ratis.util.JavaUtils.attempt(JavaUtils.java:152)
	at org.apache.ratis.RaftTestUtil.waitForLeader(RaftTestUtil.java:97)
	at org.apache.ratis.RaftTestUtil.waitForLeader(RaftTestUtil.java:77)
	at org.apache.ratis.RaftTestUtil.waitForLeader(RaftTestUtil.java:72)
	at org.apache.ratis.RaftTestUtil.lambda$changeLeader$7(RaftTestUtil.java:363)
	at org.apache.ratis.util.JavaUtils.attempt(JavaUtils.java:152)
	at org.apache.ratis.RaftTestUtil.changeLeader(RaftTestUtil.java:362)
	at org.apache.ratis.server.impl.LeaderElectionTests.testChangeLeader(LeaderElectionTests.java:81)
	at sun.reflect.NativeMethodAccessorImpl.invoke0(Native Method)
	at sun.reflect.NativeMethodAccessorImpl.invoke(NativeMethodAccessorImpl.java:62)
	at sun.reflect.DelegatingMethodAccessorImpl.invoke(DelegatingMethodAccessorImpl.java:43)
	at java.lang.reflect.Method.invoke(Method.java:498)
	at org.junit.runners.model.FrameworkMethod$1.runReflectiveCall(FrameworkMethod.java:50)
	at org.junit.internal.runners.model.ReflectiveCallable.run(ReflectiveCallable.java:12)
	at org.junit.runners.model.FrameworkMethod.invokeExplosively(FrameworkMethod.java:47)
	at org.junit.internal.runners.statements.InvokeMethod.evaluate(InvokeMethod.java:17)
	at org.junit.internal.runners.statements.RunAfters.evaluate(RunAfters.java:27)
	at org.junit.internal.runners.statements.FailOnTimeout$CallableStatement.call(FailOnTimeout.java:298)
	at org.junit.internal.runners.statements.FailOnTimeout$CallableStatement.call(FailOnTimeout.java:292)
	at java.util.concurrent.FutureTask.run(FutureTask.java:266)
	at java.lang.Thread.run(Thread.java:748)
2019-09-24 12:00:34,728 INFO  impl.LeaderElection (LeaderElection.java:logAndReturn(56)) - s0@group-3D81F66BC438-LeaderElection119: Election REJECTED; received 0 response(s) [] and 0 exception(s); s0@group-3D81F66BC438:t283, leader=null, voted=null, raftlog=s0@group-3D81F66BC438-SegmentedRaftLog:OPENED:c11,f12,i12, conf=11: [s0:0.0.0.0:42154, s1:0.0.0.0:36158, s2:0.0.0.0:36910], old=null
2019-09-24 12:00:34,890 INFO  impl.LeaderElection (LeaderElection.java:logAndReturn(56)) - s1@group-3D81F66BC438-LeaderElection116: Election TIMEOUT; received 1 response(s) [s1<-s0#0:FAIL-t282] and 0 exception(s); s1@group-3D81F66BC438:t282, leader=null, voted=s1, raftlog=s1@group-3D81F66BC438-SegmentedRaftLog:OPENED:c10,f11,i11, conf=11: [s0:0.0.0.0:42154, s1:0.0.0.0:36158, s2:0.0.0.0:36910], old=null
2019-09-24 12:00:34,899 INFO  impl.FollowerState (FollowerState.java:run(108)) - s0@group-3D81F66BC438-FollowerState: change to CANDIDATE, lastRpcTime:193ms, electionTimeout:193ms
2019-09-24 12:00:34,899 INFO  impl.RoleInfo (RoleInfo.java:shutdownFollowerState(121)) - s0: shutdown FollowerState
2019-09-24 12:00:34,899 INFO  impl.RaftServerImpl (RaftServerImpl.java:setRole(170)) - s0@group-3D81F66BC438: changes role from  FOLLOWER to CANDIDATE at term 283 for changeToCandidate
2019-09-24 12:00:34,900 INFO  impl.RoleInfo (RoleInfo.java:updateAndGet(143)) - s0: start LeaderElection
2019-09-24 12:00:34,915 INFO  impl.LeaderElection (LeaderElection.java:askForVotes(178)) - s1@group-3D81F66BC438-LeaderElection116: begin an election at term 283 for 11: [s0:0.0.0.0:42154, s1:0.0.0.0:36158, s2:0.0.0.0:36910], old=null
2019-09-24 12:00:34,915 INFO  impl.LeaderElection (LeaderElection.java:askForVotes(178)) - s0@group-3D81F66BC438-LeaderElection120: begin an election at term 284 for 11: [s0:0.0.0.0:42154, s1:0.0.0.0:36158, s2:0.0.0.0:36910], old=null
2019-09-24 12:00:34,916 DEBUG impl.RaftServerImpl (RaftServerImpl.java:requestVote(743)) - s0@group-3D81F66BC438: receive requestVote(s1, group-3D81F66BC438, 283, (t:14, i:11))
2019-09-24 12:00:34,916 DEBUG impl.RaftServerImpl (RaftServerImpl.java:requestVote(775)) - s0@group-3D81F66BC438 replies to vote request: s1<-s0#0:FAIL-t284. Peer's state: s0@group-3D81F66BC438:t284, leader=null, voted=s0, raftlog=s0@group-3D81F66BC438-SegmentedRaftLog:OPENED:c11,f12,i12, conf=11: [s0:0.0.0.0:42154, s1:0.0.0.0:36158, s2:0.0.0.0:36910], old=null
2019-09-24 12:00:34,916 INFO  impl.LeaderElection (LeaderElection.java:logAndReturn(56)) - s1@group-3D81F66BC438-LeaderElection116: Election DISCOVERED_A_NEW_TERM; received 1 response(s) [s1<-s0#0:FAIL-t284] and 0 exception(s); s1@group-3D81F66BC438:t283, leader=null, voted=s1, raftlog=s1@group-3D81F66BC438-SegmentedRaftLog:OPENED:c10,f11,i11, conf=11: [s0:0.0.0.0:42154, s1:0.0.0.0:36158, s2:0.0.0.0:36910], old=null
2019-09-24 12:00:34,916 INFO  impl.RaftServerImpl (RaftServerImpl.java:setRole(170)) - s1@group-3D81F66BC438: changes role from CANDIDATE to FOLLOWER at term 284 for DISCOVERED_A_NEW_TERM
2019-09-24 12:00:34,916 INFO  impl.RoleInfo (RoleInfo.java:shutdownLeaderElection(134)) - s1: shutdown LeaderElection
2019-09-24 12:00:34,917 INFO  impl.RoleInfo (RoleInfo.java:updateAndGet(143)) - s1: start FollowerState
2019-09-24 12:00:34,965 INFO  impl.LeaderElection (LeaderElection.java:logAndReturn(56)) - s2@group-3D81F66BC438-LeaderElection117: Election TIMEOUT; received 1 response(s) [s2<-s0#0:FAIL-t283] and 0 exception(s); s2@group-3D81F66BC438:t283, leader=null, voted=s2, raftlog=s2@group-3D81F66BC438-SegmentedRaftLog:OPENED:c10,f10,i10, conf=9: [s0:0.0.0.0:42154, s1:0.0.0.0:36158, s2:0.0.0.0:36910], old=null
2019-09-24 12:00:34,991 INFO  impl.LeaderElection (LeaderElection.java:askForVotes(178)) - s2@group-3D81F66BC438-LeaderElection117: begin an election at term 284 for 9: [s0:0.0.0.0:42154, s1:0.0.0.0:36158, s2:0.0.0.0:36910], old=null
2019-09-24 12:00:34,991 DEBUG impl.RaftServerImpl (RaftServerImpl.java:requestVote(743)) - s0@group-3D81F66BC438: receive requestVote(s2, group-3D81F66BC438, 284, (t:13, i:10))
2019-09-24 12:00:34,992 DEBUG impl.RaftServerImpl (RaftServerImpl.java:requestVote(775)) - s0@group-3D81F66BC438 replies to vote request: s2<-s0#0:FAIL-t284. Peer's state: s0@group-3D81F66BC438:t284, leader=null, voted=s0, raftlog=s0@group-3D81F66BC438-SegmentedRaftLog:OPENED:c11,f12,i12, conf=11: [s0:0.0.0.0:42154, s1:0.0.0.0:36158, s2:0.0.0.0:36910], old=null
2019-09-24 12:00:35,101 INFO  impl.LeaderElection (LeaderElection.java:logAndReturn(56)) - s0@group-3D81F66BC438-LeaderElection120: Election TIMEOUT; received 0 response(s) [] and 0 exception(s); s0@group-3D81F66BC438:t284, leader=null, voted=s0, raftlog=s0@group-3D81F66BC438-SegmentedRaftLog:OPENED:c11,f12,i12, conf=11: [s0:0.0.0.0:42154, s1:0.0.0.0:36158, s2:0.0.0.0:36910], old=null
2019-09-24 12:00:35,114 INFO  impl.LeaderElection (LeaderElection.java:askForVotes(178)) - s0@group-3D81F66BC438-LeaderElection120: begin an election at term 285 for 11: [s0:0.0.0.0:42154, s1:0.0.0.0:36158, s2:0.0.0.0:36910], old=null
2019-09-24 12:00:35,169 INFO  impl.FollowerState (FollowerState.java:run(108)) - s1@group-3D81F66BC438-FollowerState: change to CANDIDATE, lastRpcTime:252ms, electionTimeout:252ms
2019-09-24 12:00:35,169 INFO  impl.RoleInfo (RoleInfo.java:shutdownFollowerState(121)) - s1: shutdown FollowerState
2019-09-24 12:00:35,169 INFO  impl.RaftServerImpl (RaftServerImpl.java:setRole(170)) - s1@group-3D81F66BC438: changes role from  FOLLOWER to CANDIDATE at term 284 for changeToCandidate
2019-09-24 12:00:35,170 INFO  impl.RoleInfo (RoleInfo.java:updateAndGet(143)) - s1: start LeaderElection
2019-09-24 12:00:35,174 WARN  ratis.RaftTestUtil (JavaUtils.java:attempt(158)) - FAILED "waitForLeader-null-(expectLeader? true)", attempt #42/100: java.lang.IllegalStateException: No leader yet : printing ALL groups
  s0:  RUNNING CANDIDATE s0@group-3D81F66BC438:t285, leader=null, voted=s0, raftlog=s0@group-3D81F66BC438-SegmentedRaftLog:OPENED:c11,f12,i12, conf=11: [s0:0.0.0.0:42154, s1:0.0.0.0:36158, s2:0.0.0.0:36910], old=null RUNNING
  s1:  RUNNING CANDIDATE s1@group-3D81F66BC438:t285, leader=null, voted=s1, raftlog=s1@group-3D81F66BC438-SegmentedRaftLog:OPENED:c10,f11,i11, conf=11: [s0:0.0.0.0:42154, s1:0.0.0.0:36158, s2:0.0.0.0:36910], old=null RUNNING
  s2:  RUNNING CANDIDATE s2@group-3D81F66BC438:t284, leader=null, voted=s2, raftlog=s2@group-3D81F66BC438-SegmentedRaftLog:OPENED:c10,f10,i10, conf=9: [s0:0.0.0.0:42154, s1:0.0.0.0:36158, s2:0.0.0.0:36910], old=null RUNNING, sleep 450ms and then retry.
java.lang.IllegalStateException: No leader yet : printing ALL groups
  s0:  RUNNING CANDIDATE s0@group-3D81F66BC438:t285, leader=null, voted=s0, raftlog=s0@group-3D81F66BC438-SegmentedRaftLog:OPENED:c11,f12,i12, conf=11: [s0:0.0.0.0:42154, s1:0.0.0.0:36158, s2:0.0.0.0:36910], old=null RUNNING
  s1:  RUNNING CANDIDATE s1@group-3D81F66BC438:t285, leader=null, voted=s1, raftlog=s1@group-3D81F66BC438-SegmentedRaftLog:OPENED:c10,f11,i11, conf=11: [s0:0.0.0.0:42154, s1:0.0.0.0:36158, s2:0.0.0.0:36910], old=null RUNNING
  s2:  RUNNING CANDIDATE s2@group-3D81F66BC438:t284, leader=null, voted=s2, raftlog=s2@group-3D81F66BC438-SegmentedRaftLog:OPENED:c10,f10,i10, conf=9: [s0:0.0.0.0:42154, s1:0.0.0.0:36158, s2:0.0.0.0:36910], old=null RUNNING
	at org.apache.ratis.MiniRaftCluster.newIllegalStateExceptionForNoLeaders(MiniRaftCluster.java:506)
	at org.apache.ratis.RaftTestUtil.lambda$waitForLeader$1(RaftTestUtil.java:90)
	at org.apache.ratis.MiniRaftCluster.getLeader(MiniRaftCluster.java:539)
	at org.apache.ratis.MiniRaftCluster.getLeader(MiniRaftCluster.java:532)
	at org.apache.ratis.RaftTestUtil.lambda$waitForLeader$3(RaftTestUtil.java:98)
	at org.apache.ratis.util.JavaUtils.attempt(JavaUtils.java:152)
	at org.apache.ratis.RaftTestUtil.waitForLeader(RaftTestUtil.java:97)
	at org.apache.ratis.RaftTestUtil.waitForLeader(RaftTestUtil.java:77)
	at org.apache.ratis.RaftTestUtil.waitForLeader(RaftTestUtil.java:72)
	at org.apache.ratis.RaftTestUtil.lambda$changeLeader$7(RaftTestUtil.java:363)
	at org.apache.ratis.util.JavaUtils.attempt(JavaUtils.java:152)
	at org.apache.ratis.RaftTestUtil.changeLeader(RaftTestUtil.java:362)
	at org.apache.ratis.server.impl.LeaderElectionTests.testChangeLeader(LeaderElectionTests.java:81)
	at sun.reflect.NativeMethodAccessorImpl.invoke0(Native Method)
	at sun.reflect.NativeMethodAccessorImpl.invoke(NativeMethodAccessorImpl.java:62)
	at sun.reflect.DelegatingMethodAccessorImpl.invoke(DelegatingMethodAccessorImpl.java:43)
	at java.lang.reflect.Method.invoke(Method.java:498)
	at org.junit.runners.model.FrameworkMethod$1.runReflectiveCall(FrameworkMethod.java:50)
	at org.junit.internal.runners.model.ReflectiveCallable.run(ReflectiveCallable.java:12)
	at org.junit.runners.model.FrameworkMethod.invokeExplosively(FrameworkMethod.java:47)
	at org.junit.internal.runners.statements.InvokeMethod.evaluate(InvokeMethod.java:17)
	at org.junit.internal.runners.statements.RunAfters.evaluate(RunAfters.java:27)
	at org.junit.internal.runners.statements.FailOnTimeout$CallableStatement.call(FailOnTimeout.java:298)
	at org.junit.internal.runners.statements.FailOnTimeout$CallableStatement.call(FailOnTimeout.java:292)
	at java.util.concurrent.FutureTask.run(FutureTask.java:266)
	at java.lang.Thread.run(Thread.java:748)
2019-09-24 12:00:35,183 INFO  impl.LeaderElection (LeaderElection.java:askForVotes(178)) - s1@group-3D81F66BC438-LeaderElection121: begin an election at term 285 for 11: [s0:0.0.0.0:42154, s1:0.0.0.0:36158, s2:0.0.0.0:36910], old=null
2019-09-24 12:00:35,184 DEBUG impl.RaftServerImpl (RaftServerImpl.java:requestVote(743)) - s0@group-3D81F66BC438: receive requestVote(s1, group-3D81F66BC438, 285, (t:14, i:11))
2019-09-24 12:00:35,184 DEBUG impl.RaftServerImpl (RaftServerImpl.java:requestVote(775)) - s0@group-3D81F66BC438 replies to vote request: s1<-s0#0:FAIL-t285. Peer's state: s0@group-3D81F66BC438:t285, leader=null, voted=s0, raftlog=s0@group-3D81F66BC438-SegmentedRaftLog:OPENED:c11,f12,i12, conf=11: [s0:0.0.0.0:42154, s1:0.0.0.0:36158, s2:0.0.0.0:36910], old=null
2019-09-24 12:00:35,215 INFO  impl.LeaderElection (LeaderElection.java:logAndReturn(56)) - s2@group-3D81F66BC438-LeaderElection117: Election TIMEOUT; received 1 response(s) [s2<-s0#0:FAIL-t284] and 0 exception(s); s2@group-3D81F66BC438:t284, leader=null, voted=s2, raftlog=s2@group-3D81F66BC438-SegmentedRaftLog:OPENED:c10,f10,i10, conf=9: [s0:0.0.0.0:42154, s1:0.0.0.0:36158, s2:0.0.0.0:36910], old=null
2019-09-24 12:00:35,229 INFO  impl.LeaderElection (LeaderElection.java:askForVotes(178)) - s2@group-3D81F66BC438-LeaderElection117: begin an election at term 285 for 9: [s0:0.0.0.0:42154, s1:0.0.0.0:36158, s2:0.0.0.0:36910], old=null
2019-09-24 12:00:35,230 DEBUG impl.RaftServerImpl (RaftServerImpl.java:requestVote(743)) - s0@group-3D81F66BC438: receive requestVote(s2, group-3D81F66BC438, 285, (t:13, i:10))
2019-09-24 12:00:35,230 DEBUG impl.RaftServerImpl (RaftServerImpl.java:requestVote(775)) - s0@group-3D81F66BC438 replies to vote request: s2<-s0#0:FAIL-t285. Peer's state: s0@group-3D81F66BC438:t285, leader=null, voted=s0, raftlog=s0@group-3D81F66BC438-SegmentedRaftLog:OPENED:c11,f12,i12, conf=11: [s0:0.0.0.0:42154, s1:0.0.0.0:36158, s2:0.0.0.0:36910], old=null
2019-09-24 12:00:35,293 INFO  impl.LeaderElection (LeaderElection.java:logAndReturn(56)) - s0@group-3D81F66BC438-LeaderElection120: Election TIMEOUT; received 0 response(s) [] and 0 exception(s); s0@group-3D81F66BC438:t285, leader=null, voted=s0, raftlog=s0@group-3D81F66BC438-SegmentedRaftLog:OPENED:c11,f12,i12, conf=11: [s0:0.0.0.0:42154, s1:0.0.0.0:36158, s2:0.0.0.0:36910], old=null
2019-09-24 12:00:35,306 INFO  impl.LeaderElection (LeaderElection.java:askForVotes(178)) - s0@group-3D81F66BC438-LeaderElection120: begin an election at term 286 for 11: [s0:0.0.0.0:42154, s1:0.0.0.0:36158, s2:0.0.0.0:36910], old=null
2019-09-24 12:00:35,409 INFO  impl.LeaderElection (LeaderElection.java:logAndReturn(56)) - s2@group-3D81F66BC438-LeaderElection117: Election TIMEOUT; received 1 response(s) [s2<-s0#0:FAIL-t285] and 0 exception(s); s2@group-3D81F66BC438:t285, leader=null, voted=s2, raftlog=s2@group-3D81F66BC438-SegmentedRaftLog:OPENED:c10,f10,i10, conf=9: [s0:0.0.0.0:42154, s1:0.0.0.0:36158, s2:0.0.0.0:36910], old=null
2019-09-24 12:00:35,423 INFO  impl.LeaderElection (LeaderElection.java:askForVotes(178)) - s2@group-3D81F66BC438-LeaderElection117: begin an election at term 286 for 9: [s0:0.0.0.0:42154, s1:0.0.0.0:36158, s2:0.0.0.0:36910], old=null
2019-09-24 12:00:35,424 DEBUG impl.RaftServerImpl (RaftServerImpl.java:requestVote(743)) - s0@group-3D81F66BC438: receive requestVote(s2, group-3D81F66BC438, 286, (t:13, i:10))
2019-09-24 12:00:35,424 DEBUG impl.RaftServerImpl (RaftServerImpl.java:requestVote(775)) - s0@group-3D81F66BC438 replies to vote request: s2<-s0#0:FAIL-t286. Peer's state: s0@group-3D81F66BC438:t286, leader=null, voted=s0, raftlog=s0@group-3D81F66BC438-SegmentedRaftLog:OPENED:c11,f12,i12, conf=11: [s0:0.0.0.0:42154, s1:0.0.0.0:36158, s2:0.0.0.0:36910], old=null
2019-09-24 12:00:35,444 INFO  ratis.MiniRaftCluster (MiniRaftCluster.java:lambda$null$5(297)) - TIMED-PRINT: printing ALL groups
  s0:  RUNNING CANDIDATE s0@group-3D81F66BC438:t286, leader=null, voted=s0, raftlog=s0@group-3D81F66BC438-SegmentedRaftLog:OPENED:c11,f12,i12, conf=11: [s0:0.0.0.0:42154, s1:0.0.0.0:36158, s2:0.0.0.0:36910], old=null RUNNING
  s1:  RUNNING CANDIDATE s1@group-3D81F66BC438:t285, leader=null, voted=s1, raftlog=s1@group-3D81F66BC438-SegmentedRaftLog:OPENED:c10,f11,i11, conf=11: [s0:0.0.0.0:42154, s1:0.0.0.0:36158, s2:0.0.0.0:36910], old=null RUNNING
  s2:  RUNNING CANDIDATE s2@group-3D81F66BC438:t286, leader=null, voted=s2, raftlog=s2@group-3D81F66BC438-SegmentedRaftLog:OPENED:c10,f10,i10, conf=9: [s0:0.0.0.0:42154, s1:0.0.0.0:36158, s2:0.0.0.0:36910], old=null RUNNING
2019-09-24 12:00:35,483 INFO  impl.LeaderElection (LeaderElection.java:logAndReturn(56)) - s1@group-3D81F66BC438-LeaderElection121: Election TIMEOUT; received 1 response(s) [s1<-s0#0:FAIL-t285] and 0 exception(s); s1@group-3D81F66BC438:t285, leader=null, voted=s1, raftlog=s1@group-3D81F66BC438-SegmentedRaftLog:OPENED:c10,f11,i11, conf=11: [s0:0.0.0.0:42154, s1:0.0.0.0:36158, s2:0.0.0.0:36910], old=null
2019-09-24 12:00:35,496 INFO  impl.LeaderElection (LeaderElection.java:askForVotes(178)) - s1@group-3D81F66BC438-LeaderElection121: begin an election at term 286 for 11: [s0:0.0.0.0:42154, s1:0.0.0.0:36158, s2:0.0.0.0:36910], old=null
2019-09-24 12:00:35,497 DEBUG impl.RaftServerImpl (RaftServerImpl.java:requestVote(743)) - s0@group-3D81F66BC438: receive requestVote(s1, group-3D81F66BC438, 286, (t:14, i:11))
2019-09-24 12:00:35,497 DEBUG impl.RaftServerImpl (RaftServerImpl.java:requestVote(775)) - s0@group-3D81F66BC438 replies to vote request: s1<-s0#0:FAIL-t286. Peer's state: s0@group-3D81F66BC438:t286, leader=null, voted=s0, raftlog=s0@group-3D81F66BC438-SegmentedRaftLog:OPENED:c11,f12,i12, conf=11: [s0:0.0.0.0:42154, s1:0.0.0.0:36158, s2:0.0.0.0:36910], old=null
2019-09-24 12:00:35,597 INFO  impl.LeaderElection (LeaderElection.java:logAndReturn(56)) - s0@group-3D81F66BC438-LeaderElection120: Election TIMEOUT; received 0 response(s) [] and 0 exception(s); s0@group-3D81F66BC438:t286, leader=null, voted=s0, raftlog=s0@group-3D81F66BC438-SegmentedRaftLog:OPENED:c11,f12,i12, conf=11: [s0:0.0.0.0:42154, s1:0.0.0.0:36158, s2:0.0.0.0:36910], old=null
2019-09-24 12:00:35,622 INFO  impl.LeaderElection (LeaderElection.java:askForVotes(178)) - s0@group-3D81F66BC438-LeaderElection120: begin an election at term 287 for 11: [s0:0.0.0.0:42154, s1:0.0.0.0:36158, s2:0.0.0.0:36910], old=null
2019-09-24 12:00:35,625 WARN  ratis.RaftTestUtil (JavaUtils.java:attempt(158)) - FAILED "waitForLeader-null-(expectLeader? true)", attempt #43/100: java.lang.IllegalStateException: No leader yet : printing ALL groups
  s0:  RUNNING CANDIDATE s0@group-3D81F66BC438:t287, leader=null, voted=s0, raftlog=s0@group-3D81F66BC438-SegmentedRaftLog:OPENED:c11,f12,i12, conf=11: [s0:0.0.0.0:42154, s1:0.0.0.0:36158, s2:0.0.0.0:36910], old=null RUNNING
  s1:  RUNNING CANDIDATE s1@group-3D81F66BC438:t286, leader=null, voted=s1, raftlog=s1@group-3D81F66BC438-SegmentedRaftLog:OPENED:c10,f11,i11, conf=11: [s0:0.0.0.0:42154, s1:0.0.0.0:36158, s2:0.0.0.0:36910], old=null RUNNING
  s2:  RUNNING CANDIDATE s2@group-3D81F66BC438:t286, leader=null, voted=s2, raftlog=s2@group-3D81F66BC438-SegmentedRaftLog:OPENED:c10,f10,i10, conf=9: [s0:0.0.0.0:42154, s1:0.0.0.0:36158, s2:0.0.0.0:36910], old=null RUNNING, sleep 450ms and then retry.
java.lang.IllegalStateException: No leader yet : printing ALL groups
  s0:  RUNNING CANDIDATE s0@group-3D81F66BC438:t287, leader=null, voted=s0, raftlog=s0@group-3D81F66BC438-SegmentedRaftLog:OPENED:c11,f12,i12, conf=11: [s0:0.0.0.0:42154, s1:0.0.0.0:36158, s2:0.0.0.0:36910], old=null RUNNING
  s1:  RUNNING CANDIDATE s1@group-3D81F66BC438:t286, leader=null, voted=s1, raftlog=s1@group-3D81F66BC438-SegmentedRaftLog:OPENED:c10,f11,i11, conf=11: [s0:0.0.0.0:42154, s1:0.0.0.0:36158, s2:0.0.0.0:36910], old=null RUNNING
  s2:  RUNNING CANDIDATE s2@group-3D81F66BC438:t286, leader=null, voted=s2, raftlog=s2@group-3D81F66BC438-SegmentedRaftLog:OPENED:c10,f10,i10, conf=9: [s0:0.0.0.0:42154, s1:0.0.0.0:36158, s2:0.0.0.0:36910], old=null RUNNING
	at org.apache.ratis.MiniRaftCluster.newIllegalStateExceptionForNoLeaders(MiniRaftCluster.java:506)
	at org.apache.ratis.RaftTestUtil.lambda$waitForLeader$1(RaftTestUtil.java:90)
	at org.apache.ratis.MiniRaftCluster.getLeader(MiniRaftCluster.java:539)
	at org.apache.ratis.MiniRaftCluster.getLeader(MiniRaftCluster.java:532)
	at org.apache.ratis.RaftTestUtil.lambda$waitForLeader$3(RaftTestUtil.java:98)
	at org.apache.ratis.util.JavaUtils.attempt(JavaUtils.java:152)
	at org.apache.ratis.RaftTestUtil.waitForLeader(RaftTestUtil.java:97)
	at org.apache.ratis.RaftTestUtil.waitForLeader(RaftTestUtil.java:77)
	at org.apache.ratis.RaftTestUtil.waitForLeader(RaftTestUtil.java:72)
	at org.apache.ratis.RaftTestUtil.lambda$changeLeader$7(RaftTestUtil.java:363)
	at org.apache.ratis.util.JavaUtils.attempt(JavaUtils.java:152)
	at org.apache.ratis.RaftTestUtil.changeLeader(RaftTestUtil.java:362)
	at org.apache.ratis.server.impl.LeaderElectionTests.testChangeLeader(LeaderElectionTests.java:81)
	at sun.reflect.NativeMethodAccessorImpl.invoke0(Native Method)
	at sun.reflect.NativeMethodAccessorImpl.invoke(NativeMethodAccessorImpl.java:62)
	at sun.reflect.DelegatingMethodAccessorImpl.invoke(DelegatingMethodAccessorImpl.java:43)
	at java.lang.reflect.Method.invoke(Method.java:498)
	at org.junit.runners.model.FrameworkMethod$1.runReflectiveCall(FrameworkMethod.java:50)
	at org.junit.internal.runners.model.ReflectiveCallable.run(ReflectiveCallable.java:12)
	at org.junit.runners.model.FrameworkMethod.invokeExplosively(FrameworkMethod.java:47)
	at org.junit.internal.runners.statements.InvokeMethod.evaluate(InvokeMethod.java:17)
	at org.junit.internal.runners.statements.RunAfters.evaluate(RunAfters.java:27)
	at org.junit.internal.runners.statements.FailOnTimeout$CallableStatement.call(FailOnTimeout.java:298)
	at org.junit.internal.runners.statements.FailOnTimeout$CallableStatement.call(FailOnTimeout.java:292)
	at java.util.concurrent.FutureTask.run(FutureTask.java:266)
	at java.lang.Thread.run(Thread.java:748)
2019-09-24 12:00:35,658 INFO  impl.LeaderElection (LeaderElection.java:logAndReturn(56)) - s2@group-3D81F66BC438-LeaderElection117: Election TIMEOUT; received 1 response(s) [s2<-s0#0:FAIL-t286] and 0 exception(s); s2@group-3D81F66BC438:t286, leader=null, voted=s2, raftlog=s2@group-3D81F66BC438-SegmentedRaftLog:OPENED:c10,f10,i10, conf=9: [s0:0.0.0.0:42154, s1:0.0.0.0:36158, s2:0.0.0.0:36910], old=null
2019-09-24 12:00:35,671 INFO  impl.LeaderElection (LeaderElection.java:askForVotes(178)) - s2@group-3D81F66BC438-LeaderElection117: begin an election at term 287 for 9: [s0:0.0.0.0:42154, s1:0.0.0.0:36158, s2:0.0.0.0:36910], old=null
2019-09-24 12:00:35,672 DEBUG impl.RaftServerImpl (RaftServerImpl.java:requestVote(743)) - s0@group-3D81F66BC438: receive requestVote(s2, group-3D81F66BC438, 287, (t:13, i:10))
2019-09-24 12:00:35,672 DEBUG impl.RaftServerImpl (RaftServerImpl.java:requestVote(775)) - s0@group-3D81F66BC438 replies to vote request: s2<-s0#0:FAIL-t287. Peer's state: s0@group-3D81F66BC438:t287, leader=null, voted=s0, raftlog=s0@group-3D81F66BC438-SegmentedRaftLog:OPENED:c11,f12,i12, conf=11: [s0:0.0.0.0:42154, s1:0.0.0.0:36158, s2:0.0.0.0:36910], old=null
2019-09-24 12:00:35,748 INFO  impl.LeaderElection (LeaderElection.java:logAndReturn(56)) - s1@group-3D81F66BC438-LeaderElection121: Election TIMEOUT; received 1 response(s) [s1<-s0#0:FAIL-t286] and 0 exception(s); s1@group-3D81F66BC438:t286, leader=null, voted=s1, raftlog=s1@group-3D81F66BC438-SegmentedRaftLog:OPENED:c10,f11,i11, conf=11: [s0:0.0.0.0:42154, s1:0.0.0.0:36158, s2:0.0.0.0:36910], old=null
2019-09-24 12:00:35,762 INFO  impl.LeaderElection (LeaderElection.java:askForVotes(178)) - s1@group-3D81F66BC438-LeaderElection121: begin an election at term 287 for 11: [s0:0.0.0.0:42154, s1:0.0.0.0:36158, s2:0.0.0.0:36910], old=null
2019-09-24 12:00:35,762 DEBUG impl.RaftServerImpl (RaftServerImpl.java:requestVote(743)) - s0@group-3D81F66BC438: receive requestVote(s1, group-3D81F66BC438, 287, (t:14, i:11))
2019-09-24 12:00:35,762 DEBUG impl.RaftServerImpl (RaftServerImpl.java:requestVote(775)) - s0@group-3D81F66BC438 replies to vote request: s1<-s0#0:FAIL-t287. Peer's state: s0@group-3D81F66BC438:t287, leader=null, voted=s0, raftlog=s0@group-3D81F66BC438-SegmentedRaftLog:OPENED:c11,f12,i12, conf=11: [s0:0.0.0.0:42154, s1:0.0.0.0:36158, s2:0.0.0.0:36910], old=null
2019-09-24 12:00:35,857 INFO  impl.LeaderElection (LeaderElection.java:logAndReturn(56)) - s2@group-3D81F66BC438-LeaderElection117: Election TIMEOUT; received 1 response(s) [s2<-s0#0:FAIL-t287] and 0 exception(s); s2@group-3D81F66BC438:t287, leader=null, voted=s2, raftlog=s2@group-3D81F66BC438-SegmentedRaftLog:OPENED:c10,f10,i10, conf=9: [s0:0.0.0.0:42154, s1:0.0.0.0:36158, s2:0.0.0.0:36910], old=null
2019-09-24 12:00:35,870 INFO  impl.LeaderElection (LeaderElection.java:logAndReturn(56)) - s0@group-3D81F66BC438-LeaderElection120: Election TIMEOUT; received 0 response(s) [] and 0 exception(s); s0@group-3D81F66BC438:t287, leader=null, voted=s0, raftlog=s0@group-3D81F66BC438-SegmentedRaftLog:OPENED:c11,f12,i12, conf=11: [s0:0.0.0.0:42154, s1:0.0.0.0:36158, s2:0.0.0.0:36910], old=null
2019-09-24 12:00:35,872 INFO  impl.LeaderElection (LeaderElection.java:askForVotes(178)) - s2@group-3D81F66BC438-LeaderElection117: begin an election at term 288 for 9: [s0:0.0.0.0:42154, s1:0.0.0.0:36158, s2:0.0.0.0:36910], old=null
2019-09-24 12:00:35,872 DEBUG impl.RaftServerImpl (RaftServerImpl.java:requestVote(743)) - s0@group-3D81F66BC438: receive requestVote(s2, group-3D81F66BC438, 288, (t:13, i:10))
2019-09-24 12:00:35,884 INFO  impl.LeaderElection (LeaderElection.java:askForVotes(178)) - s0@group-3D81F66BC438-LeaderElection120: begin an election at term 288 for 11: [s0:0.0.0.0:42154, s1:0.0.0.0:36158, s2:0.0.0.0:36910], old=null
2019-09-24 12:00:35,884 DEBUG impl.RaftServerImpl (RaftServerImpl.java:requestVote(775)) - s0@group-3D81F66BC438 replies to vote request: s2<-s0#0:FAIL-t288. Peer's state: s0@group-3D81F66BC438:t288, leader=null, voted=s0, raftlog=s0@group-3D81F66BC438-SegmentedRaftLog:OPENED:c11,f12,i12, conf=11: [s0:0.0.0.0:42154, s1:0.0.0.0:36158, s2:0.0.0.0:36910], old=null
2019-09-24 12:00:35,988 INFO  impl.LeaderElection (LeaderElection.java:logAndReturn(56)) - s1@group-3D81F66BC438-LeaderElection121: Election TIMEOUT; received 1 response(s) [s1<-s0#0:FAIL-t287] and 0 exception(s); s1@group-3D81F66BC438:t287, leader=null, voted=s1, raftlog=s1@group-3D81F66BC438-SegmentedRaftLog:OPENED:c10,f11,i11, conf=11: [s0:0.0.0.0:42154, s1:0.0.0.0:36158, s2:0.0.0.0:36910], old=null
2019-09-24 12:00:36,013 INFO  impl.LeaderElection (LeaderElection.java:askForVotes(178)) - s1@group-3D81F66BC438-LeaderElection121: begin an election at term 288 for 11: [s0:0.0.0.0:42154, s1:0.0.0.0:36158, s2:0.0.0.0:36910], old=null
2019-09-24 12:00:36,014 DEBUG impl.RaftServerImpl (RaftServerImpl.java:requestVote(743)) - s0@group-3D81F66BC438: receive requestVote(s1, group-3D81F66BC438, 288, (t:14, i:11))
2019-09-24 12:00:36,014 DEBUG impl.RaftServerImpl (RaftServerImpl.java:requestVote(775)) - s0@group-3D81F66BC438 replies to vote request: s1<-s0#0:FAIL-t288. Peer's state: s0@group-3D81F66BC438:t288, leader=null, voted=s0, raftlog=s0@group-3D81F66BC438-SegmentedRaftLog:OPENED:c11,f12,i12, conf=11: [s0:0.0.0.0:42154, s1:0.0.0.0:36158, s2:0.0.0.0:36910], old=null
2019-09-24 12:00:36,076 WARN  ratis.RaftTestUtil (JavaUtils.java:attempt(158)) - FAILED "waitForLeader-null-(expectLeader? true)", attempt #44/100: java.lang.IllegalStateException: No leader yet : printing ALL groups
  s0:  RUNNING CANDIDATE s0@group-3D81F66BC438:t288, leader=null, voted=s0, raftlog=s0@group-3D81F66BC438-SegmentedRaftLog:OPENED:c11,f12,i12, conf=11: [s0:0.0.0.0:42154, s1:0.0.0.0:36158, s2:0.0.0.0:36910], old=null RUNNING
  s1:  RUNNING CANDIDATE s1@group-3D81F66BC438:t288, leader=null, voted=s1, raftlog=s1@group-3D81F66BC438-SegmentedRaftLog:OPENED:c10,f11,i11, conf=11: [s0:0.0.0.0:42154, s1:0.0.0.0:36158, s2:0.0.0.0:36910], old=null RUNNING
  s2:  RUNNING CANDIDATE s2@group-3D81F66BC438:t288, leader=null, voted=s2, raftlog=s2@group-3D81F66BC438-SegmentedRaftLog:OPENED:c10,f10,i10, conf=9: [s0:0.0.0.0:42154, s1:0.0.0.0:36158, s2:0.0.0.0:36910], old=null RUNNING, sleep 450ms and then retry.
java.lang.IllegalStateException: No leader yet : printing ALL groups
  s0:  RUNNING CANDIDATE s0@group-3D81F66BC438:t288, leader=null, voted=s0, raftlog=s0@group-3D81F66BC438-SegmentedRaftLog:OPENED:c11,f12,i12, conf=11: [s0:0.0.0.0:42154, s1:0.0.0.0:36158, s2:0.0.0.0:36910], old=null RUNNING
  s1:  RUNNING CANDIDATE s1@group-3D81F66BC438:t288, leader=null, voted=s1, raftlog=s1@group-3D81F66BC438-SegmentedRaftLog:OPENED:c10,f11,i11, conf=11: [s0:0.0.0.0:42154, s1:0.0.0.0:36158, s2:0.0.0.0:36910], old=null RUNNING
  s2:  RUNNING CANDIDATE s2@group-3D81F66BC438:t288, leader=null, voted=s2, raftlog=s2@group-3D81F66BC438-SegmentedRaftLog:OPENED:c10,f10,i10, conf=9: [s0:0.0.0.0:42154, s1:0.0.0.0:36158, s2:0.0.0.0:36910], old=null RUNNING
	at org.apache.ratis.MiniRaftCluster.newIllegalStateExceptionForNoLeaders(MiniRaftCluster.java:506)
	at org.apache.ratis.RaftTestUtil.lambda$waitForLeader$1(RaftTestUtil.java:90)
	at org.apache.ratis.MiniRaftCluster.getLeader(MiniRaftCluster.java:539)
	at org.apache.ratis.MiniRaftCluster.getLeader(MiniRaftCluster.java:532)
	at org.apache.ratis.RaftTestUtil.lambda$waitForLeader$3(RaftTestUtil.java:98)
	at org.apache.ratis.util.JavaUtils.attempt(JavaUtils.java:152)
	at org.apache.ratis.RaftTestUtil.waitForLeader(RaftTestUtil.java:97)
	at org.apache.ratis.RaftTestUtil.waitForLeader(RaftTestUtil.java:77)
	at org.apache.ratis.RaftTestUtil.waitForLeader(RaftTestUtil.java:72)
	at org.apache.ratis.RaftTestUtil.lambda$changeLeader$7(RaftTestUtil.java:363)
	at org.apache.ratis.util.JavaUtils.attempt(JavaUtils.java:152)
	at org.apache.ratis.RaftTestUtil.changeLeader(RaftTestUtil.java:362)
	at org.apache.ratis.server.impl.LeaderElectionTests.testChangeLeader(LeaderElectionTests.java:81)
	at sun.reflect.NativeMethodAccessorImpl.invoke0(Native Method)
	at sun.reflect.NativeMethodAccessorImpl.invoke(NativeMethodAccessorImpl.java:62)
	at sun.reflect.DelegatingMethodAccessorImpl.invoke(DelegatingMethodAccessorImpl.java:43)
	at java.lang.reflect.Method.invoke(Method.java:498)
	at org.junit.runners.model.FrameworkMethod$1.runReflectiveCall(FrameworkMethod.java:50)
	at org.junit.internal.runners.model.ReflectiveCallable.run(ReflectiveCallable.java:12)
	at org.junit.runners.model.FrameworkMethod.invokeExplosively(FrameworkMethod.java:47)
	at org.junit.internal.runners.statements.InvokeMethod.evaluate(InvokeMethod.java:17)
	at org.junit.internal.runners.statements.RunAfters.evaluate(RunAfters.java:27)
	at org.junit.internal.runners.statements.FailOnTimeout$CallableStatement.call(FailOnTimeout.java:298)
	at org.junit.internal.runners.statements.FailOnTimeout$CallableStatement.call(FailOnTimeout.java:292)
	at java.util.concurrent.FutureTask.run(FutureTask.java:266)
	at java.lang.Thread.run(Thread.java:748)
2019-09-24 12:00:36,099 INFO  impl.LeaderElection (LeaderElection.java:logAndReturn(56)) - s0@group-3D81F66BC438-LeaderElection120: Election TIMEOUT; received 0 response(s) [] and 0 exception(s); s0@group-3D81F66BC438:t288, leader=null, voted=s0, raftlog=s0@group-3D81F66BC438-SegmentedRaftLog:OPENED:c11,f12,i12, conf=11: [s0:0.0.0.0:42154, s1:0.0.0.0:36158, s2:0.0.0.0:36910], old=null
2019-09-24 12:00:36,113 INFO  impl.LeaderElection (LeaderElection.java:askForVotes(178)) - s0@group-3D81F66BC438-LeaderElection120: begin an election at term 289 for 11: [s0:0.0.0.0:42154, s1:0.0.0.0:36158, s2:0.0.0.0:36910], old=null
2019-09-24 12:00:36,122 INFO  impl.LeaderElection (LeaderElection.java:logAndReturn(56)) - s2@group-3D81F66BC438-LeaderElection117: Election TIMEOUT; received 1 response(s) [s2<-s0#0:FAIL-t288] and 0 exception(s); s2@group-3D81F66BC438:t288, leader=null, voted=s2, raftlog=s2@group-3D81F66BC438-SegmentedRaftLog:OPENED:c10,f10,i10, conf=9: [s0:0.0.0.0:42154, s1:0.0.0.0:36158, s2:0.0.0.0:36910], old=null
2019-09-24 12:00:36,134 INFO  impl.LeaderElection (LeaderElection.java:askForVotes(178)) - s2@group-3D81F66BC438-LeaderElection117: begin an election at term 289 for 9: [s0:0.0.0.0:42154, s1:0.0.0.0:36158, s2:0.0.0.0:36910], old=null
2019-09-24 12:00:36,135 DEBUG impl.RaftServerImpl (RaftServerImpl.java:requestVote(743)) - s0@group-3D81F66BC438: receive requestVote(s2, group-3D81F66BC438, 289, (t:13, i:10))
2019-09-24 12:00:36,135 DEBUG impl.RaftServerImpl (RaftServerImpl.java:requestVote(775)) - s0@group-3D81F66BC438 replies to vote request: s2<-s0#0:FAIL-t289. Peer's state: s0@group-3D81F66BC438:t289, leader=null, voted=s0, raftlog=s0@group-3D81F66BC438-SegmentedRaftLog:OPENED:c11,f12,i12, conf=11: [s0:0.0.0.0:42154, s1:0.0.0.0:36158, s2:0.0.0.0:36910], old=null
2019-09-24 12:00:36,173 INFO  impl.LeaderElection (LeaderElection.java:logAndReturn(56)) - s1@group-3D81F66BC438-LeaderElection121: Election TIMEOUT; received 1 response(s) [s1<-s0#0:FAIL-t288] and 0 exception(s); s1@group-3D81F66BC438:t288, leader=null, voted=s1, raftlog=s1@group-3D81F66BC438-SegmentedRaftLog:OPENED:c10,f11,i11, conf=11: [s0:0.0.0.0:42154, s1:0.0.0.0:36158, s2:0.0.0.0:36910], old=null
2019-09-24 12:00:36,186 INFO  impl.LeaderElection (LeaderElection.java:askForVotes(178)) - s1@group-3D81F66BC438-LeaderElection121: begin an election at term 289 for 11: [s0:0.0.0.0:42154, s1:0.0.0.0:36158, s2:0.0.0.0:36910], old=null
2019-09-24 12:00:36,187 DEBUG impl.RaftServerImpl (RaftServerImpl.java:requestVote(743)) - s0@group-3D81F66BC438: receive requestVote(s1, group-3D81F66BC438, 289, (t:14, i:11))
2019-09-24 12:00:36,187 DEBUG impl.RaftServerImpl (RaftServerImpl.java:requestVote(775)) - s0@group-3D81F66BC438 replies to vote request: s1<-s0#0:FAIL-t289. Peer's state: s0@group-3D81F66BC438:t289, leader=null, voted=s0, raftlog=s0@group-3D81F66BC438-SegmentedRaftLog:OPENED:c11,f12,i12, conf=11: [s0:0.0.0.0:42154, s1:0.0.0.0:36158, s2:0.0.0.0:36910], old=null
2019-09-24 12:00:36,338 INFO  impl.LeaderElection (LeaderElection.java:logAndReturn(56)) - s0@group-3D81F66BC438-LeaderElection120: Election TIMEOUT; received 0 response(s) [] and 0 exception(s); s0@group-3D81F66BC438:t289, leader=null, voted=s0, raftlog=s0@group-3D81F66BC438-SegmentedRaftLog:OPENED:c11,f12,i12, conf=11: [s0:0.0.0.0:42154, s1:0.0.0.0:36158, s2:0.0.0.0:36910], old=null
2019-09-24 12:00:36,351 INFO  impl.LeaderElection (LeaderElection.java:askForVotes(178)) - s0@group-3D81F66BC438-LeaderElection120: begin an election at term 290 for 11: [s0:0.0.0.0:42154, s1:0.0.0.0:36158, s2:0.0.0.0:36910], old=null
2019-09-24 12:00:36,395 INFO  impl.LeaderElection (LeaderElection.java:logAndReturn(56)) - s2@group-3D81F66BC438-LeaderElection117: Election TIMEOUT; received 1 response(s) [s2<-s0#0:FAIL-t289] and 0 exception(s); s2@group-3D81F66BC438:t289, leader=null, voted=s2, raftlog=s2@group-3D81F66BC438-SegmentedRaftLog:OPENED:c10,f10,i10, conf=9: [s0:0.0.0.0:42154, s1:0.0.0.0:36158, s2:0.0.0.0:36910], old=null
2019-09-24 12:00:36,408 INFO  impl.LeaderElection (LeaderElection.java:askForVotes(178)) - s2@group-3D81F66BC438-LeaderElection117: begin an election at term 290 for 9: [s0:0.0.0.0:42154, s1:0.0.0.0:36158, s2:0.0.0.0:36910], old=null
2019-09-24 12:00:36,409 DEBUG impl.RaftServerImpl (RaftServerImpl.java:requestVote(743)) - s0@group-3D81F66BC438: receive requestVote(s2, group-3D81F66BC438, 290, (t:13, i:10))
2019-09-24 12:00:36,409 DEBUG impl.RaftServerImpl (RaftServerImpl.java:requestVote(775)) - s0@group-3D81F66BC438 replies to vote request: s2<-s0#0:FAIL-t290. Peer's state: s0@group-3D81F66BC438:t290, leader=null, voted=s0, raftlog=s0@group-3D81F66BC438-SegmentedRaftLog:OPENED:c11,f12,i12, conf=11: [s0:0.0.0.0:42154, s1:0.0.0.0:36158, s2:0.0.0.0:36910], old=null
2019-09-24 12:00:36,438 INFO  impl.LeaderElection (LeaderElection.java:logAndReturn(56)) - s1@group-3D81F66BC438-LeaderElection121: Election TIMEOUT; received 1 response(s) [s1<-s0#0:FAIL-t289] and 0 exception(s); s1@group-3D81F66BC438:t289, leader=null, voted=s1, raftlog=s1@group-3D81F66BC438-SegmentedRaftLog:OPENED:c10,f11,i11, conf=11: [s0:0.0.0.0:42154, s1:0.0.0.0:36158, s2:0.0.0.0:36910], old=null
2019-09-24 12:00:36,451 INFO  impl.LeaderElection (LeaderElection.java:askForVotes(178)) - s1@group-3D81F66BC438-LeaderElection121: begin an election at term 290 for 11: [s0:0.0.0.0:42154, s1:0.0.0.0:36158, s2:0.0.0.0:36910], old=null
2019-09-24 12:00:36,451 DEBUG impl.RaftServerImpl (RaftServerImpl.java:requestVote(743)) - s0@group-3D81F66BC438: receive requestVote(s1, group-3D81F66BC438, 290, (t:14, i:11))
2019-09-24 12:00:36,452 DEBUG impl.RaftServerImpl (RaftServerImpl.java:requestVote(775)) - s0@group-3D81F66BC438 replies to vote request: s1<-s0#0:FAIL-t290. Peer's state: s0@group-3D81F66BC438:t290, leader=null, voted=s0, raftlog=s0@group-3D81F66BC438-SegmentedRaftLog:OPENED:c11,f12,i12, conf=11: [s0:0.0.0.0:42154, s1:0.0.0.0:36158, s2:0.0.0.0:36910], old=null
2019-09-24 12:00:36,506 INFO  impl.LeaderElection (LeaderElection.java:logAndReturn(56)) - s0@group-3D81F66BC438-LeaderElection120: Election TIMEOUT; received 0 response(s) [] and 0 exception(s); s0@group-3D81F66BC438:t290, leader=null, voted=s0, raftlog=s0@group-3D81F66BC438-SegmentedRaftLog:OPENED:c11,f12,i12, conf=11: [s0:0.0.0.0:42154, s1:0.0.0.0:36158, s2:0.0.0.0:36910], old=null
2019-09-24 12:00:36,519 INFO  impl.LeaderElection (LeaderElection.java:askForVotes(178)) - s0@group-3D81F66BC438-LeaderElection120: begin an election at term 291 for 11: [s0:0.0.0.0:42154, s1:0.0.0.0:36158, s2:0.0.0.0:36910], old=null
2019-09-24 12:00:36,527 WARN  ratis.RaftTestUtil (JavaUtils.java:attempt(158)) - FAILED "waitForLeader-null-(expectLeader? true)", attempt #45/100: java.lang.IllegalStateException: No leader yet : printing ALL groups
  s0:  RUNNING CANDIDATE s0@group-3D81F66BC438:t291, leader=null, voted=s0, raftlog=s0@group-3D81F66BC438-SegmentedRaftLog:OPENED:c11,f12,i12, conf=11: [s0:0.0.0.0:42154, s1:0.0.0.0:36158, s2:0.0.0.0:36910], old=null RUNNING
  s1:  RUNNING CANDIDATE s1@group-3D81F66BC438:t290, leader=null, voted=s1, raftlog=s1@group-3D81F66BC438-SegmentedRaftLog:OPENED:c10,f11,i11, conf=11: [s0:0.0.0.0:42154, s1:0.0.0.0:36158, s2:0.0.0.0:36910], old=null RUNNING
  s2:  RUNNING CANDIDATE s2@group-3D81F66BC438:t290, leader=null, voted=s2, raftlog=s2@group-3D81F66BC438-SegmentedRaftLog:OPENED:c10,f10,i10, conf=9: [s0:0.0.0.0:42154, s1:0.0.0.0:36158, s2:0.0.0.0:36910], old=null RUNNING, sleep 450ms and then retry.
java.lang.IllegalStateException: No leader yet : printing ALL groups
  s0:  RUNNING CANDIDATE s0@group-3D81F66BC438:t291, leader=null, voted=s0, raftlog=s0@group-3D81F66BC438-SegmentedRaftLog:OPENED:c11,f12,i12, conf=11: [s0:0.0.0.0:42154, s1:0.0.0.0:36158, s2:0.0.0.0:36910], old=null RUNNING
  s1:  RUNNING CANDIDATE s1@group-3D81F66BC438:t290, leader=null, voted=s1, raftlog=s1@group-3D81F66BC438-SegmentedRaftLog:OPENED:c10,f11,i11, conf=11: [s0:0.0.0.0:42154, s1:0.0.0.0:36158, s2:0.0.0.0:36910], old=null RUNNING
  s2:  RUNNING CANDIDATE s2@group-3D81F66BC438:t290, leader=null, voted=s2, raftlog=s2@group-3D81F66BC438-SegmentedRaftLog:OPENED:c10,f10,i10, conf=9: [s0:0.0.0.0:42154, s1:0.0.0.0:36158, s2:0.0.0.0:36910], old=null RUNNING
	at org.apache.ratis.MiniRaftCluster.newIllegalStateExceptionForNoLeaders(MiniRaftCluster.java:506)
	at org.apache.ratis.RaftTestUtil.lambda$waitForLeader$1(RaftTestUtil.java:90)
	at org.apache.ratis.MiniRaftCluster.getLeader(MiniRaftCluster.java:539)
	at org.apache.ratis.MiniRaftCluster.getLeader(MiniRaftCluster.java:532)
	at org.apache.ratis.RaftTestUtil.lambda$waitForLeader$3(RaftTestUtil.java:98)
	at org.apache.ratis.util.JavaUtils.attempt(JavaUtils.java:152)
	at org.apache.ratis.RaftTestUtil.waitForLeader(RaftTestUtil.java:97)
	at org.apache.ratis.RaftTestUtil.waitForLeader(RaftTestUtil.java:77)
	at org.apache.ratis.RaftTestUtil.waitForLeader(RaftTestUtil.java:72)
	at org.apache.ratis.RaftTestUtil.lambda$changeLeader$7(RaftTestUtil.java:363)
	at org.apache.ratis.util.JavaUtils.attempt(JavaUtils.java:152)
	at org.apache.ratis.RaftTestUtil.changeLeader(RaftTestUtil.java:362)
	at org.apache.ratis.server.impl.LeaderElectionTests.testChangeLeader(LeaderElectionTests.java:81)
	at sun.reflect.NativeMethodAccessorImpl.invoke0(Native Method)
	at sun.reflect.NativeMethodAccessorImpl.invoke(NativeMethodAccessorImpl.java:62)
	at sun.reflect.DelegatingMethodAccessorImpl.invoke(DelegatingMethodAccessorImpl.java:43)
	at java.lang.reflect.Method.invoke(Method.java:498)
	at org.junit.runners.model.FrameworkMethod$1.runReflectiveCall(FrameworkMethod.java:50)
	at org.junit.internal.runners.model.ReflectiveCallable.run(ReflectiveCallable.java:12)
	at org.junit.runners.model.FrameworkMethod.invokeExplosively(FrameworkMethod.java:47)
	at org.junit.internal.runners.statements.InvokeMethod.evaluate(InvokeMethod.java:17)
	at org.junit.internal.runners.statements.RunAfters.evaluate(RunAfters.java:27)
	at org.junit.internal.runners.statements.FailOnTimeout$CallableStatement.call(FailOnTimeout.java:298)
	at org.junit.internal.runners.statements.FailOnTimeout$CallableStatement.call(FailOnTimeout.java:292)
	at java.util.concurrent.FutureTask.run(FutureTask.java:266)
	at java.lang.Thread.run(Thread.java:748)
2019-09-24 12:00:36,576 INFO  impl.LeaderElection (LeaderElection.java:logAndReturn(56)) - s2@group-3D81F66BC438-LeaderElection117: Election TIMEOUT; received 1 response(s) [s2<-s0#0:FAIL-t290] and 0 exception(s); s2@group-3D81F66BC438:t290, leader=null, voted=s2, raftlog=s2@group-3D81F66BC438-SegmentedRaftLog:OPENED:c10,f10,i10, conf=9: [s0:0.0.0.0:42154, s1:0.0.0.0:36158, s2:0.0.0.0:36910], old=null
2019-09-24 12:00:36,602 INFO  impl.LeaderElection (LeaderElection.java:askForVotes(178)) - s2@group-3D81F66BC438-LeaderElection117: begin an election at term 291 for 9: [s0:0.0.0.0:42154, s1:0.0.0.0:36158, s2:0.0.0.0:36910], old=null
2019-09-24 12:00:36,602 DEBUG impl.RaftServerImpl (RaftServerImpl.java:requestVote(743)) - s0@group-3D81F66BC438: receive requestVote(s2, group-3D81F66BC438, 291, (t:13, i:10))
2019-09-24 12:00:36,602 DEBUG impl.RaftServerImpl (RaftServerImpl.java:requestVote(775)) - s0@group-3D81F66BC438 replies to vote request: s2<-s0#0:FAIL-t291. Peer's state: s0@group-3D81F66BC438:t291, leader=null, voted=s0, raftlog=s0@group-3D81F66BC438-SegmentedRaftLog:OPENED:c11,f12,i12, conf=11: [s0:0.0.0.0:42154, s1:0.0.0.0:36158, s2:0.0.0.0:36910], old=null
2019-09-24 12:00:36,607 INFO  impl.LeaderElection (LeaderElection.java:logAndReturn(56)) - s1@group-3D81F66BC438-LeaderElection121: Election TIMEOUT; received 1 response(s) [s1<-s0#0:FAIL-t290] and 0 exception(s); s1@group-3D81F66BC438:t290, leader=null, voted=s1, raftlog=s1@group-3D81F66BC438-SegmentedRaftLog:OPENED:c10,f11,i11, conf=11: [s0:0.0.0.0:42154, s1:0.0.0.0:36158, s2:0.0.0.0:36910], old=null
2019-09-24 12:00:36,620 INFO  impl.LeaderElection (LeaderElection.java:askForVotes(178)) - s1@group-3D81F66BC438-LeaderElection121: begin an election at term 291 for 11: [s0:0.0.0.0:42154, s1:0.0.0.0:36158, s2:0.0.0.0:36910], old=null
2019-09-24 12:00:36,621 DEBUG impl.RaftServerImpl (RaftServerImpl.java:requestVote(743)) - s0@group-3D81F66BC438: receive requestVote(s1, group-3D81F66BC438, 291, (t:14, i:11))
2019-09-24 12:00:36,621 DEBUG impl.RaftServerImpl (RaftServerImpl.java:requestVote(775)) - s0@group-3D81F66BC438 replies to vote request: s1<-s0#0:FAIL-t291. Peer's state: s0@group-3D81F66BC438:t291, leader=null, voted=s0, raftlog=s0@group-3D81F66BC438-SegmentedRaftLog:OPENED:c11,f12,i12, conf=11: [s0:0.0.0.0:42154, s1:0.0.0.0:36158, s2:0.0.0.0:36910], old=null
2019-09-24 12:00:36,783 INFO  impl.LeaderElection (LeaderElection.java:logAndReturn(56)) - s2@group-3D81F66BC438-LeaderElection117: Election TIMEOUT; received 1 response(s) [s2<-s0#0:FAIL-t291] and 0 exception(s); s2@group-3D81F66BC438:t291, leader=null, voted=s2, raftlog=s2@group-3D81F66BC438-SegmentedRaftLog:OPENED:c10,f10,i10, conf=9: [s0:0.0.0.0:42154, s1:0.0.0.0:36158, s2:0.0.0.0:36910], old=null
2019-09-24 12:00:36,786 INFO  impl.LeaderElection (LeaderElection.java:logAndReturn(56)) - s0@group-3D81F66BC438-LeaderElection120: Election TIMEOUT; received 0 response(s) [] and 0 exception(s); s0@group-3D81F66BC438:t291, leader=null, voted=s0, raftlog=s0@group-3D81F66BC438-SegmentedRaftLog:OPENED:c11,f12,i12, conf=11: [s0:0.0.0.0:42154, s1:0.0.0.0:36158, s2:0.0.0.0:36910], old=null
2019-09-24 12:00:36,802 INFO  impl.LeaderElection (LeaderElection.java:logAndReturn(56)) - s1@group-3D81F66BC438-LeaderElection121: Election TIMEOUT; received 1 response(s) [s1<-s0#0:FAIL-t291] and 0 exception(s); s1@group-3D81F66BC438:t291, leader=null, voted=s1, raftlog=s1@group-3D81F66BC438-SegmentedRaftLog:OPENED:c10,f11,i11, conf=11: [s0:0.0.0.0:42154, s1:0.0.0.0:36158, s2:0.0.0.0:36910], old=null
2019-09-24 12:00:36,808 INFO  impl.LeaderElection (LeaderElection.java:askForVotes(178)) - s0@group-3D81F66BC438-LeaderElection120: begin an election at term 292 for 11: [s0:0.0.0.0:42154, s1:0.0.0.0:36158, s2:0.0.0.0:36910], old=null
2019-09-24 12:00:36,808 INFO  impl.LeaderElection (LeaderElection.java:askForVotes(178)) - s2@group-3D81F66BC438-LeaderElection117: begin an election at term 292 for 9: [s0:0.0.0.0:42154, s1:0.0.0.0:36158, s2:0.0.0.0:36910], old=null
2019-09-24 12:00:36,809 DEBUG impl.RaftServerImpl (RaftServerImpl.java:requestVote(743)) - s0@group-3D81F66BC438: receive requestVote(s2, group-3D81F66BC438, 292, (t:13, i:10))
2019-09-24 12:00:36,809 DEBUG impl.RaftServerImpl (RaftServerImpl.java:requestVote(775)) - s0@group-3D81F66BC438 replies to vote request: s2<-s0#0:FAIL-t292. Peer's state: s0@group-3D81F66BC438:t292, leader=null, voted=s0, raftlog=s0@group-3D81F66BC438-SegmentedRaftLog:OPENED:c11,f12,i12, conf=11: [s0:0.0.0.0:42154, s1:0.0.0.0:36158, s2:0.0.0.0:36910], old=null
2019-09-24 12:00:36,810 INFO  impl.LeaderElection (LeaderElection.java:askForVotes(178)) - s1@group-3D81F66BC438-LeaderElection121: begin an election at term 292 for 11: [s0:0.0.0.0:42154, s1:0.0.0.0:36158, s2:0.0.0.0:36910], old=null
2019-09-24 12:00:36,811 DEBUG impl.RaftServerImpl (RaftServerImpl.java:requestVote(743)) - s0@group-3D81F66BC438: receive requestVote(s1, group-3D81F66BC438, 292, (t:14, i:11))
2019-09-24 12:00:36,811 DEBUG impl.RaftServerImpl (RaftServerImpl.java:requestVote(775)) - s0@group-3D81F66BC438 replies to vote request: s1<-s0#0:FAIL-t292. Peer's state: s0@group-3D81F66BC438:t292, leader=null, voted=s0, raftlog=s0@group-3D81F66BC438-SegmentedRaftLog:OPENED:c11,f12,i12, conf=11: [s0:0.0.0.0:42154, s1:0.0.0.0:36158, s2:0.0.0.0:36910], old=null
2019-09-24 12:00:36,974 INFO  impl.LeaderElection (LeaderElection.java:logAndReturn(56)) - s1@group-3D81F66BC438-LeaderElection121: Election TIMEOUT; received 1 response(s) [s1<-s0#0:FAIL-t292] and 0 exception(s); s1@group-3D81F66BC438:t292, leader=null, voted=s1, raftlog=s1@group-3D81F66BC438-SegmentedRaftLog:OPENED:c10,f11,i11, conf=11: [s0:0.0.0.0:42154, s1:0.0.0.0:36158, s2:0.0.0.0:36910], old=null
2019-09-24 12:00:36,978 WARN  ratis.RaftTestUtil (JavaUtils.java:attempt(158)) - FAILED "waitForLeader-null-(expectLeader? true)", attempt #46/100: java.lang.IllegalStateException: No leader yet : printing ALL groups
  s0:  RUNNING CANDIDATE s0@group-3D81F66BC438:t292, leader=null, voted=s0, raftlog=s0@group-3D81F66BC438-SegmentedRaftLog:OPENED:c11,f12,i12, conf=11: [s0:0.0.0.0:42154, s1:0.0.0.0:36158, s2:0.0.0.0:36910], old=null RUNNING
  s1:  RUNNING CANDIDATE s1@group-3D81F66BC438:t293, leader=null, voted=s1, raftlog=s1@group-3D81F66BC438-SegmentedRaftLog:OPENED:c10,f11,i11, conf=11: [s0:0.0.0.0:42154, s1:0.0.0.0:36158, s2:0.0.0.0:36910], old=null RUNNING
  s2:  RUNNING CANDIDATE s2@group-3D81F66BC438:t292, leader=null, voted=s2, raftlog=s2@group-3D81F66BC438-SegmentedRaftLog:OPENED:c10,f10,i10, conf=9: [s0:0.0.0.0:42154, s1:0.0.0.0:36158, s2:0.0.0.0:36910], old=null RUNNING, sleep 450ms and then retry.
java.lang.IllegalStateException: No leader yet : printing ALL groups
  s0:  RUNNING CANDIDATE s0@group-3D81F66BC438:t292, leader=null, voted=s0, raftlog=s0@group-3D81F66BC438-SegmentedRaftLog:OPENED:c11,f12,i12, conf=11: [s0:0.0.0.0:42154, s1:0.0.0.0:36158, s2:0.0.0.0:36910], old=null RUNNING
  s1:  RUNNING CANDIDATE s1@group-3D81F66BC438:t293, leader=null, voted=s1, raftlog=s1@group-3D81F66BC438-SegmentedRaftLog:OPENED:c10,f11,i11, conf=11: [s0:0.0.0.0:42154, s1:0.0.0.0:36158, s2:0.0.0.0:36910], old=null RUNNING
  s2:  RUNNING CANDIDATE s2@group-3D81F66BC438:t292, leader=null, voted=s2, raftlog=s2@group-3D81F66BC438-SegmentedRaftLog:OPENED:c10,f10,i10, conf=9: [s0:0.0.0.0:42154, s1:0.0.0.0:36158, s2:0.0.0.0:36910], old=null RUNNING
	at org.apache.ratis.MiniRaftCluster.newIllegalStateExceptionForNoLeaders(MiniRaftCluster.java:506)
	at org.apache.ratis.RaftTestUtil.lambda$waitForLeader$1(RaftTestUtil.java:90)
	at org.apache.ratis.MiniRaftCluster.getLeader(MiniRaftCluster.java:539)
	at org.apache.ratis.MiniRaftCluster.getLeader(MiniRaftCluster.java:532)
	at org.apache.ratis.RaftTestUtil.lambda$waitForLeader$3(RaftTestUtil.java:98)
	at org.apache.ratis.util.JavaUtils.attempt(JavaUtils.java:152)
	at org.apache.ratis.RaftTestUtil.waitForLeader(RaftTestUtil.java:97)
	at org.apache.ratis.RaftTestUtil.waitForLeader(RaftTestUtil.java:77)
	at org.apache.ratis.RaftTestUtil.waitForLeader(RaftTestUtil.java:72)
	at org.apache.ratis.RaftTestUtil.lambda$changeLeader$7(RaftTestUtil.java:363)
	at org.apache.ratis.util.JavaUtils.attempt(JavaUtils.java:152)
	at org.apache.ratis.RaftTestUtil.changeLeader(RaftTestUtil.java:362)
	at org.apache.ratis.server.impl.LeaderElectionTests.testChangeLeader(LeaderElectionTests.java:81)
	at sun.reflect.NativeMethodAccessorImpl.invoke0(Native Method)
	at sun.reflect.NativeMethodAccessorImpl.invoke(NativeMethodAccessorImpl.java:62)
	at sun.reflect.DelegatingMethodAccessorImpl.invoke(DelegatingMethodAccessorImpl.java:43)
	at java.lang.reflect.Method.invoke(Method.java:498)
	at org.junit.runners.model.FrameworkMethod$1.runReflectiveCall(FrameworkMethod.java:50)
	at org.junit.internal.runners.model.ReflectiveCallable.run(ReflectiveCallable.java:12)
	at org.junit.runners.model.FrameworkMethod.invokeExplosively(FrameworkMethod.java:47)
	at org.junit.internal.runners.statements.InvokeMethod.evaluate(InvokeMethod.java:17)
	at org.junit.internal.runners.statements.RunAfters.evaluate(RunAfters.java:27)
	at org.junit.internal.runners.statements.FailOnTimeout$CallableStatement.call(FailOnTimeout.java:298)
	at org.junit.internal.runners.statements.FailOnTimeout$CallableStatement.call(FailOnTimeout.java:292)
	at java.util.concurrent.FutureTask.run(FutureTask.java:266)
	at java.lang.Thread.run(Thread.java:748)
2019-09-24 12:00:36,991 INFO  impl.LeaderElection (LeaderElection.java:logAndReturn(56)) - s0@group-3D81F66BC438-LeaderElection120: Election TIMEOUT; received 0 response(s) [] and 0 exception(s); s0@group-3D81F66BC438:t292, leader=null, voted=s0, raftlog=s0@group-3D81F66BC438-SegmentedRaftLog:OPENED:c11,f12,i12, conf=11: [s0:0.0.0.0:42154, s1:0.0.0.0:36158, s2:0.0.0.0:36910], old=null
2019-09-24 12:00:37,000 INFO  impl.LeaderElection (LeaderElection.java:askForVotes(178)) - s1@group-3D81F66BC438-LeaderElection121: begin an election at term 293 for 11: [s0:0.0.0.0:42154, s1:0.0.0.0:36158, s2:0.0.0.0:36910], old=null
2019-09-24 12:00:37,000 DEBUG impl.RaftServerImpl (RaftServerImpl.java:requestVote(743)) - s0@group-3D81F66BC438: receive requestVote(s1, group-3D81F66BC438, 293, (t:14, i:11))
2019-09-24 12:00:37,002 INFO  impl.LeaderElection (LeaderElection.java:askForVotes(178)) - s0@group-3D81F66BC438-LeaderElection120: begin an election at term 293 for 11: [s0:0.0.0.0:42154, s1:0.0.0.0:36158, s2:0.0.0.0:36910], old=null
2019-09-24 12:00:37,002 DEBUG impl.RaftServerImpl (RaftServerImpl.java:requestVote(775)) - s0@group-3D81F66BC438 replies to vote request: s1<-s0#0:FAIL-t293. Peer's state: s0@group-3D81F66BC438:t293, leader=null, voted=s0, raftlog=s0@group-3D81F66BC438-SegmentedRaftLog:OPENED:c11,f12,i12, conf=11: [s0:0.0.0.0:42154, s1:0.0.0.0:36158, s2:0.0.0.0:36910], old=null
2019-09-24 12:00:37,040 INFO  impl.LeaderElection (LeaderElection.java:logAndReturn(56)) - s2@group-3D81F66BC438-LeaderElection117: Election TIMEOUT; received 1 response(s) [s2<-s0#0:FAIL-t292] and 0 exception(s); s2@group-3D81F66BC438:t292, leader=null, voted=s2, raftlog=s2@group-3D81F66BC438-SegmentedRaftLog:OPENED:c10,f10,i10, conf=9: [s0:0.0.0.0:42154, s1:0.0.0.0:36158, s2:0.0.0.0:36910], old=null
2019-09-24 12:00:37,053 INFO  impl.LeaderElection (LeaderElection.java:askForVotes(178)) - s2@group-3D81F66BC438-LeaderElection117: begin an election at term 293 for 9: [s0:0.0.0.0:42154, s1:0.0.0.0:36158, s2:0.0.0.0:36910], old=null
2019-09-24 12:00:37,053 DEBUG impl.RaftServerImpl (RaftServerImpl.java:requestVote(743)) - s0@group-3D81F66BC438: receive requestVote(s2, group-3D81F66BC438, 293, (t:13, i:10))
2019-09-24 12:00:37,053 DEBUG impl.RaftServerImpl (RaftServerImpl.java:requestVote(775)) - s0@group-3D81F66BC438 replies to vote request: s2<-s0#0:FAIL-t293. Peer's state: s0@group-3D81F66BC438:t293, leader=null, voted=s0, raftlog=s0@group-3D81F66BC438-SegmentedRaftLog:OPENED:c11,f12,i12, conf=11: [s0:0.0.0.0:42154, s1:0.0.0.0:36158, s2:0.0.0.0:36910], old=null
2019-09-24 12:00:37,188 INFO  impl.LeaderElection (LeaderElection.java:logAndReturn(56)) - s0@group-3D81F66BC438-LeaderElection120: Election TIMEOUT; received 0 response(s) [] and 0 exception(s); s0@group-3D81F66BC438:t293, leader=null, voted=s0, raftlog=s0@group-3D81F66BC438-SegmentedRaftLog:OPENED:c11,f12,i12, conf=11: [s0:0.0.0.0:42154, s1:0.0.0.0:36158, s2:0.0.0.0:36910], old=null
2019-09-24 12:00:37,204 INFO  impl.LeaderElection (LeaderElection.java:askForVotes(178)) - s0@group-3D81F66BC438-LeaderElection120: begin an election at term 294 for 11: [s0:0.0.0.0:42154, s1:0.0.0.0:36158, s2:0.0.0.0:36910], old=null
2019-09-24 12:00:37,253 INFO  impl.LeaderElection (LeaderElection.java:logAndReturn(56)) - s1@group-3D81F66BC438-LeaderElection121: Election TIMEOUT; received 1 response(s) [s1<-s0#0:FAIL-t293] and 0 exception(s); s1@group-3D81F66BC438:t293, leader=null, voted=s1, raftlog=s1@group-3D81F66BC438-SegmentedRaftLog:OPENED:c10,f11,i11, conf=11: [s0:0.0.0.0:42154, s1:0.0.0.0:36158, s2:0.0.0.0:36910], old=null
2019-09-24 12:00:37,268 INFO  impl.LeaderElection (LeaderElection.java:askForVotes(178)) - s1@group-3D81F66BC438-LeaderElection121: begin an election at term 294 for 11: [s0:0.0.0.0:42154, s1:0.0.0.0:36158, s2:0.0.0.0:36910], old=null
2019-09-24 12:00:37,269 DEBUG impl.RaftServerImpl (RaftServerImpl.java:requestVote(743)) - s0@group-3D81F66BC438: receive requestVote(s1, group-3D81F66BC438, 294, (t:14, i:11))
2019-09-24 12:00:37,269 DEBUG impl.RaftServerImpl (RaftServerImpl.java:requestVote(775)) - s0@group-3D81F66BC438 replies to vote request: s1<-s0#0:FAIL-t294. Peer's state: s0@group-3D81F66BC438:t294, leader=null, voted=s0, raftlog=s0@group-3D81F66BC438-SegmentedRaftLog:OPENED:c11,f12,i12, conf=11: [s0:0.0.0.0:42154, s1:0.0.0.0:36158, s2:0.0.0.0:36910], old=null
2019-09-24 12:00:37,344 INFO  impl.LeaderElection (LeaderElection.java:logAndReturn(56)) - s2@group-3D81F66BC438-LeaderElection117: Election TIMEOUT; received 1 response(s) [s2<-s0#0:FAIL-t293] and 0 exception(s); s2@group-3D81F66BC438:t293, leader=null, voted=s2, raftlog=s2@group-3D81F66BC438-SegmentedRaftLog:OPENED:c10,f10,i10, conf=9: [s0:0.0.0.0:42154, s1:0.0.0.0:36158, s2:0.0.0.0:36910], old=null
2019-09-24 12:00:37,369 INFO  impl.LeaderElection (LeaderElection.java:askForVotes(178)) - s2@group-3D81F66BC438-LeaderElection117: begin an election at term 294 for 9: [s0:0.0.0.0:42154, s1:0.0.0.0:36158, s2:0.0.0.0:36910], old=null
2019-09-24 12:00:37,370 DEBUG impl.RaftServerImpl (RaftServerImpl.java:requestVote(743)) - s0@group-3D81F66BC438: receive requestVote(s2, group-3D81F66BC438, 294, (t:13, i:10))
2019-09-24 12:00:37,370 DEBUG impl.RaftServerImpl (RaftServerImpl.java:requestVote(775)) - s0@group-3D81F66BC438 replies to vote request: s2<-s0#0:FAIL-t294. Peer's state: s0@group-3D81F66BC438:t294, leader=null, voted=s0, raftlog=s0@group-3D81F66BC438-SegmentedRaftLog:OPENED:c11,f12,i12, conf=11: [s0:0.0.0.0:42154, s1:0.0.0.0:36158, s2:0.0.0.0:36910], old=null
2019-09-24 12:00:37,429 WARN  ratis.RaftTestUtil (JavaUtils.java:attempt(158)) - FAILED "waitForLeader-null-(expectLeader? true)", attempt #47/100: java.lang.IllegalStateException: No leader yet : printing ALL groups
  s0:  RUNNING CANDIDATE s0@group-3D81F66BC438:t294, leader=null, voted=s0, raftlog=s0@group-3D81F66BC438-SegmentedRaftLog:OPENED:c11,f12,i12, conf=11: [s0:0.0.0.0:42154, s1:0.0.0.0:36158, s2:0.0.0.0:36910], old=null RUNNING
  s1:  RUNNING CANDIDATE s1@group-3D81F66BC438:t294, leader=null, voted=s1, raftlog=s1@group-3D81F66BC438-SegmentedRaftLog:OPENED:c10,f11,i11, conf=11: [s0:0.0.0.0:42154, s1:0.0.0.0:36158, s2:0.0.0.0:36910], old=null RUNNING
  s2:  RUNNING CANDIDATE s2@group-3D81F66BC438:t294, leader=null, voted=s2, raftlog=s2@group-3D81F66BC438-SegmentedRaftLog:OPENED:c10,f10,i10, conf=9: [s0:0.0.0.0:42154, s1:0.0.0.0:36158, s2:0.0.0.0:36910], old=null RUNNING, sleep 450ms and then retry.
java.lang.IllegalStateException: No leader yet : printing ALL groups
  s0:  RUNNING CANDIDATE s0@group-3D81F66BC438:t294, leader=null, voted=s0, raftlog=s0@group-3D81F66BC438-SegmentedRaftLog:OPENED:c11,f12,i12, conf=11: [s0:0.0.0.0:42154, s1:0.0.0.0:36158, s2:0.0.0.0:36910], old=null RUNNING
  s1:  RUNNING CANDIDATE s1@group-3D81F66BC438:t294, leader=null, voted=s1, raftlog=s1@group-3D81F66BC438-SegmentedRaftLog:OPENED:c10,f11,i11, conf=11: [s0:0.0.0.0:42154, s1:0.0.0.0:36158, s2:0.0.0.0:36910], old=null RUNNING
  s2:  RUNNING CANDIDATE s2@group-3D81F66BC438:t294, leader=null, voted=s2, raftlog=s2@group-3D81F66BC438-SegmentedRaftLog:OPENED:c10,f10,i10, conf=9: [s0:0.0.0.0:42154, s1:0.0.0.0:36158, s2:0.0.0.0:36910], old=null RUNNING
	at org.apache.ratis.MiniRaftCluster.newIllegalStateExceptionForNoLeaders(MiniRaftCluster.java:506)
	at org.apache.ratis.RaftTestUtil.lambda$waitForLeader$1(RaftTestUtil.java:90)
	at org.apache.ratis.MiniRaftCluster.getLeader(MiniRaftCluster.java:539)
	at org.apache.ratis.MiniRaftCluster.getLeader(MiniRaftCluster.java:532)
	at org.apache.ratis.RaftTestUtil.lambda$waitForLeader$3(RaftTestUtil.java:98)
	at org.apache.ratis.util.JavaUtils.attempt(JavaUtils.java:152)
	at org.apache.ratis.RaftTestUtil.waitForLeader(RaftTestUtil.java:97)
	at org.apache.ratis.RaftTestUtil.waitForLeader(RaftTestUtil.java:77)
	at org.apache.ratis.RaftTestUtil.waitForLeader(RaftTestUtil.java:72)
	at org.apache.ratis.RaftTestUtil.lambda$changeLeader$7(RaftTestUtil.java:363)
	at org.apache.ratis.util.JavaUtils.attempt(JavaUtils.java:152)
	at org.apache.ratis.RaftTestUtil.changeLeader(RaftTestUtil.java:362)
	at org.apache.ratis.server.impl.LeaderElectionTests.testChangeLeader(LeaderElectionTests.java:81)
	at sun.reflect.NativeMethodAccessorImpl.invoke0(Native Method)
	at sun.reflect.NativeMethodAccessorImpl.invoke(NativeMethodAccessorImpl.java:62)
	at sun.reflect.DelegatingMethodAccessorImpl.invoke(DelegatingMethodAccessorImpl.java:43)
	at java.lang.reflect.Method.invoke(Method.java:498)
	at org.junit.runners.model.FrameworkMethod$1.runReflectiveCall(FrameworkMethod.java:50)
	at org.junit.internal.runners.model.ReflectiveCallable.run(ReflectiveCallable.java:12)
	at org.junit.runners.model.FrameworkMethod.invokeExplosively(FrameworkMethod.java:47)
	at org.junit.internal.runners.statements.InvokeMethod.evaluate(InvokeMethod.java:17)
	at org.junit.internal.runners.statements.RunAfters.evaluate(RunAfters.java:27)
	at org.junit.internal.runners.statements.FailOnTimeout$CallableStatement.call(FailOnTimeout.java:298)
	at org.junit.internal.runners.statements.FailOnTimeout$CallableStatement.call(FailOnTimeout.java:292)
	at java.util.concurrent.FutureTask.run(FutureTask.java:266)
	at java.lang.Thread.run(Thread.java:748)
2019-09-24 12:00:37,503 INFO  impl.LeaderElection (LeaderElection.java:logAndReturn(56)) - s0@group-3D81F66BC438-LeaderElection120: Election TIMEOUT; received 0 response(s) [] and 0 exception(s); s0@group-3D81F66BC438:t294, leader=null, voted=s0, raftlog=s0@group-3D81F66BC438-SegmentedRaftLog:OPENED:c11,f12,i12, conf=11: [s0:0.0.0.0:42154, s1:0.0.0.0:36158, s2:0.0.0.0:36910], old=null
2019-09-24 12:00:37,509 INFO  impl.LeaderElection (LeaderElection.java:logAndReturn(56)) - s1@group-3D81F66BC438-LeaderElection121: Election TIMEOUT; received 1 response(s) [s1<-s0#0:FAIL-t294] and 0 exception(s); s1@group-3D81F66BC438:t294, leader=null, voted=s1, raftlog=s1@group-3D81F66BC438-SegmentedRaftLog:OPENED:c10,f11,i11, conf=11: [s0:0.0.0.0:42154, s1:0.0.0.0:36158, s2:0.0.0.0:36910], old=null
2019-09-24 12:00:37,519 INFO  impl.LeaderElection (LeaderElection.java:askForVotes(178)) - s0@group-3D81F66BC438-LeaderElection120: begin an election at term 295 for 11: [s0:0.0.0.0:42154, s1:0.0.0.0:36158, s2:0.0.0.0:36910], old=null
2019-09-24 12:00:37,519 INFO  impl.LeaderElection (LeaderElection.java:askForVotes(178)) - s1@group-3D81F66BC438-LeaderElection121: begin an election at term 295 for 11: [s0:0.0.0.0:42154, s1:0.0.0.0:36158, s2:0.0.0.0:36910], old=null
2019-09-24 12:00:37,519 DEBUG impl.RaftServerImpl (RaftServerImpl.java:requestVote(743)) - s0@group-3D81F66BC438: receive requestVote(s1, group-3D81F66BC438, 295, (t:14, i:11))
2019-09-24 12:00:37,520 DEBUG impl.RaftServerImpl (RaftServerImpl.java:requestVote(775)) - s0@group-3D81F66BC438 replies to vote request: s1<-s0#0:FAIL-t295. Peer's state: s0@group-3D81F66BC438:t295, leader=null, voted=s0, raftlog=s0@group-3D81F66BC438-SegmentedRaftLog:OPENED:c11,f12,i12, conf=11: [s0:0.0.0.0:42154, s1:0.0.0.0:36158, s2:0.0.0.0:36910], old=null
2019-09-24 12:00:37,624 INFO  impl.LeaderElection (LeaderElection.java:logAndReturn(56)) - s2@group-3D81F66BC438-LeaderElection117: Election TIMEOUT; received 1 response(s) [s2<-s0#0:FAIL-t294] and 0 exception(s); s2@group-3D81F66BC438:t294, leader=null, voted=s2, raftlog=s2@group-3D81F66BC438-SegmentedRaftLog:OPENED:c10,f10,i10, conf=9: [s0:0.0.0.0:42154, s1:0.0.0.0:36158, s2:0.0.0.0:36910], old=null
2019-09-24 12:00:37,649 INFO  impl.LeaderElection (LeaderElection.java:askForVotes(178)) - s2@group-3D81F66BC438-LeaderElection117: begin an election at term 295 for 9: [s0:0.0.0.0:42154, s1:0.0.0.0:36158, s2:0.0.0.0:36910], old=null
2019-09-24 12:00:37,650 DEBUG impl.RaftServerImpl (RaftServerImpl.java:requestVote(743)) - s0@group-3D81F66BC438: receive requestVote(s2, group-3D81F66BC438, 295, (t:13, i:10))
2019-09-24 12:00:37,650 DEBUG impl.RaftServerImpl (RaftServerImpl.java:requestVote(775)) - s0@group-3D81F66BC438 replies to vote request: s2<-s0#0:FAIL-t295. Peer's state: s0@group-3D81F66BC438:t295, leader=null, voted=s0, raftlog=s0@group-3D81F66BC438-SegmentedRaftLog:OPENED:c11,f12,i12, conf=11: [s0:0.0.0.0:42154, s1:0.0.0.0:36158, s2:0.0.0.0:36910], old=null
2019-09-24 12:00:37,688 INFO  impl.LeaderElection (LeaderElection.java:logAndReturn(56)) - s1@group-3D81F66BC438-LeaderElection121: Election TIMEOUT; received 1 response(s) [s1<-s0#0:FAIL-t295] and 0 exception(s); s1@group-3D81F66BC438:t295, leader=null, voted=s1, raftlog=s1@group-3D81F66BC438-SegmentedRaftLog:OPENED:c10,f11,i11, conf=11: [s0:0.0.0.0:42154, s1:0.0.0.0:36158, s2:0.0.0.0:36910], old=null
2019-09-24 12:00:37,702 INFO  impl.LeaderElection (LeaderElection.java:logAndReturn(56)) - s0@group-3D81F66BC438-LeaderElection120: Election TIMEOUT; received 0 response(s) [] and 0 exception(s); s0@group-3D81F66BC438:t295, leader=null, voted=s0, raftlog=s0@group-3D81F66BC438-SegmentedRaftLog:OPENED:c11,f12,i12, conf=11: [s0:0.0.0.0:42154, s1:0.0.0.0:36158, s2:0.0.0.0:36910], old=null
2019-09-24 12:00:37,703 INFO  impl.LeaderElection (LeaderElection.java:askForVotes(178)) - s1@group-3D81F66BC438-LeaderElection121: begin an election at term 296 for 11: [s0:0.0.0.0:42154, s1:0.0.0.0:36158, s2:0.0.0.0:36910], old=null
2019-09-24 12:00:37,703 DEBUG impl.RaftServerImpl (RaftServerImpl.java:requestVote(743)) - s0@group-3D81F66BC438: receive requestVote(s1, group-3D81F66BC438, 296, (t:14, i:11))
2019-09-24 12:00:37,715 INFO  impl.LeaderElection (LeaderElection.java:askForVotes(178)) - s0@group-3D81F66BC438-LeaderElection120: begin an election at term 296 for 11: [s0:0.0.0.0:42154, s1:0.0.0.0:36158, s2:0.0.0.0:36910], old=null
2019-09-24 12:00:37,715 DEBUG impl.RaftServerImpl (RaftServerImpl.java:requestVote(775)) - s0@group-3D81F66BC438 replies to vote request: s1<-s0#0:FAIL-t296. Peer's state: s0@group-3D81F66BC438:t296, leader=null, voted=s0, raftlog=s0@group-3D81F66BC438-SegmentedRaftLog:OPENED:c11,f12,i12, conf=11: [s0:0.0.0.0:42154, s1:0.0.0.0:36158, s2:0.0.0.0:36910], old=null
2019-09-24 12:00:37,880 WARN  ratis.RaftTestUtil (JavaUtils.java:attempt(158)) - FAILED "waitForLeader-null-(expectLeader? true)", attempt #48/100: java.lang.IllegalStateException: No leader yet : printing ALL groups
  s0:  RUNNING CANDIDATE s0@group-3D81F66BC438:t296, leader=null, voted=s0, raftlog=s0@group-3D81F66BC438-SegmentedRaftLog:OPENED:c11,f12,i12, conf=11: [s0:0.0.0.0:42154, s1:0.0.0.0:36158, s2:0.0.0.0:36910], old=null RUNNING
  s1:  RUNNING CANDIDATE s1@group-3D81F66BC438:t296, leader=null, voted=s1, raftlog=s1@group-3D81F66BC438-SegmentedRaftLog:OPENED:c10,f11,i11, conf=11: [s0:0.0.0.0:42154, s1:0.0.0.0:36158, s2:0.0.0.0:36910], old=null RUNNING
  s2:  RUNNING CANDIDATE s2@group-3D81F66BC438:t295, leader=null, voted=s2, raftlog=s2@group-3D81F66BC438-SegmentedRaftLog:OPENED:c10,f10,i10, conf=9: [s0:0.0.0.0:42154, s1:0.0.0.0:36158, s2:0.0.0.0:36910], old=null RUNNING, sleep 450ms and then retry.
java.lang.IllegalStateException: No leader yet : printing ALL groups
  s0:  RUNNING CANDIDATE s0@group-3D81F66BC438:t296, leader=null, voted=s0, raftlog=s0@group-3D81F66BC438-SegmentedRaftLog:OPENED:c11,f12,i12, conf=11: [s0:0.0.0.0:42154, s1:0.0.0.0:36158, s2:0.0.0.0:36910], old=null RUNNING
  s1:  RUNNING CANDIDATE s1@group-3D81F66BC438:t296, leader=null, voted=s1, raftlog=s1@group-3D81F66BC438-SegmentedRaftLog:OPENED:c10,f11,i11, conf=11: [s0:0.0.0.0:42154, s1:0.0.0.0:36158, s2:0.0.0.0:36910], old=null RUNNING
  s2:  RUNNING CANDIDATE s2@group-3D81F66BC438:t295, leader=null, voted=s2, raftlog=s2@group-3D81F66BC438-SegmentedRaftLog:OPENED:c10,f10,i10, conf=9: [s0:0.0.0.0:42154, s1:0.0.0.0:36158, s2:0.0.0.0:36910], old=null RUNNING
	at org.apache.ratis.MiniRaftCluster.newIllegalStateExceptionForNoLeaders(MiniRaftCluster.java:506)
	at org.apache.ratis.RaftTestUtil.lambda$waitForLeader$1(RaftTestUtil.java:90)
	at org.apache.ratis.MiniRaftCluster.getLeader(MiniRaftCluster.java:539)
	at org.apache.ratis.MiniRaftCluster.getLeader(MiniRaftCluster.java:532)
	at org.apache.ratis.RaftTestUtil.lambda$waitForLeader$3(RaftTestUtil.java:98)
	at org.apache.ratis.util.JavaUtils.attempt(JavaUtils.java:152)
	at org.apache.ratis.RaftTestUtil.waitForLeader(RaftTestUtil.java:97)
	at org.apache.ratis.RaftTestUtil.waitForLeader(RaftTestUtil.java:77)
	at org.apache.ratis.RaftTestUtil.waitForLeader(RaftTestUtil.java:72)
	at org.apache.ratis.RaftTestUtil.lambda$changeLeader$7(RaftTestUtil.java:363)
	at org.apache.ratis.util.JavaUtils.attempt(JavaUtils.java:152)
	at org.apache.ratis.RaftTestUtil.changeLeader(RaftTestUtil.java:362)
	at org.apache.ratis.server.impl.LeaderElectionTests.testChangeLeader(LeaderElectionTests.java:81)
	at sun.reflect.NativeMethodAccessorImpl.invoke0(Native Method)
	at sun.reflect.NativeMethodAccessorImpl.invoke(NativeMethodAccessorImpl.java:62)
	at sun.reflect.DelegatingMethodAccessorImpl.invoke(DelegatingMethodAccessorImpl.java:43)
	at java.lang.reflect.Method.invoke(Method.java:498)
	at org.junit.runners.model.FrameworkMethod$1.runReflectiveCall(FrameworkMethod.java:50)
	at org.junit.internal.runners.model.ReflectiveCallable.run(ReflectiveCallable.java:12)
	at org.junit.runners.model.FrameworkMethod.invokeExplosively(FrameworkMethod.java:47)
	at org.junit.internal.runners.statements.InvokeMethod.evaluate(InvokeMethod.java:17)
	at org.junit.internal.runners.statements.RunAfters.evaluate(RunAfters.java:27)
	at org.junit.internal.runners.statements.FailOnTimeout$CallableStatement.call(FailOnTimeout.java:298)
	at org.junit.internal.runners.statements.FailOnTimeout$CallableStatement.call(FailOnTimeout.java:292)
	at java.util.concurrent.FutureTask.run(FutureTask.java:266)
	at java.lang.Thread.run(Thread.java:748)
2019-09-24 12:00:37,882 INFO  impl.LeaderElection (LeaderElection.java:logAndReturn(56)) - s2@group-3D81F66BC438-LeaderElection117: Election TIMEOUT; received 1 response(s) [s2<-s0#0:FAIL-t295] and 0 exception(s); s2@group-3D81F66BC438:t295, leader=null, voted=s2, raftlog=s2@group-3D81F66BC438-SegmentedRaftLog:OPENED:c10,f10,i10, conf=9: [s0:0.0.0.0:42154, s1:0.0.0.0:36158, s2:0.0.0.0:36910], old=null
2019-09-24 12:00:37,895 INFO  impl.LeaderElection (LeaderElection.java:askForVotes(178)) - s2@group-3D81F66BC438-LeaderElection117: begin an election at term 296 for 9: [s0:0.0.0.0:42154, s1:0.0.0.0:36158, s2:0.0.0.0:36910], old=null
2019-09-24 12:00:37,895 DEBUG impl.RaftServerImpl (RaftServerImpl.java:requestVote(743)) - s0@group-3D81F66BC438: receive requestVote(s2, group-3D81F66BC438, 296, (t:13, i:10))
2019-09-24 12:00:37,895 DEBUG impl.RaftServerImpl (RaftServerImpl.java:requestVote(775)) - s0@group-3D81F66BC438 replies to vote request: s2<-s0#0:FAIL-t296. Peer's state: s0@group-3D81F66BC438:t296, leader=null, voted=s0, raftlog=s0@group-3D81F66BC438-SegmentedRaftLog:OPENED:c11,f12,i12, conf=11: [s0:0.0.0.0:42154, s1:0.0.0.0:36158, s2:0.0.0.0:36910], old=null
2019-09-24 12:00:37,934 INFO  impl.LeaderElection (LeaderElection.java:logAndReturn(56)) - s1@group-3D81F66BC438-LeaderElection121: Election TIMEOUT; received 1 response(s) [s1<-s0#0:FAIL-t296] and 0 exception(s); s1@group-3D81F66BC438:t296, leader=null, voted=s1, raftlog=s1@group-3D81F66BC438-SegmentedRaftLog:OPENED:c10,f11,i11, conf=11: [s0:0.0.0.0:42154, s1:0.0.0.0:36158, s2:0.0.0.0:36910], old=null
2019-09-24 12:00:37,958 INFO  impl.LeaderElection (LeaderElection.java:askForVotes(178)) - s1@group-3D81F66BC438-LeaderElection121: begin an election at term 297 for 11: [s0:0.0.0.0:42154, s1:0.0.0.0:36158, s2:0.0.0.0:36910], old=null
2019-09-24 12:00:37,959 DEBUG impl.RaftServerImpl (RaftServerImpl.java:requestVote(743)) - s0@group-3D81F66BC438: receive requestVote(s1, group-3D81F66BC438, 297, (t:14, i:11))
2019-09-24 12:00:37,959 INFO  impl.RaftServerImpl (RaftServerImpl.java:setRole(170)) - s0@group-3D81F66BC438: changes role from CANDIDATE to FOLLOWER at term 297 for recognizeCandidate:s1
2019-09-24 12:00:37,959 INFO  impl.RoleInfo (RoleInfo.java:shutdownLeaderElection(134)) - s0: shutdown LeaderElection
2019-09-24 12:00:37,959 INFO  impl.RoleInfo (RoleInfo.java:updateAndGet(143)) - s0: start FollowerState
2019-09-24 12:00:37,974 DEBUG impl.RaftServerImpl (RaftServerImpl.java:requestVote(775)) - s0@group-3D81F66BC438 replies to vote request: s1<-s0#0:FAIL-t297. Peer's state: s0@group-3D81F66BC438:t297, leader=null, voted=null, raftlog=s0@group-3D81F66BC438-SegmentedRaftLog:OPENED:c11,f12,i12, conf=11: [s0:0.0.0.0:42154, s1:0.0.0.0:36158, s2:0.0.0.0:36910], old=null
2019-09-24 12:00:37,988 INFO  impl.LeaderElection (LeaderElection.java:logAndReturn(56)) - s0@group-3D81F66BC438-LeaderElection120: Election REJECTED; received 0 response(s) [] and 0 exception(s); s0@group-3D81F66BC438:t297, leader=null, voted=null, raftlog=s0@group-3D81F66BC438-SegmentedRaftLog:OPENED:c11,f12,i12, conf=11: [s0:0.0.0.0:42154, s1:0.0.0.0:36158, s2:0.0.0.0:36910], old=null
2019-09-24 12:00:38,191 INFO  impl.LeaderElection (LeaderElection.java:logAndReturn(56)) - s2@group-3D81F66BC438-LeaderElection117: Election TIMEOUT; received 1 response(s) [s2<-s0#0:FAIL-t296] and 0 exception(s); s2@group-3D81F66BC438:t296, leader=null, voted=s2, raftlog=s2@group-3D81F66BC438-SegmentedRaftLog:OPENED:c10,f10,i10, conf=9: [s0:0.0.0.0:42154, s1:0.0.0.0:36158, s2:0.0.0.0:36910], old=null
2019-09-24 12:00:38,217 INFO  impl.LeaderElection (LeaderElection.java:askForVotes(178)) - s2@group-3D81F66BC438-LeaderElection117: begin an election at term 297 for 9: [s0:0.0.0.0:42154, s1:0.0.0.0:36158, s2:0.0.0.0:36910], old=null
2019-09-24 12:00:38,218 DEBUG impl.RaftServerImpl (RaftServerImpl.java:requestVote(743)) - s0@group-3D81F66BC438: receive requestVote(s2, group-3D81F66BC438, 297, (t:13, i:10))
2019-09-24 12:00:38,218 INFO  impl.RaftServerImpl (RaftServerImpl.java:setRole(170)) - s0@group-3D81F66BC438: changes role from  FOLLOWER to FOLLOWER at term 297 for recognizeCandidate:s2
2019-09-24 12:00:38,218 INFO  impl.RoleInfo (RoleInfo.java:shutdownFollowerState(121)) - s0: shutdown FollowerState
2019-09-24 12:00:38,218 INFO  impl.RoleInfo (RoleInfo.java:updateAndGet(143)) - s0: start FollowerState
2019-09-24 12:00:38,218 INFO  impl.FollowerState (FollowerState.java:run(117)) - s0@group-3D81F66BC438-FollowerState was interrupted: java.lang.InterruptedException: sleep interrupted
2019-09-24 12:00:38,218 DEBUG impl.RaftServerImpl (RaftServerImpl.java:requestVote(775)) - s0@group-3D81F66BC438 replies to vote request: s2<-s0#0:FAIL-t297. Peer's state: s0@group-3D81F66BC438:t297, leader=null, voted=null, raftlog=s0@group-3D81F66BC438-SegmentedRaftLog:OPENED:c11,f12,i12, conf=11: [s0:0.0.0.0:42154, s1:0.0.0.0:36158, s2:0.0.0.0:36910], old=null
2019-09-24 12:00:38,240 INFO  impl.LeaderElection (LeaderElection.java:logAndReturn(56)) - s1@group-3D81F66BC438-LeaderElection121: Election TIMEOUT; received 1 response(s) [s1<-s0#0:FAIL-t297] and 0 exception(s); s1@group-3D81F66BC438:t297, leader=null, voted=s1, raftlog=s1@group-3D81F66BC438-SegmentedRaftLog:OPENED:c10,f11,i11, conf=11: [s0:0.0.0.0:42154, s1:0.0.0.0:36158, s2:0.0.0.0:36910], old=null
2019-09-24 12:00:38,264 INFO  impl.LeaderElection (LeaderElection.java:askForVotes(178)) - s1@group-3D81F66BC438-LeaderElection121: begin an election at term 298 for 11: [s0:0.0.0.0:42154, s1:0.0.0.0:36158, s2:0.0.0.0:36910], old=null
2019-09-24 12:00:38,264 DEBUG impl.RaftServerImpl (RaftServerImpl.java:requestVote(743)) - s0@group-3D81F66BC438: receive requestVote(s1, group-3D81F66BC438, 298, (t:14, i:11))
2019-09-24 12:00:38,264 INFO  impl.RaftServerImpl (RaftServerImpl.java:setRole(170)) - s0@group-3D81F66BC438: changes role from  FOLLOWER to FOLLOWER at term 298 for recognizeCandidate:s1
2019-09-24 12:00:38,265 INFO  impl.RoleInfo (RoleInfo.java:shutdownFollowerState(121)) - s0: shutdown FollowerState
2019-09-24 12:00:38,265 INFO  impl.RoleInfo (RoleInfo.java:updateAndGet(143)) - s0: start FollowerState
2019-09-24 12:00:38,265 INFO  impl.FollowerState (FollowerState.java:run(117)) - s0@group-3D81F66BC438-FollowerState was interrupted: java.lang.InterruptedException: sleep interrupted
2019-09-24 12:00:38,280 DEBUG impl.RaftServerImpl (RaftServerImpl.java:requestVote(775)) - s0@group-3D81F66BC438 replies to vote request: s1<-s0#0:FAIL-t298. Peer's state: s0@group-3D81F66BC438:t298, leader=null, voted=null, raftlog=s0@group-3D81F66BC438-SegmentedRaftLog:OPENED:c11,f12,i12, conf=11: [s0:0.0.0.0:42154, s1:0.0.0.0:36158, s2:0.0.0.0:36910], old=null
2019-09-24 12:00:38,331 WARN  ratis.RaftTestUtil (JavaUtils.java:attempt(158)) - FAILED "waitForLeader-null-(expectLeader? true)", attempt #49/100: java.lang.IllegalStateException: No leader yet : printing ALL groups
  s0:  RUNNING  FOLLOWER s0@group-3D81F66BC438:t298, leader=null, voted=null, raftlog=s0@group-3D81F66BC438-SegmentedRaftLog:OPENED:c11,f12,i12, conf=11: [s0:0.0.0.0:42154, s1:0.0.0.0:36158, s2:0.0.0.0:36910], old=null RUNNING
  s1:  RUNNING CANDIDATE s1@group-3D81F66BC438:t298, leader=null, voted=s1, raftlog=s1@group-3D81F66BC438-SegmentedRaftLog:OPENED:c10,f11,i11, conf=11: [s0:0.0.0.0:42154, s1:0.0.0.0:36158, s2:0.0.0.0:36910], old=null RUNNING
  s2:  RUNNING CANDIDATE s2@group-3D81F66BC438:t297, leader=null, voted=s2, raftlog=s2@group-3D81F66BC438-SegmentedRaftLog:OPENED:c10,f10,i10, conf=9: [s0:0.0.0.0:42154, s1:0.0.0.0:36158, s2:0.0.0.0:36910], old=null RUNNING, sleep 450ms and then retry.
java.lang.IllegalStateException: No leader yet : printing ALL groups
  s0:  RUNNING  FOLLOWER s0@group-3D81F66BC438:t298, leader=null, voted=null, raftlog=s0@group-3D81F66BC438-SegmentedRaftLog:OPENED:c11,f12,i12, conf=11: [s0:0.0.0.0:42154, s1:0.0.0.0:36158, s2:0.0.0.0:36910], old=null RUNNING
  s1:  RUNNING CANDIDATE s1@group-3D81F66BC438:t298, leader=null, voted=s1, raftlog=s1@group-3D81F66BC438-SegmentedRaftLog:OPENED:c10,f11,i11, conf=11: [s0:0.0.0.0:42154, s1:0.0.0.0:36158, s2:0.0.0.0:36910], old=null RUNNING
  s2:  RUNNING CANDIDATE s2@group-3D81F66BC438:t297, leader=null, voted=s2, raftlog=s2@group-3D81F66BC438-SegmentedRaftLog:OPENED:c10,f10,i10, conf=9: [s0:0.0.0.0:42154, s1:0.0.0.0:36158, s2:0.0.0.0:36910], old=null RUNNING
	at org.apache.ratis.MiniRaftCluster.newIllegalStateExceptionForNoLeaders(MiniRaftCluster.java:506)
	at org.apache.ratis.RaftTestUtil.lambda$waitForLeader$1(RaftTestUtil.java:90)
	at org.apache.ratis.MiniRaftCluster.getLeader(MiniRaftCluster.java:539)
	at org.apache.ratis.MiniRaftCluster.getLeader(MiniRaftCluster.java:532)
	at org.apache.ratis.RaftTestUtil.lambda$waitForLeader$3(RaftTestUtil.java:98)
	at org.apache.ratis.util.JavaUtils.attempt(JavaUtils.java:152)
	at org.apache.ratis.RaftTestUtil.waitForLeader(RaftTestUtil.java:97)
	at org.apache.ratis.RaftTestUtil.waitForLeader(RaftTestUtil.java:77)
	at org.apache.ratis.RaftTestUtil.waitForLeader(RaftTestUtil.java:72)
	at org.apache.ratis.RaftTestUtil.lambda$changeLeader$7(RaftTestUtil.java:363)
	at org.apache.ratis.util.JavaUtils.attempt(JavaUtils.java:152)
	at org.apache.ratis.RaftTestUtil.changeLeader(RaftTestUtil.java:362)
	at org.apache.ratis.server.impl.LeaderElectionTests.testChangeLeader(LeaderElectionTests.java:81)
	at sun.reflect.NativeMethodAccessorImpl.invoke0(Native Method)
	at sun.reflect.NativeMethodAccessorImpl.invoke(NativeMethodAccessorImpl.java:62)
	at sun.reflect.DelegatingMethodAccessorImpl.invoke(DelegatingMethodAccessorImpl.java:43)
	at java.lang.reflect.Method.invoke(Method.java:498)
	at org.junit.runners.model.FrameworkMethod$1.runReflectiveCall(FrameworkMethod.java:50)
	at org.junit.internal.runners.model.ReflectiveCallable.run(ReflectiveCallable.java:12)
	at org.junit.runners.model.FrameworkMethod.invokeExplosively(FrameworkMethod.java:47)
	at org.junit.internal.runners.statements.InvokeMethod.evaluate(InvokeMethod.java:17)
	at org.junit.internal.runners.statements.RunAfters.evaluate(RunAfters.java:27)
	at org.junit.internal.runners.statements.FailOnTimeout$CallableStatement.call(FailOnTimeout.java:298)
	at org.junit.internal.runners.statements.FailOnTimeout$CallableStatement.call(FailOnTimeout.java:292)
	at java.util.concurrent.FutureTask.run(FutureTask.java:266)
	at java.lang.Thread.run(Thread.java:748)
2019-09-24 12:00:38,434 INFO  impl.LeaderElection (LeaderElection.java:logAndReturn(56)) - s2@group-3D81F66BC438-LeaderElection117: Election TIMEOUT; received 1 response(s) [s2<-s0#0:FAIL-t297] and 0 exception(s); s2@group-3D81F66BC438:t297, leader=null, voted=s2, raftlog=s2@group-3D81F66BC438-SegmentedRaftLog:OPENED:c10,f10,i10, conf=9: [s0:0.0.0.0:42154, s1:0.0.0.0:36158, s2:0.0.0.0:36910], old=null
2019-09-24 12:00:38,434 INFO  impl.LeaderElection (LeaderElection.java:logAndReturn(56)) - s1@group-3D81F66BC438-LeaderElection121: Election TIMEOUT; received 1 response(s) [s1<-s0#0:FAIL-t298] and 0 exception(s); s1@group-3D81F66BC438:t298, leader=null, voted=s1, raftlog=s1@group-3D81F66BC438-SegmentedRaftLog:OPENED:c10,f11,i11, conf=11: [s0:0.0.0.0:42154, s1:0.0.0.0:36158, s2:0.0.0.0:36910], old=null
2019-09-24 12:00:38,445 INFO  impl.FollowerState (FollowerState.java:run(108)) - s0@group-3D81F66BC438-FollowerState: change to CANDIDATE, lastRpcTime:180ms, electionTimeout:180ms
2019-09-24 12:00:38,445 INFO  impl.RoleInfo (RoleInfo.java:shutdownFollowerState(121)) - s0: shutdown FollowerState
2019-09-24 12:00:38,446 INFO  impl.RaftServerImpl (RaftServerImpl.java:setRole(170)) - s0@group-3D81F66BC438: changes role from  FOLLOWER to CANDIDATE at term 298 for changeToCandidate
2019-09-24 12:00:38,446 INFO  impl.RoleInfo (RoleInfo.java:updateAndGet(143)) - s0: start LeaderElection
2019-09-24 12:00:38,459 INFO  impl.LeaderElection (LeaderElection.java:askForVotes(178)) - s1@group-3D81F66BC438-LeaderElection121: begin an election at term 299 for 11: [s0:0.0.0.0:42154, s1:0.0.0.0:36158, s2:0.0.0.0:36910], old=null
2019-09-24 12:00:38,459 INFO  impl.LeaderElection (LeaderElection.java:askForVotes(178)) - s2@group-3D81F66BC438-LeaderElection117: begin an election at term 298 for 9: [s0:0.0.0.0:42154, s1:0.0.0.0:36158, s2:0.0.0.0:36910], old=null
2019-09-24 12:00:38,460 DEBUG impl.RaftServerImpl (RaftServerImpl.java:requestVote(743)) - s0@group-3D81F66BC438: receive requestVote(s1, group-3D81F66BC438, 299, (t:14, i:11))
2019-09-24 12:00:38,460 DEBUG impl.RaftServerImpl (RaftServerImpl.java:requestVote(743)) - s0@group-3D81F66BC438: receive requestVote(s2, group-3D81F66BC438, 298, (t:13, i:10))
2019-09-24 12:00:38,463 INFO  impl.LeaderElection (LeaderElection.java:askForVotes(178)) - s0@group-3D81F66BC438-LeaderElection122: begin an election at term 299 for 11: [s0:0.0.0.0:42154, s1:0.0.0.0:36158, s2:0.0.0.0:36910], old=null
2019-09-24 12:00:38,463 DEBUG impl.RaftServerImpl (RaftServerImpl.java:requestVote(775)) - s0@group-3D81F66BC438 replies to vote request: s2<-s0#0:FAIL-t299. Peer's state: s0@group-3D81F66BC438:t299, leader=null, voted=s0, raftlog=s0@group-3D81F66BC438-SegmentedRaftLog:OPENED:c11,f12,i12, conf=11: [s0:0.0.0.0:42154, s1:0.0.0.0:36158, s2:0.0.0.0:36910], old=null
2019-09-24 12:00:38,463 DEBUG impl.RaftServerImpl (RaftServerImpl.java:requestVote(775)) - s0@group-3D81F66BC438 replies to vote request: s1<-s0#0:FAIL-t299. Peer's state: s0@group-3D81F66BC438:t299, leader=null, voted=s0, raftlog=s0@group-3D81F66BC438-SegmentedRaftLog:OPENED:c11,f12,i12, conf=11: [s0:0.0.0.0:42154, s1:0.0.0.0:36158, s2:0.0.0.0:36910], old=null
2019-09-24 12:00:38,463 INFO  impl.LeaderElection (LeaderElection.java:logAndReturn(56)) - s2@group-3D81F66BC438-LeaderElection117: Election DISCOVERED_A_NEW_TERM; received 1 response(s) [s2<-s0#0:FAIL-t299] and 0 exception(s); s2@group-3D81F66BC438:t298, leader=null, voted=s2, raftlog=s2@group-3D81F66BC438-SegmentedRaftLog:OPENED:c10,f10,i10, conf=9: [s0:0.0.0.0:42154, s1:0.0.0.0:36158, s2:0.0.0.0:36910], old=null
2019-09-24 12:00:38,464 INFO  impl.RaftServerImpl (RaftServerImpl.java:setRole(170)) - s2@group-3D81F66BC438: changes role from CANDIDATE to FOLLOWER at term 299 for DISCOVERED_A_NEW_TERM
2019-09-24 12:00:38,464 INFO  impl.RoleInfo (RoleInfo.java:shutdownLeaderElection(134)) - s2: shutdown LeaderElection
2019-09-24 12:00:38,464 INFO  impl.RoleInfo (RoleInfo.java:updateAndGet(143)) - s2: start FollowerState
2019-09-24 12:00:38,616 INFO  impl.LeaderElection (LeaderElection.java:logAndReturn(56)) - s0@group-3D81F66BC438-LeaderElection122: Election TIMEOUT; received 0 response(s) [] and 0 exception(s); s0@group-3D81F66BC438:t299, leader=null, voted=s0, raftlog=s0@group-3D81F66BC438-SegmentedRaftLog:OPENED:c11,f12,i12, conf=11: [s0:0.0.0.0:42154, s1:0.0.0.0:36158, s2:0.0.0.0:36910], old=null
2019-09-24 12:00:38,627 INFO  impl.FollowerState (FollowerState.java:run(108)) - s2@group-3D81F66BC438-FollowerState: change to CANDIDATE, lastRpcTime:163ms, electionTimeout:163ms
2019-09-24 12:00:38,628 INFO  impl.RoleInfo (RoleInfo.java:shutdownFollowerState(121)) - s2: shutdown FollowerState
2019-09-24 12:00:38,628 INFO  impl.RaftServerImpl (RaftServerImpl.java:setRole(170)) - s2@group-3D81F66BC438: changes role from  FOLLOWER to CANDIDATE at term 299 for changeToCandidate
2019-09-24 12:00:38,628 INFO  impl.RoleInfo (RoleInfo.java:updateAndGet(143)) - s2: start LeaderElection
2019-09-24 12:00:38,629 INFO  impl.LeaderElection (LeaderElection.java:askForVotes(178)) - s0@group-3D81F66BC438-LeaderElection122: begin an election at term 300 for 11: [s0:0.0.0.0:42154, s1:0.0.0.0:36158, s2:0.0.0.0:36910], old=null
2019-09-24 12:00:38,636 INFO  impl.LeaderElection (LeaderElection.java:logAndReturn(56)) - s1@group-3D81F66BC438-LeaderElection121: Election TIMEOUT; received 1 response(s) [s1<-s0#0:FAIL-t299] and 0 exception(s); s1@group-3D81F66BC438:t299, leader=null, voted=s1, raftlog=s1@group-3D81F66BC438-SegmentedRaftLog:OPENED:c10,f11,i11, conf=11: [s0:0.0.0.0:42154, s1:0.0.0.0:36158, s2:0.0.0.0:36910], old=null
2019-09-24 12:00:38,643 INFO  impl.LeaderElection (LeaderElection.java:askForVotes(178)) - s2@group-3D81F66BC438-LeaderElection123: begin an election at term 300 for 9: [s0:0.0.0.0:42154, s1:0.0.0.0:36158, s2:0.0.0.0:36910], old=null
2019-09-24 12:00:38,643 DEBUG impl.RaftServerImpl (RaftServerImpl.java:requestVote(743)) - s0@group-3D81F66BC438: receive requestVote(s2, group-3D81F66BC438, 300, (t:13, i:10))
2019-09-24 12:00:38,644 DEBUG impl.RaftServerImpl (RaftServerImpl.java:requestVote(775)) - s0@group-3D81F66BC438 replies to vote request: s2<-s0#0:FAIL-t300. Peer's state: s0@group-3D81F66BC438:t300, leader=null, voted=s0, raftlog=s0@group-3D81F66BC438-SegmentedRaftLog:OPENED:c11,f12,i12, conf=11: [s0:0.0.0.0:42154, s1:0.0.0.0:36158, s2:0.0.0.0:36910], old=null
2019-09-24 12:00:38,645 INFO  impl.LeaderElection (LeaderElection.java:askForVotes(178)) - s1@group-3D81F66BC438-LeaderElection121: begin an election at term 300 for 11: [s0:0.0.0.0:42154, s1:0.0.0.0:36158, s2:0.0.0.0:36910], old=null
2019-09-24 12:00:38,646 DEBUG impl.RaftServerImpl (RaftServerImpl.java:requestVote(743)) - s0@group-3D81F66BC438: receive requestVote(s1, group-3D81F66BC438, 300, (t:14, i:11))
2019-09-24 12:00:38,646 DEBUG impl.RaftServerImpl (RaftServerImpl.java:requestVote(775)) - s0@group-3D81F66BC438 replies to vote request: s1<-s0#0:FAIL-t300. Peer's state: s0@group-3D81F66BC438:t300, leader=null, voted=s0, raftlog=s0@group-3D81F66BC438-SegmentedRaftLog:OPENED:c11,f12,i12, conf=11: [s0:0.0.0.0:42154, s1:0.0.0.0:36158, s2:0.0.0.0:36910], old=null
2019-09-24 12:00:38,782 WARN  ratis.RaftTestUtil (JavaUtils.java:attempt(158)) - FAILED "waitForLeader-null-(expectLeader? true)", attempt #50/100: java.lang.IllegalStateException: No leader yet : printing ALL groups
  s0:  RUNNING CANDIDATE s0@group-3D81F66BC438:t300, leader=null, voted=s0, raftlog=s0@group-3D81F66BC438-SegmentedRaftLog:OPENED:c11,f12,i12, conf=11: [s0:0.0.0.0:42154, s1:0.0.0.0:36158, s2:0.0.0.0:36910], old=null RUNNING
  s1:  RUNNING CANDIDATE s1@group-3D81F66BC438:t300, leader=null, voted=s1, raftlog=s1@group-3D81F66BC438-SegmentedRaftLog:OPENED:c10,f11,i11, conf=11: [s0:0.0.0.0:42154, s1:0.0.0.0:36158, s2:0.0.0.0:36910], old=null RUNNING
  s2:  RUNNING CANDIDATE s2@group-3D81F66BC438:t300, leader=null, voted=s2, raftlog=s2@group-3D81F66BC438-SegmentedRaftLog:OPENED:c10,f10,i10, conf=9: [s0:0.0.0.0:42154, s1:0.0.0.0:36158, s2:0.0.0.0:36910], old=null RUNNING, sleep 450ms and then retry.
java.lang.IllegalStateException: No leader yet : printing ALL groups
  s0:  RUNNING CANDIDATE s0@group-3D81F66BC438:t300, leader=null, voted=s0, raftlog=s0@group-3D81F66BC438-SegmentedRaftLog:OPENED:c11,f12,i12, conf=11: [s0:0.0.0.0:42154, s1:0.0.0.0:36158, s2:0.0.0.0:36910], old=null RUNNING
  s1:  RUNNING CANDIDATE s1@group-3D81F66BC438:t300, leader=null, voted=s1, raftlog=s1@group-3D81F66BC438-SegmentedRaftLog:OPENED:c10,f11,i11, conf=11: [s0:0.0.0.0:42154, s1:0.0.0.0:36158, s2:0.0.0.0:36910], old=null RUNNING
  s2:  RUNNING CANDIDATE s2@group-3D81F66BC438:t300, leader=null, voted=s2, raftlog=s2@group-3D81F66BC438-SegmentedRaftLog:OPENED:c10,f10,i10, conf=9: [s0:0.0.0.0:42154, s1:0.0.0.0:36158, s2:0.0.0.0:36910], old=null RUNNING
	at org.apache.ratis.MiniRaftCluster.newIllegalStateExceptionForNoLeaders(MiniRaftCluster.java:506)
	at org.apache.ratis.RaftTestUtil.lambda$waitForLeader$1(RaftTestUtil.java:90)
	at org.apache.ratis.MiniRaftCluster.getLeader(MiniRaftCluster.java:539)
	at org.apache.ratis.MiniRaftCluster.getLeader(MiniRaftCluster.java:532)
	at org.apache.ratis.RaftTestUtil.lambda$waitForLeader$3(RaftTestUtil.java:98)
	at org.apache.ratis.util.JavaUtils.attempt(JavaUtils.java:152)
	at org.apache.ratis.RaftTestUtil.waitForLeader(RaftTestUtil.java:97)
	at org.apache.ratis.RaftTestUtil.waitForLeader(RaftTestUtil.java:77)
	at org.apache.ratis.RaftTestUtil.waitForLeader(RaftTestUtil.java:72)
	at org.apache.ratis.RaftTestUtil.lambda$changeLeader$7(RaftTestUtil.java:363)
	at org.apache.ratis.util.JavaUtils.attempt(JavaUtils.java:152)
	at org.apache.ratis.RaftTestUtil.changeLeader(RaftTestUtil.java:362)
	at org.apache.ratis.server.impl.LeaderElectionTests.testChangeLeader(LeaderElectionTests.java:81)
	at sun.reflect.NativeMethodAccessorImpl.invoke0(Native Method)
	at sun.reflect.NativeMethodAccessorImpl.invoke(NativeMethodAccessorImpl.java:62)
	at sun.reflect.DelegatingMethodAccessorImpl.invoke(DelegatingMethodAccessorImpl.java:43)
	at java.lang.reflect.Method.invoke(Method.java:498)
	at org.junit.runners.model.FrameworkMethod$1.runReflectiveCall(FrameworkMethod.java:50)
	at org.junit.internal.runners.model.ReflectiveCallable.run(ReflectiveCallable.java:12)
	at org.junit.runners.model.FrameworkMethod.invokeExplosively(FrameworkMethod.java:47)
	at org.junit.internal.runners.statements.InvokeMethod.evaluate(InvokeMethod.java:17)
	at org.junit.internal.runners.statements.RunAfters.evaluate(RunAfters.java:27)
	at org.junit.internal.runners.statements.FailOnTimeout$CallableStatement.call(FailOnTimeout.java:298)
	at org.junit.internal.runners.statements.FailOnTimeout$CallableStatement.call(FailOnTimeout.java:292)
	at java.util.concurrent.FutureTask.run(FutureTask.java:266)
	at java.lang.Thread.run(Thread.java:748)
2019-09-24 12:00:38,916 INFO  impl.LeaderElection (LeaderElection.java:logAndReturn(56)) - s2@group-3D81F66BC438-LeaderElection123: Election TIMEOUT; received 1 response(s) [s2<-s0#0:FAIL-t300] and 0 exception(s); s2@group-3D81F66BC438:t300, leader=null, voted=s2, raftlog=s2@group-3D81F66BC438-SegmentedRaftLog:OPENED:c10,f10,i10, conf=9: [s0:0.0.0.0:42154, s1:0.0.0.0:36158, s2:0.0.0.0:36910], old=null
2019-09-24 12:00:38,919 INFO  impl.LeaderElection (LeaderElection.java:logAndReturn(56)) - s0@group-3D81F66BC438-LeaderElection122: Election TIMEOUT; received 0 response(s) [] and 0 exception(s); s0@group-3D81F66BC438:t300, leader=null, voted=s0, raftlog=s0@group-3D81F66BC438-SegmentedRaftLog:OPENED:c11,f12,i12, conf=11: [s0:0.0.0.0:42154, s1:0.0.0.0:36158, s2:0.0.0.0:36910], old=null
2019-09-24 12:00:38,930 INFO  impl.LeaderElection (LeaderElection.java:askForVotes(178)) - s2@group-3D81F66BC438-LeaderElection123: begin an election at term 301 for 9: [s0:0.0.0.0:42154, s1:0.0.0.0:36158, s2:0.0.0.0:36910], old=null
2019-09-24 12:00:38,930 INFO  impl.LeaderElection (LeaderElection.java:askForVotes(178)) - s0@group-3D81F66BC438-LeaderElection122: begin an election at term 301 for 11: [s0:0.0.0.0:42154, s1:0.0.0.0:36158, s2:0.0.0.0:36910], old=null
2019-09-24 12:00:38,931 DEBUG impl.RaftServerImpl (RaftServerImpl.java:requestVote(743)) - s0@group-3D81F66BC438: receive requestVote(s2, group-3D81F66BC438, 301, (t:13, i:10))
2019-09-24 12:00:38,931 DEBUG impl.RaftServerImpl (RaftServerImpl.java:requestVote(775)) - s0@group-3D81F66BC438 replies to vote request: s2<-s0#0:FAIL-t301. Peer's state: s0@group-3D81F66BC438:t301, leader=null, voted=s0, raftlog=s0@group-3D81F66BC438-SegmentedRaftLog:OPENED:c11,f12,i12, conf=11: [s0:0.0.0.0:42154, s1:0.0.0.0:36158, s2:0.0.0.0:36910], old=null
2019-09-24 12:00:38,942 INFO  impl.LeaderElection (LeaderElection.java:logAndReturn(56)) - s1@group-3D81F66BC438-LeaderElection121: Election TIMEOUT; received 1 response(s) [s1<-s0#0:FAIL-t300] and 0 exception(s); s1@group-3D81F66BC438:t300, leader=null, voted=s1, raftlog=s1@group-3D81F66BC438-SegmentedRaftLog:OPENED:c10,f11,i11, conf=11: [s0:0.0.0.0:42154, s1:0.0.0.0:36158, s2:0.0.0.0:36910], old=null
2019-09-24 12:00:38,956 INFO  impl.LeaderElection (LeaderElection.java:askForVotes(178)) - s1@group-3D81F66BC438-LeaderElection121: begin an election at term 301 for 11: [s0:0.0.0.0:42154, s1:0.0.0.0:36158, s2:0.0.0.0:36910], old=null
2019-09-24 12:00:38,956 DEBUG impl.RaftServerImpl (RaftServerImpl.java:requestVote(743)) - s0@group-3D81F66BC438: receive requestVote(s1, group-3D81F66BC438, 301, (t:14, i:11))
2019-09-24 12:00:38,956 DEBUG impl.RaftServerImpl (RaftServerImpl.java:requestVote(775)) - s0@group-3D81F66BC438 replies to vote request: s1<-s0#0:FAIL-t301. Peer's state: s0@group-3D81F66BC438:t301, leader=null, voted=s0, raftlog=s0@group-3D81F66BC438-SegmentedRaftLog:OPENED:c11,f12,i12, conf=11: [s0:0.0.0.0:42154, s1:0.0.0.0:36158, s2:0.0.0.0:36910], old=null
2019-09-24 12:00:39,124 INFO  impl.LeaderElection (LeaderElection.java:logAndReturn(56)) - s0@group-3D81F66BC438-LeaderElection122: Election TIMEOUT; received 0 response(s) [] and 0 exception(s); s0@group-3D81F66BC438:t301, leader=null, voted=s0, raftlog=s0@group-3D81F66BC438-SegmentedRaftLog:OPENED:c11,f12,i12, conf=11: [s0:0.0.0.0:42154, s1:0.0.0.0:36158, s2:0.0.0.0:36910], old=null
2019-09-24 12:00:39,130 INFO  impl.LeaderElection (LeaderElection.java:logAndReturn(56)) - s2@group-3D81F66BC438-LeaderElection123: Election TIMEOUT; received 1 response(s) [s2<-s0#0:FAIL-t301] and 0 exception(s); s2@group-3D81F66BC438:t301, leader=null, voted=s2, raftlog=s2@group-3D81F66BC438-SegmentedRaftLog:OPENED:c10,f10,i10, conf=9: [s0:0.0.0.0:42154, s1:0.0.0.0:36158, s2:0.0.0.0:36910], old=null
2019-09-24 12:00:39,151 INFO  impl.LeaderElection (LeaderElection.java:askForVotes(178)) - s0@group-3D81F66BC438-LeaderElection122: begin an election at term 302 for 11: [s0:0.0.0.0:42154, s1:0.0.0.0:36158, s2:0.0.0.0:36910], old=null
2019-09-24 12:00:39,151 INFO  impl.LeaderElection (LeaderElection.java:askForVotes(178)) - s2@group-3D81F66BC438-LeaderElection123: begin an election at term 302 for 9: [s0:0.0.0.0:42154, s1:0.0.0.0:36158, s2:0.0.0.0:36910], old=null
2019-09-24 12:00:39,151 DEBUG impl.RaftServerImpl (RaftServerImpl.java:requestVote(743)) - s0@group-3D81F66BC438: receive requestVote(s2, group-3D81F66BC438, 302, (t:13, i:10))
2019-09-24 12:00:39,152 DEBUG impl.RaftServerImpl (RaftServerImpl.java:requestVote(775)) - s0@group-3D81F66BC438 replies to vote request: s2<-s0#0:FAIL-t302. Peer's state: s0@group-3D81F66BC438:t302, leader=null, voted=s0, raftlog=s0@group-3D81F66BC438-SegmentedRaftLog:OPENED:c11,f12,i12, conf=11: [s0:0.0.0.0:42154, s1:0.0.0.0:36158, s2:0.0.0.0:36910], old=null
2019-09-24 12:00:39,197 INFO  impl.LeaderElection (LeaderElection.java:logAndReturn(56)) - s1@group-3D81F66BC438-LeaderElection121: Election TIMEOUT; received 1 response(s) [s1<-s0#0:FAIL-t301] and 0 exception(s); s1@group-3D81F66BC438:t301, leader=null, voted=s1, raftlog=s1@group-3D81F66BC438-SegmentedRaftLog:OPENED:c10,f11,i11, conf=11: [s0:0.0.0.0:42154, s1:0.0.0.0:36158, s2:0.0.0.0:36910], old=null
2019-09-24 12:00:39,210 INFO  impl.LeaderElection (LeaderElection.java:askForVotes(178)) - s1@group-3D81F66BC438-LeaderElection121: begin an election at term 302 for 11: [s0:0.0.0.0:42154, s1:0.0.0.0:36158, s2:0.0.0.0:36910], old=null
2019-09-24 12:00:39,211 DEBUG impl.RaftServerImpl (RaftServerImpl.java:requestVote(743)) - s0@group-3D81F66BC438: receive requestVote(s1, group-3D81F66BC438, 302, (t:14, i:11))
2019-09-24 12:00:39,211 DEBUG impl.RaftServerImpl (RaftServerImpl.java:requestVote(775)) - s0@group-3D81F66BC438 replies to vote request: s1<-s0#0:FAIL-t302. Peer's state: s0@group-3D81F66BC438:t302, leader=null, voted=s0, raftlog=s0@group-3D81F66BC438-SegmentedRaftLog:OPENED:c11,f12,i12, conf=11: [s0:0.0.0.0:42154, s1:0.0.0.0:36158, s2:0.0.0.0:36910], old=null
2019-09-24 12:00:39,233 WARN  ratis.RaftTestUtil (JavaUtils.java:attempt(158)) - FAILED "waitForLeader-null-(expectLeader? true)", attempt #51/100: java.lang.IllegalStateException: No leader yet : printing ALL groups
  s0:  RUNNING CANDIDATE s0@group-3D81F66BC438:t302, leader=null, voted=s0, raftlog=s0@group-3D81F66BC438-SegmentedRaftLog:OPENED:c11,f12,i12, conf=11: [s0:0.0.0.0:42154, s1:0.0.0.0:36158, s2:0.0.0.0:36910], old=null RUNNING
  s1:  RUNNING CANDIDATE s1@group-3D81F66BC438:t302, leader=null, voted=s1, raftlog=s1@group-3D81F66BC438-SegmentedRaftLog:OPENED:c10,f11,i11, conf=11: [s0:0.0.0.0:42154, s1:0.0.0.0:36158, s2:0.0.0.0:36910], old=null RUNNING
  s2:  RUNNING CANDIDATE s2@group-3D81F66BC438:t302, leader=null, voted=s2, raftlog=s2@group-3D81F66BC438-SegmentedRaftLog:OPENED:c10,f10,i10, conf=9: [s0:0.0.0.0:42154, s1:0.0.0.0:36158, s2:0.0.0.0:36910], old=null RUNNING, sleep 450ms and then retry.
java.lang.IllegalStateException: No leader yet : printing ALL groups
  s0:  RUNNING CANDIDATE s0@group-3D81F66BC438:t302, leader=null, voted=s0, raftlog=s0@group-3D81F66BC438-SegmentedRaftLog:OPENED:c11,f12,i12, conf=11: [s0:0.0.0.0:42154, s1:0.0.0.0:36158, s2:0.0.0.0:36910], old=null RUNNING
  s1:  RUNNING CANDIDATE s1@group-3D81F66BC438:t302, leader=null, voted=s1, raftlog=s1@group-3D81F66BC438-SegmentedRaftLog:OPENED:c10,f11,i11, conf=11: [s0:0.0.0.0:42154, s1:0.0.0.0:36158, s2:0.0.0.0:36910], old=null RUNNING
  s2:  RUNNING CANDIDATE s2@group-3D81F66BC438:t302, leader=null, voted=s2, raftlog=s2@group-3D81F66BC438-SegmentedRaftLog:OPENED:c10,f10,i10, conf=9: [s0:0.0.0.0:42154, s1:0.0.0.0:36158, s2:0.0.0.0:36910], old=null RUNNING
	at org.apache.ratis.MiniRaftCluster.newIllegalStateExceptionForNoLeaders(MiniRaftCluster.java:506)
	at org.apache.ratis.RaftTestUtil.lambda$waitForLeader$1(RaftTestUtil.java:90)
	at org.apache.ratis.MiniRaftCluster.getLeader(MiniRaftCluster.java:539)
	at org.apache.ratis.MiniRaftCluster.getLeader(MiniRaftCluster.java:532)
	at org.apache.ratis.RaftTestUtil.lambda$waitForLeader$3(RaftTestUtil.java:98)
	at org.apache.ratis.util.JavaUtils.attempt(JavaUtils.java:152)
	at org.apache.ratis.RaftTestUtil.waitForLeader(RaftTestUtil.java:97)
	at org.apache.ratis.RaftTestUtil.waitForLeader(RaftTestUtil.java:77)
	at org.apache.ratis.RaftTestUtil.waitForLeader(RaftTestUtil.java:72)
	at org.apache.ratis.RaftTestUtil.lambda$changeLeader$7(RaftTestUtil.java:363)
	at org.apache.ratis.util.JavaUtils.attempt(JavaUtils.java:152)
	at org.apache.ratis.RaftTestUtil.changeLeader(RaftTestUtil.java:362)
	at org.apache.ratis.server.impl.LeaderElectionTests.testChangeLeader(LeaderElectionTests.java:81)
	at sun.reflect.NativeMethodAccessorImpl.invoke0(Native Method)
	at sun.reflect.NativeMethodAccessorImpl.invoke(NativeMethodAccessorImpl.java:62)
	at sun.reflect.DelegatingMethodAccessorImpl.invoke(DelegatingMethodAccessorImpl.java:43)
	at java.lang.reflect.Method.invoke(Method.java:498)
	at org.junit.runners.model.FrameworkMethod$1.runReflectiveCall(FrameworkMethod.java:50)
	at org.junit.internal.runners.model.ReflectiveCallable.run(ReflectiveCallable.java:12)
	at org.junit.runners.model.FrameworkMethod.invokeExplosively(FrameworkMethod.java:47)
	at org.junit.internal.runners.statements.InvokeMethod.evaluate(InvokeMethod.java:17)
	at org.junit.internal.runners.statements.RunAfters.evaluate(RunAfters.java:27)
	at org.junit.internal.runners.statements.FailOnTimeout$CallableStatement.call(FailOnTimeout.java:298)
	at org.junit.internal.runners.statements.FailOnTimeout$CallableStatement.call(FailOnTimeout.java:292)
	at java.util.concurrent.FutureTask.run(FutureTask.java:266)
	at java.lang.Thread.run(Thread.java:748)
2019-09-24 12:00:39,347 INFO  impl.LeaderElection (LeaderElection.java:logAndReturn(56)) - s2@group-3D81F66BC438-LeaderElection123: Election TIMEOUT; received 1 response(s) [s2<-s0#0:FAIL-t302] and 0 exception(s); s2@group-3D81F66BC438:t302, leader=null, voted=s2, raftlog=s2@group-3D81F66BC438-SegmentedRaftLog:OPENED:c10,f10,i10, conf=9: [s0:0.0.0.0:42154, s1:0.0.0.0:36158, s2:0.0.0.0:36910], old=null
2019-09-24 12:00:39,363 INFO  impl.LeaderElection (LeaderElection.java:logAndReturn(56)) - s0@group-3D81F66BC438-LeaderElection122: Election TIMEOUT; received 0 response(s) [] and 0 exception(s); s0@group-3D81F66BC438:t302, leader=null, voted=s0, raftlog=s0@group-3D81F66BC438-SegmentedRaftLog:OPENED:c11,f12,i12, conf=11: [s0:0.0.0.0:42154, s1:0.0.0.0:36158, s2:0.0.0.0:36910], old=null
2019-09-24 12:00:39,372 INFO  impl.LeaderElection (LeaderElection.java:askForVotes(178)) - s2@group-3D81F66BC438-LeaderElection123: begin an election at term 303 for 9: [s0:0.0.0.0:42154, s1:0.0.0.0:36158, s2:0.0.0.0:36910], old=null
2019-09-24 12:00:39,373 DEBUG impl.RaftServerImpl (RaftServerImpl.java:requestVote(743)) - s0@group-3D81F66BC438: receive requestVote(s2, group-3D81F66BC438, 303, (t:13, i:10))
2019-09-24 12:00:39,374 INFO  impl.LeaderElection (LeaderElection.java:askForVotes(178)) - s0@group-3D81F66BC438-LeaderElection122: begin an election at term 303 for 11: [s0:0.0.0.0:42154, s1:0.0.0.0:36158, s2:0.0.0.0:36910], old=null
2019-09-24 12:00:39,374 DEBUG impl.RaftServerImpl (RaftServerImpl.java:requestVote(775)) - s0@group-3D81F66BC438 replies to vote request: s2<-s0#0:FAIL-t303. Peer's state: s0@group-3D81F66BC438:t303, leader=null, voted=s0, raftlog=s0@group-3D81F66BC438-SegmentedRaftLog:OPENED:c11,f12,i12, conf=11: [s0:0.0.0.0:42154, s1:0.0.0.0:36158, s2:0.0.0.0:36910], old=null
2019-09-24 12:00:39,488 INFO  impl.LeaderElection (LeaderElection.java:logAndReturn(56)) - s1@group-3D81F66BC438-LeaderElection121: Election TIMEOUT; received 1 response(s) [s1<-s0#0:FAIL-t302] and 0 exception(s); s1@group-3D81F66BC438:t302, leader=null, voted=s1, raftlog=s1@group-3D81F66BC438-SegmentedRaftLog:OPENED:c10,f11,i11, conf=11: [s0:0.0.0.0:42154, s1:0.0.0.0:36158, s2:0.0.0.0:36910], old=null
2019-09-24 12:00:39,513 INFO  impl.LeaderElection (LeaderElection.java:askForVotes(178)) - s1@group-3D81F66BC438-LeaderElection121: begin an election at term 303 for 11: [s0:0.0.0.0:42154, s1:0.0.0.0:36158, s2:0.0.0.0:36910], old=null
2019-09-24 12:00:39,514 DEBUG impl.RaftServerImpl (RaftServerImpl.java:requestVote(743)) - s0@group-3D81F66BC438: receive requestVote(s1, group-3D81F66BC438, 303, (t:14, i:11))
2019-09-24 12:00:39,514 DEBUG impl.RaftServerImpl (RaftServerImpl.java:requestVote(775)) - s0@group-3D81F66BC438 replies to vote request: s1<-s0#0:FAIL-t303. Peer's state: s0@group-3D81F66BC438:t303, leader=null, voted=s0, raftlog=s0@group-3D81F66BC438-SegmentedRaftLog:OPENED:c11,f12,i12, conf=11: [s0:0.0.0.0:42154, s1:0.0.0.0:36158, s2:0.0.0.0:36910], old=null
2019-09-24 12:00:39,563 INFO  impl.LeaderElection (LeaderElection.java:logAndReturn(56)) - s0@group-3D81F66BC438-LeaderElection122: Election TIMEOUT; received 0 response(s) [] and 0 exception(s); s0@group-3D81F66BC438:t303, leader=null, voted=s0, raftlog=s0@group-3D81F66BC438-SegmentedRaftLog:OPENED:c11,f12,i12, conf=11: [s0:0.0.0.0:42154, s1:0.0.0.0:36158, s2:0.0.0.0:36910], old=null
2019-09-24 12:00:39,584 INFO  impl.LeaderElection (LeaderElection.java:logAndReturn(56)) - s2@group-3D81F66BC438-LeaderElection123: Election TIMEOUT; received 1 response(s) [s2<-s0#0:FAIL-t303] and 0 exception(s); s2@group-3D81F66BC438:t303, leader=null, voted=s2, raftlog=s2@group-3D81F66BC438-SegmentedRaftLog:OPENED:c10,f10,i10, conf=9: [s0:0.0.0.0:42154, s1:0.0.0.0:36158, s2:0.0.0.0:36910], old=null
2019-09-24 12:00:39,588 INFO  impl.LeaderElection (LeaderElection.java:askForVotes(178)) - s0@group-3D81F66BC438-LeaderElection122: begin an election at term 304 for 11: [s0:0.0.0.0:42154, s1:0.0.0.0:36158, s2:0.0.0.0:36910], old=null
2019-09-24 12:00:39,590 INFO  impl.LeaderElection (LeaderElection.java:askForVotes(178)) - s2@group-3D81F66BC438-LeaderElection123: begin an election at term 304 for 9: [s0:0.0.0.0:42154, s1:0.0.0.0:36158, s2:0.0.0.0:36910], old=null
2019-09-24 12:00:39,591 DEBUG impl.RaftServerImpl (RaftServerImpl.java:requestVote(743)) - s0@group-3D81F66BC438: receive requestVote(s2, group-3D81F66BC438, 304, (t:13, i:10))
2019-09-24 12:00:39,591 DEBUG impl.RaftServerImpl (RaftServerImpl.java:requestVote(775)) - s0@group-3D81F66BC438 replies to vote request: s2<-s0#0:FAIL-t304. Peer's state: s0@group-3D81F66BC438:t304, leader=null, voted=s0, raftlog=s0@group-3D81F66BC438-SegmentedRaftLog:OPENED:c11,f12,i12, conf=11: [s0:0.0.0.0:42154, s1:0.0.0.0:36158, s2:0.0.0.0:36910], old=null
2019-09-24 12:00:39,684 WARN  ratis.RaftTestUtil (JavaUtils.java:attempt(158)) - FAILED "waitForLeader-null-(expectLeader? true)", attempt #52/100: java.lang.IllegalStateException: No leader yet : printing ALL groups
  s0:  RUNNING CANDIDATE s0@group-3D81F66BC438:t304, leader=null, voted=s0, raftlog=s0@group-3D81F66BC438-SegmentedRaftLog:OPENED:c11,f12,i12, conf=11: [s0:0.0.0.0:42154, s1:0.0.0.0:36158, s2:0.0.0.0:36910], old=null RUNNING
  s1:  RUNNING CANDIDATE s1@group-3D81F66BC438:t303, leader=null, voted=s1, raftlog=s1@group-3D81F66BC438-SegmentedRaftLog:OPENED:c10,f11,i11, conf=11: [s0:0.0.0.0:42154, s1:0.0.0.0:36158, s2:0.0.0.0:36910], old=null RUNNING
  s2:  RUNNING CANDIDATE s2@group-3D81F66BC438:t304, leader=null, voted=s2, raftlog=s2@group-3D81F66BC438-SegmentedRaftLog:OPENED:c10,f10,i10, conf=9: [s0:0.0.0.0:42154, s1:0.0.0.0:36158, s2:0.0.0.0:36910], old=null RUNNING, sleep 450ms and then retry.
java.lang.IllegalStateException: No leader yet : printing ALL groups
  s0:  RUNNING CANDIDATE s0@group-3D81F66BC438:t304, leader=null, voted=s0, raftlog=s0@group-3D81F66BC438-SegmentedRaftLog:OPENED:c11,f12,i12, conf=11: [s0:0.0.0.0:42154, s1:0.0.0.0:36158, s2:0.0.0.0:36910], old=null RUNNING
  s1:  RUNNING CANDIDATE s1@group-3D81F66BC438:t303, leader=null, voted=s1, raftlog=s1@group-3D81F66BC438-SegmentedRaftLog:OPENED:c10,f11,i11, conf=11: [s0:0.0.0.0:42154, s1:0.0.0.0:36158, s2:0.0.0.0:36910], old=null RUNNING
  s2:  RUNNING CANDIDATE s2@group-3D81F66BC438:t304, leader=null, voted=s2, raftlog=s2@group-3D81F66BC438-SegmentedRaftLog:OPENED:c10,f10,i10, conf=9: [s0:0.0.0.0:42154, s1:0.0.0.0:36158, s2:0.0.0.0:36910], old=null RUNNING
	at org.apache.ratis.MiniRaftCluster.newIllegalStateExceptionForNoLeaders(MiniRaftCluster.java:506)
	at org.apache.ratis.RaftTestUtil.lambda$waitForLeader$1(RaftTestUtil.java:90)
	at org.apache.ratis.MiniRaftCluster.getLeader(MiniRaftCluster.java:539)
	at org.apache.ratis.MiniRaftCluster.getLeader(MiniRaftCluster.java:532)
	at org.apache.ratis.RaftTestUtil.lambda$waitForLeader$3(RaftTestUtil.java:98)
	at org.apache.ratis.util.JavaUtils.attempt(JavaUtils.java:152)
	at org.apache.ratis.RaftTestUtil.waitForLeader(RaftTestUtil.java:97)
	at org.apache.ratis.RaftTestUtil.waitForLeader(RaftTestUtil.java:77)
	at org.apache.ratis.RaftTestUtil.waitForLeader(RaftTestUtil.java:72)
	at org.apache.ratis.RaftTestUtil.lambda$changeLeader$7(RaftTestUtil.java:363)
	at org.apache.ratis.util.JavaUtils.attempt(JavaUtils.java:152)
	at org.apache.ratis.RaftTestUtil.changeLeader(RaftTestUtil.java:362)
	at org.apache.ratis.server.impl.LeaderElectionTests.testChangeLeader(LeaderElectionTests.java:81)
	at sun.reflect.NativeMethodAccessorImpl.invoke0(Native Method)
	at sun.reflect.NativeMethodAccessorImpl.invoke(NativeMethodAccessorImpl.java:62)
	at sun.reflect.DelegatingMethodAccessorImpl.invoke(DelegatingMethodAccessorImpl.java:43)
	at java.lang.reflect.Method.invoke(Method.java:498)
	at org.junit.runners.model.FrameworkMethod$1.runReflectiveCall(FrameworkMethod.java:50)
	at org.junit.internal.runners.model.ReflectiveCallable.run(ReflectiveCallable.java:12)
	at org.junit.runners.model.FrameworkMethod.invokeExplosively(FrameworkMethod.java:47)
	at org.junit.internal.runners.statements.InvokeMethod.evaluate(InvokeMethod.java:17)
	at org.junit.internal.runners.statements.RunAfters.evaluate(RunAfters.java:27)
	at org.junit.internal.runners.statements.FailOnTimeout$CallableStatement.call(FailOnTimeout.java:298)
	at org.junit.internal.runners.statements.FailOnTimeout$CallableStatement.call(FailOnTimeout.java:292)
	at java.util.concurrent.FutureTask.run(FutureTask.java:266)
	at java.lang.Thread.run(Thread.java:748)
2019-09-24 12:00:39,740 INFO  impl.LeaderElection (LeaderElection.java:logAndReturn(56)) - s0@group-3D81F66BC438-LeaderElection122: Election TIMEOUT; received 0 response(s) [] and 0 exception(s); s0@group-3D81F66BC438:t304, leader=null, voted=s0, raftlog=s0@group-3D81F66BC438-SegmentedRaftLog:OPENED:c11,f12,i12, conf=11: [s0:0.0.0.0:42154, s1:0.0.0.0:36158, s2:0.0.0.0:36910], old=null
2019-09-24 12:00:39,749 INFO  impl.LeaderElection (LeaderElection.java:logAndReturn(56)) - s1@group-3D81F66BC438-LeaderElection121: Election TIMEOUT; received 1 response(s) [s1<-s0#0:FAIL-t303] and 0 exception(s); s1@group-3D81F66BC438:t303, leader=null, voted=s1, raftlog=s1@group-3D81F66BC438-SegmentedRaftLog:OPENED:c10,f11,i11, conf=11: [s0:0.0.0.0:42154, s1:0.0.0.0:36158, s2:0.0.0.0:36910], old=null
2019-09-24 12:00:39,766 INFO  impl.LeaderElection (LeaderElection.java:askForVotes(178)) - s1@group-3D81F66BC438-LeaderElection121: begin an election at term 304 for 11: [s0:0.0.0.0:42154, s1:0.0.0.0:36158, s2:0.0.0.0:36910], old=null
2019-09-24 12:00:39,766 INFO  impl.LeaderElection (LeaderElection.java:askForVotes(178)) - s0@group-3D81F66BC438-LeaderElection122: begin an election at term 305 for 11: [s0:0.0.0.0:42154, s1:0.0.0.0:36158, s2:0.0.0.0:36910], old=null
2019-09-24 12:00:39,767 DEBUG impl.RaftServerImpl (RaftServerImpl.java:requestVote(743)) - s0@group-3D81F66BC438: receive requestVote(s1, group-3D81F66BC438, 304, (t:14, i:11))
2019-09-24 12:00:39,767 DEBUG impl.RaftServerImpl (RaftServerImpl.java:requestVote(775)) - s0@group-3D81F66BC438 replies to vote request: s1<-s0#0:FAIL-t305. Peer's state: s0@group-3D81F66BC438:t305, leader=null, voted=s0, raftlog=s0@group-3D81F66BC438-SegmentedRaftLog:OPENED:c11,f12,i12, conf=11: [s0:0.0.0.0:42154, s1:0.0.0.0:36158, s2:0.0.0.0:36910], old=null
2019-09-24 12:00:39,767 INFO  impl.LeaderElection (LeaderElection.java:logAndReturn(56)) - s1@group-3D81F66BC438-LeaderElection121: Election DISCOVERED_A_NEW_TERM; received 1 response(s) [s1<-s0#0:FAIL-t305] and 0 exception(s); s1@group-3D81F66BC438:t304, leader=null, voted=s1, raftlog=s1@group-3D81F66BC438-SegmentedRaftLog:OPENED:c10,f11,i11, conf=11: [s0:0.0.0.0:42154, s1:0.0.0.0:36158, s2:0.0.0.0:36910], old=null
2019-09-24 12:00:39,767 INFO  impl.RaftServerImpl (RaftServerImpl.java:setRole(170)) - s1@group-3D81F66BC438: changes role from CANDIDATE to FOLLOWER at term 305 for DISCOVERED_A_NEW_TERM
2019-09-24 12:00:39,767 INFO  impl.RoleInfo (RoleInfo.java:shutdownLeaderElection(134)) - s1: shutdown LeaderElection
2019-09-24 12:00:39,768 INFO  impl.RoleInfo (RoleInfo.java:updateAndGet(143)) - s1: start FollowerState
2019-09-24 12:00:39,833 INFO  impl.LeaderElection (LeaderElection.java:logAndReturn(56)) - s2@group-3D81F66BC438-LeaderElection123: Election TIMEOUT; received 1 response(s) [s2<-s0#0:FAIL-t304] and 0 exception(s); s2@group-3D81F66BC438:t304, leader=null, voted=s2, raftlog=s2@group-3D81F66BC438-SegmentedRaftLog:OPENED:c10,f10,i10, conf=9: [s0:0.0.0.0:42154, s1:0.0.0.0:36158, s2:0.0.0.0:36910], old=null
2019-09-24 12:00:39,846 INFO  impl.LeaderElection (LeaderElection.java:askForVotes(178)) - s2@group-3D81F66BC438-LeaderElection123: begin an election at term 305 for 9: [s0:0.0.0.0:42154, s1:0.0.0.0:36158, s2:0.0.0.0:36910], old=null
2019-09-24 12:00:39,847 DEBUG impl.RaftServerImpl (RaftServerImpl.java:requestVote(743)) - s0@group-3D81F66BC438: receive requestVote(s2, group-3D81F66BC438, 305, (t:13, i:10))
2019-09-24 12:00:39,847 DEBUG impl.RaftServerImpl (RaftServerImpl.java:requestVote(775)) - s0@group-3D81F66BC438 replies to vote request: s2<-s0#0:FAIL-t305. Peer's state: s0@group-3D81F66BC438:t305, leader=null, voted=s0, raftlog=s0@group-3D81F66BC438-SegmentedRaftLog:OPENED:c11,f12,i12, conf=11: [s0:0.0.0.0:42154, s1:0.0.0.0:36158, s2:0.0.0.0:36910], old=null
2019-09-24 12:00:40,014 INFO  impl.LeaderElection (LeaderElection.java:logAndReturn(56)) - s2@group-3D81F66BC438-LeaderElection123: Election TIMEOUT; received 1 response(s) [s2<-s0#0:FAIL-t305] and 0 exception(s); s2@group-3D81F66BC438:t305, leader=null, voted=s2, raftlog=s2@group-3D81F66BC438-SegmentedRaftLog:OPENED:c10,f10,i10, conf=9: [s0:0.0.0.0:42154, s1:0.0.0.0:36158, s2:0.0.0.0:36910], old=null
2019-09-24 12:00:40,033 INFO  impl.LeaderElection (LeaderElection.java:askForVotes(178)) - s2@group-3D81F66BC438-LeaderElection123: begin an election at term 306 for 9: [s0:0.0.0.0:42154, s1:0.0.0.0:36158, s2:0.0.0.0:36910], old=null
2019-09-24 12:00:40,034 DEBUG impl.RaftServerImpl (RaftServerImpl.java:requestVote(743)) - s0@group-3D81F66BC438: receive requestVote(s2, group-3D81F66BC438, 306, (t:13, i:10))
2019-09-24 12:00:40,034 INFO  impl.RaftServerImpl (RaftServerImpl.java:setRole(170)) - s0@group-3D81F66BC438: changes role from CANDIDATE to FOLLOWER at term 306 for recognizeCandidate:s2
2019-09-24 12:00:40,034 INFO  impl.RoleInfo (RoleInfo.java:shutdownLeaderElection(134)) - s0: shutdown LeaderElection
2019-09-24 12:00:40,035 INFO  impl.RoleInfo (RoleInfo.java:updateAndGet(143)) - s0: start FollowerState
2019-09-24 12:00:40,048 DEBUG impl.RaftServerImpl (RaftServerImpl.java:requestVote(775)) - s0@group-3D81F66BC438 replies to vote request: s2<-s0#0:FAIL-t306. Peer's state: s0@group-3D81F66BC438:t306, leader=null, voted=null, raftlog=s0@group-3D81F66BC438-SegmentedRaftLog:OPENED:c11,f12,i12, conf=11: [s0:0.0.0.0:42154, s1:0.0.0.0:36158, s2:0.0.0.0:36910], old=null
2019-09-24 12:00:40,066 INFO  impl.LeaderElection (LeaderElection.java:logAndReturn(56)) - s0@group-3D81F66BC438-LeaderElection122: Election REJECTED; received 0 response(s) [] and 0 exception(s); s0@group-3D81F66BC438:t306, leader=null, voted=null, raftlog=s0@group-3D81F66BC438-SegmentedRaftLog:OPENED:c11,f12,i12, conf=11: [s0:0.0.0.0:42154, s1:0.0.0.0:36158, s2:0.0.0.0:36910], old=null
2019-09-24 12:00:40,067 INFO  impl.FollowerState (FollowerState.java:run(108)) - s1@group-3D81F66BC438-FollowerState: change to CANDIDATE, lastRpcTime:299ms, electionTimeout:299ms
2019-09-24 12:00:40,067 INFO  impl.RoleInfo (RoleInfo.java:shutdownFollowerState(121)) - s1: shutdown FollowerState
2019-09-24 12:00:40,067 INFO  impl.RaftServerImpl (RaftServerImpl.java:setRole(170)) - s1@group-3D81F66BC438: changes role from  FOLLOWER to CANDIDATE at term 305 for changeToCandidate
2019-09-24 12:00:40,068 INFO  impl.RoleInfo (RoleInfo.java:updateAndGet(143)) - s1: start LeaderElection
2019-09-24 12:00:40,083 INFO  impl.LeaderElection (LeaderElection.java:askForVotes(178)) - s1@group-3D81F66BC438-LeaderElection124: begin an election at term 306 for 11: [s0:0.0.0.0:42154, s1:0.0.0.0:36158, s2:0.0.0.0:36910], old=null
2019-09-24 12:00:40,083 DEBUG impl.RaftServerImpl (RaftServerImpl.java:requestVote(743)) - s0@group-3D81F66BC438: receive requestVote(s1, group-3D81F66BC438, 306, (t:14, i:11))
2019-09-24 12:00:40,084 INFO  impl.RaftServerImpl (RaftServerImpl.java:setRole(170)) - s0@group-3D81F66BC438: changes role from  FOLLOWER to FOLLOWER at term 306 for recognizeCandidate:s1
2019-09-24 12:00:40,084 INFO  impl.RoleInfo (RoleInfo.java:shutdownFollowerState(121)) - s0: shutdown FollowerState
2019-09-24 12:00:40,084 INFO  impl.RoleInfo (RoleInfo.java:updateAndGet(143)) - s0: start FollowerState
2019-09-24 12:00:40,084 INFO  impl.FollowerState (FollowerState.java:run(117)) - s0@group-3D81F66BC438-FollowerState was interrupted: java.lang.InterruptedException: sleep interrupted
2019-09-24 12:00:40,084 DEBUG impl.RaftServerImpl (RaftServerImpl.java:requestVote(775)) - s0@group-3D81F66BC438 replies to vote request: s1<-s0#0:FAIL-t306. Peer's state: s0@group-3D81F66BC438:t306, leader=null, voted=null, raftlog=s0@group-3D81F66BC438-SegmentedRaftLog:OPENED:c11,f12,i12, conf=11: [s0:0.0.0.0:42154, s1:0.0.0.0:36158, s2:0.0.0.0:36910], old=null
2019-09-24 12:00:40,135 WARN  ratis.RaftTestUtil (JavaUtils.java:attempt(158)) - FAILED "waitForLeader-null-(expectLeader? true)", attempt #53/100: java.lang.IllegalStateException: No leader yet : printing ALL groups
  s0:  RUNNING  FOLLOWER s0@group-3D81F66BC438:t306, leader=null, voted=null, raftlog=s0@group-3D81F66BC438-SegmentedRaftLog:OPENED:c11,f12,i12, conf=11: [s0:0.0.0.0:42154, s1:0.0.0.0:36158, s2:0.0.0.0:36910], old=null RUNNING
  s1:  RUNNING CANDIDATE s1@group-3D81F66BC438:t306, leader=null, voted=s1, raftlog=s1@group-3D81F66BC438-SegmentedRaftLog:OPENED:c10,f11,i11, conf=11: [s0:0.0.0.0:42154, s1:0.0.0.0:36158, s2:0.0.0.0:36910], old=null RUNNING
  s2:  RUNNING CANDIDATE s2@group-3D81F66BC438:t306, leader=null, voted=s2, raftlog=s2@group-3D81F66BC438-SegmentedRaftLog:OPENED:c10,f10,i10, conf=9: [s0:0.0.0.0:42154, s1:0.0.0.0:36158, s2:0.0.0.0:36910], old=null RUNNING, sleep 450ms and then retry.
java.lang.IllegalStateException: No leader yet : printing ALL groups
  s0:  RUNNING  FOLLOWER s0@group-3D81F66BC438:t306, leader=null, voted=null, raftlog=s0@group-3D81F66BC438-SegmentedRaftLog:OPENED:c11,f12,i12, conf=11: [s0:0.0.0.0:42154, s1:0.0.0.0:36158, s2:0.0.0.0:36910], old=null RUNNING
  s1:  RUNNING CANDIDATE s1@group-3D81F66BC438:t306, leader=null, voted=s1, raftlog=s1@group-3D81F66BC438-SegmentedRaftLog:OPENED:c10,f11,i11, conf=11: [s0:0.0.0.0:42154, s1:0.0.0.0:36158, s2:0.0.0.0:36910], old=null RUNNING
  s2:  RUNNING CANDIDATE s2@group-3D81F66BC438:t306, leader=null, voted=s2, raftlog=s2@group-3D81F66BC438-SegmentedRaftLog:OPENED:c10,f10,i10, conf=9: [s0:0.0.0.0:42154, s1:0.0.0.0:36158, s2:0.0.0.0:36910], old=null RUNNING
	at org.apache.ratis.MiniRaftCluster.newIllegalStateExceptionForNoLeaders(MiniRaftCluster.java:506)
	at org.apache.ratis.RaftTestUtil.lambda$waitForLeader$1(RaftTestUtil.java:90)
	at org.apache.ratis.MiniRaftCluster.getLeader(MiniRaftCluster.java:539)
	at org.apache.ratis.MiniRaftCluster.getLeader(MiniRaftCluster.java:532)
	at org.apache.ratis.RaftTestUtil.lambda$waitForLeader$3(RaftTestUtil.java:98)
	at org.apache.ratis.util.JavaUtils.attempt(JavaUtils.java:152)
	at org.apache.ratis.RaftTestUtil.waitForLeader(RaftTestUtil.java:97)
	at org.apache.ratis.RaftTestUtil.waitForLeader(RaftTestUtil.java:77)
	at org.apache.ratis.RaftTestUtil.waitForLeader(RaftTestUtil.java:72)
	at org.apache.ratis.RaftTestUtil.lambda$changeLeader$7(RaftTestUtil.java:363)
	at org.apache.ratis.util.JavaUtils.attempt(JavaUtils.java:152)
	at org.apache.ratis.RaftTestUtil.changeLeader(RaftTestUtil.java:362)
	at org.apache.ratis.server.impl.LeaderElectionTests.testChangeLeader(LeaderElectionTests.java:81)
	at sun.reflect.NativeMethodAccessorImpl.invoke0(Native Method)
	at sun.reflect.NativeMethodAccessorImpl.invoke(NativeMethodAccessorImpl.java:62)
	at sun.reflect.DelegatingMethodAccessorImpl.invoke(DelegatingMethodAccessorImpl.java:43)
	at java.lang.reflect.Method.invoke(Method.java:498)
	at org.junit.runners.model.FrameworkMethod$1.runReflectiveCall(FrameworkMethod.java:50)
	at org.junit.internal.runners.model.ReflectiveCallable.run(ReflectiveCallable.java:12)
	at org.junit.runners.model.FrameworkMethod.invokeExplosively(FrameworkMethod.java:47)
	at org.junit.internal.runners.statements.InvokeMethod.evaluate(InvokeMethod.java:17)
	at org.junit.internal.runners.statements.RunAfters.evaluate(RunAfters.java:27)
	at org.junit.internal.runners.statements.FailOnTimeout$CallableStatement.call(FailOnTimeout.java:298)
	at org.junit.internal.runners.statements.FailOnTimeout$CallableStatement.call(FailOnTimeout.java:292)
	at java.util.concurrent.FutureTask.run(FutureTask.java:266)
	at java.lang.Thread.run(Thread.java:748)
2019-09-24 12:00:40,189 INFO  impl.LeaderElection (LeaderElection.java:logAndReturn(56)) - s2@group-3D81F66BC438-LeaderElection123: Election TIMEOUT; received 1 response(s) [s2<-s0#0:FAIL-t306] and 0 exception(s); s2@group-3D81F66BC438:t306, leader=null, voted=s2, raftlog=s2@group-3D81F66BC438-SegmentedRaftLog:OPENED:c10,f10,i10, conf=9: [s0:0.0.0.0:42154, s1:0.0.0.0:36158, s2:0.0.0.0:36910], old=null
2019-09-24 12:00:40,204 INFO  impl.LeaderElection (LeaderElection.java:askForVotes(178)) - s2@group-3D81F66BC438-LeaderElection123: begin an election at term 307 for 9: [s0:0.0.0.0:42154, s1:0.0.0.0:36158, s2:0.0.0.0:36910], old=null
2019-09-24 12:00:40,204 DEBUG impl.RaftServerImpl (RaftServerImpl.java:requestVote(743)) - s0@group-3D81F66BC438: receive requestVote(s2, group-3D81F66BC438, 307, (t:13, i:10))
2019-09-24 12:00:40,205 INFO  impl.RaftServerImpl (RaftServerImpl.java:setRole(170)) - s0@group-3D81F66BC438: changes role from  FOLLOWER to FOLLOWER at term 307 for recognizeCandidate:s2
2019-09-24 12:00:40,205 INFO  impl.RoleInfo (RoleInfo.java:shutdownFollowerState(121)) - s0: shutdown FollowerState
2019-09-24 12:00:40,205 INFO  impl.RoleInfo (RoleInfo.java:updateAndGet(143)) - s0: start FollowerState
2019-09-24 12:00:40,205 INFO  impl.FollowerState (FollowerState.java:run(117)) - s0@group-3D81F66BC438-FollowerState was interrupted: java.lang.InterruptedException: sleep interrupted
2019-09-24 12:00:40,218 DEBUG impl.RaftServerImpl (RaftServerImpl.java:requestVote(775)) - s0@group-3D81F66BC438 replies to vote request: s2<-s0#0:FAIL-t307. Peer's state: s0@group-3D81F66BC438:t307, leader=null, voted=null, raftlog=s0@group-3D81F66BC438-SegmentedRaftLog:OPENED:c11,f12,i12, conf=11: [s0:0.0.0.0:42154, s1:0.0.0.0:36158, s2:0.0.0.0:36910], old=null
2019-09-24 12:00:40,323 INFO  impl.LeaderElection (LeaderElection.java:logAndReturn(56)) - s1@group-3D81F66BC438-LeaderElection124: Election TIMEOUT; received 1 response(s) [s1<-s0#0:FAIL-t306] and 0 exception(s); s1@group-3D81F66BC438:t306, leader=null, voted=s1, raftlog=s1@group-3D81F66BC438-SegmentedRaftLog:OPENED:c10,f11,i11, conf=11: [s0:0.0.0.0:42154, s1:0.0.0.0:36158, s2:0.0.0.0:36910], old=null
2019-09-24 12:00:40,337 INFO  impl.LeaderElection (LeaderElection.java:askForVotes(178)) - s1@group-3D81F66BC438-LeaderElection124: begin an election at term 307 for 11: [s0:0.0.0.0:42154, s1:0.0.0.0:36158, s2:0.0.0.0:36910], old=null
2019-09-24 12:00:40,337 DEBUG impl.RaftServerImpl (RaftServerImpl.java:requestVote(743)) - s0@group-3D81F66BC438: receive requestVote(s1, group-3D81F66BC438, 307, (t:14, i:11))
2019-09-24 12:00:40,338 INFO  impl.RaftServerImpl (RaftServerImpl.java:setRole(170)) - s0@group-3D81F66BC438: changes role from  FOLLOWER to FOLLOWER at term 307 for recognizeCandidate:s1
2019-09-24 12:00:40,338 INFO  impl.RoleInfo (RoleInfo.java:shutdownFollowerState(121)) - s0: shutdown FollowerState
2019-09-24 12:00:40,338 INFO  impl.RoleInfo (RoleInfo.java:updateAndGet(143)) - s0: start FollowerState
2019-09-24 12:00:40,338 INFO  impl.FollowerState (FollowerState.java:run(117)) - s0@group-3D81F66BC438-FollowerState was interrupted: java.lang.InterruptedException: sleep interrupted
2019-09-24 12:00:40,338 DEBUG impl.RaftServerImpl (RaftServerImpl.java:requestVote(775)) - s0@group-3D81F66BC438 replies to vote request: s1<-s0#0:FAIL-t307. Peer's state: s0@group-3D81F66BC438:t307, leader=null, voted=null, raftlog=s0@group-3D81F66BC438-SegmentedRaftLog:OPENED:c11,f12,i12, conf=11: [s0:0.0.0.0:42154, s1:0.0.0.0:36158, s2:0.0.0.0:36910], old=null
2019-09-24 12:00:40,499 INFO  impl.LeaderElection (LeaderElection.java:logAndReturn(56)) - s2@group-3D81F66BC438-LeaderElection123: Election TIMEOUT; received 1 response(s) [s2<-s0#0:FAIL-t307] and 0 exception(s); s2@group-3D81F66BC438:t307, leader=null, voted=s2, raftlog=s2@group-3D81F66BC438-SegmentedRaftLog:OPENED:c10,f10,i10, conf=9: [s0:0.0.0.0:42154, s1:0.0.0.0:36158, s2:0.0.0.0:36910], old=null
2019-09-24 12:00:40,513 INFO  impl.LeaderElection (LeaderElection.java:askForVotes(178)) - s2@group-3D81F66BC438-LeaderElection123: begin an election at term 308 for 9: [s0:0.0.0.0:42154, s1:0.0.0.0:36158, s2:0.0.0.0:36910], old=null
2019-09-24 12:00:40,514 DEBUG impl.RaftServerImpl (RaftServerImpl.java:requestVote(743)) - s0@group-3D81F66BC438: receive requestVote(s2, group-3D81F66BC438, 308, (t:13, i:10))
2019-09-24 12:00:40,514 INFO  impl.RaftServerImpl (RaftServerImpl.java:setRole(170)) - s0@group-3D81F66BC438: changes role from  FOLLOWER to FOLLOWER at term 308 for recognizeCandidate:s2
2019-09-24 12:00:40,514 INFO  impl.RoleInfo (RoleInfo.java:shutdownFollowerState(121)) - s0: shutdown FollowerState
2019-09-24 12:00:40,514 INFO  impl.RoleInfo (RoleInfo.java:updateAndGet(143)) - s0: start FollowerState
2019-09-24 12:00:40,514 INFO  impl.FollowerState (FollowerState.java:run(117)) - s0@group-3D81F66BC438-FollowerState was interrupted: java.lang.InterruptedException: sleep interrupted
2019-09-24 12:00:40,539 DEBUG impl.RaftServerImpl (RaftServerImpl.java:requestVote(775)) - s0@group-3D81F66BC438 replies to vote request: s2<-s0#0:FAIL-t308. Peer's state: s0@group-3D81F66BC438:t308, leader=null, voted=null, raftlog=s0@group-3D81F66BC438-SegmentedRaftLog:OPENED:c11,f12,i12, conf=11: [s0:0.0.0.0:42154, s1:0.0.0.0:36158, s2:0.0.0.0:36910], old=null
2019-09-24 12:00:40,544 INFO  impl.LeaderElection (LeaderElection.java:logAndReturn(56)) - s1@group-3D81F66BC438-LeaderElection124: Election TIMEOUT; received 1 response(s) [s1<-s0#0:FAIL-t307] and 0 exception(s); s1@group-3D81F66BC438:t307, leader=null, voted=s1, raftlog=s1@group-3D81F66BC438-SegmentedRaftLog:OPENED:c10,f11,i11, conf=11: [s0:0.0.0.0:42154, s1:0.0.0.0:36158, s2:0.0.0.0:36910], old=null
2019-09-24 12:00:40,556 INFO  impl.LeaderElection (LeaderElection.java:askForVotes(178)) - s1@group-3D81F66BC438-LeaderElection124: begin an election at term 308 for 11: [s0:0.0.0.0:42154, s1:0.0.0.0:36158, s2:0.0.0.0:36910], old=null
2019-09-24 12:00:40,557 DEBUG impl.RaftServerImpl (RaftServerImpl.java:requestVote(743)) - s0@group-3D81F66BC438: receive requestVote(s1, group-3D81F66BC438, 308, (t:14, i:11))
2019-09-24 12:00:40,557 INFO  impl.RaftServerImpl (RaftServerImpl.java:setRole(170)) - s0@group-3D81F66BC438: changes role from  FOLLOWER to FOLLOWER at term 308 for recognizeCandidate:s1
2019-09-24 12:00:40,557 INFO  impl.RoleInfo (RoleInfo.java:shutdownFollowerState(121)) - s0: shutdown FollowerState
2019-09-24 12:00:40,557 INFO  impl.RoleInfo (RoleInfo.java:updateAndGet(143)) - s0: start FollowerState
2019-09-24 12:00:40,557 INFO  impl.FollowerState (FollowerState.java:run(117)) - s0@group-3D81F66BC438-FollowerState was interrupted: java.lang.InterruptedException: sleep interrupted
2019-09-24 12:00:40,558 DEBUG impl.RaftServerImpl (RaftServerImpl.java:requestVote(775)) - s0@group-3D81F66BC438 replies to vote request: s1<-s0#0:FAIL-t308. Peer's state: s0@group-3D81F66BC438:t308, leader=null, voted=null, raftlog=s0@group-3D81F66BC438-SegmentedRaftLog:OPENED:c11,f12,i12, conf=11: [s0:0.0.0.0:42154, s1:0.0.0.0:36158, s2:0.0.0.0:36910], old=null
2019-09-24 12:00:40,586 WARN  ratis.RaftTestUtil (JavaUtils.java:attempt(158)) - FAILED "waitForLeader-null-(expectLeader? true)", attempt #54/100: java.lang.IllegalStateException: No leader yet : printing ALL groups
  s0:  RUNNING  FOLLOWER s0@group-3D81F66BC438:t308, leader=null, voted=null, raftlog=s0@group-3D81F66BC438-SegmentedRaftLog:OPENED:c11,f12,i12, conf=11: [s0:0.0.0.0:42154, s1:0.0.0.0:36158, s2:0.0.0.0:36910], old=null RUNNING
  s1:  RUNNING CANDIDATE s1@group-3D81F66BC438:t308, leader=null, voted=s1, raftlog=s1@group-3D81F66BC438-SegmentedRaftLog:OPENED:c10,f11,i11, conf=11: [s0:0.0.0.0:42154, s1:0.0.0.0:36158, s2:0.0.0.0:36910], old=null RUNNING
  s2:  RUNNING CANDIDATE s2@group-3D81F66BC438:t308, leader=null, voted=s2, raftlog=s2@group-3D81F66BC438-SegmentedRaftLog:OPENED:c10,f10,i10, conf=9: [s0:0.0.0.0:42154, s1:0.0.0.0:36158, s2:0.0.0.0:36910], old=null RUNNING, sleep 450ms and then retry.
java.lang.IllegalStateException: No leader yet : printing ALL groups
  s0:  RUNNING  FOLLOWER s0@group-3D81F66BC438:t308, leader=null, voted=null, raftlog=s0@group-3D81F66BC438-SegmentedRaftLog:OPENED:c11,f12,i12, conf=11: [s0:0.0.0.0:42154, s1:0.0.0.0:36158, s2:0.0.0.0:36910], old=null RUNNING
  s1:  RUNNING CANDIDATE s1@group-3D81F66BC438:t308, leader=null, voted=s1, raftlog=s1@group-3D81F66BC438-SegmentedRaftLog:OPENED:c10,f11,i11, conf=11: [s0:0.0.0.0:42154, s1:0.0.0.0:36158, s2:0.0.0.0:36910], old=null RUNNING
  s2:  RUNNING CANDIDATE s2@group-3D81F66BC438:t308, leader=null, voted=s2, raftlog=s2@group-3D81F66BC438-SegmentedRaftLog:OPENED:c10,f10,i10, conf=9: [s0:0.0.0.0:42154, s1:0.0.0.0:36158, s2:0.0.0.0:36910], old=null RUNNING
	at org.apache.ratis.MiniRaftCluster.newIllegalStateExceptionForNoLeaders(MiniRaftCluster.java:506)
	at org.apache.ratis.RaftTestUtil.lambda$waitForLeader$1(RaftTestUtil.java:90)
	at org.apache.ratis.MiniRaftCluster.getLeader(MiniRaftCluster.java:539)
	at org.apache.ratis.MiniRaftCluster.getLeader(MiniRaftCluster.java:532)
	at org.apache.ratis.RaftTestUtil.lambda$waitForLeader$3(RaftTestUtil.java:98)
	at org.apache.ratis.util.JavaUtils.attempt(JavaUtils.java:152)
	at org.apache.ratis.RaftTestUtil.waitForLeader(RaftTestUtil.java:97)
	at org.apache.ratis.RaftTestUtil.waitForLeader(RaftTestUtil.java:77)
	at org.apache.ratis.RaftTestUtil.waitForLeader(RaftTestUtil.java:72)
	at org.apache.ratis.RaftTestUtil.lambda$changeLeader$7(RaftTestUtil.java:363)
	at org.apache.ratis.util.JavaUtils.attempt(JavaUtils.java:152)
	at org.apache.ratis.RaftTestUtil.changeLeader(RaftTestUtil.java:362)
	at org.apache.ratis.server.impl.LeaderElectionTests.testChangeLeader(LeaderElectionTests.java:81)
	at sun.reflect.NativeMethodAccessorImpl.invoke0(Native Method)
	at sun.reflect.NativeMethodAccessorImpl.invoke(NativeMethodAccessorImpl.java:62)
	at sun.reflect.DelegatingMethodAccessorImpl.invoke(DelegatingMethodAccessorImpl.java:43)
	at java.lang.reflect.Method.invoke(Method.java:498)
	at org.junit.runners.model.FrameworkMethod$1.runReflectiveCall(FrameworkMethod.java:50)
	at org.junit.internal.runners.model.ReflectiveCallable.run(ReflectiveCallable.java:12)
	at org.junit.runners.model.FrameworkMethod.invokeExplosively(FrameworkMethod.java:47)
	at org.junit.internal.runners.statements.InvokeMethod.evaluate(InvokeMethod.java:17)
	at org.junit.internal.runners.statements.RunAfters.evaluate(RunAfters.java:27)
	at org.junit.internal.runners.statements.FailOnTimeout$CallableStatement.call(FailOnTimeout.java:298)
	at org.junit.internal.runners.statements.FailOnTimeout$CallableStatement.call(FailOnTimeout.java:292)
	at java.util.concurrent.FutureTask.run(FutureTask.java:266)
	at java.lang.Thread.run(Thread.java:748)
2019-09-24 12:00:40,753 INFO  impl.LeaderElection (LeaderElection.java:logAndReturn(56)) - s1@group-3D81F66BC438-LeaderElection124: Election TIMEOUT; received 1 response(s) [s1<-s0#0:FAIL-t308] and 0 exception(s); s1@group-3D81F66BC438:t308, leader=null, voted=s1, raftlog=s1@group-3D81F66BC438-SegmentedRaftLog:OPENED:c10,f11,i11, conf=11: [s0:0.0.0.0:42154, s1:0.0.0.0:36158, s2:0.0.0.0:36910], old=null
2019-09-24 12:00:40,778 INFO  impl.LeaderElection (LeaderElection.java:askForVotes(178)) - s1@group-3D81F66BC438-LeaderElection124: begin an election at term 309 for 11: [s0:0.0.0.0:42154, s1:0.0.0.0:36158, s2:0.0.0.0:36910], old=null
2019-09-24 12:00:40,779 DEBUG impl.RaftServerImpl (RaftServerImpl.java:requestVote(743)) - s0@group-3D81F66BC438: receive requestVote(s1, group-3D81F66BC438, 309, (t:14, i:11))
2019-09-24 12:00:40,779 INFO  impl.RaftServerImpl (RaftServerImpl.java:setRole(170)) - s0@group-3D81F66BC438: changes role from  FOLLOWER to FOLLOWER at term 309 for recognizeCandidate:s1
2019-09-24 12:00:40,779 INFO  impl.RoleInfo (RoleInfo.java:shutdownFollowerState(121)) - s0: shutdown FollowerState
2019-09-24 12:00:40,779 INFO  impl.RoleInfo (RoleInfo.java:updateAndGet(143)) - s0: start FollowerState
2019-09-24 12:00:40,779 INFO  impl.FollowerState (FollowerState.java:run(117)) - s0@group-3D81F66BC438-FollowerState was interrupted: java.lang.InterruptedException: sleep interrupted
2019-09-24 12:00:40,804 DEBUG impl.RaftServerImpl (RaftServerImpl.java:requestVote(775)) - s0@group-3D81F66BC438 replies to vote request: s1<-s0#0:FAIL-t309. Peer's state: s0@group-3D81F66BC438:t309, leader=null, voted=null, raftlog=s0@group-3D81F66BC438-SegmentedRaftLog:OPENED:c11,f12,i12, conf=11: [s0:0.0.0.0:42154, s1:0.0.0.0:36158, s2:0.0.0.0:36910], old=null
2019-09-24 12:00:40,809 INFO  impl.LeaderElection (LeaderElection.java:logAndReturn(56)) - s2@group-3D81F66BC438-LeaderElection123: Election TIMEOUT; received 1 response(s) [s2<-s0#0:FAIL-t308] and 0 exception(s); s2@group-3D81F66BC438:t308, leader=null, voted=s2, raftlog=s2@group-3D81F66BC438-SegmentedRaftLog:OPENED:c10,f10,i10, conf=9: [s0:0.0.0.0:42154, s1:0.0.0.0:36158, s2:0.0.0.0:36910], old=null
2019-09-24 12:00:40,834 INFO  impl.LeaderElection (LeaderElection.java:askForVotes(178)) - s2@group-3D81F66BC438-LeaderElection123: begin an election at term 309 for 9: [s0:0.0.0.0:42154, s1:0.0.0.0:36158, s2:0.0.0.0:36910], old=null
2019-09-24 12:00:40,834 DEBUG impl.RaftServerImpl (RaftServerImpl.java:requestVote(743)) - s0@group-3D81F66BC438: receive requestVote(s2, group-3D81F66BC438, 309, (t:13, i:10))
2019-09-24 12:00:40,834 INFO  impl.RaftServerImpl (RaftServerImpl.java:setRole(170)) - s0@group-3D81F66BC438: changes role from  FOLLOWER to FOLLOWER at term 309 for recognizeCandidate:s2
2019-09-24 12:00:40,835 INFO  impl.RoleInfo (RoleInfo.java:shutdownFollowerState(121)) - s0: shutdown FollowerState
2019-09-24 12:00:40,835 INFO  impl.RoleInfo (RoleInfo.java:updateAndGet(143)) - s0: start FollowerState
2019-09-24 12:00:40,835 INFO  impl.FollowerState (FollowerState.java:run(117)) - s0@group-3D81F66BC438-FollowerState was interrupted: java.lang.InterruptedException: sleep interrupted
2019-09-24 12:00:40,835 DEBUG impl.RaftServerImpl (RaftServerImpl.java:requestVote(775)) - s0@group-3D81F66BC438 replies to vote request: s2<-s0#0:FAIL-t309. Peer's state: s0@group-3D81F66BC438:t309, leader=null, voted=null, raftlog=s0@group-3D81F66BC438-SegmentedRaftLog:OPENED:c11,f12,i12, conf=11: [s0:0.0.0.0:42154, s1:0.0.0.0:36158, s2:0.0.0.0:36910], old=null
2019-09-24 12:00:41,038 WARN  ratis.RaftTestUtil (JavaUtils.java:attempt(158)) - FAILED "waitForLeader-null-(expectLeader? true)", attempt #55/100: java.lang.IllegalStateException: No leader yet : printing ALL groups
  s0:  RUNNING  FOLLOWER s0@group-3D81F66BC438:t309, leader=null, voted=null, raftlog=s0@group-3D81F66BC438-SegmentedRaftLog:OPENED:c11,f12,i12, conf=11: [s0:0.0.0.0:42154, s1:0.0.0.0:36158, s2:0.0.0.0:36910], old=null RUNNING
  s1:  RUNNING CANDIDATE s1@group-3D81F66BC438:t309, leader=null, voted=s1, raftlog=s1@group-3D81F66BC438-SegmentedRaftLog:OPENED:c10,f11,i11, conf=11: [s0:0.0.0.0:42154, s1:0.0.0.0:36158, s2:0.0.0.0:36910], old=null RUNNING
  s2:  RUNNING CANDIDATE s2@group-3D81F66BC438:t309, leader=null, voted=s2, raftlog=s2@group-3D81F66BC438-SegmentedRaftLog:OPENED:c10,f10,i10, conf=9: [s0:0.0.0.0:42154, s1:0.0.0.0:36158, s2:0.0.0.0:36910], old=null RUNNING, sleep 450ms and then retry.
java.lang.IllegalStateException: No leader yet : printing ALL groups
  s0:  RUNNING  FOLLOWER s0@group-3D81F66BC438:t309, leader=null, voted=null, raftlog=s0@group-3D81F66BC438-SegmentedRaftLog:OPENED:c11,f12,i12, conf=11: [s0:0.0.0.0:42154, s1:0.0.0.0:36158, s2:0.0.0.0:36910], old=null RUNNING
  s1:  RUNNING CANDIDATE s1@group-3D81F66BC438:t309, leader=null, voted=s1, raftlog=s1@group-3D81F66BC438-SegmentedRaftLog:OPENED:c10,f11,i11, conf=11: [s0:0.0.0.0:42154, s1:0.0.0.0:36158, s2:0.0.0.0:36910], old=null RUNNING
  s2:  RUNNING CANDIDATE s2@group-3D81F66BC438:t309, leader=null, voted=s2, raftlog=s2@group-3D81F66BC438-SegmentedRaftLog:OPENED:c10,f10,i10, conf=9: [s0:0.0.0.0:42154, s1:0.0.0.0:36158, s2:0.0.0.0:36910], old=null RUNNING
	at org.apache.ratis.MiniRaftCluster.newIllegalStateExceptionForNoLeaders(MiniRaftCluster.java:506)
	at org.apache.ratis.RaftTestUtil.lambda$waitForLeader$1(RaftTestUtil.java:90)
	at org.apache.ratis.MiniRaftCluster.getLeader(MiniRaftCluster.java:539)
	at org.apache.ratis.MiniRaftCluster.getLeader(MiniRaftCluster.java:532)
	at org.apache.ratis.RaftTestUtil.lambda$waitForLeader$3(RaftTestUtil.java:98)
	at org.apache.ratis.util.JavaUtils.attempt(JavaUtils.java:152)
	at org.apache.ratis.RaftTestUtil.waitForLeader(RaftTestUtil.java:97)
	at org.apache.ratis.RaftTestUtil.waitForLeader(RaftTestUtil.java:77)
	at org.apache.ratis.RaftTestUtil.waitForLeader(RaftTestUtil.java:72)
	at org.apache.ratis.RaftTestUtil.lambda$changeLeader$7(RaftTestUtil.java:363)
	at org.apache.ratis.util.JavaUtils.attempt(JavaUtils.java:152)
	at org.apache.ratis.RaftTestUtil.changeLeader(RaftTestUtil.java:362)
	at org.apache.ratis.server.impl.LeaderElectionTests.testChangeLeader(LeaderElectionTests.java:81)
	at sun.reflect.NativeMethodAccessorImpl.invoke0(Native Method)
	at sun.reflect.NativeMethodAccessorImpl.invoke(NativeMethodAccessorImpl.java:62)
	at sun.reflect.DelegatingMethodAccessorImpl.invoke(DelegatingMethodAccessorImpl.java:43)
	at java.lang.reflect.Method.invoke(Method.java:498)
	at org.junit.runners.model.FrameworkMethod$1.runReflectiveCall(FrameworkMethod.java:50)
	at org.junit.internal.runners.model.ReflectiveCallable.run(ReflectiveCallable.java:12)
	at org.junit.runners.model.FrameworkMethod.invokeExplosively(FrameworkMethod.java:47)
	at org.junit.internal.runners.statements.InvokeMethod.evaluate(InvokeMethod.java:17)
	at org.junit.internal.runners.statements.RunAfters.evaluate(RunAfters.java:27)
	at org.junit.internal.runners.statements.FailOnTimeout$CallableStatement.call(FailOnTimeout.java:298)
	at org.junit.internal.runners.statements.FailOnTimeout$CallableStatement.call(FailOnTimeout.java:292)
	at java.util.concurrent.FutureTask.run(FutureTask.java:266)
	at java.lang.Thread.run(Thread.java:748)
2019-09-24 12:00:41,052 INFO  impl.LeaderElection (LeaderElection.java:logAndReturn(56)) - s1@group-3D81F66BC438-LeaderElection124: Election TIMEOUT; received 1 response(s) [s1<-s0#0:FAIL-t309] and 0 exception(s); s1@group-3D81F66BC438:t309, leader=null, voted=s1, raftlog=s1@group-3D81F66BC438-SegmentedRaftLog:OPENED:c10,f11,i11, conf=11: [s0:0.0.0.0:42154, s1:0.0.0.0:36158, s2:0.0.0.0:36910], old=null
2019-09-24 12:00:41,066 INFO  impl.LeaderElection (LeaderElection.java:askForVotes(178)) - s1@group-3D81F66BC438-LeaderElection124: begin an election at term 310 for 11: [s0:0.0.0.0:42154, s1:0.0.0.0:36158, s2:0.0.0.0:36910], old=null
2019-09-24 12:00:41,066 DEBUG impl.RaftServerImpl (RaftServerImpl.java:requestVote(743)) - s0@group-3D81F66BC438: receive requestVote(s1, group-3D81F66BC438, 310, (t:14, i:11))
2019-09-24 12:00:41,067 INFO  impl.RaftServerImpl (RaftServerImpl.java:setRole(170)) - s0@group-3D81F66BC438: changes role from  FOLLOWER to FOLLOWER at term 310 for recognizeCandidate:s1
2019-09-24 12:00:41,067 INFO  impl.RoleInfo (RoleInfo.java:shutdownFollowerState(121)) - s0: shutdown FollowerState
2019-09-24 12:00:41,067 INFO  impl.RoleInfo (RoleInfo.java:updateAndGet(143)) - s0: start FollowerState
2019-09-24 12:00:41,067 INFO  impl.FollowerState (FollowerState.java:run(117)) - s0@group-3D81F66BC438-FollowerState was interrupted: java.lang.InterruptedException: sleep interrupted
2019-09-24 12:00:41,081 DEBUG impl.RaftServerImpl (RaftServerImpl.java:requestVote(775)) - s0@group-3D81F66BC438 replies to vote request: s1<-s0#0:FAIL-t310. Peer's state: s0@group-3D81F66BC438:t310, leader=null, voted=null, raftlog=s0@group-3D81F66BC438-SegmentedRaftLog:OPENED:c11,f12,i12, conf=11: [s0:0.0.0.0:42154, s1:0.0.0.0:36158, s2:0.0.0.0:36910], old=null
2019-09-24 12:00:41,089 INFO  impl.LeaderElection (LeaderElection.java:logAndReturn(56)) - s2@group-3D81F66BC438-LeaderElection123: Election TIMEOUT; received 1 response(s) [s2<-s0#0:FAIL-t309] and 0 exception(s); s2@group-3D81F66BC438:t309, leader=null, voted=s2, raftlog=s2@group-3D81F66BC438-SegmentedRaftLog:OPENED:c10,f10,i10, conf=9: [s0:0.0.0.0:42154, s1:0.0.0.0:36158, s2:0.0.0.0:36910], old=null
2019-09-24 12:00:41,103 INFO  impl.LeaderElection (LeaderElection.java:askForVotes(178)) - s2@group-3D81F66BC438-LeaderElection123: begin an election at term 310 for 9: [s0:0.0.0.0:42154, s1:0.0.0.0:36158, s2:0.0.0.0:36910], old=null
2019-09-24 12:00:41,103 DEBUG impl.RaftServerImpl (RaftServerImpl.java:requestVote(743)) - s0@group-3D81F66BC438: receive requestVote(s2, group-3D81F66BC438, 310, (t:13, i:10))
2019-09-24 12:00:41,103 INFO  impl.RaftServerImpl (RaftServerImpl.java:setRole(170)) - s0@group-3D81F66BC438: changes role from  FOLLOWER to FOLLOWER at term 310 for recognizeCandidate:s2
2019-09-24 12:00:41,104 INFO  impl.RoleInfo (RoleInfo.java:shutdownFollowerState(121)) - s0: shutdown FollowerState
2019-09-24 12:00:41,104 INFO  impl.RoleInfo (RoleInfo.java:updateAndGet(143)) - s0: start FollowerState
2019-09-24 12:00:41,104 INFO  impl.FollowerState (FollowerState.java:run(117)) - s0@group-3D81F66BC438-FollowerState was interrupted: java.lang.InterruptedException: sleep interrupted
2019-09-24 12:00:41,104 DEBUG impl.RaftServerImpl (RaftServerImpl.java:requestVote(775)) - s0@group-3D81F66BC438 replies to vote request: s2<-s0#0:FAIL-t310. Peer's state: s0@group-3D81F66BC438:t310, leader=null, voted=null, raftlog=s0@group-3D81F66BC438-SegmentedRaftLog:OPENED:c11,f12,i12, conf=11: [s0:0.0.0.0:42154, s1:0.0.0.0:36158, s2:0.0.0.0:36910], old=null
2019-09-24 12:00:41,263 INFO  impl.LeaderElection (LeaderElection.java:logAndReturn(56)) - s2@group-3D81F66BC438-LeaderElection123: Election TIMEOUT; received 1 response(s) [s2<-s0#0:FAIL-t310] and 0 exception(s); s2@group-3D81F66BC438:t310, leader=null, voted=s2, raftlog=s2@group-3D81F66BC438-SegmentedRaftLog:OPENED:c10,f10,i10, conf=9: [s0:0.0.0.0:42154, s1:0.0.0.0:36158, s2:0.0.0.0:36910], old=null
2019-09-24 12:00:41,276 INFO  impl.LeaderElection (LeaderElection.java:askForVotes(178)) - s2@group-3D81F66BC438-LeaderElection123: begin an election at term 311 for 9: [s0:0.0.0.0:42154, s1:0.0.0.0:36158, s2:0.0.0.0:36910], old=null
2019-09-24 12:00:41,277 DEBUG impl.RaftServerImpl (RaftServerImpl.java:requestVote(743)) - s0@group-3D81F66BC438: receive requestVote(s2, group-3D81F66BC438, 311, (t:13, i:10))
2019-09-24 12:00:41,277 INFO  impl.RaftServerImpl (RaftServerImpl.java:setRole(170)) - s0@group-3D81F66BC438: changes role from  FOLLOWER to FOLLOWER at term 311 for recognizeCandidate:s2
2019-09-24 12:00:41,277 INFO  impl.RoleInfo (RoleInfo.java:shutdownFollowerState(121)) - s0: shutdown FollowerState
2019-09-24 12:00:41,277 INFO  impl.RoleInfo (RoleInfo.java:updateAndGet(143)) - s0: start FollowerState
2019-09-24 12:00:41,277 INFO  impl.FollowerState (FollowerState.java:run(117)) - s0@group-3D81F66BC438-FollowerState was interrupted: java.lang.InterruptedException: sleep interrupted
2019-09-24 12:00:41,292 DEBUG impl.RaftServerImpl (RaftServerImpl.java:requestVote(775)) - s0@group-3D81F66BC438 replies to vote request: s2<-s0#0:FAIL-t311. Peer's state: s0@group-3D81F66BC438:t311, leader=null, voted=null, raftlog=s0@group-3D81F66BC438-SegmentedRaftLog:OPENED:c11,f12,i12, conf=11: [s0:0.0.0.0:42154, s1:0.0.0.0:36158, s2:0.0.0.0:36910], old=null
2019-09-24 12:00:41,311 INFO  impl.LeaderElection (LeaderElection.java:logAndReturn(56)) - s1@group-3D81F66BC438-LeaderElection124: Election TIMEOUT; received 1 response(s) [s1<-s0#0:FAIL-t310] and 0 exception(s); s1@group-3D81F66BC438:t310, leader=null, voted=s1, raftlog=s1@group-3D81F66BC438-SegmentedRaftLog:OPENED:c10,f11,i11, conf=11: [s0:0.0.0.0:42154, s1:0.0.0.0:36158, s2:0.0.0.0:36910], old=null
2019-09-24 12:00:41,324 INFO  impl.LeaderElection (LeaderElection.java:askForVotes(178)) - s1@group-3D81F66BC438-LeaderElection124: begin an election at term 311 for 11: [s0:0.0.0.0:42154, s1:0.0.0.0:36158, s2:0.0.0.0:36910], old=null
2019-09-24 12:00:41,325 DEBUG impl.RaftServerImpl (RaftServerImpl.java:requestVote(743)) - s0@group-3D81F66BC438: receive requestVote(s1, group-3D81F66BC438, 311, (t:14, i:11))
2019-09-24 12:00:41,325 INFO  impl.RaftServerImpl (RaftServerImpl.java:setRole(170)) - s0@group-3D81F66BC438: changes role from  FOLLOWER to FOLLOWER at term 311 for recognizeCandidate:s1
2019-09-24 12:00:41,325 INFO  impl.RoleInfo (RoleInfo.java:shutdownFollowerState(121)) - s0: shutdown FollowerState
2019-09-24 12:00:41,325 INFO  impl.RoleInfo (RoleInfo.java:updateAndGet(143)) - s0: start FollowerState
2019-09-24 12:00:41,325 INFO  impl.FollowerState (FollowerState.java:run(117)) - s0@group-3D81F66BC438-FollowerState was interrupted: java.lang.InterruptedException: sleep interrupted
2019-09-24 12:00:41,326 DEBUG impl.RaftServerImpl (RaftServerImpl.java:requestVote(775)) - s0@group-3D81F66BC438 replies to vote request: s1<-s0#0:FAIL-t311. Peer's state: s0@group-3D81F66BC438:t311, leader=null, voted=null, raftlog=s0@group-3D81F66BC438-SegmentedRaftLog:OPENED:c11,f12,i12, conf=11: [s0:0.0.0.0:42154, s1:0.0.0.0:36158, s2:0.0.0.0:36910], old=null
2019-09-24 12:00:41,460 INFO  impl.LeaderElection (LeaderElection.java:logAndReturn(56)) - s2@group-3D81F66BC438-LeaderElection123: Election TIMEOUT; received 1 response(s) [s2<-s0#0:FAIL-t311] and 0 exception(s); s2@group-3D81F66BC438:t311, leader=null, voted=s2, raftlog=s2@group-3D81F66BC438-SegmentedRaftLog:OPENED:c10,f10,i10, conf=9: [s0:0.0.0.0:42154, s1:0.0.0.0:36158, s2:0.0.0.0:36910], old=null
2019-09-24 12:00:41,481 INFO  impl.LeaderElection (LeaderElection.java:askForVotes(178)) - s2@group-3D81F66BC438-LeaderElection123: begin an election at term 312 for 9: [s0:0.0.0.0:42154, s1:0.0.0.0:36158, s2:0.0.0.0:36910], old=null
2019-09-24 12:00:41,482 DEBUG impl.RaftServerImpl (RaftServerImpl.java:requestVote(743)) - s0@group-3D81F66BC438: receive requestVote(s2, group-3D81F66BC438, 312, (t:13, i:10))
2019-09-24 12:00:41,482 INFO  impl.RaftServerImpl (RaftServerImpl.java:setRole(170)) - s0@group-3D81F66BC438: changes role from  FOLLOWER to FOLLOWER at term 312 for recognizeCandidate:s2
2019-09-24 12:00:41,482 INFO  impl.RoleInfo (RoleInfo.java:shutdownFollowerState(121)) - s0: shutdown FollowerState
2019-09-24 12:00:41,482 INFO  impl.RoleInfo (RoleInfo.java:updateAndGet(143)) - s0: start FollowerState
2019-09-24 12:00:41,483 INFO  impl.FollowerState (FollowerState.java:run(117)) - s0@group-3D81F66BC438-FollowerState was interrupted: java.lang.InterruptedException: sleep interrupted
2019-09-24 12:00:41,489 WARN  ratis.RaftTestUtil (JavaUtils.java:attempt(158)) - FAILED "waitForLeader-null-(expectLeader? true)", attempt #56/100: java.lang.IllegalStateException: No leader yet : printing ALL groups
  s0:  RUNNING  FOLLOWER s0@group-3D81F66BC438:t312, leader=null, voted=null, raftlog=s0@group-3D81F66BC438-SegmentedRaftLog:OPENED:c11,f12,i12, conf=11: [s0:0.0.0.0:42154, s1:0.0.0.0:36158, s2:0.0.0.0:36910], old=null RUNNING
  s1:  RUNNING CANDIDATE s1@group-3D81F66BC438:t311, leader=null, voted=s1, raftlog=s1@group-3D81F66BC438-SegmentedRaftLog:OPENED:c10,f11,i11, conf=11: [s0:0.0.0.0:42154, s1:0.0.0.0:36158, s2:0.0.0.0:36910], old=null RUNNING
  s2:  RUNNING CANDIDATE s2@group-3D81F66BC438:t312, leader=null, voted=s2, raftlog=s2@group-3D81F66BC438-SegmentedRaftLog:OPENED:c10,f10,i10, conf=9: [s0:0.0.0.0:42154, s1:0.0.0.0:36158, s2:0.0.0.0:36910], old=null RUNNING, sleep 450ms and then retry.
java.lang.IllegalStateException: No leader yet : printing ALL groups
  s0:  RUNNING  FOLLOWER s0@group-3D81F66BC438:t312, leader=null, voted=null, raftlog=s0@group-3D81F66BC438-SegmentedRaftLog:OPENED:c11,f12,i12, conf=11: [s0:0.0.0.0:42154, s1:0.0.0.0:36158, s2:0.0.0.0:36910], old=null RUNNING
  s1:  RUNNING CANDIDATE s1@group-3D81F66BC438:t311, leader=null, voted=s1, raftlog=s1@group-3D81F66BC438-SegmentedRaftLog:OPENED:c10,f11,i11, conf=11: [s0:0.0.0.0:42154, s1:0.0.0.0:36158, s2:0.0.0.0:36910], old=null RUNNING
  s2:  RUNNING CANDIDATE s2@group-3D81F66BC438:t312, leader=null, voted=s2, raftlog=s2@group-3D81F66BC438-SegmentedRaftLog:OPENED:c10,f10,i10, conf=9: [s0:0.0.0.0:42154, s1:0.0.0.0:36158, s2:0.0.0.0:36910], old=null RUNNING
	at org.apache.ratis.MiniRaftCluster.newIllegalStateExceptionForNoLeaders(MiniRaftCluster.java:506)
	at org.apache.ratis.RaftTestUtil.lambda$waitForLeader$1(RaftTestUtil.java:90)
	at org.apache.ratis.MiniRaftCluster.getLeader(MiniRaftCluster.java:539)
	at org.apache.ratis.MiniRaftCluster.getLeader(MiniRaftCluster.java:532)
	at org.apache.ratis.RaftTestUtil.lambda$waitForLeader$3(RaftTestUtil.java:98)
	at org.apache.ratis.util.JavaUtils.attempt(JavaUtils.java:152)
	at org.apache.ratis.RaftTestUtil.waitForLeader(RaftTestUtil.java:97)
	at org.apache.ratis.RaftTestUtil.waitForLeader(RaftTestUtil.java:77)
	at org.apache.ratis.RaftTestUtil.waitForLeader(RaftTestUtil.java:72)
	at org.apache.ratis.RaftTestUtil.lambda$changeLeader$7(RaftTestUtil.java:363)
	at org.apache.ratis.util.JavaUtils.attempt(JavaUtils.java:152)
	at org.apache.ratis.RaftTestUtil.changeLeader(RaftTestUtil.java:362)
	at org.apache.ratis.server.impl.LeaderElectionTests.testChangeLeader(LeaderElectionTests.java:81)
	at sun.reflect.NativeMethodAccessorImpl.invoke0(Native Method)
	at sun.reflect.NativeMethodAccessorImpl.invoke(NativeMethodAccessorImpl.java:62)
	at sun.reflect.DelegatingMethodAccessorImpl.invoke(DelegatingMethodAccessorImpl.java:43)
	at java.lang.reflect.Method.invoke(Method.java:498)
	at org.junit.runners.model.FrameworkMethod$1.runReflectiveCall(FrameworkMethod.java:50)
	at org.junit.internal.runners.model.ReflectiveCallable.run(ReflectiveCallable.java:12)
	at org.junit.runners.model.FrameworkMethod.invokeExplosively(FrameworkMethod.java:47)
	at org.junit.internal.runners.statements.InvokeMethod.evaluate(InvokeMethod.java:17)
	at org.junit.internal.runners.statements.RunAfters.evaluate(RunAfters.java:27)
	at org.junit.internal.runners.statements.FailOnTimeout$CallableStatement.call(FailOnTimeout.java:298)
	at org.junit.internal.runners.statements.FailOnTimeout$CallableStatement.call(FailOnTimeout.java:292)
	at java.util.concurrent.FutureTask.run(FutureTask.java:266)
	at java.lang.Thread.run(Thread.java:748)
2019-09-24 12:00:41,498 DEBUG impl.RaftServerImpl (RaftServerImpl.java:requestVote(775)) - s0@group-3D81F66BC438 replies to vote request: s2<-s0#0:FAIL-t312. Peer's state: s0@group-3D81F66BC438:t312, leader=null, voted=null, raftlog=s0@group-3D81F66BC438-SegmentedRaftLog:OPENED:c11,f12,i12, conf=11: [s0:0.0.0.0:42154, s1:0.0.0.0:36158, s2:0.0.0.0:36910], old=null
2019-09-24 12:00:41,576 INFO  impl.LeaderElection (LeaderElection.java:logAndReturn(56)) - s1@group-3D81F66BC438-LeaderElection124: Election TIMEOUT; received 1 response(s) [s1<-s0#0:FAIL-t311] and 0 exception(s); s1@group-3D81F66BC438:t311, leader=null, voted=s1, raftlog=s1@group-3D81F66BC438-SegmentedRaftLog:OPENED:c10,f11,i11, conf=11: [s0:0.0.0.0:42154, s1:0.0.0.0:36158, s2:0.0.0.0:36910], old=null
2019-09-24 12:00:41,589 INFO  impl.LeaderElection (LeaderElection.java:askForVotes(178)) - s1@group-3D81F66BC438-LeaderElection124: begin an election at term 312 for 11: [s0:0.0.0.0:42154, s1:0.0.0.0:36158, s2:0.0.0.0:36910], old=null
2019-09-24 12:00:41,589 DEBUG impl.RaftServerImpl (RaftServerImpl.java:requestVote(743)) - s0@group-3D81F66BC438: receive requestVote(s1, group-3D81F66BC438, 312, (t:14, i:11))
2019-09-24 12:00:41,589 INFO  impl.RaftServerImpl (RaftServerImpl.java:setRole(170)) - s0@group-3D81F66BC438: changes role from  FOLLOWER to FOLLOWER at term 312 for recognizeCandidate:s1
2019-09-24 12:00:41,590 INFO  impl.RoleInfo (RoleInfo.java:shutdownFollowerState(121)) - s0: shutdown FollowerState
2019-09-24 12:00:41,590 INFO  impl.RoleInfo (RoleInfo.java:updateAndGet(143)) - s0: start FollowerState
2019-09-24 12:00:41,590 INFO  impl.FollowerState (FollowerState.java:run(117)) - s0@group-3D81F66BC438-FollowerState was interrupted: java.lang.InterruptedException: sleep interrupted
2019-09-24 12:00:41,590 DEBUG impl.RaftServerImpl (RaftServerImpl.java:requestVote(775)) - s0@group-3D81F66BC438 replies to vote request: s1<-s0#0:FAIL-t312. Peer's state: s0@group-3D81F66BC438:t312, leader=null, voted=null, raftlog=s0@group-3D81F66BC438-SegmentedRaftLog:OPENED:c11,f12,i12, conf=11: [s0:0.0.0.0:42154, s1:0.0.0.0:36158, s2:0.0.0.0:36910], old=null
2019-09-24 12:00:41,743 INFO  impl.LeaderElection (LeaderElection.java:logAndReturn(56)) - s2@group-3D81F66BC438-LeaderElection123: Election TIMEOUT; received 1 response(s) [s2<-s0#0:FAIL-t312] and 0 exception(s); s2@group-3D81F66BC438:t312, leader=null, voted=s2, raftlog=s2@group-3D81F66BC438-SegmentedRaftLog:OPENED:c10,f10,i10, conf=9: [s0:0.0.0.0:42154, s1:0.0.0.0:36158, s2:0.0.0.0:36910], old=null
2019-09-24 12:00:41,754 INFO  impl.LeaderElection (LeaderElection.java:logAndReturn(56)) - s1@group-3D81F66BC438-LeaderElection124: Election TIMEOUT; received 1 response(s) [s1<-s0#0:FAIL-t312] and 0 exception(s); s1@group-3D81F66BC438:t312, leader=null, voted=s1, raftlog=s1@group-3D81F66BC438-SegmentedRaftLog:OPENED:c10,f11,i11, conf=11: [s0:0.0.0.0:42154, s1:0.0.0.0:36158, s2:0.0.0.0:36910], old=null
2019-09-24 12:00:41,764 INFO  impl.FollowerState (FollowerState.java:run(108)) - s0@group-3D81F66BC438-FollowerState: change to CANDIDATE, lastRpcTime:174ms, electionTimeout:174ms
2019-09-24 12:00:41,764 INFO  impl.RoleInfo (RoleInfo.java:shutdownFollowerState(121)) - s0: shutdown FollowerState
2019-09-24 12:00:41,765 INFO  impl.RaftServerImpl (RaftServerImpl.java:setRole(170)) - s0@group-3D81F66BC438: changes role from  FOLLOWER to CANDIDATE at term 312 for changeToCandidate
2019-09-24 12:00:41,765 INFO  impl.RoleInfo (RoleInfo.java:updateAndGet(143)) - s0: start LeaderElection
2019-09-24 12:00:41,768 INFO  impl.LeaderElection (LeaderElection.java:askForVotes(178)) - s2@group-3D81F66BC438-LeaderElection123: begin an election at term 313 for 9: [s0:0.0.0.0:42154, s1:0.0.0.0:36158, s2:0.0.0.0:36910], old=null
2019-09-24 12:00:41,769 DEBUG impl.RaftServerImpl (RaftServerImpl.java:requestVote(743)) - s0@group-3D81F66BC438: receive requestVote(s2, group-3D81F66BC438, 313, (t:13, i:10))
2019-09-24 12:00:41,782 INFO  impl.LeaderElection (LeaderElection.java:askForVotes(178)) - s1@group-3D81F66BC438-LeaderElection124: begin an election at term 313 for 11: [s0:0.0.0.0:42154, s1:0.0.0.0:36158, s2:0.0.0.0:36910], old=null
2019-09-24 12:00:41,782 DEBUG impl.RaftServerImpl (RaftServerImpl.java:requestVote(775)) - s0@group-3D81F66BC438 replies to vote request: s2<-s0#0:FAIL-t313. Peer's state: s0@group-3D81F66BC438:t313, leader=null, voted=s0, raftlog=s0@group-3D81F66BC438-SegmentedRaftLog:OPENED:c11,f12,i12, conf=11: [s0:0.0.0.0:42154, s1:0.0.0.0:36158, s2:0.0.0.0:36910], old=null
2019-09-24 12:00:41,782 INFO  impl.LeaderElection (LeaderElection.java:askForVotes(178)) - s0@group-3D81F66BC438-LeaderElection125: begin an election at term 313 for 11: [s0:0.0.0.0:42154, s1:0.0.0.0:36158, s2:0.0.0.0:36910], old=null
2019-09-24 12:00:41,783 DEBUG impl.RaftServerImpl (RaftServerImpl.java:requestVote(743)) - s0@group-3D81F66BC438: receive requestVote(s1, group-3D81F66BC438, 313, (t:14, i:11))
2019-09-24 12:00:41,783 DEBUG impl.RaftServerImpl (RaftServerImpl.java:requestVote(775)) - s0@group-3D81F66BC438 replies to vote request: s1<-s0#0:FAIL-t313. Peer's state: s0@group-3D81F66BC438:t313, leader=null, voted=s0, raftlog=s0@group-3D81F66BC438-SegmentedRaftLog:OPENED:c11,f12,i12, conf=11: [s0:0.0.0.0:42154, s1:0.0.0.0:36158, s2:0.0.0.0:36910], old=null
2019-09-24 12:00:41,940 WARN  ratis.RaftTestUtil (JavaUtils.java:attempt(158)) - FAILED "waitForLeader-null-(expectLeader? true)", attempt #57/100: java.lang.IllegalStateException: No leader yet : printing ALL groups
  s0:  RUNNING CANDIDATE s0@group-3D81F66BC438:t313, leader=null, voted=s0, raftlog=s0@group-3D81F66BC438-SegmentedRaftLog:OPENED:c11,f12,i12, conf=11: [s0:0.0.0.0:42154, s1:0.0.0.0:36158, s2:0.0.0.0:36910], old=null RUNNING
  s1:  RUNNING CANDIDATE s1@group-3D81F66BC438:t313, leader=null, voted=s1, raftlog=s1@group-3D81F66BC438-SegmentedRaftLog:OPENED:c10,f11,i11, conf=11: [s0:0.0.0.0:42154, s1:0.0.0.0:36158, s2:0.0.0.0:36910], old=null RUNNING
  s2:  RUNNING CANDIDATE s2@group-3D81F66BC438:t313, leader=null, voted=s2, raftlog=s2@group-3D81F66BC438-SegmentedRaftLog:OPENED:c10,f10,i10, conf=9: [s0:0.0.0.0:42154, s1:0.0.0.0:36158, s2:0.0.0.0:36910], old=null RUNNING, sleep 450ms and then retry.
java.lang.IllegalStateException: No leader yet : printing ALL groups
  s0:  RUNNING CANDIDATE s0@group-3D81F66BC438:t313, leader=null, voted=s0, raftlog=s0@group-3D81F66BC438-SegmentedRaftLog:OPENED:c11,f12,i12, conf=11: [s0:0.0.0.0:42154, s1:0.0.0.0:36158, s2:0.0.0.0:36910], old=null RUNNING
  s1:  RUNNING CANDIDATE s1@group-3D81F66BC438:t313, leader=null, voted=s1, raftlog=s1@group-3D81F66BC438-SegmentedRaftLog:OPENED:c10,f11,i11, conf=11: [s0:0.0.0.0:42154, s1:0.0.0.0:36158, s2:0.0.0.0:36910], old=null RUNNING
  s2:  RUNNING CANDIDATE s2@group-3D81F66BC438:t313, leader=null, voted=s2, raftlog=s2@group-3D81F66BC438-SegmentedRaftLog:OPENED:c10,f10,i10, conf=9: [s0:0.0.0.0:42154, s1:0.0.0.0:36158, s2:0.0.0.0:36910], old=null RUNNING
	at org.apache.ratis.MiniRaftCluster.newIllegalStateExceptionForNoLeaders(MiniRaftCluster.java:506)
	at org.apache.ratis.RaftTestUtil.lambda$waitForLeader$1(RaftTestUtil.java:90)
	at org.apache.ratis.MiniRaftCluster.getLeader(MiniRaftCluster.java:539)
	at org.apache.ratis.MiniRaftCluster.getLeader(MiniRaftCluster.java:532)
	at org.apache.ratis.RaftTestUtil.lambda$waitForLeader$3(RaftTestUtil.java:98)
	at org.apache.ratis.util.JavaUtils.attempt(JavaUtils.java:152)
	at org.apache.ratis.RaftTestUtil.waitForLeader(RaftTestUtil.java:97)
	at org.apache.ratis.RaftTestUtil.waitForLeader(RaftTestUtil.java:77)
	at org.apache.ratis.RaftTestUtil.waitForLeader(RaftTestUtil.java:72)
	at org.apache.ratis.RaftTestUtil.lambda$changeLeader$7(RaftTestUtil.java:363)
	at org.apache.ratis.util.JavaUtils.attempt(JavaUtils.java:152)
	at org.apache.ratis.RaftTestUtil.changeLeader(RaftTestUtil.java:362)
	at org.apache.ratis.server.impl.LeaderElectionTests.testChangeLeader(LeaderElectionTests.java:81)
	at sun.reflect.NativeMethodAccessorImpl.invoke0(Native Method)
	at sun.reflect.NativeMethodAccessorImpl.invoke(NativeMethodAccessorImpl.java:62)
	at sun.reflect.DelegatingMethodAccessorImpl.invoke(DelegatingMethodAccessorImpl.java:43)
	at java.lang.reflect.Method.invoke(Method.java:498)
	at org.junit.runners.model.FrameworkMethod$1.runReflectiveCall(FrameworkMethod.java:50)
	at org.junit.internal.runners.model.ReflectiveCallable.run(ReflectiveCallable.java:12)
	at org.junit.runners.model.FrameworkMethod.invokeExplosively(FrameworkMethod.java:47)
	at org.junit.internal.runners.statements.InvokeMethod.evaluate(InvokeMethod.java:17)
	at org.junit.internal.runners.statements.RunAfters.evaluate(RunAfters.java:27)
	at org.junit.internal.runners.statements.FailOnTimeout$CallableStatement.call(FailOnTimeout.java:298)
	at org.junit.internal.runners.statements.FailOnTimeout$CallableStatement.call(FailOnTimeout.java:292)
	at java.util.concurrent.FutureTask.run(FutureTask.java:266)
	at java.lang.Thread.run(Thread.java:748)
2019-09-24 12:00:41,992 INFO  impl.LeaderElection (LeaderElection.java:logAndReturn(56)) - s0@group-3D81F66BC438-LeaderElection125: Election TIMEOUT; received 0 response(s) [] and 0 exception(s); s0@group-3D81F66BC438:t313, leader=null, voted=s0, raftlog=s0@group-3D81F66BC438-SegmentedRaftLog:OPENED:c11,f12,i12, conf=11: [s0:0.0.0.0:42154, s1:0.0.0.0:36158, s2:0.0.0.0:36910], old=null
2019-09-24 12:00:42,006 INFO  impl.LeaderElection (LeaderElection.java:askForVotes(178)) - s0@group-3D81F66BC438-LeaderElection125: begin an election at term 314 for 11: [s0:0.0.0.0:42154, s1:0.0.0.0:36158, s2:0.0.0.0:36910], old=null
2019-09-24 12:00:42,014 INFO  impl.LeaderElection (LeaderElection.java:logAndReturn(56)) - s2@group-3D81F66BC438-LeaderElection123: Election TIMEOUT; received 1 response(s) [s2<-s0#0:FAIL-t313] and 0 exception(s); s2@group-3D81F66BC438:t313, leader=null, voted=s2, raftlog=s2@group-3D81F66BC438-SegmentedRaftLog:OPENED:c10,f10,i10, conf=9: [s0:0.0.0.0:42154, s1:0.0.0.0:36158, s2:0.0.0.0:36910], old=null
2019-09-24 12:00:42,022 INFO  impl.LeaderElection (LeaderElection.java:logAndReturn(56)) - s1@group-3D81F66BC438-LeaderElection124: Election TIMEOUT; received 1 response(s) [s1<-s0#0:FAIL-t313] and 0 exception(s); s1@group-3D81F66BC438:t313, leader=null, voted=s1, raftlog=s1@group-3D81F66BC438-SegmentedRaftLog:OPENED:c10,f11,i11, conf=11: [s0:0.0.0.0:42154, s1:0.0.0.0:36158, s2:0.0.0.0:36910], old=null
2019-09-24 12:00:42,039 INFO  impl.LeaderElection (LeaderElection.java:askForVotes(178)) - s1@group-3D81F66BC438-LeaderElection124: begin an election at term 314 for 11: [s0:0.0.0.0:42154, s1:0.0.0.0:36158, s2:0.0.0.0:36910], old=null
2019-09-24 12:00:42,039 INFO  impl.LeaderElection (LeaderElection.java:askForVotes(178)) - s2@group-3D81F66BC438-LeaderElection123: begin an election at term 314 for 9: [s0:0.0.0.0:42154, s1:0.0.0.0:36158, s2:0.0.0.0:36910], old=null
2019-09-24 12:00:42,040 DEBUG impl.RaftServerImpl (RaftServerImpl.java:requestVote(743)) - s0@group-3D81F66BC438: receive requestVote(s1, group-3D81F66BC438, 314, (t:14, i:11))
2019-09-24 12:00:42,040 DEBUG impl.RaftServerImpl (RaftServerImpl.java:requestVote(743)) - s0@group-3D81F66BC438: receive requestVote(s2, group-3D81F66BC438, 314, (t:13, i:10))
2019-09-24 12:00:42,040 DEBUG impl.RaftServerImpl (RaftServerImpl.java:requestVote(775)) - s0@group-3D81F66BC438 replies to vote request: s1<-s0#0:FAIL-t314. Peer's state: s0@group-3D81F66BC438:t314, leader=null, voted=s0, raftlog=s0@group-3D81F66BC438-SegmentedRaftLog:OPENED:c11,f12,i12, conf=11: [s0:0.0.0.0:42154, s1:0.0.0.0:36158, s2:0.0.0.0:36910], old=null
2019-09-24 12:00:42,041 DEBUG impl.RaftServerImpl (RaftServerImpl.java:requestVote(775)) - s0@group-3D81F66BC438 replies to vote request: s2<-s0#0:FAIL-t314. Peer's state: s0@group-3D81F66BC438:t314, leader=null, voted=s0, raftlog=s0@group-3D81F66BC438-SegmentedRaftLog:OPENED:c11,f12,i12, conf=11: [s0:0.0.0.0:42154, s1:0.0.0.0:36158, s2:0.0.0.0:36910], old=null
2019-09-24 12:00:42,198 INFO  impl.LeaderElection (LeaderElection.java:logAndReturn(56)) - s0@group-3D81F66BC438-LeaderElection125: Election TIMEOUT; received 0 response(s) [] and 0 exception(s); s0@group-3D81F66BC438:t314, leader=null, voted=s0, raftlog=s0@group-3D81F66BC438-SegmentedRaftLog:OPENED:c11,f12,i12, conf=11: [s0:0.0.0.0:42154, s1:0.0.0.0:36158, s2:0.0.0.0:36910], old=null
2019-09-24 12:00:42,212 INFO  impl.LeaderElection (LeaderElection.java:askForVotes(178)) - s0@group-3D81F66BC438-LeaderElection125: begin an election at term 315 for 11: [s0:0.0.0.0:42154, s1:0.0.0.0:36158, s2:0.0.0.0:36910], old=null
2019-09-24 12:00:42,217 INFO  impl.LeaderElection (LeaderElection.java:logAndReturn(56)) - s2@group-3D81F66BC438-LeaderElection123: Election TIMEOUT; received 1 response(s) [s2<-s0#0:FAIL-t314] and 0 exception(s); s2@group-3D81F66BC438:t314, leader=null, voted=s2, raftlog=s2@group-3D81F66BC438-SegmentedRaftLog:OPENED:c10,f10,i10, conf=9: [s0:0.0.0.0:42154, s1:0.0.0.0:36158, s2:0.0.0.0:36910], old=null
2019-09-24 12:00:42,242 INFO  impl.LeaderElection (LeaderElection.java:askForVotes(178)) - s2@group-3D81F66BC438-LeaderElection123: begin an election at term 315 for 9: [s0:0.0.0.0:42154, s1:0.0.0.0:36158, s2:0.0.0.0:36910], old=null
2019-09-24 12:00:42,243 DEBUG impl.RaftServerImpl (RaftServerImpl.java:requestVote(743)) - s0@group-3D81F66BC438: receive requestVote(s2, group-3D81F66BC438, 315, (t:13, i:10))
2019-09-24 12:00:42,243 DEBUG impl.RaftServerImpl (RaftServerImpl.java:requestVote(775)) - s0@group-3D81F66BC438 replies to vote request: s2<-s0#0:FAIL-t315. Peer's state: s0@group-3D81F66BC438:t315, leader=null, voted=s0, raftlog=s0@group-3D81F66BC438-SegmentedRaftLog:OPENED:c11,f12,i12, conf=11: [s0:0.0.0.0:42154, s1:0.0.0.0:36158, s2:0.0.0.0:36910], old=null
2019-09-24 12:00:42,310 INFO  impl.LeaderElection (LeaderElection.java:logAndReturn(56)) - s1@group-3D81F66BC438-LeaderElection124: Election TIMEOUT; received 1 response(s) [s1<-s0#0:FAIL-t314] and 0 exception(s); s1@group-3D81F66BC438:t314, leader=null, voted=s1, raftlog=s1@group-3D81F66BC438-SegmentedRaftLog:OPENED:c10,f11,i11, conf=11: [s0:0.0.0.0:42154, s1:0.0.0.0:36158, s2:0.0.0.0:36910], old=null
2019-09-24 12:00:42,336 INFO  impl.LeaderElection (LeaderElection.java:askForVotes(178)) - s1@group-3D81F66BC438-LeaderElection124: begin an election at term 315 for 11: [s0:0.0.0.0:42154, s1:0.0.0.0:36158, s2:0.0.0.0:36910], old=null
2019-09-24 12:00:42,336 DEBUG impl.RaftServerImpl (RaftServerImpl.java:requestVote(743)) - s0@group-3D81F66BC438: receive requestVote(s1, group-3D81F66BC438, 315, (t:14, i:11))
2019-09-24 12:00:42,336 DEBUG impl.RaftServerImpl (RaftServerImpl.java:requestVote(775)) - s0@group-3D81F66BC438 replies to vote request: s1<-s0#0:FAIL-t315. Peer's state: s0@group-3D81F66BC438:t315, leader=null, voted=s0, raftlog=s0@group-3D81F66BC438-SegmentedRaftLog:OPENED:c11,f12,i12, conf=11: [s0:0.0.0.0:42154, s1:0.0.0.0:36158, s2:0.0.0.0:36910], old=null
2019-09-24 12:00:42,374 INFO  impl.LeaderElection (LeaderElection.java:logAndReturn(56)) - s0@group-3D81F66BC438-LeaderElection125: Election TIMEOUT; received 0 response(s) [] and 0 exception(s); s0@group-3D81F66BC438:t315, leader=null, voted=s0, raftlog=s0@group-3D81F66BC438-SegmentedRaftLog:OPENED:c11,f12,i12, conf=11: [s0:0.0.0.0:42154, s1:0.0.0.0:36158, s2:0.0.0.0:36910], old=null
2019-09-24 12:00:42,386 INFO  impl.LeaderElection (LeaderElection.java:askForVotes(178)) - s0@group-3D81F66BC438-LeaderElection125: begin an election at term 316 for 11: [s0:0.0.0.0:42154, s1:0.0.0.0:36158, s2:0.0.0.0:36910], old=null
2019-09-24 12:00:42,391 WARN  ratis.RaftTestUtil (JavaUtils.java:attempt(158)) - FAILED "waitForLeader-null-(expectLeader? true)", attempt #58/100: java.lang.IllegalStateException: No leader yet : printing ALL groups
  s0:  RUNNING CANDIDATE s0@group-3D81F66BC438:t316, leader=null, voted=s0, raftlog=s0@group-3D81F66BC438-SegmentedRaftLog:OPENED:c11,f12,i12, conf=11: [s0:0.0.0.0:42154, s1:0.0.0.0:36158, s2:0.0.0.0:36910], old=null RUNNING
  s1:  RUNNING CANDIDATE s1@group-3D81F66BC438:t315, leader=null, voted=s1, raftlog=s1@group-3D81F66BC438-SegmentedRaftLog:OPENED:c10,f11,i11, conf=11: [s0:0.0.0.0:42154, s1:0.0.0.0:36158, s2:0.0.0.0:36910], old=null RUNNING
  s2:  RUNNING CANDIDATE s2@group-3D81F66BC438:t315, leader=null, voted=s2, raftlog=s2@group-3D81F66BC438-SegmentedRaftLog:OPENED:c10,f10,i10, conf=9: [s0:0.0.0.0:42154, s1:0.0.0.0:36158, s2:0.0.0.0:36910], old=null RUNNING, sleep 450ms and then retry.
java.lang.IllegalStateException: No leader yet : printing ALL groups
  s0:  RUNNING CANDIDATE s0@group-3D81F66BC438:t316, leader=null, voted=s0, raftlog=s0@group-3D81F66BC438-SegmentedRaftLog:OPENED:c11,f12,i12, conf=11: [s0:0.0.0.0:42154, s1:0.0.0.0:36158, s2:0.0.0.0:36910], old=null RUNNING
  s1:  RUNNING CANDIDATE s1@group-3D81F66BC438:t315, leader=null, voted=s1, raftlog=s1@group-3D81F66BC438-SegmentedRaftLog:OPENED:c10,f11,i11, conf=11: [s0:0.0.0.0:42154, s1:0.0.0.0:36158, s2:0.0.0.0:36910], old=null RUNNING
  s2:  RUNNING CANDIDATE s2@group-3D81F66BC438:t315, leader=null, voted=s2, raftlog=s2@group-3D81F66BC438-SegmentedRaftLog:OPENED:c10,f10,i10, conf=9: [s0:0.0.0.0:42154, s1:0.0.0.0:36158, s2:0.0.0.0:36910], old=null RUNNING
	at org.apache.ratis.MiniRaftCluster.newIllegalStateExceptionForNoLeaders(MiniRaftCluster.java:506)
	at org.apache.ratis.RaftTestUtil.lambda$waitForLeader$1(RaftTestUtil.java:90)
	at org.apache.ratis.MiniRaftCluster.getLeader(MiniRaftCluster.java:539)
	at org.apache.ratis.MiniRaftCluster.getLeader(MiniRaftCluster.java:532)
	at org.apache.ratis.RaftTestUtil.lambda$waitForLeader$3(RaftTestUtil.java:98)
	at org.apache.ratis.util.JavaUtils.attempt(JavaUtils.java:152)
	at org.apache.ratis.RaftTestUtil.waitForLeader(RaftTestUtil.java:97)
	at org.apache.ratis.RaftTestUtil.waitForLeader(RaftTestUtil.java:77)
	at org.apache.ratis.RaftTestUtil.waitForLeader(RaftTestUtil.java:72)
	at org.apache.ratis.RaftTestUtil.lambda$changeLeader$7(RaftTestUtil.java:363)
	at org.apache.ratis.util.JavaUtils.attempt(JavaUtils.java:152)
	at org.apache.ratis.RaftTestUtil.changeLeader(RaftTestUtil.java:362)
	at org.apache.ratis.server.impl.LeaderElectionTests.testChangeLeader(LeaderElectionTests.java:81)
	at sun.reflect.NativeMethodAccessorImpl.invoke0(Native Method)
	at sun.reflect.NativeMethodAccessorImpl.invoke(NativeMethodAccessorImpl.java:62)
	at sun.reflect.DelegatingMethodAccessorImpl.invoke(DelegatingMethodAccessorImpl.java:43)
	at java.lang.reflect.Method.invoke(Method.java:498)
	at org.junit.runners.model.FrameworkMethod$1.runReflectiveCall(FrameworkMethod.java:50)
	at org.junit.internal.runners.model.ReflectiveCallable.run(ReflectiveCallable.java:12)
	at org.junit.runners.model.FrameworkMethod.invokeExplosively(FrameworkMethod.java:47)
	at org.junit.internal.runners.statements.InvokeMethod.evaluate(InvokeMethod.java:17)
	at org.junit.internal.runners.statements.RunAfters.evaluate(RunAfters.java:27)
	at org.junit.internal.runners.statements.FailOnTimeout$CallableStatement.call(FailOnTimeout.java:298)
	at org.junit.internal.runners.statements.FailOnTimeout$CallableStatement.call(FailOnTimeout.java:292)
	at java.util.concurrent.FutureTask.run(FutureTask.java:266)
	at java.lang.Thread.run(Thread.java:748)
2019-09-24 12:00:42,448 INFO  impl.LeaderElection (LeaderElection.java:logAndReturn(56)) - s2@group-3D81F66BC438-LeaderElection123: Election TIMEOUT; received 1 response(s) [s2<-s0#0:FAIL-t315] and 0 exception(s); s2@group-3D81F66BC438:t315, leader=null, voted=s2, raftlog=s2@group-3D81F66BC438-SegmentedRaftLog:OPENED:c10,f10,i10, conf=9: [s0:0.0.0.0:42154, s1:0.0.0.0:36158, s2:0.0.0.0:36910], old=null
2019-09-24 12:00:42,477 INFO  impl.LeaderElection (LeaderElection.java:askForVotes(178)) - s2@group-3D81F66BC438-LeaderElection123: begin an election at term 316 for 9: [s0:0.0.0.0:42154, s1:0.0.0.0:36158, s2:0.0.0.0:36910], old=null
2019-09-24 12:00:42,477 DEBUG impl.RaftServerImpl (RaftServerImpl.java:requestVote(743)) - s0@group-3D81F66BC438: receive requestVote(s2, group-3D81F66BC438, 316, (t:13, i:10))
2019-09-24 12:00:42,477 DEBUG impl.RaftServerImpl (RaftServerImpl.java:requestVote(775)) - s0@group-3D81F66BC438 replies to vote request: s2<-s0#0:FAIL-t316. Peer's state: s0@group-3D81F66BC438:t316, leader=null, voted=s0, raftlog=s0@group-3D81F66BC438-SegmentedRaftLog:OPENED:c11,f12,i12, conf=11: [s0:0.0.0.0:42154, s1:0.0.0.0:36158, s2:0.0.0.0:36910], old=null
2019-09-24 12:00:42,549 INFO  impl.LeaderElection (LeaderElection.java:logAndReturn(56)) - s0@group-3D81F66BC438-LeaderElection125: Election TIMEOUT; received 0 response(s) [] and 0 exception(s); s0@group-3D81F66BC438:t316, leader=null, voted=s0, raftlog=s0@group-3D81F66BC438-SegmentedRaftLog:OPENED:c11,f12,i12, conf=11: [s0:0.0.0.0:42154, s1:0.0.0.0:36158, s2:0.0.0.0:36910], old=null
2019-09-24 12:00:42,564 INFO  impl.LeaderElection (LeaderElection.java:askForVotes(178)) - s0@group-3D81F66BC438-LeaderElection125: begin an election at term 317 for 11: [s0:0.0.0.0:42154, s1:0.0.0.0:36158, s2:0.0.0.0:36910], old=null
2019-09-24 12:00:42,619 INFO  impl.LeaderElection (LeaderElection.java:logAndReturn(56)) - s1@group-3D81F66BC438-LeaderElection124: Election TIMEOUT; received 1 response(s) [s1<-s0#0:FAIL-t315] and 0 exception(s); s1@group-3D81F66BC438:t315, leader=null, voted=s1, raftlog=s1@group-3D81F66BC438-SegmentedRaftLog:OPENED:c10,f11,i11, conf=11: [s0:0.0.0.0:42154, s1:0.0.0.0:36158, s2:0.0.0.0:36910], old=null
2019-09-24 12:00:42,633 INFO  impl.LeaderElection (LeaderElection.java:askForVotes(178)) - s1@group-3D81F66BC438-LeaderElection124: begin an election at term 316 for 11: [s0:0.0.0.0:42154, s1:0.0.0.0:36158, s2:0.0.0.0:36910], old=null
2019-09-24 12:00:42,633 DEBUG impl.RaftServerImpl (RaftServerImpl.java:requestVote(743)) - s0@group-3D81F66BC438: receive requestVote(s1, group-3D81F66BC438, 316, (t:14, i:11))
2019-09-24 12:00:42,633 DEBUG impl.RaftServerImpl (RaftServerImpl.java:requestVote(775)) - s0@group-3D81F66BC438 replies to vote request: s1<-s0#0:FAIL-t317. Peer's state: s0@group-3D81F66BC438:t317, leader=null, voted=s0, raftlog=s0@group-3D81F66BC438-SegmentedRaftLog:OPENED:c11,f12,i12, conf=11: [s0:0.0.0.0:42154, s1:0.0.0.0:36158, s2:0.0.0.0:36910], old=null
2019-09-24 12:00:42,634 INFO  impl.LeaderElection (LeaderElection.java:logAndReturn(56)) - s1@group-3D81F66BC438-LeaderElection124: Election DISCOVERED_A_NEW_TERM; received 1 response(s) [s1<-s0#0:FAIL-t317] and 0 exception(s); s1@group-3D81F66BC438:t316, leader=null, voted=s1, raftlog=s1@group-3D81F66BC438-SegmentedRaftLog:OPENED:c10,f11,i11, conf=11: [s0:0.0.0.0:42154, s1:0.0.0.0:36158, s2:0.0.0.0:36910], old=null
2019-09-24 12:00:42,634 INFO  impl.RaftServerImpl (RaftServerImpl.java:setRole(170)) - s1@group-3D81F66BC438: changes role from CANDIDATE to FOLLOWER at term 317 for DISCOVERED_A_NEW_TERM
2019-09-24 12:00:42,634 INFO  impl.RoleInfo (RoleInfo.java:shutdownLeaderElection(134)) - s1: shutdown LeaderElection
2019-09-24 12:00:42,634 INFO  impl.RoleInfo (RoleInfo.java:updateAndGet(143)) - s1: start FollowerState
2019-09-24 12:00:42,703 INFO  impl.LeaderElection (LeaderElection.java:logAndReturn(56)) - s2@group-3D81F66BC438-LeaderElection123: Election TIMEOUT; received 1 response(s) [s2<-s0#0:FAIL-t316] and 0 exception(s); s2@group-3D81F66BC438:t316, leader=null, voted=s2, raftlog=s2@group-3D81F66BC438-SegmentedRaftLog:OPENED:c10,f10,i10, conf=9: [s0:0.0.0.0:42154, s1:0.0.0.0:36158, s2:0.0.0.0:36910], old=null
2019-09-24 12:00:42,716 INFO  impl.LeaderElection (LeaderElection.java:askForVotes(178)) - s2@group-3D81F66BC438-LeaderElection123: begin an election at term 317 for 9: [s0:0.0.0.0:42154, s1:0.0.0.0:36158, s2:0.0.0.0:36910], old=null
2019-09-24 12:00:42,717 DEBUG impl.RaftServerImpl (RaftServerImpl.java:requestVote(743)) - s0@group-3D81F66BC438: receive requestVote(s2, group-3D81F66BC438, 317, (t:13, i:10))
2019-09-24 12:00:42,717 DEBUG impl.RaftServerImpl (RaftServerImpl.java:requestVote(775)) - s0@group-3D81F66BC438 replies to vote request: s2<-s0#0:FAIL-t317. Peer's state: s0@group-3D81F66BC438:t317, leader=null, voted=s0, raftlog=s0@group-3D81F66BC438-SegmentedRaftLog:OPENED:c11,f12,i12, conf=11: [s0:0.0.0.0:42154, s1:0.0.0.0:36158, s2:0.0.0.0:36910], old=null
2019-09-24 12:00:42,783 INFO  impl.LeaderElection (LeaderElection.java:logAndReturn(56)) - s0@group-3D81F66BC438-LeaderElection125: Election TIMEOUT; received 0 response(s) [] and 0 exception(s); s0@group-3D81F66BC438:t317, leader=null, voted=s0, raftlog=s0@group-3D81F66BC438-SegmentedRaftLog:OPENED:c11,f12,i12, conf=11: [s0:0.0.0.0:42154, s1:0.0.0.0:36158, s2:0.0.0.0:36910], old=null
2019-09-24 12:00:42,795 INFO  impl.FollowerState (FollowerState.java:run(108)) - s1@group-3D81F66BC438-FollowerState: change to CANDIDATE, lastRpcTime:160ms, electionTimeout:160ms
2019-09-24 12:00:42,795 INFO  impl.RoleInfo (RoleInfo.java:shutdownFollowerState(121)) - s1: shutdown FollowerState
2019-09-24 12:00:42,795 INFO  impl.RaftServerImpl (RaftServerImpl.java:setRole(170)) - s1@group-3D81F66BC438: changes role from  FOLLOWER to CANDIDATE at term 317 for changeToCandidate
2019-09-24 12:00:42,795 INFO  impl.RoleInfo (RoleInfo.java:updateAndGet(143)) - s1: start LeaderElection
2019-09-24 12:00:42,796 INFO  impl.LeaderElection (LeaderElection.java:askForVotes(178)) - s0@group-3D81F66BC438-LeaderElection125: begin an election at term 318 for 11: [s0:0.0.0.0:42154, s1:0.0.0.0:36158, s2:0.0.0.0:36910], old=null
2019-09-24 12:00:42,807 INFO  impl.LeaderElection (LeaderElection.java:askForVotes(178)) - s1@group-3D81F66BC438-LeaderElection126: begin an election at term 318 for 11: [s0:0.0.0.0:42154, s1:0.0.0.0:36158, s2:0.0.0.0:36910], old=null
2019-09-24 12:00:42,807 DEBUG impl.RaftServerImpl (RaftServerImpl.java:requestVote(743)) - s0@group-3D81F66BC438: receive requestVote(s1, group-3D81F66BC438, 318, (t:14, i:11))
2019-09-24 12:00:42,808 DEBUG impl.RaftServerImpl (RaftServerImpl.java:requestVote(775)) - s0@group-3D81F66BC438 replies to vote request: s1<-s0#0:FAIL-t318. Peer's state: s0@group-3D81F66BC438:t318, leader=null, voted=s0, raftlog=s0@group-3D81F66BC438-SegmentedRaftLog:OPENED:c11,f12,i12, conf=11: [s0:0.0.0.0:42154, s1:0.0.0.0:36158, s2:0.0.0.0:36910], old=null
2019-09-24 12:00:42,842 WARN  ratis.RaftTestUtil (JavaUtils.java:attempt(158)) - FAILED "waitForLeader-null-(expectLeader? true)", attempt #59/100: java.lang.IllegalStateException: No leader yet : printing ALL groups
  s0:  RUNNING CANDIDATE s0@group-3D81F66BC438:t318, leader=null, voted=s0, raftlog=s0@group-3D81F66BC438-SegmentedRaftLog:OPENED:c11,f12,i12, conf=11: [s0:0.0.0.0:42154, s1:0.0.0.0:36158, s2:0.0.0.0:36910], old=null RUNNING
  s1:  RUNNING CANDIDATE s1@group-3D81F66BC438:t318, leader=null, voted=s1, raftlog=s1@group-3D81F66BC438-SegmentedRaftLog:OPENED:c10,f11,i11, conf=11: [s0:0.0.0.0:42154, s1:0.0.0.0:36158, s2:0.0.0.0:36910], old=null RUNNING
  s2:  RUNNING CANDIDATE s2@group-3D81F66BC438:t317, leader=null, voted=s2, raftlog=s2@group-3D81F66BC438-SegmentedRaftLog:OPENED:c10,f10,i10, conf=9: [s0:0.0.0.0:42154, s1:0.0.0.0:36158, s2:0.0.0.0:36910], old=null RUNNING, sleep 450ms and then retry.
java.lang.IllegalStateException: No leader yet : printing ALL groups
  s0:  RUNNING CANDIDATE s0@group-3D81F66BC438:t318, leader=null, voted=s0, raftlog=s0@group-3D81F66BC438-SegmentedRaftLog:OPENED:c11,f12,i12, conf=11: [s0:0.0.0.0:42154, s1:0.0.0.0:36158, s2:0.0.0.0:36910], old=null RUNNING
  s1:  RUNNING CANDIDATE s1@group-3D81F66BC438:t318, leader=null, voted=s1, raftlog=s1@group-3D81F66BC438-SegmentedRaftLog:OPENED:c10,f11,i11, conf=11: [s0:0.0.0.0:42154, s1:0.0.0.0:36158, s2:0.0.0.0:36910], old=null RUNNING
  s2:  RUNNING CANDIDATE s2@group-3D81F66BC438:t317, leader=null, voted=s2, raftlog=s2@group-3D81F66BC438-SegmentedRaftLog:OPENED:c10,f10,i10, conf=9: [s0:0.0.0.0:42154, s1:0.0.0.0:36158, s2:0.0.0.0:36910], old=null RUNNING
	at org.apache.ratis.MiniRaftCluster.newIllegalStateExceptionForNoLeaders(MiniRaftCluster.java:506)
	at org.apache.ratis.RaftTestUtil.lambda$waitForLeader$1(RaftTestUtil.java:90)
	at org.apache.ratis.MiniRaftCluster.getLeader(MiniRaftCluster.java:539)
	at org.apache.ratis.MiniRaftCluster.getLeader(MiniRaftCluster.java:532)
	at org.apache.ratis.RaftTestUtil.lambda$waitForLeader$3(RaftTestUtil.java:98)
	at org.apache.ratis.util.JavaUtils.attempt(JavaUtils.java:152)
	at org.apache.ratis.RaftTestUtil.waitForLeader(RaftTestUtil.java:97)
	at org.apache.ratis.RaftTestUtil.waitForLeader(RaftTestUtil.java:77)
	at org.apache.ratis.RaftTestUtil.waitForLeader(RaftTestUtil.java:72)
	at org.apache.ratis.RaftTestUtil.lambda$changeLeader$7(RaftTestUtil.java:363)
	at org.apache.ratis.util.JavaUtils.attempt(JavaUtils.java:152)
	at org.apache.ratis.RaftTestUtil.changeLeader(RaftTestUtil.java:362)
	at org.apache.ratis.server.impl.LeaderElectionTests.testChangeLeader(LeaderElectionTests.java:81)
	at sun.reflect.NativeMethodAccessorImpl.invoke0(Native Method)
	at sun.reflect.NativeMethodAccessorImpl.invoke(NativeMethodAccessorImpl.java:62)
	at sun.reflect.DelegatingMethodAccessorImpl.invoke(DelegatingMethodAccessorImpl.java:43)
	at java.lang.reflect.Method.invoke(Method.java:498)
	at org.junit.runners.model.FrameworkMethod$1.runReflectiveCall(FrameworkMethod.java:50)
	at org.junit.internal.runners.model.ReflectiveCallable.run(ReflectiveCallable.java:12)
	at org.junit.runners.model.FrameworkMethod.invokeExplosively(FrameworkMethod.java:47)
	at org.junit.internal.runners.statements.InvokeMethod.evaluate(InvokeMethod.java:17)
	at org.junit.internal.runners.statements.RunAfters.evaluate(RunAfters.java:27)
	at org.junit.internal.runners.statements.FailOnTimeout$CallableStatement.call(FailOnTimeout.java:298)
	at org.junit.internal.runners.statements.FailOnTimeout$CallableStatement.call(FailOnTimeout.java:292)
	at java.util.concurrent.FutureTask.run(FutureTask.java:266)
	at java.lang.Thread.run(Thread.java:748)
2019-09-24 12:00:42,882 INFO  impl.LeaderElection (LeaderElection.java:logAndReturn(56)) - s2@group-3D81F66BC438-LeaderElection123: Election TIMEOUT; received 1 response(s) [s2<-s0#0:FAIL-t317] and 0 exception(s); s2@group-3D81F66BC438:t317, leader=null, voted=s2, raftlog=s2@group-3D81F66BC438-SegmentedRaftLog:OPENED:c10,f10,i10, conf=9: [s0:0.0.0.0:42154, s1:0.0.0.0:36158, s2:0.0.0.0:36910], old=null
2019-09-24 12:00:42,903 INFO  impl.LeaderElection (LeaderElection.java:askForVotes(178)) - s2@group-3D81F66BC438-LeaderElection123: begin an election at term 318 for 9: [s0:0.0.0.0:42154, s1:0.0.0.0:36158, s2:0.0.0.0:36910], old=null
2019-09-24 12:00:42,904 DEBUG impl.RaftServerImpl (RaftServerImpl.java:requestVote(743)) - s0@group-3D81F66BC438: receive requestVote(s2, group-3D81F66BC438, 318, (t:13, i:10))
2019-09-24 12:00:42,904 DEBUG impl.RaftServerImpl (RaftServerImpl.java:requestVote(775)) - s0@group-3D81F66BC438 replies to vote request: s2<-s0#0:FAIL-t318. Peer's state: s0@group-3D81F66BC438:t318, leader=null, voted=s0, raftlog=s0@group-3D81F66BC438-SegmentedRaftLog:OPENED:c11,f12,i12, conf=11: [s0:0.0.0.0:42154, s1:0.0.0.0:36158, s2:0.0.0.0:36910], old=null
2019-09-24 12:00:43,031 INFO  impl.LeaderElection (LeaderElection.java:logAndReturn(56)) - s1@group-3D81F66BC438-LeaderElection126: Election TIMEOUT; received 1 response(s) [s1<-s0#0:FAIL-t318] and 0 exception(s); s1@group-3D81F66BC438:t318, leader=null, voted=s1, raftlog=s1@group-3D81F66BC438-SegmentedRaftLog:OPENED:c10,f11,i11, conf=11: [s0:0.0.0.0:42154, s1:0.0.0.0:36158, s2:0.0.0.0:36910], old=null
2019-09-24 12:00:43,045 INFO  impl.LeaderElection (LeaderElection.java:askForVotes(178)) - s1@group-3D81F66BC438-LeaderElection126: begin an election at term 319 for 11: [s0:0.0.0.0:42154, s1:0.0.0.0:36158, s2:0.0.0.0:36910], old=null
2019-09-24 12:00:43,046 DEBUG impl.RaftServerImpl (RaftServerImpl.java:requestVote(743)) - s0@group-3D81F66BC438: receive requestVote(s1, group-3D81F66BC438, 319, (t:14, i:11))
2019-09-24 12:00:43,046 INFO  impl.RaftServerImpl (RaftServerImpl.java:setRole(170)) - s0@group-3D81F66BC438: changes role from CANDIDATE to FOLLOWER at term 319 for recognizeCandidate:s1
2019-09-24 12:00:43,046 INFO  impl.RoleInfo (RoleInfo.java:shutdownLeaderElection(134)) - s0: shutdown LeaderElection
2019-09-24 12:00:43,046 INFO  impl.RoleInfo (RoleInfo.java:updateAndGet(143)) - s0: start FollowerState
2019-09-24 12:00:43,063 INFO  impl.LeaderElection (LeaderElection.java:logAndReturn(56)) - s0@group-3D81F66BC438-LeaderElection125: Election REJECTED; received 0 response(s) [] and 0 exception(s); s0@group-3D81F66BC438:t319, leader=null, voted=null, raftlog=s0@group-3D81F66BC438-SegmentedRaftLog:OPENED:c11,f12,i12, conf=11: [s0:0.0.0.0:42154, s1:0.0.0.0:36158, s2:0.0.0.0:36910], old=null
2019-09-24 12:00:43,071 DEBUG impl.RaftServerImpl (RaftServerImpl.java:requestVote(775)) - s0@group-3D81F66BC438 replies to vote request: s1<-s0#0:FAIL-t319. Peer's state: s0@group-3D81F66BC438:t319, leader=null, voted=null, raftlog=s0@group-3D81F66BC438-SegmentedRaftLog:OPENED:c11,f12,i12, conf=11: [s0:0.0.0.0:42154, s1:0.0.0.0:36158, s2:0.0.0.0:36910], old=null
2019-09-24 12:00:43,094 INFO  impl.LeaderElection (LeaderElection.java:logAndReturn(56)) - s2@group-3D81F66BC438-LeaderElection123: Election TIMEOUT; received 1 response(s) [s2<-s0#0:FAIL-t318] and 0 exception(s); s2@group-3D81F66BC438:t318, leader=null, voted=s2, raftlog=s2@group-3D81F66BC438-SegmentedRaftLog:OPENED:c10,f10,i10, conf=9: [s0:0.0.0.0:42154, s1:0.0.0.0:36158, s2:0.0.0.0:36910], old=null
2019-09-24 12:00:43,109 INFO  impl.LeaderElection (LeaderElection.java:askForVotes(178)) - s2@group-3D81F66BC438-LeaderElection123: begin an election at term 319 for 9: [s0:0.0.0.0:42154, s1:0.0.0.0:36158, s2:0.0.0.0:36910], old=null
2019-09-24 12:00:43,109 DEBUG impl.RaftServerImpl (RaftServerImpl.java:requestVote(743)) - s0@group-3D81F66BC438: receive requestVote(s2, group-3D81F66BC438, 319, (t:13, i:10))
2019-09-24 12:00:43,110 INFO  impl.RaftServerImpl (RaftServerImpl.java:setRole(170)) - s0@group-3D81F66BC438: changes role from  FOLLOWER to FOLLOWER at term 319 for recognizeCandidate:s2
2019-09-24 12:00:43,110 INFO  impl.RoleInfo (RoleInfo.java:shutdownFollowerState(121)) - s0: shutdown FollowerState
2019-09-24 12:00:43,110 INFO  impl.RoleInfo (RoleInfo.java:updateAndGet(143)) - s0: start FollowerState
2019-09-24 12:00:43,110 INFO  impl.FollowerState (FollowerState.java:run(117)) - s0@group-3D81F66BC438-FollowerState was interrupted: java.lang.InterruptedException: sleep interrupted
2019-09-24 12:00:43,110 DEBUG impl.RaftServerImpl (RaftServerImpl.java:requestVote(775)) - s0@group-3D81F66BC438 replies to vote request: s2<-s0#0:FAIL-t319. Peer's state: s0@group-3D81F66BC438:t319, leader=null, voted=null, raftlog=s0@group-3D81F66BC438-SegmentedRaftLog:OPENED:c11,f12,i12, conf=11: [s0:0.0.0.0:42154, s1:0.0.0.0:36158, s2:0.0.0.0:36910], old=null
2019-09-24 12:00:43,254 INFO  impl.LeaderElection (LeaderElection.java:logAndReturn(56)) - s1@group-3D81F66BC438-LeaderElection126: Election TIMEOUT; received 1 response(s) [s1<-s0#0:FAIL-t319] and 0 exception(s); s1@group-3D81F66BC438:t319, leader=null, voted=s1, raftlog=s1@group-3D81F66BC438-SegmentedRaftLog:OPENED:c10,f11,i11, conf=11: [s0:0.0.0.0:42154, s1:0.0.0.0:36158, s2:0.0.0.0:36910], old=null
2019-09-24 12:00:43,268 INFO  impl.LeaderElection (LeaderElection.java:askForVotes(178)) - s1@group-3D81F66BC438-LeaderElection126: begin an election at term 320 for 11: [s0:0.0.0.0:42154, s1:0.0.0.0:36158, s2:0.0.0.0:36910], old=null
2019-09-24 12:00:43,269 DEBUG impl.RaftServerImpl (RaftServerImpl.java:requestVote(743)) - s0@group-3D81F66BC438: receive requestVote(s1, group-3D81F66BC438, 320, (t:14, i:11))
2019-09-24 12:00:43,269 INFO  impl.RaftServerImpl (RaftServerImpl.java:setRole(170)) - s0@group-3D81F66BC438: changes role from  FOLLOWER to FOLLOWER at term 320 for recognizeCandidate:s1
2019-09-24 12:00:43,269 INFO  impl.RoleInfo (RoleInfo.java:shutdownFollowerState(121)) - s0: shutdown FollowerState
2019-09-24 12:00:43,270 INFO  impl.RoleInfo (RoleInfo.java:updateAndGet(143)) - s0: start FollowerState
2019-09-24 12:00:43,270 INFO  impl.FollowerState (FollowerState.java:run(117)) - s0@group-3D81F66BC438-FollowerState was interrupted: java.lang.InterruptedException: sleep interrupted
2019-09-24 12:00:43,289 DEBUG impl.RaftServerImpl (RaftServerImpl.java:requestVote(775)) - s0@group-3D81F66BC438 replies to vote request: s1<-s0#0:FAIL-t320. Peer's state: s0@group-3D81F66BC438:t320, leader=null, voted=null, raftlog=s0@group-3D81F66BC438-SegmentedRaftLog:OPENED:c11,f12,i12, conf=11: [s0:0.0.0.0:42154, s1:0.0.0.0:36158, s2:0.0.0.0:36910], old=null
2019-09-24 12:00:43,293 WARN  ratis.RaftTestUtil (JavaUtils.java:attempt(158)) - FAILED "waitForLeader-null-(expectLeader? true)", attempt #60/100: java.lang.IllegalStateException: No leader yet : printing ALL groups
  s0:  RUNNING  FOLLOWER s0@group-3D81F66BC438:t320, leader=null, voted=null, raftlog=s0@group-3D81F66BC438-SegmentedRaftLog:OPENED:c11,f12,i12, conf=11: [s0:0.0.0.0:42154, s1:0.0.0.0:36158, s2:0.0.0.0:36910], old=null RUNNING
  s1:  RUNNING CANDIDATE s1@group-3D81F66BC438:t320, leader=null, voted=s1, raftlog=s1@group-3D81F66BC438-SegmentedRaftLog:OPENED:c10,f11,i11, conf=11: [s0:0.0.0.0:42154, s1:0.0.0.0:36158, s2:0.0.0.0:36910], old=null RUNNING
  s2:  RUNNING CANDIDATE s2@group-3D81F66BC438:t319, leader=null, voted=s2, raftlog=s2@group-3D81F66BC438-SegmentedRaftLog:OPENED:c10,f10,i10, conf=9: [s0:0.0.0.0:42154, s1:0.0.0.0:36158, s2:0.0.0.0:36910], old=null RUNNING, sleep 450ms and then retry.
java.lang.IllegalStateException: No leader yet : printing ALL groups
  s0:  RUNNING  FOLLOWER s0@group-3D81F66BC438:t320, leader=null, voted=null, raftlog=s0@group-3D81F66BC438-SegmentedRaftLog:OPENED:c11,f12,i12, conf=11: [s0:0.0.0.0:42154, s1:0.0.0.0:36158, s2:0.0.0.0:36910], old=null RUNNING
  s1:  RUNNING CANDIDATE s1@group-3D81F66BC438:t320, leader=null, voted=s1, raftlog=s1@group-3D81F66BC438-SegmentedRaftLog:OPENED:c10,f11,i11, conf=11: [s0:0.0.0.0:42154, s1:0.0.0.0:36158, s2:0.0.0.0:36910], old=null RUNNING
  s2:  RUNNING CANDIDATE s2@group-3D81F66BC438:t319, leader=null, voted=s2, raftlog=s2@group-3D81F66BC438-SegmentedRaftLog:OPENED:c10,f10,i10, conf=9: [s0:0.0.0.0:42154, s1:0.0.0.0:36158, s2:0.0.0.0:36910], old=null RUNNING
	at org.apache.ratis.MiniRaftCluster.newIllegalStateExceptionForNoLeaders(MiniRaftCluster.java:506)
	at org.apache.ratis.RaftTestUtil.lambda$waitForLeader$1(RaftTestUtil.java:90)
	at org.apache.ratis.MiniRaftCluster.getLeader(MiniRaftCluster.java:539)
	at org.apache.ratis.MiniRaftCluster.getLeader(MiniRaftCluster.java:532)
	at org.apache.ratis.RaftTestUtil.lambda$waitForLeader$3(RaftTestUtil.java:98)
	at org.apache.ratis.util.JavaUtils.attempt(JavaUtils.java:152)
	at org.apache.ratis.RaftTestUtil.waitForLeader(RaftTestUtil.java:97)
	at org.apache.ratis.RaftTestUtil.waitForLeader(RaftTestUtil.java:77)
	at org.apache.ratis.RaftTestUtil.waitForLeader(RaftTestUtil.java:72)
	at org.apache.ratis.RaftTestUtil.lambda$changeLeader$7(RaftTestUtil.java:363)
	at org.apache.ratis.util.JavaUtils.attempt(JavaUtils.java:152)
	at org.apache.ratis.RaftTestUtil.changeLeader(RaftTestUtil.java:362)
	at org.apache.ratis.server.impl.LeaderElectionTests.testChangeLeader(LeaderElectionTests.java:81)
	at sun.reflect.NativeMethodAccessorImpl.invoke0(Native Method)
	at sun.reflect.NativeMethodAccessorImpl.invoke(NativeMethodAccessorImpl.java:62)
	at sun.reflect.DelegatingMethodAccessorImpl.invoke(DelegatingMethodAccessorImpl.java:43)
	at java.lang.reflect.Method.invoke(Method.java:498)
	at org.junit.runners.model.FrameworkMethod$1.runReflectiveCall(FrameworkMethod.java:50)
	at org.junit.internal.runners.model.ReflectiveCallable.run(ReflectiveCallable.java:12)
	at org.junit.runners.model.FrameworkMethod.invokeExplosively(FrameworkMethod.java:47)
	at org.junit.internal.runners.statements.InvokeMethod.evaluate(InvokeMethod.java:17)
	at org.junit.internal.runners.statements.RunAfters.evaluate(RunAfters.java:27)
	at org.junit.internal.runners.statements.FailOnTimeout$CallableStatement.call(FailOnTimeout.java:298)
	at org.junit.internal.runners.statements.FailOnTimeout$CallableStatement.call(FailOnTimeout.java:292)
	at java.util.concurrent.FutureTask.run(FutureTask.java:266)
	at java.lang.Thread.run(Thread.java:748)
2019-09-24 12:00:43,378 INFO  impl.LeaderElection (LeaderElection.java:logAndReturn(56)) - s2@group-3D81F66BC438-LeaderElection123: Election TIMEOUT; received 1 response(s) [s2<-s0#0:FAIL-t319] and 0 exception(s); s2@group-3D81F66BC438:t319, leader=null, voted=s2, raftlog=s2@group-3D81F66BC438-SegmentedRaftLog:OPENED:c10,f10,i10, conf=9: [s0:0.0.0.0:42154, s1:0.0.0.0:36158, s2:0.0.0.0:36910], old=null
2019-09-24 12:00:43,391 INFO  impl.LeaderElection (LeaderElection.java:askForVotes(178)) - s2@group-3D81F66BC438-LeaderElection123: begin an election at term 320 for 9: [s0:0.0.0.0:42154, s1:0.0.0.0:36158, s2:0.0.0.0:36910], old=null
2019-09-24 12:00:43,392 DEBUG impl.RaftServerImpl (RaftServerImpl.java:requestVote(743)) - s0@group-3D81F66BC438: receive requestVote(s2, group-3D81F66BC438, 320, (t:13, i:10))
2019-09-24 12:00:43,392 INFO  impl.RaftServerImpl (RaftServerImpl.java:setRole(170)) - s0@group-3D81F66BC438: changes role from  FOLLOWER to FOLLOWER at term 320 for recognizeCandidate:s2
2019-09-24 12:00:43,392 INFO  impl.RoleInfo (RoleInfo.java:shutdownFollowerState(121)) - s0: shutdown FollowerState
2019-09-24 12:00:43,392 INFO  impl.RoleInfo (RoleInfo.java:updateAndGet(143)) - s0: start FollowerState
2019-09-24 12:00:43,392 INFO  impl.FollowerState (FollowerState.java:run(117)) - s0@group-3D81F66BC438-FollowerState was interrupted: java.lang.InterruptedException: sleep interrupted
2019-09-24 12:00:43,393 DEBUG impl.RaftServerImpl (RaftServerImpl.java:requestVote(775)) - s0@group-3D81F66BC438 replies to vote request: s2<-s0#0:FAIL-t320. Peer's state: s0@group-3D81F66BC438:t320, leader=null, voted=null, raftlog=s0@group-3D81F66BC438-SegmentedRaftLog:OPENED:c11,f12,i12, conf=11: [s0:0.0.0.0:42154, s1:0.0.0.0:36158, s2:0.0.0.0:36910], old=null
2019-09-24 12:00:43,460 INFO  impl.LeaderElection (LeaderElection.java:logAndReturn(56)) - s1@group-3D81F66BC438-LeaderElection126: Election TIMEOUT; received 1 response(s) [s1<-s0#0:FAIL-t320] and 0 exception(s); s1@group-3D81F66BC438:t320, leader=null, voted=s1, raftlog=s1@group-3D81F66BC438-SegmentedRaftLog:OPENED:c10,f11,i11, conf=11: [s0:0.0.0.0:42154, s1:0.0.0.0:36158, s2:0.0.0.0:36910], old=null
2019-09-24 12:00:43,474 INFO  impl.LeaderElection (LeaderElection.java:askForVotes(178)) - s1@group-3D81F66BC438-LeaderElection126: begin an election at term 321 for 11: [s0:0.0.0.0:42154, s1:0.0.0.0:36158, s2:0.0.0.0:36910], old=null
2019-09-24 12:00:43,474 DEBUG impl.RaftServerImpl (RaftServerImpl.java:requestVote(743)) - s0@group-3D81F66BC438: receive requestVote(s1, group-3D81F66BC438, 321, (t:14, i:11))
2019-09-24 12:00:43,474 INFO  impl.RaftServerImpl (RaftServerImpl.java:setRole(170)) - s0@group-3D81F66BC438: changes role from  FOLLOWER to FOLLOWER at term 321 for recognizeCandidate:s1
2019-09-24 12:00:43,475 INFO  impl.RoleInfo (RoleInfo.java:shutdownFollowerState(121)) - s0: shutdown FollowerState
2019-09-24 12:00:43,475 INFO  impl.RoleInfo (RoleInfo.java:updateAndGet(143)) - s0: start FollowerState
2019-09-24 12:00:43,475 INFO  impl.FollowerState (FollowerState.java:run(117)) - s0@group-3D81F66BC438-FollowerState was interrupted: java.lang.InterruptedException: sleep interrupted
2019-09-24 12:00:43,490 DEBUG impl.RaftServerImpl (RaftServerImpl.java:requestVote(775)) - s0@group-3D81F66BC438 replies to vote request: s1<-s0#0:FAIL-t321. Peer's state: s0@group-3D81F66BC438:t321, leader=null, voted=null, raftlog=s0@group-3D81F66BC438-SegmentedRaftLog:OPENED:c11,f12,i12, conf=11: [s0:0.0.0.0:42154, s1:0.0.0.0:36158, s2:0.0.0.0:36910], old=null
2019-09-24 12:00:43,644 INFO  impl.LeaderElection (LeaderElection.java:logAndReturn(56)) - s2@group-3D81F66BC438-LeaderElection123: Election TIMEOUT; received 1 response(s) [s2<-s0#0:FAIL-t320] and 0 exception(s); s2@group-3D81F66BC438:t320, leader=null, voted=s2, raftlog=s2@group-3D81F66BC438-SegmentedRaftLog:OPENED:c10,f10,i10, conf=9: [s0:0.0.0.0:42154, s1:0.0.0.0:36158, s2:0.0.0.0:36910], old=null
2019-09-24 12:00:43,658 INFO  impl.LeaderElection (LeaderElection.java:askForVotes(178)) - s2@group-3D81F66BC438-LeaderElection123: begin an election at term 321 for 9: [s0:0.0.0.0:42154, s1:0.0.0.0:36158, s2:0.0.0.0:36910], old=null
2019-09-24 12:00:43,658 DEBUG impl.RaftServerImpl (RaftServerImpl.java:requestVote(743)) - s0@group-3D81F66BC438: receive requestVote(s2, group-3D81F66BC438, 321, (t:13, i:10))
2019-09-24 12:00:43,658 INFO  impl.RaftServerImpl (RaftServerImpl.java:setRole(170)) - s0@group-3D81F66BC438: changes role from  FOLLOWER to FOLLOWER at term 321 for recognizeCandidate:s2
2019-09-24 12:00:43,659 INFO  impl.RoleInfo (RoleInfo.java:shutdownFollowerState(121)) - s0: shutdown FollowerState
2019-09-24 12:00:43,659 INFO  impl.RoleInfo (RoleInfo.java:updateAndGet(143)) - s0: start FollowerState
2019-09-24 12:00:43,659 INFO  impl.FollowerState (FollowerState.java:run(117)) - s0@group-3D81F66BC438-FollowerState was interrupted: java.lang.InterruptedException: sleep interrupted
2019-09-24 12:00:43,659 DEBUG impl.RaftServerImpl (RaftServerImpl.java:requestVote(775)) - s0@group-3D81F66BC438 replies to vote request: s2<-s0#0:FAIL-t321. Peer's state: s0@group-3D81F66BC438:t321, leader=null, voted=null, raftlog=s0@group-3D81F66BC438-SegmentedRaftLog:OPENED:c11,f12,i12, conf=11: [s0:0.0.0.0:42154, s1:0.0.0.0:36158, s2:0.0.0.0:36910], old=null
2019-09-24 12:00:43,665 INFO  impl.LeaderElection (LeaderElection.java:logAndReturn(56)) - s1@group-3D81F66BC438-LeaderElection126: Election TIMEOUT; received 1 response(s) [s1<-s0#0:FAIL-t321] and 0 exception(s); s1@group-3D81F66BC438:t321, leader=null, voted=s1, raftlog=s1@group-3D81F66BC438-SegmentedRaftLog:OPENED:c10,f11,i11, conf=11: [s0:0.0.0.0:42154, s1:0.0.0.0:36158, s2:0.0.0.0:36910], old=null
2019-09-24 12:00:43,691 INFO  impl.LeaderElection (LeaderElection.java:askForVotes(178)) - s1@group-3D81F66BC438-LeaderElection126: begin an election at term 322 for 11: [s0:0.0.0.0:42154, s1:0.0.0.0:36158, s2:0.0.0.0:36910], old=null
2019-09-24 12:00:43,692 DEBUG impl.RaftServerImpl (RaftServerImpl.java:requestVote(743)) - s0@group-3D81F66BC438: receive requestVote(s1, group-3D81F66BC438, 322, (t:14, i:11))
2019-09-24 12:00:43,692 INFO  impl.RaftServerImpl (RaftServerImpl.java:setRole(170)) - s0@group-3D81F66BC438: changes role from  FOLLOWER to FOLLOWER at term 322 for recognizeCandidate:s1
2019-09-24 12:00:43,692 INFO  impl.RoleInfo (RoleInfo.java:shutdownFollowerState(121)) - s0: shutdown FollowerState
2019-09-24 12:00:43,692 INFO  impl.RoleInfo (RoleInfo.java:updateAndGet(143)) - s0: start FollowerState
2019-09-24 12:00:43,692 INFO  impl.FollowerState (FollowerState.java:run(117)) - s0@group-3D81F66BC438-FollowerState was interrupted: java.lang.InterruptedException: sleep interrupted
2019-09-24 12:00:43,705 DEBUG impl.RaftServerImpl (RaftServerImpl.java:requestVote(775)) - s0@group-3D81F66BC438 replies to vote request: s1<-s0#0:FAIL-t322. Peer's state: s0@group-3D81F66BC438:t322, leader=null, voted=null, raftlog=s0@group-3D81F66BC438-SegmentedRaftLog:OPENED:c11,f12,i12, conf=11: [s0:0.0.0.0:42154, s1:0.0.0.0:36158, s2:0.0.0.0:36910], old=null
2019-09-24 12:00:43,744 WARN  ratis.RaftTestUtil (JavaUtils.java:attempt(158)) - FAILED "waitForLeader-null-(expectLeader? true)", attempt #61/100: java.lang.IllegalStateException: No leader yet : printing ALL groups
  s0:  RUNNING  FOLLOWER s0@group-3D81F66BC438:t322, leader=null, voted=null, raftlog=s0@group-3D81F66BC438-SegmentedRaftLog:OPENED:c11,f12,i12, conf=11: [s0:0.0.0.0:42154, s1:0.0.0.0:36158, s2:0.0.0.0:36910], old=null RUNNING
  s1:  RUNNING CANDIDATE s1@group-3D81F66BC438:t322, leader=null, voted=s1, raftlog=s1@group-3D81F66BC438-SegmentedRaftLog:OPENED:c10,f11,i11, conf=11: [s0:0.0.0.0:42154, s1:0.0.0.0:36158, s2:0.0.0.0:36910], old=null RUNNING
  s2:  RUNNING CANDIDATE s2@group-3D81F66BC438:t321, leader=null, voted=s2, raftlog=s2@group-3D81F66BC438-SegmentedRaftLog:OPENED:c10,f10,i10, conf=9: [s0:0.0.0.0:42154, s1:0.0.0.0:36158, s2:0.0.0.0:36910], old=null RUNNING, sleep 450ms and then retry.
java.lang.IllegalStateException: No leader yet : printing ALL groups
  s0:  RUNNING  FOLLOWER s0@group-3D81F66BC438:t322, leader=null, voted=null, raftlog=s0@group-3D81F66BC438-SegmentedRaftLog:OPENED:c11,f12,i12, conf=11: [s0:0.0.0.0:42154, s1:0.0.0.0:36158, s2:0.0.0.0:36910], old=null RUNNING
  s1:  RUNNING CANDIDATE s1@group-3D81F66BC438:t322, leader=null, voted=s1, raftlog=s1@group-3D81F66BC438-SegmentedRaftLog:OPENED:c10,f11,i11, conf=11: [s0:0.0.0.0:42154, s1:0.0.0.0:36158, s2:0.0.0.0:36910], old=null RUNNING
  s2:  RUNNING CANDIDATE s2@group-3D81F66BC438:t321, leader=null, voted=s2, raftlog=s2@group-3D81F66BC438-SegmentedRaftLog:OPENED:c10,f10,i10, conf=9: [s0:0.0.0.0:42154, s1:0.0.0.0:36158, s2:0.0.0.0:36910], old=null RUNNING
	at org.apache.ratis.MiniRaftCluster.newIllegalStateExceptionForNoLeaders(MiniRaftCluster.java:506)
	at org.apache.ratis.RaftTestUtil.lambda$waitForLeader$1(RaftTestUtil.java:90)
	at org.apache.ratis.MiniRaftCluster.getLeader(MiniRaftCluster.java:539)
	at org.apache.ratis.MiniRaftCluster.getLeader(MiniRaftCluster.java:532)
	at org.apache.ratis.RaftTestUtil.lambda$waitForLeader$3(RaftTestUtil.java:98)
	at org.apache.ratis.util.JavaUtils.attempt(JavaUtils.java:152)
	at org.apache.ratis.RaftTestUtil.waitForLeader(RaftTestUtil.java:97)
	at org.apache.ratis.RaftTestUtil.waitForLeader(RaftTestUtil.java:77)
	at org.apache.ratis.RaftTestUtil.waitForLeader(RaftTestUtil.java:72)
	at org.apache.ratis.RaftTestUtil.lambda$changeLeader$7(RaftTestUtil.java:363)
	at org.apache.ratis.util.JavaUtils.attempt(JavaUtils.java:152)
	at org.apache.ratis.RaftTestUtil.changeLeader(RaftTestUtil.java:362)
	at org.apache.ratis.server.impl.LeaderElectionTests.testChangeLeader(LeaderElectionTests.java:81)
	at sun.reflect.NativeMethodAccessorImpl.invoke0(Native Method)
	at sun.reflect.NativeMethodAccessorImpl.invoke(NativeMethodAccessorImpl.java:62)
	at sun.reflect.DelegatingMethodAccessorImpl.invoke(DelegatingMethodAccessorImpl.java:43)
	at java.lang.reflect.Method.invoke(Method.java:498)
	at org.junit.runners.model.FrameworkMethod$1.runReflectiveCall(FrameworkMethod.java:50)
	at org.junit.internal.runners.model.ReflectiveCallable.run(ReflectiveCallable.java:12)
	at org.junit.runners.model.FrameworkMethod.invokeExplosively(FrameworkMethod.java:47)
	at org.junit.internal.runners.statements.InvokeMethod.evaluate(InvokeMethod.java:17)
	at org.junit.internal.runners.statements.RunAfters.evaluate(RunAfters.java:27)
	at org.junit.internal.runners.statements.FailOnTimeout$CallableStatement.call(FailOnTimeout.java:298)
	at org.junit.internal.runners.statements.FailOnTimeout$CallableStatement.call(FailOnTimeout.java:292)
	at java.util.concurrent.FutureTask.run(FutureTask.java:266)
	at java.lang.Thread.run(Thread.java:748)
2019-09-24 12:00:43,918 INFO  impl.LeaderElection (LeaderElection.java:logAndReturn(56)) - s2@group-3D81F66BC438-LeaderElection123: Election TIMEOUT; received 1 response(s) [s2<-s0#0:FAIL-t321] and 0 exception(s); s2@group-3D81F66BC438:t321, leader=null, voted=s2, raftlog=s2@group-3D81F66BC438-SegmentedRaftLog:OPENED:c10,f10,i10, conf=9: [s0:0.0.0.0:42154, s1:0.0.0.0:36158, s2:0.0.0.0:36910], old=null
2019-09-24 12:00:43,944 INFO  impl.LeaderElection (LeaderElection.java:askForVotes(178)) - s2@group-3D81F66BC438-LeaderElection123: begin an election at term 322 for 9: [s0:0.0.0.0:42154, s1:0.0.0.0:36158, s2:0.0.0.0:36910], old=null
2019-09-24 12:00:43,945 DEBUG impl.RaftServerImpl (RaftServerImpl.java:requestVote(743)) - s0@group-3D81F66BC438: receive requestVote(s2, group-3D81F66BC438, 322, (t:13, i:10))
2019-09-24 12:00:43,945 INFO  impl.RaftServerImpl (RaftServerImpl.java:setRole(170)) - s0@group-3D81F66BC438: changes role from  FOLLOWER to FOLLOWER at term 322 for recognizeCandidate:s2
2019-09-24 12:00:43,945 INFO  impl.RoleInfo (RoleInfo.java:shutdownFollowerState(121)) - s0: shutdown FollowerState
2019-09-24 12:00:43,945 INFO  impl.RoleInfo (RoleInfo.java:updateAndGet(143)) - s0: start FollowerState
2019-09-24 12:00:43,945 INFO  impl.FollowerState (FollowerState.java:run(117)) - s0@group-3D81F66BC438-FollowerState was interrupted: java.lang.InterruptedException: sleep interrupted
2019-09-24 12:00:43,946 DEBUG impl.RaftServerImpl (RaftServerImpl.java:requestVote(775)) - s0@group-3D81F66BC438 replies to vote request: s2<-s0#0:FAIL-t322. Peer's state: s0@group-3D81F66BC438:t322, leader=null, voted=null, raftlog=s0@group-3D81F66BC438-SegmentedRaftLog:OPENED:c11,f12,i12, conf=11: [s0:0.0.0.0:42154, s1:0.0.0.0:36158, s2:0.0.0.0:36910], old=null
2019-09-24 12:00:43,962 INFO  impl.LeaderElection (LeaderElection.java:logAndReturn(56)) - s1@group-3D81F66BC438-LeaderElection126: Election TIMEOUT; received 1 response(s) [s1<-s0#0:FAIL-t322] and 0 exception(s); s1@group-3D81F66BC438:t322, leader=null, voted=s1, raftlog=s1@group-3D81F66BC438-SegmentedRaftLog:OPENED:c10,f11,i11, conf=11: [s0:0.0.0.0:42154, s1:0.0.0.0:36158, s2:0.0.0.0:36910], old=null
2019-09-24 12:00:43,976 INFO  impl.LeaderElection (LeaderElection.java:askForVotes(178)) - s1@group-3D81F66BC438-LeaderElection126: begin an election at term 323 for 11: [s0:0.0.0.0:42154, s1:0.0.0.0:36158, s2:0.0.0.0:36910], old=null
2019-09-24 12:00:43,977 DEBUG impl.RaftServerImpl (RaftServerImpl.java:requestVote(743)) - s0@group-3D81F66BC438: receive requestVote(s1, group-3D81F66BC438, 323, (t:14, i:11))
2019-09-24 12:00:43,977 INFO  impl.RaftServerImpl (RaftServerImpl.java:setRole(170)) - s0@group-3D81F66BC438: changes role from  FOLLOWER to FOLLOWER at term 323 for recognizeCandidate:s1
2019-09-24 12:00:43,977 INFO  impl.RoleInfo (RoleInfo.java:shutdownFollowerState(121)) - s0: shutdown FollowerState
2019-09-24 12:00:43,977 INFO  impl.RoleInfo (RoleInfo.java:updateAndGet(143)) - s0: start FollowerState
2019-09-24 12:00:43,977 INFO  impl.FollowerState (FollowerState.java:run(117)) - s0@group-3D81F66BC438-FollowerState was interrupted: java.lang.InterruptedException: sleep interrupted
2019-09-24 12:00:43,990 DEBUG impl.RaftServerImpl (RaftServerImpl.java:requestVote(775)) - s0@group-3D81F66BC438 replies to vote request: s1<-s0#0:FAIL-t323. Peer's state: s0@group-3D81F66BC438:t323, leader=null, voted=null, raftlog=s0@group-3D81F66BC438-SegmentedRaftLog:OPENED:c11,f12,i12, conf=11: [s0:0.0.0.0:42154, s1:0.0.0.0:36158, s2:0.0.0.0:36910], old=null
2019-09-24 12:00:44,160 INFO  impl.FollowerState (FollowerState.java:run(108)) - s0@group-3D81F66BC438-FollowerState: change to CANDIDATE, lastRpcTime:182ms, electionTimeout:182ms
2019-09-24 12:00:44,160 INFO  impl.RoleInfo (RoleInfo.java:shutdownFollowerState(121)) - s0: shutdown FollowerState
2019-09-24 12:00:44,160 INFO  impl.RaftServerImpl (RaftServerImpl.java:setRole(170)) - s0@group-3D81F66BC438: changes role from  FOLLOWER to CANDIDATE at term 323 for changeToCandidate
2019-09-24 12:00:44,161 INFO  impl.RoleInfo (RoleInfo.java:updateAndGet(143)) - s0: start LeaderElection
2019-09-24 12:00:44,182 INFO  impl.LeaderElection (LeaderElection.java:askForVotes(178)) - s0@group-3D81F66BC438-LeaderElection127: begin an election at term 324 for 11: [s0:0.0.0.0:42154, s1:0.0.0.0:36158, s2:0.0.0.0:36910], old=null
2019-09-24 12:00:44,195 WARN  ratis.RaftTestUtil (JavaUtils.java:attempt(158)) - FAILED "waitForLeader-null-(expectLeader? true)", attempt #62/100: java.lang.IllegalStateException: No leader yet : printing ALL groups
  s0:  RUNNING CANDIDATE s0@group-3D81F66BC438:t324, leader=null, voted=s0, raftlog=s0@group-3D81F66BC438-SegmentedRaftLog:OPENED:c11,f12,i12, conf=11: [s0:0.0.0.0:42154, s1:0.0.0.0:36158, s2:0.0.0.0:36910], old=null RUNNING
  s1:  RUNNING CANDIDATE s1@group-3D81F66BC438:t323, leader=null, voted=s1, raftlog=s1@group-3D81F66BC438-SegmentedRaftLog:OPENED:c10,f11,i11, conf=11: [s0:0.0.0.0:42154, s1:0.0.0.0:36158, s2:0.0.0.0:36910], old=null RUNNING
  s2:  RUNNING CANDIDATE s2@group-3D81F66BC438:t322, leader=null, voted=s2, raftlog=s2@group-3D81F66BC438-SegmentedRaftLog:OPENED:c10,f10,i10, conf=9: [s0:0.0.0.0:42154, s1:0.0.0.0:36158, s2:0.0.0.0:36910], old=null RUNNING, sleep 450ms and then retry.
java.lang.IllegalStateException: No leader yet : printing ALL groups
  s0:  RUNNING CANDIDATE s0@group-3D81F66BC438:t324, leader=null, voted=s0, raftlog=s0@group-3D81F66BC438-SegmentedRaftLog:OPENED:c11,f12,i12, conf=11: [s0:0.0.0.0:42154, s1:0.0.0.0:36158, s2:0.0.0.0:36910], old=null RUNNING
  s1:  RUNNING CANDIDATE s1@group-3D81F66BC438:t323, leader=null, voted=s1, raftlog=s1@group-3D81F66BC438-SegmentedRaftLog:OPENED:c10,f11,i11, conf=11: [s0:0.0.0.0:42154, s1:0.0.0.0:36158, s2:0.0.0.0:36910], old=null RUNNING
  s2:  RUNNING CANDIDATE s2@group-3D81F66BC438:t322, leader=null, voted=s2, raftlog=s2@group-3D81F66BC438-SegmentedRaftLog:OPENED:c10,f10,i10, conf=9: [s0:0.0.0.0:42154, s1:0.0.0.0:36158, s2:0.0.0.0:36910], old=null RUNNING
	at org.apache.ratis.MiniRaftCluster.newIllegalStateExceptionForNoLeaders(MiniRaftCluster.java:506)
	at org.apache.ratis.RaftTestUtil.lambda$waitForLeader$1(RaftTestUtil.java:90)
	at org.apache.ratis.MiniRaftCluster.getLeader(MiniRaftCluster.java:539)
	at org.apache.ratis.MiniRaftCluster.getLeader(MiniRaftCluster.java:532)
	at org.apache.ratis.RaftTestUtil.lambda$waitForLeader$3(RaftTestUtil.java:98)
	at org.apache.ratis.util.JavaUtils.attempt(JavaUtils.java:152)
	at org.apache.ratis.RaftTestUtil.waitForLeader(RaftTestUtil.java:97)
	at org.apache.ratis.RaftTestUtil.waitForLeader(RaftTestUtil.java:77)
	at org.apache.ratis.RaftTestUtil.waitForLeader(RaftTestUtil.java:72)
	at org.apache.ratis.RaftTestUtil.lambda$changeLeader$7(RaftTestUtil.java:363)
	at org.apache.ratis.util.JavaUtils.attempt(JavaUtils.java:152)
	at org.apache.ratis.RaftTestUtil.changeLeader(RaftTestUtil.java:362)
	at org.apache.ratis.server.impl.LeaderElectionTests.testChangeLeader(LeaderElectionTests.java:81)
	at sun.reflect.NativeMethodAccessorImpl.invoke0(Native Method)
	at sun.reflect.NativeMethodAccessorImpl.invoke(NativeMethodAccessorImpl.java:62)
	at sun.reflect.DelegatingMethodAccessorImpl.invoke(DelegatingMethodAccessorImpl.java:43)
	at java.lang.reflect.Method.invoke(Method.java:498)
	at org.junit.runners.model.FrameworkMethod$1.runReflectiveCall(FrameworkMethod.java:50)
	at org.junit.internal.runners.model.ReflectiveCallable.run(ReflectiveCallable.java:12)
	at org.junit.runners.model.FrameworkMethod.invokeExplosively(FrameworkMethod.java:47)
	at org.junit.internal.runners.statements.InvokeMethod.evaluate(InvokeMethod.java:17)
	at org.junit.internal.runners.statements.RunAfters.evaluate(RunAfters.java:27)
	at org.junit.internal.runners.statements.FailOnTimeout$CallableStatement.call(FailOnTimeout.java:298)
	at org.junit.internal.runners.statements.FailOnTimeout$CallableStatement.call(FailOnTimeout.java:292)
	at java.util.concurrent.FutureTask.run(FutureTask.java:266)
	at java.lang.Thread.run(Thread.java:748)
2019-09-24 12:00:44,219 INFO  impl.LeaderElection (LeaderElection.java:logAndReturn(56)) - s2@group-3D81F66BC438-LeaderElection123: Election TIMEOUT; received 1 response(s) [s2<-s0#0:FAIL-t322] and 0 exception(s); s2@group-3D81F66BC438:t322, leader=null, voted=s2, raftlog=s2@group-3D81F66BC438-SegmentedRaftLog:OPENED:c10,f10,i10, conf=9: [s0:0.0.0.0:42154, s1:0.0.0.0:36158, s2:0.0.0.0:36910], old=null
2019-09-24 12:00:44,232 INFO  impl.LeaderElection (LeaderElection.java:askForVotes(178)) - s2@group-3D81F66BC438-LeaderElection123: begin an election at term 323 for 9: [s0:0.0.0.0:42154, s1:0.0.0.0:36158, s2:0.0.0.0:36910], old=null
2019-09-24 12:00:44,232 INFO  impl.LeaderElection (LeaderElection.java:logAndReturn(56)) - s1@group-3D81F66BC438-LeaderElection126: Election TIMEOUT; received 1 response(s) [s1<-s0#0:FAIL-t323] and 0 exception(s); s1@group-3D81F66BC438:t323, leader=null, voted=s1, raftlog=s1@group-3D81F66BC438-SegmentedRaftLog:OPENED:c10,f11,i11, conf=11: [s0:0.0.0.0:42154, s1:0.0.0.0:36158, s2:0.0.0.0:36910], old=null
2019-09-24 12:00:44,232 DEBUG impl.RaftServerImpl (RaftServerImpl.java:requestVote(743)) - s0@group-3D81F66BC438: receive requestVote(s2, group-3D81F66BC438, 323, (t:13, i:10))
2019-09-24 12:00:44,232 DEBUG impl.RaftServerImpl (RaftServerImpl.java:requestVote(775)) - s0@group-3D81F66BC438 replies to vote request: s2<-s0#0:FAIL-t324. Peer's state: s0@group-3D81F66BC438:t324, leader=null, voted=s0, raftlog=s0@group-3D81F66BC438-SegmentedRaftLog:OPENED:c11,f12,i12, conf=11: [s0:0.0.0.0:42154, s1:0.0.0.0:36158, s2:0.0.0.0:36910], old=null
2019-09-24 12:00:44,233 INFO  impl.LeaderElection (LeaderElection.java:logAndReturn(56)) - s2@group-3D81F66BC438-LeaderElection123: Election DISCOVERED_A_NEW_TERM; received 1 response(s) [s2<-s0#0:FAIL-t324] and 0 exception(s); s2@group-3D81F66BC438:t323, leader=null, voted=s2, raftlog=s2@group-3D81F66BC438-SegmentedRaftLog:OPENED:c10,f10,i10, conf=9: [s0:0.0.0.0:42154, s1:0.0.0.0:36158, s2:0.0.0.0:36910], old=null
2019-09-24 12:00:44,233 INFO  impl.RaftServerImpl (RaftServerImpl.java:setRole(170)) - s2@group-3D81F66BC438: changes role from CANDIDATE to FOLLOWER at term 324 for DISCOVERED_A_NEW_TERM
2019-09-24 12:00:44,233 INFO  impl.RoleInfo (RoleInfo.java:shutdownLeaderElection(134)) - s2: shutdown LeaderElection
2019-09-24 12:00:44,233 INFO  impl.RoleInfo (RoleInfo.java:updateAndGet(143)) - s2: start FollowerState
2019-09-24 12:00:44,257 INFO  impl.LeaderElection (LeaderElection.java:askForVotes(178)) - s1@group-3D81F66BC438-LeaderElection126: begin an election at term 324 for 11: [s0:0.0.0.0:42154, s1:0.0.0.0:36158, s2:0.0.0.0:36910], old=null
2019-09-24 12:00:44,258 DEBUG impl.RaftServerImpl (RaftServerImpl.java:requestVote(743)) - s0@group-3D81F66BC438: receive requestVote(s1, group-3D81F66BC438, 324, (t:14, i:11))
2019-09-24 12:00:44,258 DEBUG impl.RaftServerImpl (RaftServerImpl.java:requestVote(775)) - s0@group-3D81F66BC438 replies to vote request: s1<-s0#0:FAIL-t324. Peer's state: s0@group-3D81F66BC438:t324, leader=null, voted=s0, raftlog=s0@group-3D81F66BC438-SegmentedRaftLog:OPENED:c11,f12,i12, conf=11: [s0:0.0.0.0:42154, s1:0.0.0.0:36158, s2:0.0.0.0:36910], old=null
2019-09-24 12:00:44,459 INFO  impl.FollowerState (FollowerState.java:run(108)) - s2@group-3D81F66BC438-FollowerState: change to CANDIDATE, lastRpcTime:226ms, electionTimeout:226ms
2019-09-24 12:00:44,460 INFO  impl.RoleInfo (RoleInfo.java:shutdownFollowerState(121)) - s2: shutdown FollowerState
2019-09-24 12:00:44,460 INFO  impl.RaftServerImpl (RaftServerImpl.java:setRole(170)) - s2@group-3D81F66BC438: changes role from  FOLLOWER to CANDIDATE at term 324 for changeToCandidate
2019-09-24 12:00:44,460 INFO  impl.RoleInfo (RoleInfo.java:updateAndGet(143)) - s2: start LeaderElection
2019-09-24 12:00:44,476 INFO  impl.LeaderElection (LeaderElection.java:askForVotes(178)) - s2@group-3D81F66BC438-LeaderElection128: begin an election at term 325 for 9: [s0:0.0.0.0:42154, s1:0.0.0.0:36158, s2:0.0.0.0:36910], old=null
2019-09-24 12:00:44,477 DEBUG impl.RaftServerImpl (RaftServerImpl.java:requestVote(743)) - s0@group-3D81F66BC438: receive requestVote(s2, group-3D81F66BC438, 325, (t:13, i:10))
2019-09-24 12:00:44,477 INFO  impl.RaftServerImpl (RaftServerImpl.java:setRole(170)) - s0@group-3D81F66BC438: changes role from CANDIDATE to FOLLOWER at term 325 for recognizeCandidate:s2
2019-09-24 12:00:44,477 INFO  impl.RoleInfo (RoleInfo.java:shutdownLeaderElection(134)) - s0: shutdown LeaderElection
2019-09-24 12:00:44,477 INFO  impl.RoleInfo (RoleInfo.java:updateAndGet(143)) - s0: start FollowerState
2019-09-24 12:00:44,482 INFO  impl.LeaderElection (LeaderElection.java:logAndReturn(56)) - s0@group-3D81F66BC438-LeaderElection127: Election REJECTED; received 0 response(s) [] and 0 exception(s); s0@group-3D81F66BC438:t325, leader=null, voted=null, raftlog=s0@group-3D81F66BC438-SegmentedRaftLog:OPENED:c11,f12,i12, conf=11: [s0:0.0.0.0:42154, s1:0.0.0.0:36158, s2:0.0.0.0:36910], old=null
2019-09-24 12:00:44,485 INFO  impl.LeaderElection (LeaderElection.java:logAndReturn(56)) - s1@group-3D81F66BC438-LeaderElection126: Election TIMEOUT; received 1 response(s) [s1<-s0#0:FAIL-t324] and 0 exception(s); s1@group-3D81F66BC438:t324, leader=null, voted=s1, raftlog=s1@group-3D81F66BC438-SegmentedRaftLog:OPENED:c10,f11,i11, conf=11: [s0:0.0.0.0:42154, s1:0.0.0.0:36158, s2:0.0.0.0:36910], old=null
2019-09-24 12:00:44,491 INFO  impl.LeaderElection (LeaderElection.java:askForVotes(178)) - s1@group-3D81F66BC438-LeaderElection126: begin an election at term 325 for 11: [s0:0.0.0.0:42154, s1:0.0.0.0:36158, s2:0.0.0.0:36910], old=null
2019-09-24 12:00:44,491 DEBUG impl.RaftServerImpl (RaftServerImpl.java:requestVote(775)) - s0@group-3D81F66BC438 replies to vote request: s2<-s0#0:FAIL-t325. Peer's state: s0@group-3D81F66BC438:t325, leader=null, voted=null, raftlog=s0@group-3D81F66BC438-SegmentedRaftLog:OPENED:c11,f12,i12, conf=11: [s0:0.0.0.0:42154, s1:0.0.0.0:36158, s2:0.0.0.0:36910], old=null
2019-09-24 12:00:44,491 DEBUG impl.RaftServerImpl (RaftServerImpl.java:requestVote(743)) - s0@group-3D81F66BC438: receive requestVote(s1, group-3D81F66BC438, 325, (t:14, i:11))
2019-09-24 12:00:44,492 INFO  impl.RaftServerImpl (RaftServerImpl.java:setRole(170)) - s0@group-3D81F66BC438: changes role from  FOLLOWER to FOLLOWER at term 325 for recognizeCandidate:s1
2019-09-24 12:00:44,492 INFO  impl.RoleInfo (RoleInfo.java:shutdownFollowerState(121)) - s0: shutdown FollowerState
2019-09-24 12:00:44,492 INFO  impl.RoleInfo (RoleInfo.java:updateAndGet(143)) - s0: start FollowerState
2019-09-24 12:00:44,492 INFO  impl.FollowerState (FollowerState.java:run(117)) - s0@group-3D81F66BC438-FollowerState was interrupted: java.lang.InterruptedException: sleep interrupted
2019-09-24 12:00:44,492 DEBUG impl.RaftServerImpl (RaftServerImpl.java:requestVote(775)) - s0@group-3D81F66BC438 replies to vote request: s1<-s0#0:FAIL-t325. Peer's state: s0@group-3D81F66BC438:t325, leader=null, voted=null, raftlog=s0@group-3D81F66BC438-SegmentedRaftLog:OPENED:c11,f12,i12, conf=11: [s0:0.0.0.0:42154, s1:0.0.0.0:36158, s2:0.0.0.0:36910], old=null
2019-09-24 12:00:44,642 INFO  impl.FollowerState (FollowerState.java:run(108)) - s0@group-3D81F66BC438-FollowerState: change to CANDIDATE, lastRpcTime:150ms, electionTimeout:150ms
2019-09-24 12:00:44,643 INFO  impl.RoleInfo (RoleInfo.java:shutdownFollowerState(121)) - s0: shutdown FollowerState
2019-09-24 12:00:44,643 INFO  impl.RaftServerImpl (RaftServerImpl.java:setRole(170)) - s0@group-3D81F66BC438: changes role from  FOLLOWER to CANDIDATE at term 325 for changeToCandidate
2019-09-24 12:00:44,643 INFO  impl.RoleInfo (RoleInfo.java:updateAndGet(143)) - s0: start LeaderElection
2019-09-24 12:00:44,647 WARN  ratis.RaftTestUtil (JavaUtils.java:attempt(158)) - FAILED "waitForLeader-null-(expectLeader? true)", attempt #63/100: java.lang.IllegalStateException: No leader yet : printing ALL groups
  s0:  RUNNING CANDIDATE s0@group-3D81F66BC438:t326, leader=null, voted=s0, raftlog=s0@group-3D81F66BC438-SegmentedRaftLog:OPENED:c11,f12,i12, conf=11: [s0:0.0.0.0:42154, s1:0.0.0.0:36158, s2:0.0.0.0:36910], old=null RUNNING
  s1:  RUNNING CANDIDATE s1@group-3D81F66BC438:t325, leader=null, voted=s1, raftlog=s1@group-3D81F66BC438-SegmentedRaftLog:OPENED:c10,f11,i11, conf=11: [s0:0.0.0.0:42154, s1:0.0.0.0:36158, s2:0.0.0.0:36910], old=null RUNNING
  s2:  RUNNING CANDIDATE s2@group-3D81F66BC438:t325, leader=null, voted=s2, raftlog=s2@group-3D81F66BC438-SegmentedRaftLog:OPENED:c10,f10,i10, conf=9: [s0:0.0.0.0:42154, s1:0.0.0.0:36158, s2:0.0.0.0:36910], old=null RUNNING, sleep 450ms and then retry.
java.lang.IllegalStateException: No leader yet : printing ALL groups
  s0:  RUNNING CANDIDATE s0@group-3D81F66BC438:t326, leader=null, voted=s0, raftlog=s0@group-3D81F66BC438-SegmentedRaftLog:OPENED:c11,f12,i12, conf=11: [s0:0.0.0.0:42154, s1:0.0.0.0:36158, s2:0.0.0.0:36910], old=null RUNNING
  s1:  RUNNING CANDIDATE s1@group-3D81F66BC438:t325, leader=null, voted=s1, raftlog=s1@group-3D81F66BC438-SegmentedRaftLog:OPENED:c10,f11,i11, conf=11: [s0:0.0.0.0:42154, s1:0.0.0.0:36158, s2:0.0.0.0:36910], old=null RUNNING
  s2:  RUNNING CANDIDATE s2@group-3D81F66BC438:t325, leader=null, voted=s2, raftlog=s2@group-3D81F66BC438-SegmentedRaftLog:OPENED:c10,f10,i10, conf=9: [s0:0.0.0.0:42154, s1:0.0.0.0:36158, s2:0.0.0.0:36910], old=null RUNNING
	at org.apache.ratis.MiniRaftCluster.newIllegalStateExceptionForNoLeaders(MiniRaftCluster.java:506)
	at org.apache.ratis.RaftTestUtil.lambda$waitForLeader$1(RaftTestUtil.java:90)
	at org.apache.ratis.MiniRaftCluster.getLeader(MiniRaftCluster.java:539)
	at org.apache.ratis.MiniRaftCluster.getLeader(MiniRaftCluster.java:532)
	at org.apache.ratis.RaftTestUtil.lambda$waitForLeader$3(RaftTestUtil.java:98)
	at org.apache.ratis.util.JavaUtils.attempt(JavaUtils.java:152)
	at org.apache.ratis.RaftTestUtil.waitForLeader(RaftTestUtil.java:97)
	at org.apache.ratis.RaftTestUtil.waitForLeader(RaftTestUtil.java:77)
	at org.apache.ratis.RaftTestUtil.waitForLeader(RaftTestUtil.java:72)
	at org.apache.ratis.RaftTestUtil.lambda$changeLeader$7(RaftTestUtil.java:363)
	at org.apache.ratis.util.JavaUtils.attempt(JavaUtils.java:152)
	at org.apache.ratis.RaftTestUtil.changeLeader(RaftTestUtil.java:362)
	at org.apache.ratis.server.impl.LeaderElectionTests.testChangeLeader(LeaderElectionTests.java:81)
	at sun.reflect.NativeMethodAccessorImpl.invoke0(Native Method)
	at sun.reflect.NativeMethodAccessorImpl.invoke(NativeMethodAccessorImpl.java:62)
	at sun.reflect.DelegatingMethodAccessorImpl.invoke(DelegatingMethodAccessorImpl.java:43)
	at java.lang.reflect.Method.invoke(Method.java:498)
	at org.junit.runners.model.FrameworkMethod$1.runReflectiveCall(FrameworkMethod.java:50)
	at org.junit.internal.runners.model.ReflectiveCallable.run(ReflectiveCallable.java:12)
	at org.junit.runners.model.FrameworkMethod.invokeExplosively(FrameworkMethod.java:47)
	at org.junit.internal.runners.statements.InvokeMethod.evaluate(InvokeMethod.java:17)
	at org.junit.internal.runners.statements.RunAfters.evaluate(RunAfters.java:27)
	at org.junit.internal.runners.statements.FailOnTimeout$CallableStatement.call(FailOnTimeout.java:298)
	at org.junit.internal.runners.statements.FailOnTimeout$CallableStatement.call(FailOnTimeout.java:292)
	at java.util.concurrent.FutureTask.run(FutureTask.java:266)
	at java.lang.Thread.run(Thread.java:748)
2019-09-24 12:00:44,665 INFO  impl.LeaderElection (LeaderElection.java:askForVotes(178)) - s0@group-3D81F66BC438-LeaderElection129: begin an election at term 326 for 11: [s0:0.0.0.0:42154, s1:0.0.0.0:36158, s2:0.0.0.0:36910], old=null
2019-09-24 12:00:44,687 INFO  impl.LeaderElection (LeaderElection.java:logAndReturn(56)) - s1@group-3D81F66BC438-LeaderElection126: Election TIMEOUT; received 1 response(s) [s1<-s0#0:FAIL-t325] and 0 exception(s); s1@group-3D81F66BC438:t325, leader=null, voted=s1, raftlog=s1@group-3D81F66BC438-SegmentedRaftLog:OPENED:c10,f11,i11, conf=11: [s0:0.0.0.0:42154, s1:0.0.0.0:36158, s2:0.0.0.0:36910], old=null
2019-09-24 12:00:44,691 INFO  impl.LeaderElection (LeaderElection.java:askForVotes(178)) - s1@group-3D81F66BC438-LeaderElection126: begin an election at term 326 for 11: [s0:0.0.0.0:42154, s1:0.0.0.0:36158, s2:0.0.0.0:36910], old=null
2019-09-24 12:00:44,692 DEBUG impl.RaftServerImpl (RaftServerImpl.java:requestVote(743)) - s0@group-3D81F66BC438: receive requestVote(s1, group-3D81F66BC438, 326, (t:14, i:11))
2019-09-24 12:00:44,692 DEBUG impl.RaftServerImpl (RaftServerImpl.java:requestVote(775)) - s0@group-3D81F66BC438 replies to vote request: s1<-s0#0:FAIL-t326. Peer's state: s0@group-3D81F66BC438:t326, leader=null, voted=s0, raftlog=s0@group-3D81F66BC438-SegmentedRaftLog:OPENED:c11,f12,i12, conf=11: [s0:0.0.0.0:42154, s1:0.0.0.0:36158, s2:0.0.0.0:36910], old=null
2019-09-24 12:00:44,768 INFO  impl.LeaderElection (LeaderElection.java:logAndReturn(56)) - s2@group-3D81F66BC438-LeaderElection128: Election TIMEOUT; received 1 response(s) [s2<-s0#0:FAIL-t325] and 0 exception(s); s2@group-3D81F66BC438:t325, leader=null, voted=s2, raftlog=s2@group-3D81F66BC438-SegmentedRaftLog:OPENED:c10,f10,i10, conf=9: [s0:0.0.0.0:42154, s1:0.0.0.0:36158, s2:0.0.0.0:36910], old=null
2019-09-24 12:00:44,773 INFO  impl.LeaderElection (LeaderElection.java:askForVotes(178)) - s2@group-3D81F66BC438-LeaderElection128: begin an election at term 326 for 9: [s0:0.0.0.0:42154, s1:0.0.0.0:36158, s2:0.0.0.0:36910], old=null
2019-09-24 12:00:44,774 DEBUG impl.RaftServerImpl (RaftServerImpl.java:requestVote(743)) - s0@group-3D81F66BC438: receive requestVote(s2, group-3D81F66BC438, 326, (t:13, i:10))
2019-09-24 12:00:44,774 DEBUG impl.RaftServerImpl (RaftServerImpl.java:requestVote(775)) - s0@group-3D81F66BC438 replies to vote request: s2<-s0#0:FAIL-t326. Peer's state: s0@group-3D81F66BC438:t326, leader=null, voted=s0, raftlog=s0@group-3D81F66BC438-SegmentedRaftLog:OPENED:c11,f12,i12, conf=11: [s0:0.0.0.0:42154, s1:0.0.0.0:36158, s2:0.0.0.0:36910], old=null
2019-09-24 12:00:44,867 INFO  impl.LeaderElection (LeaderElection.java:logAndReturn(56)) - s1@group-3D81F66BC438-LeaderElection126: Election TIMEOUT; received 1 response(s) [s1<-s0#0:FAIL-t326] and 0 exception(s); s1@group-3D81F66BC438:t326, leader=null, voted=s1, raftlog=s1@group-3D81F66BC438-SegmentedRaftLog:OPENED:c10,f11,i11, conf=11: [s0:0.0.0.0:42154, s1:0.0.0.0:36158, s2:0.0.0.0:36910], old=null
2019-09-24 12:00:44,880 INFO  impl.LeaderElection (LeaderElection.java:askForVotes(178)) - s1@group-3D81F66BC438-LeaderElection126: begin an election at term 327 for 11: [s0:0.0.0.0:42154, s1:0.0.0.0:36158, s2:0.0.0.0:36910], old=null
2019-09-24 12:00:44,880 DEBUG impl.RaftServerImpl (RaftServerImpl.java:requestVote(743)) - s0@group-3D81F66BC438: receive requestVote(s1, group-3D81F66BC438, 327, (t:14, i:11))
2019-09-24 12:00:44,881 INFO  impl.RaftServerImpl (RaftServerImpl.java:setRole(170)) - s0@group-3D81F66BC438: changes role from CANDIDATE to FOLLOWER at term 327 for recognizeCandidate:s1
2019-09-24 12:00:44,881 INFO  impl.RoleInfo (RoleInfo.java:shutdownLeaderElection(134)) - s0: shutdown LeaderElection
2019-09-24 12:00:44,881 INFO  impl.RoleInfo (RoleInfo.java:updateAndGet(143)) - s0: start FollowerState
2019-09-24 12:00:44,889 INFO  impl.LeaderElection (LeaderElection.java:logAndReturn(56)) - s0@group-3D81F66BC438-LeaderElection129: Election REJECTED; received 0 response(s) [] and 0 exception(s); s0@group-3D81F66BC438:t327, leader=null, voted=null, raftlog=s0@group-3D81F66BC438-SegmentedRaftLog:OPENED:c11,f12,i12, conf=11: [s0:0.0.0.0:42154, s1:0.0.0.0:36158, s2:0.0.0.0:36910], old=null
2019-09-24 12:00:44,902 DEBUG impl.RaftServerImpl (RaftServerImpl.java:requestVote(775)) - s0@group-3D81F66BC438 replies to vote request: s1<-s0#0:FAIL-t327. Peer's state: s0@group-3D81F66BC438:t327, leader=null, voted=null, raftlog=s0@group-3D81F66BC438-SegmentedRaftLog:OPENED:c11,f12,i12, conf=11: [s0:0.0.0.0:42154, s1:0.0.0.0:36158, s2:0.0.0.0:36910], old=null
2019-09-24 12:00:45,032 INFO  impl.FollowerState (FollowerState.java:run(108)) - s0@group-3D81F66BC438-FollowerState: change to CANDIDATE, lastRpcTime:151ms, electionTimeout:151ms
2019-09-24 12:00:45,033 INFO  impl.RoleInfo (RoleInfo.java:shutdownFollowerState(121)) - s0: shutdown FollowerState
2019-09-24 12:00:45,033 INFO  impl.RaftServerImpl (RaftServerImpl.java:setRole(170)) - s0@group-3D81F66BC438: changes role from  FOLLOWER to CANDIDATE at term 327 for changeToCandidate
2019-09-24 12:00:45,033 INFO  impl.RoleInfo (RoleInfo.java:updateAndGet(143)) - s0: start LeaderElection
2019-09-24 12:00:45,057 INFO  impl.LeaderElection (LeaderElection.java:askForVotes(178)) - s0@group-3D81F66BC438-LeaderElection130: begin an election at term 328 for 11: [s0:0.0.0.0:42154, s1:0.0.0.0:36158, s2:0.0.0.0:36910], old=null
2019-09-24 12:00:45,068 INFO  impl.LeaderElection (LeaderElection.java:logAndReturn(56)) - s2@group-3D81F66BC438-LeaderElection128: Election TIMEOUT; received 1 response(s) [s2<-s0#0:FAIL-t326] and 0 exception(s); s2@group-3D81F66BC438:t326, leader=null, voted=s2, raftlog=s2@group-3D81F66BC438-SegmentedRaftLog:OPENED:c10,f10,i10, conf=9: [s0:0.0.0.0:42154, s1:0.0.0.0:36158, s2:0.0.0.0:36910], old=null
2019-09-24 12:00:45,069 INFO  impl.LeaderElection (LeaderElection.java:logAndReturn(56)) - s1@group-3D81F66BC438-LeaderElection126: Election TIMEOUT; received 1 response(s) [s1<-s0#0:FAIL-t327] and 0 exception(s); s1@group-3D81F66BC438:t327, leader=null, voted=s1, raftlog=s1@group-3D81F66BC438-SegmentedRaftLog:OPENED:c10,f11,i11, conf=11: [s0:0.0.0.0:42154, s1:0.0.0.0:36158, s2:0.0.0.0:36910], old=null
2019-09-24 12:00:45,077 INFO  impl.LeaderElection (LeaderElection.java:askForVotes(178)) - s2@group-3D81F66BC438-LeaderElection128: begin an election at term 327 for 9: [s0:0.0.0.0:42154, s1:0.0.0.0:36158, s2:0.0.0.0:36910], old=null
2019-09-24 12:00:45,077 INFO  impl.LeaderElection (LeaderElection.java:askForVotes(178)) - s1@group-3D81F66BC438-LeaderElection126: begin an election at term 328 for 11: [s0:0.0.0.0:42154, s1:0.0.0.0:36158, s2:0.0.0.0:36910], old=null
2019-09-24 12:00:45,078 DEBUG impl.RaftServerImpl (RaftServerImpl.java:requestVote(743)) - s0@group-3D81F66BC438: receive requestVote(s2, group-3D81F66BC438, 327, (t:13, i:10))
2019-09-24 12:00:45,078 DEBUG impl.RaftServerImpl (RaftServerImpl.java:requestVote(775)) - s0@group-3D81F66BC438 replies to vote request: s2<-s0#0:FAIL-t328. Peer's state: s0@group-3D81F66BC438:t328, leader=null, voted=s0, raftlog=s0@group-3D81F66BC438-SegmentedRaftLog:OPENED:c11,f12,i12, conf=11: [s0:0.0.0.0:42154, s1:0.0.0.0:36158, s2:0.0.0.0:36910], old=null
2019-09-24 12:00:45,078 DEBUG impl.RaftServerImpl (RaftServerImpl.java:requestVote(743)) - s0@group-3D81F66BC438: receive requestVote(s1, group-3D81F66BC438, 328, (t:14, i:11))
2019-09-24 12:00:45,079 INFO  impl.LeaderElection (LeaderElection.java:logAndReturn(56)) - s2@group-3D81F66BC438-LeaderElection128: Election DISCOVERED_A_NEW_TERM; received 1 response(s) [s2<-s0#0:FAIL-t328] and 0 exception(s); s2@group-3D81F66BC438:t327, leader=null, voted=s2, raftlog=s2@group-3D81F66BC438-SegmentedRaftLog:OPENED:c10,f10,i10, conf=9: [s0:0.0.0.0:42154, s1:0.0.0.0:36158, s2:0.0.0.0:36910], old=null
2019-09-24 12:00:45,079 DEBUG impl.RaftServerImpl (RaftServerImpl.java:requestVote(775)) - s0@group-3D81F66BC438 replies to vote request: s1<-s0#0:FAIL-t328. Peer's state: s0@group-3D81F66BC438:t328, leader=null, voted=s0, raftlog=s0@group-3D81F66BC438-SegmentedRaftLog:OPENED:c11,f12,i12, conf=11: [s0:0.0.0.0:42154, s1:0.0.0.0:36158, s2:0.0.0.0:36910], old=null
2019-09-24 12:00:45,079 INFO  impl.RaftServerImpl (RaftServerImpl.java:setRole(170)) - s2@group-3D81F66BC438: changes role from CANDIDATE to FOLLOWER at term 328 for DISCOVERED_A_NEW_TERM
2019-09-24 12:00:45,079 INFO  impl.RoleInfo (RoleInfo.java:shutdownLeaderElection(134)) - s2: shutdown LeaderElection
2019-09-24 12:00:45,079 INFO  impl.RoleInfo (RoleInfo.java:updateAndGet(143)) - s2: start FollowerState
2019-09-24 12:00:45,098 WARN  ratis.RaftTestUtil (JavaUtils.java:attempt(158)) - FAILED "waitForLeader-null-(expectLeader? true)", attempt #64/100: java.lang.IllegalStateException: No leader yet : printing ALL groups
  s0:  RUNNING CANDIDATE s0@group-3D81F66BC438:t328, leader=null, voted=s0, raftlog=s0@group-3D81F66BC438-SegmentedRaftLog:OPENED:c11,f12,i12, conf=11: [s0:0.0.0.0:42154, s1:0.0.0.0:36158, s2:0.0.0.0:36910], old=null RUNNING
  s1:  RUNNING CANDIDATE s1@group-3D81F66BC438:t328, leader=null, voted=s1, raftlog=s1@group-3D81F66BC438-SegmentedRaftLog:OPENED:c10,f11,i11, conf=11: [s0:0.0.0.0:42154, s1:0.0.0.0:36158, s2:0.0.0.0:36910], old=null RUNNING
  s2:  RUNNING  FOLLOWER s2@group-3D81F66BC438:t328, leader=null, voted=null, raftlog=s2@group-3D81F66BC438-SegmentedRaftLog:OPENED:c10,f10,i10, conf=9: [s0:0.0.0.0:42154, s1:0.0.0.0:36158, s2:0.0.0.0:36910], old=null RUNNING, sleep 450ms and then retry.
java.lang.IllegalStateException: No leader yet : printing ALL groups
  s0:  RUNNING CANDIDATE s0@group-3D81F66BC438:t328, leader=null, voted=s0, raftlog=s0@group-3D81F66BC438-SegmentedRaftLog:OPENED:c11,f12,i12, conf=11: [s0:0.0.0.0:42154, s1:0.0.0.0:36158, s2:0.0.0.0:36910], old=null RUNNING
  s1:  RUNNING CANDIDATE s1@group-3D81F66BC438:t328, leader=null, voted=s1, raftlog=s1@group-3D81F66BC438-SegmentedRaftLog:OPENED:c10,f11,i11, conf=11: [s0:0.0.0.0:42154, s1:0.0.0.0:36158, s2:0.0.0.0:36910], old=null RUNNING
  s2:  RUNNING  FOLLOWER s2@group-3D81F66BC438:t328, leader=null, voted=null, raftlog=s2@group-3D81F66BC438-SegmentedRaftLog:OPENED:c10,f10,i10, conf=9: [s0:0.0.0.0:42154, s1:0.0.0.0:36158, s2:0.0.0.0:36910], old=null RUNNING
	at org.apache.ratis.MiniRaftCluster.newIllegalStateExceptionForNoLeaders(MiniRaftCluster.java:506)
	at org.apache.ratis.RaftTestUtil.lambda$waitForLeader$1(RaftTestUtil.java:90)
	at org.apache.ratis.MiniRaftCluster.getLeader(MiniRaftCluster.java:539)
	at org.apache.ratis.MiniRaftCluster.getLeader(MiniRaftCluster.java:532)
	at org.apache.ratis.RaftTestUtil.lambda$waitForLeader$3(RaftTestUtil.java:98)
	at org.apache.ratis.util.JavaUtils.attempt(JavaUtils.java:152)
	at org.apache.ratis.RaftTestUtil.waitForLeader(RaftTestUtil.java:97)
	at org.apache.ratis.RaftTestUtil.waitForLeader(RaftTestUtil.java:77)
	at org.apache.ratis.RaftTestUtil.waitForLeader(RaftTestUtil.java:72)
	at org.apache.ratis.RaftTestUtil.lambda$changeLeader$7(RaftTestUtil.java:363)
	at org.apache.ratis.util.JavaUtils.attempt(JavaUtils.java:152)
	at org.apache.ratis.RaftTestUtil.changeLeader(RaftTestUtil.java:362)
	at org.apache.ratis.server.impl.LeaderElectionTests.testChangeLeader(LeaderElectionTests.java:81)
	at sun.reflect.NativeMethodAccessorImpl.invoke0(Native Method)
	at sun.reflect.NativeMethodAccessorImpl.invoke(NativeMethodAccessorImpl.java:62)
	at sun.reflect.DelegatingMethodAccessorImpl.invoke(DelegatingMethodAccessorImpl.java:43)
	at java.lang.reflect.Method.invoke(Method.java:498)
	at org.junit.runners.model.FrameworkMethod$1.runReflectiveCall(FrameworkMethod.java:50)
	at org.junit.internal.runners.model.ReflectiveCallable.run(ReflectiveCallable.java:12)
	at org.junit.runners.model.FrameworkMethod.invokeExplosively(FrameworkMethod.java:47)
	at org.junit.internal.runners.statements.InvokeMethod.evaluate(InvokeMethod.java:17)
	at org.junit.internal.runners.statements.RunAfters.evaluate(RunAfters.java:27)
	at org.junit.internal.runners.statements.FailOnTimeout$CallableStatement.call(FailOnTimeout.java:298)
	at org.junit.internal.runners.statements.FailOnTimeout$CallableStatement.call(FailOnTimeout.java:292)
	at java.util.concurrent.FutureTask.run(FutureTask.java:266)
	at java.lang.Thread.run(Thread.java:748)
2019-09-24 12:00:45,213 INFO  impl.LeaderElection (LeaderElection.java:logAndReturn(56)) - s0@group-3D81F66BC438-LeaderElection130: Election TIMEOUT; received 0 response(s) [] and 0 exception(s); s0@group-3D81F66BC438:t328, leader=null, voted=s0, raftlog=s0@group-3D81F66BC438-SegmentedRaftLog:OPENED:c11,f12,i12, conf=11: [s0:0.0.0.0:42154, s1:0.0.0.0:36158, s2:0.0.0.0:36910], old=null
2019-09-24 12:00:45,234 INFO  impl.LeaderElection (LeaderElection.java:askForVotes(178)) - s0@group-3D81F66BC438-LeaderElection130: begin an election at term 329 for 11: [s0:0.0.0.0:42154, s1:0.0.0.0:36158, s2:0.0.0.0:36910], old=null
2019-09-24 12:00:45,244 INFO  impl.LeaderElection (LeaderElection.java:logAndReturn(56)) - s1@group-3D81F66BC438-LeaderElection126: Election TIMEOUT; received 1 response(s) [s1<-s0#0:FAIL-t328] and 0 exception(s); s1@group-3D81F66BC438:t328, leader=null, voted=s1, raftlog=s1@group-3D81F66BC438-SegmentedRaftLog:OPENED:c10,f11,i11, conf=11: [s0:0.0.0.0:42154, s1:0.0.0.0:36158, s2:0.0.0.0:36910], old=null
2019-09-24 12:00:45,259 INFO  impl.LeaderElection (LeaderElection.java:askForVotes(178)) - s1@group-3D81F66BC438-LeaderElection126: begin an election at term 329 for 11: [s0:0.0.0.0:42154, s1:0.0.0.0:36158, s2:0.0.0.0:36910], old=null
2019-09-24 12:00:45,260 DEBUG impl.RaftServerImpl (RaftServerImpl.java:requestVote(743)) - s0@group-3D81F66BC438: receive requestVote(s1, group-3D81F66BC438, 329, (t:14, i:11))
2019-09-24 12:00:45,260 DEBUG impl.RaftServerImpl (RaftServerImpl.java:requestVote(775)) - s0@group-3D81F66BC438 replies to vote request: s1<-s0#0:FAIL-t329. Peer's state: s0@group-3D81F66BC438:t329, leader=null, voted=s0, raftlog=s0@group-3D81F66BC438-SegmentedRaftLog:OPENED:c11,f12,i12, conf=11: [s0:0.0.0.0:42154, s1:0.0.0.0:36158, s2:0.0.0.0:36910], old=null
2019-09-24 12:00:45,303 INFO  impl.FollowerState (FollowerState.java:run(108)) - s2@group-3D81F66BC438-FollowerState: change to CANDIDATE, lastRpcTime:223ms, electionTimeout:223ms
2019-09-24 12:00:45,303 INFO  impl.RoleInfo (RoleInfo.java:shutdownFollowerState(121)) - s2: shutdown FollowerState
2019-09-24 12:00:45,303 INFO  impl.RaftServerImpl (RaftServerImpl.java:setRole(170)) - s2@group-3D81F66BC438: changes role from  FOLLOWER to CANDIDATE at term 328 for changeToCandidate
2019-09-24 12:00:45,303 INFO  impl.RoleInfo (RoleInfo.java:updateAndGet(143)) - s2: start LeaderElection
2019-09-24 12:00:45,337 INFO  impl.LeaderElection (LeaderElection.java:askForVotes(178)) - s2@group-3D81F66BC438-LeaderElection131: begin an election at term 329 for 9: [s0:0.0.0.0:42154, s1:0.0.0.0:36158, s2:0.0.0.0:36910], old=null
2019-09-24 12:00:45,338 DEBUG impl.RaftServerImpl (RaftServerImpl.java:requestVote(743)) - s0@group-3D81F66BC438: receive requestVote(s2, group-3D81F66BC438, 329, (t:13, i:10))
2019-09-24 12:00:45,338 DEBUG impl.RaftServerImpl (RaftServerImpl.java:requestVote(775)) - s0@group-3D81F66BC438 replies to vote request: s2<-s0#0:FAIL-t329. Peer's state: s0@group-3D81F66BC438:t329, leader=null, voted=s0, raftlog=s0@group-3D81F66BC438-SegmentedRaftLog:OPENED:c11,f12,i12, conf=11: [s0:0.0.0.0:42154, s1:0.0.0.0:36158, s2:0.0.0.0:36910], old=null
2019-09-24 12:00:45,385 INFO  impl.LeaderElection (LeaderElection.java:logAndReturn(56)) - s0@group-3D81F66BC438-LeaderElection130: Election TIMEOUT; received 0 response(s) [] and 0 exception(s); s0@group-3D81F66BC438:t329, leader=null, voted=s0, raftlog=s0@group-3D81F66BC438-SegmentedRaftLog:OPENED:c11,f12,i12, conf=11: [s0:0.0.0.0:42154, s1:0.0.0.0:36158, s2:0.0.0.0:36910], old=null
2019-09-24 12:00:45,400 INFO  impl.LeaderElection (LeaderElection.java:askForVotes(178)) - s0@group-3D81F66BC438-LeaderElection130: begin an election at term 330 for 11: [s0:0.0.0.0:42154, s1:0.0.0.0:36158, s2:0.0.0.0:36910], old=null
2019-09-24 12:00:45,444 INFO  ratis.MiniRaftCluster (MiniRaftCluster.java:lambda$null$5(297)) - TIMED-PRINT: printing ALL groups
  s0:  RUNNING CANDIDATE s0@group-3D81F66BC438:t330, leader=null, voted=s0, raftlog=s0@group-3D81F66BC438-SegmentedRaftLog:OPENED:c11,f12,i12, conf=11: [s0:0.0.0.0:42154, s1:0.0.0.0:36158, s2:0.0.0.0:36910], old=null RUNNING
  s1:  RUNNING CANDIDATE s1@group-3D81F66BC438:t329, leader=null, voted=s1, raftlog=s1@group-3D81F66BC438-SegmentedRaftLog:OPENED:c10,f11,i11, conf=11: [s0:0.0.0.0:42154, s1:0.0.0.0:36158, s2:0.0.0.0:36910], old=null RUNNING
  s2:  RUNNING CANDIDATE s2@group-3D81F66BC438:t329, leader=null, voted=s2, raftlog=s2@group-3D81F66BC438-SegmentedRaftLog:OPENED:c10,f10,i10, conf=9: [s0:0.0.0.0:42154, s1:0.0.0.0:36158, s2:0.0.0.0:36910], old=null RUNNING
2019-09-24 12:00:45,528 INFO  impl.LeaderElection (LeaderElection.java:logAndReturn(56)) - s1@group-3D81F66BC438-LeaderElection126: Election TIMEOUT; received 1 response(s) [s1<-s0#0:FAIL-t329] and 0 exception(s); s1@group-3D81F66BC438:t329, leader=null, voted=s1, raftlog=s1@group-3D81F66BC438-SegmentedRaftLog:OPENED:c10,f11,i11, conf=11: [s0:0.0.0.0:42154, s1:0.0.0.0:36158, s2:0.0.0.0:36910], old=null
2019-09-24 12:00:45,541 INFO  impl.LeaderElection (LeaderElection.java:askForVotes(178)) - s1@group-3D81F66BC438-LeaderElection126: begin an election at term 330 for 11: [s0:0.0.0.0:42154, s1:0.0.0.0:36158, s2:0.0.0.0:36910], old=null
2019-09-24 12:00:45,541 DEBUG impl.RaftServerImpl (RaftServerImpl.java:requestVote(743)) - s0@group-3D81F66BC438: receive requestVote(s1, group-3D81F66BC438, 330, (t:14, i:11))
2019-09-24 12:00:45,542 DEBUG impl.RaftServerImpl (RaftServerImpl.java:requestVote(775)) - s0@group-3D81F66BC438 replies to vote request: s1<-s0#0:FAIL-t330. Peer's state: s0@group-3D81F66BC438:t330, leader=null, voted=s0, raftlog=s0@group-3D81F66BC438-SegmentedRaftLog:OPENED:c11,f12,i12, conf=11: [s0:0.0.0.0:42154, s1:0.0.0.0:36158, s2:0.0.0.0:36910], old=null
2019-09-24 12:00:45,549 WARN  ratis.RaftTestUtil (JavaUtils.java:attempt(158)) - FAILED "waitForLeader-null-(expectLeader? true)", attempt #65/100: java.lang.IllegalStateException: No leader yet : printing ALL groups
  s0:  RUNNING CANDIDATE s0@group-3D81F66BC438:t330, leader=null, voted=s0, raftlog=s0@group-3D81F66BC438-SegmentedRaftLog:OPENED:c11,f12,i12, conf=11: [s0:0.0.0.0:42154, s1:0.0.0.0:36158, s2:0.0.0.0:36910], old=null RUNNING
  s1:  RUNNING CANDIDATE s1@group-3D81F66BC438:t330, leader=null, voted=s1, raftlog=s1@group-3D81F66BC438-SegmentedRaftLog:OPENED:c10,f11,i11, conf=11: [s0:0.0.0.0:42154, s1:0.0.0.0:36158, s2:0.0.0.0:36910], old=null RUNNING
  s2:  RUNNING CANDIDATE s2@group-3D81F66BC438:t329, leader=null, voted=s2, raftlog=s2@group-3D81F66BC438-SegmentedRaftLog:OPENED:c10,f10,i10, conf=9: [s0:0.0.0.0:42154, s1:0.0.0.0:36158, s2:0.0.0.0:36910], old=null RUNNING, sleep 450ms and then retry.
java.lang.IllegalStateException: No leader yet : printing ALL groups
  s0:  RUNNING CANDIDATE s0@group-3D81F66BC438:t330, leader=null, voted=s0, raftlog=s0@group-3D81F66BC438-SegmentedRaftLog:OPENED:c11,f12,i12, conf=11: [s0:0.0.0.0:42154, s1:0.0.0.0:36158, s2:0.0.0.0:36910], old=null RUNNING
  s1:  RUNNING CANDIDATE s1@group-3D81F66BC438:t330, leader=null, voted=s1, raftlog=s1@group-3D81F66BC438-SegmentedRaftLog:OPENED:c10,f11,i11, conf=11: [s0:0.0.0.0:42154, s1:0.0.0.0:36158, s2:0.0.0.0:36910], old=null RUNNING
  s2:  RUNNING CANDIDATE s2@group-3D81F66BC438:t329, leader=null, voted=s2, raftlog=s2@group-3D81F66BC438-SegmentedRaftLog:OPENED:c10,f10,i10, conf=9: [s0:0.0.0.0:42154, s1:0.0.0.0:36158, s2:0.0.0.0:36910], old=null RUNNING
	at org.apache.ratis.MiniRaftCluster.newIllegalStateExceptionForNoLeaders(MiniRaftCluster.java:506)
	at org.apache.ratis.RaftTestUtil.lambda$waitForLeader$1(RaftTestUtil.java:90)
	at org.apache.ratis.MiniRaftCluster.getLeader(MiniRaftCluster.java:539)
	at org.apache.ratis.MiniRaftCluster.getLeader(MiniRaftCluster.java:532)
	at org.apache.ratis.RaftTestUtil.lambda$waitForLeader$3(RaftTestUtil.java:98)
	at org.apache.ratis.util.JavaUtils.attempt(JavaUtils.java:152)
	at org.apache.ratis.RaftTestUtil.waitForLeader(RaftTestUtil.java:97)
	at org.apache.ratis.RaftTestUtil.waitForLeader(RaftTestUtil.java:77)
	at org.apache.ratis.RaftTestUtil.waitForLeader(RaftTestUtil.java:72)
	at org.apache.ratis.RaftTestUtil.lambda$changeLeader$7(RaftTestUtil.java:363)
	at org.apache.ratis.util.JavaUtils.attempt(JavaUtils.java:152)
	at org.apache.ratis.RaftTestUtil.changeLeader(RaftTestUtil.java:362)
	at org.apache.ratis.server.impl.LeaderElectionTests.testChangeLeader(LeaderElectionTests.java:81)
	at sun.reflect.NativeMethodAccessorImpl.invoke0(Native Method)
	at sun.reflect.NativeMethodAccessorImpl.invoke(NativeMethodAccessorImpl.java:62)
	at sun.reflect.DelegatingMethodAccessorImpl.invoke(DelegatingMethodAccessorImpl.java:43)
	at java.lang.reflect.Method.invoke(Method.java:498)
	at org.junit.runners.model.FrameworkMethod$1.runReflectiveCall(FrameworkMethod.java:50)
	at org.junit.internal.runners.model.ReflectiveCallable.run(ReflectiveCallable.java:12)
	at org.junit.runners.model.FrameworkMethod.invokeExplosively(FrameworkMethod.java:47)
	at org.junit.internal.runners.statements.InvokeMethod.evaluate(InvokeMethod.java:17)
	at org.junit.internal.runners.statements.RunAfters.evaluate(RunAfters.java:27)
	at org.junit.internal.runners.statements.FailOnTimeout$CallableStatement.call(FailOnTimeout.java:298)
	at org.junit.internal.runners.statements.FailOnTimeout$CallableStatement.call(FailOnTimeout.java:292)
	at java.util.concurrent.FutureTask.run(FutureTask.java:266)
	at java.lang.Thread.run(Thread.java:748)
2019-09-24 12:00:45,613 INFO  impl.LeaderElection (LeaderElection.java:logAndReturn(56)) - s0@group-3D81F66BC438-LeaderElection130: Election TIMEOUT; received 0 response(s) [] and 0 exception(s); s0@group-3D81F66BC438:t330, leader=null, voted=s0, raftlog=s0@group-3D81F66BC438-SegmentedRaftLog:OPENED:c11,f12,i12, conf=11: [s0:0.0.0.0:42154, s1:0.0.0.0:36158, s2:0.0.0.0:36910], old=null
2019-09-24 12:00:45,627 INFO  impl.LeaderElection (LeaderElection.java:logAndReturn(56)) - s2@group-3D81F66BC438-LeaderElection131: Election TIMEOUT; received 1 response(s) [s2<-s0#0:FAIL-t329] and 0 exception(s); s2@group-3D81F66BC438:t329, leader=null, voted=s2, raftlog=s2@group-3D81F66BC438-SegmentedRaftLog:OPENED:c10,f10,i10, conf=9: [s0:0.0.0.0:42154, s1:0.0.0.0:36158, s2:0.0.0.0:36910], old=null
2019-09-24 12:00:45,634 INFO  impl.LeaderElection (LeaderElection.java:askForVotes(178)) - s0@group-3D81F66BC438-LeaderElection130: begin an election at term 331 for 11: [s0:0.0.0.0:42154, s1:0.0.0.0:36158, s2:0.0.0.0:36910], old=null
2019-09-24 12:00:45,637 INFO  impl.LeaderElection (LeaderElection.java:askForVotes(178)) - s2@group-3D81F66BC438-LeaderElection131: begin an election at term 330 for 9: [s0:0.0.0.0:42154, s1:0.0.0.0:36158, s2:0.0.0.0:36910], old=null
2019-09-24 12:00:45,637 DEBUG impl.RaftServerImpl (RaftServerImpl.java:requestVote(743)) - s0@group-3D81F66BC438: receive requestVote(s2, group-3D81F66BC438, 330, (t:13, i:10))
2019-09-24 12:00:45,638 DEBUG impl.RaftServerImpl (RaftServerImpl.java:requestVote(775)) - s0@group-3D81F66BC438 replies to vote request: s2<-s0#0:FAIL-t331. Peer's state: s0@group-3D81F66BC438:t331, leader=null, voted=s0, raftlog=s0@group-3D81F66BC438-SegmentedRaftLog:OPENED:c11,f12,i12, conf=11: [s0:0.0.0.0:42154, s1:0.0.0.0:36158, s2:0.0.0.0:36910], old=null
2019-09-24 12:00:45,638 INFO  impl.LeaderElection (LeaderElection.java:logAndReturn(56)) - s2@group-3D81F66BC438-LeaderElection131: Election DISCOVERED_A_NEW_TERM; received 1 response(s) [s2<-s0#0:FAIL-t331] and 0 exception(s); s2@group-3D81F66BC438:t330, leader=null, voted=s2, raftlog=s2@group-3D81F66BC438-SegmentedRaftLog:OPENED:c10,f10,i10, conf=9: [s0:0.0.0.0:42154, s1:0.0.0.0:36158, s2:0.0.0.0:36910], old=null
2019-09-24 12:00:45,638 INFO  impl.RaftServerImpl (RaftServerImpl.java:setRole(170)) - s2@group-3D81F66BC438: changes role from CANDIDATE to FOLLOWER at term 331 for DISCOVERED_A_NEW_TERM
2019-09-24 12:00:45,638 INFO  impl.RoleInfo (RoleInfo.java:shutdownLeaderElection(134)) - s2: shutdown LeaderElection
2019-09-24 12:00:45,638 INFO  impl.RoleInfo (RoleInfo.java:updateAndGet(143)) - s2: start FollowerState
2019-09-24 12:00:45,762 INFO  impl.LeaderElection (LeaderElection.java:logAndReturn(56)) - s1@group-3D81F66BC438-LeaderElection126: Election TIMEOUT; received 1 response(s) [s1<-s0#0:FAIL-t330] and 0 exception(s); s1@group-3D81F66BC438:t330, leader=null, voted=s1, raftlog=s1@group-3D81F66BC438-SegmentedRaftLog:OPENED:c10,f11,i11, conf=11: [s0:0.0.0.0:42154, s1:0.0.0.0:36158, s2:0.0.0.0:36910], old=null
2019-09-24 12:00:45,777 INFO  impl.LeaderElection (LeaderElection.java:askForVotes(178)) - s1@group-3D81F66BC438-LeaderElection126: begin an election at term 331 for 11: [s0:0.0.0.0:42154, s1:0.0.0.0:36158, s2:0.0.0.0:36910], old=null
2019-09-24 12:00:45,777 DEBUG impl.RaftServerImpl (RaftServerImpl.java:requestVote(743)) - s0@group-3D81F66BC438: receive requestVote(s1, group-3D81F66BC438, 331, (t:14, i:11))
2019-09-24 12:00:45,777 DEBUG impl.RaftServerImpl (RaftServerImpl.java:requestVote(775)) - s0@group-3D81F66BC438 replies to vote request: s1<-s0#0:FAIL-t331. Peer's state: s0@group-3D81F66BC438:t331, leader=null, voted=s0, raftlog=s0@group-3D81F66BC438-SegmentedRaftLog:OPENED:c11,f12,i12, conf=11: [s0:0.0.0.0:42154, s1:0.0.0.0:36158, s2:0.0.0.0:36910], old=null
2019-09-24 12:00:45,866 INFO  impl.FollowerState (FollowerState.java:run(108)) - s2@group-3D81F66BC438-FollowerState: change to CANDIDATE, lastRpcTime:227ms, electionTimeout:227ms
2019-09-24 12:00:45,866 INFO  impl.RoleInfo (RoleInfo.java:shutdownFollowerState(121)) - s2: shutdown FollowerState
2019-09-24 12:00:45,866 INFO  impl.RaftServerImpl (RaftServerImpl.java:setRole(170)) - s2@group-3D81F66BC438: changes role from  FOLLOWER to CANDIDATE at term 331 for changeToCandidate
2019-09-24 12:00:45,866 INFO  impl.RoleInfo (RoleInfo.java:updateAndGet(143)) - s2: start LeaderElection
2019-09-24 12:00:45,879 INFO  impl.LeaderElection (LeaderElection.java:askForVotes(178)) - s2@group-3D81F66BC438-LeaderElection132: begin an election at term 332 for 9: [s0:0.0.0.0:42154, s1:0.0.0.0:36158, s2:0.0.0.0:36910], old=null
2019-09-24 12:00:45,880 DEBUG impl.RaftServerImpl (RaftServerImpl.java:requestVote(743)) - s0@group-3D81F66BC438: receive requestVote(s2, group-3D81F66BC438, 332, (t:13, i:10))
2019-09-24 12:00:45,880 INFO  impl.RaftServerImpl (RaftServerImpl.java:setRole(170)) - s0@group-3D81F66BC438: changes role from CANDIDATE to FOLLOWER at term 332 for recognizeCandidate:s2
2019-09-24 12:00:45,880 INFO  impl.RoleInfo (RoleInfo.java:shutdownLeaderElection(134)) - s0: shutdown LeaderElection
2019-09-24 12:00:45,880 INFO  impl.RoleInfo (RoleInfo.java:updateAndGet(143)) - s0: start FollowerState
2019-09-24 12:00:45,894 INFO  impl.LeaderElection (LeaderElection.java:logAndReturn(56)) - s0@group-3D81F66BC438-LeaderElection130: Election REJECTED; received 0 response(s) [] and 0 exception(s); s0@group-3D81F66BC438:t332, leader=null, voted=null, raftlog=s0@group-3D81F66BC438-SegmentedRaftLog:OPENED:c11,f12,i12, conf=11: [s0:0.0.0.0:42154, s1:0.0.0.0:36158, s2:0.0.0.0:36910], old=null
2019-09-24 12:00:45,908 DEBUG impl.RaftServerImpl (RaftServerImpl.java:requestVote(775)) - s0@group-3D81F66BC438 replies to vote request: s2<-s0#0:FAIL-t332. Peer's state: s0@group-3D81F66BC438:t332, leader=null, voted=null, raftlog=s0@group-3D81F66BC438-SegmentedRaftLog:OPENED:c11,f12,i12, conf=11: [s0:0.0.0.0:42154, s1:0.0.0.0:36158, s2:0.0.0.0:36910], old=null
2019-09-24 12:00:46,000 WARN  ratis.RaftTestUtil (JavaUtils.java:attempt(158)) - FAILED "waitForLeader-null-(expectLeader? true)", attempt #66/100: java.lang.IllegalStateException: No leader yet : printing ALL groups
  s0:  RUNNING  FOLLOWER s0@group-3D81F66BC438:t332, leader=null, voted=null, raftlog=s0@group-3D81F66BC438-SegmentedRaftLog:OPENED:c11,f12,i12, conf=11: [s0:0.0.0.0:42154, s1:0.0.0.0:36158, s2:0.0.0.0:36910], old=null RUNNING
  s1:  RUNNING CANDIDATE s1@group-3D81F66BC438:t331, leader=null, voted=s1, raftlog=s1@group-3D81F66BC438-SegmentedRaftLog:OPENED:c10,f11,i11, conf=11: [s0:0.0.0.0:42154, s1:0.0.0.0:36158, s2:0.0.0.0:36910], old=null RUNNING
  s2:  RUNNING CANDIDATE s2@group-3D81F66BC438:t332, leader=null, voted=s2, raftlog=s2@group-3D81F66BC438-SegmentedRaftLog:OPENED:c10,f10,i10, conf=9: [s0:0.0.0.0:42154, s1:0.0.0.0:36158, s2:0.0.0.0:36910], old=null RUNNING, sleep 450ms and then retry.
java.lang.IllegalStateException: No leader yet : printing ALL groups
  s0:  RUNNING  FOLLOWER s0@group-3D81F66BC438:t332, leader=null, voted=null, raftlog=s0@group-3D81F66BC438-SegmentedRaftLog:OPENED:c11,f12,i12, conf=11: [s0:0.0.0.0:42154, s1:0.0.0.0:36158, s2:0.0.0.0:36910], old=null RUNNING
  s1:  RUNNING CANDIDATE s1@group-3D81F66BC438:t331, leader=null, voted=s1, raftlog=s1@group-3D81F66BC438-SegmentedRaftLog:OPENED:c10,f11,i11, conf=11: [s0:0.0.0.0:42154, s1:0.0.0.0:36158, s2:0.0.0.0:36910], old=null RUNNING
  s2:  RUNNING CANDIDATE s2@group-3D81F66BC438:t332, leader=null, voted=s2, raftlog=s2@group-3D81F66BC438-SegmentedRaftLog:OPENED:c10,f10,i10, conf=9: [s0:0.0.0.0:42154, s1:0.0.0.0:36158, s2:0.0.0.0:36910], old=null RUNNING
	at org.apache.ratis.MiniRaftCluster.newIllegalStateExceptionForNoLeaders(MiniRaftCluster.java:506)
	at org.apache.ratis.RaftTestUtil.lambda$waitForLeader$1(RaftTestUtil.java:90)
	at org.apache.ratis.MiniRaftCluster.getLeader(MiniRaftCluster.java:539)
	at org.apache.ratis.MiniRaftCluster.getLeader(MiniRaftCluster.java:532)
	at org.apache.ratis.RaftTestUtil.lambda$waitForLeader$3(RaftTestUtil.java:98)
	at org.apache.ratis.util.JavaUtils.attempt(JavaUtils.java:152)
	at org.apache.ratis.RaftTestUtil.waitForLeader(RaftTestUtil.java:97)
	at org.apache.ratis.RaftTestUtil.waitForLeader(RaftTestUtil.java:77)
	at org.apache.ratis.RaftTestUtil.waitForLeader(RaftTestUtil.java:72)
	at org.apache.ratis.RaftTestUtil.lambda$changeLeader$7(RaftTestUtil.java:363)
	at org.apache.ratis.util.JavaUtils.attempt(JavaUtils.java:152)
	at org.apache.ratis.RaftTestUtil.changeLeader(RaftTestUtil.java:362)
	at org.apache.ratis.server.impl.LeaderElectionTests.testChangeLeader(LeaderElectionTests.java:81)
	at sun.reflect.NativeMethodAccessorImpl.invoke0(Native Method)
	at sun.reflect.NativeMethodAccessorImpl.invoke(NativeMethodAccessorImpl.java:62)
	at sun.reflect.DelegatingMethodAccessorImpl.invoke(DelegatingMethodAccessorImpl.java:43)
	at java.lang.reflect.Method.invoke(Method.java:498)
	at org.junit.runners.model.FrameworkMethod$1.runReflectiveCall(FrameworkMethod.java:50)
	at org.junit.internal.runners.model.ReflectiveCallable.run(ReflectiveCallable.java:12)
	at org.junit.runners.model.FrameworkMethod.invokeExplosively(FrameworkMethod.java:47)
	at org.junit.internal.runners.statements.InvokeMethod.evaluate(InvokeMethod.java:17)
	at org.junit.internal.runners.statements.RunAfters.evaluate(RunAfters.java:27)
	at org.junit.internal.runners.statements.FailOnTimeout$CallableStatement.call(FailOnTimeout.java:298)
	at org.junit.internal.runners.statements.FailOnTimeout$CallableStatement.call(FailOnTimeout.java:292)
	at java.util.concurrent.FutureTask.run(FutureTask.java:266)
	at java.lang.Thread.run(Thread.java:748)
2019-09-24 12:00:46,022 INFO  impl.LeaderElection (LeaderElection.java:logAndReturn(56)) - s1@group-3D81F66BC438-LeaderElection126: Election TIMEOUT; received 1 response(s) [s1<-s0#0:FAIL-t331] and 0 exception(s); s1@group-3D81F66BC438:t331, leader=null, voted=s1, raftlog=s1@group-3D81F66BC438-SegmentedRaftLog:OPENED:c10,f11,i11, conf=11: [s0:0.0.0.0:42154, s1:0.0.0.0:36158, s2:0.0.0.0:36910], old=null
2019-09-24 12:00:46,048 INFO  impl.LeaderElection (LeaderElection.java:askForVotes(178)) - s1@group-3D81F66BC438-LeaderElection126: begin an election at term 332 for 11: [s0:0.0.0.0:42154, s1:0.0.0.0:36158, s2:0.0.0.0:36910], old=null
2019-09-24 12:00:46,049 DEBUG impl.RaftServerImpl (RaftServerImpl.java:requestVote(743)) - s0@group-3D81F66BC438: receive requestVote(s1, group-3D81F66BC438, 332, (t:14, i:11))
2019-09-24 12:00:46,049 INFO  impl.RaftServerImpl (RaftServerImpl.java:setRole(170)) - s0@group-3D81F66BC438: changes role from  FOLLOWER to FOLLOWER at term 332 for recognizeCandidate:s1
2019-09-24 12:00:46,049 INFO  impl.RoleInfo (RoleInfo.java:shutdownFollowerState(121)) - s0: shutdown FollowerState
2019-09-24 12:00:46,049 INFO  impl.RoleInfo (RoleInfo.java:updateAndGet(143)) - s0: start FollowerState
2019-09-24 12:00:46,049 INFO  impl.FollowerState (FollowerState.java:run(117)) - s0@group-3D81F66BC438-FollowerState was interrupted: java.lang.InterruptedException: sleep interrupted
2019-09-24 12:00:46,050 DEBUG impl.RaftServerImpl (RaftServerImpl.java:requestVote(775)) - s0@group-3D81F66BC438 replies to vote request: s1<-s0#0:FAIL-t332. Peer's state: s0@group-3D81F66BC438:t332, leader=null, voted=null, raftlog=s0@group-3D81F66BC438-SegmentedRaftLog:OPENED:c11,f12,i12, conf=11: [s0:0.0.0.0:42154, s1:0.0.0.0:36158, s2:0.0.0.0:36910], old=null
2019-09-24 12:00:46,177 INFO  impl.LeaderElection (LeaderElection.java:logAndReturn(56)) - s2@group-3D81F66BC438-LeaderElection132: Election TIMEOUT; received 1 response(s) [s2<-s0#0:FAIL-t332] and 0 exception(s); s2@group-3D81F66BC438:t332, leader=null, voted=s2, raftlog=s2@group-3D81F66BC438-SegmentedRaftLog:OPENED:c10,f10,i10, conf=9: [s0:0.0.0.0:42154, s1:0.0.0.0:36158, s2:0.0.0.0:36910], old=null
2019-09-24 12:00:46,203 INFO  impl.LeaderElection (LeaderElection.java:askForVotes(178)) - s2@group-3D81F66BC438-LeaderElection132: begin an election at term 333 for 9: [s0:0.0.0.0:42154, s1:0.0.0.0:36158, s2:0.0.0.0:36910], old=null
2019-09-24 12:00:46,203 DEBUG impl.RaftServerImpl (RaftServerImpl.java:requestVote(743)) - s0@group-3D81F66BC438: receive requestVote(s2, group-3D81F66BC438, 333, (t:13, i:10))
2019-09-24 12:00:46,203 INFO  impl.RaftServerImpl (RaftServerImpl.java:setRole(170)) - s0@group-3D81F66BC438: changes role from  FOLLOWER to FOLLOWER at term 333 for recognizeCandidate:s2
2019-09-24 12:00:46,204 INFO  impl.RoleInfo (RoleInfo.java:shutdownFollowerState(121)) - s0: shutdown FollowerState
2019-09-24 12:00:46,204 INFO  impl.RoleInfo (RoleInfo.java:updateAndGet(143)) - s0: start FollowerState
2019-09-24 12:00:46,204 INFO  impl.FollowerState (FollowerState.java:run(117)) - s0@group-3D81F66BC438-FollowerState was interrupted: java.lang.InterruptedException: sleep interrupted
2019-09-24 12:00:46,218 DEBUG impl.RaftServerImpl (RaftServerImpl.java:requestVote(775)) - s0@group-3D81F66BC438 replies to vote request: s2<-s0#0:FAIL-t333. Peer's state: s0@group-3D81F66BC438:t333, leader=null, voted=null, raftlog=s0@group-3D81F66BC438-SegmentedRaftLog:OPENED:c11,f12,i12, conf=11: [s0:0.0.0.0:42154, s1:0.0.0.0:36158, s2:0.0.0.0:36910], old=null
2019-09-24 12:00:46,301 INFO  impl.LeaderElection (LeaderElection.java:logAndReturn(56)) - s1@group-3D81F66BC438-LeaderElection126: Election TIMEOUT; received 1 response(s) [s1<-s0#0:FAIL-t332] and 0 exception(s); s1@group-3D81F66BC438:t332, leader=null, voted=s1, raftlog=s1@group-3D81F66BC438-SegmentedRaftLog:OPENED:c10,f11,i11, conf=11: [s0:0.0.0.0:42154, s1:0.0.0.0:36158, s2:0.0.0.0:36910], old=null
2019-09-24 12:00:46,314 INFO  impl.LeaderElection (LeaderElection.java:askForVotes(178)) - s1@group-3D81F66BC438-LeaderElection126: begin an election at term 333 for 11: [s0:0.0.0.0:42154, s1:0.0.0.0:36158, s2:0.0.0.0:36910], old=null
2019-09-24 12:00:46,314 DEBUG impl.RaftServerImpl (RaftServerImpl.java:requestVote(743)) - s0@group-3D81F66BC438: receive requestVote(s1, group-3D81F66BC438, 333, (t:14, i:11))
2019-09-24 12:00:46,314 INFO  impl.RaftServerImpl (RaftServerImpl.java:setRole(170)) - s0@group-3D81F66BC438: changes role from  FOLLOWER to FOLLOWER at term 333 for recognizeCandidate:s1
2019-09-24 12:00:46,314 INFO  impl.RoleInfo (RoleInfo.java:shutdownFollowerState(121)) - s0: shutdown FollowerState
2019-09-24 12:00:46,315 INFO  impl.RoleInfo (RoleInfo.java:updateAndGet(143)) - s0: start FollowerState
2019-09-24 12:00:46,315 INFO  impl.FollowerState (FollowerState.java:run(117)) - s0@group-3D81F66BC438-FollowerState was interrupted: java.lang.InterruptedException: sleep interrupted
2019-09-24 12:00:46,315 DEBUG impl.RaftServerImpl (RaftServerImpl.java:requestVote(775)) - s0@group-3D81F66BC438 replies to vote request: s1<-s0#0:FAIL-t333. Peer's state: s0@group-3D81F66BC438:t333, leader=null, voted=null, raftlog=s0@group-3D81F66BC438-SegmentedRaftLog:OPENED:c11,f12,i12, conf=11: [s0:0.0.0.0:42154, s1:0.0.0.0:36158, s2:0.0.0.0:36910], old=null
2019-09-24 12:00:46,365 INFO  impl.LeaderElection (LeaderElection.java:logAndReturn(56)) - s2@group-3D81F66BC438-LeaderElection132: Election TIMEOUT; received 1 response(s) [s2<-s0#0:FAIL-t333] and 0 exception(s); s2@group-3D81F66BC438:t333, leader=null, voted=s2, raftlog=s2@group-3D81F66BC438-SegmentedRaftLog:OPENED:c10,f10,i10, conf=9: [s0:0.0.0.0:42154, s1:0.0.0.0:36158, s2:0.0.0.0:36910], old=null
2019-09-24 12:00:46,378 INFO  impl.LeaderElection (LeaderElection.java:askForVotes(178)) - s2@group-3D81F66BC438-LeaderElection132: begin an election at term 334 for 9: [s0:0.0.0.0:42154, s1:0.0.0.0:36158, s2:0.0.0.0:36910], old=null
2019-09-24 12:00:46,379 DEBUG impl.RaftServerImpl (RaftServerImpl.java:requestVote(743)) - s0@group-3D81F66BC438: receive requestVote(s2, group-3D81F66BC438, 334, (t:13, i:10))
2019-09-24 12:00:46,379 INFO  impl.RaftServerImpl (RaftServerImpl.java:setRole(170)) - s0@group-3D81F66BC438: changes role from  FOLLOWER to FOLLOWER at term 334 for recognizeCandidate:s2
2019-09-24 12:00:46,379 INFO  impl.RoleInfo (RoleInfo.java:shutdownFollowerState(121)) - s0: shutdown FollowerState
2019-09-24 12:00:46,379 INFO  impl.RoleInfo (RoleInfo.java:updateAndGet(143)) - s0: start FollowerState
2019-09-24 12:00:46,379 INFO  impl.FollowerState (FollowerState.java:run(117)) - s0@group-3D81F66BC438-FollowerState was interrupted: java.lang.InterruptedException: sleep interrupted
2019-09-24 12:00:46,394 DEBUG impl.RaftServerImpl (RaftServerImpl.java:requestVote(775)) - s0@group-3D81F66BC438 replies to vote request: s2<-s0#0:FAIL-t334. Peer's state: s0@group-3D81F66BC438:t334, leader=null, voted=null, raftlog=s0@group-3D81F66BC438-SegmentedRaftLog:OPENED:c11,f12,i12, conf=11: [s0:0.0.0.0:42154, s1:0.0.0.0:36158, s2:0.0.0.0:36910], old=null
2019-09-24 12:00:46,451 WARN  ratis.RaftTestUtil (JavaUtils.java:attempt(158)) - FAILED "waitForLeader-null-(expectLeader? true)", attempt #67/100: java.lang.IllegalStateException: No leader yet : printing ALL groups
  s0:  RUNNING  FOLLOWER s0@group-3D81F66BC438:t334, leader=null, voted=null, raftlog=s0@group-3D81F66BC438-SegmentedRaftLog:OPENED:c11,f12,i12, conf=11: [s0:0.0.0.0:42154, s1:0.0.0.0:36158, s2:0.0.0.0:36910], old=null RUNNING
  s1:  RUNNING CANDIDATE s1@group-3D81F66BC438:t333, leader=null, voted=s1, raftlog=s1@group-3D81F66BC438-SegmentedRaftLog:OPENED:c10,f11,i11, conf=11: [s0:0.0.0.0:42154, s1:0.0.0.0:36158, s2:0.0.0.0:36910], old=null RUNNING
  s2:  RUNNING CANDIDATE s2@group-3D81F66BC438:t334, leader=null, voted=s2, raftlog=s2@group-3D81F66BC438-SegmentedRaftLog:OPENED:c10,f10,i10, conf=9: [s0:0.0.0.0:42154, s1:0.0.0.0:36158, s2:0.0.0.0:36910], old=null RUNNING, sleep 450ms and then retry.
java.lang.IllegalStateException: No leader yet : printing ALL groups
  s0:  RUNNING  FOLLOWER s0@group-3D81F66BC438:t334, leader=null, voted=null, raftlog=s0@group-3D81F66BC438-SegmentedRaftLog:OPENED:c11,f12,i12, conf=11: [s0:0.0.0.0:42154, s1:0.0.0.0:36158, s2:0.0.0.0:36910], old=null RUNNING
  s1:  RUNNING CANDIDATE s1@group-3D81F66BC438:t333, leader=null, voted=s1, raftlog=s1@group-3D81F66BC438-SegmentedRaftLog:OPENED:c10,f11,i11, conf=11: [s0:0.0.0.0:42154, s1:0.0.0.0:36158, s2:0.0.0.0:36910], old=null RUNNING
  s2:  RUNNING CANDIDATE s2@group-3D81F66BC438:t334, leader=null, voted=s2, raftlog=s2@group-3D81F66BC438-SegmentedRaftLog:OPENED:c10,f10,i10, conf=9: [s0:0.0.0.0:42154, s1:0.0.0.0:36158, s2:0.0.0.0:36910], old=null RUNNING
	at org.apache.ratis.MiniRaftCluster.newIllegalStateExceptionForNoLeaders(MiniRaftCluster.java:506)
	at org.apache.ratis.RaftTestUtil.lambda$waitForLeader$1(RaftTestUtil.java:90)
	at org.apache.ratis.MiniRaftCluster.getLeader(MiniRaftCluster.java:539)
	at org.apache.ratis.MiniRaftCluster.getLeader(MiniRaftCluster.java:532)
	at org.apache.ratis.RaftTestUtil.lambda$waitForLeader$3(RaftTestUtil.java:98)
	at org.apache.ratis.util.JavaUtils.attempt(JavaUtils.java:152)
	at org.apache.ratis.RaftTestUtil.waitForLeader(RaftTestUtil.java:97)
	at org.apache.ratis.RaftTestUtil.waitForLeader(RaftTestUtil.java:77)
	at org.apache.ratis.RaftTestUtil.waitForLeader(RaftTestUtil.java:72)
	at org.apache.ratis.RaftTestUtil.lambda$changeLeader$7(RaftTestUtil.java:363)
	at org.apache.ratis.util.JavaUtils.attempt(JavaUtils.java:152)
	at org.apache.ratis.RaftTestUtil.changeLeader(RaftTestUtil.java:362)
	at org.apache.ratis.server.impl.LeaderElectionTests.testChangeLeader(LeaderElectionTests.java:81)
	at sun.reflect.NativeMethodAccessorImpl.invoke0(Native Method)
	at sun.reflect.NativeMethodAccessorImpl.invoke(NativeMethodAccessorImpl.java:62)
	at sun.reflect.DelegatingMethodAccessorImpl.invoke(DelegatingMethodAccessorImpl.java:43)
	at java.lang.reflect.Method.invoke(Method.java:498)
	at org.junit.runners.model.FrameworkMethod$1.runReflectiveCall(FrameworkMethod.java:50)
	at org.junit.internal.runners.model.ReflectiveCallable.run(ReflectiveCallable.java:12)
	at org.junit.runners.model.FrameworkMethod.invokeExplosively(FrameworkMethod.java:47)
	at org.junit.internal.runners.statements.InvokeMethod.evaluate(InvokeMethod.java:17)
	at org.junit.internal.runners.statements.RunAfters.evaluate(RunAfters.java:27)
	at org.junit.internal.runners.statements.FailOnTimeout$CallableStatement.call(FailOnTimeout.java:298)
	at org.junit.internal.runners.statements.FailOnTimeout$CallableStatement.call(FailOnTimeout.java:292)
	at java.util.concurrent.FutureTask.run(FutureTask.java:266)
	at java.lang.Thread.run(Thread.java:748)
2019-09-24 12:00:46,593 INFO  impl.LeaderElection (LeaderElection.java:logAndReturn(56)) - s2@group-3D81F66BC438-LeaderElection132: Election TIMEOUT; received 1 response(s) [s2<-s0#0:FAIL-t334] and 0 exception(s); s2@group-3D81F66BC438:t334, leader=null, voted=s2, raftlog=s2@group-3D81F66BC438-SegmentedRaftLog:OPENED:c10,f10,i10, conf=9: [s0:0.0.0.0:42154, s1:0.0.0.0:36158, s2:0.0.0.0:36910], old=null
2019-09-24 12:00:46,604 INFO  impl.LeaderElection (LeaderElection.java:logAndReturn(56)) - s1@group-3D81F66BC438-LeaderElection126: Election TIMEOUT; received 1 response(s) [s1<-s0#0:FAIL-t333] and 0 exception(s); s1@group-3D81F66BC438:t333, leader=null, voted=s1, raftlog=s1@group-3D81F66BC438-SegmentedRaftLog:OPENED:c10,f11,i11, conf=11: [s0:0.0.0.0:42154, s1:0.0.0.0:36158, s2:0.0.0.0:36910], old=null
2019-09-24 12:00:46,606 INFO  impl.LeaderElection (LeaderElection.java:askForVotes(178)) - s2@group-3D81F66BC438-LeaderElection132: begin an election at term 335 for 9: [s0:0.0.0.0:42154, s1:0.0.0.0:36158, s2:0.0.0.0:36910], old=null
2019-09-24 12:00:46,606 DEBUG impl.RaftServerImpl (RaftServerImpl.java:requestVote(743)) - s0@group-3D81F66BC438: receive requestVote(s2, group-3D81F66BC438, 335, (t:13, i:10))
2019-09-24 12:00:46,607 INFO  impl.RaftServerImpl (RaftServerImpl.java:setRole(170)) - s0@group-3D81F66BC438: changes role from  FOLLOWER to FOLLOWER at term 335 for recognizeCandidate:s2
2019-09-24 12:00:46,607 INFO  impl.RoleInfo (RoleInfo.java:shutdownFollowerState(121)) - s0: shutdown FollowerState
2019-09-24 12:00:46,607 INFO  impl.RoleInfo (RoleInfo.java:updateAndGet(143)) - s0: start FollowerState
2019-09-24 12:00:46,607 INFO  impl.FollowerState (FollowerState.java:run(117)) - s0@group-3D81F66BC438-FollowerState was interrupted: java.lang.InterruptedException: sleep interrupted
2019-09-24 12:00:46,608 INFO  impl.LeaderElection (LeaderElection.java:askForVotes(178)) - s1@group-3D81F66BC438-LeaderElection126: begin an election at term 334 for 11: [s0:0.0.0.0:42154, s1:0.0.0.0:36158, s2:0.0.0.0:36910], old=null
2019-09-24 12:00:46,609 DEBUG impl.RaftServerImpl (RaftServerImpl.java:requestVote(743)) - s0@group-3D81F66BC438: receive requestVote(s1, group-3D81F66BC438, 334, (t:14, i:11))
2019-09-24 12:00:46,610 DEBUG impl.RaftServerImpl (RaftServerImpl.java:requestVote(775)) - s0@group-3D81F66BC438 replies to vote request: s2<-s0#0:FAIL-t335. Peer's state: s0@group-3D81F66BC438:t335, leader=null, voted=null, raftlog=s0@group-3D81F66BC438-SegmentedRaftLog:OPENED:c11,f12,i12, conf=11: [s0:0.0.0.0:42154, s1:0.0.0.0:36158, s2:0.0.0.0:36910], old=null
2019-09-24 12:00:46,611 DEBUG impl.RaftServerImpl (RaftServerImpl.java:requestVote(775)) - s0@group-3D81F66BC438 replies to vote request: s1<-s0#0:FAIL-t335. Peer's state: s0@group-3D81F66BC438:t335, leader=null, voted=null, raftlog=s0@group-3D81F66BC438-SegmentedRaftLog:OPENED:c11,f12,i12, conf=11: [s0:0.0.0.0:42154, s1:0.0.0.0:36158, s2:0.0.0.0:36910], old=null
2019-09-24 12:00:46,611 INFO  impl.LeaderElection (LeaderElection.java:logAndReturn(56)) - s1@group-3D81F66BC438-LeaderElection126: Election DISCOVERED_A_NEW_TERM; received 1 response(s) [s1<-s0#0:FAIL-t335] and 0 exception(s); s1@group-3D81F66BC438:t334, leader=null, voted=s1, raftlog=s1@group-3D81F66BC438-SegmentedRaftLog:OPENED:c10,f11,i11, conf=11: [s0:0.0.0.0:42154, s1:0.0.0.0:36158, s2:0.0.0.0:36910], old=null
2019-09-24 12:00:46,611 INFO  impl.RaftServerImpl (RaftServerImpl.java:setRole(170)) - s1@group-3D81F66BC438: changes role from CANDIDATE to FOLLOWER at term 335 for DISCOVERED_A_NEW_TERM
2019-09-24 12:00:46,611 INFO  impl.RoleInfo (RoleInfo.java:shutdownLeaderElection(134)) - s1: shutdown LeaderElection
2019-09-24 12:00:46,611 INFO  impl.RoleInfo (RoleInfo.java:updateAndGet(143)) - s1: start FollowerState
2019-09-24 12:00:46,852 INFO  impl.FollowerState (FollowerState.java:run(108)) - s1@group-3D81F66BC438-FollowerState: change to CANDIDATE, lastRpcTime:240ms, electionTimeout:240ms
2019-09-24 12:00:46,852 INFO  impl.RoleInfo (RoleInfo.java:shutdownFollowerState(121)) - s1: shutdown FollowerState
2019-09-24 12:00:46,852 INFO  impl.RaftServerImpl (RaftServerImpl.java:setRole(170)) - s1@group-3D81F66BC438: changes role from  FOLLOWER to CANDIDATE at term 335 for changeToCandidate
2019-09-24 12:00:46,852 INFO  impl.RoleInfo (RoleInfo.java:updateAndGet(143)) - s1: start LeaderElection
2019-09-24 12:00:46,861 INFO  impl.FollowerState (FollowerState.java:run(108)) - s0@group-3D81F66BC438-FollowerState: change to CANDIDATE, lastRpcTime:254ms, electionTimeout:254ms
2019-09-24 12:00:46,862 INFO  impl.RoleInfo (RoleInfo.java:shutdownFollowerState(121)) - s0: shutdown FollowerState
2019-09-24 12:00:46,862 INFO  impl.RaftServerImpl (RaftServerImpl.java:setRole(170)) - s0@group-3D81F66BC438: changes role from  FOLLOWER to CANDIDATE at term 335 for changeToCandidate
2019-09-24 12:00:46,862 INFO  impl.RoleInfo (RoleInfo.java:updateAndGet(143)) - s0: start LeaderElection
2019-09-24 12:00:46,866 INFO  impl.LeaderElection (LeaderElection.java:askForVotes(178)) - s1@group-3D81F66BC438-LeaderElection133: begin an election at term 336 for 11: [s0:0.0.0.0:42154, s1:0.0.0.0:36158, s2:0.0.0.0:36910], old=null
2019-09-24 12:00:46,866 INFO  impl.LeaderElection (LeaderElection.java:askForVotes(178)) - s0@group-3D81F66BC438-LeaderElection134: begin an election at term 336 for 11: [s0:0.0.0.0:42154, s1:0.0.0.0:36158, s2:0.0.0.0:36910], old=null
2019-09-24 12:00:46,867 DEBUG impl.RaftServerImpl (RaftServerImpl.java:requestVote(743)) - s0@group-3D81F66BC438: receive requestVote(s1, group-3D81F66BC438, 336, (t:14, i:11))
2019-09-24 12:00:46,867 DEBUG impl.RaftServerImpl (RaftServerImpl.java:requestVote(775)) - s0@group-3D81F66BC438 replies to vote request: s1<-s0#0:FAIL-t336. Peer's state: s0@group-3D81F66BC438:t336, leader=null, voted=s0, raftlog=s0@group-3D81F66BC438-SegmentedRaftLog:OPENED:c11,f12,i12, conf=11: [s0:0.0.0.0:42154, s1:0.0.0.0:36158, s2:0.0.0.0:36910], old=null
2019-09-24 12:00:46,893 INFO  impl.LeaderElection (LeaderElection.java:logAndReturn(56)) - s2@group-3D81F66BC438-LeaderElection132: Election TIMEOUT; received 1 response(s) [s2<-s0#0:FAIL-t335] and 0 exception(s); s2@group-3D81F66BC438:t335, leader=null, voted=s2, raftlog=s2@group-3D81F66BC438-SegmentedRaftLog:OPENED:c10,f10,i10, conf=9: [s0:0.0.0.0:42154, s1:0.0.0.0:36158, s2:0.0.0.0:36910], old=null
2019-09-24 12:00:46,902 WARN  ratis.RaftTestUtil (JavaUtils.java:attempt(158)) - FAILED "waitForLeader-null-(expectLeader? true)", attempt #68/100: java.lang.IllegalStateException: No leader yet : printing ALL groups
  s0:  RUNNING CANDIDATE s0@group-3D81F66BC438:t336, leader=null, voted=s0, raftlog=s0@group-3D81F66BC438-SegmentedRaftLog:OPENED:c11,f12,i12, conf=11: [s0:0.0.0.0:42154, s1:0.0.0.0:36158, s2:0.0.0.0:36910], old=null RUNNING
  s1:  RUNNING CANDIDATE s1@group-3D81F66BC438:t336, leader=null, voted=s1, raftlog=s1@group-3D81F66BC438-SegmentedRaftLog:OPENED:c10,f11,i11, conf=11: [s0:0.0.0.0:42154, s1:0.0.0.0:36158, s2:0.0.0.0:36910], old=null RUNNING
  s2:  RUNNING CANDIDATE s2@group-3D81F66BC438:t336, leader=null, voted=s2, raftlog=s2@group-3D81F66BC438-SegmentedRaftLog:OPENED:c10,f10,i10, conf=9: [s0:0.0.0.0:42154, s1:0.0.0.0:36158, s2:0.0.0.0:36910], old=null RUNNING, sleep 450ms and then retry.
java.lang.IllegalStateException: No leader yet : printing ALL groups
  s0:  RUNNING CANDIDATE s0@group-3D81F66BC438:t336, leader=null, voted=s0, raftlog=s0@group-3D81F66BC438-SegmentedRaftLog:OPENED:c11,f12,i12, conf=11: [s0:0.0.0.0:42154, s1:0.0.0.0:36158, s2:0.0.0.0:36910], old=null RUNNING
  s1:  RUNNING CANDIDATE s1@group-3D81F66BC438:t336, leader=null, voted=s1, raftlog=s1@group-3D81F66BC438-SegmentedRaftLog:OPENED:c10,f11,i11, conf=11: [s0:0.0.0.0:42154, s1:0.0.0.0:36158, s2:0.0.0.0:36910], old=null RUNNING
  s2:  RUNNING CANDIDATE s2@group-3D81F66BC438:t336, leader=null, voted=s2, raftlog=s2@group-3D81F66BC438-SegmentedRaftLog:OPENED:c10,f10,i10, conf=9: [s0:0.0.0.0:42154, s1:0.0.0.0:36158, s2:0.0.0.0:36910], old=null RUNNING
	at org.apache.ratis.MiniRaftCluster.newIllegalStateExceptionForNoLeaders(MiniRaftCluster.java:506)
	at org.apache.ratis.RaftTestUtil.lambda$waitForLeader$1(RaftTestUtil.java:90)
	at org.apache.ratis.MiniRaftCluster.getLeader(MiniRaftCluster.java:539)
	at org.apache.ratis.MiniRaftCluster.getLeader(MiniRaftCluster.java:532)
	at org.apache.ratis.RaftTestUtil.lambda$waitForLeader$3(RaftTestUtil.java:98)
	at org.apache.ratis.util.JavaUtils.attempt(JavaUtils.java:152)
	at org.apache.ratis.RaftTestUtil.waitForLeader(RaftTestUtil.java:97)
	at org.apache.ratis.RaftTestUtil.waitForLeader(RaftTestUtil.java:77)
	at org.apache.ratis.RaftTestUtil.waitForLeader(RaftTestUtil.java:72)
	at org.apache.ratis.RaftTestUtil.lambda$changeLeader$7(RaftTestUtil.java:363)
	at org.apache.ratis.util.JavaUtils.attempt(JavaUtils.java:152)
	at org.apache.ratis.RaftTestUtil.changeLeader(RaftTestUtil.java:362)
	at org.apache.ratis.server.impl.LeaderElectionTests.testChangeLeader(LeaderElectionTests.java:81)
	at sun.reflect.NativeMethodAccessorImpl.invoke0(Native Method)
	at sun.reflect.NativeMethodAccessorImpl.invoke(NativeMethodAccessorImpl.java:62)
	at sun.reflect.DelegatingMethodAccessorImpl.invoke(DelegatingMethodAccessorImpl.java:43)
	at java.lang.reflect.Method.invoke(Method.java:498)
	at org.junit.runners.model.FrameworkMethod$1.runReflectiveCall(FrameworkMethod.java:50)
	at org.junit.internal.runners.model.ReflectiveCallable.run(ReflectiveCallable.java:12)
	at org.junit.runners.model.FrameworkMethod.invokeExplosively(FrameworkMethod.java:47)
	at org.junit.internal.runners.statements.InvokeMethod.evaluate(InvokeMethod.java:17)
	at org.junit.internal.runners.statements.RunAfters.evaluate(RunAfters.java:27)
	at org.junit.internal.runners.statements.FailOnTimeout$CallableStatement.call(FailOnTimeout.java:298)
	at org.junit.internal.runners.statements.FailOnTimeout$CallableStatement.call(FailOnTimeout.java:292)
	at java.util.concurrent.FutureTask.run(FutureTask.java:266)
	at java.lang.Thread.run(Thread.java:748)
2019-09-24 12:00:46,906 INFO  impl.LeaderElection (LeaderElection.java:askForVotes(178)) - s2@group-3D81F66BC438-LeaderElection132: begin an election at term 336 for 9: [s0:0.0.0.0:42154, s1:0.0.0.0:36158, s2:0.0.0.0:36910], old=null
2019-09-24 12:00:46,906 DEBUG impl.RaftServerImpl (RaftServerImpl.java:requestVote(743)) - s0@group-3D81F66BC438: receive requestVote(s2, group-3D81F66BC438, 336, (t:13, i:10))
2019-09-24 12:00:46,907 DEBUG impl.RaftServerImpl (RaftServerImpl.java:requestVote(775)) - s0@group-3D81F66BC438 replies to vote request: s2<-s0#0:FAIL-t336. Peer's state: s0@group-3D81F66BC438:t336, leader=null, voted=s0, raftlog=s0@group-3D81F66BC438-SegmentedRaftLog:OPENED:c11,f12,i12, conf=11: [s0:0.0.0.0:42154, s1:0.0.0.0:36158, s2:0.0.0.0:36910], old=null
2019-09-24 12:00:47,025 INFO  impl.LeaderElection (LeaderElection.java:logAndReturn(56)) - s1@group-3D81F66BC438-LeaderElection133: Election TIMEOUT; received 1 response(s) [s1<-s0#0:FAIL-t336] and 0 exception(s); s1@group-3D81F66BC438:t336, leader=null, voted=s1, raftlog=s1@group-3D81F66BC438-SegmentedRaftLog:OPENED:c10,f11,i11, conf=11: [s0:0.0.0.0:42154, s1:0.0.0.0:36158, s2:0.0.0.0:36910], old=null
2019-09-24 12:00:47,038 INFO  impl.LeaderElection (LeaderElection.java:askForVotes(178)) - s1@group-3D81F66BC438-LeaderElection133: begin an election at term 337 for 11: [s0:0.0.0.0:42154, s1:0.0.0.0:36158, s2:0.0.0.0:36910], old=null
2019-09-24 12:00:47,039 DEBUG impl.RaftServerImpl (RaftServerImpl.java:requestVote(743)) - s0@group-3D81F66BC438: receive requestVote(s1, group-3D81F66BC438, 337, (t:14, i:11))
2019-09-24 12:00:47,039 INFO  impl.RaftServerImpl (RaftServerImpl.java:setRole(170)) - s0@group-3D81F66BC438: changes role from CANDIDATE to FOLLOWER at term 337 for recognizeCandidate:s1
2019-09-24 12:00:47,039 INFO  impl.RoleInfo (RoleInfo.java:shutdownLeaderElection(134)) - s0: shutdown LeaderElection
2019-09-24 12:00:47,039 INFO  impl.RoleInfo (RoleInfo.java:updateAndGet(143)) - s0: start FollowerState
2019-09-24 12:00:47,050 INFO  impl.LeaderElection (LeaderElection.java:logAndReturn(56)) - s0@group-3D81F66BC438-LeaderElection134: Election REJECTED; received 0 response(s) [] and 0 exception(s); s0@group-3D81F66BC438:t337, leader=null, voted=null, raftlog=s0@group-3D81F66BC438-SegmentedRaftLog:OPENED:c11,f12,i12, conf=11: [s0:0.0.0.0:42154, s1:0.0.0.0:36158, s2:0.0.0.0:36910], old=null
2019-09-24 12:00:47,053 DEBUG impl.RaftServerImpl (RaftServerImpl.java:requestVote(775)) - s0@group-3D81F66BC438 replies to vote request: s1<-s0#0:FAIL-t337. Peer's state: s0@group-3D81F66BC438:t337, leader=null, voted=null, raftlog=s0@group-3D81F66BC438-SegmentedRaftLog:OPENED:c11,f12,i12, conf=11: [s0:0.0.0.0:42154, s1:0.0.0.0:36158, s2:0.0.0.0:36910], old=null
2019-09-24 12:00:47,086 INFO  impl.LeaderElection (LeaderElection.java:logAndReturn(56)) - s2@group-3D81F66BC438-LeaderElection132: Election TIMEOUT; received 1 response(s) [s2<-s0#0:FAIL-t336] and 0 exception(s); s2@group-3D81F66BC438:t336, leader=null, voted=s2, raftlog=s2@group-3D81F66BC438-SegmentedRaftLog:OPENED:c10,f10,i10, conf=9: [s0:0.0.0.0:42154, s1:0.0.0.0:36158, s2:0.0.0.0:36910], old=null
2019-09-24 12:00:47,101 INFO  impl.LeaderElection (LeaderElection.java:askForVotes(178)) - s2@group-3D81F66BC438-LeaderElection132: begin an election at term 337 for 9: [s0:0.0.0.0:42154, s1:0.0.0.0:36158, s2:0.0.0.0:36910], old=null
2019-09-24 12:00:47,101 DEBUG impl.RaftServerImpl (RaftServerImpl.java:requestVote(743)) - s0@group-3D81F66BC438: receive requestVote(s2, group-3D81F66BC438, 337, (t:13, i:10))
2019-09-24 12:00:47,101 INFO  impl.RaftServerImpl (RaftServerImpl.java:setRole(170)) - s0@group-3D81F66BC438: changes role from  FOLLOWER to FOLLOWER at term 337 for recognizeCandidate:s2
2019-09-24 12:00:47,101 INFO  impl.RoleInfo (RoleInfo.java:shutdownFollowerState(121)) - s0: shutdown FollowerState
2019-09-24 12:00:47,102 INFO  impl.RoleInfo (RoleInfo.java:updateAndGet(143)) - s0: start FollowerState
2019-09-24 12:00:47,102 INFO  impl.FollowerState (FollowerState.java:run(117)) - s0@group-3D81F66BC438-FollowerState was interrupted: java.lang.InterruptedException: sleep interrupted
2019-09-24 12:00:47,102 DEBUG impl.RaftServerImpl (RaftServerImpl.java:requestVote(775)) - s0@group-3D81F66BC438 replies to vote request: s2<-s0#0:FAIL-t337. Peer's state: s0@group-3D81F66BC438:t337, leader=null, voted=null, raftlog=s0@group-3D81F66BC438-SegmentedRaftLog:OPENED:c11,f12,i12, conf=11: [s0:0.0.0.0:42154, s1:0.0.0.0:36158, s2:0.0.0.0:36910], old=null
2019-09-24 12:00:47,233 INFO  impl.LeaderElection (LeaderElection.java:logAndReturn(56)) - s1@group-3D81F66BC438-LeaderElection133: Election TIMEOUT; received 1 response(s) [s1<-s0#0:FAIL-t337] and 0 exception(s); s1@group-3D81F66BC438:t337, leader=null, voted=s1, raftlog=s1@group-3D81F66BC438-SegmentedRaftLog:OPENED:c10,f11,i11, conf=11: [s0:0.0.0.0:42154, s1:0.0.0.0:36158, s2:0.0.0.0:36910], old=null
2019-09-24 12:00:47,248 INFO  impl.LeaderElection (LeaderElection.java:askForVotes(178)) - s1@group-3D81F66BC438-LeaderElection133: begin an election at term 338 for 11: [s0:0.0.0.0:42154, s1:0.0.0.0:36158, s2:0.0.0.0:36910], old=null
2019-09-24 12:00:47,248 DEBUG impl.RaftServerImpl (RaftServerImpl.java:requestVote(743)) - s0@group-3D81F66BC438: receive requestVote(s1, group-3D81F66BC438, 338, (t:14, i:11))
2019-09-24 12:00:47,248 INFO  impl.RaftServerImpl (RaftServerImpl.java:setRole(170)) - s0@group-3D81F66BC438: changes role from  FOLLOWER to FOLLOWER at term 338 for recognizeCandidate:s1
2019-09-24 12:00:47,249 INFO  impl.RoleInfo (RoleInfo.java:shutdownFollowerState(121)) - s0: shutdown FollowerState
2019-09-24 12:00:47,249 INFO  impl.RoleInfo (RoleInfo.java:updateAndGet(143)) - s0: start FollowerState
2019-09-24 12:00:47,249 INFO  impl.FollowerState (FollowerState.java:run(117)) - s0@group-3D81F66BC438-FollowerState was interrupted: java.lang.InterruptedException: sleep interrupted
2019-09-24 12:00:47,277 DEBUG impl.RaftServerImpl (RaftServerImpl.java:requestVote(775)) - s0@group-3D81F66BC438 replies to vote request: s1<-s0#0:FAIL-t338. Peer's state: s0@group-3D81F66BC438:t338, leader=null, voted=null, raftlog=s0@group-3D81F66BC438-SegmentedRaftLog:OPENED:c11,f12,i12, conf=11: [s0:0.0.0.0:42154, s1:0.0.0.0:36158, s2:0.0.0.0:36910], old=null
2019-09-24 12:00:47,333 INFO  impl.LeaderElection (LeaderElection.java:logAndReturn(56)) - s2@group-3D81F66BC438-LeaderElection132: Election TIMEOUT; received 1 response(s) [s2<-s0#0:FAIL-t337] and 0 exception(s); s2@group-3D81F66BC438:t337, leader=null, voted=s2, raftlog=s2@group-3D81F66BC438-SegmentedRaftLog:OPENED:c10,f10,i10, conf=9: [s0:0.0.0.0:42154, s1:0.0.0.0:36158, s2:0.0.0.0:36910], old=null
2019-09-24 12:00:47,348 INFO  impl.LeaderElection (LeaderElection.java:askForVotes(178)) - s2@group-3D81F66BC438-LeaderElection132: begin an election at term 338 for 9: [s0:0.0.0.0:42154, s1:0.0.0.0:36158, s2:0.0.0.0:36910], old=null
2019-09-24 12:00:47,349 DEBUG impl.RaftServerImpl (RaftServerImpl.java:requestVote(743)) - s0@group-3D81F66BC438: receive requestVote(s2, group-3D81F66BC438, 338, (t:13, i:10))
2019-09-24 12:00:47,349 INFO  impl.RaftServerImpl (RaftServerImpl.java:setRole(170)) - s0@group-3D81F66BC438: changes role from  FOLLOWER to FOLLOWER at term 338 for recognizeCandidate:s2
2019-09-24 12:00:47,349 INFO  impl.RoleInfo (RoleInfo.java:shutdownFollowerState(121)) - s0: shutdown FollowerState
2019-09-24 12:00:47,349 INFO  impl.RoleInfo (RoleInfo.java:updateAndGet(143)) - s0: start FollowerState
2019-09-24 12:00:47,349 INFO  impl.FollowerState (FollowerState.java:run(117)) - s0@group-3D81F66BC438-FollowerState was interrupted: java.lang.InterruptedException: sleep interrupted
2019-09-24 12:00:47,349 DEBUG impl.RaftServerImpl (RaftServerImpl.java:requestVote(775)) - s0@group-3D81F66BC438 replies to vote request: s2<-s0#0:FAIL-t338. Peer's state: s0@group-3D81F66BC438:t338, leader=null, voted=null, raftlog=s0@group-3D81F66BC438-SegmentedRaftLog:OPENED:c11,f12,i12, conf=11: [s0:0.0.0.0:42154, s1:0.0.0.0:36158, s2:0.0.0.0:36910], old=null
2019-09-24 12:00:47,352 WARN  ratis.RaftTestUtil (JavaUtils.java:attempt(158)) - FAILED "waitForLeader-null-(expectLeader? true)", attempt #69/100: java.lang.IllegalStateException: No leader yet : printing ALL groups
  s0:  RUNNING  FOLLOWER s0@group-3D81F66BC438:t338, leader=null, voted=null, raftlog=s0@group-3D81F66BC438-SegmentedRaftLog:OPENED:c11,f12,i12, conf=11: [s0:0.0.0.0:42154, s1:0.0.0.0:36158, s2:0.0.0.0:36910], old=null RUNNING
  s1:  RUNNING CANDIDATE s1@group-3D81F66BC438:t338, leader=null, voted=s1, raftlog=s1@group-3D81F66BC438-SegmentedRaftLog:OPENED:c10,f11,i11, conf=11: [s0:0.0.0.0:42154, s1:0.0.0.0:36158, s2:0.0.0.0:36910], old=null RUNNING
  s2:  RUNNING CANDIDATE s2@group-3D81F66BC438:t338, leader=null, voted=s2, raftlog=s2@group-3D81F66BC438-SegmentedRaftLog:OPENED:c10,f10,i10, conf=9: [s0:0.0.0.0:42154, s1:0.0.0.0:36158, s2:0.0.0.0:36910], old=null RUNNING, sleep 450ms and then retry.
java.lang.IllegalStateException: No leader yet : printing ALL groups
  s0:  RUNNING  FOLLOWER s0@group-3D81F66BC438:t338, leader=null, voted=null, raftlog=s0@group-3D81F66BC438-SegmentedRaftLog:OPENED:c11,f12,i12, conf=11: [s0:0.0.0.0:42154, s1:0.0.0.0:36158, s2:0.0.0.0:36910], old=null RUNNING
  s1:  RUNNING CANDIDATE s1@group-3D81F66BC438:t338, leader=null, voted=s1, raftlog=s1@group-3D81F66BC438-SegmentedRaftLog:OPENED:c10,f11,i11, conf=11: [s0:0.0.0.0:42154, s1:0.0.0.0:36158, s2:0.0.0.0:36910], old=null RUNNING
  s2:  RUNNING CANDIDATE s2@group-3D81F66BC438:t338, leader=null, voted=s2, raftlog=s2@group-3D81F66BC438-SegmentedRaftLog:OPENED:c10,f10,i10, conf=9: [s0:0.0.0.0:42154, s1:0.0.0.0:36158, s2:0.0.0.0:36910], old=null RUNNING
	at org.apache.ratis.MiniRaftCluster.newIllegalStateExceptionForNoLeaders(MiniRaftCluster.java:506)
	at org.apache.ratis.RaftTestUtil.lambda$waitForLeader$1(RaftTestUtil.java:90)
	at org.apache.ratis.MiniRaftCluster.getLeader(MiniRaftCluster.java:539)
	at org.apache.ratis.MiniRaftCluster.getLeader(MiniRaftCluster.java:532)
	at org.apache.ratis.RaftTestUtil.lambda$waitForLeader$3(RaftTestUtil.java:98)
	at org.apache.ratis.util.JavaUtils.attempt(JavaUtils.java:152)
	at org.apache.ratis.RaftTestUtil.waitForLeader(RaftTestUtil.java:97)
	at org.apache.ratis.RaftTestUtil.waitForLeader(RaftTestUtil.java:77)
	at org.apache.ratis.RaftTestUtil.waitForLeader(RaftTestUtil.java:72)
	at org.apache.ratis.RaftTestUtil.lambda$changeLeader$7(RaftTestUtil.java:363)
	at org.apache.ratis.util.JavaUtils.attempt(JavaUtils.java:152)
	at org.apache.ratis.RaftTestUtil.changeLeader(RaftTestUtil.java:362)
	at org.apache.ratis.server.impl.LeaderElectionTests.testChangeLeader(LeaderElectionTests.java:81)
	at sun.reflect.NativeMethodAccessorImpl.invoke0(Native Method)
	at sun.reflect.NativeMethodAccessorImpl.invoke(NativeMethodAccessorImpl.java:62)
	at sun.reflect.DelegatingMethodAccessorImpl.invoke(DelegatingMethodAccessorImpl.java:43)
	at java.lang.reflect.Method.invoke(Method.java:498)
	at org.junit.runners.model.FrameworkMethod$1.runReflectiveCall(FrameworkMethod.java:50)
	at org.junit.internal.runners.model.ReflectiveCallable.run(ReflectiveCallable.java:12)
	at org.junit.runners.model.FrameworkMethod.invokeExplosively(FrameworkMethod.java:47)
	at org.junit.internal.runners.statements.InvokeMethod.evaluate(InvokeMethod.java:17)
	at org.junit.internal.runners.statements.RunAfters.evaluate(RunAfters.java:27)
	at org.junit.internal.runners.statements.FailOnTimeout$CallableStatement.call(FailOnTimeout.java:298)
	at org.junit.internal.runners.statements.FailOnTimeout$CallableStatement.call(FailOnTimeout.java:292)
	at java.util.concurrent.FutureTask.run(FutureTask.java:266)
	at java.lang.Thread.run(Thread.java:748)
2019-09-24 12:00:47,514 INFO  impl.LeaderElection (LeaderElection.java:logAndReturn(56)) - s1@group-3D81F66BC438-LeaderElection133: Election TIMEOUT; received 1 response(s) [s1<-s0#0:FAIL-t338] and 0 exception(s); s1@group-3D81F66BC438:t338, leader=null, voted=s1, raftlog=s1@group-3D81F66BC438-SegmentedRaftLog:OPENED:c10,f11,i11, conf=11: [s0:0.0.0.0:42154, s1:0.0.0.0:36158, s2:0.0.0.0:36910], old=null
2019-09-24 12:00:47,540 INFO  impl.LeaderElection (LeaderElection.java:askForVotes(178)) - s1@group-3D81F66BC438-LeaderElection133: begin an election at term 339 for 11: [s0:0.0.0.0:42154, s1:0.0.0.0:36158, s2:0.0.0.0:36910], old=null
2019-09-24 12:00:47,541 DEBUG impl.RaftServerImpl (RaftServerImpl.java:requestVote(743)) - s0@group-3D81F66BC438: receive requestVote(s1, group-3D81F66BC438, 339, (t:14, i:11))
2019-09-24 12:00:47,541 INFO  impl.RaftServerImpl (RaftServerImpl.java:setRole(170)) - s0@group-3D81F66BC438: changes role from  FOLLOWER to FOLLOWER at term 339 for recognizeCandidate:s1
2019-09-24 12:00:47,541 INFO  impl.RoleInfo (RoleInfo.java:shutdownFollowerState(121)) - s0: shutdown FollowerState
2019-09-24 12:00:47,541 INFO  impl.RoleInfo (RoleInfo.java:updateAndGet(143)) - s0: start FollowerState
2019-09-24 12:00:47,541 INFO  impl.FollowerState (FollowerState.java:run(117)) - s0@group-3D81F66BC438-FollowerState was interrupted: java.lang.InterruptedException: sleep interrupted
2019-09-24 12:00:47,573 DEBUG impl.RaftServerImpl (RaftServerImpl.java:requestVote(775)) - s0@group-3D81F66BC438 replies to vote request: s1<-s0#0:FAIL-t339. Peer's state: s0@group-3D81F66BC438:t339, leader=null, voted=null, raftlog=s0@group-3D81F66BC438-SegmentedRaftLog:OPENED:c11,f12,i12, conf=11: [s0:0.0.0.0:42154, s1:0.0.0.0:36158, s2:0.0.0.0:36910], old=null
2019-09-24 12:00:47,579 INFO  impl.LeaderElection (LeaderElection.java:logAndReturn(56)) - s2@group-3D81F66BC438-LeaderElection132: Election TIMEOUT; received 1 response(s) [s2<-s0#0:FAIL-t338] and 0 exception(s); s2@group-3D81F66BC438:t338, leader=null, voted=s2, raftlog=s2@group-3D81F66BC438-SegmentedRaftLog:OPENED:c10,f10,i10, conf=9: [s0:0.0.0.0:42154, s1:0.0.0.0:36158, s2:0.0.0.0:36910], old=null
2019-09-24 12:00:47,586 INFO  impl.LeaderElection (LeaderElection.java:askForVotes(178)) - s2@group-3D81F66BC438-LeaderElection132: begin an election at term 339 for 9: [s0:0.0.0.0:42154, s1:0.0.0.0:36158, s2:0.0.0.0:36910], old=null
2019-09-24 12:00:47,587 DEBUG impl.RaftServerImpl (RaftServerImpl.java:requestVote(743)) - s0@group-3D81F66BC438: receive requestVote(s2, group-3D81F66BC438, 339, (t:13, i:10))
2019-09-24 12:00:47,587 INFO  impl.RaftServerImpl (RaftServerImpl.java:setRole(170)) - s0@group-3D81F66BC438: changes role from  FOLLOWER to FOLLOWER at term 339 for recognizeCandidate:s2
2019-09-24 12:00:47,587 INFO  impl.RoleInfo (RoleInfo.java:shutdownFollowerState(121)) - s0: shutdown FollowerState
2019-09-24 12:00:47,587 INFO  impl.RoleInfo (RoleInfo.java:updateAndGet(143)) - s0: start FollowerState
2019-09-24 12:00:47,587 INFO  impl.FollowerState (FollowerState.java:run(117)) - s0@group-3D81F66BC438-FollowerState was interrupted: java.lang.InterruptedException: sleep interrupted
2019-09-24 12:00:47,588 DEBUG impl.RaftServerImpl (RaftServerImpl.java:requestVote(775)) - s0@group-3D81F66BC438 replies to vote request: s2<-s0#0:FAIL-t339. Peer's state: s0@group-3D81F66BC438:t339, leader=null, voted=null, raftlog=s0@group-3D81F66BC438-SegmentedRaftLog:OPENED:c11,f12,i12, conf=11: [s0:0.0.0.0:42154, s1:0.0.0.0:36158, s2:0.0.0.0:36910], old=null
2019-09-24 12:00:47,752 INFO  impl.LeaderElection (LeaderElection.java:logAndReturn(56)) - s1@group-3D81F66BC438-LeaderElection133: Election TIMEOUT; received 1 response(s) [s1<-s0#0:FAIL-t339] and 0 exception(s); s1@group-3D81F66BC438:t339, leader=null, voted=s1, raftlog=s1@group-3D81F66BC438-SegmentedRaftLog:OPENED:c10,f11,i11, conf=11: [s0:0.0.0.0:42154, s1:0.0.0.0:36158, s2:0.0.0.0:36910], old=null
2019-09-24 12:00:47,752 INFO  impl.LeaderElection (LeaderElection.java:logAndReturn(56)) - s2@group-3D81F66BC438-LeaderElection132: Election TIMEOUT; received 1 response(s) [s2<-s0#0:FAIL-t339] and 0 exception(s); s2@group-3D81F66BC438:t339, leader=null, voted=s2, raftlog=s2@group-3D81F66BC438-SegmentedRaftLog:OPENED:c10,f10,i10, conf=9: [s0:0.0.0.0:42154, s1:0.0.0.0:36158, s2:0.0.0.0:36910], old=null
2019-09-24 12:00:47,765 INFO  impl.LeaderElection (LeaderElection.java:askForVotes(178)) - s1@group-3D81F66BC438-LeaderElection133: begin an election at term 340 for 11: [s0:0.0.0.0:42154, s1:0.0.0.0:36158, s2:0.0.0.0:36910], old=null
2019-09-24 12:00:47,765 INFO  impl.LeaderElection (LeaderElection.java:askForVotes(178)) - s2@group-3D81F66BC438-LeaderElection132: begin an election at term 340 for 9: [s0:0.0.0.0:42154, s1:0.0.0.0:36158, s2:0.0.0.0:36910], old=null
2019-09-24 12:00:47,766 DEBUG impl.RaftServerImpl (RaftServerImpl.java:requestVote(743)) - s0@group-3D81F66BC438: receive requestVote(s1, group-3D81F66BC438, 340, (t:14, i:11))
2019-09-24 12:00:47,766 INFO  impl.RaftServerImpl (RaftServerImpl.java:setRole(170)) - s0@group-3D81F66BC438: changes role from  FOLLOWER to FOLLOWER at term 340 for recognizeCandidate:s1
2019-09-24 12:00:47,766 INFO  impl.RoleInfo (RoleInfo.java:shutdownFollowerState(121)) - s0: shutdown FollowerState
2019-09-24 12:00:47,766 DEBUG impl.RaftServerImpl (RaftServerImpl.java:requestVote(743)) - s0@group-3D81F66BC438: receive requestVote(s2, group-3D81F66BC438, 340, (t:13, i:10))
2019-09-24 12:00:47,766 INFO  impl.FollowerState (FollowerState.java:run(117)) - s0@group-3D81F66BC438-FollowerState was interrupted: java.lang.InterruptedException: sleep interrupted
2019-09-24 12:00:47,766 INFO  impl.RoleInfo (RoleInfo.java:updateAndGet(143)) - s0: start FollowerState
2019-09-24 12:00:47,782 DEBUG impl.RaftServerImpl (RaftServerImpl.java:requestVote(775)) - s0@group-3D81F66BC438 replies to vote request: s1<-s0#0:FAIL-t340. Peer's state: s0@group-3D81F66BC438:t340, leader=null, voted=null, raftlog=s0@group-3D81F66BC438-SegmentedRaftLog:OPENED:c11,f12,i12, conf=11: [s0:0.0.0.0:42154, s1:0.0.0.0:36158, s2:0.0.0.0:36910], old=null
2019-09-24 12:00:47,783 INFO  impl.RaftServerImpl (RaftServerImpl.java:setRole(170)) - s0@group-3D81F66BC438: changes role from  FOLLOWER to FOLLOWER at term 340 for recognizeCandidate:s2
2019-09-24 12:00:47,783 INFO  impl.RoleInfo (RoleInfo.java:shutdownFollowerState(121)) - s0: shutdown FollowerState
2019-09-24 12:00:47,783 INFO  impl.RoleInfo (RoleInfo.java:updateAndGet(143)) - s0: start FollowerState
2019-09-24 12:00:47,783 INFO  impl.FollowerState (FollowerState.java:run(117)) - s0@group-3D81F66BC438-FollowerState was interrupted: java.lang.InterruptedException: sleep interrupted
2019-09-24 12:00:47,783 DEBUG impl.RaftServerImpl (RaftServerImpl.java:requestVote(775)) - s0@group-3D81F66BC438 replies to vote request: s2<-s0#0:FAIL-t340. Peer's state: s0@group-3D81F66BC438:t340, leader=null, voted=null, raftlog=s0@group-3D81F66BC438-SegmentedRaftLog:OPENED:c11,f12,i12, conf=11: [s0:0.0.0.0:42154, s1:0.0.0.0:36158, s2:0.0.0.0:36910], old=null
2019-09-24 12:00:47,803 WARN  ratis.RaftTestUtil (JavaUtils.java:attempt(158)) - FAILED "waitForLeader-null-(expectLeader? true)", attempt #70/100: java.lang.IllegalStateException: No leader yet : printing ALL groups
  s0:  RUNNING  FOLLOWER s0@group-3D81F66BC438:t340, leader=null, voted=null, raftlog=s0@group-3D81F66BC438-SegmentedRaftLog:OPENED:c11,f12,i12, conf=11: [s0:0.0.0.0:42154, s1:0.0.0.0:36158, s2:0.0.0.0:36910], old=null RUNNING
  s1:  RUNNING CANDIDATE s1@group-3D81F66BC438:t340, leader=null, voted=s1, raftlog=s1@group-3D81F66BC438-SegmentedRaftLog:OPENED:c10,f11,i11, conf=11: [s0:0.0.0.0:42154, s1:0.0.0.0:36158, s2:0.0.0.0:36910], old=null RUNNING
  s2:  RUNNING CANDIDATE s2@group-3D81F66BC438:t340, leader=null, voted=s2, raftlog=s2@group-3D81F66BC438-SegmentedRaftLog:OPENED:c10,f10,i10, conf=9: [s0:0.0.0.0:42154, s1:0.0.0.0:36158, s2:0.0.0.0:36910], old=null RUNNING, sleep 450ms and then retry.
java.lang.IllegalStateException: No leader yet : printing ALL groups
  s0:  RUNNING  FOLLOWER s0@group-3D81F66BC438:t340, leader=null, voted=null, raftlog=s0@group-3D81F66BC438-SegmentedRaftLog:OPENED:c11,f12,i12, conf=11: [s0:0.0.0.0:42154, s1:0.0.0.0:36158, s2:0.0.0.0:36910], old=null RUNNING
  s1:  RUNNING CANDIDATE s1@group-3D81F66BC438:t340, leader=null, voted=s1, raftlog=s1@group-3D81F66BC438-SegmentedRaftLog:OPENED:c10,f11,i11, conf=11: [s0:0.0.0.0:42154, s1:0.0.0.0:36158, s2:0.0.0.0:36910], old=null RUNNING
  s2:  RUNNING CANDIDATE s2@group-3D81F66BC438:t340, leader=null, voted=s2, raftlog=s2@group-3D81F66BC438-SegmentedRaftLog:OPENED:c10,f10,i10, conf=9: [s0:0.0.0.0:42154, s1:0.0.0.0:36158, s2:0.0.0.0:36910], old=null RUNNING
	at org.apache.ratis.MiniRaftCluster.newIllegalStateExceptionForNoLeaders(MiniRaftCluster.java:506)
	at org.apache.ratis.RaftTestUtil.lambda$waitForLeader$1(RaftTestUtil.java:90)
	at org.apache.ratis.MiniRaftCluster.getLeader(MiniRaftCluster.java:539)
	at org.apache.ratis.MiniRaftCluster.getLeader(MiniRaftCluster.java:532)
	at org.apache.ratis.RaftTestUtil.lambda$waitForLeader$3(RaftTestUtil.java:98)
	at org.apache.ratis.util.JavaUtils.attempt(JavaUtils.java:152)
	at org.apache.ratis.RaftTestUtil.waitForLeader(RaftTestUtil.java:97)
	at org.apache.ratis.RaftTestUtil.waitForLeader(RaftTestUtil.java:77)
	at org.apache.ratis.RaftTestUtil.waitForLeader(RaftTestUtil.java:72)
	at org.apache.ratis.RaftTestUtil.lambda$changeLeader$7(RaftTestUtil.java:363)
	at org.apache.ratis.util.JavaUtils.attempt(JavaUtils.java:152)
	at org.apache.ratis.RaftTestUtil.changeLeader(RaftTestUtil.java:362)
	at org.apache.ratis.server.impl.LeaderElectionTests.testChangeLeader(LeaderElectionTests.java:81)
	at sun.reflect.NativeMethodAccessorImpl.invoke0(Native Method)
	at sun.reflect.NativeMethodAccessorImpl.invoke(NativeMethodAccessorImpl.java:62)
	at sun.reflect.DelegatingMethodAccessorImpl.invoke(DelegatingMethodAccessorImpl.java:43)
	at java.lang.reflect.Method.invoke(Method.java:498)
	at org.junit.runners.model.FrameworkMethod$1.runReflectiveCall(FrameworkMethod.java:50)
	at org.junit.internal.runners.model.ReflectiveCallable.run(ReflectiveCallable.java:12)
	at org.junit.runners.model.FrameworkMethod.invokeExplosively(FrameworkMethod.java:47)
	at org.junit.internal.runners.statements.InvokeMethod.evaluate(InvokeMethod.java:17)
	at org.junit.internal.runners.statements.RunAfters.evaluate(RunAfters.java:27)
	at org.junit.internal.runners.statements.FailOnTimeout$CallableStatement.call(FailOnTimeout.java:298)
	at org.junit.internal.runners.statements.FailOnTimeout$CallableStatement.call(FailOnTimeout.java:292)
	at java.util.concurrent.FutureTask.run(FutureTask.java:266)
	at java.lang.Thread.run(Thread.java:748)
2019-09-24 12:00:47,945 INFO  impl.LeaderElection (LeaderElection.java:logAndReturn(56)) - s2@group-3D81F66BC438-LeaderElection132: Election TIMEOUT; received 1 response(s) [s2<-s0#0:FAIL-t340] and 0 exception(s); s2@group-3D81F66BC438:t340, leader=null, voted=s2, raftlog=s2@group-3D81F66BC438-SegmentedRaftLog:OPENED:c10,f10,i10, conf=9: [s0:0.0.0.0:42154, s1:0.0.0.0:36158, s2:0.0.0.0:36910], old=null
2019-09-24 12:00:47,959 INFO  impl.LeaderElection (LeaderElection.java:askForVotes(178)) - s2@group-3D81F66BC438-LeaderElection132: begin an election at term 341 for 9: [s0:0.0.0.0:42154, s1:0.0.0.0:36158, s2:0.0.0.0:36910], old=null
2019-09-24 12:00:47,959 DEBUG impl.RaftServerImpl (RaftServerImpl.java:requestVote(743)) - s0@group-3D81F66BC438: receive requestVote(s2, group-3D81F66BC438, 341, (t:13, i:10))
2019-09-24 12:00:47,960 INFO  impl.RaftServerImpl (RaftServerImpl.java:setRole(170)) - s0@group-3D81F66BC438: changes role from  FOLLOWER to FOLLOWER at term 341 for recognizeCandidate:s2
2019-09-24 12:00:47,960 INFO  impl.RoleInfo (RoleInfo.java:shutdownFollowerState(121)) - s0: shutdown FollowerState
2019-09-24 12:00:47,960 INFO  impl.RoleInfo (RoleInfo.java:updateAndGet(143)) - s0: start FollowerState
2019-09-24 12:00:47,960 INFO  impl.FollowerState (FollowerState.java:run(117)) - s0@group-3D81F66BC438-FollowerState was interrupted: java.lang.InterruptedException: sleep interrupted
2019-09-24 12:00:47,973 DEBUG impl.RaftServerImpl (RaftServerImpl.java:requestVote(775)) - s0@group-3D81F66BC438 replies to vote request: s2<-s0#0:FAIL-t341. Peer's state: s0@group-3D81F66BC438:t341, leader=null, voted=null, raftlog=s0@group-3D81F66BC438-SegmentedRaftLog:OPENED:c11,f12,i12, conf=11: [s0:0.0.0.0:42154, s1:0.0.0.0:36158, s2:0.0.0.0:36910], old=null
2019-09-24 12:00:47,980 INFO  impl.LeaderElection (LeaderElection.java:logAndReturn(56)) - s1@group-3D81F66BC438-LeaderElection133: Election TIMEOUT; received 1 response(s) [s1<-s0#0:FAIL-t340] and 0 exception(s); s1@group-3D81F66BC438:t340, leader=null, voted=s1, raftlog=s1@group-3D81F66BC438-SegmentedRaftLog:OPENED:c10,f11,i11, conf=11: [s0:0.0.0.0:42154, s1:0.0.0.0:36158, s2:0.0.0.0:36910], old=null
2019-09-24 12:00:48,005 INFO  impl.LeaderElection (LeaderElection.java:askForVotes(178)) - s1@group-3D81F66BC438-LeaderElection133: begin an election at term 341 for 11: [s0:0.0.0.0:42154, s1:0.0.0.0:36158, s2:0.0.0.0:36910], old=null
2019-09-24 12:00:48,006 DEBUG impl.RaftServerImpl (RaftServerImpl.java:requestVote(743)) - s0@group-3D81F66BC438: receive requestVote(s1, group-3D81F66BC438, 341, (t:14, i:11))
2019-09-24 12:00:48,006 INFO  impl.RaftServerImpl (RaftServerImpl.java:setRole(170)) - s0@group-3D81F66BC438: changes role from  FOLLOWER to FOLLOWER at term 341 for recognizeCandidate:s1
2019-09-24 12:00:48,006 INFO  impl.RoleInfo (RoleInfo.java:shutdownFollowerState(121)) - s0: shutdown FollowerState
2019-09-24 12:00:48,006 INFO  impl.RoleInfo (RoleInfo.java:updateAndGet(143)) - s0: start FollowerState
2019-09-24 12:00:48,006 INFO  impl.FollowerState (FollowerState.java:run(117)) - s0@group-3D81F66BC438-FollowerState was interrupted: java.lang.InterruptedException: sleep interrupted
2019-09-24 12:00:48,007 DEBUG impl.RaftServerImpl (RaftServerImpl.java:requestVote(775)) - s0@group-3D81F66BC438 replies to vote request: s1<-s0#0:FAIL-t341. Peer's state: s0@group-3D81F66BC438:t341, leader=null, voted=null, raftlog=s0@group-3D81F66BC438-SegmentedRaftLog:OPENED:c11,f12,i12, conf=11: [s0:0.0.0.0:42154, s1:0.0.0.0:36158, s2:0.0.0.0:36910], old=null
2019-09-24 12:00:48,242 INFO  impl.LeaderElection (LeaderElection.java:logAndReturn(56)) - s2@group-3D81F66BC438-LeaderElection132: Election TIMEOUT; received 1 response(s) [s2<-s0#0:FAIL-t341] and 0 exception(s); s2@group-3D81F66BC438:t341, leader=null, voted=s2, raftlog=s2@group-3D81F66BC438-SegmentedRaftLog:OPENED:c10,f10,i10, conf=9: [s0:0.0.0.0:42154, s1:0.0.0.0:36158, s2:0.0.0.0:36910], old=null
2019-09-24 12:00:48,242 INFO  impl.FollowerState (FollowerState.java:run(108)) - s0@group-3D81F66BC438-FollowerState: change to CANDIDATE, lastRpcTime:235ms, electionTimeout:235ms
2019-09-24 12:00:48,242 INFO  impl.RoleInfo (RoleInfo.java:shutdownFollowerState(121)) - s0: shutdown FollowerState
2019-09-24 12:00:48,242 INFO  impl.RaftServerImpl (RaftServerImpl.java:setRole(170)) - s0@group-3D81F66BC438: changes role from  FOLLOWER to CANDIDATE at term 341 for changeToCandidate
2019-09-24 12:00:48,242 INFO  impl.RoleInfo (RoleInfo.java:updateAndGet(143)) - s0: start LeaderElection
2019-09-24 12:00:48,254 WARN  ratis.RaftTestUtil (JavaUtils.java:attempt(158)) - FAILED "waitForLeader-null-(expectLeader? true)", attempt #71/100: java.lang.IllegalStateException: No leader yet : printing ALL groups
  s0:  RUNNING CANDIDATE s0@group-3D81F66BC438:t342, leader=null, voted=s0, raftlog=s0@group-3D81F66BC438-SegmentedRaftLog:OPENED:c11,f12,i12, conf=11: [s0:0.0.0.0:42154, s1:0.0.0.0:36158, s2:0.0.0.0:36910], old=null RUNNING
  s1:  RUNNING CANDIDATE s1@group-3D81F66BC438:t341, leader=null, voted=s1, raftlog=s1@group-3D81F66BC438-SegmentedRaftLog:OPENED:c10,f11,i11, conf=11: [s0:0.0.0.0:42154, s1:0.0.0.0:36158, s2:0.0.0.0:36910], old=null RUNNING
  s2:  RUNNING CANDIDATE s2@group-3D81F66BC438:t342, leader=null, voted=s2, raftlog=s2@group-3D81F66BC438-SegmentedRaftLog:OPENED:c10,f10,i10, conf=9: [s0:0.0.0.0:42154, s1:0.0.0.0:36158, s2:0.0.0.0:36910], old=null RUNNING, sleep 450ms and then retry.
java.lang.IllegalStateException: No leader yet : printing ALL groups
  s0:  RUNNING CANDIDATE s0@group-3D81F66BC438:t342, leader=null, voted=s0, raftlog=s0@group-3D81F66BC438-SegmentedRaftLog:OPENED:c11,f12,i12, conf=11: [s0:0.0.0.0:42154, s1:0.0.0.0:36158, s2:0.0.0.0:36910], old=null RUNNING
  s1:  RUNNING CANDIDATE s1@group-3D81F66BC438:t341, leader=null, voted=s1, raftlog=s1@group-3D81F66BC438-SegmentedRaftLog:OPENED:c10,f11,i11, conf=11: [s0:0.0.0.0:42154, s1:0.0.0.0:36158, s2:0.0.0.0:36910], old=null RUNNING
  s2:  RUNNING CANDIDATE s2@group-3D81F66BC438:t342, leader=null, voted=s2, raftlog=s2@group-3D81F66BC438-SegmentedRaftLog:OPENED:c10,f10,i10, conf=9: [s0:0.0.0.0:42154, s1:0.0.0.0:36158, s2:0.0.0.0:36910], old=null RUNNING
	at org.apache.ratis.MiniRaftCluster.newIllegalStateExceptionForNoLeaders(MiniRaftCluster.java:506)
	at org.apache.ratis.RaftTestUtil.lambda$waitForLeader$1(RaftTestUtil.java:90)
	at org.apache.ratis.MiniRaftCluster.getLeader(MiniRaftCluster.java:539)
	at org.apache.ratis.MiniRaftCluster.getLeader(MiniRaftCluster.java:532)
	at org.apache.ratis.RaftTestUtil.lambda$waitForLeader$3(RaftTestUtil.java:98)
	at org.apache.ratis.util.JavaUtils.attempt(JavaUtils.java:152)
	at org.apache.ratis.RaftTestUtil.waitForLeader(RaftTestUtil.java:97)
	at org.apache.ratis.RaftTestUtil.waitForLeader(RaftTestUtil.java:77)
	at org.apache.ratis.RaftTestUtil.waitForLeader(RaftTestUtil.java:72)
	at org.apache.ratis.RaftTestUtil.lambda$changeLeader$7(RaftTestUtil.java:363)
	at org.apache.ratis.util.JavaUtils.attempt(JavaUtils.java:152)
	at org.apache.ratis.RaftTestUtil.changeLeader(RaftTestUtil.java:362)
	at org.apache.ratis.server.impl.LeaderElectionTests.testChangeLeader(LeaderElectionTests.java:81)
	at sun.reflect.NativeMethodAccessorImpl.invoke0(Native Method)
	at sun.reflect.NativeMethodAccessorImpl.invoke(NativeMethodAccessorImpl.java:62)
	at sun.reflect.DelegatingMethodAccessorImpl.invoke(DelegatingMethodAccessorImpl.java:43)
	at java.lang.reflect.Method.invoke(Method.java:498)
	at org.junit.runners.model.FrameworkMethod$1.runReflectiveCall(FrameworkMethod.java:50)
	at org.junit.internal.runners.model.ReflectiveCallable.run(ReflectiveCallable.java:12)
	at org.junit.runners.model.FrameworkMethod.invokeExplosively(FrameworkMethod.java:47)
	at org.junit.internal.runners.statements.InvokeMethod.evaluate(InvokeMethod.java:17)
	at org.junit.internal.runners.statements.RunAfters.evaluate(RunAfters.java:27)
	at org.junit.internal.runners.statements.FailOnTimeout$CallableStatement.call(FailOnTimeout.java:298)
	at org.junit.internal.runners.statements.FailOnTimeout$CallableStatement.call(FailOnTimeout.java:292)
	at java.util.concurrent.FutureTask.run(FutureTask.java:266)
	at java.lang.Thread.run(Thread.java:748)
2019-09-24 12:00:48,257 INFO  impl.LeaderElection (LeaderElection.java:askForVotes(178)) - s0@group-3D81F66BC438-LeaderElection135: begin an election at term 342 for 11: [s0:0.0.0.0:42154, s1:0.0.0.0:36158, s2:0.0.0.0:36910], old=null
2019-09-24 12:00:48,257 INFO  impl.LeaderElection (LeaderElection.java:askForVotes(178)) - s2@group-3D81F66BC438-LeaderElection132: begin an election at term 342 for 9: [s0:0.0.0.0:42154, s1:0.0.0.0:36158, s2:0.0.0.0:36910], old=null
2019-09-24 12:00:48,258 DEBUG impl.RaftServerImpl (RaftServerImpl.java:requestVote(743)) - s0@group-3D81F66BC438: receive requestVote(s2, group-3D81F66BC438, 342, (t:13, i:10))
2019-09-24 12:00:48,258 DEBUG impl.RaftServerImpl (RaftServerImpl.java:requestVote(775)) - s0@group-3D81F66BC438 replies to vote request: s2<-s0#0:FAIL-t342. Peer's state: s0@group-3D81F66BC438:t342, leader=null, voted=s0, raftlog=s0@group-3D81F66BC438-SegmentedRaftLog:OPENED:c11,f12,i12, conf=11: [s0:0.0.0.0:42154, s1:0.0.0.0:36158, s2:0.0.0.0:36910], old=null
2019-09-24 12:00:48,286 INFO  impl.LeaderElection (LeaderElection.java:logAndReturn(56)) - s1@group-3D81F66BC438-LeaderElection133: Election TIMEOUT; received 1 response(s) [s1<-s0#0:FAIL-t341] and 0 exception(s); s1@group-3D81F66BC438:t341, leader=null, voted=s1, raftlog=s1@group-3D81F66BC438-SegmentedRaftLog:OPENED:c10,f11,i11, conf=11: [s0:0.0.0.0:42154, s1:0.0.0.0:36158, s2:0.0.0.0:36910], old=null
2019-09-24 12:00:48,300 INFO  impl.LeaderElection (LeaderElection.java:askForVotes(178)) - s1@group-3D81F66BC438-LeaderElection133: begin an election at term 342 for 11: [s0:0.0.0.0:42154, s1:0.0.0.0:36158, s2:0.0.0.0:36910], old=null
2019-09-24 12:00:48,300 DEBUG impl.RaftServerImpl (RaftServerImpl.java:requestVote(743)) - s0@group-3D81F66BC438: receive requestVote(s1, group-3D81F66BC438, 342, (t:14, i:11))
2019-09-24 12:00:48,300 DEBUG impl.RaftServerImpl (RaftServerImpl.java:requestVote(775)) - s0@group-3D81F66BC438 replies to vote request: s1<-s0#0:FAIL-t342. Peer's state: s0@group-3D81F66BC438:t342, leader=null, voted=s0, raftlog=s0@group-3D81F66BC438-SegmentedRaftLog:OPENED:c11,f12,i12, conf=11: [s0:0.0.0.0:42154, s1:0.0.0.0:36158, s2:0.0.0.0:36910], old=null
2019-09-24 12:00:48,411 INFO  impl.LeaderElection (LeaderElection.java:logAndReturn(56)) - s2@group-3D81F66BC438-LeaderElection132: Election TIMEOUT; received 1 response(s) [s2<-s0#0:FAIL-t342] and 0 exception(s); s2@group-3D81F66BC438:t342, leader=null, voted=s2, raftlog=s2@group-3D81F66BC438-SegmentedRaftLog:OPENED:c10,f10,i10, conf=9: [s0:0.0.0.0:42154, s1:0.0.0.0:36158, s2:0.0.0.0:36910], old=null
2019-09-24 12:00:48,425 INFO  impl.LeaderElection (LeaderElection.java:askForVotes(178)) - s2@group-3D81F66BC438-LeaderElection132: begin an election at term 343 for 9: [s0:0.0.0.0:42154, s1:0.0.0.0:36158, s2:0.0.0.0:36910], old=null
2019-09-24 12:00:48,426 DEBUG impl.RaftServerImpl (RaftServerImpl.java:requestVote(743)) - s0@group-3D81F66BC438: receive requestVote(s2, group-3D81F66BC438, 343, (t:13, i:10))
2019-09-24 12:00:48,426 INFO  impl.RaftServerImpl (RaftServerImpl.java:setRole(170)) - s0@group-3D81F66BC438: changes role from CANDIDATE to FOLLOWER at term 343 for recognizeCandidate:s2
2019-09-24 12:00:48,426 INFO  impl.RoleInfo (RoleInfo.java:shutdownLeaderElection(134)) - s0: shutdown LeaderElection
2019-09-24 12:00:48,426 INFO  impl.RoleInfo (RoleInfo.java:updateAndGet(143)) - s0: start FollowerState
2019-09-24 12:00:48,439 DEBUG impl.RaftServerImpl (RaftServerImpl.java:requestVote(775)) - s0@group-3D81F66BC438 replies to vote request: s2<-s0#0:FAIL-t343. Peer's state: s0@group-3D81F66BC438:t343, leader=null, voted=null, raftlog=s0@group-3D81F66BC438-SegmentedRaftLog:OPENED:c11,f12,i12, conf=11: [s0:0.0.0.0:42154, s1:0.0.0.0:36158, s2:0.0.0.0:36910], old=null
2019-09-24 12:00:48,443 INFO  impl.LeaderElection (LeaderElection.java:logAndReturn(56)) - s0@group-3D81F66BC438-LeaderElection135: Election REJECTED; received 0 response(s) [] and 0 exception(s); s0@group-3D81F66BC438:t343, leader=null, voted=null, raftlog=s0@group-3D81F66BC438-SegmentedRaftLog:OPENED:c11,f12,i12, conf=11: [s0:0.0.0.0:42154, s1:0.0.0.0:36158, s2:0.0.0.0:36910], old=null
2019-09-24 12:00:48,493 INFO  impl.LeaderElection (LeaderElection.java:logAndReturn(56)) - s1@group-3D81F66BC438-LeaderElection133: Election TIMEOUT; received 1 response(s) [s1<-s0#0:FAIL-t342] and 0 exception(s); s1@group-3D81F66BC438:t342, leader=null, voted=s1, raftlog=s1@group-3D81F66BC438-SegmentedRaftLog:OPENED:c10,f11,i11, conf=11: [s0:0.0.0.0:42154, s1:0.0.0.0:36158, s2:0.0.0.0:36910], old=null
2019-09-24 12:00:48,518 INFO  impl.LeaderElection (LeaderElection.java:askForVotes(178)) - s1@group-3D81F66BC438-LeaderElection133: begin an election at term 343 for 11: [s0:0.0.0.0:42154, s1:0.0.0.0:36158, s2:0.0.0.0:36910], old=null
2019-09-24 12:00:48,519 DEBUG impl.RaftServerImpl (RaftServerImpl.java:requestVote(743)) - s0@group-3D81F66BC438: receive requestVote(s1, group-3D81F66BC438, 343, (t:14, i:11))
2019-09-24 12:00:48,519 INFO  impl.RaftServerImpl (RaftServerImpl.java:setRole(170)) - s0@group-3D81F66BC438: changes role from  FOLLOWER to FOLLOWER at term 343 for recognizeCandidate:s1
2019-09-24 12:00:48,519 INFO  impl.RoleInfo (RoleInfo.java:shutdownFollowerState(121)) - s0: shutdown FollowerState
2019-09-24 12:00:48,519 INFO  impl.RoleInfo (RoleInfo.java:updateAndGet(143)) - s0: start FollowerState
2019-09-24 12:00:48,519 INFO  impl.FollowerState (FollowerState.java:run(117)) - s0@group-3D81F66BC438-FollowerState was interrupted: java.lang.InterruptedException: sleep interrupted
2019-09-24 12:00:48,519 DEBUG impl.RaftServerImpl (RaftServerImpl.java:requestVote(775)) - s0@group-3D81F66BC438 replies to vote request: s1<-s0#0:FAIL-t343. Peer's state: s0@group-3D81F66BC438:t343, leader=null, voted=null, raftlog=s0@group-3D81F66BC438-SegmentedRaftLog:OPENED:c11,f12,i12, conf=11: [s0:0.0.0.0:42154, s1:0.0.0.0:36158, s2:0.0.0.0:36910], old=null
2019-09-24 12:00:48,705 WARN  ratis.RaftTestUtil (JavaUtils.java:attempt(158)) - FAILED "waitForLeader-null-(expectLeader? true)", attempt #72/100: java.lang.IllegalStateException: No leader yet : printing ALL groups
  s0:  RUNNING  FOLLOWER s0@group-3D81F66BC438:t343, leader=null, voted=null, raftlog=s0@group-3D81F66BC438-SegmentedRaftLog:OPENED:c11,f12,i12, conf=11: [s0:0.0.0.0:42154, s1:0.0.0.0:36158, s2:0.0.0.0:36910], old=null RUNNING
  s1:  RUNNING CANDIDATE s1@group-3D81F66BC438:t343, leader=null, voted=s1, raftlog=s1@group-3D81F66BC438-SegmentedRaftLog:OPENED:c10,f11,i11, conf=11: [s0:0.0.0.0:42154, s1:0.0.0.0:36158, s2:0.0.0.0:36910], old=null RUNNING
  s2:  RUNNING CANDIDATE s2@group-3D81F66BC438:t343, leader=null, voted=s2, raftlog=s2@group-3D81F66BC438-SegmentedRaftLog:OPENED:c10,f10,i10, conf=9: [s0:0.0.0.0:42154, s1:0.0.0.0:36158, s2:0.0.0.0:36910], old=null RUNNING, sleep 450ms and then retry.
java.lang.IllegalStateException: No leader yet : printing ALL groups
  s0:  RUNNING  FOLLOWER s0@group-3D81F66BC438:t343, leader=null, voted=null, raftlog=s0@group-3D81F66BC438-SegmentedRaftLog:OPENED:c11,f12,i12, conf=11: [s0:0.0.0.0:42154, s1:0.0.0.0:36158, s2:0.0.0.0:36910], old=null RUNNING
  s1:  RUNNING CANDIDATE s1@group-3D81F66BC438:t343, leader=null, voted=s1, raftlog=s1@group-3D81F66BC438-SegmentedRaftLog:OPENED:c10,f11,i11, conf=11: [s0:0.0.0.0:42154, s1:0.0.0.0:36158, s2:0.0.0.0:36910], old=null RUNNING
  s2:  RUNNING CANDIDATE s2@group-3D81F66BC438:t343, leader=null, voted=s2, raftlog=s2@group-3D81F66BC438-SegmentedRaftLog:OPENED:c10,f10,i10, conf=9: [s0:0.0.0.0:42154, s1:0.0.0.0:36158, s2:0.0.0.0:36910], old=null RUNNING
	at org.apache.ratis.MiniRaftCluster.newIllegalStateExceptionForNoLeaders(MiniRaftCluster.java:506)
	at org.apache.ratis.RaftTestUtil.lambda$waitForLeader$1(RaftTestUtil.java:90)
	at org.apache.ratis.MiniRaftCluster.getLeader(MiniRaftCluster.java:539)
	at org.apache.ratis.MiniRaftCluster.getLeader(MiniRaftCluster.java:532)
	at org.apache.ratis.RaftTestUtil.lambda$waitForLeader$3(RaftTestUtil.java:98)
	at org.apache.ratis.util.JavaUtils.attempt(JavaUtils.java:152)
	at org.apache.ratis.RaftTestUtil.waitForLeader(RaftTestUtil.java:97)
	at org.apache.ratis.RaftTestUtil.waitForLeader(RaftTestUtil.java:77)
	at org.apache.ratis.RaftTestUtil.waitForLeader(RaftTestUtil.java:72)
	at org.apache.ratis.RaftTestUtil.lambda$changeLeader$7(RaftTestUtil.java:363)
	at org.apache.ratis.util.JavaUtils.attempt(JavaUtils.java:152)
	at org.apache.ratis.RaftTestUtil.changeLeader(RaftTestUtil.java:362)
	at org.apache.ratis.server.impl.LeaderElectionTests.testChangeLeader(LeaderElectionTests.java:81)
	at sun.reflect.NativeMethodAccessorImpl.invoke0(Native Method)
	at sun.reflect.NativeMethodAccessorImpl.invoke(NativeMethodAccessorImpl.java:62)
	at sun.reflect.DelegatingMethodAccessorImpl.invoke(DelegatingMethodAccessorImpl.java:43)
	at java.lang.reflect.Method.invoke(Method.java:498)
	at org.junit.runners.model.FrameworkMethod$1.runReflectiveCall(FrameworkMethod.java:50)
	at org.junit.internal.runners.model.ReflectiveCallable.run(ReflectiveCallable.java:12)
	at org.junit.runners.model.FrameworkMethod.invokeExplosively(FrameworkMethod.java:47)
	at org.junit.internal.runners.statements.InvokeMethod.evaluate(InvokeMethod.java:17)
	at org.junit.internal.runners.statements.RunAfters.evaluate(RunAfters.java:27)
	at org.junit.internal.runners.statements.FailOnTimeout$CallableStatement.call(FailOnTimeout.java:298)
	at org.junit.internal.runners.statements.FailOnTimeout$CallableStatement.call(FailOnTimeout.java:292)
	at java.util.concurrent.FutureTask.run(FutureTask.java:266)
	at java.lang.Thread.run(Thread.java:748)
2019-09-24 12:00:48,720 INFO  impl.LeaderElection (LeaderElection.java:logAndReturn(56)) - s2@group-3D81F66BC438-LeaderElection132: Election TIMEOUT; received 1 response(s) [s2<-s0#0:FAIL-t343] and 0 exception(s); s2@group-3D81F66BC438:t343, leader=null, voted=s2, raftlog=s2@group-3D81F66BC438-SegmentedRaftLog:OPENED:c10,f10,i10, conf=9: [s0:0.0.0.0:42154, s1:0.0.0.0:36158, s2:0.0.0.0:36910], old=null
2019-09-24 12:00:48,733 INFO  impl.LeaderElection (LeaderElection.java:askForVotes(178)) - s2@group-3D81F66BC438-LeaderElection132: begin an election at term 344 for 9: [s0:0.0.0.0:42154, s1:0.0.0.0:36158, s2:0.0.0.0:36910], old=null
2019-09-24 12:00:48,734 DEBUG impl.RaftServerImpl (RaftServerImpl.java:requestVote(743)) - s0@group-3D81F66BC438: receive requestVote(s2, group-3D81F66BC438, 344, (t:13, i:10))
2019-09-24 12:00:48,734 INFO  impl.RaftServerImpl (RaftServerImpl.java:setRole(170)) - s0@group-3D81F66BC438: changes role from  FOLLOWER to FOLLOWER at term 344 for recognizeCandidate:s2
2019-09-24 12:00:48,734 INFO  impl.RoleInfo (RoleInfo.java:shutdownFollowerState(121)) - s0: shutdown FollowerState
2019-09-24 12:00:48,735 INFO  impl.RoleInfo (RoleInfo.java:updateAndGet(143)) - s0: start FollowerState
2019-09-24 12:00:48,735 INFO  impl.FollowerState (FollowerState.java:run(117)) - s0@group-3D81F66BC438-FollowerState was interrupted: java.lang.InterruptedException: sleep interrupted
2019-09-24 12:00:48,749 DEBUG impl.RaftServerImpl (RaftServerImpl.java:requestVote(775)) - s0@group-3D81F66BC438 replies to vote request: s2<-s0#0:FAIL-t344. Peer's state: s0@group-3D81F66BC438:t344, leader=null, voted=null, raftlog=s0@group-3D81F66BC438-SegmentedRaftLog:OPENED:c11,f12,i12, conf=11: [s0:0.0.0.0:42154, s1:0.0.0.0:36158, s2:0.0.0.0:36910], old=null
2019-09-24 12:00:48,801 INFO  impl.LeaderElection (LeaderElection.java:logAndReturn(56)) - s1@group-3D81F66BC438-LeaderElection133: Election TIMEOUT; received 1 response(s) [s1<-s0#0:FAIL-t343] and 0 exception(s); s1@group-3D81F66BC438:t343, leader=null, voted=s1, raftlog=s1@group-3D81F66BC438-SegmentedRaftLog:OPENED:c10,f11,i11, conf=11: [s0:0.0.0.0:42154, s1:0.0.0.0:36158, s2:0.0.0.0:36910], old=null
2019-09-24 12:00:48,814 INFO  impl.LeaderElection (LeaderElection.java:askForVotes(178)) - s1@group-3D81F66BC438-LeaderElection133: begin an election at term 344 for 11: [s0:0.0.0.0:42154, s1:0.0.0.0:36158, s2:0.0.0.0:36910], old=null
2019-09-24 12:00:48,814 DEBUG impl.RaftServerImpl (RaftServerImpl.java:requestVote(743)) - s0@group-3D81F66BC438: receive requestVote(s1, group-3D81F66BC438, 344, (t:14, i:11))
2019-09-24 12:00:48,814 INFO  impl.RaftServerImpl (RaftServerImpl.java:setRole(170)) - s0@group-3D81F66BC438: changes role from  FOLLOWER to FOLLOWER at term 344 for recognizeCandidate:s1
2019-09-24 12:00:48,815 INFO  impl.RoleInfo (RoleInfo.java:shutdownFollowerState(121)) - s0: shutdown FollowerState
2019-09-24 12:00:48,815 INFO  impl.RoleInfo (RoleInfo.java:updateAndGet(143)) - s0: start FollowerState
2019-09-24 12:00:48,815 INFO  impl.FollowerState (FollowerState.java:run(117)) - s0@group-3D81F66BC438-FollowerState was interrupted: java.lang.InterruptedException: sleep interrupted
2019-09-24 12:00:48,815 DEBUG impl.RaftServerImpl (RaftServerImpl.java:requestVote(775)) - s0@group-3D81F66BC438 replies to vote request: s1<-s0#0:FAIL-t344. Peer's state: s0@group-3D81F66BC438:t344, leader=null, voted=null, raftlog=s0@group-3D81F66BC438-SegmentedRaftLog:OPENED:c11,f12,i12, conf=11: [s0:0.0.0.0:42154, s1:0.0.0.0:36158, s2:0.0.0.0:36910], old=null
2019-09-24 12:00:48,921 INFO  impl.LeaderElection (LeaderElection.java:logAndReturn(56)) - s2@group-3D81F66BC438-LeaderElection132: Election TIMEOUT; received 1 response(s) [s2<-s0#0:FAIL-t344] and 0 exception(s); s2@group-3D81F66BC438:t344, leader=null, voted=s2, raftlog=s2@group-3D81F66BC438-SegmentedRaftLog:OPENED:c10,f10,i10, conf=9: [s0:0.0.0.0:42154, s1:0.0.0.0:36158, s2:0.0.0.0:36910], old=null
2019-09-24 12:00:48,947 INFO  impl.LeaderElection (LeaderElection.java:askForVotes(178)) - s2@group-3D81F66BC438-LeaderElection132: begin an election at term 345 for 9: [s0:0.0.0.0:42154, s1:0.0.0.0:36158, s2:0.0.0.0:36910], old=null
2019-09-24 12:00:48,947 DEBUG impl.RaftServerImpl (RaftServerImpl.java:requestVote(743)) - s0@group-3D81F66BC438: receive requestVote(s2, group-3D81F66BC438, 345, (t:13, i:10))
2019-09-24 12:00:48,947 INFO  impl.RaftServerImpl (RaftServerImpl.java:setRole(170)) - s0@group-3D81F66BC438: changes role from  FOLLOWER to FOLLOWER at term 345 for recognizeCandidate:s2
2019-09-24 12:00:48,948 INFO  impl.RoleInfo (RoleInfo.java:shutdownFollowerState(121)) - s0: shutdown FollowerState
2019-09-24 12:00:48,948 INFO  impl.RoleInfo (RoleInfo.java:updateAndGet(143)) - s0: start FollowerState
2019-09-24 12:00:48,948 INFO  impl.FollowerState (FollowerState.java:run(117)) - s0@group-3D81F66BC438-FollowerState was interrupted: java.lang.InterruptedException: sleep interrupted
2019-09-24 12:00:48,960 DEBUG impl.RaftServerImpl (RaftServerImpl.java:requestVote(775)) - s0@group-3D81F66BC438 replies to vote request: s2<-s0#0:FAIL-t345. Peer's state: s0@group-3D81F66BC438:t345, leader=null, voted=null, raftlog=s0@group-3D81F66BC438-SegmentedRaftLog:OPENED:c11,f12,i12, conf=11: [s0:0.0.0.0:42154, s1:0.0.0.0:36158, s2:0.0.0.0:36910], old=null
2019-09-24 12:00:49,091 INFO  impl.LeaderElection (LeaderElection.java:logAndReturn(56)) - s1@group-3D81F66BC438-LeaderElection133: Election TIMEOUT; received 1 response(s) [s1<-s0#0:FAIL-t344] and 0 exception(s); s1@group-3D81F66BC438:t344, leader=null, voted=s1, raftlog=s1@group-3D81F66BC438-SegmentedRaftLog:OPENED:c10,f11,i11, conf=11: [s0:0.0.0.0:42154, s1:0.0.0.0:36158, s2:0.0.0.0:36910], old=null
2019-09-24 12:00:49,105 INFO  impl.LeaderElection (LeaderElection.java:askForVotes(178)) - s1@group-3D81F66BC438-LeaderElection133: begin an election at term 345 for 11: [s0:0.0.0.0:42154, s1:0.0.0.0:36158, s2:0.0.0.0:36910], old=null
2019-09-24 12:00:49,105 DEBUG impl.RaftServerImpl (RaftServerImpl.java:requestVote(743)) - s0@group-3D81F66BC438: receive requestVote(s1, group-3D81F66BC438, 345, (t:14, i:11))
2019-09-24 12:00:49,105 INFO  impl.RaftServerImpl (RaftServerImpl.java:setRole(170)) - s0@group-3D81F66BC438: changes role from  FOLLOWER to FOLLOWER at term 345 for recognizeCandidate:s1
2019-09-24 12:00:49,106 INFO  impl.RoleInfo (RoleInfo.java:shutdownFollowerState(121)) - s0: shutdown FollowerState
2019-09-24 12:00:49,106 INFO  impl.RoleInfo (RoleInfo.java:updateAndGet(143)) - s0: start FollowerState
2019-09-24 12:00:49,106 INFO  impl.FollowerState (FollowerState.java:run(117)) - s0@group-3D81F66BC438-FollowerState was interrupted: java.lang.InterruptedException: sleep interrupted
2019-09-24 12:00:49,106 DEBUG impl.RaftServerImpl (RaftServerImpl.java:requestVote(775)) - s0@group-3D81F66BC438 replies to vote request: s1<-s0#0:FAIL-t345. Peer's state: s0@group-3D81F66BC438:t345, leader=null, voted=null, raftlog=s0@group-3D81F66BC438-SegmentedRaftLog:OPENED:c11,f12,i12, conf=11: [s0:0.0.0.0:42154, s1:0.0.0.0:36158, s2:0.0.0.0:36910], old=null
2019-09-24 12:00:49,139 INFO  impl.LeaderElection (LeaderElection.java:logAndReturn(56)) - s2@group-3D81F66BC438-LeaderElection132: Election TIMEOUT; received 1 response(s) [s2<-s0#0:FAIL-t345] and 0 exception(s); s2@group-3D81F66BC438:t345, leader=null, voted=s2, raftlog=s2@group-3D81F66BC438-SegmentedRaftLog:OPENED:c10,f10,i10, conf=9: [s0:0.0.0.0:42154, s1:0.0.0.0:36158, s2:0.0.0.0:36910], old=null
2019-09-24 12:00:49,152 INFO  impl.LeaderElection (LeaderElection.java:askForVotes(178)) - s2@group-3D81F66BC438-LeaderElection132: begin an election at term 346 for 9: [s0:0.0.0.0:42154, s1:0.0.0.0:36158, s2:0.0.0.0:36910], old=null
2019-09-24 12:00:49,153 DEBUG impl.RaftServerImpl (RaftServerImpl.java:requestVote(743)) - s0@group-3D81F66BC438: receive requestVote(s2, group-3D81F66BC438, 346, (t:13, i:10))
2019-09-24 12:00:49,153 INFO  impl.RaftServerImpl (RaftServerImpl.java:setRole(170)) - s0@group-3D81F66BC438: changes role from  FOLLOWER to FOLLOWER at term 346 for recognizeCandidate:s2
2019-09-24 12:00:49,153 INFO  impl.RoleInfo (RoleInfo.java:shutdownFollowerState(121)) - s0: shutdown FollowerState
2019-09-24 12:00:49,153 INFO  impl.RoleInfo (RoleInfo.java:updateAndGet(143)) - s0: start FollowerState
2019-09-24 12:00:49,154 INFO  impl.FollowerState (FollowerState.java:run(117)) - s0@group-3D81F66BC438-FollowerState was interrupted: java.lang.InterruptedException: sleep interrupted
2019-09-24 12:00:49,157 WARN  ratis.RaftTestUtil (JavaUtils.java:attempt(158)) - FAILED "waitForLeader-null-(expectLeader? true)", attempt #73/100: java.lang.IllegalStateException: No leader yet : printing ALL groups
  s0:  RUNNING  FOLLOWER s0@group-3D81F66BC438:t346, leader=null, voted=null, raftlog=s0@group-3D81F66BC438-SegmentedRaftLog:OPENED:c11,f12,i12, conf=11: [s0:0.0.0.0:42154, s1:0.0.0.0:36158, s2:0.0.0.0:36910], old=null RUNNING
  s1:  RUNNING CANDIDATE s1@group-3D81F66BC438:t345, leader=null, voted=s1, raftlog=s1@group-3D81F66BC438-SegmentedRaftLog:OPENED:c10,f11,i11, conf=11: [s0:0.0.0.0:42154, s1:0.0.0.0:36158, s2:0.0.0.0:36910], old=null RUNNING
  s2:  RUNNING CANDIDATE s2@group-3D81F66BC438:t346, leader=null, voted=s2, raftlog=s2@group-3D81F66BC438-SegmentedRaftLog:OPENED:c10,f10,i10, conf=9: [s0:0.0.0.0:42154, s1:0.0.0.0:36158, s2:0.0.0.0:36910], old=null RUNNING, sleep 450ms and then retry.
java.lang.IllegalStateException: No leader yet : printing ALL groups
  s0:  RUNNING  FOLLOWER s0@group-3D81F66BC438:t346, leader=null, voted=null, raftlog=s0@group-3D81F66BC438-SegmentedRaftLog:OPENED:c11,f12,i12, conf=11: [s0:0.0.0.0:42154, s1:0.0.0.0:36158, s2:0.0.0.0:36910], old=null RUNNING
  s1:  RUNNING CANDIDATE s1@group-3D81F66BC438:t345, leader=null, voted=s1, raftlog=s1@group-3D81F66BC438-SegmentedRaftLog:OPENED:c10,f11,i11, conf=11: [s0:0.0.0.0:42154, s1:0.0.0.0:36158, s2:0.0.0.0:36910], old=null RUNNING
  s2:  RUNNING CANDIDATE s2@group-3D81F66BC438:t346, leader=null, voted=s2, raftlog=s2@group-3D81F66BC438-SegmentedRaftLog:OPENED:c10,f10,i10, conf=9: [s0:0.0.0.0:42154, s1:0.0.0.0:36158, s2:0.0.0.0:36910], old=null RUNNING
	at org.apache.ratis.MiniRaftCluster.newIllegalStateExceptionForNoLeaders(MiniRaftCluster.java:506)
	at org.apache.ratis.RaftTestUtil.lambda$waitForLeader$1(RaftTestUtil.java:90)
	at org.apache.ratis.MiniRaftCluster.getLeader(MiniRaftCluster.java:539)
	at org.apache.ratis.MiniRaftCluster.getLeader(MiniRaftCluster.java:532)
	at org.apache.ratis.RaftTestUtil.lambda$waitForLeader$3(RaftTestUtil.java:98)
	at org.apache.ratis.util.JavaUtils.attempt(JavaUtils.java:152)
	at org.apache.ratis.RaftTestUtil.waitForLeader(RaftTestUtil.java:97)
	at org.apache.ratis.RaftTestUtil.waitForLeader(RaftTestUtil.java:77)
	at org.apache.ratis.RaftTestUtil.waitForLeader(RaftTestUtil.java:72)
	at org.apache.ratis.RaftTestUtil.lambda$changeLeader$7(RaftTestUtil.java:363)
	at org.apache.ratis.util.JavaUtils.attempt(JavaUtils.java:152)
	at org.apache.ratis.RaftTestUtil.changeLeader(RaftTestUtil.java:362)
	at org.apache.ratis.server.impl.LeaderElectionTests.testChangeLeader(LeaderElectionTests.java:81)
	at sun.reflect.NativeMethodAccessorImpl.invoke0(Native Method)
	at sun.reflect.NativeMethodAccessorImpl.invoke(NativeMethodAccessorImpl.java:62)
	at sun.reflect.DelegatingMethodAccessorImpl.invoke(DelegatingMethodAccessorImpl.java:43)
	at java.lang.reflect.Method.invoke(Method.java:498)
	at org.junit.runners.model.FrameworkMethod$1.runReflectiveCall(FrameworkMethod.java:50)
	at org.junit.internal.runners.model.ReflectiveCallable.run(ReflectiveCallable.java:12)
	at org.junit.runners.model.FrameworkMethod.invokeExplosively(FrameworkMethod.java:47)
	at org.junit.internal.runners.statements.InvokeMethod.evaluate(InvokeMethod.java:17)
	at org.junit.internal.runners.statements.RunAfters.evaluate(RunAfters.java:27)
	at org.junit.internal.runners.statements.FailOnTimeout$CallableStatement.call(FailOnTimeout.java:298)
	at org.junit.internal.runners.statements.FailOnTimeout$CallableStatement.call(FailOnTimeout.java:292)
	at java.util.concurrent.FutureTask.run(FutureTask.java:266)
	at java.lang.Thread.run(Thread.java:748)
2019-09-24 12:00:49,175 DEBUG impl.RaftServerImpl (RaftServerImpl.java:requestVote(775)) - s0@group-3D81F66BC438 replies to vote request: s2<-s0#0:FAIL-t346. Peer's state: s0@group-3D81F66BC438:t346, leader=null, voted=null, raftlog=s0@group-3D81F66BC438-SegmentedRaftLog:OPENED:c11,f12,i12, conf=11: [s0:0.0.0.0:42154, s1:0.0.0.0:36158, s2:0.0.0.0:36910], old=null
2019-09-24 12:00:49,263 INFO  impl.LeaderElection (LeaderElection.java:logAndReturn(56)) - s1@group-3D81F66BC438-LeaderElection133: Election TIMEOUT; received 1 response(s) [s1<-s0#0:FAIL-t345] and 0 exception(s); s1@group-3D81F66BC438:t345, leader=null, voted=s1, raftlog=s1@group-3D81F66BC438-SegmentedRaftLog:OPENED:c10,f11,i11, conf=11: [s0:0.0.0.0:42154, s1:0.0.0.0:36158, s2:0.0.0.0:36910], old=null
2019-09-24 12:00:49,278 INFO  impl.LeaderElection (LeaderElection.java:askForVotes(178)) - s1@group-3D81F66BC438-LeaderElection133: begin an election at term 346 for 11: [s0:0.0.0.0:42154, s1:0.0.0.0:36158, s2:0.0.0.0:36910], old=null
2019-09-24 12:00:49,279 DEBUG impl.RaftServerImpl (RaftServerImpl.java:requestVote(743)) - s0@group-3D81F66BC438: receive requestVote(s1, group-3D81F66BC438, 346, (t:14, i:11))
2019-09-24 12:00:49,279 INFO  impl.RaftServerImpl (RaftServerImpl.java:setRole(170)) - s0@group-3D81F66BC438: changes role from  FOLLOWER to FOLLOWER at term 346 for recognizeCandidate:s1
2019-09-24 12:00:49,279 INFO  impl.RoleInfo (RoleInfo.java:shutdownFollowerState(121)) - s0: shutdown FollowerState
2019-09-24 12:00:49,279 INFO  impl.RoleInfo (RoleInfo.java:updateAndGet(143)) - s0: start FollowerState
2019-09-24 12:00:49,279 INFO  impl.FollowerState (FollowerState.java:run(117)) - s0@group-3D81F66BC438-FollowerState was interrupted: java.lang.InterruptedException: sleep interrupted
2019-09-24 12:00:49,280 DEBUG impl.RaftServerImpl (RaftServerImpl.java:requestVote(775)) - s0@group-3D81F66BC438 replies to vote request: s1<-s0#0:FAIL-t346. Peer's state: s0@group-3D81F66BC438:t346, leader=null, voted=null, raftlog=s0@group-3D81F66BC438-SegmentedRaftLog:OPENED:c11,f12,i12, conf=11: [s0:0.0.0.0:42154, s1:0.0.0.0:36158, s2:0.0.0.0:36910], old=null
2019-09-24 12:00:49,425 INFO  impl.LeaderElection (LeaderElection.java:logAndReturn(56)) - s2@group-3D81F66BC438-LeaderElection132: Election TIMEOUT; received 1 response(s) [s2<-s0#0:FAIL-t346] and 0 exception(s); s2@group-3D81F66BC438:t346, leader=null, voted=s2, raftlog=s2@group-3D81F66BC438-SegmentedRaftLog:OPENED:c10,f10,i10, conf=9: [s0:0.0.0.0:42154, s1:0.0.0.0:36158, s2:0.0.0.0:36910], old=null
2019-09-24 12:00:49,451 INFO  impl.LeaderElection (LeaderElection.java:askForVotes(178)) - s2@group-3D81F66BC438-LeaderElection132: begin an election at term 347 for 9: [s0:0.0.0.0:42154, s1:0.0.0.0:36158, s2:0.0.0.0:36910], old=null
2019-09-24 12:00:49,451 DEBUG impl.RaftServerImpl (RaftServerImpl.java:requestVote(743)) - s0@group-3D81F66BC438: receive requestVote(s2, group-3D81F66BC438, 347, (t:13, i:10))
2019-09-24 12:00:49,451 INFO  impl.RaftServerImpl (RaftServerImpl.java:setRole(170)) - s0@group-3D81F66BC438: changes role from  FOLLOWER to FOLLOWER at term 347 for recognizeCandidate:s2
2019-09-24 12:00:49,451 INFO  impl.RoleInfo (RoleInfo.java:shutdownFollowerState(121)) - s0: shutdown FollowerState
2019-09-24 12:00:49,452 INFO  impl.RoleInfo (RoleInfo.java:updateAndGet(143)) - s0: start FollowerState
2019-09-24 12:00:49,452 INFO  impl.FollowerState (FollowerState.java:run(117)) - s0@group-3D81F66BC438-FollowerState was interrupted: java.lang.InterruptedException: sleep interrupted
2019-09-24 12:00:49,467 DEBUG impl.RaftServerImpl (RaftServerImpl.java:requestVote(775)) - s0@group-3D81F66BC438 replies to vote request: s2<-s0#0:FAIL-t347. Peer's state: s0@group-3D81F66BC438:t347, leader=null, voted=null, raftlog=s0@group-3D81F66BC438-SegmentedRaftLog:OPENED:c11,f12,i12, conf=11: [s0:0.0.0.0:42154, s1:0.0.0.0:36158, s2:0.0.0.0:36910], old=null
2019-09-24 12:00:49,547 INFO  impl.LeaderElection (LeaderElection.java:logAndReturn(56)) - s1@group-3D81F66BC438-LeaderElection133: Election TIMEOUT; received 1 response(s) [s1<-s0#0:FAIL-t346] and 0 exception(s); s1@group-3D81F66BC438:t346, leader=null, voted=s1, raftlog=s1@group-3D81F66BC438-SegmentedRaftLog:OPENED:c10,f11,i11, conf=11: [s0:0.0.0.0:42154, s1:0.0.0.0:36158, s2:0.0.0.0:36910], old=null
2019-09-24 12:00:49,572 INFO  impl.LeaderElection (LeaderElection.java:askForVotes(178)) - s1@group-3D81F66BC438-LeaderElection133: begin an election at term 347 for 11: [s0:0.0.0.0:42154, s1:0.0.0.0:36158, s2:0.0.0.0:36910], old=null
2019-09-24 12:00:49,573 DEBUG impl.RaftServerImpl (RaftServerImpl.java:requestVote(743)) - s0@group-3D81F66BC438: receive requestVote(s1, group-3D81F66BC438, 347, (t:14, i:11))
2019-09-24 12:00:49,573 INFO  impl.RaftServerImpl (RaftServerImpl.java:setRole(170)) - s0@group-3D81F66BC438: changes role from  FOLLOWER to FOLLOWER at term 347 for recognizeCandidate:s1
2019-09-24 12:00:49,573 INFO  impl.RoleInfo (RoleInfo.java:shutdownFollowerState(121)) - s0: shutdown FollowerState
2019-09-24 12:00:49,573 INFO  impl.RoleInfo (RoleInfo.java:updateAndGet(143)) - s0: start FollowerState
2019-09-24 12:00:49,573 INFO  impl.FollowerState (FollowerState.java:run(117)) - s0@group-3D81F66BC438-FollowerState was interrupted: java.lang.InterruptedException: sleep interrupted
2019-09-24 12:00:49,574 DEBUG impl.RaftServerImpl (RaftServerImpl.java:requestVote(775)) - s0@group-3D81F66BC438 replies to vote request: s1<-s0#0:FAIL-t347. Peer's state: s0@group-3D81F66BC438:t347, leader=null, voted=null, raftlog=s0@group-3D81F66BC438-SegmentedRaftLog:OPENED:c11,f12,i12, conf=11: [s0:0.0.0.0:42154, s1:0.0.0.0:36158, s2:0.0.0.0:36910], old=null
2019-09-24 12:00:49,608 WARN  ratis.RaftTestUtil (JavaUtils.java:attempt(158)) - FAILED "waitForLeader-null-(expectLeader? true)", attempt #74/100: java.lang.IllegalStateException: No leader yet : printing ALL groups
  s0:  RUNNING  FOLLOWER s0@group-3D81F66BC438:t347, leader=null, voted=null, raftlog=s0@group-3D81F66BC438-SegmentedRaftLog:OPENED:c11,f12,i12, conf=11: [s0:0.0.0.0:42154, s1:0.0.0.0:36158, s2:0.0.0.0:36910], old=null RUNNING
  s1:  RUNNING CANDIDATE s1@group-3D81F66BC438:t347, leader=null, voted=s1, raftlog=s1@group-3D81F66BC438-SegmentedRaftLog:OPENED:c10,f11,i11, conf=11: [s0:0.0.0.0:42154, s1:0.0.0.0:36158, s2:0.0.0.0:36910], old=null RUNNING
  s2:  RUNNING CANDIDATE s2@group-3D81F66BC438:t347, leader=null, voted=s2, raftlog=s2@group-3D81F66BC438-SegmentedRaftLog:OPENED:c10,f10,i10, conf=9: [s0:0.0.0.0:42154, s1:0.0.0.0:36158, s2:0.0.0.0:36910], old=null RUNNING, sleep 450ms and then retry.
java.lang.IllegalStateException: No leader yet : printing ALL groups
  s0:  RUNNING  FOLLOWER s0@group-3D81F66BC438:t347, leader=null, voted=null, raftlog=s0@group-3D81F66BC438-SegmentedRaftLog:OPENED:c11,f12,i12, conf=11: [s0:0.0.0.0:42154, s1:0.0.0.0:36158, s2:0.0.0.0:36910], old=null RUNNING
  s1:  RUNNING CANDIDATE s1@group-3D81F66BC438:t347, leader=null, voted=s1, raftlog=s1@group-3D81F66BC438-SegmentedRaftLog:OPENED:c10,f11,i11, conf=11: [s0:0.0.0.0:42154, s1:0.0.0.0:36158, s2:0.0.0.0:36910], old=null RUNNING
  s2:  RUNNING CANDIDATE s2@group-3D81F66BC438:t347, leader=null, voted=s2, raftlog=s2@group-3D81F66BC438-SegmentedRaftLog:OPENED:c10,f10,i10, conf=9: [s0:0.0.0.0:42154, s1:0.0.0.0:36158, s2:0.0.0.0:36910], old=null RUNNING
	at org.apache.ratis.MiniRaftCluster.newIllegalStateExceptionForNoLeaders(MiniRaftCluster.java:506)
	at org.apache.ratis.RaftTestUtil.lambda$waitForLeader$1(RaftTestUtil.java:90)
	at org.apache.ratis.MiniRaftCluster.getLeader(MiniRaftCluster.java:539)
	at org.apache.ratis.MiniRaftCluster.getLeader(MiniRaftCluster.java:532)
	at org.apache.ratis.RaftTestUtil.lambda$waitForLeader$3(RaftTestUtil.java:98)
	at org.apache.ratis.util.JavaUtils.attempt(JavaUtils.java:152)
	at org.apache.ratis.RaftTestUtil.waitForLeader(RaftTestUtil.java:97)
	at org.apache.ratis.RaftTestUtil.waitForLeader(RaftTestUtil.java:77)
	at org.apache.ratis.RaftTestUtil.waitForLeader(RaftTestUtil.java:72)
	at org.apache.ratis.RaftTestUtil.lambda$changeLeader$7(RaftTestUtil.java:363)
	at org.apache.ratis.util.JavaUtils.attempt(JavaUtils.java:152)
	at org.apache.ratis.RaftTestUtil.changeLeader(RaftTestUtil.java:362)
	at org.apache.ratis.server.impl.LeaderElectionTests.testChangeLeader(LeaderElectionTests.java:81)
	at sun.reflect.NativeMethodAccessorImpl.invoke0(Native Method)
	at sun.reflect.NativeMethodAccessorImpl.invoke(NativeMethodAccessorImpl.java:62)
	at sun.reflect.DelegatingMethodAccessorImpl.invoke(DelegatingMethodAccessorImpl.java:43)
	at java.lang.reflect.Method.invoke(Method.java:498)
	at org.junit.runners.model.FrameworkMethod$1.runReflectiveCall(FrameworkMethod.java:50)
	at org.junit.internal.runners.model.ReflectiveCallable.run(ReflectiveCallable.java:12)
	at org.junit.runners.model.FrameworkMethod.invokeExplosively(FrameworkMethod.java:47)
	at org.junit.internal.runners.statements.InvokeMethod.evaluate(InvokeMethod.java:17)
	at org.junit.internal.runners.statements.RunAfters.evaluate(RunAfters.java:27)
	at org.junit.internal.runners.statements.FailOnTimeout$CallableStatement.call(FailOnTimeout.java:298)
	at org.junit.internal.runners.statements.FailOnTimeout$CallableStatement.call(FailOnTimeout.java:292)
	at java.util.concurrent.FutureTask.run(FutureTask.java:266)
	at java.lang.Thread.run(Thread.java:748)
2019-09-24 12:00:49,750 INFO  impl.LeaderElection (LeaderElection.java:logAndReturn(56)) - s2@group-3D81F66BC438-LeaderElection132: Election TIMEOUT; received 1 response(s) [s2<-s0#0:FAIL-t347] and 0 exception(s); s2@group-3D81F66BC438:t347, leader=null, voted=s2, raftlog=s2@group-3D81F66BC438-SegmentedRaftLog:OPENED:c10,f10,i10, conf=9: [s0:0.0.0.0:42154, s1:0.0.0.0:36158, s2:0.0.0.0:36910], old=null
2019-09-24 12:00:49,773 INFO  impl.LeaderElection (LeaderElection.java:logAndReturn(56)) - s1@group-3D81F66BC438-LeaderElection133: Election TIMEOUT; received 1 response(s) [s1<-s0#0:FAIL-t347] and 0 exception(s); s1@group-3D81F66BC438:t347, leader=null, voted=s1, raftlog=s1@group-3D81F66BC438-SegmentedRaftLog:OPENED:c10,f11,i11, conf=11: [s0:0.0.0.0:42154, s1:0.0.0.0:36158, s2:0.0.0.0:36910], old=null
2019-09-24 12:00:49,776 INFO  impl.LeaderElection (LeaderElection.java:askForVotes(178)) - s2@group-3D81F66BC438-LeaderElection132: begin an election at term 348 for 9: [s0:0.0.0.0:42154, s1:0.0.0.0:36158, s2:0.0.0.0:36910], old=null
2019-09-24 12:00:49,776 DEBUG impl.RaftServerImpl (RaftServerImpl.java:requestVote(743)) - s0@group-3D81F66BC438: receive requestVote(s2, group-3D81F66BC438, 348, (t:13, i:10))
2019-09-24 12:00:49,776 INFO  impl.RaftServerImpl (RaftServerImpl.java:setRole(170)) - s0@group-3D81F66BC438: changes role from  FOLLOWER to FOLLOWER at term 348 for recognizeCandidate:s2
2019-09-24 12:00:49,777 INFO  impl.RoleInfo (RoleInfo.java:shutdownFollowerState(121)) - s0: shutdown FollowerState
2019-09-24 12:00:49,777 INFO  impl.RoleInfo (RoleInfo.java:updateAndGet(143)) - s0: start FollowerState
2019-09-24 12:00:49,777 INFO  impl.FollowerState (FollowerState.java:run(117)) - s0@group-3D81F66BC438-FollowerState was interrupted: java.lang.InterruptedException: sleep interrupted
2019-09-24 12:00:49,779 INFO  impl.LeaderElection (LeaderElection.java:askForVotes(178)) - s1@group-3D81F66BC438-LeaderElection133: begin an election at term 348 for 11: [s0:0.0.0.0:42154, s1:0.0.0.0:36158, s2:0.0.0.0:36910], old=null
2019-09-24 12:00:49,780 DEBUG impl.RaftServerImpl (RaftServerImpl.java:requestVote(743)) - s0@group-3D81F66BC438: receive requestVote(s1, group-3D81F66BC438, 348, (t:14, i:11))
2019-09-24 12:00:49,791 DEBUG impl.RaftServerImpl (RaftServerImpl.java:requestVote(775)) - s0@group-3D81F66BC438 replies to vote request: s2<-s0#0:FAIL-t348. Peer's state: s0@group-3D81F66BC438:t348, leader=null, voted=null, raftlog=s0@group-3D81F66BC438-SegmentedRaftLog:OPENED:c11,f12,i12, conf=11: [s0:0.0.0.0:42154, s1:0.0.0.0:36158, s2:0.0.0.0:36910], old=null
2019-09-24 12:00:49,792 INFO  impl.RaftServerImpl (RaftServerImpl.java:setRole(170)) - s0@group-3D81F66BC438: changes role from  FOLLOWER to FOLLOWER at term 348 for recognizeCandidate:s1
2019-09-24 12:00:49,792 INFO  impl.RoleInfo (RoleInfo.java:shutdownFollowerState(121)) - s0: shutdown FollowerState
2019-09-24 12:00:49,792 INFO  impl.RoleInfo (RoleInfo.java:updateAndGet(143)) - s0: start FollowerState
2019-09-24 12:00:49,792 INFO  impl.FollowerState (FollowerState.java:run(117)) - s0@group-3D81F66BC438-FollowerState was interrupted: java.lang.InterruptedException: sleep interrupted
2019-09-24 12:00:49,792 DEBUG impl.RaftServerImpl (RaftServerImpl.java:requestVote(775)) - s0@group-3D81F66BC438 replies to vote request: s1<-s0#0:FAIL-t348. Peer's state: s0@group-3D81F66BC438:t348, leader=null, voted=null, raftlog=s0@group-3D81F66BC438-SegmentedRaftLog:OPENED:c11,f12,i12, conf=11: [s0:0.0.0.0:42154, s1:0.0.0.0:36158, s2:0.0.0.0:36910], old=null
2019-09-24 12:00:49,933 INFO  impl.LeaderElection (LeaderElection.java:logAndReturn(56)) - s2@group-3D81F66BC438-LeaderElection132: Election TIMEOUT; received 1 response(s) [s2<-s0#0:FAIL-t348] and 0 exception(s); s2@group-3D81F66BC438:t348, leader=null, voted=s2, raftlog=s2@group-3D81F66BC438-SegmentedRaftLog:OPENED:c10,f10,i10, conf=9: [s0:0.0.0.0:42154, s1:0.0.0.0:36158, s2:0.0.0.0:36910], old=null
2019-09-24 12:00:49,947 INFO  impl.LeaderElection (LeaderElection.java:askForVotes(178)) - s2@group-3D81F66BC438-LeaderElection132: begin an election at term 349 for 9: [s0:0.0.0.0:42154, s1:0.0.0.0:36158, s2:0.0.0.0:36910], old=null
2019-09-24 12:00:49,947 DEBUG impl.RaftServerImpl (RaftServerImpl.java:requestVote(743)) - s0@group-3D81F66BC438: receive requestVote(s2, group-3D81F66BC438, 349, (t:13, i:10))
2019-09-24 12:00:49,947 INFO  impl.RaftServerImpl (RaftServerImpl.java:setRole(170)) - s0@group-3D81F66BC438: changes role from  FOLLOWER to FOLLOWER at term 349 for recognizeCandidate:s2
2019-09-24 12:00:49,948 INFO  impl.RoleInfo (RoleInfo.java:shutdownFollowerState(121)) - s0: shutdown FollowerState
2019-09-24 12:00:49,948 INFO  impl.RoleInfo (RoleInfo.java:updateAndGet(143)) - s0: start FollowerState
2019-09-24 12:00:49,948 INFO  impl.FollowerState (FollowerState.java:run(117)) - s0@group-3D81F66BC438-FollowerState was interrupted: java.lang.InterruptedException: sleep interrupted
2019-09-24 12:00:49,966 DEBUG impl.RaftServerImpl (RaftServerImpl.java:requestVote(775)) - s0@group-3D81F66BC438 replies to vote request: s2<-s0#0:FAIL-t349. Peer's state: s0@group-3D81F66BC438:t349, leader=null, voted=null, raftlog=s0@group-3D81F66BC438-SegmentedRaftLog:OPENED:c11,f12,i12, conf=11: [s0:0.0.0.0:42154, s1:0.0.0.0:36158, s2:0.0.0.0:36910], old=null
2019-09-24 12:00:50,011 INFO  impl.LeaderElection (LeaderElection.java:logAndReturn(56)) - s1@group-3D81F66BC438-LeaderElection133: Election TIMEOUT; received 1 response(s) [s1<-s0#0:FAIL-t348] and 0 exception(s); s1@group-3D81F66BC438:t348, leader=null, voted=s1, raftlog=s1@group-3D81F66BC438-SegmentedRaftLog:OPENED:c10,f11,i11, conf=11: [s0:0.0.0.0:42154, s1:0.0.0.0:36158, s2:0.0.0.0:36910], old=null
2019-09-24 12:00:50,036 INFO  impl.LeaderElection (LeaderElection.java:askForVotes(178)) - s1@group-3D81F66BC438-LeaderElection133: begin an election at term 349 for 11: [s0:0.0.0.0:42154, s1:0.0.0.0:36158, s2:0.0.0.0:36910], old=null
2019-09-24 12:00:50,037 DEBUG impl.RaftServerImpl (RaftServerImpl.java:requestVote(743)) - s0@group-3D81F66BC438: receive requestVote(s1, group-3D81F66BC438, 349, (t:14, i:11))
2019-09-24 12:00:50,037 INFO  impl.RaftServerImpl (RaftServerImpl.java:setRole(170)) - s0@group-3D81F66BC438: changes role from  FOLLOWER to FOLLOWER at term 349 for recognizeCandidate:s1
2019-09-24 12:00:50,037 INFO  impl.RoleInfo (RoleInfo.java:shutdownFollowerState(121)) - s0: shutdown FollowerState
2019-09-24 12:00:50,037 INFO  impl.RoleInfo (RoleInfo.java:updateAndGet(143)) - s0: start FollowerState
2019-09-24 12:00:50,037 INFO  impl.FollowerState (FollowerState.java:run(117)) - s0@group-3D81F66BC438-FollowerState was interrupted: java.lang.InterruptedException: sleep interrupted
2019-09-24 12:00:50,038 DEBUG impl.RaftServerImpl (RaftServerImpl.java:requestVote(775)) - s0@group-3D81F66BC438 replies to vote request: s1<-s0#0:FAIL-t349. Peer's state: s0@group-3D81F66BC438:t349, leader=null, voted=null, raftlog=s0@group-3D81F66BC438-SegmentedRaftLog:OPENED:c11,f12,i12, conf=11: [s0:0.0.0.0:42154, s1:0.0.0.0:36158, s2:0.0.0.0:36910], old=null
2019-09-24 12:00:50,058 WARN  ratis.RaftTestUtil (JavaUtils.java:attempt(158)) - FAILED "waitForLeader-null-(expectLeader? true)", attempt #75/100: java.lang.IllegalStateException: No leader yet : printing ALL groups
  s0:  RUNNING  FOLLOWER s0@group-3D81F66BC438:t349, leader=null, voted=null, raftlog=s0@group-3D81F66BC438-SegmentedRaftLog:OPENED:c11,f12,i12, conf=11: [s0:0.0.0.0:42154, s1:0.0.0.0:36158, s2:0.0.0.0:36910], old=null RUNNING
  s1:  RUNNING CANDIDATE s1@group-3D81F66BC438:t349, leader=null, voted=s1, raftlog=s1@group-3D81F66BC438-SegmentedRaftLog:OPENED:c10,f11,i11, conf=11: [s0:0.0.0.0:42154, s1:0.0.0.0:36158, s2:0.0.0.0:36910], old=null RUNNING
  s2:  RUNNING CANDIDATE s2@group-3D81F66BC438:t349, leader=null, voted=s2, raftlog=s2@group-3D81F66BC438-SegmentedRaftLog:OPENED:c10,f10,i10, conf=9: [s0:0.0.0.0:42154, s1:0.0.0.0:36158, s2:0.0.0.0:36910], old=null RUNNING, sleep 450ms and then retry.
java.lang.IllegalStateException: No leader yet : printing ALL groups
  s0:  RUNNING  FOLLOWER s0@group-3D81F66BC438:t349, leader=null, voted=null, raftlog=s0@group-3D81F66BC438-SegmentedRaftLog:OPENED:c11,f12,i12, conf=11: [s0:0.0.0.0:42154, s1:0.0.0.0:36158, s2:0.0.0.0:36910], old=null RUNNING
  s1:  RUNNING CANDIDATE s1@group-3D81F66BC438:t349, leader=null, voted=s1, raftlog=s1@group-3D81F66BC438-SegmentedRaftLog:OPENED:c10,f11,i11, conf=11: [s0:0.0.0.0:42154, s1:0.0.0.0:36158, s2:0.0.0.0:36910], old=null RUNNING
  s2:  RUNNING CANDIDATE s2@group-3D81F66BC438:t349, leader=null, voted=s2, raftlog=s2@group-3D81F66BC438-SegmentedRaftLog:OPENED:c10,f10,i10, conf=9: [s0:0.0.0.0:42154, s1:0.0.0.0:36158, s2:0.0.0.0:36910], old=null RUNNING
	at org.apache.ratis.MiniRaftCluster.newIllegalStateExceptionForNoLeaders(MiniRaftCluster.java:506)
	at org.apache.ratis.RaftTestUtil.lambda$waitForLeader$1(RaftTestUtil.java:90)
	at org.apache.ratis.MiniRaftCluster.getLeader(MiniRaftCluster.java:539)
	at org.apache.ratis.MiniRaftCluster.getLeader(MiniRaftCluster.java:532)
	at org.apache.ratis.RaftTestUtil.lambda$waitForLeader$3(RaftTestUtil.java:98)
	at org.apache.ratis.util.JavaUtils.attempt(JavaUtils.java:152)
	at org.apache.ratis.RaftTestUtil.waitForLeader(RaftTestUtil.java:97)
	at org.apache.ratis.RaftTestUtil.waitForLeader(RaftTestUtil.java:77)
	at org.apache.ratis.RaftTestUtil.waitForLeader(RaftTestUtil.java:72)
	at org.apache.ratis.RaftTestUtil.lambda$changeLeader$7(RaftTestUtil.java:363)
	at org.apache.ratis.util.JavaUtils.attempt(JavaUtils.java:152)
	at org.apache.ratis.RaftTestUtil.changeLeader(RaftTestUtil.java:362)
	at org.apache.ratis.server.impl.LeaderElectionTests.testChangeLeader(LeaderElectionTests.java:81)
	at sun.reflect.NativeMethodAccessorImpl.invoke0(Native Method)
	at sun.reflect.NativeMethodAccessorImpl.invoke(NativeMethodAccessorImpl.java:62)
	at sun.reflect.DelegatingMethodAccessorImpl.invoke(DelegatingMethodAccessorImpl.java:43)
	at java.lang.reflect.Method.invoke(Method.java:498)
	at org.junit.runners.model.FrameworkMethod$1.runReflectiveCall(FrameworkMethod.java:50)
	at org.junit.internal.runners.model.ReflectiveCallable.run(ReflectiveCallable.java:12)
	at org.junit.runners.model.FrameworkMethod.invokeExplosively(FrameworkMethod.java:47)
	at org.junit.internal.runners.statements.InvokeMethod.evaluate(InvokeMethod.java:17)
	at org.junit.internal.runners.statements.RunAfters.evaluate(RunAfters.java:27)
	at org.junit.internal.runners.statements.FailOnTimeout$CallableStatement.call(FailOnTimeout.java:298)
	at org.junit.internal.runners.statements.FailOnTimeout$CallableStatement.call(FailOnTimeout.java:292)
	at java.util.concurrent.FutureTask.run(FutureTask.java:266)
	at java.lang.Thread.run(Thread.java:748)
2019-09-24 12:00:50,159 INFO  impl.LeaderElection (LeaderElection.java:logAndReturn(56)) - s2@group-3D81F66BC438-LeaderElection132: Election TIMEOUT; received 1 response(s) [s2<-s0#0:FAIL-t349] and 0 exception(s); s2@group-3D81F66BC438:t349, leader=null, voted=s2, raftlog=s2@group-3D81F66BC438-SegmentedRaftLog:OPENED:c10,f10,i10, conf=9: [s0:0.0.0.0:42154, s1:0.0.0.0:36158, s2:0.0.0.0:36910], old=null
2019-09-24 12:00:50,173 INFO  impl.LeaderElection (LeaderElection.java:askForVotes(178)) - s2@group-3D81F66BC438-LeaderElection132: begin an election at term 350 for 9: [s0:0.0.0.0:42154, s1:0.0.0.0:36158, s2:0.0.0.0:36910], old=null
2019-09-24 12:00:50,173 DEBUG impl.RaftServerImpl (RaftServerImpl.java:requestVote(743)) - s0@group-3D81F66BC438: receive requestVote(s2, group-3D81F66BC438, 350, (t:13, i:10))
2019-09-24 12:00:50,173 INFO  impl.RaftServerImpl (RaftServerImpl.java:setRole(170)) - s0@group-3D81F66BC438: changes role from  FOLLOWER to FOLLOWER at term 350 for recognizeCandidate:s2
2019-09-24 12:00:50,173 INFO  impl.RoleInfo (RoleInfo.java:shutdownFollowerState(121)) - s0: shutdown FollowerState
2019-09-24 12:00:50,174 INFO  impl.RoleInfo (RoleInfo.java:updateAndGet(143)) - s0: start FollowerState
2019-09-24 12:00:50,174 INFO  impl.FollowerState (FollowerState.java:run(117)) - s0@group-3D81F66BC438-FollowerState was interrupted: java.lang.InterruptedException: sleep interrupted
2019-09-24 12:00:50,196 DEBUG impl.RaftServerImpl (RaftServerImpl.java:requestVote(775)) - s0@group-3D81F66BC438 replies to vote request: s2<-s0#0:FAIL-t350. Peer's state: s0@group-3D81F66BC438:t350, leader=null, voted=null, raftlog=s0@group-3D81F66BC438-SegmentedRaftLog:OPENED:c11,f12,i12, conf=11: [s0:0.0.0.0:42154, s1:0.0.0.0:36158, s2:0.0.0.0:36910], old=null
2019-09-24 12:00:50,201 INFO  impl.LeaderElection (LeaderElection.java:logAndReturn(56)) - s1@group-3D81F66BC438-LeaderElection133: Election TIMEOUT; received 1 response(s) [s1<-s0#0:FAIL-t349] and 0 exception(s); s1@group-3D81F66BC438:t349, leader=null, voted=s1, raftlog=s1@group-3D81F66BC438-SegmentedRaftLog:OPENED:c10,f11,i11, conf=11: [s0:0.0.0.0:42154, s1:0.0.0.0:36158, s2:0.0.0.0:36910], old=null
2019-09-24 12:00:50,214 INFO  impl.LeaderElection (LeaderElection.java:askForVotes(178)) - s1@group-3D81F66BC438-LeaderElection133: begin an election at term 350 for 11: [s0:0.0.0.0:42154, s1:0.0.0.0:36158, s2:0.0.0.0:36910], old=null
2019-09-24 12:00:50,214 DEBUG impl.RaftServerImpl (RaftServerImpl.java:requestVote(743)) - s0@group-3D81F66BC438: receive requestVote(s1, group-3D81F66BC438, 350, (t:14, i:11))
2019-09-24 12:00:50,214 INFO  impl.RaftServerImpl (RaftServerImpl.java:setRole(170)) - s0@group-3D81F66BC438: changes role from  FOLLOWER to FOLLOWER at term 350 for recognizeCandidate:s1
2019-09-24 12:00:50,215 INFO  impl.RoleInfo (RoleInfo.java:shutdownFollowerState(121)) - s0: shutdown FollowerState
2019-09-24 12:00:50,215 INFO  impl.RoleInfo (RoleInfo.java:updateAndGet(143)) - s0: start FollowerState
2019-09-24 12:00:50,215 INFO  impl.FollowerState (FollowerState.java:run(117)) - s0@group-3D81F66BC438-FollowerState was interrupted: java.lang.InterruptedException: sleep interrupted
2019-09-24 12:00:50,215 DEBUG impl.RaftServerImpl (RaftServerImpl.java:requestVote(775)) - s0@group-3D81F66BC438 replies to vote request: s1<-s0#0:FAIL-t350. Peer's state: s0@group-3D81F66BC438:t350, leader=null, voted=null, raftlog=s0@group-3D81F66BC438-SegmentedRaftLog:OPENED:c11,f12,i12, conf=11: [s0:0.0.0.0:42154, s1:0.0.0.0:36158, s2:0.0.0.0:36910], old=null
2019-09-24 12:00:50,367 INFO  impl.LeaderElection (LeaderElection.java:logAndReturn(56)) - s1@group-3D81F66BC438-LeaderElection133: Election TIMEOUT; received 1 response(s) [s1<-s0#0:FAIL-t350] and 0 exception(s); s1@group-3D81F66BC438:t350, leader=null, voted=s1, raftlog=s1@group-3D81F66BC438-SegmentedRaftLog:OPENED:c10,f11,i11, conf=11: [s0:0.0.0.0:42154, s1:0.0.0.0:36158, s2:0.0.0.0:36910], old=null
2019-09-24 12:00:50,375 INFO  impl.LeaderElection (LeaderElection.java:logAndReturn(56)) - s2@group-3D81F66BC438-LeaderElection132: Election TIMEOUT; received 1 response(s) [s2<-s0#0:FAIL-t350] and 0 exception(s); s2@group-3D81F66BC438:t350, leader=null, voted=s2, raftlog=s2@group-3D81F66BC438-SegmentedRaftLog:OPENED:c10,f10,i10, conf=9: [s0:0.0.0.0:42154, s1:0.0.0.0:36158, s2:0.0.0.0:36910], old=null
2019-09-24 12:00:50,381 INFO  impl.LeaderElection (LeaderElection.java:askForVotes(178)) - s1@group-3D81F66BC438-LeaderElection133: begin an election at term 351 for 11: [s0:0.0.0.0:42154, s1:0.0.0.0:36158, s2:0.0.0.0:36910], old=null
2019-09-24 12:00:50,381 INFO  impl.LeaderElection (LeaderElection.java:askForVotes(178)) - s2@group-3D81F66BC438-LeaderElection132: begin an election at term 351 for 9: [s0:0.0.0.0:42154, s1:0.0.0.0:36158, s2:0.0.0.0:36910], old=null
2019-09-24 12:00:50,382 DEBUG impl.RaftServerImpl (RaftServerImpl.java:requestVote(743)) - s0@group-3D81F66BC438: receive requestVote(s1, group-3D81F66BC438, 351, (t:14, i:11))
2019-09-24 12:00:50,382 INFO  impl.RaftServerImpl (RaftServerImpl.java:setRole(170)) - s0@group-3D81F66BC438: changes role from  FOLLOWER to FOLLOWER at term 351 for recognizeCandidate:s1
2019-09-24 12:00:50,382 DEBUG impl.RaftServerImpl (RaftServerImpl.java:requestVote(743)) - s0@group-3D81F66BC438: receive requestVote(s2, group-3D81F66BC438, 351, (t:13, i:10))
2019-09-24 12:00:50,382 INFO  impl.RoleInfo (RoleInfo.java:shutdownFollowerState(121)) - s0: shutdown FollowerState
2019-09-24 12:00:50,383 INFO  impl.RoleInfo (RoleInfo.java:updateAndGet(143)) - s0: start FollowerState
2019-09-24 12:00:50,383 INFO  impl.FollowerState (FollowerState.java:run(117)) - s0@group-3D81F66BC438-FollowerState was interrupted: java.lang.InterruptedException: sleep interrupted
2019-09-24 12:00:50,408 DEBUG impl.RaftServerImpl (RaftServerImpl.java:requestVote(775)) - s0@group-3D81F66BC438 replies to vote request: s1<-s0#0:FAIL-t351. Peer's state: s0@group-3D81F66BC438:t351, leader=null, voted=null, raftlog=s0@group-3D81F66BC438-SegmentedRaftLog:OPENED:c11,f12,i12, conf=11: [s0:0.0.0.0:42154, s1:0.0.0.0:36158, s2:0.0.0.0:36910], old=null
2019-09-24 12:00:50,408 INFO  impl.RaftServerImpl (RaftServerImpl.java:setRole(170)) - s0@group-3D81F66BC438: changes role from  FOLLOWER to FOLLOWER at term 351 for recognizeCandidate:s2
2019-09-24 12:00:50,409 INFO  impl.RoleInfo (RoleInfo.java:shutdownFollowerState(121)) - s0: shutdown FollowerState
2019-09-24 12:00:50,409 INFO  impl.RoleInfo (RoleInfo.java:updateAndGet(143)) - s0: start FollowerState
2019-09-24 12:00:50,409 INFO  impl.FollowerState (FollowerState.java:run(117)) - s0@group-3D81F66BC438-FollowerState was interrupted: java.lang.InterruptedException: sleep interrupted
2019-09-24 12:00:50,409 DEBUG impl.RaftServerImpl (RaftServerImpl.java:requestVote(775)) - s0@group-3D81F66BC438 replies to vote request: s2<-s0#0:FAIL-t351. Peer's state: s0@group-3D81F66BC438:t351, leader=null, voted=null, raftlog=s0@group-3D81F66BC438-SegmentedRaftLog:OPENED:c11,f12,i12, conf=11: [s0:0.0.0.0:42154, s1:0.0.0.0:36158, s2:0.0.0.0:36910], old=null
2019-09-24 12:00:50,509 WARN  ratis.RaftTestUtil (JavaUtils.java:attempt(158)) - FAILED "waitForLeader-null-(expectLeader? true)", attempt #76/100: java.lang.IllegalStateException: No leader yet : printing ALL groups
  s0:  RUNNING  FOLLOWER s0@group-3D81F66BC438:t351, leader=null, voted=null, raftlog=s0@group-3D81F66BC438-SegmentedRaftLog:OPENED:c11,f12,i12, conf=11: [s0:0.0.0.0:42154, s1:0.0.0.0:36158, s2:0.0.0.0:36910], old=null RUNNING
  s1:  RUNNING CANDIDATE s1@group-3D81F66BC438:t351, leader=null, voted=s1, raftlog=s1@group-3D81F66BC438-SegmentedRaftLog:OPENED:c10,f11,i11, conf=11: [s0:0.0.0.0:42154, s1:0.0.0.0:36158, s2:0.0.0.0:36910], old=null RUNNING
  s2:  RUNNING CANDIDATE s2@group-3D81F66BC438:t351, leader=null, voted=s2, raftlog=s2@group-3D81F66BC438-SegmentedRaftLog:OPENED:c10,f10,i10, conf=9: [s0:0.0.0.0:42154, s1:0.0.0.0:36158, s2:0.0.0.0:36910], old=null RUNNING, sleep 450ms and then retry.
java.lang.IllegalStateException: No leader yet : printing ALL groups
  s0:  RUNNING  FOLLOWER s0@group-3D81F66BC438:t351, leader=null, voted=null, raftlog=s0@group-3D81F66BC438-SegmentedRaftLog:OPENED:c11,f12,i12, conf=11: [s0:0.0.0.0:42154, s1:0.0.0.0:36158, s2:0.0.0.0:36910], old=null RUNNING
  s1:  RUNNING CANDIDATE s1@group-3D81F66BC438:t351, leader=null, voted=s1, raftlog=s1@group-3D81F66BC438-SegmentedRaftLog:OPENED:c10,f11,i11, conf=11: [s0:0.0.0.0:42154, s1:0.0.0.0:36158, s2:0.0.0.0:36910], old=null RUNNING
  s2:  RUNNING CANDIDATE s2@group-3D81F66BC438:t351, leader=null, voted=s2, raftlog=s2@group-3D81F66BC438-SegmentedRaftLog:OPENED:c10,f10,i10, conf=9: [s0:0.0.0.0:42154, s1:0.0.0.0:36158, s2:0.0.0.0:36910], old=null RUNNING
	at org.apache.ratis.MiniRaftCluster.newIllegalStateExceptionForNoLeaders(MiniRaftCluster.java:506)
	at org.apache.ratis.RaftTestUtil.lambda$waitForLeader$1(RaftTestUtil.java:90)
	at org.apache.ratis.MiniRaftCluster.getLeader(MiniRaftCluster.java:539)
	at org.apache.ratis.MiniRaftCluster.getLeader(MiniRaftCluster.java:532)
	at org.apache.ratis.RaftTestUtil.lambda$waitForLeader$3(RaftTestUtil.java:98)
	at org.apache.ratis.util.JavaUtils.attempt(JavaUtils.java:152)
	at org.apache.ratis.RaftTestUtil.waitForLeader(RaftTestUtil.java:97)
	at org.apache.ratis.RaftTestUtil.waitForLeader(RaftTestUtil.java:77)
	at org.apache.ratis.RaftTestUtil.waitForLeader(RaftTestUtil.java:72)
	at org.apache.ratis.RaftTestUtil.lambda$changeLeader$7(RaftTestUtil.java:363)
	at org.apache.ratis.util.JavaUtils.attempt(JavaUtils.java:152)
	at org.apache.ratis.RaftTestUtil.changeLeader(RaftTestUtil.java:362)
	at org.apache.ratis.server.impl.LeaderElectionTests.testChangeLeader(LeaderElectionTests.java:81)
	at sun.reflect.NativeMethodAccessorImpl.invoke0(Native Method)
	at sun.reflect.NativeMethodAccessorImpl.invoke(NativeMethodAccessorImpl.java:62)
	at sun.reflect.DelegatingMethodAccessorImpl.invoke(DelegatingMethodAccessorImpl.java:43)
	at java.lang.reflect.Method.invoke(Method.java:498)
	at org.junit.runners.model.FrameworkMethod$1.runReflectiveCall(FrameworkMethod.java:50)
	at org.junit.internal.runners.model.ReflectiveCallable.run(ReflectiveCallable.java:12)
	at org.junit.runners.model.FrameworkMethod.invokeExplosively(FrameworkMethod.java:47)
	at org.junit.internal.runners.statements.InvokeMethod.evaluate(InvokeMethod.java:17)
	at org.junit.internal.runners.statements.RunAfters.evaluate(RunAfters.java:27)
	at org.junit.internal.runners.statements.FailOnTimeout$CallableStatement.call(FailOnTimeout.java:298)
	at org.junit.internal.runners.statements.FailOnTimeout$CallableStatement.call(FailOnTimeout.java:292)
	at java.util.concurrent.FutureTask.run(FutureTask.java:266)
	at java.lang.Thread.run(Thread.java:748)
2019-09-24 12:00:50,578 INFO  impl.FollowerState (FollowerState.java:run(108)) - s0@group-3D81F66BC438-FollowerState: change to CANDIDATE, lastRpcTime:169ms, electionTimeout:169ms
2019-09-24 12:00:50,578 INFO  impl.LeaderElection (LeaderElection.java:logAndReturn(56)) - s2@group-3D81F66BC438-LeaderElection132: Election TIMEOUT; received 1 response(s) [s2<-s0#0:FAIL-t351] and 0 exception(s); s2@group-3D81F66BC438:t351, leader=null, voted=s2, raftlog=s2@group-3D81F66BC438-SegmentedRaftLog:OPENED:c10,f10,i10, conf=9: [s0:0.0.0.0:42154, s1:0.0.0.0:36158, s2:0.0.0.0:36910], old=null
2019-09-24 12:00:50,578 INFO  impl.RoleInfo (RoleInfo.java:shutdownFollowerState(121)) - s0: shutdown FollowerState
2019-09-24 12:00:50,579 INFO  impl.RaftServerImpl (RaftServerImpl.java:setRole(170)) - s0@group-3D81F66BC438: changes role from  FOLLOWER to CANDIDATE at term 351 for changeToCandidate
2019-09-24 12:00:50,579 INFO  impl.RoleInfo (RoleInfo.java:updateAndGet(143)) - s0: start LeaderElection
2019-09-24 12:00:50,592 INFO  impl.LeaderElection (LeaderElection.java:askForVotes(178)) - s0@group-3D81F66BC438-LeaderElection136: begin an election at term 352 for 11: [s0:0.0.0.0:42154, s1:0.0.0.0:36158, s2:0.0.0.0:36910], old=null
2019-09-24 12:00:50,592 INFO  impl.LeaderElection (LeaderElection.java:askForVotes(178)) - s2@group-3D81F66BC438-LeaderElection132: begin an election at term 352 for 9: [s0:0.0.0.0:42154, s1:0.0.0.0:36158, s2:0.0.0.0:36910], old=null
2019-09-24 12:00:50,593 DEBUG impl.RaftServerImpl (RaftServerImpl.java:requestVote(743)) - s0@group-3D81F66BC438: receive requestVote(s2, group-3D81F66BC438, 352, (t:13, i:10))
2019-09-24 12:00:50,593 DEBUG impl.RaftServerImpl (RaftServerImpl.java:requestVote(775)) - s0@group-3D81F66BC438 replies to vote request: s2<-s0#0:FAIL-t352. Peer's state: s0@group-3D81F66BC438:t352, leader=null, voted=s0, raftlog=s0@group-3D81F66BC438-SegmentedRaftLog:OPENED:c11,f12,i12, conf=11: [s0:0.0.0.0:42154, s1:0.0.0.0:36158, s2:0.0.0.0:36910], old=null
2019-09-24 12:00:50,680 INFO  impl.LeaderElection (LeaderElection.java:logAndReturn(56)) - s1@group-3D81F66BC438-LeaderElection133: Election TIMEOUT; received 1 response(s) [s1<-s0#0:FAIL-t351] and 0 exception(s); s1@group-3D81F66BC438:t351, leader=null, voted=s1, raftlog=s1@group-3D81F66BC438-SegmentedRaftLog:OPENED:c10,f11,i11, conf=11: [s0:0.0.0.0:42154, s1:0.0.0.0:36158, s2:0.0.0.0:36910], old=null
2019-09-24 12:00:50,706 INFO  impl.LeaderElection (LeaderElection.java:askForVotes(178)) - s1@group-3D81F66BC438-LeaderElection133: begin an election at term 352 for 11: [s0:0.0.0.0:42154, s1:0.0.0.0:36158, s2:0.0.0.0:36910], old=null
2019-09-24 12:00:50,706 DEBUG impl.RaftServerImpl (RaftServerImpl.java:requestVote(743)) - s0@group-3D81F66BC438: receive requestVote(s1, group-3D81F66BC438, 352, (t:14, i:11))
2019-09-24 12:00:50,706 DEBUG impl.RaftServerImpl (RaftServerImpl.java:requestVote(775)) - s0@group-3D81F66BC438 replies to vote request: s1<-s0#0:FAIL-t352. Peer's state: s0@group-3D81F66BC438:t352, leader=null, voted=s0, raftlog=s0@group-3D81F66BC438-SegmentedRaftLog:OPENED:c11,f12,i12, conf=11: [s0:0.0.0.0:42154, s1:0.0.0.0:36158, s2:0.0.0.0:36910], old=null
2019-09-24 12:00:50,768 INFO  impl.LeaderElection (LeaderElection.java:logAndReturn(56)) - s2@group-3D81F66BC438-LeaderElection132: Election TIMEOUT; received 1 response(s) [s2<-s0#0:FAIL-t352] and 0 exception(s); s2@group-3D81F66BC438:t352, leader=null, voted=s2, raftlog=s2@group-3D81F66BC438-SegmentedRaftLog:OPENED:c10,f10,i10, conf=9: [s0:0.0.0.0:42154, s1:0.0.0.0:36158, s2:0.0.0.0:36910], old=null
2019-09-24 12:00:50,781 INFO  impl.LeaderElection (LeaderElection.java:askForVotes(178)) - s2@group-3D81F66BC438-LeaderElection132: begin an election at term 353 for 9: [s0:0.0.0.0:42154, s1:0.0.0.0:36158, s2:0.0.0.0:36910], old=null
2019-09-24 12:00:50,782 DEBUG impl.RaftServerImpl (RaftServerImpl.java:requestVote(743)) - s0@group-3D81F66BC438: receive requestVote(s2, group-3D81F66BC438, 353, (t:13, i:10))
2019-09-24 12:00:50,782 INFO  impl.RaftServerImpl (RaftServerImpl.java:setRole(170)) - s0@group-3D81F66BC438: changes role from CANDIDATE to FOLLOWER at term 353 for recognizeCandidate:s2
2019-09-24 12:00:50,782 INFO  impl.RoleInfo (RoleInfo.java:shutdownLeaderElection(134)) - s0: shutdown LeaderElection
2019-09-24 12:00:50,782 INFO  impl.RoleInfo (RoleInfo.java:updateAndGet(143)) - s0: start FollowerState
2019-09-24 12:00:50,798 DEBUG impl.RaftServerImpl (RaftServerImpl.java:requestVote(775)) - s0@group-3D81F66BC438 replies to vote request: s2<-s0#0:FAIL-t353. Peer's state: s0@group-3D81F66BC438:t353, leader=null, voted=null, raftlog=s0@group-3D81F66BC438-SegmentedRaftLog:OPENED:c11,f12,i12, conf=11: [s0:0.0.0.0:42154, s1:0.0.0.0:36158, s2:0.0.0.0:36910], old=null
2019-09-24 12:00:50,871 INFO  impl.LeaderElection (LeaderElection.java:logAndReturn(56)) - s0@group-3D81F66BC438-LeaderElection136: Election REJECTED; received 0 response(s) [] and 0 exception(s); s0@group-3D81F66BC438:t353, leader=null, voted=null, raftlog=s0@group-3D81F66BC438-SegmentedRaftLog:OPENED:c11,f12,i12, conf=11: [s0:0.0.0.0:42154, s1:0.0.0.0:36158, s2:0.0.0.0:36910], old=null
2019-09-24 12:00:50,930 INFO  impl.LeaderElection (LeaderElection.java:logAndReturn(56)) - s1@group-3D81F66BC438-LeaderElection133: Election TIMEOUT; received 1 response(s) [s1<-s0#0:FAIL-t352] and 0 exception(s); s1@group-3D81F66BC438:t352, leader=null, voted=s1, raftlog=s1@group-3D81F66BC438-SegmentedRaftLog:OPENED:c10,f11,i11, conf=11: [s0:0.0.0.0:42154, s1:0.0.0.0:36158, s2:0.0.0.0:36910], old=null
2019-09-24 12:00:50,938 INFO  impl.LeaderElection (LeaderElection.java:logAndReturn(56)) - s2@group-3D81F66BC438-LeaderElection132: Election TIMEOUT; received 1 response(s) [s2<-s0#0:FAIL-t353] and 0 exception(s); s2@group-3D81F66BC438:t353, leader=null, voted=s2, raftlog=s2@group-3D81F66BC438-SegmentedRaftLog:OPENED:c10,f10,i10, conf=9: [s0:0.0.0.0:42154, s1:0.0.0.0:36158, s2:0.0.0.0:36910], old=null
2019-09-24 12:00:50,944 INFO  impl.LeaderElection (LeaderElection.java:askForVotes(178)) - s1@group-3D81F66BC438-LeaderElection133: begin an election at term 353 for 11: [s0:0.0.0.0:42154, s1:0.0.0.0:36158, s2:0.0.0.0:36910], old=null
2019-09-24 12:00:50,944 INFO  impl.LeaderElection (LeaderElection.java:askForVotes(178)) - s2@group-3D81F66BC438-LeaderElection132: begin an election at term 354 for 9: [s0:0.0.0.0:42154, s1:0.0.0.0:36158, s2:0.0.0.0:36910], old=null
2019-09-24 12:00:50,945 DEBUG impl.RaftServerImpl (RaftServerImpl.java:requestVote(743)) - s0@group-3D81F66BC438: receive requestVote(s1, group-3D81F66BC438, 353, (t:14, i:11))
2019-09-24 12:00:50,945 INFO  impl.RaftServerImpl (RaftServerImpl.java:setRole(170)) - s0@group-3D81F66BC438: changes role from  FOLLOWER to FOLLOWER at term 353 for recognizeCandidate:s1
2019-09-24 12:00:50,945 DEBUG impl.RaftServerImpl (RaftServerImpl.java:requestVote(743)) - s0@group-3D81F66BC438: receive requestVote(s2, group-3D81F66BC438, 354, (t:13, i:10))
2019-09-24 12:00:50,945 INFO  impl.RoleInfo (RoleInfo.java:shutdownFollowerState(121)) - s0: shutdown FollowerState
2019-09-24 12:00:50,946 INFO  impl.RoleInfo (RoleInfo.java:updateAndGet(143)) - s0: start FollowerState
2019-09-24 12:00:50,946 INFO  impl.FollowerState (FollowerState.java:run(117)) - s0@group-3D81F66BC438-FollowerState was interrupted: java.lang.InterruptedException: sleep interrupted
2019-09-24 12:00:50,946 DEBUG impl.RaftServerImpl (RaftServerImpl.java:requestVote(775)) - s0@group-3D81F66BC438 replies to vote request: s1<-s0#0:FAIL-t353. Peer's state: s0@group-3D81F66BC438:t353, leader=null, voted=null, raftlog=s0@group-3D81F66BC438-SegmentedRaftLog:OPENED:c11,f12,i12, conf=11: [s0:0.0.0.0:42154, s1:0.0.0.0:36158, s2:0.0.0.0:36910], old=null
2019-09-24 12:00:50,946 INFO  impl.RaftServerImpl (RaftServerImpl.java:setRole(170)) - s0@group-3D81F66BC438: changes role from  FOLLOWER to FOLLOWER at term 354 for recognizeCandidate:s2
2019-09-24 12:00:50,946 INFO  impl.RoleInfo (RoleInfo.java:shutdownFollowerState(121)) - s0: shutdown FollowerState
2019-09-24 12:00:50,946 INFO  impl.RoleInfo (RoleInfo.java:updateAndGet(143)) - s0: start FollowerState
2019-09-24 12:00:50,947 INFO  impl.FollowerState (FollowerState.java:run(117)) - s0@group-3D81F66BC438-FollowerState was interrupted: java.lang.InterruptedException: sleep interrupted
2019-09-24 12:00:50,960 DEBUG impl.RaftServerImpl (RaftServerImpl.java:requestVote(775)) - s0@group-3D81F66BC438 replies to vote request: s2<-s0#0:FAIL-t354. Peer's state: s0@group-3D81F66BC438:t354, leader=null, voted=null, raftlog=s0@group-3D81F66BC438-SegmentedRaftLog:OPENED:c11,f12,i12, conf=11: [s0:0.0.0.0:42154, s1:0.0.0.0:36158, s2:0.0.0.0:36910], old=null
2019-09-24 12:00:50,960 WARN  ratis.RaftTestUtil (JavaUtils.java:attempt(158)) - FAILED "waitForLeader-null-(expectLeader? true)", attempt #77/100: java.lang.IllegalStateException: No leader yet : printing ALL groups
  s0:  RUNNING  FOLLOWER s0@group-3D81F66BC438:t354, leader=null, voted=null, raftlog=s0@group-3D81F66BC438-SegmentedRaftLog:OPENED:c11,f12,i12, conf=11: [s0:0.0.0.0:42154, s1:0.0.0.0:36158, s2:0.0.0.0:36910], old=null RUNNING
  s1:  RUNNING CANDIDATE s1@group-3D81F66BC438:t353, leader=null, voted=s1, raftlog=s1@group-3D81F66BC438-SegmentedRaftLog:OPENED:c10,f11,i11, conf=11: [s0:0.0.0.0:42154, s1:0.0.0.0:36158, s2:0.0.0.0:36910], old=null RUNNING
  s2:  RUNNING CANDIDATE s2@group-3D81F66BC438:t354, leader=null, voted=s2, raftlog=s2@group-3D81F66BC438-SegmentedRaftLog:OPENED:c10,f10,i10, conf=9: [s0:0.0.0.0:42154, s1:0.0.0.0:36158, s2:0.0.0.0:36910], old=null RUNNING, sleep 450ms and then retry.
java.lang.IllegalStateException: No leader yet : printing ALL groups
  s0:  RUNNING  FOLLOWER s0@group-3D81F66BC438:t354, leader=null, voted=null, raftlog=s0@group-3D81F66BC438-SegmentedRaftLog:OPENED:c11,f12,i12, conf=11: [s0:0.0.0.0:42154, s1:0.0.0.0:36158, s2:0.0.0.0:36910], old=null RUNNING
  s1:  RUNNING CANDIDATE s1@group-3D81F66BC438:t353, leader=null, voted=s1, raftlog=s1@group-3D81F66BC438-SegmentedRaftLog:OPENED:c10,f11,i11, conf=11: [s0:0.0.0.0:42154, s1:0.0.0.0:36158, s2:0.0.0.0:36910], old=null RUNNING
  s2:  RUNNING CANDIDATE s2@group-3D81F66BC438:t354, leader=null, voted=s2, raftlog=s2@group-3D81F66BC438-SegmentedRaftLog:OPENED:c10,f10,i10, conf=9: [s0:0.0.0.0:42154, s1:0.0.0.0:36158, s2:0.0.0.0:36910], old=null RUNNING
	at org.apache.ratis.MiniRaftCluster.newIllegalStateExceptionForNoLeaders(MiniRaftCluster.java:506)
	at org.apache.ratis.RaftTestUtil.lambda$waitForLeader$1(RaftTestUtil.java:90)
	at org.apache.ratis.MiniRaftCluster.getLeader(MiniRaftCluster.java:539)
	at org.apache.ratis.MiniRaftCluster.getLeader(MiniRaftCluster.java:532)
	at org.apache.ratis.RaftTestUtil.lambda$waitForLeader$3(RaftTestUtil.java:98)
	at org.apache.ratis.util.JavaUtils.attempt(JavaUtils.java:152)
	at org.apache.ratis.RaftTestUtil.waitForLeader(RaftTestUtil.java:97)
	at org.apache.ratis.RaftTestUtil.waitForLeader(RaftTestUtil.java:77)
	at org.apache.ratis.RaftTestUtil.waitForLeader(RaftTestUtil.java:72)
	at org.apache.ratis.RaftTestUtil.lambda$changeLeader$7(RaftTestUtil.java:363)
	at org.apache.ratis.util.JavaUtils.attempt(JavaUtils.java:152)
	at org.apache.ratis.RaftTestUtil.changeLeader(RaftTestUtil.java:362)
	at org.apache.ratis.server.impl.LeaderElectionTests.testChangeLeader(LeaderElectionTests.java:81)
	at sun.reflect.NativeMethodAccessorImpl.invoke0(Native Method)
	at sun.reflect.NativeMethodAccessorImpl.invoke(NativeMethodAccessorImpl.java:62)
	at sun.reflect.DelegatingMethodAccessorImpl.invoke(DelegatingMethodAccessorImpl.java:43)
	at java.lang.reflect.Method.invoke(Method.java:498)
	at org.junit.runners.model.FrameworkMethod$1.runReflectiveCall(FrameworkMethod.java:50)
	at org.junit.internal.runners.model.ReflectiveCallable.run(ReflectiveCallable.java:12)
	at org.junit.runners.model.FrameworkMethod.invokeExplosively(FrameworkMethod.java:47)
	at org.junit.internal.runners.statements.InvokeMethod.evaluate(InvokeMethod.java:17)
	at org.junit.internal.runners.statements.RunAfters.evaluate(RunAfters.java:27)
	at org.junit.internal.runners.statements.FailOnTimeout$CallableStatement.call(FailOnTimeout.java:298)
	at org.junit.internal.runners.statements.FailOnTimeout$CallableStatement.call(FailOnTimeout.java:292)
	at java.util.concurrent.FutureTask.run(FutureTask.java:266)
	at java.lang.Thread.run(Thread.java:748)
2019-09-24 12:00:51,117 INFO  impl.FollowerState (FollowerState.java:run(108)) - s0@group-3D81F66BC438-FollowerState: change to CANDIDATE, lastRpcTime:170ms, electionTimeout:170ms
2019-09-24 12:00:51,117 INFO  impl.RoleInfo (RoleInfo.java:shutdownFollowerState(121)) - s0: shutdown FollowerState
2019-09-24 12:00:51,117 INFO  impl.RaftServerImpl (RaftServerImpl.java:setRole(170)) - s0@group-3D81F66BC438: changes role from  FOLLOWER to CANDIDATE at term 354 for changeToCandidate
2019-09-24 12:00:51,118 INFO  impl.RoleInfo (RoleInfo.java:updateAndGet(143)) - s0: start LeaderElection
2019-09-24 12:00:51,132 INFO  impl.LeaderElection (LeaderElection.java:askForVotes(178)) - s0@group-3D81F66BC438-LeaderElection137: begin an election at term 355 for 11: [s0:0.0.0.0:42154, s1:0.0.0.0:36158, s2:0.0.0.0:36910], old=null
2019-09-24 12:00:51,154 INFO  impl.LeaderElection (LeaderElection.java:logAndReturn(56)) - s1@group-3D81F66BC438-LeaderElection133: Election TIMEOUT; received 1 response(s) [s1<-s0#0:FAIL-t353] and 0 exception(s); s1@group-3D81F66BC438:t353, leader=null, voted=s1, raftlog=s1@group-3D81F66BC438-SegmentedRaftLog:OPENED:c10,f11,i11, conf=11: [s0:0.0.0.0:42154, s1:0.0.0.0:36158, s2:0.0.0.0:36910], old=null
2019-09-24 12:00:51,167 INFO  impl.LeaderElection (LeaderElection.java:askForVotes(178)) - s1@group-3D81F66BC438-LeaderElection133: begin an election at term 354 for 11: [s0:0.0.0.0:42154, s1:0.0.0.0:36158, s2:0.0.0.0:36910], old=null
2019-09-24 12:00:51,168 DEBUG impl.RaftServerImpl (RaftServerImpl.java:requestVote(743)) - s0@group-3D81F66BC438: receive requestVote(s1, group-3D81F66BC438, 354, (t:14, i:11))
2019-09-24 12:00:51,168 DEBUG impl.RaftServerImpl (RaftServerImpl.java:requestVote(775)) - s0@group-3D81F66BC438 replies to vote request: s1<-s0#0:FAIL-t355. Peer's state: s0@group-3D81F66BC438:t355, leader=null, voted=s0, raftlog=s0@group-3D81F66BC438-SegmentedRaftLog:OPENED:c11,f12,i12, conf=11: [s0:0.0.0.0:42154, s1:0.0.0.0:36158, s2:0.0.0.0:36910], old=null
2019-09-24 12:00:51,168 INFO  impl.LeaderElection (LeaderElection.java:logAndReturn(56)) - s1@group-3D81F66BC438-LeaderElection133: Election DISCOVERED_A_NEW_TERM; received 1 response(s) [s1<-s0#0:FAIL-t355] and 0 exception(s); s1@group-3D81F66BC438:t354, leader=null, voted=s1, raftlog=s1@group-3D81F66BC438-SegmentedRaftLog:OPENED:c10,f11,i11, conf=11: [s0:0.0.0.0:42154, s1:0.0.0.0:36158, s2:0.0.0.0:36910], old=null
2019-09-24 12:00:51,168 INFO  impl.RaftServerImpl (RaftServerImpl.java:setRole(170)) - s1@group-3D81F66BC438: changes role from CANDIDATE to FOLLOWER at term 355 for DISCOVERED_A_NEW_TERM
2019-09-24 12:00:51,169 INFO  impl.RoleInfo (RoleInfo.java:shutdownLeaderElection(134)) - s1: shutdown LeaderElection
2019-09-24 12:00:51,169 INFO  impl.RoleInfo (RoleInfo.java:updateAndGet(143)) - s1: start FollowerState
2019-09-24 12:00:51,179 INFO  impl.LeaderElection (LeaderElection.java:logAndReturn(56)) - s2@group-3D81F66BC438-LeaderElection132: Election TIMEOUT; received 1 response(s) [s2<-s0#0:FAIL-t354] and 0 exception(s); s2@group-3D81F66BC438:t354, leader=null, voted=s2, raftlog=s2@group-3D81F66BC438-SegmentedRaftLog:OPENED:c10,f10,i10, conf=9: [s0:0.0.0.0:42154, s1:0.0.0.0:36158, s2:0.0.0.0:36910], old=null
2019-09-24 12:00:51,184 INFO  impl.LeaderElection (LeaderElection.java:askForVotes(178)) - s2@group-3D81F66BC438-LeaderElection132: begin an election at term 355 for 9: [s0:0.0.0.0:42154, s1:0.0.0.0:36158, s2:0.0.0.0:36910], old=null
2019-09-24 12:00:51,185 DEBUG impl.RaftServerImpl (RaftServerImpl.java:requestVote(743)) - s0@group-3D81F66BC438: receive requestVote(s2, group-3D81F66BC438, 355, (t:13, i:10))
2019-09-24 12:00:51,185 DEBUG impl.RaftServerImpl (RaftServerImpl.java:requestVote(775)) - s0@group-3D81F66BC438 replies to vote request: s2<-s0#0:FAIL-t355. Peer's state: s0@group-3D81F66BC438:t355, leader=null, voted=s0, raftlog=s0@group-3D81F66BC438-SegmentedRaftLog:OPENED:c11,f12,i12, conf=11: [s0:0.0.0.0:42154, s1:0.0.0.0:36158, s2:0.0.0.0:36910], old=null
2019-09-24 12:00:51,296 INFO  impl.LeaderElection (LeaderElection.java:logAndReturn(56)) - s0@group-3D81F66BC438-LeaderElection137: Election TIMEOUT; received 0 response(s) [] and 0 exception(s); s0@group-3D81F66BC438:t355, leader=null, voted=s0, raftlog=s0@group-3D81F66BC438-SegmentedRaftLog:OPENED:c11,f12,i12, conf=11: [s0:0.0.0.0:42154, s1:0.0.0.0:36158, s2:0.0.0.0:36910], old=null
2019-09-24 12:00:51,309 INFO  impl.LeaderElection (LeaderElection.java:askForVotes(178)) - s0@group-3D81F66BC438-LeaderElection137: begin an election at term 356 for 11: [s0:0.0.0.0:42154, s1:0.0.0.0:36158, s2:0.0.0.0:36910], old=null
2019-09-24 12:00:51,344 INFO  impl.LeaderElection (LeaderElection.java:logAndReturn(56)) - s2@group-3D81F66BC438-LeaderElection132: Election TIMEOUT; received 1 response(s) [s2<-s0#0:FAIL-t355] and 0 exception(s); s2@group-3D81F66BC438:t355, leader=null, voted=s2, raftlog=s2@group-3D81F66BC438-SegmentedRaftLog:OPENED:c10,f10,i10, conf=9: [s0:0.0.0.0:42154, s1:0.0.0.0:36158, s2:0.0.0.0:36910], old=null
2019-09-24 12:00:51,357 INFO  impl.LeaderElection (LeaderElection.java:askForVotes(178)) - s2@group-3D81F66BC438-LeaderElection132: begin an election at term 356 for 9: [s0:0.0.0.0:42154, s1:0.0.0.0:36158, s2:0.0.0.0:36910], old=null
2019-09-24 12:00:51,358 DEBUG impl.RaftServerImpl (RaftServerImpl.java:requestVote(743)) - s0@group-3D81F66BC438: receive requestVote(s2, group-3D81F66BC438, 356, (t:13, i:10))
2019-09-24 12:00:51,358 DEBUG impl.RaftServerImpl (RaftServerImpl.java:requestVote(775)) - s0@group-3D81F66BC438 replies to vote request: s2<-s0#0:FAIL-t356. Peer's state: s0@group-3D81F66BC438:t356, leader=null, voted=s0, raftlog=s0@group-3D81F66BC438-SegmentedRaftLog:OPENED:c11,f12,i12, conf=11: [s0:0.0.0.0:42154, s1:0.0.0.0:36158, s2:0.0.0.0:36910], old=null
2019-09-24 12:00:51,411 WARN  ratis.RaftTestUtil (JavaUtils.java:attempt(158)) - FAILED "waitForLeader-null-(expectLeader? true)", attempt #78/100: java.lang.IllegalStateException: No leader yet : printing ALL groups
  s0:  RUNNING CANDIDATE s0@group-3D81F66BC438:t356, leader=null, voted=s0, raftlog=s0@group-3D81F66BC438-SegmentedRaftLog:OPENED:c11,f12,i12, conf=11: [s0:0.0.0.0:42154, s1:0.0.0.0:36158, s2:0.0.0.0:36910], old=null RUNNING
  s1:  RUNNING  FOLLOWER s1@group-3D81F66BC438:t355, leader=null, voted=null, raftlog=s1@group-3D81F66BC438-SegmentedRaftLog:OPENED:c10,f11,i11, conf=11: [s0:0.0.0.0:42154, s1:0.0.0.0:36158, s2:0.0.0.0:36910], old=null RUNNING
  s2:  RUNNING CANDIDATE s2@group-3D81F66BC438:t356, leader=null, voted=s2, raftlog=s2@group-3D81F66BC438-SegmentedRaftLog:OPENED:c10,f10,i10, conf=9: [s0:0.0.0.0:42154, s1:0.0.0.0:36158, s2:0.0.0.0:36910], old=null RUNNING, sleep 450ms and then retry.
java.lang.IllegalStateException: No leader yet : printing ALL groups
  s0:  RUNNING CANDIDATE s0@group-3D81F66BC438:t356, leader=null, voted=s0, raftlog=s0@group-3D81F66BC438-SegmentedRaftLog:OPENED:c11,f12,i12, conf=11: [s0:0.0.0.0:42154, s1:0.0.0.0:36158, s2:0.0.0.0:36910], old=null RUNNING
  s1:  RUNNING  FOLLOWER s1@group-3D81F66BC438:t355, leader=null, voted=null, raftlog=s1@group-3D81F66BC438-SegmentedRaftLog:OPENED:c10,f11,i11, conf=11: [s0:0.0.0.0:42154, s1:0.0.0.0:36158, s2:0.0.0.0:36910], old=null RUNNING
  s2:  RUNNING CANDIDATE s2@group-3D81F66BC438:t356, leader=null, voted=s2, raftlog=s2@group-3D81F66BC438-SegmentedRaftLog:OPENED:c10,f10,i10, conf=9: [s0:0.0.0.0:42154, s1:0.0.0.0:36158, s2:0.0.0.0:36910], old=null RUNNING
	at org.apache.ratis.MiniRaftCluster.newIllegalStateExceptionForNoLeaders(MiniRaftCluster.java:506)
	at org.apache.ratis.RaftTestUtil.lambda$waitForLeader$1(RaftTestUtil.java:90)
	at org.apache.ratis.MiniRaftCluster.getLeader(MiniRaftCluster.java:539)
	at org.apache.ratis.MiniRaftCluster.getLeader(MiniRaftCluster.java:532)
	at org.apache.ratis.RaftTestUtil.lambda$waitForLeader$3(RaftTestUtil.java:98)
	at org.apache.ratis.util.JavaUtils.attempt(JavaUtils.java:152)
	at org.apache.ratis.RaftTestUtil.waitForLeader(RaftTestUtil.java:97)
	at org.apache.ratis.RaftTestUtil.waitForLeader(RaftTestUtil.java:77)
	at org.apache.ratis.RaftTestUtil.waitForLeader(RaftTestUtil.java:72)
	at org.apache.ratis.RaftTestUtil.lambda$changeLeader$7(RaftTestUtil.java:363)
	at org.apache.ratis.util.JavaUtils.attempt(JavaUtils.java:152)
	at org.apache.ratis.RaftTestUtil.changeLeader(RaftTestUtil.java:362)
	at org.apache.ratis.server.impl.LeaderElectionTests.testChangeLeader(LeaderElectionTests.java:81)
	at sun.reflect.NativeMethodAccessorImpl.invoke0(Native Method)
	at sun.reflect.NativeMethodAccessorImpl.invoke(NativeMethodAccessorImpl.java:62)
	at sun.reflect.DelegatingMethodAccessorImpl.invoke(DelegatingMethodAccessorImpl.java:43)
	at java.lang.reflect.Method.invoke(Method.java:498)
	at org.junit.runners.model.FrameworkMethod$1.runReflectiveCall(FrameworkMethod.java:50)
	at org.junit.internal.runners.model.ReflectiveCallable.run(ReflectiveCallable.java:12)
	at org.junit.runners.model.FrameworkMethod.invokeExplosively(FrameworkMethod.java:47)
	at org.junit.internal.runners.statements.InvokeMethod.evaluate(InvokeMethod.java:17)
	at org.junit.internal.runners.statements.RunAfters.evaluate(RunAfters.java:27)
	at org.junit.internal.runners.statements.FailOnTimeout$CallableStatement.call(FailOnTimeout.java:298)
	at org.junit.internal.runners.statements.FailOnTimeout$CallableStatement.call(FailOnTimeout.java:292)
	at java.util.concurrent.FutureTask.run(FutureTask.java:266)
	at java.lang.Thread.run(Thread.java:748)
2019-09-24 12:00:51,429 INFO  impl.FollowerState (FollowerState.java:run(108)) - s1@group-3D81F66BC438-FollowerState: change to CANDIDATE, lastRpcTime:260ms, electionTimeout:260ms
2019-09-24 12:00:51,429 INFO  impl.RoleInfo (RoleInfo.java:shutdownFollowerState(121)) - s1: shutdown FollowerState
2019-09-24 12:00:51,430 INFO  impl.RaftServerImpl (RaftServerImpl.java:setRole(170)) - s1@group-3D81F66BC438: changes role from  FOLLOWER to CANDIDATE at term 355 for changeToCandidate
2019-09-24 12:00:51,430 INFO  impl.RoleInfo (RoleInfo.java:updateAndGet(143)) - s1: start LeaderElection
2019-09-24 12:00:51,443 INFO  impl.LeaderElection (LeaderElection.java:askForVotes(178)) - s1@group-3D81F66BC438-LeaderElection138: begin an election at term 356 for 11: [s0:0.0.0.0:42154, s1:0.0.0.0:36158, s2:0.0.0.0:36910], old=null
2019-09-24 12:00:51,444 DEBUG impl.RaftServerImpl (RaftServerImpl.java:requestVote(743)) - s0@group-3D81F66BC438: receive requestVote(s1, group-3D81F66BC438, 356, (t:14, i:11))
2019-09-24 12:00:51,444 DEBUG impl.RaftServerImpl (RaftServerImpl.java:requestVote(775)) - s0@group-3D81F66BC438 replies to vote request: s1<-s0#0:FAIL-t356. Peer's state: s0@group-3D81F66BC438:t356, leader=null, voted=s0, raftlog=s0@group-3D81F66BC438-SegmentedRaftLog:OPENED:c11,f12,i12, conf=11: [s0:0.0.0.0:42154, s1:0.0.0.0:36158, s2:0.0.0.0:36910], old=null
2019-09-24 12:00:51,566 INFO  impl.LeaderElection (LeaderElection.java:logAndReturn(56)) - s2@group-3D81F66BC438-LeaderElection132: Election TIMEOUT; received 1 response(s) [s2<-s0#0:FAIL-t356] and 0 exception(s); s2@group-3D81F66BC438:t356, leader=null, voted=s2, raftlog=s2@group-3D81F66BC438-SegmentedRaftLog:OPENED:c10,f10,i10, conf=9: [s0:0.0.0.0:42154, s1:0.0.0.0:36158, s2:0.0.0.0:36910], old=null
2019-09-24 12:00:51,579 INFO  impl.LeaderElection (LeaderElection.java:askForVotes(178)) - s2@group-3D81F66BC438-LeaderElection132: begin an election at term 357 for 9: [s0:0.0.0.0:42154, s1:0.0.0.0:36158, s2:0.0.0.0:36910], old=null
2019-09-24 12:00:51,580 DEBUG impl.RaftServerImpl (RaftServerImpl.java:requestVote(743)) - s0@group-3D81F66BC438: receive requestVote(s2, group-3D81F66BC438, 357, (t:13, i:10))
2019-09-24 12:00:51,580 INFO  impl.RaftServerImpl (RaftServerImpl.java:setRole(170)) - s0@group-3D81F66BC438: changes role from CANDIDATE to FOLLOWER at term 357 for recognizeCandidate:s2
2019-09-24 12:00:51,580 INFO  impl.RoleInfo (RoleInfo.java:shutdownLeaderElection(134)) - s0: shutdown LeaderElection
2019-09-24 12:00:51,580 INFO  impl.RoleInfo (RoleInfo.java:updateAndGet(143)) - s0: start FollowerState
2019-09-24 12:00:51,598 INFO  impl.LeaderElection (LeaderElection.java:logAndReturn(56)) - s0@group-3D81F66BC438-LeaderElection137: Election REJECTED; received 0 response(s) [] and 0 exception(s); s0@group-3D81F66BC438:t357, leader=null, voted=null, raftlog=s0@group-3D81F66BC438-SegmentedRaftLog:OPENED:c11,f12,i12, conf=11: [s0:0.0.0.0:42154, s1:0.0.0.0:36158, s2:0.0.0.0:36910], old=null
2019-09-24 12:00:51,604 INFO  impl.LeaderElection (LeaderElection.java:logAndReturn(56)) - s1@group-3D81F66BC438-LeaderElection138: Election TIMEOUT; received 1 response(s) [s1<-s0#0:FAIL-t356] and 0 exception(s); s1@group-3D81F66BC438:t356, leader=null, voted=s1, raftlog=s1@group-3D81F66BC438-SegmentedRaftLog:OPENED:c10,f11,i11, conf=11: [s0:0.0.0.0:42154, s1:0.0.0.0:36158, s2:0.0.0.0:36910], old=null
2019-09-24 12:00:51,607 DEBUG impl.RaftServerImpl (RaftServerImpl.java:requestVote(775)) - s0@group-3D81F66BC438 replies to vote request: s2<-s0#0:FAIL-t357. Peer's state: s0@group-3D81F66BC438:t357, leader=null, voted=null, raftlog=s0@group-3D81F66BC438-SegmentedRaftLog:OPENED:c11,f12,i12, conf=11: [s0:0.0.0.0:42154, s1:0.0.0.0:36158, s2:0.0.0.0:36910], old=null
2019-09-24 12:00:51,609 INFO  impl.LeaderElection (LeaderElection.java:askForVotes(178)) - s1@group-3D81F66BC438-LeaderElection138: begin an election at term 357 for 11: [s0:0.0.0.0:42154, s1:0.0.0.0:36158, s2:0.0.0.0:36910], old=null
2019-09-24 12:00:51,610 DEBUG impl.RaftServerImpl (RaftServerImpl.java:requestVote(743)) - s0@group-3D81F66BC438: receive requestVote(s1, group-3D81F66BC438, 357, (t:14, i:11))
2019-09-24 12:00:51,610 INFO  impl.RaftServerImpl (RaftServerImpl.java:setRole(170)) - s0@group-3D81F66BC438: changes role from  FOLLOWER to FOLLOWER at term 357 for recognizeCandidate:s1
2019-09-24 12:00:51,610 INFO  impl.RoleInfo (RoleInfo.java:shutdownFollowerState(121)) - s0: shutdown FollowerState
2019-09-24 12:00:51,610 INFO  impl.RoleInfo (RoleInfo.java:updateAndGet(143)) - s0: start FollowerState
2019-09-24 12:00:51,610 INFO  impl.FollowerState (FollowerState.java:run(117)) - s0@group-3D81F66BC438-FollowerState was interrupted: java.lang.InterruptedException: sleep interrupted
2019-09-24 12:00:51,611 DEBUG impl.RaftServerImpl (RaftServerImpl.java:requestVote(775)) - s0@group-3D81F66BC438 replies to vote request: s1<-s0#0:FAIL-t357. Peer's state: s0@group-3D81F66BC438:t357, leader=null, voted=null, raftlog=s0@group-3D81F66BC438-SegmentedRaftLog:OPENED:c11,f12,i12, conf=11: [s0:0.0.0.0:42154, s1:0.0.0.0:36158, s2:0.0.0.0:36910], old=null
2019-09-24 12:00:51,764 INFO  impl.FollowerState (FollowerState.java:run(108)) - s0@group-3D81F66BC438-FollowerState: change to CANDIDATE, lastRpcTime:153ms, electionTimeout:153ms
2019-09-24 12:00:51,764 INFO  impl.RoleInfo (RoleInfo.java:shutdownFollowerState(121)) - s0: shutdown FollowerState
2019-09-24 12:00:51,764 INFO  impl.RaftServerImpl (RaftServerImpl.java:setRole(170)) - s0@group-3D81F66BC438: changes role from  FOLLOWER to CANDIDATE at term 357 for changeToCandidate
2019-09-24 12:00:51,764 INFO  impl.RoleInfo (RoleInfo.java:updateAndGet(143)) - s0: start LeaderElection
2019-09-24 12:00:51,778 INFO  impl.LeaderElection (LeaderElection.java:askForVotes(178)) - s0@group-3D81F66BC438-LeaderElection139: begin an election at term 358 for 11: [s0:0.0.0.0:42154, s1:0.0.0.0:36158, s2:0.0.0.0:36910], old=null
2019-09-24 12:00:51,798 INFO  impl.LeaderElection (LeaderElection.java:logAndReturn(56)) - s2@group-3D81F66BC438-LeaderElection132: Election TIMEOUT; received 1 response(s) [s2<-s0#0:FAIL-t357] and 0 exception(s); s2@group-3D81F66BC438:t357, leader=null, voted=s2, raftlog=s2@group-3D81F66BC438-SegmentedRaftLog:OPENED:c10,f10,i10, conf=9: [s0:0.0.0.0:42154, s1:0.0.0.0:36158, s2:0.0.0.0:36910], old=null
2019-09-24 12:00:51,813 INFO  impl.LeaderElection (LeaderElection.java:askForVotes(178)) - s2@group-3D81F66BC438-LeaderElection132: begin an election at term 358 for 9: [s0:0.0.0.0:42154, s1:0.0.0.0:36158, s2:0.0.0.0:36910], old=null
2019-09-24 12:00:51,813 DEBUG impl.RaftServerImpl (RaftServerImpl.java:requestVote(743)) - s0@group-3D81F66BC438: receive requestVote(s2, group-3D81F66BC438, 358, (t:13, i:10))
2019-09-24 12:00:51,813 DEBUG impl.RaftServerImpl (RaftServerImpl.java:requestVote(775)) - s0@group-3D81F66BC438 replies to vote request: s2<-s0#0:FAIL-t358. Peer's state: s0@group-3D81F66BC438:t358, leader=null, voted=s0, raftlog=s0@group-3D81F66BC438-SegmentedRaftLog:OPENED:c11,f12,i12, conf=11: [s0:0.0.0.0:42154, s1:0.0.0.0:36158, s2:0.0.0.0:36910], old=null
2019-09-24 12:00:51,860 INFO  impl.LeaderElection (LeaderElection.java:logAndReturn(56)) - s1@group-3D81F66BC438-LeaderElection138: Election TIMEOUT; received 1 response(s) [s1<-s0#0:FAIL-t357] and 0 exception(s); s1@group-3D81F66BC438:t357, leader=null, voted=s1, raftlog=s1@group-3D81F66BC438-SegmentedRaftLog:OPENED:c10,f11,i11, conf=11: [s0:0.0.0.0:42154, s1:0.0.0.0:36158, s2:0.0.0.0:36910], old=null
2019-09-24 12:00:51,862 WARN  ratis.RaftTestUtil (JavaUtils.java:attempt(158)) - FAILED "waitForLeader-null-(expectLeader? true)", attempt #79/100: java.lang.IllegalStateException: No leader yet : printing ALL groups
  s0:  RUNNING CANDIDATE s0@group-3D81F66BC438:t358, leader=null, voted=s0, raftlog=s0@group-3D81F66BC438-SegmentedRaftLog:OPENED:c11,f12,i12, conf=11: [s0:0.0.0.0:42154, s1:0.0.0.0:36158, s2:0.0.0.0:36910], old=null RUNNING
  s1:  RUNNING CANDIDATE s1@group-3D81F66BC438:t358, leader=null, voted=s1, raftlog=s1@group-3D81F66BC438-SegmentedRaftLog:OPENED:c10,f11,i11, conf=11: [s0:0.0.0.0:42154, s1:0.0.0.0:36158, s2:0.0.0.0:36910], old=null RUNNING
  s2:  RUNNING CANDIDATE s2@group-3D81F66BC438:t358, leader=null, voted=s2, raftlog=s2@group-3D81F66BC438-SegmentedRaftLog:OPENED:c10,f10,i10, conf=9: [s0:0.0.0.0:42154, s1:0.0.0.0:36158, s2:0.0.0.0:36910], old=null RUNNING, sleep 450ms and then retry.
java.lang.IllegalStateException: No leader yet : printing ALL groups
  s0:  RUNNING CANDIDATE s0@group-3D81F66BC438:t358, leader=null, voted=s0, raftlog=s0@group-3D81F66BC438-SegmentedRaftLog:OPENED:c11,f12,i12, conf=11: [s0:0.0.0.0:42154, s1:0.0.0.0:36158, s2:0.0.0.0:36910], old=null RUNNING
  s1:  RUNNING CANDIDATE s1@group-3D81F66BC438:t358, leader=null, voted=s1, raftlog=s1@group-3D81F66BC438-SegmentedRaftLog:OPENED:c10,f11,i11, conf=11: [s0:0.0.0.0:42154, s1:0.0.0.0:36158, s2:0.0.0.0:36910], old=null RUNNING
  s2:  RUNNING CANDIDATE s2@group-3D81F66BC438:t358, leader=null, voted=s2, raftlog=s2@group-3D81F66BC438-SegmentedRaftLog:OPENED:c10,f10,i10, conf=9: [s0:0.0.0.0:42154, s1:0.0.0.0:36158, s2:0.0.0.0:36910], old=null RUNNING
	at org.apache.ratis.MiniRaftCluster.newIllegalStateExceptionForNoLeaders(MiniRaftCluster.java:506)
	at org.apache.ratis.RaftTestUtil.lambda$waitForLeader$1(RaftTestUtil.java:90)
	at org.apache.ratis.MiniRaftCluster.getLeader(MiniRaftCluster.java:539)
	at org.apache.ratis.MiniRaftCluster.getLeader(MiniRaftCluster.java:532)
	at org.apache.ratis.RaftTestUtil.lambda$waitForLeader$3(RaftTestUtil.java:98)
	at org.apache.ratis.util.JavaUtils.attempt(JavaUtils.java:152)
	at org.apache.ratis.RaftTestUtil.waitForLeader(RaftTestUtil.java:97)
	at org.apache.ratis.RaftTestUtil.waitForLeader(RaftTestUtil.java:77)
	at org.apache.ratis.RaftTestUtil.waitForLeader(RaftTestUtil.java:72)
	at org.apache.ratis.RaftTestUtil.lambda$changeLeader$7(RaftTestUtil.java:363)
	at org.apache.ratis.util.JavaUtils.attempt(JavaUtils.java:152)
	at org.apache.ratis.RaftTestUtil.changeLeader(RaftTestUtil.java:362)
	at org.apache.ratis.server.impl.LeaderElectionTests.testChangeLeader(LeaderElectionTests.java:81)
	at sun.reflect.NativeMethodAccessorImpl.invoke0(Native Method)
	at sun.reflect.NativeMethodAccessorImpl.invoke(NativeMethodAccessorImpl.java:62)
	at sun.reflect.DelegatingMethodAccessorImpl.invoke(DelegatingMethodAccessorImpl.java:43)
	at java.lang.reflect.Method.invoke(Method.java:498)
	at org.junit.runners.model.FrameworkMethod$1.runReflectiveCall(FrameworkMethod.java:50)
	at org.junit.internal.runners.model.ReflectiveCallable.run(ReflectiveCallable.java:12)
	at org.junit.runners.model.FrameworkMethod.invokeExplosively(FrameworkMethod.java:47)
	at org.junit.internal.runners.statements.InvokeMethod.evaluate(InvokeMethod.java:17)
	at org.junit.internal.runners.statements.RunAfters.evaluate(RunAfters.java:27)
	at org.junit.internal.runners.statements.FailOnTimeout$CallableStatement.call(FailOnTimeout.java:298)
	at org.junit.internal.runners.statements.FailOnTimeout$CallableStatement.call(FailOnTimeout.java:292)
	at java.util.concurrent.FutureTask.run(FutureTask.java:266)
	at java.lang.Thread.run(Thread.java:748)
2019-09-24 12:00:51,879 INFO  impl.LeaderElection (LeaderElection.java:askForVotes(178)) - s1@group-3D81F66BC438-LeaderElection138: begin an election at term 358 for 11: [s0:0.0.0.0:42154, s1:0.0.0.0:36158, s2:0.0.0.0:36910], old=null
2019-09-24 12:00:51,879 DEBUG impl.RaftServerImpl (RaftServerImpl.java:requestVote(743)) - s0@group-3D81F66BC438: receive requestVote(s1, group-3D81F66BC438, 358, (t:14, i:11))
2019-09-24 12:00:51,880 DEBUG impl.RaftServerImpl (RaftServerImpl.java:requestVote(775)) - s0@group-3D81F66BC438 replies to vote request: s1<-s0#0:FAIL-t358. Peer's state: s0@group-3D81F66BC438:t358, leader=null, voted=s0, raftlog=s0@group-3D81F66BC438-SegmentedRaftLog:OPENED:c11,f12,i12, conf=11: [s0:0.0.0.0:42154, s1:0.0.0.0:36158, s2:0.0.0.0:36910], old=null
2019-09-24 12:00:51,945 INFO  impl.LeaderElection (LeaderElection.java:logAndReturn(56)) - s0@group-3D81F66BC438-LeaderElection139: Election TIMEOUT; received 0 response(s) [] and 0 exception(s); s0@group-3D81F66BC438:t358, leader=null, voted=s0, raftlog=s0@group-3D81F66BC438-SegmentedRaftLog:OPENED:c11,f12,i12, conf=11: [s0:0.0.0.0:42154, s1:0.0.0.0:36158, s2:0.0.0.0:36910], old=null
2019-09-24 12:00:51,963 INFO  impl.LeaderElection (LeaderElection.java:logAndReturn(56)) - s2@group-3D81F66BC438-LeaderElection132: Election TIMEOUT; received 1 response(s) [s2<-s0#0:FAIL-t358] and 0 exception(s); s2@group-3D81F66BC438:t358, leader=null, voted=s2, raftlog=s2@group-3D81F66BC438-SegmentedRaftLog:OPENED:c10,f10,i10, conf=9: [s0:0.0.0.0:42154, s1:0.0.0.0:36158, s2:0.0.0.0:36910], old=null
2019-09-24 12:00:51,967 INFO  impl.LeaderElection (LeaderElection.java:askForVotes(178)) - s0@group-3D81F66BC438-LeaderElection139: begin an election at term 359 for 11: [s0:0.0.0.0:42154, s1:0.0.0.0:36158, s2:0.0.0.0:36910], old=null
2019-09-24 12:00:51,970 INFO  impl.LeaderElection (LeaderElection.java:askForVotes(178)) - s2@group-3D81F66BC438-LeaderElection132: begin an election at term 359 for 9: [s0:0.0.0.0:42154, s1:0.0.0.0:36158, s2:0.0.0.0:36910], old=null
2019-09-24 12:00:51,970 DEBUG impl.RaftServerImpl (RaftServerImpl.java:requestVote(743)) - s0@group-3D81F66BC438: receive requestVote(s2, group-3D81F66BC438, 359, (t:13, i:10))
2019-09-24 12:00:51,971 DEBUG impl.RaftServerImpl (RaftServerImpl.java:requestVote(775)) - s0@group-3D81F66BC438 replies to vote request: s2<-s0#0:FAIL-t359. Peer's state: s0@group-3D81F66BC438:t359, leader=null, voted=s0, raftlog=s0@group-3D81F66BC438-SegmentedRaftLog:OPENED:c11,f12,i12, conf=11: [s0:0.0.0.0:42154, s1:0.0.0.0:36158, s2:0.0.0.0:36910], old=null
2019-09-24 12:00:52,155 INFO  impl.LeaderElection (LeaderElection.java:logAndReturn(56)) - s1@group-3D81F66BC438-LeaderElection138: Election TIMEOUT; received 1 response(s) [s1<-s0#0:FAIL-t358] and 0 exception(s); s1@group-3D81F66BC438:t358, leader=null, voted=s1, raftlog=s1@group-3D81F66BC438-SegmentedRaftLog:OPENED:c10,f11,i11, conf=11: [s0:0.0.0.0:42154, s1:0.0.0.0:36158, s2:0.0.0.0:36910], old=null
2019-09-24 12:00:52,180 INFO  impl.LeaderElection (LeaderElection.java:askForVotes(178)) - s1@group-3D81F66BC438-LeaderElection138: begin an election at term 359 for 11: [s0:0.0.0.0:42154, s1:0.0.0.0:36158, s2:0.0.0.0:36910], old=null
2019-09-24 12:00:52,180 DEBUG impl.RaftServerImpl (RaftServerImpl.java:requestVote(743)) - s0@group-3D81F66BC438: receive requestVote(s1, group-3D81F66BC438, 359, (t:14, i:11))
2019-09-24 12:00:52,180 DEBUG impl.RaftServerImpl (RaftServerImpl.java:requestVote(775)) - s0@group-3D81F66BC438 replies to vote request: s1<-s0#0:FAIL-t359. Peer's state: s0@group-3D81F66BC438:t359, leader=null, voted=s0, raftlog=s0@group-3D81F66BC438-SegmentedRaftLog:OPENED:c11,f12,i12, conf=11: [s0:0.0.0.0:42154, s1:0.0.0.0:36158, s2:0.0.0.0:36910], old=null
2019-09-24 12:00:52,219 INFO  impl.LeaderElection (LeaderElection.java:logAndReturn(56)) - s0@group-3D81F66BC438-LeaderElection139: Election TIMEOUT; received 0 response(s) [] and 0 exception(s); s0@group-3D81F66BC438:t359, leader=null, voted=s0, raftlog=s0@group-3D81F66BC438-SegmentedRaftLog:OPENED:c11,f12,i12, conf=11: [s0:0.0.0.0:42154, s1:0.0.0.0:36158, s2:0.0.0.0:36910], old=null
2019-09-24 12:00:52,231 INFO  impl.LeaderElection (LeaderElection.java:logAndReturn(56)) - s2@group-3D81F66BC438-LeaderElection132: Election TIMEOUT; received 1 response(s) [s2<-s0#0:FAIL-t359] and 0 exception(s); s2@group-3D81F66BC438:t359, leader=null, voted=s2, raftlog=s2@group-3D81F66BC438-SegmentedRaftLog:OPENED:c10,f10,i10, conf=9: [s0:0.0.0.0:42154, s1:0.0.0.0:36158, s2:0.0.0.0:36910], old=null
2019-09-24 12:00:52,232 INFO  impl.LeaderElection (LeaderElection.java:askForVotes(178)) - s0@group-3D81F66BC438-LeaderElection139: begin an election at term 360 for 11: [s0:0.0.0.0:42154, s1:0.0.0.0:36158, s2:0.0.0.0:36910], old=null
2019-09-24 12:00:52,246 INFO  impl.LeaderElection (LeaderElection.java:askForVotes(178)) - s2@group-3D81F66BC438-LeaderElection132: begin an election at term 360 for 9: [s0:0.0.0.0:42154, s1:0.0.0.0:36158, s2:0.0.0.0:36910], old=null
2019-09-24 12:00:52,247 DEBUG impl.RaftServerImpl (RaftServerImpl.java:requestVote(743)) - s0@group-3D81F66BC438: receive requestVote(s2, group-3D81F66BC438, 360, (t:13, i:10))
2019-09-24 12:00:52,247 DEBUG impl.RaftServerImpl (RaftServerImpl.java:requestVote(775)) - s0@group-3D81F66BC438 replies to vote request: s2<-s0#0:FAIL-t360. Peer's state: s0@group-3D81F66BC438:t360, leader=null, voted=s0, raftlog=s0@group-3D81F66BC438-SegmentedRaftLog:OPENED:c11,f12,i12, conf=11: [s0:0.0.0.0:42154, s1:0.0.0.0:36158, s2:0.0.0.0:36910], old=null
2019-09-24 12:00:52,313 WARN  ratis.RaftTestUtil (JavaUtils.java:attempt(158)) - FAILED "waitForLeader-null-(expectLeader? true)", attempt #80/100: java.lang.IllegalStateException: No leader yet : printing ALL groups
  s0:  RUNNING CANDIDATE s0@group-3D81F66BC438:t360, leader=null, voted=s0, raftlog=s0@group-3D81F66BC438-SegmentedRaftLog:OPENED:c11,f12,i12, conf=11: [s0:0.0.0.0:42154, s1:0.0.0.0:36158, s2:0.0.0.0:36910], old=null RUNNING
  s1:  RUNNING CANDIDATE s1@group-3D81F66BC438:t359, leader=null, voted=s1, raftlog=s1@group-3D81F66BC438-SegmentedRaftLog:OPENED:c10,f11,i11, conf=11: [s0:0.0.0.0:42154, s1:0.0.0.0:36158, s2:0.0.0.0:36910], old=null RUNNING
  s2:  RUNNING CANDIDATE s2@group-3D81F66BC438:t360, leader=null, voted=s2, raftlog=s2@group-3D81F66BC438-SegmentedRaftLog:OPENED:c10,f10,i10, conf=9: [s0:0.0.0.0:42154, s1:0.0.0.0:36158, s2:0.0.0.0:36910], old=null RUNNING, sleep 450ms and then retry.
java.lang.IllegalStateException: No leader yet : printing ALL groups
  s0:  RUNNING CANDIDATE s0@group-3D81F66BC438:t360, leader=null, voted=s0, raftlog=s0@group-3D81F66BC438-SegmentedRaftLog:OPENED:c11,f12,i12, conf=11: [s0:0.0.0.0:42154, s1:0.0.0.0:36158, s2:0.0.0.0:36910], old=null RUNNING
  s1:  RUNNING CANDIDATE s1@group-3D81F66BC438:t359, leader=null, voted=s1, raftlog=s1@group-3D81F66BC438-SegmentedRaftLog:OPENED:c10,f11,i11, conf=11: [s0:0.0.0.0:42154, s1:0.0.0.0:36158, s2:0.0.0.0:36910], old=null RUNNING
  s2:  RUNNING CANDIDATE s2@group-3D81F66BC438:t360, leader=null, voted=s2, raftlog=s2@group-3D81F66BC438-SegmentedRaftLog:OPENED:c10,f10,i10, conf=9: [s0:0.0.0.0:42154, s1:0.0.0.0:36158, s2:0.0.0.0:36910], old=null RUNNING
	at org.apache.ratis.MiniRaftCluster.newIllegalStateExceptionForNoLeaders(MiniRaftCluster.java:506)
	at org.apache.ratis.RaftTestUtil.lambda$waitForLeader$1(RaftTestUtil.java:90)
	at org.apache.ratis.MiniRaftCluster.getLeader(MiniRaftCluster.java:539)
	at org.apache.ratis.MiniRaftCluster.getLeader(MiniRaftCluster.java:532)
	at org.apache.ratis.RaftTestUtil.lambda$waitForLeader$3(RaftTestUtil.java:98)
	at org.apache.ratis.util.JavaUtils.attempt(JavaUtils.java:152)
	at org.apache.ratis.RaftTestUtil.waitForLeader(RaftTestUtil.java:97)
	at org.apache.ratis.RaftTestUtil.waitForLeader(RaftTestUtil.java:77)
	at org.apache.ratis.RaftTestUtil.waitForLeader(RaftTestUtil.java:72)
	at org.apache.ratis.RaftTestUtil.lambda$changeLeader$7(RaftTestUtil.java:363)
	at org.apache.ratis.util.JavaUtils.attempt(JavaUtils.java:152)
	at org.apache.ratis.RaftTestUtil.changeLeader(RaftTestUtil.java:362)
	at org.apache.ratis.server.impl.LeaderElectionTests.testChangeLeader(LeaderElectionTests.java:81)
	at sun.reflect.NativeMethodAccessorImpl.invoke0(Native Method)
	at sun.reflect.NativeMethodAccessorImpl.invoke(NativeMethodAccessorImpl.java:62)
	at sun.reflect.DelegatingMethodAccessorImpl.invoke(DelegatingMethodAccessorImpl.java:43)
	at java.lang.reflect.Method.invoke(Method.java:498)
	at org.junit.runners.model.FrameworkMethod$1.runReflectiveCall(FrameworkMethod.java:50)
	at org.junit.internal.runners.model.ReflectiveCallable.run(ReflectiveCallable.java:12)
	at org.junit.runners.model.FrameworkMethod.invokeExplosively(FrameworkMethod.java:47)
	at org.junit.internal.runners.statements.InvokeMethod.evaluate(InvokeMethod.java:17)
	at org.junit.internal.runners.statements.RunAfters.evaluate(RunAfters.java:27)
	at org.junit.internal.runners.statements.FailOnTimeout$CallableStatement.call(FailOnTimeout.java:298)
	at org.junit.internal.runners.statements.FailOnTimeout$CallableStatement.call(FailOnTimeout.java:292)
	at java.util.concurrent.FutureTask.run(FutureTask.java:266)
	at java.lang.Thread.run(Thread.java:748)
2019-09-24 12:00:52,399 INFO  impl.LeaderElection (LeaderElection.java:logAndReturn(56)) - s1@group-3D81F66BC438-LeaderElection138: Election TIMEOUT; received 1 response(s) [s1<-s0#0:FAIL-t359] and 0 exception(s); s1@group-3D81F66BC438:t359, leader=null, voted=s1, raftlog=s1@group-3D81F66BC438-SegmentedRaftLog:OPENED:c10,f11,i11, conf=11: [s0:0.0.0.0:42154, s1:0.0.0.0:36158, s2:0.0.0.0:36910], old=null
2019-09-24 12:00:52,412 INFO  impl.LeaderElection (LeaderElection.java:askForVotes(178)) - s1@group-3D81F66BC438-LeaderElection138: begin an election at term 360 for 11: [s0:0.0.0.0:42154, s1:0.0.0.0:36158, s2:0.0.0.0:36910], old=null
2019-09-24 12:00:52,413 DEBUG impl.RaftServerImpl (RaftServerImpl.java:requestVote(743)) - s0@group-3D81F66BC438: receive requestVote(s1, group-3D81F66BC438, 360, (t:14, i:11))
2019-09-24 12:00:52,413 DEBUG impl.RaftServerImpl (RaftServerImpl.java:requestVote(775)) - s0@group-3D81F66BC438 replies to vote request: s1<-s0#0:FAIL-t360. Peer's state: s0@group-3D81F66BC438:t360, leader=null, voted=s0, raftlog=s0@group-3D81F66BC438-SegmentedRaftLog:OPENED:c11,f12,i12, conf=11: [s0:0.0.0.0:42154, s1:0.0.0.0:36158, s2:0.0.0.0:36910], old=null
2019-09-24 12:00:52,485 INFO  impl.LeaderElection (LeaderElection.java:logAndReturn(56)) - s0@group-3D81F66BC438-LeaderElection139: Election TIMEOUT; received 0 response(s) [] and 0 exception(s); s0@group-3D81F66BC438:t360, leader=null, voted=s0, raftlog=s0@group-3D81F66BC438-SegmentedRaftLog:OPENED:c11,f12,i12, conf=11: [s0:0.0.0.0:42154, s1:0.0.0.0:36158, s2:0.0.0.0:36910], old=null
2019-09-24 12:00:52,500 INFO  impl.LeaderElection (LeaderElection.java:logAndReturn(56)) - s2@group-3D81F66BC438-LeaderElection132: Election TIMEOUT; received 1 response(s) [s2<-s0#0:FAIL-t360] and 0 exception(s); s2@group-3D81F66BC438:t360, leader=null, voted=s2, raftlog=s2@group-3D81F66BC438-SegmentedRaftLog:OPENED:c10,f10,i10, conf=9: [s0:0.0.0.0:42154, s1:0.0.0.0:36158, s2:0.0.0.0:36910], old=null
2019-09-24 12:00:52,510 INFO  impl.LeaderElection (LeaderElection.java:askForVotes(178)) - s0@group-3D81F66BC438-LeaderElection139: begin an election at term 361 for 11: [s0:0.0.0.0:42154, s1:0.0.0.0:36158, s2:0.0.0.0:36910], old=null
2019-09-24 12:00:52,514 INFO  impl.LeaderElection (LeaderElection.java:askForVotes(178)) - s2@group-3D81F66BC438-LeaderElection132: begin an election at term 361 for 9: [s0:0.0.0.0:42154, s1:0.0.0.0:36158, s2:0.0.0.0:36910], old=null
2019-09-24 12:00:52,514 DEBUG impl.RaftServerImpl (RaftServerImpl.java:requestVote(743)) - s0@group-3D81F66BC438: receive requestVote(s2, group-3D81F66BC438, 361, (t:13, i:10))
2019-09-24 12:00:52,514 DEBUG impl.RaftServerImpl (RaftServerImpl.java:requestVote(775)) - s0@group-3D81F66BC438 replies to vote request: s2<-s0#0:FAIL-t361. Peer's state: s0@group-3D81F66BC438:t361, leader=null, voted=s0, raftlog=s0@group-3D81F66BC438-SegmentedRaftLog:OPENED:c11,f12,i12, conf=11: [s0:0.0.0.0:42154, s1:0.0.0.0:36158, s2:0.0.0.0:36910], old=null
2019-09-24 12:00:52,673 INFO  impl.LeaderElection (LeaderElection.java:logAndReturn(56)) - s0@group-3D81F66BC438-LeaderElection139: Election TIMEOUT; received 0 response(s) [] and 0 exception(s); s0@group-3D81F66BC438:t361, leader=null, voted=s0, raftlog=s0@group-3D81F66BC438-SegmentedRaftLog:OPENED:c11,f12,i12, conf=11: [s0:0.0.0.0:42154, s1:0.0.0.0:36158, s2:0.0.0.0:36910], old=null
2019-09-24 12:00:52,688 INFO  impl.LeaderElection (LeaderElection.java:askForVotes(178)) - s0@group-3D81F66BC438-LeaderElection139: begin an election at term 362 for 11: [s0:0.0.0.0:42154, s1:0.0.0.0:36158, s2:0.0.0.0:36910], old=null
2019-09-24 12:00:52,690 INFO  impl.LeaderElection (LeaderElection.java:logAndReturn(56)) - s1@group-3D81F66BC438-LeaderElection138: Election TIMEOUT; received 1 response(s) [s1<-s0#0:FAIL-t360] and 0 exception(s); s1@group-3D81F66BC438:t360, leader=null, voted=s1, raftlog=s1@group-3D81F66BC438-SegmentedRaftLog:OPENED:c10,f11,i11, conf=11: [s0:0.0.0.0:42154, s1:0.0.0.0:36158, s2:0.0.0.0:36910], old=null
2019-09-24 12:00:52,714 INFO  impl.LeaderElection (LeaderElection.java:askForVotes(178)) - s1@group-3D81F66BC438-LeaderElection138: begin an election at term 361 for 11: [s0:0.0.0.0:42154, s1:0.0.0.0:36158, s2:0.0.0.0:36910], old=null
2019-09-24 12:00:52,715 DEBUG impl.RaftServerImpl (RaftServerImpl.java:requestVote(743)) - s0@group-3D81F66BC438: receive requestVote(s1, group-3D81F66BC438, 361, (t:14, i:11))
2019-09-24 12:00:52,715 DEBUG impl.RaftServerImpl (RaftServerImpl.java:requestVote(775)) - s0@group-3D81F66BC438 replies to vote request: s1<-s0#0:FAIL-t362. Peer's state: s0@group-3D81F66BC438:t362, leader=null, voted=s0, raftlog=s0@group-3D81F66BC438-SegmentedRaftLog:OPENED:c11,f12,i12, conf=11: [s0:0.0.0.0:42154, s1:0.0.0.0:36158, s2:0.0.0.0:36910], old=null
2019-09-24 12:00:52,715 INFO  impl.LeaderElection (LeaderElection.java:logAndReturn(56)) - s1@group-3D81F66BC438-LeaderElection138: Election DISCOVERED_A_NEW_TERM; received 1 response(s) [s1<-s0#0:FAIL-t362] and 0 exception(s); s1@group-3D81F66BC438:t361, leader=null, voted=s1, raftlog=s1@group-3D81F66BC438-SegmentedRaftLog:OPENED:c10,f11,i11, conf=11: [s0:0.0.0.0:42154, s1:0.0.0.0:36158, s2:0.0.0.0:36910], old=null
2019-09-24 12:00:52,715 INFO  impl.RaftServerImpl (RaftServerImpl.java:setRole(170)) - s1@group-3D81F66BC438: changes role from CANDIDATE to FOLLOWER at term 362 for DISCOVERED_A_NEW_TERM
2019-09-24 12:00:52,716 INFO  impl.RoleInfo (RoleInfo.java:shutdownLeaderElection(134)) - s1: shutdown LeaderElection
2019-09-24 12:00:52,716 INFO  impl.RoleInfo (RoleInfo.java:updateAndGet(143)) - s1: start FollowerState
2019-09-24 12:00:52,764 WARN  ratis.RaftTestUtil (JavaUtils.java:attempt(158)) - FAILED "waitForLeader-null-(expectLeader? true)", attempt #81/100: java.lang.IllegalStateException: No leader yet : printing ALL groups
  s0:  RUNNING CANDIDATE s0@group-3D81F66BC438:t362, leader=null, voted=s0, raftlog=s0@group-3D81F66BC438-SegmentedRaftLog:OPENED:c11,f12,i12, conf=11: [s0:0.0.0.0:42154, s1:0.0.0.0:36158, s2:0.0.0.0:36910], old=null RUNNING
  s1:  RUNNING  FOLLOWER s1@group-3D81F66BC438:t362, leader=null, voted=null, raftlog=s1@group-3D81F66BC438-SegmentedRaftLog:OPENED:c10,f11,i11, conf=11: [s0:0.0.0.0:42154, s1:0.0.0.0:36158, s2:0.0.0.0:36910], old=null RUNNING
  s2:  RUNNING CANDIDATE s2@group-3D81F66BC438:t361, leader=null, voted=s2, raftlog=s2@group-3D81F66BC438-SegmentedRaftLog:OPENED:c10,f10,i10, conf=9: [s0:0.0.0.0:42154, s1:0.0.0.0:36158, s2:0.0.0.0:36910], old=null RUNNING, sleep 450ms and then retry.
java.lang.IllegalStateException: No leader yet : printing ALL groups
  s0:  RUNNING CANDIDATE s0@group-3D81F66BC438:t362, leader=null, voted=s0, raftlog=s0@group-3D81F66BC438-SegmentedRaftLog:OPENED:c11,f12,i12, conf=11: [s0:0.0.0.0:42154, s1:0.0.0.0:36158, s2:0.0.0.0:36910], old=null RUNNING
  s1:  RUNNING  FOLLOWER s1@group-3D81F66BC438:t362, leader=null, voted=null, raftlog=s1@group-3D81F66BC438-SegmentedRaftLog:OPENED:c10,f11,i11, conf=11: [s0:0.0.0.0:42154, s1:0.0.0.0:36158, s2:0.0.0.0:36910], old=null RUNNING
  s2:  RUNNING CANDIDATE s2@group-3D81F66BC438:t361, leader=null, voted=s2, raftlog=s2@group-3D81F66BC438-SegmentedRaftLog:OPENED:c10,f10,i10, conf=9: [s0:0.0.0.0:42154, s1:0.0.0.0:36158, s2:0.0.0.0:36910], old=null RUNNING
	at org.apache.ratis.MiniRaftCluster.newIllegalStateExceptionForNoLeaders(MiniRaftCluster.java:506)
	at org.apache.ratis.RaftTestUtil.lambda$waitForLeader$1(RaftTestUtil.java:90)
	at org.apache.ratis.MiniRaftCluster.getLeader(MiniRaftCluster.java:539)
	at org.apache.ratis.MiniRaftCluster.getLeader(MiniRaftCluster.java:532)
	at org.apache.ratis.RaftTestUtil.lambda$waitForLeader$3(RaftTestUtil.java:98)
	at org.apache.ratis.util.JavaUtils.attempt(JavaUtils.java:152)
	at org.apache.ratis.RaftTestUtil.waitForLeader(RaftTestUtil.java:97)
	at org.apache.ratis.RaftTestUtil.waitForLeader(RaftTestUtil.java:77)
	at org.apache.ratis.RaftTestUtil.waitForLeader(RaftTestUtil.java:72)
	at org.apache.ratis.RaftTestUtil.lambda$changeLeader$7(RaftTestUtil.java:363)
	at org.apache.ratis.util.JavaUtils.attempt(JavaUtils.java:152)
	at org.apache.ratis.RaftTestUtil.changeLeader(RaftTestUtil.java:362)
	at org.apache.ratis.server.impl.LeaderElectionTests.testChangeLeader(LeaderElectionTests.java:81)
	at sun.reflect.NativeMethodAccessorImpl.invoke0(Native Method)
	at sun.reflect.NativeMethodAccessorImpl.invoke(NativeMethodAccessorImpl.java:62)
	at sun.reflect.DelegatingMethodAccessorImpl.invoke(DelegatingMethodAccessorImpl.java:43)
	at java.lang.reflect.Method.invoke(Method.java:498)
	at org.junit.runners.model.FrameworkMethod$1.runReflectiveCall(FrameworkMethod.java:50)
	at org.junit.internal.runners.model.ReflectiveCallable.run(ReflectiveCallable.java:12)
	at org.junit.runners.model.FrameworkMethod.invokeExplosively(FrameworkMethod.java:47)
	at org.junit.internal.runners.statements.InvokeMethod.evaluate(InvokeMethod.java:17)
	at org.junit.internal.runners.statements.RunAfters.evaluate(RunAfters.java:27)
	at org.junit.internal.runners.statements.FailOnTimeout$CallableStatement.call(FailOnTimeout.java:298)
	at org.junit.internal.runners.statements.FailOnTimeout$CallableStatement.call(FailOnTimeout.java:292)
	at java.util.concurrent.FutureTask.run(FutureTask.java:266)
	at java.lang.Thread.run(Thread.java:748)
2019-09-24 12:00:52,804 INFO  impl.LeaderElection (LeaderElection.java:logAndReturn(56)) - s2@group-3D81F66BC438-LeaderElection132: Election TIMEOUT; received 1 response(s) [s2<-s0#0:FAIL-t361] and 0 exception(s); s2@group-3D81F66BC438:t361, leader=null, voted=s2, raftlog=s2@group-3D81F66BC438-SegmentedRaftLog:OPENED:c10,f10,i10, conf=9: [s0:0.0.0.0:42154, s1:0.0.0.0:36158, s2:0.0.0.0:36910], old=null
2019-09-24 12:00:52,829 INFO  impl.LeaderElection (LeaderElection.java:askForVotes(178)) - s2@group-3D81F66BC438-LeaderElection132: begin an election at term 362 for 9: [s0:0.0.0.0:42154, s1:0.0.0.0:36158, s2:0.0.0.0:36910], old=null
2019-09-24 12:00:52,830 DEBUG impl.RaftServerImpl (RaftServerImpl.java:requestVote(743)) - s0@group-3D81F66BC438: receive requestVote(s2, group-3D81F66BC438, 362, (t:13, i:10))
2019-09-24 12:00:52,830 DEBUG impl.RaftServerImpl (RaftServerImpl.java:requestVote(775)) - s0@group-3D81F66BC438 replies to vote request: s2<-s0#0:FAIL-t362. Peer's state: s0@group-3D81F66BC438:t362, leader=null, voted=s0, raftlog=s0@group-3D81F66BC438-SegmentedRaftLog:OPENED:c11,f12,i12, conf=11: [s0:0.0.0.0:42154, s1:0.0.0.0:36158, s2:0.0.0.0:36910], old=null
2019-09-24 12:00:52,957 INFO  impl.LeaderElection (LeaderElection.java:logAndReturn(56)) - s0@group-3D81F66BC438-LeaderElection139: Election TIMEOUT; received 0 response(s) [] and 0 exception(s); s0@group-3D81F66BC438:t362, leader=null, voted=s0, raftlog=s0@group-3D81F66BC438-SegmentedRaftLog:OPENED:c11,f12,i12, conf=11: [s0:0.0.0.0:42154, s1:0.0.0.0:36158, s2:0.0.0.0:36910], old=null
2019-09-24 12:00:52,982 INFO  impl.LeaderElection (LeaderElection.java:askForVotes(178)) - s0@group-3D81F66BC438-LeaderElection139: begin an election at term 363 for 11: [s0:0.0.0.0:42154, s1:0.0.0.0:36158, s2:0.0.0.0:36910], old=null
2019-09-24 12:00:52,985 INFO  impl.FollowerState (FollowerState.java:run(108)) - s1@group-3D81F66BC438-FollowerState: change to CANDIDATE, lastRpcTime:269ms, electionTimeout:269ms
2019-09-24 12:00:52,985 INFO  impl.RoleInfo (RoleInfo.java:shutdownFollowerState(121)) - s1: shutdown FollowerState
2019-09-24 12:00:52,986 INFO  impl.RaftServerImpl (RaftServerImpl.java:setRole(170)) - s1@group-3D81F66BC438: changes role from  FOLLOWER to CANDIDATE at term 362 for changeToCandidate
2019-09-24 12:00:52,986 INFO  impl.RoleInfo (RoleInfo.java:updateAndGet(143)) - s1: start LeaderElection
2019-09-24 12:00:53,000 INFO  impl.LeaderElection (LeaderElection.java:askForVotes(178)) - s1@group-3D81F66BC438-LeaderElection140: begin an election at term 363 for 11: [s0:0.0.0.0:42154, s1:0.0.0.0:36158, s2:0.0.0.0:36910], old=null
2019-09-24 12:00:53,001 DEBUG impl.RaftServerImpl (RaftServerImpl.java:requestVote(743)) - s0@group-3D81F66BC438: receive requestVote(s1, group-3D81F66BC438, 363, (t:14, i:11))
2019-09-24 12:00:53,001 DEBUG impl.RaftServerImpl (RaftServerImpl.java:requestVote(775)) - s0@group-3D81F66BC438 replies to vote request: s1<-s0#0:FAIL-t363. Peer's state: s0@group-3D81F66BC438:t363, leader=null, voted=s0, raftlog=s0@group-3D81F66BC438-SegmentedRaftLog:OPENED:c11,f12,i12, conf=11: [s0:0.0.0.0:42154, s1:0.0.0.0:36158, s2:0.0.0.0:36910], old=null
2019-09-24 12:00:53,096 INFO  impl.LeaderElection (LeaderElection.java:logAndReturn(56)) - s2@group-3D81F66BC438-LeaderElection132: Election TIMEOUT; received 1 response(s) [s2<-s0#0:FAIL-t362] and 0 exception(s); s2@group-3D81F66BC438:t362, leader=null, voted=s2, raftlog=s2@group-3D81F66BC438-SegmentedRaftLog:OPENED:c10,f10,i10, conf=9: [s0:0.0.0.0:42154, s1:0.0.0.0:36158, s2:0.0.0.0:36910], old=null
2019-09-24 12:00:53,109 INFO  impl.LeaderElection (LeaderElection.java:askForVotes(178)) - s2@group-3D81F66BC438-LeaderElection132: begin an election at term 363 for 9: [s0:0.0.0.0:42154, s1:0.0.0.0:36158, s2:0.0.0.0:36910], old=null
2019-09-24 12:00:53,110 DEBUG impl.RaftServerImpl (RaftServerImpl.java:requestVote(743)) - s0@group-3D81F66BC438: receive requestVote(s2, group-3D81F66BC438, 363, (t:13, i:10))
2019-09-24 12:00:53,110 DEBUG impl.RaftServerImpl (RaftServerImpl.java:requestVote(775)) - s0@group-3D81F66BC438 replies to vote request: s2<-s0#0:FAIL-t363. Peer's state: s0@group-3D81F66BC438:t363, leader=null, voted=s0, raftlog=s0@group-3D81F66BC438-SegmentedRaftLog:OPENED:c11,f12,i12, conf=11: [s0:0.0.0.0:42154, s1:0.0.0.0:36158, s2:0.0.0.0:36910], old=null
2019-09-24 12:00:53,199 INFO  impl.LeaderElection (LeaderElection.java:logAndReturn(56)) - s0@group-3D81F66BC438-LeaderElection139: Election TIMEOUT; received 0 response(s) [] and 0 exception(s); s0@group-3D81F66BC438:t363, leader=null, voted=s0, raftlog=s0@group-3D81F66BC438-SegmentedRaftLog:OPENED:c11,f12,i12, conf=11: [s0:0.0.0.0:42154, s1:0.0.0.0:36158, s2:0.0.0.0:36910], old=null
2019-09-24 12:00:53,211 INFO  impl.LeaderElection (LeaderElection.java:logAndReturn(56)) - s1@group-3D81F66BC438-LeaderElection140: Election TIMEOUT; received 1 response(s) [s1<-s0#0:FAIL-t363] and 0 exception(s); s1@group-3D81F66BC438:t363, leader=null, voted=s1, raftlog=s1@group-3D81F66BC438-SegmentedRaftLog:OPENED:c10,f11,i11, conf=11: [s0:0.0.0.0:42154, s1:0.0.0.0:36158, s2:0.0.0.0:36910], old=null
2019-09-24 12:00:53,214 INFO  impl.LeaderElection (LeaderElection.java:askForVotes(178)) - s0@group-3D81F66BC438-LeaderElection139: begin an election at term 364 for 11: [s0:0.0.0.0:42154, s1:0.0.0.0:36158, s2:0.0.0.0:36910], old=null
2019-09-24 12:00:53,215 WARN  ratis.RaftTestUtil (JavaUtils.java:attempt(158)) - FAILED "waitForLeader-null-(expectLeader? true)", attempt #82/100: java.lang.IllegalStateException: No leader yet : printing ALL groups
  s0:  RUNNING CANDIDATE s0@group-3D81F66BC438:t364, leader=null, voted=s0, raftlog=s0@group-3D81F66BC438-SegmentedRaftLog:OPENED:c11,f12,i12, conf=11: [s0:0.0.0.0:42154, s1:0.0.0.0:36158, s2:0.0.0.0:36910], old=null RUNNING
  s1:  RUNNING CANDIDATE s1@group-3D81F66BC438:t364, leader=null, voted=s1, raftlog=s1@group-3D81F66BC438-SegmentedRaftLog:OPENED:c10,f11,i11, conf=11: [s0:0.0.0.0:42154, s1:0.0.0.0:36158, s2:0.0.0.0:36910], old=null RUNNING
  s2:  RUNNING CANDIDATE s2@group-3D81F66BC438:t363, leader=null, voted=s2, raftlog=s2@group-3D81F66BC438-SegmentedRaftLog:OPENED:c10,f10,i10, conf=9: [s0:0.0.0.0:42154, s1:0.0.0.0:36158, s2:0.0.0.0:36910], old=null RUNNING, sleep 450ms and then retry.
java.lang.IllegalStateException: No leader yet : printing ALL groups
  s0:  RUNNING CANDIDATE s0@group-3D81F66BC438:t364, leader=null, voted=s0, raftlog=s0@group-3D81F66BC438-SegmentedRaftLog:OPENED:c11,f12,i12, conf=11: [s0:0.0.0.0:42154, s1:0.0.0.0:36158, s2:0.0.0.0:36910], old=null RUNNING
  s1:  RUNNING CANDIDATE s1@group-3D81F66BC438:t364, leader=null, voted=s1, raftlog=s1@group-3D81F66BC438-SegmentedRaftLog:OPENED:c10,f11,i11, conf=11: [s0:0.0.0.0:42154, s1:0.0.0.0:36158, s2:0.0.0.0:36910], old=null RUNNING
  s2:  RUNNING CANDIDATE s2@group-3D81F66BC438:t363, leader=null, voted=s2, raftlog=s2@group-3D81F66BC438-SegmentedRaftLog:OPENED:c10,f10,i10, conf=9: [s0:0.0.0.0:42154, s1:0.0.0.0:36158, s2:0.0.0.0:36910], old=null RUNNING
	at org.apache.ratis.MiniRaftCluster.newIllegalStateExceptionForNoLeaders(MiniRaftCluster.java:506)
	at org.apache.ratis.RaftTestUtil.lambda$waitForLeader$1(RaftTestUtil.java:90)
	at org.apache.ratis.MiniRaftCluster.getLeader(MiniRaftCluster.java:539)
	at org.apache.ratis.MiniRaftCluster.getLeader(MiniRaftCluster.java:532)
	at org.apache.ratis.RaftTestUtil.lambda$waitForLeader$3(RaftTestUtil.java:98)
	at org.apache.ratis.util.JavaUtils.attempt(JavaUtils.java:152)
	at org.apache.ratis.RaftTestUtil.waitForLeader(RaftTestUtil.java:97)
	at org.apache.ratis.RaftTestUtil.waitForLeader(RaftTestUtil.java:77)
	at org.apache.ratis.RaftTestUtil.waitForLeader(RaftTestUtil.java:72)
	at org.apache.ratis.RaftTestUtil.lambda$changeLeader$7(RaftTestUtil.java:363)
	at org.apache.ratis.util.JavaUtils.attempt(JavaUtils.java:152)
	at org.apache.ratis.RaftTestUtil.changeLeader(RaftTestUtil.java:362)
	at org.apache.ratis.server.impl.LeaderElectionTests.testChangeLeader(LeaderElectionTests.java:81)
	at sun.reflect.NativeMethodAccessorImpl.invoke0(Native Method)
	at sun.reflect.NativeMethodAccessorImpl.invoke(NativeMethodAccessorImpl.java:62)
	at sun.reflect.DelegatingMethodAccessorImpl.invoke(DelegatingMethodAccessorImpl.java:43)
	at java.lang.reflect.Method.invoke(Method.java:498)
	at org.junit.runners.model.FrameworkMethod$1.runReflectiveCall(FrameworkMethod.java:50)
	at org.junit.internal.runners.model.ReflectiveCallable.run(ReflectiveCallable.java:12)
	at org.junit.runners.model.FrameworkMethod.invokeExplosively(FrameworkMethod.java:47)
	at org.junit.internal.runners.statements.InvokeMethod.evaluate(InvokeMethod.java:17)
	at org.junit.internal.runners.statements.RunAfters.evaluate(RunAfters.java:27)
	at org.junit.internal.runners.statements.FailOnTimeout$CallableStatement.call(FailOnTimeout.java:298)
	at org.junit.internal.runners.statements.FailOnTimeout$CallableStatement.call(FailOnTimeout.java:292)
	at java.util.concurrent.FutureTask.run(FutureTask.java:266)
	at java.lang.Thread.run(Thread.java:748)
2019-09-24 12:00:53,226 INFO  impl.LeaderElection (LeaderElection.java:askForVotes(178)) - s1@group-3D81F66BC438-LeaderElection140: begin an election at term 364 for 11: [s0:0.0.0.0:42154, s1:0.0.0.0:36158, s2:0.0.0.0:36910], old=null
2019-09-24 12:00:53,227 DEBUG impl.RaftServerImpl (RaftServerImpl.java:requestVote(743)) - s0@group-3D81F66BC438: receive requestVote(s1, group-3D81F66BC438, 364, (t:14, i:11))
2019-09-24 12:00:53,227 DEBUG impl.RaftServerImpl (RaftServerImpl.java:requestVote(775)) - s0@group-3D81F66BC438 replies to vote request: s1<-s0#0:FAIL-t364. Peer's state: s0@group-3D81F66BC438:t364, leader=null, voted=s0, raftlog=s0@group-3D81F66BC438-SegmentedRaftLog:OPENED:c11,f12,i12, conf=11: [s0:0.0.0.0:42154, s1:0.0.0.0:36158, s2:0.0.0.0:36910], old=null
2019-09-24 12:00:53,389 INFO  impl.LeaderElection (LeaderElection.java:logAndReturn(56)) - s2@group-3D81F66BC438-LeaderElection132: Election TIMEOUT; received 1 response(s) [s2<-s0#0:FAIL-t363] and 0 exception(s); s2@group-3D81F66BC438:t363, leader=null, voted=s2, raftlog=s2@group-3D81F66BC438-SegmentedRaftLog:OPENED:c10,f10,i10, conf=9: [s0:0.0.0.0:42154, s1:0.0.0.0:36158, s2:0.0.0.0:36910], old=null
2019-09-24 12:00:53,392 INFO  impl.LeaderElection (LeaderElection.java:logAndReturn(56)) - s1@group-3D81F66BC438-LeaderElection140: Election TIMEOUT; received 1 response(s) [s1<-s0#0:FAIL-t364] and 0 exception(s); s1@group-3D81F66BC438:t364, leader=null, voted=s1, raftlog=s1@group-3D81F66BC438-SegmentedRaftLog:OPENED:c10,f11,i11, conf=11: [s0:0.0.0.0:42154, s1:0.0.0.0:36158, s2:0.0.0.0:36910], old=null
2019-09-24 12:00:53,403 INFO  impl.LeaderElection (LeaderElection.java:askForVotes(178)) - s2@group-3D81F66BC438-LeaderElection132: begin an election at term 364 for 9: [s0:0.0.0.0:42154, s1:0.0.0.0:36158, s2:0.0.0.0:36910], old=null
2019-09-24 12:00:53,403 INFO  impl.LeaderElection (LeaderElection.java:askForVotes(178)) - s1@group-3D81F66BC438-LeaderElection140: begin an election at term 365 for 11: [s0:0.0.0.0:42154, s1:0.0.0.0:36158, s2:0.0.0.0:36910], old=null
2019-09-24 12:00:53,403 DEBUG impl.RaftServerImpl (RaftServerImpl.java:requestVote(743)) - s0@group-3D81F66BC438: receive requestVote(s2, group-3D81F66BC438, 364, (t:13, i:10))
2019-09-24 12:00:53,404 DEBUG impl.RaftServerImpl (RaftServerImpl.java:requestVote(743)) - s0@group-3D81F66BC438: receive requestVote(s1, group-3D81F66BC438, 365, (t:14, i:11))
2019-09-24 12:00:53,404 DEBUG impl.RaftServerImpl (RaftServerImpl.java:requestVote(775)) - s0@group-3D81F66BC438 replies to vote request: s2<-s0#0:FAIL-t364. Peer's state: s0@group-3D81F66BC438:t364, leader=null, voted=s0, raftlog=s0@group-3D81F66BC438-SegmentedRaftLog:OPENED:c11,f12,i12, conf=11: [s0:0.0.0.0:42154, s1:0.0.0.0:36158, s2:0.0.0.0:36910], old=null
2019-09-24 12:00:53,404 INFO  impl.RaftServerImpl (RaftServerImpl.java:setRole(170)) - s0@group-3D81F66BC438: changes role from CANDIDATE to FOLLOWER at term 365 for recognizeCandidate:s1
2019-09-24 12:00:53,404 INFO  impl.RoleInfo (RoleInfo.java:shutdownLeaderElection(134)) - s0: shutdown LeaderElection
2019-09-24 12:00:53,405 INFO  impl.RoleInfo (RoleInfo.java:updateAndGet(143)) - s0: start FollowerState
2019-09-24 12:00:53,430 DEBUG impl.RaftServerImpl (RaftServerImpl.java:requestVote(775)) - s0@group-3D81F66BC438 replies to vote request: s1<-s0#0:FAIL-t365. Peer's state: s0@group-3D81F66BC438:t365, leader=null, voted=null, raftlog=s0@group-3D81F66BC438-SegmentedRaftLog:OPENED:c11,f12,i12, conf=11: [s0:0.0.0.0:42154, s1:0.0.0.0:36158, s2:0.0.0.0:36910], old=null
2019-09-24 12:00:53,447 INFO  impl.LeaderElection (LeaderElection.java:logAndReturn(56)) - s0@group-3D81F66BC438-LeaderElection139: Election REJECTED; received 0 response(s) [] and 0 exception(s); s0@group-3D81F66BC438:t365, leader=null, voted=null, raftlog=s0@group-3D81F66BC438-SegmentedRaftLog:OPENED:c11,f12,i12, conf=11: [s0:0.0.0.0:42154, s1:0.0.0.0:36158, s2:0.0.0.0:36910], old=null
2019-09-24 12:00:53,560 INFO  impl.LeaderElection (LeaderElection.java:logAndReturn(56)) - s2@group-3D81F66BC438-LeaderElection132: Election TIMEOUT; received 1 response(s) [s2<-s0#0:FAIL-t364] and 0 exception(s); s2@group-3D81F66BC438:t364, leader=null, voted=s2, raftlog=s2@group-3D81F66BC438-SegmentedRaftLog:OPENED:c10,f10,i10, conf=9: [s0:0.0.0.0:42154, s1:0.0.0.0:36158, s2:0.0.0.0:36910], old=null
2019-09-24 12:00:53,585 INFO  impl.LeaderElection (LeaderElection.java:askForVotes(178)) - s2@group-3D81F66BC438-LeaderElection132: begin an election at term 365 for 9: [s0:0.0.0.0:42154, s1:0.0.0.0:36158, s2:0.0.0.0:36910], old=null
2019-09-24 12:00:53,585 DEBUG impl.RaftServerImpl (RaftServerImpl.java:requestVote(743)) - s0@group-3D81F66BC438: receive requestVote(s2, group-3D81F66BC438, 365, (t:13, i:10))
2019-09-24 12:00:53,586 INFO  impl.RaftServerImpl (RaftServerImpl.java:setRole(170)) - s0@group-3D81F66BC438: changes role from  FOLLOWER to FOLLOWER at term 365 for recognizeCandidate:s2
2019-09-24 12:00:53,586 INFO  impl.RoleInfo (RoleInfo.java:shutdownFollowerState(121)) - s0: shutdown FollowerState
2019-09-24 12:00:53,586 INFO  impl.RoleInfo (RoleInfo.java:updateAndGet(143)) - s0: start FollowerState
2019-09-24 12:00:53,586 INFO  impl.FollowerState (FollowerState.java:run(117)) - s0@group-3D81F66BC438-FollowerState was interrupted: java.lang.InterruptedException: sleep interrupted
2019-09-24 12:00:53,586 DEBUG impl.RaftServerImpl (RaftServerImpl.java:requestVote(775)) - s0@group-3D81F66BC438 replies to vote request: s2<-s0#0:FAIL-t365. Peer's state: s0@group-3D81F66BC438:t365, leader=null, voted=null, raftlog=s0@group-3D81F66BC438-SegmentedRaftLog:OPENED:c11,f12,i12, conf=11: [s0:0.0.0.0:42154, s1:0.0.0.0:36158, s2:0.0.0.0:36910], old=null
2019-09-24 12:00:53,608 INFO  impl.LeaderElection (LeaderElection.java:logAndReturn(56)) - s1@group-3D81F66BC438-LeaderElection140: Election TIMEOUT; received 1 response(s) [s1<-s0#0:FAIL-t365] and 0 exception(s); s1@group-3D81F66BC438:t365, leader=null, voted=s1, raftlog=s1@group-3D81F66BC438-SegmentedRaftLog:OPENED:c10,f11,i11, conf=11: [s0:0.0.0.0:42154, s1:0.0.0.0:36158, s2:0.0.0.0:36910], old=null
2019-09-24 12:00:53,621 INFO  impl.LeaderElection (LeaderElection.java:askForVotes(178)) - s1@group-3D81F66BC438-LeaderElection140: begin an election at term 366 for 11: [s0:0.0.0.0:42154, s1:0.0.0.0:36158, s2:0.0.0.0:36910], old=null
2019-09-24 12:00:53,622 DEBUG impl.RaftServerImpl (RaftServerImpl.java:requestVote(743)) - s0@group-3D81F66BC438: receive requestVote(s1, group-3D81F66BC438, 366, (t:14, i:11))
2019-09-24 12:00:53,622 INFO  impl.RaftServerImpl (RaftServerImpl.java:setRole(170)) - s0@group-3D81F66BC438: changes role from  FOLLOWER to FOLLOWER at term 366 for recognizeCandidate:s1
2019-09-24 12:00:53,622 INFO  impl.RoleInfo (RoleInfo.java:shutdownFollowerState(121)) - s0: shutdown FollowerState
2019-09-24 12:00:53,622 INFO  impl.RoleInfo (RoleInfo.java:updateAndGet(143)) - s0: start FollowerState
2019-09-24 12:00:53,622 INFO  impl.FollowerState (FollowerState.java:run(117)) - s0@group-3D81F66BC438-FollowerState was interrupted: java.lang.InterruptedException: sleep interrupted
2019-09-24 12:00:53,635 DEBUG impl.RaftServerImpl (RaftServerImpl.java:requestVote(775)) - s0@group-3D81F66BC438 replies to vote request: s1<-s0#0:FAIL-t366. Peer's state: s0@group-3D81F66BC438:t366, leader=null, voted=null, raftlog=s0@group-3D81F66BC438-SegmentedRaftLog:OPENED:c11,f12,i12, conf=11: [s0:0.0.0.0:42154, s1:0.0.0.0:36158, s2:0.0.0.0:36910], old=null
2019-09-24 12:00:53,666 WARN  ratis.RaftTestUtil (JavaUtils.java:attempt(158)) - FAILED "waitForLeader-null-(expectLeader? true)", attempt #83/100: java.lang.IllegalStateException: No leader yet : printing ALL groups
  s0:  RUNNING  FOLLOWER s0@group-3D81F66BC438:t366, leader=null, voted=null, raftlog=s0@group-3D81F66BC438-SegmentedRaftLog:OPENED:c11,f12,i12, conf=11: [s0:0.0.0.0:42154, s1:0.0.0.0:36158, s2:0.0.0.0:36910], old=null RUNNING
  s1:  RUNNING CANDIDATE s1@group-3D81F66BC438:t366, leader=null, voted=s1, raftlog=s1@group-3D81F66BC438-SegmentedRaftLog:OPENED:c10,f11,i11, conf=11: [s0:0.0.0.0:42154, s1:0.0.0.0:36158, s2:0.0.0.0:36910], old=null RUNNING
  s2:  RUNNING CANDIDATE s2@group-3D81F66BC438:t365, leader=null, voted=s2, raftlog=s2@group-3D81F66BC438-SegmentedRaftLog:OPENED:c10,f10,i10, conf=9: [s0:0.0.0.0:42154, s1:0.0.0.0:36158, s2:0.0.0.0:36910], old=null RUNNING, sleep 450ms and then retry.
java.lang.IllegalStateException: No leader yet : printing ALL groups
  s0:  RUNNING  FOLLOWER s0@group-3D81F66BC438:t366, leader=null, voted=null, raftlog=s0@group-3D81F66BC438-SegmentedRaftLog:OPENED:c11,f12,i12, conf=11: [s0:0.0.0.0:42154, s1:0.0.0.0:36158, s2:0.0.0.0:36910], old=null RUNNING
  s1:  RUNNING CANDIDATE s1@group-3D81F66BC438:t366, leader=null, voted=s1, raftlog=s1@group-3D81F66BC438-SegmentedRaftLog:OPENED:c10,f11,i11, conf=11: [s0:0.0.0.0:42154, s1:0.0.0.0:36158, s2:0.0.0.0:36910], old=null RUNNING
  s2:  RUNNING CANDIDATE s2@group-3D81F66BC438:t365, leader=null, voted=s2, raftlog=s2@group-3D81F66BC438-SegmentedRaftLog:OPENED:c10,f10,i10, conf=9: [s0:0.0.0.0:42154, s1:0.0.0.0:36158, s2:0.0.0.0:36910], old=null RUNNING
	at org.apache.ratis.MiniRaftCluster.newIllegalStateExceptionForNoLeaders(MiniRaftCluster.java:506)
	at org.apache.ratis.RaftTestUtil.lambda$waitForLeader$1(RaftTestUtil.java:90)
	at org.apache.ratis.MiniRaftCluster.getLeader(MiniRaftCluster.java:539)
	at org.apache.ratis.MiniRaftCluster.getLeader(MiniRaftCluster.java:532)
	at org.apache.ratis.RaftTestUtil.lambda$waitForLeader$3(RaftTestUtil.java:98)
	at org.apache.ratis.util.JavaUtils.attempt(JavaUtils.java:152)
	at org.apache.ratis.RaftTestUtil.waitForLeader(RaftTestUtil.java:97)
	at org.apache.ratis.RaftTestUtil.waitForLeader(RaftTestUtil.java:77)
	at org.apache.ratis.RaftTestUtil.waitForLeader(RaftTestUtil.java:72)
	at org.apache.ratis.RaftTestUtil.lambda$changeLeader$7(RaftTestUtil.java:363)
	at org.apache.ratis.util.JavaUtils.attempt(JavaUtils.java:152)
	at org.apache.ratis.RaftTestUtil.changeLeader(RaftTestUtil.java:362)
	at org.apache.ratis.server.impl.LeaderElectionTests.testChangeLeader(LeaderElectionTests.java:81)
	at sun.reflect.NativeMethodAccessorImpl.invoke0(Native Method)
	at sun.reflect.NativeMethodAccessorImpl.invoke(NativeMethodAccessorImpl.java:62)
	at sun.reflect.DelegatingMethodAccessorImpl.invoke(DelegatingMethodAccessorImpl.java:43)
	at java.lang.reflect.Method.invoke(Method.java:498)
	at org.junit.runners.model.FrameworkMethod$1.runReflectiveCall(FrameworkMethod.java:50)
	at org.junit.internal.runners.model.ReflectiveCallable.run(ReflectiveCallable.java:12)
	at org.junit.runners.model.FrameworkMethod.invokeExplosively(FrameworkMethod.java:47)
	at org.junit.internal.runners.statements.InvokeMethod.evaluate(InvokeMethod.java:17)
	at org.junit.internal.runners.statements.RunAfters.evaluate(RunAfters.java:27)
	at org.junit.internal.runners.statements.FailOnTimeout$CallableStatement.call(FailOnTimeout.java:298)
	at org.junit.internal.runners.statements.FailOnTimeout$CallableStatement.call(FailOnTimeout.java:292)
	at java.util.concurrent.FutureTask.run(FutureTask.java:266)
	at java.lang.Thread.run(Thread.java:748)
2019-09-24 12:00:53,787 INFO  impl.LeaderElection (LeaderElection.java:logAndReturn(56)) - s2@group-3D81F66BC438-LeaderElection132: Election TIMEOUT; received 1 response(s) [s2<-s0#0:FAIL-t365] and 0 exception(s); s2@group-3D81F66BC438:t365, leader=null, voted=s2, raftlog=s2@group-3D81F66BC438-SegmentedRaftLog:OPENED:c10,f10,i10, conf=9: [s0:0.0.0.0:42154, s1:0.0.0.0:36158, s2:0.0.0.0:36910], old=null
2019-09-24 12:00:53,800 INFO  impl.LeaderElection (LeaderElection.java:askForVotes(178)) - s2@group-3D81F66BC438-LeaderElection132: begin an election at term 366 for 9: [s0:0.0.0.0:42154, s1:0.0.0.0:36158, s2:0.0.0.0:36910], old=null
2019-09-24 12:00:53,801 DEBUG impl.RaftServerImpl (RaftServerImpl.java:requestVote(743)) - s0@group-3D81F66BC438: receive requestVote(s2, group-3D81F66BC438, 366, (t:13, i:10))
2019-09-24 12:00:53,801 INFO  impl.RaftServerImpl (RaftServerImpl.java:setRole(170)) - s0@group-3D81F66BC438: changes role from  FOLLOWER to FOLLOWER at term 366 for recognizeCandidate:s2
2019-09-24 12:00:53,801 INFO  impl.RoleInfo (RoleInfo.java:shutdownFollowerState(121)) - s0: shutdown FollowerState
2019-09-24 12:00:53,801 INFO  impl.RoleInfo (RoleInfo.java:updateAndGet(143)) - s0: start FollowerState
2019-09-24 12:00:53,801 INFO  impl.FollowerState (FollowerState.java:run(117)) - s0@group-3D81F66BC438-FollowerState was interrupted: java.lang.InterruptedException: sleep interrupted
2019-09-24 12:00:53,802 DEBUG impl.RaftServerImpl (RaftServerImpl.java:requestVote(775)) - s0@group-3D81F66BC438 replies to vote request: s2<-s0#0:FAIL-t366. Peer's state: s0@group-3D81F66BC438:t366, leader=null, voted=null, raftlog=s0@group-3D81F66BC438-SegmentedRaftLog:OPENED:c11,f12,i12, conf=11: [s0:0.0.0.0:42154, s1:0.0.0.0:36158, s2:0.0.0.0:36910], old=null
2019-09-24 12:00:53,854 INFO  impl.LeaderElection (LeaderElection.java:logAndReturn(56)) - s1@group-3D81F66BC438-LeaderElection140: Election TIMEOUT; received 1 response(s) [s1<-s0#0:FAIL-t366] and 0 exception(s); s1@group-3D81F66BC438:t366, leader=null, voted=s1, raftlog=s1@group-3D81F66BC438-SegmentedRaftLog:OPENED:c10,f11,i11, conf=11: [s0:0.0.0.0:42154, s1:0.0.0.0:36158, s2:0.0.0.0:36910], old=null
2019-09-24 12:00:53,867 INFO  impl.LeaderElection (LeaderElection.java:askForVotes(178)) - s1@group-3D81F66BC438-LeaderElection140: begin an election at term 367 for 11: [s0:0.0.0.0:42154, s1:0.0.0.0:36158, s2:0.0.0.0:36910], old=null
2019-09-24 12:00:53,868 DEBUG impl.RaftServerImpl (RaftServerImpl.java:requestVote(743)) - s0@group-3D81F66BC438: receive requestVote(s1, group-3D81F66BC438, 367, (t:14, i:11))
2019-09-24 12:00:53,868 INFO  impl.RaftServerImpl (RaftServerImpl.java:setRole(170)) - s0@group-3D81F66BC438: changes role from  FOLLOWER to FOLLOWER at term 367 for recognizeCandidate:s1
2019-09-24 12:00:53,868 INFO  impl.RoleInfo (RoleInfo.java:shutdownFollowerState(121)) - s0: shutdown FollowerState
2019-09-24 12:00:53,868 INFO  impl.RoleInfo (RoleInfo.java:updateAndGet(143)) - s0: start FollowerState
2019-09-24 12:00:53,868 INFO  impl.FollowerState (FollowerState.java:run(117)) - s0@group-3D81F66BC438-FollowerState was interrupted: java.lang.InterruptedException: sleep interrupted
2019-09-24 12:00:53,894 DEBUG impl.RaftServerImpl (RaftServerImpl.java:requestVote(775)) - s0@group-3D81F66BC438 replies to vote request: s1<-s0#0:FAIL-t367. Peer's state: s0@group-3D81F66BC438:t367, leader=null, voted=null, raftlog=s0@group-3D81F66BC438-SegmentedRaftLog:OPENED:c11,f12,i12, conf=11: [s0:0.0.0.0:42154, s1:0.0.0.0:36158, s2:0.0.0.0:36910], old=null
2019-09-24 12:00:53,997 INFO  impl.LeaderElection (LeaderElection.java:logAndReturn(56)) - s2@group-3D81F66BC438-LeaderElection132: Election TIMEOUT; received 1 response(s) [s2<-s0#0:FAIL-t366] and 0 exception(s); s2@group-3D81F66BC438:t366, leader=null, voted=s2, raftlog=s2@group-3D81F66BC438-SegmentedRaftLog:OPENED:c10,f10,i10, conf=9: [s0:0.0.0.0:42154, s1:0.0.0.0:36158, s2:0.0.0.0:36910], old=null
2019-09-24 12:00:54,012 INFO  impl.LeaderElection (LeaderElection.java:askForVotes(178)) - s2@group-3D81F66BC438-LeaderElection132: begin an election at term 367 for 9: [s0:0.0.0.0:42154, s1:0.0.0.0:36158, s2:0.0.0.0:36910], old=null
2019-09-24 12:00:54,013 DEBUG impl.RaftServerImpl (RaftServerImpl.java:requestVote(743)) - s0@group-3D81F66BC438: receive requestVote(s2, group-3D81F66BC438, 367, (t:13, i:10))
2019-09-24 12:00:54,013 INFO  impl.RaftServerImpl (RaftServerImpl.java:setRole(170)) - s0@group-3D81F66BC438: changes role from  FOLLOWER to FOLLOWER at term 367 for recognizeCandidate:s2
2019-09-24 12:00:54,013 INFO  impl.RoleInfo (RoleInfo.java:shutdownFollowerState(121)) - s0: shutdown FollowerState
2019-09-24 12:00:54,013 INFO  impl.RoleInfo (RoleInfo.java:updateAndGet(143)) - s0: start FollowerState
2019-09-24 12:00:54,014 INFO  impl.FollowerState (FollowerState.java:run(117)) - s0@group-3D81F66BC438-FollowerState was interrupted: java.lang.InterruptedException: sleep interrupted
2019-09-24 12:00:54,014 DEBUG impl.RaftServerImpl (RaftServerImpl.java:requestVote(775)) - s0@group-3D81F66BC438 replies to vote request: s2<-s0#0:FAIL-t367. Peer's state: s0@group-3D81F66BC438:t367, leader=null, voted=null, raftlog=s0@group-3D81F66BC438-SegmentedRaftLog:OPENED:c11,f12,i12, conf=11: [s0:0.0.0.0:42154, s1:0.0.0.0:36158, s2:0.0.0.0:36910], old=null
2019-09-24 12:00:54,043 INFO  impl.LeaderElection (LeaderElection.java:logAndReturn(56)) - s1@group-3D81F66BC438-LeaderElection140: Election TIMEOUT; received 1 response(s) [s1<-s0#0:FAIL-t367] and 0 exception(s); s1@group-3D81F66BC438:t367, leader=null, voted=s1, raftlog=s1@group-3D81F66BC438-SegmentedRaftLog:OPENED:c10,f11,i11, conf=11: [s0:0.0.0.0:42154, s1:0.0.0.0:36158, s2:0.0.0.0:36910], old=null
2019-09-24 12:00:54,076 INFO  impl.LeaderElection (LeaderElection.java:askForVotes(178)) - s1@group-3D81F66BC438-LeaderElection140: begin an election at term 368 for 11: [s0:0.0.0.0:42154, s1:0.0.0.0:36158, s2:0.0.0.0:36910], old=null
2019-09-24 12:00:54,076 DEBUG impl.RaftServerImpl (RaftServerImpl.java:requestVote(743)) - s0@group-3D81F66BC438: receive requestVote(s1, group-3D81F66BC438, 368, (t:14, i:11))
2019-09-24 12:00:54,076 INFO  impl.RaftServerImpl (RaftServerImpl.java:setRole(170)) - s0@group-3D81F66BC438: changes role from  FOLLOWER to FOLLOWER at term 368 for recognizeCandidate:s1
2019-09-24 12:00:54,076 INFO  impl.RoleInfo (RoleInfo.java:shutdownFollowerState(121)) - s0: shutdown FollowerState
2019-09-24 12:00:54,077 INFO  impl.RoleInfo (RoleInfo.java:updateAndGet(143)) - s0: start FollowerState
2019-09-24 12:00:54,077 INFO  impl.FollowerState (FollowerState.java:run(117)) - s0@group-3D81F66BC438-FollowerState was interrupted: java.lang.InterruptedException: sleep interrupted
2019-09-24 12:00:54,090 DEBUG impl.RaftServerImpl (RaftServerImpl.java:requestVote(775)) - s0@group-3D81F66BC438 replies to vote request: s1<-s0#0:FAIL-t368. Peer's state: s0@group-3D81F66BC438:t368, leader=null, voted=null, raftlog=s0@group-3D81F66BC438-SegmentedRaftLog:OPENED:c11,f12,i12, conf=11: [s0:0.0.0.0:42154, s1:0.0.0.0:36158, s2:0.0.0.0:36910], old=null
2019-09-24 12:00:54,117 WARN  ratis.RaftTestUtil (JavaUtils.java:attempt(158)) - FAILED "waitForLeader-null-(expectLeader? true)", attempt #84/100: java.lang.IllegalStateException: No leader yet : printing ALL groups
  s0:  RUNNING  FOLLOWER s0@group-3D81F66BC438:t368, leader=null, voted=null, raftlog=s0@group-3D81F66BC438-SegmentedRaftLog:OPENED:c11,f12,i12, conf=11: [s0:0.0.0.0:42154, s1:0.0.0.0:36158, s2:0.0.0.0:36910], old=null RUNNING
  s1:  RUNNING CANDIDATE s1@group-3D81F66BC438:t368, leader=null, voted=s1, raftlog=s1@group-3D81F66BC438-SegmentedRaftLog:OPENED:c10,f11,i11, conf=11: [s0:0.0.0.0:42154, s1:0.0.0.0:36158, s2:0.0.0.0:36910], old=null RUNNING
  s2:  RUNNING CANDIDATE s2@group-3D81F66BC438:t367, leader=null, voted=s2, raftlog=s2@group-3D81F66BC438-SegmentedRaftLog:OPENED:c10,f10,i10, conf=9: [s0:0.0.0.0:42154, s1:0.0.0.0:36158, s2:0.0.0.0:36910], old=null RUNNING, sleep 450ms and then retry.
java.lang.IllegalStateException: No leader yet : printing ALL groups
  s0:  RUNNING  FOLLOWER s0@group-3D81F66BC438:t368, leader=null, voted=null, raftlog=s0@group-3D81F66BC438-SegmentedRaftLog:OPENED:c11,f12,i12, conf=11: [s0:0.0.0.0:42154, s1:0.0.0.0:36158, s2:0.0.0.0:36910], old=null RUNNING
  s1:  RUNNING CANDIDATE s1@group-3D81F66BC438:t368, leader=null, voted=s1, raftlog=s1@group-3D81F66BC438-SegmentedRaftLog:OPENED:c10,f11,i11, conf=11: [s0:0.0.0.0:42154, s1:0.0.0.0:36158, s2:0.0.0.0:36910], old=null RUNNING
  s2:  RUNNING CANDIDATE s2@group-3D81F66BC438:t367, leader=null, voted=s2, raftlog=s2@group-3D81F66BC438-SegmentedRaftLog:OPENED:c10,f10,i10, conf=9: [s0:0.0.0.0:42154, s1:0.0.0.0:36158, s2:0.0.0.0:36910], old=null RUNNING
	at org.apache.ratis.MiniRaftCluster.newIllegalStateExceptionForNoLeaders(MiniRaftCluster.java:506)
	at org.apache.ratis.RaftTestUtil.lambda$waitForLeader$1(RaftTestUtil.java:90)
	at org.apache.ratis.MiniRaftCluster.getLeader(MiniRaftCluster.java:539)
	at org.apache.ratis.MiniRaftCluster.getLeader(MiniRaftCluster.java:532)
	at org.apache.ratis.RaftTestUtil.lambda$waitForLeader$3(RaftTestUtil.java:98)
	at org.apache.ratis.util.JavaUtils.attempt(JavaUtils.java:152)
	at org.apache.ratis.RaftTestUtil.waitForLeader(RaftTestUtil.java:97)
	at org.apache.ratis.RaftTestUtil.waitForLeader(RaftTestUtil.java:77)
	at org.apache.ratis.RaftTestUtil.waitForLeader(RaftTestUtil.java:72)
	at org.apache.ratis.RaftTestUtil.lambda$changeLeader$7(RaftTestUtil.java:363)
	at org.apache.ratis.util.JavaUtils.attempt(JavaUtils.java:152)
	at org.apache.ratis.RaftTestUtil.changeLeader(RaftTestUtil.java:362)
	at org.apache.ratis.server.impl.LeaderElectionTests.testChangeLeader(LeaderElectionTests.java:81)
	at sun.reflect.NativeMethodAccessorImpl.invoke0(Native Method)
	at sun.reflect.NativeMethodAccessorImpl.invoke(NativeMethodAccessorImpl.java:62)
	at sun.reflect.DelegatingMethodAccessorImpl.invoke(DelegatingMethodAccessorImpl.java:43)
	at java.lang.reflect.Method.invoke(Method.java:498)
	at org.junit.runners.model.FrameworkMethod$1.runReflectiveCall(FrameworkMethod.java:50)
	at org.junit.internal.runners.model.ReflectiveCallable.run(ReflectiveCallable.java:12)
	at org.junit.runners.model.FrameworkMethod.invokeExplosively(FrameworkMethod.java:47)
	at org.junit.internal.runners.statements.InvokeMethod.evaluate(InvokeMethod.java:17)
	at org.junit.internal.runners.statements.RunAfters.evaluate(RunAfters.java:27)
	at org.junit.internal.runners.statements.FailOnTimeout$CallableStatement.call(FailOnTimeout.java:298)
	at org.junit.internal.runners.statements.FailOnTimeout$CallableStatement.call(FailOnTimeout.java:292)
	at java.util.concurrent.FutureTask.run(FutureTask.java:266)
	at java.lang.Thread.run(Thread.java:748)
2019-09-24 12:00:54,202 INFO  impl.LeaderElection (LeaderElection.java:logAndReturn(56)) - s2@group-3D81F66BC438-LeaderElection132: Election TIMEOUT; received 1 response(s) [s2<-s0#0:FAIL-t367] and 0 exception(s); s2@group-3D81F66BC438:t367, leader=null, voted=s2, raftlog=s2@group-3D81F66BC438-SegmentedRaftLog:OPENED:c10,f10,i10, conf=9: [s0:0.0.0.0:42154, s1:0.0.0.0:36158, s2:0.0.0.0:36910], old=null
2019-09-24 12:00:54,215 INFO  impl.LeaderElection (LeaderElection.java:askForVotes(178)) - s2@group-3D81F66BC438-LeaderElection132: begin an election at term 368 for 9: [s0:0.0.0.0:42154, s1:0.0.0.0:36158, s2:0.0.0.0:36910], old=null
2019-09-24 12:00:54,216 DEBUG impl.RaftServerImpl (RaftServerImpl.java:requestVote(743)) - s0@group-3D81F66BC438: receive requestVote(s2, group-3D81F66BC438, 368, (t:13, i:10))
2019-09-24 12:00:54,216 INFO  impl.RaftServerImpl (RaftServerImpl.java:setRole(170)) - s0@group-3D81F66BC438: changes role from  FOLLOWER to FOLLOWER at term 368 for recognizeCandidate:s2
2019-09-24 12:00:54,216 INFO  impl.RoleInfo (RoleInfo.java:shutdownFollowerState(121)) - s0: shutdown FollowerState
2019-09-24 12:00:54,216 INFO  impl.RoleInfo (RoleInfo.java:updateAndGet(143)) - s0: start FollowerState
2019-09-24 12:00:54,216 INFO  impl.FollowerState (FollowerState.java:run(117)) - s0@group-3D81F66BC438-FollowerState was interrupted: java.lang.InterruptedException: sleep interrupted
2019-09-24 12:00:54,217 DEBUG impl.RaftServerImpl (RaftServerImpl.java:requestVote(775)) - s0@group-3D81F66BC438 replies to vote request: s2<-s0#0:FAIL-t368. Peer's state: s0@group-3D81F66BC438:t368, leader=null, voted=null, raftlog=s0@group-3D81F66BC438-SegmentedRaftLog:OPENED:c11,f12,i12, conf=11: [s0:0.0.0.0:42154, s1:0.0.0.0:36158, s2:0.0.0.0:36910], old=null
2019-09-24 12:00:54,278 INFO  impl.LeaderElection (LeaderElection.java:logAndReturn(56)) - s1@group-3D81F66BC438-LeaderElection140: Election TIMEOUT; received 1 response(s) [s1<-s0#0:FAIL-t368] and 0 exception(s); s1@group-3D81F66BC438:t368, leader=null, voted=s1, raftlog=s1@group-3D81F66BC438-SegmentedRaftLog:OPENED:c10,f11,i11, conf=11: [s0:0.0.0.0:42154, s1:0.0.0.0:36158, s2:0.0.0.0:36910], old=null
2019-09-24 12:00:54,291 INFO  impl.LeaderElection (LeaderElection.java:askForVotes(178)) - s1@group-3D81F66BC438-LeaderElection140: begin an election at term 369 for 11: [s0:0.0.0.0:42154, s1:0.0.0.0:36158, s2:0.0.0.0:36910], old=null
2019-09-24 12:00:54,292 DEBUG impl.RaftServerImpl (RaftServerImpl.java:requestVote(743)) - s0@group-3D81F66BC438: receive requestVote(s1, group-3D81F66BC438, 369, (t:14, i:11))
2019-09-24 12:00:54,292 INFO  impl.RaftServerImpl (RaftServerImpl.java:setRole(170)) - s0@group-3D81F66BC438: changes role from  FOLLOWER to FOLLOWER at term 369 for recognizeCandidate:s1
2019-09-24 12:00:54,292 INFO  impl.RoleInfo (RoleInfo.java:shutdownFollowerState(121)) - s0: shutdown FollowerState
2019-09-24 12:00:54,292 INFO  impl.RoleInfo (RoleInfo.java:updateAndGet(143)) - s0: start FollowerState
2019-09-24 12:00:54,293 INFO  impl.FollowerState (FollowerState.java:run(117)) - s0@group-3D81F66BC438-FollowerState was interrupted: java.lang.InterruptedException: sleep interrupted
2019-09-24 12:00:54,307 DEBUG impl.RaftServerImpl (RaftServerImpl.java:requestVote(775)) - s0@group-3D81F66BC438 replies to vote request: s1<-s0#0:FAIL-t369. Peer's state: s0@group-3D81F66BC438:t369, leader=null, voted=null, raftlog=s0@group-3D81F66BC438-SegmentedRaftLog:OPENED:c11,f12,i12, conf=11: [s0:0.0.0.0:42154, s1:0.0.0.0:36158, s2:0.0.0.0:36910], old=null
2019-09-24 12:00:54,371 INFO  impl.LeaderElection (LeaderElection.java:logAndReturn(56)) - s2@group-3D81F66BC438-LeaderElection132: Election TIMEOUT; received 1 response(s) [s2<-s0#0:FAIL-t368] and 0 exception(s); s2@group-3D81F66BC438:t368, leader=null, voted=s2, raftlog=s2@group-3D81F66BC438-SegmentedRaftLog:OPENED:c10,f10,i10, conf=9: [s0:0.0.0.0:42154, s1:0.0.0.0:36158, s2:0.0.0.0:36910], old=null
2019-09-24 12:00:54,393 INFO  impl.LeaderElection (LeaderElection.java:askForVotes(178)) - s2@group-3D81F66BC438-LeaderElection132: begin an election at term 369 for 9: [s0:0.0.0.0:42154, s1:0.0.0.0:36158, s2:0.0.0.0:36910], old=null
2019-09-24 12:00:54,393 DEBUG impl.RaftServerImpl (RaftServerImpl.java:requestVote(743)) - s0@group-3D81F66BC438: receive requestVote(s2, group-3D81F66BC438, 369, (t:13, i:10))
2019-09-24 12:00:54,393 INFO  impl.RaftServerImpl (RaftServerImpl.java:setRole(170)) - s0@group-3D81F66BC438: changes role from  FOLLOWER to FOLLOWER at term 369 for recognizeCandidate:s2
2019-09-24 12:00:54,394 INFO  impl.RoleInfo (RoleInfo.java:shutdownFollowerState(121)) - s0: shutdown FollowerState
2019-09-24 12:00:54,394 INFO  impl.RoleInfo (RoleInfo.java:updateAndGet(143)) - s0: start FollowerState
2019-09-24 12:00:54,394 INFO  impl.FollowerState (FollowerState.java:run(117)) - s0@group-3D81F66BC438-FollowerState was interrupted: java.lang.InterruptedException: sleep interrupted
2019-09-24 12:00:54,394 DEBUG impl.RaftServerImpl (RaftServerImpl.java:requestVote(775)) - s0@group-3D81F66BC438 replies to vote request: s2<-s0#0:FAIL-t369. Peer's state: s0@group-3D81F66BC438:t369, leader=null, voted=null, raftlog=s0@group-3D81F66BC438-SegmentedRaftLog:OPENED:c11,f12,i12, conf=11: [s0:0.0.0.0:42154, s1:0.0.0.0:36158, s2:0.0.0.0:36910], old=null
2019-09-24 12:00:54,452 INFO  impl.LeaderElection (LeaderElection.java:logAndReturn(56)) - s1@group-3D81F66BC438-LeaderElection140: Election TIMEOUT; received 1 response(s) [s1<-s0#0:FAIL-t369] and 0 exception(s); s1@group-3D81F66BC438:t369, leader=null, voted=s1, raftlog=s1@group-3D81F66BC438-SegmentedRaftLog:OPENED:c10,f11,i11, conf=11: [s0:0.0.0.0:42154, s1:0.0.0.0:36158, s2:0.0.0.0:36910], old=null
2019-09-24 12:00:54,467 INFO  impl.LeaderElection (LeaderElection.java:askForVotes(178)) - s1@group-3D81F66BC438-LeaderElection140: begin an election at term 370 for 11: [s0:0.0.0.0:42154, s1:0.0.0.0:36158, s2:0.0.0.0:36910], old=null
2019-09-24 12:00:54,468 DEBUG impl.RaftServerImpl (RaftServerImpl.java:requestVote(743)) - s0@group-3D81F66BC438: receive requestVote(s1, group-3D81F66BC438, 370, (t:14, i:11))
2019-09-24 12:00:54,468 INFO  impl.RaftServerImpl (RaftServerImpl.java:setRole(170)) - s0@group-3D81F66BC438: changes role from  FOLLOWER to FOLLOWER at term 370 for recognizeCandidate:s1
2019-09-24 12:00:54,468 INFO  impl.RoleInfo (RoleInfo.java:shutdownFollowerState(121)) - s0: shutdown FollowerState
2019-09-24 12:00:54,468 INFO  impl.RoleInfo (RoleInfo.java:updateAndGet(143)) - s0: start FollowerState
2019-09-24 12:00:54,468 INFO  impl.FollowerState (FollowerState.java:run(117)) - s0@group-3D81F66BC438-FollowerState was interrupted: java.lang.InterruptedException: sleep interrupted
2019-09-24 12:00:54,481 DEBUG impl.RaftServerImpl (RaftServerImpl.java:requestVote(775)) - s0@group-3D81F66BC438 replies to vote request: s1<-s0#0:FAIL-t370. Peer's state: s0@group-3D81F66BC438:t370, leader=null, voted=null, raftlog=s0@group-3D81F66BC438-SegmentedRaftLog:OPENED:c11,f12,i12, conf=11: [s0:0.0.0.0:42154, s1:0.0.0.0:36158, s2:0.0.0.0:36910], old=null
2019-09-24 12:00:54,568 WARN  ratis.RaftTestUtil (JavaUtils.java:attempt(158)) - FAILED "waitForLeader-null-(expectLeader? true)", attempt #85/100: java.lang.IllegalStateException: No leader yet : printing ALL groups
  s0:  RUNNING  FOLLOWER s0@group-3D81F66BC438:t370, leader=null, voted=null, raftlog=s0@group-3D81F66BC438-SegmentedRaftLog:OPENED:c11,f12,i12, conf=11: [s0:0.0.0.0:42154, s1:0.0.0.0:36158, s2:0.0.0.0:36910], old=null RUNNING
  s1:  RUNNING CANDIDATE s1@group-3D81F66BC438:t370, leader=null, voted=s1, raftlog=s1@group-3D81F66BC438-SegmentedRaftLog:OPENED:c10,f11,i11, conf=11: [s0:0.0.0.0:42154, s1:0.0.0.0:36158, s2:0.0.0.0:36910], old=null RUNNING
  s2:  RUNNING CANDIDATE s2@group-3D81F66BC438:t369, leader=null, voted=s2, raftlog=s2@group-3D81F66BC438-SegmentedRaftLog:OPENED:c10,f10,i10, conf=9: [s0:0.0.0.0:42154, s1:0.0.0.0:36158, s2:0.0.0.0:36910], old=null RUNNING, sleep 450ms and then retry.
java.lang.IllegalStateException: No leader yet : printing ALL groups
  s0:  RUNNING  FOLLOWER s0@group-3D81F66BC438:t370, leader=null, voted=null, raftlog=s0@group-3D81F66BC438-SegmentedRaftLog:OPENED:c11,f12,i12, conf=11: [s0:0.0.0.0:42154, s1:0.0.0.0:36158, s2:0.0.0.0:36910], old=null RUNNING
  s1:  RUNNING CANDIDATE s1@group-3D81F66BC438:t370, leader=null, voted=s1, raftlog=s1@group-3D81F66BC438-SegmentedRaftLog:OPENED:c10,f11,i11, conf=11: [s0:0.0.0.0:42154, s1:0.0.0.0:36158, s2:0.0.0.0:36910], old=null RUNNING
  s2:  RUNNING CANDIDATE s2@group-3D81F66BC438:t369, leader=null, voted=s2, raftlog=s2@group-3D81F66BC438-SegmentedRaftLog:OPENED:c10,f10,i10, conf=9: [s0:0.0.0.0:42154, s1:0.0.0.0:36158, s2:0.0.0.0:36910], old=null RUNNING
	at org.apache.ratis.MiniRaftCluster.newIllegalStateExceptionForNoLeaders(MiniRaftCluster.java:506)
	at org.apache.ratis.RaftTestUtil.lambda$waitForLeader$1(RaftTestUtil.java:90)
	at org.apache.ratis.MiniRaftCluster.getLeader(MiniRaftCluster.java:539)
	at org.apache.ratis.MiniRaftCluster.getLeader(MiniRaftCluster.java:532)
	at org.apache.ratis.RaftTestUtil.lambda$waitForLeader$3(RaftTestUtil.java:98)
	at org.apache.ratis.util.JavaUtils.attempt(JavaUtils.java:152)
	at org.apache.ratis.RaftTestUtil.waitForLeader(RaftTestUtil.java:97)
	at org.apache.ratis.RaftTestUtil.waitForLeader(RaftTestUtil.java:77)
	at org.apache.ratis.RaftTestUtil.waitForLeader(RaftTestUtil.java:72)
	at org.apache.ratis.RaftTestUtil.lambda$changeLeader$7(RaftTestUtil.java:363)
	at org.apache.ratis.util.JavaUtils.attempt(JavaUtils.java:152)
	at org.apache.ratis.RaftTestUtil.changeLeader(RaftTestUtil.java:362)
	at org.apache.ratis.server.impl.LeaderElectionTests.testChangeLeader(LeaderElectionTests.java:81)
	at sun.reflect.NativeMethodAccessorImpl.invoke0(Native Method)
	at sun.reflect.NativeMethodAccessorImpl.invoke(NativeMethodAccessorImpl.java:62)
	at sun.reflect.DelegatingMethodAccessorImpl.invoke(DelegatingMethodAccessorImpl.java:43)
	at java.lang.reflect.Method.invoke(Method.java:498)
	at org.junit.runners.model.FrameworkMethod$1.runReflectiveCall(FrameworkMethod.java:50)
	at org.junit.internal.runners.model.ReflectiveCallable.run(ReflectiveCallable.java:12)
	at org.junit.runners.model.FrameworkMethod.invokeExplosively(FrameworkMethod.java:47)
	at org.junit.internal.runners.statements.InvokeMethod.evaluate(InvokeMethod.java:17)
	at org.junit.internal.runners.statements.RunAfters.evaluate(RunAfters.java:27)
	at org.junit.internal.runners.statements.FailOnTimeout$CallableStatement.call(FailOnTimeout.java:298)
	at org.junit.internal.runners.statements.FailOnTimeout$CallableStatement.call(FailOnTimeout.java:292)
	at java.util.concurrent.FutureTask.run(FutureTask.java:266)
	at java.lang.Thread.run(Thread.java:748)
2019-09-24 12:00:54,679 INFO  impl.FollowerState (FollowerState.java:run(108)) - s0@group-3D81F66BC438-FollowerState: change to CANDIDATE, lastRpcTime:210ms, electionTimeout:210ms
2019-09-24 12:00:54,679 INFO  impl.RoleInfo (RoleInfo.java:shutdownFollowerState(121)) - s0: shutdown FollowerState
2019-09-24 12:00:54,679 INFO  impl.RaftServerImpl (RaftServerImpl.java:setRole(170)) - s0@group-3D81F66BC438: changes role from  FOLLOWER to CANDIDATE at term 370 for changeToCandidate
2019-09-24 12:00:54,679 INFO  impl.RoleInfo (RoleInfo.java:updateAndGet(143)) - s0: start LeaderElection
2019-09-24 12:00:54,690 INFO  impl.LeaderElection (LeaderElection.java:logAndReturn(56)) - s2@group-3D81F66BC438-LeaderElection132: Election TIMEOUT; received 1 response(s) [s2<-s0#0:FAIL-t369] and 0 exception(s); s2@group-3D81F66BC438:t369, leader=null, voted=s2, raftlog=s2@group-3D81F66BC438-SegmentedRaftLog:OPENED:c10,f10,i10, conf=9: [s0:0.0.0.0:42154, s1:0.0.0.0:36158, s2:0.0.0.0:36910], old=null
2019-09-24 12:00:54,694 INFO  impl.LeaderElection (LeaderElection.java:askForVotes(178)) - s0@group-3D81F66BC438-LeaderElection141: begin an election at term 371 for 11: [s0:0.0.0.0:42154, s1:0.0.0.0:36158, s2:0.0.0.0:36910], old=null
2019-09-24 12:00:54,694 INFO  impl.LeaderElection (LeaderElection.java:askForVotes(178)) - s2@group-3D81F66BC438-LeaderElection132: begin an election at term 370 for 9: [s0:0.0.0.0:42154, s1:0.0.0.0:36158, s2:0.0.0.0:36910], old=null
2019-09-24 12:00:54,695 DEBUG impl.RaftServerImpl (RaftServerImpl.java:requestVote(743)) - s0@group-3D81F66BC438: receive requestVote(s2, group-3D81F66BC438, 370, (t:13, i:10))
2019-09-24 12:00:54,695 DEBUG impl.RaftServerImpl (RaftServerImpl.java:requestVote(775)) - s0@group-3D81F66BC438 replies to vote request: s2<-s0#0:FAIL-t371. Peer's state: s0@group-3D81F66BC438:t371, leader=null, voted=s0, raftlog=s0@group-3D81F66BC438-SegmentedRaftLog:OPENED:c11,f12,i12, conf=11: [s0:0.0.0.0:42154, s1:0.0.0.0:36158, s2:0.0.0.0:36910], old=null
2019-09-24 12:00:54,695 INFO  impl.LeaderElection (LeaderElection.java:logAndReturn(56)) - s2@group-3D81F66BC438-LeaderElection132: Election DISCOVERED_A_NEW_TERM; received 1 response(s) [s2<-s0#0:FAIL-t371] and 0 exception(s); s2@group-3D81F66BC438:t370, leader=null, voted=s2, raftlog=s2@group-3D81F66BC438-SegmentedRaftLog:OPENED:c10,f10,i10, conf=9: [s0:0.0.0.0:42154, s1:0.0.0.0:36158, s2:0.0.0.0:36910], old=null
2019-09-24 12:00:54,696 INFO  impl.RaftServerImpl (RaftServerImpl.java:setRole(170)) - s2@group-3D81F66BC438: changes role from CANDIDATE to FOLLOWER at term 371 for DISCOVERED_A_NEW_TERM
2019-09-24 12:00:54,696 INFO  impl.RoleInfo (RoleInfo.java:shutdownLeaderElection(134)) - s2: shutdown LeaderElection
2019-09-24 12:00:54,696 INFO  impl.RoleInfo (RoleInfo.java:updateAndGet(143)) - s2: start FollowerState
2019-09-24 12:00:54,761 INFO  impl.LeaderElection (LeaderElection.java:logAndReturn(56)) - s1@group-3D81F66BC438-LeaderElection140: Election TIMEOUT; received 1 response(s) [s1<-s0#0:FAIL-t370] and 0 exception(s); s1@group-3D81F66BC438:t370, leader=null, voted=s1, raftlog=s1@group-3D81F66BC438-SegmentedRaftLog:OPENED:c10,f11,i11, conf=11: [s0:0.0.0.0:42154, s1:0.0.0.0:36158, s2:0.0.0.0:36910], old=null
2019-09-24 12:00:54,776 INFO  impl.LeaderElection (LeaderElection.java:askForVotes(178)) - s1@group-3D81F66BC438-LeaderElection140: begin an election at term 371 for 11: [s0:0.0.0.0:42154, s1:0.0.0.0:36158, s2:0.0.0.0:36910], old=null
2019-09-24 12:00:54,776 DEBUG impl.RaftServerImpl (RaftServerImpl.java:requestVote(743)) - s0@group-3D81F66BC438: receive requestVote(s1, group-3D81F66BC438, 371, (t:14, i:11))
2019-09-24 12:00:54,776 DEBUG impl.RaftServerImpl (RaftServerImpl.java:requestVote(775)) - s0@group-3D81F66BC438 replies to vote request: s1<-s0#0:FAIL-t371. Peer's state: s0@group-3D81F66BC438:t371, leader=null, voted=s0, raftlog=s0@group-3D81F66BC438-SegmentedRaftLog:OPENED:c11,f12,i12, conf=11: [s0:0.0.0.0:42154, s1:0.0.0.0:36158, s2:0.0.0.0:36910], old=null
2019-09-24 12:00:54,883 INFO  impl.LeaderElection (LeaderElection.java:logAndReturn(56)) - s0@group-3D81F66BC438-LeaderElection141: Election TIMEOUT; received 0 response(s) [] and 0 exception(s); s0@group-3D81F66BC438:t371, leader=null, voted=s0, raftlog=s0@group-3D81F66BC438-SegmentedRaftLog:OPENED:c11,f12,i12, conf=11: [s0:0.0.0.0:42154, s1:0.0.0.0:36158, s2:0.0.0.0:36910], old=null
2019-09-24 12:00:54,896 INFO  impl.LeaderElection (LeaderElection.java:askForVotes(178)) - s0@group-3D81F66BC438-LeaderElection141: begin an election at term 372 for 11: [s0:0.0.0.0:42154, s1:0.0.0.0:36158, s2:0.0.0.0:36910], old=null
2019-09-24 12:00:54,921 INFO  impl.FollowerState (FollowerState.java:run(108)) - s2@group-3D81F66BC438-FollowerState: change to CANDIDATE, lastRpcTime:224ms, electionTimeout:224ms
2019-09-24 12:00:54,921 INFO  impl.RoleInfo (RoleInfo.java:shutdownFollowerState(121)) - s2: shutdown FollowerState
2019-09-24 12:00:54,921 INFO  impl.RaftServerImpl (RaftServerImpl.java:setRole(170)) - s2@group-3D81F66BC438: changes role from  FOLLOWER to CANDIDATE at term 371 for changeToCandidate
2019-09-24 12:00:54,921 INFO  impl.RoleInfo (RoleInfo.java:updateAndGet(143)) - s2: start LeaderElection
2019-09-24 12:00:54,936 INFO  impl.LeaderElection (LeaderElection.java:askForVotes(178)) - s2@group-3D81F66BC438-LeaderElection142: begin an election at term 372 for 9: [s0:0.0.0.0:42154, s1:0.0.0.0:36158, s2:0.0.0.0:36910], old=null
2019-09-24 12:00:54,937 DEBUG impl.RaftServerImpl (RaftServerImpl.java:requestVote(743)) - s0@group-3D81F66BC438: receive requestVote(s2, group-3D81F66BC438, 372, (t:13, i:10))
2019-09-24 12:00:54,937 DEBUG impl.RaftServerImpl (RaftServerImpl.java:requestVote(775)) - s0@group-3D81F66BC438 replies to vote request: s2<-s0#0:FAIL-t372. Peer's state: s0@group-3D81F66BC438:t372, leader=null, voted=s0, raftlog=s0@group-3D81F66BC438-SegmentedRaftLog:OPENED:c11,f12,i12, conf=11: [s0:0.0.0.0:42154, s1:0.0.0.0:36158, s2:0.0.0.0:36910], old=null
2019-09-24 12:00:54,955 INFO  impl.LeaderElection (LeaderElection.java:logAndReturn(56)) - s1@group-3D81F66BC438-LeaderElection140: Election TIMEOUT; received 1 response(s) [s1<-s0#0:FAIL-t371] and 0 exception(s); s1@group-3D81F66BC438:t371, leader=null, voted=s1, raftlog=s1@group-3D81F66BC438-SegmentedRaftLog:OPENED:c10,f11,i11, conf=11: [s0:0.0.0.0:42154, s1:0.0.0.0:36158, s2:0.0.0.0:36910], old=null
2019-09-24 12:00:54,978 INFO  impl.LeaderElection (LeaderElection.java:askForVotes(178)) - s1@group-3D81F66BC438-LeaderElection140: begin an election at term 372 for 11: [s0:0.0.0.0:42154, s1:0.0.0.0:36158, s2:0.0.0.0:36910], old=null
2019-09-24 12:00:54,979 DEBUG impl.RaftServerImpl (RaftServerImpl.java:requestVote(743)) - s0@group-3D81F66BC438: receive requestVote(s1, group-3D81F66BC438, 372, (t:14, i:11))
2019-09-24 12:00:54,979 DEBUG impl.RaftServerImpl (RaftServerImpl.java:requestVote(775)) - s0@group-3D81F66BC438 replies to vote request: s1<-s0#0:FAIL-t372. Peer's state: s0@group-3D81F66BC438:t372, leader=null, voted=s0, raftlog=s0@group-3D81F66BC438-SegmentedRaftLog:OPENED:c11,f12,i12, conf=11: [s0:0.0.0.0:42154, s1:0.0.0.0:36158, s2:0.0.0.0:36910], old=null
2019-09-24 12:00:55,019 WARN  ratis.RaftTestUtil (JavaUtils.java:attempt(158)) - FAILED "waitForLeader-null-(expectLeader? true)", attempt #86/100: java.lang.IllegalStateException: No leader yet : printing ALL groups
  s0:  RUNNING CANDIDATE s0@group-3D81F66BC438:t372, leader=null, voted=s0, raftlog=s0@group-3D81F66BC438-SegmentedRaftLog:OPENED:c11,f12,i12, conf=11: [s0:0.0.0.0:42154, s1:0.0.0.0:36158, s2:0.0.0.0:36910], old=null RUNNING
  s1:  RUNNING CANDIDATE s1@group-3D81F66BC438:t372, leader=null, voted=s1, raftlog=s1@group-3D81F66BC438-SegmentedRaftLog:OPENED:c10,f11,i11, conf=11: [s0:0.0.0.0:42154, s1:0.0.0.0:36158, s2:0.0.0.0:36910], old=null RUNNING
  s2:  RUNNING CANDIDATE s2@group-3D81F66BC438:t372, leader=null, voted=s2, raftlog=s2@group-3D81F66BC438-SegmentedRaftLog:OPENED:c10,f10,i10, conf=9: [s0:0.0.0.0:42154, s1:0.0.0.0:36158, s2:0.0.0.0:36910], old=null RUNNING, sleep 450ms and then retry.
java.lang.IllegalStateException: No leader yet : printing ALL groups
  s0:  RUNNING CANDIDATE s0@group-3D81F66BC438:t372, leader=null, voted=s0, raftlog=s0@group-3D81F66BC438-SegmentedRaftLog:OPENED:c11,f12,i12, conf=11: [s0:0.0.0.0:42154, s1:0.0.0.0:36158, s2:0.0.0.0:36910], old=null RUNNING
  s1:  RUNNING CANDIDATE s1@group-3D81F66BC438:t372, leader=null, voted=s1, raftlog=s1@group-3D81F66BC438-SegmentedRaftLog:OPENED:c10,f11,i11, conf=11: [s0:0.0.0.0:42154, s1:0.0.0.0:36158, s2:0.0.0.0:36910], old=null RUNNING
  s2:  RUNNING CANDIDATE s2@group-3D81F66BC438:t372, leader=null, voted=s2, raftlog=s2@group-3D81F66BC438-SegmentedRaftLog:OPENED:c10,f10,i10, conf=9: [s0:0.0.0.0:42154, s1:0.0.0.0:36158, s2:0.0.0.0:36910], old=null RUNNING
	at org.apache.ratis.MiniRaftCluster.newIllegalStateExceptionForNoLeaders(MiniRaftCluster.java:506)
	at org.apache.ratis.RaftTestUtil.lambda$waitForLeader$1(RaftTestUtil.java:90)
	at org.apache.ratis.MiniRaftCluster.getLeader(MiniRaftCluster.java:539)
	at org.apache.ratis.MiniRaftCluster.getLeader(MiniRaftCluster.java:532)
	at org.apache.ratis.RaftTestUtil.lambda$waitForLeader$3(RaftTestUtil.java:98)
	at org.apache.ratis.util.JavaUtils.attempt(JavaUtils.java:152)
	at org.apache.ratis.RaftTestUtil.waitForLeader(RaftTestUtil.java:97)
	at org.apache.ratis.RaftTestUtil.waitForLeader(RaftTestUtil.java:77)
	at org.apache.ratis.RaftTestUtil.waitForLeader(RaftTestUtil.java:72)
	at org.apache.ratis.RaftTestUtil.lambda$changeLeader$7(RaftTestUtil.java:363)
	at org.apache.ratis.util.JavaUtils.attempt(JavaUtils.java:152)
	at org.apache.ratis.RaftTestUtil.changeLeader(RaftTestUtil.java:362)
	at org.apache.ratis.server.impl.LeaderElectionTests.testChangeLeader(LeaderElectionTests.java:81)
	at sun.reflect.NativeMethodAccessorImpl.invoke0(Native Method)
	at sun.reflect.NativeMethodAccessorImpl.invoke(NativeMethodAccessorImpl.java:62)
	at sun.reflect.DelegatingMethodAccessorImpl.invoke(DelegatingMethodAccessorImpl.java:43)
	at java.lang.reflect.Method.invoke(Method.java:498)
	at org.junit.runners.model.FrameworkMethod$1.runReflectiveCall(FrameworkMethod.java:50)
	at org.junit.internal.runners.model.ReflectiveCallable.run(ReflectiveCallable.java:12)
	at org.junit.runners.model.FrameworkMethod.invokeExplosively(FrameworkMethod.java:47)
	at org.junit.internal.runners.statements.InvokeMethod.evaluate(InvokeMethod.java:17)
	at org.junit.internal.runners.statements.RunAfters.evaluate(RunAfters.java:27)
	at org.junit.internal.runners.statements.FailOnTimeout$CallableStatement.call(FailOnTimeout.java:298)
	at org.junit.internal.runners.statements.FailOnTimeout$CallableStatement.call(FailOnTimeout.java:292)
	at java.util.concurrent.FutureTask.run(FutureTask.java:266)
	at java.lang.Thread.run(Thread.java:748)
2019-09-24 12:00:55,099 INFO  impl.LeaderElection (LeaderElection.java:logAndReturn(56)) - s2@group-3D81F66BC438-LeaderElection142: Election TIMEOUT; received 1 response(s) [s2<-s0#0:FAIL-t372] and 0 exception(s); s2@group-3D81F66BC438:t372, leader=null, voted=s2, raftlog=s2@group-3D81F66BC438-SegmentedRaftLog:OPENED:c10,f10,i10, conf=9: [s0:0.0.0.0:42154, s1:0.0.0.0:36158, s2:0.0.0.0:36910], old=null
2019-09-24 12:00:55,120 INFO  impl.LeaderElection (LeaderElection.java:askForVotes(178)) - s2@group-3D81F66BC438-LeaderElection142: begin an election at term 373 for 9: [s0:0.0.0.0:42154, s1:0.0.0.0:36158, s2:0.0.0.0:36910], old=null
2019-09-24 12:00:55,121 DEBUG impl.RaftServerImpl (RaftServerImpl.java:requestVote(743)) - s0@group-3D81F66BC438: receive requestVote(s2, group-3D81F66BC438, 373, (t:13, i:10))
2019-09-24 12:00:55,121 INFO  impl.RaftServerImpl (RaftServerImpl.java:setRole(170)) - s0@group-3D81F66BC438: changes role from CANDIDATE to FOLLOWER at term 373 for recognizeCandidate:s2
2019-09-24 12:00:55,121 INFO  impl.RoleInfo (RoleInfo.java:shutdownLeaderElection(134)) - s0: shutdown LeaderElection
2019-09-24 12:00:55,121 INFO  impl.RoleInfo (RoleInfo.java:updateAndGet(143)) - s0: start FollowerState
2019-09-24 12:00:55,129 INFO  impl.LeaderElection (LeaderElection.java:logAndReturn(56)) - s1@group-3D81F66BC438-LeaderElection140: Election TIMEOUT; received 1 response(s) [s1<-s0#0:FAIL-t372] and 0 exception(s); s1@group-3D81F66BC438:t372, leader=null, voted=s1, raftlog=s1@group-3D81F66BC438-SegmentedRaftLog:OPENED:c10,f11,i11, conf=11: [s0:0.0.0.0:42154, s1:0.0.0.0:36158, s2:0.0.0.0:36910], old=null
2019-09-24 12:00:55,137 INFO  impl.LeaderElection (LeaderElection.java:askForVotes(178)) - s1@group-3D81F66BC438-LeaderElection140: begin an election at term 373 for 11: [s0:0.0.0.0:42154, s1:0.0.0.0:36158, s2:0.0.0.0:36910], old=null
2019-09-24 12:00:55,137 DEBUG impl.RaftServerImpl (RaftServerImpl.java:requestVote(775)) - s0@group-3D81F66BC438 replies to vote request: s2<-s0#0:FAIL-t373. Peer's state: s0@group-3D81F66BC438:t373, leader=null, voted=null, raftlog=s0@group-3D81F66BC438-SegmentedRaftLog:OPENED:c11,f12,i12, conf=11: [s0:0.0.0.0:42154, s1:0.0.0.0:36158, s2:0.0.0.0:36910], old=null
2019-09-24 12:00:55,137 DEBUG impl.RaftServerImpl (RaftServerImpl.java:requestVote(743)) - s0@group-3D81F66BC438: receive requestVote(s1, group-3D81F66BC438, 373, (t:14, i:11))
2019-09-24 12:00:55,137 INFO  impl.RaftServerImpl (RaftServerImpl.java:setRole(170)) - s0@group-3D81F66BC438: changes role from  FOLLOWER to FOLLOWER at term 373 for recognizeCandidate:s1
2019-09-24 12:00:55,137 INFO  impl.RoleInfo (RoleInfo.java:shutdownFollowerState(121)) - s0: shutdown FollowerState
2019-09-24 12:00:55,138 INFO  impl.RoleInfo (RoleInfo.java:updateAndGet(143)) - s0: start FollowerState
2019-09-24 12:00:55,138 INFO  impl.FollowerState (FollowerState.java:run(117)) - s0@group-3D81F66BC438-FollowerState was interrupted: java.lang.InterruptedException: sleep interrupted
2019-09-24 12:00:55,138 DEBUG impl.RaftServerImpl (RaftServerImpl.java:requestVote(775)) - s0@group-3D81F66BC438 replies to vote request: s1<-s0#0:FAIL-t373. Peer's state: s0@group-3D81F66BC438:t373, leader=null, voted=null, raftlog=s0@group-3D81F66BC438-SegmentedRaftLog:OPENED:c11,f12,i12, conf=11: [s0:0.0.0.0:42154, s1:0.0.0.0:36158, s2:0.0.0.0:36910], old=null
2019-09-24 12:00:55,145 INFO  impl.LeaderElection (LeaderElection.java:logAndReturn(56)) - s0@group-3D81F66BC438-LeaderElection141: Election REJECTED; received 0 response(s) [] and 0 exception(s); s0@group-3D81F66BC438:t373, leader=null, voted=null, raftlog=s0@group-3D81F66BC438-SegmentedRaftLog:OPENED:c11,f12,i12, conf=11: [s0:0.0.0.0:42154, s1:0.0.0.0:36158, s2:0.0.0.0:36910], old=null
2019-09-24 12:00:55,295 INFO  impl.FollowerState (FollowerState.java:run(108)) - s0@group-3D81F66BC438-FollowerState: change to CANDIDATE, lastRpcTime:157ms, electionTimeout:157ms
2019-09-24 12:00:55,295 INFO  impl.RoleInfo (RoleInfo.java:shutdownFollowerState(121)) - s0: shutdown FollowerState
2019-09-24 12:00:55,296 INFO  impl.RaftServerImpl (RaftServerImpl.java:setRole(170)) - s0@group-3D81F66BC438: changes role from  FOLLOWER to CANDIDATE at term 373 for changeToCandidate
2019-09-24 12:00:55,296 INFO  impl.RoleInfo (RoleInfo.java:updateAndGet(143)) - s0: start LeaderElection
2019-09-24 12:00:55,310 INFO  impl.LeaderElection (LeaderElection.java:askForVotes(178)) - s0@group-3D81F66BC438-LeaderElection143: begin an election at term 374 for 11: [s0:0.0.0.0:42154, s1:0.0.0.0:36158, s2:0.0.0.0:36910], old=null
2019-09-24 12:00:55,327 INFO  impl.LeaderElection (LeaderElection.java:logAndReturn(56)) - s1@group-3D81F66BC438-LeaderElection140: Election TIMEOUT; received 1 response(s) [s1<-s0#0:FAIL-t373] and 0 exception(s); s1@group-3D81F66BC438:t373, leader=null, voted=s1, raftlog=s1@group-3D81F66BC438-SegmentedRaftLog:OPENED:c10,f11,i11, conf=11: [s0:0.0.0.0:42154, s1:0.0.0.0:36158, s2:0.0.0.0:36910], old=null
2019-09-24 12:00:55,351 INFO  impl.LeaderElection (LeaderElection.java:logAndReturn(56)) - s2@group-3D81F66BC438-LeaderElection142: Election TIMEOUT; received 1 response(s) [s2<-s0#0:FAIL-t373] and 0 exception(s); s2@group-3D81F66BC438:t373, leader=null, voted=s2, raftlog=s2@group-3D81F66BC438-SegmentedRaftLog:OPENED:c10,f10,i10, conf=9: [s0:0.0.0.0:42154, s1:0.0.0.0:36158, s2:0.0.0.0:36910], old=null
2019-09-24 12:00:55,352 INFO  impl.LeaderElection (LeaderElection.java:askForVotes(178)) - s1@group-3D81F66BC438-LeaderElection140: begin an election at term 374 for 11: [s0:0.0.0.0:42154, s1:0.0.0.0:36158, s2:0.0.0.0:36910], old=null
2019-09-24 12:00:55,353 DEBUG impl.RaftServerImpl (RaftServerImpl.java:requestVote(743)) - s0@group-3D81F66BC438: receive requestVote(s1, group-3D81F66BC438, 374, (t:14, i:11))
2019-09-24 12:00:55,353 DEBUG impl.RaftServerImpl (RaftServerImpl.java:requestVote(775)) - s0@group-3D81F66BC438 replies to vote request: s1<-s0#0:FAIL-t374. Peer's state: s0@group-3D81F66BC438:t374, leader=null, voted=s0, raftlog=s0@group-3D81F66BC438-SegmentedRaftLog:OPENED:c11,f12,i12, conf=11: [s0:0.0.0.0:42154, s1:0.0.0.0:36158, s2:0.0.0.0:36910], old=null
2019-09-24 12:00:55,354 INFO  impl.LeaderElection (LeaderElection.java:askForVotes(178)) - s2@group-3D81F66BC438-LeaderElection142: begin an election at term 374 for 9: [s0:0.0.0.0:42154, s1:0.0.0.0:36158, s2:0.0.0.0:36910], old=null
2019-09-24 12:00:55,355 DEBUG impl.RaftServerImpl (RaftServerImpl.java:requestVote(743)) - s0@group-3D81F66BC438: receive requestVote(s2, group-3D81F66BC438, 374, (t:13, i:10))
2019-09-24 12:00:55,355 DEBUG impl.RaftServerImpl (RaftServerImpl.java:requestVote(775)) - s0@group-3D81F66BC438 replies to vote request: s2<-s0#0:FAIL-t374. Peer's state: s0@group-3D81F66BC438:t374, leader=null, voted=s0, raftlog=s0@group-3D81F66BC438-SegmentedRaftLog:OPENED:c11,f12,i12, conf=11: [s0:0.0.0.0:42154, s1:0.0.0.0:36158, s2:0.0.0.0:36910], old=null
2019-09-24 12:00:55,444 INFO  ratis.MiniRaftCluster (MiniRaftCluster.java:lambda$null$5(297)) - TIMED-PRINT: printing ALL groups
  s0:  RUNNING CANDIDATE s0@group-3D81F66BC438:t374, leader=null, voted=s0, raftlog=s0@group-3D81F66BC438-SegmentedRaftLog:OPENED:c11,f12,i12, conf=11: [s0:0.0.0.0:42154, s1:0.0.0.0:36158, s2:0.0.0.0:36910], old=null RUNNING
  s1:  RUNNING CANDIDATE s1@group-3D81F66BC438:t374, leader=null, voted=s1, raftlog=s1@group-3D81F66BC438-SegmentedRaftLog:OPENED:c10,f11,i11, conf=11: [s0:0.0.0.0:42154, s1:0.0.0.0:36158, s2:0.0.0.0:36910], old=null RUNNING
  s2:  RUNNING CANDIDATE s2@group-3D81F66BC438:t374, leader=null, voted=s2, raftlog=s2@group-3D81F66BC438-SegmentedRaftLog:OPENED:c10,f10,i10, conf=9: [s0:0.0.0.0:42154, s1:0.0.0.0:36158, s2:0.0.0.0:36910], old=null RUNNING
2019-09-24 12:00:55,470 WARN  ratis.RaftTestUtil (JavaUtils.java:attempt(158)) - FAILED "waitForLeader-null-(expectLeader? true)", attempt #87/100: java.lang.IllegalStateException: No leader yet : printing ALL groups
  s0:  RUNNING CANDIDATE s0@group-3D81F66BC438:t374, leader=null, voted=s0, raftlog=s0@group-3D81F66BC438-SegmentedRaftLog:OPENED:c11,f12,i12, conf=11: [s0:0.0.0.0:42154, s1:0.0.0.0:36158, s2:0.0.0.0:36910], old=null RUNNING
  s1:  RUNNING CANDIDATE s1@group-3D81F66BC438:t374, leader=null, voted=s1, raftlog=s1@group-3D81F66BC438-SegmentedRaftLog:OPENED:c10,f11,i11, conf=11: [s0:0.0.0.0:42154, s1:0.0.0.0:36158, s2:0.0.0.0:36910], old=null RUNNING
  s2:  RUNNING CANDIDATE s2@group-3D81F66BC438:t374, leader=null, voted=s2, raftlog=s2@group-3D81F66BC438-SegmentedRaftLog:OPENED:c10,f10,i10, conf=9: [s0:0.0.0.0:42154, s1:0.0.0.0:36158, s2:0.0.0.0:36910], old=null RUNNING, sleep 450ms and then retry.
java.lang.IllegalStateException: No leader yet : printing ALL groups
  s0:  RUNNING CANDIDATE s0@group-3D81F66BC438:t374, leader=null, voted=s0, raftlog=s0@group-3D81F66BC438-SegmentedRaftLog:OPENED:c11,f12,i12, conf=11: [s0:0.0.0.0:42154, s1:0.0.0.0:36158, s2:0.0.0.0:36910], old=null RUNNING
  s1:  RUNNING CANDIDATE s1@group-3D81F66BC438:t374, leader=null, voted=s1, raftlog=s1@group-3D81F66BC438-SegmentedRaftLog:OPENED:c10,f11,i11, conf=11: [s0:0.0.0.0:42154, s1:0.0.0.0:36158, s2:0.0.0.0:36910], old=null RUNNING
  s2:  RUNNING CANDIDATE s2@group-3D81F66BC438:t374, leader=null, voted=s2, raftlog=s2@group-3D81F66BC438-SegmentedRaftLog:OPENED:c10,f10,i10, conf=9: [s0:0.0.0.0:42154, s1:0.0.0.0:36158, s2:0.0.0.0:36910], old=null RUNNING
	at org.apache.ratis.MiniRaftCluster.newIllegalStateExceptionForNoLeaders(MiniRaftCluster.java:506)
	at org.apache.ratis.RaftTestUtil.lambda$waitForLeader$1(RaftTestUtil.java:90)
	at org.apache.ratis.MiniRaftCluster.getLeader(MiniRaftCluster.java:539)
	at org.apache.ratis.MiniRaftCluster.getLeader(MiniRaftCluster.java:532)
	at org.apache.ratis.RaftTestUtil.lambda$waitForLeader$3(RaftTestUtil.java:98)
	at org.apache.ratis.util.JavaUtils.attempt(JavaUtils.java:152)
	at org.apache.ratis.RaftTestUtil.waitForLeader(RaftTestUtil.java:97)
	at org.apache.ratis.RaftTestUtil.waitForLeader(RaftTestUtil.java:77)
	at org.apache.ratis.RaftTestUtil.waitForLeader(RaftTestUtil.java:72)
	at org.apache.ratis.RaftTestUtil.lambda$changeLeader$7(RaftTestUtil.java:363)
	at org.apache.ratis.util.JavaUtils.attempt(JavaUtils.java:152)
	at org.apache.ratis.RaftTestUtil.changeLeader(RaftTestUtil.java:362)
	at org.apache.ratis.server.impl.LeaderElectionTests.testChangeLeader(LeaderElectionTests.java:81)
	at sun.reflect.NativeMethodAccessorImpl.invoke0(Native Method)
	at sun.reflect.NativeMethodAccessorImpl.invoke(NativeMethodAccessorImpl.java:62)
	at sun.reflect.DelegatingMethodAccessorImpl.invoke(DelegatingMethodAccessorImpl.java:43)
	at java.lang.reflect.Method.invoke(Method.java:498)
	at org.junit.runners.model.FrameworkMethod$1.runReflectiveCall(FrameworkMethod.java:50)
	at org.junit.internal.runners.model.ReflectiveCallable.run(ReflectiveCallable.java:12)
	at org.junit.runners.model.FrameworkMethod.invokeExplosively(FrameworkMethod.java:47)
	at org.junit.internal.runners.statements.InvokeMethod.evaluate(InvokeMethod.java:17)
	at org.junit.internal.runners.statements.RunAfters.evaluate(RunAfters.java:27)
	at org.junit.internal.runners.statements.FailOnTimeout$CallableStatement.call(FailOnTimeout.java:298)
	at org.junit.internal.runners.statements.FailOnTimeout$CallableStatement.call(FailOnTimeout.java:292)
	at java.util.concurrent.FutureTask.run(FutureTask.java:266)
	at java.lang.Thread.run(Thread.java:748)
2019-09-24 12:00:55,565 INFO  impl.LeaderElection (LeaderElection.java:logAndReturn(56)) - s0@group-3D81F66BC438-LeaderElection143: Election TIMEOUT; received 0 response(s) [] and 0 exception(s); s0@group-3D81F66BC438:t374, leader=null, voted=s0, raftlog=s0@group-3D81F66BC438-SegmentedRaftLog:OPENED:c11,f12,i12, conf=11: [s0:0.0.0.0:42154, s1:0.0.0.0:36158, s2:0.0.0.0:36910], old=null
2019-09-24 12:00:55,569 INFO  impl.LeaderElection (LeaderElection.java:logAndReturn(56)) - s2@group-3D81F66BC438-LeaderElection142: Election TIMEOUT; received 1 response(s) [s2<-s0#0:FAIL-t374] and 0 exception(s); s2@group-3D81F66BC438:t374, leader=null, voted=s2, raftlog=s2@group-3D81F66BC438-SegmentedRaftLog:OPENED:c10,f10,i10, conf=9: [s0:0.0.0.0:42154, s1:0.0.0.0:36158, s2:0.0.0.0:36910], old=null
2019-09-24 12:00:55,571 INFO  impl.LeaderElection (LeaderElection.java:logAndReturn(56)) - s1@group-3D81F66BC438-LeaderElection140: Election TIMEOUT; received 1 response(s) [s1<-s0#0:FAIL-t374] and 0 exception(s); s1@group-3D81F66BC438:t374, leader=null, voted=s1, raftlog=s1@group-3D81F66BC438-SegmentedRaftLog:OPENED:c10,f11,i11, conf=11: [s0:0.0.0.0:42154, s1:0.0.0.0:36158, s2:0.0.0.0:36910], old=null
2019-09-24 12:00:55,591 INFO  impl.LeaderElection (LeaderElection.java:askForVotes(178)) - s0@group-3D81F66BC438-LeaderElection143: begin an election at term 375 for 11: [s0:0.0.0.0:42154, s1:0.0.0.0:36158, s2:0.0.0.0:36910], old=null
2019-09-24 12:00:55,591 INFO  impl.LeaderElection (LeaderElection.java:askForVotes(178)) - s2@group-3D81F66BC438-LeaderElection142: begin an election at term 375 for 9: [s0:0.0.0.0:42154, s1:0.0.0.0:36158, s2:0.0.0.0:36910], old=null
2019-09-24 12:00:55,591 INFO  impl.LeaderElection (LeaderElection.java:askForVotes(178)) - s1@group-3D81F66BC438-LeaderElection140: begin an election at term 375 for 11: [s0:0.0.0.0:42154, s1:0.0.0.0:36158, s2:0.0.0.0:36910], old=null
2019-09-24 12:00:55,592 DEBUG impl.RaftServerImpl (RaftServerImpl.java:requestVote(743)) - s0@group-3D81F66BC438: receive requestVote(s2, group-3D81F66BC438, 375, (t:13, i:10))
2019-09-24 12:00:55,592 DEBUG impl.RaftServerImpl (RaftServerImpl.java:requestVote(775)) - s0@group-3D81F66BC438 replies to vote request: s2<-s0#0:FAIL-t375. Peer's state: s0@group-3D81F66BC438:t375, leader=null, voted=s0, raftlog=s0@group-3D81F66BC438-SegmentedRaftLog:OPENED:c11,f12,i12, conf=11: [s0:0.0.0.0:42154, s1:0.0.0.0:36158, s2:0.0.0.0:36910], old=null
2019-09-24 12:00:55,592 DEBUG impl.RaftServerImpl (RaftServerImpl.java:requestVote(743)) - s0@group-3D81F66BC438: receive requestVote(s1, group-3D81F66BC438, 375, (t:14, i:11))
2019-09-24 12:00:55,592 DEBUG impl.RaftServerImpl (RaftServerImpl.java:requestVote(775)) - s0@group-3D81F66BC438 replies to vote request: s1<-s0#0:FAIL-t375. Peer's state: s0@group-3D81F66BC438:t375, leader=null, voted=s0, raftlog=s0@group-3D81F66BC438-SegmentedRaftLog:OPENED:c11,f12,i12, conf=11: [s0:0.0.0.0:42154, s1:0.0.0.0:36158, s2:0.0.0.0:36910], old=null
2019-09-24 12:00:55,760 INFO  impl.LeaderElection (LeaderElection.java:logAndReturn(56)) - s0@group-3D81F66BC438-LeaderElection143: Election TIMEOUT; received 0 response(s) [] and 0 exception(s); s0@group-3D81F66BC438:t375, leader=null, voted=s0, raftlog=s0@group-3D81F66BC438-SegmentedRaftLog:OPENED:c11,f12,i12, conf=11: [s0:0.0.0.0:42154, s1:0.0.0.0:36158, s2:0.0.0.0:36910], old=null
2019-09-24 12:00:55,784 INFO  impl.LeaderElection (LeaderElection.java:logAndReturn(56)) - s2@group-3D81F66BC438-LeaderElection142: Election TIMEOUT; received 1 response(s) [s2<-s0#0:FAIL-t375] and 0 exception(s); s2@group-3D81F66BC438:t375, leader=null, voted=s2, raftlog=s2@group-3D81F66BC438-SegmentedRaftLog:OPENED:c10,f10,i10, conf=9: [s0:0.0.0.0:42154, s1:0.0.0.0:36158, s2:0.0.0.0:36910], old=null
2019-09-24 12:00:55,786 INFO  impl.LeaderElection (LeaderElection.java:askForVotes(178)) - s0@group-3D81F66BC438-LeaderElection143: begin an election at term 376 for 11: [s0:0.0.0.0:42154, s1:0.0.0.0:36158, s2:0.0.0.0:36910], old=null
2019-09-24 12:00:55,789 INFO  impl.LeaderElection (LeaderElection.java:askForVotes(178)) - s2@group-3D81F66BC438-LeaderElection142: begin an election at term 376 for 9: [s0:0.0.0.0:42154, s1:0.0.0.0:36158, s2:0.0.0.0:36910], old=null
2019-09-24 12:00:55,789 DEBUG impl.RaftServerImpl (RaftServerImpl.java:requestVote(743)) - s0@group-3D81F66BC438: receive requestVote(s2, group-3D81F66BC438, 376, (t:13, i:10))
2019-09-24 12:00:55,790 DEBUG impl.RaftServerImpl (RaftServerImpl.java:requestVote(775)) - s0@group-3D81F66BC438 replies to vote request: s2<-s0#0:FAIL-t376. Peer's state: s0@group-3D81F66BC438:t376, leader=null, voted=s0, raftlog=s0@group-3D81F66BC438-SegmentedRaftLog:OPENED:c11,f12,i12, conf=11: [s0:0.0.0.0:42154, s1:0.0.0.0:36158, s2:0.0.0.0:36910], old=null
2019-09-24 12:00:55,795 INFO  impl.LeaderElection (LeaderElection.java:logAndReturn(56)) - s1@group-3D81F66BC438-LeaderElection140: Election TIMEOUT; received 1 response(s) [s1<-s0#0:FAIL-t375] and 0 exception(s); s1@group-3D81F66BC438:t375, leader=null, voted=s1, raftlog=s1@group-3D81F66BC438-SegmentedRaftLog:OPENED:c10,f11,i11, conf=11: [s0:0.0.0.0:42154, s1:0.0.0.0:36158, s2:0.0.0.0:36910], old=null
2019-09-24 12:00:55,808 INFO  impl.LeaderElection (LeaderElection.java:askForVotes(178)) - s1@group-3D81F66BC438-LeaderElection140: begin an election at term 376 for 11: [s0:0.0.0.0:42154, s1:0.0.0.0:36158, s2:0.0.0.0:36910], old=null
2019-09-24 12:00:55,809 DEBUG impl.RaftServerImpl (RaftServerImpl.java:requestVote(743)) - s0@group-3D81F66BC438: receive requestVote(s1, group-3D81F66BC438, 376, (t:14, i:11))
2019-09-24 12:00:55,809 DEBUG impl.RaftServerImpl (RaftServerImpl.java:requestVote(775)) - s0@group-3D81F66BC438 replies to vote request: s1<-s0#0:FAIL-t376. Peer's state: s0@group-3D81F66BC438:t376, leader=null, voted=s0, raftlog=s0@group-3D81F66BC438-SegmentedRaftLog:OPENED:c11,f12,i12, conf=11: [s0:0.0.0.0:42154, s1:0.0.0.0:36158, s2:0.0.0.0:36910], old=null
2019-09-24 12:00:55,921 WARN  ratis.RaftTestUtil (JavaUtils.java:attempt(158)) - FAILED "waitForLeader-null-(expectLeader? true)", attempt #88/100: java.lang.IllegalStateException: No leader yet : printing ALL groups
  s0:  RUNNING CANDIDATE s0@group-3D81F66BC438:t376, leader=null, voted=s0, raftlog=s0@group-3D81F66BC438-SegmentedRaftLog:OPENED:c11,f12,i12, conf=11: [s0:0.0.0.0:42154, s1:0.0.0.0:36158, s2:0.0.0.0:36910], old=null RUNNING
  s1:  RUNNING CANDIDATE s1@group-3D81F66BC438:t376, leader=null, voted=s1, raftlog=s1@group-3D81F66BC438-SegmentedRaftLog:OPENED:c10,f11,i11, conf=11: [s0:0.0.0.0:42154, s1:0.0.0.0:36158, s2:0.0.0.0:36910], old=null RUNNING
  s2:  RUNNING CANDIDATE s2@group-3D81F66BC438:t376, leader=null, voted=s2, raftlog=s2@group-3D81F66BC438-SegmentedRaftLog:OPENED:c10,f10,i10, conf=9: [s0:0.0.0.0:42154, s1:0.0.0.0:36158, s2:0.0.0.0:36910], old=null RUNNING, sleep 450ms and then retry.
java.lang.IllegalStateException: No leader yet : printing ALL groups
  s0:  RUNNING CANDIDATE s0@group-3D81F66BC438:t376, leader=null, voted=s0, raftlog=s0@group-3D81F66BC438-SegmentedRaftLog:OPENED:c11,f12,i12, conf=11: [s0:0.0.0.0:42154, s1:0.0.0.0:36158, s2:0.0.0.0:36910], old=null RUNNING
  s1:  RUNNING CANDIDATE s1@group-3D81F66BC438:t376, leader=null, voted=s1, raftlog=s1@group-3D81F66BC438-SegmentedRaftLog:OPENED:c10,f11,i11, conf=11: [s0:0.0.0.0:42154, s1:0.0.0.0:36158, s2:0.0.0.0:36910], old=null RUNNING
  s2:  RUNNING CANDIDATE s2@group-3D81F66BC438:t376, leader=null, voted=s2, raftlog=s2@group-3D81F66BC438-SegmentedRaftLog:OPENED:c10,f10,i10, conf=9: [s0:0.0.0.0:42154, s1:0.0.0.0:36158, s2:0.0.0.0:36910], old=null RUNNING
	at org.apache.ratis.MiniRaftCluster.newIllegalStateExceptionForNoLeaders(MiniRaftCluster.java:506)
	at org.apache.ratis.RaftTestUtil.lambda$waitForLeader$1(RaftTestUtil.java:90)
	at org.apache.ratis.MiniRaftCluster.getLeader(MiniRaftCluster.java:539)
	at org.apache.ratis.MiniRaftCluster.getLeader(MiniRaftCluster.java:532)
	at org.apache.ratis.RaftTestUtil.lambda$waitForLeader$3(RaftTestUtil.java:98)
	at org.apache.ratis.util.JavaUtils.attempt(JavaUtils.java:152)
	at org.apache.ratis.RaftTestUtil.waitForLeader(RaftTestUtil.java:97)
	at org.apache.ratis.RaftTestUtil.waitForLeader(RaftTestUtil.java:77)
	at org.apache.ratis.RaftTestUtil.waitForLeader(RaftTestUtil.java:72)
	at org.apache.ratis.RaftTestUtil.lambda$changeLeader$7(RaftTestUtil.java:363)
	at org.apache.ratis.util.JavaUtils.attempt(JavaUtils.java:152)
	at org.apache.ratis.RaftTestUtil.changeLeader(RaftTestUtil.java:362)
	at org.apache.ratis.server.impl.LeaderElectionTests.testChangeLeader(LeaderElectionTests.java:81)
	at sun.reflect.NativeMethodAccessorImpl.invoke0(Native Method)
	at sun.reflect.NativeMethodAccessorImpl.invoke(NativeMethodAccessorImpl.java:62)
	at sun.reflect.DelegatingMethodAccessorImpl.invoke(DelegatingMethodAccessorImpl.java:43)
	at java.lang.reflect.Method.invoke(Method.java:498)
	at org.junit.runners.model.FrameworkMethod$1.runReflectiveCall(FrameworkMethod.java:50)
	at org.junit.internal.runners.model.ReflectiveCallable.run(ReflectiveCallable.java:12)
	at org.junit.runners.model.FrameworkMethod.invokeExplosively(FrameworkMethod.java:47)
	at org.junit.internal.runners.statements.InvokeMethod.evaluate(InvokeMethod.java:17)
	at org.junit.internal.runners.statements.RunAfters.evaluate(RunAfters.java:27)
	at org.junit.internal.runners.statements.FailOnTimeout$CallableStatement.call(FailOnTimeout.java:298)
	at org.junit.internal.runners.statements.FailOnTimeout$CallableStatement.call(FailOnTimeout.java:292)
	at java.util.concurrent.FutureTask.run(FutureTask.java:266)
	at java.lang.Thread.run(Thread.java:748)
2019-09-24 12:00:55,989 INFO  impl.LeaderElection (LeaderElection.java:logAndReturn(56)) - s2@group-3D81F66BC438-LeaderElection142: Election TIMEOUT; received 1 response(s) [s2<-s0#0:FAIL-t376] and 0 exception(s); s2@group-3D81F66BC438:t376, leader=null, voted=s2, raftlog=s2@group-3D81F66BC438-SegmentedRaftLog:OPENED:c10,f10,i10, conf=9: [s0:0.0.0.0:42154, s1:0.0.0.0:36158, s2:0.0.0.0:36910], old=null
2019-09-24 12:00:56,003 INFO  impl.LeaderElection (LeaderElection.java:askForVotes(178)) - s2@group-3D81F66BC438-LeaderElection142: begin an election at term 377 for 9: [s0:0.0.0.0:42154, s1:0.0.0.0:36158, s2:0.0.0.0:36910], old=null
2019-09-24 12:00:56,003 DEBUG impl.RaftServerImpl (RaftServerImpl.java:requestVote(743)) - s0@group-3D81F66BC438: receive requestVote(s2, group-3D81F66BC438, 377, (t:13, i:10))
2019-09-24 12:00:56,003 INFO  impl.RaftServerImpl (RaftServerImpl.java:setRole(170)) - s0@group-3D81F66BC438: changes role from CANDIDATE to FOLLOWER at term 377 for recognizeCandidate:s2
2019-09-24 12:00:56,004 INFO  impl.RoleInfo (RoleInfo.java:shutdownLeaderElection(134)) - s0: shutdown LeaderElection
2019-09-24 12:00:56,004 INFO  impl.RoleInfo (RoleInfo.java:updateAndGet(143)) - s0: start FollowerState
2019-09-24 12:00:56,016 INFO  impl.LeaderElection (LeaderElection.java:logAndReturn(56)) - s1@group-3D81F66BC438-LeaderElection140: Election TIMEOUT; received 1 response(s) [s1<-s0#0:FAIL-t376] and 0 exception(s); s1@group-3D81F66BC438:t376, leader=null, voted=s1, raftlog=s1@group-3D81F66BC438-SegmentedRaftLog:OPENED:c10,f11,i11, conf=11: [s0:0.0.0.0:42154, s1:0.0.0.0:36158, s2:0.0.0.0:36910], old=null
2019-09-24 12:00:56,019 DEBUG impl.RaftServerImpl (RaftServerImpl.java:requestVote(775)) - s0@group-3D81F66BC438 replies to vote request: s2<-s0#0:FAIL-t377. Peer's state: s0@group-3D81F66BC438:t377, leader=null, voted=null, raftlog=s0@group-3D81F66BC438-SegmentedRaftLog:OPENED:c11,f12,i12, conf=11: [s0:0.0.0.0:42154, s1:0.0.0.0:36158, s2:0.0.0.0:36910], old=null
2019-09-24 12:00:56,033 INFO  impl.LeaderElection (LeaderElection.java:askForVotes(178)) - s1@group-3D81F66BC438-LeaderElection140: begin an election at term 377 for 11: [s0:0.0.0.0:42154, s1:0.0.0.0:36158, s2:0.0.0.0:36910], old=null
2019-09-24 12:00:56,033 DEBUG impl.RaftServerImpl (RaftServerImpl.java:requestVote(743)) - s0@group-3D81F66BC438: receive requestVote(s1, group-3D81F66BC438, 377, (t:14, i:11))
2019-09-24 12:00:56,033 INFO  impl.RaftServerImpl (RaftServerImpl.java:setRole(170)) - s0@group-3D81F66BC438: changes role from  FOLLOWER to FOLLOWER at term 377 for recognizeCandidate:s1
2019-09-24 12:00:56,034 INFO  impl.RoleInfo (RoleInfo.java:shutdownFollowerState(121)) - s0: shutdown FollowerState
2019-09-24 12:00:56,034 INFO  impl.RoleInfo (RoleInfo.java:updateAndGet(143)) - s0: start FollowerState
2019-09-24 12:00:56,034 INFO  impl.FollowerState (FollowerState.java:run(117)) - s0@group-3D81F66BC438-FollowerState was interrupted: java.lang.InterruptedException: sleep interrupted
2019-09-24 12:00:56,034 DEBUG impl.RaftServerImpl (RaftServerImpl.java:requestVote(775)) - s0@group-3D81F66BC438 replies to vote request: s1<-s0#0:FAIL-t377. Peer's state: s0@group-3D81F66BC438:t377, leader=null, voted=null, raftlog=s0@group-3D81F66BC438-SegmentedRaftLog:OPENED:c11,f12,i12, conf=11: [s0:0.0.0.0:42154, s1:0.0.0.0:36158, s2:0.0.0.0:36910], old=null
2019-09-24 12:00:56,035 INFO  impl.LeaderElection (LeaderElection.java:logAndReturn(56)) - s0@group-3D81F66BC438-LeaderElection143: Election REJECTED; received 0 response(s) [] and 0 exception(s); s0@group-3D81F66BC438:t377, leader=null, voted=null, raftlog=s0@group-3D81F66BC438-SegmentedRaftLog:OPENED:c11,f12,i12, conf=11: [s0:0.0.0.0:42154, s1:0.0.0.0:36158, s2:0.0.0.0:36910], old=null
2019-09-24 12:00:56,219 INFO  impl.LeaderElection (LeaderElection.java:logAndReturn(56)) - s1@group-3D81F66BC438-LeaderElection140: Election TIMEOUT; received 1 response(s) [s1<-s0#0:FAIL-t377] and 0 exception(s); s1@group-3D81F66BC438:t377, leader=null, voted=s1, raftlog=s1@group-3D81F66BC438-SegmentedRaftLog:OPENED:c10,f11,i11, conf=11: [s0:0.0.0.0:42154, s1:0.0.0.0:36158, s2:0.0.0.0:36910], old=null
2019-09-24 12:00:56,245 INFO  impl.LeaderElection (LeaderElection.java:askForVotes(178)) - s1@group-3D81F66BC438-LeaderElection140: begin an election at term 378 for 11: [s0:0.0.0.0:42154, s1:0.0.0.0:36158, s2:0.0.0.0:36910], old=null
2019-09-24 12:00:56,245 DEBUG impl.RaftServerImpl (RaftServerImpl.java:requestVote(743)) - s0@group-3D81F66BC438: receive requestVote(s1, group-3D81F66BC438, 378, (t:14, i:11))
2019-09-24 12:00:56,246 INFO  impl.RaftServerImpl (RaftServerImpl.java:setRole(170)) - s0@group-3D81F66BC438: changes role from  FOLLOWER to FOLLOWER at term 378 for recognizeCandidate:s1
2019-09-24 12:00:56,246 INFO  impl.RoleInfo (RoleInfo.java:shutdownFollowerState(121)) - s0: shutdown FollowerState
2019-09-24 12:00:56,246 INFO  impl.RoleInfo (RoleInfo.java:updateAndGet(143)) - s0: start FollowerState
2019-09-24 12:00:56,246 INFO  impl.FollowerState (FollowerState.java:run(117)) - s0@group-3D81F66BC438-FollowerState was interrupted: java.lang.InterruptedException: sleep interrupted
2019-09-24 12:00:56,273 DEBUG impl.RaftServerImpl (RaftServerImpl.java:requestVote(775)) - s0@group-3D81F66BC438 replies to vote request: s1<-s0#0:FAIL-t378. Peer's state: s0@group-3D81F66BC438:t378, leader=null, voted=null, raftlog=s0@group-3D81F66BC438-SegmentedRaftLog:OPENED:c11,f12,i12, conf=11: [s0:0.0.0.0:42154, s1:0.0.0.0:36158, s2:0.0.0.0:36910], old=null
2019-09-24 12:00:56,289 INFO  impl.LeaderElection (LeaderElection.java:logAndReturn(56)) - s2@group-3D81F66BC438-LeaderElection142: Election TIMEOUT; received 1 response(s) [s2<-s0#0:FAIL-t377] and 0 exception(s); s2@group-3D81F66BC438:t377, leader=null, voted=s2, raftlog=s2@group-3D81F66BC438-SegmentedRaftLog:OPENED:c10,f10,i10, conf=9: [s0:0.0.0.0:42154, s1:0.0.0.0:36158, s2:0.0.0.0:36910], old=null
2019-09-24 12:00:56,315 INFO  impl.LeaderElection (LeaderElection.java:askForVotes(178)) - s2@group-3D81F66BC438-LeaderElection142: begin an election at term 378 for 9: [s0:0.0.0.0:42154, s1:0.0.0.0:36158, s2:0.0.0.0:36910], old=null
2019-09-24 12:00:56,315 DEBUG impl.RaftServerImpl (RaftServerImpl.java:requestVote(743)) - s0@group-3D81F66BC438: receive requestVote(s2, group-3D81F66BC438, 378, (t:13, i:10))
2019-09-24 12:00:56,315 INFO  impl.RaftServerImpl (RaftServerImpl.java:setRole(170)) - s0@group-3D81F66BC438: changes role from  FOLLOWER to FOLLOWER at term 378 for recognizeCandidate:s2
2019-09-24 12:00:56,315 INFO  impl.RoleInfo (RoleInfo.java:shutdownFollowerState(121)) - s0: shutdown FollowerState
2019-09-24 12:00:56,316 INFO  impl.RoleInfo (RoleInfo.java:updateAndGet(143)) - s0: start FollowerState
2019-09-24 12:00:56,316 INFO  impl.FollowerState (FollowerState.java:run(117)) - s0@group-3D81F66BC438-FollowerState was interrupted: java.lang.InterruptedException: sleep interrupted
2019-09-24 12:00:56,316 DEBUG impl.RaftServerImpl (RaftServerImpl.java:requestVote(775)) - s0@group-3D81F66BC438 replies to vote request: s2<-s0#0:FAIL-t378. Peer's state: s0@group-3D81F66BC438:t378, leader=null, voted=null, raftlog=s0@group-3D81F66BC438-SegmentedRaftLog:OPENED:c11,f12,i12, conf=11: [s0:0.0.0.0:42154, s1:0.0.0.0:36158, s2:0.0.0.0:36910], old=null
2019-09-24 12:00:56,372 WARN  ratis.RaftTestUtil (JavaUtils.java:attempt(158)) - FAILED "waitForLeader-null-(expectLeader? true)", attempt #89/100: java.lang.IllegalStateException: No leader yet : printing ALL groups
  s0:  RUNNING  FOLLOWER s0@group-3D81F66BC438:t378, leader=null, voted=null, raftlog=s0@group-3D81F66BC438-SegmentedRaftLog:OPENED:c11,f12,i12, conf=11: [s0:0.0.0.0:42154, s1:0.0.0.0:36158, s2:0.0.0.0:36910], old=null RUNNING
  s1:  RUNNING CANDIDATE s1@group-3D81F66BC438:t378, leader=null, voted=s1, raftlog=s1@group-3D81F66BC438-SegmentedRaftLog:OPENED:c10,f11,i11, conf=11: [s0:0.0.0.0:42154, s1:0.0.0.0:36158, s2:0.0.0.0:36910], old=null RUNNING
  s2:  RUNNING CANDIDATE s2@group-3D81F66BC438:t378, leader=null, voted=s2, raftlog=s2@group-3D81F66BC438-SegmentedRaftLog:OPENED:c10,f10,i10, conf=9: [s0:0.0.0.0:42154, s1:0.0.0.0:36158, s2:0.0.0.0:36910], old=null RUNNING, sleep 450ms and then retry.
java.lang.IllegalStateException: No leader yet : printing ALL groups
  s0:  RUNNING  FOLLOWER s0@group-3D81F66BC438:t378, leader=null, voted=null, raftlog=s0@group-3D81F66BC438-SegmentedRaftLog:OPENED:c11,f12,i12, conf=11: [s0:0.0.0.0:42154, s1:0.0.0.0:36158, s2:0.0.0.0:36910], old=null RUNNING
  s1:  RUNNING CANDIDATE s1@group-3D81F66BC438:t378, leader=null, voted=s1, raftlog=s1@group-3D81F66BC438-SegmentedRaftLog:OPENED:c10,f11,i11, conf=11: [s0:0.0.0.0:42154, s1:0.0.0.0:36158, s2:0.0.0.0:36910], old=null RUNNING
  s2:  RUNNING CANDIDATE s2@group-3D81F66BC438:t378, leader=null, voted=s2, raftlog=s2@group-3D81F66BC438-SegmentedRaftLog:OPENED:c10,f10,i10, conf=9: [s0:0.0.0.0:42154, s1:0.0.0.0:36158, s2:0.0.0.0:36910], old=null RUNNING
	at org.apache.ratis.MiniRaftCluster.newIllegalStateExceptionForNoLeaders(MiniRaftCluster.java:506)
	at org.apache.ratis.RaftTestUtil.lambda$waitForLeader$1(RaftTestUtil.java:90)
	at org.apache.ratis.MiniRaftCluster.getLeader(MiniRaftCluster.java:539)
	at org.apache.ratis.MiniRaftCluster.getLeader(MiniRaftCluster.java:532)
	at org.apache.ratis.RaftTestUtil.lambda$waitForLeader$3(RaftTestUtil.java:98)
	at org.apache.ratis.util.JavaUtils.attempt(JavaUtils.java:152)
	at org.apache.ratis.RaftTestUtil.waitForLeader(RaftTestUtil.java:97)
	at org.apache.ratis.RaftTestUtil.waitForLeader(RaftTestUtil.java:77)
	at org.apache.ratis.RaftTestUtil.waitForLeader(RaftTestUtil.java:72)
	at org.apache.ratis.RaftTestUtil.lambda$changeLeader$7(RaftTestUtil.java:363)
	at org.apache.ratis.util.JavaUtils.attempt(JavaUtils.java:152)
	at org.apache.ratis.RaftTestUtil.changeLeader(RaftTestUtil.java:362)
	at org.apache.ratis.server.impl.LeaderElectionTests.testChangeLeader(LeaderElectionTests.java:81)
	at sun.reflect.NativeMethodAccessorImpl.invoke0(Native Method)
	at sun.reflect.NativeMethodAccessorImpl.invoke(NativeMethodAccessorImpl.java:62)
	at sun.reflect.DelegatingMethodAccessorImpl.invoke(DelegatingMethodAccessorImpl.java:43)
	at java.lang.reflect.Method.invoke(Method.java:498)
	at org.junit.runners.model.FrameworkMethod$1.runReflectiveCall(FrameworkMethod.java:50)
	at org.junit.internal.runners.model.ReflectiveCallable.run(ReflectiveCallable.java:12)
	at org.junit.runners.model.FrameworkMethod.invokeExplosively(FrameworkMethod.java:47)
	at org.junit.internal.runners.statements.InvokeMethod.evaluate(InvokeMethod.java:17)
	at org.junit.internal.runners.statements.RunAfters.evaluate(RunAfters.java:27)
	at org.junit.internal.runners.statements.FailOnTimeout$CallableStatement.call(FailOnTimeout.java:298)
	at org.junit.internal.runners.statements.FailOnTimeout$CallableStatement.call(FailOnTimeout.java:292)
	at java.util.concurrent.FutureTask.run(FutureTask.java:266)
	at java.lang.Thread.run(Thread.java:748)
2019-09-24 12:00:56,460 INFO  impl.LeaderElection (LeaderElection.java:logAndReturn(56)) - s1@group-3D81F66BC438-LeaderElection140: Election TIMEOUT; received 1 response(s) [s1<-s0#0:FAIL-t378] and 0 exception(s); s1@group-3D81F66BC438:t378, leader=null, voted=s1, raftlog=s1@group-3D81F66BC438-SegmentedRaftLog:OPENED:c10,f11,i11, conf=11: [s0:0.0.0.0:42154, s1:0.0.0.0:36158, s2:0.0.0.0:36910], old=null
2019-09-24 12:00:56,481 INFO  impl.LeaderElection (LeaderElection.java:askForVotes(178)) - s1@group-3D81F66BC438-LeaderElection140: begin an election at term 379 for 11: [s0:0.0.0.0:42154, s1:0.0.0.0:36158, s2:0.0.0.0:36910], old=null
2019-09-24 12:00:56,482 DEBUG impl.RaftServerImpl (RaftServerImpl.java:requestVote(743)) - s0@group-3D81F66BC438: receive requestVote(s1, group-3D81F66BC438, 379, (t:14, i:11))
2019-09-24 12:00:56,482 INFO  impl.RaftServerImpl (RaftServerImpl.java:setRole(170)) - s0@group-3D81F66BC438: changes role from  FOLLOWER to FOLLOWER at term 379 for recognizeCandidate:s1
2019-09-24 12:00:56,482 INFO  impl.RoleInfo (RoleInfo.java:shutdownFollowerState(121)) - s0: shutdown FollowerState
2019-09-24 12:00:56,482 INFO  impl.RoleInfo (RoleInfo.java:updateAndGet(143)) - s0: start FollowerState
2019-09-24 12:00:56,483 INFO  impl.FollowerState (FollowerState.java:run(117)) - s0@group-3D81F66BC438-FollowerState was interrupted: java.lang.InterruptedException: sleep interrupted
2019-09-24 12:00:56,513 DEBUG impl.RaftServerImpl (RaftServerImpl.java:requestVote(775)) - s0@group-3D81F66BC438 replies to vote request: s1<-s0#0:FAIL-t379. Peer's state: s0@group-3D81F66BC438:t379, leader=null, voted=null, raftlog=s0@group-3D81F66BC438-SegmentedRaftLog:OPENED:c11,f12,i12, conf=11: [s0:0.0.0.0:42154, s1:0.0.0.0:36158, s2:0.0.0.0:36910], old=null
2019-09-24 12:00:56,513 INFO  impl.LeaderElection (LeaderElection.java:logAndReturn(56)) - s2@group-3D81F66BC438-LeaderElection142: Election TIMEOUT; received 1 response(s) [s2<-s0#0:FAIL-t378] and 0 exception(s); s2@group-3D81F66BC438:t378, leader=null, voted=s2, raftlog=s2@group-3D81F66BC438-SegmentedRaftLog:OPENED:c10,f10,i10, conf=9: [s0:0.0.0.0:42154, s1:0.0.0.0:36158, s2:0.0.0.0:36910], old=null
2019-09-24 12:00:56,541 INFO  impl.LeaderElection (LeaderElection.java:askForVotes(178)) - s2@group-3D81F66BC438-LeaderElection142: begin an election at term 379 for 9: [s0:0.0.0.0:42154, s1:0.0.0.0:36158, s2:0.0.0.0:36910], old=null
2019-09-24 12:00:56,541 DEBUG impl.RaftServerImpl (RaftServerImpl.java:requestVote(743)) - s0@group-3D81F66BC438: receive requestVote(s2, group-3D81F66BC438, 379, (t:13, i:10))
2019-09-24 12:00:56,541 INFO  impl.RaftServerImpl (RaftServerImpl.java:setRole(170)) - s0@group-3D81F66BC438: changes role from  FOLLOWER to FOLLOWER at term 379 for recognizeCandidate:s2
2019-09-24 12:00:56,541 INFO  impl.RoleInfo (RoleInfo.java:shutdownFollowerState(121)) - s0: shutdown FollowerState
2019-09-24 12:00:56,542 INFO  impl.RoleInfo (RoleInfo.java:updateAndGet(143)) - s0: start FollowerState
2019-09-24 12:00:56,542 INFO  impl.FollowerState (FollowerState.java:run(117)) - s0@group-3D81F66BC438-FollowerState was interrupted: java.lang.InterruptedException: sleep interrupted
2019-09-24 12:00:56,542 DEBUG impl.RaftServerImpl (RaftServerImpl.java:requestVote(775)) - s0@group-3D81F66BC438 replies to vote request: s2<-s0#0:FAIL-t379. Peer's state: s0@group-3D81F66BC438:t379, leader=null, voted=null, raftlog=s0@group-3D81F66BC438-SegmentedRaftLog:OPENED:c11,f12,i12, conf=11: [s0:0.0.0.0:42154, s1:0.0.0.0:36158, s2:0.0.0.0:36910], old=null
2019-09-24 12:00:56,705 INFO  impl.FollowerState (FollowerState.java:run(108)) - s0@group-3D81F66BC438-FollowerState: change to CANDIDATE, lastRpcTime:163ms, electionTimeout:163ms
2019-09-24 12:00:56,705 INFO  impl.RoleInfo (RoleInfo.java:shutdownFollowerState(121)) - s0: shutdown FollowerState
2019-09-24 12:00:56,705 INFO  impl.RaftServerImpl (RaftServerImpl.java:setRole(170)) - s0@group-3D81F66BC438: changes role from  FOLLOWER to CANDIDATE at term 379 for changeToCandidate
2019-09-24 12:00:56,706 INFO  impl.RoleInfo (RoleInfo.java:updateAndGet(143)) - s0: start LeaderElection
2019-09-24 12:00:56,714 INFO  impl.LeaderElection (LeaderElection.java:logAndReturn(56)) - s1@group-3D81F66BC438-LeaderElection140: Election TIMEOUT; received 1 response(s) [s1<-s0#0:FAIL-t379] and 0 exception(s); s1@group-3D81F66BC438:t379, leader=null, voted=s1, raftlog=s1@group-3D81F66BC438-SegmentedRaftLog:OPENED:c10,f11,i11, conf=11: [s0:0.0.0.0:42154, s1:0.0.0.0:36158, s2:0.0.0.0:36910], old=null
2019-09-24 12:00:56,720 INFO  impl.LeaderElection (LeaderElection.java:askForVotes(178)) - s1@group-3D81F66BC438-LeaderElection140: begin an election at term 380 for 11: [s0:0.0.0.0:42154, s1:0.0.0.0:36158, s2:0.0.0.0:36910], old=null
2019-09-24 12:00:56,720 INFO  impl.LeaderElection (LeaderElection.java:askForVotes(178)) - s0@group-3D81F66BC438-LeaderElection144: begin an election at term 380 for 11: [s0:0.0.0.0:42154, s1:0.0.0.0:36158, s2:0.0.0.0:36910], old=null
2019-09-24 12:00:56,721 DEBUG impl.RaftServerImpl (RaftServerImpl.java:requestVote(743)) - s0@group-3D81F66BC438: receive requestVote(s1, group-3D81F66BC438, 380, (t:14, i:11))
2019-09-24 12:00:56,721 DEBUG impl.RaftServerImpl (RaftServerImpl.java:requestVote(775)) - s0@group-3D81F66BC438 replies to vote request: s1<-s0#0:FAIL-t380. Peer's state: s0@group-3D81F66BC438:t380, leader=null, voted=s0, raftlog=s0@group-3D81F66BC438-SegmentedRaftLog:OPENED:c11,f12,i12, conf=11: [s0:0.0.0.0:42154, s1:0.0.0.0:36158, s2:0.0.0.0:36910], old=null
2019-09-24 12:00:56,761 INFO  impl.LeaderElection (LeaderElection.java:logAndReturn(56)) - s2@group-3D81F66BC438-LeaderElection142: Election TIMEOUT; received 1 response(s) [s2<-s0#0:FAIL-t379] and 0 exception(s); s2@group-3D81F66BC438:t379, leader=null, voted=s2, raftlog=s2@group-3D81F66BC438-SegmentedRaftLog:OPENED:c10,f10,i10, conf=9: [s0:0.0.0.0:42154, s1:0.0.0.0:36158, s2:0.0.0.0:36910], old=null
2019-09-24 12:00:56,767 INFO  impl.LeaderElection (LeaderElection.java:askForVotes(178)) - s2@group-3D81F66BC438-LeaderElection142: begin an election at term 380 for 9: [s0:0.0.0.0:42154, s1:0.0.0.0:36158, s2:0.0.0.0:36910], old=null
2019-09-24 12:00:56,768 DEBUG impl.RaftServerImpl (RaftServerImpl.java:requestVote(743)) - s0@group-3D81F66BC438: receive requestVote(s2, group-3D81F66BC438, 380, (t:13, i:10))
2019-09-24 12:00:56,768 DEBUG impl.RaftServerImpl (RaftServerImpl.java:requestVote(775)) - s0@group-3D81F66BC438 replies to vote request: s2<-s0#0:FAIL-t380. Peer's state: s0@group-3D81F66BC438:t380, leader=null, voted=s0, raftlog=s0@group-3D81F66BC438-SegmentedRaftLog:OPENED:c11,f12,i12, conf=11: [s0:0.0.0.0:42154, s1:0.0.0.0:36158, s2:0.0.0.0:36910], old=null
2019-09-24 12:00:56,823 WARN  ratis.RaftTestUtil (JavaUtils.java:attempt(158)) - FAILED "waitForLeader-null-(expectLeader? true)", attempt #90/100: java.lang.IllegalStateException: No leader yet : printing ALL groups
  s0:  RUNNING CANDIDATE s0@group-3D81F66BC438:t380, leader=null, voted=s0, raftlog=s0@group-3D81F66BC438-SegmentedRaftLog:OPENED:c11,f12,i12, conf=11: [s0:0.0.0.0:42154, s1:0.0.0.0:36158, s2:0.0.0.0:36910], old=null RUNNING
  s1:  RUNNING CANDIDATE s1@group-3D81F66BC438:t380, leader=null, voted=s1, raftlog=s1@group-3D81F66BC438-SegmentedRaftLog:OPENED:c10,f11,i11, conf=11: [s0:0.0.0.0:42154, s1:0.0.0.0:36158, s2:0.0.0.0:36910], old=null RUNNING
  s2:  RUNNING CANDIDATE s2@group-3D81F66BC438:t380, leader=null, voted=s2, raftlog=s2@group-3D81F66BC438-SegmentedRaftLog:OPENED:c10,f10,i10, conf=9: [s0:0.0.0.0:42154, s1:0.0.0.0:36158, s2:0.0.0.0:36910], old=null RUNNING, sleep 450ms and then retry.
java.lang.IllegalStateException: No leader yet : printing ALL groups
  s0:  RUNNING CANDIDATE s0@group-3D81F66BC438:t380, leader=null, voted=s0, raftlog=s0@group-3D81F66BC438-SegmentedRaftLog:OPENED:c11,f12,i12, conf=11: [s0:0.0.0.0:42154, s1:0.0.0.0:36158, s2:0.0.0.0:36910], old=null RUNNING
  s1:  RUNNING CANDIDATE s1@group-3D81F66BC438:t380, leader=null, voted=s1, raftlog=s1@group-3D81F66BC438-SegmentedRaftLog:OPENED:c10,f11,i11, conf=11: [s0:0.0.0.0:42154, s1:0.0.0.0:36158, s2:0.0.0.0:36910], old=null RUNNING
  s2:  RUNNING CANDIDATE s2@group-3D81F66BC438:t380, leader=null, voted=s2, raftlog=s2@group-3D81F66BC438-SegmentedRaftLog:OPENED:c10,f10,i10, conf=9: [s0:0.0.0.0:42154, s1:0.0.0.0:36158, s2:0.0.0.0:36910], old=null RUNNING
	at org.apache.ratis.MiniRaftCluster.newIllegalStateExceptionForNoLeaders(MiniRaftCluster.java:506)
	at org.apache.ratis.RaftTestUtil.lambda$waitForLeader$1(RaftTestUtil.java:90)
	at org.apache.ratis.MiniRaftCluster.getLeader(MiniRaftCluster.java:539)
	at org.apache.ratis.MiniRaftCluster.getLeader(MiniRaftCluster.java:532)
	at org.apache.ratis.RaftTestUtil.lambda$waitForLeader$3(RaftTestUtil.java:98)
	at org.apache.ratis.util.JavaUtils.attempt(JavaUtils.java:152)
	at org.apache.ratis.RaftTestUtil.waitForLeader(RaftTestUtil.java:97)
	at org.apache.ratis.RaftTestUtil.waitForLeader(RaftTestUtil.java:77)
	at org.apache.ratis.RaftTestUtil.waitForLeader(RaftTestUtil.java:72)
	at org.apache.ratis.RaftTestUtil.lambda$changeLeader$7(RaftTestUtil.java:363)
	at org.apache.ratis.util.JavaUtils.attempt(JavaUtils.java:152)
	at org.apache.ratis.RaftTestUtil.changeLeader(RaftTestUtil.java:362)
	at org.apache.ratis.server.impl.LeaderElectionTests.testChangeLeader(LeaderElectionTests.java:81)
	at sun.reflect.NativeMethodAccessorImpl.invoke0(Native Method)
	at sun.reflect.NativeMethodAccessorImpl.invoke(NativeMethodAccessorImpl.java:62)
	at sun.reflect.DelegatingMethodAccessorImpl.invoke(DelegatingMethodAccessorImpl.java:43)
	at java.lang.reflect.Method.invoke(Method.java:498)
	at org.junit.runners.model.FrameworkMethod$1.runReflectiveCall(FrameworkMethod.java:50)
	at org.junit.internal.runners.model.ReflectiveCallable.run(ReflectiveCallable.java:12)
	at org.junit.runners.model.FrameworkMethod.invokeExplosively(FrameworkMethod.java:47)
	at org.junit.internal.runners.statements.InvokeMethod.evaluate(InvokeMethod.java:17)
	at org.junit.internal.runners.statements.RunAfters.evaluate(RunAfters.java:27)
	at org.junit.internal.runners.statements.FailOnTimeout$CallableStatement.call(FailOnTimeout.java:298)
	at org.junit.internal.runners.statements.FailOnTimeout$CallableStatement.call(FailOnTimeout.java:292)
	at java.util.concurrent.FutureTask.run(FutureTask.java:266)
	at java.lang.Thread.run(Thread.java:748)
2019-09-24 12:00:56,923 INFO  impl.LeaderElection (LeaderElection.java:logAndReturn(56)) - s0@group-3D81F66BC438-LeaderElection144: Election TIMEOUT; received 0 response(s) [] and 0 exception(s); s0@group-3D81F66BC438:t380, leader=null, voted=s0, raftlog=s0@group-3D81F66BC438-SegmentedRaftLog:OPENED:c11,f12,i12, conf=11: [s0:0.0.0.0:42154, s1:0.0.0.0:36158, s2:0.0.0.0:36910], old=null
2019-09-24 12:00:56,936 INFO  impl.LeaderElection (LeaderElection.java:askForVotes(178)) - s0@group-3D81F66BC438-LeaderElection144: begin an election at term 381 for 11: [s0:0.0.0.0:42154, s1:0.0.0.0:36158, s2:0.0.0.0:36910], old=null
2019-09-24 12:00:56,960 INFO  impl.LeaderElection (LeaderElection.java:logAndReturn(56)) - s1@group-3D81F66BC438-LeaderElection140: Election TIMEOUT; received 1 response(s) [s1<-s0#0:FAIL-t380] and 0 exception(s); s1@group-3D81F66BC438:t380, leader=null, voted=s1, raftlog=s1@group-3D81F66BC438-SegmentedRaftLog:OPENED:c10,f11,i11, conf=11: [s0:0.0.0.0:42154, s1:0.0.0.0:36158, s2:0.0.0.0:36910], old=null
2019-09-24 12:00:56,973 INFO  impl.LeaderElection (LeaderElection.java:askForVotes(178)) - s1@group-3D81F66BC438-LeaderElection140: begin an election at term 381 for 11: [s0:0.0.0.0:42154, s1:0.0.0.0:36158, s2:0.0.0.0:36910], old=null
2019-09-24 12:00:56,973 DEBUG impl.RaftServerImpl (RaftServerImpl.java:requestVote(743)) - s0@group-3D81F66BC438: receive requestVote(s1, group-3D81F66BC438, 381, (t:14, i:11))
2019-09-24 12:00:56,974 DEBUG impl.RaftServerImpl (RaftServerImpl.java:requestVote(775)) - s0@group-3D81F66BC438 replies to vote request: s1<-s0#0:FAIL-t381. Peer's state: s0@group-3D81F66BC438:t381, leader=null, voted=s0, raftlog=s0@group-3D81F66BC438-SegmentedRaftLog:OPENED:c11,f12,i12, conf=11: [s0:0.0.0.0:42154, s1:0.0.0.0:36158, s2:0.0.0.0:36910], old=null
2019-09-24 12:00:57,032 INFO  impl.LeaderElection (LeaderElection.java:logAndReturn(56)) - s2@group-3D81F66BC438-LeaderElection142: Election TIMEOUT; received 1 response(s) [s2<-s0#0:FAIL-t380] and 0 exception(s); s2@group-3D81F66BC438:t380, leader=null, voted=s2, raftlog=s2@group-3D81F66BC438-SegmentedRaftLog:OPENED:c10,f10,i10, conf=9: [s0:0.0.0.0:42154, s1:0.0.0.0:36158, s2:0.0.0.0:36910], old=null
2019-09-24 12:00:57,053 INFO  impl.LeaderElection (LeaderElection.java:askForVotes(178)) - s2@group-3D81F66BC438-LeaderElection142: begin an election at term 381 for 9: [s0:0.0.0.0:42154, s1:0.0.0.0:36158, s2:0.0.0.0:36910], old=null
2019-09-24 12:00:57,054 DEBUG impl.RaftServerImpl (RaftServerImpl.java:requestVote(743)) - s0@group-3D81F66BC438: receive requestVote(s2, group-3D81F66BC438, 381, (t:13, i:10))
2019-09-24 12:00:57,054 DEBUG impl.RaftServerImpl (RaftServerImpl.java:requestVote(775)) - s0@group-3D81F66BC438 replies to vote request: s2<-s0#0:FAIL-t381. Peer's state: s0@group-3D81F66BC438:t381, leader=null, voted=s0, raftlog=s0@group-3D81F66BC438-SegmentedRaftLog:OPENED:c11,f12,i12, conf=11: [s0:0.0.0.0:42154, s1:0.0.0.0:36158, s2:0.0.0.0:36910], old=null
2019-09-24 12:00:57,103 INFO  impl.LeaderElection (LeaderElection.java:logAndReturn(56)) - s0@group-3D81F66BC438-LeaderElection144: Election TIMEOUT; received 0 response(s) [] and 0 exception(s); s0@group-3D81F66BC438:t381, leader=null, voted=s0, raftlog=s0@group-3D81F66BC438-SegmentedRaftLog:OPENED:c11,f12,i12, conf=11: [s0:0.0.0.0:42154, s1:0.0.0.0:36158, s2:0.0.0.0:36910], old=null
2019-09-24 12:00:57,128 INFO  impl.LeaderElection (LeaderElection.java:askForVotes(178)) - s0@group-3D81F66BC438-LeaderElection144: begin an election at term 382 for 11: [s0:0.0.0.0:42154, s1:0.0.0.0:36158, s2:0.0.0.0:36910], old=null
2019-09-24 12:00:57,157 INFO  impl.LeaderElection (LeaderElection.java:logAndReturn(56)) - s1@group-3D81F66BC438-LeaderElection140: Election TIMEOUT; received 1 response(s) [s1<-s0#0:FAIL-t381] and 0 exception(s); s1@group-3D81F66BC438:t381, leader=null, voted=s1, raftlog=s1@group-3D81F66BC438-SegmentedRaftLog:OPENED:c10,f11,i11, conf=11: [s0:0.0.0.0:42154, s1:0.0.0.0:36158, s2:0.0.0.0:36910], old=null
2019-09-24 12:00:57,170 INFO  impl.LeaderElection (LeaderElection.java:askForVotes(178)) - s1@group-3D81F66BC438-LeaderElection140: begin an election at term 382 for 11: [s0:0.0.0.0:42154, s1:0.0.0.0:36158, s2:0.0.0.0:36910], old=null
2019-09-24 12:00:57,171 DEBUG impl.RaftServerImpl (RaftServerImpl.java:requestVote(743)) - s0@group-3D81F66BC438: receive requestVote(s1, group-3D81F66BC438, 382, (t:14, i:11))
2019-09-24 12:00:57,171 DEBUG impl.RaftServerImpl (RaftServerImpl.java:requestVote(775)) - s0@group-3D81F66BC438 replies to vote request: s1<-s0#0:FAIL-t382. Peer's state: s0@group-3D81F66BC438:t382, leader=null, voted=s0, raftlog=s0@group-3D81F66BC438-SegmentedRaftLog:OPENED:c11,f12,i12, conf=11: [s0:0.0.0.0:42154, s1:0.0.0.0:36158, s2:0.0.0.0:36910], old=null
2019-09-24 12:00:57,274 WARN  ratis.RaftTestUtil (JavaUtils.java:attempt(158)) - FAILED "waitForLeader-null-(expectLeader? true)", attempt #91/100: java.lang.IllegalStateException: No leader yet : printing ALL groups
  s0:  RUNNING CANDIDATE s0@group-3D81F66BC438:t382, leader=null, voted=s0, raftlog=s0@group-3D81F66BC438-SegmentedRaftLog:OPENED:c11,f12,i12, conf=11: [s0:0.0.0.0:42154, s1:0.0.0.0:36158, s2:0.0.0.0:36910], old=null RUNNING
  s1:  RUNNING CANDIDATE s1@group-3D81F66BC438:t382, leader=null, voted=s1, raftlog=s1@group-3D81F66BC438-SegmentedRaftLog:OPENED:c10,f11,i11, conf=11: [s0:0.0.0.0:42154, s1:0.0.0.0:36158, s2:0.0.0.0:36910], old=null RUNNING
  s2:  RUNNING CANDIDATE s2@group-3D81F66BC438:t381, leader=null, voted=s2, raftlog=s2@group-3D81F66BC438-SegmentedRaftLog:OPENED:c10,f10,i10, conf=9: [s0:0.0.0.0:42154, s1:0.0.0.0:36158, s2:0.0.0.0:36910], old=null RUNNING, sleep 450ms and then retry.
java.lang.IllegalStateException: No leader yet : printing ALL groups
  s0:  RUNNING CANDIDATE s0@group-3D81F66BC438:t382, leader=null, voted=s0, raftlog=s0@group-3D81F66BC438-SegmentedRaftLog:OPENED:c11,f12,i12, conf=11: [s0:0.0.0.0:42154, s1:0.0.0.0:36158, s2:0.0.0.0:36910], old=null RUNNING
  s1:  RUNNING CANDIDATE s1@group-3D81F66BC438:t382, leader=null, voted=s1, raftlog=s1@group-3D81F66BC438-SegmentedRaftLog:OPENED:c10,f11,i11, conf=11: [s0:0.0.0.0:42154, s1:0.0.0.0:36158, s2:0.0.0.0:36910], old=null RUNNING
  s2:  RUNNING CANDIDATE s2@group-3D81F66BC438:t381, leader=null, voted=s2, raftlog=s2@group-3D81F66BC438-SegmentedRaftLog:OPENED:c10,f10,i10, conf=9: [s0:0.0.0.0:42154, s1:0.0.0.0:36158, s2:0.0.0.0:36910], old=null RUNNING
	at org.apache.ratis.MiniRaftCluster.newIllegalStateExceptionForNoLeaders(MiniRaftCluster.java:506)
	at org.apache.ratis.RaftTestUtil.lambda$waitForLeader$1(RaftTestUtil.java:90)
	at org.apache.ratis.MiniRaftCluster.getLeader(MiniRaftCluster.java:539)
	at org.apache.ratis.MiniRaftCluster.getLeader(MiniRaftCluster.java:532)
	at org.apache.ratis.RaftTestUtil.lambda$waitForLeader$3(RaftTestUtil.java:98)
	at org.apache.ratis.util.JavaUtils.attempt(JavaUtils.java:152)
	at org.apache.ratis.RaftTestUtil.waitForLeader(RaftTestUtil.java:97)
	at org.apache.ratis.RaftTestUtil.waitForLeader(RaftTestUtil.java:77)
	at org.apache.ratis.RaftTestUtil.waitForLeader(RaftTestUtil.java:72)
	at org.apache.ratis.RaftTestUtil.lambda$changeLeader$7(RaftTestUtil.java:363)
	at org.apache.ratis.util.JavaUtils.attempt(JavaUtils.java:152)
	at org.apache.ratis.RaftTestUtil.changeLeader(RaftTestUtil.java:362)
	at org.apache.ratis.server.impl.LeaderElectionTests.testChangeLeader(LeaderElectionTests.java:81)
	at sun.reflect.NativeMethodAccessorImpl.invoke0(Native Method)
	at sun.reflect.NativeMethodAccessorImpl.invoke(NativeMethodAccessorImpl.java:62)
	at sun.reflect.DelegatingMethodAccessorImpl.invoke(DelegatingMethodAccessorImpl.java:43)
	at java.lang.reflect.Method.invoke(Method.java:498)
	at org.junit.runners.model.FrameworkMethod$1.runReflectiveCall(FrameworkMethod.java:50)
	at org.junit.internal.runners.model.ReflectiveCallable.run(ReflectiveCallable.java:12)
	at org.junit.runners.model.FrameworkMethod.invokeExplosively(FrameworkMethod.java:47)
	at org.junit.internal.runners.statements.InvokeMethod.evaluate(InvokeMethod.java:17)
	at org.junit.internal.runners.statements.RunAfters.evaluate(RunAfters.java:27)
	at org.junit.internal.runners.statements.FailOnTimeout$CallableStatement.call(FailOnTimeout.java:298)
	at org.junit.internal.runners.statements.FailOnTimeout$CallableStatement.call(FailOnTimeout.java:292)
	at java.util.concurrent.FutureTask.run(FutureTask.java:266)
	at java.lang.Thread.run(Thread.java:748)
2019-09-24 12:00:57,292 INFO  impl.LeaderElection (LeaderElection.java:logAndReturn(56)) - s2@group-3D81F66BC438-LeaderElection142: Election TIMEOUT; received 1 response(s) [s2<-s0#0:FAIL-t381] and 0 exception(s); s2@group-3D81F66BC438:t381, leader=null, voted=s2, raftlog=s2@group-3D81F66BC438-SegmentedRaftLog:OPENED:c10,f10,i10, conf=9: [s0:0.0.0.0:42154, s1:0.0.0.0:36158, s2:0.0.0.0:36910], old=null
2019-09-24 12:00:57,308 INFO  impl.LeaderElection (LeaderElection.java:logAndReturn(56)) - s0@group-3D81F66BC438-LeaderElection144: Election TIMEOUT; received 0 response(s) [] and 0 exception(s); s0@group-3D81F66BC438:t382, leader=null, voted=s0, raftlog=s0@group-3D81F66BC438-SegmentedRaftLog:OPENED:c11,f12,i12, conf=11: [s0:0.0.0.0:42154, s1:0.0.0.0:36158, s2:0.0.0.0:36910], old=null
2019-09-24 12:00:57,319 INFO  impl.LeaderElection (LeaderElection.java:askForVotes(178)) - s2@group-3D81F66BC438-LeaderElection142: begin an election at term 382 for 9: [s0:0.0.0.0:42154, s1:0.0.0.0:36158, s2:0.0.0.0:36910], old=null
2019-09-24 12:00:57,320 DEBUG impl.RaftServerImpl (RaftServerImpl.java:requestVote(743)) - s0@group-3D81F66BC438: receive requestVote(s2, group-3D81F66BC438, 382, (t:13, i:10))
2019-09-24 12:00:57,321 INFO  impl.LeaderElection (LeaderElection.java:askForVotes(178)) - s0@group-3D81F66BC438-LeaderElection144: begin an election at term 383 for 11: [s0:0.0.0.0:42154, s1:0.0.0.0:36158, s2:0.0.0.0:36910], old=null
2019-09-24 12:00:57,321 DEBUG impl.RaftServerImpl (RaftServerImpl.java:requestVote(775)) - s0@group-3D81F66BC438 replies to vote request: s2<-s0#0:FAIL-t383. Peer's state: s0@group-3D81F66BC438:t383, leader=null, voted=s0, raftlog=s0@group-3D81F66BC438-SegmentedRaftLog:OPENED:c11,f12,i12, conf=11: [s0:0.0.0.0:42154, s1:0.0.0.0:36158, s2:0.0.0.0:36910], old=null
2019-09-24 12:00:57,322 INFO  impl.LeaderElection (LeaderElection.java:logAndReturn(56)) - s2@group-3D81F66BC438-LeaderElection142: Election DISCOVERED_A_NEW_TERM; received 1 response(s) [s2<-s0#0:FAIL-t383] and 0 exception(s); s2@group-3D81F66BC438:t382, leader=null, voted=s2, raftlog=s2@group-3D81F66BC438-SegmentedRaftLog:OPENED:c10,f10,i10, conf=9: [s0:0.0.0.0:42154, s1:0.0.0.0:36158, s2:0.0.0.0:36910], old=null
2019-09-24 12:00:57,322 INFO  impl.RaftServerImpl (RaftServerImpl.java:setRole(170)) - s2@group-3D81F66BC438: changes role from CANDIDATE to FOLLOWER at term 383 for DISCOVERED_A_NEW_TERM
2019-09-24 12:00:57,322 INFO  impl.RoleInfo (RoleInfo.java:shutdownLeaderElection(134)) - s2: shutdown LeaderElection
2019-09-24 12:00:57,322 INFO  impl.RoleInfo (RoleInfo.java:updateAndGet(143)) - s2: start FollowerState
2019-09-24 12:00:57,334 INFO  impl.LeaderElection (LeaderElection.java:logAndReturn(56)) - s1@group-3D81F66BC438-LeaderElection140: Election TIMEOUT; received 1 response(s) [s1<-s0#0:FAIL-t382] and 0 exception(s); s1@group-3D81F66BC438:t382, leader=null, voted=s1, raftlog=s1@group-3D81F66BC438-SegmentedRaftLog:OPENED:c10,f11,i11, conf=11: [s0:0.0.0.0:42154, s1:0.0.0.0:36158, s2:0.0.0.0:36910], old=null
2019-09-24 12:00:57,338 INFO  impl.LeaderElection (LeaderElection.java:askForVotes(178)) - s1@group-3D81F66BC438-LeaderElection140: begin an election at term 383 for 11: [s0:0.0.0.0:42154, s1:0.0.0.0:36158, s2:0.0.0.0:36910], old=null
2019-09-24 12:00:57,338 DEBUG impl.RaftServerImpl (RaftServerImpl.java:requestVote(743)) - s0@group-3D81F66BC438: receive requestVote(s1, group-3D81F66BC438, 383, (t:14, i:11))
2019-09-24 12:00:57,338 DEBUG impl.RaftServerImpl (RaftServerImpl.java:requestVote(775)) - s0@group-3D81F66BC438 replies to vote request: s1<-s0#0:FAIL-t383. Peer's state: s0@group-3D81F66BC438:t383, leader=null, voted=s0, raftlog=s0@group-3D81F66BC438-SegmentedRaftLog:OPENED:c11,f12,i12, conf=11: [s0:0.0.0.0:42154, s1:0.0.0.0:36158, s2:0.0.0.0:36910], old=null
2019-09-24 12:00:57,561 INFO  impl.LeaderElection (LeaderElection.java:logAndReturn(56)) - s1@group-3D81F66BC438-LeaderElection140: Election TIMEOUT; received 1 response(s) [s1<-s0#0:FAIL-t383] and 0 exception(s); s1@group-3D81F66BC438:t383, leader=null, voted=s1, raftlog=s1@group-3D81F66BC438-SegmentedRaftLog:OPENED:c10,f11,i11, conf=11: [s0:0.0.0.0:42154, s1:0.0.0.0:36158, s2:0.0.0.0:36910], old=null
2019-09-24 12:00:57,575 INFO  impl.FollowerState (FollowerState.java:run(108)) - s2@group-3D81F66BC438-FollowerState: change to CANDIDATE, lastRpcTime:252ms, electionTimeout:252ms
2019-09-24 12:00:57,575 INFO  impl.LeaderElection (LeaderElection.java:askForVotes(178)) - s1@group-3D81F66BC438-LeaderElection140: begin an election at term 384 for 11: [s0:0.0.0.0:42154, s1:0.0.0.0:36158, s2:0.0.0.0:36910], old=null
2019-09-24 12:00:57,575 INFO  impl.RoleInfo (RoleInfo.java:shutdownFollowerState(121)) - s2: shutdown FollowerState
2019-09-24 12:00:57,575 INFO  impl.RaftServerImpl (RaftServerImpl.java:setRole(170)) - s2@group-3D81F66BC438: changes role from  FOLLOWER to CANDIDATE at term 383 for changeToCandidate
2019-09-24 12:00:57,575 INFO  impl.RoleInfo (RoleInfo.java:updateAndGet(143)) - s2: start LeaderElection
2019-09-24 12:00:57,575 DEBUG impl.RaftServerImpl (RaftServerImpl.java:requestVote(743)) - s0@group-3D81F66BC438: receive requestVote(s1, group-3D81F66BC438, 384, (t:14, i:11))
2019-09-24 12:00:57,576 INFO  impl.RaftServerImpl (RaftServerImpl.java:setRole(170)) - s0@group-3D81F66BC438: changes role from CANDIDATE to FOLLOWER at term 384 for recognizeCandidate:s1
2019-09-24 12:00:57,576 INFO  impl.RoleInfo (RoleInfo.java:shutdownLeaderElection(134)) - s0: shutdown LeaderElection
2019-09-24 12:00:57,576 INFO  impl.RoleInfo (RoleInfo.java:updateAndGet(143)) - s0: start FollowerState
2019-09-24 12:00:57,589 INFO  impl.LeaderElection (LeaderElection.java:logAndReturn(56)) - s0@group-3D81F66BC438-LeaderElection144: Election REJECTED; received 0 response(s) [] and 0 exception(s); s0@group-3D81F66BC438:t384, leader=null, voted=null, raftlog=s0@group-3D81F66BC438-SegmentedRaftLog:OPENED:c11,f12,i12, conf=11: [s0:0.0.0.0:42154, s1:0.0.0.0:36158, s2:0.0.0.0:36910], old=null
2019-09-24 12:00:57,591 INFO  impl.LeaderElection (LeaderElection.java:askForVotes(178)) - s2@group-3D81F66BC438-LeaderElection145: begin an election at term 384 for 9: [s0:0.0.0.0:42154, s1:0.0.0.0:36158, s2:0.0.0.0:36910], old=null
2019-09-24 12:00:57,591 DEBUG impl.RaftServerImpl (RaftServerImpl.java:requestVote(775)) - s0@group-3D81F66BC438 replies to vote request: s1<-s0#0:FAIL-t384. Peer's state: s0@group-3D81F66BC438:t384, leader=null, voted=null, raftlog=s0@group-3D81F66BC438-SegmentedRaftLog:OPENED:c11,f12,i12, conf=11: [s0:0.0.0.0:42154, s1:0.0.0.0:36158, s2:0.0.0.0:36910], old=null
2019-09-24 12:00:57,592 DEBUG impl.RaftServerImpl (RaftServerImpl.java:requestVote(743)) - s0@group-3D81F66BC438: receive requestVote(s2, group-3D81F66BC438, 384, (t:13, i:10))
2019-09-24 12:00:57,592 INFO  impl.RaftServerImpl (RaftServerImpl.java:setRole(170)) - s0@group-3D81F66BC438: changes role from  FOLLOWER to FOLLOWER at term 384 for recognizeCandidate:s2
2019-09-24 12:00:57,592 INFO  impl.RoleInfo (RoleInfo.java:shutdownFollowerState(121)) - s0: shutdown FollowerState
2019-09-24 12:00:57,592 INFO  impl.RoleInfo (RoleInfo.java:updateAndGet(143)) - s0: start FollowerState
2019-09-24 12:00:57,592 INFO  impl.FollowerState (FollowerState.java:run(117)) - s0@group-3D81F66BC438-FollowerState was interrupted: java.lang.InterruptedException: sleep interrupted
2019-09-24 12:00:57,593 DEBUG impl.RaftServerImpl (RaftServerImpl.java:requestVote(775)) - s0@group-3D81F66BC438 replies to vote request: s2<-s0#0:FAIL-t384. Peer's state: s0@group-3D81F66BC438:t384, leader=null, voted=null, raftlog=s0@group-3D81F66BC438-SegmentedRaftLog:OPENED:c11,f12,i12, conf=11: [s0:0.0.0.0:42154, s1:0.0.0.0:36158, s2:0.0.0.0:36910], old=null
2019-09-24 12:00:57,725 WARN  ratis.RaftTestUtil (JavaUtils.java:attempt(158)) - FAILED "waitForLeader-null-(expectLeader? true)", attempt #92/100: java.lang.IllegalStateException: No leader yet : printing ALL groups
  s0:  RUNNING  FOLLOWER s0@group-3D81F66BC438:t384, leader=null, voted=null, raftlog=s0@group-3D81F66BC438-SegmentedRaftLog:OPENED:c11,f12,i12, conf=11: [s0:0.0.0.0:42154, s1:0.0.0.0:36158, s2:0.0.0.0:36910], old=null RUNNING
  s1:  RUNNING CANDIDATE s1@group-3D81F66BC438:t384, leader=null, voted=s1, raftlog=s1@group-3D81F66BC438-SegmentedRaftLog:OPENED:c10,f11,i11, conf=11: [s0:0.0.0.0:42154, s1:0.0.0.0:36158, s2:0.0.0.0:36910], old=null RUNNING
  s2:  RUNNING CANDIDATE s2@group-3D81F66BC438:t384, leader=null, voted=s2, raftlog=s2@group-3D81F66BC438-SegmentedRaftLog:OPENED:c10,f10,i10, conf=9: [s0:0.0.0.0:42154, s1:0.0.0.0:36158, s2:0.0.0.0:36910], old=null RUNNING, sleep 450ms and then retry.
java.lang.IllegalStateException: No leader yet : printing ALL groups
  s0:  RUNNING  FOLLOWER s0@group-3D81F66BC438:t384, leader=null, voted=null, raftlog=s0@group-3D81F66BC438-SegmentedRaftLog:OPENED:c11,f12,i12, conf=11: [s0:0.0.0.0:42154, s1:0.0.0.0:36158, s2:0.0.0.0:36910], old=null RUNNING
  s1:  RUNNING CANDIDATE s1@group-3D81F66BC438:t384, leader=null, voted=s1, raftlog=s1@group-3D81F66BC438-SegmentedRaftLog:OPENED:c10,f11,i11, conf=11: [s0:0.0.0.0:42154, s1:0.0.0.0:36158, s2:0.0.0.0:36910], old=null RUNNING
  s2:  RUNNING CANDIDATE s2@group-3D81F66BC438:t384, leader=null, voted=s2, raftlog=s2@group-3D81F66BC438-SegmentedRaftLog:OPENED:c10,f10,i10, conf=9: [s0:0.0.0.0:42154, s1:0.0.0.0:36158, s2:0.0.0.0:36910], old=null RUNNING
	at org.apache.ratis.MiniRaftCluster.newIllegalStateExceptionForNoLeaders(MiniRaftCluster.java:506)
	at org.apache.ratis.RaftTestUtil.lambda$waitForLeader$1(RaftTestUtil.java:90)
	at org.apache.ratis.MiniRaftCluster.getLeader(MiniRaftCluster.java:539)
	at org.apache.ratis.MiniRaftCluster.getLeader(MiniRaftCluster.java:532)
	at org.apache.ratis.RaftTestUtil.lambda$waitForLeader$3(RaftTestUtil.java:98)
	at org.apache.ratis.util.JavaUtils.attempt(JavaUtils.java:152)
	at org.apache.ratis.RaftTestUtil.waitForLeader(RaftTestUtil.java:97)
	at org.apache.ratis.RaftTestUtil.waitForLeader(RaftTestUtil.java:77)
	at org.apache.ratis.RaftTestUtil.waitForLeader(RaftTestUtil.java:72)
	at org.apache.ratis.RaftTestUtil.lambda$changeLeader$7(RaftTestUtil.java:363)
	at org.apache.ratis.util.JavaUtils.attempt(JavaUtils.java:152)
	at org.apache.ratis.RaftTestUtil.changeLeader(RaftTestUtil.java:362)
	at org.apache.ratis.server.impl.LeaderElectionTests.testChangeLeader(LeaderElectionTests.java:81)
	at sun.reflect.NativeMethodAccessorImpl.invoke0(Native Method)
	at sun.reflect.NativeMethodAccessorImpl.invoke(NativeMethodAccessorImpl.java:62)
	at sun.reflect.DelegatingMethodAccessorImpl.invoke(DelegatingMethodAccessorImpl.java:43)
	at java.lang.reflect.Method.invoke(Method.java:498)
	at org.junit.runners.model.FrameworkMethod$1.runReflectiveCall(FrameworkMethod.java:50)
	at org.junit.internal.runners.model.ReflectiveCallable.run(ReflectiveCallable.java:12)
	at org.junit.runners.model.FrameworkMethod.invokeExplosively(FrameworkMethod.java:47)
	at org.junit.internal.runners.statements.InvokeMethod.evaluate(InvokeMethod.java:17)
	at org.junit.internal.runners.statements.RunAfters.evaluate(RunAfters.java:27)
	at org.junit.internal.runners.statements.FailOnTimeout$CallableStatement.call(FailOnTimeout.java:298)
	at org.junit.internal.runners.statements.FailOnTimeout$CallableStatement.call(FailOnTimeout.java:292)
	at java.util.concurrent.FutureTask.run(FutureTask.java:266)
	at java.lang.Thread.run(Thread.java:748)
2019-09-24 12:00:57,730 INFO  impl.LeaderElection (LeaderElection.java:logAndReturn(56)) - s1@group-3D81F66BC438-LeaderElection140: Election TIMEOUT; received 1 response(s) [s1<-s0#0:FAIL-t384] and 0 exception(s); s1@group-3D81F66BC438:t384, leader=null, voted=s1, raftlog=s1@group-3D81F66BC438-SegmentedRaftLog:OPENED:c10,f11,i11, conf=11: [s0:0.0.0.0:42154, s1:0.0.0.0:36158, s2:0.0.0.0:36910], old=null
2019-09-24 12:00:57,745 INFO  impl.LeaderElection (LeaderElection.java:askForVotes(178)) - s1@group-3D81F66BC438-LeaderElection140: begin an election at term 385 for 11: [s0:0.0.0.0:42154, s1:0.0.0.0:36158, s2:0.0.0.0:36910], old=null
2019-09-24 12:00:57,745 DEBUG impl.RaftServerImpl (RaftServerImpl.java:requestVote(743)) - s0@group-3D81F66BC438: receive requestVote(s1, group-3D81F66BC438, 385, (t:14, i:11))
2019-09-24 12:00:57,745 INFO  impl.RaftServerImpl (RaftServerImpl.java:setRole(170)) - s0@group-3D81F66BC438: changes role from  FOLLOWER to FOLLOWER at term 385 for recognizeCandidate:s1
2019-09-24 12:00:57,746 INFO  impl.RoleInfo (RoleInfo.java:shutdownFollowerState(121)) - s0: shutdown FollowerState
2019-09-24 12:00:57,746 INFO  impl.RoleInfo (RoleInfo.java:updateAndGet(143)) - s0: start FollowerState
2019-09-24 12:00:57,746 INFO  impl.FollowerState (FollowerState.java:run(117)) - s0@group-3D81F66BC438-FollowerState was interrupted: java.lang.InterruptedException: sleep interrupted
2019-09-24 12:00:57,761 DEBUG impl.RaftServerImpl (RaftServerImpl.java:requestVote(775)) - s0@group-3D81F66BC438 replies to vote request: s1<-s0#0:FAIL-t385. Peer's state: s0@group-3D81F66BC438:t385, leader=null, voted=null, raftlog=s0@group-3D81F66BC438-SegmentedRaftLog:OPENED:c11,f12,i12, conf=11: [s0:0.0.0.0:42154, s1:0.0.0.0:36158, s2:0.0.0.0:36910], old=null
2019-09-24 12:00:57,799 INFO  impl.LeaderElection (LeaderElection.java:logAndReturn(56)) - s2@group-3D81F66BC438-LeaderElection145: Election TIMEOUT; received 1 response(s) [s2<-s0#0:FAIL-t384] and 0 exception(s); s2@group-3D81F66BC438:t384, leader=null, voted=s2, raftlog=s2@group-3D81F66BC438-SegmentedRaftLog:OPENED:c10,f10,i10, conf=9: [s0:0.0.0.0:42154, s1:0.0.0.0:36158, s2:0.0.0.0:36910], old=null
2019-09-24 12:00:57,812 INFO  impl.LeaderElection (LeaderElection.java:askForVotes(178)) - s2@group-3D81F66BC438-LeaderElection145: begin an election at term 385 for 9: [s0:0.0.0.0:42154, s1:0.0.0.0:36158, s2:0.0.0.0:36910], old=null
2019-09-24 12:00:57,813 DEBUG impl.RaftServerImpl (RaftServerImpl.java:requestVote(743)) - s0@group-3D81F66BC438: receive requestVote(s2, group-3D81F66BC438, 385, (t:13, i:10))
2019-09-24 12:00:57,813 INFO  impl.RaftServerImpl (RaftServerImpl.java:setRole(170)) - s0@group-3D81F66BC438: changes role from  FOLLOWER to FOLLOWER at term 385 for recognizeCandidate:s2
2019-09-24 12:00:57,813 INFO  impl.RoleInfo (RoleInfo.java:shutdownFollowerState(121)) - s0: shutdown FollowerState
2019-09-24 12:00:57,813 INFO  impl.RoleInfo (RoleInfo.java:updateAndGet(143)) - s0: start FollowerState
2019-09-24 12:00:57,813 INFO  impl.FollowerState (FollowerState.java:run(117)) - s0@group-3D81F66BC438-FollowerState was interrupted: java.lang.InterruptedException: sleep interrupted
2019-09-24 12:00:57,814 DEBUG impl.RaftServerImpl (RaftServerImpl.java:requestVote(775)) - s0@group-3D81F66BC438 replies to vote request: s2<-s0#0:FAIL-t385. Peer's state: s0@group-3D81F66BC438:t385, leader=null, voted=null, raftlog=s0@group-3D81F66BC438-SegmentedRaftLog:OPENED:c11,f12,i12, conf=11: [s0:0.0.0.0:42154, s1:0.0.0.0:36158, s2:0.0.0.0:36910], old=null
2019-09-24 12:00:57,918 INFO  impl.LeaderElection (LeaderElection.java:logAndReturn(56)) - s1@group-3D81F66BC438-LeaderElection140: Election TIMEOUT; received 1 response(s) [s1<-s0#0:FAIL-t385] and 0 exception(s); s1@group-3D81F66BC438:t385, leader=null, voted=s1, raftlog=s1@group-3D81F66BC438-SegmentedRaftLog:OPENED:c10,f11,i11, conf=11: [s0:0.0.0.0:42154, s1:0.0.0.0:36158, s2:0.0.0.0:36910], old=null
2019-09-24 12:00:57,933 INFO  impl.LeaderElection (LeaderElection.java:askForVotes(178)) - s1@group-3D81F66BC438-LeaderElection140: begin an election at term 386 for 11: [s0:0.0.0.0:42154, s1:0.0.0.0:36158, s2:0.0.0.0:36910], old=null
2019-09-24 12:00:57,934 DEBUG impl.RaftServerImpl (RaftServerImpl.java:requestVote(743)) - s0@group-3D81F66BC438: receive requestVote(s1, group-3D81F66BC438, 386, (t:14, i:11))
2019-09-24 12:00:57,934 INFO  impl.RaftServerImpl (RaftServerImpl.java:setRole(170)) - s0@group-3D81F66BC438: changes role from  FOLLOWER to FOLLOWER at term 386 for recognizeCandidate:s1
2019-09-24 12:00:57,934 INFO  impl.RoleInfo (RoleInfo.java:shutdownFollowerState(121)) - s0: shutdown FollowerState
2019-09-24 12:00:57,934 INFO  impl.RoleInfo (RoleInfo.java:updateAndGet(143)) - s0: start FollowerState
2019-09-24 12:00:57,934 INFO  impl.FollowerState (FollowerState.java:run(117)) - s0@group-3D81F66BC438-FollowerState was interrupted: java.lang.InterruptedException: sleep interrupted
2019-09-24 12:00:57,947 DEBUG impl.RaftServerImpl (RaftServerImpl.java:requestVote(775)) - s0@group-3D81F66BC438 replies to vote request: s1<-s0#0:FAIL-t386. Peer's state: s0@group-3D81F66BC438:t386, leader=null, voted=null, raftlog=s0@group-3D81F66BC438-SegmentedRaftLog:OPENED:c11,f12,i12, conf=11: [s0:0.0.0.0:42154, s1:0.0.0.0:36158, s2:0.0.0.0:36910], old=null
2019-09-24 12:00:58,070 INFO  impl.LeaderElection (LeaderElection.java:logAndReturn(56)) - s2@group-3D81F66BC438-LeaderElection145: Election TIMEOUT; received 1 response(s) [s2<-s0#0:FAIL-t385] and 0 exception(s); s2@group-3D81F66BC438:t385, leader=null, voted=s2, raftlog=s2@group-3D81F66BC438-SegmentedRaftLog:OPENED:c10,f10,i10, conf=9: [s0:0.0.0.0:42154, s1:0.0.0.0:36158, s2:0.0.0.0:36910], old=null
2019-09-24 12:00:58,083 INFO  impl.LeaderElection (LeaderElection.java:askForVotes(178)) - s2@group-3D81F66BC438-LeaderElection145: begin an election at term 386 for 9: [s0:0.0.0.0:42154, s1:0.0.0.0:36158, s2:0.0.0.0:36910], old=null
2019-09-24 12:00:58,083 DEBUG impl.RaftServerImpl (RaftServerImpl.java:requestVote(743)) - s0@group-3D81F66BC438: receive requestVote(s2, group-3D81F66BC438, 386, (t:13, i:10))
2019-09-24 12:00:58,084 INFO  impl.RaftServerImpl (RaftServerImpl.java:setRole(170)) - s0@group-3D81F66BC438: changes role from  FOLLOWER to FOLLOWER at term 386 for recognizeCandidate:s2
2019-09-24 12:00:58,084 INFO  impl.RoleInfo (RoleInfo.java:shutdownFollowerState(121)) - s0: shutdown FollowerState
2019-09-24 12:00:58,084 INFO  impl.RoleInfo (RoleInfo.java:updateAndGet(143)) - s0: start FollowerState
2019-09-24 12:00:58,084 INFO  impl.FollowerState (FollowerState.java:run(117)) - s0@group-3D81F66BC438-FollowerState was interrupted: java.lang.InterruptedException: sleep interrupted
2019-09-24 12:00:58,084 DEBUG impl.RaftServerImpl (RaftServerImpl.java:requestVote(775)) - s0@group-3D81F66BC438 replies to vote request: s2<-s0#0:FAIL-t386. Peer's state: s0@group-3D81F66BC438:t386, leader=null, voted=null, raftlog=s0@group-3D81F66BC438-SegmentedRaftLog:OPENED:c11,f12,i12, conf=11: [s0:0.0.0.0:42154, s1:0.0.0.0:36158, s2:0.0.0.0:36910], old=null
2019-09-24 12:00:58,140 INFO  impl.LeaderElection (LeaderElection.java:logAndReturn(56)) - s1@group-3D81F66BC438-LeaderElection140: Election TIMEOUT; received 1 response(s) [s1<-s0#0:FAIL-t386] and 0 exception(s); s1@group-3D81F66BC438:t386, leader=null, voted=s1, raftlog=s1@group-3D81F66BC438-SegmentedRaftLog:OPENED:c10,f11,i11, conf=11: [s0:0.0.0.0:42154, s1:0.0.0.0:36158, s2:0.0.0.0:36910], old=null
2019-09-24 12:00:58,166 INFO  impl.LeaderElection (LeaderElection.java:askForVotes(178)) - s1@group-3D81F66BC438-LeaderElection140: begin an election at term 387 for 11: [s0:0.0.0.0:42154, s1:0.0.0.0:36158, s2:0.0.0.0:36910], old=null
2019-09-24 12:00:58,167 DEBUG impl.RaftServerImpl (RaftServerImpl.java:requestVote(743)) - s0@group-3D81F66BC438: receive requestVote(s1, group-3D81F66BC438, 387, (t:14, i:11))
2019-09-24 12:00:58,167 INFO  impl.RaftServerImpl (RaftServerImpl.java:setRole(170)) - s0@group-3D81F66BC438: changes role from  FOLLOWER to FOLLOWER at term 387 for recognizeCandidate:s1
2019-09-24 12:00:58,167 INFO  impl.RoleInfo (RoleInfo.java:shutdownFollowerState(121)) - s0: shutdown FollowerState
2019-09-24 12:00:58,167 INFO  impl.RoleInfo (RoleInfo.java:updateAndGet(143)) - s0: start FollowerState
2019-09-24 12:00:58,167 INFO  impl.FollowerState (FollowerState.java:run(117)) - s0@group-3D81F66BC438-FollowerState was interrupted: java.lang.InterruptedException: sleep interrupted
2019-09-24 12:00:58,177 WARN  ratis.RaftTestUtil (JavaUtils.java:attempt(158)) - FAILED "waitForLeader-null-(expectLeader? true)", attempt #93/100: java.lang.IllegalStateException: No leader yet : printing ALL groups
  s0:  RUNNING  FOLLOWER s0@group-3D81F66BC438:t387, leader=null, voted=null, raftlog=s0@group-3D81F66BC438-SegmentedRaftLog:OPENED:c11,f12,i12, conf=11: [s0:0.0.0.0:42154, s1:0.0.0.0:36158, s2:0.0.0.0:36910], old=null RUNNING
  s1:  RUNNING CANDIDATE s1@group-3D81F66BC438:t387, leader=null, voted=s1, raftlog=s1@group-3D81F66BC438-SegmentedRaftLog:OPENED:c10,f11,i11, conf=11: [s0:0.0.0.0:42154, s1:0.0.0.0:36158, s2:0.0.0.0:36910], old=null RUNNING
  s2:  RUNNING CANDIDATE s2@group-3D81F66BC438:t386, leader=null, voted=s2, raftlog=s2@group-3D81F66BC438-SegmentedRaftLog:OPENED:c10,f10,i10, conf=9: [s0:0.0.0.0:42154, s1:0.0.0.0:36158, s2:0.0.0.0:36910], old=null RUNNING, sleep 450ms and then retry.
java.lang.IllegalStateException: No leader yet : printing ALL groups
  s0:  RUNNING  FOLLOWER s0@group-3D81F66BC438:t387, leader=null, voted=null, raftlog=s0@group-3D81F66BC438-SegmentedRaftLog:OPENED:c11,f12,i12, conf=11: [s0:0.0.0.0:42154, s1:0.0.0.0:36158, s2:0.0.0.0:36910], old=null RUNNING
  s1:  RUNNING CANDIDATE s1@group-3D81F66BC438:t387, leader=null, voted=s1, raftlog=s1@group-3D81F66BC438-SegmentedRaftLog:OPENED:c10,f11,i11, conf=11: [s0:0.0.0.0:42154, s1:0.0.0.0:36158, s2:0.0.0.0:36910], old=null RUNNING
  s2:  RUNNING CANDIDATE s2@group-3D81F66BC438:t386, leader=null, voted=s2, raftlog=s2@group-3D81F66BC438-SegmentedRaftLog:OPENED:c10,f10,i10, conf=9: [s0:0.0.0.0:42154, s1:0.0.0.0:36158, s2:0.0.0.0:36910], old=null RUNNING
	at org.apache.ratis.MiniRaftCluster.newIllegalStateExceptionForNoLeaders(MiniRaftCluster.java:506)
	at org.apache.ratis.RaftTestUtil.lambda$waitForLeader$1(RaftTestUtil.java:90)
	at org.apache.ratis.MiniRaftCluster.getLeader(MiniRaftCluster.java:539)
	at org.apache.ratis.MiniRaftCluster.getLeader(MiniRaftCluster.java:532)
	at org.apache.ratis.RaftTestUtil.lambda$waitForLeader$3(RaftTestUtil.java:98)
	at org.apache.ratis.util.JavaUtils.attempt(JavaUtils.java:152)
	at org.apache.ratis.RaftTestUtil.waitForLeader(RaftTestUtil.java:97)
	at org.apache.ratis.RaftTestUtil.waitForLeader(RaftTestUtil.java:77)
	at org.apache.ratis.RaftTestUtil.waitForLeader(RaftTestUtil.java:72)
	at org.apache.ratis.RaftTestUtil.lambda$changeLeader$7(RaftTestUtil.java:363)
	at org.apache.ratis.util.JavaUtils.attempt(JavaUtils.java:152)
	at org.apache.ratis.RaftTestUtil.changeLeader(RaftTestUtil.java:362)
	at org.apache.ratis.server.impl.LeaderElectionTests.testChangeLeader(LeaderElectionTests.java:81)
	at sun.reflect.NativeMethodAccessorImpl.invoke0(Native Method)
	at sun.reflect.NativeMethodAccessorImpl.invoke(NativeMethodAccessorImpl.java:62)
	at sun.reflect.DelegatingMethodAccessorImpl.invoke(DelegatingMethodAccessorImpl.java:43)
	at java.lang.reflect.Method.invoke(Method.java:498)
	at org.junit.runners.model.FrameworkMethod$1.runReflectiveCall(FrameworkMethod.java:50)
	at org.junit.internal.runners.model.ReflectiveCallable.run(ReflectiveCallable.java:12)
	at org.junit.runners.model.FrameworkMethod.invokeExplosively(FrameworkMethod.java:47)
	at org.junit.internal.runners.statements.InvokeMethod.evaluate(InvokeMethod.java:17)
	at org.junit.internal.runners.statements.RunAfters.evaluate(RunAfters.java:27)
	at org.junit.internal.runners.statements.FailOnTimeout$CallableStatement.call(FailOnTimeout.java:298)
	at org.junit.internal.runners.statements.FailOnTimeout$CallableStatement.call(FailOnTimeout.java:292)
	at java.util.concurrent.FutureTask.run(FutureTask.java:266)
	at java.lang.Thread.run(Thread.java:748)
2019-09-24 12:00:58,183 DEBUG impl.RaftServerImpl (RaftServerImpl.java:requestVote(775)) - s0@group-3D81F66BC438 replies to vote request: s1<-s0#0:FAIL-t387. Peer's state: s0@group-3D81F66BC438:t387, leader=null, voted=null, raftlog=s0@group-3D81F66BC438-SegmentedRaftLog:OPENED:c11,f12,i12, conf=11: [s0:0.0.0.0:42154, s1:0.0.0.0:36158, s2:0.0.0.0:36910], old=null
2019-09-24 12:00:58,300 INFO  impl.LeaderElection (LeaderElection.java:logAndReturn(56)) - s2@group-3D81F66BC438-LeaderElection145: Election TIMEOUT; received 1 response(s) [s2<-s0#0:FAIL-t386] and 0 exception(s); s2@group-3D81F66BC438:t386, leader=null, voted=s2, raftlog=s2@group-3D81F66BC438-SegmentedRaftLog:OPENED:c10,f10,i10, conf=9: [s0:0.0.0.0:42154, s1:0.0.0.0:36158, s2:0.0.0.0:36910], old=null
2019-09-24 12:00:58,313 INFO  impl.LeaderElection (LeaderElection.java:askForVotes(178)) - s2@group-3D81F66BC438-LeaderElection145: begin an election at term 387 for 9: [s0:0.0.0.0:42154, s1:0.0.0.0:36158, s2:0.0.0.0:36910], old=null
2019-09-24 12:00:58,313 DEBUG impl.RaftServerImpl (RaftServerImpl.java:requestVote(743)) - s0@group-3D81F66BC438: receive requestVote(s2, group-3D81F66BC438, 387, (t:13, i:10))
2019-09-24 12:00:58,313 INFO  impl.RaftServerImpl (RaftServerImpl.java:setRole(170)) - s0@group-3D81F66BC438: changes role from  FOLLOWER to FOLLOWER at term 387 for recognizeCandidate:s2
2019-09-24 12:00:58,313 INFO  impl.RoleInfo (RoleInfo.java:shutdownFollowerState(121)) - s0: shutdown FollowerState
2019-09-24 12:00:58,313 INFO  impl.RoleInfo (RoleInfo.java:updateAndGet(143)) - s0: start FollowerState
2019-09-24 12:00:58,314 INFO  impl.FollowerState (FollowerState.java:run(117)) - s0@group-3D81F66BC438-FollowerState was interrupted: java.lang.InterruptedException: sleep interrupted
2019-09-24 12:00:58,314 DEBUG impl.RaftServerImpl (RaftServerImpl.java:requestVote(775)) - s0@group-3D81F66BC438 replies to vote request: s2<-s0#0:FAIL-t387. Peer's state: s0@group-3D81F66BC438:t387, leader=null, voted=null, raftlog=s0@group-3D81F66BC438-SegmentedRaftLog:OPENED:c11,f12,i12, conf=11: [s0:0.0.0.0:42154, s1:0.0.0.0:36158, s2:0.0.0.0:36910], old=null
2019-09-24 12:00:58,366 INFO  impl.LeaderElection (LeaderElection.java:logAndReturn(56)) - s1@group-3D81F66BC438-LeaderElection140: Election TIMEOUT; received 1 response(s) [s1<-s0#0:FAIL-t387] and 0 exception(s); s1@group-3D81F66BC438:t387, leader=null, voted=s1, raftlog=s1@group-3D81F66BC438-SegmentedRaftLog:OPENED:c10,f11,i11, conf=11: [s0:0.0.0.0:42154, s1:0.0.0.0:36158, s2:0.0.0.0:36910], old=null
2019-09-24 12:00:58,391 INFO  impl.LeaderElection (LeaderElection.java:askForVotes(178)) - s1@group-3D81F66BC438-LeaderElection140: begin an election at term 388 for 11: [s0:0.0.0.0:42154, s1:0.0.0.0:36158, s2:0.0.0.0:36910], old=null
2019-09-24 12:00:58,392 DEBUG impl.RaftServerImpl (RaftServerImpl.java:requestVote(743)) - s0@group-3D81F66BC438: receive requestVote(s1, group-3D81F66BC438, 388, (t:14, i:11))
2019-09-24 12:00:58,392 INFO  impl.RaftServerImpl (RaftServerImpl.java:setRole(170)) - s0@group-3D81F66BC438: changes role from  FOLLOWER to FOLLOWER at term 388 for recognizeCandidate:s1
2019-09-24 12:00:58,392 INFO  impl.RoleInfo (RoleInfo.java:shutdownFollowerState(121)) - s0: shutdown FollowerState
2019-09-24 12:00:58,392 INFO  impl.RoleInfo (RoleInfo.java:updateAndGet(143)) - s0: start FollowerState
2019-09-24 12:00:58,392 INFO  impl.FollowerState (FollowerState.java:run(117)) - s0@group-3D81F66BC438-FollowerState was interrupted: java.lang.InterruptedException: sleep interrupted
2019-09-24 12:00:58,413 DEBUG impl.RaftServerImpl (RaftServerImpl.java:requestVote(775)) - s0@group-3D81F66BC438 replies to vote request: s1<-s0#0:FAIL-t388. Peer's state: s0@group-3D81F66BC438:t388, leader=null, voted=null, raftlog=s0@group-3D81F66BC438-SegmentedRaftLog:OPENED:c11,f12,i12, conf=11: [s0:0.0.0.0:42154, s1:0.0.0.0:36158, s2:0.0.0.0:36910], old=null
2019-09-24 12:00:58,553 INFO  impl.LeaderElection (LeaderElection.java:logAndReturn(56)) - s2@group-3D81F66BC438-LeaderElection145: Election TIMEOUT; received 1 response(s) [s2<-s0#0:FAIL-t387] and 0 exception(s); s2@group-3D81F66BC438:t387, leader=null, voted=s2, raftlog=s2@group-3D81F66BC438-SegmentedRaftLog:OPENED:c10,f10,i10, conf=9: [s0:0.0.0.0:42154, s1:0.0.0.0:36158, s2:0.0.0.0:36910], old=null
2019-09-24 12:00:58,566 INFO  impl.LeaderElection (LeaderElection.java:askForVotes(178)) - s2@group-3D81F66BC438-LeaderElection145: begin an election at term 388 for 9: [s0:0.0.0.0:42154, s1:0.0.0.0:36158, s2:0.0.0.0:36910], old=null
2019-09-24 12:00:58,567 DEBUG impl.RaftServerImpl (RaftServerImpl.java:requestVote(743)) - s0@group-3D81F66BC438: receive requestVote(s2, group-3D81F66BC438, 388, (t:13, i:10))
2019-09-24 12:00:58,567 INFO  impl.RaftServerImpl (RaftServerImpl.java:setRole(170)) - s0@group-3D81F66BC438: changes role from  FOLLOWER to FOLLOWER at term 388 for recognizeCandidate:s2
2019-09-24 12:00:58,567 INFO  impl.RoleInfo (RoleInfo.java:shutdownFollowerState(121)) - s0: shutdown FollowerState
2019-09-24 12:00:58,567 INFO  impl.RoleInfo (RoleInfo.java:updateAndGet(143)) - s0: start FollowerState
2019-09-24 12:00:58,567 INFO  impl.FollowerState (FollowerState.java:run(117)) - s0@group-3D81F66BC438-FollowerState was interrupted: java.lang.InterruptedException: sleep interrupted
2019-09-24 12:00:58,568 DEBUG impl.RaftServerImpl (RaftServerImpl.java:requestVote(775)) - s0@group-3D81F66BC438 replies to vote request: s2<-s0#0:FAIL-t388. Peer's state: s0@group-3D81F66BC438:t388, leader=null, voted=null, raftlog=s0@group-3D81F66BC438-SegmentedRaftLog:OPENED:c11,f12,i12, conf=11: [s0:0.0.0.0:42154, s1:0.0.0.0:36158, s2:0.0.0.0:36910], old=null
2019-09-24 12:00:58,628 WARN  ratis.RaftTestUtil (JavaUtils.java:attempt(158)) - FAILED "waitForLeader-null-(expectLeader? true)", attempt #94/100: java.lang.IllegalStateException: No leader yet : printing ALL groups
  s0:  RUNNING  FOLLOWER s0@group-3D81F66BC438:t388, leader=null, voted=null, raftlog=s0@group-3D81F66BC438-SegmentedRaftLog:OPENED:c11,f12,i12, conf=11: [s0:0.0.0.0:42154, s1:0.0.0.0:36158, s2:0.0.0.0:36910], old=null RUNNING
  s1:  RUNNING CANDIDATE s1@group-3D81F66BC438:t388, leader=null, voted=s1, raftlog=s1@group-3D81F66BC438-SegmentedRaftLog:OPENED:c10,f11,i11, conf=11: [s0:0.0.0.0:42154, s1:0.0.0.0:36158, s2:0.0.0.0:36910], old=null RUNNING
  s2:  RUNNING CANDIDATE s2@group-3D81F66BC438:t388, leader=null, voted=s2, raftlog=s2@group-3D81F66BC438-SegmentedRaftLog:OPENED:c10,f10,i10, conf=9: [s0:0.0.0.0:42154, s1:0.0.0.0:36158, s2:0.0.0.0:36910], old=null RUNNING, sleep 450ms and then retry.
java.lang.IllegalStateException: No leader yet : printing ALL groups
  s0:  RUNNING  FOLLOWER s0@group-3D81F66BC438:t388, leader=null, voted=null, raftlog=s0@group-3D81F66BC438-SegmentedRaftLog:OPENED:c11,f12,i12, conf=11: [s0:0.0.0.0:42154, s1:0.0.0.0:36158, s2:0.0.0.0:36910], old=null RUNNING
  s1:  RUNNING CANDIDATE s1@group-3D81F66BC438:t388, leader=null, voted=s1, raftlog=s1@group-3D81F66BC438-SegmentedRaftLog:OPENED:c10,f11,i11, conf=11: [s0:0.0.0.0:42154, s1:0.0.0.0:36158, s2:0.0.0.0:36910], old=null RUNNING
  s2:  RUNNING CANDIDATE s2@group-3D81F66BC438:t388, leader=null, voted=s2, raftlog=s2@group-3D81F66BC438-SegmentedRaftLog:OPENED:c10,f10,i10, conf=9: [s0:0.0.0.0:42154, s1:0.0.0.0:36158, s2:0.0.0.0:36910], old=null RUNNING
	at org.apache.ratis.MiniRaftCluster.newIllegalStateExceptionForNoLeaders(MiniRaftCluster.java:506)
	at org.apache.ratis.RaftTestUtil.lambda$waitForLeader$1(RaftTestUtil.java:90)
	at org.apache.ratis.MiniRaftCluster.getLeader(MiniRaftCluster.java:539)
	at org.apache.ratis.MiniRaftCluster.getLeader(MiniRaftCluster.java:532)
	at org.apache.ratis.RaftTestUtil.lambda$waitForLeader$3(RaftTestUtil.java:98)
	at org.apache.ratis.util.JavaUtils.attempt(JavaUtils.java:152)
	at org.apache.ratis.RaftTestUtil.waitForLeader(RaftTestUtil.java:97)
	at org.apache.ratis.RaftTestUtil.waitForLeader(RaftTestUtil.java:77)
	at org.apache.ratis.RaftTestUtil.waitForLeader(RaftTestUtil.java:72)
	at org.apache.ratis.RaftTestUtil.lambda$changeLeader$7(RaftTestUtil.java:363)
	at org.apache.ratis.util.JavaUtils.attempt(JavaUtils.java:152)
	at org.apache.ratis.RaftTestUtil.changeLeader(RaftTestUtil.java:362)
	at org.apache.ratis.server.impl.LeaderElectionTests.testChangeLeader(LeaderElectionTests.java:81)
	at sun.reflect.NativeMethodAccessorImpl.invoke0(Native Method)
	at sun.reflect.NativeMethodAccessorImpl.invoke(NativeMethodAccessorImpl.java:62)
	at sun.reflect.DelegatingMethodAccessorImpl.invoke(DelegatingMethodAccessorImpl.java:43)
	at java.lang.reflect.Method.invoke(Method.java:498)
	at org.junit.runners.model.FrameworkMethod$1.runReflectiveCall(FrameworkMethod.java:50)
	at org.junit.internal.runners.model.ReflectiveCallable.run(ReflectiveCallable.java:12)
	at org.junit.runners.model.FrameworkMethod.invokeExplosively(FrameworkMethod.java:47)
	at org.junit.internal.runners.statements.InvokeMethod.evaluate(InvokeMethod.java:17)
	at org.junit.internal.runners.statements.RunAfters.evaluate(RunAfters.java:27)
	at org.junit.internal.runners.statements.FailOnTimeout$CallableStatement.call(FailOnTimeout.java:298)
	at org.junit.internal.runners.statements.FailOnTimeout$CallableStatement.call(FailOnTimeout.java:292)
	at java.util.concurrent.FutureTask.run(FutureTask.java:266)
	at java.lang.Thread.run(Thread.java:748)
2019-09-24 12:00:58,644 INFO  impl.LeaderElection (LeaderElection.java:logAndReturn(56)) - s1@group-3D81F66BC438-LeaderElection140: Election TIMEOUT; received 1 response(s) [s1<-s0#0:FAIL-t388] and 0 exception(s); s1@group-3D81F66BC438:t388, leader=null, voted=s1, raftlog=s1@group-3D81F66BC438-SegmentedRaftLog:OPENED:c10,f11,i11, conf=11: [s0:0.0.0.0:42154, s1:0.0.0.0:36158, s2:0.0.0.0:36910], old=null
2019-09-24 12:00:58,665 INFO  impl.LeaderElection (LeaderElection.java:askForVotes(178)) - s1@group-3D81F66BC438-LeaderElection140: begin an election at term 389 for 11: [s0:0.0.0.0:42154, s1:0.0.0.0:36158, s2:0.0.0.0:36910], old=null
2019-09-24 12:00:58,665 DEBUG impl.RaftServerImpl (RaftServerImpl.java:requestVote(743)) - s0@group-3D81F66BC438: receive requestVote(s1, group-3D81F66BC438, 389, (t:14, i:11))
2019-09-24 12:00:58,666 INFO  impl.RaftServerImpl (RaftServerImpl.java:setRole(170)) - s0@group-3D81F66BC438: changes role from  FOLLOWER to FOLLOWER at term 389 for recognizeCandidate:s1
2019-09-24 12:00:58,666 INFO  impl.RoleInfo (RoleInfo.java:shutdownFollowerState(121)) - s0: shutdown FollowerState
2019-09-24 12:00:58,666 INFO  impl.RoleInfo (RoleInfo.java:updateAndGet(143)) - s0: start FollowerState
2019-09-24 12:00:58,666 INFO  impl.FollowerState (FollowerState.java:run(117)) - s0@group-3D81F66BC438-FollowerState was interrupted: java.lang.InterruptedException: sleep interrupted
2019-09-24 12:00:58,679 DEBUG impl.RaftServerImpl (RaftServerImpl.java:requestVote(775)) - s0@group-3D81F66BC438 replies to vote request: s1<-s0#0:FAIL-t389. Peer's state: s0@group-3D81F66BC438:t389, leader=null, voted=null, raftlog=s0@group-3D81F66BC438-SegmentedRaftLog:OPENED:c11,f12,i12, conf=11: [s0:0.0.0.0:42154, s1:0.0.0.0:36158, s2:0.0.0.0:36910], old=null
2019-09-24 12:00:58,843 INFO  impl.FollowerState (FollowerState.java:run(108)) - s0@group-3D81F66BC438-FollowerState: change to CANDIDATE, lastRpcTime:177ms, electionTimeout:177ms
2019-09-24 12:00:58,844 INFO  impl.RoleInfo (RoleInfo.java:shutdownFollowerState(121)) - s0: shutdown FollowerState
2019-09-24 12:00:58,844 INFO  impl.RaftServerImpl (RaftServerImpl.java:setRole(170)) - s0@group-3D81F66BC438: changes role from  FOLLOWER to CANDIDATE at term 389 for changeToCandidate
2019-09-24 12:00:58,844 INFO  impl.RoleInfo (RoleInfo.java:updateAndGet(143)) - s0: start LeaderElection
2019-09-24 12:00:58,857 INFO  impl.LeaderElection (LeaderElection.java:askForVotes(178)) - s0@group-3D81F66BC438-LeaderElection146: begin an election at term 390 for 11: [s0:0.0.0.0:42154, s1:0.0.0.0:36158, s2:0.0.0.0:36910], old=null
2019-09-24 12:00:58,862 INFO  impl.LeaderElection (LeaderElection.java:logAndReturn(56)) - s2@group-3D81F66BC438-LeaderElection145: Election TIMEOUT; received 1 response(s) [s2<-s0#0:FAIL-t388] and 0 exception(s); s2@group-3D81F66BC438:t388, leader=null, voted=s2, raftlog=s2@group-3D81F66BC438-SegmentedRaftLog:OPENED:c10,f10,i10, conf=9: [s0:0.0.0.0:42154, s1:0.0.0.0:36158, s2:0.0.0.0:36910], old=null
2019-09-24 12:00:58,872 INFO  impl.LeaderElection (LeaderElection.java:logAndReturn(56)) - s1@group-3D81F66BC438-LeaderElection140: Election TIMEOUT; received 1 response(s) [s1<-s0#0:FAIL-t389] and 0 exception(s); s1@group-3D81F66BC438:t389, leader=null, voted=s1, raftlog=s1@group-3D81F66BC438-SegmentedRaftLog:OPENED:c10,f11,i11, conf=11: [s0:0.0.0.0:42154, s1:0.0.0.0:36158, s2:0.0.0.0:36910], old=null
2019-09-24 12:00:58,893 INFO  impl.LeaderElection (LeaderElection.java:askForVotes(178)) - s1@group-3D81F66BC438-LeaderElection140: begin an election at term 390 for 11: [s0:0.0.0.0:42154, s1:0.0.0.0:36158, s2:0.0.0.0:36910], old=null
2019-09-24 12:00:58,893 INFO  impl.LeaderElection (LeaderElection.java:askForVotes(178)) - s2@group-3D81F66BC438-LeaderElection145: begin an election at term 389 for 9: [s0:0.0.0.0:42154, s1:0.0.0.0:36158, s2:0.0.0.0:36910], old=null
2019-09-24 12:00:58,894 DEBUG impl.RaftServerImpl (RaftServerImpl.java:requestVote(743)) - s0@group-3D81F66BC438: receive requestVote(s1, group-3D81F66BC438, 390, (t:14, i:11))
2019-09-24 12:00:58,894 DEBUG impl.RaftServerImpl (RaftServerImpl.java:requestVote(743)) - s0@group-3D81F66BC438: receive requestVote(s2, group-3D81F66BC438, 389, (t:13, i:10))
2019-09-24 12:00:58,894 DEBUG impl.RaftServerImpl (RaftServerImpl.java:requestVote(775)) - s0@group-3D81F66BC438 replies to vote request: s1<-s0#0:FAIL-t390. Peer's state: s0@group-3D81F66BC438:t390, leader=null, voted=s0, raftlog=s0@group-3D81F66BC438-SegmentedRaftLog:OPENED:c11,f12,i12, conf=11: [s0:0.0.0.0:42154, s1:0.0.0.0:36158, s2:0.0.0.0:36910], old=null
2019-09-24 12:00:58,894 DEBUG impl.RaftServerImpl (RaftServerImpl.java:requestVote(775)) - s0@group-3D81F66BC438 replies to vote request: s2<-s0#0:FAIL-t390. Peer's state: s0@group-3D81F66BC438:t390, leader=null, voted=s0, raftlog=s0@group-3D81F66BC438-SegmentedRaftLog:OPENED:c11,f12,i12, conf=11: [s0:0.0.0.0:42154, s1:0.0.0.0:36158, s2:0.0.0.0:36910], old=null
2019-09-24 12:00:58,895 INFO  impl.LeaderElection (LeaderElection.java:logAndReturn(56)) - s2@group-3D81F66BC438-LeaderElection145: Election DISCOVERED_A_NEW_TERM; received 1 response(s) [s2<-s0#0:FAIL-t390] and 0 exception(s); s2@group-3D81F66BC438:t389, leader=null, voted=s2, raftlog=s2@group-3D81F66BC438-SegmentedRaftLog:OPENED:c10,f10,i10, conf=9: [s0:0.0.0.0:42154, s1:0.0.0.0:36158, s2:0.0.0.0:36910], old=null
2019-09-24 12:00:58,895 INFO  impl.RaftServerImpl (RaftServerImpl.java:setRole(170)) - s2@group-3D81F66BC438: changes role from CANDIDATE to FOLLOWER at term 390 for DISCOVERED_A_NEW_TERM
2019-09-24 12:00:58,895 INFO  impl.RoleInfo (RoleInfo.java:shutdownLeaderElection(134)) - s2: shutdown LeaderElection
2019-09-24 12:00:58,895 INFO  impl.RoleInfo (RoleInfo.java:updateAndGet(143)) - s2: start FollowerState
2019-09-24 12:00:59,056 INFO  impl.FollowerState (FollowerState.java:run(108)) - s2@group-3D81F66BC438-FollowerState: change to CANDIDATE, lastRpcTime:161ms, electionTimeout:161ms
2019-09-24 12:00:59,057 INFO  impl.RoleInfo (RoleInfo.java:shutdownFollowerState(121)) - s2: shutdown FollowerState
2019-09-24 12:00:59,057 INFO  impl.RaftServerImpl (RaftServerImpl.java:setRole(170)) - s2@group-3D81F66BC438: changes role from  FOLLOWER to CANDIDATE at term 390 for changeToCandidate
2019-09-24 12:00:59,057 INFO  impl.RoleInfo (RoleInfo.java:updateAndGet(143)) - s2: start LeaderElection
2019-09-24 12:00:59,071 INFO  impl.LeaderElection (LeaderElection.java:askForVotes(178)) - s2@group-3D81F66BC438-LeaderElection147: begin an election at term 391 for 9: [s0:0.0.0.0:42154, s1:0.0.0.0:36158, s2:0.0.0.0:36910], old=null
2019-09-24 12:00:59,071 DEBUG impl.RaftServerImpl (RaftServerImpl.java:requestVote(743)) - s0@group-3D81F66BC438: receive requestVote(s2, group-3D81F66BC438, 391, (t:13, i:10))
2019-09-24 12:00:59,072 INFO  impl.RaftServerImpl (RaftServerImpl.java:setRole(170)) - s0@group-3D81F66BC438: changes role from CANDIDATE to FOLLOWER at term 391 for recognizeCandidate:s2
2019-09-24 12:00:59,072 INFO  impl.RoleInfo (RoleInfo.java:shutdownLeaderElection(134)) - s0: shutdown LeaderElection
2019-09-24 12:00:59,072 INFO  impl.RoleInfo (RoleInfo.java:updateAndGet(143)) - s0: start FollowerState
2019-09-24 12:00:59,079 WARN  ratis.RaftTestUtil (JavaUtils.java:attempt(158)) - FAILED "waitForLeader-null-(expectLeader? true)", attempt #95/100: java.lang.IllegalStateException: No leader yet : printing ALL groups
  s0:  RUNNING  FOLLOWER s0@group-3D81F66BC438:t391, leader=null, voted=null, raftlog=s0@group-3D81F66BC438-SegmentedRaftLog:OPENED:c11,f12,i12, conf=11: [s0:0.0.0.0:42154, s1:0.0.0.0:36158, s2:0.0.0.0:36910], old=null RUNNING
  s1:  RUNNING CANDIDATE s1@group-3D81F66BC438:t390, leader=null, voted=s1, raftlog=s1@group-3D81F66BC438-SegmentedRaftLog:OPENED:c10,f11,i11, conf=11: [s0:0.0.0.0:42154, s1:0.0.0.0:36158, s2:0.0.0.0:36910], old=null RUNNING
  s2:  RUNNING CANDIDATE s2@group-3D81F66BC438:t391, leader=null, voted=s2, raftlog=s2@group-3D81F66BC438-SegmentedRaftLog:OPENED:c10,f10,i10, conf=9: [s0:0.0.0.0:42154, s1:0.0.0.0:36158, s2:0.0.0.0:36910], old=null RUNNING, sleep 450ms and then retry.
java.lang.IllegalStateException: No leader yet : printing ALL groups
  s0:  RUNNING  FOLLOWER s0@group-3D81F66BC438:t391, leader=null, voted=null, raftlog=s0@group-3D81F66BC438-SegmentedRaftLog:OPENED:c11,f12,i12, conf=11: [s0:0.0.0.0:42154, s1:0.0.0.0:36158, s2:0.0.0.0:36910], old=null RUNNING
  s1:  RUNNING CANDIDATE s1@group-3D81F66BC438:t390, leader=null, voted=s1, raftlog=s1@group-3D81F66BC438-SegmentedRaftLog:OPENED:c10,f11,i11, conf=11: [s0:0.0.0.0:42154, s1:0.0.0.0:36158, s2:0.0.0.0:36910], old=null RUNNING
  s2:  RUNNING CANDIDATE s2@group-3D81F66BC438:t391, leader=null, voted=s2, raftlog=s2@group-3D81F66BC438-SegmentedRaftLog:OPENED:c10,f10,i10, conf=9: [s0:0.0.0.0:42154, s1:0.0.0.0:36158, s2:0.0.0.0:36910], old=null RUNNING
	at org.apache.ratis.MiniRaftCluster.newIllegalStateExceptionForNoLeaders(MiniRaftCluster.java:506)
	at org.apache.ratis.RaftTestUtil.lambda$waitForLeader$1(RaftTestUtil.java:90)
	at org.apache.ratis.MiniRaftCluster.getLeader(MiniRaftCluster.java:539)
	at org.apache.ratis.MiniRaftCluster.getLeader(MiniRaftCluster.java:532)
	at org.apache.ratis.RaftTestUtil.lambda$waitForLeader$3(RaftTestUtil.java:98)
	at org.apache.ratis.util.JavaUtils.attempt(JavaUtils.java:152)
	at org.apache.ratis.RaftTestUtil.waitForLeader(RaftTestUtil.java:97)
	at org.apache.ratis.RaftTestUtil.waitForLeader(RaftTestUtil.java:77)
	at org.apache.ratis.RaftTestUtil.waitForLeader(RaftTestUtil.java:72)
	at org.apache.ratis.RaftTestUtil.lambda$changeLeader$7(RaftTestUtil.java:363)
	at org.apache.ratis.util.JavaUtils.attempt(JavaUtils.java:152)
	at org.apache.ratis.RaftTestUtil.changeLeader(RaftTestUtil.java:362)
	at org.apache.ratis.server.impl.LeaderElectionTests.testChangeLeader(LeaderElectionTests.java:81)
	at sun.reflect.NativeMethodAccessorImpl.invoke0(Native Method)
	at sun.reflect.NativeMethodAccessorImpl.invoke(NativeMethodAccessorImpl.java:62)
	at sun.reflect.DelegatingMethodAccessorImpl.invoke(DelegatingMethodAccessorImpl.java:43)
	at java.lang.reflect.Method.invoke(Method.java:498)
	at org.junit.runners.model.FrameworkMethod$1.runReflectiveCall(FrameworkMethod.java:50)
	at org.junit.internal.runners.model.ReflectiveCallable.run(ReflectiveCallable.java:12)
	at org.junit.runners.model.FrameworkMethod.invokeExplosively(FrameworkMethod.java:47)
	at org.junit.internal.runners.statements.InvokeMethod.evaluate(InvokeMethod.java:17)
	at org.junit.internal.runners.statements.RunAfters.evaluate(RunAfters.java:27)
	at org.junit.internal.runners.statements.FailOnTimeout$CallableStatement.call(FailOnTimeout.java:298)
	at org.junit.internal.runners.statements.FailOnTimeout$CallableStatement.call(FailOnTimeout.java:292)
	at java.util.concurrent.FutureTask.run(FutureTask.java:266)
	at java.lang.Thread.run(Thread.java:748)
2019-09-24 12:00:59,097 DEBUG impl.RaftServerImpl (RaftServerImpl.java:requestVote(775)) - s0@group-3D81F66BC438 replies to vote request: s2<-s0#0:FAIL-t391. Peer's state: s0@group-3D81F66BC438:t391, leader=null, voted=null, raftlog=s0@group-3D81F66BC438-SegmentedRaftLog:OPENED:c11,f12,i12, conf=11: [s0:0.0.0.0:42154, s1:0.0.0.0:36158, s2:0.0.0.0:36910], old=null
2019-09-24 12:00:59,099 INFO  impl.LeaderElection (LeaderElection.java:logAndReturn(56)) - s1@group-3D81F66BC438-LeaderElection140: Election TIMEOUT; received 1 response(s) [s1<-s0#0:FAIL-t390] and 0 exception(s); s1@group-3D81F66BC438:t390, leader=null, voted=s1, raftlog=s1@group-3D81F66BC438-SegmentedRaftLog:OPENED:c10,f11,i11, conf=11: [s0:0.0.0.0:42154, s1:0.0.0.0:36158, s2:0.0.0.0:36910], old=null
2019-09-24 12:00:59,117 INFO  impl.LeaderElection (LeaderElection.java:logAndReturn(56)) - s0@group-3D81F66BC438-LeaderElection146: Election REJECTED; received 0 response(s) [] and 0 exception(s); s0@group-3D81F66BC438:t391, leader=null, voted=null, raftlog=s0@group-3D81F66BC438-SegmentedRaftLog:OPENED:c11,f12,i12, conf=11: [s0:0.0.0.0:42154, s1:0.0.0.0:36158, s2:0.0.0.0:36910], old=null
2019-09-24 12:00:59,125 INFO  impl.LeaderElection (LeaderElection.java:askForVotes(178)) - s1@group-3D81F66BC438-LeaderElection140: begin an election at term 391 for 11: [s0:0.0.0.0:42154, s1:0.0.0.0:36158, s2:0.0.0.0:36910], old=null
2019-09-24 12:00:59,126 DEBUG impl.RaftServerImpl (RaftServerImpl.java:requestVote(743)) - s0@group-3D81F66BC438: receive requestVote(s1, group-3D81F66BC438, 391, (t:14, i:11))
2019-09-24 12:00:59,126 INFO  impl.RaftServerImpl (RaftServerImpl.java:setRole(170)) - s0@group-3D81F66BC438: changes role from  FOLLOWER to FOLLOWER at term 391 for recognizeCandidate:s1
2019-09-24 12:00:59,126 INFO  impl.RoleInfo (RoleInfo.java:shutdownFollowerState(121)) - s0: shutdown FollowerState
2019-09-24 12:00:59,126 INFO  impl.RoleInfo (RoleInfo.java:updateAndGet(143)) - s0: start FollowerState
2019-09-24 12:00:59,126 INFO  impl.FollowerState (FollowerState.java:run(117)) - s0@group-3D81F66BC438-FollowerState was interrupted: java.lang.InterruptedException: sleep interrupted
2019-09-24 12:00:59,127 DEBUG impl.RaftServerImpl (RaftServerImpl.java:requestVote(775)) - s0@group-3D81F66BC438 replies to vote request: s1<-s0#0:FAIL-t391. Peer's state: s0@group-3D81F66BC438:t391, leader=null, voted=null, raftlog=s0@group-3D81F66BC438-SegmentedRaftLog:OPENED:c11,f12,i12, conf=11: [s0:0.0.0.0:42154, s1:0.0.0.0:36158, s2:0.0.0.0:36910], old=null
2019-09-24 12:00:59,276 INFO  impl.LeaderElection (LeaderElection.java:logAndReturn(56)) - s2@group-3D81F66BC438-LeaderElection147: Election TIMEOUT; received 1 response(s) [s2<-s0#0:FAIL-t391] and 0 exception(s); s2@group-3D81F66BC438:t391, leader=null, voted=s2, raftlog=s2@group-3D81F66BC438-SegmentedRaftLog:OPENED:c10,f10,i10, conf=9: [s0:0.0.0.0:42154, s1:0.0.0.0:36158, s2:0.0.0.0:36910], old=null
2019-09-24 12:00:59,288 INFO  impl.FollowerState (FollowerState.java:run(108)) - s0@group-3D81F66BC438-FollowerState: change to CANDIDATE, lastRpcTime:161ms, electionTimeout:161ms
2019-09-24 12:00:59,288 INFO  impl.RoleInfo (RoleInfo.java:shutdownFollowerState(121)) - s0: shutdown FollowerState
2019-09-24 12:00:59,288 INFO  impl.RaftServerImpl (RaftServerImpl.java:setRole(170)) - s0@group-3D81F66BC438: changes role from  FOLLOWER to CANDIDATE at term 391 for changeToCandidate
2019-09-24 12:00:59,288 INFO  impl.LeaderElection (LeaderElection.java:askForVotes(178)) - s2@group-3D81F66BC438-LeaderElection147: begin an election at term 392 for 9: [s0:0.0.0.0:42154, s1:0.0.0.0:36158, s2:0.0.0.0:36910], old=null
2019-09-24 12:00:59,288 INFO  impl.RoleInfo (RoleInfo.java:updateAndGet(143)) - s0: start LeaderElection
2019-09-24 12:00:59,289 DEBUG impl.RaftServerImpl (RaftServerImpl.java:requestVote(743)) - s0@group-3D81F66BC438: receive requestVote(s2, group-3D81F66BC438, 392, (t:13, i:10))
2019-09-24 12:00:59,302 INFO  impl.LeaderElection (LeaderElection.java:askForVotes(178)) - s0@group-3D81F66BC438-LeaderElection148: begin an election at term 392 for 11: [s0:0.0.0.0:42154, s1:0.0.0.0:36158, s2:0.0.0.0:36910], old=null
2019-09-24 12:00:59,302 DEBUG impl.RaftServerImpl (RaftServerImpl.java:requestVote(775)) - s0@group-3D81F66BC438 replies to vote request: s2<-s0#0:FAIL-t392. Peer's state: s0@group-3D81F66BC438:t392, leader=null, voted=s0, raftlog=s0@group-3D81F66BC438-SegmentedRaftLog:OPENED:c11,f12,i12, conf=11: [s0:0.0.0.0:42154, s1:0.0.0.0:36158, s2:0.0.0.0:36910], old=null
2019-09-24 12:00:59,312 INFO  impl.LeaderElection (LeaderElection.java:logAndReturn(56)) - s1@group-3D81F66BC438-LeaderElection140: Election TIMEOUT; received 1 response(s) [s1<-s0#0:FAIL-t391] and 0 exception(s); s1@group-3D81F66BC438:t391, leader=null, voted=s1, raftlog=s1@group-3D81F66BC438-SegmentedRaftLog:OPENED:c10,f11,i11, conf=11: [s0:0.0.0.0:42154, s1:0.0.0.0:36158, s2:0.0.0.0:36910], old=null
2019-09-24 12:00:59,315 INFO  impl.LeaderElection (LeaderElection.java:askForVotes(178)) - s1@group-3D81F66BC438-LeaderElection140: begin an election at term 392 for 11: [s0:0.0.0.0:42154, s1:0.0.0.0:36158, s2:0.0.0.0:36910], old=null
2019-09-24 12:00:59,316 DEBUG impl.RaftServerImpl (RaftServerImpl.java:requestVote(743)) - s0@group-3D81F66BC438: receive requestVote(s1, group-3D81F66BC438, 392, (t:14, i:11))
2019-09-24 12:00:59,316 DEBUG impl.RaftServerImpl (RaftServerImpl.java:requestVote(775)) - s0@group-3D81F66BC438 replies to vote request: s1<-s0#0:FAIL-t392. Peer's state: s0@group-3D81F66BC438:t392, leader=null, voted=s0, raftlog=s0@group-3D81F66BC438-SegmentedRaftLog:OPENED:c11,f12,i12, conf=11: [s0:0.0.0.0:42154, s1:0.0.0.0:36158, s2:0.0.0.0:36910], old=null
2019-09-24 12:00:59,453 INFO  impl.LeaderElection (LeaderElection.java:logAndReturn(56)) - s2@group-3D81F66BC438-LeaderElection147: Election TIMEOUT; received 1 response(s) [s2<-s0#0:FAIL-t392] and 0 exception(s); s2@group-3D81F66BC438:t392, leader=null, voted=s2, raftlog=s2@group-3D81F66BC438-SegmentedRaftLog:OPENED:c10,f10,i10, conf=9: [s0:0.0.0.0:42154, s1:0.0.0.0:36158, s2:0.0.0.0:36910], old=null
2019-09-24 12:00:59,478 INFO  impl.LeaderElection (LeaderElection.java:askForVotes(178)) - s2@group-3D81F66BC438-LeaderElection147: begin an election at term 393 for 9: [s0:0.0.0.0:42154, s1:0.0.0.0:36158, s2:0.0.0.0:36910], old=null
2019-09-24 12:00:59,479 DEBUG impl.RaftServerImpl (RaftServerImpl.java:requestVote(743)) - s0@group-3D81F66BC438: receive requestVote(s2, group-3D81F66BC438, 393, (t:13, i:10))
2019-09-24 12:00:59,479 INFO  impl.RaftServerImpl (RaftServerImpl.java:setRole(170)) - s0@group-3D81F66BC438: changes role from CANDIDATE to FOLLOWER at term 393 for recognizeCandidate:s2
2019-09-24 12:00:59,479 INFO  impl.RoleInfo (RoleInfo.java:shutdownLeaderElection(134)) - s0: shutdown LeaderElection
2019-09-24 12:00:59,479 INFO  impl.RoleInfo (RoleInfo.java:updateAndGet(143)) - s0: start FollowerState
2019-09-24 12:00:59,502 DEBUG impl.RaftServerImpl (RaftServerImpl.java:requestVote(775)) - s0@group-3D81F66BC438 replies to vote request: s2<-s0#0:FAIL-t393. Peer's state: s0@group-3D81F66BC438:t393, leader=null, voted=null, raftlog=s0@group-3D81F66BC438-SegmentedRaftLog:OPENED:c11,f12,i12, conf=11: [s0:0.0.0.0:42154, s1:0.0.0.0:36158, s2:0.0.0.0:36910], old=null
2019-09-24 12:00:59,530 WARN  ratis.RaftTestUtil (JavaUtils.java:attempt(158)) - FAILED "waitForLeader-null-(expectLeader? true)", attempt #96/100: java.lang.IllegalStateException: No leader yet : printing ALL groups
  s0:  RUNNING  FOLLOWER s0@group-3D81F66BC438:t393, leader=null, voted=null, raftlog=s0@group-3D81F66BC438-SegmentedRaftLog:OPENED:c11,f12,i12, conf=11: [s0:0.0.0.0:42154, s1:0.0.0.0:36158, s2:0.0.0.0:36910], old=null RUNNING
  s1:  RUNNING CANDIDATE s1@group-3D81F66BC438:t392, leader=null, voted=s1, raftlog=s1@group-3D81F66BC438-SegmentedRaftLog:OPENED:c10,f11,i11, conf=11: [s0:0.0.0.0:42154, s1:0.0.0.0:36158, s2:0.0.0.0:36910], old=null RUNNING
  s2:  RUNNING CANDIDATE s2@group-3D81F66BC438:t393, leader=null, voted=s2, raftlog=s2@group-3D81F66BC438-SegmentedRaftLog:OPENED:c10,f10,i10, conf=9: [s0:0.0.0.0:42154, s1:0.0.0.0:36158, s2:0.0.0.0:36910], old=null RUNNING, sleep 450ms and then retry.
java.lang.IllegalStateException: No leader yet : printing ALL groups
  s0:  RUNNING  FOLLOWER s0@group-3D81F66BC438:t393, leader=null, voted=null, raftlog=s0@group-3D81F66BC438-SegmentedRaftLog:OPENED:c11,f12,i12, conf=11: [s0:0.0.0.0:42154, s1:0.0.0.0:36158, s2:0.0.0.0:36910], old=null RUNNING
  s1:  RUNNING CANDIDATE s1@group-3D81F66BC438:t392, leader=null, voted=s1, raftlog=s1@group-3D81F66BC438-SegmentedRaftLog:OPENED:c10,f11,i11, conf=11: [s0:0.0.0.0:42154, s1:0.0.0.0:36158, s2:0.0.0.0:36910], old=null RUNNING
  s2:  RUNNING CANDIDATE s2@group-3D81F66BC438:t393, leader=null, voted=s2, raftlog=s2@group-3D81F66BC438-SegmentedRaftLog:OPENED:c10,f10,i10, conf=9: [s0:0.0.0.0:42154, s1:0.0.0.0:36158, s2:0.0.0.0:36910], old=null RUNNING
	at org.apache.ratis.MiniRaftCluster.newIllegalStateExceptionForNoLeaders(MiniRaftCluster.java:506)
	at org.apache.ratis.RaftTestUtil.lambda$waitForLeader$1(RaftTestUtil.java:90)
	at org.apache.ratis.MiniRaftCluster.getLeader(MiniRaftCluster.java:539)
	at org.apache.ratis.MiniRaftCluster.getLeader(MiniRaftCluster.java:532)
	at org.apache.ratis.RaftTestUtil.lambda$waitForLeader$3(RaftTestUtil.java:98)
	at org.apache.ratis.util.JavaUtils.attempt(JavaUtils.java:152)
	at org.apache.ratis.RaftTestUtil.waitForLeader(RaftTestUtil.java:97)
	at org.apache.ratis.RaftTestUtil.waitForLeader(RaftTestUtil.java:77)
	at org.apache.ratis.RaftTestUtil.waitForLeader(RaftTestUtil.java:72)
	at org.apache.ratis.RaftTestUtil.lambda$changeLeader$7(RaftTestUtil.java:363)
	at org.apache.ratis.util.JavaUtils.attempt(JavaUtils.java:152)
	at org.apache.ratis.RaftTestUtil.changeLeader(RaftTestUtil.java:362)
	at org.apache.ratis.server.impl.LeaderElectionTests.testChangeLeader(LeaderElectionTests.java:81)
	at sun.reflect.NativeMethodAccessorImpl.invoke0(Native Method)
	at sun.reflect.NativeMethodAccessorImpl.invoke(NativeMethodAccessorImpl.java:62)
	at sun.reflect.DelegatingMethodAccessorImpl.invoke(DelegatingMethodAccessorImpl.java:43)
	at java.lang.reflect.Method.invoke(Method.java:498)
	at org.junit.runners.model.FrameworkMethod$1.runReflectiveCall(FrameworkMethod.java:50)
	at org.junit.internal.runners.model.ReflectiveCallable.run(ReflectiveCallable.java:12)
	at org.junit.runners.model.FrameworkMethod.invokeExplosively(FrameworkMethod.java:47)
	at org.junit.internal.runners.statements.InvokeMethod.evaluate(InvokeMethod.java:17)
	at org.junit.internal.runners.statements.RunAfters.evaluate(RunAfters.java:27)
	at org.junit.internal.runners.statements.FailOnTimeout$CallableStatement.call(FailOnTimeout.java:298)
	at org.junit.internal.runners.statements.FailOnTimeout$CallableStatement.call(FailOnTimeout.java:292)
	at java.util.concurrent.FutureTask.run(FutureTask.java:266)
	at java.lang.Thread.run(Thread.java:748)
2019-09-24 12:00:59,531 INFO  impl.LeaderElection (LeaderElection.java:logAndReturn(56)) - s0@group-3D81F66BC438-LeaderElection148: Election REJECTED; received 0 response(s) [] and 0 exception(s); s0@group-3D81F66BC438:t393, leader=null, voted=null, raftlog=s0@group-3D81F66BC438-SegmentedRaftLog:OPENED:c11,f12,i12, conf=11: [s0:0.0.0.0:42154, s1:0.0.0.0:36158, s2:0.0.0.0:36910], old=null
2019-09-24 12:00:59,574 INFO  impl.LeaderElection (LeaderElection.java:logAndReturn(56)) - s1@group-3D81F66BC438-LeaderElection140: Election TIMEOUT; received 1 response(s) [s1<-s0#0:FAIL-t392] and 0 exception(s); s1@group-3D81F66BC438:t392, leader=null, voted=s1, raftlog=s1@group-3D81F66BC438-SegmentedRaftLog:OPENED:c10,f11,i11, conf=11: [s0:0.0.0.0:42154, s1:0.0.0.0:36158, s2:0.0.0.0:36910], old=null
2019-09-24 12:00:59,587 INFO  impl.LeaderElection (LeaderElection.java:askForVotes(178)) - s1@group-3D81F66BC438-LeaderElection140: begin an election at term 393 for 11: [s0:0.0.0.0:42154, s1:0.0.0.0:36158, s2:0.0.0.0:36910], old=null
2019-09-24 12:00:59,588 DEBUG impl.RaftServerImpl (RaftServerImpl.java:requestVote(743)) - s0@group-3D81F66BC438: receive requestVote(s1, group-3D81F66BC438, 393, (t:14, i:11))
2019-09-24 12:00:59,588 INFO  impl.RaftServerImpl (RaftServerImpl.java:setRole(170)) - s0@group-3D81F66BC438: changes role from  FOLLOWER to FOLLOWER at term 393 for recognizeCandidate:s1
2019-09-24 12:00:59,588 INFO  impl.RoleInfo (RoleInfo.java:shutdownFollowerState(121)) - s0: shutdown FollowerState
2019-09-24 12:00:59,588 INFO  impl.RoleInfo (RoleInfo.java:updateAndGet(143)) - s0: start FollowerState
2019-09-24 12:00:59,588 INFO  impl.FollowerState (FollowerState.java:run(117)) - s0@group-3D81F66BC438-FollowerState was interrupted: java.lang.InterruptedException: sleep interrupted
2019-09-24 12:00:59,589 DEBUG impl.RaftServerImpl (RaftServerImpl.java:requestVote(775)) - s0@group-3D81F66BC438 replies to vote request: s1<-s0#0:FAIL-t393. Peer's state: s0@group-3D81F66BC438:t393, leader=null, voted=null, raftlog=s0@group-3D81F66BC438-SegmentedRaftLog:OPENED:c11,f12,i12, conf=11: [s0:0.0.0.0:42154, s1:0.0.0.0:36158, s2:0.0.0.0:36910], old=null
2019-09-24 12:00:59,731 INFO  impl.LeaderElection (LeaderElection.java:logAndReturn(56)) - s2@group-3D81F66BC438-LeaderElection147: Election TIMEOUT; received 1 response(s) [s2<-s0#0:FAIL-t393] and 0 exception(s); s2@group-3D81F66BC438:t393, leader=null, voted=s2, raftlog=s2@group-3D81F66BC438-SegmentedRaftLog:OPENED:c10,f10,i10, conf=9: [s0:0.0.0.0:42154, s1:0.0.0.0:36158, s2:0.0.0.0:36910], old=null
2019-09-24 12:00:59,744 INFO  impl.LeaderElection (LeaderElection.java:askForVotes(178)) - s2@group-3D81F66BC438-LeaderElection147: begin an election at term 394 for 9: [s0:0.0.0.0:42154, s1:0.0.0.0:36158, s2:0.0.0.0:36910], old=null
2019-09-24 12:00:59,745 DEBUG impl.RaftServerImpl (RaftServerImpl.java:requestVote(743)) - s0@group-3D81F66BC438: receive requestVote(s2, group-3D81F66BC438, 394, (t:13, i:10))
2019-09-24 12:00:59,745 INFO  impl.RaftServerImpl (RaftServerImpl.java:setRole(170)) - s0@group-3D81F66BC438: changes role from  FOLLOWER to FOLLOWER at term 394 for recognizeCandidate:s2
2019-09-24 12:00:59,745 INFO  impl.RoleInfo (RoleInfo.java:shutdownFollowerState(121)) - s0: shutdown FollowerState
2019-09-24 12:00:59,745 INFO  impl.RoleInfo (RoleInfo.java:updateAndGet(143)) - s0: start FollowerState
2019-09-24 12:00:59,746 INFO  impl.FollowerState (FollowerState.java:run(117)) - s0@group-3D81F66BC438-FollowerState was interrupted: java.lang.InterruptedException: sleep interrupted
2019-09-24 12:00:59,759 DEBUG impl.RaftServerImpl (RaftServerImpl.java:requestVote(775)) - s0@group-3D81F66BC438 replies to vote request: s2<-s0#0:FAIL-t394. Peer's state: s0@group-3D81F66BC438:t394, leader=null, voted=null, raftlog=s0@group-3D81F66BC438-SegmentedRaftLog:OPENED:c11,f12,i12, conf=11: [s0:0.0.0.0:42154, s1:0.0.0.0:36158, s2:0.0.0.0:36910], old=null
2019-09-24 12:00:59,797 INFO  impl.LeaderElection (LeaderElection.java:logAndReturn(56)) - s1@group-3D81F66BC438-LeaderElection140: Election TIMEOUT; received 1 response(s) [s1<-s0#0:FAIL-t393] and 0 exception(s); s1@group-3D81F66BC438:t393, leader=null, voted=s1, raftlog=s1@group-3D81F66BC438-SegmentedRaftLog:OPENED:c10,f11,i11, conf=11: [s0:0.0.0.0:42154, s1:0.0.0.0:36158, s2:0.0.0.0:36910], old=null
2019-09-24 12:00:59,810 INFO  impl.LeaderElection (LeaderElection.java:askForVotes(178)) - s1@group-3D81F66BC438-LeaderElection140: begin an election at term 394 for 11: [s0:0.0.0.0:42154, s1:0.0.0.0:36158, s2:0.0.0.0:36910], old=null
2019-09-24 12:00:59,810 DEBUG impl.RaftServerImpl (RaftServerImpl.java:requestVote(743)) - s0@group-3D81F66BC438: receive requestVote(s1, group-3D81F66BC438, 394, (t:14, i:11))
2019-09-24 12:00:59,810 INFO  impl.RaftServerImpl (RaftServerImpl.java:setRole(170)) - s0@group-3D81F66BC438: changes role from  FOLLOWER to FOLLOWER at term 394 for recognizeCandidate:s1
2019-09-24 12:00:59,811 INFO  impl.RoleInfo (RoleInfo.java:shutdownFollowerState(121)) - s0: shutdown FollowerState
2019-09-24 12:00:59,811 INFO  impl.RoleInfo (RoleInfo.java:updateAndGet(143)) - s0: start FollowerState
2019-09-24 12:00:59,811 INFO  impl.FollowerState (FollowerState.java:run(117)) - s0@group-3D81F66BC438-FollowerState was interrupted: java.lang.InterruptedException: sleep interrupted
2019-09-24 12:00:59,811 DEBUG impl.RaftServerImpl (RaftServerImpl.java:requestVote(775)) - s0@group-3D81F66BC438 replies to vote request: s1<-s0#0:FAIL-t394. Peer's state: s0@group-3D81F66BC438:t394, leader=null, voted=null, raftlog=s0@group-3D81F66BC438-SegmentedRaftLog:OPENED:c11,f12,i12, conf=11: [s0:0.0.0.0:42154, s1:0.0.0.0:36158, s2:0.0.0.0:36910], old=null
2019-09-24 12:00:59,897 INFO  impl.LeaderElection (LeaderElection.java:logAndReturn(56)) - s2@group-3D81F66BC438-LeaderElection147: Election TIMEOUT; received 1 response(s) [s2<-s0#0:FAIL-t394] and 0 exception(s); s2@group-3D81F66BC438:t394, leader=null, voted=s2, raftlog=s2@group-3D81F66BC438-SegmentedRaftLog:OPENED:c10,f10,i10, conf=9: [s0:0.0.0.0:42154, s1:0.0.0.0:36158, s2:0.0.0.0:36910], old=null
2019-09-24 12:00:59,910 INFO  impl.LeaderElection (LeaderElection.java:askForVotes(178)) - s2@group-3D81F66BC438-LeaderElection147: begin an election at term 395 for 9: [s0:0.0.0.0:42154, s1:0.0.0.0:36158, s2:0.0.0.0:36910], old=null
2019-09-24 12:00:59,910 DEBUG impl.RaftServerImpl (RaftServerImpl.java:requestVote(743)) - s0@group-3D81F66BC438: receive requestVote(s2, group-3D81F66BC438, 395, (t:13, i:10))
2019-09-24 12:00:59,911 INFO  impl.RaftServerImpl (RaftServerImpl.java:setRole(170)) - s0@group-3D81F66BC438: changes role from  FOLLOWER to FOLLOWER at term 395 for recognizeCandidate:s2
2019-09-24 12:00:59,911 INFO  impl.RoleInfo (RoleInfo.java:shutdownFollowerState(121)) - s0: shutdown FollowerState
2019-09-24 12:00:59,911 INFO  impl.RoleInfo (RoleInfo.java:updateAndGet(143)) - s0: start FollowerState
2019-09-24 12:00:59,911 INFO  impl.FollowerState (FollowerState.java:run(117)) - s0@group-3D81F66BC438-FollowerState was interrupted: java.lang.InterruptedException: sleep interrupted
2019-09-24 12:00:59,923 DEBUG impl.RaftServerImpl (RaftServerImpl.java:requestVote(775)) - s0@group-3D81F66BC438 replies to vote request: s2<-s0#0:FAIL-t395. Peer's state: s0@group-3D81F66BC438:t395, leader=null, voted=null, raftlog=s0@group-3D81F66BC438-SegmentedRaftLog:OPENED:c11,f12,i12, conf=11: [s0:0.0.0.0:42154, s1:0.0.0.0:36158, s2:0.0.0.0:36910], old=null
2019-09-24 12:00:59,981 WARN  ratis.RaftTestUtil (JavaUtils.java:attempt(158)) - FAILED "waitForLeader-null-(expectLeader? true)", attempt #97/100: java.lang.IllegalStateException: No leader yet : printing ALL groups
  s0:  RUNNING  FOLLOWER s0@group-3D81F66BC438:t395, leader=null, voted=null, raftlog=s0@group-3D81F66BC438-SegmentedRaftLog:OPENED:c11,f12,i12, conf=11: [s0:0.0.0.0:42154, s1:0.0.0.0:36158, s2:0.0.0.0:36910], old=null RUNNING
  s1:  RUNNING CANDIDATE s1@group-3D81F66BC438:t394, leader=null, voted=s1, raftlog=s1@group-3D81F66BC438-SegmentedRaftLog:OPENED:c10,f11,i11, conf=11: [s0:0.0.0.0:42154, s1:0.0.0.0:36158, s2:0.0.0.0:36910], old=null RUNNING
  s2:  RUNNING CANDIDATE s2@group-3D81F66BC438:t395, leader=null, voted=s2, raftlog=s2@group-3D81F66BC438-SegmentedRaftLog:OPENED:c10,f10,i10, conf=9: [s0:0.0.0.0:42154, s1:0.0.0.0:36158, s2:0.0.0.0:36910], old=null RUNNING, sleep 450ms and then retry.
java.lang.IllegalStateException: No leader yet : printing ALL groups
  s0:  RUNNING  FOLLOWER s0@group-3D81F66BC438:t395, leader=null, voted=null, raftlog=s0@group-3D81F66BC438-SegmentedRaftLog:OPENED:c11,f12,i12, conf=11: [s0:0.0.0.0:42154, s1:0.0.0.0:36158, s2:0.0.0.0:36910], old=null RUNNING
  s1:  RUNNING CANDIDATE s1@group-3D81F66BC438:t394, leader=null, voted=s1, raftlog=s1@group-3D81F66BC438-SegmentedRaftLog:OPENED:c10,f11,i11, conf=11: [s0:0.0.0.0:42154, s1:0.0.0.0:36158, s2:0.0.0.0:36910], old=null RUNNING
  s2:  RUNNING CANDIDATE s2@group-3D81F66BC438:t395, leader=null, voted=s2, raftlog=s2@group-3D81F66BC438-SegmentedRaftLog:OPENED:c10,f10,i10, conf=9: [s0:0.0.0.0:42154, s1:0.0.0.0:36158, s2:0.0.0.0:36910], old=null RUNNING
	at org.apache.ratis.MiniRaftCluster.newIllegalStateExceptionForNoLeaders(MiniRaftCluster.java:506)
	at org.apache.ratis.RaftTestUtil.lambda$waitForLeader$1(RaftTestUtil.java:90)
	at org.apache.ratis.MiniRaftCluster.getLeader(MiniRaftCluster.java:539)
	at org.apache.ratis.MiniRaftCluster.getLeader(MiniRaftCluster.java:532)
	at org.apache.ratis.RaftTestUtil.lambda$waitForLeader$3(RaftTestUtil.java:98)
	at org.apache.ratis.util.JavaUtils.attempt(JavaUtils.java:152)
	at org.apache.ratis.RaftTestUtil.waitForLeader(RaftTestUtil.java:97)
	at org.apache.ratis.RaftTestUtil.waitForLeader(RaftTestUtil.java:77)
	at org.apache.ratis.RaftTestUtil.waitForLeader(RaftTestUtil.java:72)
	at org.apache.ratis.RaftTestUtil.lambda$changeLeader$7(RaftTestUtil.java:363)
	at org.apache.ratis.util.JavaUtils.attempt(JavaUtils.java:152)
	at org.apache.ratis.RaftTestUtil.changeLeader(RaftTestUtil.java:362)
	at org.apache.ratis.server.impl.LeaderElectionTests.testChangeLeader(LeaderElectionTests.java:81)
	at sun.reflect.NativeMethodAccessorImpl.invoke0(Native Method)
	at sun.reflect.NativeMethodAccessorImpl.invoke(NativeMethodAccessorImpl.java:62)
	at sun.reflect.DelegatingMethodAccessorImpl.invoke(DelegatingMethodAccessorImpl.java:43)
	at java.lang.reflect.Method.invoke(Method.java:498)
	at org.junit.runners.model.FrameworkMethod$1.runReflectiveCall(FrameworkMethod.java:50)
	at org.junit.internal.runners.model.ReflectiveCallable.run(ReflectiveCallable.java:12)
	at org.junit.runners.model.FrameworkMethod.invokeExplosively(FrameworkMethod.java:47)
	at org.junit.internal.runners.statements.InvokeMethod.evaluate(InvokeMethod.java:17)
	at org.junit.internal.runners.statements.RunAfters.evaluate(RunAfters.java:27)
	at org.junit.internal.runners.statements.FailOnTimeout$CallableStatement.call(FailOnTimeout.java:298)
	at org.junit.internal.runners.statements.FailOnTimeout$CallableStatement.call(FailOnTimeout.java:292)
	at java.util.concurrent.FutureTask.run(FutureTask.java:266)
	at java.lang.Thread.run(Thread.java:748)
2019-09-24 12:01:00,029 INFO  impl.LeaderElection (LeaderElection.java:logAndReturn(56)) - s1@group-3D81F66BC438-LeaderElection140: Election TIMEOUT; received 1 response(s) [s1<-s0#0:FAIL-t394] and 0 exception(s); s1@group-3D81F66BC438:t394, leader=null, voted=s1, raftlog=s1@group-3D81F66BC438-SegmentedRaftLog:OPENED:c10,f11,i11, conf=11: [s0:0.0.0.0:42154, s1:0.0.0.0:36158, s2:0.0.0.0:36910], old=null
2019-09-24 12:01:00,055 INFO  impl.LeaderElection (LeaderElection.java:askForVotes(178)) - s1@group-3D81F66BC438-LeaderElection140: begin an election at term 395 for 11: [s0:0.0.0.0:42154, s1:0.0.0.0:36158, s2:0.0.0.0:36910], old=null
2019-09-24 12:01:00,055 DEBUG impl.RaftServerImpl (RaftServerImpl.java:requestVote(743)) - s0@group-3D81F66BC438: receive requestVote(s1, group-3D81F66BC438, 395, (t:14, i:11))
2019-09-24 12:01:00,055 INFO  impl.RaftServerImpl (RaftServerImpl.java:setRole(170)) - s0@group-3D81F66BC438: changes role from  FOLLOWER to FOLLOWER at term 395 for recognizeCandidate:s1
2019-09-24 12:01:00,056 INFO  impl.RoleInfo (RoleInfo.java:shutdownFollowerState(121)) - s0: shutdown FollowerState
2019-09-24 12:01:00,056 INFO  impl.RoleInfo (RoleInfo.java:updateAndGet(143)) - s0: start FollowerState
2019-09-24 12:01:00,056 INFO  impl.FollowerState (FollowerState.java:run(117)) - s0@group-3D81F66BC438-FollowerState was interrupted: java.lang.InterruptedException: sleep interrupted
2019-09-24 12:01:00,056 DEBUG impl.RaftServerImpl (RaftServerImpl.java:requestVote(775)) - s0@group-3D81F66BC438 replies to vote request: s1<-s0#0:FAIL-t395. Peer's state: s0@group-3D81F66BC438:t395, leader=null, voted=null, raftlog=s0@group-3D81F66BC438-SegmentedRaftLog:OPENED:c11,f12,i12, conf=11: [s0:0.0.0.0:42154, s1:0.0.0.0:36158, s2:0.0.0.0:36910], old=null
2019-09-24 12:01:00,084 INFO  impl.LeaderElection (LeaderElection.java:logAndReturn(56)) - s2@group-3D81F66BC438-LeaderElection147: Election TIMEOUT; received 1 response(s) [s2<-s0#0:FAIL-t395] and 0 exception(s); s2@group-3D81F66BC438:t395, leader=null, voted=s2, raftlog=s2@group-3D81F66BC438-SegmentedRaftLog:OPENED:c10,f10,i10, conf=9: [s0:0.0.0.0:42154, s1:0.0.0.0:36158, s2:0.0.0.0:36910], old=null
2019-09-24 12:01:00,096 INFO  impl.LeaderElection (LeaderElection.java:askForVotes(178)) - s2@group-3D81F66BC438-LeaderElection147: begin an election at term 396 for 9: [s0:0.0.0.0:42154, s1:0.0.0.0:36158, s2:0.0.0.0:36910], old=null
2019-09-24 12:01:00,097 DEBUG impl.RaftServerImpl (RaftServerImpl.java:requestVote(743)) - s0@group-3D81F66BC438: receive requestVote(s2, group-3D81F66BC438, 396, (t:13, i:10))
2019-09-24 12:01:00,097 INFO  impl.RaftServerImpl (RaftServerImpl.java:setRole(170)) - s0@group-3D81F66BC438: changes role from  FOLLOWER to FOLLOWER at term 396 for recognizeCandidate:s2
2019-09-24 12:01:00,097 INFO  impl.RoleInfo (RoleInfo.java:shutdownFollowerState(121)) - s0: shutdown FollowerState
2019-09-24 12:01:00,098 INFO  impl.RoleInfo (RoleInfo.java:updateAndGet(143)) - s0: start FollowerState
2019-09-24 12:01:00,098 INFO  impl.FollowerState (FollowerState.java:run(117)) - s0@group-3D81F66BC438-FollowerState was interrupted: java.lang.InterruptedException: sleep interrupted
2019-09-24 12:01:00,111 DEBUG impl.RaftServerImpl (RaftServerImpl.java:requestVote(775)) - s0@group-3D81F66BC438 replies to vote request: s2<-s0#0:FAIL-t396. Peer's state: s0@group-3D81F66BC438:t396, leader=null, voted=null, raftlog=s0@group-3D81F66BC438-SegmentedRaftLog:OPENED:c11,f12,i12, conf=11: [s0:0.0.0.0:42154, s1:0.0.0.0:36158, s2:0.0.0.0:36910], old=null
2019-09-24 12:01:00,253 INFO  impl.LeaderElection (LeaderElection.java:logAndReturn(56)) - s1@group-3D81F66BC438-LeaderElection140: Election TIMEOUT; received 1 response(s) [s1<-s0#0:FAIL-t395] and 0 exception(s); s1@group-3D81F66BC438:t395, leader=null, voted=s1, raftlog=s1@group-3D81F66BC438-SegmentedRaftLog:OPENED:c10,f11,i11, conf=11: [s0:0.0.0.0:42154, s1:0.0.0.0:36158, s2:0.0.0.0:36910], old=null
2019-09-24 12:01:00,278 INFO  impl.LeaderElection (LeaderElection.java:askForVotes(178)) - s1@group-3D81F66BC438-LeaderElection140: begin an election at term 396 for 11: [s0:0.0.0.0:42154, s1:0.0.0.0:36158, s2:0.0.0.0:36910], old=null
2019-09-24 12:01:00,279 DEBUG impl.RaftServerImpl (RaftServerImpl.java:requestVote(743)) - s0@group-3D81F66BC438: receive requestVote(s1, group-3D81F66BC438, 396, (t:14, i:11))
2019-09-24 12:01:00,279 INFO  impl.RaftServerImpl (RaftServerImpl.java:setRole(170)) - s0@group-3D81F66BC438: changes role from  FOLLOWER to FOLLOWER at term 396 for recognizeCandidate:s1
2019-09-24 12:01:00,279 INFO  impl.RoleInfo (RoleInfo.java:shutdownFollowerState(121)) - s0: shutdown FollowerState
2019-09-24 12:01:00,279 INFO  impl.RoleInfo (RoleInfo.java:updateAndGet(143)) - s0: start FollowerState
2019-09-24 12:01:00,280 INFO  impl.FollowerState (FollowerState.java:run(117)) - s0@group-3D81F66BC438-FollowerState was interrupted: java.lang.InterruptedException: sleep interrupted
2019-09-24 12:01:00,280 DEBUG impl.RaftServerImpl (RaftServerImpl.java:requestVote(775)) - s0@group-3D81F66BC438 replies to vote request: s1<-s0#0:FAIL-t396. Peer's state: s0@group-3D81F66BC438:t396, leader=null, voted=null, raftlog=s0@group-3D81F66BC438-SegmentedRaftLog:OPENED:c11,f12,i12, conf=11: [s0:0.0.0.0:42154, s1:0.0.0.0:36158, s2:0.0.0.0:36910], old=null
2019-09-24 12:01:00,311 INFO  impl.LeaderElection (LeaderElection.java:logAndReturn(56)) - s2@group-3D81F66BC438-LeaderElection147: Election TIMEOUT; received 1 response(s) [s2<-s0#0:FAIL-t396] and 0 exception(s); s2@group-3D81F66BC438:t396, leader=null, voted=s2, raftlog=s2@group-3D81F66BC438-SegmentedRaftLog:OPENED:c10,f10,i10, conf=9: [s0:0.0.0.0:42154, s1:0.0.0.0:36158, s2:0.0.0.0:36910], old=null
2019-09-24 12:01:00,325 INFO  impl.LeaderElection (LeaderElection.java:askForVotes(178)) - s2@group-3D81F66BC438-LeaderElection147: begin an election at term 397 for 9: [s0:0.0.0.0:42154, s1:0.0.0.0:36158, s2:0.0.0.0:36910], old=null
2019-09-24 12:01:00,326 DEBUG impl.RaftServerImpl (RaftServerImpl.java:requestVote(743)) - s0@group-3D81F66BC438: receive requestVote(s2, group-3D81F66BC438, 397, (t:13, i:10))
2019-09-24 12:01:00,326 INFO  impl.RaftServerImpl (RaftServerImpl.java:setRole(170)) - s0@group-3D81F66BC438: changes role from  FOLLOWER to FOLLOWER at term 397 for recognizeCandidate:s2
2019-09-24 12:01:00,326 INFO  impl.RoleInfo (RoleInfo.java:shutdownFollowerState(121)) - s0: shutdown FollowerState
2019-09-24 12:01:00,326 INFO  impl.RoleInfo (RoleInfo.java:updateAndGet(143)) - s0: start FollowerState
2019-09-24 12:01:00,326 INFO  impl.FollowerState (FollowerState.java:run(117)) - s0@group-3D81F66BC438-FollowerState was interrupted: java.lang.InterruptedException: sleep interrupted
2019-09-24 12:01:00,341 DEBUG impl.RaftServerImpl (RaftServerImpl.java:requestVote(775)) - s0@group-3D81F66BC438 replies to vote request: s2<-s0#0:FAIL-t397. Peer's state: s0@group-3D81F66BC438:t397, leader=null, voted=null, raftlog=s0@group-3D81F66BC438-SegmentedRaftLog:OPENED:c11,f12,i12, conf=11: [s0:0.0.0.0:42154, s1:0.0.0.0:36158, s2:0.0.0.0:36910], old=null
2019-09-24 12:01:00,431 INFO  impl.LeaderElection (LeaderElection.java:logAndReturn(56)) - s1@group-3D81F66BC438-LeaderElection140: Election TIMEOUT; received 1 response(s) [s1<-s0#0:FAIL-t396] and 0 exception(s); s1@group-3D81F66BC438:t396, leader=null, voted=s1, raftlog=s1@group-3D81F66BC438-SegmentedRaftLog:OPENED:c10,f11,i11, conf=11: [s0:0.0.0.0:42154, s1:0.0.0.0:36158, s2:0.0.0.0:36910], old=null
2019-09-24 12:01:00,432 WARN  ratis.RaftTestUtil (JavaUtils.java:attempt(158)) - FAILED "waitForLeader-null-(expectLeader? true)", attempt #98/100: java.lang.IllegalStateException: No leader yet : printing ALL groups
  s0:  RUNNING  FOLLOWER s0@group-3D81F66BC438:t397, leader=null, voted=null, raftlog=s0@group-3D81F66BC438-SegmentedRaftLog:OPENED:c11,f12,i12, conf=11: [s0:0.0.0.0:42154, s1:0.0.0.0:36158, s2:0.0.0.0:36910], old=null RUNNING
  s1:  RUNNING CANDIDATE s1@group-3D81F66BC438:t397, leader=null, voted=s1, raftlog=s1@group-3D81F66BC438-SegmentedRaftLog:OPENED:c10,f11,i11, conf=11: [s0:0.0.0.0:42154, s1:0.0.0.0:36158, s2:0.0.0.0:36910], old=null RUNNING
  s2:  RUNNING CANDIDATE s2@group-3D81F66BC438:t397, leader=null, voted=s2, raftlog=s2@group-3D81F66BC438-SegmentedRaftLog:OPENED:c10,f10,i10, conf=9: [s0:0.0.0.0:42154, s1:0.0.0.0:36158, s2:0.0.0.0:36910], old=null RUNNING, sleep 450ms and then retry.
java.lang.IllegalStateException: No leader yet : printing ALL groups
  s0:  RUNNING  FOLLOWER s0@group-3D81F66BC438:t397, leader=null, voted=null, raftlog=s0@group-3D81F66BC438-SegmentedRaftLog:OPENED:c11,f12,i12, conf=11: [s0:0.0.0.0:42154, s1:0.0.0.0:36158, s2:0.0.0.0:36910], old=null RUNNING
  s1:  RUNNING CANDIDATE s1@group-3D81F66BC438:t397, leader=null, voted=s1, raftlog=s1@group-3D81F66BC438-SegmentedRaftLog:OPENED:c10,f11,i11, conf=11: [s0:0.0.0.0:42154, s1:0.0.0.0:36158, s2:0.0.0.0:36910], old=null RUNNING
  s2:  RUNNING CANDIDATE s2@group-3D81F66BC438:t397, leader=null, voted=s2, raftlog=s2@group-3D81F66BC438-SegmentedRaftLog:OPENED:c10,f10,i10, conf=9: [s0:0.0.0.0:42154, s1:0.0.0.0:36158, s2:0.0.0.0:36910], old=null RUNNING
	at org.apache.ratis.MiniRaftCluster.newIllegalStateExceptionForNoLeaders(MiniRaftCluster.java:506)
	at org.apache.ratis.RaftTestUtil.lambda$waitForLeader$1(RaftTestUtil.java:90)
	at org.apache.ratis.MiniRaftCluster.getLeader(MiniRaftCluster.java:539)
	at org.apache.ratis.MiniRaftCluster.getLeader(MiniRaftCluster.java:532)
	at org.apache.ratis.RaftTestUtil.lambda$waitForLeader$3(RaftTestUtil.java:98)
	at org.apache.ratis.util.JavaUtils.attempt(JavaUtils.java:152)
	at org.apache.ratis.RaftTestUtil.waitForLeader(RaftTestUtil.java:97)
	at org.apache.ratis.RaftTestUtil.waitForLeader(RaftTestUtil.java:77)
	at org.apache.ratis.RaftTestUtil.waitForLeader(RaftTestUtil.java:72)
	at org.apache.ratis.RaftTestUtil.lambda$changeLeader$7(RaftTestUtil.java:363)
	at org.apache.ratis.util.JavaUtils.attempt(JavaUtils.java:152)
	at org.apache.ratis.RaftTestUtil.changeLeader(RaftTestUtil.java:362)
	at org.apache.ratis.server.impl.LeaderElectionTests.testChangeLeader(LeaderElectionTests.java:81)
	at sun.reflect.NativeMethodAccessorImpl.invoke0(Native Method)
	at sun.reflect.NativeMethodAccessorImpl.invoke(NativeMethodAccessorImpl.java:62)
	at sun.reflect.DelegatingMethodAccessorImpl.invoke(DelegatingMethodAccessorImpl.java:43)
	at java.lang.reflect.Method.invoke(Method.java:498)
	at org.junit.runners.model.FrameworkMethod$1.runReflectiveCall(FrameworkMethod.java:50)
	at org.junit.internal.runners.model.ReflectiveCallable.run(ReflectiveCallable.java:12)
	at org.junit.runners.model.FrameworkMethod.invokeExplosively(FrameworkMethod.java:47)
	at org.junit.internal.runners.statements.InvokeMethod.evaluate(InvokeMethod.java:17)
	at org.junit.internal.runners.statements.RunAfters.evaluate(RunAfters.java:27)
	at org.junit.internal.runners.statements.FailOnTimeout$CallableStatement.call(FailOnTimeout.java:298)
	at org.junit.internal.runners.statements.FailOnTimeout$CallableStatement.call(FailOnTimeout.java:292)
	at java.util.concurrent.FutureTask.run(FutureTask.java:266)
	at java.lang.Thread.run(Thread.java:748)
2019-09-24 12:01:00,446 INFO  impl.LeaderElection (LeaderElection.java:askForVotes(178)) - s1@group-3D81F66BC438-LeaderElection140: begin an election at term 397 for 11: [s0:0.0.0.0:42154, s1:0.0.0.0:36158, s2:0.0.0.0:36910], old=null
2019-09-24 12:01:00,447 DEBUG impl.RaftServerImpl (RaftServerImpl.java:requestVote(743)) - s0@group-3D81F66BC438: receive requestVote(s1, group-3D81F66BC438, 397, (t:14, i:11))
2019-09-24 12:01:00,447 INFO  impl.RaftServerImpl (RaftServerImpl.java:setRole(170)) - s0@group-3D81F66BC438: changes role from  FOLLOWER to FOLLOWER at term 397 for recognizeCandidate:s1
2019-09-24 12:01:00,447 INFO  impl.RoleInfo (RoleInfo.java:shutdownFollowerState(121)) - s0: shutdown FollowerState
2019-09-24 12:01:00,447 INFO  impl.RoleInfo (RoleInfo.java:updateAndGet(143)) - s0: start FollowerState
2019-09-24 12:01:00,447 INFO  impl.FollowerState (FollowerState.java:run(117)) - s0@group-3D81F66BC438-FollowerState was interrupted: java.lang.InterruptedException: sleep interrupted
2019-09-24 12:01:00,447 DEBUG impl.RaftServerImpl (RaftServerImpl.java:requestVote(775)) - s0@group-3D81F66BC438 replies to vote request: s1<-s0#0:FAIL-t397. Peer's state: s0@group-3D81F66BC438:t397, leader=null, voted=null, raftlog=s0@group-3D81F66BC438-SegmentedRaftLog:OPENED:c11,f12,i12, conf=11: [s0:0.0.0.0:42154, s1:0.0.0.0:36158, s2:0.0.0.0:36910], old=null
2019-09-24 12:01:00,529 INFO  impl.LeaderElection (LeaderElection.java:logAndReturn(56)) - s2@group-3D81F66BC438-LeaderElection147: Election TIMEOUT; received 1 response(s) [s2<-s0#0:FAIL-t397] and 0 exception(s); s2@group-3D81F66BC438:t397, leader=null, voted=s2, raftlog=s2@group-3D81F66BC438-SegmentedRaftLog:OPENED:c10,f10,i10, conf=9: [s0:0.0.0.0:42154, s1:0.0.0.0:36158, s2:0.0.0.0:36910], old=null
2019-09-24 12:01:00,544 INFO  impl.LeaderElection (LeaderElection.java:askForVotes(178)) - s2@group-3D81F66BC438-LeaderElection147: begin an election at term 398 for 9: [s0:0.0.0.0:42154, s1:0.0.0.0:36158, s2:0.0.0.0:36910], old=null
2019-09-24 12:01:00,544 DEBUG impl.RaftServerImpl (RaftServerImpl.java:requestVote(743)) - s0@group-3D81F66BC438: receive requestVote(s2, group-3D81F66BC438, 398, (t:13, i:10))
2019-09-24 12:01:00,544 INFO  impl.RaftServerImpl (RaftServerImpl.java:setRole(170)) - s0@group-3D81F66BC438: changes role from  FOLLOWER to FOLLOWER at term 398 for recognizeCandidate:s2
2019-09-24 12:01:00,545 INFO  impl.RoleInfo (RoleInfo.java:shutdownFollowerState(121)) - s0: shutdown FollowerState
2019-09-24 12:01:00,545 INFO  impl.RoleInfo (RoleInfo.java:updateAndGet(143)) - s0: start FollowerState
2019-09-24 12:01:00,545 INFO  impl.FollowerState (FollowerState.java:run(117)) - s0@group-3D81F66BC438-FollowerState was interrupted: java.lang.InterruptedException: sleep interrupted
2019-09-24 12:01:00,574 DEBUG impl.RaftServerImpl (RaftServerImpl.java:requestVote(775)) - s0@group-3D81F66BC438 replies to vote request: s2<-s0#0:FAIL-t398. Peer's state: s0@group-3D81F66BC438:t398, leader=null, voted=null, raftlog=s0@group-3D81F66BC438-SegmentedRaftLog:OPENED:c11,f12,i12, conf=11: [s0:0.0.0.0:42154, s1:0.0.0.0:36158, s2:0.0.0.0:36910], old=null
2019-09-24 12:01:00,665 INFO  impl.LeaderElection (LeaderElection.java:logAndReturn(56)) - s1@group-3D81F66BC438-LeaderElection140: Election TIMEOUT; received 1 response(s) [s1<-s0#0:FAIL-t397] and 0 exception(s); s1@group-3D81F66BC438:t397, leader=null, voted=s1, raftlog=s1@group-3D81F66BC438-SegmentedRaftLog:OPENED:c10,f11,i11, conf=11: [s0:0.0.0.0:42154, s1:0.0.0.0:36158, s2:0.0.0.0:36910], old=null
2019-09-24 12:01:00,679 INFO  impl.LeaderElection (LeaderElection.java:askForVotes(178)) - s1@group-3D81F66BC438-LeaderElection140: begin an election at term 398 for 11: [s0:0.0.0.0:42154, s1:0.0.0.0:36158, s2:0.0.0.0:36910], old=null
2019-09-24 12:01:00,679 DEBUG impl.RaftServerImpl (RaftServerImpl.java:requestVote(743)) - s0@group-3D81F66BC438: receive requestVote(s1, group-3D81F66BC438, 398, (t:14, i:11))
2019-09-24 12:01:00,679 INFO  impl.RaftServerImpl (RaftServerImpl.java:setRole(170)) - s0@group-3D81F66BC438: changes role from  FOLLOWER to FOLLOWER at term 398 for recognizeCandidate:s1
2019-09-24 12:01:00,680 INFO  impl.RoleInfo (RoleInfo.java:shutdownFollowerState(121)) - s0: shutdown FollowerState
2019-09-24 12:01:00,680 INFO  impl.RoleInfo (RoleInfo.java:updateAndGet(143)) - s0: start FollowerState
2019-09-24 12:01:00,680 INFO  impl.FollowerState (FollowerState.java:run(117)) - s0@group-3D81F66BC438-FollowerState was interrupted: java.lang.InterruptedException: sleep interrupted
2019-09-24 12:01:00,680 DEBUG impl.RaftServerImpl (RaftServerImpl.java:requestVote(775)) - s0@group-3D81F66BC438 replies to vote request: s1<-s0#0:FAIL-t398. Peer's state: s0@group-3D81F66BC438:t398, leader=null, voted=null, raftlog=s0@group-3D81F66BC438-SegmentedRaftLog:OPENED:c11,f12,i12, conf=11: [s0:0.0.0.0:42154, s1:0.0.0.0:36158, s2:0.0.0.0:36910], old=null
2019-09-24 12:01:00,756 INFO  impl.LeaderElection (LeaderElection.java:logAndReturn(56)) - s2@group-3D81F66BC438-LeaderElection147: Election TIMEOUT; received 1 response(s) [s2<-s0#0:FAIL-t398] and 0 exception(s); s2@group-3D81F66BC438:t398, leader=null, voted=s2, raftlog=s2@group-3D81F66BC438-SegmentedRaftLog:OPENED:c10,f10,i10, conf=9: [s0:0.0.0.0:42154, s1:0.0.0.0:36158, s2:0.0.0.0:36910], old=null
2019-09-24 12:01:00,778 INFO  impl.LeaderElection (LeaderElection.java:askForVotes(178)) - s2@group-3D81F66BC438-LeaderElection147: begin an election at term 399 for 9: [s0:0.0.0.0:42154, s1:0.0.0.0:36158, s2:0.0.0.0:36910], old=null
2019-09-24 12:01:00,778 DEBUG impl.RaftServerImpl (RaftServerImpl.java:requestVote(743)) - s0@group-3D81F66BC438: receive requestVote(s2, group-3D81F66BC438, 399, (t:13, i:10))
2019-09-24 12:01:00,778 INFO  impl.RaftServerImpl (RaftServerImpl.java:setRole(170)) - s0@group-3D81F66BC438: changes role from  FOLLOWER to FOLLOWER at term 399 for recognizeCandidate:s2
2019-09-24 12:01:00,778 INFO  impl.RoleInfo (RoleInfo.java:shutdownFollowerState(121)) - s0: shutdown FollowerState
2019-09-24 12:01:00,779 INFO  impl.RoleInfo (RoleInfo.java:updateAndGet(143)) - s0: start FollowerState
2019-09-24 12:01:00,779 INFO  impl.FollowerState (FollowerState.java:run(117)) - s0@group-3D81F66BC438-FollowerState was interrupted: java.lang.InterruptedException: sleep interrupted
2019-09-24 12:01:00,793 DEBUG impl.RaftServerImpl (RaftServerImpl.java:requestVote(775)) - s0@group-3D81F66BC438 replies to vote request: s2<-s0#0:FAIL-t399. Peer's state: s0@group-3D81F66BC438:t399, leader=null, voted=null, raftlog=s0@group-3D81F66BC438-SegmentedRaftLog:OPENED:c11,f12,i12, conf=11: [s0:0.0.0.0:42154, s1:0.0.0.0:36158, s2:0.0.0.0:36910], old=null
2019-09-24 12:01:00,883 WARN  ratis.RaftTestUtil (JavaUtils.java:attempt(158)) - FAILED "waitForLeader-null-(expectLeader? true)", attempt #99/100: java.lang.IllegalStateException: No leader yet : printing ALL groups
  s0:  RUNNING  FOLLOWER s0@group-3D81F66BC438:t399, leader=null, voted=null, raftlog=s0@group-3D81F66BC438-SegmentedRaftLog:OPENED:c11,f12,i12, conf=11: [s0:0.0.0.0:42154, s1:0.0.0.0:36158, s2:0.0.0.0:36910], old=null RUNNING
  s1:  RUNNING CANDIDATE s1@group-3D81F66BC438:t398, leader=null, voted=s1, raftlog=s1@group-3D81F66BC438-SegmentedRaftLog:OPENED:c10,f11,i11, conf=11: [s0:0.0.0.0:42154, s1:0.0.0.0:36158, s2:0.0.0.0:36910], old=null RUNNING
  s2:  RUNNING CANDIDATE s2@group-3D81F66BC438:t399, leader=null, voted=s2, raftlog=s2@group-3D81F66BC438-SegmentedRaftLog:OPENED:c10,f10,i10, conf=9: [s0:0.0.0.0:42154, s1:0.0.0.0:36158, s2:0.0.0.0:36910], old=null RUNNING, sleep 450ms and then retry.
java.lang.IllegalStateException: No leader yet : printing ALL groups
  s0:  RUNNING  FOLLOWER s0@group-3D81F66BC438:t399, leader=null, voted=null, raftlog=s0@group-3D81F66BC438-SegmentedRaftLog:OPENED:c11,f12,i12, conf=11: [s0:0.0.0.0:42154, s1:0.0.0.0:36158, s2:0.0.0.0:36910], old=null RUNNING
  s1:  RUNNING CANDIDATE s1@group-3D81F66BC438:t398, leader=null, voted=s1, raftlog=s1@group-3D81F66BC438-SegmentedRaftLog:OPENED:c10,f11,i11, conf=11: [s0:0.0.0.0:42154, s1:0.0.0.0:36158, s2:0.0.0.0:36910], old=null RUNNING
  s2:  RUNNING CANDIDATE s2@group-3D81F66BC438:t399, leader=null, voted=s2, raftlog=s2@group-3D81F66BC438-SegmentedRaftLog:OPENED:c10,f10,i10, conf=9: [s0:0.0.0.0:42154, s1:0.0.0.0:36158, s2:0.0.0.0:36910], old=null RUNNING
	at org.apache.ratis.MiniRaftCluster.newIllegalStateExceptionForNoLeaders(MiniRaftCluster.java:506)
	at org.apache.ratis.RaftTestUtil.lambda$waitForLeader$1(RaftTestUtil.java:90)
	at org.apache.ratis.MiniRaftCluster.getLeader(MiniRaftCluster.java:539)
	at org.apache.ratis.MiniRaftCluster.getLeader(MiniRaftCluster.java:532)
	at org.apache.ratis.RaftTestUtil.lambda$waitForLeader$3(RaftTestUtil.java:98)
	at org.apache.ratis.util.JavaUtils.attempt(JavaUtils.java:152)
	at org.apache.ratis.RaftTestUtil.waitForLeader(RaftTestUtil.java:97)
	at org.apache.ratis.RaftTestUtil.waitForLeader(RaftTestUtil.java:77)
	at org.apache.ratis.RaftTestUtil.waitForLeader(RaftTestUtil.java:72)
	at org.apache.ratis.RaftTestUtil.lambda$changeLeader$7(RaftTestUtil.java:363)
	at org.apache.ratis.util.JavaUtils.attempt(JavaUtils.java:152)
	at org.apache.ratis.RaftTestUtil.changeLeader(RaftTestUtil.java:362)
	at org.apache.ratis.server.impl.LeaderElectionTests.testChangeLeader(LeaderElectionTests.java:81)
	at sun.reflect.NativeMethodAccessorImpl.invoke0(Native Method)
	at sun.reflect.NativeMethodAccessorImpl.invoke(NativeMethodAccessorImpl.java:62)
	at sun.reflect.DelegatingMethodAccessorImpl.invoke(DelegatingMethodAccessorImpl.java:43)
	at java.lang.reflect.Method.invoke(Method.java:498)
	at org.junit.runners.model.FrameworkMethod$1.runReflectiveCall(FrameworkMethod.java:50)
	at org.junit.internal.runners.model.ReflectiveCallable.run(ReflectiveCallable.java:12)
	at org.junit.runners.model.FrameworkMethod.invokeExplosively(FrameworkMethod.java:47)
	at org.junit.internal.runners.statements.InvokeMethod.evaluate(InvokeMethod.java:17)
	at org.junit.internal.runners.statements.RunAfters.evaluate(RunAfters.java:27)
	at org.junit.internal.runners.statements.FailOnTimeout$CallableStatement.call(FailOnTimeout.java:298)
	at org.junit.internal.runners.statements.FailOnTimeout$CallableStatement.call(FailOnTimeout.java:292)
	at java.util.concurrent.FutureTask.run(FutureTask.java:266)
	at java.lang.Thread.run(Thread.java:748)
2019-09-24 12:01:00,910 INFO  impl.LeaderElection (LeaderElection.java:logAndReturn(56)) - s1@group-3D81F66BC438-LeaderElection140: Election TIMEOUT; received 1 response(s) [s1<-s0#0:FAIL-t398] and 0 exception(s); s1@group-3D81F66BC438:t398, leader=null, voted=s1, raftlog=s1@group-3D81F66BC438-SegmentedRaftLog:OPENED:c10,f11,i11, conf=11: [s0:0.0.0.0:42154, s1:0.0.0.0:36158, s2:0.0.0.0:36910], old=null
2019-09-24 12:01:00,923 INFO  impl.LeaderElection (LeaderElection.java:askForVotes(178)) - s1@group-3D81F66BC438-LeaderElection140: begin an election at term 399 for 11: [s0:0.0.0.0:42154, s1:0.0.0.0:36158, s2:0.0.0.0:36910], old=null
2019-09-24 12:01:00,923 DEBUG impl.RaftServerImpl (RaftServerImpl.java:requestVote(743)) - s0@group-3D81F66BC438: receive requestVote(s1, group-3D81F66BC438, 399, (t:14, i:11))
2019-09-24 12:01:00,924 INFO  impl.RaftServerImpl (RaftServerImpl.java:setRole(170)) - s0@group-3D81F66BC438: changes role from  FOLLOWER to FOLLOWER at term 399 for recognizeCandidate:s1
2019-09-24 12:01:00,924 INFO  impl.RoleInfo (RoleInfo.java:shutdownFollowerState(121)) - s0: shutdown FollowerState
2019-09-24 12:01:00,924 INFO  impl.RoleInfo (RoleInfo.java:updateAndGet(143)) - s0: start FollowerState
2019-09-24 12:01:00,924 INFO  impl.FollowerState (FollowerState.java:run(117)) - s0@group-3D81F66BC438-FollowerState was interrupted: java.lang.InterruptedException: sleep interrupted
2019-09-24 12:01:00,924 DEBUG impl.RaftServerImpl (RaftServerImpl.java:requestVote(775)) - s0@group-3D81F66BC438 replies to vote request: s1<-s0#0:FAIL-t399. Peer's state: s0@group-3D81F66BC438:t399, leader=null, voted=null, raftlog=s0@group-3D81F66BC438-SegmentedRaftLog:OPENED:c11,f12,i12, conf=11: [s0:0.0.0.0:42154, s1:0.0.0.0:36158, s2:0.0.0.0:36910], old=null
2019-09-24 12:01:01,018 INFO  impl.LeaderElection (LeaderElection.java:logAndReturn(56)) - s2@group-3D81F66BC438-LeaderElection147: Election TIMEOUT; received 1 response(s) [s2<-s0#0:FAIL-t399] and 0 exception(s); s2@group-3D81F66BC438:t399, leader=null, voted=s2, raftlog=s2@group-3D81F66BC438-SegmentedRaftLog:OPENED:c10,f10,i10, conf=9: [s0:0.0.0.0:42154, s1:0.0.0.0:36158, s2:0.0.0.0:36910], old=null
2019-09-24 12:01:01,033 INFO  impl.LeaderElection (LeaderElection.java:askForVotes(178)) - s2@group-3D81F66BC438-LeaderElection147: begin an election at term 400 for 9: [s0:0.0.0.0:42154, s1:0.0.0.0:36158, s2:0.0.0.0:36910], old=null
2019-09-24 12:01:01,034 DEBUG impl.RaftServerImpl (RaftServerImpl.java:requestVote(743)) - s0@group-3D81F66BC438: receive requestVote(s2, group-3D81F66BC438, 400, (t:13, i:10))
2019-09-24 12:01:01,034 INFO  impl.RaftServerImpl (RaftServerImpl.java:setRole(170)) - s0@group-3D81F66BC438: changes role from  FOLLOWER to FOLLOWER at term 400 for recognizeCandidate:s2
2019-09-24 12:01:01,034 INFO  impl.RoleInfo (RoleInfo.java:shutdownFollowerState(121)) - s0: shutdown FollowerState
2019-09-24 12:01:01,034 INFO  impl.RoleInfo (RoleInfo.java:updateAndGet(143)) - s0: start FollowerState
2019-09-24 12:01:01,034 INFO  impl.FollowerState (FollowerState.java:run(117)) - s0@group-3D81F66BC438-FollowerState was interrupted: java.lang.InterruptedException: sleep interrupted
2019-09-24 12:01:01,048 DEBUG impl.RaftServerImpl (RaftServerImpl.java:requestVote(775)) - s0@group-3D81F66BC438 replies to vote request: s2<-s0#0:FAIL-t400. Peer's state: s0@group-3D81F66BC438:t400, leader=null, voted=null, raftlog=s0@group-3D81F66BC438-SegmentedRaftLog:OPENED:c11,f12,i12, conf=11: [s0:0.0.0.0:42154, s1:0.0.0.0:36158, s2:0.0.0.0:36910], old=null
2019-09-24 12:01:01,138 INFO  impl.LeaderElection (LeaderElection.java:logAndReturn(56)) - s1@group-3D81F66BC438-LeaderElection140: Election TIMEOUT; received 1 response(s) [s1<-s0#0:FAIL-t399] and 0 exception(s); s1@group-3D81F66BC438:t399, leader=null, voted=s1, raftlog=s1@group-3D81F66BC438-SegmentedRaftLog:OPENED:c10,f11,i11, conf=11: [s0:0.0.0.0:42154, s1:0.0.0.0:36158, s2:0.0.0.0:36910], old=null
2019-09-24 12:01:01,151 INFO  impl.LeaderElection (LeaderElection.java:askForVotes(178)) - s1@group-3D81F66BC438-LeaderElection140: begin an election at term 400 for 11: [s0:0.0.0.0:42154, s1:0.0.0.0:36158, s2:0.0.0.0:36910], old=null
2019-09-24 12:01:01,152 DEBUG impl.RaftServerImpl (RaftServerImpl.java:requestVote(743)) - s0@group-3D81F66BC438: receive requestVote(s1, group-3D81F66BC438, 400, (t:14, i:11))
2019-09-24 12:01:01,152 INFO  impl.RaftServerImpl (RaftServerImpl.java:setRole(170)) - s0@group-3D81F66BC438: changes role from  FOLLOWER to FOLLOWER at term 400 for recognizeCandidate:s1
2019-09-24 12:01:01,152 INFO  impl.RoleInfo (RoleInfo.java:shutdownFollowerState(121)) - s0: shutdown FollowerState
2019-09-24 12:01:01,152 INFO  impl.RoleInfo (RoleInfo.java:updateAndGet(143)) - s0: start FollowerState
2019-09-24 12:01:01,152 INFO  impl.FollowerState (FollowerState.java:run(117)) - s0@group-3D81F66BC438-FollowerState was interrupted: java.lang.InterruptedException: sleep interrupted
2019-09-24 12:01:01,153 DEBUG impl.RaftServerImpl (RaftServerImpl.java:requestVote(775)) - s0@group-3D81F66BC438 replies to vote request: s1<-s0#0:FAIL-t400. Peer's state: s0@group-3D81F66BC438:t400, leader=null, voted=null, raftlog=s0@group-3D81F66BC438-SegmentedRaftLog:OPENED:c11,f12,i12, conf=11: [s0:0.0.0.0:42154, s1:0.0.0.0:36158, s2:0.0.0.0:36910], old=null
2019-09-24 12:01:01,198 INFO  impl.LeaderElection (LeaderElection.java:logAndReturn(56)) - s2@group-3D81F66BC438-LeaderElection147: Election TIMEOUT; received 1 response(s) [s2<-s0#0:FAIL-t400] and 0 exception(s); s2@group-3D81F66BC438:t400, leader=null, voted=s2, raftlog=s2@group-3D81F66BC438-SegmentedRaftLog:OPENED:c10,f10,i10, conf=9: [s0:0.0.0.0:42154, s1:0.0.0.0:36158, s2:0.0.0.0:36910], old=null
2019-09-24 12:01:01,211 INFO  impl.LeaderElection (LeaderElection.java:askForVotes(178)) - s2@group-3D81F66BC438-LeaderElection147: begin an election at term 401 for 9: [s0:0.0.0.0:42154, s1:0.0.0.0:36158, s2:0.0.0.0:36910], old=null
2019-09-24 12:01:01,212 DEBUG impl.RaftServerImpl (RaftServerImpl.java:requestVote(743)) - s0@group-3D81F66BC438: receive requestVote(s2, group-3D81F66BC438, 401, (t:13, i:10))
2019-09-24 12:01:01,212 INFO  impl.RaftServerImpl (RaftServerImpl.java:setRole(170)) - s0@group-3D81F66BC438: changes role from  FOLLOWER to FOLLOWER at term 401 for recognizeCandidate:s2
2019-09-24 12:01:01,212 INFO  impl.RoleInfo (RoleInfo.java:shutdownFollowerState(121)) - s0: shutdown FollowerState
2019-09-24 12:01:01,212 INFO  impl.RoleInfo (RoleInfo.java:updateAndGet(143)) - s0: start FollowerState
2019-09-24 12:01:01,212 INFO  impl.FollowerState (FollowerState.java:run(117)) - s0@group-3D81F66BC438-FollowerState was interrupted: java.lang.InterruptedException: sleep interrupted
2019-09-24 12:01:01,225 DEBUG impl.RaftServerImpl (RaftServerImpl.java:requestVote(775)) - s0@group-3D81F66BC438 replies to vote request: s2<-s0#0:FAIL-t401. Peer's state: s0@group-3D81F66BC438:t401, leader=null, voted=null, raftlog=s0@group-3D81F66BC438-SegmentedRaftLog:OPENED:c11,f12,i12, conf=11: [s0:0.0.0.0:42154, s1:0.0.0.0:36158, s2:0.0.0.0:36910], old=null
2019-09-24 12:01:01,334 WARN  ratis.RaftTestUtil (JavaUtils.java:attempt(158)) - FAILED "testChangeLeader-changeLeader", attempt #6/20: java.lang.IllegalStateException: No leader yet : printing ALL groups
  s0:  RUNNING  FOLLOWER s0@group-3D81F66BC438:t401, leader=null, voted=null, raftlog=s0@group-3D81F66BC438-SegmentedRaftLog:OPENED:c11,f12,i12, conf=11: [s0:0.0.0.0:42154, s1:0.0.0.0:36158, s2:0.0.0.0:36910], old=null RUNNING
  s1:  RUNNING CANDIDATE s1@group-3D81F66BC438:t400, leader=null, voted=s1, raftlog=s1@group-3D81F66BC438-SegmentedRaftLog:OPENED:c10,f11,i11, conf=11: [s0:0.0.0.0:42154, s1:0.0.0.0:36158, s2:0.0.0.0:36910], old=null RUNNING
  s2:  RUNNING CANDIDATE s2@group-3D81F66BC438:t401, leader=null, voted=s2, raftlog=s2@group-3D81F66BC438-SegmentedRaftLog:OPENED:c10,f10,i10, conf=9: [s0:0.0.0.0:42154, s1:0.0.0.0:36158, s2:0.0.0.0:36910], old=null RUNNING, sleep 100ms and then retry.
java.lang.IllegalStateException: No leader yet : printing ALL groups
  s0:  RUNNING  FOLLOWER s0@group-3D81F66BC438:t401, leader=null, voted=null, raftlog=s0@group-3D81F66BC438-SegmentedRaftLog:OPENED:c11,f12,i12, conf=11: [s0:0.0.0.0:42154, s1:0.0.0.0:36158, s2:0.0.0.0:36910], old=null RUNNING
  s1:  RUNNING CANDIDATE s1@group-3D81F66BC438:t400, leader=null, voted=s1, raftlog=s1@group-3D81F66BC438-SegmentedRaftLog:OPENED:c10,f11,i11, conf=11: [s0:0.0.0.0:42154, s1:0.0.0.0:36158, s2:0.0.0.0:36910], old=null RUNNING
  s2:  RUNNING CANDIDATE s2@group-3D81F66BC438:t401, leader=null, voted=s2, raftlog=s2@group-3D81F66BC438-SegmentedRaftLog:OPENED:c10,f10,i10, conf=9: [s0:0.0.0.0:42154, s1:0.0.0.0:36158, s2:0.0.0.0:36910], old=null RUNNING
	at org.apache.ratis.MiniRaftCluster.newIllegalStateExceptionForNoLeaders(MiniRaftCluster.java:506)
	at org.apache.ratis.RaftTestUtil.lambda$waitForLeader$1(RaftTestUtil.java:90)
	at org.apache.ratis.MiniRaftCluster.getLeader(MiniRaftCluster.java:539)
	at org.apache.ratis.MiniRaftCluster.getLeader(MiniRaftCluster.java:532)
	at org.apache.ratis.RaftTestUtil.lambda$waitForLeader$3(RaftTestUtil.java:98)
	at org.apache.ratis.util.JavaUtils.attempt(JavaUtils.java:152)
	at org.apache.ratis.RaftTestUtil.waitForLeader(RaftTestUtil.java:97)
	at org.apache.ratis.RaftTestUtil.waitForLeader(RaftTestUtil.java:77)
	at org.apache.ratis.RaftTestUtil.waitForLeader(RaftTestUtil.java:72)
	at org.apache.ratis.RaftTestUtil.lambda$changeLeader$7(RaftTestUtil.java:363)
	at org.apache.ratis.util.JavaUtils.attempt(JavaUtils.java:152)
	at org.apache.ratis.RaftTestUtil.changeLeader(RaftTestUtil.java:362)
	at org.apache.ratis.server.impl.LeaderElectionTests.testChangeLeader(LeaderElectionTests.java:81)
	at sun.reflect.NativeMethodAccessorImpl.invoke0(Native Method)
	at sun.reflect.NativeMethodAccessorImpl.invoke(NativeMethodAccessorImpl.java:62)
	at sun.reflect.DelegatingMethodAccessorImpl.invoke(DelegatingMethodAccessorImpl.java:43)
	at java.lang.reflect.Method.invoke(Method.java:498)
	at org.junit.runners.model.FrameworkMethod$1.runReflectiveCall(FrameworkMethod.java:50)
	at org.junit.internal.runners.model.ReflectiveCallable.run(ReflectiveCallable.java:12)
	at org.junit.runners.model.FrameworkMethod.invokeExplosively(FrameworkMethod.java:47)
	at org.junit.internal.runners.statements.InvokeMethod.evaluate(InvokeMethod.java:17)
	at org.junit.internal.runners.statements.RunAfters.evaluate(RunAfters.java:27)
	at org.junit.internal.runners.statements.FailOnTimeout$CallableStatement.call(FailOnTimeout.java:298)
	at org.junit.internal.runners.statements.FailOnTimeout$CallableStatement.call(FailOnTimeout.java:292)
	at java.util.concurrent.FutureTask.run(FutureTask.java:266)
	at java.lang.Thread.run(Thread.java:748)
2019-09-24 12:01:01,341 INFO  impl.LeaderElection (LeaderElection.java:logAndReturn(56)) - s1@group-3D81F66BC438-LeaderElection140: Election TIMEOUT; received 1 response(s) [s1<-s0#0:FAIL-t400] and 0 exception(s); s1@group-3D81F66BC438:t400, leader=null, voted=s1, raftlog=s1@group-3D81F66BC438-SegmentedRaftLog:OPENED:c10,f11,i11, conf=11: [s0:0.0.0.0:42154, s1:0.0.0.0:36158, s2:0.0.0.0:36910], old=null
2019-09-24 12:01:01,367 INFO  impl.LeaderElection (LeaderElection.java:askForVotes(178)) - s1@group-3D81F66BC438-LeaderElection140: begin an election at term 401 for 11: [s0:0.0.0.0:42154, s1:0.0.0.0:36158, s2:0.0.0.0:36910], old=null
2019-09-24 12:01:01,367 DEBUG impl.RaftServerImpl (RaftServerImpl.java:requestVote(743)) - s0@group-3D81F66BC438: receive requestVote(s1, group-3D81F66BC438, 401, (t:14, i:11))
2019-09-24 12:01:01,367 INFO  impl.RaftServerImpl (RaftServerImpl.java:setRole(170)) - s0@group-3D81F66BC438: changes role from  FOLLOWER to FOLLOWER at term 401 for recognizeCandidate:s1
2019-09-24 12:01:01,367 INFO  impl.RoleInfo (RoleInfo.java:shutdownFollowerState(121)) - s0: shutdown FollowerState
2019-09-24 12:01:01,368 INFO  impl.RoleInfo (RoleInfo.java:updateAndGet(143)) - s0: start FollowerState
2019-09-24 12:01:01,368 INFO  impl.FollowerState (FollowerState.java:run(117)) - s0@group-3D81F66BC438-FollowerState was interrupted: java.lang.InterruptedException: sleep interrupted
2019-09-24 12:01:01,368 DEBUG impl.RaftServerImpl (RaftServerImpl.java:requestVote(775)) - s0@group-3D81F66BC438 replies to vote request: s1<-s0#0:FAIL-t401. Peer's state: s0@group-3D81F66BC438:t401, leader=null, voted=null, raftlog=s0@group-3D81F66BC438-SegmentedRaftLog:OPENED:c11,f12,i12, conf=11: [s0:0.0.0.0:42154, s1:0.0.0.0:36158, s2:0.0.0.0:36910], old=null
2019-09-24 12:01:01,435 INFO  impl.LeaderElection (LeaderElection.java:logAndReturn(56)) - s2@group-3D81F66BC438-LeaderElection147: Election TIMEOUT; received 1 response(s) [s2<-s0#0:FAIL-t401] and 0 exception(s); s2@group-3D81F66BC438:t401, leader=null, voted=s2, raftlog=s2@group-3D81F66BC438-SegmentedRaftLog:OPENED:c10,f10,i10, conf=9: [s0:0.0.0.0:42154, s1:0.0.0.0:36158, s2:0.0.0.0:36910], old=null
2019-09-24 12:01:01,436 INFO  server.RaftServerConfigKeys (ConfUtils.java:logGet(43)) - raft.server.rpc.timeout.max = 300ms (default)
2019-09-24 12:01:01,437 INFO  ratis.RaftTestUtil (RaftTestUtil.java:waitForLeader(86)) - printing ALL groups
  s0:  RUNNING  FOLLOWER s0@group-3D81F66BC438:t401, leader=null, voted=null, raftlog=s0@group-3D81F66BC438-SegmentedRaftLog:OPENED:c11,f12,i12, conf=11: [s0:0.0.0.0:42154, s1:0.0.0.0:36158, s2:0.0.0.0:36910], old=null RUNNING
  s1:  RUNNING CANDIDATE s1@group-3D81F66BC438:t401, leader=null, voted=s1, raftlog=s1@group-3D81F66BC438-SegmentedRaftLog:OPENED:c10,f11,i11, conf=11: [s0:0.0.0.0:42154, s1:0.0.0.0:36158, s2:0.0.0.0:36910], old=null RUNNING
  s2:  RUNNING CANDIDATE s2@group-3D81F66BC438:t402, leader=null, voted=s2, raftlog=s2@group-3D81F66BC438-SegmentedRaftLog:OPENED:c10,f10,i10, conf=9: [s0:0.0.0.0:42154, s1:0.0.0.0:36158, s2:0.0.0.0:36910], old=null RUNNING
2019-09-24 12:01:01,437 WARN  ratis.RaftTestUtil (JavaUtils.java:attempt(158)) - FAILED "waitForLeader-null-(expectLeader? true)", attempt #1/100: java.lang.IllegalStateException: No leader yet : printing ALL groups
  s0:  RUNNING  FOLLOWER s0@group-3D81F66BC438:t401, leader=null, voted=null, raftlog=s0@group-3D81F66BC438-SegmentedRaftLog:OPENED:c11,f12,i12, conf=11: [s0:0.0.0.0:42154, s1:0.0.0.0:36158, s2:0.0.0.0:36910], old=null RUNNING
  s1:  RUNNING CANDIDATE s1@group-3D81F66BC438:t401, leader=null, voted=s1, raftlog=s1@group-3D81F66BC438-SegmentedRaftLog:OPENED:c10,f11,i11, conf=11: [s0:0.0.0.0:42154, s1:0.0.0.0:36158, s2:0.0.0.0:36910], old=null RUNNING
  s2:  RUNNING CANDIDATE s2@group-3D81F66BC438:t402, leader=null, voted=s2, raftlog=s2@group-3D81F66BC438-SegmentedRaftLog:OPENED:c10,f10,i10, conf=9: [s0:0.0.0.0:42154, s1:0.0.0.0:36158, s2:0.0.0.0:36910], old=null RUNNING, sleep 450ms and then retry.
java.lang.IllegalStateException: No leader yet : printing ALL groups
  s0:  RUNNING  FOLLOWER s0@group-3D81F66BC438:t401, leader=null, voted=null, raftlog=s0@group-3D81F66BC438-SegmentedRaftLog:OPENED:c11,f12,i12, conf=11: [s0:0.0.0.0:42154, s1:0.0.0.0:36158, s2:0.0.0.0:36910], old=null RUNNING
  s1:  RUNNING CANDIDATE s1@group-3D81F66BC438:t401, leader=null, voted=s1, raftlog=s1@group-3D81F66BC438-SegmentedRaftLog:OPENED:c10,f11,i11, conf=11: [s0:0.0.0.0:42154, s1:0.0.0.0:36158, s2:0.0.0.0:36910], old=null RUNNING
  s2:  RUNNING CANDIDATE s2@group-3D81F66BC438:t402, leader=null, voted=s2, raftlog=s2@group-3D81F66BC438-SegmentedRaftLog:OPENED:c10,f10,i10, conf=9: [s0:0.0.0.0:42154, s1:0.0.0.0:36158, s2:0.0.0.0:36910], old=null RUNNING
	at org.apache.ratis.MiniRaftCluster.newIllegalStateExceptionForNoLeaders(MiniRaftCluster.java:506)
	at org.apache.ratis.RaftTestUtil.lambda$waitForLeader$1(RaftTestUtil.java:90)
	at org.apache.ratis.MiniRaftCluster.getLeader(MiniRaftCluster.java:539)
	at org.apache.ratis.MiniRaftCluster.getLeader(MiniRaftCluster.java:532)
	at org.apache.ratis.RaftTestUtil.lambda$waitForLeader$3(RaftTestUtil.java:98)
	at org.apache.ratis.util.JavaUtils.attempt(JavaUtils.java:152)
	at org.apache.ratis.RaftTestUtil.waitForLeader(RaftTestUtil.java:97)
	at org.apache.ratis.RaftTestUtil.waitForLeader(RaftTestUtil.java:77)
	at org.apache.ratis.RaftTestUtil.waitForLeader(RaftTestUtil.java:72)
	at org.apache.ratis.RaftTestUtil.lambda$changeLeader$7(RaftTestUtil.java:363)
	at org.apache.ratis.util.JavaUtils.attempt(JavaUtils.java:152)
	at org.apache.ratis.RaftTestUtil.changeLeader(RaftTestUtil.java:362)
	at org.apache.ratis.server.impl.LeaderElectionTests.testChangeLeader(LeaderElectionTests.java:81)
	at sun.reflect.NativeMethodAccessorImpl.invoke0(Native Method)
	at sun.reflect.NativeMethodAccessorImpl.invoke(NativeMethodAccessorImpl.java:62)
	at sun.reflect.DelegatingMethodAccessorImpl.invoke(DelegatingMethodAccessorImpl.java:43)
	at java.lang.reflect.Method.invoke(Method.java:498)
	at org.junit.runners.model.FrameworkMethod$1.runReflectiveCall(FrameworkMethod.java:50)
	at org.junit.internal.runners.model.ReflectiveCallable.run(ReflectiveCallable.java:12)
	at org.junit.runners.model.FrameworkMethod.invokeExplosively(FrameworkMethod.java:47)
	at org.junit.internal.runners.statements.InvokeMethod.evaluate(InvokeMethod.java:17)
	at org.junit.internal.runners.statements.RunAfters.evaluate(RunAfters.java:27)
	at org.junit.internal.runners.statements.FailOnTimeout$CallableStatement.call(FailOnTimeout.java:298)
	at org.junit.internal.runners.statements.FailOnTimeout$CallableStatement.call(FailOnTimeout.java:292)
	at java.util.concurrent.FutureTask.run(FutureTask.java:266)
	at java.lang.Thread.run(Thread.java:748)
2019-09-24 12:01:01,460 INFO  impl.LeaderElection (LeaderElection.java:askForVotes(178)) - s2@group-3D81F66BC438-LeaderElection147: begin an election at term 402 for 9: [s0:0.0.0.0:42154, s1:0.0.0.0:36158, s2:0.0.0.0:36910], old=null
2019-09-24 12:01:01,461 DEBUG impl.RaftServerImpl (RaftServerImpl.java:requestVote(743)) - s0@group-3D81F66BC438: receive requestVote(s2, group-3D81F66BC438, 402, (t:13, i:10))
2019-09-24 12:01:01,461 INFO  impl.RaftServerImpl (RaftServerImpl.java:setRole(170)) - s0@group-3D81F66BC438: changes role from  FOLLOWER to FOLLOWER at term 402 for recognizeCandidate:s2
2019-09-24 12:01:01,461 INFO  impl.RoleInfo (RoleInfo.java:shutdownFollowerState(121)) - s0: shutdown FollowerState
2019-09-24 12:01:01,461 INFO  impl.RoleInfo (RoleInfo.java:updateAndGet(143)) - s0: start FollowerState
2019-09-24 12:01:01,461 INFO  impl.FollowerState (FollowerState.java:run(117)) - s0@group-3D81F66BC438-FollowerState was interrupted: java.lang.InterruptedException: sleep interrupted
2019-09-24 12:01:01,474 DEBUG impl.RaftServerImpl (RaftServerImpl.java:requestVote(775)) - s0@group-3D81F66BC438 replies to vote request: s2<-s0#0:FAIL-t402. Peer's state: s0@group-3D81F66BC438:t402, leader=null, voted=null, raftlog=s0@group-3D81F66BC438-SegmentedRaftLog:OPENED:c11,f12,i12, conf=11: [s0:0.0.0.0:42154, s1:0.0.0.0:36158, s2:0.0.0.0:36910], old=null
2019-09-24 12:01:01,606 INFO  impl.LeaderElection (LeaderElection.java:logAndReturn(56)) - s1@group-3D81F66BC438-LeaderElection140: Election TIMEOUT; received 1 response(s) [s1<-s0#0:FAIL-t401] and 0 exception(s); s1@group-3D81F66BC438:t401, leader=null, voted=s1, raftlog=s1@group-3D81F66BC438-SegmentedRaftLog:OPENED:c10,f11,i11, conf=11: [s0:0.0.0.0:42154, s1:0.0.0.0:36158, s2:0.0.0.0:36910], old=null
2019-09-24 12:01:01,613 INFO  impl.LeaderElection (LeaderElection.java:askForVotes(178)) - s1@group-3D81F66BC438-LeaderElection140: begin an election at term 402 for 11: [s0:0.0.0.0:42154, s1:0.0.0.0:36158, s2:0.0.0.0:36910], old=null
2019-09-24 12:01:01,614 DEBUG impl.RaftServerImpl (RaftServerImpl.java:requestVote(743)) - s0@group-3D81F66BC438: receive requestVote(s1, group-3D81F66BC438, 402, (t:14, i:11))
2019-09-24 12:01:01,614 INFO  impl.RaftServerImpl (RaftServerImpl.java:setRole(170)) - s0@group-3D81F66BC438: changes role from  FOLLOWER to FOLLOWER at term 402 for recognizeCandidate:s1
2019-09-24 12:01:01,614 INFO  impl.RoleInfo (RoleInfo.java:shutdownFollowerState(121)) - s0: shutdown FollowerState
2019-09-24 12:01:01,614 INFO  impl.RoleInfo (RoleInfo.java:updateAndGet(143)) - s0: start FollowerState
2019-09-24 12:01:01,614 INFO  impl.FollowerState (FollowerState.java:run(117)) - s0@group-3D81F66BC438-FollowerState was interrupted: java.lang.InterruptedException: sleep interrupted
2019-09-24 12:01:01,615 DEBUG impl.RaftServerImpl (RaftServerImpl.java:requestVote(775)) - s0@group-3D81F66BC438 replies to vote request: s1<-s0#0:FAIL-t402. Peer's state: s0@group-3D81F66BC438:t402, leader=null, voted=null, raftlog=s0@group-3D81F66BC438-SegmentedRaftLog:OPENED:c11,f12,i12, conf=11: [s0:0.0.0.0:42154, s1:0.0.0.0:36158, s2:0.0.0.0:36910], old=null
2019-09-24 12:01:01,631 INFO  impl.LeaderElection (LeaderElection.java:logAndReturn(56)) - s2@group-3D81F66BC438-LeaderElection147: Election TIMEOUT; received 1 response(s) [s2<-s0#0:FAIL-t402] and 0 exception(s); s2@group-3D81F66BC438:t402, leader=null, voted=s2, raftlog=s2@group-3D81F66BC438-SegmentedRaftLog:OPENED:c10,f10,i10, conf=9: [s0:0.0.0.0:42154, s1:0.0.0.0:36158, s2:0.0.0.0:36910], old=null
2019-09-24 12:01:01,646 INFO  impl.LeaderElection (LeaderElection.java:askForVotes(178)) - s2@group-3D81F66BC438-LeaderElection147: begin an election at term 403 for 9: [s0:0.0.0.0:42154, s1:0.0.0.0:36158, s2:0.0.0.0:36910], old=null
2019-09-24 12:01:01,646 DEBUG impl.RaftServerImpl (RaftServerImpl.java:requestVote(743)) - s0@group-3D81F66BC438: receive requestVote(s2, group-3D81F66BC438, 403, (t:13, i:10))
2019-09-24 12:01:01,646 INFO  impl.RaftServerImpl (RaftServerImpl.java:setRole(170)) - s0@group-3D81F66BC438: changes role from  FOLLOWER to FOLLOWER at term 403 for recognizeCandidate:s2
2019-09-24 12:01:01,646 INFO  impl.RoleInfo (RoleInfo.java:shutdownFollowerState(121)) - s0: shutdown FollowerState
2019-09-24 12:01:01,647 INFO  impl.RoleInfo (RoleInfo.java:updateAndGet(143)) - s0: start FollowerState
2019-09-24 12:01:01,647 INFO  impl.FollowerState (FollowerState.java:run(117)) - s0@group-3D81F66BC438-FollowerState was interrupted: java.lang.InterruptedException: sleep interrupted
2019-09-24 12:01:01,660 DEBUG impl.RaftServerImpl (RaftServerImpl.java:requestVote(775)) - s0@group-3D81F66BC438 replies to vote request: s2<-s0#0:FAIL-t403. Peer's state: s0@group-3D81F66BC438:t403, leader=null, voted=null, raftlog=s0@group-3D81F66BC438-SegmentedRaftLog:OPENED:c11,f12,i12, conf=11: [s0:0.0.0.0:42154, s1:0.0.0.0:36158, s2:0.0.0.0:36910], old=null
2019-09-24 12:01:01,846 INFO  impl.LeaderElection (LeaderElection.java:logAndReturn(56)) - s1@group-3D81F66BC438-LeaderElection140: Election TIMEOUT; received 1 response(s) [s1<-s0#0:FAIL-t402] and 0 exception(s); s1@group-3D81F66BC438:t402, leader=null, voted=s1, raftlog=s1@group-3D81F66BC438-SegmentedRaftLog:OPENED:c10,f11,i11, conf=11: [s0:0.0.0.0:42154, s1:0.0.0.0:36158, s2:0.0.0.0:36910], old=null
2019-09-24 12:01:01,867 INFO  impl.LeaderElection (LeaderElection.java:askForVotes(178)) - s1@group-3D81F66BC438-LeaderElection140: begin an election at term 403 for 11: [s0:0.0.0.0:42154, s1:0.0.0.0:36158, s2:0.0.0.0:36910], old=null
2019-09-24 12:01:01,868 DEBUG impl.RaftServerImpl (RaftServerImpl.java:requestVote(743)) - s0@group-3D81F66BC438: receive requestVote(s1, group-3D81F66BC438, 403, (t:14, i:11))
2019-09-24 12:01:01,868 INFO  impl.RaftServerImpl (RaftServerImpl.java:setRole(170)) - s0@group-3D81F66BC438: changes role from  FOLLOWER to FOLLOWER at term 403 for recognizeCandidate:s1
2019-09-24 12:01:01,868 INFO  impl.RoleInfo (RoleInfo.java:shutdownFollowerState(121)) - s0: shutdown FollowerState
2019-09-24 12:01:01,868 INFO  impl.RoleInfo (RoleInfo.java:updateAndGet(143)) - s0: start FollowerState
2019-09-24 12:01:01,869 INFO  impl.FollowerState (FollowerState.java:run(117)) - s0@group-3D81F66BC438-FollowerState was interrupted: java.lang.InterruptedException: sleep interrupted
2019-09-24 12:01:01,869 DEBUG impl.RaftServerImpl (RaftServerImpl.java:requestVote(775)) - s0@group-3D81F66BC438 replies to vote request: s1<-s0#0:FAIL-t403. Peer's state: s0@group-3D81F66BC438:t403, leader=null, voted=null, raftlog=s0@group-3D81F66BC438-SegmentedRaftLog:OPENED:c11,f12,i12, conf=11: [s0:0.0.0.0:42154, s1:0.0.0.0:36158, s2:0.0.0.0:36910], old=null
2019-09-24 12:01:01,878 INFO  impl.LeaderElection (LeaderElection.java:logAndReturn(56)) - s2@group-3D81F66BC438-LeaderElection147: Election TIMEOUT; received 1 response(s) [s2<-s0#0:FAIL-t403] and 0 exception(s); s2@group-3D81F66BC438:t403, leader=null, voted=s2, raftlog=s2@group-3D81F66BC438-SegmentedRaftLog:OPENED:c10,f10,i10, conf=9: [s0:0.0.0.0:42154, s1:0.0.0.0:36158, s2:0.0.0.0:36910], old=null
2019-09-24 12:01:01,888 WARN  ratis.RaftTestUtil (JavaUtils.java:attempt(158)) - FAILED "waitForLeader-null-(expectLeader? true)", attempt #2/100: java.lang.IllegalStateException: No leader yet : printing ALL groups
  s0:  RUNNING  FOLLOWER s0@group-3D81F66BC438:t403, leader=null, voted=null, raftlog=s0@group-3D81F66BC438-SegmentedRaftLog:OPENED:c11,f12,i12, conf=11: [s0:0.0.0.0:42154, s1:0.0.0.0:36158, s2:0.0.0.0:36910], old=null RUNNING
  s1:  RUNNING CANDIDATE s1@group-3D81F66BC438:t403, leader=null, voted=s1, raftlog=s1@group-3D81F66BC438-SegmentedRaftLog:OPENED:c10,f11,i11, conf=11: [s0:0.0.0.0:42154, s1:0.0.0.0:36158, s2:0.0.0.0:36910], old=null RUNNING
  s2:  RUNNING CANDIDATE s2@group-3D81F66BC438:t404, leader=null, voted=s2, raftlog=s2@group-3D81F66BC438-SegmentedRaftLog:OPENED:c10,f10,i10, conf=9: [s0:0.0.0.0:42154, s1:0.0.0.0:36158, s2:0.0.0.0:36910], old=null RUNNING, sleep 450ms and then retry.
java.lang.IllegalStateException: No leader yet : printing ALL groups
  s0:  RUNNING  FOLLOWER s0@group-3D81F66BC438:t403, leader=null, voted=null, raftlog=s0@group-3D81F66BC438-SegmentedRaftLog:OPENED:c11,f12,i12, conf=11: [s0:0.0.0.0:42154, s1:0.0.0.0:36158, s2:0.0.0.0:36910], old=null RUNNING
  s1:  RUNNING CANDIDATE s1@group-3D81F66BC438:t403, leader=null, voted=s1, raftlog=s1@group-3D81F66BC438-SegmentedRaftLog:OPENED:c10,f11,i11, conf=11: [s0:0.0.0.0:42154, s1:0.0.0.0:36158, s2:0.0.0.0:36910], old=null RUNNING
  s2:  RUNNING CANDIDATE s2@group-3D81F66BC438:t404, leader=null, voted=s2, raftlog=s2@group-3D81F66BC438-SegmentedRaftLog:OPENED:c10,f10,i10, conf=9: [s0:0.0.0.0:42154, s1:0.0.0.0:36158, s2:0.0.0.0:36910], old=null RUNNING
	at org.apache.ratis.MiniRaftCluster.newIllegalStateExceptionForNoLeaders(MiniRaftCluster.java:506)
	at org.apache.ratis.RaftTestUtil.lambda$waitForLeader$1(RaftTestUtil.java:90)
	at org.apache.ratis.MiniRaftCluster.getLeader(MiniRaftCluster.java:539)
	at org.apache.ratis.MiniRaftCluster.getLeader(MiniRaftCluster.java:532)
	at org.apache.ratis.RaftTestUtil.lambda$waitForLeader$3(RaftTestUtil.java:98)
	at org.apache.ratis.util.JavaUtils.attempt(JavaUtils.java:152)
	at org.apache.ratis.RaftTestUtil.waitForLeader(RaftTestUtil.java:97)
	at org.apache.ratis.RaftTestUtil.waitForLeader(RaftTestUtil.java:77)
	at org.apache.ratis.RaftTestUtil.waitForLeader(RaftTestUtil.java:72)
	at org.apache.ratis.RaftTestUtil.lambda$changeLeader$7(RaftTestUtil.java:363)
	at org.apache.ratis.util.JavaUtils.attempt(JavaUtils.java:152)
	at org.apache.ratis.RaftTestUtil.changeLeader(RaftTestUtil.java:362)
	at org.apache.ratis.server.impl.LeaderElectionTests.testChangeLeader(LeaderElectionTests.java:81)
	at sun.reflect.NativeMethodAccessorImpl.invoke0(Native Method)
	at sun.reflect.NativeMethodAccessorImpl.invoke(NativeMethodAccessorImpl.java:62)
	at sun.reflect.DelegatingMethodAccessorImpl.invoke(DelegatingMethodAccessorImpl.java:43)
	at java.lang.reflect.Method.invoke(Method.java:498)
	at org.junit.runners.model.FrameworkMethod$1.runReflectiveCall(FrameworkMethod.java:50)
	at org.junit.internal.runners.model.ReflectiveCallable.run(ReflectiveCallable.java:12)
	at org.junit.runners.model.FrameworkMethod.invokeExplosively(FrameworkMethod.java:47)
	at org.junit.internal.runners.statements.InvokeMethod.evaluate(InvokeMethod.java:17)
	at org.junit.internal.runners.statements.RunAfters.evaluate(RunAfters.java:27)
	at org.junit.internal.runners.statements.FailOnTimeout$CallableStatement.call(FailOnTimeout.java:298)
	at org.junit.internal.runners.statements.FailOnTimeout$CallableStatement.call(FailOnTimeout.java:292)
	at java.util.concurrent.FutureTask.run(FutureTask.java:266)
	at java.lang.Thread.run(Thread.java:748)
2019-09-24 12:01:01,897 INFO  impl.LeaderElection (LeaderElection.java:askForVotes(178)) - s2@group-3D81F66BC438-LeaderElection147: begin an election at term 404 for 9: [s0:0.0.0.0:42154, s1:0.0.0.0:36158, s2:0.0.0.0:36910], old=null
2019-09-24 12:01:01,898 DEBUG impl.RaftServerImpl (RaftServerImpl.java:requestVote(743)) - s0@group-3D81F66BC438: receive requestVote(s2, group-3D81F66BC438, 404, (t:13, i:10))
2019-09-24 12:01:01,898 INFO  impl.RaftServerImpl (RaftServerImpl.java:setRole(170)) - s0@group-3D81F66BC438: changes role from  FOLLOWER to FOLLOWER at term 404 for recognizeCandidate:s2
2019-09-24 12:01:01,898 INFO  impl.RoleInfo (RoleInfo.java:shutdownFollowerState(121)) - s0: shutdown FollowerState
2019-09-24 12:01:01,898 INFO  impl.RoleInfo (RoleInfo.java:updateAndGet(143)) - s0: start FollowerState
2019-09-24 12:01:01,898 INFO  impl.FollowerState (FollowerState.java:run(117)) - s0@group-3D81F66BC438-FollowerState was interrupted: java.lang.InterruptedException: sleep interrupted
2019-09-24 12:01:01,915 DEBUG impl.RaftServerImpl (RaftServerImpl.java:requestVote(775)) - s0@group-3D81F66BC438 replies to vote request: s2<-s0#0:FAIL-t404. Peer's state: s0@group-3D81F66BC438:t404, leader=null, voted=null, raftlog=s0@group-3D81F66BC438-SegmentedRaftLog:OPENED:c11,f12,i12, conf=11: [s0:0.0.0.0:42154, s1:0.0.0.0:36158, s2:0.0.0.0:36910], old=null
2019-09-24 12:01:02,064 INFO  impl.LeaderElection (LeaderElection.java:logAndReturn(56)) - s1@group-3D81F66BC438-LeaderElection140: Election TIMEOUT; received 1 response(s) [s1<-s0#0:FAIL-t403] and 0 exception(s); s1@group-3D81F66BC438:t403, leader=null, voted=s1, raftlog=s1@group-3D81F66BC438-SegmentedRaftLog:OPENED:c10,f11,i11, conf=11: [s0:0.0.0.0:42154, s1:0.0.0.0:36158, s2:0.0.0.0:36910], old=null
2019-09-24 12:01:02,079 INFO  impl.LeaderElection (LeaderElection.java:askForVotes(178)) - s1@group-3D81F66BC438-LeaderElection140: begin an election at term 404 for 11: [s0:0.0.0.0:42154, s1:0.0.0.0:36158, s2:0.0.0.0:36910], old=null
2019-09-24 12:01:02,079 DEBUG impl.RaftServerImpl (RaftServerImpl.java:requestVote(743)) - s0@group-3D81F66BC438: receive requestVote(s1, group-3D81F66BC438, 404, (t:14, i:11))
2019-09-24 12:01:02,079 INFO  impl.RaftServerImpl (RaftServerImpl.java:setRole(170)) - s0@group-3D81F66BC438: changes role from  FOLLOWER to FOLLOWER at term 404 for recognizeCandidate:s1
2019-09-24 12:01:02,080 INFO  impl.RoleInfo (RoleInfo.java:shutdownFollowerState(121)) - s0: shutdown FollowerState
2019-09-24 12:01:02,080 INFO  impl.RoleInfo (RoleInfo.java:updateAndGet(143)) - s0: start FollowerState
2019-09-24 12:01:02,080 INFO  impl.FollowerState (FollowerState.java:run(117)) - s0@group-3D81F66BC438-FollowerState was interrupted: java.lang.InterruptedException: sleep interrupted
2019-09-24 12:01:02,080 DEBUG impl.RaftServerImpl (RaftServerImpl.java:requestVote(775)) - s0@group-3D81F66BC438 replies to vote request: s1<-s0#0:FAIL-t404. Peer's state: s0@group-3D81F66BC438:t404, leader=null, voted=null, raftlog=s0@group-3D81F66BC438-SegmentedRaftLog:OPENED:c11,f12,i12, conf=11: [s0:0.0.0.0:42154, s1:0.0.0.0:36158, s2:0.0.0.0:36910], old=null
2019-09-24 12:01:02,108 INFO  impl.LeaderElection (LeaderElection.java:logAndReturn(56)) - s2@group-3D81F66BC438-LeaderElection147: Election TIMEOUT; received 1 response(s) [s2<-s0#0:FAIL-t404] and 0 exception(s); s2@group-3D81F66BC438:t404, leader=null, voted=s2, raftlog=s2@group-3D81F66BC438-SegmentedRaftLog:OPENED:c10,f10,i10, conf=9: [s0:0.0.0.0:42154, s1:0.0.0.0:36158, s2:0.0.0.0:36910], old=null
2019-09-24 12:01:02,121 INFO  impl.LeaderElection (LeaderElection.java:askForVotes(178)) - s2@group-3D81F66BC438-LeaderElection147: begin an election at term 405 for 9: [s0:0.0.0.0:42154, s1:0.0.0.0:36158, s2:0.0.0.0:36910], old=null
2019-09-24 12:01:02,122 DEBUG impl.RaftServerImpl (RaftServerImpl.java:requestVote(743)) - s0@group-3D81F66BC438: receive requestVote(s2, group-3D81F66BC438, 405, (t:13, i:10))
2019-09-24 12:01:02,122 INFO  impl.RaftServerImpl (RaftServerImpl.java:setRole(170)) - s0@group-3D81F66BC438: changes role from  FOLLOWER to FOLLOWER at term 405 for recognizeCandidate:s2
2019-09-24 12:01:02,122 INFO  impl.RoleInfo (RoleInfo.java:shutdownFollowerState(121)) - s0: shutdown FollowerState
2019-09-24 12:01:02,122 INFO  impl.RoleInfo (RoleInfo.java:updateAndGet(143)) - s0: start FollowerState
2019-09-24 12:01:02,122 INFO  impl.FollowerState (FollowerState.java:run(117)) - s0@group-3D81F66BC438-FollowerState was interrupted: java.lang.InterruptedException: sleep interrupted
2019-09-24 12:01:02,145 DEBUG impl.RaftServerImpl (RaftServerImpl.java:requestVote(775)) - s0@group-3D81F66BC438 replies to vote request: s2<-s0#0:FAIL-t405. Peer's state: s0@group-3D81F66BC438:t405, leader=null, voted=null, raftlog=s0@group-3D81F66BC438-SegmentedRaftLog:OPENED:c11,f12,i12, conf=11: [s0:0.0.0.0:42154, s1:0.0.0.0:36158, s2:0.0.0.0:36910], old=null
2019-09-24 12:01:02,312 INFO  impl.FollowerState (FollowerState.java:run(108)) - s0@group-3D81F66BC438-FollowerState: change to CANDIDATE, lastRpcTime:189ms, electionTimeout:189ms
2019-09-24 12:01:02,312 INFO  impl.RoleInfo (RoleInfo.java:shutdownFollowerState(121)) - s0: shutdown FollowerState
2019-09-24 12:01:02,312 INFO  impl.RaftServerImpl (RaftServerImpl.java:setRole(170)) - s0@group-3D81F66BC438: changes role from  FOLLOWER to CANDIDATE at term 405 for changeToCandidate
2019-09-24 12:01:02,312 INFO  impl.RoleInfo (RoleInfo.java:updateAndGet(143)) - s0: start LeaderElection
2019-09-24 12:01:02,327 INFO  impl.LeaderElection (LeaderElection.java:askForVotes(178)) - s0@group-3D81F66BC438-LeaderElection149: begin an election at term 406 for 11: [s0:0.0.0.0:42154, s1:0.0.0.0:36158, s2:0.0.0.0:36910], old=null
2019-09-24 12:01:02,339 WARN  ratis.RaftTestUtil (JavaUtils.java:attempt(158)) - FAILED "waitForLeader-null-(expectLeader? true)", attempt #3/100: java.lang.IllegalStateException: No leader yet : printing ALL groups
  s0:  RUNNING CANDIDATE s0@group-3D81F66BC438:t406, leader=null, voted=s0, raftlog=s0@group-3D81F66BC438-SegmentedRaftLog:OPENED:c11,f12,i12, conf=11: [s0:0.0.0.0:42154, s1:0.0.0.0:36158, s2:0.0.0.0:36910], old=null RUNNING
  s1:  RUNNING CANDIDATE s1@group-3D81F66BC438:t404, leader=null, voted=s1, raftlog=s1@group-3D81F66BC438-SegmentedRaftLog:OPENED:c10,f11,i11, conf=11: [s0:0.0.0.0:42154, s1:0.0.0.0:36158, s2:0.0.0.0:36910], old=null RUNNING
  s2:  RUNNING CANDIDATE s2@group-3D81F66BC438:t405, leader=null, voted=s2, raftlog=s2@group-3D81F66BC438-SegmentedRaftLog:OPENED:c10,f10,i10, conf=9: [s0:0.0.0.0:42154, s1:0.0.0.0:36158, s2:0.0.0.0:36910], old=null RUNNING, sleep 450ms and then retry.
java.lang.IllegalStateException: No leader yet : printing ALL groups
  s0:  RUNNING CANDIDATE s0@group-3D81F66BC438:t406, leader=null, voted=s0, raftlog=s0@group-3D81F66BC438-SegmentedRaftLog:OPENED:c11,f12,i12, conf=11: [s0:0.0.0.0:42154, s1:0.0.0.0:36158, s2:0.0.0.0:36910], old=null RUNNING
  s1:  RUNNING CANDIDATE s1@group-3D81F66BC438:t404, leader=null, voted=s1, raftlog=s1@group-3D81F66BC438-SegmentedRaftLog:OPENED:c10,f11,i11, conf=11: [s0:0.0.0.0:42154, s1:0.0.0.0:36158, s2:0.0.0.0:36910], old=null RUNNING
  s2:  RUNNING CANDIDATE s2@group-3D81F66BC438:t405, leader=null, voted=s2, raftlog=s2@group-3D81F66BC438-SegmentedRaftLog:OPENED:c10,f10,i10, conf=9: [s0:0.0.0.0:42154, s1:0.0.0.0:36158, s2:0.0.0.0:36910], old=null RUNNING
	at org.apache.ratis.MiniRaftCluster.newIllegalStateExceptionForNoLeaders(MiniRaftCluster.java:506)
	at org.apache.ratis.RaftTestUtil.lambda$waitForLeader$1(RaftTestUtil.java:90)
	at org.apache.ratis.MiniRaftCluster.getLeader(MiniRaftCluster.java:539)
	at org.apache.ratis.MiniRaftCluster.getLeader(MiniRaftCluster.java:532)
	at org.apache.ratis.RaftTestUtil.lambda$waitForLeader$3(RaftTestUtil.java:98)
	at org.apache.ratis.util.JavaUtils.attempt(JavaUtils.java:152)
	at org.apache.ratis.RaftTestUtil.waitForLeader(RaftTestUtil.java:97)
	at org.apache.ratis.RaftTestUtil.waitForLeader(RaftTestUtil.java:77)
	at org.apache.ratis.RaftTestUtil.waitForLeader(RaftTestUtil.java:72)
	at org.apache.ratis.RaftTestUtil.lambda$changeLeader$7(RaftTestUtil.java:363)
	at org.apache.ratis.util.JavaUtils.attempt(JavaUtils.java:152)
	at org.apache.ratis.RaftTestUtil.changeLeader(RaftTestUtil.java:362)
	at org.apache.ratis.server.impl.LeaderElectionTests.testChangeLeader(LeaderElectionTests.java:81)
	at sun.reflect.NativeMethodAccessorImpl.invoke0(Native Method)
	at sun.reflect.NativeMethodAccessorImpl.invoke(NativeMethodAccessorImpl.java:62)
	at sun.reflect.DelegatingMethodAccessorImpl.invoke(DelegatingMethodAccessorImpl.java:43)
	at java.lang.reflect.Method.invoke(Method.java:498)
	at org.junit.runners.model.FrameworkMethod$1.runReflectiveCall(FrameworkMethod.java:50)
	at org.junit.internal.runners.model.ReflectiveCallable.run(ReflectiveCallable.java:12)
	at org.junit.runners.model.FrameworkMethod.invokeExplosively(FrameworkMethod.java:47)
	at org.junit.internal.runners.statements.InvokeMethod.evaluate(InvokeMethod.java:17)
	at org.junit.internal.runners.statements.RunAfters.evaluate(RunAfters.java:27)
	at org.junit.internal.runners.statements.FailOnTimeout$CallableStatement.call(FailOnTimeout.java:298)
	at org.junit.internal.runners.statements.FailOnTimeout$CallableStatement.call(FailOnTimeout.java:292)
	at java.util.concurrent.FutureTask.run(FutureTask.java:266)
	at java.lang.Thread.run(Thread.java:748)
2019-09-24 12:01:02,349 INFO  impl.LeaderElection (LeaderElection.java:logAndReturn(56)) - s1@group-3D81F66BC438-LeaderElection140: Election TIMEOUT; received 1 response(s) [s1<-s0#0:FAIL-t404] and 0 exception(s); s1@group-3D81F66BC438:t404, leader=null, voted=s1, raftlog=s1@group-3D81F66BC438-SegmentedRaftLog:OPENED:c10,f11,i11, conf=11: [s0:0.0.0.0:42154, s1:0.0.0.0:36158, s2:0.0.0.0:36910], old=null
2019-09-24 12:01:02,362 INFO  impl.LeaderElection (LeaderElection.java:askForVotes(178)) - s1@group-3D81F66BC438-LeaderElection140: begin an election at term 405 for 11: [s0:0.0.0.0:42154, s1:0.0.0.0:36158, s2:0.0.0.0:36910], old=null
2019-09-24 12:01:02,363 DEBUG impl.RaftServerImpl (RaftServerImpl.java:requestVote(743)) - s0@group-3D81F66BC438: receive requestVote(s1, group-3D81F66BC438, 405, (t:14, i:11))
2019-09-24 12:01:02,363 DEBUG impl.RaftServerImpl (RaftServerImpl.java:requestVote(775)) - s0@group-3D81F66BC438 replies to vote request: s1<-s0#0:FAIL-t406. Peer's state: s0@group-3D81F66BC438:t406, leader=null, voted=s0, raftlog=s0@group-3D81F66BC438-SegmentedRaftLog:OPENED:c11,f12,i12, conf=11: [s0:0.0.0.0:42154, s1:0.0.0.0:36158, s2:0.0.0.0:36910], old=null
2019-09-24 12:01:02,363 INFO  impl.LeaderElection (LeaderElection.java:logAndReturn(56)) - s1@group-3D81F66BC438-LeaderElection140: Election DISCOVERED_A_NEW_TERM; received 1 response(s) [s1<-s0#0:FAIL-t406] and 0 exception(s); s1@group-3D81F66BC438:t405, leader=null, voted=s1, raftlog=s1@group-3D81F66BC438-SegmentedRaftLog:OPENED:c10,f11,i11, conf=11: [s0:0.0.0.0:42154, s1:0.0.0.0:36158, s2:0.0.0.0:36910], old=null
2019-09-24 12:01:02,364 INFO  impl.RaftServerImpl (RaftServerImpl.java:setRole(170)) - s1@group-3D81F66BC438: changes role from CANDIDATE to FOLLOWER at term 406 for DISCOVERED_A_NEW_TERM
2019-09-24 12:01:02,364 INFO  impl.RoleInfo (RoleInfo.java:shutdownLeaderElection(134)) - s1: shutdown LeaderElection
2019-09-24 12:01:02,364 INFO  impl.RoleInfo (RoleInfo.java:updateAndGet(143)) - s1: start FollowerState
2019-09-24 12:01:02,409 INFO  impl.LeaderElection (LeaderElection.java:logAndReturn(56)) - s2@group-3D81F66BC438-LeaderElection147: Election TIMEOUT; received 1 response(s) [s2<-s0#0:FAIL-t405] and 0 exception(s); s2@group-3D81F66BC438:t405, leader=null, voted=s2, raftlog=s2@group-3D81F66BC438-SegmentedRaftLog:OPENED:c10,f10,i10, conf=9: [s0:0.0.0.0:42154, s1:0.0.0.0:36158, s2:0.0.0.0:36910], old=null
2019-09-24 12:01:02,423 INFO  impl.LeaderElection (LeaderElection.java:askForVotes(178)) - s2@group-3D81F66BC438-LeaderElection147: begin an election at term 406 for 9: [s0:0.0.0.0:42154, s1:0.0.0.0:36158, s2:0.0.0.0:36910], old=null
2019-09-24 12:01:02,423 DEBUG impl.RaftServerImpl (RaftServerImpl.java:requestVote(743)) - s0@group-3D81F66BC438: receive requestVote(s2, group-3D81F66BC438, 406, (t:13, i:10))
2019-09-24 12:01:02,423 DEBUG impl.RaftServerImpl (RaftServerImpl.java:requestVote(775)) - s0@group-3D81F66BC438 replies to vote request: s2<-s0#0:FAIL-t406. Peer's state: s0@group-3D81F66BC438:t406, leader=null, voted=s0, raftlog=s0@group-3D81F66BC438-SegmentedRaftLog:OPENED:c11,f12,i12, conf=11: [s0:0.0.0.0:42154, s1:0.0.0.0:36158, s2:0.0.0.0:36910], old=null
2019-09-24 12:01:02,548 INFO  impl.FollowerState (FollowerState.java:run(108)) - s1@group-3D81F66BC438-FollowerState: change to CANDIDATE, lastRpcTime:184ms, electionTimeout:184ms
2019-09-24 12:01:02,548 INFO  impl.RoleInfo (RoleInfo.java:shutdownFollowerState(121)) - s1: shutdown FollowerState
2019-09-24 12:01:02,549 INFO  impl.RaftServerImpl (RaftServerImpl.java:setRole(170)) - s1@group-3D81F66BC438: changes role from  FOLLOWER to CANDIDATE at term 406 for changeToCandidate
2019-09-24 12:01:02,549 INFO  impl.RoleInfo (RoleInfo.java:updateAndGet(143)) - s1: start LeaderElection
2019-09-24 12:01:02,562 INFO  impl.LeaderElection (LeaderElection.java:askForVotes(178)) - s1@group-3D81F66BC438-LeaderElection150: begin an election at term 407 for 11: [s0:0.0.0.0:42154, s1:0.0.0.0:36158, s2:0.0.0.0:36910], old=null
2019-09-24 12:01:02,563 DEBUG impl.RaftServerImpl (RaftServerImpl.java:requestVote(743)) - s0@group-3D81F66BC438: receive requestVote(s1, group-3D81F66BC438, 407, (t:14, i:11))
2019-09-24 12:01:02,563 INFO  impl.RaftServerImpl (RaftServerImpl.java:setRole(170)) - s0@group-3D81F66BC438: changes role from CANDIDATE to FOLLOWER at term 407 for recognizeCandidate:s1
2019-09-24 12:01:02,563 INFO  impl.RoleInfo (RoleInfo.java:shutdownLeaderElection(134)) - s0: shutdown LeaderElection
2019-09-24 12:01:02,563 INFO  impl.RoleInfo (RoleInfo.java:updateAndGet(143)) - s0: start FollowerState
2019-09-24 12:01:02,576 DEBUG impl.RaftServerImpl (RaftServerImpl.java:requestVote(775)) - s0@group-3D81F66BC438 replies to vote request: s1<-s0#0:FAIL-t407. Peer's state: s0@group-3D81F66BC438:t407, leader=null, voted=null, raftlog=s0@group-3D81F66BC438-SegmentedRaftLog:OPENED:c11,f12,i12, conf=11: [s0:0.0.0.0:42154, s1:0.0.0.0:36158, s2:0.0.0.0:36910], old=null
2019-09-24 12:01:02,582 INFO  impl.LeaderElection (LeaderElection.java:logAndReturn(56)) - s0@group-3D81F66BC438-LeaderElection149: Election REJECTED; received 0 response(s) [] and 0 exception(s); s0@group-3D81F66BC438:t407, leader=null, voted=null, raftlog=s0@group-3D81F66BC438-SegmentedRaftLog:OPENED:c11,f12,i12, conf=11: [s0:0.0.0.0:42154, s1:0.0.0.0:36158, s2:0.0.0.0:36910], old=null
2019-09-24 12:01:02,707 INFO  impl.LeaderElection (LeaderElection.java:logAndReturn(56)) - s2@group-3D81F66BC438-LeaderElection147: Election TIMEOUT; received 1 response(s) [s2<-s0#0:FAIL-t406] and 0 exception(s); s2@group-3D81F66BC438:t406, leader=null, voted=s2, raftlog=s2@group-3D81F66BC438-SegmentedRaftLog:OPENED:c10,f10,i10, conf=9: [s0:0.0.0.0:42154, s1:0.0.0.0:36158, s2:0.0.0.0:36910], old=null
2019-09-24 12:01:02,714 INFO  impl.FollowerState (FollowerState.java:run(108)) - s0@group-3D81F66BC438-FollowerState: change to CANDIDATE, lastRpcTime:150ms, electionTimeout:150ms
2019-09-24 12:01:02,714 INFO  impl.RoleInfo (RoleInfo.java:shutdownFollowerState(121)) - s0: shutdown FollowerState
2019-09-24 12:01:02,714 INFO  impl.RaftServerImpl (RaftServerImpl.java:setRole(170)) - s0@group-3D81F66BC438: changes role from  FOLLOWER to CANDIDATE at term 407 for changeToCandidate
2019-09-24 12:01:02,714 INFO  impl.RoleInfo (RoleInfo.java:updateAndGet(143)) - s0: start LeaderElection
2019-09-24 12:01:02,721 INFO  impl.LeaderElection (LeaderElection.java:askForVotes(178)) - s2@group-3D81F66BC438-LeaderElection147: begin an election at term 407 for 9: [s0:0.0.0.0:42154, s1:0.0.0.0:36158, s2:0.0.0.0:36910], old=null
2019-09-24 12:01:02,721 INFO  impl.LeaderElection (LeaderElection.java:askForVotes(178)) - s0@group-3D81F66BC438-LeaderElection151: begin an election at term 408 for 11: [s0:0.0.0.0:42154, s1:0.0.0.0:36158, s2:0.0.0.0:36910], old=null
2019-09-24 12:01:02,722 DEBUG impl.RaftServerImpl (RaftServerImpl.java:requestVote(743)) - s0@group-3D81F66BC438: receive requestVote(s2, group-3D81F66BC438, 407, (t:13, i:10))
2019-09-24 12:01:02,722 DEBUG impl.RaftServerImpl (RaftServerImpl.java:requestVote(775)) - s0@group-3D81F66BC438 replies to vote request: s2<-s0#0:FAIL-t408. Peer's state: s0@group-3D81F66BC438:t408, leader=null, voted=s0, raftlog=s0@group-3D81F66BC438-SegmentedRaftLog:OPENED:c11,f12,i12, conf=11: [s0:0.0.0.0:42154, s1:0.0.0.0:36158, s2:0.0.0.0:36910], old=null
2019-09-24 12:01:02,722 INFO  impl.LeaderElection (LeaderElection.java:logAndReturn(56)) - s2@group-3D81F66BC438-LeaderElection147: Election DISCOVERED_A_NEW_TERM; received 1 response(s) [s2<-s0#0:FAIL-t408] and 0 exception(s); s2@group-3D81F66BC438:t407, leader=null, voted=s2, raftlog=s2@group-3D81F66BC438-SegmentedRaftLog:OPENED:c10,f10,i10, conf=9: [s0:0.0.0.0:42154, s1:0.0.0.0:36158, s2:0.0.0.0:36910], old=null
2019-09-24 12:01:02,722 INFO  impl.RaftServerImpl (RaftServerImpl.java:setRole(170)) - s2@group-3D81F66BC438: changes role from CANDIDATE to FOLLOWER at term 408 for DISCOVERED_A_NEW_TERM
2019-09-24 12:01:02,722 INFO  impl.RoleInfo (RoleInfo.java:shutdownLeaderElection(134)) - s2: shutdown LeaderElection
2019-09-24 12:01:02,723 INFO  impl.RoleInfo (RoleInfo.java:updateAndGet(143)) - s2: start FollowerState
2019-09-24 12:01:02,790 WARN  ratis.RaftTestUtil (JavaUtils.java:attempt(158)) - FAILED "waitForLeader-null-(expectLeader? true)", attempt #4/100: java.lang.IllegalStateException: No leader yet : printing ALL groups
  s0:  RUNNING CANDIDATE s0@group-3D81F66BC438:t408, leader=null, voted=s0, raftlog=s0@group-3D81F66BC438-SegmentedRaftLog:OPENED:c11,f12,i12, conf=11: [s0:0.0.0.0:42154, s1:0.0.0.0:36158, s2:0.0.0.0:36910], old=null RUNNING
  s1:  RUNNING CANDIDATE s1@group-3D81F66BC438:t407, leader=null, voted=s1, raftlog=s1@group-3D81F66BC438-SegmentedRaftLog:OPENED:c10,f11,i11, conf=11: [s0:0.0.0.0:42154, s1:0.0.0.0:36158, s2:0.0.0.0:36910], old=null RUNNING
  s2:  RUNNING  FOLLOWER s2@group-3D81F66BC438:t408, leader=null, voted=null, raftlog=s2@group-3D81F66BC438-SegmentedRaftLog:OPENED:c10,f10,i10, conf=9: [s0:0.0.0.0:42154, s1:0.0.0.0:36158, s2:0.0.0.0:36910], old=null RUNNING, sleep 450ms and then retry.
java.lang.IllegalStateException: No leader yet : printing ALL groups
  s0:  RUNNING CANDIDATE s0@group-3D81F66BC438:t408, leader=null, voted=s0, raftlog=s0@group-3D81F66BC438-SegmentedRaftLog:OPENED:c11,f12,i12, conf=11: [s0:0.0.0.0:42154, s1:0.0.0.0:36158, s2:0.0.0.0:36910], old=null RUNNING
  s1:  RUNNING CANDIDATE s1@group-3D81F66BC438:t407, leader=null, voted=s1, raftlog=s1@group-3D81F66BC438-SegmentedRaftLog:OPENED:c10,f11,i11, conf=11: [s0:0.0.0.0:42154, s1:0.0.0.0:36158, s2:0.0.0.0:36910], old=null RUNNING
  s2:  RUNNING  FOLLOWER s2@group-3D81F66BC438:t408, leader=null, voted=null, raftlog=s2@group-3D81F66BC438-SegmentedRaftLog:OPENED:c10,f10,i10, conf=9: [s0:0.0.0.0:42154, s1:0.0.0.0:36158, s2:0.0.0.0:36910], old=null RUNNING
	at org.apache.ratis.MiniRaftCluster.newIllegalStateExceptionForNoLeaders(MiniRaftCluster.java:506)
	at org.apache.ratis.RaftTestUtil.lambda$waitForLeader$1(RaftTestUtil.java:90)
	at org.apache.ratis.MiniRaftCluster.getLeader(MiniRaftCluster.java:539)
	at org.apache.ratis.MiniRaftCluster.getLeader(MiniRaftCluster.java:532)
	at org.apache.ratis.RaftTestUtil.lambda$waitForLeader$3(RaftTestUtil.java:98)
	at org.apache.ratis.util.JavaUtils.attempt(JavaUtils.java:152)
	at org.apache.ratis.RaftTestUtil.waitForLeader(RaftTestUtil.java:97)
	at org.apache.ratis.RaftTestUtil.waitForLeader(RaftTestUtil.java:77)
	at org.apache.ratis.RaftTestUtil.waitForLeader(RaftTestUtil.java:72)
	at org.apache.ratis.RaftTestUtil.lambda$changeLeader$7(RaftTestUtil.java:363)
	at org.apache.ratis.util.JavaUtils.attempt(JavaUtils.java:152)
	at org.apache.ratis.RaftTestUtil.changeLeader(RaftTestUtil.java:362)
	at org.apache.ratis.server.impl.LeaderElectionTests.testChangeLeader(LeaderElectionTests.java:81)
	at sun.reflect.NativeMethodAccessorImpl.invoke0(Native Method)
	at sun.reflect.NativeMethodAccessorImpl.invoke(NativeMethodAccessorImpl.java:62)
	at sun.reflect.DelegatingMethodAccessorImpl.invoke(DelegatingMethodAccessorImpl.java:43)
	at java.lang.reflect.Method.invoke(Method.java:498)
	at org.junit.runners.model.FrameworkMethod$1.runReflectiveCall(FrameworkMethod.java:50)
	at org.junit.internal.runners.model.ReflectiveCallable.run(ReflectiveCallable.java:12)
	at org.junit.runners.model.FrameworkMethod.invokeExplosively(FrameworkMethod.java:47)
	at org.junit.internal.runners.statements.InvokeMethod.evaluate(InvokeMethod.java:17)
	at org.junit.internal.runners.statements.RunAfters.evaluate(RunAfters.java:27)
	at org.junit.internal.runners.statements.FailOnTimeout$CallableStatement.call(FailOnTimeout.java:298)
	at org.junit.internal.runners.statements.FailOnTimeout$CallableStatement.call(FailOnTimeout.java:292)
	at java.util.concurrent.FutureTask.run(FutureTask.java:266)
	at java.lang.Thread.run(Thread.java:748)
2019-09-24 12:01:02,792 INFO  impl.LeaderElection (LeaderElection.java:logAndReturn(56)) - s1@group-3D81F66BC438-LeaderElection150: Election TIMEOUT; received 1 response(s) [s1<-s0#0:FAIL-t407] and 0 exception(s); s1@group-3D81F66BC438:t407, leader=null, voted=s1, raftlog=s1@group-3D81F66BC438-SegmentedRaftLog:OPENED:c10,f11,i11, conf=11: [s0:0.0.0.0:42154, s1:0.0.0.0:36158, s2:0.0.0.0:36910], old=null
2019-09-24 12:01:02,805 INFO  impl.LeaderElection (LeaderElection.java:askForVotes(178)) - s1@group-3D81F66BC438-LeaderElection150: begin an election at term 408 for 11: [s0:0.0.0.0:42154, s1:0.0.0.0:36158, s2:0.0.0.0:36910], old=null
2019-09-24 12:01:02,805 DEBUG impl.RaftServerImpl (RaftServerImpl.java:requestVote(743)) - s0@group-3D81F66BC438: receive requestVote(s1, group-3D81F66BC438, 408, (t:14, i:11))
2019-09-24 12:01:02,805 DEBUG impl.RaftServerImpl (RaftServerImpl.java:requestVote(775)) - s0@group-3D81F66BC438 replies to vote request: s1<-s0#0:FAIL-t408. Peer's state: s0@group-3D81F66BC438:t408, leader=null, voted=s0, raftlog=s0@group-3D81F66BC438-SegmentedRaftLog:OPENED:c11,f12,i12, conf=11: [s0:0.0.0.0:42154, s1:0.0.0.0:36158, s2:0.0.0.0:36910], old=null
2019-09-24 12:01:02,975 INFO  impl.LeaderElection (LeaderElection.java:logAndReturn(56)) - s1@group-3D81F66BC438-LeaderElection150: Election TIMEOUT; received 1 response(s) [s1<-s0#0:FAIL-t408] and 0 exception(s); s1@group-3D81F66BC438:t408, leader=null, voted=s1, raftlog=s1@group-3D81F66BC438-SegmentedRaftLog:OPENED:c10,f11,i11, conf=11: [s0:0.0.0.0:42154, s1:0.0.0.0:36158, s2:0.0.0.0:36910], old=null
2019-09-24 12:01:02,990 INFO  impl.LeaderElection (LeaderElection.java:askForVotes(178)) - s1@group-3D81F66BC438-LeaderElection150: begin an election at term 409 for 11: [s0:0.0.0.0:42154, s1:0.0.0.0:36158, s2:0.0.0.0:36910], old=null
2019-09-24 12:01:02,991 DEBUG impl.RaftServerImpl (RaftServerImpl.java:requestVote(743)) - s0@group-3D81F66BC438: receive requestVote(s1, group-3D81F66BC438, 409, (t:14, i:11))
2019-09-24 12:01:02,991 INFO  impl.RaftServerImpl (RaftServerImpl.java:setRole(170)) - s0@group-3D81F66BC438: changes role from CANDIDATE to FOLLOWER at term 409 for recognizeCandidate:s1
2019-09-24 12:01:02,991 INFO  impl.RoleInfo (RoleInfo.java:shutdownLeaderElection(134)) - s0: shutdown LeaderElection
2019-09-24 12:01:02,991 INFO  impl.RoleInfo (RoleInfo.java:updateAndGet(143)) - s0: start FollowerState
2019-09-24 12:01:03,004 DEBUG impl.RaftServerImpl (RaftServerImpl.java:requestVote(775)) - s0@group-3D81F66BC438 replies to vote request: s1<-s0#0:FAIL-t409. Peer's state: s0@group-3D81F66BC438:t409, leader=null, voted=null, raftlog=s0@group-3D81F66BC438-SegmentedRaftLog:OPENED:c11,f12,i12, conf=11: [s0:0.0.0.0:42154, s1:0.0.0.0:36158, s2:0.0.0.0:36910], old=null
2019-09-24 12:01:03,016 INFO  impl.LeaderElection (LeaderElection.java:logAndReturn(56)) - s0@group-3D81F66BC438-LeaderElection151: Election REJECTED; received 0 response(s) [] and 0 exception(s); s0@group-3D81F66BC438:t409, leader=null, voted=null, raftlog=s0@group-3D81F66BC438-SegmentedRaftLog:OPENED:c11,f12,i12, conf=11: [s0:0.0.0.0:42154, s1:0.0.0.0:36158, s2:0.0.0.0:36910], old=null
2019-09-24 12:01:03,019 INFO  impl.FollowerState (FollowerState.java:run(108)) - s2@group-3D81F66BC438-FollowerState: change to CANDIDATE, lastRpcTime:296ms, electionTimeout:296ms
2019-09-24 12:01:03,019 INFO  impl.RoleInfo (RoleInfo.java:shutdownFollowerState(121)) - s2: shutdown FollowerState
2019-09-24 12:01:03,019 INFO  impl.RaftServerImpl (RaftServerImpl.java:setRole(170)) - s2@group-3D81F66BC438: changes role from  FOLLOWER to CANDIDATE at term 408 for changeToCandidate
2019-09-24 12:01:03,020 INFO  impl.RoleInfo (RoleInfo.java:updateAndGet(143)) - s2: start LeaderElection
2019-09-24 12:01:03,033 INFO  impl.LeaderElection (LeaderElection.java:askForVotes(178)) - s2@group-3D81F66BC438-LeaderElection152: begin an election at term 409 for 9: [s0:0.0.0.0:42154, s1:0.0.0.0:36158, s2:0.0.0.0:36910], old=null
2019-09-24 12:01:03,033 DEBUG impl.RaftServerImpl (RaftServerImpl.java:requestVote(743)) - s0@group-3D81F66BC438: receive requestVote(s2, group-3D81F66BC438, 409, (t:13, i:10))
2019-09-24 12:01:03,034 INFO  impl.RaftServerImpl (RaftServerImpl.java:setRole(170)) - s0@group-3D81F66BC438: changes role from  FOLLOWER to FOLLOWER at term 409 for recognizeCandidate:s2
2019-09-24 12:01:03,034 INFO  impl.RoleInfo (RoleInfo.java:shutdownFollowerState(121)) - s0: shutdown FollowerState
2019-09-24 12:01:03,034 INFO  impl.RoleInfo (RoleInfo.java:updateAndGet(143)) - s0: start FollowerState
2019-09-24 12:01:03,034 INFO  impl.FollowerState (FollowerState.java:run(117)) - s0@group-3D81F66BC438-FollowerState was interrupted: java.lang.InterruptedException: sleep interrupted
2019-09-24 12:01:03,034 DEBUG impl.RaftServerImpl (RaftServerImpl.java:requestVote(775)) - s0@group-3D81F66BC438 replies to vote request: s2<-s0#0:FAIL-t409. Peer's state: s0@group-3D81F66BC438:t409, leader=null, voted=null, raftlog=s0@group-3D81F66BC438-SegmentedRaftLog:OPENED:c11,f12,i12, conf=11: [s0:0.0.0.0:42154, s1:0.0.0.0:36158, s2:0.0.0.0:36910], old=null
2019-09-24 12:01:03,217 INFO  impl.LeaderElection (LeaderElection.java:logAndReturn(56)) - s1@group-3D81F66BC438-LeaderElection150: Election TIMEOUT; received 1 response(s) [s1<-s0#0:FAIL-t409] and 0 exception(s); s1@group-3D81F66BC438:t409, leader=null, voted=s1, raftlog=s1@group-3D81F66BC438-SegmentedRaftLog:OPENED:c10,f11,i11, conf=11: [s0:0.0.0.0:42154, s1:0.0.0.0:36158, s2:0.0.0.0:36910], old=null
2019-09-24 12:01:03,229 INFO  impl.LeaderElection (LeaderElection.java:askForVotes(178)) - s1@group-3D81F66BC438-LeaderElection150: begin an election at term 410 for 11: [s0:0.0.0.0:42154, s1:0.0.0.0:36158, s2:0.0.0.0:36910], old=null
2019-09-24 12:01:03,230 DEBUG impl.RaftServerImpl (RaftServerImpl.java:requestVote(743)) - s0@group-3D81F66BC438: receive requestVote(s1, group-3D81F66BC438, 410, (t:14, i:11))
2019-09-24 12:01:03,230 INFO  impl.RaftServerImpl (RaftServerImpl.java:setRole(170)) - s0@group-3D81F66BC438: changes role from  FOLLOWER to FOLLOWER at term 410 for recognizeCandidate:s1
2019-09-24 12:01:03,230 INFO  impl.RoleInfo (RoleInfo.java:shutdownFollowerState(121)) - s0: shutdown FollowerState
2019-09-24 12:01:03,230 INFO  impl.RoleInfo (RoleInfo.java:updateAndGet(143)) - s0: start FollowerState
2019-09-24 12:01:03,231 INFO  impl.FollowerState (FollowerState.java:run(117)) - s0@group-3D81F66BC438-FollowerState was interrupted: java.lang.InterruptedException: sleep interrupted
2019-09-24 12:01:03,241 WARN  ratis.RaftTestUtil (JavaUtils.java:attempt(158)) - FAILED "waitForLeader-null-(expectLeader? true)", attempt #5/100: java.lang.IllegalStateException: No leader yet : printing ALL groups
  s0:  RUNNING  FOLLOWER s0@group-3D81F66BC438:t410, leader=null, voted=null, raftlog=s0@group-3D81F66BC438-SegmentedRaftLog:OPENED:c11,f12,i12, conf=11: [s0:0.0.0.0:42154, s1:0.0.0.0:36158, s2:0.0.0.0:36910], old=null RUNNING
  s1:  RUNNING CANDIDATE s1@group-3D81F66BC438:t410, leader=null, voted=s1, raftlog=s1@group-3D81F66BC438-SegmentedRaftLog:OPENED:c10,f11,i11, conf=11: [s0:0.0.0.0:42154, s1:0.0.0.0:36158, s2:0.0.0.0:36910], old=null RUNNING
  s2:  RUNNING CANDIDATE s2@group-3D81F66BC438:t409, leader=null, voted=s2, raftlog=s2@group-3D81F66BC438-SegmentedRaftLog:OPENED:c10,f10,i10, conf=9: [s0:0.0.0.0:42154, s1:0.0.0.0:36158, s2:0.0.0.0:36910], old=null RUNNING, sleep 450ms and then retry.
java.lang.IllegalStateException: No leader yet : printing ALL groups
  s0:  RUNNING  FOLLOWER s0@group-3D81F66BC438:t410, leader=null, voted=null, raftlog=s0@group-3D81F66BC438-SegmentedRaftLog:OPENED:c11,f12,i12, conf=11: [s0:0.0.0.0:42154, s1:0.0.0.0:36158, s2:0.0.0.0:36910], old=null RUNNING
  s1:  RUNNING CANDIDATE s1@group-3D81F66BC438:t410, leader=null, voted=s1, raftlog=s1@group-3D81F66BC438-SegmentedRaftLog:OPENED:c10,f11,i11, conf=11: [s0:0.0.0.0:42154, s1:0.0.0.0:36158, s2:0.0.0.0:36910], old=null RUNNING
  s2:  RUNNING CANDIDATE s2@group-3D81F66BC438:t409, leader=null, voted=s2, raftlog=s2@group-3D81F66BC438-SegmentedRaftLog:OPENED:c10,f10,i10, conf=9: [s0:0.0.0.0:42154, s1:0.0.0.0:36158, s2:0.0.0.0:36910], old=null RUNNING
	at org.apache.ratis.MiniRaftCluster.newIllegalStateExceptionForNoLeaders(MiniRaftCluster.java:506)
	at org.apache.ratis.RaftTestUtil.lambda$waitForLeader$1(RaftTestUtil.java:90)
	at org.apache.ratis.MiniRaftCluster.getLeader(MiniRaftCluster.java:539)
	at org.apache.ratis.MiniRaftCluster.getLeader(MiniRaftCluster.java:532)
	at org.apache.ratis.RaftTestUtil.lambda$waitForLeader$3(RaftTestUtil.java:98)
	at org.apache.ratis.util.JavaUtils.attempt(JavaUtils.java:152)
	at org.apache.ratis.RaftTestUtil.waitForLeader(RaftTestUtil.java:97)
	at org.apache.ratis.RaftTestUtil.waitForLeader(RaftTestUtil.java:77)
	at org.apache.ratis.RaftTestUtil.waitForLeader(RaftTestUtil.java:72)
	at org.apache.ratis.RaftTestUtil.lambda$changeLeader$7(RaftTestUtil.java:363)
	at org.apache.ratis.util.JavaUtils.attempt(JavaUtils.java:152)
	at org.apache.ratis.RaftTestUtil.changeLeader(RaftTestUtil.java:362)
	at org.apache.ratis.server.impl.LeaderElectionTests.testChangeLeader(LeaderElectionTests.java:81)
	at sun.reflect.NativeMethodAccessorImpl.invoke0(Native Method)
	at sun.reflect.NativeMethodAccessorImpl.invoke(NativeMethodAccessorImpl.java:62)
	at sun.reflect.DelegatingMethodAccessorImpl.invoke(DelegatingMethodAccessorImpl.java:43)
	at java.lang.reflect.Method.invoke(Method.java:498)
	at org.junit.runners.model.FrameworkMethod$1.runReflectiveCall(FrameworkMethod.java:50)
	at org.junit.internal.runners.model.ReflectiveCallable.run(ReflectiveCallable.java:12)
	at org.junit.runners.model.FrameworkMethod.invokeExplosively(FrameworkMethod.java:47)
	at org.junit.internal.runners.statements.InvokeMethod.evaluate(InvokeMethod.java:17)
	at org.junit.internal.runners.statements.RunAfters.evaluate(RunAfters.java:27)
	at org.junit.internal.runners.statements.FailOnTimeout$CallableStatement.call(FailOnTimeout.java:298)
	at org.junit.internal.runners.statements.FailOnTimeout$CallableStatement.call(FailOnTimeout.java:292)
	at java.util.concurrent.FutureTask.run(FutureTask.java:266)
	at java.lang.Thread.run(Thread.java:748)
2019-09-24 12:01:03,245 INFO  impl.LeaderElection (LeaderElection.java:logAndReturn(56)) - s2@group-3D81F66BC438-LeaderElection152: Election TIMEOUT; received 1 response(s) [s2<-s0#0:FAIL-t409] and 0 exception(s); s2@group-3D81F66BC438:t409, leader=null, voted=s2, raftlog=s2@group-3D81F66BC438-SegmentedRaftLog:OPENED:c10,f10,i10, conf=9: [s0:0.0.0.0:42154, s1:0.0.0.0:36158, s2:0.0.0.0:36910], old=null
2019-09-24 12:01:03,249 INFO  impl.LeaderElection (LeaderElection.java:askForVotes(178)) - s2@group-3D81F66BC438-LeaderElection152: begin an election at term 410 for 9: [s0:0.0.0.0:42154, s1:0.0.0.0:36158, s2:0.0.0.0:36910], old=null
2019-09-24 12:01:03,249 DEBUG impl.RaftServerImpl (RaftServerImpl.java:requestVote(775)) - s0@group-3D81F66BC438 replies to vote request: s1<-s0#0:FAIL-t410. Peer's state: s0@group-3D81F66BC438:t410, leader=null, voted=null, raftlog=s0@group-3D81F66BC438-SegmentedRaftLog:OPENED:c11,f12,i12, conf=11: [s0:0.0.0.0:42154, s1:0.0.0.0:36158, s2:0.0.0.0:36910], old=null
2019-09-24 12:01:03,249 DEBUG impl.RaftServerImpl (RaftServerImpl.java:requestVote(743)) - s0@group-3D81F66BC438: receive requestVote(s2, group-3D81F66BC438, 410, (t:13, i:10))
2019-09-24 12:01:03,250 INFO  impl.RaftServerImpl (RaftServerImpl.java:setRole(170)) - s0@group-3D81F66BC438: changes role from  FOLLOWER to FOLLOWER at term 410 for recognizeCandidate:s2
2019-09-24 12:01:03,250 INFO  impl.RoleInfo (RoleInfo.java:shutdownFollowerState(121)) - s0: shutdown FollowerState
2019-09-24 12:01:03,250 INFO  impl.RoleInfo (RoleInfo.java:updateAndGet(143)) - s0: start FollowerState
2019-09-24 12:01:03,250 INFO  impl.FollowerState (FollowerState.java:run(117)) - s0@group-3D81F66BC438-FollowerState was interrupted: java.lang.InterruptedException: sleep interrupted
2019-09-24 12:01:03,250 DEBUG impl.RaftServerImpl (RaftServerImpl.java:requestVote(775)) - s0@group-3D81F66BC438 replies to vote request: s2<-s0#0:FAIL-t410. Peer's state: s0@group-3D81F66BC438:t410, leader=null, voted=null, raftlog=s0@group-3D81F66BC438-SegmentedRaftLog:OPENED:c11,f12,i12, conf=11: [s0:0.0.0.0:42154, s1:0.0.0.0:36158, s2:0.0.0.0:36910], old=null
2019-09-24 12:01:03,411 INFO  impl.FollowerState (FollowerState.java:run(108)) - s0@group-3D81F66BC438-FollowerState: change to CANDIDATE, lastRpcTime:161ms, electionTimeout:161ms
2019-09-24 12:01:03,412 INFO  impl.RoleInfo (RoleInfo.java:shutdownFollowerState(121)) - s0: shutdown FollowerState
2019-09-24 12:01:03,412 INFO  impl.RaftServerImpl (RaftServerImpl.java:setRole(170)) - s0@group-3D81F66BC438: changes role from  FOLLOWER to CANDIDATE at term 410 for changeToCandidate
2019-09-24 12:01:03,412 INFO  impl.RoleInfo (RoleInfo.java:updateAndGet(143)) - s0: start LeaderElection
2019-09-24 12:01:03,437 INFO  impl.LeaderElection (LeaderElection.java:askForVotes(178)) - s0@group-3D81F66BC438-LeaderElection153: begin an election at term 411 for 11: [s0:0.0.0.0:42154, s1:0.0.0.0:36158, s2:0.0.0.0:36910], old=null
2019-09-24 12:01:03,504 INFO  impl.LeaderElection (LeaderElection.java:logAndReturn(56)) - s1@group-3D81F66BC438-LeaderElection150: Election TIMEOUT; received 1 response(s) [s1<-s0#0:FAIL-t410] and 0 exception(s); s1@group-3D81F66BC438:t410, leader=null, voted=s1, raftlog=s1@group-3D81F66BC438-SegmentedRaftLog:OPENED:c10,f11,i11, conf=11: [s0:0.0.0.0:42154, s1:0.0.0.0:36158, s2:0.0.0.0:36910], old=null
2019-09-24 12:01:03,511 INFO  impl.LeaderElection (LeaderElection.java:logAndReturn(56)) - s2@group-3D81F66BC438-LeaderElection152: Election TIMEOUT; received 1 response(s) [s2<-s0#0:FAIL-t410] and 0 exception(s); s2@group-3D81F66BC438:t410, leader=null, voted=s2, raftlog=s2@group-3D81F66BC438-SegmentedRaftLog:OPENED:c10,f10,i10, conf=9: [s0:0.0.0.0:42154, s1:0.0.0.0:36158, s2:0.0.0.0:36910], old=null
2019-09-24 12:01:03,515 INFO  impl.LeaderElection (LeaderElection.java:askForVotes(178)) - s1@group-3D81F66BC438-LeaderElection150: begin an election at term 411 for 11: [s0:0.0.0.0:42154, s1:0.0.0.0:36158, s2:0.0.0.0:36910], old=null
2019-09-24 12:01:03,515 INFO  impl.LeaderElection (LeaderElection.java:askForVotes(178)) - s2@group-3D81F66BC438-LeaderElection152: begin an election at term 411 for 9: [s0:0.0.0.0:42154, s1:0.0.0.0:36158, s2:0.0.0.0:36910], old=null
2019-09-24 12:01:03,516 DEBUG impl.RaftServerImpl (RaftServerImpl.java:requestVote(743)) - s0@group-3D81F66BC438: receive requestVote(s1, group-3D81F66BC438, 411, (t:14, i:11))
2019-09-24 12:01:03,516 DEBUG impl.RaftServerImpl (RaftServerImpl.java:requestVote(743)) - s0@group-3D81F66BC438: receive requestVote(s2, group-3D81F66BC438, 411, (t:13, i:10))
2019-09-24 12:01:03,516 DEBUG impl.RaftServerImpl (RaftServerImpl.java:requestVote(775)) - s0@group-3D81F66BC438 replies to vote request: s1<-s0#0:FAIL-t411. Peer's state: s0@group-3D81F66BC438:t411, leader=null, voted=s0, raftlog=s0@group-3D81F66BC438-SegmentedRaftLog:OPENED:c11,f12,i12, conf=11: [s0:0.0.0.0:42154, s1:0.0.0.0:36158, s2:0.0.0.0:36910], old=null
2019-09-24 12:01:03,516 DEBUG impl.RaftServerImpl (RaftServerImpl.java:requestVote(775)) - s0@group-3D81F66BC438 replies to vote request: s2<-s0#0:FAIL-t411. Peer's state: s0@group-3D81F66BC438:t411, leader=null, voted=s0, raftlog=s0@group-3D81F66BC438-SegmentedRaftLog:OPENED:c11,f12,i12, conf=11: [s0:0.0.0.0:42154, s1:0.0.0.0:36158, s2:0.0.0.0:36910], old=null
2019-09-24 12:01:03,689 INFO  impl.LeaderElection (LeaderElection.java:logAndReturn(56)) - s0@group-3D81F66BC438-LeaderElection153: Election TIMEOUT; received 0 response(s) [] and 0 exception(s); s0@group-3D81F66BC438:t411, leader=null, voted=s0, raftlog=s0@group-3D81F66BC438-SegmentedRaftLog:OPENED:c11,f12,i12, conf=11: [s0:0.0.0.0:42154, s1:0.0.0.0:36158, s2:0.0.0.0:36910], old=null
2019-09-24 12:01:03,693 WARN  ratis.RaftTestUtil (JavaUtils.java:attempt(158)) - FAILED "waitForLeader-null-(expectLeader? true)", attempt #6/100: java.lang.IllegalStateException: No leader yet : printing ALL groups
  s0:  RUNNING CANDIDATE s0@group-3D81F66BC438:t412, leader=null, voted=s0, raftlog=s0@group-3D81F66BC438-SegmentedRaftLog:OPENED:c11,f12,i12, conf=11: [s0:0.0.0.0:42154, s1:0.0.0.0:36158, s2:0.0.0.0:36910], old=null RUNNING
  s1:  RUNNING CANDIDATE s1@group-3D81F66BC438:t411, leader=null, voted=s1, raftlog=s1@group-3D81F66BC438-SegmentedRaftLog:OPENED:c10,f11,i11, conf=11: [s0:0.0.0.0:42154, s1:0.0.0.0:36158, s2:0.0.0.0:36910], old=null RUNNING
  s2:  RUNNING CANDIDATE s2@group-3D81F66BC438:t411, leader=null, voted=s2, raftlog=s2@group-3D81F66BC438-SegmentedRaftLog:OPENED:c10,f10,i10, conf=9: [s0:0.0.0.0:42154, s1:0.0.0.0:36158, s2:0.0.0.0:36910], old=null RUNNING, sleep 450ms and then retry.
java.lang.IllegalStateException: No leader yet : printing ALL groups
  s0:  RUNNING CANDIDATE s0@group-3D81F66BC438:t412, leader=null, voted=s0, raftlog=s0@group-3D81F66BC438-SegmentedRaftLog:OPENED:c11,f12,i12, conf=11: [s0:0.0.0.0:42154, s1:0.0.0.0:36158, s2:0.0.0.0:36910], old=null RUNNING
  s1:  RUNNING CANDIDATE s1@group-3D81F66BC438:t411, leader=null, voted=s1, raftlog=s1@group-3D81F66BC438-SegmentedRaftLog:OPENED:c10,f11,i11, conf=11: [s0:0.0.0.0:42154, s1:0.0.0.0:36158, s2:0.0.0.0:36910], old=null RUNNING
  s2:  RUNNING CANDIDATE s2@group-3D81F66BC438:t411, leader=null, voted=s2, raftlog=s2@group-3D81F66BC438-SegmentedRaftLog:OPENED:c10,f10,i10, conf=9: [s0:0.0.0.0:42154, s1:0.0.0.0:36158, s2:0.0.0.0:36910], old=null RUNNING
	at org.apache.ratis.MiniRaftCluster.newIllegalStateExceptionForNoLeaders(MiniRaftCluster.java:506)
	at org.apache.ratis.RaftTestUtil.lambda$waitForLeader$1(RaftTestUtil.java:90)
	at org.apache.ratis.MiniRaftCluster.getLeader(MiniRaftCluster.java:539)
	at org.apache.ratis.MiniRaftCluster.getLeader(MiniRaftCluster.java:532)
	at org.apache.ratis.RaftTestUtil.lambda$waitForLeader$3(RaftTestUtil.java:98)
	at org.apache.ratis.util.JavaUtils.attempt(JavaUtils.java:152)
	at org.apache.ratis.RaftTestUtil.waitForLeader(RaftTestUtil.java:97)
	at org.apache.ratis.RaftTestUtil.waitForLeader(RaftTestUtil.java:77)
	at org.apache.ratis.RaftTestUtil.waitForLeader(RaftTestUtil.java:72)
	at org.apache.ratis.RaftTestUtil.lambda$changeLeader$7(RaftTestUtil.java:363)
	at org.apache.ratis.util.JavaUtils.attempt(JavaUtils.java:152)
	at org.apache.ratis.RaftTestUtil.changeLeader(RaftTestUtil.java:362)
	at org.apache.ratis.server.impl.LeaderElectionTests.testChangeLeader(LeaderElectionTests.java:81)
	at sun.reflect.NativeMethodAccessorImpl.invoke0(Native Method)
	at sun.reflect.NativeMethodAccessorImpl.invoke(NativeMethodAccessorImpl.java:62)
	at sun.reflect.DelegatingMethodAccessorImpl.invoke(DelegatingMethodAccessorImpl.java:43)
	at java.lang.reflect.Method.invoke(Method.java:498)
	at org.junit.runners.model.FrameworkMethod$1.runReflectiveCall(FrameworkMethod.java:50)
	at org.junit.internal.runners.model.ReflectiveCallable.run(ReflectiveCallable.java:12)
	at org.junit.runners.model.FrameworkMethod.invokeExplosively(FrameworkMethod.java:47)
	at org.junit.internal.runners.statements.InvokeMethod.evaluate(InvokeMethod.java:17)
	at org.junit.internal.runners.statements.RunAfters.evaluate(RunAfters.java:27)
	at org.junit.internal.runners.statements.FailOnTimeout$CallableStatement.call(FailOnTimeout.java:298)
	at org.junit.internal.runners.statements.FailOnTimeout$CallableStatement.call(FailOnTimeout.java:292)
	at java.util.concurrent.FutureTask.run(FutureTask.java:266)
	at java.lang.Thread.run(Thread.java:748)
2019-09-24 12:01:03,702 INFO  impl.LeaderElection (LeaderElection.java:askForVotes(178)) - s0@group-3D81F66BC438-LeaderElection153: begin an election at term 412 for 11: [s0:0.0.0.0:42154, s1:0.0.0.0:36158, s2:0.0.0.0:36910], old=null
2019-09-24 12:01:03,755 INFO  impl.LeaderElection (LeaderElection.java:logAndReturn(56)) - s1@group-3D81F66BC438-LeaderElection150: Election TIMEOUT; received 1 response(s) [s1<-s0#0:FAIL-t411] and 0 exception(s); s1@group-3D81F66BC438:t411, leader=null, voted=s1, raftlog=s1@group-3D81F66BC438-SegmentedRaftLog:OPENED:c10,f11,i11, conf=11: [s0:0.0.0.0:42154, s1:0.0.0.0:36158, s2:0.0.0.0:36910], old=null
2019-09-24 12:01:03,768 INFO  impl.LeaderElection (LeaderElection.java:askForVotes(178)) - s1@group-3D81F66BC438-LeaderElection150: begin an election at term 412 for 11: [s0:0.0.0.0:42154, s1:0.0.0.0:36158, s2:0.0.0.0:36910], old=null
2019-09-24 12:01:03,769 DEBUG impl.RaftServerImpl (RaftServerImpl.java:requestVote(743)) - s0@group-3D81F66BC438: receive requestVote(s1, group-3D81F66BC438, 412, (t:14, i:11))
2019-09-24 12:01:03,769 DEBUG impl.RaftServerImpl (RaftServerImpl.java:requestVote(775)) - s0@group-3D81F66BC438 replies to vote request: s1<-s0#0:FAIL-t412. Peer's state: s0@group-3D81F66BC438:t412, leader=null, voted=s0, raftlog=s0@group-3D81F66BC438-SegmentedRaftLog:OPENED:c11,f12,i12, conf=11: [s0:0.0.0.0:42154, s1:0.0.0.0:36158, s2:0.0.0.0:36910], old=null
2019-09-24 12:01:03,777 INFO  impl.LeaderElection (LeaderElection.java:logAndReturn(56)) - s2@group-3D81F66BC438-LeaderElection152: Election TIMEOUT; received 1 response(s) [s2<-s0#0:FAIL-t411] and 0 exception(s); s2@group-3D81F66BC438:t411, leader=null, voted=s2, raftlog=s2@group-3D81F66BC438-SegmentedRaftLog:OPENED:c10,f10,i10, conf=9: [s0:0.0.0.0:42154, s1:0.0.0.0:36158, s2:0.0.0.0:36910], old=null
2019-09-24 12:01:03,795 INFO  impl.LeaderElection (LeaderElection.java:askForVotes(178)) - s2@group-3D81F66BC438-LeaderElection152: begin an election at term 412 for 9: [s0:0.0.0.0:42154, s1:0.0.0.0:36158, s2:0.0.0.0:36910], old=null
2019-09-24 12:01:03,795 DEBUG impl.RaftServerImpl (RaftServerImpl.java:requestVote(743)) - s0@group-3D81F66BC438: receive requestVote(s2, group-3D81F66BC438, 412, (t:13, i:10))
2019-09-24 12:01:03,795 DEBUG impl.RaftServerImpl (RaftServerImpl.java:requestVote(775)) - s0@group-3D81F66BC438 replies to vote request: s2<-s0#0:FAIL-t412. Peer's state: s0@group-3D81F66BC438:t412, leader=null, voted=s0, raftlog=s0@group-3D81F66BC438-SegmentedRaftLog:OPENED:c11,f12,i12, conf=11: [s0:0.0.0.0:42154, s1:0.0.0.0:36158, s2:0.0.0.0:36910], old=null
2019-09-24 12:01:03,953 INFO  impl.LeaderElection (LeaderElection.java:logAndReturn(56)) - s0@group-3D81F66BC438-LeaderElection153: Election TIMEOUT; received 0 response(s) [] and 0 exception(s); s0@group-3D81F66BC438:t412, leader=null, voted=s0, raftlog=s0@group-3D81F66BC438-SegmentedRaftLog:OPENED:c11,f12,i12, conf=11: [s0:0.0.0.0:42154, s1:0.0.0.0:36158, s2:0.0.0.0:36910], old=null
2019-09-24 12:01:03,962 INFO  impl.LeaderElection (LeaderElection.java:logAndReturn(56)) - s1@group-3D81F66BC438-LeaderElection150: Election TIMEOUT; received 1 response(s) [s1<-s0#0:FAIL-t412] and 0 exception(s); s1@group-3D81F66BC438:t412, leader=null, voted=s1, raftlog=s1@group-3D81F66BC438-SegmentedRaftLog:OPENED:c10,f11,i11, conf=11: [s0:0.0.0.0:42154, s1:0.0.0.0:36158, s2:0.0.0.0:36910], old=null
2019-09-24 12:01:03,968 INFO  impl.LeaderElection (LeaderElection.java:askForVotes(178)) - s1@group-3D81F66BC438-LeaderElection150: begin an election at term 413 for 11: [s0:0.0.0.0:42154, s1:0.0.0.0:36158, s2:0.0.0.0:36910], old=null
2019-09-24 12:01:03,968 INFO  impl.LeaderElection (LeaderElection.java:askForVotes(178)) - s0@group-3D81F66BC438-LeaderElection153: begin an election at term 413 for 11: [s0:0.0.0.0:42154, s1:0.0.0.0:36158, s2:0.0.0.0:36910], old=null
2019-09-24 12:01:03,969 DEBUG impl.RaftServerImpl (RaftServerImpl.java:requestVote(743)) - s0@group-3D81F66BC438: receive requestVote(s1, group-3D81F66BC438, 413, (t:14, i:11))
2019-09-24 12:01:03,969 DEBUG impl.RaftServerImpl (RaftServerImpl.java:requestVote(775)) - s0@group-3D81F66BC438 replies to vote request: s1<-s0#0:FAIL-t413. Peer's state: s0@group-3D81F66BC438:t413, leader=null, voted=s0, raftlog=s0@group-3D81F66BC438-SegmentedRaftLog:OPENED:c11,f12,i12, conf=11: [s0:0.0.0.0:42154, s1:0.0.0.0:36158, s2:0.0.0.0:36910], old=null
2019-09-24 12:01:03,995 INFO  impl.LeaderElection (LeaderElection.java:logAndReturn(56)) - s2@group-3D81F66BC438-LeaderElection152: Election TIMEOUT; received 1 response(s) [s2<-s0#0:FAIL-t412] and 0 exception(s); s2@group-3D81F66BC438:t412, leader=null, voted=s2, raftlog=s2@group-3D81F66BC438-SegmentedRaftLog:OPENED:c10,f10,i10, conf=9: [s0:0.0.0.0:42154, s1:0.0.0.0:36158, s2:0.0.0.0:36910], old=null
2019-09-24 12:01:04,008 INFO  impl.LeaderElection (LeaderElection.java:askForVotes(178)) - s2@group-3D81F66BC438-LeaderElection152: begin an election at term 413 for 9: [s0:0.0.0.0:42154, s1:0.0.0.0:36158, s2:0.0.0.0:36910], old=null
2019-09-24 12:01:04,009 DEBUG impl.RaftServerImpl (RaftServerImpl.java:requestVote(743)) - s0@group-3D81F66BC438: receive requestVote(s2, group-3D81F66BC438, 413, (t:13, i:10))
2019-09-24 12:01:04,009 DEBUG impl.RaftServerImpl (RaftServerImpl.java:requestVote(775)) - s0@group-3D81F66BC438 replies to vote request: s2<-s0#0:FAIL-t413. Peer's state: s0@group-3D81F66BC438:t413, leader=null, voted=s0, raftlog=s0@group-3D81F66BC438-SegmentedRaftLog:OPENED:c11,f12,i12, conf=11: [s0:0.0.0.0:42154, s1:0.0.0.0:36158, s2:0.0.0.0:36910], old=null
2019-09-24 12:01:04,144 WARN  ratis.RaftTestUtil (JavaUtils.java:attempt(158)) - FAILED "waitForLeader-null-(expectLeader? true)", attempt #7/100: java.lang.IllegalStateException: No leader yet : printing ALL groups
  s0:  RUNNING CANDIDATE s0@group-3D81F66BC438:t413, leader=null, voted=s0, raftlog=s0@group-3D81F66BC438-SegmentedRaftLog:OPENED:c11,f12,i12, conf=11: [s0:0.0.0.0:42154, s1:0.0.0.0:36158, s2:0.0.0.0:36910], old=null RUNNING
  s1:  RUNNING CANDIDATE s1@group-3D81F66BC438:t413, leader=null, voted=s1, raftlog=s1@group-3D81F66BC438-SegmentedRaftLog:OPENED:c10,f11,i11, conf=11: [s0:0.0.0.0:42154, s1:0.0.0.0:36158, s2:0.0.0.0:36910], old=null RUNNING
  s2:  RUNNING CANDIDATE s2@group-3D81F66BC438:t413, leader=null, voted=s2, raftlog=s2@group-3D81F66BC438-SegmentedRaftLog:OPENED:c10,f10,i10, conf=9: [s0:0.0.0.0:42154, s1:0.0.0.0:36158, s2:0.0.0.0:36910], old=null RUNNING, sleep 450ms and then retry.
java.lang.IllegalStateException: No leader yet : printing ALL groups
  s0:  RUNNING CANDIDATE s0@group-3D81F66BC438:t413, leader=null, voted=s0, raftlog=s0@group-3D81F66BC438-SegmentedRaftLog:OPENED:c11,f12,i12, conf=11: [s0:0.0.0.0:42154, s1:0.0.0.0:36158, s2:0.0.0.0:36910], old=null RUNNING
  s1:  RUNNING CANDIDATE s1@group-3D81F66BC438:t413, leader=null, voted=s1, raftlog=s1@group-3D81F66BC438-SegmentedRaftLog:OPENED:c10,f11,i11, conf=11: [s0:0.0.0.0:42154, s1:0.0.0.0:36158, s2:0.0.0.0:36910], old=null RUNNING
  s2:  RUNNING CANDIDATE s2@group-3D81F66BC438:t413, leader=null, voted=s2, raftlog=s2@group-3D81F66BC438-SegmentedRaftLog:OPENED:c10,f10,i10, conf=9: [s0:0.0.0.0:42154, s1:0.0.0.0:36158, s2:0.0.0.0:36910], old=null RUNNING
	at org.apache.ratis.MiniRaftCluster.newIllegalStateExceptionForNoLeaders(MiniRaftCluster.java:506)
	at org.apache.ratis.RaftTestUtil.lambda$waitForLeader$1(RaftTestUtil.java:90)
	at org.apache.ratis.MiniRaftCluster.getLeader(MiniRaftCluster.java:539)
	at org.apache.ratis.MiniRaftCluster.getLeader(MiniRaftCluster.java:532)
	at org.apache.ratis.RaftTestUtil.lambda$waitForLeader$3(RaftTestUtil.java:98)
	at org.apache.ratis.util.JavaUtils.attempt(JavaUtils.java:152)
	at org.apache.ratis.RaftTestUtil.waitForLeader(RaftTestUtil.java:97)
	at org.apache.ratis.RaftTestUtil.waitForLeader(RaftTestUtil.java:77)
	at org.apache.ratis.RaftTestUtil.waitForLeader(RaftTestUtil.java:72)
	at org.apache.ratis.RaftTestUtil.lambda$changeLeader$7(RaftTestUtil.java:363)
	at org.apache.ratis.util.JavaUtils.attempt(JavaUtils.java:152)
	at org.apache.ratis.RaftTestUtil.changeLeader(RaftTestUtil.java:362)
	at org.apache.ratis.server.impl.LeaderElectionTests.testChangeLeader(LeaderElectionTests.java:81)
	at sun.reflect.NativeMethodAccessorImpl.invoke0(Native Method)
	at sun.reflect.NativeMethodAccessorImpl.invoke(NativeMethodAccessorImpl.java:62)
	at sun.reflect.DelegatingMethodAccessorImpl.invoke(DelegatingMethodAccessorImpl.java:43)
	at java.lang.reflect.Method.invoke(Method.java:498)
	at org.junit.runners.model.FrameworkMethod$1.runReflectiveCall(FrameworkMethod.java:50)
	at org.junit.internal.runners.model.ReflectiveCallable.run(ReflectiveCallable.java:12)
	at org.junit.runners.model.FrameworkMethod.invokeExplosively(FrameworkMethod.java:47)
	at org.junit.internal.runners.statements.InvokeMethod.evaluate(InvokeMethod.java:17)
	at org.junit.internal.runners.statements.RunAfters.evaluate(RunAfters.java:27)
	at org.junit.internal.runners.statements.FailOnTimeout$CallableStatement.call(FailOnTimeout.java:298)
	at org.junit.internal.runners.statements.FailOnTimeout$CallableStatement.call(FailOnTimeout.java:292)
	at java.util.concurrent.FutureTask.run(FutureTask.java:266)
	at java.lang.Thread.run(Thread.java:748)
2019-09-24 12:01:04,149 INFO  impl.LeaderElection (LeaderElection.java:logAndReturn(56)) - s0@group-3D81F66BC438-LeaderElection153: Election TIMEOUT; received 0 response(s) [] and 0 exception(s); s0@group-3D81F66BC438:t413, leader=null, voted=s0, raftlog=s0@group-3D81F66BC438-SegmentedRaftLog:OPENED:c11,f12,i12, conf=11: [s0:0.0.0.0:42154, s1:0.0.0.0:36158, s2:0.0.0.0:36910], old=null
2019-09-24 12:01:04,152 INFO  impl.LeaderElection (LeaderElection.java:logAndReturn(56)) - s1@group-3D81F66BC438-LeaderElection150: Election TIMEOUT; received 1 response(s) [s1<-s0#0:FAIL-t413] and 0 exception(s); s1@group-3D81F66BC438:t413, leader=null, voted=s1, raftlog=s1@group-3D81F66BC438-SegmentedRaftLog:OPENED:c10,f11,i11, conf=11: [s0:0.0.0.0:42154, s1:0.0.0.0:36158, s2:0.0.0.0:36910], old=null
2019-09-24 12:01:04,171 INFO  impl.LeaderElection (LeaderElection.java:askForVotes(178)) - s0@group-3D81F66BC438-LeaderElection153: begin an election at term 414 for 11: [s0:0.0.0.0:42154, s1:0.0.0.0:36158, s2:0.0.0.0:36910], old=null
2019-09-24 12:01:04,171 INFO  impl.LeaderElection (LeaderElection.java:askForVotes(178)) - s1@group-3D81F66BC438-LeaderElection150: begin an election at term 414 for 11: [s0:0.0.0.0:42154, s1:0.0.0.0:36158, s2:0.0.0.0:36910], old=null
2019-09-24 12:01:04,172 DEBUG impl.RaftServerImpl (RaftServerImpl.java:requestVote(743)) - s0@group-3D81F66BC438: receive requestVote(s1, group-3D81F66BC438, 414, (t:14, i:11))
2019-09-24 12:01:04,172 DEBUG impl.RaftServerImpl (RaftServerImpl.java:requestVote(775)) - s0@group-3D81F66BC438 replies to vote request: s1<-s0#0:FAIL-t414. Peer's state: s0@group-3D81F66BC438:t414, leader=null, voted=s0, raftlog=s0@group-3D81F66BC438-SegmentedRaftLog:OPENED:c11,f12,i12, conf=11: [s0:0.0.0.0:42154, s1:0.0.0.0:36158, s2:0.0.0.0:36910], old=null
2019-09-24 12:01:04,223 INFO  impl.LeaderElection (LeaderElection.java:logAndReturn(56)) - s2@group-3D81F66BC438-LeaderElection152: Election TIMEOUT; received 1 response(s) [s2<-s0#0:FAIL-t413] and 0 exception(s); s2@group-3D81F66BC438:t413, leader=null, voted=s2, raftlog=s2@group-3D81F66BC438-SegmentedRaftLog:OPENED:c10,f10,i10, conf=9: [s0:0.0.0.0:42154, s1:0.0.0.0:36158, s2:0.0.0.0:36910], old=null
2019-09-24 12:01:04,236 INFO  impl.LeaderElection (LeaderElection.java:askForVotes(178)) - s2@group-3D81F66BC438-LeaderElection152: begin an election at term 414 for 9: [s0:0.0.0.0:42154, s1:0.0.0.0:36158, s2:0.0.0.0:36910], old=null
2019-09-24 12:01:04,236 DEBUG impl.RaftServerImpl (RaftServerImpl.java:requestVote(743)) - s0@group-3D81F66BC438: receive requestVote(s2, group-3D81F66BC438, 414, (t:13, i:10))
2019-09-24 12:01:04,236 DEBUG impl.RaftServerImpl (RaftServerImpl.java:requestVote(775)) - s0@group-3D81F66BC438 replies to vote request: s2<-s0#0:FAIL-t414. Peer's state: s0@group-3D81F66BC438:t414, leader=null, voted=s0, raftlog=s0@group-3D81F66BC438-SegmentedRaftLog:OPENED:c11,f12,i12, conf=11: [s0:0.0.0.0:42154, s1:0.0.0.0:36158, s2:0.0.0.0:36910], old=null
2019-09-24 12:01:04,383 INFO  impl.LeaderElection (LeaderElection.java:logAndReturn(56)) - s0@group-3D81F66BC438-LeaderElection153: Election TIMEOUT; received 0 response(s) [] and 0 exception(s); s0@group-3D81F66BC438:t414, leader=null, voted=s0, raftlog=s0@group-3D81F66BC438-SegmentedRaftLog:OPENED:c11,f12,i12, conf=11: [s0:0.0.0.0:42154, s1:0.0.0.0:36158, s2:0.0.0.0:36910], old=null
2019-09-24 12:01:04,398 INFO  impl.LeaderElection (LeaderElection.java:logAndReturn(56)) - s1@group-3D81F66BC438-LeaderElection150: Election TIMEOUT; received 1 response(s) [s1<-s0#0:FAIL-t414] and 0 exception(s); s1@group-3D81F66BC438:t414, leader=null, voted=s1, raftlog=s1@group-3D81F66BC438-SegmentedRaftLog:OPENED:c10,f11,i11, conf=11: [s0:0.0.0.0:42154, s1:0.0.0.0:36158, s2:0.0.0.0:36910], old=null
2019-09-24 12:01:04,404 INFO  impl.LeaderElection (LeaderElection.java:askForVotes(178)) - s0@group-3D81F66BC438-LeaderElection153: begin an election at term 415 for 11: [s0:0.0.0.0:42154, s1:0.0.0.0:36158, s2:0.0.0.0:36910], old=null
2019-09-24 12:01:04,407 INFO  impl.LeaderElection (LeaderElection.java:askForVotes(178)) - s1@group-3D81F66BC438-LeaderElection150: begin an election at term 415 for 11: [s0:0.0.0.0:42154, s1:0.0.0.0:36158, s2:0.0.0.0:36910], old=null
2019-09-24 12:01:04,407 DEBUG impl.RaftServerImpl (RaftServerImpl.java:requestVote(743)) - s0@group-3D81F66BC438: receive requestVote(s1, group-3D81F66BC438, 415, (t:14, i:11))
2019-09-24 12:01:04,407 DEBUG impl.RaftServerImpl (RaftServerImpl.java:requestVote(775)) - s0@group-3D81F66BC438 replies to vote request: s1<-s0#0:FAIL-t415. Peer's state: s0@group-3D81F66BC438:t415, leader=null, voted=s0, raftlog=s0@group-3D81F66BC438-SegmentedRaftLog:OPENED:c11,f12,i12, conf=11: [s0:0.0.0.0:42154, s1:0.0.0.0:36158, s2:0.0.0.0:36910], old=null
2019-09-24 12:01:04,501 INFO  impl.LeaderElection (LeaderElection.java:logAndReturn(56)) - s2@group-3D81F66BC438-LeaderElection152: Election TIMEOUT; received 1 response(s) [s2<-s0#0:FAIL-t414] and 0 exception(s); s2@group-3D81F66BC438:t414, leader=null, voted=s2, raftlog=s2@group-3D81F66BC438-SegmentedRaftLog:OPENED:c10,f10,i10, conf=9: [s0:0.0.0.0:42154, s1:0.0.0.0:36158, s2:0.0.0.0:36910], old=null
2019-09-24 12:01:04,516 INFO  impl.LeaderElection (LeaderElection.java:askForVotes(178)) - s2@group-3D81F66BC438-LeaderElection152: begin an election at term 415 for 9: [s0:0.0.0.0:42154, s1:0.0.0.0:36158, s2:0.0.0.0:36910], old=null
2019-09-24 12:01:04,517 DEBUG impl.RaftServerImpl (RaftServerImpl.java:requestVote(743)) - s0@group-3D81F66BC438: receive requestVote(s2, group-3D81F66BC438, 415, (t:13, i:10))
2019-09-24 12:01:04,517 DEBUG impl.RaftServerImpl (RaftServerImpl.java:requestVote(775)) - s0@group-3D81F66BC438 replies to vote request: s2<-s0#0:FAIL-t415. Peer's state: s0@group-3D81F66BC438:t415, leader=null, voted=s0, raftlog=s0@group-3D81F66BC438-SegmentedRaftLog:OPENED:c11,f12,i12, conf=11: [s0:0.0.0.0:42154, s1:0.0.0.0:36158, s2:0.0.0.0:36910], old=null
2019-09-24 12:01:04,558 INFO  impl.LeaderElection (LeaderElection.java:logAndReturn(56)) - s0@group-3D81F66BC438-LeaderElection153: Election TIMEOUT; received 0 response(s) [] and 0 exception(s); s0@group-3D81F66BC438:t415, leader=null, voted=s0, raftlog=s0@group-3D81F66BC438-SegmentedRaftLog:OPENED:c11,f12,i12, conf=11: [s0:0.0.0.0:42154, s1:0.0.0.0:36158, s2:0.0.0.0:36910], old=null
2019-09-24 12:01:04,571 INFO  impl.LeaderElection (LeaderElection.java:askForVotes(178)) - s0@group-3D81F66BC438-LeaderElection153: begin an election at term 416 for 11: [s0:0.0.0.0:42154, s1:0.0.0.0:36158, s2:0.0.0.0:36910], old=null
2019-09-24 12:01:04,595 WARN  ratis.RaftTestUtil (JavaUtils.java:attempt(158)) - FAILED "waitForLeader-null-(expectLeader? true)", attempt #8/100: java.lang.IllegalStateException: No leader yet : printing ALL groups
  s0:  RUNNING CANDIDATE s0@group-3D81F66BC438:t416, leader=null, voted=s0, raftlog=s0@group-3D81F66BC438-SegmentedRaftLog:OPENED:c11,f12,i12, conf=11: [s0:0.0.0.0:42154, s1:0.0.0.0:36158, s2:0.0.0.0:36910], old=null RUNNING
  s1:  RUNNING CANDIDATE s1@group-3D81F66BC438:t415, leader=null, voted=s1, raftlog=s1@group-3D81F66BC438-SegmentedRaftLog:OPENED:c10,f11,i11, conf=11: [s0:0.0.0.0:42154, s1:0.0.0.0:36158, s2:0.0.0.0:36910], old=null RUNNING
  s2:  RUNNING CANDIDATE s2@group-3D81F66BC438:t415, leader=null, voted=s2, raftlog=s2@group-3D81F66BC438-SegmentedRaftLog:OPENED:c10,f10,i10, conf=9: [s0:0.0.0.0:42154, s1:0.0.0.0:36158, s2:0.0.0.0:36910], old=null RUNNING, sleep 450ms and then retry.
java.lang.IllegalStateException: No leader yet : printing ALL groups
  s0:  RUNNING CANDIDATE s0@group-3D81F66BC438:t416, leader=null, voted=s0, raftlog=s0@group-3D81F66BC438-SegmentedRaftLog:OPENED:c11,f12,i12, conf=11: [s0:0.0.0.0:42154, s1:0.0.0.0:36158, s2:0.0.0.0:36910], old=null RUNNING
  s1:  RUNNING CANDIDATE s1@group-3D81F66BC438:t415, leader=null, voted=s1, raftlog=s1@group-3D81F66BC438-SegmentedRaftLog:OPENED:c10,f11,i11, conf=11: [s0:0.0.0.0:42154, s1:0.0.0.0:36158, s2:0.0.0.0:36910], old=null RUNNING
  s2:  RUNNING CANDIDATE s2@group-3D81F66BC438:t415, leader=null, voted=s2, raftlog=s2@group-3D81F66BC438-SegmentedRaftLog:OPENED:c10,f10,i10, conf=9: [s0:0.0.0.0:42154, s1:0.0.0.0:36158, s2:0.0.0.0:36910], old=null RUNNING
	at org.apache.ratis.MiniRaftCluster.newIllegalStateExceptionForNoLeaders(MiniRaftCluster.java:506)
	at org.apache.ratis.RaftTestUtil.lambda$waitForLeader$1(RaftTestUtil.java:90)
	at org.apache.ratis.MiniRaftCluster.getLeader(MiniRaftCluster.java:539)
	at org.apache.ratis.MiniRaftCluster.getLeader(MiniRaftCluster.java:532)
	at org.apache.ratis.RaftTestUtil.lambda$waitForLeader$3(RaftTestUtil.java:98)
	at org.apache.ratis.util.JavaUtils.attempt(JavaUtils.java:152)
	at org.apache.ratis.RaftTestUtil.waitForLeader(RaftTestUtil.java:97)
	at org.apache.ratis.RaftTestUtil.waitForLeader(RaftTestUtil.java:77)
	at org.apache.ratis.RaftTestUtil.waitForLeader(RaftTestUtil.java:72)
	at org.apache.ratis.RaftTestUtil.lambda$changeLeader$7(RaftTestUtil.java:363)
	at org.apache.ratis.util.JavaUtils.attempt(JavaUtils.java:152)
	at org.apache.ratis.RaftTestUtil.changeLeader(RaftTestUtil.java:362)
	at org.apache.ratis.server.impl.LeaderElectionTests.testChangeLeader(LeaderElectionTests.java:81)
	at sun.reflect.NativeMethodAccessorImpl.invoke0(Native Method)
	at sun.reflect.NativeMethodAccessorImpl.invoke(NativeMethodAccessorImpl.java:62)
	at sun.reflect.DelegatingMethodAccessorImpl.invoke(DelegatingMethodAccessorImpl.java:43)
	at java.lang.reflect.Method.invoke(Method.java:498)
	at org.junit.runners.model.FrameworkMethod$1.runReflectiveCall(FrameworkMethod.java:50)
	at org.junit.internal.runners.model.ReflectiveCallable.run(ReflectiveCallable.java:12)
	at org.junit.runners.model.FrameworkMethod.invokeExplosively(FrameworkMethod.java:47)
	at org.junit.internal.runners.statements.InvokeMethod.evaluate(InvokeMethod.java:17)
	at org.junit.internal.runners.statements.RunAfters.evaluate(RunAfters.java:27)
	at org.junit.internal.runners.statements.FailOnTimeout$CallableStatement.call(FailOnTimeout.java:298)
	at org.junit.internal.runners.statements.FailOnTimeout$CallableStatement.call(FailOnTimeout.java:292)
	at java.util.concurrent.FutureTask.run(FutureTask.java:266)
	at java.lang.Thread.run(Thread.java:748)
2019-09-24 12:01:04,611 INFO  impl.LeaderElection (LeaderElection.java:logAndReturn(56)) - s1@group-3D81F66BC438-LeaderElection150: Election TIMEOUT; received 1 response(s) [s1<-s0#0:FAIL-t415] and 0 exception(s); s1@group-3D81F66BC438:t415, leader=null, voted=s1, raftlog=s1@group-3D81F66BC438-SegmentedRaftLog:OPENED:c10,f11,i11, conf=11: [s0:0.0.0.0:42154, s1:0.0.0.0:36158, s2:0.0.0.0:36910], old=null
2019-09-24 12:01:04,636 INFO  impl.LeaderElection (LeaderElection.java:askForVotes(178)) - s1@group-3D81F66BC438-LeaderElection150: begin an election at term 416 for 11: [s0:0.0.0.0:42154, s1:0.0.0.0:36158, s2:0.0.0.0:36910], old=null
2019-09-24 12:01:04,636 DEBUG impl.RaftServerImpl (RaftServerImpl.java:requestVote(743)) - s0@group-3D81F66BC438: receive requestVote(s1, group-3D81F66BC438, 416, (t:14, i:11))
2019-09-24 12:01:04,636 DEBUG impl.RaftServerImpl (RaftServerImpl.java:requestVote(775)) - s0@group-3D81F66BC438 replies to vote request: s1<-s0#0:FAIL-t416. Peer's state: s0@group-3D81F66BC438:t416, leader=null, voted=s0, raftlog=s0@group-3D81F66BC438-SegmentedRaftLog:OPENED:c11,f12,i12, conf=11: [s0:0.0.0.0:42154, s1:0.0.0.0:36158, s2:0.0.0.0:36910], old=null
2019-09-24 12:01:04,724 INFO  impl.LeaderElection (LeaderElection.java:logAndReturn(56)) - s0@group-3D81F66BC438-LeaderElection153: Election TIMEOUT; received 0 response(s) [] and 0 exception(s); s0@group-3D81F66BC438:t416, leader=null, voted=s0, raftlog=s0@group-3D81F66BC438-SegmentedRaftLog:OPENED:c11,f12,i12, conf=11: [s0:0.0.0.0:42154, s1:0.0.0.0:36158, s2:0.0.0.0:36910], old=null
2019-09-24 12:01:04,734 INFO  impl.LeaderElection (LeaderElection.java:logAndReturn(56)) - s2@group-3D81F66BC438-LeaderElection152: Election TIMEOUT; received 1 response(s) [s2<-s0#0:FAIL-t415] and 0 exception(s); s2@group-3D81F66BC438:t415, leader=null, voted=s2, raftlog=s2@group-3D81F66BC438-SegmentedRaftLog:OPENED:c10,f10,i10, conf=9: [s0:0.0.0.0:42154, s1:0.0.0.0:36158, s2:0.0.0.0:36910], old=null
2019-09-24 12:01:04,737 INFO  impl.LeaderElection (LeaderElection.java:askForVotes(178)) - s0@group-3D81F66BC438-LeaderElection153: begin an election at term 417 for 11: [s0:0.0.0.0:42154, s1:0.0.0.0:36158, s2:0.0.0.0:36910], old=null
2019-09-24 12:01:04,737 INFO  impl.LeaderElection (LeaderElection.java:askForVotes(178)) - s2@group-3D81F66BC438-LeaderElection152: begin an election at term 416 for 9: [s0:0.0.0.0:42154, s1:0.0.0.0:36158, s2:0.0.0.0:36910], old=null
2019-09-24 12:01:04,738 DEBUG impl.RaftServerImpl (RaftServerImpl.java:requestVote(743)) - s0@group-3D81F66BC438: receive requestVote(s2, group-3D81F66BC438, 416, (t:13, i:10))
2019-09-24 12:01:04,738 DEBUG impl.RaftServerImpl (RaftServerImpl.java:requestVote(775)) - s0@group-3D81F66BC438 replies to vote request: s2<-s0#0:FAIL-t417. Peer's state: s0@group-3D81F66BC438:t417, leader=null, voted=s0, raftlog=s0@group-3D81F66BC438-SegmentedRaftLog:OPENED:c11,f12,i12, conf=11: [s0:0.0.0.0:42154, s1:0.0.0.0:36158, s2:0.0.0.0:36910], old=null
2019-09-24 12:01:04,739 INFO  impl.LeaderElection (LeaderElection.java:logAndReturn(56)) - s2@group-3D81F66BC438-LeaderElection152: Election DISCOVERED_A_NEW_TERM; received 1 response(s) [s2<-s0#0:FAIL-t417] and 0 exception(s); s2@group-3D81F66BC438:t416, leader=null, voted=s2, raftlog=s2@group-3D81F66BC438-SegmentedRaftLog:OPENED:c10,f10,i10, conf=9: [s0:0.0.0.0:42154, s1:0.0.0.0:36158, s2:0.0.0.0:36910], old=null
2019-09-24 12:01:04,739 INFO  impl.RaftServerImpl (RaftServerImpl.java:setRole(170)) - s2@group-3D81F66BC438: changes role from CANDIDATE to FOLLOWER at term 417 for DISCOVERED_A_NEW_TERM
2019-09-24 12:01:04,739 INFO  impl.RoleInfo (RoleInfo.java:shutdownLeaderElection(134)) - s2: shutdown LeaderElection
2019-09-24 12:01:04,739 INFO  impl.RoleInfo (RoleInfo.java:updateAndGet(143)) - s2: start FollowerState
2019-09-24 12:01:04,887 INFO  impl.LeaderElection (LeaderElection.java:logAndReturn(56)) - s1@group-3D81F66BC438-LeaderElection150: Election TIMEOUT; received 1 response(s) [s1<-s0#0:FAIL-t416] and 0 exception(s); s1@group-3D81F66BC438:t416, leader=null, voted=s1, raftlog=s1@group-3D81F66BC438-SegmentedRaftLog:OPENED:c10,f11,i11, conf=11: [s0:0.0.0.0:42154, s1:0.0.0.0:36158, s2:0.0.0.0:36910], old=null
2019-09-24 12:01:04,909 INFO  impl.LeaderElection (LeaderElection.java:askForVotes(178)) - s1@group-3D81F66BC438-LeaderElection150: begin an election at term 417 for 11: [s0:0.0.0.0:42154, s1:0.0.0.0:36158, s2:0.0.0.0:36910], old=null
2019-09-24 12:01:04,909 DEBUG impl.RaftServerImpl (RaftServerImpl.java:requestVote(743)) - s0@group-3D81F66BC438: receive requestVote(s1, group-3D81F66BC438, 417, (t:14, i:11))
2019-09-24 12:01:04,910 DEBUG impl.RaftServerImpl (RaftServerImpl.java:requestVote(775)) - s0@group-3D81F66BC438 replies to vote request: s1<-s0#0:FAIL-t417. Peer's state: s0@group-3D81F66BC438:t417, leader=null, voted=s0, raftlog=s0@group-3D81F66BC438-SegmentedRaftLog:OPENED:c11,f12,i12, conf=11: [s0:0.0.0.0:42154, s1:0.0.0.0:36158, s2:0.0.0.0:36910], old=null
2019-09-24 12:01:05,019 INFO  impl.LeaderElection (LeaderElection.java:logAndReturn(56)) - s0@group-3D81F66BC438-LeaderElection153: Election TIMEOUT; received 0 response(s) [] and 0 exception(s); s0@group-3D81F66BC438:t417, leader=null, voted=s0, raftlog=s0@group-3D81F66BC438-SegmentedRaftLog:OPENED:c11,f12,i12, conf=11: [s0:0.0.0.0:42154, s1:0.0.0.0:36158, s2:0.0.0.0:36910], old=null
2019-09-24 12:01:05,024 INFO  impl.FollowerState (FollowerState.java:run(108)) - s2@group-3D81F66BC438-FollowerState: change to CANDIDATE, lastRpcTime:284ms, electionTimeout:284ms
2019-09-24 12:01:05,024 INFO  impl.RoleInfo (RoleInfo.java:shutdownFollowerState(121)) - s2: shutdown FollowerState
2019-09-24 12:01:05,024 INFO  impl.RaftServerImpl (RaftServerImpl.java:setRole(170)) - s2@group-3D81F66BC438: changes role from  FOLLOWER to CANDIDATE at term 417 for changeToCandidate
2019-09-24 12:01:05,024 INFO  impl.RoleInfo (RoleInfo.java:updateAndGet(143)) - s2: start LeaderElection
2019-09-24 12:01:05,046 INFO  impl.LeaderElection (LeaderElection.java:askForVotes(178)) - s2@group-3D81F66BC438-LeaderElection154: begin an election at term 418 for 9: [s0:0.0.0.0:42154, s1:0.0.0.0:36158, s2:0.0.0.0:36910], old=null
2019-09-24 12:01:05,046 WARN  ratis.RaftTestUtil (JavaUtils.java:attempt(158)) - FAILED "waitForLeader-null-(expectLeader? true)", attempt #9/100: java.lang.IllegalStateException: No leader yet : printing ALL groups
  s0:  RUNNING CANDIDATE s0@group-3D81F66BC438:t418, leader=null, voted=s0, raftlog=s0@group-3D81F66BC438-SegmentedRaftLog:OPENED:c11,f12,i12, conf=11: [s0:0.0.0.0:42154, s1:0.0.0.0:36158, s2:0.0.0.0:36910], old=null RUNNING
  s1:  RUNNING CANDIDATE s1@group-3D81F66BC438:t417, leader=null, voted=s1, raftlog=s1@group-3D81F66BC438-SegmentedRaftLog:OPENED:c10,f11,i11, conf=11: [s0:0.0.0.0:42154, s1:0.0.0.0:36158, s2:0.0.0.0:36910], old=null RUNNING
  s2:  RUNNING CANDIDATE s2@group-3D81F66BC438:t418, leader=null, voted=s2, raftlog=s2@group-3D81F66BC438-SegmentedRaftLog:OPENED:c10,f10,i10, conf=9: [s0:0.0.0.0:42154, s1:0.0.0.0:36158, s2:0.0.0.0:36910], old=null RUNNING, sleep 450ms and then retry.
java.lang.IllegalStateException: No leader yet : printing ALL groups
  s0:  RUNNING CANDIDATE s0@group-3D81F66BC438:t418, leader=null, voted=s0, raftlog=s0@group-3D81F66BC438-SegmentedRaftLog:OPENED:c11,f12,i12, conf=11: [s0:0.0.0.0:42154, s1:0.0.0.0:36158, s2:0.0.0.0:36910], old=null RUNNING
  s1:  RUNNING CANDIDATE s1@group-3D81F66BC438:t417, leader=null, voted=s1, raftlog=s1@group-3D81F66BC438-SegmentedRaftLog:OPENED:c10,f11,i11, conf=11: [s0:0.0.0.0:42154, s1:0.0.0.0:36158, s2:0.0.0.0:36910], old=null RUNNING
  s2:  RUNNING CANDIDATE s2@group-3D81F66BC438:t418, leader=null, voted=s2, raftlog=s2@group-3D81F66BC438-SegmentedRaftLog:OPENED:c10,f10,i10, conf=9: [s0:0.0.0.0:42154, s1:0.0.0.0:36158, s2:0.0.0.0:36910], old=null RUNNING
	at org.apache.ratis.MiniRaftCluster.newIllegalStateExceptionForNoLeaders(MiniRaftCluster.java:506)
	at org.apache.ratis.RaftTestUtil.lambda$waitForLeader$1(RaftTestUtil.java:90)
	at org.apache.ratis.MiniRaftCluster.getLeader(MiniRaftCluster.java:539)
	at org.apache.ratis.MiniRaftCluster.getLeader(MiniRaftCluster.java:532)
	at org.apache.ratis.RaftTestUtil.lambda$waitForLeader$3(RaftTestUtil.java:98)
	at org.apache.ratis.util.JavaUtils.attempt(JavaUtils.java:152)
	at org.apache.ratis.RaftTestUtil.waitForLeader(RaftTestUtil.java:97)
	at org.apache.ratis.RaftTestUtil.waitForLeader(RaftTestUtil.java:77)
	at org.apache.ratis.RaftTestUtil.waitForLeader(RaftTestUtil.java:72)
	at org.apache.ratis.RaftTestUtil.lambda$changeLeader$7(RaftTestUtil.java:363)
	at org.apache.ratis.util.JavaUtils.attempt(JavaUtils.java:152)
	at org.apache.ratis.RaftTestUtil.changeLeader(RaftTestUtil.java:362)
	at org.apache.ratis.server.impl.LeaderElectionTests.testChangeLeader(LeaderElectionTests.java:81)
	at sun.reflect.NativeMethodAccessorImpl.invoke0(Native Method)
	at sun.reflect.NativeMethodAccessorImpl.invoke(NativeMethodAccessorImpl.java:62)
	at sun.reflect.DelegatingMethodAccessorImpl.invoke(DelegatingMethodAccessorImpl.java:43)
	at java.lang.reflect.Method.invoke(Method.java:498)
	at org.junit.runners.model.FrameworkMethod$1.runReflectiveCall(FrameworkMethod.java:50)
	at org.junit.internal.runners.model.ReflectiveCallable.run(ReflectiveCallable.java:12)
	at org.junit.runners.model.FrameworkMethod.invokeExplosively(FrameworkMethod.java:47)
	at org.junit.internal.runners.statements.InvokeMethod.evaluate(InvokeMethod.java:17)
	at org.junit.internal.runners.statements.RunAfters.evaluate(RunAfters.java:27)
	at org.junit.internal.runners.statements.FailOnTimeout$CallableStatement.call(FailOnTimeout.java:298)
	at org.junit.internal.runners.statements.FailOnTimeout$CallableStatement.call(FailOnTimeout.java:292)
	at java.util.concurrent.FutureTask.run(FutureTask.java:266)
	at java.lang.Thread.run(Thread.java:748)
2019-09-24 12:01:05,046 INFO  impl.LeaderElection (LeaderElection.java:askForVotes(178)) - s0@group-3D81F66BC438-LeaderElection153: begin an election at term 418 for 11: [s0:0.0.0.0:42154, s1:0.0.0.0:36158, s2:0.0.0.0:36910], old=null
2019-09-24 12:01:05,046 DEBUG impl.RaftServerImpl (RaftServerImpl.java:requestVote(743)) - s0@group-3D81F66BC438: receive requestVote(s2, group-3D81F66BC438, 418, (t:13, i:10))
2019-09-24 12:01:05,047 DEBUG impl.RaftServerImpl (RaftServerImpl.java:requestVote(775)) - s0@group-3D81F66BC438 replies to vote request: s2<-s0#0:FAIL-t418. Peer's state: s0@group-3D81F66BC438:t418, leader=null, voted=s0, raftlog=s0@group-3D81F66BC438-SegmentedRaftLog:OPENED:c11,f12,i12, conf=11: [s0:0.0.0.0:42154, s1:0.0.0.0:36158, s2:0.0.0.0:36910], old=null
2019-09-24 12:01:05,098 INFO  impl.LeaderElection (LeaderElection.java:logAndReturn(56)) - s1@group-3D81F66BC438-LeaderElection150: Election TIMEOUT; received 1 response(s) [s1<-s0#0:FAIL-t417] and 0 exception(s); s1@group-3D81F66BC438:t417, leader=null, voted=s1, raftlog=s1@group-3D81F66BC438-SegmentedRaftLog:OPENED:c10,f11,i11, conf=11: [s0:0.0.0.0:42154, s1:0.0.0.0:36158, s2:0.0.0.0:36910], old=null
2019-09-24 12:01:05,111 INFO  impl.LeaderElection (LeaderElection.java:askForVotes(178)) - s1@group-3D81F66BC438-LeaderElection150: begin an election at term 418 for 11: [s0:0.0.0.0:42154, s1:0.0.0.0:36158, s2:0.0.0.0:36910], old=null
2019-09-24 12:01:05,112 DEBUG impl.RaftServerImpl (RaftServerImpl.java:requestVote(743)) - s0@group-3D81F66BC438: receive requestVote(s1, group-3D81F66BC438, 418, (t:14, i:11))
2019-09-24 12:01:05,112 DEBUG impl.RaftServerImpl (RaftServerImpl.java:requestVote(775)) - s0@group-3D81F66BC438 replies to vote request: s1<-s0#0:FAIL-t418. Peer's state: s0@group-3D81F66BC438:t418, leader=null, voted=s0, raftlog=s0@group-3D81F66BC438-SegmentedRaftLog:OPENED:c11,f12,i12, conf=11: [s0:0.0.0.0:42154, s1:0.0.0.0:36158, s2:0.0.0.0:36910], old=null
2019-09-24 12:01:05,252 INFO  impl.LeaderElection (LeaderElection.java:logAndReturn(56)) - s0@group-3D81F66BC438-LeaderElection153: Election TIMEOUT; received 0 response(s) [] and 0 exception(s); s0@group-3D81F66BC438:t418, leader=null, voted=s0, raftlog=s0@group-3D81F66BC438-SegmentedRaftLog:OPENED:c11,f12,i12, conf=11: [s0:0.0.0.0:42154, s1:0.0.0.0:36158, s2:0.0.0.0:36910], old=null
2019-09-24 12:01:05,258 INFO  impl.LeaderElection (LeaderElection.java:logAndReturn(56)) - s2@group-3D81F66BC438-LeaderElection154: Election TIMEOUT; received 1 response(s) [s2<-s0#0:FAIL-t418] and 0 exception(s); s2@group-3D81F66BC438:t418, leader=null, voted=s2, raftlog=s2@group-3D81F66BC438-SegmentedRaftLog:OPENED:c10,f10,i10, conf=9: [s0:0.0.0.0:42154, s1:0.0.0.0:36158, s2:0.0.0.0:36910], old=null
2019-09-24 12:01:05,265 INFO  impl.LeaderElection (LeaderElection.java:askForVotes(178)) - s2@group-3D81F66BC438-LeaderElection154: begin an election at term 419 for 9: [s0:0.0.0.0:42154, s1:0.0.0.0:36158, s2:0.0.0.0:36910], old=null
2019-09-24 12:01:05,265 INFO  impl.LeaderElection (LeaderElection.java:askForVotes(178)) - s0@group-3D81F66BC438-LeaderElection153: begin an election at term 419 for 11: [s0:0.0.0.0:42154, s1:0.0.0.0:36158, s2:0.0.0.0:36910], old=null
2019-09-24 12:01:05,266 DEBUG impl.RaftServerImpl (RaftServerImpl.java:requestVote(743)) - s0@group-3D81F66BC438: receive requestVote(s2, group-3D81F66BC438, 419, (t:13, i:10))
2019-09-24 12:01:05,266 DEBUG impl.RaftServerImpl (RaftServerImpl.java:requestVote(775)) - s0@group-3D81F66BC438 replies to vote request: s2<-s0#0:FAIL-t419. Peer's state: s0@group-3D81F66BC438:t419, leader=null, voted=s0, raftlog=s0@group-3D81F66BC438-SegmentedRaftLog:OPENED:c11,f12,i12, conf=11: [s0:0.0.0.0:42154, s1:0.0.0.0:36158, s2:0.0.0.0:36910], old=null
2019-09-24 12:01:05,332 WARN  ratis.RaftTestUtil (JavaUtils.java:attempt(158)) - FAILED "testChangeLeader-changeLeader", attempt #7/20: java.lang.InterruptedException: sleep interrupted, sleep 100ms and then retry.
java.lang.InterruptedException: sleep interrupted
	at java.lang.Thread.sleep(Native Method)
	at java.lang.Thread.sleep(Thread.java:340)
	at java.util.concurrent.TimeUnit.sleep(TimeUnit.java:386)
	at org.apache.ratis.util.TimeDuration.sleep(TimeDuration.java:215)
	at org.apache.ratis.util.TimeDuration.sleep(TimeDuration.java:207)
	at org.apache.ratis.util.JavaUtils.attempt(JavaUtils.java:163)
	at org.apache.ratis.RaftTestUtil.waitForLeader(RaftTestUtil.java:97)
	at org.apache.ratis.RaftTestUtil.waitForLeader(RaftTestUtil.java:77)
	at org.apache.ratis.RaftTestUtil.waitForLeader(RaftTestUtil.java:72)
	at org.apache.ratis.RaftTestUtil.lambda$changeLeader$7(RaftTestUtil.java:363)
	at org.apache.ratis.util.JavaUtils.attempt(JavaUtils.java:152)
	at org.apache.ratis.RaftTestUtil.changeLeader(RaftTestUtil.java:362)
	at org.apache.ratis.server.impl.LeaderElectionTests.testChangeLeader(LeaderElectionTests.java:81)
	at sun.reflect.NativeMethodAccessorImpl.invoke0(Native Method)
	at sun.reflect.NativeMethodAccessorImpl.invoke(NativeMethodAccessorImpl.java:62)
	at sun.reflect.DelegatingMethodAccessorImpl.invoke(DelegatingMethodAccessorImpl.java:43)
	at java.lang.reflect.Method.invoke(Method.java:498)
	at org.junit.runners.model.FrameworkMethod$1.runReflectiveCall(FrameworkMethod.java:50)
	at org.junit.internal.runners.model.ReflectiveCallable.run(ReflectiveCallable.java:12)
	at org.junit.runners.model.FrameworkMethod.invokeExplosively(FrameworkMethod.java:47)
	at org.junit.internal.runners.statements.InvokeMethod.evaluate(InvokeMethod.java:17)
	at org.junit.internal.runners.statements.RunAfters.evaluate(RunAfters.java:27)
	at org.junit.internal.runners.statements.FailOnTimeout$CallableStatement.call(FailOnTimeout.java:298)
	at org.junit.internal.runners.statements.FailOnTimeout$CallableStatement.call(FailOnTimeout.java:292)
	at java.util.concurrent.FutureTask.run(FutureTask.java:266)
	at java.lang.Thread.run(Thread.java:748)
]]></system-out>
  </testcase>
  <testcase name="testLeaderElectionMetrics" classname="org.apache.ratis.server.simulation.TestLeaderElectionWithSimulatedRpc" time="0.536"/>
</testsuite>