<?xml version="1.0" encoding="UTF-8"?>
<testsuite xmlns:xsi="http://www.w3.org/2001/XMLSchema-instance" xsi:noNamespaceSchemaLocation="https://maven.apache.org/surefire/maven-surefire-plugin/xsd/surefire-test-report.xsd" name="org.apache.ratis.server.simulation.TestRaftSnapshotWithSimulatedRpc" time="7.54" tests="2" errors="0" skipped="0" failures="1">
  <properties>
    <property name="awt.toolkit" value="sun.awt.X11.XToolkit"/>
    <property name="file.encoding.pkg" value="sun.io"/>
    <property name="java.specification.version" value="1.8"/>
    <property name="sun.cpu.isalist" value=""/>
    <property name="sun.jnu.encoding" value="UTF-8"/>
    <property name="java.class.path" value="/workdir/ratis-test/target/test-classes:/workdir/ratis-test/target/classes:/workdir/ratis-common/target/classes:/home/user/.m2/repository/org/apache/ratis/ratis-thirdparty-misc/0.2.0/ratis-thirdparty-misc-0.2.0.jar:/workdir/ratis-proto/target/ratis-proto-0.5.0-SNAPSHOT.jar:/home/user/.m2/repository/org/slf4j/slf4j-log4j12/1.7.10/slf4j-log4j12-1.7.10.jar:/home/user/.m2/repository/log4j/log4j/1.2.17/log4j-1.2.17.jar:/workdir/ratis-common/target/test-classes:/workdir/ratis-client/target/classes:/workdir/ratis-server/target/classes:/workdir/ratis-metrics/target/classes:/home/user/.m2/repository/io/dropwizard/metrics/metrics-core/3.2.5/metrics-core-3.2.5.jar:/home/user/.m2/repository/com/github/joshelser/dropwizard-metrics-hadoop-metrics2-reporter/0.1.2/dropwizard-metrics-hadoop-metrics2-reporter-0.1.2.jar:/home/user/.m2/repository/org/apache/hadoop/hadoop-common/2.6.0/hadoop-common-2.6.0.jar:/home/user/.m2/repository/org/apache/hadoop/hadoop-annotations/2.6.0/hadoop-annotations-2.6.0.jar:/usr/lib/jvm/java-1.8-openjdk/jre/../lib/tools.jar:/home/user/.m2/repository/com/google/guava/guava/11.0.2/guava-11.0.2.jar:/home/user/.m2/repository/commons-cli/commons-cli/1.2/commons-cli-1.2.jar:/home/user/.m2/repository/org/apache/commons/commons-math3/3.1.1/commons-math3-3.1.1.jar:/home/user/.m2/repository/xmlenc/xmlenc/0.52/xmlenc-0.52.jar:/home/user/.m2/repository/commons-httpclient/commons-httpclient/3.1/commons-httpclient-3.1.jar:/home/user/.m2/repository/commons-codec/commons-codec/1.4/commons-codec-1.4.jar:/home/user/.m2/repository/commons-io/commons-io/2.4/commons-io-2.4.jar:/home/user/.m2/repository/commons-net/commons-net/3.1/commons-net-3.1.jar:/home/user/.m2/repository/commons-collections/commons-collections/3.2.1/commons-collections-3.2.1.jar:/home/user/.m2/repository/javax/servlet/servlet-api/2.5/servlet-api-2.5.jar:/home/user/.m2/repository/org/mortbay/jetty/jetty/6.1.26/jetty-6.1.26.jar:/home/user/.m2/repository/org/mortbay/jetty/jetty-util/6.1.26/jetty-util-6.1.26.jar:/home/user/.m2/repository/com/sun/jersey/jersey-core/1.9/jersey-core-1.9.jar:/home/user/.m2/repository/com/sun/jersey/jersey-json/1.9/jersey-json-1.9.jar:/home/user/.m2/repository/org/codehaus/jettison/jettison/1.1/jettison-1.1.jar:/home/user/.m2/repository/com/sun/xml/bind/jaxb-impl/2.2.3-1/jaxb-impl-2.2.3-1.jar:/home/user/.m2/repository/javax/xml/bind/jaxb-api/2.2.2/jaxb-api-2.2.2.jar:/home/user/.m2/repository/javax/xml/stream/stax-api/1.0-2/stax-api-1.0-2.jar:/home/user/.m2/repository/javax/activation/activation/1.1/activation-1.1.jar:/home/user/.m2/repository/org/codehaus/jackson/jackson-jaxrs/1.8.3/jackson-jaxrs-1.8.3.jar:/home/user/.m2/repository/org/codehaus/jackson/jackson-xc/1.8.3/jackson-xc-1.8.3.jar:/home/user/.m2/repository/com/sun/jersey/jersey-server/1.9/jersey-server-1.9.jar:/home/user/.m2/repository/asm/asm/3.1/asm-3.1.jar:/home/user/.m2/repository/tomcat/jasper-compiler/5.5.23/jasper-compiler-5.5.23.jar:/home/user/.m2/repository/tomcat/jasper-runtime/5.5.23/jasper-runtime-5.5.23.jar:/home/user/.m2/repository/javax/servlet/jsp/jsp-api/2.1/jsp-api-2.1.jar:/home/user/.m2/repository/commons-el/commons-el/1.0/commons-el-1.0.jar:/home/user/.m2/repository/commons-logging/commons-logging/1.1.3/commons-logging-1.1.3.jar:/home/user/.m2/repository/net/java/dev/jets3t/jets3t/0.9.0/jets3t-0.9.0.jar:/home/user/.m2/repository/org/apache/httpcomponents/httpclient/4.1.2/httpclient-4.1.2.jar:/home/user/.m2/repository/org/apache/httpcomponents/httpcore/4.1.2/httpcore-4.1.2.jar:/home/user/.m2/repository/com/jamesmurty/utils/java-xmlbuilder/0.4/java-xmlbuilder-0.4.jar:/home/user/.m2/repository/commons-lang/commons-lang/2.6/commons-lang-2.6.jar:/home/user/.m2/repository/commons-configuration/commons-configuration/1.6/commons-configuration-1.6.jar:/home/user/.m2/repository/commons-digester/commons-digester/1.8/commons-digester-1.8.jar:/home/user/.m2/repository/commons-beanutils/commons-beanutils/1.7.0/commons-beanutils-1.7.0.jar:/home/user/.m2/repository/commons-beanutils/commons-beanutils-core/1.8.0/commons-beanutils-core-1.8.0.jar:/home/user/.m2/repository/org/codehaus/jackson/jackson-core-asl/1.9.13/jackson-core-asl-1.9.13.jar:/home/user/.m2/repository/org/codehaus/jackson/jackson-mapper-asl/1.9.13/jackson-mapper-asl-1.9.13.jar:/home/user/.m2/repository/org/apache/avro/avro/1.7.4/avro-1.7.4.jar:/home/user/.m2/repository/com/thoughtworks/paranamer/paranamer/2.3/paranamer-2.3.jar:/home/user/.m2/repository/org/xerial/snappy/snappy-java/1.0.4.1/snappy-java-1.0.4.1.jar:/home/user/.m2/repository/com/google/protobuf/protobuf-java/2.5.0/protobuf-java-2.5.0.jar:/home/user/.m2/repository/com/google/code/gson/gson/2.2.4/gson-2.2.4.jar:/home/user/.m2/repository/org/apache/hadoop/hadoop-auth/2.6.0/hadoop-auth-2.6.0.jar:/home/user/.m2/repository/org/apache/directory/server/apacheds-kerberos-codec/2.0.0-M15/apacheds-kerberos-codec-2.0.0-M15.jar:/home/user/.m2/repository/org/apache/directory/server/apacheds-i18n/2.0.0-M15/apacheds-i18n-2.0.0-M15.jar:/home/user/.m2/repository/org/apache/directory/api/api-asn1-api/1.0.0-M20/api-asn1-api-1.0.0-M20.jar:/home/user/.m2/repository/org/apache/directory/api/api-util/1.0.0-M20/api-util-1.0.0-M20.jar:/home/user/.m2/repository/org/apache/curator/curator-framework/2.6.0/curator-framework-2.6.0.jar:/home/user/.m2/repository/com/jcraft/jsch/0.1.42/jsch-0.1.42.jar:/home/user/.m2/repository/org/apache/curator/curator-client/2.6.0/curator-client-2.6.0.jar:/home/user/.m2/repository/org/apache/curator/curator-recipes/2.6.0/curator-recipes-2.6.0.jar:/home/user/.m2/repository/com/google/code/findbugs/jsr305/1.3.9/jsr305-1.3.9.jar:/home/user/.m2/repository/org/htrace/htrace-core/3.0.4/htrace-core-3.0.4.jar:/home/user/.m2/repository/org/apache/zookeeper/zookeeper/3.4.6/zookeeper-3.4.6.jar:/home/user/.m2/repository/io/netty/netty/3.7.0.Final/netty-3.7.0.Final.jar:/home/user/.m2/repository/org/apache/commons/commons-compress/1.4.1/commons-compress-1.4.1.jar:/home/user/.m2/repository/org/tukaani/xz/1.0/xz-1.0.jar:/home/user/.m2/repository/io/dropwizard/metrics/metrics-jvm/3.2.5/metrics-jvm-3.2.5.jar:/home/user/.m2/repository/io/dropwizard/metrics/metrics-ganglia/3.2.5/metrics-ganglia-3.2.5.jar:/home/user/.m2/repository/info/ganglia/gmetric4j/gmetric4j/1.0.7/gmetric4j-1.0.7.jar:/workdir/ratis-server/target/test-classes:/workdir/ratis-netty/target/classes:/workdir/ratis-netty/target/test-classes:/workdir/ratis-grpc/target/classes:/workdir/ratis-grpc/target/test-classes:/home/user/.m2/repository/org/slf4j/slf4j-api/1.7.10/slf4j-api-1.7.10.jar:/home/user/.m2/repository/junit/junit/4.12/junit-4.12.jar:/home/user/.m2/repository/org/hamcrest/hamcrest-core/1.3/hamcrest-core-1.3.jar:/home/user/.m2/repository/org/mockito/mockito-all/1.8.5/mockito-all-1.8.5.jar:"/>
    <property name="java.vm.vendor" value="IcedTea"/>
    <property name="sun.arch.data.model" value="64"/>
    <property name="java.vendor.url" value="https://icedtea.classpath.org"/>
    <property name="user.timezone" value=""/>
    <property name="java.vm.specification.version" value="1.8"/>
    <property name="os.name" value="Linux"/>
    <property name="user.country" value="US"/>
    <property name="sun.java.launcher" value="SUN_STANDARD"/>
    <property name="sun.boot.library.path" value="/usr/lib/jvm/java-1.8-openjdk/jre/lib/amd64"/>
    <property name="sun.java.command" value="/workdir/ratis-test/target/surefire/surefirebooter7985256230067727048.jar /workdir/ratis-test/target/surefire 2019-09-24T11-55-26_108-jvmRun1 surefire1663141766664505082tmp surefire_152798012632402986966tmp"/>
    <property name="surefire.test.class.path" value="/workdir/ratis-test/target/test-classes:/workdir/ratis-test/target/classes:/workdir/ratis-common/target/classes:/home/user/.m2/repository/org/apache/ratis/ratis-thirdparty-misc/0.2.0/ratis-thirdparty-misc-0.2.0.jar:/workdir/ratis-proto/target/ratis-proto-0.5.0-SNAPSHOT.jar:/home/user/.m2/repository/org/slf4j/slf4j-log4j12/1.7.10/slf4j-log4j12-1.7.10.jar:/home/user/.m2/repository/log4j/log4j/1.2.17/log4j-1.2.17.jar:/workdir/ratis-common/target/test-classes:/workdir/ratis-client/target/classes:/workdir/ratis-server/target/classes:/workdir/ratis-metrics/target/classes:/home/user/.m2/repository/io/dropwizard/metrics/metrics-core/3.2.5/metrics-core-3.2.5.jar:/home/user/.m2/repository/com/github/joshelser/dropwizard-metrics-hadoop-metrics2-reporter/0.1.2/dropwizard-metrics-hadoop-metrics2-reporter-0.1.2.jar:/home/user/.m2/repository/org/apache/hadoop/hadoop-common/2.6.0/hadoop-common-2.6.0.jar:/home/user/.m2/repository/org/apache/hadoop/hadoop-annotations/2.6.0/hadoop-annotations-2.6.0.jar:/usr/lib/jvm/java-1.8-openjdk/jre/../lib/tools.jar:/home/user/.m2/repository/com/google/guava/guava/11.0.2/guava-11.0.2.jar:/home/user/.m2/repository/commons-cli/commons-cli/1.2/commons-cli-1.2.jar:/home/user/.m2/repository/org/apache/commons/commons-math3/3.1.1/commons-math3-3.1.1.jar:/home/user/.m2/repository/xmlenc/xmlenc/0.52/xmlenc-0.52.jar:/home/user/.m2/repository/commons-httpclient/commons-httpclient/3.1/commons-httpclient-3.1.jar:/home/user/.m2/repository/commons-codec/commons-codec/1.4/commons-codec-1.4.jar:/home/user/.m2/repository/commons-io/commons-io/2.4/commons-io-2.4.jar:/home/user/.m2/repository/commons-net/commons-net/3.1/commons-net-3.1.jar:/home/user/.m2/repository/commons-collections/commons-collections/3.2.1/commons-collections-3.2.1.jar:/home/user/.m2/repository/javax/servlet/servlet-api/2.5/servlet-api-2.5.jar:/home/user/.m2/repository/org/mortbay/jetty/jetty/6.1.26/jetty-6.1.26.jar:/home/user/.m2/repository/org/mortbay/jetty/jetty-util/6.1.26/jetty-util-6.1.26.jar:/home/user/.m2/repository/com/sun/jersey/jersey-core/1.9/jersey-core-1.9.jar:/home/user/.m2/repository/com/sun/jersey/jersey-json/1.9/jersey-json-1.9.jar:/home/user/.m2/repository/org/codehaus/jettison/jettison/1.1/jettison-1.1.jar:/home/user/.m2/repository/com/sun/xml/bind/jaxb-impl/2.2.3-1/jaxb-impl-2.2.3-1.jar:/home/user/.m2/repository/javax/xml/bind/jaxb-api/2.2.2/jaxb-api-2.2.2.jar:/home/user/.m2/repository/javax/xml/stream/stax-api/1.0-2/stax-api-1.0-2.jar:/home/user/.m2/repository/javax/activation/activation/1.1/activation-1.1.jar:/home/user/.m2/repository/org/codehaus/jackson/jackson-jaxrs/1.8.3/jackson-jaxrs-1.8.3.jar:/home/user/.m2/repository/org/codehaus/jackson/jackson-xc/1.8.3/jackson-xc-1.8.3.jar:/home/user/.m2/repository/com/sun/jersey/jersey-server/1.9/jersey-server-1.9.jar:/home/user/.m2/repository/asm/asm/3.1/asm-3.1.jar:/home/user/.m2/repository/tomcat/jasper-compiler/5.5.23/jasper-compiler-5.5.23.jar:/home/user/.m2/repository/tomcat/jasper-runtime/5.5.23/jasper-runtime-5.5.23.jar:/home/user/.m2/repository/javax/servlet/jsp/jsp-api/2.1/jsp-api-2.1.jar:/home/user/.m2/repository/commons-el/commons-el/1.0/commons-el-1.0.jar:/home/user/.m2/repository/commons-logging/commons-logging/1.1.3/commons-logging-1.1.3.jar:/home/user/.m2/repository/net/java/dev/jets3t/jets3t/0.9.0/jets3t-0.9.0.jar:/home/user/.m2/repository/org/apache/httpcomponents/httpclient/4.1.2/httpclient-4.1.2.jar:/home/user/.m2/repository/org/apache/httpcomponents/httpcore/4.1.2/httpcore-4.1.2.jar:/home/user/.m2/repository/com/jamesmurty/utils/java-xmlbuilder/0.4/java-xmlbuilder-0.4.jar:/home/user/.m2/repository/commons-lang/commons-lang/2.6/commons-lang-2.6.jar:/home/user/.m2/repository/commons-configuration/commons-configuration/1.6/commons-configuration-1.6.jar:/home/user/.m2/repository/commons-digester/commons-digester/1.8/commons-digester-1.8.jar:/home/user/.m2/repository/commons-beanutils/commons-beanutils/1.7.0/commons-beanutils-1.7.0.jar:/home/user/.m2/repository/commons-beanutils/commons-beanutils-core/1.8.0/commons-beanutils-core-1.8.0.jar:/home/user/.m2/repository/org/codehaus/jackson/jackson-core-asl/1.9.13/jackson-core-asl-1.9.13.jar:/home/user/.m2/repository/org/codehaus/jackson/jackson-mapper-asl/1.9.13/jackson-mapper-asl-1.9.13.jar:/home/user/.m2/repository/org/apache/avro/avro/1.7.4/avro-1.7.4.jar:/home/user/.m2/repository/com/thoughtworks/paranamer/paranamer/2.3/paranamer-2.3.jar:/home/user/.m2/repository/org/xerial/snappy/snappy-java/1.0.4.1/snappy-java-1.0.4.1.jar:/home/user/.m2/repository/com/google/protobuf/protobuf-java/2.5.0/protobuf-java-2.5.0.jar:/home/user/.m2/repository/com/google/code/gson/gson/2.2.4/gson-2.2.4.jar:/home/user/.m2/repository/org/apache/hadoop/hadoop-auth/2.6.0/hadoop-auth-2.6.0.jar:/home/user/.m2/repository/org/apache/directory/server/apacheds-kerberos-codec/2.0.0-M15/apacheds-kerberos-codec-2.0.0-M15.jar:/home/user/.m2/repository/org/apache/directory/server/apacheds-i18n/2.0.0-M15/apacheds-i18n-2.0.0-M15.jar:/home/user/.m2/repository/org/apache/directory/api/api-asn1-api/1.0.0-M20/api-asn1-api-1.0.0-M20.jar:/home/user/.m2/repository/org/apache/directory/api/api-util/1.0.0-M20/api-util-1.0.0-M20.jar:/home/user/.m2/repository/org/apache/curator/curator-framework/2.6.0/curator-framework-2.6.0.jar:/home/user/.m2/repository/com/jcraft/jsch/0.1.42/jsch-0.1.42.jar:/home/user/.m2/repository/org/apache/curator/curator-client/2.6.0/curator-client-2.6.0.jar:/home/user/.m2/repository/org/apache/curator/curator-recipes/2.6.0/curator-recipes-2.6.0.jar:/home/user/.m2/repository/com/google/code/findbugs/jsr305/1.3.9/jsr305-1.3.9.jar:/home/user/.m2/repository/org/htrace/htrace-core/3.0.4/htrace-core-3.0.4.jar:/home/user/.m2/repository/org/apache/zookeeper/zookeeper/3.4.6/zookeeper-3.4.6.jar:/home/user/.m2/repository/io/netty/netty/3.7.0.Final/netty-3.7.0.Final.jar:/home/user/.m2/repository/org/apache/commons/commons-compress/1.4.1/commons-compress-1.4.1.jar:/home/user/.m2/repository/org/tukaani/xz/1.0/xz-1.0.jar:/home/user/.m2/repository/io/dropwizard/metrics/metrics-jvm/3.2.5/metrics-jvm-3.2.5.jar:/home/user/.m2/repository/io/dropwizard/metrics/metrics-ganglia/3.2.5/metrics-ganglia-3.2.5.jar:/home/user/.m2/repository/info/ganglia/gmetric4j/gmetric4j/1.0.7/gmetric4j-1.0.7.jar:/workdir/ratis-server/target/test-classes:/workdir/ratis-netty/target/classes:/workdir/ratis-netty/target/test-classes:/workdir/ratis-grpc/target/classes:/workdir/ratis-grpc/target/test-classes:/home/user/.m2/repository/org/slf4j/slf4j-api/1.7.10/slf4j-api-1.7.10.jar:/home/user/.m2/repository/junit/junit/4.12/junit-4.12.jar:/home/user/.m2/repository/org/hamcrest/hamcrest-core/1.3/hamcrest-core-1.3.jar:/home/user/.m2/repository/org/mockito/mockito-all/1.8.5/mockito-all-1.8.5.jar:"/>
    <property name="sun.cpu.endian" value="little"/>
    <property name="user.home" value="/home/user"/>
    <property name="user.language" value="en"/>
    <property name="java.specification.vendor" value="Oracle Corporation"/>
    <property name="java.home" value="/usr/lib/jvm/java-1.8-openjdk/jre"/>
    <property name="basedir" value="/workdir/ratis-test"/>
    <property name="file.separator" value="/"/>
    <property name="line.separator" value="&#10;"/>
    <property name="java.vm.specification.vendor" value="Oracle Corporation"/>
    <property name="java.specification.name" value="Java Platform API Specification"/>
    <property name="java.awt.graphicsenv" value="sun.awt.X11GraphicsEnvironment"/>
    <property name="surefire.real.class.path" value="/workdir/ratis-test/target/surefire/surefirebooter7985256230067727048.jar"/>
    <property name="sun.boot.class.path" value="/usr/lib/jvm/java-1.8-openjdk/jre/lib/resources.jar:/usr/lib/jvm/java-1.8-openjdk/jre/lib/rt.jar:/usr/lib/jvm/java-1.8-openjdk/jre/lib/sunrsasign.jar:/usr/lib/jvm/java-1.8-openjdk/jre/lib/jsse.jar:/usr/lib/jvm/java-1.8-openjdk/jre/lib/jce.jar:/usr/lib/jvm/java-1.8-openjdk/jre/lib/charsets.jar:/usr/lib/jvm/java-1.8-openjdk/jre/lib/jfr.jar:/usr/lib/jvm/java-1.8-openjdk/jre/classes"/>
    <property name="sun.management.compiler" value="HotSpot 64-Bit Tiered Compilers"/>
    <property name="java.runtime.version" value="1.8.0_212-b04"/>
    <property name="java.net.preferIPv4Stack" value="true"/>
    <property name="user.name" value="jenkins1000"/>
    <property name="path.separator" value=":"/>
    <property name="os.version" value="3.10.0-957.12.2.el7.x86_64"/>
    <property name="java.endorsed.dirs" value="/usr/lib/jvm/java-1.8-openjdk/jre/lib/endorsed"/>
    <property name="java.runtime.name" value="OpenJDK Runtime Environment"/>
    <property name="file.encoding" value="UTF-8"/>
    <property name="java.vm.name" value="OpenJDK 64-Bit Server VM"/>
    <property name="localRepository" value="/home/user/.m2/repository"/>
    <property name="java.vendor.url.bug" value="https://icedtea.classpath.org/bugzilla"/>
    <property name="java.io.tmpdir" value="/tmp"/>
    <property name="java.version" value="1.8.0_212"/>
    <property name="user.dir" value="/workdir/ratis-test"/>
    <property name="os.arch" value="amd64"/>
    <property name="ratis.tmp.dir" value="/workdir/ratis-test/target/tmp"/>
    <property name="java.vm.specification.name" value="Java Virtual Machine Specification"/>
    <property name="java.awt.printerjob" value="sun.print.PSPrinterJob"/>
    <property name="ratis.log.dir" value="/workdir/ratis-test/target/log"/>
    <property name="sun.os.patch.level" value="unknown"/>
    <property name="java.library.path" value="/usr/lib/jvm/java-1.8-openjdk/jre/lib/amd64/server:/usr/lib/jvm/java-1.8-openjdk/jre/lib/amd64:/usr/lib/jvm/java-1.8-openjdk/jre/../lib/amd64:/usr/java/packages/lib/amd64:/usr/lib64:/lib64:/lib:/usr/lib"/>
    <property name="java.vm.info" value="mixed mode"/>
    <property name="java.vendor" value="IcedTea"/>
    <property name="java.vm.version" value="25.212-b04"/>
    <property name="java.ext.dirs" value="/usr/lib/jvm/java-1.8-openjdk/jre/lib/ext:/usr/java/packages/lib/ext"/>
    <property name="sun.io.unicode.encoding" value="UnicodeLittle"/>
    <property name="java.class.version" value="52.0"/>
  </properties>
  <testcase name="testRestartPeer" classname="org.apache.ratis.server.simulation.TestRaftSnapshotWithSimulatedRpc" time="3.181"/>
  <testcase name="testBasicInstallSnapshot" classname="org.apache.ratis.server.simulation.TestRaftSnapshotWithSimulatedRpc" time="4.188">
    <failure type="java.lang.AssertionError">java.lang.AssertionError
</failure>
    <system-out><![CDATA[2019-09-24 11:59:06,292 INFO  util.LogUtils (LogUtils.java:setLogLevel(41)) - Set org.apache.ratis.conf.ConfUtils log level to WARN
2019-09-24 11:59:06,293 INFO  util.LogUtils (LogUtils.java:setLogLevel(41)) - Set org.apache.ratis.util.FileUtils log level to TRACE
2019-09-24 11:59:06,293 INFO  util.LogUtils (LogUtils.java:setLogLevel(41)) - Set org.apache.ratis.server.impl.RaftServerImpl log level to DEBUG
2019-09-24 11:59:06,293 INFO  util.LogUtils (LogUtils.java:setLogLevel(41)) - Set org.apache.ratis.server.raftlog.RaftLog log level to DEBUG
2019-09-24 11:59:06,294 INFO  util.LogUtils (LogUtils.java:setLogLevel(41)) - Set org.apache.ratis.client.RaftClient log level to DEBUG
2019-09-24 11:59:06,295 INFO  simulation.MiniRaftClusterWithSimulatedRpc (ConfUtils.java:logGet(43)) - org.apache.ratis.server.simulation.SimulatedRequestReply.simulateLatencyMs = 150 (default)
2019-09-24 11:59:06,296 INFO  ratis.MiniRaftCluster (MiniRaftCluster.java:<init>(253)) - new MiniRaftClusterWithSimulatedRpc with group-5A033B22A403:[s0:0.0.0.0:34864]
2019-09-24 11:59:06,296 INFO  ratis.MiniRaftCluster (MiniRaftCluster.java:start(287)) - .............................................................. 
2019-09-24 11:59:06,296 INFO  ratis.MiniRaftCluster (MiniRaftCluster.java:start(288)) - ... 
2019-09-24 11:59:06,296 INFO  ratis.MiniRaftCluster (MiniRaftCluster.java:start(289)) - ...     Starting MiniRaftClusterWithSimulatedRpc
2019-09-24 11:59:06,297 INFO  ratis.MiniRaftCluster (MiniRaftCluster.java:start(290)) - ... 
2019-09-24 11:59:06,297 INFO  ratis.MiniRaftCluster (MiniRaftCluster.java:start(291)) - .............................................................. 
2019-09-24 11:59:06,297 INFO  ratis.MiniRaftCluster (MiniRaftCluster.java:initServers(265)) - servers = {}
2019-09-24 11:59:06,297 INFO  ratis.MiniRaftCluster (MiniRaftCluster.java:newRaftServer(330)) - newRaftServer: s0, group-5A033B22A403:[s0:0.0.0.0:34864], format? true
2019-09-24 11:59:06,298 TRACE util.FileUtils (FileUtils.java:deleteFully(88)) - deleteFully target/test/data/13be305f/MiniRaftClusterWithSimulatedRpc285e57b8/s0
2019-09-24 11:59:06,298 TRACE util.FileUtils (FileUtils.java:deleteFully(104)) - deleteFully: target/test/data/13be305f/MiniRaftClusterWithSimulatedRpc285e57b8/s0 does not exist.
2019-09-24 11:59:06,298 INFO  ratis.MiniRaftCluster (MiniRaftCluster.java:newRaftServer(335)) - Formatted directory target/test/data/13be305f/MiniRaftClusterWithSimulatedRpc285e57b8/s0
2019-09-24 11:59:06,299 INFO  impl.RaftServerProxy (ConfUtils.java:logGet(43)) - raft.rpc.type = org.apache.ratis.server.simulation.SimulatedRpc (custom)
2019-09-24 11:59:06,300 INFO  server.RaftServerConfigKeys (ConfUtils.java:logGet(43)) - raft.server.storage.dir = [/workdir/ratis-test/target/test/data/13be305f/MiniRaftClusterWithSimulatedRpc285e57b8/s0] (custom)
2019-09-24 11:59:06,301 INFO  impl.RaftServerProxy (RaftServerProxy.java:addNew(89)) - s0: addNew group-5A033B22A403:[s0:0.0.0.0:34864] returns group-5A033B22A403:java.util.concurrent.CompletableFuture@4577679f[Not completed]
2019-09-24 11:59:06,301 INFO  server.RaftServerConfigKeys (ConfUtils.java:logGet(43)) - raft.server.log.segment.size.max = 8MB (=8388608) (default)
2019-09-24 11:59:06,301 INFO  server.RaftServerConfigKeys (ConfUtils.java:logGet(43)) - raft.server.log.preallocated.size = 4MB (=4194304) (default)
2019-09-24 11:59:06,301 INFO  server.RaftServerConfigKeys (ConfUtils.java:logGet(43)) - raft.server.log.write.buffer.size = 64KB (=65536) (default)
2019-09-24 11:59:06,302 INFO  impl.RaftServerImpl (RaftServerImpl.java:<init>(95)) - s0: new RaftServerImpl for group-5A033B22A403:[s0:0.0.0.0:34864] with SimpleStateMachine4Testing:uninitialized
2019-09-24 11:59:06,302 INFO  server.RaftServerConfigKeys (ConfUtils.java:logGet(43)) - raft.server.rpc.timeout.min = 150ms (default)
2019-09-24 11:59:06,302 INFO  server.RaftServerConfigKeys (ConfUtils.java:logGet(43)) - raft.server.rpc.timeout.max = 300ms (default)
2019-09-24 11:59:06,302 INFO  server.RaftServerConfigKeys (ConfUtils.java:logGet(43)) - raft.server.rpcslowness.timeout = 60s (default)
2019-09-24 11:59:06,303 INFO  server.RaftServerConfigKeys (ConfUtils.java:logGet(43)) - raft.server.sleep.deviation.threshold = 300 (default)
2019-09-24 11:59:06,303 INFO  server.RaftServerConfigKeys (ConfUtils.java:logGet(43)) - raft.server.log.appender.install.snapshot.enabled = true (default)
2019-09-24 11:59:06,303 INFO  impl.RaftServerImpl (ServerState.java:<init>(103)) - s0@group-5A033B22A403: ConfigurationManager, init=-1: [s0:0.0.0.0:34864], old=null, confs=<EMPTY_MAP>
2019-09-24 11:59:06,303 INFO  server.RaftServerConfigKeys (ConfUtils.java:logGet(43)) - raft.server.storage.dir = [/workdir/ratis-test/target/test/data/13be305f/MiniRaftClusterWithSimulatedRpc285e57b8/s0] (custom)
2019-09-24 11:59:06,304 INFO  server.RaftServerConfigKeys (ConfUtils.java:logGet(43)) - raft.server.log.corruption.policy = EXCEPTION (default)
2019-09-24 11:59:06,304 INFO  storage.RaftStorageDirectory (RaftStorageDirectory.java:analyzeStorage(246)) - The storage directory /workdir/ratis-test/target/test/data/13be305f/MiniRaftClusterWithSimulatedRpc285e57b8/s0/dc54caf4-714d-47f9-a6db-5a033b22a403 does not exist. Creating ...
2019-09-24 11:59:06,305 TRACE util.FileUtils (LogUtils.java:runAndLog(61)) - Successfully ran Files.createDirectories /workdir/ratis-test/target/test/data/13be305f/MiniRaftClusterWithSimulatedRpc285e57b8/s0/dc54caf4-714d-47f9-a6db-5a033b22a403
2019-09-24 11:59:06,335 INFO  storage.RaftStorageDirectory (RaftStorageDirectory.java:tryLock(328)) - Lock on /workdir/ratis-test/target/test/data/13be305f/MiniRaftClusterWithSimulatedRpc285e57b8/s0/dc54caf4-714d-47f9-a6db-5a033b22a403/in_use.lock acquired by nodename 15739@ratis-test-nppbd-817190658
2019-09-24 11:59:06,336 TRACE util.FileUtils (LogUtils.java:runAndLog(61)) - Successfully ran Files.createDirectories /workdir/ratis-test/target/test/data/13be305f/MiniRaftClusterWithSimulatedRpc285e57b8/s0/dc54caf4-714d-47f9-a6db-5a033b22a403/current
2019-09-24 11:59:06,336 TRACE util.FileUtils (LogUtils.java:runAndLog(61)) - Successfully ran Files.createDirectories /workdir/ratis-test/target/test/data/13be305f/MiniRaftClusterWithSimulatedRpc285e57b8/s0/dc54caf4-714d-47f9-a6db-5a033b22a403/sm
2019-09-24 11:59:06,350 INFO  storage.RaftStorage (RaftStorage.java:format(84)) - Storage directory /workdir/ratis-test/target/test/data/13be305f/MiniRaftClusterWithSimulatedRpc285e57b8/s0/dc54caf4-714d-47f9-a6db-5a033b22a403 has been successfully formatted.
2019-09-24 11:59:06,350 INFO  statemachine.SimpleStateMachine4Testing (SimpleStateMachine4Testing.java:initialize(206)) - Initializing SimpleStateMachine4Testing:uninitialized
2019-09-24 11:59:06,350 INFO  statemachine.SimpleStateMachine4Testing (SimpleStateMachine4Testing.java:loadSnapshot(296)) - The snapshot file null does not exist
2019-09-24 11:59:06,351 INFO  server.RaftServerConfigKeys (ConfUtils.java:logGet(43)) - raft.server.notification.no-leader.timeout = 60s (default)
2019-09-24 11:59:06,351 INFO  server.RaftServerConfigKeys (ConfUtils.java:logGet(43)) - raft.server.log.use.memory = false (default)
2019-09-24 11:59:06,351 INFO  server.RaftServerConfigKeys (ConfUtils.java:logGet(43)) - raft.server.log.purge.gap = 1024 (default)
2019-09-24 11:59:06,351 INFO  server.RaftServerConfigKeys (ConfUtils.java:logGet(43)) - raft.server.log.appender.buffer.byte-limit = 4MB (=4194304) (default)
2019-09-24 11:59:06,352 INFO  server.RaftServerConfigKeys (ConfUtils.java:logGet(43)) - raft.server.log.segment.size.max = 8MB (=8388608) (default)
2019-09-24 11:59:06,352 INFO  server.RaftServerConfigKeys (ConfUtils.java:logGet(43)) - raft.server.log.segment.cache.num.max = 6 (default)
2019-09-24 11:59:06,352 INFO  segmented.SegmentedRaftLogWorker (SegmentedRaftLogWorker.java:<init>(172)) - new s0@group-5A033B22A403-SegmentedRaftLogWorker for RaftStorage:Storage Directory /workdir/ratis-test/target/test/data/13be305f/MiniRaftClusterWithSimulatedRpc285e57b8/s0/dc54caf4-714d-47f9-a6db-5a033b22a403
2019-09-24 11:59:06,352 INFO  server.RaftServerConfigKeys (ConfUtils.java:logGet(43)) - raft.server.log.queue.byte-limit = 64MB (=67108864) (default)
2019-09-24 11:59:06,352 INFO  server.RaftServerConfigKeys (ConfUtils.java:logGet(43)) - raft.server.log.queue.element-limit = 4096 (default)
2019-09-24 11:59:06,353 INFO  server.RaftServerConfigKeys (ConfUtils.java:logGet(43)) - raft.server.log.segment.size.max = 8MB (=8388608) (default)
2019-09-24 11:59:06,353 INFO  server.RaftServerConfigKeys (ConfUtils.java:logGet(43)) - raft.server.log.preallocated.size = 4MB (=4194304) (default)
2019-09-24 11:59:06,353 INFO  server.RaftServerConfigKeys (ConfUtils.java:logGet(43)) - raft.server.log.write.buffer.size = 64KB (=65536) (default)
2019-09-24 11:59:06,353 INFO  server.RaftServerConfigKeys (ConfUtils.java:logGet(43)) - raft.server.log.force.sync.num = 128 (default)
2019-09-24 11:59:06,354 INFO  server.RaftServerConfigKeys (ConfUtils.java:logGet(43)) - raft.server.log.statemachine.data.sync = true (default)
2019-09-24 11:59:06,354 INFO  server.RaftServerConfigKeys (ConfUtils.java:logGet(43)) - raft.server.log.statemachine.data.sync.timeout = 10s (default)
2019-09-24 11:59:06,354 INFO  server.RaftServerConfigKeys (ConfUtils.java:logGet(43)) - raft.server.log.statemachine.data.sync.timeout.retry = -1 (default)
2019-09-24 11:59:06,354 INFO  server.RaftServerConfigKeys (ConfUtils.java:logGet(43)) - raft.server.log.statemachine.data.caching.enabled = false (default)
2019-09-24 11:59:06,355 INFO  segmented.SegmentedRaftLogWorker (SegmentedRaftLogWorker.java:lambda$new$0(132)) - s0@group-5A033B22A403-SegmentedRaftLogWorker: flushIndex: setUnconditionally 0 -> -1
2019-09-24 11:59:06,355 INFO  server.RaftServerConfigKeys (ConfUtils.java:logGet(43)) - raft.server.snapshot.auto.trigger.enabled = true (custom)
2019-09-24 11:59:06,355 INFO  server.RaftServerConfigKeys (ConfUtils.java:logGet(43)) - raft.server.snapshot.auto.trigger.threshold = 10 (custom)
2019-09-24 11:59:06,356 INFO  server.RaftServerConfigKeys (ConfUtils.java:logGet(43)) - raft.server.snapshot.retention.file.num = -1 (default)
2019-09-24 11:59:06,356 INFO  server.RaftServerConfigKeys (ConfUtils.java:logGet(43)) - raft.server.retrycache.expirytime = 60s (default)
2019-09-24 11:59:06,363 INFO  impl.RaftServerImpl (RaftServerImpl.java:start(181)) - s0@group-5A033B22A403: start as a follower, conf=-1: [s0:0.0.0.0:34864], old=null
2019-09-24 11:59:06,364 INFO  impl.RaftServerImpl (RaftServerImpl.java:setRole(170)) - s0@group-5A033B22A403: changes role from      null to FOLLOWER at term 0 for startAsFollower
2019-09-24 11:59:06,364 INFO  impl.RoleInfo (RoleInfo.java:updateAndGet(143)) - s0: start FollowerState
2019-09-24 11:59:06,365 INFO  util.JmxRegister (JmxRegister.java:tryRegister(44)) - Successfully registered JMX Bean with object name Ratis:service=RaftServer,group=group-5A033B22A403,id=s0
2019-09-24 11:59:06,372 INFO  impl.RaftServerProxy (RaftServerProxy.java:lambda$start$3(299)) - s0: start RPC server
2019-09-24 11:59:06,374 INFO  server.RaftServerConfigKeys (ConfUtils.java:logGet(43)) - raft.server.rpc.timeout.max = 300ms (default)
2019-09-24 11:59:06,374 INFO  ratis.RaftTestUtil (RaftTestUtil.java:waitForLeader(86)) - printing ALL groups
  s0:  RUNNING  FOLLOWER s0@group-5A033B22A403:t0, leader=null, voted=null, raftlog=s0@group-5A033B22A403-SegmentedRaftLog:OPENED:c-1,f-1,i0, conf=-1: [s0:0.0.0.0:34864], old=null RUNNING
2019-09-24 11:59:06,375 WARN  ratis.RaftTestUtil (JavaUtils.java:attempt(158)) - FAILED "waitForLeader-null-(expectLeader? true)", attempt #1/100: java.lang.IllegalStateException: No leader yet : printing ALL groups
  s0:  RUNNING  FOLLOWER s0@group-5A033B22A403:t0, leader=null, voted=null, raftlog=s0@group-5A033B22A403-SegmentedRaftLog:OPENED:c-1,f-1,i0, conf=-1: [s0:0.0.0.0:34864], old=null RUNNING, sleep 450ms and then retry.
java.lang.IllegalStateException: No leader yet : printing ALL groups
  s0:  RUNNING  FOLLOWER s0@group-5A033B22A403:t0, leader=null, voted=null, raftlog=s0@group-5A033B22A403-SegmentedRaftLog:OPENED:c-1,f-1,i0, conf=-1: [s0:0.0.0.0:34864], old=null RUNNING
	at org.apache.ratis.MiniRaftCluster.newIllegalStateExceptionForNoLeaders(MiniRaftCluster.java:506)
	at org.apache.ratis.RaftTestUtil.lambda$waitForLeader$1(RaftTestUtil.java:90)
	at org.apache.ratis.MiniRaftCluster.getLeader(MiniRaftCluster.java:539)
	at org.apache.ratis.MiniRaftCluster.getLeader(MiniRaftCluster.java:532)
	at org.apache.ratis.RaftTestUtil.lambda$waitForLeader$3(RaftTestUtil.java:98)
	at org.apache.ratis.util.JavaUtils.attempt(JavaUtils.java:152)
	at org.apache.ratis.RaftTestUtil.waitForLeader(RaftTestUtil.java:97)
	at org.apache.ratis.RaftTestUtil.waitForLeader(RaftTestUtil.java:77)
	at org.apache.ratis.RaftTestUtil.waitForLeader(RaftTestUtil.java:72)
	at org.apache.ratis.statemachine.RaftSnapshotBaseTest.testBasicInstallSnapshot(RaftSnapshotBaseTest.java:170)
	at sun.reflect.NativeMethodAccessorImpl.invoke0(Native Method)
	at sun.reflect.NativeMethodAccessorImpl.invoke(NativeMethodAccessorImpl.java:62)
	at sun.reflect.DelegatingMethodAccessorImpl.invoke(DelegatingMethodAccessorImpl.java:43)
	at java.lang.reflect.Method.invoke(Method.java:498)
	at org.junit.runners.model.FrameworkMethod$1.runReflectiveCall(FrameworkMethod.java:50)
	at org.junit.internal.runners.model.ReflectiveCallable.run(ReflectiveCallable.java:12)
	at org.junit.runners.model.FrameworkMethod.invokeExplosively(FrameworkMethod.java:47)
	at org.junit.internal.runners.statements.InvokeMethod.evaluate(InvokeMethod.java:17)
	at org.junit.internal.runners.statements.RunBefores.evaluate(RunBefores.java:26)
	at org.junit.internal.runners.statements.RunAfters.evaluate(RunAfters.java:27)
	at org.junit.internal.runners.statements.FailOnTimeout$CallableStatement.call(FailOnTimeout.java:298)
	at org.junit.internal.runners.statements.FailOnTimeout$CallableStatement.call(FailOnTimeout.java:292)
	at java.util.concurrent.FutureTask.run(FutureTask.java:266)
	at java.lang.Thread.run(Thread.java:748)
2019-09-24 11:59:06,662 INFO  impl.FollowerState (FollowerState.java:run(108)) - s0@group-5A033B22A403-FollowerState: change to CANDIDATE, lastRpcTime:297ms, electionTimeout:297ms
2019-09-24 11:59:06,663 INFO  impl.RoleInfo (RoleInfo.java:shutdownFollowerState(121)) - s0: shutdown FollowerState
2019-09-24 11:59:06,663 INFO  impl.RaftServerImpl (RaftServerImpl.java:setRole(170)) - s0@group-5A033B22A403: changes role from  FOLLOWER to CANDIDATE at term 0 for changeToCandidate
2019-09-24 11:59:06,663 INFO  impl.RoleInfo (RoleInfo.java:updateAndGet(143)) - s0: start LeaderElection
2019-09-24 11:59:06,714 INFO  impl.LeaderElection (LeaderElection.java:askForVotes(178)) - s0@group-5A033B22A403-LeaderElection3: begin an election at term 1 for -1: [s0:0.0.0.0:34864], old=null
2019-09-24 11:59:06,714 INFO  impl.RoleInfo (RoleInfo.java:shutdownLeaderElection(134)) - s0: shutdown LeaderElection
2019-09-24 11:59:06,714 INFO  impl.RaftServerImpl (RaftServerImpl.java:setRole(170)) - s0@group-5A033B22A403: changes role from CANDIDATE to LEADER at term 1 for changeToLeader
2019-09-24 11:59:06,714 INFO  impl.RaftServerImpl (ServerState.java:setLeader(254)) - s0@group-5A033B22A403: change Leader from null to s0 at term 1 for becomeLeader, leader elected after 363ms
2019-09-24 11:59:06,715 INFO  server.RaftServerConfigKeys (ConfUtils.java:logGet(43)) - raft.server.staging.catchup.gap = 1000 (default)
2019-09-24 11:59:06,715 INFO  server.RaftServerConfigKeys (ConfUtils.java:logGet(43)) - raft.server.rpc.sleep.time = 25ms (default)
2019-09-24 11:59:06,715 INFO  server.RaftServerConfigKeys (ConfUtils.java:logGet(43)) - raft.server.write.element-limit = 4096 (default)
2019-09-24 11:59:06,715 INFO  server.RaftServerConfigKeys (ConfUtils.java:logGet(43)) - raft.server.watch.timeout = 10s (default)
2019-09-24 11:59:06,715 INFO  server.RaftServerConfigKeys (ConfUtils.java:logGet(43)) - raft.server.watch.timeout.denomination = 1s (default)
2019-09-24 11:59:06,716 INFO  server.RaftServerConfigKeys (ConfUtils.java:logGet(43)) - raft.server.watch.element-limit = 65536 (default)
2019-09-24 11:59:06,720 INFO  impl.RoleInfo (RoleInfo.java:updateAndGet(143)) - s0: start LeaderState
2019-09-24 11:59:06,721 DEBUG raftlog.RaftLog (SegmentedRaftLog.java:appendImpl(425)) - truncateIndex=-1, arrayIndex=0
2019-09-24 11:59:06,721 INFO  segmented.SegmentedRaftLogWorker (SegmentedRaftLogWorker.java:startLogSegment(380)) - s0@group-5A033B22A403-SegmentedRaftLogWorker: Starting segment from index:0
2019-09-24 11:59:06,721 INFO  impl.RaftServerImpl (ServerState.java:setRaftConf(355)) - s0@group-5A033B22A403: set configuration 0: [s0:0.0.0.0:34864], old=null at 0
2019-09-24 11:59:06,798 INFO  segmented.SegmentedRaftLogWorker (SegmentedRaftLogWorker.java:execute(569)) - s0@group-5A033B22A403-SegmentedRaftLogWorker: created new log segment /workdir/ratis-test/target/test/data/13be305f/MiniRaftClusterWithSimulatedRpc285e57b8/s0/dc54caf4-714d-47f9-a6db-5a033b22a403/current/log_inprogress_0
2019-09-24 11:59:06,826 INFO  ratis.RaftTestUtil (RaftTestUtil.java:waitForLeader(101)) - printing ALL groups
  s0:  RUNNING    LEADER s0@group-5A033B22A403:t1, leader=s0, voted=s0, raftlog=s0@group-5A033B22A403-SegmentedRaftLog:OPENED:c0,f0,i0, conf=0: [s0:0.0.0.0:34864], old=null RUNNING
2019-09-24 11:59:06,827 DEBUG client.RaftClient (ConfUtils.java:logGet(43)) - raft.rpc.type = org.apache.ratis.server.simulation.SimulatedRpc (custom)
2019-09-24 11:59:06,827 DEBUG client.RaftClient (RaftClientImpl.java:sendRequest(275)) - client-165B1D8BBF88: send RaftClientRequest:client-165B1D8BBF88->s0@group-5A033B22A403, cid=19, seq=0, RW, m0
2019-09-24 11:59:06,827 DEBUG impl.RaftServerImpl (RaftServerImpl.java:submitClientRequestAsync(533)) - s0@group-5A033B22A403: receive client request(RaftClientRequest:client-165B1D8BBF88->s0@group-5A033B22A403, cid=19, seq=0, RW, m0)
2019-09-24 11:59:06,829 DEBUG impl.RaftServerImpl (LeaderState.java:addPendingRequest(317)) - s0@group-5A033B22A403-LeaderState: addPendingRequest at RaftClientRequest:client-165B1D8BBF88->s0@group-5A033B22A403, cid=19, seq=0, RW, m0, entry=(t:1, i:1), STATEMACHINELOGENTRY, client-165B1D8BBF88, cid=19
2019-09-24 11:59:06,840 INFO  statemachine.SimpleStateMachine4Testing (SimpleStateMachine4Testing.java:put(198)) - s0: put 1, m0 -> (t:1, i:1), STATEMACHINELOGENTRY, client-165B1D8BBF88, cid=19
2019-09-24 11:59:06,855 DEBUG client.RaftClient (RaftClientImpl.java:sendRequest(285)) - client-165B1D8BBF88: receive RaftClientReply:client-165B1D8BBF88->s0@group-5A033B22A403, cid=19, SUCCESS, logIndex=1, commits[s0:c1]
2019-09-24 11:59:06,855 DEBUG client.RaftClient (RaftClientImpl.java:sendRequest(275)) - client-165B1D8BBF88: send RaftClientRequest:client-165B1D8BBF88->s0@group-5A033B22A403, cid=20, seq=0, RW, m1
2019-09-24 11:59:06,855 DEBUG impl.RaftServerImpl (RaftServerImpl.java:submitClientRequestAsync(533)) - s0@group-5A033B22A403: receive client request(RaftClientRequest:client-165B1D8BBF88->s0@group-5A033B22A403, cid=20, seq=0, RW, m1)
2019-09-24 11:59:06,856 DEBUG impl.RaftServerImpl (LeaderState.java:addPendingRequest(317)) - s0@group-5A033B22A403-LeaderState: addPendingRequest at RaftClientRequest:client-165B1D8BBF88->s0@group-5A033B22A403, cid=20, seq=0, RW, m1, entry=(t:1, i:3), STATEMACHINELOGENTRY, client-165B1D8BBF88, cid=20
2019-09-24 11:59:06,868 INFO  statemachine.SimpleStateMachine4Testing (SimpleStateMachine4Testing.java:put(198)) - s0: put 3, m1 -> (t:1, i:3), STATEMACHINELOGENTRY, client-165B1D8BBF88, cid=20
2019-09-24 11:59:06,887 DEBUG client.RaftClient (RaftClientImpl.java:sendRequest(285)) - client-165B1D8BBF88: receive RaftClientReply:client-165B1D8BBF88->s0@group-5A033B22A403, cid=20, SUCCESS, logIndex=3, commits[s0:c3]
2019-09-24 11:59:06,887 DEBUG client.RaftClient (RaftClientImpl.java:sendRequest(275)) - client-165B1D8BBF88: send RaftClientRequest:client-165B1D8BBF88->s0@group-5A033B22A403, cid=21, seq=0, RW, m2
2019-09-24 11:59:06,888 DEBUG impl.RaftServerImpl (RaftServerImpl.java:submitClientRequestAsync(533)) - s0@group-5A033B22A403: receive client request(RaftClientRequest:client-165B1D8BBF88->s0@group-5A033B22A403, cid=21, seq=0, RW, m2)
2019-09-24 11:59:06,889 DEBUG impl.RaftServerImpl (LeaderState.java:addPendingRequest(317)) - s0@group-5A033B22A403-LeaderState: addPendingRequest at RaftClientRequest:client-165B1D8BBF88->s0@group-5A033B22A403, cid=21, seq=0, RW, m2, entry=(t:1, i:5), STATEMACHINELOGENTRY, client-165B1D8BBF88, cid=21
2019-09-24 11:59:06,900 INFO  statemachine.SimpleStateMachine4Testing (SimpleStateMachine4Testing.java:put(198)) - s0: put 5, m2 -> (t:1, i:5), STATEMACHINELOGENTRY, client-165B1D8BBF88, cid=21
2019-09-24 11:59:06,912 DEBUG client.RaftClient (RaftClientImpl.java:sendRequest(285)) - client-165B1D8BBF88: receive RaftClientReply:client-165B1D8BBF88->s0@group-5A033B22A403, cid=21, SUCCESS, logIndex=5, commits[s0:c5]
2019-09-24 11:59:06,912 DEBUG client.RaftClient (RaftClientImpl.java:sendRequest(275)) - client-165B1D8BBF88: send RaftClientRequest:client-165B1D8BBF88->s0@group-5A033B22A403, cid=22, seq=0, RW, m3
2019-09-24 11:59:06,913 DEBUG impl.RaftServerImpl (RaftServerImpl.java:submitClientRequestAsync(533)) - s0@group-5A033B22A403: receive client request(RaftClientRequest:client-165B1D8BBF88->s0@group-5A033B22A403, cid=22, seq=0, RW, m3)
2019-09-24 11:59:06,913 DEBUG impl.RaftServerImpl (LeaderState.java:addPendingRequest(317)) - s0@group-5A033B22A403-LeaderState: addPendingRequest at RaftClientRequest:client-165B1D8BBF88->s0@group-5A033B22A403, cid=22, seq=0, RW, m3, entry=(t:1, i:7), STATEMACHINELOGENTRY, client-165B1D8BBF88, cid=22
2019-09-24 11:59:06,925 INFO  statemachine.SimpleStateMachine4Testing (SimpleStateMachine4Testing.java:put(198)) - s0: put 7, m3 -> (t:1, i:7), STATEMACHINELOGENTRY, client-165B1D8BBF88, cid=22
2019-09-24 11:59:06,942 DEBUG client.RaftClient (RaftClientImpl.java:sendRequest(285)) - client-165B1D8BBF88: receive RaftClientReply:client-165B1D8BBF88->s0@group-5A033B22A403, cid=22, SUCCESS, logIndex=7, commits[s0:c7]
2019-09-24 11:59:06,942 DEBUG client.RaftClient (RaftClientImpl.java:sendRequest(275)) - client-165B1D8BBF88: send RaftClientRequest:client-165B1D8BBF88->s0@group-5A033B22A403, cid=23, seq=0, RW, m4
2019-09-24 11:59:06,942 DEBUG impl.RaftServerImpl (RaftServerImpl.java:submitClientRequestAsync(533)) - s0@group-5A033B22A403: receive client request(RaftClientRequest:client-165B1D8BBF88->s0@group-5A033B22A403, cid=23, seq=0, RW, m4)
2019-09-24 11:59:06,943 DEBUG impl.RaftServerImpl (LeaderState.java:addPendingRequest(317)) - s0@group-5A033B22A403-LeaderState: addPendingRequest at RaftClientRequest:client-165B1D8BBF88->s0@group-5A033B22A403, cid=23, seq=0, RW, m4, entry=(t:1, i:9), STATEMACHINELOGENTRY, client-165B1D8BBF88, cid=23
2019-09-24 11:59:06,945 INFO  statemachine.SimpleStateMachine4Testing (SimpleStateMachine4Testing.java:put(198)) - s0: put 9, m4 -> (t:1, i:9), STATEMACHINELOGENTRY, client-165B1D8BBF88, cid=23
2019-09-24 11:59:06,961 DEBUG client.RaftClient (RaftClientImpl.java:sendRequest(285)) - client-165B1D8BBF88: receive RaftClientReply:client-165B1D8BBF88->s0@group-5A033B22A403, cid=23, SUCCESS, logIndex=9, commits[s0:c9]
2019-09-24 11:59:06,961 DEBUG client.RaftClient (RaftClientImpl.java:sendRequest(275)) - client-165B1D8BBF88: send RaftClientRequest:client-165B1D8BBF88->s0@group-5A033B22A403, cid=24, seq=0, RW, m5
2019-09-24 11:59:06,961 DEBUG impl.RaftServerImpl (RaftServerImpl.java:submitClientRequestAsync(533)) - s0@group-5A033B22A403: receive client request(RaftClientRequest:client-165B1D8BBF88->s0@group-5A033B22A403, cid=24, seq=0, RW, m5)
2019-09-24 11:59:06,962 DEBUG impl.RaftServerImpl (LeaderState.java:addPendingRequest(317)) - s0@group-5A033B22A403-LeaderState: addPendingRequest at RaftClientRequest:client-165B1D8BBF88->s0@group-5A033B22A403, cid=24, seq=0, RW, m5, entry=(t:1, i:11), STATEMACHINELOGENTRY, client-165B1D8BBF88, cid=24
2019-09-24 11:59:07,044 INFO  impl.StateMachineUpdater (StateMachineUpdater.java:takeSnapshot(269)) - s0@group-5A033B22A403-StateMachineUpdater: Took a snapshot at index 9
2019-09-24 11:59:07,044 INFO  impl.StateMachineUpdater (StateMachineUpdater.java:lambda$new$0(84)) - s0@group-5A033B22A403-StateMachineUpdater: snapshotIndex: updateIncreasingly -1 -> 9
2019-09-24 11:59:07,045 INFO  statemachine.SimpleStateMachine4Testing (SimpleStateMachine4Testing.java:put(198)) - s0: put 11, m5 -> (t:1, i:11), STATEMACHINELOGENTRY, client-165B1D8BBF88, cid=24
2019-09-24 11:59:07,063 DEBUG client.RaftClient (RaftClientImpl.java:sendRequest(285)) - client-165B1D8BBF88: receive RaftClientReply:client-165B1D8BBF88->s0@group-5A033B22A403, cid=24, SUCCESS, logIndex=11, commits[s0:c12]
2019-09-24 11:59:07,064 DEBUG client.RaftClient (RaftClientImpl.java:sendRequest(275)) - client-165B1D8BBF88: send RaftClientRequest:client-165B1D8BBF88->s0@group-5A033B22A403, cid=25, seq=0, RW, m6
2019-09-24 11:59:07,064 DEBUG impl.RaftServerImpl (RaftServerImpl.java:submitClientRequestAsync(533)) - s0@group-5A033B22A403: receive client request(RaftClientRequest:client-165B1D8BBF88->s0@group-5A033B22A403, cid=25, seq=0, RW, m6)
2019-09-24 11:59:07,065 DEBUG impl.RaftServerImpl (LeaderState.java:addPendingRequest(317)) - s0@group-5A033B22A403-LeaderState: addPendingRequest at RaftClientRequest:client-165B1D8BBF88->s0@group-5A033B22A403, cid=25, seq=0, RW, m6, entry=(t:1, i:13), STATEMACHINELOGENTRY, client-165B1D8BBF88, cid=25
2019-09-24 11:59:07,076 INFO  statemachine.SimpleStateMachine4Testing (SimpleStateMachine4Testing.java:put(198)) - s0: put 13, m6 -> (t:1, i:13), STATEMACHINELOGENTRY, client-165B1D8BBF88, cid=25
2019-09-24 11:59:07,088 DEBUG client.RaftClient (RaftClientImpl.java:sendRequest(285)) - client-165B1D8BBF88: receive RaftClientReply:client-165B1D8BBF88->s0@group-5A033B22A403, cid=25, SUCCESS, logIndex=13, commits[s0:c13]
2019-09-24 11:59:07,088 DEBUG client.RaftClient (RaftClientImpl.java:sendRequest(275)) - client-165B1D8BBF88: send RaftClientRequest:client-165B1D8BBF88->s0@group-5A033B22A403, cid=26, seq=0, RW, m7
2019-09-24 11:59:07,088 DEBUG impl.RaftServerImpl (RaftServerImpl.java:submitClientRequestAsync(533)) - s0@group-5A033B22A403: receive client request(RaftClientRequest:client-165B1D8BBF88->s0@group-5A033B22A403, cid=26, seq=0, RW, m7)
2019-09-24 11:59:07,089 DEBUG impl.RaftServerImpl (LeaderState.java:addPendingRequest(317)) - s0@group-5A033B22A403-LeaderState: addPendingRequest at RaftClientRequest:client-165B1D8BBF88->s0@group-5A033B22A403, cid=26, seq=0, RW, m7, entry=(t:1, i:15), STATEMACHINELOGENTRY, client-165B1D8BBF88, cid=26
2019-09-24 11:59:07,101 INFO  statemachine.SimpleStateMachine4Testing (SimpleStateMachine4Testing.java:put(198)) - s0: put 15, m7 -> (t:1, i:15), STATEMACHINELOGENTRY, client-165B1D8BBF88, cid=26
2019-09-24 11:59:07,111 DEBUG client.RaftClient (RaftClientImpl.java:sendRequest(285)) - client-165B1D8BBF88: receive RaftClientReply:client-165B1D8BBF88->s0@group-5A033B22A403, cid=26, SUCCESS, logIndex=15, commits[s0:c15]
2019-09-24 11:59:07,112 DEBUG client.RaftClient (RaftClientImpl.java:sendRequest(275)) - client-165B1D8BBF88: send RaftClientRequest:client-165B1D8BBF88->s0@group-5A033B22A403, cid=27, seq=0, RW, m8
2019-09-24 11:59:07,112 DEBUG impl.RaftServerImpl (RaftServerImpl.java:submitClientRequestAsync(533)) - s0@group-5A033B22A403: receive client request(RaftClientRequest:client-165B1D8BBF88->s0@group-5A033B22A403, cid=27, seq=0, RW, m8)
2019-09-24 11:59:07,113 DEBUG impl.RaftServerImpl (LeaderState.java:addPendingRequest(317)) - s0@group-5A033B22A403-LeaderState: addPendingRequest at RaftClientRequest:client-165B1D8BBF88->s0@group-5A033B22A403, cid=27, seq=0, RW, m8, entry=(t:1, i:17), STATEMACHINELOGENTRY, client-165B1D8BBF88, cid=27
2019-09-24 11:59:07,125 INFO  statemachine.SimpleStateMachine4Testing (SimpleStateMachine4Testing.java:put(198)) - s0: put 17, m8 -> (t:1, i:17), STATEMACHINELOGENTRY, client-165B1D8BBF88, cid=27
2019-09-24 11:59:07,142 DEBUG client.RaftClient (RaftClientImpl.java:sendRequest(285)) - client-165B1D8BBF88: receive RaftClientReply:client-165B1D8BBF88->s0@group-5A033B22A403, cid=27, SUCCESS, logIndex=17, commits[s0:c17]
2019-09-24 11:59:07,142 DEBUG client.RaftClient (RaftClientImpl.java:sendRequest(275)) - client-165B1D8BBF88: send RaftClientRequest:client-165B1D8BBF88->s0@group-5A033B22A403, cid=28, seq=0, RW, m9
2019-09-24 11:59:07,142 DEBUG impl.RaftServerImpl (RaftServerImpl.java:submitClientRequestAsync(533)) - s0@group-5A033B22A403: receive client request(RaftClientRequest:client-165B1D8BBF88->s0@group-5A033B22A403, cid=28, seq=0, RW, m9)
2019-09-24 11:59:07,143 DEBUG impl.RaftServerImpl (LeaderState.java:addPendingRequest(317)) - s0@group-5A033B22A403-LeaderState: addPendingRequest at RaftClientRequest:client-165B1D8BBF88->s0@group-5A033B22A403, cid=28, seq=0, RW, m9, entry=(t:1, i:19), STATEMACHINELOGENTRY, client-165B1D8BBF88, cid=28
2019-09-24 11:59:07,155 INFO  statemachine.SimpleStateMachine4Testing (SimpleStateMachine4Testing.java:put(198)) - s0: put 19, m9 -> (t:1, i:19), STATEMACHINELOGENTRY, client-165B1D8BBF88, cid=28
2019-09-24 11:59:07,169 DEBUG client.RaftClient (RaftClientImpl.java:sendRequest(285)) - client-165B1D8BBF88: receive RaftClientReply:client-165B1D8BBF88->s0@group-5A033B22A403, cid=28, SUCCESS, logIndex=19, commits[s0:c19]
2019-09-24 11:59:07,170 DEBUG client.RaftClient (RaftClientImpl.java:sendRequest(275)) - client-165B1D8BBF88: send RaftClientRequest:client-165B1D8BBF88->s0@group-5A033B22A403, cid=29, seq=0, RW, m10
2019-09-24 11:59:07,170 DEBUG impl.RaftServerImpl (RaftServerImpl.java:submitClientRequestAsync(533)) - s0@group-5A033B22A403: receive client request(RaftClientRequest:client-165B1D8BBF88->s0@group-5A033B22A403, cid=29, seq=0, RW, m10)
2019-09-24 11:59:07,171 DEBUG impl.RaftServerImpl (LeaderState.java:addPendingRequest(317)) - s0@group-5A033B22A403-LeaderState: addPendingRequest at RaftClientRequest:client-165B1D8BBF88->s0@group-5A033B22A403, cid=29, seq=0, RW, m10, entry=(t:1, i:21), STATEMACHINELOGENTRY, client-165B1D8BBF88, cid=29
2019-09-24 11:59:07,281 INFO  impl.StateMachineUpdater (StateMachineUpdater.java:takeSnapshot(269)) - s0@group-5A033B22A403-StateMachineUpdater: Took a snapshot at index 19
2019-09-24 11:59:07,282 INFO  impl.StateMachineUpdater (StateMachineUpdater.java:lambda$new$0(84)) - s0@group-5A033B22A403-StateMachineUpdater: snapshotIndex: updateIncreasingly 9 -> 19
2019-09-24 11:59:07,282 INFO  statemachine.SimpleStateMachine4Testing (SimpleStateMachine4Testing.java:put(198)) - s0: put 21, m10 -> (t:1, i:21), STATEMACHINELOGENTRY, client-165B1D8BBF88, cid=29
2019-09-24 11:59:07,301 DEBUG client.RaftClient (RaftClientImpl.java:sendRequest(285)) - client-165B1D8BBF88: receive RaftClientReply:client-165B1D8BBF88->s0@group-5A033B22A403, cid=29, SUCCESS, logIndex=21, commits[s0:c22]
2019-09-24 11:59:07,301 DEBUG client.RaftClient (RaftClientImpl.java:sendRequest(275)) - client-165B1D8BBF88: send RaftClientRequest:client-165B1D8BBF88->s0@group-5A033B22A403, cid=30, seq=0, RW, m11
2019-09-24 11:59:07,302 DEBUG impl.RaftServerImpl (RaftServerImpl.java:submitClientRequestAsync(533)) - s0@group-5A033B22A403: receive client request(RaftClientRequest:client-165B1D8BBF88->s0@group-5A033B22A403, cid=30, seq=0, RW, m11)
2019-09-24 11:59:07,302 DEBUG impl.RaftServerImpl (LeaderState.java:addPendingRequest(317)) - s0@group-5A033B22A403-LeaderState: addPendingRequest at RaftClientRequest:client-165B1D8BBF88->s0@group-5A033B22A403, cid=30, seq=0, RW, m11, entry=(t:1, i:23), STATEMACHINELOGENTRY, client-165B1D8BBF88, cid=30
2019-09-24 11:59:07,324 INFO  statemachine.SimpleStateMachine4Testing (SimpleStateMachine4Testing.java:put(198)) - s0: put 23, m11 -> (t:1, i:23), STATEMACHINELOGENTRY, client-165B1D8BBF88, cid=30
2019-09-24 11:59:07,335 DEBUG client.RaftClient (RaftClientImpl.java:sendRequest(285)) - client-165B1D8BBF88: receive RaftClientReply:client-165B1D8BBF88->s0@group-5A033B22A403, cid=30, SUCCESS, logIndex=23, commits[s0:c23]
2019-09-24 11:59:07,336 DEBUG client.RaftClient (RaftClientImpl.java:sendRequest(275)) - client-165B1D8BBF88: send RaftClientRequest:client-165B1D8BBF88->s0@group-5A033B22A403, cid=31, seq=0, RW, m12
2019-09-24 11:59:07,336 DEBUG impl.RaftServerImpl (RaftServerImpl.java:submitClientRequestAsync(533)) - s0@group-5A033B22A403: receive client request(RaftClientRequest:client-165B1D8BBF88->s0@group-5A033B22A403, cid=31, seq=0, RW, m12)
2019-09-24 11:59:07,337 DEBUG impl.RaftServerImpl (LeaderState.java:addPendingRequest(317)) - s0@group-5A033B22A403-LeaderState: addPendingRequest at RaftClientRequest:client-165B1D8BBF88->s0@group-5A033B22A403, cid=31, seq=0, RW, m12, entry=(t:1, i:25), STATEMACHINELOGENTRY, client-165B1D8BBF88, cid=31
2019-09-24 11:59:07,348 INFO  statemachine.SimpleStateMachine4Testing (SimpleStateMachine4Testing.java:put(198)) - s0: put 25, m12 -> (t:1, i:25), STATEMACHINELOGENTRY, client-165B1D8BBF88, cid=31
2019-09-24 11:59:07,364 DEBUG client.RaftClient (RaftClientImpl.java:sendRequest(285)) - client-165B1D8BBF88: receive RaftClientReply:client-165B1D8BBF88->s0@group-5A033B22A403, cid=31, SUCCESS, logIndex=25, commits[s0:c25]
2019-09-24 11:59:07,364 DEBUG client.RaftClient (RaftClientImpl.java:sendRequest(275)) - client-165B1D8BBF88: send RaftClientRequest:client-165B1D8BBF88->s0@group-5A033B22A403, cid=32, seq=0, RW, m13
2019-09-24 11:59:07,364 DEBUG impl.RaftServerImpl (RaftServerImpl.java:submitClientRequestAsync(533)) - s0@group-5A033B22A403: receive client request(RaftClientRequest:client-165B1D8BBF88->s0@group-5A033B22A403, cid=32, seq=0, RW, m13)
2019-09-24 11:59:07,365 DEBUG impl.RaftServerImpl (LeaderState.java:addPendingRequest(317)) - s0@group-5A033B22A403-LeaderState: addPendingRequest at RaftClientRequest:client-165B1D8BBF88->s0@group-5A033B22A403, cid=32, seq=0, RW, m13, entry=(t:1, i:27), STATEMACHINELOGENTRY, client-165B1D8BBF88, cid=32
2019-09-24 11:59:07,377 INFO  statemachine.SimpleStateMachine4Testing (SimpleStateMachine4Testing.java:put(198)) - s0: put 27, m13 -> (t:1, i:27), STATEMACHINELOGENTRY, client-165B1D8BBF88, cid=32
2019-09-24 11:59:07,391 DEBUG client.RaftClient (RaftClientImpl.java:sendRequest(285)) - client-165B1D8BBF88: receive RaftClientReply:client-165B1D8BBF88->s0@group-5A033B22A403, cid=32, SUCCESS, logIndex=27, commits[s0:c27]
2019-09-24 11:59:07,391 DEBUG client.RaftClient (RaftClientImpl.java:sendRequest(275)) - client-165B1D8BBF88: send RaftClientRequest:client-165B1D8BBF88->s0@group-5A033B22A403, cid=33, seq=0, RW, m14
2019-09-24 11:59:07,391 DEBUG impl.RaftServerImpl (RaftServerImpl.java:submitClientRequestAsync(533)) - s0@group-5A033B22A403: receive client request(RaftClientRequest:client-165B1D8BBF88->s0@group-5A033B22A403, cid=33, seq=0, RW, m14)
2019-09-24 11:59:07,392 DEBUG impl.RaftServerImpl (LeaderState.java:addPendingRequest(317)) - s0@group-5A033B22A403-LeaderState: addPendingRequest at RaftClientRequest:client-165B1D8BBF88->s0@group-5A033B22A403, cid=33, seq=0, RW, m14, entry=(t:1, i:29), STATEMACHINELOGENTRY, client-165B1D8BBF88, cid=33
2019-09-24 11:59:07,404 INFO  statemachine.SimpleStateMachine4Testing (SimpleStateMachine4Testing.java:put(198)) - s0: put 29, m14 -> (t:1, i:29), STATEMACHINELOGENTRY, client-165B1D8BBF88, cid=33
2019-09-24 11:59:07,418 DEBUG client.RaftClient (RaftClientImpl.java:sendRequest(285)) - client-165B1D8BBF88: receive RaftClientReply:client-165B1D8BBF88->s0@group-5A033B22A403, cid=33, SUCCESS, logIndex=29, commits[s0:c29]
2019-09-24 11:59:07,419 DEBUG client.RaftClient (RaftClientImpl.java:sendRequest(275)) - client-165B1D8BBF88: send RaftClientRequest:client-165B1D8BBF88->s0@group-5A033B22A403, cid=34, seq=0, RW, m15
2019-09-24 11:59:07,419 DEBUG impl.RaftServerImpl (RaftServerImpl.java:submitClientRequestAsync(533)) - s0@group-5A033B22A403: receive client request(RaftClientRequest:client-165B1D8BBF88->s0@group-5A033B22A403, cid=34, seq=0, RW, m15)
2019-09-24 11:59:07,420 DEBUG impl.RaftServerImpl (LeaderState.java:addPendingRequest(317)) - s0@group-5A033B22A403-LeaderState: addPendingRequest at RaftClientRequest:client-165B1D8BBF88->s0@group-5A033B22A403, cid=34, seq=0, RW, m15, entry=(t:1, i:31), STATEMACHINELOGENTRY, client-165B1D8BBF88, cid=34
2019-09-24 11:59:07,534 INFO  impl.StateMachineUpdater (StateMachineUpdater.java:takeSnapshot(269)) - s0@group-5A033B22A403-StateMachineUpdater: Took a snapshot at index 29
2019-09-24 11:59:07,534 INFO  impl.StateMachineUpdater (StateMachineUpdater.java:lambda$new$0(84)) - s0@group-5A033B22A403-StateMachineUpdater: snapshotIndex: updateIncreasingly 19 -> 29
2019-09-24 11:59:07,535 INFO  statemachine.SimpleStateMachine4Testing (SimpleStateMachine4Testing.java:put(198)) - s0: put 31, m15 -> (t:1, i:31), STATEMACHINELOGENTRY, client-165B1D8BBF88, cid=34
2019-09-24 11:59:07,547 DEBUG client.RaftClient (RaftClientImpl.java:sendRequest(285)) - client-165B1D8BBF88: receive RaftClientReply:client-165B1D8BBF88->s0@group-5A033B22A403, cid=34, SUCCESS, logIndex=31, commits[s0:c32]
2019-09-24 11:59:07,548 DEBUG client.RaftClient (RaftClientImpl.java:sendRequest(275)) - client-165B1D8BBF88: send RaftClientRequest:client-165B1D8BBF88->s0@group-5A033B22A403, cid=35, seq=0, RW, m16
2019-09-24 11:59:07,548 DEBUG impl.RaftServerImpl (RaftServerImpl.java:submitClientRequestAsync(533)) - s0@group-5A033B22A403: receive client request(RaftClientRequest:client-165B1D8BBF88->s0@group-5A033B22A403, cid=35, seq=0, RW, m16)
2019-09-24 11:59:07,549 DEBUG impl.RaftServerImpl (LeaderState.java:addPendingRequest(317)) - s0@group-5A033B22A403-LeaderState: addPendingRequest at RaftClientRequest:client-165B1D8BBF88->s0@group-5A033B22A403, cid=35, seq=0, RW, m16, entry=(t:1, i:33), STATEMACHINELOGENTRY, client-165B1D8BBF88, cid=35
2019-09-24 11:59:07,560 INFO  statemachine.SimpleStateMachine4Testing (SimpleStateMachine4Testing.java:put(198)) - s0: put 33, m16 -> (t:1, i:33), STATEMACHINELOGENTRY, client-165B1D8BBF88, cid=35
2019-09-24 11:59:07,573 DEBUG client.RaftClient (RaftClientImpl.java:sendRequest(285)) - client-165B1D8BBF88: receive RaftClientReply:client-165B1D8BBF88->s0@group-5A033B22A403, cid=35, SUCCESS, logIndex=33, commits[s0:c33]
2019-09-24 11:59:07,573 DEBUG client.RaftClient (RaftClientImpl.java:sendRequest(275)) - client-165B1D8BBF88: send RaftClientRequest:client-165B1D8BBF88->s0@group-5A033B22A403, cid=36, seq=0, RW, m17
2019-09-24 11:59:07,574 DEBUG impl.RaftServerImpl (RaftServerImpl.java:submitClientRequestAsync(533)) - s0@group-5A033B22A403: receive client request(RaftClientRequest:client-165B1D8BBF88->s0@group-5A033B22A403, cid=36, seq=0, RW, m17)
2019-09-24 11:59:07,574 DEBUG impl.RaftServerImpl (LeaderState.java:addPendingRequest(317)) - s0@group-5A033B22A403-LeaderState: addPendingRequest at RaftClientRequest:client-165B1D8BBF88->s0@group-5A033B22A403, cid=36, seq=0, RW, m17, entry=(t:1, i:35), STATEMACHINELOGENTRY, client-165B1D8BBF88, cid=36
2019-09-24 11:59:07,598 INFO  statemachine.SimpleStateMachine4Testing (SimpleStateMachine4Testing.java:put(198)) - s0: put 35, m17 -> (t:1, i:35), STATEMACHINELOGENTRY, client-165B1D8BBF88, cid=36
2019-09-24 11:59:07,617 DEBUG client.RaftClient (RaftClientImpl.java:sendRequest(285)) - client-165B1D8BBF88: receive RaftClientReply:client-165B1D8BBF88->s0@group-5A033B22A403, cid=36, SUCCESS, logIndex=35, commits[s0:c35]
2019-09-24 11:59:07,617 DEBUG client.RaftClient (RaftClientImpl.java:sendRequest(275)) - client-165B1D8BBF88: send RaftClientRequest:client-165B1D8BBF88->s0@group-5A033B22A403, cid=37, seq=0, RW, m18
2019-09-24 11:59:07,617 DEBUG impl.RaftServerImpl (RaftServerImpl.java:submitClientRequestAsync(533)) - s0@group-5A033B22A403: receive client request(RaftClientRequest:client-165B1D8BBF88->s0@group-5A033B22A403, cid=37, seq=0, RW, m18)
2019-09-24 11:59:07,618 DEBUG impl.RaftServerImpl (LeaderState.java:addPendingRequest(317)) - s0@group-5A033B22A403-LeaderState: addPendingRequest at RaftClientRequest:client-165B1D8BBF88->s0@group-5A033B22A403, cid=37, seq=0, RW, m18, entry=(t:1, i:37), STATEMACHINELOGENTRY, client-165B1D8BBF88, cid=37
2019-09-24 11:59:07,633 INFO  statemachine.SimpleStateMachine4Testing (SimpleStateMachine4Testing.java:put(198)) - s0: put 37, m18 -> (t:1, i:37), STATEMACHINELOGENTRY, client-165B1D8BBF88, cid=37
2019-09-24 11:59:07,651 DEBUG client.RaftClient (RaftClientImpl.java:sendRequest(285)) - client-165B1D8BBF88: receive RaftClientReply:client-165B1D8BBF88->s0@group-5A033B22A403, cid=37, SUCCESS, logIndex=37, commits[s0:c37]
2019-09-24 11:59:07,651 INFO  statemachine.RaftSnapshotBaseTest (RaftSnapshotBaseTest.java:testBasicInstallSnapshot(185)) - nextIndex = 39
2019-09-24 11:59:07,653 INFO  statemachine.RaftSnapshotBaseTest (RaftSnapshotBaseTest.java:exists(154)) - File exists: /workdir/ratis-test/target/test/data/13be305f/MiniRaftClusterWithSimulatedRpc285e57b8/s0/dc54caf4-714d-47f9-a6db-5a033b22a403/sm/snapshot.1_29
2019-09-24 11:59:07,654 INFO  ratis.MiniRaftCluster (MiniRaftCluster.java:shutdown(700)) - ************************************************************** 
2019-09-24 11:59:07,654 INFO  ratis.MiniRaftCluster (MiniRaftCluster.java:shutdown(701)) - *** 
2019-09-24 11:59:07,654 INFO  ratis.MiniRaftCluster (MiniRaftCluster.java:shutdown(702)) - ***     Stopping MiniRaftClusterWithSimulatedRpc
2019-09-24 11:59:07,655 INFO  ratis.MiniRaftCluster (MiniRaftCluster.java:shutdown(703)) - *** 
2019-09-24 11:59:07,655 INFO  ratis.MiniRaftCluster (MiniRaftCluster.java:shutdown(704)) - ************************************************************** 
2019-09-24 11:59:07,655 INFO  ratis.MiniRaftCluster (MiniRaftCluster.java:shutdown(705)) - printing ALL groups
  s0:  RUNNING    LEADER s0@group-5A033B22A403:t1, leader=s0, voted=s0, raftlog=s0@group-5A033B22A403-SegmentedRaftLog:OPENED:c38,f38,i38, conf=0: [s0:0.0.0.0:34864], old=null RUNNING
2019-09-24 11:59:07,656 INFO  impl.RaftServerProxy (RaftServerProxy.java:lambda$close$4(314)) - s0: close
2019-09-24 11:59:07,656 INFO  impl.RaftServerImpl (RaftServerImpl.java:lambda$shutdown$3(247)) - s0@group-5A033B22A403: shutdown
2019-09-24 11:59:07,657 INFO  util.JmxRegister (JmxRegister.java:unregister(73)) - Successfully un-registered JMX Bean with object name Ratis:service=RaftServer,group=group-5A033B22A403,id=s0
2019-09-24 11:59:07,657 INFO  impl.RoleInfo (RoleInfo.java:shutdownLeaderState(104)) - s0: shutdown LeaderState
2019-09-24 11:59:07,658 INFO  impl.PendingRequests (PendingRequests.java:sendNotLeaderResponses(202)) - s0@group-5A033B22A403-PendingRequests: sendNotLeaderResponses
2019-09-24 11:59:07,658 INFO  impl.StateMachineUpdater (StateMachineUpdater.java:stopAndJoin(136)) - s0@group-5A033B22A403-StateMachineUpdater: set stopIndex = 38
2019-09-24 11:59:07,951 INFO  impl.StateMachineUpdater (StateMachineUpdater.java:takeSnapshot(269)) - s0@group-5A033B22A403-StateMachineUpdater: Took a snapshot at index 37
2019-09-24 11:59:07,951 INFO  impl.StateMachineUpdater (StateMachineUpdater.java:lambda$new$0(84)) - s0@group-5A033B22A403-StateMachineUpdater: snapshotIndex: updateIncreasingly 29 -> 37
2019-09-24 11:59:08,069 INFO  impl.StateMachineUpdater (StateMachineUpdater.java:takeSnapshot(269)) - s0@group-5A033B22A403-StateMachineUpdater: Took a snapshot at index 37
2019-09-24 11:59:08,070 INFO  impl.StateMachineUpdater (StateMachineUpdater.java:lambda$new$0(84)) - s0@group-5A033B22A403-StateMachineUpdater: snapshotIndex: updateIncreasingly 37 -> 37
2019-09-24 11:59:08,070 INFO  impl.RaftServerImpl (ServerState.java:close(386)) - s0@group-5A033B22A403: closes. applyIndex: 38
2019-09-24 11:59:08,073 INFO  segmented.SegmentedRaftLogWorker (SegmentedRaftLogWorker.java:run(313)) - s0@group-5A033B22A403-SegmentedRaftLogWorker was interrupted, exiting. There are 0 tasks remaining in the queue.
2019-09-24 11:59:08,075 INFO  segmented.SegmentedRaftLogWorker (SegmentedRaftLogWorker.java:close(228)) - s0@group-5A033B22A403-SegmentedRaftLogWorker close()
2019-09-24 11:59:08,076 INFO  simulation.RequestHandler (RequestHandler.java:run(126)) - s0.clientHandler2 is interrupted by java.io.InterruptedIOException: 
2019-09-24 11:59:08,076 INFO  simulation.RequestHandler (RequestHandler.java:run(126)) - s0.clientHandler0 is interrupted by java.io.InterruptedIOException: 
2019-09-24 11:59:08,076 INFO  simulation.RequestHandler (RequestHandler.java:run(126)) - s0.clientHandler1 is interrupted by java.io.InterruptedIOException: 
2019-09-24 11:59:08,077 INFO  simulation.RequestHandler (RequestHandler.java:run(126)) - s0.serverHandler0 is interrupted by java.io.InterruptedIOException: 
2019-09-24 11:59:08,077 INFO  simulation.RequestHandler (RequestHandler.java:run(126)) - s0.serverHandler2 is interrupted by java.io.InterruptedIOException: 
2019-09-24 11:59:08,077 INFO  simulation.RequestHandler (RequestHandler.java:run(126)) - s0.serverHandler1 is interrupted by java.io.InterruptedIOException: 
2019-09-24 11:59:08,078 INFO  ratis.MiniRaftCluster (MiniRaftCluster.java:shutdown(722)) - MiniRaftClusterWithSimulatedRpc shutdown completed
2019-09-24 11:59:08,080 TRACE util.FileUtils (LogUtils.java:runAndLog(61)) - Successfully ran Files.delete /workdir/ratis-test/target/test/data/13be305f/MiniRaftClusterWithSimulatedRpc285e57b8/s0/dc54caf4-714d-47f9-a6db-5a033b22a403/current/log_inprogress_0
2019-09-24 11:59:08,080 INFO  statemachine.RaftSnapshotBaseTest (RaftSnapshotBaseTest.java:testBasicInstallSnapshot(200)) - Restarting the cluster
2019-09-24 11:59:08,080 INFO  ratis.MiniRaftCluster (MiniRaftCluster.java:shutdown(700)) - ************************************************************** 
2019-09-24 11:59:08,080 INFO  ratis.MiniRaftCluster (MiniRaftCluster.java:shutdown(701)) - *** 
2019-09-24 11:59:08,081 INFO  ratis.MiniRaftCluster (MiniRaftCluster.java:shutdown(702)) - ***     Stopping MiniRaftClusterWithSimulatedRpc
2019-09-24 11:59:08,081 INFO  ratis.MiniRaftCluster (MiniRaftCluster.java:shutdown(703)) - *** 
2019-09-24 11:59:08,081 INFO  ratis.MiniRaftCluster (MiniRaftCluster.java:shutdown(704)) - ************************************************************** 
2019-09-24 11:59:08,081 INFO  ratis.MiniRaftCluster (MiniRaftCluster.java:shutdown(705)) - printing ALL groups
  s0:   CLOSED    LEADER s0@group-5A033B22A403:t1, leader=s0, voted=s0, raftlog=s0@group-5A033B22A403-SegmentedRaftLog:CLOSED:c38, conf=0: [s0:0.0.0.0:34864], old=null CLOSED
2019-09-24 11:59:08,082 INFO  ratis.MiniRaftCluster (MiniRaftCluster.java:shutdown(722)) - MiniRaftClusterWithSimulatedRpc shutdown completed
2019-09-24 11:59:08,082 INFO  ratis.MiniRaftCluster (MiniRaftCluster.java:newRaftServer(330)) - newRaftServer: s0, group-5A033B22A403:[s0:0.0.0.0:34864], format? false
2019-09-24 11:59:08,083 INFO  impl.RaftServerProxy (ConfUtils.java:logGet(43)) - raft.rpc.type = org.apache.ratis.server.simulation.SimulatedRpc (custom)
2019-09-24 11:59:08,084 INFO  server.RaftServerConfigKeys (ConfUtils.java:logGet(43)) - raft.server.storage.dir = [/workdir/ratis-test/target/test/data/13be305f/MiniRaftClusterWithSimulatedRpc285e57b8/s0] (custom)
2019-09-24 11:59:08,084 INFO  impl.RaftServerProxy (RaftServerProxy.java:lambda$null$0(191)) - s0: found a subdirectory /workdir/ratis-test/target/test/data/13be305f/MiniRaftClusterWithSimulatedRpc285e57b8/s0/dc54caf4-714d-47f9-a6db-5a033b22a403
2019-09-24 11:59:08,085 INFO  impl.RaftServerProxy (RaftServerProxy.java:addNew(89)) - s0: addNew group-5A033B22A403:[s0:0.0.0.0:34864] returns group-5A033B22A403:java.util.concurrent.CompletableFuture@54e8d8ae[Not completed]
2019-09-24 11:59:08,085 INFO  ratis.MiniRaftCluster (MiniRaftCluster.java:start(287)) - .............................................................. 
2019-09-24 11:59:08,085 INFO  server.RaftServerConfigKeys (ConfUtils.java:logGet(43)) - raft.server.log.segment.size.max = 8MB (=8388608) (default)
2019-09-24 11:59:08,085 INFO  ratis.MiniRaftCluster (MiniRaftCluster.java:start(288)) - ... 
2019-09-24 11:59:08,086 INFO  server.RaftServerConfigKeys (ConfUtils.java:logGet(43)) - raft.server.log.preallocated.size = 4MB (=4194304) (default)
2019-09-24 11:59:08,086 INFO  ratis.MiniRaftCluster (MiniRaftCluster.java:start(289)) - ...     Starting MiniRaftClusterWithSimulatedRpc
2019-09-24 11:59:08,086 INFO  ratis.MiniRaftCluster (MiniRaftCluster.java:start(290)) - ... 
2019-09-24 11:59:08,086 INFO  ratis.MiniRaftCluster (MiniRaftCluster.java:start(291)) - .............................................................. 
2019-09-24 11:59:08,086 INFO  server.RaftServerConfigKeys (ConfUtils.java:logGet(43)) - raft.server.log.write.buffer.size = 64KB (=65536) (default)
2019-09-24 11:59:08,087 INFO  ratis.MiniRaftCluster (MiniRaftCluster.java:initServers(265)) - servers = {s0=s0:      NEW group-5A033B22A403:java.util.concurrent.CompletableFuture@54e8d8ae[Not completed]}
2019-09-24 11:59:08,087 INFO  impl.RaftServerImpl (RaftServerImpl.java:<init>(95)) - s0: new RaftServerImpl for group-5A033B22A403:[s0:0.0.0.0:34864] with SimpleStateMachine4Testing:uninitialized
2019-09-24 11:59:08,087 INFO  server.RaftServerConfigKeys (ConfUtils.java:logGet(43)) - raft.server.rpc.timeout.min = 150ms (default)
2019-09-24 11:59:08,088 INFO  server.RaftServerConfigKeys (ConfUtils.java:logGet(43)) - raft.server.rpc.timeout.max = 300ms (default)
2019-09-24 11:59:08,088 INFO  server.RaftServerConfigKeys (ConfUtils.java:logGet(43)) - raft.server.rpcslowness.timeout = 60s (default)
2019-09-24 11:59:08,088 INFO  server.RaftServerConfigKeys (ConfUtils.java:logGet(43)) - raft.server.sleep.deviation.threshold = 300 (default)
2019-09-24 11:59:08,088 INFO  server.RaftServerConfigKeys (ConfUtils.java:logGet(43)) - raft.server.log.appender.install.snapshot.enabled = true (default)
2019-09-24 11:59:08,088 INFO  impl.RaftServerImpl (ServerState.java:<init>(103)) - s0@group-5A033B22A403: ConfigurationManager, init=-1: [s0:0.0.0.0:34864], old=null, confs=<EMPTY_MAP>
2019-09-24 11:59:08,089 INFO  server.RaftServerConfigKeys (ConfUtils.java:logGet(43)) - raft.server.storage.dir = [/workdir/ratis-test/target/test/data/13be305f/MiniRaftClusterWithSimulatedRpc285e57b8/s0] (custom)
2019-09-24 11:59:08,089 INFO  server.RaftServerConfigKeys (ConfUtils.java:logGet(43)) - raft.server.log.corruption.policy = EXCEPTION (default)
2019-09-24 11:59:08,104 INFO  storage.RaftStorageDirectory (RaftStorageDirectory.java:tryLock(328)) - Lock on /workdir/ratis-test/target/test/data/13be305f/MiniRaftClusterWithSimulatedRpc285e57b8/s0/dc54caf4-714d-47f9-a6db-5a033b22a403/in_use.lock acquired by nodename 15739@ratis-test-nppbd-817190658
2019-09-24 11:59:08,104 INFO  statemachine.SimpleStateMachine4Testing (SimpleStateMachine4Testing.java:initialize(206)) - Initializing SimpleStateMachine4Testing:uninitialized
2019-09-24 11:59:08,106 INFO  statemachine.SimpleStateMachine4Testing (SimpleStateMachine4Testing.java:loadSnapshot(300)) - Loading snapshot (t:1, i:37):[/workdir/ratis-test/target/test/data/13be305f/MiniRaftClusterWithSimulatedRpc285e57b8/s0/dc54caf4-714d-47f9-a6db-5a033b22a403/sm/snapshot.1_37]
2019-09-24 11:59:08,107 INFO  statemachine.SimpleStateMachine4Testing (SimpleStateMachine4Testing.java:put(198)) - s0: put 1, m0 -> (t:1, i:1), STATEMACHINELOGENTRY, client-165B1D8BBF88, cid=19
2019-09-24 11:59:08,107 INFO  statemachine.SimpleStateMachine4Testing (SimpleStateMachine4Testing.java:put(198)) - s0: put 3, m1 -> (t:1, i:3), STATEMACHINELOGENTRY, client-165B1D8BBF88, cid=20
2019-09-24 11:59:08,108 INFO  statemachine.SimpleStateMachine4Testing (SimpleStateMachine4Testing.java:put(198)) - s0: put 5, m2 -> (t:1, i:5), STATEMACHINELOGENTRY, client-165B1D8BBF88, cid=21
2019-09-24 11:59:08,108 INFO  statemachine.SimpleStateMachine4Testing (SimpleStateMachine4Testing.java:put(198)) - s0: put 7, m3 -> (t:1, i:7), STATEMACHINELOGENTRY, client-165B1D8BBF88, cid=22
2019-09-24 11:59:08,108 INFO  statemachine.SimpleStateMachine4Testing (SimpleStateMachine4Testing.java:put(198)) - s0: put 9, m4 -> (t:1, i:9), STATEMACHINELOGENTRY, client-165B1D8BBF88, cid=23
2019-09-24 11:59:08,109 INFO  statemachine.SimpleStateMachine4Testing (SimpleStateMachine4Testing.java:put(198)) - s0: put 11, m5 -> (t:1, i:11), STATEMACHINELOGENTRY, client-165B1D8BBF88, cid=24
2019-09-24 11:59:08,109 INFO  statemachine.SimpleStateMachine4Testing (SimpleStateMachine4Testing.java:put(198)) - s0: put 13, m6 -> (t:1, i:13), STATEMACHINELOGENTRY, client-165B1D8BBF88, cid=25
2019-09-24 11:59:08,110 INFO  statemachine.SimpleStateMachine4Testing (SimpleStateMachine4Testing.java:put(198)) - s0: put 15, m7 -> (t:1, i:15), STATEMACHINELOGENTRY, client-165B1D8BBF88, cid=26
2019-09-24 11:59:08,110 INFO  statemachine.SimpleStateMachine4Testing (SimpleStateMachine4Testing.java:put(198)) - s0: put 17, m8 -> (t:1, i:17), STATEMACHINELOGENTRY, client-165B1D8BBF88, cid=27
2019-09-24 11:59:08,110 INFO  statemachine.SimpleStateMachine4Testing (SimpleStateMachine4Testing.java:put(198)) - s0: put 19, m9 -> (t:1, i:19), STATEMACHINELOGENTRY, client-165B1D8BBF88, cid=28
2019-09-24 11:59:08,111 INFO  statemachine.SimpleStateMachine4Testing (SimpleStateMachine4Testing.java:put(198)) - s0: put 21, m10 -> (t:1, i:21), STATEMACHINELOGENTRY, client-165B1D8BBF88, cid=29
2019-09-24 11:59:08,111 INFO  statemachine.SimpleStateMachine4Testing (SimpleStateMachine4Testing.java:put(198)) - s0: put 23, m11 -> (t:1, i:23), STATEMACHINELOGENTRY, client-165B1D8BBF88, cid=30
2019-09-24 11:59:08,111 INFO  statemachine.SimpleStateMachine4Testing (SimpleStateMachine4Testing.java:put(198)) - s0: put 25, m12 -> (t:1, i:25), STATEMACHINELOGENTRY, client-165B1D8BBF88, cid=31
2019-09-24 11:59:08,111 INFO  statemachine.SimpleStateMachine4Testing (SimpleStateMachine4Testing.java:put(198)) - s0: put 27, m13 -> (t:1, i:27), STATEMACHINELOGENTRY, client-165B1D8BBF88, cid=32
2019-09-24 11:59:08,112 INFO  statemachine.SimpleStateMachine4Testing (SimpleStateMachine4Testing.java:put(198)) - s0: put 29, m14 -> (t:1, i:29), STATEMACHINELOGENTRY, client-165B1D8BBF88, cid=33
2019-09-24 11:59:08,112 INFO  statemachine.SimpleStateMachine4Testing (SimpleStateMachine4Testing.java:put(198)) - s0: put 31, m15 -> (t:1, i:31), STATEMACHINELOGENTRY, client-165B1D8BBF88, cid=34
2019-09-24 11:59:08,112 INFO  statemachine.SimpleStateMachine4Testing (SimpleStateMachine4Testing.java:put(198)) - s0: put 33, m16 -> (t:1, i:33), STATEMACHINELOGENTRY, client-165B1D8BBF88, cid=35
2019-09-24 11:59:08,113 INFO  statemachine.SimpleStateMachine4Testing (SimpleStateMachine4Testing.java:put(198)) - s0: put 35, m17 -> (t:1, i:35), STATEMACHINELOGENTRY, client-165B1D8BBF88, cid=36
2019-09-24 11:59:08,113 INFO  statemachine.SimpleStateMachine4Testing (SimpleStateMachine4Testing.java:put(198)) - s0: put 37, m18 -> (t:1, i:37), STATEMACHINELOGENTRY, client-165B1D8BBF88, cid=37
2019-09-24 11:59:08,115 INFO  impl.RaftServerImpl (ServerState.java:setRaftConf(355)) - s0@group-5A033B22A403: set configuration 0: [s0:0.0.0.0:34864], old=null at 0
2019-09-24 11:59:08,115 INFO  server.RaftServerConfigKeys (ConfUtils.java:logGet(43)) - raft.server.notification.no-leader.timeout = 60s (default)
2019-09-24 11:59:08,115 INFO  server.RaftServerConfigKeys (ConfUtils.java:logGet(43)) - raft.server.log.use.memory = false (default)
2019-09-24 11:59:08,115 INFO  server.RaftServerConfigKeys (ConfUtils.java:logGet(43)) - raft.server.log.purge.gap = 1024 (default)
2019-09-24 11:59:08,115 INFO  server.RaftServerConfigKeys (ConfUtils.java:logGet(43)) - raft.server.log.appender.buffer.byte-limit = 4MB (=4194304) (default)
2019-09-24 11:59:08,116 INFO  server.RaftServerConfigKeys (ConfUtils.java:logGet(43)) - raft.server.log.segment.size.max = 8MB (=8388608) (default)
2019-09-24 11:59:08,116 INFO  server.RaftServerConfigKeys (ConfUtils.java:logGet(43)) - raft.server.log.segment.cache.num.max = 6 (default)
2019-09-24 11:59:08,116 INFO  segmented.SegmentedRaftLogWorker (SegmentedRaftLogWorker.java:<init>(172)) - new s0@group-5A033B22A403-SegmentedRaftLogWorker for RaftStorage:Storage Directory /workdir/ratis-test/target/test/data/13be305f/MiniRaftClusterWithSimulatedRpc285e57b8/s0/dc54caf4-714d-47f9-a6db-5a033b22a403
2019-09-24 11:59:08,116 INFO  server.RaftServerConfigKeys (ConfUtils.java:logGet(43)) - raft.server.log.queue.byte-limit = 64MB (=67108864) (default)
2019-09-24 11:59:08,116 INFO  server.RaftServerConfigKeys (ConfUtils.java:logGet(43)) - raft.server.log.queue.element-limit = 4096 (default)
2019-09-24 11:59:08,117 INFO  server.RaftServerConfigKeys (ConfUtils.java:logGet(43)) - raft.server.log.segment.size.max = 8MB (=8388608) (default)
2019-09-24 11:59:08,117 INFO  server.RaftServerConfigKeys (ConfUtils.java:logGet(43)) - raft.server.log.preallocated.size = 4MB (=4194304) (default)
2019-09-24 11:59:08,117 INFO  server.RaftServerConfigKeys (ConfUtils.java:logGet(43)) - raft.server.log.write.buffer.size = 64KB (=65536) (default)
2019-09-24 11:59:08,117 INFO  server.RaftServerConfigKeys (ConfUtils.java:logGet(43)) - raft.server.log.force.sync.num = 128 (default)
2019-09-24 11:59:08,117 INFO  server.RaftServerConfigKeys (ConfUtils.java:logGet(43)) - raft.server.log.statemachine.data.sync = true (default)
2019-09-24 11:59:08,118 INFO  server.RaftServerConfigKeys (ConfUtils.java:logGet(43)) - raft.server.log.statemachine.data.sync.timeout = 10s (default)
2019-09-24 11:59:08,118 INFO  server.RaftServerConfigKeys (ConfUtils.java:logGet(43)) - raft.server.log.statemachine.data.sync.timeout.retry = -1 (default)
2019-09-24 11:59:08,118 INFO  server.RaftServerConfigKeys (ConfUtils.java:logGet(43)) - raft.server.log.statemachine.data.caching.enabled = false (default)
2019-09-24 11:59:08,118 INFO  segmented.SegmentedRaftLogWorker (SegmentedRaftLogWorker.java:lambda$new$0(132)) - s0@group-5A033B22A403-SegmentedRaftLogWorker: flushIndex: setUnconditionally 0 -> 37
2019-09-24 11:59:08,119 INFO  server.RaftServerConfigKeys (ConfUtils.java:logGet(43)) - raft.server.snapshot.auto.trigger.enabled = true (custom)
2019-09-24 11:59:08,119 INFO  server.RaftServerConfigKeys (ConfUtils.java:logGet(43)) - raft.server.snapshot.auto.trigger.threshold = 10 (custom)
2019-09-24 11:59:08,120 INFO  server.RaftServerConfigKeys (ConfUtils.java:logGet(43)) - raft.server.snapshot.retention.file.num = -1 (default)
2019-09-24 11:59:08,120 INFO  server.RaftServerConfigKeys (ConfUtils.java:logGet(43)) - raft.server.retrycache.expirytime = 60s (default)
2019-09-24 11:59:08,120 INFO  impl.RaftServerImpl (RaftServerImpl.java:start(181)) - s0@group-5A033B22A403: start as a follower, conf=0: [s0:0.0.0.0:34864], old=null
2019-09-24 11:59:08,121 INFO  impl.RaftServerImpl (RaftServerImpl.java:setRole(170)) - s0@group-5A033B22A403: changes role from      null to FOLLOWER at term 1 for startAsFollower
2019-09-24 11:59:08,121 INFO  impl.RoleInfo (RoleInfo.java:updateAndGet(143)) - s0: start FollowerState
2019-09-24 11:59:08,122 INFO  util.JmxRegister (JmxRegister.java:tryRegister(44)) - Successfully registered JMX Bean with object name Ratis:service=RaftServer,group=group-5A033B22A403,id=s0
2019-09-24 11:59:08,123 INFO  impl.RaftServerProxy (RaftServerProxy.java:lambda$start$3(299)) - s0: start RPC server
2019-09-24 11:59:08,124 INFO  server.RaftServerConfigKeys (ConfUtils.java:logGet(43)) - raft.server.rpc.timeout.max = 300ms (default)
2019-09-24 11:59:08,125 INFO  ratis.RaftTestUtil (RaftTestUtil.java:waitForLeader(86)) - printing ALL groups
  s0:  RUNNING  FOLLOWER s0@group-5A033B22A403:t1, leader=null, voted=s0, raftlog=s0@group-5A033B22A403-SegmentedRaftLog:OPENED:c37,f37,i0, conf=0: [s0:0.0.0.0:34864], old=null RUNNING
2019-09-24 11:59:08,125 WARN  ratis.RaftTestUtil (JavaUtils.java:attempt(158)) - FAILED "waitForLeader-null-(expectLeader? true)", attempt #1/100: java.lang.IllegalStateException: No leader yet : printing ALL groups
  s0:  RUNNING  FOLLOWER s0@group-5A033B22A403:t1, leader=null, voted=s0, raftlog=s0@group-5A033B22A403-SegmentedRaftLog:OPENED:c37,f37,i0, conf=0: [s0:0.0.0.0:34864], old=null RUNNING, sleep 450ms and then retry.
java.lang.IllegalStateException: No leader yet : printing ALL groups
  s0:  RUNNING  FOLLOWER s0@group-5A033B22A403:t1, leader=null, voted=s0, raftlog=s0@group-5A033B22A403-SegmentedRaftLog:OPENED:c37,f37,i0, conf=0: [s0:0.0.0.0:34864], old=null RUNNING
	at org.apache.ratis.MiniRaftCluster.newIllegalStateExceptionForNoLeaders(MiniRaftCluster.java:506)
	at org.apache.ratis.RaftTestUtil.lambda$waitForLeader$1(RaftTestUtil.java:90)
	at org.apache.ratis.MiniRaftCluster.getLeader(MiniRaftCluster.java:539)
	at org.apache.ratis.MiniRaftCluster.getLeader(MiniRaftCluster.java:532)
	at org.apache.ratis.RaftTestUtil.lambda$waitForLeader$3(RaftTestUtil.java:98)
	at org.apache.ratis.util.JavaUtils.attempt(JavaUtils.java:152)
	at org.apache.ratis.RaftTestUtil.waitForLeader(RaftTestUtil.java:97)
	at org.apache.ratis.RaftTestUtil.waitForLeader(RaftTestUtil.java:77)
	at org.apache.ratis.RaftTestUtil.waitForLeader(RaftTestUtil.java:72)
	at org.apache.ratis.statemachine.RaftSnapshotBaseTest.assertLeaderContent(RaftSnapshotBaseTest.java:74)
	at org.apache.ratis.statemachine.RaftSnapshotBaseTest.testBasicInstallSnapshot(RaftSnapshotBaseTest.java:203)
	at sun.reflect.NativeMethodAccessorImpl.invoke0(Native Method)
	at sun.reflect.NativeMethodAccessorImpl.invoke(NativeMethodAccessorImpl.java:62)
	at sun.reflect.DelegatingMethodAccessorImpl.invoke(DelegatingMethodAccessorImpl.java:43)
	at java.lang.reflect.Method.invoke(Method.java:498)
	at org.junit.runners.model.FrameworkMethod$1.runReflectiveCall(FrameworkMethod.java:50)
	at org.junit.internal.runners.model.ReflectiveCallable.run(ReflectiveCallable.java:12)
	at org.junit.runners.model.FrameworkMethod.invokeExplosively(FrameworkMethod.java:47)
	at org.junit.internal.runners.statements.InvokeMethod.evaluate(InvokeMethod.java:17)
	at org.junit.internal.runners.statements.RunBefores.evaluate(RunBefores.java:26)
	at org.junit.internal.runners.statements.RunAfters.evaluate(RunAfters.java:27)
	at org.junit.internal.runners.statements.FailOnTimeout$CallableStatement.call(FailOnTimeout.java:298)
	at org.junit.internal.runners.statements.FailOnTimeout$CallableStatement.call(FailOnTimeout.java:292)
	at java.util.concurrent.FutureTask.run(FutureTask.java:266)
	at java.lang.Thread.run(Thread.java:748)
2019-09-24 11:59:08,295 INFO  impl.FollowerState (FollowerState.java:run(108)) - s0@group-5A033B22A403-FollowerState: change to CANDIDATE, lastRpcTime:173ms, electionTimeout:173ms
2019-09-24 11:59:08,295 INFO  impl.RoleInfo (RoleInfo.java:shutdownFollowerState(121)) - s0: shutdown FollowerState
2019-09-24 11:59:08,295 INFO  impl.RaftServerImpl (RaftServerImpl.java:setRole(170)) - s0@group-5A033B22A403: changes role from  FOLLOWER to CANDIDATE at term 1 for changeToCandidate
2019-09-24 11:59:08,296 INFO  impl.RoleInfo (RoleInfo.java:updateAndGet(143)) - s0: start LeaderElection
2019-09-24 11:59:08,317 INFO  impl.LeaderElection (LeaderElection.java:askForVotes(178)) - s0@group-5A033B22A403-LeaderElection4: begin an election at term 2 for 0: [s0:0.0.0.0:34864], old=null
2019-09-24 11:59:08,317 INFO  impl.RoleInfo (RoleInfo.java:shutdownLeaderElection(134)) - s0: shutdown LeaderElection
2019-09-24 11:59:08,318 INFO  impl.RaftServerImpl (RaftServerImpl.java:setRole(170)) - s0@group-5A033B22A403: changes role from CANDIDATE to LEADER at term 2 for changeToLeader
2019-09-24 11:59:08,318 INFO  impl.RaftServerImpl (ServerState.java:setLeader(254)) - s0@group-5A033B22A403: change Leader from null to s0 at term 2 for becomeLeader, leader elected after 203ms
2019-09-24 11:59:08,318 INFO  server.RaftServerConfigKeys (ConfUtils.java:logGet(43)) - raft.server.staging.catchup.gap = 1000 (default)
2019-09-24 11:59:08,318 INFO  server.RaftServerConfigKeys (ConfUtils.java:logGet(43)) - raft.server.rpc.sleep.time = 25ms (default)
2019-09-24 11:59:08,319 INFO  server.RaftServerConfigKeys (ConfUtils.java:logGet(43)) - raft.server.write.element-limit = 4096 (default)
2019-09-24 11:59:08,319 INFO  server.RaftServerConfigKeys (ConfUtils.java:logGet(43)) - raft.server.watch.timeout = 10s (default)
2019-09-24 11:59:08,319 INFO  server.RaftServerConfigKeys (ConfUtils.java:logGet(43)) - raft.server.watch.timeout.denomination = 1s (default)
2019-09-24 11:59:08,319 INFO  server.RaftServerConfigKeys (ConfUtils.java:logGet(43)) - raft.server.watch.element-limit = 65536 (default)
2019-09-24 11:59:08,320 INFO  impl.RoleInfo (RoleInfo.java:updateAndGet(143)) - s0: start LeaderState
2019-09-24 11:59:08,320 DEBUG raftlog.RaftLog (SegmentedRaftLog.java:appendImpl(425)) - truncateIndex=-1, arrayIndex=0
2019-09-24 11:59:08,320 INFO  segmented.SegmentedRaftLogWorker (SegmentedRaftLogWorker.java:startLogSegment(380)) - s0@group-5A033B22A403-SegmentedRaftLogWorker: Starting segment from index:38
2019-09-24 11:59:08,321 INFO  impl.RaftServerImpl (ServerState.java:setRaftConf(355)) - s0@group-5A033B22A403: set configuration 38: [s0:0.0.0.0:34864], old=null at 38
2019-09-24 11:59:08,399 INFO  segmented.SegmentedRaftLogWorker (SegmentedRaftLogWorker.java:execute(569)) - s0@group-5A033B22A403-SegmentedRaftLogWorker: created new log segment /workdir/ratis-test/target/test/data/13be305f/MiniRaftClusterWithSimulatedRpc285e57b8/s0/dc54caf4-714d-47f9-a6db-5a033b22a403/current/log_inprogress_38
2019-09-24 11:59:08,577 INFO  ratis.RaftTestUtil (RaftTestUtil.java:waitForLeader(101)) - printing ALL groups
  s0:  RUNNING    LEADER s0@group-5A033B22A403:t2, leader=s0, voted=s0, raftlog=s0@group-5A033B22A403-SegmentedRaftLog:OPENED:c39,f39,i39, conf=38: [s0:0.0.0.0:34864], old=null RUNNING
2019-09-24 11:59:08,578 INFO  statemachine.RaftSnapshotBaseTest (RaftSnapshotBaseTest.java:assertLeaderContent(86)) - 0) 0 term: 1
index: 1
stateMachineLogEntry {
  logData: "m0"
  stateMachineEntry {
    stateMachineData: "StateMachine Data"
  }
  clientId: "g\261G\333^\372N\037\211\'\026[\035\213\277\210"
  callId: 19
}

2019-09-24 11:59:08,578 INFO  statemachine.RaftSnapshotBaseTest (RaftSnapshotBaseTest.java:assertLeaderContent(86)) - 1) 1 term: 1
index: 3
stateMachineLogEntry {
  logData: "m1"
  stateMachineEntry {
    stateMachineData: "StateMachine Data"
  }
  clientId: "g\261G\333^\372N\037\211\'\026[\035\213\277\210"
  callId: 20
}

2019-09-24 11:59:08,579 INFO  statemachine.RaftSnapshotBaseTest (RaftSnapshotBaseTest.java:assertLeaderContent(86)) - 2) 2 term: 1
index: 5
stateMachineLogEntry {
  logData: "m2"
  stateMachineEntry {
    stateMachineData: "StateMachine Data"
  }
  clientId: "g\261G\333^\372N\037\211\'\026[\035\213\277\210"
  callId: 21
}

2019-09-24 11:59:08,579 INFO  statemachine.RaftSnapshotBaseTest (RaftSnapshotBaseTest.java:assertLeaderContent(86)) - 3) 3 term: 1
index: 7
stateMachineLogEntry {
  logData: "m3"
  stateMachineEntry {
    stateMachineData: "StateMachine Data"
  }
  clientId: "g\261G\333^\372N\037\211\'\026[\035\213\277\210"
  callId: 22
}

2019-09-24 11:59:08,580 INFO  statemachine.RaftSnapshotBaseTest (RaftSnapshotBaseTest.java:assertLeaderContent(86)) - 4) 4 term: 1
index: 9
stateMachineLogEntry {
  logData: "m4"
  stateMachineEntry {
    stateMachineData: "StateMachine Data"
  }
  clientId: "g\261G\333^\372N\037\211\'\026[\035\213\277\210"
  callId: 23
}

2019-09-24 11:59:08,581 INFO  statemachine.RaftSnapshotBaseTest (RaftSnapshotBaseTest.java:assertLeaderContent(86)) - 5) 5 term: 1
index: 11
stateMachineLogEntry {
  logData: "m5"
  stateMachineEntry {
    stateMachineData: "StateMachine Data"
  }
  clientId: "g\261G\333^\372N\037\211\'\026[\035\213\277\210"
  callId: 24
}

2019-09-24 11:59:08,582 INFO  statemachine.RaftSnapshotBaseTest (RaftSnapshotBaseTest.java:assertLeaderContent(86)) - 6) 6 term: 1
index: 13
stateMachineLogEntry {
  logData: "m6"
  stateMachineEntry {
    stateMachineData: "StateMachine Data"
  }
  clientId: "g\261G\333^\372N\037\211\'\026[\035\213\277\210"
  callId: 25
}

2019-09-24 11:59:08,582 INFO  statemachine.RaftSnapshotBaseTest (RaftSnapshotBaseTest.java:assertLeaderContent(86)) - 7) 7 term: 1
index: 15
stateMachineLogEntry {
  logData: "m7"
  stateMachineEntry {
    stateMachineData: "StateMachine Data"
  }
  clientId: "g\261G\333^\372N\037\211\'\026[\035\213\277\210"
  callId: 26
}

2019-09-24 11:59:08,583 INFO  statemachine.RaftSnapshotBaseTest (RaftSnapshotBaseTest.java:assertLeaderContent(86)) - 8) 8 term: 1
index: 17
stateMachineLogEntry {
  logData: "m8"
  stateMachineEntry {
    stateMachineData: "StateMachine Data"
  }
  clientId: "g\261G\333^\372N\037\211\'\026[\035\213\277\210"
  callId: 27
}

2019-09-24 11:59:08,584 INFO  statemachine.RaftSnapshotBaseTest (RaftSnapshotBaseTest.java:assertLeaderContent(86)) - 9) 9 term: 1
index: 19
stateMachineLogEntry {
  logData: "m9"
  stateMachineEntry {
    stateMachineData: "StateMachine Data"
  }
  clientId: "g\261G\333^\372N\037\211\'\026[\035\213\277\210"
  callId: 28
}

2019-09-24 11:59:08,584 INFO  statemachine.RaftSnapshotBaseTest (RaftSnapshotBaseTest.java:assertLeaderContent(86)) - 10) 10 term: 1
index: 21
stateMachineLogEntry {
  logData: "m10"
  stateMachineEntry {
    stateMachineData: "StateMachine Data"
  }
  clientId: "g\261G\333^\372N\037\211\'\026[\035\213\277\210"
  callId: 29
}

2019-09-24 11:59:08,585 INFO  statemachine.RaftSnapshotBaseTest (RaftSnapshotBaseTest.java:assertLeaderContent(86)) - 11) 11 term: 1
index: 23
stateMachineLogEntry {
  logData: "m11"
  stateMachineEntry {
    stateMachineData: "StateMachine Data"
  }
  clientId: "g\261G\333^\372N\037\211\'\026[\035\213\277\210"
  callId: 30
}

2019-09-24 11:59:08,585 INFO  statemachine.RaftSnapshotBaseTest (RaftSnapshotBaseTest.java:assertLeaderContent(86)) - 12) 12 term: 1
index: 25
stateMachineLogEntry {
  logData: "m12"
  stateMachineEntry {
    stateMachineData: "StateMachine Data"
  }
  clientId: "g\261G\333^\372N\037\211\'\026[\035\213\277\210"
  callId: 31
}

2019-09-24 11:59:08,586 INFO  statemachine.RaftSnapshotBaseTest (RaftSnapshotBaseTest.java:assertLeaderContent(86)) - 13) 13 term: 1
index: 27
stateMachineLogEntry {
  logData: "m13"
  stateMachineEntry {
    stateMachineData: "StateMachine Data"
  }
  clientId: "g\261G\333^\372N\037\211\'\026[\035\213\277\210"
  callId: 32
}

2019-09-24 11:59:08,587 INFO  statemachine.RaftSnapshotBaseTest (RaftSnapshotBaseTest.java:assertLeaderContent(86)) - 14) 14 term: 1
index: 29
stateMachineLogEntry {
  logData: "m14"
  stateMachineEntry {
    stateMachineData: "StateMachine Data"
  }
  clientId: "g\261G\333^\372N\037\211\'\026[\035\213\277\210"
  callId: 33
}

2019-09-24 11:59:08,587 INFO  statemachine.RaftSnapshotBaseTest (RaftSnapshotBaseTest.java:assertLeaderContent(86)) - 15) 15 term: 1
index: 31
stateMachineLogEntry {
  logData: "m15"
  stateMachineEntry {
    stateMachineData: "StateMachine Data"
  }
  clientId: "g\261G\333^\372N\037\211\'\026[\035\213\277\210"
  callId: 34
}

2019-09-24 11:59:08,587 INFO  statemachine.RaftSnapshotBaseTest (RaftSnapshotBaseTest.java:assertLeaderContent(86)) - 16) 16 term: 1
index: 33
stateMachineLogEntry {
  logData: "m16"
  stateMachineEntry {
    stateMachineData: "StateMachine Data"
  }
  clientId: "g\261G\333^\372N\037\211\'\026[\035\213\277\210"
  callId: 35
}

2019-09-24 11:59:08,588 INFO  statemachine.RaftSnapshotBaseTest (RaftSnapshotBaseTest.java:assertLeaderContent(86)) - 17) 17 term: 1
index: 35
stateMachineLogEntry {
  logData: "m17"
  stateMachineEntry {
    stateMachineData: "StateMachine Data"
  }
  clientId: "g\261G\333^\372N\037\211\'\026[\035\213\277\210"
  callId: 36
}

2019-09-24 11:59:08,589 INFO  statemachine.RaftSnapshotBaseTest (RaftSnapshotBaseTest.java:assertLeaderContent(86)) - 18) 18 term: 1
index: 37
stateMachineLogEntry {
  logData: "m18"
  stateMachineEntry {
    stateMachineData: "StateMachine Data"
  }
  clientId: "g\261G\333^\372N\037\211\'\026[\035\213\277\210"
  callId: 37
}

2019-09-24 11:59:08,589 DEBUG client.RaftClient (ConfUtils.java:logGet(43)) - raft.rpc.type = org.apache.ratis.server.simulation.SimulatedRpc (custom)
2019-09-24 11:59:08,590 DEBUG client.RaftClient (RaftClientImpl.java:sendRequest(275)) - client-509AAF58E395: send RaftClientRequest:client-509AAF58E395->s0@group-5A033B22A403, cid=38, seq=0, RW, m19
2019-09-24 11:59:08,590 DEBUG impl.RaftServerImpl (RaftServerImpl.java:submitClientRequestAsync(533)) - s0@group-5A033B22A403: receive client request(RaftClientRequest:client-509AAF58E395->s0@group-5A033B22A403, cid=38, seq=0, RW, m19)
2019-09-24 11:59:08,591 DEBUG impl.RaftServerImpl (LeaderState.java:addPendingRequest(317)) - s0@group-5A033B22A403-LeaderState: addPendingRequest at RaftClientRequest:client-509AAF58E395->s0@group-5A033B22A403, cid=38, seq=0, RW, m19, entry=(t:2, i:40), STATEMACHINELOGENTRY, client-509AAF58E395, cid=38
2019-09-24 11:59:08,603 INFO  statemachine.SimpleStateMachine4Testing (SimpleStateMachine4Testing.java:put(198)) - s0: put 40, m19 -> (t:2, i:40), STATEMACHINELOGENTRY, client-509AAF58E395, cid=38
2019-09-24 11:59:08,622 DEBUG client.RaftClient (RaftClientImpl.java:sendRequest(285)) - client-509AAF58E395: receive RaftClientReply:client-509AAF58E395->s0@group-5A033B22A403, cid=38, SUCCESS, logIndex=40, commits[s0:c40]
2019-09-24 11:59:08,623 INFO  ratis.MiniRaftCluster (MiniRaftCluster.java:addNewPeers(403)) - Add new peers [s3, s4]
2019-09-24 11:59:08,624 INFO  ratis.MiniRaftCluster (MiniRaftCluster.java:newRaftServer(330)) - newRaftServer: s3, group-5A033B22A403:[s0:0.0.0.0:34864], format? true
2019-09-24 11:59:08,624 TRACE util.FileUtils (FileUtils.java:deleteFully(88)) - deleteFully target/test/data/13be305f/MiniRaftClusterWithSimulatedRpc285e57b8/s3
2019-09-24 11:59:08,624 TRACE util.FileUtils (FileUtils.java:deleteFully(104)) - deleteFully: target/test/data/13be305f/MiniRaftClusterWithSimulatedRpc285e57b8/s3 does not exist.
2019-09-24 11:59:08,624 INFO  ratis.MiniRaftCluster (MiniRaftCluster.java:newRaftServer(335)) - Formatted directory target/test/data/13be305f/MiniRaftClusterWithSimulatedRpc285e57b8/s3
2019-09-24 11:59:08,625 INFO  impl.RaftServerProxy (ConfUtils.java:logGet(43)) - raft.rpc.type = org.apache.ratis.server.simulation.SimulatedRpc (custom)
2019-09-24 11:59:08,625 INFO  server.RaftServerConfigKeys (ConfUtils.java:logGet(43)) - raft.server.storage.dir = [/workdir/ratis-test/target/test/data/13be305f/MiniRaftClusterWithSimulatedRpc285e57b8/s3] (custom)
2019-09-24 11:59:08,626 INFO  impl.RaftServerProxy (RaftServerProxy.java:addNew(89)) - s3: addNew group-5A033B22A403:[s0:0.0.0.0:34864] returns group-5A033B22A403:java.util.concurrent.CompletableFuture@87a6041[Not completed]
2019-09-24 11:59:08,626 INFO  ratis.MiniRaftCluster (MiniRaftCluster.java:newRaftServer(330)) - newRaftServer: s4, group-5A033B22A403:[s0:0.0.0.0:34864], format? true
2019-09-24 11:59:08,626 INFO  server.RaftServerConfigKeys (ConfUtils.java:logGet(43)) - raft.server.log.segment.size.max = 8MB (=8388608) (default)
2019-09-24 11:59:08,627 TRACE util.FileUtils (FileUtils.java:deleteFully(88)) - deleteFully target/test/data/13be305f/MiniRaftClusterWithSimulatedRpc285e57b8/s4
2019-09-24 11:59:08,627 INFO  server.RaftServerConfigKeys (ConfUtils.java:logGet(43)) - raft.server.log.preallocated.size = 4MB (=4194304) (default)
2019-09-24 11:59:08,627 TRACE util.FileUtils (FileUtils.java:deleteFully(104)) - deleteFully: target/test/data/13be305f/MiniRaftClusterWithSimulatedRpc285e57b8/s4 does not exist.
2019-09-24 11:59:08,628 INFO  ratis.MiniRaftCluster (MiniRaftCluster.java:newRaftServer(335)) - Formatted directory target/test/data/13be305f/MiniRaftClusterWithSimulatedRpc285e57b8/s4
2019-09-24 11:59:08,627 INFO  server.RaftServerConfigKeys (ConfUtils.java:logGet(43)) - raft.server.log.write.buffer.size = 64KB (=65536) (default)
2019-09-24 11:59:08,628 INFO  impl.RaftServerProxy (ConfUtils.java:logGet(43)) - raft.rpc.type = org.apache.ratis.server.simulation.SimulatedRpc (custom)
2019-09-24 11:59:08,628 INFO  impl.RaftServerImpl (RaftServerImpl.java:<init>(95)) - s3: new RaftServerImpl for group-5A033B22A403:[s0:0.0.0.0:34864] with SimpleStateMachine4Testing:uninitialized
2019-09-24 11:59:08,629 INFO  server.RaftServerConfigKeys (ConfUtils.java:logGet(43)) - raft.server.rpc.timeout.min = 150ms (default)
2019-09-24 11:59:08,629 INFO  server.RaftServerConfigKeys (ConfUtils.java:logGet(43)) - raft.server.rpc.timeout.max = 300ms (default)
2019-09-24 11:59:08,629 INFO  server.RaftServerConfigKeys (ConfUtils.java:logGet(43)) - raft.server.storage.dir = [/workdir/ratis-test/target/test/data/13be305f/MiniRaftClusterWithSimulatedRpc285e57b8/s4] (custom)
2019-09-24 11:59:08,629 INFO  server.RaftServerConfigKeys (ConfUtils.java:logGet(43)) - raft.server.rpcslowness.timeout = 60s (default)
2019-09-24 11:59:08,630 INFO  server.RaftServerConfigKeys (ConfUtils.java:logGet(43)) - raft.server.sleep.deviation.threshold = 300 (default)
2019-09-24 11:59:08,630 INFO  impl.RaftServerProxy (RaftServerProxy.java:addNew(89)) - s4: addNew group-5A033B22A403:[s0:0.0.0.0:34864] returns group-5A033B22A403:java.util.concurrent.CompletableFuture@9bcb7b9[Not completed]
2019-09-24 11:59:08,630 INFO  server.RaftServerConfigKeys (ConfUtils.java:logGet(43)) - raft.server.log.appender.install.snapshot.enabled = true (default)
2019-09-24 11:59:08,630 INFO  server.RaftServerConfigKeys (ConfUtils.java:logGet(43)) - raft.server.log.segment.size.max = 8MB (=8388608) (default)
2019-09-24 11:59:08,630 INFO  impl.RaftServerImpl (ServerState.java:<init>(103)) - s3@group-5A033B22A403: ConfigurationManager, init=-1: [s0:0.0.0.0:34864], old=null, confs=<EMPTY_MAP>
2019-09-24 11:59:08,631 INFO  server.RaftServerConfigKeys (ConfUtils.java:logGet(43)) - raft.server.log.preallocated.size = 4MB (=4194304) (default)
2019-09-24 11:59:08,631 INFO  server.RaftServerConfigKeys (ConfUtils.java:logGet(43)) - raft.server.storage.dir = [/workdir/ratis-test/target/test/data/13be305f/MiniRaftClusterWithSimulatedRpc285e57b8/s3] (custom)
2019-09-24 11:59:08,631 INFO  server.RaftServerConfigKeys (ConfUtils.java:logGet(43)) - raft.server.log.write.buffer.size = 64KB (=65536) (default)
2019-09-24 11:59:08,631 INFO  server.RaftServerConfigKeys (ConfUtils.java:logGet(43)) - raft.server.log.corruption.policy = EXCEPTION (default)
2019-09-24 11:59:08,631 INFO  impl.RaftServerImpl (RaftServerImpl.java:<init>(95)) - s4: new RaftServerImpl for group-5A033B22A403:[s0:0.0.0.0:34864] with SimpleStateMachine4Testing:uninitialized
2019-09-24 11:59:08,632 INFO  storage.RaftStorageDirectory (RaftStorageDirectory.java:analyzeStorage(246)) - The storage directory /workdir/ratis-test/target/test/data/13be305f/MiniRaftClusterWithSimulatedRpc285e57b8/s3/dc54caf4-714d-47f9-a6db-5a033b22a403 does not exist. Creating ...
2019-09-24 11:59:08,632 INFO  server.RaftServerConfigKeys (ConfUtils.java:logGet(43)) - raft.server.rpc.timeout.min = 150ms (default)
2019-09-24 11:59:08,632 INFO  server.RaftServerConfigKeys (ConfUtils.java:logGet(43)) - raft.server.rpc.timeout.max = 300ms (default)
2019-09-24 11:59:08,632 INFO  server.RaftServerConfigKeys (ConfUtils.java:logGet(43)) - raft.server.rpcslowness.timeout = 60s (default)
2019-09-24 11:59:08,633 INFO  server.RaftServerConfigKeys (ConfUtils.java:logGet(43)) - raft.server.sleep.deviation.threshold = 300 (default)
2019-09-24 11:59:08,633 TRACE util.FileUtils (LogUtils.java:runAndLog(61)) - Successfully ran Files.createDirectories /workdir/ratis-test/target/test/data/13be305f/MiniRaftClusterWithSimulatedRpc285e57b8/s3/dc54caf4-714d-47f9-a6db-5a033b22a403
2019-09-24 11:59:08,633 INFO  server.RaftServerConfigKeys (ConfUtils.java:logGet(43)) - raft.server.log.appender.install.snapshot.enabled = true (default)
2019-09-24 11:59:08,633 INFO  impl.RaftServerImpl (ServerState.java:<init>(103)) - s4@group-5A033B22A403: ConfigurationManager, init=-1: [s0:0.0.0.0:34864], old=null, confs=<EMPTY_MAP>
2019-09-24 11:59:08,634 INFO  server.RaftServerConfigKeys (ConfUtils.java:logGet(43)) - raft.server.storage.dir = [/workdir/ratis-test/target/test/data/13be305f/MiniRaftClusterWithSimulatedRpc285e57b8/s4] (custom)
2019-09-24 11:59:08,634 INFO  server.RaftServerConfigKeys (ConfUtils.java:logGet(43)) - raft.server.log.corruption.policy = EXCEPTION (default)
2019-09-24 11:59:08,634 INFO  storage.RaftStorageDirectory (RaftStorageDirectory.java:analyzeStorage(246)) - The storage directory /workdir/ratis-test/target/test/data/13be305f/MiniRaftClusterWithSimulatedRpc285e57b8/s4/dc54caf4-714d-47f9-a6db-5a033b22a403 does not exist. Creating ...
2019-09-24 11:59:08,635 TRACE util.FileUtils (LogUtils.java:runAndLog(61)) - Successfully ran Files.createDirectories /workdir/ratis-test/target/test/data/13be305f/MiniRaftClusterWithSimulatedRpc285e57b8/s4/dc54caf4-714d-47f9-a6db-5a033b22a403
2019-09-24 11:59:08,647 INFO  storage.RaftStorageDirectory (RaftStorageDirectory.java:tryLock(328)) - Lock on /workdir/ratis-test/target/test/data/13be305f/MiniRaftClusterWithSimulatedRpc285e57b8/s3/dc54caf4-714d-47f9-a6db-5a033b22a403/in_use.lock acquired by nodename 15739@ratis-test-nppbd-817190658
2019-09-24 11:59:08,647 INFO  storage.RaftStorageDirectory (RaftStorageDirectory.java:tryLock(328)) - Lock on /workdir/ratis-test/target/test/data/13be305f/MiniRaftClusterWithSimulatedRpc285e57b8/s4/dc54caf4-714d-47f9-a6db-5a033b22a403/in_use.lock acquired by nodename 15739@ratis-test-nppbd-817190658
2019-09-24 11:59:08,647 TRACE util.FileUtils (LogUtils.java:runAndLog(61)) - Successfully ran Files.createDirectories /workdir/ratis-test/target/test/data/13be305f/MiniRaftClusterWithSimulatedRpc285e57b8/s3/dc54caf4-714d-47f9-a6db-5a033b22a403/current
2019-09-24 11:59:08,647 TRACE util.FileUtils (LogUtils.java:runAndLog(61)) - Successfully ran Files.createDirectories /workdir/ratis-test/target/test/data/13be305f/MiniRaftClusterWithSimulatedRpc285e57b8/s4/dc54caf4-714d-47f9-a6db-5a033b22a403/current
2019-09-24 11:59:08,648 TRACE util.FileUtils (LogUtils.java:runAndLog(61)) - Successfully ran Files.createDirectories /workdir/ratis-test/target/test/data/13be305f/MiniRaftClusterWithSimulatedRpc285e57b8/s3/dc54caf4-714d-47f9-a6db-5a033b22a403/sm
2019-09-24 11:59:08,648 TRACE util.FileUtils (LogUtils.java:runAndLog(61)) - Successfully ran Files.createDirectories /workdir/ratis-test/target/test/data/13be305f/MiniRaftClusterWithSimulatedRpc285e57b8/s4/dc54caf4-714d-47f9-a6db-5a033b22a403/sm
2019-09-24 11:59:08,662 INFO  storage.RaftStorage (RaftStorage.java:format(84)) - Storage directory /workdir/ratis-test/target/test/data/13be305f/MiniRaftClusterWithSimulatedRpc285e57b8/s4/dc54caf4-714d-47f9-a6db-5a033b22a403 has been successfully formatted.
2019-09-24 11:59:08,662 INFO  storage.RaftStorage (RaftStorage.java:format(84)) - Storage directory /workdir/ratis-test/target/test/data/13be305f/MiniRaftClusterWithSimulatedRpc285e57b8/s3/dc54caf4-714d-47f9-a6db-5a033b22a403 has been successfully formatted.
2019-09-24 11:59:08,662 INFO  statemachine.SimpleStateMachine4Testing (SimpleStateMachine4Testing.java:initialize(206)) - Initializing SimpleStateMachine4Testing:uninitialized
2019-09-24 11:59:08,663 INFO  statemachine.SimpleStateMachine4Testing (SimpleStateMachine4Testing.java:initialize(206)) - Initializing SimpleStateMachine4Testing:uninitialized
2019-09-24 11:59:08,663 INFO  statemachine.SimpleStateMachine4Testing (SimpleStateMachine4Testing.java:loadSnapshot(296)) - The snapshot file null does not exist
2019-09-24 11:59:08,663 INFO  statemachine.SimpleStateMachine4Testing (SimpleStateMachine4Testing.java:loadSnapshot(296)) - The snapshot file null does not exist
2019-09-24 11:59:08,663 INFO  server.RaftServerConfigKeys (ConfUtils.java:logGet(43)) - raft.server.notification.no-leader.timeout = 60s (default)
2019-09-24 11:59:08,664 INFO  server.RaftServerConfigKeys (ConfUtils.java:logGet(43)) - raft.server.notification.no-leader.timeout = 60s (default)
2019-09-24 11:59:08,664 INFO  server.RaftServerConfigKeys (ConfUtils.java:logGet(43)) - raft.server.log.use.memory = false (default)
2019-09-24 11:59:08,664 INFO  server.RaftServerConfigKeys (ConfUtils.java:logGet(43)) - raft.server.log.use.memory = false (default)
2019-09-24 11:59:08,664 INFO  server.RaftServerConfigKeys (ConfUtils.java:logGet(43)) - raft.server.log.purge.gap = 1024 (default)
2019-09-24 11:59:08,664 INFO  server.RaftServerConfigKeys (ConfUtils.java:logGet(43)) - raft.server.log.purge.gap = 1024 (default)
2019-09-24 11:59:08,665 INFO  server.RaftServerConfigKeys (ConfUtils.java:logGet(43)) - raft.server.log.appender.buffer.byte-limit = 4MB (=4194304) (default)
2019-09-24 11:59:08,665 INFO  server.RaftServerConfigKeys (ConfUtils.java:logGet(43)) - raft.server.log.appender.buffer.byte-limit = 4MB (=4194304) (default)
2019-09-24 11:59:08,665 INFO  server.RaftServerConfigKeys (ConfUtils.java:logGet(43)) - raft.server.log.segment.size.max = 8MB (=8388608) (default)
2019-09-24 11:59:08,665 INFO  server.RaftServerConfigKeys (ConfUtils.java:logGet(43)) - raft.server.log.segment.size.max = 8MB (=8388608) (default)
2019-09-24 11:59:08,665 INFO  server.RaftServerConfigKeys (ConfUtils.java:logGet(43)) - raft.server.log.segment.cache.num.max = 6 (default)
2019-09-24 11:59:08,666 INFO  server.RaftServerConfigKeys (ConfUtils.java:logGet(43)) - raft.server.log.segment.cache.num.max = 6 (default)
2019-09-24 11:59:08,666 INFO  segmented.SegmentedRaftLogWorker (SegmentedRaftLogWorker.java:<init>(172)) - new s4@group-5A033B22A403-SegmentedRaftLogWorker for RaftStorage:Storage Directory /workdir/ratis-test/target/test/data/13be305f/MiniRaftClusterWithSimulatedRpc285e57b8/s4/dc54caf4-714d-47f9-a6db-5a033b22a403
2019-09-24 11:59:08,666 INFO  segmented.SegmentedRaftLogWorker (SegmentedRaftLogWorker.java:<init>(172)) - new s3@group-5A033B22A403-SegmentedRaftLogWorker for RaftStorage:Storage Directory /workdir/ratis-test/target/test/data/13be305f/MiniRaftClusterWithSimulatedRpc285e57b8/s3/dc54caf4-714d-47f9-a6db-5a033b22a403
2019-09-24 11:59:08,675 INFO  server.RaftServerConfigKeys (ConfUtils.java:logGet(43)) - raft.server.log.queue.byte-limit = 64MB (=67108864) (default)
2019-09-24 11:59:08,675 INFO  server.RaftServerConfigKeys (ConfUtils.java:logGet(43)) - raft.server.log.queue.element-limit = 4096 (default)
2019-09-24 11:59:08,676 INFO  server.RaftServerConfigKeys (ConfUtils.java:logGet(43)) - raft.server.log.segment.size.max = 8MB (=8388608) (default)
2019-09-24 11:59:08,676 INFO  server.RaftServerConfigKeys (ConfUtils.java:logGet(43)) - raft.server.log.preallocated.size = 4MB (=4194304) (default)
2019-09-24 11:59:08,676 INFO  server.RaftServerConfigKeys (ConfUtils.java:logGet(43)) - raft.server.log.write.buffer.size = 64KB (=65536) (default)
2019-09-24 11:59:08,677 INFO  server.RaftServerConfigKeys (ConfUtils.java:logGet(43)) - raft.server.log.force.sync.num = 128 (default)
2019-09-24 11:59:08,677 INFO  server.RaftServerConfigKeys (ConfUtils.java:logGet(43)) - raft.server.log.statemachine.data.sync = true (default)
2019-09-24 11:59:08,677 INFO  server.RaftServerConfigKeys (ConfUtils.java:logGet(43)) - raft.server.log.queue.byte-limit = 64MB (=67108864) (default)
2019-09-24 11:59:08,677 INFO  server.RaftServerConfigKeys (ConfUtils.java:logGet(43)) - raft.server.log.statemachine.data.sync.timeout = 10s (default)
2019-09-24 11:59:08,677 INFO  server.RaftServerConfigKeys (ConfUtils.java:logGet(43)) - raft.server.log.queue.element-limit = 4096 (default)
2019-09-24 11:59:08,677 INFO  server.RaftServerConfigKeys (ConfUtils.java:logGet(43)) - raft.server.log.statemachine.data.sync.timeout.retry = -1 (default)
2019-09-24 11:59:08,678 INFO  server.RaftServerConfigKeys (ConfUtils.java:logGet(43)) - raft.server.log.segment.size.max = 8MB (=8388608) (default)
2019-09-24 11:59:08,678 INFO  server.RaftServerConfigKeys (ConfUtils.java:logGet(43)) - raft.server.log.statemachine.data.caching.enabled = false (default)
2019-09-24 11:59:08,678 INFO  server.RaftServerConfigKeys (ConfUtils.java:logGet(43)) - raft.server.log.preallocated.size = 4MB (=4194304) (default)
2019-09-24 11:59:08,678 INFO  server.RaftServerConfigKeys (ConfUtils.java:logGet(43)) - raft.server.log.write.buffer.size = 64KB (=65536) (default)
2019-09-24 11:59:08,679 INFO  segmented.SegmentedRaftLogWorker (SegmentedRaftLogWorker.java:lambda$new$0(132)) - s4@group-5A033B22A403-SegmentedRaftLogWorker: flushIndex: setUnconditionally 0 -> -1
2019-09-24 11:59:08,679 INFO  server.RaftServerConfigKeys (ConfUtils.java:logGet(43)) - raft.server.log.force.sync.num = 128 (default)
2019-09-24 11:59:08,679 INFO  server.RaftServerConfigKeys (ConfUtils.java:logGet(43)) - raft.server.snapshot.auto.trigger.enabled = true (custom)
2019-09-24 11:59:08,679 INFO  server.RaftServerConfigKeys (ConfUtils.java:logGet(43)) - raft.server.log.statemachine.data.sync = true (default)
2019-09-24 11:59:08,679 INFO  server.RaftServerConfigKeys (ConfUtils.java:logGet(43)) - raft.server.snapshot.auto.trigger.threshold = 10 (custom)
2019-09-24 11:59:08,680 INFO  server.RaftServerConfigKeys (ConfUtils.java:logGet(43)) - raft.server.log.statemachine.data.sync.timeout = 10s (default)
2019-09-24 11:59:08,680 INFO  server.RaftServerConfigKeys (ConfUtils.java:logGet(43)) - raft.server.snapshot.retention.file.num = -1 (default)
2019-09-24 11:59:08,680 INFO  server.RaftServerConfigKeys (ConfUtils.java:logGet(43)) - raft.server.log.statemachine.data.sync.timeout.retry = -1 (default)
2019-09-24 11:59:08,680 INFO  server.RaftServerConfigKeys (ConfUtils.java:logGet(43)) - raft.server.retrycache.expirytime = 60s (default)
2019-09-24 11:59:08,681 INFO  server.RaftServerConfigKeys (ConfUtils.java:logGet(43)) - raft.server.log.statemachine.data.caching.enabled = false (default)
2019-09-24 11:59:08,681 INFO  segmented.SegmentedRaftLogWorker (SegmentedRaftLogWorker.java:lambda$new$0(132)) - s3@group-5A033B22A403-SegmentedRaftLogWorker: flushIndex: setUnconditionally 0 -> -1
2019-09-24 11:59:08,682 INFO  server.RaftServerConfigKeys (ConfUtils.java:logGet(43)) - raft.server.snapshot.auto.trigger.enabled = true (custom)
2019-09-24 11:59:08,682 INFO  server.RaftServerConfigKeys (ConfUtils.java:logGet(43)) - raft.server.snapshot.auto.trigger.threshold = 10 (custom)
2019-09-24 11:59:08,682 INFO  server.RaftServerConfigKeys (ConfUtils.java:logGet(43)) - raft.server.snapshot.retention.file.num = -1 (default)
2019-09-24 11:59:08,682 INFO  server.RaftServerConfigKeys (ConfUtils.java:logGet(43)) - raft.server.retrycache.expirytime = 60s (default)
2019-09-24 11:59:08,690 INFO  impl.RaftServerImpl (RaftServerImpl.java:start(184)) - s3@group-5A033B22A403: start with initializing state, conf=-1: [s0:0.0.0.0:34864], old=null
2019-09-24 11:59:08,691 INFO  impl.RaftServerImpl (RaftServerImpl.java:setRole(170)) - s3@group-5A033B22A403: changes role from      null to FOLLOWER at term 0 for startInitializing
2019-09-24 11:59:08,691 INFO  util.JmxRegister (JmxRegister.java:tryRegister(44)) - Successfully registered JMX Bean with object name Ratis:service=RaftServer,group=group-5A033B22A403,id=s3
2019-09-24 11:59:08,699 INFO  impl.RaftServerProxy (RaftServerProxy.java:lambda$start$3(299)) - s3: start RPC server
2019-09-24 11:59:08,700 INFO  impl.RaftServerImpl (RaftServerImpl.java:start(184)) - s4@group-5A033B22A403: start with initializing state, conf=-1: [s0:0.0.0.0:34864], old=null
2019-09-24 11:59:08,700 INFO  impl.RaftServerImpl (RaftServerImpl.java:setRole(170)) - s4@group-5A033B22A403: changes role from      null to FOLLOWER at term 0 for startInitializing
2019-09-24 11:59:08,701 INFO  util.JmxRegister (JmxRegister.java:tryRegister(44)) - Successfully registered JMX Bean with object name Ratis:service=RaftServer,group=group-5A033B22A403,id=s4
2019-09-24 11:59:08,707 INFO  impl.RaftServerProxy (RaftServerProxy.java:lambda$start$3(299)) - s4: start RPC server
2019-09-24 11:59:08,709 DEBUG client.RaftClient (ConfUtils.java:logGet(43)) - raft.rpc.type = org.apache.ratis.server.simulation.SimulatedRpc (custom)
2019-09-24 11:59:08,710 INFO  ratis.MiniRaftCluster (MiniRaftCluster.java:setConfiguration(688)) - Start changing the configuration: [s3:null, s4:null, s0:0.0.0.0:34864]
2019-09-24 11:59:08,712 DEBUG client.RaftClient (RaftClientImpl.java:sendRequest(275)) - client-A34DF57DF3D8: send SetConfigurationRequest:client-A34DF57DF3D8->s3@group-5A033B22A403, cid=39, seq=0, RW, null, peers:[s3:null, s4:null, s0:0.0.0.0:34864]
2019-09-24 11:59:08,713 INFO  impl.RaftServerImpl (RaftServerImpl.java:setConfigurationAsync(658)) - s3@group-5A033B22A403: receive setConfiguration SetConfigurationRequest:client-A34DF57DF3D8->s3@group-5A033B22A403, cid=39, seq=0, RW, null, peers:[s3:null, s4:null, s0:0.0.0.0:34864]
2019-09-24 11:59:08,731 DEBUG client.RaftClient (RaftClientImpl.java:handleIOException(343)) - client-A34DF57DF3D8: suggested new leader: null. Failed SetConfigurationRequest:client-A34DF57DF3D8->s3@group-5A033B22A403, cid=39, seq=0, RW, null, peers:[s3:null, s4:null, s0:0.0.0.0:34864] with org.apache.ratis.protocol.ServerNotReadyException: s3@group-5A033B22A403 is not in [RUNNING]: current state is STARTING
2019-09-24 11:59:08,733 DEBUG client.RaftClient (RaftClientImpl.java:handleIOException(362)) - client-A34DF57DF3D8: oldLeader=s3,  curLeader=s3, newLeader=s4
2019-09-24 11:59:08,733 DEBUG client.RaftClient (RaftClientImpl.java:handleIOException(370)) - group-5A033B22A403 client-A34DF57DF3D8: client change Leader from s3 to s4 ex=org.apache.ratis.protocol.ServerNotReadyException
2019-09-24 11:59:08,834 DEBUG client.RaftClient (RaftClientImpl.java:sendRequest(275)) - client-A34DF57DF3D8: send SetConfigurationRequest:client-A34DF57DF3D8->s4@group-5A033B22A403, cid=39, seq=0, RW, null, peers:[s3:null, s4:null, s0:0.0.0.0:34864]
2019-09-24 11:59:08,834 INFO  impl.RaftServerImpl (RaftServerImpl.java:setConfigurationAsync(658)) - s4@group-5A033B22A403: receive setConfiguration SetConfigurationRequest:client-A34DF57DF3D8->s4@group-5A033B22A403, cid=39, seq=0, RW, null, peers:[s3:null, s4:null, s0:0.0.0.0:34864]
2019-09-24 11:59:08,852 DEBUG client.RaftClient (RaftClientImpl.java:handleIOException(343)) - client-A34DF57DF3D8: suggested new leader: null. Failed SetConfigurationRequest:client-A34DF57DF3D8->s4@group-5A033B22A403, cid=39, seq=0, RW, null, peers:[s3:null, s4:null, s0:0.0.0.0:34864] with org.apache.ratis.protocol.ServerNotReadyException: s4@group-5A033B22A403 is not in [RUNNING]: current state is STARTING
2019-09-24 11:59:08,852 DEBUG client.RaftClient (RaftClientImpl.java:handleIOException(362)) - client-A34DF57DF3D8: oldLeader=s4,  curLeader=s4, newLeader=s3
2019-09-24 11:59:08,852 DEBUG client.RaftClient (RaftClientImpl.java:handleIOException(370)) - group-5A033B22A403 client-A34DF57DF3D8: client change Leader from s4 to s3 ex=org.apache.ratis.protocol.ServerNotReadyException
2019-09-24 11:59:08,952 DEBUG client.RaftClient (RaftClientImpl.java:sendRequest(275)) - client-A34DF57DF3D8: send SetConfigurationRequest:client-A34DF57DF3D8->s3@group-5A033B22A403, cid=39, seq=0, RW, null, peers:[s3:null, s4:null, s0:0.0.0.0:34864]
2019-09-24 11:59:08,953 INFO  impl.RaftServerImpl (RaftServerImpl.java:setConfigurationAsync(658)) - s3@group-5A033B22A403: receive setConfiguration SetConfigurationRequest:client-A34DF57DF3D8->s3@group-5A033B22A403, cid=39, seq=0, RW, null, peers:[s3:null, s4:null, s0:0.0.0.0:34864]
2019-09-24 11:59:08,972 DEBUG client.RaftClient (RaftClientImpl.java:handleIOException(343)) - client-A34DF57DF3D8: suggested new leader: null. Failed SetConfigurationRequest:client-A34DF57DF3D8->s3@group-5A033B22A403, cid=39, seq=0, RW, null, peers:[s3:null, s4:null, s0:0.0.0.0:34864] with org.apache.ratis.protocol.ServerNotReadyException: s3@group-5A033B22A403 is not in [RUNNING]: current state is STARTING
2019-09-24 11:59:08,973 DEBUG client.RaftClient (RaftClientImpl.java:handleIOException(362)) - client-A34DF57DF3D8: oldLeader=s3,  curLeader=s3, newLeader=s0
2019-09-24 11:59:08,973 DEBUG client.RaftClient (RaftClientImpl.java:handleIOException(370)) - group-5A033B22A403 client-A34DF57DF3D8: client change Leader from s3 to s0 ex=org.apache.ratis.protocol.ServerNotReadyException
2019-09-24 11:59:09,073 DEBUG client.RaftClient (RaftClientImpl.java:sendRequest(275)) - client-A34DF57DF3D8: send SetConfigurationRequest:client-A34DF57DF3D8->s0@group-5A033B22A403, cid=39, seq=0, RW, null, peers:[s3:null, s4:null, s0:0.0.0.0:34864]
2019-09-24 11:59:09,074 INFO  impl.RaftServerImpl (RaftServerImpl.java:setConfigurationAsync(658)) - s0@group-5A033B22A403: receive setConfiguration SetConfigurationRequest:client-A34DF57DF3D8->s0@group-5A033B22A403, cid=39, seq=0, RW, null, peers:[s3:null, s4:null, s0:0.0.0.0:34864]
2019-09-24 11:59:09,074 INFO  impl.RaftServerImpl (LeaderState.java:startSetConfiguration(287)) - s0@group-5A033B22A403-LeaderState: startSetConfiguration SetConfigurationRequest:client-A34DF57DF3D8->s0@group-5A033B22A403, cid=39, seq=0, RW, null, peers:[s3:null, s4:null, s0:0.0.0.0:34864]
2019-09-24 11:59:09,079 INFO  server.RaftServerConfigKeys (ConfUtils.java:logGet(43)) - raft.server.log.appender.snapshot.chunk.size.max = 16MB (=16777216) (default)
2019-09-24 11:59:09,080 INFO  server.RaftServerConfigKeys (ConfUtils.java:logGet(43)) - raft.server.log.appender.buffer.byte-limit = 4MB (=4194304) (default)
2019-09-24 11:59:09,081 INFO  server.RaftServerConfigKeys (ConfUtils.java:logGet(43)) - raft.server.log.appender.buffer.element-limit = 0 (default)
2019-09-24 11:59:09,087 INFO  server.RaftServerConfigKeys (ConfUtils.java:logGet(43)) - raft.server.log.appender.snapshot.chunk.size.max = 16MB (=16777216) (default)
2019-09-24 11:59:09,087 INFO  server.RaftServerConfigKeys (ConfUtils.java:logGet(43)) - raft.server.log.appender.buffer.byte-limit = 4MB (=4194304) (default)
2019-09-24 11:59:09,087 INFO  server.RaftServerConfigKeys (ConfUtils.java:logGet(43)) - raft.server.log.appender.buffer.element-limit = 0 (default)
2019-09-24 11:59:09,157 INFO  impl.RaftServerImpl (ServerState.java:setLeader(254)) - s4@group-5A033B22A403: change Leader from null to s0 at term 2 for appendEntries, leader elected after 494ms
2019-09-24 11:59:09,157 INFO  impl.RaftServerImpl (ServerState.java:setLeader(254)) - s3@group-5A033B22A403: change Leader from null to s0 at term 2 for appendEntries, leader elected after 493ms
2019-09-24 11:59:09,164 INFO  impl.RaftServerImpl (RaftServerImpl.java:checkInconsistentAppendEntries(999)) - s3@group-5A033B22A403: Failed appendEntries as previous log entry ((t:2, i:41)) is not found
2019-09-24 11:59:09,164 INFO  impl.RaftServerImpl (RaftServerImpl.java:checkInconsistentAppendEntries(999)) - s4@group-5A033B22A403: Failed appendEntries as previous log entry ((t:2, i:41)) is not found
2019-09-24 11:59:09,180 INFO  impl.RaftServerImpl (RaftServerImpl.java:checkInconsistentAppendEntries(972)) - s4@group-5A033B22A403: inconsistency entries. Reply:s0<-s4#0:FAIL,INCONSISTENCY,nextIndex:1,term:0,followerCommit:-1
2019-09-24 11:59:09,180 INFO  impl.RaftServerImpl (RaftServerImpl.java:checkInconsistentAppendEntries(972)) - s3@group-5A033B22A403: inconsistency entries. Reply:s0<-s3#0:FAIL,INCONSISTENCY,nextIndex:1,term:0,followerCommit:-1
2019-09-24 11:59:09,194 INFO  impl.FollowerInfo (FollowerInfo.java:lambda$new$0(51)) - s0@group-5A033B22A403->s3: nextIndex: updateUnconditionally 42 -> 1
2019-09-24 11:59:09,194 INFO  impl.FollowerInfo (FollowerInfo.java:lambda$new$0(51)) - s0@group-5A033B22A403->s4: nextIndex: updateUnconditionally 42 -> 1
2019-09-24 11:59:09,195 INFO  impl.LogAppender (LogAppender.java:runAppenderImpl(455)) - s0@group-5A033B22A403->s3-LogAppender: followerNextIndex = 1 but logStartIndex = 38, send snapshot (t:1, i:37):[/workdir/ratis-test/target/test/data/13be305f/MiniRaftClusterWithSimulatedRpc285e57b8/s0/dc54caf4-714d-47f9-a6db-5a033b22a403/sm/snapshot.1_37] to follower
2019-09-24 11:59:09,195 INFO  impl.LogAppender (LogAppender.java:runAppenderImpl(455)) - s0@group-5A033B22A403->s4-LogAppender: followerNextIndex = 1 but logStartIndex = 38, send snapshot (t:1, i:37):[/workdir/ratis-test/target/test/data/13be305f/MiniRaftClusterWithSimulatedRpc285e57b8/s0/dc54caf4-714d-47f9-a6db-5a033b22a403/sm/snapshot.1_37] to follower
2019-09-24 11:59:09,221 INFO  impl.RaftServerImpl (RaftServerImpl.java:installSnapshot(1009)) - s4@group-5A033B22A403: receive installSnapshot: s0->s4#0-t2,chunk:9db28ad2-2d55-42a5-aad2-bc795da228a2,0
2019-09-24 11:59:09,223 TRACE util.FileUtils (LogUtils.java:runAndLog(61)) - Successfully ran Files.createDirectories /workdir/ratis-test/target/test/data/13be305f/MiniRaftClusterWithSimulatedRpc285e57b8/s4/dc54caf4-714d-47f9-a6db-5a033b22a403/tmp/9a011713-1490-4d59-9341-17709384b044
2019-09-24 11:59:09,227 INFO  impl.RaftServerImpl (ServerState.java:setRaftConf(355)) - s0@group-5A033B22A403: set configuration 42: [s3:null, s4:null, s0:0.0.0.0:34864], old=[s0:0.0.0.0:34864] at 42
2019-09-24 11:59:09,228 INFO  impl.RaftServerImpl (RaftServerImpl.java:installSnapshot(1009)) - s3@group-5A033B22A403: receive installSnapshot: s0->s3#0-t2,chunk:02bf9850-8b4b-4e2f-a28a-5a494f5c86d8,0
2019-09-24 11:59:09,229 TRACE util.FileUtils (LogUtils.java:runAndLog(61)) - Successfully ran Files.createDirectories /workdir/ratis-test/target/test/data/13be305f/MiniRaftClusterWithSimulatedRpc285e57b8/s3/dc54caf4-714d-47f9-a6db-5a033b22a403/tmp/92b846c5-86f7-4cfa-9d5f-e63c58725363
2019-09-24 11:59:09,237 INFO  storage.SnapshotManager (SnapshotManager.java:installSnapshot(66)) - Installing snapshot:serverRequest {
  requestorId: "s0"
  replyId: "s3"
  raftGroupId {
    id: "\334T\312\364qMG\371\246\333Z\003;\"\244\003"
  }
  slidingWindowEntry {
  }
}
leaderTerm: 2
snapshotChunk {
  requestId: "02bf9850-8b4b-4e2f-a28a-5a494f5c86d8"
  termIndex {
    term: 1
    index: 37
  }
  fileChunks {
    filename: "sm/snapshot.1_37"
    fileDigest: "\344\034\366\353G\036\347\356\305\203\\\216\316\260\365\230"
    data: "RaftLog13\b\001\020\001\032-\n\002m0\022\023\n\021StateMachine Datar\020g\261G\333^\372N\037\211\'\026[\035\213\277\210x\023g\246I\2253\b\001\020\003\032-\n\002m1\022\023\n\021StateMachine Datar\020g\261G\333^\372N\037\211\'\026[\035\213\277\210x\024x\351\221\3463\b\001\020\005\032-\n\002m2\022\023\n\021StateMachine Datar\020g\261G\333^\372N\037\211\'\026[\035\213\277\210x\025\323\340\241\2743\b\001\020\a\032-\n\002m3\022\023\n\021StateMachine Datar\020g\261G\333^\372N\037\211\'\026[\035\213\277\210x\026\v5\356\3203\b\001\020\t\032-\n\002m4\022\023\n\021StateMachine Datar\020g\261G\333^\372N\037\211\'\026[\035\213\277\210x\027\200\036\267\3713\b\001\020\v\032-\n\002m5\022\023\n\021StateMachine Datar\020g\261G\333^\372N\037\211\'\026[\035\213\277\210x\030\025\2107E3\b\001\020\r\032-\n\002m6\022\023\n\021StateMachine Datar\020g\261G\333^\372N\037\211\'\026[\035\213\277\210x\031\276\201\a\0373\b\001\020\017\032-\n\002m7\022\023\n\021StateMachine Datar\020g\261G\333^\372N\037\211\'\026[\035\213\277\210x\032fTHs3\b\001\020\021\032-\n\002m8\022\023\n\021StateMachine Datar\020g\261G\333^\372N\037\211\'\026[\035\213\277\210x\033\255;\303\2743\b\001\020\023\032-\n\002m9\022\023\n\021StateMachine Datar\020g\261G\333^\372N\037\211\'\026[\035\213\277\210x\034\262t\033\3174\b\001\020\025\032.\n\003m10\022\023\n\021StateMachine Datar\020g\261G\333^\372N\037\211\'\026[\035\213\277\210x\035|\246\030\2604\b\001\020\027\032.\n\003m11\022\023\n\021StateMachine Datar\020g\261G\333^\372N\037\211\'\026[\035\213\277\210x\036\026\300g!4\b\001\020\031\032.\n\003m12\022\023\n\021StateMachine Datar\020g\261G\333^\372N\037\211\'\026[\035\213\277\210x\037O\254\266\2734\b\001\020\033\032.\n\003m13\022\023\n\021StateMachine Datar\020g\261G\333^\372N\037\211\'\026[\035\213\277\210x XjOK4\b\001\020\035\032.\n\003m14\022\023\n\021StateMachine Datar\020g\261G\333^\372N\037\211\'\026[\035\213\277\210x!\3400\331\2644\b\001\020\037\032.\n\003m15\022\023\n\021StateMachine Datar\020g\261G\333^\372N\037\211\'\026[\035\213\277\210x\"\212V\246%4\b\001\020!\032.\n\003m16\022\023\n\021StateMachine Datar\020g\261G\333^\372N\037\211\'\026[\035\213\277\210x#\022\360\343\v4\b\001\020#\032.\n\003m17\022\023\n\021StateMachine Datar\020g\261G\333^\372N\037\211\'\026[\035\213\277\210x$\277\f\v\2054\b\001\020%\032.\n\003m18\022\023\n\021StateMachine Datar\020g\261G\333^\372N\037\211\'\026[\035\213\277\210x%\200o\351-"
    done: true
  }
  totalSize: 1081
  done: true
}
, to tmp dir:/workdir/ratis-test/target/test/data/13be305f/MiniRaftClusterWithSimulatedRpc285e57b8/s3/dc54caf4-714d-47f9-a6db-5a033b22a403/tmp/92b846c5-86f7-4cfa-9d5f-e63c58725363
2019-09-24 11:59:09,237 INFO  storage.SnapshotManager (SnapshotManager.java:installSnapshot(66)) - Installing snapshot:serverRequest {
  requestorId: "s0"
  replyId: "s4"
  raftGroupId {
    id: "\334T\312\364qMG\371\246\333Z\003;\"\244\003"
  }
  slidingWindowEntry {
  }
}
leaderTerm: 2
snapshotChunk {
  requestId: "9db28ad2-2d55-42a5-aad2-bc795da228a2"
  termIndex {
    term: 1
    index: 37
  }
  fileChunks {
    filename: "sm/snapshot.1_37"
    fileDigest: "\344\034\366\353G\036\347\356\305\203\\\216\316\260\365\230"
    data: "RaftLog13\b\001\020\001\032-\n\002m0\022\023\n\021StateMachine Datar\020g\261G\333^\372N\037\211\'\026[\035\213\277\210x\023g\246I\2253\b\001\020\003\032-\n\002m1\022\023\n\021StateMachine Datar\020g\261G\333^\372N\037\211\'\026[\035\213\277\210x\024x\351\221\3463\b\001\020\005\032-\n\002m2\022\023\n\021StateMachine Datar\020g\261G\333^\372N\037\211\'\026[\035\213\277\210x\025\323\340\241\2743\b\001\020\a\032-\n\002m3\022\023\n\021StateMachine Datar\020g\261G\333^\372N\037\211\'\026[\035\213\277\210x\026\v5\356\3203\b\001\020\t\032-\n\002m4\022\023\n\021StateMachine Datar\020g\261G\333^\372N\037\211\'\026[\035\213\277\210x\027\200\036\267\3713\b\001\020\v\032-\n\002m5\022\023\n\021StateMachine Datar\020g\261G\333^\372N\037\211\'\026[\035\213\277\210x\030\025\2107E3\b\001\020\r\032-\n\002m6\022\023\n\021StateMachine Datar\020g\261G\333^\372N\037\211\'\026[\035\213\277\210x\031\276\201\a\0373\b\001\020\017\032-\n\002m7\022\023\n\021StateMachine Datar\020g\261G\333^\372N\037\211\'\026[\035\213\277\210x\032fTHs3\b\001\020\021\032-\n\002m8\022\023\n\021StateMachine Datar\020g\261G\333^\372N\037\211\'\026[\035\213\277\210x\033\255;\303\2743\b\001\020\023\032-\n\002m9\022\023\n\021StateMachine Datar\020g\261G\333^\372N\037\211\'\026[\035\213\277\210x\034\262t\033\3174\b\001\020\025\032.\n\003m10\022\023\n\021StateMachine Datar\020g\261G\333^\372N\037\211\'\026[\035\213\277\210x\035|\246\030\2604\b\001\020\027\032.\n\003m11\022\023\n\021StateMachine Datar\020g\261G\333^\372N\037\211\'\026[\035\213\277\210x\036\026\300g!4\b\001\020\031\032.\n\003m12\022\023\n\021StateMachine Datar\020g\261G\333^\372N\037\211\'\026[\035\213\277\210x\037O\254\266\2734\b\001\020\033\032.\n\003m13\022\023\n\021StateMachine Datar\020g\261G\333^\372N\037\211\'\026[\035\213\277\210x XjOK4\b\001\020\035\032.\n\003m14\022\023\n\021StateMachine Datar\020g\261G\333^\372N\037\211\'\026[\035\213\277\210x!\3400\331\2644\b\001\020\037\032.\n\003m15\022\023\n\021StateMachine Datar\020g\261G\333^\372N\037\211\'\026[\035\213\277\210x\"\212V\246%4\b\001\020!\032.\n\003m16\022\023\n\021StateMachine Datar\020g\261G\333^\372N\037\211\'\026[\035\213\277\210x#\022\360\343\v4\b\001\020#\032.\n\003m17\022\023\n\021StateMachine Datar\020g\261G\333^\372N\037\211\'\026[\035\213\277\210x$\277\f\v\2054\b\001\020%\032.\n\003m18\022\023\n\021StateMachine Datar\020g\261G\333^\372N\037\211\'\026[\035\213\277\210x%\200o\351-"
    done: true
  }
  totalSize: 1081
  done: true
}
, to tmp dir:/workdir/ratis-test/target/test/data/13be305f/MiniRaftClusterWithSimulatedRpc285e57b8/s4/dc54caf4-714d-47f9-a6db-5a033b22a403/tmp/9a011713-1490-4d59-9341-17709384b044
2019-09-24 11:59:09,253 INFO  storage.SnapshotManager (SnapshotManager.java:installSnapshot(130)) - Install snapshot is done, renaming tnp dir:/workdir/ratis-test/target/test/data/13be305f/MiniRaftClusterWithSimulatedRpc285e57b8/s3/dc54caf4-714d-47f9-a6db-5a033b22a403/tmp/92b846c5-86f7-4cfa-9d5f-e63c58725363 to:/workdir/ratis-test/target/test/data/13be305f/MiniRaftClusterWithSimulatedRpc285e57b8/s3/dc54caf4-714d-47f9-a6db-5a033b22a403/sm
2019-09-24 11:59:09,253 INFO  storage.SnapshotManager (SnapshotManager.java:installSnapshot(130)) - Install snapshot is done, renaming tnp dir:/workdir/ratis-test/target/test/data/13be305f/MiniRaftClusterWithSimulatedRpc285e57b8/s4/dc54caf4-714d-47f9-a6db-5a033b22a403/tmp/9a011713-1490-4d59-9341-17709384b044 to:/workdir/ratis-test/target/test/data/13be305f/MiniRaftClusterWithSimulatedRpc285e57b8/s4/dc54caf4-714d-47f9-a6db-5a033b22a403/sm
2019-09-24 11:59:09,254 INFO  segmented.SegmentedRaftLogWorker (SegmentedRaftLogWorker.java:lambda$new$0(132)) - s3@group-5A033B22A403-SegmentedRaftLogWorker: flushIndex: setUnconditionally -1 -> 37
2019-09-24 11:59:09,255 INFO  segmented.SegmentedRaftLogWorker (SegmentedRaftLogWorker.java:lambda$new$0(132)) - s4@group-5A033B22A403-SegmentedRaftLogWorker: flushIndex: setUnconditionally -1 -> 37
2019-09-24 11:59:09,255 INFO  statemachine.SimpleStateMachine4Testing (SimpleStateMachine4Testing.java:reinitialize(229)) - Reinitializing SimpleStateMachine4Testing:s3:group-5A033B22A403
2019-09-24 11:59:09,255 INFO  impl.RaftServerImpl (RaftServerImpl.java:checkAndInstallSnapshot(1097)) - s3@group-5A033B22A403: successfully install the entire snapshot-37
2019-09-24 11:59:09,255 INFO  statemachine.SimpleStateMachine4Testing (SimpleStateMachine4Testing.java:reinitialize(229)) - Reinitializing SimpleStateMachine4Testing:s4:group-5A033B22A403
2019-09-24 11:59:09,255 INFO  impl.RaftServerImpl (RaftServerImpl.java:checkAndInstallSnapshot(1097)) - s4@group-5A033B22A403: successfully install the entire snapshot-37
2019-09-24 11:59:09,256 INFO  statemachine.SimpleStateMachine4Testing (SimpleStateMachine4Testing.java:loadSnapshot(300)) - Loading snapshot (t:1, i:37):[/workdir/ratis-test/target/test/data/13be305f/MiniRaftClusterWithSimulatedRpc285e57b8/s3/dc54caf4-714d-47f9-a6db-5a033b22a403/sm/snapshot.1_37]
2019-09-24 11:59:09,256 INFO  statemachine.SimpleStateMachine4Testing (SimpleStateMachine4Testing.java:loadSnapshot(300)) - Loading snapshot (t:1, i:37):[/workdir/ratis-test/target/test/data/13be305f/MiniRaftClusterWithSimulatedRpc285e57b8/s4/dc54caf4-714d-47f9-a6db-5a033b22a403/sm/snapshot.1_37]
2019-09-24 11:59:09,257 INFO  statemachine.SimpleStateMachine4Testing (SimpleStateMachine4Testing.java:put(198)) - s3: put 1, m0 -> (t:1, i:1), STATEMACHINELOGENTRY, client-165B1D8BBF88, cid=19
2019-09-24 11:59:09,257 INFO  statemachine.SimpleStateMachine4Testing (SimpleStateMachine4Testing.java:put(198)) - s4: put 1, m0 -> (t:1, i:1), STATEMACHINELOGENTRY, client-165B1D8BBF88, cid=19
2019-09-24 11:59:09,257 INFO  statemachine.SimpleStateMachine4Testing (SimpleStateMachine4Testing.java:put(198)) - s3: put 3, m1 -> (t:1, i:3), STATEMACHINELOGENTRY, client-165B1D8BBF88, cid=20
2019-09-24 11:59:09,258 INFO  statemachine.SimpleStateMachine4Testing (SimpleStateMachine4Testing.java:put(198)) - s4: put 3, m1 -> (t:1, i:3), STATEMACHINELOGENTRY, client-165B1D8BBF88, cid=20
2019-09-24 11:59:09,258 INFO  statemachine.SimpleStateMachine4Testing (SimpleStateMachine4Testing.java:put(198)) - s3: put 5, m2 -> (t:1, i:5), STATEMACHINELOGENTRY, client-165B1D8BBF88, cid=21
2019-09-24 11:59:09,258 INFO  statemachine.SimpleStateMachine4Testing (SimpleStateMachine4Testing.java:put(198)) - s4: put 5, m2 -> (t:1, i:5), STATEMACHINELOGENTRY, client-165B1D8BBF88, cid=21
2019-09-24 11:59:09,258 INFO  statemachine.SimpleStateMachine4Testing (SimpleStateMachine4Testing.java:put(198)) - s3: put 7, m3 -> (t:1, i:7), STATEMACHINELOGENTRY, client-165B1D8BBF88, cid=22
2019-09-24 11:59:09,258 INFO  statemachine.SimpleStateMachine4Testing (SimpleStateMachine4Testing.java:put(198)) - s4: put 7, m3 -> (t:1, i:7), STATEMACHINELOGENTRY, client-165B1D8BBF88, cid=22
2019-09-24 11:59:09,258 INFO  statemachine.SimpleStateMachine4Testing (SimpleStateMachine4Testing.java:put(198)) - s3: put 9, m4 -> (t:1, i:9), STATEMACHINELOGENTRY, client-165B1D8BBF88, cid=23
2019-09-24 11:59:09,259 INFO  statemachine.SimpleStateMachine4Testing (SimpleStateMachine4Testing.java:put(198)) - s4: put 9, m4 -> (t:1, i:9), STATEMACHINELOGENTRY, client-165B1D8BBF88, cid=23
2019-09-24 11:59:09,259 INFO  statemachine.SimpleStateMachine4Testing (SimpleStateMachine4Testing.java:put(198)) - s3: put 11, m5 -> (t:1, i:11), STATEMACHINELOGENTRY, client-165B1D8BBF88, cid=24
2019-09-24 11:59:09,259 INFO  statemachine.SimpleStateMachine4Testing (SimpleStateMachine4Testing.java:put(198)) - s4: put 11, m5 -> (t:1, i:11), STATEMACHINELOGENTRY, client-165B1D8BBF88, cid=24
2019-09-24 11:59:09,259 INFO  statemachine.SimpleStateMachine4Testing (SimpleStateMachine4Testing.java:put(198)) - s3: put 13, m6 -> (t:1, i:13), STATEMACHINELOGENTRY, client-165B1D8BBF88, cid=25
2019-09-24 11:59:09,259 INFO  statemachine.SimpleStateMachine4Testing (SimpleStateMachine4Testing.java:put(198)) - s4: put 13, m6 -> (t:1, i:13), STATEMACHINELOGENTRY, client-165B1D8BBF88, cid=25
2019-09-24 11:59:09,259 INFO  statemachine.SimpleStateMachine4Testing (SimpleStateMachine4Testing.java:put(198)) - s3: put 15, m7 -> (t:1, i:15), STATEMACHINELOGENTRY, client-165B1D8BBF88, cid=26
2019-09-24 11:59:09,260 INFO  statemachine.SimpleStateMachine4Testing (SimpleStateMachine4Testing.java:put(198)) - s4: put 15, m7 -> (t:1, i:15), STATEMACHINELOGENTRY, client-165B1D8BBF88, cid=26
2019-09-24 11:59:09,260 INFO  statemachine.SimpleStateMachine4Testing (SimpleStateMachine4Testing.java:put(198)) - s3: put 17, m8 -> (t:1, i:17), STATEMACHINELOGENTRY, client-165B1D8BBF88, cid=27
2019-09-24 11:59:09,261 INFO  statemachine.SimpleStateMachine4Testing (SimpleStateMachine4Testing.java:put(198)) - s4: put 17, m8 -> (t:1, i:17), STATEMACHINELOGENTRY, client-165B1D8BBF88, cid=27
2019-09-24 11:59:09,261 INFO  statemachine.SimpleStateMachine4Testing (SimpleStateMachine4Testing.java:put(198)) - s3: put 19, m9 -> (t:1, i:19), STATEMACHINELOGENTRY, client-165B1D8BBF88, cid=28
2019-09-24 11:59:09,261 INFO  statemachine.SimpleStateMachine4Testing (SimpleStateMachine4Testing.java:put(198)) - s4: put 19, m9 -> (t:1, i:19), STATEMACHINELOGENTRY, client-165B1D8BBF88, cid=28
2019-09-24 11:59:09,261 INFO  statemachine.SimpleStateMachine4Testing (SimpleStateMachine4Testing.java:put(198)) - s3: put 21, m10 -> (t:1, i:21), STATEMACHINELOGENTRY, client-165B1D8BBF88, cid=29
2019-09-24 11:59:09,261 INFO  statemachine.SimpleStateMachine4Testing (SimpleStateMachine4Testing.java:put(198)) - s4: put 21, m10 -> (t:1, i:21), STATEMACHINELOGENTRY, client-165B1D8BBF88, cid=29
2019-09-24 11:59:09,261 INFO  statemachine.SimpleStateMachine4Testing (SimpleStateMachine4Testing.java:put(198)) - s3: put 23, m11 -> (t:1, i:23), STATEMACHINELOGENTRY, client-165B1D8BBF88, cid=30
2019-09-24 11:59:09,262 INFO  statemachine.SimpleStateMachine4Testing (SimpleStateMachine4Testing.java:put(198)) - s4: put 23, m11 -> (t:1, i:23), STATEMACHINELOGENTRY, client-165B1D8BBF88, cid=30
2019-09-24 11:59:09,262 INFO  statemachine.SimpleStateMachine4Testing (SimpleStateMachine4Testing.java:put(198)) - s3: put 25, m12 -> (t:1, i:25), STATEMACHINELOGENTRY, client-165B1D8BBF88, cid=31
2019-09-24 11:59:09,262 INFO  statemachine.SimpleStateMachine4Testing (SimpleStateMachine4Testing.java:put(198)) - s4: put 25, m12 -> (t:1, i:25), STATEMACHINELOGENTRY, client-165B1D8BBF88, cid=31
2019-09-24 11:59:09,262 INFO  statemachine.SimpleStateMachine4Testing (SimpleStateMachine4Testing.java:put(198)) - s3: put 27, m13 -> (t:1, i:27), STATEMACHINELOGENTRY, client-165B1D8BBF88, cid=32
2019-09-24 11:59:09,262 INFO  statemachine.SimpleStateMachine4Testing (SimpleStateMachine4Testing.java:put(198)) - s4: put 27, m13 -> (t:1, i:27), STATEMACHINELOGENTRY, client-165B1D8BBF88, cid=32
2019-09-24 11:59:09,262 INFO  statemachine.SimpleStateMachine4Testing (SimpleStateMachine4Testing.java:put(198)) - s3: put 29, m14 -> (t:1, i:29), STATEMACHINELOGENTRY, client-165B1D8BBF88, cid=33
2019-09-24 11:59:09,263 INFO  impl.RaftServerImpl (RaftServerImpl.java:installSnapshot(1019)) - s3@group-5A033B22A403: reply installSnapshot: s0<-s3#0:OK-t2,SUCCESS,requestIndex=0
2019-09-24 11:59:09,263 INFO  statemachine.SimpleStateMachine4Testing (SimpleStateMachine4Testing.java:put(198)) - s4: put 29, m14 -> (t:1, i:29), STATEMACHINELOGENTRY, client-165B1D8BBF88, cid=33
2019-09-24 11:59:09,263 INFO  statemachine.SimpleStateMachine4Testing (SimpleStateMachine4Testing.java:put(198)) - s3: put 31, m15 -> (t:1, i:31), STATEMACHINELOGENTRY, client-165B1D8BBF88, cid=34
2019-09-24 11:59:09,263 INFO  impl.RaftServerImpl (RaftServerImpl.java:installSnapshot(1019)) - s4@group-5A033B22A403: reply installSnapshot: s0<-s4#0:OK-t2,SUCCESS,requestIndex=0
2019-09-24 11:59:09,263 INFO  statemachine.SimpleStateMachine4Testing (SimpleStateMachine4Testing.java:put(198)) - s3: put 33, m16 -> (t:1, i:33), STATEMACHINELOGENTRY, client-165B1D8BBF88, cid=35
2019-09-24 11:59:09,263 INFO  statemachine.SimpleStateMachine4Testing (SimpleStateMachine4Testing.java:put(198)) - s4: put 31, m15 -> (t:1, i:31), STATEMACHINELOGENTRY, client-165B1D8BBF88, cid=34
2019-09-24 11:59:09,264 INFO  statemachine.SimpleStateMachine4Testing (SimpleStateMachine4Testing.java:put(198)) - s3: put 35, m17 -> (t:1, i:35), STATEMACHINELOGENTRY, client-165B1D8BBF88, cid=36
2019-09-24 11:59:09,264 INFO  statemachine.SimpleStateMachine4Testing (SimpleStateMachine4Testing.java:put(198)) - s4: put 33, m16 -> (t:1, i:33), STATEMACHINELOGENTRY, client-165B1D8BBF88, cid=35
2019-09-24 11:59:09,264 INFO  statemachine.SimpleStateMachine4Testing (SimpleStateMachine4Testing.java:put(198)) - s3: put 37, m18 -> (t:1, i:37), STATEMACHINELOGENTRY, client-165B1D8BBF88, cid=37
2019-09-24 11:59:09,264 INFO  statemachine.SimpleStateMachine4Testing (SimpleStateMachine4Testing.java:put(198)) - s4: put 35, m17 -> (t:1, i:35), STATEMACHINELOGENTRY, client-165B1D8BBF88, cid=36
2019-09-24 11:59:09,265 INFO  statemachine.SimpleStateMachine4Testing (SimpleStateMachine4Testing.java:put(198)) - s4: put 37, m18 -> (t:1, i:37), STATEMACHINELOGENTRY, client-165B1D8BBF88, cid=37
2019-09-24 11:59:09,265 INFO  impl.StateMachineUpdater (StateMachineUpdater.java:lambda$new$0(84)) - s3@group-5A033B22A403-StateMachineUpdater: snapshotIndex: setUnconditionally -1 -> 37
2019-09-24 11:59:09,265 INFO  impl.StateMachineUpdater (StateMachineUpdater.java:lambda$new$0(84)) - s3@group-5A033B22A403-StateMachineUpdater: appliedIndex: setUnconditionally -1 -> 37
2019-09-24 11:59:09,265 INFO  impl.StateMachineUpdater (StateMachineUpdater.java:lambda$new$0(84)) - s4@group-5A033B22A403-StateMachineUpdater: snapshotIndex: setUnconditionally -1 -> 37
2019-09-24 11:59:09,266 INFO  impl.StateMachineUpdater (StateMachineUpdater.java:lambda$new$0(84)) - s4@group-5A033B22A403-StateMachineUpdater: appliedIndex: setUnconditionally -1 -> 37
2019-09-24 11:59:09,274 INFO  impl.FollowerInfo (FollowerInfo.java:lambda$new$0(51)) - s0@group-5A033B22A403->s4: matchIndex: setUnconditionally 0 -> 37
2019-09-24 11:59:09,274 INFO  impl.FollowerInfo (FollowerInfo.java:lambda$new$0(51)) - s0@group-5A033B22A403->s4: nextIndex: setUnconditionally 1 -> 38
2019-09-24 11:59:09,274 INFO  impl.LogAppender (LogAppender.java:installSnapshot(429)) - s0@group-5A033B22A403->s4-LogAppender: installSnapshot (t:1, i:37):[/workdir/ratis-test/target/test/data/13be305f/MiniRaftClusterWithSimulatedRpc285e57b8/s0/dc54caf4-714d-47f9-a6db-5a033b22a403/sm/snapshot.1_37] successfully
2019-09-24 11:59:09,281 DEBUG impl.RaftServerImpl (RaftServerImpl.java:logAppendEntries(850)) - s4@group-5A033B22A403: receive appendEntries(s0, 2, (t:1, i:37), 41, false, commits[s0:c41, s3:c-1, s4:c-1], entries: [(t:2, i:38), CONFIGURATIONENTRY, (t:2, i:39), METADATAENTRY(c38), (t:2, i:40), STATEMACHINELOGENTRY, client-509AAF58E395, cid=38, (t:2, i:41), METADATAENTRY(c40), (t:2, i:42), CONFIGURATIONENTRY]
2019-09-24 11:59:09,281 INFO  impl.FollowerInfo (FollowerInfo.java:lambda$new$0(51)) - s0@group-5A033B22A403->s3: matchIndex: setUnconditionally 0 -> 37
2019-09-24 11:59:09,281 INFO  impl.RoleInfo (RoleInfo.java:updateAndGet(143)) - s4: start FollowerState
2019-09-24 11:59:09,281 INFO  impl.FollowerInfo (FollowerInfo.java:lambda$new$0(51)) - s0@group-5A033B22A403->s3: nextIndex: setUnconditionally 1 -> 38
2019-09-24 11:59:09,282 INFO  impl.LogAppender (LogAppender.java:installSnapshot(429)) - s0@group-5A033B22A403->s3-LogAppender: installSnapshot (t:1, i:37):[/workdir/ratis-test/target/test/data/13be305f/MiniRaftClusterWithSimulatedRpc285e57b8/s0/dc54caf4-714d-47f9-a6db-5a033b22a403/sm/snapshot.1_37] successfully
2019-09-24 11:59:09,284 DEBUG impl.RaftServerImpl (RaftServerImpl.java:logAppendEntries(850)) - s3@group-5A033B22A403: receive appendEntries(s0, 2, (t:1, i:37), 41, false, commits[s0:c41, s3:c-1, s4:c-1], entries: [(t:2, i:38), CONFIGURATIONENTRY, (t:2, i:39), METADATAENTRY(c38), (t:2, i:40), STATEMACHINELOGENTRY, client-509AAF58E395, cid=38, (t:2, i:41), METADATAENTRY(c40), (t:2, i:42), CONFIGURATIONENTRY]
2019-09-24 11:59:09,285 INFO  impl.RoleInfo (RoleInfo.java:updateAndGet(143)) - s3: start FollowerState
2019-09-24 11:59:09,285 INFO  impl.RaftServerImpl (ServerState.java:setRaftConf(355)) - s4@group-5A033B22A403: set configuration 38: [s0:0.0.0.0:34864], old=null at 38
2019-09-24 11:59:09,285 INFO  impl.RaftServerImpl (ServerState.java:setRaftConf(355)) - s3@group-5A033B22A403: set configuration 38: [s0:0.0.0.0:34864], old=null at 38
2019-09-24 11:59:09,286 INFO  impl.RaftServerImpl (ServerState.java:setRaftConf(355)) - s4@group-5A033B22A403: set configuration 42: [s3:, s4:, s0:0.0.0.0:34864], old=[s0:0.0.0.0:34864] at 42
2019-09-24 11:59:09,287 INFO  impl.RaftServerImpl (ServerState.java:setRaftConf(355)) - s3@group-5A033B22A403: set configuration 42: [s3:, s4:, s0:0.0.0.0:34864], old=[s0:0.0.0.0:34864] at 42
2019-09-24 11:59:09,287 DEBUG raftlog.RaftLog (SegmentedRaftLog.java:appendImpl(425)) - truncateIndex=-1, arrayIndex=0
2019-09-24 11:59:09,287 DEBUG raftlog.RaftLog (SegmentedRaftLog.java:appendImpl(425)) - truncateIndex=-1, arrayIndex=0
2019-09-24 11:59:09,287 INFO  segmented.SegmentedRaftLogWorker (SegmentedRaftLogWorker.java:startLogSegment(380)) - s4@group-5A033B22A403-SegmentedRaftLogWorker: Starting segment from index:38
2019-09-24 11:59:09,287 INFO  segmented.SegmentedRaftLogWorker (SegmentedRaftLogWorker.java:startLogSegment(380)) - s3@group-5A033B22A403-SegmentedRaftLogWorker: Starting segment from index:38
2019-09-24 11:59:09,422 INFO  segmented.SegmentedRaftLogWorker (SegmentedRaftLogWorker.java:execute(569)) - s4@group-5A033B22A403-SegmentedRaftLogWorker: created new log segment /workdir/ratis-test/target/test/data/13be305f/MiniRaftClusterWithSimulatedRpc285e57b8/s4/dc54caf4-714d-47f9-a6db-5a033b22a403/current/log_inprogress_38
2019-09-24 11:59:09,422 INFO  segmented.SegmentedRaftLogWorker (SegmentedRaftLogWorker.java:execute(569)) - s3@group-5A033B22A403-SegmentedRaftLogWorker: created new log segment /workdir/ratis-test/target/test/data/13be305f/MiniRaftClusterWithSimulatedRpc285e57b8/s3/dc54caf4-714d-47f9-a6db-5a033b22a403/current/log_inprogress_38
2019-09-24 11:59:09,435 DEBUG impl.RaftServerImpl (RaftServerImpl.java:logAppendEntries(850)) - s4@group-5A033B22A403: succeeded to handle AppendEntries. Reply: s0<-s4#0:OK,SUCCESS,nextIndex:43,term:2,followerCommit:41
2019-09-24 11:59:09,435 DEBUG impl.RaftServerImpl (RaftServerImpl.java:logAppendEntries(850)) - s3@group-5A033B22A403: succeeded to handle AppendEntries. Reply: s0<-s3#0:OK,SUCCESS,nextIndex:43,term:2,followerCommit:41
2019-09-24 11:59:09,436 INFO  statemachine.SimpleStateMachine4Testing (SimpleStateMachine4Testing.java:put(198)) - s3: put 40, m19 -> (t:2, i:40), STATEMACHINELOGENTRY, client-509AAF58E395, cid=38
2019-09-24 11:59:09,436 INFO  statemachine.SimpleStateMachine4Testing (SimpleStateMachine4Testing.java:put(198)) - s4: put 40, m19 -> (t:2, i:40), STATEMACHINELOGENTRY, client-509AAF58E395, cid=38
2019-09-24 11:59:09,448 DEBUG impl.RaftServerImpl (RaftServerImpl.java:logAppendEntries(850)) - s4@group-5A033B22A403: receive appendEntries(s0, 2, (t:2, i:42), 42, false, commits[s0:c42, s3:c-1, s4:c41], entries: (t:2, i:43), METADATAENTRY(c42)
2019-09-24 11:59:09,448 DEBUG raftlog.RaftLog (SegmentedRaftLog.java:appendImpl(425)) - truncateIndex=-1, arrayIndex=0
2019-09-24 11:59:09,448 INFO  impl.RaftServerImpl (ServerState.java:setRaftConf(355)) - s0@group-5A033B22A403: set configuration 44: [s3:null, s4:null, s0:0.0.0.0:34864], old=null at 44
2019-09-24 11:59:09,450 DEBUG impl.RaftServerImpl (RaftServerImpl.java:logAppendEntries(850)) - s3@group-5A033B22A403: receive appendEntries(s0, 2, (t:2, i:42), 42, false, commits[s0:c42, s3:c41, s4:c41], entries: [(t:2, i:43), METADATAENTRY(c42), (t:2, i:44), CONFIGURATIONENTRY]
2019-09-24 11:59:09,451 INFO  impl.RaftServerImpl (ServerState.java:setRaftConf(355)) - s3@group-5A033B22A403: set configuration 44: [s3:, s4:, s0:0.0.0.0:34864], old=null at 44
2019-09-24 11:59:09,451 DEBUG raftlog.RaftLog (SegmentedRaftLog.java:appendImpl(425)) - truncateIndex=-1, arrayIndex=0
2019-09-24 11:59:09,459 DEBUG impl.RaftServerImpl (RaftServerImpl.java:logAppendEntries(850)) - s4@group-5A033B22A403: succeeded to handle AppendEntries. Reply: s0<-s4#0:OK,SUCCESS,nextIndex:44,term:2,followerCommit:42
2019-09-24 11:59:09,459 DEBUG impl.RaftServerImpl (RaftServerImpl.java:logAppendEntries(850)) - s3@group-5A033B22A403: succeeded to handle AppendEntries. Reply: s0<-s3#0:OK,SUCCESS,nextIndex:45,term:2,followerCommit:42
2019-09-24 11:59:09,471 DEBUG impl.RaftServerImpl (RaftServerImpl.java:logAppendEntries(850)) - s4@group-5A033B22A403: receive appendEntries(s0, 2, (t:2, i:43), 42, false, commits[s0:c42, s3:c41, s4:c42], entries: (t:2, i:44), CONFIGURATIONENTRY
2019-09-24 11:59:09,472 INFO  impl.RaftServerImpl (ServerState.java:setRaftConf(355)) - s4@group-5A033B22A403: set configuration 44: [s3:, s4:, s0:0.0.0.0:34864], old=null at 44
2019-09-24 11:59:09,472 DEBUG raftlog.RaftLog (SegmentedRaftLog.java:appendImpl(425)) - truncateIndex=-1, arrayIndex=0
2019-09-24 11:59:09,475 DEBUG impl.RaftServerImpl (RaftServerImpl.java:logAppendEntries(850)) - s3@group-5A033B22A403: receive appendEntries(s0, 2, (t:2, i:44), 44, false, commits[s0:c44, s3:c42, s4:c42], entries: (t:2, i:45), METADATAENTRY(c44)
2019-09-24 11:59:09,475 DEBUG raftlog.RaftLog (SegmentedRaftLog.java:appendImpl(425)) - truncateIndex=-1, arrayIndex=0
2019-09-24 11:59:09,485 DEBUG impl.RaftServerImpl (RaftServerImpl.java:logAppendEntries(850)) - s4@group-5A033B22A403: succeeded to handle AppendEntries. Reply: s0<-s4#0:OK,SUCCESS,nextIndex:45,term:2,followerCommit:42
2019-09-24 11:59:09,485 DEBUG impl.RaftServerImpl (RaftServerImpl.java:logAppendEntries(850)) - s3@group-5A033B22A403: succeeded to handle AppendEntries. Reply: s0<-s3#0:OK,SUCCESS,nextIndex:46,term:2,followerCommit:44
2019-09-24 11:59:09,489 DEBUG client.RaftClient (RaftClientImpl.java:sendRequest(285)) - client-A34DF57DF3D8: receive RaftClientReply:client-A34DF57DF3D8->s0@group-5A033B22A403, cid=39, SUCCESS, logIndex=0, commits[s0:c44, s3:c42, s4:c42]
2019-09-24 11:59:09,489 INFO  server.RaftServerConfigKeys (ConfUtils.java:logGet(43)) - raft.server.rpc.timeout.max = 300ms (default)
2019-09-24 11:59:09,492 INFO  impl.RaftServerTestUtil (RaftServerTestUtil.java:waitAndCheckNewConf(58)) - waitAndCheckNewConf: peers=[s3:null, s4:null, s0:0.0.0.0:34864], deadPeers=null, printing ALL groups
  s3:  RUNNING  FOLLOWER s3@group-5A033B22A403:t2, leader=s0, voted=null, raftlog=s3@group-5A033B22A403-SegmentedRaftLog:OPENED:c44,f45,i45, conf=44: [s3:, s4:, s0:0.0.0.0:34864], old=null RUNNING
  s4:  RUNNING  FOLLOWER s4@group-5A033B22A403:t2, leader=s0, voted=null, raftlog=s4@group-5A033B22A403-SegmentedRaftLog:OPENED:c42,f44,i44, conf=44: [s3:, s4:, s0:0.0.0.0:34864], old=null RUNNING
  s0:  RUNNING    LEADER s0@group-5A033B22A403:t2, leader=s0, voted=s0, raftlog=s0@group-5A033B22A403-SegmentedRaftLog:OPENED:c44,f45,i45, conf=44: [s3:null, s4:null, s0:0.0.0.0:34864], old=null RUNNING
2019-09-24 11:59:09,494 INFO  impl.RaftServerTestUtil (RaftServerTestUtil.java:waitAndCheckNewConf(66)) - checking  FOLLOWER s3@group-5A033B22A403:t2, leader=s0, voted=null, raftlog=s3@group-5A033B22A403-SegmentedRaftLog:OPENED:c44,f45,i45, conf=44: [s3:, s4:, s0:0.0.0.0:34864], old=null RUNNING
2019-09-24 11:59:09,494 INFO  impl.RaftServerTestUtil (RaftServerTestUtil.java:waitAndCheckNewConf(66)) - checking  FOLLOWER s4@group-5A033B22A403:t2, leader=s0, voted=null, raftlog=s4@group-5A033B22A403-SegmentedRaftLog:OPENED:c42,f44,i44, conf=44: [s3:, s4:, s0:0.0.0.0:34864], old=null RUNNING
2019-09-24 11:59:09,495 INFO  impl.RaftServerTestUtil (RaftServerTestUtil.java:waitAndCheckNewConf(66)) - checking    LEADER s0@group-5A033B22A403:t2, leader=s0, voted=s0, raftlog=s0@group-5A033B22A403-SegmentedRaftLog:OPENED:c44,f45,i45, conf=44: [s3:null, s4:null, s0:0.0.0.0:34864], old=null RUNNING
2019-09-24 11:59:09,495 INFO  ratis.MiniRaftCluster (MiniRaftCluster.java:killServer(458)) - killServer s0
2019-09-24 11:59:09,495 INFO  impl.RaftServerProxy (RaftServerProxy.java:lambda$close$4(314)) - s0: close
2019-09-24 11:59:09,496 INFO  impl.RaftServerImpl (RaftServerImpl.java:lambda$shutdown$3(247)) - s0@group-5A033B22A403: shutdown
2019-09-24 11:59:09,496 INFO  util.JmxRegister (JmxRegister.java:unregister(73)) - Successfully un-registered JMX Bean with object name Ratis:service=RaftServer,group=group-5A033B22A403,id=s0
2019-09-24 11:59:09,497 INFO  impl.RoleInfo (RoleInfo.java:shutdownLeaderState(104)) - s0: shutdown LeaderState
2019-09-24 11:59:09,498 INFO  impl.PendingRequests (PendingRequests.java:sendNotLeaderResponses(202)) - s0@group-5A033B22A403-PendingRequests: sendNotLeaderResponses
2019-09-24 11:59:09,498 INFO  impl.LogAppender (LogAppender.java:run(78)) - s0@group-5A033B22A403->s4-LogAppender-AppenderDaemon was interrupted: java.io.InterruptedIOException: 
2019-09-24 11:59:09,498 INFO  impl.LogAppender (LogAppender.java:run(78)) - s0@group-5A033B22A403->s3-LogAppender-AppenderDaemon was interrupted: java.io.InterruptedIOException: 
2019-09-24 11:59:09,499 INFO  impl.StateMachineUpdater (StateMachineUpdater.java:stopAndJoin(136)) - s0@group-5A033B22A403-StateMachineUpdater: set stopIndex = 44
2019-09-24 11:59:09,620 INFO  impl.StateMachineUpdater (StateMachineUpdater.java:takeSnapshot(269)) - s0@group-5A033B22A403-StateMachineUpdater: Took a snapshot at index 40
2019-09-24 11:59:09,620 INFO  impl.StateMachineUpdater (StateMachineUpdater.java:lambda$new$0(84)) - s0@group-5A033B22A403-StateMachineUpdater: snapshotIndex: updateIncreasingly 37 -> 40
2019-09-24 11:59:09,708 INFO  impl.FollowerState (FollowerState.java:run(108)) - s3@group-5A033B22A403-FollowerState: change to CANDIDATE, lastRpcTime:222ms, electionTimeout:188ms
2019-09-24 11:59:09,709 INFO  impl.RoleInfo (RoleInfo.java:shutdownFollowerState(121)) - s3: shutdown FollowerState
2019-09-24 11:59:09,709 INFO  impl.RaftServerImpl (RaftServerImpl.java:setRole(170)) - s3@group-5A033B22A403: changes role from  FOLLOWER to CANDIDATE at term 2 for changeToCandidate
2019-09-24 11:59:09,710 INFO  impl.RoleInfo (RoleInfo.java:updateAndGet(143)) - s3: start LeaderElection
2019-09-24 11:59:09,711 INFO  impl.RaftServerImpl (ServerState.java:setLeader(254)) - s3@group-5A033B22A403: change Leader from s0 to null at term 2 for initElection
2019-09-24 11:59:09,736 INFO  impl.LeaderElection (LeaderElection.java:askForVotes(178)) - s3@group-5A033B22A403-LeaderElection5: begin an election at term 3 for 44: [s3:, s4:, s0:0.0.0.0:34864], old=null
2019-09-24 11:59:09,737 INFO  impl.StateMachineUpdater (StateMachineUpdater.java:takeSnapshot(269)) - s0@group-5A033B22A403-StateMachineUpdater: Took a snapshot at index 40
2019-09-24 11:59:09,737 INFO  impl.StateMachineUpdater (StateMachineUpdater.java:lambda$new$0(84)) - s0@group-5A033B22A403-StateMachineUpdater: snapshotIndex: updateIncreasingly 40 -> 40
2019-09-24 11:59:09,737 INFO  impl.RaftServerImpl (ServerState.java:close(386)) - s0@group-5A033B22A403: closes. applyIndex: 44
2019-09-24 11:59:09,738 INFO  segmented.SegmentedRaftLogWorker (SegmentedRaftLogWorker.java:run(313)) - s0@group-5A033B22A403-SegmentedRaftLogWorker was interrupted, exiting. There are 0 tasks remaining in the queue.
2019-09-24 11:59:09,742 INFO  segmented.SegmentedRaftLogWorker (SegmentedRaftLogWorker.java:close(228)) - s0@group-5A033B22A403-SegmentedRaftLogWorker close()
2019-09-24 11:59:09,743 INFO  simulation.RequestHandler (RequestHandler.java:run(126)) - s0.clientHandler1 is interrupted by java.io.InterruptedIOException: 
2019-09-24 11:59:09,743 INFO  simulation.RequestHandler (RequestHandler.java:run(126)) - s0.clientHandler2 is interrupted by java.io.InterruptedIOException: 
2019-09-24 11:59:09,743 INFO  simulation.RequestHandler (RequestHandler.java:run(126)) - s0.clientHandler0 is interrupted by java.io.InterruptedIOException: 
2019-09-24 11:59:09,746 INFO  simulation.RequestHandler (RequestHandler.java:run(126)) - s0.serverHandler2 is interrupted by java.io.InterruptedIOException: 
2019-09-24 11:59:09,746 INFO  simulation.RequestHandler (RequestHandler.java:run(126)) - s0.serverHandler1 is interrupted by java.io.InterruptedIOException: 
2019-09-24 11:59:09,746 INFO  simulation.RequestHandler (RequestHandler.java:run(126)) - s0.serverHandler0 is interrupted by java.io.InterruptedIOException: 
2019-09-24 11:59:09,748 INFO  ratis.MiniRaftCluster (MiniRaftCluster.java:newRaftServer(330)) - newRaftServer: s0, group-5A033B22A403:[s3:null, s4:null, s0:0.0.0.0:34864], format? false
2019-09-24 11:59:09,748 INFO  impl.RaftServerProxy (ConfUtils.java:logGet(43)) - raft.rpc.type = org.apache.ratis.server.simulation.SimulatedRpc (custom)
2019-09-24 11:59:09,749 INFO  server.RaftServerConfigKeys (ConfUtils.java:logGet(43)) - raft.server.storage.dir = [/workdir/ratis-test/target/test/data/13be305f/MiniRaftClusterWithSimulatedRpc285e57b8/s0] (custom)
2019-09-24 11:59:09,749 INFO  impl.RaftServerProxy (RaftServerProxy.java:lambda$null$0(191)) - s0: found a subdirectory /workdir/ratis-test/target/test/data/13be305f/MiniRaftClusterWithSimulatedRpc285e57b8/s0/dc54caf4-714d-47f9-a6db-5a033b22a403
2019-09-24 11:59:09,750 DEBUG impl.RaftServerImpl (RaftServerImpl.java:requestVote(743)) - s4@group-5A033B22A403: receive requestVote(s3, group-5A033B22A403, 3, (t:2, i:45))
2019-09-24 11:59:09,750 INFO  impl.RaftServerImpl (ServerState.java:setLeader(254)) - s4@group-5A033B22A403: change Leader from s0 to null at term 3 for updateCurrentTerm
2019-09-24 11:59:09,750 INFO  impl.RaftServerProxy (RaftServerProxy.java:addNew(89)) - s0: addNew group-5A033B22A403:[s3:null, s4:null, s0:0.0.0.0:34864] returns group-5A033B22A403:java.util.concurrent.CompletableFuture@42f22fd1[Not completed]
2019-09-24 11:59:09,750 INFO  impl.RaftServerImpl (RaftServerImpl.java:setRole(170)) - s4@group-5A033B22A403: changes role from  FOLLOWER to FOLLOWER at term 3 for recognizeCandidate:s3
2019-09-24 11:59:09,750 INFO  server.RaftServerConfigKeys (ConfUtils.java:logGet(43)) - raft.server.log.segment.size.max = 8MB (=8388608) (default)
2019-09-24 11:59:09,751 INFO  impl.RoleInfo (RoleInfo.java:shutdownFollowerState(121)) - s4: shutdown FollowerState
2019-09-24 11:59:09,751 INFO  server.RaftServerConfigKeys (ConfUtils.java:logGet(43)) - raft.server.log.preallocated.size = 4MB (=4194304) (default)
2019-09-24 11:59:09,751 INFO  impl.FollowerState (FollowerState.java:run(117)) - s4@group-5A033B22A403-FollowerState was interrupted: java.lang.InterruptedException: sleep interrupted
2019-09-24 11:59:09,751 INFO  impl.RoleInfo (RoleInfo.java:updateAndGet(143)) - s4: start FollowerState
2019-09-24 11:59:09,751 INFO  server.RaftServerConfigKeys (ConfUtils.java:logGet(43)) - raft.server.log.write.buffer.size = 64KB (=65536) (default)
2019-09-24 11:59:09,752 INFO  impl.RaftServerImpl (RaftServerImpl.java:<init>(95)) - s0: new RaftServerImpl for group-5A033B22A403:[s3:null, s4:null, s0:0.0.0.0:34864] with SimpleStateMachine4Testing:uninitialized
2019-09-24 11:59:09,753 INFO  server.RaftServerConfigKeys (ConfUtils.java:logGet(43)) - raft.server.rpc.timeout.min = 150ms (default)
2019-09-24 11:59:09,753 INFO  server.RaftServerConfigKeys (ConfUtils.java:logGet(43)) - raft.server.rpc.timeout.max = 300ms (default)
2019-09-24 11:59:09,753 INFO  server.RaftServerConfigKeys (ConfUtils.java:logGet(43)) - raft.server.rpcslowness.timeout = 60s (default)
2019-09-24 11:59:09,753 INFO  server.RaftServerConfigKeys (ConfUtils.java:logGet(43)) - raft.server.sleep.deviation.threshold = 300 (default)
2019-09-24 11:59:09,754 INFO  server.RaftServerConfigKeys (ConfUtils.java:logGet(43)) - raft.server.log.appender.install.snapshot.enabled = true (default)
2019-09-24 11:59:09,754 INFO  impl.RaftServerImpl (ServerState.java:<init>(103)) - s0@group-5A033B22A403: ConfigurationManager, init=-1: [s3:null, s4:null, s0:0.0.0.0:34864], old=null, confs=<EMPTY_MAP>
2019-09-24 11:59:09,754 INFO  server.RaftServerConfigKeys (ConfUtils.java:logGet(43)) - raft.server.storage.dir = [/workdir/ratis-test/target/test/data/13be305f/MiniRaftClusterWithSimulatedRpc285e57b8/s0] (custom)
2019-09-24 11:59:09,755 INFO  server.RaftServerConfigKeys (ConfUtils.java:logGet(43)) - raft.server.log.corruption.policy = EXCEPTION (default)
2019-09-24 11:59:09,786 INFO  storage.RaftStorageDirectory (RaftStorageDirectory.java:tryLock(328)) - Lock on /workdir/ratis-test/target/test/data/13be305f/MiniRaftClusterWithSimulatedRpc285e57b8/s0/dc54caf4-714d-47f9-a6db-5a033b22a403/in_use.lock acquired by nodename 15739@ratis-test-nppbd-817190658
2019-09-24 11:59:09,787 INFO  statemachine.SimpleStateMachine4Testing (SimpleStateMachine4Testing.java:initialize(206)) - Initializing SimpleStateMachine4Testing:uninitialized
2019-09-24 11:59:09,789 INFO  statemachine.SimpleStateMachine4Testing (SimpleStateMachine4Testing.java:loadSnapshot(300)) - Loading snapshot (t:2, i:40):[/workdir/ratis-test/target/test/data/13be305f/MiniRaftClusterWithSimulatedRpc285e57b8/s0/dc54caf4-714d-47f9-a6db-5a033b22a403/sm/snapshot.2_40]
2019-09-24 11:59:09,790 INFO  statemachine.SimpleStateMachine4Testing (SimpleStateMachine4Testing.java:put(198)) - s0: put 1, m0 -> (t:1, i:1), STATEMACHINELOGENTRY, client-165B1D8BBF88, cid=19
2019-09-24 11:59:09,790 INFO  statemachine.SimpleStateMachine4Testing (SimpleStateMachine4Testing.java:put(198)) - s0: put 3, m1 -> (t:1, i:3), STATEMACHINELOGENTRY, client-165B1D8BBF88, cid=20
2019-09-24 11:59:09,790 INFO  statemachine.SimpleStateMachine4Testing (SimpleStateMachine4Testing.java:put(198)) - s0: put 5, m2 -> (t:1, i:5), STATEMACHINELOGENTRY, client-165B1D8BBF88, cid=21
2019-09-24 11:59:09,790 INFO  statemachine.SimpleStateMachine4Testing (SimpleStateMachine4Testing.java:put(198)) - s0: put 7, m3 -> (t:1, i:7), STATEMACHINELOGENTRY, client-165B1D8BBF88, cid=22
2019-09-24 11:59:09,791 DEBUG impl.RaftServerImpl (RaftServerImpl.java:requestVote(775)) - s4@group-5A033B22A403 replies to vote request: s3<-s4#0:OK-t3. Peer's state: s4@group-5A033B22A403:t3, leader=null, voted=s3, raftlog=s4@group-5A033B22A403-SegmentedRaftLog:OPENED:c42,f44,i44, conf=44: [s3:, s4:, s0:0.0.0.0:34864], old=null
2019-09-24 11:59:09,791 INFO  statemachine.SimpleStateMachine4Testing (SimpleStateMachine4Testing.java:put(198)) - s0: put 9, m4 -> (t:1, i:9), STATEMACHINELOGENTRY, client-165B1D8BBF88, cid=23
2019-09-24 11:59:09,791 INFO  statemachine.SimpleStateMachine4Testing (SimpleStateMachine4Testing.java:put(198)) - s0: put 11, m5 -> (t:1, i:11), STATEMACHINELOGENTRY, client-165B1D8BBF88, cid=24
2019-09-24 11:59:09,791 INFO  statemachine.SimpleStateMachine4Testing (SimpleStateMachine4Testing.java:put(198)) - s0: put 13, m6 -> (t:1, i:13), STATEMACHINELOGENTRY, client-165B1D8BBF88, cid=25
2019-09-24 11:59:09,792 INFO  statemachine.SimpleStateMachine4Testing (SimpleStateMachine4Testing.java:put(198)) - s0: put 15, m7 -> (t:1, i:15), STATEMACHINELOGENTRY, client-165B1D8BBF88, cid=26
2019-09-24 11:59:09,792 INFO  statemachine.SimpleStateMachine4Testing (SimpleStateMachine4Testing.java:put(198)) - s0: put 17, m8 -> (t:1, i:17), STATEMACHINELOGENTRY, client-165B1D8BBF88, cid=27
2019-09-24 11:59:09,792 INFO  statemachine.SimpleStateMachine4Testing (SimpleStateMachine4Testing.java:put(198)) - s0: put 19, m9 -> (t:1, i:19), STATEMACHINELOGENTRY, client-165B1D8BBF88, cid=28
2019-09-24 11:59:09,793 INFO  statemachine.SimpleStateMachine4Testing (SimpleStateMachine4Testing.java:put(198)) - s0: put 21, m10 -> (t:1, i:21), STATEMACHINELOGENTRY, client-165B1D8BBF88, cid=29
2019-09-24 11:59:09,793 INFO  statemachine.SimpleStateMachine4Testing (SimpleStateMachine4Testing.java:put(198)) - s0: put 23, m11 -> (t:1, i:23), STATEMACHINELOGENTRY, client-165B1D8BBF88, cid=30
2019-09-24 11:59:09,793 INFO  statemachine.SimpleStateMachine4Testing (SimpleStateMachine4Testing.java:put(198)) - s0: put 25, m12 -> (t:1, i:25), STATEMACHINELOGENTRY, client-165B1D8BBF88, cid=31
2019-09-24 11:59:09,794 INFO  statemachine.SimpleStateMachine4Testing (SimpleStateMachine4Testing.java:put(198)) - s0: put 27, m13 -> (t:1, i:27), STATEMACHINELOGENTRY, client-165B1D8BBF88, cid=32
2019-09-24 11:59:09,794 INFO  statemachine.SimpleStateMachine4Testing (SimpleStateMachine4Testing.java:put(198)) - s0: put 29, m14 -> (t:1, i:29), STATEMACHINELOGENTRY, client-165B1D8BBF88, cid=33
2019-09-24 11:59:09,889 INFO  statemachine.SimpleStateMachine4Testing (SimpleStateMachine4Testing.java:put(198)) - s0: put 31, m15 -> (t:1, i:31), STATEMACHINELOGENTRY, client-165B1D8BBF88, cid=34
2019-09-24 11:59:09,890 INFO  statemachine.SimpleStateMachine4Testing (SimpleStateMachine4Testing.java:put(198)) - s0: put 33, m16 -> (t:1, i:33), STATEMACHINELOGENTRY, client-165B1D8BBF88, cid=35
2019-09-24 11:59:09,891 INFO  statemachine.SimpleStateMachine4Testing (SimpleStateMachine4Testing.java:put(198)) - s0: put 35, m17 -> (t:1, i:35), STATEMACHINELOGENTRY, client-165B1D8BBF88, cid=36
2019-09-24 11:59:09,891 INFO  statemachine.SimpleStateMachine4Testing (SimpleStateMachine4Testing.java:put(198)) - s0: put 37, m18 -> (t:1, i:37), STATEMACHINELOGENTRY, client-165B1D8BBF88, cid=37
2019-09-24 11:59:09,891 INFO  impl.LeaderElection (LeaderElection.java:logAndReturn(56)) - s3@group-5A033B22A403-LeaderElection5: Election PASSED; received 1 response(s) [s3<-s4#0:OK-t3] and 0 exception(s); s3@group-5A033B22A403:t3, leader=null, voted=s3, raftlog=s3@group-5A033B22A403-SegmentedRaftLog:OPENED:c44,f45,i45, conf=44: [s3:, s4:, s0:0.0.0.0:34864], old=null
2019-09-24 11:59:09,891 INFO  statemachine.SimpleStateMachine4Testing (SimpleStateMachine4Testing.java:put(198)) - s0: put 40, m19 -> (t:2, i:40), STATEMACHINELOGENTRY, client-509AAF58E395, cid=38
2019-09-24 11:59:09,891 INFO  impl.RoleInfo (RoleInfo.java:shutdownLeaderElection(134)) - s3: shutdown LeaderElection
2019-09-24 11:59:09,892 INFO  impl.RaftServerImpl (RaftServerImpl.java:setRole(170)) - s3@group-5A033B22A403: changes role from CANDIDATE to LEADER at term 3 for changeToLeader
2019-09-24 11:59:09,892 INFO  impl.RaftServerImpl (ServerState.java:setLeader(254)) - s3@group-5A033B22A403: change Leader from null to s3 at term 3 for becomeLeader, leader elected after 181ms
2019-09-24 11:59:09,892 INFO  server.RaftServerConfigKeys (ConfUtils.java:logGet(43)) - raft.server.staging.catchup.gap = 1000 (default)
2019-09-24 11:59:09,893 INFO  server.RaftServerConfigKeys (ConfUtils.java:logGet(43)) - raft.server.rpc.sleep.time = 25ms (default)
2019-09-24 11:59:09,893 INFO  server.RaftServerConfigKeys (ConfUtils.java:logGet(43)) - raft.server.write.element-limit = 4096 (default)
2019-09-24 11:59:09,893 INFO  server.RaftServerConfigKeys (ConfUtils.java:logGet(43)) - raft.server.watch.timeout = 10s (default)
2019-09-24 11:59:09,893 INFO  server.RaftServerConfigKeys (ConfUtils.java:logGet(43)) - raft.server.watch.timeout.denomination = 1s (default)
2019-09-24 11:59:09,894 INFO  server.RaftServerConfigKeys (ConfUtils.java:logGet(43)) - raft.server.watch.element-limit = 65536 (default)
2019-09-24 11:59:09,894 INFO  impl.RaftServerImpl (ServerState.java:setRaftConf(355)) - s0@group-5A033B22A403: set configuration 44: [s3:, s4:, s0:0.0.0.0:34864], old=null at 44
2019-09-24 11:59:09,894 INFO  server.RaftServerConfigKeys (ConfUtils.java:logGet(43)) - raft.server.notification.no-leader.timeout = 60s (default)
2019-09-24 11:59:09,894 INFO  server.RaftServerConfigKeys (ConfUtils.java:logGet(43)) - raft.server.log.use.memory = false (default)
2019-09-24 11:59:09,894 INFO  server.RaftServerConfigKeys (ConfUtils.java:logGet(43)) - raft.server.log.purge.gap = 1024 (default)
2019-09-24 11:59:09,895 INFO  server.RaftServerConfigKeys (ConfUtils.java:logGet(43)) - raft.server.log.appender.buffer.byte-limit = 4MB (=4194304) (default)
2019-09-24 11:59:09,895 INFO  server.RaftServerConfigKeys (ConfUtils.java:logGet(43)) - raft.server.log.segment.size.max = 8MB (=8388608) (default)
2019-09-24 11:59:09,895 INFO  server.RaftServerConfigKeys (ConfUtils.java:logGet(43)) - raft.server.log.segment.cache.num.max = 6 (default)
2019-09-24 11:59:09,895 INFO  segmented.SegmentedRaftLogWorker (SegmentedRaftLogWorker.java:<init>(172)) - new s0@group-5A033B22A403-SegmentedRaftLogWorker for RaftStorage:Storage Directory /workdir/ratis-test/target/test/data/13be305f/MiniRaftClusterWithSimulatedRpc285e57b8/s0/dc54caf4-714d-47f9-a6db-5a033b22a403
2019-09-24 11:59:09,896 INFO  server.RaftServerConfigKeys (ConfUtils.java:logGet(43)) - raft.server.log.queue.byte-limit = 64MB (=67108864) (default)
2019-09-24 11:59:09,896 INFO  server.RaftServerConfigKeys (ConfUtils.java:logGet(43)) - raft.server.log.queue.element-limit = 4096 (default)
2019-09-24 11:59:09,896 INFO  server.RaftServerConfigKeys (ConfUtils.java:logGet(43)) - raft.server.log.segment.size.max = 8MB (=8388608) (default)
2019-09-24 11:59:09,896 INFO  server.RaftServerConfigKeys (ConfUtils.java:logGet(43)) - raft.server.log.preallocated.size = 4MB (=4194304) (default)
2019-09-24 11:59:09,896 INFO  server.RaftServerConfigKeys (ConfUtils.java:logGet(43)) - raft.server.log.write.buffer.size = 64KB (=65536) (default)
2019-09-24 11:59:09,897 INFO  server.RaftServerConfigKeys (ConfUtils.java:logGet(43)) - raft.server.log.force.sync.num = 128 (default)
2019-09-24 11:59:09,897 INFO  server.RaftServerConfigKeys (ConfUtils.java:logGet(43)) - raft.server.log.statemachine.data.sync = true (default)
2019-09-24 11:59:09,897 INFO  server.RaftServerConfigKeys (ConfUtils.java:logGet(43)) - raft.server.log.statemachine.data.sync.timeout = 10s (default)
2019-09-24 11:59:09,897 INFO  server.RaftServerConfigKeys (ConfUtils.java:logGet(43)) - raft.server.log.statemachine.data.sync.timeout.retry = -1 (default)
2019-09-24 11:59:09,898 INFO  server.RaftServerConfigKeys (ConfUtils.java:logGet(43)) - raft.server.log.statemachine.data.caching.enabled = false (default)
2019-09-24 11:59:09,898 INFO  server.RaftServerConfigKeys (ConfUtils.java:logGet(43)) - raft.server.log.appender.snapshot.chunk.size.max = 16MB (=16777216) (default)
2019-09-24 11:59:09,898 INFO  impl.RaftServerImpl (ServerState.java:setRaftConf(355)) - s0@group-5A033B22A403: set configuration 38: [s0:0.0.0.0:34864], old=null at 38
2019-09-24 11:59:09,898 INFO  server.RaftServerConfigKeys (ConfUtils.java:logGet(43)) - raft.server.log.appender.buffer.byte-limit = 4MB (=4194304) (default)
2019-09-24 11:59:09,899 INFO  server.RaftServerConfigKeys (ConfUtils.java:logGet(43)) - raft.server.log.appender.buffer.element-limit = 0 (default)
2019-09-24 11:59:09,899 INFO  impl.RaftServerImpl (ServerState.java:setRaftConf(355)) - s0@group-5A033B22A403: set configuration 42: [s3:, s4:, s0:0.0.0.0:34864], old=[s0:0.0.0.0:34864] at 42
2019-09-24 11:59:09,899 INFO  server.RaftServerConfigKeys (ConfUtils.java:logGet(43)) - raft.server.log.appender.snapshot.chunk.size.max = 16MB (=16777216) (default)
2019-09-24 11:59:09,900 INFO  server.RaftServerConfigKeys (ConfUtils.java:logGet(43)) - raft.server.log.appender.buffer.byte-limit = 4MB (=4194304) (default)
2019-09-24 11:59:09,900 INFO  impl.RaftServerImpl (ServerState.java:setRaftConf(355)) - s0@group-5A033B22A403: set configuration 44: [s3:, s4:, s0:0.0.0.0:34864], old=null at 44
2019-09-24 11:59:09,900 INFO  server.RaftServerConfigKeys (ConfUtils.java:logGet(43)) - raft.server.log.appender.buffer.element-limit = 0 (default)
2019-09-24 11:59:09,900 INFO  segmented.LogSegment (LogSegment.java:loadSegment(136)) - Successfully read 8 entries from segment file /workdir/ratis-test/target/test/data/13be305f/MiniRaftClusterWithSimulatedRpc285e57b8/s0/dc54caf4-714d-47f9-a6db-5a033b22a403/current/log_inprogress_38
2019-09-24 11:59:09,900 INFO  segmented.SegmentedRaftLogWorker (SegmentedRaftLogWorker.java:lambda$new$0(132)) - s0@group-5A033B22A403-SegmentedRaftLogWorker: flushIndex: setUnconditionally 0 -> 45
2019-09-24 11:59:09,900 INFO  impl.RoleInfo (RoleInfo.java:updateAndGet(143)) - s3: start LeaderState
2019-09-24 11:59:09,901 DEBUG raftlog.RaftLog (SegmentedRaftLog.java:appendImpl(425)) - truncateIndex=-1, arrayIndex=0
2019-09-24 11:59:09,901 INFO  raftlog.RaftLog (RaftLog.java:lambda$new$0(61)) - s0@group-5A033B22A403-SegmentedRaftLog: commitIndex: updateToMax old=40, new=44, updated? true
2019-09-24 11:59:09,901 INFO  segmented.SegmentedRaftLogWorker (SegmentedRaftLogWorker.java:rollLogSegment(385)) - s3@group-5A033B22A403-SegmentedRaftLogWorker: Rolling segment log-38_45 to index:45
2019-09-24 11:59:09,901 INFO  raftlog.RaftLog (RaftLog.java:lambda$new$0(61)) - s0@group-5A033B22A403-SegmentedRaftLog: purgeIndex: updateIncreasingly -1 -> 37
2019-09-24 11:59:09,902 INFO  server.RaftServerConfigKeys (ConfUtils.java:logGet(43)) - raft.server.snapshot.auto.trigger.enabled = true (custom)
2019-09-24 11:59:09,902 INFO  impl.RaftServerImpl (ServerState.java:setRaftConf(355)) - s3@group-5A033B22A403: set configuration 46: [s3:, s4:, s0:0.0.0.0:34864], old=null at 46
2019-09-24 11:59:09,902 INFO  server.RaftServerConfigKeys (ConfUtils.java:logGet(43)) - raft.server.snapshot.auto.trigger.threshold = 10 (custom)
2019-09-24 11:59:09,903 INFO  server.RaftServerConfigKeys (ConfUtils.java:logGet(43)) - raft.server.snapshot.retention.file.num = -1 (default)
2019-09-24 11:59:09,903 INFO  server.RaftServerConfigKeys (ConfUtils.java:logGet(43)) - raft.server.retrycache.expirytime = 60s (default)
2019-09-24 11:59:09,903 INFO  impl.RaftServerImpl (ServerState.java:setLeader(254)) - s4@group-5A033B22A403: change Leader from null to s3 at term 3 for appendEntries, leader elected after 153ms
2019-09-24 11:59:09,904 INFO  impl.RaftServerImpl (RaftServerImpl.java:checkInconsistentAppendEntries(999)) - s4@group-5A033B22A403: Failed appendEntries as previous log entry ((t:2, i:45)) is not found
2019-09-24 11:59:09,904 INFO  impl.RaftServerImpl (RaftServerImpl.java:start(181)) - s0@group-5A033B22A403: start as a follower, conf=44: [s3:, s4:, s0:0.0.0.0:34864], old=null
2019-09-24 11:59:09,904 TRACE util.FileUtils (LogUtils.java:runAndLog(61)) - Successfully ran Files.move /workdir/ratis-test/target/test/data/13be305f/MiniRaftClusterWithSimulatedRpc285e57b8/s3/dc54caf4-714d-47f9-a6db-5a033b22a403/current/log_inprogress_38 to /workdir/ratis-test/target/test/data/13be305f/MiniRaftClusterWithSimulatedRpc285e57b8/s3/dc54caf4-714d-47f9-a6db-5a033b22a403/current/log_38-45
2019-09-24 11:59:09,904 INFO  impl.RaftServerImpl (RaftServerImpl.java:checkInconsistentAppendEntries(972)) - s4@group-5A033B22A403: inconsistency entries. Reply:s3<-s4#0:FAIL,INCONSISTENCY,nextIndex:45,term:3,followerCommit:42
2019-09-24 11:59:09,905 INFO  segmented.SegmentedRaftLogWorker (SegmentedRaftLogWorker.java:execute(526)) - s3@group-5A033B22A403-SegmentedRaftLogWorker: Rolled log segment from /workdir/ratis-test/target/test/data/13be305f/MiniRaftClusterWithSimulatedRpc285e57b8/s3/dc54caf4-714d-47f9-a6db-5a033b22a403/current/log_inprogress_38 to /workdir/ratis-test/target/test/data/13be305f/MiniRaftClusterWithSimulatedRpc285e57b8/s3/dc54caf4-714d-47f9-a6db-5a033b22a403/current/log_38-45
2019-09-24 11:59:09,904 INFO  impl.RaftServerImpl (RaftServerImpl.java:setRole(170)) - s0@group-5A033B22A403: changes role from      null to FOLLOWER at term 2 for startAsFollower
2019-09-24 11:59:09,905 INFO  impl.RoleInfo (RoleInfo.java:updateAndGet(143)) - s0: start FollowerState
2019-09-24 11:59:09,906 INFO  util.JmxRegister (JmxRegister.java:tryRegister(44)) - Successfully registered JMX Bean with object name Ratis:service=RaftServer,group=group-5A033B22A403,id=s0
2019-09-24 11:59:09,907 INFO  impl.RaftServerProxy (RaftServerProxy.java:lambda$start$3(299)) - s0: start RPC server
2019-09-24 11:59:09,908 DEBUG impl.RaftServerImpl (RaftServerImpl.java:requestVote(743)) - s0@group-5A033B22A403: receive requestVote(s3, group-5A033B22A403, 3, (t:2, i:45))
2019-09-24 11:59:09,909 INFO  server.RaftServerConfigKeys (ConfUtils.java:logGet(43)) - raft.server.rpc.timeout.max = 300ms (default)
2019-09-24 11:59:09,909 INFO  ratis.RaftTestUtil (RaftTestUtil.java:waitForLeader(86)) - printing ALL groups
  s3:  RUNNING    LEADER s3@group-5A033B22A403:t3, leader=s3, voted=s3, raftlog=s3@group-5A033B22A403-SegmentedRaftLog:OPENED:c44,f45,i46, conf=46: [s3:, s4:, s0:0.0.0.0:34864], old=null RUNNING
  s4:  RUNNING  FOLLOWER s4@group-5A033B22A403:t3, leader=s3, voted=s3, raftlog=s4@group-5A033B22A403-SegmentedRaftLog:OPENED:c42,f44,i44, conf=44: [s3:, s4:, s0:0.0.0.0:34864], old=null RUNNING
  s0:  RUNNING  FOLLOWER s0@group-5A033B22A403:t3, leader=null, voted=null, raftlog=s0@group-5A033B22A403-SegmentedRaftLog:OPENED:c44,f45,i45, conf=44: [s3:, s4:, s0:0.0.0.0:34864], old=null RUNNING
2019-09-24 11:59:09,910 INFO  ratis.RaftTestUtil (RaftTestUtil.java:waitForLeader(101)) - printing ALL groups
  s3:  RUNNING    LEADER s3@group-5A033B22A403:t3, leader=s3, voted=s3, raftlog=s3@group-5A033B22A403-SegmentedRaftLog:OPENED:c44,f45,i46, conf=46: [s3:, s4:, s0:0.0.0.0:34864], old=null RUNNING
  s4:  RUNNING  FOLLOWER s4@group-5A033B22A403:t3, leader=s3, voted=s3, raftlog=s4@group-5A033B22A403-SegmentedRaftLog:OPENED:c42,f44,i44, conf=44: [s3:, s4:, s0:0.0.0.0:34864], old=null RUNNING
  s0:  RUNNING  FOLLOWER s0@group-5A033B22A403:t3, leader=null, voted=null, raftlog=s0@group-5A033B22A403-SegmentedRaftLog:OPENED:c44,f45,i45, conf=44: [s3:, s4:, s0:0.0.0.0:34864], old=null RUNNING
2019-09-24 11:59:09,910 INFO  ratis.MiniRaftCluster (MiniRaftCluster.java:shutdown(700)) - ************************************************************** 
2019-09-24 11:59:09,910 INFO  ratis.MiniRaftCluster (MiniRaftCluster.java:shutdown(701)) - *** 
2019-09-24 11:59:09,910 INFO  ratis.MiniRaftCluster (MiniRaftCluster.java:shutdown(702)) - ***     Stopping MiniRaftClusterWithSimulatedRpc
2019-09-24 11:59:09,911 INFO  ratis.MiniRaftCluster (MiniRaftCluster.java:shutdown(703)) - *** 
2019-09-24 11:59:09,911 INFO  ratis.MiniRaftCluster (MiniRaftCluster.java:shutdown(704)) - ************************************************************** 
2019-09-24 11:59:09,911 INFO  ratis.MiniRaftCluster (MiniRaftCluster.java:shutdown(705)) - printing ALL groups
  s3:  RUNNING    LEADER s3@group-5A033B22A403:t3, leader=s3, voted=s3, raftlog=s3@group-5A033B22A403-SegmentedRaftLog:OPENED:c44,f45,i46, conf=46: [s3:, s4:, s0:0.0.0.0:34864], old=null RUNNING
  s4:  RUNNING  FOLLOWER s4@group-5A033B22A403:t3, leader=s3, voted=s3, raftlog=s4@group-5A033B22A403-SegmentedRaftLog:OPENED:c42,f44,i44, conf=44: [s3:, s4:, s0:0.0.0.0:34864], old=null RUNNING
  s0:  RUNNING  FOLLOWER s0@group-5A033B22A403:t3, leader=null, voted=null, raftlog=s0@group-5A033B22A403-SegmentedRaftLog:OPENED:c44,f45,i45, conf=44: [s3:, s4:, s0:0.0.0.0:34864], old=null RUNNING
2019-09-24 11:59:09,913 INFO  impl.RaftServerProxy (RaftServerProxy.java:lambda$close$4(314)) - s3: close
2019-09-24 11:59:09,913 INFO  impl.RaftServerProxy (RaftServerProxy.java:lambda$close$4(314)) - s4: close
2019-09-24 11:59:09,914 INFO  impl.RaftServerProxy (RaftServerProxy.java:lambda$close$4(314)) - s0: close
2019-09-24 11:59:09,914 INFO  impl.RaftServerImpl (RaftServerImpl.java:lambda$shutdown$3(247)) - s3@group-5A033B22A403: shutdown
2019-09-24 11:59:09,915 INFO  impl.RaftServerImpl (RaftServerImpl.java:lambda$shutdown$3(247)) - s0@group-5A033B22A403: shutdown
2019-09-24 11:59:09,915 INFO  impl.RaftServerImpl (RaftServerImpl.java:lambda$shutdown$3(247)) - s4@group-5A033B22A403: shutdown
2019-09-24 11:59:09,916 INFO  util.JmxRegister (JmxRegister.java:unregister(73)) - Successfully un-registered JMX Bean with object name Ratis:service=RaftServer,group=group-5A033B22A403,id=s0
2019-09-24 11:59:09,915 INFO  util.JmxRegister (JmxRegister.java:unregister(73)) - Successfully un-registered JMX Bean with object name Ratis:service=RaftServer,group=group-5A033B22A403,id=s3
2019-09-24 11:59:09,916 INFO  impl.RoleInfo (RoleInfo.java:shutdownFollowerState(121)) - s0: shutdown FollowerState
2019-09-24 11:59:09,916 INFO  util.JmxRegister (JmxRegister.java:unregister(73)) - Successfully un-registered JMX Bean with object name Ratis:service=RaftServer,group=group-5A033B22A403,id=s4
2019-09-24 11:59:09,917 INFO  impl.FollowerState (FollowerState.java:run(117)) - s0@group-5A033B22A403-FollowerState was interrupted: java.lang.InterruptedException: sleep interrupted
2019-09-24 11:59:09,917 INFO  impl.StateMachineUpdater (StateMachineUpdater.java:stopAndJoin(136)) - s0@group-5A033B22A403-StateMachineUpdater: set stopIndex = 44
2019-09-24 11:59:09,916 INFO  impl.RoleInfo (RoleInfo.java:shutdownLeaderState(104)) - s3: shutdown LeaderState
2019-09-24 11:59:09,917 INFO  impl.RoleInfo (RoleInfo.java:shutdownFollowerState(121)) - s4: shutdown FollowerState
2019-09-24 11:59:09,919 INFO  impl.LogAppender (LogAppender.java:run(78)) - s3@group-5A033B22A403->s4-LogAppender-AppenderDaemon was interrupted: java.io.InterruptedIOException: 
2019-09-24 11:59:09,919 INFO  impl.StateMachineUpdater (StateMachineUpdater.java:stopAndJoin(136)) - s4@group-5A033B22A403-StateMachineUpdater: set stopIndex = 42
2019-09-24 11:59:09,919 INFO  impl.PendingRequests (PendingRequests.java:sendNotLeaderResponses(202)) - s3@group-5A033B22A403-PendingRequests: sendNotLeaderResponses
2019-09-24 11:59:09,919 INFO  impl.LogAppender (LogAppender.java:run(78)) - s3@group-5A033B22A403->s0-LogAppender-AppenderDaemon was interrupted: java.io.InterruptedIOException: 
2019-09-24 11:59:09,920 INFO  impl.StateMachineUpdater (StateMachineUpdater.java:stopAndJoin(136)) - s3@group-5A033B22A403-StateMachineUpdater: set stopIndex = 44
2019-09-24 11:59:09,919 INFO  impl.FollowerState (FollowerState.java:run(117)) - s4@group-5A033B22A403-FollowerState was interrupted: java.lang.InterruptedException: sleep interrupted
2019-09-24 11:59:09,990 INFO  segmented.SegmentedRaftLogWorker (SegmentedRaftLogWorker.java:execute(569)) - s3@group-5A033B22A403-SegmentedRaftLogWorker: created new log segment /workdir/ratis-test/target/test/data/13be305f/MiniRaftClusterWithSimulatedRpc285e57b8/s3/dc54caf4-714d-47f9-a6db-5a033b22a403/current/log_inprogress_46
2019-09-24 11:59:09,990 INFO  impl.RaftServerImpl (ServerState.java:setLeader(254)) - s0@group-5A033B22A403: change Leader from null to s3 at term 3 for appendEntries, leader elected after 95ms
2019-09-24 11:59:09,991 INFO  impl.RaftServerImpl (RaftServerImpl.java:setRole(170)) - s0@group-5A033B22A403: changes role from  FOLLOWER to FOLLOWER at term 3 for recognizeCandidate:s3
2019-09-24 11:59:09,991 INFO  impl.RoleInfo (RoleInfo.java:updateAndGet(143)) - s0: start FollowerState
2019-09-24 11:59:09,992 DEBUG impl.RaftServerImpl (RaftServerImpl.java:requestVote(775)) - s0@group-5A033B22A403 replies to vote request: s3<-s0#0:FAIL-t3. Peer's state: s0@group-5A033B22A403:t3, leader=s3, voted=null, raftlog=s0@group-5A033B22A403-SegmentedRaftLog:OPENED:c44,f45,i45, conf=44: [s3:, s4:, s0:0.0.0.0:34864], old=null
2019-09-24 11:59:10,151 INFO  impl.FollowerState (FollowerState.java:run(108)) - s0@group-5A033B22A403-FollowerState: change to CANDIDATE, lastRpcTime:159ms, electionTimeout:159ms
2019-09-24 11:59:10,151 INFO  impl.RoleInfo (RoleInfo.java:shutdownFollowerState(121)) - s0: shutdown FollowerState
2019-09-24 11:59:10,151 INFO  impl.RaftServerImpl (RaftServerImpl.java:setRole(170)) - s0@group-5A033B22A403: changes role from  FOLLOWER to CANDIDATE at term 3 for changeToCandidate
2019-09-24 11:59:10,151 INFO  impl.RoleInfo (RoleInfo.java:updateAndGet(143)) - s0: start LeaderElection
2019-09-24 11:59:10,184 INFO  impl.StateMachineUpdater (StateMachineUpdater.java:takeSnapshot(269)) - s4@group-5A033B22A403-StateMachineUpdater: Took a snapshot at index 40
2019-09-24 11:59:10,184 INFO  impl.StateMachineUpdater (StateMachineUpdater.java:lambda$new$0(84)) - s4@group-5A033B22A403-StateMachineUpdater: snapshotIndex: updateIncreasingly 37 -> 40
2019-09-24 11:59:10,184 INFO  impl.StateMachineUpdater (StateMachineUpdater.java:takeSnapshot(269)) - s3@group-5A033B22A403-StateMachineUpdater: Took a snapshot at index 40
2019-09-24 11:59:10,184 INFO  impl.StateMachineUpdater (StateMachineUpdater.java:takeSnapshot(269)) - s0@group-5A033B22A403-StateMachineUpdater: Took a snapshot at index 40
2019-09-24 11:59:10,184 INFO  impl.StateMachineUpdater (StateMachineUpdater.java:lambda$new$0(84)) - s3@group-5A033B22A403-StateMachineUpdater: snapshotIndex: updateIncreasingly 37 -> 40
2019-09-24 11:59:10,185 INFO  impl.StateMachineUpdater (StateMachineUpdater.java:lambda$new$0(84)) - s0@group-5A033B22A403-StateMachineUpdater: snapshotIndex: updateIncreasingly 40 -> 40
2019-09-24 11:59:10,450 INFO  impl.StateMachineUpdater (StateMachineUpdater.java:takeSnapshot(269)) - s4@group-5A033B22A403-StateMachineUpdater: Took a snapshot at index 40
2019-09-24 11:59:10,450 INFO  impl.StateMachineUpdater (StateMachineUpdater.java:takeSnapshot(269)) - s0@group-5A033B22A403-StateMachineUpdater: Took a snapshot at index 40
2019-09-24 11:59:10,451 INFO  impl.StateMachineUpdater (StateMachineUpdater.java:lambda$new$0(84)) - s4@group-5A033B22A403-StateMachineUpdater: snapshotIndex: updateIncreasingly 40 -> 40
2019-09-24 11:59:10,450 INFO  impl.StateMachineUpdater (StateMachineUpdater.java:takeSnapshot(269)) - s3@group-5A033B22A403-StateMachineUpdater: Took a snapshot at index 40
2019-09-24 11:59:10,451 INFO  impl.StateMachineUpdater (StateMachineUpdater.java:lambda$new$0(84)) - s0@group-5A033B22A403-StateMachineUpdater: snapshotIndex: updateIncreasingly 40 -> 40
2019-09-24 11:59:10,451 INFO  impl.StateMachineUpdater (StateMachineUpdater.java:lambda$new$0(84)) - s3@group-5A033B22A403-StateMachineUpdater: snapshotIndex: updateIncreasingly 40 -> 40
2019-09-24 11:59:10,451 INFO  impl.RaftServerImpl (ServerState.java:close(386)) - s4@group-5A033B22A403: closes. applyIndex: 42
2019-09-24 11:59:10,452 INFO  impl.RaftServerImpl (ServerState.java:close(386)) - s3@group-5A033B22A403: closes. applyIndex: 44
2019-09-24 11:59:10,451 INFO  impl.RaftServerImpl (ServerState.java:close(386)) - s0@group-5A033B22A403: closes. applyIndex: 44
2019-09-24 11:59:10,452 INFO  segmented.SegmentedRaftLogWorker (SegmentedRaftLogWorker.java:run(313)) - s3@group-5A033B22A403-SegmentedRaftLogWorker was interrupted, exiting. There are 0 tasks remaining in the queue.
2019-09-24 11:59:10,452 INFO  segmented.SegmentedRaftLogWorker (SegmentedRaftLogWorker.java:run(313)) - s4@group-5A033B22A403-SegmentedRaftLogWorker was interrupted, exiting. There are 0 tasks remaining in the queue.
2019-09-24 11:59:10,454 INFO  segmented.SegmentedRaftLogWorker (SegmentedRaftLogWorker.java:run(313)) - s0@group-5A033B22A403-SegmentedRaftLogWorker was interrupted, exiting. There are 0 tasks remaining in the queue.
2019-09-24 11:59:10,455 INFO  segmented.SegmentedRaftLogWorker (SegmentedRaftLogWorker.java:close(228)) - s0@group-5A033B22A403-SegmentedRaftLogWorker close()
2019-09-24 11:59:10,457 INFO  segmented.SegmentedRaftLogWorker (SegmentedRaftLogWorker.java:close(228)) - s3@group-5A033B22A403-SegmentedRaftLogWorker close()
2019-09-24 11:59:10,458 INFO  simulation.RequestHandler (RequestHandler.java:run(126)) - s0.clientHandler0 is interrupted by java.io.InterruptedIOException: 
2019-09-24 11:59:10,458 INFO  simulation.RequestHandler (RequestHandler.java:run(126)) - s0.clientHandler1 is interrupted by java.io.InterruptedIOException: 
2019-09-24 11:59:10,460 INFO  simulation.RequestHandler (RequestHandler.java:run(126)) - s3.clientHandler0 is interrupted by java.io.InterruptedIOException: 
2019-09-24 11:59:10,458 INFO  segmented.SegmentedRaftLogWorker (SegmentedRaftLogWorker.java:close(228)) - s4@group-5A033B22A403-SegmentedRaftLogWorker close()
2019-09-24 11:59:10,460 INFO  simulation.RequestHandler (RequestHandler.java:run(126)) - s3.clientHandler2 is interrupted by java.io.InterruptedIOException: 
2019-09-24 11:59:10,459 INFO  simulation.RequestHandler (RequestHandler.java:run(126)) - s3.clientHandler1 is interrupted by java.io.InterruptedIOException: 
2019-09-24 11:59:10,462 INFO  simulation.RequestHandler (RequestHandler.java:run(126)) - s4.clientHandler0 is interrupted by java.io.InterruptedIOException: 
2019-09-24 11:59:10,458 INFO  simulation.RequestHandler (RequestHandler.java:run(126)) - s0.clientHandler2 is interrupted by java.io.InterruptedIOException: 
2019-09-24 11:59:10,463 INFO  simulation.RequestHandler (RequestHandler.java:run(126)) - s3.serverHandler1 is interrupted by java.io.InterruptedIOException: 
2019-09-24 11:59:10,462 INFO  simulation.RequestHandler (RequestHandler.java:run(126)) - s4.clientHandler1 is interrupted by java.io.InterruptedIOException: 
2019-09-24 11:59:10,462 INFO  simulation.RequestHandler (RequestHandler.java:run(126)) - s4.clientHandler2 is interrupted by java.io.InterruptedIOException: 
2019-09-24 11:59:10,464 INFO  simulation.RequestHandler (RequestHandler.java:run(126)) - s0.serverHandler2 is interrupted by java.io.InterruptedIOException: 
2019-09-24 11:59:10,463 INFO  simulation.RequestHandler (RequestHandler.java:run(126)) - s3.serverHandler0 is interrupted by java.io.InterruptedIOException: 
2019-09-24 11:59:10,463 INFO  simulation.RequestHandler (RequestHandler.java:run(126)) - s3.serverHandler2 is interrupted by java.io.InterruptedIOException: 
2019-09-24 11:59:10,465 INFO  simulation.RequestHandler (RequestHandler.java:run(126)) - s4.serverHandler2 is interrupted by java.io.InterruptedIOException: 
2019-09-24 11:59:10,464 INFO  simulation.RequestHandler (RequestHandler.java:run(126)) - s4.serverHandler1 is interrupted by java.io.InterruptedIOException: 
2019-09-24 11:59:10,466 INFO  ratis.MiniRaftCluster (MiniRaftCluster.java:shutdown(722)) - MiniRaftClusterWithSimulatedRpc shutdown completed
2019-09-24 11:59:10,466 INFO  ratis.MiniRaftCluster (MiniRaftCluster.java:shutdown(700)) - ************************************************************** 
2019-09-24 11:59:10,466 INFO  ratis.MiniRaftCluster (MiniRaftCluster.java:shutdown(701)) - *** 
2019-09-24 11:59:10,467 INFO  ratis.MiniRaftCluster (MiniRaftCluster.java:shutdown(702)) - ***     Stopping MiniRaftClusterWithSimulatedRpc
2019-09-24 11:59:10,467 INFO  ratis.MiniRaftCluster (MiniRaftCluster.java:shutdown(703)) - *** 
2019-09-24 11:59:10,467 INFO  ratis.MiniRaftCluster (MiniRaftCluster.java:shutdown(704)) - ************************************************************** 
2019-09-24 11:59:10,467 INFO  ratis.MiniRaftCluster (MiniRaftCluster.java:shutdown(705)) - printing ALL groups
  s3:   CLOSED    LEADER s3@group-5A033B22A403:t3, leader=s3, voted=s3, raftlog=s3@group-5A033B22A403-SegmentedRaftLog:CLOSED:c44, conf=46: [s3:, s4:, s0:0.0.0.0:34864], old=null CLOSED
  s4:   CLOSED  FOLLOWER s4@group-5A033B22A403:t3, leader=s3, voted=s3, raftlog=s4@group-5A033B22A403-SegmentedRaftLog:CLOSED:c42, conf=44: [s3:, s4:, s0:0.0.0.0:34864], old=null CLOSED
  s0:   CLOSED CANDIDATE s0@group-5A033B22A403:t3, leader=s3, voted=null, raftlog=s0@group-5A033B22A403-SegmentedRaftLog:CLOSED:c44, conf=44: [s3:, s4:, s0:0.0.0.0:34864], old=null CLOSED
2019-09-24 11:59:10,469 INFO  ratis.MiniRaftCluster (MiniRaftCluster.java:shutdown(722)) - MiniRaftClusterWithSimulatedRpc shutdown completed
]]></system-out>
  </testcase>
</testsuite>