<?xml version="1.0" encoding="UTF-8"?>
<testsuite xmlns:xsi="http://www.w3.org/2001/XMLSchema-instance" xsi:noNamespaceSchemaLocation="https://maven.apache.org/surefire/maven-surefire-plugin/xsd/surefire-test-report.xsd" name="org.apache.ratis.server.raftlog.TestRaftLogMetrics" time="1.736" tests="1" errors="0" skipped="0" failures="1">
  <properties>
    <property name="awt.toolkit" value="sun.awt.X11.XToolkit"/>
    <property name="file.encoding.pkg" value="sun.io"/>
    <property name="java.specification.version" value="1.8"/>
    <property name="sun.cpu.isalist" value=""/>
    <property name="sun.jnu.encoding" value="UTF-8"/>
    <property name="java.class.path" value="/workdir/ratis-test/target/test-classes:/workdir/ratis-test/target/classes:/workdir/ratis-common/target/classes:/home/user/.m2/repository/org/apache/ratis/ratis-thirdparty-misc/0.2.0/ratis-thirdparty-misc-0.2.0.jar:/workdir/ratis-proto/target/ratis-proto-0.5.0-SNAPSHOT.jar:/home/user/.m2/repository/org/slf4j/slf4j-log4j12/1.7.10/slf4j-log4j12-1.7.10.jar:/home/user/.m2/repository/log4j/log4j/1.2.17/log4j-1.2.17.jar:/workdir/ratis-common/target/test-classes:/workdir/ratis-client/target/classes:/workdir/ratis-server/target/classes:/workdir/ratis-metrics/target/classes:/home/user/.m2/repository/io/dropwizard/metrics/metrics-core/3.2.5/metrics-core-3.2.5.jar:/home/user/.m2/repository/com/github/joshelser/dropwizard-metrics-hadoop-metrics2-reporter/0.1.2/dropwizard-metrics-hadoop-metrics2-reporter-0.1.2.jar:/home/user/.m2/repository/org/apache/hadoop/hadoop-common/2.6.0/hadoop-common-2.6.0.jar:/home/user/.m2/repository/org/apache/hadoop/hadoop-annotations/2.6.0/hadoop-annotations-2.6.0.jar:/usr/lib/jvm/java-1.8-openjdk/jre/../lib/tools.jar:/home/user/.m2/repository/com/google/guava/guava/11.0.2/guava-11.0.2.jar:/home/user/.m2/repository/commons-cli/commons-cli/1.2/commons-cli-1.2.jar:/home/user/.m2/repository/org/apache/commons/commons-math3/3.1.1/commons-math3-3.1.1.jar:/home/user/.m2/repository/xmlenc/xmlenc/0.52/xmlenc-0.52.jar:/home/user/.m2/repository/commons-httpclient/commons-httpclient/3.1/commons-httpclient-3.1.jar:/home/user/.m2/repository/commons-codec/commons-codec/1.4/commons-codec-1.4.jar:/home/user/.m2/repository/commons-io/commons-io/2.4/commons-io-2.4.jar:/home/user/.m2/repository/commons-net/commons-net/3.1/commons-net-3.1.jar:/home/user/.m2/repository/commons-collections/commons-collections/3.2.1/commons-collections-3.2.1.jar:/home/user/.m2/repository/javax/servlet/servlet-api/2.5/servlet-api-2.5.jar:/home/user/.m2/repository/org/mortbay/jetty/jetty/6.1.26/jetty-6.1.26.jar:/home/user/.m2/repository/org/mortbay/jetty/jetty-util/6.1.26/jetty-util-6.1.26.jar:/home/user/.m2/repository/com/sun/jersey/jersey-core/1.9/jersey-core-1.9.jar:/home/user/.m2/repository/com/sun/jersey/jersey-json/1.9/jersey-json-1.9.jar:/home/user/.m2/repository/org/codehaus/jettison/jettison/1.1/jettison-1.1.jar:/home/user/.m2/repository/com/sun/xml/bind/jaxb-impl/2.2.3-1/jaxb-impl-2.2.3-1.jar:/home/user/.m2/repository/javax/xml/bind/jaxb-api/2.2.2/jaxb-api-2.2.2.jar:/home/user/.m2/repository/javax/xml/stream/stax-api/1.0-2/stax-api-1.0-2.jar:/home/user/.m2/repository/javax/activation/activation/1.1/activation-1.1.jar:/home/user/.m2/repository/org/codehaus/jackson/jackson-jaxrs/1.8.3/jackson-jaxrs-1.8.3.jar:/home/user/.m2/repository/org/codehaus/jackson/jackson-xc/1.8.3/jackson-xc-1.8.3.jar:/home/user/.m2/repository/com/sun/jersey/jersey-server/1.9/jersey-server-1.9.jar:/home/user/.m2/repository/asm/asm/3.1/asm-3.1.jar:/home/user/.m2/repository/tomcat/jasper-compiler/5.5.23/jasper-compiler-5.5.23.jar:/home/user/.m2/repository/tomcat/jasper-runtime/5.5.23/jasper-runtime-5.5.23.jar:/home/user/.m2/repository/javax/servlet/jsp/jsp-api/2.1/jsp-api-2.1.jar:/home/user/.m2/repository/commons-el/commons-el/1.0/commons-el-1.0.jar:/home/user/.m2/repository/commons-logging/commons-logging/1.1.3/commons-logging-1.1.3.jar:/home/user/.m2/repository/net/java/dev/jets3t/jets3t/0.9.0/jets3t-0.9.0.jar:/home/user/.m2/repository/org/apache/httpcomponents/httpclient/4.1.2/httpclient-4.1.2.jar:/home/user/.m2/repository/org/apache/httpcomponents/httpcore/4.1.2/httpcore-4.1.2.jar:/home/user/.m2/repository/com/jamesmurty/utils/java-xmlbuilder/0.4/java-xmlbuilder-0.4.jar:/home/user/.m2/repository/commons-lang/commons-lang/2.6/commons-lang-2.6.jar:/home/user/.m2/repository/commons-configuration/commons-configuration/1.6/commons-configuration-1.6.jar:/home/user/.m2/repository/commons-digester/commons-digester/1.8/commons-digester-1.8.jar:/home/user/.m2/repository/commons-beanutils/commons-beanutils/1.7.0/commons-beanutils-1.7.0.jar:/home/user/.m2/repository/commons-beanutils/commons-beanutils-core/1.8.0/commons-beanutils-core-1.8.0.jar:/home/user/.m2/repository/org/codehaus/jackson/jackson-core-asl/1.9.13/jackson-core-asl-1.9.13.jar:/home/user/.m2/repository/org/codehaus/jackson/jackson-mapper-asl/1.9.13/jackson-mapper-asl-1.9.13.jar:/home/user/.m2/repository/org/apache/avro/avro/1.7.4/avro-1.7.4.jar:/home/user/.m2/repository/com/thoughtworks/paranamer/paranamer/2.3/paranamer-2.3.jar:/home/user/.m2/repository/org/xerial/snappy/snappy-java/1.0.4.1/snappy-java-1.0.4.1.jar:/home/user/.m2/repository/com/google/protobuf/protobuf-java/2.5.0/protobuf-java-2.5.0.jar:/home/user/.m2/repository/com/google/code/gson/gson/2.2.4/gson-2.2.4.jar:/home/user/.m2/repository/org/apache/hadoop/hadoop-auth/2.6.0/hadoop-auth-2.6.0.jar:/home/user/.m2/repository/org/apache/directory/server/apacheds-kerberos-codec/2.0.0-M15/apacheds-kerberos-codec-2.0.0-M15.jar:/home/user/.m2/repository/org/apache/directory/server/apacheds-i18n/2.0.0-M15/apacheds-i18n-2.0.0-M15.jar:/home/user/.m2/repository/org/apache/directory/api/api-asn1-api/1.0.0-M20/api-asn1-api-1.0.0-M20.jar:/home/user/.m2/repository/org/apache/directory/api/api-util/1.0.0-M20/api-util-1.0.0-M20.jar:/home/user/.m2/repository/org/apache/curator/curator-framework/2.6.0/curator-framework-2.6.0.jar:/home/user/.m2/repository/com/jcraft/jsch/0.1.42/jsch-0.1.42.jar:/home/user/.m2/repository/org/apache/curator/curator-client/2.6.0/curator-client-2.6.0.jar:/home/user/.m2/repository/org/apache/curator/curator-recipes/2.6.0/curator-recipes-2.6.0.jar:/home/user/.m2/repository/com/google/code/findbugs/jsr305/1.3.9/jsr305-1.3.9.jar:/home/user/.m2/repository/org/htrace/htrace-core/3.0.4/htrace-core-3.0.4.jar:/home/user/.m2/repository/org/apache/zookeeper/zookeeper/3.4.6/zookeeper-3.4.6.jar:/home/user/.m2/repository/io/netty/netty/3.7.0.Final/netty-3.7.0.Final.jar:/home/user/.m2/repository/org/apache/commons/commons-compress/1.4.1/commons-compress-1.4.1.jar:/home/user/.m2/repository/org/tukaani/xz/1.0/xz-1.0.jar:/home/user/.m2/repository/io/dropwizard/metrics/metrics-jvm/3.2.5/metrics-jvm-3.2.5.jar:/home/user/.m2/repository/io/dropwizard/metrics/metrics-ganglia/3.2.5/metrics-ganglia-3.2.5.jar:/home/user/.m2/repository/info/ganglia/gmetric4j/gmetric4j/1.0.7/gmetric4j-1.0.7.jar:/workdir/ratis-server/target/test-classes:/workdir/ratis-netty/target/classes:/workdir/ratis-netty/target/test-classes:/workdir/ratis-grpc/target/classes:/workdir/ratis-grpc/target/test-classes:/home/user/.m2/repository/org/slf4j/slf4j-api/1.7.10/slf4j-api-1.7.10.jar:/home/user/.m2/repository/junit/junit/4.12/junit-4.12.jar:/home/user/.m2/repository/org/hamcrest/hamcrest-core/1.3/hamcrest-core-1.3.jar:/home/user/.m2/repository/org/mockito/mockito-all/1.8.5/mockito-all-1.8.5.jar:"/>
    <property name="java.vm.vendor" value="IcedTea"/>
    <property name="sun.arch.data.model" value="64"/>
    <property name="java.vendor.url" value="https://icedtea.classpath.org"/>
    <property name="user.timezone" value=""/>
    <property name="java.vm.specification.version" value="1.8"/>
    <property name="os.name" value="Linux"/>
    <property name="user.country" value="US"/>
    <property name="sun.java.launcher" value="SUN_STANDARD"/>
    <property name="sun.boot.library.path" value="/usr/lib/jvm/java-1.8-openjdk/jre/lib/amd64"/>
    <property name="sun.java.command" value="/workdir/ratis-test/target/surefire/surefirebooter2469671611586093863.jar /workdir/ratis-test/target/surefire 2019-09-24T11-55-26_108-jvmRun1 surefire7580687359356238111tmp surefire_212690117678563273097tmp"/>
    <property name="surefire.test.class.path" value="/workdir/ratis-test/target/test-classes:/workdir/ratis-test/target/classes:/workdir/ratis-common/target/classes:/home/user/.m2/repository/org/apache/ratis/ratis-thirdparty-misc/0.2.0/ratis-thirdparty-misc-0.2.0.jar:/workdir/ratis-proto/target/ratis-proto-0.5.0-SNAPSHOT.jar:/home/user/.m2/repository/org/slf4j/slf4j-log4j12/1.7.10/slf4j-log4j12-1.7.10.jar:/home/user/.m2/repository/log4j/log4j/1.2.17/log4j-1.2.17.jar:/workdir/ratis-common/target/test-classes:/workdir/ratis-client/target/classes:/workdir/ratis-server/target/classes:/workdir/ratis-metrics/target/classes:/home/user/.m2/repository/io/dropwizard/metrics/metrics-core/3.2.5/metrics-core-3.2.5.jar:/home/user/.m2/repository/com/github/joshelser/dropwizard-metrics-hadoop-metrics2-reporter/0.1.2/dropwizard-metrics-hadoop-metrics2-reporter-0.1.2.jar:/home/user/.m2/repository/org/apache/hadoop/hadoop-common/2.6.0/hadoop-common-2.6.0.jar:/home/user/.m2/repository/org/apache/hadoop/hadoop-annotations/2.6.0/hadoop-annotations-2.6.0.jar:/usr/lib/jvm/java-1.8-openjdk/jre/../lib/tools.jar:/home/user/.m2/repository/com/google/guava/guava/11.0.2/guava-11.0.2.jar:/home/user/.m2/repository/commons-cli/commons-cli/1.2/commons-cli-1.2.jar:/home/user/.m2/repository/org/apache/commons/commons-math3/3.1.1/commons-math3-3.1.1.jar:/home/user/.m2/repository/xmlenc/xmlenc/0.52/xmlenc-0.52.jar:/home/user/.m2/repository/commons-httpclient/commons-httpclient/3.1/commons-httpclient-3.1.jar:/home/user/.m2/repository/commons-codec/commons-codec/1.4/commons-codec-1.4.jar:/home/user/.m2/repository/commons-io/commons-io/2.4/commons-io-2.4.jar:/home/user/.m2/repository/commons-net/commons-net/3.1/commons-net-3.1.jar:/home/user/.m2/repository/commons-collections/commons-collections/3.2.1/commons-collections-3.2.1.jar:/home/user/.m2/repository/javax/servlet/servlet-api/2.5/servlet-api-2.5.jar:/home/user/.m2/repository/org/mortbay/jetty/jetty/6.1.26/jetty-6.1.26.jar:/home/user/.m2/repository/org/mortbay/jetty/jetty-util/6.1.26/jetty-util-6.1.26.jar:/home/user/.m2/repository/com/sun/jersey/jersey-core/1.9/jersey-core-1.9.jar:/home/user/.m2/repository/com/sun/jersey/jersey-json/1.9/jersey-json-1.9.jar:/home/user/.m2/repository/org/codehaus/jettison/jettison/1.1/jettison-1.1.jar:/home/user/.m2/repository/com/sun/xml/bind/jaxb-impl/2.2.3-1/jaxb-impl-2.2.3-1.jar:/home/user/.m2/repository/javax/xml/bind/jaxb-api/2.2.2/jaxb-api-2.2.2.jar:/home/user/.m2/repository/javax/xml/stream/stax-api/1.0-2/stax-api-1.0-2.jar:/home/user/.m2/repository/javax/activation/activation/1.1/activation-1.1.jar:/home/user/.m2/repository/org/codehaus/jackson/jackson-jaxrs/1.8.3/jackson-jaxrs-1.8.3.jar:/home/user/.m2/repository/org/codehaus/jackson/jackson-xc/1.8.3/jackson-xc-1.8.3.jar:/home/user/.m2/repository/com/sun/jersey/jersey-server/1.9/jersey-server-1.9.jar:/home/user/.m2/repository/asm/asm/3.1/asm-3.1.jar:/home/user/.m2/repository/tomcat/jasper-compiler/5.5.23/jasper-compiler-5.5.23.jar:/home/user/.m2/repository/tomcat/jasper-runtime/5.5.23/jasper-runtime-5.5.23.jar:/home/user/.m2/repository/javax/servlet/jsp/jsp-api/2.1/jsp-api-2.1.jar:/home/user/.m2/repository/commons-el/commons-el/1.0/commons-el-1.0.jar:/home/user/.m2/repository/commons-logging/commons-logging/1.1.3/commons-logging-1.1.3.jar:/home/user/.m2/repository/net/java/dev/jets3t/jets3t/0.9.0/jets3t-0.9.0.jar:/home/user/.m2/repository/org/apache/httpcomponents/httpclient/4.1.2/httpclient-4.1.2.jar:/home/user/.m2/repository/org/apache/httpcomponents/httpcore/4.1.2/httpcore-4.1.2.jar:/home/user/.m2/repository/com/jamesmurty/utils/java-xmlbuilder/0.4/java-xmlbuilder-0.4.jar:/home/user/.m2/repository/commons-lang/commons-lang/2.6/commons-lang-2.6.jar:/home/user/.m2/repository/commons-configuration/commons-configuration/1.6/commons-configuration-1.6.jar:/home/user/.m2/repository/commons-digester/commons-digester/1.8/commons-digester-1.8.jar:/home/user/.m2/repository/commons-beanutils/commons-beanutils/1.7.0/commons-beanutils-1.7.0.jar:/home/user/.m2/repository/commons-beanutils/commons-beanutils-core/1.8.0/commons-beanutils-core-1.8.0.jar:/home/user/.m2/repository/org/codehaus/jackson/jackson-core-asl/1.9.13/jackson-core-asl-1.9.13.jar:/home/user/.m2/repository/org/codehaus/jackson/jackson-mapper-asl/1.9.13/jackson-mapper-asl-1.9.13.jar:/home/user/.m2/repository/org/apache/avro/avro/1.7.4/avro-1.7.4.jar:/home/user/.m2/repository/com/thoughtworks/paranamer/paranamer/2.3/paranamer-2.3.jar:/home/user/.m2/repository/org/xerial/snappy/snappy-java/1.0.4.1/snappy-java-1.0.4.1.jar:/home/user/.m2/repository/com/google/protobuf/protobuf-java/2.5.0/protobuf-java-2.5.0.jar:/home/user/.m2/repository/com/google/code/gson/gson/2.2.4/gson-2.2.4.jar:/home/user/.m2/repository/org/apache/hadoop/hadoop-auth/2.6.0/hadoop-auth-2.6.0.jar:/home/user/.m2/repository/org/apache/directory/server/apacheds-kerberos-codec/2.0.0-M15/apacheds-kerberos-codec-2.0.0-M15.jar:/home/user/.m2/repository/org/apache/directory/server/apacheds-i18n/2.0.0-M15/apacheds-i18n-2.0.0-M15.jar:/home/user/.m2/repository/org/apache/directory/api/api-asn1-api/1.0.0-M20/api-asn1-api-1.0.0-M20.jar:/home/user/.m2/repository/org/apache/directory/api/api-util/1.0.0-M20/api-util-1.0.0-M20.jar:/home/user/.m2/repository/org/apache/curator/curator-framework/2.6.0/curator-framework-2.6.0.jar:/home/user/.m2/repository/com/jcraft/jsch/0.1.42/jsch-0.1.42.jar:/home/user/.m2/repository/org/apache/curator/curator-client/2.6.0/curator-client-2.6.0.jar:/home/user/.m2/repository/org/apache/curator/curator-recipes/2.6.0/curator-recipes-2.6.0.jar:/home/user/.m2/repository/com/google/code/findbugs/jsr305/1.3.9/jsr305-1.3.9.jar:/home/user/.m2/repository/org/htrace/htrace-core/3.0.4/htrace-core-3.0.4.jar:/home/user/.m2/repository/org/apache/zookeeper/zookeeper/3.4.6/zookeeper-3.4.6.jar:/home/user/.m2/repository/io/netty/netty/3.7.0.Final/netty-3.7.0.Final.jar:/home/user/.m2/repository/org/apache/commons/commons-compress/1.4.1/commons-compress-1.4.1.jar:/home/user/.m2/repository/org/tukaani/xz/1.0/xz-1.0.jar:/home/user/.m2/repository/io/dropwizard/metrics/metrics-jvm/3.2.5/metrics-jvm-3.2.5.jar:/home/user/.m2/repository/io/dropwizard/metrics/metrics-ganglia/3.2.5/metrics-ganglia-3.2.5.jar:/home/user/.m2/repository/info/ganglia/gmetric4j/gmetric4j/1.0.7/gmetric4j-1.0.7.jar:/workdir/ratis-server/target/test-classes:/workdir/ratis-netty/target/classes:/workdir/ratis-netty/target/test-classes:/workdir/ratis-grpc/target/classes:/workdir/ratis-grpc/target/test-classes:/home/user/.m2/repository/org/slf4j/slf4j-api/1.7.10/slf4j-api-1.7.10.jar:/home/user/.m2/repository/junit/junit/4.12/junit-4.12.jar:/home/user/.m2/repository/org/hamcrest/hamcrest-core/1.3/hamcrest-core-1.3.jar:/home/user/.m2/repository/org/mockito/mockito-all/1.8.5/mockito-all-1.8.5.jar:"/>
    <property name="sun.cpu.endian" value="little"/>
    <property name="user.home" value="/home/user"/>
    <property name="user.language" value="en"/>
    <property name="java.specification.vendor" value="Oracle Corporation"/>
    <property name="java.home" value="/usr/lib/jvm/java-1.8-openjdk/jre"/>
    <property name="basedir" value="/workdir/ratis-test"/>
    <property name="file.separator" value="/"/>
    <property name="line.separator" value="&#10;"/>
    <property name="java.vm.specification.vendor" value="Oracle Corporation"/>
    <property name="java.specification.name" value="Java Platform API Specification"/>
    <property name="java.awt.graphicsenv" value="sun.awt.X11GraphicsEnvironment"/>
    <property name="surefire.real.class.path" value="/workdir/ratis-test/target/surefire/surefirebooter2469671611586093863.jar"/>
    <property name="sun.boot.class.path" value="/usr/lib/jvm/java-1.8-openjdk/jre/lib/resources.jar:/usr/lib/jvm/java-1.8-openjdk/jre/lib/rt.jar:/usr/lib/jvm/java-1.8-openjdk/jre/lib/sunrsasign.jar:/usr/lib/jvm/java-1.8-openjdk/jre/lib/jsse.jar:/usr/lib/jvm/java-1.8-openjdk/jre/lib/jce.jar:/usr/lib/jvm/java-1.8-openjdk/jre/lib/charsets.jar:/usr/lib/jvm/java-1.8-openjdk/jre/lib/jfr.jar:/usr/lib/jvm/java-1.8-openjdk/jre/classes"/>
    <property name="sun.management.compiler" value="HotSpot 64-Bit Tiered Compilers"/>
    <property name="java.runtime.version" value="1.8.0_212-b04"/>
    <property name="java.net.preferIPv4Stack" value="true"/>
    <property name="user.name" value="jenkins1000"/>
    <property name="path.separator" value=":"/>
    <property name="os.version" value="3.10.0-957.12.2.el7.x86_64"/>
    <property name="java.endorsed.dirs" value="/usr/lib/jvm/java-1.8-openjdk/jre/lib/endorsed"/>
    <property name="java.runtime.name" value="OpenJDK Runtime Environment"/>
    <property name="file.encoding" value="UTF-8"/>
    <property name="java.vm.name" value="OpenJDK 64-Bit Server VM"/>
    <property name="localRepository" value="/home/user/.m2/repository"/>
    <property name="java.vendor.url.bug" value="https://icedtea.classpath.org/bugzilla"/>
    <property name="java.io.tmpdir" value="/tmp"/>
    <property name="java.version" value="1.8.0_212"/>
    <property name="user.dir" value="/workdir/ratis-test"/>
    <property name="os.arch" value="amd64"/>
    <property name="ratis.tmp.dir" value="/workdir/ratis-test/target/tmp"/>
    <property name="java.vm.specification.name" value="Java Virtual Machine Specification"/>
    <property name="java.awt.printerjob" value="sun.print.PSPrinterJob"/>
    <property name="ratis.log.dir" value="/workdir/ratis-test/target/log"/>
    <property name="sun.os.patch.level" value="unknown"/>
    <property name="java.library.path" value="/usr/lib/jvm/java-1.8-openjdk/jre/lib/amd64/server:/usr/lib/jvm/java-1.8-openjdk/jre/lib/amd64:/usr/lib/jvm/java-1.8-openjdk/jre/../lib/amd64:/usr/java/packages/lib/amd64:/usr/lib64:/lib64:/lib:/usr/lib"/>
    <property name="java.vm.info" value="mixed mode"/>
    <property name="java.vendor" value="IcedTea"/>
    <property name="java.vm.version" value="25.212-b04"/>
    <property name="java.ext.dirs" value="/usr/lib/jvm/java-1.8-openjdk/jre/lib/ext:/usr/java/packages/lib/ext"/>
    <property name="sun.io.unicode.encoding" value="UnicodeLittle"/>
    <property name="java.class.version" value="52.0"/>
  </properties>
  <testcase name="testFlushMetric" classname="org.apache.ratis.server.raftlog.TestRaftLogMetrics" time="1.553">
    <failure message="expected:&lt;5&gt; but was:&lt;4&gt;" type="java.lang.AssertionError"><![CDATA[java.lang.AssertionError: expected:<5> but was:<4>
	at org.apache.ratis.server.raftlog.TestRaftLogMetrics.assertFlushCount(TestRaftLogMetrics.java:110)
	at org.apache.ratis.server.raftlog.TestRaftLogMetrics.runTestFlushMetric(TestRaftLogMetrics.java:93)
	at org.apache.ratis.server.raftlog.TestRaftLogMetrics.testFlushMetric(TestRaftLogMetrics.java:78)
]]></failure>
    <system-out><![CDATA[2019-09-24 12:01:59,064 INFO  util.LogUtils (LogUtils.java:setLogLevel(41)) - Set org.apache.ratis.conf.ConfUtils log level to WARN
2019-09-24 12:01:59,067 INFO  util.LogUtils (LogUtils.java:setLogLevel(41)) - Set org.apache.ratis.util.FileUtils log level to TRACE
2019-09-24 12:01:59,078 INFO  util.LogUtils (LogUtils.java:setLogLevel(41)) - Set org.apache.ratis.server.impl.RaftServerImpl log level to DEBUG
2019-09-24 12:01:59,108 INFO  simulation.MiniRaftClusterWithSimulatedRpc (ConfUtils.java:logGet(43)) - org.apache.ratis.server.simulation.SimulatedRequestReply.simulateLatencyMs = 0 (custom)
2019-09-24 12:01:59,177 INFO  ratis.MiniRaftCluster (MiniRaftCluster.java:<init>(253)) - new MiniRaftClusterWithSimulatedRpc with group-081C21A5937E:[s0:0.0.0.0:36967, s1:0.0.0.0:36044, s2:0.0.0.0:41644]
2019-09-24 12:01:59,177 INFO  ratis.MiniRaftCluster (MiniRaftCluster.java:start(287)) - .............................................................. 
2019-09-24 12:01:59,177 INFO  ratis.MiniRaftCluster (MiniRaftCluster.java:start(288)) - ... 
2019-09-24 12:01:59,177 INFO  ratis.MiniRaftCluster (MiniRaftCluster.java:start(289)) - ...     Starting MiniRaftClusterWithSimulatedRpc
2019-09-24 12:01:59,178 INFO  ratis.MiniRaftCluster (MiniRaftCluster.java:start(290)) - ... 
2019-09-24 12:01:59,178 INFO  ratis.MiniRaftCluster (MiniRaftCluster.java:start(291)) - .............................................................. 
2019-09-24 12:01:59,178 INFO  ratis.MiniRaftCluster (MiniRaftCluster.java:initServers(265)) - servers = {}
2019-09-24 12:01:59,189 INFO  ratis.MiniRaftCluster (MiniRaftCluster.java:newRaftServer(330)) - newRaftServer: s0, group-081C21A5937E:[s0:0.0.0.0:36967, s1:0.0.0.0:36044, s2:0.0.0.0:41644], format? true
2019-09-24 12:01:59,191 TRACE util.FileUtils (FileUtils.java:deleteFully(88)) - deleteFully target/test/data/482d907c/MiniRaftClusterWithSimulatedRpcf1c5d995/s0
2019-09-24 12:01:59,198 TRACE util.FileUtils (FileUtils.java:deleteFully(104)) - deleteFully: target/test/data/482d907c/MiniRaftClusterWithSimulatedRpcf1c5d995/s0 does not exist.
2019-09-24 12:01:59,198 INFO  ratis.MiniRaftCluster (MiniRaftCluster.java:newRaftServer(335)) - Formatted directory target/test/data/482d907c/MiniRaftClusterWithSimulatedRpcf1c5d995/s0
2019-09-24 12:01:59,211 INFO  impl.RaftServerProxy (ConfUtils.java:logGet(43)) - raft.rpc.type = org.apache.ratis.server.simulation.SimulatedRpc (custom)
2019-09-24 12:01:59,235 INFO  server.RaftServerConfigKeys (ConfUtils.java:logGet(43)) - raft.server.storage.dir = [/workdir/ratis-test/target/test/data/482d907c/MiniRaftClusterWithSimulatedRpcf1c5d995/s0] (custom)
2019-09-24 12:01:59,244 INFO  impl.RaftServerProxy (RaftServerProxy.java:addNew(89)) - s0: addNew group-081C21A5937E:[s0:0.0.0.0:36967, s1:0.0.0.0:36044, s2:0.0.0.0:41644] returns group-081C21A5937E:java.util.concurrent.CompletableFuture@38a94da3[Not completed]
2019-09-24 12:01:59,244 INFO  ratis.MiniRaftCluster (MiniRaftCluster.java:newRaftServer(330)) - newRaftServer: s1, group-081C21A5937E:[s0:0.0.0.0:36967, s1:0.0.0.0:36044, s2:0.0.0.0:41644], format? true
2019-09-24 12:01:59,244 TRACE util.FileUtils (FileUtils.java:deleteFully(88)) - deleteFully target/test/data/482d907c/MiniRaftClusterWithSimulatedRpcf1c5d995/s1
2019-09-24 12:01:59,244 TRACE util.FileUtils (FileUtils.java:deleteFully(104)) - deleteFully: target/test/data/482d907c/MiniRaftClusterWithSimulatedRpcf1c5d995/s1 does not exist.
2019-09-24 12:01:59,245 INFO  ratis.MiniRaftCluster (MiniRaftCluster.java:newRaftServer(335)) - Formatted directory target/test/data/482d907c/MiniRaftClusterWithSimulatedRpcf1c5d995/s1
2019-09-24 12:01:59,245 INFO  impl.RaftServerProxy (ConfUtils.java:logGet(43)) - raft.rpc.type = org.apache.ratis.server.simulation.SimulatedRpc (custom)
2019-09-24 12:01:59,246 INFO  server.RaftServerConfigKeys (ConfUtils.java:logGet(43)) - raft.server.storage.dir = [/workdir/ratis-test/target/test/data/482d907c/MiniRaftClusterWithSimulatedRpcf1c5d995/s1] (custom)
2019-09-24 12:01:59,246 INFO  impl.RaftServerProxy (RaftServerProxy.java:addNew(89)) - s1: addNew group-081C21A5937E:[s0:0.0.0.0:36967, s1:0.0.0.0:36044, s2:0.0.0.0:41644] returns group-081C21A5937E:java.util.concurrent.CompletableFuture@679b6320[Not completed]
2019-09-24 12:01:59,246 INFO  impl.RaftServerImpl (RaftServerImpl.java:<init>(95)) - s0: new RaftServerImpl for group-081C21A5937E:[s0:0.0.0.0:36967, s1:0.0.0.0:36044, s2:0.0.0.0:41644] with MetricsStateMachine:uninitialized
2019-09-24 12:01:59,246 INFO  impl.RaftServerImpl (RaftServerImpl.java:<init>(95)) - s1: new RaftServerImpl for group-081C21A5937E:[s0:0.0.0.0:36967, s1:0.0.0.0:36044, s2:0.0.0.0:41644] with MetricsStateMachine:uninitialized
2019-09-24 12:01:59,246 INFO  ratis.MiniRaftCluster (MiniRaftCluster.java:newRaftServer(330)) - newRaftServer: s2, group-081C21A5937E:[s0:0.0.0.0:36967, s1:0.0.0.0:36044, s2:0.0.0.0:41644], format? true
2019-09-24 12:01:59,247 TRACE util.FileUtils (FileUtils.java:deleteFully(88)) - deleteFully target/test/data/482d907c/MiniRaftClusterWithSimulatedRpcf1c5d995/s2
2019-09-24 12:01:59,247 TRACE util.FileUtils (FileUtils.java:deleteFully(104)) - deleteFully: target/test/data/482d907c/MiniRaftClusterWithSimulatedRpcf1c5d995/s2 does not exist.
2019-09-24 12:01:59,247 INFO  ratis.MiniRaftCluster (MiniRaftCluster.java:newRaftServer(335)) - Formatted directory target/test/data/482d907c/MiniRaftClusterWithSimulatedRpcf1c5d995/s2
2019-09-24 12:01:59,248 INFO  impl.RaftServerProxy (ConfUtils.java:logGet(43)) - raft.rpc.type = org.apache.ratis.server.simulation.SimulatedRpc (custom)
2019-09-24 12:01:59,248 INFO  server.RaftServerConfigKeys (ConfUtils.java:logGet(43)) - raft.server.storage.dir = [/workdir/ratis-test/target/test/data/482d907c/MiniRaftClusterWithSimulatedRpcf1c5d995/s2] (custom)
2019-09-24 12:01:59,249 INFO  impl.RaftServerProxy (RaftServerProxy.java:addNew(89)) - s2: addNew group-081C21A5937E:[s0:0.0.0.0:36967, s1:0.0.0.0:36044, s2:0.0.0.0:41644] returns group-081C21A5937E:java.util.concurrent.CompletableFuture@17f99906[Not completed]
2019-09-24 12:01:59,249 INFO  impl.RaftServerImpl (RaftServerImpl.java:<init>(95)) - s2: new RaftServerImpl for group-081C21A5937E:[s0:0.0.0.0:36967, s1:0.0.0.0:36044, s2:0.0.0.0:41644] with MetricsStateMachine:uninitialized
2019-09-24 12:01:59,256 INFO  server.RaftServerConfigKeys (ConfUtils.java:logGet(43)) - raft.server.rpc.timeout.min = 150ms (default)
2019-09-24 12:01:59,256 INFO  server.RaftServerConfigKeys (ConfUtils.java:logGet(43)) - raft.server.rpc.timeout.min = 150ms (default)
2019-09-24 12:01:59,256 INFO  server.RaftServerConfigKeys (ConfUtils.java:logGet(43)) - raft.server.rpc.timeout.min = 150ms (default)
2019-09-24 12:01:59,257 INFO  server.RaftServerConfigKeys (ConfUtils.java:logGet(43)) - raft.server.rpc.timeout.max = 300ms (default)
2019-09-24 12:01:59,257 INFO  server.RaftServerConfigKeys (ConfUtils.java:logGet(43)) - raft.server.rpc.timeout.max = 300ms (default)
2019-09-24 12:01:59,257 INFO  server.RaftServerConfigKeys (ConfUtils.java:logGet(43)) - raft.server.rpc.timeout.max = 300ms (default)
2019-09-24 12:01:59,258 INFO  server.RaftServerConfigKeys (ConfUtils.java:logGet(43)) - raft.server.rpcslowness.timeout = 60s (default)
2019-09-24 12:01:59,258 INFO  server.RaftServerConfigKeys (ConfUtils.java:logGet(43)) - raft.server.rpcslowness.timeout = 60s (default)
2019-09-24 12:01:59,257 INFO  server.RaftServerConfigKeys (ConfUtils.java:logGet(43)) - raft.server.rpcslowness.timeout = 60s (default)
2019-09-24 12:01:59,259 INFO  server.RaftServerConfigKeys (ConfUtils.java:logGet(43)) - raft.server.sleep.deviation.threshold = 300 (default)
2019-09-24 12:01:59,259 INFO  server.RaftServerConfigKeys (ConfUtils.java:logGet(43)) - raft.server.sleep.deviation.threshold = 300 (default)
2019-09-24 12:01:59,259 INFO  server.RaftServerConfigKeys (ConfUtils.java:logGet(43)) - raft.server.sleep.deviation.threshold = 300 (default)
2019-09-24 12:01:59,263 INFO  server.RaftServerConfigKeys (ConfUtils.java:logGet(43)) - raft.server.log.appender.install.snapshot.enabled = true (default)
2019-09-24 12:01:59,263 INFO  server.RaftServerConfigKeys (ConfUtils.java:logGet(43)) - raft.server.log.appender.install.snapshot.enabled = true (default)
2019-09-24 12:01:59,263 INFO  server.RaftServerConfigKeys (ConfUtils.java:logGet(43)) - raft.server.log.appender.install.snapshot.enabled = true (default)
2019-09-24 12:01:59,272 INFO  impl.RaftServerImpl (ServerState.java:<init>(103)) - s2@group-081C21A5937E: ConfigurationManager, init=-1: [s0:0.0.0.0:36967, s1:0.0.0.0:36044, s2:0.0.0.0:41644], old=null, confs=<EMPTY_MAP>
2019-09-24 12:01:59,272 INFO  impl.RaftServerImpl (ServerState.java:<init>(103)) - s1@group-081C21A5937E: ConfigurationManager, init=-1: [s0:0.0.0.0:36967, s1:0.0.0.0:36044, s2:0.0.0.0:41644], old=null, confs=<EMPTY_MAP>
2019-09-24 12:01:59,272 INFO  impl.RaftServerImpl (ServerState.java:<init>(103)) - s0@group-081C21A5937E: ConfigurationManager, init=-1: [s0:0.0.0.0:36967, s1:0.0.0.0:36044, s2:0.0.0.0:41644], old=null, confs=<EMPTY_MAP>
2019-09-24 12:01:59,273 INFO  server.RaftServerConfigKeys (ConfUtils.java:logGet(43)) - raft.server.storage.dir = [/workdir/ratis-test/target/test/data/482d907c/MiniRaftClusterWithSimulatedRpcf1c5d995/s2] (custom)
2019-09-24 12:01:59,273 INFO  server.RaftServerConfigKeys (ConfUtils.java:logGet(43)) - raft.server.storage.dir = [/workdir/ratis-test/target/test/data/482d907c/MiniRaftClusterWithSimulatedRpcf1c5d995/s1] (custom)
2019-09-24 12:01:59,273 INFO  server.RaftServerConfigKeys (ConfUtils.java:logGet(43)) - raft.server.storage.dir = [/workdir/ratis-test/target/test/data/482d907c/MiniRaftClusterWithSimulatedRpcf1c5d995/s0] (custom)
2019-09-24 12:01:59,287 INFO  server.RaftServerConfigKeys (ConfUtils.java:logGet(43)) - raft.server.log.corruption.policy = EXCEPTION (default)
2019-09-24 12:01:59,287 INFO  server.RaftServerConfigKeys (ConfUtils.java:logGet(43)) - raft.server.log.corruption.policy = EXCEPTION (default)
2019-09-24 12:01:59,287 INFO  server.RaftServerConfigKeys (ConfUtils.java:logGet(43)) - raft.server.log.corruption.policy = EXCEPTION (default)
2019-09-24 12:01:59,289 INFO  storage.RaftStorageDirectory (RaftStorageDirectory.java:analyzeStorage(246)) - The storage directory /workdir/ratis-test/target/test/data/482d907c/MiniRaftClusterWithSimulatedRpcf1c5d995/s2/4602a1ae-9369-4593-b3ba-081c21a5937e does not exist. Creating ...
2019-09-24 12:01:59,289 INFO  storage.RaftStorageDirectory (RaftStorageDirectory.java:analyzeStorage(246)) - The storage directory /workdir/ratis-test/target/test/data/482d907c/MiniRaftClusterWithSimulatedRpcf1c5d995/s0/4602a1ae-9369-4593-b3ba-081c21a5937e does not exist. Creating ...
2019-09-24 12:01:59,289 INFO  storage.RaftStorageDirectory (RaftStorageDirectory.java:analyzeStorage(246)) - The storage directory /workdir/ratis-test/target/test/data/482d907c/MiniRaftClusterWithSimulatedRpcf1c5d995/s1/4602a1ae-9369-4593-b3ba-081c21a5937e does not exist. Creating ...
2019-09-24 12:01:59,292 TRACE util.FileUtils (LogUtils.java:runAndLog(61)) - Successfully ran Files.createDirectories /workdir/ratis-test/target/test/data/482d907c/MiniRaftClusterWithSimulatedRpcf1c5d995/s2/4602a1ae-9369-4593-b3ba-081c21a5937e
2019-09-24 12:01:59,293 TRACE util.FileUtils (LogUtils.java:runAndLog(61)) - Successfully ran Files.createDirectories /workdir/ratis-test/target/test/data/482d907c/MiniRaftClusterWithSimulatedRpcf1c5d995/s0/4602a1ae-9369-4593-b3ba-081c21a5937e
2019-09-24 12:01:59,293 TRACE util.FileUtils (LogUtils.java:runAndLog(61)) - Successfully ran Files.createDirectories /workdir/ratis-test/target/test/data/482d907c/MiniRaftClusterWithSimulatedRpcf1c5d995/s1/4602a1ae-9369-4593-b3ba-081c21a5937e
2019-09-24 12:01:59,334 INFO  storage.RaftStorageDirectory (RaftStorageDirectory.java:tryLock(328)) - Lock on /workdir/ratis-test/target/test/data/482d907c/MiniRaftClusterWithSimulatedRpcf1c5d995/s1/4602a1ae-9369-4593-b3ba-081c21a5937e/in_use.lock acquired by nodename 25271@ratis-test-nppbd-817190658
2019-09-24 12:01:59,334 INFO  storage.RaftStorageDirectory (RaftStorageDirectory.java:tryLock(328)) - Lock on /workdir/ratis-test/target/test/data/482d907c/MiniRaftClusterWithSimulatedRpcf1c5d995/s2/4602a1ae-9369-4593-b3ba-081c21a5937e/in_use.lock acquired by nodename 25271@ratis-test-nppbd-817190658
2019-09-24 12:01:59,334 INFO  storage.RaftStorageDirectory (RaftStorageDirectory.java:tryLock(328)) - Lock on /workdir/ratis-test/target/test/data/482d907c/MiniRaftClusterWithSimulatedRpcf1c5d995/s0/4602a1ae-9369-4593-b3ba-081c21a5937e/in_use.lock acquired by nodename 25271@ratis-test-nppbd-817190658
2019-09-24 12:01:59,335 TRACE util.FileUtils (LogUtils.java:runAndLog(61)) - Successfully ran Files.createDirectories /workdir/ratis-test/target/test/data/482d907c/MiniRaftClusterWithSimulatedRpcf1c5d995/s1/4602a1ae-9369-4593-b3ba-081c21a5937e/current
2019-09-24 12:01:59,335 TRACE util.FileUtils (LogUtils.java:runAndLog(61)) - Successfully ran Files.createDirectories /workdir/ratis-test/target/test/data/482d907c/MiniRaftClusterWithSimulatedRpcf1c5d995/s0/4602a1ae-9369-4593-b3ba-081c21a5937e/current
2019-09-24 12:01:59,335 TRACE util.FileUtils (LogUtils.java:runAndLog(61)) - Successfully ran Files.createDirectories /workdir/ratis-test/target/test/data/482d907c/MiniRaftClusterWithSimulatedRpcf1c5d995/s2/4602a1ae-9369-4593-b3ba-081c21a5937e/current
2019-09-24 12:01:59,336 TRACE util.FileUtils (LogUtils.java:runAndLog(61)) - Successfully ran Files.createDirectories /workdir/ratis-test/target/test/data/482d907c/MiniRaftClusterWithSimulatedRpcf1c5d995/s0/4602a1ae-9369-4593-b3ba-081c21a5937e/sm
2019-09-24 12:01:59,336 TRACE util.FileUtils (LogUtils.java:runAndLog(61)) - Successfully ran Files.createDirectories /workdir/ratis-test/target/test/data/482d907c/MiniRaftClusterWithSimulatedRpcf1c5d995/s1/4602a1ae-9369-4593-b3ba-081c21a5937e/sm
2019-09-24 12:01:59,336 TRACE util.FileUtils (LogUtils.java:runAndLog(61)) - Successfully ran Files.createDirectories /workdir/ratis-test/target/test/data/482d907c/MiniRaftClusterWithSimulatedRpcf1c5d995/s2/4602a1ae-9369-4593-b3ba-081c21a5937e/sm
2019-09-24 12:01:59,365 INFO  storage.RaftStorage (RaftStorage.java:format(84)) - Storage directory /workdir/ratis-test/target/test/data/482d907c/MiniRaftClusterWithSimulatedRpcf1c5d995/s1/4602a1ae-9369-4593-b3ba-081c21a5937e has been successfully formatted.
2019-09-24 12:01:59,365 INFO  storage.RaftStorage (RaftStorage.java:format(84)) - Storage directory /workdir/ratis-test/target/test/data/482d907c/MiniRaftClusterWithSimulatedRpcf1c5d995/s0/4602a1ae-9369-4593-b3ba-081c21a5937e has been successfully formatted.
2019-09-24 12:01:59,365 INFO  storage.RaftStorage (RaftStorage.java:format(84)) - Storage directory /workdir/ratis-test/target/test/data/482d907c/MiniRaftClusterWithSimulatedRpcf1c5d995/s2/4602a1ae-9369-4593-b3ba-081c21a5937e has been successfully formatted.
2019-09-24 12:01:59,368 INFO  server.RaftServerConfigKeys (ConfUtils.java:logGet(43)) - raft.server.notification.no-leader.timeout = 60s (default)
2019-09-24 12:01:59,368 INFO  server.RaftServerConfigKeys (ConfUtils.java:logGet(43)) - raft.server.notification.no-leader.timeout = 60s (default)
2019-09-24 12:01:59,368 INFO  server.RaftServerConfigKeys (ConfUtils.java:logGet(43)) - raft.server.notification.no-leader.timeout = 60s (default)
2019-09-24 12:01:59,372 INFO  server.RaftServerConfigKeys (ConfUtils.java:logGet(43)) - raft.server.log.use.memory = false (default)
2019-09-24 12:01:59,372 INFO  server.RaftServerConfigKeys (ConfUtils.java:logGet(43)) - raft.server.log.use.memory = false (default)
2019-09-24 12:01:59,372 INFO  server.RaftServerConfigKeys (ConfUtils.java:logGet(43)) - raft.server.log.use.memory = false (default)
2019-09-24 12:01:59,383 INFO  server.RaftServerConfigKeys (ConfUtils.java:logGet(43)) - raft.server.log.purge.gap = 1024 (default)
2019-09-24 12:01:59,383 INFO  server.RaftServerConfigKeys (ConfUtils.java:logGet(43)) - raft.server.log.purge.gap = 1024 (default)
2019-09-24 12:01:59,383 INFO  server.RaftServerConfigKeys (ConfUtils.java:logGet(43)) - raft.server.log.purge.gap = 1024 (default)
2019-09-24 12:01:59,384 INFO  server.RaftServerConfigKeys (ConfUtils.java:logGet(43)) - raft.server.log.appender.buffer.byte-limit = 4MB (=4194304) (default)
2019-09-24 12:01:59,384 INFO  server.RaftServerConfigKeys (ConfUtils.java:logGet(43)) - raft.server.log.appender.buffer.byte-limit = 4MB (=4194304) (default)
2019-09-24 12:01:59,385 INFO  server.RaftServerConfigKeys (ConfUtils.java:logGet(43)) - raft.server.log.appender.buffer.byte-limit = 4MB (=4194304) (default)
2019-09-24 12:01:59,389 INFO  server.RaftServerConfigKeys (ConfUtils.java:logGet(43)) - raft.server.log.segment.size.max = 8MB (=8388608) (default)
2019-09-24 12:01:59,390 INFO  server.RaftServerConfigKeys (ConfUtils.java:logGet(43)) - raft.server.log.segment.size.max = 8MB (=8388608) (default)
2019-09-24 12:01:59,389 INFO  server.RaftServerConfigKeys (ConfUtils.java:logGet(43)) - raft.server.log.segment.size.max = 8MB (=8388608) (default)
2019-09-24 12:01:59,395 INFO  server.RaftServerConfigKeys (ConfUtils.java:logGet(43)) - raft.server.log.segment.cache.num.max = 6 (default)
2019-09-24 12:01:59,395 INFO  server.RaftServerConfigKeys (ConfUtils.java:logGet(43)) - raft.server.log.segment.cache.num.max = 6 (default)
2019-09-24 12:01:59,395 INFO  server.RaftServerConfigKeys (ConfUtils.java:logGet(43)) - raft.server.log.segment.cache.num.max = 6 (default)
2019-09-24 12:01:59,402 INFO  segmented.SegmentedRaftLogWorker (SegmentedRaftLogWorker.java:<init>(172)) - new s2@group-081C21A5937E-SegmentedRaftLogWorker for RaftStorage:Storage Directory /workdir/ratis-test/target/test/data/482d907c/MiniRaftClusterWithSimulatedRpcf1c5d995/s2/4602a1ae-9369-4593-b3ba-081c21a5937e
2019-09-24 12:01:59,402 INFO  segmented.SegmentedRaftLogWorker (SegmentedRaftLogWorker.java:<init>(172)) - new s0@group-081C21A5937E-SegmentedRaftLogWorker for RaftStorage:Storage Directory /workdir/ratis-test/target/test/data/482d907c/MiniRaftClusterWithSimulatedRpcf1c5d995/s0/4602a1ae-9369-4593-b3ba-081c21a5937e
2019-09-24 12:01:59,402 INFO  segmented.SegmentedRaftLogWorker (SegmentedRaftLogWorker.java:<init>(172)) - new s1@group-081C21A5937E-SegmentedRaftLogWorker for RaftStorage:Storage Directory /workdir/ratis-test/target/test/data/482d907c/MiniRaftClusterWithSimulatedRpcf1c5d995/s1/4602a1ae-9369-4593-b3ba-081c21a5937e
2019-09-24 12:01:59,487 WARN  impl.MetricsConfig (MetricsConfig.java:loadFirst(124)) - Cannot locate configuration: tried hadoop-metrics2-ratis.properties,hadoop-metrics2.properties
2019-09-24 12:01:59,587 INFO  impl.MetricsSystemImpl (MetricsSystemImpl.java:startTimer(376)) - Scheduled snapshot period at 10 second(s).
2019-09-24 12:01:59,588 INFO  impl.MetricsSystemImpl (MetricsSystemImpl.java:start(191)) - ratis metrics system started
2019-09-24 12:01:59,594 INFO  metrics.MetricRegistries (MetricRegistriesLoader.java:load(64)) - Loaded MetricRegistries class org.apache.ratis.metrics.impl.MetricRegistriesImpl
2019-09-24 12:01:59,631 INFO  server.RaftServerConfigKeys (ConfUtils.java:logGet(43)) - raft.server.log.queue.byte-limit = 64MB (=67108864) (default)
2019-09-24 12:01:59,631 INFO  server.RaftServerConfigKeys (ConfUtils.java:logGet(43)) - raft.server.log.queue.element-limit = 4096 (default)
2019-09-24 12:01:59,633 INFO  server.RaftServerConfigKeys (ConfUtils.java:logGet(43)) - raft.server.log.queue.byte-limit = 64MB (=67108864) (default)
2019-09-24 12:01:59,633 INFO  server.RaftServerConfigKeys (ConfUtils.java:logGet(43)) - raft.server.log.queue.byte-limit = 64MB (=67108864) (default)
2019-09-24 12:01:59,633 INFO  server.RaftServerConfigKeys (ConfUtils.java:logGet(43)) - raft.server.log.queue.element-limit = 4096 (default)
2019-09-24 12:01:59,634 INFO  server.RaftServerConfigKeys (ConfUtils.java:logGet(43)) - raft.server.log.queue.element-limit = 4096 (default)
2019-09-24 12:01:59,634 INFO  server.RaftServerConfigKeys (ConfUtils.java:logGet(43)) - raft.server.log.segment.size.max = 8MB (=8388608) (default)
2019-09-24 12:01:59,634 INFO  server.RaftServerConfigKeys (ConfUtils.java:logGet(43)) - raft.server.log.segment.size.max = 8MB (=8388608) (default)
2019-09-24 12:01:59,634 INFO  server.RaftServerConfigKeys (ConfUtils.java:logGet(43)) - raft.server.log.segment.size.max = 8MB (=8388608) (default)
2019-09-24 12:01:59,635 INFO  server.RaftServerConfigKeys (ConfUtils.java:logGet(43)) - raft.server.log.preallocated.size = 4MB (=4194304) (default)
2019-09-24 12:01:59,635 INFO  server.RaftServerConfigKeys (ConfUtils.java:logGet(43)) - raft.server.log.preallocated.size = 4MB (=4194304) (default)
2019-09-24 12:01:59,635 INFO  server.RaftServerConfigKeys (ConfUtils.java:logGet(43)) - raft.server.log.preallocated.size = 4MB (=4194304) (default)
2019-09-24 12:01:59,635 INFO  server.RaftServerConfigKeys (ConfUtils.java:logGet(43)) - raft.server.log.write.buffer.size = 64KB (=65536) (default)
2019-09-24 12:01:59,636 INFO  server.RaftServerConfigKeys (ConfUtils.java:logGet(43)) - raft.server.log.write.buffer.size = 64KB (=65536) (default)
2019-09-24 12:01:59,636 INFO  server.RaftServerConfigKeys (ConfUtils.java:logGet(43)) - raft.server.log.write.buffer.size = 64KB (=65536) (default)
2019-09-24 12:01:59,636 INFO  server.RaftServerConfigKeys (ConfUtils.java:logGet(43)) - raft.server.log.force.sync.num = 128 (default)
2019-09-24 12:01:59,636 INFO  server.RaftServerConfigKeys (ConfUtils.java:logGet(43)) - raft.server.log.force.sync.num = 128 (default)
2019-09-24 12:01:59,637 INFO  server.RaftServerConfigKeys (ConfUtils.java:logGet(43)) - raft.server.log.force.sync.num = 128 (default)
2019-09-24 12:01:59,638 INFO  server.RaftServerConfigKeys (ConfUtils.java:logGet(43)) - raft.server.log.statemachine.data.sync = true (default)
2019-09-24 12:01:59,638 INFO  server.RaftServerConfigKeys (ConfUtils.java:logGet(43)) - raft.server.log.statemachine.data.sync = true (default)
2019-09-24 12:01:59,638 INFO  server.RaftServerConfigKeys (ConfUtils.java:logGet(43)) - raft.server.log.statemachine.data.sync = true (default)
2019-09-24 12:01:59,638 INFO  server.RaftServerConfigKeys (ConfUtils.java:logGet(43)) - raft.server.log.statemachine.data.sync.timeout = 10s (default)
2019-09-24 12:01:59,639 INFO  server.RaftServerConfigKeys (ConfUtils.java:logGet(43)) - raft.server.log.statemachine.data.sync.timeout = 10s (default)
2019-09-24 12:01:59,638 INFO  server.RaftServerConfigKeys (ConfUtils.java:logGet(43)) - raft.server.log.statemachine.data.sync.timeout = 10s (default)
2019-09-24 12:01:59,639 INFO  server.RaftServerConfigKeys (ConfUtils.java:logGet(43)) - raft.server.log.statemachine.data.sync.timeout.retry = -1 (default)
2019-09-24 12:01:59,639 INFO  server.RaftServerConfigKeys (ConfUtils.java:logGet(43)) - raft.server.log.statemachine.data.sync.timeout.retry = -1 (default)
2019-09-24 12:01:59,640 INFO  server.RaftServerConfigKeys (ConfUtils.java:logGet(43)) - raft.server.log.statemachine.data.sync.timeout.retry = -1 (default)
2019-09-24 12:01:59,651 INFO  server.RaftServerConfigKeys (ConfUtils.java:logGet(43)) - raft.server.log.statemachine.data.caching.enabled = false (default)
2019-09-24 12:01:59,651 INFO  server.RaftServerConfigKeys (ConfUtils.java:logGet(43)) - raft.server.log.statemachine.data.caching.enabled = false (default)
2019-09-24 12:01:59,651 INFO  server.RaftServerConfigKeys (ConfUtils.java:logGet(43)) - raft.server.log.statemachine.data.caching.enabled = false (default)
2019-09-24 12:01:59,658 INFO  segmented.SegmentedRaftLogWorker (SegmentedRaftLogWorker.java:lambda$new$0(132)) - s1@group-081C21A5937E-SegmentedRaftLogWorker: flushIndex: setUnconditionally 0 -> -1
2019-09-24 12:01:59,658 INFO  segmented.SegmentedRaftLogWorker (SegmentedRaftLogWorker.java:lambda$new$0(132)) - s0@group-081C21A5937E-SegmentedRaftLogWorker: flushIndex: setUnconditionally 0 -> -1
2019-09-24 12:01:59,658 INFO  segmented.SegmentedRaftLogWorker (SegmentedRaftLogWorker.java:lambda$new$0(132)) - s2@group-081C21A5937E-SegmentedRaftLogWorker: flushIndex: setUnconditionally 0 -> -1
2019-09-24 12:01:59,663 INFO  server.RaftServerConfigKeys (ConfUtils.java:logGet(43)) - raft.server.snapshot.auto.trigger.enabled = false (default)
2019-09-24 12:01:59,663 INFO  server.RaftServerConfigKeys (ConfUtils.java:logGet(43)) - raft.server.snapshot.auto.trigger.enabled = false (default)
2019-09-24 12:01:59,663 INFO  server.RaftServerConfigKeys (ConfUtils.java:logGet(43)) - raft.server.snapshot.auto.trigger.enabled = false (default)
2019-09-24 12:01:59,663 INFO  server.RaftServerConfigKeys (ConfUtils.java:logGet(43)) - raft.server.snapshot.retention.file.num = -1 (default)
2019-09-24 12:01:59,663 INFO  server.RaftServerConfigKeys (ConfUtils.java:logGet(43)) - raft.server.snapshot.retention.file.num = -1 (default)
2019-09-24 12:01:59,664 INFO  server.RaftServerConfigKeys (ConfUtils.java:logGet(43)) - raft.server.snapshot.retention.file.num = -1 (default)
2019-09-24 12:01:59,664 INFO  server.RaftServerConfigKeys (ConfUtils.java:logGet(43)) - raft.server.retrycache.expirytime = 60s (default)
2019-09-24 12:01:59,664 INFO  server.RaftServerConfigKeys (ConfUtils.java:logGet(43)) - raft.server.retrycache.expirytime = 60s (default)
2019-09-24 12:01:59,664 INFO  server.RaftServerConfigKeys (ConfUtils.java:logGet(43)) - raft.server.retrycache.expirytime = 60s (default)
2019-09-24 12:01:59,696 INFO  impl.RaftServerImpl (RaftServerImpl.java:start(181)) - s0@group-081C21A5937E: start as a follower, conf=-1: [s0:0.0.0.0:36967, s1:0.0.0.0:36044, s2:0.0.0.0:41644], old=null
2019-09-24 12:01:59,699 INFO  impl.RaftServerImpl (RaftServerImpl.java:setRole(170)) - s0@group-081C21A5937E: changes role from      null to FOLLOWER at term 0 for startAsFollower
2019-09-24 12:01:59,701 INFO  impl.RoleInfo (RoleInfo.java:updateAndGet(143)) - s0: start FollowerState
2019-09-24 12:01:59,704 INFO  util.JmxRegister (JmxRegister.java:tryRegister(44)) - Successfully registered JMX Bean with object name Ratis:service=RaftServer,group=group-081C21A5937E,id=s0
2019-09-24 12:01:59,717 INFO  impl.RaftServerProxy (RaftServerProxy.java:lambda$start$3(299)) - s0: start RPC server
2019-09-24 12:01:59,719 INFO  impl.RaftServerImpl (RaftServerImpl.java:start(181)) - s1@group-081C21A5937E: start as a follower, conf=-1: [s0:0.0.0.0:36967, s1:0.0.0.0:36044, s2:0.0.0.0:41644], old=null
2019-09-24 12:01:59,719 INFO  impl.RaftServerImpl (RaftServerImpl.java:setRole(170)) - s1@group-081C21A5937E: changes role from      null to FOLLOWER at term 0 for startAsFollower
2019-09-24 12:01:59,719 INFO  impl.RoleInfo (RoleInfo.java:updateAndGet(143)) - s1: start FollowerState
2019-09-24 12:01:59,720 INFO  util.JmxRegister (JmxRegister.java:tryRegister(44)) - Successfully registered JMX Bean with object name Ratis:service=RaftServer,group=group-081C21A5937E,id=s1
2019-09-24 12:01:59,727 INFO  impl.RaftServerProxy (RaftServerProxy.java:lambda$start$3(299)) - s1: start RPC server
2019-09-24 12:01:59,728 INFO  impl.RaftServerImpl (RaftServerImpl.java:start(181)) - s2@group-081C21A5937E: start as a follower, conf=-1: [s0:0.0.0.0:36967, s1:0.0.0.0:36044, s2:0.0.0.0:41644], old=null
2019-09-24 12:01:59,728 INFO  impl.RaftServerImpl (RaftServerImpl.java:setRole(170)) - s2@group-081C21A5937E: changes role from      null to FOLLOWER at term 0 for startAsFollower
2019-09-24 12:01:59,729 INFO  impl.RoleInfo (RoleInfo.java:updateAndGet(143)) - s2: start FollowerState
2019-09-24 12:01:59,729 INFO  util.JmxRegister (JmxRegister.java:tryRegister(44)) - Successfully registered JMX Bean with object name Ratis:service=RaftServer,group=group-081C21A5937E,id=s2
2019-09-24 12:01:59,735 INFO  impl.RaftServerProxy (RaftServerProxy.java:lambda$start$3(299)) - s2: start RPC server
2019-09-24 12:01:59,775 DEBUG impl.RaftServerImpl (RaftServerImpl.java:submitClientRequestAsync(533)) - s0@group-081C21A5937E: receive client request(RaftClientRequest:client-B3D79B8BEAEB->s0@group-081C21A5937E, cid=0, seq=0, RW, m0)
2019-09-24 12:01:59,906 DEBUG impl.RaftServerImpl (RaftServerImpl.java:submitClientRequestAsync(533)) - s2@group-081C21A5937E: receive client request(RaftClientRequest:client-B3D79B8BEAEB->s2@group-081C21A5937E, cid=0, seq=0, RW, m0)
2019-09-24 12:01:59,919 INFO  impl.FollowerState (FollowerState.java:run(108)) - s0@group-081C21A5937E-FollowerState: change to CANDIDATE, lastRpcTime:218ms, electionTimeout:217ms
2019-09-24 12:01:59,921 INFO  impl.RoleInfo (RoleInfo.java:shutdownFollowerState(121)) - s0: shutdown FollowerState
2019-09-24 12:01:59,922 INFO  impl.RaftServerImpl (RaftServerImpl.java:setRole(170)) - s0@group-081C21A5937E: changes role from  FOLLOWER to CANDIDATE at term 0 for changeToCandidate
2019-09-24 12:01:59,926 INFO  impl.RoleInfo (RoleInfo.java:updateAndGet(143)) - s0: start LeaderElection
2019-09-24 12:01:59,952 INFO  impl.LeaderElection (LeaderElection.java:askForVotes(178)) - s0@group-081C21A5937E-LeaderElection1: begin an election at term 1 for -1: [s0:0.0.0.0:36967, s1:0.0.0.0:36044, s2:0.0.0.0:41644], old=null
2019-09-24 12:01:59,971 INFO  impl.FollowerState (FollowerState.java:run(108)) - s1@group-081C21A5937E-FollowerState: change to CANDIDATE, lastRpcTime:251ms, electionTimeout:251ms
2019-09-24 12:01:59,971 INFO  impl.RoleInfo (RoleInfo.java:shutdownFollowerState(121)) - s1: shutdown FollowerState
2019-09-24 12:01:59,972 INFO  impl.RaftServerImpl (RaftServerImpl.java:setRole(170)) - s1@group-081C21A5937E: changes role from  FOLLOWER to CANDIDATE at term 0 for changeToCandidate
2019-09-24 12:01:59,972 INFO  impl.RoleInfo (RoleInfo.java:updateAndGet(143)) - s1: start LeaderElection
2019-09-24 12:01:59,986 INFO  impl.LeaderElection (LeaderElection.java:askForVotes(178)) - s1@group-081C21A5937E-LeaderElection2: begin an election at term 1 for -1: [s0:0.0.0.0:36967, s1:0.0.0.0:36044, s2:0.0.0.0:41644], old=null
2019-09-24 12:01:59,992 DEBUG impl.RaftServerImpl (RaftServerImpl.java:requestVote(743)) - s0@group-081C21A5937E: receive requestVote(s1, group-081C21A5937E, 1, (t:0, i:0))
2019-09-24 12:01:59,992 DEBUG impl.RaftServerImpl (RaftServerImpl.java:requestVote(743)) - s2@group-081C21A5937E: receive requestVote(s0, group-081C21A5937E, 1, (t:0, i:0))
2019-09-24 12:01:59,992 DEBUG impl.RaftServerImpl (RaftServerImpl.java:requestVote(743)) - s1@group-081C21A5937E: receive requestVote(s0, group-081C21A5937E, 1, (t:0, i:0))
2019-09-24 12:01:59,992 DEBUG impl.RaftServerImpl (RaftServerImpl.java:requestVote(743)) - s2@group-081C21A5937E: receive requestVote(s1, group-081C21A5937E, 1, (t:0, i:0))
2019-09-24 12:01:59,994 INFO  impl.RaftServerImpl (RaftServerImpl.java:setRole(170)) - s2@group-081C21A5937E: changes role from  FOLLOWER to FOLLOWER at term 1 for recognizeCandidate:s0
2019-09-24 12:01:59,994 INFO  impl.RoleInfo (RoleInfo.java:shutdownFollowerState(121)) - s2: shutdown FollowerState
2019-09-24 12:01:59,994 INFO  impl.RoleInfo (RoleInfo.java:updateAndGet(143)) - s2: start FollowerState
2019-09-24 12:02:00,004 DEBUG impl.RaftServerImpl (RaftServerImpl.java:requestVote(775)) - s1@group-081C21A5937E replies to vote request: s0<-s1#0:FAIL-t1. Peer's state: s1@group-081C21A5937E:t1, leader=null, voted=s1, raftlog=s1@group-081C21A5937E-SegmentedRaftLog:OPENED:c-1,f-1,i0, conf=-1: [s0:0.0.0.0:36967, s1:0.0.0.0:36044, s2:0.0.0.0:41644], old=null
2019-09-24 12:02:00,004 DEBUG impl.RaftServerImpl (RaftServerImpl.java:requestVote(775)) - s0@group-081C21A5937E replies to vote request: s1<-s0#0:FAIL-t1. Peer's state: s0@group-081C21A5937E:t1, leader=null, voted=s0, raftlog=s0@group-081C21A5937E-SegmentedRaftLog:OPENED:c-1,f-1,i0, conf=-1: [s0:0.0.0.0:36967, s1:0.0.0.0:36044, s2:0.0.0.0:41644], old=null
2019-09-24 12:02:00,007 DEBUG impl.RaftServerImpl (RaftServerImpl.java:submitClientRequestAsync(533)) - s1@group-081C21A5937E: receive client request(RaftClientRequest:client-B3D79B8BEAEB->s1@group-081C21A5937E, cid=0, seq=0, RW, m0)
2019-09-24 12:02:00,011 DEBUG impl.RaftServerImpl (RaftServerImpl.java:requestVote(775)) - s2@group-081C21A5937E replies to vote request: s0<-s2#0:OK-t1. Peer's state: s2@group-081C21A5937E:t1, leader=null, voted=s0, raftlog=s2@group-081C21A5937E-SegmentedRaftLog:OPENED:c-1,f-1,i0, conf=-1: [s0:0.0.0.0:36967, s1:0.0.0.0:36044, s2:0.0.0.0:41644], old=null
2019-09-24 12:02:00,011 DEBUG impl.RaftServerImpl (RaftServerImpl.java:requestVote(775)) - s2@group-081C21A5937E replies to vote request: s1<-s2#0:FAIL-t1. Peer's state: s2@group-081C21A5937E:t1, leader=null, voted=s0, raftlog=s2@group-081C21A5937E-SegmentedRaftLog:OPENED:c-1,f-1,i0, conf=-1: [s0:0.0.0.0:36967, s1:0.0.0.0:36044, s2:0.0.0.0:41644], old=null
2019-09-24 12:02:00,013 INFO  impl.LeaderElection (LeaderElection.java:logAndReturn(56)) - s1@group-081C21A5937E-LeaderElection2: Election REJECTED; received 2 response(s) [s1<-s0#0:FAIL-t1, s1<-s2#0:FAIL-t1] and 0 exception(s); s1@group-081C21A5937E:t1, leader=null, voted=s1, raftlog=s1@group-081C21A5937E-SegmentedRaftLog:OPENED:c-1,f-1,i0, conf=-1: [s0:0.0.0.0:36967, s1:0.0.0.0:36044, s2:0.0.0.0:41644], old=null
2019-09-24 12:02:00,013 INFO  impl.LeaderElection (LeaderElection.java:logAndReturn(56)) - s0@group-081C21A5937E-LeaderElection1: Election PASSED; received 2 response(s) [s0<-s1#0:FAIL-t1, s0<-s2#0:OK-t1] and 0 exception(s); s0@group-081C21A5937E:t1, leader=null, voted=s0, raftlog=s0@group-081C21A5937E-SegmentedRaftLog:OPENED:c-1,f-1,i0, conf=-1: [s0:0.0.0.0:36967, s1:0.0.0.0:36044, s2:0.0.0.0:41644], old=null
2019-09-24 12:02:00,015 INFO  impl.RoleInfo (RoleInfo.java:shutdownLeaderElection(134)) - s0: shutdown LeaderElection
2019-09-24 12:02:00,015 INFO  impl.RaftServerImpl (RaftServerImpl.java:setRole(170)) - s1@group-081C21A5937E: changes role from CANDIDATE to FOLLOWER at term 1 for DISCOVERED_A_NEW_TERM
2019-09-24 12:02:00,015 INFO  impl.RoleInfo (RoleInfo.java:shutdownLeaderElection(134)) - s1: shutdown LeaderElection
2019-09-24 12:02:00,016 INFO  impl.RaftServerImpl (RaftServerImpl.java:setRole(170)) - s0@group-081C21A5937E: changes role from CANDIDATE to LEADER at term 1 for changeToLeader
2019-09-24 12:02:00,016 INFO  impl.RoleInfo (RoleInfo.java:updateAndGet(143)) - s1: start FollowerState
2019-09-24 12:02:00,016 INFO  impl.RaftServerImpl (ServerState.java:setLeader(254)) - s0@group-081C21A5937E: change Leader from null to s0 at term 1 for becomeLeader, leader elected after 649ms
2019-09-24 12:02:00,023 INFO  server.RaftServerConfigKeys (ConfUtils.java:logGet(43)) - raft.server.staging.catchup.gap = 1000 (default)
2019-09-24 12:02:00,023 INFO  server.RaftServerConfigKeys (ConfUtils.java:logGet(43)) - raft.server.rpc.sleep.time = 25ms (default)
2019-09-24 12:02:00,030 INFO  server.RaftServerConfigKeys (ConfUtils.java:logGet(43)) - raft.server.write.element-limit = 4096 (default)
2019-09-24 12:02:00,036 INFO  server.RaftServerConfigKeys (ConfUtils.java:logGet(43)) - raft.server.watch.timeout = 10s (default)
2019-09-24 12:02:00,036 INFO  server.RaftServerConfigKeys (ConfUtils.java:logGet(43)) - raft.server.watch.timeout.denomination = 1s (default)
2019-09-24 12:02:00,037 INFO  server.RaftServerConfigKeys (ConfUtils.java:logGet(43)) - raft.server.watch.element-limit = 65536 (default)
2019-09-24 12:02:00,054 INFO  server.RaftServerConfigKeys (ConfUtils.java:logGet(43)) - raft.server.log.appender.snapshot.chunk.size.max = 16MB (=16777216) (default)
2019-09-24 12:02:00,055 INFO  server.RaftServerConfigKeys (ConfUtils.java:logGet(43)) - raft.server.log.appender.buffer.byte-limit = 4MB (=4194304) (default)
2019-09-24 12:02:00,055 INFO  server.RaftServerConfigKeys (ConfUtils.java:logGet(43)) - raft.server.log.appender.buffer.element-limit = 0 (default)
2019-09-24 12:02:00,060 INFO  server.RaftServerConfigKeys (ConfUtils.java:logGet(43)) - raft.server.log.appender.snapshot.chunk.size.max = 16MB (=16777216) (default)
2019-09-24 12:02:00,060 INFO  server.RaftServerConfigKeys (ConfUtils.java:logGet(43)) - raft.server.log.appender.buffer.byte-limit = 4MB (=4194304) (default)
2019-09-24 12:02:00,060 INFO  server.RaftServerConfigKeys (ConfUtils.java:logGet(43)) - raft.server.log.appender.buffer.element-limit = 0 (default)
2019-09-24 12:02:00,063 INFO  impl.RoleInfo (RoleInfo.java:updateAndGet(143)) - s0: start LeaderState
2019-09-24 12:02:00,083 INFO  segmented.SegmentedRaftLogWorker (SegmentedRaftLogWorker.java:startLogSegment(380)) - s0@group-081C21A5937E-SegmentedRaftLogWorker: Starting segment from index:0
2019-09-24 12:02:00,108 INFO  impl.RaftServerImpl (ServerState.java:setRaftConf(355)) - s0@group-081C21A5937E: set configuration 0: [s0:0.0.0.0:36967, s1:0.0.0.0:36044, s2:0.0.0.0:41644], old=null at 0
2019-09-24 12:02:00,109 DEBUG impl.RaftServerImpl (RaftServerImpl.java:submitClientRequestAsync(533)) - s2@group-081C21A5937E: receive client request(RaftClientRequest:client-B3D79B8BEAEB->s2@group-081C21A5937E, cid=0, seq=0, RW, m0)
2019-09-24 12:02:00,123 INFO  impl.RaftServerImpl (ServerState.java:setLeader(254)) - s2@group-081C21A5937E: change Leader from null to s0 at term 1 for appendEntries, leader elected after 755ms
2019-09-24 12:02:00,123 INFO  impl.RaftServerImpl (ServerState.java:setLeader(254)) - s1@group-081C21A5937E: change Leader from null to s0 at term 1 for appendEntries, leader elected after 756ms
2019-09-24 12:02:00,144 DEBUG impl.RaftServerImpl (RaftServerImpl.java:logAppendEntries(850)) - s2@group-081C21A5937E: receive appendEntries(s0, 1, null, -1, false, commits[s0:c-1, s1:c-1, s2:c-1], entries: (t:1, i:0), CONFIGURATIONENTRY
2019-09-24 12:02:00,144 DEBUG impl.RaftServerImpl (RaftServerImpl.java:logAppendEntries(850)) - s1@group-081C21A5937E: receive appendEntries(s0, 1, null, -1, false, commits[s0:c-1, s1:c-1, s2:c-1], entries: (t:1, i:0), CONFIGURATIONENTRY
2019-09-24 12:02:00,147 INFO  impl.RaftServerImpl (ServerState.java:setRaftConf(355)) - s2@group-081C21A5937E: set configuration 0: [s0:0.0.0.0:36967, s1:0.0.0.0:36044, s2:0.0.0.0:41644], old=null at 0
2019-09-24 12:02:00,147 INFO  impl.RaftServerImpl (ServerState.java:setRaftConf(355)) - s1@group-081C21A5937E: set configuration 0: [s0:0.0.0.0:36967, s1:0.0.0.0:36044, s2:0.0.0.0:41644], old=null at 0
2019-09-24 12:02:00,147 INFO  segmented.SegmentedRaftLogWorker (SegmentedRaftLogWorker.java:startLogSegment(380)) - s2@group-081C21A5937E-SegmentedRaftLogWorker: Starting segment from index:0
2019-09-24 12:02:00,148 INFO  segmented.SegmentedRaftLogWorker (SegmentedRaftLogWorker.java:startLogSegment(380)) - s1@group-081C21A5937E-SegmentedRaftLogWorker: Starting segment from index:0
2019-09-24 12:02:00,210 DEBUG impl.RaftServerImpl (RaftServerImpl.java:submitClientRequestAsync(533)) - s1@group-081C21A5937E: receive client request(RaftClientRequest:client-B3D79B8BEAEB->s1@group-081C21A5937E, cid=0, seq=0, RW, m0)
2019-09-24 12:02:00,311 DEBUG impl.RaftServerImpl (RaftServerImpl.java:submitClientRequestAsync(533)) - s0@group-081C21A5937E: receive client request(RaftClientRequest:client-B3D79B8BEAEB->s0@group-081C21A5937E, cid=0, seq=0, RW, m0)
2019-09-24 12:02:00,414 DEBUG impl.RaftServerImpl (RaftServerImpl.java:submitClientRequestAsync(533)) - s0@group-081C21A5937E: receive client request(RaftClientRequest:client-B3D79B8BEAEB->s0@group-081C21A5937E, cid=0, seq=0, RW, m0)
2019-09-24 12:02:00,471 INFO  segmented.SegmentedRaftLogWorker (SegmentedRaftLogWorker.java:execute(569)) - s2@group-081C21A5937E-SegmentedRaftLogWorker: created new log segment /workdir/ratis-test/target/test/data/482d907c/MiniRaftClusterWithSimulatedRpcf1c5d995/s2/4602a1ae-9369-4593-b3ba-081c21a5937e/current/log_inprogress_0
2019-09-24 12:02:00,471 INFO  segmented.SegmentedRaftLogWorker (SegmentedRaftLogWorker.java:execute(569)) - s1@group-081C21A5937E-SegmentedRaftLogWorker: created new log segment /workdir/ratis-test/target/test/data/482d907c/MiniRaftClusterWithSimulatedRpcf1c5d995/s1/4602a1ae-9369-4593-b3ba-081c21a5937e/current/log_inprogress_0
2019-09-24 12:02:00,471 INFO  segmented.SegmentedRaftLogWorker (SegmentedRaftLogWorker.java:execute(569)) - s0@group-081C21A5937E-SegmentedRaftLogWorker: created new log segment /workdir/ratis-test/target/test/data/482d907c/MiniRaftClusterWithSimulatedRpcf1c5d995/s0/4602a1ae-9369-4593-b3ba-081c21a5937e/current/log_inprogress_0
2019-09-24 12:02:00,492 DEBUG impl.RaftServerImpl (RaftServerImpl.java:logAppendEntries(850)) - s2@group-081C21A5937E: succeeded to handle AppendEntries. Reply: s0<-s2#0:OK,SUCCESS,nextIndex:1,term:1,followerCommit:-1
2019-09-24 12:02:00,492 DEBUG impl.RaftServerImpl (RaftServerImpl.java:logAppendEntries(850)) - s1@group-081C21A5937E: succeeded to handle AppendEntries. Reply: s0<-s1#0:OK,SUCCESS,nextIndex:1,term:1,followerCommit:-1
2019-09-24 12:02:00,515 DEBUG impl.RaftServerImpl (RaftServerImpl.java:submitClientRequestAsync(533)) - s0@group-081C21A5937E: receive client request(RaftClientRequest:client-B3D79B8BEAEB->s0@group-081C21A5937E, cid=0, seq=0, RW, m0)
2019-09-24 12:02:00,549 DEBUG impl.RaftServerImpl (LeaderState.java:addPendingRequest(317)) - s0@group-081C21A5937E-LeaderState: addPendingRequest at RaftClientRequest:client-B3D79B8BEAEB->s0@group-081C21A5937E, cid=0, seq=0, RW, m0, entry=(t:1, i:1), STATEMACHINELOGENTRY, client-B3D79B8BEAEB, cid=0
2019-09-24 12:02:00,556 DEBUG impl.RaftServerImpl (RaftServerImpl.java:logAppendEntries(850)) - s2@group-081C21A5937E: receive appendEntries(s0, 1, (t:1, i:0), 0, false, commits[s0:c0, s1:c-1, s2:c-1], entries: (t:1, i:1), STATEMACHINELOGENTRY, client-B3D79B8BEAEB, cid=0
2019-09-24 12:02:00,556 DEBUG impl.RaftServerImpl (RaftServerImpl.java:logAppendEntries(850)) - s1@group-081C21A5937E: receive appendEntries(s0, 1, (t:1, i:0), 0, false, commits[s0:c0, s1:c-1, s2:c-1], entries: (t:1, i:1), STATEMACHINELOGENTRY, client-B3D79B8BEAEB, cid=0
2019-09-24 12:02:00,561 DEBUG impl.RaftServerImpl (RaftServerImpl.java:logAppendEntries(850)) - s2@group-081C21A5937E: succeeded to handle AppendEntries. Reply: s0<-s2#0:OK,SUCCESS,nextIndex:2,term:1,followerCommit:0
2019-09-24 12:02:00,561 DEBUG impl.RaftServerImpl (RaftServerImpl.java:logAppendEntries(850)) - s1@group-081C21A5937E: succeeded to handle AppendEntries. Reply: s0<-s1#0:OK,SUCCESS,nextIndex:2,term:1,followerCommit:0
2019-09-24 12:02:00,567 DEBUG impl.RaftServerImpl (RaftServerImpl.java:logAppendEntries(850)) - s1@group-081C21A5937E: receive appendEntries(s0, 1, (t:1, i:1), 1, false, commits[s0:c1, s1:c0, s2:c0], entries: (t:1, i:2), METADATAENTRY(c1)
2019-09-24 12:02:00,567 DEBUG impl.RaftServerImpl (RaftServerImpl.java:logAppendEntries(850)) - s2@group-081C21A5937E: receive appendEntries(s0, 1, (t:1, i:1), 1, false, commits[s0:c1, s1:c0, s2:c0], entries: (t:1, i:2), METADATAENTRY(c1)
2019-09-24 12:02:00,568 DEBUG impl.RaftServerImpl (RaftServerImpl.java:submitClientRequestAsync(533)) - s0@group-081C21A5937E: receive client request(RaftClientRequest:client-B3D79B8BEAEB->s0@group-081C21A5937E, cid=1, seq=0, RW, m1)
2019-09-24 12:02:00,569 DEBUG impl.RaftServerImpl (LeaderState.java:addPendingRequest(317)) - s0@group-081C21A5937E-LeaderState: addPendingRequest at RaftClientRequest:client-B3D79B8BEAEB->s0@group-081C21A5937E, cid=1, seq=0, RW, m1, entry=(t:1, i:3), STATEMACHINELOGENTRY, client-B3D79B8BEAEB, cid=1
2019-09-24 12:02:00,581 DEBUG impl.RaftServerImpl (RaftServerImpl.java:logAppendEntries(850)) - s2@group-081C21A5937E: succeeded to handle AppendEntries. Reply: s0<-s2#0:OK,SUCCESS,nextIndex:3,term:1,followerCommit:1
2019-09-24 12:02:00,581 DEBUG impl.RaftServerImpl (RaftServerImpl.java:logAppendEntries(850)) - s1@group-081C21A5937E: succeeded to handle AppendEntries. Reply: s0<-s1#0:OK,SUCCESS,nextIndex:3,term:1,followerCommit:1
2019-09-24 12:02:00,583 DEBUG impl.RaftServerImpl (RaftServerImpl.java:logAppendEntries(850)) - s2@group-081C21A5937E: receive appendEntries(s0, 1, (t:1, i:2), 2, false, commits[s0:c2, s1:c1, s2:c1], entries: (t:1, i:3), STATEMACHINELOGENTRY, client-B3D79B8BEAEB, cid=1
2019-09-24 12:02:00,583 DEBUG impl.RaftServerImpl (RaftServerImpl.java:logAppendEntries(850)) - s1@group-081C21A5937E: receive appendEntries(s0, 1, (t:1, i:2), 2, false, commits[s0:c2, s1:c1, s2:c1], entries: (t:1, i:3), STATEMACHINELOGENTRY, client-B3D79B8BEAEB, cid=1
2019-09-24 12:02:00,597 DEBUG impl.RaftServerImpl (RaftServerImpl.java:logAppendEntries(850)) - s2@group-081C21A5937E: succeeded to handle AppendEntries. Reply: s0<-s2#0:OK,SUCCESS,nextIndex:4,term:1,followerCommit:2
2019-09-24 12:02:00,598 DEBUG impl.RaftServerImpl (RaftServerImpl.java:logAppendEntries(850)) - s1@group-081C21A5937E: succeeded to handle AppendEntries. Reply: s0<-s1#0:OK,SUCCESS,nextIndex:4,term:1,followerCommit:2
2019-09-24 12:02:00,599 DEBUG impl.RaftServerImpl (RaftServerImpl.java:logAppendEntries(850)) - s1@group-081C21A5937E: receive appendEntries(s0, 1, (t:1, i:3), 3, false, commits[s0:c3, s1:c2, s2:c2], entries: (t:1, i:4), METADATAENTRY(c3)
2019-09-24 12:02:00,600 DEBUG impl.RaftServerImpl (RaftServerImpl.java:logAppendEntries(850)) - s2@group-081C21A5937E: receive appendEntries(s0, 1, (t:1, i:3), 3, false, commits[s0:c3, s1:c2, s2:c2], entries: (t:1, i:4), METADATAENTRY(c3)
2019-09-24 12:02:00,605 INFO  ratis.MiniRaftCluster (MiniRaftCluster.java:shutdown(700)) - ************************************************************** 
2019-09-24 12:02:00,605 INFO  ratis.MiniRaftCluster (MiniRaftCluster.java:shutdown(701)) - *** 
2019-09-24 12:02:00,605 INFO  ratis.MiniRaftCluster (MiniRaftCluster.java:shutdown(702)) - ***     Stopping MiniRaftClusterWithSimulatedRpc
2019-09-24 12:02:00,605 INFO  ratis.MiniRaftCluster (MiniRaftCluster.java:shutdown(703)) - *** 
2019-09-24 12:02:00,606 INFO  ratis.MiniRaftCluster (MiniRaftCluster.java:shutdown(704)) - ************************************************************** 
2019-09-24 12:02:00,607 INFO  ratis.MiniRaftCluster (MiniRaftCluster.java:shutdown(705)) - printing ALL groups
  s0:  RUNNING    LEADER s0@group-081C21A5937E:t1, leader=s0, voted=s0, raftlog=s0@group-081C21A5937E-SegmentedRaftLog:OPENED:c3,f3,i4, conf=0: [s0:0.0.0.0:36967, s1:0.0.0.0:36044, s2:0.0.0.0:41644], old=null RUNNING
  s1:  RUNNING  FOLLOWER s1@group-081C21A5937E:t1, leader=s0, voted=s1, raftlog=s1@group-081C21A5937E-SegmentedRaftLog:OPENED:c2,f3,i4, conf=0: [s0:0.0.0.0:36967, s1:0.0.0.0:36044, s2:0.0.0.0:41644], old=null RUNNING
  s2:  RUNNING  FOLLOWER s2@group-081C21A5937E:t1, leader=s0, voted=s0, raftlog=s2@group-081C21A5937E-SegmentedRaftLog:OPENED:c2,f3,i4, conf=0: [s0:0.0.0.0:36967, s1:0.0.0.0:36044, s2:0.0.0.0:41644], old=null RUNNING
2019-09-24 12:02:00,610 INFO  impl.RaftServerProxy (RaftServerProxy.java:lambda$close$4(314)) - s0: close
2019-09-24 12:02:00,610 INFO  impl.RaftServerProxy (RaftServerProxy.java:lambda$close$4(314)) - s2: close
2019-09-24 12:02:00,611 DEBUG impl.RaftServerImpl (RaftServerImpl.java:logAppendEntries(850)) - s2@group-081C21A5937E: succeeded to handle AppendEntries. Reply: s0<-s2#0:OK,SUCCESS,nextIndex:5,term:1,followerCommit:3
2019-09-24 12:02:00,610 INFO  impl.RaftServerProxy (RaftServerProxy.java:lambda$close$4(314)) - s1: close
2019-09-24 12:02:00,611 DEBUG impl.RaftServerImpl (RaftServerImpl.java:logAppendEntries(850)) - s1@group-081C21A5937E: succeeded to handle AppendEntries. Reply: s0<-s1#0:OK,SUCCESS,nextIndex:5,term:1,followerCommit:3
2019-09-24 12:02:00,612 INFO  impl.RaftServerImpl (RaftServerImpl.java:lambda$shutdown$3(247)) - s2@group-081C21A5937E: shutdown
2019-09-24 12:02:00,613 INFO  impl.RaftServerImpl (RaftServerImpl.java:lambda$shutdown$3(247)) - s1@group-081C21A5937E: shutdown
2019-09-24 12:02:00,613 INFO  impl.RaftServerImpl (RaftServerImpl.java:lambda$shutdown$3(247)) - s0@group-081C21A5937E: shutdown
2019-09-24 12:02:00,613 INFO  util.JmxRegister (JmxRegister.java:unregister(73)) - Successfully un-registered JMX Bean with object name Ratis:service=RaftServer,group=group-081C21A5937E,id=s1
2019-09-24 12:02:00,613 INFO  util.JmxRegister (JmxRegister.java:unregister(73)) - Successfully un-registered JMX Bean with object name Ratis:service=RaftServer,group=group-081C21A5937E,id=s2
2019-09-24 12:02:00,614 INFO  impl.RoleInfo (RoleInfo.java:shutdownFollowerState(121)) - s1: shutdown FollowerState
2019-09-24 12:02:00,614 INFO  util.JmxRegister (JmxRegister.java:unregister(73)) - Successfully un-registered JMX Bean with object name Ratis:service=RaftServer,group=group-081C21A5937E,id=s0
2019-09-24 12:02:00,615 INFO  impl.FollowerState (FollowerState.java:run(117)) - s1@group-081C21A5937E-FollowerState was interrupted: java.lang.InterruptedException: sleep interrupted
2019-09-24 12:02:00,615 INFO  impl.StateMachineUpdater (StateMachineUpdater.java:stopAndJoin(136)) - s1@group-081C21A5937E-StateMachineUpdater: set stopIndex = 3
2019-09-24 12:02:00,614 INFO  impl.RoleInfo (RoleInfo.java:shutdownFollowerState(121)) - s2: shutdown FollowerState
2019-09-24 12:02:00,615 INFO  impl.RaftServerImpl (ServerState.java:close(386)) - s1@group-081C21A5937E: closes. applyIndex: 3
2019-09-24 12:02:00,615 INFO  impl.RoleInfo (RoleInfo.java:shutdownLeaderState(104)) - s0: shutdown LeaderState
2019-09-24 12:02:00,616 INFO  impl.FollowerState (FollowerState.java:run(117)) - s2@group-081C21A5937E-FollowerState was interrupted: java.lang.InterruptedException: sleep interrupted
2019-09-24 12:02:00,616 INFO  impl.StateMachineUpdater (StateMachineUpdater.java:stopAndJoin(136)) - s2@group-081C21A5937E-StateMachineUpdater: set stopIndex = 3
2019-09-24 12:02:00,617 INFO  impl.RaftServerImpl (ServerState.java:close(386)) - s2@group-081C21A5937E: closes. applyIndex: 3
2019-09-24 12:02:00,617 INFO  impl.LogAppender (LogAppender.java:run(78)) - s0@group-081C21A5937E->s1-LogAppender-AppenderDaemon was interrupted: java.lang.InterruptedException
2019-09-24 12:02:00,617 INFO  impl.LogAppender (LogAppender.java:run(78)) - s0@group-081C21A5937E->s2-LogAppender-AppenderDaemon was interrupted: java.lang.InterruptedException
2019-09-24 12:02:00,617 INFO  impl.PendingRequests (PendingRequests.java:sendNotLeaderResponses(202)) - s0@group-081C21A5937E-PendingRequests: sendNotLeaderResponses
2019-09-24 12:02:00,618 INFO  segmented.SegmentedRaftLogWorker (SegmentedRaftLogWorker.java:run(313)) - s1@group-081C21A5937E-SegmentedRaftLogWorker was interrupted, exiting. There are 0 tasks remaining in the queue.
2019-09-24 12:02:00,618 INFO  segmented.SegmentedRaftLogWorker (SegmentedRaftLogWorker.java:run(313)) - s2@group-081C21A5937E-SegmentedRaftLogWorker was interrupted, exiting. There are 0 tasks remaining in the queue.
2019-09-24 12:02:00,619 INFO  impl.StateMachineUpdater (StateMachineUpdater.java:stopAndJoin(136)) - s0@group-081C21A5937E-StateMachineUpdater: set stopIndex = 4
2019-09-24 12:02:00,620 INFO  impl.RaftServerImpl (ServerState.java:close(386)) - s0@group-081C21A5937E: closes. applyIndex: 4
2019-09-24 12:02:00,620 INFO  segmented.SegmentedRaftLogWorker (SegmentedRaftLogWorker.java:run(313)) - s0@group-081C21A5937E-SegmentedRaftLogWorker was interrupted, exiting. There are 0 tasks remaining in the queue.
2019-09-24 12:02:00,621 INFO  segmented.SegmentedRaftLogWorker (SegmentedRaftLogWorker.java:close(228)) - s2@group-081C21A5937E-SegmentedRaftLogWorker close()
2019-09-24 12:02:00,621 INFO  segmented.SegmentedRaftLogWorker (SegmentedRaftLogWorker.java:close(228)) - s1@group-081C21A5937E-SegmentedRaftLogWorker close()
2019-09-24 12:02:00,622 INFO  simulation.RequestHandler (RequestHandler.java:run(126)) - s2.clientHandler1 is interrupted by java.io.InterruptedIOException: 
2019-09-24 12:02:00,622 INFO  simulation.RequestHandler (RequestHandler.java:run(126)) - s1.clientHandler2 is interrupted by java.io.InterruptedIOException: 
2019-09-24 12:02:00,622 INFO  simulation.RequestHandler (RequestHandler.java:run(126)) - s1.clientHandler0 is interrupted by java.io.InterruptedIOException: 
2019-09-24 12:02:00,622 INFO  simulation.RequestHandler (RequestHandler.java:run(126)) - s1.clientHandler1 is interrupted by java.io.InterruptedIOException: 
2019-09-24 12:02:00,622 INFO  simulation.RequestHandler (RequestHandler.java:run(126)) - s2.clientHandler0 is interrupted by java.io.InterruptedIOException: 
2019-09-24 12:02:00,623 INFO  simulation.RequestHandler (RequestHandler.java:run(126)) - s1.serverHandler1 is interrupted by java.io.InterruptedIOException: 
2019-09-24 12:02:00,622 INFO  simulation.RequestHandler (RequestHandler.java:run(126)) - s2.clientHandler2 is interrupted by java.io.InterruptedIOException: 
2019-09-24 12:02:00,623 INFO  simulation.RequestHandler (RequestHandler.java:run(126)) - s1.serverHandler2 is interrupted by java.io.InterruptedIOException: 
2019-09-24 12:02:00,622 INFO  segmented.SegmentedRaftLogWorker (SegmentedRaftLogWorker.java:close(228)) - s0@group-081C21A5937E-SegmentedRaftLogWorker close()
2019-09-24 12:02:00,623 INFO  simulation.RequestHandler (RequestHandler.java:run(126)) - s2.serverHandler0 is interrupted by java.io.InterruptedIOException: 
2019-09-24 12:02:00,623 INFO  simulation.RequestHandler (RequestHandler.java:run(126)) - s2.serverHandler1 is interrupted by java.io.InterruptedIOException: 
2019-09-24 12:02:00,624 INFO  simulation.RequestHandler (RequestHandler.java:run(126)) - s0.clientHandler2 is interrupted by java.io.InterruptedIOException: 
2019-09-24 12:02:00,624 INFO  simulation.RequestHandler (RequestHandler.java:run(126)) - s0.clientHandler0 is interrupted by java.io.InterruptedIOException: 
2019-09-24 12:02:00,624 INFO  simulation.RequestHandler (RequestHandler.java:run(126)) - s0.clientHandler1 is interrupted by java.io.InterruptedIOException: 
2019-09-24 12:02:00,625 INFO  simulation.RequestHandler (RequestHandler.java:run(126)) - s0.serverHandler0 is interrupted by java.io.InterruptedIOException: 
2019-09-24 12:02:00,625 INFO  simulation.RequestHandler (RequestHandler.java:run(126)) - s0.serverHandler2 is interrupted by java.io.InterruptedIOException: 
2019-09-24 12:02:00,625 INFO  simulation.RequestHandler (RequestHandler.java:run(126)) - s0.serverHandler1 is interrupted by java.io.InterruptedIOException: 
2019-09-24 12:02:00,626 INFO  ratis.MiniRaftCluster (MiniRaftCluster.java:shutdown(722)) - MiniRaftClusterWithSimulatedRpc shutdown completed
]]></system-out>
  </testcase>
</testsuite>