<?xml version="1.0" encoding="UTF-8"?>
<testsuite xmlns:xsi="http://www.w3.org/2001/XMLSchema-instance" xsi:noNamespaceSchemaLocation="https://maven.apache.org/surefire/maven-surefire-plugin/xsd/surefire-test-report.xsd" name="org.apache.ratis.grpc.TestWatchRequestWithGrpc" time="40.843" tests="3" errors="1" skipped="0" failures="0">
  <properties>
    <property name="awt.toolkit" value="sun.awt.X11.XToolkit"/>
    <property name="file.encoding.pkg" value="sun.io"/>
    <property name="java.specification.version" value="1.8"/>
    <property name="sun.cpu.isalist" value=""/>
    <property name="sun.jnu.encoding" value="UTF-8"/>
    <property name="java.class.path" value="/workdir/ratis-test/target/test-classes:/workdir/ratis-test/target/classes:/workdir/ratis-common/target/classes:/home/user/.m2/repository/org/apache/ratis/ratis-thirdparty-misc/0.2.0/ratis-thirdparty-misc-0.2.0.jar:/workdir/ratis-proto/target/ratis-proto-0.5.0-SNAPSHOT.jar:/home/user/.m2/repository/org/slf4j/slf4j-log4j12/1.7.10/slf4j-log4j12-1.7.10.jar:/home/user/.m2/repository/log4j/log4j/1.2.17/log4j-1.2.17.jar:/workdir/ratis-common/target/test-classes:/workdir/ratis-client/target/classes:/workdir/ratis-server/target/classes:/workdir/ratis-metrics/target/classes:/home/user/.m2/repository/io/dropwizard/metrics/metrics-core/3.2.5/metrics-core-3.2.5.jar:/home/user/.m2/repository/com/github/joshelser/dropwizard-metrics-hadoop-metrics2-reporter/0.1.2/dropwizard-metrics-hadoop-metrics2-reporter-0.1.2.jar:/home/user/.m2/repository/org/apache/hadoop/hadoop-common/2.6.0/hadoop-common-2.6.0.jar:/home/user/.m2/repository/org/apache/hadoop/hadoop-annotations/2.6.0/hadoop-annotations-2.6.0.jar:/usr/lib/jvm/java-1.8-openjdk/jre/../lib/tools.jar:/home/user/.m2/repository/com/google/guava/guava/11.0.2/guava-11.0.2.jar:/home/user/.m2/repository/commons-cli/commons-cli/1.2/commons-cli-1.2.jar:/home/user/.m2/repository/org/apache/commons/commons-math3/3.1.1/commons-math3-3.1.1.jar:/home/user/.m2/repository/xmlenc/xmlenc/0.52/xmlenc-0.52.jar:/home/user/.m2/repository/commons-httpclient/commons-httpclient/3.1/commons-httpclient-3.1.jar:/home/user/.m2/repository/commons-codec/commons-codec/1.4/commons-codec-1.4.jar:/home/user/.m2/repository/commons-io/commons-io/2.4/commons-io-2.4.jar:/home/user/.m2/repository/commons-net/commons-net/3.1/commons-net-3.1.jar:/home/user/.m2/repository/commons-collections/commons-collections/3.2.1/commons-collections-3.2.1.jar:/home/user/.m2/repository/javax/servlet/servlet-api/2.5/servlet-api-2.5.jar:/home/user/.m2/repository/org/mortbay/jetty/jetty/6.1.26/jetty-6.1.26.jar:/home/user/.m2/repository/org/mortbay/jetty/jetty-util/6.1.26/jetty-util-6.1.26.jar:/home/user/.m2/repository/com/sun/jersey/jersey-core/1.9/jersey-core-1.9.jar:/home/user/.m2/repository/com/sun/jersey/jersey-json/1.9/jersey-json-1.9.jar:/home/user/.m2/repository/org/codehaus/jettison/jettison/1.1/jettison-1.1.jar:/home/user/.m2/repository/com/sun/xml/bind/jaxb-impl/2.2.3-1/jaxb-impl-2.2.3-1.jar:/home/user/.m2/repository/javax/xml/bind/jaxb-api/2.2.2/jaxb-api-2.2.2.jar:/home/user/.m2/repository/javax/xml/stream/stax-api/1.0-2/stax-api-1.0-2.jar:/home/user/.m2/repository/javax/activation/activation/1.1/activation-1.1.jar:/home/user/.m2/repository/org/codehaus/jackson/jackson-jaxrs/1.8.3/jackson-jaxrs-1.8.3.jar:/home/user/.m2/repository/org/codehaus/jackson/jackson-xc/1.8.3/jackson-xc-1.8.3.jar:/home/user/.m2/repository/com/sun/jersey/jersey-server/1.9/jersey-server-1.9.jar:/home/user/.m2/repository/asm/asm/3.1/asm-3.1.jar:/home/user/.m2/repository/tomcat/jasper-compiler/5.5.23/jasper-compiler-5.5.23.jar:/home/user/.m2/repository/tomcat/jasper-runtime/5.5.23/jasper-runtime-5.5.23.jar:/home/user/.m2/repository/javax/servlet/jsp/jsp-api/2.1/jsp-api-2.1.jar:/home/user/.m2/repository/commons-el/commons-el/1.0/commons-el-1.0.jar:/home/user/.m2/repository/commons-logging/commons-logging/1.1.3/commons-logging-1.1.3.jar:/home/user/.m2/repository/net/java/dev/jets3t/jets3t/0.9.0/jets3t-0.9.0.jar:/home/user/.m2/repository/org/apache/httpcomponents/httpclient/4.1.2/httpclient-4.1.2.jar:/home/user/.m2/repository/org/apache/httpcomponents/httpcore/4.1.2/httpcore-4.1.2.jar:/home/user/.m2/repository/com/jamesmurty/utils/java-xmlbuilder/0.4/java-xmlbuilder-0.4.jar:/home/user/.m2/repository/commons-lang/commons-lang/2.6/commons-lang-2.6.jar:/home/user/.m2/repository/commons-configuration/commons-configuration/1.6/commons-configuration-1.6.jar:/home/user/.m2/repository/commons-digester/commons-digester/1.8/commons-digester-1.8.jar:/home/user/.m2/repository/commons-beanutils/commons-beanutils/1.7.0/commons-beanutils-1.7.0.jar:/home/user/.m2/repository/commons-beanutils/commons-beanutils-core/1.8.0/commons-beanutils-core-1.8.0.jar:/home/user/.m2/repository/org/codehaus/jackson/jackson-core-asl/1.9.13/jackson-core-asl-1.9.13.jar:/home/user/.m2/repository/org/codehaus/jackson/jackson-mapper-asl/1.9.13/jackson-mapper-asl-1.9.13.jar:/home/user/.m2/repository/org/apache/avro/avro/1.7.4/avro-1.7.4.jar:/home/user/.m2/repository/com/thoughtworks/paranamer/paranamer/2.3/paranamer-2.3.jar:/home/user/.m2/repository/org/xerial/snappy/snappy-java/1.0.4.1/snappy-java-1.0.4.1.jar:/home/user/.m2/repository/com/google/protobuf/protobuf-java/2.5.0/protobuf-java-2.5.0.jar:/home/user/.m2/repository/com/google/code/gson/gson/2.2.4/gson-2.2.4.jar:/home/user/.m2/repository/org/apache/hadoop/hadoop-auth/2.6.0/hadoop-auth-2.6.0.jar:/home/user/.m2/repository/org/apache/directory/server/apacheds-kerberos-codec/2.0.0-M15/apacheds-kerberos-codec-2.0.0-M15.jar:/home/user/.m2/repository/org/apache/directory/server/apacheds-i18n/2.0.0-M15/apacheds-i18n-2.0.0-M15.jar:/home/user/.m2/repository/org/apache/directory/api/api-asn1-api/1.0.0-M20/api-asn1-api-1.0.0-M20.jar:/home/user/.m2/repository/org/apache/directory/api/api-util/1.0.0-M20/api-util-1.0.0-M20.jar:/home/user/.m2/repository/org/apache/curator/curator-framework/2.6.0/curator-framework-2.6.0.jar:/home/user/.m2/repository/com/jcraft/jsch/0.1.42/jsch-0.1.42.jar:/home/user/.m2/repository/org/apache/curator/curator-client/2.6.0/curator-client-2.6.0.jar:/home/user/.m2/repository/org/apache/curator/curator-recipes/2.6.0/curator-recipes-2.6.0.jar:/home/user/.m2/repository/com/google/code/findbugs/jsr305/1.3.9/jsr305-1.3.9.jar:/home/user/.m2/repository/org/htrace/htrace-core/3.0.4/htrace-core-3.0.4.jar:/home/user/.m2/repository/org/apache/zookeeper/zookeeper/3.4.6/zookeeper-3.4.6.jar:/home/user/.m2/repository/io/netty/netty/3.7.0.Final/netty-3.7.0.Final.jar:/home/user/.m2/repository/org/apache/commons/commons-compress/1.4.1/commons-compress-1.4.1.jar:/home/user/.m2/repository/org/tukaani/xz/1.0/xz-1.0.jar:/home/user/.m2/repository/io/dropwizard/metrics/metrics-jvm/3.2.5/metrics-jvm-3.2.5.jar:/home/user/.m2/repository/io/dropwizard/metrics/metrics-ganglia/3.2.5/metrics-ganglia-3.2.5.jar:/home/user/.m2/repository/info/ganglia/gmetric4j/gmetric4j/1.0.7/gmetric4j-1.0.7.jar:/workdir/ratis-server/target/test-classes:/workdir/ratis-netty/target/classes:/workdir/ratis-netty/target/test-classes:/workdir/ratis-grpc/target/classes:/workdir/ratis-grpc/target/test-classes:/home/user/.m2/repository/org/slf4j/slf4j-api/1.7.10/slf4j-api-1.7.10.jar:/home/user/.m2/repository/junit/junit/4.12/junit-4.12.jar:/home/user/.m2/repository/org/hamcrest/hamcrest-core/1.3/hamcrest-core-1.3.jar:/home/user/.m2/repository/org/mockito/mockito-all/1.8.5/mockito-all-1.8.5.jar:"/>
    <property name="java.vm.vendor" value="IcedTea"/>
    <property name="sun.arch.data.model" value="64"/>
    <property name="java.vendor.url" value="https://icedtea.classpath.org"/>
    <property name="user.timezone" value=""/>
    <property name="java.vm.specification.version" value="1.8"/>
    <property name="os.name" value="Linux"/>
    <property name="user.country" value="US"/>
    <property name="sun.java.launcher" value="SUN_STANDARD"/>
    <property name="sun.boot.library.path" value="/usr/lib/jvm/java-1.8-openjdk/jre/lib/amd64"/>
    <property name="sun.java.command" value="/workdir/ratis-test/target/surefire/surefirebooter6864473202474071370.jar /workdir/ratis-test/target/surefire 2019-09-24T11-55-26_108-jvmRun1 surefire8927825475313000917tmp surefire_514138397250436688162tmp"/>
    <property name="surefire.test.class.path" value="/workdir/ratis-test/target/test-classes:/workdir/ratis-test/target/classes:/workdir/ratis-common/target/classes:/home/user/.m2/repository/org/apache/ratis/ratis-thirdparty-misc/0.2.0/ratis-thirdparty-misc-0.2.0.jar:/workdir/ratis-proto/target/ratis-proto-0.5.0-SNAPSHOT.jar:/home/user/.m2/repository/org/slf4j/slf4j-log4j12/1.7.10/slf4j-log4j12-1.7.10.jar:/home/user/.m2/repository/log4j/log4j/1.2.17/log4j-1.2.17.jar:/workdir/ratis-common/target/test-classes:/workdir/ratis-client/target/classes:/workdir/ratis-server/target/classes:/workdir/ratis-metrics/target/classes:/home/user/.m2/repository/io/dropwizard/metrics/metrics-core/3.2.5/metrics-core-3.2.5.jar:/home/user/.m2/repository/com/github/joshelser/dropwizard-metrics-hadoop-metrics2-reporter/0.1.2/dropwizard-metrics-hadoop-metrics2-reporter-0.1.2.jar:/home/user/.m2/repository/org/apache/hadoop/hadoop-common/2.6.0/hadoop-common-2.6.0.jar:/home/user/.m2/repository/org/apache/hadoop/hadoop-annotations/2.6.0/hadoop-annotations-2.6.0.jar:/usr/lib/jvm/java-1.8-openjdk/jre/../lib/tools.jar:/home/user/.m2/repository/com/google/guava/guava/11.0.2/guava-11.0.2.jar:/home/user/.m2/repository/commons-cli/commons-cli/1.2/commons-cli-1.2.jar:/home/user/.m2/repository/org/apache/commons/commons-math3/3.1.1/commons-math3-3.1.1.jar:/home/user/.m2/repository/xmlenc/xmlenc/0.52/xmlenc-0.52.jar:/home/user/.m2/repository/commons-httpclient/commons-httpclient/3.1/commons-httpclient-3.1.jar:/home/user/.m2/repository/commons-codec/commons-codec/1.4/commons-codec-1.4.jar:/home/user/.m2/repository/commons-io/commons-io/2.4/commons-io-2.4.jar:/home/user/.m2/repository/commons-net/commons-net/3.1/commons-net-3.1.jar:/home/user/.m2/repository/commons-collections/commons-collections/3.2.1/commons-collections-3.2.1.jar:/home/user/.m2/repository/javax/servlet/servlet-api/2.5/servlet-api-2.5.jar:/home/user/.m2/repository/org/mortbay/jetty/jetty/6.1.26/jetty-6.1.26.jar:/home/user/.m2/repository/org/mortbay/jetty/jetty-util/6.1.26/jetty-util-6.1.26.jar:/home/user/.m2/repository/com/sun/jersey/jersey-core/1.9/jersey-core-1.9.jar:/home/user/.m2/repository/com/sun/jersey/jersey-json/1.9/jersey-json-1.9.jar:/home/user/.m2/repository/org/codehaus/jettison/jettison/1.1/jettison-1.1.jar:/home/user/.m2/repository/com/sun/xml/bind/jaxb-impl/2.2.3-1/jaxb-impl-2.2.3-1.jar:/home/user/.m2/repository/javax/xml/bind/jaxb-api/2.2.2/jaxb-api-2.2.2.jar:/home/user/.m2/repository/javax/xml/stream/stax-api/1.0-2/stax-api-1.0-2.jar:/home/user/.m2/repository/javax/activation/activation/1.1/activation-1.1.jar:/home/user/.m2/repository/org/codehaus/jackson/jackson-jaxrs/1.8.3/jackson-jaxrs-1.8.3.jar:/home/user/.m2/repository/org/codehaus/jackson/jackson-xc/1.8.3/jackson-xc-1.8.3.jar:/home/user/.m2/repository/com/sun/jersey/jersey-server/1.9/jersey-server-1.9.jar:/home/user/.m2/repository/asm/asm/3.1/asm-3.1.jar:/home/user/.m2/repository/tomcat/jasper-compiler/5.5.23/jasper-compiler-5.5.23.jar:/home/user/.m2/repository/tomcat/jasper-runtime/5.5.23/jasper-runtime-5.5.23.jar:/home/user/.m2/repository/javax/servlet/jsp/jsp-api/2.1/jsp-api-2.1.jar:/home/user/.m2/repository/commons-el/commons-el/1.0/commons-el-1.0.jar:/home/user/.m2/repository/commons-logging/commons-logging/1.1.3/commons-logging-1.1.3.jar:/home/user/.m2/repository/net/java/dev/jets3t/jets3t/0.9.0/jets3t-0.9.0.jar:/home/user/.m2/repository/org/apache/httpcomponents/httpclient/4.1.2/httpclient-4.1.2.jar:/home/user/.m2/repository/org/apache/httpcomponents/httpcore/4.1.2/httpcore-4.1.2.jar:/home/user/.m2/repository/com/jamesmurty/utils/java-xmlbuilder/0.4/java-xmlbuilder-0.4.jar:/home/user/.m2/repository/commons-lang/commons-lang/2.6/commons-lang-2.6.jar:/home/user/.m2/repository/commons-configuration/commons-configuration/1.6/commons-configuration-1.6.jar:/home/user/.m2/repository/commons-digester/commons-digester/1.8/commons-digester-1.8.jar:/home/user/.m2/repository/commons-beanutils/commons-beanutils/1.7.0/commons-beanutils-1.7.0.jar:/home/user/.m2/repository/commons-beanutils/commons-beanutils-core/1.8.0/commons-beanutils-core-1.8.0.jar:/home/user/.m2/repository/org/codehaus/jackson/jackson-core-asl/1.9.13/jackson-core-asl-1.9.13.jar:/home/user/.m2/repository/org/codehaus/jackson/jackson-mapper-asl/1.9.13/jackson-mapper-asl-1.9.13.jar:/home/user/.m2/repository/org/apache/avro/avro/1.7.4/avro-1.7.4.jar:/home/user/.m2/repository/com/thoughtworks/paranamer/paranamer/2.3/paranamer-2.3.jar:/home/user/.m2/repository/org/xerial/snappy/snappy-java/1.0.4.1/snappy-java-1.0.4.1.jar:/home/user/.m2/repository/com/google/protobuf/protobuf-java/2.5.0/protobuf-java-2.5.0.jar:/home/user/.m2/repository/com/google/code/gson/gson/2.2.4/gson-2.2.4.jar:/home/user/.m2/repository/org/apache/hadoop/hadoop-auth/2.6.0/hadoop-auth-2.6.0.jar:/home/user/.m2/repository/org/apache/directory/server/apacheds-kerberos-codec/2.0.0-M15/apacheds-kerberos-codec-2.0.0-M15.jar:/home/user/.m2/repository/org/apache/directory/server/apacheds-i18n/2.0.0-M15/apacheds-i18n-2.0.0-M15.jar:/home/user/.m2/repository/org/apache/directory/api/api-asn1-api/1.0.0-M20/api-asn1-api-1.0.0-M20.jar:/home/user/.m2/repository/org/apache/directory/api/api-util/1.0.0-M20/api-util-1.0.0-M20.jar:/home/user/.m2/repository/org/apache/curator/curator-framework/2.6.0/curator-framework-2.6.0.jar:/home/user/.m2/repository/com/jcraft/jsch/0.1.42/jsch-0.1.42.jar:/home/user/.m2/repository/org/apache/curator/curator-client/2.6.0/curator-client-2.6.0.jar:/home/user/.m2/repository/org/apache/curator/curator-recipes/2.6.0/curator-recipes-2.6.0.jar:/home/user/.m2/repository/com/google/code/findbugs/jsr305/1.3.9/jsr305-1.3.9.jar:/home/user/.m2/repository/org/htrace/htrace-core/3.0.4/htrace-core-3.0.4.jar:/home/user/.m2/repository/org/apache/zookeeper/zookeeper/3.4.6/zookeeper-3.4.6.jar:/home/user/.m2/repository/io/netty/netty/3.7.0.Final/netty-3.7.0.Final.jar:/home/user/.m2/repository/org/apache/commons/commons-compress/1.4.1/commons-compress-1.4.1.jar:/home/user/.m2/repository/org/tukaani/xz/1.0/xz-1.0.jar:/home/user/.m2/repository/io/dropwizard/metrics/metrics-jvm/3.2.5/metrics-jvm-3.2.5.jar:/home/user/.m2/repository/io/dropwizard/metrics/metrics-ganglia/3.2.5/metrics-ganglia-3.2.5.jar:/home/user/.m2/repository/info/ganglia/gmetric4j/gmetric4j/1.0.7/gmetric4j-1.0.7.jar:/workdir/ratis-server/target/test-classes:/workdir/ratis-netty/target/classes:/workdir/ratis-netty/target/test-classes:/workdir/ratis-grpc/target/classes:/workdir/ratis-grpc/target/test-classes:/home/user/.m2/repository/org/slf4j/slf4j-api/1.7.10/slf4j-api-1.7.10.jar:/home/user/.m2/repository/junit/junit/4.12/junit-4.12.jar:/home/user/.m2/repository/org/hamcrest/hamcrest-core/1.3/hamcrest-core-1.3.jar:/home/user/.m2/repository/org/mockito/mockito-all/1.8.5/mockito-all-1.8.5.jar:"/>
    <property name="sun.cpu.endian" value="little"/>
    <property name="user.home" value="/home/user"/>
    <property name="user.language" value="en"/>
    <property name="java.specification.vendor" value="Oracle Corporation"/>
    <property name="java.home" value="/usr/lib/jvm/java-1.8-openjdk/jre"/>
    <property name="basedir" value="/workdir/ratis-test"/>
    <property name="file.separator" value="/"/>
    <property name="line.separator" value="&#10;"/>
    <property name="java.vm.specification.vendor" value="Oracle Corporation"/>
    <property name="java.specification.name" value="Java Platform API Specification"/>
    <property name="java.awt.graphicsenv" value="sun.awt.X11GraphicsEnvironment"/>
    <property name="surefire.real.class.path" value="/workdir/ratis-test/target/surefire/surefirebooter6864473202474071370.jar"/>
    <property name="sun.boot.class.path" value="/usr/lib/jvm/java-1.8-openjdk/jre/lib/resources.jar:/usr/lib/jvm/java-1.8-openjdk/jre/lib/rt.jar:/usr/lib/jvm/java-1.8-openjdk/jre/lib/sunrsasign.jar:/usr/lib/jvm/java-1.8-openjdk/jre/lib/jsse.jar:/usr/lib/jvm/java-1.8-openjdk/jre/lib/jce.jar:/usr/lib/jvm/java-1.8-openjdk/jre/lib/charsets.jar:/usr/lib/jvm/java-1.8-openjdk/jre/lib/jfr.jar:/usr/lib/jvm/java-1.8-openjdk/jre/classes"/>
    <property name="sun.management.compiler" value="HotSpot 64-Bit Tiered Compilers"/>
    <property name="java.runtime.version" value="1.8.0_212-b04"/>
    <property name="java.net.preferIPv4Stack" value="true"/>
    <property name="user.name" value="jenkins1000"/>
    <property name="path.separator" value=":"/>
    <property name="os.version" value="3.10.0-957.12.2.el7.x86_64"/>
    <property name="java.endorsed.dirs" value="/usr/lib/jvm/java-1.8-openjdk/jre/lib/endorsed"/>
    <property name="java.runtime.name" value="OpenJDK Runtime Environment"/>
    <property name="file.encoding" value="UTF-8"/>
    <property name="java.vm.name" value="OpenJDK 64-Bit Server VM"/>
    <property name="localRepository" value="/home/user/.m2/repository"/>
    <property name="java.vendor.url.bug" value="https://icedtea.classpath.org/bugzilla"/>
    <property name="java.io.tmpdir" value="/tmp"/>
    <property name="java.version" value="1.8.0_212"/>
    <property name="user.dir" value="/workdir/ratis-test"/>
    <property name="os.arch" value="amd64"/>
    <property name="ratis.tmp.dir" value="/workdir/ratis-test/target/tmp"/>
    <property name="java.vm.specification.name" value="Java Virtual Machine Specification"/>
    <property name="java.awt.printerjob" value="sun.print.PSPrinterJob"/>
    <property name="ratis.log.dir" value="/workdir/ratis-test/target/log"/>
    <property name="sun.os.patch.level" value="unknown"/>
    <property name="java.library.path" value="/usr/lib/jvm/java-1.8-openjdk/jre/lib/amd64/server:/usr/lib/jvm/java-1.8-openjdk/jre/lib/amd64:/usr/lib/jvm/java-1.8-openjdk/jre/../lib/amd64:/usr/java/packages/lib/amd64:/usr/lib64:/lib64:/lib:/usr/lib"/>
    <property name="java.vm.info" value="mixed mode"/>
    <property name="java.vendor" value="IcedTea"/>
    <property name="java.vm.version" value="25.212-b04"/>
    <property name="java.ext.dirs" value="/usr/lib/jvm/java-1.8-openjdk/jre/lib/ext:/usr/java/packages/lib/ext"/>
    <property name="sun.io.unicode.encoding" value="UnicodeLittle"/>
    <property name="java.class.version" value="52.0"/>
  </properties>
  <testcase name="testWatchRequestAsyncChangeLeader" classname="org.apache.ratis.grpc.TestWatchRequestWithGrpc" time="26.824"/>
  <testcase name="testWatchRequestAsync" classname="org.apache.ratis.grpc.TestWatchRequestWithGrpc" time="11.336"/>
  <testcase name="testWatchRequestTimeout" classname="org.apache.ratis.grpc.TestWatchRequestWithGrpc" time="2.498">
    <error type="java.lang.NullPointerException">java.lang.NullPointerException
</error>
    <system-out><![CDATA[2019-09-24 12:11:23,084 INFO  util.LogUtils (LogUtils.java:setLogLevel(41)) - Set org.apache.ratis.conf.ConfUtils log level to WARN
2019-09-24 12:11:23,084 INFO  util.LogUtils (LogUtils.java:setLogLevel(41)) - Set org.apache.ratis.util.FileUtils log level to TRACE
2019-09-24 12:11:23,085 INFO  util.LogUtils (LogUtils.java:setLogLevel(41)) - Set org.apache.ratis.server.impl.WatchRequests log level to DEBUG
2019-09-24 12:11:23,085 INFO  util.LogUtils (LogUtils.java:setLogLevel(41)) - Set org.apache.ratis.server.impl.RaftServerImpl log level to DEBUG
2019-09-24 12:11:23,085 INFO  util.LogUtils (LogUtils.java:setLogLevel(41)) - Set org.apache.ratis.grpc.client.GrpcClientProtocolService log level to ALL
2019-09-24 12:11:23,085 INFO  util.LogUtils (LogUtils.java:setLogLevel(41)) - Set org.apache.ratis.grpc.client.GrpcClientRpc log level to ALL
2019-09-24 12:11:23,085 INFO  util.LogUtils (LogUtils.java:setLogLevel(41)) - Set org.apache.ratis.client.impl.UnorderedAsync log level to ALL
2019-09-24 12:11:23,085 INFO  util.LogUtils (LogUtils.java:setLogLevel(41)) - Set org.apache.ratis.client.RaftClient log level to ALL
2019-09-24 12:11:23,088 INFO  ratis.MiniRaftCluster (MiniRaftCluster.java:runWithNewCluster(119)) - Running runWithNewCluster
2019-09-24 12:11:23,089 INFO  ratis.MiniRaftCluster (MiniRaftCluster.java:<init>(253)) - new MiniRaftClusterWithGrpc with group-6E85041A3092:[s0:0.0.0.0:46774, s1:0.0.0.0:44201, s2:0.0.0.0:41281]
2019-09-24 12:11:23,089 INFO  ratis.MiniRaftCluster (MiniRaftCluster.java:start(287)) - .............................................................. 
2019-09-24 12:11:23,089 INFO  ratis.MiniRaftCluster (MiniRaftCluster.java:start(288)) - ... 
2019-09-24 12:11:23,090 INFO  ratis.MiniRaftCluster (MiniRaftCluster.java:start(289)) - ...     Starting MiniRaftClusterWithGrpc
2019-09-24 12:11:23,090 INFO  ratis.MiniRaftCluster (MiniRaftCluster.java:start(290)) - ... 
2019-09-24 12:11:23,090 INFO  ratis.MiniRaftCluster (MiniRaftCluster.java:start(291)) - .............................................................. 
2019-09-24 12:11:23,090 INFO  ratis.MiniRaftCluster (MiniRaftCluster.java:initServers(265)) - servers = {}
2019-09-24 12:11:23,090 INFO  ratis.MiniRaftCluster (MiniRaftCluster.java:newRaftServer(330)) - newRaftServer: s0, group-6E85041A3092:[s0:0.0.0.0:46774, s1:0.0.0.0:44201, s2:0.0.0.0:41281], format? true
2019-09-24 12:11:23,090 TRACE util.FileUtils (FileUtils.java:deleteFully(88)) - deleteFully target/test/data/243c0a4/MiniRaftClusterWithGrpc5a11f783/s0
2019-09-24 12:11:23,091 TRACE util.FileUtils (FileUtils.java:deleteFully(104)) - deleteFully: target/test/data/243c0a4/MiniRaftClusterWithGrpc5a11f783/s0 does not exist.
2019-09-24 12:11:23,091 INFO  ratis.MiniRaftCluster (MiniRaftCluster.java:newRaftServer(335)) - Formatted directory target/test/data/243c0a4/MiniRaftClusterWithGrpc5a11f783/s0
2019-09-24 12:11:23,092 INFO  impl.RaftServerProxy (ConfUtils.java:logGet(43)) - raft.rpc.type = GRPC (default)
2019-09-24 12:11:23,092 INFO  grpc.GrpcFactory (GrpcFactory.java:checkPooledByteBufAllocatorUseCacheForAllThreads(45)) - PERFORMANCE WARNING: useCacheForAllThreads is true that may cause Netty to create a lot garbage objects and, as a result, trigger GC.
	It is recommended to disable useCacheForAllThreads by setting -Dorg.apache.ratis.thirdparty.io.netty.allocator.useCacheForAllThreads=false in command line.
2019-09-24 12:11:23,092 INFO  grpc.GrpcConfigKeys$Server (ConfUtils.java:logGet(43)) - raft.grpc.server.port = 46774 (custom)
2019-09-24 12:11:23,092 INFO  server.GrpcService (ConfUtils.java:logGet(43)) - raft.grpc.message.size.max = 64MB (=67108864) (default)
2019-09-24 12:11:23,093 INFO  server.RaftServerConfigKeys (ConfUtils.java:logGet(43)) - raft.server.log.appender.buffer.byte-limit = 4MB (=4194304) (default)
2019-09-24 12:11:23,093 INFO  server.GrpcService (ConfUtils.java:logGet(43)) - raft.grpc.flow.control.window = 1MB (=1048576) (default)
2019-09-24 12:11:23,093 INFO  server.RaftServerConfigKeys (ConfUtils.java:logGet(43)) - raft.server.rpc.request.timeout = 3000ms (default)
2019-09-24 12:11:23,094 INFO  server.RaftServerConfigKeys (ConfUtils.java:logGet(43)) - raft.server.storage.dir = [/workdir/ratis-test/target/test/data/243c0a4/MiniRaftClusterWithGrpc5a11f783/s0] (custom)
2019-09-24 12:11:23,095 INFO  impl.RaftServerProxy (RaftServerProxy.java:addNew(89)) - s0: addNew group-6E85041A3092:[s0:0.0.0.0:46774, s1:0.0.0.0:44201, s2:0.0.0.0:41281] returns group-6E85041A3092:java.util.concurrent.CompletableFuture@1e27d9d4[Not completed]
2019-09-24 12:11:23,095 INFO  ratis.MiniRaftCluster (MiniRaftCluster.java:newRaftServer(330)) - newRaftServer: s1, group-6E85041A3092:[s0:0.0.0.0:46774, s1:0.0.0.0:44201, s2:0.0.0.0:41281], format? true
2019-09-24 12:11:23,095 INFO  server.RaftServerConfigKeys (ConfUtils.java:logGet(43)) - raft.server.log.segment.size.max = 8MB (=8388608) (default)
2019-09-24 12:11:23,095 TRACE util.FileUtils (FileUtils.java:deleteFully(88)) - deleteFully target/test/data/243c0a4/MiniRaftClusterWithGrpc5a11f783/s1
2019-09-24 12:11:23,096 INFO  server.RaftServerConfigKeys (ConfUtils.java:logGet(43)) - raft.server.log.preallocated.size = 4MB (=4194304) (default)
2019-09-24 12:11:23,096 TRACE util.FileUtils (FileUtils.java:deleteFully(104)) - deleteFully: target/test/data/243c0a4/MiniRaftClusterWithGrpc5a11f783/s1 does not exist.
2019-09-24 12:11:23,096 INFO  server.RaftServerConfigKeys (ConfUtils.java:logGet(43)) - raft.server.log.write.buffer.size = 64KB (=65536) (default)
2019-09-24 12:11:23,096 INFO  ratis.MiniRaftCluster (MiniRaftCluster.java:newRaftServer(335)) - Formatted directory target/test/data/243c0a4/MiniRaftClusterWithGrpc5a11f783/s1
2019-09-24 12:11:23,096 INFO  impl.RaftServerImpl (RaftServerImpl.java:<init>(95)) - s0: new RaftServerImpl for group-6E85041A3092:[s0:0.0.0.0:46774, s1:0.0.0.0:44201, s2:0.0.0.0:41281] with SimpleStateMachine4Testing:uninitialized
2019-09-24 12:11:23,097 INFO  server.RaftServerConfigKeys (ConfUtils.java:logGet(43)) - raft.server.rpc.timeout.min = 150ms (default)
2019-09-24 12:11:23,097 INFO  impl.RaftServerProxy (ConfUtils.java:logGet(43)) - raft.rpc.type = GRPC (default)
2019-09-24 12:11:23,097 INFO  server.RaftServerConfigKeys (ConfUtils.java:logGet(43)) - raft.server.rpc.timeout.max = 300ms (default)
2019-09-24 12:11:23,097 INFO  grpc.GrpcFactory (GrpcFactory.java:checkPooledByteBufAllocatorUseCacheForAllThreads(45)) - PERFORMANCE WARNING: useCacheForAllThreads is true that may cause Netty to create a lot garbage objects and, as a result, trigger GC.
	It is recommended to disable useCacheForAllThreads by setting -Dorg.apache.ratis.thirdparty.io.netty.allocator.useCacheForAllThreads=false in command line.
2019-09-24 12:11:23,097 INFO  server.RaftServerConfigKeys (ConfUtils.java:logGet(43)) - raft.server.rpcslowness.timeout = 60s (default)
2019-09-24 12:11:23,098 INFO  grpc.GrpcConfigKeys$Server (ConfUtils.java:logGet(43)) - raft.grpc.server.port = 44201 (custom)
2019-09-24 12:11:23,098 INFO  server.RaftServerConfigKeys (ConfUtils.java:logGet(43)) - raft.server.sleep.deviation.threshold = 300 (default)
2019-09-24 12:11:23,098 INFO  server.GrpcService (ConfUtils.java:logGet(43)) - raft.grpc.message.size.max = 64MB (=67108864) (default)
2019-09-24 12:11:23,098 INFO  server.RaftServerConfigKeys (ConfUtils.java:logGet(43)) - raft.server.log.appender.install.snapshot.enabled = true (default)
2019-09-24 12:11:23,098 INFO  server.RaftServerConfigKeys (ConfUtils.java:logGet(43)) - raft.server.log.appender.buffer.byte-limit = 4MB (=4194304) (default)
2019-09-24 12:11:23,098 INFO  impl.RaftServerImpl (ServerState.java:<init>(103)) - s0@group-6E85041A3092: ConfigurationManager, init=-1: [s0:0.0.0.0:46774, s1:0.0.0.0:44201, s2:0.0.0.0:41281], old=null, confs=<EMPTY_MAP>
2019-09-24 12:11:23,098 INFO  server.GrpcService (ConfUtils.java:logGet(43)) - raft.grpc.flow.control.window = 1MB (=1048576) (default)
2019-09-24 12:11:23,099 INFO  server.RaftServerConfigKeys (ConfUtils.java:logGet(43)) - raft.server.storage.dir = [/workdir/ratis-test/target/test/data/243c0a4/MiniRaftClusterWithGrpc5a11f783/s0] (custom)
2019-09-24 12:11:23,099 INFO  server.RaftServerConfigKeys (ConfUtils.java:logGet(43)) - raft.server.rpc.request.timeout = 3000ms (default)
2019-09-24 12:11:23,099 INFO  server.RaftServerConfigKeys (ConfUtils.java:logGet(43)) - raft.server.log.corruption.policy = EXCEPTION (default)
2019-09-24 12:11:23,099 INFO  storage.RaftStorageDirectory (RaftStorageDirectory.java:analyzeStorage(246)) - The storage directory /workdir/ratis-test/target/test/data/243c0a4/MiniRaftClusterWithGrpc5a11f783/s0/74254950-177d-46d4-9134-6e85041a3092 does not exist. Creating ...
2019-09-24 12:11:23,099 INFO  server.RaftServerConfigKeys (ConfUtils.java:logGet(43)) - raft.server.storage.dir = [/workdir/ratis-test/target/test/data/243c0a4/MiniRaftClusterWithGrpc5a11f783/s1] (custom)
2019-09-24 12:11:23,100 INFO  impl.RaftServerProxy (RaftServerProxy.java:addNew(89)) - s1: addNew group-6E85041A3092:[s0:0.0.0.0:46774, s1:0.0.0.0:44201, s2:0.0.0.0:41281] returns group-6E85041A3092:java.util.concurrent.CompletableFuture@256a04b5[Not completed]
2019-09-24 12:11:23,100 INFO  server.RaftServerConfigKeys (ConfUtils.java:logGet(43)) - raft.server.log.segment.size.max = 8MB (=8388608) (default)
2019-09-24 12:11:23,100 TRACE util.FileUtils (LogUtils.java:runAndLog(61)) - Successfully ran Files.createDirectories /workdir/ratis-test/target/test/data/243c0a4/MiniRaftClusterWithGrpc5a11f783/s0/74254950-177d-46d4-9134-6e85041a3092
2019-09-24 12:11:23,100 INFO  ratis.MiniRaftCluster (MiniRaftCluster.java:newRaftServer(330)) - newRaftServer: s2, group-6E85041A3092:[s0:0.0.0.0:46774, s1:0.0.0.0:44201, s2:0.0.0.0:41281], format? true
2019-09-24 12:11:23,100 INFO  server.RaftServerConfigKeys (ConfUtils.java:logGet(43)) - raft.server.log.preallocated.size = 4MB (=4194304) (default)
2019-09-24 12:11:23,100 TRACE util.FileUtils (FileUtils.java:deleteFully(88)) - deleteFully target/test/data/243c0a4/MiniRaftClusterWithGrpc5a11f783/s2
2019-09-24 12:11:23,101 INFO  server.RaftServerConfigKeys (ConfUtils.java:logGet(43)) - raft.server.log.write.buffer.size = 64KB (=65536) (default)
2019-09-24 12:11:23,101 TRACE util.FileUtils (FileUtils.java:deleteFully(104)) - deleteFully: target/test/data/243c0a4/MiniRaftClusterWithGrpc5a11f783/s2 does not exist.
2019-09-24 12:11:23,101 INFO  impl.RaftServerImpl (RaftServerImpl.java:<init>(95)) - s1: new RaftServerImpl for group-6E85041A3092:[s0:0.0.0.0:46774, s1:0.0.0.0:44201, s2:0.0.0.0:41281] with SimpleStateMachine4Testing:uninitialized
2019-09-24 12:11:23,101 INFO  ratis.MiniRaftCluster (MiniRaftCluster.java:newRaftServer(335)) - Formatted directory target/test/data/243c0a4/MiniRaftClusterWithGrpc5a11f783/s2
2019-09-24 12:11:23,102 INFO  server.RaftServerConfigKeys (ConfUtils.java:logGet(43)) - raft.server.rpc.timeout.min = 150ms (default)
2019-09-24 12:11:23,102 INFO  impl.RaftServerProxy (ConfUtils.java:logGet(43)) - raft.rpc.type = GRPC (default)
2019-09-24 12:11:23,102 INFO  server.RaftServerConfigKeys (ConfUtils.java:logGet(43)) - raft.server.rpc.timeout.max = 300ms (default)
2019-09-24 12:11:23,102 INFO  grpc.GrpcFactory (GrpcFactory.java:checkPooledByteBufAllocatorUseCacheForAllThreads(45)) - PERFORMANCE WARNING: useCacheForAllThreads is true that may cause Netty to create a lot garbage objects and, as a result, trigger GC.
	It is recommended to disable useCacheForAllThreads by setting -Dorg.apache.ratis.thirdparty.io.netty.allocator.useCacheForAllThreads=false in command line.
2019-09-24 12:11:23,102 INFO  server.RaftServerConfigKeys (ConfUtils.java:logGet(43)) - raft.server.rpcslowness.timeout = 60s (default)
2019-09-24 12:11:23,102 INFO  grpc.GrpcConfigKeys$Server (ConfUtils.java:logGet(43)) - raft.grpc.server.port = 41281 (custom)
2019-09-24 12:11:23,102 INFO  server.RaftServerConfigKeys (ConfUtils.java:logGet(43)) - raft.server.sleep.deviation.threshold = 300 (default)
2019-09-24 12:11:23,103 INFO  server.GrpcService (ConfUtils.java:logGet(43)) - raft.grpc.message.size.max = 64MB (=67108864) (default)
2019-09-24 12:11:23,103 INFO  server.RaftServerConfigKeys (ConfUtils.java:logGet(43)) - raft.server.log.appender.install.snapshot.enabled = true (default)
2019-09-24 12:11:23,103 INFO  server.RaftServerConfigKeys (ConfUtils.java:logGet(43)) - raft.server.log.appender.buffer.byte-limit = 4MB (=4194304) (default)
2019-09-24 12:11:23,103 INFO  impl.RaftServerImpl (ServerState.java:<init>(103)) - s1@group-6E85041A3092: ConfigurationManager, init=-1: [s0:0.0.0.0:46774, s1:0.0.0.0:44201, s2:0.0.0.0:41281], old=null, confs=<EMPTY_MAP>
2019-09-24 12:11:23,103 INFO  server.GrpcService (ConfUtils.java:logGet(43)) - raft.grpc.flow.control.window = 1MB (=1048576) (default)
2019-09-24 12:11:23,103 INFO  server.RaftServerConfigKeys (ConfUtils.java:logGet(43)) - raft.server.storage.dir = [/workdir/ratis-test/target/test/data/243c0a4/MiniRaftClusterWithGrpc5a11f783/s1] (custom)
2019-09-24 12:11:23,103 INFO  server.RaftServerConfigKeys (ConfUtils.java:logGet(43)) - raft.server.rpc.request.timeout = 3000ms (default)
2019-09-24 12:11:23,104 INFO  server.RaftServerConfigKeys (ConfUtils.java:logGet(43)) - raft.server.log.corruption.policy = EXCEPTION (default)
2019-09-24 12:11:23,104 INFO  storage.RaftStorageDirectory (RaftStorageDirectory.java:analyzeStorage(246)) - The storage directory /workdir/ratis-test/target/test/data/243c0a4/MiniRaftClusterWithGrpc5a11f783/s1/74254950-177d-46d4-9134-6e85041a3092 does not exist. Creating ...
2019-09-24 12:11:23,104 INFO  server.RaftServerConfigKeys (ConfUtils.java:logGet(43)) - raft.server.storage.dir = [/workdir/ratis-test/target/test/data/243c0a4/MiniRaftClusterWithGrpc5a11f783/s2] (custom)
2019-09-24 12:11:23,104 INFO  impl.RaftServerProxy (RaftServerProxy.java:addNew(89)) - s2: addNew group-6E85041A3092:[s0:0.0.0.0:46774, s1:0.0.0.0:44201, s2:0.0.0.0:41281] returns group-6E85041A3092:java.util.concurrent.CompletableFuture@667e293e[Not completed]
2019-09-24 12:11:23,104 TRACE util.FileUtils (LogUtils.java:runAndLog(61)) - Successfully ran Files.createDirectories /workdir/ratis-test/target/test/data/243c0a4/MiniRaftClusterWithGrpc5a11f783/s1/74254950-177d-46d4-9134-6e85041a3092
2019-09-24 12:11:23,105 INFO  server.RaftServerConfigKeys (ConfUtils.java:logGet(43)) - raft.server.log.segment.size.max = 8MB (=8388608) (default)
2019-09-24 12:11:23,105 INFO  server.RaftServerConfigKeys (ConfUtils.java:logGet(43)) - raft.server.log.preallocated.size = 4MB (=4194304) (default)
2019-09-24 12:11:23,105 INFO  server.RaftServerConfigKeys (ConfUtils.java:logGet(43)) - raft.server.log.write.buffer.size = 64KB (=65536) (default)
2019-09-24 12:11:23,105 INFO  impl.RaftServerImpl (RaftServerImpl.java:<init>(95)) - s2: new RaftServerImpl for group-6E85041A3092:[s0:0.0.0.0:46774, s1:0.0.0.0:44201, s2:0.0.0.0:41281] with SimpleStateMachine4Testing:uninitialized
2019-09-24 12:11:23,106 INFO  server.RaftServerConfigKeys (ConfUtils.java:logGet(43)) - raft.server.rpc.timeout.min = 150ms (default)
2019-09-24 12:11:23,106 INFO  server.RaftServerConfigKeys (ConfUtils.java:logGet(43)) - raft.server.rpc.timeout.max = 300ms (default)
2019-09-24 12:11:23,106 INFO  server.RaftServerConfigKeys (ConfUtils.java:logGet(43)) - raft.server.rpcslowness.timeout = 60s (default)
2019-09-24 12:11:23,106 INFO  server.RaftServerConfigKeys (ConfUtils.java:logGet(43)) - raft.server.sleep.deviation.threshold = 300 (default)
2019-09-24 12:11:23,106 INFO  server.RaftServerConfigKeys (ConfUtils.java:logGet(43)) - raft.server.log.appender.install.snapshot.enabled = true (default)
2019-09-24 12:11:23,106 INFO  impl.RaftServerImpl (ServerState.java:<init>(103)) - s2@group-6E85041A3092: ConfigurationManager, init=-1: [s0:0.0.0.0:46774, s1:0.0.0.0:44201, s2:0.0.0.0:41281], old=null, confs=<EMPTY_MAP>
2019-09-24 12:11:23,106 INFO  server.RaftServerConfigKeys (ConfUtils.java:logGet(43)) - raft.server.storage.dir = [/workdir/ratis-test/target/test/data/243c0a4/MiniRaftClusterWithGrpc5a11f783/s2] (custom)
2019-09-24 12:11:23,107 INFO  server.RaftServerConfigKeys (ConfUtils.java:logGet(43)) - raft.server.log.corruption.policy = EXCEPTION (default)
2019-09-24 12:11:23,107 INFO  storage.RaftStorageDirectory (RaftStorageDirectory.java:analyzeStorage(246)) - The storage directory /workdir/ratis-test/target/test/data/243c0a4/MiniRaftClusterWithGrpc5a11f783/s2/74254950-177d-46d4-9134-6e85041a3092 does not exist. Creating ...
2019-09-24 12:11:23,107 TRACE util.FileUtils (LogUtils.java:runAndLog(61)) - Successfully ran Files.createDirectories /workdir/ratis-test/target/test/data/243c0a4/MiniRaftClusterWithGrpc5a11f783/s2/74254950-177d-46d4-9134-6e85041a3092
2019-09-24 12:11:23,125 INFO  storage.RaftStorageDirectory (RaftStorageDirectory.java:tryLock(328)) - Lock on /workdir/ratis-test/target/test/data/243c0a4/MiniRaftClusterWithGrpc5a11f783/s0/74254950-177d-46d4-9134-6e85041a3092/in_use.lock acquired by nodename 26503@ratis-test-nppbd-817190658
2019-09-24 12:11:23,125 INFO  storage.RaftStorageDirectory (RaftStorageDirectory.java:tryLock(328)) - Lock on /workdir/ratis-test/target/test/data/243c0a4/MiniRaftClusterWithGrpc5a11f783/s2/74254950-177d-46d4-9134-6e85041a3092/in_use.lock acquired by nodename 26503@ratis-test-nppbd-817190658
2019-09-24 12:11:23,125 INFO  storage.RaftStorageDirectory (RaftStorageDirectory.java:tryLock(328)) - Lock on /workdir/ratis-test/target/test/data/243c0a4/MiniRaftClusterWithGrpc5a11f783/s1/74254950-177d-46d4-9134-6e85041a3092/in_use.lock acquired by nodename 26503@ratis-test-nppbd-817190658
2019-09-24 12:11:23,126 TRACE util.FileUtils (LogUtils.java:runAndLog(61)) - Successfully ran Files.createDirectories /workdir/ratis-test/target/test/data/243c0a4/MiniRaftClusterWithGrpc5a11f783/s0/74254950-177d-46d4-9134-6e85041a3092/current
2019-09-24 12:11:23,126 TRACE util.FileUtils (LogUtils.java:runAndLog(61)) - Successfully ran Files.createDirectories /workdir/ratis-test/target/test/data/243c0a4/MiniRaftClusterWithGrpc5a11f783/s2/74254950-177d-46d4-9134-6e85041a3092/current
2019-09-24 12:11:23,126 TRACE util.FileUtils (LogUtils.java:runAndLog(61)) - Successfully ran Files.createDirectories /workdir/ratis-test/target/test/data/243c0a4/MiniRaftClusterWithGrpc5a11f783/s0/74254950-177d-46d4-9134-6e85041a3092/sm
2019-09-24 12:11:23,126 TRACE util.FileUtils (LogUtils.java:runAndLog(61)) - Successfully ran Files.createDirectories /workdir/ratis-test/target/test/data/243c0a4/MiniRaftClusterWithGrpc5a11f783/s2/74254950-177d-46d4-9134-6e85041a3092/sm
2019-09-24 12:11:23,126 TRACE util.FileUtils (LogUtils.java:runAndLog(61)) - Successfully ran Files.createDirectories /workdir/ratis-test/target/test/data/243c0a4/MiniRaftClusterWithGrpc5a11f783/s1/74254950-177d-46d4-9134-6e85041a3092/current
2019-09-24 12:11:23,127 TRACE util.FileUtils (LogUtils.java:runAndLog(61)) - Successfully ran Files.createDirectories /workdir/ratis-test/target/test/data/243c0a4/MiniRaftClusterWithGrpc5a11f783/s1/74254950-177d-46d4-9134-6e85041a3092/sm
2019-09-24 12:11:23,152 INFO  storage.RaftStorage (RaftStorage.java:format(84)) - Storage directory /workdir/ratis-test/target/test/data/243c0a4/MiniRaftClusterWithGrpc5a11f783/s0/74254950-177d-46d4-9134-6e85041a3092 has been successfully formatted.
2019-09-24 12:11:23,152 INFO  storage.RaftStorage (RaftStorage.java:format(84)) - Storage directory /workdir/ratis-test/target/test/data/243c0a4/MiniRaftClusterWithGrpc5a11f783/s1/74254950-177d-46d4-9134-6e85041a3092 has been successfully formatted.
2019-09-24 12:11:23,152 INFO  storage.RaftStorage (RaftStorage.java:format(84)) - Storage directory /workdir/ratis-test/target/test/data/243c0a4/MiniRaftClusterWithGrpc5a11f783/s2/74254950-177d-46d4-9134-6e85041a3092 has been successfully formatted.
2019-09-24 12:11:23,152 INFO  statemachine.SimpleStateMachine4Testing (SimpleStateMachine4Testing.java:initialize(206)) - Initializing SimpleStateMachine4Testing:uninitialized
2019-09-24 12:11:23,152 INFO  statemachine.SimpleStateMachine4Testing (SimpleStateMachine4Testing.java:initialize(206)) - Initializing SimpleStateMachine4Testing:uninitialized
2019-09-24 12:11:23,152 INFO  statemachine.SimpleStateMachine4Testing (SimpleStateMachine4Testing.java:initialize(206)) - Initializing SimpleStateMachine4Testing:uninitialized
2019-09-24 12:11:23,152 INFO  statemachine.SimpleStateMachine4Testing (SimpleStateMachine4Testing.java:loadSnapshot(296)) - The snapshot file null does not exist
2019-09-24 12:11:23,152 INFO  statemachine.SimpleStateMachine4Testing (SimpleStateMachine4Testing.java:loadSnapshot(296)) - The snapshot file null does not exist
2019-09-24 12:11:23,153 INFO  server.RaftServerConfigKeys (ConfUtils.java:logGet(43)) - raft.server.notification.no-leader.timeout = 60s (default)
2019-09-24 12:11:23,153 INFO  statemachine.SimpleStateMachine4Testing (SimpleStateMachine4Testing.java:loadSnapshot(296)) - The snapshot file null does not exist
2019-09-24 12:11:23,153 INFO  server.RaftServerConfigKeys (ConfUtils.java:logGet(43)) - raft.server.log.use.memory = false (default)
2019-09-24 12:11:23,153 INFO  server.RaftServerConfigKeys (ConfUtils.java:logGet(43)) - raft.server.notification.no-leader.timeout = 60s (default)
2019-09-24 12:11:23,153 INFO  server.RaftServerConfigKeys (ConfUtils.java:logGet(43)) - raft.server.log.purge.gap = 1024 (default)
2019-09-24 12:11:23,153 INFO  server.RaftServerConfigKeys (ConfUtils.java:logGet(43)) - raft.server.log.appender.buffer.byte-limit = 4MB (=4194304) (default)
2019-09-24 12:11:23,153 INFO  server.RaftServerConfigKeys (ConfUtils.java:logGet(43)) - raft.server.notification.no-leader.timeout = 60s (default)
2019-09-24 12:11:23,154 INFO  server.RaftServerConfigKeys (ConfUtils.java:logGet(43)) - raft.server.log.segment.size.max = 8MB (=8388608) (default)
2019-09-24 12:11:23,153 INFO  server.RaftServerConfigKeys (ConfUtils.java:logGet(43)) - raft.server.log.use.memory = false (default)
2019-09-24 12:11:23,154 INFO  server.RaftServerConfigKeys (ConfUtils.java:logGet(43)) - raft.server.log.segment.cache.num.max = 6 (default)
2019-09-24 12:11:23,154 INFO  server.RaftServerConfigKeys (ConfUtils.java:logGet(43)) - raft.server.log.use.memory = false (default)
2019-09-24 12:11:23,154 INFO  segmented.SegmentedRaftLogWorker (SegmentedRaftLogWorker.java:<init>(172)) - new s1@group-6E85041A3092-SegmentedRaftLogWorker for RaftStorage:Storage Directory /workdir/ratis-test/target/test/data/243c0a4/MiniRaftClusterWithGrpc5a11f783/s1/74254950-177d-46d4-9134-6e85041a3092
2019-09-24 12:11:23,154 INFO  server.RaftServerConfigKeys (ConfUtils.java:logGet(43)) - raft.server.log.purge.gap = 1024 (default)
2019-09-24 12:11:23,155 INFO  server.RaftServerConfigKeys (ConfUtils.java:logGet(43)) - raft.server.log.queue.byte-limit = 64MB (=67108864) (default)
2019-09-24 12:11:23,154 INFO  server.RaftServerConfigKeys (ConfUtils.java:logGet(43)) - raft.server.log.purge.gap = 1024 (default)
2019-09-24 12:11:23,155 INFO  server.RaftServerConfigKeys (ConfUtils.java:logGet(43)) - raft.server.log.queue.element-limit = 4096 (default)
2019-09-24 12:11:23,155 INFO  server.RaftServerConfigKeys (ConfUtils.java:logGet(43)) - raft.server.log.appender.buffer.byte-limit = 4MB (=4194304) (default)
2019-09-24 12:11:23,155 INFO  server.RaftServerConfigKeys (ConfUtils.java:logGet(43)) - raft.server.log.segment.size.max = 8MB (=8388608) (default)
2019-09-24 12:11:23,155 INFO  server.RaftServerConfigKeys (ConfUtils.java:logGet(43)) - raft.server.log.appender.buffer.byte-limit = 4MB (=4194304) (default)
2019-09-24 12:11:23,155 INFO  server.RaftServerConfigKeys (ConfUtils.java:logGet(43)) - raft.server.log.preallocated.size = 4MB (=4194304) (default)
2019-09-24 12:11:23,155 INFO  server.RaftServerConfigKeys (ConfUtils.java:logGet(43)) - raft.server.log.segment.size.max = 8MB (=8388608) (default)
2019-09-24 12:11:23,156 INFO  server.RaftServerConfigKeys (ConfUtils.java:logGet(43)) - raft.server.log.write.buffer.size = 64KB (=65536) (default)
2019-09-24 12:11:23,156 INFO  server.RaftServerConfigKeys (ConfUtils.java:logGet(43)) - raft.server.log.segment.size.max = 8MB (=8388608) (default)
2019-09-24 12:11:23,156 INFO  server.RaftServerConfigKeys (ConfUtils.java:logGet(43)) - raft.server.log.force.sync.num = 128 (default)
2019-09-24 12:11:23,156 INFO  server.RaftServerConfigKeys (ConfUtils.java:logGet(43)) - raft.server.log.segment.cache.num.max = 6 (default)
2019-09-24 12:11:23,156 INFO  server.RaftServerConfigKeys (ConfUtils.java:logGet(43)) - raft.server.log.statemachine.data.sync = true (default)
2019-09-24 12:11:23,156 INFO  server.RaftServerConfigKeys (ConfUtils.java:logGet(43)) - raft.server.log.segment.cache.num.max = 6 (default)
2019-09-24 12:11:23,156 INFO  server.RaftServerConfigKeys (ConfUtils.java:logGet(43)) - raft.server.log.statemachine.data.sync.timeout = 10s (default)
2019-09-24 12:11:23,156 INFO  segmented.SegmentedRaftLogWorker (SegmentedRaftLogWorker.java:<init>(172)) - new s0@group-6E85041A3092-SegmentedRaftLogWorker for RaftStorage:Storage Directory /workdir/ratis-test/target/test/data/243c0a4/MiniRaftClusterWithGrpc5a11f783/s0/74254950-177d-46d4-9134-6e85041a3092
2019-09-24 12:11:23,157 INFO  server.RaftServerConfigKeys (ConfUtils.java:logGet(43)) - raft.server.log.statemachine.data.sync.timeout.retry = -1 (default)
2019-09-24 12:11:23,157 INFO  segmented.SegmentedRaftLogWorker (SegmentedRaftLogWorker.java:<init>(172)) - new s2@group-6E85041A3092-SegmentedRaftLogWorker for RaftStorage:Storage Directory /workdir/ratis-test/target/test/data/243c0a4/MiniRaftClusterWithGrpc5a11f783/s2/74254950-177d-46d4-9134-6e85041a3092
2019-09-24 12:11:23,157 INFO  server.RaftServerConfigKeys (ConfUtils.java:logGet(43)) - raft.server.log.statemachine.data.caching.enabled = false (default)
2019-09-24 12:11:23,157 INFO  server.RaftServerConfigKeys (ConfUtils.java:logGet(43)) - raft.server.log.queue.byte-limit = 64MB (=67108864) (default)
2019-09-24 12:11:23,157 INFO  server.RaftServerConfigKeys (ConfUtils.java:logGet(43)) - raft.server.log.queue.byte-limit = 64MB (=67108864) (default)
2019-09-24 12:11:23,157 INFO  server.RaftServerConfigKeys (ConfUtils.java:logGet(43)) - raft.server.log.queue.element-limit = 4096 (default)
2019-09-24 12:11:23,158 INFO  segmented.SegmentedRaftLogWorker (SegmentedRaftLogWorker.java:lambda$new$0(132)) - s1@group-6E85041A3092-SegmentedRaftLogWorker: flushIndex: setUnconditionally 0 -> -1
2019-09-24 12:11:23,158 INFO  server.RaftServerConfigKeys (ConfUtils.java:logGet(43)) - raft.server.log.queue.element-limit = 4096 (default)
2019-09-24 12:11:23,158 INFO  server.RaftServerConfigKeys (ConfUtils.java:logGet(43)) - raft.server.log.segment.size.max = 8MB (=8388608) (default)
2019-09-24 12:11:23,158 INFO  server.RaftServerConfigKeys (ConfUtils.java:logGet(43)) - raft.server.snapshot.auto.trigger.enabled = false (default)
2019-09-24 12:11:23,158 INFO  server.RaftServerConfigKeys (ConfUtils.java:logGet(43)) - raft.server.log.segment.size.max = 8MB (=8388608) (default)
2019-09-24 12:11:23,158 INFO  server.RaftServerConfigKeys (ConfUtils.java:logGet(43)) - raft.server.snapshot.retention.file.num = -1 (default)
2019-09-24 12:11:23,158 INFO  server.RaftServerConfigKeys (ConfUtils.java:logGet(43)) - raft.server.log.preallocated.size = 4MB (=4194304) (default)
2019-09-24 12:11:23,159 INFO  server.RaftServerConfigKeys (ConfUtils.java:logGet(43)) - raft.server.retrycache.expirytime = 60s (default)
2019-09-24 12:11:23,158 INFO  server.RaftServerConfigKeys (ConfUtils.java:logGet(43)) - raft.server.log.preallocated.size = 4MB (=4194304) (default)
2019-09-24 12:11:23,159 INFO  server.RaftServerConfigKeys (ConfUtils.java:logGet(43)) - raft.server.log.write.buffer.size = 64KB (=65536) (default)
2019-09-24 12:11:23,159 INFO  server.RaftServerConfigKeys (ConfUtils.java:logGet(43)) - raft.server.log.write.buffer.size = 64KB (=65536) (default)
2019-09-24 12:11:23,159 INFO  server.RaftServerConfigKeys (ConfUtils.java:logGet(43)) - raft.server.log.force.sync.num = 128 (default)
2019-09-24 12:11:23,159 INFO  server.RaftServerConfigKeys (ConfUtils.java:logGet(43)) - raft.server.log.force.sync.num = 128 (default)
2019-09-24 12:11:23,159 INFO  server.RaftServerConfigKeys (ConfUtils.java:logGet(43)) - raft.server.log.statemachine.data.sync = true (default)
2019-09-24 12:11:23,159 INFO  server.RaftServerConfigKeys (ConfUtils.java:logGet(43)) - raft.server.log.statemachine.data.sync = true (default)
2019-09-24 12:11:23,160 INFO  server.RaftServerConfigKeys (ConfUtils.java:logGet(43)) - raft.server.log.statemachine.data.sync.timeout = 10s (default)
2019-09-24 12:11:23,160 INFO  server.RaftServerConfigKeys (ConfUtils.java:logGet(43)) - raft.server.log.statemachine.data.sync.timeout = 10s (default)
2019-09-24 12:11:23,160 INFO  server.RaftServerConfigKeys (ConfUtils.java:logGet(43)) - raft.server.log.statemachine.data.sync.timeout.retry = -1 (default)
2019-09-24 12:11:23,160 INFO  server.RaftServerConfigKeys (ConfUtils.java:logGet(43)) - raft.server.log.statemachine.data.sync.timeout.retry = -1 (default)
2019-09-24 12:11:23,160 INFO  server.RaftServerConfigKeys (ConfUtils.java:logGet(43)) - raft.server.log.statemachine.data.caching.enabled = false (default)
2019-09-24 12:11:23,160 INFO  server.RaftServerConfigKeys (ConfUtils.java:logGet(43)) - raft.server.log.statemachine.data.caching.enabled = false (default)
2019-09-24 12:11:23,161 INFO  segmented.SegmentedRaftLogWorker (SegmentedRaftLogWorker.java:lambda$new$0(132)) - s0@group-6E85041A3092-SegmentedRaftLogWorker: flushIndex: setUnconditionally 0 -> -1
2019-09-24 12:11:23,161 INFO  segmented.SegmentedRaftLogWorker (SegmentedRaftLogWorker.java:lambda$new$0(132)) - s2@group-6E85041A3092-SegmentedRaftLogWorker: flushIndex: setUnconditionally 0 -> -1
2019-09-24 12:11:23,161 INFO  server.RaftServerConfigKeys (ConfUtils.java:logGet(43)) - raft.server.snapshot.auto.trigger.enabled = false (default)
2019-09-24 12:11:23,161 INFO  server.RaftServerConfigKeys (ConfUtils.java:logGet(43)) - raft.server.snapshot.retention.file.num = -1 (default)
2019-09-24 12:11:23,161 INFO  server.RaftServerConfigKeys (ConfUtils.java:logGet(43)) - raft.server.snapshot.auto.trigger.enabled = false (default)
2019-09-24 12:11:23,161 INFO  server.RaftServerConfigKeys (ConfUtils.java:logGet(43)) - raft.server.retrycache.expirytime = 60s (default)
2019-09-24 12:11:23,161 INFO  server.RaftServerConfigKeys (ConfUtils.java:logGet(43)) - raft.server.snapshot.retention.file.num = -1 (default)
2019-09-24 12:11:23,161 INFO  server.RaftServerConfigKeys (ConfUtils.java:logGet(43)) - raft.server.retrycache.expirytime = 60s (default)
2019-09-24 12:11:23,165 INFO  impl.RaftServerImpl (RaftServerImpl.java:start(181)) - s0@group-6E85041A3092: start as a follower, conf=-1: [s0:0.0.0.0:46774, s1:0.0.0.0:44201, s2:0.0.0.0:41281], old=null
2019-09-24 12:11:23,165 INFO  impl.RaftServerImpl (RaftServerImpl.java:setRole(170)) - s0@group-6E85041A3092: changes role from      null to FOLLOWER at term 0 for startAsFollower
2019-09-24 12:11:23,166 INFO  impl.RoleInfo (RoleInfo.java:updateAndGet(143)) - s0: start FollowerState
2019-09-24 12:11:23,166 INFO  util.JmxRegister (JmxRegister.java:tryRegister(44)) - Successfully registered JMX Bean with object name Ratis:service=RaftServer,group=group-6E85041A3092,id=s0
2019-09-24 12:11:23,170 INFO  impl.RaftServerProxy (RaftServerProxy.java:lambda$start$3(299)) - s0: start RPC server
2019-09-24 12:11:23,171 INFO  server.GrpcService (GrpcService.java:startImpl(158)) - s0: GrpcService started, listening on 0.0.0.0/0.0.0.0:46774
2019-09-24 12:11:23,172 INFO  impl.RaftServerImpl (RaftServerImpl.java:start(181)) - s1@group-6E85041A3092: start as a follower, conf=-1: [s0:0.0.0.0:46774, s1:0.0.0.0:44201, s2:0.0.0.0:41281], old=null
2019-09-24 12:11:23,172 INFO  impl.RaftServerImpl (RaftServerImpl.java:setRole(170)) - s1@group-6E85041A3092: changes role from      null to FOLLOWER at term 0 for startAsFollower
2019-09-24 12:11:23,172 INFO  impl.RoleInfo (RoleInfo.java:updateAndGet(143)) - s1: start FollowerState
2019-09-24 12:11:23,173 INFO  util.JmxRegister (JmxRegister.java:tryRegister(44)) - Successfully registered JMX Bean with object name Ratis:service=RaftServer,group=group-6E85041A3092,id=s1
2019-09-24 12:11:23,176 INFO  impl.RaftServerProxy (RaftServerProxy.java:lambda$start$3(299)) - s1: start RPC server
2019-09-24 12:11:23,177 INFO  server.GrpcService (GrpcService.java:startImpl(158)) - s1: GrpcService started, listening on 0.0.0.0/0.0.0.0:44201
2019-09-24 12:11:23,178 INFO  impl.RaftServerImpl (RaftServerImpl.java:start(181)) - s2@group-6E85041A3092: start as a follower, conf=-1: [s0:0.0.0.0:46774, s1:0.0.0.0:44201, s2:0.0.0.0:41281], old=null
2019-09-24 12:11:23,178 INFO  impl.RaftServerImpl (RaftServerImpl.java:setRole(170)) - s2@group-6E85041A3092: changes role from      null to FOLLOWER at term 0 for startAsFollower
2019-09-24 12:11:23,178 INFO  impl.RoleInfo (RoleInfo.java:updateAndGet(143)) - s2: start FollowerState
2019-09-24 12:11:23,179 INFO  util.JmxRegister (JmxRegister.java:tryRegister(44)) - Successfully registered JMX Bean with object name Ratis:service=RaftServer,group=group-6E85041A3092,id=s2
2019-09-24 12:11:23,182 INFO  impl.RaftServerProxy (RaftServerProxy.java:lambda$start$3(299)) - s2: start RPC server
2019-09-24 12:11:23,183 INFO  server.GrpcService (GrpcService.java:startImpl(158)) - s2: GrpcService started, listening on 0.0.0.0/0.0.0.0:41281
2019-09-24 12:11:23,184 INFO  server.RaftServerConfigKeys (ConfUtils.java:logGet(43)) - raft.server.rpc.timeout.max = 300ms (default)
2019-09-24 12:11:23,184 INFO  ratis.RaftTestUtil (RaftTestUtil.java:waitForLeader(86)) - printing ALL groups
  s0:  RUNNING  FOLLOWER s0@group-6E85041A3092:t0, leader=null, voted=null, raftlog=s0@group-6E85041A3092-SegmentedRaftLog:OPENED:c-1,f-1,i0, conf=-1: [s0:0.0.0.0:46774, s1:0.0.0.0:44201, s2:0.0.0.0:41281], old=null RUNNING
  s1:  RUNNING  FOLLOWER s1@group-6E85041A3092:t0, leader=null, voted=null, raftlog=s1@group-6E85041A3092-SegmentedRaftLog:OPENED:c-1,f-1,i0, conf=-1: [s0:0.0.0.0:46774, s1:0.0.0.0:44201, s2:0.0.0.0:41281], old=null RUNNING
  s2:  RUNNING  FOLLOWER s2@group-6E85041A3092:t0, leader=null, voted=null, raftlog=s2@group-6E85041A3092-SegmentedRaftLog:OPENED:c-1,f-1,i0, conf=-1: [s0:0.0.0.0:46774, s1:0.0.0.0:44201, s2:0.0.0.0:41281], old=null RUNNING
2019-09-24 12:11:23,185 WARN  ratis.RaftTestUtil (JavaUtils.java:attempt(158)) - FAILED "waitForLeader-null-(expectLeader? true)", attempt #1/100: java.lang.IllegalStateException: No leader yet : printing ALL groups
  s0:  RUNNING  FOLLOWER s0@group-6E85041A3092:t0, leader=null, voted=null, raftlog=s0@group-6E85041A3092-SegmentedRaftLog:OPENED:c-1,f-1,i0, conf=-1: [s0:0.0.0.0:46774, s1:0.0.0.0:44201, s2:0.0.0.0:41281], old=null RUNNING
  s1:  RUNNING  FOLLOWER s1@group-6E85041A3092:t0, leader=null, voted=null, raftlog=s1@group-6E85041A3092-SegmentedRaftLog:OPENED:c-1,f-1,i0, conf=-1: [s0:0.0.0.0:46774, s1:0.0.0.0:44201, s2:0.0.0.0:41281], old=null RUNNING
  s2:  RUNNING  FOLLOWER s2@group-6E85041A3092:t0, leader=null, voted=null, raftlog=s2@group-6E85041A3092-SegmentedRaftLog:OPENED:c-1,f-1,i0, conf=-1: [s0:0.0.0.0:46774, s1:0.0.0.0:44201, s2:0.0.0.0:41281], old=null RUNNING, sleep 450ms and then retry.
java.lang.IllegalStateException: No leader yet : printing ALL groups
  s0:  RUNNING  FOLLOWER s0@group-6E85041A3092:t0, leader=null, voted=null, raftlog=s0@group-6E85041A3092-SegmentedRaftLog:OPENED:c-1,f-1,i0, conf=-1: [s0:0.0.0.0:46774, s1:0.0.0.0:44201, s2:0.0.0.0:41281], old=null RUNNING
  s1:  RUNNING  FOLLOWER s1@group-6E85041A3092:t0, leader=null, voted=null, raftlog=s1@group-6E85041A3092-SegmentedRaftLog:OPENED:c-1,f-1,i0, conf=-1: [s0:0.0.0.0:46774, s1:0.0.0.0:44201, s2:0.0.0.0:41281], old=null RUNNING
  s2:  RUNNING  FOLLOWER s2@group-6E85041A3092:t0, leader=null, voted=null, raftlog=s2@group-6E85041A3092-SegmentedRaftLog:OPENED:c-1,f-1,i0, conf=-1: [s0:0.0.0.0:46774, s1:0.0.0.0:44201, s2:0.0.0.0:41281], old=null RUNNING
	at org.apache.ratis.MiniRaftCluster.newIllegalStateExceptionForNoLeaders(MiniRaftCluster.java:506)
	at org.apache.ratis.RaftTestUtil.lambda$waitForLeader$1(RaftTestUtil.java:90)
	at org.apache.ratis.MiniRaftCluster.getLeader(MiniRaftCluster.java:539)
	at org.apache.ratis.MiniRaftCluster.getLeader(MiniRaftCluster.java:532)
	at org.apache.ratis.RaftTestUtil.lambda$waitForLeader$3(RaftTestUtil.java:98)
	at org.apache.ratis.util.JavaUtils.attempt(JavaUtils.java:152)
	at org.apache.ratis.RaftTestUtil.waitForLeader(RaftTestUtil.java:97)
	at org.apache.ratis.RaftTestUtil.waitForLeader(RaftTestUtil.java:77)
	at org.apache.ratis.RaftTestUtil.waitForLeader(RaftTestUtil.java:72)
	at org.apache.ratis.WatchRequestTests.runTest(WatchRequestTests.java:118)
	at org.apache.ratis.WatchRequestTests.lambda$testWatchRequestTimeout$8(WatchRequestTests.java:340)
	at org.apache.ratis.MiniRaftCluster$Factory$Get.runWithNewCluster(MiniRaftCluster.java:125)
	at org.apache.ratis.MiniRaftCluster$Factory$Get.runWithNewCluster(MiniRaftCluster.java:113)
	at org.apache.ratis.WatchRequestTests.testWatchRequestTimeout(WatchRequestTests.java:339)
	at sun.reflect.NativeMethodAccessorImpl.invoke0(Native Method)
	at sun.reflect.NativeMethodAccessorImpl.invoke(NativeMethodAccessorImpl.java:62)
	at sun.reflect.DelegatingMethodAccessorImpl.invoke(DelegatingMethodAccessorImpl.java:43)
	at java.lang.reflect.Method.invoke(Method.java:498)
	at org.junit.runners.model.FrameworkMethod$1.runReflectiveCall(FrameworkMethod.java:50)
	at org.junit.internal.runners.model.ReflectiveCallable.run(ReflectiveCallable.java:12)
	at org.junit.runners.model.FrameworkMethod.invokeExplosively(FrameworkMethod.java:47)
	at org.junit.internal.runners.statements.InvokeMethod.evaluate(InvokeMethod.java:17)
	at org.junit.internal.runners.statements.RunBefores.evaluate(RunBefores.java:26)
	at org.junit.internal.runners.statements.RunAfters.evaluate(RunAfters.java:27)
	at org.junit.internal.runners.statements.FailOnTimeout$CallableStatement.call(FailOnTimeout.java:298)
	at org.junit.internal.runners.statements.FailOnTimeout$CallableStatement.call(FailOnTimeout.java:292)
	at java.util.concurrent.FutureTask.run(FutureTask.java:266)
	at java.lang.Thread.run(Thread.java:748)
2019-09-24 12:11:23,339 INFO  impl.FollowerState (FollowerState.java:run(108)) - s2@group-6E85041A3092-FollowerState: change to CANDIDATE, lastRpcTime:160ms, electionTimeout:160ms
2019-09-24 12:11:23,339 INFO  impl.RoleInfo (RoleInfo.java:shutdownFollowerState(121)) - s2: shutdown FollowerState
2019-09-24 12:11:23,339 INFO  impl.RaftServerImpl (RaftServerImpl.java:setRole(170)) - s2@group-6E85041A3092: changes role from  FOLLOWER to CANDIDATE at term 0 for changeToCandidate
2019-09-24 12:11:23,339 INFO  impl.RoleInfo (RoleInfo.java:updateAndGet(143)) - s2: start LeaderElection
2019-09-24 12:11:23,353 INFO  impl.LeaderElection (LeaderElection.java:askForVotes(178)) - s2@group-6E85041A3092-LeaderElection12: begin an election at term 1 for -1: [s0:0.0.0.0:46774, s1:0.0.0.0:44201, s2:0.0.0.0:41281], old=null
2019-09-24 12:11:23,359 DEBUG impl.RaftServerImpl (RaftServerImpl.java:requestVote(743)) - s0@group-6E85041A3092: receive requestVote(s2, group-6E85041A3092, 1, (t:0, i:0))
2019-09-24 12:11:23,359 DEBUG impl.RaftServerImpl (RaftServerImpl.java:requestVote(743)) - s1@group-6E85041A3092: receive requestVote(s2, group-6E85041A3092, 1, (t:0, i:0))
2019-09-24 12:11:23,359 INFO  impl.RaftServerImpl (RaftServerImpl.java:setRole(170)) - s0@group-6E85041A3092: changes role from  FOLLOWER to FOLLOWER at term 1 for recognizeCandidate:s2
2019-09-24 12:11:23,359 INFO  impl.RaftServerImpl (RaftServerImpl.java:setRole(170)) - s1@group-6E85041A3092: changes role from  FOLLOWER to FOLLOWER at term 1 for recognizeCandidate:s2
2019-09-24 12:11:23,359 INFO  impl.RoleInfo (RoleInfo.java:shutdownFollowerState(121)) - s0: shutdown FollowerState
2019-09-24 12:11:23,359 INFO  impl.RoleInfo (RoleInfo.java:shutdownFollowerState(121)) - s1: shutdown FollowerState
2019-09-24 12:11:23,360 INFO  impl.FollowerState (FollowerState.java:run(117)) - s0@group-6E85041A3092-FollowerState was interrupted: java.lang.InterruptedException: sleep interrupted
2019-09-24 12:11:23,360 INFO  impl.RoleInfo (RoleInfo.java:updateAndGet(143)) - s0: start FollowerState
2019-09-24 12:11:23,360 INFO  impl.FollowerState (FollowerState.java:run(117)) - s1@group-6E85041A3092-FollowerState was interrupted: java.lang.InterruptedException: sleep interrupted
2019-09-24 12:11:23,360 INFO  impl.RoleInfo (RoleInfo.java:updateAndGet(143)) - s1: start FollowerState
2019-09-24 12:11:23,377 DEBUG impl.RaftServerImpl (RaftServerImpl.java:requestVote(775)) - s1@group-6E85041A3092 replies to vote request: s2<-s1#0:OK-t1. Peer's state: s1@group-6E85041A3092:t1, leader=null, voted=s2, raftlog=s1@group-6E85041A3092-SegmentedRaftLog:OPENED:c-1,f-1,i0, conf=-1: [s0:0.0.0.0:46774, s1:0.0.0.0:44201, s2:0.0.0.0:41281], old=null
2019-09-24 12:11:23,377 DEBUG impl.RaftServerImpl (RaftServerImpl.java:requestVote(775)) - s0@group-6E85041A3092 replies to vote request: s2<-s0#0:OK-t1. Peer's state: s0@group-6E85041A3092:t1, leader=null, voted=s2, raftlog=s0@group-6E85041A3092-SegmentedRaftLog:OPENED:c-1,f-1,i0, conf=-1: [s0:0.0.0.0:46774, s1:0.0.0.0:44201, s2:0.0.0.0:41281], old=null
2019-09-24 12:11:23,378 INFO  impl.LeaderElection (LeaderElection.java:logAndReturn(56)) - s2@group-6E85041A3092-LeaderElection12: Election PASSED; received 1 response(s) [s2<-s0#0:OK-t1] and 0 exception(s); s2@group-6E85041A3092:t1, leader=null, voted=s2, raftlog=s2@group-6E85041A3092-SegmentedRaftLog:OPENED:c-1,f-1,i0, conf=-1: [s0:0.0.0.0:46774, s1:0.0.0.0:44201, s2:0.0.0.0:41281], old=null
2019-09-24 12:11:23,378 INFO  impl.RoleInfo (RoleInfo.java:shutdownLeaderElection(134)) - s2: shutdown LeaderElection
2019-09-24 12:11:23,378 INFO  impl.RaftServerImpl (RaftServerImpl.java:setRole(170)) - s2@group-6E85041A3092: changes role from CANDIDATE to LEADER at term 1 for changeToLeader
2019-09-24 12:11:23,378 INFO  impl.RaftServerImpl (ServerState.java:setLeader(254)) - s2@group-6E85041A3092: change Leader from null to s2 at term 1 for becomeLeader, leader elected after 225ms
2019-09-24 12:11:23,378 INFO  server.RaftServerConfigKeys (ConfUtils.java:logGet(43)) - raft.server.staging.catchup.gap = 1000 (default)
2019-09-24 12:11:23,379 INFO  server.RaftServerConfigKeys (ConfUtils.java:logGet(43)) - raft.server.rpc.sleep.time = 25ms (default)
2019-09-24 12:11:23,379 INFO  server.RaftServerConfigKeys (ConfUtils.java:logGet(43)) - raft.server.write.element-limit = 4096 (default)
2019-09-24 12:11:23,379 INFO  server.RaftServerConfigKeys (ConfUtils.java:logGet(43)) - raft.server.watch.timeout = 500ms (custom)
2019-09-24 12:11:23,379 INFO  server.RaftServerConfigKeys (ConfUtils.java:logGet(43)) - raft.server.watch.timeout.denomination = 100ms (custom)
2019-09-24 12:11:23,379 INFO  server.RaftServerConfigKeys (ConfUtils.java:logGet(43)) - raft.server.watch.element-limit = 65536 (default)
2019-09-24 12:11:23,382 INFO  server.RaftServerConfigKeys (ConfUtils.java:logGet(43)) - raft.server.log.appender.snapshot.chunk.size.max = 16MB (=16777216) (default)
2019-09-24 12:11:23,382 INFO  server.RaftServerConfigKeys (ConfUtils.java:logGet(43)) - raft.server.log.appender.buffer.byte-limit = 4MB (=4194304) (default)
2019-09-24 12:11:23,382 INFO  server.RaftServerConfigKeys (ConfUtils.java:logGet(43)) - raft.server.log.appender.buffer.element-limit = 0 (default)
2019-09-24 12:11:23,382 INFO  grpc.GrpcConfigKeys$Server (ConfUtils.java:logGet(43)) - raft.grpc.server.leader.outstanding.appends.max = 128 (default)
2019-09-24 12:11:23,383 INFO  server.RaftServerConfigKeys (ConfUtils.java:logGet(43)) - raft.server.rpc.request.timeout = 3000ms (default)
2019-09-24 12:11:23,383 INFO  server.RaftServerConfigKeys (ConfUtils.java:logGet(43)) - raft.server.log.appender.install.snapshot.enabled = true (default)
2019-09-24 12:11:23,383 INFO  server.RaftServerConfigKeys (ConfUtils.java:logGet(43)) - raft.server.log.appender.snapshot.chunk.size.max = 16MB (=16777216) (default)
2019-09-24 12:11:23,383 INFO  server.RaftServerConfigKeys (ConfUtils.java:logGet(43)) - raft.server.log.appender.buffer.byte-limit = 4MB (=4194304) (default)
2019-09-24 12:11:23,383 INFO  server.RaftServerConfigKeys (ConfUtils.java:logGet(43)) - raft.server.log.appender.buffer.element-limit = 0 (default)
2019-09-24 12:11:23,384 INFO  grpc.GrpcConfigKeys$Server (ConfUtils.java:logGet(43)) - raft.grpc.server.leader.outstanding.appends.max = 128 (default)
2019-09-24 12:11:23,384 INFO  server.RaftServerConfigKeys (ConfUtils.java:logGet(43)) - raft.server.rpc.request.timeout = 3000ms (default)
2019-09-24 12:11:23,384 INFO  server.RaftServerConfigKeys (ConfUtils.java:logGet(43)) - raft.server.log.appender.install.snapshot.enabled = true (default)
2019-09-24 12:11:23,384 INFO  impl.RoleInfo (RoleInfo.java:updateAndGet(143)) - s2: start LeaderState
2019-09-24 12:11:23,384 INFO  segmented.SegmentedRaftLogWorker (SegmentedRaftLogWorker.java:startLogSegment(380)) - s2@group-6E85041A3092-SegmentedRaftLogWorker: Starting segment from index:0
2019-09-24 12:11:23,385 INFO  impl.RaftServerImpl (ServerState.java:setRaftConf(355)) - s2@group-6E85041A3092: set configuration 0: [s0:0.0.0.0:46774, s1:0.0.0.0:44201, s2:0.0.0.0:41281], old=null at 0
2019-09-24 12:11:23,387 INFO  impl.RaftServerImpl (ServerState.java:setLeader(254)) - s0@group-6E85041A3092: change Leader from null to s2 at term 1 for appendEntries, leader elected after 233ms
2019-09-24 12:11:23,387 INFO  impl.RaftServerImpl (ServerState.java:setLeader(254)) - s1@group-6E85041A3092: change Leader from null to s2 at term 1 for appendEntries, leader elected after 234ms
2019-09-24 12:11:23,389 DEBUG impl.RaftServerImpl (RaftServerImpl.java:logAppendEntries(850)) - s0@group-6E85041A3092: receive appendEntries(s2, 1, null, -1, false, commits[s2:c-1, s0:c-1, s1:c-1], entries: (t:1, i:0), CONFIGURATIONENTRY
2019-09-24 12:11:23,389 DEBUG impl.RaftServerImpl (RaftServerImpl.java:logAppendEntries(850)) - s1@group-6E85041A3092: receive appendEntries(s2, 1, null, -1, false, commits[s2:c-1, s0:c-1, s1:c-1], entries: (t:1, i:0), CONFIGURATIONENTRY
2019-09-24 12:11:23,389 INFO  impl.RaftServerImpl (ServerState.java:setRaftConf(355)) - s0@group-6E85041A3092: set configuration 0: [s0:0.0.0.0:46774, s1:0.0.0.0:44201, s2:0.0.0.0:41281], old=null at 0
2019-09-24 12:11:23,389 INFO  impl.RaftServerImpl (ServerState.java:setRaftConf(355)) - s1@group-6E85041A3092: set configuration 0: [s0:0.0.0.0:46774, s1:0.0.0.0:44201, s2:0.0.0.0:41281], old=null at 0
2019-09-24 12:11:23,389 INFO  segmented.SegmentedRaftLogWorker (SegmentedRaftLogWorker.java:startLogSegment(380)) - s0@group-6E85041A3092-SegmentedRaftLogWorker: Starting segment from index:0
2019-09-24 12:11:23,390 INFO  segmented.SegmentedRaftLogWorker (SegmentedRaftLogWorker.java:startLogSegment(380)) - s1@group-6E85041A3092-SegmentedRaftLogWorker: Starting segment from index:0
2019-09-24 12:11:23,566 INFO  segmented.SegmentedRaftLogWorker (SegmentedRaftLogWorker.java:execute(569)) - s1@group-6E85041A3092-SegmentedRaftLogWorker: created new log segment /workdir/ratis-test/target/test/data/243c0a4/MiniRaftClusterWithGrpc5a11f783/s1/74254950-177d-46d4-9134-6e85041a3092/current/log_inprogress_0
2019-09-24 12:11:23,566 INFO  segmented.SegmentedRaftLogWorker (SegmentedRaftLogWorker.java:execute(569)) - s2@group-6E85041A3092-SegmentedRaftLogWorker: created new log segment /workdir/ratis-test/target/test/data/243c0a4/MiniRaftClusterWithGrpc5a11f783/s2/74254950-177d-46d4-9134-6e85041a3092/current/log_inprogress_0
2019-09-24 12:11:23,566 INFO  segmented.SegmentedRaftLogWorker (SegmentedRaftLogWorker.java:execute(569)) - s0@group-6E85041A3092-SegmentedRaftLogWorker: created new log segment /workdir/ratis-test/target/test/data/243c0a4/MiniRaftClusterWithGrpc5a11f783/s0/74254950-177d-46d4-9134-6e85041a3092/current/log_inprogress_0
2019-09-24 12:11:23,577 DEBUG impl.RaftServerImpl (RaftServerImpl.java:logAppendEntries(850)) - s1@group-6E85041A3092: succeeded to handle AppendEntries. Reply: s2<-s1#1:OK,SUCCESS,nextIndex:1,term:1,followerCommit:-1
2019-09-24 12:11:23,578 DEBUG impl.RaftServerImpl (RaftServerImpl.java:logAppendEntries(850)) - s0@group-6E85041A3092: succeeded to handle AppendEntries. Reply: s2<-s0#1:OK,SUCCESS,nextIndex:1,term:1,followerCommit:-1
2019-09-24 12:11:23,636 INFO  ratis.RaftTestUtil (RaftTestUtil.java:waitForLeader(101)) - printing ALL groups
  s0:  RUNNING  FOLLOWER s0@group-6E85041A3092:t1, leader=s2, voted=s2, raftlog=s0@group-6E85041A3092-SegmentedRaftLog:OPENED:c-1,f0,i0, conf=0: [s0:0.0.0.0:46774, s1:0.0.0.0:44201, s2:0.0.0.0:41281], old=null RUNNING
  s1:  RUNNING  FOLLOWER s1@group-6E85041A3092:t1, leader=s2, voted=s2, raftlog=s1@group-6E85041A3092-SegmentedRaftLog:OPENED:c-1,f0,i0, conf=0: [s0:0.0.0.0:46774, s1:0.0.0.0:44201, s2:0.0.0.0:41281], old=null RUNNING
  s2:  RUNNING    LEADER s2@group-6E85041A3092:t1, leader=s2, voted=s2, raftlog=s2@group-6E85041A3092-SegmentedRaftLog:OPENED:c0,f0,i0, conf=0: [s0:0.0.0.0:46774, s1:0.0.0.0:44201, s2:0.0.0.0:41281], old=null RUNNING
2019-09-24 12:11:23,636 DEBUG client.RaftClient (ConfUtils.java:logGet(43)) - raft.rpc.type = GRPC (default)
2019-09-24 12:11:23,636 DEBUG client.GrpcClientRpc (ConfUtils.java:logGet(43)) - raft.grpc.message.size.max = 64MB (=67108864) (default)
2019-09-24 12:11:23,637 INFO  grpc.TestWatchRequestWithGrpc (WatchRequestTests.java:runTest(123)) - 0) numMessages=100, printing ALL groups
  s0:  RUNNING  FOLLOWER s0@group-6E85041A3092:t1, leader=s2, voted=s2, raftlog=s0@group-6E85041A3092-SegmentedRaftLog:OPENED:c-1,f0,i0, conf=0: [s0:0.0.0.0:46774, s1:0.0.0.0:44201, s2:0.0.0.0:41281], old=null RUNNING
  s1:  RUNNING  FOLLOWER s1@group-6E85041A3092:t1, leader=s2, voted=s2, raftlog=s1@group-6E85041A3092-SegmentedRaftLog:OPENED:c-1,f0,i0, conf=0: [s0:0.0.0.0:46774, s1:0.0.0.0:44201, s2:0.0.0.0:41281], old=null RUNNING
  s2:  RUNNING    LEADER s2@group-6E85041A3092:t1, leader=s2, voted=s2, raftlog=s2@group-6E85041A3092-SegmentedRaftLog:OPENED:c0,f0,i0, conf=0: [s0:0.0.0.0:46774, s1:0.0.0.0:44201, s2:0.0.0.0:41281], old=null RUNNING
2019-09-24 12:11:23,637 INFO  server.RaftServerConfigKeys (ConfUtils.java:logGet(43)) - raft.server.watch.timeout = 500ms (custom)
2019-09-24 12:11:23,638 INFO  server.RaftServerConfigKeys (ConfUtils.java:logGet(43)) - raft.server.watch.timeout.denomination = 100ms (custom)
2019-09-24 12:11:23,638 INFO  grpc.TestWatchRequestWithGrpc (WatchRequestTests.java:runTestWatchRequestTimeout(358)) - block leader s2
2019-09-24 12:11:23,638 INFO  statemachine.SimpleStateMachine4Testing (SimpleStateMachine4Testing.java:block(136)) - block START_TRANSACTION
2019-09-24 12:11:23,638 INFO  grpc.TestWatchRequestWithGrpc (WatchRequestTests.java:runTestWatchRequestTimeout(364)) - block follower s0
2019-09-24 12:11:23,638 INFO  statemachine.SimpleStateMachine4Testing (SimpleStateMachine4Testing.java:block(136)) - block FLUSH_STATE_MACHINE_DATA
2019-09-24 12:11:23,639 INFO  grpc.TestWatchRequestWithGrpc (WatchRequestTests.java:sendRequests(92)) - SEND_REQUEST 0: message=m0
2019-09-24 12:11:23,640 INFO  grpc.TestWatchRequestWithGrpc (WatchRequestTests.java:sendRequests(92)) - SEND_REQUEST 1: message=m1
2019-09-24 12:11:23,640 INFO  grpc.TestWatchRequestWithGrpc (WatchRequestTests.java:sendRequests(92)) - SEND_REQUEST 2: message=m2
2019-09-24 12:11:23,641 INFO  grpc.TestWatchRequestWithGrpc (WatchRequestTests.java:sendRequests(92)) - SEND_REQUEST 3: message=m3
2019-09-24 12:11:23,641 INFO  grpc.TestWatchRequestWithGrpc (WatchRequestTests.java:sendRequests(92)) - SEND_REQUEST 4: message=m4
2019-09-24 12:11:23,641 INFO  grpc.TestWatchRequestWithGrpc (WatchRequestTests.java:sendRequests(92)) - SEND_REQUEST 5: message=m5
2019-09-24 12:11:23,641 INFO  grpc.TestWatchRequestWithGrpc (WatchRequestTests.java:sendRequests(92)) - SEND_REQUEST 6: message=m6
2019-09-24 12:11:23,641 INFO  grpc.TestWatchRequestWithGrpc (WatchRequestTests.java:sendRequests(92)) - SEND_REQUEST 7: message=m7
2019-09-24 12:11:23,642 INFO  grpc.TestWatchRequestWithGrpc (WatchRequestTests.java:sendRequests(92)) - SEND_REQUEST 8: message=m8
2019-09-24 12:11:23,642 INFO  grpc.TestWatchRequestWithGrpc (WatchRequestTests.java:sendRequests(92)) - SEND_REQUEST 9: message=m9
2019-09-24 12:11:23,642 INFO  grpc.TestWatchRequestWithGrpc (WatchRequestTests.java:sendRequests(92)) - SEND_REQUEST 10: message=m10
2019-09-24 12:11:23,642 INFO  grpc.TestWatchRequestWithGrpc (WatchRequestTests.java:sendRequests(92)) - SEND_REQUEST 11: message=m11
2019-09-24 12:11:23,642 INFO  grpc.TestWatchRequestWithGrpc (WatchRequestTests.java:sendRequests(92)) - SEND_REQUEST 12: message=m12
2019-09-24 12:11:23,643 INFO  grpc.TestWatchRequestWithGrpc (WatchRequestTests.java:sendRequests(92)) - SEND_REQUEST 13: message=m13
2019-09-24 12:11:23,643 INFO  grpc.TestWatchRequestWithGrpc (WatchRequestTests.java:sendRequests(92)) - SEND_REQUEST 14: message=m14
2019-09-24 12:11:23,643 INFO  grpc.TestWatchRequestWithGrpc (WatchRequestTests.java:sendRequests(92)) - SEND_REQUEST 15: message=m15
2019-09-24 12:11:23,643 DEBUG client.GrpcClientProtocolService (GrpcClientProtocolService.java:<init>(175)) - new 0-OrderedRequestStreamObserver0
2019-09-24 12:11:23,643 INFO  grpc.TestWatchRequestWithGrpc (WatchRequestTests.java:sendRequests(92)) - SEND_REQUEST 16: message=m16
2019-09-24 12:11:23,644 INFO  grpc.TestWatchRequestWithGrpc (WatchRequestTests.java:sendRequests(92)) - SEND_REQUEST 17: message=m17
2019-09-24 12:11:23,644 DEBUG impl.RaftServerImpl (RaftServerImpl.java:submitClientRequestAsync(533)) - s2@group-6E85041A3092: receive client request(RaftClientRequest:client-CFB50CAB4D08->s2@group-6E85041A3092, cid=1670, seq=1*, RW, Message:6d30)
2019-09-24 12:11:23,644 INFO  grpc.TestWatchRequestWithGrpc (WatchRequestTests.java:sendRequests(92)) - SEND_REQUEST 18: message=m18
2019-09-24 12:11:23,644 INFO  grpc.TestWatchRequestWithGrpc (WatchRequestTests.java:sendRequests(92)) - SEND_REQUEST 19: message=m19
2019-09-24 12:11:23,645 INFO  grpc.TestWatchRequestWithGrpc (WatchRequestTests.java:sendRequests(92)) - SEND_REQUEST 20: message=m20
2019-09-24 12:11:23,645 INFO  grpc.TestWatchRequestWithGrpc (WatchRequestTests.java:sendRequests(92)) - SEND_REQUEST 21: message=m21
2019-09-24 12:11:23,645 INFO  grpc.TestWatchRequestWithGrpc (WatchRequestTests.java:sendRequests(92)) - SEND_REQUEST 22: message=m22
2019-09-24 12:11:23,645 INFO  grpc.TestWatchRequestWithGrpc (WatchRequestTests.java:sendRequests(92)) - SEND_REQUEST 23: message=m23
2019-09-24 12:11:23,645 INFO  grpc.TestWatchRequestWithGrpc (WatchRequestTests.java:sendRequests(92)) - SEND_REQUEST 24: message=m24
2019-09-24 12:11:23,646 INFO  grpc.TestWatchRequestWithGrpc (WatchRequestTests.java:sendRequests(92)) - SEND_REQUEST 25: message=m25
2019-09-24 12:11:23,646 INFO  grpc.TestWatchRequestWithGrpc (WatchRequestTests.java:sendRequests(92)) - SEND_REQUEST 26: message=m26
2019-09-24 12:11:23,646 INFO  grpc.TestWatchRequestWithGrpc (WatchRequestTests.java:sendRequests(92)) - SEND_REQUEST 27: message=m27
2019-09-24 12:11:23,646 INFO  grpc.TestWatchRequestWithGrpc (WatchRequestTests.java:sendRequests(92)) - SEND_REQUEST 28: message=m28
2019-09-24 12:11:23,647 INFO  grpc.TestWatchRequestWithGrpc (WatchRequestTests.java:sendRequests(92)) - SEND_REQUEST 29: message=m29
2019-09-24 12:11:23,647 INFO  grpc.TestWatchRequestWithGrpc (WatchRequestTests.java:sendRequests(92)) - SEND_REQUEST 30: message=m30
2019-09-24 12:11:23,647 INFO  grpc.TestWatchRequestWithGrpc (WatchRequestTests.java:sendRequests(92)) - SEND_REQUEST 31: message=m31
2019-09-24 12:11:23,647 INFO  grpc.TestWatchRequestWithGrpc (WatchRequestTests.java:sendRequests(92)) - SEND_REQUEST 32: message=m32
2019-09-24 12:11:23,647 INFO  grpc.TestWatchRequestWithGrpc (WatchRequestTests.java:sendRequests(92)) - SEND_REQUEST 33: message=m33
2019-09-24 12:11:23,647 INFO  grpc.TestWatchRequestWithGrpc (WatchRequestTests.java:sendRequests(92)) - SEND_REQUEST 34: message=m34
2019-09-24 12:11:23,648 INFO  grpc.TestWatchRequestWithGrpc (WatchRequestTests.java:sendRequests(92)) - SEND_REQUEST 35: message=m35
2019-09-24 12:11:23,648 INFO  grpc.TestWatchRequestWithGrpc (WatchRequestTests.java:sendRequests(92)) - SEND_REQUEST 36: message=m36
2019-09-24 12:11:23,648 INFO  grpc.TestWatchRequestWithGrpc (WatchRequestTests.java:sendRequests(92)) - SEND_REQUEST 37: message=m37
2019-09-24 12:11:23,648 INFO  grpc.TestWatchRequestWithGrpc (WatchRequestTests.java:sendRequests(92)) - SEND_REQUEST 38: message=m38
2019-09-24 12:11:23,648 INFO  grpc.TestWatchRequestWithGrpc (WatchRequestTests.java:sendRequests(92)) - SEND_REQUEST 39: message=m39
2019-09-24 12:11:23,649 INFO  grpc.TestWatchRequestWithGrpc (WatchRequestTests.java:sendRequests(92)) - SEND_REQUEST 40: message=m40
2019-09-24 12:11:23,649 INFO  grpc.TestWatchRequestWithGrpc (WatchRequestTests.java:sendRequests(92)) - SEND_REQUEST 41: message=m41
2019-09-24 12:11:23,649 INFO  grpc.TestWatchRequestWithGrpc (WatchRequestTests.java:sendRequests(92)) - SEND_REQUEST 42: message=m42
2019-09-24 12:11:23,649 INFO  grpc.TestWatchRequestWithGrpc (WatchRequestTests.java:sendRequests(92)) - SEND_REQUEST 43: message=m43
2019-09-24 12:11:23,649 INFO  grpc.TestWatchRequestWithGrpc (WatchRequestTests.java:sendRequests(92)) - SEND_REQUEST 44: message=m44
2019-09-24 12:11:23,650 INFO  grpc.TestWatchRequestWithGrpc (WatchRequestTests.java:sendRequests(92)) - SEND_REQUEST 45: message=m45
2019-09-24 12:11:23,650 INFO  grpc.TestWatchRequestWithGrpc (WatchRequestTests.java:sendRequests(92)) - SEND_REQUEST 46: message=m46
2019-09-24 12:11:23,650 INFO  grpc.TestWatchRequestWithGrpc (WatchRequestTests.java:sendRequests(92)) - SEND_REQUEST 47: message=m47
2019-09-24 12:11:23,650 INFO  grpc.TestWatchRequestWithGrpc (WatchRequestTests.java:sendRequests(92)) - SEND_REQUEST 48: message=m48
2019-09-24 12:11:23,650 INFO  grpc.TestWatchRequestWithGrpc (WatchRequestTests.java:sendRequests(92)) - SEND_REQUEST 49: message=m49
2019-09-24 12:11:23,651 INFO  grpc.TestWatchRequestWithGrpc (WatchRequestTests.java:sendRequests(92)) - SEND_REQUEST 50: message=m50
2019-09-24 12:11:23,651 INFO  grpc.TestWatchRequestWithGrpc (WatchRequestTests.java:sendRequests(92)) - SEND_REQUEST 51: message=m51
2019-09-24 12:11:23,651 INFO  grpc.TestWatchRequestWithGrpc (WatchRequestTests.java:sendRequests(92)) - SEND_REQUEST 52: message=m52
2019-09-24 12:11:23,651 INFO  grpc.TestWatchRequestWithGrpc (WatchRequestTests.java:sendRequests(92)) - SEND_REQUEST 53: message=m53
2019-09-24 12:11:23,651 INFO  grpc.TestWatchRequestWithGrpc (WatchRequestTests.java:sendRequests(92)) - SEND_REQUEST 54: message=m54
2019-09-24 12:11:23,652 INFO  grpc.TestWatchRequestWithGrpc (WatchRequestTests.java:sendRequests(92)) - SEND_REQUEST 55: message=m55
2019-09-24 12:11:23,652 INFO  grpc.TestWatchRequestWithGrpc (WatchRequestTests.java:sendRequests(92)) - SEND_REQUEST 56: message=m56
2019-09-24 12:11:23,652 INFO  grpc.TestWatchRequestWithGrpc (WatchRequestTests.java:sendRequests(92)) - SEND_REQUEST 57: message=m57
2019-09-24 12:11:23,652 INFO  grpc.TestWatchRequestWithGrpc (WatchRequestTests.java:sendRequests(92)) - SEND_REQUEST 58: message=m58
2019-09-24 12:11:23,652 INFO  grpc.TestWatchRequestWithGrpc (WatchRequestTests.java:sendRequests(92)) - SEND_REQUEST 59: message=m59
2019-09-24 12:11:23,653 INFO  grpc.TestWatchRequestWithGrpc (WatchRequestTests.java:sendRequests(92)) - SEND_REQUEST 60: message=m60
2019-09-24 12:11:23,653 INFO  grpc.TestWatchRequestWithGrpc (WatchRequestTests.java:sendRequests(92)) - SEND_REQUEST 61: message=m61
2019-09-24 12:11:23,653 INFO  grpc.TestWatchRequestWithGrpc (WatchRequestTests.java:sendRequests(92)) - SEND_REQUEST 62: message=m62
2019-09-24 12:11:23,653 INFO  grpc.TestWatchRequestWithGrpc (WatchRequestTests.java:sendRequests(92)) - SEND_REQUEST 63: message=m63
2019-09-24 12:11:23,653 INFO  grpc.TestWatchRequestWithGrpc (WatchRequestTests.java:sendRequests(92)) - SEND_REQUEST 64: message=m64
2019-09-24 12:11:23,654 INFO  grpc.TestWatchRequestWithGrpc (WatchRequestTests.java:sendRequests(92)) - SEND_REQUEST 65: message=m65
2019-09-24 12:11:23,654 INFO  grpc.TestWatchRequestWithGrpc (WatchRequestTests.java:sendRequests(92)) - SEND_REQUEST 66: message=m66
2019-09-24 12:11:23,654 INFO  grpc.TestWatchRequestWithGrpc (WatchRequestTests.java:sendRequests(92)) - SEND_REQUEST 67: message=m67
2019-09-24 12:11:23,654 INFO  grpc.TestWatchRequestWithGrpc (WatchRequestTests.java:sendRequests(92)) - SEND_REQUEST 68: message=m68
2019-09-24 12:11:23,655 INFO  grpc.TestWatchRequestWithGrpc (WatchRequestTests.java:sendRequests(92)) - SEND_REQUEST 69: message=m69
2019-09-24 12:11:23,655 INFO  grpc.TestWatchRequestWithGrpc (WatchRequestTests.java:sendRequests(92)) - SEND_REQUEST 70: message=m70
2019-09-24 12:11:23,655 INFO  grpc.TestWatchRequestWithGrpc (WatchRequestTests.java:sendRequests(92)) - SEND_REQUEST 71: message=m71
2019-09-24 12:11:23,655 INFO  grpc.TestWatchRequestWithGrpc (WatchRequestTests.java:sendRequests(92)) - SEND_REQUEST 72: message=m72
2019-09-24 12:11:23,655 INFO  grpc.TestWatchRequestWithGrpc (WatchRequestTests.java:sendRequests(92)) - SEND_REQUEST 73: message=m73
2019-09-24 12:11:23,655 INFO  grpc.TestWatchRequestWithGrpc (WatchRequestTests.java:sendRequests(92)) - SEND_REQUEST 74: message=m74
2019-09-24 12:11:23,656 INFO  grpc.TestWatchRequestWithGrpc (WatchRequestTests.java:sendRequests(92)) - SEND_REQUEST 75: message=m75
2019-09-24 12:11:23,656 INFO  grpc.TestWatchRequestWithGrpc (WatchRequestTests.java:sendRequests(92)) - SEND_REQUEST 76: message=m76
2019-09-24 12:11:23,656 INFO  grpc.TestWatchRequestWithGrpc (WatchRequestTests.java:sendRequests(92)) - SEND_REQUEST 77: message=m77
2019-09-24 12:11:23,656 INFO  grpc.TestWatchRequestWithGrpc (WatchRequestTests.java:sendRequests(92)) - SEND_REQUEST 78: message=m78
2019-09-24 12:11:23,657 INFO  grpc.TestWatchRequestWithGrpc (WatchRequestTests.java:sendRequests(92)) - SEND_REQUEST 79: message=m79
2019-09-24 12:11:23,657 INFO  grpc.TestWatchRequestWithGrpc (WatchRequestTests.java:sendRequests(92)) - SEND_REQUEST 80: message=m80
2019-09-24 12:11:23,657 INFO  grpc.TestWatchRequestWithGrpc (WatchRequestTests.java:sendRequests(92)) - SEND_REQUEST 81: message=m81
2019-09-24 12:11:23,657 INFO  grpc.TestWatchRequestWithGrpc (WatchRequestTests.java:sendRequests(92)) - SEND_REQUEST 82: message=m82
2019-09-24 12:11:23,657 INFO  grpc.TestWatchRequestWithGrpc (WatchRequestTests.java:sendRequests(92)) - SEND_REQUEST 83: message=m83
2019-09-24 12:11:23,657 INFO  grpc.TestWatchRequestWithGrpc (WatchRequestTests.java:sendRequests(92)) - SEND_REQUEST 84: message=m84
2019-09-24 12:11:23,658 INFO  grpc.TestWatchRequestWithGrpc (WatchRequestTests.java:sendRequests(92)) - SEND_REQUEST 85: message=m85
2019-09-24 12:11:23,658 INFO  grpc.TestWatchRequestWithGrpc (WatchRequestTests.java:sendRequests(92)) - SEND_REQUEST 86: message=m86
2019-09-24 12:11:23,658 INFO  grpc.TestWatchRequestWithGrpc (WatchRequestTests.java:sendRequests(92)) - SEND_REQUEST 87: message=m87
2019-09-24 12:11:23,658 INFO  grpc.TestWatchRequestWithGrpc (WatchRequestTests.java:sendRequests(92)) - SEND_REQUEST 88: message=m88
2019-09-24 12:11:23,658 INFO  grpc.TestWatchRequestWithGrpc (WatchRequestTests.java:sendRequests(92)) - SEND_REQUEST 89: message=m89
2019-09-24 12:11:23,659 INFO  grpc.TestWatchRequestWithGrpc (WatchRequestTests.java:sendRequests(92)) - SEND_REQUEST 90: message=m90
2019-09-24 12:11:23,659 INFO  grpc.TestWatchRequestWithGrpc (WatchRequestTests.java:sendRequests(92)) - SEND_REQUEST 91: message=m91
2019-09-24 12:11:23,659 INFO  grpc.TestWatchRequestWithGrpc (WatchRequestTests.java:sendRequests(92)) - SEND_REQUEST 92: message=m92
2019-09-24 12:11:23,659 INFO  grpc.TestWatchRequestWithGrpc (WatchRequestTests.java:sendRequests(92)) - SEND_REQUEST 93: message=m93
2019-09-24 12:11:23,659 INFO  grpc.TestWatchRequestWithGrpc (WatchRequestTests.java:sendRequests(92)) - SEND_REQUEST 94: message=m94
2019-09-24 12:11:23,660 INFO  grpc.TestWatchRequestWithGrpc (WatchRequestTests.java:sendRequests(92)) - SEND_REQUEST 95: message=m95
2019-09-24 12:11:23,660 INFO  grpc.TestWatchRequestWithGrpc (WatchRequestTests.java:sendRequests(92)) - SEND_REQUEST 96: message=m96
2019-09-24 12:11:23,660 INFO  grpc.TestWatchRequestWithGrpc (WatchRequestTests.java:sendRequests(92)) - SEND_REQUEST 97: message=m97
2019-09-24 12:11:23,660 INFO  grpc.TestWatchRequestWithGrpc (WatchRequestTests.java:sendRequests(92)) - SEND_REQUEST 98: message=m98
2019-09-24 12:11:23,660 INFO  grpc.TestWatchRequestWithGrpc (WatchRequestTests.java:sendRequests(92)) - SEND_REQUEST 99: message=m99
2019-09-24 12:11:24,261 INFO  statemachine.SimpleStateMachine4Testing (SimpleStateMachine4Testing.java:unblock(143)) - unblock START_TRANSACTION
2019-09-24 12:11:24,262 INFO  grpc.TestWatchRequestWithGrpc (WatchRequestTests.java:runTestWatchRequestTimeout(383)) - unblock leader s2
2019-09-24 12:11:24,262 DEBUG impl.RaftServerImpl (LeaderState.java:addPendingRequest(317)) - s2@group-6E85041A3092-LeaderState: addPendingRequest at RaftClientRequest:client-CFB50CAB4D08->s2@group-6E85041A3092, cid=1670, seq=1*, RW, Message:6d30, entry=(t:1, i:1), STATEMACHINELOGENTRY, client-CFB50CAB4D08, cid=1670
2019-09-24 12:11:24,262 DEBUG impl.RaftServerImpl (RaftServerImpl.java:logAppendEntries(850)) - s0@group-6E85041A3092: receive appendEntries(s2, 1, (t:1, i:0), 0, false, commits[s2:c0, s0:c0, s1:c0], entries: (t:1, i:1), STATEMACHINELOGENTRY, client-CFB50CAB4D08, cid=1670
2019-09-24 12:11:24,263 DEBUG impl.RaftServerImpl (RaftServerImpl.java:logAppendEntries(850)) - s1@group-6E85041A3092: receive appendEntries(s2, 1, (t:1, i:0), 0, false, commits[s2:c0, s0:c0, s1:c0], entries: (t:1, i:1), STATEMACHINELOGENTRY, client-CFB50CAB4D08, cid=1670
2019-09-24 12:11:24,283 DEBUG impl.RaftServerImpl (RaftServerImpl.java:logAppendEntries(850)) - s1@group-6E85041A3092: succeeded to handle AppendEntries. Reply: s2<-s1#12:OK,SUCCESS,nextIndex:2,term:1,followerCommit:0
2019-09-24 12:11:24,284 DEBUG impl.WatchRequests (WatchRequests.java:updateIndex(142)) - s2@group-6E85041A3092-WatchRequests: update MAJORITY index from 0 to 1
2019-09-24 12:11:24,284 INFO  statemachine.SimpleStateMachine4Testing (SimpleStateMachine4Testing.java:put(198)) - s2: put 1, m0 -> (t:1, i:1), STATEMACHINELOGENTRY, client-CFB50CAB4D08, cid=1670
2019-09-24 12:11:24,286 DEBUG client.GrpcClientProtocolService (GrpcClientProtocolService.java:sendReply(353)) - 0-OrderedRequestStreamObserver0: sendReply seq=1, RaftClientReply:client-CFB50CAB4D08->s2@group-6E85041A3092, cid=1670, SUCCESS, logIndex=1, commits[s2:c1, s0:c0, s1:c0]
2019-09-24 12:11:24,286 DEBUG impl.RaftServerImpl (RaftServerImpl.java:logAppendEntries(850)) - s0@group-6E85041A3092: receive appendEntries(s2, 1, (t:1, i:1), 1, false, commits[s2:c1, s0:c0, s1:c0], entries: (t:1, i:2), METADATAENTRY(c1)
2019-09-24 12:11:24,286 DEBUG impl.RaftServerImpl (RaftServerImpl.java:logAppendEntries(850)) - s1@group-6E85041A3092: receive appendEntries(s2, 1, (t:1, i:1), 1, false, commits[s2:c1, s0:c0, s1:c0], entries: (t:1, i:2), METADATAENTRY(c1)
2019-09-24 12:11:24,287 INFO  grpc.TestWatchRequestWithGrpc (WatchRequestTests.java:lambda$sendRequests$0(99)) - SEND_WATCH: message=m0, logIndex=1
2019-09-24 12:11:24,287 DEBUG impl.UnorderedAsync (UnorderedAsync.java:sendRequestWithRetry(74)) - client-CFB50CAB4D08: attempt #1 send~ RaftClientRequest:client-CFB50CAB4D08->s2@group-6E85041A3092, cid=1770, seq=0, Watch(1), null
2019-09-24 12:11:24,288 DEBUG impl.UnorderedAsync (UnorderedAsync.java:sendRequestWithRetry(74)) - client-CFB50CAB4D08: attempt #1 send~ RaftClientRequest:client-CFB50CAB4D08->s2@group-6E85041A3092, cid=1771, seq=0, Watch-ALL(1), null
2019-09-24 12:11:24,288 DEBUG impl.UnorderedAsync (UnorderedAsync.java:sendRequestWithRetry(74)) - client-CFB50CAB4D08: attempt #1 send~ RaftClientRequest:client-CFB50CAB4D08->s2@group-6E85041A3092, cid=1772, seq=0, Watch-MAJORITY_COMMITTED(1), null
2019-09-24 12:11:24,288 DEBUG impl.UnorderedAsync (UnorderedAsync.java:sendRequestWithRetry(74)) - client-CFB50CAB4D08: attempt #1 send~ RaftClientRequest:client-CFB50CAB4D08->s2@group-6E85041A3092, cid=1773, seq=0, Watch-ALL_COMMITTED(1), null
2019-09-24 12:11:24,289 INFO  grpc.TestWatchRequestWithGrpc (WatchRequestTests.java:checkMajority(230)) - checkMajority 0: receive RaftClientReply:client-CFB50CAB4D08->s2@group-6E85041A3092, cid=1670, SUCCESS, logIndex=1, commits[s2:c1, s0:c0, s1:c0]
2019-09-24 12:11:24,289 DEBUG client.GrpcClientProtocolService (GrpcClientProtocolService.java:<init>(175)) - new 1-UnorderedRequestStreamObserver1
2019-09-24 12:11:24,289 DEBUG impl.RaftServerImpl (RaftServerImpl.java:submitClientRequestAsync(533)) - s2@group-6E85041A3092: receive client request(RaftClientRequest:client-CFB50CAB4D08->s2@group-6E85041A3092, cid=1671, seq=2, RW, Message:6d31)
2019-09-24 12:11:24,289 DEBUG impl.RaftServerImpl (RaftServerImpl.java:submitClientRequestAsync(533)) - s2@group-6E85041A3092: receive client request(RaftClientRequest:client-CFB50CAB4D08->s2@group-6E85041A3092, cid=1770, seq=0, Watch(1), Message:<EMPTY>)
2019-09-24 12:11:24,290 DEBUG impl.RaftServerImpl (LeaderState.java:addWatchReqeust(324)) - s2@group-6E85041A3092-LeaderState: addWatchRequest RaftClientRequest:client-CFB50CAB4D08->s2@group-6E85041A3092, cid=1770, seq=0, Watch(1), Message:<EMPTY>
2019-09-24 12:11:24,290 DEBUG impl.RaftServerImpl (LeaderState.java:addPendingRequest(317)) - s2@group-6E85041A3092-LeaderState: addPendingRequest at RaftClientRequest:client-CFB50CAB4D08->s2@group-6E85041A3092, cid=1671, seq=2, RW, Message:6d31, entry=(t:1, i:3), STATEMACHINELOGENTRY, client-CFB50CAB4D08, cid=1671
2019-09-24 12:11:24,290 DEBUG impl.RaftServerImpl (RaftServerImpl.java:submitClientRequestAsync(533)) - s2@group-6E85041A3092: receive client request(RaftClientRequest:client-CFB50CAB4D08->s2@group-6E85041A3092, cid=1771, seq=0, Watch-ALL(1), Message:<EMPTY>)
2019-09-24 12:11:24,291 DEBUG impl.RaftServerImpl (LeaderState.java:addWatchReqeust(324)) - s2@group-6E85041A3092-LeaderState: addWatchRequest RaftClientRequest:client-CFB50CAB4D08->s2@group-6E85041A3092, cid=1771, seq=0, Watch-ALL(1), Message:<EMPTY>
2019-09-24 12:11:24,291 DEBUG impl.RaftServerImpl (RaftServerImpl.java:submitClientRequestAsync(533)) - s2@group-6E85041A3092: receive client request(RaftClientRequest:client-CFB50CAB4D08->s2@group-6E85041A3092, cid=1672, seq=3, RW, Message:6d32)
2019-09-24 12:11:24,291 DEBUG impl.RaftServerImpl (RaftServerImpl.java:logAppendEntries(850)) - s1@group-6E85041A3092: receive appendEntries(s2, 1, (t:1, i:2), 1, false, commits[s2:c1, s0:c0, s1:c0], entries: (t:1, i:3), STATEMACHINELOGENTRY, client-CFB50CAB4D08, cid=1671
2019-09-24 12:11:24,291 DEBUG impl.RaftServerImpl (RaftServerImpl.java:submitClientRequestAsync(533)) - s2@group-6E85041A3092: receive client request(RaftClientRequest:client-CFB50CAB4D08->s2@group-6E85041A3092, cid=1772, seq=0, Watch-MAJORITY_COMMITTED(1), Message:<EMPTY>)
2019-09-24 12:11:24,291 DEBUG impl.RaftServerImpl (LeaderState.java:addPendingRequest(317)) - s2@group-6E85041A3092-LeaderState: addPendingRequest at RaftClientRequest:client-CFB50CAB4D08->s2@group-6E85041A3092, cid=1672, seq=3, RW, Message:6d32, entry=(t:1, i:4), STATEMACHINELOGENTRY, client-CFB50CAB4D08, cid=1672
2019-09-24 12:11:24,291 DEBUG impl.RaftServerImpl (RaftServerImpl.java:logAppendEntries(850)) - s0@group-6E85041A3092: receive appendEntries(s2, 1, (t:1, i:2), 1, false, commits[s2:c1, s0:c0, s1:c0], entries: (t:1, i:3), STATEMACHINELOGENTRY, client-CFB50CAB4D08, cid=1671
2019-09-24 12:11:24,292 DEBUG impl.RaftServerImpl (RaftServerImpl.java:submitClientRequestAsync(533)) - s2@group-6E85041A3092: receive client request(RaftClientRequest:client-CFB50CAB4D08->s2@group-6E85041A3092, cid=1673, seq=4, RW, Message:6d33)
2019-09-24 12:11:24,291 DEBUG impl.RaftServerImpl (LeaderState.java:addWatchReqeust(324)) - s2@group-6E85041A3092-LeaderState: addWatchRequest RaftClientRequest:client-CFB50CAB4D08->s2@group-6E85041A3092, cid=1772, seq=0, Watch-MAJORITY_COMMITTED(1), Message:<EMPTY>
2019-09-24 12:11:24,291 DEBUG impl.UnorderedAsync (UnorderedAsync.java:lambda$sendRequestWithRetry$4(77)) - client-CFB50CAB4D08: attempt #1 receive~ RaftClientReply:client-CFB50CAB4D08->s2@group-6E85041A3092, cid=1770, SUCCESS, logIndex=0, commits[s2:c1, s0:c0, s1:c0]
2019-09-24 12:11:24,292 DEBUG impl.RaftServerImpl (RaftServerImpl.java:submitClientRequestAsync(533)) - s2@group-6E85041A3092: receive client request(RaftClientRequest:client-CFB50CAB4D08->s2@group-6E85041A3092, cid=1773, seq=0, Watch-ALL_COMMITTED(1), Message:<EMPTY>)
2019-09-24 12:11:24,292 DEBUG impl.RaftServerImpl (LeaderState.java:addPendingRequest(317)) - s2@group-6E85041A3092-LeaderState: addPendingRequest at RaftClientRequest:client-CFB50CAB4D08->s2@group-6E85041A3092, cid=1673, seq=4, RW, Message:6d33, entry=(t:1, i:5), STATEMACHINELOGENTRY, client-CFB50CAB4D08, cid=1673
2019-09-24 12:11:24,292 DEBUG impl.RaftServerImpl (RaftServerImpl.java:logAppendEntries(850)) - s0@group-6E85041A3092: receive appendEntries(s2, 1, (t:1, i:3), 1, false, commits[s2:c1, s0:c0, s1:c0], entries: (t:1, i:4), STATEMACHINELOGENTRY, client-CFB50CAB4D08, cid=1672
2019-09-24 12:11:24,292 DEBUG impl.RaftServerImpl (RaftServerImpl.java:logAppendEntries(850)) - s1@group-6E85041A3092: receive appendEntries(s2, 1, (t:1, i:3), 1, false, commits[s2:c1, s0:c0, s1:c0], entries: (t:1, i:4), STATEMACHINELOGENTRY, client-CFB50CAB4D08, cid=1672
2019-09-24 12:11:24,293 DEBUG impl.RaftServerImpl (RaftServerImpl.java:logAppendEntries(850)) - s0@group-6E85041A3092: receive appendEntries(s2, 1, (t:1, i:4), 1, false, commits[s2:c1, s0:c0, s1:c0], entries: (t:1, i:5), STATEMACHINELOGENTRY, client-CFB50CAB4D08, cid=1673
2019-09-24 12:11:24,293 DEBUG impl.RaftServerImpl (RaftServerImpl.java:submitClientRequestAsync(533)) - s2@group-6E85041A3092: receive client request(RaftClientRequest:client-CFB50CAB4D08->s2@group-6E85041A3092, cid=1674, seq=5, RW, Message:6d34)
2019-09-24 12:11:24,292 DEBUG impl.RaftServerImpl (LeaderState.java:addWatchReqeust(324)) - s2@group-6E85041A3092-LeaderState: addWatchRequest RaftClientRequest:client-CFB50CAB4D08->s2@group-6E85041A3092, cid=1773, seq=0, Watch-ALL_COMMITTED(1), Message:<EMPTY>
2019-09-24 12:11:24,292 INFO  grpc.TestWatchRequestWithGrpc (WatchRequestTests.java:get(172)) - majority-Watch(1) returns RaftClientReply:client-CFB50CAB4D08->s2@group-6E85041A3092, cid=1770, SUCCESS, logIndex=0, commits[s2:c1, s0:c0, s1:c0]
2019-09-24 12:11:24,294 DEBUG impl.RaftServerImpl (LeaderState.java:addPendingRequest(317)) - s2@group-6E85041A3092-LeaderState: addPendingRequest at RaftClientRequest:client-CFB50CAB4D08->s2@group-6E85041A3092, cid=1674, seq=5, RW, Message:6d34, entry=(t:1, i:6), STATEMACHINELOGENTRY, client-CFB50CAB4D08, cid=1674
2019-09-24 12:11:24,293 DEBUG impl.RaftServerImpl (RaftServerImpl.java:logAppendEntries(850)) - s1@group-6E85041A3092: receive appendEntries(s2, 1, (t:1, i:4), 1, false, commits[s2:c1, s0:c0, s1:c0], entries: (t:1, i:5), STATEMACHINELOGENTRY, client-CFB50CAB4D08, cid=1673
2019-09-24 12:11:24,294 DEBUG impl.RaftServerImpl (RaftServerImpl.java:submitClientRequestAsync(533)) - s2@group-6E85041A3092: receive client request(RaftClientRequest:client-CFB50CAB4D08->s2@group-6E85041A3092, cid=1675, seq=6, RW, Message:6d35)
2019-09-24 12:11:24,294 DEBUG impl.RaftServerImpl (RaftServerImpl.java:logAppendEntries(850)) - s1@group-6E85041A3092: receive appendEntries(s2, 1, (t:1, i:5), 1, false, commits[s2:c1, s0:c0, s1:c0], entries: (t:1, i:6), STATEMACHINELOGENTRY, client-CFB50CAB4D08, cid=1674
2019-09-24 12:11:24,294 DEBUG impl.RaftServerImpl (RaftServerImpl.java:logAppendEntries(850)) - s0@group-6E85041A3092: receive appendEntries(s2, 1, (t:1, i:5), 1, false, commits[s2:c1, s0:c0, s1:c0], entries: (t:1, i:6), STATEMACHINELOGENTRY, client-CFB50CAB4D08, cid=1674
2019-09-24 12:11:24,295 DEBUG impl.RaftServerImpl (LeaderState.java:addPendingRequest(317)) - s2@group-6E85041A3092-LeaderState: addPendingRequest at RaftClientRequest:client-CFB50CAB4D08->s2@group-6E85041A3092, cid=1675, seq=6, RW, Message:6d35, entry=(t:1, i:7), STATEMACHINELOGENTRY, client-CFB50CAB4D08, cid=1675
2019-09-24 12:11:24,295 DEBUG impl.RaftServerImpl (RaftServerImpl.java:submitClientRequestAsync(533)) - s2@group-6E85041A3092: receive client request(RaftClientRequest:client-CFB50CAB4D08->s2@group-6E85041A3092, cid=1676, seq=7, RW, Message:6d36)
2019-09-24 12:11:24,295 DEBUG impl.RaftServerImpl (RaftServerImpl.java:logAppendEntries(850)) - s1@group-6E85041A3092: receive appendEntries(s2, 1, (t:1, i:6), 1, false, commits[s2:c1, s0:c0, s1:c0], entries: (t:1, i:7), STATEMACHINELOGENTRY, client-CFB50CAB4D08, cid=1675
2019-09-24 12:11:24,295 DEBUG impl.RaftServerImpl (LeaderState.java:addPendingRequest(317)) - s2@group-6E85041A3092-LeaderState: addPendingRequest at RaftClientRequest:client-CFB50CAB4D08->s2@group-6E85041A3092, cid=1676, seq=7, RW, Message:6d36, entry=(t:1, i:8), STATEMACHINELOGENTRY, client-CFB50CAB4D08, cid=1676
2019-09-24 12:11:24,295 DEBUG impl.RaftServerImpl (RaftServerImpl.java:logAppendEntries(850)) - s0@group-6E85041A3092: receive appendEntries(s2, 1, (t:1, i:6), 1, false, commits[s2:c1, s0:c0, s1:c0], entries: (t:1, i:7), STATEMACHINELOGENTRY, client-CFB50CAB4D08, cid=1675
2019-09-24 12:11:24,296 DEBUG impl.RaftServerImpl (RaftServerImpl.java:submitClientRequestAsync(533)) - s2@group-6E85041A3092: receive client request(RaftClientRequest:client-CFB50CAB4D08->s2@group-6E85041A3092, cid=1677, seq=8, RW, Message:6d37)
2019-09-24 12:11:24,296 DEBUG impl.RaftServerImpl (RaftServerImpl.java:logAppendEntries(850)) - s1@group-6E85041A3092: succeeded to handle AppendEntries. Reply: s2<-s1#13:OK,SUCCESS,nextIndex:3,term:1,followerCommit:1
2019-09-24 12:11:24,296 DEBUG impl.RaftServerImpl (RaftServerImpl.java:logAppendEntries(850)) - s1@group-6E85041A3092: receive appendEntries(s2, 1, (t:1, i:7), 1, false, commits[s2:c1, s0:c0, s1:c0], entries: (t:1, i:8), STATEMACHINELOGENTRY, client-CFB50CAB4D08, cid=1676
2019-09-24 12:11:24,296 DEBUG impl.RaftServerImpl (LeaderState.java:addPendingRequest(317)) - s2@group-6E85041A3092-LeaderState: addPendingRequest at RaftClientRequest:client-CFB50CAB4D08->s2@group-6E85041A3092, cid=1677, seq=8, RW, Message:6d37, entry=(t:1, i:9), STATEMACHINELOGENTRY, client-CFB50CAB4D08, cid=1677
2019-09-24 12:11:24,296 DEBUG impl.RaftServerImpl (RaftServerImpl.java:logAppendEntries(850)) - s0@group-6E85041A3092: receive appendEntries(s2, 1, (t:1, i:7), 1, false, commits[s2:c1, s0:c0, s1:c0], entries: (t:1, i:8), STATEMACHINELOGENTRY, client-CFB50CAB4D08, cid=1676
2019-09-24 12:11:24,296 INFO  statemachine.SimpleStateMachine4Testing (SimpleStateMachine4Testing.java:put(198)) - s1: put 1, m0 -> (t:1, i:1), STATEMACHINELOGENTRY, client-CFB50CAB4D08, cid=1670
2019-09-24 12:11:24,297 DEBUG impl.RaftServerImpl (RaftServerImpl.java:logAppendEntries(850)) - s1@group-6E85041A3092: receive appendEntries(s2, 1, (t:1, i:8), 1, false, commits[s2:c1, s0:c0, s1:c1], entries: (t:1, i:9), STATEMACHINELOGENTRY, client-CFB50CAB4D08, cid=1677
2019-09-24 12:11:24,297 DEBUG impl.RaftServerImpl (RaftServerImpl.java:submitClientRequestAsync(533)) - s2@group-6E85041A3092: receive client request(RaftClientRequest:client-CFB50CAB4D08->s2@group-6E85041A3092, cid=1678, seq=9, RW, Message:6d38)
2019-09-24 12:11:24,297 DEBUG impl.WatchRequests (WatchRequests.java:updateIndex(142)) - s2@group-6E85041A3092-WatchRequests: update MAJORITY_COMMITTED index from 0 to 1
2019-09-24 12:11:24,298 DEBUG impl.RaftServerImpl (LeaderState.java:addPendingRequest(317)) - s2@group-6E85041A3092-LeaderState: addPendingRequest at RaftClientRequest:client-CFB50CAB4D08->s2@group-6E85041A3092, cid=1678, seq=9, RW, Message:6d38, entry=(t:1, i:10), STATEMACHINELOGENTRY, client-CFB50CAB4D08, cid=1678
2019-09-24 12:11:24,298 DEBUG impl.RaftServerImpl (RaftServerImpl.java:logAppendEntries(850)) - s0@group-6E85041A3092: receive appendEntries(s2, 1, (t:1, i:8), 1, false, commits[s2:c1, s0:c0, s1:c1], entries: (t:1, i:9), STATEMACHINELOGENTRY, client-CFB50CAB4D08, cid=1677
2019-09-24 12:11:24,298 DEBUG impl.RaftServerImpl (RaftServerImpl.java:submitClientRequestAsync(533)) - s2@group-6E85041A3092: receive client request(RaftClientRequest:client-CFB50CAB4D08->s2@group-6E85041A3092, cid=1679, seq=10, RW, Message:6d39)
2019-09-24 12:11:24,298 DEBUG impl.WatchRequests (WatchRequests.java:updateIndex(152)) - s2@group-6E85041A3092-WatchRequests: complete Watch-MAJORITY_COMMITTED(1)@39.19s?NOT_DONE
2019-09-24 12:11:24,299 DEBUG impl.RaftServerImpl (LeaderState.java:addPendingRequest(317)) - s2@group-6E85041A3092-LeaderState: addPendingRequest at RaftClientRequest:client-CFB50CAB4D08->s2@group-6E85041A3092, cid=1679, seq=10, RW, Message:6d39, entry=(t:1, i:11), STATEMACHINELOGENTRY, client-CFB50CAB4D08, cid=1679
2019-09-24 12:11:24,298 DEBUG impl.RaftServerImpl (RaftServerImpl.java:logAppendEntries(850)) - s0@group-6E85041A3092: receive appendEntries(s2, 1, (t:1, i:9), 1, false, commits[s2:c1, s0:c0, s1:c1], entries: (t:1, i:10), STATEMACHINELOGENTRY, client-CFB50CAB4D08, cid=1678
2019-09-24 12:11:24,298 DEBUG impl.RaftServerImpl (RaftServerImpl.java:logAppendEntries(850)) - s1@group-6E85041A3092: receive appendEntries(s2, 1, (t:1, i:9), 1, false, commits[s2:c1, s0:c0, s1:c1], entries: (t:1, i:10), STATEMACHINELOGENTRY, client-CFB50CAB4D08, cid=1678
2019-09-24 12:11:24,299 DEBUG impl.RaftServerImpl (RaftServerImpl.java:logAppendEntries(850)) - s0@group-6E85041A3092: receive appendEntries(s2, 1, (t:1, i:10), 2, false, commits[s2:c2, s0:c0, s1:c1], entries: (t:1, i:11), STATEMACHINELOGENTRY, client-CFB50CAB4D08, cid=1679
2019-09-24 12:11:24,299 DEBUG impl.RaftServerImpl (RaftServerImpl.java:submitClientRequestAsync(533)) - s2@group-6E85041A3092: receive client request(RaftClientRequest:client-CFB50CAB4D08->s2@group-6E85041A3092, cid=1680, seq=11, RW, Message:6d3130)
2019-09-24 12:11:24,299 DEBUG impl.RaftServerImpl (RaftServerImpl.java:logAppendEntries(850)) - s1@group-6E85041A3092: receive appendEntries(s2, 1, (t:1, i:10), 1, false, commits[s2:c1, s0:c0, s1:c1], entries: (t:1, i:11), STATEMACHINELOGENTRY, client-CFB50CAB4D08, cid=1679
2019-09-24 12:11:24,299 DEBUG impl.WatchRequests (WatchRequests.java:updateIndex(142)) - s2@group-6E85041A3092-WatchRequests: update MAJORITY index from 1 to 2
2019-09-24 12:11:24,299 DEBUG impl.UnorderedAsync (UnorderedAsync.java:lambda$sendRequestWithRetry$4(77)) - client-CFB50CAB4D08: attempt #1 receive~ RaftClientReply:client-CFB50CAB4D08->s2@group-6E85041A3092, cid=1772, SUCCESS, logIndex=0, commits[s2:c1, s0:c0, s1:c1]
2019-09-24 12:11:24,300 DEBUG impl.RaftServerImpl (LeaderState.java:addPendingRequest(317)) - s2@group-6E85041A3092-LeaderState: addPendingRequest at RaftClientRequest:client-CFB50CAB4D08->s2@group-6E85041A3092, cid=1680, seq=11, RW, Message:6d3130, entry=(t:1, i:12), STATEMACHINELOGENTRY, client-CFB50CAB4D08, cid=1680
2019-09-24 12:11:24,300 INFO  grpc.TestWatchRequestWithGrpc (WatchRequestTests.java:get(172)) - majorityCommitted-Watch(1) returns RaftClientReply:client-CFB50CAB4D08->s2@group-6E85041A3092, cid=1772, SUCCESS, logIndex=0, commits[s2:c1, s0:c0, s1:c1]
2019-09-24 12:11:24,300 DEBUG impl.RaftServerImpl (RaftServerImpl.java:submitClientRequestAsync(533)) - s2@group-6E85041A3092: receive client request(RaftClientRequest:client-CFB50CAB4D08->s2@group-6E85041A3092, cid=1681, seq=12, RW, Message:6d3131)
2019-09-24 12:11:24,300 DEBUG impl.RaftServerImpl (RaftServerImpl.java:logAppendEntries(850)) - s1@group-6E85041A3092: receive appendEntries(s2, 1, (t:1, i:11), 2, false, commits[s2:c2, s0:c0, s1:c1], entries: (t:1, i:12), STATEMACHINELOGENTRY, client-CFB50CAB4D08, cid=1680
2019-09-24 12:11:24,300 DEBUG impl.RaftServerImpl (RaftServerImpl.java:logAppendEntries(850)) - s0@group-6E85041A3092: receive appendEntries(s2, 1, (t:1, i:11), 2, false, commits[s2:c2, s0:c0, s1:c1], entries: (t:1, i:12), STATEMACHINELOGENTRY, client-CFB50CAB4D08, cid=1680
2019-09-24 12:11:24,300 DEBUG impl.RaftServerImpl (LeaderState.java:addPendingRequest(317)) - s2@group-6E85041A3092-LeaderState: addPendingRequest at RaftClientRequest:client-CFB50CAB4D08->s2@group-6E85041A3092, cid=1681, seq=12, RW, Message:6d3131, entry=(t:1, i:13), STATEMACHINELOGENTRY, client-CFB50CAB4D08, cid=1681
2019-09-24 12:11:24,301 DEBUG impl.RaftServerImpl (RaftServerImpl.java:submitClientRequestAsync(533)) - s2@group-6E85041A3092: receive client request(RaftClientRequest:client-CFB50CAB4D08->s2@group-6E85041A3092, cid=1682, seq=13, RW, Message:6d3132)
2019-09-24 12:11:24,301 DEBUG impl.RaftServerImpl (RaftServerImpl.java:logAppendEntries(850)) - s0@group-6E85041A3092: receive appendEntries(s2, 1, (t:1, i:12), 2, false, commits[s2:c2, s0:c0, s1:c1], entries: (t:1, i:13), STATEMACHINELOGENTRY, client-CFB50CAB4D08, cid=1681
2019-09-24 12:11:24,301 DEBUG impl.RaftServerImpl (LeaderState.java:addPendingRequest(317)) - s2@group-6E85041A3092-LeaderState: addPendingRequest at RaftClientRequest:client-CFB50CAB4D08->s2@group-6E85041A3092, cid=1682, seq=13, RW, Message:6d3132, entry=(t:1, i:14), STATEMACHINELOGENTRY, client-CFB50CAB4D08, cid=1682
2019-09-24 12:11:24,301 DEBUG impl.RaftServerImpl (RaftServerImpl.java:logAppendEntries(850)) - s1@group-6E85041A3092: receive appendEntries(s2, 1, (t:1, i:12), 2, false, commits[s2:c2, s0:c0, s1:c1], entries: (t:1, i:13), STATEMACHINELOGENTRY, client-CFB50CAB4D08, cid=1681
2019-09-24 12:11:24,301 DEBUG impl.RaftServerImpl (RaftServerImpl.java:submitClientRequestAsync(533)) - s2@group-6E85041A3092: receive client request(RaftClientRequest:client-CFB50CAB4D08->s2@group-6E85041A3092, cid=1683, seq=14, RW, Message:6d3133)
2019-09-24 12:11:24,301 DEBUG impl.RaftServerImpl (RaftServerImpl.java:logAppendEntries(850)) - s0@group-6E85041A3092: receive appendEntries(s2, 1, (t:1, i:13), 2, false, commits[s2:c2, s0:c0, s1:c1], entries: (t:1, i:14), STATEMACHINELOGENTRY, client-CFB50CAB4D08, cid=1682
2019-09-24 12:11:24,302 DEBUG impl.RaftServerImpl (LeaderState.java:addPendingRequest(317)) - s2@group-6E85041A3092-LeaderState: addPendingRequest at RaftClientRequest:client-CFB50CAB4D08->s2@group-6E85041A3092, cid=1683, seq=14, RW, Message:6d3133, entry=(t:1, i:15), STATEMACHINELOGENTRY, client-CFB50CAB4D08, cid=1683
2019-09-24 12:11:24,302 DEBUG impl.RaftServerImpl (RaftServerImpl.java:logAppendEntries(850)) - s1@group-6E85041A3092: receive appendEntries(s2, 1, (t:1, i:13), 2, false, commits[s2:c2, s0:c0, s1:c1], entries: (t:1, i:14), STATEMACHINELOGENTRY, client-CFB50CAB4D08, cid=1682
2019-09-24 12:11:24,302 DEBUG impl.RaftServerImpl (RaftServerImpl.java:submitClientRequestAsync(533)) - s2@group-6E85041A3092: receive client request(RaftClientRequest:client-CFB50CAB4D08->s2@group-6E85041A3092, cid=1684, seq=15, RW, Message:6d3134)
2019-09-24 12:11:24,302 DEBUG impl.RaftServerImpl (RaftServerImpl.java:logAppendEntries(850)) - s0@group-6E85041A3092: receive appendEntries(s2, 1, (t:1, i:14), 2, false, commits[s2:c2, s0:c0, s1:c1], entries: (t:1, i:15), STATEMACHINELOGENTRY, client-CFB50CAB4D08, cid=1683
2019-09-24 12:11:24,302 DEBUG impl.RaftServerImpl (LeaderState.java:addPendingRequest(317)) - s2@group-6E85041A3092-LeaderState: addPendingRequest at RaftClientRequest:client-CFB50CAB4D08->s2@group-6E85041A3092, cid=1684, seq=15, RW, Message:6d3134, entry=(t:1, i:16), STATEMACHINELOGENTRY, client-CFB50CAB4D08, cid=1684
2019-09-24 12:11:24,302 DEBUG impl.RaftServerImpl (RaftServerImpl.java:logAppendEntries(850)) - s1@group-6E85041A3092: receive appendEntries(s2, 1, (t:1, i:14), 2, false, commits[s2:c2, s0:c0, s1:c1], entries: (t:1, i:15), STATEMACHINELOGENTRY, client-CFB50CAB4D08, cid=1683
2019-09-24 12:11:24,302 DEBUG impl.RaftServerImpl (RaftServerImpl.java:submitClientRequestAsync(533)) - s2@group-6E85041A3092: receive client request(RaftClientRequest:client-CFB50CAB4D08->s2@group-6E85041A3092, cid=1685, seq=16, RW, Message:6d3135)
2019-09-24 12:11:24,303 DEBUG impl.RaftServerImpl (RaftServerImpl.java:logAppendEntries(850)) - s0@group-6E85041A3092: receive appendEntries(s2, 1, (t:1, i:15), 2, false, commits[s2:c2, s0:c0, s1:c1], entries: (t:1, i:16), STATEMACHINELOGENTRY, client-CFB50CAB4D08, cid=1684
2019-09-24 12:11:24,303 DEBUG impl.RaftServerImpl (LeaderState.java:addPendingRequest(317)) - s2@group-6E85041A3092-LeaderState: addPendingRequest at RaftClientRequest:client-CFB50CAB4D08->s2@group-6E85041A3092, cid=1685, seq=16, RW, Message:6d3135, entry=(t:1, i:17), STATEMACHINELOGENTRY, client-CFB50CAB4D08, cid=1685
2019-09-24 12:11:24,303 DEBUG impl.RaftServerImpl (RaftServerImpl.java:logAppendEntries(850)) - s1@group-6E85041A3092: receive appendEntries(s2, 1, (t:1, i:15), 2, false, commits[s2:c2, s0:c0, s1:c1], entries: (t:1, i:16), STATEMACHINELOGENTRY, client-CFB50CAB4D08, cid=1684
2019-09-24 12:11:24,303 DEBUG impl.RaftServerImpl (RaftServerImpl.java:submitClientRequestAsync(533)) - s2@group-6E85041A3092: receive client request(RaftClientRequest:client-CFB50CAB4D08->s2@group-6E85041A3092, cid=1686, seq=17, RW, Message:6d3136)
2019-09-24 12:11:24,303 DEBUG impl.RaftServerImpl (RaftServerImpl.java:logAppendEntries(850)) - s0@group-6E85041A3092: receive appendEntries(s2, 1, (t:1, i:16), 2, false, commits[s2:c2, s0:c0, s1:c1], entries: (t:1, i:17), STATEMACHINELOGENTRY, client-CFB50CAB4D08, cid=1685
2019-09-24 12:11:24,303 DEBUG impl.RaftServerImpl (LeaderState.java:addPendingRequest(317)) - s2@group-6E85041A3092-LeaderState: addPendingRequest at RaftClientRequest:client-CFB50CAB4D08->s2@group-6E85041A3092, cid=1686, seq=17, RW, Message:6d3136, entry=(t:1, i:18), STATEMACHINELOGENTRY, client-CFB50CAB4D08, cid=1686
2019-09-24 12:11:24,303 DEBUG impl.RaftServerImpl (RaftServerImpl.java:logAppendEntries(850)) - s1@group-6E85041A3092: receive appendEntries(s2, 1, (t:1, i:16), 2, false, commits[s2:c2, s0:c0, s1:c1], entries: (t:1, i:17), STATEMACHINELOGENTRY, client-CFB50CAB4D08, cid=1685
2019-09-24 12:11:24,304 DEBUG impl.RaftServerImpl (RaftServerImpl.java:submitClientRequestAsync(533)) - s2@group-6E85041A3092: receive client request(RaftClientRequest:client-CFB50CAB4D08->s2@group-6E85041A3092, cid=1687, seq=18, RW, Message:6d3137)
2019-09-24 12:11:24,304 DEBUG impl.RaftServerImpl (RaftServerImpl.java:logAppendEntries(850)) - s0@group-6E85041A3092: receive appendEntries(s2, 1, (t:1, i:17), 2, false, commits[s2:c2, s0:c0, s1:c1], entries: (t:1, i:18), STATEMACHINELOGENTRY, client-CFB50CAB4D08, cid=1686
2019-09-24 12:11:24,304 DEBUG impl.RaftServerImpl (LeaderState.java:addPendingRequest(317)) - s2@group-6E85041A3092-LeaderState: addPendingRequest at RaftClientRequest:client-CFB50CAB4D08->s2@group-6E85041A3092, cid=1687, seq=18, RW, Message:6d3137, entry=(t:1, i:19), STATEMACHINELOGENTRY, client-CFB50CAB4D08, cid=1687
2019-09-24 12:11:24,304 DEBUG impl.RaftServerImpl (RaftServerImpl.java:logAppendEntries(850)) - s1@group-6E85041A3092: receive appendEntries(s2, 1, (t:1, i:17), 2, false, commits[s2:c2, s0:c0, s1:c1], entries: (t:1, i:18), STATEMACHINELOGENTRY, client-CFB50CAB4D08, cid=1686
2019-09-24 12:11:24,304 DEBUG impl.RaftServerImpl (RaftServerImpl.java:submitClientRequestAsync(533)) - s2@group-6E85041A3092: receive client request(RaftClientRequest:client-CFB50CAB4D08->s2@group-6E85041A3092, cid=1688, seq=19, RW, Message:6d3138)
2019-09-24 12:11:24,304 DEBUG impl.RaftServerImpl (RaftServerImpl.java:logAppendEntries(850)) - s0@group-6E85041A3092: receive appendEntries(s2, 1, (t:1, i:18), 2, false, commits[s2:c2, s0:c0, s1:c1], entries: (t:1, i:19), STATEMACHINELOGENTRY, client-CFB50CAB4D08, cid=1687
2019-09-24 12:11:24,304 DEBUG impl.RaftServerImpl (LeaderState.java:addPendingRequest(317)) - s2@group-6E85041A3092-LeaderState: addPendingRequest at RaftClientRequest:client-CFB50CAB4D08->s2@group-6E85041A3092, cid=1688, seq=19, RW, Message:6d3138, entry=(t:1, i:20), STATEMACHINELOGENTRY, client-CFB50CAB4D08, cid=1688
2019-09-24 12:11:24,304 DEBUG impl.RaftServerImpl (RaftServerImpl.java:logAppendEntries(850)) - s1@group-6E85041A3092: receive appendEntries(s2, 1, (t:1, i:18), 2, false, commits[s2:c2, s0:c0, s1:c1], entries: (t:1, i:19), STATEMACHINELOGENTRY, client-CFB50CAB4D08, cid=1687
2019-09-24 12:11:24,305 DEBUG impl.RaftServerImpl (RaftServerImpl.java:logAppendEntries(850)) - s0@group-6E85041A3092: receive appendEntries(s2, 1, (t:1, i:19), 2, false, commits[s2:c2, s0:c0, s1:c1], entries: (t:1, i:20), STATEMACHINELOGENTRY, client-CFB50CAB4D08, cid=1688
2019-09-24 12:11:24,305 DEBUG impl.RaftServerImpl (RaftServerImpl.java:submitClientRequestAsync(533)) - s2@group-6E85041A3092: receive client request(RaftClientRequest:client-CFB50CAB4D08->s2@group-6E85041A3092, cid=1689, seq=20, RW, Message:6d3139)
2019-09-24 12:11:24,305 DEBUG impl.RaftServerImpl (RaftServerImpl.java:logAppendEntries(850)) - s1@group-6E85041A3092: receive appendEntries(s2, 1, (t:1, i:19), 2, false, commits[s2:c2, s0:c0, s1:c1], entries: (t:1, i:20), STATEMACHINELOGENTRY, client-CFB50CAB4D08, cid=1688
2019-09-24 12:11:24,305 DEBUG impl.RaftServerImpl (LeaderState.java:addPendingRequest(317)) - s2@group-6E85041A3092-LeaderState: addPendingRequest at RaftClientRequest:client-CFB50CAB4D08->s2@group-6E85041A3092, cid=1689, seq=20, RW, Message:6d3139, entry=(t:1, i:21), STATEMACHINELOGENTRY, client-CFB50CAB4D08, cid=1689
2019-09-24 12:11:24,305 DEBUG impl.RaftServerImpl (RaftServerImpl.java:submitClientRequestAsync(533)) - s2@group-6E85041A3092: receive client request(RaftClientRequest:client-CFB50CAB4D08->s2@group-6E85041A3092, cid=1690, seq=21, RW, Message:6d3230)
2019-09-24 12:11:24,306 DEBUG impl.RaftServerImpl (RaftServerImpl.java:logAppendEntries(850)) - s0@group-6E85041A3092: receive appendEntries(s2, 1, (t:1, i:20), 2, false, commits[s2:c2, s0:c0, s1:c1], entries: (t:1, i:21), STATEMACHINELOGENTRY, client-CFB50CAB4D08, cid=1689
2019-09-24 12:11:24,306 DEBUG impl.RaftServerImpl (LeaderState.java:addPendingRequest(317)) - s2@group-6E85041A3092-LeaderState: addPendingRequest at RaftClientRequest:client-CFB50CAB4D08->s2@group-6E85041A3092, cid=1690, seq=21, RW, Message:6d3230, entry=(t:1, i:22), STATEMACHINELOGENTRY, client-CFB50CAB4D08, cid=1690
2019-09-24 12:11:24,306 DEBUG impl.RaftServerImpl (RaftServerImpl.java:logAppendEntries(850)) - s1@group-6E85041A3092: receive appendEntries(s2, 1, (t:1, i:20), 2, false, commits[s2:c2, s0:c0, s1:c1], entries: (t:1, i:21), STATEMACHINELOGENTRY, client-CFB50CAB4D08, cid=1689
2019-09-24 12:11:24,306 DEBUG impl.RaftServerImpl (RaftServerImpl.java:submitClientRequestAsync(533)) - s2@group-6E85041A3092: receive client request(RaftClientRequest:client-CFB50CAB4D08->s2@group-6E85041A3092, cid=1691, seq=22, RW, Message:6d3231)
2019-09-24 12:11:24,306 DEBUG impl.RaftServerImpl (RaftServerImpl.java:logAppendEntries(850)) - s1@group-6E85041A3092: receive appendEntries(s2, 1, (t:1, i:21), 2, false, commits[s2:c2, s0:c0, s1:c1], entries: (t:1, i:22), STATEMACHINELOGENTRY, client-CFB50CAB4D08, cid=1690
2019-09-24 12:11:24,306 DEBUG impl.RaftServerImpl (RaftServerImpl.java:logAppendEntries(850)) - s0@group-6E85041A3092: receive appendEntries(s2, 1, (t:1, i:21), 2, false, commits[s2:c2, s0:c0, s1:c1], entries: (t:1, i:22), STATEMACHINELOGENTRY, client-CFB50CAB4D08, cid=1690
2019-09-24 12:11:24,306 DEBUG impl.RaftServerImpl (LeaderState.java:addPendingRequest(317)) - s2@group-6E85041A3092-LeaderState: addPendingRequest at RaftClientRequest:client-CFB50CAB4D08->s2@group-6E85041A3092, cid=1691, seq=22, RW, Message:6d3231, entry=(t:1, i:23), STATEMACHINELOGENTRY, client-CFB50CAB4D08, cid=1691
2019-09-24 12:11:24,307 DEBUG impl.RaftServerImpl (RaftServerImpl.java:submitClientRequestAsync(533)) - s2@group-6E85041A3092: receive client request(RaftClientRequest:client-CFB50CAB4D08->s2@group-6E85041A3092, cid=1692, seq=23, RW, Message:6d3232)
2019-09-24 12:11:24,307 DEBUG impl.RaftServerImpl (RaftServerImpl.java:logAppendEntries(850)) - s1@group-6E85041A3092: receive appendEntries(s2, 1, (t:1, i:22), 2, false, commits[s2:c2, s0:c0, s1:c1], entries: (t:1, i:23), STATEMACHINELOGENTRY, client-CFB50CAB4D08, cid=1691
2019-09-24 12:11:24,307 DEBUG impl.RaftServerImpl (LeaderState.java:addPendingRequest(317)) - s2@group-6E85041A3092-LeaderState: addPendingRequest at RaftClientRequest:client-CFB50CAB4D08->s2@group-6E85041A3092, cid=1692, seq=23, RW, Message:6d3232, entry=(t:1, i:24), STATEMACHINELOGENTRY, client-CFB50CAB4D08, cid=1692
2019-09-24 12:11:24,307 DEBUG impl.RaftServerImpl (RaftServerImpl.java:logAppendEntries(850)) - s0@group-6E85041A3092: receive appendEntries(s2, 1, (t:1, i:22), 2, false, commits[s2:c2, s0:c0, s1:c1], entries: (t:1, i:23), STATEMACHINELOGENTRY, client-CFB50CAB4D08, cid=1691
2019-09-24 12:11:24,307 DEBUG impl.RaftServerImpl (RaftServerImpl.java:submitClientRequestAsync(533)) - s2@group-6E85041A3092: receive client request(RaftClientRequest:client-CFB50CAB4D08->s2@group-6E85041A3092, cid=1693, seq=24, RW, Message:6d3233)
2019-09-24 12:11:24,307 DEBUG impl.RaftServerImpl (RaftServerImpl.java:logAppendEntries(850)) - s1@group-6E85041A3092: receive appendEntries(s2, 1, (t:1, i:23), 2, false, commits[s2:c2, s0:c0, s1:c1], entries: (t:1, i:24), STATEMACHINELOGENTRY, client-CFB50CAB4D08, cid=1692
2019-09-24 12:11:24,308 DEBUG impl.RaftServerImpl (LeaderState.java:addPendingRequest(317)) - s2@group-6E85041A3092-LeaderState: addPendingRequest at RaftClientRequest:client-CFB50CAB4D08->s2@group-6E85041A3092, cid=1693, seq=24, RW, Message:6d3233, entry=(t:1, i:25), STATEMACHINELOGENTRY, client-CFB50CAB4D08, cid=1693
2019-09-24 12:11:24,307 DEBUG impl.RaftServerImpl (RaftServerImpl.java:logAppendEntries(850)) - s0@group-6E85041A3092: receive appendEntries(s2, 1, (t:1, i:23), 2, false, commits[s2:c2, s0:c0, s1:c1], entries: (t:1, i:24), STATEMACHINELOGENTRY, client-CFB50CAB4D08, cid=1692
2019-09-24 12:11:24,308 DEBUG impl.RaftServerImpl (RaftServerImpl.java:submitClientRequestAsync(533)) - s2@group-6E85041A3092: receive client request(RaftClientRequest:client-CFB50CAB4D08->s2@group-6E85041A3092, cid=1694, seq=25, RW, Message:6d3234)
2019-09-24 12:11:24,308 DEBUG impl.RaftServerImpl (RaftServerImpl.java:logAppendEntries(850)) - s1@group-6E85041A3092: receive appendEntries(s2, 1, (t:1, i:24), 2, false, commits[s2:c2, s0:c0, s1:c1], entries: (t:1, i:25), STATEMACHINELOGENTRY, client-CFB50CAB4D08, cid=1693
2019-09-24 12:11:24,308 DEBUG impl.RaftServerImpl (LeaderState.java:addPendingRequest(317)) - s2@group-6E85041A3092-LeaderState: addPendingRequest at RaftClientRequest:client-CFB50CAB4D08->s2@group-6E85041A3092, cid=1694, seq=25, RW, Message:6d3234, entry=(t:1, i:26), STATEMACHINELOGENTRY, client-CFB50CAB4D08, cid=1694
2019-09-24 12:11:24,308 DEBUG impl.RaftServerImpl (RaftServerImpl.java:logAppendEntries(850)) - s0@group-6E85041A3092: receive appendEntries(s2, 1, (t:1, i:24), 2, false, commits[s2:c2, s0:c0, s1:c1], entries: (t:1, i:25), STATEMACHINELOGENTRY, client-CFB50CAB4D08, cid=1693
2019-09-24 12:11:24,308 DEBUG impl.RaftServerImpl (RaftServerImpl.java:logAppendEntries(850)) - s1@group-6E85041A3092: succeeded to handle AppendEntries. Reply: s2<-s1#16:OK,SUCCESS,nextIndex:6,term:1,followerCommit:1
2019-09-24 12:11:24,308 DEBUG impl.RaftServerImpl (RaftServerImpl.java:submitClientRequestAsync(533)) - s2@group-6E85041A3092: receive client request(RaftClientRequest:client-CFB50CAB4D08->s2@group-6E85041A3092, cid=1695, seq=26, RW, Message:6d3235)
2019-09-24 12:11:24,308 DEBUG impl.RaftServerImpl (RaftServerImpl.java:logAppendEntries(850)) - s1@group-6E85041A3092: succeeded to handle AppendEntries. Reply: s2<-s1#15:OK,SUCCESS,nextIndex:5,term:1,followerCommit:1
2019-09-24 12:11:24,308 DEBUG impl.RaftServerImpl (RaftServerImpl.java:logAppendEntries(850)) - s1@group-6E85041A3092: succeeded to handle AppendEntries. Reply: s2<-s1#14:OK,SUCCESS,nextIndex:4,term:1,followerCommit:1
2019-09-24 12:11:24,309 DEBUG impl.RaftServerImpl (LeaderState.java:addPendingRequest(317)) - s2@group-6E85041A3092-LeaderState: addPendingRequest at RaftClientRequest:client-CFB50CAB4D08->s2@group-6E85041A3092, cid=1695, seq=26, RW, Message:6d3235, entry=(t:1, i:27), STATEMACHINELOGENTRY, client-CFB50CAB4D08, cid=1695
2019-09-24 12:11:24,309 DEBUG impl.RaftServerImpl (RaftServerImpl.java:logAppendEntries(850)) - s0@group-6E85041A3092: receive appendEntries(s2, 1, (t:1, i:25), 2, false, commits[s2:c2, s0:c0, s1:c1], entries: (t:1, i:26), STATEMACHINELOGENTRY, client-CFB50CAB4D08, cid=1694
2019-09-24 12:11:24,309 DEBUG impl.WatchRequests (WatchRequests.java:updateIndex(142)) - s2@group-6E85041A3092-WatchRequests: update MAJORITY index from 2 to 3
2019-09-24 12:11:24,309 DEBUG impl.RaftServerImpl (RaftServerImpl.java:logAppendEntries(850)) - s1@group-6E85041A3092: succeeded to handle AppendEntries. Reply: s2<-s1#18:OK,SUCCESS,nextIndex:8,term:1,followerCommit:1
2019-09-24 12:11:24,310 DEBUG impl.RaftServerImpl (RaftServerImpl.java:logAppendEntries(850)) - s0@group-6E85041A3092: receive appendEntries(s2, 1, (t:1, i:26), 2, false, commits[s2:c2, s0:c0, s1:c1], entries: (t:1, i:27), STATEMACHINELOGENTRY, client-CFB50CAB4D08, cid=1695
2019-09-24 12:11:24,309 DEBUG impl.RaftServerImpl (RaftServerImpl.java:logAppendEntries(850)) - s1@group-6E85041A3092: succeeded to handle AppendEntries. Reply: s2<-s1#17:OK,SUCCESS,nextIndex:7,term:1,followerCommit:1
2019-09-24 12:11:24,309 DEBUG impl.RaftServerImpl (RaftServerImpl.java:logAppendEntries(850)) - s1@group-6E85041A3092: receive appendEntries(s2, 1, (t:1, i:25), 2, false, commits[s2:c2, s0:c0, s1:c1], entries: (t:1, i:26), STATEMACHINELOGENTRY, client-CFB50CAB4D08, cid=1694
2019-09-24 12:11:24,310 DEBUG impl.RaftServerImpl (RaftServerImpl.java:logAppendEntries(850)) - s1@group-6E85041A3092: succeeded to handle AppendEntries. Reply: s2<-s1#22:OK,SUCCESS,nextIndex:12,term:1,followerCommit:1
2019-09-24 12:11:24,310 DEBUG impl.RaftServerImpl (RaftServerImpl.java:logAppendEntries(850)) - s1@group-6E85041A3092: succeeded to handle AppendEntries. Reply: s2<-s1#23:OK,SUCCESS,nextIndex:13,term:1,followerCommit:2
2019-09-24 12:11:24,310 DEBUG impl.RaftServerImpl (RaftServerImpl.java:logAppendEntries(850)) - s0@group-6E85041A3092: receive appendEntries(s2, 1, (t:1, i:27), 5, false, commits[s2:c5, s0:c0, s1:c1], entries: (t:1, i:28), METADATAENTRY(c3)
2019-09-24 12:11:24,310 DEBUG impl.RaftServerImpl (RaftServerImpl.java:logAppendEntries(850)) - s1@group-6E85041A3092: succeeded to handle AppendEntries. Reply: s2<-s1#21:OK,SUCCESS,nextIndex:11,term:1,followerCommit:1
2019-09-24 12:11:24,311 DEBUG impl.RaftServerImpl (RaftServerImpl.java:logAppendEntries(850)) - s1@group-6E85041A3092: succeeded to handle AppendEntries. Reply: s2<-s1#28:OK,SUCCESS,nextIndex:18,term:1,followerCommit:2
2019-09-24 12:11:24,310 DEBUG impl.RaftServerImpl (RaftServerImpl.java:logAppendEntries(850)) - s1@group-6E85041A3092: succeeded to handle AppendEntries. Reply: s2<-s1#20:OK,SUCCESS,nextIndex:10,term:1,followerCommit:1
2019-09-24 12:11:24,310 DEBUG impl.RaftServerImpl (RaftServerImpl.java:logAppendEntries(850)) - s1@group-6E85041A3092: succeeded to handle AppendEntries. Reply: s2<-s1#19:OK,SUCCESS,nextIndex:9,term:1,followerCommit:1
2019-09-24 12:11:24,309 DEBUG impl.WatchRequests (WatchRequests.java:updateIndex(142)) - s2@group-6E85041A3092-WatchRequests: update MAJORITY index from 3 to 5
2019-09-24 12:11:24,309 INFO  statemachine.SimpleStateMachine4Testing (SimpleStateMachine4Testing.java:put(198)) - s2: put 3, m1 -> (t:1, i:3), STATEMACHINELOGENTRY, client-CFB50CAB4D08, cid=1671
2019-09-24 12:11:24,309 DEBUG impl.RaftServerImpl (RaftServerImpl.java:submitClientRequestAsync(533)) - s2@group-6E85041A3092: receive client request(RaftClientRequest:client-CFB50CAB4D08->s2@group-6E85041A3092, cid=1696, seq=27, RW, Message:6d3236)
2019-09-24 12:11:24,311 DEBUG impl.RaftServerImpl (RaftServerImpl.java:logAppendEntries(850)) - s1@group-6E85041A3092: succeeded to handle AppendEntries. Reply: s2<-s1#36:OK,SUCCESS,nextIndex:26,term:1,followerCommit:2
2019-09-24 12:11:24,312 DEBUG impl.RaftServerImpl (RaftServerImpl.java:logAppendEntries(850)) - s0@group-6E85041A3092: receive appendEntries(s2, 1, (t:1, i:28), 7, false, commits[s2:c7, s0:c0, s1:c1], entries: (t:1, i:29), METADATAENTRY(c5)
2019-09-24 12:11:24,311 DEBUG impl.WatchRequests (WatchRequests.java:updateIndex(142)) - s2@group-6E85041A3092-WatchRequests: update MAJORITY index from 5 to 7
2019-09-24 12:11:24,311 DEBUG impl.RaftServerImpl (RaftServerImpl.java:logAppendEntries(850)) - s1@group-6E85041A3092: succeeded to handle AppendEntries. Reply: s2<-s1#35:OK,SUCCESS,nextIndex:25,term:1,followerCommit:2
2019-09-24 12:11:24,311 DEBUG impl.RaftServerImpl (RaftServerImpl.java:logAppendEntries(850)) - s1@group-6E85041A3092: succeeded to handle AppendEntries. Reply: s2<-s1#34:OK,SUCCESS,nextIndex:24,term:1,followerCommit:2
2019-09-24 12:11:24,311 DEBUG impl.RaftServerImpl (RaftServerImpl.java:logAppendEntries(850)) - s1@group-6E85041A3092: succeeded to handle AppendEntries. Reply: s2<-s1#33:OK,SUCCESS,nextIndex:23,term:1,followerCommit:2
2019-09-24 12:11:24,311 DEBUG impl.RaftServerImpl (RaftServerImpl.java:logAppendEntries(850)) - s1@group-6E85041A3092: succeeded to handle AppendEntries. Reply: s2<-s1#32:OK,SUCCESS,nextIndex:22,term:1,followerCommit:2
2019-09-24 12:11:24,311 DEBUG impl.RaftServerImpl (RaftServerImpl.java:logAppendEntries(850)) - s1@group-6E85041A3092: succeeded to handle AppendEntries. Reply: s2<-s1#31:OK,SUCCESS,nextIndex:21,term:1,followerCommit:2
2019-09-24 12:11:24,311 DEBUG impl.RaftServerImpl (RaftServerImpl.java:logAppendEntries(850)) - s1@group-6E85041A3092: succeeded to handle AppendEntries. Reply: s2<-s1#30:OK,SUCCESS,nextIndex:20,term:1,followerCommit:2
2019-09-24 12:11:24,311 DEBUG impl.RaftServerImpl (RaftServerImpl.java:logAppendEntries(850)) - s1@group-6E85041A3092: succeeded to handle AppendEntries. Reply: s2<-s1#29:OK,SUCCESS,nextIndex:19,term:1,followerCommit:2
2019-09-24 12:11:24,311 DEBUG impl.RaftServerImpl (RaftServerImpl.java:logAppendEntries(850)) - s1@group-6E85041A3092: succeeded to handle AppendEntries. Reply: s2<-s1#27:OK,SUCCESS,nextIndex:17,term:1,followerCommit:2
2019-09-24 12:11:24,310 DEBUG impl.RaftServerImpl (RaftServerImpl.java:logAppendEntries(850)) - s1@group-6E85041A3092: succeeded to handle AppendEntries. Reply: s2<-s1#26:OK,SUCCESS,nextIndex:16,term:1,followerCommit:2
2019-09-24 12:11:24,310 DEBUG impl.RaftServerImpl (RaftServerImpl.java:logAppendEntries(850)) - s1@group-6E85041A3092: receive appendEntries(s2, 1, (t:1, i:26), 2, false, commits[s2:c2, s0:c0, s1:c1], entries: (t:1, i:27), STATEMACHINELOGENTRY, client-CFB50CAB4D08, cid=1695
2019-09-24 12:11:24,310 DEBUG impl.RaftServerImpl (RaftServerImpl.java:logAppendEntries(850)) - s1@group-6E85041A3092: succeeded to handle AppendEntries. Reply: s2<-s1#25:OK,SUCCESS,nextIndex:15,term:1,followerCommit:2
2019-09-24 12:11:24,310 DEBUG impl.RaftServerImpl (RaftServerImpl.java:logAppendEntries(850)) - s1@group-6E85041A3092: succeeded to handle AppendEntries. Reply: s2<-s1#24:OK,SUCCESS,nextIndex:14,term:1,followerCommit:2
2019-09-24 12:11:24,312 DEBUG impl.RaftServerImpl (RaftServerImpl.java:logAppendEntries(850)) - s0@group-6E85041A3092: receive appendEntries(s2, 1, (t:1, i:29), 7, false, commits[s2:c7, s0:c0, s1:c2], entries: (t:1, i:30), METADATAENTRY(c7)
2019-09-24 12:11:24,312 DEBUG impl.WatchRequests (WatchRequests.java:updateIndex(142)) - s2@group-6E85041A3092-WatchRequests: update MAJORITY_COMMITTED index from 1 to 2
2019-09-24 12:11:24,313 DEBUG impl.RaftServerImpl (RaftServerImpl.java:logAppendEntries(850)) - s1@group-6E85041A3092: receive appendEntries(s2, 1, (t:1, i:27), 5, false, commits[s2:c5, s0:c0, s1:c1], entries: (t:1, i:28), METADATAENTRY(c3)
2019-09-24 12:11:24,313 DEBUG impl.WatchRequests (WatchRequests.java:updateIndex(142)) - s2@group-6E85041A3092-WatchRequests: update MAJORITY index from 7 to 12
2019-09-24 12:11:24,313 DEBUG impl.WatchRequests (WatchRequests.java:updateIndex(142)) - s2@group-6E85041A3092-WatchRequests: update MAJORITY index from 12 to 14
2019-09-24 12:11:24,314 DEBUG impl.RaftServerImpl (RaftServerImpl.java:logAppendEntries(850)) - s1@group-6E85041A3092: receive appendEntries(s2, 1, (t:1, i:28), 7, false, commits[s2:c7, s0:c0, s1:c1], entries: (t:1, i:29), METADATAENTRY(c5)
2019-09-24 12:11:24,314 DEBUG impl.WatchRequests (WatchRequests.java:updateIndex(142)) - s2@group-6E85041A3092-WatchRequests: update MAJORITY index from 14 to 15
2019-09-24 12:11:24,314 DEBUG impl.RaftServerImpl (RaftServerImpl.java:logAppendEntries(850)) - s0@group-6E85041A3092: receive appendEntries(s2, 1, (t:1, i:30), 14, false, commits[s2:c14, s0:c0, s1:c2], entries: (t:1, i:31), METADATAENTRY(c12)
2019-09-24 12:11:24,314 DEBUG impl.WatchRequests (WatchRequests.java:updateIndex(142)) - s2@group-6E85041A3092-WatchRequests: update MAJORITY index from 15 to 22
2019-09-24 12:11:24,314 DEBUG impl.RaftServerImpl (RaftServerImpl.java:logAppendEntries(850)) - s1@group-6E85041A3092: receive appendEntries(s2, 1, (t:1, i:29), 7, false, commits[s2:c7, s0:c0, s1:c2], entries: (t:1, i:30), METADATAENTRY(c7)
2019-09-24 12:11:24,314 DEBUG impl.RaftServerImpl (RaftServerImpl.java:logAppendEntries(850)) - s0@group-6E85041A3092: receive appendEntries(s2, 1, (t:1, i:31), 14, false, commits[s2:c14, s0:c0, s1:c2], entries: (t:1, i:32), METADATAENTRY(c14)
2019-09-24 12:11:24,314 DEBUG impl.WatchRequests (WatchRequests.java:updateIndex(142)) - s2@group-6E85041A3092-WatchRequests: update MAJORITY index from 22 to 25
2019-09-24 12:11:24,314 DEBUG impl.RaftServerImpl (RaftServerImpl.java:logAppendEntries(850)) - s1@group-6E85041A3092: receive appendEntries(s2, 1, (t:1, i:30), 14, false, commits[s2:c14, s0:c0, s1:c2], entries: (t:1, i:31), METADATAENTRY(c12)
2019-09-24 12:11:24,315 DEBUG impl.RaftServerImpl (RaftServerImpl.java:logAppendEntries(850)) - s0@group-6E85041A3092: receive appendEntries(s2, 1, (t:1, i:32), 22, false, commits[s2:c22, s0:c0, s1:c2], entries: (t:1, i:33), METADATAENTRY(c15)
2019-09-24 12:11:24,315 DEBUG impl.RaftServerImpl (RaftServerImpl.java:logAppendEntries(850)) - s1@group-6E85041A3092: receive appendEntries(s2, 1, (t:1, i:31), 15, false, commits[s2:c15, s0:c0, s1:c2], entries: (t:1, i:32), METADATAENTRY(c14)
2019-09-24 12:11:24,315 DEBUG impl.RaftServerImpl (LeaderState.java:addPendingRequest(317)) - s2@group-6E85041A3092-LeaderState: addPendingRequest at RaftClientRequest:client-CFB50CAB4D08->s2@group-6E85041A3092, cid=1696, seq=27, RW, Message:6d3236, entry=(t:1, i:36), STATEMACHINELOGENTRY, client-CFB50CAB4D08, cid=1696
2019-09-24 12:11:24,315 DEBUG impl.RaftServerImpl (RaftServerImpl.java:logAppendEntries(850)) - s1@group-6E85041A3092: receive appendEntries(s2, 1, (t:1, i:32), 15, false, commits[s2:c15, s0:c0, s1:c2], entries: (t:1, i:33), METADATAENTRY(c15)
2019-09-24 12:11:24,315 DEBUG impl.RaftServerImpl (RaftServerImpl.java:logAppendEntries(850)) - s0@group-6E85041A3092: receive appendEntries(s2, 1, (t:1, i:33), 25, false, commits[s2:c25, s0:c0, s1:c2], entries: (t:1, i:34), METADATAENTRY(c22)
2019-09-24 12:11:24,315 DEBUG impl.RaftServerImpl (RaftServerImpl.java:logAppendEntries(850)) - s1@group-6E85041A3092: receive appendEntries(s2, 1, (t:1, i:33), 22, false, commits[s2:c22, s0:c0, s1:c2], entries: (t:1, i:34), METADATAENTRY(c22)
2019-09-24 12:11:24,315 INFO  statemachine.SimpleStateMachine4Testing (SimpleStateMachine4Testing.java:put(198)) - s2: put 4, m2 -> (t:1, i:4), STATEMACHINELOGENTRY, client-CFB50CAB4D08, cid=1672
2019-09-24 12:11:24,315 DEBUG impl.RaftServerImpl (RaftServerImpl.java:submitClientRequestAsync(533)) - s2@group-6E85041A3092: receive client request(RaftClientRequest:client-CFB50CAB4D08->s2@group-6E85041A3092, cid=1697, seq=28, RW, Message:6d3237)
2019-09-24 12:11:24,316 INFO  statemachine.SimpleStateMachine4Testing (SimpleStateMachine4Testing.java:put(198)) - s2: put 5, m3 -> (t:1, i:5), STATEMACHINELOGENTRY, client-CFB50CAB4D08, cid=1673
2019-09-24 12:11:24,316 DEBUG impl.RaftServerImpl (RaftServerImpl.java:logAppendEntries(850)) - s1@group-6E85041A3092: receive appendEntries(s2, 1, (t:1, i:34), 25, false, commits[s2:c25, s0:c0, s1:c2], entries: (t:1, i:35), METADATAENTRY(c25)
2019-09-24 12:11:24,315 DEBUG impl.RaftServerImpl (RaftServerImpl.java:logAppendEntries(850)) - s0@group-6E85041A3092: receive appendEntries(s2, 1, (t:1, i:34), 25, false, commits[s2:c25, s0:c0, s1:c2], entries: (t:1, i:35), METADATAENTRY(c25)
2019-09-24 12:11:24,316 DEBUG impl.RaftServerImpl (RaftServerImpl.java:logAppendEntries(850)) - s1@group-6E85041A3092: receive appendEntries(s2, 1, (t:1, i:35), 25, false, commits[s2:c25, s0:c0, s1:c2], entries: (t:1, i:36), STATEMACHINELOGENTRY, client-CFB50CAB4D08, cid=1696
2019-09-24 12:11:24,316 DEBUG impl.RaftServerImpl (LeaderState.java:addPendingRequest(317)) - s2@group-6E85041A3092-LeaderState: addPendingRequest at RaftClientRequest:client-CFB50CAB4D08->s2@group-6E85041A3092, cid=1697, seq=28, RW, Message:6d3237, entry=(t:1, i:37), STATEMACHINELOGENTRY, client-CFB50CAB4D08, cid=1697
2019-09-24 12:11:24,316 DEBUG impl.RaftServerImpl (RaftServerImpl.java:logAppendEntries(850)) - s0@group-6E85041A3092: receive appendEntries(s2, 1, (t:1, i:35), 25, false, commits[s2:c25, s0:c0, s1:c2], entries: (t:1, i:36), STATEMACHINELOGENTRY, client-CFB50CAB4D08, cid=1696
2019-09-24 12:11:24,316 INFO  statemachine.SimpleStateMachine4Testing (SimpleStateMachine4Testing.java:put(198)) - s2: put 6, m4 -> (t:1, i:6), STATEMACHINELOGENTRY, client-CFB50CAB4D08, cid=1674
2019-09-24 12:11:24,317 DEBUG impl.RaftServerImpl (RaftServerImpl.java:logAppendEntries(850)) - s1@group-6E85041A3092: receive appendEntries(s2, 1, (t:1, i:36), 25, false, commits[s2:c25, s0:c0, s1:c2], entries: (t:1, i:37), STATEMACHINELOGENTRY, client-CFB50CAB4D08, cid=1697
2019-09-24 12:11:24,317 DEBUG client.GrpcClientProtocolService (GrpcClientProtocolService.java:sendReply(353)) - 0-OrderedRequestStreamObserver0: sendReply seq=2, RaftClientReply:client-CFB50CAB4D08->s2@group-6E85041A3092, cid=1671, SUCCESS, logIndex=3, commits[s2:c5, s0:c0, s1:c1]
2019-09-24 12:11:24,317 INFO  statemachine.SimpleStateMachine4Testing (SimpleStateMachine4Testing.java:put(198)) - s2: put 7, m5 -> (t:1, i:7), STATEMACHINELOGENTRY, client-CFB50CAB4D08, cid=1675
2019-09-24 12:11:24,317 DEBUG impl.RaftServerImpl (RaftServerImpl.java:logAppendEntries(850)) - s0@group-6E85041A3092: receive appendEntries(s2, 1, (t:1, i:36), 25, false, commits[s2:c25, s0:c0, s1:c2], entries: (t:1, i:37), STATEMACHINELOGENTRY, client-CFB50CAB4D08, cid=1697
2019-09-24 12:11:24,318 INFO  statemachine.SimpleStateMachine4Testing (SimpleStateMachine4Testing.java:put(198)) - s2: put 8, m6 -> (t:1, i:8), STATEMACHINELOGENTRY, client-CFB50CAB4D08, cid=1676
2019-09-24 12:11:24,318 DEBUG client.GrpcClientProtocolService (GrpcClientProtocolService.java:sendReply(353)) - 0-OrderedRequestStreamObserver0: sendReply seq=3, RaftClientReply:client-CFB50CAB4D08->s2@group-6E85041A3092, cid=1672, SUCCESS, logIndex=4, commits[s2:c25, s0:c0, s1:c2]
2019-09-24 12:11:24,318 INFO  grpc.TestWatchRequestWithGrpc (WatchRequestTests.java:lambda$sendRequests$0(99)) - SEND_WATCH: message=m1, logIndex=3
2019-09-24 12:11:24,318 INFO  statemachine.SimpleStateMachine4Testing (SimpleStateMachine4Testing.java:put(198)) - s2: put 9, m7 -> (t:1, i:9), STATEMACHINELOGENTRY, client-CFB50CAB4D08, cid=1677
2019-09-24 12:11:24,318 DEBUG impl.UnorderedAsync (UnorderedAsync.java:sendRequestWithRetry(74)) - client-CFB50CAB4D08: attempt #1 send~ RaftClientRequest:client-CFB50CAB4D08->s2@group-6E85041A3092, cid=1774, seq=0, Watch(3), null
2019-09-24 12:11:24,318 INFO  statemachine.SimpleStateMachine4Testing (SimpleStateMachine4Testing.java:put(198)) - s2: put 10, m8 -> (t:1, i:10), STATEMACHINELOGENTRY, client-CFB50CAB4D08, cid=1678
2019-09-24 12:11:24,318 DEBUG impl.UnorderedAsync (UnorderedAsync.java:sendRequestWithRetry(74)) - client-CFB50CAB4D08: attempt #1 send~ RaftClientRequest:client-CFB50CAB4D08->s2@group-6E85041A3092, cid=1775, seq=0, Watch-ALL(3), null
2019-09-24 12:11:24,318 DEBUG client.GrpcClientProtocolService (GrpcClientProtocolService.java:sendReply(353)) - 0-OrderedRequestStreamObserver0: sendReply seq=4, RaftClientReply:client-CFB50CAB4D08->s2@group-6E85041A3092, cid=1673, SUCCESS, logIndex=5, commits[s2:c25, s0:c0, s1:c2]
2019-09-24 12:11:24,318 DEBUG impl.UnorderedAsync (UnorderedAsync.java:sendRequestWithRetry(74)) - client-CFB50CAB4D08: attempt #1 send~ RaftClientRequest:client-CFB50CAB4D08->s2@group-6E85041A3092, cid=1776, seq=0, Watch-MAJORITY_COMMITTED(3), null
2019-09-24 12:11:24,318 DEBUG impl.RaftServerImpl (RaftServerImpl.java:submitClientRequestAsync(533)) - s2@group-6E85041A3092: receive client request(RaftClientRequest:client-CFB50CAB4D08->s2@group-6E85041A3092, cid=1774, seq=0, Watch(3), Message:<EMPTY>)
2019-09-24 12:11:24,318 INFO  statemachine.SimpleStateMachine4Testing (SimpleStateMachine4Testing.java:put(198)) - s2: put 11, m9 -> (t:1, i:11), STATEMACHINELOGENTRY, client-CFB50CAB4D08, cid=1679
2019-09-24 12:11:24,319 DEBUG impl.RaftServerImpl (LeaderState.java:addWatchReqeust(324)) - s2@group-6E85041A3092-LeaderState: addWatchRequest RaftClientRequest:client-CFB50CAB4D08->s2@group-6E85041A3092, cid=1774, seq=0, Watch(3), Message:<EMPTY>
2019-09-24 12:11:24,319 DEBUG impl.UnorderedAsync (UnorderedAsync.java:sendRequestWithRetry(74)) - client-CFB50CAB4D08: attempt #1 send~ RaftClientRequest:client-CFB50CAB4D08->s2@group-6E85041A3092, cid=1777, seq=0, Watch-ALL_COMMITTED(3), null
2019-09-24 12:11:24,319 DEBUG client.GrpcClientProtocolService (GrpcClientProtocolService.java:sendReply(353)) - 0-OrderedRequestStreamObserver0: sendReply seq=5, RaftClientReply:client-CFB50CAB4D08->s2@group-6E85041A3092, cid=1674, SUCCESS, logIndex=6, commits[s2:c25, s0:c0, s1:c2]
2019-09-24 12:11:24,319 DEBUG impl.RaftServerImpl (RaftServerImpl.java:submitClientRequestAsync(533)) - s2@group-6E85041A3092: receive client request(RaftClientRequest:client-CFB50CAB4D08->s2@group-6E85041A3092, cid=1775, seq=0, Watch-ALL(3), Message:<EMPTY>)
2019-09-24 12:11:24,319 INFO  statemachine.SimpleStateMachine4Testing (SimpleStateMachine4Testing.java:put(198)) - s2: put 12, m10 -> (t:1, i:12), STATEMACHINELOGENTRY, client-CFB50CAB4D08, cid=1680
2019-09-24 12:11:24,319 DEBUG impl.RaftServerImpl (LeaderState.java:addWatchReqeust(324)) - s2@group-6E85041A3092-LeaderState: addWatchRequest RaftClientRequest:client-CFB50CAB4D08->s2@group-6E85041A3092, cid=1775, seq=0, Watch-ALL(3), Message:<EMPTY>
2019-09-24 12:11:24,319 INFO  grpc.TestWatchRequestWithGrpc (WatchRequestTests.java:lambda$sendRequests$0(99)) - SEND_WATCH: message=m2, logIndex=4
2019-09-24 12:11:24,319 DEBUG client.GrpcClientProtocolService (GrpcClientProtocolService.java:sendReply(353)) - 0-OrderedRequestStreamObserver0: sendReply seq=6, RaftClientReply:client-CFB50CAB4D08->s2@group-6E85041A3092, cid=1675, SUCCESS, logIndex=7, commits[s2:c25, s0:c0, s1:c2]
2019-09-24 12:11:24,319 INFO  grpc.TestWatchRequestWithGrpc (WatchRequestTests.java:checkMajority(230)) - checkMajority 1: receive RaftClientReply:client-CFB50CAB4D08->s2@group-6E85041A3092, cid=1671, SUCCESS, logIndex=3, commits[s2:c5, s0:c0, s1:c1]
2019-09-24 12:11:24,320 DEBUG client.GrpcClientProtocolService (GrpcClientProtocolService.java:sendReply(353)) - 0-OrderedRequestStreamObserver0: sendReply seq=7, RaftClientReply:client-CFB50CAB4D08->s2@group-6E85041A3092, cid=1676, SUCCESS, logIndex=8, commits[s2:c25, s0:c0, s1:c2]
2019-09-24 12:11:24,320 DEBUG impl.UnorderedAsync (UnorderedAsync.java:sendRequestWithRetry(74)) - client-CFB50CAB4D08: attempt #1 send~ RaftClientRequest:client-CFB50CAB4D08->s2@group-6E85041A3092, cid=1778, seq=0, Watch(4), null
2019-09-24 12:11:24,320 DEBUG impl.RaftServerImpl (RaftServerImpl.java:submitClientRequestAsync(533)) - s2@group-6E85041A3092: receive client request(RaftClientRequest:client-CFB50CAB4D08->s2@group-6E85041A3092, cid=1776, seq=0, Watch-MAJORITY_COMMITTED(3), Message:<EMPTY>)
2019-09-24 12:11:24,320 INFO  statemachine.SimpleStateMachine4Testing (SimpleStateMachine4Testing.java:put(198)) - s2: put 13, m11 -> (t:1, i:13), STATEMACHINELOGENTRY, client-CFB50CAB4D08, cid=1681
2019-09-24 12:11:24,320 DEBUG impl.UnorderedAsync (UnorderedAsync.java:lambda$sendRequestWithRetry$4(77)) - client-CFB50CAB4D08: attempt #1 receive~ RaftClientReply:client-CFB50CAB4D08->s2@group-6E85041A3092, cid=1774, SUCCESS, logIndex=0, commits[s2:c25, s0:c0, s1:c2]
2019-09-24 12:11:24,321 DEBUG impl.RaftServerImpl (LeaderState.java:addWatchReqeust(324)) - s2@group-6E85041A3092-LeaderState: addWatchRequest RaftClientRequest:client-CFB50CAB4D08->s2@group-6E85041A3092, cid=1776, seq=0, Watch-MAJORITY_COMMITTED(3), Message:<EMPTY>
2019-09-24 12:11:24,321 DEBUG impl.UnorderedAsync (UnorderedAsync.java:sendRequestWithRetry(74)) - client-CFB50CAB4D08: attempt #1 send~ RaftClientRequest:client-CFB50CAB4D08->s2@group-6E85041A3092, cid=1779, seq=0, Watch-ALL(4), null
2019-09-24 12:11:24,321 DEBUG impl.RaftServerImpl (RaftServerImpl.java:submitClientRequestAsync(533)) - s2@group-6E85041A3092: receive client request(RaftClientRequest:client-CFB50CAB4D08->s2@group-6E85041A3092, cid=1698, seq=29, RW, Message:6d3238)
2019-09-24 12:11:24,322 DEBUG impl.UnorderedAsync (UnorderedAsync.java:sendRequestWithRetry(74)) - client-CFB50CAB4D08: attempt #1 send~ RaftClientRequest:client-CFB50CAB4D08->s2@group-6E85041A3092, cid=1780, seq=0, Watch-MAJORITY_COMMITTED(4), null
2019-09-24 12:11:24,321 DEBUG impl.RaftServerImpl (RaftServerImpl.java:submitClientRequestAsync(533)) - s2@group-6E85041A3092: receive client request(RaftClientRequest:client-CFB50CAB4D08->s2@group-6E85041A3092, cid=1777, seq=0, Watch-ALL_COMMITTED(3), Message:<EMPTY>)
2019-09-24 12:11:24,321 INFO  grpc.TestWatchRequestWithGrpc (WatchRequestTests.java:get(172)) - majority-Watch(3) returns RaftClientReply:client-CFB50CAB4D08->s2@group-6E85041A3092, cid=1774, SUCCESS, logIndex=0, commits[s2:c25, s0:c0, s1:c2]
2019-09-24 12:11:24,321 INFO  statemachine.SimpleStateMachine4Testing (SimpleStateMachine4Testing.java:put(198)) - s2: put 14, m12 -> (t:1, i:14), STATEMACHINELOGENTRY, client-CFB50CAB4D08, cid=1682
2019-09-24 12:11:24,322 DEBUG impl.RaftServerImpl (LeaderState.java:addWatchReqeust(324)) - s2@group-6E85041A3092-LeaderState: addWatchRequest RaftClientRequest:client-CFB50CAB4D08->s2@group-6E85041A3092, cid=1777, seq=0, Watch-ALL_COMMITTED(3), Message:<EMPTY>
2019-09-24 12:11:24,322 DEBUG impl.RaftServerImpl (LeaderState.java:addPendingRequest(317)) - s2@group-6E85041A3092-LeaderState: addPendingRequest at RaftClientRequest:client-CFB50CAB4D08->s2@group-6E85041A3092, cid=1698, seq=29, RW, Message:6d3238, entry=(t:1, i:38), STATEMACHINELOGENTRY, client-CFB50CAB4D08, cid=1698
2019-09-24 12:11:24,322 DEBUG impl.UnorderedAsync (UnorderedAsync.java:sendRequestWithRetry(74)) - client-CFB50CAB4D08: attempt #1 send~ RaftClientRequest:client-CFB50CAB4D08->s2@group-6E85041A3092, cid=1781, seq=0, Watch-ALL_COMMITTED(4), null
2019-09-24 12:11:24,323 DEBUG impl.RaftServerImpl (RaftServerImpl.java:logAppendEntries(850)) - s1@group-6E85041A3092: succeeded to handle AppendEntries. Reply: s2<-s1#37:OK,SUCCESS,nextIndex:27,term:1,followerCommit:2
2019-09-24 12:11:24,323 INFO  grpc.TestWatchRequestWithGrpc (WatchRequestTests.java:lambda$sendRequests$0(99)) - SEND_WATCH: message=m3, logIndex=5
2019-09-24 12:11:24,323 DEBUG impl.RaftServerImpl (RaftServerImpl.java:submitClientRequestAsync(533)) - s2@group-6E85041A3092: receive client request(RaftClientRequest:client-CFB50CAB4D08->s2@group-6E85041A3092, cid=1778, seq=0, Watch(4), Message:<EMPTY>)
2019-09-24 12:11:24,324 DEBUG impl.WatchRequests (WatchRequests.java:updateIndex(142)) - s2@group-6E85041A3092-WatchRequests: update MAJORITY index from 25 to 26
2019-09-24 12:11:24,323 DEBUG impl.UnorderedAsync (UnorderedAsync.java:sendRequestWithRetry(74)) - client-CFB50CAB4D08: attempt #1 send~ RaftClientRequest:client-CFB50CAB4D08->s2@group-6E85041A3092, cid=1782, seq=0, Watch(5), null
2019-09-24 12:11:24,323 DEBUG impl.RaftServerImpl (RaftServerImpl.java:logAppendEntries(850)) - s0@group-6E85041A3092: receive appendEntries(s2, 1, (t:1, i:37), 25, false, commits[s2:c25, s0:c0, s1:c2], entries: (t:1, i:38), STATEMACHINELOGENTRY, client-CFB50CAB4D08, cid=1698
2019-09-24 12:11:24,323 DEBUG impl.RaftServerImpl (RaftServerImpl.java:submitClientRequestAsync(533)) - s2@group-6E85041A3092: receive client request(RaftClientRequest:client-CFB50CAB4D08->s2@group-6E85041A3092, cid=1699, seq=30, RW, Message:6d3239)
2019-09-24 12:11:24,323 DEBUG impl.RaftServerImpl (RaftServerImpl.java:logAppendEntries(850)) - s1@group-6E85041A3092: receive appendEntries(s2, 1, (t:1, i:37), 25, false, commits[s2:c25, s0:c0, s1:c2], entries: (t:1, i:38), STATEMACHINELOGENTRY, client-CFB50CAB4D08, cid=1698
2019-09-24 12:11:24,323 INFO  statemachine.SimpleStateMachine4Testing (SimpleStateMachine4Testing.java:put(198)) - s2: put 15, m13 -> (t:1, i:15), STATEMACHINELOGENTRY, client-CFB50CAB4D08, cid=1683
2019-09-24 12:11:24,324 DEBUG impl.RaftServerImpl (LeaderState.java:addPendingRequest(317)) - s2@group-6E85041A3092-LeaderState: addPendingRequest at RaftClientRequest:client-CFB50CAB4D08->s2@group-6E85041A3092, cid=1699, seq=30, RW, Message:6d3239, entry=(t:1, i:40), STATEMACHINELOGENTRY, client-CFB50CAB4D08, cid=1699
2019-09-24 12:11:24,324 DEBUG impl.RaftServerImpl (RaftServerImpl.java:logAppendEntries(850)) - s0@group-6E85041A3092: receive appendEntries(s2, 1, (t:1, i:38), 26, false, commits[s2:c26, s0:c0, s1:c2], entries: (t:1, i:39), METADATAENTRY(c26)
2019-09-24 12:11:24,324 DEBUG impl.UnorderedAsync (UnorderedAsync.java:sendRequestWithRetry(74)) - client-CFB50CAB4D08: attempt #1 send~ RaftClientRequest:client-CFB50CAB4D08->s2@group-6E85041A3092, cid=1783, seq=0, Watch-ALL(5), null
2019-09-24 12:11:24,324 DEBUG impl.RaftServerImpl (LeaderState.java:addWatchReqeust(324)) - s2@group-6E85041A3092-LeaderState: addWatchRequest RaftClientRequest:client-CFB50CAB4D08->s2@group-6E85041A3092, cid=1778, seq=0, Watch(4), Message:<EMPTY>
2019-09-24 12:11:24,325 DEBUG impl.UnorderedAsync (UnorderedAsync.java:sendRequestWithRetry(74)) - client-CFB50CAB4D08: attempt #1 send~ RaftClientRequest:client-CFB50CAB4D08->s2@group-6E85041A3092, cid=1784, seq=0, Watch-MAJORITY_COMMITTED(5), null
2019-09-24 12:11:24,325 DEBUG impl.RaftServerImpl (RaftServerImpl.java:logAppendEntries(850)) - s0@group-6E85041A3092: receive appendEntries(s2, 1, (t:1, i:39), 26, false, commits[s2:c26, s0:c0, s1:c2], entries: (t:1, i:40), STATEMACHINELOGENTRY, client-CFB50CAB4D08, cid=1699
2019-09-24 12:11:24,325 DEBUG impl.RaftServerImpl (RaftServerImpl.java:submitClientRequestAsync(533)) - s2@group-6E85041A3092: receive client request(RaftClientRequest:client-CFB50CAB4D08->s2@group-6E85041A3092, cid=1700, seq=31, RW, Message:6d3330)
2019-09-24 12:11:24,326 DEBUG impl.UnorderedAsync (UnorderedAsync.java:lambda$sendRequestWithRetry$4(77)) - client-CFB50CAB4D08: attempt #1 receive~ RaftClientReply:client-CFB50CAB4D08->s2@group-6E85041A3092, cid=1778, SUCCESS, logIndex=0, commits[s2:c26, s0:c0, s1:c2]
2019-09-24 12:11:24,325 INFO  statemachine.SimpleStateMachine4Testing (SimpleStateMachine4Testing.java:put(198)) - s2: put 16, m14 -> (t:1, i:16), STATEMACHINELOGENTRY, client-CFB50CAB4D08, cid=1684
2019-09-24 12:11:24,324 DEBUG impl.RaftServerImpl (RaftServerImpl.java:logAppendEntries(850)) - s1@group-6E85041A3092: receive appendEntries(s2, 1, (t:1, i:38), 26, false, commits[s2:c26, s0:c0, s1:c2], entries: (t:1, i:39), METADATAENTRY(c26)
2019-09-24 12:11:24,326 DEBUG impl.RaftServerImpl (LeaderState.java:addPendingRequest(317)) - s2@group-6E85041A3092-LeaderState: addPendingRequest at RaftClientRequest:client-CFB50CAB4D08->s2@group-6E85041A3092, cid=1700, seq=31, RW, Message:6d3330, entry=(t:1, i:41), STATEMACHINELOGENTRY, client-CFB50CAB4D08, cid=1700
2019-09-24 12:11:24,325 DEBUG impl.UnorderedAsync (UnorderedAsync.java:sendRequestWithRetry(74)) - client-CFB50CAB4D08: attempt #1 send~ RaftClientRequest:client-CFB50CAB4D08->s2@group-6E85041A3092, cid=1785, seq=0, Watch-ALL_COMMITTED(5), null
2019-09-24 12:11:24,325 DEBUG impl.RaftServerImpl (RaftServerImpl.java:submitClientRequestAsync(533)) - s2@group-6E85041A3092: receive client request(RaftClientRequest:client-CFB50CAB4D08->s2@group-6E85041A3092, cid=1779, seq=0, Watch-ALL(4), Message:<EMPTY>)
2019-09-24 12:11:24,326 DEBUG impl.RaftServerImpl (RaftServerImpl.java:logAppendEntries(850)) - s0@group-6E85041A3092: receive appendEntries(s2, 1, (t:1, i:40), 26, false, commits[s2:c26, s0:c0, s1:c2], entries: (t:1, i:41), STATEMACHINELOGENTRY, client-CFB50CAB4D08, cid=1700
2019-09-24 12:11:24,326 INFO  statemachine.SimpleStateMachine4Testing (SimpleStateMachine4Testing.java:put(198)) - s2: put 17, m15 -> (t:1, i:17), STATEMACHINELOGENTRY, client-CFB50CAB4D08, cid=1685
2019-09-24 12:11:24,326 DEBUG client.GrpcClientProtocolService (GrpcClientProtocolService.java:sendReply(353)) - 0-OrderedRequestStreamObserver0: sendReply seq=8, RaftClientReply:client-CFB50CAB4D08->s2@group-6E85041A3092, cid=1677, SUCCESS, logIndex=9, commits[s2:c25, s0:c0, s1:c2]
2019-09-24 12:11:24,326 DEBUG impl.RaftServerImpl (RaftServerImpl.java:logAppendEntries(850)) - s1@group-6E85041A3092: receive appendEntries(s2, 1, (t:1, i:39), 26, false, commits[s2:c26, s0:c0, s1:c2], entries: (t:1, i:40), STATEMACHINELOGENTRY, client-CFB50CAB4D08, cid=1699
2019-09-24 12:11:24,327 INFO  statemachine.SimpleStateMachine4Testing (SimpleStateMachine4Testing.java:put(198)) - s2: put 18, m16 -> (t:1, i:18), STATEMACHINELOGENTRY, client-CFB50CAB4D08, cid=1686
2019-09-24 12:11:24,326 INFO  grpc.TestWatchRequestWithGrpc (WatchRequestTests.java:lambda$sendRequests$0(99)) - SEND_WATCH: message=m4, logIndex=6
2019-09-24 12:11:24,326 DEBUG impl.RaftServerImpl (LeaderState.java:addWatchReqeust(324)) - s2@group-6E85041A3092-LeaderState: addWatchRequest RaftClientRequest:client-CFB50CAB4D08->s2@group-6E85041A3092, cid=1779, seq=0, Watch-ALL(4), Message:<EMPTY>
2019-09-24 12:11:24,327 DEBUG impl.UnorderedAsync (UnorderedAsync.java:sendRequestWithRetry(74)) - client-CFB50CAB4D08: attempt #1 send~ RaftClientRequest:client-CFB50CAB4D08->s2@group-6E85041A3092, cid=1786, seq=0, Watch(6), null
2019-09-24 12:11:24,327 INFO  statemachine.SimpleStateMachine4Testing (SimpleStateMachine4Testing.java:put(198)) - s2: put 19, m17 -> (t:1, i:19), STATEMACHINELOGENTRY, client-CFB50CAB4D08, cid=1687
2019-09-24 12:11:24,327 DEBUG impl.RaftServerImpl (RaftServerImpl.java:logAppendEntries(850)) - s1@group-6E85041A3092: receive appendEntries(s2, 1, (t:1, i:40), 26, false, commits[s2:c26, s0:c0, s1:c2], entries: (t:1, i:41), STATEMACHINELOGENTRY, client-CFB50CAB4D08, cid=1700
2019-09-24 12:11:24,327 DEBUG client.GrpcClientProtocolService (GrpcClientProtocolService.java:sendReply(353)) - 0-OrderedRequestStreamObserver0: sendReply seq=9, RaftClientReply:client-CFB50CAB4D08->s2@group-6E85041A3092, cid=1678, SUCCESS, logIndex=10, commits[s2:c25, s0:c0, s1:c2]
2019-09-24 12:11:24,328 INFO  statemachine.SimpleStateMachine4Testing (SimpleStateMachine4Testing.java:put(198)) - s2: put 20, m18 -> (t:1, i:20), STATEMACHINELOGENTRY, client-CFB50CAB4D08, cid=1688
2019-09-24 12:11:24,328 DEBUG client.GrpcClientProtocolService (GrpcClientProtocolService.java:sendReply(353)) - 0-OrderedRequestStreamObserver0: sendReply seq=10, RaftClientReply:client-CFB50CAB4D08->s2@group-6E85041A3092, cid=1679, SUCCESS, logIndex=11, commits[s2:c25, s0:c0, s1:c2]
2019-09-24 12:11:24,327 DEBUG impl.UnorderedAsync (UnorderedAsync.java:sendRequestWithRetry(74)) - client-CFB50CAB4D08: attempt #1 send~ RaftClientRequest:client-CFB50CAB4D08->s2@group-6E85041A3092, cid=1787, seq=0, Watch-ALL(6), null
2019-09-24 12:11:24,327 DEBUG impl.RaftServerImpl (RaftServerImpl.java:submitClientRequestAsync(533)) - s2@group-6E85041A3092: receive client request(RaftClientRequest:client-CFB50CAB4D08->s2@group-6E85041A3092, cid=1780, seq=0, Watch-MAJORITY_COMMITTED(4), Message:<EMPTY>)
2019-09-24 12:11:24,328 DEBUG impl.UnorderedAsync (UnorderedAsync.java:sendRequestWithRetry(74)) - client-CFB50CAB4D08: attempt #1 send~ RaftClientRequest:client-CFB50CAB4D08->s2@group-6E85041A3092, cid=1788, seq=0, Watch-MAJORITY_COMMITTED(6), null
2019-09-24 12:11:24,328 INFO  statemachine.SimpleStateMachine4Testing (SimpleStateMachine4Testing.java:put(198)) - s2: put 21, m19 -> (t:1, i:21), STATEMACHINELOGENTRY, client-CFB50CAB4D08, cid=1689
2019-09-24 12:11:24,328 DEBUG client.GrpcClientProtocolService (GrpcClientProtocolService.java:sendReply(353)) - 0-OrderedRequestStreamObserver0: sendReply seq=11, RaftClientReply:client-CFB50CAB4D08->s2@group-6E85041A3092, cid=1680, SUCCESS, logIndex=12, commits[s2:c25, s0:c0, s1:c2]
2019-09-24 12:11:24,328 DEBUG impl.UnorderedAsync (UnorderedAsync.java:sendRequestWithRetry(74)) - client-CFB50CAB4D08: attempt #1 send~ RaftClientRequest:client-CFB50CAB4D08->s2@group-6E85041A3092, cid=1789, seq=0, Watch-ALL_COMMITTED(6), null
2019-09-24 12:11:24,328 DEBUG impl.RaftServerImpl (LeaderState.java:addWatchReqeust(324)) - s2@group-6E85041A3092-LeaderState: addWatchRequest RaftClientRequest:client-CFB50CAB4D08->s2@group-6E85041A3092, cid=1780, seq=0, Watch-MAJORITY_COMMITTED(4), Message:<EMPTY>
2019-09-24 12:11:24,328 INFO  statemachine.SimpleStateMachine4Testing (SimpleStateMachine4Testing.java:put(198)) - s2: put 22, m20 -> (t:1, i:22), STATEMACHINELOGENTRY, client-CFB50CAB4D08, cid=1690
2019-09-24 12:11:24,328 DEBUG client.GrpcClientProtocolService (GrpcClientProtocolService.java:sendReply(353)) - 0-OrderedRequestStreamObserver0: sendReply seq=12, RaftClientReply:client-CFB50CAB4D08->s2@group-6E85041A3092, cid=1681, SUCCESS, logIndex=13, commits[s2:c25, s0:c0, s1:c2]
2019-09-24 12:11:24,329 DEBUG impl.RaftServerImpl (RaftServerImpl.java:submitClientRequestAsync(533)) - s2@group-6E85041A3092: receive client request(RaftClientRequest:client-CFB50CAB4D08->s2@group-6E85041A3092, cid=1781, seq=0, Watch-ALL_COMMITTED(4), Message:<EMPTY>)
2019-09-24 12:11:24,329 DEBUG impl.RaftServerImpl (LeaderState.java:addWatchReqeust(324)) - s2@group-6E85041A3092-LeaderState: addWatchRequest RaftClientRequest:client-CFB50CAB4D08->s2@group-6E85041A3092, cid=1781, seq=0, Watch-ALL_COMMITTED(4), Message:<EMPTY>
2019-09-24 12:11:24,329 INFO  grpc.TestWatchRequestWithGrpc (WatchRequestTests.java:lambda$sendRequests$0(99)) - SEND_WATCH: message=m5, logIndex=7
2019-09-24 12:11:24,329 DEBUG impl.RaftServerImpl (RaftServerImpl.java:submitClientRequestAsync(533)) - s2@group-6E85041A3092: receive client request(RaftClientRequest:client-CFB50CAB4D08->s2@group-6E85041A3092, cid=1782, seq=0, Watch(5), Message:<EMPTY>)
2019-09-24 12:11:24,329 INFO  statemachine.SimpleStateMachine4Testing (SimpleStateMachine4Testing.java:put(198)) - s2: put 23, m21 -> (t:1, i:23), STATEMACHINELOGENTRY, client-CFB50CAB4D08, cid=1691
2019-09-24 12:11:24,329 DEBUG impl.RaftServerImpl (LeaderState.java:addWatchReqeust(324)) - s2@group-6E85041A3092-LeaderState: addWatchRequest RaftClientRequest:client-CFB50CAB4D08->s2@group-6E85041A3092, cid=1782, seq=0, Watch(5), Message:<EMPTY>
2019-09-24 12:11:24,329 DEBUG impl.RaftServerImpl (RaftServerImpl.java:submitClientRequestAsync(533)) - s2@group-6E85041A3092: receive client request(RaftClientRequest:client-CFB50CAB4D08->s2@group-6E85041A3092, cid=1701, seq=32, RW, Message:6d3331)
2019-09-24 12:11:24,329 DEBUG impl.UnorderedAsync (UnorderedAsync.java:sendRequestWithRetry(74)) - client-CFB50CAB4D08: attempt #1 send~ RaftClientRequest:client-CFB50CAB4D08->s2@group-6E85041A3092, cid=1790, seq=0, Watch(7), null
2019-09-24 12:11:24,330 DEBUG impl.RaftServerImpl (LeaderState.java:addPendingRequest(317)) - s2@group-6E85041A3092-LeaderState: addPendingRequest at RaftClientRequest:client-CFB50CAB4D08->s2@group-6E85041A3092, cid=1701, seq=32, RW, Message:6d3331, entry=(t:1, i:42), STATEMACHINELOGENTRY, client-CFB50CAB4D08, cid=1701
2019-09-24 12:11:24,330 DEBUG impl.RaftServerImpl (RaftServerImpl.java:submitClientRequestAsync(533)) - s2@group-6E85041A3092: receive client request(RaftClientRequest:client-CFB50CAB4D08->s2@group-6E85041A3092, cid=1783, seq=0, Watch-ALL(5), Message:<EMPTY>)
2019-09-24 12:11:24,330 DEBUG client.GrpcClientProtocolService (GrpcClientProtocolService.java:sendReply(353)) - 0-OrderedRequestStreamObserver0: sendReply seq=13, RaftClientReply:client-CFB50CAB4D08->s2@group-6E85041A3092, cid=1682, SUCCESS, logIndex=14, commits[s2:c25, s0:c0, s1:c2]
2019-09-24 12:11:24,330 INFO  statemachine.SimpleStateMachine4Testing (SimpleStateMachine4Testing.java:put(198)) - s2: put 24, m22 -> (t:1, i:24), STATEMACHINELOGENTRY, client-CFB50CAB4D08, cid=1692
2019-09-24 12:11:24,330 DEBUG impl.RaftServerImpl (RaftServerImpl.java:logAppendEntries(850)) - s0@group-6E85041A3092: receive appendEntries(s2, 1, (t:1, i:41), 26, false, commits[s2:c26, s0:c0, s1:c2], entries: (t:1, i:42), STATEMACHINELOGENTRY, client-CFB50CAB4D08, cid=1701
2019-09-24 12:11:24,330 DEBUG impl.RaftServerImpl (RaftServerImpl.java:logAppendEntries(850)) - s1@group-6E85041A3092: receive appendEntries(s2, 1, (t:1, i:41), 26, false, commits[s2:c26, s0:c0, s1:c2], entries: (t:1, i:42), STATEMACHINELOGENTRY, client-CFB50CAB4D08, cid=1701
2019-09-24 12:11:24,330 DEBUG impl.RaftServerImpl (LeaderState.java:addWatchReqeust(324)) - s2@group-6E85041A3092-LeaderState: addWatchRequest RaftClientRequest:client-CFB50CAB4D08->s2@group-6E85041A3092, cid=1783, seq=0, Watch-ALL(5), Message:<EMPTY>
2019-09-24 12:11:24,330 DEBUG impl.UnorderedAsync (UnorderedAsync.java:lambda$sendRequestWithRetry$4(77)) - client-CFB50CAB4D08: attempt #1 receive~ RaftClientReply:client-CFB50CAB4D08->s2@group-6E85041A3092, cid=1782, SUCCESS, logIndex=0, commits[s2:c26, s0:c0, s1:c2]
2019-09-24 12:11:24,330 DEBUG impl.UnorderedAsync (UnorderedAsync.java:sendRequestWithRetry(74)) - client-CFB50CAB4D08: attempt #1 send~ RaftClientRequest:client-CFB50CAB4D08->s2@group-6E85041A3092, cid=1791, seq=0, Watch-ALL(7), null
2019-09-24 12:11:24,331 DEBUG impl.RaftServerImpl (RaftServerImpl.java:submitClientRequestAsync(533)) - s2@group-6E85041A3092: receive client request(RaftClientRequest:client-CFB50CAB4D08->s2@group-6E85041A3092, cid=1784, seq=0, Watch-MAJORITY_COMMITTED(5), Message:<EMPTY>)
2019-09-24 12:11:24,331 DEBUG impl.RaftServerImpl (LeaderState.java:addWatchReqeust(324)) - s2@group-6E85041A3092-LeaderState: addWatchRequest RaftClientRequest:client-CFB50CAB4D08->s2@group-6E85041A3092, cid=1784, seq=0, Watch-MAJORITY_COMMITTED(5), Message:<EMPTY>
2019-09-24 12:11:24,331 DEBUG client.GrpcClientProtocolService (GrpcClientProtocolService.java:sendReply(353)) - 0-OrderedRequestStreamObserver0: sendReply seq=14, RaftClientReply:client-CFB50CAB4D08->s2@group-6E85041A3092, cid=1683, SUCCESS, logIndex=15, commits[s2:c26, s0:c0, s1:c2]
2019-09-24 12:11:24,331 INFO  statemachine.SimpleStateMachine4Testing (SimpleStateMachine4Testing.java:put(198)) - s2: put 25, m23 -> (t:1, i:25), STATEMACHINELOGENTRY, client-CFB50CAB4D08, cid=1693
2019-09-24 12:11:24,331 DEBUG impl.RaftServerImpl (RaftServerImpl.java:submitClientRequestAsync(533)) - s2@group-6E85041A3092: receive client request(RaftClientRequest:client-CFB50CAB4D08->s2@group-6E85041A3092, cid=1785, seq=0, Watch-ALL_COMMITTED(5), Message:<EMPTY>)
2019-09-24 12:11:24,331 DEBUG impl.UnorderedAsync (UnorderedAsync.java:sendRequestWithRetry(74)) - client-CFB50CAB4D08: attempt #1 send~ RaftClientRequest:client-CFB50CAB4D08->s2@group-6E85041A3092, cid=1792, seq=0, Watch-MAJORITY_COMMITTED(7), null
2019-09-24 12:11:24,332 DEBUG impl.RaftServerImpl (LeaderState.java:addWatchReqeust(324)) - s2@group-6E85041A3092-LeaderState: addWatchRequest RaftClientRequest:client-CFB50CAB4D08->s2@group-6E85041A3092, cid=1785, seq=0, Watch-ALL_COMMITTED(5), Message:<EMPTY>
2019-09-24 12:11:24,332 INFO  statemachine.SimpleStateMachine4Testing (SimpleStateMachine4Testing.java:put(198)) - s2: put 26, m24 -> (t:1, i:26), STATEMACHINELOGENTRY, client-CFB50CAB4D08, cid=1694
2019-09-24 12:11:24,332 DEBUG impl.RaftServerImpl (RaftServerImpl.java:submitClientRequestAsync(533)) - s2@group-6E85041A3092: receive client request(RaftClientRequest:client-CFB50CAB4D08->s2@group-6E85041A3092, cid=1786, seq=0, Watch(6), Message:<EMPTY>)
2019-09-24 12:11:24,332 DEBUG impl.RaftServerImpl (LeaderState.java:addWatchReqeust(324)) - s2@group-6E85041A3092-LeaderState: addWatchRequest RaftClientRequest:client-CFB50CAB4D08->s2@group-6E85041A3092, cid=1786, seq=0, Watch(6), Message:<EMPTY>
2019-09-24 12:11:24,332 DEBUG client.GrpcClientProtocolService (GrpcClientProtocolService.java:sendReply(353)) - 0-OrderedRequestStreamObserver0: sendReply seq=15, RaftClientReply:client-CFB50CAB4D08->s2@group-6E85041A3092, cid=1684, SUCCESS, logIndex=16, commits[s2:c26, s0:c0, s1:c2]
2019-09-24 12:11:24,332 DEBUG impl.UnorderedAsync (UnorderedAsync.java:sendRequestWithRetry(74)) - client-CFB50CAB4D08: attempt #1 send~ RaftClientRequest:client-CFB50CAB4D08->s2@group-6E85041A3092, cid=1793, seq=0, Watch-ALL_COMMITTED(7), null
2019-09-24 12:11:24,332 DEBUG impl.RaftServerImpl (RaftServerImpl.java:submitClientRequestAsync(533)) - s2@group-6E85041A3092: receive client request(RaftClientRequest:client-CFB50CAB4D08->s2@group-6E85041A3092, cid=1787, seq=0, Watch-ALL(6), Message:<EMPTY>)
2019-09-24 12:11:24,333 DEBUG impl.RaftServerImpl (LeaderState.java:addWatchReqeust(324)) - s2@group-6E85041A3092-LeaderState: addWatchRequest RaftClientRequest:client-CFB50CAB4D08->s2@group-6E85041A3092, cid=1787, seq=0, Watch-ALL(6), Message:<EMPTY>
2019-09-24 12:11:24,332 DEBUG client.GrpcClientProtocolService (GrpcClientProtocolService.java:sendReply(353)) - 0-OrderedRequestStreamObserver0: sendReply seq=16, RaftClientReply:client-CFB50CAB4D08->s2@group-6E85041A3092, cid=1685, SUCCESS, logIndex=17, commits[s2:c26, s0:c0, s1:c2]
2019-09-24 12:11:24,333 DEBUG impl.UnorderedAsync (UnorderedAsync.java:lambda$sendRequestWithRetry$4(77)) - client-CFB50CAB4D08: attempt #1 receive~ RaftClientReply:client-CFB50CAB4D08->s2@group-6E85041A3092, cid=1786, SUCCESS, logIndex=0, commits[s2:c26, s0:c0, s1:c2]
2019-09-24 12:11:24,333 DEBUG impl.RaftServerImpl (RaftServerImpl.java:submitClientRequestAsync(533)) - s2@group-6E85041A3092: receive client request(RaftClientRequest:client-CFB50CAB4D08->s2@group-6E85041A3092, cid=1788, seq=0, Watch-MAJORITY_COMMITTED(6), Message:<EMPTY>)
2019-09-24 12:11:24,333 DEBUG impl.RaftServerImpl (LeaderState.java:addWatchReqeust(324)) - s2@group-6E85041A3092-LeaderState: addWatchRequest RaftClientRequest:client-CFB50CAB4D08->s2@group-6E85041A3092, cid=1788, seq=0, Watch-MAJORITY_COMMITTED(6), Message:<EMPTY>
2019-09-24 12:11:24,333 INFO  grpc.TestWatchRequestWithGrpc (WatchRequestTests.java:lambda$sendRequests$0(99)) - SEND_WATCH: message=m6, logIndex=8
2019-09-24 12:11:24,333 DEBUG impl.RaftServerImpl (RaftServerImpl.java:submitClientRequestAsync(533)) - s2@group-6E85041A3092: receive client request(RaftClientRequest:client-CFB50CAB4D08->s2@group-6E85041A3092, cid=1789, seq=0, Watch-ALL_COMMITTED(6), Message:<EMPTY>)
2019-09-24 12:11:24,334 DEBUG impl.RaftServerImpl (LeaderState.java:addWatchReqeust(324)) - s2@group-6E85041A3092-LeaderState: addWatchRequest RaftClientRequest:client-CFB50CAB4D08->s2@group-6E85041A3092, cid=1789, seq=0, Watch-ALL_COMMITTED(6), Message:<EMPTY>
2019-09-24 12:11:24,333 DEBUG client.GrpcClientProtocolService (GrpcClientProtocolService.java:sendReply(353)) - 0-OrderedRequestStreamObserver0: sendReply seq=17, RaftClientReply:client-CFB50CAB4D08->s2@group-6E85041A3092, cid=1686, SUCCESS, logIndex=18, commits[s2:c26, s0:c0, s1:c2]
2019-09-24 12:11:24,334 DEBUG impl.RaftServerImpl (RaftServerImpl.java:submitClientRequestAsync(533)) - s2@group-6E85041A3092: receive client request(RaftClientRequest:client-CFB50CAB4D08->s2@group-6E85041A3092, cid=1790, seq=0, Watch(7), Message:<EMPTY>)
2019-09-24 12:11:24,334 DEBUG impl.RaftServerImpl (LeaderState.java:addWatchReqeust(324)) - s2@group-6E85041A3092-LeaderState: addWatchRequest RaftClientRequest:client-CFB50CAB4D08->s2@group-6E85041A3092, cid=1790, seq=0, Watch(7), Message:<EMPTY>
2019-09-24 12:11:24,333 DEBUG impl.UnorderedAsync (UnorderedAsync.java:sendRequestWithRetry(74)) - client-CFB50CAB4D08: attempt #1 send~ RaftClientRequest:client-CFB50CAB4D08->s2@group-6E85041A3092, cid=1794, seq=0, Watch(8), null
2019-09-24 12:11:24,334 DEBUG impl.RaftServerImpl (RaftServerImpl.java:submitClientRequestAsync(533)) - s2@group-6E85041A3092: receive client request(RaftClientRequest:client-CFB50CAB4D08->s2@group-6E85041A3092, cid=1791, seq=0, Watch-ALL(7), Message:<EMPTY>)
2019-09-24 12:11:24,334 DEBUG impl.RaftServerImpl (LeaderState.java:addWatchReqeust(324)) - s2@group-6E85041A3092-LeaderState: addWatchRequest RaftClientRequest:client-CFB50CAB4D08->s2@group-6E85041A3092, cid=1791, seq=0, Watch-ALL(7), Message:<EMPTY>
2019-09-24 12:11:24,334 DEBUG client.GrpcClientProtocolService (GrpcClientProtocolService.java:sendReply(353)) - 0-OrderedRequestStreamObserver0: sendReply seq=18, RaftClientReply:client-CFB50CAB4D08->s2@group-6E85041A3092, cid=1687, SUCCESS, logIndex=19, commits[s2:c26, s0:c0, s1:c2]
2019-09-24 12:11:24,334 DEBUG impl.RaftServerImpl (RaftServerImpl.java:submitClientRequestAsync(533)) - s2@group-6E85041A3092: receive client request(RaftClientRequest:client-CFB50CAB4D08->s2@group-6E85041A3092, cid=1792, seq=0, Watch-MAJORITY_COMMITTED(7), Message:<EMPTY>)
2019-09-24 12:11:24,335 DEBUG impl.RaftServerImpl (LeaderState.java:addWatchReqeust(324)) - s2@group-6E85041A3092-LeaderState: addWatchRequest RaftClientRequest:client-CFB50CAB4D08->s2@group-6E85041A3092, cid=1792, seq=0, Watch-MAJORITY_COMMITTED(7), Message:<EMPTY>
2019-09-24 12:11:24,334 DEBUG impl.UnorderedAsync (UnorderedAsync.java:sendRequestWithRetry(74)) - client-CFB50CAB4D08: attempt #1 send~ RaftClientRequest:client-CFB50CAB4D08->s2@group-6E85041A3092, cid=1795, seq=0, Watch-ALL(8), null
2019-09-24 12:11:24,335 DEBUG impl.RaftServerImpl (RaftServerImpl.java:submitClientRequestAsync(533)) - s2@group-6E85041A3092: receive client request(RaftClientRequest:client-CFB50CAB4D08->s2@group-6E85041A3092, cid=1793, seq=0, Watch-ALL_COMMITTED(7), Message:<EMPTY>)
2019-09-24 12:11:24,335 DEBUG impl.RaftServerImpl (LeaderState.java:addWatchReqeust(324)) - s2@group-6E85041A3092-LeaderState: addWatchRequest RaftClientRequest:client-CFB50CAB4D08->s2@group-6E85041A3092, cid=1793, seq=0, Watch-ALL_COMMITTED(7), Message:<EMPTY>
2019-09-24 12:11:24,335 DEBUG impl.UnorderedAsync (UnorderedAsync.java:lambda$sendRequestWithRetry$4(77)) - client-CFB50CAB4D08: attempt #1 receive~ RaftClientReply:client-CFB50CAB4D08->s2@group-6E85041A3092, cid=1790, SUCCESS, logIndex=0, commits[s2:c26, s0:c0, s1:c2]
2019-09-24 12:11:24,334 DEBUG client.GrpcClientProtocolService (GrpcClientProtocolService.java:sendReply(353)) - 0-OrderedRequestStreamObserver0: sendReply seq=19, RaftClientReply:client-CFB50CAB4D08->s2@group-6E85041A3092, cid=1688, SUCCESS, logIndex=20, commits[s2:c26, s0:c0, s1:c2]
2019-09-24 12:11:24,335 DEBUG impl.RaftServerImpl (RaftServerImpl.java:logAppendEntries(850)) - s1@group-6E85041A3092: succeeded to handle AppendEntries. Reply: s2<-s1#39:OK,SUCCESS,nextIndex:29,term:1,followerCommit:5
2019-09-24 12:11:24,335 DEBUG impl.RaftServerImpl (RaftServerImpl.java:logAppendEntries(850)) - s1@group-6E85041A3092: succeeded to handle AppendEntries. Reply: s2<-s1#41:OK,SUCCESS,nextIndex:31,term:1,followerCommit:7
2019-09-24 12:11:24,335 DEBUG impl.RaftServerImpl (RaftServerImpl.java:submitClientRequestAsync(533)) - s2@group-6E85041A3092: receive client request(RaftClientRequest:client-CFB50CAB4D08->s2@group-6E85041A3092, cid=1794, seq=0, Watch(8), Message:<EMPTY>)
2019-09-24 12:11:24,335 DEBUG impl.RaftServerImpl (RaftServerImpl.java:logAppendEntries(850)) - s1@group-6E85041A3092: succeeded to handle AppendEntries. Reply: s2<-s1#38:OK,SUCCESS,nextIndex:28,term:1,followerCommit:2
2019-09-24 12:11:24,336 DEBUG impl.RaftServerImpl (RaftServerImpl.java:logAppendEntries(850)) - s1@group-6E85041A3092: succeeded to handle AppendEntries. Reply: s2<-s1#44:OK,SUCCESS,nextIndex:34,term:1,followerCommit:15
2019-09-24 12:11:24,336 DEBUG impl.RaftServerImpl (RaftServerImpl.java:logAppendEntries(850)) - s1@group-6E85041A3092: succeeded to handle AppendEntries. Reply: s2<-s1#47:OK,SUCCESS,nextIndex:37,term:1,followerCommit:25
2019-09-24 12:11:24,336 DEBUG impl.RaftServerImpl (RaftServerImpl.java:logAppendEntries(850)) - s1@group-6E85041A3092: succeeded to handle AppendEntries. Reply: s2<-s1#48:OK,SUCCESS,nextIndex:38,term:1,followerCommit:25
2019-09-24 12:11:24,335 DEBUG impl.UnorderedAsync (UnorderedAsync.java:sendRequestWithRetry(74)) - client-CFB50CAB4D08: attempt #1 send~ RaftClientRequest:client-CFB50CAB4D08->s2@group-6E85041A3092, cid=1796, seq=0, Watch-MAJORITY_COMMITTED(8), null
2019-09-24 12:11:24,336 INFO  statemachine.SimpleStateMachine4Testing (SimpleStateMachine4Testing.java:put(198)) - s2: put 27, m25 -> (t:1, i:27), STATEMACHINELOGENTRY, client-CFB50CAB4D08, cid=1695
2019-09-24 12:11:24,336 DEBUG impl.WatchRequests (WatchRequests.java:updateIndex(142)) - s2@group-6E85041A3092-WatchRequests: update MAJORITY_COMMITTED index from 2 to 5
2019-09-24 12:11:24,336 DEBUG impl.WatchRequests (WatchRequests.java:updateIndex(142)) - s2@group-6E85041A3092-WatchRequests: update MAJORITY index from 26 to 27
2019-09-24 12:11:24,336 DEBUG impl.RaftServerImpl (RaftServerImpl.java:logAppendEntries(850)) - s1@group-6E85041A3092: succeeded to handle AppendEntries. Reply: s2<-s1#46:OK,SUCCESS,nextIndex:36,term:1,followerCommit:25
2019-09-24 12:11:24,336 DEBUG impl.RaftServerImpl (RaftServerImpl.java:logAppendEntries(850)) - s1@group-6E85041A3092: succeeded to handle AppendEntries. Reply: s2<-s1#45:OK,SUCCESS,nextIndex:35,term:1,followerCommit:22
2019-09-24 12:11:24,336 DEBUG impl.RaftServerImpl (LeaderState.java:addWatchReqeust(324)) - s2@group-6E85041A3092-LeaderState: addWatchRequest RaftClientRequest:client-CFB50CAB4D08->s2@group-6E85041A3092, cid=1794, seq=0, Watch(8), Message:<EMPTY>
2019-09-24 12:11:24,336 DEBUG impl.RaftServerImpl (RaftServerImpl.java:logAppendEntries(850)) - s1@group-6E85041A3092: succeeded to handle AppendEntries. Reply: s2<-s1#43:OK,SUCCESS,nextIndex:33,term:1,followerCommit:15
2019-09-24 12:11:24,335 DEBUG impl.RaftServerImpl (RaftServerImpl.java:logAppendEntries(850)) - s1@group-6E85041A3092: succeeded to handle AppendEntries. Reply: s2<-s1#42:OK,SUCCESS,nextIndex:32,term:1,followerCommit:14
2019-09-24 12:11:24,335 DEBUG client.GrpcClientProtocolService (GrpcClientProtocolService.java:sendReply(353)) - 0-OrderedRequestStreamObserver0: sendReply seq=20, RaftClientReply:client-CFB50CAB4D08->s2@group-6E85041A3092, cid=1689, SUCCESS, logIndex=21, commits[s2:c26, s0:c0, s1:c2]
2019-09-24 12:11:24,335 DEBUG impl.RaftServerImpl (RaftServerImpl.java:logAppendEntries(850)) - s1@group-6E85041A3092: succeeded to handle AppendEntries. Reply: s2<-s1#40:OK,SUCCESS,nextIndex:30,term:1,followerCommit:7
2019-09-24 12:11:24,335 INFO  statemachine.SimpleStateMachine4Testing (SimpleStateMachine4Testing.java:put(198)) - s1: put 3, m1 -> (t:1, i:3), STATEMACHINELOGENTRY, client-CFB50CAB4D08, cid=1671
2019-09-24 12:11:24,337 DEBUG client.GrpcClientProtocolService (GrpcClientProtocolService.java:sendReply(353)) - 0-OrderedRequestStreamObserver0: sendReply seq=21, RaftClientReply:client-CFB50CAB4D08->s2@group-6E85041A3092, cid=1690, SUCCESS, logIndex=22, commits[s2:c26, s0:c0, s1:c2]
2019-09-24 12:11:24,337 DEBUG impl.RaftServerImpl (RaftServerImpl.java:logAppendEntries(850)) - s1@group-6E85041A3092: succeeded to handle AppendEntries. Reply: s2<-s1#52:OK,SUCCESS,nextIndex:42,term:1,followerCommit:26
2019-09-24 12:11:24,337 DEBUG impl.RaftServerImpl (RaftServerImpl.java:submitClientRequestAsync(533)) - s2@group-6E85041A3092: receive client request(RaftClientRequest:client-CFB50CAB4D08->s2@group-6E85041A3092, cid=1795, seq=0, Watch-ALL(8), Message:<EMPTY>)
2019-09-24 12:11:24,337 DEBUG impl.RaftServerImpl (RaftServerImpl.java:logAppendEntries(850)) - s1@group-6E85041A3092: succeeded to handle AppendEntries. Reply: s2<-s1#51:OK,SUCCESS,nextIndex:41,term:1,followerCommit:26
2019-09-24 12:11:24,338 DEBUG impl.RaftServerImpl (RaftServerImpl.java:submitClientRequestAsync(533)) - s2@group-6E85041A3092: receive client request(RaftClientRequest:client-CFB50CAB4D08->s2@group-6E85041A3092, cid=1702, seq=33, RW, Message:6d3332)
2019-09-24 12:11:24,337 DEBUG impl.RaftServerImpl (RaftServerImpl.java:logAppendEntries(850)) - s1@group-6E85041A3092: succeeded to handle AppendEntries. Reply: s2<-s1#50:OK,SUCCESS,nextIndex:40,term:1,followerCommit:26
2019-09-24 12:11:24,338 DEBUG impl.RaftServerImpl (LeaderState.java:addPendingRequest(317)) - s2@group-6E85041A3092-LeaderState: addPendingRequest at RaftClientRequest:client-CFB50CAB4D08->s2@group-6E85041A3092, cid=1702, seq=33, RW, Message:6d3332, entry=(t:1, i:44), STATEMACHINELOGENTRY, client-CFB50CAB4D08, cid=1702
2019-09-24 12:11:24,337 DEBUG impl.RaftServerImpl (RaftServerImpl.java:logAppendEntries(850)) - s1@group-6E85041A3092: receive appendEntries(s2, 1, (t:1, i:42), 27, false, commits[s2:c27, s0:c0, s1:c5], entries: (t:1, i:43), METADATAENTRY(c27)
2019-09-24 12:11:24,337 DEBUG impl.RaftServerImpl (RaftServerImpl.java:logAppendEntries(850)) - s1@group-6E85041A3092: succeeded to handle AppendEntries. Reply: s2<-s1#49:OK,SUCCESS,nextIndex:39,term:1,followerCommit:25
2019-09-24 12:11:24,337 DEBUG impl.RaftServerImpl (RaftServerImpl.java:logAppendEntries(850)) - s0@group-6E85041A3092: receive appendEntries(s2, 1, (t:1, i:42), 27, false, commits[s2:c27, s0:c0, s1:c5], entries: (t:1, i:43), METADATAENTRY(c27)
2019-09-24 12:11:24,336 DEBUG impl.WatchRequests (WatchRequests.java:updateIndex(152)) - s2@group-6E85041A3092-WatchRequests: complete Watch-MAJORITY_COMMITTED(3)@39.19s?NOT_DONE
2019-09-24 12:11:24,336 DEBUG impl.UnorderedAsync (UnorderedAsync.java:sendRequestWithRetry(74)) - client-CFB50CAB4D08: attempt #1 send~ RaftClientRequest:client-CFB50CAB4D08->s2@group-6E85041A3092, cid=1797, seq=0, Watch-ALL_COMMITTED(8), null
2019-09-24 12:11:24,339 DEBUG impl.WatchRequests (WatchRequests.java:updateIndex(152)) - s2@group-6E85041A3092-WatchRequests: complete Watch-MAJORITY_COMMITTED(4)@39.19s?NOT_DONE
2019-09-24 12:11:24,339 DEBUG impl.RaftServerImpl (RaftServerImpl.java:logAppendEntries(850)) - s0@group-6E85041A3092: receive appendEntries(s2, 1, (t:1, i:43), 27, false, commits[s2:c27, s0:c0, s1:c5], entries: (t:1, i:44), STATEMACHINELOGENTRY, client-CFB50CAB4D08, cid=1702
2019-09-24 12:11:24,339 DEBUG impl.RaftServerImpl (RaftServerImpl.java:logAppendEntries(850)) - s1@group-6E85041A3092: receive appendEntries(s2, 1, (t:1, i:43), 27, false, commits[s2:c27, s0:c0, s1:c5], entries: (t:1, i:44), STATEMACHINELOGENTRY, client-CFB50CAB4D08, cid=1702
2019-09-24 12:11:24,338 DEBUG client.GrpcClientProtocolService (GrpcClientProtocolService.java:sendReply(353)) - 0-OrderedRequestStreamObserver0: sendReply seq=22, RaftClientReply:client-CFB50CAB4D08->s2@group-6E85041A3092, cid=1691, SUCCESS, logIndex=23, commits[s2:c26, s0:c0, s1:c2]
2019-09-24 12:11:24,338 DEBUG impl.UnorderedAsync (UnorderedAsync.java:lambda$sendRequestWithRetry$4(77)) - client-CFB50CAB4D08: attempt #1 receive~ RaftClientReply:client-CFB50CAB4D08->s2@group-6E85041A3092, cid=1794, SUCCESS, logIndex=0, commits[s2:c27, s0:c0, s1:c5]
2019-09-24 12:11:24,340 DEBUG impl.UnorderedAsync (UnorderedAsync.java:lambda$sendRequestWithRetry$4(77)) - client-CFB50CAB4D08: attempt #1 receive~ RaftClientReply:client-CFB50CAB4D08->s2@group-6E85041A3092, cid=1780, SUCCESS, logIndex=0, commits[s2:c27, s0:c0, s1:c5]
2019-09-24 12:11:24,338 DEBUG impl.RaftServerImpl (LeaderState.java:addWatchReqeust(324)) - s2@group-6E85041A3092-LeaderState: addWatchRequest RaftClientRequest:client-CFB50CAB4D08->s2@group-6E85041A3092, cid=1795, seq=0, Watch-ALL(8), Message:<EMPTY>
2019-09-24 12:11:24,338 INFO  statemachine.SimpleStateMachine4Testing (SimpleStateMachine4Testing.java:put(198)) - s1: put 4, m2 -> (t:1, i:4), STATEMACHINELOGENTRY, client-CFB50CAB4D08, cid=1672
2019-09-24 12:11:24,340 DEBUG client.GrpcClientProtocolService (GrpcClientProtocolService.java:sendReply(353)) - 0-OrderedRequestStreamObserver0: sendReply seq=23, RaftClientReply:client-CFB50CAB4D08->s2@group-6E85041A3092, cid=1692, SUCCESS, logIndex=24, commits[s2:c26, s0:c0, s1:c2]
2019-09-24 12:11:24,337 DEBUG impl.RaftServerImpl (RaftServerImpl.java:logAppendEntries(850)) - s1@group-6E85041A3092: succeeded to handle AppendEntries. Reply: s2<-s1#53:OK,SUCCESS,nextIndex:43,term:1,followerCommit:26
2019-09-24 12:11:24,340 DEBUG client.GrpcClientProtocolService (GrpcClientProtocolService.java:sendReply(353)) - 0-OrderedRequestStreamObserver0: sendReply seq=24, RaftClientReply:client-CFB50CAB4D08->s2@group-6E85041A3092, cid=1693, SUCCESS, logIndex=25, commits[s2:c26, s0:c0, s1:c2]
2019-09-24 12:11:24,340 INFO  statemachine.SimpleStateMachine4Testing (SimpleStateMachine4Testing.java:put(198)) - s1: put 5, m3 -> (t:1, i:5), STATEMACHINELOGENTRY, client-CFB50CAB4D08, cid=1673
2019-09-24 12:11:24,340 DEBUG impl.RaftServerImpl (RaftServerImpl.java:submitClientRequestAsync(533)) - s2@group-6E85041A3092: receive client request(RaftClientRequest:client-CFB50CAB4D08->s2@group-6E85041A3092, cid=1796, seq=0, Watch-MAJORITY_COMMITTED(8), Message:<EMPTY>)
2019-09-24 12:11:24,339 DEBUG impl.UnorderedAsync (UnorderedAsync.java:lambda$sendRequestWithRetry$4(77)) - client-CFB50CAB4D08: attempt #1 receive~ RaftClientReply:client-CFB50CAB4D08->s2@group-6E85041A3092, cid=1776, SUCCESS, logIndex=0, commits[s2:c27, s0:c0, s1:c5]
2019-09-24 12:11:24,339 DEBUG impl.WatchRequests (WatchRequests.java:updateIndex(152)) - s2@group-6E85041A3092-WatchRequests: complete Watch-MAJORITY_COMMITTED(5)@39.19s?NOT_DONE
2019-09-24 12:11:24,339 INFO  grpc.TestWatchRequestWithGrpc (WatchRequestTests.java:lambda$sendRequests$0(99)) - SEND_WATCH: message=m7, logIndex=9
2019-09-24 12:11:24,341 DEBUG impl.WatchRequests (WatchRequests.java:updateIndex(142)) - s2@group-6E85041A3092-WatchRequests: update MAJORITY_COMMITTED index from 5 to 7
2019-09-24 12:11:24,341 DEBUG impl.WatchRequests (WatchRequests.java:updateIndex(142)) - s2@group-6E85041A3092-WatchRequests: update MAJORITY index from 27 to 28
2019-09-24 12:11:24,341 INFO  grpc.TestWatchRequestWithGrpc (WatchRequestTests.java:get(172)) - majorityCommitted-Watch(3) returns RaftClientReply:client-CFB50CAB4D08->s2@group-6E85041A3092, cid=1776, SUCCESS, logIndex=0, commits[s2:c27, s0:c0, s1:c5]
2019-09-24 12:11:24,341 DEBUG impl.RaftServerImpl (LeaderState.java:addWatchReqeust(324)) - s2@group-6E85041A3092-LeaderState: addWatchRequest RaftClientRequest:client-CFB50CAB4D08->s2@group-6E85041A3092, cid=1796, seq=0, Watch-MAJORITY_COMMITTED(8), Message:<EMPTY>
2019-09-24 12:11:24,340 INFO  statemachine.SimpleStateMachine4Testing (SimpleStateMachine4Testing.java:put(198)) - s1: put 6, m4 -> (t:1, i:6), STATEMACHINELOGENTRY, client-CFB50CAB4D08, cid=1674
2019-09-24 12:11:24,340 DEBUG client.GrpcClientProtocolService (GrpcClientProtocolService.java:sendReply(353)) - 0-OrderedRequestStreamObserver0: sendReply seq=25, RaftClientReply:client-CFB50CAB4D08->s2@group-6E85041A3092, cid=1694, SUCCESS, logIndex=26, commits[s2:c26, s0:c0, s1:c2]
2019-09-24 12:11:24,341 INFO  statemachine.SimpleStateMachine4Testing (SimpleStateMachine4Testing.java:put(198)) - s1: put 7, m5 -> (t:1, i:7), STATEMACHINELOGENTRY, client-CFB50CAB4D08, cid=1675
2019-09-24 12:11:24,341 INFO  grpc.TestWatchRequestWithGrpc (WatchRequestTests.java:checkMajority(230)) - checkMajority 2: receive RaftClientReply:client-CFB50CAB4D08->s2@group-6E85041A3092, cid=1672, SUCCESS, logIndex=4, commits[s2:c25, s0:c0, s1:c2]
2019-09-24 12:11:24,341 DEBUG impl.UnorderedAsync (UnorderedAsync.java:lambda$sendRequestWithRetry$4(77)) - client-CFB50CAB4D08: attempt #1 receive~ RaftClientReply:client-CFB50CAB4D08->s2@group-6E85041A3092, cid=1784, SUCCESS, logIndex=0, commits[s2:c27, s0:c0, s1:c5]
2019-09-24 12:11:24,341 DEBUG impl.WatchRequests (WatchRequests.java:updateIndex(152)) - s2@group-6E85041A3092-WatchRequests: complete Watch-MAJORITY_COMMITTED(6)@39.19s?NOT_DONE
2019-09-24 12:11:24,341 DEBUG impl.UnorderedAsync (UnorderedAsync.java:sendRequestWithRetry(74)) - client-CFB50CAB4D08: attempt #1 send~ RaftClientRequest:client-CFB50CAB4D08->s2@group-6E85041A3092, cid=1798, seq=0, Watch(9), null
2019-09-24 12:11:24,342 DEBUG impl.WatchRequests (WatchRequests.java:updateIndex(152)) - s2@group-6E85041A3092-WatchRequests: complete Watch-MAJORITY_COMMITTED(7)@39.19s?NOT_DONE
2019-09-24 12:11:24,342 INFO  grpc.TestWatchRequestWithGrpc (WatchRequestTests.java:get(172)) - majority-Watch(4) returns RaftClientReply:client-CFB50CAB4D08->s2@group-6E85041A3092, cid=1778, SUCCESS, logIndex=0, commits[s2:c26, s0:c0, s1:c2]
2019-09-24 12:11:24,342 DEBUG impl.WatchRequests (WatchRequests.java:updateIndex(142)) - s2@group-6E85041A3092-WatchRequests: update MAJORITY index from 28 to 29
2019-09-24 12:11:24,342 INFO  statemachine.SimpleStateMachine4Testing (SimpleStateMachine4Testing.java:put(198)) - s1: put 8, m6 -> (t:1, i:8), STATEMACHINELOGENTRY, client-CFB50CAB4D08, cid=1676
2019-09-24 12:11:24,342 DEBUG client.GrpcClientProtocolService (GrpcClientProtocolService.java:sendReply(353)) - 0-OrderedRequestStreamObserver0: sendReply seq=26, RaftClientReply:client-CFB50CAB4D08->s2@group-6E85041A3092, cid=1695, SUCCESS, logIndex=27, commits[s2:c27, s0:c0, s1:c5]
2019-09-24 12:11:24,343 DEBUG impl.UnorderedAsync (UnorderedAsync.java:lambda$sendRequestWithRetry$4(77)) - client-CFB50CAB4D08: attempt #1 receive~ RaftClientReply:client-CFB50CAB4D08->s2@group-6E85041A3092, cid=1788, SUCCESS, logIndex=0, commits[s2:c28, s0:c0, s1:c7]
2019-09-24 12:11:24,342 INFO  statemachine.SimpleStateMachine4Testing (SimpleStateMachine4Testing.java:put(198)) - s1: put 9, m7 -> (t:1, i:9), STATEMACHINELOGENTRY, client-CFB50CAB4D08, cid=1677
2019-09-24 12:11:24,342 DEBUG impl.RaftServerImpl (RaftServerImpl.java:submitClientRequestAsync(533)) - s2@group-6E85041A3092: receive client request(RaftClientRequest:client-CFB50CAB4D08->s2@group-6E85041A3092, cid=1797, seq=0, Watch-ALL_COMMITTED(8), Message:<EMPTY>)
2019-09-24 12:11:24,342 DEBUG impl.WatchRequests (WatchRequests.java:updateIndex(142)) - s2@group-6E85041A3092-WatchRequests: update MAJORITY_COMMITTED index from 7 to 14
2019-09-24 12:11:24,343 DEBUG impl.WatchRequests (WatchRequests.java:updateIndex(152)) - s2@group-6E85041A3092-WatchRequests: complete Watch-MAJORITY_COMMITTED(8)@39.19s?NOT_DONE
2019-09-24 12:11:24,342 INFO  grpc.TestWatchRequestWithGrpc (WatchRequestTests.java:get(172)) - majorityCommitted-Watch(4) returns RaftClientReply:client-CFB50CAB4D08->s2@group-6E85041A3092, cid=1780, SUCCESS, logIndex=0, commits[s2:c27, s0:c0, s1:c5]
2019-09-24 12:11:24,342 DEBUG impl.UnorderedAsync (UnorderedAsync.java:sendRequestWithRetry(74)) - client-CFB50CAB4D08: attempt #1 send~ RaftClientRequest:client-CFB50CAB4D08->s2@group-6E85041A3092, cid=1799, seq=0, Watch-ALL(9), null
2019-09-24 12:11:24,343 INFO  grpc.TestWatchRequestWithGrpc (WatchRequestTests.java:checkMajority(230)) - checkMajority 3: receive RaftClientReply:client-CFB50CAB4D08->s2@group-6E85041A3092, cid=1673, SUCCESS, logIndex=5, commits[s2:c25, s0:c0, s1:c2]
2019-09-24 12:11:24,343 DEBUG impl.WatchRequests (WatchRequests.java:updateIndex(142)) - s2@group-6E85041A3092-WatchRequests: update MAJORITY_COMMITTED index from 14 to 15
2019-09-24 12:11:24,343 DEBUG impl.WatchRequests (WatchRequests.java:updateIndex(142)) - s2@group-6E85041A3092-WatchRequests: update MAJORITY index from 29 to 31
2019-09-24 12:11:24,343 DEBUG impl.RaftServerImpl (LeaderState.java:addWatchReqeust(324)) - s2@group-6E85041A3092-LeaderState: addWatchRequest RaftClientRequest:client-CFB50CAB4D08->s2@group-6E85041A3092, cid=1797, seq=0, Watch-ALL_COMMITTED(8), Message:<EMPTY>
2019-09-24 12:11:24,343 DEBUG impl.UnorderedAsync (UnorderedAsync.java:lambda$sendRequestWithRetry$4(77)) - client-CFB50CAB4D08: attempt #1 receive~ RaftClientReply:client-CFB50CAB4D08->s2@group-6E85041A3092, cid=1792, SUCCESS, logIndex=0, commits[s2:c28, s0:c0, s1:c7]
2019-09-24 12:11:24,343 INFO  statemachine.SimpleStateMachine4Testing (SimpleStateMachine4Testing.java:put(198)) - s1: put 10, m8 -> (t:1, i:10), STATEMACHINELOGENTRY, client-CFB50CAB4D08, cid=1678
2019-09-24 12:11:24,343 DEBUG impl.RaftServerImpl (RaftServerImpl.java:submitClientRequestAsync(533)) - s2@group-6E85041A3092: receive client request(RaftClientRequest:client-CFB50CAB4D08->s2@group-6E85041A3092, cid=1703, seq=34, RW, Message:6d3333)
2019-09-24 12:11:24,344 INFO  statemachine.SimpleStateMachine4Testing (SimpleStateMachine4Testing.java:put(198)) - s1: put 11, m9 -> (t:1, i:11), STATEMACHINELOGENTRY, client-CFB50CAB4D08, cid=1679
2019-09-24 12:11:24,344 DEBUG impl.RaftServerImpl (RaftServerImpl.java:submitClientRequestAsync(533)) - s2@group-6E85041A3092: receive client request(RaftClientRequest:client-CFB50CAB4D08->s2@group-6E85041A3092, cid=1798, seq=0, Watch(9), Message:<EMPTY>)
2019-09-24 12:11:24,344 DEBUG impl.WatchRequests (WatchRequests.java:updateIndex(142)) - s2@group-6E85041A3092-WatchRequests: update MAJORITY_COMMITTED index from 15 to 22
2019-09-24 12:11:24,344 DEBUG impl.WatchRequests (WatchRequests.java:updateIndex(142)) - s2@group-6E85041A3092-WatchRequests: update MAJORITY index from 31 to 32
2019-09-24 12:11:24,344 DEBUG impl.UnorderedAsync (UnorderedAsync.java:lambda$sendRequestWithRetry$4(77)) - client-CFB50CAB4D08: attempt #1 receive~ RaftClientReply:client-CFB50CAB4D08->s2@group-6E85041A3092, cid=1796, SUCCESS, logIndex=0, commits[s2:c29, s0:c0, s1:c14]
2019-09-24 12:11:24,344 INFO  grpc.TestWatchRequestWithGrpc (WatchRequestTests.java:get(172)) - majority-Watch(5) returns RaftClientReply:client-CFB50CAB4D08->s2@group-6E85041A3092, cid=1782, SUCCESS, logIndex=0, commits[s2:c26, s0:c0, s1:c2]
2019-09-24 12:11:24,343 DEBUG impl.UnorderedAsync (UnorderedAsync.java:sendRequestWithRetry(74)) - client-CFB50CAB4D08: attempt #1 send~ RaftClientRequest:client-CFB50CAB4D08->s2@group-6E85041A3092, cid=1800, seq=0, Watch-MAJORITY_COMMITTED(9), null
2019-09-24 12:11:24,345 INFO  grpc.TestWatchRequestWithGrpc (WatchRequestTests.java:get(172)) - majorityCommitted-Watch(5) returns RaftClientReply:client-CFB50CAB4D08->s2@group-6E85041A3092, cid=1784, SUCCESS, logIndex=0, commits[s2:c27, s0:c0, s1:c5]
2019-09-24 12:11:24,345 DEBUG impl.WatchRequests (WatchRequests.java:updateIndex(142)) - s2@group-6E85041A3092-WatchRequests: update MAJORITY_COMMITTED index from 22 to 25
2019-09-24 12:11:24,345 DEBUG impl.WatchRequests (WatchRequests.java:updateIndex(142)) - s2@group-6E85041A3092-WatchRequests: update MAJORITY index from 32 to 34
2019-09-24 12:11:24,345 DEBUG impl.RaftServerImpl (LeaderState.java:addWatchReqeust(324)) - s2@group-6E85041A3092-LeaderState: addWatchRequest RaftClientRequest:client-CFB50CAB4D08->s2@group-6E85041A3092, cid=1798, seq=0, Watch(9), Message:<EMPTY>
2019-09-24 12:11:24,345 INFO  statemachine.SimpleStateMachine4Testing (SimpleStateMachine4Testing.java:put(198)) - s1: put 12, m10 -> (t:1, i:12), STATEMACHINELOGENTRY, client-CFB50CAB4D08, cid=1680
2019-09-24 12:11:24,346 DEBUG impl.WatchRequests (WatchRequests.java:updateIndex(142)) - s2@group-6E85041A3092-WatchRequests: update MAJORITY_COMMITTED index from 25 to 26
2019-09-24 12:11:24,346 DEBUG impl.WatchRequests (WatchRequests.java:updateIndex(142)) - s2@group-6E85041A3092-WatchRequests: update MAJORITY index from 34 to 35
2019-09-24 12:11:24,345 INFO  grpc.TestWatchRequestWithGrpc (WatchRequestTests.java:checkMajority(230)) - checkMajority 4: receive RaftClientReply:client-CFB50CAB4D08->s2@group-6E85041A3092, cid=1674, SUCCESS, logIndex=6, commits[s2:c25, s0:c0, s1:c2]
2019-09-24 12:11:24,345 DEBUG impl.UnorderedAsync (UnorderedAsync.java:sendRequestWithRetry(74)) - client-CFB50CAB4D08: attempt #1 send~ RaftClientRequest:client-CFB50CAB4D08->s2@group-6E85041A3092, cid=1801, seq=0, Watch-ALL_COMMITTED(9), null
2019-09-24 12:11:24,346 DEBUG impl.UnorderedAsync (UnorderedAsync.java:lambda$sendRequestWithRetry$4(77)) - client-CFB50CAB4D08: attempt #1 receive~ RaftClientReply:client-CFB50CAB4D08->s2@group-6E85041A3092, cid=1798, SUCCESS, logIndex=0, commits[s2:c35, s0:c0, s1:c25]
2019-09-24 12:11:24,346 INFO  grpc.TestWatchRequestWithGrpc (WatchRequestTests.java:get(172)) - majority-Watch(6) returns RaftClientReply:client-CFB50CAB4D08->s2@group-6E85041A3092, cid=1786, SUCCESS, logIndex=0, commits[s2:c26, s0:c0, s1:c2]
2019-09-24 12:11:24,346 INFO  statemachine.SimpleStateMachine4Testing (SimpleStateMachine4Testing.java:put(198)) - s2: put 36, m26 -> (t:1, i:36), STATEMACHINELOGENTRY, client-CFB50CAB4D08, cid=1696
2019-09-24 12:11:24,346 DEBUG impl.WatchRequests (WatchRequests.java:updateIndex(142)) - s2@group-6E85041A3092-WatchRequests: update MAJORITY index from 35 to 39
2019-09-24 12:11:24,346 INFO  statemachine.SimpleStateMachine4Testing (SimpleStateMachine4Testing.java:put(198)) - s1: put 13, m11 -> (t:1, i:13), STATEMACHINELOGENTRY, client-CFB50CAB4D08, cid=1681
2019-09-24 12:11:24,346 DEBUG impl.RaftServerImpl (RaftServerImpl.java:submitClientRequestAsync(533)) - s2@group-6E85041A3092: receive client request(RaftClientRequest:client-CFB50CAB4D08->s2@group-6E85041A3092, cid=1799, seq=0, Watch-ALL(9), Message:<EMPTY>)
2019-09-24 12:11:24,347 INFO  statemachine.SimpleStateMachine4Testing (SimpleStateMachine4Testing.java:put(198)) - s1: put 14, m12 -> (t:1, i:14), STATEMACHINELOGENTRY, client-CFB50CAB4D08, cid=1682
2019-09-24 12:11:24,347 DEBUG impl.WatchRequests (WatchRequests.java:updateIndex(142)) - s2@group-6E85041A3092-WatchRequests: update MAJORITY index from 39 to 42
2019-09-24 12:11:24,346 INFO  grpc.TestWatchRequestWithGrpc (WatchRequestTests.java:get(172)) - majorityCommitted-Watch(6) returns RaftClientReply:client-CFB50CAB4D08->s2@group-6E85041A3092, cid=1788, SUCCESS, logIndex=0, commits[s2:c28, s0:c0, s1:c7]
2019-09-24 12:11:24,346 INFO  grpc.TestWatchRequestWithGrpc (WatchRequestTests.java:lambda$sendRequests$0(99)) - SEND_WATCH: message=m8, logIndex=10
2019-09-24 12:11:24,347 DEBUG impl.RaftServerImpl (RaftServerImpl.java:logAppendEntries(850)) - s1@group-6E85041A3092: receive appendEntries(s2, 1, (t:1, i:44), 42, false, commits[s2:c42, s0:c0, s1:c26], entries: (t:1, i:45), METADATAENTRY(c42)
2019-09-24 12:11:24,347 INFO  grpc.TestWatchRequestWithGrpc (WatchRequestTests.java:checkMajority(230)) - checkMajority 5: receive RaftClientReply:client-CFB50CAB4D08->s2@group-6E85041A3092, cid=1675, SUCCESS, logIndex=7, commits[s2:c25, s0:c0, s1:c2]
2019-09-24 12:11:24,347 DEBUG impl.RaftServerImpl (LeaderState.java:addPendingRequest(317)) - s2@group-6E85041A3092-LeaderState: addPendingRequest at RaftClientRequest:client-CFB50CAB4D08->s2@group-6E85041A3092, cid=1703, seq=34, RW, Message:6d3333, entry=(t:1, i:46), STATEMACHINELOGENTRY, client-CFB50CAB4D08, cid=1703
2019-09-24 12:11:24,347 INFO  statemachine.SimpleStateMachine4Testing (SimpleStateMachine4Testing.java:put(198)) - s1: put 15, m13 -> (t:1, i:15), STATEMACHINELOGENTRY, client-CFB50CAB4D08, cid=1683
2019-09-24 12:11:24,347 DEBUG impl.RaftServerImpl (LeaderState.java:addWatchReqeust(324)) - s2@group-6E85041A3092-LeaderState: addWatchRequest RaftClientRequest:client-CFB50CAB4D08->s2@group-6E85041A3092, cid=1799, seq=0, Watch-ALL(9), Message:<EMPTY>
2019-09-24 12:11:24,348 INFO  statemachine.SimpleStateMachine4Testing (SimpleStateMachine4Testing.java:put(198)) - s2: put 37, m27 -> (t:1, i:37), STATEMACHINELOGENTRY, client-CFB50CAB4D08, cid=1697
2019-09-24 12:11:24,348 DEBUG impl.RaftServerImpl (RaftServerImpl.java:submitClientRequestAsync(533)) - s2@group-6E85041A3092: receive client request(RaftClientRequest:client-CFB50CAB4D08->s2@group-6E85041A3092, cid=1800, seq=0, Watch-MAJORITY_COMMITTED(9), Message:<EMPTY>)
2019-09-24 12:11:24,348 DEBUG impl.RaftServerImpl (RaftServerImpl.java:submitClientRequestAsync(533)) - s2@group-6E85041A3092: receive client request(RaftClientRequest:client-CFB50CAB4D08->s2@group-6E85041A3092, cid=1704, seq=35, RW, Message:6d3334)
2019-09-24 12:11:24,348 INFO  statemachine.SimpleStateMachine4Testing (SimpleStateMachine4Testing.java:put(198)) - s1: put 16, m14 -> (t:1, i:16), STATEMACHINELOGENTRY, client-CFB50CAB4D08, cid=1684
2019-09-24 12:11:24,347 DEBUG impl.RaftServerImpl (RaftServerImpl.java:logAppendEntries(850)) - s1@group-6E85041A3092: receive appendEntries(s2, 1, (t:1, i:45), 42, false, commits[s2:c42, s0:c0, s1:c26], entries: (t:1, i:46), STATEMACHINELOGENTRY, client-CFB50CAB4D08, cid=1703
2019-09-24 12:11:24,347 INFO  grpc.TestWatchRequestWithGrpc (WatchRequestTests.java:get(172)) - majority-Watch(7) returns RaftClientReply:client-CFB50CAB4D08->s2@group-6E85041A3092, cid=1790, SUCCESS, logIndex=0, commits[s2:c26, s0:c0, s1:c2]
2019-09-24 12:11:24,347 DEBUG impl.RaftServerImpl (RaftServerImpl.java:logAppendEntries(850)) - s0@group-6E85041A3092: receive appendEntries(s2, 1, (t:1, i:44), 42, false, commits[s2:c42, s0:c0, s1:c26], entries: (t:1, i:45), METADATAENTRY(c42)
2019-09-24 12:11:24,347 DEBUG impl.UnorderedAsync (UnorderedAsync.java:sendRequestWithRetry(74)) - client-CFB50CAB4D08: attempt #1 send~ RaftClientRequest:client-CFB50CAB4D08->s2@group-6E85041A3092, cid=1802, seq=0, Watch(10), null
2019-09-24 12:11:24,349 DEBUG impl.RaftServerImpl (RaftServerImpl.java:logAppendEntries(850)) - s0@group-6E85041A3092: receive appendEntries(s2, 1, (t:1, i:45), 42, false, commits[s2:c42, s0:c0, s1:c26], entries: (t:1, i:46), STATEMACHINELOGENTRY, client-CFB50CAB4D08, cid=1703
2019-09-24 12:11:24,349 INFO  grpc.TestWatchRequestWithGrpc (WatchRequestTests.java:get(172)) - majorityCommitted-Watch(7) returns RaftClientReply:client-CFB50CAB4D08->s2@group-6E85041A3092, cid=1792, SUCCESS, logIndex=0, commits[s2:c28, s0:c0, s1:c7]
2019-09-24 12:11:24,348 INFO  statemachine.SimpleStateMachine4Testing (SimpleStateMachine4Testing.java:put(198)) - s1: put 17, m15 -> (t:1, i:17), STATEMACHINELOGENTRY, client-CFB50CAB4D08, cid=1685
2019-09-24 12:11:24,348 DEBUG impl.RaftServerImpl (LeaderState.java:addPendingRequest(317)) - s2@group-6E85041A3092-LeaderState: addPendingRequest at RaftClientRequest:client-CFB50CAB4D08->s2@group-6E85041A3092, cid=1704, seq=35, RW, Message:6d3334, entry=(t:1, i:47), STATEMACHINELOGENTRY, client-CFB50CAB4D08, cid=1704
2019-09-24 12:11:24,348 INFO  statemachine.SimpleStateMachine4Testing (SimpleStateMachine4Testing.java:put(198)) - s2: put 38, m28 -> (t:1, i:38), STATEMACHINELOGENTRY, client-CFB50CAB4D08, cid=1698
2019-09-24 12:11:24,348 DEBUG impl.RaftServerImpl (LeaderState.java:addWatchReqeust(324)) - s2@group-6E85041A3092-LeaderState: addWatchRequest RaftClientRequest:client-CFB50CAB4D08->s2@group-6E85041A3092, cid=1800, seq=0, Watch-MAJORITY_COMMITTED(9), Message:<EMPTY>
2019-09-24 12:11:24,349 DEBUG client.GrpcClientProtocolService (GrpcClientProtocolService.java:sendReply(353)) - 0-OrderedRequestStreamObserver0: sendReply seq=27, RaftClientReply:client-CFB50CAB4D08->s2@group-6E85041A3092, cid=1696, SUCCESS, logIndex=36, commits[s2:c39, s0:c0, s1:c26]
2019-09-24 12:11:24,350 DEBUG impl.RaftServerImpl (RaftServerImpl.java:logAppendEntries(850)) - s0@group-6E85041A3092: receive appendEntries(s2, 1, (t:1, i:46), 42, false, commits[s2:c42, s0:c0, s1:c26], entries: (t:1, i:47), STATEMACHINELOGENTRY, client-CFB50CAB4D08, cid=1704
2019-09-24 12:11:24,349 INFO  statemachine.SimpleStateMachine4Testing (SimpleStateMachine4Testing.java:put(198)) - s1: put 18, m16 -> (t:1, i:18), STATEMACHINELOGENTRY, client-CFB50CAB4D08, cid=1686
2019-09-24 12:11:24,350 DEBUG client.GrpcClientProtocolService (GrpcClientProtocolService.java:sendReply(353)) - 0-OrderedRequestStreamObserver0: sendReply seq=28, RaftClientReply:client-CFB50CAB4D08->s2@group-6E85041A3092, cid=1697, SUCCESS, logIndex=37, commits[s2:c42, s0:c0, s1:c26]
2019-09-24 12:11:24,349 INFO  grpc.TestWatchRequestWithGrpc (WatchRequestTests.java:checkMajority(230)) - checkMajority 6: receive RaftClientReply:client-CFB50CAB4D08->s2@group-6E85041A3092, cid=1676, SUCCESS, logIndex=8, commits[s2:c25, s0:c0, s1:c2]
2019-09-24 12:11:24,349 DEBUG impl.UnorderedAsync (UnorderedAsync.java:sendRequestWithRetry(74)) - client-CFB50CAB4D08: attempt #1 send~ RaftClientRequest:client-CFB50CAB4D08->s2@group-6E85041A3092, cid=1803, seq=0, Watch-ALL(10), null
2019-09-24 12:11:24,350 DEBUG impl.UnorderedAsync (UnorderedAsync.java:lambda$sendRequestWithRetry$4(77)) - client-CFB50CAB4D08: attempt #1 receive~ RaftClientReply:client-CFB50CAB4D08->s2@group-6E85041A3092, cid=1800, SUCCESS, logIndex=0, commits[s2:c42, s0:c0, s1:c26]
2019-09-24 12:11:24,350 INFO  grpc.TestWatchRequestWithGrpc (WatchRequestTests.java:get(172)) - majority-Watch(8) returns RaftClientReply:client-CFB50CAB4D08->s2@group-6E85041A3092, cid=1794, SUCCESS, logIndex=0, commits[s2:c27, s0:c0, s1:c5]
2019-09-24 12:11:24,350 DEBUG client.GrpcClientProtocolService (GrpcClientProtocolService.java:sendReply(353)) - 0-OrderedRequestStreamObserver0: sendReply seq=29, RaftClientReply:client-CFB50CAB4D08->s2@group-6E85041A3092, cid=1698, SUCCESS, logIndex=38, commits[s2:c42, s0:c0, s1:c26]
2019-09-24 12:11:24,350 INFO  statemachine.SimpleStateMachine4Testing (SimpleStateMachine4Testing.java:put(198)) - s1: put 19, m17 -> (t:1, i:19), STATEMACHINELOGENTRY, client-CFB50CAB4D08, cid=1687
2019-09-24 12:11:24,350 DEBUG impl.RaftServerImpl (RaftServerImpl.java:submitClientRequestAsync(533)) - s2@group-6E85041A3092: receive client request(RaftClientRequest:client-CFB50CAB4D08->s2@group-6E85041A3092, cid=1801, seq=0, Watch-ALL_COMMITTED(9), Message:<EMPTY>)
2019-09-24 12:11:24,350 DEBUG impl.RaftServerImpl (RaftServerImpl.java:logAppendEntries(850)) - s1@group-6E85041A3092: succeeded to handle AppendEntries. Reply: s2<-s1#54:OK,SUCCESS,nextIndex:44,term:1,followerCommit:27
2019-09-24 12:11:24,350 DEBUG impl.RaftServerImpl (RaftServerImpl.java:logAppendEntries(850)) - s1@group-6E85041A3092: receive appendEntries(s2, 1, (t:1, i:46), 42, false, commits[s2:c42, s0:c0, s1:c26], entries: (t:1, i:47), STATEMACHINELOGENTRY, client-CFB50CAB4D08, cid=1704
2019-09-24 12:11:24,350 INFO  statemachine.SimpleStateMachine4Testing (SimpleStateMachine4Testing.java:put(198)) - s2: put 40, m29 -> (t:1, i:40), STATEMACHINELOGENTRY, client-CFB50CAB4D08, cid=1699
2019-09-24 12:11:24,351 DEBUG impl.RaftServerImpl (LeaderState.java:addWatchReqeust(324)) - s2@group-6E85041A3092-LeaderState: addWatchRequest RaftClientRequest:client-CFB50CAB4D08->s2@group-6E85041A3092, cid=1801, seq=0, Watch-ALL_COMMITTED(9), Message:<EMPTY>
2019-09-24 12:11:24,351 INFO  statemachine.SimpleStateMachine4Testing (SimpleStateMachine4Testing.java:put(198)) - s2: put 41, m30 -> (t:1, i:41), STATEMACHINELOGENTRY, client-CFB50CAB4D08, cid=1700
2019-09-24 12:11:24,351 DEBUG impl.RaftServerImpl (RaftServerImpl.java:submitClientRequestAsync(533)) - s2@group-6E85041A3092: receive client request(RaftClientRequest:client-CFB50CAB4D08->s2@group-6E85041A3092, cid=1705, seq=36, RW, Message:6d3335)
2019-09-24 12:11:24,351 INFO  statemachine.SimpleStateMachine4Testing (SimpleStateMachine4Testing.java:put(198)) - s1: put 20, m18 -> (t:1, i:20), STATEMACHINELOGENTRY, client-CFB50CAB4D08, cid=1688
2019-09-24 12:11:24,350 INFO  grpc.TestWatchRequestWithGrpc (WatchRequestTests.java:get(172)) - majorityCommitted-Watch(8) returns RaftClientReply:client-CFB50CAB4D08->s2@group-6E85041A3092, cid=1796, SUCCESS, logIndex=0, commits[s2:c29, s0:c0, s1:c14]
2019-09-24 12:11:24,350 DEBUG impl.UnorderedAsync (UnorderedAsync.java:sendRequestWithRetry(74)) - client-CFB50CAB4D08: attempt #1 send~ RaftClientRequest:client-CFB50CAB4D08->s2@group-6E85041A3092, cid=1804, seq=0, Watch-MAJORITY_COMMITTED(10), null
2019-09-24 12:11:24,352 INFO  grpc.TestWatchRequestWithGrpc (WatchRequestTests.java:checkMajority(230)) - checkMajority 7: receive RaftClientReply:client-CFB50CAB4D08->s2@group-6E85041A3092, cid=1677, SUCCESS, logIndex=9, commits[s2:c25, s0:c0, s1:c2]
2019-09-24 12:11:24,352 INFO  statemachine.SimpleStateMachine4Testing (SimpleStateMachine4Testing.java:put(198)) - s1: put 21, m19 -> (t:1, i:21), STATEMACHINELOGENTRY, client-CFB50CAB4D08, cid=1689
2019-09-24 12:11:24,352 DEBUG impl.RaftServerImpl (LeaderState.java:addPendingRequest(317)) - s2@group-6E85041A3092-LeaderState: addPendingRequest at RaftClientRequest:client-CFB50CAB4D08->s2@group-6E85041A3092, cid=1705, seq=36, RW, Message:6d3335, entry=(t:1, i:48), STATEMACHINELOGENTRY, client-CFB50CAB4D08, cid=1705
2019-09-24 12:11:24,351 INFO  statemachine.SimpleStateMachine4Testing (SimpleStateMachine4Testing.java:put(198)) - s2: put 42, m31 -> (t:1, i:42), STATEMACHINELOGENTRY, client-CFB50CAB4D08, cid=1701
2019-09-24 12:11:24,351 DEBUG impl.RaftServerImpl (RaftServerImpl.java:submitClientRequestAsync(533)) - s2@group-6E85041A3092: receive client request(RaftClientRequest:client-CFB50CAB4D08->s2@group-6E85041A3092, cid=1802, seq=0, Watch(10), Message:<EMPTY>)
2019-09-24 12:11:24,351 DEBUG impl.WatchRequests (WatchRequests.java:updateIndex(142)) - s2@group-6E85041A3092-WatchRequests: update MAJORITY_COMMITTED index from 26 to 27
2019-09-24 12:11:24,352 DEBUG impl.RaftServerImpl (RaftServerImpl.java:logAppendEntries(850)) - s1@group-6E85041A3092: receive appendEntries(s2, 1, (t:1, i:47), 42, false, commits[s2:c42, s0:c0, s1:c27], entries: (t:1, i:48), STATEMACHINELOGENTRY, client-CFB50CAB4D08, cid=1705
2019-09-24 12:11:24,352 DEBUG impl.RaftServerImpl (LeaderState.java:addWatchReqeust(324)) - s2@group-6E85041A3092-LeaderState: addWatchRequest RaftClientRequest:client-CFB50CAB4D08->s2@group-6E85041A3092, cid=1802, seq=0, Watch(10), Message:<EMPTY>
2019-09-24 12:11:24,352 DEBUG client.GrpcClientProtocolService (GrpcClientProtocolService.java:sendReply(353)) - 0-OrderedRequestStreamObserver0: sendReply seq=30, RaftClientReply:client-CFB50CAB4D08->s2@group-6E85041A3092, cid=1699, SUCCESS, logIndex=40, commits[s2:c42, s0:c0, s1:c26]
2019-09-24 12:11:24,352 INFO  statemachine.SimpleStateMachine4Testing (SimpleStateMachine4Testing.java:put(198)) - s1: put 22, m20 -> (t:1, i:22), STATEMACHINELOGENTRY, client-CFB50CAB4D08, cid=1690
2019-09-24 12:11:24,352 INFO  grpc.TestWatchRequestWithGrpc (WatchRequestTests.java:get(172)) - majority-Watch(9) returns RaftClientReply:client-CFB50CAB4D08->s2@group-6E85041A3092, cid=1798, SUCCESS, logIndex=0, commits[s2:c35, s0:c0, s1:c25]
2019-09-24 12:11:24,352 DEBUG impl.UnorderedAsync (UnorderedAsync.java:sendRequestWithRetry(74)) - client-CFB50CAB4D08: attempt #1 send~ RaftClientRequest:client-CFB50CAB4D08->s2@group-6E85041A3092, cid=1805, seq=0, Watch-ALL_COMMITTED(10), null
2019-09-24 12:11:24,353 INFO  grpc.TestWatchRequestWithGrpc (WatchRequestTests.java:get(172)) - majorityCommitted-Watch(9) returns RaftClientReply:client-CFB50CAB4D08->s2@group-6E85041A3092, cid=1800, SUCCESS, logIndex=0, commits[s2:c42, s0:c0, s1:c26]
2019-09-24 12:11:24,353 INFO  statemachine.SimpleStateMachine4Testing (SimpleStateMachine4Testing.java:put(198)) - s1: put 23, m21 -> (t:1, i:23), STATEMACHINELOGENTRY, client-CFB50CAB4D08, cid=1691
2019-09-24 12:11:24,353 DEBUG client.GrpcClientProtocolService (GrpcClientProtocolService.java:sendReply(353)) - 0-OrderedRequestStreamObserver0: sendReply seq=31, RaftClientReply:client-CFB50CAB4D08->s2@group-6E85041A3092, cid=1700, SUCCESS, logIndex=41, commits[s2:c42, s0:c0, s1:c27]
2019-09-24 12:11:24,353 DEBUG impl.RaftServerImpl (RaftServerImpl.java:submitClientRequestAsync(533)) - s2@group-6E85041A3092: receive client request(RaftClientRequest:client-CFB50CAB4D08->s2@group-6E85041A3092, cid=1803, seq=0, Watch-ALL(10), Message:<EMPTY>)
2019-09-24 12:11:24,353 DEBUG impl.WatchRequests (WatchRequests.java:updateIndex(142)) - s2@group-6E85041A3092-WatchRequests: update MAJORITY index from 42 to 43
2019-09-24 12:11:24,353 DEBUG impl.RaftServerImpl (RaftServerImpl.java:logAppendEntries(850)) - s0@group-6E85041A3092: receive appendEntries(s2, 1, (t:1, i:47), 42, false, commits[s2:c42, s0:c0, s1:c27], entries: (t:1, i:48), STATEMACHINELOGENTRY, client-CFB50CAB4D08, cid=1705
2019-09-24 12:11:24,354 DEBUG impl.RaftServerImpl (LeaderState.java:addWatchReqeust(324)) - s2@group-6E85041A3092-LeaderState: addWatchRequest RaftClientRequest:client-CFB50CAB4D08->s2@group-6E85041A3092, cid=1803, seq=0, Watch-ALL(10), Message:<EMPTY>
2019-09-24 12:11:24,354 DEBUG client.GrpcClientProtocolService (GrpcClientProtocolService.java:sendReply(353)) - 0-OrderedRequestStreamObserver0: sendReply seq=32, RaftClientReply:client-CFB50CAB4D08->s2@group-6E85041A3092, cid=1701, SUCCESS, logIndex=42, commits[s2:c42, s0:c0, s1:c27]
2019-09-24 12:11:24,353 INFO  statemachine.SimpleStateMachine4Testing (SimpleStateMachine4Testing.java:put(198)) - s1: put 24, m22 -> (t:1, i:24), STATEMACHINELOGENTRY, client-CFB50CAB4D08, cid=1692
2019-09-24 12:11:24,353 INFO  grpc.TestWatchRequestWithGrpc (WatchRequestTests.java:checkMajority(230)) - checkMajority 8: receive RaftClientReply:client-CFB50CAB4D08->s2@group-6E85041A3092, cid=1678, SUCCESS, logIndex=10, commits[s2:c25, s0:c0, s1:c2]
2019-09-24 12:11:24,353 INFO  grpc.TestWatchRequestWithGrpc (WatchRequestTests.java:lambda$sendRequests$0(99)) - SEND_WATCH: message=m9, logIndex=11
2019-09-24 12:11:24,353 DEBUG impl.UnorderedAsync (UnorderedAsync.java:lambda$sendRequestWithRetry$4(77)) - client-CFB50CAB4D08: attempt #1 receive~ RaftClientReply:client-CFB50CAB4D08->s2@group-6E85041A3092, cid=1802, SUCCESS, logIndex=0, commits[s2:c43, s0:c0, s1:c27]
2019-09-24 12:11:24,355 DEBUG impl.UnorderedAsync (UnorderedAsync.java:sendRequestWithRetry(74)) - client-CFB50CAB4D08: attempt #1 send~ RaftClientRequest:client-CFB50CAB4D08->s2@group-6E85041A3092, cid=1806, seq=0, Watch(11), null
2019-09-24 12:11:24,354 DEBUG impl.RaftServerImpl (RaftServerImpl.java:submitClientRequestAsync(533)) - s2@group-6E85041A3092: receive client request(RaftClientRequest:client-CFB50CAB4D08->s2@group-6E85041A3092, cid=1706, seq=37, RW, Message:6d3336)
2019-09-24 12:11:24,354 INFO  statemachine.SimpleStateMachine4Testing (SimpleStateMachine4Testing.java:put(198)) - s1: put 25, m23 -> (t:1, i:25), STATEMACHINELOGENTRY, client-CFB50CAB4D08, cid=1693
2019-09-24 12:11:24,354 DEBUG impl.RaftServerImpl (RaftServerImpl.java:submitClientRequestAsync(533)) - s2@group-6E85041A3092: receive client request(RaftClientRequest:client-CFB50CAB4D08->s2@group-6E85041A3092, cid=1804, seq=0, Watch-MAJORITY_COMMITTED(10), Message:<EMPTY>)
2019-09-24 12:11:24,355 INFO  statemachine.SimpleStateMachine4Testing (SimpleStateMachine4Testing.java:put(198)) - s1: put 26, m24 -> (t:1, i:26), STATEMACHINELOGENTRY, client-CFB50CAB4D08, cid=1694
2019-09-24 12:11:24,355 DEBUG impl.RaftServerImpl (LeaderState.java:addPendingRequest(317)) - s2@group-6E85041A3092-LeaderState: addPendingRequest at RaftClientRequest:client-CFB50CAB4D08->s2@group-6E85041A3092, cid=1706, seq=37, RW, Message:6d3336, entry=(t:1, i:49), STATEMACHINELOGENTRY, client-CFB50CAB4D08, cid=1706
2019-09-24 12:11:24,355 DEBUG impl.UnorderedAsync (UnorderedAsync.java:sendRequestWithRetry(74)) - client-CFB50CAB4D08: attempt #1 send~ RaftClientRequest:client-CFB50CAB4D08->s2@group-6E85041A3092, cid=1807, seq=0, Watch-ALL(11), null
2019-09-24 12:11:24,355 INFO  grpc.TestWatchRequestWithGrpc (WatchRequestTests.java:get(172)) - majority-Watch(10) returns RaftClientReply:client-CFB50CAB4D08->s2@group-6E85041A3092, cid=1802, SUCCESS, logIndex=0, commits[s2:c43, s0:c0, s1:c27]
2019-09-24 12:11:24,356 DEBUG impl.RaftServerImpl (RaftServerImpl.java:submitClientRequestAsync(533)) - s2@group-6E85041A3092: receive client request(RaftClientRequest:client-CFB50CAB4D08->s2@group-6E85041A3092, cid=1707, seq=38, RW, Message:6d3337)
2019-09-24 12:11:24,356 DEBUG impl.UnorderedAsync (UnorderedAsync.java:sendRequestWithRetry(74)) - client-CFB50CAB4D08: attempt #1 send~ RaftClientRequest:client-CFB50CAB4D08->s2@group-6E85041A3092, cid=1808, seq=0, Watch-MAJORITY_COMMITTED(11), null
2019-09-24 12:11:24,355 INFO  statemachine.SimpleStateMachine4Testing (SimpleStateMachine4Testing.java:put(198)) - s1: put 27, m25 -> (t:1, i:27), STATEMACHINELOGENTRY, client-CFB50CAB4D08, cid=1695
2019-09-24 12:11:24,355 DEBUG impl.RaftServerImpl (LeaderState.java:addWatchReqeust(324)) - s2@group-6E85041A3092-LeaderState: addWatchRequest RaftClientRequest:client-CFB50CAB4D08->s2@group-6E85041A3092, cid=1804, seq=0, Watch-MAJORITY_COMMITTED(10), Message:<EMPTY>
2019-09-24 12:11:24,356 DEBUG impl.UnorderedAsync (UnorderedAsync.java:sendRequestWithRetry(74)) - client-CFB50CAB4D08: attempt #1 send~ RaftClientRequest:client-CFB50CAB4D08->s2@group-6E85041A3092, cid=1809, seq=0, Watch-ALL_COMMITTED(11), null
2019-09-24 12:11:24,356 DEBUG impl.RaftServerImpl (RaftServerImpl.java:submitClientRequestAsync(533)) - s2@group-6E85041A3092: receive client request(RaftClientRequest:client-CFB50CAB4D08->s2@group-6E85041A3092, cid=1805, seq=0, Watch-ALL_COMMITTED(10), Message:<EMPTY>)
2019-09-24 12:11:24,356 DEBUG impl.RaftServerImpl (LeaderState.java:addPendingRequest(317)) - s2@group-6E85041A3092-LeaderState: addPendingRequest at RaftClientRequest:client-CFB50CAB4D08->s2@group-6E85041A3092, cid=1707, seq=38, RW, Message:6d3337, entry=(t:1, i:50), STATEMACHINELOGENTRY, client-CFB50CAB4D08, cid=1707
2019-09-24 12:11:24,356 DEBUG impl.RaftServerImpl (RaftServerImpl.java:logAppendEntries(850)) - s1@group-6E85041A3092: receive appendEntries(s2, 1, (t:1, i:48), 43, false, commits[s2:c43, s0:c0, s1:c27], entries: (t:1, i:49), STATEMACHINELOGENTRY, client-CFB50CAB4D08, cid=1706
2019-09-24 12:11:24,356 DEBUG impl.RaftServerImpl (RaftServerImpl.java:logAppendEntries(850)) - s0@group-6E85041A3092: receive appendEntries(s2, 1, (t:1, i:48), 43, false, commits[s2:c43, s0:c0, s1:c27], entries: (t:1, i:49), STATEMACHINELOGENTRY, client-CFB50CAB4D08, cid=1706
2019-09-24 12:11:24,357 DEBUG impl.RaftServerImpl (RaftServerImpl.java:submitClientRequestAsync(533)) - s2@group-6E85041A3092: receive client request(RaftClientRequest:client-CFB50CAB4D08->s2@group-6E85041A3092, cid=1708, seq=39, RW, Message:6d3338)
2019-09-24 12:11:24,357 DEBUG impl.UnorderedAsync (UnorderedAsync.java:lambda$sendRequestWithRetry$4(77)) - client-CFB50CAB4D08: attempt #1 receive~ RaftClientReply:client-CFB50CAB4D08->s2@group-6E85041A3092, cid=1804, SUCCESS, logIndex=0, commits[s2:c43, s0:c0, s1:c27]
2019-09-24 12:11:24,357 INFO  grpc.TestWatchRequestWithGrpc (WatchRequestTests.java:lambda$sendRequests$0(99)) - SEND_WATCH: message=m10, logIndex=12
2019-09-24 12:11:24,357 DEBUG impl.RaftServerImpl (LeaderState.java:addWatchReqeust(324)) - s2@group-6E85041A3092-LeaderState: addWatchRequest RaftClientRequest:client-CFB50CAB4D08->s2@group-6E85041A3092, cid=1805, seq=0, Watch-ALL_COMMITTED(10), Message:<EMPTY>
2019-09-24 12:11:24,357 DEBUG impl.UnorderedAsync (UnorderedAsync.java:sendRequestWithRetry(74)) - client-CFB50CAB4D08: attempt #1 send~ RaftClientRequest:client-CFB50CAB4D08->s2@group-6E85041A3092, cid=1810, seq=0, Watch(12), null
2019-09-24 12:11:24,357 DEBUG impl.RaftServerImpl (LeaderState.java:addPendingRequest(317)) - s2@group-6E85041A3092-LeaderState: addPendingRequest at RaftClientRequest:client-CFB50CAB4D08->s2@group-6E85041A3092, cid=1708, seq=39, RW, Message:6d3338, entry=(t:1, i:51), STATEMACHINELOGENTRY, client-CFB50CAB4D08, cid=1708
2019-09-24 12:11:24,357 INFO  grpc.TestWatchRequestWithGrpc (WatchRequestTests.java:get(172)) - majorityCommitted-Watch(10) returns RaftClientReply:client-CFB50CAB4D08->s2@group-6E85041A3092, cid=1804, SUCCESS, logIndex=0, commits[s2:c43, s0:c0, s1:c27]
2019-09-24 12:11:24,358 DEBUG impl.RaftServerImpl (RaftServerImpl.java:submitClientRequestAsync(533)) - s2@group-6E85041A3092: receive client request(RaftClientRequest:client-CFB50CAB4D08->s2@group-6E85041A3092, cid=1709, seq=40, RW, Message:6d3339)
2019-09-24 12:11:24,357 DEBUG impl.RaftServerImpl (RaftServerImpl.java:logAppendEntries(850)) - s0@group-6E85041A3092: receive appendEntries(s2, 1, (t:1, i:49), 43, false, commits[s2:c43, s0:c0, s1:c27], entries: (t:1, i:50), STATEMACHINELOGENTRY, client-CFB50CAB4D08, cid=1707
2019-09-24 12:11:24,357 DEBUG impl.RaftServerImpl (RaftServerImpl.java:logAppendEntries(850)) - s1@group-6E85041A3092: receive appendEntries(s2, 1, (t:1, i:49), 43, false, commits[s2:c43, s0:c0, s1:c27], entries: (t:1, i:50), STATEMACHINELOGENTRY, client-CFB50CAB4D08, cid=1707
2019-09-24 12:11:24,359 DEBUG impl.RaftServerImpl (RaftServerImpl.java:logAppendEntries(850)) - s0@group-6E85041A3092: receive appendEntries(s2, 1, (t:1, i:50), 43, false, commits[s2:c43, s0:c0, s1:c27], entries: (t:1, i:51), STATEMACHINELOGENTRY, client-CFB50CAB4D08, cid=1708
2019-09-24 12:11:24,358 DEBUG impl.RaftServerImpl (LeaderState.java:addPendingRequest(317)) - s2@group-6E85041A3092-LeaderState: addPendingRequest at RaftClientRequest:client-CFB50CAB4D08->s2@group-6E85041A3092, cid=1709, seq=40, RW, Message:6d3339, entry=(t:1, i:52), STATEMACHINELOGENTRY, client-CFB50CAB4D08, cid=1709
2019-09-24 12:11:24,358 INFO  grpc.TestWatchRequestWithGrpc (WatchRequestTests.java:checkMajority(230)) - checkMajority 9: receive RaftClientReply:client-CFB50CAB4D08->s2@group-6E85041A3092, cid=1679, SUCCESS, logIndex=11, commits[s2:c25, s0:c0, s1:c2]
2019-09-24 12:11:24,358 DEBUG impl.UnorderedAsync (UnorderedAsync.java:sendRequestWithRetry(74)) - client-CFB50CAB4D08: attempt #1 send~ RaftClientRequest:client-CFB50CAB4D08->s2@group-6E85041A3092, cid=1811, seq=0, Watch-ALL(12), null
2019-09-24 12:11:24,358 DEBUG impl.RaftServerImpl (RaftServerImpl.java:submitClientRequestAsync(533)) - s2@group-6E85041A3092: receive client request(RaftClientRequest:client-CFB50CAB4D08->s2@group-6E85041A3092, cid=1806, seq=0, Watch(11), Message:<EMPTY>)
2019-09-24 12:11:24,359 DEBUG impl.UnorderedAsync (UnorderedAsync.java:sendRequestWithRetry(74)) - client-CFB50CAB4D08: attempt #1 send~ RaftClientRequest:client-CFB50CAB4D08->s2@group-6E85041A3092, cid=1812, seq=0, Watch-MAJORITY_COMMITTED(12), null
2019-09-24 12:11:24,359 DEBUG impl.RaftServerImpl (RaftServerImpl.java:logAppendEntries(850)) - s0@group-6E85041A3092: receive appendEntries(s2, 1, (t:1, i:51), 43, false, commits[s2:c43, s0:c0, s1:c27], entries: (t:1, i:52), STATEMACHINELOGENTRY, client-CFB50CAB4D08, cid=1709
2019-09-24 12:11:24,359 DEBUG impl.RaftServerImpl (RaftServerImpl.java:submitClientRequestAsync(533)) - s2@group-6E85041A3092: receive client request(RaftClientRequest:client-CFB50CAB4D08->s2@group-6E85041A3092, cid=1710, seq=41, RW, Message:6d3430)
2019-09-24 12:11:24,359 DEBUG impl.RaftServerImpl (RaftServerImpl.java:logAppendEntries(850)) - s1@group-6E85041A3092: receive appendEntries(s2, 1, (t:1, i:50), 43, false, commits[s2:c43, s0:c0, s1:c27], entries: (t:1, i:51), STATEMACHINELOGENTRY, client-CFB50CAB4D08, cid=1708
2019-09-24 12:11:24,360 DEBUG impl.RaftServerImpl (LeaderState.java:addPendingRequest(317)) - s2@group-6E85041A3092-LeaderState: addPendingRequest at RaftClientRequest:client-CFB50CAB4D08->s2@group-6E85041A3092, cid=1710, seq=41, RW, Message:6d3430, entry=(t:1, i:53), STATEMACHINELOGENTRY, client-CFB50CAB4D08, cid=1710
2019-09-24 12:11:24,359 DEBUG impl.UnorderedAsync (UnorderedAsync.java:sendRequestWithRetry(74)) - client-CFB50CAB4D08: attempt #1 send~ RaftClientRequest:client-CFB50CAB4D08->s2@group-6E85041A3092, cid=1813, seq=0, Watch-ALL_COMMITTED(12), null
2019-09-24 12:11:24,360 DEBUG impl.RaftServerImpl (RaftServerImpl.java:logAppendEntries(850)) - s0@group-6E85041A3092: receive appendEntries(s2, 1, (t:1, i:52), 43, false, commits[s2:c43, s0:c0, s1:c27], entries: (t:1, i:53), STATEMACHINELOGENTRY, client-CFB50CAB4D08, cid=1710
2019-09-24 12:11:24,359 DEBUG impl.RaftServerImpl (LeaderState.java:addWatchReqeust(324)) - s2@group-6E85041A3092-LeaderState: addWatchRequest RaftClientRequest:client-CFB50CAB4D08->s2@group-6E85041A3092, cid=1806, seq=0, Watch(11), Message:<EMPTY>
2019-09-24 12:11:24,360 INFO  grpc.TestWatchRequestWithGrpc (WatchRequestTests.java:lambda$sendRequests$0(99)) - SEND_WATCH: message=m11, logIndex=13
2019-09-24 12:11:24,360 DEBUG impl.RaftServerImpl (RaftServerImpl.java:submitClientRequestAsync(533)) - s2@group-6E85041A3092: receive client request(RaftClientRequest:client-CFB50CAB4D08->s2@group-6E85041A3092, cid=1711, seq=42, RW, Message:6d3431)
2019-09-24 12:11:24,360 DEBUG impl.RaftServerImpl (RaftServerImpl.java:logAppendEntries(850)) - s1@group-6E85041A3092: receive appendEntries(s2, 1, (t:1, i:51), 43, false, commits[s2:c43, s0:c0, s1:c27], entries: (t:1, i:52), STATEMACHINELOGENTRY, client-CFB50CAB4D08, cid=1709
2019-09-24 12:11:24,361 DEBUG impl.RaftServerImpl (LeaderState.java:addPendingRequest(317)) - s2@group-6E85041A3092-LeaderState: addPendingRequest at RaftClientRequest:client-CFB50CAB4D08->s2@group-6E85041A3092, cid=1711, seq=42, RW, Message:6d3431, entry=(t:1, i:54), STATEMACHINELOGENTRY, client-CFB50CAB4D08, cid=1711
2019-09-24 12:11:24,361 DEBUG impl.RaftServerImpl (RaftServerImpl.java:logAppendEntries(850)) - s1@group-6E85041A3092: receive appendEntries(s2, 1, (t:1, i:52), 43, false, commits[s2:c43, s0:c0, s1:c27], entries: (t:1, i:53), STATEMACHINELOGENTRY, client-CFB50CAB4D08, cid=1710
2019-09-24 12:11:24,361 DEBUG impl.UnorderedAsync (UnorderedAsync.java:sendRequestWithRetry(74)) - client-CFB50CAB4D08: attempt #1 send~ RaftClientRequest:client-CFB50CAB4D08->s2@group-6E85041A3092, cid=1814, seq=0, Watch(13), null
2019-09-24 12:11:24,361 DEBUG impl.RaftServerImpl (RaftServerImpl.java:logAppendEntries(850)) - s1@group-6E85041A3092: receive appendEntries(s2, 1, (t:1, i:53), 43, false, commits[s2:c43, s0:c0, s1:c27], entries: (t:1, i:54), STATEMACHINELOGENTRY, client-CFB50CAB4D08, cid=1711
2019-09-24 12:11:24,361 DEBUG impl.RaftServerImpl (RaftServerImpl.java:submitClientRequestAsync(533)) - s2@group-6E85041A3092: receive client request(RaftClientRequest:client-CFB50CAB4D08->s2@group-6E85041A3092, cid=1807, seq=0, Watch-ALL(11), Message:<EMPTY>)
2019-09-24 12:11:24,362 DEBUG impl.UnorderedAsync (UnorderedAsync.java:sendRequestWithRetry(74)) - client-CFB50CAB4D08: attempt #1 send~ RaftClientRequest:client-CFB50CAB4D08->s2@group-6E85041A3092, cid=1815, seq=0, Watch-ALL(13), null
2019-09-24 12:11:24,361 DEBUG impl.RaftServerImpl (RaftServerImpl.java:logAppendEntries(850)) - s0@group-6E85041A3092: receive appendEntries(s2, 1, (t:1, i:53), 43, false, commits[s2:c43, s0:c0, s1:c27], entries: (t:1, i:54), STATEMACHINELOGENTRY, client-CFB50CAB4D08, cid=1711
2019-09-24 12:11:24,361 DEBUG impl.RaftServerImpl (RaftServerImpl.java:submitClientRequestAsync(533)) - s2@group-6E85041A3092: receive client request(RaftClientRequest:client-CFB50CAB4D08->s2@group-6E85041A3092, cid=1712, seq=43, RW, Message:6d3432)
2019-09-24 12:11:24,361 DEBUG impl.UnorderedAsync (UnorderedAsync.java:lambda$sendRequestWithRetry$4(77)) - client-CFB50CAB4D08: attempt #1 receive~ RaftClientReply:client-CFB50CAB4D08->s2@group-6E85041A3092, cid=1806, SUCCESS, logIndex=0, commits[s2:c43, s0:c0, s1:c27]
2019-09-24 12:11:24,362 DEBUG impl.UnorderedAsync (UnorderedAsync.java:sendRequestWithRetry(74)) - client-CFB50CAB4D08: attempt #1 send~ RaftClientRequest:client-CFB50CAB4D08->s2@group-6E85041A3092, cid=1816, seq=0, Watch-MAJORITY_COMMITTED(13), null
2019-09-24 12:11:24,362 DEBUG impl.RaftServerImpl (LeaderState.java:addWatchReqeust(324)) - s2@group-6E85041A3092-LeaderState: addWatchRequest RaftClientRequest:client-CFB50CAB4D08->s2@group-6E85041A3092, cid=1807, seq=0, Watch-ALL(11), Message:<EMPTY>
2019-09-24 12:11:24,362 DEBUG impl.UnorderedAsync (UnorderedAsync.java:sendRequestWithRetry(74)) - client-CFB50CAB4D08: attempt #1 send~ RaftClientRequest:client-CFB50CAB4D08->s2@group-6E85041A3092, cid=1817, seq=0, Watch-ALL_COMMITTED(13), null
2019-09-24 12:11:24,363 DEBUG impl.RaftServerImpl (RaftServerImpl.java:logAppendEntries(850)) - s1@group-6E85041A3092: succeeded to handle AppendEntries. Reply: s2<-s1#56:OK,SUCCESS,nextIndex:46,term:1,followerCommit:42
2019-09-24 12:11:24,363 DEBUG impl.RaftServerImpl (RaftServerImpl.java:logAppendEntries(850)) - s1@group-6E85041A3092: succeeded to handle AppendEntries. Reply: s2<-s1#57:OK,SUCCESS,nextIndex:47,term:1,followerCommit:42
2019-09-24 12:11:24,363 INFO  grpc.TestWatchRequestWithGrpc (WatchRequestTests.java:lambda$sendRequests$0(99)) - SEND_WATCH: message=m12, logIndex=14
2019-09-24 12:11:24,362 DEBUG impl.RaftServerImpl (LeaderState.java:addPendingRequest(317)) - s2@group-6E85041A3092-LeaderState: addPendingRequest at RaftClientRequest:client-CFB50CAB4D08->s2@group-6E85041A3092, cid=1712, seq=43, RW, Message:6d3432, entry=(t:1, i:55), STATEMACHINELOGENTRY, client-CFB50CAB4D08, cid=1712
2019-09-24 12:11:24,362 INFO  grpc.TestWatchRequestWithGrpc (WatchRequestTests.java:get(172)) - majority-Watch(11) returns RaftClientReply:client-CFB50CAB4D08->s2@group-6E85041A3092, cid=1806, SUCCESS, logIndex=0, commits[s2:c43, s0:c0, s1:c27]
2019-09-24 12:11:24,363 DEBUG impl.UnorderedAsync (UnorderedAsync.java:sendRequestWithRetry(74)) - client-CFB50CAB4D08: attempt #1 send~ RaftClientRequest:client-CFB50CAB4D08->s2@group-6E85041A3092, cid=1818, seq=0, Watch(14), null
2019-09-24 12:11:24,363 INFO  statemachine.SimpleStateMachine4Testing (SimpleStateMachine4Testing.java:put(198)) - s1: put 36, m26 -> (t:1, i:36), STATEMACHINELOGENTRY, client-CFB50CAB4D08, cid=1696
2019-09-24 12:11:24,363 DEBUG impl.RaftServerImpl (RaftServerImpl.java:logAppendEntries(850)) - s1@group-6E85041A3092: succeeded to handle AppendEntries. Reply: s2<-s1#55:OK,SUCCESS,nextIndex:45,term:1,followerCommit:27
2019-09-24 12:11:24,363 DEBUG impl.RaftServerImpl (RaftServerImpl.java:submitClientRequestAsync(533)) - s2@group-6E85041A3092: receive client request(RaftClientRequest:client-CFB50CAB4D08->s2@group-6E85041A3092, cid=1808, seq=0, Watch-MAJORITY_COMMITTED(11), Message:<EMPTY>)
2019-09-24 12:11:24,364 INFO  statemachine.SimpleStateMachine4Testing (SimpleStateMachine4Testing.java:put(198)) - s1: put 37, m27 -> (t:1, i:37), STATEMACHINELOGENTRY, client-CFB50CAB4D08, cid=1697
2019-09-24 12:11:24,364 DEBUG impl.UnorderedAsync (UnorderedAsync.java:sendRequestWithRetry(74)) - client-CFB50CAB4D08: attempt #1 send~ RaftClientRequest:client-CFB50CAB4D08->s2@group-6E85041A3092, cid=1819, seq=0, Watch-ALL(14), null
2019-09-24 12:11:24,363 DEBUG impl.RaftServerImpl (RaftServerImpl.java:logAppendEntries(850)) - s0@group-6E85041A3092: receive appendEntries(s2, 1, (t:1, i:54), 43, false, commits[s2:c43, s0:c0, s1:c27], entries: (t:1, i:55), STATEMACHINELOGENTRY, client-CFB50CAB4D08, cid=1712
2019-09-24 12:11:24,363 DEBUG impl.RaftServerImpl (RaftServerImpl.java:logAppendEntries(850)) - s1@group-6E85041A3092: receive appendEntries(s2, 1, (t:1, i:54), 43, false, commits[s2:c43, s0:c0, s1:c27], entries: (t:1, i:55), STATEMACHINELOGENTRY, client-CFB50CAB4D08, cid=1712
2019-09-24 12:11:24,363 DEBUG impl.RaftServerImpl (RaftServerImpl.java:submitClientRequestAsync(533)) - s2@group-6E85041A3092: receive client request(RaftClientRequest:client-CFB50CAB4D08->s2@group-6E85041A3092, cid=1713, seq=44, RW, Message:6d3433)
2019-09-24 12:11:24,364 DEBUG impl.UnorderedAsync (UnorderedAsync.java:sendRequestWithRetry(74)) - client-CFB50CAB4D08: attempt #1 send~ RaftClientRequest:client-CFB50CAB4D08->s2@group-6E85041A3092, cid=1820, seq=0, Watch-MAJORITY_COMMITTED(14), null
2019-09-24 12:11:24,364 INFO  statemachine.SimpleStateMachine4Testing (SimpleStateMachine4Testing.java:put(198)) - s2: put 44, m32 -> (t:1, i:44), STATEMACHINELOGENTRY, client-CFB50CAB4D08, cid=1702
2019-09-24 12:11:24,364 DEBUG impl.WatchRequests (WatchRequests.java:updateIndex(142)) - s2@group-6E85041A3092-WatchRequests: update MAJORITY_COMMITTED index from 27 to 42
2019-09-24 12:11:24,364 DEBUG impl.WatchRequests (WatchRequests.java:updateIndex(142)) - s2@group-6E85041A3092-WatchRequests: update MAJORITY index from 43 to 44
2019-09-24 12:11:24,364 INFO  statemachine.SimpleStateMachine4Testing (SimpleStateMachine4Testing.java:put(198)) - s1: put 38, m28 -> (t:1, i:38), STATEMACHINELOGENTRY, client-CFB50CAB4D08, cid=1698
2019-09-24 12:11:24,364 DEBUG impl.RaftServerImpl (LeaderState.java:addWatchReqeust(324)) - s2@group-6E85041A3092-LeaderState: addWatchRequest RaftClientRequest:client-CFB50CAB4D08->s2@group-6E85041A3092, cid=1808, seq=0, Watch-MAJORITY_COMMITTED(11), Message:<EMPTY>
2019-09-24 12:11:24,365 DEBUG impl.RaftServerImpl (RaftServerImpl.java:logAppendEntries(850)) - s1@group-6E85041A3092: receive appendEntries(s2, 1, (t:1, i:55), 44, false, commits[s2:c44, s0:c0, s1:c42], entries: (t:1, i:56), METADATAENTRY(c44)
2019-09-24 12:11:24,365 INFO  statemachine.SimpleStateMachine4Testing (SimpleStateMachine4Testing.java:put(198)) - s1: put 40, m29 -> (t:1, i:40), STATEMACHINELOGENTRY, client-CFB50CAB4D08, cid=1699
2019-09-24 12:11:24,365 DEBUG impl.RaftServerImpl (RaftServerImpl.java:logAppendEntries(850)) - s1@group-6E85041A3092: succeeded to handle AppendEntries. Reply: s2<-s1#61:OK,SUCCESS,nextIndex:51,term:1,followerCommit:43
2019-09-24 12:11:24,365 DEBUG impl.RaftServerImpl (RaftServerImpl.java:logAppendEntries(850)) - s1@group-6E85041A3092: succeeded to handle AppendEntries. Reply: s2<-s1#60:OK,SUCCESS,nextIndex:50,term:1,followerCommit:43
2019-09-24 12:11:24,365 DEBUG impl.RaftServerImpl (RaftServerImpl.java:logAppendEntries(850)) - s1@group-6E85041A3092: succeeded to handle AppendEntries. Reply: s2<-s1#59:OK,SUCCESS,nextIndex:49,term:1,followerCommit:42
2019-09-24 12:11:24,365 DEBUG impl.UnorderedAsync (UnorderedAsync.java:sendRequestWithRetry(74)) - client-CFB50CAB4D08: attempt #1 send~ RaftClientRequest:client-CFB50CAB4D08->s2@group-6E85041A3092, cid=1821, seq=0, Watch-ALL_COMMITTED(14), null
2019-09-24 12:11:24,365 DEBUG impl.WatchRequests (WatchRequests.java:updateIndex(142)) - s2@group-6E85041A3092-WatchRequests: update MAJORITY index from 44 to 45
2019-09-24 12:11:24,365 DEBUG impl.RaftServerImpl (RaftServerImpl.java:logAppendEntries(850)) - s1@group-6E85041A3092: succeeded to handle AppendEntries. Reply: s2<-s1#58:OK,SUCCESS,nextIndex:48,term:1,followerCommit:42
2019-09-24 12:11:24,366 INFO  grpc.TestWatchRequestWithGrpc (WatchRequestTests.java:lambda$sendRequests$0(99)) - SEND_WATCH: message=m13, logIndex=15
2019-09-24 12:11:24,366 DEBUG impl.WatchRequests (WatchRequests.java:updateIndex(142)) - s2@group-6E85041A3092-WatchRequests: update MAJORITY index from 45 to 46
2019-09-24 12:11:24,366 DEBUG impl.UnorderedAsync (UnorderedAsync.java:lambda$sendRequestWithRetry$4(77)) - client-CFB50CAB4D08: attempt #1 receive~ RaftClientReply:client-CFB50CAB4D08->s2@group-6E85041A3092, cid=1808, SUCCESS, logIndex=0, commits[s2:c45, s0:c0, s1:c42]
2019-09-24 12:11:24,366 DEBUG impl.RaftServerImpl (RaftServerImpl.java:logAppendEntries(850)) - s1@group-6E85041A3092: succeeded to handle AppendEntries. Reply: s2<-s1#65:OK,SUCCESS,nextIndex:55,term:1,followerCommit:43
2019-09-24 12:11:24,366 INFO  statemachine.SimpleStateMachine4Testing (SimpleStateMachine4Testing.java:put(198)) - s1: put 41, m30 -> (t:1, i:41), STATEMACHINELOGENTRY, client-CFB50CAB4D08, cid=1700
2019-09-24 12:11:24,366 DEBUG impl.RaftServerImpl (RaftServerImpl.java:logAppendEntries(850)) - s1@group-6E85041A3092: succeeded to handle AppendEntries. Reply: s2<-s1#64:OK,SUCCESS,nextIndex:54,term:1,followerCommit:43
2019-09-24 12:11:24,366 DEBUG impl.RaftServerImpl (RaftServerImpl.java:submitClientRequestAsync(533)) - s2@group-6E85041A3092: receive client request(RaftClientRequest:client-CFB50CAB4D08->s2@group-6E85041A3092, cid=1809, seq=0, Watch-ALL_COMMITTED(11), Message:<EMPTY>)
2019-09-24 12:11:24,365 DEBUG impl.RaftServerImpl (RaftServerImpl.java:logAppendEntries(850)) - s1@group-6E85041A3092: succeeded to handle AppendEntries. Reply: s2<-s1#63:OK,SUCCESS,nextIndex:53,term:1,followerCommit:43
2019-09-24 12:11:24,365 DEBUG impl.RaftServerImpl (RaftServerImpl.java:logAppendEntries(850)) - s0@group-6E85041A3092: receive appendEntries(s2, 1, (t:1, i:55), 44, false, commits[s2:c44, s0:c0, s1:c42], entries: (t:1, i:56), METADATAENTRY(c44)
2019-09-24 12:11:24,365 DEBUG impl.RaftServerImpl (RaftServerImpl.java:logAppendEntries(850)) - s1@group-6E85041A3092: succeeded to handle AppendEntries. Reply: s2<-s1#62:OK,SUCCESS,nextIndex:52,term:1,followerCommit:43
2019-09-24 12:11:24,367 DEBUG impl.RaftServerImpl (LeaderState.java:addWatchReqeust(324)) - s2@group-6E85041A3092-LeaderState: addWatchRequest RaftClientRequest:client-CFB50CAB4D08->s2@group-6E85041A3092, cid=1809, seq=0, Watch-ALL_COMMITTED(11), Message:<EMPTY>
2019-09-24 12:11:24,367 INFO  statemachine.SimpleStateMachine4Testing (SimpleStateMachine4Testing.java:put(198)) - s1: put 42, m31 -> (t:1, i:42), STATEMACHINELOGENTRY, client-CFB50CAB4D08, cid=1701
2019-09-24 12:11:24,367 DEBUG impl.RaftServerImpl (RaftServerImpl.java:logAppendEntries(850)) - s1@group-6E85041A3092: receive appendEntries(s2, 1, (t:1, i:56), 47, false, commits[s2:c47, s0:c0, s1:c42], entries: (t:1, i:57), METADATAENTRY(c46)
2019-09-24 12:11:24,367 DEBUG impl.WatchRequests (WatchRequests.java:updateIndex(142)) - s2@group-6E85041A3092-WatchRequests: update MAJORITY_COMMITTED index from 42 to 43
2019-09-24 12:11:24,367 INFO  grpc.TestWatchRequestWithGrpc (WatchRequestTests.java:get(172)) - majorityCommitted-Watch(11) returns RaftClientReply:client-CFB50CAB4D08->s2@group-6E85041A3092, cid=1808, SUCCESS, logIndex=0, commits[s2:c45, s0:c0, s1:c42]
2019-09-24 12:11:24,366 DEBUG impl.WatchRequests (WatchRequests.java:updateIndex(142)) - s2@group-6E85041A3092-WatchRequests: update MAJORITY index from 46 to 47
2019-09-24 12:11:24,366 DEBUG impl.UnorderedAsync (UnorderedAsync.java:sendRequestWithRetry(74)) - client-CFB50CAB4D08: attempt #1 send~ RaftClientRequest:client-CFB50CAB4D08->s2@group-6E85041A3092, cid=1822, seq=0, Watch(15), null
2019-09-24 12:11:24,368 DEBUG impl.RaftServerImpl (RaftServerImpl.java:logAppendEntries(850)) - s1@group-6E85041A3092: receive appendEntries(s2, 1, (t:1, i:57), 48, false, commits[s2:c48, s0:c0, s1:c43], entries: (t:1, i:58), METADATAENTRY(c47)
2019-09-24 12:11:24,368 DEBUG impl.WatchRequests (WatchRequests.java:updateIndex(142)) - s2@group-6E85041A3092-WatchRequests: update MAJORITY index from 47 to 48
2019-09-24 12:11:24,368 INFO  grpc.TestWatchRequestWithGrpc (WatchRequestTests.java:checkMajority(230)) - checkMajority 10: receive RaftClientReply:client-CFB50CAB4D08->s2@group-6E85041A3092, cid=1680, SUCCESS, logIndex=12, commits[s2:c25, s0:c0, s1:c2]
2019-09-24 12:11:24,367 DEBUG impl.RaftServerImpl (RaftServerImpl.java:submitClientRequestAsync(533)) - s2@group-6E85041A3092: receive client request(RaftClientRequest:client-CFB50CAB4D08->s2@group-6E85041A3092, cid=1810, seq=0, Watch(12), Message:<EMPTY>)
2019-09-24 12:11:24,367 DEBUG impl.RaftServerImpl (RaftServerImpl.java:logAppendEntries(850)) - s0@group-6E85041A3092: receive appendEntries(s2, 1, (t:1, i:56), 47, false, commits[s2:c47, s0:c0, s1:c42], entries: (t:1, i:57), METADATAENTRY(c46)
2019-09-24 12:11:24,369 DEBUG impl.RaftServerImpl (LeaderState.java:addWatchReqeust(324)) - s2@group-6E85041A3092-LeaderState: addWatchRequest RaftClientRequest:client-CFB50CAB4D08->s2@group-6E85041A3092, cid=1810, seq=0, Watch(12), Message:<EMPTY>
2019-09-24 12:11:24,369 DEBUG impl.RaftServerImpl (RaftServerImpl.java:logAppendEntries(850)) - s1@group-6E85041A3092: receive appendEntries(s2, 1, (t:1, i:58), 48, false, commits[s2:c48, s0:c0, s1:c43], entries: (t:1, i:59), METADATAENTRY(c48)
2019-09-24 12:11:24,369 DEBUG impl.RaftServerImpl (LeaderState.java:addPendingRequest(317)) - s2@group-6E85041A3092-LeaderState: addPendingRequest at RaftClientRequest:client-CFB50CAB4D08->s2@group-6E85041A3092, cid=1713, seq=44, RW, Message:6d3433, entry=(t:1, i:60), STATEMACHINELOGENTRY, client-CFB50CAB4D08, cid=1713
2019-09-24 12:11:24,369 INFO  statemachine.SimpleStateMachine4Testing (SimpleStateMachine4Testing.java:put(198)) - s2: put 46, m33 -> (t:1, i:46), STATEMACHINELOGENTRY, client-CFB50CAB4D08, cid=1703
2019-09-24 12:11:24,368 DEBUG impl.UnorderedAsync (UnorderedAsync.java:sendRequestWithRetry(74)) - client-CFB50CAB4D08: attempt #1 send~ RaftClientRequest:client-CFB50CAB4D08->s2@group-6E85041A3092, cid=1823, seq=0, Watch-ALL(15), null
2019-09-24 12:11:24,369 INFO  statemachine.SimpleStateMachine4Testing (SimpleStateMachine4Testing.java:put(198)) - s2: put 47, m34 -> (t:1, i:47), STATEMACHINELOGENTRY, client-CFB50CAB4D08, cid=1704
2019-09-24 12:11:24,369 DEBUG client.GrpcClientProtocolService (GrpcClientProtocolService.java:sendReply(353)) - 0-OrderedRequestStreamObserver0: sendReply seq=33, RaftClientReply:client-CFB50CAB4D08->s2@group-6E85041A3092, cid=1702, SUCCESS, logIndex=44, commits[s2:c44, s0:c0, s1:c42]
2019-09-24 12:11:24,369 DEBUG impl.RaftServerImpl (RaftServerImpl.java:submitClientRequestAsync(533)) - s2@group-6E85041A3092: receive client request(RaftClientRequest:client-CFB50CAB4D08->s2@group-6E85041A3092, cid=1811, seq=0, Watch-ALL(12), Message:<EMPTY>)
2019-09-24 12:11:24,369 DEBUG impl.RaftServerImpl (RaftServerImpl.java:logAppendEntries(850)) - s0@group-6E85041A3092: receive appendEntries(s2, 1, (t:1, i:57), 48, false, commits[s2:c48, s0:c0, s1:c43], entries: (t:1, i:58), METADATAENTRY(c47)
2019-09-24 12:11:24,370 DEBUG client.GrpcClientProtocolService (GrpcClientProtocolService.java:sendReply(353)) - 0-OrderedRequestStreamObserver0: sendReply seq=34, RaftClientReply:client-CFB50CAB4D08->s2@group-6E85041A3092, cid=1703, SUCCESS, logIndex=46, commits[s2:c48, s0:c0, s1:c43]
2019-09-24 12:11:24,370 DEBUG impl.RaftServerImpl (LeaderState.java:addWatchReqeust(324)) - s2@group-6E85041A3092-LeaderState: addWatchRequest RaftClientRequest:client-CFB50CAB4D08->s2@group-6E85041A3092, cid=1811, seq=0, Watch-ALL(12), Message:<EMPTY>
2019-09-24 12:11:24,370 INFO  statemachine.SimpleStateMachine4Testing (SimpleStateMachine4Testing.java:put(198)) - s2: put 48, m35 -> (t:1, i:48), STATEMACHINELOGENTRY, client-CFB50CAB4D08, cid=1705
2019-09-24 12:11:24,369 DEBUG impl.RaftServerImpl (RaftServerImpl.java:logAppendEntries(850)) - s1@group-6E85041A3092: receive appendEntries(s2, 1, (t:1, i:59), 48, false, commits[s2:c48, s0:c0, s1:c43], entries: (t:1, i:60), STATEMACHINELOGENTRY, client-CFB50CAB4D08, cid=1713
2019-09-24 12:11:24,369 DEBUG impl.UnorderedAsync (UnorderedAsync.java:lambda$sendRequestWithRetry$4(77)) - client-CFB50CAB4D08: attempt #1 receive~ RaftClientReply:client-CFB50CAB4D08->s2@group-6E85041A3092, cid=1810, SUCCESS, logIndex=0, commits[s2:c48, s0:c0, s1:c43]
2019-09-24 12:11:24,369 DEBUG impl.UnorderedAsync (UnorderedAsync.java:sendRequestWithRetry(74)) - client-CFB50CAB4D08: attempt #1 send~ RaftClientRequest:client-CFB50CAB4D08->s2@group-6E85041A3092, cid=1824, seq=0, Watch-MAJORITY_COMMITTED(15), null
2019-09-24 12:11:24,370 INFO  grpc.TestWatchRequestWithGrpc (WatchRequestTests.java:get(172)) - majority-Watch(12) returns RaftClientReply:client-CFB50CAB4D08->s2@group-6E85041A3092, cid=1810, SUCCESS, logIndex=0, commits[s2:c48, s0:c0, s1:c43]
2019-09-24 12:11:24,370 DEBUG impl.RaftServerImpl (RaftServerImpl.java:submitClientRequestAsync(533)) - s2@group-6E85041A3092: receive client request(RaftClientRequest:client-CFB50CAB4D08->s2@group-6E85041A3092, cid=1812, seq=0, Watch-MAJORITY_COMMITTED(12), Message:<EMPTY>)
2019-09-24 12:11:24,370 DEBUG client.GrpcClientProtocolService (GrpcClientProtocolService.java:sendReply(353)) - 0-OrderedRequestStreamObserver0: sendReply seq=35, RaftClientReply:client-CFB50CAB4D08->s2@group-6E85041A3092, cid=1704, SUCCESS, logIndex=47, commits[s2:c48, s0:c0, s1:c43]
2019-09-24 12:11:24,370 DEBUG impl.RaftServerImpl (RaftServerImpl.java:logAppendEntries(850)) - s0@group-6E85041A3092: receive appendEntries(s2, 1, (t:1, i:58), 48, false, commits[s2:c48, s0:c0, s1:c43], entries: (t:1, i:59), METADATAENTRY(c48)
2019-09-24 12:11:24,371 DEBUG impl.RaftServerImpl (RaftServerImpl.java:submitClientRequestAsync(533)) - s2@group-6E85041A3092: receive client request(RaftClientRequest:client-CFB50CAB4D08->s2@group-6E85041A3092, cid=1714, seq=45, RW, Message:6d3434)
2019-09-24 12:11:24,371 DEBUG impl.RaftServerImpl (LeaderState.java:addWatchReqeust(324)) - s2@group-6E85041A3092-LeaderState: addWatchRequest RaftClientRequest:client-CFB50CAB4D08->s2@group-6E85041A3092, cid=1812, seq=0, Watch-MAJORITY_COMMITTED(12), Message:<EMPTY>
2019-09-24 12:11:24,370 DEBUG impl.UnorderedAsync (UnorderedAsync.java:sendRequestWithRetry(74)) - client-CFB50CAB4D08: attempt #1 send~ RaftClientRequest:client-CFB50CAB4D08->s2@group-6E85041A3092, cid=1825, seq=0, Watch-ALL_COMMITTED(15), null
2019-09-24 12:11:24,371 DEBUG impl.RaftServerImpl (RaftServerImpl.java:submitClientRequestAsync(533)) - s2@group-6E85041A3092: receive client request(RaftClientRequest:client-CFB50CAB4D08->s2@group-6E85041A3092, cid=1813, seq=0, Watch-ALL_COMMITTED(12), Message:<EMPTY>)
2019-09-24 12:11:24,371 DEBUG impl.RaftServerImpl (LeaderState.java:addWatchReqeust(324)) - s2@group-6E85041A3092-LeaderState: addWatchRequest RaftClientRequest:client-CFB50CAB4D08->s2@group-6E85041A3092, cid=1813, seq=0, Watch-ALL_COMMITTED(12), Message:<EMPTY>
2019-09-24 12:11:24,371 DEBUG impl.RaftServerImpl (LeaderState.java:addPendingRequest(317)) - s2@group-6E85041A3092-LeaderState: addPendingRequest at RaftClientRequest:client-CFB50CAB4D08->s2@group-6E85041A3092, cid=1714, seq=45, RW, Message:6d3434, entry=(t:1, i:61), STATEMACHINELOGENTRY, client-CFB50CAB4D08, cid=1714
2019-09-24 12:11:24,371 DEBUG impl.RaftServerImpl (RaftServerImpl.java:logAppendEntries(850)) - s0@group-6E85041A3092: receive appendEntries(s2, 1, (t:1, i:59), 48, false, commits[s2:c48, s0:c0, s1:c43], entries: (t:1, i:60), STATEMACHINELOGENTRY, client-CFB50CAB4D08, cid=1713
2019-09-24 12:11:24,372 DEBUG client.GrpcClientProtocolService (GrpcClientProtocolService.java:sendReply(353)) - 0-OrderedRequestStreamObserver0: sendReply seq=36, RaftClientReply:client-CFB50CAB4D08->s2@group-6E85041A3092, cid=1705, SUCCESS, logIndex=48, commits[s2:c48, s0:c0, s1:c43]
2019-09-24 12:11:24,372 DEBUG impl.RaftServerImpl (RaftServerImpl.java:submitClientRequestAsync(533)) - s2@group-6E85041A3092: receive client request(RaftClientRequest:client-CFB50CAB4D08->s2@group-6E85041A3092, cid=1814, seq=0, Watch(13), Message:<EMPTY>)
2019-09-24 12:11:24,372 DEBUG impl.UnorderedAsync (UnorderedAsync.java:lambda$sendRequestWithRetry$4(77)) - client-CFB50CAB4D08: attempt #1 receive~ RaftClientReply:client-CFB50CAB4D08->s2@group-6E85041A3092, cid=1812, SUCCESS, logIndex=0, commits[s2:c48, s0:c0, s1:c43]
2019-09-24 12:11:24,371 INFO  grpc.TestWatchRequestWithGrpc (WatchRequestTests.java:lambda$sendRequests$0(99)) - SEND_WATCH: message=m14, logIndex=16
2019-09-24 12:11:24,372 DEBUG impl.RaftServerImpl (RaftServerImpl.java:submitClientRequestAsync(533)) - s2@group-6E85041A3092: receive client request(RaftClientRequest:client-CFB50CAB4D08->s2@group-6E85041A3092, cid=1715, seq=46, RW, Message:6d3435)
2019-09-24 12:11:24,372 INFO  grpc.TestWatchRequestWithGrpc (WatchRequestTests.java:get(172)) - majorityCommitted-Watch(12) returns RaftClientReply:client-CFB50CAB4D08->s2@group-6E85041A3092, cid=1812, SUCCESS, logIndex=0, commits[s2:c48, s0:c0, s1:c43]
2019-09-24 12:11:24,372 DEBUG impl.RaftServerImpl (LeaderState.java:addWatchReqeust(324)) - s2@group-6E85041A3092-LeaderState: addWatchRequest RaftClientRequest:client-CFB50CAB4D08->s2@group-6E85041A3092, cid=1814, seq=0, Watch(13), Message:<EMPTY>
2019-09-24 12:11:24,372 DEBUG impl.RaftServerImpl (RaftServerImpl.java:logAppendEntries(850)) - s1@group-6E85041A3092: receive appendEntries(s2, 1, (t:1, i:60), 48, false, commits[s2:c48, s0:c0, s1:c43], entries: (t:1, i:61), STATEMACHINELOGENTRY, client-CFB50CAB4D08, cid=1714
2019-09-24 12:11:24,373 DEBUG impl.RaftServerImpl (RaftServerImpl.java:submitClientRequestAsync(533)) - s2@group-6E85041A3092: receive client request(RaftClientRequest:client-CFB50CAB4D08->s2@group-6E85041A3092, cid=1815, seq=0, Watch-ALL(13), Message:<EMPTY>)
2019-09-24 12:11:24,372 DEBUG impl.RaftServerImpl (RaftServerImpl.java:logAppendEntries(850)) - s0@group-6E85041A3092: receive appendEntries(s2, 1, (t:1, i:60), 48, false, commits[s2:c48, s0:c0, s1:c43], entries: (t:1, i:61), STATEMACHINELOGENTRY, client-CFB50CAB4D08, cid=1714
2019-09-24 12:11:24,373 DEBUG impl.RaftServerImpl (LeaderState.java:addWatchReqeust(324)) - s2@group-6E85041A3092-LeaderState: addWatchRequest RaftClientRequest:client-CFB50CAB4D08->s2@group-6E85041A3092, cid=1815, seq=0, Watch-ALL(13), Message:<EMPTY>
2019-09-24 12:11:24,372 INFO  grpc.TestWatchRequestWithGrpc (WatchRequestTests.java:checkMajority(230)) - checkMajority 11: receive RaftClientReply:client-CFB50CAB4D08->s2@group-6E85041A3092, cid=1681, SUCCESS, logIndex=13, commits[s2:c25, s0:c0, s1:c2]
2019-09-24 12:11:24,372 DEBUG impl.RaftServerImpl (LeaderState.java:addPendingRequest(317)) - s2@group-6E85041A3092-LeaderState: addPendingRequest at RaftClientRequest:client-CFB50CAB4D08->s2@group-6E85041A3092, cid=1715, seq=46, RW, Message:6d3435, entry=(t:1, i:62), STATEMACHINELOGENTRY, client-CFB50CAB4D08, cid=1715
2019-09-24 12:11:24,372 DEBUG impl.UnorderedAsync (UnorderedAsync.java:sendRequestWithRetry(74)) - client-CFB50CAB4D08: attempt #1 send~ RaftClientRequest:client-CFB50CAB4D08->s2@group-6E85041A3092, cid=1826, seq=0, Watch(16), null
2019-09-24 12:11:24,373 DEBUG impl.RaftServerImpl (RaftServerImpl.java:submitClientRequestAsync(533)) - s2@group-6E85041A3092: receive client request(RaftClientRequest:client-CFB50CAB4D08->s2@group-6E85041A3092, cid=1716, seq=47, RW, Message:6d3436)
2019-09-24 12:11:24,374 DEBUG impl.RaftServerImpl (RaftServerImpl.java:logAppendEntries(850)) - s0@group-6E85041A3092: receive appendEntries(s2, 1, (t:1, i:61), 48, false, commits[s2:c48, s0:c0, s1:c43], entries: (t:1, i:62), STATEMACHINELOGENTRY, client-CFB50CAB4D08, cid=1715
2019-09-24 12:11:24,373 DEBUG impl.RaftServerImpl (RaftServerImpl.java:submitClientRequestAsync(533)) - s2@group-6E85041A3092: receive client request(RaftClientRequest:client-CFB50CAB4D08->s2@group-6E85041A3092, cid=1816, seq=0, Watch-MAJORITY_COMMITTED(13), Message:<EMPTY>)
2019-09-24 12:11:24,373 DEBUG impl.UnorderedAsync (UnorderedAsync.java:lambda$sendRequestWithRetry$4(77)) - client-CFB50CAB4D08: attempt #1 receive~ RaftClientReply:client-CFB50CAB4D08->s2@group-6E85041A3092, cid=1814, SUCCESS, logIndex=0, commits[s2:c48, s0:c0, s1:c43]
2019-09-24 12:11:24,374 DEBUG impl.RaftServerImpl (LeaderState.java:addWatchReqeust(324)) - s2@group-6E85041A3092-LeaderState: addWatchRequest RaftClientRequest:client-CFB50CAB4D08->s2@group-6E85041A3092, cid=1816, seq=0, Watch-MAJORITY_COMMITTED(13), Message:<EMPTY>
2019-09-24 12:11:24,374 DEBUG impl.RaftServerImpl (LeaderState.java:addPendingRequest(317)) - s2@group-6E85041A3092-LeaderState: addPendingRequest at RaftClientRequest:client-CFB50CAB4D08->s2@group-6E85041A3092, cid=1716, seq=47, RW, Message:6d3436, entry=(t:1, i:63), STATEMACHINELOGENTRY, client-CFB50CAB4D08, cid=1716
2019-09-24 12:11:24,374 DEBUG impl.RaftServerImpl (RaftServerImpl.java:logAppendEntries(850)) - s1@group-6E85041A3092: receive appendEntries(s2, 1, (t:1, i:61), 48, false, commits[s2:c48, s0:c0, s1:c43], entries: (t:1, i:62), STATEMACHINELOGENTRY, client-CFB50CAB4D08, cid=1715
2019-09-24 12:11:24,374 DEBUG impl.UnorderedAsync (UnorderedAsync.java:sendRequestWithRetry(74)) - client-CFB50CAB4D08: attempt #1 send~ RaftClientRequest:client-CFB50CAB4D08->s2@group-6E85041A3092, cid=1827, seq=0, Watch-ALL(16), null
2019-09-24 12:11:24,374 DEBUG impl.RaftServerImpl (RaftServerImpl.java:logAppendEntries(850)) - s0@group-6E85041A3092: receive appendEntries(s2, 1, (t:1, i:62), 48, false, commits[s2:c48, s0:c0, s1:c43], entries: (t:1, i:63), STATEMACHINELOGENTRY, client-CFB50CAB4D08, cid=1716
2019-09-24 12:11:24,374 DEBUG impl.RaftServerImpl (RaftServerImpl.java:logAppendEntries(850)) - s1@group-6E85041A3092: receive appendEntries(s2, 1, (t:1, i:62), 48, false, commits[s2:c48, s0:c0, s1:c43], entries: (t:1, i:63), STATEMACHINELOGENTRY, client-CFB50CAB4D08, cid=1716
2019-09-24 12:11:24,374 DEBUG impl.RaftServerImpl (RaftServerImpl.java:submitClientRequestAsync(533)) - s2@group-6E85041A3092: receive client request(RaftClientRequest:client-CFB50CAB4D08->s2@group-6E85041A3092, cid=1717, seq=48, RW, Message:6d3437)
2019-09-24 12:11:24,374 DEBUG impl.RaftServerImpl (RaftServerImpl.java:submitClientRequestAsync(533)) - s2@group-6E85041A3092: receive client request(RaftClientRequest:client-CFB50CAB4D08->s2@group-6E85041A3092, cid=1817, seq=0, Watch-ALL_COMMITTED(13), Message:<EMPTY>)
2019-09-24 12:11:24,374 INFO  grpc.TestWatchRequestWithGrpc (WatchRequestTests.java:get(172)) - majority-Watch(13) returns RaftClientReply:client-CFB50CAB4D08->s2@group-6E85041A3092, cid=1814, SUCCESS, logIndex=0, commits[s2:c48, s0:c0, s1:c43]
2019-09-24 12:11:24,375 DEBUG impl.RaftServerImpl (LeaderState.java:addWatchReqeust(324)) - s2@group-6E85041A3092-LeaderState: addWatchRequest RaftClientRequest:client-CFB50CAB4D08->s2@group-6E85041A3092, cid=1817, seq=0, Watch-ALL_COMMITTED(13), Message:<EMPTY>
2019-09-24 12:11:24,375 DEBUG impl.RaftServerImpl (LeaderState.java:addPendingRequest(317)) - s2@group-6E85041A3092-LeaderState: addPendingRequest at RaftClientRequest:client-CFB50CAB4D08->s2@group-6E85041A3092, cid=1717, seq=48, RW, Message:6d3437, entry=(t:1, i:64), STATEMACHINELOGENTRY, client-CFB50CAB4D08, cid=1717
2019-09-24 12:11:24,375 DEBUG impl.UnorderedAsync (UnorderedAsync.java:lambda$sendRequestWithRetry$4(77)) - client-CFB50CAB4D08: attempt #1 receive~ RaftClientReply:client-CFB50CAB4D08->s2@group-6E85041A3092, cid=1816, SUCCESS, logIndex=0, commits[s2:c48, s0:c0, s1:c43]
2019-09-24 12:11:24,375 DEBUG impl.UnorderedAsync (UnorderedAsync.java:sendRequestWithRetry(74)) - client-CFB50CAB4D08: attempt #1 send~ RaftClientRequest:client-CFB50CAB4D08->s2@group-6E85041A3092, cid=1828, seq=0, Watch-MAJORITY_COMMITTED(16), null
2019-09-24 12:11:24,375 DEBUG impl.RaftServerImpl (RaftServerImpl.java:submitClientRequestAsync(533)) - s2@group-6E85041A3092: receive client request(RaftClientRequest:client-CFB50CAB4D08->s2@group-6E85041A3092, cid=1718, seq=49, RW, Message:6d3438)
2019-09-24 12:11:24,375 INFO  grpc.TestWatchRequestWithGrpc (WatchRequestTests.java:get(172)) - majorityCommitted-Watch(13) returns RaftClientReply:client-CFB50CAB4D08->s2@group-6E85041A3092, cid=1816, SUCCESS, logIndex=0, commits[s2:c48, s0:c0, s1:c43]
2019-09-24 12:11:24,375 DEBUG impl.RaftServerImpl (RaftServerImpl.java:submitClientRequestAsync(533)) - s2@group-6E85041A3092: receive client request(RaftClientRequest:client-CFB50CAB4D08->s2@group-6E85041A3092, cid=1818, seq=0, Watch(14), Message:<EMPTY>)
2019-09-24 12:11:24,376 INFO  grpc.TestWatchRequestWithGrpc (WatchRequestTests.java:checkMajority(230)) - checkMajority 12: receive RaftClientReply:client-CFB50CAB4D08->s2@group-6E85041A3092, cid=1682, SUCCESS, logIndex=14, commits[s2:c25, s0:c0, s1:c2]
2019-09-24 12:11:24,376 DEBUG impl.RaftServerImpl (LeaderState.java:addPendingRequest(317)) - s2@group-6E85041A3092-LeaderState: addPendingRequest at RaftClientRequest:client-CFB50CAB4D08->s2@group-6E85041A3092, cid=1718, seq=49, RW, Message:6d3438, entry=(t:1, i:65), STATEMACHINELOGENTRY, client-CFB50CAB4D08, cid=1718
2019-09-24 12:11:24,376 DEBUG impl.UnorderedAsync (UnorderedAsync.java:sendRequestWithRetry(74)) - client-CFB50CAB4D08: attempt #1 send~ RaftClientRequest:client-CFB50CAB4D08->s2@group-6E85041A3092, cid=1829, seq=0, Watch-ALL_COMMITTED(16), null
2019-09-24 12:11:24,376 DEBUG impl.RaftServerImpl (RaftServerImpl.java:logAppendEntries(850)) - s1@group-6E85041A3092: receive appendEntries(s2, 1, (t:1, i:63), 48, false, commits[s2:c48, s0:c0, s1:c43], entries: (t:1, i:64), STATEMACHINELOGENTRY, client-CFB50CAB4D08, cid=1717
2019-09-24 12:11:24,376 INFO  grpc.TestWatchRequestWithGrpc (WatchRequestTests.java:lambda$sendRequests$0(99)) - SEND_WATCH: message=m15, logIndex=17
2019-09-24 12:11:24,376 DEBUG impl.RaftServerImpl (RaftServerImpl.java:logAppendEntries(850)) - s0@group-6E85041A3092: receive appendEntries(s2, 1, (t:1, i:63), 48, false, commits[s2:c48, s0:c0, s1:c43], entries: (t:1, i:64), STATEMACHINELOGENTRY, client-CFB50CAB4D08, cid=1717
2019-09-24 12:11:24,377 DEBUG impl.RaftServerImpl (RaftServerImpl.java:logAppendEntries(850)) - s1@group-6E85041A3092: receive appendEntries(s2, 1, (t:1, i:64), 54, false, commits[s2:c54, s0:c0, s1:c43], entries: (t:1, i:65), STATEMACHINELOGENTRY, client-CFB50CAB4D08, cid=1718
2019-09-24 12:11:24,377 DEBUG impl.UnorderedAsync (UnorderedAsync.java:sendRequestWithRetry(74)) - client-CFB50CAB4D08: attempt #1 send~ RaftClientRequest:client-CFB50CAB4D08->s2@group-6E85041A3092, cid=1830, seq=0, Watch(17), null
2019-09-24 12:11:24,377 INFO  statemachine.SimpleStateMachine4Testing (SimpleStateMachine4Testing.java:put(198)) - s1: put 44, m32 -> (t:1, i:44), STATEMACHINELOGENTRY, client-CFB50CAB4D08, cid=1702
2019-09-24 12:11:24,377 DEBUG impl.RaftServerImpl (RaftServerImpl.java:logAppendEntries(850)) - s1@group-6E85041A3092: succeeded to handle AppendEntries. Reply: s2<-s1#67:OK,SUCCESS,nextIndex:57,term:1,followerCommit:44
2019-09-24 12:11:24,376 DEBUG impl.RaftServerImpl (RaftServerImpl.java:logAppendEntries(850)) - s1@group-6E85041A3092: succeeded to handle AppendEntries. Reply: s2<-s1#66:OK,SUCCESS,nextIndex:56,term:1,followerCommit:43
2019-09-24 12:11:24,376 DEBUG impl.RaftServerImpl (RaftServerImpl.java:submitClientRequestAsync(533)) - s2@group-6E85041A3092: receive client request(RaftClientRequest:client-CFB50CAB4D08->s2@group-6E85041A3092, cid=1719, seq=50, RW, Message:6d3439)
2019-09-24 12:11:24,376 INFO  statemachine.SimpleStateMachine4Testing (SimpleStateMachine4Testing.java:put(198)) - s2: put 49, m36 -> (t:1, i:49), STATEMACHINELOGENTRY, client-CFB50CAB4D08, cid=1706
2019-09-24 12:11:24,376 DEBUG impl.WatchRequests (WatchRequests.java:updateIndex(142)) - s2@group-6E85041A3092-WatchRequests: update MAJORITY index from 48 to 54
2019-09-24 12:11:24,376 DEBUG impl.RaftServerImpl (LeaderState.java:addWatchReqeust(324)) - s2@group-6E85041A3092-LeaderState: addWatchRequest RaftClientRequest:client-CFB50CAB4D08->s2@group-6E85041A3092, cid=1818, seq=0, Watch(14), Message:<EMPTY>
2019-09-24 12:11:24,378 DEBUG impl.WatchRequests (WatchRequests.java:updateIndex(142)) - s2@group-6E85041A3092-WatchRequests: update MAJORITY_COMMITTED index from 43 to 44
2019-09-24 12:11:24,377 DEBUG impl.UnorderedAsync (UnorderedAsync.java:sendRequestWithRetry(74)) - client-CFB50CAB4D08: attempt #1 send~ RaftClientRequest:client-CFB50CAB4D08->s2@group-6E85041A3092, cid=1831, seq=0, Watch-ALL(17), null
2019-09-24 12:11:24,377 DEBUG impl.RaftServerImpl (RaftServerImpl.java:logAppendEntries(850)) - s0@group-6E85041A3092: receive appendEntries(s2, 1, (t:1, i:64), 48, false, commits[s2:c48, s0:c0, s1:c43], entries: (t:1, i:65), STATEMACHINELOGENTRY, client-CFB50CAB4D08, cid=1718
2019-09-24 12:11:24,378 DEBUG impl.UnorderedAsync (UnorderedAsync.java:sendRequestWithRetry(74)) - client-CFB50CAB4D08: attempt #1 send~ RaftClientRequest:client-CFB50CAB4D08->s2@group-6E85041A3092, cid=1832, seq=0, Watch-MAJORITY_COMMITTED(17), null
2019-09-24 12:11:24,378 DEBUG impl.WatchRequests (WatchRequests.java:updateIndex(142)) - s2@group-6E85041A3092-WatchRequests: update MAJORITY index from 54 to 55
2019-09-24 12:11:24,378 DEBUG impl.RaftServerImpl (RaftServerImpl.java:submitClientRequestAsync(533)) - s2@group-6E85041A3092: receive client request(RaftClientRequest:client-CFB50CAB4D08->s2@group-6E85041A3092, cid=1819, seq=0, Watch-ALL(14), Message:<EMPTY>)
2019-09-24 12:11:24,378 DEBUG impl.RaftServerImpl (RaftServerImpl.java:logAppendEntries(850)) - s1@group-6E85041A3092: receive appendEntries(s2, 1, (t:1, i:65), 54, false, commits[s2:c54, s0:c0, s1:c44], entries: (t:1, i:66), METADATAENTRY(c54)
2019-09-24 12:11:24,379 DEBUG impl.RaftServerImpl (LeaderState.java:addWatchReqeust(324)) - s2@group-6E85041A3092-LeaderState: addWatchRequest RaftClientRequest:client-CFB50CAB4D08->s2@group-6E85041A3092, cid=1819, seq=0, Watch-ALL(14), Message:<EMPTY>
2019-09-24 12:11:24,379 DEBUG impl.RaftServerImpl (RaftServerImpl.java:logAppendEntries(850)) - s1@group-6E85041A3092: receive appendEntries(s2, 1, (t:1, i:66), 56, false, commits[s2:c56, s0:c0, s1:c44], entries: (t:1, i:67), METADATAENTRY(c55)
2019-09-24 12:11:24,379 DEBUG impl.WatchRequests (WatchRequests.java:updateIndex(142)) - s2@group-6E85041A3092-WatchRequests: update MAJORITY index from 55 to 56
2019-09-24 12:11:24,378 DEBUG impl.UnorderedAsync (UnorderedAsync.java:sendRequestWithRetry(74)) - client-CFB50CAB4D08: attempt #1 send~ RaftClientRequest:client-CFB50CAB4D08->s2@group-6E85041A3092, cid=1833, seq=0, Watch-ALL_COMMITTED(17), null
2019-09-24 12:11:24,378 DEBUG impl.RaftServerImpl (RaftServerImpl.java:logAppendEntries(850)) - s0@group-6E85041A3092: receive appendEntries(s2, 1, (t:1, i:65), 54, false, commits[s2:c54, s0:c0, s1:c44], entries: (t:1, i:66), METADATAENTRY(c54)
2019-09-24 12:11:24,378 DEBUG impl.UnorderedAsync (UnorderedAsync.java:lambda$sendRequestWithRetry$4(77)) - client-CFB50CAB4D08: attempt #1 receive~ RaftClientReply:client-CFB50CAB4D08->s2@group-6E85041A3092, cid=1818, SUCCESS, logIndex=0, commits[s2:c54, s0:c0, s1:c44]
2019-09-24 12:11:24,379 INFO  grpc.TestWatchRequestWithGrpc (WatchRequestTests.java:lambda$sendRequests$0(99)) - SEND_WATCH: message=m16, logIndex=18
2019-09-24 12:11:24,379 DEBUG impl.RaftServerImpl (LeaderState.java:addPendingRequest(317)) - s2@group-6E85041A3092-LeaderState: addPendingRequest at RaftClientRequest:client-CFB50CAB4D08->s2@group-6E85041A3092, cid=1719, seq=50, RW, Message:6d3439, entry=(t:1, i:68), STATEMACHINELOGENTRY, client-CFB50CAB4D08, cid=1719
2019-09-24 12:11:24,379 INFO  statemachine.SimpleStateMachine4Testing (SimpleStateMachine4Testing.java:put(198)) - s2: put 50, m37 -> (t:1, i:50), STATEMACHINELOGENTRY, client-CFB50CAB4D08, cid=1707
2019-09-24 12:11:24,379 DEBUG impl.RaftServerImpl (RaftServerImpl.java:submitClientRequestAsync(533)) - s2@group-6E85041A3092: receive client request(RaftClientRequest:client-CFB50CAB4D08->s2@group-6E85041A3092, cid=1820, seq=0, Watch-MAJORITY_COMMITTED(14), Message:<EMPTY>)
2019-09-24 12:11:24,380 INFO  statemachine.SimpleStateMachine4Testing (SimpleStateMachine4Testing.java:put(198)) - s2: put 51, m38 -> (t:1, i:51), STATEMACHINELOGENTRY, client-CFB50CAB4D08, cid=1708
2019-09-24 12:11:24,380 DEBUG impl.RaftServerImpl (RaftServerImpl.java:logAppendEntries(850)) - s1@group-6E85041A3092: receive appendEntries(s2, 1, (t:1, i:67), 56, false, commits[s2:c56, s0:c0, s1:c44], entries: (t:1, i:68), STATEMACHINELOGENTRY, client-CFB50CAB4D08, cid=1719
2019-09-24 12:11:24,380 INFO  statemachine.SimpleStateMachine4Testing (SimpleStateMachine4Testing.java:put(198)) - s2: put 52, m39 -> (t:1, i:52), STATEMACHINELOGENTRY, client-CFB50CAB4D08, cid=1709
2019-09-24 12:11:24,380 DEBUG client.GrpcClientProtocolService (GrpcClientProtocolService.java:sendReply(353)) - 0-OrderedRequestStreamObserver0: sendReply seq=37, RaftClientReply:client-CFB50CAB4D08->s2@group-6E85041A3092, cid=1706, SUCCESS, logIndex=49, commits[s2:c54, s0:c0, s1:c43]
2019-09-24 12:11:24,380 DEBUG impl.UnorderedAsync (UnorderedAsync.java:sendRequestWithRetry(74)) - client-CFB50CAB4D08: attempt #1 send~ RaftClientRequest:client-CFB50CAB4D08->s2@group-6E85041A3092, cid=1834, seq=0, Watch(18), null
2019-09-24 12:11:24,379 DEBUG impl.RaftServerImpl (RaftServerImpl.java:logAppendEntries(850)) - s0@group-6E85041A3092: receive appendEntries(s2, 1, (t:1, i:66), 56, false, commits[s2:c56, s0:c0, s1:c44], entries: (t:1, i:67), METADATAENTRY(c55)
2019-09-24 12:11:24,379 INFO  grpc.TestWatchRequestWithGrpc (WatchRequestTests.java:get(172)) - majority-Watch(14) returns RaftClientReply:client-CFB50CAB4D08->s2@group-6E85041A3092, cid=1818, SUCCESS, logIndex=0, commits[s2:c54, s0:c0, s1:c44]
2019-09-24 12:11:24,381 DEBUG impl.RaftServerImpl (RaftServerImpl.java:logAppendEntries(850)) - s0@group-6E85041A3092: receive appendEntries(s2, 1, (t:1, i:67), 56, false, commits[s2:c56, s0:c0, s1:c44], entries: (t:1, i:68), STATEMACHINELOGENTRY, client-CFB50CAB4D08, cid=1719
2019-09-24 12:11:24,381 DEBUG client.GrpcClientProtocolService (GrpcClientProtocolService.java:sendReply(353)) - 0-OrderedRequestStreamObserver0: sendReply seq=38, RaftClientReply:client-CFB50CAB4D08->s2@group-6E85041A3092, cid=1707, SUCCESS, logIndex=50, commits[s2:c56, s0:c0, s1:c44]
2019-09-24 12:11:24,380 DEBUG impl.UnorderedAsync (UnorderedAsync.java:sendRequestWithRetry(74)) - client-CFB50CAB4D08: attempt #1 send~ RaftClientRequest:client-CFB50CAB4D08->s2@group-6E85041A3092, cid=1835, seq=0, Watch-ALL(18), null
2019-09-24 12:11:24,380 INFO  statemachine.SimpleStateMachine4Testing (SimpleStateMachine4Testing.java:put(198)) - s2: put 53, m40 -> (t:1, i:53), STATEMACHINELOGENTRY, client-CFB50CAB4D08, cid=1710
2019-09-24 12:11:24,380 DEBUG impl.RaftServerImpl (LeaderState.java:addWatchReqeust(324)) - s2@group-6E85041A3092-LeaderState: addWatchRequest RaftClientRequest:client-CFB50CAB4D08->s2@group-6E85041A3092, cid=1820, seq=0, Watch-MAJORITY_COMMITTED(14), Message:<EMPTY>
2019-09-24 12:11:24,381 INFO  statemachine.SimpleStateMachine4Testing (SimpleStateMachine4Testing.java:put(198)) - s2: put 54, m41 -> (t:1, i:54), STATEMACHINELOGENTRY, client-CFB50CAB4D08, cid=1711
2019-09-24 12:11:24,381 DEBUG impl.UnorderedAsync (UnorderedAsync.java:sendRequestWithRetry(74)) - client-CFB50CAB4D08: attempt #1 send~ RaftClientRequest:client-CFB50CAB4D08->s2@group-6E85041A3092, cid=1836, seq=0, Watch-MAJORITY_COMMITTED(18), null
2019-09-24 12:11:24,381 DEBUG client.GrpcClientProtocolService (GrpcClientProtocolService.java:sendReply(353)) - 0-OrderedRequestStreamObserver0: sendReply seq=39, RaftClientReply:client-CFB50CAB4D08->s2@group-6E85041A3092, cid=1708, SUCCESS, logIndex=51, commits[s2:c56, s0:c0, s1:c44]
2019-09-24 12:11:24,382 DEBUG impl.UnorderedAsync (UnorderedAsync.java:sendRequestWithRetry(74)) - client-CFB50CAB4D08: attempt #1 send~ RaftClientRequest:client-CFB50CAB4D08->s2@group-6E85041A3092, cid=1837, seq=0, Watch-ALL_COMMITTED(18), null
2019-09-24 12:11:24,381 INFO  statemachine.SimpleStateMachine4Testing (SimpleStateMachine4Testing.java:put(198)) - s2: put 55, m42 -> (t:1, i:55), STATEMACHINELOGENTRY, client-CFB50CAB4D08, cid=1712
2019-09-24 12:11:24,381 DEBUG impl.RaftServerImpl (RaftServerImpl.java:submitClientRequestAsync(533)) - s2@group-6E85041A3092: receive client request(RaftClientRequest:client-CFB50CAB4D08->s2@group-6E85041A3092, cid=1821, seq=0, Watch-ALL_COMMITTED(14), Message:<EMPTY>)
2019-09-24 12:11:24,382 INFO  grpc.TestWatchRequestWithGrpc (WatchRequestTests.java:lambda$sendRequests$0(99)) - SEND_WATCH: message=m17, logIndex=19
2019-09-24 12:11:24,382 DEBUG impl.UnorderedAsync (UnorderedAsync.java:lambda$sendRequestWithRetry$4(77)) - client-CFB50CAB4D08: attempt #1 receive~ RaftClientReply:client-CFB50CAB4D08->s2@group-6E85041A3092, cid=1820, SUCCESS, logIndex=0, commits[s2:c56, s0:c0, s1:c44]
2019-09-24 12:11:24,382 DEBUG client.GrpcClientProtocolService (GrpcClientProtocolService.java:sendReply(353)) - 0-OrderedRequestStreamObserver0: sendReply seq=40, RaftClientReply:client-CFB50CAB4D08->s2@group-6E85041A3092, cid=1709, SUCCESS, logIndex=52, commits[s2:c56, s0:c0, s1:c44]
2019-09-24 12:11:24,382 INFO  grpc.TestWatchRequestWithGrpc (WatchRequestTests.java:get(172)) - majorityCommitted-Watch(14) returns RaftClientReply:client-CFB50CAB4D08->s2@group-6E85041A3092, cid=1820, SUCCESS, logIndex=0, commits[s2:c56, s0:c0, s1:c44]
2019-09-24 12:11:24,382 DEBUG impl.UnorderedAsync (UnorderedAsync.java:sendRequestWithRetry(74)) - client-CFB50CAB4D08: attempt #1 send~ RaftClientRequest:client-CFB50CAB4D08->s2@group-6E85041A3092, cid=1838, seq=0, Watch(19), null
2019-09-24 12:11:24,382 DEBUG impl.RaftServerImpl (LeaderState.java:addWatchReqeust(324)) - s2@group-6E85041A3092-LeaderState: addWatchRequest RaftClientRequest:client-CFB50CAB4D08->s2@group-6E85041A3092, cid=1821, seq=0, Watch-ALL_COMMITTED(14), Message:<EMPTY>
2019-09-24 12:11:24,383 DEBUG impl.UnorderedAsync (UnorderedAsync.java:sendRequestWithRetry(74)) - client-CFB50CAB4D08: attempt #1 send~ RaftClientRequest:client-CFB50CAB4D08->s2@group-6E85041A3092, cid=1839, seq=0, Watch-ALL(19), null
2019-09-24 12:11:24,383 INFO  grpc.TestWatchRequestWithGrpc (WatchRequestTests.java:checkMajority(230)) - checkMajority 13: receive RaftClientReply:client-CFB50CAB4D08->s2@group-6E85041A3092, cid=1683, SUCCESS, logIndex=15, commits[s2:c26, s0:c0, s1:c2]
2019-09-24 12:11:24,382 DEBUG impl.RaftServerImpl (RaftServerImpl.java:submitClientRequestAsync(533)) - s2@group-6E85041A3092: receive client request(RaftClientRequest:client-CFB50CAB4D08->s2@group-6E85041A3092, cid=1720, seq=51, RW, Message:6d3530)
2019-09-24 12:11:24,383 DEBUG impl.UnorderedAsync (UnorderedAsync.java:sendRequestWithRetry(74)) - client-CFB50CAB4D08: attempt #1 send~ RaftClientRequest:client-CFB50CAB4D08->s2@group-6E85041A3092, cid=1840, seq=0, Watch-MAJORITY_COMMITTED(19), null
2019-09-24 12:11:24,383 DEBUG impl.RaftServerImpl (RaftServerImpl.java:submitClientRequestAsync(533)) - s2@group-6E85041A3092: receive client request(RaftClientRequest:client-CFB50CAB4D08->s2@group-6E85041A3092, cid=1822, seq=0, Watch(15), Message:<EMPTY>)
2019-09-24 12:11:24,383 DEBUG impl.UnorderedAsync (UnorderedAsync.java:sendRequestWithRetry(74)) - client-CFB50CAB4D08: attempt #1 send~ RaftClientRequest:client-CFB50CAB4D08->s2@group-6E85041A3092, cid=1841, seq=0, Watch-ALL_COMMITTED(19), null
2019-09-24 12:11:24,383 DEBUG impl.RaftServerImpl (LeaderState.java:addPendingRequest(317)) - s2@group-6E85041A3092-LeaderState: addPendingRequest at RaftClientRequest:client-CFB50CAB4D08->s2@group-6E85041A3092, cid=1720, seq=51, RW, Message:6d3530, entry=(t:1, i:69), STATEMACHINELOGENTRY, client-CFB50CAB4D08, cid=1720
2019-09-24 12:11:24,384 INFO  grpc.TestWatchRequestWithGrpc (WatchRequestTests.java:lambda$sendRequests$0(99)) - SEND_WATCH: message=m18, logIndex=20
2019-09-24 12:11:24,384 DEBUG impl.RaftServerImpl (RaftServerImpl.java:submitClientRequestAsync(533)) - s2@group-6E85041A3092: receive client request(RaftClientRequest:client-CFB50CAB4D08->s2@group-6E85041A3092, cid=1721, seq=52, RW, Message:6d3531)
2019-09-24 12:11:24,383 DEBUG impl.RaftServerImpl (LeaderState.java:addWatchReqeust(324)) - s2@group-6E85041A3092-LeaderState: addWatchRequest RaftClientRequest:client-CFB50CAB4D08->s2@group-6E85041A3092, cid=1822, seq=0, Watch(15), Message:<EMPTY>
2019-09-24 12:11:24,384 DEBUG impl.RaftServerImpl (LeaderState.java:addPendingRequest(317)) - s2@group-6E85041A3092-LeaderState: addPendingRequest at RaftClientRequest:client-CFB50CAB4D08->s2@group-6E85041A3092, cid=1721, seq=52, RW, Message:6d3531, entry=(t:1, i:70), STATEMACHINELOGENTRY, client-CFB50CAB4D08, cid=1721
2019-09-24 12:11:24,384 DEBUG impl.RaftServerImpl (RaftServerImpl.java:submitClientRequestAsync(533)) - s2@group-6E85041A3092: receive client request(RaftClientRequest:client-CFB50CAB4D08->s2@group-6E85041A3092, cid=1823, seq=0, Watch-ALL(15), Message:<EMPTY>)
2019-09-24 12:11:24,384 DEBUG impl.RaftServerImpl (RaftServerImpl.java:logAppendEntries(850)) - s1@group-6E85041A3092: receive appendEntries(s2, 1, (t:1, i:68), 56, false, commits[s2:c56, s0:c0, s1:c44], entries: (t:1, i:69), STATEMACHINELOGENTRY, client-CFB50CAB4D08, cid=1720
2019-09-24 12:11:24,384 DEBUG impl.RaftServerImpl (RaftServerImpl.java:logAppendEntries(850)) - s0@group-6E85041A3092: receive appendEntries(s2, 1, (t:1, i:68), 56, false, commits[s2:c56, s0:c0, s1:c44], entries: (t:1, i:69), STATEMACHINELOGENTRY, client-CFB50CAB4D08, cid=1720
2019-09-24 12:11:24,385 DEBUG impl.RaftServerImpl (RaftServerImpl.java:logAppendEntries(850)) - s1@group-6E85041A3092: receive appendEntries(s2, 1, (t:1, i:69), 56, false, commits[s2:c56, s0:c0, s1:c44], entries: (t:1, i:70), STATEMACHINELOGENTRY, client-CFB50CAB4D08, cid=1721
2019-09-24 12:11:24,384 DEBUG impl.UnorderedAsync (UnorderedAsync.java:sendRequestWithRetry(74)) - client-CFB50CAB4D08: attempt #1 send~ RaftClientRequest:client-CFB50CAB4D08->s2@group-6E85041A3092, cid=1842, seq=0, Watch(20), null
2019-09-24 12:11:24,385 DEBUG impl.RaftServerImpl (RaftServerImpl.java:logAppendEntries(850)) - s0@group-6E85041A3092: receive appendEntries(s2, 1, (t:1, i:69), 56, false, commits[s2:c56, s0:c0, s1:c44], entries: (t:1, i:70), STATEMACHINELOGENTRY, client-CFB50CAB4D08, cid=1721
2019-09-24 12:11:24,384 DEBUG impl.UnorderedAsync (UnorderedAsync.java:lambda$sendRequestWithRetry$4(77)) - client-CFB50CAB4D08: attempt #1 receive~ RaftClientReply:client-CFB50CAB4D08->s2@group-6E85041A3092, cid=1822, SUCCESS, logIndex=0, commits[s2:c56, s0:c0, s1:c44]
2019-09-24 12:11:24,384 DEBUG impl.RaftServerImpl (LeaderState.java:addWatchReqeust(324)) - s2@group-6E85041A3092-LeaderState: addWatchRequest RaftClientRequest:client-CFB50CAB4D08->s2@group-6E85041A3092, cid=1823, seq=0, Watch-ALL(15), Message:<EMPTY>
2019-09-24 12:11:24,384 DEBUG client.GrpcClientProtocolService (GrpcClientProtocolService.java:sendReply(353)) - 0-OrderedRequestStreamObserver0: sendReply seq=41, RaftClientReply:client-CFB50CAB4D08->s2@group-6E85041A3092, cid=1710, SUCCESS, logIndex=53, commits[s2:c56, s0:c0, s1:c44]
2019-09-24 12:11:24,385 DEBUG impl.RaftServerImpl (RaftServerImpl.java:submitClientRequestAsync(533)) - s2@group-6E85041A3092: receive client request(RaftClientRequest:client-CFB50CAB4D08->s2@group-6E85041A3092, cid=1824, seq=0, Watch-MAJORITY_COMMITTED(15), Message:<EMPTY>)
2019-09-24 12:11:24,385 INFO  grpc.TestWatchRequestWithGrpc (WatchRequestTests.java:get(172)) - majority-Watch(15) returns RaftClientReply:client-CFB50CAB4D08->s2@group-6E85041A3092, cid=1822, SUCCESS, logIndex=0, commits[s2:c56, s0:c0, s1:c44]
2019-09-24 12:11:24,385 DEBUG impl.UnorderedAsync (UnorderedAsync.java:sendRequestWithRetry(74)) - client-CFB50CAB4D08: attempt #1 send~ RaftClientRequest:client-CFB50CAB4D08->s2@group-6E85041A3092, cid=1843, seq=0, Watch-ALL(20), null
2019-09-24 12:11:24,385 DEBUG client.GrpcClientProtocolService (GrpcClientProtocolService.java:sendReply(353)) - 0-OrderedRequestStreamObserver0: sendReply seq=42, RaftClientReply:client-CFB50CAB4D08->s2@group-6E85041A3092, cid=1711, SUCCESS, logIndex=54, commits[s2:c56, s0:c0, s1:c44]
2019-09-24 12:11:24,385 DEBUG impl.RaftServerImpl (LeaderState.java:addWatchReqeust(324)) - s2@group-6E85041A3092-LeaderState: addWatchRequest RaftClientRequest:client-CFB50CAB4D08->s2@group-6E85041A3092, cid=1824, seq=0, Watch-MAJORITY_COMMITTED(15), Message:<EMPTY>
2019-09-24 12:11:24,386 DEBUG client.GrpcClientProtocolService (GrpcClientProtocolService.java:sendReply(353)) - 0-OrderedRequestStreamObserver0: sendReply seq=43, RaftClientReply:client-CFB50CAB4D08->s2@group-6E85041A3092, cid=1712, SUCCESS, logIndex=55, commits[s2:c56, s0:c0, s1:c44]
2019-09-24 12:11:24,386 DEBUG impl.UnorderedAsync (UnorderedAsync.java:sendRequestWithRetry(74)) - client-CFB50CAB4D08: attempt #1 send~ RaftClientRequest:client-CFB50CAB4D08->s2@group-6E85041A3092, cid=1844, seq=0, Watch-MAJORITY_COMMITTED(20), null
2019-09-24 12:11:24,386 DEBUG impl.RaftServerImpl (RaftServerImpl.java:submitClientRequestAsync(533)) - s2@group-6E85041A3092: receive client request(RaftClientRequest:client-CFB50CAB4D08->s2@group-6E85041A3092, cid=1722, seq=53, RW, Message:6d3532)
2019-09-24 12:11:24,386 DEBUG impl.RaftServerImpl (RaftServerImpl.java:submitClientRequestAsync(533)) - s2@group-6E85041A3092: receive client request(RaftClientRequest:client-CFB50CAB4D08->s2@group-6E85041A3092, cid=1825, seq=0, Watch-ALL_COMMITTED(15), Message:<EMPTY>)
2019-09-24 12:11:24,386 DEBUG impl.RaftServerImpl (LeaderState.java:addPendingRequest(317)) - s2@group-6E85041A3092-LeaderState: addPendingRequest at RaftClientRequest:client-CFB50CAB4D08->s2@group-6E85041A3092, cid=1722, seq=53, RW, Message:6d3532, entry=(t:1, i:71), STATEMACHINELOGENTRY, client-CFB50CAB4D08, cid=1722
2019-09-24 12:11:24,386 DEBUG impl.UnorderedAsync (UnorderedAsync.java:sendRequestWithRetry(74)) - client-CFB50CAB4D08: attempt #1 send~ RaftClientRequest:client-CFB50CAB4D08->s2@group-6E85041A3092, cid=1845, seq=0, Watch-ALL_COMMITTED(20), null
2019-09-24 12:11:24,386 DEBUG impl.RaftServerImpl (RaftServerImpl.java:submitClientRequestAsync(533)) - s2@group-6E85041A3092: receive client request(RaftClientRequest:client-CFB50CAB4D08->s2@group-6E85041A3092, cid=1723, seq=54, RW, Message:6d3533)
2019-09-24 12:11:24,386 DEBUG impl.UnorderedAsync (UnorderedAsync.java:lambda$sendRequestWithRetry$4(77)) - client-CFB50CAB4D08: attempt #1 receive~ RaftClientReply:client-CFB50CAB4D08->s2@group-6E85041A3092, cid=1824, SUCCESS, logIndex=0, commits[s2:c56, s0:c0, s1:c44]
2019-09-24 12:11:24,386 DEBUG impl.RaftServerImpl (LeaderState.java:addWatchReqeust(324)) - s2@group-6E85041A3092-LeaderState: addWatchRequest RaftClientRequest:client-CFB50CAB4D08->s2@group-6E85041A3092, cid=1825, seq=0, Watch-ALL_COMMITTED(15), Message:<EMPTY>
2019-09-24 12:11:24,387 INFO  grpc.TestWatchRequestWithGrpc (WatchRequestTests.java:get(172)) - majorityCommitted-Watch(15) returns RaftClientReply:client-CFB50CAB4D08->s2@group-6E85041A3092, cid=1824, SUCCESS, logIndex=0, commits[s2:c56, s0:c0, s1:c44]
2019-09-24 12:11:24,387 DEBUG impl.RaftServerImpl (LeaderState.java:addPendingRequest(317)) - s2@group-6E85041A3092-LeaderState: addPendingRequest at RaftClientRequest:client-CFB50CAB4D08->s2@group-6E85041A3092, cid=1723, seq=54, RW, Message:6d3533, entry=(t:1, i:72), STATEMACHINELOGENTRY, client-CFB50CAB4D08, cid=1723
2019-09-24 12:11:24,387 INFO  grpc.TestWatchRequestWithGrpc (WatchRequestTests.java:lambda$sendRequests$0(99)) - SEND_WATCH: message=m19, logIndex=21
2019-09-24 12:11:24,387 DEBUG impl.RaftServerImpl (RaftServerImpl.java:logAppendEntries(850)) - s1@group-6E85041A3092: receive appendEntries(s2, 1, (t:1, i:70), 56, false, commits[s2:c56, s0:c0, s1:c44], entries: (t:1, i:71), STATEMACHINELOGENTRY, client-CFB50CAB4D08, cid=1722
2019-09-24 12:11:24,387 DEBUG impl.RaftServerImpl (RaftServerImpl.java:logAppendEntries(850)) - s0@group-6E85041A3092: receive appendEntries(s2, 1, (t:1, i:70), 56, false, commits[s2:c56, s0:c0, s1:c44], entries: (t:1, i:71), STATEMACHINELOGENTRY, client-CFB50CAB4D08, cid=1722
2019-09-24 12:11:24,387 DEBUG impl.UnorderedAsync (UnorderedAsync.java:sendRequestWithRetry(74)) - client-CFB50CAB4D08: attempt #1 send~ RaftClientRequest:client-CFB50CAB4D08->s2@group-6E85041A3092, cid=1846, seq=0, Watch(21), null
2019-09-24 12:11:24,387 DEBUG impl.RaftServerImpl (RaftServerImpl.java:submitClientRequestAsync(533)) - s2@group-6E85041A3092: receive client request(RaftClientRequest:client-CFB50CAB4D08->s2@group-6E85041A3092, cid=1724, seq=55, RW, Message:6d3534)
2019-09-24 12:11:24,387 INFO  grpc.TestWatchRequestWithGrpc (WatchRequestTests.java:checkMajority(230)) - checkMajority 14: receive RaftClientReply:client-CFB50CAB4D08->s2@group-6E85041A3092, cid=1684, SUCCESS, logIndex=16, commits[s2:c26, s0:c0, s1:c2]
2019-09-24 12:11:24,387 DEBUG impl.RaftServerImpl (RaftServerImpl.java:submitClientRequestAsync(533)) - s2@group-6E85041A3092: receive client request(RaftClientRequest:client-CFB50CAB4D08->s2@group-6E85041A3092, cid=1826, seq=0, Watch(16), Message:<EMPTY>)
2019-09-24 12:11:24,388 DEBUG impl.RaftServerImpl (LeaderState.java:addPendingRequest(317)) - s2@group-6E85041A3092-LeaderState: addPendingRequest at RaftClientRequest:client-CFB50CAB4D08->s2@group-6E85041A3092, cid=1724, seq=55, RW, Message:6d3534, entry=(t:1, i:73), STATEMACHINELOGENTRY, client-CFB50CAB4D08, cid=1724
2019-09-24 12:11:24,388 DEBUG impl.UnorderedAsync (UnorderedAsync.java:sendRequestWithRetry(74)) - client-CFB50CAB4D08: attempt #1 send~ RaftClientRequest:client-CFB50CAB4D08->s2@group-6E85041A3092, cid=1847, seq=0, Watch-ALL(21), null
2019-09-24 12:11:24,388 DEBUG impl.RaftServerImpl (RaftServerImpl.java:logAppendEntries(850)) - s0@group-6E85041A3092: receive appendEntries(s2, 1, (t:1, i:71), 56, false, commits[s2:c56, s0:c0, s1:c44], entries: (t:1, i:72), STATEMACHINELOGENTRY, client-CFB50CAB4D08, cid=1723
2019-09-24 12:11:24,388 DEBUG impl.RaftServerImpl (RaftServerImpl.java:logAppendEntries(850)) - s1@group-6E85041A3092: receive appendEntries(s2, 1, (t:1, i:71), 56, false, commits[s2:c56, s0:c0, s1:c44], entries: (t:1, i:72), STATEMACHINELOGENTRY, client-CFB50CAB4D08, cid=1723
2019-09-24 12:11:24,388 DEBUG impl.UnorderedAsync (UnorderedAsync.java:sendRequestWithRetry(74)) - client-CFB50CAB4D08: attempt #1 send~ RaftClientRequest:client-CFB50CAB4D08->s2@group-6E85041A3092, cid=1848, seq=0, Watch-MAJORITY_COMMITTED(21), null
2019-09-24 12:11:24,388 DEBUG impl.RaftServerImpl (RaftServerImpl.java:submitClientRequestAsync(533)) - s2@group-6E85041A3092: receive client request(RaftClientRequest:client-CFB50CAB4D08->s2@group-6E85041A3092, cid=1725, seq=56, RW, Message:6d3535)
2019-09-24 12:11:24,388 DEBUG impl.RaftServerImpl (LeaderState.java:addWatchReqeust(324)) - s2@group-6E85041A3092-LeaderState: addWatchRequest RaftClientRequest:client-CFB50CAB4D08->s2@group-6E85041A3092, cid=1826, seq=0, Watch(16), Message:<EMPTY>
2019-09-24 12:11:24,389 DEBUG impl.RaftServerImpl (LeaderState.java:addPendingRequest(317)) - s2@group-6E85041A3092-LeaderState: addPendingRequest at RaftClientRequest:client-CFB50CAB4D08->s2@group-6E85041A3092, cid=1725, seq=56, RW, Message:6d3535, entry=(t:1, i:74), STATEMACHINELOGENTRY, client-CFB50CAB4D08, cid=1725
2019-09-24 12:11:24,389 DEBUG impl.UnorderedAsync (UnorderedAsync.java:sendRequestWithRetry(74)) - client-CFB50CAB4D08: attempt #1 send~ RaftClientRequest:client-CFB50CAB4D08->s2@group-6E85041A3092, cid=1849, seq=0, Watch-ALL_COMMITTED(21), null
2019-09-24 12:11:24,389 DEBUG impl.RaftServerImpl (RaftServerImpl.java:logAppendEntries(850)) - s1@group-6E85041A3092: receive appendEntries(s2, 1, (t:1, i:72), 56, false, commits[s2:c56, s0:c0, s1:c44], entries: (t:1, i:73), STATEMACHINELOGENTRY, client-CFB50CAB4D08, cid=1724
2019-09-24 12:11:24,389 INFO  grpc.TestWatchRequestWithGrpc (WatchRequestTests.java:lambda$sendRequests$0(99)) - SEND_WATCH: message=m20, logIndex=22
2019-09-24 12:11:24,390 DEBUG impl.RaftServerImpl (RaftServerImpl.java:logAppendEntries(850)) - s1@group-6E85041A3092: receive appendEntries(s2, 1, (t:1, i:73), 56, false, commits[s2:c56, s0:c0, s1:c44], entries: (t:1, i:74), STATEMACHINELOGENTRY, client-CFB50CAB4D08, cid=1725
2019-09-24 12:11:24,390 DEBUG impl.RaftServerImpl (RaftServerImpl.java:logAppendEntries(850)) - s1@group-6E85041A3092: succeeded to handle AppendEntries. Reply: s2<-s1#72:OK,SUCCESS,nextIndex:62,term:1,followerCommit:48
2019-09-24 12:11:24,389 DEBUG impl.RaftServerImpl (RaftServerImpl.java:logAppendEntries(850)) - s0@group-6E85041A3092: receive appendEntries(s2, 1, (t:1, i:72), 56, false, commits[s2:c56, s0:c0, s1:c44], entries: (t:1, i:73), STATEMACHINELOGENTRY, client-CFB50CAB4D08, cid=1724
2019-09-24 12:11:24,390 DEBUG impl.RaftServerImpl (RaftServerImpl.java:logAppendEntries(850)) - s1@group-6E85041A3092: succeeded to handle AppendEntries. Reply: s2<-s1#74:OK,SUCCESS,nextIndex:64,term:1,followerCommit:48
2019-09-24 12:11:24,390 DEBUG impl.RaftServerImpl (RaftServerImpl.java:logAppendEntries(850)) - s1@group-6E85041A3092: succeeded to handle AppendEntries. Reply: s2<-s1#73:OK,SUCCESS,nextIndex:63,term:1,followerCommit:48
2019-09-24 12:11:24,390 DEBUG impl.UnorderedAsync (UnorderedAsync.java:lambda$sendRequestWithRetry$4(77)) - client-CFB50CAB4D08: attempt #1 receive~ RaftClientReply:client-CFB50CAB4D08->s2@group-6E85041A3092, cid=1826, SUCCESS, logIndex=0, commits[s2:c56, s0:c0, s1:c44]
2019-09-24 12:11:24,390 DEBUG impl.UnorderedAsync (UnorderedAsync.java:sendRequestWithRetry(74)) - client-CFB50CAB4D08: attempt #1 send~ RaftClientRequest:client-CFB50CAB4D08->s2@group-6E85041A3092, cid=1850, seq=0, Watch(22), null
2019-09-24 12:11:24,389 DEBUG impl.RaftServerImpl (RaftServerImpl.java:logAppendEntries(850)) - s1@group-6E85041A3092: succeeded to handle AppendEntries. Reply: s2<-s1#71:OK,SUCCESS,nextIndex:61,term:1,followerCommit:48
2019-09-24 12:11:24,389 DEBUG impl.RaftServerImpl (RaftServerImpl.java:logAppendEntries(850)) - s1@group-6E85041A3092: succeeded to handle AppendEntries. Reply: s2<-s1#70:OK,SUCCESS,nextIndex:60,term:1,followerCommit:48
2019-09-24 12:11:24,389 DEBUG impl.RaftServerImpl (RaftServerImpl.java:logAppendEntries(850)) - s1@group-6E85041A3092: succeeded to handle AppendEntries. Reply: s2<-s1#69:OK,SUCCESS,nextIndex:59,term:1,followerCommit:48
2019-09-24 12:11:24,389 INFO  statemachine.SimpleStateMachine4Testing (SimpleStateMachine4Testing.java:put(198)) - s1: put 46, m33 -> (t:1, i:46), STATEMACHINELOGENTRY, client-CFB50CAB4D08, cid=1703
2019-09-24 12:11:24,389 DEBUG impl.RaftServerImpl (RaftServerImpl.java:logAppendEntries(850)) - s1@group-6E85041A3092: succeeded to handle AppendEntries. Reply: s2<-s1#68:OK,SUCCESS,nextIndex:58,term:1,followerCommit:47
2019-09-24 12:11:24,389 DEBUG impl.RaftServerImpl (RaftServerImpl.java:submitClientRequestAsync(533)) - s2@group-6E85041A3092: receive client request(RaftClientRequest:client-CFB50CAB4D08->s2@group-6E85041A3092, cid=1726, seq=57, RW, Message:6d3536)
2019-09-24 12:11:24,389 DEBUG impl.RaftServerImpl (RaftServerImpl.java:submitClientRequestAsync(533)) - s2@group-6E85041A3092: receive client request(RaftClientRequest:client-CFB50CAB4D08->s2@group-6E85041A3092, cid=1827, seq=0, Watch-ALL(16), Message:<EMPTY>)
2019-09-24 12:11:24,391 DEBUG impl.RaftServerImpl (LeaderState.java:addPendingRequest(317)) - s2@group-6E85041A3092-LeaderState: addPendingRequest at RaftClientRequest:client-CFB50CAB4D08->s2@group-6E85041A3092, cid=1726, seq=57, RW, Message:6d3536, entry=(t:1, i:75), STATEMACHINELOGENTRY, client-CFB50CAB4D08, cid=1726
2019-09-24 12:11:24,391 INFO  statemachine.SimpleStateMachine4Testing (SimpleStateMachine4Testing.java:put(198)) - s1: put 47, m34 -> (t:1, i:47), STATEMACHINELOGENTRY, client-CFB50CAB4D08, cid=1704
2019-09-24 12:11:24,390 DEBUG impl.UnorderedAsync (UnorderedAsync.java:sendRequestWithRetry(74)) - client-CFB50CAB4D08: attempt #1 send~ RaftClientRequest:client-CFB50CAB4D08->s2@group-6E85041A3092, cid=1851, seq=0, Watch-ALL(22), null
2019-09-24 12:11:24,390 INFO  grpc.TestWatchRequestWithGrpc (WatchRequestTests.java:get(172)) - majority-Watch(16) returns RaftClientReply:client-CFB50CAB4D08->s2@group-6E85041A3092, cid=1826, SUCCESS, logIndex=0, commits[s2:c56, s0:c0, s1:c44]
2019-09-24 12:11:24,390 DEBUG impl.RaftServerImpl (RaftServerImpl.java:logAppendEntries(850)) - s0@group-6E85041A3092: receive appendEntries(s2, 1, (t:1, i:73), 56, false, commits[s2:c56, s0:c0, s1:c44], entries: (t:1, i:74), STATEMACHINELOGENTRY, client-CFB50CAB4D08, cid=1725
2019-09-24 12:11:24,391 DEBUG impl.UnorderedAsync (UnorderedAsync.java:sendRequestWithRetry(74)) - client-CFB50CAB4D08: attempt #1 send~ RaftClientRequest:client-CFB50CAB4D08->s2@group-6E85041A3092, cid=1852, seq=0, Watch-MAJORITY_COMMITTED(22), null
2019-09-24 12:11:24,392 DEBUG impl.RaftServerImpl (RaftServerImpl.java:logAppendEntries(850)) - s0@group-6E85041A3092: receive appendEntries(s2, 1, (t:1, i:74), 56, false, commits[s2:c56, s0:c0, s1:c47], entries: (t:1, i:75), STATEMACHINELOGENTRY, client-CFB50CAB4D08, cid=1726
2019-09-24 12:11:24,391 DEBUG impl.RaftServerImpl (RaftServerImpl.java:logAppendEntries(850)) - s1@group-6E85041A3092: receive appendEntries(s2, 1, (t:1, i:74), 56, false, commits[s2:c56, s0:c0, s1:c47], entries: (t:1, i:75), STATEMACHINELOGENTRY, client-CFB50CAB4D08, cid=1726
2019-09-24 12:11:24,391 INFO  statemachine.SimpleStateMachine4Testing (SimpleStateMachine4Testing.java:put(198)) - s1: put 48, m35 -> (t:1, i:48), STATEMACHINELOGENTRY, client-CFB50CAB4D08, cid=1705
2019-09-24 12:11:24,391 DEBUG impl.RaftServerImpl (RaftServerImpl.java:submitClientRequestAsync(533)) - s2@group-6E85041A3092: receive client request(RaftClientRequest:client-CFB50CAB4D08->s2@group-6E85041A3092, cid=1727, seq=58, RW, Message:6d3537)
2019-09-24 12:11:24,391 DEBUG impl.WatchRequests (WatchRequests.java:updateIndex(142)) - s2@group-6E85041A3092-WatchRequests: update MAJORITY_COMMITTED index from 44 to 47
2019-09-24 12:11:24,391 DEBUG impl.RaftServerImpl (LeaderState.java:addWatchReqeust(324)) - s2@group-6E85041A3092-LeaderState: addWatchRequest RaftClientRequest:client-CFB50CAB4D08->s2@group-6E85041A3092, cid=1827, seq=0, Watch-ALL(16), Message:<EMPTY>
2019-09-24 12:11:24,392 DEBUG impl.WatchRequests (WatchRequests.java:updateIndex(142)) - s2@group-6E85041A3092-WatchRequests: update MAJORITY_COMMITTED index from 47 to 48
2019-09-24 12:11:24,392 DEBUG impl.RaftServerImpl (RaftServerImpl.java:submitClientRequestAsync(533)) - s2@group-6E85041A3092: receive client request(RaftClientRequest:client-CFB50CAB4D08->s2@group-6E85041A3092, cid=1828, seq=0, Watch-MAJORITY_COMMITTED(16), Message:<EMPTY>)
2019-09-24 12:11:24,392 DEBUG impl.RaftServerImpl (RaftServerImpl.java:logAppendEntries(850)) - s1@group-6E85041A3092: succeeded to handle AppendEntries. Reply: s2<-s1#75:OK,SUCCESS,nextIndex:65,term:1,followerCommit:48
2019-09-24 12:11:24,392 DEBUG impl.RaftServerImpl (LeaderState.java:addPendingRequest(317)) - s2@group-6E85041A3092-LeaderState: addPendingRequest at RaftClientRequest:client-CFB50CAB4D08->s2@group-6E85041A3092, cid=1727, seq=58, RW, Message:6d3537, entry=(t:1, i:76), STATEMACHINELOGENTRY, client-CFB50CAB4D08, cid=1727
2019-09-24 12:11:24,393 DEBUG impl.RaftServerImpl (RaftServerImpl.java:logAppendEntries(850)) - s1@group-6E85041A3092: succeeded to handle AppendEntries. Reply: s2<-s1#81:OK,SUCCESS,nextIndex:71,term:1,followerCommit:56
2019-09-24 12:11:24,392 DEBUG impl.UnorderedAsync (UnorderedAsync.java:sendRequestWithRetry(74)) - client-CFB50CAB4D08: attempt #1 send~ RaftClientRequest:client-CFB50CAB4D08->s2@group-6E85041A3092, cid=1853, seq=0, Watch-ALL_COMMITTED(22), null
2019-09-24 12:11:24,393 DEBUG impl.RaftServerImpl (RaftServerImpl.java:logAppendEntries(850)) - s1@group-6E85041A3092: succeeded to handle AppendEntries. Reply: s2<-s1#83:OK,SUCCESS,nextIndex:73,term:1,followerCommit:56
2019-09-24 12:11:24,393 DEBUG impl.RaftServerImpl (RaftServerImpl.java:logAppendEntries(850)) - s1@group-6E85041A3092: succeeded to handle AppendEntries. Reply: s2<-s1#82:OK,SUCCESS,nextIndex:72,term:1,followerCommit:56
2019-09-24 12:11:24,393 DEBUG impl.RaftServerImpl (RaftServerImpl.java:submitClientRequestAsync(533)) - s2@group-6E85041A3092: receive client request(RaftClientRequest:client-CFB50CAB4D08->s2@group-6E85041A3092, cid=1728, seq=59, RW, Message:6d3538)
2019-09-24 12:11:24,393 DEBUG impl.WatchRequests (WatchRequests.java:updateIndex(142)) - s2@group-6E85041A3092-WatchRequests: update MAJORITY index from 56 to 63
2019-09-24 12:11:24,393 INFO  statemachine.SimpleStateMachine4Testing (SimpleStateMachine4Testing.java:put(198)) - s2: put 60, m43 -> (t:1, i:60), STATEMACHINELOGENTRY, client-CFB50CAB4D08, cid=1713
2019-09-24 12:11:24,393 DEBUG impl.RaftServerImpl (RaftServerImpl.java:logAppendEntries(850)) - s1@group-6E85041A3092: succeeded to handle AppendEntries. Reply: s2<-s1#80:OK,SUCCESS,nextIndex:70,term:1,followerCommit:56
2019-09-24 12:11:24,394 DEBUG impl.RaftServerImpl (LeaderState.java:addPendingRequest(317)) - s2@group-6E85041A3092-LeaderState: addPendingRequest at RaftClientRequest:client-CFB50CAB4D08->s2@group-6E85041A3092, cid=1728, seq=59, RW, Message:6d3538, entry=(t:1, i:78), STATEMACHINELOGENTRY, client-CFB50CAB4D08, cid=1728
2019-09-24 12:11:24,393 DEBUG impl.RaftServerImpl (RaftServerImpl.java:logAppendEntries(850)) - s1@group-6E85041A3092: succeeded to handle AppendEntries. Reply: s2<-s1#79:OK,SUCCESS,nextIndex:69,term:1,followerCommit:56
2019-09-24 12:11:24,393 DEBUG impl.RaftServerImpl (LeaderState.java:addWatchReqeust(324)) - s2@group-6E85041A3092-LeaderState: addWatchRequest RaftClientRequest:client-CFB50CAB4D08->s2@group-6E85041A3092, cid=1828, seq=0, Watch-MAJORITY_COMMITTED(16), Message:<EMPTY>
2019-09-24 12:11:24,393 DEBUG impl.RaftServerImpl (RaftServerImpl.java:logAppendEntries(850)) - s1@group-6E85041A3092: succeeded to handle AppendEntries. Reply: s2<-s1#78:OK,SUCCESS,nextIndex:68,term:1,followerCommit:56
2019-09-24 12:11:24,392 DEBUG impl.RaftServerImpl (RaftServerImpl.java:logAppendEntries(850)) - s1@group-6E85041A3092: receive appendEntries(s2, 1, (t:1, i:75), 56, false, commits[s2:c56, s0:c0, s1:c47], entries: (t:1, i:76), STATEMACHINELOGENTRY, client-CFB50CAB4D08, cid=1727
2019-09-24 12:11:24,392 DEBUG impl.RaftServerImpl (RaftServerImpl.java:logAppendEntries(850)) - s1@group-6E85041A3092: succeeded to handle AppendEntries. Reply: s2<-s1#77:OK,SUCCESS,nextIndex:67,term:1,followerCommit:54
2019-09-24 12:11:24,392 INFO  statemachine.SimpleStateMachine4Testing (SimpleStateMachine4Testing.java:put(198)) - s1: put 49, m36 -> (t:1, i:49), STATEMACHINELOGENTRY, client-CFB50CAB4D08, cid=1706
2019-09-24 12:11:24,392 DEBUG impl.RaftServerImpl (RaftServerImpl.java:logAppendEntries(850)) - s1@group-6E85041A3092: succeeded to handle AppendEntries. Reply: s2<-s1#76:OK,SUCCESS,nextIndex:66,term:1,followerCommit:54
2019-09-24 12:11:24,394 DEBUG impl.UnorderedAsync (UnorderedAsync.java:lambda$sendRequestWithRetry$4(77)) - client-CFB50CAB4D08: attempt #1 receive~ RaftClientReply:client-CFB50CAB4D08->s2@group-6E85041A3092, cid=1828, SUCCESS, logIndex=0, commits[s2:c64, s0:c0, s1:c48]
2019-09-24 12:11:24,394 INFO  statemachine.SimpleStateMachine4Testing (SimpleStateMachine4Testing.java:put(198)) - s1: put 50, m37 -> (t:1, i:50), STATEMACHINELOGENTRY, client-CFB50CAB4D08, cid=1707
2019-09-24 12:11:24,394 DEBUG impl.RaftServerImpl (RaftServerImpl.java:logAppendEntries(850)) - s1@group-6E85041A3092: receive appendEntries(s2, 1, (t:1, i:76), 63, false, commits[s2:c63, s0:c0, s1:c48], entries: (t:1, i:77), METADATAENTRY(c63)
2019-09-24 12:11:24,394 DEBUG impl.RaftServerImpl (RaftServerImpl.java:submitClientRequestAsync(533)) - s2@group-6E85041A3092: receive client request(RaftClientRequest:client-CFB50CAB4D08->s2@group-6E85041A3092, cid=1829, seq=0, Watch-ALL_COMMITTED(16), Message:<EMPTY>)
2019-09-24 12:11:24,395 DEBUG impl.RaftServerImpl (RaftServerImpl.java:logAppendEntries(850)) - s1@group-6E85041A3092: receive appendEntries(s2, 1, (t:1, i:77), 63, false, commits[s2:c63, s0:c0, s1:c48], entries: (t:1, i:78), STATEMACHINELOGENTRY, client-CFB50CAB4D08, cid=1728
2019-09-24 12:11:24,394 INFO  statemachine.SimpleStateMachine4Testing (SimpleStateMachine4Testing.java:put(198)) - s2: put 61, m44 -> (t:1, i:61), STATEMACHINELOGENTRY, client-CFB50CAB4D08, cid=1714
2019-09-24 12:11:24,394 DEBUG impl.WatchRequests (WatchRequests.java:updateIndex(142)) - s2@group-6E85041A3092-WatchRequests: update MAJORITY index from 63 to 64
2019-09-24 12:11:24,394 DEBUG impl.RaftServerImpl (RaftServerImpl.java:submitClientRequestAsync(533)) - s2@group-6E85041A3092: receive client request(RaftClientRequest:client-CFB50CAB4D08->s2@group-6E85041A3092, cid=1729, seq=60, RW, Message:6d3539)
2019-09-24 12:11:24,393 INFO  grpc.TestWatchRequestWithGrpc (WatchRequestTests.java:lambda$sendRequests$0(99)) - SEND_WATCH: message=m21, logIndex=23
2019-09-24 12:11:24,393 DEBUG impl.RaftServerImpl (RaftServerImpl.java:logAppendEntries(850)) - s1@group-6E85041A3092: succeeded to handle AppendEntries. Reply: s2<-s1#85:OK,SUCCESS,nextIndex:75,term:1,followerCommit:56
2019-09-24 12:11:24,393 DEBUG impl.RaftServerImpl (RaftServerImpl.java:logAppendEntries(850)) - s0@group-6E85041A3092: receive appendEntries(s2, 1, (t:1, i:75), 63, false, commits[s2:c63, s0:c0, s1:c48], entries: (t:1, i:76), STATEMACHINELOGENTRY, client-CFB50CAB4D08, cid=1727
2019-09-24 12:11:24,393 DEBUG impl.RaftServerImpl (RaftServerImpl.java:logAppendEntries(850)) - s1@group-6E85041A3092: succeeded to handle AppendEntries. Reply: s2<-s1#84:OK,SUCCESS,nextIndex:74,term:1,followerCommit:56
2019-09-24 12:11:24,395 DEBUG impl.RaftServerImpl (RaftServerImpl.java:logAppendEntries(850)) - s1@group-6E85041A3092: receive appendEntries(s2, 1, (t:1, i:78), 64, false, commits[s2:c64, s0:c0, s1:c54], entries: (t:1, i:79), METADATAENTRY(c64)
2019-09-24 12:11:24,395 DEBUG impl.UnorderedAsync (UnorderedAsync.java:sendRequestWithRetry(74)) - client-CFB50CAB4D08: attempt #1 send~ RaftClientRequest:client-CFB50CAB4D08->s2@group-6E85041A3092, cid=1854, seq=0, Watch(23), null
2019-09-24 12:11:24,395 DEBUG impl.RaftServerImpl (LeaderState.java:addWatchReqeust(324)) - s2@group-6E85041A3092-LeaderState: addWatchRequest RaftClientRequest:client-CFB50CAB4D08->s2@group-6E85041A3092, cid=1829, seq=0, Watch-ALL_COMMITTED(16), Message:<EMPTY>
2019-09-24 12:11:24,395 DEBUG impl.WatchRequests (WatchRequests.java:updateIndex(142)) - s2@group-6E85041A3092-WatchRequests: update MAJORITY_COMMITTED index from 48 to 54
2019-09-24 12:11:24,395 INFO  statemachine.SimpleStateMachine4Testing (SimpleStateMachine4Testing.java:put(198)) - s1: put 51, m38 -> (t:1, i:51), STATEMACHINELOGENTRY, client-CFB50CAB4D08, cid=1708
2019-09-24 12:11:24,395 INFO  grpc.TestWatchRequestWithGrpc (WatchRequestTests.java:get(172)) - majorityCommitted-Watch(16) returns RaftClientReply:client-CFB50CAB4D08->s2@group-6E85041A3092, cid=1828, SUCCESS, logIndex=0, commits[s2:c64, s0:c0, s1:c48]
2019-09-24 12:11:24,396 INFO  statemachine.SimpleStateMachine4Testing (SimpleStateMachine4Testing.java:put(198)) - s1: put 52, m39 -> (t:1, i:52), STATEMACHINELOGENTRY, client-CFB50CAB4D08, cid=1709
2019-09-24 12:11:24,396 INFO  grpc.TestWatchRequestWithGrpc (WatchRequestTests.java:checkMajority(230)) - checkMajority 15: receive RaftClientReply:client-CFB50CAB4D08->s2@group-6E85041A3092, cid=1685, SUCCESS, logIndex=17, commits[s2:c26, s0:c0, s1:c2]
2019-09-24 12:11:24,396 DEBUG impl.WatchRequests (WatchRequests.java:updateIndex(142)) - s2@group-6E85041A3092-WatchRequests: update MAJORITY index from 64 to 65
2019-09-24 12:11:24,396 DEBUG impl.RaftServerImpl (RaftServerImpl.java:submitClientRequestAsync(533)) - s2@group-6E85041A3092: receive client request(RaftClientRequest:client-CFB50CAB4D08->s2@group-6E85041A3092, cid=1830, seq=0, Watch(17), Message:<EMPTY>)
2019-09-24 12:11:24,397 DEBUG impl.RaftServerImpl (LeaderState.java:addWatchReqeust(324)) - s2@group-6E85041A3092-LeaderState: addWatchRequest RaftClientRequest:client-CFB50CAB4D08->s2@group-6E85041A3092, cid=1830, seq=0, Watch(17), Message:<EMPTY>
2019-09-24 12:11:24,396 DEBUG impl.UnorderedAsync (UnorderedAsync.java:sendRequestWithRetry(74)) - client-CFB50CAB4D08: attempt #1 send~ RaftClientRequest:client-CFB50CAB4D08->s2@group-6E85041A3092, cid=1855, seq=0, Watch-ALL(23), null
2019-09-24 12:11:24,396 DEBUG impl.RaftServerImpl (RaftServerImpl.java:logAppendEntries(850)) - s0@group-6E85041A3092: receive appendEntries(s2, 1, (t:1, i:76), 63, false, commits[s2:c63, s0:c0, s1:c48], entries: (t:1, i:77), METADATAENTRY(c63)
2019-09-24 12:11:24,397 DEBUG impl.UnorderedAsync (UnorderedAsync.java:sendRequestWithRetry(74)) - client-CFB50CAB4D08: attempt #1 send~ RaftClientRequest:client-CFB50CAB4D08->s2@group-6E85041A3092, cid=1856, seq=0, Watch-MAJORITY_COMMITTED(23), null
2019-09-24 12:11:24,397 DEBUG impl.RaftServerImpl (RaftServerImpl.java:submitClientRequestAsync(533)) - s2@group-6E85041A3092: receive client request(RaftClientRequest:client-CFB50CAB4D08->s2@group-6E85041A3092, cid=1831, seq=0, Watch-ALL(17), Message:<EMPTY>)
2019-09-24 12:11:24,397 DEBUG impl.RaftServerImpl (RaftServerImpl.java:logAppendEntries(850)) - s1@group-6E85041A3092: receive appendEntries(s2, 1, (t:1, i:79), 65, false, commits[s2:c65, s0:c0, s1:c56], entries: (t:1, i:80), METADATAENTRY(c65)
2019-09-24 12:11:24,397 DEBUG impl.WatchRequests (WatchRequests.java:updateIndex(142)) - s2@group-6E85041A3092-WatchRequests: update MAJORITY_COMMITTED index from 54 to 56
2019-09-24 12:11:24,396 INFO  statemachine.SimpleStateMachine4Testing (SimpleStateMachine4Testing.java:put(198)) - s1: put 53, m40 -> (t:1, i:53), STATEMACHINELOGENTRY, client-CFB50CAB4D08, cid=1710
2019-09-24 12:11:24,398 DEBUG impl.WatchRequests (WatchRequests.java:updateIndex(142)) - s2@group-6E85041A3092-WatchRequests: update MAJORITY index from 65 to 67
2019-09-24 12:11:24,397 DEBUG impl.RaftServerImpl (LeaderState.java:addWatchReqeust(324)) - s2@group-6E85041A3092-LeaderState: addWatchRequest RaftClientRequest:client-CFB50CAB4D08->s2@group-6E85041A3092, cid=1831, seq=0, Watch-ALL(17), Message:<EMPTY>
2019-09-24 12:11:24,397 DEBUG impl.UnorderedAsync (UnorderedAsync.java:lambda$sendRequestWithRetry$4(77)) - client-CFB50CAB4D08: attempt #1 receive~ RaftClientReply:client-CFB50CAB4D08->s2@group-6E85041A3092, cid=1830, SUCCESS, logIndex=0, commits[s2:c65, s0:c0, s1:c56]
2019-09-24 12:11:24,397 DEBUG impl.UnorderedAsync (UnorderedAsync.java:sendRequestWithRetry(74)) - client-CFB50CAB4D08: attempt #1 send~ RaftClientRequest:client-CFB50CAB4D08->s2@group-6E85041A3092, cid=1857, seq=0, Watch-ALL_COMMITTED(23), null
2019-09-24 12:11:24,397 DEBUG impl.RaftServerImpl (RaftServerImpl.java:logAppendEntries(850)) - s0@group-6E85041A3092: receive appendEntries(s2, 1, (t:1, i:77), 63, false, commits[s2:c63, s0:c0, s1:c48], entries: (t:1, i:78), STATEMACHINELOGENTRY, client-CFB50CAB4D08, cid=1728
2019-09-24 12:11:24,398 INFO  grpc.TestWatchRequestWithGrpc (WatchRequestTests.java:get(172)) - majority-Watch(17) returns RaftClientReply:client-CFB50CAB4D08->s2@group-6E85041A3092, cid=1830, SUCCESS, logIndex=0, commits[s2:c65, s0:c0, s1:c56]
2019-09-24 12:11:24,398 DEBUG impl.RaftServerImpl (RaftServerImpl.java:submitClientRequestAsync(533)) - s2@group-6E85041A3092: receive client request(RaftClientRequest:client-CFB50CAB4D08->s2@group-6E85041A3092, cid=1832, seq=0, Watch-MAJORITY_COMMITTED(17), Message:<EMPTY>)
2019-09-24 12:11:24,398 DEBUG impl.WatchRequests (WatchRequests.java:updateIndex(142)) - s2@group-6E85041A3092-WatchRequests: update MAJORITY index from 67 to 70
2019-09-24 12:11:24,398 INFO  statemachine.SimpleStateMachine4Testing (SimpleStateMachine4Testing.java:put(198)) - s1: put 54, m41 -> (t:1, i:54), STATEMACHINELOGENTRY, client-CFB50CAB4D08, cid=1711
2019-09-24 12:11:24,399 DEBUG impl.WatchRequests (WatchRequests.java:updateIndex(142)) - s2@group-6E85041A3092-WatchRequests: update MAJORITY index from 70 to 74
2019-09-24 12:11:24,399 DEBUG impl.RaftServerImpl (LeaderState.java:addWatchReqeust(324)) - s2@group-6E85041A3092-LeaderState: addWatchRequest RaftClientRequest:client-CFB50CAB4D08->s2@group-6E85041A3092, cid=1832, seq=0, Watch-MAJORITY_COMMITTED(17), Message:<EMPTY>
2019-09-24 12:11:24,398 DEBUG impl.RaftServerImpl (RaftServerImpl.java:logAppendEntries(850)) - s0@group-6E85041A3092: receive appendEntries(s2, 1, (t:1, i:78), 64, false, commits[s2:c64, s0:c0, s1:c54], entries: (t:1, i:79), METADATAENTRY(c64)
2019-09-24 12:11:24,398 INFO  grpc.TestWatchRequestWithGrpc (WatchRequestTests.java:lambda$sendRequests$0(99)) - SEND_WATCH: message=m22, logIndex=24
2019-09-24 12:11:24,399 DEBUG impl.RaftServerImpl (RaftServerImpl.java:logAppendEntries(850)) - s0@group-6E85041A3092: receive appendEntries(s2, 1, (t:1, i:79), 65, false, commits[s2:c65, s0:c0, s1:c56], entries: (t:1, i:80), METADATAENTRY(c65)
2019-09-24 12:11:24,399 DEBUG impl.RaftServerImpl (RaftServerImpl.java:submitClientRequestAsync(533)) - s2@group-6E85041A3092: receive client request(RaftClientRequest:client-CFB50CAB4D08->s2@group-6E85041A3092, cid=1833, seq=0, Watch-ALL_COMMITTED(17), Message:<EMPTY>)
2019-09-24 12:11:24,399 DEBUG impl.RaftServerImpl (LeaderState.java:addPendingRequest(317)) - s2@group-6E85041A3092-LeaderState: addPendingRequest at RaftClientRequest:client-CFB50CAB4D08->s2@group-6E85041A3092, cid=1729, seq=60, RW, Message:6d3539, entry=(t:1, i:83), STATEMACHINELOGENTRY, client-CFB50CAB4D08, cid=1729
2019-09-24 12:11:24,399 DEBUG impl.RaftServerImpl (RaftServerImpl.java:logAppendEntries(850)) - s1@group-6E85041A3092: receive appendEntries(s2, 1, (t:1, i:80), 74, false, commits[s2:c74, s0:c0, s1:c56], entries: (t:1, i:81), METADATAENTRY(c70)
2019-09-24 12:11:24,400 INFO  statemachine.SimpleStateMachine4Testing (SimpleStateMachine4Testing.java:put(198)) - s2: put 62, m45 -> (t:1, i:62), STATEMACHINELOGENTRY, client-CFB50CAB4D08, cid=1715
2019-09-24 12:11:24,399 INFO  statemachine.SimpleStateMachine4Testing (SimpleStateMachine4Testing.java:put(198)) - s1: put 55, m42 -> (t:1, i:55), STATEMACHINELOGENTRY, client-CFB50CAB4D08, cid=1712
2019-09-24 12:11:24,400 DEBUG impl.RaftServerImpl (RaftServerImpl.java:logAppendEntries(850)) - s1@group-6E85041A3092: receive appendEntries(s2, 1, (t:1, i:81), 74, false, commits[s2:c74, s0:c0, s1:c56], entries: (t:1, i:82), METADATAENTRY(c74)
2019-09-24 12:11:24,400 DEBUG client.GrpcClientProtocolService (GrpcClientProtocolService.java:sendReply(353)) - 0-OrderedRequestStreamObserver0: sendReply seq=44, RaftClientReply:client-CFB50CAB4D08->s2@group-6E85041A3092, cid=1713, SUCCESS, logIndex=60, commits[s2:c63, s0:c0, s1:c48]
2019-09-24 12:11:24,399 DEBUG impl.RaftServerImpl (LeaderState.java:addWatchReqeust(324)) - s2@group-6E85041A3092-LeaderState: addWatchRequest RaftClientRequest:client-CFB50CAB4D08->s2@group-6E85041A3092, cid=1833, seq=0, Watch-ALL_COMMITTED(17), Message:<EMPTY>
2019-09-24 12:11:24,399 DEBUG impl.RaftServerImpl (RaftServerImpl.java:logAppendEntries(850)) - s0@group-6E85041A3092: receive appendEntries(s2, 1, (t:1, i:80), 74, false, commits[s2:c74, s0:c0, s1:c56], entries: (t:1, i:81), METADATAENTRY(c70)
2019-09-24 12:11:24,399 DEBUG impl.UnorderedAsync (UnorderedAsync.java:lambda$sendRequestWithRetry$4(77)) - client-CFB50CAB4D08: attempt #1 receive~ RaftClientReply:client-CFB50CAB4D08->s2@group-6E85041A3092, cid=1832, SUCCESS, logIndex=0, commits[s2:c74, s0:c0, s1:c56]
2019-09-24 12:11:24,399 DEBUG impl.UnorderedAsync (UnorderedAsync.java:sendRequestWithRetry(74)) - client-CFB50CAB4D08: attempt #1 send~ RaftClientRequest:client-CFB50CAB4D08->s2@group-6E85041A3092, cid=1858, seq=0, Watch(24), null
2019-09-24 12:11:24,400 DEBUG impl.RaftServerImpl (RaftServerImpl.java:logAppendEntries(850)) - s0@group-6E85041A3092: receive appendEntries(s2, 1, (t:1, i:81), 74, false, commits[s2:c74, s0:c0, s1:c56], entries: (t:1, i:82), METADATAENTRY(c74)
2019-09-24 12:11:24,400 INFO  grpc.TestWatchRequestWithGrpc (WatchRequestTests.java:get(172)) - majorityCommitted-Watch(17) returns RaftClientReply:client-CFB50CAB4D08->s2@group-6E85041A3092, cid=1832, SUCCESS, logIndex=0, commits[s2:c74, s0:c0, s1:c56]
2019-09-24 12:11:24,401 DEBUG impl.RaftServerImpl (RaftServerImpl.java:logAppendEntries(850)) - s0@group-6E85041A3092: receive appendEntries(s2, 1, (t:1, i:82), 74, false, commits[s2:c74, s0:c0, s1:c56], entries: (t:1, i:83), STATEMACHINELOGENTRY, client-CFB50CAB4D08, cid=1729
2019-09-24 12:11:24,400 DEBUG client.GrpcClientProtocolService (GrpcClientProtocolService.java:sendReply(353)) - 0-OrderedRequestStreamObserver0: sendReply seq=45, RaftClientReply:client-CFB50CAB4D08->s2@group-6E85041A3092, cid=1714, SUCCESS, logIndex=61, commits[s2:c64, s0:c0, s1:c54]
2019-09-24 12:11:24,400 DEBUG impl.RaftServerImpl (RaftServerImpl.java:submitClientRequestAsync(533)) - s2@group-6E85041A3092: receive client request(RaftClientRequest:client-CFB50CAB4D08->s2@group-6E85041A3092, cid=1834, seq=0, Watch(18), Message:<EMPTY>)
2019-09-24 12:11:24,401 DEBUG impl.RaftServerImpl (LeaderState.java:addWatchReqeust(324)) - s2@group-6E85041A3092-LeaderState: addWatchRequest RaftClientRequest:client-CFB50CAB4D08->s2@group-6E85041A3092, cid=1834, seq=0, Watch(18), Message:<EMPTY>
2019-09-24 12:11:24,400 DEBUG impl.RaftServerImpl (RaftServerImpl.java:logAppendEntries(850)) - s1@group-6E85041A3092: receive appendEntries(s2, 1, (t:1, i:82), 74, false, commits[s2:c74, s0:c0, s1:c56], entries: (t:1, i:83), STATEMACHINELOGENTRY, client-CFB50CAB4D08, cid=1729
2019-09-24 12:11:24,400 INFO  statemachine.SimpleStateMachine4Testing (SimpleStateMachine4Testing.java:put(198)) - s2: put 63, m46 -> (t:1, i:63), STATEMACHINELOGENTRY, client-CFB50CAB4D08, cid=1716
2019-09-24 12:11:24,401 DEBUG impl.RaftServerImpl (RaftServerImpl.java:submitClientRequestAsync(533)) - s2@group-6E85041A3092: receive client request(RaftClientRequest:client-CFB50CAB4D08->s2@group-6E85041A3092, cid=1835, seq=0, Watch-ALL(18), Message:<EMPTY>)
2019-09-24 12:11:24,401 DEBUG client.GrpcClientProtocolService (GrpcClientProtocolService.java:sendReply(353)) - 0-OrderedRequestStreamObserver0: sendReply seq=46, RaftClientReply:client-CFB50CAB4D08->s2@group-6E85041A3092, cid=1715, SUCCESS, logIndex=62, commits[s2:c74, s0:c0, s1:c56]
2019-09-24 12:11:24,401 INFO  grpc.TestWatchRequestWithGrpc (WatchRequestTests.java:checkMajority(230)) - checkMajority 16: receive RaftClientReply:client-CFB50CAB4D08->s2@group-6E85041A3092, cid=1686, SUCCESS, logIndex=18, commits[s2:c26, s0:c0, s1:c2]
2019-09-24 12:11:24,401 DEBUG impl.UnorderedAsync (UnorderedAsync.java:sendRequestWithRetry(74)) - client-CFB50CAB4D08: attempt #1 send~ RaftClientRequest:client-CFB50CAB4D08->s2@group-6E85041A3092, cid=1859, seq=0, Watch-ALL(24), null
2019-09-24 12:11:24,402 DEBUG impl.UnorderedAsync (UnorderedAsync.java:lambda$sendRequestWithRetry$4(77)) - client-CFB50CAB4D08: attempt #1 receive~ RaftClientReply:client-CFB50CAB4D08->s2@group-6E85041A3092, cid=1834, SUCCESS, logIndex=0, commits[s2:c74, s0:c0, s1:c56]
2019-09-24 12:11:24,402 DEBUG impl.RaftServerImpl (RaftServerImpl.java:submitClientRequestAsync(533)) - s2@group-6E85041A3092: receive client request(RaftClientRequest:client-CFB50CAB4D08->s2@group-6E85041A3092, cid=1730, seq=61, RW, Message:6d3630)
2019-09-24 12:11:24,402 INFO  statemachine.SimpleStateMachine4Testing (SimpleStateMachine4Testing.java:put(198)) - s2: put 64, m47 -> (t:1, i:64), STATEMACHINELOGENTRY, client-CFB50CAB4D08, cid=1717
2019-09-24 12:11:24,401 DEBUG impl.RaftServerImpl (LeaderState.java:addWatchReqeust(324)) - s2@group-6E85041A3092-LeaderState: addWatchRequest RaftClientRequest:client-CFB50CAB4D08->s2@group-6E85041A3092, cid=1835, seq=0, Watch-ALL(18), Message:<EMPTY>
2019-09-24 12:11:24,402 DEBUG impl.RaftServerImpl (LeaderState.java:addPendingRequest(317)) - s2@group-6E85041A3092-LeaderState: addPendingRequest at RaftClientRequest:client-CFB50CAB4D08->s2@group-6E85041A3092, cid=1730, seq=61, RW, Message:6d3630, entry=(t:1, i:84), STATEMACHINELOGENTRY, client-CFB50CAB4D08, cid=1730
2019-09-24 12:11:24,402 INFO  grpc.TestWatchRequestWithGrpc (WatchRequestTests.java:get(172)) - majority-Watch(18) returns RaftClientReply:client-CFB50CAB4D08->s2@group-6E85041A3092, cid=1834, SUCCESS, logIndex=0, commits[s2:c74, s0:c0, s1:c56]
2019-09-24 12:11:24,402 DEBUG impl.UnorderedAsync (UnorderedAsync.java:sendRequestWithRetry(74)) - client-CFB50CAB4D08: attempt #1 send~ RaftClientRequest:client-CFB50CAB4D08->s2@group-6E85041A3092, cid=1860, seq=0, Watch-MAJORITY_COMMITTED(24), null
2019-09-24 12:11:24,403 DEBUG impl.RaftServerImpl (RaftServerImpl.java:logAppendEntries(850)) - s0@group-6E85041A3092: receive appendEntries(s2, 1, (t:1, i:83), 74, false, commits[s2:c74, s0:c0, s1:c56], entries: (t:1, i:84), STATEMACHINELOGENTRY, client-CFB50CAB4D08, cid=1730
2019-09-24 12:11:24,403 INFO  statemachine.SimpleStateMachine4Testing (SimpleStateMachine4Testing.java:put(198)) - s2: put 65, m48 -> (t:1, i:65), STATEMACHINELOGENTRY, client-CFB50CAB4D08, cid=1718
2019-09-24 12:11:24,403 DEBUG client.GrpcClientProtocolService (GrpcClientProtocolService.java:sendReply(353)) - 0-OrderedRequestStreamObserver0: sendReply seq=47, RaftClientReply:client-CFB50CAB4D08->s2@group-6E85041A3092, cid=1716, SUCCESS, logIndex=63, commits[s2:c74, s0:c0, s1:c56]
2019-09-24 12:11:24,402 DEBUG impl.RaftServerImpl (RaftServerImpl.java:submitClientRequestAsync(533)) - s2@group-6E85041A3092: receive client request(RaftClientRequest:client-CFB50CAB4D08->s2@group-6E85041A3092, cid=1836, seq=0, Watch-MAJORITY_COMMITTED(18), Message:<EMPTY>)
2019-09-24 12:11:24,403 INFO  statemachine.SimpleStateMachine4Testing (SimpleStateMachine4Testing.java:put(198)) - s2: put 68, m49 -> (t:1, i:68), STATEMACHINELOGENTRY, client-CFB50CAB4D08, cid=1719
2019-09-24 12:11:24,403 DEBUG impl.UnorderedAsync (UnorderedAsync.java:sendRequestWithRetry(74)) - client-CFB50CAB4D08: attempt #1 send~ RaftClientRequest:client-CFB50CAB4D08->s2@group-6E85041A3092, cid=1861, seq=0, Watch-ALL_COMMITTED(24), null
2019-09-24 12:11:24,403 INFO  statemachine.SimpleStateMachine4Testing (SimpleStateMachine4Testing.java:put(198)) - s2: put 69, m50 -> (t:1, i:69), STATEMACHINELOGENTRY, client-CFB50CAB4D08, cid=1720
2019-09-24 12:11:24,404 INFO  grpc.TestWatchRequestWithGrpc (WatchRequestTests.java:lambda$sendRequests$0(99)) - SEND_WATCH: message=m23, logIndex=25
2019-09-24 12:11:24,403 DEBUG impl.RaftServerImpl (RaftServerImpl.java:logAppendEntries(850)) - s1@group-6E85041A3092: receive appendEntries(s2, 1, (t:1, i:83), 74, false, commits[s2:c74, s0:c0, s1:c56], entries: (t:1, i:84), STATEMACHINELOGENTRY, client-CFB50CAB4D08, cid=1730
2019-09-24 12:11:24,404 DEBUG impl.UnorderedAsync (UnorderedAsync.java:sendRequestWithRetry(74)) - client-CFB50CAB4D08: attempt #1 send~ RaftClientRequest:client-CFB50CAB4D08->s2@group-6E85041A3092, cid=1862, seq=0, Watch(25), null
2019-09-24 12:11:24,404 DEBUG client.GrpcClientProtocolService (GrpcClientProtocolService.java:sendReply(353)) - 0-OrderedRequestStreamObserver0: sendReply seq=48, RaftClientReply:client-CFB50CAB4D08->s2@group-6E85041A3092, cid=1717, SUCCESS, logIndex=64, commits[s2:c74, s0:c0, s1:c56]
2019-09-24 12:11:24,404 INFO  statemachine.SimpleStateMachine4Testing (SimpleStateMachine4Testing.java:put(198)) - s2: put 70, m51 -> (t:1, i:70), STATEMACHINELOGENTRY, client-CFB50CAB4D08, cid=1721
2019-09-24 12:11:24,403 DEBUG impl.RaftServerImpl (RaftServerImpl.java:logAppendEntries(850)) - s1@group-6E85041A3092: succeeded to handle AppendEntries. Reply: s2<-s1#86:OK,SUCCESS,nextIndex:76,term:1,followerCommit:56
2019-09-24 12:11:24,403 DEBUG impl.RaftServerImpl (LeaderState.java:addWatchReqeust(324)) - s2@group-6E85041A3092-LeaderState: addWatchRequest RaftClientRequest:client-CFB50CAB4D08->s2@group-6E85041A3092, cid=1836, seq=0, Watch-MAJORITY_COMMITTED(18), Message:<EMPTY>
2019-09-24 12:11:24,404 DEBUG client.GrpcClientProtocolService (GrpcClientProtocolService.java:sendReply(353)) - 0-OrderedRequestStreamObserver0: sendReply seq=49, RaftClientReply:client-CFB50CAB4D08->s2@group-6E85041A3092, cid=1718, SUCCESS, logIndex=65, commits[s2:c74, s0:c0, s1:c56]
2019-09-24 12:11:24,404 INFO  statemachine.SimpleStateMachine4Testing (SimpleStateMachine4Testing.java:put(198)) - s2: put 71, m52 -> (t:1, i:71), STATEMACHINELOGENTRY, client-CFB50CAB4D08, cid=1722
2019-09-24 12:11:24,404 DEBUG impl.RaftServerImpl (RaftServerImpl.java:submitClientRequestAsync(533)) - s2@group-6E85041A3092: receive client request(RaftClientRequest:client-CFB50CAB4D08->s2@group-6E85041A3092, cid=1837, seq=0, Watch-ALL_COMMITTED(18), Message:<EMPTY>)
2019-09-24 12:11:24,404 DEBUG impl.UnorderedAsync (UnorderedAsync.java:sendRequestWithRetry(74)) - client-CFB50CAB4D08: attempt #1 send~ RaftClientRequest:client-CFB50CAB4D08->s2@group-6E85041A3092, cid=1863, seq=0, Watch-ALL(25), null
2019-09-24 12:11:24,405 INFO  statemachine.SimpleStateMachine4Testing (SimpleStateMachine4Testing.java:put(198)) - s2: put 72, m53 -> (t:1, i:72), STATEMACHINELOGENTRY, client-CFB50CAB4D08, cid=1723
2019-09-24 12:11:24,405 DEBUG impl.WatchRequests (WatchRequests.java:updateIndex(142)) - s2@group-6E85041A3092-WatchRequests: update MAJORITY index from 74 to 75
2019-09-24 12:11:24,405 DEBUG impl.RaftServerImpl (RaftServerImpl.java:submitClientRequestAsync(533)) - s2@group-6E85041A3092: receive client request(RaftClientRequest:client-CFB50CAB4D08->s2@group-6E85041A3092, cid=1731, seq=62, RW, Message:6d3631)
2019-09-24 12:11:24,405 DEBUG impl.RaftServerImpl (LeaderState.java:addWatchReqeust(324)) - s2@group-6E85041A3092-LeaderState: addWatchRequest RaftClientRequest:client-CFB50CAB4D08->s2@group-6E85041A3092, cid=1837, seq=0, Watch-ALL_COMMITTED(18), Message:<EMPTY>
2019-09-24 12:11:24,405 DEBUG impl.RaftServerImpl (RaftServerImpl.java:logAppendEntries(850)) - s1@group-6E85041A3092: receive appendEntries(s2, 1, (t:1, i:84), 75, false, commits[s2:c75, s0:c0, s1:c56], entries: (t:1, i:85), METADATAENTRY(c75)
2019-09-24 12:11:24,405 DEBUG impl.RaftServerImpl (LeaderState.java:addPendingRequest(317)) - s2@group-6E85041A3092-LeaderState: addPendingRequest at RaftClientRequest:client-CFB50CAB4D08->s2@group-6E85041A3092, cid=1731, seq=62, RW, Message:6d3631, entry=(t:1, i:86), STATEMACHINELOGENTRY, client-CFB50CAB4D08, cid=1731
2019-09-24 12:11:24,405 INFO  statemachine.SimpleStateMachine4Testing (SimpleStateMachine4Testing.java:put(198)) - s2: put 73, m54 -> (t:1, i:73), STATEMACHINELOGENTRY, client-CFB50CAB4D08, cid=1724
2019-09-24 12:11:24,405 DEBUG impl.UnorderedAsync (UnorderedAsync.java:sendRequestWithRetry(74)) - client-CFB50CAB4D08: attempt #1 send~ RaftClientRequest:client-CFB50CAB4D08->s2@group-6E85041A3092, cid=1864, seq=0, Watch-MAJORITY_COMMITTED(25), null
2019-09-24 12:11:24,406 INFO  statemachine.SimpleStateMachine4Testing (SimpleStateMachine4Testing.java:put(198)) - s2: put 74, m55 -> (t:1, i:74), STATEMACHINELOGENTRY, client-CFB50CAB4D08, cid=1725
2019-09-24 12:11:24,406 DEBUG impl.RaftServerImpl (RaftServerImpl.java:submitClientRequestAsync(533)) - s2@group-6E85041A3092: receive client request(RaftClientRequest:client-CFB50CAB4D08->s2@group-6E85041A3092, cid=1732, seq=63, RW, Message:6d3632)
2019-09-24 12:11:24,406 DEBUG impl.UnorderedAsync (UnorderedAsync.java:lambda$sendRequestWithRetry$4(77)) - client-CFB50CAB4D08: attempt #1 receive~ RaftClientReply:client-CFB50CAB4D08->s2@group-6E85041A3092, cid=1836, SUCCESS, logIndex=0, commits[s2:c74, s0:c0, s1:c56]
2019-09-24 12:11:24,406 DEBUG impl.RaftServerImpl (LeaderState.java:addPendingRequest(317)) - s2@group-6E85041A3092-LeaderState: addPendingRequest at RaftClientRequest:client-CFB50CAB4D08->s2@group-6E85041A3092, cid=1732, seq=63, RW, Message:6d3632, entry=(t:1, i:87), STATEMACHINELOGENTRY, client-CFB50CAB4D08, cid=1732
2019-09-24 12:11:24,405 DEBUG impl.RaftServerImpl (RaftServerImpl.java:submitClientRequestAsync(533)) - s2@group-6E85041A3092: receive client request(RaftClientRequest:client-CFB50CAB4D08->s2@group-6E85041A3092, cid=1838, seq=0, Watch(19), Message:<EMPTY>)
2019-09-24 12:11:24,405 DEBUG impl.RaftServerImpl (RaftServerImpl.java:logAppendEntries(850)) - s0@group-6E85041A3092: receive appendEntries(s2, 1, (t:1, i:84), 75, false, commits[s2:c75, s0:c0, s1:c56], entries: (t:1, i:85), METADATAENTRY(c75)
2019-09-24 12:11:24,406 DEBUG impl.RaftServerImpl (LeaderState.java:addWatchReqeust(324)) - s2@group-6E85041A3092-LeaderState: addWatchRequest RaftClientRequest:client-CFB50CAB4D08->s2@group-6E85041A3092, cid=1838, seq=0, Watch(19), Message:<EMPTY>
2019-09-24 12:11:24,406 DEBUG impl.RaftServerImpl (RaftServerImpl.java:submitClientRequestAsync(533)) - s2@group-6E85041A3092: receive client request(RaftClientRequest:client-CFB50CAB4D08->s2@group-6E85041A3092, cid=1733, seq=64, RW, Message:6d3633)
2019-09-24 12:11:24,406 INFO  grpc.TestWatchRequestWithGrpc (WatchRequestTests.java:get(172)) - majorityCommitted-Watch(18) returns RaftClientReply:client-CFB50CAB4D08->s2@group-6E85041A3092, cid=1836, SUCCESS, logIndex=0, commits[s2:c74, s0:c0, s1:c56]
2019-09-24 12:11:24,406 INFO  statemachine.SimpleStateMachine4Testing (SimpleStateMachine4Testing.java:put(198)) - s2: put 75, m56 -> (t:1, i:75), STATEMACHINELOGENTRY, client-CFB50CAB4D08, cid=1726
2019-09-24 12:11:24,406 DEBUG impl.UnorderedAsync (UnorderedAsync.java:sendRequestWithRetry(74)) - client-CFB50CAB4D08: attempt #1 send~ RaftClientRequest:client-CFB50CAB4D08->s2@group-6E85041A3092, cid=1865, seq=0, Watch-ALL_COMMITTED(25), null
2019-09-24 12:11:24,406 DEBUG impl.RaftServerImpl (RaftServerImpl.java:logAppendEntries(850)) - s1@group-6E85041A3092: receive appendEntries(s2, 1, (t:1, i:85), 75, false, commits[s2:c75, s0:c0, s1:c56], entries: (t:1, i:86), STATEMACHINELOGENTRY, client-CFB50CAB4D08, cid=1731
2019-09-24 12:11:24,407 INFO  grpc.TestWatchRequestWithGrpc (WatchRequestTests.java:checkMajority(230)) - checkMajority 17: receive RaftClientReply:client-CFB50CAB4D08->s2@group-6E85041A3092, cid=1687, SUCCESS, logIndex=19, commits[s2:c26, s0:c0, s1:c2]
2019-09-24 12:11:24,407 DEBUG impl.RaftServerImpl (LeaderState.java:addPendingRequest(317)) - s2@group-6E85041A3092-LeaderState: addPendingRequest at RaftClientRequest:client-CFB50CAB4D08->s2@group-6E85041A3092, cid=1733, seq=64, RW, Message:6d3633, entry=(t:1, i:88), STATEMACHINELOGENTRY, client-CFB50CAB4D08, cid=1733
2019-09-24 12:11:24,407 DEBUG impl.RaftServerImpl (RaftServerImpl.java:submitClientRequestAsync(533)) - s2@group-6E85041A3092: receive client request(RaftClientRequest:client-CFB50CAB4D08->s2@group-6E85041A3092, cid=1839, seq=0, Watch-ALL(19), Message:<EMPTY>)
2019-09-24 12:11:24,407 DEBUG impl.RaftServerImpl (RaftServerImpl.java:logAppendEntries(850)) - s0@group-6E85041A3092: receive appendEntries(s2, 1, (t:1, i:85), 75, false, commits[s2:c75, s0:c0, s1:c56], entries: (t:1, i:86), STATEMACHINELOGENTRY, client-CFB50CAB4D08, cid=1731
2019-09-24 12:11:24,408 DEBUG impl.RaftServerImpl (LeaderState.java:addWatchReqeust(324)) - s2@group-6E85041A3092-LeaderState: addWatchRequest RaftClientRequest:client-CFB50CAB4D08->s2@group-6E85041A3092, cid=1839, seq=0, Watch-ALL(19), Message:<EMPTY>
2019-09-24 12:11:24,408 DEBUG impl.RaftServerImpl (RaftServerImpl.java:submitClientRequestAsync(533)) - s2@group-6E85041A3092: receive client request(RaftClientRequest:client-CFB50CAB4D08->s2@group-6E85041A3092, cid=1734, seq=65, RW, Message:6d3634)
2019-09-24 12:11:24,407 DEBUG impl.RaftServerImpl (RaftServerImpl.java:logAppendEntries(850)) - s1@group-6E85041A3092: receive appendEntries(s2, 1, (t:1, i:86), 75, false, commits[s2:c75, s0:c0, s1:c56], entries: (t:1, i:87), STATEMACHINELOGENTRY, client-CFB50CAB4D08, cid=1732
2019-09-24 12:11:24,407 DEBUG impl.UnorderedAsync (UnorderedAsync.java:lambda$sendRequestWithRetry$4(77)) - client-CFB50CAB4D08: attempt #1 receive~ RaftClientReply:client-CFB50CAB4D08->s2@group-6E85041A3092, cid=1838, SUCCESS, logIndex=0, commits[s2:c75, s0:c0, s1:c56]
2019-09-24 12:11:24,407 INFO  grpc.TestWatchRequestWithGrpc (WatchRequestTests.java:lambda$sendRequests$0(99)) - SEND_WATCH: message=m24, logIndex=26
2019-09-24 12:11:24,408 DEBUG impl.RaftServerImpl (RaftServerImpl.java:logAppendEntries(850)) - s1@group-6E85041A3092: receive appendEntries(s2, 1, (t:1, i:87), 75, false, commits[s2:c75, s0:c0, s1:c56], entries: (t:1, i:88), STATEMACHINELOGENTRY, client-CFB50CAB4D08, cid=1733
2019-09-24 12:11:24,408 INFO  grpc.TestWatchRequestWithGrpc (WatchRequestTests.java:get(172)) - majority-Watch(19) returns RaftClientReply:client-CFB50CAB4D08->s2@group-6E85041A3092, cid=1838, SUCCESS, logIndex=0, commits[s2:c75, s0:c0, s1:c56]
2019-09-24 12:11:24,408 DEBUG impl.RaftServerImpl (LeaderState.java:addPendingRequest(317)) - s2@group-6E85041A3092-LeaderState: addPendingRequest at RaftClientRequest:client-CFB50CAB4D08->s2@group-6E85041A3092, cid=1734, seq=65, RW, Message:6d3634, entry=(t:1, i:89), STATEMACHINELOGENTRY, client-CFB50CAB4D08, cid=1734
2019-09-24 12:11:24,408 DEBUG impl.RaftServerImpl (RaftServerImpl.java:submitClientRequestAsync(533)) - s2@group-6E85041A3092: receive client request(RaftClientRequest:client-CFB50CAB4D08->s2@group-6E85041A3092, cid=1840, seq=0, Watch-MAJORITY_COMMITTED(19), Message:<EMPTY>)
2019-09-24 12:11:24,408 DEBUG impl.RaftServerImpl (RaftServerImpl.java:logAppendEntries(850)) - s0@group-6E85041A3092: receive appendEntries(s2, 1, (t:1, i:86), 75, false, commits[s2:c75, s0:c0, s1:c56], entries: (t:1, i:87), STATEMACHINELOGENTRY, client-CFB50CAB4D08, cid=1732
2019-09-24 12:11:24,409 DEBUG impl.RaftServerImpl (RaftServerImpl.java:logAppendEntries(850)) - s1@group-6E85041A3092: receive appendEntries(s2, 1, (t:1, i:88), 75, false, commits[s2:c75, s0:c0, s1:c56], entries: (t:1, i:89), STATEMACHINELOGENTRY, client-CFB50CAB4D08, cid=1734
2019-09-24 12:11:24,409 DEBUG impl.RaftServerImpl (RaftServerImpl.java:logAppendEntries(850)) - s0@group-6E85041A3092: receive appendEntries(s2, 1, (t:1, i:87), 75, false, commits[s2:c75, s0:c0, s1:c56], entries: (t:1, i:88), STATEMACHINELOGENTRY, client-CFB50CAB4D08, cid=1733
2019-09-24 12:11:24,409 DEBUG impl.RaftServerImpl (LeaderState.java:addWatchReqeust(324)) - s2@group-6E85041A3092-LeaderState: addWatchRequest RaftClientRequest:client-CFB50CAB4D08->s2@group-6E85041A3092, cid=1840, seq=0, Watch-MAJORITY_COMMITTED(19), Message:<EMPTY>
2019-09-24 12:11:24,409 DEBUG impl.RaftServerImpl (RaftServerImpl.java:submitClientRequestAsync(533)) - s2@group-6E85041A3092: receive client request(RaftClientRequest:client-CFB50CAB4D08->s2@group-6E85041A3092, cid=1735, seq=66, RW, Message:6d3635)
2019-09-24 12:11:24,408 DEBUG impl.UnorderedAsync (UnorderedAsync.java:sendRequestWithRetry(74)) - client-CFB50CAB4D08: attempt #1 send~ RaftClientRequest:client-CFB50CAB4D08->s2@group-6E85041A3092, cid=1866, seq=0, Watch(26), null
2019-09-24 12:11:24,410 DEBUG impl.RaftServerImpl (LeaderState.java:addPendingRequest(317)) - s2@group-6E85041A3092-LeaderState: addPendingRequest at RaftClientRequest:client-CFB50CAB4D08->s2@group-6E85041A3092, cid=1735, seq=66, RW, Message:6d3635, entry=(t:1, i:90), STATEMACHINELOGENTRY, client-CFB50CAB4D08, cid=1735
2019-09-24 12:11:24,410 DEBUG impl.RaftServerImpl (RaftServerImpl.java:submitClientRequestAsync(533)) - s2@group-6E85041A3092: receive client request(RaftClientRequest:client-CFB50CAB4D08->s2@group-6E85041A3092, cid=1841, seq=0, Watch-ALL_COMMITTED(19), Message:<EMPTY>)
2019-09-24 12:11:24,409 DEBUG impl.RaftServerImpl (RaftServerImpl.java:logAppendEntries(850)) - s0@group-6E85041A3092: receive appendEntries(s2, 1, (t:1, i:88), 75, false, commits[s2:c75, s0:c0, s1:c56], entries: (t:1, i:89), STATEMACHINELOGENTRY, client-CFB50CAB4D08, cid=1734
2019-09-24 12:11:24,410 DEBUG impl.RaftServerImpl (RaftServerImpl.java:logAppendEntries(850)) - s1@group-6E85041A3092: receive appendEntries(s2, 1, (t:1, i:89), 75, false, commits[s2:c75, s0:c0, s1:c56], entries: (t:1, i:90), STATEMACHINELOGENTRY, client-CFB50CAB4D08, cid=1735
2019-09-24 12:11:24,410 DEBUG impl.RaftServerImpl (LeaderState.java:addWatchReqeust(324)) - s2@group-6E85041A3092-LeaderState: addWatchRequest RaftClientRequest:client-CFB50CAB4D08->s2@group-6E85041A3092, cid=1841, seq=0, Watch-ALL_COMMITTED(19), Message:<EMPTY>
2019-09-24 12:11:24,410 DEBUG client.GrpcClientProtocolService (GrpcClientProtocolService.java:sendReply(353)) - 0-OrderedRequestStreamObserver0: sendReply seq=50, RaftClientReply:client-CFB50CAB4D08->s2@group-6E85041A3092, cid=1719, SUCCESS, logIndex=68, commits[s2:c74, s0:c0, s1:c56]
2019-09-24 12:11:24,410 DEBUG impl.UnorderedAsync (UnorderedAsync.java:sendRequestWithRetry(74)) - client-CFB50CAB4D08: attempt #1 send~ RaftClientRequest:client-CFB50CAB4D08->s2@group-6E85041A3092, cid=1867, seq=0, Watch-ALL(26), null
2019-09-24 12:11:24,411 DEBUG impl.RaftServerImpl (RaftServerImpl.java:submitClientRequestAsync(533)) - s2@group-6E85041A3092: receive client request(RaftClientRequest:client-CFB50CAB4D08->s2@group-6E85041A3092, cid=1842, seq=0, Watch(20), Message:<EMPTY>)
2019-09-24 12:11:24,410 DEBUG impl.UnorderedAsync (UnorderedAsync.java:lambda$sendRequestWithRetry$4(77)) - client-CFB50CAB4D08: attempt #1 receive~ RaftClientReply:client-CFB50CAB4D08->s2@group-6E85041A3092, cid=1840, SUCCESS, logIndex=0, commits[s2:c75, s0:c0, s1:c56]
2019-09-24 12:11:24,410 DEBUG impl.RaftServerImpl (RaftServerImpl.java:logAppendEntries(850)) - s0@group-6E85041A3092: receive appendEntries(s2, 1, (t:1, i:89), 75, false, commits[s2:c75, s0:c0, s1:c56], entries: (t:1, i:90), STATEMACHINELOGENTRY, client-CFB50CAB4D08, cid=1735
2019-09-24 12:11:24,411 INFO  grpc.TestWatchRequestWithGrpc (WatchRequestTests.java:get(172)) - majorityCommitted-Watch(19) returns RaftClientReply:client-CFB50CAB4D08->s2@group-6E85041A3092, cid=1840, SUCCESS, logIndex=0, commits[s2:c75, s0:c0, s1:c56]
2019-09-24 12:11:24,411 DEBUG impl.RaftServerImpl (LeaderState.java:addWatchReqeust(324)) - s2@group-6E85041A3092-LeaderState: addWatchRequest RaftClientRequest:client-CFB50CAB4D08->s2@group-6E85041A3092, cid=1842, seq=0, Watch(20), Message:<EMPTY>
2019-09-24 12:11:24,411 DEBUG impl.UnorderedAsync (UnorderedAsync.java:sendRequestWithRetry(74)) - client-CFB50CAB4D08: attempt #1 send~ RaftClientRequest:client-CFB50CAB4D08->s2@group-6E85041A3092, cid=1868, seq=0, Watch-MAJORITY_COMMITTED(26), null
2019-09-24 12:11:24,411 DEBUG impl.RaftServerImpl (RaftServerImpl.java:submitClientRequestAsync(533)) - s2@group-6E85041A3092: receive client request(RaftClientRequest:client-CFB50CAB4D08->s2@group-6E85041A3092, cid=1843, seq=0, Watch-ALL(20), Message:<EMPTY>)
2019-09-24 12:11:24,411 DEBUG client.GrpcClientProtocolService (GrpcClientProtocolService.java:sendReply(353)) - 0-OrderedRequestStreamObserver0: sendReply seq=51, RaftClientReply:client-CFB50CAB4D08->s2@group-6E85041A3092, cid=1720, SUCCESS, logIndex=69, commits[s2:c74, s0:c0, s1:c56]
2019-09-24 12:11:24,412 DEBUG impl.RaftServerImpl (LeaderState.java:addWatchReqeust(324)) - s2@group-6E85041A3092-LeaderState: addWatchRequest RaftClientRequest:client-CFB50CAB4D08->s2@group-6E85041A3092, cid=1843, seq=0, Watch-ALL(20), Message:<EMPTY>
2019-09-24 12:11:24,412 DEBUG impl.UnorderedAsync (UnorderedAsync.java:lambda$sendRequestWithRetry$4(77)) - client-CFB50CAB4D08: attempt #1 receive~ RaftClientReply:client-CFB50CAB4D08->s2@group-6E85041A3092, cid=1842, SUCCESS, logIndex=0, commits[s2:c75, s0:c0, s1:c56]
2019-09-24 12:11:24,411 DEBUG impl.UnorderedAsync (UnorderedAsync.java:sendRequestWithRetry(74)) - client-CFB50CAB4D08: attempt #1 send~ RaftClientRequest:client-CFB50CAB4D08->s2@group-6E85041A3092, cid=1869, seq=0, Watch-ALL_COMMITTED(26), null
2019-09-24 12:11:24,411 INFO  grpc.TestWatchRequestWithGrpc (WatchRequestTests.java:checkMajority(230)) - checkMajority 18: receive RaftClientReply:client-CFB50CAB4D08->s2@group-6E85041A3092, cid=1688, SUCCESS, logIndex=20, commits[s2:c26, s0:c0, s1:c2]
2019-09-24 12:11:24,412 DEBUG impl.RaftServerImpl (RaftServerImpl.java:submitClientRequestAsync(533)) - s2@group-6E85041A3092: receive client request(RaftClientRequest:client-CFB50CAB4D08->s2@group-6E85041A3092, cid=1844, seq=0, Watch-MAJORITY_COMMITTED(20), Message:<EMPTY>)
2019-09-24 12:11:24,412 DEBUG client.GrpcClientProtocolService (GrpcClientProtocolService.java:sendReply(353)) - 0-OrderedRequestStreamObserver0: sendReply seq=52, RaftClientReply:client-CFB50CAB4D08->s2@group-6E85041A3092, cid=1721, SUCCESS, logIndex=70, commits[s2:c74, s0:c0, s1:c56]
2019-09-24 12:11:24,412 DEBUG impl.RaftServerImpl (LeaderState.java:addWatchReqeust(324)) - s2@group-6E85041A3092-LeaderState: addWatchRequest RaftClientRequest:client-CFB50CAB4D08->s2@group-6E85041A3092, cid=1844, seq=0, Watch-MAJORITY_COMMITTED(20), Message:<EMPTY>
2019-09-24 12:11:24,412 INFO  grpc.TestWatchRequestWithGrpc (WatchRequestTests.java:lambda$sendRequests$0(99)) - SEND_WATCH: message=m25, logIndex=27
2019-09-24 12:11:24,412 INFO  grpc.TestWatchRequestWithGrpc (WatchRequestTests.java:get(172)) - majority-Watch(20) returns RaftClientReply:client-CFB50CAB4D08->s2@group-6E85041A3092, cid=1842, SUCCESS, logIndex=0, commits[s2:c75, s0:c0, s1:c56]
2019-09-24 12:11:24,413 DEBUG impl.RaftServerImpl (RaftServerImpl.java:submitClientRequestAsync(533)) - s2@group-6E85041A3092: receive client request(RaftClientRequest:client-CFB50CAB4D08->s2@group-6E85041A3092, cid=1845, seq=0, Watch-ALL_COMMITTED(20), Message:<EMPTY>)
2019-09-24 12:11:24,413 DEBUG impl.UnorderedAsync (UnorderedAsync.java:sendRequestWithRetry(74)) - client-CFB50CAB4D08: attempt #1 send~ RaftClientRequest:client-CFB50CAB4D08->s2@group-6E85041A3092, cid=1870, seq=0, Watch(27), null
2019-09-24 12:11:24,412 DEBUG client.GrpcClientProtocolService (GrpcClientProtocolService.java:sendReply(353)) - 0-OrderedRequestStreamObserver0: sendReply seq=53, RaftClientReply:client-CFB50CAB4D08->s2@group-6E85041A3092, cid=1722, SUCCESS, logIndex=71, commits[s2:c74, s0:c0, s1:c56]
2019-09-24 12:11:24,413 DEBUG impl.UnorderedAsync (UnorderedAsync.java:sendRequestWithRetry(74)) - client-CFB50CAB4D08: attempt #1 send~ RaftClientRequest:client-CFB50CAB4D08->s2@group-6E85041A3092, cid=1871, seq=0, Watch-ALL(27), null
2019-09-24 12:11:24,413 DEBUG impl.UnorderedAsync (UnorderedAsync.java:lambda$sendRequestWithRetry$4(77)) - client-CFB50CAB4D08: attempt #1 receive~ RaftClientReply:client-CFB50CAB4D08->s2@group-6E85041A3092, cid=1844, SUCCESS, logIndex=0, commits[s2:c75, s0:c0, s1:c56]
2019-09-24 12:11:24,413 DEBUG impl.RaftServerImpl (LeaderState.java:addWatchReqeust(324)) - s2@group-6E85041A3092-LeaderState: addWatchRequest RaftClientRequest:client-CFB50CAB4D08->s2@group-6E85041A3092, cid=1845, seq=0, Watch-ALL_COMMITTED(20), Message:<EMPTY>
2019-09-24 12:11:24,413 INFO  grpc.TestWatchRequestWithGrpc (WatchRequestTests.java:get(172)) - majorityCommitted-Watch(20) returns RaftClientReply:client-CFB50CAB4D08->s2@group-6E85041A3092, cid=1844, SUCCESS, logIndex=0, commits[s2:c75, s0:c0, s1:c56]
2019-09-24 12:11:24,413 DEBUG impl.UnorderedAsync (UnorderedAsync.java:sendRequestWithRetry(74)) - client-CFB50CAB4D08: attempt #1 send~ RaftClientRequest:client-CFB50CAB4D08->s2@group-6E85041A3092, cid=1872, seq=0, Watch-MAJORITY_COMMITTED(27), null
2019-09-24 12:11:24,413 DEBUG client.GrpcClientProtocolService (GrpcClientProtocolService.java:sendReply(353)) - 0-OrderedRequestStreamObserver0: sendReply seq=54, RaftClientReply:client-CFB50CAB4D08->s2@group-6E85041A3092, cid=1723, SUCCESS, logIndex=72, commits[s2:c75, s0:c0, s1:c56]
2019-09-24 12:11:24,414 DEBUG impl.UnorderedAsync (UnorderedAsync.java:sendRequestWithRetry(74)) - client-CFB50CAB4D08: attempt #1 send~ RaftClientRequest:client-CFB50CAB4D08->s2@group-6E85041A3092, cid=1873, seq=0, Watch-ALL_COMMITTED(27), null
2019-09-24 12:11:24,414 INFO  grpc.TestWatchRequestWithGrpc (WatchRequestTests.java:checkMajority(230)) - checkMajority 19: receive RaftClientReply:client-CFB50CAB4D08->s2@group-6E85041A3092, cid=1689, SUCCESS, logIndex=21, commits[s2:c26, s0:c0, s1:c2]
2019-09-24 12:11:24,413 DEBUG impl.RaftServerImpl (RaftServerImpl.java:submitClientRequestAsync(533)) - s2@group-6E85041A3092: receive client request(RaftClientRequest:client-CFB50CAB4D08->s2@group-6E85041A3092, cid=1846, seq=0, Watch(21), Message:<EMPTY>)
2019-09-24 12:11:24,414 INFO  grpc.TestWatchRequestWithGrpc (WatchRequestTests.java:lambda$sendRequests$0(99)) - SEND_WATCH: message=m26, logIndex=36
2019-09-24 12:11:24,414 DEBUG impl.RaftServerImpl (RaftServerImpl.java:submitClientRequestAsync(533)) - s2@group-6E85041A3092: receive client request(RaftClientRequest:client-CFB50CAB4D08->s2@group-6E85041A3092, cid=1736, seq=67, RW, Message:6d3636)
2019-09-24 12:11:24,414 DEBUG impl.UnorderedAsync (UnorderedAsync.java:sendRequestWithRetry(74)) - client-CFB50CAB4D08: attempt #1 send~ RaftClientRequest:client-CFB50CAB4D08->s2@group-6E85041A3092, cid=1874, seq=0, Watch(36), null
2019-09-24 12:11:24,414 DEBUG impl.RaftServerImpl (LeaderState.java:addWatchReqeust(324)) - s2@group-6E85041A3092-LeaderState: addWatchRequest RaftClientRequest:client-CFB50CAB4D08->s2@group-6E85041A3092, cid=1846, seq=0, Watch(21), Message:<EMPTY>
2019-09-24 12:11:24,414 DEBUG impl.UnorderedAsync (UnorderedAsync.java:sendRequestWithRetry(74)) - client-CFB50CAB4D08: attempt #1 send~ RaftClientRequest:client-CFB50CAB4D08->s2@group-6E85041A3092, cid=1875, seq=0, Watch-ALL(36), null
2019-09-24 12:11:24,414 DEBUG impl.RaftServerImpl (LeaderState.java:addPendingRequest(317)) - s2@group-6E85041A3092-LeaderState: addPendingRequest at RaftClientRequest:client-CFB50CAB4D08->s2@group-6E85041A3092, cid=1736, seq=67, RW, Message:6d3636, entry=(t:1, i:91), STATEMACHINELOGENTRY, client-CFB50CAB4D08, cid=1736
2019-09-24 12:11:24,415 DEBUG impl.UnorderedAsync (UnorderedAsync.java:sendRequestWithRetry(74)) - client-CFB50CAB4D08: attempt #1 send~ RaftClientRequest:client-CFB50CAB4D08->s2@group-6E85041A3092, cid=1876, seq=0, Watch-MAJORITY_COMMITTED(36), null
2019-09-24 12:11:24,415 DEBUG impl.RaftServerImpl (RaftServerImpl.java:submitClientRequestAsync(533)) - s2@group-6E85041A3092: receive client request(RaftClientRequest:client-CFB50CAB4D08->s2@group-6E85041A3092, cid=1847, seq=0, Watch-ALL(21), Message:<EMPTY>)
2019-09-24 12:11:24,415 DEBUG impl.RaftServerImpl (LeaderState.java:addWatchReqeust(324)) - s2@group-6E85041A3092-LeaderState: addWatchRequest RaftClientRequest:client-CFB50CAB4D08->s2@group-6E85041A3092, cid=1847, seq=0, Watch-ALL(21), Message:<EMPTY>
2019-09-24 12:11:24,415 DEBUG impl.RaftServerImpl (RaftServerImpl.java:logAppendEntries(850)) - s0@group-6E85041A3092: receive appendEntries(s2, 1, (t:1, i:90), 75, false, commits[s2:c75, s0:c0, s1:c56], entries: (t:1, i:91), STATEMACHINELOGENTRY, client-CFB50CAB4D08, cid=1736
2019-09-24 12:11:24,415 DEBUG impl.RaftServerImpl (RaftServerImpl.java:submitClientRequestAsync(533)) - s2@group-6E85041A3092: receive client request(RaftClientRequest:client-CFB50CAB4D08->s2@group-6E85041A3092, cid=1737, seq=68, RW, Message:6d3637)
2019-09-24 12:11:24,415 DEBUG impl.UnorderedAsync (UnorderedAsync.java:sendRequestWithRetry(74)) - client-CFB50CAB4D08: attempt #1 send~ RaftClientRequest:client-CFB50CAB4D08->s2@group-6E85041A3092, cid=1877, seq=0, Watch-ALL_COMMITTED(36), null
2019-09-24 12:11:24,416 DEBUG impl.RaftServerImpl (LeaderState.java:addPendingRequest(317)) - s2@group-6E85041A3092-LeaderState: addPendingRequest at RaftClientRequest:client-CFB50CAB4D08->s2@group-6E85041A3092, cid=1737, seq=68, RW, Message:6d3637, entry=(t:1, i:92), STATEMACHINELOGENTRY, client-CFB50CAB4D08, cid=1737
2019-09-24 12:11:24,415 DEBUG impl.RaftServerImpl (RaftServerImpl.java:submitClientRequestAsync(533)) - s2@group-6E85041A3092: receive client request(RaftClientRequest:client-CFB50CAB4D08->s2@group-6E85041A3092, cid=1848, seq=0, Watch-MAJORITY_COMMITTED(21), Message:<EMPTY>)
2019-09-24 12:11:24,415 DEBUG impl.RaftServerImpl (RaftServerImpl.java:logAppendEntries(850)) - s1@group-6E85041A3092: receive appendEntries(s2, 1, (t:1, i:90), 75, false, commits[s2:c75, s0:c0, s1:c56], entries: (t:1, i:91), STATEMACHINELOGENTRY, client-CFB50CAB4D08, cid=1736
2019-09-24 12:11:24,415 DEBUG impl.UnorderedAsync (UnorderedAsync.java:lambda$sendRequestWithRetry$4(77)) - client-CFB50CAB4D08: attempt #1 receive~ RaftClientReply:client-CFB50CAB4D08->s2@group-6E85041A3092, cid=1846, SUCCESS, logIndex=0, commits[s2:c75, s0:c0, s1:c56]
2019-09-24 12:11:24,416 DEBUG impl.RaftServerImpl (RaftServerImpl.java:logAppendEntries(850)) - s0@group-6E85041A3092: receive appendEntries(s2, 1, (t:1, i:91), 75, false, commits[s2:c75, s0:c0, s1:c56], entries: (t:1, i:92), STATEMACHINELOGENTRY, client-CFB50CAB4D08, cid=1737
2019-09-24 12:11:24,416 DEBUG impl.RaftServerImpl (LeaderState.java:addWatchReqeust(324)) - s2@group-6E85041A3092-LeaderState: addWatchRequest RaftClientRequest:client-CFB50CAB4D08->s2@group-6E85041A3092, cid=1848, seq=0, Watch-MAJORITY_COMMITTED(21), Message:<EMPTY>
2019-09-24 12:11:24,416 DEBUG impl.RaftServerImpl (RaftServerImpl.java:logAppendEntries(850)) - s1@group-6E85041A3092: succeeded to handle AppendEntries. Reply: s2<-s1#90:OK,SUCCESS,nextIndex:80,term:1,followerCommit:64
2019-09-24 12:11:24,416 DEBUG impl.RaftServerImpl (RaftServerImpl.java:submitClientRequestAsync(533)) - s2@group-6E85041A3092: receive client request(RaftClientRequest:client-CFB50CAB4D08->s2@group-6E85041A3092, cid=1738, seq=69, RW, Message:6d3638)
2019-09-24 12:11:24,417 DEBUG impl.RaftServerImpl (RaftServerImpl.java:logAppendEntries(850)) - s1@group-6E85041A3092: succeeded to handle AppendEntries. Reply: s2<-s1#92:OK,SUCCESS,nextIndex:82,term:1,followerCommit:74
2019-09-24 12:11:24,416 INFO  grpc.TestWatchRequestWithGrpc (WatchRequestTests.java:lambda$sendRequests$0(99)) - SEND_WATCH: message=m27, logIndex=37
2019-09-24 12:11:24,417 DEBUG impl.RaftServerImpl (RaftServerImpl.java:logAppendEntries(850)) - s1@group-6E85041A3092: succeeded to handle AppendEntries. Reply: s2<-s1#93:OK,SUCCESS,nextIndex:83,term:1,followerCommit:74
2019-09-24 12:11:24,417 DEBUG impl.RaftServerImpl (RaftServerImpl.java:submitClientRequestAsync(533)) - s2@group-6E85041A3092: receive client request(RaftClientRequest:client-CFB50CAB4D08->s2@group-6E85041A3092, cid=1849, seq=0, Watch-ALL_COMMITTED(21), Message:<EMPTY>)
2019-09-24 12:11:24,417 DEBUG impl.RaftServerImpl (LeaderState.java:addPendingRequest(317)) - s2@group-6E85041A3092-LeaderState: addPendingRequest at RaftClientRequest:client-CFB50CAB4D08->s2@group-6E85041A3092, cid=1738, seq=69, RW, Message:6d3638, entry=(t:1, i:93), STATEMACHINELOGENTRY, client-CFB50CAB4D08, cid=1738
2019-09-24 12:11:24,416 DEBUG impl.RaftServerImpl (RaftServerImpl.java:logAppendEntries(850)) - s1@group-6E85041A3092: succeeded to handle AppendEntries. Reply: s2<-s1#91:OK,SUCCESS,nextIndex:81,term:1,followerCommit:65
2019-09-24 12:11:24,416 DEBUG impl.RaftServerImpl (RaftServerImpl.java:logAppendEntries(850)) - s1@group-6E85041A3092: succeeded to handle AppendEntries. Reply: s2<-s1#89:OK,SUCCESS,nextIndex:79,term:1,followerCommit:63
2019-09-24 12:11:24,416 INFO  statemachine.SimpleStateMachine4Testing (SimpleStateMachine4Testing.java:put(198)) - s1: put 60, m43 -> (t:1, i:60), STATEMACHINELOGENTRY, client-CFB50CAB4D08, cid=1713
2019-09-24 12:11:24,416 DEBUG impl.RaftServerImpl (RaftServerImpl.java:logAppendEntries(850)) - s1@group-6E85041A3092: succeeded to handle AppendEntries. Reply: s2<-s1#88:OK,SUCCESS,nextIndex:78,term:1,followerCommit:63
2019-09-24 12:11:24,416 DEBUG impl.RaftServerImpl (RaftServerImpl.java:logAppendEntries(850)) - s1@group-6E85041A3092: receive appendEntries(s2, 1, (t:1, i:91), 75, false, commits[s2:c75, s0:c0, s1:c56], entries: (t:1, i:92), STATEMACHINELOGENTRY, client-CFB50CAB4D08, cid=1737
2019-09-24 12:11:24,416 DEBUG impl.RaftServerImpl (RaftServerImpl.java:logAppendEntries(850)) - s1@group-6E85041A3092: succeeded to handle AppendEntries. Reply: s2<-s1#87:OK,SUCCESS,nextIndex:77,term:1,followerCommit:56
2019-09-24 12:11:24,416 INFO  grpc.TestWatchRequestWithGrpc (WatchRequestTests.java:get(172)) - majority-Watch(21) returns RaftClientReply:client-CFB50CAB4D08->s2@group-6E85041A3092, cid=1846, SUCCESS, logIndex=0, commits[s2:c75, s0:c0, s1:c56]
2019-09-24 12:11:24,418 DEBUG impl.RaftServerImpl (RaftServerImpl.java:logAppendEntries(850)) - s1@group-6E85041A3092: receive appendEntries(s2, 1, (t:1, i:92), 75, false, commits[s2:c75, s0:c0, s1:c56], entries: (t:1, i:93), STATEMACHINELOGENTRY, client-CFB50CAB4D08, cid=1738
2019-09-24 12:11:24,418 INFO  statemachine.SimpleStateMachine4Testing (SimpleStateMachine4Testing.java:put(198)) - s1: put 61, m44 -> (t:1, i:61), STATEMACHINELOGENTRY, client-CFB50CAB4D08, cid=1714
2019-09-24 12:11:24,417 DEBUG impl.RaftServerImpl (RaftServerImpl.java:logAppendEntries(850)) - s0@group-6E85041A3092: receive appendEntries(s2, 1, (t:1, i:92), 75, false, commits[s2:c75, s0:c0, s1:c56], entries: (t:1, i:93), STATEMACHINELOGENTRY, client-CFB50CAB4D08, cid=1738
2019-09-24 12:11:24,418 INFO  statemachine.SimpleStateMachine4Testing (SimpleStateMachine4Testing.java:put(198)) - s2: put 76, m57 -> (t:1, i:76), STATEMACHINELOGENTRY, client-CFB50CAB4D08, cid=1727
2019-09-24 12:11:24,417 DEBUG client.GrpcClientProtocolService (GrpcClientProtocolService.java:sendReply(353)) - 0-OrderedRequestStreamObserver0: sendReply seq=55, RaftClientReply:client-CFB50CAB4D08->s2@group-6E85041A3092, cid=1724, SUCCESS, logIndex=73, commits[s2:c75, s0:c0, s1:c56]
2019-09-24 12:11:24,417 DEBUG impl.UnorderedAsync (UnorderedAsync.java:lambda$sendRequestWithRetry$4(77)) - client-CFB50CAB4D08: attempt #1 receive~ RaftClientReply:client-CFB50CAB4D08->s2@group-6E85041A3092, cid=1848, SUCCESS, logIndex=0, commits[s2:c75, s0:c0, s1:c56]
2019-09-24 12:11:24,417 DEBUG impl.RaftServerImpl (LeaderState.java:addWatchReqeust(324)) - s2@group-6E85041A3092-LeaderState: addWatchRequest RaftClientRequest:client-CFB50CAB4D08->s2@group-6E85041A3092, cid=1849, seq=0, Watch-ALL_COMMITTED(21), Message:<EMPTY>
2019-09-24 12:11:24,417 DEBUG impl.RaftServerImpl (RaftServerImpl.java:logAppendEntries(850)) - s1@group-6E85041A3092: succeeded to handle AppendEntries. Reply: s2<-s1#94:OK,SUCCESS,nextIndex:84,term:1,followerCommit:74
2019-09-24 12:11:24,417 DEBUG impl.UnorderedAsync (UnorderedAsync.java:sendRequestWithRetry(74)) - client-CFB50CAB4D08: attempt #1 send~ RaftClientRequest:client-CFB50CAB4D08->s2@group-6E85041A3092, cid=1878, seq=0, Watch(37), null
2019-09-24 12:11:24,419 DEBUG impl.RaftServerImpl (RaftServerImpl.java:submitClientRequestAsync(533)) - s2@group-6E85041A3092: receive client request(RaftClientRequest:client-CFB50CAB4D08->s2@group-6E85041A3092, cid=1850, seq=0, Watch(22), Message:<EMPTY>)
2019-09-24 12:11:24,419 INFO  grpc.TestWatchRequestWithGrpc (WatchRequestTests.java:get(172)) - majorityCommitted-Watch(21) returns RaftClientReply:client-CFB50CAB4D08->s2@group-6E85041A3092, cid=1848, SUCCESS, logIndex=0, commits[s2:c75, s0:c0, s1:c56]
2019-09-24 12:11:24,418 DEBUG impl.WatchRequests (WatchRequests.java:updateIndex(142)) - s2@group-6E85041A3092-WatchRequests: update MAJORITY_COMMITTED index from 56 to 63
2019-09-24 12:11:24,418 DEBUG impl.WatchRequests (WatchRequests.java:updateIndex(142)) - s2@group-6E85041A3092-WatchRequests: update MAJORITY index from 75 to 76
2019-09-24 12:11:24,418 INFO  statemachine.SimpleStateMachine4Testing (SimpleStateMachine4Testing.java:put(198)) - s1: put 62, m45 -> (t:1, i:62), STATEMACHINELOGENTRY, client-CFB50CAB4D08, cid=1715
2019-09-24 12:11:24,420 DEBUG impl.WatchRequests (WatchRequests.java:updateIndex(142)) - s2@group-6E85041A3092-WatchRequests: update MAJORITY index from 76 to 78
2019-09-24 12:11:24,420 INFO  statemachine.SimpleStateMachine4Testing (SimpleStateMachine4Testing.java:put(198)) - s1: put 63, m46 -> (t:1, i:63), STATEMACHINELOGENTRY, client-CFB50CAB4D08, cid=1716
2019-09-24 12:11:24,420 DEBUG impl.RaftServerImpl (RaftServerImpl.java:logAppendEntries(850)) - s1@group-6E85041A3092: succeeded to handle AppendEntries. Reply: s2<-s1#98:OK,SUCCESS,nextIndex:88,term:1,followerCommit:75
2019-09-24 12:11:24,419 DEBUG impl.RaftServerImpl (RaftServerImpl.java:logAppendEntries(850)) - s1@group-6E85041A3092: succeeded to handle AppendEntries. Reply: s2<-s1#97:OK,SUCCESS,nextIndex:87,term:1,followerCommit:75
2019-09-24 12:11:24,420 DEBUG impl.RaftServerImpl (RaftServerImpl.java:logAppendEntries(850)) - s1@group-6E85041A3092: succeeded to handle AppendEntries. Reply: s2<-s1#102:OK,SUCCESS,nextIndex:92,term:1,followerCommit:75
2019-09-24 12:11:24,419 DEBUG impl.RaftServerImpl (RaftServerImpl.java:logAppendEntries(850)) - s1@group-6E85041A3092: succeeded to handle AppendEntries. Reply: s2<-s1#96:OK,SUCCESS,nextIndex:86,term:1,followerCommit:75
2019-09-24 12:11:24,419 DEBUG impl.RaftServerImpl (RaftServerImpl.java:logAppendEntries(850)) - s1@group-6E85041A3092: succeeded to handle AppendEntries. Reply: s2<-s1#95:OK,SUCCESS,nextIndex:85,term:1,followerCommit:74
2019-09-24 12:11:24,419 INFO  grpc.TestWatchRequestWithGrpc (WatchRequestTests.java:checkMajority(230)) - checkMajority 20: receive RaftClientReply:client-CFB50CAB4D08->s2@group-6E85041A3092, cid=1690, SUCCESS, logIndex=22, commits[s2:c26, s0:c0, s1:c2]
2019-09-24 12:11:24,419 DEBUG impl.RaftServerImpl (LeaderState.java:addWatchReqeust(324)) - s2@group-6E85041A3092-LeaderState: addWatchRequest RaftClientRequest:client-CFB50CAB4D08->s2@group-6E85041A3092, cid=1850, seq=0, Watch(22), Message:<EMPTY>
2019-09-24 12:11:24,419 DEBUG client.GrpcClientProtocolService (GrpcClientProtocolService.java:sendReply(353)) - 0-OrderedRequestStreamObserver0: sendReply seq=56, RaftClientReply:client-CFB50CAB4D08->s2@group-6E85041A3092, cid=1725, SUCCESS, logIndex=74, commits[s2:c75, s0:c0, s1:c56]
2019-09-24 12:11:24,419 DEBUG impl.UnorderedAsync (UnorderedAsync.java:sendRequestWithRetry(74)) - client-CFB50CAB4D08: attempt #1 send~ RaftClientRequest:client-CFB50CAB4D08->s2@group-6E85041A3092, cid=1879, seq=0, Watch-ALL(37), null
2019-09-24 12:11:24,421 DEBUG client.GrpcClientProtocolService (GrpcClientProtocolService.java:sendReply(353)) - 0-OrderedRequestStreamObserver0: sendReply seq=57, RaftClientReply:client-CFB50CAB4D08->s2@group-6E85041A3092, cid=1726, SUCCESS, logIndex=75, commits[s2:c75, s0:c0, s1:c56]
2019-09-24 12:11:24,421 DEBUG impl.RaftServerImpl (RaftServerImpl.java:submitClientRequestAsync(533)) - s2@group-6E85041A3092: receive client request(RaftClientRequest:client-CFB50CAB4D08->s2@group-6E85041A3092, cid=1851, seq=0, Watch-ALL(22), Message:<EMPTY>)
2019-09-24 12:11:24,420 DEBUG impl.RaftServerImpl (RaftServerImpl.java:logAppendEntries(850)) - s1@group-6E85041A3092: succeeded to handle AppendEntries. Reply: s2<-s1#101:OK,SUCCESS,nextIndex:91,term:1,followerCommit:75
2019-09-24 12:11:24,420 DEBUG impl.RaftServerImpl (RaftServerImpl.java:logAppendEntries(850)) - s1@group-6E85041A3092: succeeded to handle AppendEntries. Reply: s2<-s1#100:OK,SUCCESS,nextIndex:90,term:1,followerCommit:75
2019-09-24 12:11:24,421 DEBUG impl.UnorderedAsync (UnorderedAsync.java:lambda$sendRequestWithRetry$4(77)) - client-CFB50CAB4D08: attempt #1 receive~ RaftClientReply:client-CFB50CAB4D08->s2@group-6E85041A3092, cid=1850, SUCCESS, logIndex=0, commits[s2:c78, s0:c0, s1:c64]
2019-09-24 12:11:24,420 INFO  statemachine.SimpleStateMachine4Testing (SimpleStateMachine4Testing.java:put(198)) - s1: put 64, m47 -> (t:1, i:64), STATEMACHINELOGENTRY, client-CFB50CAB4D08, cid=1717
2019-09-24 12:11:24,421 INFO  grpc.TestWatchRequestWithGrpc (WatchRequestTests.java:get(172)) - majority-Watch(22) returns RaftClientReply:client-CFB50CAB4D08->s2@group-6E85041A3092, cid=1850, SUCCESS, logIndex=0, commits[s2:c78, s0:c0, s1:c64]
2019-09-24 12:11:24,420 DEBUG impl.RaftServerImpl (RaftServerImpl.java:logAppendEntries(850)) - s0@group-6E85041A3092: receive appendEntries(s2, 1, (t:1, i:93), 78, false, commits[s2:c78, s0:c0, s1:c63], entries: (t:1, i:94), METADATAENTRY(c76)
2019-09-24 12:11:24,420 DEBUG impl.RaftServerImpl (RaftServerImpl.java:logAppendEntries(850)) - s1@group-6E85041A3092: receive appendEntries(s2, 1, (t:1, i:93), 76, false, commits[s2:c76, s0:c0, s1:c63], entries: (t:1, i:94), METADATAENTRY(c76)
2019-09-24 12:11:24,422 DEBUG impl.RaftServerImpl (RaftServerImpl.java:logAppendEntries(850)) - s0@group-6E85041A3092: receive appendEntries(s2, 1, (t:1, i:94), 78, false, commits[s2:c78, s0:c0, s1:c64], entries: (t:1, i:95), METADATAENTRY(c78)
2019-09-24 12:11:24,420 DEBUG impl.RaftServerImpl (RaftServerImpl.java:logAppendEntries(850)) - s1@group-6E85041A3092: succeeded to handle AppendEntries. Reply: s2<-s1#99:OK,SUCCESS,nextIndex:89,term:1,followerCommit:75
2019-09-24 12:11:24,420 DEBUG impl.WatchRequests (WatchRequests.java:updateIndex(142)) - s2@group-6E85041A3092-WatchRequests: update MAJORITY_COMMITTED index from 63 to 64
2019-09-24 12:11:24,422 DEBUG impl.RaftServerImpl (RaftServerImpl.java:logAppendEntries(850)) - s1@group-6E85041A3092: receive appendEntries(s2, 1, (t:1, i:94), 78, false, commits[s2:c78, s0:c0, s1:c64], entries: (t:1, i:95), METADATAENTRY(c78)
2019-09-24 12:11:24,421 DEBUG impl.RaftServerImpl (RaftServerImpl.java:logAppendEntries(850)) - s1@group-6E85041A3092: succeeded to handle AppendEntries. Reply: s2<-s1#104:OK,SUCCESS,nextIndex:94,term:1,followerCommit:75
2019-09-24 12:11:24,421 INFO  statemachine.SimpleStateMachine4Testing (SimpleStateMachine4Testing.java:put(198)) - s1: put 65, m48 -> (t:1, i:65), STATEMACHINELOGENTRY, client-CFB50CAB4D08, cid=1718
2019-09-24 12:11:24,421 DEBUG impl.RaftServerImpl (RaftServerImpl.java:logAppendEntries(850)) - s1@group-6E85041A3092: succeeded to handle AppendEntries. Reply: s2<-s1#103:OK,SUCCESS,nextIndex:93,term:1,followerCommit:75
2019-09-24 12:11:24,421 DEBUG impl.RaftServerImpl (LeaderState.java:addWatchReqeust(324)) - s2@group-6E85041A3092-LeaderState: addWatchRequest RaftClientRequest:client-CFB50CAB4D08->s2@group-6E85041A3092, cid=1851, seq=0, Watch-ALL(22), Message:<EMPTY>
2019-09-24 12:11:24,421 DEBUG impl.RaftServerImpl (RaftServerImpl.java:submitClientRequestAsync(533)) - s2@group-6E85041A3092: receive client request(RaftClientRequest:client-CFB50CAB4D08->s2@group-6E85041A3092, cid=1739, seq=70, RW, Message:6d3639)
2019-09-24 12:11:24,421 DEBUG impl.UnorderedAsync (UnorderedAsync.java:sendRequestWithRetry(74)) - client-CFB50CAB4D08: attempt #1 send~ RaftClientRequest:client-CFB50CAB4D08->s2@group-6E85041A3092, cid=1880, seq=0, Watch-MAJORITY_COMMITTED(37), null
2019-09-24 12:11:24,422 DEBUG impl.RaftServerImpl (RaftServerImpl.java:submitClientRequestAsync(533)) - s2@group-6E85041A3092: receive client request(RaftClientRequest:client-CFB50CAB4D08->s2@group-6E85041A3092, cid=1852, seq=0, Watch-MAJORITY_COMMITTED(22), Message:<EMPTY>)
2019-09-24 12:11:24,422 INFO  statemachine.SimpleStateMachine4Testing (SimpleStateMachine4Testing.java:put(198)) - s1: put 68, m49 -> (t:1, i:68), STATEMACHINELOGENTRY, client-CFB50CAB4D08, cid=1719
2019-09-24 12:11:24,422 DEBUG impl.WatchRequests (WatchRequests.java:updateIndex(142)) - s2@group-6E85041A3092-WatchRequests: update MAJORITY_COMMITTED index from 64 to 65
2019-09-24 12:11:24,422 DEBUG impl.WatchRequests (WatchRequests.java:updateIndex(142)) - s2@group-6E85041A3092-WatchRequests: update MAJORITY index from 78 to 79
2019-09-24 12:11:24,423 INFO  statemachine.SimpleStateMachine4Testing (SimpleStateMachine4Testing.java:put(198)) - s1: put 69, m50 -> (t:1, i:69), STATEMACHINELOGENTRY, client-CFB50CAB4D08, cid=1720
2019-09-24 12:11:24,423 DEBUG impl.RaftServerImpl (LeaderState.java:addWatchReqeust(324)) - s2@group-6E85041A3092-LeaderState: addWatchRequest RaftClientRequest:client-CFB50CAB4D08->s2@group-6E85041A3092, cid=1852, seq=0, Watch-MAJORITY_COMMITTED(22), Message:<EMPTY>
2019-09-24 12:11:24,423 DEBUG impl.UnorderedAsync (UnorderedAsync.java:sendRequestWithRetry(74)) - client-CFB50CAB4D08: attempt #1 send~ RaftClientRequest:client-CFB50CAB4D08->s2@group-6E85041A3092, cid=1881, seq=0, Watch-ALL_COMMITTED(37), null
2019-09-24 12:11:24,423 INFO  statemachine.SimpleStateMachine4Testing (SimpleStateMachine4Testing.java:put(198)) - s1: put 70, m51 -> (t:1, i:70), STATEMACHINELOGENTRY, client-CFB50CAB4D08, cid=1721
2019-09-24 12:11:24,423 DEBUG impl.WatchRequests (WatchRequests.java:updateIndex(142)) - s2@group-6E85041A3092-WatchRequests: update MAJORITY_COMMITTED index from 65 to 74
2019-09-24 12:11:24,423 DEBUG impl.WatchRequests (WatchRequests.java:updateIndex(142)) - s2@group-6E85041A3092-WatchRequests: update MAJORITY index from 79 to 80
2019-09-24 12:11:24,423 INFO  grpc.TestWatchRequestWithGrpc (WatchRequestTests.java:lambda$sendRequests$0(99)) - SEND_WATCH: message=m28, logIndex=38
2019-09-24 12:11:24,423 INFO  statemachine.SimpleStateMachine4Testing (SimpleStateMachine4Testing.java:put(198)) - s1: put 71, m52 -> (t:1, i:71), STATEMACHINELOGENTRY, client-CFB50CAB4D08, cid=1722
2019-09-24 12:11:24,423 DEBUG impl.RaftServerImpl (RaftServerImpl.java:submitClientRequestAsync(533)) - s2@group-6E85041A3092: receive client request(RaftClientRequest:client-CFB50CAB4D08->s2@group-6E85041A3092, cid=1853, seq=0, Watch-ALL_COMMITTED(22), Message:<EMPTY>)
2019-09-24 12:11:24,424 INFO  statemachine.SimpleStateMachine4Testing (SimpleStateMachine4Testing.java:put(198)) - s1: put 72, m53 -> (t:1, i:72), STATEMACHINELOGENTRY, client-CFB50CAB4D08, cid=1723
2019-09-24 12:11:24,424 DEBUG impl.WatchRequests (WatchRequests.java:updateIndex(142)) - s2@group-6E85041A3092-WatchRequests: update MAJORITY_COMMITTED index from 74 to 75
2019-09-24 12:11:24,424 DEBUG impl.UnorderedAsync (UnorderedAsync.java:lambda$sendRequestWithRetry$4(77)) - client-CFB50CAB4D08: attempt #1 receive~ RaftClientReply:client-CFB50CAB4D08->s2@group-6E85041A3092, cid=1852, SUCCESS, logIndex=0, commits[s2:c80, s0:c0, s1:c74]
2019-09-24 12:11:24,424 DEBUG impl.UnorderedAsync (UnorderedAsync.java:sendRequestWithRetry(74)) - client-CFB50CAB4D08: attempt #1 send~ RaftClientRequest:client-CFB50CAB4D08->s2@group-6E85041A3092, cid=1882, seq=0, Watch(38), null
2019-09-24 12:11:24,424 DEBUG impl.WatchRequests (WatchRequests.java:updateIndex(142)) - s2@group-6E85041A3092-WatchRequests: update MAJORITY index from 80 to 81
2019-09-24 12:11:24,424 DEBUG impl.UnorderedAsync (UnorderedAsync.java:sendRequestWithRetry(74)) - client-CFB50CAB4D08: attempt #1 send~ RaftClientRequest:client-CFB50CAB4D08->s2@group-6E85041A3092, cid=1883, seq=0, Watch-ALL(38), null
2019-09-24 12:11:24,424 INFO  grpc.TestWatchRequestWithGrpc (WatchRequestTests.java:get(172)) - majorityCommitted-Watch(22) returns RaftClientReply:client-CFB50CAB4D08->s2@group-6E85041A3092, cid=1852, SUCCESS, logIndex=0, commits[s2:c80, s0:c0, s1:c74]
2019-09-24 12:11:24,424 INFO  statemachine.SimpleStateMachine4Testing (SimpleStateMachine4Testing.java:put(198)) - s1: put 73, m54 -> (t:1, i:73), STATEMACHINELOGENTRY, client-CFB50CAB4D08, cid=1724
2019-09-24 12:11:24,424 DEBUG impl.RaftServerImpl (LeaderState.java:addWatchReqeust(324)) - s2@group-6E85041A3092-LeaderState: addWatchRequest RaftClientRequest:client-CFB50CAB4D08->s2@group-6E85041A3092, cid=1853, seq=0, Watch-ALL_COMMITTED(22), Message:<EMPTY>
2019-09-24 12:11:24,425 INFO  statemachine.SimpleStateMachine4Testing (SimpleStateMachine4Testing.java:put(198)) - s1: put 74, m55 -> (t:1, i:74), STATEMACHINELOGENTRY, client-CFB50CAB4D08, cid=1725
2019-09-24 12:11:24,425 DEBUG impl.RaftServerImpl (RaftServerImpl.java:submitClientRequestAsync(533)) - s2@group-6E85041A3092: receive client request(RaftClientRequest:client-CFB50CAB4D08->s2@group-6E85041A3092, cid=1854, seq=0, Watch(23), Message:<EMPTY>)
2019-09-24 12:11:24,425 INFO  grpc.TestWatchRequestWithGrpc (WatchRequestTests.java:checkMajority(230)) - checkMajority 21: receive RaftClientReply:client-CFB50CAB4D08->s2@group-6E85041A3092, cid=1691, SUCCESS, logIndex=23, commits[s2:c26, s0:c0, s1:c2]
2019-09-24 12:11:24,425 DEBUG impl.UnorderedAsync (UnorderedAsync.java:sendRequestWithRetry(74)) - client-CFB50CAB4D08: attempt #1 send~ RaftClientRequest:client-CFB50CAB4D08->s2@group-6E85041A3092, cid=1884, seq=0, Watch-MAJORITY_COMMITTED(38), null
2019-09-24 12:11:24,424 DEBUG impl.WatchRequests (WatchRequests.java:updateIndex(142)) - s2@group-6E85041A3092-WatchRequests: update MAJORITY index from 81 to 85
2019-09-24 12:11:24,425 DEBUG impl.UnorderedAsync (UnorderedAsync.java:sendRequestWithRetry(74)) - client-CFB50CAB4D08: attempt #1 send~ RaftClientRequest:client-CFB50CAB4D08->s2@group-6E85041A3092, cid=1885, seq=0, Watch-ALL_COMMITTED(38), null
2019-09-24 12:11:24,425 DEBUG impl.RaftServerImpl (LeaderState.java:addWatchReqeust(324)) - s2@group-6E85041A3092-LeaderState: addWatchRequest RaftClientRequest:client-CFB50CAB4D08->s2@group-6E85041A3092, cid=1854, seq=0, Watch(23), Message:<EMPTY>
2019-09-24 12:11:24,426 INFO  grpc.TestWatchRequestWithGrpc (WatchRequestTests.java:lambda$sendRequests$0(99)) - SEND_WATCH: message=m29, logIndex=40
2019-09-24 12:11:24,425 INFO  statemachine.SimpleStateMachine4Testing (SimpleStateMachine4Testing.java:put(198)) - s1: put 75, m56 -> (t:1, i:75), STATEMACHINELOGENTRY, client-CFB50CAB4D08, cid=1726
2019-09-24 12:11:24,426 DEBUG impl.RaftServerImpl (RaftServerImpl.java:submitClientRequestAsync(533)) - s2@group-6E85041A3092: receive client request(RaftClientRequest:client-CFB50CAB4D08->s2@group-6E85041A3092, cid=1855, seq=0, Watch-ALL(23), Message:<EMPTY>)
2019-09-24 12:11:24,426 DEBUG impl.UnorderedAsync (UnorderedAsync.java:sendRequestWithRetry(74)) - client-CFB50CAB4D08: attempt #1 send~ RaftClientRequest:client-CFB50CAB4D08->s2@group-6E85041A3092, cid=1886, seq=0, Watch(40), null
2019-09-24 12:11:24,425 DEBUG impl.WatchRequests (WatchRequests.java:updateIndex(142)) - s2@group-6E85041A3092-WatchRequests: update MAJORITY index from 85 to 93
2019-09-24 12:11:24,426 DEBUG impl.UnorderedAsync (UnorderedAsync.java:sendRequestWithRetry(74)) - client-CFB50CAB4D08: attempt #1 send~ RaftClientRequest:client-CFB50CAB4D08->s2@group-6E85041A3092, cid=1887, seq=0, Watch-ALL(40), null
2019-09-24 12:11:24,426 DEBUG impl.RaftServerImpl (LeaderState.java:addWatchReqeust(324)) - s2@group-6E85041A3092-LeaderState: addWatchRequest RaftClientRequest:client-CFB50CAB4D08->s2@group-6E85041A3092, cid=1855, seq=0, Watch-ALL(23), Message:<EMPTY>
2019-09-24 12:11:24,426 DEBUG impl.RaftServerImpl (RaftServerImpl.java:logAppendEntries(850)) - s1@group-6E85041A3092: receive appendEntries(s2, 1, (t:1, i:95), 93, false, commits[s2:c93, s0:c0, s1:c75], entries: (t:1, i:96), METADATAENTRY(c93)
2019-09-24 12:11:24,426 DEBUG impl.UnorderedAsync (UnorderedAsync.java:sendRequestWithRetry(74)) - client-CFB50CAB4D08: attempt #1 send~ RaftClientRequest:client-CFB50CAB4D08->s2@group-6E85041A3092, cid=1888, seq=0, Watch-MAJORITY_COMMITTED(40), null
2019-09-24 12:11:24,427 DEBUG impl.UnorderedAsync (UnorderedAsync.java:lambda$sendRequestWithRetry$4(77)) - client-CFB50CAB4D08: attempt #1 receive~ RaftClientReply:client-CFB50CAB4D08->s2@group-6E85041A3092, cid=1854, SUCCESS, logIndex=0, commits[s2:c93, s0:c0, s1:c75]
2019-09-24 12:11:24,427 DEBUG impl.RaftServerImpl (LeaderState.java:addPendingRequest(317)) - s2@group-6E85041A3092-LeaderState: addPendingRequest at RaftClientRequest:client-CFB50CAB4D08->s2@group-6E85041A3092, cid=1739, seq=70, RW, Message:6d3639, entry=(t:1, i:97), STATEMACHINELOGENTRY, client-CFB50CAB4D08, cid=1739
2019-09-24 12:11:24,427 DEBUG impl.RaftServerImpl (RaftServerImpl.java:submitClientRequestAsync(533)) - s2@group-6E85041A3092: receive client request(RaftClientRequest:client-CFB50CAB4D08->s2@group-6E85041A3092, cid=1856, seq=0, Watch-MAJORITY_COMMITTED(23), Message:<EMPTY>)
2019-09-24 12:11:24,426 DEBUG impl.RaftServerImpl (RaftServerImpl.java:logAppendEntries(850)) - s0@group-6E85041A3092: receive appendEntries(s2, 1, (t:1, i:95), 93, false, commits[s2:c93, s0:c0, s1:c75], entries: (t:1, i:96), METADATAENTRY(c93)
2019-09-24 12:11:24,426 INFO  statemachine.SimpleStateMachine4Testing (SimpleStateMachine4Testing.java:put(198)) - s2: put 78, m58 -> (t:1, i:78), STATEMACHINELOGENTRY, client-CFB50CAB4D08, cid=1728
2019-09-24 12:11:24,427 DEBUG impl.RaftServerImpl (RaftServerImpl.java:logAppendEntries(850)) - s1@group-6E85041A3092: receive appendEntries(s2, 1, (t:1, i:96), 93, false, commits[s2:c93, s0:c0, s1:c75], entries: (t:1, i:97), STATEMACHINELOGENTRY, client-CFB50CAB4D08, cid=1739
2019-09-24 12:11:24,427 DEBUG impl.RaftServerImpl (LeaderState.java:addWatchReqeust(324)) - s2@group-6E85041A3092-LeaderState: addWatchRequest RaftClientRequest:client-CFB50CAB4D08->s2@group-6E85041A3092, cid=1856, seq=0, Watch-MAJORITY_COMMITTED(23), Message:<EMPTY>
2019-09-24 12:11:24,427 DEBUG client.GrpcClientProtocolService (GrpcClientProtocolService.java:sendReply(353)) - 0-OrderedRequestStreamObserver0: sendReply seq=58, RaftClientReply:client-CFB50CAB4D08->s2@group-6E85041A3092, cid=1727, SUCCESS, logIndex=76, commits[s2:c76, s0:c0, s1:c63]
2019-09-24 12:11:24,427 INFO  grpc.TestWatchRequestWithGrpc (WatchRequestTests.java:get(172)) - majority-Watch(23) returns RaftClientReply:client-CFB50CAB4D08->s2@group-6E85041A3092, cid=1854, SUCCESS, logIndex=0, commits[s2:c93, s0:c0, s1:c75]
2019-09-24 12:11:24,427 DEBUG impl.UnorderedAsync (UnorderedAsync.java:sendRequestWithRetry(74)) - client-CFB50CAB4D08: attempt #1 send~ RaftClientRequest:client-CFB50CAB4D08->s2@group-6E85041A3092, cid=1889, seq=0, Watch-ALL_COMMITTED(40), null
2019-09-24 12:11:24,428 DEBUG impl.RaftServerImpl (RaftServerImpl.java:submitClientRequestAsync(533)) - s2@group-6E85041A3092: receive client request(RaftClientRequest:client-CFB50CAB4D08->s2@group-6E85041A3092, cid=1857, seq=0, Watch-ALL_COMMITTED(23), Message:<EMPTY>)
2019-09-24 12:11:24,428 INFO  grpc.TestWatchRequestWithGrpc (WatchRequestTests.java:lambda$sendRequests$0(99)) - SEND_WATCH: message=m30, logIndex=41
2019-09-24 12:11:24,427 INFO  statemachine.SimpleStateMachine4Testing (SimpleStateMachine4Testing.java:put(198)) - s2: put 83, m59 -> (t:1, i:83), STATEMACHINELOGENTRY, client-CFB50CAB4D08, cid=1729
2019-09-24 12:11:24,427 DEBUG impl.RaftServerImpl (RaftServerImpl.java:logAppendEntries(850)) - s0@group-6E85041A3092: receive appendEntries(s2, 1, (t:1, i:96), 93, false, commits[s2:c93, s0:c0, s1:c75], entries: (t:1, i:97), STATEMACHINELOGENTRY, client-CFB50CAB4D08, cid=1739
2019-09-24 12:11:24,428 INFO  statemachine.SimpleStateMachine4Testing (SimpleStateMachine4Testing.java:put(198)) - s2: put 84, m60 -> (t:1, i:84), STATEMACHINELOGENTRY, client-CFB50CAB4D08, cid=1730
2019-09-24 12:11:24,428 DEBUG impl.UnorderedAsync (UnorderedAsync.java:lambda$sendRequestWithRetry$4(77)) - client-CFB50CAB4D08: attempt #1 receive~ RaftClientReply:client-CFB50CAB4D08->s2@group-6E85041A3092, cid=1856, SUCCESS, logIndex=0, commits[s2:c93, s0:c0, s1:c75]
2019-09-24 12:11:24,428 DEBUG impl.UnorderedAsync (UnorderedAsync.java:sendRequestWithRetry(74)) - client-CFB50CAB4D08: attempt #1 send~ RaftClientRequest:client-CFB50CAB4D08->s2@group-6E85041A3092, cid=1890, seq=0, Watch(41), null
2019-09-24 12:11:24,428 DEBUG impl.RaftServerImpl (LeaderState.java:addWatchReqeust(324)) - s2@group-6E85041A3092-LeaderState: addWatchRequest RaftClientRequest:client-CFB50CAB4D08->s2@group-6E85041A3092, cid=1857, seq=0, Watch-ALL_COMMITTED(23), Message:<EMPTY>
2019-09-24 12:11:24,428 DEBUG client.GrpcClientProtocolService (GrpcClientProtocolService.java:sendReply(353)) - 0-OrderedRequestStreamObserver0: sendReply seq=59, RaftClientReply:client-CFB50CAB4D08->s2@group-6E85041A3092, cid=1728, SUCCESS, logIndex=78, commits[s2:c93, s0:c0, s1:c75]
2019-09-24 12:11:24,429 DEBUG impl.RaftServerImpl (RaftServerImpl.java:submitClientRequestAsync(533)) - s2@group-6E85041A3092: receive client request(RaftClientRequest:client-CFB50CAB4D08->s2@group-6E85041A3092, cid=1858, seq=0, Watch(24), Message:<EMPTY>)
2019-09-24 12:11:24,429 DEBUG impl.RaftServerImpl (LeaderState.java:addWatchReqeust(324)) - s2@group-6E85041A3092-LeaderState: addWatchRequest RaftClientRequest:client-CFB50CAB4D08->s2@group-6E85041A3092, cid=1858, seq=0, Watch(24), Message:<EMPTY>
2019-09-24 12:11:24,429 DEBUG impl.UnorderedAsync (UnorderedAsync.java:sendRequestWithRetry(74)) - client-CFB50CAB4D08: attempt #1 send~ RaftClientRequest:client-CFB50CAB4D08->s2@group-6E85041A3092, cid=1891, seq=0, Watch-ALL(41), null
2019-09-24 12:11:24,429 INFO  grpc.TestWatchRequestWithGrpc (WatchRequestTests.java:get(172)) - majorityCommitted-Watch(23) returns RaftClientReply:client-CFB50CAB4D08->s2@group-6E85041A3092, cid=1856, SUCCESS, logIndex=0, commits[s2:c93, s0:c0, s1:c75]
2019-09-24 12:11:24,429 INFO  statemachine.SimpleStateMachine4Testing (SimpleStateMachine4Testing.java:put(198)) - s2: put 86, m61 -> (t:1, i:86), STATEMACHINELOGENTRY, client-CFB50CAB4D08, cid=1731
2019-09-24 12:11:24,429 INFO  grpc.TestWatchRequestWithGrpc (WatchRequestTests.java:checkMajority(230)) - checkMajority 22: receive RaftClientReply:client-CFB50CAB4D08->s2@group-6E85041A3092, cid=1692, SUCCESS, logIndex=24, commits[s2:c26, s0:c0, s1:c2]
2019-09-24 12:11:24,429 DEBUG impl.RaftServerImpl (RaftServerImpl.java:submitClientRequestAsync(533)) - s2@group-6E85041A3092: receive client request(RaftClientRequest:client-CFB50CAB4D08->s2@group-6E85041A3092, cid=1859, seq=0, Watch-ALL(24), Message:<EMPTY>)
2019-09-24 12:11:24,429 DEBUG impl.UnorderedAsync (UnorderedAsync.java:sendRequestWithRetry(74)) - client-CFB50CAB4D08: attempt #1 send~ RaftClientRequest:client-CFB50CAB4D08->s2@group-6E85041A3092, cid=1892, seq=0, Watch-MAJORITY_COMMITTED(41), null
2019-09-24 12:11:24,429 DEBUG impl.RaftServerImpl (RaftServerImpl.java:submitClientRequestAsync(533)) - s2@group-6E85041A3092: receive client request(RaftClientRequest:client-CFB50CAB4D08->s2@group-6E85041A3092, cid=1740, seq=71, RW, Message:6d3730)
2019-09-24 12:11:24,430 DEBUG impl.UnorderedAsync (UnorderedAsync.java:sendRequestWithRetry(74)) - client-CFB50CAB4D08: attempt #1 send~ RaftClientRequest:client-CFB50CAB4D08->s2@group-6E85041A3092, cid=1893, seq=0, Watch-ALL_COMMITTED(41), null
2019-09-24 12:11:24,430 DEBUG impl.UnorderedAsync (UnorderedAsync.java:lambda$sendRequestWithRetry$4(77)) - client-CFB50CAB4D08: attempt #1 receive~ RaftClientReply:client-CFB50CAB4D08->s2@group-6E85041A3092, cid=1858, SUCCESS, logIndex=0, commits[s2:c93, s0:c0, s1:c75]
2019-09-24 12:11:24,430 DEBUG impl.RaftServerImpl (LeaderState.java:addWatchReqeust(324)) - s2@group-6E85041A3092-LeaderState: addWatchRequest RaftClientRequest:client-CFB50CAB4D08->s2@group-6E85041A3092, cid=1859, seq=0, Watch-ALL(24), Message:<EMPTY>
2019-09-24 12:11:24,430 INFO  statemachine.SimpleStateMachine4Testing (SimpleStateMachine4Testing.java:put(198)) - s2: put 87, m62 -> (t:1, i:87), STATEMACHINELOGENTRY, client-CFB50CAB4D08, cid=1732
2019-09-24 12:11:24,430 DEBUG impl.RaftServerImpl (RaftServerImpl.java:submitClientRequestAsync(533)) - s2@group-6E85041A3092: receive client request(RaftClientRequest:client-CFB50CAB4D08->s2@group-6E85041A3092, cid=1860, seq=0, Watch-MAJORITY_COMMITTED(24), Message:<EMPTY>)
2019-09-24 12:11:24,430 INFO  grpc.TestWatchRequestWithGrpc (WatchRequestTests.java:get(172)) - majority-Watch(24) returns RaftClientReply:client-CFB50CAB4D08->s2@group-6E85041A3092, cid=1858, SUCCESS, logIndex=0, commits[s2:c93, s0:c0, s1:c75]
2019-09-24 12:11:24,430 INFO  grpc.TestWatchRequestWithGrpc (WatchRequestTests.java:lambda$sendRequests$0(99)) - SEND_WATCH: message=m31, logIndex=42
2019-09-24 12:11:24,430 DEBUG impl.RaftServerImpl (LeaderState.java:addPendingRequest(317)) - s2@group-6E85041A3092-LeaderState: addPendingRequest at RaftClientRequest:client-CFB50CAB4D08->s2@group-6E85041A3092, cid=1740, seq=71, RW, Message:6d3730, entry=(t:1, i:98), STATEMACHINELOGENTRY, client-CFB50CAB4D08, cid=1740
2019-09-24 12:11:24,431 DEBUG impl.UnorderedAsync (UnorderedAsync.java:sendRequestWithRetry(74)) - client-CFB50CAB4D08: attempt #1 send~ RaftClientRequest:client-CFB50CAB4D08->s2@group-6E85041A3092, cid=1894, seq=0, Watch(42), null
2019-09-24 12:11:24,431 DEBUG impl.RaftServerImpl (RaftServerImpl.java:submitClientRequestAsync(533)) - s2@group-6E85041A3092: receive client request(RaftClientRequest:client-CFB50CAB4D08->s2@group-6E85041A3092, cid=1741, seq=72, RW, Message:6d3731)
2019-09-24 12:11:24,430 DEBUG impl.RaftServerImpl (LeaderState.java:addWatchReqeust(324)) - s2@group-6E85041A3092-LeaderState: addWatchRequest RaftClientRequest:client-CFB50CAB4D08->s2@group-6E85041A3092, cid=1860, seq=0, Watch-MAJORITY_COMMITTED(24), Message:<EMPTY>
2019-09-24 12:11:24,431 DEBUG impl.RaftServerImpl (LeaderState.java:addPendingRequest(317)) - s2@group-6E85041A3092-LeaderState: addPendingRequest at RaftClientRequest:client-CFB50CAB4D08->s2@group-6E85041A3092, cid=1741, seq=72, RW, Message:6d3731, entry=(t:1, i:99), STATEMACHINELOGENTRY, client-CFB50CAB4D08, cid=1741
2019-09-24 12:11:24,431 DEBUG impl.RaftServerImpl (RaftServerImpl.java:logAppendEntries(850)) - s0@group-6E85041A3092: receive appendEntries(s2, 1, (t:1, i:97), 93, false, commits[s2:c93, s0:c0, s1:c75], entries: (t:1, i:98), STATEMACHINELOGENTRY, client-CFB50CAB4D08, cid=1740
2019-09-24 12:11:24,431 DEBUG impl.RaftServerImpl (RaftServerImpl.java:logAppendEntries(850)) - s1@group-6E85041A3092: receive appendEntries(s2, 1, (t:1, i:97), 93, false, commits[s2:c93, s0:c0, s1:c75], entries: (t:1, i:98), STATEMACHINELOGENTRY, client-CFB50CAB4D08, cid=1740
2019-09-24 12:11:24,431 DEBUG impl.UnorderedAsync (UnorderedAsync.java:sendRequestWithRetry(74)) - client-CFB50CAB4D08: attempt #1 send~ RaftClientRequest:client-CFB50CAB4D08->s2@group-6E85041A3092, cid=1895, seq=0, Watch-ALL(42), null
2019-09-24 12:11:24,431 INFO  statemachine.SimpleStateMachine4Testing (SimpleStateMachine4Testing.java:put(198)) - s2: put 88, m63 -> (t:1, i:88), STATEMACHINELOGENTRY, client-CFB50CAB4D08, cid=1733
2019-09-24 12:11:24,432 DEBUG impl.RaftServerImpl (RaftServerImpl.java:logAppendEntries(850)) - s1@group-6E85041A3092: receive appendEntries(s2, 1, (t:1, i:98), 93, false, commits[s2:c93, s0:c0, s1:c75], entries: (t:1, i:99), STATEMACHINELOGENTRY, client-CFB50CAB4D08, cid=1741
2019-09-24 12:11:24,432 DEBUG impl.UnorderedAsync (UnorderedAsync.java:sendRequestWithRetry(74)) - client-CFB50CAB4D08: attempt #1 send~ RaftClientRequest:client-CFB50CAB4D08->s2@group-6E85041A3092, cid=1896, seq=0, Watch-MAJORITY_COMMITTED(42), null
2019-09-24 12:11:24,432 DEBUG impl.RaftServerImpl (RaftServerImpl.java:logAppendEntries(850)) - s0@group-6E85041A3092: receive appendEntries(s2, 1, (t:1, i:98), 93, false, commits[s2:c93, s0:c0, s1:c75], entries: (t:1, i:99), STATEMACHINELOGENTRY, client-CFB50CAB4D08, cid=1741
2019-09-24 12:11:24,432 DEBUG impl.RaftServerImpl (RaftServerImpl.java:submitClientRequestAsync(533)) - s2@group-6E85041A3092: receive client request(RaftClientRequest:client-CFB50CAB4D08->s2@group-6E85041A3092, cid=1742, seq=73, RW, Message:6d3732)
2019-09-24 12:11:24,431 DEBUG impl.RaftServerImpl (RaftServerImpl.java:submitClientRequestAsync(533)) - s2@group-6E85041A3092: receive client request(RaftClientRequest:client-CFB50CAB4D08->s2@group-6E85041A3092, cid=1861, seq=0, Watch-ALL_COMMITTED(24), Message:<EMPTY>)
2019-09-24 12:11:24,432 DEBUG impl.RaftServerImpl (LeaderState.java:addPendingRequest(317)) - s2@group-6E85041A3092-LeaderState: addPendingRequest at RaftClientRequest:client-CFB50CAB4D08->s2@group-6E85041A3092, cid=1742, seq=73, RW, Message:6d3732, entry=(t:1, i:100), STATEMACHINELOGENTRY, client-CFB50CAB4D08, cid=1742
2019-09-24 12:11:24,432 DEBUG impl.UnorderedAsync (UnorderedAsync.java:sendRequestWithRetry(74)) - client-CFB50CAB4D08: attempt #1 send~ RaftClientRequest:client-CFB50CAB4D08->s2@group-6E85041A3092, cid=1897, seq=0, Watch-ALL_COMMITTED(42), null
2019-09-24 12:11:24,432 INFO  statemachine.SimpleStateMachine4Testing (SimpleStateMachine4Testing.java:put(198)) - s2: put 89, m64 -> (t:1, i:89), STATEMACHINELOGENTRY, client-CFB50CAB4D08, cid=1734
2019-09-24 12:11:24,432 DEBUG impl.UnorderedAsync (UnorderedAsync.java:lambda$sendRequestWithRetry$4(77)) - client-CFB50CAB4D08: attempt #1 receive~ RaftClientReply:client-CFB50CAB4D08->s2@group-6E85041A3092, cid=1860, SUCCESS, logIndex=0, commits[s2:c93, s0:c0, s1:c75]
2019-09-24 12:11:24,433 DEBUG impl.RaftServerImpl (RaftServerImpl.java:logAppendEntries(850)) - s1@group-6E85041A3092: receive appendEntries(s2, 1, (t:1, i:99), 93, false, commits[s2:c93, s0:c0, s1:c75], entries: (t:1, i:100), STATEMACHINELOGENTRY, client-CFB50CAB4D08, cid=1742
2019-09-24 12:11:24,433 INFO  grpc.TestWatchRequestWithGrpc (WatchRequestTests.java:lambda$sendRequests$0(99)) - SEND_WATCH: message=m32, logIndex=44
2019-09-24 12:11:24,433 DEBUG impl.RaftServerImpl (RaftServerImpl.java:logAppendEntries(850)) - s0@group-6E85041A3092: receive appendEntries(s2, 1, (t:1, i:99), 93, false, commits[s2:c93, s0:c0, s1:c75], entries: (t:1, i:100), STATEMACHINELOGENTRY, client-CFB50CAB4D08, cid=1742
2019-09-24 12:11:24,433 DEBUG client.GrpcClientProtocolService (GrpcClientProtocolService.java:sendReply(353)) - 0-OrderedRequestStreamObserver0: sendReply seq=60, RaftClientReply:client-CFB50CAB4D08->s2@group-6E85041A3092, cid=1729, SUCCESS, logIndex=83, commits[s2:c93, s0:c0, s1:c75]
2019-09-24 12:11:24,433 INFO  statemachine.SimpleStateMachine4Testing (SimpleStateMachine4Testing.java:put(198)) - s1: put 76, m57 -> (t:1, i:76), STATEMACHINELOGENTRY, client-CFB50CAB4D08, cid=1727
2019-09-24 12:11:24,432 DEBUG impl.RaftServerImpl (RaftServerImpl.java:logAppendEntries(850)) - s1@group-6E85041A3092: succeeded to handle AppendEntries. Reply: s2<-s1#105:OK,SUCCESS,nextIndex:95,term:1,followerCommit:76
2019-09-24 12:11:24,432 DEBUG impl.RaftServerImpl (LeaderState.java:addWatchReqeust(324)) - s2@group-6E85041A3092-LeaderState: addWatchRequest RaftClientRequest:client-CFB50CAB4D08->s2@group-6E85041A3092, cid=1861, seq=0, Watch-ALL_COMMITTED(24), Message:<EMPTY>
2019-09-24 12:11:24,434 DEBUG impl.RaftServerImpl (RaftServerImpl.java:logAppendEntries(850)) - s1@group-6E85041A3092: succeeded to handle AppendEntries. Reply: s2<-s1#108:OK,SUCCESS,nextIndex:98,term:1,followerCommit:93
2019-09-24 12:11:24,434 DEBUG impl.RaftServerImpl (RaftServerImpl.java:logAppendEntries(850)) - s1@group-6E85041A3092: succeeded to handle AppendEntries. Reply: s2<-s1#107:OK,SUCCESS,nextIndex:97,term:1,followerCommit:93
2019-09-24 12:11:24,433 INFO  statemachine.SimpleStateMachine4Testing (SimpleStateMachine4Testing.java:put(198)) - s1: put 78, m58 -> (t:1, i:78), STATEMACHINELOGENTRY, client-CFB50CAB4D08, cid=1728
2019-09-24 12:11:24,433 DEBUG impl.RaftServerImpl (RaftServerImpl.java:logAppendEntries(850)) - s1@group-6E85041A3092: succeeded to handle AppendEntries. Reply: s2<-s1#106:OK,SUCCESS,nextIndex:96,term:1,followerCommit:78
2019-09-24 12:11:24,434 INFO  statemachine.SimpleStateMachine4Testing (SimpleStateMachine4Testing.java:put(198)) - s1: put 83, m59 -> (t:1, i:83), STATEMACHINELOGENTRY, client-CFB50CAB4D08, cid=1729
2019-09-24 12:11:24,433 DEBUG impl.UnorderedAsync (UnorderedAsync.java:sendRequestWithRetry(74)) - client-CFB50CAB4D08: attempt #1 send~ RaftClientRequest:client-CFB50CAB4D08->s2@group-6E85041A3092, cid=1898, seq=0, Watch(44), null
2019-09-24 12:11:24,433 INFO  statemachine.SimpleStateMachine4Testing (SimpleStateMachine4Testing.java:put(198)) - s2: put 90, m65 -> (t:1, i:90), STATEMACHINELOGENTRY, client-CFB50CAB4D08, cid=1735
2019-09-24 12:11:24,433 INFO  grpc.TestWatchRequestWithGrpc (WatchRequestTests.java:get(172)) - majorityCommitted-Watch(24) returns RaftClientReply:client-CFB50CAB4D08->s2@group-6E85041A3092, cid=1860, SUCCESS, logIndex=0, commits[s2:c93, s0:c0, s1:c75]
2019-09-24 12:11:24,434 DEBUG impl.UnorderedAsync (UnorderedAsync.java:sendRequestWithRetry(74)) - client-CFB50CAB4D08: attempt #1 send~ RaftClientRequest:client-CFB50CAB4D08->s2@group-6E85041A3092, cid=1899, seq=0, Watch-ALL(44), null
2019-09-24 12:11:24,434 DEBUG impl.WatchRequests (WatchRequests.java:updateIndex(142)) - s2@group-6E85041A3092-WatchRequests: update MAJORITY_COMMITTED index from 75 to 76
2019-09-24 12:11:24,434 INFO  statemachine.SimpleStateMachine4Testing (SimpleStateMachine4Testing.java:put(198)) - s1: put 84, m60 -> (t:1, i:84), STATEMACHINELOGENTRY, client-CFB50CAB4D08, cid=1730
2019-09-24 12:11:24,434 DEBUG impl.RaftServerImpl (RaftServerImpl.java:logAppendEntries(850)) - s1@group-6E85041A3092: succeeded to handle AppendEntries. Reply: s2<-s1#110:OK,SUCCESS,nextIndex:100,term:1,followerCommit:93
2019-09-24 12:11:24,434 DEBUG impl.RaftServerImpl (RaftServerImpl.java:submitClientRequestAsync(533)) - s2@group-6E85041A3092: receive client request(RaftClientRequest:client-CFB50CAB4D08->s2@group-6E85041A3092, cid=1862, seq=0, Watch(25), Message:<EMPTY>)
2019-09-24 12:11:24,434 DEBUG impl.RaftServerImpl (RaftServerImpl.java:logAppendEntries(850)) - s1@group-6E85041A3092: succeeded to handle AppendEntries. Reply: s2<-s1#109:OK,SUCCESS,nextIndex:99,term:1,followerCommit:93
2019-09-24 12:11:24,434 DEBUG client.GrpcClientProtocolService (GrpcClientProtocolService.java:sendReply(353)) - 0-OrderedRequestStreamObserver0: sendReply seq=61, RaftClientReply:client-CFB50CAB4D08->s2@group-6E85041A3092, cid=1730, SUCCESS, logIndex=84, commits[s2:c93, s0:c0, s1:c75]
2019-09-24 12:11:24,435 DEBUG impl.RaftServerImpl (LeaderState.java:addWatchReqeust(324)) - s2@group-6E85041A3092-LeaderState: addWatchRequest RaftClientRequest:client-CFB50CAB4D08->s2@group-6E85041A3092, cid=1862, seq=0, Watch(25), Message:<EMPTY>
2019-09-24 12:11:24,435 INFO  statemachine.SimpleStateMachine4Testing (SimpleStateMachine4Testing.java:put(198)) - s1: put 86, m61 -> (t:1, i:86), STATEMACHINELOGENTRY, client-CFB50CAB4D08, cid=1731
2019-09-24 12:11:24,435 DEBUG impl.WatchRequests (WatchRequests.java:updateIndex(142)) - s2@group-6E85041A3092-WatchRequests: update MAJORITY_COMMITTED index from 76 to 78
2019-09-24 12:11:24,435 DEBUG impl.WatchRequests (WatchRequests.java:updateIndex(142)) - s2@group-6E85041A3092-WatchRequests: update MAJORITY index from 93 to 94
2019-09-24 12:11:24,435 DEBUG impl.UnorderedAsync (UnorderedAsync.java:sendRequestWithRetry(74)) - client-CFB50CAB4D08: attempt #1 send~ RaftClientRequest:client-CFB50CAB4D08->s2@group-6E85041A3092, cid=1900, seq=0, Watch-MAJORITY_COMMITTED(44), null
2019-09-24 12:11:24,434 INFO  grpc.TestWatchRequestWithGrpc (WatchRequestTests.java:checkMajority(230)) - checkMajority 23: receive RaftClientReply:client-CFB50CAB4D08->s2@group-6E85041A3092, cid=1693, SUCCESS, logIndex=25, commits[s2:c26, s0:c0, s1:c2]
2019-09-24 12:11:24,434 INFO  statemachine.SimpleStateMachine4Testing (SimpleStateMachine4Testing.java:put(198)) - s2: put 91, m66 -> (t:1, i:91), STATEMACHINELOGENTRY, client-CFB50CAB4D08, cid=1736
2019-09-24 12:11:24,436 DEBUG impl.UnorderedAsync (UnorderedAsync.java:sendRequestWithRetry(74)) - client-CFB50CAB4D08: attempt #1 send~ RaftClientRequest:client-CFB50CAB4D08->s2@group-6E85041A3092, cid=1901, seq=0, Watch-ALL_COMMITTED(44), null
2019-09-24 12:11:24,436 DEBUG impl.UnorderedAsync (UnorderedAsync.java:lambda$sendRequestWithRetry$4(77)) - client-CFB50CAB4D08: attempt #1 receive~ RaftClientReply:client-CFB50CAB4D08->s2@group-6E85041A3092, cid=1862, SUCCESS, logIndex=0, commits[s2:c94, s0:c0, s1:c78]
2019-09-24 12:11:24,436 DEBUG impl.WatchRequests (WatchRequests.java:updateIndex(142)) - s2@group-6E85041A3092-WatchRequests: update MAJORITY_COMMITTED index from 78 to 93
2019-09-24 12:11:24,436 DEBUG impl.WatchRequests (WatchRequests.java:updateIndex(142)) - s2@group-6E85041A3092-WatchRequests: update MAJORITY index from 94 to 95
2019-09-24 12:11:24,435 DEBUG impl.RaftServerImpl (RaftServerImpl.java:submitClientRequestAsync(533)) - s2@group-6E85041A3092: receive client request(RaftClientRequest:client-CFB50CAB4D08->s2@group-6E85041A3092, cid=1863, seq=0, Watch-ALL(25), Message:<EMPTY>)
2019-09-24 12:11:24,435 INFO  statemachine.SimpleStateMachine4Testing (SimpleStateMachine4Testing.java:put(198)) - s1: put 87, m62 -> (t:1, i:87), STATEMACHINELOGENTRY, client-CFB50CAB4D08, cid=1732
2019-09-24 12:11:24,435 DEBUG client.GrpcClientProtocolService (GrpcClientProtocolService.java:sendReply(353)) - 0-OrderedRequestStreamObserver0: sendReply seq=62, RaftClientReply:client-CFB50CAB4D08->s2@group-6E85041A3092, cid=1731, SUCCESS, logIndex=86, commits[s2:c93, s0:c0, s1:c75]
2019-09-24 12:11:24,437 INFO  statemachine.SimpleStateMachine4Testing (SimpleStateMachine4Testing.java:put(198)) - s1: put 88, m63 -> (t:1, i:88), STATEMACHINELOGENTRY, client-CFB50CAB4D08, cid=1733
2019-09-24 12:11:24,436 DEBUG impl.RaftServerImpl (LeaderState.java:addWatchReqeust(324)) - s2@group-6E85041A3092-LeaderState: addWatchRequest RaftClientRequest:client-CFB50CAB4D08->s2@group-6E85041A3092, cid=1863, seq=0, Watch-ALL(25), Message:<EMPTY>
2019-09-24 12:11:24,436 DEBUG impl.WatchRequests (WatchRequests.java:updateIndex(142)) - s2@group-6E85041A3092-WatchRequests: update MAJORITY index from 95 to 96
2019-09-24 12:11:24,437 DEBUG impl.RaftServerImpl (RaftServerImpl.java:submitClientRequestAsync(533)) - s2@group-6E85041A3092: receive client request(RaftClientRequest:client-CFB50CAB4D08->s2@group-6E85041A3092, cid=1864, seq=0, Watch-MAJORITY_COMMITTED(25), Message:<EMPTY>)
2019-09-24 12:11:24,436 INFO  grpc.TestWatchRequestWithGrpc (WatchRequestTests.java:lambda$sendRequests$0(99)) - SEND_WATCH: message=m33, logIndex=46
2019-09-24 12:11:24,436 INFO  grpc.TestWatchRequestWithGrpc (WatchRequestTests.java:get(172)) - majority-Watch(25) returns RaftClientReply:client-CFB50CAB4D08->s2@group-6E85041A3092, cid=1862, SUCCESS, logIndex=0, commits[s2:c94, s0:c0, s1:c78]
2019-09-24 12:11:24,437 DEBUG impl.UnorderedAsync (UnorderedAsync.java:sendRequestWithRetry(74)) - client-CFB50CAB4D08: attempt #1 send~ RaftClientRequest:client-CFB50CAB4D08->s2@group-6E85041A3092, cid=1902, seq=0, Watch(46), null
2019-09-24 12:11:24,437 DEBUG impl.RaftServerImpl (LeaderState.java:addWatchReqeust(324)) - s2@group-6E85041A3092-LeaderState: addWatchRequest RaftClientRequest:client-CFB50CAB4D08->s2@group-6E85041A3092, cid=1864, seq=0, Watch-MAJORITY_COMMITTED(25), Message:<EMPTY>
2019-09-24 12:11:24,437 DEBUG impl.WatchRequests (WatchRequests.java:updateIndex(142)) - s2@group-6E85041A3092-WatchRequests: update MAJORITY index from 96 to 99
2019-09-24 12:11:24,437 DEBUG impl.RaftServerImpl (RaftServerImpl.java:submitClientRequestAsync(533)) - s2@group-6E85041A3092: receive client request(RaftClientRequest:client-CFB50CAB4D08->s2@group-6E85041A3092, cid=1743, seq=74, RW, Message:6d3733)
2019-09-24 12:11:24,437 INFO  statemachine.SimpleStateMachine4Testing (SimpleStateMachine4Testing.java:put(198)) - s1: put 89, m64 -> (t:1, i:89), STATEMACHINELOGENTRY, client-CFB50CAB4D08, cid=1734
2019-09-24 12:11:24,438 DEBUG impl.RaftServerImpl (LeaderState.java:addPendingRequest(317)) - s2@group-6E85041A3092-LeaderState: addPendingRequest at RaftClientRequest:client-CFB50CAB4D08->s2@group-6E85041A3092, cid=1743, seq=74, RW, Message:6d3733, entry=(t:1, i:102), STATEMACHINELOGENTRY, client-CFB50CAB4D08, cid=1743
2019-09-24 12:11:24,438 INFO  statemachine.SimpleStateMachine4Testing (SimpleStateMachine4Testing.java:put(198)) - s2: put 92, m67 -> (t:1, i:92), STATEMACHINELOGENTRY, client-CFB50CAB4D08, cid=1737
2019-09-24 12:11:24,438 DEBUG impl.RaftServerImpl (RaftServerImpl.java:submitClientRequestAsync(533)) - s2@group-6E85041A3092: receive client request(RaftClientRequest:client-CFB50CAB4D08->s2@group-6E85041A3092, cid=1865, seq=0, Watch-ALL_COMMITTED(25), Message:<EMPTY>)
2019-09-24 12:11:24,437 DEBUG impl.UnorderedAsync (UnorderedAsync.java:sendRequestWithRetry(74)) - client-CFB50CAB4D08: attempt #1 send~ RaftClientRequest:client-CFB50CAB4D08->s2@group-6E85041A3092, cid=1903, seq=0, Watch-ALL(46), null
2019-09-24 12:11:24,438 DEBUG impl.UnorderedAsync (UnorderedAsync.java:lambda$sendRequestWithRetry$4(77)) - client-CFB50CAB4D08: attempt #1 receive~ RaftClientReply:client-CFB50CAB4D08->s2@group-6E85041A3092, cid=1864, SUCCESS, logIndex=0, commits[s2:c99, s0:c0, s1:c93]
2019-09-24 12:11:24,438 DEBUG impl.RaftServerImpl (LeaderState.java:addWatchReqeust(324)) - s2@group-6E85041A3092-LeaderState: addWatchRequest RaftClientRequest:client-CFB50CAB4D08->s2@group-6E85041A3092, cid=1865, seq=0, Watch-ALL_COMMITTED(25), Message:<EMPTY>
2019-09-24 12:11:24,438 INFO  statemachine.SimpleStateMachine4Testing (SimpleStateMachine4Testing.java:put(198)) - s2: put 93, m68 -> (t:1, i:93), STATEMACHINELOGENTRY, client-CFB50CAB4D08, cid=1738
2019-09-24 12:11:24,438 DEBUG impl.RaftServerImpl (RaftServerImpl.java:submitClientRequestAsync(533)) - s2@group-6E85041A3092: receive client request(RaftClientRequest:client-CFB50CAB4D08->s2@group-6E85041A3092, cid=1744, seq=75, RW, Message:6d3734)
2019-09-24 12:11:24,438 DEBUG impl.RaftServerImpl (RaftServerImpl.java:logAppendEntries(850)) - s0@group-6E85041A3092: receive appendEntries(s2, 1, (t:1, i:100), 99, false, commits[s2:c99, s0:c0, s1:c93], entries: (t:1, i:101), METADATAENTRY(c99)
2019-09-24 12:11:24,438 INFO  statemachine.SimpleStateMachine4Testing (SimpleStateMachine4Testing.java:put(198)) - s1: put 90, m65 -> (t:1, i:90), STATEMACHINELOGENTRY, client-CFB50CAB4D08, cid=1735
2019-09-24 12:11:24,438 DEBUG impl.RaftServerImpl (RaftServerImpl.java:logAppendEntries(850)) - s1@group-6E85041A3092: receive appendEntries(s2, 1, (t:1, i:100), 99, false, commits[s2:c99, s0:c0, s1:c93], entries: (t:1, i:101), METADATAENTRY(c99)
2019-09-24 12:11:24,439 INFO  statemachine.SimpleStateMachine4Testing (SimpleStateMachine4Testing.java:put(198)) - s1: put 91, m66 -> (t:1, i:91), STATEMACHINELOGENTRY, client-CFB50CAB4D08, cid=1736
2019-09-24 12:11:24,439 DEBUG impl.RaftServerImpl (RaftServerImpl.java:logAppendEntries(850)) - s0@group-6E85041A3092: receive appendEntries(s2, 1, (t:1, i:101), 99, false, commits[s2:c99, s0:c0, s1:c93], entries: (t:1, i:102), STATEMACHINELOGENTRY, client-CFB50CAB4D08, cid=1743
2019-09-24 12:11:24,439 DEBUG impl.RaftServerImpl (LeaderState.java:addPendingRequest(317)) - s2@group-6E85041A3092-LeaderState: addPendingRequest at RaftClientRequest:client-CFB50CAB4D08->s2@group-6E85041A3092, cid=1744, seq=75, RW, Message:6d3734, entry=(t:1, i:103), STATEMACHINELOGENTRY, client-CFB50CAB4D08, cid=1744
2019-09-24 12:11:24,439 INFO  statemachine.SimpleStateMachine4Testing (SimpleStateMachine4Testing.java:put(198)) - s2: put 97, m69 -> (t:1, i:97), STATEMACHINELOGENTRY, client-CFB50CAB4D08, cid=1739
2019-09-24 12:11:24,439 DEBUG impl.RaftServerImpl (RaftServerImpl.java:submitClientRequestAsync(533)) - s2@group-6E85041A3092: receive client request(RaftClientRequest:client-CFB50CAB4D08->s2@group-6E85041A3092, cid=1866, seq=0, Watch(26), Message:<EMPTY>)
2019-09-24 12:11:24,439 INFO  grpc.TestWatchRequestWithGrpc (WatchRequestTests.java:get(172)) - majorityCommitted-Watch(25) returns RaftClientReply:client-CFB50CAB4D08->s2@group-6E85041A3092, cid=1864, SUCCESS, logIndex=0, commits[s2:c99, s0:c0, s1:c93]
2019-09-24 12:11:24,438 DEBUG impl.UnorderedAsync (UnorderedAsync.java:sendRequestWithRetry(74)) - client-CFB50CAB4D08: attempt #1 send~ RaftClientRequest:client-CFB50CAB4D08->s2@group-6E85041A3092, cid=1904, seq=0, Watch-MAJORITY_COMMITTED(46), null
2019-09-24 12:11:24,440 INFO  grpc.TestWatchRequestWithGrpc (WatchRequestTests.java:checkMajority(230)) - checkMajority 24: receive RaftClientReply:client-CFB50CAB4D08->s2@group-6E85041A3092, cid=1694, SUCCESS, logIndex=26, commits[s2:c26, s0:c0, s1:c2]
2019-09-24 12:11:24,440 DEBUG impl.RaftServerImpl (RaftServerImpl.java:logAppendEntries(850)) - s0@group-6E85041A3092: receive appendEntries(s2, 1, (t:1, i:102), 99, false, commits[s2:c99, s0:c0, s1:c93], entries: (t:1, i:103), STATEMACHINELOGENTRY, client-CFB50CAB4D08, cid=1744
2019-09-24 12:11:24,440 DEBUG impl.RaftServerImpl (LeaderState.java:addWatchReqeust(324)) - s2@group-6E85041A3092-LeaderState: addWatchRequest RaftClientRequest:client-CFB50CAB4D08->s2@group-6E85041A3092, cid=1866, seq=0, Watch(26), Message:<EMPTY>
2019-09-24 12:11:24,440 INFO  statemachine.SimpleStateMachine4Testing (SimpleStateMachine4Testing.java:put(198)) - s2: put 98, m70 -> (t:1, i:98), STATEMACHINELOGENTRY, client-CFB50CAB4D08, cid=1740
2019-09-24 12:11:24,440 DEBUG client.GrpcClientProtocolService (GrpcClientProtocolService.java:sendReply(353)) - 0-OrderedRequestStreamObserver0: sendReply seq=63, RaftClientReply:client-CFB50CAB4D08->s2@group-6E85041A3092, cid=1732, SUCCESS, logIndex=87, commits[s2:c93, s0:c0, s1:c75]
2019-09-24 12:11:24,439 DEBUG impl.RaftServerImpl (RaftServerImpl.java:logAppendEntries(850)) - s1@group-6E85041A3092: receive appendEntries(s2, 1, (t:1, i:101), 99, false, commits[s2:c99, s0:c0, s1:c93], entries: (t:1, i:102), STATEMACHINELOGENTRY, client-CFB50CAB4D08, cid=1743
2019-09-24 12:11:24,439 INFO  statemachine.SimpleStateMachine4Testing (SimpleStateMachine4Testing.java:put(198)) - s1: put 92, m67 -> (t:1, i:92), STATEMACHINELOGENTRY, client-CFB50CAB4D08, cid=1737
2019-09-24 12:11:24,440 INFO  statemachine.SimpleStateMachine4Testing (SimpleStateMachine4Testing.java:put(198)) - s2: put 99, m71 -> (t:1, i:99), STATEMACHINELOGENTRY, client-CFB50CAB4D08, cid=1741
2019-09-24 12:11:24,441 DEBUG impl.RaftServerImpl (RaftServerImpl.java:logAppendEntries(850)) - s1@group-6E85041A3092: receive appendEntries(s2, 1, (t:1, i:102), 99, false, commits[s2:c99, s0:c0, s1:c93], entries: (t:1, i:103), STATEMACHINELOGENTRY, client-CFB50CAB4D08, cid=1744
2019-09-24 12:11:24,440 DEBUG impl.RaftServerImpl (RaftServerImpl.java:submitClientRequestAsync(533)) - s2@group-6E85041A3092: receive client request(RaftClientRequest:client-CFB50CAB4D08->s2@group-6E85041A3092, cid=1867, seq=0, Watch-ALL(26), Message:<EMPTY>)
2019-09-24 12:11:24,441 DEBUG impl.RaftServerImpl (LeaderState.java:addWatchReqeust(324)) - s2@group-6E85041A3092-LeaderState: addWatchRequest RaftClientRequest:client-CFB50CAB4D08->s2@group-6E85041A3092, cid=1867, seq=0, Watch-ALL(26), Message:<EMPTY>
2019-09-24 12:11:24,440 DEBUG impl.UnorderedAsync (UnorderedAsync.java:sendRequestWithRetry(74)) - client-CFB50CAB4D08: attempt #1 send~ RaftClientRequest:client-CFB50CAB4D08->s2@group-6E85041A3092, cid=1905, seq=0, Watch-ALL_COMMITTED(46), null
2019-09-24 12:11:24,441 DEBUG impl.RaftServerImpl (RaftServerImpl.java:submitClientRequestAsync(533)) - s2@group-6E85041A3092: receive client request(RaftClientRequest:client-CFB50CAB4D08->s2@group-6E85041A3092, cid=1868, seq=0, Watch-MAJORITY_COMMITTED(26), Message:<EMPTY>)
2019-09-24 12:11:24,441 DEBUG impl.RaftServerImpl (LeaderState.java:addWatchReqeust(324)) - s2@group-6E85041A3092-LeaderState: addWatchRequest RaftClientRequest:client-CFB50CAB4D08->s2@group-6E85041A3092, cid=1868, seq=0, Watch-MAJORITY_COMMITTED(26), Message:<EMPTY>
2019-09-24 12:11:24,441 DEBUG impl.UnorderedAsync (UnorderedAsync.java:lambda$sendRequestWithRetry$4(77)) - client-CFB50CAB4D08: attempt #1 receive~ RaftClientReply:client-CFB50CAB4D08->s2@group-6E85041A3092, cid=1866, SUCCESS, logIndex=0, commits[s2:c99, s0:c0, s1:c93]
2019-09-24 12:11:24,441 DEBUG client.GrpcClientProtocolService (GrpcClientProtocolService.java:sendReply(353)) - 0-OrderedRequestStreamObserver0: sendReply seq=64, RaftClientReply:client-CFB50CAB4D08->s2@group-6E85041A3092, cid=1733, SUCCESS, logIndex=88, commits[s2:c93, s0:c0, s1:c75]
2019-09-24 12:11:24,441 INFO  statemachine.SimpleStateMachine4Testing (SimpleStateMachine4Testing.java:put(198)) - s1: put 93, m68 -> (t:1, i:93), STATEMACHINELOGENTRY, client-CFB50CAB4D08, cid=1738
2019-09-24 12:11:24,442 DEBUG client.GrpcClientProtocolService (GrpcClientProtocolService.java:sendReply(353)) - 0-OrderedRequestStreamObserver0: sendReply seq=65, RaftClientReply:client-CFB50CAB4D08->s2@group-6E85041A3092, cid=1734, SUCCESS, logIndex=89, commits[s2:c93, s0:c0, s1:c75]
2019-09-24 12:11:24,442 DEBUG impl.RaftServerImpl (RaftServerImpl.java:submitClientRequestAsync(533)) - s2@group-6E85041A3092: receive client request(RaftClientRequest:client-CFB50CAB4D08->s2@group-6E85041A3092, cid=1869, seq=0, Watch-ALL_COMMITTED(26), Message:<EMPTY>)
2019-09-24 12:11:24,442 INFO  grpc.TestWatchRequestWithGrpc (WatchRequestTests.java:get(172)) - majority-Watch(26) returns RaftClientReply:client-CFB50CAB4D08->s2@group-6E85041A3092, cid=1866, SUCCESS, logIndex=0, commits[s2:c99, s0:c0, s1:c93]
2019-09-24 12:11:24,441 INFO  grpc.TestWatchRequestWithGrpc (WatchRequestTests.java:lambda$sendRequests$0(99)) - SEND_WATCH: message=m34, logIndex=47
2019-09-24 12:11:24,442 DEBUG impl.UnorderedAsync (UnorderedAsync.java:lambda$sendRequestWithRetry$4(77)) - client-CFB50CAB4D08: attempt #1 receive~ RaftClientReply:client-CFB50CAB4D08->s2@group-6E85041A3092, cid=1868, SUCCESS, logIndex=0, commits[s2:c99, s0:c0, s1:c93]
2019-09-24 12:11:24,442 DEBUG impl.RaftServerImpl (LeaderState.java:addWatchReqeust(324)) - s2@group-6E85041A3092-LeaderState: addWatchRequest RaftClientRequest:client-CFB50CAB4D08->s2@group-6E85041A3092, cid=1869, seq=0, Watch-ALL_COMMITTED(26), Message:<EMPTY>
2019-09-24 12:11:24,442 DEBUG client.GrpcClientProtocolService (GrpcClientProtocolService.java:sendReply(353)) - 0-OrderedRequestStreamObserver0: sendReply seq=66, RaftClientReply:client-CFB50CAB4D08->s2@group-6E85041A3092, cid=1735, SUCCESS, logIndex=90, commits[s2:c93, s0:c0, s1:c76]
2019-09-24 12:11:24,442 INFO  grpc.TestWatchRequestWithGrpc (WatchRequestTests.java:get(172)) - majorityCommitted-Watch(26) returns RaftClientReply:client-CFB50CAB4D08->s2@group-6E85041A3092, cid=1868, SUCCESS, logIndex=0, commits[s2:c99, s0:c0, s1:c93]
2019-09-24 12:11:24,442 DEBUG impl.UnorderedAsync (UnorderedAsync.java:sendRequestWithRetry(74)) - client-CFB50CAB4D08: attempt #1 send~ RaftClientRequest:client-CFB50CAB4D08->s2@group-6E85041A3092, cid=1906, seq=0, Watch(47), null
2019-09-24 12:11:24,443 INFO  grpc.TestWatchRequestWithGrpc (WatchRequestTests.java:checkMajority(230)) - checkMajority 25: receive RaftClientReply:client-CFB50CAB4D08->s2@group-6E85041A3092, cid=1695, SUCCESS, logIndex=27, commits[s2:c27, s0:c0, s1:c5]
2019-09-24 12:11:24,442 DEBUG impl.RaftServerImpl (RaftServerImpl.java:submitClientRequestAsync(533)) - s2@group-6E85041A3092: receive client request(RaftClientRequest:client-CFB50CAB4D08->s2@group-6E85041A3092, cid=1870, seq=0, Watch(27), Message:<EMPTY>)
2019-09-24 12:11:24,443 DEBUG impl.RaftServerImpl (RaftServerImpl.java:submitClientRequestAsync(533)) - s2@group-6E85041A3092: receive client request(RaftClientRequest:client-CFB50CAB4D08->s2@group-6E85041A3092, cid=1745, seq=76, RW, Message:6d3735)
2019-09-24 12:11:24,443 DEBUG impl.UnorderedAsync (UnorderedAsync.java:sendRequestWithRetry(74)) - client-CFB50CAB4D08: attempt #1 send~ RaftClientRequest:client-CFB50CAB4D08->s2@group-6E85041A3092, cid=1907, seq=0, Watch-ALL(47), null
2019-09-24 12:11:24,443 DEBUG impl.RaftServerImpl (LeaderState.java:addPendingRequest(317)) - s2@group-6E85041A3092-LeaderState: addPendingRequest at RaftClientRequest:client-CFB50CAB4D08->s2@group-6E85041A3092, cid=1745, seq=76, RW, Message:6d3735, entry=(t:1, i:104), STATEMACHINELOGENTRY, client-CFB50CAB4D08, cid=1745
2019-09-24 12:11:24,443 DEBUG impl.RaftServerImpl (LeaderState.java:addWatchReqeust(324)) - s2@group-6E85041A3092-LeaderState: addWatchRequest RaftClientRequest:client-CFB50CAB4D08->s2@group-6E85041A3092, cid=1870, seq=0, Watch(27), Message:<EMPTY>
2019-09-24 12:11:24,444 DEBUG impl.RaftServerImpl (RaftServerImpl.java:submitClientRequestAsync(533)) - s2@group-6E85041A3092: receive client request(RaftClientRequest:client-CFB50CAB4D08->s2@group-6E85041A3092, cid=1746, seq=77, RW, Message:6d3736)
2019-09-24 12:11:24,444 DEBUG impl.RaftServerImpl (RaftServerImpl.java:logAppendEntries(850)) - s1@group-6E85041A3092: receive appendEntries(s2, 1, (t:1, i:103), 99, false, commits[s2:c99, s0:c0, s1:c93], entries: (t:1, i:104), STATEMACHINELOGENTRY, client-CFB50CAB4D08, cid=1745
2019-09-24 12:11:24,443 DEBUG impl.UnorderedAsync (UnorderedAsync.java:sendRequestWithRetry(74)) - client-CFB50CAB4D08: attempt #1 send~ RaftClientRequest:client-CFB50CAB4D08->s2@group-6E85041A3092, cid=1908, seq=0, Watch-MAJORITY_COMMITTED(47), null
2019-09-24 12:11:24,444 DEBUG impl.RaftServerImpl (LeaderState.java:addPendingRequest(317)) - s2@group-6E85041A3092-LeaderState: addPendingRequest at RaftClientRequest:client-CFB50CAB4D08->s2@group-6E85041A3092, cid=1746, seq=77, RW, Message:6d3736, entry=(t:1, i:105), STATEMACHINELOGENTRY, client-CFB50CAB4D08, cid=1746
2019-09-24 12:11:24,444 DEBUG impl.RaftServerImpl (RaftServerImpl.java:submitClientRequestAsync(533)) - s2@group-6E85041A3092: receive client request(RaftClientRequest:client-CFB50CAB4D08->s2@group-6E85041A3092, cid=1871, seq=0, Watch-ALL(27), Message:<EMPTY>)
2019-09-24 12:11:24,444 DEBUG impl.RaftServerImpl (RaftServerImpl.java:logAppendEntries(850)) - s0@group-6E85041A3092: receive appendEntries(s2, 1, (t:1, i:103), 99, false, commits[s2:c99, s0:c0, s1:c93], entries: (t:1, i:104), STATEMACHINELOGENTRY, client-CFB50CAB4D08, cid=1745
2019-09-24 12:11:24,444 DEBUG impl.RaftServerImpl (RaftServerImpl.java:logAppendEntries(850)) - s1@group-6E85041A3092: receive appendEntries(s2, 1, (t:1, i:104), 99, false, commits[s2:c99, s0:c0, s1:c93], entries: (t:1, i:105), STATEMACHINELOGENTRY, client-CFB50CAB4D08, cid=1746
2019-09-24 12:11:24,444 DEBUG impl.UnorderedAsync (UnorderedAsync.java:lambda$sendRequestWithRetry$4(77)) - client-CFB50CAB4D08: attempt #1 receive~ RaftClientReply:client-CFB50CAB4D08->s2@group-6E85041A3092, cid=1870, SUCCESS, logIndex=0, commits[s2:c99, s0:c0, s1:c93]
2019-09-24 12:11:24,444 DEBUG impl.RaftServerImpl (LeaderState.java:addWatchReqeust(324)) - s2@group-6E85041A3092-LeaderState: addWatchRequest RaftClientRequest:client-CFB50CAB4D08->s2@group-6E85041A3092, cid=1871, seq=0, Watch-ALL(27), Message:<EMPTY>
2019-09-24 12:11:24,444 DEBUG impl.RaftServerImpl (RaftServerImpl.java:submitClientRequestAsync(533)) - s2@group-6E85041A3092: receive client request(RaftClientRequest:client-CFB50CAB4D08->s2@group-6E85041A3092, cid=1747, seq=78, RW, Message:6d3737)
2019-09-24 12:11:24,444 DEBUG impl.UnorderedAsync (UnorderedAsync.java:sendRequestWithRetry(74)) - client-CFB50CAB4D08: attempt #1 send~ RaftClientRequest:client-CFB50CAB4D08->s2@group-6E85041A3092, cid=1909, seq=0, Watch-ALL_COMMITTED(47), null
2019-09-24 12:11:24,445 DEBUG impl.RaftServerImpl (LeaderState.java:addPendingRequest(317)) - s2@group-6E85041A3092-LeaderState: addPendingRequest at RaftClientRequest:client-CFB50CAB4D08->s2@group-6E85041A3092, cid=1747, seq=78, RW, Message:6d3737, entry=(t:1, i:106), STATEMACHINELOGENTRY, client-CFB50CAB4D08, cid=1747
2019-09-24 12:11:24,445 DEBUG impl.RaftServerImpl (RaftServerImpl.java:submitClientRequestAsync(533)) - s2@group-6E85041A3092: receive client request(RaftClientRequest:client-CFB50CAB4D08->s2@group-6E85041A3092, cid=1872, seq=0, Watch-MAJORITY_COMMITTED(27), Message:<EMPTY>)
2019-09-24 12:11:24,445 DEBUG impl.RaftServerImpl (RaftServerImpl.java:logAppendEntries(850)) - s1@group-6E85041A3092: succeeded to handle AppendEntries. Reply: s2<-s1#111:OK,SUCCESS,nextIndex:101,term:1,followerCommit:93
2019-09-24 12:11:24,445 INFO  grpc.TestWatchRequestWithGrpc (WatchRequestTests.java:get(172)) - majority-Watch(27) returns RaftClientReply:client-CFB50CAB4D08->s2@group-6E85041A3092, cid=1870, SUCCESS, logIndex=0, commits[s2:c99, s0:c0, s1:c93]
2019-09-24 12:11:24,445 DEBUG impl.RaftServerImpl (RaftServerImpl.java:logAppendEntries(850)) - s0@group-6E85041A3092: receive appendEntries(s2, 1, (t:1, i:104), 99, false, commits[s2:c99, s0:c0, s1:c93], entries: (t:1, i:105), STATEMACHINELOGENTRY, client-CFB50CAB4D08, cid=1746
2019-09-24 12:11:24,445 DEBUG impl.RaftServerImpl (RaftServerImpl.java:logAppendEntries(850)) - s1@group-6E85041A3092: receive appendEntries(s2, 1, (t:1, i:105), 99, false, commits[s2:c99, s0:c0, s1:c93], entries: (t:1, i:106), STATEMACHINELOGENTRY, client-CFB50CAB4D08, cid=1747
2019-09-24 12:11:24,445 DEBUG impl.RaftServerImpl (LeaderState.java:addWatchReqeust(324)) - s2@group-6E85041A3092-LeaderState: addWatchRequest RaftClientRequest:client-CFB50CAB4D08->s2@group-6E85041A3092, cid=1872, seq=0, Watch-MAJORITY_COMMITTED(27), Message:<EMPTY>
2019-09-24 12:11:24,445 DEBUG client.GrpcClientProtocolService (GrpcClientProtocolService.java:sendReply(353)) - 0-OrderedRequestStreamObserver0: sendReply seq=67, RaftClientReply:client-CFB50CAB4D08->s2@group-6E85041A3092, cid=1736, SUCCESS, logIndex=91, commits[s2:c95, s0:c0, s1:c93]
2019-09-24 12:11:24,445 INFO  grpc.TestWatchRequestWithGrpc (WatchRequestTests.java:lambda$sendRequests$0(99)) - SEND_WATCH: message=m35, logIndex=48
2019-09-24 12:11:24,446 DEBUG impl.RaftServerImpl (RaftServerImpl.java:logAppendEntries(850)) - s1@group-6E85041A3092: succeeded to handle AppendEntries. Reply: s2<-s1#114:OK,SUCCESS,nextIndex:104,term:1,followerCommit:99
2019-09-24 12:11:24,446 DEBUG impl.RaftServerImpl (RaftServerImpl.java:logAppendEntries(850)) - s1@group-6E85041A3092: succeeded to handle AppendEntries. Reply: s2<-s1#113:OK,SUCCESS,nextIndex:103,term:1,followerCommit:99
2019-09-24 12:11:24,446 INFO  statemachine.SimpleStateMachine4Testing (SimpleStateMachine4Testing.java:put(198)) - s1: put 97, m69 -> (t:1, i:97), STATEMACHINELOGENTRY, client-CFB50CAB4D08, cid=1739
2019-09-24 12:11:24,446 DEBUG impl.RaftServerImpl (RaftServerImpl.java:logAppendEntries(850)) - s1@group-6E85041A3092: succeeded to handle AppendEntries. Reply: s2<-s1#112:OK,SUCCESS,nextIndex:102,term:1,followerCommit:99
2019-09-24 12:11:24,446 DEBUG impl.RaftServerImpl (RaftServerImpl.java:logAppendEntries(850)) - s0@group-6E85041A3092: receive appendEntries(s2, 1, (t:1, i:105), 99, false, commits[s2:c99, s0:c0, s1:c93], entries: (t:1, i:106), STATEMACHINELOGENTRY, client-CFB50CAB4D08, cid=1747
2019-09-24 12:11:24,446 INFO  statemachine.SimpleStateMachine4Testing (SimpleStateMachine4Testing.java:put(198)) - s2: put 100, m72 -> (t:1, i:100), STATEMACHINELOGENTRY, client-CFB50CAB4D08, cid=1742
2019-09-24 12:11:24,446 DEBUG impl.WatchRequests (WatchRequests.java:updateIndex(142)) - s2@group-6E85041A3092-WatchRequests: update MAJORITY index from 99 to 100
2019-09-24 12:11:24,447 DEBUG impl.WatchRequests (WatchRequests.java:updateIndex(142)) - s2@group-6E85041A3092-WatchRequests: update MAJORITY_COMMITTED index from 93 to 99
2019-09-24 12:11:24,447 DEBUG impl.UnorderedAsync (UnorderedAsync.java:lambda$sendRequestWithRetry$4(77)) - client-CFB50CAB4D08: attempt #1 receive~ RaftClientReply:client-CFB50CAB4D08->s2@group-6E85041A3092, cid=1872, SUCCESS, logIndex=0, commits[s2:c100, s0:c0, s1:c93]
2019-09-24 12:11:24,446 INFO  statemachine.SimpleStateMachine4Testing (SimpleStateMachine4Testing.java:put(198)) - s1: put 98, m70 -> (t:1, i:98), STATEMACHINELOGENTRY, client-CFB50CAB4D08, cid=1740
2019-09-24 12:11:24,446 DEBUG impl.RaftServerImpl (RaftServerImpl.java:logAppendEntries(850)) - s1@group-6E85041A3092: succeeded to handle AppendEntries. Reply: s2<-s1#116:OK,SUCCESS,nextIndex:106,term:1,followerCommit:99
2019-09-24 12:11:24,446 DEBUG impl.RaftServerImpl (RaftServerImpl.java:logAppendEntries(850)) - s1@group-6E85041A3092: succeeded to handle AppendEntries. Reply: s2<-s1#115:OK,SUCCESS,nextIndex:105,term:1,followerCommit:99
2019-09-24 12:11:24,446 DEBUG client.GrpcClientProtocolService (GrpcClientProtocolService.java:sendReply(353)) - 0-OrderedRequestStreamObserver0: sendReply seq=68, RaftClientReply:client-CFB50CAB4D08->s2@group-6E85041A3092, cid=1737, SUCCESS, logIndex=92, commits[s2:c99, s0:c0, s1:c93]
2019-09-24 12:11:24,446 DEBUG impl.UnorderedAsync (UnorderedAsync.java:sendRequestWithRetry(74)) - client-CFB50CAB4D08: attempt #1 send~ RaftClientRequest:client-CFB50CAB4D08->s2@group-6E85041A3092, cid=1910, seq=0, Watch(48), null
2019-09-24 12:11:24,446 DEBUG impl.RaftServerImpl (RaftServerImpl.java:submitClientRequestAsync(533)) - s2@group-6E85041A3092: receive client request(RaftClientRequest:client-CFB50CAB4D08->s2@group-6E85041A3092, cid=1873, seq=0, Watch-ALL_COMMITTED(27), Message:<EMPTY>)
2019-09-24 12:11:24,448 DEBUG impl.UnorderedAsync (UnorderedAsync.java:sendRequestWithRetry(74)) - client-CFB50CAB4D08: attempt #1 send~ RaftClientRequest:client-CFB50CAB4D08->s2@group-6E85041A3092, cid=1911, seq=0, Watch-ALL(48), null
2019-09-24 12:11:24,447 DEBUG client.GrpcClientProtocolService (GrpcClientProtocolService.java:sendReply(353)) - 0-OrderedRequestStreamObserver0: sendReply seq=69, RaftClientReply:client-CFB50CAB4D08->s2@group-6E85041A3092, cid=1738, SUCCESS, logIndex=93, commits[s2:c99, s0:c0, s1:c93]
2019-09-24 12:11:24,447 INFO  statemachine.SimpleStateMachine4Testing (SimpleStateMachine4Testing.java:put(198)) - s1: put 99, m71 -> (t:1, i:99), STATEMACHINELOGENTRY, client-CFB50CAB4D08, cid=1741
2019-09-24 12:11:24,447 DEBUG impl.RaftServerImpl (RaftServerImpl.java:logAppendEntries(850)) - s1@group-6E85041A3092: receive appendEntries(s2, 1, (t:1, i:106), 100, false, commits[s2:c100, s0:c0, s1:c99], entries: (t:1, i:107), METADATAENTRY(c100)
2019-09-24 12:11:24,447 DEBUG impl.RaftServerImpl (RaftServerImpl.java:logAppendEntries(850)) - s0@group-6E85041A3092: receive appendEntries(s2, 1, (t:1, i:106), 100, false, commits[s2:c100, s0:c0, s1:c99], entries: (t:1, i:107), METADATAENTRY(c100)
2019-09-24 12:11:24,447 INFO  grpc.TestWatchRequestWithGrpc (WatchRequestTests.java:get(172)) - majorityCommitted-Watch(27) returns RaftClientReply:client-CFB50CAB4D08->s2@group-6E85041A3092, cid=1872, SUCCESS, logIndex=0, commits[s2:c100, s0:c0, s1:c93]
2019-09-24 12:11:24,447 DEBUG impl.WatchRequests (WatchRequests.java:updateIndex(142)) - s2@group-6E85041A3092-WatchRequests: update MAJORITY index from 100 to 101
2019-09-24 12:11:24,448 INFO  grpc.TestWatchRequestWithGrpc (WatchRequestTests.java:checkMajority(230)) - checkMajority 26: receive RaftClientReply:client-CFB50CAB4D08->s2@group-6E85041A3092, cid=1696, SUCCESS, logIndex=36, commits[s2:c39, s0:c0, s1:c26]
2019-09-24 12:11:24,448 DEBUG client.GrpcClientProtocolService (GrpcClientProtocolService.java:sendReply(353)) - 0-OrderedRequestStreamObserver0: sendReply seq=70, RaftClientReply:client-CFB50CAB4D08->s2@group-6E85041A3092, cid=1739, SUCCESS, logIndex=97, commits[s2:c99, s0:c0, s1:c93]
2019-09-24 12:11:24,448 DEBUG impl.UnorderedAsync (UnorderedAsync.java:sendRequestWithRetry(74)) - client-CFB50CAB4D08: attempt #1 send~ RaftClientRequest:client-CFB50CAB4D08->s2@group-6E85041A3092, cid=1912, seq=0, Watch-MAJORITY_COMMITTED(48), null
2019-09-24 12:11:24,448 DEBUG impl.RaftServerImpl (LeaderState.java:addWatchReqeust(324)) - s2@group-6E85041A3092-LeaderState: addWatchRequest RaftClientRequest:client-CFB50CAB4D08->s2@group-6E85041A3092, cid=1873, seq=0, Watch-ALL_COMMITTED(27), Message:<EMPTY>
2019-09-24 12:11:24,449 DEBUG impl.UnorderedAsync (UnorderedAsync.java:sendRequestWithRetry(74)) - client-CFB50CAB4D08: attempt #1 send~ RaftClientRequest:client-CFB50CAB4D08->s2@group-6E85041A3092, cid=1913, seq=0, Watch-ALL_COMMITTED(48), null
2019-09-24 12:11:24,449 DEBUG client.GrpcClientProtocolService (GrpcClientProtocolService.java:sendReply(353)) - 0-OrderedRequestStreamObserver0: sendReply seq=71, RaftClientReply:client-CFB50CAB4D08->s2@group-6E85041A3092, cid=1740, SUCCESS, logIndex=98, commits[s2:c99, s0:c0, s1:c93]
2019-09-24 12:11:24,448 DEBUG impl.WatchRequests (WatchRequests.java:updateIndex(142)) - s2@group-6E85041A3092-WatchRequests: update MAJORITY index from 101 to 105
2019-09-24 12:11:24,449 INFO  grpc.TestWatchRequestWithGrpc (WatchRequestTests.java:lambda$sendRequests$0(99)) - SEND_WATCH: message=m36, logIndex=49
2019-09-24 12:11:24,449 DEBUG impl.UnorderedAsync (UnorderedAsync.java:sendRequestWithRetry(74)) - client-CFB50CAB4D08: attempt #1 send~ RaftClientRequest:client-CFB50CAB4D08->s2@group-6E85041A3092, cid=1914, seq=0, Watch(49), null
2019-09-24 12:11:24,449 DEBUG client.GrpcClientProtocolService (GrpcClientProtocolService.java:sendReply(353)) - 0-OrderedRequestStreamObserver0: sendReply seq=72, RaftClientReply:client-CFB50CAB4D08->s2@group-6E85041A3092, cid=1741, SUCCESS, logIndex=99, commits[s2:c99, s0:c0, s1:c93]
2019-09-24 12:11:24,449 DEBUG impl.RaftServerImpl (RaftServerImpl.java:submitClientRequestAsync(533)) - s2@group-6E85041A3092: receive client request(RaftClientRequest:client-CFB50CAB4D08->s2@group-6E85041A3092, cid=1874, seq=0, Watch(36), Message:<EMPTY>)
2019-09-24 12:11:24,449 DEBUG impl.RaftServerImpl (RaftServerImpl.java:logAppendEntries(850)) - s0@group-6E85041A3092: receive appendEntries(s2, 1, (t:1, i:107), 105, false, commits[s2:c105, s0:c0, s1:c99], entries: (t:1, i:108), METADATAENTRY(c105)
2019-09-24 12:11:24,449 DEBUG impl.RaftServerImpl (RaftServerImpl.java:logAppendEntries(850)) - s1@group-6E85041A3092: receive appendEntries(s2, 1, (t:1, i:107), 105, false, commits[s2:c105, s0:c0, s1:c99], entries: (t:1, i:108), METADATAENTRY(c105)
2019-09-24 12:11:24,449 DEBUG impl.UnorderedAsync (UnorderedAsync.java:sendRequestWithRetry(74)) - client-CFB50CAB4D08: attempt #1 send~ RaftClientRequest:client-CFB50CAB4D08->s2@group-6E85041A3092, cid=1915, seq=0, Watch-ALL(49), null
2019-09-24 12:11:24,449 INFO  statemachine.SimpleStateMachine4Testing (SimpleStateMachine4Testing.java:put(198)) - s2: put 102, m73 -> (t:1, i:102), STATEMACHINELOGENTRY, client-CFB50CAB4D08, cid=1743
2019-09-24 12:11:24,450 DEBUG impl.UnorderedAsync (UnorderedAsync.java:sendRequestWithRetry(74)) - client-CFB50CAB4D08: attempt #1 send~ RaftClientRequest:client-CFB50CAB4D08->s2@group-6E85041A3092, cid=1916, seq=0, Watch-MAJORITY_COMMITTED(49), null
2019-09-24 12:11:24,450 DEBUG impl.RaftServerImpl (RaftServerImpl.java:logAppendEntries(850)) - s1@group-6E85041A3092: succeeded to handle AppendEntries. Reply: s2<-s1#117:OK,SUCCESS,nextIndex:107,term:1,followerCommit:99
2019-09-24 12:11:24,450 DEBUG client.GrpcClientProtocolService (GrpcClientProtocolService.java:sendReply(353)) - 0-OrderedRequestStreamObserver0: sendReply seq=73, RaftClientReply:client-CFB50CAB4D08->s2@group-6E85041A3092, cid=1742, SUCCESS, logIndex=100, commits[s2:c100, s0:c0, s1:c93]
2019-09-24 12:11:24,450 DEBUG impl.RaftServerImpl (LeaderState.java:addWatchReqeust(324)) - s2@group-6E85041A3092-LeaderState: addWatchRequest RaftClientRequest:client-CFB50CAB4D08->s2@group-6E85041A3092, cid=1874, seq=0, Watch(36), Message:<EMPTY>
2019-09-24 12:11:24,450 DEBUG impl.UnorderedAsync (UnorderedAsync.java:sendRequestWithRetry(74)) - client-CFB50CAB4D08: attempt #1 send~ RaftClientRequest:client-CFB50CAB4D08->s2@group-6E85041A3092, cid=1917, seq=0, Watch-ALL_COMMITTED(49), null
2019-09-24 12:11:24,450 INFO  statemachine.SimpleStateMachine4Testing (SimpleStateMachine4Testing.java:put(198)) - s2: put 103, m74 -> (t:1, i:103), STATEMACHINELOGENTRY, client-CFB50CAB4D08, cid=1744
2019-09-24 12:11:24,451 DEBUG impl.RaftServerImpl (RaftServerImpl.java:submitClientRequestAsync(533)) - s2@group-6E85041A3092: receive client request(RaftClientRequest:client-CFB50CAB4D08->s2@group-6E85041A3092, cid=1875, seq=0, Watch-ALL(36), Message:<EMPTY>)
2019-09-24 12:11:24,451 DEBUG impl.RaftServerImpl (RaftServerImpl.java:submitClientRequestAsync(533)) - s2@group-6E85041A3092: receive client request(RaftClientRequest:client-CFB50CAB4D08->s2@group-6E85041A3092, cid=1748, seq=79, RW, Message:6d3738)
2019-09-24 12:11:24,450 DEBUG impl.WatchRequests (WatchRequests.java:updateIndex(142)) - s2@group-6E85041A3092-WatchRequests: update MAJORITY index from 105 to 106
2019-09-24 12:11:24,451 INFO  statemachine.SimpleStateMachine4Testing (SimpleStateMachine4Testing.java:put(198)) - s1: put 100, m72 -> (t:1, i:100), STATEMACHINELOGENTRY, client-CFB50CAB4D08, cid=1742
2019-09-24 12:11:24,451 DEBUG impl.RaftServerImpl (RaftServerImpl.java:logAppendEntries(850)) - s1@group-6E85041A3092: succeeded to handle AppendEntries. Reply: s2<-s1#118:OK,SUCCESS,nextIndex:108,term:1,followerCommit:100
2019-09-24 12:11:24,451 DEBUG impl.RaftServerImpl (LeaderState.java:addWatchReqeust(324)) - s2@group-6E85041A3092-LeaderState: addWatchRequest RaftClientRequest:client-CFB50CAB4D08->s2@group-6E85041A3092, cid=1875, seq=0, Watch-ALL(36), Message:<EMPTY>
2019-09-24 12:11:24,451 INFO  grpc.TestWatchRequestWithGrpc (WatchRequestTests.java:lambda$sendRequests$0(99)) - SEND_WATCH: message=m37, logIndex=50
2019-09-24 12:11:24,451 DEBUG impl.RaftServerImpl (RaftServerImpl.java:submitClientRequestAsync(533)) - s2@group-6E85041A3092: receive client request(RaftClientRequest:client-CFB50CAB4D08->s2@group-6E85041A3092, cid=1876, seq=0, Watch-MAJORITY_COMMITTED(36), Message:<EMPTY>)
2019-09-24 12:11:24,451 DEBUG impl.RaftServerImpl (RaftServerImpl.java:logAppendEntries(850)) - s0@group-6E85041A3092: receive appendEntries(s2, 1, (t:1, i:108), 106, false, commits[s2:c106, s0:c0, s1:c99], entries: (t:1, i:109), METADATAENTRY(c106)
2019-09-24 12:11:24,451 DEBUG impl.WatchRequests (WatchRequests.java:updateIndex(142)) - s2@group-6E85041A3092-WatchRequests: update MAJORITY_COMMITTED index from 99 to 100
2019-09-24 12:11:24,452 DEBUG impl.RaftServerImpl (RaftServerImpl.java:logAppendEntries(850)) - s0@group-6E85041A3092: receive appendEntries(s2, 1, (t:1, i:109), 106, false, commits[s2:c106, s0:c0, s1:c99], entries: (t:1, i:110), STATEMACHINELOGENTRY, client-CFB50CAB4D08, cid=1748
2019-09-24 12:11:24,451 DEBUG impl.RaftServerImpl (RaftServerImpl.java:logAppendEntries(850)) - s1@group-6E85041A3092: receive appendEntries(s2, 1, (t:1, i:108), 106, false, commits[s2:c106, s0:c0, s1:c99], entries: (t:1, i:109), METADATAENTRY(c106)
2019-09-24 12:11:24,451 DEBUG impl.UnorderedAsync (UnorderedAsync.java:lambda$sendRequestWithRetry$4(77)) - client-CFB50CAB4D08: attempt #1 receive~ RaftClientReply:client-CFB50CAB4D08->s2@group-6E85041A3092, cid=1874, SUCCESS, logIndex=0, commits[s2:c105, s0:c0, s1:c99]
2019-09-24 12:11:24,451 DEBUG impl.RaftServerImpl (LeaderState.java:addPendingRequest(317)) - s2@group-6E85041A3092-LeaderState: addPendingRequest at RaftClientRequest:client-CFB50CAB4D08->s2@group-6E85041A3092, cid=1748, seq=79, RW, Message:6d3738, entry=(t:1, i:110), STATEMACHINELOGENTRY, client-CFB50CAB4D08, cid=1748
2019-09-24 12:11:24,452 INFO  grpc.TestWatchRequestWithGrpc (WatchRequestTests.java:get(172)) - majority-Watch(36) returns RaftClientReply:client-CFB50CAB4D08->s2@group-6E85041A3092, cid=1874, SUCCESS, logIndex=0, commits[s2:c105, s0:c0, s1:c99]
2019-09-24 12:11:24,452 DEBUG client.GrpcClientProtocolService (GrpcClientProtocolService.java:sendReply(353)) - 0-OrderedRequestStreamObserver0: sendReply seq=74, RaftClientReply:client-CFB50CAB4D08->s2@group-6E85041A3092, cid=1743, SUCCESS, logIndex=102, commits[s2:c105, s0:c0, s1:c99]
2019-09-24 12:11:24,452 DEBUG impl.RaftServerImpl (RaftServerImpl.java:logAppendEntries(850)) - s1@group-6E85041A3092: receive appendEntries(s2, 1, (t:1, i:109), 106, false, commits[s2:c106, s0:c0, s1:c99], entries: (t:1, i:110), STATEMACHINELOGENTRY, client-CFB50CAB4D08, cid=1748
2019-09-24 12:11:24,452 DEBUG impl.RaftServerImpl (LeaderState.java:addWatchReqeust(324)) - s2@group-6E85041A3092-LeaderState: addWatchRequest RaftClientRequest:client-CFB50CAB4D08->s2@group-6E85041A3092, cid=1876, seq=0, Watch-MAJORITY_COMMITTED(36), Message:<EMPTY>
2019-09-24 12:11:24,453 DEBUG client.GrpcClientProtocolService (GrpcClientProtocolService.java:sendReply(353)) - 0-OrderedRequestStreamObserver0: sendReply seq=75, RaftClientReply:client-CFB50CAB4D08->s2@group-6E85041A3092, cid=1744, SUCCESS, logIndex=103, commits[s2:c106, s0:c0, s1:c99]
2019-09-24 12:11:24,452 DEBUG impl.UnorderedAsync (UnorderedAsync.java:sendRequestWithRetry(74)) - client-CFB50CAB4D08: attempt #1 send~ RaftClientRequest:client-CFB50CAB4D08->s2@group-6E85041A3092, cid=1918, seq=0, Watch(50), null
2019-09-24 12:11:24,453 DEBUG impl.RaftServerImpl (RaftServerImpl.java:submitClientRequestAsync(533)) - s2@group-6E85041A3092: receive client request(RaftClientRequest:client-CFB50CAB4D08->s2@group-6E85041A3092, cid=1877, seq=0, Watch-ALL_COMMITTED(36), Message:<EMPTY>)
2019-09-24 12:11:24,453 DEBUG impl.RaftServerImpl (LeaderState.java:addWatchReqeust(324)) - s2@group-6E85041A3092-LeaderState: addWatchRequest RaftClientRequest:client-CFB50CAB4D08->s2@group-6E85041A3092, cid=1877, seq=0, Watch-ALL_COMMITTED(36), Message:<EMPTY>
2019-09-24 12:11:24,452 INFO  statemachine.SimpleStateMachine4Testing (SimpleStateMachine4Testing.java:put(198)) - s2: put 104, m75 -> (t:1, i:104), STATEMACHINELOGENTRY, client-CFB50CAB4D08, cid=1745
2019-09-24 12:11:24,453 DEBUG impl.RaftServerImpl (RaftServerImpl.java:submitClientRequestAsync(533)) - s2@group-6E85041A3092: receive client request(RaftClientRequest:client-CFB50CAB4D08->s2@group-6E85041A3092, cid=1878, seq=0, Watch(37), Message:<EMPTY>)
2019-09-24 12:11:24,452 DEBUG impl.WatchRequests (WatchRequests.java:updateIndex(142)) - s2@group-6E85041A3092-WatchRequests: update MAJORITY index from 106 to 107
2019-09-24 12:11:24,453 DEBUG impl.UnorderedAsync (UnorderedAsync.java:lambda$sendRequestWithRetry$4(77)) - client-CFB50CAB4D08: attempt #1 receive~ RaftClientReply:client-CFB50CAB4D08->s2@group-6E85041A3092, cid=1876, SUCCESS, logIndex=0, commits[s2:c107, s0:c0, s1:c100]
2019-09-24 12:11:24,453 DEBUG impl.RaftServerImpl (LeaderState.java:addWatchReqeust(324)) - s2@group-6E85041A3092-LeaderState: addWatchRequest RaftClientRequest:client-CFB50CAB4D08->s2@group-6E85041A3092, cid=1878, seq=0, Watch(37), Message:<EMPTY>
2019-09-24 12:11:24,453 INFO  statemachine.SimpleStateMachine4Testing (SimpleStateMachine4Testing.java:put(198)) - s1: put 102, m73 -> (t:1, i:102), STATEMACHINELOGENTRY, client-CFB50CAB4D08, cid=1743
2019-09-24 12:11:24,453 DEBUG impl.RaftServerImpl (RaftServerImpl.java:logAppendEntries(850)) - s1@group-6E85041A3092: succeeded to handle AppendEntries. Reply: s2<-s1#119:OK,SUCCESS,nextIndex:109,term:1,followerCommit:105
2019-09-24 12:11:24,453 DEBUG impl.RaftServerImpl (RaftServerImpl.java:submitClientRequestAsync(533)) - s2@group-6E85041A3092: receive client request(RaftClientRequest:client-CFB50CAB4D08->s2@group-6E85041A3092, cid=1749, seq=80, RW, Message:6d3739)
2019-09-24 12:11:24,453 DEBUG impl.UnorderedAsync (UnorderedAsync.java:sendRequestWithRetry(74)) - client-CFB50CAB4D08: attempt #1 send~ RaftClientRequest:client-CFB50CAB4D08->s2@group-6E85041A3092, cid=1919, seq=0, Watch-ALL(50), null
2019-09-24 12:11:24,454 DEBUG impl.RaftServerImpl (LeaderState.java:addPendingRequest(317)) - s2@group-6E85041A3092-LeaderState: addPendingRequest at RaftClientRequest:client-CFB50CAB4D08->s2@group-6E85041A3092, cid=1749, seq=80, RW, Message:6d3739, entry=(t:1, i:111), STATEMACHINELOGENTRY, client-CFB50CAB4D08, cid=1749
2019-09-24 12:11:24,454 DEBUG impl.WatchRequests (WatchRequests.java:updateIndex(142)) - s2@group-6E85041A3092-WatchRequests: update MAJORITY_COMMITTED index from 100 to 105
2019-09-24 12:11:24,454 DEBUG impl.RaftServerImpl (RaftServerImpl.java:submitClientRequestAsync(533)) - s2@group-6E85041A3092: receive client request(RaftClientRequest:client-CFB50CAB4D08->s2@group-6E85041A3092, cid=1879, seq=0, Watch-ALL(37), Message:<EMPTY>)
2019-09-24 12:11:24,455 DEBUG impl.RaftServerImpl (RaftServerImpl.java:logAppendEntries(850)) - s1@group-6E85041A3092: receive appendEntries(s2, 1, (t:1, i:110), 107, false, commits[s2:c107, s0:c0, s1:c105], entries: (t:1, i:111), STATEMACHINELOGENTRY, client-CFB50CAB4D08, cid=1749
2019-09-24 12:11:24,454 INFO  statemachine.SimpleStateMachine4Testing (SimpleStateMachine4Testing.java:put(198)) - s1: put 103, m74 -> (t:1, i:103), STATEMACHINELOGENTRY, client-CFB50CAB4D08, cid=1744
2019-09-24 12:11:24,454 INFO  statemachine.SimpleStateMachine4Testing (SimpleStateMachine4Testing.java:put(198)) - s2: put 105, m76 -> (t:1, i:105), STATEMACHINELOGENTRY, client-CFB50CAB4D08, cid=1746
2019-09-24 12:11:24,454 INFO  grpc.TestWatchRequestWithGrpc (WatchRequestTests.java:get(172)) - majorityCommitted-Watch(36) returns RaftClientReply:client-CFB50CAB4D08->s2@group-6E85041A3092, cid=1876, SUCCESS, logIndex=0, commits[s2:c107, s0:c0, s1:c100]
2019-09-24 12:11:24,455 INFO  statemachine.SimpleStateMachine4Testing (SimpleStateMachine4Testing.java:put(198)) - s1: put 104, m75 -> (t:1, i:104), STATEMACHINELOGENTRY, client-CFB50CAB4D08, cid=1745
2019-09-24 12:11:24,455 DEBUG impl.RaftServerImpl (RaftServerImpl.java:logAppendEntries(850)) - s0@group-6E85041A3092: receive appendEntries(s2, 1, (t:1, i:110), 107, false, commits[s2:c107, s0:c0, s1:c105], entries: (t:1, i:111), STATEMACHINELOGENTRY, client-CFB50CAB4D08, cid=1749
2019-09-24 12:11:24,455 DEBUG impl.RaftServerImpl (LeaderState.java:addWatchReqeust(324)) - s2@group-6E85041A3092-LeaderState: addWatchRequest RaftClientRequest:client-CFB50CAB4D08->s2@group-6E85041A3092, cid=1879, seq=0, Watch-ALL(37), Message:<EMPTY>
2019-09-24 12:11:24,454 DEBUG impl.WatchRequests (WatchRequests.java:updateIndex(142)) - s2@group-6E85041A3092-WatchRequests: update MAJORITY index from 107 to 108
2019-09-24 12:11:24,454 DEBUG client.GrpcClientProtocolService (GrpcClientProtocolService.java:sendReply(353)) - 0-OrderedRequestStreamObserver0: sendReply seq=76, RaftClientReply:client-CFB50CAB4D08->s2@group-6E85041A3092, cid=1745, SUCCESS, logIndex=104, commits[s2:c107, s0:c0, s1:c100]
2019-09-24 12:11:24,454 DEBUG impl.UnorderedAsync (UnorderedAsync.java:lambda$sendRequestWithRetry$4(77)) - client-CFB50CAB4D08: attempt #1 receive~ RaftClientReply:client-CFB50CAB4D08->s2@group-6E85041A3092, cid=1878, SUCCESS, logIndex=0, commits[s2:c107, s0:c0, s1:c100]
2019-09-24 12:11:24,454 DEBUG impl.UnorderedAsync (UnorderedAsync.java:sendRequestWithRetry(74)) - client-CFB50CAB4D08: attempt #1 send~ RaftClientRequest:client-CFB50CAB4D08->s2@group-6E85041A3092, cid=1920, seq=0, Watch-MAJORITY_COMMITTED(50), null
2019-09-24 12:11:24,456 INFO  statemachine.SimpleStateMachine4Testing (SimpleStateMachine4Testing.java:put(198)) - s2: put 106, m77 -> (t:1, i:106), STATEMACHINELOGENTRY, client-CFB50CAB4D08, cid=1747
2019-09-24 12:11:24,455 DEBUG impl.RaftServerImpl (RaftServerImpl.java:submitClientRequestAsync(533)) - s2@group-6E85041A3092: receive client request(RaftClientRequest:client-CFB50CAB4D08->s2@group-6E85041A3092, cid=1880, seq=0, Watch-MAJORITY_COMMITTED(37), Message:<EMPTY>)
2019-09-24 12:11:24,455 INFO  statemachine.SimpleStateMachine4Testing (SimpleStateMachine4Testing.java:put(198)) - s1: put 105, m76 -> (t:1, i:105), STATEMACHINELOGENTRY, client-CFB50CAB4D08, cid=1746
2019-09-24 12:11:24,455 INFO  grpc.TestWatchRequestWithGrpc (WatchRequestTests.java:checkMajority(230)) - checkMajority 27: receive RaftClientReply:client-CFB50CAB4D08->s2@group-6E85041A3092, cid=1697, SUCCESS, logIndex=37, commits[s2:c42, s0:c0, s1:c26]
2019-09-24 12:11:24,456 INFO  statemachine.SimpleStateMachine4Testing (SimpleStateMachine4Testing.java:put(198)) - s1: put 106, m77 -> (t:1, i:106), STATEMACHINELOGENTRY, client-CFB50CAB4D08, cid=1747
2019-09-24 12:11:24,456 DEBUG impl.RaftServerImpl (RaftServerImpl.java:logAppendEntries(850)) - s1@group-6E85041A3092: succeeded to handle AppendEntries. Reply: s2<-s1#121:OK,SUCCESS,nextIndex:111,term:1,followerCommit:106
2019-09-24 12:11:24,456 DEBUG impl.RaftServerImpl (LeaderState.java:addWatchReqeust(324)) - s2@group-6E85041A3092-LeaderState: addWatchRequest RaftClientRequest:client-CFB50CAB4D08->s2@group-6E85041A3092, cid=1880, seq=0, Watch-MAJORITY_COMMITTED(37), Message:<EMPTY>
2019-09-24 12:11:24,456 DEBUG impl.RaftServerImpl (RaftServerImpl.java:logAppendEntries(850)) - s1@group-6E85041A3092: succeeded to handle AppendEntries. Reply: s2<-s1#120:OK,SUCCESS,nextIndex:110,term:1,followerCommit:106
2019-09-24 12:11:24,456 DEBUG client.GrpcClientProtocolService (GrpcClientProtocolService.java:sendReply(353)) - 0-OrderedRequestStreamObserver0: sendReply seq=77, RaftClientReply:client-CFB50CAB4D08->s2@group-6E85041A3092, cid=1746, SUCCESS, logIndex=105, commits[s2:c108, s0:c0, s1:c105]
2019-09-24 12:11:24,456 DEBUG impl.UnorderedAsync (UnorderedAsync.java:sendRequestWithRetry(74)) - client-CFB50CAB4D08: attempt #1 send~ RaftClientRequest:client-CFB50CAB4D08->s2@group-6E85041A3092, cid=1921, seq=0, Watch-ALL_COMMITTED(50), null
2019-09-24 12:11:24,456 DEBUG impl.RaftServerImpl (RaftServerImpl.java:submitClientRequestAsync(533)) - s2@group-6E85041A3092: receive client request(RaftClientRequest:client-CFB50CAB4D08->s2@group-6E85041A3092, cid=1881, seq=0, Watch-ALL_COMMITTED(37), Message:<EMPTY>)
2019-09-24 12:11:24,456 INFO  grpc.TestWatchRequestWithGrpc (WatchRequestTests.java:get(172)) - majority-Watch(37) returns RaftClientReply:client-CFB50CAB4D08->s2@group-6E85041A3092, cid=1878, SUCCESS, logIndex=0, commits[s2:c107, s0:c0, s1:c100]
2019-09-24 12:11:24,457 DEBUG impl.RaftServerImpl (RaftServerImpl.java:submitClientRequestAsync(533)) - s2@group-6E85041A3092: receive client request(RaftClientRequest:client-CFB50CAB4D08->s2@group-6E85041A3092, cid=1750, seq=81, RW, Message:6d3830)
2019-09-24 12:11:24,457 INFO  grpc.TestWatchRequestWithGrpc (WatchRequestTests.java:lambda$sendRequests$0(99)) - SEND_WATCH: message=m38, logIndex=51
2019-09-24 12:11:24,457 DEBUG impl.RaftServerImpl (LeaderState.java:addWatchReqeust(324)) - s2@group-6E85041A3092-LeaderState: addWatchRequest RaftClientRequest:client-CFB50CAB4D08->s2@group-6E85041A3092, cid=1881, seq=0, Watch-ALL_COMMITTED(37), Message:<EMPTY>
2019-09-24 12:11:24,457 DEBUG impl.WatchRequests (WatchRequests.java:updateIndex(142)) - s2@group-6E85041A3092-WatchRequests: update MAJORITY_COMMITTED index from 105 to 106
2019-09-24 12:11:24,457 DEBUG impl.RaftServerImpl (RaftServerImpl.java:submitClientRequestAsync(533)) - s2@group-6E85041A3092: receive client request(RaftClientRequest:client-CFB50CAB4D08->s2@group-6E85041A3092, cid=1882, seq=0, Watch(38), Message:<EMPTY>)
2019-09-24 12:11:24,457 DEBUG impl.UnorderedAsync (UnorderedAsync.java:sendRequestWithRetry(74)) - client-CFB50CAB4D08: attempt #1 send~ RaftClientRequest:client-CFB50CAB4D08->s2@group-6E85041A3092, cid=1922, seq=0, Watch(51), null
2019-09-24 12:11:24,457 DEBUG impl.RaftServerImpl (LeaderState.java:addPendingRequest(317)) - s2@group-6E85041A3092-LeaderState: addPendingRequest at RaftClientRequest:client-CFB50CAB4D08->s2@group-6E85041A3092, cid=1750, seq=81, RW, Message:6d3830, entry=(t:1, i:112), STATEMACHINELOGENTRY, client-CFB50CAB4D08, cid=1750
2019-09-24 12:11:24,457 DEBUG impl.UnorderedAsync (UnorderedAsync.java:lambda$sendRequestWithRetry$4(77)) - client-CFB50CAB4D08: attempt #1 receive~ RaftClientReply:client-CFB50CAB4D08->s2@group-6E85041A3092, cid=1880, SUCCESS, logIndex=0, commits[s2:c108, s0:c0, s1:c105]
2019-09-24 12:11:24,458 INFO  statemachine.SimpleStateMachine4Testing (SimpleStateMachine4Testing.java:put(198)) - s2: put 110, m78 -> (t:1, i:110), STATEMACHINELOGENTRY, client-CFB50CAB4D08, cid=1748
2019-09-24 12:11:24,458 DEBUG impl.WatchRequests (WatchRequests.java:updateIndex(142)) - s2@group-6E85041A3092-WatchRequests: update MAJORITY index from 108 to 110
2019-09-24 12:11:24,458 DEBUG impl.UnorderedAsync (UnorderedAsync.java:sendRequestWithRetry(74)) - client-CFB50CAB4D08: attempt #1 send~ RaftClientRequest:client-CFB50CAB4D08->s2@group-6E85041A3092, cid=1923, seq=0, Watch-ALL(51), null
2019-09-24 12:11:24,458 DEBUG impl.RaftServerImpl (RaftServerImpl.java:logAppendEntries(850)) - s1@group-6E85041A3092: receive appendEntries(s2, 1, (t:1, i:111), 108, false, commits[s2:c108, s0:c0, s1:c106], entries: (t:1, i:112), STATEMACHINELOGENTRY, client-CFB50CAB4D08, cid=1750
2019-09-24 12:11:24,458 DEBUG impl.RaftServerImpl (LeaderState.java:addWatchReqeust(324)) - s2@group-6E85041A3092-LeaderState: addWatchRequest RaftClientRequest:client-CFB50CAB4D08->s2@group-6E85041A3092, cid=1882, seq=0, Watch(38), Message:<EMPTY>
2019-09-24 12:11:24,458 DEBUG impl.UnorderedAsync (UnorderedAsync.java:sendRequestWithRetry(74)) - client-CFB50CAB4D08: attempt #1 send~ RaftClientRequest:client-CFB50CAB4D08->s2@group-6E85041A3092, cid=1924, seq=0, Watch-MAJORITY_COMMITTED(51), null
2019-09-24 12:11:24,459 DEBUG impl.RaftServerImpl (RaftServerImpl.java:submitClientRequestAsync(533)) - s2@group-6E85041A3092: receive client request(RaftClientRequest:client-CFB50CAB4D08->s2@group-6E85041A3092, cid=1883, seq=0, Watch-ALL(38), Message:<EMPTY>)
2019-09-24 12:11:24,458 DEBUG impl.RaftServerImpl (RaftServerImpl.java:logAppendEntries(850)) - s0@group-6E85041A3092: receive appendEntries(s2, 1, (t:1, i:111), 110, false, commits[s2:c110, s0:c0, s1:c106], entries: (t:1, i:112), STATEMACHINELOGENTRY, client-CFB50CAB4D08, cid=1750
2019-09-24 12:11:24,458 INFO  grpc.TestWatchRequestWithGrpc (WatchRequestTests.java:get(172)) - majorityCommitted-Watch(37) returns RaftClientReply:client-CFB50CAB4D08->s2@group-6E85041A3092, cid=1880, SUCCESS, logIndex=0, commits[s2:c108, s0:c0, s1:c105]
2019-09-24 12:11:24,459 DEBUG impl.RaftServerImpl (RaftServerImpl.java:logAppendEntries(850)) - s0@group-6E85041A3092: receive appendEntries(s2, 1, (t:1, i:112), 110, false, commits[s2:c110, s0:c0, s1:c106], entries: (t:1, i:113), METADATAENTRY(c110)
2019-09-24 12:11:24,458 DEBUG client.GrpcClientProtocolService (GrpcClientProtocolService.java:sendReply(353)) - 0-OrderedRequestStreamObserver0: sendReply seq=78, RaftClientReply:client-CFB50CAB4D08->s2@group-6E85041A3092, cid=1747, SUCCESS, logIndex=106, commits[s2:c108, s0:c0, s1:c105]
2019-09-24 12:11:24,459 INFO  grpc.TestWatchRequestWithGrpc (WatchRequestTests.java:checkMajority(230)) - checkMajority 28: receive RaftClientReply:client-CFB50CAB4D08->s2@group-6E85041A3092, cid=1698, SUCCESS, logIndex=38, commits[s2:c42, s0:c0, s1:c26]
2019-09-24 12:11:24,459 DEBUG impl.UnorderedAsync (UnorderedAsync.java:lambda$sendRequestWithRetry$4(77)) - client-CFB50CAB4D08: attempt #1 receive~ RaftClientReply:client-CFB50CAB4D08->s2@group-6E85041A3092, cid=1882, SUCCESS, logIndex=0, commits[s2:c110, s0:c0, s1:c106]
2019-09-24 12:11:24,459 DEBUG impl.RaftServerImpl (LeaderState.java:addWatchReqeust(324)) - s2@group-6E85041A3092-LeaderState: addWatchRequest RaftClientRequest:client-CFB50CAB4D08->s2@group-6E85041A3092, cid=1883, seq=0, Watch-ALL(38), Message:<EMPTY>
2019-09-24 12:11:24,459 DEBUG impl.UnorderedAsync (UnorderedAsync.java:sendRequestWithRetry(74)) - client-CFB50CAB4D08: attempt #1 send~ RaftClientRequest:client-CFB50CAB4D08->s2@group-6E85041A3092, cid=1925, seq=0, Watch-ALL_COMMITTED(51), null
2019-09-24 12:11:24,458 DEBUG impl.RaftServerImpl (RaftServerImpl.java:logAppendEntries(850)) - s1@group-6E85041A3092: receive appendEntries(s2, 1, (t:1, i:112), 110, false, commits[s2:c110, s0:c0, s1:c106], entries: (t:1, i:113), METADATAENTRY(c110)
2019-09-24 12:11:24,460 INFO  grpc.TestWatchRequestWithGrpc (WatchRequestTests.java:lambda$sendRequests$0(99)) - SEND_WATCH: message=m39, logIndex=52
2019-09-24 12:11:24,460 DEBUG impl.RaftServerImpl (RaftServerImpl.java:submitClientRequestAsync(533)) - s2@group-6E85041A3092: receive client request(RaftClientRequest:client-CFB50CAB4D08->s2@group-6E85041A3092, cid=1884, seq=0, Watch-MAJORITY_COMMITTED(38), Message:<EMPTY>)
2019-09-24 12:11:24,460 DEBUG client.GrpcClientProtocolService (GrpcClientProtocolService.java:sendReply(353)) - 0-OrderedRequestStreamObserver0: sendReply seq=79, RaftClientReply:client-CFB50CAB4D08->s2@group-6E85041A3092, cid=1748, SUCCESS, logIndex=110, commits[s2:c110, s0:c0, s1:c106]
2019-09-24 12:11:24,459 INFO  grpc.TestWatchRequestWithGrpc (WatchRequestTests.java:get(172)) - majority-Watch(38) returns RaftClientReply:client-CFB50CAB4D08->s2@group-6E85041A3092, cid=1882, SUCCESS, logIndex=0, commits[s2:c110, s0:c0, s1:c106]
2019-09-24 12:11:24,460 DEBUG impl.RaftServerImpl (LeaderState.java:addWatchReqeust(324)) - s2@group-6E85041A3092-LeaderState: addWatchRequest RaftClientRequest:client-CFB50CAB4D08->s2@group-6E85041A3092, cid=1884, seq=0, Watch-MAJORITY_COMMITTED(38), Message:<EMPTY>
2019-09-24 12:11:24,460 DEBUG impl.UnorderedAsync (UnorderedAsync.java:sendRequestWithRetry(74)) - client-CFB50CAB4D08: attempt #1 send~ RaftClientRequest:client-CFB50CAB4D08->s2@group-6E85041A3092, cid=1926, seq=0, Watch(52), null
2019-09-24 12:11:24,461 DEBUG impl.RaftServerImpl (RaftServerImpl.java:submitClientRequestAsync(533)) - s2@group-6E85041A3092: receive client request(RaftClientRequest:client-CFB50CAB4D08->s2@group-6E85041A3092, cid=1885, seq=0, Watch-ALL_COMMITTED(38), Message:<EMPTY>)
2019-09-24 12:11:24,461 DEBUG impl.UnorderedAsync (UnorderedAsync.java:sendRequestWithRetry(74)) - client-CFB50CAB4D08: attempt #1 send~ RaftClientRequest:client-CFB50CAB4D08->s2@group-6E85041A3092, cid=1927, seq=0, Watch-ALL(52), null
2019-09-24 12:11:24,461 DEBUG impl.RaftServerImpl (RaftServerImpl.java:submitClientRequestAsync(533)) - s2@group-6E85041A3092: receive client request(RaftClientRequest:client-CFB50CAB4D08->s2@group-6E85041A3092, cid=1751, seq=82, RW, Message:6d3831)
2019-09-24 12:11:24,461 DEBUG impl.UnorderedAsync (UnorderedAsync.java:lambda$sendRequestWithRetry$4(77)) - client-CFB50CAB4D08: attempt #1 receive~ RaftClientReply:client-CFB50CAB4D08->s2@group-6E85041A3092, cid=1884, SUCCESS, logIndex=0, commits[s2:c110, s0:c0, s1:c106]
2019-09-24 12:11:24,461 DEBUG impl.UnorderedAsync (UnorderedAsync.java:sendRequestWithRetry(74)) - client-CFB50CAB4D08: attempt #1 send~ RaftClientRequest:client-CFB50CAB4D08->s2@group-6E85041A3092, cid=1928, seq=0, Watch-MAJORITY_COMMITTED(52), null
2019-09-24 12:11:24,461 DEBUG impl.RaftServerImpl (LeaderState.java:addWatchReqeust(324)) - s2@group-6E85041A3092-LeaderState: addWatchRequest RaftClientRequest:client-CFB50CAB4D08->s2@group-6E85041A3092, cid=1885, seq=0, Watch-ALL_COMMITTED(38), Message:<EMPTY>
2019-09-24 12:11:24,461 DEBUG impl.UnorderedAsync (UnorderedAsync.java:sendRequestWithRetry(74)) - client-CFB50CAB4D08: attempt #1 send~ RaftClientRequest:client-CFB50CAB4D08->s2@group-6E85041A3092, cid=1929, seq=0, Watch-ALL_COMMITTED(52), null
2019-09-24 12:11:24,461 INFO  grpc.TestWatchRequestWithGrpc (WatchRequestTests.java:get(172)) - majorityCommitted-Watch(38) returns RaftClientReply:client-CFB50CAB4D08->s2@group-6E85041A3092, cid=1884, SUCCESS, logIndex=0, commits[s2:c110, s0:c0, s1:c106]
2019-09-24 12:11:24,462 INFO  grpc.TestWatchRequestWithGrpc (WatchRequestTests.java:lambda$sendRequests$0(99)) - SEND_WATCH: message=m40, logIndex=53
2019-09-24 12:11:24,461 DEBUG impl.RaftServerImpl (LeaderState.java:addPendingRequest(317)) - s2@group-6E85041A3092-LeaderState: addPendingRequest at RaftClientRequest:client-CFB50CAB4D08->s2@group-6E85041A3092, cid=1751, seq=82, RW, Message:6d3831, entry=(t:1, i:114), STATEMACHINELOGENTRY, client-CFB50CAB4D08, cid=1751
2019-09-24 12:11:24,462 DEBUG impl.UnorderedAsync (UnorderedAsync.java:sendRequestWithRetry(74)) - client-CFB50CAB4D08: attempt #1 send~ RaftClientRequest:client-CFB50CAB4D08->s2@group-6E85041A3092, cid=1930, seq=0, Watch(53), null
2019-09-24 12:11:24,462 INFO  grpc.TestWatchRequestWithGrpc (WatchRequestTests.java:checkMajority(230)) - checkMajority 29: receive RaftClientReply:client-CFB50CAB4D08->s2@group-6E85041A3092, cid=1699, SUCCESS, logIndex=40, commits[s2:c42, s0:c0, s1:c26]
2019-09-24 12:11:24,461 DEBUG impl.RaftServerImpl (RaftServerImpl.java:submitClientRequestAsync(533)) - s2@group-6E85041A3092: receive client request(RaftClientRequest:client-CFB50CAB4D08->s2@group-6E85041A3092, cid=1886, seq=0, Watch(40), Message:<EMPTY>)
2019-09-24 12:11:24,462 DEBUG impl.RaftServerImpl (RaftServerImpl.java:logAppendEntries(850)) - s0@group-6E85041A3092: receive appendEntries(s2, 1, (t:1, i:113), 110, false, commits[s2:c110, s0:c0, s1:c106], entries: (t:1, i:114), STATEMACHINELOGENTRY, client-CFB50CAB4D08, cid=1751
2019-09-24 12:11:24,462 DEBUG impl.RaftServerImpl (RaftServerImpl.java:logAppendEntries(850)) - s1@group-6E85041A3092: receive appendEntries(s2, 1, (t:1, i:113), 110, false, commits[s2:c110, s0:c0, s1:c106], entries: (t:1, i:114), STATEMACHINELOGENTRY, client-CFB50CAB4D08, cid=1751
2019-09-24 12:11:24,462 DEBUG impl.UnorderedAsync (UnorderedAsync.java:sendRequestWithRetry(74)) - client-CFB50CAB4D08: attempt #1 send~ RaftClientRequest:client-CFB50CAB4D08->s2@group-6E85041A3092, cid=1931, seq=0, Watch-ALL(53), null
2019-09-24 12:11:24,462 DEBUG impl.RaftServerImpl (RaftServerImpl.java:submitClientRequestAsync(533)) - s2@group-6E85041A3092: receive client request(RaftClientRequest:client-CFB50CAB4D08->s2@group-6E85041A3092, cid=1752, seq=83, RW, Message:6d3832)
2019-09-24 12:11:24,463 DEBUG impl.UnorderedAsync (UnorderedAsync.java:sendRequestWithRetry(74)) - client-CFB50CAB4D08: attempt #1 send~ RaftClientRequest:client-CFB50CAB4D08->s2@group-6E85041A3092, cid=1932, seq=0, Watch-MAJORITY_COMMITTED(53), null
2019-09-24 12:11:24,462 DEBUG impl.RaftServerImpl (LeaderState.java:addWatchReqeust(324)) - s2@group-6E85041A3092-LeaderState: addWatchRequest RaftClientRequest:client-CFB50CAB4D08->s2@group-6E85041A3092, cid=1886, seq=0, Watch(40), Message:<EMPTY>
2019-09-24 12:11:24,463 DEBUG impl.UnorderedAsync (UnorderedAsync.java:sendRequestWithRetry(74)) - client-CFB50CAB4D08: attempt #1 send~ RaftClientRequest:client-CFB50CAB4D08->s2@group-6E85041A3092, cid=1933, seq=0, Watch-ALL_COMMITTED(53), null
2019-09-24 12:11:24,463 DEBUG impl.RaftServerImpl (LeaderState.java:addPendingRequest(317)) - s2@group-6E85041A3092-LeaderState: addPendingRequest at RaftClientRequest:client-CFB50CAB4D08->s2@group-6E85041A3092, cid=1752, seq=83, RW, Message:6d3832, entry=(t:1, i:115), STATEMACHINELOGENTRY, client-CFB50CAB4D08, cid=1752
2019-09-24 12:11:24,463 INFO  grpc.TestWatchRequestWithGrpc (WatchRequestTests.java:lambda$sendRequests$0(99)) - SEND_WATCH: message=m41, logIndex=54
2019-09-24 12:11:24,463 DEBUG impl.UnorderedAsync (UnorderedAsync.java:sendRequestWithRetry(74)) - client-CFB50CAB4D08: attempt #1 send~ RaftClientRequest:client-CFB50CAB4D08->s2@group-6E85041A3092, cid=1934, seq=0, Watch(54), null
2019-09-24 12:11:24,463 DEBUG impl.RaftServerImpl (RaftServerImpl.java:submitClientRequestAsync(533)) - s2@group-6E85041A3092: receive client request(RaftClientRequest:client-CFB50CAB4D08->s2@group-6E85041A3092, cid=1887, seq=0, Watch-ALL(40), Message:<EMPTY>)
2019-09-24 12:11:24,463 DEBUG impl.RaftServerImpl (RaftServerImpl.java:logAppendEntries(850)) - s1@group-6E85041A3092: receive appendEntries(s2, 1, (t:1, i:114), 110, false, commits[s2:c110, s0:c0, s1:c106], entries: (t:1, i:115), STATEMACHINELOGENTRY, client-CFB50CAB4D08, cid=1752
2019-09-24 12:11:24,463 DEBUG impl.UnorderedAsync (UnorderedAsync.java:sendRequestWithRetry(74)) - client-CFB50CAB4D08: attempt #1 send~ RaftClientRequest:client-CFB50CAB4D08->s2@group-6E85041A3092, cid=1935, seq=0, Watch-ALL(54), null
2019-09-24 12:11:24,463 DEBUG impl.RaftServerImpl (RaftServerImpl.java:logAppendEntries(850)) - s0@group-6E85041A3092: receive appendEntries(s2, 1, (t:1, i:114), 110, false, commits[s2:c110, s0:c0, s1:c106], entries: (t:1, i:115), STATEMACHINELOGENTRY, client-CFB50CAB4D08, cid=1752
2019-09-24 12:11:24,463 DEBUG impl.UnorderedAsync (UnorderedAsync.java:lambda$sendRequestWithRetry$4(77)) - client-CFB50CAB4D08: attempt #1 receive~ RaftClientReply:client-CFB50CAB4D08->s2@group-6E85041A3092, cid=1886, SUCCESS, logIndex=0, commits[s2:c110, s0:c0, s1:c106]
2019-09-24 12:11:24,463 DEBUG impl.RaftServerImpl (RaftServerImpl.java:submitClientRequestAsync(533)) - s2@group-6E85041A3092: receive client request(RaftClientRequest:client-CFB50CAB4D08->s2@group-6E85041A3092, cid=1753, seq=84, RW, Message:6d3833)
2019-09-24 12:11:24,464 INFO  grpc.TestWatchRequestWithGrpc (WatchRequestTests.java:get(172)) - majority-Watch(40) returns RaftClientReply:client-CFB50CAB4D08->s2@group-6E85041A3092, cid=1886, SUCCESS, logIndex=0, commits[s2:c110, s0:c0, s1:c106]
2019-09-24 12:11:24,464 DEBUG impl.UnorderedAsync (UnorderedAsync.java:sendRequestWithRetry(74)) - client-CFB50CAB4D08: attempt #1 send~ RaftClientRequest:client-CFB50CAB4D08->s2@group-6E85041A3092, cid=1936, seq=0, Watch-MAJORITY_COMMITTED(54), null
2019-09-24 12:11:24,464 DEBUG impl.RaftServerImpl (LeaderState.java:addWatchReqeust(324)) - s2@group-6E85041A3092-LeaderState: addWatchRequest RaftClientRequest:client-CFB50CAB4D08->s2@group-6E85041A3092, cid=1887, seq=0, Watch-ALL(40), Message:<EMPTY>
2019-09-24 12:11:24,464 DEBUG impl.UnorderedAsync (UnorderedAsync.java:sendRequestWithRetry(74)) - client-CFB50CAB4D08: attempt #1 send~ RaftClientRequest:client-CFB50CAB4D08->s2@group-6E85041A3092, cid=1937, seq=0, Watch-ALL_COMMITTED(54), null
2019-09-24 12:11:24,464 DEBUG impl.RaftServerImpl (LeaderState.java:addPendingRequest(317)) - s2@group-6E85041A3092-LeaderState: addPendingRequest at RaftClientRequest:client-CFB50CAB4D08->s2@group-6E85041A3092, cid=1753, seq=84, RW, Message:6d3833, entry=(t:1, i:116), STATEMACHINELOGENTRY, client-CFB50CAB4D08, cid=1753
2019-09-24 12:11:24,465 INFO  grpc.TestWatchRequestWithGrpc (WatchRequestTests.java:lambda$sendRequests$0(99)) - SEND_WATCH: message=m42, logIndex=55
2019-09-24 12:11:24,465 DEBUG impl.RaftServerImpl (RaftServerImpl.java:submitClientRequestAsync(533)) - s2@group-6E85041A3092: receive client request(RaftClientRequest:client-CFB50CAB4D08->s2@group-6E85041A3092, cid=1888, seq=0, Watch-MAJORITY_COMMITTED(40), Message:<EMPTY>)
2019-09-24 12:11:24,465 DEBUG impl.UnorderedAsync (UnorderedAsync.java:sendRequestWithRetry(74)) - client-CFB50CAB4D08: attempt #1 send~ RaftClientRequest:client-CFB50CAB4D08->s2@group-6E85041A3092, cid=1938, seq=0, Watch(55), null
2019-09-24 12:11:24,465 DEBUG impl.RaftServerImpl (RaftServerImpl.java:submitClientRequestAsync(533)) - s2@group-6E85041A3092: receive client request(RaftClientRequest:client-CFB50CAB4D08->s2@group-6E85041A3092, cid=1754, seq=85, RW, Message:6d3834)
2019-09-24 12:11:24,465 DEBUG impl.UnorderedAsync (UnorderedAsync.java:sendRequestWithRetry(74)) - client-CFB50CAB4D08: attempt #1 send~ RaftClientRequest:client-CFB50CAB4D08->s2@group-6E85041A3092, cid=1939, seq=0, Watch-ALL(55), null
2019-09-24 12:11:24,465 DEBUG impl.RaftServerImpl (LeaderState.java:addWatchReqeust(324)) - s2@group-6E85041A3092-LeaderState: addWatchRequest RaftClientRequest:client-CFB50CAB4D08->s2@group-6E85041A3092, cid=1888, seq=0, Watch-MAJORITY_COMMITTED(40), Message:<EMPTY>
2019-09-24 12:11:24,465 DEBUG impl.RaftServerImpl (RaftServerImpl.java:logAppendEntries(850)) - s0@group-6E85041A3092: receive appendEntries(s2, 1, (t:1, i:115), 110, false, commits[s2:c110, s0:c0, s1:c106], entries: (t:1, i:116), STATEMACHINELOGENTRY, client-CFB50CAB4D08, cid=1753
2019-09-24 12:11:24,466 DEBUG impl.RaftServerImpl (RaftServerImpl.java:submitClientRequestAsync(533)) - s2@group-6E85041A3092: receive client request(RaftClientRequest:client-CFB50CAB4D08->s2@group-6E85041A3092, cid=1889, seq=0, Watch-ALL_COMMITTED(40), Message:<EMPTY>)
2019-09-24 12:11:24,465 DEBUG impl.RaftServerImpl (RaftServerImpl.java:logAppendEntries(850)) - s1@group-6E85041A3092: receive appendEntries(s2, 1, (t:1, i:115), 110, false, commits[s2:c110, s0:c0, s1:c106], entries: (t:1, i:116), STATEMACHINELOGENTRY, client-CFB50CAB4D08, cid=1753
2019-09-24 12:11:24,466 DEBUG impl.RaftServerImpl (LeaderState.java:addWatchReqeust(324)) - s2@group-6E85041A3092-LeaderState: addWatchRequest RaftClientRequest:client-CFB50CAB4D08->s2@group-6E85041A3092, cid=1889, seq=0, Watch-ALL_COMMITTED(40), Message:<EMPTY>
2019-09-24 12:11:24,465 DEBUG impl.UnorderedAsync (UnorderedAsync.java:sendRequestWithRetry(74)) - client-CFB50CAB4D08: attempt #1 send~ RaftClientRequest:client-CFB50CAB4D08->s2@group-6E85041A3092, cid=1940, seq=0, Watch-MAJORITY_COMMITTED(55), null
2019-09-24 12:11:24,465 DEBUG impl.RaftServerImpl (LeaderState.java:addPendingRequest(317)) - s2@group-6E85041A3092-LeaderState: addPendingRequest at RaftClientRequest:client-CFB50CAB4D08->s2@group-6E85041A3092, cid=1754, seq=85, RW, Message:6d3834, entry=(t:1, i:117), STATEMACHINELOGENTRY, client-CFB50CAB4D08, cid=1754
2019-09-24 12:11:24,466 DEBUG impl.UnorderedAsync (UnorderedAsync.java:sendRequestWithRetry(74)) - client-CFB50CAB4D08: attempt #1 send~ RaftClientRequest:client-CFB50CAB4D08->s2@group-6E85041A3092, cid=1941, seq=0, Watch-ALL_COMMITTED(55), null
2019-09-24 12:11:24,466 DEBUG impl.RaftServerImpl (RaftServerImpl.java:submitClientRequestAsync(533)) - s2@group-6E85041A3092: receive client request(RaftClientRequest:client-CFB50CAB4D08->s2@group-6E85041A3092, cid=1890, seq=0, Watch(41), Message:<EMPTY>)
2019-09-24 12:11:24,466 DEBUG impl.RaftServerImpl (RaftServerImpl.java:logAppendEntries(850)) - s0@group-6E85041A3092: receive appendEntries(s2, 1, (t:1, i:116), 110, false, commits[s2:c110, s0:c0, s1:c106], entries: (t:1, i:117), STATEMACHINELOGENTRY, client-CFB50CAB4D08, cid=1754
2019-09-24 12:11:24,466 DEBUG impl.UnorderedAsync (UnorderedAsync.java:lambda$sendRequestWithRetry$4(77)) - client-CFB50CAB4D08: attempt #1 receive~ RaftClientReply:client-CFB50CAB4D08->s2@group-6E85041A3092, cid=1888, SUCCESS, logIndex=0, commits[s2:c110, s0:c0, s1:c106]
2019-09-24 12:11:24,466 DEBUG impl.RaftServerImpl (RaftServerImpl.java:logAppendEntries(850)) - s1@group-6E85041A3092: receive appendEntries(s2, 1, (t:1, i:116), 110, false, commits[s2:c110, s0:c0, s1:c106], entries: (t:1, i:117), STATEMACHINELOGENTRY, client-CFB50CAB4D08, cid=1754
2019-09-24 12:11:24,466 INFO  grpc.TestWatchRequestWithGrpc (WatchRequestTests.java:lambda$sendRequests$0(99)) - SEND_WATCH: message=m43, logIndex=60
2019-09-24 12:11:24,466 DEBUG impl.RaftServerImpl (LeaderState.java:addWatchReqeust(324)) - s2@group-6E85041A3092-LeaderState: addWatchRequest RaftClientRequest:client-CFB50CAB4D08->s2@group-6E85041A3092, cid=1890, seq=0, Watch(41), Message:<EMPTY>
2019-09-24 12:11:24,466 DEBUG impl.RaftServerImpl (RaftServerImpl.java:submitClientRequestAsync(533)) - s2@group-6E85041A3092: receive client request(RaftClientRequest:client-CFB50CAB4D08->s2@group-6E85041A3092, cid=1755, seq=86, RW, Message:6d3835)
2019-09-24 12:11:24,467 DEBUG impl.UnorderedAsync (UnorderedAsync.java:sendRequestWithRetry(74)) - client-CFB50CAB4D08: attempt #1 send~ RaftClientRequest:client-CFB50CAB4D08->s2@group-6E85041A3092, cid=1942, seq=0, Watch(60), null
2019-09-24 12:11:24,467 DEBUG impl.RaftServerImpl (RaftServerImpl.java:logAppendEntries(850)) - s1@group-6E85041A3092: succeeded to handle AppendEntries. Reply: s2<-s1#122:OK,SUCCESS,nextIndex:112,term:1,followerCommit:107
2019-09-24 12:11:24,467 INFO  grpc.TestWatchRequestWithGrpc (WatchRequestTests.java:get(172)) - majorityCommitted-Watch(40) returns RaftClientReply:client-CFB50CAB4D08->s2@group-6E85041A3092, cid=1888, SUCCESS, logIndex=0, commits[s2:c110, s0:c0, s1:c106]
2019-09-24 12:11:24,467 DEBUG impl.UnorderedAsync (UnorderedAsync.java:lambda$sendRequestWithRetry$4(77)) - client-CFB50CAB4D08: attempt #1 receive~ RaftClientReply:client-CFB50CAB4D08->s2@group-6E85041A3092, cid=1890, SUCCESS, logIndex=0, commits[s2:c110, s0:c0, s1:c106]
2019-09-24 12:11:24,467 DEBUG impl.UnorderedAsync (UnorderedAsync.java:sendRequestWithRetry(74)) - client-CFB50CAB4D08: attempt #1 send~ RaftClientRequest:client-CFB50CAB4D08->s2@group-6E85041A3092, cid=1943, seq=0, Watch-ALL(60), null
2019-09-24 12:11:24,467 DEBUG impl.RaftServerImpl (LeaderState.java:addPendingRequest(317)) - s2@group-6E85041A3092-LeaderState: addPendingRequest at RaftClientRequest:client-CFB50CAB4D08->s2@group-6E85041A3092, cid=1755, seq=86, RW, Message:6d3835, entry=(t:1, i:118), STATEMACHINELOGENTRY, client-CFB50CAB4D08, cid=1755
2019-09-24 12:11:24,467 DEBUG impl.RaftServerImpl (RaftServerImpl.java:submitClientRequestAsync(533)) - s2@group-6E85041A3092: receive client request(RaftClientRequest:client-CFB50CAB4D08->s2@group-6E85041A3092, cid=1891, seq=0, Watch-ALL(41), Message:<EMPTY>)
2019-09-24 12:11:24,468 DEBUG impl.RaftServerImpl (RaftServerImpl.java:submitClientRequestAsync(533)) - s2@group-6E85041A3092: receive client request(RaftClientRequest:client-CFB50CAB4D08->s2@group-6E85041A3092, cid=1756, seq=87, RW, Message:6d3836)
2019-09-24 12:11:24,468 DEBUG impl.UnorderedAsync (UnorderedAsync.java:sendRequestWithRetry(74)) - client-CFB50CAB4D08: attempt #1 send~ RaftClientRequest:client-CFB50CAB4D08->s2@group-6E85041A3092, cid=1944, seq=0, Watch-MAJORITY_COMMITTED(60), null
2019-09-24 12:11:24,468 DEBUG impl.WatchRequests (WatchRequests.java:updateIndex(142)) - s2@group-6E85041A3092-WatchRequests: update MAJORITY_COMMITTED index from 106 to 107
2019-09-24 12:11:24,468 INFO  grpc.TestWatchRequestWithGrpc (WatchRequestTests.java:checkMajority(230)) - checkMajority 30: receive RaftClientReply:client-CFB50CAB4D08->s2@group-6E85041A3092, cid=1700, SUCCESS, logIndex=41, commits[s2:c42, s0:c0, s1:c27]
2019-09-24 12:11:24,468 DEBUG impl.RaftServerImpl (RaftServerImpl.java:logAppendEntries(850)) - s1@group-6E85041A3092: succeeded to handle AppendEntries. Reply: s2<-s1#128:OK,SUCCESS,nextIndex:118,term:1,followerCommit:110
2019-09-24 12:11:24,468 DEBUG impl.RaftServerImpl (RaftServerImpl.java:logAppendEntries(850)) - s1@group-6E85041A3092: succeeded to handle AppendEntries. Reply: s2<-s1#127:OK,SUCCESS,nextIndex:117,term:1,followerCommit:110
2019-09-24 12:11:24,468 DEBUG impl.UnorderedAsync (UnorderedAsync.java:sendRequestWithRetry(74)) - client-CFB50CAB4D08: attempt #1 send~ RaftClientRequest:client-CFB50CAB4D08->s2@group-6E85041A3092, cid=1945, seq=0, Watch-ALL_COMMITTED(60), null
2019-09-24 12:11:24,468 DEBUG impl.RaftServerImpl (RaftServerImpl.java:logAppendEntries(850)) - s1@group-6E85041A3092: succeeded to handle AppendEntries. Reply: s2<-s1#126:OK,SUCCESS,nextIndex:116,term:1,followerCommit:110
2019-09-24 12:11:24,468 INFO  statemachine.SimpleStateMachine4Testing (SimpleStateMachine4Testing.java:put(198)) - s1: put 110, m78 -> (t:1, i:110), STATEMACHINELOGENTRY, client-CFB50CAB4D08, cid=1748
2019-09-24 12:11:24,468 DEBUG impl.RaftServerImpl (LeaderState.java:addPendingRequest(317)) - s2@group-6E85041A3092-LeaderState: addPendingRequest at RaftClientRequest:client-CFB50CAB4D08->s2@group-6E85041A3092, cid=1756, seq=87, RW, Message:6d3836, entry=(t:1, i:119), STATEMACHINELOGENTRY, client-CFB50CAB4D08, cid=1756
2019-09-24 12:11:24,468 DEBUG impl.RaftServerImpl (RaftServerImpl.java:logAppendEntries(850)) - s1@group-6E85041A3092: succeeded to handle AppendEntries. Reply: s2<-s1#125:OK,SUCCESS,nextIndex:115,term:1,followerCommit:110
2019-09-24 12:11:24,468 DEBUG impl.RaftServerImpl (RaftServerImpl.java:logAppendEntries(850)) - s1@group-6E85041A3092: succeeded to handle AppendEntries. Reply: s2<-s1#124:OK,SUCCESS,nextIndex:114,term:1,followerCommit:110
2019-09-24 12:11:24,468 DEBUG impl.RaftServerImpl (RaftServerImpl.java:logAppendEntries(850)) - s1@group-6E85041A3092: receive appendEntries(s2, 1, (t:1, i:117), 110, false, commits[s2:c110, s0:c0, s1:c107], entries: (t:1, i:118), STATEMACHINELOGENTRY, client-CFB50CAB4D08, cid=1755
2019-09-24 12:11:24,468 DEBUG impl.RaftServerImpl (RaftServerImpl.java:logAppendEntries(850)) - s0@group-6E85041A3092: receive appendEntries(s2, 1, (t:1, i:117), 110, false, commits[s2:c110, s0:c0, s1:c107], entries: (t:1, i:118), STATEMACHINELOGENTRY, client-CFB50CAB4D08, cid=1755
2019-09-24 12:11:24,468 DEBUG impl.RaftServerImpl (RaftServerImpl.java:logAppendEntries(850)) - s1@group-6E85041A3092: succeeded to handle AppendEntries. Reply: s2<-s1#123:OK,SUCCESS,nextIndex:113,term:1,followerCommit:108
2019-09-24 12:11:24,468 DEBUG impl.RaftServerImpl (LeaderState.java:addWatchReqeust(324)) - s2@group-6E85041A3092-LeaderState: addWatchRequest RaftClientRequest:client-CFB50CAB4D08->s2@group-6E85041A3092, cid=1891, seq=0, Watch-ALL(41), Message:<EMPTY>
2019-09-24 12:11:24,470 DEBUG impl.RaftServerImpl (RaftServerImpl.java:logAppendEntries(850)) - s0@group-6E85041A3092: receive appendEntries(s2, 1, (t:1, i:118), 111, false, commits[s2:c111, s0:c0, s1:c107], entries: (t:1, i:119), STATEMACHINELOGENTRY, client-CFB50CAB4D08, cid=1756
2019-09-24 12:11:24,470 DEBUG impl.RaftServerImpl (RaftServerImpl.java:logAppendEntries(850)) - s1@group-6E85041A3092: receive appendEntries(s2, 1, (t:1, i:118), 110, false, commits[s2:c110, s0:c0, s1:c107], entries: (t:1, i:119), STATEMACHINELOGENTRY, client-CFB50CAB4D08, cid=1756
2019-09-24 12:11:24,469 DEBUG impl.RaftServerImpl (RaftServerImpl.java:submitClientRequestAsync(533)) - s2@group-6E85041A3092: receive client request(RaftClientRequest:client-CFB50CAB4D08->s2@group-6E85041A3092, cid=1757, seq=88, RW, Message:6d3837)
2019-09-24 12:11:24,469 INFO  statemachine.SimpleStateMachine4Testing (SimpleStateMachine4Testing.java:put(198)) - s2: put 111, m79 -> (t:1, i:111), STATEMACHINELOGENTRY, client-CFB50CAB4D08, cid=1749
2019-09-24 12:11:24,469 DEBUG impl.WatchRequests (WatchRequests.java:updateIndex(142)) - s2@group-6E85041A3092-WatchRequests: update MAJORITY index from 110 to 111
2019-09-24 12:11:24,469 INFO  grpc.TestWatchRequestWithGrpc (WatchRequestTests.java:lambda$sendRequests$0(99)) - SEND_WATCH: message=m44, logIndex=61
2019-09-24 12:11:24,468 INFO  grpc.TestWatchRequestWithGrpc (WatchRequestTests.java:get(172)) - majority-Watch(41) returns RaftClientReply:client-CFB50CAB4D08->s2@group-6E85041A3092, cid=1890, SUCCESS, logIndex=0, commits[s2:c110, s0:c0, s1:c106]
2019-09-24 12:11:24,470 DEBUG impl.UnorderedAsync (UnorderedAsync.java:sendRequestWithRetry(74)) - client-CFB50CAB4D08: attempt #1 send~ RaftClientRequest:client-CFB50CAB4D08->s2@group-6E85041A3092, cid=1946, seq=0, Watch(61), null
2019-09-24 12:11:24,470 DEBUG impl.WatchRequests (WatchRequests.java:updateIndex(142)) - s2@group-6E85041A3092-WatchRequests: update MAJORITY_COMMITTED index from 107 to 108
2019-09-24 12:11:24,470 DEBUG impl.RaftServerImpl (RaftServerImpl.java:submitClientRequestAsync(533)) - s2@group-6E85041A3092: receive client request(RaftClientRequest:client-CFB50CAB4D08->s2@group-6E85041A3092, cid=1892, seq=0, Watch-MAJORITY_COMMITTED(41), Message:<EMPTY>)
2019-09-24 12:11:24,471 DEBUG impl.WatchRequests (WatchRequests.java:updateIndex(142)) - s2@group-6E85041A3092-WatchRequests: update MAJORITY_COMMITTED index from 108 to 110
2019-09-24 12:11:24,471 DEBUG impl.WatchRequests (WatchRequests.java:updateIndex(142)) - s2@group-6E85041A3092-WatchRequests: update MAJORITY index from 111 to 112
2019-09-24 12:11:24,471 DEBUG impl.UnorderedAsync (UnorderedAsync.java:sendRequestWithRetry(74)) - client-CFB50CAB4D08: attempt #1 send~ RaftClientRequest:client-CFB50CAB4D08->s2@group-6E85041A3092, cid=1947, seq=0, Watch-ALL(61), null
2019-09-24 12:11:24,471 DEBUG impl.RaftServerImpl (RaftServerImpl.java:logAppendEntries(850)) - s0@group-6E85041A3092: receive appendEntries(s2, 1, (t:1, i:119), 111, false, commits[s2:c111, s0:c0, s1:c108], entries: (t:1, i:120), METADATAENTRY(c111)
2019-09-24 12:11:24,471 DEBUG impl.RaftServerImpl (RaftServerImpl.java:logAppendEntries(850)) - s1@group-6E85041A3092: receive appendEntries(s2, 1, (t:1, i:119), 111, false, commits[s2:c111, s0:c0, s1:c108], entries: (t:1, i:120), METADATAENTRY(c111)
2019-09-24 12:11:24,471 DEBUG impl.RaftServerImpl (RaftServerImpl.java:logAppendEntries(850)) - s0@group-6E85041A3092: receive appendEntries(s2, 1, (t:1, i:120), 113, false, commits[s2:c113, s0:c0, s1:c110], entries: (t:1, i:121), METADATAENTRY(c112)
2019-09-24 12:11:24,471 DEBUG impl.UnorderedAsync (UnorderedAsync.java:sendRequestWithRetry(74)) - client-CFB50CAB4D08: attempt #1 send~ RaftClientRequest:client-CFB50CAB4D08->s2@group-6E85041A3092, cid=1948, seq=0, Watch-MAJORITY_COMMITTED(61), null
2019-09-24 12:11:24,471 DEBUG impl.RaftServerImpl (RaftServerImpl.java:logAppendEntries(850)) - s1@group-6E85041A3092: succeeded to handle AppendEntries. Reply: s2<-s1#129:OK,SUCCESS,nextIndex:119,term:1,followerCommit:110
2019-09-24 12:11:24,471 DEBUG impl.WatchRequests (WatchRequests.java:updateIndex(142)) - s2@group-6E85041A3092-WatchRequests: update MAJORITY index from 112 to 113
2019-09-24 12:11:24,471 DEBUG impl.RaftServerImpl (LeaderState.java:addWatchReqeust(324)) - s2@group-6E85041A3092-LeaderState: addWatchRequest RaftClientRequest:client-CFB50CAB4D08->s2@group-6E85041A3092, cid=1892, seq=0, Watch-MAJORITY_COMMITTED(41), Message:<EMPTY>
2019-09-24 12:11:24,472 DEBUG impl.WatchRequests (WatchRequests.java:updateIndex(142)) - s2@group-6E85041A3092-WatchRequests: update MAJORITY index from 113 to 117
2019-09-24 12:11:24,472 DEBUG impl.UnorderedAsync (UnorderedAsync.java:sendRequestWithRetry(74)) - client-CFB50CAB4D08: attempt #1 send~ RaftClientRequest:client-CFB50CAB4D08->s2@group-6E85041A3092, cid=1949, seq=0, Watch-ALL_COMMITTED(61), null
2019-09-24 12:11:24,471 DEBUG impl.RaftServerImpl (RaftServerImpl.java:logAppendEntries(850)) - s1@group-6E85041A3092: receive appendEntries(s2, 1, (t:1, i:120), 112, false, commits[s2:c112, s0:c0, s1:c110], entries: (t:1, i:121), METADATAENTRY(c112)
2019-09-24 12:11:24,472 INFO  grpc.TestWatchRequestWithGrpc (WatchRequestTests.java:lambda$sendRequests$0(99)) - SEND_WATCH: message=m45, logIndex=62
2019-09-24 12:11:24,472 DEBUG impl.RaftServerImpl (RaftServerImpl.java:submitClientRequestAsync(533)) - s2@group-6E85041A3092: receive client request(RaftClientRequest:client-CFB50CAB4D08->s2@group-6E85041A3092, cid=1893, seq=0, Watch-ALL_COMMITTED(41), Message:<EMPTY>)
2019-09-24 12:11:24,473 DEBUG impl.UnorderedAsync (UnorderedAsync.java:lambda$sendRequestWithRetry$4(77)) - client-CFB50CAB4D08: attempt #1 receive~ RaftClientReply:client-CFB50CAB4D08->s2@group-6E85041A3092, cid=1892, SUCCESS, logIndex=0, commits[s2:c117, s0:c0, s1:c110]
2019-09-24 12:11:24,472 DEBUG impl.WatchRequests (WatchRequests.java:updateIndex(142)) - s2@group-6E85041A3092-WatchRequests: update MAJORITY index from 117 to 118
2019-09-24 12:11:24,473 INFO  grpc.TestWatchRequestWithGrpc (WatchRequestTests.java:get(172)) - majorityCommitted-Watch(41) returns RaftClientReply:client-CFB50CAB4D08->s2@group-6E85041A3092, cid=1892, SUCCESS, logIndex=0, commits[s2:c117, s0:c0, s1:c110]
2019-09-24 12:11:24,473 DEBUG impl.RaftServerImpl (LeaderState.java:addWatchReqeust(324)) - s2@group-6E85041A3092-LeaderState: addWatchRequest RaftClientRequest:client-CFB50CAB4D08->s2@group-6E85041A3092, cid=1893, seq=0, Watch-ALL_COMMITTED(41), Message:<EMPTY>
2019-09-24 12:11:24,472 DEBUG impl.RaftServerImpl (RaftServerImpl.java:logAppendEntries(850)) - s1@group-6E85041A3092: receive appendEntries(s2, 1, (t:1, i:121), 118, false, commits[s2:c118, s0:c0, s1:c110], entries: (t:1, i:122), METADATAENTRY(c117)
2019-09-24 12:11:24,472 DEBUG impl.UnorderedAsync (UnorderedAsync.java:sendRequestWithRetry(74)) - client-CFB50CAB4D08: attempt #1 send~ RaftClientRequest:client-CFB50CAB4D08->s2@group-6E85041A3092, cid=1950, seq=0, Watch(62), null
2019-09-24 12:11:24,473 DEBUG impl.RaftServerImpl (RaftServerImpl.java:logAppendEntries(850)) - s1@group-6E85041A3092: receive appendEntries(s2, 1, (t:1, i:122), 118, false, commits[s2:c118, s0:c0, s1:c110], entries: (t:1, i:123), METADATAENTRY(c118)
2019-09-24 12:11:24,472 DEBUG impl.RaftServerImpl (RaftServerImpl.java:logAppendEntries(850)) - s0@group-6E85041A3092: receive appendEntries(s2, 1, (t:1, i:121), 118, false, commits[s2:c118, s0:c0, s1:c110], entries: (t:1, i:122), METADATAENTRY(c117)
2019-09-24 12:11:24,473 DEBUG impl.UnorderedAsync (UnorderedAsync.java:sendRequestWithRetry(74)) - client-CFB50CAB4D08: attempt #1 send~ RaftClientRequest:client-CFB50CAB4D08->s2@group-6E85041A3092, cid=1951, seq=0, Watch-ALL(62), null
2019-09-24 12:11:24,474 DEBUG impl.RaftServerImpl (RaftServerImpl.java:logAppendEntries(850)) - s0@group-6E85041A3092: receive appendEntries(s2, 1, (t:1, i:122), 118, false, commits[s2:c118, s0:c0, s1:c110], entries: (t:1, i:123), METADATAENTRY(c118)
2019-09-24 12:11:24,473 DEBUG impl.RaftServerImpl (RaftServerImpl.java:submitClientRequestAsync(533)) - s2@group-6E85041A3092: receive client request(RaftClientRequest:client-CFB50CAB4D08->s2@group-6E85041A3092, cid=1894, seq=0, Watch(42), Message:<EMPTY>)
2019-09-24 12:11:24,473 DEBUG impl.RaftServerImpl (LeaderState.java:addPendingRequest(317)) - s2@group-6E85041A3092-LeaderState: addPendingRequest at RaftClientRequest:client-CFB50CAB4D08->s2@group-6E85041A3092, cid=1757, seq=88, RW, Message:6d3837, entry=(t:1, i:124), STATEMACHINELOGENTRY, client-CFB50CAB4D08, cid=1757
2019-09-24 12:11:24,473 INFO  grpc.TestWatchRequestWithGrpc (WatchRequestTests.java:checkMajority(230)) - checkMajority 31: receive RaftClientReply:client-CFB50CAB4D08->s2@group-6E85041A3092, cid=1701, SUCCESS, logIndex=42, commits[s2:c42, s0:c0, s1:c27]
2019-09-24 12:11:24,474 DEBUG client.GrpcClientProtocolService (GrpcClientProtocolService.java:sendReply(353)) - 0-OrderedRequestStreamObserver0: sendReply seq=80, RaftClientReply:client-CFB50CAB4D08->s2@group-6E85041A3092, cid=1749, SUCCESS, logIndex=111, commits[s2:c111, s0:c0, s1:c108]
2019-09-24 12:11:24,473 INFO  statemachine.SimpleStateMachine4Testing (SimpleStateMachine4Testing.java:put(198)) - s2: put 112, m80 -> (t:1, i:112), STATEMACHINELOGENTRY, client-CFB50CAB4D08, cid=1750
2019-09-24 12:11:24,474 DEBUG impl.RaftServerImpl (RaftServerImpl.java:logAppendEntries(850)) - s0@group-6E85041A3092: receive appendEntries(s2, 1, (t:1, i:123), 118, false, commits[s2:c118, s0:c0, s1:c110], entries: (t:1, i:124), STATEMACHINELOGENTRY, client-CFB50CAB4D08, cid=1757
2019-09-24 12:11:24,474 DEBUG impl.RaftServerImpl (LeaderState.java:addWatchReqeust(324)) - s2@group-6E85041A3092-LeaderState: addWatchRequest RaftClientRequest:client-CFB50CAB4D08->s2@group-6E85041A3092, cid=1894, seq=0, Watch(42), Message:<EMPTY>
2019-09-24 12:11:24,474 DEBUG impl.UnorderedAsync (UnorderedAsync.java:sendRequestWithRetry(74)) - client-CFB50CAB4D08: attempt #1 send~ RaftClientRequest:client-CFB50CAB4D08->s2@group-6E85041A3092, cid=1952, seq=0, Watch-MAJORITY_COMMITTED(62), null
2019-09-24 12:11:24,474 INFO  statemachine.SimpleStateMachine4Testing (SimpleStateMachine4Testing.java:put(198)) - s2: put 114, m81 -> (t:1, i:114), STATEMACHINELOGENTRY, client-CFB50CAB4D08, cid=1751
2019-09-24 12:11:24,474 DEBUG impl.RaftServerImpl (RaftServerImpl.java:logAppendEntries(850)) - s1@group-6E85041A3092: receive appendEntries(s2, 1, (t:1, i:123), 118, false, commits[s2:c118, s0:c0, s1:c110], entries: (t:1, i:124), STATEMACHINELOGENTRY, client-CFB50CAB4D08, cid=1757
2019-09-24 12:11:24,475 DEBUG client.GrpcClientProtocolService (GrpcClientProtocolService.java:sendReply(353)) - 0-OrderedRequestStreamObserver0: sendReply seq=81, RaftClientReply:client-CFB50CAB4D08->s2@group-6E85041A3092, cid=1750, SUCCESS, logIndex=112, commits[s2:c118, s0:c0, s1:c110]
2019-09-24 12:11:24,475 DEBUG impl.UnorderedAsync (UnorderedAsync.java:sendRequestWithRetry(74)) - client-CFB50CAB4D08: attempt #1 send~ RaftClientRequest:client-CFB50CAB4D08->s2@group-6E85041A3092, cid=1953, seq=0, Watch-ALL_COMMITTED(62), null
2019-09-24 12:11:24,475 DEBUG impl.RaftServerImpl (RaftServerImpl.java:submitClientRequestAsync(533)) - s2@group-6E85041A3092: receive client request(RaftClientRequest:client-CFB50CAB4D08->s2@group-6E85041A3092, cid=1895, seq=0, Watch-ALL(42), Message:<EMPTY>)
2019-09-24 12:11:24,475 INFO  grpc.TestWatchRequestWithGrpc (WatchRequestTests.java:lambda$sendRequests$0(99)) - SEND_WATCH: message=m46, logIndex=63
2019-09-24 12:11:24,475 DEBUG impl.RaftServerImpl (RaftServerImpl.java:submitClientRequestAsync(533)) - s2@group-6E85041A3092: receive client request(RaftClientRequest:client-CFB50CAB4D08->s2@group-6E85041A3092, cid=1758, seq=89, RW, Message:6d3838)
2019-09-24 12:11:24,475 DEBUG impl.UnorderedAsync (UnorderedAsync.java:lambda$sendRequestWithRetry$4(77)) - client-CFB50CAB4D08: attempt #1 receive~ RaftClientReply:client-CFB50CAB4D08->s2@group-6E85041A3092, cid=1894, SUCCESS, logIndex=0, commits[s2:c118, s0:c0, s1:c110]
2019-09-24 12:11:24,475 DEBUG impl.RaftServerImpl (LeaderState.java:addPendingRequest(317)) - s2@group-6E85041A3092-LeaderState: addPendingRequest at RaftClientRequest:client-CFB50CAB4D08->s2@group-6E85041A3092, cid=1758, seq=89, RW, Message:6d3838, entry=(t:1, i:125), STATEMACHINELOGENTRY, client-CFB50CAB4D08, cid=1758
2019-09-24 12:11:24,475 INFO  statemachine.SimpleStateMachine4Testing (SimpleStateMachine4Testing.java:put(198)) - s2: put 115, m82 -> (t:1, i:115), STATEMACHINELOGENTRY, client-CFB50CAB4D08, cid=1752
2019-09-24 12:11:24,475 INFO  grpc.TestWatchRequestWithGrpc (WatchRequestTests.java:get(172)) - majority-Watch(42) returns RaftClientReply:client-CFB50CAB4D08->s2@group-6E85041A3092, cid=1894, SUCCESS, logIndex=0, commits[s2:c118, s0:c0, s1:c110]
2019-09-24 12:11:24,475 DEBUG impl.UnorderedAsync (UnorderedAsync.java:sendRequestWithRetry(74)) - client-CFB50CAB4D08: attempt #1 send~ RaftClientRequest:client-CFB50CAB4D08->s2@group-6E85041A3092, cid=1954, seq=0, Watch(63), null
2019-09-24 12:11:24,475 DEBUG impl.RaftServerImpl (RaftServerImpl.java:logAppendEntries(850)) - s1@group-6E85041A3092: succeeded to handle AppendEntries. Reply: s2<-s1#130:OK,SUCCESS,nextIndex:120,term:1,followerCommit:110
2019-09-24 12:11:24,475 DEBUG impl.RaftServerImpl (LeaderState.java:addWatchReqeust(324)) - s2@group-6E85041A3092-LeaderState: addWatchRequest RaftClientRequest:client-CFB50CAB4D08->s2@group-6E85041A3092, cid=1895, seq=0, Watch-ALL(42), Message:<EMPTY>
2019-09-24 12:11:24,476 DEBUG impl.UnorderedAsync (UnorderedAsync.java:sendRequestWithRetry(74)) - client-CFB50CAB4D08: attempt #1 send~ RaftClientRequest:client-CFB50CAB4D08->s2@group-6E85041A3092, cid=1955, seq=0, Watch-ALL(63), null
2019-09-24 12:11:24,476 DEBUG impl.RaftServerImpl (RaftServerImpl.java:logAppendEntries(850)) - s1@group-6E85041A3092: receive appendEntries(s2, 1, (t:1, i:124), 118, false, commits[s2:c118, s0:c0, s1:c110], entries: (t:1, i:125), STATEMACHINELOGENTRY, client-CFB50CAB4D08, cid=1758
2019-09-24 12:11:24,476 DEBUG impl.RaftServerImpl (RaftServerImpl.java:logAppendEntries(850)) - s0@group-6E85041A3092: receive appendEntries(s2, 1, (t:1, i:124), 118, false, commits[s2:c118, s0:c0, s1:c110], entries: (t:1, i:125), STATEMACHINELOGENTRY, client-CFB50CAB4D08, cid=1758
2019-09-24 12:11:24,476 INFO  statemachine.SimpleStateMachine4Testing (SimpleStateMachine4Testing.java:put(198)) - s2: put 116, m83 -> (t:1, i:116), STATEMACHINELOGENTRY, client-CFB50CAB4D08, cid=1753
2019-09-24 12:11:24,476 DEBUG client.GrpcClientProtocolService (GrpcClientProtocolService.java:sendReply(353)) - 0-OrderedRequestStreamObserver0: sendReply seq=82, RaftClientReply:client-CFB50CAB4D08->s2@group-6E85041A3092, cid=1751, SUCCESS, logIndex=114, commits[s2:c118, s0:c0, s1:c110]
2019-09-24 12:11:24,477 DEBUG impl.RaftServerImpl (RaftServerImpl.java:logAppendEntries(850)) - s1@group-6E85041A3092: succeeded to handle AppendEntries. Reply: s2<-s1#133:OK,SUCCESS,nextIndex:123,term:1,followerCommit:118
2019-09-24 12:11:24,476 DEBUG impl.RaftServerImpl (RaftServerImpl.java:logAppendEntries(850)) - s1@group-6E85041A3092: succeeded to handle AppendEntries. Reply: s2<-s1#132:OK,SUCCESS,nextIndex:122,term:1,followerCommit:112
2019-09-24 12:11:24,476 INFO  statemachine.SimpleStateMachine4Testing (SimpleStateMachine4Testing.java:put(198)) - s1: put 111, m79 -> (t:1, i:111), STATEMACHINELOGENTRY, client-CFB50CAB4D08, cid=1749
2019-09-24 12:11:24,476 DEBUG impl.RaftServerImpl (RaftServerImpl.java:logAppendEntries(850)) - s1@group-6E85041A3092: succeeded to handle AppendEntries. Reply: s2<-s1#131:OK,SUCCESS,nextIndex:121,term:1,followerCommit:111
2019-09-24 12:11:24,476 DEBUG impl.WatchRequests (WatchRequests.java:updateIndex(142)) - s2@group-6E85041A3092-WatchRequests: update MAJORITY index from 118 to 119
2019-09-24 12:11:24,476 DEBUG impl.UnorderedAsync (UnorderedAsync.java:sendRequestWithRetry(74)) - client-CFB50CAB4D08: attempt #1 send~ RaftClientRequest:client-CFB50CAB4D08->s2@group-6E85041A3092, cid=1956, seq=0, Watch-MAJORITY_COMMITTED(63), null
2019-09-24 12:11:24,476 DEBUG impl.RaftServerImpl (RaftServerImpl.java:submitClientRequestAsync(533)) - s2@group-6E85041A3092: receive client request(RaftClientRequest:client-CFB50CAB4D08->s2@group-6E85041A3092, cid=1896, seq=0, Watch-MAJORITY_COMMITTED(42), Message:<EMPTY>)
2019-09-24 12:11:24,477 DEBUG impl.RaftServerImpl (RaftServerImpl.java:logAppendEntries(850)) - s1@group-6E85041A3092: receive appendEntries(s2, 1, (t:1, i:125), 119, false, commits[s2:c119, s0:c0, s1:c110], entries: (t:1, i:126), METADATAENTRY(c119)
2019-09-24 12:11:24,477 DEBUG impl.UnorderedAsync (UnorderedAsync.java:sendRequestWithRetry(74)) - client-CFB50CAB4D08: attempt #1 send~ RaftClientRequest:client-CFB50CAB4D08->s2@group-6E85041A3092, cid=1957, seq=0, Watch-ALL_COMMITTED(63), null
2019-09-24 12:11:24,477 DEBUG impl.RaftServerImpl (RaftServerImpl.java:logAppendEntries(850)) - s0@group-6E85041A3092: receive appendEntries(s2, 1, (t:1, i:125), 119, false, commits[s2:c119, s0:c0, s1:c110], entries: (t:1, i:126), METADATAENTRY(c119)
2019-09-24 12:11:24,477 INFO  statemachine.SimpleStateMachine4Testing (SimpleStateMachine4Testing.java:put(198)) - s2: put 117, m84 -> (t:1, i:117), STATEMACHINELOGENTRY, client-CFB50CAB4D08, cid=1754
2019-09-24 12:11:24,477 DEBUG client.GrpcClientProtocolService (GrpcClientProtocolService.java:sendReply(353)) - 0-OrderedRequestStreamObserver0: sendReply seq=83, RaftClientReply:client-CFB50CAB4D08->s2@group-6E85041A3092, cid=1752, SUCCESS, logIndex=115, commits[s2:c118, s0:c0, s1:c110]
2019-09-24 12:11:24,477 INFO  statemachine.SimpleStateMachine4Testing (SimpleStateMachine4Testing.java:put(198)) - s1: put 112, m80 -> (t:1, i:112), STATEMACHINELOGENTRY, client-CFB50CAB4D08, cid=1750
2019-09-24 12:11:24,477 DEBUG impl.RaftServerImpl (RaftServerImpl.java:logAppendEntries(850)) - s1@group-6E85041A3092: succeeded to handle AppendEntries. Reply: s2<-s1#135:OK,SUCCESS,nextIndex:125,term:1,followerCommit:118
2019-09-24 12:11:24,477 DEBUG impl.RaftServerImpl (RaftServerImpl.java:logAppendEntries(850)) - s1@group-6E85041A3092: succeeded to handle AppendEntries. Reply: s2<-s1#134:OK,SUCCESS,nextIndex:124,term:1,followerCommit:118
2019-09-24 12:11:24,478 DEBUG impl.RaftServerImpl (RaftServerImpl.java:submitClientRequestAsync(533)) - s2@group-6E85041A3092: receive client request(RaftClientRequest:client-CFB50CAB4D08->s2@group-6E85041A3092, cid=1759, seq=90, RW, Message:6d3839)
2019-09-24 12:11:24,478 INFO  statemachine.SimpleStateMachine4Testing (SimpleStateMachine4Testing.java:put(198)) - s1: put 114, m81 -> (t:1, i:114), STATEMACHINELOGENTRY, client-CFB50CAB4D08, cid=1751
2019-09-24 12:11:24,478 INFO  statemachine.SimpleStateMachine4Testing (SimpleStateMachine4Testing.java:put(198)) - s2: put 118, m85 -> (t:1, i:118), STATEMACHINELOGENTRY, client-CFB50CAB4D08, cid=1755
2019-09-24 12:11:24,478 INFO  grpc.TestWatchRequestWithGrpc (WatchRequestTests.java:lambda$sendRequests$0(99)) - SEND_WATCH: message=m47, logIndex=64
2019-09-24 12:11:24,477 DEBUG impl.WatchRequests (WatchRequests.java:updateIndex(142)) - s2@group-6E85041A3092-WatchRequests: update MAJORITY_COMMITTED index from 110 to 111
2019-09-24 12:11:24,477 DEBUG impl.RaftServerImpl (LeaderState.java:addWatchReqeust(324)) - s2@group-6E85041A3092-LeaderState: addWatchRequest RaftClientRequest:client-CFB50CAB4D08->s2@group-6E85041A3092, cid=1896, seq=0, Watch-MAJORITY_COMMITTED(42), Message:<EMPTY>
2019-09-24 12:11:24,479 DEBUG impl.WatchRequests (WatchRequests.java:updateIndex(142)) - s2@group-6E85041A3092-WatchRequests: update MAJORITY_COMMITTED index from 111 to 112
2019-09-24 12:11:24,479 DEBUG impl.UnorderedAsync (UnorderedAsync.java:sendRequestWithRetry(74)) - client-CFB50CAB4D08: attempt #1 send~ RaftClientRequest:client-CFB50CAB4D08->s2@group-6E85041A3092, cid=1958, seq=0, Watch(64), null
2019-09-24 12:11:24,479 DEBUG impl.RaftServerImpl (RaftServerImpl.java:logAppendEntries(850)) - s1@group-6E85041A3092: succeeded to handle AppendEntries. Reply: s2<-s1#136:OK,SUCCESS,nextIndex:126,term:1,followerCommit:118
2019-09-24 12:11:24,478 INFO  statemachine.SimpleStateMachine4Testing (SimpleStateMachine4Testing.java:put(198)) - s1: put 115, m82 -> (t:1, i:115), STATEMACHINELOGENTRY, client-CFB50CAB4D08, cid=1752
2019-09-24 12:11:24,478 DEBUG impl.RaftServerImpl (LeaderState.java:addPendingRequest(317)) - s2@group-6E85041A3092-LeaderState: addPendingRequest at RaftClientRequest:client-CFB50CAB4D08->s2@group-6E85041A3092, cid=1759, seq=90, RW, Message:6d3839, entry=(t:1, i:127), STATEMACHINELOGENTRY, client-CFB50CAB4D08, cid=1759
2019-09-24 12:11:24,479 DEBUG impl.UnorderedAsync (UnorderedAsync.java:lambda$sendRequestWithRetry$4(77)) - client-CFB50CAB4D08: attempt #1 receive~ RaftClientReply:client-CFB50CAB4D08->s2@group-6E85041A3092, cid=1896, SUCCESS, logIndex=0, commits[s2:c119, s0:c0, s1:c112]
2019-09-24 12:11:24,479 INFO  statemachine.SimpleStateMachine4Testing (SimpleStateMachine4Testing.java:put(198)) - s1: put 116, m83 -> (t:1, i:116), STATEMACHINELOGENTRY, client-CFB50CAB4D08, cid=1753
2019-09-24 12:11:24,479 DEBUG impl.UnorderedAsync (UnorderedAsync.java:sendRequestWithRetry(74)) - client-CFB50CAB4D08: attempt #1 send~ RaftClientRequest:client-CFB50CAB4D08->s2@group-6E85041A3092, cid=1959, seq=0, Watch-ALL(64), null
2019-09-24 12:11:24,479 DEBUG impl.WatchRequests (WatchRequests.java:updateIndex(142)) - s2@group-6E85041A3092-WatchRequests: update MAJORITY_COMMITTED index from 112 to 118
2019-09-24 12:11:24,479 DEBUG impl.RaftServerImpl (RaftServerImpl.java:submitClientRequestAsync(533)) - s2@group-6E85041A3092: receive client request(RaftClientRequest:client-CFB50CAB4D08->s2@group-6E85041A3092, cid=1897, seq=0, Watch-ALL_COMMITTED(42), Message:<EMPTY>)
2019-09-24 12:11:24,479 DEBUG impl.RaftServerImpl (RaftServerImpl.java:logAppendEntries(850)) - s1@group-6E85041A3092: receive appendEntries(s2, 1, (t:1, i:126), 119, false, commits[s2:c119, s0:c0, s1:c111], entries: (t:1, i:127), STATEMACHINELOGENTRY, client-CFB50CAB4D08, cid=1759
2019-09-24 12:11:24,480 DEBUG impl.RaftServerImpl (LeaderState.java:addWatchReqeust(324)) - s2@group-6E85041A3092-LeaderState: addWatchRequest RaftClientRequest:client-CFB50CAB4D08->s2@group-6E85041A3092, cid=1897, seq=0, Watch-ALL_COMMITTED(42), Message:<EMPTY>
2019-09-24 12:11:24,480 DEBUG impl.UnorderedAsync (UnorderedAsync.java:sendRequestWithRetry(74)) - client-CFB50CAB4D08: attempt #1 send~ RaftClientRequest:client-CFB50CAB4D08->s2@group-6E85041A3092, cid=1960, seq=0, Watch-MAJORITY_COMMITTED(64), null
2019-09-24 12:11:24,480 DEBUG client.GrpcClientProtocolService (GrpcClientProtocolService.java:sendReply(353)) - 0-OrderedRequestStreamObserver0: sendReply seq=84, RaftClientReply:client-CFB50CAB4D08->s2@group-6E85041A3092, cid=1753, SUCCESS, logIndex=116, commits[s2:c119, s0:c0, s1:c110]
2019-09-24 12:11:24,480 DEBUG impl.RaftServerImpl (RaftServerImpl.java:logAppendEntries(850)) - s0@group-6E85041A3092: receive appendEntries(s2, 1, (t:1, i:126), 121, false, commits[s2:c121, s0:c0, s1:c118], entries: (t:1, i:127), STATEMACHINELOGENTRY, client-CFB50CAB4D08, cid=1759
2019-09-24 12:11:24,480 INFO  statemachine.SimpleStateMachine4Testing (SimpleStateMachine4Testing.java:put(198)) - s1: put 117, m84 -> (t:1, i:117), STATEMACHINELOGENTRY, client-CFB50CAB4D08, cid=1754
2019-09-24 12:11:24,480 INFO  grpc.TestWatchRequestWithGrpc (WatchRequestTests.java:get(172)) - majorityCommitted-Watch(42) returns RaftClientReply:client-CFB50CAB4D08->s2@group-6E85041A3092, cid=1896, SUCCESS, logIndex=0, commits[s2:c119, s0:c0, s1:c112]
2019-09-24 12:11:24,481 DEBUG client.GrpcClientProtocolService (GrpcClientProtocolService.java:sendReply(353)) - 0-OrderedRequestStreamObserver0: sendReply seq=85, RaftClientReply:client-CFB50CAB4D08->s2@group-6E85041A3092, cid=1754, SUCCESS, logIndex=117, commits[s2:c119, s0:c0, s1:c111]
2019-09-24 12:11:24,479 DEBUG impl.WatchRequests (WatchRequests.java:updateIndex(142)) - s2@group-6E85041A3092-WatchRequests: update MAJORITY index from 119 to 121
2019-09-24 12:11:24,481 INFO  grpc.TestWatchRequestWithGrpc (WatchRequestTests.java:checkMajority(230)) - checkMajority 32: receive RaftClientReply:client-CFB50CAB4D08->s2@group-6E85041A3092, cid=1702, SUCCESS, logIndex=44, commits[s2:c44, s0:c0, s1:c42]
2019-09-24 12:11:24,481 INFO  statemachine.SimpleStateMachine4Testing (SimpleStateMachine4Testing.java:put(198)) - s1: put 118, m85 -> (t:1, i:118), STATEMACHINELOGENTRY, client-CFB50CAB4D08, cid=1755
2019-09-24 12:11:24,480 DEBUG impl.UnorderedAsync (UnorderedAsync.java:sendRequestWithRetry(74)) - client-CFB50CAB4D08: attempt #1 send~ RaftClientRequest:client-CFB50CAB4D08->s2@group-6E85041A3092, cid=1961, seq=0, Watch-ALL_COMMITTED(64), null
2019-09-24 12:11:24,480 DEBUG impl.RaftServerImpl (RaftServerImpl.java:submitClientRequestAsync(533)) - s2@group-6E85041A3092: receive client request(RaftClientRequest:client-CFB50CAB4D08->s2@group-6E85041A3092, cid=1898, seq=0, Watch(44), Message:<EMPTY>)
2019-09-24 12:11:24,481 DEBUG impl.WatchRequests (WatchRequests.java:updateIndex(142)) - s2@group-6E85041A3092-WatchRequests: update MAJORITY index from 121 to 125
2019-09-24 12:11:24,481 DEBUG impl.RaftServerImpl (RaftServerImpl.java:submitClientRequestAsync(533)) - s2@group-6E85041A3092: receive client request(RaftClientRequest:client-CFB50CAB4D08->s2@group-6E85041A3092, cid=1760, seq=91, RW, Message:6d3930)
2019-09-24 12:11:24,481 DEBUG impl.RaftServerImpl (LeaderState.java:addWatchReqeust(324)) - s2@group-6E85041A3092-LeaderState: addWatchRequest RaftClientRequest:client-CFB50CAB4D08->s2@group-6E85041A3092, cid=1898, seq=0, Watch(44), Message:<EMPTY>
2019-09-24 12:11:24,482 DEBUG impl.RaftServerImpl (RaftServerImpl.java:logAppendEntries(850)) - s1@group-6E85041A3092: receive appendEntries(s2, 1, (t:1, i:127), 125, false, commits[s2:c125, s0:c0, s1:c118], entries: (t:1, i:128), METADATAENTRY(c125)
2019-09-24 12:11:24,481 INFO  grpc.TestWatchRequestWithGrpc (WatchRequestTests.java:lambda$sendRequests$0(99)) - SEND_WATCH: message=m48, logIndex=65
2019-09-24 12:11:24,482 DEBUG impl.RaftServerImpl (RaftServerImpl.java:submitClientRequestAsync(533)) - s2@group-6E85041A3092: receive client request(RaftClientRequest:client-CFB50CAB4D08->s2@group-6E85041A3092, cid=1899, seq=0, Watch-ALL(44), Message:<EMPTY>)
2019-09-24 12:11:24,482 DEBUG impl.RaftServerImpl (LeaderState.java:addWatchReqeust(324)) - s2@group-6E85041A3092-LeaderState: addWatchRequest RaftClientRequest:client-CFB50CAB4D08->s2@group-6E85041A3092, cid=1899, seq=0, Watch-ALL(44), Message:<EMPTY>
2019-09-24 12:11:24,482 DEBUG impl.RaftServerImpl (RaftServerImpl.java:logAppendEntries(850)) - s0@group-6E85041A3092: receive appendEntries(s2, 1, (t:1, i:127), 125, false, commits[s2:c125, s0:c0, s1:c118], entries: (t:1, i:128), METADATAENTRY(c125)
2019-09-24 12:11:24,482 DEBUG impl.RaftServerImpl (LeaderState.java:addPendingRequest(317)) - s2@group-6E85041A3092-LeaderState: addPendingRequest at RaftClientRequest:client-CFB50CAB4D08->s2@group-6E85041A3092, cid=1760, seq=91, RW, Message:6d3930, entry=(t:1, i:129), STATEMACHINELOGENTRY, client-CFB50CAB4D08, cid=1760
2019-09-24 12:11:24,482 INFO  statemachine.SimpleStateMachine4Testing (SimpleStateMachine4Testing.java:put(198)) - s2: put 119, m86 -> (t:1, i:119), STATEMACHINELOGENTRY, client-CFB50CAB4D08, cid=1756
2019-09-24 12:11:24,482 DEBUG impl.RaftServerImpl (RaftServerImpl.java:submitClientRequestAsync(533)) - s2@group-6E85041A3092: receive client request(RaftClientRequest:client-CFB50CAB4D08->s2@group-6E85041A3092, cid=1900, seq=0, Watch-MAJORITY_COMMITTED(44), Message:<EMPTY>)
2019-09-24 12:11:24,483 INFO  statemachine.SimpleStateMachine4Testing (SimpleStateMachine4Testing.java:put(198)) - s2: put 124, m87 -> (t:1, i:124), STATEMACHINELOGENTRY, client-CFB50CAB4D08, cid=1757
2019-09-24 12:11:24,483 DEBUG impl.RaftServerImpl (RaftServerImpl.java:logAppendEntries(850)) - s1@group-6E85041A3092: receive appendEntries(s2, 1, (t:1, i:128), 125, false, commits[s2:c125, s0:c0, s1:c118], entries: (t:1, i:129), STATEMACHINELOGENTRY, client-CFB50CAB4D08, cid=1760
2019-09-24 12:11:24,482 DEBUG impl.UnorderedAsync (UnorderedAsync.java:lambda$sendRequestWithRetry$4(77)) - client-CFB50CAB4D08: attempt #1 receive~ RaftClientReply:client-CFB50CAB4D08->s2@group-6E85041A3092, cid=1898, SUCCESS, logIndex=0, commits[s2:c125, s0:c0, s1:c118]
2019-09-24 12:11:24,482 DEBUG impl.UnorderedAsync (UnorderedAsync.java:sendRequestWithRetry(74)) - client-CFB50CAB4D08: attempt #1 send~ RaftClientRequest:client-CFB50CAB4D08->s2@group-6E85041A3092, cid=1962, seq=0, Watch(65), null
2019-09-24 12:11:24,483 INFO  grpc.TestWatchRequestWithGrpc (WatchRequestTests.java:get(172)) - majority-Watch(44) returns RaftClientReply:client-CFB50CAB4D08->s2@group-6E85041A3092, cid=1898, SUCCESS, logIndex=0, commits[s2:c125, s0:c0, s1:c118]
2019-09-24 12:11:24,483 INFO  statemachine.SimpleStateMachine4Testing (SimpleStateMachine4Testing.java:put(198)) - s2: put 125, m88 -> (t:1, i:125), STATEMACHINELOGENTRY, client-CFB50CAB4D08, cid=1758
2019-09-24 12:11:24,483 DEBUG impl.RaftServerImpl (LeaderState.java:addWatchReqeust(324)) - s2@group-6E85041A3092-LeaderState: addWatchRequest RaftClientRequest:client-CFB50CAB4D08->s2@group-6E85041A3092, cid=1900, seq=0, Watch-MAJORITY_COMMITTED(44), Message:<EMPTY>
2019-09-24 12:11:24,483 DEBUG client.GrpcClientProtocolService (GrpcClientProtocolService.java:sendReply(353)) - 0-OrderedRequestStreamObserver0: sendReply seq=86, RaftClientReply:client-CFB50CAB4D08->s2@group-6E85041A3092, cid=1755, SUCCESS, logIndex=118, commits[s2:c119, s0:c0, s1:c111]
2019-09-24 12:11:24,483 DEBUG impl.UnorderedAsync (UnorderedAsync.java:sendRequestWithRetry(74)) - client-CFB50CAB4D08: attempt #1 send~ RaftClientRequest:client-CFB50CAB4D08->s2@group-6E85041A3092, cid=1963, seq=0, Watch-ALL(65), null
2019-09-24 12:11:24,483 DEBUG impl.RaftServerImpl (RaftServerImpl.java:submitClientRequestAsync(533)) - s2@group-6E85041A3092: receive client request(RaftClientRequest:client-CFB50CAB4D08->s2@group-6E85041A3092, cid=1901, seq=0, Watch-ALL_COMMITTED(44), Message:<EMPTY>)
2019-09-24 12:11:24,483 DEBUG impl.UnorderedAsync (UnorderedAsync.java:sendRequestWithRetry(74)) - client-CFB50CAB4D08: attempt #1 send~ RaftClientRequest:client-CFB50CAB4D08->s2@group-6E85041A3092, cid=1964, seq=0, Watch-MAJORITY_COMMITTED(65), null
2019-09-24 12:11:24,484 DEBUG impl.RaftServerImpl (LeaderState.java:addWatchReqeust(324)) - s2@group-6E85041A3092-LeaderState: addWatchRequest RaftClientRequest:client-CFB50CAB4D08->s2@group-6E85041A3092, cid=1901, seq=0, Watch-ALL_COMMITTED(44), Message:<EMPTY>
2019-09-24 12:11:24,484 DEBUG impl.UnorderedAsync (UnorderedAsync.java:sendRequestWithRetry(74)) - client-CFB50CAB4D08: attempt #1 send~ RaftClientRequest:client-CFB50CAB4D08->s2@group-6E85041A3092, cid=1965, seq=0, Watch-ALL_COMMITTED(65), null
2019-09-24 12:11:24,484 DEBUG impl.RaftServerImpl (RaftServerImpl.java:submitClientRequestAsync(533)) - s2@group-6E85041A3092: receive client request(RaftClientRequest:client-CFB50CAB4D08->s2@group-6E85041A3092, cid=1902, seq=0, Watch(46), Message:<EMPTY>)
2019-09-24 12:11:24,484 DEBUG client.GrpcClientProtocolService (GrpcClientProtocolService.java:sendReply(353)) - 0-OrderedRequestStreamObserver0: sendReply seq=87, RaftClientReply:client-CFB50CAB4D08->s2@group-6E85041A3092, cid=1756, SUCCESS, logIndex=119, commits[s2:c125, s0:c0, s1:c118]
2019-09-24 12:11:24,484 INFO  grpc.TestWatchRequestWithGrpc (WatchRequestTests.java:lambda$sendRequests$0(99)) - SEND_WATCH: message=m49, logIndex=68
2019-09-24 12:11:24,484 DEBUG impl.RaftServerImpl (LeaderState.java:addWatchReqeust(324)) - s2@group-6E85041A3092-LeaderState: addWatchRequest RaftClientRequest:client-CFB50CAB4D08->s2@group-6E85041A3092, cid=1902, seq=0, Watch(46), Message:<EMPTY>
2019-09-24 12:11:24,484 DEBUG impl.UnorderedAsync (UnorderedAsync.java:lambda$sendRequestWithRetry$4(77)) - client-CFB50CAB4D08: attempt #1 receive~ RaftClientReply:client-CFB50CAB4D08->s2@group-6E85041A3092, cid=1900, SUCCESS, logIndex=0, commits[s2:c125, s0:c0, s1:c118]
2019-09-24 12:11:24,485 DEBUG client.GrpcClientProtocolService (GrpcClientProtocolService.java:sendReply(353)) - 0-OrderedRequestStreamObserver0: sendReply seq=88, RaftClientReply:client-CFB50CAB4D08->s2@group-6E85041A3092, cid=1757, SUCCESS, logIndex=124, commits[s2:c125, s0:c0, s1:c118]
2019-09-24 12:11:24,484 DEBUG impl.UnorderedAsync (UnorderedAsync.java:sendRequestWithRetry(74)) - client-CFB50CAB4D08: attempt #1 send~ RaftClientRequest:client-CFB50CAB4D08->s2@group-6E85041A3092, cid=1966, seq=0, Watch(68), null
2019-09-24 12:11:24,485 DEBUG client.GrpcClientProtocolService (GrpcClientProtocolService.java:sendReply(353)) - 0-OrderedRequestStreamObserver0: sendReply seq=89, RaftClientReply:client-CFB50CAB4D08->s2@group-6E85041A3092, cid=1758, SUCCESS, logIndex=125, commits[s2:c125, s0:c0, s1:c118]
2019-09-24 12:11:24,485 INFO  grpc.TestWatchRequestWithGrpc (WatchRequestTests.java:get(172)) - majorityCommitted-Watch(44) returns RaftClientReply:client-CFB50CAB4D08->s2@group-6E85041A3092, cid=1900, SUCCESS, logIndex=0, commits[s2:c125, s0:c0, s1:c118]
2019-09-24 12:11:24,485 DEBUG impl.UnorderedAsync (UnorderedAsync.java:lambda$sendRequestWithRetry$4(77)) - client-CFB50CAB4D08: attempt #1 receive~ RaftClientReply:client-CFB50CAB4D08->s2@group-6E85041A3092, cid=1902, SUCCESS, logIndex=0, commits[s2:c125, s0:c0, s1:c118]
2019-09-24 12:11:24,485 DEBUG impl.RaftServerImpl (RaftServerImpl.java:submitClientRequestAsync(533)) - s2@group-6E85041A3092: receive client request(RaftClientRequest:client-CFB50CAB4D08->s2@group-6E85041A3092, cid=1903, seq=0, Watch-ALL(46), Message:<EMPTY>)
2019-09-24 12:11:24,485 INFO  grpc.TestWatchRequestWithGrpc (WatchRequestTests.java:checkMajority(230)) - checkMajority 33: receive RaftClientReply:client-CFB50CAB4D08->s2@group-6E85041A3092, cid=1703, SUCCESS, logIndex=46, commits[s2:c48, s0:c0, s1:c43]
2019-09-24 12:11:24,485 DEBUG impl.RaftServerImpl (RaftServerImpl.java:submitClientRequestAsync(533)) - s2@group-6E85041A3092: receive client request(RaftClientRequest:client-CFB50CAB4D08->s2@group-6E85041A3092, cid=1761, seq=92, RW, Message:6d3931)
2019-09-24 12:11:24,485 DEBUG impl.UnorderedAsync (UnorderedAsync.java:sendRequestWithRetry(74)) - client-CFB50CAB4D08: attempt #1 send~ RaftClientRequest:client-CFB50CAB4D08->s2@group-6E85041A3092, cid=1967, seq=0, Watch-ALL(68), null
2019-09-24 12:11:24,486 DEBUG impl.RaftServerImpl (LeaderState.java:addPendingRequest(317)) - s2@group-6E85041A3092-LeaderState: addPendingRequest at RaftClientRequest:client-CFB50CAB4D08->s2@group-6E85041A3092, cid=1761, seq=92, RW, Message:6d3931, entry=(t:1, i:130), STATEMACHINELOGENTRY, client-CFB50CAB4D08, cid=1761
2019-09-24 12:11:24,485 INFO  grpc.TestWatchRequestWithGrpc (WatchRequestTests.java:get(172)) - majority-Watch(46) returns RaftClientReply:client-CFB50CAB4D08->s2@group-6E85041A3092, cid=1902, SUCCESS, logIndex=0, commits[s2:c125, s0:c0, s1:c118]
2019-09-24 12:11:24,485 DEBUG impl.RaftServerImpl (LeaderState.java:addWatchReqeust(324)) - s2@group-6E85041A3092-LeaderState: addWatchRequest RaftClientRequest:client-CFB50CAB4D08->s2@group-6E85041A3092, cid=1903, seq=0, Watch-ALL(46), Message:<EMPTY>
2019-09-24 12:11:24,486 DEBUG impl.RaftServerImpl (RaftServerImpl.java:logAppendEntries(850)) - s1@group-6E85041A3092: receive appendEntries(s2, 1, (t:1, i:129), 125, false, commits[s2:c125, s0:c0, s1:c118], entries: (t:1, i:130), STATEMACHINELOGENTRY, client-CFB50CAB4D08, cid=1761
2019-09-24 12:11:24,486 DEBUG impl.RaftServerImpl (RaftServerImpl.java:submitClientRequestAsync(533)) - s2@group-6E85041A3092: receive client request(RaftClientRequest:client-CFB50CAB4D08->s2@group-6E85041A3092, cid=1762, seq=93, RW, Message:6d3932)
2019-09-24 12:11:24,486 DEBUG impl.UnorderedAsync (UnorderedAsync.java:sendRequestWithRetry(74)) - client-CFB50CAB4D08: attempt #1 send~ RaftClientRequest:client-CFB50CAB4D08->s2@group-6E85041A3092, cid=1968, seq=0, Watch-MAJORITY_COMMITTED(68), null
2019-09-24 12:11:24,486 DEBUG impl.RaftServerImpl (LeaderState.java:addPendingRequest(317)) - s2@group-6E85041A3092-LeaderState: addPendingRequest at RaftClientRequest:client-CFB50CAB4D08->s2@group-6E85041A3092, cid=1762, seq=93, RW, Message:6d3932, entry=(t:1, i:131), STATEMACHINELOGENTRY, client-CFB50CAB4D08, cid=1762
2019-09-24 12:11:24,486 DEBUG impl.RaftServerImpl (RaftServerImpl.java:submitClientRequestAsync(533)) - s2@group-6E85041A3092: receive client request(RaftClientRequest:client-CFB50CAB4D08->s2@group-6E85041A3092, cid=1904, seq=0, Watch-MAJORITY_COMMITTED(46), Message:<EMPTY>)
2019-09-24 12:11:24,487 DEBUG impl.RaftServerImpl (RaftServerImpl.java:submitClientRequestAsync(533)) - s2@group-6E85041A3092: receive client request(RaftClientRequest:client-CFB50CAB4D08->s2@group-6E85041A3092, cid=1763, seq=94, RW, Message:6d3933)
2019-09-24 12:11:24,486 DEBUG impl.UnorderedAsync (UnorderedAsync.java:sendRequestWithRetry(74)) - client-CFB50CAB4D08: attempt #1 send~ RaftClientRequest:client-CFB50CAB4D08->s2@group-6E85041A3092, cid=1969, seq=0, Watch-ALL_COMMITTED(68), null
2019-09-24 12:11:24,487 DEBUG impl.RaftServerImpl (LeaderState.java:addPendingRequest(317)) - s2@group-6E85041A3092-LeaderState: addPendingRequest at RaftClientRequest:client-CFB50CAB4D08->s2@group-6E85041A3092, cid=1763, seq=94, RW, Message:6d3933, entry=(t:1, i:132), STATEMACHINELOGENTRY, client-CFB50CAB4D08, cid=1763
2019-09-24 12:11:24,487 DEBUG impl.RaftServerImpl (RaftServerImpl.java:logAppendEntries(850)) - s1@group-6E85041A3092: receive appendEntries(s2, 1, (t:1, i:130), 125, false, commits[s2:c125, s0:c0, s1:c118], entries: (t:1, i:131), STATEMACHINELOGENTRY, client-CFB50CAB4D08, cid=1762
2019-09-24 12:11:24,487 DEBUG impl.RaftServerImpl (LeaderState.java:addWatchReqeust(324)) - s2@group-6E85041A3092-LeaderState: addWatchRequest RaftClientRequest:client-CFB50CAB4D08->s2@group-6E85041A3092, cid=1904, seq=0, Watch-MAJORITY_COMMITTED(46), Message:<EMPTY>
2019-09-24 12:11:24,487 DEBUG impl.RaftServerImpl (RaftServerImpl.java:logAppendEntries(850)) - s1@group-6E85041A3092: receive appendEntries(s2, 1, (t:1, i:131), 125, false, commits[s2:c125, s0:c0, s1:c118], entries: (t:1, i:132), STATEMACHINELOGENTRY, client-CFB50CAB4D08, cid=1763
2019-09-24 12:11:24,487 DEBUG impl.RaftServerImpl (RaftServerImpl.java:submitClientRequestAsync(533)) - s2@group-6E85041A3092: receive client request(RaftClientRequest:client-CFB50CAB4D08->s2@group-6E85041A3092, cid=1764, seq=95, RW, Message:6d3934)
2019-09-24 12:11:24,487 INFO  grpc.TestWatchRequestWithGrpc (WatchRequestTests.java:lambda$sendRequests$0(99)) - SEND_WATCH: message=m50, logIndex=69
2019-09-24 12:11:24,488 DEBUG impl.UnorderedAsync (UnorderedAsync.java:sendRequestWithRetry(74)) - client-CFB50CAB4D08: attempt #1 send~ RaftClientRequest:client-CFB50CAB4D08->s2@group-6E85041A3092, cid=1970, seq=0, Watch(69), null
2019-09-24 12:11:24,488 DEBUG impl.RaftServerImpl (LeaderState.java:addPendingRequest(317)) - s2@group-6E85041A3092-LeaderState: addPendingRequest at RaftClientRequest:client-CFB50CAB4D08->s2@group-6E85041A3092, cid=1764, seq=95, RW, Message:6d3934, entry=(t:1, i:133), STATEMACHINELOGENTRY, client-CFB50CAB4D08, cid=1764
2019-09-24 12:11:24,487 DEBUG impl.RaftServerImpl (RaftServerImpl.java:submitClientRequestAsync(533)) - s2@group-6E85041A3092: receive client request(RaftClientRequest:client-CFB50CAB4D08->s2@group-6E85041A3092, cid=1905, seq=0, Watch-ALL_COMMITTED(46), Message:<EMPTY>)
2019-09-24 12:11:24,488 DEBUG impl.RaftServerImpl (RaftServerImpl.java:submitClientRequestAsync(533)) - s2@group-6E85041A3092: receive client request(RaftClientRequest:client-CFB50CAB4D08->s2@group-6E85041A3092, cid=1765, seq=96, RW, Message:6d3935)
2019-09-24 12:11:24,488 DEBUG impl.UnorderedAsync (UnorderedAsync.java:lambda$sendRequestWithRetry$4(77)) - client-CFB50CAB4D08: attempt #1 receive~ RaftClientReply:client-CFB50CAB4D08->s2@group-6E85041A3092, cid=1904, SUCCESS, logIndex=0, commits[s2:c125, s0:c0, s1:c118]
2019-09-24 12:11:24,488 DEBUG impl.UnorderedAsync (UnorderedAsync.java:sendRequestWithRetry(74)) - client-CFB50CAB4D08: attempt #1 send~ RaftClientRequest:client-CFB50CAB4D08->s2@group-6E85041A3092, cid=1971, seq=0, Watch-ALL(69), null
2019-09-24 12:11:24,488 DEBUG impl.RaftServerImpl (LeaderState.java:addPendingRequest(317)) - s2@group-6E85041A3092-LeaderState: addPendingRequest at RaftClientRequest:client-CFB50CAB4D08->s2@group-6E85041A3092, cid=1765, seq=96, RW, Message:6d3935, entry=(t:1, i:134), STATEMACHINELOGENTRY, client-CFB50CAB4D08, cid=1765
2019-09-24 12:11:24,489 DEBUG impl.RaftServerImpl (RaftServerImpl.java:logAppendEntries(850)) - s1@group-6E85041A3092: succeeded to handle AppendEntries. Reply: s2<-s1#137:OK,SUCCESS,nextIndex:127,term:1,followerCommit:119
2019-09-24 12:11:24,489 DEBUG impl.RaftServerImpl (RaftServerImpl.java:submitClientRequestAsync(533)) - s2@group-6E85041A3092: receive client request(RaftClientRequest:client-CFB50CAB4D08->s2@group-6E85041A3092, cid=1766, seq=97, RW, Message:6d3936)
2019-09-24 12:11:24,488 INFO  grpc.TestWatchRequestWithGrpc (WatchRequestTests.java:get(172)) - majorityCommitted-Watch(46) returns RaftClientReply:client-CFB50CAB4D08->s2@group-6E85041A3092, cid=1904, SUCCESS, logIndex=0, commits[s2:c125, s0:c0, s1:c118]
2019-09-24 12:11:24,488 DEBUG impl.RaftServerImpl (RaftServerImpl.java:logAppendEntries(850)) - s1@group-6E85041A3092: receive appendEntries(s2, 1, (t:1, i:132), 125, false, commits[s2:c125, s0:c0, s1:c118], entries: (t:1, i:133), STATEMACHINELOGENTRY, client-CFB50CAB4D08, cid=1764
2019-09-24 12:11:24,488 DEBUG impl.RaftServerImpl (LeaderState.java:addWatchReqeust(324)) - s2@group-6E85041A3092-LeaderState: addWatchRequest RaftClientRequest:client-CFB50CAB4D08->s2@group-6E85041A3092, cid=1905, seq=0, Watch-ALL_COMMITTED(46), Message:<EMPTY>
2019-09-24 12:11:24,489 DEBUG impl.RaftServerImpl (RaftServerImpl.java:logAppendEntries(850)) - s1@group-6E85041A3092: receive appendEntries(s2, 1, (t:1, i:133), 125, false, commits[s2:c125, s0:c0, s1:c118], entries: (t:1, i:134), STATEMACHINELOGENTRY, client-CFB50CAB4D08, cid=1765
2019-09-24 12:11:24,489 INFO  grpc.TestWatchRequestWithGrpc (WatchRequestTests.java:checkMajority(230)) - checkMajority 34: receive RaftClientReply:client-CFB50CAB4D08->s2@group-6E85041A3092, cid=1704, SUCCESS, logIndex=47, commits[s2:c48, s0:c0, s1:c43]
2019-09-24 12:11:24,489 DEBUG impl.WatchRequests (WatchRequests.java:updateIndex(142)) - s2@group-6E85041A3092-WatchRequests: update MAJORITY_COMMITTED index from 118 to 119
2019-09-24 12:11:24,489 DEBUG impl.RaftServerImpl (LeaderState.java:addPendingRequest(317)) - s2@group-6E85041A3092-LeaderState: addPendingRequest at RaftClientRequest:client-CFB50CAB4D08->s2@group-6E85041A3092, cid=1766, seq=97, RW, Message:6d3936, entry=(t:1, i:135), STATEMACHINELOGENTRY, client-CFB50CAB4D08, cid=1766
2019-09-24 12:11:24,489 INFO  statemachine.SimpleStateMachine4Testing (SimpleStateMachine4Testing.java:put(198)) - s1: put 119, m86 -> (t:1, i:119), STATEMACHINELOGENTRY, client-CFB50CAB4D08, cid=1756
2019-09-24 12:11:24,490 DEBUG impl.RaftServerImpl (RaftServerImpl.java:submitClientRequestAsync(533)) - s2@group-6E85041A3092: receive client request(RaftClientRequest:client-CFB50CAB4D08->s2@group-6E85041A3092, cid=1767, seq=98, RW, Message:6d3937)
2019-09-24 12:11:24,488 DEBUG impl.UnorderedAsync (UnorderedAsync.java:sendRequestWithRetry(74)) - client-CFB50CAB4D08: attempt #1 send~ RaftClientRequest:client-CFB50CAB4D08->s2@group-6E85041A3092, cid=1972, seq=0, Watch-MAJORITY_COMMITTED(69), null
2019-09-24 12:11:24,490 DEBUG impl.RaftServerImpl (RaftServerImpl.java:logAppendEntries(850)) - s1@group-6E85041A3092: receive appendEntries(s2, 1, (t:1, i:134), 125, false, commits[s2:c125, s0:c0, s1:c119], entries: (t:1, i:135), STATEMACHINELOGENTRY, client-CFB50CAB4D08, cid=1766
2019-09-24 12:11:24,490 DEBUG impl.WatchRequests (WatchRequests.java:updateIndex(142)) - s2@group-6E85041A3092-WatchRequests: update MAJORITY index from 125 to 126
2019-09-24 12:11:24,489 DEBUG impl.RaftServerImpl (RaftServerImpl.java:submitClientRequestAsync(533)) - s2@group-6E85041A3092: receive client request(RaftClientRequest:client-CFB50CAB4D08->s2@group-6E85041A3092, cid=1906, seq=0, Watch(47), Message:<EMPTY>)
2019-09-24 12:11:24,490 DEBUG impl.RaftServerImpl (LeaderState.java:addPendingRequest(317)) - s2@group-6E85041A3092-LeaderState: addPendingRequest at RaftClientRequest:client-CFB50CAB4D08->s2@group-6E85041A3092, cid=1767, seq=98, RW, Message:6d3937, entry=(t:1, i:136), STATEMACHINELOGENTRY, client-CFB50CAB4D08, cid=1767
2019-09-24 12:11:24,490 DEBUG impl.UnorderedAsync (UnorderedAsync.java:sendRequestWithRetry(74)) - client-CFB50CAB4D08: attempt #1 send~ RaftClientRequest:client-CFB50CAB4D08->s2@group-6E85041A3092, cid=1973, seq=0, Watch-ALL_COMMITTED(69), null
2019-09-24 12:11:24,490 DEBUG impl.RaftServerImpl (RaftServerImpl.java:submitClientRequestAsync(533)) - s2@group-6E85041A3092: receive client request(RaftClientRequest:client-CFB50CAB4D08->s2@group-6E85041A3092, cid=1768, seq=99, RW, Message:6d3938)
2019-09-24 12:11:24,490 DEBUG impl.RaftServerImpl (LeaderState.java:addWatchReqeust(324)) - s2@group-6E85041A3092-LeaderState: addWatchRequest RaftClientRequest:client-CFB50CAB4D08->s2@group-6E85041A3092, cid=1906, seq=0, Watch(47), Message:<EMPTY>
2019-09-24 12:11:24,491 DEBUG impl.RaftServerImpl (LeaderState.java:addPendingRequest(317)) - s2@group-6E85041A3092-LeaderState: addPendingRequest at RaftClientRequest:client-CFB50CAB4D08->s2@group-6E85041A3092, cid=1768, seq=99, RW, Message:6d3938, entry=(t:1, i:137), STATEMACHINELOGENTRY, client-CFB50CAB4D08, cid=1768
2019-09-24 12:11:24,491 INFO  grpc.TestWatchRequestWithGrpc (WatchRequestTests.java:lambda$sendRequests$0(99)) - SEND_WATCH: message=m51, logIndex=70
2019-09-24 12:11:24,491 DEBUG impl.UnorderedAsync (UnorderedAsync.java:sendRequestWithRetry(74)) - client-CFB50CAB4D08: attempt #1 send~ RaftClientRequest:client-CFB50CAB4D08->s2@group-6E85041A3092, cid=1974, seq=0, Watch(70), null
2019-09-24 12:11:24,491 DEBUG impl.RaftServerImpl (RaftServerImpl.java:logAppendEntries(850)) - s1@group-6E85041A3092: receive appendEntries(s2, 1, (t:1, i:135), 126, false, commits[s2:c126, s0:c0, s1:c119], entries: (t:1, i:136), STATEMACHINELOGENTRY, client-CFB50CAB4D08, cid=1767
2019-09-24 12:11:24,491 DEBUG impl.UnorderedAsync (UnorderedAsync.java:sendRequestWithRetry(74)) - client-CFB50CAB4D08: attempt #1 send~ RaftClientRequest:client-CFB50CAB4D08->s2@group-6E85041A3092, cid=1975, seq=0, Watch-ALL(70), null
2019-09-24 12:11:24,491 DEBUG impl.RaftServerImpl (RaftServerImpl.java:submitClientRequestAsync(533)) - s2@group-6E85041A3092: receive client request(RaftClientRequest:client-CFB50CAB4D08->s2@group-6E85041A3092, cid=1769, seq=100, RW, Message:6d3939)
2019-09-24 12:11:24,491 DEBUG impl.RaftServerImpl (RaftServerImpl.java:submitClientRequestAsync(533)) - s2@group-6E85041A3092: receive client request(RaftClientRequest:client-CFB50CAB4D08->s2@group-6E85041A3092, cid=1907, seq=0, Watch-ALL(47), Message:<EMPTY>)
2019-09-24 12:11:24,491 DEBUG impl.RaftServerImpl (LeaderState.java:addPendingRequest(317)) - s2@group-6E85041A3092-LeaderState: addPendingRequest at RaftClientRequest:client-CFB50CAB4D08->s2@group-6E85041A3092, cid=1769, seq=100, RW, Message:6d3939, entry=(t:1, i:138), STATEMACHINELOGENTRY, client-CFB50CAB4D08, cid=1769
2019-09-24 12:11:24,492 INFO  statemachine.SimpleStateMachine4Testing (SimpleStateMachine4Testing.java:put(198)) - s1: put 124, m87 -> (t:1, i:124), STATEMACHINELOGENTRY, client-CFB50CAB4D08, cid=1757
2019-09-24 12:11:24,491 DEBUG impl.UnorderedAsync (UnorderedAsync.java:sendRequestWithRetry(74)) - client-CFB50CAB4D08: attempt #1 send~ RaftClientRequest:client-CFB50CAB4D08->s2@group-6E85041A3092, cid=1976, seq=0, Watch-MAJORITY_COMMITTED(70), null
2019-09-24 12:11:24,491 DEBUG impl.RaftServerImpl (RaftServerImpl.java:logAppendEntries(850)) - s1@group-6E85041A3092: receive appendEntries(s2, 1, (t:1, i:136), 126, false, commits[s2:c126, s0:c0, s1:c119], entries: (t:1, i:137), STATEMACHINELOGENTRY, client-CFB50CAB4D08, cid=1768
2019-09-24 12:11:24,491 DEBUG impl.UnorderedAsync (UnorderedAsync.java:lambda$sendRequestWithRetry$4(77)) - client-CFB50CAB4D08: attempt #1 receive~ RaftClientReply:client-CFB50CAB4D08->s2@group-6E85041A3092, cid=1906, SUCCESS, logIndex=0, commits[s2:c126, s0:c0, s1:c119]
2019-09-24 12:11:24,492 DEBUG impl.RaftServerImpl (RaftServerImpl.java:logAppendEntries(850)) - s1@group-6E85041A3092: succeeded to handle AppendEntries. Reply: s2<-s1#143:OK,SUCCESS,nextIndex:133,term:1,followerCommit:125
2019-09-24 12:11:24,492 DEBUG impl.UnorderedAsync (UnorderedAsync.java:sendRequestWithRetry(74)) - client-CFB50CAB4D08: attempt #1 send~ RaftClientRequest:client-CFB50CAB4D08->s2@group-6E85041A3092, cid=1977, seq=0, Watch-ALL_COMMITTED(70), null
2019-09-24 12:11:24,492 DEBUG impl.RaftServerImpl (RaftServerImpl.java:logAppendEntries(850)) - s1@group-6E85041A3092: succeeded to handle AppendEntries. Reply: s2<-s1#142:OK,SUCCESS,nextIndex:132,term:1,followerCommit:125
2019-09-24 12:11:24,492 INFO  statemachine.SimpleStateMachine4Testing (SimpleStateMachine4Testing.java:put(198)) - s1: put 125, m88 -> (t:1, i:125), STATEMACHINELOGENTRY, client-CFB50CAB4D08, cid=1758
2019-09-24 12:11:24,492 DEBUG impl.RaftServerImpl (RaftServerImpl.java:logAppendEntries(850)) - s1@group-6E85041A3092: succeeded to handle AppendEntries. Reply: s2<-s1#141:OK,SUCCESS,nextIndex:131,term:1,followerCommit:125
2019-09-24 12:11:24,492 DEBUG impl.RaftServerImpl (RaftServerImpl.java:logAppendEntries(850)) - s1@group-6E85041A3092: succeeded to handle AppendEntries. Reply: s2<-s1#140:OK,SUCCESS,nextIndex:130,term:1,followerCommit:125
2019-09-24 12:11:24,492 DEBUG impl.RaftServerImpl (RaftServerImpl.java:logAppendEntries(850)) - s1@group-6E85041A3092: succeeded to handle AppendEntries. Reply: s2<-s1#139:OK,SUCCESS,nextIndex:129,term:1,followerCommit:125
2019-09-24 12:11:24,493 DEBUG impl.RaftServerImpl (RaftServerImpl.java:logAppendEntries(850)) - s1@group-6E85041A3092: succeeded to handle AppendEntries. Reply: s2<-s1#145:OK,SUCCESS,nextIndex:135,term:1,followerCommit:125
2019-09-24 12:11:24,492 DEBUG impl.RaftServerImpl (RaftServerImpl.java:logAppendEntries(850)) - s1@group-6E85041A3092: succeeded to handle AppendEntries. Reply: s2<-s1#138:OK,SUCCESS,nextIndex:128,term:1,followerCommit:119
2019-09-24 12:11:24,491 DEBUG impl.RaftServerImpl (LeaderState.java:addWatchReqeust(324)) - s2@group-6E85041A3092-LeaderState: addWatchRequest RaftClientRequest:client-CFB50CAB4D08->s2@group-6E85041A3092, cid=1907, seq=0, Watch-ALL(47), Message:<EMPTY>
2019-09-24 12:11:24,493 DEBUG impl.RaftServerImpl (RaftServerImpl.java:logAppendEntries(850)) - s1@group-6E85041A3092: succeeded to handle AppendEntries. Reply: s2<-s1#147:OK,SUCCESS,nextIndex:137,term:1,followerCommit:126
2019-09-24 12:11:24,493 DEBUG impl.RaftServerImpl (RaftServerImpl.java:logAppendEntries(850)) - s1@group-6E85041A3092: succeeded to handle AppendEntries. Reply: s2<-s1#146:OK,SUCCESS,nextIndex:136,term:1,followerCommit:125
2019-09-24 12:11:24,493 DEBUG impl.RaftServerImpl (RaftServerImpl.java:logAppendEntries(850)) - s1@group-6E85041A3092: succeeded to handle AppendEntries. Reply: s2<-s1#144:OK,SUCCESS,nextIndex:134,term:1,followerCommit:125
2019-09-24 12:11:24,492 INFO  grpc.TestWatchRequestWithGrpc (WatchRequestTests.java:lambda$sendRequests$0(99)) - SEND_WATCH: message=m52, logIndex=71
2019-09-24 12:11:24,492 DEBUG impl.RaftServerImpl (RaftServerImpl.java:logAppendEntries(850)) - s1@group-6E85041A3092: receive appendEntries(s2, 1, (t:1, i:137), 126, false, commits[s2:c126, s0:c0, s1:c119], entries: (t:1, i:138), STATEMACHINELOGENTRY, client-CFB50CAB4D08, cid=1769
2019-09-24 12:11:24,492 INFO  grpc.TestWatchRequestWithGrpc (WatchRequestTests.java:get(172)) - majority-Watch(47) returns RaftClientReply:client-CFB50CAB4D08->s2@group-6E85041A3092, cid=1906, SUCCESS, logIndex=0, commits[s2:c126, s0:c0, s1:c119]
2019-09-24 12:11:24,494 DEBUG impl.RaftServerImpl (RaftServerImpl.java:logAppendEntries(850)) - s1@group-6E85041A3092: succeeded to handle AppendEntries. Reply: s2<-s1#148:OK,SUCCESS,nextIndex:138,term:1,followerCommit:126
2019-09-24 12:11:24,493 DEBUG impl.UnorderedAsync (UnorderedAsync.java:sendRequestWithRetry(74)) - client-CFB50CAB4D08: attempt #1 send~ RaftClientRequest:client-CFB50CAB4D08->s2@group-6E85041A3092, cid=1978, seq=0, Watch(71), null
2019-09-24 12:11:24,493 INFO  statemachine.SimpleStateMachine4Testing (SimpleStateMachine4Testing.java:put(198)) - s2: put 127, m89 -> (t:1, i:127), STATEMACHINELOGENTRY, client-CFB50CAB4D08, cid=1759
2019-09-24 12:11:24,493 DEBUG impl.WatchRequests (WatchRequests.java:updateIndex(142)) - s2@group-6E85041A3092-WatchRequests: update MAJORITY_COMMITTED index from 119 to 125
2019-09-24 12:11:24,493 DEBUG impl.WatchRequests (WatchRequests.java:updateIndex(142)) - s2@group-6E85041A3092-WatchRequests: update MAJORITY index from 126 to 127
2019-09-24 12:11:24,493 DEBUG impl.RaftServerImpl (RaftServerImpl.java:submitClientRequestAsync(533)) - s2@group-6E85041A3092: receive client request(RaftClientRequest:client-CFB50CAB4D08->s2@group-6E85041A3092, cid=1908, seq=0, Watch-MAJORITY_COMMITTED(47), Message:<EMPTY>)
2019-09-24 12:11:24,494 DEBUG impl.RaftServerImpl (RaftServerImpl.java:logAppendEntries(850)) - s1@group-6E85041A3092: succeeded to handle AppendEntries. Reply: s2<-s1#149:OK,SUCCESS,nextIndex:139,term:1,followerCommit:126
2019-09-24 12:11:24,494 DEBUG impl.WatchRequests (WatchRequests.java:updateIndex(142)) - s2@group-6E85041A3092-WatchRequests: update MAJORITY index from 127 to 129
2019-09-24 12:11:24,494 DEBUG impl.UnorderedAsync (UnorderedAsync.java:sendRequestWithRetry(74)) - client-CFB50CAB4D08: attempt #1 send~ RaftClientRequest:client-CFB50CAB4D08->s2@group-6E85041A3092, cid=1979, seq=0, Watch-ALL(71), null
2019-09-24 12:11:24,495 DEBUG impl.WatchRequests (WatchRequests.java:updateIndex(142)) - s2@group-6E85041A3092-WatchRequests: update MAJORITY_COMMITTED index from 125 to 126
2019-09-24 12:11:24,495 DEBUG impl.WatchRequests (WatchRequests.java:updateIndex(142)) - s2@group-6E85041A3092-WatchRequests: update MAJORITY index from 129 to 134
2019-09-24 12:11:24,494 DEBUG impl.RaftServerImpl (RaftServerImpl.java:logAppendEntries(850)) - s1@group-6E85041A3092: receive appendEntries(s2, 1, (t:1, i:138), 127, false, commits[s2:c127, s0:c0, s1:c125], entries: (t:1, i:139), METADATAENTRY(c127)
2019-09-24 12:11:24,494 DEBUG impl.RaftServerImpl (LeaderState.java:addWatchReqeust(324)) - s2@group-6E85041A3092-LeaderState: addWatchRequest RaftClientRequest:client-CFB50CAB4D08->s2@group-6E85041A3092, cid=1908, seq=0, Watch-MAJORITY_COMMITTED(47), Message:<EMPTY>
2019-09-24 12:11:24,495 DEBUG impl.WatchRequests (WatchRequests.java:updateIndex(142)) - s2@group-6E85041A3092-WatchRequests: update MAJORITY index from 134 to 137
2019-09-24 12:11:24,495 DEBUG impl.UnorderedAsync (UnorderedAsync.java:sendRequestWithRetry(74)) - client-CFB50CAB4D08: attempt #1 send~ RaftClientRequest:client-CFB50CAB4D08->s2@group-6E85041A3092, cid=1980, seq=0, Watch-MAJORITY_COMMITTED(71), null
2019-09-24 12:11:24,495 DEBUG impl.RaftServerImpl (RaftServerImpl.java:submitClientRequestAsync(533)) - s2@group-6E85041A3092: receive client request(RaftClientRequest:client-CFB50CAB4D08->s2@group-6E85041A3092, cid=1909, seq=0, Watch-ALL_COMMITTED(47), Message:<EMPTY>)
2019-09-24 12:11:24,495 DEBUG impl.WatchRequests (WatchRequests.java:updateIndex(142)) - s2@group-6E85041A3092-WatchRequests: update MAJORITY index from 137 to 138
2019-09-24 12:11:24,495 DEBUG impl.RaftServerImpl (RaftServerImpl.java:logAppendEntries(850)) - s1@group-6E85041A3092: receive appendEntries(s2, 1, (t:1, i:139), 129, false, commits[s2:c129, s0:c0, s1:c125], entries: (t:1, i:140), METADATAENTRY(c129)
2019-09-24 12:11:24,495 DEBUG impl.RaftServerImpl (LeaderState.java:addWatchReqeust(324)) - s2@group-6E85041A3092-LeaderState: addWatchRequest RaftClientRequest:client-CFB50CAB4D08->s2@group-6E85041A3092, cid=1909, seq=0, Watch-ALL_COMMITTED(47), Message:<EMPTY>
2019-09-24 12:11:24,495 DEBUG impl.UnorderedAsync (UnorderedAsync.java:sendRequestWithRetry(74)) - client-CFB50CAB4D08: attempt #1 send~ RaftClientRequest:client-CFB50CAB4D08->s2@group-6E85041A3092, cid=1981, seq=0, Watch-ALL_COMMITTED(71), null
2019-09-24 12:11:24,496 DEBUG impl.RaftServerImpl (RaftServerImpl.java:submitClientRequestAsync(533)) - s2@group-6E85041A3092: receive client request(RaftClientRequest:client-CFB50CAB4D08->s2@group-6E85041A3092, cid=1910, seq=0, Watch(48), Message:<EMPTY>)
2019-09-24 12:11:24,496 DEBUG impl.RaftServerImpl (RaftServerImpl.java:logAppendEntries(850)) - s1@group-6E85041A3092: receive appendEntries(s2, 1, (t:1, i:140), 134, false, commits[s2:c134, s0:c0, s1:c126], entries: (t:1, i:141), METADATAENTRY(c134)
2019-09-24 12:11:24,496 DEBUG client.GrpcClientProtocolService (GrpcClientProtocolService.java:sendReply(353)) - 0-OrderedRequestStreamObserver0: sendReply seq=90, RaftClientReply:client-CFB50CAB4D08->s2@group-6E85041A3092, cid=1759, SUCCESS, logIndex=127, commits[s2:c127, s0:c0, s1:c125]
2019-09-24 12:11:24,496 INFO  statemachine.SimpleStateMachine4Testing (SimpleStateMachine4Testing.java:put(198)) - s2: put 129, m90 -> (t:1, i:129), STATEMACHINELOGENTRY, client-CFB50CAB4D08, cid=1760
2019-09-24 12:11:24,496 DEBUG impl.UnorderedAsync (UnorderedAsync.java:lambda$sendRequestWithRetry$4(77)) - client-CFB50CAB4D08: attempt #1 receive~ RaftClientReply:client-CFB50CAB4D08->s2@group-6E85041A3092, cid=1908, SUCCESS, logIndex=0, commits[s2:c137, s0:c0, s1:c126]
2019-09-24 12:11:24,496 DEBUG impl.RaftServerImpl (RaftServerImpl.java:logAppendEntries(850)) - s1@group-6E85041A3092: receive appendEntries(s2, 1, (t:1, i:141), 138, false, commits[s2:c138, s0:c0, s1:c126], entries: (t:1, i:142), METADATAENTRY(c137)
2019-09-24 12:11:24,496 INFO  grpc.TestWatchRequestWithGrpc (WatchRequestTests.java:lambda$sendRequests$0(99)) - SEND_WATCH: message=m53, logIndex=72
2019-09-24 12:11:24,496 DEBUG impl.RaftServerImpl (LeaderState.java:addWatchReqeust(324)) - s2@group-6E85041A3092-LeaderState: addWatchRequest RaftClientRequest:client-CFB50CAB4D08->s2@group-6E85041A3092, cid=1910, seq=0, Watch(48), Message:<EMPTY>
2019-09-24 12:11:24,496 INFO  statemachine.SimpleStateMachine4Testing (SimpleStateMachine4Testing.java:put(198)) - s1: put 127, m89 -> (t:1, i:127), STATEMACHINELOGENTRY, client-CFB50CAB4D08, cid=1759
2019-09-24 12:11:24,496 DEBUG impl.RaftServerImpl (RaftServerImpl.java:logAppendEntries(850)) - s1@group-6E85041A3092: succeeded to handle AppendEntries. Reply: s2<-s1#150:OK,SUCCESS,nextIndex:140,term:1,followerCommit:127
2019-09-24 12:11:24,497 DEBUG impl.UnorderedAsync (UnorderedAsync.java:sendRequestWithRetry(74)) - client-CFB50CAB4D08: attempt #1 send~ RaftClientRequest:client-CFB50CAB4D08->s2@group-6E85041A3092, cid=1982, seq=0, Watch(72), null
2019-09-24 12:11:24,497 DEBUG impl.RaftServerImpl (RaftServerImpl.java:logAppendEntries(850)) - s1@group-6E85041A3092: receive appendEntries(s2, 1, (t:1, i:142), 138, false, commits[s2:c138, s0:c0, s1:c126], entries: (t:1, i:143), METADATAENTRY(c138)
2019-09-24 12:11:24,497 DEBUG client.GrpcClientProtocolService (GrpcClientProtocolService.java:sendReply(353)) - 0-OrderedRequestStreamObserver0: sendReply seq=91, RaftClientReply:client-CFB50CAB4D08->s2@group-6E85041A3092, cid=1760, SUCCESS, logIndex=129, commits[s2:c138, s0:c0, s1:c126]
2019-09-24 12:11:24,497 INFO  statemachine.SimpleStateMachine4Testing (SimpleStateMachine4Testing.java:put(198)) - s2: put 130, m91 -> (t:1, i:130), STATEMACHINELOGENTRY, client-CFB50CAB4D08, cid=1761
2019-09-24 12:11:24,496 INFO  grpc.TestWatchRequestWithGrpc (WatchRequestTests.java:get(172)) - majorityCommitted-Watch(47) returns RaftClientReply:client-CFB50CAB4D08->s2@group-6E85041A3092, cid=1908, SUCCESS, logIndex=0, commits[s2:c137, s0:c0, s1:c126]
2019-09-24 12:11:24,497 DEBUG impl.UnorderedAsync (UnorderedAsync.java:lambda$sendRequestWithRetry$4(77)) - client-CFB50CAB4D08: attempt #1 receive~ RaftClientReply:client-CFB50CAB4D08->s2@group-6E85041A3092, cid=1910, SUCCESS, logIndex=0, commits[s2:c138, s0:c0, s1:c126]
2019-09-24 12:11:24,498 INFO  grpc.TestWatchRequestWithGrpc (WatchRequestTests.java:checkMajority(230)) - checkMajority 35: receive RaftClientReply:client-CFB50CAB4D08->s2@group-6E85041A3092, cid=1705, SUCCESS, logIndex=48, commits[s2:c48, s0:c0, s1:c43]
2019-09-24 12:11:24,497 DEBUG impl.WatchRequests (WatchRequests.java:updateIndex(142)) - s2@group-6E85041A3092-WatchRequests: update MAJORITY_COMMITTED index from 126 to 127
2019-09-24 12:11:24,497 DEBUG impl.UnorderedAsync (UnorderedAsync.java:sendRequestWithRetry(74)) - client-CFB50CAB4D08: attempt #1 send~ RaftClientRequest:client-CFB50CAB4D08->s2@group-6E85041A3092, cid=1983, seq=0, Watch-ALL(72), null
2019-09-24 12:11:24,497 DEBUG impl.RaftServerImpl (RaftServerImpl.java:submitClientRequestAsync(533)) - s2@group-6E85041A3092: receive client request(RaftClientRequest:client-CFB50CAB4D08->s2@group-6E85041A3092, cid=1911, seq=0, Watch-ALL(48), Message:<EMPTY>)
2019-09-24 12:11:24,498 DEBUG impl.UnorderedAsync (UnorderedAsync.java:sendRequestWithRetry(74)) - client-CFB50CAB4D08: attempt #1 send~ RaftClientRequest:client-CFB50CAB4D08->s2@group-6E85041A3092, cid=1984, seq=0, Watch-MAJORITY_COMMITTED(72), null
2019-09-24 12:11:24,498 DEBUG impl.WatchRequests (WatchRequests.java:updateIndex(142)) - s2@group-6E85041A3092-WatchRequests: update MAJORITY index from 138 to 139
2019-09-24 12:11:24,498 INFO  grpc.TestWatchRequestWithGrpc (WatchRequestTests.java:get(172)) - majority-Watch(48) returns RaftClientReply:client-CFB50CAB4D08->s2@group-6E85041A3092, cid=1910, SUCCESS, logIndex=0, commits[s2:c138, s0:c0, s1:c126]
2019-09-24 12:11:24,498 DEBUG client.GrpcClientProtocolService (GrpcClientProtocolService.java:sendReply(353)) - 0-OrderedRequestStreamObserver0: sendReply seq=92, RaftClientReply:client-CFB50CAB4D08->s2@group-6E85041A3092, cid=1761, SUCCESS, logIndex=130, commits[s2:c138, s0:c0, s1:c127]
2019-09-24 12:11:24,498 INFO  statemachine.SimpleStateMachine4Testing (SimpleStateMachine4Testing.java:put(198)) - s2: put 131, m92 -> (t:1, i:131), STATEMACHINELOGENTRY, client-CFB50CAB4D08, cid=1762
2019-09-24 12:11:24,498 INFO  statemachine.SimpleStateMachine4Testing (SimpleStateMachine4Testing.java:put(198)) - s1: put 129, m90 -> (t:1, i:129), STATEMACHINELOGENTRY, client-CFB50CAB4D08, cid=1760
2019-09-24 12:11:24,498 DEBUG impl.RaftServerImpl (RaftServerImpl.java:logAppendEntries(850)) - s1@group-6E85041A3092: succeeded to handle AppendEntries. Reply: s2<-s1#151:OK,SUCCESS,nextIndex:141,term:1,followerCommit:129
2019-09-24 12:11:24,498 DEBUG impl.UnorderedAsync (UnorderedAsync.java:sendRequestWithRetry(74)) - client-CFB50CAB4D08: attempt #1 send~ RaftClientRequest:client-CFB50CAB4D08->s2@group-6E85041A3092, cid=1985, seq=0, Watch-ALL_COMMITTED(72), null
2019-09-24 12:11:24,498 DEBUG impl.RaftServerImpl (LeaderState.java:addWatchReqeust(324)) - s2@group-6E85041A3092-LeaderState: addWatchRequest RaftClientRequest:client-CFB50CAB4D08->s2@group-6E85041A3092, cid=1911, seq=0, Watch-ALL(48), Message:<EMPTY>
2019-09-24 12:11:24,499 DEBUG impl.WatchRequests (WatchRequests.java:updateIndex(142)) - s2@group-6E85041A3092-WatchRequests: update MAJORITY_COMMITTED index from 127 to 129
2019-09-24 12:11:24,499 DEBUG client.GrpcClientProtocolService (GrpcClientProtocolService.java:sendReply(353)) - 0-OrderedRequestStreamObserver0: sendReply seq=93, RaftClientReply:client-CFB50CAB4D08->s2@group-6E85041A3092, cid=1762, SUCCESS, logIndex=131, commits[s2:c139, s0:c0, s1:c127]
2019-09-24 12:11:24,499 INFO  statemachine.SimpleStateMachine4Testing (SimpleStateMachine4Testing.java:put(198)) - s2: put 132, m93 -> (t:1, i:132), STATEMACHINELOGENTRY, client-CFB50CAB4D08, cid=1763
2019-09-24 12:11:24,499 DEBUG impl.WatchRequests (WatchRequests.java:updateIndex(142)) - s2@group-6E85041A3092-WatchRequests: update MAJORITY index from 139 to 140
2019-09-24 12:11:24,499 DEBUG impl.RaftServerImpl (RaftServerImpl.java:submitClientRequestAsync(533)) - s2@group-6E85041A3092: receive client request(RaftClientRequest:client-CFB50CAB4D08->s2@group-6E85041A3092, cid=1912, seq=0, Watch-MAJORITY_COMMITTED(48), Message:<EMPTY>)
2019-09-24 12:11:24,499 INFO  grpc.TestWatchRequestWithGrpc (WatchRequestTests.java:lambda$sendRequests$0(99)) - SEND_WATCH: message=m54, logIndex=73
2019-09-24 12:11:24,500 INFO  statemachine.SimpleStateMachine4Testing (SimpleStateMachine4Testing.java:put(198)) - s2: put 133, m94 -> (t:1, i:133), STATEMACHINELOGENTRY, client-CFB50CAB4D08, cid=1764
2019-09-24 12:11:24,500 DEBUG impl.RaftServerImpl (LeaderState.java:addWatchReqeust(324)) - s2@group-6E85041A3092-LeaderState: addWatchRequest RaftClientRequest:client-CFB50CAB4D08->s2@group-6E85041A3092, cid=1912, seq=0, Watch-MAJORITY_COMMITTED(48), Message:<EMPTY>
2019-09-24 12:11:24,500 DEBUG impl.RaftServerImpl (RaftServerImpl.java:logAppendEntries(850)) - s1@group-6E85041A3092: succeeded to handle AppendEntries. Reply: s2<-s1#153:OK,SUCCESS,nextIndex:143,term:1,followerCommit:138
2019-09-24 12:11:24,500 INFO  statemachine.SimpleStateMachine4Testing (SimpleStateMachine4Testing.java:put(198)) - s1: put 130, m91 -> (t:1, i:130), STATEMACHINELOGENTRY, client-CFB50CAB4D08, cid=1761
2019-09-24 12:11:24,500 DEBUG impl.RaftServerImpl (RaftServerImpl.java:logAppendEntries(850)) - s1@group-6E85041A3092: succeeded to handle AppendEntries. Reply: s2<-s1#152:OK,SUCCESS,nextIndex:142,term:1,followerCommit:134
2019-09-24 12:11:24,500 INFO  statemachine.SimpleStateMachine4Testing (SimpleStateMachine4Testing.java:put(198)) - s1: put 131, m92 -> (t:1, i:131), STATEMACHINELOGENTRY, client-CFB50CAB4D08, cid=1762
2019-09-24 12:11:24,500 DEBUG impl.RaftServerImpl (RaftServerImpl.java:submitClientRequestAsync(533)) - s2@group-6E85041A3092: receive client request(RaftClientRequest:client-CFB50CAB4D08->s2@group-6E85041A3092, cid=1913, seq=0, Watch-ALL_COMMITTED(48), Message:<EMPTY>)
2019-09-24 12:11:24,500 INFO  statemachine.SimpleStateMachine4Testing (SimpleStateMachine4Testing.java:put(198)) - s2: put 134, m95 -> (t:1, i:134), STATEMACHINELOGENTRY, client-CFB50CAB4D08, cid=1765
2019-09-24 12:11:24,500 DEBUG client.GrpcClientProtocolService (GrpcClientProtocolService.java:sendReply(353)) - 0-OrderedRequestStreamObserver0: sendReply seq=94, RaftClientReply:client-CFB50CAB4D08->s2@group-6E85041A3092, cid=1763, SUCCESS, logIndex=132, commits[s2:c140, s0:c0, s1:c129]
2019-09-24 12:11:24,500 DEBUG impl.RaftServerImpl (RaftServerImpl.java:logAppendEntries(850)) - s1@group-6E85041A3092: succeeded to handle AppendEntries. Reply: s2<-s1#154:OK,SUCCESS,nextIndex:144,term:1,followerCommit:138
2019-09-24 12:11:24,500 DEBUG impl.UnorderedAsync (UnorderedAsync.java:sendRequestWithRetry(74)) - client-CFB50CAB4D08: attempt #1 send~ RaftClientRequest:client-CFB50CAB4D08->s2@group-6E85041A3092, cid=1986, seq=0, Watch(73), null
2019-09-24 12:11:24,501 INFO  statemachine.SimpleStateMachine4Testing (SimpleStateMachine4Testing.java:put(198)) - s2: put 135, m96 -> (t:1, i:135), STATEMACHINELOGENTRY, client-CFB50CAB4D08, cid=1766
2019-09-24 12:11:24,501 DEBUG impl.UnorderedAsync (UnorderedAsync.java:lambda$sendRequestWithRetry$4(77)) - client-CFB50CAB4D08: attempt #1 receive~ RaftClientReply:client-CFB50CAB4D08->s2@group-6E85041A3092, cid=1912, SUCCESS, logIndex=0, commits[s2:c140, s0:c0, s1:c129]
2019-09-24 12:11:24,501 DEBUG impl.RaftServerImpl (LeaderState.java:addWatchReqeust(324)) - s2@group-6E85041A3092-LeaderState: addWatchRequest RaftClientRequest:client-CFB50CAB4D08->s2@group-6E85041A3092, cid=1913, seq=0, Watch-ALL_COMMITTED(48), Message:<EMPTY>
2019-09-24 12:11:24,501 DEBUG impl.WatchRequests (WatchRequests.java:updateIndex(142)) - s2@group-6E85041A3092-WatchRequests: update MAJORITY_COMMITTED index from 129 to 134
2019-09-24 12:11:24,500 INFO  statemachine.SimpleStateMachine4Testing (SimpleStateMachine4Testing.java:put(198)) - s1: put 132, m93 -> (t:1, i:132), STATEMACHINELOGENTRY, client-CFB50CAB4D08, cid=1763
2019-09-24 12:11:24,501 DEBUG impl.WatchRequests (WatchRequests.java:updateIndex(142)) - s2@group-6E85041A3092-WatchRequests: update MAJORITY_COMMITTED index from 134 to 138
2019-09-24 12:11:24,501 DEBUG impl.WatchRequests (WatchRequests.java:updateIndex(142)) - s2@group-6E85041A3092-WatchRequests: update MAJORITY index from 140 to 141
2019-09-24 12:11:24,501 DEBUG impl.RaftServerImpl (RaftServerImpl.java:submitClientRequestAsync(533)) - s2@group-6E85041A3092: receive client request(RaftClientRequest:client-CFB50CAB4D08->s2@group-6E85041A3092, cid=1914, seq=0, Watch(49), Message:<EMPTY>)
2019-09-24 12:11:24,501 INFO  grpc.TestWatchRequestWithGrpc (WatchRequestTests.java:get(172)) - majorityCommitted-Watch(48) returns RaftClientReply:client-CFB50CAB4D08->s2@group-6E85041A3092, cid=1912, SUCCESS, logIndex=0, commits[s2:c140, s0:c0, s1:c129]
2019-09-24 12:11:24,501 INFO  statemachine.SimpleStateMachine4Testing (SimpleStateMachine4Testing.java:put(198)) - s2: put 136, m97 -> (t:1, i:136), STATEMACHINELOGENTRY, client-CFB50CAB4D08, cid=1767
2019-09-24 12:11:24,501 DEBUG client.GrpcClientProtocolService (GrpcClientProtocolService.java:sendReply(353)) - 0-OrderedRequestStreamObserver0: sendReply seq=95, RaftClientReply:client-CFB50CAB4D08->s2@group-6E85041A3092, cid=1764, SUCCESS, logIndex=133, commits[s2:c140, s0:c0, s1:c129]
2019-09-24 12:11:24,501 DEBUG impl.UnorderedAsync (UnorderedAsync.java:sendRequestWithRetry(74)) - client-CFB50CAB4D08: attempt #1 send~ RaftClientRequest:client-CFB50CAB4D08->s2@group-6E85041A3092, cid=1987, seq=0, Watch-ALL(73), null
2019-09-24 12:11:24,502 INFO  grpc.TestWatchRequestWithGrpc (WatchRequestTests.java:checkMajority(230)) - checkMajority 36: receive RaftClientReply:client-CFB50CAB4D08->s2@group-6E85041A3092, cid=1706, SUCCESS, logIndex=49, commits[s2:c54, s0:c0, s1:c43]
2019-09-24 12:11:24,502 DEBUG impl.RaftServerImpl (LeaderState.java:addWatchReqeust(324)) - s2@group-6E85041A3092-LeaderState: addWatchRequest RaftClientRequest:client-CFB50CAB4D08->s2@group-6E85041A3092, cid=1914, seq=0, Watch(49), Message:<EMPTY>
2019-09-24 12:11:24,502 DEBUG impl.WatchRequests (WatchRequests.java:updateIndex(142)) - s2@group-6E85041A3092-WatchRequests: update MAJORITY index from 141 to 142
2019-09-24 12:11:24,501 INFO  statemachine.SimpleStateMachine4Testing (SimpleStateMachine4Testing.java:put(198)) - s1: put 133, m94 -> (t:1, i:133), STATEMACHINELOGENTRY, client-CFB50CAB4D08, cid=1764
2019-09-24 12:11:24,502 DEBUG impl.WatchRequests (WatchRequests.java:updateIndex(142)) - s2@group-6E85041A3092-WatchRequests: update MAJORITY index from 142 to 143
2019-09-24 12:11:24,502 DEBUG client.GrpcClientProtocolService (GrpcClientProtocolService.java:sendReply(353)) - 0-OrderedRequestStreamObserver0: sendReply seq=96, RaftClientReply:client-CFB50CAB4D08->s2@group-6E85041A3092, cid=1765, SUCCESS, logIndex=134, commits[s2:c140, s0:c0, s1:c134]
2019-09-24 12:11:24,502 DEBUG impl.UnorderedAsync (UnorderedAsync.java:sendRequestWithRetry(74)) - client-CFB50CAB4D08: attempt #1 send~ RaftClientRequest:client-CFB50CAB4D08->s2@group-6E85041A3092, cid=1988, seq=0, Watch-MAJORITY_COMMITTED(73), null
2019-09-24 12:11:24,503 INFO  statemachine.SimpleStateMachine4Testing (SimpleStateMachine4Testing.java:put(198)) - s2: put 137, m98 -> (t:1, i:137), STATEMACHINELOGENTRY, client-CFB50CAB4D08, cid=1768
2019-09-24 12:11:24,502 INFO  statemachine.SimpleStateMachine4Testing (SimpleStateMachine4Testing.java:put(198)) - s1: put 134, m95 -> (t:1, i:134), STATEMACHINELOGENTRY, client-CFB50CAB4D08, cid=1765
2019-09-24 12:11:24,503 DEBUG impl.UnorderedAsync (UnorderedAsync.java:lambda$sendRequestWithRetry$4(77)) - client-CFB50CAB4D08: attempt #1 receive~ RaftClientReply:client-CFB50CAB4D08->s2@group-6E85041A3092, cid=1914, SUCCESS, logIndex=0, commits[s2:c142, s0:c0, s1:c138]
2019-09-24 12:11:24,503 INFO  statemachine.SimpleStateMachine4Testing (SimpleStateMachine4Testing.java:put(198)) - s2: put 138, m99 -> (t:1, i:138), STATEMACHINELOGENTRY, client-CFB50CAB4D08, cid=1769
2019-09-24 12:11:24,502 DEBUG impl.RaftServerImpl (RaftServerImpl.java:submitClientRequestAsync(533)) - s2@group-6E85041A3092: receive client request(RaftClientRequest:client-CFB50CAB4D08->s2@group-6E85041A3092, cid=1915, seq=0, Watch-ALL(49), Message:<EMPTY>)
2019-09-24 12:11:24,503 INFO  statemachine.SimpleStateMachine4Testing (SimpleStateMachine4Testing.java:put(198)) - s1: put 135, m96 -> (t:1, i:135), STATEMACHINELOGENTRY, client-CFB50CAB4D08, cid=1766
2019-09-24 12:11:24,503 INFO  grpc.TestWatchRequestWithGrpc (WatchRequestTests.java:get(172)) - majority-Watch(49) returns RaftClientReply:client-CFB50CAB4D08->s2@group-6E85041A3092, cid=1914, SUCCESS, logIndex=0, commits[s2:c142, s0:c0, s1:c138]
2019-09-24 12:11:24,503 DEBUG client.GrpcClientProtocolService (GrpcClientProtocolService.java:sendReply(353)) - 0-OrderedRequestStreamObserver0: sendReply seq=97, RaftClientReply:client-CFB50CAB4D08->s2@group-6E85041A3092, cid=1766, SUCCESS, logIndex=135, commits[s2:c140, s0:c0, s1:c134]
2019-09-24 12:11:24,503 DEBUG impl.UnorderedAsync (UnorderedAsync.java:sendRequestWithRetry(74)) - client-CFB50CAB4D08: attempt #1 send~ RaftClientRequest:client-CFB50CAB4D08->s2@group-6E85041A3092, cid=1989, seq=0, Watch-ALL_COMMITTED(73), null
2019-09-24 12:11:24,503 INFO  statemachine.SimpleStateMachine4Testing (SimpleStateMachine4Testing.java:put(198)) - s1: put 136, m97 -> (t:1, i:136), STATEMACHINELOGENTRY, client-CFB50CAB4D08, cid=1767
2019-09-24 12:11:24,503 DEBUG impl.RaftServerImpl (LeaderState.java:addWatchReqeust(324)) - s2@group-6E85041A3092-LeaderState: addWatchRequest RaftClientRequest:client-CFB50CAB4D08->s2@group-6E85041A3092, cid=1915, seq=0, Watch-ALL(49), Message:<EMPTY>
2019-09-24 12:11:24,504 INFO  statemachine.SimpleStateMachine4Testing (SimpleStateMachine4Testing.java:put(198)) - s1: put 137, m98 -> (t:1, i:137), STATEMACHINELOGENTRY, client-CFB50CAB4D08, cid=1768
2019-09-24 12:11:24,504 INFO  grpc.TestWatchRequestWithGrpc (WatchRequestTests.java:lambda$sendRequests$0(99)) - SEND_WATCH: message=m55, logIndex=74
2019-09-24 12:11:24,504 DEBUG client.GrpcClientProtocolService (GrpcClientProtocolService.java:sendReply(353)) - 0-OrderedRequestStreamObserver0: sendReply seq=98, RaftClientReply:client-CFB50CAB4D08->s2@group-6E85041A3092, cid=1767, SUCCESS, logIndex=136, commits[s2:c142, s0:c0, s1:c138]
2019-09-24 12:11:24,504 DEBUG impl.UnorderedAsync (UnorderedAsync.java:sendRequestWithRetry(74)) - client-CFB50CAB4D08: attempt #1 send~ RaftClientRequest:client-CFB50CAB4D08->s2@group-6E85041A3092, cid=1990, seq=0, Watch(74), null
2019-09-24 12:11:24,504 INFO  statemachine.SimpleStateMachine4Testing (SimpleStateMachine4Testing.java:put(198)) - s1: put 138, m99 -> (t:1, i:138), STATEMACHINELOGENTRY, client-CFB50CAB4D08, cid=1769
2019-09-24 12:11:24,504 DEBUG impl.RaftServerImpl (RaftServerImpl.java:submitClientRequestAsync(533)) - s2@group-6E85041A3092: receive client request(RaftClientRequest:client-CFB50CAB4D08->s2@group-6E85041A3092, cid=1916, seq=0, Watch-MAJORITY_COMMITTED(49), Message:<EMPTY>)
2019-09-24 12:11:24,504 DEBUG client.GrpcClientProtocolService (GrpcClientProtocolService.java:sendReply(353)) - 0-OrderedRequestStreamObserver0: sendReply seq=99, RaftClientReply:client-CFB50CAB4D08->s2@group-6E85041A3092, cid=1768, SUCCESS, logIndex=137, commits[s2:c143, s0:c0, s1:c138]
2019-09-24 12:11:24,504 DEBUG impl.UnorderedAsync (UnorderedAsync.java:sendRequestWithRetry(74)) - client-CFB50CAB4D08: attempt #1 send~ RaftClientRequest:client-CFB50CAB4D08->s2@group-6E85041A3092, cid=1991, seq=0, Watch-ALL(74), null
2019-09-24 12:11:24,505 DEBUG impl.RaftServerImpl (LeaderState.java:addWatchReqeust(324)) - s2@group-6E85041A3092-LeaderState: addWatchRequest RaftClientRequest:client-CFB50CAB4D08->s2@group-6E85041A3092, cid=1916, seq=0, Watch-MAJORITY_COMMITTED(49), Message:<EMPTY>
2019-09-24 12:11:24,505 DEBUG impl.UnorderedAsync (UnorderedAsync.java:sendRequestWithRetry(74)) - client-CFB50CAB4D08: attempt #1 send~ RaftClientRequest:client-CFB50CAB4D08->s2@group-6E85041A3092, cid=1992, seq=0, Watch-MAJORITY_COMMITTED(74), null
2019-09-24 12:11:24,505 DEBUG client.GrpcClientProtocolService (GrpcClientProtocolService.java:sendReply(353)) - 0-OrderedRequestStreamObserver0: sendReply seq=100, RaftClientReply:client-CFB50CAB4D08->s2@group-6E85041A3092, cid=1769, SUCCESS, logIndex=138, commits[s2:c143, s0:c0, s1:c138]
2019-09-24 12:11:24,505 DEBUG impl.UnorderedAsync (UnorderedAsync.java:sendRequestWithRetry(74)) - client-CFB50CAB4D08: attempt #1 send~ RaftClientRequest:client-CFB50CAB4D08->s2@group-6E85041A3092, cid=1993, seq=0, Watch-ALL_COMMITTED(74), null
2019-09-24 12:11:24,505 DEBUG impl.RaftServerImpl (RaftServerImpl.java:submitClientRequestAsync(533)) - s2@group-6E85041A3092: receive client request(RaftClientRequest:client-CFB50CAB4D08->s2@group-6E85041A3092, cid=1917, seq=0, Watch-ALL_COMMITTED(49), Message:<EMPTY>)
2019-09-24 12:11:24,505 INFO  grpc.TestWatchRequestWithGrpc (WatchRequestTests.java:lambda$sendRequests$0(99)) - SEND_WATCH: message=m56, logIndex=75
2019-09-24 12:11:24,505 DEBUG impl.UnorderedAsync (UnorderedAsync.java:lambda$sendRequestWithRetry$4(77)) - client-CFB50CAB4D08: attempt #1 receive~ RaftClientReply:client-CFB50CAB4D08->s2@group-6E85041A3092, cid=1916, SUCCESS, logIndex=0, commits[s2:c143, s0:c0, s1:c138]
2019-09-24 12:11:24,506 DEBUG impl.UnorderedAsync (UnorderedAsync.java:sendRequestWithRetry(74)) - client-CFB50CAB4D08: attempt #1 send~ RaftClientRequest:client-CFB50CAB4D08->s2@group-6E85041A3092, cid=1994, seq=0, Watch(75), null
2019-09-24 12:11:24,505 DEBUG impl.RaftServerImpl (LeaderState.java:addWatchReqeust(324)) - s2@group-6E85041A3092-LeaderState: addWatchRequest RaftClientRequest:client-CFB50CAB4D08->s2@group-6E85041A3092, cid=1917, seq=0, Watch-ALL_COMMITTED(49), Message:<EMPTY>
2019-09-24 12:11:24,506 DEBUG impl.UnorderedAsync (UnorderedAsync.java:sendRequestWithRetry(74)) - client-CFB50CAB4D08: attempt #1 send~ RaftClientRequest:client-CFB50CAB4D08->s2@group-6E85041A3092, cid=1995, seq=0, Watch-ALL(75), null
2019-09-24 12:11:24,506 INFO  grpc.TestWatchRequestWithGrpc (WatchRequestTests.java:get(172)) - majorityCommitted-Watch(49) returns RaftClientReply:client-CFB50CAB4D08->s2@group-6E85041A3092, cid=1916, SUCCESS, logIndex=0, commits[s2:c143, s0:c0, s1:c138]
2019-09-24 12:11:24,506 DEBUG impl.UnorderedAsync (UnorderedAsync.java:sendRequestWithRetry(74)) - client-CFB50CAB4D08: attempt #1 send~ RaftClientRequest:client-CFB50CAB4D08->s2@group-6E85041A3092, cid=1996, seq=0, Watch-MAJORITY_COMMITTED(75), null
2019-09-24 12:11:24,506 DEBUG impl.RaftServerImpl (RaftServerImpl.java:submitClientRequestAsync(533)) - s2@group-6E85041A3092: receive client request(RaftClientRequest:client-CFB50CAB4D08->s2@group-6E85041A3092, cid=1918, seq=0, Watch(50), Message:<EMPTY>)
2019-09-24 12:11:24,506 DEBUG impl.UnorderedAsync (UnorderedAsync.java:sendRequestWithRetry(74)) - client-CFB50CAB4D08: attempt #1 send~ RaftClientRequest:client-CFB50CAB4D08->s2@group-6E85041A3092, cid=1997, seq=0, Watch-ALL_COMMITTED(75), null
2019-09-24 12:11:24,506 INFO  grpc.TestWatchRequestWithGrpc (WatchRequestTests.java:checkMajority(230)) - checkMajority 37: receive RaftClientReply:client-CFB50CAB4D08->s2@group-6E85041A3092, cid=1707, SUCCESS, logIndex=50, commits[s2:c56, s0:c0, s1:c44]
2019-09-24 12:11:24,507 INFO  grpc.TestWatchRequestWithGrpc (WatchRequestTests.java:lambda$sendRequests$0(99)) - SEND_WATCH: message=m57, logIndex=76
2019-09-24 12:11:24,506 DEBUG impl.RaftServerImpl (LeaderState.java:addWatchReqeust(324)) - s2@group-6E85041A3092-LeaderState: addWatchRequest RaftClientRequest:client-CFB50CAB4D08->s2@group-6E85041A3092, cid=1918, seq=0, Watch(50), Message:<EMPTY>
2019-09-24 12:11:24,507 DEBUG impl.UnorderedAsync (UnorderedAsync.java:sendRequestWithRetry(74)) - client-CFB50CAB4D08: attempt #1 send~ RaftClientRequest:client-CFB50CAB4D08->s2@group-6E85041A3092, cid=1998, seq=0, Watch(76), null
2019-09-24 12:11:24,507 DEBUG impl.UnorderedAsync (UnorderedAsync.java:sendRequestWithRetry(74)) - client-CFB50CAB4D08: attempt #1 send~ RaftClientRequest:client-CFB50CAB4D08->s2@group-6E85041A3092, cid=1999, seq=0, Watch-ALL(76), null
2019-09-24 12:11:24,507 DEBUG impl.RaftServerImpl (RaftServerImpl.java:submitClientRequestAsync(533)) - s2@group-6E85041A3092: receive client request(RaftClientRequest:client-CFB50CAB4D08->s2@group-6E85041A3092, cid=1919, seq=0, Watch-ALL(50), Message:<EMPTY>)
2019-09-24 12:11:24,507 DEBUG impl.UnorderedAsync (UnorderedAsync.java:sendRequestWithRetry(74)) - client-CFB50CAB4D08: attempt #1 send~ RaftClientRequest:client-CFB50CAB4D08->s2@group-6E85041A3092, cid=2000, seq=0, Watch-MAJORITY_COMMITTED(76), null
2019-09-24 12:11:24,507 DEBUG impl.RaftServerImpl (LeaderState.java:addWatchReqeust(324)) - s2@group-6E85041A3092-LeaderState: addWatchRequest RaftClientRequest:client-CFB50CAB4D08->s2@group-6E85041A3092, cid=1919, seq=0, Watch-ALL(50), Message:<EMPTY>
2019-09-24 12:11:24,507 DEBUG impl.UnorderedAsync (UnorderedAsync.java:sendRequestWithRetry(74)) - client-CFB50CAB4D08: attempt #1 send~ RaftClientRequest:client-CFB50CAB4D08->s2@group-6E85041A3092, cid=2001, seq=0, Watch-ALL_COMMITTED(76), null
2019-09-24 12:11:24,507 DEBUG impl.UnorderedAsync (UnorderedAsync.java:lambda$sendRequestWithRetry$4(77)) - client-CFB50CAB4D08: attempt #1 receive~ RaftClientReply:client-CFB50CAB4D08->s2@group-6E85041A3092, cid=1918, SUCCESS, logIndex=0, commits[s2:c143, s0:c0, s1:c138]
2019-09-24 12:11:24,507 DEBUG impl.RaftServerImpl (RaftServerImpl.java:submitClientRequestAsync(533)) - s2@group-6E85041A3092: receive client request(RaftClientRequest:client-CFB50CAB4D08->s2@group-6E85041A3092, cid=1920, seq=0, Watch-MAJORITY_COMMITTED(50), Message:<EMPTY>)
2019-09-24 12:11:24,508 INFO  grpc.TestWatchRequestWithGrpc (WatchRequestTests.java:lambda$sendRequests$0(99)) - SEND_WATCH: message=m58, logIndex=78
2019-09-24 12:11:24,508 INFO  grpc.TestWatchRequestWithGrpc (WatchRequestTests.java:get(172)) - majority-Watch(50) returns RaftClientReply:client-CFB50CAB4D08->s2@group-6E85041A3092, cid=1918, SUCCESS, logIndex=0, commits[s2:c143, s0:c0, s1:c138]
2019-09-24 12:11:24,508 DEBUG impl.UnorderedAsync (UnorderedAsync.java:sendRequestWithRetry(74)) - client-CFB50CAB4D08: attempt #1 send~ RaftClientRequest:client-CFB50CAB4D08->s2@group-6E85041A3092, cid=2002, seq=0, Watch(78), null
2019-09-24 12:11:24,508 DEBUG impl.RaftServerImpl (LeaderState.java:addWatchReqeust(324)) - s2@group-6E85041A3092-LeaderState: addWatchRequest RaftClientRequest:client-CFB50CAB4D08->s2@group-6E85041A3092, cid=1920, seq=0, Watch-MAJORITY_COMMITTED(50), Message:<EMPTY>
2019-09-24 12:11:24,508 DEBUG impl.UnorderedAsync (UnorderedAsync.java:sendRequestWithRetry(74)) - client-CFB50CAB4D08: attempt #1 send~ RaftClientRequest:client-CFB50CAB4D08->s2@group-6E85041A3092, cid=2003, seq=0, Watch-ALL(78), null
2019-09-24 12:11:24,508 DEBUG impl.RaftServerImpl (RaftServerImpl.java:submitClientRequestAsync(533)) - s2@group-6E85041A3092: receive client request(RaftClientRequest:client-CFB50CAB4D08->s2@group-6E85041A3092, cid=1921, seq=0, Watch-ALL_COMMITTED(50), Message:<EMPTY>)
2019-09-24 12:11:24,508 DEBUG impl.UnorderedAsync (UnorderedAsync.java:sendRequestWithRetry(74)) - client-CFB50CAB4D08: attempt #1 send~ RaftClientRequest:client-CFB50CAB4D08->s2@group-6E85041A3092, cid=2004, seq=0, Watch-MAJORITY_COMMITTED(78), null
2019-09-24 12:11:24,508 DEBUG impl.RaftServerImpl (LeaderState.java:addWatchReqeust(324)) - s2@group-6E85041A3092-LeaderState: addWatchRequest RaftClientRequest:client-CFB50CAB4D08->s2@group-6E85041A3092, cid=1921, seq=0, Watch-ALL_COMMITTED(50), Message:<EMPTY>
2019-09-24 12:11:24,509 DEBUG impl.UnorderedAsync (UnorderedAsync.java:sendRequestWithRetry(74)) - client-CFB50CAB4D08: attempt #1 send~ RaftClientRequest:client-CFB50CAB4D08->s2@group-6E85041A3092, cid=2005, seq=0, Watch-ALL_COMMITTED(78), null
2019-09-24 12:11:24,509 DEBUG impl.RaftServerImpl (RaftServerImpl.java:submitClientRequestAsync(533)) - s2@group-6E85041A3092: receive client request(RaftClientRequest:client-CFB50CAB4D08->s2@group-6E85041A3092, cid=1922, seq=0, Watch(51), Message:<EMPTY>)
2019-09-24 12:11:24,509 DEBUG impl.RaftServerImpl (LeaderState.java:addWatchReqeust(324)) - s2@group-6E85041A3092-LeaderState: addWatchRequest RaftClientRequest:client-CFB50CAB4D08->s2@group-6E85041A3092, cid=1922, seq=0, Watch(51), Message:<EMPTY>
2019-09-24 12:11:24,509 DEBUG impl.UnorderedAsync (UnorderedAsync.java:lambda$sendRequestWithRetry$4(77)) - client-CFB50CAB4D08: attempt #1 receive~ RaftClientReply:client-CFB50CAB4D08->s2@group-6E85041A3092, cid=1920, SUCCESS, logIndex=0, commits[s2:c143, s0:c0, s1:c138]
2019-09-24 12:11:24,509 INFO  grpc.TestWatchRequestWithGrpc (WatchRequestTests.java:lambda$sendRequests$0(99)) - SEND_WATCH: message=m59, logIndex=83
2019-09-24 12:11:24,509 INFO  grpc.TestWatchRequestWithGrpc (WatchRequestTests.java:get(172)) - majorityCommitted-Watch(50) returns RaftClientReply:client-CFB50CAB4D08->s2@group-6E85041A3092, cid=1920, SUCCESS, logIndex=0, commits[s2:c143, s0:c0, s1:c138]
2019-09-24 12:11:24,509 DEBUG impl.RaftServerImpl (RaftServerImpl.java:submitClientRequestAsync(533)) - s2@group-6E85041A3092: receive client request(RaftClientRequest:client-CFB50CAB4D08->s2@group-6E85041A3092, cid=1923, seq=0, Watch-ALL(51), Message:<EMPTY>)
2019-09-24 12:11:24,509 INFO  grpc.TestWatchRequestWithGrpc (WatchRequestTests.java:checkMajority(230)) - checkMajority 38: receive RaftClientReply:client-CFB50CAB4D08->s2@group-6E85041A3092, cid=1708, SUCCESS, logIndex=51, commits[s2:c56, s0:c0, s1:c44]
2019-09-24 12:11:24,509 DEBUG impl.UnorderedAsync (UnorderedAsync.java:sendRequestWithRetry(74)) - client-CFB50CAB4D08: attempt #1 send~ RaftClientRequest:client-CFB50CAB4D08->s2@group-6E85041A3092, cid=2006, seq=0, Watch(83), null
2019-09-24 12:11:24,509 DEBUG impl.UnorderedAsync (UnorderedAsync.java:lambda$sendRequestWithRetry$4(77)) - client-CFB50CAB4D08: attempt #1 receive~ RaftClientReply:client-CFB50CAB4D08->s2@group-6E85041A3092, cid=1922, SUCCESS, logIndex=0, commits[s2:c143, s0:c0, s1:c138]
2019-09-24 12:11:24,509 DEBUG impl.RaftServerImpl (LeaderState.java:addWatchReqeust(324)) - s2@group-6E85041A3092-LeaderState: addWatchRequest RaftClientRequest:client-CFB50CAB4D08->s2@group-6E85041A3092, cid=1923, seq=0, Watch-ALL(51), Message:<EMPTY>
2019-09-24 12:11:24,510 INFO  grpc.TestWatchRequestWithGrpc (WatchRequestTests.java:get(172)) - majority-Watch(51) returns RaftClientReply:client-CFB50CAB4D08->s2@group-6E85041A3092, cid=1922, SUCCESS, logIndex=0, commits[s2:c143, s0:c0, s1:c138]
2019-09-24 12:11:24,510 DEBUG impl.UnorderedAsync (UnorderedAsync.java:sendRequestWithRetry(74)) - client-CFB50CAB4D08: attempt #1 send~ RaftClientRequest:client-CFB50CAB4D08->s2@group-6E85041A3092, cid=2007, seq=0, Watch-ALL(83), null
2019-09-24 12:11:24,510 DEBUG impl.RaftServerImpl (RaftServerImpl.java:submitClientRequestAsync(533)) - s2@group-6E85041A3092: receive client request(RaftClientRequest:client-CFB50CAB4D08->s2@group-6E85041A3092, cid=1924, seq=0, Watch-MAJORITY_COMMITTED(51), Message:<EMPTY>)
2019-09-24 12:11:24,510 DEBUG impl.UnorderedAsync (UnorderedAsync.java:sendRequestWithRetry(74)) - client-CFB50CAB4D08: attempt #1 send~ RaftClientRequest:client-CFB50CAB4D08->s2@group-6E85041A3092, cid=2008, seq=0, Watch-MAJORITY_COMMITTED(83), null
2019-09-24 12:11:24,510 DEBUG impl.RaftServerImpl (LeaderState.java:addWatchReqeust(324)) - s2@group-6E85041A3092-LeaderState: addWatchRequest RaftClientRequest:client-CFB50CAB4D08->s2@group-6E85041A3092, cid=1924, seq=0, Watch-MAJORITY_COMMITTED(51), Message:<EMPTY>
2019-09-24 12:11:24,510 DEBUG impl.UnorderedAsync (UnorderedAsync.java:sendRequestWithRetry(74)) - client-CFB50CAB4D08: attempt #1 send~ RaftClientRequest:client-CFB50CAB4D08->s2@group-6E85041A3092, cid=2009, seq=0, Watch-ALL_COMMITTED(83), null
2019-09-24 12:11:24,510 DEBUG impl.RaftServerImpl (RaftServerImpl.java:submitClientRequestAsync(533)) - s2@group-6E85041A3092: receive client request(RaftClientRequest:client-CFB50CAB4D08->s2@group-6E85041A3092, cid=1925, seq=0, Watch-ALL_COMMITTED(51), Message:<EMPTY>)
2019-09-24 12:11:24,511 DEBUG impl.RaftServerImpl (LeaderState.java:addWatchReqeust(324)) - s2@group-6E85041A3092-LeaderState: addWatchRequest RaftClientRequest:client-CFB50CAB4D08->s2@group-6E85041A3092, cid=1925, seq=0, Watch-ALL_COMMITTED(51), Message:<EMPTY>
2019-09-24 12:11:24,511 INFO  grpc.TestWatchRequestWithGrpc (WatchRequestTests.java:lambda$sendRequests$0(99)) - SEND_WATCH: message=m60, logIndex=84
2019-09-24 12:11:24,511 DEBUG impl.RaftServerImpl (RaftServerImpl.java:submitClientRequestAsync(533)) - s2@group-6E85041A3092: receive client request(RaftClientRequest:client-CFB50CAB4D08->s2@group-6E85041A3092, cid=1926, seq=0, Watch(52), Message:<EMPTY>)
2019-09-24 12:11:24,511 DEBUG impl.RaftServerImpl (LeaderState.java:addWatchReqeust(324)) - s2@group-6E85041A3092-LeaderState: addWatchRequest RaftClientRequest:client-CFB50CAB4D08->s2@group-6E85041A3092, cid=1926, seq=0, Watch(52), Message:<EMPTY>
2019-09-24 12:11:24,511 DEBUG impl.UnorderedAsync (UnorderedAsync.java:lambda$sendRequestWithRetry$4(77)) - client-CFB50CAB4D08: attempt #1 receive~ RaftClientReply:client-CFB50CAB4D08->s2@group-6E85041A3092, cid=1924, SUCCESS, logIndex=0, commits[s2:c143, s0:c0, s1:c138]
2019-09-24 12:11:24,511 DEBUG impl.UnorderedAsync (UnorderedAsync.java:sendRequestWithRetry(74)) - client-CFB50CAB4D08: attempt #1 send~ RaftClientRequest:client-CFB50CAB4D08->s2@group-6E85041A3092, cid=2010, seq=0, Watch(84), null
2019-09-24 12:11:24,511 DEBUG impl.RaftServerImpl (RaftServerImpl.java:submitClientRequestAsync(533)) - s2@group-6E85041A3092: receive client request(RaftClientRequest:client-CFB50CAB4D08->s2@group-6E85041A3092, cid=1927, seq=0, Watch-ALL(52), Message:<EMPTY>)
2019-09-24 12:11:24,511 INFO  grpc.TestWatchRequestWithGrpc (WatchRequestTests.java:get(172)) - majorityCommitted-Watch(51) returns RaftClientReply:client-CFB50CAB4D08->s2@group-6E85041A3092, cid=1924, SUCCESS, logIndex=0, commits[s2:c143, s0:c0, s1:c138]
2019-09-24 12:11:24,511 DEBUG impl.RaftServerImpl (LeaderState.java:addWatchReqeust(324)) - s2@group-6E85041A3092-LeaderState: addWatchRequest RaftClientRequest:client-CFB50CAB4D08->s2@group-6E85041A3092, cid=1927, seq=0, Watch-ALL(52), Message:<EMPTY>
2019-09-24 12:11:24,511 DEBUG impl.UnorderedAsync (UnorderedAsync.java:sendRequestWithRetry(74)) - client-CFB50CAB4D08: attempt #1 send~ RaftClientRequest:client-CFB50CAB4D08->s2@group-6E85041A3092, cid=2011, seq=0, Watch-ALL(84), null
2019-09-24 12:11:24,512 DEBUG impl.RaftServerImpl (RaftServerImpl.java:submitClientRequestAsync(533)) - s2@group-6E85041A3092: receive client request(RaftClientRequest:client-CFB50CAB4D08->s2@group-6E85041A3092, cid=1928, seq=0, Watch-MAJORITY_COMMITTED(52), Message:<EMPTY>)
2019-09-24 12:11:24,512 INFO  grpc.TestWatchRequestWithGrpc (WatchRequestTests.java:checkMajority(230)) - checkMajority 39: receive RaftClientReply:client-CFB50CAB4D08->s2@group-6E85041A3092, cid=1709, SUCCESS, logIndex=52, commits[s2:c56, s0:c0, s1:c44]
2019-09-24 12:11:24,511 DEBUG impl.UnorderedAsync (UnorderedAsync.java:lambda$sendRequestWithRetry$4(77)) - client-CFB50CAB4D08: attempt #1 receive~ RaftClientReply:client-CFB50CAB4D08->s2@group-6E85041A3092, cid=1926, SUCCESS, logIndex=0, commits[s2:c143, s0:c0, s1:c138]
2019-09-24 12:11:24,512 DEBUG impl.RaftServerImpl (LeaderState.java:addWatchReqeust(324)) - s2@group-6E85041A3092-LeaderState: addWatchRequest RaftClientRequest:client-CFB50CAB4D08->s2@group-6E85041A3092, cid=1928, seq=0, Watch-MAJORITY_COMMITTED(52), Message:<EMPTY>
2019-09-24 12:11:24,512 DEBUG impl.UnorderedAsync (UnorderedAsync.java:sendRequestWithRetry(74)) - client-CFB50CAB4D08: attempt #1 send~ RaftClientRequest:client-CFB50CAB4D08->s2@group-6E85041A3092, cid=2012, seq=0, Watch-MAJORITY_COMMITTED(84), null
2019-09-24 12:11:24,512 DEBUG impl.RaftServerImpl (RaftServerImpl.java:submitClientRequestAsync(533)) - s2@group-6E85041A3092: receive client request(RaftClientRequest:client-CFB50CAB4D08->s2@group-6E85041A3092, cid=1929, seq=0, Watch-ALL_COMMITTED(52), Message:<EMPTY>)
2019-09-24 12:11:24,512 INFO  grpc.TestWatchRequestWithGrpc (WatchRequestTests.java:get(172)) - majority-Watch(52) returns RaftClientReply:client-CFB50CAB4D08->s2@group-6E85041A3092, cid=1926, SUCCESS, logIndex=0, commits[s2:c143, s0:c0, s1:c138]
2019-09-24 12:11:24,512 DEBUG impl.RaftServerImpl (LeaderState.java:addWatchReqeust(324)) - s2@group-6E85041A3092-LeaderState: addWatchRequest RaftClientRequest:client-CFB50CAB4D08->s2@group-6E85041A3092, cid=1929, seq=0, Watch-ALL_COMMITTED(52), Message:<EMPTY>
2019-09-24 12:11:24,512 DEBUG impl.UnorderedAsync (UnorderedAsync.java:sendRequestWithRetry(74)) - client-CFB50CAB4D08: attempt #1 send~ RaftClientRequest:client-CFB50CAB4D08->s2@group-6E85041A3092, cid=2013, seq=0, Watch-ALL_COMMITTED(84), null
2019-09-24 12:11:24,513 DEBUG impl.RaftServerImpl (RaftServerImpl.java:submitClientRequestAsync(533)) - s2@group-6E85041A3092: receive client request(RaftClientRequest:client-CFB50CAB4D08->s2@group-6E85041A3092, cid=1930, seq=0, Watch(53), Message:<EMPTY>)
2019-09-24 12:11:24,513 DEBUG impl.RaftServerImpl (LeaderState.java:addWatchReqeust(324)) - s2@group-6E85041A3092-LeaderState: addWatchRequest RaftClientRequest:client-CFB50CAB4D08->s2@group-6E85041A3092, cid=1930, seq=0, Watch(53), Message:<EMPTY>
2019-09-24 12:11:24,512 DEBUG impl.UnorderedAsync (UnorderedAsync.java:lambda$sendRequestWithRetry$4(77)) - client-CFB50CAB4D08: attempt #1 receive~ RaftClientReply:client-CFB50CAB4D08->s2@group-6E85041A3092, cid=1928, SUCCESS, logIndex=0, commits[s2:c143, s0:c0, s1:c138]
2019-09-24 12:11:24,513 INFO  grpc.TestWatchRequestWithGrpc (WatchRequestTests.java:lambda$sendRequests$0(99)) - SEND_WATCH: message=m61, logIndex=86
2019-09-24 12:11:24,513 DEBUG impl.RaftServerImpl (RaftServerImpl.java:submitClientRequestAsync(533)) - s2@group-6E85041A3092: receive client request(RaftClientRequest:client-CFB50CAB4D08->s2@group-6E85041A3092, cid=1931, seq=0, Watch-ALL(53), Message:<EMPTY>)
2019-09-24 12:11:24,513 DEBUG impl.RaftServerImpl (LeaderState.java:addWatchReqeust(324)) - s2@group-6E85041A3092-LeaderState: addWatchRequest RaftClientRequest:client-CFB50CAB4D08->s2@group-6E85041A3092, cid=1931, seq=0, Watch-ALL(53), Message:<EMPTY>
2019-09-24 12:11:24,513 INFO  grpc.TestWatchRequestWithGrpc (WatchRequestTests.java:get(172)) - majorityCommitted-Watch(52) returns RaftClientReply:client-CFB50CAB4D08->s2@group-6E85041A3092, cid=1928, SUCCESS, logIndex=0, commits[s2:c143, s0:c0, s1:c138]
2019-09-24 12:11:24,513 DEBUG impl.RaftServerImpl (RaftServerImpl.java:submitClientRequestAsync(533)) - s2@group-6E85041A3092: receive client request(RaftClientRequest:client-CFB50CAB4D08->s2@group-6E85041A3092, cid=1932, seq=0, Watch-MAJORITY_COMMITTED(53), Message:<EMPTY>)
2019-09-24 12:11:24,513 DEBUG impl.RaftServerImpl (LeaderState.java:addWatchReqeust(324)) - s2@group-6E85041A3092-LeaderState: addWatchRequest RaftClientRequest:client-CFB50CAB4D08->s2@group-6E85041A3092, cid=1932, seq=0, Watch-MAJORITY_COMMITTED(53), Message:<EMPTY>
2019-09-24 12:11:24,513 DEBUG impl.UnorderedAsync (UnorderedAsync.java:lambda$sendRequestWithRetry$4(77)) - client-CFB50CAB4D08: attempt #1 receive~ RaftClientReply:client-CFB50CAB4D08->s2@group-6E85041A3092, cid=1930, SUCCESS, logIndex=0, commits[s2:c143, s0:c0, s1:c138]
2019-09-24 12:11:24,513 DEBUG impl.UnorderedAsync (UnorderedAsync.java:sendRequestWithRetry(74)) - client-CFB50CAB4D08: attempt #1 send~ RaftClientRequest:client-CFB50CAB4D08->s2@group-6E85041A3092, cid=2014, seq=0, Watch(86), null
2019-09-24 12:11:24,514 DEBUG impl.RaftServerImpl (RaftServerImpl.java:submitClientRequestAsync(533)) - s2@group-6E85041A3092: receive client request(RaftClientRequest:client-CFB50CAB4D08->s2@group-6E85041A3092, cid=1933, seq=0, Watch-ALL_COMMITTED(53), Message:<EMPTY>)
2019-09-24 12:11:24,514 DEBUG impl.RaftServerImpl (LeaderState.java:addWatchReqeust(324)) - s2@group-6E85041A3092-LeaderState: addWatchRequest RaftClientRequest:client-CFB50CAB4D08->s2@group-6E85041A3092, cid=1933, seq=0, Watch-ALL_COMMITTED(53), Message:<EMPTY>
2019-09-24 12:11:24,513 INFO  grpc.TestWatchRequestWithGrpc (WatchRequestTests.java:checkMajority(230)) - checkMajority 40: receive RaftClientReply:client-CFB50CAB4D08->s2@group-6E85041A3092, cid=1710, SUCCESS, logIndex=53, commits[s2:c56, s0:c0, s1:c44]
2019-09-24 12:11:24,514 DEBUG impl.RaftServerImpl (RaftServerImpl.java:submitClientRequestAsync(533)) - s2@group-6E85041A3092: receive client request(RaftClientRequest:client-CFB50CAB4D08->s2@group-6E85041A3092, cid=1934, seq=0, Watch(54), Message:<EMPTY>)
2019-09-24 12:11:24,514 DEBUG impl.UnorderedAsync (UnorderedAsync.java:lambda$sendRequestWithRetry$4(77)) - client-CFB50CAB4D08: attempt #1 receive~ RaftClientReply:client-CFB50CAB4D08->s2@group-6E85041A3092, cid=1932, SUCCESS, logIndex=0, commits[s2:c143, s0:c0, s1:c138]
2019-09-24 12:11:24,514 DEBUG impl.UnorderedAsync (UnorderedAsync.java:sendRequestWithRetry(74)) - client-CFB50CAB4D08: attempt #1 send~ RaftClientRequest:client-CFB50CAB4D08->s2@group-6E85041A3092, cid=2015, seq=0, Watch-ALL(86), null
2019-09-24 12:11:24,514 DEBUG impl.RaftServerImpl (LeaderState.java:addWatchReqeust(324)) - s2@group-6E85041A3092-LeaderState: addWatchRequest RaftClientRequest:client-CFB50CAB4D08->s2@group-6E85041A3092, cid=1934, seq=0, Watch(54), Message:<EMPTY>
2019-09-24 12:11:24,514 INFO  grpc.TestWatchRequestWithGrpc (WatchRequestTests.java:get(172)) - majority-Watch(53) returns RaftClientReply:client-CFB50CAB4D08->s2@group-6E85041A3092, cid=1930, SUCCESS, logIndex=0, commits[s2:c143, s0:c0, s1:c138]
2019-09-24 12:11:24,514 DEBUG impl.UnorderedAsync (UnorderedAsync.java:sendRequestWithRetry(74)) - client-CFB50CAB4D08: attempt #1 send~ RaftClientRequest:client-CFB50CAB4D08->s2@group-6E85041A3092, cid=2016, seq=0, Watch-MAJORITY_COMMITTED(86), null
2019-09-24 12:11:24,515 DEBUG impl.RaftServerImpl (RaftServerImpl.java:submitClientRequestAsync(533)) - s2@group-6E85041A3092: receive client request(RaftClientRequest:client-CFB50CAB4D08->s2@group-6E85041A3092, cid=1935, seq=0, Watch-ALL(54), Message:<EMPTY>)
2019-09-24 12:11:24,515 DEBUG impl.RaftServerImpl (LeaderState.java:addWatchReqeust(324)) - s2@group-6E85041A3092-LeaderState: addWatchRequest RaftClientRequest:client-CFB50CAB4D08->s2@group-6E85041A3092, cid=1935, seq=0, Watch-ALL(54), Message:<EMPTY>
2019-09-24 12:11:24,515 INFO  grpc.TestWatchRequestWithGrpc (WatchRequestTests.java:get(172)) - majorityCommitted-Watch(53) returns RaftClientReply:client-CFB50CAB4D08->s2@group-6E85041A3092, cid=1932, SUCCESS, logIndex=0, commits[s2:c143, s0:c0, s1:c138]
2019-09-24 12:11:24,515 DEBUG impl.UnorderedAsync (UnorderedAsync.java:lambda$sendRequestWithRetry$4(77)) - client-CFB50CAB4D08: attempt #1 receive~ RaftClientReply:client-CFB50CAB4D08->s2@group-6E85041A3092, cid=1934, SUCCESS, logIndex=0, commits[s2:c143, s0:c0, s1:c138]
2019-09-24 12:11:24,515 DEBUG impl.RaftServerImpl (RaftServerImpl.java:submitClientRequestAsync(533)) - s2@group-6E85041A3092: receive client request(RaftClientRequest:client-CFB50CAB4D08->s2@group-6E85041A3092, cid=1936, seq=0, Watch-MAJORITY_COMMITTED(54), Message:<EMPTY>)
2019-09-24 12:11:24,515 DEBUG impl.RaftServerImpl (LeaderState.java:addWatchReqeust(324)) - s2@group-6E85041A3092-LeaderState: addWatchRequest RaftClientRequest:client-CFB50CAB4D08->s2@group-6E85041A3092, cid=1936, seq=0, Watch-MAJORITY_COMMITTED(54), Message:<EMPTY>
2019-09-24 12:11:24,515 DEBUG impl.UnorderedAsync (UnorderedAsync.java:sendRequestWithRetry(74)) - client-CFB50CAB4D08: attempt #1 send~ RaftClientRequest:client-CFB50CAB4D08->s2@group-6E85041A3092, cid=2017, seq=0, Watch-ALL_COMMITTED(86), null
2019-09-24 12:11:24,515 INFO  grpc.TestWatchRequestWithGrpc (WatchRequestTests.java:checkMajority(230)) - checkMajority 41: receive RaftClientReply:client-CFB50CAB4D08->s2@group-6E85041A3092, cid=1711, SUCCESS, logIndex=54, commits[s2:c56, s0:c0, s1:c44]
2019-09-24 12:11:24,516 INFO  grpc.TestWatchRequestWithGrpc (WatchRequestTests.java:lambda$sendRequests$0(99)) - SEND_WATCH: message=m62, logIndex=87
2019-09-24 12:11:24,516 DEBUG impl.RaftServerImpl (RaftServerImpl.java:submitClientRequestAsync(533)) - s2@group-6E85041A3092: receive client request(RaftClientRequest:client-CFB50CAB4D08->s2@group-6E85041A3092, cid=1937, seq=0, Watch-ALL_COMMITTED(54), Message:<EMPTY>)
2019-09-24 12:11:24,516 DEBUG impl.UnorderedAsync (UnorderedAsync.java:lambda$sendRequestWithRetry$4(77)) - client-CFB50CAB4D08: attempt #1 receive~ RaftClientReply:client-CFB50CAB4D08->s2@group-6E85041A3092, cid=1936, SUCCESS, logIndex=0, commits[s2:c143, s0:c0, s1:c138]
2019-09-24 12:11:24,516 DEBUG impl.UnorderedAsync (UnorderedAsync.java:sendRequestWithRetry(74)) - client-CFB50CAB4D08: attempt #1 send~ RaftClientRequest:client-CFB50CAB4D08->s2@group-6E85041A3092, cid=2018, seq=0, Watch(87), null
2019-09-24 12:11:24,516 INFO  grpc.TestWatchRequestWithGrpc (WatchRequestTests.java:get(172)) - majority-Watch(54) returns RaftClientReply:client-CFB50CAB4D08->s2@group-6E85041A3092, cid=1934, SUCCESS, logIndex=0, commits[s2:c143, s0:c0, s1:c138]
2019-09-24 12:11:24,516 DEBUG impl.UnorderedAsync (UnorderedAsync.java:sendRequestWithRetry(74)) - client-CFB50CAB4D08: attempt #1 send~ RaftClientRequest:client-CFB50CAB4D08->s2@group-6E85041A3092, cid=2019, seq=0, Watch-ALL(87), null
2019-09-24 12:11:24,516 DEBUG impl.RaftServerImpl (LeaderState.java:addWatchReqeust(324)) - s2@group-6E85041A3092-LeaderState: addWatchRequest RaftClientRequest:client-CFB50CAB4D08->s2@group-6E85041A3092, cid=1937, seq=0, Watch-ALL_COMMITTED(54), Message:<EMPTY>
2019-09-24 12:11:24,516 DEBUG impl.UnorderedAsync (UnorderedAsync.java:sendRequestWithRetry(74)) - client-CFB50CAB4D08: attempt #1 send~ RaftClientRequest:client-CFB50CAB4D08->s2@group-6E85041A3092, cid=2020, seq=0, Watch-MAJORITY_COMMITTED(87), null
2019-09-24 12:11:24,516 INFO  grpc.TestWatchRequestWithGrpc (WatchRequestTests.java:get(172)) - majorityCommitted-Watch(54) returns RaftClientReply:client-CFB50CAB4D08->s2@group-6E85041A3092, cid=1936, SUCCESS, logIndex=0, commits[s2:c143, s0:c0, s1:c138]
2019-09-24 12:11:24,517 DEBUG impl.UnorderedAsync (UnorderedAsync.java:sendRequestWithRetry(74)) - client-CFB50CAB4D08: attempt #1 send~ RaftClientRequest:client-CFB50CAB4D08->s2@group-6E85041A3092, cid=2021, seq=0, Watch-ALL_COMMITTED(87), null
2019-09-24 12:11:24,517 DEBUG impl.RaftServerImpl (RaftServerImpl.java:submitClientRequestAsync(533)) - s2@group-6E85041A3092: receive client request(RaftClientRequest:client-CFB50CAB4D08->s2@group-6E85041A3092, cid=1938, seq=0, Watch(55), Message:<EMPTY>)
2019-09-24 12:11:24,517 INFO  grpc.TestWatchRequestWithGrpc (WatchRequestTests.java:lambda$sendRequests$0(99)) - SEND_WATCH: message=m63, logIndex=88
2019-09-24 12:11:24,517 INFO  grpc.TestWatchRequestWithGrpc (WatchRequestTests.java:checkMajority(230)) - checkMajority 42: receive RaftClientReply:client-CFB50CAB4D08->s2@group-6E85041A3092, cid=1712, SUCCESS, logIndex=55, commits[s2:c56, s0:c0, s1:c44]
2019-09-24 12:11:24,517 DEBUG impl.UnorderedAsync (UnorderedAsync.java:sendRequestWithRetry(74)) - client-CFB50CAB4D08: attempt #1 send~ RaftClientRequest:client-CFB50CAB4D08->s2@group-6E85041A3092, cid=2022, seq=0, Watch(88), null
2019-09-24 12:11:24,517 DEBUG impl.RaftServerImpl (LeaderState.java:addWatchReqeust(324)) - s2@group-6E85041A3092-LeaderState: addWatchRequest RaftClientRequest:client-CFB50CAB4D08->s2@group-6E85041A3092, cid=1938, seq=0, Watch(55), Message:<EMPTY>
2019-09-24 12:11:24,517 DEBUG impl.UnorderedAsync (UnorderedAsync.java:sendRequestWithRetry(74)) - client-CFB50CAB4D08: attempt #1 send~ RaftClientRequest:client-CFB50CAB4D08->s2@group-6E85041A3092, cid=2023, seq=0, Watch-ALL(88), null
2019-09-24 12:11:24,517 DEBUG impl.RaftServerImpl (RaftServerImpl.java:submitClientRequestAsync(533)) - s2@group-6E85041A3092: receive client request(RaftClientRequest:client-CFB50CAB4D08->s2@group-6E85041A3092, cid=1939, seq=0, Watch-ALL(55), Message:<EMPTY>)
2019-09-24 12:11:24,517 DEBUG impl.UnorderedAsync (UnorderedAsync.java:sendRequestWithRetry(74)) - client-CFB50CAB4D08: attempt #1 send~ RaftClientRequest:client-CFB50CAB4D08->s2@group-6E85041A3092, cid=2024, seq=0, Watch-MAJORITY_COMMITTED(88), null
2019-09-24 12:11:24,518 DEBUG impl.RaftServerImpl (LeaderState.java:addWatchReqeust(324)) - s2@group-6E85041A3092-LeaderState: addWatchRequest RaftClientRequest:client-CFB50CAB4D08->s2@group-6E85041A3092, cid=1939, seq=0, Watch-ALL(55), Message:<EMPTY>
2019-09-24 12:11:24,518 DEBUG impl.UnorderedAsync (UnorderedAsync.java:lambda$sendRequestWithRetry$4(77)) - client-CFB50CAB4D08: attempt #1 receive~ RaftClientReply:client-CFB50CAB4D08->s2@group-6E85041A3092, cid=1938, SUCCESS, logIndex=0, commits[s2:c143, s0:c0, s1:c138]
2019-09-24 12:11:24,518 DEBUG impl.UnorderedAsync (UnorderedAsync.java:sendRequestWithRetry(74)) - client-CFB50CAB4D08: attempt #1 send~ RaftClientRequest:client-CFB50CAB4D08->s2@group-6E85041A3092, cid=2025, seq=0, Watch-ALL_COMMITTED(88), null
2019-09-24 12:11:24,518 INFO  grpc.TestWatchRequestWithGrpc (WatchRequestTests.java:get(172)) - majority-Watch(55) returns RaftClientReply:client-CFB50CAB4D08->s2@group-6E85041A3092, cid=1938, SUCCESS, logIndex=0, commits[s2:c143, s0:c0, s1:c138]
2019-09-24 12:11:24,518 INFO  grpc.TestWatchRequestWithGrpc (WatchRequestTests.java:lambda$sendRequests$0(99)) - SEND_WATCH: message=m64, logIndex=89
2019-09-24 12:11:24,518 DEBUG impl.RaftServerImpl (RaftServerImpl.java:submitClientRequestAsync(533)) - s2@group-6E85041A3092: receive client request(RaftClientRequest:client-CFB50CAB4D08->s2@group-6E85041A3092, cid=1940, seq=0, Watch-MAJORITY_COMMITTED(55), Message:<EMPTY>)
2019-09-24 12:11:24,518 DEBUG impl.UnorderedAsync (UnorderedAsync.java:sendRequestWithRetry(74)) - client-CFB50CAB4D08: attempt #1 send~ RaftClientRequest:client-CFB50CAB4D08->s2@group-6E85041A3092, cid=2026, seq=0, Watch(89), null
2019-09-24 12:11:24,518 DEBUG impl.RaftServerImpl (LeaderState.java:addWatchReqeust(324)) - s2@group-6E85041A3092-LeaderState: addWatchRequest RaftClientRequest:client-CFB50CAB4D08->s2@group-6E85041A3092, cid=1940, seq=0, Watch-MAJORITY_COMMITTED(55), Message:<EMPTY>
2019-09-24 12:11:24,518 DEBUG impl.UnorderedAsync (UnorderedAsync.java:sendRequestWithRetry(74)) - client-CFB50CAB4D08: attempt #1 send~ RaftClientRequest:client-CFB50CAB4D08->s2@group-6E85041A3092, cid=2027, seq=0, Watch-ALL(89), null
2019-09-24 12:11:24,519 DEBUG impl.UnorderedAsync (UnorderedAsync.java:sendRequestWithRetry(74)) - client-CFB50CAB4D08: attempt #1 send~ RaftClientRequest:client-CFB50CAB4D08->s2@group-6E85041A3092, cid=2028, seq=0, Watch-MAJORITY_COMMITTED(89), null
2019-09-24 12:11:24,519 DEBUG impl.RaftServerImpl (RaftServerImpl.java:submitClientRequestAsync(533)) - s2@group-6E85041A3092: receive client request(RaftClientRequest:client-CFB50CAB4D08->s2@group-6E85041A3092, cid=1941, seq=0, Watch-ALL_COMMITTED(55), Message:<EMPTY>)
2019-09-24 12:11:24,519 DEBUG impl.UnorderedAsync (UnorderedAsync.java:sendRequestWithRetry(74)) - client-CFB50CAB4D08: attempt #1 send~ RaftClientRequest:client-CFB50CAB4D08->s2@group-6E85041A3092, cid=2029, seq=0, Watch-ALL_COMMITTED(89), null
2019-09-24 12:11:24,519 DEBUG impl.RaftServerImpl (LeaderState.java:addWatchReqeust(324)) - s2@group-6E85041A3092-LeaderState: addWatchRequest RaftClientRequest:client-CFB50CAB4D08->s2@group-6E85041A3092, cid=1941, seq=0, Watch-ALL_COMMITTED(55), Message:<EMPTY>
2019-09-24 12:11:24,519 INFO  grpc.TestWatchRequestWithGrpc (WatchRequestTests.java:lambda$sendRequests$0(99)) - SEND_WATCH: message=m65, logIndex=90
2019-09-24 12:11:24,519 DEBUG impl.UnorderedAsync (UnorderedAsync.java:lambda$sendRequestWithRetry$4(77)) - client-CFB50CAB4D08: attempt #1 receive~ RaftClientReply:client-CFB50CAB4D08->s2@group-6E85041A3092, cid=1940, SUCCESS, logIndex=0, commits[s2:c143, s0:c0, s1:c138]
2019-09-24 12:11:24,519 DEBUG impl.UnorderedAsync (UnorderedAsync.java:sendRequestWithRetry(74)) - client-CFB50CAB4D08: attempt #1 send~ RaftClientRequest:client-CFB50CAB4D08->s2@group-6E85041A3092, cid=2030, seq=0, Watch(90), null
2019-09-24 12:11:24,519 DEBUG impl.RaftServerImpl (RaftServerImpl.java:submitClientRequestAsync(533)) - s2@group-6E85041A3092: receive client request(RaftClientRequest:client-CFB50CAB4D08->s2@group-6E85041A3092, cid=1942, seq=0, Watch(60), Message:<EMPTY>)
2019-09-24 12:11:24,520 DEBUG impl.UnorderedAsync (UnorderedAsync.java:sendRequestWithRetry(74)) - client-CFB50CAB4D08: attempt #1 send~ RaftClientRequest:client-CFB50CAB4D08->s2@group-6E85041A3092, cid=2031, seq=0, Watch-ALL(90), null
2019-09-24 12:11:24,519 INFO  grpc.TestWatchRequestWithGrpc (WatchRequestTests.java:get(172)) - majorityCommitted-Watch(55) returns RaftClientReply:client-CFB50CAB4D08->s2@group-6E85041A3092, cid=1940, SUCCESS, logIndex=0, commits[s2:c143, s0:c0, s1:c138]
2019-09-24 12:11:24,520 DEBUG impl.UnorderedAsync (UnorderedAsync.java:sendRequestWithRetry(74)) - client-CFB50CAB4D08: attempt #1 send~ RaftClientRequest:client-CFB50CAB4D08->s2@group-6E85041A3092, cid=2032, seq=0, Watch-MAJORITY_COMMITTED(90), null
2019-09-24 12:11:24,520 DEBUG impl.RaftServerImpl (LeaderState.java:addWatchReqeust(324)) - s2@group-6E85041A3092-LeaderState: addWatchRequest RaftClientRequest:client-CFB50CAB4D08->s2@group-6E85041A3092, cid=1942, seq=0, Watch(60), Message:<EMPTY>
2019-09-24 12:11:24,520 DEBUG impl.UnorderedAsync (UnorderedAsync.java:sendRequestWithRetry(74)) - client-CFB50CAB4D08: attempt #1 send~ RaftClientRequest:client-CFB50CAB4D08->s2@group-6E85041A3092, cid=2033, seq=0, Watch-ALL_COMMITTED(90), null
2019-09-24 12:11:24,520 DEBUG impl.RaftServerImpl (RaftServerImpl.java:submitClientRequestAsync(533)) - s2@group-6E85041A3092: receive client request(RaftClientRequest:client-CFB50CAB4D08->s2@group-6E85041A3092, cid=1943, seq=0, Watch-ALL(60), Message:<EMPTY>)
2019-09-24 12:11:24,520 INFO  grpc.TestWatchRequestWithGrpc (WatchRequestTests.java:checkMajority(230)) - checkMajority 43: receive RaftClientReply:client-CFB50CAB4D08->s2@group-6E85041A3092, cid=1713, SUCCESS, logIndex=60, commits[s2:c63, s0:c0, s1:c48]
2019-09-24 12:11:24,520 INFO  grpc.TestWatchRequestWithGrpc (WatchRequestTests.java:lambda$sendRequests$0(99)) - SEND_WATCH: message=m66, logIndex=91
2019-09-24 12:11:24,520 DEBUG impl.UnorderedAsync (UnorderedAsync.java:sendRequestWithRetry(74)) - client-CFB50CAB4D08: attempt #1 send~ RaftClientRequest:client-CFB50CAB4D08->s2@group-6E85041A3092, cid=2034, seq=0, Watch(91), null
2019-09-24 12:11:24,520 DEBUG impl.RaftServerImpl (LeaderState.java:addWatchReqeust(324)) - s2@group-6E85041A3092-LeaderState: addWatchRequest RaftClientRequest:client-CFB50CAB4D08->s2@group-6E85041A3092, cid=1943, seq=0, Watch-ALL(60), Message:<EMPTY>
2019-09-24 12:11:24,521 DEBUG impl.UnorderedAsync (UnorderedAsync.java:sendRequestWithRetry(74)) - client-CFB50CAB4D08: attempt #1 send~ RaftClientRequest:client-CFB50CAB4D08->s2@group-6E85041A3092, cid=2035, seq=0, Watch-ALL(91), null
2019-09-24 12:11:24,521 DEBUG impl.UnorderedAsync (UnorderedAsync.java:lambda$sendRequestWithRetry$4(77)) - client-CFB50CAB4D08: attempt #1 receive~ RaftClientReply:client-CFB50CAB4D08->s2@group-6E85041A3092, cid=1942, SUCCESS, logIndex=0, commits[s2:c143, s0:c0, s1:c138]
2019-09-24 12:11:24,521 DEBUG impl.UnorderedAsync (UnorderedAsync.java:sendRequestWithRetry(74)) - client-CFB50CAB4D08: attempt #1 send~ RaftClientRequest:client-CFB50CAB4D08->s2@group-6E85041A3092, cid=2036, seq=0, Watch-MAJORITY_COMMITTED(91), null
2019-09-24 12:11:24,521 DEBUG impl.RaftServerImpl (RaftServerImpl.java:submitClientRequestAsync(533)) - s2@group-6E85041A3092: receive client request(RaftClientRequest:client-CFB50CAB4D08->s2@group-6E85041A3092, cid=1944, seq=0, Watch-MAJORITY_COMMITTED(60), Message:<EMPTY>)
2019-09-24 12:11:24,521 DEBUG impl.UnorderedAsync (UnorderedAsync.java:sendRequestWithRetry(74)) - client-CFB50CAB4D08: attempt #1 send~ RaftClientRequest:client-CFB50CAB4D08->s2@group-6E85041A3092, cid=2037, seq=0, Watch-ALL_COMMITTED(91), null
2019-09-24 12:11:24,521 INFO  grpc.TestWatchRequestWithGrpc (WatchRequestTests.java:get(172)) - majority-Watch(60) returns RaftClientReply:client-CFB50CAB4D08->s2@group-6E85041A3092, cid=1942, SUCCESS, logIndex=0, commits[s2:c143, s0:c0, s1:c138]
2019-09-24 12:11:24,521 INFO  grpc.TestWatchRequestWithGrpc (WatchRequestTests.java:lambda$sendRequests$0(99)) - SEND_WATCH: message=m67, logIndex=92
2019-09-24 12:11:24,521 DEBUG impl.UnorderedAsync (UnorderedAsync.java:sendRequestWithRetry(74)) - client-CFB50CAB4D08: attempt #1 send~ RaftClientRequest:client-CFB50CAB4D08->s2@group-6E85041A3092, cid=2038, seq=0, Watch(92), null
2019-09-24 12:11:24,521 DEBUG impl.RaftServerImpl (LeaderState.java:addWatchReqeust(324)) - s2@group-6E85041A3092-LeaderState: addWatchRequest RaftClientRequest:client-CFB50CAB4D08->s2@group-6E85041A3092, cid=1944, seq=0, Watch-MAJORITY_COMMITTED(60), Message:<EMPTY>
2019-09-24 12:11:24,522 DEBUG impl.UnorderedAsync (UnorderedAsync.java:sendRequestWithRetry(74)) - client-CFB50CAB4D08: attempt #1 send~ RaftClientRequest:client-CFB50CAB4D08->s2@group-6E85041A3092, cid=2039, seq=0, Watch-ALL(92), null
2019-09-24 12:11:24,522 DEBUG impl.UnorderedAsync (UnorderedAsync.java:sendRequestWithRetry(74)) - client-CFB50CAB4D08: attempt #1 send~ RaftClientRequest:client-CFB50CAB4D08->s2@group-6E85041A3092, cid=2040, seq=0, Watch-MAJORITY_COMMITTED(92), null
2019-09-24 12:11:24,522 DEBUG impl.RaftServerImpl (RaftServerImpl.java:submitClientRequestAsync(533)) - s2@group-6E85041A3092: receive client request(RaftClientRequest:client-CFB50CAB4D08->s2@group-6E85041A3092, cid=1945, seq=0, Watch-ALL_COMMITTED(60), Message:<EMPTY>)
2019-09-24 12:11:24,522 DEBUG impl.UnorderedAsync (UnorderedAsync.java:sendRequestWithRetry(74)) - client-CFB50CAB4D08: attempt #1 send~ RaftClientRequest:client-CFB50CAB4D08->s2@group-6E85041A3092, cid=2041, seq=0, Watch-ALL_COMMITTED(92), null
2019-09-24 12:11:24,522 DEBUG impl.UnorderedAsync (UnorderedAsync.java:lambda$sendRequestWithRetry$4(77)) - client-CFB50CAB4D08: attempt #1 receive~ RaftClientReply:client-CFB50CAB4D08->s2@group-6E85041A3092, cid=1944, SUCCESS, logIndex=0, commits[s2:c143, s0:c0, s1:c138]
2019-09-24 12:11:24,522 DEBUG impl.RaftServerImpl (LeaderState.java:addWatchReqeust(324)) - s2@group-6E85041A3092-LeaderState: addWatchRequest RaftClientRequest:client-CFB50CAB4D08->s2@group-6E85041A3092, cid=1945, seq=0, Watch-ALL_COMMITTED(60), Message:<EMPTY>
2019-09-24 12:11:24,522 INFO  grpc.TestWatchRequestWithGrpc (WatchRequestTests.java:get(172)) - majorityCommitted-Watch(60) returns RaftClientReply:client-CFB50CAB4D08->s2@group-6E85041A3092, cid=1944, SUCCESS, logIndex=0, commits[s2:c143, s0:c0, s1:c138]
2019-09-24 12:11:24,522 INFO  grpc.TestWatchRequestWithGrpc (WatchRequestTests.java:lambda$sendRequests$0(99)) - SEND_WATCH: message=m68, logIndex=93
2019-09-24 12:11:24,523 INFO  grpc.TestWatchRequestWithGrpc (WatchRequestTests.java:checkMajority(230)) - checkMajority 44: receive RaftClientReply:client-CFB50CAB4D08->s2@group-6E85041A3092, cid=1714, SUCCESS, logIndex=61, commits[s2:c64, s0:c0, s1:c54]
2019-09-24 12:11:24,522 DEBUG impl.RaftServerImpl (RaftServerImpl.java:submitClientRequestAsync(533)) - s2@group-6E85041A3092: receive client request(RaftClientRequest:client-CFB50CAB4D08->s2@group-6E85041A3092, cid=1946, seq=0, Watch(61), Message:<EMPTY>)
2019-09-24 12:11:24,523 DEBUG impl.UnorderedAsync (UnorderedAsync.java:sendRequestWithRetry(74)) - client-CFB50CAB4D08: attempt #1 send~ RaftClientRequest:client-CFB50CAB4D08->s2@group-6E85041A3092, cid=2042, seq=0, Watch(93), null
2019-09-24 12:11:24,523 DEBUG impl.RaftServerImpl (LeaderState.java:addWatchReqeust(324)) - s2@group-6E85041A3092-LeaderState: addWatchRequest RaftClientRequest:client-CFB50CAB4D08->s2@group-6E85041A3092, cid=1946, seq=0, Watch(61), Message:<EMPTY>
2019-09-24 12:11:24,523 DEBUG impl.UnorderedAsync (UnorderedAsync.java:sendRequestWithRetry(74)) - client-CFB50CAB4D08: attempt #1 send~ RaftClientRequest:client-CFB50CAB4D08->s2@group-6E85041A3092, cid=2043, seq=0, Watch-ALL(93), null
2019-09-24 12:11:24,523 DEBUG impl.RaftServerImpl (RaftServerImpl.java:submitClientRequestAsync(533)) - s2@group-6E85041A3092: receive client request(RaftClientRequest:client-CFB50CAB4D08->s2@group-6E85041A3092, cid=1947, seq=0, Watch-ALL(61), Message:<EMPTY>)
2019-09-24 12:11:24,523 DEBUG impl.UnorderedAsync (UnorderedAsync.java:sendRequestWithRetry(74)) - client-CFB50CAB4D08: attempt #1 send~ RaftClientRequest:client-CFB50CAB4D08->s2@group-6E85041A3092, cid=2044, seq=0, Watch-MAJORITY_COMMITTED(93), null
2019-09-24 12:11:24,523 DEBUG impl.RaftServerImpl (LeaderState.java:addWatchReqeust(324)) - s2@group-6E85041A3092-LeaderState: addWatchRequest RaftClientRequest:client-CFB50CAB4D08->s2@group-6E85041A3092, cid=1947, seq=0, Watch-ALL(61), Message:<EMPTY>
2019-09-24 12:11:24,523 DEBUG impl.UnorderedAsync (UnorderedAsync.java:sendRequestWithRetry(74)) - client-CFB50CAB4D08: attempt #1 send~ RaftClientRequest:client-CFB50CAB4D08->s2@group-6E85041A3092, cid=2045, seq=0, Watch-ALL_COMMITTED(93), null
2019-09-24 12:11:24,524 DEBUG impl.RaftServerImpl (RaftServerImpl.java:submitClientRequestAsync(533)) - s2@group-6E85041A3092: receive client request(RaftClientRequest:client-CFB50CAB4D08->s2@group-6E85041A3092, cid=1948, seq=0, Watch-MAJORITY_COMMITTED(61), Message:<EMPTY>)
2019-09-24 12:11:24,524 DEBUG impl.UnorderedAsync (UnorderedAsync.java:lambda$sendRequestWithRetry$4(77)) - client-CFB50CAB4D08: attempt #1 receive~ RaftClientReply:client-CFB50CAB4D08->s2@group-6E85041A3092, cid=1946, SUCCESS, logIndex=0, commits[s2:c143, s0:c0, s1:c138]
2019-09-24 12:11:24,524 DEBUG impl.RaftServerImpl (LeaderState.java:addWatchReqeust(324)) - s2@group-6E85041A3092-LeaderState: addWatchRequest RaftClientRequest:client-CFB50CAB4D08->s2@group-6E85041A3092, cid=1948, seq=0, Watch-MAJORITY_COMMITTED(61), Message:<EMPTY>
2019-09-24 12:11:24,524 INFO  grpc.TestWatchRequestWithGrpc (WatchRequestTests.java:lambda$sendRequests$0(99)) - SEND_WATCH: message=m69, logIndex=97
2019-09-24 12:11:24,524 DEBUG impl.UnorderedAsync (UnorderedAsync.java:sendRequestWithRetry(74)) - client-CFB50CAB4D08: attempt #1 send~ RaftClientRequest:client-CFB50CAB4D08->s2@group-6E85041A3092, cid=2046, seq=0, Watch(97), null
2019-09-24 12:11:24,524 INFO  grpc.TestWatchRequestWithGrpc (WatchRequestTests.java:get(172)) - majority-Watch(61) returns RaftClientReply:client-CFB50CAB4D08->s2@group-6E85041A3092, cid=1946, SUCCESS, logIndex=0, commits[s2:c143, s0:c0, s1:c138]
2019-09-24 12:11:24,524 DEBUG impl.UnorderedAsync (UnorderedAsync.java:sendRequestWithRetry(74)) - client-CFB50CAB4D08: attempt #1 send~ RaftClientRequest:client-CFB50CAB4D08->s2@group-6E85041A3092, cid=2047, seq=0, Watch-ALL(97), null
2019-09-24 12:11:24,524 DEBUG impl.RaftServerImpl (RaftServerImpl.java:submitClientRequestAsync(533)) - s2@group-6E85041A3092: receive client request(RaftClientRequest:client-CFB50CAB4D08->s2@group-6E85041A3092, cid=1949, seq=0, Watch-ALL_COMMITTED(61), Message:<EMPTY>)
2019-09-24 12:11:24,524 DEBUG impl.UnorderedAsync (UnorderedAsync.java:sendRequestWithRetry(74)) - client-CFB50CAB4D08: attempt #1 send~ RaftClientRequest:client-CFB50CAB4D08->s2@group-6E85041A3092, cid=2048, seq=0, Watch-MAJORITY_COMMITTED(97), null
2019-09-24 12:11:24,524 DEBUG impl.UnorderedAsync (UnorderedAsync.java:lambda$sendRequestWithRetry$4(77)) - client-CFB50CAB4D08: attempt #1 receive~ RaftClientReply:client-CFB50CAB4D08->s2@group-6E85041A3092, cid=1948, SUCCESS, logIndex=0, commits[s2:c143, s0:c0, s1:c138]
2019-09-24 12:11:24,525 DEBUG impl.UnorderedAsync (UnorderedAsync.java:sendRequestWithRetry(74)) - client-CFB50CAB4D08: attempt #1 send~ RaftClientRequest:client-CFB50CAB4D08->s2@group-6E85041A3092, cid=2049, seq=0, Watch-ALL_COMMITTED(97), null
2019-09-24 12:11:24,525 DEBUG impl.RaftServerImpl (LeaderState.java:addWatchReqeust(324)) - s2@group-6E85041A3092-LeaderState: addWatchRequest RaftClientRequest:client-CFB50CAB4D08->s2@group-6E85041A3092, cid=1949, seq=0, Watch-ALL_COMMITTED(61), Message:<EMPTY>
2019-09-24 12:11:24,525 INFO  grpc.TestWatchRequestWithGrpc (WatchRequestTests.java:lambda$sendRequests$0(99)) - SEND_WATCH: message=m70, logIndex=98
2019-09-24 12:11:24,525 INFO  grpc.TestWatchRequestWithGrpc (WatchRequestTests.java:get(172)) - majorityCommitted-Watch(61) returns RaftClientReply:client-CFB50CAB4D08->s2@group-6E85041A3092, cid=1948, SUCCESS, logIndex=0, commits[s2:c143, s0:c0, s1:c138]
2019-09-24 12:11:24,525 DEBUG impl.UnorderedAsync (UnorderedAsync.java:sendRequestWithRetry(74)) - client-CFB50CAB4D08: attempt #1 send~ RaftClientRequest:client-CFB50CAB4D08->s2@group-6E85041A3092, cid=2050, seq=0, Watch(98), null
2019-09-24 12:11:24,525 DEBUG impl.RaftServerImpl (RaftServerImpl.java:submitClientRequestAsync(533)) - s2@group-6E85041A3092: receive client request(RaftClientRequest:client-CFB50CAB4D08->s2@group-6E85041A3092, cid=1950, seq=0, Watch(62), Message:<EMPTY>)
2019-09-24 12:11:24,525 DEBUG impl.UnorderedAsync (UnorderedAsync.java:sendRequestWithRetry(74)) - client-CFB50CAB4D08: attempt #1 send~ RaftClientRequest:client-CFB50CAB4D08->s2@group-6E85041A3092, cid=2051, seq=0, Watch-ALL(98), null
2019-09-24 12:11:24,525 INFO  grpc.TestWatchRequestWithGrpc (WatchRequestTests.java:checkMajority(230)) - checkMajority 45: receive RaftClientReply:client-CFB50CAB4D08->s2@group-6E85041A3092, cid=1715, SUCCESS, logIndex=62, commits[s2:c74, s0:c0, s1:c56]
2019-09-24 12:11:24,526 DEBUG impl.UnorderedAsync (UnorderedAsync.java:sendRequestWithRetry(74)) - client-CFB50CAB4D08: attempt #1 send~ RaftClientRequest:client-CFB50CAB4D08->s2@group-6E85041A3092, cid=2052, seq=0, Watch-MAJORITY_COMMITTED(98), null
2019-09-24 12:11:24,526 DEBUG impl.RaftServerImpl (LeaderState.java:addWatchReqeust(324)) - s2@group-6E85041A3092-LeaderState: addWatchRequest RaftClientRequest:client-CFB50CAB4D08->s2@group-6E85041A3092, cid=1950, seq=0, Watch(62), Message:<EMPTY>
2019-09-24 12:11:24,526 DEBUG impl.UnorderedAsync (UnorderedAsync.java:sendRequestWithRetry(74)) - client-CFB50CAB4D08: attempt #1 send~ RaftClientRequest:client-CFB50CAB4D08->s2@group-6E85041A3092, cid=2053, seq=0, Watch-ALL_COMMITTED(98), null
2019-09-24 12:11:24,526 DEBUG impl.RaftServerImpl (RaftServerImpl.java:submitClientRequestAsync(533)) - s2@group-6E85041A3092: receive client request(RaftClientRequest:client-CFB50CAB4D08->s2@group-6E85041A3092, cid=1951, seq=0, Watch-ALL(62), Message:<EMPTY>)
2019-09-24 12:11:24,526 INFO  grpc.TestWatchRequestWithGrpc (WatchRequestTests.java:lambda$sendRequests$0(99)) - SEND_WATCH: message=m71, logIndex=99
2019-09-24 12:11:24,526 DEBUG impl.RaftServerImpl (LeaderState.java:addWatchReqeust(324)) - s2@group-6E85041A3092-LeaderState: addWatchRequest RaftClientRequest:client-CFB50CAB4D08->s2@group-6E85041A3092, cid=1951, seq=0, Watch-ALL(62), Message:<EMPTY>
2019-09-24 12:11:24,526 DEBUG impl.UnorderedAsync (UnorderedAsync.java:sendRequestWithRetry(74)) - client-CFB50CAB4D08: attempt #1 send~ RaftClientRequest:client-CFB50CAB4D08->s2@group-6E85041A3092, cid=2054, seq=0, Watch(99), null
2019-09-24 12:11:24,527 DEBUG impl.RaftServerImpl (RaftServerImpl.java:submitClientRequestAsync(533)) - s2@group-6E85041A3092: receive client request(RaftClientRequest:client-CFB50CAB4D08->s2@group-6E85041A3092, cid=1952, seq=0, Watch-MAJORITY_COMMITTED(62), Message:<EMPTY>)
2019-09-24 12:11:24,526 DEBUG impl.UnorderedAsync (UnorderedAsync.java:lambda$sendRequestWithRetry$4(77)) - client-CFB50CAB4D08: attempt #1 receive~ RaftClientReply:client-CFB50CAB4D08->s2@group-6E85041A3092, cid=1950, SUCCESS, logIndex=0, commits[s2:c143, s0:c0, s1:c138]
2019-09-24 12:11:24,527 DEBUG impl.RaftServerImpl (LeaderState.java:addWatchReqeust(324)) - s2@group-6E85041A3092-LeaderState: addWatchRequest RaftClientRequest:client-CFB50CAB4D08->s2@group-6E85041A3092, cid=1952, seq=0, Watch-MAJORITY_COMMITTED(62), Message:<EMPTY>
2019-09-24 12:11:24,527 DEBUG impl.UnorderedAsync (UnorderedAsync.java:sendRequestWithRetry(74)) - client-CFB50CAB4D08: attempt #1 send~ RaftClientRequest:client-CFB50CAB4D08->s2@group-6E85041A3092, cid=2055, seq=0, Watch-ALL(99), null
2019-09-24 12:11:24,527 DEBUG impl.RaftServerImpl (RaftServerImpl.java:submitClientRequestAsync(533)) - s2@group-6E85041A3092: receive client request(RaftClientRequest:client-CFB50CAB4D08->s2@group-6E85041A3092, cid=1953, seq=0, Watch-ALL_COMMITTED(62), Message:<EMPTY>)
2019-09-24 12:11:24,527 INFO  grpc.TestWatchRequestWithGrpc (WatchRequestTests.java:get(172)) - majority-Watch(62) returns RaftClientReply:client-CFB50CAB4D08->s2@group-6E85041A3092, cid=1950, SUCCESS, logIndex=0, commits[s2:c143, s0:c0, s1:c138]
2019-09-24 12:11:24,527 DEBUG impl.RaftServerImpl (LeaderState.java:addWatchReqeust(324)) - s2@group-6E85041A3092-LeaderState: addWatchRequest RaftClientRequest:client-CFB50CAB4D08->s2@group-6E85041A3092, cid=1953, seq=0, Watch-ALL_COMMITTED(62), Message:<EMPTY>
2019-09-24 12:11:24,527 DEBUG impl.UnorderedAsync (UnorderedAsync.java:sendRequestWithRetry(74)) - client-CFB50CAB4D08: attempt #1 send~ RaftClientRequest:client-CFB50CAB4D08->s2@group-6E85041A3092, cid=2056, seq=0, Watch-MAJORITY_COMMITTED(99), null
2019-09-24 12:11:24,527 DEBUG impl.RaftServerImpl (RaftServerImpl.java:submitClientRequestAsync(533)) - s2@group-6E85041A3092: receive client request(RaftClientRequest:client-CFB50CAB4D08->s2@group-6E85041A3092, cid=1954, seq=0, Watch(63), Message:<EMPTY>)
2019-09-24 12:11:24,528 DEBUG impl.RaftServerImpl (LeaderState.java:addWatchReqeust(324)) - s2@group-6E85041A3092-LeaderState: addWatchRequest RaftClientRequest:client-CFB50CAB4D08->s2@group-6E85041A3092, cid=1954, seq=0, Watch(63), Message:<EMPTY>
2019-09-24 12:11:24,527 DEBUG impl.UnorderedAsync (UnorderedAsync.java:lambda$sendRequestWithRetry$4(77)) - client-CFB50CAB4D08: attempt #1 receive~ RaftClientReply:client-CFB50CAB4D08->s2@group-6E85041A3092, cid=1952, SUCCESS, logIndex=0, commits[s2:c143, s0:c0, s1:c138]
2019-09-24 12:11:24,528 DEBUG impl.UnorderedAsync (UnorderedAsync.java:sendRequestWithRetry(74)) - client-CFB50CAB4D08: attempt #1 send~ RaftClientRequest:client-CFB50CAB4D08->s2@group-6E85041A3092, cid=2057, seq=0, Watch-ALL_COMMITTED(99), null
2019-09-24 12:11:24,528 INFO  grpc.TestWatchRequestWithGrpc (WatchRequestTests.java:get(172)) - majorityCommitted-Watch(62) returns RaftClientReply:client-CFB50CAB4D08->s2@group-6E85041A3092, cid=1952, SUCCESS, logIndex=0, commits[s2:c143, s0:c0, s1:c138]
2019-09-24 12:11:24,528 DEBUG impl.RaftServerImpl (RaftServerImpl.java:submitClientRequestAsync(533)) - s2@group-6E85041A3092: receive client request(RaftClientRequest:client-CFB50CAB4D08->s2@group-6E85041A3092, cid=1955, seq=0, Watch-ALL(63), Message:<EMPTY>)
2019-09-24 12:11:24,528 INFO  grpc.TestWatchRequestWithGrpc (WatchRequestTests.java:checkMajority(230)) - checkMajority 46: receive RaftClientReply:client-CFB50CAB4D08->s2@group-6E85041A3092, cid=1716, SUCCESS, logIndex=63, commits[s2:c74, s0:c0, s1:c56]
2019-09-24 12:11:24,528 INFO  grpc.TestWatchRequestWithGrpc (WatchRequestTests.java:lambda$sendRequests$0(99)) - SEND_WATCH: message=m72, logIndex=100
2019-09-24 12:11:24,528 DEBUG impl.UnorderedAsync (UnorderedAsync.java:lambda$sendRequestWithRetry$4(77)) - client-CFB50CAB4D08: attempt #1 receive~ RaftClientReply:client-CFB50CAB4D08->s2@group-6E85041A3092, cid=1954, SUCCESS, logIndex=0, commits[s2:c143, s0:c0, s1:c138]
2019-09-24 12:11:24,528 DEBUG impl.RaftServerImpl (LeaderState.java:addWatchReqeust(324)) - s2@group-6E85041A3092-LeaderState: addWatchRequest RaftClientRequest:client-CFB50CAB4D08->s2@group-6E85041A3092, cid=1955, seq=0, Watch-ALL(63), Message:<EMPTY>
2019-09-24 12:11:24,528 INFO  grpc.TestWatchRequestWithGrpc (WatchRequestTests.java:get(172)) - majority-Watch(63) returns RaftClientReply:client-CFB50CAB4D08->s2@group-6E85041A3092, cid=1954, SUCCESS, logIndex=0, commits[s2:c143, s0:c0, s1:c138]
2019-09-24 12:11:24,528 DEBUG impl.UnorderedAsync (UnorderedAsync.java:sendRequestWithRetry(74)) - client-CFB50CAB4D08: attempt #1 send~ RaftClientRequest:client-CFB50CAB4D08->s2@group-6E85041A3092, cid=2058, seq=0, Watch(100), null
2019-09-24 12:11:24,529 DEBUG impl.RaftServerImpl (RaftServerImpl.java:submitClientRequestAsync(533)) - s2@group-6E85041A3092: receive client request(RaftClientRequest:client-CFB50CAB4D08->s2@group-6E85041A3092, cid=1956, seq=0, Watch-MAJORITY_COMMITTED(63), Message:<EMPTY>)
2019-09-24 12:11:24,529 DEBUG impl.UnorderedAsync (UnorderedAsync.java:sendRequestWithRetry(74)) - client-CFB50CAB4D08: attempt #1 send~ RaftClientRequest:client-CFB50CAB4D08->s2@group-6E85041A3092, cid=2059, seq=0, Watch-ALL(100), null
2019-09-24 12:11:24,529 DEBUG impl.RaftServerImpl (LeaderState.java:addWatchReqeust(324)) - s2@group-6E85041A3092-LeaderState: addWatchRequest RaftClientRequest:client-CFB50CAB4D08->s2@group-6E85041A3092, cid=1956, seq=0, Watch-MAJORITY_COMMITTED(63), Message:<EMPTY>
2019-09-24 12:11:24,529 DEBUG impl.UnorderedAsync (UnorderedAsync.java:sendRequestWithRetry(74)) - client-CFB50CAB4D08: attempt #1 send~ RaftClientRequest:client-CFB50CAB4D08->s2@group-6E85041A3092, cid=2060, seq=0, Watch-MAJORITY_COMMITTED(100), null
2019-09-24 12:11:24,529 DEBUG impl.RaftServerImpl (RaftServerImpl.java:submitClientRequestAsync(533)) - s2@group-6E85041A3092: receive client request(RaftClientRequest:client-CFB50CAB4D08->s2@group-6E85041A3092, cid=1957, seq=0, Watch-ALL_COMMITTED(63), Message:<EMPTY>)
2019-09-24 12:11:24,529 DEBUG impl.RaftServerImpl (LeaderState.java:addWatchReqeust(324)) - s2@group-6E85041A3092-LeaderState: addWatchRequest RaftClientRequest:client-CFB50CAB4D08->s2@group-6E85041A3092, cid=1957, seq=0, Watch-ALL_COMMITTED(63), Message:<EMPTY>
2019-09-24 12:11:24,529 DEBUG impl.UnorderedAsync (UnorderedAsync.java:sendRequestWithRetry(74)) - client-CFB50CAB4D08: attempt #1 send~ RaftClientRequest:client-CFB50CAB4D08->s2@group-6E85041A3092, cid=2061, seq=0, Watch-ALL_COMMITTED(100), null
2019-09-24 12:11:24,530 DEBUG impl.RaftServerImpl (RaftServerImpl.java:submitClientRequestAsync(533)) - s2@group-6E85041A3092: receive client request(RaftClientRequest:client-CFB50CAB4D08->s2@group-6E85041A3092, cid=1958, seq=0, Watch(64), Message:<EMPTY>)
2019-09-24 12:11:24,530 INFO  grpc.TestWatchRequestWithGrpc (WatchRequestTests.java:lambda$sendRequests$0(99)) - SEND_WATCH: message=m73, logIndex=102
2019-09-24 12:11:24,530 DEBUG impl.UnorderedAsync (UnorderedAsync.java:lambda$sendRequestWithRetry$4(77)) - client-CFB50CAB4D08: attempt #1 receive~ RaftClientReply:client-CFB50CAB4D08->s2@group-6E85041A3092, cid=1956, SUCCESS, logIndex=0, commits[s2:c143, s0:c0, s1:c138]
2019-09-24 12:11:24,530 DEBUG impl.UnorderedAsync (UnorderedAsync.java:sendRequestWithRetry(74)) - client-CFB50CAB4D08: attempt #1 send~ RaftClientRequest:client-CFB50CAB4D08->s2@group-6E85041A3092, cid=2062, seq=0, Watch(102), null
2019-09-24 12:11:24,530 DEBUG impl.RaftServerImpl (LeaderState.java:addWatchReqeust(324)) - s2@group-6E85041A3092-LeaderState: addWatchRequest RaftClientRequest:client-CFB50CAB4D08->s2@group-6E85041A3092, cid=1958, seq=0, Watch(64), Message:<EMPTY>
2019-09-24 12:11:24,530 DEBUG impl.UnorderedAsync (UnorderedAsync.java:sendRequestWithRetry(74)) - client-CFB50CAB4D08: attempt #1 send~ RaftClientRequest:client-CFB50CAB4D08->s2@group-6E85041A3092, cid=2063, seq=0, Watch-ALL(102), null
2019-09-24 12:11:24,530 DEBUG impl.RaftServerImpl (RaftServerImpl.java:submitClientRequestAsync(533)) - s2@group-6E85041A3092: receive client request(RaftClientRequest:client-CFB50CAB4D08->s2@group-6E85041A3092, cid=1959, seq=0, Watch-ALL(64), Message:<EMPTY>)
2019-09-24 12:11:24,530 INFO  grpc.TestWatchRequestWithGrpc (WatchRequestTests.java:get(172)) - majorityCommitted-Watch(63) returns RaftClientReply:client-CFB50CAB4D08->s2@group-6E85041A3092, cid=1956, SUCCESS, logIndex=0, commits[s2:c143, s0:c0, s1:c138]
2019-09-24 12:11:24,530 DEBUG impl.RaftServerImpl (LeaderState.java:addWatchReqeust(324)) - s2@group-6E85041A3092-LeaderState: addWatchRequest RaftClientRequest:client-CFB50CAB4D08->s2@group-6E85041A3092, cid=1959, seq=0, Watch-ALL(64), Message:<EMPTY>
2019-09-24 12:11:24,530 DEBUG impl.UnorderedAsync (UnorderedAsync.java:sendRequestWithRetry(74)) - client-CFB50CAB4D08: attempt #1 send~ RaftClientRequest:client-CFB50CAB4D08->s2@group-6E85041A3092, cid=2064, seq=0, Watch-MAJORITY_COMMITTED(102), null
2019-09-24 12:11:24,531 DEBUG impl.RaftServerImpl (RaftServerImpl.java:submitClientRequestAsync(533)) - s2@group-6E85041A3092: receive client request(RaftClientRequest:client-CFB50CAB4D08->s2@group-6E85041A3092, cid=1960, seq=0, Watch-MAJORITY_COMMITTED(64), Message:<EMPTY>)
2019-09-24 12:11:24,531 DEBUG impl.UnorderedAsync (UnorderedAsync.java:lambda$sendRequestWithRetry$4(77)) - client-CFB50CAB4D08: attempt #1 receive~ RaftClientReply:client-CFB50CAB4D08->s2@group-6E85041A3092, cid=1958, SUCCESS, logIndex=0, commits[s2:c143, s0:c0, s1:c138]
2019-09-24 12:11:24,531 INFO  grpc.TestWatchRequestWithGrpc (WatchRequestTests.java:checkMajority(230)) - checkMajority 47: receive RaftClientReply:client-CFB50CAB4D08->s2@group-6E85041A3092, cid=1717, SUCCESS, logIndex=64, commits[s2:c74, s0:c0, s1:c56]
2019-09-24 12:11:24,531 DEBUG impl.RaftServerImpl (LeaderState.java:addWatchReqeust(324)) - s2@group-6E85041A3092-LeaderState: addWatchRequest RaftClientRequest:client-CFB50CAB4D08->s2@group-6E85041A3092, cid=1960, seq=0, Watch-MAJORITY_COMMITTED(64), Message:<EMPTY>
2019-09-24 12:11:24,531 DEBUG impl.UnorderedAsync (UnorderedAsync.java:sendRequestWithRetry(74)) - client-CFB50CAB4D08: attempt #1 send~ RaftClientRequest:client-CFB50CAB4D08->s2@group-6E85041A3092, cid=2065, seq=0, Watch-ALL_COMMITTED(102), null
2019-09-24 12:11:24,531 DEBUG impl.RaftServerImpl (RaftServerImpl.java:submitClientRequestAsync(533)) - s2@group-6E85041A3092: receive client request(RaftClientRequest:client-CFB50CAB4D08->s2@group-6E85041A3092, cid=1961, seq=0, Watch-ALL_COMMITTED(64), Message:<EMPTY>)
2019-09-24 12:11:24,531 INFO  grpc.TestWatchRequestWithGrpc (WatchRequestTests.java:get(172)) - majority-Watch(64) returns RaftClientReply:client-CFB50CAB4D08->s2@group-6E85041A3092, cid=1958, SUCCESS, logIndex=0, commits[s2:c143, s0:c0, s1:c138]
2019-09-24 12:11:24,531 INFO  grpc.TestWatchRequestWithGrpc (WatchRequestTests.java:lambda$sendRequests$0(99)) - SEND_WATCH: message=m74, logIndex=103
2019-09-24 12:11:24,532 DEBUG impl.UnorderedAsync (UnorderedAsync.java:sendRequestWithRetry(74)) - client-CFB50CAB4D08: attempt #1 send~ RaftClientRequest:client-CFB50CAB4D08->s2@group-6E85041A3092, cid=2066, seq=0, Watch(103), null
2019-09-24 12:11:24,531 DEBUG impl.RaftServerImpl (LeaderState.java:addWatchReqeust(324)) - s2@group-6E85041A3092-LeaderState: addWatchRequest RaftClientRequest:client-CFB50CAB4D08->s2@group-6E85041A3092, cid=1961, seq=0, Watch-ALL_COMMITTED(64), Message:<EMPTY>
2019-09-24 12:11:24,532 DEBUG impl.UnorderedAsync (UnorderedAsync.java:sendRequestWithRetry(74)) - client-CFB50CAB4D08: attempt #1 send~ RaftClientRequest:client-CFB50CAB4D08->s2@group-6E85041A3092, cid=2067, seq=0, Watch-ALL(103), null
2019-09-24 12:11:24,532 DEBUG impl.UnorderedAsync (UnorderedAsync.java:lambda$sendRequestWithRetry$4(77)) - client-CFB50CAB4D08: attempt #1 receive~ RaftClientReply:client-CFB50CAB4D08->s2@group-6E85041A3092, cid=1960, SUCCESS, logIndex=0, commits[s2:c143, s0:c0, s1:c138]
2019-09-24 12:11:24,532 DEBUG impl.UnorderedAsync (UnorderedAsync.java:sendRequestWithRetry(74)) - client-CFB50CAB4D08: attempt #1 send~ RaftClientRequest:client-CFB50CAB4D08->s2@group-6E85041A3092, cid=2068, seq=0, Watch-MAJORITY_COMMITTED(103), null
2019-09-24 12:11:24,532 DEBUG impl.RaftServerImpl (RaftServerImpl.java:submitClientRequestAsync(533)) - s2@group-6E85041A3092: receive client request(RaftClientRequest:client-CFB50CAB4D08->s2@group-6E85041A3092, cid=1962, seq=0, Watch(65), Message:<EMPTY>)
2019-09-24 12:11:24,532 DEBUG impl.UnorderedAsync (UnorderedAsync.java:sendRequestWithRetry(74)) - client-CFB50CAB4D08: attempt #1 send~ RaftClientRequest:client-CFB50CAB4D08->s2@group-6E85041A3092, cid=2069, seq=0, Watch-ALL_COMMITTED(103), null
2019-09-24 12:11:24,532 INFO  grpc.TestWatchRequestWithGrpc (WatchRequestTests.java:get(172)) - majorityCommitted-Watch(64) returns RaftClientReply:client-CFB50CAB4D08->s2@group-6E85041A3092, cid=1960, SUCCESS, logIndex=0, commits[s2:c143, s0:c0, s1:c138]
2019-09-24 12:11:24,532 DEBUG impl.RaftServerImpl (LeaderState.java:addWatchReqeust(324)) - s2@group-6E85041A3092-LeaderState: addWatchRequest RaftClientRequest:client-CFB50CAB4D08->s2@group-6E85041A3092, cid=1962, seq=0, Watch(65), Message:<EMPTY>
2019-09-24 12:11:24,533 INFO  grpc.TestWatchRequestWithGrpc (WatchRequestTests.java:checkMajority(230)) - checkMajority 48: receive RaftClientReply:client-CFB50CAB4D08->s2@group-6E85041A3092, cid=1718, SUCCESS, logIndex=65, commits[s2:c74, s0:c0, s1:c56]
2019-09-24 12:11:24,533 INFO  grpc.TestWatchRequestWithGrpc (WatchRequestTests.java:lambda$sendRequests$0(99)) - SEND_WATCH: message=m75, logIndex=104
2019-09-24 12:11:24,533 DEBUG impl.RaftServerImpl (RaftServerImpl.java:submitClientRequestAsync(533)) - s2@group-6E85041A3092: receive client request(RaftClientRequest:client-CFB50CAB4D08->s2@group-6E85041A3092, cid=1963, seq=0, Watch-ALL(65), Message:<EMPTY>)
2019-09-24 12:11:24,533 DEBUG impl.UnorderedAsync (UnorderedAsync.java:sendRequestWithRetry(74)) - client-CFB50CAB4D08: attempt #1 send~ RaftClientRequest:client-CFB50CAB4D08->s2@group-6E85041A3092, cid=2070, seq=0, Watch(104), null
2019-09-24 12:11:24,533 DEBUG impl.RaftServerImpl (LeaderState.java:addWatchReqeust(324)) - s2@group-6E85041A3092-LeaderState: addWatchRequest RaftClientRequest:client-CFB50CAB4D08->s2@group-6E85041A3092, cid=1963, seq=0, Watch-ALL(65), Message:<EMPTY>
2019-09-24 12:11:24,533 DEBUG impl.UnorderedAsync (UnorderedAsync.java:sendRequestWithRetry(74)) - client-CFB50CAB4D08: attempt #1 send~ RaftClientRequest:client-CFB50CAB4D08->s2@group-6E85041A3092, cid=2071, seq=0, Watch-ALL(104), null
2019-09-24 12:11:24,533 DEBUG impl.RaftServerImpl (RaftServerImpl.java:submitClientRequestAsync(533)) - s2@group-6E85041A3092: receive client request(RaftClientRequest:client-CFB50CAB4D08->s2@group-6E85041A3092, cid=1964, seq=0, Watch-MAJORITY_COMMITTED(65), Message:<EMPTY>)
2019-09-24 12:11:24,533 DEBUG impl.UnorderedAsync (UnorderedAsync.java:sendRequestWithRetry(74)) - client-CFB50CAB4D08: attempt #1 send~ RaftClientRequest:client-CFB50CAB4D08->s2@group-6E85041A3092, cid=2072, seq=0, Watch-MAJORITY_COMMITTED(104), null
2019-09-24 12:11:24,534 DEBUG impl.UnorderedAsync (UnorderedAsync.java:lambda$sendRequestWithRetry$4(77)) - client-CFB50CAB4D08: attempt #1 receive~ RaftClientReply:client-CFB50CAB4D08->s2@group-6E85041A3092, cid=1962, SUCCESS, logIndex=0, commits[s2:c143, s0:c0, s1:c138]
2019-09-24 12:11:24,534 DEBUG impl.RaftServerImpl (LeaderState.java:addWatchReqeust(324)) - s2@group-6E85041A3092-LeaderState: addWatchRequest RaftClientRequest:client-CFB50CAB4D08->s2@group-6E85041A3092, cid=1964, seq=0, Watch-MAJORITY_COMMITTED(65), Message:<EMPTY>
2019-09-24 12:11:24,534 INFO  grpc.TestWatchRequestWithGrpc (WatchRequestTests.java:get(172)) - majority-Watch(65) returns RaftClientReply:client-CFB50CAB4D08->s2@group-6E85041A3092, cid=1962, SUCCESS, logIndex=0, commits[s2:c143, s0:c0, s1:c138]
2019-09-24 12:11:24,534 DEBUG impl.UnorderedAsync (UnorderedAsync.java:sendRequestWithRetry(74)) - client-CFB50CAB4D08: attempt #1 send~ RaftClientRequest:client-CFB50CAB4D08->s2@group-6E85041A3092, cid=2073, seq=0, Watch-ALL_COMMITTED(104), null
2019-09-24 12:11:24,534 DEBUG impl.RaftServerImpl (RaftServerImpl.java:submitClientRequestAsync(533)) - s2@group-6E85041A3092: receive client request(RaftClientRequest:client-CFB50CAB4D08->s2@group-6E85041A3092, cid=1965, seq=0, Watch-ALL_COMMITTED(65), Message:<EMPTY>)
2019-09-24 12:11:24,534 DEBUG impl.RaftServerImpl (LeaderState.java:addWatchReqeust(324)) - s2@group-6E85041A3092-LeaderState: addWatchRequest RaftClientRequest:client-CFB50CAB4D08->s2@group-6E85041A3092, cid=1965, seq=0, Watch-ALL_COMMITTED(65), Message:<EMPTY>
2019-09-24 12:11:24,534 INFO  grpc.TestWatchRequestWithGrpc (WatchRequestTests.java:lambda$sendRequests$0(99)) - SEND_WATCH: message=m76, logIndex=105
2019-09-24 12:11:24,534 DEBUG impl.RaftServerImpl (RaftServerImpl.java:submitClientRequestAsync(533)) - s2@group-6E85041A3092: receive client request(RaftClientRequest:client-CFB50CAB4D08->s2@group-6E85041A3092, cid=1966, seq=0, Watch(68), Message:<EMPTY>)
2019-09-24 12:11:24,534 DEBUG impl.UnorderedAsync (UnorderedAsync.java:lambda$sendRequestWithRetry$4(77)) - client-CFB50CAB4D08: attempt #1 receive~ RaftClientReply:client-CFB50CAB4D08->s2@group-6E85041A3092, cid=1964, SUCCESS, logIndex=0, commits[s2:c143, s0:c0, s1:c138]
2019-09-24 12:11:24,535 DEBUG impl.RaftServerImpl (LeaderState.java:addWatchReqeust(324)) - s2@group-6E85041A3092-LeaderState: addWatchRequest RaftClientRequest:client-CFB50CAB4D08->s2@group-6E85041A3092, cid=1966, seq=0, Watch(68), Message:<EMPTY>
2019-09-24 12:11:24,534 DEBUG impl.UnorderedAsync (UnorderedAsync.java:sendRequestWithRetry(74)) - client-CFB50CAB4D08: attempt #1 send~ RaftClientRequest:client-CFB50CAB4D08->s2@group-6E85041A3092, cid=2074, seq=0, Watch(105), null
2019-09-24 12:11:24,535 INFO  grpc.TestWatchRequestWithGrpc (WatchRequestTests.java:get(172)) - majorityCommitted-Watch(65) returns RaftClientReply:client-CFB50CAB4D08->s2@group-6E85041A3092, cid=1964, SUCCESS, logIndex=0, commits[s2:c143, s0:c0, s1:c138]
2019-09-24 12:11:24,535 DEBUG impl.UnorderedAsync (UnorderedAsync.java:sendRequestWithRetry(74)) - client-CFB50CAB4D08: attempt #1 send~ RaftClientRequest:client-CFB50CAB4D08->s2@group-6E85041A3092, cid=2075, seq=0, Watch-ALL(105), null
2019-09-24 12:11:24,535 DEBUG impl.RaftServerImpl (RaftServerImpl.java:submitClientRequestAsync(533)) - s2@group-6E85041A3092: receive client request(RaftClientRequest:client-CFB50CAB4D08->s2@group-6E85041A3092, cid=1967, seq=0, Watch-ALL(68), Message:<EMPTY>)
2019-09-24 12:11:24,535 DEBUG impl.UnorderedAsync (UnorderedAsync.java:sendRequestWithRetry(74)) - client-CFB50CAB4D08: attempt #1 send~ RaftClientRequest:client-CFB50CAB4D08->s2@group-6E85041A3092, cid=2076, seq=0, Watch-MAJORITY_COMMITTED(105), null
2019-09-24 12:11:24,535 INFO  grpc.TestWatchRequestWithGrpc (WatchRequestTests.java:checkMajority(230)) - checkMajority 49: receive RaftClientReply:client-CFB50CAB4D08->s2@group-6E85041A3092, cid=1719, SUCCESS, logIndex=68, commits[s2:c74, s0:c0, s1:c56]
2019-09-24 12:11:24,535 DEBUG impl.UnorderedAsync (UnorderedAsync.java:sendRequestWithRetry(74)) - client-CFB50CAB4D08: attempt #1 send~ RaftClientRequest:client-CFB50CAB4D08->s2@group-6E85041A3092, cid=2077, seq=0, Watch-ALL_COMMITTED(105), null
2019-09-24 12:11:24,535 DEBUG impl.UnorderedAsync (UnorderedAsync.java:lambda$sendRequestWithRetry$4(77)) - client-CFB50CAB4D08: attempt #1 receive~ RaftClientReply:client-CFB50CAB4D08->s2@group-6E85041A3092, cid=1966, SUCCESS, logIndex=0, commits[s2:c143, s0:c0, s1:c138]
2019-09-24 12:11:24,535 DEBUG impl.RaftServerImpl (LeaderState.java:addWatchReqeust(324)) - s2@group-6E85041A3092-LeaderState: addWatchRequest RaftClientRequest:client-CFB50CAB4D08->s2@group-6E85041A3092, cid=1967, seq=0, Watch-ALL(68), Message:<EMPTY>
2019-09-24 12:11:24,536 INFO  grpc.TestWatchRequestWithGrpc (WatchRequestTests.java:get(172)) - majority-Watch(68) returns RaftClientReply:client-CFB50CAB4D08->s2@group-6E85041A3092, cid=1966, SUCCESS, logIndex=0, commits[s2:c143, s0:c0, s1:c138]
2019-09-24 12:11:24,536 INFO  grpc.TestWatchRequestWithGrpc (WatchRequestTests.java:lambda$sendRequests$0(99)) - SEND_WATCH: message=m77, logIndex=106
2019-09-24 12:11:24,536 DEBUG impl.RaftServerImpl (RaftServerImpl.java:submitClientRequestAsync(533)) - s2@group-6E85041A3092: receive client request(RaftClientRequest:client-CFB50CAB4D08->s2@group-6E85041A3092, cid=1968, seq=0, Watch-MAJORITY_COMMITTED(68), Message:<EMPTY>)
2019-09-24 12:11:24,536 DEBUG impl.UnorderedAsync (UnorderedAsync.java:sendRequestWithRetry(74)) - client-CFB50CAB4D08: attempt #1 send~ RaftClientRequest:client-CFB50CAB4D08->s2@group-6E85041A3092, cid=2078, seq=0, Watch(106), null
2019-09-24 12:11:24,536 DEBUG impl.RaftServerImpl (LeaderState.java:addWatchReqeust(324)) - s2@group-6E85041A3092-LeaderState: addWatchRequest RaftClientRequest:client-CFB50CAB4D08->s2@group-6E85041A3092, cid=1968, seq=0, Watch-MAJORITY_COMMITTED(68), Message:<EMPTY>
2019-09-24 12:11:24,536 DEBUG impl.UnorderedAsync (UnorderedAsync.java:sendRequestWithRetry(74)) - client-CFB50CAB4D08: attempt #1 send~ RaftClientRequest:client-CFB50CAB4D08->s2@group-6E85041A3092, cid=2079, seq=0, Watch-ALL(106), null
2019-09-24 12:11:24,536 DEBUG impl.RaftServerImpl (RaftServerImpl.java:submitClientRequestAsync(533)) - s2@group-6E85041A3092: receive client request(RaftClientRequest:client-CFB50CAB4D08->s2@group-6E85041A3092, cid=1969, seq=0, Watch-ALL_COMMITTED(68), Message:<EMPTY>)
2019-09-24 12:11:24,536 DEBUG impl.UnorderedAsync (UnorderedAsync.java:sendRequestWithRetry(74)) - client-CFB50CAB4D08: attempt #1 send~ RaftClientRequest:client-CFB50CAB4D08->s2@group-6E85041A3092, cid=2080, seq=0, Watch-MAJORITY_COMMITTED(106), null
2019-09-24 12:11:24,536 DEBUG impl.RaftServerImpl (LeaderState.java:addWatchReqeust(324)) - s2@group-6E85041A3092-LeaderState: addWatchRequest RaftClientRequest:client-CFB50CAB4D08->s2@group-6E85041A3092, cid=1969, seq=0, Watch-ALL_COMMITTED(68), Message:<EMPTY>
2019-09-24 12:11:24,537 DEBUG impl.UnorderedAsync (UnorderedAsync.java:sendRequestWithRetry(74)) - client-CFB50CAB4D08: attempt #1 send~ RaftClientRequest:client-CFB50CAB4D08->s2@group-6E85041A3092, cid=2081, seq=0, Watch-ALL_COMMITTED(106), null
2019-09-24 12:11:24,537 DEBUG impl.UnorderedAsync (UnorderedAsync.java:lambda$sendRequestWithRetry$4(77)) - client-CFB50CAB4D08: attempt #1 receive~ RaftClientReply:client-CFB50CAB4D08->s2@group-6E85041A3092, cid=1968, SUCCESS, logIndex=0, commits[s2:c143, s0:c0, s1:c138]
2019-09-24 12:11:24,537 DEBUG impl.RaftServerImpl (RaftServerImpl.java:submitClientRequestAsync(533)) - s2@group-6E85041A3092: receive client request(RaftClientRequest:client-CFB50CAB4D08->s2@group-6E85041A3092, cid=1970, seq=0, Watch(69), Message:<EMPTY>)
2019-09-24 12:11:24,537 INFO  grpc.TestWatchRequestWithGrpc (WatchRequestTests.java:get(172)) - majorityCommitted-Watch(68) returns RaftClientReply:client-CFB50CAB4D08->s2@group-6E85041A3092, cid=1968, SUCCESS, logIndex=0, commits[s2:c143, s0:c0, s1:c138]
2019-09-24 12:11:24,537 INFO  grpc.TestWatchRequestWithGrpc (WatchRequestTests.java:lambda$sendRequests$0(99)) - SEND_WATCH: message=m78, logIndex=110
2019-09-24 12:11:24,537 INFO  grpc.TestWatchRequestWithGrpc (WatchRequestTests.java:checkMajority(230)) - checkMajority 50: receive RaftClientReply:client-CFB50CAB4D08->s2@group-6E85041A3092, cid=1720, SUCCESS, logIndex=69, commits[s2:c74, s0:c0, s1:c56]
2019-09-24 12:11:24,537 DEBUG impl.RaftServerImpl (LeaderState.java:addWatchReqeust(324)) - s2@group-6E85041A3092-LeaderState: addWatchRequest RaftClientRequest:client-CFB50CAB4D08->s2@group-6E85041A3092, cid=1970, seq=0, Watch(69), Message:<EMPTY>
2019-09-24 12:11:24,537 DEBUG impl.UnorderedAsync (UnorderedAsync.java:sendRequestWithRetry(74)) - client-CFB50CAB4D08: attempt #1 send~ RaftClientRequest:client-CFB50CAB4D08->s2@group-6E85041A3092, cid=2082, seq=0, Watch(110), null
2019-09-24 12:11:24,538 DEBUG impl.UnorderedAsync (UnorderedAsync.java:sendRequestWithRetry(74)) - client-CFB50CAB4D08: attempt #1 send~ RaftClientRequest:client-CFB50CAB4D08->s2@group-6E85041A3092, cid=2083, seq=0, Watch-ALL(110), null
2019-09-24 12:11:24,538 DEBUG impl.RaftServerImpl (RaftServerImpl.java:submitClientRequestAsync(533)) - s2@group-6E85041A3092: receive client request(RaftClientRequest:client-CFB50CAB4D08->s2@group-6E85041A3092, cid=1971, seq=0, Watch-ALL(69), Message:<EMPTY>)
2019-09-24 12:11:24,538 DEBUG impl.UnorderedAsync (UnorderedAsync.java:sendRequestWithRetry(74)) - client-CFB50CAB4D08: attempt #1 send~ RaftClientRequest:client-CFB50CAB4D08->s2@group-6E85041A3092, cid=2084, seq=0, Watch-MAJORITY_COMMITTED(110), null
2019-09-24 12:11:24,538 DEBUG impl.RaftServerImpl (LeaderState.java:addWatchReqeust(324)) - s2@group-6E85041A3092-LeaderState: addWatchRequest RaftClientRequest:client-CFB50CAB4D08->s2@group-6E85041A3092, cid=1971, seq=0, Watch-ALL(69), Message:<EMPTY>
2019-09-24 12:11:24,538 DEBUG impl.UnorderedAsync (UnorderedAsync.java:sendRequestWithRetry(74)) - client-CFB50CAB4D08: attempt #1 send~ RaftClientRequest:client-CFB50CAB4D08->s2@group-6E85041A3092, cid=2085, seq=0, Watch-ALL_COMMITTED(110), null
2019-09-24 12:11:24,538 DEBUG impl.UnorderedAsync (UnorderedAsync.java:lambda$sendRequestWithRetry$4(77)) - client-CFB50CAB4D08: attempt #1 receive~ RaftClientReply:client-CFB50CAB4D08->s2@group-6E85041A3092, cid=1970, SUCCESS, logIndex=0, commits[s2:c143, s0:c0, s1:c138]
2019-09-24 12:11:24,538 DEBUG impl.RaftServerImpl (RaftServerImpl.java:submitClientRequestAsync(533)) - s2@group-6E85041A3092: receive client request(RaftClientRequest:client-CFB50CAB4D08->s2@group-6E85041A3092, cid=1972, seq=0, Watch-MAJORITY_COMMITTED(69), Message:<EMPTY>)
2019-09-24 12:11:24,538 INFO  grpc.TestWatchRequestWithGrpc (WatchRequestTests.java:lambda$sendRequests$0(99)) - SEND_WATCH: message=m79, logIndex=111
2019-09-24 12:11:24,538 INFO  grpc.TestWatchRequestWithGrpc (WatchRequestTests.java:get(172)) - majority-Watch(69) returns RaftClientReply:client-CFB50CAB4D08->s2@group-6E85041A3092, cid=1970, SUCCESS, logIndex=0, commits[s2:c143, s0:c0, s1:c138]
2019-09-24 12:11:24,538 DEBUG impl.UnorderedAsync (UnorderedAsync.java:sendRequestWithRetry(74)) - client-CFB50CAB4D08: attempt #1 send~ RaftClientRequest:client-CFB50CAB4D08->s2@group-6E85041A3092, cid=2086, seq=0, Watch(111), null
2019-09-24 12:11:24,538 DEBUG impl.RaftServerImpl (LeaderState.java:addWatchReqeust(324)) - s2@group-6E85041A3092-LeaderState: addWatchRequest RaftClientRequest:client-CFB50CAB4D08->s2@group-6E85041A3092, cid=1972, seq=0, Watch-MAJORITY_COMMITTED(69), Message:<EMPTY>
2019-09-24 12:11:24,539 DEBUG impl.UnorderedAsync (UnorderedAsync.java:sendRequestWithRetry(74)) - client-CFB50CAB4D08: attempt #1 send~ RaftClientRequest:client-CFB50CAB4D08->s2@group-6E85041A3092, cid=2087, seq=0, Watch-ALL(111), null
2019-09-24 12:11:24,539 DEBUG impl.UnorderedAsync (UnorderedAsync.java:sendRequestWithRetry(74)) - client-CFB50CAB4D08: attempt #1 send~ RaftClientRequest:client-CFB50CAB4D08->s2@group-6E85041A3092, cid=2088, seq=0, Watch-MAJORITY_COMMITTED(111), null
2019-09-24 12:11:24,539 DEBUG impl.RaftServerImpl (RaftServerImpl.java:submitClientRequestAsync(533)) - s2@group-6E85041A3092: receive client request(RaftClientRequest:client-CFB50CAB4D08->s2@group-6E85041A3092, cid=1973, seq=0, Watch-ALL_COMMITTED(69), Message:<EMPTY>)
2019-09-24 12:11:24,539 DEBUG impl.UnorderedAsync (UnorderedAsync.java:sendRequestWithRetry(74)) - client-CFB50CAB4D08: attempt #1 send~ RaftClientRequest:client-CFB50CAB4D08->s2@group-6E85041A3092, cid=2089, seq=0, Watch-ALL_COMMITTED(111), null
2019-09-24 12:11:24,539 DEBUG impl.RaftServerImpl (LeaderState.java:addWatchReqeust(324)) - s2@group-6E85041A3092-LeaderState: addWatchRequest RaftClientRequest:client-CFB50CAB4D08->s2@group-6E85041A3092, cid=1973, seq=0, Watch-ALL_COMMITTED(69), Message:<EMPTY>
2019-09-24 12:11:24,539 DEBUG impl.UnorderedAsync (UnorderedAsync.java:lambda$sendRequestWithRetry$4(77)) - client-CFB50CAB4D08: attempt #1 receive~ RaftClientReply:client-CFB50CAB4D08->s2@group-6E85041A3092, cid=1972, SUCCESS, logIndex=0, commits[s2:c143, s0:c0, s1:c138]
2019-09-24 12:11:24,539 DEBUG impl.RaftServerImpl (RaftServerImpl.java:submitClientRequestAsync(533)) - s2@group-6E85041A3092: receive client request(RaftClientRequest:client-CFB50CAB4D08->s2@group-6E85041A3092, cid=1974, seq=0, Watch(70), Message:<EMPTY>)
2019-09-24 12:11:24,539 INFO  grpc.TestWatchRequestWithGrpc (WatchRequestTests.java:lambda$sendRequests$0(99)) - SEND_WATCH: message=m80, logIndex=112
2019-09-24 12:11:24,540 DEBUG impl.RaftServerImpl (LeaderState.java:addWatchReqeust(324)) - s2@group-6E85041A3092-LeaderState: addWatchRequest RaftClientRequest:client-CFB50CAB4D08->s2@group-6E85041A3092, cid=1974, seq=0, Watch(70), Message:<EMPTY>
2019-09-24 12:11:24,539 INFO  grpc.TestWatchRequestWithGrpc (WatchRequestTests.java:get(172)) - majorityCommitted-Watch(69) returns RaftClientReply:client-CFB50CAB4D08->s2@group-6E85041A3092, cid=1972, SUCCESS, logIndex=0, commits[s2:c143, s0:c0, s1:c138]
2019-09-24 12:11:24,540 DEBUG impl.RaftServerImpl (RaftServerImpl.java:submitClientRequestAsync(533)) - s2@group-6E85041A3092: receive client request(RaftClientRequest:client-CFB50CAB4D08->s2@group-6E85041A3092, cid=1975, seq=0, Watch-ALL(70), Message:<EMPTY>)
2019-09-24 12:11:24,540 DEBUG impl.UnorderedAsync (UnorderedAsync.java:sendRequestWithRetry(74)) - client-CFB50CAB4D08: attempt #1 send~ RaftClientRequest:client-CFB50CAB4D08->s2@group-6E85041A3092, cid=2090, seq=0, Watch(112), null
2019-09-24 12:11:24,540 DEBUG impl.RaftServerImpl (LeaderState.java:addWatchReqeust(324)) - s2@group-6E85041A3092-LeaderState: addWatchRequest RaftClientRequest:client-CFB50CAB4D08->s2@group-6E85041A3092, cid=1975, seq=0, Watch-ALL(70), Message:<EMPTY>
2019-09-24 12:11:24,540 INFO  grpc.TestWatchRequestWithGrpc (WatchRequestTests.java:checkMajority(230)) - checkMajority 51: receive RaftClientReply:client-CFB50CAB4D08->s2@group-6E85041A3092, cid=1721, SUCCESS, logIndex=70, commits[s2:c74, s0:c0, s1:c56]
2019-09-24 12:11:24,540 DEBUG impl.UnorderedAsync (UnorderedAsync.java:sendRequestWithRetry(74)) - client-CFB50CAB4D08: attempt #1 send~ RaftClientRequest:client-CFB50CAB4D08->s2@group-6E85041A3092, cid=2091, seq=0, Watch-ALL(112), null
2019-09-24 12:11:24,540 DEBUG impl.RaftServerImpl (RaftServerImpl.java:submitClientRequestAsync(533)) - s2@group-6E85041A3092: receive client request(RaftClientRequest:client-CFB50CAB4D08->s2@group-6E85041A3092, cid=1976, seq=0, Watch-MAJORITY_COMMITTED(70), Message:<EMPTY>)
2019-09-24 12:11:24,541 DEBUG impl.UnorderedAsync (UnorderedAsync.java:sendRequestWithRetry(74)) - client-CFB50CAB4D08: attempt #1 send~ RaftClientRequest:client-CFB50CAB4D08->s2@group-6E85041A3092, cid=2092, seq=0, Watch-MAJORITY_COMMITTED(112), null
2019-09-24 12:11:24,541 DEBUG impl.UnorderedAsync (UnorderedAsync.java:lambda$sendRequestWithRetry$4(77)) - client-CFB50CAB4D08: attempt #1 receive~ RaftClientReply:client-CFB50CAB4D08->s2@group-6E85041A3092, cid=1974, SUCCESS, logIndex=0, commits[s2:c143, s0:c0, s1:c138]
2019-09-24 12:11:24,541 DEBUG impl.UnorderedAsync (UnorderedAsync.java:sendRequestWithRetry(74)) - client-CFB50CAB4D08: attempt #1 send~ RaftClientRequest:client-CFB50CAB4D08->s2@group-6E85041A3092, cid=2093, seq=0, Watch-ALL_COMMITTED(112), null
2019-09-24 12:11:24,541 DEBUG impl.RaftServerImpl (LeaderState.java:addWatchReqeust(324)) - s2@group-6E85041A3092-LeaderState: addWatchRequest RaftClientRequest:client-CFB50CAB4D08->s2@group-6E85041A3092, cid=1976, seq=0, Watch-MAJORITY_COMMITTED(70), Message:<EMPTY>
2019-09-24 12:11:24,541 INFO  grpc.TestWatchRequestWithGrpc (WatchRequestTests.java:lambda$sendRequests$0(99)) - SEND_WATCH: message=m81, logIndex=114
2019-09-24 12:11:24,541 INFO  grpc.TestWatchRequestWithGrpc (WatchRequestTests.java:get(172)) - majority-Watch(70) returns RaftClientReply:client-CFB50CAB4D08->s2@group-6E85041A3092, cid=1974, SUCCESS, logIndex=0, commits[s2:c143, s0:c0, s1:c138]
2019-09-24 12:11:24,541 DEBUG impl.RaftServerImpl (RaftServerImpl.java:submitClientRequestAsync(533)) - s2@group-6E85041A3092: receive client request(RaftClientRequest:client-CFB50CAB4D08->s2@group-6E85041A3092, cid=1977, seq=0, Watch-ALL_COMMITTED(70), Message:<EMPTY>)
2019-09-24 12:11:24,541 DEBUG impl.UnorderedAsync (UnorderedAsync.java:sendRequestWithRetry(74)) - client-CFB50CAB4D08: attempt #1 send~ RaftClientRequest:client-CFB50CAB4D08->s2@group-6E85041A3092, cid=2094, seq=0, Watch(114), null
2019-09-24 12:11:24,541 DEBUG impl.RaftServerImpl (LeaderState.java:addWatchReqeust(324)) - s2@group-6E85041A3092-LeaderState: addWatchRequest RaftClientRequest:client-CFB50CAB4D08->s2@group-6E85041A3092, cid=1977, seq=0, Watch-ALL_COMMITTED(70), Message:<EMPTY>
2019-09-24 12:11:24,542 DEBUG impl.UnorderedAsync (UnorderedAsync.java:lambda$sendRequestWithRetry$4(77)) - client-CFB50CAB4D08: attempt #1 receive~ RaftClientReply:client-CFB50CAB4D08->s2@group-6E85041A3092, cid=1976, SUCCESS, logIndex=0, commits[s2:c143, s0:c0, s1:c138]
2019-09-24 12:11:24,542 DEBUG impl.UnorderedAsync (UnorderedAsync.java:sendRequestWithRetry(74)) - client-CFB50CAB4D08: attempt #1 send~ RaftClientRequest:client-CFB50CAB4D08->s2@group-6E85041A3092, cid=2095, seq=0, Watch-ALL(114), null
2019-09-24 12:11:24,542 INFO  grpc.TestWatchRequestWithGrpc (WatchRequestTests.java:get(172)) - majorityCommitted-Watch(70) returns RaftClientReply:client-CFB50CAB4D08->s2@group-6E85041A3092, cid=1976, SUCCESS, logIndex=0, commits[s2:c143, s0:c0, s1:c138]
2019-09-24 12:11:24,542 DEBUG impl.RaftServerImpl (RaftServerImpl.java:submitClientRequestAsync(533)) - s2@group-6E85041A3092: receive client request(RaftClientRequest:client-CFB50CAB4D08->s2@group-6E85041A3092, cid=1978, seq=0, Watch(71), Message:<EMPTY>)
2019-09-24 12:11:24,542 DEBUG impl.RaftServerImpl (LeaderState.java:addWatchReqeust(324)) - s2@group-6E85041A3092-LeaderState: addWatchRequest RaftClientRequest:client-CFB50CAB4D08->s2@group-6E85041A3092, cid=1978, seq=0, Watch(71), Message:<EMPTY>
2019-09-24 12:11:24,542 INFO  grpc.TestWatchRequestWithGrpc (WatchRequestTests.java:checkMajority(230)) - checkMajority 52: receive RaftClientReply:client-CFB50CAB4D08->s2@group-6E85041A3092, cid=1722, SUCCESS, logIndex=71, commits[s2:c74, s0:c0, s1:c56]
2019-09-24 12:11:24,542 DEBUG impl.UnorderedAsync (UnorderedAsync.java:sendRequestWithRetry(74)) - client-CFB50CAB4D08: attempt #1 send~ RaftClientRequest:client-CFB50CAB4D08->s2@group-6E85041A3092, cid=2096, seq=0, Watch-MAJORITY_COMMITTED(114), null
2019-09-24 12:11:24,542 DEBUG impl.RaftServerImpl (RaftServerImpl.java:submitClientRequestAsync(533)) - s2@group-6E85041A3092: receive client request(RaftClientRequest:client-CFB50CAB4D08->s2@group-6E85041A3092, cid=1979, seq=0, Watch-ALL(71), Message:<EMPTY>)
2019-09-24 12:11:24,542 DEBUG impl.UnorderedAsync (UnorderedAsync.java:sendRequestWithRetry(74)) - client-CFB50CAB4D08: attempt #1 send~ RaftClientRequest:client-CFB50CAB4D08->s2@group-6E85041A3092, cid=2097, seq=0, Watch-ALL_COMMITTED(114), null
2019-09-24 12:11:24,542 DEBUG impl.RaftServerImpl (LeaderState.java:addWatchReqeust(324)) - s2@group-6E85041A3092-LeaderState: addWatchRequest RaftClientRequest:client-CFB50CAB4D08->s2@group-6E85041A3092, cid=1979, seq=0, Watch-ALL(71), Message:<EMPTY>
2019-09-24 12:11:24,543 INFO  grpc.TestWatchRequestWithGrpc (WatchRequestTests.java:lambda$sendRequests$0(99)) - SEND_WATCH: message=m82, logIndex=115
2019-09-24 12:11:24,543 DEBUG impl.RaftServerImpl (RaftServerImpl.java:submitClientRequestAsync(533)) - s2@group-6E85041A3092: receive client request(RaftClientRequest:client-CFB50CAB4D08->s2@group-6E85041A3092, cid=1980, seq=0, Watch-MAJORITY_COMMITTED(71), Message:<EMPTY>)
2019-09-24 12:11:24,543 DEBUG impl.UnorderedAsync (UnorderedAsync.java:lambda$sendRequestWithRetry$4(77)) - client-CFB50CAB4D08: attempt #1 receive~ RaftClientReply:client-CFB50CAB4D08->s2@group-6E85041A3092, cid=1978, SUCCESS, logIndex=0, commits[s2:c143, s0:c0, s1:c138]
2019-09-24 12:11:24,543 DEBUG impl.UnorderedAsync (UnorderedAsync.java:sendRequestWithRetry(74)) - client-CFB50CAB4D08: attempt #1 send~ RaftClientRequest:client-CFB50CAB4D08->s2@group-6E85041A3092, cid=2098, seq=0, Watch(115), null
2019-09-24 12:11:24,543 INFO  grpc.TestWatchRequestWithGrpc (WatchRequestTests.java:get(172)) - majority-Watch(71) returns RaftClientReply:client-CFB50CAB4D08->s2@group-6E85041A3092, cid=1978, SUCCESS, logIndex=0, commits[s2:c143, s0:c0, s1:c138]
2019-09-24 12:11:24,543 DEBUG impl.RaftServerImpl (LeaderState.java:addWatchReqeust(324)) - s2@group-6E85041A3092-LeaderState: addWatchRequest RaftClientRequest:client-CFB50CAB4D08->s2@group-6E85041A3092, cid=1980, seq=0, Watch-MAJORITY_COMMITTED(71), Message:<EMPTY>
2019-09-24 12:11:24,543 DEBUG impl.UnorderedAsync (UnorderedAsync.java:sendRequestWithRetry(74)) - client-CFB50CAB4D08: attempt #1 send~ RaftClientRequest:client-CFB50CAB4D08->s2@group-6E85041A3092, cid=2099, seq=0, Watch-ALL(115), null
2019-09-24 12:11:24,543 DEBUG impl.RaftServerImpl (RaftServerImpl.java:submitClientRequestAsync(533)) - s2@group-6E85041A3092: receive client request(RaftClientRequest:client-CFB50CAB4D08->s2@group-6E85041A3092, cid=1981, seq=0, Watch-ALL_COMMITTED(71), Message:<EMPTY>)
2019-09-24 12:11:24,544 DEBUG impl.UnorderedAsync (UnorderedAsync.java:sendRequestWithRetry(74)) - client-CFB50CAB4D08: attempt #1 send~ RaftClientRequest:client-CFB50CAB4D08->s2@group-6E85041A3092, cid=2100, seq=0, Watch-MAJORITY_COMMITTED(115), null
2019-09-24 12:11:24,544 DEBUG impl.RaftServerImpl (LeaderState.java:addWatchReqeust(324)) - s2@group-6E85041A3092-LeaderState: addWatchRequest RaftClientRequest:client-CFB50CAB4D08->s2@group-6E85041A3092, cid=1981, seq=0, Watch-ALL_COMMITTED(71), Message:<EMPTY>
2019-09-24 12:11:24,544 DEBUG impl.UnorderedAsync (UnorderedAsync.java:sendRequestWithRetry(74)) - client-CFB50CAB4D08: attempt #1 send~ RaftClientRequest:client-CFB50CAB4D08->s2@group-6E85041A3092, cid=2101, seq=0, Watch-ALL_COMMITTED(115), null
2019-09-24 12:11:24,544 DEBUG impl.RaftServerImpl (RaftServerImpl.java:submitClientRequestAsync(533)) - s2@group-6E85041A3092: receive client request(RaftClientRequest:client-CFB50CAB4D08->s2@group-6E85041A3092, cid=1982, seq=0, Watch(72), Message:<EMPTY>)
2019-09-24 12:11:24,544 INFO  grpc.TestWatchRequestWithGrpc (WatchRequestTests.java:lambda$sendRequests$0(99)) - SEND_WATCH: message=m83, logIndex=116
2019-09-24 12:11:24,544 DEBUG impl.UnorderedAsync (UnorderedAsync.java:lambda$sendRequestWithRetry$4(77)) - client-CFB50CAB4D08: attempt #1 receive~ RaftClientReply:client-CFB50CAB4D08->s2@group-6E85041A3092, cid=1980, SUCCESS, logIndex=0, commits[s2:c143, s0:c0, s1:c138]
2019-09-24 12:11:24,544 DEBUG impl.UnorderedAsync (UnorderedAsync.java:sendRequestWithRetry(74)) - client-CFB50CAB4D08: attempt #1 send~ RaftClientRequest:client-CFB50CAB4D08->s2@group-6E85041A3092, cid=2102, seq=0, Watch(116), null
2019-09-24 12:11:24,544 DEBUG impl.RaftServerImpl (LeaderState.java:addWatchReqeust(324)) - s2@group-6E85041A3092-LeaderState: addWatchRequest RaftClientRequest:client-CFB50CAB4D08->s2@group-6E85041A3092, cid=1982, seq=0, Watch(72), Message:<EMPTY>
2019-09-24 12:11:24,544 DEBUG impl.UnorderedAsync (UnorderedAsync.java:sendRequestWithRetry(74)) - client-CFB50CAB4D08: attempt #1 send~ RaftClientRequest:client-CFB50CAB4D08->s2@group-6E85041A3092, cid=2103, seq=0, Watch-ALL(116), null
2019-09-24 12:11:24,544 INFO  grpc.TestWatchRequestWithGrpc (WatchRequestTests.java:get(172)) - majorityCommitted-Watch(71) returns RaftClientReply:client-CFB50CAB4D08->s2@group-6E85041A3092, cid=1980, SUCCESS, logIndex=0, commits[s2:c143, s0:c0, s1:c138]
2019-09-24 12:11:24,545 DEBUG impl.UnorderedAsync (UnorderedAsync.java:sendRequestWithRetry(74)) - client-CFB50CAB4D08: attempt #1 send~ RaftClientRequest:client-CFB50CAB4D08->s2@group-6E85041A3092, cid=2104, seq=0, Watch-MAJORITY_COMMITTED(116), null
2019-09-24 12:11:24,545 DEBUG impl.RaftServerImpl (RaftServerImpl.java:submitClientRequestAsync(533)) - s2@group-6E85041A3092: receive client request(RaftClientRequest:client-CFB50CAB4D08->s2@group-6E85041A3092, cid=1983, seq=0, Watch-ALL(72), Message:<EMPTY>)
2019-09-24 12:11:24,545 DEBUG impl.UnorderedAsync (UnorderedAsync.java:sendRequestWithRetry(74)) - client-CFB50CAB4D08: attempt #1 send~ RaftClientRequest:client-CFB50CAB4D08->s2@group-6E85041A3092, cid=2105, seq=0, Watch-ALL_COMMITTED(116), null
2019-09-24 12:11:24,545 INFO  grpc.TestWatchRequestWithGrpc (WatchRequestTests.java:checkMajority(230)) - checkMajority 53: receive RaftClientReply:client-CFB50CAB4D08->s2@group-6E85041A3092, cid=1723, SUCCESS, logIndex=72, commits[s2:c75, s0:c0, s1:c56]
2019-09-24 12:11:24,545 INFO  grpc.TestWatchRequestWithGrpc (WatchRequestTests.java:lambda$sendRequests$0(99)) - SEND_WATCH: message=m84, logIndex=117
2019-09-24 12:11:24,545 DEBUG impl.UnorderedAsync (UnorderedAsync.java:lambda$sendRequestWithRetry$4(77)) - client-CFB50CAB4D08: attempt #1 receive~ RaftClientReply:client-CFB50CAB4D08->s2@group-6E85041A3092, cid=1982, SUCCESS, logIndex=0, commits[s2:c143, s0:c0, s1:c138]
2019-09-24 12:11:24,545 DEBUG impl.RaftServerImpl (LeaderState.java:addWatchReqeust(324)) - s2@group-6E85041A3092-LeaderState: addWatchRequest RaftClientRequest:client-CFB50CAB4D08->s2@group-6E85041A3092, cid=1983, seq=0, Watch-ALL(72), Message:<EMPTY>
2019-09-24 12:11:24,546 INFO  grpc.TestWatchRequestWithGrpc (WatchRequestTests.java:get(172)) - majority-Watch(72) returns RaftClientReply:client-CFB50CAB4D08->s2@group-6E85041A3092, cid=1982, SUCCESS, logIndex=0, commits[s2:c143, s0:c0, s1:c138]
2019-09-24 12:11:24,545 DEBUG impl.UnorderedAsync (UnorderedAsync.java:sendRequestWithRetry(74)) - client-CFB50CAB4D08: attempt #1 send~ RaftClientRequest:client-CFB50CAB4D08->s2@group-6E85041A3092, cid=2106, seq=0, Watch(117), null
2019-09-24 12:11:24,546 DEBUG impl.RaftServerImpl (RaftServerImpl.java:submitClientRequestAsync(533)) - s2@group-6E85041A3092: receive client request(RaftClientRequest:client-CFB50CAB4D08->s2@group-6E85041A3092, cid=1984, seq=0, Watch-MAJORITY_COMMITTED(72), Message:<EMPTY>)
2019-09-24 12:11:24,546 DEBUG impl.UnorderedAsync (UnorderedAsync.java:sendRequestWithRetry(74)) - client-CFB50CAB4D08: attempt #1 send~ RaftClientRequest:client-CFB50CAB4D08->s2@group-6E85041A3092, cid=2107, seq=0, Watch-ALL(117), null
2019-09-24 12:11:24,546 DEBUG impl.RaftServerImpl (LeaderState.java:addWatchReqeust(324)) - s2@group-6E85041A3092-LeaderState: addWatchRequest RaftClientRequest:client-CFB50CAB4D08->s2@group-6E85041A3092, cid=1984, seq=0, Watch-MAJORITY_COMMITTED(72), Message:<EMPTY>
2019-09-24 12:11:24,546 DEBUG impl.UnorderedAsync (UnorderedAsync.java:sendRequestWithRetry(74)) - client-CFB50CAB4D08: attempt #1 send~ RaftClientRequest:client-CFB50CAB4D08->s2@group-6E85041A3092, cid=2108, seq=0, Watch-MAJORITY_COMMITTED(117), null
2019-09-24 12:11:24,546 DEBUG impl.RaftServerImpl (RaftServerImpl.java:submitClientRequestAsync(533)) - s2@group-6E85041A3092: receive client request(RaftClientRequest:client-CFB50CAB4D08->s2@group-6E85041A3092, cid=1985, seq=0, Watch-ALL_COMMITTED(72), Message:<EMPTY>)
2019-09-24 12:11:24,546 DEBUG impl.UnorderedAsync (UnorderedAsync.java:sendRequestWithRetry(74)) - client-CFB50CAB4D08: attempt #1 send~ RaftClientRequest:client-CFB50CAB4D08->s2@group-6E85041A3092, cid=2109, seq=0, Watch-ALL_COMMITTED(117), null
2019-09-24 12:11:24,546 DEBUG impl.RaftServerImpl (LeaderState.java:addWatchReqeust(324)) - s2@group-6E85041A3092-LeaderState: addWatchRequest RaftClientRequest:client-CFB50CAB4D08->s2@group-6E85041A3092, cid=1985, seq=0, Watch-ALL_COMMITTED(72), Message:<EMPTY>
2019-09-24 12:11:24,547 INFO  grpc.TestWatchRequestWithGrpc (WatchRequestTests.java:lambda$sendRequests$0(99)) - SEND_WATCH: message=m85, logIndex=118
2019-09-24 12:11:24,547 DEBUG impl.UnorderedAsync (UnorderedAsync.java:lambda$sendRequestWithRetry$4(77)) - client-CFB50CAB4D08: attempt #1 receive~ RaftClientReply:client-CFB50CAB4D08->s2@group-6E85041A3092, cid=1984, SUCCESS, logIndex=0, commits[s2:c143, s0:c0, s1:c138]
2019-09-24 12:11:24,547 DEBUG impl.RaftServerImpl (RaftServerImpl.java:submitClientRequestAsync(533)) - s2@group-6E85041A3092: receive client request(RaftClientRequest:client-CFB50CAB4D08->s2@group-6E85041A3092, cid=1986, seq=0, Watch(73), Message:<EMPTY>)
2019-09-24 12:11:24,547 INFO  grpc.TestWatchRequestWithGrpc (WatchRequestTests.java:get(172)) - majorityCommitted-Watch(72) returns RaftClientReply:client-CFB50CAB4D08->s2@group-6E85041A3092, cid=1984, SUCCESS, logIndex=0, commits[s2:c143, s0:c0, s1:c138]
2019-09-24 12:11:24,547 DEBUG impl.UnorderedAsync (UnorderedAsync.java:sendRequestWithRetry(74)) - client-CFB50CAB4D08: attempt #1 send~ RaftClientRequest:client-CFB50CAB4D08->s2@group-6E85041A3092, cid=2110, seq=0, Watch(118), null
2019-09-24 12:11:24,547 INFO  grpc.TestWatchRequestWithGrpc (WatchRequestTests.java:checkMajority(230)) - checkMajority 54: receive RaftClientReply:client-CFB50CAB4D08->s2@group-6E85041A3092, cid=1724, SUCCESS, logIndex=73, commits[s2:c75, s0:c0, s1:c56]
2019-09-24 12:11:24,547 DEBUG impl.RaftServerImpl (LeaderState.java:addWatchReqeust(324)) - s2@group-6E85041A3092-LeaderState: addWatchRequest RaftClientRequest:client-CFB50CAB4D08->s2@group-6E85041A3092, cid=1986, seq=0, Watch(73), Message:<EMPTY>
2019-09-24 12:11:24,547 DEBUG impl.UnorderedAsync (UnorderedAsync.java:sendRequestWithRetry(74)) - client-CFB50CAB4D08: attempt #1 send~ RaftClientRequest:client-CFB50CAB4D08->s2@group-6E85041A3092, cid=2111, seq=0, Watch-ALL(118), null
2019-09-24 12:11:24,548 DEBUG impl.RaftServerImpl (RaftServerImpl.java:submitClientRequestAsync(533)) - s2@group-6E85041A3092: receive client request(RaftClientRequest:client-CFB50CAB4D08->s2@group-6E85041A3092, cid=1987, seq=0, Watch-ALL(73), Message:<EMPTY>)
2019-09-24 12:11:24,548 DEBUG impl.UnorderedAsync (UnorderedAsync.java:sendRequestWithRetry(74)) - client-CFB50CAB4D08: attempt #1 send~ RaftClientRequest:client-CFB50CAB4D08->s2@group-6E85041A3092, cid=2112, seq=0, Watch-MAJORITY_COMMITTED(118), null
2019-09-24 12:11:24,548 DEBUG impl.RaftServerImpl (LeaderState.java:addWatchReqeust(324)) - s2@group-6E85041A3092-LeaderState: addWatchRequest RaftClientRequest:client-CFB50CAB4D08->s2@group-6E85041A3092, cid=1987, seq=0, Watch-ALL(73), Message:<EMPTY>
2019-09-24 12:11:24,548 DEBUG impl.UnorderedAsync (UnorderedAsync.java:sendRequestWithRetry(74)) - client-CFB50CAB4D08: attempt #1 send~ RaftClientRequest:client-CFB50CAB4D08->s2@group-6E85041A3092, cid=2113, seq=0, Watch-ALL_COMMITTED(118), null
2019-09-24 12:11:24,548 DEBUG impl.UnorderedAsync (UnorderedAsync.java:lambda$sendRequestWithRetry$4(77)) - client-CFB50CAB4D08: attempt #1 receive~ RaftClientReply:client-CFB50CAB4D08->s2@group-6E85041A3092, cid=1986, SUCCESS, logIndex=0, commits[s2:c143, s0:c0, s1:c138]
2019-09-24 12:11:24,548 DEBUG impl.RaftServerImpl (RaftServerImpl.java:submitClientRequestAsync(533)) - s2@group-6E85041A3092: receive client request(RaftClientRequest:client-CFB50CAB4D08->s2@group-6E85041A3092, cid=1988, seq=0, Watch-MAJORITY_COMMITTED(73), Message:<EMPTY>)
2019-09-24 12:11:24,548 INFO  grpc.TestWatchRequestWithGrpc (WatchRequestTests.java:lambda$sendRequests$0(99)) - SEND_WATCH: message=m86, logIndex=119
2019-09-24 12:11:24,548 INFO  grpc.TestWatchRequestWithGrpc (WatchRequestTests.java:get(172)) - majority-Watch(73) returns RaftClientReply:client-CFB50CAB4D08->s2@group-6E85041A3092, cid=1986, SUCCESS, logIndex=0, commits[s2:c143, s0:c0, s1:c138]
2019-09-24 12:11:24,548 DEBUG impl.UnorderedAsync (UnorderedAsync.java:sendRequestWithRetry(74)) - client-CFB50CAB4D08: attempt #1 send~ RaftClientRequest:client-CFB50CAB4D08->s2@group-6E85041A3092, cid=2114, seq=0, Watch(119), null
2019-09-24 12:11:24,548 DEBUG impl.RaftServerImpl (LeaderState.java:addWatchReqeust(324)) - s2@group-6E85041A3092-LeaderState: addWatchRequest RaftClientRequest:client-CFB50CAB4D08->s2@group-6E85041A3092, cid=1988, seq=0, Watch-MAJORITY_COMMITTED(73), Message:<EMPTY>
2019-09-24 12:11:24,549 DEBUG impl.UnorderedAsync (UnorderedAsync.java:sendRequestWithRetry(74)) - client-CFB50CAB4D08: attempt #1 send~ RaftClientRequest:client-CFB50CAB4D08->s2@group-6E85041A3092, cid=2115, seq=0, Watch-ALL(119), null
2019-09-24 12:11:24,549 DEBUG impl.RaftServerImpl (RaftServerImpl.java:submitClientRequestAsync(533)) - s2@group-6E85041A3092: receive client request(RaftClientRequest:client-CFB50CAB4D08->s2@group-6E85041A3092, cid=1989, seq=0, Watch-ALL_COMMITTED(73), Message:<EMPTY>)
2019-09-24 12:11:24,549 DEBUG impl.UnorderedAsync (UnorderedAsync.java:sendRequestWithRetry(74)) - client-CFB50CAB4D08: attempt #1 send~ RaftClientRequest:client-CFB50CAB4D08->s2@group-6E85041A3092, cid=2116, seq=0, Watch-MAJORITY_COMMITTED(119), null
2019-09-24 12:11:24,549 DEBUG impl.RaftServerImpl (LeaderState.java:addWatchReqeust(324)) - s2@group-6E85041A3092-LeaderState: addWatchRequest RaftClientRequest:client-CFB50CAB4D08->s2@group-6E85041A3092, cid=1989, seq=0, Watch-ALL_COMMITTED(73), Message:<EMPTY>
2019-09-24 12:11:24,549 DEBUG impl.UnorderedAsync (UnorderedAsync.java:sendRequestWithRetry(74)) - client-CFB50CAB4D08: attempt #1 send~ RaftClientRequest:client-CFB50CAB4D08->s2@group-6E85041A3092, cid=2117, seq=0, Watch-ALL_COMMITTED(119), null
2019-09-24 12:11:24,549 DEBUG impl.RaftServerImpl (RaftServerImpl.java:submitClientRequestAsync(533)) - s2@group-6E85041A3092: receive client request(RaftClientRequest:client-CFB50CAB4D08->s2@group-6E85041A3092, cid=1990, seq=0, Watch(74), Message:<EMPTY>)
2019-09-24 12:11:24,549 INFO  grpc.TestWatchRequestWithGrpc (WatchRequestTests.java:lambda$sendRequests$0(99)) - SEND_WATCH: message=m87, logIndex=124
2019-09-24 12:11:24,549 DEBUG impl.UnorderedAsync (UnorderedAsync.java:lambda$sendRequestWithRetry$4(77)) - client-CFB50CAB4D08: attempt #1 receive~ RaftClientReply:client-CFB50CAB4D08->s2@group-6E85041A3092, cid=1988, SUCCESS, logIndex=0, commits[s2:c143, s0:c0, s1:c138]
2019-09-24 12:11:24,550 DEBUG impl.UnorderedAsync (UnorderedAsync.java:sendRequestWithRetry(74)) - client-CFB50CAB4D08: attempt #1 send~ RaftClientRequest:client-CFB50CAB4D08->s2@group-6E85041A3092, cid=2118, seq=0, Watch(124), null
2019-09-24 12:11:24,549 DEBUG impl.RaftServerImpl (LeaderState.java:addWatchReqeust(324)) - s2@group-6E85041A3092-LeaderState: addWatchRequest RaftClientRequest:client-CFB50CAB4D08->s2@group-6E85041A3092, cid=1990, seq=0, Watch(74), Message:<EMPTY>
2019-09-24 12:11:24,550 DEBUG impl.UnorderedAsync (UnorderedAsync.java:sendRequestWithRetry(74)) - client-CFB50CAB4D08: attempt #1 send~ RaftClientRequest:client-CFB50CAB4D08->s2@group-6E85041A3092, cid=2119, seq=0, Watch-ALL(124), null
2019-09-24 12:11:24,550 INFO  grpc.TestWatchRequestWithGrpc (WatchRequestTests.java:get(172)) - majorityCommitted-Watch(73) returns RaftClientReply:client-CFB50CAB4D08->s2@group-6E85041A3092, cid=1988, SUCCESS, logIndex=0, commits[s2:c143, s0:c0, s1:c138]
2019-09-24 12:11:24,550 DEBUG impl.UnorderedAsync (UnorderedAsync.java:sendRequestWithRetry(74)) - client-CFB50CAB4D08: attempt #1 send~ RaftClientRequest:client-CFB50CAB4D08->s2@group-6E85041A3092, cid=2120, seq=0, Watch-MAJORITY_COMMITTED(124), null
2019-09-24 12:11:24,550 DEBUG impl.RaftServerImpl (RaftServerImpl.java:submitClientRequestAsync(533)) - s2@group-6E85041A3092: receive client request(RaftClientRequest:client-CFB50CAB4D08->s2@group-6E85041A3092, cid=1991, seq=0, Watch-ALL(74), Message:<EMPTY>)
2019-09-24 12:11:24,550 DEBUG impl.UnorderedAsync (UnorderedAsync.java:lambda$sendRequestWithRetry$4(77)) - client-CFB50CAB4D08: attempt #1 receive~ RaftClientReply:client-CFB50CAB4D08->s2@group-6E85041A3092, cid=1990, SUCCESS, logIndex=0, commits[s2:c143, s0:c0, s1:c138]
2019-09-24 12:11:24,550 DEBUG impl.UnorderedAsync (UnorderedAsync.java:sendRequestWithRetry(74)) - client-CFB50CAB4D08: attempt #1 send~ RaftClientRequest:client-CFB50CAB4D08->s2@group-6E85041A3092, cid=2121, seq=0, Watch-ALL_COMMITTED(124), null
2019-09-24 12:11:24,550 INFO  grpc.TestWatchRequestWithGrpc (WatchRequestTests.java:checkMajority(230)) - checkMajority 55: receive RaftClientReply:client-CFB50CAB4D08->s2@group-6E85041A3092, cid=1725, SUCCESS, logIndex=74, commits[s2:c75, s0:c0, s1:c56]
2019-09-24 12:11:24,551 INFO  grpc.TestWatchRequestWithGrpc (WatchRequestTests.java:lambda$sendRequests$0(99)) - SEND_WATCH: message=m88, logIndex=125
2019-09-24 12:11:24,551 INFO  grpc.TestWatchRequestWithGrpc (WatchRequestTests.java:get(172)) - majority-Watch(74) returns RaftClientReply:client-CFB50CAB4D08->s2@group-6E85041A3092, cid=1990, SUCCESS, logIndex=0, commits[s2:c143, s0:c0, s1:c138]
2019-09-24 12:11:24,550 DEBUG impl.RaftServerImpl (LeaderState.java:addWatchReqeust(324)) - s2@group-6E85041A3092-LeaderState: addWatchRequest RaftClientRequest:client-CFB50CAB4D08->s2@group-6E85041A3092, cid=1991, seq=0, Watch-ALL(74), Message:<EMPTY>
2019-09-24 12:11:24,551 DEBUG impl.UnorderedAsync (UnorderedAsync.java:sendRequestWithRetry(74)) - client-CFB50CAB4D08: attempt #1 send~ RaftClientRequest:client-CFB50CAB4D08->s2@group-6E85041A3092, cid=2122, seq=0, Watch(125), null
2019-09-24 12:11:24,551 DEBUG impl.RaftServerImpl (RaftServerImpl.java:submitClientRequestAsync(533)) - s2@group-6E85041A3092: receive client request(RaftClientRequest:client-CFB50CAB4D08->s2@group-6E85041A3092, cid=1992, seq=0, Watch-MAJORITY_COMMITTED(74), Message:<EMPTY>)
2019-09-24 12:11:24,551 DEBUG impl.UnorderedAsync (UnorderedAsync.java:sendRequestWithRetry(74)) - client-CFB50CAB4D08: attempt #1 send~ RaftClientRequest:client-CFB50CAB4D08->s2@group-6E85041A3092, cid=2123, seq=0, Watch-ALL(125), null
2019-09-24 12:11:24,551 DEBUG impl.RaftServerImpl (LeaderState.java:addWatchReqeust(324)) - s2@group-6E85041A3092-LeaderState: addWatchRequest RaftClientRequest:client-CFB50CAB4D08->s2@group-6E85041A3092, cid=1992, seq=0, Watch-MAJORITY_COMMITTED(74), Message:<EMPTY>
2019-09-24 12:11:24,551 DEBUG impl.UnorderedAsync (UnorderedAsync.java:sendRequestWithRetry(74)) - client-CFB50CAB4D08: attempt #1 send~ RaftClientRequest:client-CFB50CAB4D08->s2@group-6E85041A3092, cid=2124, seq=0, Watch-MAJORITY_COMMITTED(125), null
2019-09-24 12:11:24,552 DEBUG impl.UnorderedAsync (UnorderedAsync.java:sendRequestWithRetry(74)) - client-CFB50CAB4D08: attempt #1 send~ RaftClientRequest:client-CFB50CAB4D08->s2@group-6E85041A3092, cid=2125, seq=0, Watch-ALL_COMMITTED(125), null
2019-09-24 12:11:24,552 DEBUG impl.RaftServerImpl (RaftServerImpl.java:submitClientRequestAsync(533)) - s2@group-6E85041A3092: receive client request(RaftClientRequest:client-CFB50CAB4D08->s2@group-6E85041A3092, cid=1993, seq=0, Watch-ALL_COMMITTED(74), Message:<EMPTY>)
2019-09-24 12:11:24,552 INFO  grpc.TestWatchRequestWithGrpc (WatchRequestTests.java:lambda$sendRequests$0(99)) - SEND_WATCH: message=m89, logIndex=127
2019-09-24 12:11:24,552 DEBUG impl.RaftServerImpl (LeaderState.java:addWatchReqeust(324)) - s2@group-6E85041A3092-LeaderState: addWatchRequest RaftClientRequest:client-CFB50CAB4D08->s2@group-6E85041A3092, cid=1993, seq=0, Watch-ALL_COMMITTED(74), Message:<EMPTY>
2019-09-24 12:11:24,552 DEBUG impl.UnorderedAsync (UnorderedAsync.java:lambda$sendRequestWithRetry$4(77)) - client-CFB50CAB4D08: attempt #1 receive~ RaftClientReply:client-CFB50CAB4D08->s2@group-6E85041A3092, cid=1992, SUCCESS, logIndex=0, commits[s2:c143, s0:c0, s1:c138]
2019-09-24 12:11:24,552 DEBUG impl.UnorderedAsync (UnorderedAsync.java:sendRequestWithRetry(74)) - client-CFB50CAB4D08: attempt #1 send~ RaftClientRequest:client-CFB50CAB4D08->s2@group-6E85041A3092, cid=2126, seq=0, Watch(127), null
2019-09-24 12:11:24,552 INFO  grpc.TestWatchRequestWithGrpc (WatchRequestTests.java:get(172)) - majorityCommitted-Watch(74) returns RaftClientReply:client-CFB50CAB4D08->s2@group-6E85041A3092, cid=1992, SUCCESS, logIndex=0, commits[s2:c143, s0:c0, s1:c138]
2019-09-24 12:11:24,552 DEBUG impl.RaftServerImpl (RaftServerImpl.java:submitClientRequestAsync(533)) - s2@group-6E85041A3092: receive client request(RaftClientRequest:client-CFB50CAB4D08->s2@group-6E85041A3092, cid=1994, seq=0, Watch(75), Message:<EMPTY>)
2019-09-24 12:11:24,552 INFO  grpc.TestWatchRequestWithGrpc (WatchRequestTests.java:checkMajority(230)) - checkMajority 56: receive RaftClientReply:client-CFB50CAB4D08->s2@group-6E85041A3092, cid=1726, SUCCESS, logIndex=75, commits[s2:c75, s0:c0, s1:c56]
2019-09-24 12:11:24,552 DEBUG impl.UnorderedAsync (UnorderedAsync.java:sendRequestWithRetry(74)) - client-CFB50CAB4D08: attempt #1 send~ RaftClientRequest:client-CFB50CAB4D08->s2@group-6E85041A3092, cid=2127, seq=0, Watch-ALL(127), null
2019-09-24 12:11:24,553 DEBUG impl.RaftServerImpl (LeaderState.java:addWatchReqeust(324)) - s2@group-6E85041A3092-LeaderState: addWatchRequest RaftClientRequest:client-CFB50CAB4D08->s2@group-6E85041A3092, cid=1994, seq=0, Watch(75), Message:<EMPTY>
2019-09-24 12:11:24,553 DEBUG impl.UnorderedAsync (UnorderedAsync.java:sendRequestWithRetry(74)) - client-CFB50CAB4D08: attempt #1 send~ RaftClientRequest:client-CFB50CAB4D08->s2@group-6E85041A3092, cid=2128, seq=0, Watch-MAJORITY_COMMITTED(127), null
2019-09-24 12:11:24,553 DEBUG impl.RaftServerImpl (RaftServerImpl.java:submitClientRequestAsync(533)) - s2@group-6E85041A3092: receive client request(RaftClientRequest:client-CFB50CAB4D08->s2@group-6E85041A3092, cid=1995, seq=0, Watch-ALL(75), Message:<EMPTY>)
2019-09-24 12:11:24,553 DEBUG impl.UnorderedAsync (UnorderedAsync.java:sendRequestWithRetry(74)) - client-CFB50CAB4D08: attempt #1 send~ RaftClientRequest:client-CFB50CAB4D08->s2@group-6E85041A3092, cid=2129, seq=0, Watch-ALL_COMMITTED(127), null
2019-09-24 12:11:24,553 DEBUG impl.RaftServerImpl (LeaderState.java:addWatchReqeust(324)) - s2@group-6E85041A3092-LeaderState: addWatchRequest RaftClientRequest:client-CFB50CAB4D08->s2@group-6E85041A3092, cid=1995, seq=0, Watch-ALL(75), Message:<EMPTY>
2019-09-24 12:11:24,553 INFO  grpc.TestWatchRequestWithGrpc (WatchRequestTests.java:lambda$sendRequests$0(99)) - SEND_WATCH: message=m90, logIndex=129
2019-09-24 12:11:24,553 DEBUG impl.RaftServerImpl (RaftServerImpl.java:submitClientRequestAsync(533)) - s2@group-6E85041A3092: receive client request(RaftClientRequest:client-CFB50CAB4D08->s2@group-6E85041A3092, cid=1996, seq=0, Watch-MAJORITY_COMMITTED(75), Message:<EMPTY>)
2019-09-24 12:11:24,553 DEBUG impl.UnorderedAsync (UnorderedAsync.java:lambda$sendRequestWithRetry$4(77)) - client-CFB50CAB4D08: attempt #1 receive~ RaftClientReply:client-CFB50CAB4D08->s2@group-6E85041A3092, cid=1994, SUCCESS, logIndex=0, commits[s2:c143, s0:c0, s1:c138]
2019-09-24 12:11:24,554 DEBUG impl.RaftServerImpl (LeaderState.java:addWatchReqeust(324)) - s2@group-6E85041A3092-LeaderState: addWatchRequest RaftClientRequest:client-CFB50CAB4D08->s2@group-6E85041A3092, cid=1996, seq=0, Watch-MAJORITY_COMMITTED(75), Message:<EMPTY>
2019-09-24 12:11:24,553 DEBUG impl.UnorderedAsync (UnorderedAsync.java:sendRequestWithRetry(74)) - client-CFB50CAB4D08: attempt #1 send~ RaftClientRequest:client-CFB50CAB4D08->s2@group-6E85041A3092, cid=2130, seq=0, Watch(129), null
2019-09-24 12:11:24,554 DEBUG impl.RaftServerImpl (RaftServerImpl.java:submitClientRequestAsync(533)) - s2@group-6E85041A3092: receive client request(RaftClientRequest:client-CFB50CAB4D08->s2@group-6E85041A3092, cid=1997, seq=0, Watch-ALL_COMMITTED(75), Message:<EMPTY>)
2019-09-24 12:11:24,554 INFO  grpc.TestWatchRequestWithGrpc (WatchRequestTests.java:get(172)) - majority-Watch(75) returns RaftClientReply:client-CFB50CAB4D08->s2@group-6E85041A3092, cid=1994, SUCCESS, logIndex=0, commits[s2:c143, s0:c0, s1:c138]
2019-09-24 12:11:24,554 DEBUG impl.RaftServerImpl (LeaderState.java:addWatchReqeust(324)) - s2@group-6E85041A3092-LeaderState: addWatchRequest RaftClientRequest:client-CFB50CAB4D08->s2@group-6E85041A3092, cid=1997, seq=0, Watch-ALL_COMMITTED(75), Message:<EMPTY>
2019-09-24 12:11:24,554 DEBUG impl.UnorderedAsync (UnorderedAsync.java:sendRequestWithRetry(74)) - client-CFB50CAB4D08: attempt #1 send~ RaftClientRequest:client-CFB50CAB4D08->s2@group-6E85041A3092, cid=2131, seq=0, Watch-ALL(129), null
2019-09-24 12:11:24,554 DEBUG impl.RaftServerImpl (RaftServerImpl.java:submitClientRequestAsync(533)) - s2@group-6E85041A3092: receive client request(RaftClientRequest:client-CFB50CAB4D08->s2@group-6E85041A3092, cid=1998, seq=0, Watch(76), Message:<EMPTY>)
2019-09-24 12:11:24,554 DEBUG impl.UnorderedAsync (UnorderedAsync.java:lambda$sendRequestWithRetry$4(77)) - client-CFB50CAB4D08: attempt #1 receive~ RaftClientReply:client-CFB50CAB4D08->s2@group-6E85041A3092, cid=1996, SUCCESS, logIndex=0, commits[s2:c143, s0:c0, s1:c138]
2019-09-24 12:11:24,554 DEBUG impl.RaftServerImpl (LeaderState.java:addWatchReqeust(324)) - s2@group-6E85041A3092-LeaderState: addWatchRequest RaftClientRequest:client-CFB50CAB4D08->s2@group-6E85041A3092, cid=1998, seq=0, Watch(76), Message:<EMPTY>
2019-09-24 12:11:24,554 DEBUG impl.UnorderedAsync (UnorderedAsync.java:sendRequestWithRetry(74)) - client-CFB50CAB4D08: attempt #1 send~ RaftClientRequest:client-CFB50CAB4D08->s2@group-6E85041A3092, cid=2132, seq=0, Watch-MAJORITY_COMMITTED(129), null
2019-09-24 12:11:24,555 DEBUG impl.RaftServerImpl (RaftServerImpl.java:submitClientRequestAsync(533)) - s2@group-6E85041A3092: receive client request(RaftClientRequest:client-CFB50CAB4D08->s2@group-6E85041A3092, cid=1999, seq=0, Watch-ALL(76), Message:<EMPTY>)
2019-09-24 12:11:24,555 INFO  grpc.TestWatchRequestWithGrpc (WatchRequestTests.java:get(172)) - majorityCommitted-Watch(75) returns RaftClientReply:client-CFB50CAB4D08->s2@group-6E85041A3092, cid=1996, SUCCESS, logIndex=0, commits[s2:c143, s0:c0, s1:c138]
2019-09-24 12:11:24,555 DEBUG impl.RaftServerImpl (LeaderState.java:addWatchReqeust(324)) - s2@group-6E85041A3092-LeaderState: addWatchRequest RaftClientRequest:client-CFB50CAB4D08->s2@group-6E85041A3092, cid=1999, seq=0, Watch-ALL(76), Message:<EMPTY>
2019-09-24 12:11:24,555 DEBUG impl.UnorderedAsync (UnorderedAsync.java:sendRequestWithRetry(74)) - client-CFB50CAB4D08: attempt #1 send~ RaftClientRequest:client-CFB50CAB4D08->s2@group-6E85041A3092, cid=2133, seq=0, Watch-ALL_COMMITTED(129), null
2019-09-24 12:11:24,555 DEBUG impl.RaftServerImpl (RaftServerImpl.java:submitClientRequestAsync(533)) - s2@group-6E85041A3092: receive client request(RaftClientRequest:client-CFB50CAB4D08->s2@group-6E85041A3092, cid=2000, seq=0, Watch-MAJORITY_COMMITTED(76), Message:<EMPTY>)
2019-09-24 12:11:24,555 DEBUG impl.UnorderedAsync (UnorderedAsync.java:lambda$sendRequestWithRetry$4(77)) - client-CFB50CAB4D08: attempt #1 receive~ RaftClientReply:client-CFB50CAB4D08->s2@group-6E85041A3092, cid=1998, SUCCESS, logIndex=0, commits[s2:c143, s0:c0, s1:c138]
2019-09-24 12:11:24,555 INFO  grpc.TestWatchRequestWithGrpc (WatchRequestTests.java:checkMajority(230)) - checkMajority 57: receive RaftClientReply:client-CFB50CAB4D08->s2@group-6E85041A3092, cid=1727, SUCCESS, logIndex=76, commits[s2:c76, s0:c0, s1:c63]
2019-09-24 12:11:24,555 INFO  grpc.TestWatchRequestWithGrpc (WatchRequestTests.java:lambda$sendRequests$0(99)) - SEND_WATCH: message=m91, logIndex=130
2019-09-24 12:11:24,555 DEBUG impl.RaftServerImpl (LeaderState.java:addWatchReqeust(324)) - s2@group-6E85041A3092-LeaderState: addWatchRequest RaftClientRequest:client-CFB50CAB4D08->s2@group-6E85041A3092, cid=2000, seq=0, Watch-MAJORITY_COMMITTED(76), Message:<EMPTY>
2019-09-24 12:11:24,556 DEBUG impl.UnorderedAsync (UnorderedAsync.java:sendRequestWithRetry(74)) - client-CFB50CAB4D08: attempt #1 send~ RaftClientRequest:client-CFB50CAB4D08->s2@group-6E85041A3092, cid=2134, seq=0, Watch(130), null
2019-09-24 12:11:24,556 INFO  grpc.TestWatchRequestWithGrpc (WatchRequestTests.java:get(172)) - majority-Watch(76) returns RaftClientReply:client-CFB50CAB4D08->s2@group-6E85041A3092, cid=1998, SUCCESS, logIndex=0, commits[s2:c143, s0:c0, s1:c138]
2019-09-24 12:11:24,556 DEBUG impl.UnorderedAsync (UnorderedAsync.java:sendRequestWithRetry(74)) - client-CFB50CAB4D08: attempt #1 send~ RaftClientRequest:client-CFB50CAB4D08->s2@group-6E85041A3092, cid=2135, seq=0, Watch-ALL(130), null
2019-09-24 12:11:24,556 DEBUG impl.RaftServerImpl (RaftServerImpl.java:submitClientRequestAsync(533)) - s2@group-6E85041A3092: receive client request(RaftClientRequest:client-CFB50CAB4D08->s2@group-6E85041A3092, cid=2001, seq=0, Watch-ALL_COMMITTED(76), Message:<EMPTY>)
2019-09-24 12:11:24,556 DEBUG impl.UnorderedAsync (UnorderedAsync.java:sendRequestWithRetry(74)) - client-CFB50CAB4D08: attempt #1 send~ RaftClientRequest:client-CFB50CAB4D08->s2@group-6E85041A3092, cid=2136, seq=0, Watch-MAJORITY_COMMITTED(130), null
2019-09-24 12:11:24,556 DEBUG impl.UnorderedAsync (UnorderedAsync.java:lambda$sendRequestWithRetry$4(77)) - client-CFB50CAB4D08: attempt #1 receive~ RaftClientReply:client-CFB50CAB4D08->s2@group-6E85041A3092, cid=2000, SUCCESS, logIndex=0, commits[s2:c143, s0:c0, s1:c138]
2019-09-24 12:11:24,556 DEBUG impl.RaftServerImpl (LeaderState.java:addWatchReqeust(324)) - s2@group-6E85041A3092-LeaderState: addWatchRequest RaftClientRequest:client-CFB50CAB4D08->s2@group-6E85041A3092, cid=2001, seq=0, Watch-ALL_COMMITTED(76), Message:<EMPTY>
2019-09-24 12:11:24,557 INFO  grpc.TestWatchRequestWithGrpc (WatchRequestTests.java:get(172)) - majorityCommitted-Watch(76) returns RaftClientReply:client-CFB50CAB4D08->s2@group-6E85041A3092, cid=2000, SUCCESS, logIndex=0, commits[s2:c143, s0:c0, s1:c138]
2019-09-24 12:11:24,556 DEBUG impl.UnorderedAsync (UnorderedAsync.java:sendRequestWithRetry(74)) - client-CFB50CAB4D08: attempt #1 send~ RaftClientRequest:client-CFB50CAB4D08->s2@group-6E85041A3092, cid=2137, seq=0, Watch-ALL_COMMITTED(130), null
2019-09-24 12:11:24,557 INFO  grpc.TestWatchRequestWithGrpc (WatchRequestTests.java:checkMajority(230)) - checkMajority 58: receive RaftClientReply:client-CFB50CAB4D08->s2@group-6E85041A3092, cid=1728, SUCCESS, logIndex=78, commits[s2:c93, s0:c0, s1:c75]
2019-09-24 12:11:24,557 DEBUG impl.RaftServerImpl (RaftServerImpl.java:submitClientRequestAsync(533)) - s2@group-6E85041A3092: receive client request(RaftClientRequest:client-CFB50CAB4D08->s2@group-6E85041A3092, cid=2002, seq=0, Watch(78), Message:<EMPTY>)
2019-09-24 12:11:24,557 INFO  grpc.TestWatchRequestWithGrpc (WatchRequestTests.java:lambda$sendRequests$0(99)) - SEND_WATCH: message=m92, logIndex=131
2019-09-24 12:11:24,557 DEBUG impl.RaftServerImpl (LeaderState.java:addWatchReqeust(324)) - s2@group-6E85041A3092-LeaderState: addWatchRequest RaftClientRequest:client-CFB50CAB4D08->s2@group-6E85041A3092, cid=2002, seq=0, Watch(78), Message:<EMPTY>
2019-09-24 12:11:24,557 DEBUG impl.UnorderedAsync (UnorderedAsync.java:sendRequestWithRetry(74)) - client-CFB50CAB4D08: attempt #1 send~ RaftClientRequest:client-CFB50CAB4D08->s2@group-6E85041A3092, cid=2138, seq=0, Watch(131), null
2019-09-24 12:11:24,557 DEBUG impl.RaftServerImpl (RaftServerImpl.java:submitClientRequestAsync(533)) - s2@group-6E85041A3092: receive client request(RaftClientRequest:client-CFB50CAB4D08->s2@group-6E85041A3092, cid=2003, seq=0, Watch-ALL(78), Message:<EMPTY>)
2019-09-24 12:11:24,557 DEBUG impl.UnorderedAsync (UnorderedAsync.java:sendRequestWithRetry(74)) - client-CFB50CAB4D08: attempt #1 send~ RaftClientRequest:client-CFB50CAB4D08->s2@group-6E85041A3092, cid=2139, seq=0, Watch-ALL(131), null
2019-09-24 12:11:24,558 DEBUG impl.RaftServerImpl (LeaderState.java:addWatchReqeust(324)) - s2@group-6E85041A3092-LeaderState: addWatchRequest RaftClientRequest:client-CFB50CAB4D08->s2@group-6E85041A3092, cid=2003, seq=0, Watch-ALL(78), Message:<EMPTY>
2019-09-24 12:11:24,558 DEBUG impl.UnorderedAsync (UnorderedAsync.java:sendRequestWithRetry(74)) - client-CFB50CAB4D08: attempt #1 send~ RaftClientRequest:client-CFB50CAB4D08->s2@group-6E85041A3092, cid=2140, seq=0, Watch-MAJORITY_COMMITTED(131), null
2019-09-24 12:11:24,558 DEBUG impl.RaftServerImpl (RaftServerImpl.java:submitClientRequestAsync(533)) - s2@group-6E85041A3092: receive client request(RaftClientRequest:client-CFB50CAB4D08->s2@group-6E85041A3092, cid=2004, seq=0, Watch-MAJORITY_COMMITTED(78), Message:<EMPTY>)
2019-09-24 12:11:24,558 DEBUG impl.UnorderedAsync (UnorderedAsync.java:lambda$sendRequestWithRetry$4(77)) - client-CFB50CAB4D08: attempt #1 receive~ RaftClientReply:client-CFB50CAB4D08->s2@group-6E85041A3092, cid=2002, SUCCESS, logIndex=0, commits[s2:c143, s0:c0, s1:c138]
2019-09-24 12:11:24,558 DEBUG impl.RaftServerImpl (LeaderState.java:addWatchReqeust(324)) - s2@group-6E85041A3092-LeaderState: addWatchRequest RaftClientRequest:client-CFB50CAB4D08->s2@group-6E85041A3092, cid=2004, seq=0, Watch-MAJORITY_COMMITTED(78), Message:<EMPTY>
2019-09-24 12:11:24,558 DEBUG impl.UnorderedAsync (UnorderedAsync.java:sendRequestWithRetry(74)) - client-CFB50CAB4D08: attempt #1 send~ RaftClientRequest:client-CFB50CAB4D08->s2@group-6E85041A3092, cid=2141, seq=0, Watch-ALL_COMMITTED(131), null
2019-09-24 12:11:24,558 INFO  grpc.TestWatchRequestWithGrpc (WatchRequestTests.java:get(172)) - majority-Watch(78) returns RaftClientReply:client-CFB50CAB4D08->s2@group-6E85041A3092, cid=2002, SUCCESS, logIndex=0, commits[s2:c143, s0:c0, s1:c138]
2019-09-24 12:11:24,558 DEBUG impl.RaftServerImpl (RaftServerImpl.java:submitClientRequestAsync(533)) - s2@group-6E85041A3092: receive client request(RaftClientRequest:client-CFB50CAB4D08->s2@group-6E85041A3092, cid=2005, seq=0, Watch-ALL_COMMITTED(78), Message:<EMPTY>)
2019-09-24 12:11:24,559 INFO  grpc.TestWatchRequestWithGrpc (WatchRequestTests.java:lambda$sendRequests$0(99)) - SEND_WATCH: message=m93, logIndex=132
2019-09-24 12:11:24,559 DEBUG impl.RaftServerImpl (LeaderState.java:addWatchReqeust(324)) - s2@group-6E85041A3092-LeaderState: addWatchRequest RaftClientRequest:client-CFB50CAB4D08->s2@group-6E85041A3092, cid=2005, seq=0, Watch-ALL_COMMITTED(78), Message:<EMPTY>
2019-09-24 12:11:24,559 DEBUG impl.UnorderedAsync (UnorderedAsync.java:lambda$sendRequestWithRetry$4(77)) - client-CFB50CAB4D08: attempt #1 receive~ RaftClientReply:client-CFB50CAB4D08->s2@group-6E85041A3092, cid=2004, SUCCESS, logIndex=0, commits[s2:c143, s0:c0, s1:c138]
2019-09-24 12:11:24,559 DEBUG impl.RaftServerImpl (RaftServerImpl.java:submitClientRequestAsync(533)) - s2@group-6E85041A3092: receive client request(RaftClientRequest:client-CFB50CAB4D08->s2@group-6E85041A3092, cid=2006, seq=0, Watch(83), Message:<EMPTY>)
2019-09-24 12:11:24,559 DEBUG impl.UnorderedAsync (UnorderedAsync.java:sendRequestWithRetry(74)) - client-CFB50CAB4D08: attempt #1 send~ RaftClientRequest:client-CFB50CAB4D08->s2@group-6E85041A3092, cid=2142, seq=0, Watch(132), null
2019-09-24 12:11:24,559 DEBUG impl.RaftServerImpl (LeaderState.java:addWatchReqeust(324)) - s2@group-6E85041A3092-LeaderState: addWatchRequest RaftClientRequest:client-CFB50CAB4D08->s2@group-6E85041A3092, cid=2006, seq=0, Watch(83), Message:<EMPTY>
2019-09-24 12:11:24,559 INFO  grpc.TestWatchRequestWithGrpc (WatchRequestTests.java:get(172)) - majorityCommitted-Watch(78) returns RaftClientReply:client-CFB50CAB4D08->s2@group-6E85041A3092, cid=2004, SUCCESS, logIndex=0, commits[s2:c143, s0:c0, s1:c138]
2019-09-24 12:11:24,559 DEBUG impl.UnorderedAsync (UnorderedAsync.java:sendRequestWithRetry(74)) - client-CFB50CAB4D08: attempt #1 send~ RaftClientRequest:client-CFB50CAB4D08->s2@group-6E85041A3092, cid=2143, seq=0, Watch-ALL(132), null
2019-09-24 12:11:24,559 INFO  grpc.TestWatchRequestWithGrpc (WatchRequestTests.java:checkMajority(230)) - checkMajority 59: receive RaftClientReply:client-CFB50CAB4D08->s2@group-6E85041A3092, cid=1729, SUCCESS, logIndex=83, commits[s2:c93, s0:c0, s1:c75]
2019-09-24 12:11:24,559 DEBUG impl.RaftServerImpl (RaftServerImpl.java:submitClientRequestAsync(533)) - s2@group-6E85041A3092: receive client request(RaftClientRequest:client-CFB50CAB4D08->s2@group-6E85041A3092, cid=2007, seq=0, Watch-ALL(83), Message:<EMPTY>)
2019-09-24 12:11:24,560 DEBUG impl.UnorderedAsync (UnorderedAsync.java:sendRequestWithRetry(74)) - client-CFB50CAB4D08: attempt #1 send~ RaftClientRequest:client-CFB50CAB4D08->s2@group-6E85041A3092, cid=2144, seq=0, Watch-MAJORITY_COMMITTED(132), null
2019-09-24 12:11:24,560 DEBUG impl.RaftServerImpl (LeaderState.java:addWatchReqeust(324)) - s2@group-6E85041A3092-LeaderState: addWatchRequest RaftClientRequest:client-CFB50CAB4D08->s2@group-6E85041A3092, cid=2007, seq=0, Watch-ALL(83), Message:<EMPTY>
2019-09-24 12:11:24,560 DEBUG impl.UnorderedAsync (UnorderedAsync.java:lambda$sendRequestWithRetry$4(77)) - client-CFB50CAB4D08: attempt #1 receive~ RaftClientReply:client-CFB50CAB4D08->s2@group-6E85041A3092, cid=2006, SUCCESS, logIndex=0, commits[s2:c143, s0:c0, s1:c138]
2019-09-24 12:11:24,560 DEBUG impl.RaftServerImpl (RaftServerImpl.java:submitClientRequestAsync(533)) - s2@group-6E85041A3092: receive client request(RaftClientRequest:client-CFB50CAB4D08->s2@group-6E85041A3092, cid=2008, seq=0, Watch-MAJORITY_COMMITTED(83), Message:<EMPTY>)
2019-09-24 12:11:24,560 DEBUG impl.UnorderedAsync (UnorderedAsync.java:sendRequestWithRetry(74)) - client-CFB50CAB4D08: attempt #1 send~ RaftClientRequest:client-CFB50CAB4D08->s2@group-6E85041A3092, cid=2145, seq=0, Watch-ALL_COMMITTED(132), null
2019-09-24 12:11:24,560 DEBUG impl.RaftServerImpl (LeaderState.java:addWatchReqeust(324)) - s2@group-6E85041A3092-LeaderState: addWatchRequest RaftClientRequest:client-CFB50CAB4D08->s2@group-6E85041A3092, cid=2008, seq=0, Watch-MAJORITY_COMMITTED(83), Message:<EMPTY>
2019-09-24 12:11:24,560 INFO  grpc.TestWatchRequestWithGrpc (WatchRequestTests.java:get(172)) - majority-Watch(83) returns RaftClientReply:client-CFB50CAB4D08->s2@group-6E85041A3092, cid=2006, SUCCESS, logIndex=0, commits[s2:c143, s0:c0, s1:c138]
2019-09-24 12:11:24,560 INFO  grpc.TestWatchRequestWithGrpc (WatchRequestTests.java:lambda$sendRequests$0(99)) - SEND_WATCH: message=m94, logIndex=133
2019-09-24 12:11:24,561 DEBUG impl.RaftServerImpl (RaftServerImpl.java:submitClientRequestAsync(533)) - s2@group-6E85041A3092: receive client request(RaftClientRequest:client-CFB50CAB4D08->s2@group-6E85041A3092, cid=2009, seq=0, Watch-ALL_COMMITTED(83), Message:<EMPTY>)
2019-09-24 12:11:24,561 DEBUG impl.UnorderedAsync (UnorderedAsync.java:sendRequestWithRetry(74)) - client-CFB50CAB4D08: attempt #1 send~ RaftClientRequest:client-CFB50CAB4D08->s2@group-6E85041A3092, cid=2146, seq=0, Watch(133), null
2019-09-24 12:11:24,561 DEBUG impl.RaftServerImpl (LeaderState.java:addWatchReqeust(324)) - s2@group-6E85041A3092-LeaderState: addWatchRequest RaftClientRequest:client-CFB50CAB4D08->s2@group-6E85041A3092, cid=2009, seq=0, Watch-ALL_COMMITTED(83), Message:<EMPTY>
2019-09-24 12:11:24,561 DEBUG impl.UnorderedAsync (UnorderedAsync.java:sendRequestWithRetry(74)) - client-CFB50CAB4D08: attempt #1 send~ RaftClientRequest:client-CFB50CAB4D08->s2@group-6E85041A3092, cid=2147, seq=0, Watch-ALL(133), null
2019-09-24 12:11:24,561 DEBUG impl.UnorderedAsync (UnorderedAsync.java:lambda$sendRequestWithRetry$4(77)) - client-CFB50CAB4D08: attempt #1 receive~ RaftClientReply:client-CFB50CAB4D08->s2@group-6E85041A3092, cid=2008, SUCCESS, logIndex=0, commits[s2:c143, s0:c0, s1:c138]
2019-09-24 12:11:24,561 DEBUG impl.RaftServerImpl (RaftServerImpl.java:submitClientRequestAsync(533)) - s2@group-6E85041A3092: receive client request(RaftClientRequest:client-CFB50CAB4D08->s2@group-6E85041A3092, cid=2010, seq=0, Watch(84), Message:<EMPTY>)
2019-09-24 12:11:24,561 INFO  grpc.TestWatchRequestWithGrpc (WatchRequestTests.java:get(172)) - majorityCommitted-Watch(83) returns RaftClientReply:client-CFB50CAB4D08->s2@group-6E85041A3092, cid=2008, SUCCESS, logIndex=0, commits[s2:c143, s0:c0, s1:c138]
2019-09-24 12:11:24,561 DEBUG impl.UnorderedAsync (UnorderedAsync.java:sendRequestWithRetry(74)) - client-CFB50CAB4D08: attempt #1 send~ RaftClientRequest:client-CFB50CAB4D08->s2@group-6E85041A3092, cid=2148, seq=0, Watch-MAJORITY_COMMITTED(133), null
2019-09-24 12:11:24,562 INFO  grpc.TestWatchRequestWithGrpc (WatchRequestTests.java:checkMajority(230)) - checkMajority 60: receive RaftClientReply:client-CFB50CAB4D08->s2@group-6E85041A3092, cid=1730, SUCCESS, logIndex=84, commits[s2:c93, s0:c0, s1:c75]
2019-09-24 12:11:24,561 DEBUG impl.RaftServerImpl (LeaderState.java:addWatchReqeust(324)) - s2@group-6E85041A3092-LeaderState: addWatchRequest RaftClientRequest:client-CFB50CAB4D08->s2@group-6E85041A3092, cid=2010, seq=0, Watch(84), Message:<EMPTY>
2019-09-24 12:11:24,562 DEBUG impl.UnorderedAsync (UnorderedAsync.java:sendRequestWithRetry(74)) - client-CFB50CAB4D08: attempt #1 send~ RaftClientRequest:client-CFB50CAB4D08->s2@group-6E85041A3092, cid=2149, seq=0, Watch-ALL_COMMITTED(133), null
2019-09-24 12:11:24,562 DEBUG impl.RaftServerImpl (RaftServerImpl.java:submitClientRequestAsync(533)) - s2@group-6E85041A3092: receive client request(RaftClientRequest:client-CFB50CAB4D08->s2@group-6E85041A3092, cid=2011, seq=0, Watch-ALL(84), Message:<EMPTY>)
2019-09-24 12:11:24,562 DEBUG impl.RaftServerImpl (LeaderState.java:addWatchReqeust(324)) - s2@group-6E85041A3092-LeaderState: addWatchRequest RaftClientRequest:client-CFB50CAB4D08->s2@group-6E85041A3092, cid=2011, seq=0, Watch-ALL(84), Message:<EMPTY>
2019-09-24 12:11:24,562 INFO  grpc.TestWatchRequestWithGrpc (WatchRequestTests.java:lambda$sendRequests$0(99)) - SEND_WATCH: message=m95, logIndex=134
2019-09-24 12:11:24,562 DEBUG impl.RaftServerImpl (RaftServerImpl.java:submitClientRequestAsync(533)) - s2@group-6E85041A3092: receive client request(RaftClientRequest:client-CFB50CAB4D08->s2@group-6E85041A3092, cid=2012, seq=0, Watch-MAJORITY_COMMITTED(84), Message:<EMPTY>)
2019-09-24 12:11:24,562 DEBUG impl.UnorderedAsync (UnorderedAsync.java:sendRequestWithRetry(74)) - client-CFB50CAB4D08: attempt #1 send~ RaftClientRequest:client-CFB50CAB4D08->s2@group-6E85041A3092, cid=2150, seq=0, Watch(134), null
2019-09-24 12:11:24,562 DEBUG impl.UnorderedAsync (UnorderedAsync.java:lambda$sendRequestWithRetry$4(77)) - client-CFB50CAB4D08: attempt #1 receive~ RaftClientReply:client-CFB50CAB4D08->s2@group-6E85041A3092, cid=2010, SUCCESS, logIndex=0, commits[s2:c143, s0:c0, s1:c138]
2019-09-24 12:11:24,562 DEBUG impl.RaftServerImpl (LeaderState.java:addWatchReqeust(324)) - s2@group-6E85041A3092-LeaderState: addWatchRequest RaftClientRequest:client-CFB50CAB4D08->s2@group-6E85041A3092, cid=2012, seq=0, Watch-MAJORITY_COMMITTED(84), Message:<EMPTY>
2019-09-24 12:11:24,563 INFO  grpc.TestWatchRequestWithGrpc (WatchRequestTests.java:get(172)) - majority-Watch(84) returns RaftClientReply:client-CFB50CAB4D08->s2@group-6E85041A3092, cid=2010, SUCCESS, logIndex=0, commits[s2:c143, s0:c0, s1:c138]
2019-09-24 12:11:24,563 DEBUG impl.UnorderedAsync (UnorderedAsync.java:sendRequestWithRetry(74)) - client-CFB50CAB4D08: attempt #1 send~ RaftClientRequest:client-CFB50CAB4D08->s2@group-6E85041A3092, cid=2151, seq=0, Watch-ALL(134), null
2019-09-24 12:11:24,563 DEBUG impl.RaftServerImpl (RaftServerImpl.java:submitClientRequestAsync(533)) - s2@group-6E85041A3092: receive client request(RaftClientRequest:client-CFB50CAB4D08->s2@group-6E85041A3092, cid=2013, seq=0, Watch-ALL_COMMITTED(84), Message:<EMPTY>)
2019-09-24 12:11:24,563 DEBUG impl.UnorderedAsync (UnorderedAsync.java:sendRequestWithRetry(74)) - client-CFB50CAB4D08: attempt #1 send~ RaftClientRequest:client-CFB50CAB4D08->s2@group-6E85041A3092, cid=2152, seq=0, Watch-MAJORITY_COMMITTED(134), null
2019-09-24 12:11:24,563 DEBUG impl.RaftServerImpl (LeaderState.java:addWatchReqeust(324)) - s2@group-6E85041A3092-LeaderState: addWatchRequest RaftClientRequest:client-CFB50CAB4D08->s2@group-6E85041A3092, cid=2013, seq=0, Watch-ALL_COMMITTED(84), Message:<EMPTY>
2019-09-24 12:11:24,563 DEBUG impl.UnorderedAsync (UnorderedAsync.java:sendRequestWithRetry(74)) - client-CFB50CAB4D08: attempt #1 send~ RaftClientRequest:client-CFB50CAB4D08->s2@group-6E85041A3092, cid=2153, seq=0, Watch-ALL_COMMITTED(134), null
2019-09-24 12:11:24,564 DEBUG impl.RaftServerImpl (RaftServerImpl.java:submitClientRequestAsync(533)) - s2@group-6E85041A3092: receive client request(RaftClientRequest:client-CFB50CAB4D08->s2@group-6E85041A3092, cid=2014, seq=0, Watch(86), Message:<EMPTY>)
2019-09-24 12:11:24,564 DEBUG impl.RaftServerImpl (LeaderState.java:addWatchReqeust(324)) - s2@group-6E85041A3092-LeaderState: addWatchRequest RaftClientRequest:client-CFB50CAB4D08->s2@group-6E85041A3092, cid=2014, seq=0, Watch(86), Message:<EMPTY>
2019-09-24 12:11:24,564 DEBUG impl.UnorderedAsync (UnorderedAsync.java:lambda$sendRequestWithRetry$4(77)) - client-CFB50CAB4D08: attempt #1 receive~ RaftClientReply:client-CFB50CAB4D08->s2@group-6E85041A3092, cid=2012, SUCCESS, logIndex=0, commits[s2:c143, s0:c0, s1:c138]
2019-09-24 12:11:24,564 INFO  grpc.TestWatchRequestWithGrpc (WatchRequestTests.java:lambda$sendRequests$0(99)) - SEND_WATCH: message=m96, logIndex=135
2019-09-24 12:11:24,564 DEBUG impl.RaftServerImpl (RaftServerImpl.java:submitClientRequestAsync(533)) - s2@group-6E85041A3092: receive client request(RaftClientRequest:client-CFB50CAB4D08->s2@group-6E85041A3092, cid=2015, seq=0, Watch-ALL(86), Message:<EMPTY>)
2019-09-24 12:11:24,564 DEBUG impl.RaftServerImpl (LeaderState.java:addWatchReqeust(324)) - s2@group-6E85041A3092-LeaderState: addWatchRequest RaftClientRequest:client-CFB50CAB4D08->s2@group-6E85041A3092, cid=2015, seq=0, Watch-ALL(86), Message:<EMPTY>
2019-09-24 12:11:24,564 INFO  grpc.TestWatchRequestWithGrpc (WatchRequestTests.java:get(172)) - majorityCommitted-Watch(84) returns RaftClientReply:client-CFB50CAB4D08->s2@group-6E85041A3092, cid=2012, SUCCESS, logIndex=0, commits[s2:c143, s0:c0, s1:c138]
2019-09-24 12:11:24,564 DEBUG impl.UnorderedAsync (UnorderedAsync.java:sendRequestWithRetry(74)) - client-CFB50CAB4D08: attempt #1 send~ RaftClientRequest:client-CFB50CAB4D08->s2@group-6E85041A3092, cid=2154, seq=0, Watch(135), null
2019-09-24 12:11:24,565 DEBUG impl.RaftServerImpl (RaftServerImpl.java:submitClientRequestAsync(533)) - s2@group-6E85041A3092: receive client request(RaftClientRequest:client-CFB50CAB4D08->s2@group-6E85041A3092, cid=2016, seq=0, Watch-MAJORITY_COMMITTED(86), Message:<EMPTY>)
2019-09-24 12:11:24,565 DEBUG impl.RaftServerImpl (LeaderState.java:addWatchReqeust(324)) - s2@group-6E85041A3092-LeaderState: addWatchRequest RaftClientRequest:client-CFB50CAB4D08->s2@group-6E85041A3092, cid=2016, seq=0, Watch-MAJORITY_COMMITTED(86), Message:<EMPTY>
2019-09-24 12:11:24,565 INFO  grpc.TestWatchRequestWithGrpc (WatchRequestTests.java:checkMajority(230)) - checkMajority 61: receive RaftClientReply:client-CFB50CAB4D08->s2@group-6E85041A3092, cid=1731, SUCCESS, logIndex=86, commits[s2:c93, s0:c0, s1:c75]
2019-09-24 12:11:24,565 DEBUG impl.UnorderedAsync (UnorderedAsync.java:lambda$sendRequestWithRetry$4(77)) - client-CFB50CAB4D08: attempt #1 receive~ RaftClientReply:client-CFB50CAB4D08->s2@group-6E85041A3092, cid=2014, SUCCESS, logIndex=0, commits[s2:c143, s0:c0, s1:c138]
2019-09-24 12:11:24,565 DEBUG impl.UnorderedAsync (UnorderedAsync.java:sendRequestWithRetry(74)) - client-CFB50CAB4D08: attempt #1 send~ RaftClientRequest:client-CFB50CAB4D08->s2@group-6E85041A3092, cid=2155, seq=0, Watch-ALL(135), null
2019-09-24 12:11:24,565 INFO  grpc.TestWatchRequestWithGrpc (WatchRequestTests.java:get(172)) - majority-Watch(86) returns RaftClientReply:client-CFB50CAB4D08->s2@group-6E85041A3092, cid=2014, SUCCESS, logIndex=0, commits[s2:c143, s0:c0, s1:c138]
2019-09-24 12:11:24,565 DEBUG impl.RaftServerImpl (RaftServerImpl.java:submitClientRequestAsync(533)) - s2@group-6E85041A3092: receive client request(RaftClientRequest:client-CFB50CAB4D08->s2@group-6E85041A3092, cid=2017, seq=0, Watch-ALL_COMMITTED(86), Message:<EMPTY>)
2019-09-24 12:11:24,565 DEBUG impl.UnorderedAsync (UnorderedAsync.java:sendRequestWithRetry(74)) - client-CFB50CAB4D08: attempt #1 send~ RaftClientRequest:client-CFB50CAB4D08->s2@group-6E85041A3092, cid=2156, seq=0, Watch-MAJORITY_COMMITTED(135), null
2019-09-24 12:11:24,565 DEBUG impl.RaftServerImpl (LeaderState.java:addWatchReqeust(324)) - s2@group-6E85041A3092-LeaderState: addWatchRequest RaftClientRequest:client-CFB50CAB4D08->s2@group-6E85041A3092, cid=2017, seq=0, Watch-ALL_COMMITTED(86), Message:<EMPTY>
2019-09-24 12:11:24,566 DEBUG impl.UnorderedAsync (UnorderedAsync.java:lambda$sendRequestWithRetry$4(77)) - client-CFB50CAB4D08: attempt #1 receive~ RaftClientReply:client-CFB50CAB4D08->s2@group-6E85041A3092, cid=2016, SUCCESS, logIndex=0, commits[s2:c143, s0:c0, s1:c138]
2019-09-24 12:11:24,566 DEBUG impl.UnorderedAsync (UnorderedAsync.java:sendRequestWithRetry(74)) - client-CFB50CAB4D08: attempt #1 send~ RaftClientRequest:client-CFB50CAB4D08->s2@group-6E85041A3092, cid=2157, seq=0, Watch-ALL_COMMITTED(135), null
2019-09-24 12:11:24,566 INFO  grpc.TestWatchRequestWithGrpc (WatchRequestTests.java:get(172)) - majorityCommitted-Watch(86) returns RaftClientReply:client-CFB50CAB4D08->s2@group-6E85041A3092, cid=2016, SUCCESS, logIndex=0, commits[s2:c143, s0:c0, s1:c138]
2019-09-24 12:11:24,566 DEBUG impl.RaftServerImpl (RaftServerImpl.java:submitClientRequestAsync(533)) - s2@group-6E85041A3092: receive client request(RaftClientRequest:client-CFB50CAB4D08->s2@group-6E85041A3092, cid=2018, seq=0, Watch(87), Message:<EMPTY>)
2019-09-24 12:11:24,566 DEBUG impl.RaftServerImpl (LeaderState.java:addWatchReqeust(324)) - s2@group-6E85041A3092-LeaderState: addWatchRequest RaftClientRequest:client-CFB50CAB4D08->s2@group-6E85041A3092, cid=2018, seq=0, Watch(87), Message:<EMPTY>
2019-09-24 12:11:24,566 INFO  grpc.TestWatchRequestWithGrpc (WatchRequestTests.java:checkMajority(230)) - checkMajority 62: receive RaftClientReply:client-CFB50CAB4D08->s2@group-6E85041A3092, cid=1732, SUCCESS, logIndex=87, commits[s2:c93, s0:c0, s1:c75]
2019-09-24 12:11:24,566 INFO  grpc.TestWatchRequestWithGrpc (WatchRequestTests.java:lambda$sendRequests$0(99)) - SEND_WATCH: message=m97, logIndex=136
2019-09-24 12:11:24,566 DEBUG impl.RaftServerImpl (RaftServerImpl.java:submitClientRequestAsync(533)) - s2@group-6E85041A3092: receive client request(RaftClientRequest:client-CFB50CAB4D08->s2@group-6E85041A3092, cid=2019, seq=0, Watch-ALL(87), Message:<EMPTY>)
2019-09-24 12:11:24,567 DEBUG impl.UnorderedAsync (UnorderedAsync.java:sendRequestWithRetry(74)) - client-CFB50CAB4D08: attempt #1 send~ RaftClientRequest:client-CFB50CAB4D08->s2@group-6E85041A3092, cid=2158, seq=0, Watch(136), null
2019-09-24 12:11:24,567 DEBUG impl.RaftServerImpl (LeaderState.java:addWatchReqeust(324)) - s2@group-6E85041A3092-LeaderState: addWatchRequest RaftClientRequest:client-CFB50CAB4D08->s2@group-6E85041A3092, cid=2019, seq=0, Watch-ALL(87), Message:<EMPTY>
2019-09-24 12:11:24,567 DEBUG impl.UnorderedAsync (UnorderedAsync.java:sendRequestWithRetry(74)) - client-CFB50CAB4D08: attempt #1 send~ RaftClientRequest:client-CFB50CAB4D08->s2@group-6E85041A3092, cid=2159, seq=0, Watch-ALL(136), null
2019-09-24 12:11:24,567 DEBUG impl.UnorderedAsync (UnorderedAsync.java:lambda$sendRequestWithRetry$4(77)) - client-CFB50CAB4D08: attempt #1 receive~ RaftClientReply:client-CFB50CAB4D08->s2@group-6E85041A3092, cid=2018, SUCCESS, logIndex=0, commits[s2:c143, s0:c0, s1:c138]
2019-09-24 12:11:24,567 DEBUG impl.RaftServerImpl (RaftServerImpl.java:submitClientRequestAsync(533)) - s2@group-6E85041A3092: receive client request(RaftClientRequest:client-CFB50CAB4D08->s2@group-6E85041A3092, cid=2020, seq=0, Watch-MAJORITY_COMMITTED(87), Message:<EMPTY>)
2019-09-24 12:11:24,567 INFO  grpc.TestWatchRequestWithGrpc (WatchRequestTests.java:get(172)) - majority-Watch(87) returns RaftClientReply:client-CFB50CAB4D08->s2@group-6E85041A3092, cid=2018, SUCCESS, logIndex=0, commits[s2:c143, s0:c0, s1:c138]
2019-09-24 12:11:24,567 DEBUG impl.UnorderedAsync (UnorderedAsync.java:sendRequestWithRetry(74)) - client-CFB50CAB4D08: attempt #1 send~ RaftClientRequest:client-CFB50CAB4D08->s2@group-6E85041A3092, cid=2160, seq=0, Watch-MAJORITY_COMMITTED(136), null
2019-09-24 12:11:24,567 DEBUG impl.RaftServerImpl (LeaderState.java:addWatchReqeust(324)) - s2@group-6E85041A3092-LeaderState: addWatchRequest RaftClientRequest:client-CFB50CAB4D08->s2@group-6E85041A3092, cid=2020, seq=0, Watch-MAJORITY_COMMITTED(87), Message:<EMPTY>
2019-09-24 12:11:24,567 DEBUG impl.UnorderedAsync (UnorderedAsync.java:sendRequestWithRetry(74)) - client-CFB50CAB4D08: attempt #1 send~ RaftClientRequest:client-CFB50CAB4D08->s2@group-6E85041A3092, cid=2161, seq=0, Watch-ALL_COMMITTED(136), null
2019-09-24 12:11:24,568 DEBUG impl.RaftServerImpl (RaftServerImpl.java:submitClientRequestAsync(533)) - s2@group-6E85041A3092: receive client request(RaftClientRequest:client-CFB50CAB4D08->s2@group-6E85041A3092, cid=2021, seq=0, Watch-ALL_COMMITTED(87), Message:<EMPTY>)
2019-09-24 12:11:24,568 DEBUG impl.RaftServerImpl (LeaderState.java:addWatchReqeust(324)) - s2@group-6E85041A3092-LeaderState: addWatchRequest RaftClientRequest:client-CFB50CAB4D08->s2@group-6E85041A3092, cid=2021, seq=0, Watch-ALL_COMMITTED(87), Message:<EMPTY>
2019-09-24 12:11:24,568 INFO  grpc.TestWatchRequestWithGrpc (WatchRequestTests.java:lambda$sendRequests$0(99)) - SEND_WATCH: message=m98, logIndex=137
2019-09-24 12:11:24,568 DEBUG impl.RaftServerImpl (RaftServerImpl.java:submitClientRequestAsync(533)) - s2@group-6E85041A3092: receive client request(RaftClientRequest:client-CFB50CAB4D08->s2@group-6E85041A3092, cid=2022, seq=0, Watch(88), Message:<EMPTY>)
2019-09-24 12:11:24,568 DEBUG impl.UnorderedAsync (UnorderedAsync.java:sendRequestWithRetry(74)) - client-CFB50CAB4D08: attempt #1 send~ RaftClientRequest:client-CFB50CAB4D08->s2@group-6E85041A3092, cid=2162, seq=0, Watch(137), null
2019-09-24 12:11:24,568 DEBUG impl.UnorderedAsync (UnorderedAsync.java:lambda$sendRequestWithRetry$4(77)) - client-CFB50CAB4D08: attempt #1 receive~ RaftClientReply:client-CFB50CAB4D08->s2@group-6E85041A3092, cid=2020, SUCCESS, logIndex=0, commits[s2:c143, s0:c0, s1:c138]
2019-09-24 12:11:24,568 DEBUG impl.RaftServerImpl (LeaderState.java:addWatchReqeust(324)) - s2@group-6E85041A3092-LeaderState: addWatchRequest RaftClientRequest:client-CFB50CAB4D08->s2@group-6E85041A3092, cid=2022, seq=0, Watch(88), Message:<EMPTY>
2019-09-24 12:11:24,568 INFO  grpc.TestWatchRequestWithGrpc (WatchRequestTests.java:get(172)) - majorityCommitted-Watch(87) returns RaftClientReply:client-CFB50CAB4D08->s2@group-6E85041A3092, cid=2020, SUCCESS, logIndex=0, commits[s2:c143, s0:c0, s1:c138]
2019-09-24 12:11:24,568 DEBUG impl.UnorderedAsync (UnorderedAsync.java:sendRequestWithRetry(74)) - client-CFB50CAB4D08: attempt #1 send~ RaftClientRequest:client-CFB50CAB4D08->s2@group-6E85041A3092, cid=2163, seq=0, Watch-ALL(137), null
2019-09-24 12:11:24,569 INFO  grpc.TestWatchRequestWithGrpc (WatchRequestTests.java:checkMajority(230)) - checkMajority 63: receive RaftClientReply:client-CFB50CAB4D08->s2@group-6E85041A3092, cid=1733, SUCCESS, logIndex=88, commits[s2:c93, s0:c0, s1:c75]
2019-09-24 12:11:24,569 DEBUG impl.RaftServerImpl (RaftServerImpl.java:submitClientRequestAsync(533)) - s2@group-6E85041A3092: receive client request(RaftClientRequest:client-CFB50CAB4D08->s2@group-6E85041A3092, cid=2023, seq=0, Watch-ALL(88), Message:<EMPTY>)
2019-09-24 12:11:24,569 DEBUG impl.RaftServerImpl (LeaderState.java:addWatchReqeust(324)) - s2@group-6E85041A3092-LeaderState: addWatchRequest RaftClientRequest:client-CFB50CAB4D08->s2@group-6E85041A3092, cid=2023, seq=0, Watch-ALL(88), Message:<EMPTY>
2019-09-24 12:11:24,569 DEBUG impl.UnorderedAsync (UnorderedAsync.java:sendRequestWithRetry(74)) - client-CFB50CAB4D08: attempt #1 send~ RaftClientRequest:client-CFB50CAB4D08->s2@group-6E85041A3092, cid=2164, seq=0, Watch-MAJORITY_COMMITTED(137), null
2019-09-24 12:11:24,569 DEBUG impl.UnorderedAsync (UnorderedAsync.java:lambda$sendRequestWithRetry$4(77)) - client-CFB50CAB4D08: attempt #1 receive~ RaftClientReply:client-CFB50CAB4D08->s2@group-6E85041A3092, cid=2022, SUCCESS, logIndex=0, commits[s2:c143, s0:c0, s1:c138]
2019-09-24 12:11:24,569 DEBUG impl.RaftServerImpl (RaftServerImpl.java:submitClientRequestAsync(533)) - s2@group-6E85041A3092: receive client request(RaftClientRequest:client-CFB50CAB4D08->s2@group-6E85041A3092, cid=2024, seq=0, Watch-MAJORITY_COMMITTED(88), Message:<EMPTY>)
2019-09-24 12:11:24,569 INFO  grpc.TestWatchRequestWithGrpc (WatchRequestTests.java:get(172)) - majority-Watch(88) returns RaftClientReply:client-CFB50CAB4D08->s2@group-6E85041A3092, cid=2022, SUCCESS, logIndex=0, commits[s2:c143, s0:c0, s1:c138]
2019-09-24 12:11:24,569 DEBUG impl.UnorderedAsync (UnorderedAsync.java:sendRequestWithRetry(74)) - client-CFB50CAB4D08: attempt #1 send~ RaftClientRequest:client-CFB50CAB4D08->s2@group-6E85041A3092, cid=2165, seq=0, Watch-ALL_COMMITTED(137), null
2019-09-24 12:11:24,569 DEBUG impl.RaftServerImpl (LeaderState.java:addWatchReqeust(324)) - s2@group-6E85041A3092-LeaderState: addWatchRequest RaftClientRequest:client-CFB50CAB4D08->s2@group-6E85041A3092, cid=2024, seq=0, Watch-MAJORITY_COMMITTED(88), Message:<EMPTY>
2019-09-24 12:11:24,570 INFO  grpc.TestWatchRequestWithGrpc (WatchRequestTests.java:lambda$sendRequests$0(99)) - SEND_WATCH: message=m99, logIndex=138
2019-09-24 12:11:24,570 DEBUG impl.RaftServerImpl (RaftServerImpl.java:submitClientRequestAsync(533)) - s2@group-6E85041A3092: receive client request(RaftClientRequest:client-CFB50CAB4D08->s2@group-6E85041A3092, cid=2025, seq=0, Watch-ALL_COMMITTED(88), Message:<EMPTY>)
2019-09-24 12:11:24,570 DEBUG impl.UnorderedAsync (UnorderedAsync.java:sendRequestWithRetry(74)) - client-CFB50CAB4D08: attempt #1 send~ RaftClientRequest:client-CFB50CAB4D08->s2@group-6E85041A3092, cid=2166, seq=0, Watch(138), null
2019-09-24 12:11:24,570 DEBUG impl.RaftServerImpl (LeaderState.java:addWatchReqeust(324)) - s2@group-6E85041A3092-LeaderState: addWatchRequest RaftClientRequest:client-CFB50CAB4D08->s2@group-6E85041A3092, cid=2025, seq=0, Watch-ALL_COMMITTED(88), Message:<EMPTY>
2019-09-24 12:11:24,570 DEBUG impl.UnorderedAsync (UnorderedAsync.java:sendRequestWithRetry(74)) - client-CFB50CAB4D08: attempt #1 send~ RaftClientRequest:client-CFB50CAB4D08->s2@group-6E85041A3092, cid=2167, seq=0, Watch-ALL(138), null
2019-09-24 12:11:24,570 DEBUG impl.RaftServerImpl (RaftServerImpl.java:submitClientRequestAsync(533)) - s2@group-6E85041A3092: receive client request(RaftClientRequest:client-CFB50CAB4D08->s2@group-6E85041A3092, cid=2026, seq=0, Watch(89), Message:<EMPTY>)
2019-09-24 12:11:24,570 DEBUG impl.RaftServerImpl (LeaderState.java:addWatchReqeust(324)) - s2@group-6E85041A3092-LeaderState: addWatchRequest RaftClientRequest:client-CFB50CAB4D08->s2@group-6E85041A3092, cid=2026, seq=0, Watch(89), Message:<EMPTY>
2019-09-24 12:11:24,570 DEBUG impl.UnorderedAsync (UnorderedAsync.java:lambda$sendRequestWithRetry$4(77)) - client-CFB50CAB4D08: attempt #1 receive~ RaftClientReply:client-CFB50CAB4D08->s2@group-6E85041A3092, cid=2024, SUCCESS, logIndex=0, commits[s2:c143, s0:c0, s1:c138]
2019-09-24 12:11:24,570 DEBUG impl.UnorderedAsync (UnorderedAsync.java:sendRequestWithRetry(74)) - client-CFB50CAB4D08: attempt #1 send~ RaftClientRequest:client-CFB50CAB4D08->s2@group-6E85041A3092, cid=2168, seq=0, Watch-MAJORITY_COMMITTED(138), null
2019-09-24 12:11:24,571 DEBUG impl.RaftServerImpl (RaftServerImpl.java:submitClientRequestAsync(533)) - s2@group-6E85041A3092: receive client request(RaftClientRequest:client-CFB50CAB4D08->s2@group-6E85041A3092, cid=2027, seq=0, Watch-ALL(89), Message:<EMPTY>)
2019-09-24 12:11:24,571 INFO  grpc.TestWatchRequestWithGrpc (WatchRequestTests.java:get(172)) - majorityCommitted-Watch(88) returns RaftClientReply:client-CFB50CAB4D08->s2@group-6E85041A3092, cid=2024, SUCCESS, logIndex=0, commits[s2:c143, s0:c0, s1:c138]
2019-09-24 12:11:24,571 DEBUG impl.RaftServerImpl (LeaderState.java:addWatchReqeust(324)) - s2@group-6E85041A3092-LeaderState: addWatchRequest RaftClientRequest:client-CFB50CAB4D08->s2@group-6E85041A3092, cid=2027, seq=0, Watch-ALL(89), Message:<EMPTY>
2019-09-24 12:11:24,571 DEBUG impl.UnorderedAsync (UnorderedAsync.java:sendRequestWithRetry(74)) - client-CFB50CAB4D08: attempt #1 send~ RaftClientRequest:client-CFB50CAB4D08->s2@group-6E85041A3092, cid=2169, seq=0, Watch-ALL_COMMITTED(138), null
2019-09-24 12:11:24,571 DEBUG impl.RaftServerImpl (RaftServerImpl.java:submitClientRequestAsync(533)) - s2@group-6E85041A3092: receive client request(RaftClientRequest:client-CFB50CAB4D08->s2@group-6E85041A3092, cid=2028, seq=0, Watch-MAJORITY_COMMITTED(89), Message:<EMPTY>)
2019-09-24 12:11:24,571 DEBUG impl.RaftServerImpl (LeaderState.java:addWatchReqeust(324)) - s2@group-6E85041A3092-LeaderState: addWatchRequest RaftClientRequest:client-CFB50CAB4D08->s2@group-6E85041A3092, cid=2028, seq=0, Watch-MAJORITY_COMMITTED(89), Message:<EMPTY>
2019-09-24 12:11:24,571 DEBUG impl.UnorderedAsync (UnorderedAsync.java:lambda$sendRequestWithRetry$4(77)) - client-CFB50CAB4D08: attempt #1 receive~ RaftClientReply:client-CFB50CAB4D08->s2@group-6E85041A3092, cid=2026, SUCCESS, logIndex=0, commits[s2:c143, s0:c0, s1:c138]
2019-09-24 12:11:24,571 INFO  grpc.TestWatchRequestWithGrpc (WatchRequestTests.java:checkMajority(230)) - checkMajority 64: receive RaftClientReply:client-CFB50CAB4D08->s2@group-6E85041A3092, cid=1734, SUCCESS, logIndex=89, commits[s2:c93, s0:c0, s1:c75]
2019-09-24 12:11:24,572 DEBUG impl.RaftServerImpl (RaftServerImpl.java:submitClientRequestAsync(533)) - s2@group-6E85041A3092: receive client request(RaftClientRequest:client-CFB50CAB4D08->s2@group-6E85041A3092, cid=2029, seq=0, Watch-ALL_COMMITTED(89), Message:<EMPTY>)
2019-09-24 12:11:24,572 INFO  grpc.TestWatchRequestWithGrpc (WatchRequestTests.java:get(172)) - majority-Watch(89) returns RaftClientReply:client-CFB50CAB4D08->s2@group-6E85041A3092, cid=2026, SUCCESS, logIndex=0, commits[s2:c143, s0:c0, s1:c138]
2019-09-24 12:11:24,572 DEBUG impl.RaftServerImpl (LeaderState.java:addWatchReqeust(324)) - s2@group-6E85041A3092-LeaderState: addWatchRequest RaftClientRequest:client-CFB50CAB4D08->s2@group-6E85041A3092, cid=2029, seq=0, Watch-ALL_COMMITTED(89), Message:<EMPTY>
2019-09-24 12:11:24,572 DEBUG impl.UnorderedAsync (UnorderedAsync.java:lambda$sendRequestWithRetry$4(77)) - client-CFB50CAB4D08: attempt #1 receive~ RaftClientReply:client-CFB50CAB4D08->s2@group-6E85041A3092, cid=2028, SUCCESS, logIndex=0, commits[s2:c143, s0:c0, s1:c138]
2019-09-24 12:11:24,572 DEBUG impl.RaftServerImpl (RaftServerImpl.java:submitClientRequestAsync(533)) - s2@group-6E85041A3092: receive client request(RaftClientRequest:client-CFB50CAB4D08->s2@group-6E85041A3092, cid=2030, seq=0, Watch(90), Message:<EMPTY>)
2019-09-24 12:11:24,572 INFO  grpc.TestWatchRequestWithGrpc (WatchRequestTests.java:get(172)) - majorityCommitted-Watch(89) returns RaftClientReply:client-CFB50CAB4D08->s2@group-6E85041A3092, cid=2028, SUCCESS, logIndex=0, commits[s2:c143, s0:c0, s1:c138]
2019-09-24 12:11:24,572 DEBUG impl.RaftServerImpl (LeaderState.java:addWatchReqeust(324)) - s2@group-6E85041A3092-LeaderState: addWatchRequest RaftClientRequest:client-CFB50CAB4D08->s2@group-6E85041A3092, cid=2030, seq=0, Watch(90), Message:<EMPTY>
2019-09-24 12:11:24,572 INFO  grpc.TestWatchRequestWithGrpc (WatchRequestTests.java:checkMajority(230)) - checkMajority 65: receive RaftClientReply:client-CFB50CAB4D08->s2@group-6E85041A3092, cid=1735, SUCCESS, logIndex=90, commits[s2:c93, s0:c0, s1:c76]
2019-09-24 12:11:24,573 DEBUG impl.RaftServerImpl (RaftServerImpl.java:submitClientRequestAsync(533)) - s2@group-6E85041A3092: receive client request(RaftClientRequest:client-CFB50CAB4D08->s2@group-6E85041A3092, cid=2031, seq=0, Watch-ALL(90), Message:<EMPTY>)
2019-09-24 12:11:24,573 DEBUG impl.RaftServerImpl (LeaderState.java:addWatchReqeust(324)) - s2@group-6E85041A3092-LeaderState: addWatchRequest RaftClientRequest:client-CFB50CAB4D08->s2@group-6E85041A3092, cid=2031, seq=0, Watch-ALL(90), Message:<EMPTY>
2019-09-24 12:11:24,573 DEBUG impl.RaftServerImpl (RaftServerImpl.java:submitClientRequestAsync(533)) - s2@group-6E85041A3092: receive client request(RaftClientRequest:client-CFB50CAB4D08->s2@group-6E85041A3092, cid=2032, seq=0, Watch-MAJORITY_COMMITTED(90), Message:<EMPTY>)
2019-09-24 12:11:24,573 DEBUG impl.RaftServerImpl (LeaderState.java:addWatchReqeust(324)) - s2@group-6E85041A3092-LeaderState: addWatchRequest RaftClientRequest:client-CFB50CAB4D08->s2@group-6E85041A3092, cid=2032, seq=0, Watch-MAJORITY_COMMITTED(90), Message:<EMPTY>
2019-09-24 12:11:24,573 DEBUG impl.UnorderedAsync (UnorderedAsync.java:lambda$sendRequestWithRetry$4(77)) - client-CFB50CAB4D08: attempt #1 receive~ RaftClientReply:client-CFB50CAB4D08->s2@group-6E85041A3092, cid=2030, SUCCESS, logIndex=0, commits[s2:c143, s0:c0, s1:c138]
2019-09-24 12:11:24,573 INFO  grpc.TestWatchRequestWithGrpc (WatchRequestTests.java:get(172)) - majority-Watch(90) returns RaftClientReply:client-CFB50CAB4D08->s2@group-6E85041A3092, cid=2030, SUCCESS, logIndex=0, commits[s2:c143, s0:c0, s1:c138]
2019-09-24 12:11:24,573 DEBUG impl.RaftServerImpl (RaftServerImpl.java:submitClientRequestAsync(533)) - s2@group-6E85041A3092: receive client request(RaftClientRequest:client-CFB50CAB4D08->s2@group-6E85041A3092, cid=2033, seq=0, Watch-ALL_COMMITTED(90), Message:<EMPTY>)
2019-09-24 12:11:24,573 DEBUG impl.RaftServerImpl (LeaderState.java:addWatchReqeust(324)) - s2@group-6E85041A3092-LeaderState: addWatchRequest RaftClientRequest:client-CFB50CAB4D08->s2@group-6E85041A3092, cid=2033, seq=0, Watch-ALL_COMMITTED(90), Message:<EMPTY>
2019-09-24 12:11:24,573 DEBUG impl.RaftServerImpl (RaftServerImpl.java:submitClientRequestAsync(533)) - s2@group-6E85041A3092: receive client request(RaftClientRequest:client-CFB50CAB4D08->s2@group-6E85041A3092, cid=2034, seq=0, Watch(91), Message:<EMPTY>)
2019-09-24 12:11:24,574 DEBUG impl.RaftServerImpl (LeaderState.java:addWatchReqeust(324)) - s2@group-6E85041A3092-LeaderState: addWatchRequest RaftClientRequest:client-CFB50CAB4D08->s2@group-6E85041A3092, cid=2034, seq=0, Watch(91), Message:<EMPTY>
2019-09-24 12:11:24,574 DEBUG impl.UnorderedAsync (UnorderedAsync.java:lambda$sendRequestWithRetry$4(77)) - client-CFB50CAB4D08: attempt #1 receive~ RaftClientReply:client-CFB50CAB4D08->s2@group-6E85041A3092, cid=2032, SUCCESS, logIndex=0, commits[s2:c143, s0:c0, s1:c138]
2019-09-24 12:11:24,574 INFO  grpc.TestWatchRequestWithGrpc (WatchRequestTests.java:get(172)) - majorityCommitted-Watch(90) returns RaftClientReply:client-CFB50CAB4D08->s2@group-6E85041A3092, cid=2032, SUCCESS, logIndex=0, commits[s2:c143, s0:c0, s1:c138]
2019-09-24 12:11:24,574 DEBUG impl.RaftServerImpl (RaftServerImpl.java:submitClientRequestAsync(533)) - s2@group-6E85041A3092: receive client request(RaftClientRequest:client-CFB50CAB4D08->s2@group-6E85041A3092, cid=2035, seq=0, Watch-ALL(91), Message:<EMPTY>)
2019-09-24 12:11:24,574 INFO  grpc.TestWatchRequestWithGrpc (WatchRequestTests.java:checkMajority(230)) - checkMajority 66: receive RaftClientReply:client-CFB50CAB4D08->s2@group-6E85041A3092, cid=1736, SUCCESS, logIndex=91, commits[s2:c95, s0:c0, s1:c93]
2019-09-24 12:11:24,574 DEBUG impl.RaftServerImpl (LeaderState.java:addWatchReqeust(324)) - s2@group-6E85041A3092-LeaderState: addWatchRequest RaftClientRequest:client-CFB50CAB4D08->s2@group-6E85041A3092, cid=2035, seq=0, Watch-ALL(91), Message:<EMPTY>
2019-09-24 12:11:24,574 DEBUG impl.RaftServerImpl (RaftServerImpl.java:submitClientRequestAsync(533)) - s2@group-6E85041A3092: receive client request(RaftClientRequest:client-CFB50CAB4D08->s2@group-6E85041A3092, cid=2036, seq=0, Watch-MAJORITY_COMMITTED(91), Message:<EMPTY>)
2019-09-24 12:11:24,574 DEBUG impl.UnorderedAsync (UnorderedAsync.java:lambda$sendRequestWithRetry$4(77)) - client-CFB50CAB4D08: attempt #1 receive~ RaftClientReply:client-CFB50CAB4D08->s2@group-6E85041A3092, cid=2034, SUCCESS, logIndex=0, commits[s2:c143, s0:c0, s1:c138]
2019-09-24 12:11:24,574 DEBUG impl.RaftServerImpl (LeaderState.java:addWatchReqeust(324)) - s2@group-6E85041A3092-LeaderState: addWatchRequest RaftClientRequest:client-CFB50CAB4D08->s2@group-6E85041A3092, cid=2036, seq=0, Watch-MAJORITY_COMMITTED(91), Message:<EMPTY>
2019-09-24 12:11:24,574 INFO  grpc.TestWatchRequestWithGrpc (WatchRequestTests.java:get(172)) - majority-Watch(91) returns RaftClientReply:client-CFB50CAB4D08->s2@group-6E85041A3092, cid=2034, SUCCESS, logIndex=0, commits[s2:c143, s0:c0, s1:c138]
2019-09-24 12:11:24,575 DEBUG impl.RaftServerImpl (RaftServerImpl.java:submitClientRequestAsync(533)) - s2@group-6E85041A3092: receive client request(RaftClientRequest:client-CFB50CAB4D08->s2@group-6E85041A3092, cid=2037, seq=0, Watch-ALL_COMMITTED(91), Message:<EMPTY>)
2019-09-24 12:11:24,575 DEBUG impl.RaftServerImpl (LeaderState.java:addWatchReqeust(324)) - s2@group-6E85041A3092-LeaderState: addWatchRequest RaftClientRequest:client-CFB50CAB4D08->s2@group-6E85041A3092, cid=2037, seq=0, Watch-ALL_COMMITTED(91), Message:<EMPTY>
2019-09-24 12:11:24,575 DEBUG impl.RaftServerImpl (RaftServerImpl.java:submitClientRequestAsync(533)) - s2@group-6E85041A3092: receive client request(RaftClientRequest:client-CFB50CAB4D08->s2@group-6E85041A3092, cid=2038, seq=0, Watch(92), Message:<EMPTY>)
2019-09-24 12:11:24,575 DEBUG impl.RaftServerImpl (LeaderState.java:addWatchReqeust(324)) - s2@group-6E85041A3092-LeaderState: addWatchRequest RaftClientRequest:client-CFB50CAB4D08->s2@group-6E85041A3092, cid=2038, seq=0, Watch(92), Message:<EMPTY>
2019-09-24 12:11:24,575 DEBUG impl.UnorderedAsync (UnorderedAsync.java:lambda$sendRequestWithRetry$4(77)) - client-CFB50CAB4D08: attempt #1 receive~ RaftClientReply:client-CFB50CAB4D08->s2@group-6E85041A3092, cid=2036, SUCCESS, logIndex=0, commits[s2:c143, s0:c0, s1:c138]
2019-09-24 12:11:24,576 INFO  grpc.TestWatchRequestWithGrpc (WatchRequestTests.java:get(172)) - majorityCommitted-Watch(91) returns RaftClientReply:client-CFB50CAB4D08->s2@group-6E85041A3092, cid=2036, SUCCESS, logIndex=0, commits[s2:c143, s0:c0, s1:c138]
2019-09-24 12:11:24,576 DEBUG impl.RaftServerImpl (RaftServerImpl.java:submitClientRequestAsync(533)) - s2@group-6E85041A3092: receive client request(RaftClientRequest:client-CFB50CAB4D08->s2@group-6E85041A3092, cid=2039, seq=0, Watch-ALL(92), Message:<EMPTY>)
2019-09-24 12:11:24,576 INFO  grpc.TestWatchRequestWithGrpc (WatchRequestTests.java:checkMajority(230)) - checkMajority 67: receive RaftClientReply:client-CFB50CAB4D08->s2@group-6E85041A3092, cid=1737, SUCCESS, logIndex=92, commits[s2:c99, s0:c0, s1:c93]
2019-09-24 12:11:24,576 DEBUG impl.RaftServerImpl (LeaderState.java:addWatchReqeust(324)) - s2@group-6E85041A3092-LeaderState: addWatchRequest RaftClientRequest:client-CFB50CAB4D08->s2@group-6E85041A3092, cid=2039, seq=0, Watch-ALL(92), Message:<EMPTY>
2019-09-24 12:11:24,576 DEBUG impl.RaftServerImpl (RaftServerImpl.java:submitClientRequestAsync(533)) - s2@group-6E85041A3092: receive client request(RaftClientRequest:client-CFB50CAB4D08->s2@group-6E85041A3092, cid=2040, seq=0, Watch-MAJORITY_COMMITTED(92), Message:<EMPTY>)
2019-09-24 12:11:24,576 DEBUG impl.RaftServerImpl (LeaderState.java:addWatchReqeust(324)) - s2@group-6E85041A3092-LeaderState: addWatchRequest RaftClientRequest:client-CFB50CAB4D08->s2@group-6E85041A3092, cid=2040, seq=0, Watch-MAJORITY_COMMITTED(92), Message:<EMPTY>
2019-09-24 12:11:24,576 DEBUG impl.UnorderedAsync (UnorderedAsync.java:lambda$sendRequestWithRetry$4(77)) - client-CFB50CAB4D08: attempt #1 receive~ RaftClientReply:client-CFB50CAB4D08->s2@group-6E85041A3092, cid=2038, SUCCESS, logIndex=0, commits[s2:c143, s0:c0, s1:c138]
2019-09-24 12:11:24,576 INFO  grpc.TestWatchRequestWithGrpc (WatchRequestTests.java:get(172)) - majority-Watch(92) returns RaftClientReply:client-CFB50CAB4D08->s2@group-6E85041A3092, cid=2038, SUCCESS, logIndex=0, commits[s2:c143, s0:c0, s1:c138]
2019-09-24 12:11:24,576 DEBUG impl.RaftServerImpl (RaftServerImpl.java:submitClientRequestAsync(533)) - s2@group-6E85041A3092: receive client request(RaftClientRequest:client-CFB50CAB4D08->s2@group-6E85041A3092, cid=2041, seq=0, Watch-ALL_COMMITTED(92), Message:<EMPTY>)
2019-09-24 12:11:24,577 DEBUG impl.RaftServerImpl (LeaderState.java:addWatchReqeust(324)) - s2@group-6E85041A3092-LeaderState: addWatchRequest RaftClientRequest:client-CFB50CAB4D08->s2@group-6E85041A3092, cid=2041, seq=0, Watch-ALL_COMMITTED(92), Message:<EMPTY>
2019-09-24 12:11:24,577 DEBUG impl.UnorderedAsync (UnorderedAsync.java:lambda$sendRequestWithRetry$4(77)) - client-CFB50CAB4D08: attempt #1 receive~ RaftClientReply:client-CFB50CAB4D08->s2@group-6E85041A3092, cid=2040, SUCCESS, logIndex=0, commits[s2:c143, s0:c0, s1:c138]
2019-09-24 12:11:24,577 DEBUG impl.RaftServerImpl (RaftServerImpl.java:submitClientRequestAsync(533)) - s2@group-6E85041A3092: receive client request(RaftClientRequest:client-CFB50CAB4D08->s2@group-6E85041A3092, cid=2042, seq=0, Watch(93), Message:<EMPTY>)
2019-09-24 12:11:24,577 INFO  grpc.TestWatchRequestWithGrpc (WatchRequestTests.java:get(172)) - majorityCommitted-Watch(92) returns RaftClientReply:client-CFB50CAB4D08->s2@group-6E85041A3092, cid=2040, SUCCESS, logIndex=0, commits[s2:c143, s0:c0, s1:c138]
2019-09-24 12:11:24,577 DEBUG impl.RaftServerImpl (LeaderState.java:addWatchReqeust(324)) - s2@group-6E85041A3092-LeaderState: addWatchRequest RaftClientRequest:client-CFB50CAB4D08->s2@group-6E85041A3092, cid=2042, seq=0, Watch(93), Message:<EMPTY>
2019-09-24 12:11:24,577 INFO  grpc.TestWatchRequestWithGrpc (WatchRequestTests.java:checkMajority(230)) - checkMajority 68: receive RaftClientReply:client-CFB50CAB4D08->s2@group-6E85041A3092, cid=1738, SUCCESS, logIndex=93, commits[s2:c99, s0:c0, s1:c93]
2019-09-24 12:11:24,577 DEBUG impl.RaftServerImpl (RaftServerImpl.java:submitClientRequestAsync(533)) - s2@group-6E85041A3092: receive client request(RaftClientRequest:client-CFB50CAB4D08->s2@group-6E85041A3092, cid=2043, seq=0, Watch-ALL(93), Message:<EMPTY>)
2019-09-24 12:11:24,577 DEBUG impl.RaftServerImpl (LeaderState.java:addWatchReqeust(324)) - s2@group-6E85041A3092-LeaderState: addWatchRequest RaftClientRequest:client-CFB50CAB4D08->s2@group-6E85041A3092, cid=2043, seq=0, Watch-ALL(93), Message:<EMPTY>
2019-09-24 12:11:24,578 DEBUG impl.RaftServerImpl (RaftServerImpl.java:submitClientRequestAsync(533)) - s2@group-6E85041A3092: receive client request(RaftClientRequest:client-CFB50CAB4D08->s2@group-6E85041A3092, cid=2044, seq=0, Watch-MAJORITY_COMMITTED(93), Message:<EMPTY>)
2019-09-24 12:11:24,578 DEBUG impl.RaftServerImpl (LeaderState.java:addWatchReqeust(324)) - s2@group-6E85041A3092-LeaderState: addWatchRequest RaftClientRequest:client-CFB50CAB4D08->s2@group-6E85041A3092, cid=2044, seq=0, Watch-MAJORITY_COMMITTED(93), Message:<EMPTY>
2019-09-24 12:11:24,578 DEBUG impl.UnorderedAsync (UnorderedAsync.java:lambda$sendRequestWithRetry$4(77)) - client-CFB50CAB4D08: attempt #1 receive~ RaftClientReply:client-CFB50CAB4D08->s2@group-6E85041A3092, cid=2042, SUCCESS, logIndex=0, commits[s2:c143, s0:c0, s1:c138]
2019-09-24 12:11:24,578 INFO  grpc.TestWatchRequestWithGrpc (WatchRequestTests.java:get(172)) - majority-Watch(93) returns RaftClientReply:client-CFB50CAB4D08->s2@group-6E85041A3092, cid=2042, SUCCESS, logIndex=0, commits[s2:c143, s0:c0, s1:c138]
2019-09-24 12:11:24,578 DEBUG impl.RaftServerImpl (RaftServerImpl.java:submitClientRequestAsync(533)) - s2@group-6E85041A3092: receive client request(RaftClientRequest:client-CFB50CAB4D08->s2@group-6E85041A3092, cid=2045, seq=0, Watch-ALL_COMMITTED(93), Message:<EMPTY>)
2019-09-24 12:11:24,578 DEBUG impl.RaftServerImpl (LeaderState.java:addWatchReqeust(324)) - s2@group-6E85041A3092-LeaderState: addWatchRequest RaftClientRequest:client-CFB50CAB4D08->s2@group-6E85041A3092, cid=2045, seq=0, Watch-ALL_COMMITTED(93), Message:<EMPTY>
2019-09-24 12:11:24,578 DEBUG impl.RaftServerImpl (RaftServerImpl.java:submitClientRequestAsync(533)) - s2@group-6E85041A3092: receive client request(RaftClientRequest:client-CFB50CAB4D08->s2@group-6E85041A3092, cid=2046, seq=0, Watch(97), Message:<EMPTY>)
2019-09-24 12:11:24,578 DEBUG impl.UnorderedAsync (UnorderedAsync.java:lambda$sendRequestWithRetry$4(77)) - client-CFB50CAB4D08: attempt #1 receive~ RaftClientReply:client-CFB50CAB4D08->s2@group-6E85041A3092, cid=2044, SUCCESS, logIndex=0, commits[s2:c143, s0:c0, s1:c138]
2019-09-24 12:11:24,579 DEBUG impl.RaftServerImpl (LeaderState.java:addWatchReqeust(324)) - s2@group-6E85041A3092-LeaderState: addWatchRequest RaftClientRequest:client-CFB50CAB4D08->s2@group-6E85041A3092, cid=2046, seq=0, Watch(97), Message:<EMPTY>
2019-09-24 12:11:24,579 INFO  grpc.TestWatchRequestWithGrpc (WatchRequestTests.java:get(172)) - majorityCommitted-Watch(93) returns RaftClientReply:client-CFB50CAB4D08->s2@group-6E85041A3092, cid=2044, SUCCESS, logIndex=0, commits[s2:c143, s0:c0, s1:c138]
2019-09-24 12:11:24,579 DEBUG impl.WatchRequests (WatchRequests.java:updateIndex(142)) - s2@group-6E85041A3092-WatchRequests: update MAJORITY_COMMITTED index from 138 to 143
2019-09-24 12:11:24,579 DEBUG impl.RaftServerImpl (RaftServerImpl.java:submitClientRequestAsync(533)) - s2@group-6E85041A3092: receive client request(RaftClientRequest:client-CFB50CAB4D08->s2@group-6E85041A3092, cid=2047, seq=0, Watch-ALL(97), Message:<EMPTY>)
2019-09-24 12:11:24,579 DEBUG impl.RaftServerImpl (LeaderState.java:addWatchReqeust(324)) - s2@group-6E85041A3092-LeaderState: addWatchRequest RaftClientRequest:client-CFB50CAB4D08->s2@group-6E85041A3092, cid=2047, seq=0, Watch-ALL(97), Message:<EMPTY>
2019-09-24 12:11:24,579 INFO  grpc.TestWatchRequestWithGrpc (WatchRequestTests.java:checkMajority(230)) - checkMajority 69: receive RaftClientReply:client-CFB50CAB4D08->s2@group-6E85041A3092, cid=1739, SUCCESS, logIndex=97, commits[s2:c99, s0:c0, s1:c93]
2019-09-24 12:11:24,579 DEBUG impl.UnorderedAsync (UnorderedAsync.java:lambda$sendRequestWithRetry$4(77)) - client-CFB50CAB4D08: attempt #1 receive~ RaftClientReply:client-CFB50CAB4D08->s2@group-6E85041A3092, cid=2046, SUCCESS, logIndex=0, commits[s2:c143, s0:c0, s1:c143]
2019-09-24 12:11:24,579 DEBUG impl.RaftServerImpl (RaftServerImpl.java:submitClientRequestAsync(533)) - s2@group-6E85041A3092: receive client request(RaftClientRequest:client-CFB50CAB4D08->s2@group-6E85041A3092, cid=2048, seq=0, Watch-MAJORITY_COMMITTED(97), Message:<EMPTY>)
2019-09-24 12:11:24,579 INFO  grpc.TestWatchRequestWithGrpc (WatchRequestTests.java:get(172)) - majority-Watch(97) returns RaftClientReply:client-CFB50CAB4D08->s2@group-6E85041A3092, cid=2046, SUCCESS, logIndex=0, commits[s2:c143, s0:c0, s1:c143]
2019-09-24 12:11:24,580 DEBUG impl.RaftServerImpl (LeaderState.java:addWatchReqeust(324)) - s2@group-6E85041A3092-LeaderState: addWatchRequest RaftClientRequest:client-CFB50CAB4D08->s2@group-6E85041A3092, cid=2048, seq=0, Watch-MAJORITY_COMMITTED(97), Message:<EMPTY>
2019-09-24 12:11:24,580 DEBUG impl.RaftServerImpl (RaftServerImpl.java:submitClientRequestAsync(533)) - s2@group-6E85041A3092: receive client request(RaftClientRequest:client-CFB50CAB4D08->s2@group-6E85041A3092, cid=2049, seq=0, Watch-ALL_COMMITTED(97), Message:<EMPTY>)
2019-09-24 12:11:24,580 DEBUG impl.RaftServerImpl (LeaderState.java:addWatchReqeust(324)) - s2@group-6E85041A3092-LeaderState: addWatchRequest RaftClientRequest:client-CFB50CAB4D08->s2@group-6E85041A3092, cid=2049, seq=0, Watch-ALL_COMMITTED(97), Message:<EMPTY>
2019-09-24 12:11:24,580 DEBUG impl.RaftServerImpl (RaftServerImpl.java:submitClientRequestAsync(533)) - s2@group-6E85041A3092: receive client request(RaftClientRequest:client-CFB50CAB4D08->s2@group-6E85041A3092, cid=2050, seq=0, Watch(98), Message:<EMPTY>)
2019-09-24 12:11:24,580 DEBUG impl.UnorderedAsync (UnorderedAsync.java:lambda$sendRequestWithRetry$4(77)) - client-CFB50CAB4D08: attempt #1 receive~ RaftClientReply:client-CFB50CAB4D08->s2@group-6E85041A3092, cid=2048, SUCCESS, logIndex=0, commits[s2:c143, s0:c0, s1:c143]
2019-09-24 12:11:24,580 DEBUG impl.RaftServerImpl (LeaderState.java:addWatchReqeust(324)) - s2@group-6E85041A3092-LeaderState: addWatchRequest RaftClientRequest:client-CFB50CAB4D08->s2@group-6E85041A3092, cid=2050, seq=0, Watch(98), Message:<EMPTY>
2019-09-24 12:11:24,581 INFO  grpc.TestWatchRequestWithGrpc (WatchRequestTests.java:get(172)) - majorityCommitted-Watch(97) returns RaftClientReply:client-CFB50CAB4D08->s2@group-6E85041A3092, cid=2048, SUCCESS, logIndex=0, commits[s2:c143, s0:c0, s1:c143]
2019-09-24 12:11:24,581 INFO  grpc.TestWatchRequestWithGrpc (WatchRequestTests.java:checkMajority(230)) - checkMajority 70: receive RaftClientReply:client-CFB50CAB4D08->s2@group-6E85041A3092, cid=1740, SUCCESS, logIndex=98, commits[s2:c99, s0:c0, s1:c93]
2019-09-24 12:11:24,581 DEBUG impl.RaftServerImpl (RaftServerImpl.java:submitClientRequestAsync(533)) - s2@group-6E85041A3092: receive client request(RaftClientRequest:client-CFB50CAB4D08->s2@group-6E85041A3092, cid=2051, seq=0, Watch-ALL(98), Message:<EMPTY>)
2019-09-24 12:11:24,581 DEBUG impl.RaftServerImpl (LeaderState.java:addWatchReqeust(324)) - s2@group-6E85041A3092-LeaderState: addWatchRequest RaftClientRequest:client-CFB50CAB4D08->s2@group-6E85041A3092, cid=2051, seq=0, Watch-ALL(98), Message:<EMPTY>
2019-09-24 12:11:24,581 DEBUG impl.UnorderedAsync (UnorderedAsync.java:lambda$sendRequestWithRetry$4(77)) - client-CFB50CAB4D08: attempt #1 receive~ RaftClientReply:client-CFB50CAB4D08->s2@group-6E85041A3092, cid=2050, SUCCESS, logIndex=0, commits[s2:c143, s0:c0, s1:c143]
2019-09-24 12:11:24,581 DEBUG impl.RaftServerImpl (RaftServerImpl.java:submitClientRequestAsync(533)) - s2@group-6E85041A3092: receive client request(RaftClientRequest:client-CFB50CAB4D08->s2@group-6E85041A3092, cid=2052, seq=0, Watch-MAJORITY_COMMITTED(98), Message:<EMPTY>)
2019-09-24 12:11:24,581 INFO  grpc.TestWatchRequestWithGrpc (WatchRequestTests.java:get(172)) - majority-Watch(98) returns RaftClientReply:client-CFB50CAB4D08->s2@group-6E85041A3092, cid=2050, SUCCESS, logIndex=0, commits[s2:c143, s0:c0, s1:c143]
2019-09-24 12:11:24,581 DEBUG impl.RaftServerImpl (LeaderState.java:addWatchReqeust(324)) - s2@group-6E85041A3092-LeaderState: addWatchRequest RaftClientRequest:client-CFB50CAB4D08->s2@group-6E85041A3092, cid=2052, seq=0, Watch-MAJORITY_COMMITTED(98), Message:<EMPTY>
2019-09-24 12:11:24,582 DEBUG impl.RaftServerImpl (RaftServerImpl.java:submitClientRequestAsync(533)) - s2@group-6E85041A3092: receive client request(RaftClientRequest:client-CFB50CAB4D08->s2@group-6E85041A3092, cid=2053, seq=0, Watch-ALL_COMMITTED(98), Message:<EMPTY>)
2019-09-24 12:11:24,582 DEBUG impl.RaftServerImpl (LeaderState.java:addWatchReqeust(324)) - s2@group-6E85041A3092-LeaderState: addWatchRequest RaftClientRequest:client-CFB50CAB4D08->s2@group-6E85041A3092, cid=2053, seq=0, Watch-ALL_COMMITTED(98), Message:<EMPTY>
2019-09-24 12:11:24,582 DEBUG impl.RaftServerImpl (RaftServerImpl.java:submitClientRequestAsync(533)) - s2@group-6E85041A3092: receive client request(RaftClientRequest:client-CFB50CAB4D08->s2@group-6E85041A3092, cid=2054, seq=0, Watch(99), Message:<EMPTY>)
2019-09-24 12:11:24,582 DEBUG impl.RaftServerImpl (LeaderState.java:addWatchReqeust(324)) - s2@group-6E85041A3092-LeaderState: addWatchRequest RaftClientRequest:client-CFB50CAB4D08->s2@group-6E85041A3092, cid=2054, seq=0, Watch(99), Message:<EMPTY>
2019-09-24 12:11:24,582 DEBUG impl.UnorderedAsync (UnorderedAsync.java:lambda$sendRequestWithRetry$4(77)) - client-CFB50CAB4D08: attempt #1 receive~ RaftClientReply:client-CFB50CAB4D08->s2@group-6E85041A3092, cid=2052, SUCCESS, logIndex=0, commits[s2:c143, s0:c0, s1:c143]
2019-09-24 12:11:24,582 INFO  grpc.TestWatchRequestWithGrpc (WatchRequestTests.java:get(172)) - majorityCommitted-Watch(98) returns RaftClientReply:client-CFB50CAB4D08->s2@group-6E85041A3092, cid=2052, SUCCESS, logIndex=0, commits[s2:c143, s0:c0, s1:c143]
2019-09-24 12:11:24,582 DEBUG impl.RaftServerImpl (RaftServerImpl.java:submitClientRequestAsync(533)) - s2@group-6E85041A3092: receive client request(RaftClientRequest:client-CFB50CAB4D08->s2@group-6E85041A3092, cid=2055, seq=0, Watch-ALL(99), Message:<EMPTY>)
2019-09-24 12:11:24,583 INFO  grpc.TestWatchRequestWithGrpc (WatchRequestTests.java:checkMajority(230)) - checkMajority 71: receive RaftClientReply:client-CFB50CAB4D08->s2@group-6E85041A3092, cid=1741, SUCCESS, logIndex=99, commits[s2:c99, s0:c0, s1:c93]
2019-09-24 12:11:24,583 DEBUG impl.RaftServerImpl (LeaderState.java:addWatchReqeust(324)) - s2@group-6E85041A3092-LeaderState: addWatchRequest RaftClientRequest:client-CFB50CAB4D08->s2@group-6E85041A3092, cid=2055, seq=0, Watch-ALL(99), Message:<EMPTY>
2019-09-24 12:11:24,583 DEBUG impl.UnorderedAsync (UnorderedAsync.java:lambda$sendRequestWithRetry$4(77)) - client-CFB50CAB4D08: attempt #1 receive~ RaftClientReply:client-CFB50CAB4D08->s2@group-6E85041A3092, cid=2054, SUCCESS, logIndex=0, commits[s2:c143, s0:c0, s1:c143]
2019-09-24 12:11:24,583 DEBUG impl.RaftServerImpl (RaftServerImpl.java:submitClientRequestAsync(533)) - s2@group-6E85041A3092: receive client request(RaftClientRequest:client-CFB50CAB4D08->s2@group-6E85041A3092, cid=2056, seq=0, Watch-MAJORITY_COMMITTED(99), Message:<EMPTY>)
2019-09-24 12:11:24,583 INFO  grpc.TestWatchRequestWithGrpc (WatchRequestTests.java:get(172)) - majority-Watch(99) returns RaftClientReply:client-CFB50CAB4D08->s2@group-6E85041A3092, cid=2054, SUCCESS, logIndex=0, commits[s2:c143, s0:c0, s1:c143]
2019-09-24 12:11:24,583 DEBUG impl.RaftServerImpl (LeaderState.java:addWatchReqeust(324)) - s2@group-6E85041A3092-LeaderState: addWatchRequest RaftClientRequest:client-CFB50CAB4D08->s2@group-6E85041A3092, cid=2056, seq=0, Watch-MAJORITY_COMMITTED(99), Message:<EMPTY>
2019-09-24 12:11:24,583 DEBUG impl.RaftServerImpl (RaftServerImpl.java:submitClientRequestAsync(533)) - s2@group-6E85041A3092: receive client request(RaftClientRequest:client-CFB50CAB4D08->s2@group-6E85041A3092, cid=2057, seq=0, Watch-ALL_COMMITTED(99), Message:<EMPTY>)
2019-09-24 12:11:24,583 DEBUG impl.RaftServerImpl (LeaderState.java:addWatchReqeust(324)) - s2@group-6E85041A3092-LeaderState: addWatchRequest RaftClientRequest:client-CFB50CAB4D08->s2@group-6E85041A3092, cid=2057, seq=0, Watch-ALL_COMMITTED(99), Message:<EMPTY>
2019-09-24 12:11:24,584 DEBUG impl.RaftServerImpl (RaftServerImpl.java:submitClientRequestAsync(533)) - s2@group-6E85041A3092: receive client request(RaftClientRequest:client-CFB50CAB4D08->s2@group-6E85041A3092, cid=2058, seq=0, Watch(100), Message:<EMPTY>)
2019-09-24 12:11:24,584 DEBUG impl.RaftServerImpl (LeaderState.java:addWatchReqeust(324)) - s2@group-6E85041A3092-LeaderState: addWatchRequest RaftClientRequest:client-CFB50CAB4D08->s2@group-6E85041A3092, cid=2058, seq=0, Watch(100), Message:<EMPTY>
2019-09-24 12:11:24,584 DEBUG impl.UnorderedAsync (UnorderedAsync.java:lambda$sendRequestWithRetry$4(77)) - client-CFB50CAB4D08: attempt #1 receive~ RaftClientReply:client-CFB50CAB4D08->s2@group-6E85041A3092, cid=2056, SUCCESS, logIndex=0, commits[s2:c143, s0:c0, s1:c143]
2019-09-24 12:11:24,584 INFO  grpc.TestWatchRequestWithGrpc (WatchRequestTests.java:get(172)) - majorityCommitted-Watch(99) returns RaftClientReply:client-CFB50CAB4D08->s2@group-6E85041A3092, cid=2056, SUCCESS, logIndex=0, commits[s2:c143, s0:c0, s1:c143]
2019-09-24 12:11:24,584 DEBUG impl.RaftServerImpl (RaftServerImpl.java:submitClientRequestAsync(533)) - s2@group-6E85041A3092: receive client request(RaftClientRequest:client-CFB50CAB4D08->s2@group-6E85041A3092, cid=2059, seq=0, Watch-ALL(100), Message:<EMPTY>)
2019-09-24 12:11:24,584 INFO  grpc.TestWatchRequestWithGrpc (WatchRequestTests.java:checkMajority(230)) - checkMajority 72: receive RaftClientReply:client-CFB50CAB4D08->s2@group-6E85041A3092, cid=1742, SUCCESS, logIndex=100, commits[s2:c100, s0:c0, s1:c93]
2019-09-24 12:11:24,584 DEBUG impl.RaftServerImpl (LeaderState.java:addWatchReqeust(324)) - s2@group-6E85041A3092-LeaderState: addWatchRequest RaftClientRequest:client-CFB50CAB4D08->s2@group-6E85041A3092, cid=2059, seq=0, Watch-ALL(100), Message:<EMPTY>
2019-09-24 12:11:24,584 DEBUG impl.UnorderedAsync (UnorderedAsync.java:lambda$sendRequestWithRetry$4(77)) - client-CFB50CAB4D08: attempt #1 receive~ RaftClientReply:client-CFB50CAB4D08->s2@group-6E85041A3092, cid=2058, SUCCESS, logIndex=0, commits[s2:c143, s0:c0, s1:c143]
2019-09-24 12:11:24,584 DEBUG impl.RaftServerImpl (RaftServerImpl.java:submitClientRequestAsync(533)) - s2@group-6E85041A3092: receive client request(RaftClientRequest:client-CFB50CAB4D08->s2@group-6E85041A3092, cid=2060, seq=0, Watch-MAJORITY_COMMITTED(100), Message:<EMPTY>)
2019-09-24 12:11:24,585 INFO  grpc.TestWatchRequestWithGrpc (WatchRequestTests.java:get(172)) - majority-Watch(100) returns RaftClientReply:client-CFB50CAB4D08->s2@group-6E85041A3092, cid=2058, SUCCESS, logIndex=0, commits[s2:c143, s0:c0, s1:c143]
2019-09-24 12:11:24,585 DEBUG impl.RaftServerImpl (LeaderState.java:addWatchReqeust(324)) - s2@group-6E85041A3092-LeaderState: addWatchRequest RaftClientRequest:client-CFB50CAB4D08->s2@group-6E85041A3092, cid=2060, seq=0, Watch-MAJORITY_COMMITTED(100), Message:<EMPTY>
2019-09-24 12:11:24,585 DEBUG impl.RaftServerImpl (RaftServerImpl.java:submitClientRequestAsync(533)) - s2@group-6E85041A3092: receive client request(RaftClientRequest:client-CFB50CAB4D08->s2@group-6E85041A3092, cid=2061, seq=0, Watch-ALL_COMMITTED(100), Message:<EMPTY>)
2019-09-24 12:11:24,585 DEBUG impl.RaftServerImpl (LeaderState.java:addWatchReqeust(324)) - s2@group-6E85041A3092-LeaderState: addWatchRequest RaftClientRequest:client-CFB50CAB4D08->s2@group-6E85041A3092, cid=2061, seq=0, Watch-ALL_COMMITTED(100), Message:<EMPTY>
2019-09-24 12:11:24,586 DEBUG impl.RaftServerImpl (RaftServerImpl.java:submitClientRequestAsync(533)) - s2@group-6E85041A3092: receive client request(RaftClientRequest:client-CFB50CAB4D08->s2@group-6E85041A3092, cid=2062, seq=0, Watch(102), Message:<EMPTY>)
2019-09-24 12:11:24,586 DEBUG impl.RaftServerImpl (LeaderState.java:addWatchReqeust(324)) - s2@group-6E85041A3092-LeaderState: addWatchRequest RaftClientRequest:client-CFB50CAB4D08->s2@group-6E85041A3092, cid=2062, seq=0, Watch(102), Message:<EMPTY>
2019-09-24 12:11:24,586 DEBUG impl.UnorderedAsync (UnorderedAsync.java:lambda$sendRequestWithRetry$4(77)) - client-CFB50CAB4D08: attempt #1 receive~ RaftClientReply:client-CFB50CAB4D08->s2@group-6E85041A3092, cid=2060, SUCCESS, logIndex=0, commits[s2:c143, s0:c0, s1:c143]
2019-09-24 12:11:24,586 INFO  grpc.TestWatchRequestWithGrpc (WatchRequestTests.java:get(172)) - majorityCommitted-Watch(100) returns RaftClientReply:client-CFB50CAB4D08->s2@group-6E85041A3092, cid=2060, SUCCESS, logIndex=0, commits[s2:c143, s0:c0, s1:c143]
2019-09-24 12:11:24,586 DEBUG impl.RaftServerImpl (RaftServerImpl.java:submitClientRequestAsync(533)) - s2@group-6E85041A3092: receive client request(RaftClientRequest:client-CFB50CAB4D08->s2@group-6E85041A3092, cid=2063, seq=0, Watch-ALL(102), Message:<EMPTY>)
2019-09-24 12:11:24,586 INFO  grpc.TestWatchRequestWithGrpc (WatchRequestTests.java:checkMajority(230)) - checkMajority 73: receive RaftClientReply:client-CFB50CAB4D08->s2@group-6E85041A3092, cid=1743, SUCCESS, logIndex=102, commits[s2:c105, s0:c0, s1:c99]
2019-09-24 12:11:24,586 DEBUG impl.RaftServerImpl (LeaderState.java:addWatchReqeust(324)) - s2@group-6E85041A3092-LeaderState: addWatchRequest RaftClientRequest:client-CFB50CAB4D08->s2@group-6E85041A3092, cid=2063, seq=0, Watch-ALL(102), Message:<EMPTY>
2019-09-24 12:11:24,586 DEBUG impl.UnorderedAsync (UnorderedAsync.java:lambda$sendRequestWithRetry$4(77)) - client-CFB50CAB4D08: attempt #1 receive~ RaftClientReply:client-CFB50CAB4D08->s2@group-6E85041A3092, cid=2062, SUCCESS, logIndex=0, commits[s2:c143, s0:c0, s1:c143]
2019-09-24 12:11:24,587 DEBUG impl.RaftServerImpl (RaftServerImpl.java:submitClientRequestAsync(533)) - s2@group-6E85041A3092: receive client request(RaftClientRequest:client-CFB50CAB4D08->s2@group-6E85041A3092, cid=2064, seq=0, Watch-MAJORITY_COMMITTED(102), Message:<EMPTY>)
2019-09-24 12:11:24,587 INFO  grpc.TestWatchRequestWithGrpc (WatchRequestTests.java:get(172)) - majority-Watch(102) returns RaftClientReply:client-CFB50CAB4D08->s2@group-6E85041A3092, cid=2062, SUCCESS, logIndex=0, commits[s2:c143, s0:c0, s1:c143]
2019-09-24 12:11:24,587 DEBUG impl.RaftServerImpl (LeaderState.java:addWatchReqeust(324)) - s2@group-6E85041A3092-LeaderState: addWatchRequest RaftClientRequest:client-CFB50CAB4D08->s2@group-6E85041A3092, cid=2064, seq=0, Watch-MAJORITY_COMMITTED(102), Message:<EMPTY>
2019-09-24 12:11:24,587 DEBUG impl.RaftServerImpl (RaftServerImpl.java:submitClientRequestAsync(533)) - s2@group-6E85041A3092: receive client request(RaftClientRequest:client-CFB50CAB4D08->s2@group-6E85041A3092, cid=2065, seq=0, Watch-ALL_COMMITTED(102), Message:<EMPTY>)
2019-09-24 12:11:24,587 DEBUG impl.RaftServerImpl (LeaderState.java:addWatchReqeust(324)) - s2@group-6E85041A3092-LeaderState: addWatchRequest RaftClientRequest:client-CFB50CAB4D08->s2@group-6E85041A3092, cid=2065, seq=0, Watch-ALL_COMMITTED(102), Message:<EMPTY>
2019-09-24 12:11:24,588 DEBUG impl.RaftServerImpl (RaftServerImpl.java:submitClientRequestAsync(533)) - s2@group-6E85041A3092: receive client request(RaftClientRequest:client-CFB50CAB4D08->s2@group-6E85041A3092, cid=2066, seq=0, Watch(103), Message:<EMPTY>)
2019-09-24 12:11:24,588 DEBUG impl.RaftServerImpl (LeaderState.java:addWatchReqeust(324)) - s2@group-6E85041A3092-LeaderState: addWatchRequest RaftClientRequest:client-CFB50CAB4D08->s2@group-6E85041A3092, cid=2066, seq=0, Watch(103), Message:<EMPTY>
2019-09-24 12:11:24,588 DEBUG impl.UnorderedAsync (UnorderedAsync.java:lambda$sendRequestWithRetry$4(77)) - client-CFB50CAB4D08: attempt #1 receive~ RaftClientReply:client-CFB50CAB4D08->s2@group-6E85041A3092, cid=2064, SUCCESS, logIndex=0, commits[s2:c143, s0:c0, s1:c143]
2019-09-24 12:11:24,588 INFO  grpc.TestWatchRequestWithGrpc (WatchRequestTests.java:get(172)) - majorityCommitted-Watch(102) returns RaftClientReply:client-CFB50CAB4D08->s2@group-6E85041A3092, cid=2064, SUCCESS, logIndex=0, commits[s2:c143, s0:c0, s1:c143]
2019-09-24 12:11:24,588 DEBUG impl.RaftServerImpl (RaftServerImpl.java:submitClientRequestAsync(533)) - s2@group-6E85041A3092: receive client request(RaftClientRequest:client-CFB50CAB4D08->s2@group-6E85041A3092, cid=2067, seq=0, Watch-ALL(103), Message:<EMPTY>)
2019-09-24 12:11:24,588 INFO  grpc.TestWatchRequestWithGrpc (WatchRequestTests.java:checkMajority(230)) - checkMajority 74: receive RaftClientReply:client-CFB50CAB4D08->s2@group-6E85041A3092, cid=1744, SUCCESS, logIndex=103, commits[s2:c106, s0:c0, s1:c99]
2019-09-24 12:11:24,588 DEBUG impl.RaftServerImpl (LeaderState.java:addWatchReqeust(324)) - s2@group-6E85041A3092-LeaderState: addWatchRequest RaftClientRequest:client-CFB50CAB4D08->s2@group-6E85041A3092, cid=2067, seq=0, Watch-ALL(103), Message:<EMPTY>
2019-09-24 12:11:24,588 DEBUG impl.UnorderedAsync (UnorderedAsync.java:lambda$sendRequestWithRetry$4(77)) - client-CFB50CAB4D08: attempt #1 receive~ RaftClientReply:client-CFB50CAB4D08->s2@group-6E85041A3092, cid=2066, SUCCESS, logIndex=0, commits[s2:c143, s0:c0, s1:c143]
2019-09-24 12:11:24,588 DEBUG impl.RaftServerImpl (RaftServerImpl.java:submitClientRequestAsync(533)) - s2@group-6E85041A3092: receive client request(RaftClientRequest:client-CFB50CAB4D08->s2@group-6E85041A3092, cid=2068, seq=0, Watch-MAJORITY_COMMITTED(103), Message:<EMPTY>)
2019-09-24 12:11:24,588 INFO  grpc.TestWatchRequestWithGrpc (WatchRequestTests.java:get(172)) - majority-Watch(103) returns RaftClientReply:client-CFB50CAB4D08->s2@group-6E85041A3092, cid=2066, SUCCESS, logIndex=0, commits[s2:c143, s0:c0, s1:c143]
2019-09-24 12:11:24,589 DEBUG impl.RaftServerImpl (LeaderState.java:addWatchReqeust(324)) - s2@group-6E85041A3092-LeaderState: addWatchRequest RaftClientRequest:client-CFB50CAB4D08->s2@group-6E85041A3092, cid=2068, seq=0, Watch-MAJORITY_COMMITTED(103), Message:<EMPTY>
2019-09-24 12:11:24,589 DEBUG impl.RaftServerImpl (RaftServerImpl.java:submitClientRequestAsync(533)) - s2@group-6E85041A3092: receive client request(RaftClientRequest:client-CFB50CAB4D08->s2@group-6E85041A3092, cid=2069, seq=0, Watch-ALL_COMMITTED(103), Message:<EMPTY>)
2019-09-24 12:11:24,589 DEBUG impl.RaftServerImpl (LeaderState.java:addWatchReqeust(324)) - s2@group-6E85041A3092-LeaderState: addWatchRequest RaftClientRequest:client-CFB50CAB4D08->s2@group-6E85041A3092, cid=2069, seq=0, Watch-ALL_COMMITTED(103), Message:<EMPTY>
2019-09-24 12:11:24,589 DEBUG impl.RaftServerImpl (RaftServerImpl.java:submitClientRequestAsync(533)) - s2@group-6E85041A3092: receive client request(RaftClientRequest:client-CFB50CAB4D08->s2@group-6E85041A3092, cid=2070, seq=0, Watch(104), Message:<EMPTY>)
2019-09-24 12:11:24,589 DEBUG impl.UnorderedAsync (UnorderedAsync.java:lambda$sendRequestWithRetry$4(77)) - client-CFB50CAB4D08: attempt #1 receive~ RaftClientReply:client-CFB50CAB4D08->s2@group-6E85041A3092, cid=2068, SUCCESS, logIndex=0, commits[s2:c143, s0:c0, s1:c143]
2019-09-24 12:11:24,589 DEBUG impl.RaftServerImpl (LeaderState.java:addWatchReqeust(324)) - s2@group-6E85041A3092-LeaderState: addWatchRequest RaftClientRequest:client-CFB50CAB4D08->s2@group-6E85041A3092, cid=2070, seq=0, Watch(104), Message:<EMPTY>
2019-09-24 12:11:24,589 INFO  grpc.TestWatchRequestWithGrpc (WatchRequestTests.java:get(172)) - majorityCommitted-Watch(103) returns RaftClientReply:client-CFB50CAB4D08->s2@group-6E85041A3092, cid=2068, SUCCESS, logIndex=0, commits[s2:c143, s0:c0, s1:c143]
2019-09-24 12:11:24,590 INFO  grpc.TestWatchRequestWithGrpc (WatchRequestTests.java:checkMajority(230)) - checkMajority 75: receive RaftClientReply:client-CFB50CAB4D08->s2@group-6E85041A3092, cid=1745, SUCCESS, logIndex=104, commits[s2:c107, s0:c0, s1:c100]
2019-09-24 12:11:24,590 DEBUG impl.RaftServerImpl (RaftServerImpl.java:submitClientRequestAsync(533)) - s2@group-6E85041A3092: receive client request(RaftClientRequest:client-CFB50CAB4D08->s2@group-6E85041A3092, cid=2071, seq=0, Watch-ALL(104), Message:<EMPTY>)
2019-09-24 12:11:24,590 DEBUG impl.RaftServerImpl (LeaderState.java:addWatchReqeust(324)) - s2@group-6E85041A3092-LeaderState: addWatchRequest RaftClientRequest:client-CFB50CAB4D08->s2@group-6E85041A3092, cid=2071, seq=0, Watch-ALL(104), Message:<EMPTY>
2019-09-24 12:11:24,590 DEBUG impl.RaftServerImpl (RaftServerImpl.java:submitClientRequestAsync(533)) - s2@group-6E85041A3092: receive client request(RaftClientRequest:client-CFB50CAB4D08->s2@group-6E85041A3092, cid=2072, seq=0, Watch-MAJORITY_COMMITTED(104), Message:<EMPTY>)
2019-09-24 12:11:24,590 DEBUG impl.UnorderedAsync (UnorderedAsync.java:lambda$sendRequestWithRetry$4(77)) - client-CFB50CAB4D08: attempt #1 receive~ RaftClientReply:client-CFB50CAB4D08->s2@group-6E85041A3092, cid=2070, SUCCESS, logIndex=0, commits[s2:c143, s0:c0, s1:c143]
2019-09-24 12:11:24,590 DEBUG impl.RaftServerImpl (LeaderState.java:addWatchReqeust(324)) - s2@group-6E85041A3092-LeaderState: addWatchRequest RaftClientRequest:client-CFB50CAB4D08->s2@group-6E85041A3092, cid=2072, seq=0, Watch-MAJORITY_COMMITTED(104), Message:<EMPTY>
2019-09-24 12:11:24,590 INFO  grpc.TestWatchRequestWithGrpc (WatchRequestTests.java:get(172)) - majority-Watch(104) returns RaftClientReply:client-CFB50CAB4D08->s2@group-6E85041A3092, cid=2070, SUCCESS, logIndex=0, commits[s2:c143, s0:c0, s1:c143]
2019-09-24 12:11:24,591 DEBUG impl.RaftServerImpl (RaftServerImpl.java:submitClientRequestAsync(533)) - s2@group-6E85041A3092: receive client request(RaftClientRequest:client-CFB50CAB4D08->s2@group-6E85041A3092, cid=2073, seq=0, Watch-ALL_COMMITTED(104), Message:<EMPTY>)
2019-09-24 12:11:24,591 DEBUG impl.RaftServerImpl (LeaderState.java:addWatchReqeust(324)) - s2@group-6E85041A3092-LeaderState: addWatchRequest RaftClientRequest:client-CFB50CAB4D08->s2@group-6E85041A3092, cid=2073, seq=0, Watch-ALL_COMMITTED(104), Message:<EMPTY>
2019-09-24 12:11:24,591 DEBUG impl.RaftServerImpl (RaftServerImpl.java:submitClientRequestAsync(533)) - s2@group-6E85041A3092: receive client request(RaftClientRequest:client-CFB50CAB4D08->s2@group-6E85041A3092, cid=2074, seq=0, Watch(105), Message:<EMPTY>)
2019-09-24 12:11:24,591 DEBUG impl.RaftServerImpl (LeaderState.java:addWatchReqeust(324)) - s2@group-6E85041A3092-LeaderState: addWatchRequest RaftClientRequest:client-CFB50CAB4D08->s2@group-6E85041A3092, cid=2074, seq=0, Watch(105), Message:<EMPTY>
2019-09-24 12:11:24,591 DEBUG impl.UnorderedAsync (UnorderedAsync.java:lambda$sendRequestWithRetry$4(77)) - client-CFB50CAB4D08: attempt #1 receive~ RaftClientReply:client-CFB50CAB4D08->s2@group-6E85041A3092, cid=2072, SUCCESS, logIndex=0, commits[s2:c143, s0:c0, s1:c143]
2019-09-24 12:11:24,591 INFO  grpc.TestWatchRequestWithGrpc (WatchRequestTests.java:get(172)) - majorityCommitted-Watch(104) returns RaftClientReply:client-CFB50CAB4D08->s2@group-6E85041A3092, cid=2072, SUCCESS, logIndex=0, commits[s2:c143, s0:c0, s1:c143]
2019-09-24 12:11:24,591 DEBUG impl.RaftServerImpl (RaftServerImpl.java:submitClientRequestAsync(533)) - s2@group-6E85041A3092: receive client request(RaftClientRequest:client-CFB50CAB4D08->s2@group-6E85041A3092, cid=2075, seq=0, Watch-ALL(105), Message:<EMPTY>)
2019-09-24 12:11:24,591 INFO  grpc.TestWatchRequestWithGrpc (WatchRequestTests.java:checkMajority(230)) - checkMajority 76: receive RaftClientReply:client-CFB50CAB4D08->s2@group-6E85041A3092, cid=1746, SUCCESS, logIndex=105, commits[s2:c108, s0:c0, s1:c105]
2019-09-24 12:11:24,591 DEBUG impl.RaftServerImpl (LeaderState.java:addWatchReqeust(324)) - s2@group-6E85041A3092-LeaderState: addWatchRequest RaftClientRequest:client-CFB50CAB4D08->s2@group-6E85041A3092, cid=2075, seq=0, Watch-ALL(105), Message:<EMPTY>
2019-09-24 12:11:24,592 DEBUG impl.RaftServerImpl (RaftServerImpl.java:submitClientRequestAsync(533)) - s2@group-6E85041A3092: receive client request(RaftClientRequest:client-CFB50CAB4D08->s2@group-6E85041A3092, cid=2076, seq=0, Watch-MAJORITY_COMMITTED(105), Message:<EMPTY>)
2019-09-24 12:11:24,592 DEBUG impl.UnorderedAsync (UnorderedAsync.java:lambda$sendRequestWithRetry$4(77)) - client-CFB50CAB4D08: attempt #1 receive~ RaftClientReply:client-CFB50CAB4D08->s2@group-6E85041A3092, cid=2074, SUCCESS, logIndex=0, commits[s2:c143, s0:c0, s1:c143]
2019-09-24 12:11:24,592 DEBUG impl.RaftServerImpl (LeaderState.java:addWatchReqeust(324)) - s2@group-6E85041A3092-LeaderState: addWatchRequest RaftClientRequest:client-CFB50CAB4D08->s2@group-6E85041A3092, cid=2076, seq=0, Watch-MAJORITY_COMMITTED(105), Message:<EMPTY>
2019-09-24 12:11:24,592 INFO  grpc.TestWatchRequestWithGrpc (WatchRequestTests.java:get(172)) - majority-Watch(105) returns RaftClientReply:client-CFB50CAB4D08->s2@group-6E85041A3092, cid=2074, SUCCESS, logIndex=0, commits[s2:c143, s0:c0, s1:c143]
2019-09-24 12:11:24,592 DEBUG impl.RaftServerImpl (RaftServerImpl.java:submitClientRequestAsync(533)) - s2@group-6E85041A3092: receive client request(RaftClientRequest:client-CFB50CAB4D08->s2@group-6E85041A3092, cid=2077, seq=0, Watch-ALL_COMMITTED(105), Message:<EMPTY>)
2019-09-24 12:11:24,592 DEBUG impl.RaftServerImpl (LeaderState.java:addWatchReqeust(324)) - s2@group-6E85041A3092-LeaderState: addWatchRequest RaftClientRequest:client-CFB50CAB4D08->s2@group-6E85041A3092, cid=2077, seq=0, Watch-ALL_COMMITTED(105), Message:<EMPTY>
2019-09-24 12:11:24,592 DEBUG impl.RaftServerImpl (RaftServerImpl.java:submitClientRequestAsync(533)) - s2@group-6E85041A3092: receive client request(RaftClientRequest:client-CFB50CAB4D08->s2@group-6E85041A3092, cid=2078, seq=0, Watch(106), Message:<EMPTY>)
2019-09-24 12:11:24,593 DEBUG impl.RaftServerImpl (LeaderState.java:addWatchReqeust(324)) - s2@group-6E85041A3092-LeaderState: addWatchRequest RaftClientRequest:client-CFB50CAB4D08->s2@group-6E85041A3092, cid=2078, seq=0, Watch(106), Message:<EMPTY>
2019-09-24 12:11:24,593 DEBUG impl.UnorderedAsync (UnorderedAsync.java:lambda$sendRequestWithRetry$4(77)) - client-CFB50CAB4D08: attempt #1 receive~ RaftClientReply:client-CFB50CAB4D08->s2@group-6E85041A3092, cid=2076, SUCCESS, logIndex=0, commits[s2:c143, s0:c0, s1:c143]
2019-09-24 12:11:24,593 INFO  grpc.TestWatchRequestWithGrpc (WatchRequestTests.java:get(172)) - majorityCommitted-Watch(105) returns RaftClientReply:client-CFB50CAB4D08->s2@group-6E85041A3092, cid=2076, SUCCESS, logIndex=0, commits[s2:c143, s0:c0, s1:c143]
2019-09-24 12:11:24,593 DEBUG impl.RaftServerImpl (RaftServerImpl.java:submitClientRequestAsync(533)) - s2@group-6E85041A3092: receive client request(RaftClientRequest:client-CFB50CAB4D08->s2@group-6E85041A3092, cid=2079, seq=0, Watch-ALL(106), Message:<EMPTY>)
2019-09-24 12:11:24,593 INFO  grpc.TestWatchRequestWithGrpc (WatchRequestTests.java:checkMajority(230)) - checkMajority 77: receive RaftClientReply:client-CFB50CAB4D08->s2@group-6E85041A3092, cid=1747, SUCCESS, logIndex=106, commits[s2:c108, s0:c0, s1:c105]
2019-09-24 12:11:24,593 DEBUG impl.RaftServerImpl (LeaderState.java:addWatchReqeust(324)) - s2@group-6E85041A3092-LeaderState: addWatchRequest RaftClientRequest:client-CFB50CAB4D08->s2@group-6E85041A3092, cid=2079, seq=0, Watch-ALL(106), Message:<EMPTY>
2019-09-24 12:11:24,594 DEBUG impl.RaftServerImpl (RaftServerImpl.java:submitClientRequestAsync(533)) - s2@group-6E85041A3092: receive client request(RaftClientRequest:client-CFB50CAB4D08->s2@group-6E85041A3092, cid=2080, seq=0, Watch-MAJORITY_COMMITTED(106), Message:<EMPTY>)
2019-09-24 12:11:24,594 DEBUG impl.RaftServerImpl (LeaderState.java:addWatchReqeust(324)) - s2@group-6E85041A3092-LeaderState: addWatchRequest RaftClientRequest:client-CFB50CAB4D08->s2@group-6E85041A3092, cid=2080, seq=0, Watch-MAJORITY_COMMITTED(106), Message:<EMPTY>
2019-09-24 12:11:24,594 DEBUG impl.UnorderedAsync (UnorderedAsync.java:lambda$sendRequestWithRetry$4(77)) - client-CFB50CAB4D08: attempt #1 receive~ RaftClientReply:client-CFB50CAB4D08->s2@group-6E85041A3092, cid=2078, SUCCESS, logIndex=0, commits[s2:c143, s0:c0, s1:c143]
2019-09-24 12:11:24,594 INFO  grpc.TestWatchRequestWithGrpc (WatchRequestTests.java:get(172)) - majority-Watch(106) returns RaftClientReply:client-CFB50CAB4D08->s2@group-6E85041A3092, cid=2078, SUCCESS, logIndex=0, commits[s2:c143, s0:c0, s1:c143]
2019-09-24 12:11:24,594 DEBUG impl.RaftServerImpl (RaftServerImpl.java:submitClientRequestAsync(533)) - s2@group-6E85041A3092: receive client request(RaftClientRequest:client-CFB50CAB4D08->s2@group-6E85041A3092, cid=2081, seq=0, Watch-ALL_COMMITTED(106), Message:<EMPTY>)
2019-09-24 12:11:24,594 DEBUG impl.RaftServerImpl (LeaderState.java:addWatchReqeust(324)) - s2@group-6E85041A3092-LeaderState: addWatchRequest RaftClientRequest:client-CFB50CAB4D08->s2@group-6E85041A3092, cid=2081, seq=0, Watch-ALL_COMMITTED(106), Message:<EMPTY>
2019-09-24 12:11:24,595 DEBUG impl.RaftServerImpl (RaftServerImpl.java:submitClientRequestAsync(533)) - s2@group-6E85041A3092: receive client request(RaftClientRequest:client-CFB50CAB4D08->s2@group-6E85041A3092, cid=2082, seq=0, Watch(110), Message:<EMPTY>)
2019-09-24 12:11:24,595 DEBUG impl.RaftServerImpl (LeaderState.java:addWatchReqeust(324)) - s2@group-6E85041A3092-LeaderState: addWatchRequest RaftClientRequest:client-CFB50CAB4D08->s2@group-6E85041A3092, cid=2082, seq=0, Watch(110), Message:<EMPTY>
2019-09-24 12:11:24,595 DEBUG impl.UnorderedAsync (UnorderedAsync.java:lambda$sendRequestWithRetry$4(77)) - client-CFB50CAB4D08: attempt #1 receive~ RaftClientReply:client-CFB50CAB4D08->s2@group-6E85041A3092, cid=2080, SUCCESS, logIndex=0, commits[s2:c143, s0:c0, s1:c143]
2019-09-24 12:11:24,595 INFO  grpc.TestWatchRequestWithGrpc (WatchRequestTests.java:get(172)) - majorityCommitted-Watch(106) returns RaftClientReply:client-CFB50CAB4D08->s2@group-6E85041A3092, cid=2080, SUCCESS, logIndex=0, commits[s2:c143, s0:c0, s1:c143]
2019-09-24 12:11:24,595 DEBUG impl.RaftServerImpl (RaftServerImpl.java:submitClientRequestAsync(533)) - s2@group-6E85041A3092: receive client request(RaftClientRequest:client-CFB50CAB4D08->s2@group-6E85041A3092, cid=2083, seq=0, Watch-ALL(110), Message:<EMPTY>)
2019-09-24 12:11:24,595 INFO  grpc.TestWatchRequestWithGrpc (WatchRequestTests.java:checkMajority(230)) - checkMajority 78: receive RaftClientReply:client-CFB50CAB4D08->s2@group-6E85041A3092, cid=1748, SUCCESS, logIndex=110, commits[s2:c110, s0:c0, s1:c106]
2019-09-24 12:11:24,595 DEBUG impl.RaftServerImpl (LeaderState.java:addWatchReqeust(324)) - s2@group-6E85041A3092-LeaderState: addWatchRequest RaftClientRequest:client-CFB50CAB4D08->s2@group-6E85041A3092, cid=2083, seq=0, Watch-ALL(110), Message:<EMPTY>
2019-09-24 12:11:24,596 DEBUG impl.RaftServerImpl (RaftServerImpl.java:submitClientRequestAsync(533)) - s2@group-6E85041A3092: receive client request(RaftClientRequest:client-CFB50CAB4D08->s2@group-6E85041A3092, cid=2084, seq=0, Watch-MAJORITY_COMMITTED(110), Message:<EMPTY>)
2019-09-24 12:11:24,596 DEBUG impl.RaftServerImpl (LeaderState.java:addWatchReqeust(324)) - s2@group-6E85041A3092-LeaderState: addWatchRequest RaftClientRequest:client-CFB50CAB4D08->s2@group-6E85041A3092, cid=2084, seq=0, Watch-MAJORITY_COMMITTED(110), Message:<EMPTY>
2019-09-24 12:11:24,596 DEBUG impl.UnorderedAsync (UnorderedAsync.java:lambda$sendRequestWithRetry$4(77)) - client-CFB50CAB4D08: attempt #1 receive~ RaftClientReply:client-CFB50CAB4D08->s2@group-6E85041A3092, cid=2082, SUCCESS, logIndex=0, commits[s2:c143, s0:c0, s1:c143]
2019-09-24 12:11:24,596 INFO  grpc.TestWatchRequestWithGrpc (WatchRequestTests.java:get(172)) - majority-Watch(110) returns RaftClientReply:client-CFB50CAB4D08->s2@group-6E85041A3092, cid=2082, SUCCESS, logIndex=0, commits[s2:c143, s0:c0, s1:c143]
2019-09-24 12:11:24,596 DEBUG impl.RaftServerImpl (RaftServerImpl.java:submitClientRequestAsync(533)) - s2@group-6E85041A3092: receive client request(RaftClientRequest:client-CFB50CAB4D08->s2@group-6E85041A3092, cid=2085, seq=0, Watch-ALL_COMMITTED(110), Message:<EMPTY>)
2019-09-24 12:11:24,596 DEBUG impl.RaftServerImpl (LeaderState.java:addWatchReqeust(324)) - s2@group-6E85041A3092-LeaderState: addWatchRequest RaftClientRequest:client-CFB50CAB4D08->s2@group-6E85041A3092, cid=2085, seq=0, Watch-ALL_COMMITTED(110), Message:<EMPTY>
2019-09-24 12:11:24,596 DEBUG impl.UnorderedAsync (UnorderedAsync.java:lambda$sendRequestWithRetry$4(77)) - client-CFB50CAB4D08: attempt #1 receive~ RaftClientReply:client-CFB50CAB4D08->s2@group-6E85041A3092, cid=2084, SUCCESS, logIndex=0, commits[s2:c143, s0:c0, s1:c143]
2019-09-24 12:11:24,596 DEBUG impl.RaftServerImpl (RaftServerImpl.java:submitClientRequestAsync(533)) - s2@group-6E85041A3092: receive client request(RaftClientRequest:client-CFB50CAB4D08->s2@group-6E85041A3092, cid=2086, seq=0, Watch(111), Message:<EMPTY>)
2019-09-24 12:11:24,597 INFO  grpc.TestWatchRequestWithGrpc (WatchRequestTests.java:get(172)) - majorityCommitted-Watch(110) returns RaftClientReply:client-CFB50CAB4D08->s2@group-6E85041A3092, cid=2084, SUCCESS, logIndex=0, commits[s2:c143, s0:c0, s1:c143]
2019-09-24 12:11:24,597 DEBUG impl.RaftServerImpl (LeaderState.java:addWatchReqeust(324)) - s2@group-6E85041A3092-LeaderState: addWatchRequest RaftClientRequest:client-CFB50CAB4D08->s2@group-6E85041A3092, cid=2086, seq=0, Watch(111), Message:<EMPTY>
2019-09-24 12:11:24,597 INFO  grpc.TestWatchRequestWithGrpc (WatchRequestTests.java:checkMajority(230)) - checkMajority 79: receive RaftClientReply:client-CFB50CAB4D08->s2@group-6E85041A3092, cid=1749, SUCCESS, logIndex=111, commits[s2:c111, s0:c0, s1:c108]
2019-09-24 12:11:24,597 DEBUG impl.RaftServerImpl (RaftServerImpl.java:submitClientRequestAsync(533)) - s2@group-6E85041A3092: receive client request(RaftClientRequest:client-CFB50CAB4D08->s2@group-6E85041A3092, cid=2087, seq=0, Watch-ALL(111), Message:<EMPTY>)
2019-09-24 12:11:24,597 DEBUG impl.RaftServerImpl (LeaderState.java:addWatchReqeust(324)) - s2@group-6E85041A3092-LeaderState: addWatchRequest RaftClientRequest:client-CFB50CAB4D08->s2@group-6E85041A3092, cid=2087, seq=0, Watch-ALL(111), Message:<EMPTY>
2019-09-24 12:11:24,597 DEBUG impl.RaftServerImpl (RaftServerImpl.java:submitClientRequestAsync(533)) - s2@group-6E85041A3092: receive client request(RaftClientRequest:client-CFB50CAB4D08->s2@group-6E85041A3092, cid=2088, seq=0, Watch-MAJORITY_COMMITTED(111), Message:<EMPTY>)
2019-09-24 12:11:24,597 DEBUG impl.UnorderedAsync (UnorderedAsync.java:lambda$sendRequestWithRetry$4(77)) - client-CFB50CAB4D08: attempt #1 receive~ RaftClientReply:client-CFB50CAB4D08->s2@group-6E85041A3092, cid=2086, SUCCESS, logIndex=0, commits[s2:c143, s0:c0, s1:c143]
2019-09-24 12:11:24,597 DEBUG impl.RaftServerImpl (LeaderState.java:addWatchReqeust(324)) - s2@group-6E85041A3092-LeaderState: addWatchRequest RaftClientRequest:client-CFB50CAB4D08->s2@group-6E85041A3092, cid=2088, seq=0, Watch-MAJORITY_COMMITTED(111), Message:<EMPTY>
2019-09-24 12:11:24,597 INFO  grpc.TestWatchRequestWithGrpc (WatchRequestTests.java:get(172)) - majority-Watch(111) returns RaftClientReply:client-CFB50CAB4D08->s2@group-6E85041A3092, cid=2086, SUCCESS, logIndex=0, commits[s2:c143, s0:c0, s1:c143]
2019-09-24 12:11:24,598 DEBUG impl.RaftServerImpl (RaftServerImpl.java:submitClientRequestAsync(533)) - s2@group-6E85041A3092: receive client request(RaftClientRequest:client-CFB50CAB4D08->s2@group-6E85041A3092, cid=2089, seq=0, Watch-ALL_COMMITTED(111), Message:<EMPTY>)
2019-09-24 12:11:24,598 DEBUG impl.RaftServerImpl (LeaderState.java:addWatchReqeust(324)) - s2@group-6E85041A3092-LeaderState: addWatchRequest RaftClientRequest:client-CFB50CAB4D08->s2@group-6E85041A3092, cid=2089, seq=0, Watch-ALL_COMMITTED(111), Message:<EMPTY>
2019-09-24 12:11:24,598 DEBUG impl.RaftServerImpl (RaftServerImpl.java:submitClientRequestAsync(533)) - s2@group-6E85041A3092: receive client request(RaftClientRequest:client-CFB50CAB4D08->s2@group-6E85041A3092, cid=2090, seq=0, Watch(112), Message:<EMPTY>)
2019-09-24 12:11:24,598 DEBUG impl.UnorderedAsync (UnorderedAsync.java:lambda$sendRequestWithRetry$4(77)) - client-CFB50CAB4D08: attempt #1 receive~ RaftClientReply:client-CFB50CAB4D08->s2@group-6E85041A3092, cid=2088, SUCCESS, logIndex=0, commits[s2:c143, s0:c0, s1:c143]
2019-09-24 12:11:24,598 DEBUG impl.RaftServerImpl (LeaderState.java:addWatchReqeust(324)) - s2@group-6E85041A3092-LeaderState: addWatchRequest RaftClientRequest:client-CFB50CAB4D08->s2@group-6E85041A3092, cid=2090, seq=0, Watch(112), Message:<EMPTY>
2019-09-24 12:11:24,598 INFO  grpc.TestWatchRequestWithGrpc (WatchRequestTests.java:get(172)) - majorityCommitted-Watch(111) returns RaftClientReply:client-CFB50CAB4D08->s2@group-6E85041A3092, cid=2088, SUCCESS, logIndex=0, commits[s2:c143, s0:c0, s1:c143]
2019-09-24 12:11:24,598 DEBUG impl.RaftServerImpl (RaftServerImpl.java:submitClientRequestAsync(533)) - s2@group-6E85041A3092: receive client request(RaftClientRequest:client-CFB50CAB4D08->s2@group-6E85041A3092, cid=2091, seq=0, Watch-ALL(112), Message:<EMPTY>)
2019-09-24 12:11:24,598 INFO  grpc.TestWatchRequestWithGrpc (WatchRequestTests.java:checkMajority(230)) - checkMajority 80: receive RaftClientReply:client-CFB50CAB4D08->s2@group-6E85041A3092, cid=1750, SUCCESS, logIndex=112, commits[s2:c118, s0:c0, s1:c110]
2019-09-24 12:11:24,599 DEBUG impl.RaftServerImpl (LeaderState.java:addWatchReqeust(324)) - s2@group-6E85041A3092-LeaderState: addWatchRequest RaftClientRequest:client-CFB50CAB4D08->s2@group-6E85041A3092, cid=2091, seq=0, Watch-ALL(112), Message:<EMPTY>
2019-09-24 12:11:24,599 DEBUG impl.UnorderedAsync (UnorderedAsync.java:lambda$sendRequestWithRetry$4(77)) - client-CFB50CAB4D08: attempt #1 receive~ RaftClientReply:client-CFB50CAB4D08->s2@group-6E85041A3092, cid=2090, SUCCESS, logIndex=0, commits[s2:c143, s0:c0, s1:c143]
2019-09-24 12:11:24,599 DEBUG impl.RaftServerImpl (RaftServerImpl.java:submitClientRequestAsync(533)) - s2@group-6E85041A3092: receive client request(RaftClientRequest:client-CFB50CAB4D08->s2@group-6E85041A3092, cid=2092, seq=0, Watch-MAJORITY_COMMITTED(112), Message:<EMPTY>)
2019-09-24 12:11:24,599 INFO  grpc.TestWatchRequestWithGrpc (WatchRequestTests.java:get(172)) - majority-Watch(112) returns RaftClientReply:client-CFB50CAB4D08->s2@group-6E85041A3092, cid=2090, SUCCESS, logIndex=0, commits[s2:c143, s0:c0, s1:c143]
2019-09-24 12:11:24,599 DEBUG impl.RaftServerImpl (LeaderState.java:addWatchReqeust(324)) - s2@group-6E85041A3092-LeaderState: addWatchRequest RaftClientRequest:client-CFB50CAB4D08->s2@group-6E85041A3092, cid=2092, seq=0, Watch-MAJORITY_COMMITTED(112), Message:<EMPTY>
2019-09-24 12:11:24,599 DEBUG impl.RaftServerImpl (RaftServerImpl.java:submitClientRequestAsync(533)) - s2@group-6E85041A3092: receive client request(RaftClientRequest:client-CFB50CAB4D08->s2@group-6E85041A3092, cid=2093, seq=0, Watch-ALL_COMMITTED(112), Message:<EMPTY>)
2019-09-24 12:11:24,599 DEBUG impl.RaftServerImpl (LeaderState.java:addWatchReqeust(324)) - s2@group-6E85041A3092-LeaderState: addWatchRequest RaftClientRequest:client-CFB50CAB4D08->s2@group-6E85041A3092, cid=2093, seq=0, Watch-ALL_COMMITTED(112), Message:<EMPTY>
2019-09-24 12:11:24,600 DEBUG impl.RaftServerImpl (RaftServerImpl.java:submitClientRequestAsync(533)) - s2@group-6E85041A3092: receive client request(RaftClientRequest:client-CFB50CAB4D08->s2@group-6E85041A3092, cid=2094, seq=0, Watch(114), Message:<EMPTY>)
2019-09-24 12:11:24,600 DEBUG impl.RaftServerImpl (LeaderState.java:addWatchReqeust(324)) - s2@group-6E85041A3092-LeaderState: addWatchRequest RaftClientRequest:client-CFB50CAB4D08->s2@group-6E85041A3092, cid=2094, seq=0, Watch(114), Message:<EMPTY>
2019-09-24 12:11:24,600 DEBUG impl.UnorderedAsync (UnorderedAsync.java:lambda$sendRequestWithRetry$4(77)) - client-CFB50CAB4D08: attempt #1 receive~ RaftClientReply:client-CFB50CAB4D08->s2@group-6E85041A3092, cid=2092, SUCCESS, logIndex=0, commits[s2:c143, s0:c0, s1:c143]
2019-09-24 12:11:24,600 DEBUG impl.RaftServerImpl (RaftServerImpl.java:submitClientRequestAsync(533)) - s2@group-6E85041A3092: receive client request(RaftClientRequest:client-CFB50CAB4D08->s2@group-6E85041A3092, cid=2095, seq=0, Watch-ALL(114), Message:<EMPTY>)
2019-09-24 12:11:24,600 INFO  grpc.TestWatchRequestWithGrpc (WatchRequestTests.java:get(172)) - majorityCommitted-Watch(112) returns RaftClientReply:client-CFB50CAB4D08->s2@group-6E85041A3092, cid=2092, SUCCESS, logIndex=0, commits[s2:c143, s0:c0, s1:c143]
2019-09-24 12:11:24,601 DEBUG impl.RaftServerImpl (LeaderState.java:addWatchReqeust(324)) - s2@group-6E85041A3092-LeaderState: addWatchRequest RaftClientRequest:client-CFB50CAB4D08->s2@group-6E85041A3092, cid=2095, seq=0, Watch-ALL(114), Message:<EMPTY>
2019-09-24 12:11:24,601 INFO  grpc.TestWatchRequestWithGrpc (WatchRequestTests.java:checkMajority(230)) - checkMajority 81: receive RaftClientReply:client-CFB50CAB4D08->s2@group-6E85041A3092, cid=1751, SUCCESS, logIndex=114, commits[s2:c118, s0:c0, s1:c110]
2019-09-24 12:11:24,601 DEBUG impl.RaftServerImpl (RaftServerImpl.java:submitClientRequestAsync(533)) - s2@group-6E85041A3092: receive client request(RaftClientRequest:client-CFB50CAB4D08->s2@group-6E85041A3092, cid=2096, seq=0, Watch-MAJORITY_COMMITTED(114), Message:<EMPTY>)
2019-09-24 12:11:24,601 DEBUG impl.UnorderedAsync (UnorderedAsync.java:lambda$sendRequestWithRetry$4(77)) - client-CFB50CAB4D08: attempt #1 receive~ RaftClientReply:client-CFB50CAB4D08->s2@group-6E85041A3092, cid=2094, SUCCESS, logIndex=0, commits[s2:c143, s0:c0, s1:c143]
2019-09-24 12:11:24,601 DEBUG impl.RaftServerImpl (LeaderState.java:addWatchReqeust(324)) - s2@group-6E85041A3092-LeaderState: addWatchRequest RaftClientRequest:client-CFB50CAB4D08->s2@group-6E85041A3092, cid=2096, seq=0, Watch-MAJORITY_COMMITTED(114), Message:<EMPTY>
2019-09-24 12:11:24,601 INFO  grpc.TestWatchRequestWithGrpc (WatchRequestTests.java:get(172)) - majority-Watch(114) returns RaftClientReply:client-CFB50CAB4D08->s2@group-6E85041A3092, cid=2094, SUCCESS, logIndex=0, commits[s2:c143, s0:c0, s1:c143]
2019-09-24 12:11:24,601 DEBUG impl.RaftServerImpl (RaftServerImpl.java:submitClientRequestAsync(533)) - s2@group-6E85041A3092: receive client request(RaftClientRequest:client-CFB50CAB4D08->s2@group-6E85041A3092, cid=2097, seq=0, Watch-ALL_COMMITTED(114), Message:<EMPTY>)
2019-09-24 12:11:24,601 DEBUG impl.RaftServerImpl (LeaderState.java:addWatchReqeust(324)) - s2@group-6E85041A3092-LeaderState: addWatchRequest RaftClientRequest:client-CFB50CAB4D08->s2@group-6E85041A3092, cid=2097, seq=0, Watch-ALL_COMMITTED(114), Message:<EMPTY>
2019-09-24 12:11:24,602 DEBUG impl.RaftServerImpl (RaftServerImpl.java:submitClientRequestAsync(533)) - s2@group-6E85041A3092: receive client request(RaftClientRequest:client-CFB50CAB4D08->s2@group-6E85041A3092, cid=2098, seq=0, Watch(115), Message:<EMPTY>)
2019-09-24 12:11:24,602 DEBUG impl.UnorderedAsync (UnorderedAsync.java:lambda$sendRequestWithRetry$4(77)) - client-CFB50CAB4D08: attempt #1 receive~ RaftClientReply:client-CFB50CAB4D08->s2@group-6E85041A3092, cid=2096, SUCCESS, logIndex=0, commits[s2:c143, s0:c0, s1:c143]
2019-09-24 12:11:24,602 DEBUG impl.RaftServerImpl (LeaderState.java:addWatchReqeust(324)) - s2@group-6E85041A3092-LeaderState: addWatchRequest RaftClientRequest:client-CFB50CAB4D08->s2@group-6E85041A3092, cid=2098, seq=0, Watch(115), Message:<EMPTY>
2019-09-24 12:11:24,602 INFO  grpc.TestWatchRequestWithGrpc (WatchRequestTests.java:get(172)) - majorityCommitted-Watch(114) returns RaftClientReply:client-CFB50CAB4D08->s2@group-6E85041A3092, cid=2096, SUCCESS, logIndex=0, commits[s2:c143, s0:c0, s1:c143]
2019-09-24 12:11:24,602 INFO  grpc.TestWatchRequestWithGrpc (WatchRequestTests.java:checkMajority(230)) - checkMajority 82: receive RaftClientReply:client-CFB50CAB4D08->s2@group-6E85041A3092, cid=1752, SUCCESS, logIndex=115, commits[s2:c118, s0:c0, s1:c110]
2019-09-24 12:11:24,602 DEBUG impl.RaftServerImpl (RaftServerImpl.java:submitClientRequestAsync(533)) - s2@group-6E85041A3092: receive client request(RaftClientRequest:client-CFB50CAB4D08->s2@group-6E85041A3092, cid=2099, seq=0, Watch-ALL(115), Message:<EMPTY>)
2019-09-24 12:11:24,602 DEBUG impl.RaftServerImpl (LeaderState.java:addWatchReqeust(324)) - s2@group-6E85041A3092-LeaderState: addWatchRequest RaftClientRequest:client-CFB50CAB4D08->s2@group-6E85041A3092, cid=2099, seq=0, Watch-ALL(115), Message:<EMPTY>
2019-09-24 12:11:24,602 DEBUG impl.RaftServerImpl (RaftServerImpl.java:submitClientRequestAsync(533)) - s2@group-6E85041A3092: receive client request(RaftClientRequest:client-CFB50CAB4D08->s2@group-6E85041A3092, cid=2100, seq=0, Watch-MAJORITY_COMMITTED(115), Message:<EMPTY>)
2019-09-24 12:11:24,603 DEBUG impl.UnorderedAsync (UnorderedAsync.java:lambda$sendRequestWithRetry$4(77)) - client-CFB50CAB4D08: attempt #1 receive~ RaftClientReply:client-CFB50CAB4D08->s2@group-6E85041A3092, cid=2098, SUCCESS, logIndex=0, commits[s2:c143, s0:c0, s1:c143]
2019-09-24 12:11:24,603 DEBUG impl.RaftServerImpl (LeaderState.java:addWatchReqeust(324)) - s2@group-6E85041A3092-LeaderState: addWatchRequest RaftClientRequest:client-CFB50CAB4D08->s2@group-6E85041A3092, cid=2100, seq=0, Watch-MAJORITY_COMMITTED(115), Message:<EMPTY>
2019-09-24 12:11:24,603 INFO  grpc.TestWatchRequestWithGrpc (WatchRequestTests.java:get(172)) - majority-Watch(115) returns RaftClientReply:client-CFB50CAB4D08->s2@group-6E85041A3092, cid=2098, SUCCESS, logIndex=0, commits[s2:c143, s0:c0, s1:c143]
2019-09-24 12:11:24,603 DEBUG impl.RaftServerImpl (RaftServerImpl.java:submitClientRequestAsync(533)) - s2@group-6E85041A3092: receive client request(RaftClientRequest:client-CFB50CAB4D08->s2@group-6E85041A3092, cid=2101, seq=0, Watch-ALL_COMMITTED(115), Message:<EMPTY>)
2019-09-24 12:11:24,603 DEBUG impl.RaftServerImpl (LeaderState.java:addWatchReqeust(324)) - s2@group-6E85041A3092-LeaderState: addWatchRequest RaftClientRequest:client-CFB50CAB4D08->s2@group-6E85041A3092, cid=2101, seq=0, Watch-ALL_COMMITTED(115), Message:<EMPTY>
2019-09-24 12:11:24,603 DEBUG impl.RaftServerImpl (RaftServerImpl.java:submitClientRequestAsync(533)) - s2@group-6E85041A3092: receive client request(RaftClientRequest:client-CFB50CAB4D08->s2@group-6E85041A3092, cid=2102, seq=0, Watch(116), Message:<EMPTY>)
2019-09-24 12:11:24,603 DEBUG impl.RaftServerImpl (LeaderState.java:addWatchReqeust(324)) - s2@group-6E85041A3092-LeaderState: addWatchRequest RaftClientRequest:client-CFB50CAB4D08->s2@group-6E85041A3092, cid=2102, seq=0, Watch(116), Message:<EMPTY>
2019-09-24 12:11:24,603 DEBUG impl.UnorderedAsync (UnorderedAsync.java:lambda$sendRequestWithRetry$4(77)) - client-CFB50CAB4D08: attempt #1 receive~ RaftClientReply:client-CFB50CAB4D08->s2@group-6E85041A3092, cid=2100, SUCCESS, logIndex=0, commits[s2:c143, s0:c0, s1:c143]
2019-09-24 12:11:24,604 INFO  grpc.TestWatchRequestWithGrpc (WatchRequestTests.java:get(172)) - majorityCommitted-Watch(115) returns RaftClientReply:client-CFB50CAB4D08->s2@group-6E85041A3092, cid=2100, SUCCESS, logIndex=0, commits[s2:c143, s0:c0, s1:c143]
2019-09-24 12:11:24,604 DEBUG impl.RaftServerImpl (RaftServerImpl.java:submitClientRequestAsync(533)) - s2@group-6E85041A3092: receive client request(RaftClientRequest:client-CFB50CAB4D08->s2@group-6E85041A3092, cid=2103, seq=0, Watch-ALL(116), Message:<EMPTY>)
2019-09-24 12:11:24,604 INFO  grpc.TestWatchRequestWithGrpc (WatchRequestTests.java:checkMajority(230)) - checkMajority 83: receive RaftClientReply:client-CFB50CAB4D08->s2@group-6E85041A3092, cid=1753, SUCCESS, logIndex=116, commits[s2:c119, s0:c0, s1:c110]
2019-09-24 12:11:24,604 DEBUG impl.RaftServerImpl (LeaderState.java:addWatchReqeust(324)) - s2@group-6E85041A3092-LeaderState: addWatchRequest RaftClientRequest:client-CFB50CAB4D08->s2@group-6E85041A3092, cid=2103, seq=0, Watch-ALL(116), Message:<EMPTY>
2019-09-24 12:11:24,604 DEBUG impl.UnorderedAsync (UnorderedAsync.java:lambda$sendRequestWithRetry$4(77)) - client-CFB50CAB4D08: attempt #1 receive~ RaftClientReply:client-CFB50CAB4D08->s2@group-6E85041A3092, cid=2102, SUCCESS, logIndex=0, commits[s2:c143, s0:c0, s1:c143]
2019-09-24 12:11:24,604 DEBUG impl.RaftServerImpl (RaftServerImpl.java:submitClientRequestAsync(533)) - s2@group-6E85041A3092: receive client request(RaftClientRequest:client-CFB50CAB4D08->s2@group-6E85041A3092, cid=2104, seq=0, Watch-MAJORITY_COMMITTED(116), Message:<EMPTY>)
2019-09-24 12:11:24,604 INFO  grpc.TestWatchRequestWithGrpc (WatchRequestTests.java:get(172)) - majority-Watch(116) returns RaftClientReply:client-CFB50CAB4D08->s2@group-6E85041A3092, cid=2102, SUCCESS, logIndex=0, commits[s2:c143, s0:c0, s1:c143]
2019-09-24 12:11:24,604 DEBUG impl.RaftServerImpl (LeaderState.java:addWatchReqeust(324)) - s2@group-6E85041A3092-LeaderState: addWatchRequest RaftClientRequest:client-CFB50CAB4D08->s2@group-6E85041A3092, cid=2104, seq=0, Watch-MAJORITY_COMMITTED(116), Message:<EMPTY>
2019-09-24 12:11:24,605 DEBUG impl.RaftServerImpl (RaftServerImpl.java:submitClientRequestAsync(533)) - s2@group-6E85041A3092: receive client request(RaftClientRequest:client-CFB50CAB4D08->s2@group-6E85041A3092, cid=2105, seq=0, Watch-ALL_COMMITTED(116), Message:<EMPTY>)
2019-09-24 12:11:24,605 DEBUG impl.RaftServerImpl (LeaderState.java:addWatchReqeust(324)) - s2@group-6E85041A3092-LeaderState: addWatchRequest RaftClientRequest:client-CFB50CAB4D08->s2@group-6E85041A3092, cid=2105, seq=0, Watch-ALL_COMMITTED(116), Message:<EMPTY>
2019-09-24 12:11:24,605 DEBUG impl.RaftServerImpl (RaftServerImpl.java:submitClientRequestAsync(533)) - s2@group-6E85041A3092: receive client request(RaftClientRequest:client-CFB50CAB4D08->s2@group-6E85041A3092, cid=2106, seq=0, Watch(117), Message:<EMPTY>)
2019-09-24 12:11:24,605 DEBUG impl.RaftServerImpl (LeaderState.java:addWatchReqeust(324)) - s2@group-6E85041A3092-LeaderState: addWatchRequest RaftClientRequest:client-CFB50CAB4D08->s2@group-6E85041A3092, cid=2106, seq=0, Watch(117), Message:<EMPTY>
2019-09-24 12:11:24,605 DEBUG impl.UnorderedAsync (UnorderedAsync.java:lambda$sendRequestWithRetry$4(77)) - client-CFB50CAB4D08: attempt #1 receive~ RaftClientReply:client-CFB50CAB4D08->s2@group-6E85041A3092, cid=2104, SUCCESS, logIndex=0, commits[s2:c143, s0:c0, s1:c143]
2019-09-24 12:11:24,605 INFO  grpc.TestWatchRequestWithGrpc (WatchRequestTests.java:get(172)) - majorityCommitted-Watch(116) returns RaftClientReply:client-CFB50CAB4D08->s2@group-6E85041A3092, cid=2104, SUCCESS, logIndex=0, commits[s2:c143, s0:c0, s1:c143]
2019-09-24 12:11:24,605 DEBUG impl.RaftServerImpl (RaftServerImpl.java:submitClientRequestAsync(533)) - s2@group-6E85041A3092: receive client request(RaftClientRequest:client-CFB50CAB4D08->s2@group-6E85041A3092, cid=2107, seq=0, Watch-ALL(117), Message:<EMPTY>)
2019-09-24 12:11:24,605 INFO  grpc.TestWatchRequestWithGrpc (WatchRequestTests.java:checkMajority(230)) - checkMajority 84: receive RaftClientReply:client-CFB50CAB4D08->s2@group-6E85041A3092, cid=1754, SUCCESS, logIndex=117, commits[s2:c119, s0:c0, s1:c111]
2019-09-24 12:11:24,605 DEBUG impl.RaftServerImpl (LeaderState.java:addWatchReqeust(324)) - s2@group-6E85041A3092-LeaderState: addWatchRequest RaftClientRequest:client-CFB50CAB4D08->s2@group-6E85041A3092, cid=2107, seq=0, Watch-ALL(117), Message:<EMPTY>
2019-09-24 12:11:24,606 DEBUG impl.RaftServerImpl (RaftServerImpl.java:submitClientRequestAsync(533)) - s2@group-6E85041A3092: receive client request(RaftClientRequest:client-CFB50CAB4D08->s2@group-6E85041A3092, cid=2108, seq=0, Watch-MAJORITY_COMMITTED(117), Message:<EMPTY>)
2019-09-24 12:11:24,606 DEBUG impl.RaftServerImpl (LeaderState.java:addWatchReqeust(324)) - s2@group-6E85041A3092-LeaderState: addWatchRequest RaftClientRequest:client-CFB50CAB4D08->s2@group-6E85041A3092, cid=2108, seq=0, Watch-MAJORITY_COMMITTED(117), Message:<EMPTY>
2019-09-24 12:11:24,606 DEBUG impl.UnorderedAsync (UnorderedAsync.java:lambda$sendRequestWithRetry$4(77)) - client-CFB50CAB4D08: attempt #1 receive~ RaftClientReply:client-CFB50CAB4D08->s2@group-6E85041A3092, cid=2106, SUCCESS, logIndex=0, commits[s2:c143, s0:c0, s1:c143]
2019-09-24 12:11:24,606 INFO  grpc.TestWatchRequestWithGrpc (WatchRequestTests.java:get(172)) - majority-Watch(117) returns RaftClientReply:client-CFB50CAB4D08->s2@group-6E85041A3092, cid=2106, SUCCESS, logIndex=0, commits[s2:c143, s0:c0, s1:c143]
2019-09-24 12:11:24,606 DEBUG impl.RaftServerImpl (RaftServerImpl.java:submitClientRequestAsync(533)) - s2@group-6E85041A3092: receive client request(RaftClientRequest:client-CFB50CAB4D08->s2@group-6E85041A3092, cid=2109, seq=0, Watch-ALL_COMMITTED(117), Message:<EMPTY>)
2019-09-24 12:11:24,606 DEBUG impl.RaftServerImpl (LeaderState.java:addWatchReqeust(324)) - s2@group-6E85041A3092-LeaderState: addWatchRequest RaftClientRequest:client-CFB50CAB4D08->s2@group-6E85041A3092, cid=2109, seq=0, Watch-ALL_COMMITTED(117), Message:<EMPTY>
2019-09-24 12:11:24,607 DEBUG impl.RaftServerImpl (RaftServerImpl.java:submitClientRequestAsync(533)) - s2@group-6E85041A3092: receive client request(RaftClientRequest:client-CFB50CAB4D08->s2@group-6E85041A3092, cid=2110, seq=0, Watch(118), Message:<EMPTY>)
2019-09-24 12:11:24,607 DEBUG impl.RaftServerImpl (LeaderState.java:addWatchReqeust(324)) - s2@group-6E85041A3092-LeaderState: addWatchRequest RaftClientRequest:client-CFB50CAB4D08->s2@group-6E85041A3092, cid=2110, seq=0, Watch(118), Message:<EMPTY>
2019-09-24 12:11:24,607 DEBUG impl.UnorderedAsync (UnorderedAsync.java:lambda$sendRequestWithRetry$4(77)) - client-CFB50CAB4D08: attempt #1 receive~ RaftClientReply:client-CFB50CAB4D08->s2@group-6E85041A3092, cid=2108, SUCCESS, logIndex=0, commits[s2:c143, s0:c0, s1:c143]
2019-09-24 12:11:24,607 INFO  grpc.TestWatchRequestWithGrpc (WatchRequestTests.java:get(172)) - majorityCommitted-Watch(117) returns RaftClientReply:client-CFB50CAB4D08->s2@group-6E85041A3092, cid=2108, SUCCESS, logIndex=0, commits[s2:c143, s0:c0, s1:c143]
2019-09-24 12:11:24,607 DEBUG impl.RaftServerImpl (RaftServerImpl.java:submitClientRequestAsync(533)) - s2@group-6E85041A3092: receive client request(RaftClientRequest:client-CFB50CAB4D08->s2@group-6E85041A3092, cid=2111, seq=0, Watch-ALL(118), Message:<EMPTY>)
2019-09-24 12:11:24,607 INFO  grpc.TestWatchRequestWithGrpc (WatchRequestTests.java:checkMajority(230)) - checkMajority 85: receive RaftClientReply:client-CFB50CAB4D08->s2@group-6E85041A3092, cid=1755, SUCCESS, logIndex=118, commits[s2:c119, s0:c0, s1:c111]
2019-09-24 12:11:24,607 DEBUG impl.RaftServerImpl (LeaderState.java:addWatchReqeust(324)) - s2@group-6E85041A3092-LeaderState: addWatchRequest RaftClientRequest:client-CFB50CAB4D08->s2@group-6E85041A3092, cid=2111, seq=0, Watch-ALL(118), Message:<EMPTY>
2019-09-24 12:11:24,608 DEBUG impl.RaftServerImpl (RaftServerImpl.java:submitClientRequestAsync(533)) - s2@group-6E85041A3092: receive client request(RaftClientRequest:client-CFB50CAB4D08->s2@group-6E85041A3092, cid=2112, seq=0, Watch-MAJORITY_COMMITTED(118), Message:<EMPTY>)
2019-09-24 12:11:24,608 DEBUG impl.RaftServerImpl (LeaderState.java:addWatchReqeust(324)) - s2@group-6E85041A3092-LeaderState: addWatchRequest RaftClientRequest:client-CFB50CAB4D08->s2@group-6E85041A3092, cid=2112, seq=0, Watch-MAJORITY_COMMITTED(118), Message:<EMPTY>
2019-09-24 12:11:24,608 DEBUG impl.UnorderedAsync (UnorderedAsync.java:lambda$sendRequestWithRetry$4(77)) - client-CFB50CAB4D08: attempt #1 receive~ RaftClientReply:client-CFB50CAB4D08->s2@group-6E85041A3092, cid=2110, SUCCESS, logIndex=0, commits[s2:c143, s0:c0, s1:c143]
2019-09-24 12:11:24,608 INFO  grpc.TestWatchRequestWithGrpc (WatchRequestTests.java:get(172)) - majority-Watch(118) returns RaftClientReply:client-CFB50CAB4D08->s2@group-6E85041A3092, cid=2110, SUCCESS, logIndex=0, commits[s2:c143, s0:c0, s1:c143]
2019-09-24 12:11:24,608 DEBUG impl.RaftServerImpl (RaftServerImpl.java:submitClientRequestAsync(533)) - s2@group-6E85041A3092: receive client request(RaftClientRequest:client-CFB50CAB4D08->s2@group-6E85041A3092, cid=2113, seq=0, Watch-ALL_COMMITTED(118), Message:<EMPTY>)
2019-09-24 12:11:24,608 DEBUG impl.RaftServerImpl (LeaderState.java:addWatchReqeust(324)) - s2@group-6E85041A3092-LeaderState: addWatchRequest RaftClientRequest:client-CFB50CAB4D08->s2@group-6E85041A3092, cid=2113, seq=0, Watch-ALL_COMMITTED(118), Message:<EMPTY>
2019-09-24 12:11:24,608 DEBUG impl.RaftServerImpl (RaftServerImpl.java:submitClientRequestAsync(533)) - s2@group-6E85041A3092: receive client request(RaftClientRequest:client-CFB50CAB4D08->s2@group-6E85041A3092, cid=2114, seq=0, Watch(119), Message:<EMPTY>)
2019-09-24 12:11:24,608 DEBUG impl.RaftServerImpl (LeaderState.java:addWatchReqeust(324)) - s2@group-6E85041A3092-LeaderState: addWatchRequest RaftClientRequest:client-CFB50CAB4D08->s2@group-6E85041A3092, cid=2114, seq=0, Watch(119), Message:<EMPTY>
2019-09-24 12:11:24,608 DEBUG impl.UnorderedAsync (UnorderedAsync.java:lambda$sendRequestWithRetry$4(77)) - client-CFB50CAB4D08: attempt #1 receive~ RaftClientReply:client-CFB50CAB4D08->s2@group-6E85041A3092, cid=2112, SUCCESS, logIndex=0, commits[s2:c143, s0:c0, s1:c143]
2019-09-24 12:11:24,609 INFO  grpc.TestWatchRequestWithGrpc (WatchRequestTests.java:get(172)) - majorityCommitted-Watch(118) returns RaftClientReply:client-CFB50CAB4D08->s2@group-6E85041A3092, cid=2112, SUCCESS, logIndex=0, commits[s2:c143, s0:c0, s1:c143]
2019-09-24 12:11:24,609 DEBUG impl.RaftServerImpl (RaftServerImpl.java:submitClientRequestAsync(533)) - s2@group-6E85041A3092: receive client request(RaftClientRequest:client-CFB50CAB4D08->s2@group-6E85041A3092, cid=2115, seq=0, Watch-ALL(119), Message:<EMPTY>)
2019-09-24 12:11:24,609 INFO  grpc.TestWatchRequestWithGrpc (WatchRequestTests.java:checkMajority(230)) - checkMajority 86: receive RaftClientReply:client-CFB50CAB4D08->s2@group-6E85041A3092, cid=1756, SUCCESS, logIndex=119, commits[s2:c125, s0:c0, s1:c118]
2019-09-24 12:11:24,609 DEBUG impl.RaftServerImpl (LeaderState.java:addWatchReqeust(324)) - s2@group-6E85041A3092-LeaderState: addWatchRequest RaftClientRequest:client-CFB50CAB4D08->s2@group-6E85041A3092, cid=2115, seq=0, Watch-ALL(119), Message:<EMPTY>
2019-09-24 12:11:24,609 DEBUG impl.RaftServerImpl (RaftServerImpl.java:submitClientRequestAsync(533)) - s2@group-6E85041A3092: receive client request(RaftClientRequest:client-CFB50CAB4D08->s2@group-6E85041A3092, cid=2116, seq=0, Watch-MAJORITY_COMMITTED(119), Message:<EMPTY>)
2019-09-24 12:11:24,609 DEBUG impl.RaftServerImpl (LeaderState.java:addWatchReqeust(324)) - s2@group-6E85041A3092-LeaderState: addWatchRequest RaftClientRequest:client-CFB50CAB4D08->s2@group-6E85041A3092, cid=2116, seq=0, Watch-MAJORITY_COMMITTED(119), Message:<EMPTY>
2019-09-24 12:11:24,609 DEBUG impl.UnorderedAsync (UnorderedAsync.java:lambda$sendRequestWithRetry$4(77)) - client-CFB50CAB4D08: attempt #1 receive~ RaftClientReply:client-CFB50CAB4D08->s2@group-6E85041A3092, cid=2114, SUCCESS, logIndex=0, commits[s2:c143, s0:c0, s1:c143]
2019-09-24 12:11:24,609 INFO  grpc.TestWatchRequestWithGrpc (WatchRequestTests.java:get(172)) - majority-Watch(119) returns RaftClientReply:client-CFB50CAB4D08->s2@group-6E85041A3092, cid=2114, SUCCESS, logIndex=0, commits[s2:c143, s0:c0, s1:c143]
2019-09-24 12:11:24,609 DEBUG impl.RaftServerImpl (RaftServerImpl.java:submitClientRequestAsync(533)) - s2@group-6E85041A3092: receive client request(RaftClientRequest:client-CFB50CAB4D08->s2@group-6E85041A3092, cid=2117, seq=0, Watch-ALL_COMMITTED(119), Message:<EMPTY>)
2019-09-24 12:11:24,610 DEBUG impl.RaftServerImpl (LeaderState.java:addWatchReqeust(324)) - s2@group-6E85041A3092-LeaderState: addWatchRequest RaftClientRequest:client-CFB50CAB4D08->s2@group-6E85041A3092, cid=2117, seq=0, Watch-ALL_COMMITTED(119), Message:<EMPTY>
2019-09-24 12:11:24,610 DEBUG impl.RaftServerImpl (RaftServerImpl.java:submitClientRequestAsync(533)) - s2@group-6E85041A3092: receive client request(RaftClientRequest:client-CFB50CAB4D08->s2@group-6E85041A3092, cid=2118, seq=0, Watch(124), Message:<EMPTY>)
2019-09-24 12:11:24,610 DEBUG impl.RaftServerImpl (LeaderState.java:addWatchReqeust(324)) - s2@group-6E85041A3092-LeaderState: addWatchRequest RaftClientRequest:client-CFB50CAB4D08->s2@group-6E85041A3092, cid=2118, seq=0, Watch(124), Message:<EMPTY>
2019-09-24 12:11:24,610 DEBUG impl.UnorderedAsync (UnorderedAsync.java:lambda$sendRequestWithRetry$4(77)) - client-CFB50CAB4D08: attempt #1 receive~ RaftClientReply:client-CFB50CAB4D08->s2@group-6E85041A3092, cid=2116, SUCCESS, logIndex=0, commits[s2:c143, s0:c0, s1:c143]
2019-09-24 12:11:24,610 INFO  grpc.TestWatchRequestWithGrpc (WatchRequestTests.java:get(172)) - majorityCommitted-Watch(119) returns RaftClientReply:client-CFB50CAB4D08->s2@group-6E85041A3092, cid=2116, SUCCESS, logIndex=0, commits[s2:c143, s0:c0, s1:c143]
2019-09-24 12:11:24,610 DEBUG impl.RaftServerImpl (RaftServerImpl.java:submitClientRequestAsync(533)) - s2@group-6E85041A3092: receive client request(RaftClientRequest:client-CFB50CAB4D08->s2@group-6E85041A3092, cid=2119, seq=0, Watch-ALL(124), Message:<EMPTY>)
2019-09-24 12:11:24,610 INFO  grpc.TestWatchRequestWithGrpc (WatchRequestTests.java:checkMajority(230)) - checkMajority 87: receive RaftClientReply:client-CFB50CAB4D08->s2@group-6E85041A3092, cid=1757, SUCCESS, logIndex=124, commits[s2:c125, s0:c0, s1:c118]
2019-09-24 12:11:24,610 DEBUG impl.RaftServerImpl (LeaderState.java:addWatchReqeust(324)) - s2@group-6E85041A3092-LeaderState: addWatchRequest RaftClientRequest:client-CFB50CAB4D08->s2@group-6E85041A3092, cid=2119, seq=0, Watch-ALL(124), Message:<EMPTY>
2019-09-24 12:11:24,611 DEBUG impl.UnorderedAsync (UnorderedAsync.java:lambda$sendRequestWithRetry$4(77)) - client-CFB50CAB4D08: attempt #1 receive~ RaftClientReply:client-CFB50CAB4D08->s2@group-6E85041A3092, cid=2118, SUCCESS, logIndex=0, commits[s2:c143, s0:c0, s1:c143]
2019-09-24 12:11:24,611 DEBUG impl.RaftServerImpl (RaftServerImpl.java:submitClientRequestAsync(533)) - s2@group-6E85041A3092: receive client request(RaftClientRequest:client-CFB50CAB4D08->s2@group-6E85041A3092, cid=2120, seq=0, Watch-MAJORITY_COMMITTED(124), Message:<EMPTY>)
2019-09-24 12:11:24,611 INFO  grpc.TestWatchRequestWithGrpc (WatchRequestTests.java:get(172)) - majority-Watch(124) returns RaftClientReply:client-CFB50CAB4D08->s2@group-6E85041A3092, cid=2118, SUCCESS, logIndex=0, commits[s2:c143, s0:c0, s1:c143]
2019-09-24 12:11:24,611 DEBUG impl.RaftServerImpl (LeaderState.java:addWatchReqeust(324)) - s2@group-6E85041A3092-LeaderState: addWatchRequest RaftClientRequest:client-CFB50CAB4D08->s2@group-6E85041A3092, cid=2120, seq=0, Watch-MAJORITY_COMMITTED(124), Message:<EMPTY>
2019-09-24 12:11:24,611 DEBUG impl.RaftServerImpl (RaftServerImpl.java:submitClientRequestAsync(533)) - s2@group-6E85041A3092: receive client request(RaftClientRequest:client-CFB50CAB4D08->s2@group-6E85041A3092, cid=2121, seq=0, Watch-ALL_COMMITTED(124), Message:<EMPTY>)
2019-09-24 12:11:24,611 DEBUG impl.RaftServerImpl (LeaderState.java:addWatchReqeust(324)) - s2@group-6E85041A3092-LeaderState: addWatchRequest RaftClientRequest:client-CFB50CAB4D08->s2@group-6E85041A3092, cid=2121, seq=0, Watch-ALL_COMMITTED(124), Message:<EMPTY>
2019-09-24 12:11:24,612 DEBUG impl.RaftServerImpl (RaftServerImpl.java:submitClientRequestAsync(533)) - s2@group-6E85041A3092: receive client request(RaftClientRequest:client-CFB50CAB4D08->s2@group-6E85041A3092, cid=2122, seq=0, Watch(125), Message:<EMPTY>)
2019-09-24 12:11:24,612 DEBUG impl.RaftServerImpl (LeaderState.java:addWatchReqeust(324)) - s2@group-6E85041A3092-LeaderState: addWatchRequest RaftClientRequest:client-CFB50CAB4D08->s2@group-6E85041A3092, cid=2122, seq=0, Watch(125), Message:<EMPTY>
2019-09-24 12:11:24,612 DEBUG impl.UnorderedAsync (UnorderedAsync.java:lambda$sendRequestWithRetry$4(77)) - client-CFB50CAB4D08: attempt #1 receive~ RaftClientReply:client-CFB50CAB4D08->s2@group-6E85041A3092, cid=2120, SUCCESS, logIndex=0, commits[s2:c143, s0:c0, s1:c143]
2019-09-24 12:11:24,612 INFO  grpc.TestWatchRequestWithGrpc (WatchRequestTests.java:get(172)) - majorityCommitted-Watch(124) returns RaftClientReply:client-CFB50CAB4D08->s2@group-6E85041A3092, cid=2120, SUCCESS, logIndex=0, commits[s2:c143, s0:c0, s1:c143]
2019-09-24 12:11:24,612 DEBUG impl.RaftServerImpl (RaftServerImpl.java:submitClientRequestAsync(533)) - s2@group-6E85041A3092: receive client request(RaftClientRequest:client-CFB50CAB4D08->s2@group-6E85041A3092, cid=2123, seq=0, Watch-ALL(125), Message:<EMPTY>)
2019-09-24 12:11:24,612 INFO  grpc.TestWatchRequestWithGrpc (WatchRequestTests.java:checkMajority(230)) - checkMajority 88: receive RaftClientReply:client-CFB50CAB4D08->s2@group-6E85041A3092, cid=1758, SUCCESS, logIndex=125, commits[s2:c125, s0:c0, s1:c118]
2019-09-24 12:11:24,612 DEBUG impl.RaftServerImpl (LeaderState.java:addWatchReqeust(324)) - s2@group-6E85041A3092-LeaderState: addWatchRequest RaftClientRequest:client-CFB50CAB4D08->s2@group-6E85041A3092, cid=2123, seq=0, Watch-ALL(125), Message:<EMPTY>
2019-09-24 12:11:24,612 DEBUG impl.UnorderedAsync (UnorderedAsync.java:lambda$sendRequestWithRetry$4(77)) - client-CFB50CAB4D08: attempt #1 receive~ RaftClientReply:client-CFB50CAB4D08->s2@group-6E85041A3092, cid=2122, SUCCESS, logIndex=0, commits[s2:c143, s0:c0, s1:c143]
2019-09-24 12:11:24,612 DEBUG impl.RaftServerImpl (RaftServerImpl.java:submitClientRequestAsync(533)) - s2@group-6E85041A3092: receive client request(RaftClientRequest:client-CFB50CAB4D08->s2@group-6E85041A3092, cid=2124, seq=0, Watch-MAJORITY_COMMITTED(125), Message:<EMPTY>)
2019-09-24 12:11:24,612 INFO  grpc.TestWatchRequestWithGrpc (WatchRequestTests.java:get(172)) - majority-Watch(125) returns RaftClientReply:client-CFB50CAB4D08->s2@group-6E85041A3092, cid=2122, SUCCESS, logIndex=0, commits[s2:c143, s0:c0, s1:c143]
2019-09-24 12:11:24,613 DEBUG impl.RaftServerImpl (LeaderState.java:addWatchReqeust(324)) - s2@group-6E85041A3092-LeaderState: addWatchRequest RaftClientRequest:client-CFB50CAB4D08->s2@group-6E85041A3092, cid=2124, seq=0, Watch-MAJORITY_COMMITTED(125), Message:<EMPTY>
2019-09-24 12:11:24,613 DEBUG impl.RaftServerImpl (RaftServerImpl.java:submitClientRequestAsync(533)) - s2@group-6E85041A3092: receive client request(RaftClientRequest:client-CFB50CAB4D08->s2@group-6E85041A3092, cid=2125, seq=0, Watch-ALL_COMMITTED(125), Message:<EMPTY>)
2019-09-24 12:11:24,613 DEBUG impl.RaftServerImpl (LeaderState.java:addWatchReqeust(324)) - s2@group-6E85041A3092-LeaderState: addWatchRequest RaftClientRequest:client-CFB50CAB4D08->s2@group-6E85041A3092, cid=2125, seq=0, Watch-ALL_COMMITTED(125), Message:<EMPTY>
2019-09-24 12:11:24,613 DEBUG impl.RaftServerImpl (RaftServerImpl.java:submitClientRequestAsync(533)) - s2@group-6E85041A3092: receive client request(RaftClientRequest:client-CFB50CAB4D08->s2@group-6E85041A3092, cid=2126, seq=0, Watch(127), Message:<EMPTY>)
2019-09-24 12:11:24,614 DEBUG impl.RaftServerImpl (LeaderState.java:addWatchReqeust(324)) - s2@group-6E85041A3092-LeaderState: addWatchRequest RaftClientRequest:client-CFB50CAB4D08->s2@group-6E85041A3092, cid=2126, seq=0, Watch(127), Message:<EMPTY>
2019-09-24 12:11:24,614 DEBUG impl.UnorderedAsync (UnorderedAsync.java:lambda$sendRequestWithRetry$4(77)) - client-CFB50CAB4D08: attempt #1 receive~ RaftClientReply:client-CFB50CAB4D08->s2@group-6E85041A3092, cid=2124, SUCCESS, logIndex=0, commits[s2:c143, s0:c0, s1:c143]
2019-09-24 12:11:24,614 INFO  grpc.TestWatchRequestWithGrpc (WatchRequestTests.java:get(172)) - majorityCommitted-Watch(125) returns RaftClientReply:client-CFB50CAB4D08->s2@group-6E85041A3092, cid=2124, SUCCESS, logIndex=0, commits[s2:c143, s0:c0, s1:c143]
2019-09-24 12:11:24,614 DEBUG impl.RaftServerImpl (RaftServerImpl.java:submitClientRequestAsync(533)) - s2@group-6E85041A3092: receive client request(RaftClientRequest:client-CFB50CAB4D08->s2@group-6E85041A3092, cid=2127, seq=0, Watch-ALL(127), Message:<EMPTY>)
2019-09-24 12:11:24,614 INFO  grpc.TestWatchRequestWithGrpc (WatchRequestTests.java:checkMajority(230)) - checkMajority 89: receive RaftClientReply:client-CFB50CAB4D08->s2@group-6E85041A3092, cid=1759, SUCCESS, logIndex=127, commits[s2:c127, s0:c0, s1:c125]
2019-09-24 12:11:24,614 DEBUG impl.RaftServerImpl (LeaderState.java:addWatchReqeust(324)) - s2@group-6E85041A3092-LeaderState: addWatchRequest RaftClientRequest:client-CFB50CAB4D08->s2@group-6E85041A3092, cid=2127, seq=0, Watch-ALL(127), Message:<EMPTY>
2019-09-24 12:11:24,614 DEBUG impl.UnorderedAsync (UnorderedAsync.java:lambda$sendRequestWithRetry$4(77)) - client-CFB50CAB4D08: attempt #1 receive~ RaftClientReply:client-CFB50CAB4D08->s2@group-6E85041A3092, cid=2126, SUCCESS, logIndex=0, commits[s2:c143, s0:c0, s1:c143]
2019-09-24 12:11:24,614 DEBUG impl.RaftServerImpl (RaftServerImpl.java:submitClientRequestAsync(533)) - s2@group-6E85041A3092: receive client request(RaftClientRequest:client-CFB50CAB4D08->s2@group-6E85041A3092, cid=2128, seq=0, Watch-MAJORITY_COMMITTED(127), Message:<EMPTY>)
2019-09-24 12:11:24,614 INFO  grpc.TestWatchRequestWithGrpc (WatchRequestTests.java:get(172)) - majority-Watch(127) returns RaftClientReply:client-CFB50CAB4D08->s2@group-6E85041A3092, cid=2126, SUCCESS, logIndex=0, commits[s2:c143, s0:c0, s1:c143]
2019-09-24 12:11:24,615 DEBUG impl.RaftServerImpl (LeaderState.java:addWatchReqeust(324)) - s2@group-6E85041A3092-LeaderState: addWatchRequest RaftClientRequest:client-CFB50CAB4D08->s2@group-6E85041A3092, cid=2128, seq=0, Watch-MAJORITY_COMMITTED(127), Message:<EMPTY>
2019-09-24 12:11:24,615 DEBUG impl.RaftServerImpl (RaftServerImpl.java:submitClientRequestAsync(533)) - s2@group-6E85041A3092: receive client request(RaftClientRequest:client-CFB50CAB4D08->s2@group-6E85041A3092, cid=2129, seq=0, Watch-ALL_COMMITTED(127), Message:<EMPTY>)
2019-09-24 12:11:24,615 DEBUG impl.RaftServerImpl (LeaderState.java:addWatchReqeust(324)) - s2@group-6E85041A3092-LeaderState: addWatchRequest RaftClientRequest:client-CFB50CAB4D08->s2@group-6E85041A3092, cid=2129, seq=0, Watch-ALL_COMMITTED(127), Message:<EMPTY>
2019-09-24 12:11:24,615 DEBUG impl.RaftServerImpl (RaftServerImpl.java:submitClientRequestAsync(533)) - s2@group-6E85041A3092: receive client request(RaftClientRequest:client-CFB50CAB4D08->s2@group-6E85041A3092, cid=2130, seq=0, Watch(129), Message:<EMPTY>)
2019-09-24 12:11:24,615 DEBUG impl.RaftServerImpl (LeaderState.java:addWatchReqeust(324)) - s2@group-6E85041A3092-LeaderState: addWatchRequest RaftClientRequest:client-CFB50CAB4D08->s2@group-6E85041A3092, cid=2130, seq=0, Watch(129), Message:<EMPTY>
2019-09-24 12:11:24,615 DEBUG impl.UnorderedAsync (UnorderedAsync.java:lambda$sendRequestWithRetry$4(77)) - client-CFB50CAB4D08: attempt #1 receive~ RaftClientReply:client-CFB50CAB4D08->s2@group-6E85041A3092, cid=2128, SUCCESS, logIndex=0, commits[s2:c143, s0:c0, s1:c143]
2019-09-24 12:11:24,616 INFO  grpc.TestWatchRequestWithGrpc (WatchRequestTests.java:get(172)) - majorityCommitted-Watch(127) returns RaftClientReply:client-CFB50CAB4D08->s2@group-6E85041A3092, cid=2128, SUCCESS, logIndex=0, commits[s2:c143, s0:c0, s1:c143]
2019-09-24 12:11:24,616 DEBUG impl.RaftServerImpl (RaftServerImpl.java:submitClientRequestAsync(533)) - s2@group-6E85041A3092: receive client request(RaftClientRequest:client-CFB50CAB4D08->s2@group-6E85041A3092, cid=2131, seq=0, Watch-ALL(129), Message:<EMPTY>)
2019-09-24 12:11:24,616 INFO  grpc.TestWatchRequestWithGrpc (WatchRequestTests.java:checkMajority(230)) - checkMajority 90: receive RaftClientReply:client-CFB50CAB4D08->s2@group-6E85041A3092, cid=1760, SUCCESS, logIndex=129, commits[s2:c138, s0:c0, s1:c126]
2019-09-24 12:11:24,616 DEBUG impl.RaftServerImpl (LeaderState.java:addWatchReqeust(324)) - s2@group-6E85041A3092-LeaderState: addWatchRequest RaftClientRequest:client-CFB50CAB4D08->s2@group-6E85041A3092, cid=2131, seq=0, Watch-ALL(129), Message:<EMPTY>
2019-09-24 12:11:24,616 DEBUG impl.UnorderedAsync (UnorderedAsync.java:lambda$sendRequestWithRetry$4(77)) - client-CFB50CAB4D08: attempt #1 receive~ RaftClientReply:client-CFB50CAB4D08->s2@group-6E85041A3092, cid=2130, SUCCESS, logIndex=0, commits[s2:c143, s0:c0, s1:c143]
2019-09-24 12:11:24,616 DEBUG impl.RaftServerImpl (RaftServerImpl.java:submitClientRequestAsync(533)) - s2@group-6E85041A3092: receive client request(RaftClientRequest:client-CFB50CAB4D08->s2@group-6E85041A3092, cid=2132, seq=0, Watch-MAJORITY_COMMITTED(129), Message:<EMPTY>)
2019-09-24 12:11:24,616 INFO  grpc.TestWatchRequestWithGrpc (WatchRequestTests.java:get(172)) - majority-Watch(129) returns RaftClientReply:client-CFB50CAB4D08->s2@group-6E85041A3092, cid=2130, SUCCESS, logIndex=0, commits[s2:c143, s0:c0, s1:c143]
2019-09-24 12:11:24,616 DEBUG impl.RaftServerImpl (LeaderState.java:addWatchReqeust(324)) - s2@group-6E85041A3092-LeaderState: addWatchRequest RaftClientRequest:client-CFB50CAB4D08->s2@group-6E85041A3092, cid=2132, seq=0, Watch-MAJORITY_COMMITTED(129), Message:<EMPTY>
2019-09-24 12:11:24,617 DEBUG impl.RaftServerImpl (RaftServerImpl.java:submitClientRequestAsync(533)) - s2@group-6E85041A3092: receive client request(RaftClientRequest:client-CFB50CAB4D08->s2@group-6E85041A3092, cid=2133, seq=0, Watch-ALL_COMMITTED(129), Message:<EMPTY>)
2019-09-24 12:11:24,617 DEBUG impl.RaftServerImpl (LeaderState.java:addWatchReqeust(324)) - s2@group-6E85041A3092-LeaderState: addWatchRequest RaftClientRequest:client-CFB50CAB4D08->s2@group-6E85041A3092, cid=2133, seq=0, Watch-ALL_COMMITTED(129), Message:<EMPTY>
2019-09-24 12:11:24,617 DEBUG impl.RaftServerImpl (RaftServerImpl.java:submitClientRequestAsync(533)) - s2@group-6E85041A3092: receive client request(RaftClientRequest:client-CFB50CAB4D08->s2@group-6E85041A3092, cid=2134, seq=0, Watch(130), Message:<EMPTY>)
2019-09-24 12:11:24,617 DEBUG impl.RaftServerImpl (LeaderState.java:addWatchReqeust(324)) - s2@group-6E85041A3092-LeaderState: addWatchRequest RaftClientRequest:client-CFB50CAB4D08->s2@group-6E85041A3092, cid=2134, seq=0, Watch(130), Message:<EMPTY>
2019-09-24 12:11:24,617 DEBUG impl.UnorderedAsync (UnorderedAsync.java:lambda$sendRequestWithRetry$4(77)) - client-CFB50CAB4D08: attempt #1 receive~ RaftClientReply:client-CFB50CAB4D08->s2@group-6E85041A3092, cid=2132, SUCCESS, logIndex=0, commits[s2:c143, s0:c0, s1:c143]
2019-09-24 12:11:24,617 DEBUG impl.RaftServerImpl (RaftServerImpl.java:submitClientRequestAsync(533)) - s2@group-6E85041A3092: receive client request(RaftClientRequest:client-CFB50CAB4D08->s2@group-6E85041A3092, cid=2135, seq=0, Watch-ALL(130), Message:<EMPTY>)
2019-09-24 12:11:24,617 INFO  grpc.TestWatchRequestWithGrpc (WatchRequestTests.java:get(172)) - majorityCommitted-Watch(129) returns RaftClientReply:client-CFB50CAB4D08->s2@group-6E85041A3092, cid=2132, SUCCESS, logIndex=0, commits[s2:c143, s0:c0, s1:c143]
2019-09-24 12:11:24,617 DEBUG impl.RaftServerImpl (LeaderState.java:addWatchReqeust(324)) - s2@group-6E85041A3092-LeaderState: addWatchRequest RaftClientRequest:client-CFB50CAB4D08->s2@group-6E85041A3092, cid=2135, seq=0, Watch-ALL(130), Message:<EMPTY>
2019-09-24 12:11:24,617 INFO  grpc.TestWatchRequestWithGrpc (WatchRequestTests.java:checkMajority(230)) - checkMajority 91: receive RaftClientReply:client-CFB50CAB4D08->s2@group-6E85041A3092, cid=1761, SUCCESS, logIndex=130, commits[s2:c138, s0:c0, s1:c127]
2019-09-24 12:11:24,618 DEBUG impl.RaftServerImpl (RaftServerImpl.java:submitClientRequestAsync(533)) - s2@group-6E85041A3092: receive client request(RaftClientRequest:client-CFB50CAB4D08->s2@group-6E85041A3092, cid=2136, seq=0, Watch-MAJORITY_COMMITTED(130), Message:<EMPTY>)
2019-09-24 12:11:24,618 DEBUG impl.UnorderedAsync (UnorderedAsync.java:lambda$sendRequestWithRetry$4(77)) - client-CFB50CAB4D08: attempt #1 receive~ RaftClientReply:client-CFB50CAB4D08->s2@group-6E85041A3092, cid=2134, SUCCESS, logIndex=0, commits[s2:c143, s0:c0, s1:c143]
2019-09-24 12:11:24,618 DEBUG impl.RaftServerImpl (LeaderState.java:addWatchReqeust(324)) - s2@group-6E85041A3092-LeaderState: addWatchRequest RaftClientRequest:client-CFB50CAB4D08->s2@group-6E85041A3092, cid=2136, seq=0, Watch-MAJORITY_COMMITTED(130), Message:<EMPTY>
2019-09-24 12:11:24,618 INFO  grpc.TestWatchRequestWithGrpc (WatchRequestTests.java:get(172)) - majority-Watch(130) returns RaftClientReply:client-CFB50CAB4D08->s2@group-6E85041A3092, cid=2134, SUCCESS, logIndex=0, commits[s2:c143, s0:c0, s1:c143]
2019-09-24 12:11:24,618 DEBUG impl.RaftServerImpl (RaftServerImpl.java:submitClientRequestAsync(533)) - s2@group-6E85041A3092: receive client request(RaftClientRequest:client-CFB50CAB4D08->s2@group-6E85041A3092, cid=2137, seq=0, Watch-ALL_COMMITTED(130), Message:<EMPTY>)
2019-09-24 12:11:24,618 DEBUG impl.RaftServerImpl (LeaderState.java:addWatchReqeust(324)) - s2@group-6E85041A3092-LeaderState: addWatchRequest RaftClientRequest:client-CFB50CAB4D08->s2@group-6E85041A3092, cid=2137, seq=0, Watch-ALL_COMMITTED(130), Message:<EMPTY>
2019-09-24 12:11:24,618 DEBUG impl.RaftServerImpl (RaftServerImpl.java:submitClientRequestAsync(533)) - s2@group-6E85041A3092: receive client request(RaftClientRequest:client-CFB50CAB4D08->s2@group-6E85041A3092, cid=2138, seq=0, Watch(131), Message:<EMPTY>)
2019-09-24 12:11:24,619 DEBUG impl.UnorderedAsync (UnorderedAsync.java:lambda$sendRequestWithRetry$4(77)) - client-CFB50CAB4D08: attempt #1 receive~ RaftClientReply:client-CFB50CAB4D08->s2@group-6E85041A3092, cid=2136, SUCCESS, logIndex=0, commits[s2:c143, s0:c0, s1:c143]
2019-09-24 12:11:24,619 DEBUG impl.RaftServerImpl (LeaderState.java:addWatchReqeust(324)) - s2@group-6E85041A3092-LeaderState: addWatchRequest RaftClientRequest:client-CFB50CAB4D08->s2@group-6E85041A3092, cid=2138, seq=0, Watch(131), Message:<EMPTY>
2019-09-24 12:11:24,619 INFO  grpc.TestWatchRequestWithGrpc (WatchRequestTests.java:get(172)) - majorityCommitted-Watch(130) returns RaftClientReply:client-CFB50CAB4D08->s2@group-6E85041A3092, cid=2136, SUCCESS, logIndex=0, commits[s2:c143, s0:c0, s1:c143]
2019-09-24 12:11:24,619 DEBUG impl.RaftServerImpl (RaftServerImpl.java:submitClientRequestAsync(533)) - s2@group-6E85041A3092: receive client request(RaftClientRequest:client-CFB50CAB4D08->s2@group-6E85041A3092, cid=2139, seq=0, Watch-ALL(131), Message:<EMPTY>)
2019-09-24 12:11:24,619 DEBUG impl.RaftServerImpl (LeaderState.java:addWatchReqeust(324)) - s2@group-6E85041A3092-LeaderState: addWatchRequest RaftClientRequest:client-CFB50CAB4D08->s2@group-6E85041A3092, cid=2139, seq=0, Watch-ALL(131), Message:<EMPTY>
2019-09-24 12:11:24,619 INFO  grpc.TestWatchRequestWithGrpc (WatchRequestTests.java:checkMajority(230)) - checkMajority 92: receive RaftClientReply:client-CFB50CAB4D08->s2@group-6E85041A3092, cid=1762, SUCCESS, logIndex=131, commits[s2:c139, s0:c0, s1:c127]
2019-09-24 12:11:24,619 DEBUG impl.RaftServerImpl (RaftServerImpl.java:submitClientRequestAsync(533)) - s2@group-6E85041A3092: receive client request(RaftClientRequest:client-CFB50CAB4D08->s2@group-6E85041A3092, cid=2140, seq=0, Watch-MAJORITY_COMMITTED(131), Message:<EMPTY>)
2019-09-24 12:11:24,619 DEBUG impl.RaftServerImpl (LeaderState.java:addWatchReqeust(324)) - s2@group-6E85041A3092-LeaderState: addWatchRequest RaftClientRequest:client-CFB50CAB4D08->s2@group-6E85041A3092, cid=2140, seq=0, Watch-MAJORITY_COMMITTED(131), Message:<EMPTY>
2019-09-24 12:11:24,619 DEBUG impl.UnorderedAsync (UnorderedAsync.java:lambda$sendRequestWithRetry$4(77)) - client-CFB50CAB4D08: attempt #1 receive~ RaftClientReply:client-CFB50CAB4D08->s2@group-6E85041A3092, cid=2138, SUCCESS, logIndex=0, commits[s2:c143, s0:c0, s1:c143]
2019-09-24 12:11:24,620 DEBUG impl.RaftServerImpl (RaftServerImpl.java:submitClientRequestAsync(533)) - s2@group-6E85041A3092: receive client request(RaftClientRequest:client-CFB50CAB4D08->s2@group-6E85041A3092, cid=2141, seq=0, Watch-ALL_COMMITTED(131), Message:<EMPTY>)
2019-09-24 12:11:24,620 INFO  grpc.TestWatchRequestWithGrpc (WatchRequestTests.java:get(172)) - majority-Watch(131) returns RaftClientReply:client-CFB50CAB4D08->s2@group-6E85041A3092, cid=2138, SUCCESS, logIndex=0, commits[s2:c143, s0:c0, s1:c143]
2019-09-24 12:11:24,620 DEBUG impl.RaftServerImpl (LeaderState.java:addWatchReqeust(324)) - s2@group-6E85041A3092-LeaderState: addWatchRequest RaftClientRequest:client-CFB50CAB4D08->s2@group-6E85041A3092, cid=2141, seq=0, Watch-ALL_COMMITTED(131), Message:<EMPTY>
2019-09-24 12:11:24,620 DEBUG impl.UnorderedAsync (UnorderedAsync.java:lambda$sendRequestWithRetry$4(77)) - client-CFB50CAB4D08: attempt #1 receive~ RaftClientReply:client-CFB50CAB4D08->s2@group-6E85041A3092, cid=2140, SUCCESS, logIndex=0, commits[s2:c143, s0:c0, s1:c143]
2019-09-24 12:11:24,620 DEBUG impl.RaftServerImpl (RaftServerImpl.java:submitClientRequestAsync(533)) - s2@group-6E85041A3092: receive client request(RaftClientRequest:client-CFB50CAB4D08->s2@group-6E85041A3092, cid=2142, seq=0, Watch(132), Message:<EMPTY>)
2019-09-24 12:11:24,620 INFO  grpc.TestWatchRequestWithGrpc (WatchRequestTests.java:get(172)) - majorityCommitted-Watch(131) returns RaftClientReply:client-CFB50CAB4D08->s2@group-6E85041A3092, cid=2140, SUCCESS, logIndex=0, commits[s2:c143, s0:c0, s1:c143]
2019-09-24 12:11:24,620 DEBUG impl.RaftServerImpl (LeaderState.java:addWatchReqeust(324)) - s2@group-6E85041A3092-LeaderState: addWatchRequest RaftClientRequest:client-CFB50CAB4D08->s2@group-6E85041A3092, cid=2142, seq=0, Watch(132), Message:<EMPTY>
2019-09-24 12:11:24,620 INFO  grpc.TestWatchRequestWithGrpc (WatchRequestTests.java:checkMajority(230)) - checkMajority 93: receive RaftClientReply:client-CFB50CAB4D08->s2@group-6E85041A3092, cid=1763, SUCCESS, logIndex=132, commits[s2:c140, s0:c0, s1:c129]
2019-09-24 12:11:24,621 DEBUG impl.RaftServerImpl (RaftServerImpl.java:submitClientRequestAsync(533)) - s2@group-6E85041A3092: receive client request(RaftClientRequest:client-CFB50CAB4D08->s2@group-6E85041A3092, cid=2143, seq=0, Watch-ALL(132), Message:<EMPTY>)
2019-09-24 12:11:24,621 DEBUG impl.RaftServerImpl (LeaderState.java:addWatchReqeust(324)) - s2@group-6E85041A3092-LeaderState: addWatchRequest RaftClientRequest:client-CFB50CAB4D08->s2@group-6E85041A3092, cid=2143, seq=0, Watch-ALL(132), Message:<EMPTY>
2019-09-24 12:11:24,621 DEBUG impl.RaftServerImpl (RaftServerImpl.java:submitClientRequestAsync(533)) - s2@group-6E85041A3092: receive client request(RaftClientRequest:client-CFB50CAB4D08->s2@group-6E85041A3092, cid=2144, seq=0, Watch-MAJORITY_COMMITTED(132), Message:<EMPTY>)
2019-09-24 12:11:24,621 DEBUG impl.UnorderedAsync (UnorderedAsync.java:lambda$sendRequestWithRetry$4(77)) - client-CFB50CAB4D08: attempt #1 receive~ RaftClientReply:client-CFB50CAB4D08->s2@group-6E85041A3092, cid=2142, SUCCESS, logIndex=0, commits[s2:c143, s0:c0, s1:c143]
2019-09-24 12:11:24,621 DEBUG impl.RaftServerImpl (LeaderState.java:addWatchReqeust(324)) - s2@group-6E85041A3092-LeaderState: addWatchRequest RaftClientRequest:client-CFB50CAB4D08->s2@group-6E85041A3092, cid=2144, seq=0, Watch-MAJORITY_COMMITTED(132), Message:<EMPTY>
2019-09-24 12:11:24,621 INFO  grpc.TestWatchRequestWithGrpc (WatchRequestTests.java:get(172)) - majority-Watch(132) returns RaftClientReply:client-CFB50CAB4D08->s2@group-6E85041A3092, cid=2142, SUCCESS, logIndex=0, commits[s2:c143, s0:c0, s1:c143]
2019-09-24 12:11:24,621 DEBUG impl.RaftServerImpl (RaftServerImpl.java:submitClientRequestAsync(533)) - s2@group-6E85041A3092: receive client request(RaftClientRequest:client-CFB50CAB4D08->s2@group-6E85041A3092, cid=2145, seq=0, Watch-ALL_COMMITTED(132), Message:<EMPTY>)
2019-09-24 12:11:24,621 DEBUG impl.RaftServerImpl (LeaderState.java:addWatchReqeust(324)) - s2@group-6E85041A3092-LeaderState: addWatchRequest RaftClientRequest:client-CFB50CAB4D08->s2@group-6E85041A3092, cid=2145, seq=0, Watch-ALL_COMMITTED(132), Message:<EMPTY>
2019-09-24 12:11:24,622 DEBUG impl.RaftServerImpl (RaftServerImpl.java:submitClientRequestAsync(533)) - s2@group-6E85041A3092: receive client request(RaftClientRequest:client-CFB50CAB4D08->s2@group-6E85041A3092, cid=2146, seq=0, Watch(133), Message:<EMPTY>)
2019-09-24 12:11:24,622 DEBUG impl.RaftServerImpl (LeaderState.java:addWatchReqeust(324)) - s2@group-6E85041A3092-LeaderState: addWatchRequest RaftClientRequest:client-CFB50CAB4D08->s2@group-6E85041A3092, cid=2146, seq=0, Watch(133), Message:<EMPTY>
2019-09-24 12:11:24,622 DEBUG impl.UnorderedAsync (UnorderedAsync.java:lambda$sendRequestWithRetry$4(77)) - client-CFB50CAB4D08: attempt #1 receive~ RaftClientReply:client-CFB50CAB4D08->s2@group-6E85041A3092, cid=2144, SUCCESS, logIndex=0, commits[s2:c143, s0:c0, s1:c143]
2019-09-24 12:11:24,622 DEBUG impl.RaftServerImpl (RaftServerImpl.java:submitClientRequestAsync(533)) - s2@group-6E85041A3092: receive client request(RaftClientRequest:client-CFB50CAB4D08->s2@group-6E85041A3092, cid=2147, seq=0, Watch-ALL(133), Message:<EMPTY>)
2019-09-24 12:11:24,622 INFO  grpc.TestWatchRequestWithGrpc (WatchRequestTests.java:get(172)) - majorityCommitted-Watch(132) returns RaftClientReply:client-CFB50CAB4D08->s2@group-6E85041A3092, cid=2144, SUCCESS, logIndex=0, commits[s2:c143, s0:c0, s1:c143]
2019-09-24 12:11:24,622 DEBUG impl.RaftServerImpl (LeaderState.java:addWatchReqeust(324)) - s2@group-6E85041A3092-LeaderState: addWatchRequest RaftClientRequest:client-CFB50CAB4D08->s2@group-6E85041A3092, cid=2147, seq=0, Watch-ALL(133), Message:<EMPTY>
2019-09-24 12:11:24,622 INFO  grpc.TestWatchRequestWithGrpc (WatchRequestTests.java:checkMajority(230)) - checkMajority 94: receive RaftClientReply:client-CFB50CAB4D08->s2@group-6E85041A3092, cid=1764, SUCCESS, logIndex=133, commits[s2:c140, s0:c0, s1:c129]
2019-09-24 12:11:24,622 DEBUG impl.RaftServerImpl (RaftServerImpl.java:submitClientRequestAsync(533)) - s2@group-6E85041A3092: receive client request(RaftClientRequest:client-CFB50CAB4D08->s2@group-6E85041A3092, cid=2148, seq=0, Watch-MAJORITY_COMMITTED(133), Message:<EMPTY>)
2019-09-24 12:11:24,622 DEBUG impl.UnorderedAsync (UnorderedAsync.java:lambda$sendRequestWithRetry$4(77)) - client-CFB50CAB4D08: attempt #1 receive~ RaftClientReply:client-CFB50CAB4D08->s2@group-6E85041A3092, cid=2146, SUCCESS, logIndex=0, commits[s2:c143, s0:c0, s1:c143]
2019-09-24 12:11:24,623 DEBUG impl.RaftServerImpl (LeaderState.java:addWatchReqeust(324)) - s2@group-6E85041A3092-LeaderState: addWatchRequest RaftClientRequest:client-CFB50CAB4D08->s2@group-6E85041A3092, cid=2148, seq=0, Watch-MAJORITY_COMMITTED(133), Message:<EMPTY>
2019-09-24 12:11:24,623 INFO  grpc.TestWatchRequestWithGrpc (WatchRequestTests.java:get(172)) - majority-Watch(133) returns RaftClientReply:client-CFB50CAB4D08->s2@group-6E85041A3092, cid=2146, SUCCESS, logIndex=0, commits[s2:c143, s0:c0, s1:c143]
2019-09-24 12:11:24,623 DEBUG impl.RaftServerImpl (RaftServerImpl.java:submitClientRequestAsync(533)) - s2@group-6E85041A3092: receive client request(RaftClientRequest:client-CFB50CAB4D08->s2@group-6E85041A3092, cid=2149, seq=0, Watch-ALL_COMMITTED(133), Message:<EMPTY>)
2019-09-24 12:11:24,623 DEBUG impl.RaftServerImpl (LeaderState.java:addWatchReqeust(324)) - s2@group-6E85041A3092-LeaderState: addWatchRequest RaftClientRequest:client-CFB50CAB4D08->s2@group-6E85041A3092, cid=2149, seq=0, Watch-ALL_COMMITTED(133), Message:<EMPTY>
2019-09-24 12:11:24,623 DEBUG impl.RaftServerImpl (RaftServerImpl.java:submitClientRequestAsync(533)) - s2@group-6E85041A3092: receive client request(RaftClientRequest:client-CFB50CAB4D08->s2@group-6E85041A3092, cid=2150, seq=0, Watch(134), Message:<EMPTY>)
2019-09-24 12:11:24,623 DEBUG impl.UnorderedAsync (UnorderedAsync.java:lambda$sendRequestWithRetry$4(77)) - client-CFB50CAB4D08: attempt #1 receive~ RaftClientReply:client-CFB50CAB4D08->s2@group-6E85041A3092, cid=2148, SUCCESS, logIndex=0, commits[s2:c143, s0:c0, s1:c143]
2019-09-24 12:11:24,623 DEBUG impl.RaftServerImpl (LeaderState.java:addWatchReqeust(324)) - s2@group-6E85041A3092-LeaderState: addWatchRequest RaftClientRequest:client-CFB50CAB4D08->s2@group-6E85041A3092, cid=2150, seq=0, Watch(134), Message:<EMPTY>
2019-09-24 12:11:24,623 INFO  grpc.TestWatchRequestWithGrpc (WatchRequestTests.java:get(172)) - majorityCommitted-Watch(133) returns RaftClientReply:client-CFB50CAB4D08->s2@group-6E85041A3092, cid=2148, SUCCESS, logIndex=0, commits[s2:c143, s0:c0, s1:c143]
2019-09-24 12:11:24,624 INFO  grpc.TestWatchRequestWithGrpc (WatchRequestTests.java:checkMajority(230)) - checkMajority 95: receive RaftClientReply:client-CFB50CAB4D08->s2@group-6E85041A3092, cid=1765, SUCCESS, logIndex=134, commits[s2:c140, s0:c0, s1:c134]
2019-09-24 12:11:24,624 DEBUG impl.RaftServerImpl (RaftServerImpl.java:submitClientRequestAsync(533)) - s2@group-6E85041A3092: receive client request(RaftClientRequest:client-CFB50CAB4D08->s2@group-6E85041A3092, cid=2151, seq=0, Watch-ALL(134), Message:<EMPTY>)
2019-09-24 12:11:24,624 DEBUG impl.RaftServerImpl (LeaderState.java:addWatchReqeust(324)) - s2@group-6E85041A3092-LeaderState: addWatchRequest RaftClientRequest:client-CFB50CAB4D08->s2@group-6E85041A3092, cid=2151, seq=0, Watch-ALL(134), Message:<EMPTY>
2019-09-24 12:11:24,624 DEBUG impl.UnorderedAsync (UnorderedAsync.java:lambda$sendRequestWithRetry$4(77)) - client-CFB50CAB4D08: attempt #1 receive~ RaftClientReply:client-CFB50CAB4D08->s2@group-6E85041A3092, cid=2150, SUCCESS, logIndex=0, commits[s2:c143, s0:c0, s1:c143]
2019-09-24 12:11:24,624 DEBUG impl.RaftServerImpl (RaftServerImpl.java:submitClientRequestAsync(533)) - s2@group-6E85041A3092: receive client request(RaftClientRequest:client-CFB50CAB4D08->s2@group-6E85041A3092, cid=2152, seq=0, Watch-MAJORITY_COMMITTED(134), Message:<EMPTY>)
2019-09-24 12:11:24,624 INFO  grpc.TestWatchRequestWithGrpc (WatchRequestTests.java:get(172)) - majority-Watch(134) returns RaftClientReply:client-CFB50CAB4D08->s2@group-6E85041A3092, cid=2150, SUCCESS, logIndex=0, commits[s2:c143, s0:c0, s1:c143]
2019-09-24 12:11:24,624 DEBUG impl.RaftServerImpl (LeaderState.java:addWatchReqeust(324)) - s2@group-6E85041A3092-LeaderState: addWatchRequest RaftClientRequest:client-CFB50CAB4D08->s2@group-6E85041A3092, cid=2152, seq=0, Watch-MAJORITY_COMMITTED(134), Message:<EMPTY>
2019-09-24 12:11:24,624 DEBUG impl.RaftServerImpl (RaftServerImpl.java:submitClientRequestAsync(533)) - s2@group-6E85041A3092: receive client request(RaftClientRequest:client-CFB50CAB4D08->s2@group-6E85041A3092, cid=2153, seq=0, Watch-ALL_COMMITTED(134), Message:<EMPTY>)
2019-09-24 12:11:24,625 DEBUG impl.RaftServerImpl (LeaderState.java:addWatchReqeust(324)) - s2@group-6E85041A3092-LeaderState: addWatchRequest RaftClientRequest:client-CFB50CAB4D08->s2@group-6E85041A3092, cid=2153, seq=0, Watch-ALL_COMMITTED(134), Message:<EMPTY>
2019-09-24 12:11:24,625 DEBUG impl.RaftServerImpl (RaftServerImpl.java:submitClientRequestAsync(533)) - s2@group-6E85041A3092: receive client request(RaftClientRequest:client-CFB50CAB4D08->s2@group-6E85041A3092, cid=2154, seq=0, Watch(135), Message:<EMPTY>)
2019-09-24 12:11:24,625 DEBUG impl.RaftServerImpl (LeaderState.java:addWatchReqeust(324)) - s2@group-6E85041A3092-LeaderState: addWatchRequest RaftClientRequest:client-CFB50CAB4D08->s2@group-6E85041A3092, cid=2154, seq=0, Watch(135), Message:<EMPTY>
2019-09-24 12:11:24,625 DEBUG impl.UnorderedAsync (UnorderedAsync.java:lambda$sendRequestWithRetry$4(77)) - client-CFB50CAB4D08: attempt #1 receive~ RaftClientReply:client-CFB50CAB4D08->s2@group-6E85041A3092, cid=2152, SUCCESS, logIndex=0, commits[s2:c143, s0:c0, s1:c143]
2019-09-24 12:11:24,625 INFO  grpc.TestWatchRequestWithGrpc (WatchRequestTests.java:get(172)) - majorityCommitted-Watch(134) returns RaftClientReply:client-CFB50CAB4D08->s2@group-6E85041A3092, cid=2152, SUCCESS, logIndex=0, commits[s2:c143, s0:c0, s1:c143]
2019-09-24 12:11:24,625 DEBUG impl.RaftServerImpl (RaftServerImpl.java:submitClientRequestAsync(533)) - s2@group-6E85041A3092: receive client request(RaftClientRequest:client-CFB50CAB4D08->s2@group-6E85041A3092, cid=2155, seq=0, Watch-ALL(135), Message:<EMPTY>)
2019-09-24 12:11:24,625 INFO  grpc.TestWatchRequestWithGrpc (WatchRequestTests.java:checkMajority(230)) - checkMajority 96: receive RaftClientReply:client-CFB50CAB4D08->s2@group-6E85041A3092, cid=1766, SUCCESS, logIndex=135, commits[s2:c140, s0:c0, s1:c134]
2019-09-24 12:11:24,626 DEBUG impl.UnorderedAsync (UnorderedAsync.java:lambda$sendRequestWithRetry$4(77)) - client-CFB50CAB4D08: attempt #1 receive~ RaftClientReply:client-CFB50CAB4D08->s2@group-6E85041A3092, cid=2154, SUCCESS, logIndex=0, commits[s2:c143, s0:c0, s1:c143]
2019-09-24 12:11:24,625 DEBUG impl.RaftServerImpl (LeaderState.java:addWatchReqeust(324)) - s2@group-6E85041A3092-LeaderState: addWatchRequest RaftClientRequest:client-CFB50CAB4D08->s2@group-6E85041A3092, cid=2155, seq=0, Watch-ALL(135), Message:<EMPTY>
2019-09-24 12:11:24,626 INFO  grpc.TestWatchRequestWithGrpc (WatchRequestTests.java:get(172)) - majority-Watch(135) returns RaftClientReply:client-CFB50CAB4D08->s2@group-6E85041A3092, cid=2154, SUCCESS, logIndex=0, commits[s2:c143, s0:c0, s1:c143]
2019-09-24 12:11:24,626 DEBUG impl.RaftServerImpl (RaftServerImpl.java:submitClientRequestAsync(533)) - s2@group-6E85041A3092: receive client request(RaftClientRequest:client-CFB50CAB4D08->s2@group-6E85041A3092, cid=2156, seq=0, Watch-MAJORITY_COMMITTED(135), Message:<EMPTY>)
2019-09-24 12:11:24,626 DEBUG impl.RaftServerImpl (LeaderState.java:addWatchReqeust(324)) - s2@group-6E85041A3092-LeaderState: addWatchRequest RaftClientRequest:client-CFB50CAB4D08->s2@group-6E85041A3092, cid=2156, seq=0, Watch-MAJORITY_COMMITTED(135), Message:<EMPTY>
2019-09-24 12:11:24,626 DEBUG impl.RaftServerImpl (RaftServerImpl.java:submitClientRequestAsync(533)) - s2@group-6E85041A3092: receive client request(RaftClientRequest:client-CFB50CAB4D08->s2@group-6E85041A3092, cid=2157, seq=0, Watch-ALL_COMMITTED(135), Message:<EMPTY>)
2019-09-24 12:11:24,626 DEBUG impl.RaftServerImpl (LeaderState.java:addWatchReqeust(324)) - s2@group-6E85041A3092-LeaderState: addWatchRequest RaftClientRequest:client-CFB50CAB4D08->s2@group-6E85041A3092, cid=2157, seq=0, Watch-ALL_COMMITTED(135), Message:<EMPTY>
2019-09-24 12:11:24,627 DEBUG impl.RaftServerImpl (RaftServerImpl.java:submitClientRequestAsync(533)) - s2@group-6E85041A3092: receive client request(RaftClientRequest:client-CFB50CAB4D08->s2@group-6E85041A3092, cid=2158, seq=0, Watch(136), Message:<EMPTY>)
2019-09-24 12:11:24,627 DEBUG impl.RaftServerImpl (LeaderState.java:addWatchReqeust(324)) - s2@group-6E85041A3092-LeaderState: addWatchRequest RaftClientRequest:client-CFB50CAB4D08->s2@group-6E85041A3092, cid=2158, seq=0, Watch(136), Message:<EMPTY>
2019-09-24 12:11:24,627 DEBUG impl.UnorderedAsync (UnorderedAsync.java:lambda$sendRequestWithRetry$4(77)) - client-CFB50CAB4D08: attempt #1 receive~ RaftClientReply:client-CFB50CAB4D08->s2@group-6E85041A3092, cid=2156, SUCCESS, logIndex=0, commits[s2:c143, s0:c0, s1:c143]
2019-09-24 12:11:24,627 DEBUG impl.RaftServerImpl (RaftServerImpl.java:submitClientRequestAsync(533)) - s2@group-6E85041A3092: receive client request(RaftClientRequest:client-CFB50CAB4D08->s2@group-6E85041A3092, cid=2159, seq=0, Watch-ALL(136), Message:<EMPTY>)
2019-09-24 12:11:24,627 INFO  grpc.TestWatchRequestWithGrpc (WatchRequestTests.java:get(172)) - majorityCommitted-Watch(135) returns RaftClientReply:client-CFB50CAB4D08->s2@group-6E85041A3092, cid=2156, SUCCESS, logIndex=0, commits[s2:c143, s0:c0, s1:c143]
2019-09-24 12:11:24,627 DEBUG impl.RaftServerImpl (LeaderState.java:addWatchReqeust(324)) - s2@group-6E85041A3092-LeaderState: addWatchRequest RaftClientRequest:client-CFB50CAB4D08->s2@group-6E85041A3092, cid=2159, seq=0, Watch-ALL(136), Message:<EMPTY>
2019-09-24 12:11:24,627 INFO  grpc.TestWatchRequestWithGrpc (WatchRequestTests.java:checkMajority(230)) - checkMajority 97: receive RaftClientReply:client-CFB50CAB4D08->s2@group-6E85041A3092, cid=1767, SUCCESS, logIndex=136, commits[s2:c142, s0:c0, s1:c138]
2019-09-24 12:11:24,627 DEBUG impl.RaftServerImpl (RaftServerImpl.java:submitClientRequestAsync(533)) - s2@group-6E85041A3092: receive client request(RaftClientRequest:client-CFB50CAB4D08->s2@group-6E85041A3092, cid=2160, seq=0, Watch-MAJORITY_COMMITTED(136), Message:<EMPTY>)
2019-09-24 12:11:24,627 DEBUG impl.UnorderedAsync (UnorderedAsync.java:lambda$sendRequestWithRetry$4(77)) - client-CFB50CAB4D08: attempt #1 receive~ RaftClientReply:client-CFB50CAB4D08->s2@group-6E85041A3092, cid=2158, SUCCESS, logIndex=0, commits[s2:c143, s0:c0, s1:c143]
2019-09-24 12:11:24,628 DEBUG impl.RaftServerImpl (LeaderState.java:addWatchReqeust(324)) - s2@group-6E85041A3092-LeaderState: addWatchRequest RaftClientRequest:client-CFB50CAB4D08->s2@group-6E85041A3092, cid=2160, seq=0, Watch-MAJORITY_COMMITTED(136), Message:<EMPTY>
2019-09-24 12:11:24,628 INFO  grpc.TestWatchRequestWithGrpc (WatchRequestTests.java:get(172)) - majority-Watch(136) returns RaftClientReply:client-CFB50CAB4D08->s2@group-6E85041A3092, cid=2158, SUCCESS, logIndex=0, commits[s2:c143, s0:c0, s1:c143]
2019-09-24 12:11:24,628 DEBUG impl.RaftServerImpl (RaftServerImpl.java:submitClientRequestAsync(533)) - s2@group-6E85041A3092: receive client request(RaftClientRequest:client-CFB50CAB4D08->s2@group-6E85041A3092, cid=2161, seq=0, Watch-ALL_COMMITTED(136), Message:<EMPTY>)
2019-09-24 12:11:24,628 DEBUG impl.RaftServerImpl (LeaderState.java:addWatchReqeust(324)) - s2@group-6E85041A3092-LeaderState: addWatchRequest RaftClientRequest:client-CFB50CAB4D08->s2@group-6E85041A3092, cid=2161, seq=0, Watch-ALL_COMMITTED(136), Message:<EMPTY>
2019-09-24 12:11:24,628 DEBUG impl.RaftServerImpl (RaftServerImpl.java:submitClientRequestAsync(533)) - s2@group-6E85041A3092: receive client request(RaftClientRequest:client-CFB50CAB4D08->s2@group-6E85041A3092, cid=2162, seq=0, Watch(137), Message:<EMPTY>)
2019-09-24 12:11:24,628 DEBUG impl.RaftServerImpl (LeaderState.java:addWatchReqeust(324)) - s2@group-6E85041A3092-LeaderState: addWatchRequest RaftClientRequest:client-CFB50CAB4D08->s2@group-6E85041A3092, cid=2162, seq=0, Watch(137), Message:<EMPTY>
2019-09-24 12:11:24,628 DEBUG impl.UnorderedAsync (UnorderedAsync.java:lambda$sendRequestWithRetry$4(77)) - client-CFB50CAB4D08: attempt #1 receive~ RaftClientReply:client-CFB50CAB4D08->s2@group-6E85041A3092, cid=2160, SUCCESS, logIndex=0, commits[s2:c143, s0:c0, s1:c143]
2019-09-24 12:11:24,629 DEBUG impl.RaftServerImpl (RaftServerImpl.java:submitClientRequestAsync(533)) - s2@group-6E85041A3092: receive client request(RaftClientRequest:client-CFB50CAB4D08->s2@group-6E85041A3092, cid=2163, seq=0, Watch-ALL(137), Message:<EMPTY>)
2019-09-24 12:11:24,629 INFO  grpc.TestWatchRequestWithGrpc (WatchRequestTests.java:get(172)) - majorityCommitted-Watch(136) returns RaftClientReply:client-CFB50CAB4D08->s2@group-6E85041A3092, cid=2160, SUCCESS, logIndex=0, commits[s2:c143, s0:c0, s1:c143]
2019-09-24 12:11:24,629 DEBUG impl.RaftServerImpl (LeaderState.java:addWatchReqeust(324)) - s2@group-6E85041A3092-LeaderState: addWatchRequest RaftClientRequest:client-CFB50CAB4D08->s2@group-6E85041A3092, cid=2163, seq=0, Watch-ALL(137), Message:<EMPTY>
2019-09-24 12:11:24,629 INFO  grpc.TestWatchRequestWithGrpc (WatchRequestTests.java:checkMajority(230)) - checkMajority 98: receive RaftClientReply:client-CFB50CAB4D08->s2@group-6E85041A3092, cid=1768, SUCCESS, logIndex=137, commits[s2:c143, s0:c0, s1:c138]
2019-09-24 12:11:24,629 DEBUG impl.RaftServerImpl (RaftServerImpl.java:submitClientRequestAsync(533)) - s2@group-6E85041A3092: receive client request(RaftClientRequest:client-CFB50CAB4D08->s2@group-6E85041A3092, cid=2164, seq=0, Watch-MAJORITY_COMMITTED(137), Message:<EMPTY>)
2019-09-24 12:11:24,629 DEBUG impl.RaftServerImpl (LeaderState.java:addWatchReqeust(324)) - s2@group-6E85041A3092-LeaderState: addWatchRequest RaftClientRequest:client-CFB50CAB4D08->s2@group-6E85041A3092, cid=2164, seq=0, Watch-MAJORITY_COMMITTED(137), Message:<EMPTY>
2019-09-24 12:11:24,629 DEBUG impl.UnorderedAsync (UnorderedAsync.java:lambda$sendRequestWithRetry$4(77)) - client-CFB50CAB4D08: attempt #1 receive~ RaftClientReply:client-CFB50CAB4D08->s2@group-6E85041A3092, cid=2162, SUCCESS, logIndex=0, commits[s2:c143, s0:c0, s1:c143]
2019-09-24 12:11:24,629 INFO  grpc.TestWatchRequestWithGrpc (WatchRequestTests.java:get(172)) - majority-Watch(137) returns RaftClientReply:client-CFB50CAB4D08->s2@group-6E85041A3092, cid=2162, SUCCESS, logIndex=0, commits[s2:c143, s0:c0, s1:c143]
2019-09-24 12:11:24,629 DEBUG impl.RaftServerImpl (RaftServerImpl.java:submitClientRequestAsync(533)) - s2@group-6E85041A3092: receive client request(RaftClientRequest:client-CFB50CAB4D08->s2@group-6E85041A3092, cid=2165, seq=0, Watch-ALL_COMMITTED(137), Message:<EMPTY>)
2019-09-24 12:11:24,630 DEBUG impl.RaftServerImpl (LeaderState.java:addWatchReqeust(324)) - s2@group-6E85041A3092-LeaderState: addWatchRequest RaftClientRequest:client-CFB50CAB4D08->s2@group-6E85041A3092, cid=2165, seq=0, Watch-ALL_COMMITTED(137), Message:<EMPTY>
2019-09-24 12:11:24,630 DEBUG impl.RaftServerImpl (RaftServerImpl.java:submitClientRequestAsync(533)) - s2@group-6E85041A3092: receive client request(RaftClientRequest:client-CFB50CAB4D08->s2@group-6E85041A3092, cid=2166, seq=0, Watch(138), Message:<EMPTY>)
2019-09-24 12:11:24,630 DEBUG impl.UnorderedAsync (UnorderedAsync.java:lambda$sendRequestWithRetry$4(77)) - client-CFB50CAB4D08: attempt #1 receive~ RaftClientReply:client-CFB50CAB4D08->s2@group-6E85041A3092, cid=2164, SUCCESS, logIndex=0, commits[s2:c143, s0:c0, s1:c143]
2019-09-24 12:11:24,630 DEBUG impl.RaftServerImpl (LeaderState.java:addWatchReqeust(324)) - s2@group-6E85041A3092-LeaderState: addWatchRequest RaftClientRequest:client-CFB50CAB4D08->s2@group-6E85041A3092, cid=2166, seq=0, Watch(138), Message:<EMPTY>
2019-09-24 12:11:24,630 INFO  grpc.TestWatchRequestWithGrpc (WatchRequestTests.java:get(172)) - majorityCommitted-Watch(137) returns RaftClientReply:client-CFB50CAB4D08->s2@group-6E85041A3092, cid=2164, SUCCESS, logIndex=0, commits[s2:c143, s0:c0, s1:c143]
2019-09-24 12:11:24,630 INFO  grpc.TestWatchRequestWithGrpc (WatchRequestTests.java:checkMajority(230)) - checkMajority 99: receive RaftClientReply:client-CFB50CAB4D08->s2@group-6E85041A3092, cid=1769, SUCCESS, logIndex=138, commits[s2:c143, s0:c0, s1:c138]
2019-09-24 12:11:24,630 DEBUG impl.RaftServerImpl (RaftServerImpl.java:submitClientRequestAsync(533)) - s2@group-6E85041A3092: receive client request(RaftClientRequest:client-CFB50CAB4D08->s2@group-6E85041A3092, cid=2167, seq=0, Watch-ALL(138), Message:<EMPTY>)
2019-09-24 12:11:24,631 DEBUG impl.RaftServerImpl (LeaderState.java:addWatchReqeust(324)) - s2@group-6E85041A3092-LeaderState: addWatchRequest RaftClientRequest:client-CFB50CAB4D08->s2@group-6E85041A3092, cid=2167, seq=0, Watch-ALL(138), Message:<EMPTY>
2019-09-24 12:11:24,631 DEBUG impl.UnorderedAsync (UnorderedAsync.java:lambda$sendRequestWithRetry$4(77)) - client-CFB50CAB4D08: attempt #1 receive~ RaftClientReply:client-CFB50CAB4D08->s2@group-6E85041A3092, cid=2166, SUCCESS, logIndex=0, commits[s2:c143, s0:c0, s1:c143]
2019-09-24 12:11:24,631 DEBUG impl.RaftServerImpl (RaftServerImpl.java:submitClientRequestAsync(533)) - s2@group-6E85041A3092: receive client request(RaftClientRequest:client-CFB50CAB4D08->s2@group-6E85041A3092, cid=2168, seq=0, Watch-MAJORITY_COMMITTED(138), Message:<EMPTY>)
2019-09-24 12:11:24,631 INFO  grpc.TestWatchRequestWithGrpc (WatchRequestTests.java:get(172)) - majority-Watch(138) returns RaftClientReply:client-CFB50CAB4D08->s2@group-6E85041A3092, cid=2166, SUCCESS, logIndex=0, commits[s2:c143, s0:c0, s1:c143]
2019-09-24 12:11:24,631 DEBUG impl.RaftServerImpl (LeaderState.java:addWatchReqeust(324)) - s2@group-6E85041A3092-LeaderState: addWatchRequest RaftClientRequest:client-CFB50CAB4D08->s2@group-6E85041A3092, cid=2168, seq=0, Watch-MAJORITY_COMMITTED(138), Message:<EMPTY>
2019-09-24 12:11:24,631 DEBUG impl.RaftServerImpl (RaftServerImpl.java:submitClientRequestAsync(533)) - s2@group-6E85041A3092: receive client request(RaftClientRequest:client-CFB50CAB4D08->s2@group-6E85041A3092, cid=2169, seq=0, Watch-ALL_COMMITTED(138), Message:<EMPTY>)
2019-09-24 12:11:24,631 DEBUG impl.RaftServerImpl (LeaderState.java:addWatchReqeust(324)) - s2@group-6E85041A3092-LeaderState: addWatchRequest RaftClientRequest:client-CFB50CAB4D08->s2@group-6E85041A3092, cid=2169, seq=0, Watch-ALL_COMMITTED(138), Message:<EMPTY>
2019-09-24 12:11:24,632 DEBUG impl.UnorderedAsync (UnorderedAsync.java:lambda$sendRequestWithRetry$4(77)) - client-CFB50CAB4D08: attempt #1 receive~ RaftClientReply:client-CFB50CAB4D08->s2@group-6E85041A3092, cid=2168, SUCCESS, logIndex=0, commits[s2:c143, s0:c0, s1:c143]
2019-09-24 12:11:24,632 INFO  grpc.TestWatchRequestWithGrpc (WatchRequestTests.java:get(172)) - majorityCommitted-Watch(138) returns RaftClientReply:client-CFB50CAB4D08->s2@group-6E85041A3092, cid=2168, SUCCESS, logIndex=0, commits[s2:c143, s0:c0, s1:c143]
2019-09-24 12:11:24,632 INFO  grpc.TestWatchRequestWithGrpc (WatchRequestTests.java:checkTimeout(396)) - checkTimeout 0: receive RaftClientReply:client-CFB50CAB4D08->s2@group-6E85041A3092, cid=1670, SUCCESS, logIndex=1, commits[s2:c1, s0:c0, s1:c0]
2019-09-24 12:11:24,855 INFO  client.GrpcClientProtocolService (GrpcClientProtocolService.java:lambda$processClientRequest$0(278)) - Failed RaftClientRequest:client-CFB50CAB4D08->s2@group-6E85041A3092, cid=1789, seq=0, Watch-ALL_COMMITTED(6), Message:<EMPTY>, reply=RaftClientReply:client-CFB50CAB4D08->s2@group-6E85041A3092, cid=1789, FAILED org.apache.ratis.protocol.NotReplicatedException: Request with call Id 1789 and log index 6 is not yet replicated to ALL_COMMITTED, logIndex=6, commits[s2:c143, s0:c0, s1:c143]
2019-09-24 12:11:24,855 DEBUG impl.WatchRequests (WatchRequests.java:handleTimeout(124)) - s2@group-6E85041A3092-WatchRequests: timeout Watch-ALL_COMMITTED(6)@39.19s?java.util.concurrent.CompletionException: org.apache.ratis.protocol.NotReplicatedException: Request with call Id 1789 and log index 6 is not yet replicated to ALL_COMMITTED, RaftClientRequest:client-CFB50CAB4D08->s2@group-6E85041A3092, cid=1789, seq=0, Watch-ALL_COMMITTED(6), Message:<EMPTY>
2019-09-24 12:11:24,856 DEBUG impl.WatchRequests (WatchRequests.java:handleTimeout(124)) - s2@group-6E85041A3092-WatchRequests: timeout Watch-ALL_COMMITTED(4)@39.19s?java.util.concurrent.CompletionException: org.apache.ratis.protocol.NotReplicatedException: Request with call Id 1781 and log index 4 is not yet replicated to ALL_COMMITTED, RaftClientRequest:client-CFB50CAB4D08->s2@group-6E85041A3092, cid=1781, seq=0, Watch-ALL_COMMITTED(4), Message:<EMPTY>
2019-09-24 12:11:24,856 INFO  client.GrpcClientProtocolService (GrpcClientProtocolService.java:lambda$processClientRequest$0(278)) - Failed RaftClientRequest:client-CFB50CAB4D08->s2@group-6E85041A3092, cid=1781, seq=0, Watch-ALL_COMMITTED(4), Message:<EMPTY>, reply=RaftClientReply:client-CFB50CAB4D08->s2@group-6E85041A3092, cid=1781, FAILED org.apache.ratis.protocol.NotReplicatedException: Request with call Id 1781 and log index 4 is not yet replicated to ALL_COMMITTED, logIndex=4, commits[s2:c143, s0:c0, s1:c143]
2019-09-24 12:11:24,856 DEBUG impl.WatchRequests (WatchRequests.java:handleTimeout(124)) - s2@group-6E85041A3092-WatchRequests: timeout Watch-ALL_COMMITTED(7)@39.19s?java.util.concurrent.CompletionException: org.apache.ratis.protocol.NotReplicatedException: Request with call Id 1793 and log index 7 is not yet replicated to ALL_COMMITTED, RaftClientRequest:client-CFB50CAB4D08->s2@group-6E85041A3092, cid=1793, seq=0, Watch-ALL_COMMITTED(7), Message:<EMPTY>
2019-09-24 12:11:24,856 INFO  client.GrpcClientProtocolService (GrpcClientProtocolService.java:lambda$processClientRequest$0(278)) - Failed RaftClientRequest:client-CFB50CAB4D08->s2@group-6E85041A3092, cid=1793, seq=0, Watch-ALL_COMMITTED(7), Message:<EMPTY>, reply=RaftClientReply:client-CFB50CAB4D08->s2@group-6E85041A3092, cid=1793, FAILED org.apache.ratis.protocol.NotReplicatedException: Request with call Id 1793 and log index 7 is not yet replicated to ALL_COMMITTED, logIndex=7, commits[s2:c143, s0:c0, s1:c143]
2019-09-24 12:11:24,856 DEBUG impl.WatchRequests (WatchRequests.java:handleTimeout(124)) - s2@group-6E85041A3092-WatchRequests: timeout Watch-ALL(5)@39.19s?java.util.concurrent.CompletionException: org.apache.ratis.protocol.NotReplicatedException: Request with call Id 1783 and log index 5 is not yet replicated to ALL, RaftClientRequest:client-CFB50CAB4D08->s2@group-6E85041A3092, cid=1783, seq=0, Watch-ALL(5), Message:<EMPTY>
2019-09-24 12:11:24,856 INFO  client.GrpcClientProtocolService (GrpcClientProtocolService.java:lambda$processClientRequest$0(278)) - Failed RaftClientRequest:client-CFB50CAB4D08->s2@group-6E85041A3092, cid=1783, seq=0, Watch-ALL(5), Message:<EMPTY>, reply=RaftClientReply:client-CFB50CAB4D08->s2@group-6E85041A3092, cid=1783, FAILED org.apache.ratis.protocol.NotReplicatedException: Request with call Id 1783 and log index 5 is not yet replicated to ALL, logIndex=5, commits[s2:c143, s0:c0, s1:c143]
2019-09-24 12:11:24,857 DEBUG impl.WatchRequests (WatchRequests.java:handleTimeout(124)) - s2@group-6E85041A3092-WatchRequests: timeout Watch-ALL_COMMITTED(5)@39.19s?java.util.concurrent.CompletionException: org.apache.ratis.protocol.NotReplicatedException: Request with call Id 1785 and log index 5 is not yet replicated to ALL_COMMITTED, RaftClientRequest:client-CFB50CAB4D08->s2@group-6E85041A3092, cid=1785, seq=0, Watch-ALL_COMMITTED(5), Message:<EMPTY>
2019-09-24 12:11:24,857 INFO  client.GrpcClientProtocolService (GrpcClientProtocolService.java:lambda$processClientRequest$0(278)) - Failed RaftClientRequest:client-CFB50CAB4D08->s2@group-6E85041A3092, cid=1785, seq=0, Watch-ALL_COMMITTED(5), Message:<EMPTY>, reply=RaftClientReply:client-CFB50CAB4D08->s2@group-6E85041A3092, cid=1785, FAILED org.apache.ratis.protocol.NotReplicatedException: Request with call Id 1785 and log index 5 is not yet replicated to ALL_COMMITTED, logIndex=5, commits[s2:c143, s0:c0, s1:c143]
2019-09-24 12:11:24,857 DEBUG impl.WatchRequests (WatchRequests.java:handleTimeout(124)) - s2@group-6E85041A3092-WatchRequests: timeout Watch-ALL(6)@39.19s?java.util.concurrent.CompletionException: org.apache.ratis.protocol.NotReplicatedException: Request with call Id 1787 and log index 6 is not yet replicated to ALL, RaftClientRequest:client-CFB50CAB4D08->s2@group-6E85041A3092, cid=1787, seq=0, Watch-ALL(6), Message:<EMPTY>
2019-09-24 12:11:24,857 INFO  client.GrpcClientProtocolService (GrpcClientProtocolService.java:lambda$processClientRequest$0(278)) - Failed RaftClientRequest:client-CFB50CAB4D08->s2@group-6E85041A3092, cid=1787, seq=0, Watch-ALL(6), Message:<EMPTY>, reply=RaftClientReply:client-CFB50CAB4D08->s2@group-6E85041A3092, cid=1787, FAILED org.apache.ratis.protocol.NotReplicatedException: Request with call Id 1787 and log index 6 is not yet replicated to ALL, logIndex=6, commits[s2:c143, s0:c0, s1:c143]
2019-09-24 12:11:24,857 DEBUG impl.WatchRequests (WatchRequests.java:handleTimeout(124)) - s2@group-6E85041A3092-WatchRequests: timeout Watch-ALL(9)@39.19s?java.util.concurrent.CompletionException: org.apache.ratis.protocol.NotReplicatedException: Request with call Id 1799 and log index 9 is not yet replicated to ALL, RaftClientRequest:client-CFB50CAB4D08->s2@group-6E85041A3092, cid=1799, seq=0, Watch-ALL(9), Message:<EMPTY>
2019-09-24 12:11:24,857 INFO  client.GrpcClientProtocolService (GrpcClientProtocolService.java:lambda$processClientRequest$0(278)) - Failed RaftClientRequest:client-CFB50CAB4D08->s2@group-6E85041A3092, cid=1799, seq=0, Watch-ALL(9), Message:<EMPTY>, reply=RaftClientReply:client-CFB50CAB4D08->s2@group-6E85041A3092, cid=1799, FAILED org.apache.ratis.protocol.NotReplicatedException: Request with call Id 1799 and log index 9 is not yet replicated to ALL, logIndex=9, commits[s2:c143, s0:c0, s1:c143]
2019-09-24 12:11:24,857 DEBUG impl.WatchRequests (WatchRequests.java:handleTimeout(124)) - s2@group-6E85041A3092-WatchRequests: timeout Watch-ALL(8)@39.19s?java.util.concurrent.CompletionException: org.apache.ratis.protocol.NotReplicatedException: Request with call Id 1795 and log index 8 is not yet replicated to ALL, RaftClientRequest:client-CFB50CAB4D08->s2@group-6E85041A3092, cid=1795, seq=0, Watch-ALL(8), Message:<EMPTY>
2019-09-24 12:11:24,857 INFO  client.GrpcClientProtocolService (GrpcClientProtocolService.java:lambda$processClientRequest$0(278)) - Failed RaftClientRequest:client-CFB50CAB4D08->s2@group-6E85041A3092, cid=1795, seq=0, Watch-ALL(8), Message:<EMPTY>, reply=RaftClientReply:client-CFB50CAB4D08->s2@group-6E85041A3092, cid=1795, FAILED org.apache.ratis.protocol.NotReplicatedException: Request with call Id 1795 and log index 8 is not yet replicated to ALL, logIndex=8, commits[s2:c143, s0:c0, s1:c143]
2019-09-24 12:11:24,858 DEBUG impl.WatchRequests (WatchRequests.java:handleTimeout(124)) - s2@group-6E85041A3092-WatchRequests: timeout Watch-ALL(4)@39.19s?java.util.concurrent.CompletionException: org.apache.ratis.protocol.NotReplicatedException: Request with call Id 1779 and log index 4 is not yet replicated to ALL, RaftClientRequest:client-CFB50CAB4D08->s2@group-6E85041A3092, cid=1779, seq=0, Watch-ALL(4), Message:<EMPTY>
2019-09-24 12:11:24,858 INFO  client.GrpcClientProtocolService (GrpcClientProtocolService.java:lambda$processClientRequest$0(278)) - Failed RaftClientRequest:client-CFB50CAB4D08->s2@group-6E85041A3092, cid=1779, seq=0, Watch-ALL(4), Message:<EMPTY>, reply=RaftClientReply:client-CFB50CAB4D08->s2@group-6E85041A3092, cid=1779, FAILED org.apache.ratis.protocol.NotReplicatedException: Request with call Id 1779 and log index 4 is not yet replicated to ALL, logIndex=4, commits[s2:c143, s0:c0, s1:c143]
2019-09-24 12:11:24,858 INFO  client.GrpcClientProtocolService (GrpcClientProtocolService.java:lambda$processClientRequest$0(278)) - Failed RaftClientRequest:client-CFB50CAB4D08->s2@group-6E85041A3092, cid=1801, seq=0, Watch-ALL_COMMITTED(9), Message:<EMPTY>, reply=RaftClientReply:client-CFB50CAB4D08->s2@group-6E85041A3092, cid=1801, FAILED org.apache.ratis.protocol.NotReplicatedException: Request with call Id 1801 and log index 9 is not yet replicated to ALL_COMMITTED, logIndex=9, commits[s2:c143, s0:c0, s1:c143]
2019-09-24 12:11:24,858 DEBUG impl.WatchRequests (WatchRequests.java:handleTimeout(124)) - s2@group-6E85041A3092-WatchRequests: timeout Watch-ALL_COMMITTED(9)@39.19s?java.util.concurrent.CompletionException: org.apache.ratis.protocol.NotReplicatedException: Request with call Id 1801 and log index 9 is not yet replicated to ALL_COMMITTED, RaftClientRequest:client-CFB50CAB4D08->s2@group-6E85041A3092, cid=1801, seq=0, Watch-ALL_COMMITTED(9), Message:<EMPTY>
2019-09-24 12:11:24,858 DEBUG impl.WatchRequests (WatchRequests.java:handleTimeout(124)) - s2@group-6E85041A3092-WatchRequests: timeout Watch-ALL(10)@39.19s?java.util.concurrent.CompletionException: org.apache.ratis.protocol.NotReplicatedException: Request with call Id 1803 and log index 10 is not yet replicated to ALL, RaftClientRequest:client-CFB50CAB4D08->s2@group-6E85041A3092, cid=1803, seq=0, Watch-ALL(10), Message:<EMPTY>
2019-09-24 12:11:24,858 INFO  client.GrpcClientProtocolService (GrpcClientProtocolService.java:lambda$processClientRequest$0(278)) - Failed RaftClientRequest:client-CFB50CAB4D08->s2@group-6E85041A3092, cid=1803, seq=0, Watch-ALL(10), Message:<EMPTY>, reply=RaftClientReply:client-CFB50CAB4D08->s2@group-6E85041A3092, cid=1803, FAILED org.apache.ratis.protocol.NotReplicatedException: Request with call Id 1803 and log index 10 is not yet replicated to ALL, logIndex=10, commits[s2:c143, s0:c0, s1:c143]
2019-09-24 12:11:24,859 DEBUG impl.WatchRequests (WatchRequests.java:handleTimeout(124)) - s2@group-6E85041A3092-WatchRequests: timeout Watch-ALL_COMMITTED(8)@39.19s?java.util.concurrent.CompletionException: org.apache.ratis.protocol.NotReplicatedException: Request with call Id 1797 and log index 8 is not yet replicated to ALL_COMMITTED, RaftClientRequest:client-CFB50CAB4D08->s2@group-6E85041A3092, cid=1797, seq=0, Watch-ALL_COMMITTED(8), Message:<EMPTY>
2019-09-24 12:11:24,859 INFO  client.GrpcClientProtocolService (GrpcClientProtocolService.java:lambda$processClientRequest$0(278)) - Failed RaftClientRequest:client-CFB50CAB4D08->s2@group-6E85041A3092, cid=1797, seq=0, Watch-ALL_COMMITTED(8), Message:<EMPTY>, reply=RaftClientReply:client-CFB50CAB4D08->s2@group-6E85041A3092, cid=1797, FAILED org.apache.ratis.protocol.NotReplicatedException: Request with call Id 1797 and log index 8 is not yet replicated to ALL_COMMITTED, logIndex=8, commits[s2:c143, s0:c0, s1:c143]
2019-09-24 12:11:24,859 DEBUG impl.WatchRequests (WatchRequests.java:handleTimeout(124)) - s2@group-6E85041A3092-WatchRequests: timeout Watch-ALL_COMMITTED(1)@39.19s?java.util.concurrent.CompletionException: org.apache.ratis.protocol.NotReplicatedException: Request with call Id 1773 and log index 1 is not yet replicated to ALL_COMMITTED, RaftClientRequest:client-CFB50CAB4D08->s2@group-6E85041A3092, cid=1773, seq=0, Watch-ALL_COMMITTED(1), Message:<EMPTY>
2019-09-24 12:11:24,859 INFO  client.GrpcClientProtocolService (GrpcClientProtocolService.java:lambda$processClientRequest$0(278)) - Failed RaftClientRequest:client-CFB50CAB4D08->s2@group-6E85041A3092, cid=1773, seq=0, Watch-ALL_COMMITTED(1), Message:<EMPTY>, reply=RaftClientReply:client-CFB50CAB4D08->s2@group-6E85041A3092, cid=1773, FAILED org.apache.ratis.protocol.NotReplicatedException: Request with call Id 1773 and log index 1 is not yet replicated to ALL_COMMITTED, logIndex=1, commits[s2:c143, s0:c0, s1:c143]
2019-09-24 12:11:24,859 DEBUG impl.WatchRequests (WatchRequests.java:handleTimeout(124)) - s2@group-6E85041A3092-WatchRequests: timeout Watch-ALL(7)@39.19s?java.util.concurrent.CompletionException: org.apache.ratis.protocol.NotReplicatedException: Request with call Id 1791 and log index 7 is not yet replicated to ALL, RaftClientRequest:client-CFB50CAB4D08->s2@group-6E85041A3092, cid=1791, seq=0, Watch-ALL(7), Message:<EMPTY>
2019-09-24 12:11:24,859 INFO  client.GrpcClientProtocolService (GrpcClientProtocolService.java:lambda$processClientRequest$0(278)) - Failed RaftClientRequest:client-CFB50CAB4D08->s2@group-6E85041A3092, cid=1791, seq=0, Watch-ALL(7), Message:<EMPTY>, reply=RaftClientReply:client-CFB50CAB4D08->s2@group-6E85041A3092, cid=1791, FAILED org.apache.ratis.protocol.NotReplicatedException: Request with call Id 1791 and log index 7 is not yet replicated to ALL, logIndex=7, commits[s2:c143, s0:c0, s1:c143]
2019-09-24 12:11:24,860 DEBUG impl.WatchRequests (WatchRequests.java:handleTimeout(124)) - s2@group-6E85041A3092-WatchRequests: timeout Watch-ALL(1)@39.19s?java.util.concurrent.CompletionException: org.apache.ratis.protocol.NotReplicatedException: Request with call Id 1771 and log index 1 is not yet replicated to ALL, RaftClientRequest:client-CFB50CAB4D08->s2@group-6E85041A3092, cid=1771, seq=0, Watch-ALL(1), Message:<EMPTY>
2019-09-24 12:11:24,860 INFO  client.GrpcClientProtocolService (GrpcClientProtocolService.java:lambda$processClientRequest$0(278)) - Failed RaftClientRequest:client-CFB50CAB4D08->s2@group-6E85041A3092, cid=1771, seq=0, Watch-ALL(1), Message:<EMPTY>, reply=RaftClientReply:client-CFB50CAB4D08->s2@group-6E85041A3092, cid=1771, FAILED org.apache.ratis.protocol.NotReplicatedException: Request with call Id 1771 and log index 1 is not yet replicated to ALL, logIndex=1, commits[s2:c143, s0:c0, s1:c143]
2019-09-24 12:11:24,860 DEBUG impl.WatchRequests (WatchRequests.java:handleTimeout(124)) - s2@group-6E85041A3092-WatchRequests: timeout Watch-ALL_COMMITTED(3)@39.19s?java.util.concurrent.CompletionException: org.apache.ratis.protocol.NotReplicatedException: Request with call Id 1777 and log index 3 is not yet replicated to ALL_COMMITTED, RaftClientRequest:client-CFB50CAB4D08->s2@group-6E85041A3092, cid=1777, seq=0, Watch-ALL_COMMITTED(3), Message:<EMPTY>
2019-09-24 12:11:24,860 INFO  client.GrpcClientProtocolService (GrpcClientProtocolService.java:lambda$processClientRequest$0(278)) - Failed RaftClientRequest:client-CFB50CAB4D08->s2@group-6E85041A3092, cid=1777, seq=0, Watch-ALL_COMMITTED(3), Message:<EMPTY>, reply=RaftClientReply:client-CFB50CAB4D08->s2@group-6E85041A3092, cid=1777, FAILED org.apache.ratis.protocol.NotReplicatedException: Request with call Id 1777 and log index 3 is not yet replicated to ALL_COMMITTED, logIndex=3, commits[s2:c143, s0:c0, s1:c143]
2019-09-24 12:11:24,860 INFO  client.GrpcClientProtocolService (GrpcClientProtocolService.java:lambda$processClientRequest$0(278)) - Failed RaftClientRequest:client-CFB50CAB4D08->s2@group-6E85041A3092, cid=1775, seq=0, Watch-ALL(3), Message:<EMPTY>, reply=RaftClientReply:client-CFB50CAB4D08->s2@group-6E85041A3092, cid=1775, FAILED org.apache.ratis.protocol.NotReplicatedException: Request with call Id 1775 and log index 3 is not yet replicated to ALL, logIndex=3, commits[s2:c143, s0:c0, s1:c143]
2019-09-24 12:11:24,860 DEBUG impl.WatchRequests (WatchRequests.java:handleTimeout(124)) - s2@group-6E85041A3092-WatchRequests: timeout Watch-ALL(3)@39.19s?java.util.concurrent.CompletionException: org.apache.ratis.protocol.NotReplicatedException: Request with call Id 1775 and log index 3 is not yet replicated to ALL, RaftClientRequest:client-CFB50CAB4D08->s2@group-6E85041A3092, cid=1775, seq=0, Watch-ALL(3), Message:<EMPTY>
2019-09-24 12:11:24,863 DEBUG impl.UnorderedAsync (UnorderedAsync.java:lambda$sendRequestWithRetry$4(77)) - client-CFB50CAB4D08: attempt #1 receive~ RaftClientReply:client-CFB50CAB4D08->s2@group-6E85041A3092, cid=1787, FAILED org.apache.ratis.protocol.NotReplicatedException: Request with call Id 1787 and log index 6 is not yet replicated to ALL, logIndex=6, commits[s2:c143, s0:c0, s1:c143]
2019-09-24 12:11:24,863 DEBUG impl.UnorderedAsync (UnorderedAsync.java:lambda$sendRequestWithRetry$4(77)) - client-CFB50CAB4D08: attempt #1 receive~ RaftClientReply:client-CFB50CAB4D08->s2@group-6E85041A3092, cid=1779, FAILED org.apache.ratis.protocol.NotReplicatedException: Request with call Id 1779 and log index 4 is not yet replicated to ALL, logIndex=4, commits[s2:c143, s0:c0, s1:c143]
2019-09-24 12:11:24,864 DEBUG impl.UnorderedAsync (UnorderedAsync.java:lambda$sendRequestWithRetry$4(77)) - client-CFB50CAB4D08: attempt #1 receive~ RaftClientReply:client-CFB50CAB4D08->s2@group-6E85041A3092, cid=1791, FAILED org.apache.ratis.protocol.NotReplicatedException: Request with call Id 1791 and log index 7 is not yet replicated to ALL, logIndex=7, commits[s2:c143, s0:c0, s1:c143]
2019-09-24 12:11:24,864 DEBUG impl.UnorderedAsync (UnorderedAsync.java:lambda$sendRequestWithRetry$4(77)) - client-CFB50CAB4D08: attempt #1 receive~ RaftClientReply:client-CFB50CAB4D08->s2@group-6E85041A3092, cid=1775, FAILED org.apache.ratis.protocol.NotReplicatedException: Request with call Id 1775 and log index 3 is not yet replicated to ALL, logIndex=3, commits[s2:c143, s0:c0, s1:c143]
2019-09-24 12:11:24,864 DEBUG impl.UnorderedAsync (UnorderedAsync.java:lambda$sendRequestWithRetry$4(77)) - client-CFB50CAB4D08: attempt #1 receive~ RaftClientReply:client-CFB50CAB4D08->s2@group-6E85041A3092, cid=1771, FAILED org.apache.ratis.protocol.NotReplicatedException: Request with call Id 1771 and log index 1 is not yet replicated to ALL, logIndex=1, commits[s2:c143, s0:c0, s1:c143]
2019-09-24 12:11:24,866 ERROR grpc.TestWatchRequestWithGrpc (WatchRequestTests.java:get(169)) - Failed to get all(1)
2019-09-24 12:11:24,866 DEBUG impl.UnorderedAsync (UnorderedAsync.java:lambda$sendRequestWithRetry$4(77)) - client-CFB50CAB4D08: attempt #1 receive~ RaftClientReply:client-CFB50CAB4D08->s2@group-6E85041A3092, cid=1799, FAILED org.apache.ratis.protocol.NotReplicatedException: Request with call Id 1799 and log index 9 is not yet replicated to ALL, logIndex=9, commits[s2:c143, s0:c0, s1:c143]
2019-09-24 12:11:24,866 DEBUG impl.UnorderedAsync (UnorderedAsync.java:lambda$sendRequestWithRetry$4(77)) - client-CFB50CAB4D08: attempt #1 receive~ RaftClientReply:client-CFB50CAB4D08->s2@group-6E85041A3092, cid=1773, FAILED org.apache.ratis.protocol.NotReplicatedException: Request with call Id 1773 and log index 1 is not yet replicated to ALL_COMMITTED, logIndex=1, commits[s2:c143, s0:c0, s1:c143]
2019-09-24 12:11:24,866 DEBUG impl.UnorderedAsync (UnorderedAsync.java:lambda$sendRequestWithRetry$4(77)) - client-CFB50CAB4D08: attempt #1 receive~ RaftClientReply:client-CFB50CAB4D08->s2@group-6E85041A3092, cid=1777, FAILED org.apache.ratis.protocol.NotReplicatedException: Request with call Id 1777 and log index 3 is not yet replicated to ALL_COMMITTED, logIndex=3, commits[s2:c143, s0:c0, s1:c143]
2019-09-24 12:11:24,867 ERROR grpc.TestWatchRequestWithGrpc (WatchRequestTests.java:get(169)) - Failed to get allCommitted(1)
2019-09-24 12:11:24,867 INFO  grpc.TestWatchRequestWithGrpc (WatchRequestTests.java:checkTimeout(396)) - checkTimeout 1: receive RaftClientReply:client-CFB50CAB4D08->s2@group-6E85041A3092, cid=1671, SUCCESS, logIndex=3, commits[s2:c5, s0:c0, s1:c1]
2019-09-24 12:11:24,867 DEBUG impl.UnorderedAsync (UnorderedAsync.java:lambda$sendRequestWithRetry$4(77)) - client-CFB50CAB4D08: attempt #1 receive~ RaftClientReply:client-CFB50CAB4D08->s2@group-6E85041A3092, cid=1803, FAILED org.apache.ratis.protocol.NotReplicatedException: Request with call Id 1803 and log index 10 is not yet replicated to ALL, logIndex=10, commits[s2:c143, s0:c0, s1:c143]
2019-09-24 12:11:24,868 ERROR grpc.TestWatchRequestWithGrpc (WatchRequestTests.java:get(169)) - Failed to get all(3)
2019-09-24 12:11:24,869 ERROR grpc.TestWatchRequestWithGrpc (WatchRequestTests.java:get(169)) - Failed to get allCommitted(3)
2019-09-24 12:11:24,869 INFO  grpc.TestWatchRequestWithGrpc (WatchRequestTests.java:checkTimeout(396)) - checkTimeout 2: receive RaftClientReply:client-CFB50CAB4D08->s2@group-6E85041A3092, cid=1672, SUCCESS, logIndex=4, commits[s2:c25, s0:c0, s1:c2]
2019-09-24 12:11:24,870 ERROR grpc.TestWatchRequestWithGrpc (WatchRequestTests.java:get(169)) - Failed to get all(4)
2019-09-24 12:11:24,870 DEBUG impl.UnorderedAsync (UnorderedAsync.java:lambda$sendRequestWithRetry$4(77)) - client-CFB50CAB4D08: attempt #1 receive~ RaftClientReply:client-CFB50CAB4D08->s2@group-6E85041A3092, cid=1789, FAILED org.apache.ratis.protocol.NotReplicatedException: Request with call Id 1789 and log index 6 is not yet replicated to ALL_COMMITTED, logIndex=6, commits[s2:c143, s0:c0, s1:c143]
2019-09-24 12:11:24,870 DEBUG impl.UnorderedAsync (UnorderedAsync.java:lambda$sendRequestWithRetry$4(77)) - client-CFB50CAB4D08: attempt #1 receive~ RaftClientReply:client-CFB50CAB4D08->s2@group-6E85041A3092, cid=1801, FAILED org.apache.ratis.protocol.NotReplicatedException: Request with call Id 1801 and log index 9 is not yet replicated to ALL_COMMITTED, logIndex=9, commits[s2:c143, s0:c0, s1:c143]
2019-09-24 12:11:24,871 DEBUG impl.UnorderedAsync (UnorderedAsync.java:lambda$sendRequestWithRetry$4(77)) - client-CFB50CAB4D08: attempt #1 receive~ RaftClientReply:client-CFB50CAB4D08->s2@group-6E85041A3092, cid=1797, FAILED org.apache.ratis.protocol.NotReplicatedException: Request with call Id 1797 and log index 8 is not yet replicated to ALL_COMMITTED, logIndex=8, commits[s2:c143, s0:c0, s1:c143]
2019-09-24 12:11:24,871 DEBUG impl.UnorderedAsync (UnorderedAsync.java:lambda$sendRequestWithRetry$4(77)) - client-CFB50CAB4D08: attempt #1 receive~ RaftClientReply:client-CFB50CAB4D08->s2@group-6E85041A3092, cid=1785, FAILED org.apache.ratis.protocol.NotReplicatedException: Request with call Id 1785 and log index 5 is not yet replicated to ALL_COMMITTED, logIndex=5, commits[s2:c143, s0:c0, s1:c143]
2019-09-24 12:11:24,872 DEBUG impl.UnorderedAsync (UnorderedAsync.java:lambda$sendRequestWithRetry$4(77)) - client-CFB50CAB4D08: attempt #1 receive~ RaftClientReply:client-CFB50CAB4D08->s2@group-6E85041A3092, cid=1781, FAILED org.apache.ratis.protocol.NotReplicatedException: Request with call Id 1781 and log index 4 is not yet replicated to ALL_COMMITTED, logIndex=4, commits[s2:c143, s0:c0, s1:c143]
2019-09-24 12:11:24,872 ERROR grpc.TestWatchRequestWithGrpc (WatchRequestTests.java:get(169)) - Failed to get allCommitted(4)
2019-09-24 12:11:24,873 INFO  grpc.TestWatchRequestWithGrpc (WatchRequestTests.java:checkTimeout(396)) - checkTimeout 3: receive RaftClientReply:client-CFB50CAB4D08->s2@group-6E85041A3092, cid=1673, SUCCESS, logIndex=5, commits[s2:c25, s0:c0, s1:c2]
2019-09-24 12:11:24,873 DEBUG impl.UnorderedAsync (UnorderedAsync.java:lambda$sendRequestWithRetry$4(77)) - client-CFB50CAB4D08: attempt #1 receive~ RaftClientReply:client-CFB50CAB4D08->s2@group-6E85041A3092, cid=1793, FAILED org.apache.ratis.protocol.NotReplicatedException: Request with call Id 1793 and log index 7 is not yet replicated to ALL_COMMITTED, logIndex=7, commits[s2:c143, s0:c0, s1:c143]
2019-09-24 12:11:24,873 DEBUG impl.UnorderedAsync (UnorderedAsync.java:lambda$sendRequestWithRetry$4(77)) - client-CFB50CAB4D08: attempt #1 receive~ RaftClientReply:client-CFB50CAB4D08->s2@group-6E85041A3092, cid=1783, FAILED org.apache.ratis.protocol.NotReplicatedException: Request with call Id 1783 and log index 5 is not yet replicated to ALL, logIndex=5, commits[s2:c143, s0:c0, s1:c143]
2019-09-24 12:11:24,874 ERROR grpc.TestWatchRequestWithGrpc (WatchRequestTests.java:get(169)) - Failed to get all(5)
2019-09-24 12:11:24,874 DEBUG impl.UnorderedAsync (UnorderedAsync.java:lambda$sendRequestWithRetry$4(77)) - client-CFB50CAB4D08: attempt #1 receive~ RaftClientReply:client-CFB50CAB4D08->s2@group-6E85041A3092, cid=1795, FAILED org.apache.ratis.protocol.NotReplicatedException: Request with call Id 1795 and log index 8 is not yet replicated to ALL, logIndex=8, commits[s2:c143, s0:c0, s1:c143]
2019-09-24 12:11:24,875 ERROR grpc.TestWatchRequestWithGrpc (WatchRequestTests.java:get(169)) - Failed to get allCommitted(5)
2019-09-24 12:11:24,875 INFO  grpc.TestWatchRequestWithGrpc (WatchRequestTests.java:checkTimeout(396)) - checkTimeout 4: receive RaftClientReply:client-CFB50CAB4D08->s2@group-6E85041A3092, cid=1674, SUCCESS, logIndex=6, commits[s2:c25, s0:c0, s1:c2]
2019-09-24 12:11:24,876 ERROR grpc.TestWatchRequestWithGrpc (WatchRequestTests.java:get(169)) - Failed to get all(6)
2019-09-24 12:11:24,876 ERROR grpc.TestWatchRequestWithGrpc (WatchRequestTests.java:get(169)) - Failed to get allCommitted(6)
2019-09-24 12:11:24,876 INFO  grpc.TestWatchRequestWithGrpc (WatchRequestTests.java:checkTimeout(396)) - checkTimeout 5: receive RaftClientReply:client-CFB50CAB4D08->s2@group-6E85041A3092, cid=1675, SUCCESS, logIndex=7, commits[s2:c25, s0:c0, s1:c2]
2019-09-24 12:11:24,877 ERROR grpc.TestWatchRequestWithGrpc (WatchRequestTests.java:get(169)) - Failed to get all(7)
2019-09-24 12:11:24,878 ERROR grpc.TestWatchRequestWithGrpc (WatchRequestTests.java:get(169)) - Failed to get allCommitted(7)
2019-09-24 12:11:24,878 INFO  grpc.TestWatchRequestWithGrpc (WatchRequestTests.java:checkTimeout(396)) - checkTimeout 6: receive RaftClientReply:client-CFB50CAB4D08->s2@group-6E85041A3092, cid=1676, SUCCESS, logIndex=8, commits[s2:c25, s0:c0, s1:c2]
2019-09-24 12:11:24,878 ERROR grpc.TestWatchRequestWithGrpc (WatchRequestTests.java:get(169)) - Failed to get all(8)
2019-09-24 12:11:24,879 ERROR grpc.TestWatchRequestWithGrpc (WatchRequestTests.java:get(169)) - Failed to get allCommitted(8)
2019-09-24 12:11:24,879 INFO  grpc.TestWatchRequestWithGrpc (WatchRequestTests.java:checkTimeout(396)) - checkTimeout 7: receive RaftClientReply:client-CFB50CAB4D08->s2@group-6E85041A3092, cid=1677, SUCCESS, logIndex=9, commits[s2:c25, s0:c0, s1:c2]
2019-09-24 12:11:24,879 ERROR grpc.TestWatchRequestWithGrpc (WatchRequestTests.java:get(169)) - Failed to get all(9)
2019-09-24 12:11:24,880 ERROR grpc.TestWatchRequestWithGrpc (WatchRequestTests.java:get(169)) - Failed to get allCommitted(9)
2019-09-24 12:11:24,880 INFO  grpc.TestWatchRequestWithGrpc (WatchRequestTests.java:checkTimeout(396)) - checkTimeout 8: receive RaftClientReply:client-CFB50CAB4D08->s2@group-6E85041A3092, cid=1678, SUCCESS, logIndex=10, commits[s2:c25, s0:c0, s1:c2]
2019-09-24 12:11:24,880 ERROR grpc.TestWatchRequestWithGrpc (WatchRequestTests.java:get(169)) - Failed to get all(10)
2019-09-24 12:11:24,955 DEBUG impl.WatchRequests (WatchRequests.java:handleTimeout(124)) - s2@group-6E85041A3092-WatchRequests: timeout Watch-ALL(15)@39.119s?java.util.concurrent.CompletionException: org.apache.ratis.protocol.NotReplicatedException: Request with call Id 1823 and log index 15 is not yet replicated to ALL, RaftClientRequest:client-CFB50CAB4D08->s2@group-6E85041A3092, cid=1823, seq=0, Watch-ALL(15), Message:<EMPTY>
2019-09-24 12:11:24,955 INFO  client.GrpcClientProtocolService (GrpcClientProtocolService.java:lambda$processClientRequest$0(278)) - Failed RaftClientRequest:client-CFB50CAB4D08->s2@group-6E85041A3092, cid=1823, seq=0, Watch-ALL(15), Message:<EMPTY>, reply=RaftClientReply:client-CFB50CAB4D08->s2@group-6E85041A3092, cid=1823, FAILED org.apache.ratis.protocol.NotReplicatedException: Request with call Id 1823 and log index 15 is not yet replicated to ALL, logIndex=15, commits[s2:c143, s0:c0, s1:c143]
2019-09-24 12:11:24,955 DEBUG impl.WatchRequests (WatchRequests.java:handleTimeout(124)) - s2@group-6E85041A3092-WatchRequests: timeout Watch-ALL_COMMITTED(23)@39.119s?java.util.concurrent.CompletionException: org.apache.ratis.protocol.NotReplicatedException: Request with call Id 1857 and log index 23 is not yet replicated to ALL_COMMITTED, RaftClientRequest:client-CFB50CAB4D08->s2@group-6E85041A3092, cid=1857, seq=0, Watch-ALL_COMMITTED(23), Message:<EMPTY>
2019-09-24 12:11:24,955 INFO  client.GrpcClientProtocolService (GrpcClientProtocolService.java:lambda$processClientRequest$0(278)) - Failed RaftClientRequest:client-CFB50CAB4D08->s2@group-6E85041A3092, cid=1857, seq=0, Watch-ALL_COMMITTED(23), Message:<EMPTY>, reply=RaftClientReply:client-CFB50CAB4D08->s2@group-6E85041A3092, cid=1857, FAILED org.apache.ratis.protocol.NotReplicatedException: Request with call Id 1857 and log index 23 is not yet replicated to ALL_COMMITTED, logIndex=23, commits[s2:c143, s0:c0, s1:c143]
2019-09-24 12:11:24,955 DEBUG impl.WatchRequests (WatchRequests.java:handleTimeout(124)) - s2@group-6E85041A3092-WatchRequests: timeout Watch-ALL(20)@39.119s?java.util.concurrent.CompletionException: org.apache.ratis.protocol.NotReplicatedException: Request with call Id 1843 and log index 20 is not yet replicated to ALL, RaftClientRequest:client-CFB50CAB4D08->s2@group-6E85041A3092, cid=1843, seq=0, Watch-ALL(20), Message:<EMPTY>
2019-09-24 12:11:24,955 INFO  client.GrpcClientProtocolService (GrpcClientProtocolService.java:lambda$processClientRequest$0(278)) - Failed RaftClientRequest:client-CFB50CAB4D08->s2@group-6E85041A3092, cid=1843, seq=0, Watch-ALL(20), Message:<EMPTY>, reply=RaftClientReply:client-CFB50CAB4D08->s2@group-6E85041A3092, cid=1843, FAILED org.apache.ratis.protocol.NotReplicatedException: Request with call Id 1843 and log index 20 is not yet replicated to ALL, logIndex=20, commits[s2:c143, s0:c0, s1:c143]
2019-09-24 12:11:24,956 DEBUG impl.WatchRequests (WatchRequests.java:handleTimeout(124)) - s2@group-6E85041A3092-WatchRequests: timeout Watch-ALL(19)@39.119s?java.util.concurrent.CompletionException: org.apache.ratis.protocol.NotReplicatedException: Request with call Id 1839 and log index 19 is not yet replicated to ALL, RaftClientRequest:client-CFB50CAB4D08->s2@group-6E85041A3092, cid=1839, seq=0, Watch-ALL(19), Message:<EMPTY>
2019-09-24 12:11:24,956 INFO  client.GrpcClientProtocolService (GrpcClientProtocolService.java:lambda$processClientRequest$0(278)) - Failed RaftClientRequest:client-CFB50CAB4D08->s2@group-6E85041A3092, cid=1839, seq=0, Watch-ALL(19), Message:<EMPTY>, reply=RaftClientReply:client-CFB50CAB4D08->s2@group-6E85041A3092, cid=1839, FAILED org.apache.ratis.protocol.NotReplicatedException: Request with call Id 1839 and log index 19 is not yet replicated to ALL, logIndex=19, commits[s2:c143, s0:c0, s1:c143]
2019-09-24 12:11:24,956 DEBUG impl.WatchRequests (WatchRequests.java:handleTimeout(124)) - s2@group-6E85041A3092-WatchRequests: timeout Watch-ALL(21)@39.119s?java.util.concurrent.CompletionException: org.apache.ratis.protocol.NotReplicatedException: Request with call Id 1847 and log index 21 is not yet replicated to ALL, RaftClientRequest:client-CFB50CAB4D08->s2@group-6E85041A3092, cid=1847, seq=0, Watch-ALL(21), Message:<EMPTY>
2019-09-24 12:11:24,956 INFO  client.GrpcClientProtocolService (GrpcClientProtocolService.java:lambda$processClientRequest$0(278)) - Failed RaftClientRequest:client-CFB50CAB4D08->s2@group-6E85041A3092, cid=1847, seq=0, Watch-ALL(21), Message:<EMPTY>, reply=RaftClientReply:client-CFB50CAB4D08->s2@group-6E85041A3092, cid=1847, FAILED org.apache.ratis.protocol.NotReplicatedException: Request with call Id 1847 and log index 21 is not yet replicated to ALL, logIndex=21, commits[s2:c143, s0:c0, s1:c143]
2019-09-24 12:11:24,956 DEBUG impl.WatchRequests (WatchRequests.java:handleTimeout(124)) - s2@group-6E85041A3092-WatchRequests: timeout Watch-ALL_COMMITTED(15)@39.119s?java.util.concurrent.CompletionException: org.apache.ratis.protocol.NotReplicatedException: Request with call Id 1825 and log index 15 is not yet replicated to ALL_COMMITTED, RaftClientRequest:client-CFB50CAB4D08->s2@group-6E85041A3092, cid=1825, seq=0, Watch-ALL_COMMITTED(15), Message:<EMPTY>
2019-09-24 12:11:24,956 DEBUG impl.UnorderedAsync (UnorderedAsync.java:lambda$sendRequestWithRetry$4(77)) - client-CFB50CAB4D08: attempt #1 receive~ RaftClientReply:client-CFB50CAB4D08->s2@group-6E85041A3092, cid=1823, FAILED org.apache.ratis.protocol.NotReplicatedException: Request with call Id 1823 and log index 15 is not yet replicated to ALL, logIndex=15, commits[s2:c143, s0:c0, s1:c143]
2019-09-24 12:11:24,956 INFO  client.GrpcClientProtocolService (GrpcClientProtocolService.java:lambda$processClientRequest$0(278)) - Failed RaftClientRequest:client-CFB50CAB4D08->s2@group-6E85041A3092, cid=1825, seq=0, Watch-ALL_COMMITTED(15), Message:<EMPTY>, reply=RaftClientReply:client-CFB50CAB4D08->s2@group-6E85041A3092, cid=1825, FAILED org.apache.ratis.protocol.NotReplicatedException: Request with call Id 1825 and log index 15 is not yet replicated to ALL_COMMITTED, logIndex=15, commits[s2:c143, s0:c0, s1:c143]
2019-09-24 12:11:24,957 DEBUG impl.UnorderedAsync (UnorderedAsync.java:lambda$sendRequestWithRetry$4(77)) - client-CFB50CAB4D08: attempt #1 receive~ RaftClientReply:client-CFB50CAB4D08->s2@group-6E85041A3092, cid=1857, FAILED org.apache.ratis.protocol.NotReplicatedException: Request with call Id 1857 and log index 23 is not yet replicated to ALL_COMMITTED, logIndex=23, commits[s2:c143, s0:c0, s1:c143]
2019-09-24 12:11:24,957 DEBUG impl.WatchRequests (WatchRequests.java:handleTimeout(124)) - s2@group-6E85041A3092-WatchRequests: timeout Watch-ALL(16)@39.119s?java.util.concurrent.CompletionException: org.apache.ratis.protocol.NotReplicatedException: Request with call Id 1827 and log index 16 is not yet replicated to ALL, RaftClientRequest:client-CFB50CAB4D08->s2@group-6E85041A3092, cid=1827, seq=0, Watch-ALL(16), Message:<EMPTY>
2019-09-24 12:11:24,957 INFO  client.GrpcClientProtocolService (GrpcClientProtocolService.java:lambda$processClientRequest$0(278)) - Failed RaftClientRequest:client-CFB50CAB4D08->s2@group-6E85041A3092, cid=1827, seq=0, Watch-ALL(16), Message:<EMPTY>, reply=RaftClientReply:client-CFB50CAB4D08->s2@group-6E85041A3092, cid=1827, FAILED org.apache.ratis.protocol.NotReplicatedException: Request with call Id 1827 and log index 16 is not yet replicated to ALL, logIndex=16, commits[s2:c143, s0:c0, s1:c143]
2019-09-24 12:11:24,957 DEBUG impl.UnorderedAsync (UnorderedAsync.java:lambda$sendRequestWithRetry$4(77)) - client-CFB50CAB4D08: attempt #1 receive~ RaftClientReply:client-CFB50CAB4D08->s2@group-6E85041A3092, cid=1843, FAILED org.apache.ratis.protocol.NotReplicatedException: Request with call Id 1843 and log index 20 is not yet replicated to ALL, logIndex=20, commits[s2:c143, s0:c0, s1:c143]
2019-09-24 12:11:24,957 DEBUG impl.UnorderedAsync (UnorderedAsync.java:lambda$sendRequestWithRetry$4(77)) - client-CFB50CAB4D08: attempt #1 receive~ RaftClientReply:client-CFB50CAB4D08->s2@group-6E85041A3092, cid=1847, FAILED org.apache.ratis.protocol.NotReplicatedException: Request with call Id 1847 and log index 21 is not yet replicated to ALL, logIndex=21, commits[s2:c143, s0:c0, s1:c143]
2019-09-24 12:11:24,957 INFO  client.GrpcClientProtocolService (GrpcClientProtocolService.java:lambda$processClientRequest$0(278)) - Failed RaftClientRequest:client-CFB50CAB4D08->s2@group-6E85041A3092, cid=1833, seq=0, Watch-ALL_COMMITTED(17), Message:<EMPTY>, reply=RaftClientReply:client-CFB50CAB4D08->s2@group-6E85041A3092, cid=1833, FAILED org.apache.ratis.protocol.NotReplicatedException: Request with call Id 1833 and log index 17 is not yet replicated to ALL_COMMITTED, logIndex=17, commits[s2:c143, s0:c0, s1:c143]
2019-09-24 12:11:24,957 DEBUG impl.WatchRequests (WatchRequests.java:handleTimeout(124)) - s2@group-6E85041A3092-WatchRequests: timeout Watch-ALL_COMMITTED(17)@39.119s?java.util.concurrent.CompletionException: org.apache.ratis.protocol.NotReplicatedException: Request with call Id 1833 and log index 17 is not yet replicated to ALL_COMMITTED, RaftClientRequest:client-CFB50CAB4D08->s2@group-6E85041A3092, cid=1833, seq=0, Watch-ALL_COMMITTED(17), Message:<EMPTY>
2019-09-24 12:11:24,958 DEBUG impl.WatchRequests (WatchRequests.java:handleTimeout(124)) - s2@group-6E85041A3092-WatchRequests: timeout Watch-ALL_COMMITTED(19)@39.119s?java.util.concurrent.CompletionException: org.apache.ratis.protocol.NotReplicatedException: Request with call Id 1841 and log index 19 is not yet replicated to ALL_COMMITTED, RaftClientRequest:client-CFB50CAB4D08->s2@group-6E85041A3092, cid=1841, seq=0, Watch-ALL_COMMITTED(19), Message:<EMPTY>
2019-09-24 12:11:24,958 INFO  client.GrpcClientProtocolService (GrpcClientProtocolService.java:lambda$processClientRequest$0(278)) - Failed RaftClientRequest:client-CFB50CAB4D08->s2@group-6E85041A3092, cid=1841, seq=0, Watch-ALL_COMMITTED(19), Message:<EMPTY>, reply=RaftClientReply:client-CFB50CAB4D08->s2@group-6E85041A3092, cid=1841, FAILED org.apache.ratis.protocol.NotReplicatedException: Request with call Id 1841 and log index 19 is not yet replicated to ALL_COMMITTED, logIndex=19, commits[s2:c143, s0:c0, s1:c143]
2019-09-24 12:11:24,958 DEBUG impl.UnorderedAsync (UnorderedAsync.java:lambda$sendRequestWithRetry$4(77)) - client-CFB50CAB4D08: attempt #1 receive~ RaftClientReply:client-CFB50CAB4D08->s2@group-6E85041A3092, cid=1825, FAILED org.apache.ratis.protocol.NotReplicatedException: Request with call Id 1825 and log index 15 is not yet replicated to ALL_COMMITTED, logIndex=15, commits[s2:c143, s0:c0, s1:c143]
2019-09-24 12:11:24,958 DEBUG impl.WatchRequests (WatchRequests.java:handleTimeout(124)) - s2@group-6E85041A3092-WatchRequests: timeout Watch-ALL(23)@39.119s?java.util.concurrent.CompletionException: org.apache.ratis.protocol.NotReplicatedException: Request with call Id 1855 and log index 23 is not yet replicated to ALL, RaftClientRequest:client-CFB50CAB4D08->s2@group-6E85041A3092, cid=1855, seq=0, Watch-ALL(23), Message:<EMPTY>
2019-09-24 12:11:24,958 INFO  client.GrpcClientProtocolService (GrpcClientProtocolService.java:lambda$processClientRequest$0(278)) - Failed RaftClientRequest:client-CFB50CAB4D08->s2@group-6E85041A3092, cid=1855, seq=0, Watch-ALL(23), Message:<EMPTY>, reply=RaftClientReply:client-CFB50CAB4D08->s2@group-6E85041A3092, cid=1855, FAILED org.apache.ratis.protocol.NotReplicatedException: Request with call Id 1855 and log index 23 is not yet replicated to ALL, logIndex=23, commits[s2:c143, s0:c0, s1:c143]
2019-09-24 12:11:24,959 DEBUG impl.UnorderedAsync (UnorderedAsync.java:lambda$sendRequestWithRetry$4(77)) - client-CFB50CAB4D08: attempt #1 receive~ RaftClientReply:client-CFB50CAB4D08->s2@group-6E85041A3092, cid=1839, FAILED org.apache.ratis.protocol.NotReplicatedException: Request with call Id 1839 and log index 19 is not yet replicated to ALL, logIndex=19, commits[s2:c143, s0:c0, s1:c143]
2019-09-24 12:11:24,959 DEBUG impl.WatchRequests (WatchRequests.java:handleTimeout(124)) - s2@group-6E85041A3092-WatchRequests: timeout Watch-ALL_COMMITTED(24)@39.119s?java.util.concurrent.CompletionException: org.apache.ratis.protocol.NotReplicatedException: Request with call Id 1861 and log index 24 is not yet replicated to ALL_COMMITTED, RaftClientRequest:client-CFB50CAB4D08->s2@group-6E85041A3092, cid=1861, seq=0, Watch-ALL_COMMITTED(24), Message:<EMPTY>
2019-09-24 12:11:24,959 INFO  client.GrpcClientProtocolService (GrpcClientProtocolService.java:lambda$processClientRequest$0(278)) - Failed RaftClientRequest:client-CFB50CAB4D08->s2@group-6E85041A3092, cid=1861, seq=0, Watch-ALL_COMMITTED(24), Message:<EMPTY>, reply=RaftClientReply:client-CFB50CAB4D08->s2@group-6E85041A3092, cid=1861, FAILED org.apache.ratis.protocol.NotReplicatedException: Request with call Id 1861 and log index 24 is not yet replicated to ALL_COMMITTED, logIndex=24, commits[s2:c143, s0:c0, s1:c143]
2019-09-24 12:11:24,959 DEBUG impl.WatchRequests (WatchRequests.java:handleTimeout(124)) - s2@group-6E85041A3092-WatchRequests: timeout Watch-ALL_COMMITTED(22)@39.119s?java.util.concurrent.CompletionException: org.apache.ratis.protocol.NotReplicatedException: Request with call Id 1853 and log index 22 is not yet replicated to ALL_COMMITTED, RaftClientRequest:client-CFB50CAB4D08->s2@group-6E85041A3092, cid=1853, seq=0, Watch-ALL_COMMITTED(22), Message:<EMPTY>
2019-09-24 12:11:24,959 DEBUG impl.UnorderedAsync (UnorderedAsync.java:lambda$sendRequestWithRetry$4(77)) - client-CFB50CAB4D08: attempt #1 receive~ RaftClientReply:client-CFB50CAB4D08->s2@group-6E85041A3092, cid=1833, FAILED org.apache.ratis.protocol.NotReplicatedException: Request with call Id 1833 and log index 17 is not yet replicated to ALL_COMMITTED, logIndex=17, commits[s2:c143, s0:c0, s1:c143]
2019-09-24 12:11:24,959 INFO  client.GrpcClientProtocolService (GrpcClientProtocolService.java:lambda$processClientRequest$0(278)) - Failed RaftClientRequest:client-CFB50CAB4D08->s2@group-6E85041A3092, cid=1853, seq=0, Watch-ALL_COMMITTED(22), Message:<EMPTY>, reply=RaftClientReply:client-CFB50CAB4D08->s2@group-6E85041A3092, cid=1853, FAILED org.apache.ratis.protocol.NotReplicatedException: Request with call Id 1853 and log index 22 is not yet replicated to ALL_COMMITTED, logIndex=22, commits[s2:c143, s0:c0, s1:c143]
2019-09-24 12:11:24,960 INFO  client.GrpcClientProtocolService (GrpcClientProtocolService.java:lambda$processClientRequest$0(278)) - Failed RaftClientRequest:client-CFB50CAB4D08->s2@group-6E85041A3092, cid=1845, seq=0, Watch-ALL_COMMITTED(20), Message:<EMPTY>, reply=RaftClientReply:client-CFB50CAB4D08->s2@group-6E85041A3092, cid=1845, FAILED org.apache.ratis.protocol.NotReplicatedException: Request with call Id 1845 and log index 20 is not yet replicated to ALL_COMMITTED, logIndex=20, commits[s2:c143, s0:c0, s1:c143]
2019-09-24 12:11:24,960 DEBUG impl.WatchRequests (WatchRequests.java:handleTimeout(124)) - s2@group-6E85041A3092-WatchRequests: timeout Watch-ALL_COMMITTED(20)@39.119s?java.util.concurrent.CompletionException: org.apache.ratis.protocol.NotReplicatedException: Request with call Id 1845 and log index 20 is not yet replicated to ALL_COMMITTED, RaftClientRequest:client-CFB50CAB4D08->s2@group-6E85041A3092, cid=1845, seq=0, Watch-ALL_COMMITTED(20), Message:<EMPTY>
2019-09-24 12:11:24,960 DEBUG impl.WatchRequests (WatchRequests.java:handleTimeout(124)) - s2@group-6E85041A3092-WatchRequests: timeout Watch-ALL_COMMITTED(14)@39.119s?java.util.concurrent.CompletionException: org.apache.ratis.protocol.NotReplicatedException: Request with call Id 1821 and log index 14 is not yet replicated to ALL_COMMITTED, RaftClientRequest:client-CFB50CAB4D08->s2@group-6E85041A3092, cid=1821, seq=0, Watch-ALL_COMMITTED(14), Message:<EMPTY>
2019-09-24 12:11:24,960 INFO  client.GrpcClientProtocolService (GrpcClientProtocolService.java:lambda$processClientRequest$0(278)) - Failed RaftClientRequest:client-CFB50CAB4D08->s2@group-6E85041A3092, cid=1821, seq=0, Watch-ALL_COMMITTED(14), Message:<EMPTY>, reply=RaftClientReply:client-CFB50CAB4D08->s2@group-6E85041A3092, cid=1821, FAILED org.apache.ratis.protocol.NotReplicatedException: Request with call Id 1821 and log index 14 is not yet replicated to ALL_COMMITTED, logIndex=14, commits[s2:c143, s0:c0, s1:c143]
2019-09-24 12:11:24,960 DEBUG impl.UnorderedAsync (UnorderedAsync.java:lambda$sendRequestWithRetry$4(77)) - client-CFB50CAB4D08: attempt #1 receive~ RaftClientReply:client-CFB50CAB4D08->s2@group-6E85041A3092, cid=1827, FAILED org.apache.ratis.protocol.NotReplicatedException: Request with call Id 1827 and log index 16 is not yet replicated to ALL, logIndex=16, commits[s2:c143, s0:c0, s1:c143]
2019-09-24 12:11:24,960 INFO  client.GrpcClientProtocolService (GrpcClientProtocolService.java:lambda$processClientRequest$0(278)) - Failed RaftClientRequest:client-CFB50CAB4D08->s2@group-6E85041A3092, cid=1867, seq=0, Watch-ALL(26), Message:<EMPTY>, reply=RaftClientReply:client-CFB50CAB4D08->s2@group-6E85041A3092, cid=1867, FAILED org.apache.ratis.protocol.NotReplicatedException: Request with call Id 1867 and log index 26 is not yet replicated to ALL, logIndex=26, commits[s2:c143, s0:c0, s1:c143]
2019-09-24 12:11:24,960 DEBUG impl.WatchRequests (WatchRequests.java:handleTimeout(124)) - s2@group-6E85041A3092-WatchRequests: timeout Watch-ALL(26)@39.119s?java.util.concurrent.CompletionException: org.apache.ratis.protocol.NotReplicatedException: Request with call Id 1867 and log index 26 is not yet replicated to ALL, RaftClientRequest:client-CFB50CAB4D08->s2@group-6E85041A3092, cid=1867, seq=0, Watch-ALL(26), Message:<EMPTY>
2019-09-24 12:11:24,961 DEBUG impl.UnorderedAsync (UnorderedAsync.java:lambda$sendRequestWithRetry$4(77)) - client-CFB50CAB4D08: attempt #1 receive~ RaftClientReply:client-CFB50CAB4D08->s2@group-6E85041A3092, cid=1861, FAILED org.apache.ratis.protocol.NotReplicatedException: Request with call Id 1861 and log index 24 is not yet replicated to ALL_COMMITTED, logIndex=24, commits[s2:c143, s0:c0, s1:c143]
2019-09-24 12:11:24,961 INFO  client.GrpcClientProtocolService (GrpcClientProtocolService.java:lambda$processClientRequest$0(278)) - Failed RaftClientRequest:client-CFB50CAB4D08->s2@group-6E85041A3092, cid=1817, seq=0, Watch-ALL_COMMITTED(13), Message:<EMPTY>, reply=RaftClientReply:client-CFB50CAB4D08->s2@group-6E85041A3092, cid=1817, FAILED org.apache.ratis.protocol.NotReplicatedException: Request with call Id 1817 and log index 13 is not yet replicated to ALL_COMMITTED, logIndex=13, commits[s2:c143, s0:c0, s1:c143]
2019-09-24 12:11:24,961 DEBUG impl.WatchRequests (WatchRequests.java:handleTimeout(124)) - s2@group-6E85041A3092-WatchRequests: timeout Watch-ALL_COMMITTED(13)@39.119s?java.util.concurrent.CompletionException: org.apache.ratis.protocol.NotReplicatedException: Request with call Id 1817 and log index 13 is not yet replicated to ALL_COMMITTED, RaftClientRequest:client-CFB50CAB4D08->s2@group-6E85041A3092, cid=1817, seq=0, Watch-ALL_COMMITTED(13), Message:<EMPTY>
2019-09-24 12:11:24,961 DEBUG impl.UnorderedAsync (UnorderedAsync.java:lambda$sendRequestWithRetry$4(77)) - client-CFB50CAB4D08: attempt #1 receive~ RaftClientReply:client-CFB50CAB4D08->s2@group-6E85041A3092, cid=1855, FAILED org.apache.ratis.protocol.NotReplicatedException: Request with call Id 1855 and log index 23 is not yet replicated to ALL, logIndex=23, commits[s2:c143, s0:c0, s1:c143]
2019-09-24 12:11:24,961 DEBUG impl.WatchRequests (WatchRequests.java:handleTimeout(124)) - s2@group-6E85041A3092-WatchRequests: timeout Watch-ALL_COMMITTED(25)@39.119s?java.util.concurrent.CompletionException: org.apache.ratis.protocol.NotReplicatedException: Request with call Id 1865 and log index 25 is not yet replicated to ALL_COMMITTED, RaftClientRequest:client-CFB50CAB4D08->s2@group-6E85041A3092, cid=1865, seq=0, Watch-ALL_COMMITTED(25), Message:<EMPTY>
2019-09-24 12:11:24,962 INFO  client.GrpcClientProtocolService (GrpcClientProtocolService.java:lambda$processClientRequest$0(278)) - Failed RaftClientRequest:client-CFB50CAB4D08->s2@group-6E85041A3092, cid=1865, seq=0, Watch-ALL_COMMITTED(25), Message:<EMPTY>, reply=RaftClientReply:client-CFB50CAB4D08->s2@group-6E85041A3092, cid=1865, FAILED org.apache.ratis.protocol.NotReplicatedException: Request with call Id 1865 and log index 25 is not yet replicated to ALL_COMMITTED, logIndex=25, commits[s2:c143, s0:c0, s1:c143]
2019-09-24 12:11:24,962 DEBUG impl.UnorderedAsync (UnorderedAsync.java:lambda$sendRequestWithRetry$4(77)) - client-CFB50CAB4D08: attempt #1 receive~ RaftClientReply:client-CFB50CAB4D08->s2@group-6E85041A3092, cid=1841, FAILED org.apache.ratis.protocol.NotReplicatedException: Request with call Id 1841 and log index 19 is not yet replicated to ALL_COMMITTED, logIndex=19, commits[s2:c143, s0:c0, s1:c143]
2019-09-24 12:11:24,962 DEBUG impl.WatchRequests (WatchRequests.java:handleTimeout(124)) - s2@group-6E85041A3092-WatchRequests: timeout Watch-ALL_COMMITTED(16)@39.119s?java.util.concurrent.CompletionException: org.apache.ratis.protocol.NotReplicatedException: Request with call Id 1829 and log index 16 is not yet replicated to ALL_COMMITTED, RaftClientRequest:client-CFB50CAB4D08->s2@group-6E85041A3092, cid=1829, seq=0, Watch-ALL_COMMITTED(16), Message:<EMPTY>
2019-09-24 12:11:24,962 INFO  client.GrpcClientProtocolService (GrpcClientProtocolService.java:lambda$processClientRequest$0(278)) - Failed RaftClientRequest:client-CFB50CAB4D08->s2@group-6E85041A3092, cid=1829, seq=0, Watch-ALL_COMMITTED(16), Message:<EMPTY>, reply=RaftClientReply:client-CFB50CAB4D08->s2@group-6E85041A3092, cid=1829, FAILED org.apache.ratis.protocol.NotReplicatedException: Request with call Id 1829 and log index 16 is not yet replicated to ALL_COMMITTED, logIndex=16, commits[s2:c143, s0:c0, s1:c143]
2019-09-24 12:11:24,962 DEBUG impl.UnorderedAsync (UnorderedAsync.java:lambda$sendRequestWithRetry$4(77)) - client-CFB50CAB4D08: attempt #1 receive~ RaftClientReply:client-CFB50CAB4D08->s2@group-6E85041A3092, cid=1817, FAILED org.apache.ratis.protocol.NotReplicatedException: Request with call Id 1817 and log index 13 is not yet replicated to ALL_COMMITTED, logIndex=13, commits[s2:c143, s0:c0, s1:c143]
2019-09-24 12:11:24,962 DEBUG impl.WatchRequests (WatchRequests.java:handleTimeout(124)) - s2@group-6E85041A3092-WatchRequests: timeout Watch-ALL(17)@39.119s?java.util.concurrent.CompletionException: org.apache.ratis.protocol.NotReplicatedException: Request with call Id 1831 and log index 17 is not yet replicated to ALL, RaftClientRequest:client-CFB50CAB4D08->s2@group-6E85041A3092, cid=1831, seq=0, Watch-ALL(17), Message:<EMPTY>
2019-09-24 12:11:24,962 INFO  client.GrpcClientProtocolService (GrpcClientProtocolService.java:lambda$processClientRequest$0(278)) - Failed RaftClientRequest:client-CFB50CAB4D08->s2@group-6E85041A3092, cid=1831, seq=0, Watch-ALL(17), Message:<EMPTY>, reply=RaftClientReply:client-CFB50CAB4D08->s2@group-6E85041A3092, cid=1831, FAILED org.apache.ratis.protocol.NotReplicatedException: Request with call Id 1831 and log index 17 is not yet replicated to ALL, logIndex=17, commits[s2:c143, s0:c0, s1:c143]
2019-09-24 12:11:24,962 DEBUG impl.UnorderedAsync (UnorderedAsync.java:lambda$sendRequestWithRetry$4(77)) - client-CFB50CAB4D08: attempt #1 receive~ RaftClientReply:client-CFB50CAB4D08->s2@group-6E85041A3092, cid=1867, FAILED org.apache.ratis.protocol.NotReplicatedException: Request with call Id 1867 and log index 26 is not yet replicated to ALL, logIndex=26, commits[s2:c143, s0:c0, s1:c143]
2019-09-24 12:11:24,963 INFO  client.GrpcClientProtocolService (GrpcClientProtocolService.java:lambda$processClientRequest$0(278)) - Failed RaftClientRequest:client-CFB50CAB4D08->s2@group-6E85041A3092, cid=1851, seq=0, Watch-ALL(22), Message:<EMPTY>, reply=RaftClientReply:client-CFB50CAB4D08->s2@group-6E85041A3092, cid=1851, FAILED org.apache.ratis.protocol.NotReplicatedException: Request with call Id 1851 and log index 22 is not yet replicated to ALL, logIndex=22, commits[s2:c143, s0:c0, s1:c143]
2019-09-24 12:11:24,963 DEBUG impl.WatchRequests (WatchRequests.java:handleTimeout(124)) - s2@group-6E85041A3092-WatchRequests: timeout Watch-ALL(22)@39.119s?java.util.concurrent.CompletionException: org.apache.ratis.protocol.NotReplicatedException: Request with call Id 1851 and log index 22 is not yet replicated to ALL, RaftClientRequest:client-CFB50CAB4D08->s2@group-6E85041A3092, cid=1851, seq=0, Watch-ALL(22), Message:<EMPTY>
2019-09-24 12:11:24,963 DEBUG impl.UnorderedAsync (UnorderedAsync.java:lambda$sendRequestWithRetry$4(77)) - client-CFB50CAB4D08: attempt #1 receive~ RaftClientReply:client-CFB50CAB4D08->s2@group-6E85041A3092, cid=1821, FAILED org.apache.ratis.protocol.NotReplicatedException: Request with call Id 1821 and log index 14 is not yet replicated to ALL_COMMITTED, logIndex=14, commits[s2:c143, s0:c0, s1:c143]
2019-09-24 12:11:24,963 INFO  client.GrpcClientProtocolService (GrpcClientProtocolService.java:lambda$processClientRequest$0(278)) - Failed RaftClientRequest:client-CFB50CAB4D08->s2@group-6E85041A3092, cid=1863, seq=0, Watch-ALL(25), Message:<EMPTY>, reply=RaftClientReply:client-CFB50CAB4D08->s2@group-6E85041A3092, cid=1863, FAILED org.apache.ratis.protocol.NotReplicatedException: Request with call Id 1863 and log index 25 is not yet replicated to ALL, logIndex=25, commits[s2:c143, s0:c0, s1:c143]
2019-09-24 12:11:24,963 DEBUG impl.WatchRequests (WatchRequests.java:handleTimeout(124)) - s2@group-6E85041A3092-WatchRequests: timeout Watch-ALL(25)@39.119s?java.util.concurrent.CompletionException: org.apache.ratis.protocol.NotReplicatedException: Request with call Id 1863 and log index 25 is not yet replicated to ALL, RaftClientRequest:client-CFB50CAB4D08->s2@group-6E85041A3092, cid=1863, seq=0, Watch-ALL(25), Message:<EMPTY>
2019-09-24 12:11:24,964 DEBUG impl.WatchRequests (WatchRequests.java:handleTimeout(124)) - s2@group-6E85041A3092-WatchRequests: timeout Watch-ALL_COMMITTED(10)@39.119s?java.util.concurrent.CompletionException: org.apache.ratis.protocol.NotReplicatedException: Request with call Id 1805 and log index 10 is not yet replicated to ALL_COMMITTED, RaftClientRequest:client-CFB50CAB4D08->s2@group-6E85041A3092, cid=1805, seq=0, Watch-ALL_COMMITTED(10), Message:<EMPTY>
2019-09-24 12:11:24,964 DEBUG impl.UnorderedAsync (UnorderedAsync.java:lambda$sendRequestWithRetry$4(77)) - client-CFB50CAB4D08: attempt #1 receive~ RaftClientReply:client-CFB50CAB4D08->s2@group-6E85041A3092, cid=1845, FAILED org.apache.ratis.protocol.NotReplicatedException: Request with call Id 1845 and log index 20 is not yet replicated to ALL_COMMITTED, logIndex=20, commits[s2:c143, s0:c0, s1:c143]
2019-09-24 12:11:24,964 INFO  client.GrpcClientProtocolService (GrpcClientProtocolService.java:lambda$processClientRequest$0(278)) - Failed RaftClientRequest:client-CFB50CAB4D08->s2@group-6E85041A3092, cid=1805, seq=0, Watch-ALL_COMMITTED(10), Message:<EMPTY>, reply=RaftClientReply:client-CFB50CAB4D08->s2@group-6E85041A3092, cid=1805, FAILED org.apache.ratis.protocol.NotReplicatedException: Request with call Id 1805 and log index 10 is not yet replicated to ALL_COMMITTED, logIndex=10, commits[s2:c143, s0:c0, s1:c143]
2019-09-24 12:11:24,964 DEBUG impl.WatchRequests (WatchRequests.java:handleTimeout(124)) - s2@group-6E85041A3092-WatchRequests: timeout Watch-ALL(13)@39.119s?java.util.concurrent.CompletionException: org.apache.ratis.protocol.NotReplicatedException: Request with call Id 1815 and log index 13 is not yet replicated to ALL, RaftClientRequest:client-CFB50CAB4D08->s2@group-6E85041A3092, cid=1815, seq=0, Watch-ALL(13), Message:<EMPTY>
2019-09-24 12:11:24,964 DEBUG impl.UnorderedAsync (UnorderedAsync.java:lambda$sendRequestWithRetry$4(77)) - client-CFB50CAB4D08: attempt #1 receive~ RaftClientReply:client-CFB50CAB4D08->s2@group-6E85041A3092, cid=1853, FAILED org.apache.ratis.protocol.NotReplicatedException: Request with call Id 1853 and log index 22 is not yet replicated to ALL_COMMITTED, logIndex=22, commits[s2:c143, s0:c0, s1:c143]
2019-09-24 12:11:24,964 INFO  client.GrpcClientProtocolService (GrpcClientProtocolService.java:lambda$processClientRequest$0(278)) - Failed RaftClientRequest:client-CFB50CAB4D08->s2@group-6E85041A3092, cid=1835, seq=0, Watch-ALL(18), Message:<EMPTY>, reply=RaftClientReply:client-CFB50CAB4D08->s2@group-6E85041A3092, cid=1835, FAILED org.apache.ratis.protocol.NotReplicatedException: Request with call Id 1835 and log index 18 is not yet replicated to ALL, logIndex=18, commits[s2:c143, s0:c0, s1:c143]
2019-09-24 12:11:24,964 INFO  client.GrpcClientProtocolService (GrpcClientProtocolService.java:lambda$processClientRequest$0(278)) - Failed RaftClientRequest:client-CFB50CAB4D08->s2@group-6E85041A3092, cid=1815, seq=0, Watch-ALL(13), Message:<EMPTY>, reply=RaftClientReply:client-CFB50CAB4D08->s2@group-6E85041A3092, cid=1815, FAILED org.apache.ratis.protocol.NotReplicatedException: Request with call Id 1815 and log index 13 is not yet replicated to ALL, logIndex=13, commits[s2:c143, s0:c0, s1:c143]
2019-09-24 12:11:24,964 DEBUG impl.WatchRequests (WatchRequests.java:handleTimeout(124)) - s2@group-6E85041A3092-WatchRequests: timeout Watch-ALL(18)@39.119s?java.util.concurrent.CompletionException: org.apache.ratis.protocol.NotReplicatedException: Request with call Id 1835 and log index 18 is not yet replicated to ALL, RaftClientRequest:client-CFB50CAB4D08->s2@group-6E85041A3092, cid=1835, seq=0, Watch-ALL(18), Message:<EMPTY>
2019-09-24 12:11:24,965 DEBUG impl.UnorderedAsync (UnorderedAsync.java:lambda$sendRequestWithRetry$4(77)) - client-CFB50CAB4D08: attempt #1 receive~ RaftClientReply:client-CFB50CAB4D08->s2@group-6E85041A3092, cid=1863, FAILED org.apache.ratis.protocol.NotReplicatedException: Request with call Id 1863 and log index 25 is not yet replicated to ALL, logIndex=25, commits[s2:c143, s0:c0, s1:c143]
2019-09-24 12:11:24,965 DEBUG impl.UnorderedAsync (UnorderedAsync.java:lambda$sendRequestWithRetry$4(77)) - client-CFB50CAB4D08: attempt #1 receive~ RaftClientReply:client-CFB50CAB4D08->s2@group-6E85041A3092, cid=1851, FAILED org.apache.ratis.protocol.NotReplicatedException: Request with call Id 1851 and log index 22 is not yet replicated to ALL, logIndex=22, commits[s2:c143, s0:c0, s1:c143]
2019-09-24 12:11:24,965 DEBUG impl.WatchRequests (WatchRequests.java:handleTimeout(124)) - s2@group-6E85041A3092-WatchRequests: timeout Watch-ALL_COMMITTED(36)@39.119s?java.util.concurrent.CompletionException: org.apache.ratis.protocol.NotReplicatedException: Request with call Id 1877 and log index 36 is not yet replicated to ALL_COMMITTED, RaftClientRequest:client-CFB50CAB4D08->s2@group-6E85041A3092, cid=1877, seq=0, Watch-ALL_COMMITTED(36), Message:<EMPTY>
2019-09-24 12:11:24,965 INFO  client.GrpcClientProtocolService (GrpcClientProtocolService.java:lambda$processClientRequest$0(278)) - Failed RaftClientRequest:client-CFB50CAB4D08->s2@group-6E85041A3092, cid=1877, seq=0, Watch-ALL_COMMITTED(36), Message:<EMPTY>, reply=RaftClientReply:client-CFB50CAB4D08->s2@group-6E85041A3092, cid=1877, FAILED org.apache.ratis.protocol.NotReplicatedException: Request with call Id 1877 and log index 36 is not yet replicated to ALL_COMMITTED, logIndex=36, commits[s2:c143, s0:c0, s1:c143]
2019-09-24 12:11:24,966 DEBUG impl.UnorderedAsync (UnorderedAsync.java:lambda$sendRequestWithRetry$4(77)) - client-CFB50CAB4D08: attempt #1 receive~ RaftClientReply:client-CFB50CAB4D08->s2@group-6E85041A3092, cid=1831, FAILED org.apache.ratis.protocol.NotReplicatedException: Request with call Id 1831 and log index 17 is not yet replicated to ALL, logIndex=17, commits[s2:c143, s0:c0, s1:c143]
2019-09-24 12:11:24,966 DEBUG impl.WatchRequests (WatchRequests.java:handleTimeout(124)) - s2@group-6E85041A3092-WatchRequests: timeout Watch-ALL_COMMITTED(18)@39.119s?java.util.concurrent.CompletionException: org.apache.ratis.protocol.NotReplicatedException: Request with call Id 1837 and log index 18 is not yet replicated to ALL_COMMITTED, RaftClientRequest:client-CFB50CAB4D08->s2@group-6E85041A3092, cid=1837, seq=0, Watch-ALL_COMMITTED(18), Message:<EMPTY>
2019-09-24 12:11:24,966 INFO  client.GrpcClientProtocolService (GrpcClientProtocolService.java:lambda$processClientRequest$0(278)) - Failed RaftClientRequest:client-CFB50CAB4D08->s2@group-6E85041A3092, cid=1837, seq=0, Watch-ALL_COMMITTED(18), Message:<EMPTY>, reply=RaftClientReply:client-CFB50CAB4D08->s2@group-6E85041A3092, cid=1837, FAILED org.apache.ratis.protocol.NotReplicatedException: Request with call Id 1837 and log index 18 is not yet replicated to ALL_COMMITTED, logIndex=18, commits[s2:c143, s0:c0, s1:c143]
2019-09-24 12:11:24,966 DEBUG impl.UnorderedAsync (UnorderedAsync.java:lambda$sendRequestWithRetry$4(77)) - client-CFB50CAB4D08: attempt #1 receive~ RaftClientReply:client-CFB50CAB4D08->s2@group-6E85041A3092, cid=1829, FAILED org.apache.ratis.protocol.NotReplicatedException: Request with call Id 1829 and log index 16 is not yet replicated to ALL_COMMITTED, logIndex=16, commits[s2:c143, s0:c0, s1:c143]
2019-09-24 12:11:24,966 DEBUG impl.WatchRequests (WatchRequests.java:handleTimeout(124)) - s2@group-6E85041A3092-WatchRequests: timeout Watch-ALL(11)@39.119s?java.util.concurrent.CompletionException: org.apache.ratis.protocol.NotReplicatedException: Request with call Id 1807 and log index 11 is not yet replicated to ALL, RaftClientRequest:client-CFB50CAB4D08->s2@group-6E85041A3092, cid=1807, seq=0, Watch-ALL(11), Message:<EMPTY>
2019-09-24 12:11:24,966 INFO  client.GrpcClientProtocolService (GrpcClientProtocolService.java:lambda$processClientRequest$0(278)) - Failed RaftClientRequest:client-CFB50CAB4D08->s2@group-6E85041A3092, cid=1807, seq=0, Watch-ALL(11), Message:<EMPTY>, reply=RaftClientReply:client-CFB50CAB4D08->s2@group-6E85041A3092, cid=1807, FAILED org.apache.ratis.protocol.NotReplicatedException: Request with call Id 1807 and log index 11 is not yet replicated to ALL, logIndex=11, commits[s2:c143, s0:c0, s1:c143]
2019-09-24 12:11:24,966 DEBUG impl.UnorderedAsync (UnorderedAsync.java:lambda$sendRequestWithRetry$4(77)) - client-CFB50CAB4D08: attempt #1 receive~ RaftClientReply:client-CFB50CAB4D08->s2@group-6E85041A3092, cid=1877, FAILED org.apache.ratis.protocol.NotReplicatedException: Request with call Id 1877 and log index 36 is not yet replicated to ALL_COMMITTED, logIndex=36, commits[s2:c143, s0:c0, s1:c143]
2019-09-24 12:11:24,966 DEBUG impl.WatchRequests (WatchRequests.java:handleTimeout(124)) - s2@group-6E85041A3092-WatchRequests: timeout Watch-ALL(12)@39.119s?java.util.concurrent.CompletionException: org.apache.ratis.protocol.NotReplicatedException: Request with call Id 1811 and log index 12 is not yet replicated to ALL, RaftClientRequest:client-CFB50CAB4D08->s2@group-6E85041A3092, cid=1811, seq=0, Watch-ALL(12), Message:<EMPTY>
2019-09-24 12:11:24,967 INFO  client.GrpcClientProtocolService (GrpcClientProtocolService.java:lambda$processClientRequest$0(278)) - Failed RaftClientRequest:client-CFB50CAB4D08->s2@group-6E85041A3092, cid=1811, seq=0, Watch-ALL(12), Message:<EMPTY>, reply=RaftClientReply:client-CFB50CAB4D08->s2@group-6E85041A3092, cid=1811, FAILED org.apache.ratis.protocol.NotReplicatedException: Request with call Id 1811 and log index 12 is not yet replicated to ALL, logIndex=12, commits[s2:c143, s0:c0, s1:c143]
2019-09-24 12:11:24,967 DEBUG impl.UnorderedAsync (UnorderedAsync.java:lambda$sendRequestWithRetry$4(77)) - client-CFB50CAB4D08: attempt #1 receive~ RaftClientReply:client-CFB50CAB4D08->s2@group-6E85041A3092, cid=1865, FAILED org.apache.ratis.protocol.NotReplicatedException: Request with call Id 1865 and log index 25 is not yet replicated to ALL_COMMITTED, logIndex=25, commits[s2:c143, s0:c0, s1:c143]
2019-09-24 12:11:24,967 DEBUG impl.WatchRequests (WatchRequests.java:handleTimeout(124)) - s2@group-6E85041A3092-WatchRequests: timeout Watch-ALL_COMMITTED(26)@39.119s?java.util.concurrent.CompletionException: org.apache.ratis.protocol.NotReplicatedException: Request with call Id 1869 and log index 26 is not yet replicated to ALL_COMMITTED, RaftClientRequest:client-CFB50CAB4D08->s2@group-6E85041A3092, cid=1869, seq=0, Watch-ALL_COMMITTED(26), Message:<EMPTY>
2019-09-24 12:11:24,967 INFO  client.GrpcClientProtocolService (GrpcClientProtocolService.java:lambda$processClientRequest$0(278)) - Failed RaftClientRequest:client-CFB50CAB4D08->s2@group-6E85041A3092, cid=1869, seq=0, Watch-ALL_COMMITTED(26), Message:<EMPTY>, reply=RaftClientReply:client-CFB50CAB4D08->s2@group-6E85041A3092, cid=1869, FAILED org.apache.ratis.protocol.NotReplicatedException: Request with call Id 1869 and log index 26 is not yet replicated to ALL_COMMITTED, logIndex=26, commits[s2:c143, s0:c0, s1:c143]
2019-09-24 12:11:24,967 DEBUG impl.UnorderedAsync (UnorderedAsync.java:lambda$sendRequestWithRetry$4(77)) - client-CFB50CAB4D08: attempt #1 receive~ RaftClientReply:client-CFB50CAB4D08->s2@group-6E85041A3092, cid=1837, FAILED org.apache.ratis.protocol.NotReplicatedException: Request with call Id 1837 and log index 18 is not yet replicated to ALL_COMMITTED, logIndex=18, commits[s2:c143, s0:c0, s1:c143]
2019-09-24 12:11:24,967 DEBUG impl.WatchRequests (WatchRequests.java:handleTimeout(124)) - s2@group-6E85041A3092-WatchRequests: timeout Watch-ALL(24)@39.119s?java.util.concurrent.CompletionException: org.apache.ratis.protocol.NotReplicatedException: Request with call Id 1859 and log index 24 is not yet replicated to ALL, RaftClientRequest:client-CFB50CAB4D08->s2@group-6E85041A3092, cid=1859, seq=0, Watch-ALL(24), Message:<EMPTY>
2019-09-24 12:11:24,967 INFO  client.GrpcClientProtocolService (GrpcClientProtocolService.java:lambda$processClientRequest$0(278)) - Failed RaftClientRequest:client-CFB50CAB4D08->s2@group-6E85041A3092, cid=1859, seq=0, Watch-ALL(24), Message:<EMPTY>, reply=RaftClientReply:client-CFB50CAB4D08->s2@group-6E85041A3092, cid=1859, FAILED org.apache.ratis.protocol.NotReplicatedException: Request with call Id 1859 and log index 24 is not yet replicated to ALL, logIndex=24, commits[s2:c143, s0:c0, s1:c143]
2019-09-24 12:11:24,967 DEBUG impl.WatchRequests (WatchRequests.java:handleTimeout(124)) - s2@group-6E85041A3092-WatchRequests: timeout Watch-ALL(36)@39.119s?java.util.concurrent.CompletionException: org.apache.ratis.protocol.NotReplicatedException: Request with call Id 1875 and log index 36 is not yet replicated to ALL, RaftClientRequest:client-CFB50CAB4D08->s2@group-6E85041A3092, cid=1875, seq=0, Watch-ALL(36), Message:<EMPTY>
2019-09-24 12:11:24,968 INFO  client.GrpcClientProtocolService (GrpcClientProtocolService.java:lambda$processClientRequest$0(278)) - Failed RaftClientRequest:client-CFB50CAB4D08->s2@group-6E85041A3092, cid=1875, seq=0, Watch-ALL(36), Message:<EMPTY>, reply=RaftClientReply:client-CFB50CAB4D08->s2@group-6E85041A3092, cid=1875, FAILED org.apache.ratis.protocol.NotReplicatedException: Request with call Id 1875 and log index 36 is not yet replicated to ALL, logIndex=36, commits[s2:c143, s0:c0, s1:c143]
2019-09-24 12:11:24,968 DEBUG impl.UnorderedAsync (UnorderedAsync.java:lambda$sendRequestWithRetry$4(77)) - client-CFB50CAB4D08: attempt #1 receive~ RaftClientReply:client-CFB50CAB4D08->s2@group-6E85041A3092, cid=1815, FAILED org.apache.ratis.protocol.NotReplicatedException: Request with call Id 1815 and log index 13 is not yet replicated to ALL, logIndex=13, commits[s2:c143, s0:c0, s1:c143]
2019-09-24 12:11:24,968 DEBUG impl.WatchRequests (WatchRequests.java:handleTimeout(124)) - s2@group-6E85041A3092-WatchRequests: timeout Watch-ALL_COMMITTED(12)@39.119s?java.util.concurrent.CompletionException: org.apache.ratis.protocol.NotReplicatedException: Request with call Id 1813 and log index 12 is not yet replicated to ALL_COMMITTED, RaftClientRequest:client-CFB50CAB4D08->s2@group-6E85041A3092, cid=1813, seq=0, Watch-ALL_COMMITTED(12), Message:<EMPTY>
2019-09-24 12:11:24,968 INFO  client.GrpcClientProtocolService (GrpcClientProtocolService.java:lambda$processClientRequest$0(278)) - Failed RaftClientRequest:client-CFB50CAB4D08->s2@group-6E85041A3092, cid=1813, seq=0, Watch-ALL_COMMITTED(12), Message:<EMPTY>, reply=RaftClientReply:client-CFB50CAB4D08->s2@group-6E85041A3092, cid=1813, FAILED org.apache.ratis.protocol.NotReplicatedException: Request with call Id 1813 and log index 12 is not yet replicated to ALL_COMMITTED, logIndex=12, commits[s2:c143, s0:c0, s1:c143]
2019-09-24 12:11:24,968 DEBUG impl.UnorderedAsync (UnorderedAsync.java:lambda$sendRequestWithRetry$4(77)) - client-CFB50CAB4D08: attempt #1 receive~ RaftClientReply:client-CFB50CAB4D08->s2@group-6E85041A3092, cid=1835, FAILED org.apache.ratis.protocol.NotReplicatedException: Request with call Id 1835 and log index 18 is not yet replicated to ALL, logIndex=18, commits[s2:c143, s0:c0, s1:c143]
2019-09-24 12:11:24,968 DEBUG impl.WatchRequests (WatchRequests.java:handleTimeout(124)) - s2@group-6E85041A3092-WatchRequests: timeout Watch-ALL_COMMITTED(11)@39.119s?java.util.concurrent.CompletionException: org.apache.ratis.protocol.NotReplicatedException: Request with call Id 1809 and log index 11 is not yet replicated to ALL_COMMITTED, RaftClientRequest:client-CFB50CAB4D08->s2@group-6E85041A3092, cid=1809, seq=0, Watch-ALL_COMMITTED(11), Message:<EMPTY>
2019-09-24 12:11:24,968 INFO  client.GrpcClientProtocolService (GrpcClientProtocolService.java:lambda$processClientRequest$0(278)) - Failed RaftClientRequest:client-CFB50CAB4D08->s2@group-6E85041A3092, cid=1809, seq=0, Watch-ALL_COMMITTED(11), Message:<EMPTY>, reply=RaftClientReply:client-CFB50CAB4D08->s2@group-6E85041A3092, cid=1809, FAILED org.apache.ratis.protocol.NotReplicatedException: Request with call Id 1809 and log index 11 is not yet replicated to ALL_COMMITTED, logIndex=11, commits[s2:c143, s0:c0, s1:c143]
2019-09-24 12:11:24,969 DEBUG impl.WatchRequests (WatchRequests.java:handleTimeout(124)) - s2@group-6E85041A3092-WatchRequests: timeout Watch-ALL(14)@39.119s?java.util.concurrent.CompletionException: org.apache.ratis.protocol.NotReplicatedException: Request with call Id 1819 and log index 14 is not yet replicated to ALL, RaftClientRequest:client-CFB50CAB4D08->s2@group-6E85041A3092, cid=1819, seq=0, Watch-ALL(14), Message:<EMPTY>
2019-09-24 12:11:24,969 INFO  client.GrpcClientProtocolService (GrpcClientProtocolService.java:lambda$processClientRequest$0(278)) - Failed RaftClientRequest:client-CFB50CAB4D08->s2@group-6E85041A3092, cid=1819, seq=0, Watch-ALL(14), Message:<EMPTY>, reply=RaftClientReply:client-CFB50CAB4D08->s2@group-6E85041A3092, cid=1819, FAILED org.apache.ratis.protocol.NotReplicatedException: Request with call Id 1819 and log index 14 is not yet replicated to ALL, logIndex=14, commits[s2:c143, s0:c0, s1:c143]
2019-09-24 12:11:24,968 DEBUG impl.UnorderedAsync (UnorderedAsync.java:lambda$sendRequestWithRetry$4(77)) - client-CFB50CAB4D08: attempt #1 receive~ RaftClientReply:client-CFB50CAB4D08->s2@group-6E85041A3092, cid=1805, FAILED org.apache.ratis.protocol.NotReplicatedException: Request with call Id 1805 and log index 10 is not yet replicated to ALL_COMMITTED, logIndex=10, commits[s2:c143, s0:c0, s1:c143]
2019-09-24 12:11:24,969 DEBUG impl.UnorderedAsync (UnorderedAsync.java:lambda$sendRequestWithRetry$4(77)) - client-CFB50CAB4D08: attempt #1 receive~ RaftClientReply:client-CFB50CAB4D08->s2@group-6E85041A3092, cid=1875, FAILED org.apache.ratis.protocol.NotReplicatedException: Request with call Id 1875 and log index 36 is not yet replicated to ALL, logIndex=36, commits[s2:c143, s0:c0, s1:c143]
2019-09-24 12:11:24,969 DEBUG impl.WatchRequests (WatchRequests.java:handleTimeout(124)) - s2@group-6E85041A3092-WatchRequests: timeout Watch-ALL_COMMITTED(27)@39.119s?java.util.concurrent.CompletionException: org.apache.ratis.protocol.NotReplicatedException: Request with call Id 1873 and log index 27 is not yet replicated to ALL_COMMITTED, RaftClientRequest:client-CFB50CAB4D08->s2@group-6E85041A3092, cid=1873, seq=0, Watch-ALL_COMMITTED(27), Message:<EMPTY>
2019-09-24 12:11:24,970 ERROR grpc.TestWatchRequestWithGrpc (WatchRequestTests.java:get(169)) - Failed to get allCommitted(10)
2019-09-24 12:11:24,969 INFO  client.GrpcClientProtocolService (GrpcClientProtocolService.java:lambda$processClientRequest$0(278)) - Failed RaftClientRequest:client-CFB50CAB4D08->s2@group-6E85041A3092, cid=1873, seq=0, Watch-ALL_COMMITTED(27), Message:<EMPTY>, reply=RaftClientReply:client-CFB50CAB4D08->s2@group-6E85041A3092, cid=1873, FAILED org.apache.ratis.protocol.NotReplicatedException: Request with call Id 1873 and log index 27 is not yet replicated to ALL_COMMITTED, logIndex=27, commits[s2:c143, s0:c0, s1:c143]
2019-09-24 12:11:24,970 INFO  grpc.TestWatchRequestWithGrpc (WatchRequestTests.java:checkTimeout(396)) - checkTimeout 9: receive RaftClientReply:client-CFB50CAB4D08->s2@group-6E85041A3092, cid=1679, SUCCESS, logIndex=11, commits[s2:c25, s0:c0, s1:c2]
2019-09-24 12:11:24,970 DEBUG impl.WatchRequests (WatchRequests.java:handleTimeout(124)) - s2@group-6E85041A3092-WatchRequests: timeout Watch-ALL_COMMITTED(21)@39.119s?java.util.concurrent.CompletionException: org.apache.ratis.protocol.NotReplicatedException: Request with call Id 1849 and log index 21 is not yet replicated to ALL_COMMITTED, RaftClientRequest:client-CFB50CAB4D08->s2@group-6E85041A3092, cid=1849, seq=0, Watch-ALL_COMMITTED(21), Message:<EMPTY>
2019-09-24 12:11:24,970 DEBUG impl.UnorderedAsync (UnorderedAsync.java:lambda$sendRequestWithRetry$4(77)) - client-CFB50CAB4D08: attempt #1 receive~ RaftClientReply:client-CFB50CAB4D08->s2@group-6E85041A3092, cid=1859, FAILED org.apache.ratis.protocol.NotReplicatedException: Request with call Id 1859 and log index 24 is not yet replicated to ALL, logIndex=24, commits[s2:c143, s0:c0, s1:c143]
2019-09-24 12:11:24,970 DEBUG impl.UnorderedAsync (UnorderedAsync.java:lambda$sendRequestWithRetry$4(77)) - client-CFB50CAB4D08: attempt #1 receive~ RaftClientReply:client-CFB50CAB4D08->s2@group-6E85041A3092, cid=1869, FAILED org.apache.ratis.protocol.NotReplicatedException: Request with call Id 1869 and log index 26 is not yet replicated to ALL_COMMITTED, logIndex=26, commits[s2:c143, s0:c0, s1:c143]
2019-09-24 12:11:24,971 INFO  client.GrpcClientProtocolService (GrpcClientProtocolService.java:lambda$processClientRequest$0(278)) - Failed RaftClientRequest:client-CFB50CAB4D08->s2@group-6E85041A3092, cid=1871, seq=0, Watch-ALL(27), Message:<EMPTY>, reply=RaftClientReply:client-CFB50CAB4D08->s2@group-6E85041A3092, cid=1871, FAILED org.apache.ratis.protocol.NotReplicatedException: Request with call Id 1871 and log index 27 is not yet replicated to ALL, logIndex=27, commits[s2:c143, s0:c0, s1:c143]
2019-09-24 12:11:24,970 INFO  client.GrpcClientProtocolService (GrpcClientProtocolService.java:lambda$processClientRequest$0(278)) - Failed RaftClientRequest:client-CFB50CAB4D08->s2@group-6E85041A3092, cid=1849, seq=0, Watch-ALL_COMMITTED(21), Message:<EMPTY>, reply=RaftClientReply:client-CFB50CAB4D08->s2@group-6E85041A3092, cid=1849, FAILED org.apache.ratis.protocol.NotReplicatedException: Request with call Id 1849 and log index 21 is not yet replicated to ALL_COMMITTED, logIndex=21, commits[s2:c143, s0:c0, s1:c143]
2019-09-24 12:11:24,971 DEBUG impl.UnorderedAsync (UnorderedAsync.java:lambda$sendRequestWithRetry$4(77)) - client-CFB50CAB4D08: attempt #1 receive~ RaftClientReply:client-CFB50CAB4D08->s2@group-6E85041A3092, cid=1807, FAILED org.apache.ratis.protocol.NotReplicatedException: Request with call Id 1807 and log index 11 is not yet replicated to ALL, logIndex=11, commits[s2:c143, s0:c0, s1:c143]
2019-09-24 12:11:24,970 DEBUG impl.WatchRequests (WatchRequests.java:handleTimeout(124)) - s2@group-6E85041A3092-WatchRequests: timeout Watch-ALL(27)@39.119s?java.util.concurrent.CompletionException: org.apache.ratis.protocol.NotReplicatedException: Request with call Id 1871 and log index 27 is not yet replicated to ALL, RaftClientRequest:client-CFB50CAB4D08->s2@group-6E85041A3092, cid=1871, seq=0, Watch-ALL(27), Message:<EMPTY>
2019-09-24 12:11:24,970 DEBUG impl.UnorderedAsync (UnorderedAsync.java:lambda$sendRequestWithRetry$4(77)) - client-CFB50CAB4D08: attempt #1 receive~ RaftClientReply:client-CFB50CAB4D08->s2@group-6E85041A3092, cid=1811, FAILED org.apache.ratis.protocol.NotReplicatedException: Request with call Id 1811 and log index 12 is not yet replicated to ALL, logIndex=12, commits[s2:c143, s0:c0, s1:c143]
2019-09-24 12:11:24,972 ERROR grpc.TestWatchRequestWithGrpc (WatchRequestTests.java:get(169)) - Failed to get all(11)
2019-09-24 12:11:24,971 DEBUG impl.UnorderedAsync (UnorderedAsync.java:lambda$sendRequestWithRetry$4(77)) - client-CFB50CAB4D08: attempt #1 receive~ RaftClientReply:client-CFB50CAB4D08->s2@group-6E85041A3092, cid=1819, FAILED org.apache.ratis.protocol.NotReplicatedException: Request with call Id 1819 and log index 14 is not yet replicated to ALL, logIndex=14, commits[s2:c143, s0:c0, s1:c143]
2019-09-24 12:11:24,972 DEBUG impl.UnorderedAsync (UnorderedAsync.java:lambda$sendRequestWithRetry$4(77)) - client-CFB50CAB4D08: attempt #1 receive~ RaftClientReply:client-CFB50CAB4D08->s2@group-6E85041A3092, cid=1809, FAILED org.apache.ratis.protocol.NotReplicatedException: Request with call Id 1809 and log index 11 is not yet replicated to ALL_COMMITTED, logIndex=11, commits[s2:c143, s0:c0, s1:c143]
2019-09-24 12:11:24,972 DEBUG impl.UnorderedAsync (UnorderedAsync.java:lambda$sendRequestWithRetry$4(77)) - client-CFB50CAB4D08: attempt #1 receive~ RaftClientReply:client-CFB50CAB4D08->s2@group-6E85041A3092, cid=1813, FAILED org.apache.ratis.protocol.NotReplicatedException: Request with call Id 1813 and log index 12 is not yet replicated to ALL_COMMITTED, logIndex=12, commits[s2:c143, s0:c0, s1:c143]
2019-09-24 12:11:24,973 ERROR grpc.TestWatchRequestWithGrpc (WatchRequestTests.java:get(169)) - Failed to get allCommitted(11)
2019-09-24 12:11:24,973 INFO  grpc.TestWatchRequestWithGrpc (WatchRequestTests.java:checkTimeout(396)) - checkTimeout 10: receive RaftClientReply:client-CFB50CAB4D08->s2@group-6E85041A3092, cid=1680, SUCCESS, logIndex=12, commits[s2:c25, s0:c0, s1:c2]
2019-09-24 12:11:24,973 DEBUG impl.UnorderedAsync (UnorderedAsync.java:lambda$sendRequestWithRetry$4(77)) - client-CFB50CAB4D08: attempt #1 receive~ RaftClientReply:client-CFB50CAB4D08->s2@group-6E85041A3092, cid=1873, FAILED org.apache.ratis.protocol.NotReplicatedException: Request with call Id 1873 and log index 27 is not yet replicated to ALL_COMMITTED, logIndex=27, commits[s2:c143, s0:c0, s1:c143]
2019-09-24 12:11:24,973 ERROR grpc.TestWatchRequestWithGrpc (WatchRequestTests.java:get(169)) - Failed to get all(12)
2019-09-24 12:11:24,974 DEBUG impl.UnorderedAsync (UnorderedAsync.java:lambda$sendRequestWithRetry$4(77)) - client-CFB50CAB4D08: attempt #1 receive~ RaftClientReply:client-CFB50CAB4D08->s2@group-6E85041A3092, cid=1849, FAILED org.apache.ratis.protocol.NotReplicatedException: Request with call Id 1849 and log index 21 is not yet replicated to ALL_COMMITTED, logIndex=21, commits[s2:c143, s0:c0, s1:c143]
2019-09-24 12:11:24,974 DEBUG impl.UnorderedAsync (UnorderedAsync.java:lambda$sendRequestWithRetry$4(77)) - client-CFB50CAB4D08: attempt #1 receive~ RaftClientReply:client-CFB50CAB4D08->s2@group-6E85041A3092, cid=1871, FAILED org.apache.ratis.protocol.NotReplicatedException: Request with call Id 1871 and log index 27 is not yet replicated to ALL, logIndex=27, commits[s2:c143, s0:c0, s1:c143]
2019-09-24 12:11:24,974 ERROR grpc.TestWatchRequestWithGrpc (WatchRequestTests.java:get(169)) - Failed to get allCommitted(12)
2019-09-24 12:11:24,974 INFO  grpc.TestWatchRequestWithGrpc (WatchRequestTests.java:checkTimeout(396)) - checkTimeout 11: receive RaftClientReply:client-CFB50CAB4D08->s2@group-6E85041A3092, cid=1681, SUCCESS, logIndex=13, commits[s2:c25, s0:c0, s1:c2]
2019-09-24 12:11:24,974 ERROR grpc.TestWatchRequestWithGrpc (WatchRequestTests.java:get(169)) - Failed to get all(13)
2019-09-24 12:11:24,974 ERROR grpc.TestWatchRequestWithGrpc (WatchRequestTests.java:get(169)) - Failed to get allCommitted(13)
2019-09-24 12:11:24,974 INFO  grpc.TestWatchRequestWithGrpc (WatchRequestTests.java:checkTimeout(396)) - checkTimeout 12: receive RaftClientReply:client-CFB50CAB4D08->s2@group-6E85041A3092, cid=1682, SUCCESS, logIndex=14, commits[s2:c25, s0:c0, s1:c2]
2019-09-24 12:11:24,974 ERROR grpc.TestWatchRequestWithGrpc (WatchRequestTests.java:get(169)) - Failed to get all(14)
2019-09-24 12:11:24,975 ERROR grpc.TestWatchRequestWithGrpc (WatchRequestTests.java:get(169)) - Failed to get allCommitted(14)
2019-09-24 12:11:24,975 INFO  grpc.TestWatchRequestWithGrpc (WatchRequestTests.java:checkTimeout(396)) - checkTimeout 13: receive RaftClientReply:client-CFB50CAB4D08->s2@group-6E85041A3092, cid=1683, SUCCESS, logIndex=15, commits[s2:c26, s0:c0, s1:c2]
2019-09-24 12:11:24,975 ERROR grpc.TestWatchRequestWithGrpc (WatchRequestTests.java:get(169)) - Failed to get all(15)
2019-09-24 12:11:24,975 ERROR grpc.TestWatchRequestWithGrpc (WatchRequestTests.java:get(169)) - Failed to get allCommitted(15)
2019-09-24 12:11:24,975 INFO  grpc.TestWatchRequestWithGrpc (WatchRequestTests.java:checkTimeout(396)) - checkTimeout 14: receive RaftClientReply:client-CFB50CAB4D08->s2@group-6E85041A3092, cid=1684, SUCCESS, logIndex=16, commits[s2:c26, s0:c0, s1:c2]
2019-09-24 12:11:24,975 ERROR grpc.TestWatchRequestWithGrpc (WatchRequestTests.java:get(169)) - Failed to get all(16)
2019-09-24 12:11:24,975 ERROR grpc.TestWatchRequestWithGrpc (WatchRequestTests.java:get(169)) - Failed to get allCommitted(16)
2019-09-24 12:11:24,975 INFO  grpc.TestWatchRequestWithGrpc (WatchRequestTests.java:checkTimeout(396)) - checkTimeout 15: receive RaftClientReply:client-CFB50CAB4D08->s2@group-6E85041A3092, cid=1685, SUCCESS, logIndex=17, commits[s2:c26, s0:c0, s1:c2]
2019-09-24 12:11:24,975 ERROR grpc.TestWatchRequestWithGrpc (WatchRequestTests.java:get(169)) - Failed to get all(17)
2019-09-24 12:11:24,975 ERROR grpc.TestWatchRequestWithGrpc (WatchRequestTests.java:get(169)) - Failed to get allCommitted(17)
2019-09-24 12:11:24,975 INFO  grpc.TestWatchRequestWithGrpc (WatchRequestTests.java:checkTimeout(396)) - checkTimeout 16: receive RaftClientReply:client-CFB50CAB4D08->s2@group-6E85041A3092, cid=1686, SUCCESS, logIndex=18, commits[s2:c26, s0:c0, s1:c2]
2019-09-24 12:11:24,976 ERROR grpc.TestWatchRequestWithGrpc (WatchRequestTests.java:get(169)) - Failed to get all(18)
2019-09-24 12:11:24,976 ERROR grpc.TestWatchRequestWithGrpc (WatchRequestTests.java:get(169)) - Failed to get allCommitted(18)
2019-09-24 12:11:24,976 INFO  grpc.TestWatchRequestWithGrpc (WatchRequestTests.java:checkTimeout(396)) - checkTimeout 17: receive RaftClientReply:client-CFB50CAB4D08->s2@group-6E85041A3092, cid=1687, SUCCESS, logIndex=19, commits[s2:c26, s0:c0, s1:c2]
2019-09-24 12:11:24,976 ERROR grpc.TestWatchRequestWithGrpc (WatchRequestTests.java:get(169)) - Failed to get all(19)
2019-09-24 12:11:24,976 ERROR grpc.TestWatchRequestWithGrpc (WatchRequestTests.java:get(169)) - Failed to get allCommitted(19)
2019-09-24 12:11:24,976 INFO  grpc.TestWatchRequestWithGrpc (WatchRequestTests.java:checkTimeout(396)) - checkTimeout 18: receive RaftClientReply:client-CFB50CAB4D08->s2@group-6E85041A3092, cid=1688, SUCCESS, logIndex=20, commits[s2:c26, s0:c0, s1:c2]
2019-09-24 12:11:24,976 ERROR grpc.TestWatchRequestWithGrpc (WatchRequestTests.java:get(169)) - Failed to get all(20)
2019-09-24 12:11:24,976 ERROR grpc.TestWatchRequestWithGrpc (WatchRequestTests.java:get(169)) - Failed to get allCommitted(20)
2019-09-24 12:11:24,976 INFO  grpc.TestWatchRequestWithGrpc (WatchRequestTests.java:checkTimeout(396)) - checkTimeout 19: receive RaftClientReply:client-CFB50CAB4D08->s2@group-6E85041A3092, cid=1689, SUCCESS, logIndex=21, commits[s2:c26, s0:c0, s1:c2]
2019-09-24 12:11:24,976 ERROR grpc.TestWatchRequestWithGrpc (WatchRequestTests.java:get(169)) - Failed to get all(21)
2019-09-24 12:11:24,977 ERROR grpc.TestWatchRequestWithGrpc (WatchRequestTests.java:get(169)) - Failed to get allCommitted(21)
2019-09-24 12:11:24,977 INFO  grpc.TestWatchRequestWithGrpc (WatchRequestTests.java:checkTimeout(396)) - checkTimeout 20: receive RaftClientReply:client-CFB50CAB4D08->s2@group-6E85041A3092, cid=1690, SUCCESS, logIndex=22, commits[s2:c26, s0:c0, s1:c2]
2019-09-24 12:11:24,977 ERROR grpc.TestWatchRequestWithGrpc (WatchRequestTests.java:get(169)) - Failed to get all(22)
2019-09-24 12:11:24,977 ERROR grpc.TestWatchRequestWithGrpc (WatchRequestTests.java:get(169)) - Failed to get allCommitted(22)
2019-09-24 12:11:24,977 INFO  grpc.TestWatchRequestWithGrpc (WatchRequestTests.java:checkTimeout(396)) - checkTimeout 21: receive RaftClientReply:client-CFB50CAB4D08->s2@group-6E85041A3092, cid=1691, SUCCESS, logIndex=23, commits[s2:c26, s0:c0, s1:c2]
2019-09-24 12:11:24,977 ERROR grpc.TestWatchRequestWithGrpc (WatchRequestTests.java:get(169)) - Failed to get all(23)
2019-09-24 12:11:24,978 ERROR grpc.TestWatchRequestWithGrpc (WatchRequestTests.java:get(169)) - Failed to get allCommitted(23)
2019-09-24 12:11:24,978 INFO  grpc.TestWatchRequestWithGrpc (WatchRequestTests.java:checkTimeout(396)) - checkTimeout 22: receive RaftClientReply:client-CFB50CAB4D08->s2@group-6E85041A3092, cid=1692, SUCCESS, logIndex=24, commits[s2:c26, s0:c0, s1:c2]
2019-09-24 12:11:24,978 ERROR grpc.TestWatchRequestWithGrpc (WatchRequestTests.java:get(169)) - Failed to get all(24)
2019-09-24 12:11:24,978 ERROR grpc.TestWatchRequestWithGrpc (WatchRequestTests.java:get(169)) - Failed to get allCommitted(24)
2019-09-24 12:11:24,978 INFO  grpc.TestWatchRequestWithGrpc (WatchRequestTests.java:checkTimeout(396)) - checkTimeout 23: receive RaftClientReply:client-CFB50CAB4D08->s2@group-6E85041A3092, cid=1693, SUCCESS, logIndex=25, commits[s2:c26, s0:c0, s1:c2]
2019-09-24 12:11:24,978 ERROR grpc.TestWatchRequestWithGrpc (WatchRequestTests.java:get(169)) - Failed to get all(25)
2019-09-24 12:11:24,978 ERROR grpc.TestWatchRequestWithGrpc (WatchRequestTests.java:get(169)) - Failed to get allCommitted(25)
2019-09-24 12:11:24,978 INFO  grpc.TestWatchRequestWithGrpc (WatchRequestTests.java:checkTimeout(396)) - checkTimeout 24: receive RaftClientReply:client-CFB50CAB4D08->s2@group-6E85041A3092, cid=1694, SUCCESS, logIndex=26, commits[s2:c26, s0:c0, s1:c2]
2019-09-24 12:11:24,978 ERROR grpc.TestWatchRequestWithGrpc (WatchRequestTests.java:get(169)) - Failed to get all(26)
2019-09-24 12:11:24,978 ERROR grpc.TestWatchRequestWithGrpc (WatchRequestTests.java:get(169)) - Failed to get allCommitted(26)
2019-09-24 12:11:24,978 INFO  grpc.TestWatchRequestWithGrpc (WatchRequestTests.java:checkTimeout(396)) - checkTimeout 25: receive RaftClientReply:client-CFB50CAB4D08->s2@group-6E85041A3092, cid=1695, SUCCESS, logIndex=27, commits[s2:c27, s0:c0, s1:c5]
2019-09-24 12:11:24,979 ERROR grpc.TestWatchRequestWithGrpc (WatchRequestTests.java:get(169)) - Failed to get all(27)
2019-09-24 12:11:24,979 ERROR grpc.TestWatchRequestWithGrpc (WatchRequestTests.java:get(169)) - Failed to get allCommitted(27)
2019-09-24 12:11:24,979 INFO  grpc.TestWatchRequestWithGrpc (WatchRequestTests.java:checkTimeout(396)) - checkTimeout 26: receive RaftClientReply:client-CFB50CAB4D08->s2@group-6E85041A3092, cid=1696, SUCCESS, logIndex=36, commits[s2:c39, s0:c0, s1:c26]
2019-09-24 12:11:24,979 ERROR grpc.TestWatchRequestWithGrpc (WatchRequestTests.java:get(169)) - Failed to get all(36)
2019-09-24 12:11:24,979 ERROR grpc.TestWatchRequestWithGrpc (WatchRequestTests.java:get(169)) - Failed to get allCommitted(36)
2019-09-24 12:11:24,980 INFO  grpc.TestWatchRequestWithGrpc (WatchRequestTests.java:checkTimeout(396)) - checkTimeout 27: receive RaftClientReply:client-CFB50CAB4D08->s2@group-6E85041A3092, cid=1697, SUCCESS, logIndex=37, commits[s2:c42, s0:c0, s1:c26]
2019-09-24 12:11:25,054 DEBUG impl.WatchRequests (WatchRequests.java:handleTimeout(124)) - s2@group-6E85041A3092-WatchRequests: timeout Watch-ALL(71)@39.219s?java.util.concurrent.CompletionException: org.apache.ratis.protocol.NotReplicatedException: Request with call Id 1979 and log index 71 is not yet replicated to ALL, RaftClientRequest:client-CFB50CAB4D08->s2@group-6E85041A3092, cid=1979, seq=0, Watch-ALL(71), Message:<EMPTY>
2019-09-24 12:11:25,054 INFO  client.GrpcClientProtocolService (GrpcClientProtocolService.java:lambda$processClientRequest$0(278)) - Failed RaftClientRequest:client-CFB50CAB4D08->s2@group-6E85041A3092, cid=1979, seq=0, Watch-ALL(71), Message:<EMPTY>, reply=RaftClientReply:client-CFB50CAB4D08->s2@group-6E85041A3092, cid=1979, FAILED org.apache.ratis.protocol.NotReplicatedException: Request with call Id 1979 and log index 71 is not yet replicated to ALL, logIndex=71, commits[s2:c143, s0:c0, s1:c143]
2019-09-24 12:11:25,055 DEBUG impl.WatchRequests (WatchRequests.java:handleTimeout(124)) - s2@group-6E85041A3092-WatchRequests: timeout Watch-ALL_COMMITTED(53)@39.219s?java.util.concurrent.CompletionException: org.apache.ratis.protocol.NotReplicatedException: Request with call Id 1933 and log index 53 is not yet replicated to ALL_COMMITTED, RaftClientRequest:client-CFB50CAB4D08->s2@group-6E85041A3092, cid=1933, seq=0, Watch-ALL_COMMITTED(53), Message:<EMPTY>
2019-09-24 12:11:25,055 INFO  client.GrpcClientProtocolService (GrpcClientProtocolService.java:lambda$processClientRequest$0(278)) - Failed RaftClientRequest:client-CFB50CAB4D08->s2@group-6E85041A3092, cid=1933, seq=0, Watch-ALL_COMMITTED(53), Message:<EMPTY>, reply=RaftClientReply:client-CFB50CAB4D08->s2@group-6E85041A3092, cid=1933, FAILED org.apache.ratis.protocol.NotReplicatedException: Request with call Id 1933 and log index 53 is not yet replicated to ALL_COMMITTED, logIndex=53, commits[s2:c143, s0:c0, s1:c143]
2019-09-24 12:11:25,055 DEBUG impl.WatchRequests (WatchRequests.java:handleTimeout(124)) - s2@group-6E85041A3092-WatchRequests: timeout Watch-ALL_COMMITTED(69)@39.219s?java.util.concurrent.CompletionException: org.apache.ratis.protocol.NotReplicatedException: Request with call Id 1973 and log index 69 is not yet replicated to ALL_COMMITTED, RaftClientRequest:client-CFB50CAB4D08->s2@group-6E85041A3092, cid=1973, seq=0, Watch-ALL_COMMITTED(69), Message:<EMPTY>
2019-09-24 12:11:25,055 INFO  client.GrpcClientProtocolService (GrpcClientProtocolService.java:lambda$processClientRequest$0(278)) - Failed RaftClientRequest:client-CFB50CAB4D08->s2@group-6E85041A3092, cid=1973, seq=0, Watch-ALL_COMMITTED(69), Message:<EMPTY>, reply=RaftClientReply:client-CFB50CAB4D08->s2@group-6E85041A3092, cid=1973, FAILED org.apache.ratis.protocol.NotReplicatedException: Request with call Id 1973 and log index 69 is not yet replicated to ALL_COMMITTED, logIndex=69, commits[s2:c143, s0:c0, s1:c143]
2019-09-24 12:11:25,055 DEBUG impl.WatchRequests (WatchRequests.java:handleTimeout(124)) - s2@group-6E85041A3092-WatchRequests: timeout Watch-ALL(70)@39.219s?java.util.concurrent.CompletionException: org.apache.ratis.protocol.NotReplicatedException: Request with call Id 1975 and log index 70 is not yet replicated to ALL, RaftClientRequest:client-CFB50CAB4D08->s2@group-6E85041A3092, cid=1975, seq=0, Watch-ALL(70), Message:<EMPTY>
2019-09-24 12:11:25,055 INFO  client.GrpcClientProtocolService (GrpcClientProtocolService.java:lambda$processClientRequest$0(278)) - Failed RaftClientRequest:client-CFB50CAB4D08->s2@group-6E85041A3092, cid=1975, seq=0, Watch-ALL(70), Message:<EMPTY>, reply=RaftClientReply:client-CFB50CAB4D08->s2@group-6E85041A3092, cid=1975, FAILED org.apache.ratis.protocol.NotReplicatedException: Request with call Id 1975 and log index 70 is not yet replicated to ALL, logIndex=70, commits[s2:c143, s0:c0, s1:c143]
2019-09-24 12:11:25,056 DEBUG impl.WatchRequests (WatchRequests.java:handleTimeout(124)) - s2@group-6E85041A3092-WatchRequests: timeout Watch-ALL(53)@39.219s?java.util.concurrent.CompletionException: org.apache.ratis.protocol.NotReplicatedException: Request with call Id 1931 and log index 53 is not yet replicated to ALL, RaftClientRequest:client-CFB50CAB4D08->s2@group-6E85041A3092, cid=1931, seq=0, Watch-ALL(53), Message:<EMPTY>
2019-09-24 12:11:25,056 INFO  client.GrpcClientProtocolService (GrpcClientProtocolService.java:lambda$processClientRequest$0(278)) - Failed RaftClientRequest:client-CFB50CAB4D08->s2@group-6E85041A3092, cid=1931, seq=0, Watch-ALL(53), Message:<EMPTY>, reply=RaftClientReply:client-CFB50CAB4D08->s2@group-6E85041A3092, cid=1931, FAILED org.apache.ratis.protocol.NotReplicatedException: Request with call Id 1931 and log index 53 is not yet replicated to ALL, logIndex=53, commits[s2:c143, s0:c0, s1:c143]
2019-09-24 12:11:25,056 DEBUG impl.UnorderedAsync (UnorderedAsync.java:lambda$sendRequestWithRetry$4(77)) - client-CFB50CAB4D08: attempt #1 receive~ RaftClientReply:client-CFB50CAB4D08->s2@group-6E85041A3092, cid=1979, FAILED org.apache.ratis.protocol.NotReplicatedException: Request with call Id 1979 and log index 71 is not yet replicated to ALL, logIndex=71, commits[s2:c143, s0:c0, s1:c143]
2019-09-24 12:11:25,056 INFO  client.GrpcClientProtocolService (GrpcClientProtocolService.java:lambda$processClientRequest$0(278)) - Failed RaftClientRequest:client-CFB50CAB4D08->s2@group-6E85041A3092, cid=1929, seq=0, Watch-ALL_COMMITTED(52), Message:<EMPTY>, reply=RaftClientReply:client-CFB50CAB4D08->s2@group-6E85041A3092, cid=1929, FAILED org.apache.ratis.protocol.NotReplicatedException: Request with call Id 1929 and log index 52 is not yet replicated to ALL_COMMITTED, logIndex=52, commits[s2:c143, s0:c0, s1:c143]
2019-09-24 12:11:25,056 DEBUG impl.WatchRequests (WatchRequests.java:handleTimeout(124)) - s2@group-6E85041A3092-WatchRequests: timeout Watch-ALL_COMMITTED(52)@39.219s?java.util.concurrent.CompletionException: org.apache.ratis.protocol.NotReplicatedException: Request with call Id 1929 and log index 52 is not yet replicated to ALL_COMMITTED, RaftClientRequest:client-CFB50CAB4D08->s2@group-6E85041A3092, cid=1929, seq=0, Watch-ALL_COMMITTED(52), Message:<EMPTY>
2019-09-24 12:11:25,056 DEBUG impl.UnorderedAsync (UnorderedAsync.java:lambda$sendRequestWithRetry$4(77)) - client-CFB50CAB4D08: attempt #1 receive~ RaftClientReply:client-CFB50CAB4D08->s2@group-6E85041A3092, cid=1933, FAILED org.apache.ratis.protocol.NotReplicatedException: Request with call Id 1933 and log index 53 is not yet replicated to ALL_COMMITTED, logIndex=53, commits[s2:c143, s0:c0, s1:c143]
2019-09-24 12:11:25,057 DEBUG impl.WatchRequests (WatchRequests.java:handleTimeout(124)) - s2@group-6E85041A3092-WatchRequests: timeout Watch-ALL(69)@39.219s?java.util.concurrent.CompletionException: org.apache.ratis.protocol.NotReplicatedException: Request with call Id 1971 and log index 69 is not yet replicated to ALL, RaftClientRequest:client-CFB50CAB4D08->s2@group-6E85041A3092, cid=1971, seq=0, Watch-ALL(69), Message:<EMPTY>
2019-09-24 12:11:25,057 DEBUG impl.UnorderedAsync (UnorderedAsync.java:lambda$sendRequestWithRetry$4(77)) - client-CFB50CAB4D08: attempt #1 receive~ RaftClientReply:client-CFB50CAB4D08->s2@group-6E85041A3092, cid=1973, FAILED org.apache.ratis.protocol.NotReplicatedException: Request with call Id 1973 and log index 69 is not yet replicated to ALL_COMMITTED, logIndex=69, commits[s2:c143, s0:c0, s1:c143]
2019-09-24 12:11:25,057 INFO  client.GrpcClientProtocolService (GrpcClientProtocolService.java:lambda$processClientRequest$0(278)) - Failed RaftClientRequest:client-CFB50CAB4D08->s2@group-6E85041A3092, cid=1971, seq=0, Watch-ALL(69), Message:<EMPTY>, reply=RaftClientReply:client-CFB50CAB4D08->s2@group-6E85041A3092, cid=1971, FAILED org.apache.ratis.protocol.NotReplicatedException: Request with call Id 1971 and log index 69 is not yet replicated to ALL, logIndex=69, commits[s2:c143, s0:c0, s1:c143]
2019-09-24 12:11:25,057 DEBUG impl.UnorderedAsync (UnorderedAsync.java:lambda$sendRequestWithRetry$4(77)) - client-CFB50CAB4D08: attempt #1 receive~ RaftClientReply:client-CFB50CAB4D08->s2@group-6E85041A3092, cid=1975, FAILED org.apache.ratis.protocol.NotReplicatedException: Request with call Id 1975 and log index 70 is not yet replicated to ALL, logIndex=70, commits[s2:c143, s0:c0, s1:c143]
2019-09-24 12:11:25,057 DEBUG impl.WatchRequests (WatchRequests.java:handleTimeout(124)) - s2@group-6E85041A3092-WatchRequests: timeout Watch-ALL(62)@39.219s?java.util.concurrent.CompletionException: org.apache.ratis.protocol.NotReplicatedException: Request with call Id 1951 and log index 62 is not yet replicated to ALL, RaftClientRequest:client-CFB50CAB4D08->s2@group-6E85041A3092, cid=1951, seq=0, Watch-ALL(62), Message:<EMPTY>
2019-09-24 12:11:25,057 DEBUG impl.UnorderedAsync (UnorderedAsync.java:lambda$sendRequestWithRetry$4(77)) - client-CFB50CAB4D08: attempt #1 receive~ RaftClientReply:client-CFB50CAB4D08->s2@group-6E85041A3092, cid=1931, FAILED org.apache.ratis.protocol.NotReplicatedException: Request with call Id 1931 and log index 53 is not yet replicated to ALL, logIndex=53, commits[s2:c143, s0:c0, s1:c143]
2019-09-24 12:11:25,057 INFO  client.GrpcClientProtocolService (GrpcClientProtocolService.java:lambda$processClientRequest$0(278)) - Failed RaftClientRequest:client-CFB50CAB4D08->s2@group-6E85041A3092, cid=1951, seq=0, Watch-ALL(62), Message:<EMPTY>, reply=RaftClientReply:client-CFB50CAB4D08->s2@group-6E85041A3092, cid=1951, FAILED org.apache.ratis.protocol.NotReplicatedException: Request with call Id 1951 and log index 62 is not yet replicated to ALL, logIndex=62, commits[s2:c143, s0:c0, s1:c143]
2019-09-24 12:11:25,058 DEBUG impl.WatchRequests (WatchRequests.java:handleTimeout(124)) - s2@group-6E85041A3092-WatchRequests: timeout Watch-ALL(63)@39.219s?java.util.concurrent.CompletionException: org.apache.ratis.protocol.NotReplicatedException: Request with call Id 1955 and log index 63 is not yet replicated to ALL, RaftClientRequest:client-CFB50CAB4D08->s2@group-6E85041A3092, cid=1955, seq=0, Watch-ALL(63), Message:<EMPTY>
2019-09-24 12:11:25,057 DEBUG impl.UnorderedAsync (UnorderedAsync.java:lambda$sendRequestWithRetry$4(77)) - client-CFB50CAB4D08: attempt #1 receive~ RaftClientReply:client-CFB50CAB4D08->s2@group-6E85041A3092, cid=1929, FAILED org.apache.ratis.protocol.NotReplicatedException: Request with call Id 1929 and log index 52 is not yet replicated to ALL_COMMITTED, logIndex=52, commits[s2:c143, s0:c0, s1:c143]
2019-09-24 12:11:25,058 DEBUG impl.UnorderedAsync (UnorderedAsync.java:lambda$sendRequestWithRetry$4(77)) - client-CFB50CAB4D08: attempt #1 receive~ RaftClientReply:client-CFB50CAB4D08->s2@group-6E85041A3092, cid=1971, FAILED org.apache.ratis.protocol.NotReplicatedException: Request with call Id 1971 and log index 69 is not yet replicated to ALL, logIndex=69, commits[s2:c143, s0:c0, s1:c143]
2019-09-24 12:11:25,058 INFO  client.GrpcClientProtocolService (GrpcClientProtocolService.java:lambda$processClientRequest$0(278)) - Failed RaftClientRequest:client-CFB50CAB4D08->s2@group-6E85041A3092, cid=1955, seq=0, Watch-ALL(63), Message:<EMPTY>, reply=RaftClientReply:client-CFB50CAB4D08->s2@group-6E85041A3092, cid=1955, FAILED org.apache.ratis.protocol.NotReplicatedException: Request with call Id 1955 and log index 63 is not yet replicated to ALL, logIndex=63, commits[s2:c143, s0:c0, s1:c143]
2019-09-24 12:11:25,058 INFO  client.GrpcClientProtocolService (GrpcClientProtocolService.java:lambda$processClientRequest$0(278)) - Failed RaftClientRequest:client-CFB50CAB4D08->s2@group-6E85041A3092, cid=1927, seq=0, Watch-ALL(52), Message:<EMPTY>, reply=RaftClientReply:client-CFB50CAB4D08->s2@group-6E85041A3092, cid=1927, FAILED org.apache.ratis.protocol.NotReplicatedException: Request with call Id 1927 and log index 52 is not yet replicated to ALL, logIndex=52, commits[s2:c143, s0:c0, s1:c143]
2019-09-24 12:11:25,058 DEBUG impl.WatchRequests (WatchRequests.java:handleTimeout(124)) - s2@group-6E85041A3092-WatchRequests: timeout Watch-ALL(52)@39.219s?java.util.concurrent.CompletionException: org.apache.ratis.protocol.NotReplicatedException: Request with call Id 1927 and log index 52 is not yet replicated to ALL, RaftClientRequest:client-CFB50CAB4D08->s2@group-6E85041A3092, cid=1927, seq=0, Watch-ALL(52), Message:<EMPTY>
2019-09-24 12:11:25,059 DEBUG impl.UnorderedAsync (UnorderedAsync.java:lambda$sendRequestWithRetry$4(77)) - client-CFB50CAB4D08: attempt #1 receive~ RaftClientReply:client-CFB50CAB4D08->s2@group-6E85041A3092, cid=1951, FAILED org.apache.ratis.protocol.NotReplicatedException: Request with call Id 1951 and log index 62 is not yet replicated to ALL, logIndex=62, commits[s2:c143, s0:c0, s1:c143]
2019-09-24 12:11:25,059 INFO  client.GrpcClientProtocolService (GrpcClientProtocolService.java:lambda$processClientRequest$0(278)) - Failed RaftClientRequest:client-CFB50CAB4D08->s2@group-6E85041A3092, cid=1939, seq=0, Watch-ALL(55), Message:<EMPTY>, reply=RaftClientReply:client-CFB50CAB4D08->s2@group-6E85041A3092, cid=1939, FAILED org.apache.ratis.protocol.NotReplicatedException: Request with call Id 1939 and log index 55 is not yet replicated to ALL, logIndex=55, commits[s2:c143, s0:c0, s1:c143]
2019-09-24 12:11:25,059 DEBUG impl.WatchRequests (WatchRequests.java:handleTimeout(124)) - s2@group-6E85041A3092-WatchRequests: timeout Watch-ALL(55)@39.219s?java.util.concurrent.CompletionException: org.apache.ratis.protocol.NotReplicatedException: Request with call Id 1939 and log index 55 is not yet replicated to ALL, RaftClientRequest:client-CFB50CAB4D08->s2@group-6E85041A3092, cid=1939, seq=0, Watch-ALL(55), Message:<EMPTY>
2019-09-24 12:11:25,059 DEBUG impl.UnorderedAsync (UnorderedAsync.java:lambda$sendRequestWithRetry$4(77)) - client-CFB50CAB4D08: attempt #1 receive~ RaftClientReply:client-CFB50CAB4D08->s2@group-6E85041A3092, cid=1955, FAILED org.apache.ratis.protocol.NotReplicatedException: Request with call Id 1955 and log index 63 is not yet replicated to ALL, logIndex=63, commits[s2:c143, s0:c0, s1:c143]
2019-09-24 12:11:25,059 DEBUG impl.WatchRequests (WatchRequests.java:handleTimeout(124)) - s2@group-6E85041A3092-WatchRequests: timeout Watch-ALL_COMMITTED(70)@39.219s?java.util.concurrent.CompletionException: org.apache.ratis.protocol.NotReplicatedException: Request with call Id 1977 and log index 70 is not yet replicated to ALL_COMMITTED, RaftClientRequest:client-CFB50CAB4D08->s2@group-6E85041A3092, cid=1977, seq=0, Watch-ALL_COMMITTED(70), Message:<EMPTY>
2019-09-24 12:11:25,059 INFO  client.GrpcClientProtocolService (GrpcClientProtocolService.java:lambda$processClientRequest$0(278)) - Failed RaftClientRequest:client-CFB50CAB4D08->s2@group-6E85041A3092, cid=1977, seq=0, Watch-ALL_COMMITTED(70), Message:<EMPTY>, reply=RaftClientReply:client-CFB50CAB4D08->s2@group-6E85041A3092, cid=1977, FAILED org.apache.ratis.protocol.NotReplicatedException: Request with call Id 1977 and log index 70 is not yet replicated to ALL_COMMITTED, logIndex=70, commits[s2:c143, s0:c0, s1:c143]
2019-09-24 12:11:25,060 DEBUG impl.UnorderedAsync (UnorderedAsync.java:lambda$sendRequestWithRetry$4(77)) - client-CFB50CAB4D08: attempt #1 receive~ RaftClientReply:client-CFB50CAB4D08->s2@group-6E85041A3092, cid=1927, FAILED org.apache.ratis.protocol.NotReplicatedException: Request with call Id 1927 and log index 52 is not yet replicated to ALL, logIndex=52, commits[s2:c143, s0:c0, s1:c143]
2019-09-24 12:11:25,060 DEBUG impl.WatchRequests (WatchRequests.java:handleTimeout(124)) - s2@group-6E85041A3092-WatchRequests: timeout Watch-ALL_COMMITTED(62)@39.219s?java.util.concurrent.CompletionException: org.apache.ratis.protocol.NotReplicatedException: Request with call Id 1953 and log index 62 is not yet replicated to ALL_COMMITTED, RaftClientRequest:client-CFB50CAB4D08->s2@group-6E85041A3092, cid=1953, seq=0, Watch-ALL_COMMITTED(62), Message:<EMPTY>
2019-09-24 12:11:25,060 INFO  client.GrpcClientProtocolService (GrpcClientProtocolService.java:lambda$processClientRequest$0(278)) - Failed RaftClientRequest:client-CFB50CAB4D08->s2@group-6E85041A3092, cid=1953, seq=0, Watch-ALL_COMMITTED(62), Message:<EMPTY>, reply=RaftClientReply:client-CFB50CAB4D08->s2@group-6E85041A3092, cid=1953, FAILED org.apache.ratis.protocol.NotReplicatedException: Request with call Id 1953 and log index 62 is not yet replicated to ALL_COMMITTED, logIndex=62, commits[s2:c143, s0:c0, s1:c143]
2019-09-24 12:11:25,060 DEBUG impl.UnorderedAsync (UnorderedAsync.java:lambda$sendRequestWithRetry$4(77)) - client-CFB50CAB4D08: attempt #1 receive~ RaftClientReply:client-CFB50CAB4D08->s2@group-6E85041A3092, cid=1939, FAILED org.apache.ratis.protocol.NotReplicatedException: Request with call Id 1939 and log index 55 is not yet replicated to ALL, logIndex=55, commits[s2:c143, s0:c0, s1:c143]
2019-09-24 12:11:25,060 DEBUG impl.WatchRequests (WatchRequests.java:handleTimeout(124)) - s2@group-6E85041A3092-WatchRequests: timeout Watch-ALL_COMMITTED(61)@39.219s?java.util.concurrent.CompletionException: org.apache.ratis.protocol.NotReplicatedException: Request with call Id 1949 and log index 61 is not yet replicated to ALL_COMMITTED, RaftClientRequest:client-CFB50CAB4D08->s2@group-6E85041A3092, cid=1949, seq=0, Watch-ALL_COMMITTED(61), Message:<EMPTY>
2019-09-24 12:11:25,060 INFO  client.GrpcClientProtocolService (GrpcClientProtocolService.java:lambda$processClientRequest$0(278)) - Failed RaftClientRequest:client-CFB50CAB4D08->s2@group-6E85041A3092, cid=1949, seq=0, Watch-ALL_COMMITTED(61), Message:<EMPTY>, reply=RaftClientReply:client-CFB50CAB4D08->s2@group-6E85041A3092, cid=1949, FAILED org.apache.ratis.protocol.NotReplicatedException: Request with call Id 1949 and log index 61 is not yet replicated to ALL_COMMITTED, logIndex=61, commits[s2:c143, s0:c0, s1:c143]
2019-09-24 12:11:25,060 DEBUG impl.UnorderedAsync (UnorderedAsync.java:lambda$sendRequestWithRetry$4(77)) - client-CFB50CAB4D08: attempt #1 receive~ RaftClientReply:client-CFB50CAB4D08->s2@group-6E85041A3092, cid=1977, FAILED org.apache.ratis.protocol.NotReplicatedException: Request with call Id 1977 and log index 70 is not yet replicated to ALL_COMMITTED, logIndex=70, commits[s2:c143, s0:c0, s1:c143]
2019-09-24 12:11:25,061 INFO  client.GrpcClientProtocolService (GrpcClientProtocolService.java:lambda$processClientRequest$0(278)) - Failed RaftClientRequest:client-CFB50CAB4D08->s2@group-6E85041A3092, cid=1925, seq=0, Watch-ALL_COMMITTED(51), Message:<EMPTY>, reply=RaftClientReply:client-CFB50CAB4D08->s2@group-6E85041A3092, cid=1925, FAILED org.apache.ratis.protocol.NotReplicatedException: Request with call Id 1925 and log index 51 is not yet replicated to ALL_COMMITTED, logIndex=51, commits[s2:c143, s0:c0, s1:c143]
2019-09-24 12:11:25,060 DEBUG impl.WatchRequests (WatchRequests.java:handleTimeout(124)) - s2@group-6E85041A3092-WatchRequests: timeout Watch-ALL_COMMITTED(51)@39.219s?java.util.concurrent.CompletionException: org.apache.ratis.protocol.NotReplicatedException: Request with call Id 1925 and log index 51 is not yet replicated to ALL_COMMITTED, RaftClientRequest:client-CFB50CAB4D08->s2@group-6E85041A3092, cid=1925, seq=0, Watch-ALL_COMMITTED(51), Message:<EMPTY>
2019-09-24 12:11:25,061 DEBUG impl.WatchRequests (WatchRequests.java:handleTimeout(124)) - s2@group-6E85041A3092-WatchRequests: timeout Watch-ALL_COMMITTED(65)@39.219s?java.util.concurrent.CompletionException: org.apache.ratis.protocol.NotReplicatedException: Request with call Id 1965 and log index 65 is not yet replicated to ALL_COMMITTED, RaftClientRequest:client-CFB50CAB4D08->s2@group-6E85041A3092, cid=1965, seq=0, Watch-ALL_COMMITTED(65), Message:<EMPTY>
2019-09-24 12:11:25,061 DEBUG impl.UnorderedAsync (UnorderedAsync.java:lambda$sendRequestWithRetry$4(77)) - client-CFB50CAB4D08: attempt #1 receive~ RaftClientReply:client-CFB50CAB4D08->s2@group-6E85041A3092, cid=1953, FAILED org.apache.ratis.protocol.NotReplicatedException: Request with call Id 1953 and log index 62 is not yet replicated to ALL_COMMITTED, logIndex=62, commits[s2:c143, s0:c0, s1:c143]
2019-09-24 12:11:25,061 DEBUG impl.WatchRequests (WatchRequests.java:handleTimeout(124)) - s2@group-6E85041A3092-WatchRequests: timeout Watch-ALL_COMMITTED(41)@39.219s?java.util.concurrent.CompletionException: org.apache.ratis.protocol.NotReplicatedException: Request with call Id 1893 and log index 41 is not yet replicated to ALL_COMMITTED, RaftClientRequest:client-CFB50CAB4D08->s2@group-6E85041A3092, cid=1893, seq=0, Watch-ALL_COMMITTED(41), Message:<EMPTY>
2019-09-24 12:11:25,061 INFO  client.GrpcClientProtocolService (GrpcClientProtocolService.java:lambda$processClientRequest$0(278)) - Failed RaftClientRequest:client-CFB50CAB4D08->s2@group-6E85041A3092, cid=1965, seq=0, Watch-ALL_COMMITTED(65), Message:<EMPTY>, reply=RaftClientReply:client-CFB50CAB4D08->s2@group-6E85041A3092, cid=1965, FAILED org.apache.ratis.protocol.NotReplicatedException: Request with call Id 1965 and log index 65 is not yet replicated to ALL_COMMITTED, logIndex=65, commits[s2:c143, s0:c0, s1:c143]
2019-09-24 12:11:25,062 DEBUG impl.UnorderedAsync (UnorderedAsync.java:lambda$sendRequestWithRetry$4(77)) - client-CFB50CAB4D08: attempt #1 receive~ RaftClientReply:client-CFB50CAB4D08->s2@group-6E85041A3092, cid=1949, FAILED org.apache.ratis.protocol.NotReplicatedException: Request with call Id 1949 and log index 61 is not yet replicated to ALL_COMMITTED, logIndex=61, commits[s2:c143, s0:c0, s1:c143]
2019-09-24 12:11:25,061 INFO  client.GrpcClientProtocolService (GrpcClientProtocolService.java:lambda$processClientRequest$0(278)) - Failed RaftClientRequest:client-CFB50CAB4D08->s2@group-6E85041A3092, cid=1893, seq=0, Watch-ALL_COMMITTED(41), Message:<EMPTY>, reply=RaftClientReply:client-CFB50CAB4D08->s2@group-6E85041A3092, cid=1893, FAILED org.apache.ratis.protocol.NotReplicatedException: Request with call Id 1893 and log index 41 is not yet replicated to ALL_COMMITTED, logIndex=41, commits[s2:c143, s0:c0, s1:c143]
2019-09-24 12:11:25,062 INFO  client.GrpcClientProtocolService (GrpcClientProtocolService.java:lambda$processClientRequest$0(278)) - Failed RaftClientRequest:client-CFB50CAB4D08->s2@group-6E85041A3092, cid=1995, seq=0, Watch-ALL(75), Message:<EMPTY>, reply=RaftClientReply:client-CFB50CAB4D08->s2@group-6E85041A3092, cid=1995, FAILED org.apache.ratis.protocol.NotReplicatedException: Request with call Id 1995 and log index 75 is not yet replicated to ALL, logIndex=75, commits[s2:c143, s0:c0, s1:c143]
2019-09-24 12:11:25,062 DEBUG impl.WatchRequests (WatchRequests.java:handleTimeout(124)) - s2@group-6E85041A3092-WatchRequests: timeout Watch-ALL(75)@39.219s?java.util.concurrent.CompletionException: org.apache.ratis.protocol.NotReplicatedException: Request with call Id 1995 and log index 75 is not yet replicated to ALL, RaftClientRequest:client-CFB50CAB4D08->s2@group-6E85041A3092, cid=1995, seq=0, Watch-ALL(75), Message:<EMPTY>
2019-09-24 12:11:25,063 DEBUG impl.UnorderedAsync (UnorderedAsync.java:lambda$sendRequestWithRetry$4(77)) - client-CFB50CAB4D08: attempt #1 receive~ RaftClientReply:client-CFB50CAB4D08->s2@group-6E85041A3092, cid=1925, FAILED org.apache.ratis.protocol.NotReplicatedException: Request with call Id 1925 and log index 51 is not yet replicated to ALL_COMMITTED, logIndex=51, commits[s2:c143, s0:c0, s1:c143]
2019-09-24 12:11:25,063 INFO  client.GrpcClientProtocolService (GrpcClientProtocolService.java:lambda$processClientRequest$0(278)) - Failed RaftClientRequest:client-CFB50CAB4D08->s2@group-6E85041A3092, cid=1937, seq=0, Watch-ALL_COMMITTED(54), Message:<EMPTY>, reply=RaftClientReply:client-CFB50CAB4D08->s2@group-6E85041A3092, cid=1937, FAILED org.apache.ratis.protocol.NotReplicatedException: Request with call Id 1937 and log index 54 is not yet replicated to ALL_COMMITTED, logIndex=54, commits[s2:c143, s0:c0, s1:c143]
2019-09-24 12:11:25,063 DEBUG impl.WatchRequests (WatchRequests.java:handleTimeout(124)) - s2@group-6E85041A3092-WatchRequests: timeout Watch-ALL_COMMITTED(54)@39.219s?java.util.concurrent.CompletionException: org.apache.ratis.protocol.NotReplicatedException: Request with call Id 1937 and log index 54 is not yet replicated to ALL_COMMITTED, RaftClientRequest:client-CFB50CAB4D08->s2@group-6E85041A3092, cid=1937, seq=0, Watch-ALL_COMMITTED(54), Message:<EMPTY>
2019-09-24 12:11:25,063 DEBUG impl.UnorderedAsync (UnorderedAsync.java:lambda$sendRequestWithRetry$4(77)) - client-CFB50CAB4D08: attempt #1 receive~ RaftClientReply:client-CFB50CAB4D08->s2@group-6E85041A3092, cid=1893, FAILED org.apache.ratis.protocol.NotReplicatedException: Request with call Id 1893 and log index 41 is not yet replicated to ALL_COMMITTED, logIndex=41, commits[s2:c143, s0:c0, s1:c143]
2019-09-24 12:11:25,063 DEBUG impl.UnorderedAsync (UnorderedAsync.java:lambda$sendRequestWithRetry$4(77)) - client-CFB50CAB4D08: attempt #1 receive~ RaftClientReply:client-CFB50CAB4D08->s2@group-6E85041A3092, cid=1965, FAILED org.apache.ratis.protocol.NotReplicatedException: Request with call Id 1965 and log index 65 is not yet replicated to ALL_COMMITTED, logIndex=65, commits[s2:c143, s0:c0, s1:c143]
2019-09-24 12:11:25,063 INFO  client.GrpcClientProtocolService (GrpcClientProtocolService.java:lambda$processClientRequest$0(278)) - Failed RaftClientRequest:client-CFB50CAB4D08->s2@group-6E85041A3092, cid=1961, seq=0, Watch-ALL_COMMITTED(64), Message:<EMPTY>, reply=RaftClientReply:client-CFB50CAB4D08->s2@group-6E85041A3092, cid=1961, FAILED org.apache.ratis.protocol.NotReplicatedException: Request with call Id 1961 and log index 64 is not yet replicated to ALL_COMMITTED, logIndex=64, commits[s2:c143, s0:c0, s1:c143]
2019-09-24 12:11:25,063 DEBUG impl.WatchRequests (WatchRequests.java:handleTimeout(124)) - s2@group-6E85041A3092-WatchRequests: timeout Watch-ALL_COMMITTED(64)@39.219s?java.util.concurrent.CompletionException: org.apache.ratis.protocol.NotReplicatedException: Request with call Id 1961 and log index 64 is not yet replicated to ALL_COMMITTED, RaftClientRequest:client-CFB50CAB4D08->s2@group-6E85041A3092, cid=1961, seq=0, Watch-ALL_COMMITTED(64), Message:<EMPTY>
2019-09-24 12:11:25,064 DEBUG impl.UnorderedAsync (UnorderedAsync.java:lambda$sendRequestWithRetry$4(77)) - client-CFB50CAB4D08: attempt #1 receive~ RaftClientReply:client-CFB50CAB4D08->s2@group-6E85041A3092, cid=1995, FAILED org.apache.ratis.protocol.NotReplicatedException: Request with call Id 1995 and log index 75 is not yet replicated to ALL, logIndex=75, commits[s2:c143, s0:c0, s1:c143]
2019-09-24 12:11:25,064 DEBUG impl.UnorderedAsync (UnorderedAsync.java:lambda$sendRequestWithRetry$4(77)) - client-CFB50CAB4D08: attempt #1 receive~ RaftClientReply:client-CFB50CAB4D08->s2@group-6E85041A3092, cid=1937, FAILED org.apache.ratis.protocol.NotReplicatedException: Request with call Id 1937 and log index 54 is not yet replicated to ALL_COMMITTED, logIndex=54, commits[s2:c143, s0:c0, s1:c143]
2019-09-24 12:11:25,064 INFO  client.GrpcClientProtocolService (GrpcClientProtocolService.java:lambda$processClientRequest$0(278)) - Failed RaftClientRequest:client-CFB50CAB4D08->s2@group-6E85041A3092, cid=1963, seq=0, Watch-ALL(65), Message:<EMPTY>, reply=RaftClientReply:client-CFB50CAB4D08->s2@group-6E85041A3092, cid=1963, FAILED org.apache.ratis.protocol.NotReplicatedException: Request with call Id 1963 and log index 65 is not yet replicated to ALL, logIndex=65, commits[s2:c143, s0:c0, s1:c143]
2019-09-24 12:11:25,064 DEBUG impl.WatchRequests (WatchRequests.java:handleTimeout(124)) - s2@group-6E85041A3092-WatchRequests: timeout Watch-ALL(65)@39.219s?java.util.concurrent.CompletionException: org.apache.ratis.protocol.NotReplicatedException: Request with call Id 1963 and log index 65 is not yet replicated to ALL, RaftClientRequest:client-CFB50CAB4D08->s2@group-6E85041A3092, cid=1963, seq=0, Watch-ALL(65), Message:<EMPTY>
2019-09-24 12:11:25,064 DEBUG impl.UnorderedAsync (UnorderedAsync.java:lambda$sendRequestWithRetry$4(77)) - client-CFB50CAB4D08: attempt #1 receive~ RaftClientReply:client-CFB50CAB4D08->s2@group-6E85041A3092, cid=1961, FAILED org.apache.ratis.protocol.NotReplicatedException: Request with call Id 1961 and log index 64 is not yet replicated to ALL_COMMITTED, logIndex=64, commits[s2:c143, s0:c0, s1:c143]
2019-09-24 12:11:25,065 DEBUG impl.WatchRequests (WatchRequests.java:handleTimeout(124)) - s2@group-6E85041A3092-WatchRequests: timeout Watch-ALL(74)@39.219s?java.util.concurrent.CompletionException: org.apache.ratis.protocol.NotReplicatedException: Request with call Id 1991 and log index 74 is not yet replicated to ALL, RaftClientRequest:client-CFB50CAB4D08->s2@group-6E85041A3092, cid=1991, seq=0, Watch-ALL(74), Message:<EMPTY>
2019-09-24 12:11:25,065 INFO  client.GrpcClientProtocolService (GrpcClientProtocolService.java:lambda$processClientRequest$0(278)) - Failed RaftClientRequest:client-CFB50CAB4D08->s2@group-6E85041A3092, cid=1991, seq=0, Watch-ALL(74), Message:<EMPTY>, reply=RaftClientReply:client-CFB50CAB4D08->s2@group-6E85041A3092, cid=1991, FAILED org.apache.ratis.protocol.NotReplicatedException: Request with call Id 1991 and log index 74 is not yet replicated to ALL, logIndex=74, commits[s2:c143, s0:c0, s1:c143]
2019-09-24 12:11:25,065 DEBUG impl.WatchRequests (WatchRequests.java:handleTimeout(124)) - s2@group-6E85041A3092-WatchRequests: timeout Watch-ALL(61)@39.219s?java.util.concurrent.CompletionException: org.apache.ratis.protocol.NotReplicatedException: Request with call Id 1947 and log index 61 is not yet replicated to ALL, RaftClientRequest:client-CFB50CAB4D08->s2@group-6E85041A3092, cid=1947, seq=0, Watch-ALL(61), Message:<EMPTY>
2019-09-24 12:11:25,065 INFO  client.GrpcClientProtocolService (GrpcClientProtocolService.java:lambda$processClientRequest$0(278)) - Failed RaftClientRequest:client-CFB50CAB4D08->s2@group-6E85041A3092, cid=1947, seq=0, Watch-ALL(61), Message:<EMPTY>, reply=RaftClientReply:client-CFB50CAB4D08->s2@group-6E85041A3092, cid=1947, FAILED org.apache.ratis.protocol.NotReplicatedException: Request with call Id 1947 and log index 61 is not yet replicated to ALL, logIndex=61, commits[s2:c143, s0:c0, s1:c143]
2019-09-24 12:11:25,065 DEBUG impl.UnorderedAsync (UnorderedAsync.java:lambda$sendRequestWithRetry$4(77)) - client-CFB50CAB4D08: attempt #1 receive~ RaftClientReply:client-CFB50CAB4D08->s2@group-6E85041A3092, cid=1963, FAILED org.apache.ratis.protocol.NotReplicatedException: Request with call Id 1963 and log index 65 is not yet replicated to ALL, logIndex=65, commits[s2:c143, s0:c0, s1:c143]
2019-09-24 12:11:25,065 INFO  client.GrpcClientProtocolService (GrpcClientProtocolService.java:lambda$processClientRequest$0(278)) - Failed RaftClientRequest:client-CFB50CAB4D08->s2@group-6E85041A3092, cid=1891, seq=0, Watch-ALL(41), Message:<EMPTY>, reply=RaftClientReply:client-CFB50CAB4D08->s2@group-6E85041A3092, cid=1891, FAILED org.apache.ratis.protocol.NotReplicatedException: Request with call Id 1891 and log index 41 is not yet replicated to ALL, logIndex=41, commits[s2:c143, s0:c0, s1:c143]
2019-09-24 12:11:25,065 DEBUG impl.WatchRequests (WatchRequests.java:handleTimeout(124)) - s2@group-6E85041A3092-WatchRequests: timeout Watch-ALL(41)@39.219s?java.util.concurrent.CompletionException: org.apache.ratis.protocol.NotReplicatedException: Request with call Id 1891 and log index 41 is not yet replicated to ALL, RaftClientRequest:client-CFB50CAB4D08->s2@group-6E85041A3092, cid=1891, seq=0, Watch-ALL(41), Message:<EMPTY>
2019-09-24 12:11:25,066 DEBUG impl.UnorderedAsync (UnorderedAsync.java:lambda$sendRequestWithRetry$4(77)) - client-CFB50CAB4D08: attempt #1 receive~ RaftClientReply:client-CFB50CAB4D08->s2@group-6E85041A3092, cid=1991, FAILED org.apache.ratis.protocol.NotReplicatedException: Request with call Id 1991 and log index 74 is not yet replicated to ALL, logIndex=74, commits[s2:c143, s0:c0, s1:c143]
2019-09-24 12:11:25,066 DEBUG impl.WatchRequests (WatchRequests.java:handleTimeout(124)) - s2@group-6E85041A3092-WatchRequests: timeout Watch-ALL(54)@39.219s?java.util.concurrent.CompletionException: org.apache.ratis.protocol.NotReplicatedException: Request with call Id 1935 and log index 54 is not yet replicated to ALL, RaftClientRequest:client-CFB50CAB4D08->s2@group-6E85041A3092, cid=1935, seq=0, Watch-ALL(54), Message:<EMPTY>
2019-09-24 12:11:25,066 INFO  client.GrpcClientProtocolService (GrpcClientProtocolService.java:lambda$processClientRequest$0(278)) - Failed RaftClientRequest:client-CFB50CAB4D08->s2@group-6E85041A3092, cid=1935, seq=0, Watch-ALL(54), Message:<EMPTY>, reply=RaftClientReply:client-CFB50CAB4D08->s2@group-6E85041A3092, cid=1935, FAILED org.apache.ratis.protocol.NotReplicatedException: Request with call Id 1935 and log index 54 is not yet replicated to ALL, logIndex=54, commits[s2:c143, s0:c0, s1:c143]
2019-09-24 12:11:25,066 DEBUG impl.UnorderedAsync (UnorderedAsync.java:lambda$sendRequestWithRetry$4(77)) - client-CFB50CAB4D08: attempt #1 receive~ RaftClientReply:client-CFB50CAB4D08->s2@group-6E85041A3092, cid=1947, FAILED org.apache.ratis.protocol.NotReplicatedException: Request with call Id 1947 and log index 61 is not yet replicated to ALL, logIndex=61, commits[s2:c143, s0:c0, s1:c143]
2019-09-24 12:11:25,066 INFO  client.GrpcClientProtocolService (GrpcClientProtocolService.java:lambda$processClientRequest$0(278)) - Failed RaftClientRequest:client-CFB50CAB4D08->s2@group-6E85041A3092, cid=1989, seq=0, Watch-ALL_COMMITTED(73), Message:<EMPTY>, reply=RaftClientReply:client-CFB50CAB4D08->s2@group-6E85041A3092, cid=1989, FAILED org.apache.ratis.protocol.NotReplicatedException: Request with call Id 1989 and log index 73 is not yet replicated to ALL_COMMITTED, logIndex=73, commits[s2:c143, s0:c0, s1:c143]
2019-09-24 12:11:25,066 DEBUG impl.WatchRequests (WatchRequests.java:handleTimeout(124)) - s2@group-6E85041A3092-WatchRequests: timeout Watch-ALL_COMMITTED(73)@39.219s?java.util.concurrent.CompletionException: org.apache.ratis.protocol.NotReplicatedException: Request with call Id 1989 and log index 73 is not yet replicated to ALL_COMMITTED, RaftClientRequest:client-CFB50CAB4D08->s2@group-6E85041A3092, cid=1989, seq=0, Watch-ALL_COMMITTED(73), Message:<EMPTY>
2019-09-24 12:11:25,066 DEBUG impl.UnorderedAsync (UnorderedAsync.java:lambda$sendRequestWithRetry$4(77)) - client-CFB50CAB4D08: attempt #1 receive~ RaftClientReply:client-CFB50CAB4D08->s2@group-6E85041A3092, cid=1891, FAILED org.apache.ratis.protocol.NotReplicatedException: Request with call Id 1891 and log index 41 is not yet replicated to ALL, logIndex=41, commits[s2:c143, s0:c0, s1:c143]
2019-09-24 12:11:25,067 DEBUG impl.UnorderedAsync (UnorderedAsync.java:lambda$sendRequestWithRetry$4(77)) - client-CFB50CAB4D08: attempt #1 receive~ RaftClientReply:client-CFB50CAB4D08->s2@group-6E85041A3092, cid=1935, FAILED org.apache.ratis.protocol.NotReplicatedException: Request with call Id 1935 and log index 54 is not yet replicated to ALL, logIndex=54, commits[s2:c143, s0:c0, s1:c143]
2019-09-24 12:11:25,067 INFO  client.GrpcClientProtocolService (GrpcClientProtocolService.java:lambda$processClientRequest$0(278)) - Failed RaftClientRequest:client-CFB50CAB4D08->s2@group-6E85041A3092, cid=1895, seq=0, Watch-ALL(42), Message:<EMPTY>, reply=RaftClientReply:client-CFB50CAB4D08->s2@group-6E85041A3092, cid=1895, FAILED org.apache.ratis.protocol.NotReplicatedException: Request with call Id 1895 and log index 42 is not yet replicated to ALL, logIndex=42, commits[s2:c143, s0:c0, s1:c143]
2019-09-24 12:11:25,067 DEBUG impl.WatchRequests (WatchRequests.java:handleTimeout(124)) - s2@group-6E85041A3092-WatchRequests: timeout Watch-ALL(42)@39.219s?java.util.concurrent.CompletionException: org.apache.ratis.protocol.NotReplicatedException: Request with call Id 1895 and log index 42 is not yet replicated to ALL, RaftClientRequest:client-CFB50CAB4D08->s2@group-6E85041A3092, cid=1895, seq=0, Watch-ALL(42), Message:<EMPTY>
2019-09-24 12:11:25,067 DEBUG impl.UnorderedAsync (UnorderedAsync.java:lambda$sendRequestWithRetry$4(77)) - client-CFB50CAB4D08: attempt #1 receive~ RaftClientReply:client-CFB50CAB4D08->s2@group-6E85041A3092, cid=1989, FAILED org.apache.ratis.protocol.NotReplicatedException: Request with call Id 1989 and log index 73 is not yet replicated to ALL_COMMITTED, logIndex=73, commits[s2:c143, s0:c0, s1:c143]
2019-09-24 12:11:25,067 DEBUG impl.WatchRequests (WatchRequests.java:handleTimeout(124)) - s2@group-6E85041A3092-WatchRequests: timeout Watch-ALL(64)@39.219s?java.util.concurrent.CompletionException: org.apache.ratis.protocol.NotReplicatedException: Request with call Id 1959 and log index 64 is not yet replicated to ALL, RaftClientRequest:client-CFB50CAB4D08->s2@group-6E85041A3092, cid=1959, seq=0, Watch-ALL(64), Message:<EMPTY>
2019-09-24 12:11:25,067 INFO  client.GrpcClientProtocolService (GrpcClientProtocolService.java:lambda$processClientRequest$0(278)) - Failed RaftClientRequest:client-CFB50CAB4D08->s2@group-6E85041A3092, cid=1959, seq=0, Watch-ALL(64), Message:<EMPTY>, reply=RaftClientReply:client-CFB50CAB4D08->s2@group-6E85041A3092, cid=1959, FAILED org.apache.ratis.protocol.NotReplicatedException: Request with call Id 1959 and log index 64 is not yet replicated to ALL, logIndex=64, commits[s2:c143, s0:c0, s1:c143]
2019-09-24 12:11:25,068 DEBUG impl.UnorderedAsync (UnorderedAsync.java:lambda$sendRequestWithRetry$4(77)) - client-CFB50CAB4D08: attempt #1 receive~ RaftClientReply:client-CFB50CAB4D08->s2@group-6E85041A3092, cid=1895, FAILED org.apache.ratis.protocol.NotReplicatedException: Request with call Id 1895 and log index 42 is not yet replicated to ALL, logIndex=42, commits[s2:c143, s0:c0, s1:c143]
2019-09-24 12:11:25,068 DEBUG impl.WatchRequests (WatchRequests.java:handleTimeout(124)) - s2@group-6E85041A3092-WatchRequests: timeout Watch-ALL_COMMITTED(40)@39.219s?java.util.concurrent.CompletionException: org.apache.ratis.protocol.NotReplicatedException: Request with call Id 1889 and log index 40 is not yet replicated to ALL_COMMITTED, RaftClientRequest:client-CFB50CAB4D08->s2@group-6E85041A3092, cid=1889, seq=0, Watch-ALL_COMMITTED(40), Message:<EMPTY>
2019-09-24 12:11:25,068 INFO  client.GrpcClientProtocolService (GrpcClientProtocolService.java:lambda$processClientRequest$0(278)) - Failed RaftClientRequest:client-CFB50CAB4D08->s2@group-6E85041A3092, cid=1889, seq=0, Watch-ALL_COMMITTED(40), Message:<EMPTY>, reply=RaftClientReply:client-CFB50CAB4D08->s2@group-6E85041A3092, cid=1889, FAILED org.apache.ratis.protocol.NotReplicatedException: Request with call Id 1889 and log index 40 is not yet replicated to ALL_COMMITTED, logIndex=40, commits[s2:c143, s0:c0, s1:c143]
2019-09-24 12:11:25,068 DEBUG impl.WatchRequests (WatchRequests.java:handleTimeout(124)) - s2@group-6E85041A3092-WatchRequests: timeout Watch-ALL_COMMITTED(49)@39.219s?java.util.concurrent.CompletionException: org.apache.ratis.protocol.NotReplicatedException: Request with call Id 1917 and log index 49 is not yet replicated to ALL_COMMITTED, RaftClientRequest:client-CFB50CAB4D08->s2@group-6E85041A3092, cid=1917, seq=0, Watch-ALL_COMMITTED(49), Message:<EMPTY>
2019-09-24 12:11:25,068 INFO  client.GrpcClientProtocolService (GrpcClientProtocolService.java:lambda$processClientRequest$0(278)) - Failed RaftClientRequest:client-CFB50CAB4D08->s2@group-6E85041A3092, cid=1917, seq=0, Watch-ALL_COMMITTED(49), Message:<EMPTY>, reply=RaftClientReply:client-CFB50CAB4D08->s2@group-6E85041A3092, cid=1917, FAILED org.apache.ratis.protocol.NotReplicatedException: Request with call Id 1917 and log index 49 is not yet replicated to ALL_COMMITTED, logIndex=49, commits[s2:c143, s0:c0, s1:c143]
2019-09-24 12:11:25,068 DEBUG impl.UnorderedAsync (UnorderedAsync.java:lambda$sendRequestWithRetry$4(77)) - client-CFB50CAB4D08: attempt #1 receive~ RaftClientReply:client-CFB50CAB4D08->s2@group-6E85041A3092, cid=1959, FAILED org.apache.ratis.protocol.NotReplicatedException: Request with call Id 1959 and log index 64 is not yet replicated to ALL, logIndex=64, commits[s2:c143, s0:c0, s1:c143]
2019-09-24 12:11:25,068 INFO  client.GrpcClientProtocolService (GrpcClientProtocolService.java:lambda$processClientRequest$0(278)) - Failed RaftClientRequest:client-CFB50CAB4D08->s2@group-6E85041A3092, cid=1885, seq=0, Watch-ALL_COMMITTED(38), Message:<EMPTY>, reply=RaftClientReply:client-CFB50CAB4D08->s2@group-6E85041A3092, cid=1885, FAILED org.apache.ratis.protocol.NotReplicatedException: Request with call Id 1885 and log index 38 is not yet replicated to ALL_COMMITTED, logIndex=38, commits[s2:c143, s0:c0, s1:c143]
2019-09-24 12:11:25,068 DEBUG impl.WatchRequests (WatchRequests.java:handleTimeout(124)) - s2@group-6E85041A3092-WatchRequests: timeout Watch-ALL_COMMITTED(38)@39.219s?java.util.concurrent.CompletionException: org.apache.ratis.protocol.NotReplicatedException: Request with call Id 1885 and log index 38 is not yet replicated to ALL_COMMITTED, RaftClientRequest:client-CFB50CAB4D08->s2@group-6E85041A3092, cid=1885, seq=0, Watch-ALL_COMMITTED(38), Message:<EMPTY>
2019-09-24 12:11:25,069 DEBUG impl.UnorderedAsync (UnorderedAsync.java:lambda$sendRequestWithRetry$4(77)) - client-CFB50CAB4D08: attempt #1 receive~ RaftClientReply:client-CFB50CAB4D08->s2@group-6E85041A3092, cid=1889, FAILED org.apache.ratis.protocol.NotReplicatedException: Request with call Id 1889 and log index 40 is not yet replicated to ALL_COMMITTED, logIndex=40, commits[s2:c143, s0:c0, s1:c143]
2019-09-24 12:11:25,069 DEBUG impl.WatchRequests (WatchRequests.java:handleTimeout(124)) - s2@group-6E85041A3092-WatchRequests: timeout Watch-ALL_COMMITTED(60)@39.219s?java.util.concurrent.CompletionException: org.apache.ratis.protocol.NotReplicatedException: Request with call Id 1945 and log index 60 is not yet replicated to ALL_COMMITTED, RaftClientRequest:client-CFB50CAB4D08->s2@group-6E85041A3092, cid=1945, seq=0, Watch-ALL_COMMITTED(60), Message:<EMPTY>
2019-09-24 12:11:25,069 INFO  client.GrpcClientProtocolService (GrpcClientProtocolService.java:lambda$processClientRequest$0(278)) - Failed RaftClientRequest:client-CFB50CAB4D08->s2@group-6E85041A3092, cid=1945, seq=0, Watch-ALL_COMMITTED(60), Message:<EMPTY>, reply=RaftClientReply:client-CFB50CAB4D08->s2@group-6E85041A3092, cid=1945, FAILED org.apache.ratis.protocol.NotReplicatedException: Request with call Id 1945 and log index 60 is not yet replicated to ALL_COMMITTED, logIndex=60, commits[s2:c143, s0:c0, s1:c143]
2019-09-24 12:11:25,069 DEBUG impl.UnorderedAsync (UnorderedAsync.java:lambda$sendRequestWithRetry$4(77)) - client-CFB50CAB4D08: attempt #1 receive~ RaftClientReply:client-CFB50CAB4D08->s2@group-6E85041A3092, cid=1917, FAILED org.apache.ratis.protocol.NotReplicatedException: Request with call Id 1917 and log index 49 is not yet replicated to ALL_COMMITTED, logIndex=49, commits[s2:c143, s0:c0, s1:c143]
2019-09-24 12:11:25,069 INFO  client.GrpcClientProtocolService (GrpcClientProtocolService.java:lambda$processClientRequest$0(278)) - Failed RaftClientRequest:client-CFB50CAB4D08->s2@group-6E85041A3092, cid=1901, seq=0, Watch-ALL_COMMITTED(44), Message:<EMPTY>, reply=RaftClientReply:client-CFB50CAB4D08->s2@group-6E85041A3092, cid=1901, FAILED org.apache.ratis.protocol.NotReplicatedException: Request with call Id 1901 and log index 44 is not yet replicated to ALL_COMMITTED, logIndex=44, commits[s2:c143, s0:c0, s1:c143]
2019-09-24 12:11:25,069 DEBUG impl.WatchRequests (WatchRequests.java:handleTimeout(124)) - s2@group-6E85041A3092-WatchRequests: timeout Watch-ALL_COMMITTED(44)@39.219s?java.util.concurrent.CompletionException: org.apache.ratis.protocol.NotReplicatedException: Request with call Id 1901 and log index 44 is not yet replicated to ALL_COMMITTED, RaftClientRequest:client-CFB50CAB4D08->s2@group-6E85041A3092, cid=1901, seq=0, Watch-ALL_COMMITTED(44), Message:<EMPTY>
2019-09-24 12:11:25,069 DEBUG impl.UnorderedAsync (UnorderedAsync.java:lambda$sendRequestWithRetry$4(77)) - client-CFB50CAB4D08: attempt #1 receive~ RaftClientReply:client-CFB50CAB4D08->s2@group-6E85041A3092, cid=1885, FAILED org.apache.ratis.protocol.NotReplicatedException: Request with call Id 1885 and log index 38 is not yet replicated to ALL_COMMITTED, logIndex=38, commits[s2:c143, s0:c0, s1:c143]
2019-09-24 12:11:25,069 DEBUG impl.WatchRequests (WatchRequests.java:handleTimeout(124)) - s2@group-6E85041A3092-WatchRequests: timeout Watch-ALL_COMMITTED(50)@39.219s?java.util.concurrent.CompletionException: org.apache.ratis.protocol.NotReplicatedException: Request with call Id 1921 and log index 50 is not yet replicated to ALL_COMMITTED, RaftClientRequest:client-CFB50CAB4D08->s2@group-6E85041A3092, cid=1921, seq=0, Watch-ALL_COMMITTED(50), Message:<EMPTY>
2019-09-24 12:11:25,070 INFO  client.GrpcClientProtocolService (GrpcClientProtocolService.java:lambda$processClientRequest$0(278)) - Failed RaftClientRequest:client-CFB50CAB4D08->s2@group-6E85041A3092, cid=1921, seq=0, Watch-ALL_COMMITTED(50), Message:<EMPTY>, reply=RaftClientReply:client-CFB50CAB4D08->s2@group-6E85041A3092, cid=1921, FAILED org.apache.ratis.protocol.NotReplicatedException: Request with call Id 1921 and log index 50 is not yet replicated to ALL_COMMITTED, logIndex=50, commits[s2:c143, s0:c0, s1:c143]
2019-09-24 12:11:25,070 DEBUG impl.UnorderedAsync (UnorderedAsync.java:lambda$sendRequestWithRetry$4(77)) - client-CFB50CAB4D08: attempt #1 receive~ RaftClientReply:client-CFB50CAB4D08->s2@group-6E85041A3092, cid=1945, FAILED org.apache.ratis.protocol.NotReplicatedException: Request with call Id 1945 and log index 60 is not yet replicated to ALL_COMMITTED, logIndex=60, commits[s2:c143, s0:c0, s1:c143]
2019-09-24 12:11:25,070 DEBUG impl.WatchRequests (WatchRequests.java:handleTimeout(124)) - s2@group-6E85041A3092-WatchRequests: timeout Watch-ALL(46)@39.219s?java.util.concurrent.CompletionException: org.apache.ratis.protocol.NotReplicatedException: Request with call Id 1903 and log index 46 is not yet replicated to ALL, RaftClientRequest:client-CFB50CAB4D08->s2@group-6E85041A3092, cid=1903, seq=0, Watch-ALL(46), Message:<EMPTY>
2019-09-24 12:11:25,070 DEBUG impl.UnorderedAsync (UnorderedAsync.java:lambda$sendRequestWithRetry$4(77)) - client-CFB50CAB4D08: attempt #1 receive~ RaftClientReply:client-CFB50CAB4D08->s2@group-6E85041A3092, cid=1901, FAILED org.apache.ratis.protocol.NotReplicatedException: Request with call Id 1901 and log index 44 is not yet replicated to ALL_COMMITTED, logIndex=44, commits[s2:c143, s0:c0, s1:c143]
2019-09-24 12:11:25,070 INFO  client.GrpcClientProtocolService (GrpcClientProtocolService.java:lambda$processClientRequest$0(278)) - Failed RaftClientRequest:client-CFB50CAB4D08->s2@group-6E85041A3092, cid=1903, seq=0, Watch-ALL(46), Message:<EMPTY>, reply=RaftClientReply:client-CFB50CAB4D08->s2@group-6E85041A3092, cid=1903, FAILED org.apache.ratis.protocol.NotReplicatedException: Request with call Id 1903 and log index 46 is not yet replicated to ALL, logIndex=46, commits[s2:c143, s0:c0, s1:c143]
2019-09-24 12:11:25,070 DEBUG impl.WatchRequests (WatchRequests.java:handleTimeout(124)) - s2@group-6E85041A3092-WatchRequests: timeout Watch-ALL(40)@39.219s?java.util.concurrent.CompletionException: org.apache.ratis.protocol.NotReplicatedException: Request with call Id 1887 and log index 40 is not yet replicated to ALL, RaftClientRequest:client-CFB50CAB4D08->s2@group-6E85041A3092, cid=1887, seq=0, Watch-ALL(40), Message:<EMPTY>
2019-09-24 12:11:25,070 INFO  client.GrpcClientProtocolService (GrpcClientProtocolService.java:lambda$processClientRequest$0(278)) - Failed RaftClientRequest:client-CFB50CAB4D08->s2@group-6E85041A3092, cid=1887, seq=0, Watch-ALL(40), Message:<EMPTY>, reply=RaftClientReply:client-CFB50CAB4D08->s2@group-6E85041A3092, cid=1887, FAILED org.apache.ratis.protocol.NotReplicatedException: Request with call Id 1887 and log index 40 is not yet replicated to ALL, logIndex=40, commits[s2:c143, s0:c0, s1:c143]
2019-09-24 12:11:25,071 DEBUG impl.UnorderedAsync (UnorderedAsync.java:lambda$sendRequestWithRetry$4(77)) - client-CFB50CAB4D08: attempt #1 receive~ RaftClientReply:client-CFB50CAB4D08->s2@group-6E85041A3092, cid=1921, FAILED org.apache.ratis.protocol.NotReplicatedException: Request with call Id 1921 and log index 50 is not yet replicated to ALL_COMMITTED, logIndex=50, commits[s2:c143, s0:c0, s1:c143]
2019-09-24 12:11:25,071 DEBUG impl.WatchRequests (WatchRequests.java:handleTimeout(124)) - s2@group-6E85041A3092-WatchRequests: timeout Watch-ALL_COMMITTED(37)@39.219s?java.util.concurrent.CompletionException: org.apache.ratis.protocol.NotReplicatedException: Request with call Id 1881 and log index 37 is not yet replicated to ALL_COMMITTED, RaftClientRequest:client-CFB50CAB4D08->s2@group-6E85041A3092, cid=1881, seq=0, Watch-ALL_COMMITTED(37), Message:<EMPTY>
2019-09-24 12:11:25,071 INFO  client.GrpcClientProtocolService (GrpcClientProtocolService.java:lambda$processClientRequest$0(278)) - Failed RaftClientRequest:client-CFB50CAB4D08->s2@group-6E85041A3092, cid=1881, seq=0, Watch-ALL_COMMITTED(37), Message:<EMPTY>, reply=RaftClientReply:client-CFB50CAB4D08->s2@group-6E85041A3092, cid=1881, FAILED org.apache.ratis.protocol.NotReplicatedException: Request with call Id 1881 and log index 37 is not yet replicated to ALL_COMMITTED, logIndex=37, commits[s2:c143, s0:c0, s1:c143]
2019-09-24 12:11:25,071 DEBUG impl.WatchRequests (WatchRequests.java:handleTimeout(124)) - s2@group-6E85041A3092-WatchRequests: timeout Watch-ALL(44)@39.219s?java.util.concurrent.CompletionException: org.apache.ratis.protocol.NotReplicatedException: Request with call Id 1899 and log index 44 is not yet replicated to ALL, RaftClientRequest:client-CFB50CAB4D08->s2@group-6E85041A3092, cid=1899, seq=0, Watch-ALL(44), Message:<EMPTY>
2019-09-24 12:11:25,071 INFO  client.GrpcClientProtocolService (GrpcClientProtocolService.java:lambda$processClientRequest$0(278)) - Failed RaftClientRequest:client-CFB50CAB4D08->s2@group-6E85041A3092, cid=1899, seq=0, Watch-ALL(44), Message:<EMPTY>, reply=RaftClientReply:client-CFB50CAB4D08->s2@group-6E85041A3092, cid=1899, FAILED org.apache.ratis.protocol.NotReplicatedException: Request with call Id 1899 and log index 44 is not yet replicated to ALL, logIndex=44, commits[s2:c143, s0:c0, s1:c143]
2019-09-24 12:11:25,071 DEBUG impl.UnorderedAsync (UnorderedAsync.java:lambda$sendRequestWithRetry$4(77)) - client-CFB50CAB4D08: attempt #1 receive~ RaftClientReply:client-CFB50CAB4D08->s2@group-6E85041A3092, cid=1903, FAILED org.apache.ratis.protocol.NotReplicatedException: Request with call Id 1903 and log index 46 is not yet replicated to ALL, logIndex=46, commits[s2:c143, s0:c0, s1:c143]
2019-09-24 12:11:25,071 INFO  client.GrpcClientProtocolService (GrpcClientProtocolService.java:lambda$processClientRequest$0(278)) - Failed RaftClientRequest:client-CFB50CAB4D08->s2@group-6E85041A3092, cid=1913, seq=0, Watch-ALL_COMMITTED(48), Message:<EMPTY>, reply=RaftClientReply:client-CFB50CAB4D08->s2@group-6E85041A3092, cid=1913, FAILED org.apache.ratis.protocol.NotReplicatedException: Request with call Id 1913 and log index 48 is not yet replicated to ALL_COMMITTED, logIndex=48, commits[s2:c143, s0:c0, s1:c143]
2019-09-24 12:11:25,071 DEBUG impl.WatchRequests (WatchRequests.java:handleTimeout(124)) - s2@group-6E85041A3092-WatchRequests: timeout Watch-ALL_COMMITTED(48)@39.219s?java.util.concurrent.CompletionException: org.apache.ratis.protocol.NotReplicatedException: Request with call Id 1913 and log index 48 is not yet replicated to ALL_COMMITTED, RaftClientRequest:client-CFB50CAB4D08->s2@group-6E85041A3092, cid=1913, seq=0, Watch-ALL_COMMITTED(48), Message:<EMPTY>
2019-09-24 12:11:25,072 DEBUG impl.UnorderedAsync (UnorderedAsync.java:lambda$sendRequestWithRetry$4(77)) - client-CFB50CAB4D08: attempt #1 receive~ RaftClientReply:client-CFB50CAB4D08->s2@group-6E85041A3092, cid=1887, FAILED org.apache.ratis.protocol.NotReplicatedException: Request with call Id 1887 and log index 40 is not yet replicated to ALL, logIndex=40, commits[s2:c143, s0:c0, s1:c143]
2019-09-24 12:11:25,072 DEBUG impl.UnorderedAsync (UnorderedAsync.java:lambda$sendRequestWithRetry$4(77)) - client-CFB50CAB4D08: attempt #1 receive~ RaftClientReply:client-CFB50CAB4D08->s2@group-6E85041A3092, cid=1881, FAILED org.apache.ratis.protocol.NotReplicatedException: Request with call Id 1881 and log index 37 is not yet replicated to ALL_COMMITTED, logIndex=37, commits[s2:c143, s0:c0, s1:c143]
2019-09-24 12:11:25,072 DEBUG impl.WatchRequests (WatchRequests.java:handleTimeout(124)) - s2@group-6E85041A3092-WatchRequests: timeout Watch-ALL(47)@39.219s?java.util.concurrent.CompletionException: org.apache.ratis.protocol.NotReplicatedException: Request with call Id 1907 and log index 47 is not yet replicated to ALL, RaftClientRequest:client-CFB50CAB4D08->s2@group-6E85041A3092, cid=1907, seq=0, Watch-ALL(47), Message:<EMPTY>
2019-09-24 12:11:25,072 INFO  client.GrpcClientProtocolService (GrpcClientProtocolService.java:lambda$processClientRequest$0(278)) - Failed RaftClientRequest:client-CFB50CAB4D08->s2@group-6E85041A3092, cid=1907, seq=0, Watch-ALL(47), Message:<EMPTY>, reply=RaftClientReply:client-CFB50CAB4D08->s2@group-6E85041A3092, cid=1907, FAILED org.apache.ratis.protocol.NotReplicatedException: Request with call Id 1907 and log index 47 is not yet replicated to ALL, logIndex=47, commits[s2:c143, s0:c0, s1:c143]
2019-09-24 12:11:25,072 DEBUG impl.UnorderedAsync (UnorderedAsync.java:lambda$sendRequestWithRetry$4(77)) - client-CFB50CAB4D08: attempt #1 receive~ RaftClientReply:client-CFB50CAB4D08->s2@group-6E85041A3092, cid=1899, FAILED org.apache.ratis.protocol.NotReplicatedException: Request with call Id 1899 and log index 44 is not yet replicated to ALL, logIndex=44, commits[s2:c143, s0:c0, s1:c143]
2019-09-24 12:11:25,072 DEBUG impl.UnorderedAsync (UnorderedAsync.java:lambda$sendRequestWithRetry$4(77)) - client-CFB50CAB4D08: attempt #1 receive~ RaftClientReply:client-CFB50CAB4D08->s2@group-6E85041A3092, cid=1913, FAILED org.apache.ratis.protocol.NotReplicatedException: Request with call Id 1913 and log index 48 is not yet replicated to ALL_COMMITTED, logIndex=48, commits[s2:c143, s0:c0, s1:c143]
2019-09-24 12:11:25,072 DEBUG impl.WatchRequests (WatchRequests.java:handleTimeout(124)) - s2@group-6E85041A3092-WatchRequests: timeout Watch-ALL_COMMITTED(55)@39.219s?java.util.concurrent.CompletionException: org.apache.ratis.protocol.NotReplicatedException: Request with call Id 1941 and log index 55 is not yet replicated to ALL_COMMITTED, RaftClientRequest:client-CFB50CAB4D08->s2@group-6E85041A3092, cid=1941, seq=0, Watch-ALL_COMMITTED(55), Message:<EMPTY>
2019-09-24 12:11:25,072 INFO  client.GrpcClientProtocolService (GrpcClientProtocolService.java:lambda$processClientRequest$0(278)) - Failed RaftClientRequest:client-CFB50CAB4D08->s2@group-6E85041A3092, cid=1941, seq=0, Watch-ALL_COMMITTED(55), Message:<EMPTY>, reply=RaftClientReply:client-CFB50CAB4D08->s2@group-6E85041A3092, cid=1941, FAILED org.apache.ratis.protocol.NotReplicatedException: Request with call Id 1941 and log index 55 is not yet replicated to ALL_COMMITTED, logIndex=55, commits[s2:c143, s0:c0, s1:c143]
2019-09-24 12:11:25,073 DEBUG impl.WatchRequests (WatchRequests.java:handleTimeout(124)) - s2@group-6E85041A3092-WatchRequests: timeout Watch-ALL(60)@39.219s?java.util.concurrent.CompletionException: org.apache.ratis.protocol.NotReplicatedException: Request with call Id 1943 and log index 60 is not yet replicated to ALL, RaftClientRequest:client-CFB50CAB4D08->s2@group-6E85041A3092, cid=1943, seq=0, Watch-ALL(60), Message:<EMPTY>
2019-09-24 12:11:25,073 INFO  client.GrpcClientProtocolService (GrpcClientProtocolService.java:lambda$processClientRequest$0(278)) - Failed RaftClientRequest:client-CFB50CAB4D08->s2@group-6E85041A3092, cid=1943, seq=0, Watch-ALL(60), Message:<EMPTY>, reply=RaftClientReply:client-CFB50CAB4D08->s2@group-6E85041A3092, cid=1943, FAILED org.apache.ratis.protocol.NotReplicatedException: Request with call Id 1943 and log index 60 is not yet replicated to ALL, logIndex=60, commits[s2:c143, s0:c0, s1:c143]
2019-09-24 12:11:25,073 DEBUG impl.UnorderedAsync (UnorderedAsync.java:lambda$sendRequestWithRetry$4(77)) - client-CFB50CAB4D08: attempt #1 receive~ RaftClientReply:client-CFB50CAB4D08->s2@group-6E85041A3092, cid=1907, FAILED org.apache.ratis.protocol.NotReplicatedException: Request with call Id 1907 and log index 47 is not yet replicated to ALL, logIndex=47, commits[s2:c143, s0:c0, s1:c143]
2019-09-24 12:11:25,073 INFO  client.GrpcClientProtocolService (GrpcClientProtocolService.java:lambda$processClientRequest$0(278)) - Failed RaftClientRequest:client-CFB50CAB4D08->s2@group-6E85041A3092, cid=1879, seq=0, Watch-ALL(37), Message:<EMPTY>, reply=RaftClientReply:client-CFB50CAB4D08->s2@group-6E85041A3092, cid=1879, FAILED org.apache.ratis.protocol.NotReplicatedException: Request with call Id 1879 and log index 37 is not yet replicated to ALL, logIndex=37, commits[s2:c143, s0:c0, s1:c143]
2019-09-24 12:11:25,073 DEBUG impl.WatchRequests (WatchRequests.java:handleTimeout(124)) - s2@group-6E85041A3092-WatchRequests: timeout Watch-ALL(37)@39.219s?java.util.concurrent.CompletionException: org.apache.ratis.protocol.NotReplicatedException: Request with call Id 1879 and log index 37 is not yet replicated to ALL, RaftClientRequest:client-CFB50CAB4D08->s2@group-6E85041A3092, cid=1879, seq=0, Watch-ALL(37), Message:<EMPTY>
2019-09-24 12:11:25,073 DEBUG impl.UnorderedAsync (UnorderedAsync.java:lambda$sendRequestWithRetry$4(77)) - client-CFB50CAB4D08: attempt #1 receive~ RaftClientReply:client-CFB50CAB4D08->s2@group-6E85041A3092, cid=1941, FAILED org.apache.ratis.protocol.NotReplicatedException: Request with call Id 1941 and log index 55 is not yet replicated to ALL_COMMITTED, logIndex=55, commits[s2:c143, s0:c0, s1:c143]
2019-09-24 12:11:25,074 DEBUG impl.WatchRequests (WatchRequests.java:handleTimeout(124)) - s2@group-6E85041A3092-WatchRequests: timeout Watch-ALL_COMMITTED(42)@39.219s?java.util.concurrent.CompletionException: org.apache.ratis.protocol.NotReplicatedException: Request with call Id 1897 and log index 42 is not yet replicated to ALL_COMMITTED, RaftClientRequest:client-CFB50CAB4D08->s2@group-6E85041A3092, cid=1897, seq=0, Watch-ALL_COMMITTED(42), Message:<EMPTY>
2019-09-24 12:11:25,074 INFO  client.GrpcClientProtocolService (GrpcClientProtocolService.java:lambda$processClientRequest$0(278)) - Failed RaftClientRequest:client-CFB50CAB4D08->s2@group-6E85041A3092, cid=1897, seq=0, Watch-ALL_COMMITTED(42), Message:<EMPTY>, reply=RaftClientReply:client-CFB50CAB4D08->s2@group-6E85041A3092, cid=1897, FAILED org.apache.ratis.protocol.NotReplicatedException: Request with call Id 1897 and log index 42 is not yet replicated to ALL_COMMITTED, logIndex=42, commits[s2:c143, s0:c0, s1:c143]
2019-09-24 12:11:25,074 DEBUG impl.WatchRequests (WatchRequests.java:handleTimeout(124)) - s2@group-6E85041A3092-WatchRequests: timeout Watch-ALL(49)@39.219s?java.util.concurrent.CompletionException: org.apache.ratis.protocol.NotReplicatedException: Request with call Id 1915 and log index 49 is not yet replicated to ALL, RaftClientRequest:client-CFB50CAB4D08->s2@group-6E85041A3092, cid=1915, seq=0, Watch-ALL(49), Message:<EMPTY>
2019-09-24 12:11:25,074 INFO  client.GrpcClientProtocolService (GrpcClientProtocolService.java:lambda$processClientRequest$0(278)) - Failed RaftClientRequest:client-CFB50CAB4D08->s2@group-6E85041A3092, cid=1915, seq=0, Watch-ALL(49), Message:<EMPTY>, reply=RaftClientReply:client-CFB50CAB4D08->s2@group-6E85041A3092, cid=1915, FAILED org.apache.ratis.protocol.NotReplicatedException: Request with call Id 1915 and log index 49 is not yet replicated to ALL, logIndex=49, commits[s2:c143, s0:c0, s1:c143]
2019-09-24 12:11:25,074 DEBUG impl.UnorderedAsync (UnorderedAsync.java:lambda$sendRequestWithRetry$4(77)) - client-CFB50CAB4D08: attempt #1 receive~ RaftClientReply:client-CFB50CAB4D08->s2@group-6E85041A3092, cid=1943, FAILED org.apache.ratis.protocol.NotReplicatedException: Request with call Id 1943 and log index 60 is not yet replicated to ALL, logIndex=60, commits[s2:c143, s0:c0, s1:c143]
2019-09-24 12:11:25,075 DEBUG impl.WatchRequests (WatchRequests.java:handleTimeout(124)) - s2@group-6E85041A3092-WatchRequests: timeout Watch-ALL(50)@39.219s?java.util.concurrent.CompletionException: org.apache.ratis.protocol.NotReplicatedException: Request with call Id 1919 and log index 50 is not yet replicated to ALL, RaftClientRequest:client-CFB50CAB4D08->s2@group-6E85041A3092, cid=1919, seq=0, Watch-ALL(50), Message:<EMPTY>
2019-09-24 12:11:25,075 DEBUG impl.UnorderedAsync (UnorderedAsync.java:lambda$sendRequestWithRetry$4(77)) - client-CFB50CAB4D08: attempt #1 receive~ RaftClientReply:client-CFB50CAB4D08->s2@group-6E85041A3092, cid=1879, FAILED org.apache.ratis.protocol.NotReplicatedException: Request with call Id 1879 and log index 37 is not yet replicated to ALL, logIndex=37, commits[s2:c143, s0:c0, s1:c143]
2019-09-24 12:11:25,075 INFO  client.GrpcClientProtocolService (GrpcClientProtocolService.java:lambda$processClientRequest$0(278)) - Failed RaftClientRequest:client-CFB50CAB4D08->s2@group-6E85041A3092, cid=1919, seq=0, Watch-ALL(50), Message:<EMPTY>, reply=RaftClientReply:client-CFB50CAB4D08->s2@group-6E85041A3092, cid=1919, FAILED org.apache.ratis.protocol.NotReplicatedException: Request with call Id 1919 and log index 50 is not yet replicated to ALL, logIndex=50, commits[s2:c143, s0:c0, s1:c143]
2019-09-24 12:11:25,075 DEBUG impl.UnorderedAsync (UnorderedAsync.java:lambda$sendRequestWithRetry$4(77)) - client-CFB50CAB4D08: attempt #1 receive~ RaftClientReply:client-CFB50CAB4D08->s2@group-6E85041A3092, cid=1897, FAILED org.apache.ratis.protocol.NotReplicatedException: Request with call Id 1897 and log index 42 is not yet replicated to ALL_COMMITTED, logIndex=42, commits[s2:c143, s0:c0, s1:c143]
2019-09-24 12:11:25,076 ERROR grpc.TestWatchRequestWithGrpc (WatchRequestTests.java:get(169)) - Failed to get all(37)
2019-09-24 12:11:25,076 DEBUG impl.WatchRequests (WatchRequests.java:handleTimeout(124)) - s2@group-6E85041A3092-WatchRequests: timeout Watch-ALL_COMMITTED(68)@39.219s?java.util.concurrent.CompletionException: org.apache.ratis.protocol.NotReplicatedException: Request with call Id 1969 and log index 68 is not yet replicated to ALL_COMMITTED, RaftClientRequest:client-CFB50CAB4D08->s2@group-6E85041A3092, cid=1969, seq=0, Watch-ALL_COMMITTED(68), Message:<EMPTY>
2019-09-24 12:11:25,076 ERROR grpc.TestWatchRequestWithGrpc (WatchRequestTests.java:get(169)) - Failed to get allCommitted(37)
2019-09-24 12:11:25,076 INFO  client.GrpcClientProtocolService (GrpcClientProtocolService.java:lambda$processClientRequest$0(278)) - Failed RaftClientRequest:client-CFB50CAB4D08->s2@group-6E85041A3092, cid=1969, seq=0, Watch-ALL_COMMITTED(68), Message:<EMPTY>, reply=RaftClientReply:client-CFB50CAB4D08->s2@group-6E85041A3092, cid=1969, FAILED org.apache.ratis.protocol.NotReplicatedException: Request with call Id 1969 and log index 68 is not yet replicated to ALL_COMMITTED, logIndex=68, commits[s2:c143, s0:c0, s1:c143]
2019-09-24 12:11:25,076 DEBUG impl.WatchRequests (WatchRequests.java:handleTimeout(124)) - s2@group-6E85041A3092-WatchRequests: timeout Watch-ALL(48)@39.219s?java.util.concurrent.CompletionException: org.apache.ratis.protocol.NotReplicatedException: Request with call Id 1911 and log index 48 is not yet replicated to ALL, RaftClientRequest:client-CFB50CAB4D08->s2@group-6E85041A3092, cid=1911, seq=0, Watch-ALL(48), Message:<EMPTY>
2019-09-24 12:11:25,076 INFO  grpc.TestWatchRequestWithGrpc (WatchRequestTests.java:checkTimeout(396)) - checkTimeout 28: receive RaftClientReply:client-CFB50CAB4D08->s2@group-6E85041A3092, cid=1698, SUCCESS, logIndex=38, commits[s2:c42, s0:c0, s1:c26]
2019-09-24 12:11:25,077 DEBUG impl.UnorderedAsync (UnorderedAsync.java:lambda$sendRequestWithRetry$4(77)) - client-CFB50CAB4D08: attempt #1 receive~ RaftClientReply:client-CFB50CAB4D08->s2@group-6E85041A3092, cid=1915, FAILED org.apache.ratis.protocol.NotReplicatedException: Request with call Id 1915 and log index 49 is not yet replicated to ALL, logIndex=49, commits[s2:c143, s0:c0, s1:c143]
2019-09-24 12:11:25,077 INFO  client.GrpcClientProtocolService (GrpcClientProtocolService.java:lambda$processClientRequest$0(278)) - Failed RaftClientRequest:client-CFB50CAB4D08->s2@group-6E85041A3092, cid=1911, seq=0, Watch-ALL(48), Message:<EMPTY>, reply=RaftClientReply:client-CFB50CAB4D08->s2@group-6E85041A3092, cid=1911, FAILED org.apache.ratis.protocol.NotReplicatedException: Request with call Id 1911 and log index 48 is not yet replicated to ALL, logIndex=48, commits[s2:c143, s0:c0, s1:c143]
2019-09-24 12:11:25,077 DEBUG impl.WatchRequests (WatchRequests.java:handleTimeout(124)) - s2@group-6E85041A3092-WatchRequests: timeout Watch-ALL_COMMITTED(72)@39.219s?java.util.concurrent.CompletionException: org.apache.ratis.protocol.NotReplicatedException: Request with call Id 1985 and log index 72 is not yet replicated to ALL_COMMITTED, RaftClientRequest:client-CFB50CAB4D08->s2@group-6E85041A3092, cid=1985, seq=0, Watch-ALL_COMMITTED(72), Message:<EMPTY>
2019-09-24 12:11:25,077 INFO  client.GrpcClientProtocolService (GrpcClientProtocolService.java:lambda$processClientRequest$0(278)) - Failed RaftClientRequest:client-CFB50CAB4D08->s2@group-6E85041A3092, cid=1985, seq=0, Watch-ALL_COMMITTED(72), Message:<EMPTY>, reply=RaftClientReply:client-CFB50CAB4D08->s2@group-6E85041A3092, cid=1985, FAILED org.apache.ratis.protocol.NotReplicatedException: Request with call Id 1985 and log index 72 is not yet replicated to ALL_COMMITTED, logIndex=72, commits[s2:c143, s0:c0, s1:c143]
2019-09-24 12:11:25,077 DEBUG impl.UnorderedAsync (UnorderedAsync.java:lambda$sendRequestWithRetry$4(77)) - client-CFB50CAB4D08: attempt #1 receive~ RaftClientReply:client-CFB50CAB4D08->s2@group-6E85041A3092, cid=1919, FAILED org.apache.ratis.protocol.NotReplicatedException: Request with call Id 1919 and log index 50 is not yet replicated to ALL, logIndex=50, commits[s2:c143, s0:c0, s1:c143]
2019-09-24 12:11:25,077 DEBUG impl.WatchRequests (WatchRequests.java:handleTimeout(124)) - s2@group-6E85041A3092-WatchRequests: timeout Watch-ALL(72)@39.219s?java.util.concurrent.CompletionException: org.apache.ratis.protocol.NotReplicatedException: Request with call Id 1983 and log index 72 is not yet replicated to ALL, RaftClientRequest:client-CFB50CAB4D08->s2@group-6E85041A3092, cid=1983, seq=0, Watch-ALL(72), Message:<EMPTY>
2019-09-24 12:11:25,077 INFO  client.GrpcClientProtocolService (GrpcClientProtocolService.java:lambda$processClientRequest$0(278)) - Failed RaftClientRequest:client-CFB50CAB4D08->s2@group-6E85041A3092, cid=1983, seq=0, Watch-ALL(72), Message:<EMPTY>, reply=RaftClientReply:client-CFB50CAB4D08->s2@group-6E85041A3092, cid=1983, FAILED org.apache.ratis.protocol.NotReplicatedException: Request with call Id 1983 and log index 72 is not yet replicated to ALL, logIndex=72, commits[s2:c143, s0:c0, s1:c143]
2019-09-24 12:11:25,078 DEBUG impl.WatchRequests (WatchRequests.java:handleTimeout(124)) - s2@group-6E85041A3092-WatchRequests: timeout Watch-ALL_COMMITTED(74)@39.219s?java.util.concurrent.CompletionException: org.apache.ratis.protocol.NotReplicatedException: Request with call Id 1993 and log index 74 is not yet replicated to ALL_COMMITTED, RaftClientRequest:client-CFB50CAB4D08->s2@group-6E85041A3092, cid=1993, seq=0, Watch-ALL_COMMITTED(74), Message:<EMPTY>
2019-09-24 12:11:25,078 DEBUG impl.UnorderedAsync (UnorderedAsync.java:lambda$sendRequestWithRetry$4(77)) - client-CFB50CAB4D08: attempt #1 receive~ RaftClientReply:client-CFB50CAB4D08->s2@group-6E85041A3092, cid=1969, FAILED org.apache.ratis.protocol.NotReplicatedException: Request with call Id 1969 and log index 68 is not yet replicated to ALL_COMMITTED, logIndex=68, commits[s2:c143, s0:c0, s1:c143]
2019-09-24 12:11:25,078 INFO  client.GrpcClientProtocolService (GrpcClientProtocolService.java:lambda$processClientRequest$0(278)) - Failed RaftClientRequest:client-CFB50CAB4D08->s2@group-6E85041A3092, cid=1993, seq=0, Watch-ALL_COMMITTED(74), Message:<EMPTY>, reply=RaftClientReply:client-CFB50CAB4D08->s2@group-6E85041A3092, cid=1993, FAILED org.apache.ratis.protocol.NotReplicatedException: Request with call Id 1993 and log index 74 is not yet replicated to ALL_COMMITTED, logIndex=74, commits[s2:c143, s0:c0, s1:c143]
2019-09-24 12:11:25,078 INFO  client.GrpcClientProtocolService (GrpcClientProtocolService.java:lambda$processClientRequest$0(278)) - Failed RaftClientRequest:client-CFB50CAB4D08->s2@group-6E85041A3092, cid=1909, seq=0, Watch-ALL_COMMITTED(47), Message:<EMPTY>, reply=RaftClientReply:client-CFB50CAB4D08->s2@group-6E85041A3092, cid=1909, FAILED org.apache.ratis.protocol.NotReplicatedException: Request with call Id 1909 and log index 47 is not yet replicated to ALL_COMMITTED, logIndex=47, commits[s2:c143, s0:c0, s1:c143]
2019-09-24 12:11:25,078 DEBUG impl.WatchRequests (WatchRequests.java:handleTimeout(124)) - s2@group-6E85041A3092-WatchRequests: timeout Watch-ALL_COMMITTED(47)@39.219s?java.util.concurrent.CompletionException: org.apache.ratis.protocol.NotReplicatedException: Request with call Id 1909 and log index 47 is not yet replicated to ALL_COMMITTED, RaftClientRequest:client-CFB50CAB4D08->s2@group-6E85041A3092, cid=1909, seq=0, Watch-ALL_COMMITTED(47), Message:<EMPTY>
2019-09-24 12:11:25,078 DEBUG impl.UnorderedAsync (UnorderedAsync.java:lambda$sendRequestWithRetry$4(77)) - client-CFB50CAB4D08: attempt #1 receive~ RaftClientReply:client-CFB50CAB4D08->s2@group-6E85041A3092, cid=1911, FAILED org.apache.ratis.protocol.NotReplicatedException: Request with call Id 1911 and log index 48 is not yet replicated to ALL, logIndex=48, commits[s2:c143, s0:c0, s1:c143]
2019-09-24 12:11:25,078 DEBUG impl.UnorderedAsync (UnorderedAsync.java:lambda$sendRequestWithRetry$4(77)) - client-CFB50CAB4D08: attempt #1 receive~ RaftClientReply:client-CFB50CAB4D08->s2@group-6E85041A3092, cid=1985, FAILED org.apache.ratis.protocol.NotReplicatedException: Request with call Id 1985 and log index 72 is not yet replicated to ALL_COMMITTED, logIndex=72, commits[s2:c143, s0:c0, s1:c143]
2019-09-24 12:11:25,079 DEBUG impl.WatchRequests (WatchRequests.java:handleTimeout(124)) - s2@group-6E85041A3092-WatchRequests: timeout Watch-ALL_COMMITTED(71)@39.219s?java.util.concurrent.CompletionException: org.apache.ratis.protocol.NotReplicatedException: Request with call Id 1981 and log index 71 is not yet replicated to ALL_COMMITTED, RaftClientRequest:client-CFB50CAB4D08->s2@group-6E85041A3092, cid=1981, seq=0, Watch-ALL_COMMITTED(71), Message:<EMPTY>
2019-09-24 12:11:25,079 INFO  client.GrpcClientProtocolService (GrpcClientProtocolService.java:lambda$processClientRequest$0(278)) - Failed RaftClientRequest:client-CFB50CAB4D08->s2@group-6E85041A3092, cid=1981, seq=0, Watch-ALL_COMMITTED(71), Message:<EMPTY>, reply=RaftClientReply:client-CFB50CAB4D08->s2@group-6E85041A3092, cid=1981, FAILED org.apache.ratis.protocol.NotReplicatedException: Request with call Id 1981 and log index 71 is not yet replicated to ALL_COMMITTED, logIndex=71, commits[s2:c143, s0:c0, s1:c143]
2019-09-24 12:11:25,079 DEBUG impl.WatchRequests (WatchRequests.java:handleTimeout(124)) - s2@group-6E85041A3092-WatchRequests: timeout Watch-ALL(51)@39.219s?java.util.concurrent.CompletionException: org.apache.ratis.protocol.NotReplicatedException: Request with call Id 1923 and log index 51 is not yet replicated to ALL, RaftClientRequest:client-CFB50CAB4D08->s2@group-6E85041A3092, cid=1923, seq=0, Watch-ALL(51), Message:<EMPTY>
2019-09-24 12:11:25,079 INFO  client.GrpcClientProtocolService (GrpcClientProtocolService.java:lambda$processClientRequest$0(278)) - Failed RaftClientRequest:client-CFB50CAB4D08->s2@group-6E85041A3092, cid=1923, seq=0, Watch-ALL(51), Message:<EMPTY>, reply=RaftClientReply:client-CFB50CAB4D08->s2@group-6E85041A3092, cid=1923, FAILED org.apache.ratis.protocol.NotReplicatedException: Request with call Id 1923 and log index 51 is not yet replicated to ALL, logIndex=51, commits[s2:c143, s0:c0, s1:c143]
2019-09-24 12:11:25,079 DEBUG impl.WatchRequests (WatchRequests.java:handleTimeout(124)) - s2@group-6E85041A3092-WatchRequests: timeout Watch-ALL_COMMITTED(46)@39.219s?java.util.concurrent.CompletionException: org.apache.ratis.protocol.NotReplicatedException: Request with call Id 1905 and log index 46 is not yet replicated to ALL_COMMITTED, RaftClientRequest:client-CFB50CAB4D08->s2@group-6E85041A3092, cid=1905, seq=0, Watch-ALL_COMMITTED(46), Message:<EMPTY>
2019-09-24 12:11:25,079 INFO  client.GrpcClientProtocolService (GrpcClientProtocolService.java:lambda$processClientRequest$0(278)) - Failed RaftClientRequest:client-CFB50CAB4D08->s2@group-6E85041A3092, cid=1905, seq=0, Watch-ALL_COMMITTED(46), Message:<EMPTY>, reply=RaftClientReply:client-CFB50CAB4D08->s2@group-6E85041A3092, cid=1905, FAILED org.apache.ratis.protocol.NotReplicatedException: Request with call Id 1905 and log index 46 is not yet replicated to ALL_COMMITTED, logIndex=46, commits[s2:c143, s0:c0, s1:c143]
2019-09-24 12:11:25,080 DEBUG impl.UnorderedAsync (UnorderedAsync.java:lambda$sendRequestWithRetry$4(77)) - client-CFB50CAB4D08: attempt #1 receive~ RaftClientReply:client-CFB50CAB4D08->s2@group-6E85041A3092, cid=1983, FAILED org.apache.ratis.protocol.NotReplicatedException: Request with call Id 1983 and log index 72 is not yet replicated to ALL, logIndex=72, commits[s2:c143, s0:c0, s1:c143]
2019-09-24 12:11:25,080 DEBUG impl.WatchRequests (WatchRequests.java:handleTimeout(124)) - s2@group-6E85041A3092-WatchRequests: timeout Watch-ALL(38)@39.219s?java.util.concurrent.CompletionException: org.apache.ratis.protocol.NotReplicatedException: Request with call Id 1883 and log index 38 is not yet replicated to ALL, RaftClientRequest:client-CFB50CAB4D08->s2@group-6E85041A3092, cid=1883, seq=0, Watch-ALL(38), Message:<EMPTY>
2019-09-24 12:11:25,080 INFO  client.GrpcClientProtocolService (GrpcClientProtocolService.java:lambda$processClientRequest$0(278)) - Failed RaftClientRequest:client-CFB50CAB4D08->s2@group-6E85041A3092, cid=1883, seq=0, Watch-ALL(38), Message:<EMPTY>, reply=RaftClientReply:client-CFB50CAB4D08->s2@group-6E85041A3092, cid=1883, FAILED org.apache.ratis.protocol.NotReplicatedException: Request with call Id 1883 and log index 38 is not yet replicated to ALL, logIndex=38, commits[s2:c143, s0:c0, s1:c143]
2019-09-24 12:11:25,080 DEBUG impl.UnorderedAsync (UnorderedAsync.java:lambda$sendRequestWithRetry$4(77)) - client-CFB50CAB4D08: attempt #1 receive~ RaftClientReply:client-CFB50CAB4D08->s2@group-6E85041A3092, cid=1981, FAILED org.apache.ratis.protocol.NotReplicatedException: Request with call Id 1981 and log index 71 is not yet replicated to ALL_COMMITTED, logIndex=71, commits[s2:c143, s0:c0, s1:c143]
2019-09-24 12:11:25,080 DEBUG impl.WatchRequests (WatchRequests.java:handleTimeout(124)) - s2@group-6E85041A3092-WatchRequests: timeout Watch-ALL(68)@39.219s?java.util.concurrent.CompletionException: org.apache.ratis.protocol.NotReplicatedException: Request with call Id 1967 and log index 68 is not yet replicated to ALL, RaftClientRequest:client-CFB50CAB4D08->s2@group-6E85041A3092, cid=1967, seq=0, Watch-ALL(68), Message:<EMPTY>
2019-09-24 12:11:25,080 DEBUG impl.UnorderedAsync (UnorderedAsync.java:lambda$sendRequestWithRetry$4(77)) - client-CFB50CAB4D08: attempt #1 receive~ RaftClientReply:client-CFB50CAB4D08->s2@group-6E85041A3092, cid=1993, FAILED org.apache.ratis.protocol.NotReplicatedException: Request with call Id 1993 and log index 74 is not yet replicated to ALL_COMMITTED, logIndex=74, commits[s2:c143, s0:c0, s1:c143]
2019-09-24 12:11:25,080 INFO  client.GrpcClientProtocolService (GrpcClientProtocolService.java:lambda$processClientRequest$0(278)) - Failed RaftClientRequest:client-CFB50CAB4D08->s2@group-6E85041A3092, cid=1967, seq=0, Watch-ALL(68), Message:<EMPTY>, reply=RaftClientReply:client-CFB50CAB4D08->s2@group-6E85041A3092, cid=1967, FAILED org.apache.ratis.protocol.NotReplicatedException: Request with call Id 1967 and log index 68 is not yet replicated to ALL, logIndex=68, commits[s2:c143, s0:c0, s1:c143]
2019-09-24 12:11:25,081 INFO  client.GrpcClientProtocolService (GrpcClientProtocolService.java:lambda$processClientRequest$0(278)) - Failed RaftClientRequest:client-CFB50CAB4D08->s2@group-6E85041A3092, cid=1957, seq=0, Watch-ALL_COMMITTED(63), Message:<EMPTY>, reply=RaftClientReply:client-CFB50CAB4D08->s2@group-6E85041A3092, cid=1957, FAILED org.apache.ratis.protocol.NotReplicatedException: Request with call Id 1957 and log index 63 is not yet replicated to ALL_COMMITTED, logIndex=63, commits[s2:c143, s0:c0, s1:c143]
2019-09-24 12:11:25,081 DEBUG impl.WatchRequests (WatchRequests.java:handleTimeout(124)) - s2@group-6E85041A3092-WatchRequests: timeout Watch-ALL_COMMITTED(63)@39.219s?java.util.concurrent.CompletionException: org.apache.ratis.protocol.NotReplicatedException: Request with call Id 1957 and log index 63 is not yet replicated to ALL_COMMITTED, RaftClientRequest:client-CFB50CAB4D08->s2@group-6E85041A3092, cid=1957, seq=0, Watch-ALL_COMMITTED(63), Message:<EMPTY>
2019-09-24 12:11:25,081 DEBUG impl.WatchRequests (WatchRequests.java:handleTimeout(124)) - s2@group-6E85041A3092-WatchRequests: timeout Watch-ALL(73)@39.219s?java.util.concurrent.CompletionException: org.apache.ratis.protocol.NotReplicatedException: Request with call Id 1987 and log index 73 is not yet replicated to ALL, RaftClientRequest:client-CFB50CAB4D08->s2@group-6E85041A3092, cid=1987, seq=0, Watch-ALL(73), Message:<EMPTY>
2019-09-24 12:11:25,081 INFO  client.GrpcClientProtocolService (GrpcClientProtocolService.java:lambda$processClientRequest$0(278)) - Failed RaftClientRequest:client-CFB50CAB4D08->s2@group-6E85041A3092, cid=1987, seq=0, Watch-ALL(73), Message:<EMPTY>, reply=RaftClientReply:client-CFB50CAB4D08->s2@group-6E85041A3092, cid=1987, FAILED org.apache.ratis.protocol.NotReplicatedException: Request with call Id 1987 and log index 73 is not yet replicated to ALL, logIndex=73, commits[s2:c143, s0:c0, s1:c143]
2019-09-24 12:11:25,081 DEBUG impl.UnorderedAsync (UnorderedAsync.java:lambda$sendRequestWithRetry$4(77)) - client-CFB50CAB4D08: attempt #1 receive~ RaftClientReply:client-CFB50CAB4D08->s2@group-6E85041A3092, cid=1909, FAILED org.apache.ratis.protocol.NotReplicatedException: Request with call Id 1909 and log index 47 is not yet replicated to ALL_COMMITTED, logIndex=47, commits[s2:c143, s0:c0, s1:c143]
2019-09-24 12:11:25,082 DEBUG impl.UnorderedAsync (UnorderedAsync.java:lambda$sendRequestWithRetry$4(77)) - client-CFB50CAB4D08: attempt #1 receive~ RaftClientReply:client-CFB50CAB4D08->s2@group-6E85041A3092, cid=1967, FAILED org.apache.ratis.protocol.NotReplicatedException: Request with call Id 1967 and log index 68 is not yet replicated to ALL, logIndex=68, commits[s2:c143, s0:c0, s1:c143]
2019-09-24 12:11:25,083 DEBUG impl.UnorderedAsync (UnorderedAsync.java:lambda$sendRequestWithRetry$4(77)) - client-CFB50CAB4D08: attempt #1 receive~ RaftClientReply:client-CFB50CAB4D08->s2@group-6E85041A3092, cid=1883, FAILED org.apache.ratis.protocol.NotReplicatedException: Request with call Id 1883 and log index 38 is not yet replicated to ALL, logIndex=38, commits[s2:c143, s0:c0, s1:c143]
2019-09-24 12:11:25,083 ERROR grpc.TestWatchRequestWithGrpc (WatchRequestTests.java:get(169)) - Failed to get all(38)
2019-09-24 12:11:25,083 DEBUG impl.UnorderedAsync (UnorderedAsync.java:lambda$sendRequestWithRetry$4(77)) - client-CFB50CAB4D08: attempt #1 receive~ RaftClientReply:client-CFB50CAB4D08->s2@group-6E85041A3092, cid=1905, FAILED org.apache.ratis.protocol.NotReplicatedException: Request with call Id 1905 and log index 46 is not yet replicated to ALL_COMMITTED, logIndex=46, commits[s2:c143, s0:c0, s1:c143]
2019-09-24 12:11:25,084 ERROR grpc.TestWatchRequestWithGrpc (WatchRequestTests.java:get(169)) - Failed to get allCommitted(38)
2019-09-24 12:11:25,084 INFO  grpc.TestWatchRequestWithGrpc (WatchRequestTests.java:checkTimeout(396)) - checkTimeout 29: receive RaftClientReply:client-CFB50CAB4D08->s2@group-6E85041A3092, cid=1699, SUCCESS, logIndex=40, commits[s2:c42, s0:c0, s1:c26]
2019-09-24 12:11:25,084 DEBUG impl.UnorderedAsync (UnorderedAsync.java:lambda$sendRequestWithRetry$4(77)) - client-CFB50CAB4D08: attempt #1 receive~ RaftClientReply:client-CFB50CAB4D08->s2@group-6E85041A3092, cid=1923, FAILED org.apache.ratis.protocol.NotReplicatedException: Request with call Id 1923 and log index 51 is not yet replicated to ALL, logIndex=51, commits[s2:c143, s0:c0, s1:c143]
2019-09-24 12:11:25,085 ERROR grpc.TestWatchRequestWithGrpc (WatchRequestTests.java:get(169)) - Failed to get all(40)
2019-09-24 12:11:25,085 DEBUG impl.UnorderedAsync (UnorderedAsync.java:lambda$sendRequestWithRetry$4(77)) - client-CFB50CAB4D08: attempt #1 receive~ RaftClientReply:client-CFB50CAB4D08->s2@group-6E85041A3092, cid=1987, FAILED org.apache.ratis.protocol.NotReplicatedException: Request with call Id 1987 and log index 73 is not yet replicated to ALL, logIndex=73, commits[s2:c143, s0:c0, s1:c143]
2019-09-24 12:11:25,085 ERROR grpc.TestWatchRequestWithGrpc (WatchRequestTests.java:get(169)) - Failed to get allCommitted(40)
2019-09-24 12:11:25,086 INFO  grpc.TestWatchRequestWithGrpc (WatchRequestTests.java:checkTimeout(396)) - checkTimeout 30: receive RaftClientReply:client-CFB50CAB4D08->s2@group-6E85041A3092, cid=1700, SUCCESS, logIndex=41, commits[s2:c42, s0:c0, s1:c27]
2019-09-24 12:11:25,086 DEBUG impl.UnorderedAsync (UnorderedAsync.java:lambda$sendRequestWithRetry$4(77)) - client-CFB50CAB4D08: attempt #1 receive~ RaftClientReply:client-CFB50CAB4D08->s2@group-6E85041A3092, cid=1957, FAILED org.apache.ratis.protocol.NotReplicatedException: Request with call Id 1957 and log index 63 is not yet replicated to ALL_COMMITTED, logIndex=63, commits[s2:c143, s0:c0, s1:c143]
2019-09-24 12:11:25,086 ERROR grpc.TestWatchRequestWithGrpc (WatchRequestTests.java:get(169)) - Failed to get all(41)
2019-09-24 12:11:25,087 ERROR grpc.TestWatchRequestWithGrpc (WatchRequestTests.java:get(169)) - Failed to get allCommitted(41)
2019-09-24 12:11:25,087 INFO  grpc.TestWatchRequestWithGrpc (WatchRequestTests.java:checkTimeout(396)) - checkTimeout 31: receive RaftClientReply:client-CFB50CAB4D08->s2@group-6E85041A3092, cid=1701, SUCCESS, logIndex=42, commits[s2:c42, s0:c0, s1:c27]
2019-09-24 12:11:25,088 ERROR grpc.TestWatchRequestWithGrpc (WatchRequestTests.java:get(169)) - Failed to get all(42)
2019-09-24 12:11:25,088 ERROR grpc.TestWatchRequestWithGrpc (WatchRequestTests.java:get(169)) - Failed to get allCommitted(42)
2019-09-24 12:11:25,088 INFO  grpc.TestWatchRequestWithGrpc (WatchRequestTests.java:checkTimeout(396)) - checkTimeout 32: receive RaftClientReply:client-CFB50CAB4D08->s2@group-6E85041A3092, cid=1702, SUCCESS, logIndex=44, commits[s2:c44, s0:c0, s1:c42]
2019-09-24 12:11:25,089 ERROR grpc.TestWatchRequestWithGrpc (WatchRequestTests.java:get(169)) - Failed to get all(44)
2019-09-24 12:11:25,089 ERROR grpc.TestWatchRequestWithGrpc (WatchRequestTests.java:get(169)) - Failed to get allCommitted(44)
2019-09-24 12:11:25,089 INFO  grpc.TestWatchRequestWithGrpc (WatchRequestTests.java:checkTimeout(396)) - checkTimeout 33: receive RaftClientReply:client-CFB50CAB4D08->s2@group-6E85041A3092, cid=1703, SUCCESS, logIndex=46, commits[s2:c48, s0:c0, s1:c43]
2019-09-24 12:11:25,090 ERROR grpc.TestWatchRequestWithGrpc (WatchRequestTests.java:get(169)) - Failed to get all(46)
2019-09-24 12:11:25,090 ERROR grpc.TestWatchRequestWithGrpc (WatchRequestTests.java:get(169)) - Failed to get allCommitted(46)
2019-09-24 12:11:25,091 INFO  grpc.TestWatchRequestWithGrpc (WatchRequestTests.java:checkTimeout(396)) - checkTimeout 34: receive RaftClientReply:client-CFB50CAB4D08->s2@group-6E85041A3092, cid=1704, SUCCESS, logIndex=47, commits[s2:c48, s0:c0, s1:c43]
2019-09-24 12:11:25,091 ERROR grpc.TestWatchRequestWithGrpc (WatchRequestTests.java:get(169)) - Failed to get all(47)
2019-09-24 12:11:25,092 ERROR grpc.TestWatchRequestWithGrpc (WatchRequestTests.java:get(169)) - Failed to get allCommitted(47)
2019-09-24 12:11:25,092 INFO  grpc.TestWatchRequestWithGrpc (WatchRequestTests.java:checkTimeout(396)) - checkTimeout 35: receive RaftClientReply:client-CFB50CAB4D08->s2@group-6E85041A3092, cid=1705, SUCCESS, logIndex=48, commits[s2:c48, s0:c0, s1:c43]
2019-09-24 12:11:25,093 ERROR grpc.TestWatchRequestWithGrpc (WatchRequestTests.java:get(169)) - Failed to get all(48)
2019-09-24 12:11:25,093 ERROR grpc.TestWatchRequestWithGrpc (WatchRequestTests.java:get(169)) - Failed to get allCommitted(48)
2019-09-24 12:11:25,093 INFO  grpc.TestWatchRequestWithGrpc (WatchRequestTests.java:checkTimeout(396)) - checkTimeout 36: receive RaftClientReply:client-CFB50CAB4D08->s2@group-6E85041A3092, cid=1706, SUCCESS, logIndex=49, commits[s2:c54, s0:c0, s1:c43]
2019-09-24 12:11:25,093 ERROR grpc.TestWatchRequestWithGrpc (WatchRequestTests.java:get(169)) - Failed to get all(49)
2019-09-24 12:11:25,093 ERROR grpc.TestWatchRequestWithGrpc (WatchRequestTests.java:get(169)) - Failed to get allCommitted(49)
2019-09-24 12:11:25,093 INFO  grpc.TestWatchRequestWithGrpc (WatchRequestTests.java:checkTimeout(396)) - checkTimeout 37: receive RaftClientReply:client-CFB50CAB4D08->s2@group-6E85041A3092, cid=1707, SUCCESS, logIndex=50, commits[s2:c56, s0:c0, s1:c44]
2019-09-24 12:11:25,093 ERROR grpc.TestWatchRequestWithGrpc (WatchRequestTests.java:get(169)) - Failed to get all(50)
2019-09-24 12:11:25,093 ERROR grpc.TestWatchRequestWithGrpc (WatchRequestTests.java:get(169)) - Failed to get allCommitted(50)
2019-09-24 12:11:25,093 INFO  grpc.TestWatchRequestWithGrpc (WatchRequestTests.java:checkTimeout(396)) - checkTimeout 38: receive RaftClientReply:client-CFB50CAB4D08->s2@group-6E85041A3092, cid=1708, SUCCESS, logIndex=51, commits[s2:c56, s0:c0, s1:c44]
2019-09-24 12:11:25,094 ERROR grpc.TestWatchRequestWithGrpc (WatchRequestTests.java:get(169)) - Failed to get all(51)
2019-09-24 12:11:25,094 ERROR grpc.TestWatchRequestWithGrpc (WatchRequestTests.java:get(169)) - Failed to get allCommitted(51)
2019-09-24 12:11:25,094 INFO  grpc.TestWatchRequestWithGrpc (WatchRequestTests.java:checkTimeout(396)) - checkTimeout 39: receive RaftClientReply:client-CFB50CAB4D08->s2@group-6E85041A3092, cid=1709, SUCCESS, logIndex=52, commits[s2:c56, s0:c0, s1:c44]
2019-09-24 12:11:25,094 ERROR grpc.TestWatchRequestWithGrpc (WatchRequestTests.java:get(169)) - Failed to get all(52)
2019-09-24 12:11:25,094 ERROR grpc.TestWatchRequestWithGrpc (WatchRequestTests.java:get(169)) - Failed to get allCommitted(52)
2019-09-24 12:11:25,094 INFO  grpc.TestWatchRequestWithGrpc (WatchRequestTests.java:checkTimeout(396)) - checkTimeout 40: receive RaftClientReply:client-CFB50CAB4D08->s2@group-6E85041A3092, cid=1710, SUCCESS, logIndex=53, commits[s2:c56, s0:c0, s1:c44]
2019-09-24 12:11:25,094 ERROR grpc.TestWatchRequestWithGrpc (WatchRequestTests.java:get(169)) - Failed to get all(53)
2019-09-24 12:11:25,094 ERROR grpc.TestWatchRequestWithGrpc (WatchRequestTests.java:get(169)) - Failed to get allCommitted(53)
2019-09-24 12:11:25,094 INFO  grpc.TestWatchRequestWithGrpc (WatchRequestTests.java:checkTimeout(396)) - checkTimeout 41: receive RaftClientReply:client-CFB50CAB4D08->s2@group-6E85041A3092, cid=1711, SUCCESS, logIndex=54, commits[s2:c56, s0:c0, s1:c44]
2019-09-24 12:11:25,094 ERROR grpc.TestWatchRequestWithGrpc (WatchRequestTests.java:get(169)) - Failed to get all(54)
2019-09-24 12:11:25,094 ERROR grpc.TestWatchRequestWithGrpc (WatchRequestTests.java:get(169)) - Failed to get allCommitted(54)
2019-09-24 12:11:25,094 INFO  grpc.TestWatchRequestWithGrpc (WatchRequestTests.java:checkTimeout(396)) - checkTimeout 42: receive RaftClientReply:client-CFB50CAB4D08->s2@group-6E85041A3092, cid=1712, SUCCESS, logIndex=55, commits[s2:c56, s0:c0, s1:c44]
2019-09-24 12:11:25,095 ERROR grpc.TestWatchRequestWithGrpc (WatchRequestTests.java:get(169)) - Failed to get all(55)
2019-09-24 12:11:25,095 ERROR grpc.TestWatchRequestWithGrpc (WatchRequestTests.java:get(169)) - Failed to get allCommitted(55)
2019-09-24 12:11:25,095 INFO  grpc.TestWatchRequestWithGrpc (WatchRequestTests.java:checkTimeout(396)) - checkTimeout 43: receive RaftClientReply:client-CFB50CAB4D08->s2@group-6E85041A3092, cid=1713, SUCCESS, logIndex=60, commits[s2:c63, s0:c0, s1:c48]
2019-09-24 12:11:25,095 ERROR grpc.TestWatchRequestWithGrpc (WatchRequestTests.java:get(169)) - Failed to get all(60)
2019-09-24 12:11:25,095 ERROR grpc.TestWatchRequestWithGrpc (WatchRequestTests.java:get(169)) - Failed to get allCommitted(60)
2019-09-24 12:11:25,095 INFO  grpc.TestWatchRequestWithGrpc (WatchRequestTests.java:checkTimeout(396)) - checkTimeout 44: receive RaftClientReply:client-CFB50CAB4D08->s2@group-6E85041A3092, cid=1714, SUCCESS, logIndex=61, commits[s2:c64, s0:c0, s1:c54]
2019-09-24 12:11:25,095 ERROR grpc.TestWatchRequestWithGrpc (WatchRequestTests.java:get(169)) - Failed to get all(61)
2019-09-24 12:11:25,095 ERROR grpc.TestWatchRequestWithGrpc (WatchRequestTests.java:get(169)) - Failed to get allCommitted(61)
2019-09-24 12:11:25,095 INFO  grpc.TestWatchRequestWithGrpc (WatchRequestTests.java:checkTimeout(396)) - checkTimeout 45: receive RaftClientReply:client-CFB50CAB4D08->s2@group-6E85041A3092, cid=1715, SUCCESS, logIndex=62, commits[s2:c74, s0:c0, s1:c56]
2019-09-24 12:11:25,095 ERROR grpc.TestWatchRequestWithGrpc (WatchRequestTests.java:get(169)) - Failed to get all(62)
2019-09-24 12:11:25,095 ERROR grpc.TestWatchRequestWithGrpc (WatchRequestTests.java:get(169)) - Failed to get allCommitted(62)
2019-09-24 12:11:25,096 INFO  grpc.TestWatchRequestWithGrpc (WatchRequestTests.java:checkTimeout(396)) - checkTimeout 46: receive RaftClientReply:client-CFB50CAB4D08->s2@group-6E85041A3092, cid=1716, SUCCESS, logIndex=63, commits[s2:c74, s0:c0, s1:c56]
2019-09-24 12:11:25,096 ERROR grpc.TestWatchRequestWithGrpc (WatchRequestTests.java:get(169)) - Failed to get all(63)
2019-09-24 12:11:25,096 ERROR grpc.TestWatchRequestWithGrpc (WatchRequestTests.java:get(169)) - Failed to get allCommitted(63)
2019-09-24 12:11:25,096 INFO  grpc.TestWatchRequestWithGrpc (WatchRequestTests.java:checkTimeout(396)) - checkTimeout 47: receive RaftClientReply:client-CFB50CAB4D08->s2@group-6E85041A3092, cid=1717, SUCCESS, logIndex=64, commits[s2:c74, s0:c0, s1:c56]
2019-09-24 12:11:25,096 ERROR grpc.TestWatchRequestWithGrpc (WatchRequestTests.java:get(169)) - Failed to get all(64)
2019-09-24 12:11:25,096 ERROR grpc.TestWatchRequestWithGrpc (WatchRequestTests.java:get(169)) - Failed to get allCommitted(64)
2019-09-24 12:11:25,096 INFO  grpc.TestWatchRequestWithGrpc (WatchRequestTests.java:checkTimeout(396)) - checkTimeout 48: receive RaftClientReply:client-CFB50CAB4D08->s2@group-6E85041A3092, cid=1718, SUCCESS, logIndex=65, commits[s2:c74, s0:c0, s1:c56]
2019-09-24 12:11:25,096 ERROR grpc.TestWatchRequestWithGrpc (WatchRequestTests.java:get(169)) - Failed to get all(65)
2019-09-24 12:11:25,096 ERROR grpc.TestWatchRequestWithGrpc (WatchRequestTests.java:get(169)) - Failed to get allCommitted(65)
2019-09-24 12:11:25,096 INFO  grpc.TestWatchRequestWithGrpc (WatchRequestTests.java:checkTimeout(396)) - checkTimeout 49: receive RaftClientReply:client-CFB50CAB4D08->s2@group-6E85041A3092, cid=1719, SUCCESS, logIndex=68, commits[s2:c74, s0:c0, s1:c56]
2019-09-24 12:11:25,096 ERROR grpc.TestWatchRequestWithGrpc (WatchRequestTests.java:get(169)) - Failed to get all(68)
2019-09-24 12:11:25,097 ERROR grpc.TestWatchRequestWithGrpc (WatchRequestTests.java:get(169)) - Failed to get allCommitted(68)
2019-09-24 12:11:25,097 INFO  grpc.TestWatchRequestWithGrpc (WatchRequestTests.java:checkTimeout(396)) - checkTimeout 50: receive RaftClientReply:client-CFB50CAB4D08->s2@group-6E85041A3092, cid=1720, SUCCESS, logIndex=69, commits[s2:c74, s0:c0, s1:c56]
2019-09-24 12:11:25,097 ERROR grpc.TestWatchRequestWithGrpc (WatchRequestTests.java:get(169)) - Failed to get all(69)
2019-09-24 12:11:25,097 ERROR grpc.TestWatchRequestWithGrpc (WatchRequestTests.java:get(169)) - Failed to get allCommitted(69)
2019-09-24 12:11:25,097 INFO  grpc.TestWatchRequestWithGrpc (WatchRequestTests.java:checkTimeout(396)) - checkTimeout 51: receive RaftClientReply:client-CFB50CAB4D08->s2@group-6E85041A3092, cid=1721, SUCCESS, logIndex=70, commits[s2:c74, s0:c0, s1:c56]
2019-09-24 12:11:25,097 ERROR grpc.TestWatchRequestWithGrpc (WatchRequestTests.java:get(169)) - Failed to get all(70)
2019-09-24 12:11:25,097 ERROR grpc.TestWatchRequestWithGrpc (WatchRequestTests.java:get(169)) - Failed to get allCommitted(70)
2019-09-24 12:11:25,097 INFO  grpc.TestWatchRequestWithGrpc (WatchRequestTests.java:checkTimeout(396)) - checkTimeout 52: receive RaftClientReply:client-CFB50CAB4D08->s2@group-6E85041A3092, cid=1722, SUCCESS, logIndex=71, commits[s2:c74, s0:c0, s1:c56]
2019-09-24 12:11:25,097 ERROR grpc.TestWatchRequestWithGrpc (WatchRequestTests.java:get(169)) - Failed to get all(71)
2019-09-24 12:11:25,097 ERROR grpc.TestWatchRequestWithGrpc (WatchRequestTests.java:get(169)) - Failed to get allCommitted(71)
2019-09-24 12:11:25,097 INFO  grpc.TestWatchRequestWithGrpc (WatchRequestTests.java:checkTimeout(396)) - checkTimeout 53: receive RaftClientReply:client-CFB50CAB4D08->s2@group-6E85041A3092, cid=1723, SUCCESS, logIndex=72, commits[s2:c75, s0:c0, s1:c56]
2019-09-24 12:11:25,097 ERROR grpc.TestWatchRequestWithGrpc (WatchRequestTests.java:get(169)) - Failed to get all(72)
2019-09-24 12:11:25,097 ERROR grpc.TestWatchRequestWithGrpc (WatchRequestTests.java:get(169)) - Failed to get allCommitted(72)
2019-09-24 12:11:25,098 INFO  grpc.TestWatchRequestWithGrpc (WatchRequestTests.java:checkTimeout(396)) - checkTimeout 54: receive RaftClientReply:client-CFB50CAB4D08->s2@group-6E85041A3092, cid=1724, SUCCESS, logIndex=73, commits[s2:c75, s0:c0, s1:c56]
2019-09-24 12:11:25,098 ERROR grpc.TestWatchRequestWithGrpc (WatchRequestTests.java:get(169)) - Failed to get all(73)
2019-09-24 12:11:25,098 ERROR grpc.TestWatchRequestWithGrpc (WatchRequestTests.java:get(169)) - Failed to get allCommitted(73)
2019-09-24 12:11:25,098 INFO  grpc.TestWatchRequestWithGrpc (WatchRequestTests.java:checkTimeout(396)) - checkTimeout 55: receive RaftClientReply:client-CFB50CAB4D08->s2@group-6E85041A3092, cid=1725, SUCCESS, logIndex=74, commits[s2:c75, s0:c0, s1:c56]
2019-09-24 12:11:25,098 ERROR grpc.TestWatchRequestWithGrpc (WatchRequestTests.java:get(169)) - Failed to get all(74)
2019-09-24 12:11:25,098 ERROR grpc.TestWatchRequestWithGrpc (WatchRequestTests.java:get(169)) - Failed to get allCommitted(74)
2019-09-24 12:11:25,098 INFO  grpc.TestWatchRequestWithGrpc (WatchRequestTests.java:checkTimeout(396)) - checkTimeout 56: receive RaftClientReply:client-CFB50CAB4D08->s2@group-6E85041A3092, cid=1726, SUCCESS, logIndex=75, commits[s2:c75, s0:c0, s1:c56]
2019-09-24 12:11:25,098 ERROR grpc.TestWatchRequestWithGrpc (WatchRequestTests.java:get(169)) - Failed to get all(75)
2019-09-24 12:11:25,155 INFO  client.GrpcClientProtocolService (GrpcClientProtocolService.java:lambda$processClientRequest$0(278)) - Failed RaftClientRequest:client-CFB50CAB4D08->s2@group-6E85041A3092, cid=2117, seq=0, Watch-ALL_COMMITTED(119), Message:<EMPTY>, reply=RaftClientReply:client-CFB50CAB4D08->s2@group-6E85041A3092, cid=2117, FAILED org.apache.ratis.protocol.NotReplicatedException: Request with call Id 2117 and log index 119 is not yet replicated to ALL_COMMITTED, logIndex=119, commits[s2:c143, s0:c0, s1:c143]
2019-09-24 12:11:25,155 DEBUG impl.WatchRequests (WatchRequests.java:handleTimeout(124)) - s2@group-6E85041A3092-WatchRequests: timeout Watch-ALL_COMMITTED(119)@39.319s?java.util.concurrent.CompletionException: org.apache.ratis.protocol.NotReplicatedException: Request with call Id 2117 and log index 119 is not yet replicated to ALL_COMMITTED, RaftClientRequest:client-CFB50CAB4D08->s2@group-6E85041A3092, cid=2117, seq=0, Watch-ALL_COMMITTED(119), Message:<EMPTY>
2019-09-24 12:11:25,155 DEBUG impl.WatchRequests (WatchRequests.java:handleTimeout(124)) - s2@group-6E85041A3092-WatchRequests: timeout Watch-ALL_COMMITTED(129)@39.319s?java.util.concurrent.CompletionException: org.apache.ratis.protocol.NotReplicatedException: Request with call Id 2133 and log index 129 is not yet replicated to ALL_COMMITTED, RaftClientRequest:client-CFB50CAB4D08->s2@group-6E85041A3092, cid=2133, seq=0, Watch-ALL_COMMITTED(129), Message:<EMPTY>
2019-09-24 12:11:25,155 INFO  client.GrpcClientProtocolService (GrpcClientProtocolService.java:lambda$processClientRequest$0(278)) - Failed RaftClientRequest:client-CFB50CAB4D08->s2@group-6E85041A3092, cid=2133, seq=0, Watch-ALL_COMMITTED(129), Message:<EMPTY>, reply=RaftClientReply:client-CFB50CAB4D08->s2@group-6E85041A3092, cid=2133, FAILED org.apache.ratis.protocol.NotReplicatedException: Request with call Id 2133 and log index 129 is not yet replicated to ALL_COMMITTED, logIndex=129, commits[s2:c143, s0:c0, s1:c143]
2019-09-24 12:11:25,156 DEBUG impl.UnorderedAsync (UnorderedAsync.java:lambda$sendRequestWithRetry$4(77)) - client-CFB50CAB4D08: attempt #1 receive~ RaftClientReply:client-CFB50CAB4D08->s2@group-6E85041A3092, cid=2117, FAILED org.apache.ratis.protocol.NotReplicatedException: Request with call Id 2117 and log index 119 is not yet replicated to ALL_COMMITTED, logIndex=119, commits[s2:c143, s0:c0, s1:c143]
2019-09-24 12:11:25,156 DEBUG impl.WatchRequests (WatchRequests.java:handleTimeout(124)) - s2@group-6E85041A3092-WatchRequests: timeout Watch-ALL_COMMITTED(92)@39.319s?java.util.concurrent.CompletionException: org.apache.ratis.protocol.NotReplicatedException: Request with call Id 2041 and log index 92 is not yet replicated to ALL_COMMITTED, RaftClientRequest:client-CFB50CAB4D08->s2@group-6E85041A3092, cid=2041, seq=0, Watch-ALL_COMMITTED(92), Message:<EMPTY>
2019-09-24 12:11:25,156 INFO  client.GrpcClientProtocolService (GrpcClientProtocolService.java:lambda$processClientRequest$0(278)) - Failed RaftClientRequest:client-CFB50CAB4D08->s2@group-6E85041A3092, cid=2041, seq=0, Watch-ALL_COMMITTED(92), Message:<EMPTY>, reply=RaftClientReply:client-CFB50CAB4D08->s2@group-6E85041A3092, cid=2041, FAILED org.apache.ratis.protocol.NotReplicatedException: Request with call Id 2041 and log index 92 is not yet replicated to ALL_COMMITTED, logIndex=92, commits[s2:c143, s0:c0, s1:c143]
2019-09-24 12:11:25,157 DEBUG impl.UnorderedAsync (UnorderedAsync.java:lambda$sendRequestWithRetry$4(77)) - client-CFB50CAB4D08: attempt #1 receive~ RaftClientReply:client-CFB50CAB4D08->s2@group-6E85041A3092, cid=2133, FAILED org.apache.ratis.protocol.NotReplicatedException: Request with call Id 2133 and log index 129 is not yet replicated to ALL_COMMITTED, logIndex=129, commits[s2:c143, s0:c0, s1:c143]
2019-09-24 12:11:25,157 INFO  client.GrpcClientProtocolService (GrpcClientProtocolService.java:lambda$processClientRequest$0(278)) - Failed RaftClientRequest:client-CFB50CAB4D08->s2@group-6E85041A3092, cid=2021, seq=0, Watch-ALL_COMMITTED(87), Message:<EMPTY>, reply=RaftClientReply:client-CFB50CAB4D08->s2@group-6E85041A3092, cid=2021, FAILED org.apache.ratis.protocol.NotReplicatedException: Request with call Id 2021 and log index 87 is not yet replicated to ALL_COMMITTED, logIndex=87, commits[s2:c143, s0:c0, s1:c143]
2019-09-24 12:11:25,157 DEBUG impl.WatchRequests (WatchRequests.java:handleTimeout(124)) - s2@group-6E85041A3092-WatchRequests: timeout Watch-ALL_COMMITTED(87)@39.319s?java.util.concurrent.CompletionException: org.apache.ratis.protocol.NotReplicatedException: Request with call Id 2021 and log index 87 is not yet replicated to ALL_COMMITTED, RaftClientRequest:client-CFB50CAB4D08->s2@group-6E85041A3092, cid=2021, seq=0, Watch-ALL_COMMITTED(87), Message:<EMPTY>
2019-09-24 12:11:25,157 DEBUG impl.UnorderedAsync (UnorderedAsync.java:lambda$sendRequestWithRetry$4(77)) - client-CFB50CAB4D08: attempt #1 receive~ RaftClientReply:client-CFB50CAB4D08->s2@group-6E85041A3092, cid=2041, FAILED org.apache.ratis.protocol.NotReplicatedException: Request with call Id 2041 and log index 92 is not yet replicated to ALL_COMMITTED, logIndex=92, commits[s2:c143, s0:c0, s1:c143]
2019-09-24 12:11:25,158 DEBUG impl.WatchRequests (WatchRequests.java:handleTimeout(124)) - s2@group-6E85041A3092-WatchRequests: timeout Watch-ALL(92)@39.319s?java.util.concurrent.CompletionException: org.apache.ratis.protocol.NotReplicatedException: Request with call Id 2039 and log index 92 is not yet replicated to ALL, RaftClientRequest:client-CFB50CAB4D08->s2@group-6E85041A3092, cid=2039, seq=0, Watch-ALL(92), Message:<EMPTY>
2019-09-24 12:11:25,158 INFO  client.GrpcClientProtocolService (GrpcClientProtocolService.java:lambda$processClientRequest$0(278)) - Failed RaftClientRequest:client-CFB50CAB4D08->s2@group-6E85041A3092, cid=2039, seq=0, Watch-ALL(92), Message:<EMPTY>, reply=RaftClientReply:client-CFB50CAB4D08->s2@group-6E85041A3092, cid=2039, FAILED org.apache.ratis.protocol.NotReplicatedException: Request with call Id 2039 and log index 92 is not yet replicated to ALL, logIndex=92, commits[s2:c143, s0:c0, s1:c143]
2019-09-24 12:11:25,158 DEBUG impl.UnorderedAsync (UnorderedAsync.java:lambda$sendRequestWithRetry$4(77)) - client-CFB50CAB4D08: attempt #1 receive~ RaftClientReply:client-CFB50CAB4D08->s2@group-6E85041A3092, cid=2021, FAILED org.apache.ratis.protocol.NotReplicatedException: Request with call Id 2021 and log index 87 is not yet replicated to ALL_COMMITTED, logIndex=87, commits[s2:c143, s0:c0, s1:c143]
2019-09-24 12:11:25,158 DEBUG impl.WatchRequests (WatchRequests.java:handleTimeout(124)) - s2@group-6E85041A3092-WatchRequests: timeout Watch-ALL_COMMITTED(91)@39.319s?java.util.concurrent.CompletionException: org.apache.ratis.protocol.NotReplicatedException: Request with call Id 2037 and log index 91 is not yet replicated to ALL_COMMITTED, RaftClientRequest:client-CFB50CAB4D08->s2@group-6E85041A3092, cid=2037, seq=0, Watch-ALL_COMMITTED(91), Message:<EMPTY>
2019-09-24 12:11:25,158 INFO  client.GrpcClientProtocolService (GrpcClientProtocolService.java:lambda$processClientRequest$0(278)) - Failed RaftClientRequest:client-CFB50CAB4D08->s2@group-6E85041A3092, cid=2037, seq=0, Watch-ALL_COMMITTED(91), Message:<EMPTY>, reply=RaftClientReply:client-CFB50CAB4D08->s2@group-6E85041A3092, cid=2037, FAILED org.apache.ratis.protocol.NotReplicatedException: Request with call Id 2037 and log index 91 is not yet replicated to ALL_COMMITTED, logIndex=91, commits[s2:c143, s0:c0, s1:c143]
2019-09-24 12:11:25,159 DEBUG impl.WatchRequests (WatchRequests.java:handleTimeout(124)) - s2@group-6E85041A3092-WatchRequests: timeout Watch-ALL_COMMITTED(89)@39.319s?java.util.concurrent.CompletionException: org.apache.ratis.protocol.NotReplicatedException: Request with call Id 2029 and log index 89 is not yet replicated to ALL_COMMITTED, RaftClientRequest:client-CFB50CAB4D08->s2@group-6E85041A3092, cid=2029, seq=0, Watch-ALL_COMMITTED(89), Message:<EMPTY>
2019-09-24 12:11:25,159 INFO  client.GrpcClientProtocolService (GrpcClientProtocolService.java:lambda$processClientRequest$0(278)) - Failed RaftClientRequest:client-CFB50CAB4D08->s2@group-6E85041A3092, cid=2029, seq=0, Watch-ALL_COMMITTED(89), Message:<EMPTY>, reply=RaftClientReply:client-CFB50CAB4D08->s2@group-6E85041A3092, cid=2029, FAILED org.apache.ratis.protocol.NotReplicatedException: Request with call Id 2029 and log index 89 is not yet replicated to ALL_COMMITTED, logIndex=89, commits[s2:c143, s0:c0, s1:c143]
2019-09-24 12:11:25,159 DEBUG impl.UnorderedAsync (UnorderedAsync.java:lambda$sendRequestWithRetry$4(77)) - client-CFB50CAB4D08: attempt #1 receive~ RaftClientReply:client-CFB50CAB4D08->s2@group-6E85041A3092, cid=2039, FAILED org.apache.ratis.protocol.NotReplicatedException: Request with call Id 2039 and log index 92 is not yet replicated to ALL, logIndex=92, commits[s2:c143, s0:c0, s1:c143]
2019-09-24 12:11:25,159 DEBUG impl.WatchRequests (WatchRequests.java:handleTimeout(124)) - s2@group-6E85041A3092-WatchRequests: timeout Watch-ALL_COMMITTED(125)@39.319s?java.util.concurrent.CompletionException: org.apache.ratis.protocol.NotReplicatedException: Request with call Id 2125 and log index 125 is not yet replicated to ALL_COMMITTED, RaftClientRequest:client-CFB50CAB4D08->s2@group-6E85041A3092, cid=2125, seq=0, Watch-ALL_COMMITTED(125), Message:<EMPTY>
2019-09-24 12:11:25,159 INFO  client.GrpcClientProtocolService (GrpcClientProtocolService.java:lambda$processClientRequest$0(278)) - Failed RaftClientRequest:client-CFB50CAB4D08->s2@group-6E85041A3092, cid=2125, seq=0, Watch-ALL_COMMITTED(125), Message:<EMPTY>, reply=RaftClientReply:client-CFB50CAB4D08->s2@group-6E85041A3092, cid=2125, FAILED org.apache.ratis.protocol.NotReplicatedException: Request with call Id 2125 and log index 125 is not yet replicated to ALL_COMMITTED, logIndex=125, commits[s2:c143, s0:c0, s1:c143]
2019-09-24 12:11:25,159 DEBUG impl.UnorderedAsync (UnorderedAsync.java:lambda$sendRequestWithRetry$4(77)) - client-CFB50CAB4D08: attempt #1 receive~ RaftClientReply:client-CFB50CAB4D08->s2@group-6E85041A3092, cid=2037, FAILED org.apache.ratis.protocol.NotReplicatedException: Request with call Id 2037 and log index 91 is not yet replicated to ALL_COMMITTED, logIndex=91, commits[s2:c143, s0:c0, s1:c143]
2019-09-24 12:11:25,160 DEBUG impl.WatchRequests (WatchRequests.java:handleTimeout(124)) - s2@group-6E85041A3092-WatchRequests: timeout Watch-ALL_COMMITTED(88)@39.319s?java.util.concurrent.CompletionException: org.apache.ratis.protocol.NotReplicatedException: Request with call Id 2025 and log index 88 is not yet replicated to ALL_COMMITTED, RaftClientRequest:client-CFB50CAB4D08->s2@group-6E85041A3092, cid=2025, seq=0, Watch-ALL_COMMITTED(88), Message:<EMPTY>
2019-09-24 12:11:25,160 INFO  client.GrpcClientProtocolService (GrpcClientProtocolService.java:lambda$processClientRequest$0(278)) - Failed RaftClientRequest:client-CFB50CAB4D08->s2@group-6E85041A3092, cid=2025, seq=0, Watch-ALL_COMMITTED(88), Message:<EMPTY>, reply=RaftClientReply:client-CFB50CAB4D08->s2@group-6E85041A3092, cid=2025, FAILED org.apache.ratis.protocol.NotReplicatedException: Request with call Id 2025 and log index 88 is not yet replicated to ALL_COMMITTED, logIndex=88, commits[s2:c143, s0:c0, s1:c143]
2019-09-24 12:11:25,160 DEBUG impl.UnorderedAsync (UnorderedAsync.java:lambda$sendRequestWithRetry$4(77)) - client-CFB50CAB4D08: attempt #1 receive~ RaftClientReply:client-CFB50CAB4D08->s2@group-6E85041A3092, cid=2029, FAILED org.apache.ratis.protocol.NotReplicatedException: Request with call Id 2029 and log index 89 is not yet replicated to ALL_COMMITTED, logIndex=89, commits[s2:c143, s0:c0, s1:c143]
2019-09-24 12:11:25,160 DEBUG impl.WatchRequests (WatchRequests.java:handleTimeout(124)) - s2@group-6E85041A3092-WatchRequests: timeout Watch-ALL(91)@39.319s?java.util.concurrent.CompletionException: org.apache.ratis.protocol.NotReplicatedException: Request with call Id 2035 and log index 91 is not yet replicated to ALL, RaftClientRequest:client-CFB50CAB4D08->s2@group-6E85041A3092, cid=2035, seq=0, Watch-ALL(91), Message:<EMPTY>
2019-09-24 12:11:25,160 INFO  client.GrpcClientProtocolService (GrpcClientProtocolService.java:lambda$processClientRequest$0(278)) - Failed RaftClientRequest:client-CFB50CAB4D08->s2@group-6E85041A3092, cid=2035, seq=0, Watch-ALL(91), Message:<EMPTY>, reply=RaftClientReply:client-CFB50CAB4D08->s2@group-6E85041A3092, cid=2035, FAILED org.apache.ratis.protocol.NotReplicatedException: Request with call Id 2035 and log index 91 is not yet replicated to ALL, logIndex=91, commits[s2:c143, s0:c0, s1:c143]
2019-09-24 12:11:25,160 DEBUG impl.WatchRequests (WatchRequests.java:handleTimeout(124)) - s2@group-6E85041A3092-WatchRequests: timeout Watch-ALL(129)@39.319s?java.util.concurrent.CompletionException: org.apache.ratis.protocol.NotReplicatedException: Request with call Id 2131 and log index 129 is not yet replicated to ALL, RaftClientRequest:client-CFB50CAB4D08->s2@group-6E85041A3092, cid=2131, seq=0, Watch-ALL(129), Message:<EMPTY>
2019-09-24 12:11:25,160 INFO  client.GrpcClientProtocolService (GrpcClientProtocolService.java:lambda$processClientRequest$0(278)) - Failed RaftClientRequest:client-CFB50CAB4D08->s2@group-6E85041A3092, cid=2131, seq=0, Watch-ALL(129), Message:<EMPTY>, reply=RaftClientReply:client-CFB50CAB4D08->s2@group-6E85041A3092, cid=2131, FAILED org.apache.ratis.protocol.NotReplicatedException: Request with call Id 2131 and log index 129 is not yet replicated to ALL, logIndex=129, commits[s2:c143, s0:c0, s1:c143]
2019-09-24 12:11:25,161 DEBUG impl.WatchRequests (WatchRequests.java:handleTimeout(124)) - s2@group-6E85041A3092-WatchRequests: timeout Watch-ALL(119)@39.319s?java.util.concurrent.CompletionException: org.apache.ratis.protocol.NotReplicatedException: Request with call Id 2115 and log index 119 is not yet replicated to ALL, RaftClientRequest:client-CFB50CAB4D08->s2@group-6E85041A3092, cid=2115, seq=0, Watch-ALL(119), Message:<EMPTY>
2019-09-24 12:11:25,161 DEBUG impl.UnorderedAsync (UnorderedAsync.java:lambda$sendRequestWithRetry$4(77)) - client-CFB50CAB4D08: attempt #1 receive~ RaftClientReply:client-CFB50CAB4D08->s2@group-6E85041A3092, cid=2125, FAILED org.apache.ratis.protocol.NotReplicatedException: Request with call Id 2125 and log index 125 is not yet replicated to ALL_COMMITTED, logIndex=125, commits[s2:c143, s0:c0, s1:c143]
2019-09-24 12:11:25,161 INFO  client.GrpcClientProtocolService (GrpcClientProtocolService.java:lambda$processClientRequest$0(278)) - Failed RaftClientRequest:client-CFB50CAB4D08->s2@group-6E85041A3092, cid=2115, seq=0, Watch-ALL(119), Message:<EMPTY>, reply=RaftClientReply:client-CFB50CAB4D08->s2@group-6E85041A3092, cid=2115, FAILED org.apache.ratis.protocol.NotReplicatedException: Request with call Id 2115 and log index 119 is not yet replicated to ALL, logIndex=119, commits[s2:c143, s0:c0, s1:c143]
2019-09-24 12:11:25,161 DEBUG impl.UnorderedAsync (UnorderedAsync.java:lambda$sendRequestWithRetry$4(77)) - client-CFB50CAB4D08: attempt #1 receive~ RaftClientReply:client-CFB50CAB4D08->s2@group-6E85041A3092, cid=2035, FAILED org.apache.ratis.protocol.NotReplicatedException: Request with call Id 2035 and log index 91 is not yet replicated to ALL, logIndex=91, commits[s2:c143, s0:c0, s1:c143]
2019-09-24 12:11:25,161 INFO  client.GrpcClientProtocolService (GrpcClientProtocolService.java:lambda$processClientRequest$0(278)) - Failed RaftClientRequest:client-CFB50CAB4D08->s2@group-6E85041A3092, cid=2011, seq=0, Watch-ALL(84), Message:<EMPTY>, reply=RaftClientReply:client-CFB50CAB4D08->s2@group-6E85041A3092, cid=2011, FAILED org.apache.ratis.protocol.NotReplicatedException: Request with call Id 2011 and log index 84 is not yet replicated to ALL, logIndex=84, commits[s2:c143, s0:c0, s1:c143]
2019-09-24 12:11:25,161 DEBUG impl.WatchRequests (WatchRequests.java:handleTimeout(124)) - s2@group-6E85041A3092-WatchRequests: timeout Watch-ALL(84)@39.319s?java.util.concurrent.CompletionException: org.apache.ratis.protocol.NotReplicatedException: Request with call Id 2011 and log index 84 is not yet replicated to ALL, RaftClientRequest:client-CFB50CAB4D08->s2@group-6E85041A3092, cid=2011, seq=0, Watch-ALL(84), Message:<EMPTY>
2019-09-24 12:11:25,162 DEBUG impl.UnorderedAsync (UnorderedAsync.java:lambda$sendRequestWithRetry$4(77)) - client-CFB50CAB4D08: attempt #1 receive~ RaftClientReply:client-CFB50CAB4D08->s2@group-6E85041A3092, cid=2025, FAILED org.apache.ratis.protocol.NotReplicatedException: Request with call Id 2025 and log index 88 is not yet replicated to ALL_COMMITTED, logIndex=88, commits[s2:c143, s0:c0, s1:c143]
2019-09-24 12:11:25,162 DEBUG impl.WatchRequests (WatchRequests.java:handleTimeout(124)) - s2@group-6E85041A3092-WatchRequests: timeout Watch-ALL_COMMITTED(90)@39.319s?java.util.concurrent.CompletionException: org.apache.ratis.protocol.NotReplicatedException: Request with call Id 2033 and log index 90 is not yet replicated to ALL_COMMITTED, RaftClientRequest:client-CFB50CAB4D08->s2@group-6E85041A3092, cid=2033, seq=0, Watch-ALL_COMMITTED(90), Message:<EMPTY>
2019-09-24 12:11:25,162 DEBUG impl.UnorderedAsync (UnorderedAsync.java:lambda$sendRequestWithRetry$4(77)) - client-CFB50CAB4D08: attempt #1 receive~ RaftClientReply:client-CFB50CAB4D08->s2@group-6E85041A3092, cid=2131, FAILED org.apache.ratis.protocol.NotReplicatedException: Request with call Id 2131 and log index 129 is not yet replicated to ALL, logIndex=129, commits[s2:c143, s0:c0, s1:c143]
2019-09-24 12:11:25,162 INFO  client.GrpcClientProtocolService (GrpcClientProtocolService.java:lambda$processClientRequest$0(278)) - Failed RaftClientRequest:client-CFB50CAB4D08->s2@group-6E85041A3092, cid=2033, seq=0, Watch-ALL_COMMITTED(90), Message:<EMPTY>, reply=RaftClientReply:client-CFB50CAB4D08->s2@group-6E85041A3092, cid=2033, FAILED org.apache.ratis.protocol.NotReplicatedException: Request with call Id 2033 and log index 90 is not yet replicated to ALL_COMMITTED, logIndex=90, commits[s2:c143, s0:c0, s1:c143]
2019-09-24 12:11:25,163 DEBUG impl.UnorderedAsync (UnorderedAsync.java:lambda$sendRequestWithRetry$4(77)) - client-CFB50CAB4D08: attempt #1 receive~ RaftClientReply:client-CFB50CAB4D08->s2@group-6E85041A3092, cid=2011, FAILED org.apache.ratis.protocol.NotReplicatedException: Request with call Id 2011 and log index 84 is not yet replicated to ALL, logIndex=84, commits[s2:c143, s0:c0, s1:c143]
2019-09-24 12:11:25,163 DEBUG impl.WatchRequests (WatchRequests.java:handleTimeout(124)) - s2@group-6E85041A3092-WatchRequests: timeout Watch-ALL(88)@39.319s?java.util.concurrent.CompletionException: org.apache.ratis.protocol.NotReplicatedException: Request with call Id 2023 and log index 88 is not yet replicated to ALL, RaftClientRequest:client-CFB50CAB4D08->s2@group-6E85041A3092, cid=2023, seq=0, Watch-ALL(88), Message:<EMPTY>
2019-09-24 12:11:25,163 INFO  client.GrpcClientProtocolService (GrpcClientProtocolService.java:lambda$processClientRequest$0(278)) - Failed RaftClientRequest:client-CFB50CAB4D08->s2@group-6E85041A3092, cid=2023, seq=0, Watch-ALL(88), Message:<EMPTY>, reply=RaftClientReply:client-CFB50CAB4D08->s2@group-6E85041A3092, cid=2023, FAILED org.apache.ratis.protocol.NotReplicatedException: Request with call Id 2023 and log index 88 is not yet replicated to ALL, logIndex=88, commits[s2:c143, s0:c0, s1:c143]
2019-09-24 12:11:25,163 DEBUG impl.UnorderedAsync (UnorderedAsync.java:lambda$sendRequestWithRetry$4(77)) - client-CFB50CAB4D08: attempt #1 receive~ RaftClientReply:client-CFB50CAB4D08->s2@group-6E85041A3092, cid=2115, FAILED org.apache.ratis.protocol.NotReplicatedException: Request with call Id 2115 and log index 119 is not yet replicated to ALL, logIndex=119, commits[s2:c143, s0:c0, s1:c143]
2019-09-24 12:11:25,163 DEBUG impl.WatchRequests (WatchRequests.java:handleTimeout(124)) - s2@group-6E85041A3092-WatchRequests: timeout Watch-ALL(90)@39.319s?java.util.concurrent.CompletionException: org.apache.ratis.protocol.NotReplicatedException: Request with call Id 2031 and log index 90 is not yet replicated to ALL, RaftClientRequest:client-CFB50CAB4D08->s2@group-6E85041A3092, cid=2031, seq=0, Watch-ALL(90), Message:<EMPTY>
2019-09-24 12:11:25,163 INFO  client.GrpcClientProtocolService (GrpcClientProtocolService.java:lambda$processClientRequest$0(278)) - Failed RaftClientRequest:client-CFB50CAB4D08->s2@group-6E85041A3092, cid=2031, seq=0, Watch-ALL(90), Message:<EMPTY>, reply=RaftClientReply:client-CFB50CAB4D08->s2@group-6E85041A3092, cid=2031, FAILED org.apache.ratis.protocol.NotReplicatedException: Request with call Id 2031 and log index 90 is not yet replicated to ALL, logIndex=90, commits[s2:c143, s0:c0, s1:c143]
2019-09-24 12:11:25,164 DEBUG impl.UnorderedAsync (UnorderedAsync.java:lambda$sendRequestWithRetry$4(77)) - client-CFB50CAB4D08: attempt #1 receive~ RaftClientReply:client-CFB50CAB4D08->s2@group-6E85041A3092, cid=2033, FAILED org.apache.ratis.protocol.NotReplicatedException: Request with call Id 2033 and log index 90 is not yet replicated to ALL_COMMITTED, logIndex=90, commits[s2:c143, s0:c0, s1:c143]
2019-09-24 12:11:25,164 DEBUG impl.WatchRequests (WatchRequests.java:handleTimeout(124)) - s2@group-6E85041A3092-WatchRequests: timeout Watch-ALL_COMMITTED(84)@39.319s?java.util.concurrent.CompletionException: org.apache.ratis.protocol.NotReplicatedException: Request with call Id 2013 and log index 84 is not yet replicated to ALL_COMMITTED, RaftClientRequest:client-CFB50CAB4D08->s2@group-6E85041A3092, cid=2013, seq=0, Watch-ALL_COMMITTED(84), Message:<EMPTY>
2019-09-24 12:11:25,164 INFO  client.GrpcClientProtocolService (GrpcClientProtocolService.java:lambda$processClientRequest$0(278)) - Failed RaftClientRequest:client-CFB50CAB4D08->s2@group-6E85041A3092, cid=2013, seq=0, Watch-ALL_COMMITTED(84), Message:<EMPTY>, reply=RaftClientReply:client-CFB50CAB4D08->s2@group-6E85041A3092, cid=2013, FAILED org.apache.ratis.protocol.NotReplicatedException: Request with call Id 2013 and log index 84 is not yet replicated to ALL_COMMITTED, logIndex=84, commits[s2:c143, s0:c0, s1:c143]
2019-09-24 12:11:25,164 DEBUG impl.WatchRequests (WatchRequests.java:handleTimeout(124)) - s2@group-6E85041A3092-WatchRequests: timeout Watch-ALL_COMMITTED(115)@39.319s?java.util.concurrent.CompletionException: org.apache.ratis.protocol.NotReplicatedException: Request with call Id 2101 and log index 115 is not yet replicated to ALL_COMMITTED, RaftClientRequest:client-CFB50CAB4D08->s2@group-6E85041A3092, cid=2101, seq=0, Watch-ALL_COMMITTED(115), Message:<EMPTY>
2019-09-24 12:11:25,164 INFO  client.GrpcClientProtocolService (GrpcClientProtocolService.java:lambda$processClientRequest$0(278)) - Failed RaftClientRequest:client-CFB50CAB4D08->s2@group-6E85041A3092, cid=2101, seq=0, Watch-ALL_COMMITTED(115), Message:<EMPTY>, reply=RaftClientReply:client-CFB50CAB4D08->s2@group-6E85041A3092, cid=2101, FAILED org.apache.ratis.protocol.NotReplicatedException: Request with call Id 2101 and log index 115 is not yet replicated to ALL_COMMITTED, logIndex=115, commits[s2:c143, s0:c0, s1:c143]
2019-09-24 12:11:25,164 DEBUG impl.UnorderedAsync (UnorderedAsync.java:lambda$sendRequestWithRetry$4(77)) - client-CFB50CAB4D08: attempt #1 receive~ RaftClientReply:client-CFB50CAB4D08->s2@group-6E85041A3092, cid=2023, FAILED org.apache.ratis.protocol.NotReplicatedException: Request with call Id 2023 and log index 88 is not yet replicated to ALL, logIndex=88, commits[s2:c143, s0:c0, s1:c143]
2019-09-24 12:11:25,165 INFO  client.GrpcClientProtocolService (GrpcClientProtocolService.java:lambda$processClientRequest$0(278)) - Failed RaftClientRequest:client-CFB50CAB4D08->s2@group-6E85041A3092, cid=2121, seq=0, Watch-ALL_COMMITTED(124), Message:<EMPTY>, reply=RaftClientReply:client-CFB50CAB4D08->s2@group-6E85041A3092, cid=2121, FAILED org.apache.ratis.protocol.NotReplicatedException: Request with call Id 2121 and log index 124 is not yet replicated to ALL_COMMITTED, logIndex=124, commits[s2:c143, s0:c0, s1:c143]
2019-09-24 12:11:25,164 DEBUG impl.WatchRequests (WatchRequests.java:handleTimeout(124)) - s2@group-6E85041A3092-WatchRequests: timeout Watch-ALL_COMMITTED(124)@39.319s?java.util.concurrent.CompletionException: org.apache.ratis.protocol.NotReplicatedException: Request with call Id 2121 and log index 124 is not yet replicated to ALL_COMMITTED, RaftClientRequest:client-CFB50CAB4D08->s2@group-6E85041A3092, cid=2121, seq=0, Watch-ALL_COMMITTED(124), Message:<EMPTY>
2019-09-24 12:11:25,165 DEBUG impl.UnorderedAsync (UnorderedAsync.java:lambda$sendRequestWithRetry$4(77)) - client-CFB50CAB4D08: attempt #1 receive~ RaftClientReply:client-CFB50CAB4D08->s2@group-6E85041A3092, cid=2031, FAILED org.apache.ratis.protocol.NotReplicatedException: Request with call Id 2031 and log index 90 is not yet replicated to ALL, logIndex=90, commits[s2:c143, s0:c0, s1:c143]
2019-09-24 12:11:25,165 INFO  client.GrpcClientProtocolService (GrpcClientProtocolService.java:lambda$processClientRequest$0(278)) - Failed RaftClientRequest:client-CFB50CAB4D08->s2@group-6E85041A3092, cid=2027, seq=0, Watch-ALL(89), Message:<EMPTY>, reply=RaftClientReply:client-CFB50CAB4D08->s2@group-6E85041A3092, cid=2027, FAILED org.apache.ratis.protocol.NotReplicatedException: Request with call Id 2027 and log index 89 is not yet replicated to ALL, logIndex=89, commits[s2:c143, s0:c0, s1:c143]
2019-09-24 12:11:25,165 DEBUG impl.WatchRequests (WatchRequests.java:handleTimeout(124)) - s2@group-6E85041A3092-WatchRequests: timeout Watch-ALL(89)@39.319s?java.util.concurrent.CompletionException: org.apache.ratis.protocol.NotReplicatedException: Request with call Id 2027 and log index 89 is not yet replicated to ALL, RaftClientRequest:client-CFB50CAB4D08->s2@group-6E85041A3092, cid=2027, seq=0, Watch-ALL(89), Message:<EMPTY>
2019-09-24 12:11:25,165 DEBUG impl.UnorderedAsync (UnorderedAsync.java:lambda$sendRequestWithRetry$4(77)) - client-CFB50CAB4D08: attempt #1 receive~ RaftClientReply:client-CFB50CAB4D08->s2@group-6E85041A3092, cid=2013, FAILED org.apache.ratis.protocol.NotReplicatedException: Request with call Id 2013 and log index 84 is not yet replicated to ALL_COMMITTED, logIndex=84, commits[s2:c143, s0:c0, s1:c143]
2019-09-24 12:11:25,166 DEBUG impl.UnorderedAsync (UnorderedAsync.java:lambda$sendRequestWithRetry$4(77)) - client-CFB50CAB4D08: attempt #1 receive~ RaftClientReply:client-CFB50CAB4D08->s2@group-6E85041A3092, cid=2121, FAILED org.apache.ratis.protocol.NotReplicatedException: Request with call Id 2121 and log index 124 is not yet replicated to ALL_COMMITTED, logIndex=124, commits[s2:c143, s0:c0, s1:c143]
2019-09-24 12:11:25,166 DEBUG impl.WatchRequests (WatchRequests.java:handleTimeout(124)) - s2@group-6E85041A3092-WatchRequests: timeout Watch-ALL_COMMITTED(127)@39.319s?java.util.concurrent.CompletionException: org.apache.ratis.protocol.NotReplicatedException: Request with call Id 2129 and log index 127 is not yet replicated to ALL_COMMITTED, RaftClientRequest:client-CFB50CAB4D08->s2@group-6E85041A3092, cid=2129, seq=0, Watch-ALL_COMMITTED(127), Message:<EMPTY>
2019-09-24 12:11:25,166 INFO  client.GrpcClientProtocolService (GrpcClientProtocolService.java:lambda$processClientRequest$0(278)) - Failed RaftClientRequest:client-CFB50CAB4D08->s2@group-6E85041A3092, cid=2129, seq=0, Watch-ALL_COMMITTED(127), Message:<EMPTY>, reply=RaftClientReply:client-CFB50CAB4D08->s2@group-6E85041A3092, cid=2129, FAILED org.apache.ratis.protocol.NotReplicatedException: Request with call Id 2129 and log index 127 is not yet replicated to ALL_COMMITTED, logIndex=127, commits[s2:c143, s0:c0, s1:c143]
2019-09-24 12:11:25,166 DEBUG impl.WatchRequests (WatchRequests.java:handleTimeout(124)) - s2@group-6E85041A3092-WatchRequests: timeout Watch-ALL_COMMITTED(103)@39.319s?java.util.concurrent.CompletionException: org.apache.ratis.protocol.NotReplicatedException: Request with call Id 2069 and log index 103 is not yet replicated to ALL_COMMITTED, RaftClientRequest:client-CFB50CAB4D08->s2@group-6E85041A3092, cid=2069, seq=0, Watch-ALL_COMMITTED(103), Message:<EMPTY>
2019-09-24 12:11:25,166 INFO  client.GrpcClientProtocolService (GrpcClientProtocolService.java:lambda$processClientRequest$0(278)) - Failed RaftClientRequest:client-CFB50CAB4D08->s2@group-6E85041A3092, cid=2069, seq=0, Watch-ALL_COMMITTED(103), Message:<EMPTY>, reply=RaftClientReply:client-CFB50CAB4D08->s2@group-6E85041A3092, cid=2069, FAILED org.apache.ratis.protocol.NotReplicatedException: Request with call Id 2069 and log index 103 is not yet replicated to ALL_COMMITTED, logIndex=103, commits[s2:c143, s0:c0, s1:c143]
2019-09-24 12:11:25,167 DEBUG impl.UnorderedAsync (UnorderedAsync.java:lambda$sendRequestWithRetry$4(77)) - client-CFB50CAB4D08: attempt #1 receive~ RaftClientReply:client-CFB50CAB4D08->s2@group-6E85041A3092, cid=2101, FAILED org.apache.ratis.protocol.NotReplicatedException: Request with call Id 2101 and log index 115 is not yet replicated to ALL_COMMITTED, logIndex=115, commits[s2:c143, s0:c0, s1:c143]
2019-09-24 12:11:25,167 DEBUG impl.WatchRequests (WatchRequests.java:handleTimeout(124)) - s2@group-6E85041A3092-WatchRequests: timeout Watch-ALL_COMMITTED(118)@39.319s?java.util.concurrent.CompletionException: org.apache.ratis.protocol.NotReplicatedException: Request with call Id 2113 and log index 118 is not yet replicated to ALL_COMMITTED, RaftClientRequest:client-CFB50CAB4D08->s2@group-6E85041A3092, cid=2113, seq=0, Watch-ALL_COMMITTED(118), Message:<EMPTY>
2019-09-24 12:11:25,167 INFO  client.GrpcClientProtocolService (GrpcClientProtocolService.java:lambda$processClientRequest$0(278)) - Failed RaftClientRequest:client-CFB50CAB4D08->s2@group-6E85041A3092, cid=2113, seq=0, Watch-ALL_COMMITTED(118), Message:<EMPTY>, reply=RaftClientReply:client-CFB50CAB4D08->s2@group-6E85041A3092, cid=2113, FAILED org.apache.ratis.protocol.NotReplicatedException: Request with call Id 2113 and log index 118 is not yet replicated to ALL_COMMITTED, logIndex=118, commits[s2:c143, s0:c0, s1:c143]
2019-09-24 12:11:25,167 DEBUG impl.UnorderedAsync (UnorderedAsync.java:lambda$sendRequestWithRetry$4(77)) - client-CFB50CAB4D08: attempt #1 receive~ RaftClientReply:client-CFB50CAB4D08->s2@group-6E85041A3092, cid=2027, FAILED org.apache.ratis.protocol.NotReplicatedException: Request with call Id 2027 and log index 89 is not yet replicated to ALL, logIndex=89, commits[s2:c143, s0:c0, s1:c143]
2019-09-24 12:11:25,167 DEBUG impl.WatchRequests (WatchRequests.java:handleTimeout(124)) - s2@group-6E85041A3092-WatchRequests: timeout Watch-ALL_COMMITTED(99)@39.319s?java.util.concurrent.CompletionException: org.apache.ratis.protocol.NotReplicatedException: Request with call Id 2057 and log index 99 is not yet replicated to ALL_COMMITTED, RaftClientRequest:client-CFB50CAB4D08->s2@group-6E85041A3092, cid=2057, seq=0, Watch-ALL_COMMITTED(99), Message:<EMPTY>
2019-09-24 12:11:25,167 INFO  client.GrpcClientProtocolService (GrpcClientProtocolService.java:lambda$processClientRequest$0(278)) - Failed RaftClientRequest:client-CFB50CAB4D08->s2@group-6E85041A3092, cid=2057, seq=0, Watch-ALL_COMMITTED(99), Message:<EMPTY>, reply=RaftClientReply:client-CFB50CAB4D08->s2@group-6E85041A3092, cid=2057, FAILED org.apache.ratis.protocol.NotReplicatedException: Request with call Id 2057 and log index 99 is not yet replicated to ALL_COMMITTED, logIndex=99, commits[s2:c143, s0:c0, s1:c143]
2019-09-24 12:11:25,168 DEBUG impl.WatchRequests (WatchRequests.java:handleTimeout(124)) - s2@group-6E85041A3092-WatchRequests: timeout Watch-ALL_COMMITTED(112)@39.319s?java.util.concurrent.CompletionException: org.apache.ratis.protocol.NotReplicatedException: Request with call Id 2093 and log index 112 is not yet replicated to ALL_COMMITTED, RaftClientRequest:client-CFB50CAB4D08->s2@group-6E85041A3092, cid=2093, seq=0, Watch-ALL_COMMITTED(112), Message:<EMPTY>
2019-09-24 12:11:25,168 INFO  client.GrpcClientProtocolService (GrpcClientProtocolService.java:lambda$processClientRequest$0(278)) - Failed RaftClientRequest:client-CFB50CAB4D08->s2@group-6E85041A3092, cid=2093, seq=0, Watch-ALL_COMMITTED(112), Message:<EMPTY>, reply=RaftClientReply:client-CFB50CAB4D08->s2@group-6E85041A3092, cid=2093, FAILED org.apache.ratis.protocol.NotReplicatedException: Request with call Id 2093 and log index 112 is not yet replicated to ALL_COMMITTED, logIndex=112, commits[s2:c143, s0:c0, s1:c143]
2019-09-24 12:11:25,168 DEBUG impl.UnorderedAsync (UnorderedAsync.java:lambda$sendRequestWithRetry$4(77)) - client-CFB50CAB4D08: attempt #1 receive~ RaftClientReply:client-CFB50CAB4D08->s2@group-6E85041A3092, cid=2069, FAILED org.apache.ratis.protocol.NotReplicatedException: Request with call Id 2069 and log index 103 is not yet replicated to ALL_COMMITTED, logIndex=103, commits[s2:c143, s0:c0, s1:c143]
2019-09-24 12:11:25,168 DEBUG impl.WatchRequests (WatchRequests.java:handleTimeout(124)) - s2@group-6E85041A3092-WatchRequests: timeout Watch-ALL_COMMITTED(83)@39.319s?java.util.concurrent.CompletionException: org.apache.ratis.protocol.NotReplicatedException: Request with call Id 2009 and log index 83 is not yet replicated to ALL_COMMITTED, RaftClientRequest:client-CFB50CAB4D08->s2@group-6E85041A3092, cid=2009, seq=0, Watch-ALL_COMMITTED(83), Message:<EMPTY>
2019-09-24 12:11:25,168 INFO  client.GrpcClientProtocolService (GrpcClientProtocolService.java:lambda$processClientRequest$0(278)) - Failed RaftClientRequest:client-CFB50CAB4D08->s2@group-6E85041A3092, cid=2009, seq=0, Watch-ALL_COMMITTED(83), Message:<EMPTY>, reply=RaftClientReply:client-CFB50CAB4D08->s2@group-6E85041A3092, cid=2009, FAILED org.apache.ratis.protocol.NotReplicatedException: Request with call Id 2009 and log index 83 is not yet replicated to ALL_COMMITTED, logIndex=83, commits[s2:c143, s0:c0, s1:c143]
2019-09-24 12:11:25,169 DEBUG impl.WatchRequests (WatchRequests.java:handleTimeout(124)) - s2@group-6E85041A3092-WatchRequests: timeout Watch-ALL_COMMITTED(116)@39.319s?java.util.concurrent.CompletionException: org.apache.ratis.protocol.NotReplicatedException: Request with call Id 2105 and log index 116 is not yet replicated to ALL_COMMITTED, RaftClientRequest:client-CFB50CAB4D08->s2@group-6E85041A3092, cid=2105, seq=0, Watch-ALL_COMMITTED(116), Message:<EMPTY>
2019-09-24 12:11:25,169 INFO  client.GrpcClientProtocolService (GrpcClientProtocolService.java:lambda$processClientRequest$0(278)) - Failed RaftClientRequest:client-CFB50CAB4D08->s2@group-6E85041A3092, cid=2105, seq=0, Watch-ALL_COMMITTED(116), Message:<EMPTY>, reply=RaftClientReply:client-CFB50CAB4D08->s2@group-6E85041A3092, cid=2105, FAILED org.apache.ratis.protocol.NotReplicatedException: Request with call Id 2105 and log index 116 is not yet replicated to ALL_COMMITTED, logIndex=116, commits[s2:c143, s0:c0, s1:c143]
2019-09-24 12:11:25,169 DEBUG impl.UnorderedAsync (UnorderedAsync.java:lambda$sendRequestWithRetry$4(77)) - client-CFB50CAB4D08: attempt #1 receive~ RaftClientReply:client-CFB50CAB4D08->s2@group-6E85041A3092, cid=2129, FAILED org.apache.ratis.protocol.NotReplicatedException: Request with call Id 2129 and log index 127 is not yet replicated to ALL_COMMITTED, logIndex=127, commits[s2:c143, s0:c0, s1:c143]
2019-09-24 12:11:25,169 DEBUG impl.WatchRequests (WatchRequests.java:handleTimeout(124)) - s2@group-6E85041A3092-WatchRequests: timeout Watch-ALL(98)@39.319s?java.util.concurrent.CompletionException: org.apache.ratis.protocol.NotReplicatedException: Request with call Id 2051 and log index 98 is not yet replicated to ALL, RaftClientRequest:client-CFB50CAB4D08->s2@group-6E85041A3092, cid=2051, seq=0, Watch-ALL(98), Message:<EMPTY>
2019-09-24 12:11:25,169 DEBUG impl.UnorderedAsync (UnorderedAsync.java:lambda$sendRequestWithRetry$4(77)) - client-CFB50CAB4D08: attempt #1 receive~ RaftClientReply:client-CFB50CAB4D08->s2@group-6E85041A3092, cid=2093, FAILED org.apache.ratis.protocol.NotReplicatedException: Request with call Id 2093 and log index 112 is not yet replicated to ALL_COMMITTED, logIndex=112, commits[s2:c143, s0:c0, s1:c143]
2019-09-24 12:11:25,169 INFO  client.GrpcClientProtocolService (GrpcClientProtocolService.java:lambda$processClientRequest$0(278)) - Failed RaftClientRequest:client-CFB50CAB4D08->s2@group-6E85041A3092, cid=2051, seq=0, Watch-ALL(98), Message:<EMPTY>, reply=RaftClientReply:client-CFB50CAB4D08->s2@group-6E85041A3092, cid=2051, FAILED org.apache.ratis.protocol.NotReplicatedException: Request with call Id 2051 and log index 98 is not yet replicated to ALL, logIndex=98, commits[s2:c143, s0:c0, s1:c143]
2019-09-24 12:11:25,170 DEBUG impl.WatchRequests (WatchRequests.java:handleTimeout(124)) - s2@group-6E85041A3092-WatchRequests: timeout Watch-ALL(87)@39.319s?java.util.concurrent.CompletionException: org.apache.ratis.protocol.NotReplicatedException: Request with call Id 2019 and log index 87 is not yet replicated to ALL, RaftClientRequest:client-CFB50CAB4D08->s2@group-6E85041A3092, cid=2019, seq=0, Watch-ALL(87), Message:<EMPTY>
2019-09-24 12:11:25,170 INFO  client.GrpcClientProtocolService (GrpcClientProtocolService.java:lambda$processClientRequest$0(278)) - Failed RaftClientRequest:client-CFB50CAB4D08->s2@group-6E85041A3092, cid=2019, seq=0, Watch-ALL(87), Message:<EMPTY>, reply=RaftClientReply:client-CFB50CAB4D08->s2@group-6E85041A3092, cid=2019, FAILED org.apache.ratis.protocol.NotReplicatedException: Request with call Id 2019 and log index 87 is not yet replicated to ALL, logIndex=87, commits[s2:c143, s0:c0, s1:c143]
2019-09-24 12:11:25,170 DEBUG impl.UnorderedAsync (UnorderedAsync.java:lambda$sendRequestWithRetry$4(77)) - client-CFB50CAB4D08: attempt #1 receive~ RaftClientReply:client-CFB50CAB4D08->s2@group-6E85041A3092, cid=2057, FAILED org.apache.ratis.protocol.NotReplicatedException: Request with call Id 2057 and log index 99 is not yet replicated to ALL_COMMITTED, logIndex=99, commits[s2:c143, s0:c0, s1:c143]
2019-09-24 12:11:25,170 DEBUG impl.UnorderedAsync (UnorderedAsync.java:lambda$sendRequestWithRetry$4(77)) - client-CFB50CAB4D08: attempt #1 receive~ RaftClientReply:client-CFB50CAB4D08->s2@group-6E85041A3092, cid=2113, FAILED org.apache.ratis.protocol.NotReplicatedException: Request with call Id 2113 and log index 118 is not yet replicated to ALL_COMMITTED, logIndex=118, commits[s2:c143, s0:c0, s1:c143]
2019-09-24 12:11:25,170 INFO  client.GrpcClientProtocolService (GrpcClientProtocolService.java:lambda$processClientRequest$0(278)) - Failed RaftClientRequest:client-CFB50CAB4D08->s2@group-6E85041A3092, cid=2103, seq=0, Watch-ALL(116), Message:<EMPTY>, reply=RaftClientReply:client-CFB50CAB4D08->s2@group-6E85041A3092, cid=2103, FAILED org.apache.ratis.protocol.NotReplicatedException: Request with call Id 2103 and log index 116 is not yet replicated to ALL, logIndex=116, commits[s2:c143, s0:c0, s1:c143]
2019-09-24 12:11:25,170 DEBUG impl.WatchRequests (WatchRequests.java:handleTimeout(124)) - s2@group-6E85041A3092-WatchRequests: timeout Watch-ALL(116)@39.319s?java.util.concurrent.CompletionException: org.apache.ratis.protocol.NotReplicatedException: Request with call Id 2103 and log index 116 is not yet replicated to ALL, RaftClientRequest:client-CFB50CAB4D08->s2@group-6E85041A3092, cid=2103, seq=0, Watch-ALL(116), Message:<EMPTY>
2019-09-24 12:11:25,171 DEBUG impl.UnorderedAsync (UnorderedAsync.java:lambda$sendRequestWithRetry$4(77)) - client-CFB50CAB4D08: attempt #1 receive~ RaftClientReply:client-CFB50CAB4D08->s2@group-6E85041A3092, cid=2051, FAILED org.apache.ratis.protocol.NotReplicatedException: Request with call Id 2051 and log index 98 is not yet replicated to ALL, logIndex=98, commits[s2:c143, s0:c0, s1:c143]
2019-09-24 12:11:25,171 DEBUG impl.WatchRequests (WatchRequests.java:handleTimeout(124)) - s2@group-6E85041A3092-WatchRequests: timeout Watch-ALL(103)@39.319s?java.util.concurrent.CompletionException: org.apache.ratis.protocol.NotReplicatedException: Request with call Id 2067 and log index 103 is not yet replicated to ALL, RaftClientRequest:client-CFB50CAB4D08->s2@group-6E85041A3092, cid=2067, seq=0, Watch-ALL(103), Message:<EMPTY>
2019-09-24 12:11:25,171 INFO  client.GrpcClientProtocolService (GrpcClientProtocolService.java:lambda$processClientRequest$0(278)) - Failed RaftClientRequest:client-CFB50CAB4D08->s2@group-6E85041A3092, cid=2067, seq=0, Watch-ALL(103), Message:<EMPTY>, reply=RaftClientReply:client-CFB50CAB4D08->s2@group-6E85041A3092, cid=2067, FAILED org.apache.ratis.protocol.NotReplicatedException: Request with call Id 2067 and log index 103 is not yet replicated to ALL, logIndex=103, commits[s2:c143, s0:c0, s1:c143]
2019-09-24 12:11:25,171 DEBUG impl.WatchRequests (WatchRequests.java:handleTimeout(124)) - s2@group-6E85041A3092-WatchRequests: timeout Watch-ALL(135)@39.319s?java.util.concurrent.CompletionException: org.apache.ratis.protocol.NotReplicatedException: Request with call Id 2155 and log index 135 is not yet replicated to ALL, RaftClientRequest:client-CFB50CAB4D08->s2@group-6E85041A3092, cid=2155, seq=0, Watch-ALL(135), Message:<EMPTY>
2019-09-24 12:11:25,171 INFO  client.GrpcClientProtocolService (GrpcClientProtocolService.java:lambda$processClientRequest$0(278)) - Failed RaftClientRequest:client-CFB50CAB4D08->s2@group-6E85041A3092, cid=2155, seq=0, Watch-ALL(135), Message:<EMPTY>, reply=RaftClientReply:client-CFB50CAB4D08->s2@group-6E85041A3092, cid=2155, FAILED org.apache.ratis.protocol.NotReplicatedException: Request with call Id 2155 and log index 135 is not yet replicated to ALL, logIndex=135, commits[s2:c143, s0:c0, s1:c143]
2019-09-24 12:11:25,172 DEBUG impl.UnorderedAsync (UnorderedAsync.java:lambda$sendRequestWithRetry$4(77)) - client-CFB50CAB4D08: attempt #1 receive~ RaftClientReply:client-CFB50CAB4D08->s2@group-6E85041A3092, cid=2105, FAILED org.apache.ratis.protocol.NotReplicatedException: Request with call Id 2105 and log index 116 is not yet replicated to ALL_COMMITTED, logIndex=116, commits[s2:c143, s0:c0, s1:c143]
2019-09-24 12:11:25,172 DEBUG impl.WatchRequests (WatchRequests.java:handleTimeout(124)) - s2@group-6E85041A3092-WatchRequests: timeout Watch-ALL_COMMITTED(104)@39.319s?java.util.concurrent.CompletionException: org.apache.ratis.protocol.NotReplicatedException: Request with call Id 2073 and log index 104 is not yet replicated to ALL_COMMITTED, RaftClientRequest:client-CFB50CAB4D08->s2@group-6E85041A3092, cid=2073, seq=0, Watch-ALL_COMMITTED(104), Message:<EMPTY>
2019-09-24 12:11:25,172 INFO  client.GrpcClientProtocolService (GrpcClientProtocolService.java:lambda$processClientRequest$0(278)) - Failed RaftClientRequest:client-CFB50CAB4D08->s2@group-6E85041A3092, cid=2073, seq=0, Watch-ALL_COMMITTED(104), Message:<EMPTY>, reply=RaftClientReply:client-CFB50CAB4D08->s2@group-6E85041A3092, cid=2073, FAILED org.apache.ratis.protocol.NotReplicatedException: Request with call Id 2073 and log index 104 is not yet replicated to ALL_COMMITTED, logIndex=104, commits[s2:c143, s0:c0, s1:c143]
2019-09-24 12:11:25,172 DEBUG impl.UnorderedAsync (UnorderedAsync.java:lambda$sendRequestWithRetry$4(77)) - client-CFB50CAB4D08: attempt #1 receive~ RaftClientReply:client-CFB50CAB4D08->s2@group-6E85041A3092, cid=2009, FAILED org.apache.ratis.protocol.NotReplicatedException: Request with call Id 2009 and log index 83 is not yet replicated to ALL_COMMITTED, logIndex=83, commits[s2:c143, s0:c0, s1:c143]
2019-09-24 12:11:25,172 DEBUG impl.WatchRequests (WatchRequests.java:handleTimeout(124)) - s2@group-6E85041A3092-WatchRequests: timeout Watch-ALL_COMMITTED(137)@39.319s?java.util.concurrent.CompletionException: org.apache.ratis.protocol.NotReplicatedException: Request with call Id 2165 and log index 137 is not yet replicated to ALL_COMMITTED, RaftClientRequest:client-CFB50CAB4D08->s2@group-6E85041A3092, cid=2165, seq=0, Watch-ALL_COMMITTED(137), Message:<EMPTY>
2019-09-24 12:11:25,172 DEBUG impl.UnorderedAsync (UnorderedAsync.java:lambda$sendRequestWithRetry$4(77)) - client-CFB50CAB4D08: attempt #1 receive~ RaftClientReply:client-CFB50CAB4D08->s2@group-6E85041A3092, cid=2067, FAILED org.apache.ratis.protocol.NotReplicatedException: Request with call Id 2067 and log index 103 is not yet replicated to ALL, logIndex=103, commits[s2:c143, s0:c0, s1:c143]
2019-09-24 12:11:25,173 INFO  client.GrpcClientProtocolService (GrpcClientProtocolService.java:lambda$processClientRequest$0(278)) - Failed RaftClientRequest:client-CFB50CAB4D08->s2@group-6E85041A3092, cid=2165, seq=0, Watch-ALL_COMMITTED(137), Message:<EMPTY>, reply=RaftClientReply:client-CFB50CAB4D08->s2@group-6E85041A3092, cid=2165, FAILED org.apache.ratis.protocol.NotReplicatedException: Request with call Id 2165 and log index 137 is not yet replicated to ALL_COMMITTED, logIndex=137, commits[s2:c143, s0:c0, s1:c143]
2019-09-24 12:11:25,173 DEBUG impl.WatchRequests (WatchRequests.java:handleTimeout(124)) - s2@group-6E85041A3092-WatchRequests: timeout Watch-ALL(131)@39.319s?java.util.concurrent.CompletionException: org.apache.ratis.protocol.NotReplicatedException: Request with call Id 2139 and log index 131 is not yet replicated to ALL, RaftClientRequest:client-CFB50CAB4D08->s2@group-6E85041A3092, cid=2139, seq=0, Watch-ALL(131), Message:<EMPTY>
2019-09-24 12:11:25,173 DEBUG impl.UnorderedAsync (UnorderedAsync.java:lambda$sendRequestWithRetry$4(77)) - client-CFB50CAB4D08: attempt #1 receive~ RaftClientReply:client-CFB50CAB4D08->s2@group-6E85041A3092, cid=2103, FAILED org.apache.ratis.protocol.NotReplicatedException: Request with call Id 2103 and log index 116 is not yet replicated to ALL, logIndex=116, commits[s2:c143, s0:c0, s1:c143]
2019-09-24 12:11:25,173 DEBUG impl.UnorderedAsync (UnorderedAsync.java:lambda$sendRequestWithRetry$4(77)) - client-CFB50CAB4D08: attempt #1 receive~ RaftClientReply:client-CFB50CAB4D08->s2@group-6E85041A3092, cid=2019, FAILED org.apache.ratis.protocol.NotReplicatedException: Request with call Id 2019 and log index 87 is not yet replicated to ALL, logIndex=87, commits[s2:c143, s0:c0, s1:c143]
2019-09-24 12:11:25,173 INFO  client.GrpcClientProtocolService (GrpcClientProtocolService.java:lambda$processClientRequest$0(278)) - Failed RaftClientRequest:client-CFB50CAB4D08->s2@group-6E85041A3092, cid=2139, seq=0, Watch-ALL(131), Message:<EMPTY>, reply=RaftClientReply:client-CFB50CAB4D08->s2@group-6E85041A3092, cid=2139, FAILED org.apache.ratis.protocol.NotReplicatedException: Request with call Id 2139 and log index 131 is not yet replicated to ALL, logIndex=131, commits[s2:c143, s0:c0, s1:c143]
2019-09-24 12:11:25,173 INFO  client.GrpcClientProtocolService (GrpcClientProtocolService.java:lambda$processClientRequest$0(278)) - Failed RaftClientRequest:client-CFB50CAB4D08->s2@group-6E85041A3092, cid=2145, seq=0, Watch-ALL_COMMITTED(132), Message:<EMPTY>, reply=RaftClientReply:client-CFB50CAB4D08->s2@group-6E85041A3092, cid=2145, FAILED org.apache.ratis.protocol.NotReplicatedException: Request with call Id 2145 and log index 132 is not yet replicated to ALL_COMMITTED, logIndex=132, commits[s2:c143, s0:c0, s1:c143]
2019-09-24 12:11:25,173 DEBUG impl.WatchRequests (WatchRequests.java:handleTimeout(124)) - s2@group-6E85041A3092-WatchRequests: timeout Watch-ALL_COMMITTED(132)@39.319s?java.util.concurrent.CompletionException: org.apache.ratis.protocol.NotReplicatedException: Request with call Id 2145 and log index 132 is not yet replicated to ALL_COMMITTED, RaftClientRequest:client-CFB50CAB4D08->s2@group-6E85041A3092, cid=2145, seq=0, Watch-ALL_COMMITTED(132), Message:<EMPTY>
2019-09-24 12:11:25,174 DEBUG impl.UnorderedAsync (UnorderedAsync.java:lambda$sendRequestWithRetry$4(77)) - client-CFB50CAB4D08: attempt #1 receive~ RaftClientReply:client-CFB50CAB4D08->s2@group-6E85041A3092, cid=2073, FAILED org.apache.ratis.protocol.NotReplicatedException: Request with call Id 2073 and log index 104 is not yet replicated to ALL_COMMITTED, logIndex=104, commits[s2:c143, s0:c0, s1:c143]
2019-09-24 12:11:25,174 DEBUG impl.UnorderedAsync (UnorderedAsync.java:lambda$sendRequestWithRetry$4(77)) - client-CFB50CAB4D08: attempt #1 receive~ RaftClientReply:client-CFB50CAB4D08->s2@group-6E85041A3092, cid=2155, FAILED org.apache.ratis.protocol.NotReplicatedException: Request with call Id 2155 and log index 135 is not yet replicated to ALL, logIndex=135, commits[s2:c143, s0:c0, s1:c143]
2019-09-24 12:11:25,174 DEBUG impl.WatchRequests (WatchRequests.java:handleTimeout(124)) - s2@group-6E85041A3092-WatchRequests: timeout Watch-ALL(138)@39.319s?java.util.concurrent.CompletionException: org.apache.ratis.protocol.NotReplicatedException: Request with call Id 2167 and log index 138 is not yet replicated to ALL, RaftClientRequest:client-CFB50CAB4D08->s2@group-6E85041A3092, cid=2167, seq=0, Watch-ALL(138), Message:<EMPTY>
2019-09-24 12:11:25,174 DEBUG impl.UnorderedAsync (UnorderedAsync.java:lambda$sendRequestWithRetry$4(77)) - client-CFB50CAB4D08: attempt #1 receive~ RaftClientReply:client-CFB50CAB4D08->s2@group-6E85041A3092, cid=2139, FAILED org.apache.ratis.protocol.NotReplicatedException: Request with call Id 2139 and log index 131 is not yet replicated to ALL, logIndex=131, commits[s2:c143, s0:c0, s1:c143]
2019-09-24 12:11:25,174 INFO  client.GrpcClientProtocolService (GrpcClientProtocolService.java:lambda$processClientRequest$0(278)) - Failed RaftClientRequest:client-CFB50CAB4D08->s2@group-6E85041A3092, cid=2167, seq=0, Watch-ALL(138), Message:<EMPTY>, reply=RaftClientReply:client-CFB50CAB4D08->s2@group-6E85041A3092, cid=2167, FAILED org.apache.ratis.protocol.NotReplicatedException: Request with call Id 2167 and log index 138 is not yet replicated to ALL, logIndex=138, commits[s2:c143, s0:c0, s1:c143]
2019-09-24 12:11:25,175 DEBUG impl.WatchRequests (WatchRequests.java:handleTimeout(124)) - s2@group-6E85041A3092-WatchRequests: timeout Watch-ALL_COMMITTED(114)@39.319s?java.util.concurrent.CompletionException: org.apache.ratis.protocol.NotReplicatedException: Request with call Id 2097 and log index 114 is not yet replicated to ALL_COMMITTED, RaftClientRequest:client-CFB50CAB4D08->s2@group-6E85041A3092, cid=2097, seq=0, Watch-ALL_COMMITTED(114), Message:<EMPTY>
2019-09-24 12:11:25,175 INFO  client.GrpcClientProtocolService (GrpcClientProtocolService.java:lambda$processClientRequest$0(278)) - Failed RaftClientRequest:client-CFB50CAB4D08->s2@group-6E85041A3092, cid=2097, seq=0, Watch-ALL_COMMITTED(114), Message:<EMPTY>, reply=RaftClientReply:client-CFB50CAB4D08->s2@group-6E85041A3092, cid=2097, FAILED org.apache.ratis.protocol.NotReplicatedException: Request with call Id 2097 and log index 114 is not yet replicated to ALL_COMMITTED, logIndex=114, commits[s2:c143, s0:c0, s1:c143]
2019-09-24 12:11:25,175 DEBUG impl.UnorderedAsync (UnorderedAsync.java:lambda$sendRequestWithRetry$4(77)) - client-CFB50CAB4D08: attempt #1 receive~ RaftClientReply:client-CFB50CAB4D08->s2@group-6E85041A3092, cid=2165, FAILED org.apache.ratis.protocol.NotReplicatedException: Request with call Id 2165 and log index 137 is not yet replicated to ALL_COMMITTED, logIndex=137, commits[s2:c143, s0:c0, s1:c143]
2019-09-24 12:11:25,175 DEBUG impl.WatchRequests (WatchRequests.java:handleTimeout(124)) - s2@group-6E85041A3092-WatchRequests: timeout Watch-ALL_COMMITTED(106)@39.319s?java.util.concurrent.CompletionException: org.apache.ratis.protocol.NotReplicatedException: Request with call Id 2081 and log index 106 is not yet replicated to ALL_COMMITTED, RaftClientRequest:client-CFB50CAB4D08->s2@group-6E85041A3092, cid=2081, seq=0, Watch-ALL_COMMITTED(106), Message:<EMPTY>
2019-09-24 12:11:25,175 INFO  client.GrpcClientProtocolService (GrpcClientProtocolService.java:lambda$processClientRequest$0(278)) - Failed RaftClientRequest:client-CFB50CAB4D08->s2@group-6E85041A3092, cid=2081, seq=0, Watch-ALL_COMMITTED(106), Message:<EMPTY>, reply=RaftClientReply:client-CFB50CAB4D08->s2@group-6E85041A3092, cid=2081, FAILED org.apache.ratis.protocol.NotReplicatedException: Request with call Id 2081 and log index 106 is not yet replicated to ALL_COMMITTED, logIndex=106, commits[s2:c143, s0:c0, s1:c143]
2019-09-24 12:11:25,176 DEBUG impl.UnorderedAsync (UnorderedAsync.java:lambda$sendRequestWithRetry$4(77)) - client-CFB50CAB4D08: attempt #1 receive~ RaftClientReply:client-CFB50CAB4D08->s2@group-6E85041A3092, cid=2145, FAILED org.apache.ratis.protocol.NotReplicatedException: Request with call Id 2145 and log index 132 is not yet replicated to ALL_COMMITTED, logIndex=132, commits[s2:c143, s0:c0, s1:c143]
2019-09-24 12:11:25,176 INFO  client.GrpcClientProtocolService (GrpcClientProtocolService.java:lambda$processClientRequest$0(278)) - Failed RaftClientRequest:client-CFB50CAB4D08->s2@group-6E85041A3092, cid=2063, seq=0, Watch-ALL(102), Message:<EMPTY>, reply=RaftClientReply:client-CFB50CAB4D08->s2@group-6E85041A3092, cid=2063, FAILED org.apache.ratis.protocol.NotReplicatedException: Request with call Id 2063 and log index 102 is not yet replicated to ALL, logIndex=102, commits[s2:c143, s0:c0, s1:c143]
2019-09-24 12:11:25,176 DEBUG impl.WatchRequests (WatchRequests.java:handleTimeout(124)) - s2@group-6E85041A3092-WatchRequests: timeout Watch-ALL(102)@39.319s?java.util.concurrent.CompletionException: org.apache.ratis.protocol.NotReplicatedException: Request with call Id 2063 and log index 102 is not yet replicated to ALL, RaftClientRequest:client-CFB50CAB4D08->s2@group-6E85041A3092, cid=2063, seq=0, Watch-ALL(102), Message:<EMPTY>
2019-09-24 12:11:25,176 DEBUG impl.UnorderedAsync (UnorderedAsync.java:lambda$sendRequestWithRetry$4(77)) - client-CFB50CAB4D08: attempt #1 receive~ RaftClientReply:client-CFB50CAB4D08->s2@group-6E85041A3092, cid=2167, FAILED org.apache.ratis.protocol.NotReplicatedException: Request with call Id 2167 and log index 138 is not yet replicated to ALL, logIndex=138, commits[s2:c143, s0:c0, s1:c143]
2019-09-24 12:11:25,176 DEBUG impl.WatchRequests (WatchRequests.java:handleTimeout(124)) - s2@group-6E85041A3092-WatchRequests: timeout Watch-ALL(104)@39.319s?java.util.concurrent.CompletionException: org.apache.ratis.protocol.NotReplicatedException: Request with call Id 2071 and log index 104 is not yet replicated to ALL, RaftClientRequest:client-CFB50CAB4D08->s2@group-6E85041A3092, cid=2071, seq=0, Watch-ALL(104), Message:<EMPTY>
2019-09-24 12:11:25,176 DEBUG impl.UnorderedAsync (UnorderedAsync.java:lambda$sendRequestWithRetry$4(77)) - client-CFB50CAB4D08: attempt #1 receive~ RaftClientReply:client-CFB50CAB4D08->s2@group-6E85041A3092, cid=2081, FAILED org.apache.ratis.protocol.NotReplicatedException: Request with call Id 2081 and log index 106 is not yet replicated to ALL_COMMITTED, logIndex=106, commits[s2:c143, s0:c0, s1:c143]
2019-09-24 12:11:25,176 INFO  client.GrpcClientProtocolService (GrpcClientProtocolService.java:lambda$processClientRequest$0(278)) - Failed RaftClientRequest:client-CFB50CAB4D08->s2@group-6E85041A3092, cid=2071, seq=0, Watch-ALL(104), Message:<EMPTY>, reply=RaftClientReply:client-CFB50CAB4D08->s2@group-6E85041A3092, cid=2071, FAILED org.apache.ratis.protocol.NotReplicatedException: Request with call Id 2071 and log index 104 is not yet replicated to ALL, logIndex=104, commits[s2:c143, s0:c0, s1:c143]
2019-09-24 12:11:25,177 DEBUG impl.WatchRequests (WatchRequests.java:handleTimeout(124)) - s2@group-6E85041A3092-WatchRequests: timeout Watch-ALL_COMMITTED(97)@39.319s?java.util.concurrent.CompletionException: org.apache.ratis.protocol.NotReplicatedException: Request with call Id 2049 and log index 97 is not yet replicated to ALL_COMMITTED, RaftClientRequest:client-CFB50CAB4D08->s2@group-6E85041A3092, cid=2049, seq=0, Watch-ALL_COMMITTED(97), Message:<EMPTY>
2019-09-24 12:11:25,177 DEBUG impl.UnorderedAsync (UnorderedAsync.java:lambda$sendRequestWithRetry$4(77)) - client-CFB50CAB4D08: attempt #1 receive~ RaftClientReply:client-CFB50CAB4D08->s2@group-6E85041A3092, cid=2097, FAILED org.apache.ratis.protocol.NotReplicatedException: Request with call Id 2097 and log index 114 is not yet replicated to ALL_COMMITTED, logIndex=114, commits[s2:c143, s0:c0, s1:c143]
2019-09-24 12:11:25,177 INFO  client.GrpcClientProtocolService (GrpcClientProtocolService.java:lambda$processClientRequest$0(278)) - Failed RaftClientRequest:client-CFB50CAB4D08->s2@group-6E85041A3092, cid=2049, seq=0, Watch-ALL_COMMITTED(97), Message:<EMPTY>, reply=RaftClientReply:client-CFB50CAB4D08->s2@group-6E85041A3092, cid=2049, FAILED org.apache.ratis.protocol.NotReplicatedException: Request with call Id 2049 and log index 97 is not yet replicated to ALL_COMMITTED, logIndex=97, commits[s2:c143, s0:c0, s1:c143]
2019-09-24 12:11:25,507 INFO  impl.FollowerState (FollowerState.java:run(108)) - s1@group-6E85041A3092-FollowerState: change to CANDIDATE, lastRpcTime:394ms, electionTimeout:224ms
2019-09-24 12:11:25,508 DEBUG impl.WatchRequests (WatchRequests.java:handleTimeout(124)) - s2@group-6E85041A3092-WatchRequests: timeout Watch-ALL_COMMITTED(131)@39.319s?java.util.concurrent.CompletionException: org.apache.ratis.protocol.NotReplicatedException: Request with call Id 2141 and log index 131 is not yet replicated to ALL_COMMITTED, RaftClientRequest:client-CFB50CAB4D08->s2@group-6E85041A3092, cid=2141, seq=0, Watch-ALL_COMMITTED(131), Message:<EMPTY>
2019-09-24 12:11:25,508 INFO  client.GrpcClientProtocolService (GrpcClientProtocolService.java:lambda$processClientRequest$0(278)) - Failed RaftClientRequest:client-CFB50CAB4D08->s2@group-6E85041A3092, cid=2141, seq=0, Watch-ALL_COMMITTED(131), Message:<EMPTY>, reply=RaftClientReply:client-CFB50CAB4D08->s2@group-6E85041A3092, cid=2141, FAILED org.apache.ratis.protocol.NotReplicatedException: Request with call Id 2141 and log index 131 is not yet replicated to ALL_COMMITTED, logIndex=131, commits[s2:c143, s0:c0, s1:c143]
2019-09-24 12:11:25,508 INFO  impl.RoleInfo (RoleInfo.java:shutdownFollowerState(121)) - s1: shutdown FollowerState
2019-09-24 12:11:25,508 DEBUG impl.UnorderedAsync (UnorderedAsync.java:lambda$sendRequestWithRetry$4(77)) - client-CFB50CAB4D08: attempt #1 receive~ RaftClientReply:client-CFB50CAB4D08->s2@group-6E85041A3092, cid=2063, FAILED org.apache.ratis.protocol.NotReplicatedException: Request with call Id 2063 and log index 102 is not yet replicated to ALL, logIndex=102, commits[s2:c143, s0:c0, s1:c143]
2019-09-24 12:11:25,508 INFO  impl.RaftServerImpl (RaftServerImpl.java:setRole(170)) - s1@group-6E85041A3092: changes role from  FOLLOWER to CANDIDATE at term 1 for changeToCandidate
2019-09-24 12:11:25,508 INFO  client.GrpcClientProtocolService (GrpcClientProtocolService.java:lambda$processClientRequest$0(278)) - Failed RaftClientRequest:client-CFB50CAB4D08->s2@group-6E85041A3092, cid=2143, seq=0, Watch-ALL(132), Message:<EMPTY>, reply=RaftClientReply:client-CFB50CAB4D08->s2@group-6E85041A3092, cid=2143, FAILED org.apache.ratis.protocol.NotReplicatedException: Request with call Id 2143 and log index 132 is not yet replicated to ALL, logIndex=132, commits[s2:c143, s0:c0, s1:c143]
2019-09-24 12:11:25,508 DEBUG impl.WatchRequests (WatchRequests.java:handleTimeout(124)) - s2@group-6E85041A3092-WatchRequests: timeout Watch-ALL(132)@39.319s?java.util.concurrent.CompletionException: org.apache.ratis.protocol.NotReplicatedException: Request with call Id 2143 and log index 132 is not yet replicated to ALL, RaftClientRequest:client-CFB50CAB4D08->s2@group-6E85041A3092, cid=2143, seq=0, Watch-ALL(132), Message:<EMPTY>
2019-09-24 12:11:25,508 DEBUG impl.UnorderedAsync (UnorderedAsync.java:lambda$sendRequestWithRetry$4(77)) - client-CFB50CAB4D08: attempt #1 receive~ RaftClientReply:client-CFB50CAB4D08->s2@group-6E85041A3092, cid=2071, FAILED org.apache.ratis.protocol.NotReplicatedException: Request with call Id 2071 and log index 104 is not yet replicated to ALL, logIndex=104, commits[s2:c143, s0:c0, s1:c143]
2019-09-24 12:11:25,509 INFO  impl.RoleInfo (RoleInfo.java:updateAndGet(143)) - s1: start LeaderElection
2019-09-24 12:11:25,510 DEBUG impl.WatchRequests (WatchRequests.java:handleTimeout(124)) - s2@group-6E85041A3092-WatchRequests: timeout Watch-ALL(118)@39.319s?java.util.concurrent.CompletionException: org.apache.ratis.protocol.NotReplicatedException: Request with call Id 2111 and log index 118 is not yet replicated to ALL, RaftClientRequest:client-CFB50CAB4D08->s2@group-6E85041A3092, cid=2111, seq=0, Watch-ALL(118), Message:<EMPTY>
2019-09-24 12:11:25,510 DEBUG impl.UnorderedAsync (UnorderedAsync.java:lambda$sendRequestWithRetry$4(77)) - client-CFB50CAB4D08: attempt #1 receive~ RaftClientReply:client-CFB50CAB4D08->s2@group-6E85041A3092, cid=2049, FAILED org.apache.ratis.protocol.NotReplicatedException: Request with call Id 2049 and log index 97 is not yet replicated to ALL_COMMITTED, logIndex=97, commits[s2:c143, s0:c0, s1:c143]
2019-09-24 12:11:25,510 INFO  client.GrpcClientProtocolService (GrpcClientProtocolService.java:lambda$processClientRequest$0(278)) - Failed RaftClientRequest:client-CFB50CAB4D08->s2@group-6E85041A3092, cid=2111, seq=0, Watch-ALL(118), Message:<EMPTY>, reply=RaftClientReply:client-CFB50CAB4D08->s2@group-6E85041A3092, cid=2111, FAILED org.apache.ratis.protocol.NotReplicatedException: Request with call Id 2111 and log index 118 is not yet replicated to ALL, logIndex=118, commits[s2:c143, s0:c0, s1:c143]
2019-09-24 12:11:25,510 DEBUG impl.UnorderedAsync (UnorderedAsync.java:lambda$sendRequestWithRetry$4(77)) - client-CFB50CAB4D08: attempt #1 receive~ RaftClientReply:client-CFB50CAB4D08->s2@group-6E85041A3092, cid=2141, FAILED org.apache.ratis.protocol.NotReplicatedException: Request with call Id 2141 and log index 131 is not yet replicated to ALL_COMMITTED, logIndex=131, commits[s2:c143, s0:c0, s1:c143]
2019-09-24 12:11:25,511 INFO  client.GrpcClientProtocolService (GrpcClientProtocolService.java:lambda$processClientRequest$0(278)) - Failed RaftClientRequest:client-CFB50CAB4D08->s2@group-6E85041A3092, cid=2163, seq=0, Watch-ALL(137), Message:<EMPTY>, reply=RaftClientReply:client-CFB50CAB4D08->s2@group-6E85041A3092, cid=2163, FAILED org.apache.ratis.protocol.NotReplicatedException: Request with call Id 2163 and log index 137 is not yet replicated to ALL, logIndex=137, commits[s2:c143, s0:c0, s1:c143]
2019-09-24 12:11:25,511 INFO  impl.RaftServerImpl (RaftServerImpl.java:setRole(170)) - s1@group-6E85041A3092: changes role from CANDIDATE to FOLLOWER at term 1 for appendEntries
2019-09-24 12:11:25,510 DEBUG impl.WatchRequests (WatchRequests.java:handleTimeout(124)) - s2@group-6E85041A3092-WatchRequests: timeout Watch-ALL(137)@39.319s?java.util.concurrent.CompletionException: org.apache.ratis.protocol.NotReplicatedException: Request with call Id 2163 and log index 137 is not yet replicated to ALL, RaftClientRequest:client-CFB50CAB4D08->s2@group-6E85041A3092, cid=2163, seq=0, Watch-ALL(137), Message:<EMPTY>
2019-09-24 12:11:25,512 INFO  impl.RoleInfo (RoleInfo.java:shutdownLeaderElection(134)) - s1: shutdown LeaderElection
2019-09-24 12:11:25,512 DEBUG impl.UnorderedAsync (UnorderedAsync.java:lambda$sendRequestWithRetry$4(77)) - client-CFB50CAB4D08: attempt #1 receive~ RaftClientReply:client-CFB50CAB4D08->s2@group-6E85041A3092, cid=2143, FAILED org.apache.ratis.protocol.NotReplicatedException: Request with call Id 2143 and log index 132 is not yet replicated to ALL, logIndex=132, commits[s2:c143, s0:c0, s1:c143]
2019-09-24 12:11:25,513 DEBUG impl.WatchRequests (WatchRequests.java:handleTimeout(124)) - s2@group-6E85041A3092-WatchRequests: timeout Watch-ALL_COMMITTED(102)@39.319s?java.util.concurrent.CompletionException: org.apache.ratis.protocol.NotReplicatedException: Request with call Id 2065 and log index 102 is not yet replicated to ALL_COMMITTED, RaftClientRequest:client-CFB50CAB4D08->s2@group-6E85041A3092, cid=2065, seq=0, Watch-ALL_COMMITTED(102), Message:<EMPTY>
2019-09-24 12:11:25,513 INFO  impl.RoleInfo (RoleInfo.java:updateAndGet(143)) - s1: start FollowerState
2019-09-24 12:11:25,513 DEBUG impl.UnorderedAsync (UnorderedAsync.java:lambda$sendRequestWithRetry$4(77)) - client-CFB50CAB4D08: attempt #1 receive~ RaftClientReply:client-CFB50CAB4D08->s2@group-6E85041A3092, cid=2111, FAILED org.apache.ratis.protocol.NotReplicatedException: Request with call Id 2111 and log index 118 is not yet replicated to ALL, logIndex=118, commits[s2:c143, s0:c0, s1:c143]
2019-09-24 12:11:25,513 INFO  client.GrpcClientProtocolService (GrpcClientProtocolService.java:lambda$processClientRequest$0(278)) - Failed RaftClientRequest:client-CFB50CAB4D08->s2@group-6E85041A3092, cid=2065, seq=0, Watch-ALL_COMMITTED(102), Message:<EMPTY>, reply=RaftClientReply:client-CFB50CAB4D08->s2@group-6E85041A3092, cid=2065, FAILED org.apache.ratis.protocol.NotReplicatedException: Request with call Id 2065 and log index 102 is not yet replicated to ALL_COMMITTED, logIndex=102, commits[s2:c143, s0:c0, s1:c143]
2019-09-24 12:11:25,514 INFO  client.GrpcClientProtocolService (GrpcClientProtocolService.java:lambda$processClientRequest$0(278)) - Failed RaftClientRequest:client-CFB50CAB4D08->s2@group-6E85041A3092, cid=2099, seq=0, Watch-ALL(115), Message:<EMPTY>, reply=RaftClientReply:client-CFB50CAB4D08->s2@group-6E85041A3092, cid=2099, FAILED org.apache.ratis.protocol.NotReplicatedException: Request with call Id 2099 and log index 115 is not yet replicated to ALL, logIndex=115, commits[s2:c143, s0:c0, s1:c143]
2019-09-24 12:11:25,513 INFO  impl.RaftServerImpl (ServerState.java:setLeader(254)) - s1@group-6E85041A3092: change Leader from s2 to null at term 1 for initElection
2019-09-24 12:11:25,513 DEBUG impl.WatchRequests (WatchRequests.java:handleTimeout(124)) - s2@group-6E85041A3092-WatchRequests: timeout Watch-ALL(115)@39.319s?java.util.concurrent.CompletionException: org.apache.ratis.protocol.NotReplicatedException: Request with call Id 2099 and log index 115 is not yet replicated to ALL, RaftClientRequest:client-CFB50CAB4D08->s2@group-6E85041A3092, cid=2099, seq=0, Watch-ALL(115), Message:<EMPTY>
2019-09-24 12:11:25,514 DEBUG impl.UnorderedAsync (UnorderedAsync.java:lambda$sendRequestWithRetry$4(77)) - client-CFB50CAB4D08: attempt #1 receive~ RaftClientReply:client-CFB50CAB4D08->s2@group-6E85041A3092, cid=2163, FAILED org.apache.ratis.protocol.NotReplicatedException: Request with call Id 2163 and log index 137 is not yet replicated to ALL, logIndex=137, commits[s2:c143, s0:c0, s1:c143]
2019-09-24 12:11:25,515 DEBUG impl.WatchRequests (WatchRequests.java:handleTimeout(124)) - s2@group-6E85041A3092-WatchRequests: timeout Watch-ALL(136)@39.319s?java.util.concurrent.CompletionException: org.apache.ratis.protocol.NotReplicatedException: Request with call Id 2159 and log index 136 is not yet replicated to ALL, RaftClientRequest:client-CFB50CAB4D08->s2@group-6E85041A3092, cid=2159, seq=0, Watch-ALL(136), Message:<EMPTY>
2019-09-24 12:11:25,515 INFO  client.GrpcClientProtocolService (GrpcClientProtocolService.java:lambda$processClientRequest$0(278)) - Failed RaftClientRequest:client-CFB50CAB4D08->s2@group-6E85041A3092, cid=2159, seq=0, Watch-ALL(136), Message:<EMPTY>, reply=RaftClientReply:client-CFB50CAB4D08->s2@group-6E85041A3092, cid=2159, FAILED org.apache.ratis.protocol.NotReplicatedException: Request with call Id 2159 and log index 136 is not yet replicated to ALL, logIndex=136, commits[s2:c143, s0:c0, s1:c143]
2019-09-24 12:11:25,515 DEBUG impl.UnorderedAsync (UnorderedAsync.java:lambda$sendRequestWithRetry$4(77)) - client-CFB50CAB4D08: attempt #1 receive~ RaftClientReply:client-CFB50CAB4D08->s2@group-6E85041A3092, cid=2065, FAILED org.apache.ratis.protocol.NotReplicatedException: Request with call Id 2065 and log index 102 is not yet replicated to ALL_COMMITTED, logIndex=102, commits[s2:c143, s0:c0, s1:c143]
2019-09-24 12:11:25,515 DEBUG impl.WatchRequests (WatchRequests.java:handleTimeout(124)) - s2@group-6E85041A3092-WatchRequests: timeout Watch-ALL_COMMITTED(136)@39.319s?java.util.concurrent.CompletionException: org.apache.ratis.protocol.NotReplicatedException: Request with call Id 2161 and log index 136 is not yet replicated to ALL_COMMITTED, RaftClientRequest:client-CFB50CAB4D08->s2@group-6E85041A3092, cid=2161, seq=0, Watch-ALL_COMMITTED(136), Message:<EMPTY>
2019-09-24 12:11:25,515 INFO  client.GrpcClientProtocolService (GrpcClientProtocolService.java:lambda$processClientRequest$0(278)) - Failed RaftClientRequest:client-CFB50CAB4D08->s2@group-6E85041A3092, cid=2161, seq=0, Watch-ALL_COMMITTED(136), Message:<EMPTY>, reply=RaftClientReply:client-CFB50CAB4D08->s2@group-6E85041A3092, cid=2161, FAILED org.apache.ratis.protocol.NotReplicatedException: Request with call Id 2161 and log index 136 is not yet replicated to ALL_COMMITTED, logIndex=136, commits[s2:c143, s0:c0, s1:c143]
2019-09-24 12:11:25,516 DEBUG impl.UnorderedAsync (UnorderedAsync.java:lambda$sendRequestWithRetry$4(77)) - client-CFB50CAB4D08: attempt #1 receive~ RaftClientReply:client-CFB50CAB4D08->s2@group-6E85041A3092, cid=2099, FAILED org.apache.ratis.protocol.NotReplicatedException: Request with call Id 2099 and log index 115 is not yet replicated to ALL, logIndex=115, commits[s2:c143, s0:c0, s1:c143]
2019-09-24 12:11:25,516 DEBUG impl.WatchRequests (WatchRequests.java:handleTimeout(124)) - s2@group-6E85041A3092-WatchRequests: timeout Watch-ALL_COMMITTED(105)@39.319s?java.util.concurrent.CompletionException: org.apache.ratis.protocol.NotReplicatedException: Request with call Id 2077 and log index 105 is not yet replicated to ALL_COMMITTED, RaftClientRequest:client-CFB50CAB4D08->s2@group-6E85041A3092, cid=2077, seq=0, Watch-ALL_COMMITTED(105), Message:<EMPTY>
2019-09-24 12:11:25,516 INFO  client.GrpcClientProtocolService (GrpcClientProtocolService.java:lambda$processClientRequest$0(278)) - Failed RaftClientRequest:client-CFB50CAB4D08->s2@group-6E85041A3092, cid=2077, seq=0, Watch-ALL_COMMITTED(105), Message:<EMPTY>, reply=RaftClientReply:client-CFB50CAB4D08->s2@group-6E85041A3092, cid=2077, FAILED org.apache.ratis.protocol.NotReplicatedException: Request with call Id 2077 and log index 105 is not yet replicated to ALL_COMMITTED, logIndex=105, commits[s2:c143, s0:c0, s1:c143]
2019-09-24 12:11:25,516 DEBUG impl.WatchRequests (WatchRequests.java:handleTimeout(124)) - s2@group-6E85041A3092-WatchRequests: timeout Watch-ALL(93)@39.319s?java.util.concurrent.CompletionException: org.apache.ratis.protocol.NotReplicatedException: Request with call Id 2043 and log index 93 is not yet replicated to ALL, RaftClientRequest:client-CFB50CAB4D08->s2@group-6E85041A3092, cid=2043, seq=0, Watch-ALL(93), Message:<EMPTY>
2019-09-24 12:11:25,517 DEBUG impl.UnorderedAsync (UnorderedAsync.java:lambda$sendRequestWithRetry$4(77)) - client-CFB50CAB4D08: attempt #1 receive~ RaftClientReply:client-CFB50CAB4D08->s2@group-6E85041A3092, cid=2159, FAILED org.apache.ratis.protocol.NotReplicatedException: Request with call Id 2159 and log index 136 is not yet replicated to ALL, logIndex=136, commits[s2:c143, s0:c0, s1:c143]
2019-09-24 12:11:25,516 INFO  client.GrpcClientProtocolService (GrpcClientProtocolService.java:lambda$processClientRequest$0(278)) - Failed RaftClientRequest:client-CFB50CAB4D08->s2@group-6E85041A3092, cid=2043, seq=0, Watch-ALL(93), Message:<EMPTY>, reply=RaftClientReply:client-CFB50CAB4D08->s2@group-6E85041A3092, cid=2043, FAILED org.apache.ratis.protocol.NotReplicatedException: Request with call Id 2043 and log index 93 is not yet replicated to ALL, logIndex=93, commits[s2:c143, s0:c0, s1:c143]
2019-09-24 12:11:25,517 DEBUG impl.WatchRequests (WatchRequests.java:handleTimeout(124)) - s2@group-6E85041A3092-WatchRequests: timeout Watch-ALL_COMMITTED(117)@39.319s?java.util.concurrent.CompletionException: org.apache.ratis.protocol.NotReplicatedException: Request with call Id 2109 and log index 117 is not yet replicated to ALL_COMMITTED, RaftClientRequest:client-CFB50CAB4D08->s2@group-6E85041A3092, cid=2109, seq=0, Watch-ALL_COMMITTED(117), Message:<EMPTY>
2019-09-24 12:11:25,517 INFO  client.GrpcClientProtocolService (GrpcClientProtocolService.java:lambda$processClientRequest$0(278)) - Failed RaftClientRequest:client-CFB50CAB4D08->s2@group-6E85041A3092, cid=2109, seq=0, Watch-ALL_COMMITTED(117), Message:<EMPTY>, reply=RaftClientReply:client-CFB50CAB4D08->s2@group-6E85041A3092, cid=2109, FAILED org.apache.ratis.protocol.NotReplicatedException: Request with call Id 2109 and log index 117 is not yet replicated to ALL_COMMITTED, logIndex=117, commits[s2:c143, s0:c0, s1:c143]
2019-09-24 12:11:25,517 DEBUG impl.UnorderedAsync (UnorderedAsync.java:lambda$sendRequestWithRetry$4(77)) - client-CFB50CAB4D08: attempt #1 receive~ RaftClientReply:client-CFB50CAB4D08->s2@group-6E85041A3092, cid=2161, FAILED org.apache.ratis.protocol.NotReplicatedException: Request with call Id 2161 and log index 136 is not yet replicated to ALL_COMMITTED, logIndex=136, commits[s2:c143, s0:c0, s1:c143]
2019-09-24 12:11:25,518 INFO  client.GrpcClientProtocolService (GrpcClientProtocolService.java:lambda$processClientRequest$0(278)) - Failed RaftClientRequest:client-CFB50CAB4D08->s2@group-6E85041A3092, cid=2085, seq=0, Watch-ALL_COMMITTED(110), Message:<EMPTY>, reply=RaftClientReply:client-CFB50CAB4D08->s2@group-6E85041A3092, cid=2085, FAILED org.apache.ratis.protocol.NotReplicatedException: Request with call Id 2085 and log index 110 is not yet replicated to ALL_COMMITTED, logIndex=110, commits[s2:c143, s0:c0, s1:c143]
2019-09-24 12:11:25,518 DEBUG impl.WatchRequests (WatchRequests.java:handleTimeout(124)) - s2@group-6E85041A3092-WatchRequests: timeout Watch-ALL_COMMITTED(110)@39.319s?java.util.concurrent.CompletionException: org.apache.ratis.protocol.NotReplicatedException: Request with call Id 2085 and log index 110 is not yet replicated to ALL_COMMITTED, RaftClientRequest:client-CFB50CAB4D08->s2@group-6E85041A3092, cid=2085, seq=0, Watch-ALL_COMMITTED(110), Message:<EMPTY>
2019-09-24 12:11:25,518 DEBUG impl.UnorderedAsync (UnorderedAsync.java:lambda$sendRequestWithRetry$4(77)) - client-CFB50CAB4D08: attempt #1 receive~ RaftClientReply:client-CFB50CAB4D08->s2@group-6E85041A3092, cid=2077, FAILED org.apache.ratis.protocol.NotReplicatedException: Request with call Id 2077 and log index 105 is not yet replicated to ALL_COMMITTED, logIndex=105, commits[s2:c143, s0:c0, s1:c143]
2019-09-24 12:11:25,518 DEBUG impl.UnorderedAsync (UnorderedAsync.java:lambda$sendRequestWithRetry$4(77)) - client-CFB50CAB4D08: attempt #1 receive~ RaftClientReply:client-CFB50CAB4D08->s2@group-6E85041A3092, cid=2043, FAILED org.apache.ratis.protocol.NotReplicatedException: Request with call Id 2043 and log index 93 is not yet replicated to ALL, logIndex=93, commits[s2:c143, s0:c0, s1:c143]
2019-09-24 12:11:25,518 INFO  client.GrpcClientProtocolService (GrpcClientProtocolService.java:lambda$processClientRequest$0(278)) - Failed RaftClientRequest:client-CFB50CAB4D08->s2@group-6E85041A3092, cid=2083, seq=0, Watch-ALL(110), Message:<EMPTY>, reply=RaftClientReply:client-CFB50CAB4D08->s2@group-6E85041A3092, cid=2083, FAILED org.apache.ratis.protocol.NotReplicatedException: Request with call Id 2083 and log index 110 is not yet replicated to ALL, logIndex=110, commits[s2:c143, s0:c0, s1:c143]
2019-09-24 12:11:25,518 DEBUG impl.WatchRequests (WatchRequests.java:handleTimeout(124)) - s2@group-6E85041A3092-WatchRequests: timeout Watch-ALL(110)@39.319s?java.util.concurrent.CompletionException: org.apache.ratis.protocol.NotReplicatedException: Request with call Id 2083 and log index 110 is not yet replicated to ALL, RaftClientRequest:client-CFB50CAB4D08->s2@group-6E85041A3092, cid=2083, seq=0, Watch-ALL(110), Message:<EMPTY>
2019-09-24 12:11:25,519 DEBUG impl.UnorderedAsync (UnorderedAsync.java:lambda$sendRequestWithRetry$4(77)) - client-CFB50CAB4D08: attempt #1 receive~ RaftClientReply:client-CFB50CAB4D08->s2@group-6E85041A3092, cid=2109, FAILED org.apache.ratis.protocol.NotReplicatedException: Request with call Id 2109 and log index 117 is not yet replicated to ALL_COMMITTED, logIndex=117, commits[s2:c143, s0:c0, s1:c143]
2019-09-24 12:11:25,519 DEBUG impl.WatchRequests (WatchRequests.java:handleTimeout(124)) - s2@group-6E85041A3092-WatchRequests: timeout Watch-ALL_COMMITTED(76)@39.319s?java.util.concurrent.CompletionException: org.apache.ratis.protocol.NotReplicatedException: Request with call Id 2001 and log index 76 is not yet replicated to ALL_COMMITTED, RaftClientRequest:client-CFB50CAB4D08->s2@group-6E85041A3092, cid=2001, seq=0, Watch-ALL_COMMITTED(76), Message:<EMPTY>
2019-09-24 12:11:25,519 INFO  client.GrpcClientProtocolService (GrpcClientProtocolService.java:lambda$processClientRequest$0(278)) - Failed RaftClientRequest:client-CFB50CAB4D08->s2@group-6E85041A3092, cid=2001, seq=0, Watch-ALL_COMMITTED(76), Message:<EMPTY>, reply=RaftClientReply:client-CFB50CAB4D08->s2@group-6E85041A3092, cid=2001, FAILED org.apache.ratis.protocol.NotReplicatedException: Request with call Id 2001 and log index 76 is not yet replicated to ALL_COMMITTED, logIndex=76, commits[s2:c143, s0:c0, s1:c143]
2019-09-24 12:11:25,519 DEBUG impl.UnorderedAsync (UnorderedAsync.java:lambda$sendRequestWithRetry$4(77)) - client-CFB50CAB4D08: attempt #1 receive~ RaftClientReply:client-CFB50CAB4D08->s2@group-6E85041A3092, cid=2085, FAILED org.apache.ratis.protocol.NotReplicatedException: Request with call Id 2085 and log index 110 is not yet replicated to ALL_COMMITTED, logIndex=110, commits[s2:c143, s0:c0, s1:c143]
2019-09-24 12:11:25,519 INFO  client.GrpcClientProtocolService (GrpcClientProtocolService.java:lambda$processClientRequest$0(278)) - Failed RaftClientRequest:client-CFB50CAB4D08->s2@group-6E85041A3092, cid=2015, seq=0, Watch-ALL(86), Message:<EMPTY>, reply=RaftClientReply:client-CFB50CAB4D08->s2@group-6E85041A3092, cid=2015, FAILED org.apache.ratis.protocol.NotReplicatedException: Request with call Id 2015 and log index 86 is not yet replicated to ALL, logIndex=86, commits[s2:c143, s0:c0, s1:c143]
2019-09-24 12:11:25,519 DEBUG impl.WatchRequests (WatchRequests.java:handleTimeout(124)) - s2@group-6E85041A3092-WatchRequests: timeout Watch-ALL(86)@39.319s?java.util.concurrent.CompletionException: org.apache.ratis.protocol.NotReplicatedException: Request with call Id 2015 and log index 86 is not yet replicated to ALL, RaftClientRequest:client-CFB50CAB4D08->s2@group-6E85041A3092, cid=2015, seq=0, Watch-ALL(86), Message:<EMPTY>
2019-09-24 12:11:25,520 DEBUG impl.UnorderedAsync (UnorderedAsync.java:lambda$sendRequestWithRetry$4(77)) - client-CFB50CAB4D08: attempt #1 receive~ RaftClientReply:client-CFB50CAB4D08->s2@group-6E85041A3092, cid=2083, FAILED org.apache.ratis.protocol.NotReplicatedException: Request with call Id 2083 and log index 110 is not yet replicated to ALL, logIndex=110, commits[s2:c143, s0:c0, s1:c143]
2019-09-24 12:11:25,520 DEBUG impl.WatchRequests (WatchRequests.java:handleTimeout(124)) - s2@group-6E85041A3092-WatchRequests: timeout Watch-ALL(124)@39.319s?java.util.concurrent.CompletionException: org.apache.ratis.protocol.NotReplicatedException: Request with call Id 2119 and log index 124 is not yet replicated to ALL, RaftClientRequest:client-CFB50CAB4D08->s2@group-6E85041A3092, cid=2119, seq=0, Watch-ALL(124), Message:<EMPTY>
2019-09-24 12:11:25,520 INFO  client.GrpcClientProtocolService (GrpcClientProtocolService.java:lambda$processClientRequest$0(278)) - Failed RaftClientRequest:client-CFB50CAB4D08->s2@group-6E85041A3092, cid=2119, seq=0, Watch-ALL(124), Message:<EMPTY>, reply=RaftClientReply:client-CFB50CAB4D08->s2@group-6E85041A3092, cid=2119, FAILED org.apache.ratis.protocol.NotReplicatedException: Request with call Id 2119 and log index 124 is not yet replicated to ALL, logIndex=124, commits[s2:c143, s0:c0, s1:c143]
2019-09-24 12:11:25,520 DEBUG impl.UnorderedAsync (UnorderedAsync.java:lambda$sendRequestWithRetry$4(77)) - client-CFB50CAB4D08: attempt #1 receive~ RaftClientReply:client-CFB50CAB4D08->s2@group-6E85041A3092, cid=2001, FAILED org.apache.ratis.protocol.NotReplicatedException: Request with call Id 2001 and log index 76 is not yet replicated to ALL_COMMITTED, logIndex=76, commits[s2:c143, s0:c0, s1:c143]
2019-09-24 12:11:25,521 INFO  client.GrpcClientProtocolService (GrpcClientProtocolService.java:lambda$processClientRequest$0(278)) - Failed RaftClientRequest:client-CFB50CAB4D08->s2@group-6E85041A3092, cid=2153, seq=0, Watch-ALL_COMMITTED(134), Message:<EMPTY>, reply=RaftClientReply:client-CFB50CAB4D08->s2@group-6E85041A3092, cid=2153, FAILED org.apache.ratis.protocol.NotReplicatedException: Request with call Id 2153 and log index 134 is not yet replicated to ALL_COMMITTED, logIndex=134, commits[s2:c143, s0:c0, s1:c143]
2019-09-24 12:11:25,520 DEBUG impl.WatchRequests (WatchRequests.java:handleTimeout(124)) - s2@group-6E85041A3092-WatchRequests: timeout Watch-ALL_COMMITTED(134)@39.319s?java.util.concurrent.CompletionException: org.apache.ratis.protocol.NotReplicatedException: Request with call Id 2153 and log index 134 is not yet replicated to ALL_COMMITTED, RaftClientRequest:client-CFB50CAB4D08->s2@group-6E85041A3092, cid=2153, seq=0, Watch-ALL_COMMITTED(134), Message:<EMPTY>
2019-09-24 12:11:25,521 DEBUG impl.UnorderedAsync (UnorderedAsync.java:lambda$sendRequestWithRetry$4(77)) - client-CFB50CAB4D08: attempt #1 receive~ RaftClientReply:client-CFB50CAB4D08->s2@group-6E85041A3092, cid=2015, FAILED org.apache.ratis.protocol.NotReplicatedException: Request with call Id 2015 and log index 86 is not yet replicated to ALL, logIndex=86, commits[s2:c143, s0:c0, s1:c143]
2019-09-24 12:11:25,521 DEBUG impl.UnorderedAsync (UnorderedAsync.java:lambda$sendRequestWithRetry$4(77)) - client-CFB50CAB4D08: attempt #1 receive~ RaftClientReply:client-CFB50CAB4D08->s2@group-6E85041A3092, cid=2119, FAILED org.apache.ratis.protocol.NotReplicatedException: Request with call Id 2119 and log index 124 is not yet replicated to ALL, logIndex=124, commits[s2:c143, s0:c0, s1:c143]
2019-09-24 12:11:25,521 DEBUG impl.WatchRequests (WatchRequests.java:handleTimeout(124)) - s2@group-6E85041A3092-WatchRequests: timeout Watch-ALL_COMMITTED(111)@39.319s?java.util.concurrent.CompletionException: org.apache.ratis.protocol.NotReplicatedException: Request with call Id 2089 and log index 111 is not yet replicated to ALL_COMMITTED, RaftClientRequest:client-CFB50CAB4D08->s2@group-6E85041A3092, cid=2089, seq=0, Watch-ALL_COMMITTED(111), Message:<EMPTY>
2019-09-24 12:11:25,521 INFO  client.GrpcClientProtocolService (GrpcClientProtocolService.java:lambda$processClientRequest$0(278)) - Failed RaftClientRequest:client-CFB50CAB4D08->s2@group-6E85041A3092, cid=2089, seq=0, Watch-ALL_COMMITTED(111), Message:<EMPTY>, reply=RaftClientReply:client-CFB50CAB4D08->s2@group-6E85041A3092, cid=2089, FAILED org.apache.ratis.protocol.NotReplicatedException: Request with call Id 2089 and log index 111 is not yet replicated to ALL_COMMITTED, logIndex=111, commits[s2:c143, s0:c0, s1:c143]
2019-09-24 12:11:25,521 DEBUG impl.UnorderedAsync (UnorderedAsync.java:lambda$sendRequestWithRetry$4(77)) - client-CFB50CAB4D08: attempt #1 receive~ RaftClientReply:client-CFB50CAB4D08->s2@group-6E85041A3092, cid=2153, FAILED org.apache.ratis.protocol.NotReplicatedException: Request with call Id 2153 and log index 134 is not yet replicated to ALL_COMMITTED, logIndex=134, commits[s2:c143, s0:c0, s1:c143]
2019-09-24 12:11:25,522 DEBUG impl.WatchRequests (WatchRequests.java:handleTimeout(124)) - s2@group-6E85041A3092-WatchRequests: timeout Watch-ALL_COMMITTED(133)@39.319s?java.util.concurrent.CompletionException: org.apache.ratis.protocol.NotReplicatedException: Request with call Id 2149 and log index 133 is not yet replicated to ALL_COMMITTED, RaftClientRequest:client-CFB50CAB4D08->s2@group-6E85041A3092, cid=2149, seq=0, Watch-ALL_COMMITTED(133), Message:<EMPTY>
2019-09-24 12:11:25,522 INFO  client.GrpcClientProtocolService (GrpcClientProtocolService.java:lambda$processClientRequest$0(278)) - Failed RaftClientRequest:client-CFB50CAB4D08->s2@group-6E85041A3092, cid=2149, seq=0, Watch-ALL_COMMITTED(133), Message:<EMPTY>, reply=RaftClientReply:client-CFB50CAB4D08->s2@group-6E85041A3092, cid=2149, FAILED org.apache.ratis.protocol.NotReplicatedException: Request with call Id 2149 and log index 133 is not yet replicated to ALL_COMMITTED, logIndex=133, commits[s2:c143, s0:c0, s1:c143]
2019-09-24 12:11:25,522 DEBUG impl.UnorderedAsync (UnorderedAsync.java:lambda$sendRequestWithRetry$4(77)) - client-CFB50CAB4D08: attempt #1 receive~ RaftClientReply:client-CFB50CAB4D08->s2@group-6E85041A3092, cid=2089, FAILED org.apache.ratis.protocol.NotReplicatedException: Request with call Id 2089 and log index 111 is not yet replicated to ALL_COMMITTED, logIndex=111, commits[s2:c143, s0:c0, s1:c143]
2019-09-24 12:11:25,522 DEBUG impl.WatchRequests (WatchRequests.java:handleTimeout(124)) - s2@group-6E85041A3092-WatchRequests: timeout Watch-ALL_COMMITTED(135)@39.319s?java.util.concurrent.CompletionException: org.apache.ratis.protocol.NotReplicatedException: Request with call Id 2157 and log index 135 is not yet replicated to ALL_COMMITTED, RaftClientRequest:client-CFB50CAB4D08->s2@group-6E85041A3092, cid=2157, seq=0, Watch-ALL_COMMITTED(135), Message:<EMPTY>
2019-09-24 12:11:25,522 INFO  client.GrpcClientProtocolService (GrpcClientProtocolService.java:lambda$processClientRequest$0(278)) - Failed RaftClientRequest:client-CFB50CAB4D08->s2@group-6E85041A3092, cid=2157, seq=0, Watch-ALL_COMMITTED(135), Message:<EMPTY>, reply=RaftClientReply:client-CFB50CAB4D08->s2@group-6E85041A3092, cid=2157, FAILED org.apache.ratis.protocol.NotReplicatedException: Request with call Id 2157 and log index 135 is not yet replicated to ALL_COMMITTED, logIndex=135, commits[s2:c143, s0:c0, s1:c143]
2019-09-24 12:11:25,523 DEBUG impl.WatchRequests (WatchRequests.java:handleTimeout(124)) - s2@group-6E85041A3092-WatchRequests: timeout Watch-ALL(105)@39.319s?java.util.concurrent.CompletionException: org.apache.ratis.protocol.NotReplicatedException: Request with call Id 2075 and log index 105 is not yet replicated to ALL, RaftClientRequest:client-CFB50CAB4D08->s2@group-6E85041A3092, cid=2075, seq=0, Watch-ALL(105), Message:<EMPTY>
2019-09-24 12:11:25,523 INFO  client.GrpcClientProtocolService (GrpcClientProtocolService.java:lambda$processClientRequest$0(278)) - Failed RaftClientRequest:client-CFB50CAB4D08->s2@group-6E85041A3092, cid=2075, seq=0, Watch-ALL(105), Message:<EMPTY>, reply=RaftClientReply:client-CFB50CAB4D08->s2@group-6E85041A3092, cid=2075, FAILED org.apache.ratis.protocol.NotReplicatedException: Request with call Id 2075 and log index 105 is not yet replicated to ALL, logIndex=105, commits[s2:c143, s0:c0, s1:c143]
2019-09-24 12:11:25,523 DEBUG impl.UnorderedAsync (UnorderedAsync.java:lambda$sendRequestWithRetry$4(77)) - client-CFB50CAB4D08: attempt #1 receive~ RaftClientReply:client-CFB50CAB4D08->s2@group-6E85041A3092, cid=2149, FAILED org.apache.ratis.protocol.NotReplicatedException: Request with call Id 2149 and log index 133 is not yet replicated to ALL_COMMITTED, logIndex=133, commits[s2:c143, s0:c0, s1:c143]
2019-09-24 12:11:25,523 DEBUG impl.WatchRequests (WatchRequests.java:handleTimeout(124)) - s2@group-6E85041A3092-WatchRequests: timeout Watch-ALL(97)@39.319s?java.util.concurrent.CompletionException: org.apache.ratis.protocol.NotReplicatedException: Request with call Id 2047 and log index 97 is not yet replicated to ALL, RaftClientRequest:client-CFB50CAB4D08->s2@group-6E85041A3092, cid=2047, seq=0, Watch-ALL(97), Message:<EMPTY>
2019-09-24 12:11:25,523 INFO  client.GrpcClientProtocolService (GrpcClientProtocolService.java:lambda$processClientRequest$0(278)) - Failed RaftClientRequest:client-CFB50CAB4D08->s2@group-6E85041A3092, cid=2047, seq=0, Watch-ALL(97), Message:<EMPTY>, reply=RaftClientReply:client-CFB50CAB4D08->s2@group-6E85041A3092, cid=2047, FAILED org.apache.ratis.protocol.NotReplicatedException: Request with call Id 2047 and log index 97 is not yet replicated to ALL, logIndex=97, commits[s2:c143, s0:c0, s1:c143]
2019-09-24 12:11:25,523 DEBUG impl.UnorderedAsync (UnorderedAsync.java:lambda$sendRequestWithRetry$4(77)) - client-CFB50CAB4D08: attempt #1 receive~ RaftClientReply:client-CFB50CAB4D08->s2@group-6E85041A3092, cid=2157, FAILED org.apache.ratis.protocol.NotReplicatedException: Request with call Id 2157 and log index 135 is not yet replicated to ALL_COMMITTED, logIndex=135, commits[s2:c143, s0:c0, s1:c143]
2019-09-24 12:11:25,523 INFO  client.GrpcClientProtocolService (GrpcClientProtocolService.java:lambda$processClientRequest$0(278)) - Failed RaftClientRequest:client-CFB50CAB4D08->s2@group-6E85041A3092, cid=2079, seq=0, Watch-ALL(106), Message:<EMPTY>, reply=RaftClientReply:client-CFB50CAB4D08->s2@group-6E85041A3092, cid=2079, FAILED org.apache.ratis.protocol.NotReplicatedException: Request with call Id 2079 and log index 106 is not yet replicated to ALL, logIndex=106, commits[s2:c143, s0:c0, s1:c143]
2019-09-24 12:11:25,523 DEBUG impl.WatchRequests (WatchRequests.java:handleTimeout(124)) - s2@group-6E85041A3092-WatchRequests: timeout Watch-ALL(106)@39.319s?java.util.concurrent.CompletionException: org.apache.ratis.protocol.NotReplicatedException: Request with call Id 2079 and log index 106 is not yet replicated to ALL, RaftClientRequest:client-CFB50CAB4D08->s2@group-6E85041A3092, cid=2079, seq=0, Watch-ALL(106), Message:<EMPTY>
2019-09-24 12:11:25,523 DEBUG impl.UnorderedAsync (UnorderedAsync.java:lambda$sendRequestWithRetry$4(77)) - client-CFB50CAB4D08: attempt #1 receive~ RaftClientReply:client-CFB50CAB4D08->s2@group-6E85041A3092, cid=2075, FAILED org.apache.ratis.protocol.NotReplicatedException: Request with call Id 2075 and log index 105 is not yet replicated to ALL, logIndex=105, commits[s2:c143, s0:c0, s1:c143]
2019-09-24 12:11:25,524 DEBUG impl.WatchRequests (WatchRequests.java:handleTimeout(124)) - s2@group-6E85041A3092-WatchRequests: timeout Watch-ALL_COMMITTED(86)@39.319s?java.util.concurrent.CompletionException: org.apache.ratis.protocol.NotReplicatedException: Request with call Id 2017 and log index 86 is not yet replicated to ALL_COMMITTED, RaftClientRequest:client-CFB50CAB4D08->s2@group-6E85041A3092, cid=2017, seq=0, Watch-ALL_COMMITTED(86), Message:<EMPTY>
2019-09-24 12:11:25,524 INFO  client.GrpcClientProtocolService (GrpcClientProtocolService.java:lambda$processClientRequest$0(278)) - Failed RaftClientRequest:client-CFB50CAB4D08->s2@group-6E85041A3092, cid=2017, seq=0, Watch-ALL_COMMITTED(86), Message:<EMPTY>, reply=RaftClientReply:client-CFB50CAB4D08->s2@group-6E85041A3092, cid=2017, FAILED org.apache.ratis.protocol.NotReplicatedException: Request with call Id 2017 and log index 86 is not yet replicated to ALL_COMMITTED, logIndex=86, commits[s2:c143, s0:c0, s1:c143]
2019-09-24 12:11:25,524 DEBUG impl.UnorderedAsync (UnorderedAsync.java:lambda$sendRequestWithRetry$4(77)) - client-CFB50CAB4D08: attempt #1 receive~ RaftClientReply:client-CFB50CAB4D08->s2@group-6E85041A3092, cid=2047, FAILED org.apache.ratis.protocol.NotReplicatedException: Request with call Id 2047 and log index 97 is not yet replicated to ALL, logIndex=97, commits[s2:c143, s0:c0, s1:c143]
2019-09-24 12:11:25,524 DEBUG impl.WatchRequests (WatchRequests.java:handleTimeout(124)) - s2@group-6E85041A3092-WatchRequests: timeout Watch-ALL(111)@39.319s?java.util.concurrent.CompletionException: org.apache.ratis.protocol.NotReplicatedException: Request with call Id 2087 and log index 111 is not yet replicated to ALL, RaftClientRequest:client-CFB50CAB4D08->s2@group-6E85041A3092, cid=2087, seq=0, Watch-ALL(111), Message:<EMPTY>
2019-09-24 12:11:25,525 DEBUG impl.UnorderedAsync (UnorderedAsync.java:lambda$sendRequestWithRetry$4(77)) - client-CFB50CAB4D08: attempt #1 receive~ RaftClientReply:client-CFB50CAB4D08->s2@group-6E85041A3092, cid=2079, FAILED org.apache.ratis.protocol.NotReplicatedException: Request with call Id 2079 and log index 106 is not yet replicated to ALL, logIndex=106, commits[s2:c143, s0:c0, s1:c143]
2019-09-24 12:11:25,525 INFO  client.GrpcClientProtocolService (GrpcClientProtocolService.java:lambda$processClientRequest$0(278)) - Failed RaftClientRequest:client-CFB50CAB4D08->s2@group-6E85041A3092, cid=2087, seq=0, Watch-ALL(111), Message:<EMPTY>, reply=RaftClientReply:client-CFB50CAB4D08->s2@group-6E85041A3092, cid=2087, FAILED org.apache.ratis.protocol.NotReplicatedException: Request with call Id 2087 and log index 111 is not yet replicated to ALL, logIndex=111, commits[s2:c143, s0:c0, s1:c143]
2019-09-24 12:11:25,525 DEBUG impl.WatchRequests (WatchRequests.java:handleTimeout(124)) - s2@group-6E85041A3092-WatchRequests: timeout Watch-ALL_COMMITTED(75)@39.319s?java.util.concurrent.CompletionException: org.apache.ratis.protocol.NotReplicatedException: Request with call Id 1997 and log index 75 is not yet replicated to ALL_COMMITTED, RaftClientRequest:client-CFB50CAB4D08->s2@group-6E85041A3092, cid=1997, seq=0, Watch-ALL_COMMITTED(75), Message:<EMPTY>
2019-09-24 12:11:25,525 DEBUG impl.UnorderedAsync (UnorderedAsync.java:lambda$sendRequestWithRetry$4(77)) - client-CFB50CAB4D08: attempt #1 receive~ RaftClientReply:client-CFB50CAB4D08->s2@group-6E85041A3092, cid=2017, FAILED org.apache.ratis.protocol.NotReplicatedException: Request with call Id 2017 and log index 86 is not yet replicated to ALL_COMMITTED, logIndex=86, commits[s2:c143, s0:c0, s1:c143]
2019-09-24 12:11:25,525 INFO  client.GrpcClientProtocolService (GrpcClientProtocolService.java:lambda$processClientRequest$0(278)) - Failed RaftClientRequest:client-CFB50CAB4D08->s2@group-6E85041A3092, cid=1997, seq=0, Watch-ALL_COMMITTED(75), Message:<EMPTY>, reply=RaftClientReply:client-CFB50CAB4D08->s2@group-6E85041A3092, cid=1997, FAILED org.apache.ratis.protocol.NotReplicatedException: Request with call Id 1997 and log index 75 is not yet replicated to ALL_COMMITTED, logIndex=75, commits[s2:c143, s0:c0, s1:c143]
2019-09-24 12:11:25,525 DEBUG impl.WatchRequests (WatchRequests.java:handleTimeout(124)) - s2@group-6E85041A3092-WatchRequests: timeout Watch-ALL(76)@39.319s?java.util.concurrent.CompletionException: org.apache.ratis.protocol.NotReplicatedException: Request with call Id 1999 and log index 76 is not yet replicated to ALL, RaftClientRequest:client-CFB50CAB4D08->s2@group-6E85041A3092, cid=1999, seq=0, Watch-ALL(76), Message:<EMPTY>
2019-09-24 12:11:25,525 INFO  client.GrpcClientProtocolService (GrpcClientProtocolService.java:lambda$processClientRequest$0(278)) - Failed RaftClientRequest:client-CFB50CAB4D08->s2@group-6E85041A3092, cid=1999, seq=0, Watch-ALL(76), Message:<EMPTY>, reply=RaftClientReply:client-CFB50CAB4D08->s2@group-6E85041A3092, cid=1999, FAILED org.apache.ratis.protocol.NotReplicatedException: Request with call Id 1999 and log index 76 is not yet replicated to ALL, logIndex=76, commits[s2:c143, s0:c0, s1:c143]
2019-09-24 12:11:25,526 DEBUG impl.UnorderedAsync (UnorderedAsync.java:lambda$sendRequestWithRetry$4(77)) - client-CFB50CAB4D08: attempt #1 receive~ RaftClientReply:client-CFB50CAB4D08->s2@group-6E85041A3092, cid=2087, FAILED org.apache.ratis.protocol.NotReplicatedException: Request with call Id 2087 and log index 111 is not yet replicated to ALL, logIndex=111, commits[s2:c143, s0:c0, s1:c143]
2019-09-24 12:11:25,526 DEBUG impl.WatchRequests (WatchRequests.java:handleTimeout(124)) - s2@group-6E85041A3092-WatchRequests: timeout Watch-ALL_COMMITTED(98)@39.319s?java.util.concurrent.CompletionException: org.apache.ratis.protocol.NotReplicatedException: Request with call Id 2053 and log index 98 is not yet replicated to ALL_COMMITTED, RaftClientRequest:client-CFB50CAB4D08->s2@group-6E85041A3092, cid=2053, seq=0, Watch-ALL_COMMITTED(98), Message:<EMPTY>
2019-09-24 12:11:25,526 INFO  client.GrpcClientProtocolService (GrpcClientProtocolService.java:lambda$processClientRequest$0(278)) - Failed RaftClientRequest:client-CFB50CAB4D08->s2@group-6E85041A3092, cid=2053, seq=0, Watch-ALL_COMMITTED(98), Message:<EMPTY>, reply=RaftClientReply:client-CFB50CAB4D08->s2@group-6E85041A3092, cid=2053, FAILED org.apache.ratis.protocol.NotReplicatedException: Request with call Id 2053 and log index 98 is not yet replicated to ALL_COMMITTED, logIndex=98, commits[s2:c143, s0:c0, s1:c143]
2019-09-24 12:11:25,526 DEBUG impl.UnorderedAsync (UnorderedAsync.java:lambda$sendRequestWithRetry$4(77)) - client-CFB50CAB4D08: attempt #1 receive~ RaftClientReply:client-CFB50CAB4D08->s2@group-6E85041A3092, cid=1997, FAILED org.apache.ratis.protocol.NotReplicatedException: Request with call Id 1997 and log index 75 is not yet replicated to ALL_COMMITTED, logIndex=75, commits[s2:c143, s0:c0, s1:c143]
2019-09-24 12:11:25,526 INFO  client.GrpcClientProtocolService (GrpcClientProtocolService.java:lambda$processClientRequest$0(278)) - Failed RaftClientRequest:client-CFB50CAB4D08->s2@group-6E85041A3092, cid=2091, seq=0, Watch-ALL(112), Message:<EMPTY>, reply=RaftClientReply:client-CFB50CAB4D08->s2@group-6E85041A3092, cid=2091, FAILED org.apache.ratis.protocol.NotReplicatedException: Request with call Id 2091 and log index 112 is not yet replicated to ALL, logIndex=112, commits[s2:c143, s0:c0, s1:c143]
2019-09-24 12:11:25,526 DEBUG impl.WatchRequests (WatchRequests.java:handleTimeout(124)) - s2@group-6E85041A3092-WatchRequests: timeout Watch-ALL(112)@39.319s?java.util.concurrent.CompletionException: org.apache.ratis.protocol.NotReplicatedException: Request with call Id 2091 and log index 112 is not yet replicated to ALL, RaftClientRequest:client-CFB50CAB4D08->s2@group-6E85041A3092, cid=2091, seq=0, Watch-ALL(112), Message:<EMPTY>
2019-09-24 12:11:25,526 ERROR grpc.TestWatchRequestWithGrpc (WatchRequestTests.java:get(169)) - Failed to get allCommitted(75)
2019-09-24 12:11:25,526 DEBUG impl.UnorderedAsync (UnorderedAsync.java:lambda$sendRequestWithRetry$4(77)) - client-CFB50CAB4D08: attempt #1 receive~ RaftClientReply:client-CFB50CAB4D08->s2@group-6E85041A3092, cid=1999, FAILED org.apache.ratis.protocol.NotReplicatedException: Request with call Id 1999 and log index 76 is not yet replicated to ALL, logIndex=76, commits[s2:c143, s0:c0, s1:c143]
2019-09-24 12:11:25,527 INFO  client.GrpcClientProtocolService (GrpcClientProtocolService.java:lambda$processClientRequest$0(278)) - Failed RaftClientRequest:client-CFB50CAB4D08->s2@group-6E85041A3092, cid=2137, seq=0, Watch-ALL_COMMITTED(130), Message:<EMPTY>, reply=RaftClientReply:client-CFB50CAB4D08->s2@group-6E85041A3092, cid=2137, FAILED org.apache.ratis.protocol.NotReplicatedException: Request with call Id 2137 and log index 130 is not yet replicated to ALL_COMMITTED, logIndex=130, commits[s2:c143, s0:c0, s1:c143]
2019-09-24 12:11:25,527 DEBUG impl.WatchRequests (WatchRequests.java:handleTimeout(124)) - s2@group-6E85041A3092-WatchRequests: timeout Watch-ALL_COMMITTED(130)@39.319s?java.util.concurrent.CompletionException: org.apache.ratis.protocol.NotReplicatedException: Request with call Id 2137 and log index 130 is not yet replicated to ALL_COMMITTED, RaftClientRequest:client-CFB50CAB4D08->s2@group-6E85041A3092, cid=2137, seq=0, Watch-ALL_COMMITTED(130), Message:<EMPTY>
2019-09-24 12:11:25,527 INFO  grpc.TestWatchRequestWithGrpc (WatchRequestTests.java:checkTimeout(396)) - checkTimeout 57: receive RaftClientReply:client-CFB50CAB4D08->s2@group-6E85041A3092, cid=1727, SUCCESS, logIndex=76, commits[s2:c76, s0:c0, s1:c63]
2019-09-24 12:11:25,527 DEBUG impl.UnorderedAsync (UnorderedAsync.java:lambda$sendRequestWithRetry$4(77)) - client-CFB50CAB4D08: attempt #1 receive~ RaftClientReply:client-CFB50CAB4D08->s2@group-6E85041A3092, cid=2091, FAILED org.apache.ratis.protocol.NotReplicatedException: Request with call Id 2091 and log index 112 is not yet replicated to ALL, logIndex=112, commits[s2:c143, s0:c0, s1:c143]
2019-09-24 12:11:25,527 DEBUG impl.UnorderedAsync (UnorderedAsync.java:lambda$sendRequestWithRetry$4(77)) - client-CFB50CAB4D08: attempt #1 receive~ RaftClientReply:client-CFB50CAB4D08->s2@group-6E85041A3092, cid=2053, FAILED org.apache.ratis.protocol.NotReplicatedException: Request with call Id 2053 and log index 98 is not yet replicated to ALL_COMMITTED, logIndex=98, commits[s2:c143, s0:c0, s1:c143]
2019-09-24 12:11:25,528 DEBUG impl.WatchRequests (WatchRequests.java:handleTimeout(124)) - s2@group-6E85041A3092-WatchRequests: timeout Watch-ALL_COMMITTED(138)@39.319s?java.util.concurrent.CompletionException: org.apache.ratis.protocol.NotReplicatedException: Request with call Id 2169 and log index 138 is not yet replicated to ALL_COMMITTED, RaftClientRequest:client-CFB50CAB4D08->s2@group-6E85041A3092, cid=2169, seq=0, Watch-ALL_COMMITTED(138), Message:<EMPTY>
2019-09-24 12:11:25,527 ERROR grpc.TestWatchRequestWithGrpc (WatchRequestTests.java:get(169)) - Failed to get all(76)
2019-09-24 12:11:25,528 DEBUG impl.UnorderedAsync (UnorderedAsync.java:lambda$sendRequestWithRetry$4(77)) - client-CFB50CAB4D08: attempt #1 receive~ RaftClientReply:client-CFB50CAB4D08->s2@group-6E85041A3092, cid=2137, FAILED org.apache.ratis.protocol.NotReplicatedException: Request with call Id 2137 and log index 130 is not yet replicated to ALL_COMMITTED, logIndex=130, commits[s2:c143, s0:c0, s1:c143]
2019-09-24 12:11:25,528 INFO  client.GrpcClientProtocolService (GrpcClientProtocolService.java:lambda$processClientRequest$0(278)) - Failed RaftClientRequest:client-CFB50CAB4D08->s2@group-6E85041A3092, cid=2095, seq=0, Watch-ALL(114), Message:<EMPTY>, reply=RaftClientReply:client-CFB50CAB4D08->s2@group-6E85041A3092, cid=2095, FAILED org.apache.ratis.protocol.NotReplicatedException: Request with call Id 2095 and log index 114 is not yet replicated to ALL, logIndex=114, commits[s2:c143, s0:c0, s1:c143]
2019-09-24 12:11:25,528 INFO  client.GrpcClientProtocolService (GrpcClientProtocolService.java:lambda$processClientRequest$0(278)) - Failed RaftClientRequest:client-CFB50CAB4D08->s2@group-6E85041A3092, cid=2169, seq=0, Watch-ALL_COMMITTED(138), Message:<EMPTY>, reply=RaftClientReply:client-CFB50CAB4D08->s2@group-6E85041A3092, cid=2169, FAILED org.apache.ratis.protocol.NotReplicatedException: Request with call Id 2169 and log index 138 is not yet replicated to ALL_COMMITTED, logIndex=138, commits[s2:c143, s0:c0, s1:c143]
2019-09-24 12:11:25,528 DEBUG impl.WatchRequests (WatchRequests.java:handleTimeout(124)) - s2@group-6E85041A3092-WatchRequests: timeout Watch-ALL(114)@39.319s?java.util.concurrent.CompletionException: org.apache.ratis.protocol.NotReplicatedException: Request with call Id 2095 and log index 114 is not yet replicated to ALL, RaftClientRequest:client-CFB50CAB4D08->s2@group-6E85041A3092, cid=2095, seq=0, Watch-ALL(114), Message:<EMPTY>
2019-09-24 12:11:25,528 ERROR grpc.TestWatchRequestWithGrpc (WatchRequestTests.java:get(169)) - Failed to get allCommitted(76)
2019-09-24 12:11:25,529 INFO  grpc.TestWatchRequestWithGrpc (WatchRequestTests.java:checkTimeout(396)) - checkTimeout 58: receive RaftClientReply:client-CFB50CAB4D08->s2@group-6E85041A3092, cid=1728, SUCCESS, logIndex=78, commits[s2:c93, s0:c0, s1:c75]
2019-09-24 12:11:25,529 INFO  impl.LeaderElection (LeaderElection.java:askForVotes(178)) - s1@group-6E85041A3092-LeaderElection13: begin an election at term 2 for 0: [s0:0.0.0.0:46774, s1:0.0.0.0:44201, s2:0.0.0.0:41281], old=null
2019-09-24 12:11:25,529 INFO  client.GrpcClientProtocolService (GrpcClientProtocolService.java:lambda$processClientRequest$0(278)) - Failed RaftClientRequest:client-CFB50CAB4D08->s2@group-6E85041A3092, cid=2005, seq=0, Watch-ALL_COMMITTED(78), Message:<EMPTY>, reply=RaftClientReply:client-CFB50CAB4D08->s2@group-6E85041A3092, cid=2005, FAILED org.apache.ratis.protocol.NotReplicatedException: Request with call Id 2005 and log index 78 is not yet replicated to ALL_COMMITTED, logIndex=78, commits[s2:c143, s0:c0, s1:c143]
2019-09-24 12:11:25,529 DEBUG impl.WatchRequests (WatchRequests.java:handleTimeout(124)) - s2@group-6E85041A3092-WatchRequests: timeout Watch-ALL_COMMITTED(78)@39.319s?java.util.concurrent.CompletionException: org.apache.ratis.protocol.NotReplicatedException: Request with call Id 2005 and log index 78 is not yet replicated to ALL_COMMITTED, RaftClientRequest:client-CFB50CAB4D08->s2@group-6E85041A3092, cid=2005, seq=0, Watch-ALL_COMMITTED(78), Message:<EMPTY>
2019-09-24 12:11:25,529 DEBUG impl.UnorderedAsync (UnorderedAsync.java:lambda$sendRequestWithRetry$4(77)) - client-CFB50CAB4D08: attempt #1 receive~ RaftClientReply:client-CFB50CAB4D08->s2@group-6E85041A3092, cid=2095, FAILED org.apache.ratis.protocol.NotReplicatedException: Request with call Id 2095 and log index 114 is not yet replicated to ALL, logIndex=114, commits[s2:c143, s0:c0, s1:c143]
2019-09-24 12:11:25,530 DEBUG impl.WatchRequests (WatchRequests.java:handleTimeout(124)) - s2@group-6E85041A3092-WatchRequests: timeout Watch-ALL(130)@39.319s?java.util.concurrent.CompletionException: org.apache.ratis.protocol.NotReplicatedException: Request with call Id 2135 and log index 130 is not yet replicated to ALL, RaftClientRequest:client-CFB50CAB4D08->s2@group-6E85041A3092, cid=2135, seq=0, Watch-ALL(130), Message:<EMPTY>
2019-09-24 12:11:25,530 INFO  client.GrpcClientProtocolService (GrpcClientProtocolService.java:lambda$processClientRequest$0(278)) - Failed RaftClientRequest:client-CFB50CAB4D08->s2@group-6E85041A3092, cid=2135, seq=0, Watch-ALL(130), Message:<EMPTY>, reply=RaftClientReply:client-CFB50CAB4D08->s2@group-6E85041A3092, cid=2135, FAILED org.apache.ratis.protocol.NotReplicatedException: Request with call Id 2135 and log index 130 is not yet replicated to ALL, logIndex=130, commits[s2:c143, s0:c0, s1:c143]
2019-09-24 12:11:25,530 INFO  impl.LeaderElection (LeaderElection.java:logAndReturn(56)) - s1@group-6E85041A3092-LeaderElection13: Election REJECTED; received 0 response(s) [] and 0 exception(s); s1@group-6E85041A3092:t2, leader=null, voted=s1, raftlog=s1@group-6E85041A3092-SegmentedRaftLog:OPENED:c143,f143,i143, conf=0: [s0:0.0.0.0:46774, s1:0.0.0.0:44201, s2:0.0.0.0:41281], old=null
2019-09-24 12:11:25,531 DEBUG impl.WatchRequests (WatchRequests.java:handleTimeout(124)) - s2@group-6E85041A3092-WatchRequests: timeout Watch-ALL(117)@39.319s?java.util.concurrent.CompletionException: org.apache.ratis.protocol.NotReplicatedException: Request with call Id 2107 and log index 117 is not yet replicated to ALL, RaftClientRequest:client-CFB50CAB4D08->s2@group-6E85041A3092, cid=2107, seq=0, Watch-ALL(117), Message:<EMPTY>
2019-09-24 12:11:25,530 DEBUG impl.UnorderedAsync (UnorderedAsync.java:lambda$sendRequestWithRetry$4(77)) - client-CFB50CAB4D08: attempt #1 receive~ RaftClientReply:client-CFB50CAB4D08->s2@group-6E85041A3092, cid=2169, FAILED org.apache.ratis.protocol.NotReplicatedException: Request with call Id 2169 and log index 138 is not yet replicated to ALL_COMMITTED, logIndex=138, commits[s2:c143, s0:c0, s1:c143]
2019-09-24 12:11:25,531 DEBUG impl.UnorderedAsync (UnorderedAsync.java:lambda$sendRequestWithRetry$4(77)) - client-CFB50CAB4D08: attempt #1 receive~ RaftClientReply:client-CFB50CAB4D08->s2@group-6E85041A3092, cid=2005, FAILED org.apache.ratis.protocol.NotReplicatedException: Request with call Id 2005 and log index 78 is not yet replicated to ALL_COMMITTED, logIndex=78, commits[s2:c143, s0:c0, s1:c143]
2019-09-24 12:11:25,531 INFO  client.GrpcClientProtocolService (GrpcClientProtocolService.java:lambda$processClientRequest$0(278)) - Failed RaftClientRequest:client-CFB50CAB4D08->s2@group-6E85041A3092, cid=2059, seq=0, Watch-ALL(100), Message:<EMPTY>, reply=RaftClientReply:client-CFB50CAB4D08->s2@group-6E85041A3092, cid=2059, FAILED org.apache.ratis.protocol.NotReplicatedException: Request with call Id 2059 and log index 100 is not yet replicated to ALL, logIndex=100, commits[s2:c143, s0:c0, s1:c143]
2019-09-24 12:11:25,531 INFO  client.GrpcClientProtocolService (GrpcClientProtocolService.java:lambda$processClientRequest$0(278)) - Failed RaftClientRequest:client-CFB50CAB4D08->s2@group-6E85041A3092, cid=2107, seq=0, Watch-ALL(117), Message:<EMPTY>, reply=RaftClientReply:client-CFB50CAB4D08->s2@group-6E85041A3092, cid=2107, FAILED org.apache.ratis.protocol.NotReplicatedException: Request with call Id 2107 and log index 117 is not yet replicated to ALL, logIndex=117, commits[s2:c143, s0:c0, s1:c143]
2019-09-24 12:11:25,531 DEBUG impl.WatchRequests (WatchRequests.java:handleTimeout(124)) - s2@group-6E85041A3092-WatchRequests: timeout Watch-ALL(100)@39.319s?java.util.concurrent.CompletionException: org.apache.ratis.protocol.NotReplicatedException: Request with call Id 2059 and log index 100 is not yet replicated to ALL, RaftClientRequest:client-CFB50CAB4D08->s2@group-6E85041A3092, cid=2059, seq=0, Watch-ALL(100), Message:<EMPTY>
2019-09-24 12:11:25,532 DEBUG impl.UnorderedAsync (UnorderedAsync.java:lambda$sendRequestWithRetry$4(77)) - client-CFB50CAB4D08: attempt #1 receive~ RaftClientReply:client-CFB50CAB4D08->s2@group-6E85041A3092, cid=2135, FAILED org.apache.ratis.protocol.NotReplicatedException: Request with call Id 2135 and log index 130 is not yet replicated to ALL, logIndex=130, commits[s2:c143, s0:c0, s1:c143]
2019-09-24 12:11:25,532 DEBUG impl.WatchRequests (WatchRequests.java:handleTimeout(124)) - s2@group-6E85041A3092-WatchRequests: timeout Watch-ALL(83)@39.319s?java.util.concurrent.CompletionException: org.apache.ratis.protocol.NotReplicatedException: Request with call Id 2007 and log index 83 is not yet replicated to ALL, RaftClientRequest:client-CFB50CAB4D08->s2@group-6E85041A3092, cid=2007, seq=0, Watch-ALL(83), Message:<EMPTY>
2019-09-24 12:11:25,532 INFO  client.GrpcClientProtocolService (GrpcClientProtocolService.java:lambda$processClientRequest$0(278)) - Failed RaftClientRequest:client-CFB50CAB4D08->s2@group-6E85041A3092, cid=2007, seq=0, Watch-ALL(83), Message:<EMPTY>, reply=RaftClientReply:client-CFB50CAB4D08->s2@group-6E85041A3092, cid=2007, FAILED org.apache.ratis.protocol.NotReplicatedException: Request with call Id 2007 and log index 83 is not yet replicated to ALL, logIndex=83, commits[s2:c143, s0:c0, s1:c143]
2019-09-24 12:11:25,532 DEBUG impl.WatchRequests (WatchRequests.java:handleTimeout(124)) - s2@group-6E85041A3092-WatchRequests: timeout Watch-ALL(134)@39.319s?java.util.concurrent.CompletionException: org.apache.ratis.protocol.NotReplicatedException: Request with call Id 2151 and log index 134 is not yet replicated to ALL, RaftClientRequest:client-CFB50CAB4D08->s2@group-6E85041A3092, cid=2151, seq=0, Watch-ALL(134), Message:<EMPTY>
2019-09-24 12:11:25,532 INFO  client.GrpcClientProtocolService (GrpcClientProtocolService.java:lambda$processClientRequest$0(278)) - Failed RaftClientRequest:client-CFB50CAB4D08->s2@group-6E85041A3092, cid=2151, seq=0, Watch-ALL(134), Message:<EMPTY>, reply=RaftClientReply:client-CFB50CAB4D08->s2@group-6E85041A3092, cid=2151, FAILED org.apache.ratis.protocol.NotReplicatedException: Request with call Id 2151 and log index 134 is not yet replicated to ALL, logIndex=134, commits[s2:c143, s0:c0, s1:c143]
2019-09-24 12:11:25,532 DEBUG impl.UnorderedAsync (UnorderedAsync.java:lambda$sendRequestWithRetry$4(77)) - client-CFB50CAB4D08: attempt #1 receive~ RaftClientReply:client-CFB50CAB4D08->s2@group-6E85041A3092, cid=2059, FAILED org.apache.ratis.protocol.NotReplicatedException: Request with call Id 2059 and log index 100 is not yet replicated to ALL, logIndex=100, commits[s2:c143, s0:c0, s1:c143]
2019-09-24 12:11:25,533 DEBUG impl.WatchRequests (WatchRequests.java:handleTimeout(124)) - s2@group-6E85041A3092-WatchRequests: timeout Watch-ALL(133)@39.319s?java.util.concurrent.CompletionException: org.apache.ratis.protocol.NotReplicatedException: Request with call Id 2147 and log index 133 is not yet replicated to ALL, RaftClientRequest:client-CFB50CAB4D08->s2@group-6E85041A3092, cid=2147, seq=0, Watch-ALL(133), Message:<EMPTY>
2019-09-24 12:11:25,534 INFO  client.GrpcClientProtocolService (GrpcClientProtocolService.java:lambda$processClientRequest$0(278)) - Failed RaftClientRequest:client-CFB50CAB4D08->s2@group-6E85041A3092, cid=2147, seq=0, Watch-ALL(133), Message:<EMPTY>, reply=RaftClientReply:client-CFB50CAB4D08->s2@group-6E85041A3092, cid=2147, FAILED org.apache.ratis.protocol.NotReplicatedException: Request with call Id 2147 and log index 133 is not yet replicated to ALL, logIndex=133, commits[s2:c143, s0:c0, s1:c143]
2019-09-24 12:11:25,534 DEBUG impl.WatchRequests (WatchRequests.java:handleTimeout(124)) - s2@group-6E85041A3092-WatchRequests: timeout Watch-ALL(78)@39.319s?java.util.concurrent.CompletionException: org.apache.ratis.protocol.NotReplicatedException: Request with call Id 2003 and log index 78 is not yet replicated to ALL, RaftClientRequest:client-CFB50CAB4D08->s2@group-6E85041A3092, cid=2003, seq=0, Watch-ALL(78), Message:<EMPTY>
2019-09-24 12:11:25,534 INFO  client.GrpcClientProtocolService (GrpcClientProtocolService.java:lambda$processClientRequest$0(278)) - Failed RaftClientRequest:client-CFB50CAB4D08->s2@group-6E85041A3092, cid=2003, seq=0, Watch-ALL(78), Message:<EMPTY>, reply=RaftClientReply:client-CFB50CAB4D08->s2@group-6E85041A3092, cid=2003, FAILED org.apache.ratis.protocol.NotReplicatedException: Request with call Id 2003 and log index 78 is not yet replicated to ALL, logIndex=78, commits[s2:c143, s0:c0, s1:c143]
2019-09-24 12:11:25,534 INFO  client.GrpcClientProtocolService (GrpcClientProtocolService.java:lambda$processClientRequest$0(278)) - Failed RaftClientRequest:client-CFB50CAB4D08->s2@group-6E85041A3092, cid=2061, seq=0, Watch-ALL_COMMITTED(100), Message:<EMPTY>, reply=RaftClientReply:client-CFB50CAB4D08->s2@group-6E85041A3092, cid=2061, FAILED org.apache.ratis.protocol.NotReplicatedException: Request with call Id 2061 and log index 100 is not yet replicated to ALL_COMMITTED, logIndex=100, commits[s2:c143, s0:c0, s1:c143]
2019-09-24 12:11:25,534 DEBUG impl.WatchRequests (WatchRequests.java:handleTimeout(124)) - s2@group-6E85041A3092-WatchRequests: timeout Watch-ALL_COMMITTED(100)@39.319s?java.util.concurrent.CompletionException: org.apache.ratis.protocol.NotReplicatedException: Request with call Id 2061 and log index 100 is not yet replicated to ALL_COMMITTED, RaftClientRequest:client-CFB50CAB4D08->s2@group-6E85041A3092, cid=2061, seq=0, Watch-ALL_COMMITTED(100), Message:<EMPTY>
2019-09-24 12:11:25,534 DEBUG impl.UnorderedAsync (UnorderedAsync.java:lambda$sendRequestWithRetry$4(77)) - client-CFB50CAB4D08: attempt #1 receive~ RaftClientReply:client-CFB50CAB4D08->s2@group-6E85041A3092, cid=2107, FAILED org.apache.ratis.protocol.NotReplicatedException: Request with call Id 2107 and log index 117 is not yet replicated to ALL, logIndex=117, commits[s2:c143, s0:c0, s1:c143]
2019-09-24 12:11:25,535 DEBUG impl.WatchRequests (WatchRequests.java:handleTimeout(124)) - s2@group-6E85041A3092-WatchRequests: timeout Watch-ALL(99)@39.319s?java.util.concurrent.CompletionException: org.apache.ratis.protocol.NotReplicatedException: Request with call Id 2055 and log index 99 is not yet replicated to ALL, RaftClientRequest:client-CFB50CAB4D08->s2@group-6E85041A3092, cid=2055, seq=0, Watch-ALL(99), Message:<EMPTY>
2019-09-24 12:11:25,535 DEBUG impl.UnorderedAsync (UnorderedAsync.java:lambda$sendRequestWithRetry$4(77)) - client-CFB50CAB4D08: attempt #1 receive~ RaftClientReply:client-CFB50CAB4D08->s2@group-6E85041A3092, cid=2151, FAILED org.apache.ratis.protocol.NotReplicatedException: Request with call Id 2151 and log index 134 is not yet replicated to ALL, logIndex=134, commits[s2:c143, s0:c0, s1:c143]
2019-09-24 12:11:25,535 DEBUG impl.UnorderedAsync (UnorderedAsync.java:lambda$sendRequestWithRetry$4(77)) - client-CFB50CAB4D08: attempt #1 receive~ RaftClientReply:client-CFB50CAB4D08->s2@group-6E85041A3092, cid=2007, FAILED org.apache.ratis.protocol.NotReplicatedException: Request with call Id 2007 and log index 83 is not yet replicated to ALL, logIndex=83, commits[s2:c143, s0:c0, s1:c143]
2019-09-24 12:11:25,536 DEBUG impl.UnorderedAsync (UnorderedAsync.java:lambda$sendRequestWithRetry$4(77)) - client-CFB50CAB4D08: attempt #1 receive~ RaftClientReply:client-CFB50CAB4D08->s2@group-6E85041A3092, cid=2147, FAILED org.apache.ratis.protocol.NotReplicatedException: Request with call Id 2147 and log index 133 is not yet replicated to ALL, logIndex=133, commits[s2:c143, s0:c0, s1:c143]
2019-09-24 12:11:25,536 INFO  client.GrpcClientProtocolService (GrpcClientProtocolService.java:lambda$processClientRequest$0(278)) - Failed RaftClientRequest:client-CFB50CAB4D08->s2@group-6E85041A3092, cid=2045, seq=0, Watch-ALL_COMMITTED(93), Message:<EMPTY>, reply=RaftClientReply:client-CFB50CAB4D08->s2@group-6E85041A3092, cid=2045, FAILED org.apache.ratis.protocol.NotReplicatedException: Request with call Id 2045 and log index 93 is not yet replicated to ALL_COMMITTED, logIndex=93, commits[s2:c143, s0:c0, s1:c143]
2019-09-24 12:11:25,535 DEBUG impl.RaftServerImpl (RaftServerImpl.java:requestVote(743)) - s0@group-6E85041A3092: receive requestVote(s1, group-6E85041A3092, 2, (t:1, i:143))
2019-09-24 12:11:25,535 DEBUG impl.RaftServerImpl (RaftServerImpl.java:requestVote(743)) - s2@group-6E85041A3092: receive requestVote(s1, group-6E85041A3092, 2, (t:1, i:143))
2019-09-24 12:11:25,535 INFO  client.GrpcClientProtocolService (GrpcClientProtocolService.java:lambda$processClientRequest$0(278)) - Failed RaftClientRequest:client-CFB50CAB4D08->s2@group-6E85041A3092, cid=2055, seq=0, Watch-ALL(99), Message:<EMPTY>, reply=RaftClientReply:client-CFB50CAB4D08->s2@group-6E85041A3092, cid=2055, FAILED org.apache.ratis.protocol.NotReplicatedException: Request with call Id 2055 and log index 99 is not yet replicated to ALL, logIndex=99, commits[s2:c143, s0:c0, s1:c143]
2019-09-24 12:11:25,536 INFO  impl.RaftServerImpl (ServerState.java:setLeader(254)) - s2@group-6E85041A3092: change Leader from s2 to null at term 2 for updateCurrentTerm
2019-09-24 12:11:25,536 DEBUG impl.UnorderedAsync (UnorderedAsync.java:lambda$sendRequestWithRetry$4(77)) - client-CFB50CAB4D08: attempt #1 receive~ RaftClientReply:client-CFB50CAB4D08->s2@group-6E85041A3092, cid=2061, FAILED org.apache.ratis.protocol.NotReplicatedException: Request with call Id 2061 and log index 100 is not yet replicated to ALL_COMMITTED, logIndex=100, commits[s2:c143, s0:c0, s1:c143]
2019-09-24 12:11:25,536 DEBUG impl.UnorderedAsync (UnorderedAsync.java:lambda$sendRequestWithRetry$4(77)) - client-CFB50CAB4D08: attempt #1 receive~ RaftClientReply:client-CFB50CAB4D08->s2@group-6E85041A3092, cid=2003, FAILED org.apache.ratis.protocol.NotReplicatedException: Request with call Id 2003 and log index 78 is not yet replicated to ALL, logIndex=78, commits[s2:c143, s0:c0, s1:c143]
2019-09-24 12:11:25,536 INFO  impl.RaftServerImpl (ServerState.java:setLeader(254)) - s0@group-6E85041A3092: change Leader from s2 to null at term 2 for updateCurrentTerm
2019-09-24 12:11:25,536 DEBUG impl.WatchRequests (WatchRequests.java:handleTimeout(124)) - s2@group-6E85041A3092-WatchRequests: timeout Watch-ALL_COMMITTED(93)@39.319s?java.util.concurrent.CompletionException: org.apache.ratis.protocol.NotReplicatedException: Request with call Id 2045 and log index 93 is not yet replicated to ALL_COMMITTED, RaftClientRequest:client-CFB50CAB4D08->s2@group-6E85041A3092, cid=2045, seq=0, Watch-ALL_COMMITTED(93), Message:<EMPTY>
2019-09-24 12:11:25,537 ERROR grpc.TestWatchRequestWithGrpc (WatchRequestTests.java:get(169)) - Failed to get all(78)
2019-09-24 12:11:25,537 INFO  impl.RaftServerImpl (RaftServerImpl.java:setRole(170)) - s0@group-6E85041A3092: changes role from  FOLLOWER to FOLLOWER at term 2 for recognizeCandidate:s1
2019-09-24 12:11:25,537 INFO  client.GrpcClientProtocolService (GrpcClientProtocolService.java:lambda$processClientRequest$0(278)) - Failed RaftClientRequest:client-CFB50CAB4D08->s2@group-6E85041A3092, cid=2123, seq=0, Watch-ALL(125), Message:<EMPTY>, reply=RaftClientReply:client-CFB50CAB4D08->s2@group-6E85041A3092, cid=2123, FAILED org.apache.ratis.protocol.NotReplicatedException: Request with call Id 2123 and log index 125 is not yet replicated to ALL, logIndex=125, commits[s2:c143, s0:c0, s1:c143]
2019-09-24 12:11:25,536 INFO  impl.RaftServerImpl (RaftServerImpl.java:setRole(170)) - s2@group-6E85041A3092: changes role from    LEADER to FOLLOWER at term 2 for recognizeCandidate:s1
2019-09-24 12:11:25,537 DEBUG impl.UnorderedAsync (UnorderedAsync.java:lambda$sendRequestWithRetry$4(77)) - client-CFB50CAB4D08: attempt #1 receive~ RaftClientReply:client-CFB50CAB4D08->s2@group-6E85041A3092, cid=2055, FAILED org.apache.ratis.protocol.NotReplicatedException: Request with call Id 2055 and log index 99 is not yet replicated to ALL, logIndex=99, commits[s2:c143, s0:c0, s1:c143]
2019-09-24 12:11:25,537 INFO  impl.RoleInfo (RoleInfo.java:shutdownFollowerState(121)) - s0: shutdown FollowerState
2019-09-24 12:11:25,537 DEBUG impl.WatchRequests (WatchRequests.java:handleTimeout(124)) - s2@group-6E85041A3092-WatchRequests: timeout Watch-ALL(125)@39.319s?java.util.concurrent.CompletionException: org.apache.ratis.protocol.NotReplicatedException: Request with call Id 2123 and log index 125 is not yet replicated to ALL, RaftClientRequest:client-CFB50CAB4D08->s2@group-6E85041A3092, cid=2123, seq=0, Watch-ALL(125), Message:<EMPTY>
2019-09-24 12:11:25,537 ERROR grpc.TestWatchRequestWithGrpc (WatchRequestTests.java:get(169)) - Failed to get allCommitted(78)
2019-09-24 12:11:25,537 DEBUG impl.UnorderedAsync (UnorderedAsync.java:lambda$sendRequestWithRetry$4(77)) - client-CFB50CAB4D08: attempt #1 receive~ RaftClientReply:client-CFB50CAB4D08->s2@group-6E85041A3092, cid=2045, FAILED org.apache.ratis.protocol.NotReplicatedException: Request with call Id 2045 and log index 93 is not yet replicated to ALL_COMMITTED, logIndex=93, commits[s2:c143, s0:c0, s1:c143]
2019-09-24 12:11:25,538 INFO  client.GrpcClientProtocolService (GrpcClientProtocolService.java:lambda$processClientRequest$0(278)) - Failed RaftClientRequest:client-CFB50CAB4D08->s2@group-6E85041A3092, cid=2127, seq=0, Watch-ALL(127), Message:<EMPTY>, reply=RaftClientReply:client-CFB50CAB4D08->s2@group-6E85041A3092, cid=2127, FAILED org.apache.ratis.protocol.NotReplicatedException: Request with call Id 2127 and log index 127 is not yet replicated to ALL, logIndex=127, commits[s2:c143, s0:c0, s1:c143]
2019-09-24 12:11:25,538 DEBUG impl.WatchRequests (WatchRequests.java:handleTimeout(124)) - s2@group-6E85041A3092-WatchRequests: timeout Watch-ALL(127)@39.319s?java.util.concurrent.CompletionException: org.apache.ratis.protocol.NotReplicatedException: Request with call Id 2127 and log index 127 is not yet replicated to ALL, RaftClientRequest:client-CFB50CAB4D08->s2@group-6E85041A3092, cid=2127, seq=0, Watch-ALL(127), Message:<EMPTY>
2019-09-24 12:11:25,538 INFO  grpc.TestWatchRequestWithGrpc (WatchRequestTests.java:checkTimeout(396)) - checkTimeout 59: receive RaftClientReply:client-CFB50CAB4D08->s2@group-6E85041A3092, cid=1729, SUCCESS, logIndex=83, commits[s2:c93, s0:c0, s1:c75]
2019-09-24 12:11:25,538 INFO  impl.FollowerState (FollowerState.java:run(117)) - s0@group-6E85041A3092-FollowerState was interrupted: java.lang.InterruptedException: sleep interrupted
2019-09-24 12:11:25,538 INFO  impl.RoleInfo (RoleInfo.java:updateAndGet(143)) - s0: start FollowerState
2019-09-24 12:11:25,537 INFO  impl.RoleInfo (RoleInfo.java:shutdownLeaderState(104)) - s2: shutdown LeaderState
2019-09-24 12:11:25,538 ERROR grpc.TestWatchRequestWithGrpc (WatchRequestTests.java:get(169)) - Failed to get all(83)
2019-09-24 12:11:25,538 DEBUG impl.UnorderedAsync (UnorderedAsync.java:lambda$sendRequestWithRetry$4(77)) - client-CFB50CAB4D08: attempt #1 receive~ RaftClientReply:client-CFB50CAB4D08->s2@group-6E85041A3092, cid=2123, FAILED org.apache.ratis.protocol.NotReplicatedException: Request with call Id 2123 and log index 125 is not yet replicated to ALL, logIndex=125, commits[s2:c143, s0:c0, s1:c143]
2019-09-24 12:11:25,540 ERROR grpc.TestWatchRequestWithGrpc (WatchRequestTests.java:get(169)) - Failed to get allCommitted(83)
2019-09-24 12:11:25,540 WARN  server.GrpcLogAppender (GrpcLogAppender.java:mayWait(143)) - s2@group-6E85041A3092->s0-GrpcLogAppender: Wait interrupted by java.lang.InterruptedException
2019-09-24 12:11:25,540 WARN  server.GrpcLogAppender (GrpcLogAppender.java:mayWait(143)) - s2@group-6E85041A3092->s1-GrpcLogAppender: Wait interrupted by java.lang.InterruptedException
2019-09-24 12:11:25,540 INFO  impl.PendingRequests (PendingRequests.java:sendNotLeaderResponses(202)) - s2@group-6E85041A3092-PendingRequests: sendNotLeaderResponses
2019-09-24 12:11:25,539 DEBUG impl.UnorderedAsync (UnorderedAsync.java:lambda$sendRequestWithRetry$4(77)) - client-CFB50CAB4D08: attempt #1 receive~ RaftClientReply:client-CFB50CAB4D08->s2@group-6E85041A3092, cid=2127, FAILED org.apache.ratis.protocol.NotReplicatedException: Request with call Id 2127 and log index 127 is not yet replicated to ALL, logIndex=127, commits[s2:c143, s0:c0, s1:c143]
2019-09-24 12:11:25,541 INFO  server.GrpcServerProtocolService (GrpcServerProtocolService.java:onCompleted(113)) - s1: Completed APPEND_ENTRIES, lastRequest: s2->s1#163-t1, previous=(t:1, i:143), leaderCommit=143, initializing? false, entries: <empty>
2019-09-24 12:11:25,541 INFO  server.GrpcServerProtocolService (GrpcServerProtocolService.java:onCompleted(113)) - s0: Completed APPEND_ENTRIES, lastRequest: s2->s0#139-t1, previous=(t:1, i:127), leaderCommit=125, initializing? false, entries: size=1, first=(t:1, i:128), METADATAENTRY(c125)
2019-09-24 12:11:25,541 DEBUG client.GrpcClientProtocolService (GrpcClientProtocolService.java:closeAllOrderedRequestStreamObservers(157)) - s2: closeAllOrderedRequestStreamObservers
2019-09-24 12:11:25,540 INFO  grpc.TestWatchRequestWithGrpc (WatchRequestTests.java:checkTimeout(396)) - checkTimeout 60: receive RaftClientReply:client-CFB50CAB4D08->s2@group-6E85041A3092, cid=1730, SUCCESS, logIndex=84, commits[s2:c93, s0:c0, s1:c75]
2019-09-24 12:11:25,541 INFO  server.GrpcLogAppender (GrpcLogAppender.java:onCompleted(293)) - s2@group-6E85041A3092->s1-AppendLogResponseHandler: follower responses appendEntries COMPLETED
2019-09-24 12:11:25,541 DEBUG client.GrpcClientProtocolService (GrpcClientProtocolService.java:close(374)) - 0-OrderedRequestStreamObserver0: close
2019-09-24 12:11:25,542 INFO  server.GrpcLogAppender (GrpcLogAppender.java:onCompleted(293)) - s2@group-6E85041A3092->s0-AppendLogResponseHandler: follower responses appendEntries COMPLETED
2019-09-24 12:11:25,542 ERROR grpc.TestWatchRequestWithGrpc (WatchRequestTests.java:get(169)) - Failed to get all(84)
2019-09-24 12:11:25,542 INFO  impl.RoleInfo (RoleInfo.java:updateAndGet(143)) - s2: start FollowerState
2019-09-24 12:11:25,542 INFO  impl.FollowerInfo (FollowerInfo.java:lambda$new$0(51)) - s2@group-6E85041A3092->s1: nextIndex: updateUnconditionally 144 -> 143
2019-09-24 12:11:25,542 ERROR grpc.TestWatchRequestWithGrpc (WatchRequestTests.java:get(169)) - Failed to get allCommitted(84)
2019-09-24 12:11:25,543 INFO  impl.FollowerInfo (FollowerInfo.java:lambda$new$0(51)) - s2@group-6E85041A3092->s0: nextIndex: updateUnconditionally 129 -> 1
2019-09-24 12:11:25,543 INFO  grpc.TestWatchRequestWithGrpc (WatchRequestTests.java:checkTimeout(396)) - checkTimeout 61: receive RaftClientReply:client-CFB50CAB4D08->s2@group-6E85041A3092, cid=1731, SUCCESS, logIndex=86, commits[s2:c93, s0:c0, s1:c75]
2019-09-24 12:11:25,543 ERROR grpc.TestWatchRequestWithGrpc (WatchRequestTests.java:get(169)) - Failed to get all(86)
2019-09-24 12:11:25,543 ERROR grpc.TestWatchRequestWithGrpc (WatchRequestTests.java:get(169)) - Failed to get allCommitted(86)
2019-09-24 12:11:25,543 INFO  grpc.TestWatchRequestWithGrpc (WatchRequestTests.java:checkTimeout(396)) - checkTimeout 62: receive RaftClientReply:client-CFB50CAB4D08->s2@group-6E85041A3092, cid=1732, SUCCESS, logIndex=87, commits[s2:c93, s0:c0, s1:c75]
2019-09-24 12:11:25,543 ERROR grpc.TestWatchRequestWithGrpc (WatchRequestTests.java:get(169)) - Failed to get all(87)
2019-09-24 12:11:25,543 ERROR grpc.TestWatchRequestWithGrpc (WatchRequestTests.java:get(169)) - Failed to get allCommitted(87)
2019-09-24 12:11:25,543 INFO  grpc.TestWatchRequestWithGrpc (WatchRequestTests.java:checkTimeout(396)) - checkTimeout 63: receive RaftClientReply:client-CFB50CAB4D08->s2@group-6E85041A3092, cid=1733, SUCCESS, logIndex=88, commits[s2:c93, s0:c0, s1:c75]
2019-09-24 12:11:25,543 ERROR grpc.TestWatchRequestWithGrpc (WatchRequestTests.java:get(169)) - Failed to get all(88)
2019-09-24 12:11:25,544 ERROR grpc.TestWatchRequestWithGrpc (WatchRequestTests.java:get(169)) - Failed to get allCommitted(88)
2019-09-24 12:11:25,544 INFO  grpc.TestWatchRequestWithGrpc (WatchRequestTests.java:checkTimeout(396)) - checkTimeout 64: receive RaftClientReply:client-CFB50CAB4D08->s2@group-6E85041A3092, cid=1734, SUCCESS, logIndex=89, commits[s2:c93, s0:c0, s1:c75]
2019-09-24 12:11:25,544 ERROR grpc.TestWatchRequestWithGrpc (WatchRequestTests.java:get(169)) - Failed to get all(89)
2019-09-24 12:11:25,544 ERROR grpc.TestWatchRequestWithGrpc (WatchRequestTests.java:get(169)) - Failed to get allCommitted(89)
2019-09-24 12:11:25,544 INFO  grpc.TestWatchRequestWithGrpc (WatchRequestTests.java:checkTimeout(396)) - checkTimeout 65: receive RaftClientReply:client-CFB50CAB4D08->s2@group-6E85041A3092, cid=1735, SUCCESS, logIndex=90, commits[s2:c93, s0:c0, s1:c76]
2019-09-24 12:11:25,544 ERROR grpc.TestWatchRequestWithGrpc (WatchRequestTests.java:get(169)) - Failed to get all(90)
2019-09-24 12:11:25,544 ERROR grpc.TestWatchRequestWithGrpc (WatchRequestTests.java:get(169)) - Failed to get allCommitted(90)
2019-09-24 12:11:25,544 INFO  grpc.TestWatchRequestWithGrpc (WatchRequestTests.java:checkTimeout(396)) - checkTimeout 66: receive RaftClientReply:client-CFB50CAB4D08->s2@group-6E85041A3092, cid=1736, SUCCESS, logIndex=91, commits[s2:c95, s0:c0, s1:c93]
2019-09-24 12:11:25,544 ERROR grpc.TestWatchRequestWithGrpc (WatchRequestTests.java:get(169)) - Failed to get all(91)
2019-09-24 12:11:25,544 ERROR grpc.TestWatchRequestWithGrpc (WatchRequestTests.java:get(169)) - Failed to get allCommitted(91)
2019-09-24 12:11:25,545 INFO  grpc.TestWatchRequestWithGrpc (WatchRequestTests.java:checkTimeout(396)) - checkTimeout 67: receive RaftClientReply:client-CFB50CAB4D08->s2@group-6E85041A3092, cid=1737, SUCCESS, logIndex=92, commits[s2:c99, s0:c0, s1:c93]
2019-09-24 12:11:25,545 ERROR grpc.TestWatchRequestWithGrpc (WatchRequestTests.java:get(169)) - Failed to get all(92)
2019-09-24 12:11:25,545 ERROR grpc.TestWatchRequestWithGrpc (WatchRequestTests.java:get(169)) - Failed to get allCommitted(92)
2019-09-24 12:11:25,545 INFO  grpc.TestWatchRequestWithGrpc (WatchRequestTests.java:checkTimeout(396)) - checkTimeout 68: receive RaftClientReply:client-CFB50CAB4D08->s2@group-6E85041A3092, cid=1738, SUCCESS, logIndex=93, commits[s2:c99, s0:c0, s1:c93]
2019-09-24 12:11:25,545 ERROR grpc.TestWatchRequestWithGrpc (WatchRequestTests.java:get(169)) - Failed to get all(93)
2019-09-24 12:11:25,545 ERROR grpc.TestWatchRequestWithGrpc (WatchRequestTests.java:get(169)) - Failed to get allCommitted(93)
2019-09-24 12:11:25,545 INFO  grpc.TestWatchRequestWithGrpc (WatchRequestTests.java:checkTimeout(396)) - checkTimeout 69: receive RaftClientReply:client-CFB50CAB4D08->s2@group-6E85041A3092, cid=1739, SUCCESS, logIndex=97, commits[s2:c99, s0:c0, s1:c93]
2019-09-24 12:11:25,545 ERROR grpc.TestWatchRequestWithGrpc (WatchRequestTests.java:get(169)) - Failed to get all(97)
2019-09-24 12:11:25,545 ERROR grpc.TestWatchRequestWithGrpc (WatchRequestTests.java:get(169)) - Failed to get allCommitted(97)
2019-09-24 12:11:25,545 INFO  grpc.TestWatchRequestWithGrpc (WatchRequestTests.java:checkTimeout(396)) - checkTimeout 70: receive RaftClientReply:client-CFB50CAB4D08->s2@group-6E85041A3092, cid=1740, SUCCESS, logIndex=98, commits[s2:c99, s0:c0, s1:c93]
2019-09-24 12:11:25,545 ERROR grpc.TestWatchRequestWithGrpc (WatchRequestTests.java:get(169)) - Failed to get all(98)
2019-09-24 12:11:25,546 ERROR grpc.TestWatchRequestWithGrpc (WatchRequestTests.java:get(169)) - Failed to get allCommitted(98)
2019-09-24 12:11:25,546 INFO  grpc.TestWatchRequestWithGrpc (WatchRequestTests.java:checkTimeout(396)) - checkTimeout 71: receive RaftClientReply:client-CFB50CAB4D08->s2@group-6E85041A3092, cid=1741, SUCCESS, logIndex=99, commits[s2:c99, s0:c0, s1:c93]
2019-09-24 12:11:25,546 ERROR grpc.TestWatchRequestWithGrpc (WatchRequestTests.java:get(169)) - Failed to get all(99)
2019-09-24 12:11:25,546 ERROR grpc.TestWatchRequestWithGrpc (WatchRequestTests.java:get(169)) - Failed to get allCommitted(99)
2019-09-24 12:11:25,546 INFO  grpc.TestWatchRequestWithGrpc (WatchRequestTests.java:checkTimeout(396)) - checkTimeout 72: receive RaftClientReply:client-CFB50CAB4D08->s2@group-6E85041A3092, cid=1742, SUCCESS, logIndex=100, commits[s2:c100, s0:c0, s1:c93]
2019-09-24 12:11:25,546 ERROR grpc.TestWatchRequestWithGrpc (WatchRequestTests.java:get(169)) - Failed to get all(100)
2019-09-24 12:11:25,546 ERROR grpc.TestWatchRequestWithGrpc (WatchRequestTests.java:get(169)) - Failed to get allCommitted(100)
2019-09-24 12:11:25,546 INFO  grpc.TestWatchRequestWithGrpc (WatchRequestTests.java:checkTimeout(396)) - checkTimeout 73: receive RaftClientReply:client-CFB50CAB4D08->s2@group-6E85041A3092, cid=1743, SUCCESS, logIndex=102, commits[s2:c105, s0:c0, s1:c99]
2019-09-24 12:11:25,546 ERROR grpc.TestWatchRequestWithGrpc (WatchRequestTests.java:get(169)) - Failed to get all(102)
2019-09-24 12:11:25,546 ERROR grpc.TestWatchRequestWithGrpc (WatchRequestTests.java:get(169)) - Failed to get allCommitted(102)
2019-09-24 12:11:25,546 INFO  grpc.TestWatchRequestWithGrpc (WatchRequestTests.java:checkTimeout(396)) - checkTimeout 74: receive RaftClientReply:client-CFB50CAB4D08->s2@group-6E85041A3092, cid=1744, SUCCESS, logIndex=103, commits[s2:c106, s0:c0, s1:c99]
2019-09-24 12:11:25,547 ERROR grpc.TestWatchRequestWithGrpc (WatchRequestTests.java:get(169)) - Failed to get all(103)
2019-09-24 12:11:25,547 ERROR grpc.TestWatchRequestWithGrpc (WatchRequestTests.java:get(169)) - Failed to get allCommitted(103)
2019-09-24 12:11:25,547 INFO  grpc.TestWatchRequestWithGrpc (WatchRequestTests.java:checkTimeout(396)) - checkTimeout 75: receive RaftClientReply:client-CFB50CAB4D08->s2@group-6E85041A3092, cid=1745, SUCCESS, logIndex=104, commits[s2:c107, s0:c0, s1:c100]
2019-09-24 12:11:25,547 ERROR grpc.TestWatchRequestWithGrpc (WatchRequestTests.java:get(169)) - Failed to get all(104)
2019-09-24 12:11:25,547 ERROR grpc.TestWatchRequestWithGrpc (WatchRequestTests.java:get(169)) - Failed to get allCommitted(104)
2019-09-24 12:11:25,547 INFO  grpc.TestWatchRequestWithGrpc (WatchRequestTests.java:checkTimeout(396)) - checkTimeout 76: receive RaftClientReply:client-CFB50CAB4D08->s2@group-6E85041A3092, cid=1746, SUCCESS, logIndex=105, commits[s2:c108, s0:c0, s1:c105]
2019-09-24 12:11:25,547 ERROR grpc.TestWatchRequestWithGrpc (WatchRequestTests.java:get(169)) - Failed to get all(105)
2019-09-24 12:11:25,547 ERROR grpc.TestWatchRequestWithGrpc (WatchRequestTests.java:get(169)) - Failed to get allCommitted(105)
2019-09-24 12:11:25,547 INFO  grpc.TestWatchRequestWithGrpc (WatchRequestTests.java:checkTimeout(396)) - checkTimeout 77: receive RaftClientReply:client-CFB50CAB4D08->s2@group-6E85041A3092, cid=1747, SUCCESS, logIndex=106, commits[s2:c108, s0:c0, s1:c105]
2019-09-24 12:11:25,547 ERROR grpc.TestWatchRequestWithGrpc (WatchRequestTests.java:get(169)) - Failed to get all(106)
2019-09-24 12:11:25,547 ERROR grpc.TestWatchRequestWithGrpc (WatchRequestTests.java:get(169)) - Failed to get allCommitted(106)
2019-09-24 12:11:25,548 INFO  grpc.TestWatchRequestWithGrpc (WatchRequestTests.java:checkTimeout(396)) - checkTimeout 78: receive RaftClientReply:client-CFB50CAB4D08->s2@group-6E85041A3092, cid=1748, SUCCESS, logIndex=110, commits[s2:c110, s0:c0, s1:c106]
2019-09-24 12:11:25,548 ERROR grpc.TestWatchRequestWithGrpc (WatchRequestTests.java:get(169)) - Failed to get all(110)
2019-09-24 12:11:25,548 ERROR grpc.TestWatchRequestWithGrpc (WatchRequestTests.java:get(169)) - Failed to get allCommitted(110)
2019-09-24 12:11:25,548 INFO  grpc.TestWatchRequestWithGrpc (WatchRequestTests.java:checkTimeout(396)) - checkTimeout 79: receive RaftClientReply:client-CFB50CAB4D08->s2@group-6E85041A3092, cid=1749, SUCCESS, logIndex=111, commits[s2:c111, s0:c0, s1:c108]
2019-09-24 12:11:25,548 ERROR grpc.TestWatchRequestWithGrpc (WatchRequestTests.java:get(169)) - Failed to get all(111)
2019-09-24 12:11:25,548 ERROR grpc.TestWatchRequestWithGrpc (WatchRequestTests.java:get(169)) - Failed to get allCommitted(111)
2019-09-24 12:11:25,548 INFO  grpc.TestWatchRequestWithGrpc (WatchRequestTests.java:checkTimeout(396)) - checkTimeout 80: receive RaftClientReply:client-CFB50CAB4D08->s2@group-6E85041A3092, cid=1750, SUCCESS, logIndex=112, commits[s2:c118, s0:c0, s1:c110]
2019-09-24 12:11:25,548 ERROR grpc.TestWatchRequestWithGrpc (WatchRequestTests.java:get(169)) - Failed to get all(112)
2019-09-24 12:11:25,548 ERROR grpc.TestWatchRequestWithGrpc (WatchRequestTests.java:get(169)) - Failed to get allCommitted(112)
2019-09-24 12:11:25,548 INFO  grpc.TestWatchRequestWithGrpc (WatchRequestTests.java:checkTimeout(396)) - checkTimeout 81: receive RaftClientReply:client-CFB50CAB4D08->s2@group-6E85041A3092, cid=1751, SUCCESS, logIndex=114, commits[s2:c118, s0:c0, s1:c110]
2019-09-24 12:11:25,548 ERROR grpc.TestWatchRequestWithGrpc (WatchRequestTests.java:get(169)) - Failed to get all(114)
2019-09-24 12:11:25,549 ERROR grpc.TestWatchRequestWithGrpc (WatchRequestTests.java:get(169)) - Failed to get allCommitted(114)
2019-09-24 12:11:25,549 INFO  grpc.TestWatchRequestWithGrpc (WatchRequestTests.java:checkTimeout(396)) - checkTimeout 82: receive RaftClientReply:client-CFB50CAB4D08->s2@group-6E85041A3092, cid=1752, SUCCESS, logIndex=115, commits[s2:c118, s0:c0, s1:c110]
2019-09-24 12:11:25,549 ERROR grpc.TestWatchRequestWithGrpc (WatchRequestTests.java:get(169)) - Failed to get all(115)
2019-09-24 12:11:25,549 ERROR grpc.TestWatchRequestWithGrpc (WatchRequestTests.java:get(169)) - Failed to get allCommitted(115)
2019-09-24 12:11:25,549 INFO  grpc.TestWatchRequestWithGrpc (WatchRequestTests.java:checkTimeout(396)) - checkTimeout 83: receive RaftClientReply:client-CFB50CAB4D08->s2@group-6E85041A3092, cid=1753, SUCCESS, logIndex=116, commits[s2:c119, s0:c0, s1:c110]
2019-09-24 12:11:25,549 ERROR grpc.TestWatchRequestWithGrpc (WatchRequestTests.java:get(169)) - Failed to get all(116)
2019-09-24 12:11:25,549 ERROR grpc.TestWatchRequestWithGrpc (WatchRequestTests.java:get(169)) - Failed to get allCommitted(116)
2019-09-24 12:11:25,549 INFO  grpc.TestWatchRequestWithGrpc (WatchRequestTests.java:checkTimeout(396)) - checkTimeout 84: receive RaftClientReply:client-CFB50CAB4D08->s2@group-6E85041A3092, cid=1754, SUCCESS, logIndex=117, commits[s2:c119, s0:c0, s1:c111]
2019-09-24 12:11:25,549 ERROR grpc.TestWatchRequestWithGrpc (WatchRequestTests.java:get(169)) - Failed to get all(117)
2019-09-24 12:11:25,549 ERROR grpc.TestWatchRequestWithGrpc (WatchRequestTests.java:get(169)) - Failed to get allCommitted(117)
2019-09-24 12:11:25,549 INFO  grpc.TestWatchRequestWithGrpc (WatchRequestTests.java:checkTimeout(396)) - checkTimeout 85: receive RaftClientReply:client-CFB50CAB4D08->s2@group-6E85041A3092, cid=1755, SUCCESS, logIndex=118, commits[s2:c119, s0:c0, s1:c111]
2019-09-24 12:11:25,550 ERROR grpc.TestWatchRequestWithGrpc (WatchRequestTests.java:get(169)) - Failed to get all(118)
2019-09-24 12:11:25,550 ERROR grpc.TestWatchRequestWithGrpc (WatchRequestTests.java:get(169)) - Failed to get allCommitted(118)
2019-09-24 12:11:25,550 INFO  grpc.TestWatchRequestWithGrpc (WatchRequestTests.java:checkTimeout(396)) - checkTimeout 86: receive RaftClientReply:client-CFB50CAB4D08->s2@group-6E85041A3092, cid=1756, SUCCESS, logIndex=119, commits[s2:c125, s0:c0, s1:c118]
2019-09-24 12:11:25,550 ERROR grpc.TestWatchRequestWithGrpc (WatchRequestTests.java:get(169)) - Failed to get all(119)
2019-09-24 12:11:25,550 ERROR grpc.TestWatchRequestWithGrpc (WatchRequestTests.java:get(169)) - Failed to get allCommitted(119)
2019-09-24 12:11:25,550 INFO  grpc.TestWatchRequestWithGrpc (WatchRequestTests.java:checkTimeout(396)) - checkTimeout 87: receive RaftClientReply:client-CFB50CAB4D08->s2@group-6E85041A3092, cid=1757, SUCCESS, logIndex=124, commits[s2:c125, s0:c0, s1:c118]
2019-09-24 12:11:25,550 ERROR grpc.TestWatchRequestWithGrpc (WatchRequestTests.java:get(169)) - Failed to get all(124)
2019-09-24 12:11:25,550 ERROR grpc.TestWatchRequestWithGrpc (WatchRequestTests.java:get(169)) - Failed to get allCommitted(124)
2019-09-24 12:11:25,550 INFO  grpc.TestWatchRequestWithGrpc (WatchRequestTests.java:checkTimeout(396)) - checkTimeout 88: receive RaftClientReply:client-CFB50CAB4D08->s2@group-6E85041A3092, cid=1758, SUCCESS, logIndex=125, commits[s2:c125, s0:c0, s1:c118]
2019-09-24 12:11:25,550 ERROR grpc.TestWatchRequestWithGrpc (WatchRequestTests.java:get(169)) - Failed to get all(125)
2019-09-24 12:11:25,550 ERROR grpc.TestWatchRequestWithGrpc (WatchRequestTests.java:get(169)) - Failed to get allCommitted(125)
2019-09-24 12:11:25,551 INFO  grpc.TestWatchRequestWithGrpc (WatchRequestTests.java:checkTimeout(396)) - checkTimeout 89: receive RaftClientReply:client-CFB50CAB4D08->s2@group-6E85041A3092, cid=1759, SUCCESS, logIndex=127, commits[s2:c127, s0:c0, s1:c125]
2019-09-24 12:11:25,551 ERROR grpc.TestWatchRequestWithGrpc (WatchRequestTests.java:get(169)) - Failed to get all(127)
2019-09-24 12:11:25,551 ERROR grpc.TestWatchRequestWithGrpc (WatchRequestTests.java:get(169)) - Failed to get allCommitted(127)
2019-09-24 12:11:25,551 INFO  grpc.TestWatchRequestWithGrpc (WatchRequestTests.java:checkTimeout(396)) - checkTimeout 90: receive RaftClientReply:client-CFB50CAB4D08->s2@group-6E85041A3092, cid=1760, SUCCESS, logIndex=129, commits[s2:c138, s0:c0, s1:c126]
2019-09-24 12:11:25,551 ERROR grpc.TestWatchRequestWithGrpc (WatchRequestTests.java:get(169)) - Failed to get all(129)
2019-09-24 12:11:25,551 ERROR grpc.TestWatchRequestWithGrpc (WatchRequestTests.java:get(169)) - Failed to get allCommitted(129)
2019-09-24 12:11:25,551 INFO  grpc.TestWatchRequestWithGrpc (WatchRequestTests.java:checkTimeout(396)) - checkTimeout 91: receive RaftClientReply:client-CFB50CAB4D08->s2@group-6E85041A3092, cid=1761, SUCCESS, logIndex=130, commits[s2:c138, s0:c0, s1:c127]
2019-09-24 12:11:25,551 ERROR grpc.TestWatchRequestWithGrpc (WatchRequestTests.java:get(169)) - Failed to get all(130)
2019-09-24 12:11:25,551 ERROR grpc.TestWatchRequestWithGrpc (WatchRequestTests.java:get(169)) - Failed to get allCommitted(130)
2019-09-24 12:11:25,551 INFO  grpc.TestWatchRequestWithGrpc (WatchRequestTests.java:checkTimeout(396)) - checkTimeout 92: receive RaftClientReply:client-CFB50CAB4D08->s2@group-6E85041A3092, cid=1762, SUCCESS, logIndex=131, commits[s2:c139, s0:c0, s1:c127]
2019-09-24 12:11:25,551 ERROR grpc.TestWatchRequestWithGrpc (WatchRequestTests.java:get(169)) - Failed to get all(131)
2019-09-24 12:11:25,552 ERROR grpc.TestWatchRequestWithGrpc (WatchRequestTests.java:get(169)) - Failed to get allCommitted(131)
2019-09-24 12:11:25,552 INFO  grpc.TestWatchRequestWithGrpc (WatchRequestTests.java:checkTimeout(396)) - checkTimeout 93: receive RaftClientReply:client-CFB50CAB4D08->s2@group-6E85041A3092, cid=1763, SUCCESS, logIndex=132, commits[s2:c140, s0:c0, s1:c129]
2019-09-24 12:11:25,552 ERROR grpc.TestWatchRequestWithGrpc (WatchRequestTests.java:get(169)) - Failed to get all(132)
2019-09-24 12:11:25,552 ERROR grpc.TestWatchRequestWithGrpc (WatchRequestTests.java:get(169)) - Failed to get allCommitted(132)
2019-09-24 12:11:25,552 INFO  grpc.TestWatchRequestWithGrpc (WatchRequestTests.java:checkTimeout(396)) - checkTimeout 94: receive RaftClientReply:client-CFB50CAB4D08->s2@group-6E85041A3092, cid=1764, SUCCESS, logIndex=133, commits[s2:c140, s0:c0, s1:c129]
2019-09-24 12:11:25,552 ERROR grpc.TestWatchRequestWithGrpc (WatchRequestTests.java:get(169)) - Failed to get all(133)
2019-09-24 12:11:25,552 ERROR grpc.TestWatchRequestWithGrpc (WatchRequestTests.java:get(169)) - Failed to get allCommitted(133)
2019-09-24 12:11:25,552 INFO  grpc.TestWatchRequestWithGrpc (WatchRequestTests.java:checkTimeout(396)) - checkTimeout 95: receive RaftClientReply:client-CFB50CAB4D08->s2@group-6E85041A3092, cid=1765, SUCCESS, logIndex=134, commits[s2:c140, s0:c0, s1:c134]
2019-09-24 12:11:25,552 ERROR grpc.TestWatchRequestWithGrpc (WatchRequestTests.java:get(169)) - Failed to get all(134)
2019-09-24 12:11:25,552 ERROR grpc.TestWatchRequestWithGrpc (WatchRequestTests.java:get(169)) - Failed to get allCommitted(134)
2019-09-24 12:11:25,553 INFO  grpc.TestWatchRequestWithGrpc (WatchRequestTests.java:checkTimeout(396)) - checkTimeout 96: receive RaftClientReply:client-CFB50CAB4D08->s2@group-6E85041A3092, cid=1766, SUCCESS, logIndex=135, commits[s2:c140, s0:c0, s1:c134]
2019-09-24 12:11:25,553 ERROR grpc.TestWatchRequestWithGrpc (WatchRequestTests.java:get(169)) - Failed to get all(135)
2019-09-24 12:11:25,553 ERROR grpc.TestWatchRequestWithGrpc (WatchRequestTests.java:get(169)) - Failed to get allCommitted(135)
2019-09-24 12:11:25,553 INFO  grpc.TestWatchRequestWithGrpc (WatchRequestTests.java:checkTimeout(396)) - checkTimeout 97: receive RaftClientReply:client-CFB50CAB4D08->s2@group-6E85041A3092, cid=1767, SUCCESS, logIndex=136, commits[s2:c142, s0:c0, s1:c138]
2019-09-24 12:11:25,553 ERROR grpc.TestWatchRequestWithGrpc (WatchRequestTests.java:get(169)) - Failed to get all(136)
2019-09-24 12:11:25,553 ERROR grpc.TestWatchRequestWithGrpc (WatchRequestTests.java:get(169)) - Failed to get allCommitted(136)
2019-09-24 12:11:25,553 INFO  grpc.TestWatchRequestWithGrpc (WatchRequestTests.java:checkTimeout(396)) - checkTimeout 98: receive RaftClientReply:client-CFB50CAB4D08->s2@group-6E85041A3092, cid=1768, SUCCESS, logIndex=137, commits[s2:c143, s0:c0, s1:c138]
2019-09-24 12:11:25,553 ERROR grpc.TestWatchRequestWithGrpc (WatchRequestTests.java:get(169)) - Failed to get all(137)
2019-09-24 12:11:25,553 ERROR grpc.TestWatchRequestWithGrpc (WatchRequestTests.java:get(169)) - Failed to get allCommitted(137)
2019-09-24 12:11:25,553 INFO  grpc.TestWatchRequestWithGrpc (WatchRequestTests.java:checkTimeout(396)) - checkTimeout 99: receive RaftClientReply:client-CFB50CAB4D08->s2@group-6E85041A3092, cid=1769, SUCCESS, logIndex=138, commits[s2:c143, s0:c0, s1:c138]
2019-09-24 12:11:25,553 ERROR grpc.TestWatchRequestWithGrpc (WatchRequestTests.java:get(169)) - Failed to get all(138)
2019-09-24 12:11:25,553 ERROR grpc.TestWatchRequestWithGrpc (WatchRequestTests.java:get(169)) - Failed to get allCommitted(138)
2019-09-24 12:11:25,554 INFO  statemachine.SimpleStateMachine4Testing (SimpleStateMachine4Testing.java:unblock(143)) - unblock FLUSH_STATE_MACHINE_DATA
2019-09-24 12:11:25,554 INFO  grpc.TestWatchRequestWithGrpc (WatchRequestTests.java:runTestWatchRequestTimeout(389)) - unblock follower s0
2019-09-24 12:11:25,554 INFO  grpc.TestWatchRequestWithGrpc (WatchRequestTests.java:runTest(123)) - 1) numMessages=1, printing ALL groups
  s0:  RUNNING  FOLLOWER s0@group-6E85041A3092:t2, leader=null, voted=s1, raftlog=s0@group-6E85041A3092-SegmentedRaftLog:OPENED:c0,f0,i128, conf=0: [s0:0.0.0.0:46774, s1:0.0.0.0:44201, s2:0.0.0.0:41281], old=null RUNNING
  s1:  RUNNING  FOLLOWER s1@group-6E85041A3092:t2, leader=null, voted=s1, raftlog=s1@group-6E85041A3092-SegmentedRaftLog:OPENED:c143,f143,i143, conf=0: [s0:0.0.0.0:46774, s1:0.0.0.0:44201, s2:0.0.0.0:41281], old=null RUNNING
  s2:  RUNNING  FOLLOWER s2@group-6E85041A3092:t2, leader=null, voted=null, raftlog=s2@group-6E85041A3092-SegmentedRaftLog:OPENED:c143,f143,i143, conf=0: [s0:0.0.0.0:46774, s1:0.0.0.0:44201, s2:0.0.0.0:41281], old=null RUNNING
2019-09-24 12:11:25,554 INFO  server.RaftServerConfigKeys (ConfUtils.java:logGet(43)) - raft.server.watch.timeout = 500ms (custom)
2019-09-24 12:11:25,554 INFO  server.RaftServerConfigKeys (ConfUtils.java:logGet(43)) - raft.server.watch.timeout.denomination = 100ms (custom)
2019-09-24 12:11:25,555 DEBUG client.GrpcClientProtocolService (GrpcClientProtocolService.java:lambda$onCompleted$2(303)) - 1-UnorderedRequestStreamObserver1: close
2019-09-24 12:11:25,556 INFO  ratis.MiniRaftCluster (MiniRaftCluster.java:runWithNewCluster(127)) - printing ALL groups
  s0:  RUNNING  FOLLOWER s0@group-6E85041A3092:t2, leader=null, voted=s1, raftlog=s0@group-6E85041A3092-SegmentedRaftLog:OPENED:c0,f0,i128, conf=0: [s0:0.0.0.0:46774, s1:0.0.0.0:44201, s2:0.0.0.0:41281], old=null RUNNING
  s1:  RUNNING  FOLLOWER s1@group-6E85041A3092:t2, leader=null, voted=s1, raftlog=s1@group-6E85041A3092-SegmentedRaftLog:OPENED:c143,f143,i143, conf=0: [s0:0.0.0.0:46774, s1:0.0.0.0:44201, s2:0.0.0.0:41281], old=null RUNNING
  s2:  RUNNING  FOLLOWER s2@group-6E85041A3092:t2, leader=null, voted=null, raftlog=s2@group-6E85041A3092-SegmentedRaftLog:OPENED:c143,f143,i143, conf=0: [s0:0.0.0.0:46774, s1:0.0.0.0:44201, s2:0.0.0.0:41281], old=null RUNNING
2019-09-24 12:11:25,556 ERROR ratis.MiniRaftCluster (MiniRaftCluster.java:runWithNewCluster(128)) - Failed org.apache.ratis.MiniRaftCluster$Factory$Get.runWithNewCluster(MiniRaftCluster.java:113)
java.lang.NullPointerException
	at org.apache.ratis.WatchRequestTests.runTestWatchRequestTimeout(WatchRequestTests.java:358)
	at org.apache.ratis.WatchRequestTests.runTest(WatchRequestTests.java:124)
	at org.apache.ratis.WatchRequestTests.lambda$testWatchRequestTimeout$8(WatchRequestTests.java:340)
	at org.apache.ratis.MiniRaftCluster$Factory$Get.runWithNewCluster(MiniRaftCluster.java:125)
	at org.apache.ratis.MiniRaftCluster$Factory$Get.runWithNewCluster(MiniRaftCluster.java:113)
	at org.apache.ratis.WatchRequestTests.testWatchRequestTimeout(WatchRequestTests.java:339)
	at sun.reflect.NativeMethodAccessorImpl.invoke0(Native Method)
	at sun.reflect.NativeMethodAccessorImpl.invoke(NativeMethodAccessorImpl.java:62)
	at sun.reflect.DelegatingMethodAccessorImpl.invoke(DelegatingMethodAccessorImpl.java:43)
	at java.lang.reflect.Method.invoke(Method.java:498)
	at org.junit.runners.model.FrameworkMethod$1.runReflectiveCall(FrameworkMethod.java:50)
	at org.junit.internal.runners.model.ReflectiveCallable.run(ReflectiveCallable.java:12)
	at org.junit.runners.model.FrameworkMethod.invokeExplosively(FrameworkMethod.java:47)
	at org.junit.internal.runners.statements.InvokeMethod.evaluate(InvokeMethod.java:17)
	at org.junit.internal.runners.statements.RunBefores.evaluate(RunBefores.java:26)
	at org.junit.internal.runners.statements.RunAfters.evaluate(RunAfters.java:27)
	at org.junit.internal.runners.statements.FailOnTimeout$CallableStatement.call(FailOnTimeout.java:298)
	at org.junit.internal.runners.statements.FailOnTimeout$CallableStatement.call(FailOnTimeout.java:292)
	at java.util.concurrent.FutureTask.run(FutureTask.java:266)
	at java.lang.Thread.run(Thread.java:748)
2019-09-24 12:11:25,556 INFO  ratis.MiniRaftCluster (MiniRaftCluster.java:shutdown(700)) - ************************************************************** 
2019-09-24 12:11:25,556 INFO  ratis.MiniRaftCluster (MiniRaftCluster.java:shutdown(701)) - *** 
2019-09-24 12:11:25,556 INFO  ratis.MiniRaftCluster (MiniRaftCluster.java:shutdown(702)) - ***     Stopping MiniRaftClusterWithGrpc
2019-09-24 12:11:25,556 INFO  ratis.MiniRaftCluster (MiniRaftCluster.java:shutdown(703)) - *** 
2019-09-24 12:11:25,556 INFO  ratis.MiniRaftCluster (MiniRaftCluster.java:shutdown(704)) - ************************************************************** 
2019-09-24 12:11:25,556 INFO  ratis.MiniRaftCluster (MiniRaftCluster.java:shutdown(705)) - printing ALL groups
  s0:  RUNNING  FOLLOWER s0@group-6E85041A3092:t2, leader=null, voted=s1, raftlog=s0@group-6E85041A3092-SegmentedRaftLog:OPENED:c0,f0,i128, conf=0: [s0:0.0.0.0:46774, s1:0.0.0.0:44201, s2:0.0.0.0:41281], old=null RUNNING
  s1:  RUNNING  FOLLOWER s1@group-6E85041A3092:t2, leader=null, voted=s1, raftlog=s1@group-6E85041A3092-SegmentedRaftLog:OPENED:c143,f143,i143, conf=0: [s0:0.0.0.0:46774, s1:0.0.0.0:44201, s2:0.0.0.0:41281], old=null RUNNING
  s2:  RUNNING  FOLLOWER s2@group-6E85041A3092:t2, leader=null, voted=null, raftlog=s2@group-6E85041A3092-SegmentedRaftLog:OPENED:c143,f143,i143, conf=0: [s0:0.0.0.0:46774, s1:0.0.0.0:44201, s2:0.0.0.0:41281], old=null RUNNING
2019-09-24 12:11:25,557 INFO  impl.RaftServerProxy (RaftServerProxy.java:lambda$close$4(314)) - s0: close
2019-09-24 12:11:25,557 INFO  impl.RaftServerProxy (RaftServerProxy.java:lambda$close$4(314)) - s1: close
2019-09-24 12:11:25,558 INFO  impl.RaftServerImpl (RaftServerImpl.java:lambda$shutdown$3(247)) - s0@group-6E85041A3092: shutdown
2019-09-24 12:11:25,557 INFO  impl.RaftServerProxy (RaftServerProxy.java:lambda$close$4(314)) - s2: close
2019-09-24 12:11:25,558 INFO  util.JmxRegister (JmxRegister.java:unregister(73)) - Successfully un-registered JMX Bean with object name Ratis:service=RaftServer,group=group-6E85041A3092,id=s0
2019-09-24 12:11:25,558 INFO  impl.RaftServerImpl (RaftServerImpl.java:lambda$shutdown$3(247)) - s1@group-6E85041A3092: shutdown
2019-09-24 12:11:25,559 INFO  impl.RoleInfo (RoleInfo.java:shutdownFollowerState(121)) - s0: shutdown FollowerState
2019-09-24 12:11:25,559 INFO  impl.RaftServerImpl (RaftServerImpl.java:lambda$shutdown$3(247)) - s2@group-6E85041A3092: shutdown
2019-09-24 12:11:25,560 INFO  impl.FollowerState (FollowerState.java:run(117)) - s0@group-6E85041A3092-FollowerState was interrupted: java.lang.InterruptedException: sleep interrupted
2019-09-24 12:11:25,559 INFO  impl.StateMachineUpdater (StateMachineUpdater.java:stopAndJoin(136)) - s0@group-6E85041A3092-StateMachineUpdater: set stopIndex = 0
2019-09-24 12:11:25,559 INFO  util.JmxRegister (JmxRegister.java:unregister(73)) - Successfully un-registered JMX Bean with object name Ratis:service=RaftServer,group=group-6E85041A3092,id=s1
2019-09-24 12:11:25,560 INFO  impl.RaftServerImpl (ServerState.java:close(386)) - s0@group-6E85041A3092: closes. applyIndex: 0
2019-09-24 12:11:25,560 INFO  util.JmxRegister (JmxRegister.java:unregister(73)) - Successfully un-registered JMX Bean with object name Ratis:service=RaftServer,group=group-6E85041A3092,id=s2
2019-09-24 12:11:25,561 INFO  impl.RoleInfo (RoleInfo.java:shutdownFollowerState(121)) - s1: shutdown FollowerState
2019-09-24 12:11:25,561 INFO  impl.RoleInfo (RoleInfo.java:shutdownFollowerState(121)) - s2: shutdown FollowerState
2019-09-24 12:11:25,562 INFO  impl.FollowerState (FollowerState.java:run(117)) - s1@group-6E85041A3092-FollowerState was interrupted: java.lang.InterruptedException: sleep interrupted
2019-09-24 12:11:25,562 INFO  impl.StateMachineUpdater (StateMachineUpdater.java:stopAndJoin(136)) - s1@group-6E85041A3092-StateMachineUpdater: set stopIndex = 143
2019-09-24 12:11:25,562 INFO  impl.FollowerState (FollowerState.java:run(117)) - s2@group-6E85041A3092-FollowerState was interrupted: java.lang.InterruptedException: sleep interrupted
2019-09-24 12:11:25,562 INFO  impl.StateMachineUpdater (StateMachineUpdater.java:stopAndJoin(136)) - s2@group-6E85041A3092-StateMachineUpdater: set stopIndex = 143
2019-09-24 12:11:25,563 INFO  impl.RaftServerImpl (ServerState.java:close(386)) - s2@group-6E85041A3092: closes. applyIndex: 143
2019-09-24 12:11:25,563 INFO  impl.RaftServerImpl (ServerState.java:close(386)) - s1@group-6E85041A3092: closes. applyIndex: 143
2019-09-24 12:11:25,564 INFO  segmented.SegmentedRaftLogWorker (SegmentedRaftLogWorker.java:run(313)) - s2@group-6E85041A3092-SegmentedRaftLogWorker was interrupted, exiting. There are 0 tasks remaining in the queue.
2019-09-24 12:11:25,564 INFO  segmented.SegmentedRaftLogWorker (SegmentedRaftLogWorker.java:run(313)) - s1@group-6E85041A3092-SegmentedRaftLogWorker was interrupted, exiting. There are 0 tasks remaining in the queue.
2019-09-24 12:11:25,566 DEBUG impl.RaftServerImpl (RaftServerImpl.java:requestVote(775)) - s2@group-6E85041A3092 replies to vote request: s1<-s2#0:FAIL-t2. Peer's state: s2@group-6E85041A3092:t2, leader=null, voted=null, raftlog=s2@group-6E85041A3092-SegmentedRaftLog:CLOSED:c143, conf=0: [s0:0.0.0.0:46774, s1:0.0.0.0:44201, s2:0.0.0.0:41281], old=null
2019-09-24 12:11:25,566 DEBUG impl.RaftServerImpl (RaftServerImpl.java:requestVote(775)) - s0@group-6E85041A3092 replies to vote request: s1<-s0#0:OK-t2. Peer's state: s0@group-6E85041A3092:t2, leader=null, voted=s1, raftlog=s0@group-6E85041A3092-SegmentedRaftLog:CLOSED:c0, conf=0: [s0:0.0.0.0:46774, s1:0.0.0.0:44201, s2:0.0.0.0:41281], old=null
2019-09-24 12:11:25,567 INFO  segmented.SegmentedRaftLogWorker (SegmentedRaftLogWorker.java:close(228)) - s1@group-6E85041A3092-SegmentedRaftLogWorker close()
2019-09-24 12:11:25,567 INFO  segmented.SegmentedRaftLogWorker (SegmentedRaftLogWorker.java:close(228)) - s2@group-6E85041A3092-SegmentedRaftLogWorker close()
2019-09-24 12:11:25,569 INFO  server.GrpcService (GrpcService.java:closeImpl(164)) - s1: shutdown server with port 44201 now
2019-09-24 12:11:25,570 INFO  segmented.SegmentedRaftLogWorker (SegmentedRaftLogWorker.java:close(228)) - s0@group-6E85041A3092-SegmentedRaftLogWorker close()
2019-09-24 12:11:25,570 INFO  server.GrpcService (GrpcService.java:closeImpl(164)) - s2: shutdown server with port 41281 now
2019-09-24 12:11:25,571 INFO  server.GrpcService (GrpcService.java:closeImpl(164)) - s0: shutdown server with port 46774 now
2019-09-24 12:11:25,572 INFO  server.GrpcService (GrpcService.java:closeImpl(172)) - s2: shutdown server with port 41281 successfully
2019-09-24 12:11:25,573 INFO  server.GrpcService (GrpcService.java:closeImpl(172)) - s0: shutdown server with port 46774 successfully
2019-09-24 12:11:25,574 INFO  server.GrpcService (GrpcService.java:closeImpl(172)) - s1: shutdown server with port 44201 successfully
2019-09-24 12:11:25,575 INFO  ratis.MiniRaftCluster (MiniRaftCluster.java:shutdown(722)) - MiniRaftClusterWithGrpc shutdown completed
]]></system-out>
  </testcase>
</testsuite>