<?xml version="1.0" encoding="UTF-8"?>
<testsuite xmlns:xsi="http://www.w3.org/2001/XMLSchema-instance" xsi:noNamespaceSchemaLocation="https://maven.apache.org/surefire/maven-surefire-plugin/xsd/surefire-test-report.xsd" name="org.apache.hadoop.ozone.client.rpc.TestBlockOutputStreamWithFailures" time="743.972" tests="8" errors="0" skipped="0" failures="1">
  <properties>
    <property name="awt.toolkit" value="sun.awt.X11.XToolkit"/>
    <property name="file.encoding.pkg" value="sun.io"/>
    <property name="java.specification.version" value="1.8"/>
    <property name="sun.cpu.isalist" value=""/>
    <property name="sun.jnu.encoding" value="UTF-8"/>
    <property name="java.class.path" value="/workdir/hadoop-ozone/integration-test/target/test-classes:/workdir/hadoop-ozone/integration-test/target/classes:/home/user/.m2/repository/org/apache/hadoop/hadoop-ozone-common/0.5.0-SNAPSHOT/hadoop-ozone-common-0.5.0-SNAPSHOT.jar:/home/user/.m2/repository/org/apache/commons/commons-compress/1.4.1/commons-compress-1.4.1.jar:/home/user/.m2/repository/org/tukaani/xz/1.0/xz-1.0.jar:/home/user/.m2/repository/org/apache/hadoop/hadoop-common/3.2.0/hadoop-common-3.2.0.jar:/home/user/.m2/repository/org/apache/hadoop/hadoop-hdfs/3.2.0/hadoop-hdfs-3.2.0.jar:/home/user/.m2/repository/org/apache/hadoop/hadoop-hdfs-client/3.2.0/hadoop-hdfs-client-3.2.0.jar:/home/user/.m2/repository/com/fasterxml/jackson/core/jackson-annotations/2.9.5/jackson-annotations-2.9.5.jar:/home/user/.m2/repository/org/apache/hadoop/hadoop-hdds-common/0.5.0-SNAPSHOT/hadoop-hdds-common-0.5.0-SNAPSHOT.jar:/home/user/.m2/repository/javax/annotation/javax.annotation-api/1.2/javax.annotation-api-1.2.jar:/home/user/.m2/repository/org/apache/ratis/ratis-server/0.4.0-78e95b9-SNAPSHOT/ratis-server-0.4.0-78e95b9-SNAPSHOT.jar:/home/user/.m2/repository/org/apache/ratis/ratis-thirdparty-misc/0.2.0/ratis-thirdparty-misc-0.2.0.jar:/home/user/.m2/repository/org/apache/ratis/ratis-proto/0.4.0-78e95b9-SNAPSHOT/ratis-proto-0.4.0-78e95b9-SNAPSHOT.jar:/home/user/.m2/repository/org/apache/ratis/ratis-common/0.4.0-78e95b9-SNAPSHOT/ratis-common-0.4.0-78e95b9-SNAPSHOT.jar:/home/user/.m2/repository/org/apache/ratis/ratis-client/0.4.0-78e95b9-SNAPSHOT/ratis-client-0.4.0-78e95b9-SNAPSHOT.jar:/home/user/.m2/repository/org/apache/ratis/ratis-metrics/0.4.0-78e95b9-SNAPSHOT/ratis-metrics-0.4.0-78e95b9-SNAPSHOT.jar:/home/user/.m2/repository/com/github/joshelser/dropwizard-metrics-hadoop-metrics2-reporter/0.1.2/dropwizard-metrics-hadoop-metrics2-reporter-0.1.2.jar:/home/user/.m2/repository/io/dropwizard/metrics/metrics-jvm/3.2.5/metrics-jvm-3.2.5.jar:/home/user/.m2/repository/io/dropwizard/metrics/metrics-ganglia/3.2.5/metrics-ganglia-3.2.5.jar:/home/user/.m2/repository/info/ganglia/gmetric4j/gmetric4j/1.0.7/gmetric4j-1.0.7.jar:/home/user/.m2/repository/org/apache/ratis/ratis-netty/0.4.0-78e95b9-SNAPSHOT/ratis-netty-0.4.0-78e95b9-SNAPSHOT.jar:/home/user/.m2/repository/org/apache/ratis/ratis-grpc/0.4.0-78e95b9-SNAPSHOT/ratis-grpc-0.4.0-78e95b9-SNAPSHOT.jar:/home/user/.m2/repository/org/rocksdb/rocksdbjni/6.0.1/rocksdbjni-6.0.1.jar:/home/user/.m2/repository/org/apache/logging/log4j/log4j-api/2.11.0/log4j-api-2.11.0.jar:/home/user/.m2/repository/org/apache/logging/log4j/log4j-core/2.11.0/log4j-core-2.11.0.jar:/home/user/.m2/repository/com/lmax/disruptor/3.4.2/disruptor-3.4.2.jar:/home/user/.m2/repository/org/apache/commons/commons-pool2/2.6.0/commons-pool2-2.6.0.jar:/home/user/.m2/repository/org/bouncycastle/bcpkix-jdk15on/1.60/bcpkix-jdk15on-1.60.jar:/home/user/.m2/repository/commons-validator/commons-validator/1.6/commons-validator-1.6.jar:/home/user/.m2/repository/commons-digester/commons-digester/1.8.1/commons-digester-1.8.1.jar:/home/user/.m2/repository/io/jaegertracing/jaeger-client/0.33.1/jaeger-client-0.33.1.jar:/home/user/.m2/repository/io/jaegertracing/jaeger-thrift/0.33.1/jaeger-thrift-0.33.1.jar:/home/user/.m2/repository/org/apache/thrift/libthrift/0.11.0/libthrift-0.11.0.jar:/home/user/.m2/repository/com/squareup/okhttp3/okhttp/3.9.0/okhttp-3.9.0.jar:/home/user/.m2/repository/com/squareup/okio/okio/1.13.0/okio-1.13.0.jar:/home/user/.m2/repository/io/jaegertracing/jaeger-core/0.33.1/jaeger-core-0.33.1.jar:/home/user/.m2/repository/io/jaegertracing/jaeger-tracerresolver/0.33.1/jaeger-tracerresolver-0.33.1.jar:/home/user/.m2/repository/io/opentracing/contrib/opentracing-tracerresolver/0.1.5/opentracing-tracerresolver-0.1.5.jar:/home/user/.m2/repository/io/opentracing/opentracing-util/0.31.0/opentracing-util-0.31.0.jar:/home/user/.m2/repository/io/opentracing/opentracing-api/0.31.0/opentracing-api-0.31.0.jar:/home/user/.m2/repository/io/opentracing/opentracing-noop/0.31.0/opentracing-noop-0.31.0.jar:/home/user/.m2/repository/org/apache/hadoop/hadoop-hdds-server-framework/0.5.0-SNAPSHOT/hadoop-hdds-server-framework-0.5.0-SNAPSHOT.jar:/home/user/.m2/repository/org/apache/hadoop/hadoop-hdds-container-service/0.5.0-SNAPSHOT/hadoop-hdds-container-service-0.5.0-SNAPSHOT.jar:/home/user/.m2/repository/org/apache/hadoop/hadoop-hdds-client/0.5.0-SNAPSHOT/hadoop-hdds-client-0.5.0-SNAPSHOT.jar:/home/user/.m2/repository/org/apache/hadoop/hadoop-hdds-tools/0.5.0-SNAPSHOT/hadoop-hdds-tools-0.5.0-SNAPSHOT.jar:/home/user/.m2/repository/org/apache/hadoop/hadoop-hdds-server-scm/0.5.0-SNAPSHOT/hadoop-hdds-server-scm-0.5.0-SNAPSHOT.jar:/home/user/.m2/repository/org/apache/hadoop/hadoop-hdds-docs/0.5.0-SNAPSHOT/hadoop-hdds-docs-0.5.0-SNAPSHOT.jar:/home/user/.m2/repository/io/dropwizard/metrics/metrics-core/3.2.4/metrics-core-3.2.4.jar:/home/user/.m2/repository/org/hamcrest/hamcrest-all/1.3/hamcrest-all-1.3.jar:/home/user/.m2/repository/org/bouncycastle/bcprov-jdk15on/1.60/bcprov-jdk15on-1.60.jar:/home/user/.m2/repository/info/picocli/picocli/3.9.6/picocli-3.9.6.jar:/home/user/.m2/repository/com/google/protobuf/protobuf-java/2.5.0/protobuf-java-2.5.0.jar:/home/user/.m2/repository/com/google/guava/guava/11.0.2/guava-11.0.2.jar:/home/user/.m2/repository/org/apache/hadoop/hadoop-ozone-ozone-manager/0.5.0-SNAPSHOT/hadoop-ozone-ozone-manager-0.5.0-SNAPSHOT.jar:/home/user/.m2/repository/org/apache/hadoop/hadoop-minikdc/3.2.0/hadoop-minikdc-3.2.0.jar:/home/user/.m2/repository/commons-io/commons-io/2.5/commons-io-2.5.jar:/home/user/.m2/repository/org/apache/kerby/kerb-simplekdc/1.0.1/kerb-simplekdc-1.0.1.jar:/home/user/.m2/repository/org/apache/kerby/kerb-client/1.0.1/kerb-client-1.0.1.jar:/home/user/.m2/repository/org/apache/kerby/kerby-config/1.0.1/kerby-config-1.0.1.jar:/home/user/.m2/repository/org/apache/kerby/kerb-core/1.0.1/kerb-core-1.0.1.jar:/home/user/.m2/repository/org/apache/kerby/kerby-pkix/1.0.1/kerby-pkix-1.0.1.jar:/home/user/.m2/repository/org/apache/kerby/kerby-asn1/1.0.1/kerby-asn1-1.0.1.jar:/home/user/.m2/repository/org/apache/kerby/kerby-util/1.0.1/kerby-util-1.0.1.jar:/home/user/.m2/repository/org/apache/kerby/kerb-common/1.0.1/kerb-common-1.0.1.jar:/home/user/.m2/repository/org/apache/kerby/kerb-crypto/1.0.1/kerb-crypto-1.0.1.jar:/home/user/.m2/repository/org/apache/kerby/kerb-util/1.0.1/kerb-util-1.0.1.jar:/home/user/.m2/repository/org/apache/kerby/token-provider/1.0.1/token-provider-1.0.1.jar:/home/user/.m2/repository/org/apache/kerby/kerb-admin/1.0.1/kerb-admin-1.0.1.jar:/home/user/.m2/repository/org/apache/kerby/kerb-server/1.0.1/kerb-server-1.0.1.jar:/home/user/.m2/repository/org/apache/kerby/kerb-identity/1.0.1/kerb-identity-1.0.1.jar:/home/user/.m2/repository/org/apache/kerby/kerby-xdr/1.0.1/kerby-xdr-1.0.1.jar:/home/user/.m2/repository/org/slf4j/slf4j-log4j12/1.7.25/slf4j-log4j12-1.7.25.jar:/home/user/.m2/repository/org/apache/hadoop/hadoop-ozone-s3gateway/0.5.0-SNAPSHOT/hadoop-ozone-s3gateway-0.5.0-SNAPSHOT.jar:/home/user/.m2/repository/org/jboss/weld/servlet/weld-servlet/2.4.7.Final/weld-servlet-2.4.7.Final.jar:/home/user/.m2/repository/org/glassfish/jersey/containers/jersey-container-servlet-core/2.27/jersey-container-servlet-core-2.27.jar:/home/user/.m2/repository/org/glassfish/hk2/external/javax.inject/2.5.0-b42/javax.inject-2.5.0-b42.jar:/home/user/.m2/repository/org/glassfish/jersey/core/jersey-common/2.27/jersey-common-2.27.jar:/home/user/.m2/repository/org/glassfish/hk2/osgi-resource-locator/1.0.1/osgi-resource-locator-1.0.1.jar:/home/user/.m2/repository/javax/ws/rs/javax.ws.rs-api/2.1/javax.ws.rs-api-2.1.jar:/home/user/.m2/repository/org/glassfish/jersey/ext/cdi/jersey-cdi1x/2.27/jersey-cdi1x-2.27.jar:/home/user/.m2/repository/org/glassfish/jersey/inject/jersey-hk2/2.27/jersey-hk2-2.27.jar:/home/user/.m2/repository/org/glassfish/hk2/hk2-locator/2.5.0-b42/hk2-locator-2.5.0-b42.jar:/home/user/.m2/repository/org/javassist/javassist/3.22.0-CR2/javassist-3.22.0-CR2.jar:/home/user/.m2/repository/org/glassfish/hk2/hk2-api/2.5.0/hk2-api-2.5.0.jar:/home/user/.m2/repository/org/glassfish/hk2/external/jakarta.inject/2.5.0/jakarta.inject-2.5.0.jar:/home/user/.m2/repository/org/glassfish/hk2/hk2-utils/2.5.0/hk2-utils-2.5.0.jar:/home/user/.m2/repository/jakarta/annotation/jakarta.annotation-api/1.3.4/jakarta.annotation-api-1.3.4.jar:/home/user/.m2/repository/org/glassfish/hk2/external/aopalliance-repackaged/2.5.0/aopalliance-repackaged-2.5.0.jar:/home/user/.m2/repository/com/fasterxml/jackson/dataformat/jackson-dataformat-xml/2.9.0/jackson-dataformat-xml-2.9.0.jar:/home/user/.m2/repository/com/fasterxml/jackson/core/jackson-core/2.9.5/jackson-core-2.9.5.jar:/home/user/.m2/repository/com/fasterxml/jackson/module/jackson-module-jaxb-annotations/2.9.5/jackson-module-jaxb-annotations-2.9.5.jar:/home/user/.m2/repository/javax/enterprise/cdi-api/1.2/cdi-api-1.2.jar:/home/user/.m2/repository/javax/el/javax.el-api/3.0.0/javax.el-api-3.0.0.jar:/home/user/.m2/repository/javax/interceptor/javax.interceptor-api/1.2/javax.interceptor-api-1.2.jar:/home/user/.m2/repository/javax/inject/javax.inject/1/javax.inject-1.jar:/home/user/.m2/repository/com/sun/xml/bind/jaxb-impl/2.3.0.1/jaxb-impl-2.3.0.1.jar:/home/user/.m2/repository/com/sun/xml/bind/jaxb-core/2.3.0.1/jaxb-core-2.3.0.1.jar:/home/user/.m2/repository/javax/xml/bind/jaxb-api/2.3.0/jaxb-api-2.3.0.jar:/home/user/.m2/repository/javax/activation/activation/1.1.1/activation-1.1.1.jar:/home/user/.m2/repository/org/apache/hadoop/hadoop-ozone-csi/0.5.0-SNAPSHOT/hadoop-ozone-csi-0.5.0-SNAPSHOT.jar:/home/user/.m2/repository/com/google/protobuf/protobuf-java-util/3.5.1/protobuf-java-util-3.5.1.jar:/home/user/.m2/repository/org/apache/hadoop/hadoop-hdds-config/0.5.0-SNAPSHOT/hadoop-hdds-config-0.5.0-SNAPSHOT.jar:/home/user/.m2/repository/io/grpc/grpc-netty/1.17.1/grpc-netty-1.17.1.jar:/home/user/.m2/repository/io/grpc/grpc-core/1.17.1/grpc-core-1.17.1.jar:/home/user/.m2/repository/io/grpc/grpc-context/1.17.1/grpc-context-1.17.1.jar:/home/user/.m2/repository/com/google/errorprone/error_prone_annotations/2.2.0/error_prone_annotations-2.2.0.jar:/home/user/.m2/repository/org/codehaus/mojo/animal-sniffer-annotations/1.17/animal-sniffer-annotations-1.17.jar:/home/user/.m2/repository/io/opencensus/opencensus-api/0.17.0/opencensus-api-0.17.0.jar:/home/user/.m2/repository/io/opencensus/opencensus-contrib-grpc-metrics/0.17.0/opencensus-contrib-grpc-metrics-0.17.0.jar:/home/user/.m2/repository/io/netty/netty-codec-http2/4.1.30.Final/netty-codec-http2-4.1.30.Final.jar:/home/user/.m2/repository/io/netty/netty-codec-http/4.1.30.Final/netty-codec-http-4.1.30.Final.jar:/home/user/.m2/repository/io/netty/netty-codec/4.1.30.Final/netty-codec-4.1.30.Final.jar:/home/user/.m2/repository/io/netty/netty-handler/4.1.30.Final/netty-handler-4.1.30.Final.jar:/home/user/.m2/repository/io/netty/netty-handler-proxy/4.1.30.Final/netty-handler-proxy-4.1.30.Final.jar:/home/user/.m2/repository/io/netty/netty-codec-socks/4.1.30.Final/netty-codec-socks-4.1.30.Final.jar:/home/user/.m2/repository/io/netty/netty-transport-native-epoll/4.1.30.Final/netty-transport-native-epoll-4.1.30.Final.jar:/home/user/.m2/repository/io/netty/netty-common/4.1.30.Final/netty-common-4.1.30.Final.jar:/home/user/.m2/repository/io/netty/netty-buffer/4.1.30.Final/netty-buffer-4.1.30.Final.jar:/home/user/.m2/repository/io/netty/netty-transport/4.1.30.Final/netty-transport-4.1.30.Final.jar:/home/user/.m2/repository/io/netty/netty-resolver/4.1.30.Final/netty-resolver-4.1.30.Final.jar:/home/user/.m2/repository/io/netty/netty-transport-native-unix-common/4.1.30.Final/netty-transport-native-unix-common-4.1.30.Final.jar:/home/user/.m2/repository/io/grpc/grpc-protobuf/1.17.1/grpc-protobuf-1.17.1.jar:/home/user/.m2/repository/com/google/api/grpc/proto-google-common-protos/1.0.0/proto-google-common-protos-1.0.0.jar:/home/user/.m2/repository/io/grpc/grpc-protobuf-lite/1.17.1/grpc-protobuf-lite-1.17.1.jar:/home/user/.m2/repository/io/grpc/grpc-stub/1.17.1/grpc-stub-1.17.1.jar:/home/user/.m2/repository/org/apache/hadoop/hadoop-ozone-recon/0.5.0-SNAPSHOT/hadoop-ozone-recon-0.5.0-SNAPSHOT.jar:/home/user/.m2/repository/org/apache/hadoop/hadoop-ozone-reconcodegen/0.5.0-SNAPSHOT/hadoop-ozone-reconcodegen-0.5.0-SNAPSHOT.jar:/home/user/.m2/repository/com/google/inject/extensions/guice-multibindings/4.0/guice-multibindings-4.0.jar:/home/user/.m2/repository/com/google/inject/guice/4.0/guice-4.0.jar:/home/user/.m2/repository/aopalliance/aopalliance/1.0/aopalliance-1.0.jar:/home/user/.m2/repository/com/google/inject/extensions/guice-servlet/4.0/guice-servlet-4.0.jar:/home/user/.m2/repository/org/glassfish/jersey/containers/jersey-container-servlet/2.27/jersey-container-servlet-2.27.jar:/home/user/.m2/repository/org/glassfish/hk2/guice-bridge/2.5.0/guice-bridge-2.5.0.jar:/home/user/.m2/repository/org/glassfish/jersey/core/jersey-server/2.27/jersey-server-2.27.jar:/home/user/.m2/repository/org/glassfish/jersey/core/jersey-client/2.27/jersey-client-2.27.jar:/home/user/.m2/repository/org/glassfish/jersey/media/jersey-media-jaxb/2.27/jersey-media-jaxb-2.27.jar:/home/user/.m2/repository/javax/validation/validation-api/1.1.0.Final/validation-api-1.1.0.Final.jar:/home/user/.m2/repository/org/glassfish/jersey/media/jersey-media-json-jackson/2.27/jersey-media-json-jackson-2.27.jar:/home/user/.m2/repository/org/glassfish/jersey/ext/jersey-entity-filtering/2.27/jersey-entity-filtering-2.27.jar:/home/user/.m2/repository/com/google/inject/extensions/guice-assistedinject/4.0/guice-assistedinject-4.0.jar:/home/user/.m2/repository/org/jooq/jooq/3.11.10/jooq-3.11.10.jar:/home/user/.m2/repository/org/jooq/jooq-meta/3.11.10/jooq-meta-3.11.10.jar:/home/user/.m2/repository/org/jooq/jooq-codegen/3.11.10/jooq-codegen-3.11.10.jar:/home/user/.m2/repository/com/jolbox/bonecp/0.8.0.RELEASE/bonecp-0.8.0.RELEASE.jar:/home/user/.m2/repository/org/xerial/sqlite-jdbc/3.25.2/sqlite-jdbc-3.25.2.jar:/home/user/.m2/repository/org/springframework/spring-jdbc/5.1.3.RELEASE/spring-jdbc-5.1.3.RELEASE.jar:/home/user/.m2/repository/org/springframework/spring-beans/5.1.3.RELEASE/spring-beans-5.1.3.RELEASE.jar:/home/user/.m2/repository/org/springframework/spring-core/5.1.3.RELEASE/spring-core-5.1.3.RELEASE.jar:/home/user/.m2/repository/org/springframework/spring-jcl/5.1.3.RELEASE/spring-jcl-5.1.3.RELEASE.jar:/home/user/.m2/repository/org/springframework/spring-tx/5.1.3.RELEASE/spring-tx-5.1.3.RELEASE.jar:/home/user/.m2/repository/org/apache/hadoop/hadoop-ozone-client/0.5.0-SNAPSHOT/hadoop-ozone-client-0.5.0-SNAPSHOT.jar:/home/user/.m2/repository/commons-lang/commons-lang/2.6/commons-lang-2.6.jar:/home/user/.m2/repository/org/apache/hadoop/hadoop-ozone-ozone-manager/0.5.0-SNAPSHOT/hadoop-ozone-ozone-manager-0.5.0-SNAPSHOT-tests.jar:/home/user/.m2/repository/junit/junit/4.11/junit-4.11.jar:/home/user/.m2/repository/org/hamcrest/hamcrest-core/1.3/hamcrest-core-1.3.jar:/home/user/.m2/repository/org/openjdk/jmh/jmh-core/1.19/jmh-core-1.19.jar:/home/user/.m2/repository/net/sf/jopt-simple/jopt-simple/4.6/jopt-simple-4.6.jar:/home/user/.m2/repository/org/apache/commons/commons-math3/3.1.1/commons-math3-3.1.1.jar:/home/user/.m2/repository/org/openjdk/jmh/jmh-generator-annprocess/1.19/jmh-generator-annprocess-1.19.jar:/home/user/.m2/repository/org/mockito/mockito-all/1.8.5/mockito-all-1.8.5.jar:/home/user/.m2/repository/org/apache/hadoop/hadoop-kms/3.2.0/hadoop-kms-3.2.0.jar:/home/user/.m2/repository/org/apache/hadoop/hadoop-auth/3.2.0/hadoop-auth-3.2.0.jar:/home/user/.m2/repository/com/nimbusds/nimbus-jose-jwt/4.41.1/nimbus-jose-jwt-4.41.1.jar:/home/user/.m2/repository/com/github/stephenc/jcip/jcip-annotations/1.0-1/jcip-annotations-1.0-1.jar:/home/user/.m2/repository/net/minidev/json-smart/2.3/json-smart-2.3.jar:/home/user/.m2/repository/net/minidev/accessors-smart/1.2/accessors-smart-1.2.jar:/home/user/.m2/repository/org/ow2/asm/asm/5.0.4/asm-5.0.4.jar:/home/user/.m2/repository/org/apache/curator/curator-framework/2.12.0/curator-framework-2.12.0.jar:/home/user/.m2/repository/com/sun/jersey/jersey-core/1.19/jersey-core-1.19.jar:/home/user/.m2/repository/javax/ws/rs/jsr311-api/1.1.1/jsr311-api-1.1.1.jar:/home/user/.m2/repository/com/sun/jersey/jersey-server/1.19/jersey-server-1.19.jar:/home/user/.m2/repository/javax/servlet/javax.servlet-api/3.1.0/javax.servlet-api-3.1.0.jar:/home/user/.m2/repository/org/eclipse/jetty/jetty-server/9.3.24.v20180605/jetty-server-9.3.24.v20180605.jar:/home/user/.m2/repository/org/eclipse/jetty/jetty-http/9.3.24.v20180605/jetty-http-9.3.24.v20180605.jar:/home/user/.m2/repository/org/eclipse/jetty/jetty-io/9.3.24.v20180605/jetty-io-9.3.24.v20180605.jar:/home/user/.m2/repository/org/eclipse/jetty/jetty-webapp/9.3.24.v20180605/jetty-webapp-9.3.24.v20180605.jar:/home/user/.m2/repository/org/eclipse/jetty/jetty-xml/9.3.24.v20180605/jetty-xml-9.3.24.v20180605.jar:/home/user/.m2/repository/log4j/log4j/1.2.17/log4j-1.2.17.jar:/home/user/.m2/repository/org/slf4j/slf4j-api/1.7.25/slf4j-api-1.7.25.jar:/home/user/.m2/repository/org/slf4j/jul-to-slf4j/1.7.25/jul-to-slf4j-1.7.25.jar:/home/user/.m2/repository/org/eclipse/jetty/jetty-util/9.3.24.v20180605/jetty-util-9.3.24.v20180605.jar:/home/user/.m2/repository/com/fasterxml/jackson/core/jackson-databind/2.9.5/jackson-databind-2.9.5.jar:/home/user/.m2/repository/org/apache/hadoop/hadoop-kms/3.2.0/hadoop-kms-3.2.0-tests.jar:/home/user/.m2/repository/org/apache/hadoop/hadoop-hdds-server-scm/0.5.0-SNAPSHOT/hadoop-hdds-server-scm-0.5.0-SNAPSHOT-tests.jar:/home/user/.m2/repository/org/apache/hadoop/hadoop-hdds-container-service/0.5.0-SNAPSHOT/hadoop-hdds-container-service-0.5.0-SNAPSHOT-tests.jar:/home/user/.m2/repository/org/yaml/snakeyaml/1.16/snakeyaml-1.16.jar:/home/user/.m2/repository/org/apache/hadoop/hadoop-common/3.2.0/hadoop-common-3.2.0-tests.jar:/home/user/.m2/repository/org/apache/hadoop/hadoop-annotations/3.2.0/hadoop-annotations-3.2.0.jar:/usr/lib/jvm/java-1.8-openjdk/jre/../lib/tools.jar:/home/user/.m2/repository/commons-cli/commons-cli/1.2/commons-cli-1.2.jar:/home/user/.m2/repository/org/apache/httpcomponents/httpclient/4.5.2/httpclient-4.5.2.jar:/home/user/.m2/repository/org/apache/httpcomponents/httpcore/4.4.4/httpcore-4.4.4.jar:/home/user/.m2/repository/commons-codec/commons-codec/1.11/commons-codec-1.11.jar:/home/user/.m2/repository/commons-net/commons-net/3.6/commons-net-3.6.jar:/home/user/.m2/repository/commons-collections/commons-collections/3.2.2/commons-collections-3.2.2.jar:/home/user/.m2/repository/org/eclipse/jetty/jetty-servlet/9.3.24.v20180605/jetty-servlet-9.3.24.v20180605.jar:/home/user/.m2/repository/org/eclipse/jetty/jetty-security/9.3.24.v20180605/jetty-security-9.3.24.v20180605.jar:/home/user/.m2/repository/javax/servlet/jsp/jsp-api/2.1/jsp-api-2.1.jar:/home/user/.m2/repository/com/sun/jersey/jersey-servlet/1.19/jersey-servlet-1.19.jar:/home/user/.m2/repository/com/sun/jersey/jersey-json/1.19/jersey-json-1.19.jar:/home/user/.m2/repository/org/codehaus/jettison/jettison/1.1/jettison-1.1.jar:/home/user/.m2/repository/org/codehaus/jackson/jackson-core-asl/1.9.13/jackson-core-asl-1.9.13.jar:/home/user/.m2/repository/org/codehaus/jackson/jackson-mapper-asl/1.9.13/jackson-mapper-asl-1.9.13.jar:/home/user/.m2/repository/org/codehaus/jackson/jackson-jaxrs/1.9.13/jackson-jaxrs-1.9.13.jar:/home/user/.m2/repository/org/codehaus/jackson/jackson-xc/1.9.13/jackson-xc-1.9.13.jar:/home/user/.m2/repository/commons-logging/commons-logging/1.1.3/commons-logging-1.1.3.jar:/home/user/.m2/repository/commons-beanutils/commons-beanutils/1.9.3/commons-beanutils-1.9.3.jar:/home/user/.m2/repository/org/apache/commons/commons-configuration2/2.1.1/commons-configuration2-2.1.1.jar:/home/user/.m2/repository/org/apache/commons/commons-lang3/3.7/commons-lang3-3.7.jar:/home/user/.m2/repository/org/apache/commons/commons-text/1.4/commons-text-1.4.jar:/home/user/.m2/repository/org/apache/avro/avro/1.7.7/avro-1.7.7.jar:/home/user/.m2/repository/com/thoughtworks/paranamer/paranamer/2.3/paranamer-2.3.jar:/home/user/.m2/repository/org/xerial/snappy/snappy-java/1.0.5/snappy-java-1.0.5.jar:/home/user/.m2/repository/com/google/re2j/re2j/1.1/re2j-1.1.jar:/home/user/.m2/repository/com/google/code/gson/gson/2.2.4/gson-2.2.4.jar:/home/user/.m2/repository/com/jcraft/jsch/0.1.54/jsch-0.1.54.jar:/home/user/.m2/repository/org/apache/curator/curator-client/2.12.0/curator-client-2.12.0.jar:/home/user/.m2/repository/org/apache/curator/curator-recipes/2.12.0/curator-recipes-2.12.0.jar:/home/user/.m2/repository/com/google/code/findbugs/jsr305/3.0.0/jsr305-3.0.0.jar:/home/user/.m2/repository/org/apache/htrace/htrace-core4/4.1.0-incubating/htrace-core4-4.1.0-incubating.jar:/home/user/.m2/repository/org/apache/zookeeper/zookeeper/3.4.13/zookeeper-3.4.13.jar:/home/user/.m2/repository/org/apache/yetus/audience-annotations/0.5.0/audience-annotations-0.5.0.jar:/home/user/.m2/repository/org/codehaus/woodstox/stax2-api/3.1.4/stax2-api-3.1.4.jar:/home/user/.m2/repository/com/fasterxml/woodstox/woodstox-core/5.0.3/woodstox-core-5.0.3.jar:/home/user/.m2/repository/dnsjava/dnsjava/2.1.7/dnsjava-2.1.7.jar:/home/user/.m2/repository/org/apache/hadoop/hadoop-hdfs/3.2.0/hadoop-hdfs-3.2.0-tests.jar:/home/user/.m2/repository/org/eclipse/jetty/jetty-util-ajax/9.3.24.v20180605/jetty-util-ajax-9.3.24.v20180605.jar:/home/user/.m2/repository/commons-daemon/commons-daemon/1.0.13/commons-daemon-1.0.13.jar:/home/user/.m2/repository/io/netty/netty/3.10.5.Final/netty-3.10.5.Final.jar:/home/user/.m2/repository/io/netty/netty-all/4.0.52.Final/netty-all-4.0.52.Final.jar:/home/user/.m2/repository/org/fusesource/leveldbjni/leveldbjni-all/1.8/leveldbjni-all-1.8.jar:"/>
    <property name="java.vm.vendor" value="IcedTea"/>
    <property name="sun.arch.data.model" value="64"/>
    <property name="test.build.dir" value="/workdir/hadoop-ozone/integration-test/target/test-dir"/>
    <property name="test.cache.data" value=""/>
    <property name="java.vendor.url" value="https://icedtea.classpath.org"/>
    <property name="user.timezone" value=""/>
    <property name="java.vm.specification.version" value="1.8"/>
    <property name="os.name" value="Linux"/>
    <property name="test.build.data" value="/workdir/hadoop-ozone/integration-test/target/test-dir"/>
    <property name="user.country" value="US"/>
    <property name="sun.java.launcher" value="SUN_STANDARD"/>
    <property name="sun.boot.library.path" value="/usr/lib/jvm/java-1.8-openjdk/jre/lib/amd64"/>
    <property name="sun.java.command" value="/workdir/hadoop-ozone/integration-test/target/surefire/surefirebooter8604231694355093236.jar /workdir/hadoop-ozone/integration-test/target/surefire 2019-09-09T05-14-54_364-jvmRun1 surefire3147169575047287235tmp surefire_385574415299507735451tmp"/>
    <property name="test" value="!TestMiniChaosOzoneCluster"/>
    <property name="surefire.test.class.path" value="/workdir/hadoop-ozone/integration-test/target/test-classes:/workdir/hadoop-ozone/integration-test/target/classes:/home/user/.m2/repository/org/apache/hadoop/hadoop-ozone-common/0.5.0-SNAPSHOT/hadoop-ozone-common-0.5.0-SNAPSHOT.jar:/home/user/.m2/repository/org/apache/commons/commons-compress/1.4.1/commons-compress-1.4.1.jar:/home/user/.m2/repository/org/tukaani/xz/1.0/xz-1.0.jar:/home/user/.m2/repository/org/apache/hadoop/hadoop-common/3.2.0/hadoop-common-3.2.0.jar:/home/user/.m2/repository/org/apache/hadoop/hadoop-hdfs/3.2.0/hadoop-hdfs-3.2.0.jar:/home/user/.m2/repository/org/apache/hadoop/hadoop-hdfs-client/3.2.0/hadoop-hdfs-client-3.2.0.jar:/home/user/.m2/repository/com/fasterxml/jackson/core/jackson-annotations/2.9.5/jackson-annotations-2.9.5.jar:/home/user/.m2/repository/org/apache/hadoop/hadoop-hdds-common/0.5.0-SNAPSHOT/hadoop-hdds-common-0.5.0-SNAPSHOT.jar:/home/user/.m2/repository/javax/annotation/javax.annotation-api/1.2/javax.annotation-api-1.2.jar:/home/user/.m2/repository/org/apache/ratis/ratis-server/0.4.0-78e95b9-SNAPSHOT/ratis-server-0.4.0-78e95b9-SNAPSHOT.jar:/home/user/.m2/repository/org/apache/ratis/ratis-thirdparty-misc/0.2.0/ratis-thirdparty-misc-0.2.0.jar:/home/user/.m2/repository/org/apache/ratis/ratis-proto/0.4.0-78e95b9-SNAPSHOT/ratis-proto-0.4.0-78e95b9-SNAPSHOT.jar:/home/user/.m2/repository/org/apache/ratis/ratis-common/0.4.0-78e95b9-SNAPSHOT/ratis-common-0.4.0-78e95b9-SNAPSHOT.jar:/home/user/.m2/repository/org/apache/ratis/ratis-client/0.4.0-78e95b9-SNAPSHOT/ratis-client-0.4.0-78e95b9-SNAPSHOT.jar:/home/user/.m2/repository/org/apache/ratis/ratis-metrics/0.4.0-78e95b9-SNAPSHOT/ratis-metrics-0.4.0-78e95b9-SNAPSHOT.jar:/home/user/.m2/repository/com/github/joshelser/dropwizard-metrics-hadoop-metrics2-reporter/0.1.2/dropwizard-metrics-hadoop-metrics2-reporter-0.1.2.jar:/home/user/.m2/repository/io/dropwizard/metrics/metrics-jvm/3.2.5/metrics-jvm-3.2.5.jar:/home/user/.m2/repository/io/dropwizard/metrics/metrics-ganglia/3.2.5/metrics-ganglia-3.2.5.jar:/home/user/.m2/repository/info/ganglia/gmetric4j/gmetric4j/1.0.7/gmetric4j-1.0.7.jar:/home/user/.m2/repository/org/apache/ratis/ratis-netty/0.4.0-78e95b9-SNAPSHOT/ratis-netty-0.4.0-78e95b9-SNAPSHOT.jar:/home/user/.m2/repository/org/apache/ratis/ratis-grpc/0.4.0-78e95b9-SNAPSHOT/ratis-grpc-0.4.0-78e95b9-SNAPSHOT.jar:/home/user/.m2/repository/org/rocksdb/rocksdbjni/6.0.1/rocksdbjni-6.0.1.jar:/home/user/.m2/repository/org/apache/logging/log4j/log4j-api/2.11.0/log4j-api-2.11.0.jar:/home/user/.m2/repository/org/apache/logging/log4j/log4j-core/2.11.0/log4j-core-2.11.0.jar:/home/user/.m2/repository/com/lmax/disruptor/3.4.2/disruptor-3.4.2.jar:/home/user/.m2/repository/org/apache/commons/commons-pool2/2.6.0/commons-pool2-2.6.0.jar:/home/user/.m2/repository/org/bouncycastle/bcpkix-jdk15on/1.60/bcpkix-jdk15on-1.60.jar:/home/user/.m2/repository/commons-validator/commons-validator/1.6/commons-validator-1.6.jar:/home/user/.m2/repository/commons-digester/commons-digester/1.8.1/commons-digester-1.8.1.jar:/home/user/.m2/repository/io/jaegertracing/jaeger-client/0.33.1/jaeger-client-0.33.1.jar:/home/user/.m2/repository/io/jaegertracing/jaeger-thrift/0.33.1/jaeger-thrift-0.33.1.jar:/home/user/.m2/repository/org/apache/thrift/libthrift/0.11.0/libthrift-0.11.0.jar:/home/user/.m2/repository/com/squareup/okhttp3/okhttp/3.9.0/okhttp-3.9.0.jar:/home/user/.m2/repository/com/squareup/okio/okio/1.13.0/okio-1.13.0.jar:/home/user/.m2/repository/io/jaegertracing/jaeger-core/0.33.1/jaeger-core-0.33.1.jar:/home/user/.m2/repository/io/jaegertracing/jaeger-tracerresolver/0.33.1/jaeger-tracerresolver-0.33.1.jar:/home/user/.m2/repository/io/opentracing/contrib/opentracing-tracerresolver/0.1.5/opentracing-tracerresolver-0.1.5.jar:/home/user/.m2/repository/io/opentracing/opentracing-util/0.31.0/opentracing-util-0.31.0.jar:/home/user/.m2/repository/io/opentracing/opentracing-api/0.31.0/opentracing-api-0.31.0.jar:/home/user/.m2/repository/io/opentracing/opentracing-noop/0.31.0/opentracing-noop-0.31.0.jar:/home/user/.m2/repository/org/apache/hadoop/hadoop-hdds-server-framework/0.5.0-SNAPSHOT/hadoop-hdds-server-framework-0.5.0-SNAPSHOT.jar:/home/user/.m2/repository/org/apache/hadoop/hadoop-hdds-container-service/0.5.0-SNAPSHOT/hadoop-hdds-container-service-0.5.0-SNAPSHOT.jar:/home/user/.m2/repository/org/apache/hadoop/hadoop-hdds-client/0.5.0-SNAPSHOT/hadoop-hdds-client-0.5.0-SNAPSHOT.jar:/home/user/.m2/repository/org/apache/hadoop/hadoop-hdds-tools/0.5.0-SNAPSHOT/hadoop-hdds-tools-0.5.0-SNAPSHOT.jar:/home/user/.m2/repository/org/apache/hadoop/hadoop-hdds-server-scm/0.5.0-SNAPSHOT/hadoop-hdds-server-scm-0.5.0-SNAPSHOT.jar:/home/user/.m2/repository/org/apache/hadoop/hadoop-hdds-docs/0.5.0-SNAPSHOT/hadoop-hdds-docs-0.5.0-SNAPSHOT.jar:/home/user/.m2/repository/io/dropwizard/metrics/metrics-core/3.2.4/metrics-core-3.2.4.jar:/home/user/.m2/repository/org/hamcrest/hamcrest-all/1.3/hamcrest-all-1.3.jar:/home/user/.m2/repository/org/bouncycastle/bcprov-jdk15on/1.60/bcprov-jdk15on-1.60.jar:/home/user/.m2/repository/info/picocli/picocli/3.9.6/picocli-3.9.6.jar:/home/user/.m2/repository/com/google/protobuf/protobuf-java/2.5.0/protobuf-java-2.5.0.jar:/home/user/.m2/repository/com/google/guava/guava/11.0.2/guava-11.0.2.jar:/home/user/.m2/repository/org/apache/hadoop/hadoop-ozone-ozone-manager/0.5.0-SNAPSHOT/hadoop-ozone-ozone-manager-0.5.0-SNAPSHOT.jar:/home/user/.m2/repository/org/apache/hadoop/hadoop-minikdc/3.2.0/hadoop-minikdc-3.2.0.jar:/home/user/.m2/repository/commons-io/commons-io/2.5/commons-io-2.5.jar:/home/user/.m2/repository/org/apache/kerby/kerb-simplekdc/1.0.1/kerb-simplekdc-1.0.1.jar:/home/user/.m2/repository/org/apache/kerby/kerb-client/1.0.1/kerb-client-1.0.1.jar:/home/user/.m2/repository/org/apache/kerby/kerby-config/1.0.1/kerby-config-1.0.1.jar:/home/user/.m2/repository/org/apache/kerby/kerb-core/1.0.1/kerb-core-1.0.1.jar:/home/user/.m2/repository/org/apache/kerby/kerby-pkix/1.0.1/kerby-pkix-1.0.1.jar:/home/user/.m2/repository/org/apache/kerby/kerby-asn1/1.0.1/kerby-asn1-1.0.1.jar:/home/user/.m2/repository/org/apache/kerby/kerby-util/1.0.1/kerby-util-1.0.1.jar:/home/user/.m2/repository/org/apache/kerby/kerb-common/1.0.1/kerb-common-1.0.1.jar:/home/user/.m2/repository/org/apache/kerby/kerb-crypto/1.0.1/kerb-crypto-1.0.1.jar:/home/user/.m2/repository/org/apache/kerby/kerb-util/1.0.1/kerb-util-1.0.1.jar:/home/user/.m2/repository/org/apache/kerby/token-provider/1.0.1/token-provider-1.0.1.jar:/home/user/.m2/repository/org/apache/kerby/kerb-admin/1.0.1/kerb-admin-1.0.1.jar:/home/user/.m2/repository/org/apache/kerby/kerb-server/1.0.1/kerb-server-1.0.1.jar:/home/user/.m2/repository/org/apache/kerby/kerb-identity/1.0.1/kerb-identity-1.0.1.jar:/home/user/.m2/repository/org/apache/kerby/kerby-xdr/1.0.1/kerby-xdr-1.0.1.jar:/home/user/.m2/repository/org/slf4j/slf4j-log4j12/1.7.25/slf4j-log4j12-1.7.25.jar:/home/user/.m2/repository/org/apache/hadoop/hadoop-ozone-s3gateway/0.5.0-SNAPSHOT/hadoop-ozone-s3gateway-0.5.0-SNAPSHOT.jar:/home/user/.m2/repository/org/jboss/weld/servlet/weld-servlet/2.4.7.Final/weld-servlet-2.4.7.Final.jar:/home/user/.m2/repository/org/glassfish/jersey/containers/jersey-container-servlet-core/2.27/jersey-container-servlet-core-2.27.jar:/home/user/.m2/repository/org/glassfish/hk2/external/javax.inject/2.5.0-b42/javax.inject-2.5.0-b42.jar:/home/user/.m2/repository/org/glassfish/jersey/core/jersey-common/2.27/jersey-common-2.27.jar:/home/user/.m2/repository/org/glassfish/hk2/osgi-resource-locator/1.0.1/osgi-resource-locator-1.0.1.jar:/home/user/.m2/repository/javax/ws/rs/javax.ws.rs-api/2.1/javax.ws.rs-api-2.1.jar:/home/user/.m2/repository/org/glassfish/jersey/ext/cdi/jersey-cdi1x/2.27/jersey-cdi1x-2.27.jar:/home/user/.m2/repository/org/glassfish/jersey/inject/jersey-hk2/2.27/jersey-hk2-2.27.jar:/home/user/.m2/repository/org/glassfish/hk2/hk2-locator/2.5.0-b42/hk2-locator-2.5.0-b42.jar:/home/user/.m2/repository/org/javassist/javassist/3.22.0-CR2/javassist-3.22.0-CR2.jar:/home/user/.m2/repository/org/glassfish/hk2/hk2-api/2.5.0/hk2-api-2.5.0.jar:/home/user/.m2/repository/org/glassfish/hk2/external/jakarta.inject/2.5.0/jakarta.inject-2.5.0.jar:/home/user/.m2/repository/org/glassfish/hk2/hk2-utils/2.5.0/hk2-utils-2.5.0.jar:/home/user/.m2/repository/jakarta/annotation/jakarta.annotation-api/1.3.4/jakarta.annotation-api-1.3.4.jar:/home/user/.m2/repository/org/glassfish/hk2/external/aopalliance-repackaged/2.5.0/aopalliance-repackaged-2.5.0.jar:/home/user/.m2/repository/com/fasterxml/jackson/dataformat/jackson-dataformat-xml/2.9.0/jackson-dataformat-xml-2.9.0.jar:/home/user/.m2/repository/com/fasterxml/jackson/core/jackson-core/2.9.5/jackson-core-2.9.5.jar:/home/user/.m2/repository/com/fasterxml/jackson/module/jackson-module-jaxb-annotations/2.9.5/jackson-module-jaxb-annotations-2.9.5.jar:/home/user/.m2/repository/javax/enterprise/cdi-api/1.2/cdi-api-1.2.jar:/home/user/.m2/repository/javax/el/javax.el-api/3.0.0/javax.el-api-3.0.0.jar:/home/user/.m2/repository/javax/interceptor/javax.interceptor-api/1.2/javax.interceptor-api-1.2.jar:/home/user/.m2/repository/javax/inject/javax.inject/1/javax.inject-1.jar:/home/user/.m2/repository/com/sun/xml/bind/jaxb-impl/2.3.0.1/jaxb-impl-2.3.0.1.jar:/home/user/.m2/repository/com/sun/xml/bind/jaxb-core/2.3.0.1/jaxb-core-2.3.0.1.jar:/home/user/.m2/repository/javax/xml/bind/jaxb-api/2.3.0/jaxb-api-2.3.0.jar:/home/user/.m2/repository/javax/activation/activation/1.1.1/activation-1.1.1.jar:/home/user/.m2/repository/org/apache/hadoop/hadoop-ozone-csi/0.5.0-SNAPSHOT/hadoop-ozone-csi-0.5.0-SNAPSHOT.jar:/home/user/.m2/repository/com/google/protobuf/protobuf-java-util/3.5.1/protobuf-java-util-3.5.1.jar:/home/user/.m2/repository/org/apache/hadoop/hadoop-hdds-config/0.5.0-SNAPSHOT/hadoop-hdds-config-0.5.0-SNAPSHOT.jar:/home/user/.m2/repository/io/grpc/grpc-netty/1.17.1/grpc-netty-1.17.1.jar:/home/user/.m2/repository/io/grpc/grpc-core/1.17.1/grpc-core-1.17.1.jar:/home/user/.m2/repository/io/grpc/grpc-context/1.17.1/grpc-context-1.17.1.jar:/home/user/.m2/repository/com/google/errorprone/error_prone_annotations/2.2.0/error_prone_annotations-2.2.0.jar:/home/user/.m2/repository/org/codehaus/mojo/animal-sniffer-annotations/1.17/animal-sniffer-annotations-1.17.jar:/home/user/.m2/repository/io/opencensus/opencensus-api/0.17.0/opencensus-api-0.17.0.jar:/home/user/.m2/repository/io/opencensus/opencensus-contrib-grpc-metrics/0.17.0/opencensus-contrib-grpc-metrics-0.17.0.jar:/home/user/.m2/repository/io/netty/netty-codec-http2/4.1.30.Final/netty-codec-http2-4.1.30.Final.jar:/home/user/.m2/repository/io/netty/netty-codec-http/4.1.30.Final/netty-codec-http-4.1.30.Final.jar:/home/user/.m2/repository/io/netty/netty-codec/4.1.30.Final/netty-codec-4.1.30.Final.jar:/home/user/.m2/repository/io/netty/netty-handler/4.1.30.Final/netty-handler-4.1.30.Final.jar:/home/user/.m2/repository/io/netty/netty-handler-proxy/4.1.30.Final/netty-handler-proxy-4.1.30.Final.jar:/home/user/.m2/repository/io/netty/netty-codec-socks/4.1.30.Final/netty-codec-socks-4.1.30.Final.jar:/home/user/.m2/repository/io/netty/netty-transport-native-epoll/4.1.30.Final/netty-transport-native-epoll-4.1.30.Final.jar:/home/user/.m2/repository/io/netty/netty-common/4.1.30.Final/netty-common-4.1.30.Final.jar:/home/user/.m2/repository/io/netty/netty-buffer/4.1.30.Final/netty-buffer-4.1.30.Final.jar:/home/user/.m2/repository/io/netty/netty-transport/4.1.30.Final/netty-transport-4.1.30.Final.jar:/home/user/.m2/repository/io/netty/netty-resolver/4.1.30.Final/netty-resolver-4.1.30.Final.jar:/home/user/.m2/repository/io/netty/netty-transport-native-unix-common/4.1.30.Final/netty-transport-native-unix-common-4.1.30.Final.jar:/home/user/.m2/repository/io/grpc/grpc-protobuf/1.17.1/grpc-protobuf-1.17.1.jar:/home/user/.m2/repository/com/google/api/grpc/proto-google-common-protos/1.0.0/proto-google-common-protos-1.0.0.jar:/home/user/.m2/repository/io/grpc/grpc-protobuf-lite/1.17.1/grpc-protobuf-lite-1.17.1.jar:/home/user/.m2/repository/io/grpc/grpc-stub/1.17.1/grpc-stub-1.17.1.jar:/home/user/.m2/repository/org/apache/hadoop/hadoop-ozone-recon/0.5.0-SNAPSHOT/hadoop-ozone-recon-0.5.0-SNAPSHOT.jar:/home/user/.m2/repository/org/apache/hadoop/hadoop-ozone-reconcodegen/0.5.0-SNAPSHOT/hadoop-ozone-reconcodegen-0.5.0-SNAPSHOT.jar:/home/user/.m2/repository/com/google/inject/extensions/guice-multibindings/4.0/guice-multibindings-4.0.jar:/home/user/.m2/repository/com/google/inject/guice/4.0/guice-4.0.jar:/home/user/.m2/repository/aopalliance/aopalliance/1.0/aopalliance-1.0.jar:/home/user/.m2/repository/com/google/inject/extensions/guice-servlet/4.0/guice-servlet-4.0.jar:/home/user/.m2/repository/org/glassfish/jersey/containers/jersey-container-servlet/2.27/jersey-container-servlet-2.27.jar:/home/user/.m2/repository/org/glassfish/hk2/guice-bridge/2.5.0/guice-bridge-2.5.0.jar:/home/user/.m2/repository/org/glassfish/jersey/core/jersey-server/2.27/jersey-server-2.27.jar:/home/user/.m2/repository/org/glassfish/jersey/core/jersey-client/2.27/jersey-client-2.27.jar:/home/user/.m2/repository/org/glassfish/jersey/media/jersey-media-jaxb/2.27/jersey-media-jaxb-2.27.jar:/home/user/.m2/repository/javax/validation/validation-api/1.1.0.Final/validation-api-1.1.0.Final.jar:/home/user/.m2/repository/org/glassfish/jersey/media/jersey-media-json-jackson/2.27/jersey-media-json-jackson-2.27.jar:/home/user/.m2/repository/org/glassfish/jersey/ext/jersey-entity-filtering/2.27/jersey-entity-filtering-2.27.jar:/home/user/.m2/repository/com/google/inject/extensions/guice-assistedinject/4.0/guice-assistedinject-4.0.jar:/home/user/.m2/repository/org/jooq/jooq/3.11.10/jooq-3.11.10.jar:/home/user/.m2/repository/org/jooq/jooq-meta/3.11.10/jooq-meta-3.11.10.jar:/home/user/.m2/repository/org/jooq/jooq-codegen/3.11.10/jooq-codegen-3.11.10.jar:/home/user/.m2/repository/com/jolbox/bonecp/0.8.0.RELEASE/bonecp-0.8.0.RELEASE.jar:/home/user/.m2/repository/org/xerial/sqlite-jdbc/3.25.2/sqlite-jdbc-3.25.2.jar:/home/user/.m2/repository/org/springframework/spring-jdbc/5.1.3.RELEASE/spring-jdbc-5.1.3.RELEASE.jar:/home/user/.m2/repository/org/springframework/spring-beans/5.1.3.RELEASE/spring-beans-5.1.3.RELEASE.jar:/home/user/.m2/repository/org/springframework/spring-core/5.1.3.RELEASE/spring-core-5.1.3.RELEASE.jar:/home/user/.m2/repository/org/springframework/spring-jcl/5.1.3.RELEASE/spring-jcl-5.1.3.RELEASE.jar:/home/user/.m2/repository/org/springframework/spring-tx/5.1.3.RELEASE/spring-tx-5.1.3.RELEASE.jar:/home/user/.m2/repository/org/apache/hadoop/hadoop-ozone-client/0.5.0-SNAPSHOT/hadoop-ozone-client-0.5.0-SNAPSHOT.jar:/home/user/.m2/repository/commons-lang/commons-lang/2.6/commons-lang-2.6.jar:/home/user/.m2/repository/org/apache/hadoop/hadoop-ozone-ozone-manager/0.5.0-SNAPSHOT/hadoop-ozone-ozone-manager-0.5.0-SNAPSHOT-tests.jar:/home/user/.m2/repository/junit/junit/4.11/junit-4.11.jar:/home/user/.m2/repository/org/hamcrest/hamcrest-core/1.3/hamcrest-core-1.3.jar:/home/user/.m2/repository/org/openjdk/jmh/jmh-core/1.19/jmh-core-1.19.jar:/home/user/.m2/repository/net/sf/jopt-simple/jopt-simple/4.6/jopt-simple-4.6.jar:/home/user/.m2/repository/org/apache/commons/commons-math3/3.1.1/commons-math3-3.1.1.jar:/home/user/.m2/repository/org/openjdk/jmh/jmh-generator-annprocess/1.19/jmh-generator-annprocess-1.19.jar:/home/user/.m2/repository/org/mockito/mockito-all/1.8.5/mockito-all-1.8.5.jar:/home/user/.m2/repository/org/apache/hadoop/hadoop-kms/3.2.0/hadoop-kms-3.2.0.jar:/home/user/.m2/repository/org/apache/hadoop/hadoop-auth/3.2.0/hadoop-auth-3.2.0.jar:/home/user/.m2/repository/com/nimbusds/nimbus-jose-jwt/4.41.1/nimbus-jose-jwt-4.41.1.jar:/home/user/.m2/repository/com/github/stephenc/jcip/jcip-annotations/1.0-1/jcip-annotations-1.0-1.jar:/home/user/.m2/repository/net/minidev/json-smart/2.3/json-smart-2.3.jar:/home/user/.m2/repository/net/minidev/accessors-smart/1.2/accessors-smart-1.2.jar:/home/user/.m2/repository/org/ow2/asm/asm/5.0.4/asm-5.0.4.jar:/home/user/.m2/repository/org/apache/curator/curator-framework/2.12.0/curator-framework-2.12.0.jar:/home/user/.m2/repository/com/sun/jersey/jersey-core/1.19/jersey-core-1.19.jar:/home/user/.m2/repository/javax/ws/rs/jsr311-api/1.1.1/jsr311-api-1.1.1.jar:/home/user/.m2/repository/com/sun/jersey/jersey-server/1.19/jersey-server-1.19.jar:/home/user/.m2/repository/javax/servlet/javax.servlet-api/3.1.0/javax.servlet-api-3.1.0.jar:/home/user/.m2/repository/org/eclipse/jetty/jetty-server/9.3.24.v20180605/jetty-server-9.3.24.v20180605.jar:/home/user/.m2/repository/org/eclipse/jetty/jetty-http/9.3.24.v20180605/jetty-http-9.3.24.v20180605.jar:/home/user/.m2/repository/org/eclipse/jetty/jetty-io/9.3.24.v20180605/jetty-io-9.3.24.v20180605.jar:/home/user/.m2/repository/org/eclipse/jetty/jetty-webapp/9.3.24.v20180605/jetty-webapp-9.3.24.v20180605.jar:/home/user/.m2/repository/org/eclipse/jetty/jetty-xml/9.3.24.v20180605/jetty-xml-9.3.24.v20180605.jar:/home/user/.m2/repository/log4j/log4j/1.2.17/log4j-1.2.17.jar:/home/user/.m2/repository/org/slf4j/slf4j-api/1.7.25/slf4j-api-1.7.25.jar:/home/user/.m2/repository/org/slf4j/jul-to-slf4j/1.7.25/jul-to-slf4j-1.7.25.jar:/home/user/.m2/repository/org/eclipse/jetty/jetty-util/9.3.24.v20180605/jetty-util-9.3.24.v20180605.jar:/home/user/.m2/repository/com/fasterxml/jackson/core/jackson-databind/2.9.5/jackson-databind-2.9.5.jar:/home/user/.m2/repository/org/apache/hadoop/hadoop-kms/3.2.0/hadoop-kms-3.2.0-tests.jar:/home/user/.m2/repository/org/apache/hadoop/hadoop-hdds-server-scm/0.5.0-SNAPSHOT/hadoop-hdds-server-scm-0.5.0-SNAPSHOT-tests.jar:/home/user/.m2/repository/org/apache/hadoop/hadoop-hdds-container-service/0.5.0-SNAPSHOT/hadoop-hdds-container-service-0.5.0-SNAPSHOT-tests.jar:/home/user/.m2/repository/org/yaml/snakeyaml/1.16/snakeyaml-1.16.jar:/home/user/.m2/repository/org/apache/hadoop/hadoop-common/3.2.0/hadoop-common-3.2.0-tests.jar:/home/user/.m2/repository/org/apache/hadoop/hadoop-annotations/3.2.0/hadoop-annotations-3.2.0.jar:/usr/lib/jvm/java-1.8-openjdk/jre/../lib/tools.jar:/home/user/.m2/repository/commons-cli/commons-cli/1.2/commons-cli-1.2.jar:/home/user/.m2/repository/org/apache/httpcomponents/httpclient/4.5.2/httpclient-4.5.2.jar:/home/user/.m2/repository/org/apache/httpcomponents/httpcore/4.4.4/httpcore-4.4.4.jar:/home/user/.m2/repository/commons-codec/commons-codec/1.11/commons-codec-1.11.jar:/home/user/.m2/repository/commons-net/commons-net/3.6/commons-net-3.6.jar:/home/user/.m2/repository/commons-collections/commons-collections/3.2.2/commons-collections-3.2.2.jar:/home/user/.m2/repository/org/eclipse/jetty/jetty-servlet/9.3.24.v20180605/jetty-servlet-9.3.24.v20180605.jar:/home/user/.m2/repository/org/eclipse/jetty/jetty-security/9.3.24.v20180605/jetty-security-9.3.24.v20180605.jar:/home/user/.m2/repository/javax/servlet/jsp/jsp-api/2.1/jsp-api-2.1.jar:/home/user/.m2/repository/com/sun/jersey/jersey-servlet/1.19/jersey-servlet-1.19.jar:/home/user/.m2/repository/com/sun/jersey/jersey-json/1.19/jersey-json-1.19.jar:/home/user/.m2/repository/org/codehaus/jettison/jettison/1.1/jettison-1.1.jar:/home/user/.m2/repository/org/codehaus/jackson/jackson-core-asl/1.9.13/jackson-core-asl-1.9.13.jar:/home/user/.m2/repository/org/codehaus/jackson/jackson-mapper-asl/1.9.13/jackson-mapper-asl-1.9.13.jar:/home/user/.m2/repository/org/codehaus/jackson/jackson-jaxrs/1.9.13/jackson-jaxrs-1.9.13.jar:/home/user/.m2/repository/org/codehaus/jackson/jackson-xc/1.9.13/jackson-xc-1.9.13.jar:/home/user/.m2/repository/commons-logging/commons-logging/1.1.3/commons-logging-1.1.3.jar:/home/user/.m2/repository/commons-beanutils/commons-beanutils/1.9.3/commons-beanutils-1.9.3.jar:/home/user/.m2/repository/org/apache/commons/commons-configuration2/2.1.1/commons-configuration2-2.1.1.jar:/home/user/.m2/repository/org/apache/commons/commons-lang3/3.7/commons-lang3-3.7.jar:/home/user/.m2/repository/org/apache/commons/commons-text/1.4/commons-text-1.4.jar:/home/user/.m2/repository/org/apache/avro/avro/1.7.7/avro-1.7.7.jar:/home/user/.m2/repository/com/thoughtworks/paranamer/paranamer/2.3/paranamer-2.3.jar:/home/user/.m2/repository/org/xerial/snappy/snappy-java/1.0.5/snappy-java-1.0.5.jar:/home/user/.m2/repository/com/google/re2j/re2j/1.1/re2j-1.1.jar:/home/user/.m2/repository/com/google/code/gson/gson/2.2.4/gson-2.2.4.jar:/home/user/.m2/repository/com/jcraft/jsch/0.1.54/jsch-0.1.54.jar:/home/user/.m2/repository/org/apache/curator/curator-client/2.12.0/curator-client-2.12.0.jar:/home/user/.m2/repository/org/apache/curator/curator-recipes/2.12.0/curator-recipes-2.12.0.jar:/home/user/.m2/repository/com/google/code/findbugs/jsr305/3.0.0/jsr305-3.0.0.jar:/home/user/.m2/repository/org/apache/htrace/htrace-core4/4.1.0-incubating/htrace-core4-4.1.0-incubating.jar:/home/user/.m2/repository/org/apache/zookeeper/zookeeper/3.4.13/zookeeper-3.4.13.jar:/home/user/.m2/repository/org/apache/yetus/audience-annotations/0.5.0/audience-annotations-0.5.0.jar:/home/user/.m2/repository/org/codehaus/woodstox/stax2-api/3.1.4/stax2-api-3.1.4.jar:/home/user/.m2/repository/com/fasterxml/woodstox/woodstox-core/5.0.3/woodstox-core-5.0.3.jar:/home/user/.m2/repository/dnsjava/dnsjava/2.1.7/dnsjava-2.1.7.jar:/home/user/.m2/repository/org/apache/hadoop/hadoop-hdfs/3.2.0/hadoop-hdfs-3.2.0-tests.jar:/home/user/.m2/repository/org/eclipse/jetty/jetty-util-ajax/9.3.24.v20180605/jetty-util-ajax-9.3.24.v20180605.jar:/home/user/.m2/repository/commons-daemon/commons-daemon/1.0.13/commons-daemon-1.0.13.jar:/home/user/.m2/repository/io/netty/netty/3.10.5.Final/netty-3.10.5.Final.jar:/home/user/.m2/repository/io/netty/netty-all/4.0.52.Final/netty-all-4.0.52.Final.jar:/home/user/.m2/repository/org/fusesource/leveldbjni/leveldbjni-all/1.8/leveldbjni-all-1.8.jar:"/>
    <property name="sun.cpu.endian" value="little"/>
    <property name="user.home" value="/home/user"/>
    <property name="user.language" value="en"/>
    <property name="java.specification.vendor" value="Oracle Corporation"/>
    <property name="java.home" value="/usr/lib/jvm/java-1.8-openjdk/jre"/>
    <property name="java.security.krb5.conf" value="/workdir/hadoop-ozone/integration-test/target/test-classes/krb5.conf"/>
    <property name="basedir" value="/workdir/hadoop-ozone/integration-test"/>
    <property name="file.separator" value="/"/>
    <property name="line.separator" value="&#10;"/>
    <property name="java.vm.specification.vendor" value="Oracle Corporation"/>
    <property name="java.specification.name" value="Java Platform API Specification"/>
    <property name="java.awt.graphicsenv" value="sun.awt.X11GraphicsEnvironment"/>
    <property name="surefire.real.class.path" value="/workdir/hadoop-ozone/integration-test/target/surefire/surefirebooter8604231694355093236.jar"/>
    <property name="hadoop.log.dir" value="/workdir/hadoop-ozone/integration-test/target/log"/>
    <property name="sun.boot.class.path" value="/usr/lib/jvm/java-1.8-openjdk/jre/lib/resources.jar:/usr/lib/jvm/java-1.8-openjdk/jre/lib/rt.jar:/usr/lib/jvm/java-1.8-openjdk/jre/lib/sunrsasign.jar:/usr/lib/jvm/java-1.8-openjdk/jre/lib/jsse.jar:/usr/lib/jvm/java-1.8-openjdk/jre/lib/jce.jar:/usr/lib/jvm/java-1.8-openjdk/jre/lib/charsets.jar:/usr/lib/jvm/java-1.8-openjdk/jre/lib/jfr.jar:/usr/lib/jvm/java-1.8-openjdk/jre/classes"/>
    <property name="sun.management.compiler" value="HotSpot 64-Bit Tiered Compilers"/>
    <property name="java.runtime.version" value="1.8.0_212-b04"/>
    <property name="java.net.preferIPv4Stack" value="true"/>
    <property name="user.name" value="jenkins1000"/>
    <property name="path.separator" value=":"/>
    <property name="java.security.egd" value="file:///dev/urandom"/>
    <property name="os.version" value="3.10.0-957.12.2.el7.x86_64"/>
    <property name="java.endorsed.dirs" value="/usr/lib/jvm/java-1.8-openjdk/jre/lib/endorsed"/>
    <property name="java.runtime.name" value="OpenJDK Runtime Environment"/>
    <property name="file.encoding" value="UTF-8"/>
    <property name="java.vm.name" value="OpenJDK 64-Bit Server VM"/>
    <property name="test.build.webapps" value=""/>
    <property name="localRepository" value="/home/user/.m2/repository"/>
    <property name="java.vendor.url.bug" value="https://icedtea.classpath.org/bugzilla"/>
    <property name="java.io.tmpdir" value="/tmp"/>
    <property name="require.test.libhadoop" value=""/>
    <property name="java.version" value="1.8.0_212"/>
    <property name="user.dir" value="/workdir/hadoop-ozone/integration-test"/>
    <property name="os.arch" value="amd64"/>
    <property name="java.vm.specification.name" value="Java Virtual Machine Specification"/>
    <property name="test.build.classes" value="/workdir/hadoop-ozone/integration-test/target/test-classes"/>
    <property name="java.awt.printerjob" value="sun.print.PSPrinterJob"/>
    <property name="sun.os.patch.level" value="unknown"/>
    <property name="hadoop.tmp.dir" value="/workdir/hadoop-ozone/integration-test/target/tmp"/>
    <property name="java.library.path" value="/usr/lib/jvm/java-1.8-openjdk/jre/lib/amd64/server:/usr/lib/jvm/java-1.8-openjdk/jre/lib/amd64:/usr/lib/jvm/java-1.8-openjdk/jre/../lib/amd64:/workdir/hadoop-ozone/integration-test/target/native/target/usr/local/lib:/workdir/hadoop-ozone/integration-test/../../hadoop-common-project/hadoop-common/target/native/target/usr/local/lib:/usr/java/packages/lib/amd64:/usr/lib64:/lib64:/lib:/usr/lib"/>
    <property name="java.vm.info" value="mixed mode"/>
    <property name="java.vendor" value="IcedTea"/>
    <property name="java.vm.version" value="25.212-b04"/>
    <property name="java.ext.dirs" value="/usr/lib/jvm/java-1.8-openjdk/jre/lib/ext:/usr/java/packages/lib/ext"/>
    <property name="sun.io.unicode.encoding" value="UnicodeLittle"/>
    <property name="java.class.version" value="52.0"/>
  </properties>
  <testcase name="test2DatanodesFailure" classname="org.apache.hadoop.ozone.client.rpc.TestBlockOutputStreamWithFailures" time="108.913"/>
  <testcase name="testDatanodeFailureWithPreAllocation" classname="org.apache.hadoop.ozone.client.rpc.TestBlockOutputStreamWithFailures" time="222.618"/>
  <testcase name="testDatanodeFailureWithSingleNodeRatis" classname="org.apache.hadoop.ozone.client.rpc.TestBlockOutputStreamWithFailures" time="222.33"/>
  <testcase name="testWatchForCommitWithSingleNodeRatis" classname="org.apache.hadoop.ozone.client.rpc.TestBlockOutputStreamWithFailures" time="33.57"/>
  <testcase name="testWatchForCommitDatanodeFailure" classname="org.apache.hadoop.ozone.client.rpc.TestBlockOutputStreamWithFailures" time="42.296">
    <failure message="expected:&lt;2&gt; but was:&lt;3&gt;" type="java.lang.AssertionError"><![CDATA[java.lang.AssertionError: expected:<2> but was:<3>
	at org.junit.Assert.fail(Assert.java:88)
	at org.junit.Assert.failNotEquals(Assert.java:743)
	at org.junit.Assert.assertEquals(Assert.java:118)
	at org.junit.Assert.assertEquals(Assert.java:555)
	at org.junit.Assert.assertEquals(Assert.java:542)
	at org.apache.hadoop.ozone.client.rpc.TestBlockOutputStreamWithFailures.testWatchForCommitDatanodeFailure(TestBlockOutputStreamWithFailures.java:366)
	at sun.reflect.NativeMethodAccessorImpl.invoke0(Native Method)
	at sun.reflect.NativeMethodAccessorImpl.invoke(NativeMethodAccessorImpl.java:62)
	at sun.reflect.DelegatingMethodAccessorImpl.invoke(DelegatingMethodAccessorImpl.java:43)
	at java.lang.reflect.Method.invoke(Method.java:498)
	at org.junit.runners.model.FrameworkMethod$1.runReflectiveCall(FrameworkMethod.java:47)
	at org.junit.internal.runners.model.ReflectiveCallable.run(ReflectiveCallable.java:12)
	at org.junit.runners.model.FrameworkMethod.invokeExplosively(FrameworkMethod.java:44)
	at org.junit.internal.runners.statements.InvokeMethod.evaluate(InvokeMethod.java:17)
	at org.junit.internal.runners.statements.RunBefores.evaluate(RunBefores.java:26)
	at org.junit.internal.runners.statements.RunAfters.evaluate(RunAfters.java:27)
	at org.junit.runners.ParentRunner.runLeaf(ParentRunner.java:271)
	at org.junit.runners.BlockJUnit4ClassRunner.runChild(BlockJUnit4ClassRunner.java:70)
	at org.junit.runners.BlockJUnit4ClassRunner.runChild(BlockJUnit4ClassRunner.java:50)
	at org.junit.runners.ParentRunner$3.run(ParentRunner.java:238)
	at org.junit.runners.ParentRunner$1.schedule(ParentRunner.java:63)
	at org.junit.runners.ParentRunner.runChildren(ParentRunner.java:236)
	at org.junit.runners.ParentRunner.access$000(ParentRunner.java:53)
	at org.junit.runners.ParentRunner$2.evaluate(ParentRunner.java:229)
	at org.junit.runners.ParentRunner.run(ParentRunner.java:309)
	at org.apache.maven.surefire.junit4.JUnit4Provider.execute(JUnit4Provider.java:365)
	at org.apache.maven.surefire.junit4.JUnit4Provider.executeWithRerun(JUnit4Provider.java:273)
	at org.apache.maven.surefire.junit4.JUnit4Provider.executeTestSet(JUnit4Provider.java:238)
	at org.apache.maven.surefire.junit4.JUnit4Provider.invoke(JUnit4Provider.java:159)
	at org.apache.maven.surefire.booter.ForkedBooter.invokeProviderInSameClassLoader(ForkedBooter.java:384)
	at org.apache.maven.surefire.booter.ForkedBooter.runSuitesInProcess(ForkedBooter.java:345)
	at org.apache.maven.surefire.booter.ForkedBooter.execute(ForkedBooter.java:126)
	at org.apache.maven.surefire.booter.ForkedBooter.main(ForkedBooter.java:418)
]]></failure>
    <system-out><![CDATA[2019-09-09 05:43:44,526 [main] WARN  server.ServerUtils (ServerUtils.java:getScmDbDir(145)) - ozone.scm.db.dirs is not configured. We recommend adding this setting. Falling back to ozone.metadata.dirs instead.
2019-09-09 05:43:44,552 [main] WARN  server.ServerUtils (ServerUtils.java:getScmDbDir(145)) - ozone.scm.db.dirs is not configured. We recommend adding this setting. Falling back to ozone.metadata.dirs instead.
2019-09-09 05:43:44,553 [main] WARN  server.ServerUtils (ServerUtils.java:getScmDbDir(145)) - ozone.scm.db.dirs is not configured. We recommend adding this setting. Falling back to ozone.metadata.dirs instead.
2019-09-09 05:43:44,553 [main] INFO  db.DBStoreBuilder (DBStoreBuilder.java:addTable(110)) - using custom profile for table: deletedBlocks
2019-09-09 05:43:44,553 [main] INFO  db.DBStoreBuilder (DBStoreBuilder.java:processTables(161)) - Using default column profile:DBProfile.DISK for Table:deletedBlocks
2019-09-09 05:43:44,553 [main] INFO  db.DBStoreBuilder (DBStoreBuilder.java:addTable(110)) - using custom profile for table: validCerts
2019-09-09 05:43:44,554 [main] INFO  db.DBStoreBuilder (DBStoreBuilder.java:processTables(161)) - Using default column profile:DBProfile.DISK for Table:validCerts
2019-09-09 05:43:44,554 [main] INFO  db.DBStoreBuilder (DBStoreBuilder.java:addTable(110)) - using custom profile for table: revokedCerts
2019-09-09 05:43:44,554 [main] INFO  db.DBStoreBuilder (DBStoreBuilder.java:processTables(161)) - Using default column profile:DBProfile.DISK for Table:revokedCerts
2019-09-09 05:43:44,554 [main] INFO  db.DBStoreBuilder (DBStoreBuilder.java:addTable(110)) - using custom profile for table: default
2019-09-09 05:43:44,554 [main] INFO  db.DBStoreBuilder (DBStoreBuilder.java:processTables(167)) - Using default column profile:DBProfile.DISK for Table:default
2019-09-09 05:43:44,555 [main] INFO  db.DBStoreBuilder (DBStoreBuilder.java:getDbProfile(198)) - Using default options. DBProfile.DISK
2019-09-09 05:43:44,718 [main] INFO  net.NodeSchemaLoader (NodeSchemaLoader.java:loadSchemaFromFile(125)) - Loading file from sun.misc.CompoundEnumeration@a2b54e3
2019-09-09 05:43:44,718 [main] INFO  net.NodeSchemaLoader (NodeSchemaLoader.java:loadSchema(171)) - Loading network topology layer schema file
2019-09-09 05:43:44,723 [main] INFO  node.SCMNodeManager (SCMNodeManager.java:<init>(114)) - Entering startup safe mode.
2019-09-09 05:43:44,723 [main] INFO  algorithms.ContainerPlacementPolicyFactory (ContainerPlacementPolicyFactory.java:getPolicy(57)) - Create container placement policy of type org.apache.hadoop.hdds.scm.container.placement.algorithms.SCMContainerPlacementRandom
2019-09-09 05:43:44,724 [main] WARN  server.ServerUtils (ServerUtils.java:getScmDbDir(145)) - ozone.scm.db.dirs is not configured. We recommend adding this setting. Falling back to ozone.metadata.dirs instead.
2019-09-09 05:43:44,776 [main] INFO  pipeline.SCMPipelineManager (SCMPipelineManager.java:initializePipelineState(128)) - No pipeline exists in current db
2019-09-09 05:43:44,776 [main] WARN  server.ServerUtils (ServerUtils.java:getScmDbDir(145)) - ozone.scm.db.dirs is not configured. We recommend adding this setting. Falling back to ozone.metadata.dirs instead.
2019-09-09 05:43:44,830 [main] WARN  events.EventQueue (EventQueue.java:fireEvent(183)) - No event handler registered for event TypedEvent{payloadType=SafeModeStatus, name='SafeModeStatus'}
2019-09-09 05:43:44,831 [main] INFO  ipc.CallQueueManager (CallQueueManager.java:<init>(84)) - Using callQueue: class java.util.concurrent.LinkedBlockingQueue, queueCapacity: 2000, scheduler: class org.apache.hadoop.ipc.DefaultRpcScheduler, ipcBackoff: false.
2019-09-09 05:43:44,832 [Socket Reader #1 for port 39976] INFO  ipc.Server (Server.java:run(1074)) - Starting Socket Reader #1 for port 39976
2019-09-09 05:43:44,834 [main] INFO  ipc.CallQueueManager (CallQueueManager.java:<init>(84)) - Using callQueue: class java.util.concurrent.LinkedBlockingQueue, queueCapacity: 2000, scheduler: class org.apache.hadoop.ipc.DefaultRpcScheduler, ipcBackoff: false.
2019-09-09 05:43:44,834 [Socket Reader #1 for port 45580] INFO  ipc.Server (Server.java:run(1074)) - Starting Socket Reader #1 for port 45580
2019-09-09 05:43:44,836 [main] INFO  ipc.CallQueueManager (CallQueueManager.java:<init>(84)) - Using callQueue: class java.util.concurrent.LinkedBlockingQueue, queueCapacity: 2000, scheduler: class org.apache.hadoop.ipc.DefaultRpcScheduler, ipcBackoff: false.
2019-09-09 05:43:44,836 [Socket Reader #1 for port 45960] INFO  ipc.Server (Server.java:run(1074)) - Starting Socket Reader #1 for port 45960
2019-09-09 05:43:44,838 [main] INFO  hdfs.DFSUtil (DFSUtil.java:httpServerTemplateForNNAndJN(1641)) - Starting Web-server for scm at: http://0.0.0.0:0
2019-09-09 05:43:44,840 [main] INFO  server.AuthenticationFilter (AuthenticationFilter.java:constructSecretProvider(240)) - Unable to initialize FileSignerSecretProvider, falling back to use random secrets.
2019-09-09 05:43:44,841 [main] WARN  http.HttpRequestLog (HttpRequestLog.java:getRequestLog(97)) - Jetty request log can only be enabled using Log4j
2019-09-09 05:43:44,842 [main] INFO  http.HttpServer2 (HttpServer2.java:addGlobalFilter(975)) - Added global filter 'safety' (class=org.apache.hadoop.http.HttpServer2$QuotingInputFilter)
2019-09-09 05:43:44,843 [main] INFO  http.HttpServer2 (HttpServer2.java:addFilter(948)) - Added filter static_user_filter (class=org.apache.hadoop.http.lib.StaticUserWebFilter$StaticUserFilter) to context scm
2019-09-09 05:43:44,843 [main] INFO  http.HttpServer2 (HttpServer2.java:addFilter(958)) - Added filter static_user_filter (class=org.apache.hadoop.http.lib.StaticUserWebFilter$StaticUserFilter) to context logs
2019-09-09 05:43:44,843 [main] INFO  http.HttpServer2 (HttpServer2.java:addFilter(958)) - Added filter static_user_filter (class=org.apache.hadoop.http.lib.StaticUserWebFilter$StaticUserFilter) to context static
2019-09-09 05:43:44,845 [main] INFO  server.StorageContainerManager (StorageContainerManager.java:start(763)) - StorageContainerLocationProtocol RPC server is listening at /0.0.0.0:45960
2019-09-09 05:43:44,847 [main] WARN  impl.MetricsConfig (MetricsConfig.java:loadFirst(134)) - Cannot locate configuration: tried hadoop-metrics2-storagecontainermanager.properties,hadoop-metrics2.properties
2019-09-09 05:43:44,848 [main] INFO  impl.MetricsSystemImpl (MetricsSystemImpl.java:startTimer(374)) - Scheduled Metric snapshot period at 10 second(s).
2019-09-09 05:43:44,848 [main] INFO  impl.MetricsSystemImpl (MetricsSystemImpl.java:start(191)) - StorageContainerManager metrics system started
2019-09-09 05:43:44,891 [main] WARN  impl.MetricsSystemImpl (MetricsSystemImpl.java:register(276)) - Sink prometheus already exists!
2019-09-09 05:43:44,966 [main] INFO  server.SCMClientProtocolServer (SCMClientProtocolServer.java:start(151)) - RPC server for Client  is listening at /0.0.0.0:45960
2019-09-09 05:43:44,967 [IPC Server Responder] INFO  ipc.Server (Server.java:run(1314)) - IPC Server Responder: starting
2019-09-09 05:43:44,967 [IPC Server listener on 45960] INFO  ipc.Server (Server.java:run(1153)) - IPC Server listener on 45960: starting
2019-09-09 05:43:44,970 [main] INFO  server.StorageContainerManager (StorageContainerManager.java:start(773)) - ScmBlockLocationProtocol RPC server is listening at /0.0.0.0:45580
2019-09-09 05:43:44,970 [main] INFO  server.SCMBlockProtocolServer (SCMBlockProtocolServer.java:start(146)) - RPC server for Block Protocol is listening at /0.0.0.0:45580
2019-09-09 05:43:44,970 [IPC Server Responder] INFO  ipc.Server (Server.java:run(1314)) - IPC Server Responder: starting
2019-09-09 05:43:44,971 [IPC Server listener on 45580] INFO  ipc.Server (Server.java:run(1153)) - IPC Server listener on 45580: starting
2019-09-09 05:43:44,974 [main] INFO  server.StorageContainerManager (StorageContainerManager.java:start(777)) - ScmDatanodeProtocl RPC server is listening at /0.0.0.0:39976
2019-09-09 05:43:44,974 [main] INFO  server.SCMDatanodeProtocolServer (SCMDatanodeProtocolServer.java:start(191)) - RPC server for DataNodes is listening at /0.0.0.0:39976
2019-09-09 05:43:44,974 [IPC Server listener on 39976] INFO  ipc.Server (Server.java:run(1153)) - IPC Server listener on 39976: starting
2019-09-09 05:43:44,974 [IPC Server Responder] INFO  ipc.Server (Server.java:run(1314)) - IPC Server Responder: starting
2019-09-09 05:43:44,977 [main] INFO  http.HttpServer2 (HttpServer2.java:bindListener(1191)) - Jetty bound to port 38197
2019-09-09 05:43:44,977 [main] INFO  server.Server (Server.java:doStart(351)) - jetty-9.3.24.v20180605, build timestamp: 2018-06-05T17:11:56Z, git hash: 84205aa28f11a4f31f2a3b86d1bba2cc8ab69827
2019-09-09 05:43:44,979 [main] INFO  handler.ContextHandler (ContextHandler.java:doStart(781)) - Started o.e.j.s.ServletContextHandler@320be73{/logs,file:///workdir/hadoop-ozone/integration-test/target/log,AVAILABLE}
2019-09-09 05:43:44,979 [main] INFO  handler.ContextHandler (ContextHandler.java:doStart(781)) - Started o.e.j.s.ServletContextHandler@6af310c7{/static,file:///workdir/hadoop-ozone/integration-test/target/test-classes/webapps/static,AVAILABLE}
2019-09-09 05:43:44,982 [main] INFO  handler.ContextHandler (ContextHandler.java:doStart(781)) - Started o.e.j.w.WebAppContext@29d25e65{/,file:///workdir/hadoop-ozone/integration-test/target/test-classes/webapps/scm/,AVAILABLE}{/scm}
2019-09-09 05:43:44,983 [main] INFO  server.AbstractConnector (AbstractConnector.java:doStart(278)) - Started ServerConnector@19b75b2b{HTTP/1.1,[http/1.1]}{0.0.0.0:38197}
2019-09-09 05:43:44,983 [main] INFO  server.Server (Server.java:doStart(419)) - Started @588475ms
2019-09-09 05:43:44,984 [main] WARN  impl.MetricsSystemImpl (MetricsSystemImpl.java:register(276)) - Sink prometheus already exists!
2019-09-09 05:43:44,986 [main] INFO  server.BaseHttpServer (BaseHttpServer.java:updateConnectorAddress(215)) - HTTP server of SCM is listening at http://0.0.0.0:38197
2019-09-09 05:43:44,986 [main] WARN  server.ServerUtils (ServerUtils.java:getDBPath(222)) - ozone.om.db.dirs is not configured. We recommend adding this setting. Falling back to ozone.metadata.dirs instead.
2019-09-09 05:43:44,987 [org.apache.hadoop.util.JvmPauseMonitor$Monitor@634f58d2] INFO  util.JvmPauseMonitor (JvmPauseMonitor.java:run(188)) - Starting JVM pause monitor
2019-09-09 05:43:45,001 [main] WARN  server.ServerUtils (ServerUtils.java:getDBPath(222)) - ozone.om.db.dirs is not configured. We recommend adding this setting. Falling back to ozone.metadata.dirs instead.
2019-09-09 05:43:45,001 [main] WARN  server.ServerUtils (ServerUtils.java:getDBPath(222)) - ozone.om.db.dirs is not configured. We recommend adding this setting. Falling back to ozone.metadata.dirs instead.
2019-09-09 05:43:45,001 [main] INFO  om.OzoneManager (OzoneManager.java:setOMNodeDetails(649)) - OM Service ID is not set. Setting it to the default ID: omServiceIdDefault
2019-09-09 05:43:45,001 [main] INFO  om.OzoneManager (OzoneManager.java:setOMNodeDetails(655)) - OM Node ID is not set. Setting it to the OmStorage's OmID: ec8decc0-2cae-4ba5-8bed-28d1168e468d
2019-09-09 05:43:45,002 [main] INFO  om.OzoneManager (OzoneManager.java:loadOMHAConfigs(606)) - Found matching OM address with OMServiceId: null, OMNodeId: null, RPC Address: localhost:0 and Ratis port: 9872
2019-09-09 05:43:45,006 [main] WARN  server.ServerUtils (ServerUtils.java:getDBPath(222)) - ozone.om.db.dirs is not configured. We recommend adding this setting. Falling back to ozone.metadata.dirs instead.
2019-09-09 05:43:45,007 [main] INFO  db.DBStoreBuilder (DBStoreBuilder.java:addTable(110)) - using custom profile for table: userTable
2019-09-09 05:43:45,007 [main] INFO  db.DBStoreBuilder (DBStoreBuilder.java:processTables(161)) - Using default column profile:DBProfile.DISK for Table:userTable
2019-09-09 05:43:45,007 [main] INFO  db.DBStoreBuilder (DBStoreBuilder.java:addTable(110)) - using custom profile for table: volumeTable
2019-09-09 05:43:45,007 [main] INFO  db.DBStoreBuilder (DBStoreBuilder.java:processTables(161)) - Using default column profile:DBProfile.DISK for Table:volumeTable
2019-09-09 05:43:45,007 [main] INFO  db.DBStoreBuilder (DBStoreBuilder.java:addTable(110)) - using custom profile for table: bucketTable
2019-09-09 05:43:45,008 [main] INFO  db.DBStoreBuilder (DBStoreBuilder.java:processTables(161)) - Using default column profile:DBProfile.DISK for Table:bucketTable
2019-09-09 05:43:45,008 [main] INFO  db.DBStoreBuilder (DBStoreBuilder.java:addTable(110)) - using custom profile for table: keyTable
2019-09-09 05:43:45,008 [main] INFO  db.DBStoreBuilder (DBStoreBuilder.java:processTables(161)) - Using default column profile:DBProfile.DISK for Table:keyTable
2019-09-09 05:43:45,008 [main] INFO  db.DBStoreBuilder (DBStoreBuilder.java:addTable(110)) - using custom profile for table: deletedTable
2019-09-09 05:43:45,008 [main] INFO  db.DBStoreBuilder (DBStoreBuilder.java:processTables(161)) - Using default column profile:DBProfile.DISK for Table:deletedTable
2019-09-09 05:43:45,008 [main] INFO  db.DBStoreBuilder (DBStoreBuilder.java:addTable(110)) - using custom profile for table: openKeyTable
2019-09-09 05:43:45,009 [main] INFO  db.DBStoreBuilder (DBStoreBuilder.java:processTables(161)) - Using default column profile:DBProfile.DISK for Table:openKeyTable
2019-09-09 05:43:45,009 [main] INFO  db.DBStoreBuilder (DBStoreBuilder.java:addTable(110)) - using custom profile for table: s3Table
2019-09-09 05:43:45,009 [main] INFO  db.DBStoreBuilder (DBStoreBuilder.java:processTables(161)) - Using default column profile:DBProfile.DISK for Table:s3Table
2019-09-09 05:43:45,009 [main] INFO  db.DBStoreBuilder (DBStoreBuilder.java:addTable(110)) - using custom profile for table: multipartInfoTable
2019-09-09 05:43:45,009 [main] INFO  db.DBStoreBuilder (DBStoreBuilder.java:processTables(161)) - Using default column profile:DBProfile.DISK for Table:multipartInfoTable
2019-09-09 05:43:45,009 [main] INFO  db.DBStoreBuilder (DBStoreBuilder.java:addTable(110)) - using custom profile for table: dTokenTable
2019-09-09 05:43:45,010 [main] INFO  db.DBStoreBuilder (DBStoreBuilder.java:processTables(161)) - Using default column profile:DBProfile.DISK for Table:dTokenTable
2019-09-09 05:43:45,010 [main] INFO  db.DBStoreBuilder (DBStoreBuilder.java:addTable(110)) - using custom profile for table: s3SecretTable
2019-09-09 05:43:45,010 [main] INFO  db.DBStoreBuilder (DBStoreBuilder.java:processTables(161)) - Using default column profile:DBProfile.DISK for Table:s3SecretTable
2019-09-09 05:43:45,010 [main] INFO  db.DBStoreBuilder (DBStoreBuilder.java:addTable(110)) - using custom profile for table: prefixTable
2019-09-09 05:43:45,010 [main] INFO  db.DBStoreBuilder (DBStoreBuilder.java:processTables(161)) - Using default column profile:DBProfile.DISK for Table:prefixTable
2019-09-09 05:43:45,011 [main] INFO  db.DBStoreBuilder (DBStoreBuilder.java:addTable(110)) - using custom profile for table: default
2019-09-09 05:43:45,011 [main] INFO  db.DBStoreBuilder (DBStoreBuilder.java:processTables(167)) - Using default column profile:DBProfile.DISK for Table:default
2019-09-09 05:43:45,011 [main] INFO  db.DBStoreBuilder (DBStoreBuilder.java:getDbProfile(198)) - Using default options. DBProfile.DISK
2019-09-09 05:43:45,470 [main] INFO  ipc.CallQueueManager (CallQueueManager.java:<init>(84)) - Using callQueue: class java.util.concurrent.LinkedBlockingQueue, queueCapacity: 2000, scheduler: class org.apache.hadoop.ipc.DefaultRpcScheduler, ipcBackoff: false.
2019-09-09 05:43:45,471 [Socket Reader #1 for port 37607] INFO  ipc.Server (Server.java:run(1074)) - Starting Socket Reader #1 for port 37607
2019-09-09 05:43:45,485 [main] INFO  om.OzoneManager (OzoneManager.java:start(1240)) - OzoneManager RPC server is listening at localhost/127.0.0.1:37607
2019-09-09 05:43:45,485 [main] INFO  impl.MetricsSystemImpl (MetricsSystemImpl.java:init(158)) - OzoneManager metrics system started (again)
2019-09-09 05:43:45,485 [IPC Server Responder] INFO  ipc.Server (Server.java:run(1314)) - IPC Server Responder: starting
2019-09-09 05:43:45,485 [IPC Server listener on 37607] INFO  ipc.Server (Server.java:run(1153)) - IPC Server listener on 37607: starting
2019-09-09 05:43:45,490 [main] INFO  hdfs.DFSUtil (DFSUtil.java:httpServerTemplateForNNAndJN(1641)) - Starting Web-server for ozoneManager at: http://0.0.0.0:0
2019-09-09 05:43:45,491 [main] INFO  server.AuthenticationFilter (AuthenticationFilter.java:constructSecretProvider(240)) - Unable to initialize FileSignerSecretProvider, falling back to use random secrets.
2019-09-09 05:43:45,492 [main] WARN  http.HttpRequestLog (HttpRequestLog.java:getRequestLog(97)) - Jetty request log can only be enabled using Log4j
2019-09-09 05:43:45,494 [main] INFO  http.HttpServer2 (HttpServer2.java:addGlobalFilter(975)) - Added global filter 'safety' (class=org.apache.hadoop.http.HttpServer2$QuotingInputFilter)
2019-09-09 05:43:45,495 [main] INFO  http.HttpServer2 (HttpServer2.java:addFilter(948)) - Added filter static_user_filter (class=org.apache.hadoop.http.lib.StaticUserWebFilter$StaticUserFilter) to context ozoneManager
2019-09-09 05:43:45,495 [main] INFO  http.HttpServer2 (HttpServer2.java:addFilter(958)) - Added filter static_user_filter (class=org.apache.hadoop.http.lib.StaticUserWebFilter$StaticUserFilter) to context logs
2019-09-09 05:43:45,495 [main] INFO  http.HttpServer2 (HttpServer2.java:addFilter(958)) - Added filter static_user_filter (class=org.apache.hadoop.http.lib.StaticUserWebFilter$StaticUserFilter) to context static
2019-09-09 05:43:45,496 [main] INFO  http.HttpServer2 (HttpServer2.java:bindListener(1191)) - Jetty bound to port 40640
2019-09-09 05:43:45,496 [main] INFO  server.Server (Server.java:doStart(351)) - jetty-9.3.24.v20180605, build timestamp: 2018-06-05T17:11:56Z, git hash: 84205aa28f11a4f31f2a3b86d1bba2cc8ab69827
2019-09-09 05:43:45,498 [main] INFO  handler.ContextHandler (ContextHandler.java:doStart(781)) - Started o.e.j.s.ServletContextHandler@22f02996{/logs,file:///workdir/hadoop-ozone/integration-test/target/log,AVAILABLE}
2019-09-09 05:43:45,498 [main] INFO  handler.ContextHandler (ContextHandler.java:doStart(781)) - Started o.e.j.s.ServletContextHandler@42c0a16e{/static,file:///workdir/hadoop-ozone/integration-test/target/test-classes/webapps/static,AVAILABLE}
2019-09-09 05:43:45,502 [main] INFO  handler.ContextHandler (ContextHandler.java:doStart(781)) - Started o.e.j.w.WebAppContext@2ca54da9{/,file:///workdir/hadoop-ozone/integration-test/target/test-classes/webapps/ozoneManager/,AVAILABLE}{/ozoneManager}
2019-09-09 05:43:45,503 [main] INFO  server.AbstractConnector (AbstractConnector.java:doStart(278)) - Started ServerConnector@34a20f16{HTTP/1.1,[http/1.1]}{0.0.0.0:40640}
2019-09-09 05:43:45,504 [main] INFO  server.Server (Server.java:doStart(419)) - Started @588996ms
2019-09-09 05:43:45,505 [main] WARN  impl.MetricsSystemImpl (MetricsSystemImpl.java:register(276)) - Sink prometheus already exists!
2019-09-09 05:43:45,505 [main] INFO  server.BaseHttpServer (BaseHttpServer.java:updateConnectorAddress(215)) - HTTP server of OZONEMANAGER is listening at http://0.0.0.0:40640
2019-09-09 05:43:45,522 [main] INFO  impl.MetricsSystemImpl (MetricsSystemImpl.java:init(158)) - HddsDatanode metrics system started (again)
2019-09-09 05:43:45,525 [main] INFO  ozone.HddsDatanodeService (HddsDatanodeService.java:start(184)) - HddsDatanodeService host:trunk-nightly-20190909-tk4cs-374463008 ip:192.168.34.6
2019-09-09 05:43:45,530 [main] INFO  volume.HddsVolume (HddsVolume.java:<init>(176)) - Creating Volume: /workdir/hadoop-ozone/integration-test/target/test-dir/MiniOzoneClusterImpl-a69cff32-9aaa-43e1-bc72-d1174bd05902/datanode-0/data/containers/hdds of  storage type : DISK and capacity : 1482555576320
2019-09-09 05:43:45,531 [main] INFO  volume.VolumeSet (VolumeSet.java:initializeVolumeSet(170)) - Added Volume : /workdir/hadoop-ozone/integration-test/target/test-dir/MiniOzoneClusterImpl-a69cff32-9aaa-43e1-bc72-d1174bd05902/datanode-0/data/containers/hdds to VolumeSet
2019-09-09 05:43:45,531 [main] INFO  volume.ThrottledAsyncChecker (ThrottledAsyncChecker.java:schedule(140)) - Scheduling a check for org.apache.hadoop.ozone.container.common.volume.HddsVolume@16d431b4
2019-09-09 05:43:45,532 [main] INFO  volume.HddsVolumeChecker (HddsVolumeChecker.java:checkAllVolumes(203)) - Scheduled health check for volume org.apache.hadoop.ozone.container.common.volume.HddsVolume@16d431b4
2019-09-09 05:43:45,544 [main] INFO  impl.RaftServerProxy (ConfUtils.java:logGet(43)) - raft.rpc.type = GRPC (default)
2019-09-09 05:43:45,544 [main] INFO  grpc.GrpcFactory (GrpcFactory.java:checkPooledByteBufAllocatorUseCacheForAllThreads(45)) - PERFORMANCE WARNING: useCacheForAllThreads is true that may cause Netty to create a lot garbage objects and, as a result, trigger GC.
	It is recommended to disable useCacheForAllThreads by setting -Dorg.apache.ratis.thirdparty.io.netty.allocator.useCacheForAllThreads=false in command line.
2019-09-09 05:43:45,545 [main] INFO  grpc.GrpcConfigKeys$Server (ConfUtils.java:logGet(43)) - raft.grpc.server.port = 0 (default)
2019-09-09 05:43:45,545 [main] INFO  server.GrpcService (ConfUtils.java:logGet(43)) - raft.grpc.message.size.max = 33570816 (custom)
2019-09-09 05:43:45,545 [main] INFO  server.RaftServerConfigKeys (ConfUtils.java:logGet(43)) - raft.server.log.appender.buffer.byte-limit = 33554432 (custom)
2019-09-09 05:43:45,545 [main] INFO  server.GrpcService (ConfUtils.java:logGet(43)) - raft.grpc.flow.control.window = 1MB (=1048576) (default)
2019-09-09 05:43:45,545 [main] INFO  server.RaftServerConfigKeys (ConfUtils.java:logGet(43)) - raft.server.rpc.request.timeout = 3000ms (default)
2019-09-09 05:43:45,546 [main] INFO  server.RaftServerConfigKeys (ConfUtils.java:logGet(43)) - raft.server.storage.dir = [/workdir/hadoop-ozone/integration-test/target/test-dir/MiniOzoneClusterImpl-a69cff32-9aaa-43e1-bc72-d1174bd05902/datanode-0/data/ratis] (custom)
2019-09-09 05:43:45,547 [main] INFO  hdfs.DFSUtil (DFSUtil.java:httpServerTemplateForNNAndJN(1641)) - Starting Web-server for hddsDatanode at: http://0.0.0.0:0
2019-09-09 05:43:45,549 [main] INFO  server.AuthenticationFilter (AuthenticationFilter.java:constructSecretProvider(240)) - Unable to initialize FileSignerSecretProvider, falling back to use random secrets.
2019-09-09 05:43:45,549 [main] WARN  http.HttpRequestLog (HttpRequestLog.java:getRequestLog(97)) - Jetty request log can only be enabled using Log4j
2019-09-09 05:43:45,551 [main] INFO  http.HttpServer2 (HttpServer2.java:addGlobalFilter(975)) - Added global filter 'safety' (class=org.apache.hadoop.http.HttpServer2$QuotingInputFilter)
2019-09-09 05:43:45,551 [main] INFO  http.HttpServer2 (HttpServer2.java:addFilter(948)) - Added filter static_user_filter (class=org.apache.hadoop.http.lib.StaticUserWebFilter$StaticUserFilter) to context hddsDatanode
2019-09-09 05:43:45,551 [main] INFO  http.HttpServer2 (HttpServer2.java:addFilter(958)) - Added filter static_user_filter (class=org.apache.hadoop.http.lib.StaticUserWebFilter$StaticUserFilter) to context static
2019-09-09 05:43:45,552 [main] INFO  http.HttpServer2 (HttpServer2.java:addFilter(958)) - Added filter static_user_filter (class=org.apache.hadoop.http.lib.StaticUserWebFilter$StaticUserFilter) to context logs
2019-09-09 05:43:45,552 [main] INFO  http.HttpServer2 (HttpServer2.java:bindListener(1191)) - Jetty bound to port 37377
2019-09-09 05:43:45,553 [main] INFO  server.Server (Server.java:doStart(351)) - jetty-9.3.24.v20180605, build timestamp: 2018-06-05T17:11:56Z, git hash: 84205aa28f11a4f31f2a3b86d1bba2cc8ab69827
2019-09-09 05:43:45,554 [main] INFO  handler.ContextHandler (ContextHandler.java:doStart(781)) - Started o.e.j.s.ServletContextHandler@508ad266{/logs,file:///workdir/hadoop-ozone/integration-test/target/log,AVAILABLE}
2019-09-09 05:43:45,555 [main] INFO  handler.ContextHandler (ContextHandler.java:doStart(781)) - Started o.e.j.s.ServletContextHandler@216372b7{/static,jar:file:/home/user/.m2/repository/org/apache/hadoop/hadoop-hdds-container-service/0.5.0-SNAPSHOT/hadoop-hdds-container-service-0.5.0-SNAPSHOT.jar!/webapps/static,AVAILABLE}
2019-09-09 05:43:45,587 [main] INFO  handler.ContextHandler (ContextHandler.java:doStart(781)) - Started o.e.j.w.WebAppContext@6f91fbda{/,file:///tmp/jetty-0.0.0.0-37377-hddsDatanode-_-any-8624147232581023137.dir/webapp/,AVAILABLE}{/hddsDatanode}
2019-09-09 05:43:45,588 [main] INFO  server.AbstractConnector (AbstractConnector.java:doStart(278)) - Started ServerConnector@723e3c17{HTTP/1.1,[http/1.1]}{0.0.0.0:37377}
2019-09-09 05:43:45,589 [main] INFO  server.Server (Server.java:doStart(419)) - Started @589081ms
2019-09-09 05:43:45,589 [main] WARN  impl.MetricsSystemImpl (MetricsSystemImpl.java:register(276)) - Sink prometheus already exists!
2019-09-09 05:43:45,590 [main] INFO  server.BaseHttpServer (BaseHttpServer.java:updateConnectorAddress(215)) - HTTP server of HDDSDATANODE is listening at http://0.0.0.0:37377
2019-09-09 05:43:45,590 [main] INFO  impl.MetricsSystemImpl (MetricsSystemImpl.java:init(158)) - HddsDatanode metrics system started (again)
2019-09-09 05:43:45,593 [org.apache.hadoop.util.JvmPauseMonitor$Monitor@3d616298] INFO  util.JvmPauseMonitor (JvmPauseMonitor.java:run(188)) - Starting JVM pause monitor
2019-09-09 05:43:45,593 [main] INFO  ozone.HddsDatanodeService (HddsDatanodeService.java:start(184)) - HddsDatanodeService host:trunk-nightly-20190909-tk4cs-374463008 ip:192.168.34.6
2019-09-09 05:43:45,595 [Datanode State Machine Thread - 0] INFO  datanode.InitDatanodeState (InitDatanodeState.java:persistContainerDatanodeDetails(140)) - DatanodeDetails is persisted to /workdir/hadoop-ozone/integration-test/target/test-dir/MiniOzoneClusterImpl-a69cff32-9aaa-43e1-bc72-d1174bd05902/datanode-0/meta/datanode.id
2019-09-09 05:43:45,599 [main] INFO  volume.HddsVolume (HddsVolume.java:<init>(176)) - Creating Volume: /workdir/hadoop-ozone/integration-test/target/test-dir/MiniOzoneClusterImpl-a69cff32-9aaa-43e1-bc72-d1174bd05902/datanode-1/data/containers/hdds of  storage type : DISK and capacity : 1482555576320
2019-09-09 05:43:45,599 [main] INFO  volume.VolumeSet (VolumeSet.java:initializeVolumeSet(170)) - Added Volume : /workdir/hadoop-ozone/integration-test/target/test-dir/MiniOzoneClusterImpl-a69cff32-9aaa-43e1-bc72-d1174bd05902/datanode-1/data/containers/hdds to VolumeSet
2019-09-09 05:43:45,599 [main] INFO  volume.ThrottledAsyncChecker (ThrottledAsyncChecker.java:schedule(140)) - Scheduling a check for org.apache.hadoop.ozone.container.common.volume.HddsVolume@2dd178f3
2019-09-09 05:43:45,599 [main] INFO  volume.HddsVolumeChecker (HddsVolumeChecker.java:checkAllVolumes(203)) - Scheduled health check for volume org.apache.hadoop.ozone.container.common.volume.HddsVolume@2dd178f3
2019-09-09 05:43:45,611 [main] INFO  impl.RaftServerProxy (ConfUtils.java:logGet(43)) - raft.rpc.type = GRPC (default)
2019-09-09 05:43:45,611 [main] INFO  grpc.GrpcFactory (GrpcFactory.java:checkPooledByteBufAllocatorUseCacheForAllThreads(45)) - PERFORMANCE WARNING: useCacheForAllThreads is true that may cause Netty to create a lot garbage objects and, as a result, trigger GC.
	It is recommended to disable useCacheForAllThreads by setting -Dorg.apache.ratis.thirdparty.io.netty.allocator.useCacheForAllThreads=false in command line.
2019-09-09 05:43:45,612 [main] INFO  grpc.GrpcConfigKeys$Server (ConfUtils.java:logGet(43)) - raft.grpc.server.port = 0 (default)
2019-09-09 05:43:45,612 [main] INFO  server.GrpcService (ConfUtils.java:logGet(43)) - raft.grpc.message.size.max = 33570816 (custom)
2019-09-09 05:43:45,612 [main] INFO  server.RaftServerConfigKeys (ConfUtils.java:logGet(43)) - raft.server.log.appender.buffer.byte-limit = 33554432 (custom)
2019-09-09 05:43:45,612 [main] INFO  server.GrpcService (ConfUtils.java:logGet(43)) - raft.grpc.flow.control.window = 1MB (=1048576) (default)
2019-09-09 05:43:45,612 [main] INFO  server.RaftServerConfigKeys (ConfUtils.java:logGet(43)) - raft.server.rpc.request.timeout = 3000ms (default)
2019-09-09 05:43:45,613 [main] INFO  server.RaftServerConfigKeys (ConfUtils.java:logGet(43)) - raft.server.storage.dir = [/workdir/hadoop-ozone/integration-test/target/test-dir/MiniOzoneClusterImpl-a69cff32-9aaa-43e1-bc72-d1174bd05902/datanode-1/data/ratis] (custom)
2019-09-09 05:43:45,614 [main] INFO  hdfs.DFSUtil (DFSUtil.java:httpServerTemplateForNNAndJN(1641)) - Starting Web-server for hddsDatanode at: http://0.0.0.0:0
2019-09-09 05:43:45,615 [main] INFO  server.AuthenticationFilter (AuthenticationFilter.java:constructSecretProvider(240)) - Unable to initialize FileSignerSecretProvider, falling back to use random secrets.
2019-09-09 05:43:45,616 [main] WARN  http.HttpRequestLog (HttpRequestLog.java:getRequestLog(97)) - Jetty request log can only be enabled using Log4j
2019-09-09 05:43:45,617 [main] INFO  http.HttpServer2 (HttpServer2.java:addGlobalFilter(975)) - Added global filter 'safety' (class=org.apache.hadoop.http.HttpServer2$QuotingInputFilter)
2019-09-09 05:43:45,617 [main] INFO  http.HttpServer2 (HttpServer2.java:addFilter(948)) - Added filter static_user_filter (class=org.apache.hadoop.http.lib.StaticUserWebFilter$StaticUserFilter) to context hddsDatanode
2019-09-09 05:43:45,617 [main] INFO  http.HttpServer2 (HttpServer2.java:addFilter(958)) - Added filter static_user_filter (class=org.apache.hadoop.http.lib.StaticUserWebFilter$StaticUserFilter) to context logs
2019-09-09 05:43:45,618 [main] INFO  http.HttpServer2 (HttpServer2.java:addFilter(958)) - Added filter static_user_filter (class=org.apache.hadoop.http.lib.StaticUserWebFilter$StaticUserFilter) to context static
2019-09-09 05:43:45,618 [main] INFO  http.HttpServer2 (HttpServer2.java:bindListener(1191)) - Jetty bound to port 36885
2019-09-09 05:43:45,618 [main] INFO  server.Server (Server.java:doStart(351)) - jetty-9.3.24.v20180605, build timestamp: 2018-06-05T17:11:56Z, git hash: 84205aa28f11a4f31f2a3b86d1bba2cc8ab69827
2019-09-09 05:43:45,619 [main] INFO  handler.ContextHandler (ContextHandler.java:doStart(781)) - Started o.e.j.s.ServletContextHandler@6b0f266e{/logs,file:///workdir/hadoop-ozone/integration-test/target/log,AVAILABLE}
2019-09-09 05:43:45,620 [main] INFO  handler.ContextHandler (ContextHandler.java:doStart(781)) - Started o.e.j.s.ServletContextHandler@53314f76{/static,jar:file:/home/user/.m2/repository/org/apache/hadoop/hadoop-hdds-container-service/0.5.0-SNAPSHOT/hadoop-hdds-container-service-0.5.0-SNAPSHOT.jar!/webapps/static,AVAILABLE}
2019-09-09 05:43:45,644 [main] INFO  handler.ContextHandler (ContextHandler.java:doStart(781)) - Started o.e.j.w.WebAppContext@7da1e005{/,file:///tmp/jetty-0.0.0.0-36885-hddsDatanode-_-any-3934424830317327070.dir/webapp/,AVAILABLE}{/hddsDatanode}
2019-09-09 05:43:45,645 [main] INFO  server.AbstractConnector (AbstractConnector.java:doStart(278)) - Started ServerConnector@38159384{HTTP/1.1,[http/1.1]}{0.0.0.0:36885}
2019-09-09 05:43:45,645 [main] INFO  server.Server (Server.java:doStart(419)) - Started @589137ms
2019-09-09 05:43:45,646 [main] WARN  impl.MetricsSystemImpl (MetricsSystemImpl.java:register(276)) - Sink prometheus already exists!
2019-09-09 05:43:45,647 [main] INFO  server.BaseHttpServer (BaseHttpServer.java:updateConnectorAddress(215)) - HTTP server of HDDSDATANODE is listening at http://0.0.0.0:36885
2019-09-09 05:43:45,648 [main] INFO  impl.MetricsSystemImpl (MetricsSystemImpl.java:init(158)) - HddsDatanode metrics system started (again)
2019-09-09 05:43:45,651 [main] INFO  ozone.HddsDatanodeService (HddsDatanodeService.java:start(184)) - HddsDatanodeService host:trunk-nightly-20190909-tk4cs-374463008 ip:192.168.34.6
2019-09-09 05:43:45,659 [org.apache.hadoop.util.JvmPauseMonitor$Monitor@708cfb8e] INFO  util.JvmPauseMonitor (JvmPauseMonitor.java:run(188)) - Starting JVM pause monitor
2019-09-09 05:43:45,661 [main] INFO  volume.HddsVolume (HddsVolume.java:<init>(176)) - Creating Volume: /workdir/hadoop-ozone/integration-test/target/test-dir/MiniOzoneClusterImpl-a69cff32-9aaa-43e1-bc72-d1174bd05902/datanode-2/data/containers/hdds of  storage type : DISK and capacity : 1482555576320
2019-09-09 05:43:45,662 [main] INFO  volume.VolumeSet (VolumeSet.java:initializeVolumeSet(170)) - Added Volume : /workdir/hadoop-ozone/integration-test/target/test-dir/MiniOzoneClusterImpl-a69cff32-9aaa-43e1-bc72-d1174bd05902/datanode-2/data/containers/hdds to VolumeSet
2019-09-09 05:43:45,662 [main] INFO  volume.ThrottledAsyncChecker (ThrottledAsyncChecker.java:schedule(140)) - Scheduling a check for org.apache.hadoop.ozone.container.common.volume.HddsVolume@138f0661
2019-09-09 05:43:45,662 [Datanode State Machine Thread - 0] INFO  datanode.InitDatanodeState (InitDatanodeState.java:persistContainerDatanodeDetails(140)) - DatanodeDetails is persisted to /workdir/hadoop-ozone/integration-test/target/test-dir/MiniOzoneClusterImpl-a69cff32-9aaa-43e1-bc72-d1174bd05902/datanode-1/meta/datanode.id
2019-09-09 05:43:45,662 [main] INFO  volume.HddsVolumeChecker (HddsVolumeChecker.java:checkAllVolumes(203)) - Scheduled health check for volume org.apache.hadoop.ozone.container.common.volume.HddsVolume@138f0661
2019-09-09 05:43:45,676 [main] INFO  impl.RaftServerProxy (ConfUtils.java:logGet(43)) - raft.rpc.type = GRPC (default)
2019-09-09 05:43:45,676 [main] INFO  grpc.GrpcFactory (GrpcFactory.java:checkPooledByteBufAllocatorUseCacheForAllThreads(45)) - PERFORMANCE WARNING: useCacheForAllThreads is true that may cause Netty to create a lot garbage objects and, as a result, trigger GC.
	It is recommended to disable useCacheForAllThreads by setting -Dorg.apache.ratis.thirdparty.io.netty.allocator.useCacheForAllThreads=false in command line.
2019-09-09 05:43:45,676 [main] INFO  grpc.GrpcConfigKeys$Server (ConfUtils.java:logGet(43)) - raft.grpc.server.port = 0 (default)
2019-09-09 05:43:45,676 [main] INFO  server.GrpcService (ConfUtils.java:logGet(43)) - raft.grpc.message.size.max = 33570816 (custom)
2019-09-09 05:43:45,676 [main] INFO  server.RaftServerConfigKeys (ConfUtils.java:logGet(43)) - raft.server.log.appender.buffer.byte-limit = 33554432 (custom)
2019-09-09 05:43:45,676 [main] INFO  server.GrpcService (ConfUtils.java:logGet(43)) - raft.grpc.flow.control.window = 1MB (=1048576) (default)
2019-09-09 05:43:45,677 [main] INFO  server.RaftServerConfigKeys (ConfUtils.java:logGet(43)) - raft.server.rpc.request.timeout = 3000ms (default)
2019-09-09 05:43:45,677 [main] INFO  server.RaftServerConfigKeys (ConfUtils.java:logGet(43)) - raft.server.storage.dir = [/workdir/hadoop-ozone/integration-test/target/test-dir/MiniOzoneClusterImpl-a69cff32-9aaa-43e1-bc72-d1174bd05902/datanode-2/data/ratis] (custom)
2019-09-09 05:43:45,678 [main] INFO  hdfs.DFSUtil (DFSUtil.java:httpServerTemplateForNNAndJN(1641)) - Starting Web-server for hddsDatanode at: http://0.0.0.0:0
2019-09-09 05:43:45,679 [main] INFO  server.AuthenticationFilter (AuthenticationFilter.java:constructSecretProvider(240)) - Unable to initialize FileSignerSecretProvider, falling back to use random secrets.
2019-09-09 05:43:45,680 [main] WARN  http.HttpRequestLog (HttpRequestLog.java:getRequestLog(97)) - Jetty request log can only be enabled using Log4j
2019-09-09 05:43:45,681 [main] INFO  http.HttpServer2 (HttpServer2.java:addGlobalFilter(975)) - Added global filter 'safety' (class=org.apache.hadoop.http.HttpServer2$QuotingInputFilter)
2019-09-09 05:43:45,682 [main] INFO  http.HttpServer2 (HttpServer2.java:addFilter(948)) - Added filter static_user_filter (class=org.apache.hadoop.http.lib.StaticUserWebFilter$StaticUserFilter) to context hddsDatanode
2019-09-09 05:43:45,682 [main] INFO  http.HttpServer2 (HttpServer2.java:addFilter(958)) - Added filter static_user_filter (class=org.apache.hadoop.http.lib.StaticUserWebFilter$StaticUserFilter) to context static
2019-09-09 05:43:45,682 [main] INFO  http.HttpServer2 (HttpServer2.java:addFilter(958)) - Added filter static_user_filter (class=org.apache.hadoop.http.lib.StaticUserWebFilter$StaticUserFilter) to context logs
2019-09-09 05:43:45,683 [main] INFO  http.HttpServer2 (HttpServer2.java:bindListener(1191)) - Jetty bound to port 38691
2019-09-09 05:43:45,683 [main] INFO  server.Server (Server.java:doStart(351)) - jetty-9.3.24.v20180605, build timestamp: 2018-06-05T17:11:56Z, git hash: 84205aa28f11a4f31f2a3b86d1bba2cc8ab69827
2019-09-09 05:43:45,684 [main] INFO  handler.ContextHandler (ContextHandler.java:doStart(781)) - Started o.e.j.s.ServletContextHandler@23bd0c81{/logs,file:///workdir/hadoop-ozone/integration-test/target/log,AVAILABLE}
2019-09-09 05:43:45,684 [main] INFO  handler.ContextHandler (ContextHandler.java:doStart(781)) - Started o.e.j.s.ServletContextHandler@544e3679{/static,jar:file:/home/user/.m2/repository/org/apache/hadoop/hadoop-hdds-container-service/0.5.0-SNAPSHOT/hadoop-hdds-container-service-0.5.0-SNAPSHOT.jar!/webapps/static,AVAILABLE}
2019-09-09 05:43:45,708 [main] INFO  handler.ContextHandler (ContextHandler.java:doStart(781)) - Started o.e.j.w.WebAppContext@3a3f96ab{/,file:///tmp/jetty-0.0.0.0-38691-hddsDatanode-_-any-5191359396895001301.dir/webapp/,AVAILABLE}{/hddsDatanode}
2019-09-09 05:43:45,709 [main] INFO  server.AbstractConnector (AbstractConnector.java:doStart(278)) - Started ServerConnector@4def7d36{HTTP/1.1,[http/1.1]}{0.0.0.0:38691}
2019-09-09 05:43:45,710 [main] INFO  server.Server (Server.java:doStart(419)) - Started @589202ms
2019-09-09 05:43:45,710 [main] WARN  impl.MetricsSystemImpl (MetricsSystemImpl.java:register(276)) - Sink prometheus already exists!
2019-09-09 05:43:45,710 [main] INFO  server.BaseHttpServer (BaseHttpServer.java:updateConnectorAddress(215)) - HTTP server of HDDSDATANODE is listening at http://0.0.0.0:38691
2019-09-09 05:43:45,711 [main] INFO  impl.MetricsSystemImpl (MetricsSystemImpl.java:init(158)) - HddsDatanode metrics system started (again)
2019-09-09 05:43:45,714 [org.apache.hadoop.util.JvmPauseMonitor$Monitor@4b200478] INFO  util.JvmPauseMonitor (JvmPauseMonitor.java:run(188)) - Starting JVM pause monitor
2019-09-09 05:43:45,714 [main] INFO  ozone.HddsDatanodeService (HddsDatanodeService.java:start(184)) - HddsDatanodeService host:trunk-nightly-20190909-tk4cs-374463008 ip:192.168.34.6
2019-09-09 05:43:45,715 [Datanode State Machine Thread - 0] INFO  datanode.InitDatanodeState (InitDatanodeState.java:persistContainerDatanodeDetails(140)) - DatanodeDetails is persisted to /workdir/hadoop-ozone/integration-test/target/test-dir/MiniOzoneClusterImpl-a69cff32-9aaa-43e1-bc72-d1174bd05902/datanode-2/meta/datanode.id
2019-09-09 05:43:45,719 [main] INFO  volume.HddsVolume (HddsVolume.java:<init>(176)) - Creating Volume: /workdir/hadoop-ozone/integration-test/target/test-dir/MiniOzoneClusterImpl-a69cff32-9aaa-43e1-bc72-d1174bd05902/datanode-3/data/containers/hdds of  storage type : DISK and capacity : 1482555576320
2019-09-09 05:43:45,719 [main] INFO  volume.VolumeSet (VolumeSet.java:initializeVolumeSet(170)) - Added Volume : /workdir/hadoop-ozone/integration-test/target/test-dir/MiniOzoneClusterImpl-a69cff32-9aaa-43e1-bc72-d1174bd05902/datanode-3/data/containers/hdds to VolumeSet
2019-09-09 05:43:45,719 [main] INFO  volume.ThrottledAsyncChecker (ThrottledAsyncChecker.java:schedule(140)) - Scheduling a check for org.apache.hadoop.ozone.container.common.volume.HddsVolume@6812c8cc
2019-09-09 05:43:45,720 [main] INFO  volume.HddsVolumeChecker (HddsVolumeChecker.java:checkAllVolumes(203)) - Scheduled health check for volume org.apache.hadoop.ozone.container.common.volume.HddsVolume@6812c8cc
2019-09-09 05:43:45,730 [main] INFO  impl.RaftServerProxy (ConfUtils.java:logGet(43)) - raft.rpc.type = GRPC (default)
2019-09-09 05:43:45,730 [main] INFO  grpc.GrpcFactory (GrpcFactory.java:checkPooledByteBufAllocatorUseCacheForAllThreads(45)) - PERFORMANCE WARNING: useCacheForAllThreads is true that may cause Netty to create a lot garbage objects and, as a result, trigger GC.
	It is recommended to disable useCacheForAllThreads by setting -Dorg.apache.ratis.thirdparty.io.netty.allocator.useCacheForAllThreads=false in command line.
2019-09-09 05:43:45,730 [main] INFO  grpc.GrpcConfigKeys$Server (ConfUtils.java:logGet(43)) - raft.grpc.server.port = 0 (default)
2019-09-09 05:43:45,731 [main] INFO  server.GrpcService (ConfUtils.java:logGet(43)) - raft.grpc.message.size.max = 33570816 (custom)
2019-09-09 05:43:45,731 [main] INFO  server.RaftServerConfigKeys (ConfUtils.java:logGet(43)) - raft.server.log.appender.buffer.byte-limit = 33554432 (custom)
2019-09-09 05:43:45,731 [main] INFO  server.GrpcService (ConfUtils.java:logGet(43)) - raft.grpc.flow.control.window = 1MB (=1048576) (default)
2019-09-09 05:43:45,731 [main] INFO  server.RaftServerConfigKeys (ConfUtils.java:logGet(43)) - raft.server.rpc.request.timeout = 3000ms (default)
2019-09-09 05:43:45,731 [main] INFO  server.RaftServerConfigKeys (ConfUtils.java:logGet(43)) - raft.server.storage.dir = [/workdir/hadoop-ozone/integration-test/target/test-dir/MiniOzoneClusterImpl-a69cff32-9aaa-43e1-bc72-d1174bd05902/datanode-3/data/ratis] (custom)
2019-09-09 05:43:45,732 [main] INFO  hdfs.DFSUtil (DFSUtil.java:httpServerTemplateForNNAndJN(1641)) - Starting Web-server for hddsDatanode at: http://0.0.0.0:0
2019-09-09 05:43:45,733 [main] INFO  server.AuthenticationFilter (AuthenticationFilter.java:constructSecretProvider(240)) - Unable to initialize FileSignerSecretProvider, falling back to use random secrets.
2019-09-09 05:43:45,734 [main] WARN  http.HttpRequestLog (HttpRequestLog.java:getRequestLog(97)) - Jetty request log can only be enabled using Log4j
2019-09-09 05:43:45,735 [main] INFO  http.HttpServer2 (HttpServer2.java:addGlobalFilter(975)) - Added global filter 'safety' (class=org.apache.hadoop.http.HttpServer2$QuotingInputFilter)
2019-09-09 05:43:45,735 [main] INFO  http.HttpServer2 (HttpServer2.java:addFilter(948)) - Added filter static_user_filter (class=org.apache.hadoop.http.lib.StaticUserWebFilter$StaticUserFilter) to context hddsDatanode
2019-09-09 05:43:45,735 [main] INFO  http.HttpServer2 (HttpServer2.java:addFilter(958)) - Added filter static_user_filter (class=org.apache.hadoop.http.lib.StaticUserWebFilter$StaticUserFilter) to context static
2019-09-09 05:43:45,735 [main] INFO  http.HttpServer2 (HttpServer2.java:addFilter(958)) - Added filter static_user_filter (class=org.apache.hadoop.http.lib.StaticUserWebFilter$StaticUserFilter) to context logs
2019-09-09 05:43:45,736 [main] INFO  http.HttpServer2 (HttpServer2.java:bindListener(1191)) - Jetty bound to port 38320
2019-09-09 05:43:45,736 [main] INFO  server.Server (Server.java:doStart(351)) - jetty-9.3.24.v20180605, build timestamp: 2018-06-05T17:11:56Z, git hash: 84205aa28f11a4f31f2a3b86d1bba2cc8ab69827
2019-09-09 05:43:45,737 [main] INFO  handler.ContextHandler (ContextHandler.java:doStart(781)) - Started o.e.j.s.ServletContextHandler@19662208{/logs,file:///workdir/hadoop-ozone/integration-test/target/log,AVAILABLE}
2019-09-09 05:43:45,737 [main] INFO  handler.ContextHandler (ContextHandler.java:doStart(781)) - Started o.e.j.s.ServletContextHandler@62f9c790{/static,jar:file:/home/user/.m2/repository/org/apache/hadoop/hadoop-hdds-container-service/0.5.0-SNAPSHOT/hadoop-hdds-container-service-0.5.0-SNAPSHOT.jar!/webapps/static,AVAILABLE}
2019-09-09 05:43:45,761 [main] INFO  handler.ContextHandler (ContextHandler.java:doStart(781)) - Started o.e.j.w.WebAppContext@52ba685a{/,file:///tmp/jetty-0.0.0.0-38320-hddsDatanode-_-any-976554854658782272.dir/webapp/,AVAILABLE}{/hddsDatanode}
2019-09-09 05:43:45,762 [main] INFO  server.AbstractConnector (AbstractConnector.java:doStart(278)) - Started ServerConnector@63d677f5{HTTP/1.1,[http/1.1]}{0.0.0.0:38320}
2019-09-09 05:43:45,763 [main] INFO  server.Server (Server.java:doStart(419)) - Started @589255ms
2019-09-09 05:43:45,763 [main] WARN  impl.MetricsSystemImpl (MetricsSystemImpl.java:register(276)) - Sink prometheus already exists!
2019-09-09 05:43:45,764 [main] INFO  server.BaseHttpServer (BaseHttpServer.java:updateConnectorAddress(215)) - HTTP server of HDDSDATANODE is listening at http://0.0.0.0:38320
2019-09-09 05:43:45,764 [main] INFO  impl.MetricsSystemImpl (MetricsSystemImpl.java:init(158)) - HddsDatanode metrics system started (again)
2019-09-09 05:43:45,767 [org.apache.hadoop.util.JvmPauseMonitor$Monitor@270639a7] INFO  util.JvmPauseMonitor (JvmPauseMonitor.java:run(188)) - Starting JVM pause monitor
2019-09-09 05:43:45,768 [main] INFO  ozone.HddsDatanodeService (HddsDatanodeService.java:start(184)) - HddsDatanodeService host:trunk-nightly-20190909-tk4cs-374463008 ip:192.168.34.6
2019-09-09 05:43:45,768 [Datanode State Machine Thread - 0] INFO  datanode.InitDatanodeState (InitDatanodeState.java:persistContainerDatanodeDetails(140)) - DatanodeDetails is persisted to /workdir/hadoop-ozone/integration-test/target/test-dir/MiniOzoneClusterImpl-a69cff32-9aaa-43e1-bc72-d1174bd05902/datanode-3/meta/datanode.id
2019-09-09 05:43:45,772 [main] INFO  volume.HddsVolume (HddsVolume.java:<init>(176)) - Creating Volume: /workdir/hadoop-ozone/integration-test/target/test-dir/MiniOzoneClusterImpl-a69cff32-9aaa-43e1-bc72-d1174bd05902/datanode-4/data/containers/hdds of  storage type : DISK and capacity : 1482555576320
2019-09-09 05:43:45,773 [main] INFO  volume.VolumeSet (VolumeSet.java:initializeVolumeSet(170)) - Added Volume : /workdir/hadoop-ozone/integration-test/target/test-dir/MiniOzoneClusterImpl-a69cff32-9aaa-43e1-bc72-d1174bd05902/datanode-4/data/containers/hdds to VolumeSet
2019-09-09 05:43:45,773 [main] INFO  volume.ThrottledAsyncChecker (ThrottledAsyncChecker.java:schedule(140)) - Scheduling a check for org.apache.hadoop.ozone.container.common.volume.HddsVolume@4652c74d
2019-09-09 05:43:45,773 [main] INFO  volume.HddsVolumeChecker (HddsVolumeChecker.java:checkAllVolumes(203)) - Scheduled health check for volume org.apache.hadoop.ozone.container.common.volume.HddsVolume@4652c74d
2019-09-09 05:43:45,784 [main] INFO  impl.RaftServerProxy (ConfUtils.java:logGet(43)) - raft.rpc.type = GRPC (default)
2019-09-09 05:43:45,785 [main] INFO  grpc.GrpcFactory (GrpcFactory.java:checkPooledByteBufAllocatorUseCacheForAllThreads(45)) - PERFORMANCE WARNING: useCacheForAllThreads is true that may cause Netty to create a lot garbage objects and, as a result, trigger GC.
	It is recommended to disable useCacheForAllThreads by setting -Dorg.apache.ratis.thirdparty.io.netty.allocator.useCacheForAllThreads=false in command line.
2019-09-09 05:43:45,785 [main] INFO  grpc.GrpcConfigKeys$Server (ConfUtils.java:logGet(43)) - raft.grpc.server.port = 0 (default)
2019-09-09 05:43:45,785 [main] INFO  server.GrpcService (ConfUtils.java:logGet(43)) - raft.grpc.message.size.max = 33570816 (custom)
2019-09-09 05:43:45,785 [main] INFO  server.RaftServerConfigKeys (ConfUtils.java:logGet(43)) - raft.server.log.appender.buffer.byte-limit = 33554432 (custom)
2019-09-09 05:43:45,785 [main] INFO  server.GrpcService (ConfUtils.java:logGet(43)) - raft.grpc.flow.control.window = 1MB (=1048576) (default)
2019-09-09 05:43:45,785 [main] INFO  server.RaftServerConfigKeys (ConfUtils.java:logGet(43)) - raft.server.rpc.request.timeout = 3000ms (default)
2019-09-09 05:43:45,786 [main] INFO  server.RaftServerConfigKeys (ConfUtils.java:logGet(43)) - raft.server.storage.dir = [/workdir/hadoop-ozone/integration-test/target/test-dir/MiniOzoneClusterImpl-a69cff32-9aaa-43e1-bc72-d1174bd05902/datanode-4/data/ratis] (custom)
2019-09-09 05:43:45,787 [main] INFO  hdfs.DFSUtil (DFSUtil.java:httpServerTemplateForNNAndJN(1641)) - Starting Web-server for hddsDatanode at: http://0.0.0.0:0
2019-09-09 05:43:45,788 [main] INFO  server.AuthenticationFilter (AuthenticationFilter.java:constructSecretProvider(240)) - Unable to initialize FileSignerSecretProvider, falling back to use random secrets.
2019-09-09 05:43:45,788 [main] WARN  http.HttpRequestLog (HttpRequestLog.java:getRequestLog(97)) - Jetty request log can only be enabled using Log4j
2019-09-09 05:43:45,789 [main] INFO  http.HttpServer2 (HttpServer2.java:addGlobalFilter(975)) - Added global filter 'safety' (class=org.apache.hadoop.http.HttpServer2$QuotingInputFilter)
2019-09-09 05:43:45,789 [main] INFO  http.HttpServer2 (HttpServer2.java:addFilter(948)) - Added filter static_user_filter (class=org.apache.hadoop.http.lib.StaticUserWebFilter$StaticUserFilter) to context hddsDatanode
2019-09-09 05:43:45,790 [main] INFO  http.HttpServer2 (HttpServer2.java:addFilter(958)) - Added filter static_user_filter (class=org.apache.hadoop.http.lib.StaticUserWebFilter$StaticUserFilter) to context static
2019-09-09 05:43:45,790 [main] INFO  http.HttpServer2 (HttpServer2.java:addFilter(958)) - Added filter static_user_filter (class=org.apache.hadoop.http.lib.StaticUserWebFilter$StaticUserFilter) to context logs
2019-09-09 05:43:45,790 [main] INFO  http.HttpServer2 (HttpServer2.java:bindListener(1191)) - Jetty bound to port 46000
2019-09-09 05:43:45,790 [main] INFO  server.Server (Server.java:doStart(351)) - jetty-9.3.24.v20180605, build timestamp: 2018-06-05T17:11:56Z, git hash: 84205aa28f11a4f31f2a3b86d1bba2cc8ab69827
2019-09-09 05:43:45,791 [main] INFO  handler.ContextHandler (ContextHandler.java:doStart(781)) - Started o.e.j.s.ServletContextHandler@236c098{/logs,file:///workdir/hadoop-ozone/integration-test/target/log,AVAILABLE}
2019-09-09 05:43:45,792 [main] INFO  handler.ContextHandler (ContextHandler.java:doStart(781)) - Started o.e.j.s.ServletContextHandler@120aa40b{/static,jar:file:/home/user/.m2/repository/org/apache/hadoop/hadoop-hdds-container-service/0.5.0-SNAPSHOT/hadoop-hdds-container-service-0.5.0-SNAPSHOT.jar!/webapps/static,AVAILABLE}
2019-09-09 05:43:45,816 [main] INFO  handler.ContextHandler (ContextHandler.java:doStart(781)) - Started o.e.j.w.WebAppContext@64279ab{/,file:///tmp/jetty-0.0.0.0-46000-hddsDatanode-_-any-9189136171994172964.dir/webapp/,AVAILABLE}{/hddsDatanode}
2019-09-09 05:43:45,816 [main] INFO  server.AbstractConnector (AbstractConnector.java:doStart(278)) - Started ServerConnector@794240e2{HTTP/1.1,[http/1.1]}{0.0.0.0:46000}
2019-09-09 05:43:45,818 [main] INFO  server.Server (Server.java:doStart(419)) - Started @589310ms
2019-09-09 05:43:45,818 [main] WARN  impl.MetricsSystemImpl (MetricsSystemImpl.java:register(276)) - Sink prometheus already exists!
2019-09-09 05:43:45,818 [main] INFO  server.BaseHttpServer (BaseHttpServer.java:updateConnectorAddress(215)) - HTTP server of HDDSDATANODE is listening at http://0.0.0.0:46000
2019-09-09 05:43:45,819 [main] INFO  impl.MetricsSystemImpl (MetricsSystemImpl.java:init(158)) - HddsDatanode metrics system started (again)
2019-09-09 05:43:45,822 [org.apache.hadoop.util.JvmPauseMonitor$Monitor@32017727] INFO  util.JvmPauseMonitor (JvmPauseMonitor.java:run(188)) - Starting JVM pause monitor
2019-09-09 05:43:45,823 [main] INFO  ozone.HddsDatanodeService (HddsDatanodeService.java:start(184)) - HddsDatanodeService host:trunk-nightly-20190909-tk4cs-374463008 ip:192.168.34.6
2019-09-09 05:43:45,823 [Datanode State Machine Thread - 0] INFO  datanode.InitDatanodeState (InitDatanodeState.java:persistContainerDatanodeDetails(140)) - DatanodeDetails is persisted to /workdir/hadoop-ozone/integration-test/target/test-dir/MiniOzoneClusterImpl-a69cff32-9aaa-43e1-bc72-d1174bd05902/datanode-4/meta/datanode.id
2019-09-09 05:43:45,827 [main] INFO  volume.HddsVolume (HddsVolume.java:<init>(176)) - Creating Volume: /workdir/hadoop-ozone/integration-test/target/test-dir/MiniOzoneClusterImpl-a69cff32-9aaa-43e1-bc72-d1174bd05902/datanode-5/data/containers/hdds of  storage type : DISK and capacity : 1482555576320
2019-09-09 05:43:45,827 [main] INFO  volume.VolumeSet (VolumeSet.java:initializeVolumeSet(170)) - Added Volume : /workdir/hadoop-ozone/integration-test/target/test-dir/MiniOzoneClusterImpl-a69cff32-9aaa-43e1-bc72-d1174bd05902/datanode-5/data/containers/hdds to VolumeSet
2019-09-09 05:43:45,828 [main] INFO  volume.ThrottledAsyncChecker (ThrottledAsyncChecker.java:schedule(140)) - Scheduling a check for org.apache.hadoop.ozone.container.common.volume.HddsVolume@5fd43e58
2019-09-09 05:43:45,828 [main] INFO  volume.HddsVolumeChecker (HddsVolumeChecker.java:checkAllVolumes(203)) - Scheduled health check for volume org.apache.hadoop.ozone.container.common.volume.HddsVolume@5fd43e58
2019-09-09 05:43:45,839 [main] INFO  impl.RaftServerProxy (ConfUtils.java:logGet(43)) - raft.rpc.type = GRPC (default)
2019-09-09 05:43:45,839 [main] INFO  grpc.GrpcFactory (GrpcFactory.java:checkPooledByteBufAllocatorUseCacheForAllThreads(45)) - PERFORMANCE WARNING: useCacheForAllThreads is true that may cause Netty to create a lot garbage objects and, as a result, trigger GC.
	It is recommended to disable useCacheForAllThreads by setting -Dorg.apache.ratis.thirdparty.io.netty.allocator.useCacheForAllThreads=false in command line.
2019-09-09 05:43:45,839 [main] INFO  grpc.GrpcConfigKeys$Server (ConfUtils.java:logGet(43)) - raft.grpc.server.port = 0 (default)
2019-09-09 05:43:45,839 [main] INFO  server.GrpcService (ConfUtils.java:logGet(43)) - raft.grpc.message.size.max = 33570816 (custom)
2019-09-09 05:43:45,840 [main] INFO  server.RaftServerConfigKeys (ConfUtils.java:logGet(43)) - raft.server.log.appender.buffer.byte-limit = 33554432 (custom)
2019-09-09 05:43:45,840 [main] INFO  server.GrpcService (ConfUtils.java:logGet(43)) - raft.grpc.flow.control.window = 1MB (=1048576) (default)
2019-09-09 05:43:45,840 [main] INFO  server.RaftServerConfigKeys (ConfUtils.java:logGet(43)) - raft.server.rpc.request.timeout = 3000ms (default)
2019-09-09 05:43:45,840 [main] INFO  server.RaftServerConfigKeys (ConfUtils.java:logGet(43)) - raft.server.storage.dir = [/workdir/hadoop-ozone/integration-test/target/test-dir/MiniOzoneClusterImpl-a69cff32-9aaa-43e1-bc72-d1174bd05902/datanode-5/data/ratis] (custom)
2019-09-09 05:43:45,841 [main] INFO  hdfs.DFSUtil (DFSUtil.java:httpServerTemplateForNNAndJN(1641)) - Starting Web-server for hddsDatanode at: http://0.0.0.0:0
2019-09-09 05:43:45,842 [main] INFO  server.AuthenticationFilter (AuthenticationFilter.java:constructSecretProvider(240)) - Unable to initialize FileSignerSecretProvider, falling back to use random secrets.
2019-09-09 05:43:45,843 [main] WARN  http.HttpRequestLog (HttpRequestLog.java:getRequestLog(97)) - Jetty request log can only be enabled using Log4j
2019-09-09 05:43:45,844 [main] INFO  http.HttpServer2 (HttpServer2.java:addGlobalFilter(975)) - Added global filter 'safety' (class=org.apache.hadoop.http.HttpServer2$QuotingInputFilter)
2019-09-09 05:43:45,844 [main] INFO  http.HttpServer2 (HttpServer2.java:addFilter(948)) - Added filter static_user_filter (class=org.apache.hadoop.http.lib.StaticUserWebFilter$StaticUserFilter) to context hddsDatanode
2019-09-09 05:43:45,844 [main] INFO  http.HttpServer2 (HttpServer2.java:addFilter(958)) - Added filter static_user_filter (class=org.apache.hadoop.http.lib.StaticUserWebFilter$StaticUserFilter) to context logs
2019-09-09 05:43:45,844 [main] INFO  http.HttpServer2 (HttpServer2.java:addFilter(958)) - Added filter static_user_filter (class=org.apache.hadoop.http.lib.StaticUserWebFilter$StaticUserFilter) to context static
2019-09-09 05:43:45,845 [main] INFO  http.HttpServer2 (HttpServer2.java:bindListener(1191)) - Jetty bound to port 35577
2019-09-09 05:43:45,845 [main] INFO  server.Server (Server.java:doStart(351)) - jetty-9.3.24.v20180605, build timestamp: 2018-06-05T17:11:56Z, git hash: 84205aa28f11a4f31f2a3b86d1bba2cc8ab69827
2019-09-09 05:43:45,846 [main] INFO  handler.ContextHandler (ContextHandler.java:doStart(781)) - Started o.e.j.s.ServletContextHandler@279126f5{/logs,file:///workdir/hadoop-ozone/integration-test/target/log,AVAILABLE}
2019-09-09 05:43:45,846 [main] INFO  handler.ContextHandler (ContextHandler.java:doStart(781)) - Started o.e.j.s.ServletContextHandler@5fdd97c1{/static,jar:file:/home/user/.m2/repository/org/apache/hadoop/hadoop-hdds-container-service/0.5.0-SNAPSHOT/hadoop-hdds-container-service-0.5.0-SNAPSHOT.jar!/webapps/static,AVAILABLE}
2019-09-09 05:43:45,870 [main] INFO  handler.ContextHandler (ContextHandler.java:doStart(781)) - Started o.e.j.w.WebAppContext@10817f46{/,file:///tmp/jetty-0.0.0.0-35577-hddsDatanode-_-any-5562302114614527929.dir/webapp/,AVAILABLE}{/hddsDatanode}
2019-09-09 05:43:45,871 [main] INFO  server.AbstractConnector (AbstractConnector.java:doStart(278)) - Started ServerConnector@2d4a3e13{HTTP/1.1,[http/1.1]}{0.0.0.0:35577}
2019-09-09 05:43:45,872 [main] INFO  server.Server (Server.java:doStart(419)) - Started @589364ms
2019-09-09 05:43:45,872 [main] WARN  impl.MetricsSystemImpl (MetricsSystemImpl.java:register(276)) - Sink prometheus already exists!
2019-09-09 05:43:45,873 [main] INFO  server.BaseHttpServer (BaseHttpServer.java:updateConnectorAddress(215)) - HTTP server of HDDSDATANODE is listening at http://0.0.0.0:35577
2019-09-09 05:43:45,873 [main] INFO  impl.MetricsSystemImpl (MetricsSystemImpl.java:init(158)) - HddsDatanode metrics system started (again)
2019-09-09 05:43:45,877 [org.apache.hadoop.util.JvmPauseMonitor$Monitor@36d5eddc] INFO  util.JvmPauseMonitor (JvmPauseMonitor.java:run(188)) - Starting JVM pause monitor
2019-09-09 05:43:45,877 [main] INFO  ozone.HddsDatanodeService (HddsDatanodeService.java:start(184)) - HddsDatanodeService host:trunk-nightly-20190909-tk4cs-374463008 ip:192.168.34.6
2019-09-09 05:43:45,878 [Datanode State Machine Thread - 0] INFO  datanode.InitDatanodeState (InitDatanodeState.java:persistContainerDatanodeDetails(140)) - DatanodeDetails is persisted to /workdir/hadoop-ozone/integration-test/target/test-dir/MiniOzoneClusterImpl-a69cff32-9aaa-43e1-bc72-d1174bd05902/datanode-5/meta/datanode.id
2019-09-09 05:43:45,882 [main] INFO  volume.HddsVolume (HddsVolume.java:<init>(176)) - Creating Volume: /workdir/hadoop-ozone/integration-test/target/test-dir/MiniOzoneClusterImpl-a69cff32-9aaa-43e1-bc72-d1174bd05902/datanode-6/data/containers/hdds of  storage type : DISK and capacity : 1482555576320
2019-09-09 05:43:45,882 [main] INFO  volume.VolumeSet (VolumeSet.java:initializeVolumeSet(170)) - Added Volume : /workdir/hadoop-ozone/integration-test/target/test-dir/MiniOzoneClusterImpl-a69cff32-9aaa-43e1-bc72-d1174bd05902/datanode-6/data/containers/hdds to VolumeSet
2019-09-09 05:43:45,882 [main] INFO  volume.ThrottledAsyncChecker (ThrottledAsyncChecker.java:schedule(140)) - Scheduling a check for org.apache.hadoop.ozone.container.common.volume.HddsVolume@1c6a0103
2019-09-09 05:43:45,883 [main] INFO  volume.HddsVolumeChecker (HddsVolumeChecker.java:checkAllVolumes(203)) - Scheduled health check for volume org.apache.hadoop.ozone.container.common.volume.HddsVolume@1c6a0103
2019-09-09 05:43:45,894 [main] INFO  impl.RaftServerProxy (ConfUtils.java:logGet(43)) - raft.rpc.type = GRPC (default)
2019-09-09 05:43:45,894 [main] INFO  grpc.GrpcFactory (GrpcFactory.java:checkPooledByteBufAllocatorUseCacheForAllThreads(45)) - PERFORMANCE WARNING: useCacheForAllThreads is true that may cause Netty to create a lot garbage objects and, as a result, trigger GC.
	It is recommended to disable useCacheForAllThreads by setting -Dorg.apache.ratis.thirdparty.io.netty.allocator.useCacheForAllThreads=false in command line.
2019-09-09 05:43:45,894 [main] INFO  grpc.GrpcConfigKeys$Server (ConfUtils.java:logGet(43)) - raft.grpc.server.port = 0 (default)
2019-09-09 05:43:45,895 [main] INFO  server.GrpcService (ConfUtils.java:logGet(43)) - raft.grpc.message.size.max = 33570816 (custom)
2019-09-09 05:43:45,895 [main] INFO  server.RaftServerConfigKeys (ConfUtils.java:logGet(43)) - raft.server.log.appender.buffer.byte-limit = 33554432 (custom)
2019-09-09 05:43:45,895 [main] INFO  server.GrpcService (ConfUtils.java:logGet(43)) - raft.grpc.flow.control.window = 1MB (=1048576) (default)
2019-09-09 05:43:45,895 [main] INFO  server.RaftServerConfigKeys (ConfUtils.java:logGet(43)) - raft.server.rpc.request.timeout = 3000ms (default)
2019-09-09 05:43:45,895 [main] INFO  server.RaftServerConfigKeys (ConfUtils.java:logGet(43)) - raft.server.storage.dir = [/workdir/hadoop-ozone/integration-test/target/test-dir/MiniOzoneClusterImpl-a69cff32-9aaa-43e1-bc72-d1174bd05902/datanode-6/data/ratis] (custom)
2019-09-09 05:43:45,896 [main] INFO  hdfs.DFSUtil (DFSUtil.java:httpServerTemplateForNNAndJN(1641)) - Starting Web-server for hddsDatanode at: http://0.0.0.0:0
2019-09-09 05:43:45,897 [main] INFO  server.AuthenticationFilter (AuthenticationFilter.java:constructSecretProvider(240)) - Unable to initialize FileSignerSecretProvider, falling back to use random secrets.
2019-09-09 05:43:45,898 [main] WARN  http.HttpRequestLog (HttpRequestLog.java:getRequestLog(97)) - Jetty request log can only be enabled using Log4j
2019-09-09 05:43:45,899 [main] INFO  http.HttpServer2 (HttpServer2.java:addGlobalFilter(975)) - Added global filter 'safety' (class=org.apache.hadoop.http.HttpServer2$QuotingInputFilter)
2019-09-09 05:43:45,899 [main] INFO  http.HttpServer2 (HttpServer2.java:addFilter(948)) - Added filter static_user_filter (class=org.apache.hadoop.http.lib.StaticUserWebFilter$StaticUserFilter) to context hddsDatanode
2019-09-09 05:43:45,899 [main] INFO  http.HttpServer2 (HttpServer2.java:addFilter(958)) - Added filter static_user_filter (class=org.apache.hadoop.http.lib.StaticUserWebFilter$StaticUserFilter) to context logs
2019-09-09 05:43:45,899 [main] INFO  http.HttpServer2 (HttpServer2.java:addFilter(958)) - Added filter static_user_filter (class=org.apache.hadoop.http.lib.StaticUserWebFilter$StaticUserFilter) to context static
2019-09-09 05:43:45,900 [main] INFO  http.HttpServer2 (HttpServer2.java:bindListener(1191)) - Jetty bound to port 42356
2019-09-09 05:43:45,900 [main] INFO  server.Server (Server.java:doStart(351)) - jetty-9.3.24.v20180605, build timestamp: 2018-06-05T17:11:56Z, git hash: 84205aa28f11a4f31f2a3b86d1bba2cc8ab69827
2019-09-09 05:43:45,901 [main] INFO  handler.ContextHandler (ContextHandler.java:doStart(781)) - Started o.e.j.s.ServletContextHandler@34c76167{/logs,file:///workdir/hadoop-ozone/integration-test/target/log,AVAILABLE}
2019-09-09 05:43:45,902 [main] INFO  handler.ContextHandler (ContextHandler.java:doStart(781)) - Started o.e.j.s.ServletContextHandler@78d92eef{/static,jar:file:/home/user/.m2/repository/org/apache/hadoop/hadoop-hdds-container-service/0.5.0-SNAPSHOT/hadoop-hdds-container-service-0.5.0-SNAPSHOT.jar!/webapps/static,AVAILABLE}
2019-09-09 05:43:45,926 [main] INFO  handler.ContextHandler (ContextHandler.java:doStart(781)) - Started o.e.j.w.WebAppContext@755a7218{/,file:///tmp/jetty-0.0.0.0-42356-hddsDatanode-_-any-8648166294473304505.dir/webapp/,AVAILABLE}{/hddsDatanode}
2019-09-09 05:43:45,926 [main] INFO  server.AbstractConnector (AbstractConnector.java:doStart(278)) - Started ServerConnector@70c29356{HTTP/1.1,[http/1.1]}{0.0.0.0:42356}
2019-09-09 05:43:45,926 [main] INFO  server.Server (Server.java:doStart(419)) - Started @589418ms
2019-09-09 05:43:45,932 [main] WARN  impl.MetricsSystemImpl (MetricsSystemImpl.java:register(276)) - Sink prometheus already exists!
2019-09-09 05:43:45,933 [main] INFO  server.BaseHttpServer (BaseHttpServer.java:updateConnectorAddress(215)) - HTTP server of HDDSDATANODE is listening at http://0.0.0.0:42356
2019-09-09 05:43:45,933 [main] INFO  ozone.MiniOzoneClusterImpl (MiniOzoneClusterImpl.java:lambda$waitForClusterToBeReady$0(140)) - Waiting for cluster to be ready. Got 0 of 7 DN Heartbeats.
2019-09-09 05:43:45,934 [org.apache.hadoop.util.JvmPauseMonitor$Monitor@4c99243d] INFO  util.JvmPauseMonitor (JvmPauseMonitor.java:run(188)) - Starting JVM pause monitor
2019-09-09 05:43:45,935 [Datanode State Machine Thread - 0] INFO  datanode.InitDatanodeState (InitDatanodeState.java:persistContainerDatanodeDetails(140)) - DatanodeDetails is persisted to /workdir/hadoop-ozone/integration-test/target/test-dir/MiniOzoneClusterImpl-a69cff32-9aaa-43e1-bc72-d1174bd05902/datanode-6/meta/datanode.id
2019-09-09 05:43:46,933 [main] INFO  ozone.MiniOzoneClusterImpl (MiniOzoneClusterImpl.java:lambda$waitForClusterToBeReady$0(140)) - Waiting for cluster to be ready. Got 0 of 7 DN Heartbeats.
2019-09-09 05:43:47,616 [Datanode State Machine Thread - 0] INFO  ozoneimpl.OzoneContainer (OzoneContainer.java:start(217)) - Attempting to start container services.
2019-09-09 05:43:47,616 [Datanode State Machine Thread - 0] INFO  ozoneimpl.OzoneContainer (OzoneContainer.java:startContainerScrub(179)) - Background container scanner has been disabled.
2019-09-09 05:43:47,616 [Datanode State Machine Thread - 0] INFO  ratis.XceiverServerRatis (XceiverServerRatis.java:start(404)) - Starting XceiverServerRatis 7266534e-3c5c-4a76-a198-926e09974878 at port 0
2019-09-09 05:43:47,620 [Datanode State Machine Thread - 0] INFO  impl.RaftServerProxy (RaftServerProxy.java:lambda$start$3(299)) - 7266534e-3c5c-4a76-a198-926e09974878: start RPC server
2019-09-09 05:43:47,621 [Datanode State Machine Thread - 0] INFO  server.GrpcService (GrpcService.java:startImpl(158)) - 7266534e-3c5c-4a76-a198-926e09974878: GrpcService started, listening on 0.0.0.0/0.0.0.0:44088
2019-09-09 05:43:47,622 [Datanode State Machine Thread - 0] INFO  ratis.XceiverServerRatis (XceiverServerRatis.java:start(414)) - XceiverServerRatis 7266534e-3c5c-4a76-a198-926e09974878 is started using port 44088
2019-09-09 05:43:47,622 [Datanode State Machine Thread - 0] INFO  server.XceiverServerGrpc (XceiverServerGrpc.java:start(163)) - XceiverServerGrpc 7266534e-3c5c-4a76-a198-926e09974878 is started using port 43402
2019-09-09 05:43:47,674 [Datanode State Machine Thread - 0] INFO  ozoneimpl.OzoneContainer (OzoneContainer.java:start(217)) - Attempting to start container services.
2019-09-09 05:43:47,675 [Datanode State Machine Thread - 0] INFO  ozoneimpl.OzoneContainer (OzoneContainer.java:startContainerScrub(179)) - Background container scanner has been disabled.
2019-09-09 05:43:47,675 [Datanode State Machine Thread - 0] INFO  ratis.XceiverServerRatis (XceiverServerRatis.java:start(404)) - Starting XceiverServerRatis eb1f2c76-46e5-42c5-beea-0ca89a39be26 at port 0
2019-09-09 05:43:47,681 [Datanode State Machine Thread - 0] INFO  impl.RaftServerProxy (RaftServerProxy.java:lambda$start$3(299)) - eb1f2c76-46e5-42c5-beea-0ca89a39be26: start RPC server
2019-09-09 05:43:47,683 [Datanode State Machine Thread - 0] INFO  server.GrpcService (GrpcService.java:startImpl(158)) - eb1f2c76-46e5-42c5-beea-0ca89a39be26: GrpcService started, listening on 0.0.0.0/0.0.0.0:38837
2019-09-09 05:43:47,683 [Datanode State Machine Thread - 0] INFO  ratis.XceiverServerRatis (XceiverServerRatis.java:start(414)) - XceiverServerRatis eb1f2c76-46e5-42c5-beea-0ca89a39be26 is started using port 38837
2019-09-09 05:43:47,684 [Datanode State Machine Thread - 0] INFO  server.XceiverServerGrpc (XceiverServerGrpc.java:start(163)) - XceiverServerGrpc eb1f2c76-46e5-42c5-beea-0ca89a39be26 is started using port 33185
2019-09-09 05:43:47,729 [Datanode State Machine Thread - 0] INFO  ozoneimpl.OzoneContainer (OzoneContainer.java:start(217)) - Attempting to start container services.
2019-09-09 05:43:47,729 [Datanode State Machine Thread - 0] INFO  ozoneimpl.OzoneContainer (OzoneContainer.java:startContainerScrub(179)) - Background container scanner has been disabled.
2019-09-09 05:43:47,729 [Datanode State Machine Thread - 0] INFO  ratis.XceiverServerRatis (XceiverServerRatis.java:start(404)) - Starting XceiverServerRatis 6fc22dfd-3a97-447f-a6d6-c779b06b49db at port 0
2019-09-09 05:43:47,736 [Datanode State Machine Thread - 0] INFO  impl.RaftServerProxy (RaftServerProxy.java:lambda$start$3(299)) - 6fc22dfd-3a97-447f-a6d6-c779b06b49db: start RPC server
2019-09-09 05:43:47,736 [Datanode State Machine Thread - 0] INFO  server.GrpcService (GrpcService.java:startImpl(158)) - 6fc22dfd-3a97-447f-a6d6-c779b06b49db: GrpcService started, listening on 0.0.0.0/0.0.0.0:37758
2019-09-09 05:43:47,737 [Datanode State Machine Thread - 0] INFO  ratis.XceiverServerRatis (XceiverServerRatis.java:start(414)) - XceiverServerRatis 6fc22dfd-3a97-447f-a6d6-c779b06b49db is started using port 37758
2019-09-09 05:43:47,737 [Datanode State Machine Thread - 0] INFO  server.XceiverServerGrpc (XceiverServerGrpc.java:start(163)) - XceiverServerGrpc 6fc22dfd-3a97-447f-a6d6-c779b06b49db is started using port 33308
2019-09-09 05:43:47,782 [Datanode State Machine Thread - 0] INFO  ozoneimpl.OzoneContainer (OzoneContainer.java:start(217)) - Attempting to start container services.
2019-09-09 05:43:47,782 [Datanode State Machine Thread - 0] INFO  ozoneimpl.OzoneContainer (OzoneContainer.java:startContainerScrub(179)) - Background container scanner has been disabled.
2019-09-09 05:43:47,782 [Datanode State Machine Thread - 0] INFO  ratis.XceiverServerRatis (XceiverServerRatis.java:start(404)) - Starting XceiverServerRatis bc5c2372-d7f1-4de5-bb1b-5feb1335ebc5 at port 0
2019-09-09 05:43:47,790 [Datanode State Machine Thread - 0] INFO  impl.RaftServerProxy (RaftServerProxy.java:lambda$start$3(299)) - bc5c2372-d7f1-4de5-bb1b-5feb1335ebc5: start RPC server
2019-09-09 05:43:47,791 [Datanode State Machine Thread - 0] INFO  server.GrpcService (GrpcService.java:startImpl(158)) - bc5c2372-d7f1-4de5-bb1b-5feb1335ebc5: GrpcService started, listening on 0.0.0.0/0.0.0.0:37777
2019-09-09 05:43:47,791 [Datanode State Machine Thread - 0] INFO  ratis.XceiverServerRatis (XceiverServerRatis.java:start(414)) - XceiverServerRatis bc5c2372-d7f1-4de5-bb1b-5feb1335ebc5 is started using port 37777
2019-09-09 05:43:47,792 [Datanode State Machine Thread - 0] INFO  server.XceiverServerGrpc (XceiverServerGrpc.java:start(163)) - XceiverServerGrpc bc5c2372-d7f1-4de5-bb1b-5feb1335ebc5 is started using port 45727
2019-09-09 05:43:47,836 [Datanode State Machine Thread - 0] INFO  ozoneimpl.OzoneContainer (OzoneContainer.java:start(217)) - Attempting to start container services.
2019-09-09 05:43:47,836 [Datanode State Machine Thread - 0] INFO  ozoneimpl.OzoneContainer (OzoneContainer.java:startContainerScrub(179)) - Background container scanner has been disabled.
2019-09-09 05:43:47,836 [Datanode State Machine Thread - 0] INFO  ratis.XceiverServerRatis (XceiverServerRatis.java:start(404)) - Starting XceiverServerRatis 2ec847ce-af00-4363-8eac-0e7a739063af at port 0
2019-09-09 05:43:47,840 [Datanode State Machine Thread - 0] INFO  impl.RaftServerProxy (RaftServerProxy.java:lambda$start$3(299)) - 2ec847ce-af00-4363-8eac-0e7a739063af: start RPC server
2019-09-09 05:43:47,841 [Datanode State Machine Thread - 0] INFO  server.GrpcService (GrpcService.java:startImpl(158)) - 2ec847ce-af00-4363-8eac-0e7a739063af: GrpcService started, listening on 0.0.0.0/0.0.0.0:43731
2019-09-09 05:43:47,841 [Datanode State Machine Thread - 0] INFO  ratis.XceiverServerRatis (XceiverServerRatis.java:start(414)) - XceiverServerRatis 2ec847ce-af00-4363-8eac-0e7a739063af is started using port 43731
2019-09-09 05:43:47,841 [Datanode State Machine Thread - 0] INFO  server.XceiverServerGrpc (XceiverServerGrpc.java:start(163)) - XceiverServerGrpc 2ec847ce-af00-4363-8eac-0e7a739063af is started using port 46346
2019-09-09 05:43:47,901 [Datanode State Machine Thread - 0] INFO  ozoneimpl.OzoneContainer (OzoneContainer.java:start(217)) - Attempting to start container services.
2019-09-09 05:43:47,902 [Datanode State Machine Thread - 0] INFO  ozoneimpl.OzoneContainer (OzoneContainer.java:startContainerScrub(179)) - Background container scanner has been disabled.
2019-09-09 05:43:47,902 [Datanode State Machine Thread - 0] INFO  ratis.XceiverServerRatis (XceiverServerRatis.java:start(404)) - Starting XceiverServerRatis 2c3051d3-2b2d-4db3-8cb7-b9d46fe7b194 at port 0
2019-09-09 05:43:47,906 [Datanode State Machine Thread - 0] INFO  impl.RaftServerProxy (RaftServerProxy.java:lambda$start$3(299)) - 2c3051d3-2b2d-4db3-8cb7-b9d46fe7b194: start RPC server
2019-09-09 05:43:47,907 [Datanode State Machine Thread - 0] INFO  server.GrpcService (GrpcService.java:startImpl(158)) - 2c3051d3-2b2d-4db3-8cb7-b9d46fe7b194: GrpcService started, listening on 0.0.0.0/0.0.0.0:38943
2019-09-09 05:43:47,907 [Datanode State Machine Thread - 0] INFO  ratis.XceiverServerRatis (XceiverServerRatis.java:start(414)) - XceiverServerRatis 2c3051d3-2b2d-4db3-8cb7-b9d46fe7b194 is started using port 38943
2019-09-09 05:43:47,908 [Datanode State Machine Thread - 0] INFO  server.XceiverServerGrpc (XceiverServerGrpc.java:start(163)) - XceiverServerGrpc 2c3051d3-2b2d-4db3-8cb7-b9d46fe7b194 is started using port 40117
2019-09-09 05:43:47,934 [main] INFO  ozone.MiniOzoneClusterImpl (MiniOzoneClusterImpl.java:lambda$waitForClusterToBeReady$0(140)) - Waiting for cluster to be ready. Got 0 of 7 DN Heartbeats.
2019-09-09 05:43:47,957 [Datanode State Machine Thread - 0] INFO  ozoneimpl.OzoneContainer (OzoneContainer.java:start(217)) - Attempting to start container services.
2019-09-09 05:43:47,957 [Datanode State Machine Thread - 0] INFO  ozoneimpl.OzoneContainer (OzoneContainer.java:startContainerScrub(179)) - Background container scanner has been disabled.
2019-09-09 05:43:47,957 [Datanode State Machine Thread - 0] INFO  ratis.XceiverServerRatis (XceiverServerRatis.java:start(404)) - Starting XceiverServerRatis 6213d06b-cb1c-43dd-962e-e038376d1825 at port 0
2019-09-09 05:43:47,961 [Datanode State Machine Thread - 0] INFO  impl.RaftServerProxy (RaftServerProxy.java:lambda$start$3(299)) - 6213d06b-cb1c-43dd-962e-e038376d1825: start RPC server
2019-09-09 05:43:47,964 [Datanode State Machine Thread - 0] INFO  server.GrpcService (GrpcService.java:startImpl(158)) - 6213d06b-cb1c-43dd-962e-e038376d1825: GrpcService started, listening on 0.0.0.0/0.0.0.0:37053
2019-09-09 05:43:47,964 [Datanode State Machine Thread - 0] INFO  ratis.XceiverServerRatis (XceiverServerRatis.java:start(414)) - XceiverServerRatis 6213d06b-cb1c-43dd-962e-e038376d1825 is started using port 37053
2019-09-09 05:43:47,965 [Datanode State Machine Thread - 0] INFO  server.XceiverServerGrpc (XceiverServerGrpc.java:start(163)) - XceiverServerGrpc 6213d06b-cb1c-43dd-962e-e038376d1825 is started using port 32969
2019-09-09 05:43:48,935 [main] INFO  ozone.MiniOzoneClusterImpl (MiniOzoneClusterImpl.java:lambda$waitForClusterToBeReady$0(140)) - Waiting for cluster to be ready. Got 0 of 7 DN Heartbeats.
2019-09-09 05:43:49,600 [IPC Server handler 1 on 39976] INFO  net.NetworkTopology (NetworkTopologyImpl.java:add(110)) - Added a new node: /default-rack/7266534e-3c5c-4a76-a198-926e09974878
2019-09-09 05:43:49,602 [IPC Server handler 1 on 39976] INFO  node.SCMNodeManager (SCMNodeManager.java:register(266)) - Registered Data node : 7266534e-3c5c-4a76-a198-926e09974878{ip: 192.168.34.6, host: trunk-nightly-20190909-tk4cs-374463008, networkLocation: /default-rack, certSerialId: null}
2019-09-09 05:43:49,603 [EventQueue-NodeRegistrationContainerReportForDataNodeSafeModeRule] INFO  safemode.SCMSafeModeManager (DataNodeSafeModeRule.java:process(71)) - SCM in safe mode. 1 DataNodes registered, 1 required.
2019-09-09 05:43:49,605 [EventQueue-NodeRegistrationContainerReportForDataNodeSafeModeRule] INFO  safemode.SCMSafeModeManager (SCMSafeModeManager.java:validateSafeModeExitRules(177)) - ScmSafeModeManager, all rules are successfully validated
2019-09-09 05:43:49,605 [EventQueue-NodeRegistrationContainerReportForDataNodeSafeModeRule] INFO  safemode.SCMSafeModeManager (SCMSafeModeManager.java:exitSafeMode(193)) - SCM exiting safe mode.
2019-09-09 05:43:49,619 [grpc-default-executor-0] INFO  impl.RaftServerProxy (RaftServerProxy.java:addNew(89)) - 7266534e-3c5c-4a76-a198-926e09974878: addNew group-5E8AFB7CB0CC:[7266534e-3c5c-4a76-a198-926e09974878:192.168.34.6:44088] returns group-5E8AFB7CB0CC:java.util.concurrent.CompletableFuture@57a9756c[Not completed]
2019-09-09 05:43:49,621 [pool-409-thread-1] INFO  impl.RaftServerImpl (RaftServerImpl.java:<init>(95)) - 7266534e-3c5c-4a76-a198-926e09974878: new RaftServerImpl for group-5E8AFB7CB0CC:[7266534e-3c5c-4a76-a198-926e09974878:192.168.34.6:44088] with ContainerStateMachine:uninitialized
2019-09-09 05:43:49,621 [pool-409-thread-1] INFO  server.RaftServerConfigKeys (ConfUtils.java:logGet(43)) - raft.server.rpc.timeout.min = 5s (custom)
2019-09-09 05:43:49,621 [pool-409-thread-1] INFO  server.RaftServerConfigKeys (ConfUtils.java:logGet(43)) - raft.server.rpc.timeout.max = 5200ms (custom)
2019-09-09 05:43:49,621 [pool-409-thread-1] INFO  server.RaftServerConfigKeys (ConfUtils.java:logGet(43)) - raft.server.rpcslowness.timeout = 120s (custom)
2019-09-09 05:43:49,621 [pool-409-thread-1] INFO  server.RaftServerConfigKeys (ConfUtils.java:logGet(43)) - raft.server.sleep.deviation.threshold = 300 (default)
2019-09-09 05:43:49,622 [pool-409-thread-1] INFO  server.RaftServerConfigKeys (ConfUtils.java:logGet(43)) - raft.server.log.appender.install.snapshot.enabled = false (custom)
2019-09-09 05:43:49,622 [pool-409-thread-1] INFO  impl.RaftServerImpl (ServerState.java:<init>(103)) - 7266534e-3c5c-4a76-a198-926e09974878@group-5E8AFB7CB0CC: ConfigurationManager, init=-1: [7266534e-3c5c-4a76-a198-926e09974878:192.168.34.6:44088], old=null, confs=<EMPTY_MAP>
2019-09-09 05:43:49,622 [pool-409-thread-1] INFO  server.RaftServerConfigKeys (ConfUtils.java:logGet(43)) - raft.server.storage.dir = [/workdir/hadoop-ozone/integration-test/target/test-dir/MiniOzoneClusterImpl-a69cff32-9aaa-43e1-bc72-d1174bd05902/datanode-0/data/ratis] (custom)
2019-09-09 05:43:49,622 [pool-409-thread-1] INFO  storage.RaftStorageDirectory (RaftStorageDirectory.java:analyzeStorage(246)) - The storage directory /workdir/hadoop-ozone/integration-test/target/test-dir/MiniOzoneClusterImpl-a69cff32-9aaa-43e1-bc72-d1174bd05902/datanode-0/data/ratis/445ec668-91f4-4d12-873e-5e8afb7cb0cc does not exist. Creating ...
2019-09-09 05:43:49,635 [pool-409-thread-1] INFO  storage.RaftStorageDirectory (RaftStorageDirectory.java:tryLock(328)) - Lock on /workdir/hadoop-ozone/integration-test/target/test-dir/MiniOzoneClusterImpl-a69cff32-9aaa-43e1-bc72-d1174bd05902/datanode-0/data/ratis/445ec668-91f4-4d12-873e-5e8afb7cb0cc/in_use.lock acquired by nodename 4067@trunk-nightly-20190909-tk4cs-374463008
2019-09-09 05:43:49,649 [pool-409-thread-1] INFO  storage.RaftStorage (RaftStorage.java:format(72)) - Storage directory /workdir/hadoop-ozone/integration-test/target/test-dir/MiniOzoneClusterImpl-a69cff32-9aaa-43e1-bc72-d1174bd05902/datanode-0/data/ratis/445ec668-91f4-4d12-873e-5e8afb7cb0cc has been successfully formatted.
2019-09-09 05:43:49,649 [pool-409-thread-1] INFO  ratis.ContainerStateMachine (ContainerStateMachine.java:loadSnapshot(232)) - group-5E8AFB7CB0CC: The snapshot info is null. Setting the last applied indexto:(t:0, i:~)
2019-09-09 05:43:49,649 [pool-409-thread-1] INFO  server.RaftServerConfigKeys (ConfUtils.java:logGet(43)) - raft.server.notification.no-leader.timeout = 120s (custom)
2019-09-09 05:43:49,649 [pool-409-thread-1] INFO  server.RaftServerConfigKeys (ConfUtils.java:logGet(43)) - raft.server.log.use.memory = false (default)
2019-09-09 05:43:49,649 [pool-409-thread-1] INFO  server.RaftServerConfigKeys (ConfUtils.java:logGet(43)) - raft.server.log.purge.gap = 1000000 (custom)
2019-09-09 05:43:49,649 [pool-409-thread-1] INFO  server.RaftServerConfigKeys (ConfUtils.java:logGet(43)) - raft.server.log.appender.buffer.byte-limit = 33554432 (custom)
2019-09-09 05:43:49,650 [pool-409-thread-1] INFO  server.RaftServerConfigKeys (ConfUtils.java:logGet(43)) - raft.server.log.segment.size.max = 1048576 (custom)
2019-09-09 05:43:49,650 [pool-409-thread-1] INFO  server.RaftServerConfigKeys (ConfUtils.java:logGet(43)) - raft.server.log.segment.cache.num.max = 2 (custom)
2019-09-09 05:43:49,650 [pool-409-thread-1] INFO  segmented.SegmentedRaftLogWorker (SegmentedRaftLogWorker.java:<init>(172)) - new 7266534e-3c5c-4a76-a198-926e09974878@group-5E8AFB7CB0CC-SegmentedRaftLogWorker for RaftStorage:Storage Directory /workdir/hadoop-ozone/integration-test/target/test-dir/MiniOzoneClusterImpl-a69cff32-9aaa-43e1-bc72-d1174bd05902/datanode-0/data/ratis/445ec668-91f4-4d12-873e-5e8afb7cb0cc
2019-09-09 05:43:49,652 [pool-409-thread-1] INFO  server.RaftServerConfigKeys (ConfUtils.java:logGet(43)) - raft.server.log.queue.byte-limit = 2147483647 (custom)
2019-09-09 05:43:49,652 [pool-409-thread-1] INFO  server.RaftServerConfigKeys (ConfUtils.java:logGet(43)) - raft.server.log.queue.element-limit = 1024 (custom)
2019-09-09 05:43:49,652 [pool-409-thread-1] INFO  server.RaftServerConfigKeys (ConfUtils.java:logGet(43)) - raft.server.log.segment.size.max = 1048576 (custom)
2019-09-09 05:43:49,652 [pool-409-thread-1] INFO  server.RaftServerConfigKeys (ConfUtils.java:logGet(43)) - raft.server.log.preallocated.size = 16384 (custom)
2019-09-09 05:43:49,652 [pool-409-thread-1] INFO  server.RaftServerConfigKeys (ConfUtils.java:logGet(43)) - raft.server.log.write.buffer.size = 33554432 (custom)
2019-09-09 05:43:49,653 [pool-409-thread-1] INFO  server.RaftServerConfigKeys (ConfUtils.java:logGet(43)) - raft.server.log.force.sync.num = 128 (default)
2019-09-09 05:43:49,653 [pool-409-thread-1] INFO  server.RaftServerConfigKeys (ConfUtils.java:logGet(43)) - raft.server.log.statemachine.data.sync = true (default)
2019-09-09 05:43:49,653 [pool-409-thread-1] INFO  server.RaftServerConfigKeys (ConfUtils.java:logGet(43)) - raft.server.log.statemachine.data.sync.timeout = 10s (default)
2019-09-09 05:43:49,653 [pool-409-thread-1] INFO  server.RaftServerConfigKeys (ConfUtils.java:logGet(43)) - raft.server.log.statemachine.data.sync.timeout.retry = -1 (default)
2019-09-09 05:43:49,653 [pool-409-thread-1] INFO  server.RaftServerConfigKeys (ConfUtils.java:logGet(43)) - raft.server.log.statemachine.data.caching.enabled = true (custom)
2019-09-09 05:43:49,653 [pool-409-thread-1] INFO  segmented.SegmentedRaftLogWorker (SegmentedRaftLogWorker.java:lambda$new$0(132)) - 7266534e-3c5c-4a76-a198-926e09974878@group-5E8AFB7CB0CC-SegmentedRaftLogWorker: flushIndex: setUnconditionally 0 -> -1
2019-09-09 05:43:49,654 [pool-409-thread-1] INFO  server.RaftServerConfigKeys (ConfUtils.java:logGet(43)) - raft.server.snapshot.auto.trigger.enabled = true (custom)
2019-09-09 05:43:49,654 [pool-409-thread-1] INFO  server.RaftServerConfigKeys (ConfUtils.java:logGet(43)) - raft.server.snapshot.auto.trigger.threshold = 10000 (custom)
2019-09-09 05:43:49,654 [pool-409-thread-1] INFO  server.RaftServerConfigKeys (ConfUtils.java:logGet(43)) - raft.server.snapshot.retention.num.files = -1 (default)
2019-09-09 05:43:49,654 [pool-409-thread-1] INFO  server.RaftServerConfigKeys (ConfUtils.java:logGet(43)) - raft.server.retrycache.expirytime = 600000ms (custom)
2019-09-09 05:43:49,656 [pool-409-thread-1] INFO  impl.RaftServerImpl (RaftServerImpl.java:start(185)) - 7266534e-3c5c-4a76-a198-926e09974878@group-5E8AFB7CB0CC: start as a follower, conf=-1: [7266534e-3c5c-4a76-a198-926e09974878:192.168.34.6:44088], old=null
2019-09-09 05:43:49,657 [pool-409-thread-1] INFO  impl.RaftServerImpl (RaftServerImpl.java:setRole(174)) - 7266534e-3c5c-4a76-a198-926e09974878@group-5E8AFB7CB0CC: changes role from      null to FOLLOWER at term 0 for startAsFollower
2019-09-09 05:43:49,657 [pool-409-thread-1] INFO  impl.RoleInfo (RoleInfo.java:updateAndGet(143)) - 7266534e-3c5c-4a76-a198-926e09974878: start FollowerState
2019-09-09 05:43:49,657 [pool-409-thread-1] INFO  util.JmxRegister (JmxRegister.java:tryRegister(44)) - Successfully registered JMX Bean with object name Ratis:service=RaftServer,group=group-5E8AFB7CB0CC,id=7266534e-3c5c-4a76-a198-926e09974878
2019-09-09 05:43:49,662 [IPC Server handler 5 on 39976] INFO  net.NetworkTopology (NetworkTopologyImpl.java:add(110)) - Added a new node: /default-rack/eb1f2c76-46e5-42c5-beea-0ca89a39be26
2019-09-09 05:43:49,662 [IPC Server handler 5 on 39976] INFO  node.SCMNodeManager (SCMNodeManager.java:register(266)) - Registered Data node : eb1f2c76-46e5-42c5-beea-0ca89a39be26{ip: 192.168.34.6, host: trunk-nightly-20190909-tk4cs-374463008, networkLocation: /default-rack, certSerialId: null}
2019-09-09 05:43:49,662 [RatisPipelineUtilsThread] INFO  pipeline.PipelineStateManager (PipelineStateManager.java:addPipeline(56)) - Created pipeline Pipeline[ Id: 445ec668-91f4-4d12-873e-5e8afb7cb0cc, Nodes: 7266534e-3c5c-4a76-a198-926e09974878{ip: 192.168.34.6, host: trunk-nightly-20190909-tk4cs-374463008, networkLocation: /default-rack, certSerialId: null}, Type:RATIS, Factor:ONE, State:OPEN]
2019-09-09 05:43:49,670 [grpc-default-executor-0] INFO  impl.RaftServerProxy (RaftServerProxy.java:addNew(89)) - eb1f2c76-46e5-42c5-beea-0ca89a39be26: addNew group-C18EDAA2EBD7:[eb1f2c76-46e5-42c5-beea-0ca89a39be26:192.168.34.6:38837] returns group-C18EDAA2EBD7:java.util.concurrent.CompletableFuture@2d01b140[Not completed]
2019-09-09 05:43:49,672 [pool-419-thread-1] INFO  impl.RaftServerImpl (RaftServerImpl.java:<init>(95)) - eb1f2c76-46e5-42c5-beea-0ca89a39be26: new RaftServerImpl for group-C18EDAA2EBD7:[eb1f2c76-46e5-42c5-beea-0ca89a39be26:192.168.34.6:38837] with ContainerStateMachine:uninitialized
2019-09-09 05:43:49,672 [pool-419-thread-1] INFO  server.RaftServerConfigKeys (ConfUtils.java:logGet(43)) - raft.server.rpc.timeout.min = 5s (custom)
2019-09-09 05:43:49,672 [pool-419-thread-1] INFO  server.RaftServerConfigKeys (ConfUtils.java:logGet(43)) - raft.server.rpc.timeout.max = 5200ms (custom)
2019-09-09 05:43:49,672 [pool-419-thread-1] INFO  server.RaftServerConfigKeys (ConfUtils.java:logGet(43)) - raft.server.rpcslowness.timeout = 120s (custom)
2019-09-09 05:43:49,672 [pool-419-thread-1] INFO  server.RaftServerConfigKeys (ConfUtils.java:logGet(43)) - raft.server.sleep.deviation.threshold = 300 (default)
2019-09-09 05:43:49,672 [pool-419-thread-1] INFO  server.RaftServerConfigKeys (ConfUtils.java:logGet(43)) - raft.server.log.appender.install.snapshot.enabled = false (custom)
2019-09-09 05:43:49,673 [pool-419-thread-1] INFO  impl.RaftServerImpl (ServerState.java:<init>(103)) - eb1f2c76-46e5-42c5-beea-0ca89a39be26@group-C18EDAA2EBD7: ConfigurationManager, init=-1: [eb1f2c76-46e5-42c5-beea-0ca89a39be26:192.168.34.6:38837], old=null, confs=<EMPTY_MAP>
2019-09-09 05:43:49,673 [pool-419-thread-1] INFO  server.RaftServerConfigKeys (ConfUtils.java:logGet(43)) - raft.server.storage.dir = [/workdir/hadoop-ozone/integration-test/target/test-dir/MiniOzoneClusterImpl-a69cff32-9aaa-43e1-bc72-d1174bd05902/datanode-1/data/ratis] (custom)
2019-09-09 05:43:49,673 [pool-419-thread-1] INFO  storage.RaftStorageDirectory (RaftStorageDirectory.java:analyzeStorage(246)) - The storage directory /workdir/hadoop-ozone/integration-test/target/test-dir/MiniOzoneClusterImpl-a69cff32-9aaa-43e1-bc72-d1174bd05902/datanode-1/data/ratis/e5c939a7-77c3-45ed-8947-c18edaa2ebd7 does not exist. Creating ...
2019-09-09 05:43:49,687 [pool-419-thread-1] INFO  storage.RaftStorageDirectory (RaftStorageDirectory.java:tryLock(328)) - Lock on /workdir/hadoop-ozone/integration-test/target/test-dir/MiniOzoneClusterImpl-a69cff32-9aaa-43e1-bc72-d1174bd05902/datanode-1/data/ratis/e5c939a7-77c3-45ed-8947-c18edaa2ebd7/in_use.lock acquired by nodename 4067@trunk-nightly-20190909-tk4cs-374463008
2019-09-09 05:43:49,700 [pool-419-thread-1] INFO  storage.RaftStorage (RaftStorage.java:format(72)) - Storage directory /workdir/hadoop-ozone/integration-test/target/test-dir/MiniOzoneClusterImpl-a69cff32-9aaa-43e1-bc72-d1174bd05902/datanode-1/data/ratis/e5c939a7-77c3-45ed-8947-c18edaa2ebd7 has been successfully formatted.
2019-09-09 05:43:49,700 [pool-419-thread-1] INFO  ratis.ContainerStateMachine (ContainerStateMachine.java:loadSnapshot(232)) - group-C18EDAA2EBD7: The snapshot info is null. Setting the last applied indexto:(t:0, i:~)
2019-09-09 05:43:49,700 [pool-419-thread-1] INFO  server.RaftServerConfigKeys (ConfUtils.java:logGet(43)) - raft.server.notification.no-leader.timeout = 120s (custom)
2019-09-09 05:43:49,700 [pool-419-thread-1] INFO  server.RaftServerConfigKeys (ConfUtils.java:logGet(43)) - raft.server.log.use.memory = false (default)
2019-09-09 05:43:49,700 [pool-419-thread-1] INFO  server.RaftServerConfigKeys (ConfUtils.java:logGet(43)) - raft.server.log.purge.gap = 1000000 (custom)
2019-09-09 05:43:49,700 [pool-419-thread-1] INFO  server.RaftServerConfigKeys (ConfUtils.java:logGet(43)) - raft.server.log.appender.buffer.byte-limit = 33554432 (custom)
2019-09-09 05:43:49,701 [pool-419-thread-1] INFO  server.RaftServerConfigKeys (ConfUtils.java:logGet(43)) - raft.server.log.segment.size.max = 1048576 (custom)
2019-09-09 05:43:49,701 [pool-419-thread-1] INFO  server.RaftServerConfigKeys (ConfUtils.java:logGet(43)) - raft.server.log.segment.cache.num.max = 2 (custom)
2019-09-09 05:43:49,701 [pool-419-thread-1] INFO  segmented.SegmentedRaftLogWorker (SegmentedRaftLogWorker.java:<init>(172)) - new eb1f2c76-46e5-42c5-beea-0ca89a39be26@group-C18EDAA2EBD7-SegmentedRaftLogWorker for RaftStorage:Storage Directory /workdir/hadoop-ozone/integration-test/target/test-dir/MiniOzoneClusterImpl-a69cff32-9aaa-43e1-bc72-d1174bd05902/datanode-1/data/ratis/e5c939a7-77c3-45ed-8947-c18edaa2ebd7
2019-09-09 05:43:49,702 [pool-419-thread-1] INFO  server.RaftServerConfigKeys (ConfUtils.java:logGet(43)) - raft.server.log.queue.byte-limit = 2147483647 (custom)
2019-09-09 05:43:49,702 [pool-419-thread-1] INFO  server.RaftServerConfigKeys (ConfUtils.java:logGet(43)) - raft.server.log.queue.element-limit = 1024 (custom)
2019-09-09 05:43:49,702 [pool-419-thread-1] INFO  server.RaftServerConfigKeys (ConfUtils.java:logGet(43)) - raft.server.log.segment.size.max = 1048576 (custom)
2019-09-09 05:43:49,702 [pool-419-thread-1] INFO  server.RaftServerConfigKeys (ConfUtils.java:logGet(43)) - raft.server.log.preallocated.size = 16384 (custom)
2019-09-09 05:43:49,703 [pool-419-thread-1] INFO  server.RaftServerConfigKeys (ConfUtils.java:logGet(43)) - raft.server.log.write.buffer.size = 33554432 (custom)
2019-09-09 05:43:49,703 [pool-419-thread-1] INFO  server.RaftServerConfigKeys (ConfUtils.java:logGet(43)) - raft.server.log.force.sync.num = 128 (default)
2019-09-09 05:43:49,703 [pool-419-thread-1] INFO  server.RaftServerConfigKeys (ConfUtils.java:logGet(43)) - raft.server.log.statemachine.data.sync = true (default)
2019-09-09 05:43:49,703 [pool-419-thread-1] INFO  server.RaftServerConfigKeys (ConfUtils.java:logGet(43)) - raft.server.log.statemachine.data.sync.timeout = 10s (default)
2019-09-09 05:43:49,703 [pool-419-thread-1] INFO  server.RaftServerConfigKeys (ConfUtils.java:logGet(43)) - raft.server.log.statemachine.data.sync.timeout.retry = -1 (default)
2019-09-09 05:43:49,703 [pool-419-thread-1] INFO  server.RaftServerConfigKeys (ConfUtils.java:logGet(43)) - raft.server.log.statemachine.data.caching.enabled = true (custom)
2019-09-09 05:43:49,704 [pool-419-thread-1] INFO  segmented.SegmentedRaftLogWorker (SegmentedRaftLogWorker.java:lambda$new$0(132)) - eb1f2c76-46e5-42c5-beea-0ca89a39be26@group-C18EDAA2EBD7-SegmentedRaftLogWorker: flushIndex: setUnconditionally 0 -> -1
2019-09-09 05:43:49,704 [pool-419-thread-1] INFO  server.RaftServerConfigKeys (ConfUtils.java:logGet(43)) - raft.server.snapshot.auto.trigger.enabled = true (custom)
2019-09-09 05:43:49,704 [pool-419-thread-1] INFO  server.RaftServerConfigKeys (ConfUtils.java:logGet(43)) - raft.server.snapshot.auto.trigger.threshold = 10000 (custom)
2019-09-09 05:43:49,704 [pool-419-thread-1] INFO  server.RaftServerConfigKeys (ConfUtils.java:logGet(43)) - raft.server.snapshot.retention.num.files = -1 (default)
2019-09-09 05:43:49,704 [pool-419-thread-1] INFO  server.RaftServerConfigKeys (ConfUtils.java:logGet(43)) - raft.server.retrycache.expirytime = 600000ms (custom)
2019-09-09 05:43:49,705 [pool-419-thread-1] INFO  impl.RaftServerImpl (RaftServerImpl.java:start(185)) - eb1f2c76-46e5-42c5-beea-0ca89a39be26@group-C18EDAA2EBD7: start as a follower, conf=-1: [eb1f2c76-46e5-42c5-beea-0ca89a39be26:192.168.34.6:38837], old=null
2019-09-09 05:43:49,706 [pool-419-thread-1] INFO  impl.RaftServerImpl (RaftServerImpl.java:setRole(174)) - eb1f2c76-46e5-42c5-beea-0ca89a39be26@group-C18EDAA2EBD7: changes role from      null to FOLLOWER at term 0 for startAsFollower
2019-09-09 05:43:49,706 [pool-419-thread-1] INFO  impl.RoleInfo (RoleInfo.java:updateAndGet(143)) - eb1f2c76-46e5-42c5-beea-0ca89a39be26: start FollowerState
2019-09-09 05:43:49,706 [pool-419-thread-1] INFO  util.JmxRegister (JmxRegister.java:tryRegister(44)) - Successfully registered JMX Bean with object name Ratis:service=RaftServer,group=group-C18EDAA2EBD7,id=eb1f2c76-46e5-42c5-beea-0ca89a39be26
2019-09-09 05:43:49,710 [RatisPipelineUtilsThread] INFO  pipeline.PipelineStateManager (PipelineStateManager.java:addPipeline(56)) - Created pipeline Pipeline[ Id: e5c939a7-77c3-45ed-8947-c18edaa2ebd7, Nodes: eb1f2c76-46e5-42c5-beea-0ca89a39be26{ip: 192.168.34.6, host: trunk-nightly-20190909-tk4cs-374463008, networkLocation: /default-rack, certSerialId: null}, Type:RATIS, Factor:ONE, State:OPEN]
2019-09-09 05:43:49,715 [IPC Server handler 6 on 39976] INFO  net.NetworkTopology (NetworkTopologyImpl.java:add(110)) - Added a new node: /default-rack/6fc22dfd-3a97-447f-a6d6-c779b06b49db
2019-09-09 05:43:49,715 [IPC Server handler 6 on 39976] INFO  node.SCMNodeManager (SCMNodeManager.java:register(266)) - Registered Data node : 6fc22dfd-3a97-447f-a6d6-c779b06b49db{ip: 192.168.34.6, host: trunk-nightly-20190909-tk4cs-374463008, networkLocation: /default-rack, certSerialId: null}
2019-09-09 05:43:49,721 [grpc-default-executor-0] INFO  impl.RaftServerProxy (RaftServerProxy.java:addNew(89)) - 6fc22dfd-3a97-447f-a6d6-c779b06b49db: addNew group-D45EBA88E10C:[6fc22dfd-3a97-447f-a6d6-c779b06b49db:192.168.34.6:37758] returns group-D45EBA88E10C:java.util.concurrent.CompletableFuture@44ecaf65[Not completed]
2019-09-09 05:43:49,722 [pool-429-thread-1] INFO  impl.RaftServerImpl (RaftServerImpl.java:<init>(95)) - 6fc22dfd-3a97-447f-a6d6-c779b06b49db: new RaftServerImpl for group-D45EBA88E10C:[6fc22dfd-3a97-447f-a6d6-c779b06b49db:192.168.34.6:37758] with ContainerStateMachine:uninitialized
2019-09-09 05:43:49,722 [pool-429-thread-1] INFO  server.RaftServerConfigKeys (ConfUtils.java:logGet(43)) - raft.server.rpc.timeout.min = 5s (custom)
2019-09-09 05:43:49,722 [pool-429-thread-1] INFO  server.RaftServerConfigKeys (ConfUtils.java:logGet(43)) - raft.server.rpc.timeout.max = 5200ms (custom)
2019-09-09 05:43:49,722 [pool-429-thread-1] INFO  server.RaftServerConfigKeys (ConfUtils.java:logGet(43)) - raft.server.rpcslowness.timeout = 120s (custom)
2019-09-09 05:43:49,722 [pool-429-thread-1] INFO  server.RaftServerConfigKeys (ConfUtils.java:logGet(43)) - raft.server.sleep.deviation.threshold = 300 (default)
2019-09-09 05:43:49,723 [pool-429-thread-1] INFO  server.RaftServerConfigKeys (ConfUtils.java:logGet(43)) - raft.server.log.appender.install.snapshot.enabled = false (custom)
2019-09-09 05:43:49,723 [pool-429-thread-1] INFO  impl.RaftServerImpl (ServerState.java:<init>(103)) - 6fc22dfd-3a97-447f-a6d6-c779b06b49db@group-D45EBA88E10C: ConfigurationManager, init=-1: [6fc22dfd-3a97-447f-a6d6-c779b06b49db:192.168.34.6:37758], old=null, confs=<EMPTY_MAP>
2019-09-09 05:43:49,723 [pool-429-thread-1] INFO  server.RaftServerConfigKeys (ConfUtils.java:logGet(43)) - raft.server.storage.dir = [/workdir/hadoop-ozone/integration-test/target/test-dir/MiniOzoneClusterImpl-a69cff32-9aaa-43e1-bc72-d1174bd05902/datanode-2/data/ratis] (custom)
2019-09-09 05:43:49,723 [pool-429-thread-1] INFO  storage.RaftStorageDirectory (RaftStorageDirectory.java:analyzeStorage(246)) - The storage directory /workdir/hadoop-ozone/integration-test/target/test-dir/MiniOzoneClusterImpl-a69cff32-9aaa-43e1-bc72-d1174bd05902/datanode-2/data/ratis/8f69261e-5061-482c-9837-d45eba88e10c does not exist. Creating ...
2019-09-09 05:43:49,736 [pool-429-thread-1] INFO  storage.RaftStorageDirectory (RaftStorageDirectory.java:tryLock(328)) - Lock on /workdir/hadoop-ozone/integration-test/target/test-dir/MiniOzoneClusterImpl-a69cff32-9aaa-43e1-bc72-d1174bd05902/datanode-2/data/ratis/8f69261e-5061-482c-9837-d45eba88e10c/in_use.lock acquired by nodename 4067@trunk-nightly-20190909-tk4cs-374463008
2019-09-09 05:43:49,750 [pool-429-thread-1] INFO  storage.RaftStorage (RaftStorage.java:format(72)) - Storage directory /workdir/hadoop-ozone/integration-test/target/test-dir/MiniOzoneClusterImpl-a69cff32-9aaa-43e1-bc72-d1174bd05902/datanode-2/data/ratis/8f69261e-5061-482c-9837-d45eba88e10c has been successfully formatted.
2019-09-09 05:43:49,750 [pool-429-thread-1] INFO  ratis.ContainerStateMachine (ContainerStateMachine.java:loadSnapshot(232)) - group-D45EBA88E10C: The snapshot info is null. Setting the last applied indexto:(t:0, i:~)
2019-09-09 05:43:49,750 [pool-429-thread-1] INFO  server.RaftServerConfigKeys (ConfUtils.java:logGet(43)) - raft.server.notification.no-leader.timeout = 120s (custom)
2019-09-09 05:43:49,750 [pool-429-thread-1] INFO  server.RaftServerConfigKeys (ConfUtils.java:logGet(43)) - raft.server.log.use.memory = false (default)
2019-09-09 05:43:49,750 [pool-429-thread-1] INFO  server.RaftServerConfigKeys (ConfUtils.java:logGet(43)) - raft.server.log.purge.gap = 1000000 (custom)
2019-09-09 05:43:49,750 [pool-429-thread-1] INFO  server.RaftServerConfigKeys (ConfUtils.java:logGet(43)) - raft.server.log.appender.buffer.byte-limit = 33554432 (custom)
2019-09-09 05:43:49,750 [pool-429-thread-1] INFO  server.RaftServerConfigKeys (ConfUtils.java:logGet(43)) - raft.server.log.segment.size.max = 1048576 (custom)
2019-09-09 05:43:49,750 [pool-429-thread-1] INFO  server.RaftServerConfigKeys (ConfUtils.java:logGet(43)) - raft.server.log.segment.cache.num.max = 2 (custom)
2019-09-09 05:43:49,751 [pool-429-thread-1] INFO  segmented.SegmentedRaftLogWorker (SegmentedRaftLogWorker.java:<init>(172)) - new 6fc22dfd-3a97-447f-a6d6-c779b06b49db@group-D45EBA88E10C-SegmentedRaftLogWorker for RaftStorage:Storage Directory /workdir/hadoop-ozone/integration-test/target/test-dir/MiniOzoneClusterImpl-a69cff32-9aaa-43e1-bc72-d1174bd05902/datanode-2/data/ratis/8f69261e-5061-482c-9837-d45eba88e10c
2019-09-09 05:43:49,752 [pool-429-thread-1] INFO  server.RaftServerConfigKeys (ConfUtils.java:logGet(43)) - raft.server.log.queue.byte-limit = 2147483647 (custom)
2019-09-09 05:43:49,752 [pool-429-thread-1] INFO  server.RaftServerConfigKeys (ConfUtils.java:logGet(43)) - raft.server.log.queue.element-limit = 1024 (custom)
2019-09-09 05:43:49,752 [pool-429-thread-1] INFO  server.RaftServerConfigKeys (ConfUtils.java:logGet(43)) - raft.server.log.segment.size.max = 1048576 (custom)
2019-09-09 05:43:49,752 [pool-429-thread-1] INFO  server.RaftServerConfigKeys (ConfUtils.java:logGet(43)) - raft.server.log.preallocated.size = 16384 (custom)
2019-09-09 05:43:49,752 [pool-429-thread-1] INFO  server.RaftServerConfigKeys (ConfUtils.java:logGet(43)) - raft.server.log.write.buffer.size = 33554432 (custom)
2019-09-09 05:43:49,752 [pool-429-thread-1] INFO  server.RaftServerConfigKeys (ConfUtils.java:logGet(43)) - raft.server.log.force.sync.num = 128 (default)
2019-09-09 05:43:49,752 [pool-429-thread-1] INFO  server.RaftServerConfigKeys (ConfUtils.java:logGet(43)) - raft.server.log.statemachine.data.sync = true (default)
2019-09-09 05:43:49,752 [pool-429-thread-1] INFO  server.RaftServerConfigKeys (ConfUtils.java:logGet(43)) - raft.server.log.statemachine.data.sync.timeout = 10s (default)
2019-09-09 05:43:49,752 [pool-429-thread-1] INFO  server.RaftServerConfigKeys (ConfUtils.java:logGet(43)) - raft.server.log.statemachine.data.sync.timeout.retry = -1 (default)
2019-09-09 05:43:49,753 [pool-429-thread-1] INFO  server.RaftServerConfigKeys (ConfUtils.java:logGet(43)) - raft.server.log.statemachine.data.caching.enabled = true (custom)
2019-09-09 05:43:49,753 [pool-429-thread-1] INFO  segmented.SegmentedRaftLogWorker (SegmentedRaftLogWorker.java:lambda$new$0(132)) - 6fc22dfd-3a97-447f-a6d6-c779b06b49db@group-D45EBA88E10C-SegmentedRaftLogWorker: flushIndex: setUnconditionally 0 -> -1
2019-09-09 05:43:49,753 [pool-429-thread-1] INFO  server.RaftServerConfigKeys (ConfUtils.java:logGet(43)) - raft.server.snapshot.auto.trigger.enabled = true (custom)
2019-09-09 05:43:49,753 [pool-429-thread-1] INFO  server.RaftServerConfigKeys (ConfUtils.java:logGet(43)) - raft.server.snapshot.auto.trigger.threshold = 10000 (custom)
2019-09-09 05:43:49,753 [pool-429-thread-1] INFO  server.RaftServerConfigKeys (ConfUtils.java:logGet(43)) - raft.server.snapshot.retention.num.files = -1 (default)
2019-09-09 05:43:49,753 [pool-429-thread-1] INFO  server.RaftServerConfigKeys (ConfUtils.java:logGet(43)) - raft.server.retrycache.expirytime = 600000ms (custom)
2019-09-09 05:43:49,754 [pool-429-thread-1] INFO  impl.RaftServerImpl (RaftServerImpl.java:start(185)) - 6fc22dfd-3a97-447f-a6d6-c779b06b49db@group-D45EBA88E10C: start as a follower, conf=-1: [6fc22dfd-3a97-447f-a6d6-c779b06b49db:192.168.34.6:37758], old=null
2019-09-09 05:43:49,754 [pool-429-thread-1] INFO  impl.RaftServerImpl (RaftServerImpl.java:setRole(174)) - 6fc22dfd-3a97-447f-a6d6-c779b06b49db@group-D45EBA88E10C: changes role from      null to FOLLOWER at term 0 for startAsFollower
2019-09-09 05:43:49,755 [pool-429-thread-1] INFO  impl.RoleInfo (RoleInfo.java:updateAndGet(143)) - 6fc22dfd-3a97-447f-a6d6-c779b06b49db: start FollowerState
2019-09-09 05:43:49,755 [pool-429-thread-1] INFO  util.JmxRegister (JmxRegister.java:tryRegister(44)) - Successfully registered JMX Bean with object name Ratis:service=RaftServer,group=group-D45EBA88E10C,id=6fc22dfd-3a97-447f-a6d6-c779b06b49db
2019-09-09 05:43:49,758 [RatisPipelineUtilsThread] INFO  pipeline.PipelineStateManager (PipelineStateManager.java:addPipeline(56)) - Created pipeline Pipeline[ Id: 8f69261e-5061-482c-9837-d45eba88e10c, Nodes: 6fc22dfd-3a97-447f-a6d6-c779b06b49db{ip: 192.168.34.6, host: trunk-nightly-20190909-tk4cs-374463008, networkLocation: /default-rack, certSerialId: null}, Type:RATIS, Factor:ONE, State:OPEN]
2019-09-09 05:43:49,768 [grpc-default-executor-4] INFO  impl.RaftServerProxy (RaftServerProxy.java:addNew(89)) - eb1f2c76-46e5-42c5-beea-0ca89a39be26: addNew group-E6A06FFDB88D:[eb1f2c76-46e5-42c5-beea-0ca89a39be26:192.168.34.6:38837, 7266534e-3c5c-4a76-a198-926e09974878:192.168.34.6:44088, 6fc22dfd-3a97-447f-a6d6-c779b06b49db:192.168.34.6:37758] returns group-E6A06FFDB88D:java.util.concurrent.CompletableFuture@376ac773[Not completed]
2019-09-09 05:43:49,768 [grpc-default-executor-7] INFO  impl.RaftServerProxy (RaftServerProxy.java:addNew(89)) - 7266534e-3c5c-4a76-a198-926e09974878: addNew group-E6A06FFDB88D:[eb1f2c76-46e5-42c5-beea-0ca89a39be26:192.168.34.6:38837, 7266534e-3c5c-4a76-a198-926e09974878:192.168.34.6:44088, 6fc22dfd-3a97-447f-a6d6-c779b06b49db:192.168.34.6:37758] returns group-E6A06FFDB88D:java.util.concurrent.CompletableFuture@417dda63[Not completed]
2019-09-09 05:43:49,770 [grpc-default-executor-0] INFO  impl.RaftServerProxy (RaftServerProxy.java:addNew(89)) - 6fc22dfd-3a97-447f-a6d6-c779b06b49db: addNew group-E6A06FFDB88D:[eb1f2c76-46e5-42c5-beea-0ca89a39be26:192.168.34.6:38837, 7266534e-3c5c-4a76-a198-926e09974878:192.168.34.6:44088, 6fc22dfd-3a97-447f-a6d6-c779b06b49db:192.168.34.6:37758] returns group-E6A06FFDB88D:java.util.concurrent.CompletableFuture@2808f973[Not completed]
2019-09-09 05:43:49,770 [pool-419-thread-1] INFO  impl.RaftServerImpl (RaftServerImpl.java:<init>(95)) - eb1f2c76-46e5-42c5-beea-0ca89a39be26: new RaftServerImpl for group-E6A06FFDB88D:[eb1f2c76-46e5-42c5-beea-0ca89a39be26:192.168.34.6:38837, 7266534e-3c5c-4a76-a198-926e09974878:192.168.34.6:44088, 6fc22dfd-3a97-447f-a6d6-c779b06b49db:192.168.34.6:37758] with ContainerStateMachine:uninitialized
2019-09-09 05:43:49,770 [IPC Server handler 7 on 39976] INFO  net.NetworkTopology (NetworkTopologyImpl.java:add(110)) - Added a new node: /default-rack/bc5c2372-d7f1-4de5-bb1b-5feb1335ebc5
2019-09-09 05:43:49,770 [pool-419-thread-1] INFO  server.RaftServerConfigKeys (ConfUtils.java:logGet(43)) - raft.server.rpc.timeout.min = 5s (custom)
2019-09-09 05:43:49,771 [IPC Server handler 7 on 39976] INFO  node.SCMNodeManager (SCMNodeManager.java:register(266)) - Registered Data node : bc5c2372-d7f1-4de5-bb1b-5feb1335ebc5{ip: 192.168.34.6, host: trunk-nightly-20190909-tk4cs-374463008, networkLocation: /default-rack, certSerialId: null}
2019-09-09 05:43:49,771 [pool-409-thread-1] INFO  impl.RaftServerImpl (RaftServerImpl.java:<init>(95)) - 7266534e-3c5c-4a76-a198-926e09974878: new RaftServerImpl for group-E6A06FFDB88D:[eb1f2c76-46e5-42c5-beea-0ca89a39be26:192.168.34.6:38837, 7266534e-3c5c-4a76-a198-926e09974878:192.168.34.6:44088, 6fc22dfd-3a97-447f-a6d6-c779b06b49db:192.168.34.6:37758] with ContainerStateMachine:uninitialized
2019-09-09 05:43:49,771 [pool-419-thread-1] INFO  server.RaftServerConfigKeys (ConfUtils.java:logGet(43)) - raft.server.rpc.timeout.max = 5200ms (custom)
2019-09-09 05:43:49,771 [pool-409-thread-1] INFO  server.RaftServerConfigKeys (ConfUtils.java:logGet(43)) - raft.server.rpc.timeout.min = 5s (custom)
2019-09-09 05:43:49,771 [pool-429-thread-1] INFO  impl.RaftServerImpl (RaftServerImpl.java:<init>(95)) - 6fc22dfd-3a97-447f-a6d6-c779b06b49db: new RaftServerImpl for group-E6A06FFDB88D:[eb1f2c76-46e5-42c5-beea-0ca89a39be26:192.168.34.6:38837, 7266534e-3c5c-4a76-a198-926e09974878:192.168.34.6:44088, 6fc22dfd-3a97-447f-a6d6-c779b06b49db:192.168.34.6:37758] with ContainerStateMachine:uninitialized
2019-09-09 05:43:49,771 [pool-419-thread-1] INFO  server.RaftServerConfigKeys (ConfUtils.java:logGet(43)) - raft.server.rpcslowness.timeout = 120s (custom)
2019-09-09 05:43:49,771 [pool-429-thread-1] INFO  server.RaftServerConfigKeys (ConfUtils.java:logGet(43)) - raft.server.rpc.timeout.min = 5s (custom)
2019-09-09 05:43:49,771 [pool-409-thread-1] INFO  server.RaftServerConfigKeys (ConfUtils.java:logGet(43)) - raft.server.rpc.timeout.max = 5200ms (custom)
2019-09-09 05:43:49,771 [pool-429-thread-1] INFO  server.RaftServerConfigKeys (ConfUtils.java:logGet(43)) - raft.server.rpc.timeout.max = 5200ms (custom)
2019-09-09 05:43:49,771 [pool-419-thread-1] INFO  server.RaftServerConfigKeys (ConfUtils.java:logGet(43)) - raft.server.sleep.deviation.threshold = 300 (default)
2019-09-09 05:43:49,771 [pool-429-thread-1] INFO  server.RaftServerConfigKeys (ConfUtils.java:logGet(43)) - raft.server.rpcslowness.timeout = 120s (custom)
2019-09-09 05:43:49,771 [pool-409-thread-1] INFO  server.RaftServerConfigKeys (ConfUtils.java:logGet(43)) - raft.server.rpcslowness.timeout = 120s (custom)
2019-09-09 05:43:49,772 [pool-429-thread-1] INFO  server.RaftServerConfigKeys (ConfUtils.java:logGet(43)) - raft.server.sleep.deviation.threshold = 300 (default)
2019-09-09 05:43:49,771 [pool-419-thread-1] INFO  server.RaftServerConfigKeys (ConfUtils.java:logGet(43)) - raft.server.log.appender.install.snapshot.enabled = false (custom)
2019-09-09 05:43:49,772 [pool-429-thread-1] INFO  server.RaftServerConfigKeys (ConfUtils.java:logGet(43)) - raft.server.log.appender.install.snapshot.enabled = false (custom)
2019-09-09 05:43:49,772 [pool-409-thread-1] INFO  server.RaftServerConfigKeys (ConfUtils.java:logGet(43)) - raft.server.sleep.deviation.threshold = 300 (default)
2019-09-09 05:43:49,772 [pool-429-thread-1] INFO  impl.RaftServerImpl (ServerState.java:<init>(103)) - 6fc22dfd-3a97-447f-a6d6-c779b06b49db@group-E6A06FFDB88D: ConfigurationManager, init=-1: [eb1f2c76-46e5-42c5-beea-0ca89a39be26:192.168.34.6:38837, 7266534e-3c5c-4a76-a198-926e09974878:192.168.34.6:44088, 6fc22dfd-3a97-447f-a6d6-c779b06b49db:192.168.34.6:37758], old=null, confs=<EMPTY_MAP>
2019-09-09 05:43:49,772 [pool-419-thread-1] INFO  impl.RaftServerImpl (ServerState.java:<init>(103)) - eb1f2c76-46e5-42c5-beea-0ca89a39be26@group-E6A06FFDB88D: ConfigurationManager, init=-1: [eb1f2c76-46e5-42c5-beea-0ca89a39be26:192.168.34.6:38837, 7266534e-3c5c-4a76-a198-926e09974878:192.168.34.6:44088, 6fc22dfd-3a97-447f-a6d6-c779b06b49db:192.168.34.6:37758], old=null, confs=<EMPTY_MAP>
2019-09-09 05:43:49,772 [pool-429-thread-1] INFO  server.RaftServerConfigKeys (ConfUtils.java:logGet(43)) - raft.server.storage.dir = [/workdir/hadoop-ozone/integration-test/target/test-dir/MiniOzoneClusterImpl-a69cff32-9aaa-43e1-bc72-d1174bd05902/datanode-2/data/ratis] (custom)
2019-09-09 05:43:49,772 [pool-409-thread-1] INFO  server.RaftServerConfigKeys (ConfUtils.java:logGet(43)) - raft.server.log.appender.install.snapshot.enabled = false (custom)
2019-09-09 05:43:49,772 [pool-419-thread-1] INFO  server.RaftServerConfigKeys (ConfUtils.java:logGet(43)) - raft.server.storage.dir = [/workdir/hadoop-ozone/integration-test/target/test-dir/MiniOzoneClusterImpl-a69cff32-9aaa-43e1-bc72-d1174bd05902/datanode-1/data/ratis] (custom)
2019-09-09 05:43:49,772 [pool-409-thread-1] INFO  impl.RaftServerImpl (ServerState.java:<init>(103)) - 7266534e-3c5c-4a76-a198-926e09974878@group-E6A06FFDB88D: ConfigurationManager, init=-1: [eb1f2c76-46e5-42c5-beea-0ca89a39be26:192.168.34.6:38837, 7266534e-3c5c-4a76-a198-926e09974878:192.168.34.6:44088, 6fc22dfd-3a97-447f-a6d6-c779b06b49db:192.168.34.6:37758], old=null, confs=<EMPTY_MAP>
2019-09-09 05:43:49,772 [pool-429-thread-1] INFO  storage.RaftStorageDirectory (RaftStorageDirectory.java:analyzeStorage(246)) - The storage directory /workdir/hadoop-ozone/integration-test/target/test-dir/MiniOzoneClusterImpl-a69cff32-9aaa-43e1-bc72-d1174bd05902/datanode-2/data/ratis/0fac219c-c5d6-462e-99a2-e6a06ffdb88d does not exist. Creating ...
2019-09-09 05:43:49,772 [pool-419-thread-1] INFO  storage.RaftStorageDirectory (RaftStorageDirectory.java:analyzeStorage(246)) - The storage directory /workdir/hadoop-ozone/integration-test/target/test-dir/MiniOzoneClusterImpl-a69cff32-9aaa-43e1-bc72-d1174bd05902/datanode-1/data/ratis/0fac219c-c5d6-462e-99a2-e6a06ffdb88d does not exist. Creating ...
2019-09-09 05:43:49,772 [pool-409-thread-1] INFO  server.RaftServerConfigKeys (ConfUtils.java:logGet(43)) - raft.server.storage.dir = [/workdir/hadoop-ozone/integration-test/target/test-dir/MiniOzoneClusterImpl-a69cff32-9aaa-43e1-bc72-d1174bd05902/datanode-0/data/ratis] (custom)
2019-09-09 05:43:49,773 [pool-409-thread-1] INFO  storage.RaftStorageDirectory (RaftStorageDirectory.java:analyzeStorage(246)) - The storage directory /workdir/hadoop-ozone/integration-test/target/test-dir/MiniOzoneClusterImpl-a69cff32-9aaa-43e1-bc72-d1174bd05902/datanode-0/data/ratis/0fac219c-c5d6-462e-99a2-e6a06ffdb88d does not exist. Creating ...
2019-09-09 05:43:49,786 [pool-409-thread-1] INFO  storage.RaftStorageDirectory (RaftStorageDirectory.java:tryLock(328)) - Lock on /workdir/hadoop-ozone/integration-test/target/test-dir/MiniOzoneClusterImpl-a69cff32-9aaa-43e1-bc72-d1174bd05902/datanode-0/data/ratis/0fac219c-c5d6-462e-99a2-e6a06ffdb88d/in_use.lock acquired by nodename 4067@trunk-nightly-20190909-tk4cs-374463008
2019-09-09 05:43:49,786 [pool-419-thread-1] INFO  storage.RaftStorageDirectory (RaftStorageDirectory.java:tryLock(328)) - Lock on /workdir/hadoop-ozone/integration-test/target/test-dir/MiniOzoneClusterImpl-a69cff32-9aaa-43e1-bc72-d1174bd05902/datanode-1/data/ratis/0fac219c-c5d6-462e-99a2-e6a06ffdb88d/in_use.lock acquired by nodename 4067@trunk-nightly-20190909-tk4cs-374463008
2019-09-09 05:43:49,786 [pool-429-thread-1] INFO  storage.RaftStorageDirectory (RaftStorageDirectory.java:tryLock(328)) - Lock on /workdir/hadoop-ozone/integration-test/target/test-dir/MiniOzoneClusterImpl-a69cff32-9aaa-43e1-bc72-d1174bd05902/datanode-2/data/ratis/0fac219c-c5d6-462e-99a2-e6a06ffdb88d/in_use.lock acquired by nodename 4067@trunk-nightly-20190909-tk4cs-374463008
2019-09-09 05:43:49,801 [pool-419-thread-1] INFO  storage.RaftStorage (RaftStorage.java:format(72)) - Storage directory /workdir/hadoop-ozone/integration-test/target/test-dir/MiniOzoneClusterImpl-a69cff32-9aaa-43e1-bc72-d1174bd05902/datanode-1/data/ratis/0fac219c-c5d6-462e-99a2-e6a06ffdb88d has been successfully formatted.
2019-09-09 05:43:49,801 [pool-429-thread-1] INFO  storage.RaftStorage (RaftStorage.java:format(72)) - Storage directory /workdir/hadoop-ozone/integration-test/target/test-dir/MiniOzoneClusterImpl-a69cff32-9aaa-43e1-bc72-d1174bd05902/datanode-2/data/ratis/0fac219c-c5d6-462e-99a2-e6a06ffdb88d has been successfully formatted.
2019-09-09 05:43:49,801 [pool-419-thread-1] INFO  ratis.ContainerStateMachine (ContainerStateMachine.java:loadSnapshot(232)) - group-E6A06FFDB88D: The snapshot info is null. Setting the last applied indexto:(t:0, i:~)
2019-09-09 05:43:49,801 [pool-429-thread-1] INFO  ratis.ContainerStateMachine (ContainerStateMachine.java:loadSnapshot(232)) - group-E6A06FFDB88D: The snapshot info is null. Setting the last applied indexto:(t:0, i:~)
2019-09-09 05:43:49,802 [pool-419-thread-1] INFO  server.RaftServerConfigKeys (ConfUtils.java:logGet(43)) - raft.server.notification.no-leader.timeout = 120s (custom)
2019-09-09 05:43:49,802 [pool-429-thread-1] INFO  server.RaftServerConfigKeys (ConfUtils.java:logGet(43)) - raft.server.notification.no-leader.timeout = 120s (custom)
2019-09-09 05:43:49,802 [pool-409-thread-1] INFO  storage.RaftStorage (RaftStorage.java:format(72)) - Storage directory /workdir/hadoop-ozone/integration-test/target/test-dir/MiniOzoneClusterImpl-a69cff32-9aaa-43e1-bc72-d1174bd05902/datanode-0/data/ratis/0fac219c-c5d6-462e-99a2-e6a06ffdb88d has been successfully formatted.
2019-09-09 05:43:49,802 [pool-419-thread-1] INFO  server.RaftServerConfigKeys (ConfUtils.java:logGet(43)) - raft.server.log.use.memory = false (default)
2019-09-09 05:43:49,802 [pool-409-thread-1] INFO  ratis.ContainerStateMachine (ContainerStateMachine.java:loadSnapshot(232)) - group-E6A06FFDB88D: The snapshot info is null. Setting the last applied indexto:(t:0, i:~)
2019-09-09 05:43:49,802 [pool-409-thread-1] INFO  server.RaftServerConfigKeys (ConfUtils.java:logGet(43)) - raft.server.notification.no-leader.timeout = 120s (custom)
2019-09-09 05:43:49,802 [pool-409-thread-1] INFO  server.RaftServerConfigKeys (ConfUtils.java:logGet(43)) - raft.server.log.use.memory = false (default)
2019-09-09 05:43:49,803 [pool-409-thread-1] INFO  server.RaftServerConfigKeys (ConfUtils.java:logGet(43)) - raft.server.log.purge.gap = 1000000 (custom)
2019-09-09 05:43:49,803 [pool-409-thread-1] INFO  server.RaftServerConfigKeys (ConfUtils.java:logGet(43)) - raft.server.log.appender.buffer.byte-limit = 33554432 (custom)
2019-09-09 05:43:49,803 [pool-409-thread-1] INFO  server.RaftServerConfigKeys (ConfUtils.java:logGet(43)) - raft.server.log.segment.size.max = 1048576 (custom)
2019-09-09 05:43:49,803 [pool-409-thread-1] INFO  server.RaftServerConfigKeys (ConfUtils.java:logGet(43)) - raft.server.log.segment.cache.num.max = 2 (custom)
2019-09-09 05:43:49,803 [pool-409-thread-1] INFO  segmented.SegmentedRaftLogWorker (SegmentedRaftLogWorker.java:<init>(172)) - new 7266534e-3c5c-4a76-a198-926e09974878@group-E6A06FFDB88D-SegmentedRaftLogWorker for RaftStorage:Storage Directory /workdir/hadoop-ozone/integration-test/target/test-dir/MiniOzoneClusterImpl-a69cff32-9aaa-43e1-bc72-d1174bd05902/datanode-0/data/ratis/0fac219c-c5d6-462e-99a2-e6a06ffdb88d
2019-09-09 05:43:49,803 [pool-409-thread-1] INFO  server.RaftServerConfigKeys (ConfUtils.java:logGet(43)) - raft.server.log.queue.byte-limit = 2147483647 (custom)
2019-09-09 05:43:49,803 [pool-409-thread-1] INFO  server.RaftServerConfigKeys (ConfUtils.java:logGet(43)) - raft.server.log.queue.element-limit = 1024 (custom)
2019-09-09 05:43:49,803 [pool-409-thread-1] INFO  server.RaftServerConfigKeys (ConfUtils.java:logGet(43)) - raft.server.log.segment.size.max = 1048576 (custom)
2019-09-09 05:43:49,803 [pool-409-thread-1] INFO  server.RaftServerConfigKeys (ConfUtils.java:logGet(43)) - raft.server.log.preallocated.size = 16384 (custom)
2019-09-09 05:43:49,803 [pool-409-thread-1] INFO  server.RaftServerConfigKeys (ConfUtils.java:logGet(43)) - raft.server.log.write.buffer.size = 33554432 (custom)
2019-09-09 05:43:49,804 [pool-409-thread-1] INFO  server.RaftServerConfigKeys (ConfUtils.java:logGet(43)) - raft.server.log.force.sync.num = 128 (default)
2019-09-09 05:43:49,804 [pool-409-thread-1] INFO  server.RaftServerConfigKeys (ConfUtils.java:logGet(43)) - raft.server.log.statemachine.data.sync = true (default)
2019-09-09 05:43:49,802 [pool-429-thread-1] INFO  server.RaftServerConfigKeys (ConfUtils.java:logGet(43)) - raft.server.log.use.memory = false (default)
2019-09-09 05:43:49,804 [pool-409-thread-1] INFO  server.RaftServerConfigKeys (ConfUtils.java:logGet(43)) - raft.server.log.statemachine.data.sync.timeout = 10s (default)
2019-09-09 05:43:49,802 [pool-419-thread-1] INFO  server.RaftServerConfigKeys (ConfUtils.java:logGet(43)) - raft.server.log.purge.gap = 1000000 (custom)
2019-09-09 05:43:49,804 [pool-409-thread-1] INFO  server.RaftServerConfigKeys (ConfUtils.java:logGet(43)) - raft.server.log.statemachine.data.sync.timeout.retry = -1 (default)
2019-09-09 05:43:49,804 [pool-409-thread-1] INFO  server.RaftServerConfigKeys (ConfUtils.java:logGet(43)) - raft.server.log.statemachine.data.caching.enabled = true (custom)
2019-09-09 05:43:49,804 [pool-429-thread-1] INFO  server.RaftServerConfigKeys (ConfUtils.java:logGet(43)) - raft.server.log.purge.gap = 1000000 (custom)
2019-09-09 05:43:49,805 [pool-409-thread-1] INFO  segmented.SegmentedRaftLogWorker (SegmentedRaftLogWorker.java:lambda$new$0(132)) - 7266534e-3c5c-4a76-a198-926e09974878@group-E6A06FFDB88D-SegmentedRaftLogWorker: flushIndex: setUnconditionally 0 -> -1
2019-09-09 05:43:49,804 [pool-419-thread-1] INFO  server.RaftServerConfigKeys (ConfUtils.java:logGet(43)) - raft.server.log.appender.buffer.byte-limit = 33554432 (custom)
2019-09-09 05:43:49,805 [pool-429-thread-1] INFO  server.RaftServerConfigKeys (ConfUtils.java:logGet(43)) - raft.server.log.appender.buffer.byte-limit = 33554432 (custom)
2019-09-09 05:43:49,805 [pool-419-thread-1] INFO  server.RaftServerConfigKeys (ConfUtils.java:logGet(43)) - raft.server.log.segment.size.max = 1048576 (custom)
2019-09-09 05:43:49,805 [pool-419-thread-1] INFO  server.RaftServerConfigKeys (ConfUtils.java:logGet(43)) - raft.server.log.segment.cache.num.max = 2 (custom)
2019-09-09 05:43:49,805 [pool-419-thread-1] INFO  segmented.SegmentedRaftLogWorker (SegmentedRaftLogWorker.java:<init>(172)) - new eb1f2c76-46e5-42c5-beea-0ca89a39be26@group-E6A06FFDB88D-SegmentedRaftLogWorker for RaftStorage:Storage Directory /workdir/hadoop-ozone/integration-test/target/test-dir/MiniOzoneClusterImpl-a69cff32-9aaa-43e1-bc72-d1174bd05902/datanode-1/data/ratis/0fac219c-c5d6-462e-99a2-e6a06ffdb88d
2019-09-09 05:43:49,805 [pool-419-thread-1] INFO  server.RaftServerConfigKeys (ConfUtils.java:logGet(43)) - raft.server.log.queue.byte-limit = 2147483647 (custom)
2019-09-09 05:43:49,805 [pool-419-thread-1] INFO  server.RaftServerConfigKeys (ConfUtils.java:logGet(43)) - raft.server.log.queue.element-limit = 1024 (custom)
2019-09-09 05:43:49,806 [pool-419-thread-1] INFO  server.RaftServerConfigKeys (ConfUtils.java:logGet(43)) - raft.server.log.segment.size.max = 1048576 (custom)
2019-09-09 05:43:49,806 [pool-419-thread-1] INFO  server.RaftServerConfigKeys (ConfUtils.java:logGet(43)) - raft.server.log.preallocated.size = 16384 (custom)
2019-09-09 05:43:49,806 [pool-419-thread-1] INFO  server.RaftServerConfigKeys (ConfUtils.java:logGet(43)) - raft.server.log.write.buffer.size = 33554432 (custom)
2019-09-09 05:43:49,806 [pool-419-thread-1] INFO  server.RaftServerConfigKeys (ConfUtils.java:logGet(43)) - raft.server.log.force.sync.num = 128 (default)
2019-09-09 05:43:49,806 [pool-419-thread-1] INFO  server.RaftServerConfigKeys (ConfUtils.java:logGet(43)) - raft.server.log.statemachine.data.sync = true (default)
2019-09-09 05:43:49,806 [pool-419-thread-1] INFO  server.RaftServerConfigKeys (ConfUtils.java:logGet(43)) - raft.server.log.statemachine.data.sync.timeout = 10s (default)
2019-09-09 05:43:49,805 [pool-409-thread-1] INFO  server.RaftServerConfigKeys (ConfUtils.java:logGet(43)) - raft.server.snapshot.auto.trigger.enabled = true (custom)
2019-09-09 05:43:49,806 [pool-419-thread-1] INFO  server.RaftServerConfigKeys (ConfUtils.java:logGet(43)) - raft.server.log.statemachine.data.sync.timeout.retry = -1 (default)
2019-09-09 05:43:49,805 [pool-429-thread-1] INFO  server.RaftServerConfigKeys (ConfUtils.java:logGet(43)) - raft.server.log.segment.size.max = 1048576 (custom)
2019-09-09 05:43:49,806 [pool-419-thread-1] INFO  server.RaftServerConfigKeys (ConfUtils.java:logGet(43)) - raft.server.log.statemachine.data.caching.enabled = true (custom)
2019-09-09 05:43:49,806 [pool-409-thread-1] INFO  server.RaftServerConfigKeys (ConfUtils.java:logGet(43)) - raft.server.snapshot.auto.trigger.threshold = 10000 (custom)
2019-09-09 05:43:49,807 [pool-419-thread-1] INFO  segmented.SegmentedRaftLogWorker (SegmentedRaftLogWorker.java:lambda$new$0(132)) - eb1f2c76-46e5-42c5-beea-0ca89a39be26@group-E6A06FFDB88D-SegmentedRaftLogWorker: flushIndex: setUnconditionally 0 -> -1
2019-09-09 05:43:49,807 [pool-429-thread-1] INFO  server.RaftServerConfigKeys (ConfUtils.java:logGet(43)) - raft.server.log.segment.cache.num.max = 2 (custom)
2019-09-09 05:43:49,807 [pool-419-thread-1] INFO  server.RaftServerConfigKeys (ConfUtils.java:logGet(43)) - raft.server.snapshot.auto.trigger.enabled = true (custom)
2019-09-09 05:43:49,807 [pool-409-thread-1] INFO  server.RaftServerConfigKeys (ConfUtils.java:logGet(43)) - raft.server.snapshot.retention.num.files = -1 (default)
2019-09-09 05:43:49,807 [pool-419-thread-1] INFO  server.RaftServerConfigKeys (ConfUtils.java:logGet(43)) - raft.server.snapshot.auto.trigger.threshold = 10000 (custom)
2019-09-09 05:43:49,807 [pool-429-thread-1] INFO  segmented.SegmentedRaftLogWorker (SegmentedRaftLogWorker.java:<init>(172)) - new 6fc22dfd-3a97-447f-a6d6-c779b06b49db@group-E6A06FFDB88D-SegmentedRaftLogWorker for RaftStorage:Storage Directory /workdir/hadoop-ozone/integration-test/target/test-dir/MiniOzoneClusterImpl-a69cff32-9aaa-43e1-bc72-d1174bd05902/datanode-2/data/ratis/0fac219c-c5d6-462e-99a2-e6a06ffdb88d
2019-09-09 05:43:49,807 [pool-419-thread-1] INFO  server.RaftServerConfigKeys (ConfUtils.java:logGet(43)) - raft.server.snapshot.retention.num.files = -1 (default)
2019-09-09 05:43:49,807 [pool-409-thread-1] INFO  server.RaftServerConfigKeys (ConfUtils.java:logGet(43)) - raft.server.retrycache.expirytime = 600000ms (custom)
2019-09-09 05:43:49,807 [pool-419-thread-1] INFO  server.RaftServerConfigKeys (ConfUtils.java:logGet(43)) - raft.server.retrycache.expirytime = 600000ms (custom)
2019-09-09 05:43:49,807 [pool-429-thread-1] INFO  server.RaftServerConfigKeys (ConfUtils.java:logGet(43)) - raft.server.log.queue.byte-limit = 2147483647 (custom)
2019-09-09 05:43:49,808 [pool-429-thread-1] INFO  server.RaftServerConfigKeys (ConfUtils.java:logGet(43)) - raft.server.log.queue.element-limit = 1024 (custom)
2019-09-09 05:43:49,808 [pool-429-thread-1] INFO  server.RaftServerConfigKeys (ConfUtils.java:logGet(43)) - raft.server.log.segment.size.max = 1048576 (custom)
2019-09-09 05:43:49,808 [pool-429-thread-1] INFO  server.RaftServerConfigKeys (ConfUtils.java:logGet(43)) - raft.server.log.preallocated.size = 16384 (custom)
2019-09-09 05:43:49,808 [pool-429-thread-1] INFO  server.RaftServerConfigKeys (ConfUtils.java:logGet(43)) - raft.server.log.write.buffer.size = 33554432 (custom)
2019-09-09 05:43:49,808 [pool-429-thread-1] INFO  server.RaftServerConfigKeys (ConfUtils.java:logGet(43)) - raft.server.log.force.sync.num = 128 (default)
2019-09-09 05:43:49,808 [pool-429-thread-1] INFO  server.RaftServerConfigKeys (ConfUtils.java:logGet(43)) - raft.server.log.statemachine.data.sync = true (default)
2019-09-09 05:43:49,809 [pool-429-thread-1] INFO  server.RaftServerConfigKeys (ConfUtils.java:logGet(43)) - raft.server.log.statemachine.data.sync.timeout = 10s (default)
2019-09-09 05:43:49,809 [pool-429-thread-1] INFO  server.RaftServerConfigKeys (ConfUtils.java:logGet(43)) - raft.server.log.statemachine.data.sync.timeout.retry = -1 (default)
2019-09-09 05:43:49,809 [pool-429-thread-1] INFO  server.RaftServerConfigKeys (ConfUtils.java:logGet(43)) - raft.server.log.statemachine.data.caching.enabled = true (custom)
2019-09-09 05:43:49,809 [pool-429-thread-1] INFO  segmented.SegmentedRaftLogWorker (SegmentedRaftLogWorker.java:lambda$new$0(132)) - 6fc22dfd-3a97-447f-a6d6-c779b06b49db@group-E6A06FFDB88D-SegmentedRaftLogWorker: flushIndex: setUnconditionally 0 -> -1
2019-09-09 05:43:49,809 [pool-429-thread-1] INFO  server.RaftServerConfigKeys (ConfUtils.java:logGet(43)) - raft.server.snapshot.auto.trigger.enabled = true (custom)
2019-09-09 05:43:49,810 [pool-429-thread-1] INFO  server.RaftServerConfigKeys (ConfUtils.java:logGet(43)) - raft.server.snapshot.auto.trigger.threshold = 10000 (custom)
2019-09-09 05:43:49,810 [pool-429-thread-1] INFO  server.RaftServerConfigKeys (ConfUtils.java:logGet(43)) - raft.server.snapshot.retention.num.files = -1 (default)
2019-09-09 05:43:49,810 [pool-419-thread-1] INFO  impl.RaftServerImpl (RaftServerImpl.java:start(185)) - eb1f2c76-46e5-42c5-beea-0ca89a39be26@group-E6A06FFDB88D: start as a follower, conf=-1: [eb1f2c76-46e5-42c5-beea-0ca89a39be26:192.168.34.6:38837, 7266534e-3c5c-4a76-a198-926e09974878:192.168.34.6:44088, 6fc22dfd-3a97-447f-a6d6-c779b06b49db:192.168.34.6:37758], old=null
2019-09-09 05:43:49,810 [pool-409-thread-1] INFO  impl.RaftServerImpl (RaftServerImpl.java:start(185)) - 7266534e-3c5c-4a76-a198-926e09974878@group-E6A06FFDB88D: start as a follower, conf=-1: [eb1f2c76-46e5-42c5-beea-0ca89a39be26:192.168.34.6:38837, 7266534e-3c5c-4a76-a198-926e09974878:192.168.34.6:44088, 6fc22dfd-3a97-447f-a6d6-c779b06b49db:192.168.34.6:37758], old=null
2019-09-09 05:43:49,810 [pool-419-thread-1] INFO  impl.RaftServerImpl (RaftServerImpl.java:setRole(174)) - eb1f2c76-46e5-42c5-beea-0ca89a39be26@group-E6A06FFDB88D: changes role from      null to FOLLOWER at term 0 for startAsFollower
2019-09-09 05:43:49,810 [pool-429-thread-1] INFO  server.RaftServerConfigKeys (ConfUtils.java:logGet(43)) - raft.server.retrycache.expirytime = 600000ms (custom)
2019-09-09 05:43:49,810 [pool-419-thread-1] INFO  impl.RoleInfo (RoleInfo.java:updateAndGet(143)) - eb1f2c76-46e5-42c5-beea-0ca89a39be26: start FollowerState
2019-09-09 05:43:49,810 [pool-409-thread-1] INFO  impl.RaftServerImpl (RaftServerImpl.java:setRole(174)) - 7266534e-3c5c-4a76-a198-926e09974878@group-E6A06FFDB88D: changes role from      null to FOLLOWER at term 0 for startAsFollower
2019-09-09 05:43:49,810 [pool-409-thread-1] INFO  impl.RoleInfo (RoleInfo.java:updateAndGet(143)) - 7266534e-3c5c-4a76-a198-926e09974878: start FollowerState
2019-09-09 05:43:49,810 [pool-419-thread-1] INFO  util.JmxRegister (JmxRegister.java:tryRegister(44)) - Successfully registered JMX Bean with object name Ratis:service=RaftServer,group=group-E6A06FFDB88D,id=eb1f2c76-46e5-42c5-beea-0ca89a39be26
2019-09-09 05:43:49,811 [pool-409-thread-1] INFO  util.JmxRegister (JmxRegister.java:tryRegister(44)) - Successfully registered JMX Bean with object name Ratis:service=RaftServer,group=group-E6A06FFDB88D,id=7266534e-3c5c-4a76-a198-926e09974878
2019-09-09 05:43:49,815 [pool-429-thread-1] INFO  impl.RaftServerImpl (RaftServerImpl.java:start(185)) - 6fc22dfd-3a97-447f-a6d6-c779b06b49db@group-E6A06FFDB88D: start as a follower, conf=-1: [eb1f2c76-46e5-42c5-beea-0ca89a39be26:192.168.34.6:38837, 7266534e-3c5c-4a76-a198-926e09974878:192.168.34.6:44088, 6fc22dfd-3a97-447f-a6d6-c779b06b49db:192.168.34.6:37758], old=null
2019-09-09 05:43:49,815 [pool-429-thread-1] INFO  impl.RaftServerImpl (RaftServerImpl.java:setRole(174)) - 6fc22dfd-3a97-447f-a6d6-c779b06b49db@group-E6A06FFDB88D: changes role from      null to FOLLOWER at term 0 for startAsFollower
2019-09-09 05:43:49,815 [pool-429-thread-1] INFO  impl.RoleInfo (RoleInfo.java:updateAndGet(143)) - 6fc22dfd-3a97-447f-a6d6-c779b06b49db: start FollowerState
2019-09-09 05:43:49,817 [pool-429-thread-1] INFO  util.JmxRegister (JmxRegister.java:tryRegister(44)) - Successfully registered JMX Bean with object name Ratis:service=RaftServer,group=group-E6A06FFDB88D,id=6fc22dfd-3a97-447f-a6d6-c779b06b49db
2019-09-09 05:43:49,821 [RatisPipelineUtilsThread] INFO  pipeline.PipelineStateManager (PipelineStateManager.java:addPipeline(56)) - Created pipeline Pipeline[ Id: 0fac219c-c5d6-462e-99a2-e6a06ffdb88d, Nodes: eb1f2c76-46e5-42c5-beea-0ca89a39be26{ip: 192.168.34.6, host: trunk-nightly-20190909-tk4cs-374463008, networkLocation: /default-rack, certSerialId: null}6fc22dfd-3a97-447f-a6d6-c779b06b49db{ip: 192.168.34.6, host: trunk-nightly-20190909-tk4cs-374463008, networkLocation: /default-rack, certSerialId: null}7266534e-3c5c-4a76-a198-926e09974878{ip: 192.168.34.6, host: trunk-nightly-20190909-tk4cs-374463008, networkLocation: /default-rack, certSerialId: null}, Type:RATIS, Factor:THREE, State:OPEN]
2019-09-09 05:43:49,824 [IPC Server handler 8 on 39976] INFO  net.NetworkTopology (NetworkTopologyImpl.java:add(110)) - Added a new node: /default-rack/2ec847ce-af00-4363-8eac-0e7a739063af
2019-09-09 05:43:49,824 [IPC Server handler 8 on 39976] INFO  node.SCMNodeManager (SCMNodeManager.java:register(266)) - Registered Data node : 2ec847ce-af00-4363-8eac-0e7a739063af{ip: 192.168.34.6, host: trunk-nightly-20190909-tk4cs-374463008, networkLocation: /default-rack, certSerialId: null}
2019-09-09 05:43:49,835 [grpc-default-executor-0] INFO  impl.RaftServerProxy (RaftServerProxy.java:addNew(89)) - bc5c2372-d7f1-4de5-bb1b-5feb1335ebc5: addNew group-F0F7EEC9E1E6:[bc5c2372-d7f1-4de5-bb1b-5feb1335ebc5:192.168.34.6:37777] returns group-F0F7EEC9E1E6:java.util.concurrent.CompletableFuture@37c17d2f[Not completed]
2019-09-09 05:43:49,838 [pool-439-thread-1] INFO  impl.RaftServerImpl (RaftServerImpl.java:<init>(95)) - bc5c2372-d7f1-4de5-bb1b-5feb1335ebc5: new RaftServerImpl for group-F0F7EEC9E1E6:[bc5c2372-d7f1-4de5-bb1b-5feb1335ebc5:192.168.34.6:37777] with ContainerStateMachine:uninitialized
2019-09-09 05:43:49,838 [pool-439-thread-1] INFO  server.RaftServerConfigKeys (ConfUtils.java:logGet(43)) - raft.server.rpc.timeout.min = 5s (custom)
2019-09-09 05:43:49,838 [pool-439-thread-1] INFO  server.RaftServerConfigKeys (ConfUtils.java:logGet(43)) - raft.server.rpc.timeout.max = 5200ms (custom)
2019-09-09 05:43:49,838 [pool-439-thread-1] INFO  server.RaftServerConfigKeys (ConfUtils.java:logGet(43)) - raft.server.rpcslowness.timeout = 120s (custom)
2019-09-09 05:43:49,838 [pool-439-thread-1] INFO  server.RaftServerConfigKeys (ConfUtils.java:logGet(43)) - raft.server.sleep.deviation.threshold = 300 (default)
2019-09-09 05:43:49,838 [pool-439-thread-1] INFO  server.RaftServerConfigKeys (ConfUtils.java:logGet(43)) - raft.server.log.appender.install.snapshot.enabled = false (custom)
2019-09-09 05:43:49,838 [pool-439-thread-1] INFO  impl.RaftServerImpl (ServerState.java:<init>(103)) - bc5c2372-d7f1-4de5-bb1b-5feb1335ebc5@group-F0F7EEC9E1E6: ConfigurationManager, init=-1: [bc5c2372-d7f1-4de5-bb1b-5feb1335ebc5:192.168.34.6:37777], old=null, confs=<EMPTY_MAP>
2019-09-09 05:43:49,838 [pool-439-thread-1] INFO  server.RaftServerConfigKeys (ConfUtils.java:logGet(43)) - raft.server.storage.dir = [/workdir/hadoop-ozone/integration-test/target/test-dir/MiniOzoneClusterImpl-a69cff32-9aaa-43e1-bc72-d1174bd05902/datanode-3/data/ratis] (custom)
2019-09-09 05:43:49,839 [pool-439-thread-1] INFO  storage.RaftStorageDirectory (RaftStorageDirectory.java:analyzeStorage(246)) - The storage directory /workdir/hadoop-ozone/integration-test/target/test-dir/MiniOzoneClusterImpl-a69cff32-9aaa-43e1-bc72-d1174bd05902/datanode-3/data/ratis/e341923d-37ee-4440-995b-f0f7eec9e1e6 does not exist. Creating ...
2019-09-09 05:43:49,852 [pool-439-thread-1] INFO  storage.RaftStorageDirectory (RaftStorageDirectory.java:tryLock(328)) - Lock on /workdir/hadoop-ozone/integration-test/target/test-dir/MiniOzoneClusterImpl-a69cff32-9aaa-43e1-bc72-d1174bd05902/datanode-3/data/ratis/e341923d-37ee-4440-995b-f0f7eec9e1e6/in_use.lock acquired by nodename 4067@trunk-nightly-20190909-tk4cs-374463008
2019-09-09 05:43:49,865 [pool-439-thread-1] INFO  storage.RaftStorage (RaftStorage.java:format(72)) - Storage directory /workdir/hadoop-ozone/integration-test/target/test-dir/MiniOzoneClusterImpl-a69cff32-9aaa-43e1-bc72-d1174bd05902/datanode-3/data/ratis/e341923d-37ee-4440-995b-f0f7eec9e1e6 has been successfully formatted.
2019-09-09 05:43:49,865 [pool-439-thread-1] INFO  ratis.ContainerStateMachine (ContainerStateMachine.java:loadSnapshot(232)) - group-F0F7EEC9E1E6: The snapshot info is null. Setting the last applied indexto:(t:0, i:~)
2019-09-09 05:43:49,866 [pool-439-thread-1] INFO  server.RaftServerConfigKeys (ConfUtils.java:logGet(43)) - raft.server.notification.no-leader.timeout = 120s (custom)
2019-09-09 05:43:49,866 [pool-439-thread-1] INFO  server.RaftServerConfigKeys (ConfUtils.java:logGet(43)) - raft.server.log.use.memory = false (default)
2019-09-09 05:43:49,866 [pool-439-thread-1] INFO  server.RaftServerConfigKeys (ConfUtils.java:logGet(43)) - raft.server.log.purge.gap = 1000000 (custom)
2019-09-09 05:43:49,866 [pool-439-thread-1] INFO  server.RaftServerConfigKeys (ConfUtils.java:logGet(43)) - raft.server.log.appender.buffer.byte-limit = 33554432 (custom)
2019-09-09 05:43:49,866 [pool-439-thread-1] INFO  server.RaftServerConfigKeys (ConfUtils.java:logGet(43)) - raft.server.log.segment.size.max = 1048576 (custom)
2019-09-09 05:43:49,866 [pool-439-thread-1] INFO  server.RaftServerConfigKeys (ConfUtils.java:logGet(43)) - raft.server.log.segment.cache.num.max = 2 (custom)
2019-09-09 05:43:49,866 [pool-439-thread-1] INFO  segmented.SegmentedRaftLogWorker (SegmentedRaftLogWorker.java:<init>(172)) - new bc5c2372-d7f1-4de5-bb1b-5feb1335ebc5@group-F0F7EEC9E1E6-SegmentedRaftLogWorker for RaftStorage:Storage Directory /workdir/hadoop-ozone/integration-test/target/test-dir/MiniOzoneClusterImpl-a69cff32-9aaa-43e1-bc72-d1174bd05902/datanode-3/data/ratis/e341923d-37ee-4440-995b-f0f7eec9e1e6
2019-09-09 05:43:49,868 [pool-439-thread-1] INFO  server.RaftServerConfigKeys (ConfUtils.java:logGet(43)) - raft.server.log.queue.byte-limit = 2147483647 (custom)
2019-09-09 05:43:49,868 [pool-439-thread-1] INFO  server.RaftServerConfigKeys (ConfUtils.java:logGet(43)) - raft.server.log.queue.element-limit = 1024 (custom)
2019-09-09 05:43:49,868 [pool-439-thread-1] INFO  server.RaftServerConfigKeys (ConfUtils.java:logGet(43)) - raft.server.log.segment.size.max = 1048576 (custom)
2019-09-09 05:43:49,868 [pool-439-thread-1] INFO  server.RaftServerConfigKeys (ConfUtils.java:logGet(43)) - raft.server.log.preallocated.size = 16384 (custom)
2019-09-09 05:43:49,868 [pool-439-thread-1] INFO  server.RaftServerConfigKeys (ConfUtils.java:logGet(43)) - raft.server.log.write.buffer.size = 33554432 (custom)
2019-09-09 05:43:49,869 [pool-439-thread-1] INFO  server.RaftServerConfigKeys (ConfUtils.java:logGet(43)) - raft.server.log.force.sync.num = 128 (default)
2019-09-09 05:43:49,869 [pool-439-thread-1] INFO  server.RaftServerConfigKeys (ConfUtils.java:logGet(43)) - raft.server.log.statemachine.data.sync = true (default)
2019-09-09 05:43:49,869 [pool-439-thread-1] INFO  server.RaftServerConfigKeys (ConfUtils.java:logGet(43)) - raft.server.log.statemachine.data.sync.timeout = 10s (default)
2019-09-09 05:43:49,869 [pool-439-thread-1] INFO  server.RaftServerConfigKeys (ConfUtils.java:logGet(43)) - raft.server.log.statemachine.data.sync.timeout.retry = -1 (default)
2019-09-09 05:43:49,869 [pool-439-thread-1] INFO  server.RaftServerConfigKeys (ConfUtils.java:logGet(43)) - raft.server.log.statemachine.data.caching.enabled = true (custom)
2019-09-09 05:43:49,869 [pool-439-thread-1] INFO  segmented.SegmentedRaftLogWorker (SegmentedRaftLogWorker.java:lambda$new$0(132)) - bc5c2372-d7f1-4de5-bb1b-5feb1335ebc5@group-F0F7EEC9E1E6-SegmentedRaftLogWorker: flushIndex: setUnconditionally 0 -> -1
2019-09-09 05:43:49,870 [pool-439-thread-1] INFO  server.RaftServerConfigKeys (ConfUtils.java:logGet(43)) - raft.server.snapshot.auto.trigger.enabled = true (custom)
2019-09-09 05:43:49,870 [pool-439-thread-1] INFO  server.RaftServerConfigKeys (ConfUtils.java:logGet(43)) - raft.server.snapshot.auto.trigger.threshold = 10000 (custom)
2019-09-09 05:43:49,870 [pool-439-thread-1] INFO  server.RaftServerConfigKeys (ConfUtils.java:logGet(43)) - raft.server.snapshot.retention.num.files = -1 (default)
2019-09-09 05:43:49,870 [pool-439-thread-1] INFO  server.RaftServerConfigKeys (ConfUtils.java:logGet(43)) - raft.server.retrycache.expirytime = 600000ms (custom)
2019-09-09 05:43:49,871 [pool-439-thread-1] INFO  impl.RaftServerImpl (RaftServerImpl.java:start(185)) - bc5c2372-d7f1-4de5-bb1b-5feb1335ebc5@group-F0F7EEC9E1E6: start as a follower, conf=-1: [bc5c2372-d7f1-4de5-bb1b-5feb1335ebc5:192.168.34.6:37777], old=null
2019-09-09 05:43:49,872 [pool-439-thread-1] INFO  impl.RaftServerImpl (RaftServerImpl.java:setRole(174)) - bc5c2372-d7f1-4de5-bb1b-5feb1335ebc5@group-F0F7EEC9E1E6: changes role from      null to FOLLOWER at term 0 for startAsFollower
2019-09-09 05:43:49,872 [pool-439-thread-1] INFO  impl.RoleInfo (RoleInfo.java:updateAndGet(143)) - bc5c2372-d7f1-4de5-bb1b-5feb1335ebc5: start FollowerState
2019-09-09 05:43:49,872 [pool-439-thread-1] INFO  util.JmxRegister (JmxRegister.java:tryRegister(44)) - Successfully registered JMX Bean with object name Ratis:service=RaftServer,group=group-F0F7EEC9E1E6,id=bc5c2372-d7f1-4de5-bb1b-5feb1335ebc5
2019-09-09 05:43:49,876 [RatisPipelineUtilsThread] INFO  pipeline.PipelineStateManager (PipelineStateManager.java:addPipeline(56)) - Created pipeline Pipeline[ Id: e341923d-37ee-4440-995b-f0f7eec9e1e6, Nodes: bc5c2372-d7f1-4de5-bb1b-5feb1335ebc5{ip: 192.168.34.6, host: trunk-nightly-20190909-tk4cs-374463008, networkLocation: /default-rack, certSerialId: null}, Type:RATIS, Factor:ONE, State:OPEN]
2019-09-09 05:43:49,878 [IPC Server handler 4 on 39976] INFO  net.NetworkTopology (NetworkTopologyImpl.java:add(110)) - Added a new node: /default-rack/2c3051d3-2b2d-4db3-8cb7-b9d46fe7b194
2019-09-09 05:43:49,878 [IPC Server handler 4 on 39976] INFO  node.SCMNodeManager (SCMNodeManager.java:register(266)) - Registered Data node : 2c3051d3-2b2d-4db3-8cb7-b9d46fe7b194{ip: 192.168.34.6, host: trunk-nightly-20190909-tk4cs-374463008, networkLocation: /default-rack, certSerialId: null}
2019-09-09 05:43:49,885 [grpc-default-executor-0] INFO  impl.RaftServerProxy (RaftServerProxy.java:addNew(89)) - 2ec847ce-af00-4363-8eac-0e7a739063af: addNew group-88B34E6BE0C6:[2ec847ce-af00-4363-8eac-0e7a739063af:192.168.34.6:43731] returns group-88B34E6BE0C6:java.util.concurrent.CompletableFuture@4983a634[Not completed]
2019-09-09 05:43:49,886 [pool-449-thread-1] INFO  impl.RaftServerImpl (RaftServerImpl.java:<init>(95)) - 2ec847ce-af00-4363-8eac-0e7a739063af: new RaftServerImpl for group-88B34E6BE0C6:[2ec847ce-af00-4363-8eac-0e7a739063af:192.168.34.6:43731] with ContainerStateMachine:uninitialized
2019-09-09 05:43:49,886 [pool-449-thread-1] INFO  server.RaftServerConfigKeys (ConfUtils.java:logGet(43)) - raft.server.rpc.timeout.min = 5s (custom)
2019-09-09 05:43:49,886 [pool-449-thread-1] INFO  server.RaftServerConfigKeys (ConfUtils.java:logGet(43)) - raft.server.rpc.timeout.max = 5200ms (custom)
2019-09-09 05:43:49,886 [pool-449-thread-1] INFO  server.RaftServerConfigKeys (ConfUtils.java:logGet(43)) - raft.server.rpcslowness.timeout = 120s (custom)
2019-09-09 05:43:49,886 [pool-449-thread-1] INFO  server.RaftServerConfigKeys (ConfUtils.java:logGet(43)) - raft.server.sleep.deviation.threshold = 300 (default)
2019-09-09 05:43:49,886 [pool-449-thread-1] INFO  server.RaftServerConfigKeys (ConfUtils.java:logGet(43)) - raft.server.log.appender.install.snapshot.enabled = false (custom)
2019-09-09 05:43:49,887 [pool-449-thread-1] INFO  impl.RaftServerImpl (ServerState.java:<init>(103)) - 2ec847ce-af00-4363-8eac-0e7a739063af@group-88B34E6BE0C6: ConfigurationManager, init=-1: [2ec847ce-af00-4363-8eac-0e7a739063af:192.168.34.6:43731], old=null, confs=<EMPTY_MAP>
2019-09-09 05:43:49,887 [pool-449-thread-1] INFO  server.RaftServerConfigKeys (ConfUtils.java:logGet(43)) - raft.server.storage.dir = [/workdir/hadoop-ozone/integration-test/target/test-dir/MiniOzoneClusterImpl-a69cff32-9aaa-43e1-bc72-d1174bd05902/datanode-4/data/ratis] (custom)
2019-09-09 05:43:49,887 [pool-449-thread-1] INFO  storage.RaftStorageDirectory (RaftStorageDirectory.java:analyzeStorage(246)) - The storage directory /workdir/hadoop-ozone/integration-test/target/test-dir/MiniOzoneClusterImpl-a69cff32-9aaa-43e1-bc72-d1174bd05902/datanode-4/data/ratis/e2be49db-39a9-4168-96f5-88b34e6be0c6 does not exist. Creating ...
2019-09-09 05:43:49,900 [pool-449-thread-1] INFO  storage.RaftStorageDirectory (RaftStorageDirectory.java:tryLock(328)) - Lock on /workdir/hadoop-ozone/integration-test/target/test-dir/MiniOzoneClusterImpl-a69cff32-9aaa-43e1-bc72-d1174bd05902/datanode-4/data/ratis/e2be49db-39a9-4168-96f5-88b34e6be0c6/in_use.lock acquired by nodename 4067@trunk-nightly-20190909-tk4cs-374463008
2019-09-09 05:43:49,914 [pool-449-thread-1] INFO  storage.RaftStorage (RaftStorage.java:format(72)) - Storage directory /workdir/hadoop-ozone/integration-test/target/test-dir/MiniOzoneClusterImpl-a69cff32-9aaa-43e1-bc72-d1174bd05902/datanode-4/data/ratis/e2be49db-39a9-4168-96f5-88b34e6be0c6 has been successfully formatted.
2019-09-09 05:43:49,914 [pool-449-thread-1] INFO  ratis.ContainerStateMachine (ContainerStateMachine.java:loadSnapshot(232)) - group-88B34E6BE0C6: The snapshot info is null. Setting the last applied indexto:(t:0, i:~)
2019-09-09 05:43:49,914 [pool-449-thread-1] INFO  server.RaftServerConfigKeys (ConfUtils.java:logGet(43)) - raft.server.notification.no-leader.timeout = 120s (custom)
2019-09-09 05:43:49,914 [pool-449-thread-1] INFO  server.RaftServerConfigKeys (ConfUtils.java:logGet(43)) - raft.server.log.use.memory = false (default)
2019-09-09 05:43:49,914 [pool-449-thread-1] INFO  server.RaftServerConfigKeys (ConfUtils.java:logGet(43)) - raft.server.log.purge.gap = 1000000 (custom)
2019-09-09 05:43:49,914 [pool-449-thread-1] INFO  server.RaftServerConfigKeys (ConfUtils.java:logGet(43)) - raft.server.log.appender.buffer.byte-limit = 33554432 (custom)
2019-09-09 05:43:49,914 [pool-449-thread-1] INFO  server.RaftServerConfigKeys (ConfUtils.java:logGet(43)) - raft.server.log.segment.size.max = 1048576 (custom)
2019-09-09 05:43:49,914 [pool-449-thread-1] INFO  server.RaftServerConfigKeys (ConfUtils.java:logGet(43)) - raft.server.log.segment.cache.num.max = 2 (custom)
2019-09-09 05:43:49,914 [pool-449-thread-1] INFO  segmented.SegmentedRaftLogWorker (SegmentedRaftLogWorker.java:<init>(172)) - new 2ec847ce-af00-4363-8eac-0e7a739063af@group-88B34E6BE0C6-SegmentedRaftLogWorker for RaftStorage:Storage Directory /workdir/hadoop-ozone/integration-test/target/test-dir/MiniOzoneClusterImpl-a69cff32-9aaa-43e1-bc72-d1174bd05902/datanode-4/data/ratis/e2be49db-39a9-4168-96f5-88b34e6be0c6
2019-09-09 05:43:49,916 [pool-449-thread-1] INFO  server.RaftServerConfigKeys (ConfUtils.java:logGet(43)) - raft.server.log.queue.byte-limit = 2147483647 (custom)
2019-09-09 05:43:49,916 [pool-449-thread-1] INFO  server.RaftServerConfigKeys (ConfUtils.java:logGet(43)) - raft.server.log.queue.element-limit = 1024 (custom)
2019-09-09 05:43:49,916 [pool-449-thread-1] INFO  server.RaftServerConfigKeys (ConfUtils.java:logGet(43)) - raft.server.log.segment.size.max = 1048576 (custom)
2019-09-09 05:43:49,916 [pool-449-thread-1] INFO  server.RaftServerConfigKeys (ConfUtils.java:logGet(43)) - raft.server.log.preallocated.size = 16384 (custom)
2019-09-09 05:43:49,916 [pool-449-thread-1] INFO  server.RaftServerConfigKeys (ConfUtils.java:logGet(43)) - raft.server.log.write.buffer.size = 33554432 (custom)
2019-09-09 05:43:49,917 [pool-449-thread-1] INFO  server.RaftServerConfigKeys (ConfUtils.java:logGet(43)) - raft.server.log.force.sync.num = 128 (default)
2019-09-09 05:43:49,917 [pool-449-thread-1] INFO  server.RaftServerConfigKeys (ConfUtils.java:logGet(43)) - raft.server.log.statemachine.data.sync = true (default)
2019-09-09 05:43:49,917 [pool-449-thread-1] INFO  server.RaftServerConfigKeys (ConfUtils.java:logGet(43)) - raft.server.log.statemachine.data.sync.timeout = 10s (default)
2019-09-09 05:43:49,917 [pool-449-thread-1] INFO  server.RaftServerConfigKeys (ConfUtils.java:logGet(43)) - raft.server.log.statemachine.data.sync.timeout.retry = -1 (default)
2019-09-09 05:43:49,917 [pool-449-thread-1] INFO  server.RaftServerConfigKeys (ConfUtils.java:logGet(43)) - raft.server.log.statemachine.data.caching.enabled = true (custom)
2019-09-09 05:43:49,917 [pool-449-thread-1] INFO  segmented.SegmentedRaftLogWorker (SegmentedRaftLogWorker.java:lambda$new$0(132)) - 2ec847ce-af00-4363-8eac-0e7a739063af@group-88B34E6BE0C6-SegmentedRaftLogWorker: flushIndex: setUnconditionally 0 -> -1
2019-09-09 05:43:49,917 [pool-449-thread-1] INFO  server.RaftServerConfigKeys (ConfUtils.java:logGet(43)) - raft.server.snapshot.auto.trigger.enabled = true (custom)
2019-09-09 05:43:49,917 [pool-449-thread-1] INFO  server.RaftServerConfigKeys (ConfUtils.java:logGet(43)) - raft.server.snapshot.auto.trigger.threshold = 10000 (custom)
2019-09-09 05:43:49,918 [pool-449-thread-1] INFO  server.RaftServerConfigKeys (ConfUtils.java:logGet(43)) - raft.server.snapshot.retention.num.files = -1 (default)
2019-09-09 05:43:49,918 [pool-449-thread-1] INFO  server.RaftServerConfigKeys (ConfUtils.java:logGet(43)) - raft.server.retrycache.expirytime = 600000ms (custom)
2019-09-09 05:43:49,919 [pool-449-thread-1] INFO  impl.RaftServerImpl (RaftServerImpl.java:start(185)) - 2ec847ce-af00-4363-8eac-0e7a739063af@group-88B34E6BE0C6: start as a follower, conf=-1: [2ec847ce-af00-4363-8eac-0e7a739063af:192.168.34.6:43731], old=null
2019-09-09 05:43:49,919 [pool-449-thread-1] INFO  impl.RaftServerImpl (RaftServerImpl.java:setRole(174)) - 2ec847ce-af00-4363-8eac-0e7a739063af@group-88B34E6BE0C6: changes role from      null to FOLLOWER at term 0 for startAsFollower
2019-09-09 05:43:49,919 [pool-449-thread-1] INFO  impl.RoleInfo (RoleInfo.java:updateAndGet(143)) - 2ec847ce-af00-4363-8eac-0e7a739063af: start FollowerState
2019-09-09 05:43:49,919 [pool-449-thread-1] INFO  util.JmxRegister (JmxRegister.java:tryRegister(44)) - Successfully registered JMX Bean with object name Ratis:service=RaftServer,group=group-88B34E6BE0C6,id=2ec847ce-af00-4363-8eac-0e7a739063af
2019-09-09 05:43:49,925 [RatisPipelineUtilsThread] INFO  pipeline.PipelineStateManager (PipelineStateManager.java:addPipeline(56)) - Created pipeline Pipeline[ Id: e2be49db-39a9-4168-96f5-88b34e6be0c6, Nodes: 2ec847ce-af00-4363-8eac-0e7a739063af{ip: 192.168.34.6, host: trunk-nightly-20190909-tk4cs-374463008, networkLocation: /default-rack, certSerialId: null}, Type:RATIS, Factor:ONE, State:OPEN]
2019-09-09 05:43:49,932 [grpc-default-executor-0] INFO  impl.RaftServerProxy (RaftServerProxy.java:addNew(89)) - 2c3051d3-2b2d-4db3-8cb7-b9d46fe7b194: addNew group-9153F1E0A050:[2c3051d3-2b2d-4db3-8cb7-b9d46fe7b194:192.168.34.6:38943] returns group-9153F1E0A050:java.util.concurrent.CompletableFuture@6fbbacc[Not completed]
2019-09-09 05:43:49,933 [pool-459-thread-1] INFO  impl.RaftServerImpl (RaftServerImpl.java:<init>(95)) - 2c3051d3-2b2d-4db3-8cb7-b9d46fe7b194: new RaftServerImpl for group-9153F1E0A050:[2c3051d3-2b2d-4db3-8cb7-b9d46fe7b194:192.168.34.6:38943] with ContainerStateMachine:uninitialized
2019-09-09 05:43:49,933 [pool-459-thread-1] INFO  server.RaftServerConfigKeys (ConfUtils.java:logGet(43)) - raft.server.rpc.timeout.min = 5s (custom)
2019-09-09 05:43:49,933 [pool-459-thread-1] INFO  server.RaftServerConfigKeys (ConfUtils.java:logGet(43)) - raft.server.rpc.timeout.max = 5200ms (custom)
2019-09-09 05:43:49,934 [pool-459-thread-1] INFO  server.RaftServerConfigKeys (ConfUtils.java:logGet(43)) - raft.server.rpcslowness.timeout = 120s (custom)
2019-09-09 05:43:49,934 [pool-459-thread-1] INFO  server.RaftServerConfigKeys (ConfUtils.java:logGet(43)) - raft.server.sleep.deviation.threshold = 300 (default)
2019-09-09 05:43:49,934 [pool-459-thread-1] INFO  server.RaftServerConfigKeys (ConfUtils.java:logGet(43)) - raft.server.log.appender.install.snapshot.enabled = false (custom)
2019-09-09 05:43:49,934 [pool-459-thread-1] INFO  impl.RaftServerImpl (ServerState.java:<init>(103)) - 2c3051d3-2b2d-4db3-8cb7-b9d46fe7b194@group-9153F1E0A050: ConfigurationManager, init=-1: [2c3051d3-2b2d-4db3-8cb7-b9d46fe7b194:192.168.34.6:38943], old=null, confs=<EMPTY_MAP>
2019-09-09 05:43:49,934 [pool-459-thread-1] INFO  server.RaftServerConfigKeys (ConfUtils.java:logGet(43)) - raft.server.storage.dir = [/workdir/hadoop-ozone/integration-test/target/test-dir/MiniOzoneClusterImpl-a69cff32-9aaa-43e1-bc72-d1174bd05902/datanode-5/data/ratis] (custom)
2019-09-09 05:43:49,934 [pool-459-thread-1] INFO  storage.RaftStorageDirectory (RaftStorageDirectory.java:analyzeStorage(246)) - The storage directory /workdir/hadoop-ozone/integration-test/target/test-dir/MiniOzoneClusterImpl-a69cff32-9aaa-43e1-bc72-d1174bd05902/datanode-5/data/ratis/642561e2-1aaa-470b-9c0d-9153f1e0a050 does not exist. Creating ...
2019-09-09 05:43:49,935 [IPC Server handler 9 on 39976] INFO  net.NetworkTopology (NetworkTopologyImpl.java:add(110)) - Added a new node: /default-rack/6213d06b-cb1c-43dd-962e-e038376d1825
2019-09-09 05:43:49,935 [main] INFO  ozone.MiniOzoneClusterImpl (MiniOzoneClusterImpl.java:lambda$waitForClusterToBeReady$0(140)) - Cluster is ready. Got 7 of 7 DN Heartbeats.
2019-09-09 05:43:49,935 [IPC Server handler 9 on 39976] INFO  node.SCMNodeManager (SCMNodeManager.java:register(266)) - Registered Data node : 6213d06b-cb1c-43dd-962e-e038376d1825{ip: 192.168.34.6, host: trunk-nightly-20190909-tk4cs-374463008, networkLocation: /default-rack, certSerialId: null}
2019-09-09 05:43:49,948 [pool-459-thread-1] INFO  storage.RaftStorageDirectory (RaftStorageDirectory.java:tryLock(328)) - Lock on /workdir/hadoop-ozone/integration-test/target/test-dir/MiniOzoneClusterImpl-a69cff32-9aaa-43e1-bc72-d1174bd05902/datanode-5/data/ratis/642561e2-1aaa-470b-9c0d-9153f1e0a050/in_use.lock acquired by nodename 4067@trunk-nightly-20190909-tk4cs-374463008
2019-09-09 05:43:49,958 [main] INFO  rpc.RpcClient (RpcClient.java:createVolume(298)) - Creating Volume: testblockoutputstream, with jenkins1000 as owner.
2019-09-09 05:43:49,960 [IPC Server handler 1 on 37607] INFO  volume.OMVolumeCreateRequest (OMVolumeCreateRequest.java:validateAndUpdateCache(189)) - created volume:testblockoutputstream for user:jenkins1000
2019-09-09 05:43:49,970 [main] INFO  rpc.RpcClient (RpcClient.java:createBucket(437)) - Creating Bucket: testblockoutputstream/testblockoutputstream, with Versioning false and Storage Type set to DISK and Encryption set to false 
2019-09-09 05:43:49,973 [pool-459-thread-1] INFO  storage.RaftStorage (RaftStorage.java:format(72)) - Storage directory /workdir/hadoop-ozone/integration-test/target/test-dir/MiniOzoneClusterImpl-a69cff32-9aaa-43e1-bc72-d1174bd05902/datanode-5/data/ratis/642561e2-1aaa-470b-9c0d-9153f1e0a050 has been successfully formatted.
2019-09-09 05:43:49,973 [pool-459-thread-1] INFO  ratis.ContainerStateMachine (ContainerStateMachine.java:loadSnapshot(232)) - group-9153F1E0A050: The snapshot info is null. Setting the last applied indexto:(t:0, i:~)
2019-09-09 05:43:49,973 [pool-459-thread-1] INFO  server.RaftServerConfigKeys (ConfUtils.java:logGet(43)) - raft.server.notification.no-leader.timeout = 120s (custom)
2019-09-09 05:43:49,974 [pool-459-thread-1] INFO  server.RaftServerConfigKeys (ConfUtils.java:logGet(43)) - raft.server.log.use.memory = false (default)
2019-09-09 05:43:49,974 [pool-459-thread-1] INFO  server.RaftServerConfigKeys (ConfUtils.java:logGet(43)) - raft.server.log.purge.gap = 1000000 (custom)
2019-09-09 05:43:49,974 [pool-459-thread-1] INFO  server.RaftServerConfigKeys (ConfUtils.java:logGet(43)) - raft.server.log.appender.buffer.byte-limit = 33554432 (custom)
2019-09-09 05:43:49,974 [pool-459-thread-1] INFO  server.RaftServerConfigKeys (ConfUtils.java:logGet(43)) - raft.server.log.segment.size.max = 1048576 (custom)
2019-09-09 05:43:49,974 [pool-459-thread-1] INFO  server.RaftServerConfigKeys (ConfUtils.java:logGet(43)) - raft.server.log.segment.cache.num.max = 2 (custom)
2019-09-09 05:43:49,974 [pool-459-thread-1] INFO  segmented.SegmentedRaftLogWorker (SegmentedRaftLogWorker.java:<init>(172)) - new 2c3051d3-2b2d-4db3-8cb7-b9d46fe7b194@group-9153F1E0A050-SegmentedRaftLogWorker for RaftStorage:Storage Directory /workdir/hadoop-ozone/integration-test/target/test-dir/MiniOzoneClusterImpl-a69cff32-9aaa-43e1-bc72-d1174bd05902/datanode-5/data/ratis/642561e2-1aaa-470b-9c0d-9153f1e0a050
2019-09-09 05:43:49,977 [pool-459-thread-1] INFO  server.RaftServerConfigKeys (ConfUtils.java:logGet(43)) - raft.server.log.queue.byte-limit = 2147483647 (custom)
2019-09-09 05:43:49,977 [pool-459-thread-1] INFO  server.RaftServerConfigKeys (ConfUtils.java:logGet(43)) - raft.server.log.queue.element-limit = 1024 (custom)
2019-09-09 05:43:49,977 [pool-459-thread-1] INFO  server.RaftServerConfigKeys (ConfUtils.java:logGet(43)) - raft.server.log.segment.size.max = 1048576 (custom)
2019-09-09 05:43:49,977 [pool-459-thread-1] INFO  server.RaftServerConfigKeys (ConfUtils.java:logGet(43)) - raft.server.log.preallocated.size = 16384 (custom)
2019-09-09 05:43:49,977 [pool-459-thread-1] INFO  server.RaftServerConfigKeys (ConfUtils.java:logGet(43)) - raft.server.log.write.buffer.size = 33554432 (custom)
2019-09-09 05:43:49,977 [pool-459-thread-1] INFO  server.RaftServerConfigKeys (ConfUtils.java:logGet(43)) - raft.server.log.force.sync.num = 128 (default)
2019-09-09 05:43:49,977 [pool-459-thread-1] INFO  server.RaftServerConfigKeys (ConfUtils.java:logGet(43)) - raft.server.log.statemachine.data.sync = true (default)
2019-09-09 05:43:49,977 [pool-459-thread-1] INFO  server.RaftServerConfigKeys (ConfUtils.java:logGet(43)) - raft.server.log.statemachine.data.sync.timeout = 10s (default)
2019-09-09 05:43:49,978 [pool-459-thread-1] INFO  server.RaftServerConfigKeys (ConfUtils.java:logGet(43)) - raft.server.log.statemachine.data.sync.timeout.retry = -1 (default)
2019-09-09 05:43:49,978 [pool-459-thread-1] INFO  server.RaftServerConfigKeys (ConfUtils.java:logGet(43)) - raft.server.log.statemachine.data.caching.enabled = true (custom)
2019-09-09 05:43:49,978 [pool-459-thread-1] INFO  segmented.SegmentedRaftLogWorker (SegmentedRaftLogWorker.java:lambda$new$0(132)) - 2c3051d3-2b2d-4db3-8cb7-b9d46fe7b194@group-9153F1E0A050-SegmentedRaftLogWorker: flushIndex: setUnconditionally 0 -> -1
2019-09-09 05:43:49,978 [pool-459-thread-1] INFO  server.RaftServerConfigKeys (ConfUtils.java:logGet(43)) - raft.server.snapshot.auto.trigger.enabled = true (custom)
2019-09-09 05:43:49,979 [pool-459-thread-1] INFO  server.RaftServerConfigKeys (ConfUtils.java:logGet(43)) - raft.server.snapshot.auto.trigger.threshold = 10000 (custom)
2019-09-09 05:43:49,979 [pool-459-thread-1] INFO  server.RaftServerConfigKeys (ConfUtils.java:logGet(43)) - raft.server.snapshot.retention.num.files = -1 (default)
2019-09-09 05:43:49,979 [pool-459-thread-1] INFO  server.RaftServerConfigKeys (ConfUtils.java:logGet(43)) - raft.server.retrycache.expirytime = 600000ms (custom)
2019-09-09 05:43:49,981 [pool-459-thread-1] INFO  impl.RaftServerImpl (RaftServerImpl.java:start(185)) - 2c3051d3-2b2d-4db3-8cb7-b9d46fe7b194@group-9153F1E0A050: start as a follower, conf=-1: [2c3051d3-2b2d-4db3-8cb7-b9d46fe7b194:192.168.34.6:38943], old=null
2019-09-09 05:43:49,981 [pool-459-thread-1] INFO  impl.RaftServerImpl (RaftServerImpl.java:setRole(174)) - 2c3051d3-2b2d-4db3-8cb7-b9d46fe7b194@group-9153F1E0A050: changes role from      null to FOLLOWER at term 0 for startAsFollower
2019-09-09 05:43:49,981 [pool-459-thread-1] INFO  impl.RoleInfo (RoleInfo.java:updateAndGet(143)) - 2c3051d3-2b2d-4db3-8cb7-b9d46fe7b194: start FollowerState
2019-09-09 05:43:49,981 [pool-459-thread-1] INFO  util.JmxRegister (JmxRegister.java:tryRegister(44)) - Successfully registered JMX Bean with object name Ratis:service=RaftServer,group=group-9153F1E0A050,id=2c3051d3-2b2d-4db3-8cb7-b9d46fe7b194
2019-09-09 05:43:49,985 [RatisPipelineUtilsThread] INFO  pipeline.PipelineStateManager (PipelineStateManager.java:addPipeline(56)) - Created pipeline Pipeline[ Id: 642561e2-1aaa-470b-9c0d-9153f1e0a050, Nodes: 2c3051d3-2b2d-4db3-8cb7-b9d46fe7b194{ip: 192.168.34.6, host: trunk-nightly-20190909-tk4cs-374463008, networkLocation: /default-rack, certSerialId: null}, Type:RATIS, Factor:ONE, State:OPEN]
2019-09-09 05:43:49,992 [grpc-default-executor-0] INFO  impl.RaftServerProxy (RaftServerProxy.java:addNew(89)) - 6213d06b-cb1c-43dd-962e-e038376d1825: addNew group-0CF6BE9BFBF5:[6213d06b-cb1c-43dd-962e-e038376d1825:192.168.34.6:37053] returns group-0CF6BE9BFBF5:java.util.concurrent.CompletableFuture@4a741a72[Not completed]
2019-09-09 05:43:49,992 [pool-469-thread-1] INFO  impl.RaftServerImpl (RaftServerImpl.java:<init>(95)) - 6213d06b-cb1c-43dd-962e-e038376d1825: new RaftServerImpl for group-0CF6BE9BFBF5:[6213d06b-cb1c-43dd-962e-e038376d1825:192.168.34.6:37053] with ContainerStateMachine:uninitialized
2019-09-09 05:43:49,992 [pool-469-thread-1] INFO  server.RaftServerConfigKeys (ConfUtils.java:logGet(43)) - raft.server.rpc.timeout.min = 5s (custom)
2019-09-09 05:43:49,993 [pool-469-thread-1] INFO  server.RaftServerConfigKeys (ConfUtils.java:logGet(43)) - raft.server.rpc.timeout.max = 5200ms (custom)
2019-09-09 05:43:49,993 [pool-469-thread-1] INFO  server.RaftServerConfigKeys (ConfUtils.java:logGet(43)) - raft.server.rpcslowness.timeout = 120s (custom)
2019-09-09 05:43:49,993 [pool-469-thread-1] INFO  server.RaftServerConfigKeys (ConfUtils.java:logGet(43)) - raft.server.sleep.deviation.threshold = 300 (default)
2019-09-09 05:43:49,993 [pool-469-thread-1] INFO  server.RaftServerConfigKeys (ConfUtils.java:logGet(43)) - raft.server.log.appender.install.snapshot.enabled = false (custom)
2019-09-09 05:43:49,993 [pool-469-thread-1] INFO  impl.RaftServerImpl (ServerState.java:<init>(103)) - 6213d06b-cb1c-43dd-962e-e038376d1825@group-0CF6BE9BFBF5: ConfigurationManager, init=-1: [6213d06b-cb1c-43dd-962e-e038376d1825:192.168.34.6:37053], old=null, confs=<EMPTY_MAP>
2019-09-09 05:43:49,993 [pool-469-thread-1] INFO  server.RaftServerConfigKeys (ConfUtils.java:logGet(43)) - raft.server.storage.dir = [/workdir/hadoop-ozone/integration-test/target/test-dir/MiniOzoneClusterImpl-a69cff32-9aaa-43e1-bc72-d1174bd05902/datanode-6/data/ratis] (custom)
2019-09-09 05:43:49,993 [pool-469-thread-1] INFO  storage.RaftStorageDirectory (RaftStorageDirectory.java:analyzeStorage(246)) - The storage directory /workdir/hadoop-ozone/integration-test/target/test-dir/MiniOzoneClusterImpl-a69cff32-9aaa-43e1-bc72-d1174bd05902/datanode-6/data/ratis/e98e8707-ffe8-48a7-bd20-0cf6be9bfbf5 does not exist. Creating ...
2019-09-09 05:43:50,006 [pool-469-thread-1] INFO  storage.RaftStorageDirectory (RaftStorageDirectory.java:tryLock(328)) - Lock on /workdir/hadoop-ozone/integration-test/target/test-dir/MiniOzoneClusterImpl-a69cff32-9aaa-43e1-bc72-d1174bd05902/datanode-6/data/ratis/e98e8707-ffe8-48a7-bd20-0cf6be9bfbf5/in_use.lock acquired by nodename 4067@trunk-nightly-20190909-tk4cs-374463008
2019-09-09 05:43:50,020 [pool-469-thread-1] INFO  storage.RaftStorage (RaftStorage.java:format(72)) - Storage directory /workdir/hadoop-ozone/integration-test/target/test-dir/MiniOzoneClusterImpl-a69cff32-9aaa-43e1-bc72-d1174bd05902/datanode-6/data/ratis/e98e8707-ffe8-48a7-bd20-0cf6be9bfbf5 has been successfully formatted.
2019-09-09 05:43:50,020 [pool-469-thread-1] INFO  ratis.ContainerStateMachine (ContainerStateMachine.java:loadSnapshot(232)) - group-0CF6BE9BFBF5: The snapshot info is null. Setting the last applied indexto:(t:0, i:~)
2019-09-09 05:43:50,020 [pool-469-thread-1] INFO  server.RaftServerConfigKeys (ConfUtils.java:logGet(43)) - raft.server.notification.no-leader.timeout = 120s (custom)
2019-09-09 05:43:50,020 [pool-469-thread-1] INFO  server.RaftServerConfigKeys (ConfUtils.java:logGet(43)) - raft.server.log.use.memory = false (default)
2019-09-09 05:43:50,020 [pool-469-thread-1] INFO  server.RaftServerConfigKeys (ConfUtils.java:logGet(43)) - raft.server.log.purge.gap = 1000000 (custom)
2019-09-09 05:43:50,020 [pool-469-thread-1] INFO  server.RaftServerConfigKeys (ConfUtils.java:logGet(43)) - raft.server.log.appender.buffer.byte-limit = 33554432 (custom)
2019-09-09 05:43:50,020 [pool-469-thread-1] INFO  server.RaftServerConfigKeys (ConfUtils.java:logGet(43)) - raft.server.log.segment.size.max = 1048576 (custom)
2019-09-09 05:43:50,020 [pool-469-thread-1] INFO  server.RaftServerConfigKeys (ConfUtils.java:logGet(43)) - raft.server.log.segment.cache.num.max = 2 (custom)
2019-09-09 05:43:50,021 [pool-469-thread-1] INFO  segmented.SegmentedRaftLogWorker (SegmentedRaftLogWorker.java:<init>(172)) - new 6213d06b-cb1c-43dd-962e-e038376d1825@group-0CF6BE9BFBF5-SegmentedRaftLogWorker for RaftStorage:Storage Directory /workdir/hadoop-ozone/integration-test/target/test-dir/MiniOzoneClusterImpl-a69cff32-9aaa-43e1-bc72-d1174bd05902/datanode-6/data/ratis/e98e8707-ffe8-48a7-bd20-0cf6be9bfbf5
2019-09-09 05:43:50,022 [pool-469-thread-1] INFO  server.RaftServerConfigKeys (ConfUtils.java:logGet(43)) - raft.server.log.queue.byte-limit = 2147483647 (custom)
2019-09-09 05:43:50,022 [pool-469-thread-1] INFO  server.RaftServerConfigKeys (ConfUtils.java:logGet(43)) - raft.server.log.queue.element-limit = 1024 (custom)
2019-09-09 05:43:50,022 [pool-469-thread-1] INFO  server.RaftServerConfigKeys (ConfUtils.java:logGet(43)) - raft.server.log.segment.size.max = 1048576 (custom)
2019-09-09 05:43:50,022 [pool-469-thread-1] INFO  server.RaftServerConfigKeys (ConfUtils.java:logGet(43)) - raft.server.log.preallocated.size = 16384 (custom)
2019-09-09 05:43:50,022 [pool-469-thread-1] INFO  server.RaftServerConfigKeys (ConfUtils.java:logGet(43)) - raft.server.log.write.buffer.size = 33554432 (custom)
2019-09-09 05:43:50,022 [pool-469-thread-1] INFO  server.RaftServerConfigKeys (ConfUtils.java:logGet(43)) - raft.server.log.force.sync.num = 128 (default)
2019-09-09 05:43:50,022 [pool-469-thread-1] INFO  server.RaftServerConfigKeys (ConfUtils.java:logGet(43)) - raft.server.log.statemachine.data.sync = true (default)
2019-09-09 05:43:50,022 [pool-469-thread-1] INFO  server.RaftServerConfigKeys (ConfUtils.java:logGet(43)) - raft.server.log.statemachine.data.sync.timeout = 10s (default)
2019-09-09 05:43:50,022 [pool-469-thread-1] INFO  server.RaftServerConfigKeys (ConfUtils.java:logGet(43)) - raft.server.log.statemachine.data.sync.timeout.retry = -1 (default)
2019-09-09 05:43:50,022 [pool-469-thread-1] INFO  server.RaftServerConfigKeys (ConfUtils.java:logGet(43)) - raft.server.log.statemachine.data.caching.enabled = true (custom)
2019-09-09 05:43:50,023 [pool-469-thread-1] INFO  segmented.SegmentedRaftLogWorker (SegmentedRaftLogWorker.java:lambda$new$0(132)) - 6213d06b-cb1c-43dd-962e-e038376d1825@group-0CF6BE9BFBF5-SegmentedRaftLogWorker: flushIndex: setUnconditionally 0 -> -1
2019-09-09 05:43:50,023 [pool-469-thread-1] INFO  server.RaftServerConfigKeys (ConfUtils.java:logGet(43)) - raft.server.snapshot.auto.trigger.enabled = true (custom)
2019-09-09 05:43:50,023 [pool-469-thread-1] INFO  server.RaftServerConfigKeys (ConfUtils.java:logGet(43)) - raft.server.snapshot.auto.trigger.threshold = 10000 (custom)
2019-09-09 05:43:50,023 [pool-469-thread-1] INFO  server.RaftServerConfigKeys (ConfUtils.java:logGet(43)) - raft.server.snapshot.retention.num.files = -1 (default)
2019-09-09 05:43:50,023 [pool-469-thread-1] INFO  server.RaftServerConfigKeys (ConfUtils.java:logGet(43)) - raft.server.retrycache.expirytime = 600000ms (custom)
2019-09-09 05:43:50,024 [pool-469-thread-1] INFO  impl.RaftServerImpl (RaftServerImpl.java:start(185)) - 6213d06b-cb1c-43dd-962e-e038376d1825@group-0CF6BE9BFBF5: start as a follower, conf=-1: [6213d06b-cb1c-43dd-962e-e038376d1825:192.168.34.6:37053], old=null
2019-09-09 05:43:50,024 [pool-469-thread-1] INFO  impl.RaftServerImpl (RaftServerImpl.java:setRole(174)) - 6213d06b-cb1c-43dd-962e-e038376d1825@group-0CF6BE9BFBF5: changes role from      null to FOLLOWER at term 0 for startAsFollower
2019-09-09 05:43:50,024 [pool-469-thread-1] INFO  impl.RoleInfo (RoleInfo.java:updateAndGet(143)) - 6213d06b-cb1c-43dd-962e-e038376d1825: start FollowerState
2019-09-09 05:43:50,033 [pool-469-thread-1] INFO  util.JmxRegister (JmxRegister.java:tryRegister(44)) - Successfully registered JMX Bean with object name Ratis:service=RaftServer,group=group-0CF6BE9BFBF5,id=6213d06b-cb1c-43dd-962e-e038376d1825
2019-09-09 05:43:50,042 [RatisPipelineUtilsThread] INFO  pipeline.PipelineStateManager (PipelineStateManager.java:addPipeline(56)) - Created pipeline Pipeline[ Id: e98e8707-ffe8-48a7-bd20-0cf6be9bfbf5, Nodes: 6213d06b-cb1c-43dd-962e-e038376d1825{ip: 192.168.34.6, host: trunk-nightly-20190909-tk4cs-374463008, networkLocation: /default-rack, certSerialId: null}, Type:RATIS, Factor:ONE, State:OPEN]
2019-09-09 05:43:50,057 [grpc-default-executor-0] INFO  impl.RaftServerProxy (RaftServerProxy.java:addNew(89)) - 6213d06b-cb1c-43dd-962e-e038376d1825: addNew group-8F5511676960:[bc5c2372-d7f1-4de5-bb1b-5feb1335ebc5:192.168.34.6:37777, 2ec847ce-af00-4363-8eac-0e7a739063af:192.168.34.6:43731, 6213d06b-cb1c-43dd-962e-e038376d1825:192.168.34.6:37053] returns group-8F5511676960:java.util.concurrent.CompletableFuture@2bd49c3d[Not completed]
2019-09-09 05:43:50,059 [grpc-default-executor-4] INFO  impl.RaftServerProxy (RaftServerProxy.java:addNew(89)) - 2ec847ce-af00-4363-8eac-0e7a739063af: addNew group-8F5511676960:[bc5c2372-d7f1-4de5-bb1b-5feb1335ebc5:192.168.34.6:37777, 2ec847ce-af00-4363-8eac-0e7a739063af:192.168.34.6:43731, 6213d06b-cb1c-43dd-962e-e038376d1825:192.168.34.6:37053] returns group-8F5511676960:java.util.concurrent.CompletableFuture@5d6db76[Not completed]
2019-09-09 05:43:50,059 [grpc-default-executor-7] INFO  impl.RaftServerProxy (RaftServerProxy.java:addNew(89)) - bc5c2372-d7f1-4de5-bb1b-5feb1335ebc5: addNew group-8F5511676960:[bc5c2372-d7f1-4de5-bb1b-5feb1335ebc5:192.168.34.6:37777, 2ec847ce-af00-4363-8eac-0e7a739063af:192.168.34.6:43731, 6213d06b-cb1c-43dd-962e-e038376d1825:192.168.34.6:37053] returns group-8F5511676960:java.util.concurrent.CompletableFuture@40d058[Not completed]
2019-09-09 05:43:50,060 [pool-469-thread-1] INFO  impl.RaftServerImpl (RaftServerImpl.java:<init>(95)) - 6213d06b-cb1c-43dd-962e-e038376d1825: new RaftServerImpl for group-8F5511676960:[bc5c2372-d7f1-4de5-bb1b-5feb1335ebc5:192.168.34.6:37777, 2ec847ce-af00-4363-8eac-0e7a739063af:192.168.34.6:43731, 6213d06b-cb1c-43dd-962e-e038376d1825:192.168.34.6:37053] with ContainerStateMachine:uninitialized
2019-09-09 05:43:50,061 [pool-469-thread-1] INFO  server.RaftServerConfigKeys (ConfUtils.java:logGet(43)) - raft.server.rpc.timeout.min = 5s (custom)
2019-09-09 05:43:50,061 [pool-469-thread-1] INFO  server.RaftServerConfigKeys (ConfUtils.java:logGet(43)) - raft.server.rpc.timeout.max = 5200ms (custom)
2019-09-09 05:43:50,061 [pool-469-thread-1] INFO  server.RaftServerConfigKeys (ConfUtils.java:logGet(43)) - raft.server.rpcslowness.timeout = 120s (custom)
2019-09-09 05:43:50,061 [pool-469-thread-1] INFO  server.RaftServerConfigKeys (ConfUtils.java:logGet(43)) - raft.server.sleep.deviation.threshold = 300 (default)
2019-09-09 05:43:50,061 [pool-469-thread-1] INFO  server.RaftServerConfigKeys (ConfUtils.java:logGet(43)) - raft.server.log.appender.install.snapshot.enabled = false (custom)
2019-09-09 05:43:50,061 [pool-469-thread-1] INFO  impl.RaftServerImpl (ServerState.java:<init>(103)) - 6213d06b-cb1c-43dd-962e-e038376d1825@group-8F5511676960: ConfigurationManager, init=-1: [bc5c2372-d7f1-4de5-bb1b-5feb1335ebc5:192.168.34.6:37777, 2ec847ce-af00-4363-8eac-0e7a739063af:192.168.34.6:43731, 6213d06b-cb1c-43dd-962e-e038376d1825:192.168.34.6:37053], old=null, confs=<EMPTY_MAP>
2019-09-09 05:43:50,061 [pool-469-thread-1] INFO  server.RaftServerConfigKeys (ConfUtils.java:logGet(43)) - raft.server.storage.dir = [/workdir/hadoop-ozone/integration-test/target/test-dir/MiniOzoneClusterImpl-a69cff32-9aaa-43e1-bc72-d1174bd05902/datanode-6/data/ratis] (custom)
2019-09-09 05:43:50,061 [pool-469-thread-1] INFO  storage.RaftStorageDirectory (RaftStorageDirectory.java:analyzeStorage(246)) - The storage directory /workdir/hadoop-ozone/integration-test/target/test-dir/MiniOzoneClusterImpl-a69cff32-9aaa-43e1-bc72-d1174bd05902/datanode-6/data/ratis/8e3f610c-5191-460c-b95f-8f5511676960 does not exist. Creating ...
2019-09-09 05:43:50,061 [pool-439-thread-1] INFO  impl.RaftServerImpl (RaftServerImpl.java:<init>(95)) - bc5c2372-d7f1-4de5-bb1b-5feb1335ebc5: new RaftServerImpl for group-8F5511676960:[bc5c2372-d7f1-4de5-bb1b-5feb1335ebc5:192.168.34.6:37777, 2ec847ce-af00-4363-8eac-0e7a739063af:192.168.34.6:43731, 6213d06b-cb1c-43dd-962e-e038376d1825:192.168.34.6:37053] with ContainerStateMachine:uninitialized
2019-09-09 05:43:50,062 [pool-439-thread-1] INFO  server.RaftServerConfigKeys (ConfUtils.java:logGet(43)) - raft.server.rpc.timeout.min = 5s (custom)
2019-09-09 05:43:50,062 [pool-449-thread-1] INFO  impl.RaftServerImpl (RaftServerImpl.java:<init>(95)) - 2ec847ce-af00-4363-8eac-0e7a739063af: new RaftServerImpl for group-8F5511676960:[bc5c2372-d7f1-4de5-bb1b-5feb1335ebc5:192.168.34.6:37777, 2ec847ce-af00-4363-8eac-0e7a739063af:192.168.34.6:43731, 6213d06b-cb1c-43dd-962e-e038376d1825:192.168.34.6:37053] with ContainerStateMachine:uninitialized
2019-09-09 05:43:50,062 [pool-439-thread-1] INFO  server.RaftServerConfigKeys (ConfUtils.java:logGet(43)) - raft.server.rpc.timeout.max = 5200ms (custom)
2019-09-09 05:43:50,062 [pool-449-thread-1] INFO  server.RaftServerConfigKeys (ConfUtils.java:logGet(43)) - raft.server.rpc.timeout.min = 5s (custom)
2019-09-09 05:43:50,062 [pool-439-thread-1] INFO  server.RaftServerConfigKeys (ConfUtils.java:logGet(43)) - raft.server.rpcslowness.timeout = 120s (custom)
2019-09-09 05:43:50,062 [pool-449-thread-1] INFO  server.RaftServerConfigKeys (ConfUtils.java:logGet(43)) - raft.server.rpc.timeout.max = 5200ms (custom)
2019-09-09 05:43:50,062 [pool-439-thread-1] INFO  server.RaftServerConfigKeys (ConfUtils.java:logGet(43)) - raft.server.sleep.deviation.threshold = 300 (default)
2019-09-09 05:43:50,062 [pool-449-thread-1] INFO  server.RaftServerConfigKeys (ConfUtils.java:logGet(43)) - raft.server.rpcslowness.timeout = 120s (custom)
2019-09-09 05:43:50,063 [pool-439-thread-1] INFO  server.RaftServerConfigKeys (ConfUtils.java:logGet(43)) - raft.server.log.appender.install.snapshot.enabled = false (custom)
2019-09-09 05:43:50,063 [pool-449-thread-1] INFO  server.RaftServerConfigKeys (ConfUtils.java:logGet(43)) - raft.server.sleep.deviation.threshold = 300 (default)
2019-09-09 05:43:50,063 [pool-439-thread-1] INFO  impl.RaftServerImpl (ServerState.java:<init>(103)) - bc5c2372-d7f1-4de5-bb1b-5feb1335ebc5@group-8F5511676960: ConfigurationManager, init=-1: [bc5c2372-d7f1-4de5-bb1b-5feb1335ebc5:192.168.34.6:37777, 2ec847ce-af00-4363-8eac-0e7a739063af:192.168.34.6:43731, 6213d06b-cb1c-43dd-962e-e038376d1825:192.168.34.6:37053], old=null, confs=<EMPTY_MAP>
2019-09-09 05:43:50,063 [pool-449-thread-1] INFO  server.RaftServerConfigKeys (ConfUtils.java:logGet(43)) - raft.server.log.appender.install.snapshot.enabled = false (custom)
2019-09-09 05:43:50,063 [pool-439-thread-1] INFO  server.RaftServerConfigKeys (ConfUtils.java:logGet(43)) - raft.server.storage.dir = [/workdir/hadoop-ozone/integration-test/target/test-dir/MiniOzoneClusterImpl-a69cff32-9aaa-43e1-bc72-d1174bd05902/datanode-3/data/ratis] (custom)
2019-09-09 05:43:50,063 [pool-449-thread-1] INFO  impl.RaftServerImpl (ServerState.java:<init>(103)) - 2ec847ce-af00-4363-8eac-0e7a739063af@group-8F5511676960: ConfigurationManager, init=-1: [bc5c2372-d7f1-4de5-bb1b-5feb1335ebc5:192.168.34.6:37777, 2ec847ce-af00-4363-8eac-0e7a739063af:192.168.34.6:43731, 6213d06b-cb1c-43dd-962e-e038376d1825:192.168.34.6:37053], old=null, confs=<EMPTY_MAP>
2019-09-09 05:43:50,063 [pool-449-thread-1] INFO  server.RaftServerConfigKeys (ConfUtils.java:logGet(43)) - raft.server.storage.dir = [/workdir/hadoop-ozone/integration-test/target/test-dir/MiniOzoneClusterImpl-a69cff32-9aaa-43e1-bc72-d1174bd05902/datanode-4/data/ratis] (custom)
2019-09-09 05:43:50,063 [pool-439-thread-1] INFO  storage.RaftStorageDirectory (RaftStorageDirectory.java:analyzeStorage(246)) - The storage directory /workdir/hadoop-ozone/integration-test/target/test-dir/MiniOzoneClusterImpl-a69cff32-9aaa-43e1-bc72-d1174bd05902/datanode-3/data/ratis/8e3f610c-5191-460c-b95f-8f5511676960 does not exist. Creating ...
2019-09-09 05:43:50,063 [pool-449-thread-1] INFO  storage.RaftStorageDirectory (RaftStorageDirectory.java:analyzeStorage(246)) - The storage directory /workdir/hadoop-ozone/integration-test/target/test-dir/MiniOzoneClusterImpl-a69cff32-9aaa-43e1-bc72-d1174bd05902/datanode-4/data/ratis/8e3f610c-5191-460c-b95f-8f5511676960 does not exist. Creating ...
2019-09-09 05:43:50,075 [pool-439-thread-1] INFO  storage.RaftStorageDirectory (RaftStorageDirectory.java:tryLock(328)) - Lock on /workdir/hadoop-ozone/integration-test/target/test-dir/MiniOzoneClusterImpl-a69cff32-9aaa-43e1-bc72-d1174bd05902/datanode-3/data/ratis/8e3f610c-5191-460c-b95f-8f5511676960/in_use.lock acquired by nodename 4067@trunk-nightly-20190909-tk4cs-374463008
2019-09-09 05:43:50,075 [pool-449-thread-1] INFO  storage.RaftStorageDirectory (RaftStorageDirectory.java:tryLock(328)) - Lock on /workdir/hadoop-ozone/integration-test/target/test-dir/MiniOzoneClusterImpl-a69cff32-9aaa-43e1-bc72-d1174bd05902/datanode-4/data/ratis/8e3f610c-5191-460c-b95f-8f5511676960/in_use.lock acquired by nodename 4067@trunk-nightly-20190909-tk4cs-374463008
2019-09-09 05:43:50,075 [pool-469-thread-1] INFO  storage.RaftStorageDirectory (RaftStorageDirectory.java:tryLock(328)) - Lock on /workdir/hadoop-ozone/integration-test/target/test-dir/MiniOzoneClusterImpl-a69cff32-9aaa-43e1-bc72-d1174bd05902/datanode-6/data/ratis/8e3f610c-5191-460c-b95f-8f5511676960/in_use.lock acquired by nodename 4067@trunk-nightly-20190909-tk4cs-374463008
2019-09-09 05:43:50,090 [pool-469-thread-1] INFO  storage.RaftStorage (RaftStorage.java:format(72)) - Storage directory /workdir/hadoop-ozone/integration-test/target/test-dir/MiniOzoneClusterImpl-a69cff32-9aaa-43e1-bc72-d1174bd05902/datanode-6/data/ratis/8e3f610c-5191-460c-b95f-8f5511676960 has been successfully formatted.
2019-09-09 05:43:50,090 [pool-439-thread-1] INFO  storage.RaftStorage (RaftStorage.java:format(72)) - Storage directory /workdir/hadoop-ozone/integration-test/target/test-dir/MiniOzoneClusterImpl-a69cff32-9aaa-43e1-bc72-d1174bd05902/datanode-3/data/ratis/8e3f610c-5191-460c-b95f-8f5511676960 has been successfully formatted.
2019-09-09 05:43:50,090 [pool-449-thread-1] INFO  storage.RaftStorage (RaftStorage.java:format(72)) - Storage directory /workdir/hadoop-ozone/integration-test/target/test-dir/MiniOzoneClusterImpl-a69cff32-9aaa-43e1-bc72-d1174bd05902/datanode-4/data/ratis/8e3f610c-5191-460c-b95f-8f5511676960 has been successfully formatted.
2019-09-09 05:43:50,090 [pool-469-thread-1] INFO  ratis.ContainerStateMachine (ContainerStateMachine.java:loadSnapshot(232)) - group-8F5511676960: The snapshot info is null. Setting the last applied indexto:(t:0, i:~)
2019-09-09 05:43:50,090 [pool-449-thread-1] INFO  ratis.ContainerStateMachine (ContainerStateMachine.java:loadSnapshot(232)) - group-8F5511676960: The snapshot info is null. Setting the last applied indexto:(t:0, i:~)
2019-09-09 05:43:50,090 [pool-439-thread-1] INFO  ratis.ContainerStateMachine (ContainerStateMachine.java:loadSnapshot(232)) - group-8F5511676960: The snapshot info is null. Setting the last applied indexto:(t:0, i:~)
2019-09-09 05:43:50,090 [pool-449-thread-1] INFO  server.RaftServerConfigKeys (ConfUtils.java:logGet(43)) - raft.server.notification.no-leader.timeout = 120s (custom)
2019-09-09 05:43:50,090 [pool-469-thread-1] INFO  server.RaftServerConfigKeys (ConfUtils.java:logGet(43)) - raft.server.notification.no-leader.timeout = 120s (custom)
2019-09-09 05:43:50,091 [pool-449-thread-1] INFO  server.RaftServerConfigKeys (ConfUtils.java:logGet(43)) - raft.server.log.use.memory = false (default)
2019-09-09 05:43:50,090 [pool-439-thread-1] INFO  server.RaftServerConfigKeys (ConfUtils.java:logGet(43)) - raft.server.notification.no-leader.timeout = 120s (custom)
2019-09-09 05:43:50,091 [pool-449-thread-1] INFO  server.RaftServerConfigKeys (ConfUtils.java:logGet(43)) - raft.server.log.purge.gap = 1000000 (custom)
2019-09-09 05:43:50,091 [pool-469-thread-1] INFO  server.RaftServerConfigKeys (ConfUtils.java:logGet(43)) - raft.server.log.use.memory = false (default)
2019-09-09 05:43:50,091 [pool-449-thread-1] INFO  server.RaftServerConfigKeys (ConfUtils.java:logGet(43)) - raft.server.log.appender.buffer.byte-limit = 33554432 (custom)
2019-09-09 05:43:50,091 [pool-439-thread-1] INFO  server.RaftServerConfigKeys (ConfUtils.java:logGet(43)) - raft.server.log.use.memory = false (default)
2019-09-09 05:43:50,091 [pool-449-thread-1] INFO  server.RaftServerConfigKeys (ConfUtils.java:logGet(43)) - raft.server.log.segment.size.max = 1048576 (custom)
2019-09-09 05:43:50,091 [pool-469-thread-1] INFO  server.RaftServerConfigKeys (ConfUtils.java:logGet(43)) - raft.server.log.purge.gap = 1000000 (custom)
2019-09-09 05:43:50,092 [pool-449-thread-1] INFO  server.RaftServerConfigKeys (ConfUtils.java:logGet(43)) - raft.server.log.segment.cache.num.max = 2 (custom)
2019-09-09 05:43:50,091 [pool-439-thread-1] INFO  server.RaftServerConfigKeys (ConfUtils.java:logGet(43)) - raft.server.log.purge.gap = 1000000 (custom)
2019-09-09 05:43:50,092 [pool-449-thread-1] INFO  segmented.SegmentedRaftLogWorker (SegmentedRaftLogWorker.java:<init>(172)) - new 2ec847ce-af00-4363-8eac-0e7a739063af@group-8F5511676960-SegmentedRaftLogWorker for RaftStorage:Storage Directory /workdir/hadoop-ozone/integration-test/target/test-dir/MiniOzoneClusterImpl-a69cff32-9aaa-43e1-bc72-d1174bd05902/datanode-4/data/ratis/8e3f610c-5191-460c-b95f-8f5511676960
2019-09-09 05:43:50,092 [pool-469-thread-1] INFO  server.RaftServerConfigKeys (ConfUtils.java:logGet(43)) - raft.server.log.appender.buffer.byte-limit = 33554432 (custom)
2019-09-09 05:43:50,092 [pool-449-thread-1] INFO  server.RaftServerConfigKeys (ConfUtils.java:logGet(43)) - raft.server.log.queue.byte-limit = 2147483647 (custom)
2019-09-09 05:43:50,092 [pool-439-thread-1] INFO  server.RaftServerConfigKeys (ConfUtils.java:logGet(43)) - raft.server.log.appender.buffer.byte-limit = 33554432 (custom)
2019-09-09 05:43:50,092 [pool-449-thread-1] INFO  server.RaftServerConfigKeys (ConfUtils.java:logGet(43)) - raft.server.log.queue.element-limit = 1024 (custom)
2019-09-09 05:43:50,092 [pool-469-thread-1] INFO  server.RaftServerConfigKeys (ConfUtils.java:logGet(43)) - raft.server.log.segment.size.max = 1048576 (custom)
2019-09-09 05:43:50,092 [pool-449-thread-1] INFO  server.RaftServerConfigKeys (ConfUtils.java:logGet(43)) - raft.server.log.segment.size.max = 1048576 (custom)
2019-09-09 05:43:50,093 [pool-449-thread-1] INFO  server.RaftServerConfigKeys (ConfUtils.java:logGet(43)) - raft.server.log.preallocated.size = 16384 (custom)
2019-09-09 05:43:50,092 [pool-439-thread-1] INFO  server.RaftServerConfigKeys (ConfUtils.java:logGet(43)) - raft.server.log.segment.size.max = 1048576 (custom)
2019-09-09 05:43:50,093 [pool-449-thread-1] INFO  server.RaftServerConfigKeys (ConfUtils.java:logGet(43)) - raft.server.log.write.buffer.size = 33554432 (custom)
2019-09-09 05:43:50,093 [pool-449-thread-1] INFO  server.RaftServerConfigKeys (ConfUtils.java:logGet(43)) - raft.server.log.force.sync.num = 128 (default)
2019-09-09 05:43:50,093 [pool-469-thread-1] INFO  server.RaftServerConfigKeys (ConfUtils.java:logGet(43)) - raft.server.log.segment.cache.num.max = 2 (custom)
2019-09-09 05:43:50,093 [pool-449-thread-1] INFO  server.RaftServerConfigKeys (ConfUtils.java:logGet(43)) - raft.server.log.statemachine.data.sync = true (default)
2019-09-09 05:43:50,094 [pool-449-thread-1] INFO  server.RaftServerConfigKeys (ConfUtils.java:logGet(43)) - raft.server.log.statemachine.data.sync.timeout = 10s (default)
2019-09-09 05:43:50,093 [pool-439-thread-1] INFO  server.RaftServerConfigKeys (ConfUtils.java:logGet(43)) - raft.server.log.segment.cache.num.max = 2 (custom)
2019-09-09 05:43:50,094 [pool-449-thread-1] INFO  server.RaftServerConfigKeys (ConfUtils.java:logGet(43)) - raft.server.log.statemachine.data.sync.timeout.retry = -1 (default)
2019-09-09 05:43:50,093 [pool-469-thread-1] INFO  segmented.SegmentedRaftLogWorker (SegmentedRaftLogWorker.java:<init>(172)) - new 6213d06b-cb1c-43dd-962e-e038376d1825@group-8F5511676960-SegmentedRaftLogWorker for RaftStorage:Storage Directory /workdir/hadoop-ozone/integration-test/target/test-dir/MiniOzoneClusterImpl-a69cff32-9aaa-43e1-bc72-d1174bd05902/datanode-6/data/ratis/8e3f610c-5191-460c-b95f-8f5511676960
2019-09-09 05:43:50,094 [pool-449-thread-1] INFO  server.RaftServerConfigKeys (ConfUtils.java:logGet(43)) - raft.server.log.statemachine.data.caching.enabled = true (custom)
2019-09-09 05:43:50,094 [pool-439-thread-1] INFO  segmented.SegmentedRaftLogWorker (SegmentedRaftLogWorker.java:<init>(172)) - new bc5c2372-d7f1-4de5-bb1b-5feb1335ebc5@group-8F5511676960-SegmentedRaftLogWorker for RaftStorage:Storage Directory /workdir/hadoop-ozone/integration-test/target/test-dir/MiniOzoneClusterImpl-a69cff32-9aaa-43e1-bc72-d1174bd05902/datanode-3/data/ratis/8e3f610c-5191-460c-b95f-8f5511676960
2019-09-09 05:43:50,094 [pool-469-thread-1] INFO  server.RaftServerConfigKeys (ConfUtils.java:logGet(43)) - raft.server.log.queue.byte-limit = 2147483647 (custom)
2019-09-09 05:43:50,094 [pool-449-thread-1] INFO  segmented.SegmentedRaftLogWorker (SegmentedRaftLogWorker.java:lambda$new$0(132)) - 2ec847ce-af00-4363-8eac-0e7a739063af@group-8F5511676960-SegmentedRaftLogWorker: flushIndex: setUnconditionally 0 -> -1
2019-09-09 05:43:50,094 [pool-439-thread-1] INFO  server.RaftServerConfigKeys (ConfUtils.java:logGet(43)) - raft.server.log.queue.byte-limit = 2147483647 (custom)
2019-09-09 05:43:50,094 [pool-469-thread-1] INFO  server.RaftServerConfigKeys (ConfUtils.java:logGet(43)) - raft.server.log.queue.element-limit = 1024 (custom)
2019-09-09 05:43:50,095 [pool-449-thread-1] INFO  server.RaftServerConfigKeys (ConfUtils.java:logGet(43)) - raft.server.snapshot.auto.trigger.enabled = true (custom)
2019-09-09 05:43:50,095 [pool-439-thread-1] INFO  server.RaftServerConfigKeys (ConfUtils.java:logGet(43)) - raft.server.log.queue.element-limit = 1024 (custom)
2019-09-09 05:43:50,095 [pool-449-thread-1] INFO  server.RaftServerConfigKeys (ConfUtils.java:logGet(43)) - raft.server.snapshot.auto.trigger.threshold = 10000 (custom)
2019-09-09 05:43:50,095 [pool-469-thread-1] INFO  server.RaftServerConfigKeys (ConfUtils.java:logGet(43)) - raft.server.log.segment.size.max = 1048576 (custom)
2019-09-09 05:43:50,095 [pool-449-thread-1] INFO  server.RaftServerConfigKeys (ConfUtils.java:logGet(43)) - raft.server.snapshot.retention.num.files = -1 (default)
2019-09-09 05:43:50,095 [pool-439-thread-1] INFO  server.RaftServerConfigKeys (ConfUtils.java:logGet(43)) - raft.server.log.segment.size.max = 1048576 (custom)
2019-09-09 05:43:50,095 [pool-449-thread-1] INFO  server.RaftServerConfigKeys (ConfUtils.java:logGet(43)) - raft.server.retrycache.expirytime = 600000ms (custom)
2019-09-09 05:43:50,095 [pool-469-thread-1] INFO  server.RaftServerConfigKeys (ConfUtils.java:logGet(43)) - raft.server.log.preallocated.size = 16384 (custom)
2019-09-09 05:43:50,096 [pool-439-thread-1] INFO  server.RaftServerConfigKeys (ConfUtils.java:logGet(43)) - raft.server.log.preallocated.size = 16384 (custom)
2019-09-09 05:43:50,096 [pool-469-thread-1] INFO  server.RaftServerConfigKeys (ConfUtils.java:logGet(43)) - raft.server.log.write.buffer.size = 33554432 (custom)
2019-09-09 05:43:50,096 [pool-439-thread-1] INFO  server.RaftServerConfigKeys (ConfUtils.java:logGet(43)) - raft.server.log.write.buffer.size = 33554432 (custom)
2019-09-09 05:43:50,096 [pool-469-thread-1] INFO  server.RaftServerConfigKeys (ConfUtils.java:logGet(43)) - raft.server.log.force.sync.num = 128 (default)
2019-09-09 05:43:50,096 [pool-439-thread-1] INFO  server.RaftServerConfigKeys (ConfUtils.java:logGet(43)) - raft.server.log.force.sync.num = 128 (default)
2019-09-09 05:43:50,096 [pool-469-thread-1] INFO  server.RaftServerConfigKeys (ConfUtils.java:logGet(43)) - raft.server.log.statemachine.data.sync = true (default)
2019-09-09 05:43:50,096 [pool-439-thread-1] INFO  server.RaftServerConfigKeys (ConfUtils.java:logGet(43)) - raft.server.log.statemachine.data.sync = true (default)
2019-09-09 05:43:50,096 [pool-469-thread-1] INFO  server.RaftServerConfigKeys (ConfUtils.java:logGet(43)) - raft.server.log.statemachine.data.sync.timeout = 10s (default)
2019-09-09 05:43:50,097 [pool-439-thread-1] INFO  server.RaftServerConfigKeys (ConfUtils.java:logGet(43)) - raft.server.log.statemachine.data.sync.timeout = 10s (default)
2019-09-09 05:43:50,097 [pool-469-thread-1] INFO  server.RaftServerConfigKeys (ConfUtils.java:logGet(43)) - raft.server.log.statemachine.data.sync.timeout.retry = -1 (default)
2019-09-09 05:43:50,097 [pool-439-thread-1] INFO  server.RaftServerConfigKeys (ConfUtils.java:logGet(43)) - raft.server.log.statemachine.data.sync.timeout.retry = -1 (default)
2019-09-09 05:43:50,097 [pool-469-thread-1] INFO  server.RaftServerConfigKeys (ConfUtils.java:logGet(43)) - raft.server.log.statemachine.data.caching.enabled = true (custom)
2019-09-09 05:43:50,097 [pool-439-thread-1] INFO  server.RaftServerConfigKeys (ConfUtils.java:logGet(43)) - raft.server.log.statemachine.data.caching.enabled = true (custom)
2019-09-09 05:43:50,097 [pool-469-thread-1] INFO  segmented.SegmentedRaftLogWorker (SegmentedRaftLogWorker.java:lambda$new$0(132)) - 6213d06b-cb1c-43dd-962e-e038376d1825@group-8F5511676960-SegmentedRaftLogWorker: flushIndex: setUnconditionally 0 -> -1
2019-09-09 05:43:50,097 [pool-449-thread-1] INFO  impl.RaftServerImpl (RaftServerImpl.java:start(185)) - 2ec847ce-af00-4363-8eac-0e7a739063af@group-8F5511676960: start as a follower, conf=-1: [bc5c2372-d7f1-4de5-bb1b-5feb1335ebc5:192.168.34.6:37777, 2ec847ce-af00-4363-8eac-0e7a739063af:192.168.34.6:43731, 6213d06b-cb1c-43dd-962e-e038376d1825:192.168.34.6:37053], old=null
2019-09-09 05:43:50,097 [pool-469-thread-1] INFO  server.RaftServerConfigKeys (ConfUtils.java:logGet(43)) - raft.server.snapshot.auto.trigger.enabled = true (custom)
2019-09-09 05:43:50,097 [pool-439-thread-1] INFO  segmented.SegmentedRaftLogWorker (SegmentedRaftLogWorker.java:lambda$new$0(132)) - bc5c2372-d7f1-4de5-bb1b-5feb1335ebc5@group-8F5511676960-SegmentedRaftLogWorker: flushIndex: setUnconditionally 0 -> -1
2019-09-09 05:43:50,098 [pool-469-thread-1] INFO  server.RaftServerConfigKeys (ConfUtils.java:logGet(43)) - raft.server.snapshot.auto.trigger.threshold = 10000 (custom)
2019-09-09 05:43:50,097 [pool-449-thread-1] INFO  impl.RaftServerImpl (RaftServerImpl.java:setRole(174)) - 2ec847ce-af00-4363-8eac-0e7a739063af@group-8F5511676960: changes role from      null to FOLLOWER at term 0 for startAsFollower
2019-09-09 05:43:50,098 [pool-439-thread-1] INFO  server.RaftServerConfigKeys (ConfUtils.java:logGet(43)) - raft.server.snapshot.auto.trigger.enabled = true (custom)
2019-09-09 05:43:50,098 [pool-469-thread-1] INFO  server.RaftServerConfigKeys (ConfUtils.java:logGet(43)) - raft.server.snapshot.retention.num.files = -1 (default)
2019-09-09 05:43:50,098 [pool-439-thread-1] INFO  server.RaftServerConfigKeys (ConfUtils.java:logGet(43)) - raft.server.snapshot.auto.trigger.threshold = 10000 (custom)
2019-09-09 05:43:50,098 [pool-449-thread-1] INFO  impl.RoleInfo (RoleInfo.java:updateAndGet(143)) - 2ec847ce-af00-4363-8eac-0e7a739063af: start FollowerState
2019-09-09 05:43:50,098 [pool-439-thread-1] INFO  server.RaftServerConfigKeys (ConfUtils.java:logGet(43)) - raft.server.snapshot.retention.num.files = -1 (default)
2019-09-09 05:43:50,098 [pool-469-thread-1] INFO  server.RaftServerConfigKeys (ConfUtils.java:logGet(43)) - raft.server.retrycache.expirytime = 600000ms (custom)
2019-09-09 05:43:50,098 [pool-439-thread-1] INFO  server.RaftServerConfigKeys (ConfUtils.java:logGet(43)) - raft.server.retrycache.expirytime = 600000ms (custom)
2019-09-09 05:43:50,099 [pool-449-thread-1] INFO  util.JmxRegister (JmxRegister.java:tryRegister(44)) - Successfully registered JMX Bean with object name Ratis:service=RaftServer,group=group-8F5511676960,id=2ec847ce-af00-4363-8eac-0e7a739063af
2019-09-09 05:43:50,103 [pool-469-thread-1] INFO  impl.RaftServerImpl (RaftServerImpl.java:start(185)) - 6213d06b-cb1c-43dd-962e-e038376d1825@group-8F5511676960: start as a follower, conf=-1: [bc5c2372-d7f1-4de5-bb1b-5feb1335ebc5:192.168.34.6:37777, 2ec847ce-af00-4363-8eac-0e7a739063af:192.168.34.6:43731, 6213d06b-cb1c-43dd-962e-e038376d1825:192.168.34.6:37053], old=null
2019-09-09 05:43:50,103 [pool-469-thread-1] INFO  impl.RaftServerImpl (RaftServerImpl.java:setRole(174)) - 6213d06b-cb1c-43dd-962e-e038376d1825@group-8F5511676960: changes role from      null to FOLLOWER at term 0 for startAsFollower
2019-09-09 05:43:50,103 [pool-469-thread-1] INFO  impl.RoleInfo (RoleInfo.java:updateAndGet(143)) - 6213d06b-cb1c-43dd-962e-e038376d1825: start FollowerState
2019-09-09 05:43:50,103 [pool-439-thread-1] INFO  impl.RaftServerImpl (RaftServerImpl.java:start(185)) - bc5c2372-d7f1-4de5-bb1b-5feb1335ebc5@group-8F5511676960: start as a follower, conf=-1: [bc5c2372-d7f1-4de5-bb1b-5feb1335ebc5:192.168.34.6:37777, 2ec847ce-af00-4363-8eac-0e7a739063af:192.168.34.6:43731, 6213d06b-cb1c-43dd-962e-e038376d1825:192.168.34.6:37053], old=null
2019-09-09 05:43:50,103 [pool-469-thread-1] INFO  util.JmxRegister (JmxRegister.java:tryRegister(44)) - Successfully registered JMX Bean with object name Ratis:service=RaftServer,group=group-8F5511676960,id=6213d06b-cb1c-43dd-962e-e038376d1825
2019-09-09 05:43:50,103 [pool-439-thread-1] INFO  impl.RaftServerImpl (RaftServerImpl.java:setRole(174)) - bc5c2372-d7f1-4de5-bb1b-5feb1335ebc5@group-8F5511676960: changes role from      null to FOLLOWER at term 0 for startAsFollower
2019-09-09 05:43:50,104 [pool-439-thread-1] INFO  impl.RoleInfo (RoleInfo.java:updateAndGet(143)) - bc5c2372-d7f1-4de5-bb1b-5feb1335ebc5: start FollowerState
2019-09-09 05:43:50,107 [pool-439-thread-1] INFO  util.JmxRegister (JmxRegister.java:tryRegister(44)) - Successfully registered JMX Bean with object name Ratis:service=RaftServer,group=group-8F5511676960,id=bc5c2372-d7f1-4de5-bb1b-5feb1335ebc5
2019-09-09 05:43:50,110 [RatisPipelineUtilsThread] INFO  pipeline.PipelineStateManager (PipelineStateManager.java:addPipeline(56)) - Created pipeline Pipeline[ Id: 8e3f610c-5191-460c-b95f-8f5511676960, Nodes: 6213d06b-cb1c-43dd-962e-e038376d1825{ip: 192.168.34.6, host: trunk-nightly-20190909-tk4cs-374463008, networkLocation: /default-rack, certSerialId: null}bc5c2372-d7f1-4de5-bb1b-5feb1335ebc5{ip: 192.168.34.6, host: trunk-nightly-20190909-tk4cs-374463008, networkLocation: /default-rack, certSerialId: null}2ec847ce-af00-4363-8eac-0e7a739063af{ip: 192.168.34.6, host: trunk-nightly-20190909-tk4cs-374463008, networkLocation: /default-rack, certSerialId: null}, Type:RATIS, Factor:THREE, State:OPEN]
2019-09-09 05:43:50,130 [grpc-default-executor-4] INFO  client.GrpcClientProtocolClient (GrpcClientProtocolClient.java:onNext(264)) - client-0BA03DD15845->6213d06b-cb1c-43dd-962e-e038376d1825: receive RaftClientReply:client-0BA03DD15845->6213d06b-cb1c-43dd-962e-e038376d1825@group-8F5511676960, cid=173, FAILED org.apache.ratis.protocol.NotLeaderException: Server 6213d06b-cb1c-43dd-962e-e038376d1825@group-8F5511676960 is not the leader, logIndex=0, commits[6213d06b-cb1c-43dd-962e-e038376d1825:c-1]
2019-09-09 05:43:51,149 [grpc-default-executor-7] INFO  client.GrpcClientProtocolClient (GrpcClientProtocolClient.java:onNext(264)) - client-0BA03DD15845->bc5c2372-d7f1-4de5-bb1b-5feb1335ebc5: receive RaftClientReply:client-0BA03DD15845->bc5c2372-d7f1-4de5-bb1b-5feb1335ebc5@group-8F5511676960, cid=173, FAILED org.apache.ratis.protocol.NotLeaderException: Server bc5c2372-d7f1-4de5-bb1b-5feb1335ebc5@group-8F5511676960 is not the leader, logIndex=0, commits[bc5c2372-d7f1-4de5-bb1b-5feb1335ebc5:c-1]
2019-09-09 05:43:52,162 [grpc-default-executor-7] INFO  client.GrpcClientProtocolClient (GrpcClientProtocolClient.java:onNext(264)) - client-0BA03DD15845->6213d06b-cb1c-43dd-962e-e038376d1825: receive RaftClientReply:client-0BA03DD15845->6213d06b-cb1c-43dd-962e-e038376d1825@group-8F5511676960, cid=173, FAILED org.apache.ratis.protocol.NotLeaderException: Server 6213d06b-cb1c-43dd-962e-e038376d1825@group-8F5511676960 is not the leader, logIndex=0, commits[6213d06b-cb1c-43dd-962e-e038376d1825:c-1]
2019-09-09 05:43:52,607 [Thread-3044] INFO  container.ReplicationManager (ReplicationManager.java:start(162)) - Starting Replication Monitor Thread.
2019-09-09 05:43:52,612 [ReplicationMonitor] INFO  container.ReplicationManager (ReplicationManager.java:run(225)) - Replication Monitor Thread took 0 milliseconds for processing 1 containers.
2019-09-09 05:43:53,177 [grpc-default-executor-7] INFO  client.GrpcClientProtocolClient (GrpcClientProtocolClient.java:onNext(264)) - client-0BA03DD15845->bc5c2372-d7f1-4de5-bb1b-5feb1335ebc5: receive RaftClientReply:client-0BA03DD15845->bc5c2372-d7f1-4de5-bb1b-5feb1335ebc5@group-8F5511676960, cid=173, FAILED org.apache.ratis.protocol.NotLeaderException: Server bc5c2372-d7f1-4de5-bb1b-5feb1335ebc5@group-8F5511676960 is not the leader, logIndex=0, commits[bc5c2372-d7f1-4de5-bb1b-5feb1335ebc5:c-1]
2019-09-09 05:43:54,191 [grpc-default-executor-7] INFO  client.GrpcClientProtocolClient (GrpcClientProtocolClient.java:onNext(264)) - client-0BA03DD15845->2ec847ce-af00-4363-8eac-0e7a739063af: receive RaftClientReply:client-0BA03DD15845->2ec847ce-af00-4363-8eac-0e7a739063af@group-8F5511676960, cid=173, FAILED org.apache.ratis.protocol.NotLeaderException: Server 2ec847ce-af00-4363-8eac-0e7a739063af@group-8F5511676960 is not the leader, logIndex=0, commits[2ec847ce-af00-4363-8eac-0e7a739063af:c-1]
2019-09-09 05:43:54,676 [Thread-3046] INFO  impl.FollowerState (FollowerState.java:run(106)) - 7266534e-3c5c-4a76-a198-926e09974878:group-5E8AFB7CB0CC changes to CANDIDATE, lastRpcTime:5019, electionTimeout:5019ms
2019-09-09 05:43:54,677 [Thread-3046] INFO  impl.RoleInfo (RoleInfo.java:shutdownFollowerState(121)) - 7266534e-3c5c-4a76-a198-926e09974878: shutdown FollowerState
2019-09-09 05:43:54,677 [Thread-3046] INFO  impl.RaftServerImpl (RaftServerImpl.java:setRole(174)) - 7266534e-3c5c-4a76-a198-926e09974878@group-5E8AFB7CB0CC: changes role from  FOLLOWER to CANDIDATE at term 0 for changeToCandidate
2019-09-09 05:43:54,677 [Thread-3046] INFO  impl.RoleInfo (RoleInfo.java:updateAndGet(143)) - 7266534e-3c5c-4a76-a198-926e09974878: start LeaderElection
2019-09-09 05:43:54,697 [7266534e-3c5c-4a76-a198-926e09974878@group-5E8AFB7CB0CC:LeaderElection60] INFO  impl.LeaderElection (LeaderElection.java:askForVotes(182)) - 7266534e-3c5c-4a76-a198-926e09974878@group-5E8AFB7CB0CC:LeaderElection60: begin an election at term 1 for -1: [7266534e-3c5c-4a76-a198-926e09974878:192.168.34.6:44088], old=null
2019-09-09 05:43:54,697 [7266534e-3c5c-4a76-a198-926e09974878@group-5E8AFB7CB0CC:LeaderElection60] INFO  impl.RoleInfo (RoleInfo.java:shutdownLeaderElection(134)) - 7266534e-3c5c-4a76-a198-926e09974878: shutdown LeaderElection
2019-09-09 05:43:54,697 [7266534e-3c5c-4a76-a198-926e09974878@group-5E8AFB7CB0CC:LeaderElection60] INFO  impl.RaftServerImpl (RaftServerImpl.java:setRole(174)) - 7266534e-3c5c-4a76-a198-926e09974878@group-5E8AFB7CB0CC: changes role from CANDIDATE to LEADER at term 1 for changeToLeader
2019-09-09 05:43:54,697 [7266534e-3c5c-4a76-a198-926e09974878@group-5E8AFB7CB0CC:LeaderElection60] INFO  impl.RaftServerImpl (ServerState.java:setLeader(253)) - 7266534e-3c5c-4a76-a198-926e09974878@group-5E8AFB7CB0CC: change Leader from null to 7266534e-3c5c-4a76-a198-926e09974878 at term 1 for becomeLeader, leader elected after 5048ms
2019-09-09 05:43:54,697 [7266534e-3c5c-4a76-a198-926e09974878@group-5E8AFB7CB0CC:LeaderElection60] INFO  server.RaftServerConfigKeys (ConfUtils.java:logGet(43)) - raft.server.staging.catchup.gap = 1000 (default)
2019-09-09 05:43:54,698 [7266534e-3c5c-4a76-a198-926e09974878@group-5E8AFB7CB0CC:LeaderElection60] INFO  server.RaftServerConfigKeys (ConfUtils.java:logGet(43)) - raft.server.rpc.sleep.time = 25ms (default)
2019-09-09 05:43:54,698 [7266534e-3c5c-4a76-a198-926e09974878@group-5E8AFB7CB0CC:LeaderElection60] INFO  server.RaftServerConfigKeys (ConfUtils.java:logGet(43)) - raft.server.write.element-limit = 4096 (default)
2019-09-09 05:43:54,698 [7266534e-3c5c-4a76-a198-926e09974878@group-5E8AFB7CB0CC:LeaderElection60] INFO  server.RaftServerConfigKeys (ConfUtils.java:logGet(43)) - raft.server.watch.timeout = 10s (default)
2019-09-09 05:43:54,698 [7266534e-3c5c-4a76-a198-926e09974878@group-5E8AFB7CB0CC:LeaderElection60] INFO  server.RaftServerConfigKeys (ConfUtils.java:logGet(43)) - raft.server.watch.timeout.denomination = 1s (default)
2019-09-09 05:43:54,698 [7266534e-3c5c-4a76-a198-926e09974878@group-5E8AFB7CB0CC:LeaderElection60] INFO  server.RaftServerConfigKeys (ConfUtils.java:logGet(43)) - raft.server.watch.element-limit = 65536 (default)
2019-09-09 05:43:54,700 [7266534e-3c5c-4a76-a198-926e09974878@group-5E8AFB7CB0CC:LeaderElection60] INFO  impl.RoleInfo (RoleInfo.java:updateAndGet(143)) - 7266534e-3c5c-4a76-a198-926e09974878: start LeaderState
2019-09-09 05:43:54,701 [7266534e-3c5c-4a76-a198-926e09974878@group-5E8AFB7CB0CC:LeaderElection60] INFO  segmented.SegmentedRaftLogWorker (SegmentedRaftLogWorker.java:startLogSegment(380)) - 7266534e-3c5c-4a76-a198-926e09974878@group-5E8AFB7CB0CC-SegmentedRaftLogWorker: Starting segment from index:0
2019-09-09 05:43:54,702 [7266534e-3c5c-4a76-a198-926e09974878@group-5E8AFB7CB0CC:LeaderElection60] INFO  impl.RaftServerImpl (ServerState.java:setRaftConf(354)) - 7266534e-3c5c-4a76-a198-926e09974878@group-5E8AFB7CB0CC: set configuration 0: [7266534e-3c5c-4a76-a198-926e09974878:192.168.34.6:44088], old=null at 0
2019-09-09 05:43:54,738 [7266534e-3c5c-4a76-a198-926e09974878@group-5E8AFB7CB0CC-SegmentedRaftLogWorker] INFO  segmented.SegmentedRaftLogWorker (SegmentedRaftLogWorker.java:execute(569)) - 7266534e-3c5c-4a76-a198-926e09974878@group-5E8AFB7CB0CC-SegmentedRaftLogWorker: created new log segment /workdir/hadoop-ozone/integration-test/target/test-dir/MiniOzoneClusterImpl-a69cff32-9aaa-43e1-bc72-d1174bd05902/datanode-0/data/ratis/445ec668-91f4-4d12-873e-5e8afb7cb0cc/current/log_inprogress_0
2019-09-09 05:43:54,812 [Thread-3057] INFO  impl.FollowerState (FollowerState.java:run(106)) - eb1f2c76-46e5-42c5-beea-0ca89a39be26:group-E6A06FFDB88D changes to CANDIDATE, lastRpcTime:5001, electionTimeout:5001ms
2019-09-09 05:43:54,812 [Thread-3057] INFO  impl.RoleInfo (RoleInfo.java:shutdownFollowerState(121)) - eb1f2c76-46e5-42c5-beea-0ca89a39be26: shutdown FollowerState
2019-09-09 05:43:54,812 [Thread-3057] INFO  impl.RaftServerImpl (RaftServerImpl.java:setRole(174)) - eb1f2c76-46e5-42c5-beea-0ca89a39be26@group-E6A06FFDB88D: changes role from  FOLLOWER to CANDIDATE at term 0 for changeToCandidate
2019-09-09 05:43:54,812 [Thread-3057] INFO  impl.RoleInfo (RoleInfo.java:updateAndGet(143)) - eb1f2c76-46e5-42c5-beea-0ca89a39be26: start LeaderElection
2019-09-09 05:43:54,817 [Thread-3052] INFO  impl.FollowerState (FollowerState.java:run(106)) - 6fc22dfd-3a97-447f-a6d6-c779b06b49db:group-D45EBA88E10C changes to CANDIDATE, lastRpcTime:5062, electionTimeout:5060ms
2019-09-09 05:43:54,817 [Thread-3052] INFO  impl.RoleInfo (RoleInfo.java:shutdownFollowerState(121)) - 6fc22dfd-3a97-447f-a6d6-c779b06b49db: shutdown FollowerState
2019-09-09 05:43:54,817 [Thread-3052] INFO  impl.RaftServerImpl (RaftServerImpl.java:setRole(174)) - 6fc22dfd-3a97-447f-a6d6-c779b06b49db@group-D45EBA88E10C: changes role from  FOLLOWER to CANDIDATE at term 0 for changeToCandidate
2019-09-09 05:43:54,818 [Thread-3052] INFO  impl.RoleInfo (RoleInfo.java:updateAndGet(143)) - 6fc22dfd-3a97-447f-a6d6-c779b06b49db: start LeaderElection
2019-09-09 05:43:54,831 [6fc22dfd-3a97-447f-a6d6-c779b06b49db@group-D45EBA88E10C:LeaderElection62] INFO  impl.LeaderElection (LeaderElection.java:askForVotes(182)) - 6fc22dfd-3a97-447f-a6d6-c779b06b49db@group-D45EBA88E10C:LeaderElection62: begin an election at term 1 for -1: [6fc22dfd-3a97-447f-a6d6-c779b06b49db:192.168.34.6:37758], old=null
2019-09-09 05:43:54,831 [eb1f2c76-46e5-42c5-beea-0ca89a39be26@group-E6A06FFDB88D:LeaderElection61] INFO  impl.LeaderElection (LeaderElection.java:askForVotes(182)) - eb1f2c76-46e5-42c5-beea-0ca89a39be26@group-E6A06FFDB88D:LeaderElection61: begin an election at term 1 for -1: [eb1f2c76-46e5-42c5-beea-0ca89a39be26:192.168.34.6:38837, 7266534e-3c5c-4a76-a198-926e09974878:192.168.34.6:44088, 6fc22dfd-3a97-447f-a6d6-c779b06b49db:192.168.34.6:37758], old=null
2019-09-09 05:43:54,831 [6fc22dfd-3a97-447f-a6d6-c779b06b49db@group-D45EBA88E10C:LeaderElection62] INFO  impl.RoleInfo (RoleInfo.java:shutdownLeaderElection(134)) - 6fc22dfd-3a97-447f-a6d6-c779b06b49db: shutdown LeaderElection
2019-09-09 05:43:54,831 [6fc22dfd-3a97-447f-a6d6-c779b06b49db@group-D45EBA88E10C:LeaderElection62] INFO  impl.RaftServerImpl (RaftServerImpl.java:setRole(174)) - 6fc22dfd-3a97-447f-a6d6-c779b06b49db@group-D45EBA88E10C: changes role from CANDIDATE to LEADER at term 1 for changeToLeader
2019-09-09 05:43:54,831 [6fc22dfd-3a97-447f-a6d6-c779b06b49db@group-D45EBA88E10C:LeaderElection62] INFO  impl.RaftServerImpl (ServerState.java:setLeader(253)) - 6fc22dfd-3a97-447f-a6d6-c779b06b49db@group-D45EBA88E10C: change Leader from null to 6fc22dfd-3a97-447f-a6d6-c779b06b49db at term 1 for becomeLeader, leader elected after 5081ms
2019-09-09 05:43:54,832 [6fc22dfd-3a97-447f-a6d6-c779b06b49db@group-D45EBA88E10C:LeaderElection62] INFO  server.RaftServerConfigKeys (ConfUtils.java:logGet(43)) - raft.server.staging.catchup.gap = 1000 (default)
2019-09-09 05:43:54,832 [6fc22dfd-3a97-447f-a6d6-c779b06b49db@group-D45EBA88E10C:LeaderElection62] INFO  server.RaftServerConfigKeys (ConfUtils.java:logGet(43)) - raft.server.rpc.sleep.time = 25ms (default)
2019-09-09 05:43:54,832 [6fc22dfd-3a97-447f-a6d6-c779b06b49db@group-D45EBA88E10C:LeaderElection62] INFO  server.RaftServerConfigKeys (ConfUtils.java:logGet(43)) - raft.server.write.element-limit = 4096 (default)
2019-09-09 05:43:54,832 [6fc22dfd-3a97-447f-a6d6-c779b06b49db@group-D45EBA88E10C:LeaderElection62] INFO  server.RaftServerConfigKeys (ConfUtils.java:logGet(43)) - raft.server.watch.timeout = 10s (default)
2019-09-09 05:43:54,832 [6fc22dfd-3a97-447f-a6d6-c779b06b49db@group-D45EBA88E10C:LeaderElection62] INFO  server.RaftServerConfigKeys (ConfUtils.java:logGet(43)) - raft.server.watch.timeout.denomination = 1s (default)
2019-09-09 05:43:54,832 [6fc22dfd-3a97-447f-a6d6-c779b06b49db@group-D45EBA88E10C:LeaderElection62] INFO  server.RaftServerConfigKeys (ConfUtils.java:logGet(43)) - raft.server.watch.element-limit = 65536 (default)
2019-09-09 05:43:54,833 [6fc22dfd-3a97-447f-a6d6-c779b06b49db@group-D45EBA88E10C:LeaderElection62] INFO  impl.RoleInfo (RoleInfo.java:updateAndGet(143)) - 6fc22dfd-3a97-447f-a6d6-c779b06b49db: start LeaderState
2019-09-09 05:43:54,834 [6fc22dfd-3a97-447f-a6d6-c779b06b49db@group-D45EBA88E10C:LeaderElection62] INFO  segmented.SegmentedRaftLogWorker (SegmentedRaftLogWorker.java:startLogSegment(380)) - 6fc22dfd-3a97-447f-a6d6-c779b06b49db@group-D45EBA88E10C-SegmentedRaftLogWorker: Starting segment from index:0
2019-09-09 05:43:54,834 [6fc22dfd-3a97-447f-a6d6-c779b06b49db@group-D45EBA88E10C:LeaderElection62] INFO  impl.RaftServerImpl (ServerState.java:setRaftConf(354)) - 6fc22dfd-3a97-447f-a6d6-c779b06b49db@group-D45EBA88E10C: set configuration 0: [6fc22dfd-3a97-447f-a6d6-c779b06b49db:192.168.34.6:37758], old=null at 0
2019-09-09 05:43:54,867 [grpc-default-executor-7] INFO  impl.RaftServerImpl (RaftServerImpl.java:setRole(174)) - 6fc22dfd-3a97-447f-a6d6-c779b06b49db@group-E6A06FFDB88D: changes role from  FOLLOWER to FOLLOWER at term 1 for recognizeCandidate:eb1f2c76-46e5-42c5-beea-0ca89a39be26
2019-09-09 05:43:54,868 [grpc-default-executor-7] INFO  impl.RoleInfo (RoleInfo.java:shutdownFollowerState(121)) - 6fc22dfd-3a97-447f-a6d6-c779b06b49db: shutdown FollowerState
2019-09-09 05:43:54,870 [grpc-default-executor-4] INFO  impl.RaftServerImpl (RaftServerImpl.java:setRole(174)) - 7266534e-3c5c-4a76-a198-926e09974878@group-E6A06FFDB88D: changes role from  FOLLOWER to FOLLOWER at term 1 for recognizeCandidate:eb1f2c76-46e5-42c5-beea-0ca89a39be26
2019-09-09 05:43:54,870 [grpc-default-executor-7] INFO  impl.RoleInfo (RoleInfo.java:updateAndGet(143)) - 6fc22dfd-3a97-447f-a6d6-c779b06b49db: start FollowerState
2019-09-09 05:43:54,870 [Thread-3061] INFO  impl.FollowerState (FollowerState.java:run(115)) - 6fc22dfd-3a97-447f-a6d6-c779b06b49db: FollowerState was interrupted: java.lang.InterruptedException: sleep interrupted
2019-09-09 05:43:54,870 [grpc-default-executor-4] INFO  impl.RoleInfo (RoleInfo.java:shutdownFollowerState(121)) - 7266534e-3c5c-4a76-a198-926e09974878: shutdown FollowerState
2019-09-09 05:43:54,872 [6fc22dfd-3a97-447f-a6d6-c779b06b49db@group-D45EBA88E10C-SegmentedRaftLogWorker] INFO  segmented.SegmentedRaftLogWorker (SegmentedRaftLogWorker.java:execute(569)) - 6fc22dfd-3a97-447f-a6d6-c779b06b49db@group-D45EBA88E10C-SegmentedRaftLogWorker: created new log segment /workdir/hadoop-ozone/integration-test/target/test-dir/MiniOzoneClusterImpl-a69cff32-9aaa-43e1-bc72-d1174bd05902/datanode-2/data/ratis/8f69261e-5061-482c-9837-d45eba88e10c/current/log_inprogress_0
2019-09-09 05:43:54,873 [grpc-default-executor-4] INFO  impl.RoleInfo (RoleInfo.java:updateAndGet(143)) - 7266534e-3c5c-4a76-a198-926e09974878: start FollowerState
2019-09-09 05:43:54,873 [Thread-3058] INFO  impl.FollowerState (FollowerState.java:run(115)) - 7266534e-3c5c-4a76-a198-926e09974878: FollowerState was interrupted: java.lang.InterruptedException: sleep interrupted
2019-09-09 05:43:54,875 [Thread-3049] INFO  impl.FollowerState (FollowerState.java:run(106)) - eb1f2c76-46e5-42c5-beea-0ca89a39be26:group-C18EDAA2EBD7 changes to CANDIDATE, lastRpcTime:5169, electionTimeout:5168ms
2019-09-09 05:43:54,875 [Thread-3049] INFO  impl.RoleInfo (RoleInfo.java:shutdownFollowerState(121)) - eb1f2c76-46e5-42c5-beea-0ca89a39be26: shutdown FollowerState
2019-09-09 05:43:54,875 [Thread-3049] INFO  impl.RaftServerImpl (RaftServerImpl.java:setRole(174)) - eb1f2c76-46e5-42c5-beea-0ca89a39be26@group-C18EDAA2EBD7: changes role from  FOLLOWER to CANDIDATE at term 0 for changeToCandidate
2019-09-09 05:43:54,875 [Thread-3049] INFO  impl.RoleInfo (RoleInfo.java:updateAndGet(143)) - eb1f2c76-46e5-42c5-beea-0ca89a39be26: start LeaderElection
2019-09-09 05:43:54,896 [eb1f2c76-46e5-42c5-beea-0ca89a39be26@group-C18EDAA2EBD7:LeaderElection63] INFO  impl.LeaderElection (LeaderElection.java:askForVotes(182)) - eb1f2c76-46e5-42c5-beea-0ca89a39be26@group-C18EDAA2EBD7:LeaderElection63: begin an election at term 1 for -1: [eb1f2c76-46e5-42c5-beea-0ca89a39be26:192.168.34.6:38837], old=null
2019-09-09 05:43:54,896 [eb1f2c76-46e5-42c5-beea-0ca89a39be26@group-C18EDAA2EBD7:LeaderElection63] INFO  impl.RoleInfo (RoleInfo.java:shutdownLeaderElection(134)) - eb1f2c76-46e5-42c5-beea-0ca89a39be26: shutdown LeaderElection
2019-09-09 05:43:54,897 [eb1f2c76-46e5-42c5-beea-0ca89a39be26@group-C18EDAA2EBD7:LeaderElection63] INFO  impl.RaftServerImpl (RaftServerImpl.java:setRole(174)) - eb1f2c76-46e5-42c5-beea-0ca89a39be26@group-C18EDAA2EBD7: changes role from CANDIDATE to LEADER at term 1 for changeToLeader
2019-09-09 05:43:54,897 [eb1f2c76-46e5-42c5-beea-0ca89a39be26@group-C18EDAA2EBD7:LeaderElection63] INFO  impl.RaftServerImpl (ServerState.java:setLeader(253)) - eb1f2c76-46e5-42c5-beea-0ca89a39be26@group-C18EDAA2EBD7: change Leader from null to eb1f2c76-46e5-42c5-beea-0ca89a39be26 at term 1 for becomeLeader, leader elected after 5196ms
2019-09-09 05:43:54,897 [eb1f2c76-46e5-42c5-beea-0ca89a39be26@group-C18EDAA2EBD7:LeaderElection63] INFO  server.RaftServerConfigKeys (ConfUtils.java:logGet(43)) - raft.server.staging.catchup.gap = 1000 (default)
2019-09-09 05:43:54,897 [eb1f2c76-46e5-42c5-beea-0ca89a39be26@group-E6A06FFDB88D:LeaderElection61] INFO  impl.LeaderElection (LeaderElection.java:logAndReturn(56)) - eb1f2c76-46e5-42c5-beea-0ca89a39be26@group-E6A06FFDB88D:LeaderElection61: Election PASSED; received 1 response(s) [eb1f2c76-46e5-42c5-beea-0ca89a39be26<-7266534e-3c5c-4a76-a198-926e09974878#0:OK-t1] and 0 exception(s); eb1f2c76-46e5-42c5-beea-0ca89a39be26@group-E6A06FFDB88D:t1, leader=null, voted=eb1f2c76-46e5-42c5-beea-0ca89a39be26, raftlog=eb1f2c76-46e5-42c5-beea-0ca89a39be26@group-E6A06FFDB88D-SegmentedRaftLog:OPENED:c-1,f-1,i0, conf=-1: [eb1f2c76-46e5-42c5-beea-0ca89a39be26:192.168.34.6:38837, 7266534e-3c5c-4a76-a198-926e09974878:192.168.34.6:44088, 6fc22dfd-3a97-447f-a6d6-c779b06b49db:192.168.34.6:37758], old=null
2019-09-09 05:43:54,897 [eb1f2c76-46e5-42c5-beea-0ca89a39be26@group-C18EDAA2EBD7:LeaderElection63] INFO  server.RaftServerConfigKeys (ConfUtils.java:logGet(43)) - raft.server.rpc.sleep.time = 25ms (default)
2019-09-09 05:43:54,897 [eb1f2c76-46e5-42c5-beea-0ca89a39be26@group-C18EDAA2EBD7:LeaderElection63] INFO  server.RaftServerConfigKeys (ConfUtils.java:logGet(43)) - raft.server.write.element-limit = 4096 (default)
2019-09-09 05:43:54,897 [eb1f2c76-46e5-42c5-beea-0ca89a39be26@group-E6A06FFDB88D:LeaderElection61] INFO  impl.RoleInfo (RoleInfo.java:shutdownLeaderElection(134)) - eb1f2c76-46e5-42c5-beea-0ca89a39be26: shutdown LeaderElection
2019-09-09 05:43:54,897 [eb1f2c76-46e5-42c5-beea-0ca89a39be26@group-C18EDAA2EBD7:LeaderElection63] INFO  server.RaftServerConfigKeys (ConfUtils.java:logGet(43)) - raft.server.watch.timeout = 10s (default)
2019-09-09 05:43:54,899 [eb1f2c76-46e5-42c5-beea-0ca89a39be26@group-E6A06FFDB88D:LeaderElection61] INFO  impl.RaftServerImpl (RaftServerImpl.java:setRole(174)) - eb1f2c76-46e5-42c5-beea-0ca89a39be26@group-E6A06FFDB88D: changes role from CANDIDATE to LEADER at term 1 for changeToLeader
2019-09-09 05:43:54,899 [eb1f2c76-46e5-42c5-beea-0ca89a39be26@group-C18EDAA2EBD7:LeaderElection63] INFO  server.RaftServerConfigKeys (ConfUtils.java:logGet(43)) - raft.server.watch.timeout.denomination = 1s (default)
2019-09-09 05:43:54,899 [eb1f2c76-46e5-42c5-beea-0ca89a39be26@group-E6A06FFDB88D:LeaderElection61] INFO  impl.RaftServerImpl (ServerState.java:setLeader(253)) - eb1f2c76-46e5-42c5-beea-0ca89a39be26@group-E6A06FFDB88D: change Leader from null to eb1f2c76-46e5-42c5-beea-0ca89a39be26 at term 1 for becomeLeader, leader elected after 5097ms
2019-09-09 05:43:54,900 [eb1f2c76-46e5-42c5-beea-0ca89a39be26@group-C18EDAA2EBD7:LeaderElection63] INFO  server.RaftServerConfigKeys (ConfUtils.java:logGet(43)) - raft.server.watch.element-limit = 65536 (default)
2019-09-09 05:43:54,900 [eb1f2c76-46e5-42c5-beea-0ca89a39be26@group-E6A06FFDB88D:LeaderElection61] INFO  server.RaftServerConfigKeys (ConfUtils.java:logGet(43)) - raft.server.staging.catchup.gap = 1000 (default)
2019-09-09 05:43:54,900 [eb1f2c76-46e5-42c5-beea-0ca89a39be26@group-E6A06FFDB88D:LeaderElection61] INFO  server.RaftServerConfigKeys (ConfUtils.java:logGet(43)) - raft.server.rpc.sleep.time = 25ms (default)
2019-09-09 05:43:54,900 [eb1f2c76-46e5-42c5-beea-0ca89a39be26@group-E6A06FFDB88D:LeaderElection61] INFO  server.RaftServerConfigKeys (ConfUtils.java:logGet(43)) - raft.server.write.element-limit = 4096 (default)
2019-09-09 05:43:54,900 [eb1f2c76-46e5-42c5-beea-0ca89a39be26@group-E6A06FFDB88D:LeaderElection61] INFO  server.RaftServerConfigKeys (ConfUtils.java:logGet(43)) - raft.server.watch.timeout = 10s (default)
2019-09-09 05:43:54,900 [eb1f2c76-46e5-42c5-beea-0ca89a39be26@group-E6A06FFDB88D:LeaderElection61] INFO  server.RaftServerConfigKeys (ConfUtils.java:logGet(43)) - raft.server.watch.timeout.denomination = 1s (default)
2019-09-09 05:43:54,900 [eb1f2c76-46e5-42c5-beea-0ca89a39be26@group-E6A06FFDB88D:LeaderElection61] INFO  server.RaftServerConfigKeys (ConfUtils.java:logGet(43)) - raft.server.watch.element-limit = 65536 (default)
2019-09-09 05:43:54,901 [eb1f2c76-46e5-42c5-beea-0ca89a39be26@group-C18EDAA2EBD7:LeaderElection63] INFO  impl.RoleInfo (RoleInfo.java:updateAndGet(143)) - eb1f2c76-46e5-42c5-beea-0ca89a39be26: start LeaderState
2019-09-09 05:43:54,901 [eb1f2c76-46e5-42c5-beea-0ca89a39be26@group-C18EDAA2EBD7:LeaderElection63] INFO  segmented.SegmentedRaftLogWorker (SegmentedRaftLogWorker.java:startLogSegment(380)) - eb1f2c76-46e5-42c5-beea-0ca89a39be26@group-C18EDAA2EBD7-SegmentedRaftLogWorker: Starting segment from index:0
2019-09-09 05:43:54,901 [eb1f2c76-46e5-42c5-beea-0ca89a39be26@group-C18EDAA2EBD7:LeaderElection63] INFO  impl.RaftServerImpl (ServerState.java:setRaftConf(354)) - eb1f2c76-46e5-42c5-beea-0ca89a39be26@group-C18EDAA2EBD7: set configuration 0: [eb1f2c76-46e5-42c5-beea-0ca89a39be26:192.168.34.6:38837], old=null at 0
2019-09-09 05:43:54,902 [eb1f2c76-46e5-42c5-beea-0ca89a39be26@group-E6A06FFDB88D:LeaderElection61] INFO  server.RaftServerConfigKeys (ConfUtils.java:logGet(43)) - raft.server.log.appender.snapshot.chunk.size.max = 16MB (=16777216) (default)
2019-09-09 05:43:54,903 [eb1f2c76-46e5-42c5-beea-0ca89a39be26@group-E6A06FFDB88D:LeaderElection61] INFO  server.RaftServerConfigKeys (ConfUtils.java:logGet(43)) - raft.server.log.appender.buffer.byte-limit = 33554432 (custom)
2019-09-09 05:43:54,903 [eb1f2c76-46e5-42c5-beea-0ca89a39be26@group-E6A06FFDB88D:LeaderElection61] INFO  server.RaftServerConfigKeys (ConfUtils.java:logGet(43)) - raft.server.log.appender.buffer.element-limit = 1 (custom)
2019-09-09 05:43:54,903 [eb1f2c76-46e5-42c5-beea-0ca89a39be26@group-E6A06FFDB88D:LeaderElection61] INFO  grpc.GrpcConfigKeys$Server (ConfUtils.java:logGet(43)) - raft.grpc.server.leader.outstanding.appends.max = 128 (default)
2019-09-09 05:43:54,903 [eb1f2c76-46e5-42c5-beea-0ca89a39be26@group-E6A06FFDB88D:LeaderElection61] INFO  server.RaftServerConfigKeys (ConfUtils.java:logGet(43)) - raft.server.rpc.request.timeout = 3000ms (default)
2019-09-09 05:43:54,903 [eb1f2c76-46e5-42c5-beea-0ca89a39be26@group-E6A06FFDB88D:LeaderElection61] INFO  server.RaftServerConfigKeys (ConfUtils.java:logGet(43)) - raft.server.log.appender.install.snapshot.enabled = false (custom)
2019-09-09 05:43:54,904 [eb1f2c76-46e5-42c5-beea-0ca89a39be26@group-E6A06FFDB88D:LeaderElection61] INFO  server.RaftServerConfigKeys (ConfUtils.java:logGet(43)) - raft.server.log.appender.snapshot.chunk.size.max = 16MB (=16777216) (default)
2019-09-09 05:43:54,904 [eb1f2c76-46e5-42c5-beea-0ca89a39be26@group-E6A06FFDB88D:LeaderElection61] INFO  server.RaftServerConfigKeys (ConfUtils.java:logGet(43)) - raft.server.log.appender.buffer.byte-limit = 33554432 (custom)
2019-09-09 05:43:54,904 [eb1f2c76-46e5-42c5-beea-0ca89a39be26@group-E6A06FFDB88D:LeaderElection61] INFO  server.RaftServerConfigKeys (ConfUtils.java:logGet(43)) - raft.server.log.appender.buffer.element-limit = 1 (custom)
2019-09-09 05:43:54,904 [eb1f2c76-46e5-42c5-beea-0ca89a39be26@group-E6A06FFDB88D:LeaderElection61] INFO  grpc.GrpcConfigKeys$Server (ConfUtils.java:logGet(43)) - raft.grpc.server.leader.outstanding.appends.max = 128 (default)
2019-09-09 05:43:54,904 [eb1f2c76-46e5-42c5-beea-0ca89a39be26@group-E6A06FFDB88D:LeaderElection61] INFO  server.RaftServerConfigKeys (ConfUtils.java:logGet(43)) - raft.server.rpc.request.timeout = 3000ms (default)
2019-09-09 05:43:54,904 [eb1f2c76-46e5-42c5-beea-0ca89a39be26@group-E6A06FFDB88D:LeaderElection61] INFO  server.RaftServerConfigKeys (ConfUtils.java:logGet(43)) - raft.server.log.appender.install.snapshot.enabled = false (custom)
2019-09-09 05:43:54,905 [eb1f2c76-46e5-42c5-beea-0ca89a39be26@group-E6A06FFDB88D:LeaderElection61] INFO  impl.RoleInfo (RoleInfo.java:updateAndGet(143)) - eb1f2c76-46e5-42c5-beea-0ca89a39be26: start LeaderState
2019-09-09 05:43:54,905 [eb1f2c76-46e5-42c5-beea-0ca89a39be26@group-E6A06FFDB88D:LeaderElection61] INFO  segmented.SegmentedRaftLogWorker (SegmentedRaftLogWorker.java:startLogSegment(380)) - eb1f2c76-46e5-42c5-beea-0ca89a39be26@group-E6A06FFDB88D-SegmentedRaftLogWorker: Starting segment from index:0
2019-09-09 05:43:54,906 [eb1f2c76-46e5-42c5-beea-0ca89a39be26@group-E6A06FFDB88D:LeaderElection61] INFO  impl.RaftServerImpl (ServerState.java:setRaftConf(354)) - eb1f2c76-46e5-42c5-beea-0ca89a39be26@group-E6A06FFDB88D: set configuration 0: [eb1f2c76-46e5-42c5-beea-0ca89a39be26:192.168.34.6:38837, 7266534e-3c5c-4a76-a198-926e09974878:192.168.34.6:44088, 6fc22dfd-3a97-447f-a6d6-c779b06b49db:192.168.34.6:37758], old=null at 0
2019-09-09 05:43:54,938 [grpc-default-executor-4] INFO  impl.RaftServerImpl (ServerState.java:setLeader(253)) - 6fc22dfd-3a97-447f-a6d6-c779b06b49db@group-E6A06FFDB88D: change Leader from null to eb1f2c76-46e5-42c5-beea-0ca89a39be26 at term 1 for appendEntries, leader elected after 5135ms
2019-09-09 05:43:54,940 [grpc-default-executor-7] INFO  impl.RaftServerImpl (ServerState.java:setLeader(253)) - 7266534e-3c5c-4a76-a198-926e09974878@group-E6A06FFDB88D: change Leader from null to eb1f2c76-46e5-42c5-beea-0ca89a39be26 at term 1 for appendEntries, leader elected after 5137ms
2019-09-09 05:43:54,942 [grpc-default-executor-7] INFO  impl.RaftServerImpl (ServerState.java:setRaftConf(354)) - 6fc22dfd-3a97-447f-a6d6-c779b06b49db@group-E6A06FFDB88D: set configuration 0: [eb1f2c76-46e5-42c5-beea-0ca89a39be26:192.168.34.6:38837, 7266534e-3c5c-4a76-a198-926e09974878:192.168.34.6:44088, 6fc22dfd-3a97-447f-a6d6-c779b06b49db:192.168.34.6:37758], old=null at 0
2019-09-09 05:43:54,942 [grpc-default-executor-4] INFO  impl.RaftServerImpl (ServerState.java:setRaftConf(354)) - 7266534e-3c5c-4a76-a198-926e09974878@group-E6A06FFDB88D: set configuration 0: [eb1f2c76-46e5-42c5-beea-0ca89a39be26:192.168.34.6:38837, 7266534e-3c5c-4a76-a198-926e09974878:192.168.34.6:44088, 6fc22dfd-3a97-447f-a6d6-c779b06b49db:192.168.34.6:37758], old=null at 0
2019-09-09 05:43:54,942 [grpc-default-executor-7] INFO  segmented.SegmentedRaftLogWorker (SegmentedRaftLogWorker.java:startLogSegment(380)) - 6fc22dfd-3a97-447f-a6d6-c779b06b49db@group-E6A06FFDB88D-SegmentedRaftLogWorker: Starting segment from index:0
2019-09-09 05:43:54,943 [grpc-default-executor-4] INFO  segmented.SegmentedRaftLogWorker (SegmentedRaftLogWorker.java:startLogSegment(380)) - 7266534e-3c5c-4a76-a198-926e09974878@group-E6A06FFDB88D-SegmentedRaftLogWorker: Starting segment from index:0
2019-09-09 05:43:54,948 [eb1f2c76-46e5-42c5-beea-0ca89a39be26@group-C18EDAA2EBD7-SegmentedRaftLogWorker] INFO  segmented.SegmentedRaftLogWorker (SegmentedRaftLogWorker.java:execute(569)) - eb1f2c76-46e5-42c5-beea-0ca89a39be26@group-C18EDAA2EBD7-SegmentedRaftLogWorker: created new log segment /workdir/hadoop-ozone/integration-test/target/test-dir/MiniOzoneClusterImpl-a69cff32-9aaa-43e1-bc72-d1174bd05902/datanode-1/data/ratis/e5c939a7-77c3-45ed-8947-c18edaa2ebd7/current/log_inprogress_0
2019-09-09 05:43:54,948 [eb1f2c76-46e5-42c5-beea-0ca89a39be26@group-E6A06FFDB88D-SegmentedRaftLogWorker] INFO  segmented.SegmentedRaftLogWorker (SegmentedRaftLogWorker.java:execute(569)) - eb1f2c76-46e5-42c5-beea-0ca89a39be26@group-E6A06FFDB88D-SegmentedRaftLogWorker: created new log segment /workdir/hadoop-ozone/integration-test/target/test-dir/MiniOzoneClusterImpl-a69cff32-9aaa-43e1-bc72-d1174bd05902/datanode-1/data/ratis/0fac219c-c5d6-462e-99a2-e6a06ffdb88d/current/log_inprogress_0
2019-09-09 05:43:54,985 [7266534e-3c5c-4a76-a198-926e09974878@group-E6A06FFDB88D-SegmentedRaftLogWorker] INFO  segmented.SegmentedRaftLogWorker (SegmentedRaftLogWorker.java:execute(569)) - 7266534e-3c5c-4a76-a198-926e09974878@group-E6A06FFDB88D-SegmentedRaftLogWorker: created new log segment /workdir/hadoop-ozone/integration-test/target/test-dir/MiniOzoneClusterImpl-a69cff32-9aaa-43e1-bc72-d1174bd05902/datanode-0/data/ratis/0fac219c-c5d6-462e-99a2-e6a06ffdb88d/current/log_inprogress_0
2019-09-09 05:43:54,985 [6fc22dfd-3a97-447f-a6d6-c779b06b49db@group-E6A06FFDB88D-SegmentedRaftLogWorker] INFO  segmented.SegmentedRaftLogWorker (SegmentedRaftLogWorker.java:execute(569)) - 6fc22dfd-3a97-447f-a6d6-c779b06b49db@group-E6A06FFDB88D-SegmentedRaftLogWorker: created new log segment /workdir/hadoop-ozone/integration-test/target/test-dir/MiniOzoneClusterImpl-a69cff32-9aaa-43e1-bc72-d1174bd05902/datanode-2/data/ratis/0fac219c-c5d6-462e-99a2-e6a06ffdb88d/current/log_inprogress_0
2019-09-09 05:43:55,035 [Thread-3064] INFO  impl.FollowerState (FollowerState.java:run(106)) - bc5c2372-d7f1-4de5-bb1b-5feb1335ebc5:group-F0F7EEC9E1E6 changes to CANDIDATE, lastRpcTime:5163, electionTimeout:5163ms
2019-09-09 05:43:55,035 [Thread-3064] INFO  impl.RoleInfo (RoleInfo.java:shutdownFollowerState(121)) - bc5c2372-d7f1-4de5-bb1b-5feb1335ebc5: shutdown FollowerState
2019-09-09 05:43:55,036 [Thread-3064] INFO  impl.RaftServerImpl (RaftServerImpl.java:setRole(174)) - bc5c2372-d7f1-4de5-bb1b-5feb1335ebc5@group-F0F7EEC9E1E6: changes role from  FOLLOWER to CANDIDATE at term 0 for changeToCandidate
2019-09-09 05:43:55,036 [Thread-3064] INFO  impl.RoleInfo (RoleInfo.java:updateAndGet(143)) - bc5c2372-d7f1-4de5-bb1b-5feb1335ebc5: start LeaderElection
2019-09-09 05:43:55,063 [Thread-3072] INFO  impl.FollowerState (FollowerState.java:run(106)) - 2c3051d3-2b2d-4db3-8cb7-b9d46fe7b194:group-9153F1E0A050 changes to CANDIDATE, lastRpcTime:5082, electionTimeout:5082ms
2019-09-09 05:43:55,064 [Thread-3072] INFO  impl.RoleInfo (RoleInfo.java:shutdownFollowerState(121)) - 2c3051d3-2b2d-4db3-8cb7-b9d46fe7b194: shutdown FollowerState
2019-09-09 05:43:55,064 [Thread-3072] INFO  impl.RaftServerImpl (RaftServerImpl.java:setRole(174)) - 2c3051d3-2b2d-4db3-8cb7-b9d46fe7b194@group-9153F1E0A050: changes role from  FOLLOWER to CANDIDATE at term 0 for changeToCandidate
2019-09-09 05:43:55,064 [Thread-3072] INFO  impl.RoleInfo (RoleInfo.java:updateAndGet(143)) - 2c3051d3-2b2d-4db3-8cb7-b9d46fe7b194: start LeaderElection
2019-09-09 05:43:55,069 [bc5c2372-d7f1-4de5-bb1b-5feb1335ebc5@group-F0F7EEC9E1E6:LeaderElection64] INFO  impl.LeaderElection (LeaderElection.java:askForVotes(182)) - bc5c2372-d7f1-4de5-bb1b-5feb1335ebc5@group-F0F7EEC9E1E6:LeaderElection64: begin an election at term 1 for -1: [bc5c2372-d7f1-4de5-bb1b-5feb1335ebc5:192.168.34.6:37777], old=null
2019-09-09 05:43:55,069 [bc5c2372-d7f1-4de5-bb1b-5feb1335ebc5@group-F0F7EEC9E1E6:LeaderElection64] INFO  impl.RoleInfo (RoleInfo.java:shutdownLeaderElection(134)) - bc5c2372-d7f1-4de5-bb1b-5feb1335ebc5: shutdown LeaderElection
2019-09-09 05:43:55,069 [bc5c2372-d7f1-4de5-bb1b-5feb1335ebc5@group-F0F7EEC9E1E6:LeaderElection64] INFO  impl.RaftServerImpl (RaftServerImpl.java:setRole(174)) - bc5c2372-d7f1-4de5-bb1b-5feb1335ebc5@group-F0F7EEC9E1E6: changes role from CANDIDATE to LEADER at term 1 for changeToLeader
2019-09-09 05:43:55,069 [bc5c2372-d7f1-4de5-bb1b-5feb1335ebc5@group-F0F7EEC9E1E6:LeaderElection64] INFO  impl.RaftServerImpl (ServerState.java:setLeader(253)) - bc5c2372-d7f1-4de5-bb1b-5feb1335ebc5@group-F0F7EEC9E1E6: change Leader from null to bc5c2372-d7f1-4de5-bb1b-5feb1335ebc5 at term 1 for becomeLeader, leader elected after 5203ms
2019-09-09 05:43:55,069 [bc5c2372-d7f1-4de5-bb1b-5feb1335ebc5@group-F0F7EEC9E1E6:LeaderElection64] INFO  server.RaftServerConfigKeys (ConfUtils.java:logGet(43)) - raft.server.staging.catchup.gap = 1000 (default)
2019-09-09 05:43:55,069 [bc5c2372-d7f1-4de5-bb1b-5feb1335ebc5@group-F0F7EEC9E1E6:LeaderElection64] INFO  server.RaftServerConfigKeys (ConfUtils.java:logGet(43)) - raft.server.rpc.sleep.time = 25ms (default)
2019-09-09 05:43:55,070 [bc5c2372-d7f1-4de5-bb1b-5feb1335ebc5@group-F0F7EEC9E1E6:LeaderElection64] INFO  server.RaftServerConfigKeys (ConfUtils.java:logGet(43)) - raft.server.write.element-limit = 4096 (default)
2019-09-09 05:43:55,070 [bc5c2372-d7f1-4de5-bb1b-5feb1335ebc5@group-F0F7EEC9E1E6:LeaderElection64] INFO  server.RaftServerConfigKeys (ConfUtils.java:logGet(43)) - raft.server.watch.timeout = 10s (default)
2019-09-09 05:43:55,070 [bc5c2372-d7f1-4de5-bb1b-5feb1335ebc5@group-F0F7EEC9E1E6:LeaderElection64] INFO  server.RaftServerConfigKeys (ConfUtils.java:logGet(43)) - raft.server.watch.timeout.denomination = 1s (default)
2019-09-09 05:43:55,070 [bc5c2372-d7f1-4de5-bb1b-5feb1335ebc5@group-F0F7EEC9E1E6:LeaderElection64] INFO  server.RaftServerConfigKeys (ConfUtils.java:logGet(43)) - raft.server.watch.element-limit = 65536 (default)
2019-09-09 05:43:55,073 [bc5c2372-d7f1-4de5-bb1b-5feb1335ebc5@group-F0F7EEC9E1E6:LeaderElection64] INFO  impl.RoleInfo (RoleInfo.java:updateAndGet(143)) - bc5c2372-d7f1-4de5-bb1b-5feb1335ebc5: start LeaderState
2019-09-09 05:43:55,074 [bc5c2372-d7f1-4de5-bb1b-5feb1335ebc5@group-F0F7EEC9E1E6:LeaderElection64] INFO  segmented.SegmentedRaftLogWorker (SegmentedRaftLogWorker.java:startLogSegment(380)) - bc5c2372-d7f1-4de5-bb1b-5feb1335ebc5@group-F0F7EEC9E1E6-SegmentedRaftLogWorker: Starting segment from index:0
2019-09-09 05:43:55,074 [bc5c2372-d7f1-4de5-bb1b-5feb1335ebc5@group-F0F7EEC9E1E6:LeaderElection64] INFO  impl.RaftServerImpl (ServerState.java:setRaftConf(354)) - bc5c2372-d7f1-4de5-bb1b-5feb1335ebc5@group-F0F7EEC9E1E6: set configuration 0: [bc5c2372-d7f1-4de5-bb1b-5feb1335ebc5:192.168.34.6:37777], old=null at 0
2019-09-09 05:43:55,105 [Thread-3067] INFO  impl.FollowerState (FollowerState.java:run(106)) - 2ec847ce-af00-4363-8eac-0e7a739063af:group-88B34E6BE0C6 changes to CANDIDATE, lastRpcTime:5186, electionTimeout:5174ms
2019-09-09 05:43:55,105 [2c3051d3-2b2d-4db3-8cb7-b9d46fe7b194@group-9153F1E0A050:LeaderElection65] INFO  impl.LeaderElection (LeaderElection.java:askForVotes(182)) - 2c3051d3-2b2d-4db3-8cb7-b9d46fe7b194@group-9153F1E0A050:LeaderElection65: begin an election at term 1 for -1: [2c3051d3-2b2d-4db3-8cb7-b9d46fe7b194:192.168.34.6:38943], old=null
2019-09-09 05:43:55,106 [2c3051d3-2b2d-4db3-8cb7-b9d46fe7b194@group-9153F1E0A050:LeaderElection65] INFO  impl.RoleInfo (RoleInfo.java:shutdownLeaderElection(134)) - 2c3051d3-2b2d-4db3-8cb7-b9d46fe7b194: shutdown LeaderElection
2019-09-09 05:43:55,106 [Thread-3067] INFO  impl.RoleInfo (RoleInfo.java:shutdownFollowerState(121)) - 2ec847ce-af00-4363-8eac-0e7a739063af: shutdown FollowerState
2019-09-09 05:43:55,106 [2c3051d3-2b2d-4db3-8cb7-b9d46fe7b194@group-9153F1E0A050:LeaderElection65] INFO  impl.RaftServerImpl (RaftServerImpl.java:setRole(174)) - 2c3051d3-2b2d-4db3-8cb7-b9d46fe7b194@group-9153F1E0A050: changes role from CANDIDATE to LEADER at term 1 for changeToLeader
2019-09-09 05:43:55,106 [Thread-3067] INFO  impl.RaftServerImpl (RaftServerImpl.java:setRole(174)) - 2ec847ce-af00-4363-8eac-0e7a739063af@group-88B34E6BE0C6: changes role from  FOLLOWER to CANDIDATE at term 0 for changeToCandidate
2019-09-09 05:43:55,106 [2c3051d3-2b2d-4db3-8cb7-b9d46fe7b194@group-9153F1E0A050:LeaderElection65] INFO  impl.RaftServerImpl (ServerState.java:setLeader(253)) - 2c3051d3-2b2d-4db3-8cb7-b9d46fe7b194@group-9153F1E0A050: change Leader from null to 2c3051d3-2b2d-4db3-8cb7-b9d46fe7b194 at term 1 for becomeLeader, leader elected after 5132ms
2019-09-09 05:43:55,106 [Thread-3067] INFO  impl.RoleInfo (RoleInfo.java:updateAndGet(143)) - 2ec847ce-af00-4363-8eac-0e7a739063af: start LeaderElection
2019-09-09 05:43:55,106 [2c3051d3-2b2d-4db3-8cb7-b9d46fe7b194@group-9153F1E0A050:LeaderElection65] INFO  server.RaftServerConfigKeys (ConfUtils.java:logGet(43)) - raft.server.staging.catchup.gap = 1000 (default)
2019-09-09 05:43:55,106 [2c3051d3-2b2d-4db3-8cb7-b9d46fe7b194@group-9153F1E0A050:LeaderElection65] INFO  server.RaftServerConfigKeys (ConfUtils.java:logGet(43)) - raft.server.rpc.sleep.time = 25ms (default)
2019-09-09 05:43:55,118 [2c3051d3-2b2d-4db3-8cb7-b9d46fe7b194@group-9153F1E0A050:LeaderElection65] INFO  server.RaftServerConfigKeys (ConfUtils.java:logGet(43)) - raft.server.write.element-limit = 4096 (default)
2019-09-09 05:43:55,118 [2c3051d3-2b2d-4db3-8cb7-b9d46fe7b194@group-9153F1E0A050:LeaderElection65] INFO  server.RaftServerConfigKeys (ConfUtils.java:logGet(43)) - raft.server.watch.timeout = 10s (default)
2019-09-09 05:43:55,118 [2c3051d3-2b2d-4db3-8cb7-b9d46fe7b194@group-9153F1E0A050:LeaderElection65] INFO  server.RaftServerConfigKeys (ConfUtils.java:logGet(43)) - raft.server.watch.timeout.denomination = 1s (default)
2019-09-09 05:43:55,118 [2c3051d3-2b2d-4db3-8cb7-b9d46fe7b194@group-9153F1E0A050:LeaderElection65] INFO  server.RaftServerConfigKeys (ConfUtils.java:logGet(43)) - raft.server.watch.element-limit = 65536 (default)
2019-09-09 05:43:55,118 [bc5c2372-d7f1-4de5-bb1b-5feb1335ebc5@group-F0F7EEC9E1E6-SegmentedRaftLogWorker] INFO  segmented.SegmentedRaftLogWorker (SegmentedRaftLogWorker.java:execute(569)) - bc5c2372-d7f1-4de5-bb1b-5feb1335ebc5@group-F0F7EEC9E1E6-SegmentedRaftLogWorker: created new log segment /workdir/hadoop-ozone/integration-test/target/test-dir/MiniOzoneClusterImpl-a69cff32-9aaa-43e1-bc72-d1174bd05902/datanode-3/data/ratis/e341923d-37ee-4440-995b-f0f7eec9e1e6/current/log_inprogress_0
2019-09-09 05:43:55,120 [2c3051d3-2b2d-4db3-8cb7-b9d46fe7b194@group-9153F1E0A050:LeaderElection65] INFO  impl.RoleInfo (RoleInfo.java:updateAndGet(143)) - 2c3051d3-2b2d-4db3-8cb7-b9d46fe7b194: start LeaderState
2019-09-09 05:43:55,120 [2c3051d3-2b2d-4db3-8cb7-b9d46fe7b194@group-9153F1E0A050:LeaderElection65] INFO  segmented.SegmentedRaftLogWorker (SegmentedRaftLogWorker.java:startLogSegment(380)) - 2c3051d3-2b2d-4db3-8cb7-b9d46fe7b194@group-9153F1E0A050-SegmentedRaftLogWorker: Starting segment from index:0
2019-09-09 05:43:55,120 [2c3051d3-2b2d-4db3-8cb7-b9d46fe7b194@group-9153F1E0A050:LeaderElection65] INFO  impl.RaftServerImpl (ServerState.java:setRaftConf(354)) - 2c3051d3-2b2d-4db3-8cb7-b9d46fe7b194@group-9153F1E0A050: set configuration 0: [2c3051d3-2b2d-4db3-8cb7-b9d46fe7b194:192.168.34.6:38943], old=null at 0
2019-09-09 05:43:55,146 [2ec847ce-af00-4363-8eac-0e7a739063af@group-88B34E6BE0C6:LeaderElection66] INFO  impl.LeaderElection (LeaderElection.java:askForVotes(182)) - 2ec847ce-af00-4363-8eac-0e7a739063af@group-88B34E6BE0C6:LeaderElection66: begin an election at term 1 for -1: [2ec847ce-af00-4363-8eac-0e7a739063af:192.168.34.6:43731], old=null
2019-09-09 05:43:55,146 [2ec847ce-af00-4363-8eac-0e7a739063af@group-88B34E6BE0C6:LeaderElection66] INFO  impl.RoleInfo (RoleInfo.java:shutdownLeaderElection(134)) - 2ec847ce-af00-4363-8eac-0e7a739063af: shutdown LeaderElection
2019-09-09 05:43:55,146 [2ec847ce-af00-4363-8eac-0e7a739063af@group-88B34E6BE0C6:LeaderElection66] INFO  impl.RaftServerImpl (RaftServerImpl.java:setRole(174)) - 2ec847ce-af00-4363-8eac-0e7a739063af@group-88B34E6BE0C6: changes role from CANDIDATE to LEADER at term 1 for changeToLeader
2019-09-09 05:43:55,146 [2ec847ce-af00-4363-8eac-0e7a739063af@group-88B34E6BE0C6:LeaderElection66] INFO  impl.RaftServerImpl (ServerState.java:setLeader(253)) - 2ec847ce-af00-4363-8eac-0e7a739063af@group-88B34E6BE0C6: change Leader from null to 2ec847ce-af00-4363-8eac-0e7a739063af at term 1 for becomeLeader, leader elected after 5232ms
2019-09-09 05:43:55,146 [2ec847ce-af00-4363-8eac-0e7a739063af@group-88B34E6BE0C6:LeaderElection66] INFO  server.RaftServerConfigKeys (ConfUtils.java:logGet(43)) - raft.server.staging.catchup.gap = 1000 (default)
2019-09-09 05:43:55,146 [2ec847ce-af00-4363-8eac-0e7a739063af@group-88B34E6BE0C6:LeaderElection66] INFO  server.RaftServerConfigKeys (ConfUtils.java:logGet(43)) - raft.server.rpc.sleep.time = 25ms (default)
2019-09-09 05:43:55,147 [2ec847ce-af00-4363-8eac-0e7a739063af@group-88B34E6BE0C6:LeaderElection66] INFO  server.RaftServerConfigKeys (ConfUtils.java:logGet(43)) - raft.server.write.element-limit = 4096 (default)
2019-09-09 05:43:55,147 [2ec847ce-af00-4363-8eac-0e7a739063af@group-88B34E6BE0C6:LeaderElection66] INFO  server.RaftServerConfigKeys (ConfUtils.java:logGet(43)) - raft.server.watch.timeout = 10s (default)
2019-09-09 05:43:55,147 [2ec847ce-af00-4363-8eac-0e7a739063af@group-88B34E6BE0C6:LeaderElection66] INFO  server.RaftServerConfigKeys (ConfUtils.java:logGet(43)) - raft.server.watch.timeout.denomination = 1s (default)
2019-09-09 05:43:55,147 [2ec847ce-af00-4363-8eac-0e7a739063af@group-88B34E6BE0C6:LeaderElection66] INFO  server.RaftServerConfigKeys (ConfUtils.java:logGet(43)) - raft.server.watch.element-limit = 65536 (default)
2019-09-09 05:43:55,148 [2ec847ce-af00-4363-8eac-0e7a739063af@group-88B34E6BE0C6:LeaderElection66] INFO  impl.RoleInfo (RoleInfo.java:updateAndGet(143)) - 2ec847ce-af00-4363-8eac-0e7a739063af: start LeaderState
2019-09-09 05:43:55,148 [2ec847ce-af00-4363-8eac-0e7a739063af@group-88B34E6BE0C6:LeaderElection66] INFO  segmented.SegmentedRaftLogWorker (SegmentedRaftLogWorker.java:startLogSegment(380)) - 2ec847ce-af00-4363-8eac-0e7a739063af@group-88B34E6BE0C6-SegmentedRaftLogWorker: Starting segment from index:0
2019-09-09 05:43:55,148 [2ec847ce-af00-4363-8eac-0e7a739063af@group-88B34E6BE0C6:LeaderElection66] INFO  impl.RaftServerImpl (ServerState.java:setRaftConf(354)) - 2ec847ce-af00-4363-8eac-0e7a739063af@group-88B34E6BE0C6: set configuration 0: [2ec847ce-af00-4363-8eac-0e7a739063af:192.168.34.6:43731], old=null at 0
2019-09-09 05:43:55,172 [2c3051d3-2b2d-4db3-8cb7-b9d46fe7b194@group-9153F1E0A050-SegmentedRaftLogWorker] INFO  segmented.SegmentedRaftLogWorker (SegmentedRaftLogWorker.java:execute(569)) - 2c3051d3-2b2d-4db3-8cb7-b9d46fe7b194@group-9153F1E0A050-SegmentedRaftLogWorker: created new log segment /workdir/hadoop-ozone/integration-test/target/test-dir/MiniOzoneClusterImpl-a69cff32-9aaa-43e1-bc72-d1174bd05902/datanode-5/data/ratis/642561e2-1aaa-470b-9c0d-9153f1e0a050/current/log_inprogress_0
2019-09-09 05:43:55,186 [2ec847ce-af00-4363-8eac-0e7a739063af@group-88B34E6BE0C6-SegmentedRaftLogWorker] INFO  segmented.SegmentedRaftLogWorker (SegmentedRaftLogWorker.java:execute(569)) - 2ec847ce-af00-4363-8eac-0e7a739063af@group-88B34E6BE0C6-SegmentedRaftLogWorker: created new log segment /workdir/hadoop-ozone/integration-test/target/test-dir/MiniOzoneClusterImpl-a69cff32-9aaa-43e1-bc72-d1174bd05902/datanode-4/data/ratis/e2be49db-39a9-4168-96f5-88b34e6be0c6/current/log_inprogress_0
2019-09-09 05:43:55,207 [grpc-default-executor-4] INFO  client.GrpcClientProtocolClient (GrpcClientProtocolClient.java:onNext(264)) - client-0BA03DD15845->bc5c2372-d7f1-4de5-bb1b-5feb1335ebc5: receive RaftClientReply:client-0BA03DD15845->bc5c2372-d7f1-4de5-bb1b-5feb1335ebc5@group-8F5511676960, cid=173, FAILED org.apache.ratis.protocol.NotLeaderException: Server bc5c2372-d7f1-4de5-bb1b-5feb1335ebc5@group-8F5511676960 is not the leader, logIndex=0, commits[bc5c2372-d7f1-4de5-bb1b-5feb1335ebc5:c-1]
2019-09-09 05:43:55,218 [Thread-3082] INFO  impl.FollowerState (FollowerState.java:run(106)) - 6213d06b-cb1c-43dd-962e-e038376d1825:group-8F5511676960 changes to CANDIDATE, lastRpcTime:5114, electionTimeout:5114ms
2019-09-09 05:43:55,218 [Thread-3075] INFO  impl.FollowerState (FollowerState.java:run(106)) - 6213d06b-cb1c-43dd-962e-e038376d1825:group-0CF6BE9BFBF5 changes to CANDIDATE, lastRpcTime:5193, electionTimeout:5178ms
2019-09-09 05:43:55,218 [Thread-3082] INFO  impl.RoleInfo (RoleInfo.java:shutdownFollowerState(121)) - 6213d06b-cb1c-43dd-962e-e038376d1825: shutdown FollowerState
2019-09-09 05:43:55,221 [Thread-3082] INFO  impl.RaftServerImpl (RaftServerImpl.java:setRole(174)) - 6213d06b-cb1c-43dd-962e-e038376d1825@group-8F5511676960: changes role from  FOLLOWER to CANDIDATE at term 0 for changeToCandidate
2019-09-09 05:43:55,221 [Thread-3082] INFO  impl.RoleInfo (RoleInfo.java:updateAndGet(143)) - 6213d06b-cb1c-43dd-962e-e038376d1825: start LeaderElection
2019-09-09 05:43:55,221 [Thread-3075] INFO  impl.RoleInfo (RoleInfo.java:shutdownFollowerState(121)) - 6213d06b-cb1c-43dd-962e-e038376d1825: shutdown FollowerState
2019-09-09 05:43:55,221 [Thread-3075] INFO  impl.RaftServerImpl (RaftServerImpl.java:setRole(174)) - 6213d06b-cb1c-43dd-962e-e038376d1825@group-0CF6BE9BFBF5: changes role from  FOLLOWER to CANDIDATE at term 0 for changeToCandidate
2019-09-09 05:43:55,223 [Thread-3078] INFO  impl.FollowerState (FollowerState.java:run(106)) - 2ec847ce-af00-4363-8eac-0e7a739063af:group-8F5511676960 changes to CANDIDATE, lastRpcTime:5125, electionTimeout:5124ms
2019-09-09 05:43:55,224 [Thread-3075] INFO  impl.RoleInfo (RoleInfo.java:updateAndGet(143)) - 6213d06b-cb1c-43dd-962e-e038376d1825: start LeaderElection
2019-09-09 05:43:55,224 [Thread-3078] INFO  impl.RoleInfo (RoleInfo.java:shutdownFollowerState(121)) - 2ec847ce-af00-4363-8eac-0e7a739063af: shutdown FollowerState
2019-09-09 05:43:55,224 [Thread-3078] INFO  impl.RaftServerImpl (RaftServerImpl.java:setRole(174)) - 2ec847ce-af00-4363-8eac-0e7a739063af@group-8F5511676960: changes role from  FOLLOWER to CANDIDATE at term 0 for changeToCandidate
2019-09-09 05:43:55,229 [Thread-3078] INFO  impl.RoleInfo (RoleInfo.java:updateAndGet(143)) - 2ec847ce-af00-4363-8eac-0e7a739063af: start LeaderElection
2019-09-09 05:43:55,250 [6213d06b-cb1c-43dd-962e-e038376d1825@group-0CF6BE9BFBF5:LeaderElection68] INFO  impl.LeaderElection (LeaderElection.java:askForVotes(182)) - 6213d06b-cb1c-43dd-962e-e038376d1825@group-0CF6BE9BFBF5:LeaderElection68: begin an election at term 1 for -1: [6213d06b-cb1c-43dd-962e-e038376d1825:192.168.34.6:37053], old=null
2019-09-09 05:43:55,250 [6213d06b-cb1c-43dd-962e-e038376d1825@group-8F5511676960:LeaderElection67] INFO  impl.LeaderElection (LeaderElection.java:askForVotes(182)) - 6213d06b-cb1c-43dd-962e-e038376d1825@group-8F5511676960:LeaderElection67: begin an election at term 1 for -1: [bc5c2372-d7f1-4de5-bb1b-5feb1335ebc5:192.168.34.6:37777, 2ec847ce-af00-4363-8eac-0e7a739063af:192.168.34.6:43731, 6213d06b-cb1c-43dd-962e-e038376d1825:192.168.34.6:37053], old=null
2019-09-09 05:43:55,250 [6213d06b-cb1c-43dd-962e-e038376d1825@group-0CF6BE9BFBF5:LeaderElection68] INFO  impl.RoleInfo (RoleInfo.java:shutdownLeaderElection(134)) - 6213d06b-cb1c-43dd-962e-e038376d1825: shutdown LeaderElection
2019-09-09 05:43:55,250 [2ec847ce-af00-4363-8eac-0e7a739063af@group-8F5511676960:LeaderElection69] INFO  impl.LeaderElection (LeaderElection.java:askForVotes(182)) - 2ec847ce-af00-4363-8eac-0e7a739063af@group-8F5511676960:LeaderElection69: begin an election at term 1 for -1: [bc5c2372-d7f1-4de5-bb1b-5feb1335ebc5:192.168.34.6:37777, 2ec847ce-af00-4363-8eac-0e7a739063af:192.168.34.6:43731, 6213d06b-cb1c-43dd-962e-e038376d1825:192.168.34.6:37053], old=null
2019-09-09 05:43:55,250 [6213d06b-cb1c-43dd-962e-e038376d1825@group-0CF6BE9BFBF5:LeaderElection68] INFO  impl.RaftServerImpl (RaftServerImpl.java:setRole(174)) - 6213d06b-cb1c-43dd-962e-e038376d1825@group-0CF6BE9BFBF5: changes role from CANDIDATE to LEADER at term 1 for changeToLeader
2019-09-09 05:43:55,250 [6213d06b-cb1c-43dd-962e-e038376d1825@group-0CF6BE9BFBF5:LeaderElection68] INFO  impl.RaftServerImpl (ServerState.java:setLeader(253)) - 6213d06b-cb1c-43dd-962e-e038376d1825@group-0CF6BE9BFBF5: change Leader from null to 6213d06b-cb1c-43dd-962e-e038376d1825 at term 1 for becomeLeader, leader elected after 5229ms
2019-09-09 05:43:55,250 [6213d06b-cb1c-43dd-962e-e038376d1825@group-0CF6BE9BFBF5:LeaderElection68] INFO  server.RaftServerConfigKeys (ConfUtils.java:logGet(43)) - raft.server.staging.catchup.gap = 1000 (default)
2019-09-09 05:43:55,250 [6213d06b-cb1c-43dd-962e-e038376d1825@group-0CF6BE9BFBF5:LeaderElection68] INFO  server.RaftServerConfigKeys (ConfUtils.java:logGet(43)) - raft.server.rpc.sleep.time = 25ms (default)
2019-09-09 05:43:55,250 [6213d06b-cb1c-43dd-962e-e038376d1825@group-0CF6BE9BFBF5:LeaderElection68] INFO  server.RaftServerConfigKeys (ConfUtils.java:logGet(43)) - raft.server.write.element-limit = 4096 (default)
2019-09-09 05:43:55,251 [6213d06b-cb1c-43dd-962e-e038376d1825@group-0CF6BE9BFBF5:LeaderElection68] INFO  server.RaftServerConfigKeys (ConfUtils.java:logGet(43)) - raft.server.watch.timeout = 10s (default)
2019-09-09 05:43:55,251 [6213d06b-cb1c-43dd-962e-e038376d1825@group-0CF6BE9BFBF5:LeaderElection68] INFO  server.RaftServerConfigKeys (ConfUtils.java:logGet(43)) - raft.server.watch.timeout.denomination = 1s (default)
2019-09-09 05:43:55,251 [6213d06b-cb1c-43dd-962e-e038376d1825@group-0CF6BE9BFBF5:LeaderElection68] INFO  server.RaftServerConfigKeys (ConfUtils.java:logGet(43)) - raft.server.watch.element-limit = 65536 (default)
2019-09-09 05:43:55,252 [6213d06b-cb1c-43dd-962e-e038376d1825@group-0CF6BE9BFBF5:LeaderElection68] INFO  impl.RoleInfo (RoleInfo.java:updateAndGet(143)) - 6213d06b-cb1c-43dd-962e-e038376d1825: start LeaderState
2019-09-09 05:43:55,252 [6213d06b-cb1c-43dd-962e-e038376d1825@group-0CF6BE9BFBF5:LeaderElection68] INFO  segmented.SegmentedRaftLogWorker (SegmentedRaftLogWorker.java:startLogSegment(380)) - 6213d06b-cb1c-43dd-962e-e038376d1825@group-0CF6BE9BFBF5-SegmentedRaftLogWorker: Starting segment from index:0
2019-09-09 05:43:55,253 [6213d06b-cb1c-43dd-962e-e038376d1825@group-0CF6BE9BFBF5:LeaderElection68] INFO  impl.RaftServerImpl (ServerState.java:setRaftConf(354)) - 6213d06b-cb1c-43dd-962e-e038376d1825@group-0CF6BE9BFBF5: set configuration 0: [6213d06b-cb1c-43dd-962e-e038376d1825:192.168.34.6:37053], old=null at 0
2019-09-09 05:43:55,283 [grpc-default-executor-0] INFO  impl.RaftServerImpl (RaftServerImpl.java:setRole(174)) - bc5c2372-d7f1-4de5-bb1b-5feb1335ebc5@group-8F5511676960: changes role from  FOLLOWER to FOLLOWER at term 1 for recognizeCandidate:6213d06b-cb1c-43dd-962e-e038376d1825
2019-09-09 05:43:55,283 [grpc-default-executor-0] INFO  impl.RoleInfo (RoleInfo.java:shutdownFollowerState(121)) - bc5c2372-d7f1-4de5-bb1b-5feb1335ebc5: shutdown FollowerState
2019-09-09 05:43:55,283 [grpc-default-executor-0] INFO  impl.RoleInfo (RoleInfo.java:updateAndGet(143)) - bc5c2372-d7f1-4de5-bb1b-5feb1335ebc5: start FollowerState
2019-09-09 05:43:55,283 [Thread-3084] INFO  impl.FollowerState (FollowerState.java:run(115)) - bc5c2372-d7f1-4de5-bb1b-5feb1335ebc5: FollowerState was interrupted: java.lang.InterruptedException: sleep interrupted
2019-09-09 05:43:55,293 [6213d06b-cb1c-43dd-962e-e038376d1825@group-0CF6BE9BFBF5-SegmentedRaftLogWorker] INFO  segmented.SegmentedRaftLogWorker (SegmentedRaftLogWorker.java:execute(569)) - 6213d06b-cb1c-43dd-962e-e038376d1825@group-0CF6BE9BFBF5-SegmentedRaftLogWorker: created new log segment /workdir/hadoop-ozone/integration-test/target/test-dir/MiniOzoneClusterImpl-a69cff32-9aaa-43e1-bc72-d1174bd05902/datanode-6/data/ratis/e98e8707-ffe8-48a7-bd20-0cf6be9bfbf5/current/log_inprogress_0
2019-09-09 05:43:55,310 [6213d06b-cb1c-43dd-962e-e038376d1825@group-8F5511676960:LeaderElection67] INFO  impl.LeaderElection (LeaderElection.java:logAndReturn(56)) - 6213d06b-cb1c-43dd-962e-e038376d1825@group-8F5511676960:LeaderElection67: Election PASSED; received 2 response(s) [6213d06b-cb1c-43dd-962e-e038376d1825<-bc5c2372-d7f1-4de5-bb1b-5feb1335ebc5#0:OK-t1, 6213d06b-cb1c-43dd-962e-e038376d1825<-2ec847ce-af00-4363-8eac-0e7a739063af#0:FAIL-t1] and 0 exception(s); 6213d06b-cb1c-43dd-962e-e038376d1825@group-8F5511676960:t1, leader=null, voted=6213d06b-cb1c-43dd-962e-e038376d1825, raftlog=6213d06b-cb1c-43dd-962e-e038376d1825@group-8F5511676960-SegmentedRaftLog:OPENED:c-1,f-1,i0, conf=-1: [bc5c2372-d7f1-4de5-bb1b-5feb1335ebc5:192.168.34.6:37777, 2ec847ce-af00-4363-8eac-0e7a739063af:192.168.34.6:43731, 6213d06b-cb1c-43dd-962e-e038376d1825:192.168.34.6:37053], old=null
2019-09-09 05:43:55,310 [6213d06b-cb1c-43dd-962e-e038376d1825@group-8F5511676960:LeaderElection67] INFO  impl.RoleInfo (RoleInfo.java:shutdownLeaderElection(134)) - 6213d06b-cb1c-43dd-962e-e038376d1825: shutdown LeaderElection
2019-09-09 05:43:55,310 [6213d06b-cb1c-43dd-962e-e038376d1825@group-8F5511676960:LeaderElection67] INFO  impl.RaftServerImpl (RaftServerImpl.java:setRole(174)) - 6213d06b-cb1c-43dd-962e-e038376d1825@group-8F5511676960: changes role from CANDIDATE to LEADER at term 1 for changeToLeader
2019-09-09 05:43:55,311 [6213d06b-cb1c-43dd-962e-e038376d1825@group-8F5511676960:LeaderElection67] INFO  impl.RaftServerImpl (ServerState.java:setLeader(253)) - 6213d06b-cb1c-43dd-962e-e038376d1825@group-8F5511676960: change Leader from null to 6213d06b-cb1c-43dd-962e-e038376d1825 at term 1 for becomeLeader, leader elected after 5220ms
2019-09-09 05:43:55,311 [6213d06b-cb1c-43dd-962e-e038376d1825@group-8F5511676960:LeaderElection67] INFO  server.RaftServerConfigKeys (ConfUtils.java:logGet(43)) - raft.server.staging.catchup.gap = 1000 (default)
2019-09-09 05:43:55,311 [6213d06b-cb1c-43dd-962e-e038376d1825@group-8F5511676960:LeaderElection67] INFO  server.RaftServerConfigKeys (ConfUtils.java:logGet(43)) - raft.server.rpc.sleep.time = 25ms (default)
2019-09-09 05:43:55,311 [6213d06b-cb1c-43dd-962e-e038376d1825@group-8F5511676960:LeaderElection67] INFO  server.RaftServerConfigKeys (ConfUtils.java:logGet(43)) - raft.server.write.element-limit = 4096 (default)
2019-09-09 05:43:55,311 [6213d06b-cb1c-43dd-962e-e038376d1825@group-8F5511676960:LeaderElection67] INFO  server.RaftServerConfigKeys (ConfUtils.java:logGet(43)) - raft.server.watch.timeout = 10s (default)
2019-09-09 05:43:55,311 [6213d06b-cb1c-43dd-962e-e038376d1825@group-8F5511676960:LeaderElection67] INFO  server.RaftServerConfigKeys (ConfUtils.java:logGet(43)) - raft.server.watch.timeout.denomination = 1s (default)
2019-09-09 05:43:55,311 [6213d06b-cb1c-43dd-962e-e038376d1825@group-8F5511676960:LeaderElection67] INFO  server.RaftServerConfigKeys (ConfUtils.java:logGet(43)) - raft.server.watch.element-limit = 65536 (default)
2019-09-09 05:43:55,312 [2ec847ce-af00-4363-8eac-0e7a739063af@group-8F5511676960:LeaderElection69] INFO  impl.LeaderElection (LeaderElection.java:logAndReturn(56)) - 2ec847ce-af00-4363-8eac-0e7a739063af@group-8F5511676960:LeaderElection69: Election REJECTED; received 2 response(s) [2ec847ce-af00-4363-8eac-0e7a739063af<-bc5c2372-d7f1-4de5-bb1b-5feb1335ebc5#0:FAIL-t1, 2ec847ce-af00-4363-8eac-0e7a739063af<-6213d06b-cb1c-43dd-962e-e038376d1825#0:FAIL-t1] and 0 exception(s); 2ec847ce-af00-4363-8eac-0e7a739063af@group-8F5511676960:t1, leader=null, voted=2ec847ce-af00-4363-8eac-0e7a739063af, raftlog=2ec847ce-af00-4363-8eac-0e7a739063af@group-8F5511676960-SegmentedRaftLog:OPENED:c-1,f-1,i0, conf=-1: [bc5c2372-d7f1-4de5-bb1b-5feb1335ebc5:192.168.34.6:37777, 2ec847ce-af00-4363-8eac-0e7a739063af:192.168.34.6:43731, 6213d06b-cb1c-43dd-962e-e038376d1825:192.168.34.6:37053], old=null
2019-09-09 05:43:55,314 [2ec847ce-af00-4363-8eac-0e7a739063af@group-8F5511676960:LeaderElection69] INFO  impl.RaftServerImpl (RaftServerImpl.java:setRole(174)) - 2ec847ce-af00-4363-8eac-0e7a739063af@group-8F5511676960: changes role from CANDIDATE to FOLLOWER at term 1 for DISCOVERED_A_NEW_TERM
2019-09-09 05:43:55,314 [2ec847ce-af00-4363-8eac-0e7a739063af@group-8F5511676960:LeaderElection69] INFO  impl.RoleInfo (RoleInfo.java:shutdownLeaderElection(134)) - 2ec847ce-af00-4363-8eac-0e7a739063af: shutdown LeaderElection
2019-09-09 05:43:55,314 [2ec847ce-af00-4363-8eac-0e7a739063af@group-8F5511676960:LeaderElection69] INFO  impl.RoleInfo (RoleInfo.java:updateAndGet(143)) - 2ec847ce-af00-4363-8eac-0e7a739063af: start FollowerState
2019-09-09 05:43:55,314 [6213d06b-cb1c-43dd-962e-e038376d1825@group-8F5511676960:LeaderElection67] INFO  server.RaftServerConfigKeys (ConfUtils.java:logGet(43)) - raft.server.log.appender.snapshot.chunk.size.max = 16MB (=16777216) (default)
2019-09-09 05:43:55,322 [6213d06b-cb1c-43dd-962e-e038376d1825@group-8F5511676960:LeaderElection67] INFO  server.RaftServerConfigKeys (ConfUtils.java:logGet(43)) - raft.server.log.appender.buffer.byte-limit = 33554432 (custom)
2019-09-09 05:43:55,322 [6213d06b-cb1c-43dd-962e-e038376d1825@group-8F5511676960:LeaderElection67] INFO  server.RaftServerConfigKeys (ConfUtils.java:logGet(43)) - raft.server.log.appender.buffer.element-limit = 1 (custom)
2019-09-09 05:43:55,322 [6213d06b-cb1c-43dd-962e-e038376d1825@group-8F5511676960:LeaderElection67] INFO  grpc.GrpcConfigKeys$Server (ConfUtils.java:logGet(43)) - raft.grpc.server.leader.outstanding.appends.max = 128 (default)
2019-09-09 05:43:55,322 [6213d06b-cb1c-43dd-962e-e038376d1825@group-8F5511676960:LeaderElection67] INFO  server.RaftServerConfigKeys (ConfUtils.java:logGet(43)) - raft.server.rpc.request.timeout = 3000ms (default)
2019-09-09 05:43:55,322 [6213d06b-cb1c-43dd-962e-e038376d1825@group-8F5511676960:LeaderElection67] INFO  server.RaftServerConfigKeys (ConfUtils.java:logGet(43)) - raft.server.log.appender.install.snapshot.enabled = false (custom)
2019-09-09 05:43:55,323 [6213d06b-cb1c-43dd-962e-e038376d1825@group-8F5511676960:LeaderElection67] INFO  server.RaftServerConfigKeys (ConfUtils.java:logGet(43)) - raft.server.log.appender.snapshot.chunk.size.max = 16MB (=16777216) (default)
2019-09-09 05:43:55,323 [6213d06b-cb1c-43dd-962e-e038376d1825@group-8F5511676960:LeaderElection67] INFO  server.RaftServerConfigKeys (ConfUtils.java:logGet(43)) - raft.server.log.appender.buffer.byte-limit = 33554432 (custom)
2019-09-09 05:43:55,323 [6213d06b-cb1c-43dd-962e-e038376d1825@group-8F5511676960:LeaderElection67] INFO  server.RaftServerConfigKeys (ConfUtils.java:logGet(43)) - raft.server.log.appender.buffer.element-limit = 1 (custom)
2019-09-09 05:43:55,323 [6213d06b-cb1c-43dd-962e-e038376d1825@group-8F5511676960:LeaderElection67] INFO  grpc.GrpcConfigKeys$Server (ConfUtils.java:logGet(43)) - raft.grpc.server.leader.outstanding.appends.max = 128 (default)
2019-09-09 05:43:55,323 [6213d06b-cb1c-43dd-962e-e038376d1825@group-8F5511676960:LeaderElection67] INFO  server.RaftServerConfigKeys (ConfUtils.java:logGet(43)) - raft.server.rpc.request.timeout = 3000ms (default)
2019-09-09 05:43:55,323 [6213d06b-cb1c-43dd-962e-e038376d1825@group-8F5511676960:LeaderElection67] INFO  server.RaftServerConfigKeys (ConfUtils.java:logGet(43)) - raft.server.log.appender.install.snapshot.enabled = false (custom)
2019-09-09 05:43:55,323 [6213d06b-cb1c-43dd-962e-e038376d1825@group-8F5511676960:LeaderElection67] INFO  impl.RoleInfo (RoleInfo.java:updateAndGet(143)) - 6213d06b-cb1c-43dd-962e-e038376d1825: start LeaderState
2019-09-09 05:43:55,323 [6213d06b-cb1c-43dd-962e-e038376d1825@group-8F5511676960:LeaderElection67] INFO  segmented.SegmentedRaftLogWorker (SegmentedRaftLogWorker.java:startLogSegment(380)) - 6213d06b-cb1c-43dd-962e-e038376d1825@group-8F5511676960-SegmentedRaftLogWorker: Starting segment from index:0
2019-09-09 05:43:55,324 [6213d06b-cb1c-43dd-962e-e038376d1825@group-8F5511676960:LeaderElection67] INFO  impl.RaftServerImpl (ServerState.java:setRaftConf(354)) - 6213d06b-cb1c-43dd-962e-e038376d1825@group-8F5511676960: set configuration 0: [bc5c2372-d7f1-4de5-bb1b-5feb1335ebc5:192.168.34.6:37777, 2ec847ce-af00-4363-8eac-0e7a739063af:192.168.34.6:43731, 6213d06b-cb1c-43dd-962e-e038376d1825:192.168.34.6:37053], old=null at 0
2019-09-09 05:43:55,351 [grpc-default-executor-0] INFO  impl.RaftServerImpl (ServerState.java:setLeader(253)) - bc5c2372-d7f1-4de5-bb1b-5feb1335ebc5@group-8F5511676960: change Leader from null to 6213d06b-cb1c-43dd-962e-e038376d1825 at term 1 for appendEntries, leader elected after 5260ms
2019-09-09 05:43:55,353 [grpc-default-executor-4] INFO  impl.RaftServerImpl (ServerState.java:setLeader(253)) - 2ec847ce-af00-4363-8eac-0e7a739063af@group-8F5511676960: change Leader from null to 6213d06b-cb1c-43dd-962e-e038376d1825 at term 1 for appendEntries, leader elected after 5260ms
2019-09-09 05:43:55,355 [grpc-default-executor-4] INFO  impl.RaftServerImpl (ServerState.java:setRaftConf(354)) - bc5c2372-d7f1-4de5-bb1b-5feb1335ebc5@group-8F5511676960: set configuration 0: [bc5c2372-d7f1-4de5-bb1b-5feb1335ebc5:192.168.34.6:37777, 2ec847ce-af00-4363-8eac-0e7a739063af:192.168.34.6:43731, 6213d06b-cb1c-43dd-962e-e038376d1825:192.168.34.6:37053], old=null at 0
2019-09-09 05:43:55,355 [grpc-default-executor-4] INFO  segmented.SegmentedRaftLogWorker (SegmentedRaftLogWorker.java:startLogSegment(380)) - bc5c2372-d7f1-4de5-bb1b-5feb1335ebc5@group-8F5511676960-SegmentedRaftLogWorker: Starting segment from index:0
2019-09-09 05:43:55,355 [grpc-default-executor-0] INFO  impl.RaftServerImpl (ServerState.java:setRaftConf(354)) - 2ec847ce-af00-4363-8eac-0e7a739063af@group-8F5511676960: set configuration 0: [bc5c2372-d7f1-4de5-bb1b-5feb1335ebc5:192.168.34.6:37777, 2ec847ce-af00-4363-8eac-0e7a739063af:192.168.34.6:43731, 6213d06b-cb1c-43dd-962e-e038376d1825:192.168.34.6:37053], old=null at 0
2019-09-09 05:43:55,355 [grpc-default-executor-0] INFO  segmented.SegmentedRaftLogWorker (SegmentedRaftLogWorker.java:startLogSegment(380)) - 2ec847ce-af00-4363-8eac-0e7a739063af@group-8F5511676960-SegmentedRaftLogWorker: Starting segment from index:0
2019-09-09 05:43:55,362 [6213d06b-cb1c-43dd-962e-e038376d1825@group-8F5511676960-SegmentedRaftLogWorker] INFO  segmented.SegmentedRaftLogWorker (SegmentedRaftLogWorker.java:execute(569)) - 6213d06b-cb1c-43dd-962e-e038376d1825@group-8F5511676960-SegmentedRaftLogWorker: created new log segment /workdir/hadoop-ozone/integration-test/target/test-dir/MiniOzoneClusterImpl-a69cff32-9aaa-43e1-bc72-d1174bd05902/datanode-6/data/ratis/8e3f610c-5191-460c-b95f-8f5511676960/current/log_inprogress_0
2019-09-09 05:43:55,390 [2ec847ce-af00-4363-8eac-0e7a739063af@group-8F5511676960-SegmentedRaftLogWorker] INFO  segmented.SegmentedRaftLogWorker (SegmentedRaftLogWorker.java:execute(569)) - 2ec847ce-af00-4363-8eac-0e7a739063af@group-8F5511676960-SegmentedRaftLogWorker: created new log segment /workdir/hadoop-ozone/integration-test/target/test-dir/MiniOzoneClusterImpl-a69cff32-9aaa-43e1-bc72-d1174bd05902/datanode-4/data/ratis/8e3f610c-5191-460c-b95f-8f5511676960/current/log_inprogress_0
2019-09-09 05:43:55,390 [bc5c2372-d7f1-4de5-bb1b-5feb1335ebc5@group-8F5511676960-SegmentedRaftLogWorker] INFO  segmented.SegmentedRaftLogWorker (SegmentedRaftLogWorker.java:execute(569)) - bc5c2372-d7f1-4de5-bb1b-5feb1335ebc5@group-8F5511676960-SegmentedRaftLogWorker: created new log segment /workdir/hadoop-ozone/integration-test/target/test-dir/MiniOzoneClusterImpl-a69cff32-9aaa-43e1-bc72-d1174bd05902/datanode-3/data/ratis/8e3f610c-5191-460c-b95f-8f5511676960/current/log_inprogress_0
2019-09-09 05:43:56,218 [grpc-default-executor-0] INFO  client.GrpcClientProtocolClient (GrpcClientProtocolClient.java:onNext(264)) - client-0BA03DD15845->2ec847ce-af00-4363-8eac-0e7a739063af: receive RaftClientReply:client-0BA03DD15845->2ec847ce-af00-4363-8eac-0e7a739063af@group-8F5511676960, cid=173, FAILED org.apache.ratis.protocol.NotLeaderException: Server 2ec847ce-af00-4363-8eac-0e7a739063af@group-8F5511676960 is not the leader 6213d06b-cb1c-43dd-962e-e038376d1825:192.168.34.6:37053, logIndex=0, commits[2ec847ce-af00-4363-8eac-0e7a739063af:c-1, bc5c2372-d7f1-4de5-bb1b-5feb1335ebc5:c-1, 6213d06b-cb1c-43dd-962e-e038376d1825:c-1]
2019-09-09 05:43:56,338 [grpc-default-executor-0] INFO  client.GrpcClientProtocolClient (GrpcClientProtocolClient.java:onNext(264)) - client-0BA03DD15845->6213d06b-cb1c-43dd-962e-e038376d1825: receive RaftClientReply:client-0BA03DD15845->6213d06b-cb1c-43dd-962e-e038376d1825@group-8F5511676960, cid=173, SUCCESS, logIndex=1, commits[6213d06b-cb1c-43dd-962e-e038376d1825:c1, bc5c2372-d7f1-4de5-bb1b-5feb1335ebc5:c0, 2ec847ce-af00-4363-8eac-0e7a739063af:c0]
2019-09-09 05:43:56,364 [grpc-default-executor-0] INFO  client.GrpcClientProtocolClient (GrpcClientProtocolClient.java:onNext(264)) - client-0BA03DD15845->6213d06b-cb1c-43dd-962e-e038376d1825: receive RaftClientReply:client-0BA03DD15845->6213d06b-cb1c-43dd-962e-e038376d1825@group-8F5511676960, cid=174, SUCCESS, logIndex=3, commits[6213d06b-cb1c-43dd-962e-e038376d1825:c4, bc5c2372-d7f1-4de5-bb1b-5feb1335ebc5:c2, 2ec847ce-af00-4363-8eac-0e7a739063af:c2]
2019-09-09 05:43:56,428 [grpc-default-executor-0] INFO  client.GrpcClientProtocolClient (GrpcClientProtocolClient.java:onNext(264)) - client-0BA03DD15845->6213d06b-cb1c-43dd-962e-e038376d1825: receive RaftClientReply:client-0BA03DD15845->6213d06b-cb1c-43dd-962e-e038376d1825@group-8F5511676960, cid=175, SUCCESS, logIndex=4, commits[6213d06b-cb1c-43dd-962e-e038376d1825:c12, bc5c2372-d7f1-4de5-bb1b-5feb1335ebc5:c7, 2ec847ce-af00-4363-8eac-0e7a739063af:c7]
2019-09-09 05:43:56,428 [grpc-default-executor-0] INFO  client.GrpcClientProtocolClient (GrpcClientProtocolClient.java:onNext(264)) - client-0BA03DD15845->6213d06b-cb1c-43dd-962e-e038376d1825: receive RaftClientReply:client-0BA03DD15845->6213d06b-cb1c-43dd-962e-e038376d1825@group-8F5511676960, cid=176, SUCCESS, logIndex=5, commits[6213d06b-cb1c-43dd-962e-e038376d1825:c12, bc5c2372-d7f1-4de5-bb1b-5feb1335ebc5:c7, 2ec847ce-af00-4363-8eac-0e7a739063af:c7]
2019-09-09 05:43:56,429 [grpc-default-executor-0] INFO  client.GrpcClientProtocolClient (GrpcClientProtocolClient.java:onNext(264)) - client-0BA03DD15845->6213d06b-cb1c-43dd-962e-e038376d1825: receive RaftClientReply:client-0BA03DD15845->6213d06b-cb1c-43dd-962e-e038376d1825@group-8F5511676960, cid=177, SUCCESS, logIndex=6, commits[6213d06b-cb1c-43dd-962e-e038376d1825:c12, bc5c2372-d7f1-4de5-bb1b-5feb1335ebc5:c7, 2ec847ce-af00-4363-8eac-0e7a739063af:c7]
2019-09-09 05:43:56,521 [grpc-default-executor-0] INFO  client.GrpcClientProtocolClient (GrpcClientProtocolClient.java:onNext(264)) - client-0BA03DD15845->6213d06b-cb1c-43dd-962e-e038376d1825: receive RaftClientReply:client-0BA03DD15845->6213d06b-cb1c-43dd-962e-e038376d1825@group-8F5511676960, cid=178, SUCCESS, logIndex=7, commits[6213d06b-cb1c-43dd-962e-e038376d1825:c12, bc5c2372-d7f1-4de5-bb1b-5feb1335ebc5:c7, 2ec847ce-af00-4363-8eac-0e7a739063af:c7]
2019-09-09 05:43:56,538 [grpc-default-executor-4] INFO  client.GrpcClientProtocolClient (GrpcClientProtocolClient.java:onNext(264)) - client-0BA03DD15845->6213d06b-cb1c-43dd-962e-e038376d1825: receive RaftClientReply:client-0BA03DD15845->6213d06b-cb1c-43dd-962e-e038376d1825@group-8F5511676960, cid=179, SUCCESS, logIndex=13, commits[6213d06b-cb1c-43dd-962e-e038376d1825:c14, bc5c2372-d7f1-4de5-bb1b-5feb1335ebc5:c12, 2ec847ce-af00-4363-8eac-0e7a739063af:c12]
2019-09-09 05:43:56,542 [grpc-default-executor-4] INFO  client.GrpcClientProtocolClient (GrpcClientProtocolClient.java:onNext(264)) - client-0BA03DD15845->6213d06b-cb1c-43dd-962e-e038376d1825: receive RaftClientReply:client-0BA03DD15845->6213d06b-cb1c-43dd-962e-e038376d1825@group-8F5511676960, cid=180, SUCCESS, logIndex=14, commits[6213d06b-cb1c-43dd-962e-e038376d1825:c14, bc5c2372-d7f1-4de5-bb1b-5feb1335ebc5:c12, 2ec847ce-af00-4363-8eac-0e7a739063af:c12]
2019-09-09 05:43:56,556 [grpc-default-executor-6] INFO  client.GrpcClientProtocolClient (GrpcClientProtocolClient.java:onNext(264)) - client-0BA03DD15845->6213d06b-cb1c-43dd-962e-e038376d1825: receive RaftClientReply:client-0BA03DD15845->6213d06b-cb1c-43dd-962e-e038376d1825@group-8F5511676960, cid=181, SUCCESS, logIndex=0, commits[6213d06b-cb1c-43dd-962e-e038376d1825:c16, bc5c2372-d7f1-4de5-bb1b-5feb1335ebc5:c14, 2ec847ce-af00-4363-8eac-0e7a739063af:c14]
2019-09-09 05:43:57,318 [Datanode State Machine Thread - 0] INFO  statemachine.DatanodeStateMachine (DatanodeStateMachine.java:lambda$startDaemon$0(350)) - Ozone container server started.
2019-09-09 05:44:01,386 [EventQueue-StaleNodeForStaleNodeHandler] INFO  node.StaleNodeHandler (StaleNodeHandler.java:onMessage(58)) - Datanode 6213d06b-cb1c-43dd-962e-e038376d1825{ip: 192.168.34.6, host: trunk-nightly-20190909-tk4cs-374463008, networkLocation: /default-rack, certSerialId: null} moved to stale state. Finalizing its pipelines [PipelineID=8e3f610c-5191-460c-b95f-8f5511676960, PipelineID=e98e8707-ffe8-48a7-bd20-0cf6be9bfbf5]
2019-09-09 05:44:01,387 [EventQueue-StaleNodeForStaleNodeHandler] INFO  pipeline.SCMPipelineManager (SCMPipelineManager.java:finalizeAndDestroyPipeline(311)) - destroying pipeline:Pipeline[ Id: 8e3f610c-5191-460c-b95f-8f5511676960, Nodes: 6213d06b-cb1c-43dd-962e-e038376d1825{ip: 192.168.34.6, host: trunk-nightly-20190909-tk4cs-374463008, networkLocation: /default-rack, certSerialId: null}bc5c2372-d7f1-4de5-bb1b-5feb1335ebc5{ip: 192.168.34.6, host: trunk-nightly-20190909-tk4cs-374463008, networkLocation: /default-rack, certSerialId: null}2ec847ce-af00-4363-8eac-0e7a739063af{ip: 192.168.34.6, host: trunk-nightly-20190909-tk4cs-374463008, networkLocation: /default-rack, certSerialId: null}, Type:RATIS, Factor:THREE, State:OPEN]
2019-09-09 05:44:01,387 [EventQueue-StaleNodeForStaleNodeHandler] INFO  pipeline.PipelineStateManager (PipelineStateManager.java:finalizePipeline(123)) - Pipeline Pipeline[ Id: 8e3f610c-5191-460c-b95f-8f5511676960, Nodes: 6213d06b-cb1c-43dd-962e-e038376d1825{ip: 192.168.34.6, host: trunk-nightly-20190909-tk4cs-374463008, networkLocation: /default-rack, certSerialId: null}bc5c2372-d7f1-4de5-bb1b-5feb1335ebc5{ip: 192.168.34.6, host: trunk-nightly-20190909-tk4cs-374463008, networkLocation: /default-rack, certSerialId: null}2ec847ce-af00-4363-8eac-0e7a739063af{ip: 192.168.34.6, host: trunk-nightly-20190909-tk4cs-374463008, networkLocation: /default-rack, certSerialId: null}, Type:RATIS, Factor:THREE, State:CLOSED] moved to CLOSED state
2019-09-09 05:44:01,388 [EventQueue-CloseContainerForCloseContainerEventHandler] INFO  container.CloseContainerEventHandler (CloseContainerEventHandler.java:onMessage(61)) - Close container Event triggered for container : #1
2019-09-09 05:44:01,391 [EventQueue-StaleNodeForStaleNodeHandler] INFO  pipeline.SCMPipelineManager (SCMPipelineManager.java:finalizeAndDestroyPipeline(311)) - destroying pipeline:Pipeline[ Id: e98e8707-ffe8-48a7-bd20-0cf6be9bfbf5, Nodes: 6213d06b-cb1c-43dd-962e-e038376d1825{ip: 192.168.34.6, host: trunk-nightly-20190909-tk4cs-374463008, networkLocation: /default-rack, certSerialId: null}, Type:RATIS, Factor:ONE, State:OPEN]
2019-09-09 05:44:01,393 [EventQueue-StaleNodeForStaleNodeHandler] INFO  pipeline.PipelineStateManager (PipelineStateManager.java:finalizePipeline(123)) - Pipeline Pipeline[ Id: e98e8707-ffe8-48a7-bd20-0cf6be9bfbf5, Nodes: 6213d06b-cb1c-43dd-962e-e038376d1825{ip: 192.168.34.6, host: trunk-nightly-20190909-tk4cs-374463008, networkLocation: /default-rack, certSerialId: null}, Type:RATIS, Factor:ONE, State:CLOSED] moved to CLOSED state
2019-09-09 05:44:01,557 [main] INFO  ozoneimpl.OzoneContainer (OzoneContainer.java:stop(231)) - Attempting to stop container services.
2019-09-09 05:44:01,558 [main] INFO  impl.RaftServerProxy (RaftServerProxy.java:lambda$close$4(314)) - 6213d06b-cb1c-43dd-962e-e038376d1825: close
2019-09-09 05:44:01,558 [main] INFO  impl.RaftServerImpl (RaftServerImpl.java:lambda$shutdown$3(251)) - 6213d06b-cb1c-43dd-962e-e038376d1825@group-8F5511676960: shutdown
2019-09-09 05:44:01,558 [ForkJoinPool.commonPool-worker-0] INFO  impl.RaftServerImpl (RaftServerImpl.java:lambda$shutdown$3(251)) - 6213d06b-cb1c-43dd-962e-e038376d1825@group-0CF6BE9BFBF5: shutdown
2019-09-09 05:44:01,558 [main] INFO  util.JmxRegister (JmxRegister.java:unregister(73)) - Successfully un-registered JMX Bean with object name Ratis:service=RaftServer,group=group-8F5511676960,id=6213d06b-cb1c-43dd-962e-e038376d1825
2019-09-09 05:44:01,559 [ForkJoinPool.commonPool-worker-0] INFO  util.JmxRegister (JmxRegister.java:unregister(73)) - Successfully un-registered JMX Bean with object name Ratis:service=RaftServer,group=group-0CF6BE9BFBF5,id=6213d06b-cb1c-43dd-962e-e038376d1825
2019-09-09 05:44:01,559 [main] INFO  impl.RoleInfo (RoleInfo.java:shutdownLeaderState(104)) - 6213d06b-cb1c-43dd-962e-e038376d1825: shutdown LeaderState
2019-09-09 05:44:01,559 [ForkJoinPool.commonPool-worker-0] INFO  impl.RoleInfo (RoleInfo.java:shutdownLeaderState(104)) - 6213d06b-cb1c-43dd-962e-e038376d1825: shutdown LeaderState
2019-09-09 05:44:01,563 [org.apache.ratis.server.impl.LogAppender$AppenderDaemon$$Lambda$493/45274819@c6b2a3a] WARN  server.GrpcLogAppender (GrpcLogAppender.java:mayWait(143)) - 6213d06b-cb1c-43dd-962e-e038376d1825@group-8F5511676960->2ec847ce-af00-4363-8eac-0e7a739063af-GrpcLogAppender: Wait interrupted by java.lang.InterruptedException
2019-09-09 05:44:01,563 [org.apache.ratis.server.impl.LogAppender$AppenderDaemon$$Lambda$493/45274819@2a728e05] WARN  server.GrpcLogAppender (GrpcLogAppender.java:mayWait(143)) - 6213d06b-cb1c-43dd-962e-e038376d1825@group-8F5511676960->bc5c2372-d7f1-4de5-bb1b-5feb1335ebc5-GrpcLogAppender: Wait interrupted by java.lang.InterruptedException
2019-09-09 05:44:01,563 [main] INFO  impl.PendingRequests (PendingRequests.java:sendNotLeaderResponses(202)) - 6213d06b-cb1c-43dd-962e-e038376d1825-PendingRequests: sendNotLeaderResponses
2019-09-09 05:44:01,563 [ForkJoinPool.commonPool-worker-0] INFO  impl.PendingRequests (PendingRequests.java:sendNotLeaderResponses(202)) - 6213d06b-cb1c-43dd-962e-e038376d1825-PendingRequests: sendNotLeaderResponses
2019-09-09 05:44:01,564 [grpc-default-executor-6] INFO  server.GrpcServerProtocolService (GrpcServerProtocolService.java:onCompleted(113)) - bc5c2372-d7f1-4de5-bb1b-5feb1335ebc5: Completed APPEND_ENTRIES, lastRequest: 6213d06b-cb1c-43dd-962e-e038376d1825->bc5c2372-d7f1-4de5-bb1b-5feb1335ebc5#19-t1, previous=(t:1, i:16), leaderCommit=16, initializing? false, entries: <empty>
2019-09-09 05:44:01,564 [grpc-default-executor-4] INFO  server.GrpcServerProtocolService (GrpcServerProtocolService.java:onCompleted(113)) - 2ec847ce-af00-4363-8eac-0e7a739063af: Completed APPEND_ENTRIES, lastRequest: 6213d06b-cb1c-43dd-962e-e038376d1825->2ec847ce-af00-4363-8eac-0e7a739063af#19-t1, previous=(t:1, i:16), leaderCommit=16, initializing? false, entries: <empty>
2019-09-09 05:44:01,567 [ForkJoinPool.commonPool-worker-0] INFO  impl.StateMachineUpdater (StateMachineUpdater.java:stopAndJoin(125)) - 6213d06b-cb1c-43dd-962e-e038376d1825@group-0CF6BE9BFBF5-StateMachineUpdater: set stopIndex = 0
2019-09-09 05:44:01,567 [6213d06b-cb1c-43dd-962e-e038376d1825@group-8F5511676960-StateMachineUpdater] INFO  ratis.ContainerStateMachine (ContainerStateMachine.java:takeSnapshot(289)) - group-8F5511676960: Taking a snapshot at:(t:1, i:14) file /workdir/hadoop-ozone/integration-test/target/test-dir/MiniOzoneClusterImpl-a69cff32-9aaa-43e1-bc72-d1174bd05902/datanode-6/data/ratis/8e3f610c-5191-460c-b95f-8f5511676960/sm/snapshot.1_14
2019-09-09 05:44:01,567 [main] INFO  impl.StateMachineUpdater (StateMachineUpdater.java:stopAndJoin(125)) - 6213d06b-cb1c-43dd-962e-e038376d1825@group-8F5511676960-StateMachineUpdater: set stopIndex = 16
2019-09-09 05:44:01,570 [grpc-default-executor-6] INFO  server.GrpcLogAppender (GrpcLogAppender.java:onCompleted(293)) - 6213d06b-cb1c-43dd-962e-e038376d1825@group-8F5511676960->2ec847ce-af00-4363-8eac-0e7a739063af-AppendLogResponseHandler: follower responses appendEntries COMPLETED
2019-09-09 05:44:01,568 [grpc-default-executor-4] INFO  server.GrpcLogAppender (GrpcLogAppender.java:onCompleted(293)) - 6213d06b-cb1c-43dd-962e-e038376d1825@group-8F5511676960->bc5c2372-d7f1-4de5-bb1b-5feb1335ebc5-AppendLogResponseHandler: follower responses appendEntries COMPLETED
2019-09-09 05:44:01,568 [ForkJoinPool.commonPool-worker-0] INFO  impl.RaftServerImpl (ServerState.java:close(385)) - 6213d06b-cb1c-43dd-962e-e038376d1825@group-0CF6BE9BFBF5: closes. applyIndex: 0
2019-09-09 05:44:01,571 [grpc-default-executor-4] INFO  impl.FollowerInfo (FollowerInfo.java:lambda$new$0(51)) - 6213d06b-cb1c-43dd-962e-e038376d1825@group-8F5511676960->bc5c2372-d7f1-4de5-bb1b-5feb1335ebc5: nextIndex: updateUnconditionally 17 -> 16
2019-09-09 05:44:01,571 [grpc-default-executor-6] INFO  impl.FollowerInfo (FollowerInfo.java:lambda$new$0(51)) - 6213d06b-cb1c-43dd-962e-e038376d1825@group-8F5511676960->2ec847ce-af00-4363-8eac-0e7a739063af: nextIndex: updateUnconditionally 17 -> 16
2019-09-09 05:44:01,571 [6213d06b-cb1c-43dd-962e-e038376d1825@group-0CF6BE9BFBF5-SegmentedRaftLogWorker] INFO  segmented.SegmentedRaftLogWorker (SegmentedRaftLogWorker.java:run(313)) - 6213d06b-cb1c-43dd-962e-e038376d1825@group-0CF6BE9BFBF5-SegmentedRaftLogWorker was interrupted, exiting. There are 0 tasks remaining in the queue.
2019-09-09 05:44:01,581 [ForkJoinPool.commonPool-worker-0] INFO  segmented.SegmentedRaftLogWorker (SegmentedRaftLogWorker.java:close(228)) - 6213d06b-cb1c-43dd-962e-e038376d1825@group-0CF6BE9BFBF5-SegmentedRaftLogWorker close()
2019-09-09 05:44:01,585 [6213d06b-cb1c-43dd-962e-e038376d1825@group-8F5511676960-StateMachineUpdater] INFO  ratis.ContainerStateMachine (ContainerStateMachine.java:takeSnapshot(300)) - group-8F5511676960: Finished taking a snapshot at:(t:1, i:14) file:/workdir/hadoop-ozone/integration-test/target/test-dir/MiniOzoneClusterImpl-a69cff32-9aaa-43e1-bc72-d1174bd05902/datanode-6/data/ratis/8e3f610c-5191-460c-b95f-8f5511676960/sm/snapshot.1_14 time:18
2019-09-09 05:44:01,586 [6213d06b-cb1c-43dd-962e-e038376d1825@group-8F5511676960-StateMachineUpdater] INFO  impl.StateMachineUpdater (StateMachineUpdater.java:takeSnapshot(258)) - 6213d06b-cb1c-43dd-962e-e038376d1825@group-8F5511676960-StateMachineUpdater: Took a snapshot at index 14
2019-09-09 05:44:01,586 [6213d06b-cb1c-43dd-962e-e038376d1825@group-8F5511676960-StateMachineUpdater] INFO  impl.StateMachineUpdater (StateMachineUpdater.java:lambda$new$0(83)) - 6213d06b-cb1c-43dd-962e-e038376d1825@group-8F5511676960-StateMachineUpdater: snapshotIndex: updateIncreasingly -1 -> 14
2019-09-09 05:44:01,586 [6213d06b-cb1c-43dd-962e-e038376d1825@group-8F5511676960-StateMachineUpdater] INFO  ratis.ContainerStateMachine (ContainerStateMachine.java:takeSnapshot(289)) - group-8F5511676960: Taking a snapshot at:(t:1, i:14) file /workdir/hadoop-ozone/integration-test/target/test-dir/MiniOzoneClusterImpl-a69cff32-9aaa-43e1-bc72-d1174bd05902/datanode-6/data/ratis/8e3f610c-5191-460c-b95f-8f5511676960/sm/snapshot.1_14
2019-09-09 05:44:01,599 [6213d06b-cb1c-43dd-962e-e038376d1825@group-8F5511676960-StateMachineUpdater] INFO  ratis.ContainerStateMachine (ContainerStateMachine.java:takeSnapshot(300)) - group-8F5511676960: Finished taking a snapshot at:(t:1, i:14) file:/workdir/hadoop-ozone/integration-test/target/test-dir/MiniOzoneClusterImpl-a69cff32-9aaa-43e1-bc72-d1174bd05902/datanode-6/data/ratis/8e3f610c-5191-460c-b95f-8f5511676960/sm/snapshot.1_14 time:13
2019-09-09 05:44:01,599 [6213d06b-cb1c-43dd-962e-e038376d1825@group-8F5511676960-StateMachineUpdater] INFO  impl.StateMachineUpdater (StateMachineUpdater.java:takeSnapshot(258)) - 6213d06b-cb1c-43dd-962e-e038376d1825@group-8F5511676960-StateMachineUpdater: Took a snapshot at index 14
2019-09-09 05:44:01,599 [6213d06b-cb1c-43dd-962e-e038376d1825@group-8F5511676960-StateMachineUpdater] INFO  impl.StateMachineUpdater (StateMachineUpdater.java:lambda$new$0(83)) - 6213d06b-cb1c-43dd-962e-e038376d1825@group-8F5511676960-StateMachineUpdater: snapshotIndex: updateIncreasingly 14 -> 14
2019-09-09 05:44:01,599 [main] INFO  impl.RaftServerImpl (ServerState.java:close(385)) - 6213d06b-cb1c-43dd-962e-e038376d1825@group-8F5511676960: closes. applyIndex: 16
2019-09-09 05:44:01,600 [6213d06b-cb1c-43dd-962e-e038376d1825@group-8F5511676960-SegmentedRaftLogWorker] INFO  segmented.SegmentedRaftLogWorker (SegmentedRaftLogWorker.java:run(313)) - 6213d06b-cb1c-43dd-962e-e038376d1825@group-8F5511676960-SegmentedRaftLogWorker was interrupted, exiting. There are 0 tasks remaining in the queue.
2019-09-09 05:44:01,602 [main] INFO  segmented.SegmentedRaftLogWorker (SegmentedRaftLogWorker.java:close(228)) - 6213d06b-cb1c-43dd-962e-e038376d1825@group-8F5511676960-SegmentedRaftLogWorker close()
2019-09-09 05:44:01,605 [main] INFO  server.GrpcService (GrpcService.java:closeImpl(164)) - 6213d06b-cb1c-43dd-962e-e038376d1825: shutdown server with port 37053 now
2019-09-09 05:44:01,606 [grpc-default-executor-0] WARN  client.GrpcClientProtocolService (LogUtils.java:warn(134)) - 3-UnorderedRequestStreamObserver3: onError: org.apache.ratis.thirdparty.io.grpc.StatusRuntimeException: CANCELLED: cancelled before receiving half close
2019-09-09 05:44:01,606 [main] INFO  server.GrpcService (GrpcService.java:closeImpl(172)) - 6213d06b-cb1c-43dd-962e-e038376d1825: shutdown server with port 37053 successfully
2019-09-09 05:44:01,610 [refreshUsed-/workdir/hadoop-ozone/integration-test/target/test-dir/MiniOzoneClusterImpl-a69cff32-9aaa-43e1-bc72-d1174bd05902/datanode-6/data/containers] WARN  fs.CachingGetSpaceUsed (CachingGetSpaceUsed.java:run(183)) - Thread Interrupted waiting to refresh disk information: sleep interrupted
2019-09-09 05:44:01,626 [main] INFO  utils.BackgroundService (BackgroundService.java:shutdown(148)) - Shutting down service BlockDeletingService
2019-09-09 05:44:01,633 [main] INFO  statemachine.DatanodeStateMachine (DatanodeStateMachine.java:stopDaemon(395)) - Ozone container server stopped.
2019-09-09 05:44:01,634 [main] INFO  handler.ContextHandler (ContextHandler.java:doStop(910)) - Stopped o.e.j.w.WebAppContext@755a7218{/,null,UNAVAILABLE}{/hddsDatanode}
2019-09-09 05:44:01,637 [main] INFO  server.AbstractConnector (AbstractConnector.java:doStop(318)) - Stopped ServerConnector@70c29356{HTTP/1.1,[http/1.1]}{0.0.0.0:0}
2019-09-09 05:44:01,638 [main] INFO  handler.ContextHandler (ContextHandler.java:doStop(910)) - Stopped o.e.j.s.ServletContextHandler@78d92eef{/static,jar:file:/home/user/.m2/repository/org/apache/hadoop/hadoop-hdds-container-service/0.5.0-SNAPSHOT/hadoop-hdds-container-service-0.5.0-SNAPSHOT.jar!/webapps/static,UNAVAILABLE}
2019-09-09 05:44:01,638 [main] INFO  handler.ContextHandler (ContextHandler.java:doStop(910)) - Stopped o.e.j.s.ServletContextHandler@34c76167{/logs,file:///workdir/hadoop-ozone/integration-test/target/log,UNAVAILABLE}
2019-09-09 05:44:03,653 [grpc-default-executor-6] INFO  client.GrpcClientProtocolClient (GrpcClientProtocolClient.java:onNext(264)) - client-0BA03DD15845->2ec847ce-af00-4363-8eac-0e7a739063af: receive RaftClientReply:client-0BA03DD15845->2ec847ce-af00-4363-8eac-0e7a739063af@group-8F5511676960, cid=182, FAILED org.apache.ratis.protocol.NotLeaderException: Server 2ec847ce-af00-4363-8eac-0e7a739063af@group-8F5511676960 is not the leader 6213d06b-cb1c-43dd-962e-e038376d1825:192.168.34.6:37053, logIndex=0, commits[2ec847ce-af00-4363-8eac-0e7a739063af:c16, bc5c2372-d7f1-4de5-bb1b-5feb1335ebc5:c16, 6213d06b-cb1c-43dd-962e-e038376d1825:c16]
2019-09-09 05:44:04,669 [grpc-default-executor-4] INFO  client.GrpcClientProtocolClient (GrpcClientProtocolClient.java:onNext(264)) - client-0BA03DD15845->2ec847ce-af00-4363-8eac-0e7a739063af: receive RaftClientReply:client-0BA03DD15845->2ec847ce-af00-4363-8eac-0e7a739063af@group-8F5511676960, cid=182, FAILED org.apache.ratis.protocol.NotLeaderException: Server 2ec847ce-af00-4363-8eac-0e7a739063af@group-8F5511676960 is not the leader 6213d06b-cb1c-43dd-962e-e038376d1825:192.168.34.6:37053, logIndex=0, commits[2ec847ce-af00-4363-8eac-0e7a739063af:c16, bc5c2372-d7f1-4de5-bb1b-5feb1335ebc5:c16, 6213d06b-cb1c-43dd-962e-e038376d1825:c16]
2019-09-09 05:44:05,684 [grpc-default-executor-4] INFO  client.GrpcClientProtocolClient (GrpcClientProtocolClient.java:onNext(264)) - client-0BA03DD15845->2ec847ce-af00-4363-8eac-0e7a739063af: receive RaftClientReply:client-0BA03DD15845->2ec847ce-af00-4363-8eac-0e7a739063af@group-8F5511676960, cid=182, FAILED org.apache.ratis.protocol.NotLeaderException: Server 2ec847ce-af00-4363-8eac-0e7a739063af@group-8F5511676960 is not the leader 6213d06b-cb1c-43dd-962e-e038376d1825:192.168.34.6:37053, logIndex=0, commits[2ec847ce-af00-4363-8eac-0e7a739063af:c16, bc5c2372-d7f1-4de5-bb1b-5feb1335ebc5:c16, 6213d06b-cb1c-43dd-962e-e038376d1825:c16]
2019-09-09 05:44:06,698 [grpc-default-executor-4] INFO  client.GrpcClientProtocolClient (GrpcClientProtocolClient.java:onNext(264)) - client-0BA03DD15845->2ec847ce-af00-4363-8eac-0e7a739063af: receive RaftClientReply:client-0BA03DD15845->2ec847ce-af00-4363-8eac-0e7a739063af@group-8F5511676960, cid=182, FAILED org.apache.ratis.protocol.NotLeaderException: Server 2ec847ce-af00-4363-8eac-0e7a739063af@group-8F5511676960 is not the leader 6213d06b-cb1c-43dd-962e-e038376d1825:192.168.34.6:37053, logIndex=0, commits[2ec847ce-af00-4363-8eac-0e7a739063af:c16, bc5c2372-d7f1-4de5-bb1b-5feb1335ebc5:c16, 6213d06b-cb1c-43dd-962e-e038376d1825:c16]
2019-09-09 05:44:07,715 [grpc-default-executor-7] INFO  client.GrpcClientProtocolClient (GrpcClientProtocolClient.java:onNext(264)) - client-0BA03DD15845->bc5c2372-d7f1-4de5-bb1b-5feb1335ebc5: receive RaftClientReply:client-0BA03DD15845->bc5c2372-d7f1-4de5-bb1b-5feb1335ebc5@group-8F5511676960, cid=182, FAILED org.apache.ratis.protocol.NotLeaderException: Server bc5c2372-d7f1-4de5-bb1b-5feb1335ebc5@group-8F5511676960 is not the leader 6213d06b-cb1c-43dd-962e-e038376d1825:192.168.34.6:37053, logIndex=0, commits[bc5c2372-d7f1-4de5-bb1b-5feb1335ebc5:c16, 2ec847ce-af00-4363-8eac-0e7a739063af:c16, 6213d06b-cb1c-43dd-962e-e038376d1825:c16]
2019-09-09 05:44:08,742 [grpc-default-executor-4] INFO  client.GrpcClientProtocolClient (GrpcClientProtocolClient.java:onNext(264)) - client-0BA03DD15845->bc5c2372-d7f1-4de5-bb1b-5feb1335ebc5: receive RaftClientReply:client-0BA03DD15845->bc5c2372-d7f1-4de5-bb1b-5feb1335ebc5@group-8F5511676960, cid=182, FAILED org.apache.ratis.protocol.NotLeaderException: Server bc5c2372-d7f1-4de5-bb1b-5feb1335ebc5@group-8F5511676960 is not the leader 6213d06b-cb1c-43dd-962e-e038376d1825:192.168.34.6:37053, logIndex=0, commits[bc5c2372-d7f1-4de5-bb1b-5feb1335ebc5:c16, 2ec847ce-af00-4363-8eac-0e7a739063af:c16, 6213d06b-cb1c-43dd-962e-e038376d1825:c16]
2019-09-09 05:44:10,033 [grpc-default-executor-4] INFO  client.GrpcClientProtocolClient (GrpcClientProtocolClient.java:onNext(264)) - client-0BA03DD15845->bc5c2372-d7f1-4de5-bb1b-5feb1335ebc5: receive RaftClientReply:client-0BA03DD15845->bc5c2372-d7f1-4de5-bb1b-5feb1335ebc5@group-8F5511676960, cid=182, FAILED org.apache.ratis.protocol.NotLeaderException: Server bc5c2372-d7f1-4de5-bb1b-5feb1335ebc5@group-8F5511676960 is not the leader 6213d06b-cb1c-43dd-962e-e038376d1825:192.168.34.6:37053, logIndex=0, commits[bc5c2372-d7f1-4de5-bb1b-5feb1335ebc5:c16, 2ec847ce-af00-4363-8eac-0e7a739063af:c16, 6213d06b-cb1c-43dd-962e-e038376d1825:c16]
2019-09-09 05:44:10,525 [Thread-3136] INFO  impl.FollowerState (FollowerState.java:run(106)) - 2ec847ce-af00-4363-8eac-0e7a739063af:group-8F5511676960 changes to CANDIDATE, lastRpcTime:8970, electionTimeout:5177ms
2019-09-09 05:44:10,529 [Thread-3136] INFO  impl.RoleInfo (RoleInfo.java:shutdownFollowerState(121)) - 2ec847ce-af00-4363-8eac-0e7a739063af: shutdown FollowerState
2019-09-09 05:44:10,530 [Thread-3136] INFO  impl.RaftServerImpl (RaftServerImpl.java:setRole(174)) - 2ec847ce-af00-4363-8eac-0e7a739063af@group-8F5511676960: changes role from  FOLLOWER to CANDIDATE at term 1 for changeToCandidate
2019-09-09 05:44:10,530 [Thread-3136] INFO  impl.RoleInfo (RoleInfo.java:updateAndGet(143)) - 2ec847ce-af00-4363-8eac-0e7a739063af: start LeaderElection
2019-09-09 05:44:10,533 [2ec847ce-af00-4363-8eac-0e7a739063af@group-8F5511676960:LeaderElection70] INFO  impl.RaftServerImpl (ServerState.java:setLeader(253)) - 2ec847ce-af00-4363-8eac-0e7a739063af@group-8F5511676960: change Leader from 6213d06b-cb1c-43dd-962e-e038376d1825 to null at term 1 for initElection
2019-09-09 05:44:10,550 [2ec847ce-af00-4363-8eac-0e7a739063af@group-8F5511676960:LeaderElection70] INFO  impl.LeaderElection (LeaderElection.java:askForVotes(182)) - 2ec847ce-af00-4363-8eac-0e7a739063af@group-8F5511676960:LeaderElection70: begin an election at term 2 for 0: [bc5c2372-d7f1-4de5-bb1b-5feb1335ebc5:192.168.34.6:37777, 2ec847ce-af00-4363-8eac-0e7a739063af:192.168.34.6:43731, 6213d06b-cb1c-43dd-962e-e038376d1825:192.168.34.6:37053], old=null
2019-09-09 05:44:10,554 [2ec847ce-af00-4363-8eac-0e7a739063af@group-8F5511676960:LeaderElection70] INFO  impl.LeaderElection (LogUtils.java:infoOrTrace(149)) - 2ec847ce-af00-4363-8eac-0e7a739063af@group-8F5511676960:LeaderElection70 got exception when requesting votes: {}
java.util.concurrent.ExecutionException: org.apache.ratis.thirdparty.io.grpc.StatusRuntimeException: UNAVAILABLE: io exception
	at java.util.concurrent.FutureTask.report(FutureTask.java:122)
	at java.util.concurrent.FutureTask.get(FutureTask.java:192)
	at org.apache.ratis.server.impl.LeaderElection.waitForResults(LeaderElection.java:263)
	at org.apache.ratis.server.impl.LeaderElection.askForVotes(LeaderElection.java:201)
	at org.apache.ratis.server.impl.LeaderElection.run(LeaderElection.java:133)
	at java.lang.Thread.run(Thread.java:748)
Caused by: org.apache.ratis.thirdparty.io.grpc.StatusRuntimeException: UNAVAILABLE: io exception
	at org.apache.ratis.thirdparty.io.grpc.stub.ClientCalls.toStatusRuntimeException(ClientCalls.java:233)
	at org.apache.ratis.thirdparty.io.grpc.stub.ClientCalls.getUnchecked(ClientCalls.java:214)
	at org.apache.ratis.thirdparty.io.grpc.stub.ClientCalls.blockingUnaryCall(ClientCalls.java:139)
	at org.apache.ratis.proto.grpc.RaftServerProtocolServiceGrpc$RaftServerProtocolServiceBlockingStub.requestVote(RaftServerProtocolServiceGrpc.java:265)
	at org.apache.ratis.grpc.server.GrpcServerProtocolClient.requestVote(GrpcServerProtocolClient.java:90)
	at org.apache.ratis.grpc.server.GrpcService.requestVote(GrpcService.java:204)
	at org.apache.ratis.server.impl.LeaderElection.lambda$submitRequests$1(LeaderElection.java:238)
	at java.util.concurrent.FutureTask.run(FutureTask.java:266)
	at java.util.concurrent.Executors$RunnableAdapter.call(Executors.java:511)
	at java.util.concurrent.FutureTask.run(FutureTask.java:266)
	at java.util.concurrent.ThreadPoolExecutor.runWorker(ThreadPoolExecutor.java:1149)
	at java.util.concurrent.ThreadPoolExecutor$Worker.run(ThreadPoolExecutor.java:624)
	... 1 more
Caused by: org.apache.ratis.thirdparty.io.netty.channel.AbstractChannel$AnnotatedConnectException: Connection refused: /192.168.34.6:37053
	at sun.nio.ch.SocketChannelImpl.checkConnect(Native Method)
	at sun.nio.ch.SocketChannelImpl.finishConnect(SocketChannelImpl.java:717)
	at org.apache.ratis.thirdparty.io.netty.channel.socket.nio.NioSocketChannel.doFinishConnect(NioSocketChannel.java:327)
	at org.apache.ratis.thirdparty.io.netty.channel.nio.AbstractNioChannel$AbstractNioUnsafe.finishConnect(AbstractNioChannel.java:340)
	at org.apache.ratis.thirdparty.io.netty.channel.nio.NioEventLoop.processSelectedKey(NioEventLoop.java:632)
	at org.apache.ratis.thirdparty.io.netty.channel.nio.NioEventLoop.processSelectedKeysOptimized(NioEventLoop.java:579)
	at org.apache.ratis.thirdparty.io.netty.channel.nio.NioEventLoop.processSelectedKeys(NioEventLoop.java:496)
	at org.apache.ratis.thirdparty.io.netty.channel.nio.NioEventLoop.run(NioEventLoop.java:458)
	at org.apache.ratis.thirdparty.io.netty.util.concurrent.SingleThreadEventExecutor$5.run(SingleThreadEventExecutor.java:897)
	at org.apache.ratis.thirdparty.io.netty.util.concurrent.FastThreadLocalRunnable.run(FastThreadLocalRunnable.java:30)
	... 1 more
Caused by: java.net.ConnectException: Connection refused
	... 11 more
2019-09-09 05:44:10,559 [grpc-default-executor-6] INFO  impl.RaftServerImpl (ServerState.java:setLeader(253)) - bc5c2372-d7f1-4de5-bb1b-5feb1335ebc5@group-8F5511676960: change Leader from 6213d06b-cb1c-43dd-962e-e038376d1825 to null at term 2 for updateCurrentTerm
2019-09-09 05:44:10,560 [grpc-default-executor-6] INFO  impl.RaftServerImpl (RaftServerImpl.java:setRole(174)) - bc5c2372-d7f1-4de5-bb1b-5feb1335ebc5@group-8F5511676960: changes role from  FOLLOWER to FOLLOWER at term 2 for recognizeCandidate:2ec847ce-af00-4363-8eac-0e7a739063af
2019-09-09 05:44:10,560 [grpc-default-executor-6] INFO  impl.RoleInfo (RoleInfo.java:shutdownFollowerState(121)) - bc5c2372-d7f1-4de5-bb1b-5feb1335ebc5: shutdown FollowerState
2019-09-09 05:44:10,560 [grpc-default-executor-6] INFO  impl.RoleInfo (RoleInfo.java:updateAndGet(143)) - bc5c2372-d7f1-4de5-bb1b-5feb1335ebc5: start FollowerState
2019-09-09 05:44:10,560 [Thread-3134] INFO  impl.FollowerState (FollowerState.java:run(115)) - bc5c2372-d7f1-4de5-bb1b-5feb1335ebc5: FollowerState was interrupted: java.lang.InterruptedException: sleep interrupted
2019-09-09 05:44:10,576 [2ec847ce-af00-4363-8eac-0e7a739063af@group-8F5511676960:LeaderElection70] INFO  impl.LeaderElection (LeaderElection.java:logAndReturn(56)) - 2ec847ce-af00-4363-8eac-0e7a739063af@group-8F5511676960:LeaderElection70: Election PASSED; received 1 response(s) [2ec847ce-af00-4363-8eac-0e7a739063af<-bc5c2372-d7f1-4de5-bb1b-5feb1335ebc5#0:OK-t2] and 1 exception(s); 2ec847ce-af00-4363-8eac-0e7a739063af@group-8F5511676960:t2, leader=null, voted=2ec847ce-af00-4363-8eac-0e7a739063af, raftlog=2ec847ce-af00-4363-8eac-0e7a739063af@group-8F5511676960-SegmentedRaftLog:OPENED:c16,f16,i16, conf=0: [bc5c2372-d7f1-4de5-bb1b-5feb1335ebc5:192.168.34.6:37777, 2ec847ce-af00-4363-8eac-0e7a739063af:192.168.34.6:43731, 6213d06b-cb1c-43dd-962e-e038376d1825:192.168.34.6:37053], old=null
2019-09-09 05:44:10,577 [2ec847ce-af00-4363-8eac-0e7a739063af@group-8F5511676960:LeaderElection70] INFO  impl.LeaderElection (LogUtils.java:infoOrTrace(149)) -   Exception 0: {}
java.util.concurrent.ExecutionException: org.apache.ratis.thirdparty.io.grpc.StatusRuntimeException: UNAVAILABLE: io exception
	at java.util.concurrent.FutureTask.report(FutureTask.java:122)
	at java.util.concurrent.FutureTask.get(FutureTask.java:192)
	at org.apache.ratis.server.impl.LeaderElection.waitForResults(LeaderElection.java:263)
	at org.apache.ratis.server.impl.LeaderElection.askForVotes(LeaderElection.java:201)
	at org.apache.ratis.server.impl.LeaderElection.run(LeaderElection.java:133)
	at java.lang.Thread.run(Thread.java:748)
Caused by: org.apache.ratis.thirdparty.io.grpc.StatusRuntimeException: UNAVAILABLE: io exception
	at org.apache.ratis.thirdparty.io.grpc.stub.ClientCalls.toStatusRuntimeException(ClientCalls.java:233)
	at org.apache.ratis.thirdparty.io.grpc.stub.ClientCalls.getUnchecked(ClientCalls.java:214)
	at org.apache.ratis.thirdparty.io.grpc.stub.ClientCalls.blockingUnaryCall(ClientCalls.java:139)
	at org.apache.ratis.proto.grpc.RaftServerProtocolServiceGrpc$RaftServerProtocolServiceBlockingStub.requestVote(RaftServerProtocolServiceGrpc.java:265)
	at org.apache.ratis.grpc.server.GrpcServerProtocolClient.requestVote(GrpcServerProtocolClient.java:90)
	at org.apache.ratis.grpc.server.GrpcService.requestVote(GrpcService.java:204)
	at org.apache.ratis.server.impl.LeaderElection.lambda$submitRequests$1(LeaderElection.java:238)
	at java.util.concurrent.FutureTask.run(FutureTask.java:266)
	at java.util.concurrent.Executors$RunnableAdapter.call(Executors.java:511)
	at java.util.concurrent.FutureTask.run(FutureTask.java:266)
	at java.util.concurrent.ThreadPoolExecutor.runWorker(ThreadPoolExecutor.java:1149)
	at java.util.concurrent.ThreadPoolExecutor$Worker.run(ThreadPoolExecutor.java:624)
	... 1 more
Caused by: org.apache.ratis.thirdparty.io.netty.channel.AbstractChannel$AnnotatedConnectException: Connection refused: /192.168.34.6:37053
	at sun.nio.ch.SocketChannelImpl.checkConnect(Native Method)
	at sun.nio.ch.SocketChannelImpl.finishConnect(SocketChannelImpl.java:717)
	at org.apache.ratis.thirdparty.io.netty.channel.socket.nio.NioSocketChannel.doFinishConnect(NioSocketChannel.java:327)
	at org.apache.ratis.thirdparty.io.netty.channel.nio.AbstractNioChannel$AbstractNioUnsafe.finishConnect(AbstractNioChannel.java:340)
	at org.apache.ratis.thirdparty.io.netty.channel.nio.NioEventLoop.processSelectedKey(NioEventLoop.java:632)
	at org.apache.ratis.thirdparty.io.netty.channel.nio.NioEventLoop.processSelectedKeysOptimized(NioEventLoop.java:579)
	at org.apache.ratis.thirdparty.io.netty.channel.nio.NioEventLoop.processSelectedKeys(NioEventLoop.java:496)
	at org.apache.ratis.thirdparty.io.netty.channel.nio.NioEventLoop.run(NioEventLoop.java:458)
	at org.apache.ratis.thirdparty.io.netty.util.concurrent.SingleThreadEventExecutor$5.run(SingleThreadEventExecutor.java:897)
	at org.apache.ratis.thirdparty.io.netty.util.concurrent.FastThreadLocalRunnable.run(FastThreadLocalRunnable.java:30)
	... 1 more
Caused by: java.net.ConnectException: Connection refused
	... 11 more
2019-09-09 05:44:10,577 [2ec847ce-af00-4363-8eac-0e7a739063af@group-8F5511676960:LeaderElection70] INFO  impl.RoleInfo (RoleInfo.java:shutdownLeaderElection(134)) - 2ec847ce-af00-4363-8eac-0e7a739063af: shutdown LeaderElection
2019-09-09 05:44:10,577 [2ec847ce-af00-4363-8eac-0e7a739063af@group-8F5511676960:LeaderElection70] INFO  impl.RaftServerImpl (RaftServerImpl.java:setRole(174)) - 2ec847ce-af00-4363-8eac-0e7a739063af@group-8F5511676960: changes role from CANDIDATE to LEADER at term 2 for changeToLeader
2019-09-09 05:44:10,577 [2ec847ce-af00-4363-8eac-0e7a739063af@group-8F5511676960:LeaderElection70] INFO  impl.RaftServerImpl (ServerState.java:setLeader(253)) - 2ec847ce-af00-4363-8eac-0e7a739063af@group-8F5511676960: change Leader from null to 2ec847ce-af00-4363-8eac-0e7a739063af at term 2 for becomeLeader, leader elected after 44ms
2019-09-09 05:44:10,577 [2ec847ce-af00-4363-8eac-0e7a739063af@group-8F5511676960:LeaderElection70] INFO  server.RaftServerConfigKeys (ConfUtils.java:logGet(43)) - raft.server.staging.catchup.gap = 1000 (default)
2019-09-09 05:44:10,577 [2ec847ce-af00-4363-8eac-0e7a739063af@group-8F5511676960:LeaderElection70] INFO  server.RaftServerConfigKeys (ConfUtils.java:logGet(43)) - raft.server.rpc.sleep.time = 25ms (default)
2019-09-09 05:44:10,578 [2ec847ce-af00-4363-8eac-0e7a739063af@group-8F5511676960:LeaderElection70] INFO  server.RaftServerConfigKeys (ConfUtils.java:logGet(43)) - raft.server.write.element-limit = 4096 (default)
2019-09-09 05:44:10,578 [2ec847ce-af00-4363-8eac-0e7a739063af@group-8F5511676960:LeaderElection70] INFO  server.RaftServerConfigKeys (ConfUtils.java:logGet(43)) - raft.server.watch.timeout = 10s (default)
2019-09-09 05:44:10,578 [2ec847ce-af00-4363-8eac-0e7a739063af@group-8F5511676960:LeaderElection70] INFO  server.RaftServerConfigKeys (ConfUtils.java:logGet(43)) - raft.server.watch.timeout.denomination = 1s (default)
2019-09-09 05:44:10,578 [2ec847ce-af00-4363-8eac-0e7a739063af@group-8F5511676960:LeaderElection70] INFO  server.RaftServerConfigKeys (ConfUtils.java:logGet(43)) - raft.server.watch.element-limit = 65536 (default)
2019-09-09 05:44:10,580 [2ec847ce-af00-4363-8eac-0e7a739063af@group-8F5511676960:LeaderElection70] INFO  server.RaftServerConfigKeys (ConfUtils.java:logGet(43)) - raft.server.log.appender.snapshot.chunk.size.max = 16MB (=16777216) (default)
2019-09-09 05:44:10,581 [2ec847ce-af00-4363-8eac-0e7a739063af@group-8F5511676960:LeaderElection70] INFO  server.RaftServerConfigKeys (ConfUtils.java:logGet(43)) - raft.server.log.appender.buffer.byte-limit = 33554432 (custom)
2019-09-09 05:44:10,581 [2ec847ce-af00-4363-8eac-0e7a739063af@group-8F5511676960:LeaderElection70] INFO  server.RaftServerConfigKeys (ConfUtils.java:logGet(43)) - raft.server.log.appender.buffer.element-limit = 1 (custom)
2019-09-09 05:44:10,581 [2ec847ce-af00-4363-8eac-0e7a739063af@group-8F5511676960:LeaderElection70] INFO  grpc.GrpcConfigKeys$Server (ConfUtils.java:logGet(43)) - raft.grpc.server.leader.outstanding.appends.max = 128 (default)
2019-09-09 05:44:10,581 [2ec847ce-af00-4363-8eac-0e7a739063af@group-8F5511676960:LeaderElection70] INFO  server.RaftServerConfigKeys (ConfUtils.java:logGet(43)) - raft.server.rpc.request.timeout = 3000ms (default)
2019-09-09 05:44:10,581 [2ec847ce-af00-4363-8eac-0e7a739063af@group-8F5511676960:LeaderElection70] INFO  server.RaftServerConfigKeys (ConfUtils.java:logGet(43)) - raft.server.log.appender.install.snapshot.enabled = false (custom)
2019-09-09 05:44:10,582 [2ec847ce-af00-4363-8eac-0e7a739063af@group-8F5511676960:LeaderElection70] INFO  server.RaftServerConfigKeys (ConfUtils.java:logGet(43)) - raft.server.log.appender.snapshot.chunk.size.max = 16MB (=16777216) (default)
2019-09-09 05:44:10,582 [2ec847ce-af00-4363-8eac-0e7a739063af@group-8F5511676960:LeaderElection70] INFO  server.RaftServerConfigKeys (ConfUtils.java:logGet(43)) - raft.server.log.appender.buffer.byte-limit = 33554432 (custom)
2019-09-09 05:44:10,582 [2ec847ce-af00-4363-8eac-0e7a739063af@group-8F5511676960:LeaderElection70] INFO  server.RaftServerConfigKeys (ConfUtils.java:logGet(43)) - raft.server.log.appender.buffer.element-limit = 1 (custom)
2019-09-09 05:44:10,582 [2ec847ce-af00-4363-8eac-0e7a739063af@group-8F5511676960:LeaderElection70] INFO  grpc.GrpcConfigKeys$Server (ConfUtils.java:logGet(43)) - raft.grpc.server.leader.outstanding.appends.max = 128 (default)
2019-09-09 05:44:10,582 [2ec847ce-af00-4363-8eac-0e7a739063af@group-8F5511676960:LeaderElection70] INFO  server.RaftServerConfigKeys (ConfUtils.java:logGet(43)) - raft.server.rpc.request.timeout = 3000ms (default)
2019-09-09 05:44:10,582 [2ec847ce-af00-4363-8eac-0e7a739063af@group-8F5511676960:LeaderElection70] INFO  server.RaftServerConfigKeys (ConfUtils.java:logGet(43)) - raft.server.log.appender.install.snapshot.enabled = false (custom)
2019-09-09 05:44:10,583 [2ec847ce-af00-4363-8eac-0e7a739063af@group-8F5511676960:LeaderElection70] INFO  impl.RoleInfo (RoleInfo.java:updateAndGet(143)) - 2ec847ce-af00-4363-8eac-0e7a739063af: start LeaderState
2019-09-09 05:44:10,583 [2ec847ce-af00-4363-8eac-0e7a739063af@group-8F5511676960:LeaderElection70] INFO  segmented.SegmentedRaftLogWorker (SegmentedRaftLogWorker.java:rollLogSegment(385)) - 2ec847ce-af00-4363-8eac-0e7a739063af@group-8F5511676960-SegmentedRaftLogWorker: Rolling segment log-0_16 to index:16
2019-09-09 05:44:10,584 [2ec847ce-af00-4363-8eac-0e7a739063af@group-8F5511676960:LeaderElection70] INFO  impl.RaftServerImpl (ServerState.java:setRaftConf(354)) - 2ec847ce-af00-4363-8eac-0e7a739063af@group-8F5511676960: set configuration 17: [bc5c2372-d7f1-4de5-bb1b-5feb1335ebc5:192.168.34.6:37777, 2ec847ce-af00-4363-8eac-0e7a739063af:192.168.34.6:43731, 6213d06b-cb1c-43dd-962e-e038376d1825:192.168.34.6:37053], old=null at 17
2019-09-09 05:44:10,584 [2ec847ce-af00-4363-8eac-0e7a739063af@group-8F5511676960-SegmentedRaftLogWorker] INFO  segmented.SegmentedRaftLogWorker (SegmentedRaftLogWorker.java:execute(526)) - 2ec847ce-af00-4363-8eac-0e7a739063af@group-8F5511676960-SegmentedRaftLogWorker: Rolled log segment from /workdir/hadoop-ozone/integration-test/target/test-dir/MiniOzoneClusterImpl-a69cff32-9aaa-43e1-bc72-d1174bd05902/datanode-4/data/ratis/8e3f610c-5191-460c-b95f-8f5511676960/current/log_inprogress_0 to /workdir/hadoop-ozone/integration-test/target/test-dir/MiniOzoneClusterImpl-a69cff32-9aaa-43e1-bc72-d1174bd05902/datanode-4/data/ratis/8e3f610c-5191-460c-b95f-8f5511676960/current/log_0-16
2019-09-09 05:44:10,587 [grpc-default-executor-6] WARN  server.GrpcLogAppender (LogUtils.java:warn(134)) - 2ec847ce-af00-4363-8eac-0e7a739063af@group-8F5511676960->6213d06b-cb1c-43dd-962e-e038376d1825-AppendLogResponseHandler: Failed appendEntries: org.apache.ratis.thirdparty.io.grpc.StatusRuntimeException: UNAVAILABLE: io exception
2019-09-09 05:44:10,587 [grpc-default-executor-4] INFO  impl.RaftServerImpl (ServerState.java:setLeader(253)) - bc5c2372-d7f1-4de5-bb1b-5feb1335ebc5@group-8F5511676960: change Leader from null to 2ec847ce-af00-4363-8eac-0e7a739063af at term 2 for appendEntries, leader elected after 28ms
2019-09-09 05:44:10,615 [grpc-default-executor-6] INFO  impl.FollowerInfo (FollowerInfo.java:lambda$new$0(51)) - 2ec847ce-af00-4363-8eac-0e7a739063af@group-8F5511676960->6213d06b-cb1c-43dd-962e-e038376d1825: nextIndex: updateUnconditionally 17 -> 1
2019-09-09 05:44:10,617 [grpc-default-executor-4] INFO  impl.RaftServerImpl (ServerState.java:setRaftConf(354)) - bc5c2372-d7f1-4de5-bb1b-5feb1335ebc5@group-8F5511676960: set configuration 17: [bc5c2372-d7f1-4de5-bb1b-5feb1335ebc5:192.168.34.6:37777, 2ec847ce-af00-4363-8eac-0e7a739063af:192.168.34.6:43731, 6213d06b-cb1c-43dd-962e-e038376d1825:192.168.34.6:37053], old=null at 17
2019-09-09 05:44:10,617 [grpc-default-executor-4] INFO  segmented.SegmentedRaftLogWorker (SegmentedRaftLogWorker.java:rollLogSegment(385)) - bc5c2372-d7f1-4de5-bb1b-5feb1335ebc5@group-8F5511676960-SegmentedRaftLogWorker: Rolling segment log-0_16 to index:16
2019-09-09 05:44:10,618 [bc5c2372-d7f1-4de5-bb1b-5feb1335ebc5@group-8F5511676960-SegmentedRaftLogWorker] INFO  segmented.SegmentedRaftLogWorker (SegmentedRaftLogWorker.java:execute(526)) - bc5c2372-d7f1-4de5-bb1b-5feb1335ebc5@group-8F5511676960-SegmentedRaftLogWorker: Rolled log segment from /workdir/hadoop-ozone/integration-test/target/test-dir/MiniOzoneClusterImpl-a69cff32-9aaa-43e1-bc72-d1174bd05902/datanode-3/data/ratis/8e3f610c-5191-460c-b95f-8f5511676960/current/log_inprogress_0 to /workdir/hadoop-ozone/integration-test/target/test-dir/MiniOzoneClusterImpl-a69cff32-9aaa-43e1-bc72-d1174bd05902/datanode-3/data/ratis/8e3f610c-5191-460c-b95f-8f5511676960/current/log_0-16
2019-09-09 05:44:10,627 [2ec847ce-af00-4363-8eac-0e7a739063af@group-8F5511676960-SegmentedRaftLogWorker] INFO  segmented.SegmentedRaftLogWorker (SegmentedRaftLogWorker.java:execute(569)) - 2ec847ce-af00-4363-8eac-0e7a739063af@group-8F5511676960-SegmentedRaftLogWorker: created new log segment /workdir/hadoop-ozone/integration-test/target/test-dir/MiniOzoneClusterImpl-a69cff32-9aaa-43e1-bc72-d1174bd05902/datanode-4/data/ratis/8e3f610c-5191-460c-b95f-8f5511676960/current/log_inprogress_17
2019-09-09 05:44:10,666 [bc5c2372-d7f1-4de5-bb1b-5feb1335ebc5@group-8F5511676960-SegmentedRaftLogWorker] INFO  segmented.SegmentedRaftLogWorker (SegmentedRaftLogWorker.java:execute(569)) - bc5c2372-d7f1-4de5-bb1b-5feb1335ebc5@group-8F5511676960-SegmentedRaftLogWorker: created new log segment /workdir/hadoop-ozone/integration-test/target/test-dir/MiniOzoneClusterImpl-a69cff32-9aaa-43e1-bc72-d1174bd05902/datanode-3/data/ratis/8e3f610c-5191-460c-b95f-8f5511676960/current/log_inprogress_17
2019-09-09 05:44:10,698 [grpc-default-executor-7] WARN  server.GrpcLogAppender (LogUtils.java:warn(134)) - 2ec847ce-af00-4363-8eac-0e7a739063af@group-8F5511676960->6213d06b-cb1c-43dd-962e-e038376d1825-AppendLogResponseHandler: Failed appendEntries: org.apache.ratis.thirdparty.io.grpc.StatusRuntimeException: UNAVAILABLE: io exception
2019-09-09 05:44:10,699 [grpc-default-executor-7] INFO  impl.FollowerInfo (FollowerInfo.java:lambda$new$0(51)) - 2ec847ce-af00-4363-8eac-0e7a739063af@group-8F5511676960->6213d06b-cb1c-43dd-962e-e038376d1825: nextIndex: updateUnconditionally 2 -> 1
2019-09-09 05:44:10,707 [grpc-default-executor-4] WARN  server.GrpcLogAppender (LogUtils.java:warn(134)) - 2ec847ce-af00-4363-8eac-0e7a739063af@group-8F5511676960->6213d06b-cb1c-43dd-962e-e038376d1825-AppendLogResponseHandler: Failed appendEntries: org.apache.ratis.thirdparty.io.grpc.StatusRuntimeException: UNAVAILABLE: io exception
2019-09-09 05:44:10,708 [grpc-default-executor-4] INFO  impl.FollowerInfo (FollowerInfo.java:lambda$new$0(51)) - 2ec847ce-af00-4363-8eac-0e7a739063af@group-8F5511676960->6213d06b-cb1c-43dd-962e-e038376d1825: nextIndex: updateUnconditionally 2 -> 1
05:44:11.040 [grpc-default-executor-4] ERROR DNAudit - user=null | ip=null | op=WRITE_CHUNK {blockData=conID: 1 locID: 102760961154154509 bcsId: 14} | ret=FAILURE
org.apache.hadoop.hdds.scm.container.common.helpers.ContainerNotOpenException: Container 1 in CLOSING state
	at org.apache.hadoop.ozone.container.common.impl.HddsDispatcher.validateContainerCommand(HddsDispatcher.java:408) ~[hadoop-hdds-container-service-0.5.0-SNAPSHOT.jar:?]
	at org.apache.hadoop.ozone.container.common.transport.server.ratis.ContainerStateMachine.startTransaction(ContainerStateMachine.java:315) ~[hadoop-hdds-container-service-0.5.0-SNAPSHOT.jar:?]
	at org.apache.ratis.server.impl.RaftServerImpl.submitClientRequestAsync(RaftServerImpl.java:573) ~[ratis-server-0.4.0-78e95b9-SNAPSHOT.jar:0.4.0-78e95b9-SNAPSHOT]
	at org.apache.ratis.server.impl.RaftServerProxy.lambda$submitClientRequestAsync$7(RaftServerProxy.java:333) ~[ratis-server-0.4.0-78e95b9-SNAPSHOT.jar:0.4.0-78e95b9-SNAPSHOT]
	at org.apache.ratis.server.impl.RaftServerProxy.lambda$null$5(RaftServerProxy.java:328) ~[ratis-server-0.4.0-78e95b9-SNAPSHOT.jar:0.4.0-78e95b9-SNAPSHOT]
	at org.apache.ratis.util.JavaUtils.callAsUnchecked(JavaUtils.java:109) ~[ratis-common-0.4.0-78e95b9-SNAPSHOT.jar:0.4.0-78e95b9-SNAPSHOT]
	at org.apache.ratis.server.impl.RaftServerProxy.lambda$submitRequest$6(RaftServerProxy.java:328) ~[ratis-server-0.4.0-78e95b9-SNAPSHOT.jar:0.4.0-78e95b9-SNAPSHOT]
	at java.util.concurrent.CompletableFuture.uniComposeStage(CompletableFuture.java:981) ~[?:1.8.0_212]
	at java.util.concurrent.CompletableFuture.thenCompose(CompletableFuture.java:2124) ~[?:1.8.0_212]
	at org.apache.ratis.server.impl.RaftServerProxy.submitRequest(RaftServerProxy.java:327) ~[ratis-server-0.4.0-78e95b9-SNAPSHOT.jar:0.4.0-78e95b9-SNAPSHOT]
	at org.apache.ratis.server.impl.RaftServerProxy.submitClientRequestAsync(RaftServerProxy.java:333) ~[ratis-server-0.4.0-78e95b9-SNAPSHOT.jar:0.4.0-78e95b9-SNAPSHOT]
	at org.apache.ratis.grpc.client.GrpcClientProtocolService$RequestStreamObserver.processClientRequest(GrpcClientProtocolService.java:220) ~[ratis-grpc-0.4.0-78e95b9-SNAPSHOT.jar:0.4.0-78e95b9-SNAPSHOT]
	at org.apache.ratis.grpc.client.GrpcClientProtocolService$OrderedRequestStreamObserver.processClientRequest(GrpcClientProtocolService.java:326) ~[ratis-grpc-0.4.0-78e95b9-SNAPSHOT.jar:0.4.0-78e95b9-SNAPSHOT]
	at org.apache.ratis.util.SlidingWindow$Server.processRequestsFromHead(SlidingWindow.java:429) [ratis-common-0.4.0-78e95b9-SNAPSHOT.jar:0.4.0-78e95b9-SNAPSHOT]
	at org.apache.ratis.util.SlidingWindow$Server.receivedRequest(SlidingWindow.java:421) [ratis-common-0.4.0-78e95b9-SNAPSHOT.jar:0.4.0-78e95b9-SNAPSHOT]
	at org.apache.ratis.grpc.client.GrpcClientProtocolService$OrderedRequestStreamObserver.processClientRequest(GrpcClientProtocolService.java:345) [ratis-grpc-0.4.0-78e95b9-SNAPSHOT.jar:0.4.0-78e95b9-SNAPSHOT]
	at org.apache.ratis.grpc.client.GrpcClientProtocolService$RequestStreamObserver.onNext(GrpcClientProtocolService.java:240) [ratis-grpc-0.4.0-78e95b9-SNAPSHOT.jar:0.4.0-78e95b9-SNAPSHOT]
	at org.apache.ratis.grpc.client.GrpcClientProtocolService$RequestStreamObserver.onNext(GrpcClientProtocolService.java:168) [ratis-grpc-0.4.0-78e95b9-SNAPSHOT.jar:0.4.0-78e95b9-SNAPSHOT]
	at org.apache.ratis.thirdparty.io.grpc.stub.ServerCalls$StreamingServerCallHandler$StreamingServerCallListener.onMessage(ServerCalls.java:248) [ratis-thirdparty-misc-0.2.0.jar:0.2.0]
	at org.apache.ratis.thirdparty.io.grpc.internal.ServerCallImpl$ServerStreamListenerImpl.messagesAvailable(ServerCallImpl.java:263) [ratis-thirdparty-misc-0.2.0.jar:0.2.0]
	at org.apache.ratis.thirdparty.io.grpc.internal.ServerImpl$JumpToApplicationThreadServerStreamListener$1MessagesAvailable.runInContext(ServerImpl.java:686) [ratis-thirdparty-misc-0.2.0.jar:0.2.0]
	at org.apache.ratis.thirdparty.io.grpc.internal.ContextRunnable.run(ContextRunnable.java:37) [ratis-thirdparty-misc-0.2.0.jar:0.2.0]
	at org.apache.ratis.thirdparty.io.grpc.internal.SerializingExecutor.run(SerializingExecutor.java:123) [ratis-thirdparty-misc-0.2.0.jar:0.2.0]
	at java.util.concurrent.ThreadPoolExecutor.runWorker(ThreadPoolExecutor.java:1149) [?:1.8.0_212]
	at java.util.concurrent.ThreadPoolExecutor$Worker.run(ThreadPoolExecutor.java:624) [?:1.8.0_212]
	at java.lang.Thread.run(Thread.java:748) [?:1.8.0_212]
2019-09-09 05:44:11,052 [grpc-default-executor-4] INFO  client.GrpcClientProtocolClient (GrpcClientProtocolClient.java:onNext(264)) - client-0BA03DD15845->2ec847ce-af00-4363-8eac-0e7a739063af: receive RaftClientReply:client-0BA03DD15845->2ec847ce-af00-4363-8eac-0e7a739063af@group-8F5511676960, cid=182, FAILED org.apache.ratis.protocol.StateMachineException: org.apache.hadoop.hdds.scm.container.common.helpers.ContainerNotOpenException from Server 2ec847ce-af00-4363-8eac-0e7a739063af@group-8F5511676960: Container 1 in CLOSING state, logIndex=0, commits[2ec847ce-af00-4363-8eac-0e7a739063af:c18, bc5c2372-d7f1-4de5-bb1b-5feb1335ebc5:c17, 6213d06b-cb1c-43dd-962e-e038376d1825:c16]
05:44:11.053 [grpc-default-executor-7] ERROR DNAudit - user=null | ip=null | op=WRITE_CHUNK {blockData=conID: 1 locID: 102760961154154509 bcsId: 14} | ret=FAILURE
org.apache.hadoop.hdds.scm.container.common.helpers.ContainerNotOpenException: Container 1 in CLOSING state
	at org.apache.hadoop.ozone.container.common.impl.HddsDispatcher.validateContainerCommand(HddsDispatcher.java:408) ~[hadoop-hdds-container-service-0.5.0-SNAPSHOT.jar:?]
	at org.apache.hadoop.ozone.container.common.transport.server.ratis.ContainerStateMachine.startTransaction(ContainerStateMachine.java:315) ~[hadoop-hdds-container-service-0.5.0-SNAPSHOT.jar:?]
	at org.apache.ratis.server.impl.RaftServerImpl.submitClientRequestAsync(RaftServerImpl.java:573) ~[ratis-server-0.4.0-78e95b9-SNAPSHOT.jar:0.4.0-78e95b9-SNAPSHOT]
	at org.apache.ratis.server.impl.RaftServerProxy.lambda$submitClientRequestAsync$7(RaftServerProxy.java:333) ~[ratis-server-0.4.0-78e95b9-SNAPSHOT.jar:0.4.0-78e95b9-SNAPSHOT]
	at org.apache.ratis.server.impl.RaftServerProxy.lambda$null$5(RaftServerProxy.java:328) ~[ratis-server-0.4.0-78e95b9-SNAPSHOT.jar:0.4.0-78e95b9-SNAPSHOT]
	at org.apache.ratis.util.JavaUtils.callAsUnchecked(JavaUtils.java:109) ~[ratis-common-0.4.0-78e95b9-SNAPSHOT.jar:0.4.0-78e95b9-SNAPSHOT]
	at org.apache.ratis.server.impl.RaftServerProxy.lambda$submitRequest$6(RaftServerProxy.java:328) ~[ratis-server-0.4.0-78e95b9-SNAPSHOT.jar:0.4.0-78e95b9-SNAPSHOT]
	at java.util.concurrent.CompletableFuture.uniComposeStage(CompletableFuture.java:981) ~[?:1.8.0_212]
	at java.util.concurrent.CompletableFuture.thenCompose(CompletableFuture.java:2124) ~[?:1.8.0_212]
	at org.apache.ratis.server.impl.RaftServerProxy.submitRequest(RaftServerProxy.java:327) ~[ratis-server-0.4.0-78e95b9-SNAPSHOT.jar:0.4.0-78e95b9-SNAPSHOT]
	at org.apache.ratis.server.impl.RaftServerProxy.submitClientRequestAsync(RaftServerProxy.java:333) ~[ratis-server-0.4.0-78e95b9-SNAPSHOT.jar:0.4.0-78e95b9-SNAPSHOT]
	at org.apache.ratis.grpc.client.GrpcClientProtocolService$RequestStreamObserver.processClientRequest(GrpcClientProtocolService.java:220) ~[ratis-grpc-0.4.0-78e95b9-SNAPSHOT.jar:0.4.0-78e95b9-SNAPSHOT]
	at org.apache.ratis.grpc.client.GrpcClientProtocolService$OrderedRequestStreamObserver.processClientRequest(GrpcClientProtocolService.java:326) ~[ratis-grpc-0.4.0-78e95b9-SNAPSHOT.jar:0.4.0-78e95b9-SNAPSHOT]
	at org.apache.ratis.util.SlidingWindow$Server.processRequestsFromHead(SlidingWindow.java:429) [ratis-common-0.4.0-78e95b9-SNAPSHOT.jar:0.4.0-78e95b9-SNAPSHOT]
	at org.apache.ratis.util.SlidingWindow$Server.receivedRequest(SlidingWindow.java:421) [ratis-common-0.4.0-78e95b9-SNAPSHOT.jar:0.4.0-78e95b9-SNAPSHOT]
	at org.apache.ratis.grpc.client.GrpcClientProtocolService$OrderedRequestStreamObserver.processClientRequest(GrpcClientProtocolService.java:345) [ratis-grpc-0.4.0-78e95b9-SNAPSHOT.jar:0.4.0-78e95b9-SNAPSHOT]
	at org.apache.ratis.grpc.client.GrpcClientProtocolService$RequestStreamObserver.onNext(GrpcClientProtocolService.java:240) [ratis-grpc-0.4.0-78e95b9-SNAPSHOT.jar:0.4.0-78e95b9-SNAPSHOT]
	at org.apache.ratis.grpc.client.GrpcClientProtocolService$RequestStreamObserver.onNext(GrpcClientProtocolService.java:168) [ratis-grpc-0.4.0-78e95b9-SNAPSHOT.jar:0.4.0-78e95b9-SNAPSHOT]
	at org.apache.ratis.thirdparty.io.grpc.stub.ServerCalls$StreamingServerCallHandler$StreamingServerCallListener.onMessage(ServerCalls.java:248) [ratis-thirdparty-misc-0.2.0.jar:0.2.0]
	at org.apache.ratis.thirdparty.io.grpc.internal.ServerCallImpl$ServerStreamListenerImpl.messagesAvailable(ServerCallImpl.java:263) [ratis-thirdparty-misc-0.2.0.jar:0.2.0]
	at org.apache.ratis.thirdparty.io.grpc.internal.ServerImpl$JumpToApplicationThreadServerStreamListener$1MessagesAvailable.runInContext(ServerImpl.java:686) [ratis-thirdparty-misc-0.2.0.jar:0.2.0]
	at org.apache.ratis.thirdparty.io.grpc.internal.ContextRunnable.run(ContextRunnable.java:37) [ratis-thirdparty-misc-0.2.0.jar:0.2.0]
	at org.apache.ratis.thirdparty.io.grpc.internal.SerializingExecutor.run(SerializingExecutor.java:123) [ratis-thirdparty-misc-0.2.0.jar:0.2.0]
	at java.util.concurrent.ThreadPoolExecutor.runWorker(ThreadPoolExecutor.java:1149) [?:1.8.0_212]
	at java.util.concurrent.ThreadPoolExecutor$Worker.run(ThreadPoolExecutor.java:624) [?:1.8.0_212]
	at java.lang.Thread.run(Thread.java:748) [?:1.8.0_212]
05:44:11.055 [grpc-default-executor-7] ERROR DNAudit - user=null | ip=null | op=PUT_BLOCK {blockData=[blockId=conID: 1 locID: 102760961154154509 bcsId: 0,size=650]} | ret=FAILURE
org.apache.hadoop.hdds.scm.container.common.helpers.ContainerNotOpenException: Container 1 in CLOSING state
	at org.apache.hadoop.ozone.container.common.impl.HddsDispatcher.validateContainerCommand(HddsDispatcher.java:408) ~[hadoop-hdds-container-service-0.5.0-SNAPSHOT.jar:?]
	at org.apache.hadoop.ozone.container.common.transport.server.ratis.ContainerStateMachine.startTransaction(ContainerStateMachine.java:315) ~[hadoop-hdds-container-service-0.5.0-SNAPSHOT.jar:?]
	at org.apache.ratis.server.impl.RaftServerImpl.submitClientRequestAsync(RaftServerImpl.java:573) ~[ratis-server-0.4.0-78e95b9-SNAPSHOT.jar:0.4.0-78e95b9-SNAPSHOT]
	at org.apache.ratis.server.impl.RaftServerProxy.lambda$submitClientRequestAsync$7(RaftServerProxy.java:333) ~[ratis-server-0.4.0-78e95b9-SNAPSHOT.jar:0.4.0-78e95b9-SNAPSHOT]
	at org.apache.ratis.server.impl.RaftServerProxy.lambda$null$5(RaftServerProxy.java:328) ~[ratis-server-0.4.0-78e95b9-SNAPSHOT.jar:0.4.0-78e95b9-SNAPSHOT]
	at org.apache.ratis.util.JavaUtils.callAsUnchecked(JavaUtils.java:109) ~[ratis-common-0.4.0-78e95b9-SNAPSHOT.jar:0.4.0-78e95b9-SNAPSHOT]
	at org.apache.ratis.server.impl.RaftServerProxy.lambda$submitRequest$6(RaftServerProxy.java:328) ~[ratis-server-0.4.0-78e95b9-SNAPSHOT.jar:0.4.0-78e95b9-SNAPSHOT]
	at java.util.concurrent.CompletableFuture.uniComposeStage(CompletableFuture.java:981) ~[?:1.8.0_212]
	at java.util.concurrent.CompletableFuture.thenCompose(CompletableFuture.java:2124) ~[?:1.8.0_212]
	at org.apache.ratis.server.impl.RaftServerProxy.submitRequest(RaftServerProxy.java:327) ~[ratis-server-0.4.0-78e95b9-SNAPSHOT.jar:0.4.0-78e95b9-SNAPSHOT]
	at org.apache.ratis.server.impl.RaftServerProxy.submitClientRequestAsync(RaftServerProxy.java:333) ~[ratis-server-0.4.0-78e95b9-SNAPSHOT.jar:0.4.0-78e95b9-SNAPSHOT]
	at org.apache.ratis.grpc.client.GrpcClientProtocolService$RequestStreamObserver.processClientRequest(GrpcClientProtocolService.java:220) ~[ratis-grpc-0.4.0-78e95b9-SNAPSHOT.jar:0.4.0-78e95b9-SNAPSHOT]
	at org.apache.ratis.grpc.client.GrpcClientProtocolService$OrderedRequestStreamObserver.processClientRequest(GrpcClientProtocolService.java:326) ~[ratis-grpc-0.4.0-78e95b9-SNAPSHOT.jar:0.4.0-78e95b9-SNAPSHOT]
	at org.apache.ratis.util.SlidingWindow$Server.processRequestsFromHead(SlidingWindow.java:429) [ratis-common-0.4.0-78e95b9-SNAPSHOT.jar:0.4.0-78e95b9-SNAPSHOT]
	at org.apache.ratis.util.SlidingWindow$Server.receivedRequest(SlidingWindow.java:421) [ratis-common-0.4.0-78e95b9-SNAPSHOT.jar:0.4.0-78e95b9-SNAPSHOT]
	at org.apache.ratis.grpc.client.GrpcClientProtocolService$OrderedRequestStreamObserver.processClientRequest(GrpcClientProtocolService.java:345) [ratis-grpc-0.4.0-78e95b9-SNAPSHOT.jar:0.4.0-78e95b9-SNAPSHOT]
	at org.apache.ratis.grpc.client.GrpcClientProtocolService$RequestStreamObserver.onNext(GrpcClientProtocolService.java:240) [ratis-grpc-0.4.0-78e95b9-SNAPSHOT.jar:0.4.0-78e95b9-SNAPSHOT]
	at org.apache.ratis.grpc.client.GrpcClientProtocolService$RequestStreamObserver.onNext(GrpcClientProtocolService.java:168) [ratis-grpc-0.4.0-78e95b9-SNAPSHOT.jar:0.4.0-78e95b9-SNAPSHOT]
	at org.apache.ratis.thirdparty.io.grpc.stub.ServerCalls$StreamingServerCallHandler$StreamingServerCallListener.onMessage(ServerCalls.java:248) [ratis-thirdparty-misc-0.2.0.jar:0.2.0]
	at org.apache.ratis.thirdparty.io.grpc.internal.ServerCallImpl$ServerStreamListenerImpl.messagesAvailable(ServerCallImpl.java:263) [ratis-thirdparty-misc-0.2.0.jar:0.2.0]
	at org.apache.ratis.thirdparty.io.grpc.internal.ServerImpl$JumpToApplicationThreadServerStreamListener$1MessagesAvailable.runInContext(ServerImpl.java:686) [ratis-thirdparty-misc-0.2.0.jar:0.2.0]
	at org.apache.ratis.thirdparty.io.grpc.internal.ContextRunnable.run(ContextRunnable.java:37) [ratis-thirdparty-misc-0.2.0.jar:0.2.0]
	at org.apache.ratis.thirdparty.io.grpc.internal.SerializingExecutor.run(SerializingExecutor.java:123) [ratis-thirdparty-misc-0.2.0.jar:0.2.0]
	at java.util.concurrent.ThreadPoolExecutor.runWorker(ThreadPoolExecutor.java:1149) [?:1.8.0_212]
	at java.util.concurrent.ThreadPoolExecutor$Worker.run(ThreadPoolExecutor.java:624) [?:1.8.0_212]
	at java.lang.Thread.run(Thread.java:748) [?:1.8.0_212]
2019-09-09 05:44:11,069 [grpc-default-executor-4] INFO  client.GrpcClientProtocolClient (GrpcClientProtocolClient.java:onNext(264)) - client-0BA03DD15845->2ec847ce-af00-4363-8eac-0e7a739063af: receive RaftClientReply:client-0BA03DD15845->2ec847ce-af00-4363-8eac-0e7a739063af@group-8F5511676960, cid=183, FAILED org.apache.ratis.protocol.StateMachineException: org.apache.hadoop.hdds.scm.container.common.helpers.ContainerNotOpenException from Server 2ec847ce-af00-4363-8eac-0e7a739063af@group-8F5511676960: Container 1 in CLOSING state, logIndex=0, commits[2ec847ce-af00-4363-8eac-0e7a739063af:c18, bc5c2372-d7f1-4de5-bb1b-5feb1335ebc5:c17, 6213d06b-cb1c-43dd-962e-e038376d1825:c16]
05:44:11.069 [grpc-default-executor-7] ERROR DNAudit - user=null | ip=null | op=WRITE_CHUNK {blockData=conID: 1 locID: 102760961154154509 bcsId: 14} | ret=FAILURE
org.apache.hadoop.hdds.scm.container.common.helpers.ContainerNotOpenException: Container 1 in CLOSING state
	at org.apache.hadoop.ozone.container.common.impl.HddsDispatcher.validateContainerCommand(HddsDispatcher.java:408) ~[hadoop-hdds-container-service-0.5.0-SNAPSHOT.jar:?]
	at org.apache.hadoop.ozone.container.common.transport.server.ratis.ContainerStateMachine.startTransaction(ContainerStateMachine.java:315) ~[hadoop-hdds-container-service-0.5.0-SNAPSHOT.jar:?]
	at org.apache.ratis.server.impl.RaftServerImpl.submitClientRequestAsync(RaftServerImpl.java:573) ~[ratis-server-0.4.0-78e95b9-SNAPSHOT.jar:0.4.0-78e95b9-SNAPSHOT]
	at org.apache.ratis.server.impl.RaftServerProxy.lambda$submitClientRequestAsync$7(RaftServerProxy.java:333) ~[ratis-server-0.4.0-78e95b9-SNAPSHOT.jar:0.4.0-78e95b9-SNAPSHOT]
	at org.apache.ratis.server.impl.RaftServerProxy.lambda$null$5(RaftServerProxy.java:328) ~[ratis-server-0.4.0-78e95b9-SNAPSHOT.jar:0.4.0-78e95b9-SNAPSHOT]
	at org.apache.ratis.util.JavaUtils.callAsUnchecked(JavaUtils.java:109) ~[ratis-common-0.4.0-78e95b9-SNAPSHOT.jar:0.4.0-78e95b9-SNAPSHOT]
	at org.apache.ratis.server.impl.RaftServerProxy.lambda$submitRequest$6(RaftServerProxy.java:328) ~[ratis-server-0.4.0-78e95b9-SNAPSHOT.jar:0.4.0-78e95b9-SNAPSHOT]
	at java.util.concurrent.CompletableFuture.uniComposeStage(CompletableFuture.java:981) ~[?:1.8.0_212]
	at java.util.concurrent.CompletableFuture.thenCompose(CompletableFuture.java:2124) ~[?:1.8.0_212]
	at org.apache.ratis.server.impl.RaftServerProxy.submitRequest(RaftServerProxy.java:327) ~[ratis-server-0.4.0-78e95b9-SNAPSHOT.jar:0.4.0-78e95b9-SNAPSHOT]
	at org.apache.ratis.server.impl.RaftServerProxy.submitClientRequestAsync(RaftServerProxy.java:333) ~[ratis-server-0.4.0-78e95b9-SNAPSHOT.jar:0.4.0-78e95b9-SNAPSHOT]
	at org.apache.ratis.grpc.client.GrpcClientProtocolService$RequestStreamObserver.processClientRequest(GrpcClientProtocolService.java:220) ~[ratis-grpc-0.4.0-78e95b9-SNAPSHOT.jar:0.4.0-78e95b9-SNAPSHOT]
	at org.apache.ratis.grpc.client.GrpcClientProtocolService$OrderedRequestStreamObserver.processClientRequest(GrpcClientProtocolService.java:326) ~[ratis-grpc-0.4.0-78e95b9-SNAPSHOT.jar:0.4.0-78e95b9-SNAPSHOT]
	at org.apache.ratis.util.SlidingWindow$Server.processRequestsFromHead(SlidingWindow.java:429) [ratis-common-0.4.0-78e95b9-SNAPSHOT.jar:0.4.0-78e95b9-SNAPSHOT]
	at org.apache.ratis.util.SlidingWindow$Server.receivedRequest(SlidingWindow.java:421) [ratis-common-0.4.0-78e95b9-SNAPSHOT.jar:0.4.0-78e95b9-SNAPSHOT]
	at org.apache.ratis.grpc.client.GrpcClientProtocolService$OrderedRequestStreamObserver.processClientRequest(GrpcClientProtocolService.java:345) [ratis-grpc-0.4.0-78e95b9-SNAPSHOT.jar:0.4.0-78e95b9-SNAPSHOT]
	at org.apache.ratis.grpc.client.GrpcClientProtocolService$RequestStreamObserver.onNext(GrpcClientProtocolService.java:240) [ratis-grpc-0.4.0-78e95b9-SNAPSHOT.jar:0.4.0-78e95b9-SNAPSHOT]
	at org.apache.ratis.grpc.client.GrpcClientProtocolService$RequestStreamObserver.onNext(GrpcClientProtocolService.java:168) [ratis-grpc-0.4.0-78e95b9-SNAPSHOT.jar:0.4.0-78e95b9-SNAPSHOT]
	at org.apache.ratis.thirdparty.io.grpc.stub.ServerCalls$StreamingServerCallHandler$StreamingServerCallListener.onMessage(ServerCalls.java:248) [ratis-thirdparty-misc-0.2.0.jar:0.2.0]
	at org.apache.ratis.thirdparty.io.grpc.internal.ServerCallImpl$ServerStreamListenerImpl.messagesAvailable(ServerCallImpl.java:263) [ratis-thirdparty-misc-0.2.0.jar:0.2.0]
	at org.apache.ratis.thirdparty.io.grpc.internal.ServerImpl$JumpToApplicationThreadServerStreamListener$1MessagesAvailable.runInContext(ServerImpl.java:686) [ratis-thirdparty-misc-0.2.0.jar:0.2.0]
	at org.apache.ratis.thirdparty.io.grpc.internal.ContextRunnable.run(ContextRunnable.java:37) [ratis-thirdparty-misc-0.2.0.jar:0.2.0]
	at org.apache.ratis.thirdparty.io.grpc.internal.SerializingExecutor.run(SerializingExecutor.java:123) [ratis-thirdparty-misc-0.2.0.jar:0.2.0]
	at java.util.concurrent.ThreadPoolExecutor.runWorker(ThreadPoolExecutor.java:1149) [?:1.8.0_212]
	at java.util.concurrent.ThreadPoolExecutor$Worker.run(ThreadPoolExecutor.java:624) [?:1.8.0_212]
	at java.lang.Thread.run(Thread.java:748) [?:1.8.0_212]
2019-09-09 05:44:11,075 [grpc-default-executor-4] INFO  client.GrpcClientProtocolClient (GrpcClientProtocolClient.java:onNext(264)) - client-0BA03DD15845->2ec847ce-af00-4363-8eac-0e7a739063af: receive RaftClientReply:client-0BA03DD15845->2ec847ce-af00-4363-8eac-0e7a739063af@group-8F5511676960, cid=184, FAILED org.apache.ratis.protocol.StateMachineException: org.apache.hadoop.hdds.scm.container.common.helpers.ContainerNotOpenException from Server 2ec847ce-af00-4363-8eac-0e7a739063af@group-8F5511676960: Container 1 in CLOSING state, logIndex=0, commits[2ec847ce-af00-4363-8eac-0e7a739063af:c18, bc5c2372-d7f1-4de5-bb1b-5feb1335ebc5:c17, 6213d06b-cb1c-43dd-962e-e038376d1825:c16]
05:44:11.075 [grpc-default-executor-7] ERROR DNAudit - user=null | ip=null | op=WRITE_CHUNK {blockData=conID: 1 locID: 102760961154154509 bcsId: 14} | ret=FAILURE
org.apache.hadoop.hdds.scm.container.common.helpers.ContainerNotOpenException: Container 1 in CLOSING state
	at org.apache.hadoop.ozone.container.common.impl.HddsDispatcher.validateContainerCommand(HddsDispatcher.java:408) ~[hadoop-hdds-container-service-0.5.0-SNAPSHOT.jar:?]
	at org.apache.hadoop.ozone.container.common.transport.server.ratis.ContainerStateMachine.startTransaction(ContainerStateMachine.java:315) ~[hadoop-hdds-container-service-0.5.0-SNAPSHOT.jar:?]
	at org.apache.ratis.server.impl.RaftServerImpl.submitClientRequestAsync(RaftServerImpl.java:573) ~[ratis-server-0.4.0-78e95b9-SNAPSHOT.jar:0.4.0-78e95b9-SNAPSHOT]
	at org.apache.ratis.server.impl.RaftServerProxy.lambda$submitClientRequestAsync$7(RaftServerProxy.java:333) ~[ratis-server-0.4.0-78e95b9-SNAPSHOT.jar:0.4.0-78e95b9-SNAPSHOT]
	at org.apache.ratis.server.impl.RaftServerProxy.lambda$null$5(RaftServerProxy.java:328) ~[ratis-server-0.4.0-78e95b9-SNAPSHOT.jar:0.4.0-78e95b9-SNAPSHOT]
	at org.apache.ratis.util.JavaUtils.callAsUnchecked(JavaUtils.java:109) ~[ratis-common-0.4.0-78e95b9-SNAPSHOT.jar:0.4.0-78e95b9-SNAPSHOT]
	at org.apache.ratis.server.impl.RaftServerProxy.lambda$submitRequest$6(RaftServerProxy.java:328) ~[ratis-server-0.4.0-78e95b9-SNAPSHOT.jar:0.4.0-78e95b9-SNAPSHOT]
	at java.util.concurrent.CompletableFuture.uniComposeStage(CompletableFuture.java:981) ~[?:1.8.0_212]
	at java.util.concurrent.CompletableFuture.thenCompose(CompletableFuture.java:2124) ~[?:1.8.0_212]
	at org.apache.ratis.server.impl.RaftServerProxy.submitRequest(RaftServerProxy.java:327) ~[ratis-server-0.4.0-78e95b9-SNAPSHOT.jar:0.4.0-78e95b9-SNAPSHOT]
	at org.apache.ratis.server.impl.RaftServerProxy.submitClientRequestAsync(RaftServerProxy.java:333) ~[ratis-server-0.4.0-78e95b9-SNAPSHOT.jar:0.4.0-78e95b9-SNAPSHOT]
	at org.apache.ratis.grpc.client.GrpcClientProtocolService$RequestStreamObserver.processClientRequest(GrpcClientProtocolService.java:220) ~[ratis-grpc-0.4.0-78e95b9-SNAPSHOT.jar:0.4.0-78e95b9-SNAPSHOT]
	at org.apache.ratis.grpc.client.GrpcClientProtocolService$OrderedRequestStreamObserver.processClientRequest(GrpcClientProtocolService.java:326) ~[ratis-grpc-0.4.0-78e95b9-SNAPSHOT.jar:0.4.0-78e95b9-SNAPSHOT]
	at org.apache.ratis.util.SlidingWindow$Server.processRequestsFromHead(SlidingWindow.java:429) [ratis-common-0.4.0-78e95b9-SNAPSHOT.jar:0.4.0-78e95b9-SNAPSHOT]
	at org.apache.ratis.util.SlidingWindow$Server.receivedRequest(SlidingWindow.java:421) [ratis-common-0.4.0-78e95b9-SNAPSHOT.jar:0.4.0-78e95b9-SNAPSHOT]
	at org.apache.ratis.grpc.client.GrpcClientProtocolService$OrderedRequestStreamObserver.processClientRequest(GrpcClientProtocolService.java:345) [ratis-grpc-0.4.0-78e95b9-SNAPSHOT.jar:0.4.0-78e95b9-SNAPSHOT]
	at org.apache.ratis.grpc.client.GrpcClientProtocolService$RequestStreamObserver.onNext(GrpcClientProtocolService.java:240) [ratis-grpc-0.4.0-78e95b9-SNAPSHOT.jar:0.4.0-78e95b9-SNAPSHOT]
	at org.apache.ratis.grpc.client.GrpcClientProtocolService$RequestStreamObserver.onNext(GrpcClientProtocolService.java:168) [ratis-grpc-0.4.0-78e95b9-SNAPSHOT.jar:0.4.0-78e95b9-SNAPSHOT]
	at org.apache.ratis.thirdparty.io.grpc.stub.ServerCalls$StreamingServerCallHandler$StreamingServerCallListener.onMessage(ServerCalls.java:248) [ratis-thirdparty-misc-0.2.0.jar:0.2.0]
	at org.apache.ratis.thirdparty.io.grpc.internal.ServerCallImpl$ServerStreamListenerImpl.messagesAvailable(ServerCallImpl.java:263) [ratis-thirdparty-misc-0.2.0.jar:0.2.0]
	at org.apache.ratis.thirdparty.io.grpc.internal.ServerImpl$JumpToApplicationThreadServerStreamListener$1MessagesAvailable.runInContext(ServerImpl.java:686) [ratis-thirdparty-misc-0.2.0.jar:0.2.0]
	at org.apache.ratis.thirdparty.io.grpc.internal.ContextRunnable.run(ContextRunnable.java:37) [ratis-thirdparty-misc-0.2.0.jar:0.2.0]
	at org.apache.ratis.thirdparty.io.grpc.internal.SerializingExecutor.run(SerializingExecutor.java:123) [ratis-thirdparty-misc-0.2.0.jar:0.2.0]
	at java.util.concurrent.ThreadPoolExecutor.runWorker(ThreadPoolExecutor.java:1149) [?:1.8.0_212]
	at java.util.concurrent.ThreadPoolExecutor$Worker.run(ThreadPoolExecutor.java:624) [?:1.8.0_212]
	at java.lang.Thread.run(Thread.java:748) [?:1.8.0_212]
2019-09-09 05:44:11,076 [grpc-default-executor-4] INFO  client.GrpcClientProtocolClient (GrpcClientProtocolClient.java:onNext(264)) - client-0BA03DD15845->2ec847ce-af00-4363-8eac-0e7a739063af: receive RaftClientReply:client-0BA03DD15845->2ec847ce-af00-4363-8eac-0e7a739063af@group-8F5511676960, cid=185, FAILED org.apache.ratis.protocol.StateMachineException: org.apache.hadoop.hdds.scm.container.common.helpers.ContainerNotOpenException from Server 2ec847ce-af00-4363-8eac-0e7a739063af@group-8F5511676960: Container 1 in CLOSING state, logIndex=0, commits[2ec847ce-af00-4363-8eac-0e7a739063af:c18, bc5c2372-d7f1-4de5-bb1b-5feb1335ebc5:c17, 6213d06b-cb1c-43dd-962e-e038376d1825:c16]
05:44:11.076 [grpc-default-executor-7] ERROR DNAudit - user=null | ip=null | op=PUT_BLOCK {blockData=[blockId=conID: 1 locID: 102760961154154509 bcsId: 0,size=800]} | ret=FAILURE
org.apache.hadoop.hdds.scm.container.common.helpers.ContainerNotOpenException: Container 1 in CLOSING state
	at org.apache.hadoop.ozone.container.common.impl.HddsDispatcher.validateContainerCommand(HddsDispatcher.java:408) ~[hadoop-hdds-container-service-0.5.0-SNAPSHOT.jar:?]
	at org.apache.hadoop.ozone.container.common.transport.server.ratis.ContainerStateMachine.startTransaction(ContainerStateMachine.java:315) ~[hadoop-hdds-container-service-0.5.0-SNAPSHOT.jar:?]
	at org.apache.ratis.server.impl.RaftServerImpl.submitClientRequestAsync(RaftServerImpl.java:573) ~[ratis-server-0.4.0-78e95b9-SNAPSHOT.jar:0.4.0-78e95b9-SNAPSHOT]
	at org.apache.ratis.server.impl.RaftServerProxy.lambda$submitClientRequestAsync$7(RaftServerProxy.java:333) ~[ratis-server-0.4.0-78e95b9-SNAPSHOT.jar:0.4.0-78e95b9-SNAPSHOT]
	at org.apache.ratis.server.impl.RaftServerProxy.lambda$null$5(RaftServerProxy.java:328) ~[ratis-server-0.4.0-78e95b9-SNAPSHOT.jar:0.4.0-78e95b9-SNAPSHOT]
	at org.apache.ratis.util.JavaUtils.callAsUnchecked(JavaUtils.java:109) ~[ratis-common-0.4.0-78e95b9-SNAPSHOT.jar:0.4.0-78e95b9-SNAPSHOT]
	at org.apache.ratis.server.impl.RaftServerProxy.lambda$submitRequest$6(RaftServerProxy.java:328) ~[ratis-server-0.4.0-78e95b9-SNAPSHOT.jar:0.4.0-78e95b9-SNAPSHOT]
	at java.util.concurrent.CompletableFuture.uniComposeStage(CompletableFuture.java:981) ~[?:1.8.0_212]
	at java.util.concurrent.CompletableFuture.thenCompose(CompletableFuture.java:2124) ~[?:1.8.0_212]
	at org.apache.ratis.server.impl.RaftServerProxy.submitRequest(RaftServerProxy.java:327) ~[ratis-server-0.4.0-78e95b9-SNAPSHOT.jar:0.4.0-78e95b9-SNAPSHOT]
	at org.apache.ratis.server.impl.RaftServerProxy.submitClientRequestAsync(RaftServerProxy.java:333) ~[ratis-server-0.4.0-78e95b9-SNAPSHOT.jar:0.4.0-78e95b9-SNAPSHOT]
	at org.apache.ratis.grpc.client.GrpcClientProtocolService$RequestStreamObserver.processClientRequest(GrpcClientProtocolService.java:220) ~[ratis-grpc-0.4.0-78e95b9-SNAPSHOT.jar:0.4.0-78e95b9-SNAPSHOT]
	at org.apache.ratis.grpc.client.GrpcClientProtocolService$OrderedRequestStreamObserver.processClientRequest(GrpcClientProtocolService.java:326) ~[ratis-grpc-0.4.0-78e95b9-SNAPSHOT.jar:0.4.0-78e95b9-SNAPSHOT]
	at org.apache.ratis.util.SlidingWindow$Server.processRequestsFromHead(SlidingWindow.java:429) [ratis-common-0.4.0-78e95b9-SNAPSHOT.jar:0.4.0-78e95b9-SNAPSHOT]
	at org.apache.ratis.util.SlidingWindow$Server.receivedRequest(SlidingWindow.java:421) [ratis-common-0.4.0-78e95b9-SNAPSHOT.jar:0.4.0-78e95b9-SNAPSHOT]
	at org.apache.ratis.grpc.client.GrpcClientProtocolService$OrderedRequestStreamObserver.processClientRequest(GrpcClientProtocolService.java:345) [ratis-grpc-0.4.0-78e95b9-SNAPSHOT.jar:0.4.0-78e95b9-SNAPSHOT]
	at org.apache.ratis.grpc.client.GrpcClientProtocolService$RequestStreamObserver.onNext(GrpcClientProtocolService.java:240) [ratis-grpc-0.4.0-78e95b9-SNAPSHOT.jar:0.4.0-78e95b9-SNAPSHOT]
	at org.apache.ratis.grpc.client.GrpcClientProtocolService$RequestStreamObserver.onNext(GrpcClientProtocolService.java:168) [ratis-grpc-0.4.0-78e95b9-SNAPSHOT.jar:0.4.0-78e95b9-SNAPSHOT]
	at org.apache.ratis.thirdparty.io.grpc.stub.ServerCalls$StreamingServerCallHandler$StreamingServerCallListener.onMessage(ServerCalls.java:248) [ratis-thirdparty-misc-0.2.0.jar:0.2.0]
	at org.apache.ratis.thirdparty.io.grpc.internal.ServerCallImpl$ServerStreamListenerImpl.messagesAvailable(ServerCallImpl.java:263) [ratis-thirdparty-misc-0.2.0.jar:0.2.0]
	at org.apache.ratis.thirdparty.io.grpc.internal.ServerImpl$JumpToApplicationThreadServerStreamListener$1MessagesAvailable.runInContext(ServerImpl.java:686) [ratis-thirdparty-misc-0.2.0.jar:0.2.0]
	at org.apache.ratis.thirdparty.io.grpc.internal.ContextRunnable.run(ContextRunnable.java:37) [ratis-thirdparty-misc-0.2.0.jar:0.2.0]
	at org.apache.ratis.thirdparty.io.grpc.internal.SerializingExecutor.run(SerializingExecutor.java:123) [ratis-thirdparty-misc-0.2.0.jar:0.2.0]
	at java.util.concurrent.ThreadPoolExecutor.runWorker(ThreadPoolExecutor.java:1149) [?:1.8.0_212]
	at java.util.concurrent.ThreadPoolExecutor$Worker.run(ThreadPoolExecutor.java:624) [?:1.8.0_212]
	at java.lang.Thread.run(Thread.java:748) [?:1.8.0_212]
2019-09-09 05:44:11,087 [grpc-default-executor-7] INFO  client.GrpcClientProtocolClient (GrpcClientProtocolClient.java:onNext(264)) - client-0BA03DD15845->2ec847ce-af00-4363-8eac-0e7a739063af: receive RaftClientReply:client-0BA03DD15845->2ec847ce-af00-4363-8eac-0e7a739063af@group-8F5511676960, cid=186, FAILED org.apache.ratis.protocol.StateMachineException: org.apache.hadoop.hdds.scm.container.common.helpers.ContainerNotOpenException from Server 2ec847ce-af00-4363-8eac-0e7a739063af@group-8F5511676960: Container 1 in CLOSING state, logIndex=0, commits[2ec847ce-af00-4363-8eac-0e7a739063af:c18, bc5c2372-d7f1-4de5-bb1b-5feb1335ebc5:c17, 6213d06b-cb1c-43dd-962e-e038376d1825:c16]
2019-09-09 05:44:11,089 [grpc-default-executor-7] INFO  client.GrpcClientProtocolClient (GrpcClientProtocolClient.java:onNext(264)) - client-0BA03DD15845->2ec847ce-af00-4363-8eac-0e7a739063af: receive RaftClientReply:client-0BA03DD15845->2ec847ce-af00-4363-8eac-0e7a739063af@group-8F5511676960, cid=187, FAILED org.apache.ratis.protocol.StateMachineException: org.apache.hadoop.hdds.scm.container.common.helpers.ContainerNotOpenException from Server 2ec847ce-af00-4363-8eac-0e7a739063af@group-8F5511676960: Container 1 in CLOSING state, logIndex=0, commits[2ec847ce-af00-4363-8eac-0e7a739063af:c18, bc5c2372-d7f1-4de5-bb1b-5feb1335ebc5:c17, 6213d06b-cb1c-43dd-962e-e038376d1825:c16]
2019-09-09 05:44:11,238 [grpc-default-executor-4] INFO  client.GrpcClientProtocolClient (GrpcClientProtocolClient.java:onNext(264)) - client-2D44869FDF91->eb1f2c76-46e5-42c5-beea-0ca89a39be26: receive RaftClientReply:client-2D44869FDF91->eb1f2c76-46e5-42c5-beea-0ca89a39be26@group-E6A06FFDB88D, cid=188, SUCCESS, logIndex=1, commits[eb1f2c76-46e5-42c5-beea-0ca89a39be26:c1, 7266534e-3c5c-4a76-a198-926e09974878:c0, 6fc22dfd-3a97-447f-a6d6-c779b06b49db:c0]
2019-09-09 05:44:11,264 [grpc-default-executor-0] INFO  client.GrpcClientProtocolClient (GrpcClientProtocolClient.java:onNext(264)) - client-2D44869FDF91->eb1f2c76-46e5-42c5-beea-0ca89a39be26: receive RaftClientReply:client-2D44869FDF91->eb1f2c76-46e5-42c5-beea-0ca89a39be26@group-E6A06FFDB88D, cid=189, SUCCESS, logIndex=3, commits[eb1f2c76-46e5-42c5-beea-0ca89a39be26:c4, 7266534e-3c5c-4a76-a198-926e09974878:c1, 6fc22dfd-3a97-447f-a6d6-c779b06b49db:c2]
2019-09-09 05:44:11,297 [grpc-default-executor-0] INFO  client.GrpcClientProtocolClient (GrpcClientProtocolClient.java:onNext(264)) - client-2D44869FDF91->eb1f2c76-46e5-42c5-beea-0ca89a39be26: receive RaftClientReply:client-2D44869FDF91->eb1f2c76-46e5-42c5-beea-0ca89a39be26@group-E6A06FFDB88D, cid=190, SUCCESS, logIndex=4, commits[eb1f2c76-46e5-42c5-beea-0ca89a39be26:c12, 7266534e-3c5c-4a76-a198-926e09974878:c7, 6fc22dfd-3a97-447f-a6d6-c779b06b49db:c7]
2019-09-09 05:44:11,298 [grpc-default-executor-0] INFO  client.GrpcClientProtocolClient (GrpcClientProtocolClient.java:onNext(264)) - client-2D44869FDF91->eb1f2c76-46e5-42c5-beea-0ca89a39be26: receive RaftClientReply:client-2D44869FDF91->eb1f2c76-46e5-42c5-beea-0ca89a39be26@group-E6A06FFDB88D, cid=191, SUCCESS, logIndex=5, commits[eb1f2c76-46e5-42c5-beea-0ca89a39be26:c12, 7266534e-3c5c-4a76-a198-926e09974878:c7, 6fc22dfd-3a97-447f-a6d6-c779b06b49db:c7]
2019-09-09 05:44:11,299 [grpc-default-executor-0] INFO  client.GrpcClientProtocolClient (GrpcClientProtocolClient.java:onNext(264)) - client-2D44869FDF91->eb1f2c76-46e5-42c5-beea-0ca89a39be26: receive RaftClientReply:client-2D44869FDF91->eb1f2c76-46e5-42c5-beea-0ca89a39be26@group-E6A06FFDB88D, cid=192, SUCCESS, logIndex=6, commits[eb1f2c76-46e5-42c5-beea-0ca89a39be26:c12, 7266534e-3c5c-4a76-a198-926e09974878:c7, 6fc22dfd-3a97-447f-a6d6-c779b06b49db:c7]
2019-09-09 05:44:11,373 [grpc-default-executor-0] INFO  client.GrpcClientProtocolClient (GrpcClientProtocolClient.java:onNext(264)) - client-2D44869FDF91->eb1f2c76-46e5-42c5-beea-0ca89a39be26: receive RaftClientReply:client-2D44869FDF91->eb1f2c76-46e5-42c5-beea-0ca89a39be26@group-E6A06FFDB88D, cid=193, SUCCESS, logIndex=7, commits[eb1f2c76-46e5-42c5-beea-0ca89a39be26:c12, 7266534e-3c5c-4a76-a198-926e09974878:c7, 6fc22dfd-3a97-447f-a6d6-c779b06b49db:c7]
2019-09-09 05:44:11,398 [grpc-default-executor-0] INFO  client.GrpcClientProtocolClient (GrpcClientProtocolClient.java:onNext(264)) - client-2D44869FDF91->eb1f2c76-46e5-42c5-beea-0ca89a39be26: receive RaftClientReply:client-2D44869FDF91->eb1f2c76-46e5-42c5-beea-0ca89a39be26@group-E6A06FFDB88D, cid=194, SUCCESS, logIndex=13, commits[eb1f2c76-46e5-42c5-beea-0ca89a39be26:c14, 7266534e-3c5c-4a76-a198-926e09974878:c12, 6fc22dfd-3a97-447f-a6d6-c779b06b49db:c12]
2019-09-09 05:44:11,398 [grpc-default-executor-0] INFO  client.GrpcClientProtocolClient (GrpcClientProtocolClient.java:onNext(264)) - client-2D44869FDF91->eb1f2c76-46e5-42c5-beea-0ca89a39be26: receive RaftClientReply:client-2D44869FDF91->eb1f2c76-46e5-42c5-beea-0ca89a39be26@group-E6A06FFDB88D, cid=195, SUCCESS, logIndex=14, commits[eb1f2c76-46e5-42c5-beea-0ca89a39be26:c14, 7266534e-3c5c-4a76-a198-926e09974878:c12, 6fc22dfd-3a97-447f-a6d6-c779b06b49db:c12]
2019-09-09 05:44:11,407 [grpc-default-executor-0] INFO  client.GrpcClientProtocolClient (GrpcClientProtocolClient.java:onNext(264)) - client-2D44869FDF91->eb1f2c76-46e5-42c5-beea-0ca89a39be26: receive RaftClientReply:client-2D44869FDF91->eb1f2c76-46e5-42c5-beea-0ca89a39be26@group-E6A06FFDB88D, cid=196, SUCCESS, logIndex=0, commits[eb1f2c76-46e5-42c5-beea-0ca89a39be26:c15, 7266534e-3c5c-4a76-a198-926e09974878:c14, 6fc22dfd-3a97-447f-a6d6-c779b06b49db:c14]
2019-09-09 05:44:11,408 [main] INFO  ozone.MiniOzoneClusterImpl (MiniOzoneClusterImpl.java:shutdown(307)) - Shutting down the Mini Ozone Cluster
2019-09-09 05:44:11,408 [main] INFO  ozone.MiniOzoneClusterImpl (MiniOzoneClusterImpl.java:stop(322)) - Stopping the Mini Ozone Cluster
2019-09-09 05:44:11,408 [main] INFO  ozone.MiniOzoneClusterImpl (MiniOzoneClusterImpl.java:stop(324)) - Stopping the OzoneManager
2019-09-09 05:44:11,408 [main] INFO  ipc.Server (Server.java:stop(3082)) - Stopping server on 37607
2019-09-09 05:44:11,419 [IPC Server listener on 37607] INFO  ipc.Server (Server.java:run(1185)) - Stopping IPC Server listener on 37607
2019-09-09 05:44:11,419 [main] INFO  ratis.OzoneManagerDoubleBuffer (OzoneManagerDoubleBuffer.java:stop(248)) - Stopping OMDoubleBuffer flush thread
2019-09-09 05:44:11,426 [IPC Server Responder] INFO  ipc.Server (Server.java:run(1319)) - Stopping IPC Server Responder
2019-09-09 05:44:11,426 [OMDoubleBufferFlushThread] INFO  ratis.OzoneManagerDoubleBuffer (OzoneManagerDoubleBuffer.java:flushTransactions(191)) - OMDoubleBuffer flush thread OMDoubleBufferFlushThread is interrupted and will exit. OMDoubleBufferFlushThread
2019-09-09 05:44:11,428 [main] INFO  utils.BackgroundService (BackgroundService.java:shutdown(148)) - Shutting down service KeyDeletingService
2019-09-09 05:44:11,429 [main] INFO  handler.ContextHandler (ContextHandler.java:doStop(910)) - Stopped o.e.j.w.WebAppContext@2ca54da9{/,null,UNAVAILABLE}{/ozoneManager}
2019-09-09 05:44:11,430 [main] INFO  server.AbstractConnector (AbstractConnector.java:doStop(318)) - Stopped ServerConnector@34a20f16{HTTP/1.1,[http/1.1]}{0.0.0.0:0}
2019-09-09 05:44:11,430 [main] INFO  handler.ContextHandler (ContextHandler.java:doStop(910)) - Stopped o.e.j.s.ServletContextHandler@42c0a16e{/static,file:///workdir/hadoop-ozone/integration-test/target/test-classes/webapps/static,UNAVAILABLE}
2019-09-09 05:44:11,430 [main] INFO  handler.ContextHandler (ContextHandler.java:doStop(910)) - Stopped o.e.j.s.ServletContextHandler@22f02996{/logs,file:///workdir/hadoop-ozone/integration-test/target/log,UNAVAILABLE}
2019-09-09 05:44:11,432 [main] INFO  ozone.MiniOzoneClusterImpl (MiniOzoneClusterImpl.java:stop(330)) - Shutting the HddsDatanodes
2019-09-09 05:44:12,220 [Datanode State Machine Thread - 0] INFO  statemachine.DatanodeStateMachine (DatanodeStateMachine.java:lambda$startDaemon$0(350)) - Ozone container server started.
2019-09-09 05:44:12,333 [Datanode State Machine Thread - 0] INFO  statemachine.DatanodeStateMachine (DatanodeStateMachine.java:lambda$startDaemon$0(350)) - Ozone container server started.
2019-09-09 05:44:13,211 [grpc-default-executor-6] WARN  server.GrpcLogAppender (LogUtils.java:warn(134)) - 2ec847ce-af00-4363-8eac-0e7a739063af@group-8F5511676960->6213d06b-cb1c-43dd-962e-e038376d1825-AppendLogResponseHandler: Failed appendEntries: org.apache.ratis.thirdparty.io.grpc.StatusRuntimeException: UNAVAILABLE: io exception
2019-09-09 05:44:13,212 [grpc-default-executor-6] INFO  impl.FollowerInfo (FollowerInfo.java:lambda$new$0(51)) - 2ec847ce-af00-4363-8eac-0e7a739063af@group-8F5511676960->6213d06b-cb1c-43dd-962e-e038376d1825: nextIndex: updateUnconditionally 1 -> 0
2019-09-09 05:44:15,716 [grpc-default-executor-0] WARN  server.GrpcLogAppender (LogUtils.java:warn(134)) - 2ec847ce-af00-4363-8eac-0e7a739063af@group-8F5511676960->6213d06b-cb1c-43dd-962e-e038376d1825-AppendLogResponseHandler: Failed appendEntries: org.apache.ratis.thirdparty.io.grpc.StatusRuntimeException: UNAVAILABLE: io exception
2019-09-09 05:44:15,718 [grpc-default-executor-0] INFO  impl.FollowerInfo (FollowerInfo.java:lambda$new$0(51)) - 2ec847ce-af00-4363-8eac-0e7a739063af@group-8F5511676960->6213d06b-cb1c-43dd-962e-e038376d1825: nextIndex: updateUnconditionally 0 -> 0
2019-09-09 05:44:16,226 [EventQueue-StaleNodeForStaleNodeHandler] INFO  node.StaleNodeHandler (StaleNodeHandler.java:onMessage(58)) - Datanode eb1f2c76-46e5-42c5-beea-0ca89a39be26{ip: 192.168.34.6, host: trunk-nightly-20190909-tk4cs-374463008, networkLocation: /default-rack, certSerialId: null} moved to stale state. Finalizing its pipelines [PipelineID=0fac219c-c5d6-462e-99a2-e6a06ffdb88d, PipelineID=e5c939a7-77c3-45ed-8947-c18edaa2ebd7]
2019-09-09 05:44:16,226 [EventQueue-StaleNodeForStaleNodeHandler] INFO  pipeline.SCMPipelineManager (SCMPipelineManager.java:finalizeAndDestroyPipeline(311)) - destroying pipeline:Pipeline[ Id: 0fac219c-c5d6-462e-99a2-e6a06ffdb88d, Nodes: eb1f2c76-46e5-42c5-beea-0ca89a39be26{ip: 192.168.34.6, host: trunk-nightly-20190909-tk4cs-374463008, networkLocation: /default-rack, certSerialId: null}6fc22dfd-3a97-447f-a6d6-c779b06b49db{ip: 192.168.34.6, host: trunk-nightly-20190909-tk4cs-374463008, networkLocation: /default-rack, certSerialId: null}7266534e-3c5c-4a76-a198-926e09974878{ip: 192.168.34.6, host: trunk-nightly-20190909-tk4cs-374463008, networkLocation: /default-rack, certSerialId: null}, Type:RATIS, Factor:THREE, State:OPEN]
2019-09-09 05:44:16,226 [EventQueue-StaleNodeForStaleNodeHandler] INFO  pipeline.PipelineStateManager (PipelineStateManager.java:finalizePipeline(123)) - Pipeline Pipeline[ Id: 0fac219c-c5d6-462e-99a2-e6a06ffdb88d, Nodes: eb1f2c76-46e5-42c5-beea-0ca89a39be26{ip: 192.168.34.6, host: trunk-nightly-20190909-tk4cs-374463008, networkLocation: /default-rack, certSerialId: null}6fc22dfd-3a97-447f-a6d6-c779b06b49db{ip: 192.168.34.6, host: trunk-nightly-20190909-tk4cs-374463008, networkLocation: /default-rack, certSerialId: null}7266534e-3c5c-4a76-a198-926e09974878{ip: 192.168.34.6, host: trunk-nightly-20190909-tk4cs-374463008, networkLocation: /default-rack, certSerialId: null}, Type:RATIS, Factor:THREE, State:CLOSED] moved to CLOSED state
2019-09-09 05:44:16,227 [EventQueue-StaleNodeForStaleNodeHandler] INFO  pipeline.SCMPipelineManager (SCMPipelineManager.java:finalizeAndDestroyPipeline(311)) - destroying pipeline:Pipeline[ Id: e5c939a7-77c3-45ed-8947-c18edaa2ebd7, Nodes: eb1f2c76-46e5-42c5-beea-0ca89a39be26{ip: 192.168.34.6, host: trunk-nightly-20190909-tk4cs-374463008, networkLocation: /default-rack, certSerialId: null}, Type:RATIS, Factor:ONE, State:OPEN]
2019-09-09 05:44:16,227 [EventQueue-CloseContainerForCloseContainerEventHandler] INFO  container.CloseContainerEventHandler (CloseContainerEventHandler.java:onMessage(61)) - Close container Event triggered for container : #2
2019-09-09 05:44:16,229 [EventQueue-StaleNodeForStaleNodeHandler] INFO  pipeline.PipelineStateManager (PipelineStateManager.java:finalizePipeline(123)) - Pipeline Pipeline[ Id: e5c939a7-77c3-45ed-8947-c18edaa2ebd7, Nodes: eb1f2c76-46e5-42c5-beea-0ca89a39be26{ip: 192.168.34.6, host: trunk-nightly-20190909-tk4cs-374463008, networkLocation: /default-rack, certSerialId: null}, Type:RATIS, Factor:ONE, State:CLOSED] moved to CLOSED state
2019-09-09 05:44:16,426 [EventQueue-StaleNodeForStaleNodeHandler] INFO  node.StaleNodeHandler (StaleNodeHandler.java:onMessage(58)) - Datanode 2ec847ce-af00-4363-8eac-0e7a739063af{ip: 192.168.34.6, host: trunk-nightly-20190909-tk4cs-374463008, networkLocation: /default-rack, certSerialId: null} moved to stale state. Finalizing its pipelines [PipelineID=8e3f610c-5191-460c-b95f-8f5511676960, PipelineID=e2be49db-39a9-4168-96f5-88b34e6be0c6]
2019-09-09 05:44:16,426 [EventQueue-StaleNodeForStaleNodeHandler] INFO  pipeline.SCMPipelineManager (SCMPipelineManager.java:finalizeAndDestroyPipeline(311)) - destroying pipeline:Pipeline[ Id: 8e3f610c-5191-460c-b95f-8f5511676960, Nodes: 6213d06b-cb1c-43dd-962e-e038376d1825{ip: 192.168.34.6, host: trunk-nightly-20190909-tk4cs-374463008, networkLocation: /default-rack, certSerialId: null}bc5c2372-d7f1-4de5-bb1b-5feb1335ebc5{ip: 192.168.34.6, host: trunk-nightly-20190909-tk4cs-374463008, networkLocation: /default-rack, certSerialId: null}2ec847ce-af00-4363-8eac-0e7a739063af{ip: 192.168.34.6, host: trunk-nightly-20190909-tk4cs-374463008, networkLocation: /default-rack, certSerialId: null}, Type:RATIS, Factor:THREE, State:CLOSED]
2019-09-09 05:44:16,426 [EventQueue-StaleNodeForStaleNodeHandler] INFO  pipeline.SCMPipelineManager (SCMPipelineManager.java:finalizeAndDestroyPipeline(311)) - destroying pipeline:Pipeline[ Id: e2be49db-39a9-4168-96f5-88b34e6be0c6, Nodes: 2ec847ce-af00-4363-8eac-0e7a739063af{ip: 192.168.34.6, host: trunk-nightly-20190909-tk4cs-374463008, networkLocation: /default-rack, certSerialId: null}, Type:RATIS, Factor:ONE, State:OPEN]
2019-09-09 05:44:16,426 [EventQueue-StaleNodeForStaleNodeHandler] INFO  pipeline.PipelineStateManager (PipelineStateManager.java:finalizePipeline(123)) - Pipeline Pipeline[ Id: e2be49db-39a9-4168-96f5-88b34e6be0c6, Nodes: 2ec847ce-af00-4363-8eac-0e7a739063af{ip: 192.168.34.6, host: trunk-nightly-20190909-tk4cs-374463008, networkLocation: /default-rack, certSerialId: null}, Type:RATIS, Factor:ONE, State:CLOSED] moved to CLOSED state
2019-09-09 05:44:16,434 [ForkJoinPool.commonPool-worker-1] INFO  ozoneimpl.OzoneContainer (OzoneContainer.java:stop(231)) - Attempting to stop container services.
2019-09-09 05:44:16,434 [main] INFO  ozoneimpl.OzoneContainer (OzoneContainer.java:stop(231)) - Attempting to stop container services.
2019-09-09 05:44:16,437 [ForkJoinPool.commonPool-worker-1] INFO  impl.RaftServerProxy (RaftServerProxy.java:lambda$close$4(314)) - eb1f2c76-46e5-42c5-beea-0ca89a39be26: close
2019-09-09 05:44:16,437 [main] INFO  impl.RaftServerProxy (RaftServerProxy.java:lambda$close$4(314)) - 2ec847ce-af00-4363-8eac-0e7a739063af: close
2019-09-09 05:44:16,438 [ForkJoinPool.commonPool-worker-1] INFO  impl.RaftServerImpl (RaftServerImpl.java:lambda$shutdown$3(251)) - eb1f2c76-46e5-42c5-beea-0ca89a39be26@group-E6A06FFDB88D: shutdown
2019-09-09 05:44:16,438 [main] INFO  impl.RaftServerImpl (RaftServerImpl.java:lambda$shutdown$3(251)) - 2ec847ce-af00-4363-8eac-0e7a739063af@group-8F5511676960: shutdown
2019-09-09 05:44:16,438 [ForkJoinPool.commonPool-worker-1] INFO  util.JmxRegister (JmxRegister.java:unregister(73)) - Successfully un-registered JMX Bean with object name Ratis:service=RaftServer,group=group-E6A06FFDB88D,id=eb1f2c76-46e5-42c5-beea-0ca89a39be26
2019-09-09 05:44:16,439 [main] INFO  util.JmxRegister (JmxRegister.java:unregister(73)) - Successfully un-registered JMX Bean with object name Ratis:service=RaftServer,group=group-8F5511676960,id=2ec847ce-af00-4363-8eac-0e7a739063af
2019-09-09 05:44:16,439 [ForkJoinPool.commonPool-worker-1] INFO  impl.RoleInfo (RoleInfo.java:shutdownLeaderState(104)) - eb1f2c76-46e5-42c5-beea-0ca89a39be26: shutdown LeaderState
2019-09-09 05:44:16,439 [main] INFO  impl.RoleInfo (RoleInfo.java:shutdownLeaderState(104)) - 2ec847ce-af00-4363-8eac-0e7a739063af: shutdown LeaderState
2019-09-09 05:44:16,443 [org.apache.ratis.server.impl.LogAppender$AppenderDaemon$$Lambda$493/45274819@45f0c755] WARN  server.GrpcLogAppender (GrpcLogAppender.java:mayWait(143)) - eb1f2c76-46e5-42c5-beea-0ca89a39be26@group-E6A06FFDB88D->7266534e-3c5c-4a76-a198-926e09974878-GrpcLogAppender: Wait interrupted by java.lang.InterruptedException
2019-09-09 05:44:16,443 [ForkJoinPool.commonPool-worker-1] INFO  impl.PendingRequests (PendingRequests.java:sendNotLeaderResponses(202)) - eb1f2c76-46e5-42c5-beea-0ca89a39be26-PendingRequests: sendNotLeaderResponses
2019-09-09 05:44:16,443 [org.apache.ratis.server.impl.LogAppender$AppenderDaemon$$Lambda$493/45274819@1e338d7e] WARN  server.GrpcLogAppender (GrpcLogAppender.java:mayWait(143)) - eb1f2c76-46e5-42c5-beea-0ca89a39be26@group-E6A06FFDB88D->6fc22dfd-3a97-447f-a6d6-c779b06b49db-GrpcLogAppender: Wait interrupted by java.lang.InterruptedException
2019-09-09 05:44:16,446 [org.apache.ratis.server.impl.LogAppender$AppenderDaemon$$Lambda$493/45274819@14670106] WARN  server.GrpcLogAppender (GrpcLogAppender.java:mayWait(143)) - 2ec847ce-af00-4363-8eac-0e7a739063af@group-8F5511676960->bc5c2372-d7f1-4de5-bb1b-5feb1335ebc5-GrpcLogAppender: Wait interrupted by java.lang.InterruptedException
2019-09-09 05:44:16,446 [org.apache.ratis.server.impl.LogAppender$AppenderDaemon$$Lambda$493/45274819@2252f946] WARN  server.GrpcLogAppender (GrpcLogAppender.java:mayWait(143)) - 2ec847ce-af00-4363-8eac-0e7a739063af@group-8F5511676960->6213d06b-cb1c-43dd-962e-e038376d1825-GrpcLogAppender: Wait interrupted by java.lang.InterruptedException
2019-09-09 05:44:16,446 [main] INFO  impl.PendingRequests (PendingRequests.java:sendNotLeaderResponses(202)) - 2ec847ce-af00-4363-8eac-0e7a739063af-PendingRequests: sendNotLeaderResponses
2019-09-09 05:44:16,450 [grpc-default-executor-7] INFO  server.GrpcServerProtocolService (GrpcServerProtocolService.java:onCompleted(113)) - 7266534e-3c5c-4a76-a198-926e09974878: Completed APPEND_ENTRIES, lastRequest: eb1f2c76-46e5-42c5-beea-0ca89a39be26->7266534e-3c5c-4a76-a198-926e09974878#25-t1, previous=(t:1, i:16), leaderCommit=16, initializing? false, entries: <empty>
2019-09-09 05:44:16,450 [grpc-default-executor-6] INFO  server.GrpcServerProtocolService (GrpcServerProtocolService.java:onCompleted(113)) - bc5c2372-d7f1-4de5-bb1b-5feb1335ebc5: Completed APPEND_ENTRIES, lastRequest: 2ec847ce-af00-4363-8eac-0e7a739063af->bc5c2372-d7f1-4de5-bb1b-5feb1335ebc5#4-t2, previous=(t:2, i:18), leaderCommit=18, initializing? false, entries: <empty>
2019-09-09 05:44:16,450 [grpc-default-executor-0] INFO  server.GrpcServerProtocolService (GrpcServerProtocolService.java:onCompleted(113)) - 6fc22dfd-3a97-447f-a6d6-c779b06b49db: Completed APPEND_ENTRIES, lastRequest: eb1f2c76-46e5-42c5-beea-0ca89a39be26->6fc22dfd-3a97-447f-a6d6-c779b06b49db#25-t1, previous=(t:1, i:16), leaderCommit=16, initializing? false, entries: <empty>
2019-09-09 05:44:16,452 [2ec847ce-af00-4363-8eac-0e7a739063af@group-8F5511676960-StateMachineUpdater] INFO  ratis.ContainerStateMachine (ContainerStateMachine.java:takeSnapshot(289)) - group-8F5511676960: Taking a snapshot at:(t:1, i:14) file /workdir/hadoop-ozone/integration-test/target/test-dir/MiniOzoneClusterImpl-a69cff32-9aaa-43e1-bc72-d1174bd05902/datanode-4/data/ratis/8e3f610c-5191-460c-b95f-8f5511676960/sm/snapshot.1_14
2019-09-09 05:44:16,452 [eb1f2c76-46e5-42c5-beea-0ca89a39be26@group-E6A06FFDB88D-StateMachineUpdater] INFO  ratis.ContainerStateMachine (ContainerStateMachine.java:takeSnapshot(289)) - group-E6A06FFDB88D: Taking a snapshot at:(t:1, i:14) file /workdir/hadoop-ozone/integration-test/target/test-dir/MiniOzoneClusterImpl-a69cff32-9aaa-43e1-bc72-d1174bd05902/datanode-1/data/ratis/0fac219c-c5d6-462e-99a2-e6a06ffdb88d/sm/snapshot.1_14
2019-09-09 05:44:16,451 [main] INFO  impl.StateMachineUpdater (StateMachineUpdater.java:stopAndJoin(125)) - 2ec847ce-af00-4363-8eac-0e7a739063af@group-8F5511676960-StateMachineUpdater: set stopIndex = 18
2019-09-09 05:44:16,451 [ForkJoinPool.commonPool-worker-1] INFO  impl.StateMachineUpdater (StateMachineUpdater.java:stopAndJoin(125)) - eb1f2c76-46e5-42c5-beea-0ca89a39be26@group-E6A06FFDB88D-StateMachineUpdater: set stopIndex = 16
2019-09-09 05:44:16,454 [grpc-default-executor-4] INFO  server.GrpcLogAppender (GrpcLogAppender.java:onCompleted(293)) - eb1f2c76-46e5-42c5-beea-0ca89a39be26@group-E6A06FFDB88D->7266534e-3c5c-4a76-a198-926e09974878-AppendLogResponseHandler: follower responses appendEntries COMPLETED
2019-09-09 05:44:16,455 [grpc-default-executor-4] INFO  impl.FollowerInfo (FollowerInfo.java:lambda$new$0(51)) - eb1f2c76-46e5-42c5-beea-0ca89a39be26@group-E6A06FFDB88D->7266534e-3c5c-4a76-a198-926e09974878: nextIndex: updateUnconditionally 17 -> 16
2019-09-09 05:44:16,455 [grpc-default-executor-4] INFO  server.GrpcLogAppender (GrpcLogAppender.java:onCompleted(293)) - 2ec847ce-af00-4363-8eac-0e7a739063af@group-8F5511676960->bc5c2372-d7f1-4de5-bb1b-5feb1335ebc5-AppendLogResponseHandler: follower responses appendEntries COMPLETED
2019-09-09 05:44:16,455 [grpc-default-executor-7] INFO  server.GrpcLogAppender (GrpcLogAppender.java:onCompleted(293)) - eb1f2c76-46e5-42c5-beea-0ca89a39be26@group-E6A06FFDB88D->6fc22dfd-3a97-447f-a6d6-c779b06b49db-AppendLogResponseHandler: follower responses appendEntries COMPLETED
2019-09-09 05:44:16,455 [grpc-default-executor-4] INFO  impl.FollowerInfo (FollowerInfo.java:lambda$new$0(51)) - 2ec847ce-af00-4363-8eac-0e7a739063af@group-8F5511676960->bc5c2372-d7f1-4de5-bb1b-5feb1335ebc5: nextIndex: updateUnconditionally 19 -> 18
2019-09-09 05:44:16,455 [grpc-default-executor-7] INFO  impl.FollowerInfo (FollowerInfo.java:lambda$new$0(51)) - eb1f2c76-46e5-42c5-beea-0ca89a39be26@group-E6A06FFDB88D->6fc22dfd-3a97-447f-a6d6-c779b06b49db: nextIndex: updateUnconditionally 17 -> 16
2019-09-09 05:44:16,465 [eb1f2c76-46e5-42c5-beea-0ca89a39be26@group-E6A06FFDB88D-StateMachineUpdater] INFO  ratis.ContainerStateMachine (ContainerStateMachine.java:takeSnapshot(300)) - group-E6A06FFDB88D: Finished taking a snapshot at:(t:1, i:14) file:/workdir/hadoop-ozone/integration-test/target/test-dir/MiniOzoneClusterImpl-a69cff32-9aaa-43e1-bc72-d1174bd05902/datanode-1/data/ratis/0fac219c-c5d6-462e-99a2-e6a06ffdb88d/sm/snapshot.1_14 time:13
2019-09-09 05:44:16,465 [2ec847ce-af00-4363-8eac-0e7a739063af@group-8F5511676960-StateMachineUpdater] INFO  ratis.ContainerStateMachine (ContainerStateMachine.java:takeSnapshot(300)) - group-8F5511676960: Finished taking a snapshot at:(t:1, i:14) file:/workdir/hadoop-ozone/integration-test/target/test-dir/MiniOzoneClusterImpl-a69cff32-9aaa-43e1-bc72-d1174bd05902/datanode-4/data/ratis/8e3f610c-5191-460c-b95f-8f5511676960/sm/snapshot.1_14 time:13
2019-09-09 05:44:16,465 [eb1f2c76-46e5-42c5-beea-0ca89a39be26@group-E6A06FFDB88D-StateMachineUpdater] INFO  impl.StateMachineUpdater (StateMachineUpdater.java:takeSnapshot(258)) - eb1f2c76-46e5-42c5-beea-0ca89a39be26@group-E6A06FFDB88D-StateMachineUpdater: Took a snapshot at index 14
2019-09-09 05:44:16,465 [2ec847ce-af00-4363-8eac-0e7a739063af@group-8F5511676960-StateMachineUpdater] INFO  impl.StateMachineUpdater (StateMachineUpdater.java:takeSnapshot(258)) - 2ec847ce-af00-4363-8eac-0e7a739063af@group-8F5511676960-StateMachineUpdater: Took a snapshot at index 14
2019-09-09 05:44:16,465 [eb1f2c76-46e5-42c5-beea-0ca89a39be26@group-E6A06FFDB88D-StateMachineUpdater] INFO  impl.StateMachineUpdater (StateMachineUpdater.java:lambda$new$0(83)) - eb1f2c76-46e5-42c5-beea-0ca89a39be26@group-E6A06FFDB88D-StateMachineUpdater: snapshotIndex: updateIncreasingly -1 -> 14
2019-09-09 05:44:16,465 [2ec847ce-af00-4363-8eac-0e7a739063af@group-8F5511676960-StateMachineUpdater] INFO  impl.StateMachineUpdater (StateMachineUpdater.java:lambda$new$0(83)) - 2ec847ce-af00-4363-8eac-0e7a739063af@group-8F5511676960-StateMachineUpdater: snapshotIndex: updateIncreasingly -1 -> 14
2019-09-09 05:44:16,465 [2ec847ce-af00-4363-8eac-0e7a739063af@group-8F5511676960-StateMachineUpdater] INFO  ratis.ContainerStateMachine (ContainerStateMachine.java:takeSnapshot(289)) - group-8F5511676960: Taking a snapshot at:(t:1, i:14) file /workdir/hadoop-ozone/integration-test/target/test-dir/MiniOzoneClusterImpl-a69cff32-9aaa-43e1-bc72-d1174bd05902/datanode-4/data/ratis/8e3f610c-5191-460c-b95f-8f5511676960/sm/snapshot.1_14
2019-09-09 05:44:16,465 [eb1f2c76-46e5-42c5-beea-0ca89a39be26@group-E6A06FFDB88D-StateMachineUpdater] INFO  ratis.ContainerStateMachine (ContainerStateMachine.java:takeSnapshot(289)) - group-E6A06FFDB88D: Taking a snapshot at:(t:1, i:14) file /workdir/hadoop-ozone/integration-test/target/test-dir/MiniOzoneClusterImpl-a69cff32-9aaa-43e1-bc72-d1174bd05902/datanode-1/data/ratis/0fac219c-c5d6-462e-99a2-e6a06ffdb88d/sm/snapshot.1_14
2019-09-09 05:44:16,479 [2ec847ce-af00-4363-8eac-0e7a739063af@group-8F5511676960-StateMachineUpdater] INFO  ratis.ContainerStateMachine (ContainerStateMachine.java:takeSnapshot(300)) - group-8F5511676960: Finished taking a snapshot at:(t:1, i:14) file:/workdir/hadoop-ozone/integration-test/target/test-dir/MiniOzoneClusterImpl-a69cff32-9aaa-43e1-bc72-d1174bd05902/datanode-4/data/ratis/8e3f610c-5191-460c-b95f-8f5511676960/sm/snapshot.1_14 time:13
2019-09-09 05:44:16,479 [eb1f2c76-46e5-42c5-beea-0ca89a39be26@group-E6A06FFDB88D-StateMachineUpdater] INFO  ratis.ContainerStateMachine (ContainerStateMachine.java:takeSnapshot(300)) - group-E6A06FFDB88D: Finished taking a snapshot at:(t:1, i:14) file:/workdir/hadoop-ozone/integration-test/target/test-dir/MiniOzoneClusterImpl-a69cff32-9aaa-43e1-bc72-d1174bd05902/datanode-1/data/ratis/0fac219c-c5d6-462e-99a2-e6a06ffdb88d/sm/snapshot.1_14 time:13
2019-09-09 05:44:16,479 [2ec847ce-af00-4363-8eac-0e7a739063af@group-8F5511676960-StateMachineUpdater] INFO  impl.StateMachineUpdater (StateMachineUpdater.java:takeSnapshot(258)) - 2ec847ce-af00-4363-8eac-0e7a739063af@group-8F5511676960-StateMachineUpdater: Took a snapshot at index 14
2019-09-09 05:44:16,479 [eb1f2c76-46e5-42c5-beea-0ca89a39be26@group-E6A06FFDB88D-StateMachineUpdater] INFO  impl.StateMachineUpdater (StateMachineUpdater.java:takeSnapshot(258)) - eb1f2c76-46e5-42c5-beea-0ca89a39be26@group-E6A06FFDB88D-StateMachineUpdater: Took a snapshot at index 14
2019-09-09 05:44:16,479 [2ec847ce-af00-4363-8eac-0e7a739063af@group-8F5511676960-StateMachineUpdater] INFO  impl.StateMachineUpdater (StateMachineUpdater.java:lambda$new$0(83)) - 2ec847ce-af00-4363-8eac-0e7a739063af@group-8F5511676960-StateMachineUpdater: snapshotIndex: updateIncreasingly 14 -> 14
2019-09-09 05:44:16,479 [eb1f2c76-46e5-42c5-beea-0ca89a39be26@group-E6A06FFDB88D-StateMachineUpdater] INFO  impl.StateMachineUpdater (StateMachineUpdater.java:lambda$new$0(83)) - eb1f2c76-46e5-42c5-beea-0ca89a39be26@group-E6A06FFDB88D-StateMachineUpdater: snapshotIndex: updateIncreasingly 14 -> 14
2019-09-09 05:44:16,479 [main] INFO  impl.RaftServerImpl (ServerState.java:close(385)) - 2ec847ce-af00-4363-8eac-0e7a739063af@group-8F5511676960: closes. applyIndex: 18
2019-09-09 05:44:16,479 [ForkJoinPool.commonPool-worker-1] INFO  impl.RaftServerImpl (ServerState.java:close(385)) - eb1f2c76-46e5-42c5-beea-0ca89a39be26@group-E6A06FFDB88D: closes. applyIndex: 16
2019-09-09 05:44:16,480 [2ec847ce-af00-4363-8eac-0e7a739063af@group-8F5511676960-SegmentedRaftLogWorker] INFO  segmented.SegmentedRaftLogWorker (SegmentedRaftLogWorker.java:run(313)) - 2ec847ce-af00-4363-8eac-0e7a739063af@group-8F5511676960-SegmentedRaftLogWorker was interrupted, exiting. There are 0 tasks remaining in the queue.
2019-09-09 05:44:16,480 [eb1f2c76-46e5-42c5-beea-0ca89a39be26@group-E6A06FFDB88D-SegmentedRaftLogWorker] INFO  segmented.SegmentedRaftLogWorker (SegmentedRaftLogWorker.java:run(313)) - eb1f2c76-46e5-42c5-beea-0ca89a39be26@group-E6A06FFDB88D-SegmentedRaftLogWorker was interrupted, exiting. There are 0 tasks remaining in the queue.
2019-09-09 05:44:16,483 [main] INFO  segmented.SegmentedRaftLogWorker (SegmentedRaftLogWorker.java:close(228)) - 2ec847ce-af00-4363-8eac-0e7a739063af@group-8F5511676960-SegmentedRaftLogWorker close()
2019-09-09 05:44:16,485 [ForkJoinPool.commonPool-worker-1] INFO  segmented.SegmentedRaftLogWorker (SegmentedRaftLogWorker.java:close(228)) - eb1f2c76-46e5-42c5-beea-0ca89a39be26@group-E6A06FFDB88D-SegmentedRaftLogWorker close()
2019-09-09 05:44:16,488 [main] INFO  impl.RaftServerImpl (RaftServerImpl.java:lambda$shutdown$3(251)) - 2ec847ce-af00-4363-8eac-0e7a739063af@group-88B34E6BE0C6: shutdown
2019-09-09 05:44:16,492 [ForkJoinPool.commonPool-worker-1] INFO  impl.RaftServerImpl (RaftServerImpl.java:lambda$shutdown$3(251)) - eb1f2c76-46e5-42c5-beea-0ca89a39be26@group-C18EDAA2EBD7: shutdown
2019-09-09 05:44:16,492 [main] INFO  util.JmxRegister (JmxRegister.java:unregister(73)) - Successfully un-registered JMX Bean with object name Ratis:service=RaftServer,group=group-88B34E6BE0C6,id=2ec847ce-af00-4363-8eac-0e7a739063af
2019-09-09 05:44:16,492 [ForkJoinPool.commonPool-worker-1] INFO  util.JmxRegister (JmxRegister.java:unregister(73)) - Successfully un-registered JMX Bean with object name Ratis:service=RaftServer,group=group-C18EDAA2EBD7,id=eb1f2c76-46e5-42c5-beea-0ca89a39be26
2019-09-09 05:44:16,493 [main] INFO  impl.RoleInfo (RoleInfo.java:shutdownLeaderState(104)) - 2ec847ce-af00-4363-8eac-0e7a739063af: shutdown LeaderState
2019-09-09 05:44:16,493 [ForkJoinPool.commonPool-worker-1] INFO  impl.RoleInfo (RoleInfo.java:shutdownLeaderState(104)) - eb1f2c76-46e5-42c5-beea-0ca89a39be26: shutdown LeaderState
2019-09-09 05:44:16,493 [main] INFO  impl.PendingRequests (PendingRequests.java:sendNotLeaderResponses(202)) - 2ec847ce-af00-4363-8eac-0e7a739063af-PendingRequests: sendNotLeaderResponses
2019-09-09 05:44:16,493 [ForkJoinPool.commonPool-worker-1] INFO  impl.PendingRequests (PendingRequests.java:sendNotLeaderResponses(202)) - eb1f2c76-46e5-42c5-beea-0ca89a39be26-PendingRequests: sendNotLeaderResponses
2019-09-09 05:44:16,493 [main] INFO  impl.StateMachineUpdater (StateMachineUpdater.java:stopAndJoin(125)) - 2ec847ce-af00-4363-8eac-0e7a739063af@group-88B34E6BE0C6-StateMachineUpdater: set stopIndex = 0
2019-09-09 05:44:16,494 [ForkJoinPool.commonPool-worker-1] INFO  impl.StateMachineUpdater (StateMachineUpdater.java:stopAndJoin(125)) - eb1f2c76-46e5-42c5-beea-0ca89a39be26@group-C18EDAA2EBD7-StateMachineUpdater: set stopIndex = 0
2019-09-09 05:44:16,494 [main] INFO  impl.RaftServerImpl (ServerState.java:close(385)) - 2ec847ce-af00-4363-8eac-0e7a739063af@group-88B34E6BE0C6: closes. applyIndex: 0
2019-09-09 05:44:16,494 [ForkJoinPool.commonPool-worker-1] INFO  impl.RaftServerImpl (ServerState.java:close(385)) - eb1f2c76-46e5-42c5-beea-0ca89a39be26@group-C18EDAA2EBD7: closes. applyIndex: 0
2019-09-09 05:44:16,494 [2ec847ce-af00-4363-8eac-0e7a739063af@group-88B34E6BE0C6-SegmentedRaftLogWorker] INFO  segmented.SegmentedRaftLogWorker (SegmentedRaftLogWorker.java:run(313)) - 2ec847ce-af00-4363-8eac-0e7a739063af@group-88B34E6BE0C6-SegmentedRaftLogWorker was interrupted, exiting. There are 0 tasks remaining in the queue.
2019-09-09 05:44:16,494 [eb1f2c76-46e5-42c5-beea-0ca89a39be26@group-C18EDAA2EBD7-SegmentedRaftLogWorker] INFO  segmented.SegmentedRaftLogWorker (SegmentedRaftLogWorker.java:run(313)) - eb1f2c76-46e5-42c5-beea-0ca89a39be26@group-C18EDAA2EBD7-SegmentedRaftLogWorker was interrupted, exiting. There are 0 tasks remaining in the queue.
2019-09-09 05:44:16,496 [main] INFO  segmented.SegmentedRaftLogWorker (SegmentedRaftLogWorker.java:close(228)) - 2ec847ce-af00-4363-8eac-0e7a739063af@group-88B34E6BE0C6-SegmentedRaftLogWorker close()
2019-09-09 05:44:16,498 [ForkJoinPool.commonPool-worker-1] INFO  segmented.SegmentedRaftLogWorker (SegmentedRaftLogWorker.java:close(228)) - eb1f2c76-46e5-42c5-beea-0ca89a39be26@group-C18EDAA2EBD7-SegmentedRaftLogWorker close()
2019-09-09 05:44:16,501 [main] INFO  server.GrpcService (GrpcService.java:closeImpl(164)) - 2ec847ce-af00-4363-8eac-0e7a739063af: shutdown server with port 43731 now
2019-09-09 05:44:16,504 [ForkJoinPool.commonPool-worker-1] INFO  server.GrpcService (GrpcService.java:closeImpl(164)) - eb1f2c76-46e5-42c5-beea-0ca89a39be26: shutdown server with port 38837 now
2019-09-09 05:44:16,505 [main] INFO  server.GrpcService (GrpcService.java:closeImpl(172)) - 2ec847ce-af00-4363-8eac-0e7a739063af: shutdown server with port 43731 successfully
2019-09-09 05:44:16,508 [ForkJoinPool.commonPool-worker-1] INFO  server.GrpcService (GrpcService.java:closeImpl(172)) - eb1f2c76-46e5-42c5-beea-0ca89a39be26: shutdown server with port 38837 successfully
2019-09-09 05:44:16,505 [grpc-default-executor-4] WARN  client.GrpcClientProtocolService (LogUtils.java:warn(134)) - 1-UnorderedRequestStreamObserver1: onError: org.apache.ratis.thirdparty.io.grpc.StatusRuntimeException: CANCELLED: cancelled before receiving half close
2019-09-09 05:44:16,512 [refreshUsed-/workdir/hadoop-ozone/integration-test/target/test-dir/MiniOzoneClusterImpl-a69cff32-9aaa-43e1-bc72-d1174bd05902/datanode-4/data/containers] WARN  fs.CachingGetSpaceUsed (CachingGetSpaceUsed.java:run(183)) - Thread Interrupted waiting to refresh disk information: sleep interrupted
2019-09-09 05:44:16,512 [refreshUsed-/workdir/hadoop-ozone/integration-test/target/test-dir/MiniOzoneClusterImpl-a69cff32-9aaa-43e1-bc72-d1174bd05902/datanode-1/data/containers] WARN  fs.CachingGetSpaceUsed (CachingGetSpaceUsed.java:run(183)) - Thread Interrupted waiting to refresh disk information: sleep interrupted
2019-09-09 05:44:16,529 [main] INFO  utils.BackgroundService (BackgroundService.java:shutdown(148)) - Shutting down service BlockDeletingService
2019-09-09 05:44:16,529 [ForkJoinPool.commonPool-worker-1] INFO  utils.BackgroundService (BackgroundService.java:shutdown(148)) - Shutting down service BlockDeletingService
2019-09-09 05:44:16,536 [main] INFO  statemachine.DatanodeStateMachine (DatanodeStateMachine.java:stopDaemon(395)) - Ozone container server stopped.
2019-09-09 05:44:16,536 [ForkJoinPool.commonPool-worker-1] INFO  statemachine.DatanodeStateMachine (DatanodeStateMachine.java:stopDaemon(395)) - Ozone container server stopped.
2019-09-09 05:44:16,541 [main] INFO  handler.ContextHandler (ContextHandler.java:doStop(910)) - Stopped o.e.j.w.WebAppContext@64279ab{/,null,UNAVAILABLE}{/hddsDatanode}
2019-09-09 05:44:16,541 [ForkJoinPool.commonPool-worker-1] INFO  handler.ContextHandler (ContextHandler.java:doStop(910)) - Stopped o.e.j.w.WebAppContext@7da1e005{/,null,UNAVAILABLE}{/hddsDatanode}
2019-09-09 05:44:16,542 [main] INFO  server.AbstractConnector (AbstractConnector.java:doStop(318)) - Stopped ServerConnector@794240e2{HTTP/1.1,[http/1.1]}{0.0.0.0:0}
2019-09-09 05:44:16,542 [ForkJoinPool.commonPool-worker-1] INFO  server.AbstractConnector (AbstractConnector.java:doStop(318)) - Stopped ServerConnector@38159384{HTTP/1.1,[http/1.1]}{0.0.0.0:0}
2019-09-09 05:44:16,551 [main] INFO  handler.ContextHandler (ContextHandler.java:doStop(910)) - Stopped o.e.j.s.ServletContextHandler@120aa40b{/static,jar:file:/home/user/.m2/repository/org/apache/hadoop/hadoop-hdds-container-service/0.5.0-SNAPSHOT/hadoop-hdds-container-service-0.5.0-SNAPSHOT.jar!/webapps/static,UNAVAILABLE}
2019-09-09 05:44:16,551 [ForkJoinPool.commonPool-worker-1] INFO  handler.ContextHandler (ContextHandler.java:doStop(910)) - Stopped o.e.j.s.ServletContextHandler@53314f76{/static,jar:file:/home/user/.m2/repository/org/apache/hadoop/hadoop-hdds-container-service/0.5.0-SNAPSHOT/hadoop-hdds-container-service-0.5.0-SNAPSHOT.jar!/webapps/static,UNAVAILABLE}
2019-09-09 05:44:16,551 [main] INFO  handler.ContextHandler (ContextHandler.java:doStop(910)) - Stopped o.e.j.s.ServletContextHandler@236c098{/logs,file:///workdir/hadoop-ozone/integration-test/target/log,UNAVAILABLE}
2019-09-09 05:44:16,551 [ForkJoinPool.commonPool-worker-1] INFO  handler.ContextHandler (ContextHandler.java:doStop(910)) - Stopped o.e.j.s.ServletContextHandler@6b0f266e{/logs,file:///workdir/hadoop-ozone/integration-test/target/log,UNAVAILABLE}
2019-09-09 05:44:17,220 [Datanode State Machine Thread - 0] INFO  statemachine.DatanodeStateMachine (DatanodeStateMachine.java:lambda$startDaemon$0(350)) - Ozone container server started.
2019-09-09 05:44:17,332 [Datanode State Machine Thread - 0] INFO  statemachine.DatanodeStateMachine (DatanodeStateMachine.java:lambda$startDaemon$0(350)) - Ozone container server started.
2019-09-09 05:44:20,869 [Thread-3239] INFO  impl.FollowerState (FollowerState.java:run(106)) - bc5c2372-d7f1-4de5-bb1b-5feb1335ebc5:group-8F5511676960 changes to CANDIDATE, lastRpcTime:5156, electionTimeout:5107ms
2019-09-09 05:44:20,870 [Thread-3239] INFO  impl.RoleInfo (RoleInfo.java:shutdownFollowerState(121)) - bc5c2372-d7f1-4de5-bb1b-5feb1335ebc5: shutdown FollowerState
2019-09-09 05:44:20,870 [Thread-3239] INFO  impl.RaftServerImpl (RaftServerImpl.java:setRole(174)) - bc5c2372-d7f1-4de5-bb1b-5feb1335ebc5@group-8F5511676960: changes role from  FOLLOWER to CANDIDATE at term 2 for changeToCandidate
2019-09-09 05:44:20,871 [Thread-3239] INFO  impl.RoleInfo (RoleInfo.java:updateAndGet(143)) - bc5c2372-d7f1-4de5-bb1b-5feb1335ebc5: start LeaderElection
2019-09-09 05:44:20,878 [bc5c2372-d7f1-4de5-bb1b-5feb1335ebc5@group-8F5511676960:LeaderElection71] INFO  impl.RaftServerImpl (ServerState.java:setLeader(253)) - bc5c2372-d7f1-4de5-bb1b-5feb1335ebc5@group-8F5511676960: change Leader from 2ec847ce-af00-4363-8eac-0e7a739063af to null at term 2 for initElection
2019-09-09 05:44:20,893 [bc5c2372-d7f1-4de5-bb1b-5feb1335ebc5@group-8F5511676960:LeaderElection71] INFO  impl.LeaderElection (LeaderElection.java:askForVotes(182)) - bc5c2372-d7f1-4de5-bb1b-5feb1335ebc5@group-8F5511676960:LeaderElection71: begin an election at term 3 for 17: [bc5c2372-d7f1-4de5-bb1b-5feb1335ebc5:192.168.34.6:37777, 2ec847ce-af00-4363-8eac-0e7a739063af:192.168.34.6:43731, 6213d06b-cb1c-43dd-962e-e038376d1825:192.168.34.6:37053], old=null
2019-09-09 05:44:20,902 [bc5c2372-d7f1-4de5-bb1b-5feb1335ebc5@group-8F5511676960:LeaderElection71] INFO  impl.LeaderElection (LogUtils.java:infoOrTrace(149)) - bc5c2372-d7f1-4de5-bb1b-5feb1335ebc5@group-8F5511676960:LeaderElection71 got exception when requesting votes: {}
java.util.concurrent.ExecutionException: org.apache.ratis.thirdparty.io.grpc.StatusRuntimeException: UNAVAILABLE: io exception
	at java.util.concurrent.FutureTask.report(FutureTask.java:122)
	at java.util.concurrent.FutureTask.get(FutureTask.java:192)
	at org.apache.ratis.server.impl.LeaderElection.waitForResults(LeaderElection.java:263)
	at org.apache.ratis.server.impl.LeaderElection.askForVotes(LeaderElection.java:201)
	at org.apache.ratis.server.impl.LeaderElection.run(LeaderElection.java:133)
	at java.lang.Thread.run(Thread.java:748)
Caused by: org.apache.ratis.thirdparty.io.grpc.StatusRuntimeException: UNAVAILABLE: io exception
	at org.apache.ratis.thirdparty.io.grpc.stub.ClientCalls.toStatusRuntimeException(ClientCalls.java:233)
	at org.apache.ratis.thirdparty.io.grpc.stub.ClientCalls.getUnchecked(ClientCalls.java:214)
	at org.apache.ratis.thirdparty.io.grpc.stub.ClientCalls.blockingUnaryCall(ClientCalls.java:139)
	at org.apache.ratis.proto.grpc.RaftServerProtocolServiceGrpc$RaftServerProtocolServiceBlockingStub.requestVote(RaftServerProtocolServiceGrpc.java:265)
	at org.apache.ratis.grpc.server.GrpcServerProtocolClient.requestVote(GrpcServerProtocolClient.java:90)
	at org.apache.ratis.grpc.server.GrpcService.requestVote(GrpcService.java:204)
	at org.apache.ratis.server.impl.LeaderElection.lambda$submitRequests$1(LeaderElection.java:238)
	at java.util.concurrent.FutureTask.run(FutureTask.java:266)
	at java.util.concurrent.Executors$RunnableAdapter.call(Executors.java:511)
	at java.util.concurrent.FutureTask.run(FutureTask.java:266)
	at java.util.concurrent.ThreadPoolExecutor.runWorker(ThreadPoolExecutor.java:1149)
	at java.util.concurrent.ThreadPoolExecutor$Worker.run(ThreadPoolExecutor.java:624)
	... 1 more
Caused by: org.apache.ratis.thirdparty.io.netty.channel.AbstractChannel$AnnotatedConnectException: Connection refused: /192.168.34.6:43731
	at sun.nio.ch.SocketChannelImpl.checkConnect(Native Method)
	at sun.nio.ch.SocketChannelImpl.finishConnect(SocketChannelImpl.java:717)
	at org.apache.ratis.thirdparty.io.netty.channel.socket.nio.NioSocketChannel.doFinishConnect(NioSocketChannel.java:327)
	at org.apache.ratis.thirdparty.io.netty.channel.nio.AbstractNioChannel$AbstractNioUnsafe.finishConnect(AbstractNioChannel.java:340)
	at org.apache.ratis.thirdparty.io.netty.channel.nio.NioEventLoop.processSelectedKey(NioEventLoop.java:632)
	at org.apache.ratis.thirdparty.io.netty.channel.nio.NioEventLoop.processSelectedKeysOptimized(NioEventLoop.java:579)
	at org.apache.ratis.thirdparty.io.netty.channel.nio.NioEventLoop.processSelectedKeys(NioEventLoop.java:496)
	at org.apache.ratis.thirdparty.io.netty.channel.nio.NioEventLoop.run(NioEventLoop.java:458)
	at org.apache.ratis.thirdparty.io.netty.util.concurrent.SingleThreadEventExecutor$5.run(SingleThreadEventExecutor.java:897)
	at org.apache.ratis.thirdparty.io.netty.util.concurrent.FastThreadLocalRunnable.run(FastThreadLocalRunnable.java:30)
	... 1 more
Caused by: java.net.ConnectException: Connection refused
	... 11 more
2019-09-09 05:44:20,906 [bc5c2372-d7f1-4de5-bb1b-5feb1335ebc5@group-8F5511676960:LeaderElection71] INFO  impl.LeaderElection (LogUtils.java:infoOrTrace(149)) - bc5c2372-d7f1-4de5-bb1b-5feb1335ebc5@group-8F5511676960:LeaderElection71 got exception when requesting votes: {}
java.util.concurrent.ExecutionException: org.apache.ratis.thirdparty.io.grpc.StatusRuntimeException: UNAVAILABLE: io exception
	at java.util.concurrent.FutureTask.report(FutureTask.java:122)
	at java.util.concurrent.FutureTask.get(FutureTask.java:192)
	at org.apache.ratis.server.impl.LeaderElection.waitForResults(LeaderElection.java:263)
	at org.apache.ratis.server.impl.LeaderElection.askForVotes(LeaderElection.java:201)
	at org.apache.ratis.server.impl.LeaderElection.run(LeaderElection.java:133)
	at java.lang.Thread.run(Thread.java:748)
Caused by: org.apache.ratis.thirdparty.io.grpc.StatusRuntimeException: UNAVAILABLE: io exception
	at org.apache.ratis.thirdparty.io.grpc.stub.ClientCalls.toStatusRuntimeException(ClientCalls.java:233)
	at org.apache.ratis.thirdparty.io.grpc.stub.ClientCalls.getUnchecked(ClientCalls.java:214)
	at org.apache.ratis.thirdparty.io.grpc.stub.ClientCalls.blockingUnaryCall(ClientCalls.java:139)
	at org.apache.ratis.proto.grpc.RaftServerProtocolServiceGrpc$RaftServerProtocolServiceBlockingStub.requestVote(RaftServerProtocolServiceGrpc.java:265)
	at org.apache.ratis.grpc.server.GrpcServerProtocolClient.requestVote(GrpcServerProtocolClient.java:90)
	at org.apache.ratis.grpc.server.GrpcService.requestVote(GrpcService.java:204)
	at org.apache.ratis.server.impl.LeaderElection.lambda$submitRequests$1(LeaderElection.java:238)
	at java.util.concurrent.FutureTask.run(FutureTask.java:266)
	at java.util.concurrent.Executors$RunnableAdapter.call(Executors.java:511)
	at java.util.concurrent.FutureTask.run(FutureTask.java:266)
	at java.util.concurrent.ThreadPoolExecutor.runWorker(ThreadPoolExecutor.java:1149)
	at java.util.concurrent.ThreadPoolExecutor$Worker.run(ThreadPoolExecutor.java:624)
	... 1 more
Caused by: org.apache.ratis.thirdparty.io.netty.channel.AbstractChannel$AnnotatedConnectException: Connection refused: /192.168.34.6:37053
	at sun.nio.ch.SocketChannelImpl.checkConnect(Native Method)
	at sun.nio.ch.SocketChannelImpl.finishConnect(SocketChannelImpl.java:717)
	at org.apache.ratis.thirdparty.io.netty.channel.socket.nio.NioSocketChannel.doFinishConnect(NioSocketChannel.java:327)
	at org.apache.ratis.thirdparty.io.netty.channel.nio.AbstractNioChannel$AbstractNioUnsafe.finishConnect(AbstractNioChannel.java:340)
	at org.apache.ratis.thirdparty.io.netty.channel.nio.NioEventLoop.processSelectedKey(NioEventLoop.java:632)
	at org.apache.ratis.thirdparty.io.netty.channel.nio.NioEventLoop.processSelectedKeysOptimized(NioEventLoop.java:579)
	at org.apache.ratis.thirdparty.io.netty.channel.nio.NioEventLoop.processSelectedKeys(NioEventLoop.java:496)
	at org.apache.ratis.thirdparty.io.netty.channel.nio.NioEventLoop.run(NioEventLoop.java:458)
	at org.apache.ratis.thirdparty.io.netty.util.concurrent.SingleThreadEventExecutor$5.run(SingleThreadEventExecutor.java:897)
	at org.apache.ratis.thirdparty.io.netty.util.concurrent.FastThreadLocalRunnable.run(FastThreadLocalRunnable.java:30)
	... 1 more
Caused by: java.net.ConnectException: Connection refused
	... 11 more
2019-09-09 05:44:20,910 [bc5c2372-d7f1-4de5-bb1b-5feb1335ebc5@group-8F5511676960:LeaderElection71] INFO  impl.LeaderElection (LeaderElection.java:logAndReturn(56)) - bc5c2372-d7f1-4de5-bb1b-5feb1335ebc5@group-8F5511676960:LeaderElection71: Election REJECTED; received 0 response(s) [] and 2 exception(s); bc5c2372-d7f1-4de5-bb1b-5feb1335ebc5@group-8F5511676960:t3, leader=null, voted=bc5c2372-d7f1-4de5-bb1b-5feb1335ebc5, raftlog=bc5c2372-d7f1-4de5-bb1b-5feb1335ebc5@group-8F5511676960-SegmentedRaftLog:OPENED:c18,f18,i18, conf=17: [bc5c2372-d7f1-4de5-bb1b-5feb1335ebc5:192.168.34.6:37777, 2ec847ce-af00-4363-8eac-0e7a739063af:192.168.34.6:43731, 6213d06b-cb1c-43dd-962e-e038376d1825:192.168.34.6:37053], old=null
2019-09-09 05:44:20,910 [bc5c2372-d7f1-4de5-bb1b-5feb1335ebc5@group-8F5511676960:LeaderElection71] INFO  impl.LeaderElection (LogUtils.java:infoOrTrace(149)) -   Exception 0: {}
java.util.concurrent.ExecutionException: org.apache.ratis.thirdparty.io.grpc.StatusRuntimeException: UNAVAILABLE: io exception
	at java.util.concurrent.FutureTask.report(FutureTask.java:122)
	at java.util.concurrent.FutureTask.get(FutureTask.java:192)
	at org.apache.ratis.server.impl.LeaderElection.waitForResults(LeaderElection.java:263)
	at org.apache.ratis.server.impl.LeaderElection.askForVotes(LeaderElection.java:201)
	at org.apache.ratis.server.impl.LeaderElection.run(LeaderElection.java:133)
	at java.lang.Thread.run(Thread.java:748)
Caused by: org.apache.ratis.thirdparty.io.grpc.StatusRuntimeException: UNAVAILABLE: io exception
	at org.apache.ratis.thirdparty.io.grpc.stub.ClientCalls.toStatusRuntimeException(ClientCalls.java:233)
	at org.apache.ratis.thirdparty.io.grpc.stub.ClientCalls.getUnchecked(ClientCalls.java:214)
	at org.apache.ratis.thirdparty.io.grpc.stub.ClientCalls.blockingUnaryCall(ClientCalls.java:139)
	at org.apache.ratis.proto.grpc.RaftServerProtocolServiceGrpc$RaftServerProtocolServiceBlockingStub.requestVote(RaftServerProtocolServiceGrpc.java:265)
	at org.apache.ratis.grpc.server.GrpcServerProtocolClient.requestVote(GrpcServerProtocolClient.java:90)
	at org.apache.ratis.grpc.server.GrpcService.requestVote(GrpcService.java:204)
	at org.apache.ratis.server.impl.LeaderElection.lambda$submitRequests$1(LeaderElection.java:238)
	at java.util.concurrent.FutureTask.run(FutureTask.java:266)
	at java.util.concurrent.Executors$RunnableAdapter.call(Executors.java:511)
	at java.util.concurrent.FutureTask.run(FutureTask.java:266)
	at java.util.concurrent.ThreadPoolExecutor.runWorker(ThreadPoolExecutor.java:1149)
	at java.util.concurrent.ThreadPoolExecutor$Worker.run(ThreadPoolExecutor.java:624)
	... 1 more
Caused by: org.apache.ratis.thirdparty.io.netty.channel.AbstractChannel$AnnotatedConnectException: Connection refused: /192.168.34.6:43731
	at sun.nio.ch.SocketChannelImpl.checkConnect(Native Method)
	at sun.nio.ch.SocketChannelImpl.finishConnect(SocketChannelImpl.java:717)
	at org.apache.ratis.thirdparty.io.netty.channel.socket.nio.NioSocketChannel.doFinishConnect(NioSocketChannel.java:327)
	at org.apache.ratis.thirdparty.io.netty.channel.nio.AbstractNioChannel$AbstractNioUnsafe.finishConnect(AbstractNioChannel.java:340)
	at org.apache.ratis.thirdparty.io.netty.channel.nio.NioEventLoop.processSelectedKey(NioEventLoop.java:632)
	at org.apache.ratis.thirdparty.io.netty.channel.nio.NioEventLoop.processSelectedKeysOptimized(NioEventLoop.java:579)
	at org.apache.ratis.thirdparty.io.netty.channel.nio.NioEventLoop.processSelectedKeys(NioEventLoop.java:496)
	at org.apache.ratis.thirdparty.io.netty.channel.nio.NioEventLoop.run(NioEventLoop.java:458)
	at org.apache.ratis.thirdparty.io.netty.util.concurrent.SingleThreadEventExecutor$5.run(SingleThreadEventExecutor.java:897)
	at org.apache.ratis.thirdparty.io.netty.util.concurrent.FastThreadLocalRunnable.run(FastThreadLocalRunnable.java:30)
	... 1 more
Caused by: java.net.ConnectException: Connection refused
	... 11 more
2019-09-09 05:44:20,910 [bc5c2372-d7f1-4de5-bb1b-5feb1335ebc5@group-8F5511676960:LeaderElection71] INFO  impl.LeaderElection (LogUtils.java:infoOrTrace(149)) -   Exception 1: {}
java.util.concurrent.ExecutionException: org.apache.ratis.thirdparty.io.grpc.StatusRuntimeException: UNAVAILABLE: io exception
	at java.util.concurrent.FutureTask.report(FutureTask.java:122)
	at java.util.concurrent.FutureTask.get(FutureTask.java:192)
	at org.apache.ratis.server.impl.LeaderElection.waitForResults(LeaderElection.java:263)
	at org.apache.ratis.server.impl.LeaderElection.askForVotes(LeaderElection.java:201)
	at org.apache.ratis.server.impl.LeaderElection.run(LeaderElection.java:133)
	at java.lang.Thread.run(Thread.java:748)
Caused by: org.apache.ratis.thirdparty.io.grpc.StatusRuntimeException: UNAVAILABLE: io exception
	at org.apache.ratis.thirdparty.io.grpc.stub.ClientCalls.toStatusRuntimeException(ClientCalls.java:233)
	at org.apache.ratis.thirdparty.io.grpc.stub.ClientCalls.getUnchecked(ClientCalls.java:214)
	at org.apache.ratis.thirdparty.io.grpc.stub.ClientCalls.blockingUnaryCall(ClientCalls.java:139)
	at org.apache.ratis.proto.grpc.RaftServerProtocolServiceGrpc$RaftServerProtocolServiceBlockingStub.requestVote(RaftServerProtocolServiceGrpc.java:265)
	at org.apache.ratis.grpc.server.GrpcServerProtocolClient.requestVote(GrpcServerProtocolClient.java:90)
	at org.apache.ratis.grpc.server.GrpcService.requestVote(GrpcService.java:204)
	at org.apache.ratis.server.impl.LeaderElection.lambda$submitRequests$1(LeaderElection.java:238)
	at java.util.concurrent.FutureTask.run(FutureTask.java:266)
	at java.util.concurrent.Executors$RunnableAdapter.call(Executors.java:511)
	at java.util.concurrent.FutureTask.run(FutureTask.java:266)
	at java.util.concurrent.ThreadPoolExecutor.runWorker(ThreadPoolExecutor.java:1149)
	at java.util.concurrent.ThreadPoolExecutor$Worker.run(ThreadPoolExecutor.java:624)
	... 1 more
Caused by: org.apache.ratis.thirdparty.io.netty.channel.AbstractChannel$AnnotatedConnectException: Connection refused: /192.168.34.6:37053
	at sun.nio.ch.SocketChannelImpl.checkConnect(Native Method)
	at sun.nio.ch.SocketChannelImpl.finishConnect(SocketChannelImpl.java:717)
	at org.apache.ratis.thirdparty.io.netty.channel.socket.nio.NioSocketChannel.doFinishConnect(NioSocketChannel.java:327)
	at org.apache.ratis.thirdparty.io.netty.channel.nio.AbstractNioChannel$AbstractNioUnsafe.finishConnect(AbstractNioChannel.java:340)
	at org.apache.ratis.thirdparty.io.netty.channel.nio.NioEventLoop.processSelectedKey(NioEventLoop.java:632)
	at org.apache.ratis.thirdparty.io.netty.channel.nio.NioEventLoop.processSelectedKeysOptimized(NioEventLoop.java:579)
	at org.apache.ratis.thirdparty.io.netty.channel.nio.NioEventLoop.processSelectedKeys(NioEventLoop.java:496)
	at org.apache.ratis.thirdparty.io.netty.channel.nio.NioEventLoop.run(NioEventLoop.java:458)
	at org.apache.ratis.thirdparty.io.netty.util.concurrent.SingleThreadEventExecutor$5.run(SingleThreadEventExecutor.java:897)
	at org.apache.ratis.thirdparty.io.netty.util.concurrent.FastThreadLocalRunnable.run(FastThreadLocalRunnable.java:30)
	... 1 more
Caused by: java.net.ConnectException: Connection refused
	... 11 more
2019-09-09 05:44:20,911 [bc5c2372-d7f1-4de5-bb1b-5feb1335ebc5@group-8F5511676960:LeaderElection71] INFO  impl.RaftServerImpl (RaftServerImpl.java:setRole(174)) - bc5c2372-d7f1-4de5-bb1b-5feb1335ebc5@group-8F5511676960: changes role from CANDIDATE to FOLLOWER at term 3 for DISCOVERED_A_NEW_TERM
2019-09-09 05:44:20,911 [bc5c2372-d7f1-4de5-bb1b-5feb1335ebc5@group-8F5511676960:LeaderElection71] INFO  impl.RoleInfo (RoleInfo.java:shutdownLeaderElection(134)) - bc5c2372-d7f1-4de5-bb1b-5feb1335ebc5: shutdown LeaderElection
2019-09-09 05:44:20,911 [bc5c2372-d7f1-4de5-bb1b-5feb1335ebc5@group-8F5511676960:LeaderElection71] INFO  impl.RoleInfo (RoleInfo.java:updateAndGet(143)) - bc5c2372-d7f1-4de5-bb1b-5feb1335ebc5: start FollowerState
2019-09-09 05:44:21,232 [EventQueue-StaleNodeForStaleNodeHandler] INFO  node.StaleNodeHandler (StaleNodeHandler.java:onMessage(58)) - Datanode 6fc22dfd-3a97-447f-a6d6-c779b06b49db{ip: 192.168.34.6, host: trunk-nightly-20190909-tk4cs-374463008, networkLocation: /default-rack, certSerialId: null} moved to stale state. Finalizing its pipelines [PipelineID=8f69261e-5061-482c-9837-d45eba88e10c, PipelineID=0fac219c-c5d6-462e-99a2-e6a06ffdb88d]
2019-09-09 05:44:21,235 [EventQueue-StaleNodeForStaleNodeHandler] INFO  pipeline.SCMPipelineManager (SCMPipelineManager.java:finalizeAndDestroyPipeline(311)) - destroying pipeline:Pipeline[ Id: 8f69261e-5061-482c-9837-d45eba88e10c, Nodes: 6fc22dfd-3a97-447f-a6d6-c779b06b49db{ip: 192.168.34.6, host: trunk-nightly-20190909-tk4cs-374463008, networkLocation: /default-rack, certSerialId: null}, Type:RATIS, Factor:ONE, State:OPEN]
2019-09-09 05:44:21,235 [EventQueue-StaleNodeForStaleNodeHandler] INFO  pipeline.PipelineStateManager (PipelineStateManager.java:finalizePipeline(123)) - Pipeline Pipeline[ Id: 8f69261e-5061-482c-9837-d45eba88e10c, Nodes: 6fc22dfd-3a97-447f-a6d6-c779b06b49db{ip: 192.168.34.6, host: trunk-nightly-20190909-tk4cs-374463008, networkLocation: /default-rack, certSerialId: null}, Type:RATIS, Factor:ONE, State:CLOSED] moved to CLOSED state
2019-09-09 05:44:21,236 [EventQueue-StaleNodeForStaleNodeHandler] INFO  pipeline.SCMPipelineManager (SCMPipelineManager.java:finalizeAndDestroyPipeline(311)) - destroying pipeline:Pipeline[ Id: 0fac219c-c5d6-462e-99a2-e6a06ffdb88d, Nodes: eb1f2c76-46e5-42c5-beea-0ca89a39be26{ip: 192.168.34.6, host: trunk-nightly-20190909-tk4cs-374463008, networkLocation: /default-rack, certSerialId: null}6fc22dfd-3a97-447f-a6d6-c779b06b49db{ip: 192.168.34.6, host: trunk-nightly-20190909-tk4cs-374463008, networkLocation: /default-rack, certSerialId: null}7266534e-3c5c-4a76-a198-926e09974878{ip: 192.168.34.6, host: trunk-nightly-20190909-tk4cs-374463008, networkLocation: /default-rack, certSerialId: null}, Type:RATIS, Factor:THREE, State:CLOSED]
2019-09-09 05:44:21,333 [EventQueue-StaleNodeForStaleNodeHandler] INFO  node.StaleNodeHandler (StaleNodeHandler.java:onMessage(58)) - Datanode bc5c2372-d7f1-4de5-bb1b-5feb1335ebc5{ip: 192.168.34.6, host: trunk-nightly-20190909-tk4cs-374463008, networkLocation: /default-rack, certSerialId: null} moved to stale state. Finalizing its pipelines [PipelineID=e341923d-37ee-4440-995b-f0f7eec9e1e6, PipelineID=8e3f610c-5191-460c-b95f-8f5511676960]
2019-09-09 05:44:21,333 [EventQueue-StaleNodeForStaleNodeHandler] INFO  pipeline.SCMPipelineManager (SCMPipelineManager.java:finalizeAndDestroyPipeline(311)) - destroying pipeline:Pipeline[ Id: e341923d-37ee-4440-995b-f0f7eec9e1e6, Nodes: bc5c2372-d7f1-4de5-bb1b-5feb1335ebc5{ip: 192.168.34.6, host: trunk-nightly-20190909-tk4cs-374463008, networkLocation: /default-rack, certSerialId: null}, Type:RATIS, Factor:ONE, State:OPEN]
2019-09-09 05:44:21,333 [EventQueue-StaleNodeForStaleNodeHandler] INFO  pipeline.PipelineStateManager (PipelineStateManager.java:finalizePipeline(123)) - Pipeline Pipeline[ Id: e341923d-37ee-4440-995b-f0f7eec9e1e6, Nodes: bc5c2372-d7f1-4de5-bb1b-5feb1335ebc5{ip: 192.168.34.6, host: trunk-nightly-20190909-tk4cs-374463008, networkLocation: /default-rack, certSerialId: null}, Type:RATIS, Factor:ONE, State:CLOSED] moved to CLOSED state
2019-09-09 05:44:21,333 [EventQueue-StaleNodeForStaleNodeHandler] INFO  pipeline.SCMPipelineManager (SCMPipelineManager.java:finalizeAndDestroyPipeline(311)) - destroying pipeline:Pipeline[ Id: 8e3f610c-5191-460c-b95f-8f5511676960, Nodes: 6213d06b-cb1c-43dd-962e-e038376d1825{ip: 192.168.34.6, host: trunk-nightly-20190909-tk4cs-374463008, networkLocation: /default-rack, certSerialId: null}bc5c2372-d7f1-4de5-bb1b-5feb1335ebc5{ip: 192.168.34.6, host: trunk-nightly-20190909-tk4cs-374463008, networkLocation: /default-rack, certSerialId: null}2ec847ce-af00-4363-8eac-0e7a739063af{ip: 192.168.34.6, host: trunk-nightly-20190909-tk4cs-374463008, networkLocation: /default-rack, certSerialId: null}, Type:RATIS, Factor:THREE, State:CLOSED]
2019-09-09 05:44:21,553 [main] INFO  ozoneimpl.OzoneContainer (OzoneContainer.java:stop(231)) - Attempting to stop container services.
2019-09-09 05:44:21,553 [ForkJoinPool.commonPool-worker-1] INFO  ozoneimpl.OzoneContainer (OzoneContainer.java:stop(231)) - Attempting to stop container services.
2019-09-09 05:44:21,564 [main] INFO  impl.RaftServerProxy (RaftServerProxy.java:lambda$close$4(314)) - bc5c2372-d7f1-4de5-bb1b-5feb1335ebc5: close
2019-09-09 05:44:21,564 [ForkJoinPool.commonPool-worker-1] INFO  impl.RaftServerProxy (RaftServerProxy.java:lambda$close$4(314)) - 6fc22dfd-3a97-447f-a6d6-c779b06b49db: close
2019-09-09 05:44:21,564 [main] INFO  impl.RaftServerImpl (RaftServerImpl.java:lambda$shutdown$3(251)) - bc5c2372-d7f1-4de5-bb1b-5feb1335ebc5@group-F0F7EEC9E1E6: shutdown
2019-09-09 05:44:21,565 [ForkJoinPool.commonPool-worker-1] INFO  impl.RaftServerImpl (RaftServerImpl.java:lambda$shutdown$3(251)) - 6fc22dfd-3a97-447f-a6d6-c779b06b49db@group-D45EBA88E10C: shutdown
2019-09-09 05:44:21,565 [main] INFO  util.JmxRegister (JmxRegister.java:unregister(73)) - Successfully un-registered JMX Bean with object name Ratis:service=RaftServer,group=group-F0F7EEC9E1E6,id=bc5c2372-d7f1-4de5-bb1b-5feb1335ebc5
2019-09-09 05:44:21,565 [ForkJoinPool.commonPool-worker-1] INFO  util.JmxRegister (JmxRegister.java:unregister(73)) - Successfully un-registered JMX Bean with object name Ratis:service=RaftServer,group=group-D45EBA88E10C,id=6fc22dfd-3a97-447f-a6d6-c779b06b49db
2019-09-09 05:44:21,565 [main] INFO  impl.RoleInfo (RoleInfo.java:shutdownLeaderState(104)) - bc5c2372-d7f1-4de5-bb1b-5feb1335ebc5: shutdown LeaderState
2019-09-09 05:44:21,565 [ForkJoinPool.commonPool-worker-1] INFO  impl.RoleInfo (RoleInfo.java:shutdownLeaderState(104)) - 6fc22dfd-3a97-447f-a6d6-c779b06b49db: shutdown LeaderState
2019-09-09 05:44:21,566 [main] INFO  impl.PendingRequests (PendingRequests.java:sendNotLeaderResponses(202)) - bc5c2372-d7f1-4de5-bb1b-5feb1335ebc5-PendingRequests: sendNotLeaderResponses
2019-09-09 05:44:21,566 [ForkJoinPool.commonPool-worker-1] INFO  impl.PendingRequests (PendingRequests.java:sendNotLeaderResponses(202)) - 6fc22dfd-3a97-447f-a6d6-c779b06b49db-PendingRequests: sendNotLeaderResponses
2019-09-09 05:44:21,566 [main] INFO  impl.StateMachineUpdater (StateMachineUpdater.java:stopAndJoin(125)) - bc5c2372-d7f1-4de5-bb1b-5feb1335ebc5@group-F0F7EEC9E1E6-StateMachineUpdater: set stopIndex = 0
2019-09-09 05:44:21,566 [ForkJoinPool.commonPool-worker-1] INFO  impl.StateMachineUpdater (StateMachineUpdater.java:stopAndJoin(125)) - 6fc22dfd-3a97-447f-a6d6-c779b06b49db@group-D45EBA88E10C-StateMachineUpdater: set stopIndex = 0
2019-09-09 05:44:21,567 [main] INFO  impl.RaftServerImpl (ServerState.java:close(385)) - bc5c2372-d7f1-4de5-bb1b-5feb1335ebc5@group-F0F7EEC9E1E6: closes. applyIndex: 0
2019-09-09 05:44:21,567 [ForkJoinPool.commonPool-worker-1] INFO  impl.RaftServerImpl (ServerState.java:close(385)) - 6fc22dfd-3a97-447f-a6d6-c779b06b49db@group-D45EBA88E10C: closes. applyIndex: 0
2019-09-09 05:44:21,567 [bc5c2372-d7f1-4de5-bb1b-5feb1335ebc5@group-F0F7EEC9E1E6-SegmentedRaftLogWorker] INFO  segmented.SegmentedRaftLogWorker (SegmentedRaftLogWorker.java:run(313)) - bc5c2372-d7f1-4de5-bb1b-5feb1335ebc5@group-F0F7EEC9E1E6-SegmentedRaftLogWorker was interrupted, exiting. There are 0 tasks remaining in the queue.
2019-09-09 05:44:21,568 [6fc22dfd-3a97-447f-a6d6-c779b06b49db@group-D45EBA88E10C-SegmentedRaftLogWorker] INFO  segmented.SegmentedRaftLogWorker (SegmentedRaftLogWorker.java:run(313)) - 6fc22dfd-3a97-447f-a6d6-c779b06b49db@group-D45EBA88E10C-SegmentedRaftLogWorker was interrupted, exiting. There are 0 tasks remaining in the queue.
2019-09-09 05:44:21,570 [main] INFO  segmented.SegmentedRaftLogWorker (SegmentedRaftLogWorker.java:close(228)) - bc5c2372-d7f1-4de5-bb1b-5feb1335ebc5@group-F0F7EEC9E1E6-SegmentedRaftLogWorker close()
2019-09-09 05:44:21,572 [ForkJoinPool.commonPool-worker-1] INFO  segmented.SegmentedRaftLogWorker (SegmentedRaftLogWorker.java:close(228)) - 6fc22dfd-3a97-447f-a6d6-c779b06b49db@group-D45EBA88E10C-SegmentedRaftLogWorker close()
2019-09-09 05:44:21,576 [main] INFO  impl.RaftServerImpl (RaftServerImpl.java:lambda$shutdown$3(251)) - bc5c2372-d7f1-4de5-bb1b-5feb1335ebc5@group-8F5511676960: shutdown
2019-09-09 05:44:21,579 [ForkJoinPool.commonPool-worker-1] INFO  impl.RaftServerImpl (RaftServerImpl.java:lambda$shutdown$3(251)) - 6fc22dfd-3a97-447f-a6d6-c779b06b49db@group-E6A06FFDB88D: shutdown
2019-09-09 05:44:21,579 [main] INFO  util.JmxRegister (JmxRegister.java:unregister(73)) - Successfully un-registered JMX Bean with object name Ratis:service=RaftServer,group=group-8F5511676960,id=bc5c2372-d7f1-4de5-bb1b-5feb1335ebc5
2019-09-09 05:44:21,579 [ForkJoinPool.commonPool-worker-1] INFO  util.JmxRegister (JmxRegister.java:unregister(73)) - Successfully un-registered JMX Bean with object name Ratis:service=RaftServer,group=group-E6A06FFDB88D,id=6fc22dfd-3a97-447f-a6d6-c779b06b49db
2019-09-09 05:44:21,580 [main] INFO  impl.RoleInfo (RoleInfo.java:shutdownFollowerState(121)) - bc5c2372-d7f1-4de5-bb1b-5feb1335ebc5: shutdown FollowerState
2019-09-09 05:44:21,580 [ForkJoinPool.commonPool-worker-1] INFO  impl.RoleInfo (RoleInfo.java:shutdownFollowerState(121)) - 6fc22dfd-3a97-447f-a6d6-c779b06b49db: shutdown FollowerState
2019-09-09 05:44:21,580 [bc5c2372-d7f1-4de5-bb1b-5feb1335ebc5@group-8F5511676960-StateMachineUpdater] INFO  ratis.ContainerStateMachine (ContainerStateMachine.java:takeSnapshot(289)) - group-8F5511676960: Taking a snapshot at:(t:1, i:14) file /workdir/hadoop-ozone/integration-test/target/test-dir/MiniOzoneClusterImpl-a69cff32-9aaa-43e1-bc72-d1174bd05902/datanode-3/data/ratis/8e3f610c-5191-460c-b95f-8f5511676960/sm/snapshot.1_14
2019-09-09 05:44:21,580 [Thread-3313] INFO  impl.FollowerState (FollowerState.java:run(115)) - bc5c2372-d7f1-4de5-bb1b-5feb1335ebc5: FollowerState was interrupted: java.lang.InterruptedException: sleep interrupted
2019-09-09 05:44:21,580 [main] INFO  impl.StateMachineUpdater (StateMachineUpdater.java:stopAndJoin(125)) - bc5c2372-d7f1-4de5-bb1b-5feb1335ebc5@group-8F5511676960-StateMachineUpdater: set stopIndex = 18
2019-09-09 05:44:21,580 [6fc22dfd-3a97-447f-a6d6-c779b06b49db@group-E6A06FFDB88D-StateMachineUpdater] INFO  ratis.ContainerStateMachine (ContainerStateMachine.java:takeSnapshot(289)) - group-E6A06FFDB88D: Taking a snapshot at:(t:1, i:14) file /workdir/hadoop-ozone/integration-test/target/test-dir/MiniOzoneClusterImpl-a69cff32-9aaa-43e1-bc72-d1174bd05902/datanode-2/data/ratis/0fac219c-c5d6-462e-99a2-e6a06ffdb88d/sm/snapshot.1_14
2019-09-09 05:44:21,580 [Thread-3105] INFO  impl.FollowerState (FollowerState.java:run(115)) - 6fc22dfd-3a97-447f-a6d6-c779b06b49db: FollowerState was interrupted: java.lang.InterruptedException: sleep interrupted
2019-09-09 05:44:21,580 [ForkJoinPool.commonPool-worker-1] INFO  impl.StateMachineUpdater (StateMachineUpdater.java:stopAndJoin(125)) - 6fc22dfd-3a97-447f-a6d6-c779b06b49db@group-E6A06FFDB88D-StateMachineUpdater: set stopIndex = 16
2019-09-09 05:44:21,597 [bc5c2372-d7f1-4de5-bb1b-5feb1335ebc5@group-8F5511676960-StateMachineUpdater] INFO  ratis.ContainerStateMachine (ContainerStateMachine.java:takeSnapshot(300)) - group-8F5511676960: Finished taking a snapshot at:(t:1, i:14) file:/workdir/hadoop-ozone/integration-test/target/test-dir/MiniOzoneClusterImpl-a69cff32-9aaa-43e1-bc72-d1174bd05902/datanode-3/data/ratis/8e3f610c-5191-460c-b95f-8f5511676960/sm/snapshot.1_14 time:16
2019-09-09 05:44:21,597 [6fc22dfd-3a97-447f-a6d6-c779b06b49db@group-E6A06FFDB88D-StateMachineUpdater] INFO  ratis.ContainerStateMachine (ContainerStateMachine.java:takeSnapshot(300)) - group-E6A06FFDB88D: Finished taking a snapshot at:(t:1, i:14) file:/workdir/hadoop-ozone/integration-test/target/test-dir/MiniOzoneClusterImpl-a69cff32-9aaa-43e1-bc72-d1174bd05902/datanode-2/data/ratis/0fac219c-c5d6-462e-99a2-e6a06ffdb88d/sm/snapshot.1_14 time:16
2019-09-09 05:44:21,597 [bc5c2372-d7f1-4de5-bb1b-5feb1335ebc5@group-8F5511676960-StateMachineUpdater] INFO  impl.StateMachineUpdater (StateMachineUpdater.java:takeSnapshot(258)) - bc5c2372-d7f1-4de5-bb1b-5feb1335ebc5@group-8F5511676960-StateMachineUpdater: Took a snapshot at index 14
2019-09-09 05:44:21,597 [6fc22dfd-3a97-447f-a6d6-c779b06b49db@group-E6A06FFDB88D-StateMachineUpdater] INFO  impl.StateMachineUpdater (StateMachineUpdater.java:takeSnapshot(258)) - 6fc22dfd-3a97-447f-a6d6-c779b06b49db@group-E6A06FFDB88D-StateMachineUpdater: Took a snapshot at index 14
2019-09-09 05:44:21,597 [bc5c2372-d7f1-4de5-bb1b-5feb1335ebc5@group-8F5511676960-StateMachineUpdater] INFO  impl.StateMachineUpdater (StateMachineUpdater.java:lambda$new$0(83)) - bc5c2372-d7f1-4de5-bb1b-5feb1335ebc5@group-8F5511676960-StateMachineUpdater: snapshotIndex: updateIncreasingly -1 -> 14
2019-09-09 05:44:21,598 [6fc22dfd-3a97-447f-a6d6-c779b06b49db@group-E6A06FFDB88D-StateMachineUpdater] INFO  impl.StateMachineUpdater (StateMachineUpdater.java:lambda$new$0(83)) - 6fc22dfd-3a97-447f-a6d6-c779b06b49db@group-E6A06FFDB88D-StateMachineUpdater: snapshotIndex: updateIncreasingly -1 -> 14
2019-09-09 05:44:21,598 [bc5c2372-d7f1-4de5-bb1b-5feb1335ebc5@group-8F5511676960-StateMachineUpdater] INFO  ratis.ContainerStateMachine (ContainerStateMachine.java:takeSnapshot(289)) - group-8F5511676960: Taking a snapshot at:(t:1, i:14) file /workdir/hadoop-ozone/integration-test/target/test-dir/MiniOzoneClusterImpl-a69cff32-9aaa-43e1-bc72-d1174bd05902/datanode-3/data/ratis/8e3f610c-5191-460c-b95f-8f5511676960/sm/snapshot.1_14
2019-09-09 05:44:21,598 [6fc22dfd-3a97-447f-a6d6-c779b06b49db@group-E6A06FFDB88D-StateMachineUpdater] INFO  ratis.ContainerStateMachine (ContainerStateMachine.java:takeSnapshot(289)) - group-E6A06FFDB88D: Taking a snapshot at:(t:1, i:14) file /workdir/hadoop-ozone/integration-test/target/test-dir/MiniOzoneClusterImpl-a69cff32-9aaa-43e1-bc72-d1174bd05902/datanode-2/data/ratis/0fac219c-c5d6-462e-99a2-e6a06ffdb88d/sm/snapshot.1_14
2019-09-09 05:44:21,612 [bc5c2372-d7f1-4de5-bb1b-5feb1335ebc5@group-8F5511676960-StateMachineUpdater] INFO  ratis.ContainerStateMachine (ContainerStateMachine.java:takeSnapshot(300)) - group-8F5511676960: Finished taking a snapshot at:(t:1, i:14) file:/workdir/hadoop-ozone/integration-test/target/test-dir/MiniOzoneClusterImpl-a69cff32-9aaa-43e1-bc72-d1174bd05902/datanode-3/data/ratis/8e3f610c-5191-460c-b95f-8f5511676960/sm/snapshot.1_14 time:14
2019-09-09 05:44:21,612 [6fc22dfd-3a97-447f-a6d6-c779b06b49db@group-E6A06FFDB88D-StateMachineUpdater] INFO  ratis.ContainerStateMachine (ContainerStateMachine.java:takeSnapshot(300)) - group-E6A06FFDB88D: Finished taking a snapshot at:(t:1, i:14) file:/workdir/hadoop-ozone/integration-test/target/test-dir/MiniOzoneClusterImpl-a69cff32-9aaa-43e1-bc72-d1174bd05902/datanode-2/data/ratis/0fac219c-c5d6-462e-99a2-e6a06ffdb88d/sm/snapshot.1_14 time:14
2019-09-09 05:44:21,612 [bc5c2372-d7f1-4de5-bb1b-5feb1335ebc5@group-8F5511676960-StateMachineUpdater] INFO  impl.StateMachineUpdater (StateMachineUpdater.java:takeSnapshot(258)) - bc5c2372-d7f1-4de5-bb1b-5feb1335ebc5@group-8F5511676960-StateMachineUpdater: Took a snapshot at index 14
2019-09-09 05:44:21,612 [6fc22dfd-3a97-447f-a6d6-c779b06b49db@group-E6A06FFDB88D-StateMachineUpdater] INFO  impl.StateMachineUpdater (StateMachineUpdater.java:takeSnapshot(258)) - 6fc22dfd-3a97-447f-a6d6-c779b06b49db@group-E6A06FFDB88D-StateMachineUpdater: Took a snapshot at index 14
2019-09-09 05:44:21,612 [bc5c2372-d7f1-4de5-bb1b-5feb1335ebc5@group-8F5511676960-StateMachineUpdater] INFO  impl.StateMachineUpdater (StateMachineUpdater.java:lambda$new$0(83)) - bc5c2372-d7f1-4de5-bb1b-5feb1335ebc5@group-8F5511676960-StateMachineUpdater: snapshotIndex: updateIncreasingly 14 -> 14
2019-09-09 05:44:21,612 [6fc22dfd-3a97-447f-a6d6-c779b06b49db@group-E6A06FFDB88D-StateMachineUpdater] INFO  impl.StateMachineUpdater (StateMachineUpdater.java:lambda$new$0(83)) - 6fc22dfd-3a97-447f-a6d6-c779b06b49db@group-E6A06FFDB88D-StateMachineUpdater: snapshotIndex: updateIncreasingly 14 -> 14
2019-09-09 05:44:21,612 [main] INFO  impl.RaftServerImpl (ServerState.java:close(385)) - bc5c2372-d7f1-4de5-bb1b-5feb1335ebc5@group-8F5511676960: closes. applyIndex: 18
2019-09-09 05:44:21,612 [ForkJoinPool.commonPool-worker-1] INFO  impl.RaftServerImpl (ServerState.java:close(385)) - 6fc22dfd-3a97-447f-a6d6-c779b06b49db@group-E6A06FFDB88D: closes. applyIndex: 16
2019-09-09 05:44:21,613 [bc5c2372-d7f1-4de5-bb1b-5feb1335ebc5@group-8F5511676960-SegmentedRaftLogWorker] INFO  segmented.SegmentedRaftLogWorker (SegmentedRaftLogWorker.java:run(313)) - bc5c2372-d7f1-4de5-bb1b-5feb1335ebc5@group-8F5511676960-SegmentedRaftLogWorker was interrupted, exiting. There are 0 tasks remaining in the queue.
2019-09-09 05:44:21,613 [6fc22dfd-3a97-447f-a6d6-c779b06b49db@group-E6A06FFDB88D-SegmentedRaftLogWorker] INFO  segmented.SegmentedRaftLogWorker (SegmentedRaftLogWorker.java:run(313)) - 6fc22dfd-3a97-447f-a6d6-c779b06b49db@group-E6A06FFDB88D-SegmentedRaftLogWorker was interrupted, exiting. There are 0 tasks remaining in the queue.
2019-09-09 05:44:21,615 [main] INFO  segmented.SegmentedRaftLogWorker (SegmentedRaftLogWorker.java:close(228)) - bc5c2372-d7f1-4de5-bb1b-5feb1335ebc5@group-8F5511676960-SegmentedRaftLogWorker close()
2019-09-09 05:44:21,617 [ForkJoinPool.commonPool-worker-1] INFO  segmented.SegmentedRaftLogWorker (SegmentedRaftLogWorker.java:close(228)) - 6fc22dfd-3a97-447f-a6d6-c779b06b49db@group-E6A06FFDB88D-SegmentedRaftLogWorker close()
2019-09-09 05:44:21,622 [main] INFO  server.GrpcService (GrpcService.java:closeImpl(164)) - bc5c2372-d7f1-4de5-bb1b-5feb1335ebc5: shutdown server with port 37777 now
2019-09-09 05:44:21,626 [ForkJoinPool.commonPool-worker-1] INFO  server.GrpcService (GrpcService.java:closeImpl(164)) - 6fc22dfd-3a97-447f-a6d6-c779b06b49db: shutdown server with port 37758 now
2019-09-09 05:44:21,626 [ForkJoinPool.commonPool-worker-1] INFO  server.GrpcService (GrpcService.java:closeImpl(172)) - 6fc22dfd-3a97-447f-a6d6-c779b06b49db: shutdown server with port 37758 successfully
2019-09-09 05:44:21,627 [main] INFO  server.GrpcService (GrpcService.java:closeImpl(172)) - bc5c2372-d7f1-4de5-bb1b-5feb1335ebc5: shutdown server with port 37777 successfully
2019-09-09 05:44:21,630 [refreshUsed-/workdir/hadoop-ozone/integration-test/target/test-dir/MiniOzoneClusterImpl-a69cff32-9aaa-43e1-bc72-d1174bd05902/datanode-3/data/containers] WARN  fs.CachingGetSpaceUsed (CachingGetSpaceUsed.java:run(183)) - Thread Interrupted waiting to refresh disk information: sleep interrupted
2019-09-09 05:44:21,631 [refreshUsed-/workdir/hadoop-ozone/integration-test/target/test-dir/MiniOzoneClusterImpl-a69cff32-9aaa-43e1-bc72-d1174bd05902/datanode-2/data/containers] WARN  fs.CachingGetSpaceUsed (CachingGetSpaceUsed.java:run(183)) - Thread Interrupted waiting to refresh disk information: sleep interrupted
2019-09-09 05:44:21,651 [ForkJoinPool.commonPool-worker-1] INFO  utils.BackgroundService (BackgroundService.java:shutdown(148)) - Shutting down service BlockDeletingService
2019-09-09 05:44:21,655 [ForkJoinPool.commonPool-worker-1] INFO  statemachine.DatanodeStateMachine (DatanodeStateMachine.java:stopDaemon(395)) - Ozone container server stopped.
2019-09-09 05:44:21,660 [ForkJoinPool.commonPool-worker-1] INFO  handler.ContextHandler (ContextHandler.java:doStop(910)) - Stopped o.e.j.w.WebAppContext@3a3f96ab{/,null,UNAVAILABLE}{/hddsDatanode}
2019-09-09 05:44:21,661 [ForkJoinPool.commonPool-worker-1] INFO  server.AbstractConnector (AbstractConnector.java:doStop(318)) - Stopped ServerConnector@4def7d36{HTTP/1.1,[http/1.1]}{0.0.0.0:0}
2019-09-09 05:44:21,661 [ForkJoinPool.commonPool-worker-1] INFO  handler.ContextHandler (ContextHandler.java:doStop(910)) - Stopped o.e.j.s.ServletContextHandler@544e3679{/static,jar:file:/home/user/.m2/repository/org/apache/hadoop/hadoop-hdds-container-service/0.5.0-SNAPSHOT/hadoop-hdds-container-service-0.5.0-SNAPSHOT.jar!/webapps/static,UNAVAILABLE}
2019-09-09 05:44:21,662 [ForkJoinPool.commonPool-worker-1] INFO  handler.ContextHandler (ContextHandler.java:doStop(910)) - Stopped o.e.j.s.ServletContextHandler@23bd0c81{/logs,file:///workdir/hadoop-ozone/integration-test/target/log,UNAVAILABLE}
2019-09-09 05:44:21,665 [main] INFO  utils.BackgroundService (BackgroundService.java:shutdown(148)) - Shutting down service BlockDeletingService
2019-09-09 05:44:21,669 [main] INFO  statemachine.DatanodeStateMachine (DatanodeStateMachine.java:stopDaemon(395)) - Ozone container server stopped.
2019-09-09 05:44:21,670 [main] INFO  handler.ContextHandler (ContextHandler.java:doStop(910)) - Stopped o.e.j.w.WebAppContext@52ba685a{/,null,UNAVAILABLE}{/hddsDatanode}
2019-09-09 05:44:21,671 [main] INFO  server.AbstractConnector (AbstractConnector.java:doStop(318)) - Stopped ServerConnector@63d677f5{HTTP/1.1,[http/1.1]}{0.0.0.0:0}
2019-09-09 05:44:21,671 [main] INFO  handler.ContextHandler (ContextHandler.java:doStop(910)) - Stopped o.e.j.s.ServletContextHandler@62f9c790{/static,jar:file:/home/user/.m2/repository/org/apache/hadoop/hadoop-hdds-container-service/0.5.0-SNAPSHOT/hadoop-hdds-container-service-0.5.0-SNAPSHOT.jar!/webapps/static,UNAVAILABLE}
2019-09-09 05:44:21,672 [main] INFO  handler.ContextHandler (ContextHandler.java:doStop(910)) - Stopped o.e.j.s.ServletContextHandler@19662208{/logs,file:///workdir/hadoop-ozone/integration-test/target/log,UNAVAILABLE}
2019-09-09 05:44:22,005 [Datanode State Machine Thread - 0] INFO  statemachine.DatanodeStateMachine (DatanodeStateMachine.java:lambda$startDaemon$0(350)) - Ozone container server started.
2019-09-09 05:44:22,245 [Datanode State Machine Thread - 0] INFO  statemachine.DatanodeStateMachine (DatanodeStateMachine.java:lambda$startDaemon$0(350)) - Ozone container server started.
2019-09-09 05:44:25,463 [Thread-3106] INFO  impl.FollowerState (FollowerState.java:run(106)) - 7266534e-3c5c-4a76-a198-926e09974878:group-E6A06FFDB88D changes to CANDIDATE, lastRpcTime:9051, electionTimeout:5054ms
2019-09-09 05:44:25,463 [Thread-3106] INFO  impl.RoleInfo (RoleInfo.java:shutdownFollowerState(121)) - 7266534e-3c5c-4a76-a198-926e09974878: shutdown FollowerState
2019-09-09 05:44:25,464 [Thread-3106] INFO  impl.RaftServerImpl (RaftServerImpl.java:setRole(174)) - 7266534e-3c5c-4a76-a198-926e09974878@group-E6A06FFDB88D: changes role from  FOLLOWER to CANDIDATE at term 1 for changeToCandidate
2019-09-09 05:44:25,464 [Thread-3106] INFO  impl.RoleInfo (RoleInfo.java:updateAndGet(143)) - 7266534e-3c5c-4a76-a198-926e09974878: start LeaderElection
2019-09-09 05:44:25,468 [7266534e-3c5c-4a76-a198-926e09974878@group-E6A06FFDB88D:LeaderElection72] INFO  impl.RaftServerImpl (ServerState.java:setLeader(253)) - 7266534e-3c5c-4a76-a198-926e09974878@group-E6A06FFDB88D: change Leader from eb1f2c76-46e5-42c5-beea-0ca89a39be26 to null at term 1 for initElection
2019-09-09 05:44:25,484 [7266534e-3c5c-4a76-a198-926e09974878@group-E6A06FFDB88D:LeaderElection72] INFO  impl.LeaderElection (LeaderElection.java:askForVotes(182)) - 7266534e-3c5c-4a76-a198-926e09974878@group-E6A06FFDB88D:LeaderElection72: begin an election at term 2 for 0: [eb1f2c76-46e5-42c5-beea-0ca89a39be26:192.168.34.6:38837, 7266534e-3c5c-4a76-a198-926e09974878:192.168.34.6:44088, 6fc22dfd-3a97-447f-a6d6-c779b06b49db:192.168.34.6:37758], old=null
2019-09-09 05:44:25,490 [7266534e-3c5c-4a76-a198-926e09974878@group-E6A06FFDB88D:LeaderElection72] INFO  impl.LeaderElection (LogUtils.java:infoOrTrace(149)) - 7266534e-3c5c-4a76-a198-926e09974878@group-E6A06FFDB88D:LeaderElection72 got exception when requesting votes: {}
java.util.concurrent.ExecutionException: org.apache.ratis.thirdparty.io.grpc.StatusRuntimeException: UNAVAILABLE: io exception
	at java.util.concurrent.FutureTask.report(FutureTask.java:122)
	at java.util.concurrent.FutureTask.get(FutureTask.java:192)
	at org.apache.ratis.server.impl.LeaderElection.waitForResults(LeaderElection.java:263)
	at org.apache.ratis.server.impl.LeaderElection.askForVotes(LeaderElection.java:201)
	at org.apache.ratis.server.impl.LeaderElection.run(LeaderElection.java:133)
	at java.lang.Thread.run(Thread.java:748)
Caused by: org.apache.ratis.thirdparty.io.grpc.StatusRuntimeException: UNAVAILABLE: io exception
	at org.apache.ratis.thirdparty.io.grpc.stub.ClientCalls.toStatusRuntimeException(ClientCalls.java:233)
	at org.apache.ratis.thirdparty.io.grpc.stub.ClientCalls.getUnchecked(ClientCalls.java:214)
	at org.apache.ratis.thirdparty.io.grpc.stub.ClientCalls.blockingUnaryCall(ClientCalls.java:139)
	at org.apache.ratis.proto.grpc.RaftServerProtocolServiceGrpc$RaftServerProtocolServiceBlockingStub.requestVote(RaftServerProtocolServiceGrpc.java:265)
	at org.apache.ratis.grpc.server.GrpcServerProtocolClient.requestVote(GrpcServerProtocolClient.java:90)
	at org.apache.ratis.grpc.server.GrpcService.requestVote(GrpcService.java:204)
	at org.apache.ratis.server.impl.LeaderElection.lambda$submitRequests$1(LeaderElection.java:238)
	at java.util.concurrent.FutureTask.run(FutureTask.java:266)
	at java.util.concurrent.Executors$RunnableAdapter.call(Executors.java:511)
	at java.util.concurrent.FutureTask.run(FutureTask.java:266)
	at java.util.concurrent.ThreadPoolExecutor.runWorker(ThreadPoolExecutor.java:1149)
	at java.util.concurrent.ThreadPoolExecutor$Worker.run(ThreadPoolExecutor.java:624)
	... 1 more
Caused by: org.apache.ratis.thirdparty.io.netty.channel.AbstractChannel$AnnotatedConnectException: Connection refused: /192.168.34.6:38837
	at sun.nio.ch.SocketChannelImpl.checkConnect(Native Method)
	at sun.nio.ch.SocketChannelImpl.finishConnect(SocketChannelImpl.java:717)
	at org.apache.ratis.thirdparty.io.netty.channel.socket.nio.NioSocketChannel.doFinishConnect(NioSocketChannel.java:327)
	at org.apache.ratis.thirdparty.io.netty.channel.nio.AbstractNioChannel$AbstractNioUnsafe.finishConnect(AbstractNioChannel.java:340)
	at org.apache.ratis.thirdparty.io.netty.channel.nio.NioEventLoop.processSelectedKey(NioEventLoop.java:632)
	at org.apache.ratis.thirdparty.io.netty.channel.nio.NioEventLoop.processSelectedKeysOptimized(NioEventLoop.java:579)
	at org.apache.ratis.thirdparty.io.netty.channel.nio.NioEventLoop.processSelectedKeys(NioEventLoop.java:496)
	at org.apache.ratis.thirdparty.io.netty.channel.nio.NioEventLoop.run(NioEventLoop.java:458)
	at org.apache.ratis.thirdparty.io.netty.util.concurrent.SingleThreadEventExecutor$5.run(SingleThreadEventExecutor.java:897)
	at org.apache.ratis.thirdparty.io.netty.util.concurrent.FastThreadLocalRunnable.run(FastThreadLocalRunnable.java:30)
	... 1 more
Caused by: java.net.ConnectException: Connection refused
	... 11 more
2019-09-09 05:44:25,492 [7266534e-3c5c-4a76-a198-926e09974878@group-E6A06FFDB88D:LeaderElection72] INFO  impl.LeaderElection (LogUtils.java:infoOrTrace(149)) - 7266534e-3c5c-4a76-a198-926e09974878@group-E6A06FFDB88D:LeaderElection72 got exception when requesting votes: {}
java.util.concurrent.ExecutionException: org.apache.ratis.thirdparty.io.grpc.StatusRuntimeException: UNAVAILABLE: io exception
	at java.util.concurrent.FutureTask.report(FutureTask.java:122)
	at java.util.concurrent.FutureTask.get(FutureTask.java:192)
	at org.apache.ratis.server.impl.LeaderElection.waitForResults(LeaderElection.java:263)
	at org.apache.ratis.server.impl.LeaderElection.askForVotes(LeaderElection.java:201)
	at org.apache.ratis.server.impl.LeaderElection.run(LeaderElection.java:133)
	at java.lang.Thread.run(Thread.java:748)
Caused by: org.apache.ratis.thirdparty.io.grpc.StatusRuntimeException: UNAVAILABLE: io exception
	at org.apache.ratis.thirdparty.io.grpc.stub.ClientCalls.toStatusRuntimeException(ClientCalls.java:233)
	at org.apache.ratis.thirdparty.io.grpc.stub.ClientCalls.getUnchecked(ClientCalls.java:214)
	at org.apache.ratis.thirdparty.io.grpc.stub.ClientCalls.blockingUnaryCall(ClientCalls.java:139)
	at org.apache.ratis.proto.grpc.RaftServerProtocolServiceGrpc$RaftServerProtocolServiceBlockingStub.requestVote(RaftServerProtocolServiceGrpc.java:265)
	at org.apache.ratis.grpc.server.GrpcServerProtocolClient.requestVote(GrpcServerProtocolClient.java:90)
	at org.apache.ratis.grpc.server.GrpcService.requestVote(GrpcService.java:204)
	at org.apache.ratis.server.impl.LeaderElection.lambda$submitRequests$1(LeaderElection.java:238)
	at java.util.concurrent.FutureTask.run(FutureTask.java:266)
	at java.util.concurrent.Executors$RunnableAdapter.call(Executors.java:511)
	at java.util.concurrent.FutureTask.run(FutureTask.java:266)
	at java.util.concurrent.ThreadPoolExecutor.runWorker(ThreadPoolExecutor.java:1149)
	at java.util.concurrent.ThreadPoolExecutor$Worker.run(ThreadPoolExecutor.java:624)
	... 1 more
Caused by: org.apache.ratis.thirdparty.io.netty.channel.AbstractChannel$AnnotatedConnectException: Connection refused: /192.168.34.6:37758
	at sun.nio.ch.SocketChannelImpl.checkConnect(Native Method)
	at sun.nio.ch.SocketChannelImpl.finishConnect(SocketChannelImpl.java:717)
	at org.apache.ratis.thirdparty.io.netty.channel.socket.nio.NioSocketChannel.doFinishConnect(NioSocketChannel.java:327)
	at org.apache.ratis.thirdparty.io.netty.channel.nio.AbstractNioChannel$AbstractNioUnsafe.finishConnect(AbstractNioChannel.java:340)
	at org.apache.ratis.thirdparty.io.netty.channel.nio.NioEventLoop.processSelectedKey(NioEventLoop.java:632)
	at org.apache.ratis.thirdparty.io.netty.channel.nio.NioEventLoop.processSelectedKeysOptimized(NioEventLoop.java:579)
	at org.apache.ratis.thirdparty.io.netty.channel.nio.NioEventLoop.processSelectedKeys(NioEventLoop.java:496)
	at org.apache.ratis.thirdparty.io.netty.channel.nio.NioEventLoop.run(NioEventLoop.java:458)
	at org.apache.ratis.thirdparty.io.netty.util.concurrent.SingleThreadEventExecutor$5.run(SingleThreadEventExecutor.java:897)
	at org.apache.ratis.thirdparty.io.netty.util.concurrent.FastThreadLocalRunnable.run(FastThreadLocalRunnable.java:30)
	... 1 more
Caused by: java.net.ConnectException: Connection refused
	... 11 more
2019-09-09 05:44:25,499 [7266534e-3c5c-4a76-a198-926e09974878@group-E6A06FFDB88D:LeaderElection72] INFO  impl.LeaderElection (LeaderElection.java:logAndReturn(56)) - 7266534e-3c5c-4a76-a198-926e09974878@group-E6A06FFDB88D:LeaderElection72: Election REJECTED; received 0 response(s) [] and 2 exception(s); 7266534e-3c5c-4a76-a198-926e09974878@group-E6A06FFDB88D:t2, leader=null, voted=7266534e-3c5c-4a76-a198-926e09974878, raftlog=7266534e-3c5c-4a76-a198-926e09974878@group-E6A06FFDB88D-SegmentedRaftLog:OPENED:c16,f16,i16, conf=0: [eb1f2c76-46e5-42c5-beea-0ca89a39be26:192.168.34.6:38837, 7266534e-3c5c-4a76-a198-926e09974878:192.168.34.6:44088, 6fc22dfd-3a97-447f-a6d6-c779b06b49db:192.168.34.6:37758], old=null
2019-09-09 05:44:25,499 [7266534e-3c5c-4a76-a198-926e09974878@group-E6A06FFDB88D:LeaderElection72] INFO  impl.LeaderElection (LogUtils.java:infoOrTrace(149)) -   Exception 0: {}
java.util.concurrent.ExecutionException: org.apache.ratis.thirdparty.io.grpc.StatusRuntimeException: UNAVAILABLE: io exception
	at java.util.concurrent.FutureTask.report(FutureTask.java:122)
	at java.util.concurrent.FutureTask.get(FutureTask.java:192)
	at org.apache.ratis.server.impl.LeaderElection.waitForResults(LeaderElection.java:263)
	at org.apache.ratis.server.impl.LeaderElection.askForVotes(LeaderElection.java:201)
	at org.apache.ratis.server.impl.LeaderElection.run(LeaderElection.java:133)
	at java.lang.Thread.run(Thread.java:748)
Caused by: org.apache.ratis.thirdparty.io.grpc.StatusRuntimeException: UNAVAILABLE: io exception
	at org.apache.ratis.thirdparty.io.grpc.stub.ClientCalls.toStatusRuntimeException(ClientCalls.java:233)
	at org.apache.ratis.thirdparty.io.grpc.stub.ClientCalls.getUnchecked(ClientCalls.java:214)
	at org.apache.ratis.thirdparty.io.grpc.stub.ClientCalls.blockingUnaryCall(ClientCalls.java:139)
	at org.apache.ratis.proto.grpc.RaftServerProtocolServiceGrpc$RaftServerProtocolServiceBlockingStub.requestVote(RaftServerProtocolServiceGrpc.java:265)
	at org.apache.ratis.grpc.server.GrpcServerProtocolClient.requestVote(GrpcServerProtocolClient.java:90)
	at org.apache.ratis.grpc.server.GrpcService.requestVote(GrpcService.java:204)
	at org.apache.ratis.server.impl.LeaderElection.lambda$submitRequests$1(LeaderElection.java:238)
	at java.util.concurrent.FutureTask.run(FutureTask.java:266)
	at java.util.concurrent.Executors$RunnableAdapter.call(Executors.java:511)
	at java.util.concurrent.FutureTask.run(FutureTask.java:266)
	at java.util.concurrent.ThreadPoolExecutor.runWorker(ThreadPoolExecutor.java:1149)
	at java.util.concurrent.ThreadPoolExecutor$Worker.run(ThreadPoolExecutor.java:624)
	... 1 more
Caused by: org.apache.ratis.thirdparty.io.netty.channel.AbstractChannel$AnnotatedConnectException: Connection refused: /192.168.34.6:38837
	at sun.nio.ch.SocketChannelImpl.checkConnect(Native Method)
	at sun.nio.ch.SocketChannelImpl.finishConnect(SocketChannelImpl.java:717)
	at org.apache.ratis.thirdparty.io.netty.channel.socket.nio.NioSocketChannel.doFinishConnect(NioSocketChannel.java:327)
	at org.apache.ratis.thirdparty.io.netty.channel.nio.AbstractNioChannel$AbstractNioUnsafe.finishConnect(AbstractNioChannel.java:340)
	at org.apache.ratis.thirdparty.io.netty.channel.nio.NioEventLoop.processSelectedKey(NioEventLoop.java:632)
	at org.apache.ratis.thirdparty.io.netty.channel.nio.NioEventLoop.processSelectedKeysOptimized(NioEventLoop.java:579)
	at org.apache.ratis.thirdparty.io.netty.channel.nio.NioEventLoop.processSelectedKeys(NioEventLoop.java:496)
	at org.apache.ratis.thirdparty.io.netty.channel.nio.NioEventLoop.run(NioEventLoop.java:458)
	at org.apache.ratis.thirdparty.io.netty.util.concurrent.SingleThreadEventExecutor$5.run(SingleThreadEventExecutor.java:897)
	at org.apache.ratis.thirdparty.io.netty.util.concurrent.FastThreadLocalRunnable.run(FastThreadLocalRunnable.java:30)
	... 1 more
Caused by: java.net.ConnectException: Connection refused
	... 11 more
2019-09-09 05:44:25,500 [7266534e-3c5c-4a76-a198-926e09974878@group-E6A06FFDB88D:LeaderElection72] INFO  impl.LeaderElection (LogUtils.java:infoOrTrace(149)) -   Exception 1: {}
java.util.concurrent.ExecutionException: org.apache.ratis.thirdparty.io.grpc.StatusRuntimeException: UNAVAILABLE: io exception
	at java.util.concurrent.FutureTask.report(FutureTask.java:122)
	at java.util.concurrent.FutureTask.get(FutureTask.java:192)
	at org.apache.ratis.server.impl.LeaderElection.waitForResults(LeaderElection.java:263)
	at org.apache.ratis.server.impl.LeaderElection.askForVotes(LeaderElection.java:201)
	at org.apache.ratis.server.impl.LeaderElection.run(LeaderElection.java:133)
	at java.lang.Thread.run(Thread.java:748)
Caused by: org.apache.ratis.thirdparty.io.grpc.StatusRuntimeException: UNAVAILABLE: io exception
	at org.apache.ratis.thirdparty.io.grpc.stub.ClientCalls.toStatusRuntimeException(ClientCalls.java:233)
	at org.apache.ratis.thirdparty.io.grpc.stub.ClientCalls.getUnchecked(ClientCalls.java:214)
	at org.apache.ratis.thirdparty.io.grpc.stub.ClientCalls.blockingUnaryCall(ClientCalls.java:139)
	at org.apache.ratis.proto.grpc.RaftServerProtocolServiceGrpc$RaftServerProtocolServiceBlockingStub.requestVote(RaftServerProtocolServiceGrpc.java:265)
	at org.apache.ratis.grpc.server.GrpcServerProtocolClient.requestVote(GrpcServerProtocolClient.java:90)
	at org.apache.ratis.grpc.server.GrpcService.requestVote(GrpcService.java:204)
	at org.apache.ratis.server.impl.LeaderElection.lambda$submitRequests$1(LeaderElection.java:238)
	at java.util.concurrent.FutureTask.run(FutureTask.java:266)
	at java.util.concurrent.Executors$RunnableAdapter.call(Executors.java:511)
	at java.util.concurrent.FutureTask.run(FutureTask.java:266)
	at java.util.concurrent.ThreadPoolExecutor.runWorker(ThreadPoolExecutor.java:1149)
	at java.util.concurrent.ThreadPoolExecutor$Worker.run(ThreadPoolExecutor.java:624)
	... 1 more
Caused by: org.apache.ratis.thirdparty.io.netty.channel.AbstractChannel$AnnotatedConnectException: Connection refused: /192.168.34.6:37758
	at sun.nio.ch.SocketChannelImpl.checkConnect(Native Method)
	at sun.nio.ch.SocketChannelImpl.finishConnect(SocketChannelImpl.java:717)
	at org.apache.ratis.thirdparty.io.netty.channel.socket.nio.NioSocketChannel.doFinishConnect(NioSocketChannel.java:327)
	at org.apache.ratis.thirdparty.io.netty.channel.nio.AbstractNioChannel$AbstractNioUnsafe.finishConnect(AbstractNioChannel.java:340)
	at org.apache.ratis.thirdparty.io.netty.channel.nio.NioEventLoop.processSelectedKey(NioEventLoop.java:632)
	at org.apache.ratis.thirdparty.io.netty.channel.nio.NioEventLoop.processSelectedKeysOptimized(NioEventLoop.java:579)
	at org.apache.ratis.thirdparty.io.netty.channel.nio.NioEventLoop.processSelectedKeys(NioEventLoop.java:496)
	at org.apache.ratis.thirdparty.io.netty.channel.nio.NioEventLoop.run(NioEventLoop.java:458)
	at org.apache.ratis.thirdparty.io.netty.util.concurrent.SingleThreadEventExecutor$5.run(SingleThreadEventExecutor.java:897)
	at org.apache.ratis.thirdparty.io.netty.util.concurrent.FastThreadLocalRunnable.run(FastThreadLocalRunnable.java:30)
	... 1 more
Caused by: java.net.ConnectException: Connection refused
	... 11 more
2019-09-09 05:44:25,500 [7266534e-3c5c-4a76-a198-926e09974878@group-E6A06FFDB88D:LeaderElection72] INFO  impl.RaftServerImpl (RaftServerImpl.java:setRole(174)) - 7266534e-3c5c-4a76-a198-926e09974878@group-E6A06FFDB88D: changes role from CANDIDATE to FOLLOWER at term 2 for DISCOVERED_A_NEW_TERM
2019-09-09 05:44:25,500 [7266534e-3c5c-4a76-a198-926e09974878@group-E6A06FFDB88D:LeaderElection72] INFO  impl.RoleInfo (RoleInfo.java:shutdownLeaderElection(134)) - 7266534e-3c5c-4a76-a198-926e09974878: shutdown LeaderElection
2019-09-09 05:44:25,500 [7266534e-3c5c-4a76-a198-926e09974878@group-E6A06FFDB88D:LeaderElection72] INFO  impl.RoleInfo (RoleInfo.java:updateAndGet(143)) - 7266534e-3c5c-4a76-a198-926e09974878: start FollowerState
2019-09-09 05:44:26,039 [EventQueue-StaleNodeForStaleNodeHandler] INFO  node.StaleNodeHandler (StaleNodeHandler.java:onMessage(58)) - Datanode 2c3051d3-2b2d-4db3-8cb7-b9d46fe7b194{ip: 192.168.34.6, host: trunk-nightly-20190909-tk4cs-374463008, networkLocation: /default-rack, certSerialId: null} moved to stale state. Finalizing its pipelines [PipelineID=642561e2-1aaa-470b-9c0d-9153f1e0a050]
2019-09-09 05:44:26,042 [EventQueue-StaleNodeForStaleNodeHandler] INFO  pipeline.SCMPipelineManager (SCMPipelineManager.java:finalizeAndDestroyPipeline(311)) - destroying pipeline:Pipeline[ Id: 642561e2-1aaa-470b-9c0d-9153f1e0a050, Nodes: 2c3051d3-2b2d-4db3-8cb7-b9d46fe7b194{ip: 192.168.34.6, host: trunk-nightly-20190909-tk4cs-374463008, networkLocation: /default-rack, certSerialId: null}, Type:RATIS, Factor:ONE, State:OPEN]
2019-09-09 05:44:26,042 [EventQueue-StaleNodeForStaleNodeHandler] INFO  pipeline.PipelineStateManager (PipelineStateManager.java:finalizePipeline(123)) - Pipeline Pipeline[ Id: 642561e2-1aaa-470b-9c0d-9153f1e0a050, Nodes: 2c3051d3-2b2d-4db3-8cb7-b9d46fe7b194{ip: 192.168.34.6, host: trunk-nightly-20190909-tk4cs-374463008, networkLocation: /default-rack, certSerialId: null}, Type:RATIS, Factor:ONE, State:CLOSED] moved to CLOSED state
2019-09-09 05:44:26,339 [EventQueue-StaleNodeForStaleNodeHandler] INFO  node.StaleNodeHandler (StaleNodeHandler.java:onMessage(58)) - Datanode 7266534e-3c5c-4a76-a198-926e09974878{ip: 192.168.34.6, host: trunk-nightly-20190909-tk4cs-374463008, networkLocation: /default-rack, certSerialId: null} moved to stale state. Finalizing its pipelines [PipelineID=445ec668-91f4-4d12-873e-5e8afb7cb0cc, PipelineID=0fac219c-c5d6-462e-99a2-e6a06ffdb88d]
2019-09-09 05:44:26,339 [EventQueue-StaleNodeForStaleNodeHandler] INFO  pipeline.SCMPipelineManager (SCMPipelineManager.java:finalizeAndDestroyPipeline(311)) - destroying pipeline:Pipeline[ Id: 445ec668-91f4-4d12-873e-5e8afb7cb0cc, Nodes: 7266534e-3c5c-4a76-a198-926e09974878{ip: 192.168.34.6, host: trunk-nightly-20190909-tk4cs-374463008, networkLocation: /default-rack, certSerialId: null}, Type:RATIS, Factor:ONE, State:OPEN]
2019-09-09 05:44:26,339 [EventQueue-StaleNodeForStaleNodeHandler] INFO  pipeline.PipelineStateManager (PipelineStateManager.java:finalizePipeline(123)) - Pipeline Pipeline[ Id: 445ec668-91f4-4d12-873e-5e8afb7cb0cc, Nodes: 7266534e-3c5c-4a76-a198-926e09974878{ip: 192.168.34.6, host: trunk-nightly-20190909-tk4cs-374463008, networkLocation: /default-rack, certSerialId: null}, Type:RATIS, Factor:ONE, State:CLOSED] moved to CLOSED state
2019-09-09 05:44:26,339 [EventQueue-StaleNodeForStaleNodeHandler] INFO  pipeline.SCMPipelineManager (SCMPipelineManager.java:finalizeAndDestroyPipeline(311)) - destroying pipeline:Pipeline[ Id: 0fac219c-c5d6-462e-99a2-e6a06ffdb88d, Nodes: eb1f2c76-46e5-42c5-beea-0ca89a39be26{ip: 192.168.34.6, host: trunk-nightly-20190909-tk4cs-374463008, networkLocation: /default-rack, certSerialId: null}6fc22dfd-3a97-447f-a6d6-c779b06b49db{ip: 192.168.34.6, host: trunk-nightly-20190909-tk4cs-374463008, networkLocation: /default-rack, certSerialId: null}7266534e-3c5c-4a76-a198-926e09974878{ip: 192.168.34.6, host: trunk-nightly-20190909-tk4cs-374463008, networkLocation: /default-rack, certSerialId: null}, Type:RATIS, Factor:THREE, State:CLOSED]
2019-09-09 05:44:26,664 [ForkJoinPool.commonPool-worker-1] INFO  ozoneimpl.OzoneContainer (OzoneContainer.java:stop(231)) - Attempting to stop container services.
2019-09-09 05:44:26,664 [ForkJoinPool.commonPool-worker-1] INFO  impl.RaftServerProxy (RaftServerProxy.java:lambda$close$4(314)) - 7266534e-3c5c-4a76-a198-926e09974878: close
2019-09-09 05:44:26,664 [ForkJoinPool.commonPool-worker-1] INFO  impl.RaftServerImpl (RaftServerImpl.java:lambda$shutdown$3(251)) - 7266534e-3c5c-4a76-a198-926e09974878@group-5E8AFB7CB0CC: shutdown
2019-09-09 05:44:26,665 [ForkJoinPool.commonPool-worker-1] INFO  util.JmxRegister (JmxRegister.java:unregister(73)) - Successfully un-registered JMX Bean with object name Ratis:service=RaftServer,group=group-5E8AFB7CB0CC,id=7266534e-3c5c-4a76-a198-926e09974878
2019-09-09 05:44:26,665 [ForkJoinPool.commonPool-worker-1] INFO  impl.RoleInfo (RoleInfo.java:shutdownLeaderState(104)) - 7266534e-3c5c-4a76-a198-926e09974878: shutdown LeaderState
2019-09-09 05:44:26,665 [ForkJoinPool.commonPool-worker-1] INFO  impl.PendingRequests (PendingRequests.java:sendNotLeaderResponses(202)) - 7266534e-3c5c-4a76-a198-926e09974878-PendingRequests: sendNotLeaderResponses
2019-09-09 05:44:26,665 [ForkJoinPool.commonPool-worker-1] INFO  impl.StateMachineUpdater (StateMachineUpdater.java:stopAndJoin(125)) - 7266534e-3c5c-4a76-a198-926e09974878@group-5E8AFB7CB0CC-StateMachineUpdater: set stopIndex = 0
2019-09-09 05:44:26,666 [ForkJoinPool.commonPool-worker-1] INFO  impl.RaftServerImpl (ServerState.java:close(385)) - 7266534e-3c5c-4a76-a198-926e09974878@group-5E8AFB7CB0CC: closes. applyIndex: 0
2019-09-09 05:44:26,666 [7266534e-3c5c-4a76-a198-926e09974878@group-5E8AFB7CB0CC-SegmentedRaftLogWorker] INFO  segmented.SegmentedRaftLogWorker (SegmentedRaftLogWorker.java:run(313)) - 7266534e-3c5c-4a76-a198-926e09974878@group-5E8AFB7CB0CC-SegmentedRaftLogWorker was interrupted, exiting. There are 0 tasks remaining in the queue.
2019-09-09 05:44:26,670 [ForkJoinPool.commonPool-worker-1] INFO  segmented.SegmentedRaftLogWorker (SegmentedRaftLogWorker.java:close(228)) - 7266534e-3c5c-4a76-a198-926e09974878@group-5E8AFB7CB0CC-SegmentedRaftLogWorker close()
2019-09-09 05:44:26,673 [ForkJoinPool.commonPool-worker-1] INFO  impl.RaftServerImpl (RaftServerImpl.java:lambda$shutdown$3(251)) - 7266534e-3c5c-4a76-a198-926e09974878@group-E6A06FFDB88D: shutdown
2019-09-09 05:44:26,673 [ForkJoinPool.commonPool-worker-1] INFO  util.JmxRegister (JmxRegister.java:unregister(73)) - Successfully un-registered JMX Bean with object name Ratis:service=RaftServer,group=group-E6A06FFDB88D,id=7266534e-3c5c-4a76-a198-926e09974878
2019-09-09 05:44:26,673 [ForkJoinPool.commonPool-worker-1] INFO  impl.RoleInfo (RoleInfo.java:shutdownFollowerState(121)) - 7266534e-3c5c-4a76-a198-926e09974878: shutdown FollowerState
2019-09-09 05:44:26,673 [ForkJoinPool.commonPool-worker-1] INFO  impl.StateMachineUpdater (StateMachineUpdater.java:stopAndJoin(125)) - 7266534e-3c5c-4a76-a198-926e09974878@group-E6A06FFDB88D-StateMachineUpdater: set stopIndex = 16
2019-09-09 05:44:26,673 [main] INFO  ozoneimpl.OzoneContainer (OzoneContainer.java:stop(231)) - Attempting to stop container services.
2019-09-09 05:44:26,674 [7266534e-3c5c-4a76-a198-926e09974878@group-E6A06FFDB88D-StateMachineUpdater] INFO  ratis.ContainerStateMachine (ContainerStateMachine.java:takeSnapshot(289)) - group-E6A06FFDB88D: Taking a snapshot at:(t:1, i:14) file /workdir/hadoop-ozone/integration-test/target/test-dir/MiniOzoneClusterImpl-a69cff32-9aaa-43e1-bc72-d1174bd05902/datanode-0/data/ratis/0fac219c-c5d6-462e-99a2-e6a06ffdb88d/sm/snapshot.1_14
2019-09-09 05:44:26,674 [Thread-3317] INFO  impl.FollowerState (FollowerState.java:run(115)) - 7266534e-3c5c-4a76-a198-926e09974878: FollowerState was interrupted: java.lang.InterruptedException: sleep interrupted
2019-09-09 05:44:26,674 [main] INFO  impl.RaftServerProxy (RaftServerProxy.java:lambda$close$4(314)) - 2c3051d3-2b2d-4db3-8cb7-b9d46fe7b194: close
2019-09-09 05:44:26,680 [main] INFO  impl.RaftServerImpl (RaftServerImpl.java:lambda$shutdown$3(251)) - 2c3051d3-2b2d-4db3-8cb7-b9d46fe7b194@group-9153F1E0A050: shutdown
2019-09-09 05:44:26,680 [main] INFO  util.JmxRegister (JmxRegister.java:unregister(73)) - Successfully un-registered JMX Bean with object name Ratis:service=RaftServer,group=group-9153F1E0A050,id=2c3051d3-2b2d-4db3-8cb7-b9d46fe7b194
2019-09-09 05:44:26,681 [main] INFO  impl.RoleInfo (RoleInfo.java:shutdownLeaderState(104)) - 2c3051d3-2b2d-4db3-8cb7-b9d46fe7b194: shutdown LeaderState
2019-09-09 05:44:26,681 [main] INFO  impl.PendingRequests (PendingRequests.java:sendNotLeaderResponses(202)) - 2c3051d3-2b2d-4db3-8cb7-b9d46fe7b194-PendingRequests: sendNotLeaderResponses
2019-09-09 05:44:26,681 [main] INFO  impl.StateMachineUpdater (StateMachineUpdater.java:stopAndJoin(125)) - 2c3051d3-2b2d-4db3-8cb7-b9d46fe7b194@group-9153F1E0A050-StateMachineUpdater: set stopIndex = 0
2019-09-09 05:44:26,682 [main] INFO  impl.RaftServerImpl (ServerState.java:close(385)) - 2c3051d3-2b2d-4db3-8cb7-b9d46fe7b194@group-9153F1E0A050: closes. applyIndex: 0
2019-09-09 05:44:26,682 [2c3051d3-2b2d-4db3-8cb7-b9d46fe7b194@group-9153F1E0A050-SegmentedRaftLogWorker] INFO  segmented.SegmentedRaftLogWorker (SegmentedRaftLogWorker.java:run(313)) - 2c3051d3-2b2d-4db3-8cb7-b9d46fe7b194@group-9153F1E0A050-SegmentedRaftLogWorker was interrupted, exiting. There are 0 tasks remaining in the queue.
2019-09-09 05:44:26,684 [main] INFO  segmented.SegmentedRaftLogWorker (SegmentedRaftLogWorker.java:close(228)) - 2c3051d3-2b2d-4db3-8cb7-b9d46fe7b194@group-9153F1E0A050-SegmentedRaftLogWorker close()
2019-09-09 05:44:26,689 [main] INFO  server.GrpcService (GrpcService.java:closeImpl(164)) - 2c3051d3-2b2d-4db3-8cb7-b9d46fe7b194: shutdown server with port 38943 now
2019-09-09 05:44:26,694 [7266534e-3c5c-4a76-a198-926e09974878@group-E6A06FFDB88D-StateMachineUpdater] INFO  ratis.ContainerStateMachine (ContainerStateMachine.java:takeSnapshot(300)) - group-E6A06FFDB88D: Finished taking a snapshot at:(t:1, i:14) file:/workdir/hadoop-ozone/integration-test/target/test-dir/MiniOzoneClusterImpl-a69cff32-9aaa-43e1-bc72-d1174bd05902/datanode-0/data/ratis/0fac219c-c5d6-462e-99a2-e6a06ffdb88d/sm/snapshot.1_14 time:20
2019-09-09 05:44:26,694 [main] INFO  server.GrpcService (GrpcService.java:closeImpl(172)) - 2c3051d3-2b2d-4db3-8cb7-b9d46fe7b194: shutdown server with port 38943 successfully
2019-09-09 05:44:26,694 [7266534e-3c5c-4a76-a198-926e09974878@group-E6A06FFDB88D-StateMachineUpdater] INFO  impl.StateMachineUpdater (StateMachineUpdater.java:takeSnapshot(258)) - 7266534e-3c5c-4a76-a198-926e09974878@group-E6A06FFDB88D-StateMachineUpdater: Took a snapshot at index 14
2019-09-09 05:44:26,694 [7266534e-3c5c-4a76-a198-926e09974878@group-E6A06FFDB88D-StateMachineUpdater] INFO  impl.StateMachineUpdater (StateMachineUpdater.java:lambda$new$0(83)) - 7266534e-3c5c-4a76-a198-926e09974878@group-E6A06FFDB88D-StateMachineUpdater: snapshotIndex: updateIncreasingly -1 -> 14
2019-09-09 05:44:26,695 [7266534e-3c5c-4a76-a198-926e09974878@group-E6A06FFDB88D-StateMachineUpdater] INFO  ratis.ContainerStateMachine (ContainerStateMachine.java:takeSnapshot(289)) - group-E6A06FFDB88D: Taking a snapshot at:(t:1, i:14) file /workdir/hadoop-ozone/integration-test/target/test-dir/MiniOzoneClusterImpl-a69cff32-9aaa-43e1-bc72-d1174bd05902/datanode-0/data/ratis/0fac219c-c5d6-462e-99a2-e6a06ffdb88d/sm/snapshot.1_14
2019-09-09 05:44:26,696 [refreshUsed-/workdir/hadoop-ozone/integration-test/target/test-dir/MiniOzoneClusterImpl-a69cff32-9aaa-43e1-bc72-d1174bd05902/datanode-5/data/containers] WARN  fs.CachingGetSpaceUsed (CachingGetSpaceUsed.java:run(183)) - Thread Interrupted waiting to refresh disk information: sleep interrupted
2019-09-09 05:44:26,708 [7266534e-3c5c-4a76-a198-926e09974878@group-E6A06FFDB88D-StateMachineUpdater] INFO  ratis.ContainerStateMachine (ContainerStateMachine.java:takeSnapshot(300)) - group-E6A06FFDB88D: Finished taking a snapshot at:(t:1, i:14) file:/workdir/hadoop-ozone/integration-test/target/test-dir/MiniOzoneClusterImpl-a69cff32-9aaa-43e1-bc72-d1174bd05902/datanode-0/data/ratis/0fac219c-c5d6-462e-99a2-e6a06ffdb88d/sm/snapshot.1_14 time:13
2019-09-09 05:44:26,708 [7266534e-3c5c-4a76-a198-926e09974878@group-E6A06FFDB88D-StateMachineUpdater] INFO  impl.StateMachineUpdater (StateMachineUpdater.java:takeSnapshot(258)) - 7266534e-3c5c-4a76-a198-926e09974878@group-E6A06FFDB88D-StateMachineUpdater: Took a snapshot at index 14
2019-09-09 05:44:26,708 [7266534e-3c5c-4a76-a198-926e09974878@group-E6A06FFDB88D-StateMachineUpdater] INFO  impl.StateMachineUpdater (StateMachineUpdater.java:lambda$new$0(83)) - 7266534e-3c5c-4a76-a198-926e09974878@group-E6A06FFDB88D-StateMachineUpdater: snapshotIndex: updateIncreasingly 14 -> 14
2019-09-09 05:44:26,708 [ForkJoinPool.commonPool-worker-1] INFO  impl.RaftServerImpl (ServerState.java:close(385)) - 7266534e-3c5c-4a76-a198-926e09974878@group-E6A06FFDB88D: closes. applyIndex: 16
2019-09-09 05:44:26,709 [7266534e-3c5c-4a76-a198-926e09974878@group-E6A06FFDB88D-SegmentedRaftLogWorker] INFO  segmented.SegmentedRaftLogWorker (SegmentedRaftLogWorker.java:run(313)) - 7266534e-3c5c-4a76-a198-926e09974878@group-E6A06FFDB88D-SegmentedRaftLogWorker was interrupted, exiting. There are 0 tasks remaining in the queue.
2019-09-09 05:44:26,709 [ForkJoinPool.commonPool-worker-1] INFO  segmented.SegmentedRaftLogWorker (SegmentedRaftLogWorker.java:close(228)) - 7266534e-3c5c-4a76-a198-926e09974878@group-E6A06FFDB88D-SegmentedRaftLogWorker close()
2019-09-09 05:44:26,710 [main] INFO  utils.BackgroundService (BackgroundService.java:shutdown(148)) - Shutting down service BlockDeletingService
2019-09-09 05:44:26,710 [ForkJoinPool.commonPool-worker-1] INFO  server.GrpcService (GrpcService.java:closeImpl(164)) - 7266534e-3c5c-4a76-a198-926e09974878: shutdown server with port 44088 now
2019-09-09 05:44:26,714 [ForkJoinPool.commonPool-worker-1] INFO  server.GrpcService (GrpcService.java:closeImpl(172)) - 7266534e-3c5c-4a76-a198-926e09974878: shutdown server with port 44088 successfully
2019-09-09 05:44:26,715 [main] INFO  statemachine.DatanodeStateMachine (DatanodeStateMachine.java:stopDaemon(395)) - Ozone container server stopped.
2019-09-09 05:44:26,717 [refreshUsed-/workdir/hadoop-ozone/integration-test/target/test-dir/MiniOzoneClusterImpl-a69cff32-9aaa-43e1-bc72-d1174bd05902/datanode-0/data/containers] WARN  fs.CachingGetSpaceUsed (CachingGetSpaceUsed.java:run(183)) - Thread Interrupted waiting to refresh disk information: sleep interrupted
2019-09-09 05:44:26,719 [main] INFO  handler.ContextHandler (ContextHandler.java:doStop(910)) - Stopped o.e.j.w.WebAppContext@10817f46{/,null,UNAVAILABLE}{/hddsDatanode}
2019-09-09 05:44:26,720 [main] INFO  server.AbstractConnector (AbstractConnector.java:doStop(318)) - Stopped ServerConnector@2d4a3e13{HTTP/1.1,[http/1.1]}{0.0.0.0:0}
2019-09-09 05:44:26,721 [main] INFO  handler.ContextHandler (ContextHandler.java:doStop(910)) - Stopped o.e.j.s.ServletContextHandler@5fdd97c1{/static,jar:file:/home/user/.m2/repository/org/apache/hadoop/hadoop-hdds-container-service/0.5.0-SNAPSHOT/hadoop-hdds-container-service-0.5.0-SNAPSHOT.jar!/webapps/static,UNAVAILABLE}
2019-09-09 05:44:26,721 [main] INFO  handler.ContextHandler (ContextHandler.java:doStop(910)) - Stopped o.e.j.s.ServletContextHandler@279126f5{/logs,file:///workdir/hadoop-ozone/integration-test/target/log,UNAVAILABLE}
2019-09-09 05:44:26,728 [ForkJoinPool.commonPool-worker-1] INFO  utils.BackgroundService (BackgroundService.java:shutdown(148)) - Shutting down service BlockDeletingService
2019-09-09 05:44:26,731 [ForkJoinPool.commonPool-worker-1] INFO  statemachine.DatanodeStateMachine (DatanodeStateMachine.java:stopDaemon(395)) - Ozone container server stopped.
2019-09-09 05:44:26,733 [ForkJoinPool.commonPool-worker-1] INFO  handler.ContextHandler (ContextHandler.java:doStop(910)) - Stopped o.e.j.w.WebAppContext@6f91fbda{/,null,UNAVAILABLE}{/hddsDatanode}
2019-09-09 05:44:26,733 [ForkJoinPool.commonPool-worker-1] INFO  server.AbstractConnector (AbstractConnector.java:doStop(318)) - Stopped ServerConnector@723e3c17{HTTP/1.1,[http/1.1]}{0.0.0.0:0}
2019-09-09 05:44:26,733 [ForkJoinPool.commonPool-worker-1] INFO  handler.ContextHandler (ContextHandler.java:doStop(910)) - Stopped o.e.j.s.ServletContextHandler@216372b7{/static,jar:file:/home/user/.m2/repository/org/apache/hadoop/hadoop-hdds-container-service/0.5.0-SNAPSHOT/hadoop-hdds-container-service-0.5.0-SNAPSHOT.jar!/webapps/static,UNAVAILABLE}
2019-09-09 05:44:26,734 [ForkJoinPool.commonPool-worker-1] INFO  handler.ContextHandler (ContextHandler.java:doStop(910)) - Stopped o.e.j.s.ServletContextHandler@508ad266{/logs,file:///workdir/hadoop-ozone/integration-test/target/log,UNAVAILABLE}
2019-09-09 05:44:26,734 [main] INFO  ozone.MiniOzoneClusterImpl (MiniOzoneClusterImpl.java:stop(339)) - Stopping the StorageContainerManager
2019-09-09 05:44:26,734 [main] INFO  server.StorageContainerManager (StorageContainerManager.java:stop(801)) - Stopping Replication Manager Service.
2019-09-09 05:44:26,735 [main] INFO  container.ReplicationManager (ReplicationManager.java:stop(203)) - Stopping Replication Monitor Thread.
2019-09-09 05:44:26,735 [main] INFO  server.StorageContainerManager (StorageContainerManager.java:stop(808)) - Stopping Lease Manager of the command watchers
2019-09-09 05:44:26,735 [main] INFO  server.StorageContainerManager (StorageContainerManager.java:stop(815)) - Stopping datanode service RPC server
2019-09-09 05:44:26,735 [main] INFO  server.SCMDatanodeProtocolServer (SCMDatanodeProtocolServer.java:stop(367)) - Stopping the RPC server for DataNodes
2019-09-09 05:44:26,736 [main] INFO  ipc.Server (Server.java:stop(3082)) - Stopping server on 39976
2019-09-09 05:44:26,738 [IPC Server listener on 39976] INFO  ipc.Server (Server.java:run(1185)) - Stopping IPC Server listener on 39976
2019-09-09 05:44:26,738 [IPC Server Responder] INFO  ipc.Server (Server.java:run(1319)) - Stopping IPC Server Responder
2019-09-09 05:44:26,739 [SCM Heartbeat Processing Thread - 0] WARN  node.NodeStateManager (NodeStateManager.java:scheduleNextHealthCheck(646)) - Current Thread is interrupted, shutting down HB processing thread for Node Manager.
2019-09-09 05:44:26,739 [main] INFO  server.StorageContainerManager (StorageContainerManager.java:stop(823)) - Stopping block service RPC server
2019-09-09 05:44:26,739 [main] INFO  server.SCMBlockProtocolServer (SCMBlockProtocolServer.java:stop(155)) - Stopping the RPC server for Block Protocol
2019-09-09 05:44:26,740 [main] INFO  ipc.Server (Server.java:stop(3082)) - Stopping server on 45580
2019-09-09 05:44:26,741 [IPC Server listener on 45580] INFO  ipc.Server (Server.java:run(1185)) - Stopping IPC Server listener on 45580
2019-09-09 05:44:26,741 [main] INFO  server.StorageContainerManager (StorageContainerManager.java:stop(830)) - Stopping the StorageContainerLocationProtocol RPC server
2019-09-09 05:44:26,741 [IPC Server Responder] INFO  ipc.Server (Server.java:run(1319)) - Stopping IPC Server Responder
2019-09-09 05:44:26,742 [main] INFO  server.SCMClientProtocolServer (SCMClientProtocolServer.java:stop(159)) - Stopping the RPC server for Client Protocol
2019-09-09 05:44:26,742 [main] INFO  ipc.Server (Server.java:stop(3082)) - Stopping server on 45960
2019-09-09 05:44:26,744 [IPC Server listener on 45960] INFO  ipc.Server (Server.java:run(1185)) - Stopping IPC Server listener on 45960
2019-09-09 05:44:26,744 [main] INFO  server.StorageContainerManager (StorageContainerManager.java:stop(837)) - Stopping Storage Container Manager HTTP server.
2019-09-09 05:44:26,744 [IPC Server Responder] INFO  ipc.Server (Server.java:run(1319)) - Stopping IPC Server Responder
2019-09-09 05:44:26,745 [main] INFO  handler.ContextHandler (ContextHandler.java:doStop(910)) - Stopped o.e.j.w.WebAppContext@29d25e65{/,null,UNAVAILABLE}{/scm}
2019-09-09 05:44:26,746 [main] INFO  server.AbstractConnector (AbstractConnector.java:doStop(318)) - Stopped ServerConnector@19b75b2b{HTTP/1.1,[http/1.1]}{0.0.0.0:0}
2019-09-09 05:44:26,746 [main] INFO  handler.ContextHandler (ContextHandler.java:doStop(910)) - Stopped o.e.j.s.ServletContextHandler@6af310c7{/static,file:///workdir/hadoop-ozone/integration-test/target/test-classes/webapps/static,UNAVAILABLE}
2019-09-09 05:44:26,746 [main] INFO  handler.ContextHandler (ContextHandler.java:doStop(910)) - Stopped o.e.j.s.ServletContextHandler@320be73{/logs,file:///workdir/hadoop-ozone/integration-test/target/log,UNAVAILABLE}
2019-09-09 05:44:26,747 [main] INFO  server.StorageContainerManager (StorageContainerManager.java:stop(848)) - Stopping Block Manager Service.
2019-09-09 05:44:26,747 [main] INFO  utils.BackgroundService (BackgroundService.java:shutdown(148)) - Shutting down service SCMBlockDeletingService
2019-09-09 05:44:26,747 [main] INFO  utils.BackgroundService (BackgroundService.java:shutdown(148)) - Shutting down service SCMBlockDeletingService
2019-09-09 05:44:26,748 [main] INFO  server.StorageContainerManager (StorageContainerManager.java:stop(870)) - Stopping SCM Event Queue.
2019-09-09 05:44:26,751 [main] INFO  impl.MetricsSystemImpl (MetricsSystemImpl.java:stop(210)) - Stopping HddsDatanode metrics system...
2019-09-09 05:44:26,768 [main] INFO  impl.MetricsSystemImpl (MetricsSystemImpl.java:stop(216)) - HddsDatanode metrics system stopped.
]]></system-out>
    <system-err><![CDATA[Sep 09, 2019 5:44:09 AM org.apache.ratis.thirdparty.io.grpc.internal.ManagedChannelOrphanWrapper$ManagedChannelReference cleanQueue
SEVERE: *~*~*~ Channel ManagedChannelImpl{logId=2511, target=192.168.34.6:34512} was not shutdown properly!!! ~*~*~*
    Make sure to call shutdown()/shutdownNow() and wait until awaitTermination() returns true.
java.lang.RuntimeException: ManagedChannel allocation site
	at org.apache.ratis.thirdparty.io.grpc.internal.ManagedChannelOrphanWrapper$ManagedChannelReference.<init>(ManagedChannelOrphanWrapper.java:103)
	at org.apache.ratis.thirdparty.io.grpc.internal.ManagedChannelOrphanWrapper.<init>(ManagedChannelOrphanWrapper.java:53)
	at org.apache.ratis.thirdparty.io.grpc.internal.ManagedChannelOrphanWrapper.<init>(ManagedChannelOrphanWrapper.java:44)
	at org.apache.ratis.thirdparty.io.grpc.internal.AbstractManagedChannelImplBuilder.build(AbstractManagedChannelImplBuilder.java:411)
	at org.apache.ratis.grpc.client.GrpcClientProtocolClient.<init>(GrpcClientProtocolClient.java:127)
	at org.apache.ratis.grpc.client.GrpcClientRpc.lambda$new$0(GrpcClientRpc.java:55)
	at org.apache.ratis.util.PeerProxyMap$PeerAndProxy.lambda$getProxy$0(PeerProxyMap.java:61)
	at org.apache.ratis.util.LifeCycle.startAndTransition(LifeCycle.java:202)
	at org.apache.ratis.util.PeerProxyMap$PeerAndProxy.getProxy(PeerProxyMap.java:60)
	at org.apache.ratis.util.PeerProxyMap.getProxy(PeerProxyMap.java:108)
	at org.apache.ratis.grpc.client.GrpcClientRpc.sendRequestAsync(GrpcClientRpc.java:66)
	at org.apache.ratis.client.impl.OrderedAsync.sendRequest(OrderedAsync.java:208)
	at org.apache.ratis.client.impl.OrderedAsync.sendRequestWithRetry(OrderedAsync.java:169)
	at org.apache.ratis.util.SlidingWindow$Client.sendOrDelayRequest(SlidingWindow.java:278)
	at org.apache.ratis.util.SlidingWindow$Client.submitNewRequest(SlidingWindow.java:257)
	at org.apache.ratis.client.impl.OrderedAsync.send(OrderedAsync.java:155)
	at org.apache.ratis.client.impl.RaftClientImpl.sendAsync(RaftClientImpl.java:144)
	at org.apache.ratis.client.impl.RaftClientImpl.sendAsync(RaftClientImpl.java:124)
	at org.apache.hadoop.hdds.scm.XceiverClientRatis.sendRequestAsync(XceiverClientRatis.java:224)
	at org.apache.hadoop.hdds.scm.XceiverClientRatis.sendCommandAsync(XceiverClientRatis.java:302)
	at org.apache.hadoop.hdds.scm.storage.ContainerProtocolCalls.writeChunkAsync(ContainerProtocolCalls.java:310)
	at org.apache.hadoop.hdds.scm.storage.BlockOutputStream.writeChunkToContainer(BlockOutputStream.java:601)
	at org.apache.hadoop.hdds.scm.storage.BlockOutputStream.writeChunk(BlockOutputStream.java:459)
	at org.apache.hadoop.hdds.scm.storage.BlockOutputStream.writeOnRetry(BlockOutputStream.java:285)
	at org.apache.hadoop.ozone.client.io.BlockOutputStreamEntry.writeOnRetry(BlockOutputStreamEntry.java:200)
	at org.apache.hadoop.ozone.client.io.KeyOutputStream.handleWrite(KeyOutputStream.java:209)
	at org.apache.hadoop.ozone.client.io.KeyOutputStream.handleRetry(KeyOutputStream.java:376)
	at org.apache.hadoop.ozone.client.io.KeyOutputStream.handleException(KeyOutputStream.java:325)
	at org.apache.hadoop.ozone.client.io.KeyOutputStream.handleFlushOrClose(KeyOutputStream.java:448)
	at org.apache.hadoop.ozone.client.io.KeyOutputStream.handleWrite(KeyOutputStream.java:235)
	at org.apache.hadoop.ozone.client.io.KeyOutputStream.write(KeyOutputStream.java:193)
	at org.apache.hadoop.ozone.client.io.OzoneOutputStream.write(OzoneOutputStream.java:49)
	at java.io.OutputStream.write(OutputStream.java:75)
	at org.apache.hadoop.ozone.client.rpc.TestBlockOutputStreamWithFailures.testDatanodeFailureWithSingleNodeRatis(TestBlockOutputStreamWithFailures.java:1021)
	at sun.reflect.NativeMethodAccessorImpl.invoke0(Native Method)
	at sun.reflect.NativeMethodAccessorImpl.invoke(NativeMethodAccessorImpl.java:62)
	at sun.reflect.DelegatingMethodAccessorImpl.invoke(DelegatingMethodAccessorImpl.java:43)
	at java.lang.reflect.Method.invoke(Method.java:498)
	at org.junit.runners.model.FrameworkMethod$1.runReflectiveCall(FrameworkMethod.java:47)
	at org.junit.internal.runners.model.ReflectiveCallable.run(ReflectiveCallable.java:12)
	at org.junit.runners.model.FrameworkMethod.invokeExplosively(FrameworkMethod.java:44)
	at org.junit.internal.runners.statements.InvokeMethod.evaluate(InvokeMethod.java:17)
	at org.junit.internal.runners.statements.RunBefores.evaluate(RunBefores.java:26)
	at org.junit.internal.runners.statements.RunAfters.evaluate(RunAfters.java:27)
	at org.junit.runners.ParentRunner.runLeaf(ParentRunner.java:271)
	at org.junit.runners.BlockJUnit4ClassRunner.runChild(BlockJUnit4ClassRunner.java:70)
	at org.junit.runners.BlockJUnit4ClassRunner.runChild(BlockJUnit4ClassRunner.java:50)
	at org.junit.runners.ParentRunner$3.run(ParentRunner.java:238)
	at org.junit.runners.ParentRunner$1.schedule(ParentRunner.java:63)
	at org.junit.runners.ParentRunner.runChildren(ParentRunner.java:236)
	at org.junit.runners.ParentRunner.access$000(ParentRunner.java:53)
	at org.junit.runners.ParentRunner$2.evaluate(ParentRunner.java:229)
	at org.junit.runners.ParentRunner.run(ParentRunner.java:309)
	at org.apache.maven.surefire.junit4.JUnit4Provider.execute(JUnit4Provider.java:365)
	at org.apache.maven.surefire.junit4.JUnit4Provider.executeWithRerun(JUnit4Provider.java:273)
	at org.apache.maven.surefire.junit4.JUnit4Provider.executeTestSet(JUnit4Provider.java:238)
	at org.apache.maven.surefire.junit4.JUnit4Provider.invoke(JUnit4Provider.java:159)
	at org.apache.maven.surefire.booter.ForkedBooter.invokeProviderInSameClassLoader(ForkedBooter.java:384)
	at org.apache.maven.surefire.booter.ForkedBooter.runSuitesInProcess(ForkedBooter.java:345)
	at org.apache.maven.surefire.booter.ForkedBooter.execute(ForkedBooter.java:126)
	at org.apache.maven.surefire.booter.ForkedBooter.main(ForkedBooter.java:418)

Sep 09, 2019 5:44:10 AM org.apache.ratis.thirdparty.io.grpc.internal.ManagedChannelOrphanWrapper$ManagedChannelReference cleanQueue
SEVERE: *~*~*~ Channel ManagedChannelImpl{logId=2703, target=192.168.34.6:36570} was not shutdown properly!!! ~*~*~*
    Make sure to call shutdown()/shutdownNow() and wait until awaitTermination() returns true.
java.lang.RuntimeException: ManagedChannel allocation site
	at org.apache.ratis.thirdparty.io.grpc.internal.ManagedChannelOrphanWrapper$ManagedChannelReference.<init>(ManagedChannelOrphanWrapper.java:103)
	at org.apache.ratis.thirdparty.io.grpc.internal.ManagedChannelOrphanWrapper.<init>(ManagedChannelOrphanWrapper.java:53)
	at org.apache.ratis.thirdparty.io.grpc.internal.ManagedChannelOrphanWrapper.<init>(ManagedChannelOrphanWrapper.java:44)
	at org.apache.ratis.thirdparty.io.grpc.internal.AbstractManagedChannelImplBuilder.build(AbstractManagedChannelImplBuilder.java:411)
	at org.apache.ratis.grpc.client.GrpcClientProtocolClient.<init>(GrpcClientProtocolClient.java:127)
	at org.apache.ratis.grpc.client.GrpcClientRpc.lambda$new$0(GrpcClientRpc.java:55)
	at org.apache.ratis.util.PeerProxyMap$PeerAndProxy.lambda$getProxy$0(PeerProxyMap.java:61)
	at org.apache.ratis.util.LifeCycle.startAndTransition(LifeCycle.java:202)
	at org.apache.ratis.util.PeerProxyMap$PeerAndProxy.getProxy(PeerProxyMap.java:60)
	at org.apache.ratis.util.PeerProxyMap.getProxy(PeerProxyMap.java:108)
	at org.apache.ratis.grpc.client.GrpcClientRpc.sendRequestAsync(GrpcClientRpc.java:66)
	at org.apache.ratis.client.impl.OrderedAsync.sendRequest(OrderedAsync.java:208)
	at org.apache.ratis.client.impl.OrderedAsync.sendRequestWithRetry(OrderedAsync.java:169)
	at org.apache.ratis.util.SlidingWindow$Client.sendOrDelayRequest(SlidingWindow.java:278)
	at org.apache.ratis.util.SlidingWindow$Client.retry(SlidingWindow.java:294)
	at org.apache.ratis.client.impl.OrderedAsync.lambda$scheduleWithTimeout$7(OrderedAsync.java:195)
	at org.apache.ratis.util.TimeoutScheduler.lambda$onTimeout$0(TimeoutScheduler.java:113)
	at org.apache.ratis.util.TimeoutScheduler.lambda$onTimeout$1(TimeoutScheduler.java:133)
	at org.apache.ratis.util.LogUtils.runAndLog(LogUtils.java:50)
	at org.apache.ratis.util.LogUtils$1.run(LogUtils.java:91)
	at java.util.concurrent.Executors$RunnableAdapter.call(Executors.java:511)
	at java.util.concurrent.FutureTask.run(FutureTask.java:266)
	at java.util.concurrent.ScheduledThreadPoolExecutor$ScheduledFutureTask.access$201(ScheduledThreadPoolExecutor.java:180)
	at java.util.concurrent.ScheduledThreadPoolExecutor$ScheduledFutureTask.run(ScheduledThreadPoolExecutor.java:293)
	at java.util.concurrent.ThreadPoolExecutor.runWorker(ThreadPoolExecutor.java:1149)
	at java.util.concurrent.ThreadPoolExecutor$Worker.run(ThreadPoolExecutor.java:624)
	at java.lang.Thread.run(Thread.java:748)

Sep 09, 2019 5:44:10 AM org.apache.ratis.thirdparty.io.grpc.internal.ManagedChannelOrphanWrapper$ManagedChannelReference cleanQueue
SEVERE: *~*~*~ Channel ManagedChannelImpl{logId=2537, target=192.168.34.6:41501} was not shutdown properly!!! ~*~*~*
    Make sure to call shutdown()/shutdownNow() and wait until awaitTermination() returns true.
java.lang.RuntimeException: ManagedChannel allocation site
	at org.apache.ratis.thirdparty.io.grpc.internal.ManagedChannelOrphanWrapper$ManagedChannelReference.<init>(ManagedChannelOrphanWrapper.java:103)
	at org.apache.ratis.thirdparty.io.grpc.internal.ManagedChannelOrphanWrapper.<init>(ManagedChannelOrphanWrapper.java:53)
	at org.apache.ratis.thirdparty.io.grpc.internal.ManagedChannelOrphanWrapper.<init>(ManagedChannelOrphanWrapper.java:44)
	at org.apache.ratis.thirdparty.io.grpc.internal.AbstractManagedChannelImplBuilder.build(AbstractManagedChannelImplBuilder.java:411)
	at org.apache.hadoop.hdds.scm.XceiverClientGrpc.connectToDatanode(XceiverClientGrpc.java:175)
	at org.apache.hadoop.hdds.scm.XceiverClientGrpc.reconnect(XceiverClientGrpc.java:423)
	at org.apache.hadoop.hdds.scm.XceiverClientGrpc.sendCommandAsync(XceiverClientGrpc.java:372)
	at org.apache.hadoop.hdds.scm.XceiverClientGrpc.sendCommandWithRetry(XceiverClientGrpc.java:285)
	at org.apache.hadoop.hdds.scm.XceiverClientGrpc.sendCommandWithTraceIDAndRetry(XceiverClientGrpc.java:251)
	at org.apache.hadoop.hdds.scm.XceiverClientGrpc.sendCommand(XceiverClientGrpc.java:234)
	at org.apache.hadoop.hdds.scm.storage.ContainerProtocolCalls.getBlock(ContainerProtocolCalls.java:118)
	at org.apache.hadoop.hdds.scm.storage.BlockInputStream.getChunkInfos(BlockInputStream.java:167)
	at org.apache.hadoop.hdds.scm.storage.BlockInputStream.initialize(BlockInputStream.java:118)
	at org.apache.hadoop.hdds.scm.storage.BlockInputStream.read(BlockInputStream.java:222)
	at org.apache.hadoop.ozone.client.io.KeyInputStream.read(KeyInputStream.java:171)
	at org.apache.hadoop.ozone.client.io.OzoneInputStream.read(OzoneInputStream.java:47)
	at java.io.InputStream.read(InputStream.java:101)
	at org.apache.hadoop.ozone.container.ContainerTestHelper.validateData(ContainerTestHelper.java:714)
	at org.apache.hadoop.ozone.client.rpc.TestBlockOutputStreamWithFailures.validateData(TestBlockOutputStreamWithFailures.java:1216)
	at org.apache.hadoop.ozone.client.rpc.TestBlockOutputStreamWithFailures.testDatanodeFailureWithSingleNodeRatis(TestBlockOutputStreamWithFailures.java:1058)
	at sun.reflect.NativeMethodAccessorImpl.invoke0(Native Method)
	at sun.reflect.NativeMethodAccessorImpl.invoke(NativeMethodAccessorImpl.java:62)
	at sun.reflect.DelegatingMethodAccessorImpl.invoke(DelegatingMethodAccessorImpl.java:43)
	at java.lang.reflect.Method.invoke(Method.java:498)
	at org.junit.runners.model.FrameworkMethod$1.runReflectiveCall(FrameworkMethod.java:47)
	at org.junit.internal.runners.model.ReflectiveCallable.run(ReflectiveCallable.java:12)
	at org.junit.runners.model.FrameworkMethod.invokeExplosively(FrameworkMethod.java:44)
	at org.junit.internal.runners.statements.InvokeMethod.evaluate(InvokeMethod.java:17)
	at org.junit.internal.runners.statements.RunBefores.evaluate(RunBefores.java:26)
	at org.junit.internal.runners.statements.RunAfters.evaluate(RunAfters.java:27)
	at org.junit.runners.ParentRunner.runLeaf(ParentRunner.java:271)
	at org.junit.runners.BlockJUnit4ClassRunner.runChild(BlockJUnit4ClassRunner.java:70)
	at org.junit.runners.BlockJUnit4ClassRunner.runChild(BlockJUnit4ClassRunner.java:50)
	at org.junit.runners.ParentRunner$3.run(ParentRunner.java:238)
	at org.junit.runners.ParentRunner$1.schedule(ParentRunner.java:63)
	at org.junit.runners.ParentRunner.runChildren(ParentRunner.java:236)
	at org.junit.runners.ParentRunner.access$000(ParentRunner.java:53)
	at org.junit.runners.ParentRunner$2.evaluate(ParentRunner.java:229)
	at org.junit.runners.ParentRunner.run(ParentRunner.java:309)
	at org.apache.maven.surefire.junit4.JUnit4Provider.execute(JUnit4Provider.java:365)
	at org.apache.maven.surefire.junit4.JUnit4Provider.executeWithRerun(JUnit4Provider.java:273)
	at org.apache.maven.surefire.junit4.JUnit4Provider.executeTestSet(JUnit4Provider.java:238)
	at org.apache.maven.surefire.junit4.JUnit4Provider.invoke(JUnit4Provider.java:159)
	at org.apache.maven.surefire.booter.ForkedBooter.invokeProviderInSameClassLoader(ForkedBooter.java:384)
	at org.apache.maven.surefire.booter.ForkedBooter.runSuitesInProcess(ForkedBooter.java:345)
	at org.apache.maven.surefire.booter.ForkedBooter.execute(ForkedBooter.java:126)
	at org.apache.maven.surefire.booter.ForkedBooter.main(ForkedBooter.java:418)

Sep 09, 2019 5:44:10 AM org.apache.ratis.thirdparty.io.grpc.internal.ManagedChannelOrphanWrapper$ManagedChannelReference cleanQueue
SEVERE: *~*~*~ Channel ManagedChannelImpl{logId=2542, target=192.168.34.6:45520} was not shutdown properly!!! ~*~*~*
    Make sure to call shutdown()/shutdownNow() and wait until awaitTermination() returns true.
java.lang.RuntimeException: ManagedChannel allocation site
	at org.apache.ratis.thirdparty.io.grpc.internal.ManagedChannelOrphanWrapper$ManagedChannelReference.<init>(ManagedChannelOrphanWrapper.java:103)
	at org.apache.ratis.thirdparty.io.grpc.internal.ManagedChannelOrphanWrapper.<init>(ManagedChannelOrphanWrapper.java:53)
	at org.apache.ratis.thirdparty.io.grpc.internal.ManagedChannelOrphanWrapper.<init>(ManagedChannelOrphanWrapper.java:44)
	at org.apache.ratis.thirdparty.io.grpc.internal.AbstractManagedChannelImplBuilder.build(AbstractManagedChannelImplBuilder.java:411)
	at org.apache.hadoop.hdds.scm.XceiverClientGrpc.connectToDatanode(XceiverClientGrpc.java:175)
	at org.apache.hadoop.hdds.scm.XceiverClientGrpc.reconnect(XceiverClientGrpc.java:423)
	at org.apache.hadoop.hdds.scm.XceiverClientGrpc.sendCommandAsync(XceiverClientGrpc.java:372)
	at org.apache.hadoop.hdds.scm.XceiverClientGrpc.sendCommandWithRetry(XceiverClientGrpc.java:285)
	at org.apache.hadoop.hdds.scm.XceiverClientGrpc.sendCommandWithTraceIDAndRetry(XceiverClientGrpc.java:251)
	at org.apache.hadoop.hdds.scm.XceiverClientGrpc.sendCommand(XceiverClientGrpc.java:234)
	at org.apache.hadoop.hdds.scm.storage.ContainerProtocolCalls.getBlock(ContainerProtocolCalls.java:118)
	at org.apache.hadoop.hdds.scm.storage.BlockInputStream.getChunkInfos(BlockInputStream.java:167)
	at org.apache.hadoop.hdds.scm.storage.BlockInputStream.initialize(BlockInputStream.java:118)
	at org.apache.hadoop.hdds.scm.storage.BlockInputStream.read(BlockInputStream.java:222)
	at org.apache.hadoop.ozone.client.io.KeyInputStream.read(KeyInputStream.java:171)
	at org.apache.hadoop.ozone.client.io.OzoneInputStream.read(OzoneInputStream.java:47)
	at java.io.InputStream.read(InputStream.java:101)
	at org.apache.hadoop.ozone.container.ContainerTestHelper.validateData(ContainerTestHelper.java:714)
	at org.apache.hadoop.ozone.client.rpc.TestBlockOutputStreamWithFailures.validateData(TestBlockOutputStreamWithFailures.java:1216)
	at org.apache.hadoop.ozone.client.rpc.TestBlockOutputStreamWithFailures.testDatanodeFailureWithSingleNodeRatis(TestBlockOutputStreamWithFailures.java:1058)
	at sun.reflect.NativeMethodAccessorImpl.invoke0(Native Method)
	at sun.reflect.NativeMethodAccessorImpl.invoke(NativeMethodAccessorImpl.java:62)
	at sun.reflect.DelegatingMethodAccessorImpl.invoke(DelegatingMethodAccessorImpl.java:43)
	at java.lang.reflect.Method.invoke(Method.java:498)
	at org.junit.runners.model.FrameworkMethod$1.runReflectiveCall(FrameworkMethod.java:47)
	at org.junit.internal.runners.model.ReflectiveCallable.run(ReflectiveCallable.java:12)
	at org.junit.runners.model.FrameworkMethod.invokeExplosively(FrameworkMethod.java:44)
	at org.junit.internal.runners.statements.InvokeMethod.evaluate(InvokeMethod.java:17)
	at org.junit.internal.runners.statements.RunBefores.evaluate(RunBefores.java:26)
	at org.junit.internal.runners.statements.RunAfters.evaluate(RunAfters.java:27)
	at org.junit.runners.ParentRunner.runLeaf(ParentRunner.java:271)
	at org.junit.runners.BlockJUnit4ClassRunner.runChild(BlockJUnit4ClassRunner.java:70)
	at org.junit.runners.BlockJUnit4ClassRunner.runChild(BlockJUnit4ClassRunner.java:50)
	at org.junit.runners.ParentRunner$3.run(ParentRunner.java:238)
	at org.junit.runners.ParentRunner$1.schedule(ParentRunner.java:63)
	at org.junit.runners.ParentRunner.runChildren(ParentRunner.java:236)
	at org.junit.runners.ParentRunner.access$000(ParentRunner.java:53)
	at org.junit.runners.ParentRunner$2.evaluate(ParentRunner.java:229)
	at org.junit.runners.ParentRunner.run(ParentRunner.java:309)
	at org.apache.maven.surefire.junit4.JUnit4Provider.execute(JUnit4Provider.java:365)
	at org.apache.maven.surefire.junit4.JUnit4Provider.executeWithRerun(JUnit4Provider.java:273)
	at org.apache.maven.surefire.junit4.JUnit4Provider.executeTestSet(JUnit4Provider.java:238)
	at org.apache.maven.surefire.junit4.JUnit4Provider.invoke(JUnit4Provider.java:159)
	at org.apache.maven.surefire.booter.ForkedBooter.invokeProviderInSameClassLoader(ForkedBooter.java:384)
	at org.apache.maven.surefire.booter.ForkedBooter.runSuitesInProcess(ForkedBooter.java:345)
	at org.apache.maven.surefire.booter.ForkedBooter.execute(ForkedBooter.java:126)
	at org.apache.maven.surefire.booter.ForkedBooter.main(ForkedBooter.java:418)

Sep 09, 2019 5:44:10 AM org.apache.ratis.thirdparty.io.grpc.internal.ManagedChannelOrphanWrapper$ManagedChannelReference cleanQueue
SEVERE: *~*~*~ Channel ManagedChannelImpl{logId=2713, target=192.168.34.6:36271} was not shutdown properly!!! ~*~*~*
    Make sure to call shutdown()/shutdownNow() and wait until awaitTermination() returns true.
java.lang.RuntimeException: ManagedChannel allocation site
	at org.apache.ratis.thirdparty.io.grpc.internal.ManagedChannelOrphanWrapper$ManagedChannelReference.<init>(ManagedChannelOrphanWrapper.java:103)
	at org.apache.ratis.thirdparty.io.grpc.internal.ManagedChannelOrphanWrapper.<init>(ManagedChannelOrphanWrapper.java:53)
	at org.apache.ratis.thirdparty.io.grpc.internal.ManagedChannelOrphanWrapper.<init>(ManagedChannelOrphanWrapper.java:44)
	at org.apache.ratis.thirdparty.io.grpc.internal.AbstractManagedChannelImplBuilder.build(AbstractManagedChannelImplBuilder.java:411)
	at org.apache.hadoop.hdds.scm.XceiverClientGrpc.connectToDatanode(XceiverClientGrpc.java:175)
	at org.apache.hadoop.hdds.scm.XceiverClientGrpc.reconnect(XceiverClientGrpc.java:423)
	at org.apache.hadoop.hdds.scm.XceiverClientGrpc.sendCommandAsync(XceiverClientGrpc.java:372)
	at org.apache.hadoop.hdds.scm.XceiverClientGrpc.sendCommandWithRetry(XceiverClientGrpc.java:285)
	at org.apache.hadoop.hdds.scm.XceiverClientGrpc.sendCommandWithTraceIDAndRetry(XceiverClientGrpc.java:251)
	at org.apache.hadoop.hdds.scm.XceiverClientGrpc.sendCommand(XceiverClientGrpc.java:234)
	at org.apache.hadoop.hdds.scm.storage.ContainerProtocolCalls.getBlock(ContainerProtocolCalls.java:118)
	at org.apache.hadoop.hdds.scm.storage.BlockInputStream.getChunkInfos(BlockInputStream.java:167)
	at org.apache.hadoop.hdds.scm.storage.BlockInputStream.initialize(BlockInputStream.java:118)
	at org.apache.hadoop.hdds.scm.storage.BlockInputStream.read(BlockInputStream.java:222)
	at org.apache.hadoop.ozone.client.io.KeyInputStream.read(KeyInputStream.java:171)
	at org.apache.hadoop.ozone.client.io.OzoneInputStream.read(OzoneInputStream.java:47)
	at java.io.InputStream.read(InputStream.java:101)
	at org.apache.hadoop.ozone.container.ContainerTestHelper.validateData(ContainerTestHelper.java:714)
	at org.apache.hadoop.ozone.client.rpc.TestBlockOutputStreamWithFailures.validateData(TestBlockOutputStreamWithFailures.java:1216)
	at org.apache.hadoop.ozone.client.rpc.TestBlockOutputStreamWithFailures.testWatchForCommitWithSingleNodeRatis(TestBlockOutputStreamWithFailures.java:918)
	at sun.reflect.NativeMethodAccessorImpl.invoke0(Native Method)
	at sun.reflect.NativeMethodAccessorImpl.invoke(NativeMethodAccessorImpl.java:62)
	at sun.reflect.DelegatingMethodAccessorImpl.invoke(DelegatingMethodAccessorImpl.java:43)
	at java.lang.reflect.Method.invoke(Method.java:498)
	at org.junit.runners.model.FrameworkMethod$1.runReflectiveCall(FrameworkMethod.java:47)
	at org.junit.internal.runners.model.ReflectiveCallable.run(ReflectiveCallable.java:12)
	at org.junit.runners.model.FrameworkMethod.invokeExplosively(FrameworkMethod.java:44)
	at org.junit.internal.runners.statements.InvokeMethod.evaluate(InvokeMethod.java:17)
	at org.junit.internal.runners.statements.RunBefores.evaluate(RunBefores.java:26)
	at org.junit.internal.runners.statements.RunAfters.evaluate(RunAfters.java:27)
	at org.junit.runners.ParentRunner.runLeaf(ParentRunner.java:271)
	at org.junit.runners.BlockJUnit4ClassRunner.runChild(BlockJUnit4ClassRunner.java:70)
	at org.junit.runners.BlockJUnit4ClassRunner.runChild(BlockJUnit4ClassRunner.java:50)
	at org.junit.runners.ParentRunner$3.run(ParentRunner.java:238)
	at org.junit.runners.ParentRunner$1.schedule(ParentRunner.java:63)
	at org.junit.runners.ParentRunner.runChildren(ParentRunner.java:236)
	at org.junit.runners.ParentRunner.access$000(ParentRunner.java:53)
	at org.junit.runners.ParentRunner$2.evaluate(ParentRunner.java:229)
	at org.junit.runners.ParentRunner.run(ParentRunner.java:309)
	at org.apache.maven.surefire.junit4.JUnit4Provider.execute(JUnit4Provider.java:365)
	at org.apache.maven.surefire.junit4.JUnit4Provider.executeWithRerun(JUnit4Provider.java:273)
	at org.apache.maven.surefire.junit4.JUnit4Provider.executeTestSet(JUnit4Provider.java:238)
	at org.apache.maven.surefire.junit4.JUnit4Provider.invoke(JUnit4Provider.java:159)
	at org.apache.maven.surefire.booter.ForkedBooter.invokeProviderInSameClassLoader(ForkedBooter.java:384)
	at org.apache.maven.surefire.booter.ForkedBooter.runSuitesInProcess(ForkedBooter.java:345)
	at org.apache.maven.surefire.booter.ForkedBooter.execute(ForkedBooter.java:126)
	at org.apache.maven.surefire.booter.ForkedBooter.main(ForkedBooter.java:418)

Sep 09, 2019 5:44:10 AM org.apache.ratis.thirdparty.io.grpc.internal.ManagedChannelOrphanWrapper$ManagedChannelReference cleanQueue
SEVERE: *~*~*~ Channel ManagedChannelImpl{logId=2718, target=192.168.34.6:38662} was not shutdown properly!!! ~*~*~*
    Make sure to call shutdown()/shutdownNow() and wait until awaitTermination() returns true.
java.lang.RuntimeException: ManagedChannel allocation site
	at org.apache.ratis.thirdparty.io.grpc.internal.ManagedChannelOrphanWrapper$ManagedChannelReference.<init>(ManagedChannelOrphanWrapper.java:103)
	at org.apache.ratis.thirdparty.io.grpc.internal.ManagedChannelOrphanWrapper.<init>(ManagedChannelOrphanWrapper.java:53)
	at org.apache.ratis.thirdparty.io.grpc.internal.ManagedChannelOrphanWrapper.<init>(ManagedChannelOrphanWrapper.java:44)
	at org.apache.ratis.thirdparty.io.grpc.internal.AbstractManagedChannelImplBuilder.build(AbstractManagedChannelImplBuilder.java:411)
	at org.apache.hadoop.hdds.scm.XceiverClientGrpc.connectToDatanode(XceiverClientGrpc.java:175)
	at org.apache.hadoop.hdds.scm.XceiverClientGrpc.reconnect(XceiverClientGrpc.java:423)
	at org.apache.hadoop.hdds.scm.XceiverClientGrpc.sendCommandAsync(XceiverClientGrpc.java:372)
	at org.apache.hadoop.hdds.scm.XceiverClientGrpc.sendCommandWithRetry(XceiverClientGrpc.java:285)
	at org.apache.hadoop.hdds.scm.XceiverClientGrpc.sendCommandWithTraceIDAndRetry(XceiverClientGrpc.java:251)
	at org.apache.hadoop.hdds.scm.XceiverClientGrpc.sendCommand(XceiverClientGrpc.java:234)
	at org.apache.hadoop.hdds.scm.storage.ContainerProtocolCalls.getBlock(ContainerProtocolCalls.java:118)
	at org.apache.hadoop.hdds.scm.storage.BlockInputStream.getChunkInfos(BlockInputStream.java:167)
	at org.apache.hadoop.hdds.scm.storage.BlockInputStream.initialize(BlockInputStream.java:118)
	at org.apache.hadoop.hdds.scm.storage.BlockInputStream.read(BlockInputStream.java:222)
	at org.apache.hadoop.ozone.client.io.KeyInputStream.read(KeyInputStream.java:171)
	at org.apache.hadoop.ozone.client.io.OzoneInputStream.read(OzoneInputStream.java:47)
	at java.io.InputStream.read(InputStream.java:101)
	at org.apache.hadoop.ozone.container.ContainerTestHelper.validateData(ContainerTestHelper.java:714)
	at org.apache.hadoop.ozone.client.rpc.TestBlockOutputStreamWithFailures.validateData(TestBlockOutputStreamWithFailures.java:1216)
	at org.apache.hadoop.ozone.client.rpc.TestBlockOutputStreamWithFailures.testWatchForCommitWithSingleNodeRatis(TestBlockOutputStreamWithFailures.java:918)
	at sun.reflect.NativeMethodAccessorImpl.invoke0(Native Method)
	at sun.reflect.NativeMethodAccessorImpl.invoke(NativeMethodAccessorImpl.java:62)
	at sun.reflect.DelegatingMethodAccessorImpl.invoke(DelegatingMethodAccessorImpl.java:43)
	at java.lang.reflect.Method.invoke(Method.java:498)
	at org.junit.runners.model.FrameworkMethod$1.runReflectiveCall(FrameworkMethod.java:47)
	at org.junit.internal.runners.model.ReflectiveCallable.run(ReflectiveCallable.java:12)
	at org.junit.runners.model.FrameworkMethod.invokeExplosively(FrameworkMethod.java:44)
	at org.junit.internal.runners.statements.InvokeMethod.evaluate(InvokeMethod.java:17)
	at org.junit.internal.runners.statements.RunBefores.evaluate(RunBefores.java:26)
	at org.junit.internal.runners.statements.RunAfters.evaluate(RunAfters.java:27)
	at org.junit.runners.ParentRunner.runLeaf(ParentRunner.java:271)
	at org.junit.runners.BlockJUnit4ClassRunner.runChild(BlockJUnit4ClassRunner.java:70)
	at org.junit.runners.BlockJUnit4ClassRunner.runChild(BlockJUnit4ClassRunner.java:50)
	at org.junit.runners.ParentRunner$3.run(ParentRunner.java:238)
	at org.junit.runners.ParentRunner$1.schedule(ParentRunner.java:63)
	at org.junit.runners.ParentRunner.runChildren(ParentRunner.java:236)
	at org.junit.runners.ParentRunner.access$000(ParentRunner.java:53)
	at org.junit.runners.ParentRunner$2.evaluate(ParentRunner.java:229)
	at org.junit.runners.ParentRunner.run(ParentRunner.java:309)
	at org.apache.maven.surefire.junit4.JUnit4Provider.execute(JUnit4Provider.java:365)
	at org.apache.maven.surefire.junit4.JUnit4Provider.executeWithRerun(JUnit4Provider.java:273)
	at org.apache.maven.surefire.junit4.JUnit4Provider.executeTestSet(JUnit4Provider.java:238)
	at org.apache.maven.surefire.junit4.JUnit4Provider.invoke(JUnit4Provider.java:159)
	at org.apache.maven.surefire.booter.ForkedBooter.invokeProviderInSameClassLoader(ForkedBooter.java:384)
	at org.apache.maven.surefire.booter.ForkedBooter.runSuitesInProcess(ForkedBooter.java:345)
	at org.apache.maven.surefire.booter.ForkedBooter.execute(ForkedBooter.java:126)
	at org.apache.maven.surefire.booter.ForkedBooter.main(ForkedBooter.java:418)

Sep 09, 2019 5:44:10 AM org.apache.ratis.thirdparty.io.grpc.internal.ManagedChannelOrphanWrapper$ManagedChannelReference cleanQueue
SEVERE: *~*~*~ Channel ManagedChannelImpl{logId=2708, target=192.168.34.6:38042} was not shutdown properly!!! ~*~*~*
    Make sure to call shutdown()/shutdownNow() and wait until awaitTermination() returns true.
java.lang.RuntimeException: ManagedChannel allocation site
	at org.apache.ratis.thirdparty.io.grpc.internal.ManagedChannelOrphanWrapper$ManagedChannelReference.<init>(ManagedChannelOrphanWrapper.java:103)
	at org.apache.ratis.thirdparty.io.grpc.internal.ManagedChannelOrphanWrapper.<init>(ManagedChannelOrphanWrapper.java:53)
	at org.apache.ratis.thirdparty.io.grpc.internal.ManagedChannelOrphanWrapper.<init>(ManagedChannelOrphanWrapper.java:44)
	at org.apache.ratis.thirdparty.io.grpc.internal.AbstractManagedChannelImplBuilder.build(AbstractManagedChannelImplBuilder.java:411)
	at org.apache.ratis.grpc.client.GrpcClientProtocolClient.<init>(GrpcClientProtocolClient.java:127)
	at org.apache.ratis.grpc.client.GrpcClientRpc.lambda$new$0(GrpcClientRpc.java:55)
	at org.apache.ratis.util.PeerProxyMap$PeerAndProxy.lambda$getProxy$0(PeerProxyMap.java:61)
	at org.apache.ratis.util.LifeCycle.startAndTransition(LifeCycle.java:202)
	at org.apache.ratis.util.PeerProxyMap$PeerAndProxy.getProxy(PeerProxyMap.java:60)
	at org.apache.ratis.util.PeerProxyMap.getProxy(PeerProxyMap.java:108)
	at org.apache.ratis.grpc.client.GrpcClientRpc.sendRequestAsync(GrpcClientRpc.java:66)
	at org.apache.ratis.client.impl.OrderedAsync.sendRequest(OrderedAsync.java:208)
	at org.apache.ratis.client.impl.OrderedAsync.sendRequestWithRetry(OrderedAsync.java:169)
	at org.apache.ratis.util.SlidingWindow$Client.sendOrDelayRequest(SlidingWindow.java:278)
	at org.apache.ratis.util.SlidingWindow$Client.submitNewRequest(SlidingWindow.java:257)
	at org.apache.ratis.client.impl.OrderedAsync.send(OrderedAsync.java:155)
	at org.apache.ratis.client.impl.RaftClientImpl.sendAsync(RaftClientImpl.java:144)
	at org.apache.ratis.client.impl.RaftClientImpl.sendAsync(RaftClientImpl.java:124)
	at org.apache.hadoop.hdds.scm.XceiverClientRatis.sendRequestAsync(XceiverClientRatis.java:224)
	at org.apache.hadoop.hdds.scm.XceiverClientRatis.sendCommandAsync(XceiverClientRatis.java:302)
	at org.apache.hadoop.hdds.scm.storage.ContainerProtocolCalls.writeChunkAsync(ContainerProtocolCalls.java:310)
	at org.apache.hadoop.hdds.scm.storage.BlockOutputStream.writeChunkToContainer(BlockOutputStream.java:601)
	at org.apache.hadoop.hdds.scm.storage.BlockOutputStream.writeChunk(BlockOutputStream.java:459)
	at org.apache.hadoop.hdds.scm.storage.BlockOutputStream.writeOnRetry(BlockOutputStream.java:285)
	at org.apache.hadoop.ozone.client.io.BlockOutputStreamEntry.writeOnRetry(BlockOutputStreamEntry.java:200)
	at org.apache.hadoop.ozone.client.io.KeyOutputStream.handleWrite(KeyOutputStream.java:209)
	at org.apache.hadoop.ozone.client.io.KeyOutputStream.handleRetry(KeyOutputStream.java:376)
	at org.apache.hadoop.ozone.client.io.KeyOutputStream.handleException(KeyOutputStream.java:325)
	at org.apache.hadoop.ozone.client.io.KeyOutputStream.handleFlushOrClose(KeyOutputStream.java:448)
	at org.apache.hadoop.ozone.client.io.KeyOutputStream.handleWrite(KeyOutputStream.java:235)
	at org.apache.hadoop.ozone.client.io.KeyOutputStream.write(KeyOutputStream.java:193)
	at org.apache.hadoop.ozone.client.io.OzoneOutputStream.write(OzoneOutputStream.java:49)
	at java.io.OutputStream.write(OutputStream.java:75)
	at org.apache.hadoop.ozone.client.rpc.TestBlockOutputStreamWithFailures.testWatchForCommitWithSingleNodeRatis(TestBlockOutputStreamWithFailures.java:885)
	at sun.reflect.NativeMethodAccessorImpl.invoke0(Native Method)
	at sun.reflect.NativeMethodAccessorImpl.invoke(NativeMethodAccessorImpl.java:62)
	at sun.reflect.DelegatingMethodAccessorImpl.invoke(DelegatingMethodAccessorImpl.java:43)
	at java.lang.reflect.Method.invoke(Method.java:498)
	at org.junit.runners.model.FrameworkMethod$1.runReflectiveCall(FrameworkMethod.java:47)
	at org.junit.internal.runners.model.ReflectiveCallable.run(ReflectiveCallable.java:12)
	at org.junit.runners.model.FrameworkMethod.invokeExplosively(FrameworkMethod.java:44)
	at org.junit.internal.runners.statements.InvokeMethod.evaluate(InvokeMethod.java:17)
	at org.junit.internal.runners.statements.RunBefores.evaluate(RunBefores.java:26)
	at org.junit.internal.runners.statements.RunAfters.evaluate(RunAfters.java:27)
	at org.junit.runners.ParentRunner.runLeaf(ParentRunner.java:271)
	at org.junit.runners.BlockJUnit4ClassRunner.runChild(BlockJUnit4ClassRunner.java:70)
	at org.junit.runners.BlockJUnit4ClassRunner.runChild(BlockJUnit4ClassRunner.java:50)
	at org.junit.runners.ParentRunner$3.run(ParentRunner.java:238)
	at org.junit.runners.ParentRunner$1.schedule(ParentRunner.java:63)
	at org.junit.runners.ParentRunner.runChildren(ParentRunner.java:236)
	at org.junit.runners.ParentRunner.access$000(ParentRunner.java:53)
	at org.junit.runners.ParentRunner$2.evaluate(ParentRunner.java:229)
	at org.junit.runners.ParentRunner.run(ParentRunner.java:309)
	at org.apache.maven.surefire.junit4.JUnit4Provider.execute(JUnit4Provider.java:365)
	at org.apache.maven.surefire.junit4.JUnit4Provider.executeWithRerun(JUnit4Provider.java:273)
	at org.apache.maven.surefire.junit4.JUnit4Provider.executeTestSet(JUnit4Provider.java:238)
	at org.apache.maven.surefire.junit4.JUnit4Provider.invoke(JUnit4Provider.java:159)
	at org.apache.maven.surefire.booter.ForkedBooter.invokeProviderInSameClassLoader(ForkedBooter.java:384)
	at org.apache.maven.surefire.booter.ForkedBooter.runSuitesInProcess(ForkedBooter.java:345)
	at org.apache.maven.surefire.booter.ForkedBooter.execute(ForkedBooter.java:126)
	at org.apache.maven.surefire.booter.ForkedBooter.main(ForkedBooter.java:418)

]]></system-err>
  </testcase>
  <testcase name="testFailureWithPrimeSizedData" classname="org.apache.hadoop.ozone.client.rpc.TestBlockOutputStreamWithFailures" time="33.244"/>
  <testcase name="testWatchForCommitWithCloseContainerException" classname="org.apache.hadoop.ozone.client.rpc.TestBlockOutputStreamWithFailures" time="33.905"/>
  <testcase name="testExceptionDuringClose" classname="org.apache.hadoop.ozone.client.rpc.TestBlockOutputStreamWithFailures" time="46.857"/>
</testsuite>