<?xml version="1.0" encoding="UTF-8"?>
<testsuite xmlns:xsi="http://www.w3.org/2001/XMLSchema-instance" xsi:noNamespaceSchemaLocation="https://maven.apache.org/surefire/maven-surefire-plugin/xsd/surefire-test-report.xsd" name="org.apache.hadoop.ozone.client.rpc.TestBlockOutputStreamWithFailures" time="772.139" tests="8" errors="0" skipped="0" failures="1">
  <properties>
    <property name="awt.toolkit" value="sun.awt.X11.XToolkit"/>
    <property name="file.encoding.pkg" value="sun.io"/>
    <property name="java.specification.version" value="1.8"/>
    <property name="sun.cpu.isalist" value=""/>
    <property name="sun.jnu.encoding" value="UTF-8"/>
    <property name="java.class.path" value="/workdir/hadoop-ozone/integration-test/target/test-classes:/workdir/hadoop-ozone/integration-test/target/classes:/home/user/.m2/repository/org/apache/hadoop/hadoop-ozone-common/0.5.0-SNAPSHOT/hadoop-ozone-common-0.5.0-SNAPSHOT.jar:/home/user/.m2/repository/org/apache/commons/commons-compress/1.4.1/commons-compress-1.4.1.jar:/home/user/.m2/repository/org/tukaani/xz/1.0/xz-1.0.jar:/home/user/.m2/repository/org/apache/hadoop/hadoop-common/3.2.0/hadoop-common-3.2.0.jar:/home/user/.m2/repository/org/apache/hadoop/hadoop-hdfs/3.2.0/hadoop-hdfs-3.2.0.jar:/home/user/.m2/repository/org/apache/hadoop/hadoop-hdfs-client/3.2.0/hadoop-hdfs-client-3.2.0.jar:/home/user/.m2/repository/com/fasterxml/jackson/core/jackson-annotations/2.9.5/jackson-annotations-2.9.5.jar:/home/user/.m2/repository/org/apache/hadoop/hadoop-hdds-common/0.5.0-SNAPSHOT/hadoop-hdds-common-0.5.0-SNAPSHOT.jar:/home/user/.m2/repository/javax/annotation/javax.annotation-api/1.2/javax.annotation-api-1.2.jar:/home/user/.m2/repository/org/apache/ratis/ratis-server/0.4.0-2337318-SNAPSHOT/ratis-server-0.4.0-2337318-SNAPSHOT.jar:/home/user/.m2/repository/org/apache/ratis/ratis-thirdparty-misc/0.2.0/ratis-thirdparty-misc-0.2.0.jar:/home/user/.m2/repository/org/apache/ratis/ratis-proto/0.4.0-2337318-SNAPSHOT/ratis-proto-0.4.0-2337318-SNAPSHOT.jar:/home/user/.m2/repository/org/apache/ratis/ratis-common/0.4.0-2337318-SNAPSHOT/ratis-common-0.4.0-2337318-SNAPSHOT.jar:/home/user/.m2/repository/org/apache/ratis/ratis-client/0.4.0-2337318-SNAPSHOT/ratis-client-0.4.0-2337318-SNAPSHOT.jar:/home/user/.m2/repository/org/apache/ratis/ratis-metrics/0.4.0-2337318-SNAPSHOT/ratis-metrics-0.4.0-2337318-SNAPSHOT.jar:/home/user/.m2/repository/org/apache/ratis/ratis-netty/0.4.0-2337318-SNAPSHOT/ratis-netty-0.4.0-2337318-SNAPSHOT.jar:/home/user/.m2/repository/org/apache/ratis/ratis-grpc/0.4.0-2337318-SNAPSHOT/ratis-grpc-0.4.0-2337318-SNAPSHOT.jar:/home/user/.m2/repository/org/rocksdb/rocksdbjni/6.0.1/rocksdbjni-6.0.1.jar:/home/user/.m2/repository/org/apache/logging/log4j/log4j-api/2.11.0/log4j-api-2.11.0.jar:/home/user/.m2/repository/org/apache/logging/log4j/log4j-core/2.11.0/log4j-core-2.11.0.jar:/home/user/.m2/repository/com/lmax/disruptor/3.4.2/disruptor-3.4.2.jar:/home/user/.m2/repository/org/apache/commons/commons-pool2/2.6.0/commons-pool2-2.6.0.jar:/home/user/.m2/repository/org/bouncycastle/bcpkix-jdk15on/1.60/bcpkix-jdk15on-1.60.jar:/home/user/.m2/repository/commons-validator/commons-validator/1.6/commons-validator-1.6.jar:/home/user/.m2/repository/commons-digester/commons-digester/1.8.1/commons-digester-1.8.1.jar:/home/user/.m2/repository/io/jaegertracing/jaeger-client/0.33.1/jaeger-client-0.33.1.jar:/home/user/.m2/repository/io/jaegertracing/jaeger-thrift/0.33.1/jaeger-thrift-0.33.1.jar:/home/user/.m2/repository/org/apache/thrift/libthrift/0.11.0/libthrift-0.11.0.jar:/home/user/.m2/repository/com/squareup/okhttp3/okhttp/3.9.0/okhttp-3.9.0.jar:/home/user/.m2/repository/com/squareup/okio/okio/1.13.0/okio-1.13.0.jar:/home/user/.m2/repository/io/jaegertracing/jaeger-core/0.33.1/jaeger-core-0.33.1.jar:/home/user/.m2/repository/io/jaegertracing/jaeger-tracerresolver/0.33.1/jaeger-tracerresolver-0.33.1.jar:/home/user/.m2/repository/io/opentracing/contrib/opentracing-tracerresolver/0.1.5/opentracing-tracerresolver-0.1.5.jar:/home/user/.m2/repository/io/opentracing/opentracing-util/0.31.0/opentracing-util-0.31.0.jar:/home/user/.m2/repository/io/opentracing/opentracing-api/0.31.0/opentracing-api-0.31.0.jar:/home/user/.m2/repository/io/opentracing/opentracing-noop/0.31.0/opentracing-noop-0.31.0.jar:/home/user/.m2/repository/org/apache/hadoop/hadoop-hdds-server-framework/0.5.0-SNAPSHOT/hadoop-hdds-server-framework-0.5.0-SNAPSHOT.jar:/home/user/.m2/repository/org/apache/hadoop/hadoop-hdds-container-service/0.5.0-SNAPSHOT/hadoop-hdds-container-service-0.5.0-SNAPSHOT.jar:/home/user/.m2/repository/org/apache/hadoop/hadoop-hdds-client/0.5.0-SNAPSHOT/hadoop-hdds-client-0.5.0-SNAPSHOT.jar:/home/user/.m2/repository/org/apache/hadoop/hadoop-hdds-tools/0.5.0-SNAPSHOT/hadoop-hdds-tools-0.5.0-SNAPSHOT.jar:/home/user/.m2/repository/org/apache/hadoop/hadoop-hdds-server-scm/0.5.0-SNAPSHOT/hadoop-hdds-server-scm-0.5.0-SNAPSHOT.jar:/home/user/.m2/repository/org/apache/hadoop/hadoop-hdds-docs/0.5.0-SNAPSHOT/hadoop-hdds-docs-0.5.0-SNAPSHOT.jar:/home/user/.m2/repository/io/dropwizard/metrics/metrics-core/3.2.4/metrics-core-3.2.4.jar:/home/user/.m2/repository/org/hamcrest/hamcrest-all/1.3/hamcrest-all-1.3.jar:/home/user/.m2/repository/org/bouncycastle/bcprov-jdk15on/1.60/bcprov-jdk15on-1.60.jar:/home/user/.m2/repository/info/picocli/picocli/3.9.6/picocli-3.9.6.jar:/home/user/.m2/repository/com/google/protobuf/protobuf-java/2.5.0/protobuf-java-2.5.0.jar:/home/user/.m2/repository/com/google/guava/guava/11.0.2/guava-11.0.2.jar:/home/user/.m2/repository/org/apache/hadoop/hadoop-ozone-ozone-manager/0.5.0-SNAPSHOT/hadoop-ozone-ozone-manager-0.5.0-SNAPSHOT.jar:/home/user/.m2/repository/org/apache/hadoop/hadoop-minikdc/3.2.0/hadoop-minikdc-3.2.0.jar:/home/user/.m2/repository/commons-io/commons-io/2.5/commons-io-2.5.jar:/home/user/.m2/repository/org/apache/kerby/kerb-simplekdc/1.0.1/kerb-simplekdc-1.0.1.jar:/home/user/.m2/repository/org/apache/kerby/kerb-client/1.0.1/kerb-client-1.0.1.jar:/home/user/.m2/repository/org/apache/kerby/kerby-config/1.0.1/kerby-config-1.0.1.jar:/home/user/.m2/repository/org/apache/kerby/kerb-core/1.0.1/kerb-core-1.0.1.jar:/home/user/.m2/repository/org/apache/kerby/kerby-pkix/1.0.1/kerby-pkix-1.0.1.jar:/home/user/.m2/repository/org/apache/kerby/kerby-asn1/1.0.1/kerby-asn1-1.0.1.jar:/home/user/.m2/repository/org/apache/kerby/kerby-util/1.0.1/kerby-util-1.0.1.jar:/home/user/.m2/repository/org/apache/kerby/kerb-common/1.0.1/kerb-common-1.0.1.jar:/home/user/.m2/repository/org/apache/kerby/kerb-crypto/1.0.1/kerb-crypto-1.0.1.jar:/home/user/.m2/repository/org/apache/kerby/kerb-util/1.0.1/kerb-util-1.0.1.jar:/home/user/.m2/repository/org/apache/kerby/token-provider/1.0.1/token-provider-1.0.1.jar:/home/user/.m2/repository/org/apache/kerby/kerb-admin/1.0.1/kerb-admin-1.0.1.jar:/home/user/.m2/repository/org/apache/kerby/kerb-server/1.0.1/kerb-server-1.0.1.jar:/home/user/.m2/repository/org/apache/kerby/kerb-identity/1.0.1/kerb-identity-1.0.1.jar:/home/user/.m2/repository/org/apache/kerby/kerby-xdr/1.0.1/kerby-xdr-1.0.1.jar:/home/user/.m2/repository/org/slf4j/slf4j-log4j12/1.7.25/slf4j-log4j12-1.7.25.jar:/home/user/.m2/repository/org/apache/hadoop/hadoop-ozone-s3gateway/0.5.0-SNAPSHOT/hadoop-ozone-s3gateway-0.5.0-SNAPSHOT.jar:/home/user/.m2/repository/org/jboss/weld/servlet/weld-servlet/2.4.7.Final/weld-servlet-2.4.7.Final.jar:/home/user/.m2/repository/org/glassfish/jersey/containers/jersey-container-servlet-core/2.27/jersey-container-servlet-core-2.27.jar:/home/user/.m2/repository/org/glassfish/hk2/external/javax.inject/2.5.0-b42/javax.inject-2.5.0-b42.jar:/home/user/.m2/repository/org/glassfish/jersey/core/jersey-common/2.27/jersey-common-2.27.jar:/home/user/.m2/repository/org/glassfish/hk2/osgi-resource-locator/1.0.1/osgi-resource-locator-1.0.1.jar:/home/user/.m2/repository/javax/ws/rs/javax.ws.rs-api/2.1/javax.ws.rs-api-2.1.jar:/home/user/.m2/repository/org/glassfish/jersey/ext/cdi/jersey-cdi1x/2.27/jersey-cdi1x-2.27.jar:/home/user/.m2/repository/org/glassfish/jersey/inject/jersey-hk2/2.27/jersey-hk2-2.27.jar:/home/user/.m2/repository/org/glassfish/hk2/hk2-locator/2.5.0-b42/hk2-locator-2.5.0-b42.jar:/home/user/.m2/repository/org/javassist/javassist/3.22.0-CR2/javassist-3.22.0-CR2.jar:/home/user/.m2/repository/org/glassfish/hk2/hk2-api/2.5.0/hk2-api-2.5.0.jar:/home/user/.m2/repository/org/glassfish/hk2/external/jakarta.inject/2.5.0/jakarta.inject-2.5.0.jar:/home/user/.m2/repository/org/glassfish/hk2/hk2-utils/2.5.0/hk2-utils-2.5.0.jar:/home/user/.m2/repository/jakarta/annotation/jakarta.annotation-api/1.3.4/jakarta.annotation-api-1.3.4.jar:/home/user/.m2/repository/org/glassfish/hk2/external/aopalliance-repackaged/2.5.0/aopalliance-repackaged-2.5.0.jar:/home/user/.m2/repository/com/fasterxml/jackson/dataformat/jackson-dataformat-xml/2.9.0/jackson-dataformat-xml-2.9.0.jar:/home/user/.m2/repository/com/fasterxml/jackson/core/jackson-core/2.9.5/jackson-core-2.9.5.jar:/home/user/.m2/repository/com/fasterxml/jackson/module/jackson-module-jaxb-annotations/2.9.5/jackson-module-jaxb-annotations-2.9.5.jar:/home/user/.m2/repository/javax/enterprise/cdi-api/1.2/cdi-api-1.2.jar:/home/user/.m2/repository/javax/el/javax.el-api/3.0.0/javax.el-api-3.0.0.jar:/home/user/.m2/repository/javax/interceptor/javax.interceptor-api/1.2/javax.interceptor-api-1.2.jar:/home/user/.m2/repository/javax/inject/javax.inject/1/javax.inject-1.jar:/home/user/.m2/repository/com/sun/xml/bind/jaxb-impl/2.3.0.1/jaxb-impl-2.3.0.1.jar:/home/user/.m2/repository/com/sun/xml/bind/jaxb-core/2.3.0.1/jaxb-core-2.3.0.1.jar:/home/user/.m2/repository/javax/xml/bind/jaxb-api/2.3.0/jaxb-api-2.3.0.jar:/home/user/.m2/repository/javax/activation/activation/1.1.1/activation-1.1.1.jar:/home/user/.m2/repository/org/apache/hadoop/hadoop-ozone-csi/0.5.0-SNAPSHOT/hadoop-ozone-csi-0.5.0-SNAPSHOT.jar:/home/user/.m2/repository/com/google/protobuf/protobuf-java-util/3.5.1/protobuf-java-util-3.5.1.jar:/home/user/.m2/repository/org/apache/hadoop/hadoop-hdds-config/0.5.0-SNAPSHOT/hadoop-hdds-config-0.5.0-SNAPSHOT.jar:/home/user/.m2/repository/io/grpc/grpc-netty/1.17.1/grpc-netty-1.17.1.jar:/home/user/.m2/repository/io/grpc/grpc-core/1.17.1/grpc-core-1.17.1.jar:/home/user/.m2/repository/io/grpc/grpc-context/1.17.1/grpc-context-1.17.1.jar:/home/user/.m2/repository/com/google/errorprone/error_prone_annotations/2.2.0/error_prone_annotations-2.2.0.jar:/home/user/.m2/repository/org/codehaus/mojo/animal-sniffer-annotations/1.17/animal-sniffer-annotations-1.17.jar:/home/user/.m2/repository/io/opencensus/opencensus-api/0.17.0/opencensus-api-0.17.0.jar:/home/user/.m2/repository/io/opencensus/opencensus-contrib-grpc-metrics/0.17.0/opencensus-contrib-grpc-metrics-0.17.0.jar:/home/user/.m2/repository/io/netty/netty-codec-http2/4.1.30.Final/netty-codec-http2-4.1.30.Final.jar:/home/user/.m2/repository/io/netty/netty-codec-http/4.1.30.Final/netty-codec-http-4.1.30.Final.jar:/home/user/.m2/repository/io/netty/netty-codec/4.1.30.Final/netty-codec-4.1.30.Final.jar:/home/user/.m2/repository/io/netty/netty-handler/4.1.30.Final/netty-handler-4.1.30.Final.jar:/home/user/.m2/repository/io/netty/netty-handler-proxy/4.1.30.Final/netty-handler-proxy-4.1.30.Final.jar:/home/user/.m2/repository/io/netty/netty-codec-socks/4.1.30.Final/netty-codec-socks-4.1.30.Final.jar:/home/user/.m2/repository/io/netty/netty-transport-native-epoll/4.1.30.Final/netty-transport-native-epoll-4.1.30.Final.jar:/home/user/.m2/repository/io/netty/netty-common/4.1.30.Final/netty-common-4.1.30.Final.jar:/home/user/.m2/repository/io/netty/netty-buffer/4.1.30.Final/netty-buffer-4.1.30.Final.jar:/home/user/.m2/repository/io/netty/netty-transport/4.1.30.Final/netty-transport-4.1.30.Final.jar:/home/user/.m2/repository/io/netty/netty-resolver/4.1.30.Final/netty-resolver-4.1.30.Final.jar:/home/user/.m2/repository/io/netty/netty-transport-native-unix-common/4.1.30.Final/netty-transport-native-unix-common-4.1.30.Final.jar:/home/user/.m2/repository/io/grpc/grpc-protobuf/1.17.1/grpc-protobuf-1.17.1.jar:/home/user/.m2/repository/com/google/api/grpc/proto-google-common-protos/1.0.0/proto-google-common-protos-1.0.0.jar:/home/user/.m2/repository/io/grpc/grpc-protobuf-lite/1.17.1/grpc-protobuf-lite-1.17.1.jar:/home/user/.m2/repository/io/grpc/grpc-stub/1.17.1/grpc-stub-1.17.1.jar:/home/user/.m2/repository/org/apache/hadoop/hadoop-ozone-recon/0.5.0-SNAPSHOT/hadoop-ozone-recon-0.5.0-SNAPSHOT.jar:/home/user/.m2/repository/org/apache/hadoop/hadoop-ozone-reconcodegen/0.5.0-SNAPSHOT/hadoop-ozone-reconcodegen-0.5.0-SNAPSHOT.jar:/home/user/.m2/repository/com/google/inject/extensions/guice-multibindings/4.0/guice-multibindings-4.0.jar:/home/user/.m2/repository/com/google/inject/guice/4.0/guice-4.0.jar:/home/user/.m2/repository/aopalliance/aopalliance/1.0/aopalliance-1.0.jar:/home/user/.m2/repository/com/google/inject/extensions/guice-servlet/4.0/guice-servlet-4.0.jar:/home/user/.m2/repository/org/glassfish/jersey/containers/jersey-container-servlet/2.27/jersey-container-servlet-2.27.jar:/home/user/.m2/repository/org/glassfish/hk2/guice-bridge/2.5.0/guice-bridge-2.5.0.jar:/home/user/.m2/repository/org/glassfish/jersey/core/jersey-server/2.27/jersey-server-2.27.jar:/home/user/.m2/repository/org/glassfish/jersey/core/jersey-client/2.27/jersey-client-2.27.jar:/home/user/.m2/repository/org/glassfish/jersey/media/jersey-media-jaxb/2.27/jersey-media-jaxb-2.27.jar:/home/user/.m2/repository/javax/validation/validation-api/1.1.0.Final/validation-api-1.1.0.Final.jar:/home/user/.m2/repository/org/glassfish/jersey/media/jersey-media-json-jackson/2.27/jersey-media-json-jackson-2.27.jar:/home/user/.m2/repository/org/glassfish/jersey/ext/jersey-entity-filtering/2.27/jersey-entity-filtering-2.27.jar:/home/user/.m2/repository/com/google/inject/extensions/guice-assistedinject/4.0/guice-assistedinject-4.0.jar:/home/user/.m2/repository/org/jooq/jooq/3.11.10/jooq-3.11.10.jar:/home/user/.m2/repository/org/jooq/jooq-meta/3.11.10/jooq-meta-3.11.10.jar:/home/user/.m2/repository/org/jooq/jooq-codegen/3.11.10/jooq-codegen-3.11.10.jar:/home/user/.m2/repository/com/jolbox/bonecp/0.8.0.RELEASE/bonecp-0.8.0.RELEASE.jar:/home/user/.m2/repository/org/xerial/sqlite-jdbc/3.25.2/sqlite-jdbc-3.25.2.jar:/home/user/.m2/repository/org/springframework/spring-jdbc/5.1.3.RELEASE/spring-jdbc-5.1.3.RELEASE.jar:/home/user/.m2/repository/org/springframework/spring-beans/5.1.3.RELEASE/spring-beans-5.1.3.RELEASE.jar:/home/user/.m2/repository/org/springframework/spring-core/5.1.3.RELEASE/spring-core-5.1.3.RELEASE.jar:/home/user/.m2/repository/org/springframework/spring-jcl/5.1.3.RELEASE/spring-jcl-5.1.3.RELEASE.jar:/home/user/.m2/repository/org/springframework/spring-tx/5.1.3.RELEASE/spring-tx-5.1.3.RELEASE.jar:/home/user/.m2/repository/org/apache/hadoop/hadoop-ozone-client/0.5.0-SNAPSHOT/hadoop-ozone-client-0.5.0-SNAPSHOT.jar:/home/user/.m2/repository/commons-lang/commons-lang/2.6/commons-lang-2.6.jar:/home/user/.m2/repository/org/apache/hadoop/hadoop-ozone-ozone-manager/0.5.0-SNAPSHOT/hadoop-ozone-ozone-manager-0.5.0-SNAPSHOT-tests.jar:/home/user/.m2/repository/junit/junit/4.11/junit-4.11.jar:/home/user/.m2/repository/org/hamcrest/hamcrest-core/1.3/hamcrest-core-1.3.jar:/home/user/.m2/repository/org/openjdk/jmh/jmh-core/1.19/jmh-core-1.19.jar:/home/user/.m2/repository/net/sf/jopt-simple/jopt-simple/4.6/jopt-simple-4.6.jar:/home/user/.m2/repository/org/apache/commons/commons-math3/3.1.1/commons-math3-3.1.1.jar:/home/user/.m2/repository/org/openjdk/jmh/jmh-generator-annprocess/1.19/jmh-generator-annprocess-1.19.jar:/home/user/.m2/repository/org/mockito/mockito-all/1.8.5/mockito-all-1.8.5.jar:/home/user/.m2/repository/org/apache/hadoop/hadoop-kms/3.2.0/hadoop-kms-3.2.0.jar:/home/user/.m2/repository/org/apache/hadoop/hadoop-auth/3.2.0/hadoop-auth-3.2.0.jar:/home/user/.m2/repository/com/nimbusds/nimbus-jose-jwt/4.41.1/nimbus-jose-jwt-4.41.1.jar:/home/user/.m2/repository/com/github/stephenc/jcip/jcip-annotations/1.0-1/jcip-annotations-1.0-1.jar:/home/user/.m2/repository/net/minidev/json-smart/2.3/json-smart-2.3.jar:/home/user/.m2/repository/net/minidev/accessors-smart/1.2/accessors-smart-1.2.jar:/home/user/.m2/repository/org/ow2/asm/asm/5.0.4/asm-5.0.4.jar:/home/user/.m2/repository/org/apache/curator/curator-framework/2.12.0/curator-framework-2.12.0.jar:/home/user/.m2/repository/com/sun/jersey/jersey-core/1.19/jersey-core-1.19.jar:/home/user/.m2/repository/javax/ws/rs/jsr311-api/1.1.1/jsr311-api-1.1.1.jar:/home/user/.m2/repository/com/sun/jersey/jersey-server/1.19/jersey-server-1.19.jar:/home/user/.m2/repository/javax/servlet/javax.servlet-api/3.1.0/javax.servlet-api-3.1.0.jar:/home/user/.m2/repository/org/eclipse/jetty/jetty-server/9.3.24.v20180605/jetty-server-9.3.24.v20180605.jar:/home/user/.m2/repository/org/eclipse/jetty/jetty-http/9.3.24.v20180605/jetty-http-9.3.24.v20180605.jar:/home/user/.m2/repository/org/eclipse/jetty/jetty-io/9.3.24.v20180605/jetty-io-9.3.24.v20180605.jar:/home/user/.m2/repository/org/eclipse/jetty/jetty-webapp/9.3.24.v20180605/jetty-webapp-9.3.24.v20180605.jar:/home/user/.m2/repository/org/eclipse/jetty/jetty-xml/9.3.24.v20180605/jetty-xml-9.3.24.v20180605.jar:/home/user/.m2/repository/log4j/log4j/1.2.17/log4j-1.2.17.jar:/home/user/.m2/repository/org/slf4j/slf4j-api/1.7.25/slf4j-api-1.7.25.jar:/home/user/.m2/repository/org/slf4j/jul-to-slf4j/1.7.25/jul-to-slf4j-1.7.25.jar:/home/user/.m2/repository/org/eclipse/jetty/jetty-util/9.3.24.v20180605/jetty-util-9.3.24.v20180605.jar:/home/user/.m2/repository/com/fasterxml/jackson/core/jackson-databind/2.9.5/jackson-databind-2.9.5.jar:/home/user/.m2/repository/org/apache/hadoop/hadoop-kms/3.2.0/hadoop-kms-3.2.0-tests.jar:/home/user/.m2/repository/org/apache/hadoop/hadoop-hdds-server-scm/0.5.0-SNAPSHOT/hadoop-hdds-server-scm-0.5.0-SNAPSHOT-tests.jar:/home/user/.m2/repository/org/apache/hadoop/hadoop-hdds-container-service/0.5.0-SNAPSHOT/hadoop-hdds-container-service-0.5.0-SNAPSHOT-tests.jar:/home/user/.m2/repository/org/yaml/snakeyaml/1.16/snakeyaml-1.16.jar:/home/user/.m2/repository/org/apache/hadoop/hadoop-common/3.2.0/hadoop-common-3.2.0-tests.jar:/home/user/.m2/repository/org/apache/hadoop/hadoop-annotations/3.2.0/hadoop-annotations-3.2.0.jar:/usr/lib/jvm/java-1.8-openjdk/jre/../lib/tools.jar:/home/user/.m2/repository/commons-cli/commons-cli/1.2/commons-cli-1.2.jar:/home/user/.m2/repository/org/apache/httpcomponents/httpclient/4.5.2/httpclient-4.5.2.jar:/home/user/.m2/repository/org/apache/httpcomponents/httpcore/4.4.4/httpcore-4.4.4.jar:/home/user/.m2/repository/commons-codec/commons-codec/1.11/commons-codec-1.11.jar:/home/user/.m2/repository/commons-net/commons-net/3.6/commons-net-3.6.jar:/home/user/.m2/repository/commons-collections/commons-collections/3.2.2/commons-collections-3.2.2.jar:/home/user/.m2/repository/org/eclipse/jetty/jetty-servlet/9.3.24.v20180605/jetty-servlet-9.3.24.v20180605.jar:/home/user/.m2/repository/org/eclipse/jetty/jetty-security/9.3.24.v20180605/jetty-security-9.3.24.v20180605.jar:/home/user/.m2/repository/javax/servlet/jsp/jsp-api/2.1/jsp-api-2.1.jar:/home/user/.m2/repository/com/sun/jersey/jersey-servlet/1.19/jersey-servlet-1.19.jar:/home/user/.m2/repository/com/sun/jersey/jersey-json/1.19/jersey-json-1.19.jar:/home/user/.m2/repository/org/codehaus/jettison/jettison/1.1/jettison-1.1.jar:/home/user/.m2/repository/org/codehaus/jackson/jackson-core-asl/1.9.13/jackson-core-asl-1.9.13.jar:/home/user/.m2/repository/org/codehaus/jackson/jackson-mapper-asl/1.9.13/jackson-mapper-asl-1.9.13.jar:/home/user/.m2/repository/org/codehaus/jackson/jackson-jaxrs/1.9.13/jackson-jaxrs-1.9.13.jar:/home/user/.m2/repository/org/codehaus/jackson/jackson-xc/1.9.13/jackson-xc-1.9.13.jar:/home/user/.m2/repository/commons-logging/commons-logging/1.1.3/commons-logging-1.1.3.jar:/home/user/.m2/repository/commons-beanutils/commons-beanutils/1.9.3/commons-beanutils-1.9.3.jar:/home/user/.m2/repository/org/apache/commons/commons-configuration2/2.1.1/commons-configuration2-2.1.1.jar:/home/user/.m2/repository/org/apache/commons/commons-lang3/3.7/commons-lang3-3.7.jar:/home/user/.m2/repository/org/apache/commons/commons-text/1.4/commons-text-1.4.jar:/home/user/.m2/repository/org/apache/avro/avro/1.7.7/avro-1.7.7.jar:/home/user/.m2/repository/com/thoughtworks/paranamer/paranamer/2.3/paranamer-2.3.jar:/home/user/.m2/repository/org/xerial/snappy/snappy-java/1.0.5/snappy-java-1.0.5.jar:/home/user/.m2/repository/com/google/re2j/re2j/1.1/re2j-1.1.jar:/home/user/.m2/repository/com/google/code/gson/gson/2.2.4/gson-2.2.4.jar:/home/user/.m2/repository/com/jcraft/jsch/0.1.54/jsch-0.1.54.jar:/home/user/.m2/repository/org/apache/curator/curator-client/2.12.0/curator-client-2.12.0.jar:/home/user/.m2/repository/org/apache/curator/curator-recipes/2.12.0/curator-recipes-2.12.0.jar:/home/user/.m2/repository/com/google/code/findbugs/jsr305/3.0.0/jsr305-3.0.0.jar:/home/user/.m2/repository/org/apache/htrace/htrace-core4/4.1.0-incubating/htrace-core4-4.1.0-incubating.jar:/home/user/.m2/repository/org/apache/zookeeper/zookeeper/3.4.13/zookeeper-3.4.13.jar:/home/user/.m2/repository/org/apache/yetus/audience-annotations/0.5.0/audience-annotations-0.5.0.jar:/home/user/.m2/repository/org/codehaus/woodstox/stax2-api/3.1.4/stax2-api-3.1.4.jar:/home/user/.m2/repository/com/fasterxml/woodstox/woodstox-core/5.0.3/woodstox-core-5.0.3.jar:/home/user/.m2/repository/dnsjava/dnsjava/2.1.7/dnsjava-2.1.7.jar:/home/user/.m2/repository/org/apache/hadoop/hadoop-hdfs/3.2.0/hadoop-hdfs-3.2.0-tests.jar:/home/user/.m2/repository/org/eclipse/jetty/jetty-util-ajax/9.3.24.v20180605/jetty-util-ajax-9.3.24.v20180605.jar:/home/user/.m2/repository/commons-daemon/commons-daemon/1.0.13/commons-daemon-1.0.13.jar:/home/user/.m2/repository/io/netty/netty/3.10.5.Final/netty-3.10.5.Final.jar:/home/user/.m2/repository/io/netty/netty-all/4.0.52.Final/netty-all-4.0.52.Final.jar:/home/user/.m2/repository/org/fusesource/leveldbjni/leveldbjni-all/1.8/leveldbjni-all-1.8.jar:"/>
    <property name="java.vm.vendor" value="IcedTea"/>
    <property name="sun.arch.data.model" value="64"/>
    <property name="test.build.dir" value="/workdir/hadoop-ozone/integration-test/target/test-dir"/>
    <property name="test.cache.data" value=""/>
    <property name="java.vendor.url" value="https://icedtea.classpath.org"/>
    <property name="user.timezone" value=""/>
    <property name="java.vm.specification.version" value="1.8"/>
    <property name="os.name" value="Linux"/>
    <property name="test.build.data" value="/workdir/hadoop-ozone/integration-test/target/test-dir"/>
    <property name="user.country" value="US"/>
    <property name="sun.java.launcher" value="SUN_STANDARD"/>
    <property name="sun.boot.library.path" value="/usr/lib/jvm/java-1.8-openjdk/jre/lib/amd64"/>
    <property name="sun.java.command" value="/workdir/hadoop-ozone/integration-test/target/surefire/surefirebooter4803734279210828786.jar /workdir/hadoop-ozone/integration-test/target/surefire 2019-09-03T12-17-58_103-jvmRun1 surefire4394288903680198183tmp surefire_165999322138851558921tmp"/>
    <property name="test" value="!TestMiniChaosOzoneCluster"/>
    <property name="surefire.test.class.path" value="/workdir/hadoop-ozone/integration-test/target/test-classes:/workdir/hadoop-ozone/integration-test/target/classes:/home/user/.m2/repository/org/apache/hadoop/hadoop-ozone-common/0.5.0-SNAPSHOT/hadoop-ozone-common-0.5.0-SNAPSHOT.jar:/home/user/.m2/repository/org/apache/commons/commons-compress/1.4.1/commons-compress-1.4.1.jar:/home/user/.m2/repository/org/tukaani/xz/1.0/xz-1.0.jar:/home/user/.m2/repository/org/apache/hadoop/hadoop-common/3.2.0/hadoop-common-3.2.0.jar:/home/user/.m2/repository/org/apache/hadoop/hadoop-hdfs/3.2.0/hadoop-hdfs-3.2.0.jar:/home/user/.m2/repository/org/apache/hadoop/hadoop-hdfs-client/3.2.0/hadoop-hdfs-client-3.2.0.jar:/home/user/.m2/repository/com/fasterxml/jackson/core/jackson-annotations/2.9.5/jackson-annotations-2.9.5.jar:/home/user/.m2/repository/org/apache/hadoop/hadoop-hdds-common/0.5.0-SNAPSHOT/hadoop-hdds-common-0.5.0-SNAPSHOT.jar:/home/user/.m2/repository/javax/annotation/javax.annotation-api/1.2/javax.annotation-api-1.2.jar:/home/user/.m2/repository/org/apache/ratis/ratis-server/0.4.0-2337318-SNAPSHOT/ratis-server-0.4.0-2337318-SNAPSHOT.jar:/home/user/.m2/repository/org/apache/ratis/ratis-thirdparty-misc/0.2.0/ratis-thirdparty-misc-0.2.0.jar:/home/user/.m2/repository/org/apache/ratis/ratis-proto/0.4.0-2337318-SNAPSHOT/ratis-proto-0.4.0-2337318-SNAPSHOT.jar:/home/user/.m2/repository/org/apache/ratis/ratis-common/0.4.0-2337318-SNAPSHOT/ratis-common-0.4.0-2337318-SNAPSHOT.jar:/home/user/.m2/repository/org/apache/ratis/ratis-client/0.4.0-2337318-SNAPSHOT/ratis-client-0.4.0-2337318-SNAPSHOT.jar:/home/user/.m2/repository/org/apache/ratis/ratis-metrics/0.4.0-2337318-SNAPSHOT/ratis-metrics-0.4.0-2337318-SNAPSHOT.jar:/home/user/.m2/repository/org/apache/ratis/ratis-netty/0.4.0-2337318-SNAPSHOT/ratis-netty-0.4.0-2337318-SNAPSHOT.jar:/home/user/.m2/repository/org/apache/ratis/ratis-grpc/0.4.0-2337318-SNAPSHOT/ratis-grpc-0.4.0-2337318-SNAPSHOT.jar:/home/user/.m2/repository/org/rocksdb/rocksdbjni/6.0.1/rocksdbjni-6.0.1.jar:/home/user/.m2/repository/org/apache/logging/log4j/log4j-api/2.11.0/log4j-api-2.11.0.jar:/home/user/.m2/repository/org/apache/logging/log4j/log4j-core/2.11.0/log4j-core-2.11.0.jar:/home/user/.m2/repository/com/lmax/disruptor/3.4.2/disruptor-3.4.2.jar:/home/user/.m2/repository/org/apache/commons/commons-pool2/2.6.0/commons-pool2-2.6.0.jar:/home/user/.m2/repository/org/bouncycastle/bcpkix-jdk15on/1.60/bcpkix-jdk15on-1.60.jar:/home/user/.m2/repository/commons-validator/commons-validator/1.6/commons-validator-1.6.jar:/home/user/.m2/repository/commons-digester/commons-digester/1.8.1/commons-digester-1.8.1.jar:/home/user/.m2/repository/io/jaegertracing/jaeger-client/0.33.1/jaeger-client-0.33.1.jar:/home/user/.m2/repository/io/jaegertracing/jaeger-thrift/0.33.1/jaeger-thrift-0.33.1.jar:/home/user/.m2/repository/org/apache/thrift/libthrift/0.11.0/libthrift-0.11.0.jar:/home/user/.m2/repository/com/squareup/okhttp3/okhttp/3.9.0/okhttp-3.9.0.jar:/home/user/.m2/repository/com/squareup/okio/okio/1.13.0/okio-1.13.0.jar:/home/user/.m2/repository/io/jaegertracing/jaeger-core/0.33.1/jaeger-core-0.33.1.jar:/home/user/.m2/repository/io/jaegertracing/jaeger-tracerresolver/0.33.1/jaeger-tracerresolver-0.33.1.jar:/home/user/.m2/repository/io/opentracing/contrib/opentracing-tracerresolver/0.1.5/opentracing-tracerresolver-0.1.5.jar:/home/user/.m2/repository/io/opentracing/opentracing-util/0.31.0/opentracing-util-0.31.0.jar:/home/user/.m2/repository/io/opentracing/opentracing-api/0.31.0/opentracing-api-0.31.0.jar:/home/user/.m2/repository/io/opentracing/opentracing-noop/0.31.0/opentracing-noop-0.31.0.jar:/home/user/.m2/repository/org/apache/hadoop/hadoop-hdds-server-framework/0.5.0-SNAPSHOT/hadoop-hdds-server-framework-0.5.0-SNAPSHOT.jar:/home/user/.m2/repository/org/apache/hadoop/hadoop-hdds-container-service/0.5.0-SNAPSHOT/hadoop-hdds-container-service-0.5.0-SNAPSHOT.jar:/home/user/.m2/repository/org/apache/hadoop/hadoop-hdds-client/0.5.0-SNAPSHOT/hadoop-hdds-client-0.5.0-SNAPSHOT.jar:/home/user/.m2/repository/org/apache/hadoop/hadoop-hdds-tools/0.5.0-SNAPSHOT/hadoop-hdds-tools-0.5.0-SNAPSHOT.jar:/home/user/.m2/repository/org/apache/hadoop/hadoop-hdds-server-scm/0.5.0-SNAPSHOT/hadoop-hdds-server-scm-0.5.0-SNAPSHOT.jar:/home/user/.m2/repository/org/apache/hadoop/hadoop-hdds-docs/0.5.0-SNAPSHOT/hadoop-hdds-docs-0.5.0-SNAPSHOT.jar:/home/user/.m2/repository/io/dropwizard/metrics/metrics-core/3.2.4/metrics-core-3.2.4.jar:/home/user/.m2/repository/org/hamcrest/hamcrest-all/1.3/hamcrest-all-1.3.jar:/home/user/.m2/repository/org/bouncycastle/bcprov-jdk15on/1.60/bcprov-jdk15on-1.60.jar:/home/user/.m2/repository/info/picocli/picocli/3.9.6/picocli-3.9.6.jar:/home/user/.m2/repository/com/google/protobuf/protobuf-java/2.5.0/protobuf-java-2.5.0.jar:/home/user/.m2/repository/com/google/guava/guava/11.0.2/guava-11.0.2.jar:/home/user/.m2/repository/org/apache/hadoop/hadoop-ozone-ozone-manager/0.5.0-SNAPSHOT/hadoop-ozone-ozone-manager-0.5.0-SNAPSHOT.jar:/home/user/.m2/repository/org/apache/hadoop/hadoop-minikdc/3.2.0/hadoop-minikdc-3.2.0.jar:/home/user/.m2/repository/commons-io/commons-io/2.5/commons-io-2.5.jar:/home/user/.m2/repository/org/apache/kerby/kerb-simplekdc/1.0.1/kerb-simplekdc-1.0.1.jar:/home/user/.m2/repository/org/apache/kerby/kerb-client/1.0.1/kerb-client-1.0.1.jar:/home/user/.m2/repository/org/apache/kerby/kerby-config/1.0.1/kerby-config-1.0.1.jar:/home/user/.m2/repository/org/apache/kerby/kerb-core/1.0.1/kerb-core-1.0.1.jar:/home/user/.m2/repository/org/apache/kerby/kerby-pkix/1.0.1/kerby-pkix-1.0.1.jar:/home/user/.m2/repository/org/apache/kerby/kerby-asn1/1.0.1/kerby-asn1-1.0.1.jar:/home/user/.m2/repository/org/apache/kerby/kerby-util/1.0.1/kerby-util-1.0.1.jar:/home/user/.m2/repository/org/apache/kerby/kerb-common/1.0.1/kerb-common-1.0.1.jar:/home/user/.m2/repository/org/apache/kerby/kerb-crypto/1.0.1/kerb-crypto-1.0.1.jar:/home/user/.m2/repository/org/apache/kerby/kerb-util/1.0.1/kerb-util-1.0.1.jar:/home/user/.m2/repository/org/apache/kerby/token-provider/1.0.1/token-provider-1.0.1.jar:/home/user/.m2/repository/org/apache/kerby/kerb-admin/1.0.1/kerb-admin-1.0.1.jar:/home/user/.m2/repository/org/apache/kerby/kerb-server/1.0.1/kerb-server-1.0.1.jar:/home/user/.m2/repository/org/apache/kerby/kerb-identity/1.0.1/kerb-identity-1.0.1.jar:/home/user/.m2/repository/org/apache/kerby/kerby-xdr/1.0.1/kerby-xdr-1.0.1.jar:/home/user/.m2/repository/org/slf4j/slf4j-log4j12/1.7.25/slf4j-log4j12-1.7.25.jar:/home/user/.m2/repository/org/apache/hadoop/hadoop-ozone-s3gateway/0.5.0-SNAPSHOT/hadoop-ozone-s3gateway-0.5.0-SNAPSHOT.jar:/home/user/.m2/repository/org/jboss/weld/servlet/weld-servlet/2.4.7.Final/weld-servlet-2.4.7.Final.jar:/home/user/.m2/repository/org/glassfish/jersey/containers/jersey-container-servlet-core/2.27/jersey-container-servlet-core-2.27.jar:/home/user/.m2/repository/org/glassfish/hk2/external/javax.inject/2.5.0-b42/javax.inject-2.5.0-b42.jar:/home/user/.m2/repository/org/glassfish/jersey/core/jersey-common/2.27/jersey-common-2.27.jar:/home/user/.m2/repository/org/glassfish/hk2/osgi-resource-locator/1.0.1/osgi-resource-locator-1.0.1.jar:/home/user/.m2/repository/javax/ws/rs/javax.ws.rs-api/2.1/javax.ws.rs-api-2.1.jar:/home/user/.m2/repository/org/glassfish/jersey/ext/cdi/jersey-cdi1x/2.27/jersey-cdi1x-2.27.jar:/home/user/.m2/repository/org/glassfish/jersey/inject/jersey-hk2/2.27/jersey-hk2-2.27.jar:/home/user/.m2/repository/org/glassfish/hk2/hk2-locator/2.5.0-b42/hk2-locator-2.5.0-b42.jar:/home/user/.m2/repository/org/javassist/javassist/3.22.0-CR2/javassist-3.22.0-CR2.jar:/home/user/.m2/repository/org/glassfish/hk2/hk2-api/2.5.0/hk2-api-2.5.0.jar:/home/user/.m2/repository/org/glassfish/hk2/external/jakarta.inject/2.5.0/jakarta.inject-2.5.0.jar:/home/user/.m2/repository/org/glassfish/hk2/hk2-utils/2.5.0/hk2-utils-2.5.0.jar:/home/user/.m2/repository/jakarta/annotation/jakarta.annotation-api/1.3.4/jakarta.annotation-api-1.3.4.jar:/home/user/.m2/repository/org/glassfish/hk2/external/aopalliance-repackaged/2.5.0/aopalliance-repackaged-2.5.0.jar:/home/user/.m2/repository/com/fasterxml/jackson/dataformat/jackson-dataformat-xml/2.9.0/jackson-dataformat-xml-2.9.0.jar:/home/user/.m2/repository/com/fasterxml/jackson/core/jackson-core/2.9.5/jackson-core-2.9.5.jar:/home/user/.m2/repository/com/fasterxml/jackson/module/jackson-module-jaxb-annotations/2.9.5/jackson-module-jaxb-annotations-2.9.5.jar:/home/user/.m2/repository/javax/enterprise/cdi-api/1.2/cdi-api-1.2.jar:/home/user/.m2/repository/javax/el/javax.el-api/3.0.0/javax.el-api-3.0.0.jar:/home/user/.m2/repository/javax/interceptor/javax.interceptor-api/1.2/javax.interceptor-api-1.2.jar:/home/user/.m2/repository/javax/inject/javax.inject/1/javax.inject-1.jar:/home/user/.m2/repository/com/sun/xml/bind/jaxb-impl/2.3.0.1/jaxb-impl-2.3.0.1.jar:/home/user/.m2/repository/com/sun/xml/bind/jaxb-core/2.3.0.1/jaxb-core-2.3.0.1.jar:/home/user/.m2/repository/javax/xml/bind/jaxb-api/2.3.0/jaxb-api-2.3.0.jar:/home/user/.m2/repository/javax/activation/activation/1.1.1/activation-1.1.1.jar:/home/user/.m2/repository/org/apache/hadoop/hadoop-ozone-csi/0.5.0-SNAPSHOT/hadoop-ozone-csi-0.5.0-SNAPSHOT.jar:/home/user/.m2/repository/com/google/protobuf/protobuf-java-util/3.5.1/protobuf-java-util-3.5.1.jar:/home/user/.m2/repository/org/apache/hadoop/hadoop-hdds-config/0.5.0-SNAPSHOT/hadoop-hdds-config-0.5.0-SNAPSHOT.jar:/home/user/.m2/repository/io/grpc/grpc-netty/1.17.1/grpc-netty-1.17.1.jar:/home/user/.m2/repository/io/grpc/grpc-core/1.17.1/grpc-core-1.17.1.jar:/home/user/.m2/repository/io/grpc/grpc-context/1.17.1/grpc-context-1.17.1.jar:/home/user/.m2/repository/com/google/errorprone/error_prone_annotations/2.2.0/error_prone_annotations-2.2.0.jar:/home/user/.m2/repository/org/codehaus/mojo/animal-sniffer-annotations/1.17/animal-sniffer-annotations-1.17.jar:/home/user/.m2/repository/io/opencensus/opencensus-api/0.17.0/opencensus-api-0.17.0.jar:/home/user/.m2/repository/io/opencensus/opencensus-contrib-grpc-metrics/0.17.0/opencensus-contrib-grpc-metrics-0.17.0.jar:/home/user/.m2/repository/io/netty/netty-codec-http2/4.1.30.Final/netty-codec-http2-4.1.30.Final.jar:/home/user/.m2/repository/io/netty/netty-codec-http/4.1.30.Final/netty-codec-http-4.1.30.Final.jar:/home/user/.m2/repository/io/netty/netty-codec/4.1.30.Final/netty-codec-4.1.30.Final.jar:/home/user/.m2/repository/io/netty/netty-handler/4.1.30.Final/netty-handler-4.1.30.Final.jar:/home/user/.m2/repository/io/netty/netty-handler-proxy/4.1.30.Final/netty-handler-proxy-4.1.30.Final.jar:/home/user/.m2/repository/io/netty/netty-codec-socks/4.1.30.Final/netty-codec-socks-4.1.30.Final.jar:/home/user/.m2/repository/io/netty/netty-transport-native-epoll/4.1.30.Final/netty-transport-native-epoll-4.1.30.Final.jar:/home/user/.m2/repository/io/netty/netty-common/4.1.30.Final/netty-common-4.1.30.Final.jar:/home/user/.m2/repository/io/netty/netty-buffer/4.1.30.Final/netty-buffer-4.1.30.Final.jar:/home/user/.m2/repository/io/netty/netty-transport/4.1.30.Final/netty-transport-4.1.30.Final.jar:/home/user/.m2/repository/io/netty/netty-resolver/4.1.30.Final/netty-resolver-4.1.30.Final.jar:/home/user/.m2/repository/io/netty/netty-transport-native-unix-common/4.1.30.Final/netty-transport-native-unix-common-4.1.30.Final.jar:/home/user/.m2/repository/io/grpc/grpc-protobuf/1.17.1/grpc-protobuf-1.17.1.jar:/home/user/.m2/repository/com/google/api/grpc/proto-google-common-protos/1.0.0/proto-google-common-protos-1.0.0.jar:/home/user/.m2/repository/io/grpc/grpc-protobuf-lite/1.17.1/grpc-protobuf-lite-1.17.1.jar:/home/user/.m2/repository/io/grpc/grpc-stub/1.17.1/grpc-stub-1.17.1.jar:/home/user/.m2/repository/org/apache/hadoop/hadoop-ozone-recon/0.5.0-SNAPSHOT/hadoop-ozone-recon-0.5.0-SNAPSHOT.jar:/home/user/.m2/repository/org/apache/hadoop/hadoop-ozone-reconcodegen/0.5.0-SNAPSHOT/hadoop-ozone-reconcodegen-0.5.0-SNAPSHOT.jar:/home/user/.m2/repository/com/google/inject/extensions/guice-multibindings/4.0/guice-multibindings-4.0.jar:/home/user/.m2/repository/com/google/inject/guice/4.0/guice-4.0.jar:/home/user/.m2/repository/aopalliance/aopalliance/1.0/aopalliance-1.0.jar:/home/user/.m2/repository/com/google/inject/extensions/guice-servlet/4.0/guice-servlet-4.0.jar:/home/user/.m2/repository/org/glassfish/jersey/containers/jersey-container-servlet/2.27/jersey-container-servlet-2.27.jar:/home/user/.m2/repository/org/glassfish/hk2/guice-bridge/2.5.0/guice-bridge-2.5.0.jar:/home/user/.m2/repository/org/glassfish/jersey/core/jersey-server/2.27/jersey-server-2.27.jar:/home/user/.m2/repository/org/glassfish/jersey/core/jersey-client/2.27/jersey-client-2.27.jar:/home/user/.m2/repository/org/glassfish/jersey/media/jersey-media-jaxb/2.27/jersey-media-jaxb-2.27.jar:/home/user/.m2/repository/javax/validation/validation-api/1.1.0.Final/validation-api-1.1.0.Final.jar:/home/user/.m2/repository/org/glassfish/jersey/media/jersey-media-json-jackson/2.27/jersey-media-json-jackson-2.27.jar:/home/user/.m2/repository/org/glassfish/jersey/ext/jersey-entity-filtering/2.27/jersey-entity-filtering-2.27.jar:/home/user/.m2/repository/com/google/inject/extensions/guice-assistedinject/4.0/guice-assistedinject-4.0.jar:/home/user/.m2/repository/org/jooq/jooq/3.11.10/jooq-3.11.10.jar:/home/user/.m2/repository/org/jooq/jooq-meta/3.11.10/jooq-meta-3.11.10.jar:/home/user/.m2/repository/org/jooq/jooq-codegen/3.11.10/jooq-codegen-3.11.10.jar:/home/user/.m2/repository/com/jolbox/bonecp/0.8.0.RELEASE/bonecp-0.8.0.RELEASE.jar:/home/user/.m2/repository/org/xerial/sqlite-jdbc/3.25.2/sqlite-jdbc-3.25.2.jar:/home/user/.m2/repository/org/springframework/spring-jdbc/5.1.3.RELEASE/spring-jdbc-5.1.3.RELEASE.jar:/home/user/.m2/repository/org/springframework/spring-beans/5.1.3.RELEASE/spring-beans-5.1.3.RELEASE.jar:/home/user/.m2/repository/org/springframework/spring-core/5.1.3.RELEASE/spring-core-5.1.3.RELEASE.jar:/home/user/.m2/repository/org/springframework/spring-jcl/5.1.3.RELEASE/spring-jcl-5.1.3.RELEASE.jar:/home/user/.m2/repository/org/springframework/spring-tx/5.1.3.RELEASE/spring-tx-5.1.3.RELEASE.jar:/home/user/.m2/repository/org/apache/hadoop/hadoop-ozone-client/0.5.0-SNAPSHOT/hadoop-ozone-client-0.5.0-SNAPSHOT.jar:/home/user/.m2/repository/commons-lang/commons-lang/2.6/commons-lang-2.6.jar:/home/user/.m2/repository/org/apache/hadoop/hadoop-ozone-ozone-manager/0.5.0-SNAPSHOT/hadoop-ozone-ozone-manager-0.5.0-SNAPSHOT-tests.jar:/home/user/.m2/repository/junit/junit/4.11/junit-4.11.jar:/home/user/.m2/repository/org/hamcrest/hamcrest-core/1.3/hamcrest-core-1.3.jar:/home/user/.m2/repository/org/openjdk/jmh/jmh-core/1.19/jmh-core-1.19.jar:/home/user/.m2/repository/net/sf/jopt-simple/jopt-simple/4.6/jopt-simple-4.6.jar:/home/user/.m2/repository/org/apache/commons/commons-math3/3.1.1/commons-math3-3.1.1.jar:/home/user/.m2/repository/org/openjdk/jmh/jmh-generator-annprocess/1.19/jmh-generator-annprocess-1.19.jar:/home/user/.m2/repository/org/mockito/mockito-all/1.8.5/mockito-all-1.8.5.jar:/home/user/.m2/repository/org/apache/hadoop/hadoop-kms/3.2.0/hadoop-kms-3.2.0.jar:/home/user/.m2/repository/org/apache/hadoop/hadoop-auth/3.2.0/hadoop-auth-3.2.0.jar:/home/user/.m2/repository/com/nimbusds/nimbus-jose-jwt/4.41.1/nimbus-jose-jwt-4.41.1.jar:/home/user/.m2/repository/com/github/stephenc/jcip/jcip-annotations/1.0-1/jcip-annotations-1.0-1.jar:/home/user/.m2/repository/net/minidev/json-smart/2.3/json-smart-2.3.jar:/home/user/.m2/repository/net/minidev/accessors-smart/1.2/accessors-smart-1.2.jar:/home/user/.m2/repository/org/ow2/asm/asm/5.0.4/asm-5.0.4.jar:/home/user/.m2/repository/org/apache/curator/curator-framework/2.12.0/curator-framework-2.12.0.jar:/home/user/.m2/repository/com/sun/jersey/jersey-core/1.19/jersey-core-1.19.jar:/home/user/.m2/repository/javax/ws/rs/jsr311-api/1.1.1/jsr311-api-1.1.1.jar:/home/user/.m2/repository/com/sun/jersey/jersey-server/1.19/jersey-server-1.19.jar:/home/user/.m2/repository/javax/servlet/javax.servlet-api/3.1.0/javax.servlet-api-3.1.0.jar:/home/user/.m2/repository/org/eclipse/jetty/jetty-server/9.3.24.v20180605/jetty-server-9.3.24.v20180605.jar:/home/user/.m2/repository/org/eclipse/jetty/jetty-http/9.3.24.v20180605/jetty-http-9.3.24.v20180605.jar:/home/user/.m2/repository/org/eclipse/jetty/jetty-io/9.3.24.v20180605/jetty-io-9.3.24.v20180605.jar:/home/user/.m2/repository/org/eclipse/jetty/jetty-webapp/9.3.24.v20180605/jetty-webapp-9.3.24.v20180605.jar:/home/user/.m2/repository/org/eclipse/jetty/jetty-xml/9.3.24.v20180605/jetty-xml-9.3.24.v20180605.jar:/home/user/.m2/repository/log4j/log4j/1.2.17/log4j-1.2.17.jar:/home/user/.m2/repository/org/slf4j/slf4j-api/1.7.25/slf4j-api-1.7.25.jar:/home/user/.m2/repository/org/slf4j/jul-to-slf4j/1.7.25/jul-to-slf4j-1.7.25.jar:/home/user/.m2/repository/org/eclipse/jetty/jetty-util/9.3.24.v20180605/jetty-util-9.3.24.v20180605.jar:/home/user/.m2/repository/com/fasterxml/jackson/core/jackson-databind/2.9.5/jackson-databind-2.9.5.jar:/home/user/.m2/repository/org/apache/hadoop/hadoop-kms/3.2.0/hadoop-kms-3.2.0-tests.jar:/home/user/.m2/repository/org/apache/hadoop/hadoop-hdds-server-scm/0.5.0-SNAPSHOT/hadoop-hdds-server-scm-0.5.0-SNAPSHOT-tests.jar:/home/user/.m2/repository/org/apache/hadoop/hadoop-hdds-container-service/0.5.0-SNAPSHOT/hadoop-hdds-container-service-0.5.0-SNAPSHOT-tests.jar:/home/user/.m2/repository/org/yaml/snakeyaml/1.16/snakeyaml-1.16.jar:/home/user/.m2/repository/org/apache/hadoop/hadoop-common/3.2.0/hadoop-common-3.2.0-tests.jar:/home/user/.m2/repository/org/apache/hadoop/hadoop-annotations/3.2.0/hadoop-annotations-3.2.0.jar:/usr/lib/jvm/java-1.8-openjdk/jre/../lib/tools.jar:/home/user/.m2/repository/commons-cli/commons-cli/1.2/commons-cli-1.2.jar:/home/user/.m2/repository/org/apache/httpcomponents/httpclient/4.5.2/httpclient-4.5.2.jar:/home/user/.m2/repository/org/apache/httpcomponents/httpcore/4.4.4/httpcore-4.4.4.jar:/home/user/.m2/repository/commons-codec/commons-codec/1.11/commons-codec-1.11.jar:/home/user/.m2/repository/commons-net/commons-net/3.6/commons-net-3.6.jar:/home/user/.m2/repository/commons-collections/commons-collections/3.2.2/commons-collections-3.2.2.jar:/home/user/.m2/repository/org/eclipse/jetty/jetty-servlet/9.3.24.v20180605/jetty-servlet-9.3.24.v20180605.jar:/home/user/.m2/repository/org/eclipse/jetty/jetty-security/9.3.24.v20180605/jetty-security-9.3.24.v20180605.jar:/home/user/.m2/repository/javax/servlet/jsp/jsp-api/2.1/jsp-api-2.1.jar:/home/user/.m2/repository/com/sun/jersey/jersey-servlet/1.19/jersey-servlet-1.19.jar:/home/user/.m2/repository/com/sun/jersey/jersey-json/1.19/jersey-json-1.19.jar:/home/user/.m2/repository/org/codehaus/jettison/jettison/1.1/jettison-1.1.jar:/home/user/.m2/repository/org/codehaus/jackson/jackson-core-asl/1.9.13/jackson-core-asl-1.9.13.jar:/home/user/.m2/repository/org/codehaus/jackson/jackson-mapper-asl/1.9.13/jackson-mapper-asl-1.9.13.jar:/home/user/.m2/repository/org/codehaus/jackson/jackson-jaxrs/1.9.13/jackson-jaxrs-1.9.13.jar:/home/user/.m2/repository/org/codehaus/jackson/jackson-xc/1.9.13/jackson-xc-1.9.13.jar:/home/user/.m2/repository/commons-logging/commons-logging/1.1.3/commons-logging-1.1.3.jar:/home/user/.m2/repository/commons-beanutils/commons-beanutils/1.9.3/commons-beanutils-1.9.3.jar:/home/user/.m2/repository/org/apache/commons/commons-configuration2/2.1.1/commons-configuration2-2.1.1.jar:/home/user/.m2/repository/org/apache/commons/commons-lang3/3.7/commons-lang3-3.7.jar:/home/user/.m2/repository/org/apache/commons/commons-text/1.4/commons-text-1.4.jar:/home/user/.m2/repository/org/apache/avro/avro/1.7.7/avro-1.7.7.jar:/home/user/.m2/repository/com/thoughtworks/paranamer/paranamer/2.3/paranamer-2.3.jar:/home/user/.m2/repository/org/xerial/snappy/snappy-java/1.0.5/snappy-java-1.0.5.jar:/home/user/.m2/repository/com/google/re2j/re2j/1.1/re2j-1.1.jar:/home/user/.m2/repository/com/google/code/gson/gson/2.2.4/gson-2.2.4.jar:/home/user/.m2/repository/com/jcraft/jsch/0.1.54/jsch-0.1.54.jar:/home/user/.m2/repository/org/apache/curator/curator-client/2.12.0/curator-client-2.12.0.jar:/home/user/.m2/repository/org/apache/curator/curator-recipes/2.12.0/curator-recipes-2.12.0.jar:/home/user/.m2/repository/com/google/code/findbugs/jsr305/3.0.0/jsr305-3.0.0.jar:/home/user/.m2/repository/org/apache/htrace/htrace-core4/4.1.0-incubating/htrace-core4-4.1.0-incubating.jar:/home/user/.m2/repository/org/apache/zookeeper/zookeeper/3.4.13/zookeeper-3.4.13.jar:/home/user/.m2/repository/org/apache/yetus/audience-annotations/0.5.0/audience-annotations-0.5.0.jar:/home/user/.m2/repository/org/codehaus/woodstox/stax2-api/3.1.4/stax2-api-3.1.4.jar:/home/user/.m2/repository/com/fasterxml/woodstox/woodstox-core/5.0.3/woodstox-core-5.0.3.jar:/home/user/.m2/repository/dnsjava/dnsjava/2.1.7/dnsjava-2.1.7.jar:/home/user/.m2/repository/org/apache/hadoop/hadoop-hdfs/3.2.0/hadoop-hdfs-3.2.0-tests.jar:/home/user/.m2/repository/org/eclipse/jetty/jetty-util-ajax/9.3.24.v20180605/jetty-util-ajax-9.3.24.v20180605.jar:/home/user/.m2/repository/commons-daemon/commons-daemon/1.0.13/commons-daemon-1.0.13.jar:/home/user/.m2/repository/io/netty/netty/3.10.5.Final/netty-3.10.5.Final.jar:/home/user/.m2/repository/io/netty/netty-all/4.0.52.Final/netty-all-4.0.52.Final.jar:/home/user/.m2/repository/org/fusesource/leveldbjni/leveldbjni-all/1.8/leveldbjni-all-1.8.jar:"/>
    <property name="sun.cpu.endian" value="little"/>
    <property name="user.home" value="/home/user"/>
    <property name="user.language" value="en"/>
    <property name="java.specification.vendor" value="Oracle Corporation"/>
    <property name="java.home" value="/usr/lib/jvm/java-1.8-openjdk/jre"/>
    <property name="java.security.krb5.conf" value="/workdir/hadoop-ozone/integration-test/target/test-classes/krb5.conf"/>
    <property name="basedir" value="/workdir/hadoop-ozone/integration-test"/>
    <property name="file.separator" value="/"/>
    <property name="line.separator" value="&#10;"/>
    <property name="java.vm.specification.vendor" value="Oracle Corporation"/>
    <property name="java.specification.name" value="Java Platform API Specification"/>
    <property name="java.awt.graphicsenv" value="sun.awt.X11GraphicsEnvironment"/>
    <property name="surefire.real.class.path" value="/workdir/hadoop-ozone/integration-test/target/surefire/surefirebooter4803734279210828786.jar"/>
    <property name="hadoop.log.dir" value="/workdir/hadoop-ozone/integration-test/target/log"/>
    <property name="sun.boot.class.path" value="/usr/lib/jvm/java-1.8-openjdk/jre/lib/resources.jar:/usr/lib/jvm/java-1.8-openjdk/jre/lib/rt.jar:/usr/lib/jvm/java-1.8-openjdk/jre/lib/sunrsasign.jar:/usr/lib/jvm/java-1.8-openjdk/jre/lib/jsse.jar:/usr/lib/jvm/java-1.8-openjdk/jre/lib/jce.jar:/usr/lib/jvm/java-1.8-openjdk/jre/lib/charsets.jar:/usr/lib/jvm/java-1.8-openjdk/jre/lib/jfr.jar:/usr/lib/jvm/java-1.8-openjdk/jre/classes"/>
    <property name="sun.management.compiler" value="HotSpot 64-Bit Tiered Compilers"/>
    <property name="java.runtime.version" value="1.8.0_212-b04"/>
    <property name="java.net.preferIPv4Stack" value="true"/>
    <property name="user.name" value="jenkins1000"/>
    <property name="path.separator" value=":"/>
    <property name="java.security.egd" value="file:///dev/urandom"/>
    <property name="os.version" value="3.10.0-957.12.2.el7.x86_64"/>
    <property name="java.endorsed.dirs" value="/usr/lib/jvm/java-1.8-openjdk/jre/lib/endorsed"/>
    <property name="java.runtime.name" value="OpenJDK Runtime Environment"/>
    <property name="file.encoding" value="UTF-8"/>
    <property name="java.vm.name" value="OpenJDK 64-Bit Server VM"/>
    <property name="test.build.webapps" value=""/>
    <property name="localRepository" value="/home/user/.m2/repository"/>
    <property name="java.vendor.url.bug" value="https://icedtea.classpath.org/bugzilla"/>
    <property name="java.io.tmpdir" value="/tmp"/>
    <property name="require.test.libhadoop" value=""/>
    <property name="java.version" value="1.8.0_212"/>
    <property name="user.dir" value="/workdir/hadoop-ozone/integration-test"/>
    <property name="os.arch" value="amd64"/>
    <property name="java.vm.specification.name" value="Java Virtual Machine Specification"/>
    <property name="test.build.classes" value="/workdir/hadoop-ozone/integration-test/target/test-classes"/>
    <property name="java.awt.printerjob" value="sun.print.PSPrinterJob"/>
    <property name="sun.os.patch.level" value="unknown"/>
    <property name="hadoop.tmp.dir" value="/workdir/hadoop-ozone/integration-test/target/tmp"/>
    <property name="java.library.path" value="/usr/lib/jvm/java-1.8-openjdk/jre/lib/amd64/server:/usr/lib/jvm/java-1.8-openjdk/jre/lib/amd64:/usr/lib/jvm/java-1.8-openjdk/jre/../lib/amd64:/workdir/hadoop-ozone/integration-test/target/native/target/usr/local/lib:/workdir/hadoop-ozone/integration-test/../../hadoop-common-project/hadoop-common/target/native/target/usr/local/lib:/usr/java/packages/lib/amd64:/usr/lib64:/lib64:/lib:/usr/lib"/>
    <property name="java.vm.info" value="mixed mode"/>
    <property name="java.vendor" value="IcedTea"/>
    <property name="java.vm.version" value="25.212-b04"/>
    <property name="java.ext.dirs" value="/usr/lib/jvm/java-1.8-openjdk/jre/lib/ext:/usr/java/packages/lib/ext"/>
    <property name="sun.io.unicode.encoding" value="UnicodeLittle"/>
    <property name="java.class.version" value="52.0"/>
  </properties>
  <testcase name="test2DatanodesFailure" classname="org.apache.hadoop.ozone.client.rpc.TestBlockOutputStreamWithFailures" time="103.589"/>
  <testcase name="testDatanodeFailureWithPreAllocation" classname="org.apache.hadoop.ozone.client.rpc.TestBlockOutputStreamWithFailures" time="224.171"/>
  <testcase name="testDatanodeFailureWithSingleNodeRatis" classname="org.apache.hadoop.ozone.client.rpc.TestBlockOutputStreamWithFailures" time="224.617"/>
  <testcase name="testWatchForCommitWithSingleNodeRatis" classname="org.apache.hadoop.ozone.client.rpc.TestBlockOutputStreamWithFailures" time="33.524"/>
  <testcase name="testWatchForCommitDatanodeFailure" classname="org.apache.hadoop.ozone.client.rpc.TestBlockOutputStreamWithFailures" time="53.196">
    <failure message="expected:&lt;2&gt; but was:&lt;3&gt;" type="java.lang.AssertionError"><![CDATA[java.lang.AssertionError: expected:<2> but was:<3>
	at org.junit.Assert.fail(Assert.java:88)
	at org.junit.Assert.failNotEquals(Assert.java:743)
	at org.junit.Assert.assertEquals(Assert.java:118)
	at org.junit.Assert.assertEquals(Assert.java:555)
	at org.junit.Assert.assertEquals(Assert.java:542)
	at org.apache.hadoop.ozone.client.rpc.TestBlockOutputStreamWithFailures.testWatchForCommitDatanodeFailure(TestBlockOutputStreamWithFailures.java:366)
	at sun.reflect.NativeMethodAccessorImpl.invoke0(Native Method)
	at sun.reflect.NativeMethodAccessorImpl.invoke(NativeMethodAccessorImpl.java:62)
	at sun.reflect.DelegatingMethodAccessorImpl.invoke(DelegatingMethodAccessorImpl.java:43)
	at java.lang.reflect.Method.invoke(Method.java:498)
	at org.junit.runners.model.FrameworkMethod$1.runReflectiveCall(FrameworkMethod.java:47)
	at org.junit.internal.runners.model.ReflectiveCallable.run(ReflectiveCallable.java:12)
	at org.junit.runners.model.FrameworkMethod.invokeExplosively(FrameworkMethod.java:44)
	at org.junit.internal.runners.statements.InvokeMethod.evaluate(InvokeMethod.java:17)
	at org.junit.internal.runners.statements.RunBefores.evaluate(RunBefores.java:26)
	at org.junit.internal.runners.statements.RunAfters.evaluate(RunAfters.java:27)
	at org.junit.runners.ParentRunner.runLeaf(ParentRunner.java:271)
	at org.junit.runners.BlockJUnit4ClassRunner.runChild(BlockJUnit4ClassRunner.java:70)
	at org.junit.runners.BlockJUnit4ClassRunner.runChild(BlockJUnit4ClassRunner.java:50)
	at org.junit.runners.ParentRunner$3.run(ParentRunner.java:238)
	at org.junit.runners.ParentRunner$1.schedule(ParentRunner.java:63)
	at org.junit.runners.ParentRunner.runChildren(ParentRunner.java:236)
	at org.junit.runners.ParentRunner.access$000(ParentRunner.java:53)
	at org.junit.runners.ParentRunner$2.evaluate(ParentRunner.java:229)
	at org.junit.runners.ParentRunner.run(ParentRunner.java:309)
	at org.apache.maven.surefire.junit4.JUnit4Provider.execute(JUnit4Provider.java:365)
	at org.apache.maven.surefire.junit4.JUnit4Provider.executeWithRerun(JUnit4Provider.java:273)
	at org.apache.maven.surefire.junit4.JUnit4Provider.executeTestSet(JUnit4Provider.java:238)
	at org.apache.maven.surefire.junit4.JUnit4Provider.invoke(JUnit4Provider.java:159)
	at org.apache.maven.surefire.booter.ForkedBooter.invokeProviderInSameClassLoader(ForkedBooter.java:384)
	at org.apache.maven.surefire.booter.ForkedBooter.runSuitesInProcess(ForkedBooter.java:345)
	at org.apache.maven.surefire.booter.ForkedBooter.execute(ForkedBooter.java:126)
	at org.apache.maven.surefire.booter.ForkedBooter.main(ForkedBooter.java:418)
]]></failure>
    <system-out><![CDATA[2019-09-03 12:39:37,097 [main] WARN  server.ServerUtils (ServerUtils.java:getScmDbDir(145)) - ozone.scm.db.dirs is not configured. We recommend adding this setting. Falling back to ozone.metadata.dirs instead.
2019-09-03 12:39:37,184 [main] WARN  server.ServerUtils (ServerUtils.java:getScmDbDir(145)) - ozone.scm.db.dirs is not configured. We recommend adding this setting. Falling back to ozone.metadata.dirs instead.
2019-09-03 12:39:37,185 [main] WARN  server.ServerUtils (ServerUtils.java:getScmDbDir(145)) - ozone.scm.db.dirs is not configured. We recommend adding this setting. Falling back to ozone.metadata.dirs instead.
2019-09-03 12:39:37,185 [main] INFO  db.DBStoreBuilder (DBStoreBuilder.java:addTable(110)) - using custom profile for table: deletedBlocks
2019-09-03 12:39:37,186 [main] INFO  db.DBStoreBuilder (DBStoreBuilder.java:processTables(161)) - Using default column profile:DBProfile.DISK for Table:deletedBlocks
2019-09-03 12:39:37,186 [main] INFO  db.DBStoreBuilder (DBStoreBuilder.java:addTable(110)) - using custom profile for table: validCerts
2019-09-03 12:39:37,186 [main] INFO  db.DBStoreBuilder (DBStoreBuilder.java:processTables(161)) - Using default column profile:DBProfile.DISK for Table:validCerts
2019-09-03 12:39:37,187 [main] INFO  db.DBStoreBuilder (DBStoreBuilder.java:addTable(110)) - using custom profile for table: revokedCerts
2019-09-03 12:39:37,187 [main] INFO  db.DBStoreBuilder (DBStoreBuilder.java:processTables(161)) - Using default column profile:DBProfile.DISK for Table:revokedCerts
2019-09-03 12:39:37,187 [main] INFO  db.DBStoreBuilder (DBStoreBuilder.java:addTable(110)) - using custom profile for table: default
2019-09-03 12:39:37,187 [main] INFO  db.DBStoreBuilder (DBStoreBuilder.java:processTables(167)) - Using default column profile:DBProfile.DISK for Table:default
2019-09-03 12:39:37,188 [main] INFO  db.DBStoreBuilder (DBStoreBuilder.java:getDbProfile(198)) - Using default options. DBProfile.DISK
2019-09-03 12:39:37,347 [main] INFO  net.NodeSchemaLoader (NodeSchemaLoader.java:loadSchemaFromFile(125)) - Loading file from sun.misc.CompoundEnumeration@28fc1132
2019-09-03 12:39:37,347 [main] INFO  net.NodeSchemaLoader (NodeSchemaLoader.java:loadSchema(171)) - Loading network topology layer schema file
2019-09-03 12:39:37,352 [main] INFO  node.SCMNodeManager (SCMNodeManager.java:<init>(114)) - Entering startup safe mode.
2019-09-03 12:39:37,352 [main] INFO  algorithms.ContainerPlacementPolicyFactory (ContainerPlacementPolicyFactory.java:getPolicy(55)) - Create container placement policy of type org.apache.hadoop.hdds.scm.container.placement.algorithms.SCMContainerPlacementRandom
2019-09-03 12:39:37,352 [main] WARN  server.ServerUtils (ServerUtils.java:getScmDbDir(145)) - ozone.scm.db.dirs is not configured. We recommend adding this setting. Falling back to ozone.metadata.dirs instead.
2019-09-03 12:39:37,385 [main] INFO  pipeline.SCMPipelineManager (SCMPipelineManager.java:initializePipelineState(128)) - No pipeline exists in current db
2019-09-03 12:39:37,386 [main] WARN  server.ServerUtils (ServerUtils.java:getScmDbDir(145)) - ozone.scm.db.dirs is not configured. We recommend adding this setting. Falling back to ozone.metadata.dirs instead.
2019-09-03 12:39:37,426 [main] WARN  events.EventQueue (EventQueue.java:fireEvent(183)) - No event handler registered for event TypedEvent{payloadType=SafeModeStatus, name='SafeModeStatus'}
2019-09-03 12:39:37,427 [main] INFO  ipc.CallQueueManager (CallQueueManager.java:<init>(84)) - Using callQueue: class java.util.concurrent.LinkedBlockingQueue, queueCapacity: 2000, scheduler: class org.apache.hadoop.ipc.DefaultRpcScheduler, ipcBackoff: false.
2019-09-03 12:39:37,428 [Socket Reader #1 for port 46379] INFO  ipc.Server (Server.java:run(1074)) - Starting Socket Reader #1 for port 46379
2019-09-03 12:39:37,429 [main] INFO  ipc.CallQueueManager (CallQueueManager.java:<init>(84)) - Using callQueue: class java.util.concurrent.LinkedBlockingQueue, queueCapacity: 2000, scheduler: class org.apache.hadoop.ipc.DefaultRpcScheduler, ipcBackoff: false.
2019-09-03 12:39:37,430 [Socket Reader #1 for port 37330] INFO  ipc.Server (Server.java:run(1074)) - Starting Socket Reader #1 for port 37330
2019-09-03 12:39:37,431 [main] INFO  ipc.CallQueueManager (CallQueueManager.java:<init>(84)) - Using callQueue: class java.util.concurrent.LinkedBlockingQueue, queueCapacity: 2000, scheduler: class org.apache.hadoop.ipc.DefaultRpcScheduler, ipcBackoff: false.
2019-09-03 12:39:37,431 [Socket Reader #1 for port 38521] INFO  ipc.Server (Server.java:run(1074)) - Starting Socket Reader #1 for port 38521
2019-09-03 12:39:37,434 [main] INFO  hdfs.DFSUtil (DFSUtil.java:httpServerTemplateForNNAndJN(1641)) - Starting Web-server for scm at: http://0.0.0.0:0
2019-09-03 12:39:37,435 [main] INFO  server.AuthenticationFilter (AuthenticationFilter.java:constructSecretProvider(240)) - Unable to initialize FileSignerSecretProvider, falling back to use random secrets.
2019-09-03 12:39:37,436 [main] WARN  http.HttpRequestLog (HttpRequestLog.java:getRequestLog(97)) - Jetty request log can only be enabled using Log4j
2019-09-03 12:39:37,437 [main] INFO  http.HttpServer2 (HttpServer2.java:addGlobalFilter(975)) - Added global filter 'safety' (class=org.apache.hadoop.http.HttpServer2$QuotingInputFilter)
2019-09-03 12:39:37,438 [main] INFO  http.HttpServer2 (HttpServer2.java:addFilter(948)) - Added filter static_user_filter (class=org.apache.hadoop.http.lib.StaticUserWebFilter$StaticUserFilter) to context scm
2019-09-03 12:39:37,438 [main] INFO  http.HttpServer2 (HttpServer2.java:addFilter(958)) - Added filter static_user_filter (class=org.apache.hadoop.http.lib.StaticUserWebFilter$StaticUserFilter) to context logs
2019-09-03 12:39:37,438 [main] INFO  http.HttpServer2 (HttpServer2.java:addFilter(958)) - Added filter static_user_filter (class=org.apache.hadoop.http.lib.StaticUserWebFilter$StaticUserFilter) to context static
2019-09-03 12:39:37,440 [main] INFO  server.StorageContainerManager (StorageContainerManager.java:start(759)) - StorageContainerLocationProtocol RPC server is listening at /0.0.0.0:38521
2019-09-03 12:39:37,441 [main] WARN  impl.MetricsConfig (MetricsConfig.java:loadFirst(134)) - Cannot locate configuration: tried hadoop-metrics2-storagecontainermanager.properties,hadoop-metrics2.properties
2019-09-03 12:39:37,442 [main] INFO  impl.MetricsSystemImpl (MetricsSystemImpl.java:startTimer(374)) - Scheduled Metric snapshot period at 10 second(s).
2019-09-03 12:39:37,442 [main] INFO  impl.MetricsSystemImpl (MetricsSystemImpl.java:start(191)) - StorageContainerManager metrics system started
2019-09-03 12:39:37,464 [main] WARN  impl.MetricsSystemImpl (MetricsSystemImpl.java:register(276)) - Sink prometheus already exists!
2019-09-03 12:39:37,501 [main] INFO  server.SCMClientProtocolServer (SCMClientProtocolServer.java:start(151)) - RPC server for Client  is listening at /0.0.0.0:38521
2019-09-03 12:39:37,502 [IPC Server Responder] INFO  ipc.Server (Server.java:run(1314)) - IPC Server Responder: starting
2019-09-03 12:39:37,502 [IPC Server listener on 38521] INFO  ipc.Server (Server.java:run(1153)) - IPC Server listener on 38521: starting
2019-09-03 12:39:37,504 [main] INFO  server.StorageContainerManager (StorageContainerManager.java:start(769)) - ScmBlockLocationProtocol RPC server is listening at /0.0.0.0:37330
2019-09-03 12:39:37,505 [main] INFO  server.SCMBlockProtocolServer (SCMBlockProtocolServer.java:start(146)) - RPC server for Block Protocol is listening at /0.0.0.0:37330
2019-09-03 12:39:37,505 [IPC Server listener on 37330] INFO  ipc.Server (Server.java:run(1153)) - IPC Server listener on 37330: starting
2019-09-03 12:39:37,505 [IPC Server Responder] INFO  ipc.Server (Server.java:run(1314)) - IPC Server Responder: starting
2019-09-03 12:39:37,508 [main] INFO  server.StorageContainerManager (StorageContainerManager.java:start(773)) - ScmDatanodeProtocl RPC server is listening at /0.0.0.0:46379
2019-09-03 12:39:37,508 [main] INFO  server.SCMDatanodeProtocolServer (SCMDatanodeProtocolServer.java:start(191)) - RPC server for DataNodes is listening at /0.0.0.0:46379
2019-09-03 12:39:37,508 [IPC Server Responder] INFO  ipc.Server (Server.java:run(1314)) - IPC Server Responder: starting
2019-09-03 12:39:37,509 [IPC Server listener on 46379] INFO  ipc.Server (Server.java:run(1153)) - IPC Server listener on 46379: starting
2019-09-03 12:39:37,511 [main] INFO  http.HttpServer2 (HttpServer2.java:bindListener(1191)) - Jetty bound to port 32779
2019-09-03 12:39:37,512 [main] INFO  server.Server (Server.java:doStart(351)) - jetty-9.3.24.v20180605, build timestamp: 2018-06-05T17:11:56Z, git hash: 84205aa28f11a4f31f2a3b86d1bba2cc8ab69827
2019-09-03 12:39:37,514 [main] INFO  handler.ContextHandler (ContextHandler.java:doStart(781)) - Started o.e.j.s.ServletContextHandler@4168f3d9{/logs,file:///workdir/hadoop-ozone/integration-test/target/log,AVAILABLE}
2019-09-03 12:39:37,514 [main] INFO  handler.ContextHandler (ContextHandler.java:doStart(781)) - Started o.e.j.s.ServletContextHandler@15e8f9b2{/static,file:///workdir/hadoop-ozone/integration-test/target/test-classes/webapps/static,AVAILABLE}
2019-09-03 12:39:37,518 [main] INFO  handler.ContextHandler (ContextHandler.java:doStart(781)) - Started o.e.j.w.WebAppContext@1a1f79ce{/,file:///workdir/hadoop-ozone/integration-test/target/test-classes/webapps/scm/,AVAILABLE}{/scm}
2019-09-03 12:39:37,518 [main] INFO  server.AbstractConnector (AbstractConnector.java:doStart(278)) - Started ServerConnector@6aa7e176{HTTP/1.1,[http/1.1]}{0.0.0.0:32779}
2019-09-03 12:39:37,519 [main] INFO  server.Server (Server.java:doStart(419)) - Started @586986ms
2019-09-03 12:39:37,519 [main] WARN  impl.MetricsSystemImpl (MetricsSystemImpl.java:register(276)) - Sink prometheus already exists!
2019-09-03 12:39:37,520 [main] INFO  server.BaseHttpServer (BaseHttpServer.java:updateConnectorAddress(215)) - HTTP server of SCM is listening at http://0.0.0.0:32779
2019-09-03 12:39:37,521 [main] WARN  server.ServerUtils (ServerUtils.java:getDBPath(222)) - ozone.om.db.dirs is not configured. We recommend adding this setting. Falling back to ozone.metadata.dirs instead.
2019-09-03 12:39:37,521 [org.apache.hadoop.util.JvmPauseMonitor$Monitor@281b2dfd] INFO  util.JvmPauseMonitor (JvmPauseMonitor.java:run(188)) - Starting JVM pause monitor
2019-09-03 12:39:37,563 [main] WARN  server.ServerUtils (ServerUtils.java:getDBPath(222)) - ozone.om.db.dirs is not configured. We recommend adding this setting. Falling back to ozone.metadata.dirs instead.
2019-09-03 12:39:37,564 [main] WARN  server.ServerUtils (ServerUtils.java:getDBPath(222)) - ozone.om.db.dirs is not configured. We recommend adding this setting. Falling back to ozone.metadata.dirs instead.
2019-09-03 12:39:37,564 [main] INFO  om.OzoneManager (OzoneManager.java:setOMNodeDetails(649)) - OM Service ID is not set. Setting it to the default ID: omServiceIdDefault
2019-09-03 12:39:37,564 [main] INFO  om.OzoneManager (OzoneManager.java:setOMNodeDetails(655)) - OM Node ID is not set. Setting it to the OmStorage's OmID: 741a9a67-8a9d-480f-949e-1e5dcfadb23f
2019-09-03 12:39:37,564 [main] INFO  om.OzoneManager (OzoneManager.java:loadOMHAConfigs(606)) - Found matching OM address with OMServiceId: null, OMNodeId: null, RPC Address: localhost:0 and Ratis port: 9872
2019-09-03 12:39:37,569 [main] WARN  server.ServerUtils (ServerUtils.java:getDBPath(222)) - ozone.om.db.dirs is not configured. We recommend adding this setting. Falling back to ozone.metadata.dirs instead.
2019-09-03 12:39:37,569 [main] INFO  db.DBStoreBuilder (DBStoreBuilder.java:addTable(110)) - using custom profile for table: userTable
2019-09-03 12:39:37,569 [main] INFO  db.DBStoreBuilder (DBStoreBuilder.java:processTables(161)) - Using default column profile:DBProfile.DISK for Table:userTable
2019-09-03 12:39:37,569 [main] INFO  db.DBStoreBuilder (DBStoreBuilder.java:addTable(110)) - using custom profile for table: volumeTable
2019-09-03 12:39:37,569 [main] INFO  db.DBStoreBuilder (DBStoreBuilder.java:processTables(161)) - Using default column profile:DBProfile.DISK for Table:volumeTable
2019-09-03 12:39:37,570 [main] INFO  db.DBStoreBuilder (DBStoreBuilder.java:addTable(110)) - using custom profile for table: bucketTable
2019-09-03 12:39:37,570 [main] INFO  db.DBStoreBuilder (DBStoreBuilder.java:processTables(161)) - Using default column profile:DBProfile.DISK for Table:bucketTable
2019-09-03 12:39:37,570 [main] INFO  db.DBStoreBuilder (DBStoreBuilder.java:addTable(110)) - using custom profile for table: keyTable
2019-09-03 12:39:37,570 [main] INFO  db.DBStoreBuilder (DBStoreBuilder.java:processTables(161)) - Using default column profile:DBProfile.DISK for Table:keyTable
2019-09-03 12:39:37,570 [main] INFO  db.DBStoreBuilder (DBStoreBuilder.java:addTable(110)) - using custom profile for table: deletedTable
2019-09-03 12:39:37,570 [main] INFO  db.DBStoreBuilder (DBStoreBuilder.java:processTables(161)) - Using default column profile:DBProfile.DISK for Table:deletedTable
2019-09-03 12:39:37,571 [main] INFO  db.DBStoreBuilder (DBStoreBuilder.java:addTable(110)) - using custom profile for table: openKeyTable
2019-09-03 12:39:37,571 [main] INFO  db.DBStoreBuilder (DBStoreBuilder.java:processTables(161)) - Using default column profile:DBProfile.DISK for Table:openKeyTable
2019-09-03 12:39:37,571 [main] INFO  db.DBStoreBuilder (DBStoreBuilder.java:addTable(110)) - using custom profile for table: s3Table
2019-09-03 12:39:37,571 [main] INFO  db.DBStoreBuilder (DBStoreBuilder.java:processTables(161)) - Using default column profile:DBProfile.DISK for Table:s3Table
2019-09-03 12:39:37,571 [main] INFO  db.DBStoreBuilder (DBStoreBuilder.java:addTable(110)) - using custom profile for table: multipartInfoTable
2019-09-03 12:39:37,571 [main] INFO  db.DBStoreBuilder (DBStoreBuilder.java:processTables(161)) - Using default column profile:DBProfile.DISK for Table:multipartInfoTable
2019-09-03 12:39:37,571 [main] INFO  db.DBStoreBuilder (DBStoreBuilder.java:addTable(110)) - using custom profile for table: dTokenTable
2019-09-03 12:39:37,572 [main] INFO  db.DBStoreBuilder (DBStoreBuilder.java:processTables(161)) - Using default column profile:DBProfile.DISK for Table:dTokenTable
2019-09-03 12:39:37,572 [main] INFO  db.DBStoreBuilder (DBStoreBuilder.java:addTable(110)) - using custom profile for table: s3SecretTable
2019-09-03 12:39:37,572 [main] INFO  db.DBStoreBuilder (DBStoreBuilder.java:processTables(161)) - Using default column profile:DBProfile.DISK for Table:s3SecretTable
2019-09-03 12:39:37,572 [main] INFO  db.DBStoreBuilder (DBStoreBuilder.java:addTable(110)) - using custom profile for table: prefixTable
2019-09-03 12:39:37,572 [main] INFO  db.DBStoreBuilder (DBStoreBuilder.java:processTables(161)) - Using default column profile:DBProfile.DISK for Table:prefixTable
2019-09-03 12:39:37,572 [main] INFO  db.DBStoreBuilder (DBStoreBuilder.java:addTable(110)) - using custom profile for table: default
2019-09-03 12:39:37,572 [main] INFO  db.DBStoreBuilder (DBStoreBuilder.java:processTables(167)) - Using default column profile:DBProfile.DISK for Table:default
2019-09-03 12:39:37,573 [main] INFO  db.DBStoreBuilder (DBStoreBuilder.java:getDbProfile(198)) - Using default options. DBProfile.DISK
2019-09-03 12:39:37,939 [main] INFO  ipc.CallQueueManager (CallQueueManager.java:<init>(84)) - Using callQueue: class java.util.concurrent.LinkedBlockingQueue, queueCapacity: 2000, scheduler: class org.apache.hadoop.ipc.DefaultRpcScheduler, ipcBackoff: false.
2019-09-03 12:39:37,940 [Socket Reader #1 for port 34210] INFO  ipc.Server (Server.java:run(1074)) - Starting Socket Reader #1 for port 34210
2019-09-03 12:39:37,957 [main] INFO  om.OzoneManager (OzoneManager.java:start(1240)) - OzoneManager RPC server is listening at localhost/127.0.0.1:34210
2019-09-03 12:39:37,957 [main] INFO  impl.MetricsSystemImpl (MetricsSystemImpl.java:init(158)) - OzoneManager metrics system started (again)
2019-09-03 12:39:37,958 [IPC Server Responder] INFO  ipc.Server (Server.java:run(1314)) - IPC Server Responder: starting
2019-09-03 12:39:37,958 [IPC Server listener on 34210] INFO  ipc.Server (Server.java:run(1153)) - IPC Server listener on 34210: starting
2019-09-03 12:39:37,962 [main] INFO  hdfs.DFSUtil (DFSUtil.java:httpServerTemplateForNNAndJN(1641)) - Starting Web-server for ozoneManager at: http://0.0.0.0:0
2019-09-03 12:39:37,963 [main] INFO  server.AuthenticationFilter (AuthenticationFilter.java:constructSecretProvider(240)) - Unable to initialize FileSignerSecretProvider, falling back to use random secrets.
2019-09-03 12:39:37,964 [main] WARN  http.HttpRequestLog (HttpRequestLog.java:getRequestLog(97)) - Jetty request log can only be enabled using Log4j
2019-09-03 12:39:37,966 [main] INFO  http.HttpServer2 (HttpServer2.java:addGlobalFilter(975)) - Added global filter 'safety' (class=org.apache.hadoop.http.HttpServer2$QuotingInputFilter)
2019-09-03 12:39:37,966 [main] INFO  http.HttpServer2 (HttpServer2.java:addFilter(948)) - Added filter static_user_filter (class=org.apache.hadoop.http.lib.StaticUserWebFilter$StaticUserFilter) to context ozoneManager
2019-09-03 12:39:37,966 [main] INFO  http.HttpServer2 (HttpServer2.java:addFilter(958)) - Added filter static_user_filter (class=org.apache.hadoop.http.lib.StaticUserWebFilter$StaticUserFilter) to context static
2019-09-03 12:39:37,967 [main] INFO  http.HttpServer2 (HttpServer2.java:addFilter(958)) - Added filter static_user_filter (class=org.apache.hadoop.http.lib.StaticUserWebFilter$StaticUserFilter) to context logs
2019-09-03 12:39:37,967 [main] INFO  http.HttpServer2 (HttpServer2.java:bindListener(1191)) - Jetty bound to port 41619
2019-09-03 12:39:37,968 [main] INFO  server.Server (Server.java:doStart(351)) - jetty-9.3.24.v20180605, build timestamp: 2018-06-05T17:11:56Z, git hash: 84205aa28f11a4f31f2a3b86d1bba2cc8ab69827
2019-09-03 12:39:37,969 [main] INFO  handler.ContextHandler (ContextHandler.java:doStart(781)) - Started o.e.j.s.ServletContextHandler@5d194314{/logs,file:///workdir/hadoop-ozone/integration-test/target/log,AVAILABLE}
2019-09-03 12:39:37,970 [main] INFO  handler.ContextHandler (ContextHandler.java:doStart(781)) - Started o.e.j.s.ServletContextHandler@637c840d{/static,file:///workdir/hadoop-ozone/integration-test/target/test-classes/webapps/static,AVAILABLE}
2019-09-03 12:39:37,974 [main] INFO  handler.ContextHandler (ContextHandler.java:doStart(781)) - Started o.e.j.w.WebAppContext@6c951ada{/,file:///workdir/hadoop-ozone/integration-test/target/test-classes/webapps/ozoneManager/,AVAILABLE}{/ozoneManager}
2019-09-03 12:39:37,974 [main] INFO  server.AbstractConnector (AbstractConnector.java:doStart(278)) - Started ServerConnector@67b61834{HTTP/1.1,[http/1.1]}{0.0.0.0:41619}
2019-09-03 12:39:37,975 [main] INFO  server.Server (Server.java:doStart(419)) - Started @587442ms
2019-09-03 12:39:37,975 [main] WARN  impl.MetricsSystemImpl (MetricsSystemImpl.java:register(276)) - Sink prometheus already exists!
2019-09-03 12:39:37,976 [main] INFO  server.BaseHttpServer (BaseHttpServer.java:updateConnectorAddress(215)) - HTTP server of OZONEMANAGER is listening at http://0.0.0.0:41619
2019-09-03 12:39:37,991 [main] INFO  impl.MetricsSystemImpl (MetricsSystemImpl.java:init(158)) - HddsDatanode metrics system started (again)
2019-09-03 12:39:37,993 [main] INFO  ozone.HddsDatanodeService (HddsDatanodeService.java:start(184)) - HddsDatanodeService host:pr-hdds-1898-vtp6b-2341163797 ip:192.168.36.96
2019-09-03 12:39:37,998 [main] INFO  volume.HddsVolume (HddsVolume.java:<init>(176)) - Creating Volume: /workdir/hadoop-ozone/integration-test/target/test-dir/MiniOzoneClusterImpl-5a0a076c-dbad-4ac8-abab-e3faa05d1f8c/datanode-0/data/containers/hdds of  storage type : DISK and capacity : 1482555576320
2019-09-03 12:39:37,998 [main] INFO  volume.VolumeSet (VolumeSet.java:initializeVolumeSet(170)) - Added Volume : /workdir/hadoop-ozone/integration-test/target/test-dir/MiniOzoneClusterImpl-5a0a076c-dbad-4ac8-abab-e3faa05d1f8c/datanode-0/data/containers/hdds to VolumeSet
2019-09-03 12:39:37,998 [main] INFO  volume.ThrottledAsyncChecker (ThrottledAsyncChecker.java:schedule(140)) - Scheduling a check for org.apache.hadoop.ozone.container.common.volume.HddsVolume@16cb9989
2019-09-03 12:39:37,999 [main] INFO  volume.HddsVolumeChecker (HddsVolumeChecker.java:checkAllVolumes(203)) - Scheduled health check for volume org.apache.hadoop.ozone.container.common.volume.HddsVolume@16cb9989
2019-09-03 12:39:38,014 [main] INFO  impl.RaftServerProxy (ConfUtils.java:logGet(43)) - raft.rpc.type = GRPC (default)
2019-09-03 12:39:38,014 [main] INFO  grpc.GrpcFactory (GrpcFactory.java:checkPooledByteBufAllocatorUseCacheForAllThreads(45)) - PERFORMANCE WARNING: useCacheForAllThreads is true that may cause Netty to create a lot garbage objects and, as a result, trigger GC.
	It is recommended to disable useCacheForAllThreads by setting -Dorg.apache.ratis.thirdparty.io.netty.allocator.useCacheForAllThreads=false in command line.
2019-09-03 12:39:38,014 [main] INFO  grpc.GrpcConfigKeys$Server (ConfUtils.java:logGet(43)) - raft.grpc.server.port = 0 (default)
2019-09-03 12:39:38,015 [main] INFO  server.GrpcService (ConfUtils.java:logGet(43)) - raft.grpc.message.size.max = 33570816 (custom)
2019-09-03 12:39:38,015 [main] INFO  server.RaftServerConfigKeys (ConfUtils.java:logGet(43)) - raft.server.log.appender.buffer.byte-limit = 33554432 (custom)
2019-09-03 12:39:38,015 [main] INFO  server.GrpcService (ConfUtils.java:logGet(43)) - raft.grpc.flow.control.window = 1MB (=1048576) (default)
2019-09-03 12:39:38,015 [main] INFO  server.RaftServerConfigKeys (ConfUtils.java:logGet(43)) - raft.server.rpc.request.timeout = 3000ms (default)
2019-09-03 12:39:38,016 [main] INFO  server.RaftServerConfigKeys (ConfUtils.java:logGet(43)) - raft.server.storage.dir = [/workdir/hadoop-ozone/integration-test/target/test-dir/MiniOzoneClusterImpl-5a0a076c-dbad-4ac8-abab-e3faa05d1f8c/datanode-0/data/ratis] (custom)
2019-09-03 12:39:38,017 [main] INFO  hdfs.DFSUtil (DFSUtil.java:httpServerTemplateForNNAndJN(1641)) - Starting Web-server for hddsDatanode at: http://0.0.0.0:0
2019-09-03 12:39:38,019 [main] INFO  server.AuthenticationFilter (AuthenticationFilter.java:constructSecretProvider(240)) - Unable to initialize FileSignerSecretProvider, falling back to use random secrets.
2019-09-03 12:39:38,019 [main] WARN  http.HttpRequestLog (HttpRequestLog.java:getRequestLog(97)) - Jetty request log can only be enabled using Log4j
2019-09-03 12:39:38,020 [main] INFO  http.HttpServer2 (HttpServer2.java:addGlobalFilter(975)) - Added global filter 'safety' (class=org.apache.hadoop.http.HttpServer2$QuotingInputFilter)
2019-09-03 12:39:38,021 [main] INFO  http.HttpServer2 (HttpServer2.java:addFilter(948)) - Added filter static_user_filter (class=org.apache.hadoop.http.lib.StaticUserWebFilter$StaticUserFilter) to context hddsDatanode
2019-09-03 12:39:38,021 [main] INFO  http.HttpServer2 (HttpServer2.java:addFilter(958)) - Added filter static_user_filter (class=org.apache.hadoop.http.lib.StaticUserWebFilter$StaticUserFilter) to context logs
2019-09-03 12:39:38,021 [main] INFO  http.HttpServer2 (HttpServer2.java:addFilter(958)) - Added filter static_user_filter (class=org.apache.hadoop.http.lib.StaticUserWebFilter$StaticUserFilter) to context static
2019-09-03 12:39:38,022 [main] INFO  http.HttpServer2 (HttpServer2.java:bindListener(1191)) - Jetty bound to port 42377
2019-09-03 12:39:38,022 [main] INFO  server.Server (Server.java:doStart(351)) - jetty-9.3.24.v20180605, build timestamp: 2018-06-05T17:11:56Z, git hash: 84205aa28f11a4f31f2a3b86d1bba2cc8ab69827
2019-09-03 12:39:38,023 [main] INFO  handler.ContextHandler (ContextHandler.java:doStart(781)) - Started o.e.j.s.ServletContextHandler@20349058{/logs,file:///workdir/hadoop-ozone/integration-test/target/log,AVAILABLE}
2019-09-03 12:39:38,024 [main] INFO  handler.ContextHandler (ContextHandler.java:doStart(781)) - Started o.e.j.s.ServletContextHandler@cdb3c85{/static,jar:file:/home/user/.m2/repository/org/apache/hadoop/hadoop-hdds-container-service/0.5.0-SNAPSHOT/hadoop-hdds-container-service-0.5.0-SNAPSHOT.jar!/webapps/static,AVAILABLE}
2019-09-03 12:39:38,051 [main] INFO  handler.ContextHandler (ContextHandler.java:doStart(781)) - Started o.e.j.w.WebAppContext@6d7ad0f5{/,file:///tmp/jetty-0.0.0.0-42377-hddsDatanode-_-any-6402502123867502345.dir/webapp/,AVAILABLE}{/hddsDatanode}
2019-09-03 12:39:38,051 [main] INFO  server.AbstractConnector (AbstractConnector.java:doStart(278)) - Started ServerConnector@30abf79c{HTTP/1.1,[http/1.1]}{0.0.0.0:42377}
2019-09-03 12:39:38,052 [main] INFO  server.Server (Server.java:doStart(419)) - Started @587519ms
2019-09-03 12:39:38,052 [main] WARN  impl.MetricsSystemImpl (MetricsSystemImpl.java:register(276)) - Sink prometheus already exists!
2019-09-03 12:39:38,053 [main] INFO  server.BaseHttpServer (BaseHttpServer.java:updateConnectorAddress(215)) - HTTP server of HDDSDATANODE is listening at http://0.0.0.0:42377
2019-09-03 12:39:38,053 [main] INFO  impl.MetricsSystemImpl (MetricsSystemImpl.java:init(158)) - HddsDatanode metrics system started (again)
2019-09-03 12:39:38,055 [org.apache.hadoop.util.JvmPauseMonitor$Monitor@24a05639] INFO  util.JvmPauseMonitor (JvmPauseMonitor.java:run(188)) - Starting JVM pause monitor
2019-09-03 12:39:38,055 [main] INFO  ozone.HddsDatanodeService (HddsDatanodeService.java:start(184)) - HddsDatanodeService host:pr-hdds-1898-vtp6b-2341163797 ip:192.168.36.96
2019-09-03 12:39:38,057 [Datanode State Machine Thread - 0] INFO  datanode.InitDatanodeState (InitDatanodeState.java:persistContainerDatanodeDetails(140)) - DatanodeDetails is persisted to /workdir/hadoop-ozone/integration-test/target/test-dir/MiniOzoneClusterImpl-5a0a076c-dbad-4ac8-abab-e3faa05d1f8c/datanode-0/meta/datanode.id
2019-09-03 12:39:38,060 [main] INFO  volume.HddsVolume (HddsVolume.java:<init>(176)) - Creating Volume: /workdir/hadoop-ozone/integration-test/target/test-dir/MiniOzoneClusterImpl-5a0a076c-dbad-4ac8-abab-e3faa05d1f8c/datanode-1/data/containers/hdds of  storage type : DISK and capacity : 1482555576320
2019-09-03 12:39:38,061 [main] INFO  volume.VolumeSet (VolumeSet.java:initializeVolumeSet(170)) - Added Volume : /workdir/hadoop-ozone/integration-test/target/test-dir/MiniOzoneClusterImpl-5a0a076c-dbad-4ac8-abab-e3faa05d1f8c/datanode-1/data/containers/hdds to VolumeSet
2019-09-03 12:39:38,061 [main] INFO  volume.ThrottledAsyncChecker (ThrottledAsyncChecker.java:schedule(140)) - Scheduling a check for org.apache.hadoop.ozone.container.common.volume.HddsVolume@2dfa02c1
2019-09-03 12:39:38,061 [main] INFO  volume.HddsVolumeChecker (HddsVolumeChecker.java:checkAllVolumes(203)) - Scheduled health check for volume org.apache.hadoop.ozone.container.common.volume.HddsVolume@2dfa02c1
2019-09-03 12:39:38,073 [main] INFO  impl.RaftServerProxy (ConfUtils.java:logGet(43)) - raft.rpc.type = GRPC (default)
2019-09-03 12:39:38,073 [main] INFO  grpc.GrpcFactory (GrpcFactory.java:checkPooledByteBufAllocatorUseCacheForAllThreads(45)) - PERFORMANCE WARNING: useCacheForAllThreads is true that may cause Netty to create a lot garbage objects and, as a result, trigger GC.
	It is recommended to disable useCacheForAllThreads by setting -Dorg.apache.ratis.thirdparty.io.netty.allocator.useCacheForAllThreads=false in command line.
2019-09-03 12:39:38,074 [main] INFO  grpc.GrpcConfigKeys$Server (ConfUtils.java:logGet(43)) - raft.grpc.server.port = 0 (default)
2019-09-03 12:39:38,074 [main] INFO  server.GrpcService (ConfUtils.java:logGet(43)) - raft.grpc.message.size.max = 33570816 (custom)
2019-09-03 12:39:38,074 [main] INFO  server.RaftServerConfigKeys (ConfUtils.java:logGet(43)) - raft.server.log.appender.buffer.byte-limit = 33554432 (custom)
2019-09-03 12:39:38,074 [main] INFO  server.GrpcService (ConfUtils.java:logGet(43)) - raft.grpc.flow.control.window = 1MB (=1048576) (default)
2019-09-03 12:39:38,074 [main] INFO  server.RaftServerConfigKeys (ConfUtils.java:logGet(43)) - raft.server.rpc.request.timeout = 3000ms (default)
2019-09-03 12:39:38,075 [main] INFO  server.RaftServerConfigKeys (ConfUtils.java:logGet(43)) - raft.server.storage.dir = [/workdir/hadoop-ozone/integration-test/target/test-dir/MiniOzoneClusterImpl-5a0a076c-dbad-4ac8-abab-e3faa05d1f8c/datanode-1/data/ratis] (custom)
2019-09-03 12:39:38,076 [main] INFO  hdfs.DFSUtil (DFSUtil.java:httpServerTemplateForNNAndJN(1641)) - Starting Web-server for hddsDatanode at: http://0.0.0.0:0
2019-09-03 12:39:38,077 [main] INFO  server.AuthenticationFilter (AuthenticationFilter.java:constructSecretProvider(240)) - Unable to initialize FileSignerSecretProvider, falling back to use random secrets.
2019-09-03 12:39:38,077 [main] WARN  http.HttpRequestLog (HttpRequestLog.java:getRequestLog(97)) - Jetty request log can only be enabled using Log4j
2019-09-03 12:39:38,078 [main] INFO  http.HttpServer2 (HttpServer2.java:addGlobalFilter(975)) - Added global filter 'safety' (class=org.apache.hadoop.http.HttpServer2$QuotingInputFilter)
2019-09-03 12:39:38,079 [main] INFO  http.HttpServer2 (HttpServer2.java:addFilter(948)) - Added filter static_user_filter (class=org.apache.hadoop.http.lib.StaticUserWebFilter$StaticUserFilter) to context hddsDatanode
2019-09-03 12:39:38,079 [main] INFO  http.HttpServer2 (HttpServer2.java:addFilter(958)) - Added filter static_user_filter (class=org.apache.hadoop.http.lib.StaticUserWebFilter$StaticUserFilter) to context static
2019-09-03 12:39:38,079 [main] INFO  http.HttpServer2 (HttpServer2.java:addFilter(958)) - Added filter static_user_filter (class=org.apache.hadoop.http.lib.StaticUserWebFilter$StaticUserFilter) to context logs
2019-09-03 12:39:38,080 [main] INFO  http.HttpServer2 (HttpServer2.java:bindListener(1191)) - Jetty bound to port 41351
2019-09-03 12:39:38,080 [main] INFO  server.Server (Server.java:doStart(351)) - jetty-9.3.24.v20180605, build timestamp: 2018-06-05T17:11:56Z, git hash: 84205aa28f11a4f31f2a3b86d1bba2cc8ab69827
2019-09-03 12:39:38,081 [main] INFO  handler.ContextHandler (ContextHandler.java:doStart(781)) - Started o.e.j.s.ServletContextHandler@fddd7ae{/logs,file:///workdir/hadoop-ozone/integration-test/target/log,AVAILABLE}
2019-09-03 12:39:38,082 [main] INFO  handler.ContextHandler (ContextHandler.java:doStart(781)) - Started o.e.j.s.ServletContextHandler@2725ca05{/static,jar:file:/home/user/.m2/repository/org/apache/hadoop/hadoop-hdds-container-service/0.5.0-SNAPSHOT/hadoop-hdds-container-service-0.5.0-SNAPSHOT.jar!/webapps/static,AVAILABLE}
2019-09-03 12:39:38,108 [main] INFO  handler.ContextHandler (ContextHandler.java:doStart(781)) - Started o.e.j.w.WebAppContext@79df80a4{/,file:///tmp/jetty-0.0.0.0-41351-hddsDatanode-_-any-7233204096441204939.dir/webapp/,AVAILABLE}{/hddsDatanode}
2019-09-03 12:39:38,109 [main] INFO  server.AbstractConnector (AbstractConnector.java:doStart(278)) - Started ServerConnector@130cfc47{HTTP/1.1,[http/1.1]}{0.0.0.0:41351}
2019-09-03 12:39:38,110 [main] INFO  server.Server (Server.java:doStart(419)) - Started @587577ms
2019-09-03 12:39:38,110 [main] WARN  impl.MetricsSystemImpl (MetricsSystemImpl.java:register(276)) - Sink prometheus already exists!
2019-09-03 12:39:38,111 [main] INFO  server.BaseHttpServer (BaseHttpServer.java:updateConnectorAddress(215)) - HTTP server of HDDSDATANODE is listening at http://0.0.0.0:41351
2019-09-03 12:39:38,111 [main] INFO  impl.MetricsSystemImpl (MetricsSystemImpl.java:init(158)) - HddsDatanode metrics system started (again)
2019-09-03 12:39:38,113 [org.apache.hadoop.util.JvmPauseMonitor$Monitor@31d7cfbc] INFO  util.JvmPauseMonitor (JvmPauseMonitor.java:run(188)) - Starting JVM pause monitor
2019-09-03 12:39:38,113 [main] INFO  ozone.HddsDatanodeService (HddsDatanodeService.java:start(184)) - HddsDatanodeService host:pr-hdds-1898-vtp6b-2341163797 ip:192.168.36.96
2019-09-03 12:39:38,114 [Datanode State Machine Thread - 0] INFO  datanode.InitDatanodeState (InitDatanodeState.java:persistContainerDatanodeDetails(140)) - DatanodeDetails is persisted to /workdir/hadoop-ozone/integration-test/target/test-dir/MiniOzoneClusterImpl-5a0a076c-dbad-4ac8-abab-e3faa05d1f8c/datanode-1/meta/datanode.id
2019-09-03 12:39:38,118 [main] INFO  volume.HddsVolume (HddsVolume.java:<init>(176)) - Creating Volume: /workdir/hadoop-ozone/integration-test/target/test-dir/MiniOzoneClusterImpl-5a0a076c-dbad-4ac8-abab-e3faa05d1f8c/datanode-2/data/containers/hdds of  storage type : DISK and capacity : 1482555576320
2019-09-03 12:39:38,119 [main] INFO  volume.VolumeSet (VolumeSet.java:initializeVolumeSet(170)) - Added Volume : /workdir/hadoop-ozone/integration-test/target/test-dir/MiniOzoneClusterImpl-5a0a076c-dbad-4ac8-abab-e3faa05d1f8c/datanode-2/data/containers/hdds to VolumeSet
2019-09-03 12:39:38,119 [main] INFO  volume.ThrottledAsyncChecker (ThrottledAsyncChecker.java:schedule(140)) - Scheduling a check for org.apache.hadoop.ozone.container.common.volume.HddsVolume@1c5d3a37
2019-09-03 12:39:38,119 [main] INFO  volume.HddsVolumeChecker (HddsVolumeChecker.java:checkAllVolumes(203)) - Scheduled health check for volume org.apache.hadoop.ozone.container.common.volume.HddsVolume@1c5d3a37
2019-09-03 12:39:38,131 [main] INFO  impl.RaftServerProxy (ConfUtils.java:logGet(43)) - raft.rpc.type = GRPC (default)
2019-09-03 12:39:38,131 [main] INFO  grpc.GrpcFactory (GrpcFactory.java:checkPooledByteBufAllocatorUseCacheForAllThreads(45)) - PERFORMANCE WARNING: useCacheForAllThreads is true that may cause Netty to create a lot garbage objects and, as a result, trigger GC.
	It is recommended to disable useCacheForAllThreads by setting -Dorg.apache.ratis.thirdparty.io.netty.allocator.useCacheForAllThreads=false in command line.
2019-09-03 12:39:38,131 [main] INFO  grpc.GrpcConfigKeys$Server (ConfUtils.java:logGet(43)) - raft.grpc.server.port = 0 (default)
2019-09-03 12:39:38,131 [main] INFO  server.GrpcService (ConfUtils.java:logGet(43)) - raft.grpc.message.size.max = 33570816 (custom)
2019-09-03 12:39:38,132 [main] INFO  server.RaftServerConfigKeys (ConfUtils.java:logGet(43)) - raft.server.log.appender.buffer.byte-limit = 33554432 (custom)
2019-09-03 12:39:38,132 [main] INFO  server.GrpcService (ConfUtils.java:logGet(43)) - raft.grpc.flow.control.window = 1MB (=1048576) (default)
2019-09-03 12:39:38,132 [main] INFO  server.RaftServerConfigKeys (ConfUtils.java:logGet(43)) - raft.server.rpc.request.timeout = 3000ms (default)
2019-09-03 12:39:38,132 [main] INFO  server.RaftServerConfigKeys (ConfUtils.java:logGet(43)) - raft.server.storage.dir = [/workdir/hadoop-ozone/integration-test/target/test-dir/MiniOzoneClusterImpl-5a0a076c-dbad-4ac8-abab-e3faa05d1f8c/datanode-2/data/ratis] (custom)
2019-09-03 12:39:38,133 [main] INFO  hdfs.DFSUtil (DFSUtil.java:httpServerTemplateForNNAndJN(1641)) - Starting Web-server for hddsDatanode at: http://0.0.0.0:0
2019-09-03 12:39:38,135 [main] INFO  server.AuthenticationFilter (AuthenticationFilter.java:constructSecretProvider(240)) - Unable to initialize FileSignerSecretProvider, falling back to use random secrets.
2019-09-03 12:39:38,135 [main] WARN  http.HttpRequestLog (HttpRequestLog.java:getRequestLog(97)) - Jetty request log can only be enabled using Log4j
2019-09-03 12:39:38,137 [main] INFO  http.HttpServer2 (HttpServer2.java:addGlobalFilter(975)) - Added global filter 'safety' (class=org.apache.hadoop.http.HttpServer2$QuotingInputFilter)
2019-09-03 12:39:38,137 [main] INFO  http.HttpServer2 (HttpServer2.java:addFilter(948)) - Added filter static_user_filter (class=org.apache.hadoop.http.lib.StaticUserWebFilter$StaticUserFilter) to context hddsDatanode
2019-09-03 12:39:38,138 [main] INFO  http.HttpServer2 (HttpServer2.java:addFilter(958)) - Added filter static_user_filter (class=org.apache.hadoop.http.lib.StaticUserWebFilter$StaticUserFilter) to context static
2019-09-03 12:39:38,138 [main] INFO  http.HttpServer2 (HttpServer2.java:addFilter(958)) - Added filter static_user_filter (class=org.apache.hadoop.http.lib.StaticUserWebFilter$StaticUserFilter) to context logs
2019-09-03 12:39:38,138 [main] INFO  http.HttpServer2 (HttpServer2.java:bindListener(1191)) - Jetty bound to port 45124
2019-09-03 12:39:38,139 [main] INFO  server.Server (Server.java:doStart(351)) - jetty-9.3.24.v20180605, build timestamp: 2018-06-05T17:11:56Z, git hash: 84205aa28f11a4f31f2a3b86d1bba2cc8ab69827
2019-09-03 12:39:38,140 [main] INFO  handler.ContextHandler (ContextHandler.java:doStart(781)) - Started o.e.j.s.ServletContextHandler@2407a36c{/logs,file:///workdir/hadoop-ozone/integration-test/target/log,AVAILABLE}
2019-09-03 12:39:38,141 [main] INFO  handler.ContextHandler (ContextHandler.java:doStart(781)) - Started o.e.j.s.ServletContextHandler@28b8f98a{/static,jar:file:/home/user/.m2/repository/org/apache/hadoop/hadoop-hdds-container-service/0.5.0-SNAPSHOT/hadoop-hdds-container-service-0.5.0-SNAPSHOT.jar!/webapps/static,AVAILABLE}
2019-09-03 12:39:38,170 [main] INFO  handler.ContextHandler (ContextHandler.java:doStart(781)) - Started o.e.j.w.WebAppContext@46a8c2b4{/,file:///tmp/jetty-0.0.0.0-45124-hddsDatanode-_-any-2352529680701299163.dir/webapp/,AVAILABLE}{/hddsDatanode}
2019-09-03 12:39:38,170 [main] INFO  server.AbstractConnector (AbstractConnector.java:doStart(278)) - Started ServerConnector@4f664bee{HTTP/1.1,[http/1.1]}{0.0.0.0:45124}
2019-09-03 12:39:38,171 [main] INFO  server.Server (Server.java:doStart(419)) - Started @587638ms
2019-09-03 12:39:38,171 [main] WARN  impl.MetricsSystemImpl (MetricsSystemImpl.java:register(276)) - Sink prometheus already exists!
2019-09-03 12:39:38,172 [main] INFO  server.BaseHttpServer (BaseHttpServer.java:updateConnectorAddress(215)) - HTTP server of HDDSDATANODE is listening at http://0.0.0.0:45124
2019-09-03 12:39:38,172 [main] INFO  impl.MetricsSystemImpl (MetricsSystemImpl.java:init(158)) - HddsDatanode metrics system started (again)
2019-09-03 12:39:38,174 [org.apache.hadoop.util.JvmPauseMonitor$Monitor@752f5ca8] INFO  util.JvmPauseMonitor (JvmPauseMonitor.java:run(188)) - Starting JVM pause monitor
2019-09-03 12:39:38,175 [main] INFO  ozone.HddsDatanodeService (HddsDatanodeService.java:start(184)) - HddsDatanodeService host:pr-hdds-1898-vtp6b-2341163797 ip:192.168.36.96
2019-09-03 12:39:38,176 [Datanode State Machine Thread - 0] INFO  datanode.InitDatanodeState (InitDatanodeState.java:persistContainerDatanodeDetails(140)) - DatanodeDetails is persisted to /workdir/hadoop-ozone/integration-test/target/test-dir/MiniOzoneClusterImpl-5a0a076c-dbad-4ac8-abab-e3faa05d1f8c/datanode-2/meta/datanode.id
2019-09-03 12:39:38,180 [main] INFO  volume.HddsVolume (HddsVolume.java:<init>(176)) - Creating Volume: /workdir/hadoop-ozone/integration-test/target/test-dir/MiniOzoneClusterImpl-5a0a076c-dbad-4ac8-abab-e3faa05d1f8c/datanode-3/data/containers/hdds of  storage type : DISK and capacity : 1482555576320
2019-09-03 12:39:38,180 [main] INFO  volume.VolumeSet (VolumeSet.java:initializeVolumeSet(170)) - Added Volume : /workdir/hadoop-ozone/integration-test/target/test-dir/MiniOzoneClusterImpl-5a0a076c-dbad-4ac8-abab-e3faa05d1f8c/datanode-3/data/containers/hdds to VolumeSet
2019-09-03 12:39:38,180 [main] INFO  volume.ThrottledAsyncChecker (ThrottledAsyncChecker.java:schedule(140)) - Scheduling a check for org.apache.hadoop.ozone.container.common.volume.HddsVolume@1df9186f
2019-09-03 12:39:38,180 [main] INFO  volume.HddsVolumeChecker (HddsVolumeChecker.java:checkAllVolumes(203)) - Scheduled health check for volume org.apache.hadoop.ozone.container.common.volume.HddsVolume@1df9186f
2019-09-03 12:39:38,194 [main] INFO  impl.RaftServerProxy (ConfUtils.java:logGet(43)) - raft.rpc.type = GRPC (default)
2019-09-03 12:39:38,194 [main] INFO  grpc.GrpcFactory (GrpcFactory.java:checkPooledByteBufAllocatorUseCacheForAllThreads(45)) - PERFORMANCE WARNING: useCacheForAllThreads is true that may cause Netty to create a lot garbage objects and, as a result, trigger GC.
	It is recommended to disable useCacheForAllThreads by setting -Dorg.apache.ratis.thirdparty.io.netty.allocator.useCacheForAllThreads=false in command line.
2019-09-03 12:39:38,195 [main] INFO  grpc.GrpcConfigKeys$Server (ConfUtils.java:logGet(43)) - raft.grpc.server.port = 0 (default)
2019-09-03 12:39:38,195 [main] INFO  server.GrpcService (ConfUtils.java:logGet(43)) - raft.grpc.message.size.max = 33570816 (custom)
2019-09-03 12:39:38,195 [main] INFO  server.RaftServerConfigKeys (ConfUtils.java:logGet(43)) - raft.server.log.appender.buffer.byte-limit = 33554432 (custom)
2019-09-03 12:39:38,195 [main] INFO  server.GrpcService (ConfUtils.java:logGet(43)) - raft.grpc.flow.control.window = 1MB (=1048576) (default)
2019-09-03 12:39:38,195 [main] INFO  server.RaftServerConfigKeys (ConfUtils.java:logGet(43)) - raft.server.rpc.request.timeout = 3000ms (default)
2019-09-03 12:39:38,196 [main] INFO  server.RaftServerConfigKeys (ConfUtils.java:logGet(43)) - raft.server.storage.dir = [/workdir/hadoop-ozone/integration-test/target/test-dir/MiniOzoneClusterImpl-5a0a076c-dbad-4ac8-abab-e3faa05d1f8c/datanode-3/data/ratis] (custom)
2019-09-03 12:39:38,197 [main] INFO  hdfs.DFSUtil (DFSUtil.java:httpServerTemplateForNNAndJN(1641)) - Starting Web-server for hddsDatanode at: http://0.0.0.0:0
2019-09-03 12:39:38,198 [main] INFO  server.AuthenticationFilter (AuthenticationFilter.java:constructSecretProvider(240)) - Unable to initialize FileSignerSecretProvider, falling back to use random secrets.
2019-09-03 12:39:38,199 [main] WARN  http.HttpRequestLog (HttpRequestLog.java:getRequestLog(97)) - Jetty request log can only be enabled using Log4j
2019-09-03 12:39:38,200 [main] INFO  http.HttpServer2 (HttpServer2.java:addGlobalFilter(975)) - Added global filter 'safety' (class=org.apache.hadoop.http.HttpServer2$QuotingInputFilter)
2019-09-03 12:39:38,200 [main] INFO  http.HttpServer2 (HttpServer2.java:addFilter(948)) - Added filter static_user_filter (class=org.apache.hadoop.http.lib.StaticUserWebFilter$StaticUserFilter) to context hddsDatanode
2019-09-03 12:39:38,200 [main] INFO  http.HttpServer2 (HttpServer2.java:addFilter(958)) - Added filter static_user_filter (class=org.apache.hadoop.http.lib.StaticUserWebFilter$StaticUserFilter) to context static
2019-09-03 12:39:38,201 [main] INFO  http.HttpServer2 (HttpServer2.java:addFilter(958)) - Added filter static_user_filter (class=org.apache.hadoop.http.lib.StaticUserWebFilter$StaticUserFilter) to context logs
2019-09-03 12:39:38,201 [main] INFO  http.HttpServer2 (HttpServer2.java:bindListener(1191)) - Jetty bound to port 41135
2019-09-03 12:39:38,201 [main] INFO  server.Server (Server.java:doStart(351)) - jetty-9.3.24.v20180605, build timestamp: 2018-06-05T17:11:56Z, git hash: 84205aa28f11a4f31f2a3b86d1bba2cc8ab69827
2019-09-03 12:39:38,203 [main] INFO  handler.ContextHandler (ContextHandler.java:doStart(781)) - Started o.e.j.s.ServletContextHandler@6b867ee7{/logs,file:///workdir/hadoop-ozone/integration-test/target/log,AVAILABLE}
2019-09-03 12:39:38,203 [main] INFO  handler.ContextHandler (ContextHandler.java:doStart(781)) - Started o.e.j.s.ServletContextHandler@7a606260{/static,jar:file:/home/user/.m2/repository/org/apache/hadoop/hadoop-hdds-container-service/0.5.0-SNAPSHOT/hadoop-hdds-container-service-0.5.0-SNAPSHOT.jar!/webapps/static,AVAILABLE}
2019-09-03 12:39:38,230 [main] INFO  handler.ContextHandler (ContextHandler.java:doStart(781)) - Started o.e.j.w.WebAppContext@34edd065{/,file:///tmp/jetty-0.0.0.0-41135-hddsDatanode-_-any-537784673550010581.dir/webapp/,AVAILABLE}{/hddsDatanode}
2019-09-03 12:39:38,231 [main] INFO  server.AbstractConnector (AbstractConnector.java:doStart(278)) - Started ServerConnector@681e913c{HTTP/1.1,[http/1.1]}{0.0.0.0:41135}
2019-09-03 12:39:38,231 [main] INFO  server.Server (Server.java:doStart(419)) - Started @587698ms
2019-09-03 12:39:38,232 [main] WARN  impl.MetricsSystemImpl (MetricsSystemImpl.java:register(276)) - Sink prometheus already exists!
2019-09-03 12:39:38,233 [main] INFO  server.BaseHttpServer (BaseHttpServer.java:updateConnectorAddress(215)) - HTTP server of HDDSDATANODE is listening at http://0.0.0.0:41135
2019-09-03 12:39:38,233 [main] INFO  impl.MetricsSystemImpl (MetricsSystemImpl.java:init(158)) - HddsDatanode metrics system started (again)
2019-09-03 12:39:38,235 [org.apache.hadoop.util.JvmPauseMonitor$Monitor@16e6f713] INFO  util.JvmPauseMonitor (JvmPauseMonitor.java:run(188)) - Starting JVM pause monitor
2019-09-03 12:39:38,236 [main] INFO  ozone.HddsDatanodeService (HddsDatanodeService.java:start(184)) - HddsDatanodeService host:pr-hdds-1898-vtp6b-2341163797 ip:192.168.36.96
2019-09-03 12:39:38,236 [Datanode State Machine Thread - 0] INFO  datanode.InitDatanodeState (InitDatanodeState.java:persistContainerDatanodeDetails(140)) - DatanodeDetails is persisted to /workdir/hadoop-ozone/integration-test/target/test-dir/MiniOzoneClusterImpl-5a0a076c-dbad-4ac8-abab-e3faa05d1f8c/datanode-3/meta/datanode.id
2019-09-03 12:39:38,241 [main] INFO  volume.HddsVolume (HddsVolume.java:<init>(176)) - Creating Volume: /workdir/hadoop-ozone/integration-test/target/test-dir/MiniOzoneClusterImpl-5a0a076c-dbad-4ac8-abab-e3faa05d1f8c/datanode-4/data/containers/hdds of  storage type : DISK and capacity : 1482555576320
2019-09-03 12:39:38,242 [main] INFO  volume.VolumeSet (VolumeSet.java:initializeVolumeSet(170)) - Added Volume : /workdir/hadoop-ozone/integration-test/target/test-dir/MiniOzoneClusterImpl-5a0a076c-dbad-4ac8-abab-e3faa05d1f8c/datanode-4/data/containers/hdds to VolumeSet
2019-09-03 12:39:38,242 [main] INFO  volume.ThrottledAsyncChecker (ThrottledAsyncChecker.java:schedule(140)) - Scheduling a check for org.apache.hadoop.ozone.container.common.volume.HddsVolume@785ed99c
2019-09-03 12:39:38,242 [main] INFO  volume.HddsVolumeChecker (HddsVolumeChecker.java:checkAllVolumes(203)) - Scheduled health check for volume org.apache.hadoop.ozone.container.common.volume.HddsVolume@785ed99c
2019-09-03 12:39:38,253 [main] INFO  impl.RaftServerProxy (ConfUtils.java:logGet(43)) - raft.rpc.type = GRPC (default)
2019-09-03 12:39:38,253 [main] INFO  grpc.GrpcFactory (GrpcFactory.java:checkPooledByteBufAllocatorUseCacheForAllThreads(45)) - PERFORMANCE WARNING: useCacheForAllThreads is true that may cause Netty to create a lot garbage objects and, as a result, trigger GC.
	It is recommended to disable useCacheForAllThreads by setting -Dorg.apache.ratis.thirdparty.io.netty.allocator.useCacheForAllThreads=false in command line.
2019-09-03 12:39:38,254 [main] INFO  grpc.GrpcConfigKeys$Server (ConfUtils.java:logGet(43)) - raft.grpc.server.port = 0 (default)
2019-09-03 12:39:38,254 [main] INFO  server.GrpcService (ConfUtils.java:logGet(43)) - raft.grpc.message.size.max = 33570816 (custom)
2019-09-03 12:39:38,254 [main] INFO  server.RaftServerConfigKeys (ConfUtils.java:logGet(43)) - raft.server.log.appender.buffer.byte-limit = 33554432 (custom)
2019-09-03 12:39:38,254 [main] INFO  server.GrpcService (ConfUtils.java:logGet(43)) - raft.grpc.flow.control.window = 1MB (=1048576) (default)
2019-09-03 12:39:38,254 [main] INFO  server.RaftServerConfigKeys (ConfUtils.java:logGet(43)) - raft.server.rpc.request.timeout = 3000ms (default)
2019-09-03 12:39:38,255 [main] INFO  server.RaftServerConfigKeys (ConfUtils.java:logGet(43)) - raft.server.storage.dir = [/workdir/hadoop-ozone/integration-test/target/test-dir/MiniOzoneClusterImpl-5a0a076c-dbad-4ac8-abab-e3faa05d1f8c/datanode-4/data/ratis] (custom)
2019-09-03 12:39:38,256 [main] INFO  hdfs.DFSUtil (DFSUtil.java:httpServerTemplateForNNAndJN(1641)) - Starting Web-server for hddsDatanode at: http://0.0.0.0:0
2019-09-03 12:39:38,257 [main] INFO  server.AuthenticationFilter (AuthenticationFilter.java:constructSecretProvider(240)) - Unable to initialize FileSignerSecretProvider, falling back to use random secrets.
2019-09-03 12:39:38,257 [main] WARN  http.HttpRequestLog (HttpRequestLog.java:getRequestLog(97)) - Jetty request log can only be enabled using Log4j
2019-09-03 12:39:38,258 [main] INFO  http.HttpServer2 (HttpServer2.java:addGlobalFilter(975)) - Added global filter 'safety' (class=org.apache.hadoop.http.HttpServer2$QuotingInputFilter)
2019-09-03 12:39:38,259 [main] INFO  http.HttpServer2 (HttpServer2.java:addFilter(948)) - Added filter static_user_filter (class=org.apache.hadoop.http.lib.StaticUserWebFilter$StaticUserFilter) to context hddsDatanode
2019-09-03 12:39:38,259 [main] INFO  http.HttpServer2 (HttpServer2.java:addFilter(958)) - Added filter static_user_filter (class=org.apache.hadoop.http.lib.StaticUserWebFilter$StaticUserFilter) to context logs
2019-09-03 12:39:38,259 [main] INFO  http.HttpServer2 (HttpServer2.java:addFilter(958)) - Added filter static_user_filter (class=org.apache.hadoop.http.lib.StaticUserWebFilter$StaticUserFilter) to context static
2019-09-03 12:39:38,260 [main] INFO  http.HttpServer2 (HttpServer2.java:bindListener(1191)) - Jetty bound to port 45426
2019-09-03 12:39:38,260 [main] INFO  server.Server (Server.java:doStart(351)) - jetty-9.3.24.v20180605, build timestamp: 2018-06-05T17:11:56Z, git hash: 84205aa28f11a4f31f2a3b86d1bba2cc8ab69827
2019-09-03 12:39:38,261 [main] INFO  handler.ContextHandler (ContextHandler.java:doStart(781)) - Started o.e.j.s.ServletContextHandler@571a663c{/logs,file:///workdir/hadoop-ozone/integration-test/target/log,AVAILABLE}
2019-09-03 12:39:38,261 [main] INFO  handler.ContextHandler (ContextHandler.java:doStart(781)) - Started o.e.j.s.ServletContextHandler@430df350{/static,jar:file:/home/user/.m2/repository/org/apache/hadoop/hadoop-hdds-container-service/0.5.0-SNAPSHOT/hadoop-hdds-container-service-0.5.0-SNAPSHOT.jar!/webapps/static,AVAILABLE}
2019-09-03 12:39:38,294 [main] INFO  handler.ContextHandler (ContextHandler.java:doStart(781)) - Started o.e.j.w.WebAppContext@48e41b5d{/,file:///tmp/jetty-0.0.0.0-45426-hddsDatanode-_-any-1026961621587219838.dir/webapp/,AVAILABLE}{/hddsDatanode}
2019-09-03 12:39:38,295 [main] INFO  server.AbstractConnector (AbstractConnector.java:doStart(278)) - Started ServerConnector@51e8d066{HTTP/1.1,[http/1.1]}{0.0.0.0:45426}
2019-09-03 12:39:38,296 [main] INFO  server.Server (Server.java:doStart(419)) - Started @587763ms
2019-09-03 12:39:38,296 [main] WARN  impl.MetricsSystemImpl (MetricsSystemImpl.java:register(276)) - Sink prometheus already exists!
2019-09-03 12:39:38,297 [main] INFO  server.BaseHttpServer (BaseHttpServer.java:updateConnectorAddress(215)) - HTTP server of HDDSDATANODE is listening at http://0.0.0.0:45426
2019-09-03 12:39:38,297 [main] INFO  impl.MetricsSystemImpl (MetricsSystemImpl.java:init(158)) - HddsDatanode metrics system started (again)
2019-09-03 12:39:38,300 [org.apache.hadoop.util.JvmPauseMonitor$Monitor@6dabd22d] INFO  util.JvmPauseMonitor (JvmPauseMonitor.java:run(188)) - Starting JVM pause monitor
2019-09-03 12:39:38,301 [main] INFO  ozone.HddsDatanodeService (HddsDatanodeService.java:start(184)) - HddsDatanodeService host:pr-hdds-1898-vtp6b-2341163797 ip:192.168.36.96
2019-09-03 12:39:38,301 [Datanode State Machine Thread - 0] INFO  datanode.InitDatanodeState (InitDatanodeState.java:persistContainerDatanodeDetails(140)) - DatanodeDetails is persisted to /workdir/hadoop-ozone/integration-test/target/test-dir/MiniOzoneClusterImpl-5a0a076c-dbad-4ac8-abab-e3faa05d1f8c/datanode-4/meta/datanode.id
2019-09-03 12:39:38,307 [main] INFO  volume.HddsVolume (HddsVolume.java:<init>(176)) - Creating Volume: /workdir/hadoop-ozone/integration-test/target/test-dir/MiniOzoneClusterImpl-5a0a076c-dbad-4ac8-abab-e3faa05d1f8c/datanode-5/data/containers/hdds of  storage type : DISK and capacity : 1482555576320
2019-09-03 12:39:38,307 [main] INFO  volume.VolumeSet (VolumeSet.java:initializeVolumeSet(170)) - Added Volume : /workdir/hadoop-ozone/integration-test/target/test-dir/MiniOzoneClusterImpl-5a0a076c-dbad-4ac8-abab-e3faa05d1f8c/datanode-5/data/containers/hdds to VolumeSet
2019-09-03 12:39:38,307 [main] INFO  volume.ThrottledAsyncChecker (ThrottledAsyncChecker.java:schedule(140)) - Scheduling a check for org.apache.hadoop.ozone.container.common.volume.HddsVolume@509a6095
2019-09-03 12:39:38,308 [main] INFO  volume.HddsVolumeChecker (HddsVolumeChecker.java:checkAllVolumes(203)) - Scheduled health check for volume org.apache.hadoop.ozone.container.common.volume.HddsVolume@509a6095
2019-09-03 12:39:38,320 [main] INFO  impl.RaftServerProxy (ConfUtils.java:logGet(43)) - raft.rpc.type = GRPC (default)
2019-09-03 12:39:38,320 [main] INFO  grpc.GrpcFactory (GrpcFactory.java:checkPooledByteBufAllocatorUseCacheForAllThreads(45)) - PERFORMANCE WARNING: useCacheForAllThreads is true that may cause Netty to create a lot garbage objects and, as a result, trigger GC.
	It is recommended to disable useCacheForAllThreads by setting -Dorg.apache.ratis.thirdparty.io.netty.allocator.useCacheForAllThreads=false in command line.
2019-09-03 12:39:38,320 [main] INFO  grpc.GrpcConfigKeys$Server (ConfUtils.java:logGet(43)) - raft.grpc.server.port = 0 (default)
2019-09-03 12:39:38,321 [main] INFO  server.GrpcService (ConfUtils.java:logGet(43)) - raft.grpc.message.size.max = 33570816 (custom)
2019-09-03 12:39:38,321 [main] INFO  server.RaftServerConfigKeys (ConfUtils.java:logGet(43)) - raft.server.log.appender.buffer.byte-limit = 33554432 (custom)
2019-09-03 12:39:38,321 [main] INFO  server.GrpcService (ConfUtils.java:logGet(43)) - raft.grpc.flow.control.window = 1MB (=1048576) (default)
2019-09-03 12:39:38,321 [main] INFO  server.RaftServerConfigKeys (ConfUtils.java:logGet(43)) - raft.server.rpc.request.timeout = 3000ms (default)
2019-09-03 12:39:38,322 [main] INFO  server.RaftServerConfigKeys (ConfUtils.java:logGet(43)) - raft.server.storage.dir = [/workdir/hadoop-ozone/integration-test/target/test-dir/MiniOzoneClusterImpl-5a0a076c-dbad-4ac8-abab-e3faa05d1f8c/datanode-5/data/ratis] (custom)
2019-09-03 12:39:38,323 [main] INFO  hdfs.DFSUtil (DFSUtil.java:httpServerTemplateForNNAndJN(1641)) - Starting Web-server for hddsDatanode at: http://0.0.0.0:0
2019-09-03 12:39:38,324 [main] INFO  server.AuthenticationFilter (AuthenticationFilter.java:constructSecretProvider(240)) - Unable to initialize FileSignerSecretProvider, falling back to use random secrets.
2019-09-03 12:39:38,324 [main] WARN  http.HttpRequestLog (HttpRequestLog.java:getRequestLog(97)) - Jetty request log can only be enabled using Log4j
2019-09-03 12:39:38,325 [main] INFO  http.HttpServer2 (HttpServer2.java:addGlobalFilter(975)) - Added global filter 'safety' (class=org.apache.hadoop.http.HttpServer2$QuotingInputFilter)
2019-09-03 12:39:38,326 [main] INFO  http.HttpServer2 (HttpServer2.java:addFilter(948)) - Added filter static_user_filter (class=org.apache.hadoop.http.lib.StaticUserWebFilter$StaticUserFilter) to context hddsDatanode
2019-09-03 12:39:38,326 [main] INFO  http.HttpServer2 (HttpServer2.java:addFilter(958)) - Added filter static_user_filter (class=org.apache.hadoop.http.lib.StaticUserWebFilter$StaticUserFilter) to context logs
2019-09-03 12:39:38,326 [main] INFO  http.HttpServer2 (HttpServer2.java:addFilter(958)) - Added filter static_user_filter (class=org.apache.hadoop.http.lib.StaticUserWebFilter$StaticUserFilter) to context static
2019-09-03 12:39:38,327 [main] INFO  http.HttpServer2 (HttpServer2.java:bindListener(1191)) - Jetty bound to port 39209
2019-09-03 12:39:38,327 [main] INFO  server.Server (Server.java:doStart(351)) - jetty-9.3.24.v20180605, build timestamp: 2018-06-05T17:11:56Z, git hash: 84205aa28f11a4f31f2a3b86d1bba2cc8ab69827
2019-09-03 12:39:38,328 [main] INFO  handler.ContextHandler (ContextHandler.java:doStart(781)) - Started o.e.j.s.ServletContextHandler@33324c05{/logs,file:///workdir/hadoop-ozone/integration-test/target/log,AVAILABLE}
2019-09-03 12:39:38,328 [main] INFO  handler.ContextHandler (ContextHandler.java:doStart(781)) - Started o.e.j.s.ServletContextHandler@3e53c4ad{/static,jar:file:/home/user/.m2/repository/org/apache/hadoop/hadoop-hdds-container-service/0.5.0-SNAPSHOT/hadoop-hdds-container-service-0.5.0-SNAPSHOT.jar!/webapps/static,AVAILABLE}
2019-09-03 12:39:38,356 [main] INFO  handler.ContextHandler (ContextHandler.java:doStart(781)) - Started o.e.j.w.WebAppContext@7b9e25bd{/,file:///tmp/jetty-0.0.0.0-39209-hddsDatanode-_-any-7127717653627544535.dir/webapp/,AVAILABLE}{/hddsDatanode}
2019-09-03 12:39:38,357 [main] INFO  server.AbstractConnector (AbstractConnector.java:doStart(278)) - Started ServerConnector@2d206a71{HTTP/1.1,[http/1.1]}{0.0.0.0:39209}
2019-09-03 12:39:38,358 [main] INFO  server.Server (Server.java:doStart(419)) - Started @587825ms
2019-09-03 12:39:38,358 [main] WARN  impl.MetricsSystemImpl (MetricsSystemImpl.java:register(276)) - Sink prometheus already exists!
2019-09-03 12:39:38,359 [main] INFO  server.BaseHttpServer (BaseHttpServer.java:updateConnectorAddress(215)) - HTTP server of HDDSDATANODE is listening at http://0.0.0.0:39209
2019-09-03 12:39:38,359 [main] INFO  impl.MetricsSystemImpl (MetricsSystemImpl.java:init(158)) - HddsDatanode metrics system started (again)
2019-09-03 12:39:38,362 [org.apache.hadoop.util.JvmPauseMonitor$Monitor@1c203172] INFO  util.JvmPauseMonitor (JvmPauseMonitor.java:run(188)) - Starting JVM pause monitor
2019-09-03 12:39:38,362 [main] INFO  ozone.HddsDatanodeService (HddsDatanodeService.java:start(184)) - HddsDatanodeService host:pr-hdds-1898-vtp6b-2341163797 ip:192.168.36.96
2019-09-03 12:39:38,363 [Datanode State Machine Thread - 0] INFO  datanode.InitDatanodeState (InitDatanodeState.java:persistContainerDatanodeDetails(140)) - DatanodeDetails is persisted to /workdir/hadoop-ozone/integration-test/target/test-dir/MiniOzoneClusterImpl-5a0a076c-dbad-4ac8-abab-e3faa05d1f8c/datanode-5/meta/datanode.id
2019-09-03 12:39:38,367 [main] INFO  volume.HddsVolume (HddsVolume.java:<init>(176)) - Creating Volume: /workdir/hadoop-ozone/integration-test/target/test-dir/MiniOzoneClusterImpl-5a0a076c-dbad-4ac8-abab-e3faa05d1f8c/datanode-6/data/containers/hdds of  storage type : DISK and capacity : 1482555576320
2019-09-03 12:39:38,367 [main] INFO  volume.VolumeSet (VolumeSet.java:initializeVolumeSet(170)) - Added Volume : /workdir/hadoop-ozone/integration-test/target/test-dir/MiniOzoneClusterImpl-5a0a076c-dbad-4ac8-abab-e3faa05d1f8c/datanode-6/data/containers/hdds to VolumeSet
2019-09-03 12:39:38,367 [main] INFO  volume.ThrottledAsyncChecker (ThrottledAsyncChecker.java:schedule(140)) - Scheduling a check for org.apache.hadoop.ozone.container.common.volume.HddsVolume@203e705e
2019-09-03 12:39:38,367 [main] INFO  volume.HddsVolumeChecker (HddsVolumeChecker.java:checkAllVolumes(203)) - Scheduled health check for volume org.apache.hadoop.ozone.container.common.volume.HddsVolume@203e705e
2019-09-03 12:39:38,380 [main] INFO  impl.RaftServerProxy (ConfUtils.java:logGet(43)) - raft.rpc.type = GRPC (default)
2019-09-03 12:39:38,380 [main] INFO  grpc.GrpcFactory (GrpcFactory.java:checkPooledByteBufAllocatorUseCacheForAllThreads(45)) - PERFORMANCE WARNING: useCacheForAllThreads is true that may cause Netty to create a lot garbage objects and, as a result, trigger GC.
	It is recommended to disable useCacheForAllThreads by setting -Dorg.apache.ratis.thirdparty.io.netty.allocator.useCacheForAllThreads=false in command line.
2019-09-03 12:39:38,380 [main] INFO  grpc.GrpcConfigKeys$Server (ConfUtils.java:logGet(43)) - raft.grpc.server.port = 0 (default)
2019-09-03 12:39:38,380 [main] INFO  server.GrpcService (ConfUtils.java:logGet(43)) - raft.grpc.message.size.max = 33570816 (custom)
2019-09-03 12:39:38,380 [main] INFO  server.RaftServerConfigKeys (ConfUtils.java:logGet(43)) - raft.server.log.appender.buffer.byte-limit = 33554432 (custom)
2019-09-03 12:39:38,380 [main] INFO  server.GrpcService (ConfUtils.java:logGet(43)) - raft.grpc.flow.control.window = 1MB (=1048576) (default)
2019-09-03 12:39:38,381 [main] INFO  server.RaftServerConfigKeys (ConfUtils.java:logGet(43)) - raft.server.rpc.request.timeout = 3000ms (default)
2019-09-03 12:39:38,381 [main] INFO  server.RaftServerConfigKeys (ConfUtils.java:logGet(43)) - raft.server.storage.dir = [/workdir/hadoop-ozone/integration-test/target/test-dir/MiniOzoneClusterImpl-5a0a076c-dbad-4ac8-abab-e3faa05d1f8c/datanode-6/data/ratis] (custom)
2019-09-03 12:39:38,382 [main] INFO  hdfs.DFSUtil (DFSUtil.java:httpServerTemplateForNNAndJN(1641)) - Starting Web-server for hddsDatanode at: http://0.0.0.0:0
2019-09-03 12:39:38,384 [main] INFO  server.AuthenticationFilter (AuthenticationFilter.java:constructSecretProvider(240)) - Unable to initialize FileSignerSecretProvider, falling back to use random secrets.
2019-09-03 12:39:38,384 [main] WARN  http.HttpRequestLog (HttpRequestLog.java:getRequestLog(97)) - Jetty request log can only be enabled using Log4j
2019-09-03 12:39:38,385 [main] INFO  http.HttpServer2 (HttpServer2.java:addGlobalFilter(975)) - Added global filter 'safety' (class=org.apache.hadoop.http.HttpServer2$QuotingInputFilter)
2019-09-03 12:39:38,386 [main] INFO  http.HttpServer2 (HttpServer2.java:addFilter(948)) - Added filter static_user_filter (class=org.apache.hadoop.http.lib.StaticUserWebFilter$StaticUserFilter) to context hddsDatanode
2019-09-03 12:39:38,386 [main] INFO  http.HttpServer2 (HttpServer2.java:addFilter(958)) - Added filter static_user_filter (class=org.apache.hadoop.http.lib.StaticUserWebFilter$StaticUserFilter) to context static
2019-09-03 12:39:38,386 [main] INFO  http.HttpServer2 (HttpServer2.java:addFilter(958)) - Added filter static_user_filter (class=org.apache.hadoop.http.lib.StaticUserWebFilter$StaticUserFilter) to context logs
2019-09-03 12:39:38,387 [main] INFO  http.HttpServer2 (HttpServer2.java:bindListener(1191)) - Jetty bound to port 33933
2019-09-03 12:39:38,387 [main] INFO  server.Server (Server.java:doStart(351)) - jetty-9.3.24.v20180605, build timestamp: 2018-06-05T17:11:56Z, git hash: 84205aa28f11a4f31f2a3b86d1bba2cc8ab69827
2019-09-03 12:39:38,388 [main] INFO  handler.ContextHandler (ContextHandler.java:doStart(781)) - Started o.e.j.s.ServletContextHandler@20256a0b{/logs,file:///workdir/hadoop-ozone/integration-test/target/log,AVAILABLE}
2019-09-03 12:39:38,388 [main] INFO  handler.ContextHandler (ContextHandler.java:doStart(781)) - Started o.e.j.s.ServletContextHandler@454bcbbf{/static,jar:file:/home/user/.m2/repository/org/apache/hadoop/hadoop-hdds-container-service/0.5.0-SNAPSHOT/hadoop-hdds-container-service-0.5.0-SNAPSHOT.jar!/webapps/static,AVAILABLE}
2019-09-03 12:39:38,417 [main] INFO  handler.ContextHandler (ContextHandler.java:doStart(781)) - Started o.e.j.w.WebAppContext@340afaf8{/,file:///tmp/jetty-0.0.0.0-33933-hddsDatanode-_-any-718826787798920470.dir/webapp/,AVAILABLE}{/hddsDatanode}
2019-09-03 12:39:38,417 [main] INFO  server.AbstractConnector (AbstractConnector.java:doStart(278)) - Started ServerConnector@6238d5e0{HTTP/1.1,[http/1.1]}{0.0.0.0:33933}
2019-09-03 12:39:38,421 [main] INFO  server.Server (Server.java:doStart(419)) - Started @587888ms
2019-09-03 12:39:38,421 [main] WARN  impl.MetricsSystemImpl (MetricsSystemImpl.java:register(276)) - Sink prometheus already exists!
2019-09-03 12:39:38,421 [main] INFO  server.BaseHttpServer (BaseHttpServer.java:updateConnectorAddress(215)) - HTTP server of HDDSDATANODE is listening at http://0.0.0.0:33933
2019-09-03 12:39:38,422 [main] INFO  ozone.MiniOzoneClusterImpl (MiniOzoneClusterImpl.java:lambda$waitForClusterToBeReady$0(140)) - Waiting for cluster to be ready. Got 0 of 7 DN Heartbeats.
2019-09-03 12:39:38,423 [org.apache.hadoop.util.JvmPauseMonitor$Monitor@37bf9534] INFO  util.JvmPauseMonitor (JvmPauseMonitor.java:run(188)) - Starting JVM pause monitor
2019-09-03 12:39:38,424 [Datanode State Machine Thread - 0] INFO  datanode.InitDatanodeState (InitDatanodeState.java:persistContainerDatanodeDetails(140)) - DatanodeDetails is persisted to /workdir/hadoop-ozone/integration-test/target/test-dir/MiniOzoneClusterImpl-5a0a076c-dbad-4ac8-abab-e3faa05d1f8c/datanode-6/meta/datanode.id
2019-09-03 12:39:39,422 [main] INFO  ozone.MiniOzoneClusterImpl (MiniOzoneClusterImpl.java:lambda$waitForClusterToBeReady$0(140)) - Waiting for cluster to be ready. Got 0 of 7 DN Heartbeats.
2019-09-03 12:39:40,168 [Datanode State Machine Thread - 0] INFO  ozoneimpl.OzoneContainer (OzoneContainer.java:start(201)) - Attempting to start container services.
2019-09-03 12:39:40,168 [Datanode State Machine Thread - 0] INFO  ozoneimpl.OzoneContainer (OzoneContainer.java:startContainerScrub(175)) - Background container scrubber has been disabled by hdds.containerscrub.enabled
2019-09-03 12:39:40,168 [Datanode State Machine Thread - 0] INFO  ratis.XceiverServerRatis (XceiverServerRatis.java:start(393)) - Starting XceiverServerRatis 739637a6-1a7a-40a1-9664-4717da00b6f7 at port 0
2019-09-03 12:39:40,168 [Datanode State Machine Thread - 0] INFO  ozoneimpl.OzoneContainer (OzoneContainer.java:start(201)) - Attempting to start container services.
2019-09-03 12:39:40,169 [Datanode State Machine Thread - 0] INFO  ozoneimpl.OzoneContainer (OzoneContainer.java:startContainerScrub(175)) - Background container scrubber has been disabled by hdds.containerscrub.enabled
2019-09-03 12:39:40,169 [Datanode State Machine Thread - 0] INFO  ratis.XceiverServerRatis (XceiverServerRatis.java:start(393)) - Starting XceiverServerRatis 08cd99cc-9257-4a37-875f-07701f928046 at port 0
2019-09-03 12:39:40,181 [Datanode State Machine Thread - 0] INFO  impl.RaftServerProxy (RaftServerProxy.java:lambda$start$3(299)) - 739637a6-1a7a-40a1-9664-4717da00b6f7: start RPC server
2019-09-03 12:39:40,182 [Datanode State Machine Thread - 0] INFO  impl.RaftServerProxy (RaftServerProxy.java:lambda$start$3(299)) - 08cd99cc-9257-4a37-875f-07701f928046: start RPC server
2019-09-03 12:39:40,183 [Datanode State Machine Thread - 0] INFO  server.GrpcService (GrpcService.java:startImpl(149)) - 739637a6-1a7a-40a1-9664-4717da00b6f7: GrpcService started, listening on 0.0.0.0/0.0.0.0:39276
2019-09-03 12:39:40,183 [Datanode State Machine Thread - 0] INFO  server.GrpcService (GrpcService.java:startImpl(149)) - 08cd99cc-9257-4a37-875f-07701f928046: GrpcService started, listening on 0.0.0.0/0.0.0.0:37401
2019-09-03 12:39:40,183 [Datanode State Machine Thread - 0] INFO  ratis.XceiverServerRatis (XceiverServerRatis.java:start(403)) - XceiverServerRatis 739637a6-1a7a-40a1-9664-4717da00b6f7 is started using port 39276
2019-09-03 12:39:40,184 [Datanode State Machine Thread - 0] INFO  ratis.XceiverServerRatis (XceiverServerRatis.java:start(403)) - XceiverServerRatis 08cd99cc-9257-4a37-875f-07701f928046 is started using port 37401
2019-09-03 12:39:40,184 [Datanode State Machine Thread - 0] INFO  server.XceiverServerGrpc (XceiverServerGrpc.java:start(163)) - XceiverServerGrpc 739637a6-1a7a-40a1-9664-4717da00b6f7 is started using port 43889
2019-09-03 12:39:40,184 [Datanode State Machine Thread - 0] INFO  server.XceiverServerGrpc (XceiverServerGrpc.java:start(163)) - XceiverServerGrpc 08cd99cc-9257-4a37-875f-07701f928046 is started using port 33089
2019-09-03 12:39:40,186 [Datanode State Machine Thread - 0] INFO  ozoneimpl.OzoneContainer (OzoneContainer.java:start(201)) - Attempting to start container services.
2019-09-03 12:39:40,187 [Datanode State Machine Thread - 0] INFO  ozoneimpl.OzoneContainer (OzoneContainer.java:startContainerScrub(175)) - Background container scrubber has been disabled by hdds.containerscrub.enabled
2019-09-03 12:39:40,188 [Datanode State Machine Thread - 0] INFO  ratis.XceiverServerRatis (XceiverServerRatis.java:start(393)) - Starting XceiverServerRatis 63ca0b64-7077-4223-897f-e4014b1f8a21 at port 0
2019-09-03 12:39:40,193 [Datanode State Machine Thread - 0] INFO  impl.RaftServerProxy (RaftServerProxy.java:lambda$start$3(299)) - 63ca0b64-7077-4223-897f-e4014b1f8a21: start RPC server
2019-09-03 12:39:40,196 [Datanode State Machine Thread - 0] INFO  server.GrpcService (GrpcService.java:startImpl(149)) - 63ca0b64-7077-4223-897f-e4014b1f8a21: GrpcService started, listening on 0.0.0.0/0.0.0.0:36314
2019-09-03 12:39:40,196 [Datanode State Machine Thread - 0] INFO  ratis.XceiverServerRatis (XceiverServerRatis.java:start(403)) - XceiverServerRatis 63ca0b64-7077-4223-897f-e4014b1f8a21 is started using port 36314
2019-09-03 12:39:40,196 [Datanode State Machine Thread - 0] INFO  server.XceiverServerGrpc (XceiverServerGrpc.java:start(163)) - XceiverServerGrpc 63ca0b64-7077-4223-897f-e4014b1f8a21 is started using port 33614
2019-09-03 12:39:40,252 [Datanode State Machine Thread - 0] INFO  ozoneimpl.OzoneContainer (OzoneContainer.java:start(201)) - Attempting to start container services.
2019-09-03 12:39:40,252 [Datanode State Machine Thread - 0] INFO  ozoneimpl.OzoneContainer (OzoneContainer.java:startContainerScrub(175)) - Background container scrubber has been disabled by hdds.containerscrub.enabled
2019-09-03 12:39:40,253 [Datanode State Machine Thread - 0] INFO  ratis.XceiverServerRatis (XceiverServerRatis.java:start(393)) - Starting XceiverServerRatis 85506639-3fe0-42d5-8109-64e3968f1eaf at port 0
2019-09-03 12:39:40,258 [Datanode State Machine Thread - 0] INFO  impl.RaftServerProxy (RaftServerProxy.java:lambda$start$3(299)) - 85506639-3fe0-42d5-8109-64e3968f1eaf: start RPC server
2019-09-03 12:39:40,260 [Datanode State Machine Thread - 0] INFO  server.GrpcService (GrpcService.java:startImpl(149)) - 85506639-3fe0-42d5-8109-64e3968f1eaf: GrpcService started, listening on 0.0.0.0/0.0.0.0:32803
2019-09-03 12:39:40,261 [Datanode State Machine Thread - 0] INFO  ratis.XceiverServerRatis (XceiverServerRatis.java:start(403)) - XceiverServerRatis 85506639-3fe0-42d5-8109-64e3968f1eaf is started using port 32803
2019-09-03 12:39:40,261 [Datanode State Machine Thread - 0] INFO  server.XceiverServerGrpc (XceiverServerGrpc.java:start(163)) - XceiverServerGrpc 85506639-3fe0-42d5-8109-64e3968f1eaf is started using port 40403
2019-09-03 12:39:40,316 [Datanode State Machine Thread - 0] INFO  ozoneimpl.OzoneContainer (OzoneContainer.java:start(201)) - Attempting to start container services.
2019-09-03 12:39:40,316 [Datanode State Machine Thread - 0] INFO  ozoneimpl.OzoneContainer (OzoneContainer.java:startContainerScrub(175)) - Background container scrubber has been disabled by hdds.containerscrub.enabled
2019-09-03 12:39:40,317 [Datanode State Machine Thread - 0] INFO  ratis.XceiverServerRatis (XceiverServerRatis.java:start(393)) - Starting XceiverServerRatis 3ef92ecc-28c5-4fad-842b-96b52fc10be7 at port 0
2019-09-03 12:39:40,322 [Datanode State Machine Thread - 0] INFO  impl.RaftServerProxy (RaftServerProxy.java:lambda$start$3(299)) - 3ef92ecc-28c5-4fad-842b-96b52fc10be7: start RPC server
2019-09-03 12:39:40,323 [Datanode State Machine Thread - 0] INFO  server.GrpcService (GrpcService.java:startImpl(149)) - 3ef92ecc-28c5-4fad-842b-96b52fc10be7: GrpcService started, listening on 0.0.0.0/0.0.0.0:40472
2019-09-03 12:39:40,323 [Datanode State Machine Thread - 0] INFO  ratis.XceiverServerRatis (XceiverServerRatis.java:start(403)) - XceiverServerRatis 3ef92ecc-28c5-4fad-842b-96b52fc10be7 is started using port 40472
2019-09-03 12:39:40,323 [Datanode State Machine Thread - 0] INFO  server.XceiverServerGrpc (XceiverServerGrpc.java:start(163)) - XceiverServerGrpc 3ef92ecc-28c5-4fad-842b-96b52fc10be7 is started using port 34170
2019-09-03 12:39:40,377 [Datanode State Machine Thread - 0] INFO  ozoneimpl.OzoneContainer (OzoneContainer.java:start(201)) - Attempting to start container services.
2019-09-03 12:39:40,378 [Datanode State Machine Thread - 0] INFO  ozoneimpl.OzoneContainer (OzoneContainer.java:startContainerScrub(175)) - Background container scrubber has been disabled by hdds.containerscrub.enabled
2019-09-03 12:39:40,378 [Datanode State Machine Thread - 0] INFO  ratis.XceiverServerRatis (XceiverServerRatis.java:start(393)) - Starting XceiverServerRatis c2e6ed46-8fd1-4958-8387-820c85525dba at port 0
2019-09-03 12:39:40,383 [Datanode State Machine Thread - 0] INFO  impl.RaftServerProxy (RaftServerProxy.java:lambda$start$3(299)) - c2e6ed46-8fd1-4958-8387-820c85525dba: start RPC server
2019-09-03 12:39:40,384 [Datanode State Machine Thread - 0] INFO  server.GrpcService (GrpcService.java:startImpl(149)) - c2e6ed46-8fd1-4958-8387-820c85525dba: GrpcService started, listening on 0.0.0.0/0.0.0.0:38815
2019-09-03 12:39:40,384 [Datanode State Machine Thread - 0] INFO  ratis.XceiverServerRatis (XceiverServerRatis.java:start(403)) - XceiverServerRatis c2e6ed46-8fd1-4958-8387-820c85525dba is started using port 38815
2019-09-03 12:39:40,385 [Datanode State Machine Thread - 0] INFO  server.XceiverServerGrpc (XceiverServerGrpc.java:start(163)) - XceiverServerGrpc c2e6ed46-8fd1-4958-8387-820c85525dba is started using port 39956
2019-09-03 12:39:40,422 [main] INFO  ozone.MiniOzoneClusterImpl (MiniOzoneClusterImpl.java:lambda$waitForClusterToBeReady$0(140)) - Waiting for cluster to be ready. Got 0 of 7 DN Heartbeats.
2019-09-03 12:39:40,438 [Datanode State Machine Thread - 0] INFO  ozoneimpl.OzoneContainer (OzoneContainer.java:start(201)) - Attempting to start container services.
2019-09-03 12:39:40,438 [Datanode State Machine Thread - 0] INFO  ozoneimpl.OzoneContainer (OzoneContainer.java:startContainerScrub(175)) - Background container scrubber has been disabled by hdds.containerscrub.enabled
2019-09-03 12:39:40,438 [Datanode State Machine Thread - 0] INFO  ratis.XceiverServerRatis (XceiverServerRatis.java:start(393)) - Starting XceiverServerRatis 7fb19221-14f6-4c84-b51f-75149814f9ab at port 0
2019-09-03 12:39:40,444 [Datanode State Machine Thread - 0] INFO  impl.RaftServerProxy (RaftServerProxy.java:lambda$start$3(299)) - 7fb19221-14f6-4c84-b51f-75149814f9ab: start RPC server
2019-09-03 12:39:40,447 [Datanode State Machine Thread - 0] INFO  server.GrpcService (GrpcService.java:startImpl(149)) - 7fb19221-14f6-4c84-b51f-75149814f9ab: GrpcService started, listening on 0.0.0.0/0.0.0.0:44311
2019-09-03 12:39:40,447 [Datanode State Machine Thread - 0] INFO  ratis.XceiverServerRatis (XceiverServerRatis.java:start(403)) - XceiverServerRatis 7fb19221-14f6-4c84-b51f-75149814f9ab is started using port 44311
2019-09-03 12:39:40,449 [Datanode State Machine Thread - 0] INFO  server.XceiverServerGrpc (XceiverServerGrpc.java:start(163)) - XceiverServerGrpc 7fb19221-14f6-4c84-b51f-75149814f9ab is started using port 34449
2019-09-03 12:39:41,423 [main] INFO  ozone.MiniOzoneClusterImpl (MiniOzoneClusterImpl.java:lambda$waitForClusterToBeReady$0(140)) - Waiting for cluster to be ready. Got 0 of 7 DN Heartbeats.
2019-09-03 12:39:42,059 [IPC Server handler 0 on 46379] INFO  net.NetworkTopology (NetworkTopologyImpl.java:add(110)) - Added a new node: /default-rack/739637a6-1a7a-40a1-9664-4717da00b6f7
2019-09-03 12:39:42,061 [IPC Server handler 0 on 46379] INFO  node.SCMNodeManager (SCMNodeManager.java:register(266)) - Registered Data node : 739637a6-1a7a-40a1-9664-4717da00b6f7{ip: 192.168.36.96, host: pr-hdds-1898-vtp6b-2341163797, networkLocation: /default-rack, certSerialId: null}
2019-09-03 12:39:42,062 [EventQueue-NodeRegistrationContainerReportForDataNodeSafeModeRule] INFO  safemode.SCMSafeModeManager (DataNodeSafeModeRule.java:process(71)) - SCM in safe mode. 1 DataNodes registered, 1 required.
2019-09-03 12:39:42,065 [EventQueue-NodeRegistrationContainerReportForDataNodeSafeModeRule] INFO  safemode.SCMSafeModeManager (SCMSafeModeManager.java:validateSafeModeExitRules(177)) - ScmSafeModeManager, all rules are successfully validated
2019-09-03 12:39:42,065 [EventQueue-NodeRegistrationContainerReportForDataNodeSafeModeRule] INFO  safemode.SCMSafeModeManager (SCMSafeModeManager.java:exitSafeMode(193)) - SCM exiting safe mode.
2019-09-03 12:39:42,071 [grpc-default-executor-7] INFO  impl.RaftServerProxy (RaftServerProxy.java:addNew(89)) - 739637a6-1a7a-40a1-9664-4717da00b6f7: addNew group-FFCCA6973883:[739637a6-1a7a-40a1-9664-4717da00b6f7:192.168.36.96:39276] returns group-FFCCA6973883:java.util.concurrent.CompletableFuture@48b3db97[Not completed]
2019-09-03 12:39:42,073 [pool-409-thread-1] INFO  impl.RaftServerImpl (RaftServerImpl.java:<init>(93)) - 739637a6-1a7a-40a1-9664-4717da00b6f7: new RaftServerImpl for group-FFCCA6973883:[739637a6-1a7a-40a1-9664-4717da00b6f7:192.168.36.96:39276] with ContainerStateMachine:uninitialized
2019-09-03 12:39:42,074 [pool-409-thread-1] INFO  server.RaftServerConfigKeys (ConfUtils.java:logGet(43)) - raft.server.rpc.timeout.min = 5s (custom)
2019-09-03 12:39:42,074 [pool-409-thread-1] INFO  server.RaftServerConfigKeys (ConfUtils.java:logGet(43)) - raft.server.rpc.timeout.max = 5200ms (custom)
2019-09-03 12:39:42,074 [pool-409-thread-1] INFO  server.RaftServerConfigKeys (ConfUtils.java:logGet(43)) - raft.server.rpcslowness.timeout = 120s (custom)
2019-09-03 12:39:42,074 [pool-409-thread-1] INFO  server.RaftServerConfigKeys (ConfUtils.java:logGet(43)) - raft.server.sleep.deviation.threshold = 300 (default)
2019-09-03 12:39:42,074 [pool-409-thread-1] INFO  server.RaftServerConfigKeys (ConfUtils.java:logGet(43)) - raft.server.log.appender.install.snapshot.enabled = false (custom)
2019-09-03 12:39:42,074 [pool-409-thread-1] INFO  impl.RaftServerImpl (ServerState.java:<init>(105)) - 739637a6-1a7a-40a1-9664-4717da00b6f7:group-FFCCA6973883 ConfigurationManager, init=-1: [739637a6-1a7a-40a1-9664-4717da00b6f7:192.168.36.96:39276], old=null, confs=<EMPTY_MAP>
2019-09-03 12:39:42,075 [pool-409-thread-1] INFO  server.RaftServerConfigKeys (ConfUtils.java:logGet(43)) - raft.server.storage.dir = [/workdir/hadoop-ozone/integration-test/target/test-dir/MiniOzoneClusterImpl-5a0a076c-dbad-4ac8-abab-e3faa05d1f8c/datanode-0/data/ratis] (custom)
2019-09-03 12:39:42,075 [pool-409-thread-1] INFO  storage.RaftStorageDirectory (RaftStorageDirectory.java:analyzeStorage(246)) - The storage directory /workdir/hadoop-ozone/integration-test/target/test-dir/MiniOzoneClusterImpl-5a0a076c-dbad-4ac8-abab-e3faa05d1f8c/datanode-0/data/ratis/31010b94-23a6-44e0-b2b5-ffcca6973883 does not exist. Creating ...
2019-09-03 12:39:42,114 [IPC Server handler 1 on 46379] INFO  net.NetworkTopology (NetworkTopologyImpl.java:add(110)) - Added a new node: /default-rack/08cd99cc-9257-4a37-875f-07701f928046
2019-09-03 12:39:42,114 [IPC Server handler 1 on 46379] INFO  node.SCMNodeManager (SCMNodeManager.java:register(266)) - Registered Data node : 08cd99cc-9257-4a37-875f-07701f928046{ip: 192.168.36.96, host: pr-hdds-1898-vtp6b-2341163797, networkLocation: /default-rack, certSerialId: null}
2019-09-03 12:39:42,164 [pool-409-thread-1] INFO  storage.RaftStorageDirectory (RaftStorageDirectory.java:tryLock(328)) - Lock on /workdir/hadoop-ozone/integration-test/target/test-dir/MiniOzoneClusterImpl-5a0a076c-dbad-4ac8-abab-e3faa05d1f8c/datanode-0/data/ratis/31010b94-23a6-44e0-b2b5-ffcca6973883/in_use.lock acquired by nodename 21196@pr-hdds-1898-vtp6b-2341163797
2019-09-03 12:39:42,175 [IPC Server handler 2 on 46379] INFO  net.NetworkTopology (NetworkTopologyImpl.java:add(110)) - Added a new node: /default-rack/63ca0b64-7077-4223-897f-e4014b1f8a21
2019-09-03 12:39:42,176 [IPC Server handler 2 on 46379] INFO  node.SCMNodeManager (SCMNodeManager.java:register(266)) - Registered Data node : 63ca0b64-7077-4223-897f-e4014b1f8a21{ip: 192.168.36.96, host: pr-hdds-1898-vtp6b-2341163797, networkLocation: /default-rack, certSerialId: null}
2019-09-03 12:39:42,179 [pool-409-thread-1] INFO  storage.RaftStorage (RaftStorage.java:format(72)) - Storage directory /workdir/hadoop-ozone/integration-test/target/test-dir/MiniOzoneClusterImpl-5a0a076c-dbad-4ac8-abab-e3faa05d1f8c/datanode-0/data/ratis/31010b94-23a6-44e0-b2b5-ffcca6973883 has been successfully formatted.
2019-09-03 12:39:42,179 [pool-409-thread-1] INFO  ratis.ContainerStateMachine (ContainerStateMachine.java:loadSnapshot(227)) - group-FFCCA6973883: The snapshot info is null. Setting the last applied indexto:(t:0, i:~)
2019-09-03 12:39:42,179 [pool-409-thread-1] INFO  server.RaftServerConfigKeys (ConfUtils.java:logGet(43)) - raft.server.leader.election.timeout = 120s (custom)
2019-09-03 12:39:42,180 [pool-409-thread-1] INFO  server.RaftServerConfigKeys (ConfUtils.java:logGet(43)) - raft.server.log.use.memory = false (default)
2019-09-03 12:39:42,180 [pool-409-thread-1] INFO  server.RaftServerConfigKeys (ConfUtils.java:logGet(43)) - raft.server.log.purge.gap = 1000000 (custom)
2019-09-03 12:39:42,180 [pool-409-thread-1] INFO  server.RaftServerConfigKeys (ConfUtils.java:logGet(43)) - raft.server.log.appender.buffer.byte-limit = 33554432 (custom)
2019-09-03 12:39:42,180 [pool-409-thread-1] INFO  server.RaftServerConfigKeys (ConfUtils.java:logGet(43)) - raft.server.log.segment.size.max = 1048576 (custom)
2019-09-03 12:39:42,180 [pool-409-thread-1] INFO  server.RaftServerConfigKeys (ConfUtils.java:logGet(43)) - raft.server.log.segment.cache.num.max = 2 (custom)
2019-09-03 12:39:42,180 [pool-409-thread-1] INFO  segmented.SegmentedRaftLogWorker (SegmentedRaftLogWorker.java:<init>(172)) - new 739637a6-1a7a-40a1-9664-4717da00b6f7-SegmentedRaftLogWorker:Storage Directory /workdir/hadoop-ozone/integration-test/target/test-dir/MiniOzoneClusterImpl-5a0a076c-dbad-4ac8-abab-e3faa05d1f8c/datanode-0/data/ratis/31010b94-23a6-44e0-b2b5-ffcca6973883 for RaftStorage:Storage Directory /workdir/hadoop-ozone/integration-test/target/test-dir/MiniOzoneClusterImpl-5a0a076c-dbad-4ac8-abab-e3faa05d1f8c/datanode-0/data/ratis/31010b94-23a6-44e0-b2b5-ffcca6973883
2019-09-03 12:39:42,181 [pool-409-thread-1] INFO  server.RaftServerConfigKeys (ConfUtils.java:logGet(43)) - raft.server.log.queue.byte-limit = 2147483647 (custom)
2019-09-03 12:39:42,181 [pool-409-thread-1] INFO  server.RaftServerConfigKeys (ConfUtils.java:logGet(43)) - raft.server.log.queue.element-limit = 1024 (custom)
2019-09-03 12:39:42,181 [pool-409-thread-1] INFO  server.RaftServerConfigKeys (ConfUtils.java:logGet(43)) - raft.server.log.segment.size.max = 1048576 (custom)
2019-09-03 12:39:42,181 [pool-409-thread-1] INFO  server.RaftServerConfigKeys (ConfUtils.java:logGet(43)) - raft.server.log.preallocated.size = 16384 (custom)
2019-09-03 12:39:42,181 [pool-409-thread-1] INFO  server.RaftServerConfigKeys (ConfUtils.java:logGet(43)) - raft.server.log.write.buffer.size = 33554432 (custom)
2019-09-03 12:39:42,182 [pool-409-thread-1] INFO  server.RaftServerConfigKeys (ConfUtils.java:logGet(43)) - raft.server.log.force.sync.num = 128 (default)
2019-09-03 12:39:42,182 [pool-409-thread-1] INFO  server.RaftServerConfigKeys (ConfUtils.java:logGet(43)) - raft.server.log.statemachine.data.sync = true (default)
2019-09-03 12:39:42,182 [pool-409-thread-1] INFO  server.RaftServerConfigKeys (ConfUtils.java:logGet(43)) - raft.server.log.statemachine.data.sync.timeout = 10s (default)
2019-09-03 12:39:42,182 [pool-409-thread-1] INFO  server.RaftServerConfigKeys (ConfUtils.java:logGet(43)) - raft.server.log.statemachine.data.sync.timeout.retry = -1 (default)
2019-09-03 12:39:42,182 [pool-409-thread-1] INFO  server.RaftServerConfigKeys (ConfUtils.java:logGet(43)) - raft.server.log.statemachine.data.caching.enabled = true (custom)
2019-09-03 12:39:42,183 [pool-409-thread-1] INFO  segmented.SegmentedRaftLogWorker (SegmentedRaftLogWorker.java:lambda$new$0(132)) - 739637a6-1a7a-40a1-9664-4717da00b6f7-SegmentedRaftLogWorker:Storage Directory /workdir/hadoop-ozone/integration-test/target/test-dir/MiniOzoneClusterImpl-5a0a076c-dbad-4ac8-abab-e3faa05d1f8c/datanode-0/data/ratis/31010b94-23a6-44e0-b2b5-ffcca6973883: flushIndex: setUnconditionally 0 -> -1
2019-09-03 12:39:42,183 [pool-409-thread-1] INFO  server.RaftServerConfigKeys (ConfUtils.java:logGet(43)) - raft.server.snapshot.auto.trigger.enabled = true (custom)
2019-09-03 12:39:42,183 [pool-409-thread-1] INFO  server.RaftServerConfigKeys (ConfUtils.java:logGet(43)) - raft.server.snapshot.auto.trigger.threshold = 10000 (custom)
2019-09-03 12:39:42,183 [pool-409-thread-1] INFO  server.RaftServerConfigKeys (ConfUtils.java:logGet(43)) - raft.server.retrycache.expirytime = 600000ms (custom)
2019-09-03 12:39:42,184 [pool-409-thread-1] INFO  impl.RaftServerImpl (RaftServerImpl.java:start(180)) - 739637a6-1a7a-40a1-9664-4717da00b6f7: start group-FFCCA6973883
2019-09-03 12:39:42,184 [pool-409-thread-1] INFO  impl.RaftServerImpl (RaftServerImpl.java:setRole(171)) - 739637a6-1a7a-40a1-9664-4717da00b6f7:group-FFCCA6973883 changes role from null to FOLLOWER at term 0 for startAsFollower
2019-09-03 12:39:42,184 [pool-409-thread-1] INFO  impl.RoleInfo (RoleInfo.java:updateAndGet(143)) - 739637a6-1a7a-40a1-9664-4717da00b6f7: start FollowerState
2019-09-03 12:39:42,184 [pool-409-thread-1] INFO  util.JmxRegister (JmxRegister.java:tryRegister(44)) - Successfully registered JMX Bean with object name Ratis:service=RaftServer,group=group-FFCCA6973883,id=739637a6-1a7a-40a1-9664-4717da00b6f7
2019-09-03 12:39:42,196 [RatisPipelineUtilsThread] INFO  pipeline.PipelineStateManager (PipelineStateManager.java:addPipeline(56)) - Created pipeline Pipeline[ Id: 31010b94-23a6-44e0-b2b5-ffcca6973883, Nodes: 739637a6-1a7a-40a1-9664-4717da00b6f7{ip: 192.168.36.96, host: pr-hdds-1898-vtp6b-2341163797, networkLocation: /default-rack, certSerialId: null}, Type:RATIS, Factor:ONE, State:OPEN]
2019-09-03 12:39:42,204 [grpc-default-executor-7] INFO  impl.RaftServerProxy (RaftServerProxy.java:addNew(89)) - 08cd99cc-9257-4a37-875f-07701f928046: addNew group-C88DEC523B5D:[08cd99cc-9257-4a37-875f-07701f928046:192.168.36.96:37401] returns group-C88DEC523B5D:java.util.concurrent.CompletableFuture@7e2527e8[Not completed]
2019-09-03 12:39:42,206 [pool-419-thread-1] INFO  impl.RaftServerImpl (RaftServerImpl.java:<init>(93)) - 08cd99cc-9257-4a37-875f-07701f928046: new RaftServerImpl for group-C88DEC523B5D:[08cd99cc-9257-4a37-875f-07701f928046:192.168.36.96:37401] with ContainerStateMachine:uninitialized
2019-09-03 12:39:42,206 [pool-419-thread-1] INFO  server.RaftServerConfigKeys (ConfUtils.java:logGet(43)) - raft.server.rpc.timeout.min = 5s (custom)
2019-09-03 12:39:42,206 [pool-419-thread-1] INFO  server.RaftServerConfigKeys (ConfUtils.java:logGet(43)) - raft.server.rpc.timeout.max = 5200ms (custom)
2019-09-03 12:39:42,206 [pool-419-thread-1] INFO  server.RaftServerConfigKeys (ConfUtils.java:logGet(43)) - raft.server.rpcslowness.timeout = 120s (custom)
2019-09-03 12:39:42,206 [pool-419-thread-1] INFO  server.RaftServerConfigKeys (ConfUtils.java:logGet(43)) - raft.server.sleep.deviation.threshold = 300 (default)
2019-09-03 12:39:42,206 [pool-419-thread-1] INFO  server.RaftServerConfigKeys (ConfUtils.java:logGet(43)) - raft.server.log.appender.install.snapshot.enabled = false (custom)
2019-09-03 12:39:42,207 [pool-419-thread-1] INFO  impl.RaftServerImpl (ServerState.java:<init>(105)) - 08cd99cc-9257-4a37-875f-07701f928046:group-C88DEC523B5D ConfigurationManager, init=-1: [08cd99cc-9257-4a37-875f-07701f928046:192.168.36.96:37401], old=null, confs=<EMPTY_MAP>
2019-09-03 12:39:42,207 [pool-419-thread-1] INFO  server.RaftServerConfigKeys (ConfUtils.java:logGet(43)) - raft.server.storage.dir = [/workdir/hadoop-ozone/integration-test/target/test-dir/MiniOzoneClusterImpl-5a0a076c-dbad-4ac8-abab-e3faa05d1f8c/datanode-1/data/ratis] (custom)
2019-09-03 12:39:42,207 [pool-419-thread-1] INFO  storage.RaftStorageDirectory (RaftStorageDirectory.java:analyzeStorage(246)) - The storage directory /workdir/hadoop-ozone/integration-test/target/test-dir/MiniOzoneClusterImpl-5a0a076c-dbad-4ac8-abab-e3faa05d1f8c/datanode-1/data/ratis/d9be8e74-ad18-45e6-862a-c88dec523b5d does not exist. Creating ...
2019-09-03 12:39:42,236 [IPC Server handler 3 on 46379] INFO  net.NetworkTopology (NetworkTopologyImpl.java:add(110)) - Added a new node: /default-rack/85506639-3fe0-42d5-8109-64e3968f1eaf
2019-09-03 12:39:42,237 [IPC Server handler 3 on 46379] INFO  node.SCMNodeManager (SCMNodeManager.java:register(266)) - Registered Data node : 85506639-3fe0-42d5-8109-64e3968f1eaf{ip: 192.168.36.96, host: pr-hdds-1898-vtp6b-2341163797, networkLocation: /default-rack, certSerialId: null}
2019-09-03 12:39:42,244 [pool-419-thread-1] INFO  storage.RaftStorageDirectory (RaftStorageDirectory.java:tryLock(328)) - Lock on /workdir/hadoop-ozone/integration-test/target/test-dir/MiniOzoneClusterImpl-5a0a076c-dbad-4ac8-abab-e3faa05d1f8c/datanode-1/data/ratis/d9be8e74-ad18-45e6-862a-c88dec523b5d/in_use.lock acquired by nodename 21196@pr-hdds-1898-vtp6b-2341163797
2019-09-03 12:39:42,301 [IPC Server handler 4 on 46379] INFO  net.NetworkTopology (NetworkTopologyImpl.java:add(110)) - Added a new node: /default-rack/3ef92ecc-28c5-4fad-842b-96b52fc10be7
2019-09-03 12:39:42,301 [IPC Server handler 4 on 46379] INFO  node.SCMNodeManager (SCMNodeManager.java:register(266)) - Registered Data node : 3ef92ecc-28c5-4fad-842b-96b52fc10be7{ip: 192.168.36.96, host: pr-hdds-1898-vtp6b-2341163797, networkLocation: /default-rack, certSerialId: null}
2019-09-03 12:39:42,309 [pool-419-thread-1] INFO  storage.RaftStorage (RaftStorage.java:format(72)) - Storage directory /workdir/hadoop-ozone/integration-test/target/test-dir/MiniOzoneClusterImpl-5a0a076c-dbad-4ac8-abab-e3faa05d1f8c/datanode-1/data/ratis/d9be8e74-ad18-45e6-862a-c88dec523b5d has been successfully formatted.
2019-09-03 12:39:42,309 [pool-419-thread-1] INFO  ratis.ContainerStateMachine (ContainerStateMachine.java:loadSnapshot(227)) - group-C88DEC523B5D: The snapshot info is null. Setting the last applied indexto:(t:0, i:~)
2019-09-03 12:39:42,309 [pool-419-thread-1] INFO  server.RaftServerConfigKeys (ConfUtils.java:logGet(43)) - raft.server.leader.election.timeout = 120s (custom)
2019-09-03 12:39:42,309 [pool-419-thread-1] INFO  server.RaftServerConfigKeys (ConfUtils.java:logGet(43)) - raft.server.log.use.memory = false (default)
2019-09-03 12:39:42,310 [pool-419-thread-1] INFO  server.RaftServerConfigKeys (ConfUtils.java:logGet(43)) - raft.server.log.purge.gap = 1000000 (custom)
2019-09-03 12:39:42,310 [pool-419-thread-1] INFO  server.RaftServerConfigKeys (ConfUtils.java:logGet(43)) - raft.server.log.appender.buffer.byte-limit = 33554432 (custom)
2019-09-03 12:39:42,310 [pool-419-thread-1] INFO  server.RaftServerConfigKeys (ConfUtils.java:logGet(43)) - raft.server.log.segment.size.max = 1048576 (custom)
2019-09-03 12:39:42,310 [pool-419-thread-1] INFO  server.RaftServerConfigKeys (ConfUtils.java:logGet(43)) - raft.server.log.segment.cache.num.max = 2 (custom)
2019-09-03 12:39:42,310 [pool-419-thread-1] INFO  segmented.SegmentedRaftLogWorker (SegmentedRaftLogWorker.java:<init>(172)) - new 08cd99cc-9257-4a37-875f-07701f928046-SegmentedRaftLogWorker:Storage Directory /workdir/hadoop-ozone/integration-test/target/test-dir/MiniOzoneClusterImpl-5a0a076c-dbad-4ac8-abab-e3faa05d1f8c/datanode-1/data/ratis/d9be8e74-ad18-45e6-862a-c88dec523b5d for RaftStorage:Storage Directory /workdir/hadoop-ozone/integration-test/target/test-dir/MiniOzoneClusterImpl-5a0a076c-dbad-4ac8-abab-e3faa05d1f8c/datanode-1/data/ratis/d9be8e74-ad18-45e6-862a-c88dec523b5d
2019-09-03 12:39:42,310 [pool-419-thread-1] INFO  server.RaftServerConfigKeys (ConfUtils.java:logGet(43)) - raft.server.log.queue.byte-limit = 2147483647 (custom)
2019-09-03 12:39:42,311 [pool-419-thread-1] INFO  server.RaftServerConfigKeys (ConfUtils.java:logGet(43)) - raft.server.log.queue.element-limit = 1024 (custom)
2019-09-03 12:39:42,311 [pool-419-thread-1] INFO  server.RaftServerConfigKeys (ConfUtils.java:logGet(43)) - raft.server.log.segment.size.max = 1048576 (custom)
2019-09-03 12:39:42,311 [pool-419-thread-1] INFO  server.RaftServerConfigKeys (ConfUtils.java:logGet(43)) - raft.server.log.preallocated.size = 16384 (custom)
2019-09-03 12:39:42,311 [pool-419-thread-1] INFO  server.RaftServerConfigKeys (ConfUtils.java:logGet(43)) - raft.server.log.write.buffer.size = 33554432 (custom)
2019-09-03 12:39:42,312 [pool-419-thread-1] INFO  server.RaftServerConfigKeys (ConfUtils.java:logGet(43)) - raft.server.log.force.sync.num = 128 (default)
2019-09-03 12:39:42,312 [pool-419-thread-1] INFO  server.RaftServerConfigKeys (ConfUtils.java:logGet(43)) - raft.server.log.statemachine.data.sync = true (default)
2019-09-03 12:39:42,312 [pool-419-thread-1] INFO  server.RaftServerConfigKeys (ConfUtils.java:logGet(43)) - raft.server.log.statemachine.data.sync.timeout = 10s (default)
2019-09-03 12:39:42,312 [pool-419-thread-1] INFO  server.RaftServerConfigKeys (ConfUtils.java:logGet(43)) - raft.server.log.statemachine.data.sync.timeout.retry = -1 (default)
2019-09-03 12:39:42,312 [pool-419-thread-1] INFO  server.RaftServerConfigKeys (ConfUtils.java:logGet(43)) - raft.server.log.statemachine.data.caching.enabled = true (custom)
2019-09-03 12:39:42,313 [pool-419-thread-1] INFO  segmented.SegmentedRaftLogWorker (SegmentedRaftLogWorker.java:lambda$new$0(132)) - 08cd99cc-9257-4a37-875f-07701f928046-SegmentedRaftLogWorker:Storage Directory /workdir/hadoop-ozone/integration-test/target/test-dir/MiniOzoneClusterImpl-5a0a076c-dbad-4ac8-abab-e3faa05d1f8c/datanode-1/data/ratis/d9be8e74-ad18-45e6-862a-c88dec523b5d: flushIndex: setUnconditionally 0 -> -1
2019-09-03 12:39:42,314 [pool-419-thread-1] INFO  server.RaftServerConfigKeys (ConfUtils.java:logGet(43)) - raft.server.snapshot.auto.trigger.enabled = true (custom)
2019-09-03 12:39:42,314 [pool-419-thread-1] INFO  server.RaftServerConfigKeys (ConfUtils.java:logGet(43)) - raft.server.snapshot.auto.trigger.threshold = 10000 (custom)
2019-09-03 12:39:42,314 [pool-419-thread-1] INFO  server.RaftServerConfigKeys (ConfUtils.java:logGet(43)) - raft.server.retrycache.expirytime = 600000ms (custom)
2019-09-03 12:39:42,314 [pool-419-thread-1] INFO  impl.RaftServerImpl (RaftServerImpl.java:start(180)) - 08cd99cc-9257-4a37-875f-07701f928046: start group-C88DEC523B5D
2019-09-03 12:39:42,314 [pool-419-thread-1] INFO  impl.RaftServerImpl (RaftServerImpl.java:setRole(171)) - 08cd99cc-9257-4a37-875f-07701f928046:group-C88DEC523B5D changes role from null to FOLLOWER at term 0 for startAsFollower
2019-09-03 12:39:42,315 [pool-419-thread-1] INFO  impl.RoleInfo (RoleInfo.java:updateAndGet(143)) - 08cd99cc-9257-4a37-875f-07701f928046: start FollowerState
2019-09-03 12:39:42,315 [pool-419-thread-1] INFO  util.JmxRegister (JmxRegister.java:tryRegister(44)) - Successfully registered JMX Bean with object name Ratis:service=RaftServer,group=group-C88DEC523B5D,id=08cd99cc-9257-4a37-875f-07701f928046
2019-09-03 12:39:42,317 [RatisPipelineUtilsThread] INFO  pipeline.PipelineStateManager (PipelineStateManager.java:addPipeline(56)) - Created pipeline Pipeline[ Id: d9be8e74-ad18-45e6-862a-c88dec523b5d, Nodes: 08cd99cc-9257-4a37-875f-07701f928046{ip: 192.168.36.96, host: pr-hdds-1898-vtp6b-2341163797, networkLocation: /default-rack, certSerialId: null}, Type:RATIS, Factor:ONE, State:OPEN]
2019-09-03 12:39:42,324 [grpc-default-executor-7] INFO  impl.RaftServerProxy (RaftServerProxy.java:addNew(89)) - 3ef92ecc-28c5-4fad-842b-96b52fc10be7: addNew group-A82303364589:[3ef92ecc-28c5-4fad-842b-96b52fc10be7:192.168.36.96:40472] returns group-A82303364589:java.util.concurrent.CompletableFuture@326cd1af[Not completed]
2019-09-03 12:39:42,326 [pool-449-thread-1] INFO  impl.RaftServerImpl (RaftServerImpl.java:<init>(93)) - 3ef92ecc-28c5-4fad-842b-96b52fc10be7: new RaftServerImpl for group-A82303364589:[3ef92ecc-28c5-4fad-842b-96b52fc10be7:192.168.36.96:40472] with ContainerStateMachine:uninitialized
2019-09-03 12:39:42,326 [pool-449-thread-1] INFO  server.RaftServerConfigKeys (ConfUtils.java:logGet(43)) - raft.server.rpc.timeout.min = 5s (custom)
2019-09-03 12:39:42,326 [pool-449-thread-1] INFO  server.RaftServerConfigKeys (ConfUtils.java:logGet(43)) - raft.server.rpc.timeout.max = 5200ms (custom)
2019-09-03 12:39:42,326 [pool-449-thread-1] INFO  server.RaftServerConfigKeys (ConfUtils.java:logGet(43)) - raft.server.rpcslowness.timeout = 120s (custom)
2019-09-03 12:39:42,326 [pool-449-thread-1] INFO  server.RaftServerConfigKeys (ConfUtils.java:logGet(43)) - raft.server.sleep.deviation.threshold = 300 (default)
2019-09-03 12:39:42,326 [pool-449-thread-1] INFO  server.RaftServerConfigKeys (ConfUtils.java:logGet(43)) - raft.server.log.appender.install.snapshot.enabled = false (custom)
2019-09-03 12:39:42,327 [pool-449-thread-1] INFO  impl.RaftServerImpl (ServerState.java:<init>(105)) - 3ef92ecc-28c5-4fad-842b-96b52fc10be7:group-A82303364589 ConfigurationManager, init=-1: [3ef92ecc-28c5-4fad-842b-96b52fc10be7:192.168.36.96:40472], old=null, confs=<EMPTY_MAP>
2019-09-03 12:39:42,327 [pool-449-thread-1] INFO  server.RaftServerConfigKeys (ConfUtils.java:logGet(43)) - raft.server.storage.dir = [/workdir/hadoop-ozone/integration-test/target/test-dir/MiniOzoneClusterImpl-5a0a076c-dbad-4ac8-abab-e3faa05d1f8c/datanode-4/data/ratis] (custom)
2019-09-03 12:39:42,327 [pool-449-thread-1] INFO  storage.RaftStorageDirectory (RaftStorageDirectory.java:analyzeStorage(246)) - The storage directory /workdir/hadoop-ozone/integration-test/target/test-dir/MiniOzoneClusterImpl-5a0a076c-dbad-4ac8-abab-e3faa05d1f8c/datanode-4/data/ratis/1759f9b0-5fa3-4713-b801-a82303364589 does not exist. Creating ...
2019-09-03 12:39:42,363 [IPC Server handler 5 on 46379] INFO  net.NetworkTopology (NetworkTopologyImpl.java:add(110)) - Added a new node: /default-rack/c2e6ed46-8fd1-4958-8387-820c85525dba
2019-09-03 12:39:42,363 [IPC Server handler 5 on 46379] INFO  node.SCMNodeManager (SCMNodeManager.java:register(266)) - Registered Data node : c2e6ed46-8fd1-4958-8387-820c85525dba{ip: 192.168.36.96, host: pr-hdds-1898-vtp6b-2341163797, networkLocation: /default-rack, certSerialId: null}
2019-09-03 12:39:42,366 [pool-449-thread-1] INFO  storage.RaftStorageDirectory (RaftStorageDirectory.java:tryLock(328)) - Lock on /workdir/hadoop-ozone/integration-test/target/test-dir/MiniOzoneClusterImpl-5a0a076c-dbad-4ac8-abab-e3faa05d1f8c/datanode-4/data/ratis/1759f9b0-5fa3-4713-b801-a82303364589/in_use.lock acquired by nodename 21196@pr-hdds-1898-vtp6b-2341163797
2019-09-03 12:39:42,387 [pool-449-thread-1] INFO  storage.RaftStorage (RaftStorage.java:format(72)) - Storage directory /workdir/hadoop-ozone/integration-test/target/test-dir/MiniOzoneClusterImpl-5a0a076c-dbad-4ac8-abab-e3faa05d1f8c/datanode-4/data/ratis/1759f9b0-5fa3-4713-b801-a82303364589 has been successfully formatted.
2019-09-03 12:39:42,388 [pool-449-thread-1] INFO  ratis.ContainerStateMachine (ContainerStateMachine.java:loadSnapshot(227)) - group-A82303364589: The snapshot info is null. Setting the last applied indexto:(t:0, i:~)
2019-09-03 12:39:42,388 [pool-449-thread-1] INFO  server.RaftServerConfigKeys (ConfUtils.java:logGet(43)) - raft.server.leader.election.timeout = 120s (custom)
2019-09-03 12:39:42,388 [pool-449-thread-1] INFO  server.RaftServerConfigKeys (ConfUtils.java:logGet(43)) - raft.server.log.use.memory = false (default)
2019-09-03 12:39:42,388 [pool-449-thread-1] INFO  server.RaftServerConfigKeys (ConfUtils.java:logGet(43)) - raft.server.log.purge.gap = 1000000 (custom)
2019-09-03 12:39:42,389 [pool-449-thread-1] INFO  server.RaftServerConfigKeys (ConfUtils.java:logGet(43)) - raft.server.log.appender.buffer.byte-limit = 33554432 (custom)
2019-09-03 12:39:42,389 [pool-449-thread-1] INFO  server.RaftServerConfigKeys (ConfUtils.java:logGet(43)) - raft.server.log.segment.size.max = 1048576 (custom)
2019-09-03 12:39:42,389 [pool-449-thread-1] INFO  server.RaftServerConfigKeys (ConfUtils.java:logGet(43)) - raft.server.log.segment.cache.num.max = 2 (custom)
2019-09-03 12:39:42,389 [pool-449-thread-1] INFO  segmented.SegmentedRaftLogWorker (SegmentedRaftLogWorker.java:<init>(172)) - new 3ef92ecc-28c5-4fad-842b-96b52fc10be7-SegmentedRaftLogWorker:Storage Directory /workdir/hadoop-ozone/integration-test/target/test-dir/MiniOzoneClusterImpl-5a0a076c-dbad-4ac8-abab-e3faa05d1f8c/datanode-4/data/ratis/1759f9b0-5fa3-4713-b801-a82303364589 for RaftStorage:Storage Directory /workdir/hadoop-ozone/integration-test/target/test-dir/MiniOzoneClusterImpl-5a0a076c-dbad-4ac8-abab-e3faa05d1f8c/datanode-4/data/ratis/1759f9b0-5fa3-4713-b801-a82303364589
2019-09-03 12:39:42,390 [pool-449-thread-1] INFO  server.RaftServerConfigKeys (ConfUtils.java:logGet(43)) - raft.server.log.queue.byte-limit = 2147483647 (custom)
2019-09-03 12:39:42,390 [pool-449-thread-1] INFO  server.RaftServerConfigKeys (ConfUtils.java:logGet(43)) - raft.server.log.queue.element-limit = 1024 (custom)
2019-09-03 12:39:42,390 [pool-449-thread-1] INFO  server.RaftServerConfigKeys (ConfUtils.java:logGet(43)) - raft.server.log.segment.size.max = 1048576 (custom)
2019-09-03 12:39:42,391 [pool-449-thread-1] INFO  server.RaftServerConfigKeys (ConfUtils.java:logGet(43)) - raft.server.log.preallocated.size = 16384 (custom)
2019-09-03 12:39:42,391 [pool-449-thread-1] INFO  server.RaftServerConfigKeys (ConfUtils.java:logGet(43)) - raft.server.log.write.buffer.size = 33554432 (custom)
2019-09-03 12:39:42,391 [pool-449-thread-1] INFO  server.RaftServerConfigKeys (ConfUtils.java:logGet(43)) - raft.server.log.force.sync.num = 128 (default)
2019-09-03 12:39:42,391 [pool-449-thread-1] INFO  server.RaftServerConfigKeys (ConfUtils.java:logGet(43)) - raft.server.log.statemachine.data.sync = true (default)
2019-09-03 12:39:42,391 [pool-449-thread-1] INFO  server.RaftServerConfigKeys (ConfUtils.java:logGet(43)) - raft.server.log.statemachine.data.sync.timeout = 10s (default)
2019-09-03 12:39:42,392 [pool-449-thread-1] INFO  server.RaftServerConfigKeys (ConfUtils.java:logGet(43)) - raft.server.log.statemachine.data.sync.timeout.retry = -1 (default)
2019-09-03 12:39:42,392 [pool-449-thread-1] INFO  server.RaftServerConfigKeys (ConfUtils.java:logGet(43)) - raft.server.log.statemachine.data.caching.enabled = true (custom)
2019-09-03 12:39:42,393 [pool-449-thread-1] INFO  segmented.SegmentedRaftLogWorker (SegmentedRaftLogWorker.java:lambda$new$0(132)) - 3ef92ecc-28c5-4fad-842b-96b52fc10be7-SegmentedRaftLogWorker:Storage Directory /workdir/hadoop-ozone/integration-test/target/test-dir/MiniOzoneClusterImpl-5a0a076c-dbad-4ac8-abab-e3faa05d1f8c/datanode-4/data/ratis/1759f9b0-5fa3-4713-b801-a82303364589: flushIndex: setUnconditionally 0 -> -1
2019-09-03 12:39:42,393 [pool-449-thread-1] INFO  server.RaftServerConfigKeys (ConfUtils.java:logGet(43)) - raft.server.snapshot.auto.trigger.enabled = true (custom)
2019-09-03 12:39:42,393 [pool-449-thread-1] INFO  server.RaftServerConfigKeys (ConfUtils.java:logGet(43)) - raft.server.snapshot.auto.trigger.threshold = 10000 (custom)
2019-09-03 12:39:42,394 [pool-449-thread-1] INFO  server.RaftServerConfigKeys (ConfUtils.java:logGet(43)) - raft.server.retrycache.expirytime = 600000ms (custom)
2019-09-03 12:39:42,394 [pool-449-thread-1] INFO  impl.RaftServerImpl (RaftServerImpl.java:start(180)) - 3ef92ecc-28c5-4fad-842b-96b52fc10be7: start group-A82303364589
2019-09-03 12:39:42,394 [pool-449-thread-1] INFO  impl.RaftServerImpl (RaftServerImpl.java:setRole(171)) - 3ef92ecc-28c5-4fad-842b-96b52fc10be7:group-A82303364589 changes role from null to FOLLOWER at term 0 for startAsFollower
2019-09-03 12:39:42,394 [pool-449-thread-1] INFO  impl.RoleInfo (RoleInfo.java:updateAndGet(143)) - 3ef92ecc-28c5-4fad-842b-96b52fc10be7: start FollowerState
2019-09-03 12:39:42,395 [pool-449-thread-1] INFO  util.JmxRegister (JmxRegister.java:tryRegister(44)) - Successfully registered JMX Bean with object name Ratis:service=RaftServer,group=group-A82303364589,id=3ef92ecc-28c5-4fad-842b-96b52fc10be7
2019-09-03 12:39:42,397 [RatisPipelineUtilsThread] INFO  pipeline.PipelineStateManager (PipelineStateManager.java:addPipeline(56)) - Created pipeline Pipeline[ Id: 1759f9b0-5fa3-4713-b801-a82303364589, Nodes: 3ef92ecc-28c5-4fad-842b-96b52fc10be7{ip: 192.168.36.96, host: pr-hdds-1898-vtp6b-2341163797, networkLocation: /default-rack, certSerialId: null}, Type:RATIS, Factor:ONE, State:OPEN]
2019-09-03 12:39:42,408 [grpc-default-executor-7] INFO  impl.RaftServerProxy (RaftServerProxy.java:addNew(89)) - 85506639-3fe0-42d5-8109-64e3968f1eaf: addNew group-26DDB6FD64B1:[85506639-3fe0-42d5-8109-64e3968f1eaf:192.168.36.96:32803] returns group-26DDB6FD64B1:java.util.concurrent.CompletableFuture@60cfbcfa[Not completed]
2019-09-03 12:39:42,410 [pool-439-thread-1] INFO  impl.RaftServerImpl (RaftServerImpl.java:<init>(93)) - 85506639-3fe0-42d5-8109-64e3968f1eaf: new RaftServerImpl for group-26DDB6FD64B1:[85506639-3fe0-42d5-8109-64e3968f1eaf:192.168.36.96:32803] with ContainerStateMachine:uninitialized
2019-09-03 12:39:42,410 [pool-439-thread-1] INFO  server.RaftServerConfigKeys (ConfUtils.java:logGet(43)) - raft.server.rpc.timeout.min = 5s (custom)
2019-09-03 12:39:42,410 [pool-439-thread-1] INFO  server.RaftServerConfigKeys (ConfUtils.java:logGet(43)) - raft.server.rpc.timeout.max = 5200ms (custom)
2019-09-03 12:39:42,410 [pool-439-thread-1] INFO  server.RaftServerConfigKeys (ConfUtils.java:logGet(43)) - raft.server.rpcslowness.timeout = 120s (custom)
2019-09-03 12:39:42,410 [pool-439-thread-1] INFO  server.RaftServerConfigKeys (ConfUtils.java:logGet(43)) - raft.server.sleep.deviation.threshold = 300 (default)
2019-09-03 12:39:42,411 [pool-439-thread-1] INFO  server.RaftServerConfigKeys (ConfUtils.java:logGet(43)) - raft.server.log.appender.install.snapshot.enabled = false (custom)
2019-09-03 12:39:42,411 [pool-439-thread-1] INFO  impl.RaftServerImpl (ServerState.java:<init>(105)) - 85506639-3fe0-42d5-8109-64e3968f1eaf:group-26DDB6FD64B1 ConfigurationManager, init=-1: [85506639-3fe0-42d5-8109-64e3968f1eaf:192.168.36.96:32803], old=null, confs=<EMPTY_MAP>
2019-09-03 12:39:42,411 [pool-439-thread-1] INFO  server.RaftServerConfigKeys (ConfUtils.java:logGet(43)) - raft.server.storage.dir = [/workdir/hadoop-ozone/integration-test/target/test-dir/MiniOzoneClusterImpl-5a0a076c-dbad-4ac8-abab-e3faa05d1f8c/datanode-3/data/ratis] (custom)
2019-09-03 12:39:42,411 [pool-439-thread-1] INFO  storage.RaftStorageDirectory (RaftStorageDirectory.java:analyzeStorage(246)) - The storage directory /workdir/hadoop-ozone/integration-test/target/test-dir/MiniOzoneClusterImpl-5a0a076c-dbad-4ac8-abab-e3faa05d1f8c/datanode-3/data/ratis/ceb1d76d-41df-498b-ad1f-26ddb6fd64b1 does not exist. Creating ...
2019-09-03 12:39:42,423 [main] INFO  ozone.MiniOzoneClusterImpl (MiniOzoneClusterImpl.java:lambda$waitForClusterToBeReady$0(140)) - Waiting for cluster to be ready. Got 6 of 7 DN Heartbeats.
2019-09-03 12:39:42,424 [IPC Server handler 6 on 46379] INFO  net.NetworkTopology (NetworkTopologyImpl.java:add(110)) - Added a new node: /default-rack/7fb19221-14f6-4c84-b51f-75149814f9ab
2019-09-03 12:39:42,424 [IPC Server handler 6 on 46379] INFO  node.SCMNodeManager (SCMNodeManager.java:register(266)) - Registered Data node : 7fb19221-14f6-4c84-b51f-75149814f9ab{ip: 192.168.36.96, host: pr-hdds-1898-vtp6b-2341163797, networkLocation: /default-rack, certSerialId: null}
2019-09-03 12:39:42,425 [pool-439-thread-1] INFO  storage.RaftStorageDirectory (RaftStorageDirectory.java:tryLock(328)) - Lock on /workdir/hadoop-ozone/integration-test/target/test-dir/MiniOzoneClusterImpl-5a0a076c-dbad-4ac8-abab-e3faa05d1f8c/datanode-3/data/ratis/ceb1d76d-41df-498b-ad1f-26ddb6fd64b1/in_use.lock acquired by nodename 21196@pr-hdds-1898-vtp6b-2341163797
2019-09-03 12:39:42,438 [pool-439-thread-1] INFO  storage.RaftStorage (RaftStorage.java:format(72)) - Storage directory /workdir/hadoop-ozone/integration-test/target/test-dir/MiniOzoneClusterImpl-5a0a076c-dbad-4ac8-abab-e3faa05d1f8c/datanode-3/data/ratis/ceb1d76d-41df-498b-ad1f-26ddb6fd64b1 has been successfully formatted.
2019-09-03 12:39:42,438 [pool-439-thread-1] INFO  ratis.ContainerStateMachine (ContainerStateMachine.java:loadSnapshot(227)) - group-26DDB6FD64B1: The snapshot info is null. Setting the last applied indexto:(t:0, i:~)
2019-09-03 12:39:42,438 [pool-439-thread-1] INFO  server.RaftServerConfigKeys (ConfUtils.java:logGet(43)) - raft.server.leader.election.timeout = 120s (custom)
2019-09-03 12:39:42,438 [pool-439-thread-1] INFO  server.RaftServerConfigKeys (ConfUtils.java:logGet(43)) - raft.server.log.use.memory = false (default)
2019-09-03 12:39:42,438 [pool-439-thread-1] INFO  server.RaftServerConfigKeys (ConfUtils.java:logGet(43)) - raft.server.log.purge.gap = 1000000 (custom)
2019-09-03 12:39:42,438 [pool-439-thread-1] INFO  server.RaftServerConfigKeys (ConfUtils.java:logGet(43)) - raft.server.log.appender.buffer.byte-limit = 33554432 (custom)
2019-09-03 12:39:42,439 [pool-439-thread-1] INFO  server.RaftServerConfigKeys (ConfUtils.java:logGet(43)) - raft.server.log.segment.size.max = 1048576 (custom)
2019-09-03 12:39:42,439 [pool-439-thread-1] INFO  server.RaftServerConfigKeys (ConfUtils.java:logGet(43)) - raft.server.log.segment.cache.num.max = 2 (custom)
2019-09-03 12:39:42,439 [pool-439-thread-1] INFO  segmented.SegmentedRaftLogWorker (SegmentedRaftLogWorker.java:<init>(172)) - new 85506639-3fe0-42d5-8109-64e3968f1eaf-SegmentedRaftLogWorker:Storage Directory /workdir/hadoop-ozone/integration-test/target/test-dir/MiniOzoneClusterImpl-5a0a076c-dbad-4ac8-abab-e3faa05d1f8c/datanode-3/data/ratis/ceb1d76d-41df-498b-ad1f-26ddb6fd64b1 for RaftStorage:Storage Directory /workdir/hadoop-ozone/integration-test/target/test-dir/MiniOzoneClusterImpl-5a0a076c-dbad-4ac8-abab-e3faa05d1f8c/datanode-3/data/ratis/ceb1d76d-41df-498b-ad1f-26ddb6fd64b1
2019-09-03 12:39:42,439 [pool-439-thread-1] INFO  server.RaftServerConfigKeys (ConfUtils.java:logGet(43)) - raft.server.log.queue.byte-limit = 2147483647 (custom)
2019-09-03 12:39:42,439 [pool-439-thread-1] INFO  server.RaftServerConfigKeys (ConfUtils.java:logGet(43)) - raft.server.log.queue.element-limit = 1024 (custom)
2019-09-03 12:39:42,439 [pool-439-thread-1] INFO  server.RaftServerConfigKeys (ConfUtils.java:logGet(43)) - raft.server.log.segment.size.max = 1048576 (custom)
2019-09-03 12:39:42,439 [pool-439-thread-1] INFO  server.RaftServerConfigKeys (ConfUtils.java:logGet(43)) - raft.server.log.preallocated.size = 16384 (custom)
2019-09-03 12:39:42,439 [pool-439-thread-1] INFO  server.RaftServerConfigKeys (ConfUtils.java:logGet(43)) - raft.server.log.write.buffer.size = 33554432 (custom)
2019-09-03 12:39:42,439 [pool-439-thread-1] INFO  server.RaftServerConfigKeys (ConfUtils.java:logGet(43)) - raft.server.log.force.sync.num = 128 (default)
2019-09-03 12:39:42,440 [pool-439-thread-1] INFO  server.RaftServerConfigKeys (ConfUtils.java:logGet(43)) - raft.server.log.statemachine.data.sync = true (default)
2019-09-03 12:39:42,440 [pool-439-thread-1] INFO  server.RaftServerConfigKeys (ConfUtils.java:logGet(43)) - raft.server.log.statemachine.data.sync.timeout = 10s (default)
2019-09-03 12:39:42,440 [pool-439-thread-1] INFO  server.RaftServerConfigKeys (ConfUtils.java:logGet(43)) - raft.server.log.statemachine.data.sync.timeout.retry = -1 (default)
2019-09-03 12:39:42,440 [pool-439-thread-1] INFO  server.RaftServerConfigKeys (ConfUtils.java:logGet(43)) - raft.server.log.statemachine.data.caching.enabled = true (custom)
2019-09-03 12:39:42,440 [pool-439-thread-1] INFO  segmented.SegmentedRaftLogWorker (SegmentedRaftLogWorker.java:lambda$new$0(132)) - 85506639-3fe0-42d5-8109-64e3968f1eaf-SegmentedRaftLogWorker:Storage Directory /workdir/hadoop-ozone/integration-test/target/test-dir/MiniOzoneClusterImpl-5a0a076c-dbad-4ac8-abab-e3faa05d1f8c/datanode-3/data/ratis/ceb1d76d-41df-498b-ad1f-26ddb6fd64b1: flushIndex: setUnconditionally 0 -> -1
2019-09-03 12:39:42,440 [pool-439-thread-1] INFO  server.RaftServerConfigKeys (ConfUtils.java:logGet(43)) - raft.server.snapshot.auto.trigger.enabled = true (custom)
2019-09-03 12:39:42,441 [pool-439-thread-1] INFO  server.RaftServerConfigKeys (ConfUtils.java:logGet(43)) - raft.server.snapshot.auto.trigger.threshold = 10000 (custom)
2019-09-03 12:39:42,441 [pool-439-thread-1] INFO  server.RaftServerConfigKeys (ConfUtils.java:logGet(43)) - raft.server.retrycache.expirytime = 600000ms (custom)
2019-09-03 12:39:42,441 [pool-439-thread-1] INFO  impl.RaftServerImpl (RaftServerImpl.java:start(180)) - 85506639-3fe0-42d5-8109-64e3968f1eaf: start group-26DDB6FD64B1
2019-09-03 12:39:42,441 [pool-439-thread-1] INFO  impl.RaftServerImpl (RaftServerImpl.java:setRole(171)) - 85506639-3fe0-42d5-8109-64e3968f1eaf:group-26DDB6FD64B1 changes role from null to FOLLOWER at term 0 for startAsFollower
2019-09-03 12:39:42,441 [pool-439-thread-1] INFO  impl.RoleInfo (RoleInfo.java:updateAndGet(143)) - 85506639-3fe0-42d5-8109-64e3968f1eaf: start FollowerState
2019-09-03 12:39:42,454 [pool-439-thread-1] INFO  util.JmxRegister (JmxRegister.java:tryRegister(44)) - Successfully registered JMX Bean with object name Ratis:service=RaftServer,group=group-26DDB6FD64B1,id=85506639-3fe0-42d5-8109-64e3968f1eaf
2019-09-03 12:39:42,463 [RatisPipelineUtilsThread] INFO  pipeline.PipelineStateManager (PipelineStateManager.java:addPipeline(56)) - Created pipeline Pipeline[ Id: ceb1d76d-41df-498b-ad1f-26ddb6fd64b1, Nodes: 85506639-3fe0-42d5-8109-64e3968f1eaf{ip: 192.168.36.96, host: pr-hdds-1898-vtp6b-2341163797, networkLocation: /default-rack, certSerialId: null}, Type:RATIS, Factor:ONE, State:OPEN]
2019-09-03 12:39:42,470 [grpc-default-executor-7] INFO  impl.RaftServerProxy (RaftServerProxy.java:addNew(89)) - 7fb19221-14f6-4c84-b51f-75149814f9ab: addNew group-DB13AD1CC9A3:[7fb19221-14f6-4c84-b51f-75149814f9ab:192.168.36.96:44311] returns group-DB13AD1CC9A3:java.util.concurrent.CompletableFuture@67ce10ec[Not completed]
2019-09-03 12:39:42,471 [pool-469-thread-1] INFO  impl.RaftServerImpl (RaftServerImpl.java:<init>(93)) - 7fb19221-14f6-4c84-b51f-75149814f9ab: new RaftServerImpl for group-DB13AD1CC9A3:[7fb19221-14f6-4c84-b51f-75149814f9ab:192.168.36.96:44311] with ContainerStateMachine:uninitialized
2019-09-03 12:39:42,471 [pool-469-thread-1] INFO  server.RaftServerConfigKeys (ConfUtils.java:logGet(43)) - raft.server.rpc.timeout.min = 5s (custom)
2019-09-03 12:39:42,472 [pool-469-thread-1] INFO  server.RaftServerConfigKeys (ConfUtils.java:logGet(43)) - raft.server.rpc.timeout.max = 5200ms (custom)
2019-09-03 12:39:42,472 [pool-469-thread-1] INFO  server.RaftServerConfigKeys (ConfUtils.java:logGet(43)) - raft.server.rpcslowness.timeout = 120s (custom)
2019-09-03 12:39:42,472 [pool-469-thread-1] INFO  server.RaftServerConfigKeys (ConfUtils.java:logGet(43)) - raft.server.sleep.deviation.threshold = 300 (default)
2019-09-03 12:39:42,472 [pool-469-thread-1] INFO  server.RaftServerConfigKeys (ConfUtils.java:logGet(43)) - raft.server.log.appender.install.snapshot.enabled = false (custom)
2019-09-03 12:39:42,472 [pool-469-thread-1] INFO  impl.RaftServerImpl (ServerState.java:<init>(105)) - 7fb19221-14f6-4c84-b51f-75149814f9ab:group-DB13AD1CC9A3 ConfigurationManager, init=-1: [7fb19221-14f6-4c84-b51f-75149814f9ab:192.168.36.96:44311], old=null, confs=<EMPTY_MAP>
2019-09-03 12:39:42,472 [pool-469-thread-1] INFO  server.RaftServerConfigKeys (ConfUtils.java:logGet(43)) - raft.server.storage.dir = [/workdir/hadoop-ozone/integration-test/target/test-dir/MiniOzoneClusterImpl-5a0a076c-dbad-4ac8-abab-e3faa05d1f8c/datanode-6/data/ratis] (custom)
2019-09-03 12:39:42,473 [pool-469-thread-1] INFO  storage.RaftStorageDirectory (RaftStorageDirectory.java:analyzeStorage(246)) - The storage directory /workdir/hadoop-ozone/integration-test/target/test-dir/MiniOzoneClusterImpl-5a0a076c-dbad-4ac8-abab-e3faa05d1f8c/datanode-6/data/ratis/9347989f-e640-4b10-aa5a-db13ad1cc9a3 does not exist. Creating ...
2019-09-03 12:39:42,478 [pool-469-thread-1] INFO  storage.RaftStorageDirectory (RaftStorageDirectory.java:tryLock(328)) - Lock on /workdir/hadoop-ozone/integration-test/target/test-dir/MiniOzoneClusterImpl-5a0a076c-dbad-4ac8-abab-e3faa05d1f8c/datanode-6/data/ratis/9347989f-e640-4b10-aa5a-db13ad1cc9a3/in_use.lock acquired by nodename 21196@pr-hdds-1898-vtp6b-2341163797
2019-09-03 12:39:42,481 [pool-469-thread-1] INFO  storage.RaftStorage (RaftStorage.java:format(72)) - Storage directory /workdir/hadoop-ozone/integration-test/target/test-dir/MiniOzoneClusterImpl-5a0a076c-dbad-4ac8-abab-e3faa05d1f8c/datanode-6/data/ratis/9347989f-e640-4b10-aa5a-db13ad1cc9a3 has been successfully formatted.
2019-09-03 12:39:42,481 [pool-469-thread-1] INFO  ratis.ContainerStateMachine (ContainerStateMachine.java:loadSnapshot(227)) - group-DB13AD1CC9A3: The snapshot info is null. Setting the last applied indexto:(t:0, i:~)
2019-09-03 12:39:42,481 [pool-469-thread-1] INFO  server.RaftServerConfigKeys (ConfUtils.java:logGet(43)) - raft.server.leader.election.timeout = 120s (custom)
2019-09-03 12:39:42,482 [pool-469-thread-1] INFO  server.RaftServerConfigKeys (ConfUtils.java:logGet(43)) - raft.server.log.use.memory = false (default)
2019-09-03 12:39:42,482 [pool-469-thread-1] INFO  server.RaftServerConfigKeys (ConfUtils.java:logGet(43)) - raft.server.log.purge.gap = 1000000 (custom)
2019-09-03 12:39:42,482 [pool-469-thread-1] INFO  server.RaftServerConfigKeys (ConfUtils.java:logGet(43)) - raft.server.log.appender.buffer.byte-limit = 33554432 (custom)
2019-09-03 12:39:42,482 [pool-469-thread-1] INFO  server.RaftServerConfigKeys (ConfUtils.java:logGet(43)) - raft.server.log.segment.size.max = 1048576 (custom)
2019-09-03 12:39:42,482 [pool-469-thread-1] INFO  server.RaftServerConfigKeys (ConfUtils.java:logGet(43)) - raft.server.log.segment.cache.num.max = 2 (custom)
2019-09-03 12:39:42,482 [pool-469-thread-1] INFO  segmented.SegmentedRaftLogWorker (SegmentedRaftLogWorker.java:<init>(172)) - new 7fb19221-14f6-4c84-b51f-75149814f9ab-SegmentedRaftLogWorker:Storage Directory /workdir/hadoop-ozone/integration-test/target/test-dir/MiniOzoneClusterImpl-5a0a076c-dbad-4ac8-abab-e3faa05d1f8c/datanode-6/data/ratis/9347989f-e640-4b10-aa5a-db13ad1cc9a3 for RaftStorage:Storage Directory /workdir/hadoop-ozone/integration-test/target/test-dir/MiniOzoneClusterImpl-5a0a076c-dbad-4ac8-abab-e3faa05d1f8c/datanode-6/data/ratis/9347989f-e640-4b10-aa5a-db13ad1cc9a3
2019-09-03 12:39:42,482 [pool-469-thread-1] INFO  server.RaftServerConfigKeys (ConfUtils.java:logGet(43)) - raft.server.log.queue.byte-limit = 2147483647 (custom)
2019-09-03 12:39:42,482 [pool-469-thread-1] INFO  server.RaftServerConfigKeys (ConfUtils.java:logGet(43)) - raft.server.log.queue.element-limit = 1024 (custom)
2019-09-03 12:39:42,483 [pool-469-thread-1] INFO  server.RaftServerConfigKeys (ConfUtils.java:logGet(43)) - raft.server.log.segment.size.max = 1048576 (custom)
2019-09-03 12:39:42,483 [pool-469-thread-1] INFO  server.RaftServerConfigKeys (ConfUtils.java:logGet(43)) - raft.server.log.preallocated.size = 16384 (custom)
2019-09-03 12:39:42,483 [pool-469-thread-1] INFO  server.RaftServerConfigKeys (ConfUtils.java:logGet(43)) - raft.server.log.write.buffer.size = 33554432 (custom)
2019-09-03 12:39:42,483 [pool-469-thread-1] INFO  server.RaftServerConfigKeys (ConfUtils.java:logGet(43)) - raft.server.log.force.sync.num = 128 (default)
2019-09-03 12:39:42,483 [pool-469-thread-1] INFO  server.RaftServerConfigKeys (ConfUtils.java:logGet(43)) - raft.server.log.statemachine.data.sync = true (default)
2019-09-03 12:39:42,483 [pool-469-thread-1] INFO  server.RaftServerConfigKeys (ConfUtils.java:logGet(43)) - raft.server.log.statemachine.data.sync.timeout = 10s (default)
2019-09-03 12:39:42,483 [pool-469-thread-1] INFO  server.RaftServerConfigKeys (ConfUtils.java:logGet(43)) - raft.server.log.statemachine.data.sync.timeout.retry = -1 (default)
2019-09-03 12:39:42,484 [pool-469-thread-1] INFO  server.RaftServerConfigKeys (ConfUtils.java:logGet(43)) - raft.server.log.statemachine.data.caching.enabled = true (custom)
2019-09-03 12:39:42,484 [pool-469-thread-1] INFO  segmented.SegmentedRaftLogWorker (SegmentedRaftLogWorker.java:lambda$new$0(132)) - 7fb19221-14f6-4c84-b51f-75149814f9ab-SegmentedRaftLogWorker:Storage Directory /workdir/hadoop-ozone/integration-test/target/test-dir/MiniOzoneClusterImpl-5a0a076c-dbad-4ac8-abab-e3faa05d1f8c/datanode-6/data/ratis/9347989f-e640-4b10-aa5a-db13ad1cc9a3: flushIndex: setUnconditionally 0 -> -1
2019-09-03 12:39:42,484 [pool-469-thread-1] INFO  server.RaftServerConfigKeys (ConfUtils.java:logGet(43)) - raft.server.snapshot.auto.trigger.enabled = true (custom)
2019-09-03 12:39:42,484 [pool-469-thread-1] INFO  server.RaftServerConfigKeys (ConfUtils.java:logGet(43)) - raft.server.snapshot.auto.trigger.threshold = 10000 (custom)
2019-09-03 12:39:42,484 [pool-469-thread-1] INFO  server.RaftServerConfigKeys (ConfUtils.java:logGet(43)) - raft.server.retrycache.expirytime = 600000ms (custom)
2019-09-03 12:39:42,485 [pool-469-thread-1] INFO  impl.RaftServerImpl (RaftServerImpl.java:start(180)) - 7fb19221-14f6-4c84-b51f-75149814f9ab: start group-DB13AD1CC9A3
2019-09-03 12:39:42,485 [pool-469-thread-1] INFO  impl.RaftServerImpl (RaftServerImpl.java:setRole(171)) - 7fb19221-14f6-4c84-b51f-75149814f9ab:group-DB13AD1CC9A3 changes role from null to FOLLOWER at term 0 for startAsFollower
2019-09-03 12:39:42,485 [pool-469-thread-1] INFO  impl.RoleInfo (RoleInfo.java:updateAndGet(143)) - 7fb19221-14f6-4c84-b51f-75149814f9ab: start FollowerState
2019-09-03 12:39:42,485 [pool-469-thread-1] INFO  util.JmxRegister (JmxRegister.java:tryRegister(44)) - Successfully registered JMX Bean with object name Ratis:service=RaftServer,group=group-DB13AD1CC9A3,id=7fb19221-14f6-4c84-b51f-75149814f9ab
2019-09-03 12:39:42,487 [RatisPipelineUtilsThread] INFO  pipeline.PipelineStateManager (PipelineStateManager.java:addPipeline(56)) - Created pipeline Pipeline[ Id: 9347989f-e640-4b10-aa5a-db13ad1cc9a3, Nodes: 7fb19221-14f6-4c84-b51f-75149814f9ab{ip: 192.168.36.96, host: pr-hdds-1898-vtp6b-2341163797, networkLocation: /default-rack, certSerialId: null}, Type:RATIS, Factor:ONE, State:OPEN]
2019-09-03 12:39:42,494 [grpc-default-executor-7] INFO  impl.RaftServerProxy (RaftServerProxy.java:addNew(89)) - 63ca0b64-7077-4223-897f-e4014b1f8a21: addNew group-01973ACD7629:[63ca0b64-7077-4223-897f-e4014b1f8a21:192.168.36.96:36314] returns group-01973ACD7629:java.util.concurrent.CompletableFuture@47edd96e[Not completed]
2019-09-03 12:39:42,495 [pool-429-thread-1] INFO  impl.RaftServerImpl (RaftServerImpl.java:<init>(93)) - 63ca0b64-7077-4223-897f-e4014b1f8a21: new RaftServerImpl for group-01973ACD7629:[63ca0b64-7077-4223-897f-e4014b1f8a21:192.168.36.96:36314] with ContainerStateMachine:uninitialized
2019-09-03 12:39:42,496 [pool-429-thread-1] INFO  server.RaftServerConfigKeys (ConfUtils.java:logGet(43)) - raft.server.rpc.timeout.min = 5s (custom)
2019-09-03 12:39:42,496 [pool-429-thread-1] INFO  server.RaftServerConfigKeys (ConfUtils.java:logGet(43)) - raft.server.rpc.timeout.max = 5200ms (custom)
2019-09-03 12:39:42,496 [pool-429-thread-1] INFO  server.RaftServerConfigKeys (ConfUtils.java:logGet(43)) - raft.server.rpcslowness.timeout = 120s (custom)
2019-09-03 12:39:42,496 [pool-429-thread-1] INFO  server.RaftServerConfigKeys (ConfUtils.java:logGet(43)) - raft.server.sleep.deviation.threshold = 300 (default)
2019-09-03 12:39:42,496 [pool-429-thread-1] INFO  server.RaftServerConfigKeys (ConfUtils.java:logGet(43)) - raft.server.log.appender.install.snapshot.enabled = false (custom)
2019-09-03 12:39:42,496 [pool-429-thread-1] INFO  impl.RaftServerImpl (ServerState.java:<init>(105)) - 63ca0b64-7077-4223-897f-e4014b1f8a21:group-01973ACD7629 ConfigurationManager, init=-1: [63ca0b64-7077-4223-897f-e4014b1f8a21:192.168.36.96:36314], old=null, confs=<EMPTY_MAP>
2019-09-03 12:39:42,496 [pool-429-thread-1] INFO  server.RaftServerConfigKeys (ConfUtils.java:logGet(43)) - raft.server.storage.dir = [/workdir/hadoop-ozone/integration-test/target/test-dir/MiniOzoneClusterImpl-5a0a076c-dbad-4ac8-abab-e3faa05d1f8c/datanode-2/data/ratis] (custom)
2019-09-03 12:39:42,497 [pool-429-thread-1] INFO  storage.RaftStorageDirectory (RaftStorageDirectory.java:analyzeStorage(246)) - The storage directory /workdir/hadoop-ozone/integration-test/target/test-dir/MiniOzoneClusterImpl-5a0a076c-dbad-4ac8-abab-e3faa05d1f8c/datanode-2/data/ratis/76d72f59-9706-4f1b-9b11-01973acd7629 does not exist. Creating ...
2019-09-03 12:39:42,513 [pool-429-thread-1] INFO  storage.RaftStorageDirectory (RaftStorageDirectory.java:tryLock(328)) - Lock on /workdir/hadoop-ozone/integration-test/target/test-dir/MiniOzoneClusterImpl-5a0a076c-dbad-4ac8-abab-e3faa05d1f8c/datanode-2/data/ratis/76d72f59-9706-4f1b-9b11-01973acd7629/in_use.lock acquired by nodename 21196@pr-hdds-1898-vtp6b-2341163797
2019-09-03 12:39:42,526 [pool-429-thread-1] INFO  storage.RaftStorage (RaftStorage.java:format(72)) - Storage directory /workdir/hadoop-ozone/integration-test/target/test-dir/MiniOzoneClusterImpl-5a0a076c-dbad-4ac8-abab-e3faa05d1f8c/datanode-2/data/ratis/76d72f59-9706-4f1b-9b11-01973acd7629 has been successfully formatted.
2019-09-03 12:39:42,526 [pool-429-thread-1] INFO  ratis.ContainerStateMachine (ContainerStateMachine.java:loadSnapshot(227)) - group-01973ACD7629: The snapshot info is null. Setting the last applied indexto:(t:0, i:~)
2019-09-03 12:39:42,526 [pool-429-thread-1] INFO  server.RaftServerConfigKeys (ConfUtils.java:logGet(43)) - raft.server.leader.election.timeout = 120s (custom)
2019-09-03 12:39:42,526 [pool-429-thread-1] INFO  server.RaftServerConfigKeys (ConfUtils.java:logGet(43)) - raft.server.log.use.memory = false (default)
2019-09-03 12:39:42,526 [pool-429-thread-1] INFO  server.RaftServerConfigKeys (ConfUtils.java:logGet(43)) - raft.server.log.purge.gap = 1000000 (custom)
2019-09-03 12:39:42,527 [pool-429-thread-1] INFO  server.RaftServerConfigKeys (ConfUtils.java:logGet(43)) - raft.server.log.appender.buffer.byte-limit = 33554432 (custom)
2019-09-03 12:39:42,527 [pool-429-thread-1] INFO  server.RaftServerConfigKeys (ConfUtils.java:logGet(43)) - raft.server.log.segment.size.max = 1048576 (custom)
2019-09-03 12:39:42,527 [pool-429-thread-1] INFO  server.RaftServerConfigKeys (ConfUtils.java:logGet(43)) - raft.server.log.segment.cache.num.max = 2 (custom)
2019-09-03 12:39:42,527 [pool-429-thread-1] INFO  segmented.SegmentedRaftLogWorker (SegmentedRaftLogWorker.java:<init>(172)) - new 63ca0b64-7077-4223-897f-e4014b1f8a21-SegmentedRaftLogWorker:Storage Directory /workdir/hadoop-ozone/integration-test/target/test-dir/MiniOzoneClusterImpl-5a0a076c-dbad-4ac8-abab-e3faa05d1f8c/datanode-2/data/ratis/76d72f59-9706-4f1b-9b11-01973acd7629 for RaftStorage:Storage Directory /workdir/hadoop-ozone/integration-test/target/test-dir/MiniOzoneClusterImpl-5a0a076c-dbad-4ac8-abab-e3faa05d1f8c/datanode-2/data/ratis/76d72f59-9706-4f1b-9b11-01973acd7629
2019-09-03 12:39:42,527 [pool-429-thread-1] INFO  server.RaftServerConfigKeys (ConfUtils.java:logGet(43)) - raft.server.log.queue.byte-limit = 2147483647 (custom)
2019-09-03 12:39:42,527 [pool-429-thread-1] INFO  server.RaftServerConfigKeys (ConfUtils.java:logGet(43)) - raft.server.log.queue.element-limit = 1024 (custom)
2019-09-03 12:39:42,527 [pool-429-thread-1] INFO  server.RaftServerConfigKeys (ConfUtils.java:logGet(43)) - raft.server.log.segment.size.max = 1048576 (custom)
2019-09-03 12:39:42,528 [pool-429-thread-1] INFO  server.RaftServerConfigKeys (ConfUtils.java:logGet(43)) - raft.server.log.preallocated.size = 16384 (custom)
2019-09-03 12:39:42,528 [pool-429-thread-1] INFO  server.RaftServerConfigKeys (ConfUtils.java:logGet(43)) - raft.server.log.write.buffer.size = 33554432 (custom)
2019-09-03 12:39:42,528 [pool-429-thread-1] INFO  server.RaftServerConfigKeys (ConfUtils.java:logGet(43)) - raft.server.log.force.sync.num = 128 (default)
2019-09-03 12:39:42,528 [pool-429-thread-1] INFO  server.RaftServerConfigKeys (ConfUtils.java:logGet(43)) - raft.server.log.statemachine.data.sync = true (default)
2019-09-03 12:39:42,528 [pool-429-thread-1] INFO  server.RaftServerConfigKeys (ConfUtils.java:logGet(43)) - raft.server.log.statemachine.data.sync.timeout = 10s (default)
2019-09-03 12:39:42,528 [pool-429-thread-1] INFO  server.RaftServerConfigKeys (ConfUtils.java:logGet(43)) - raft.server.log.statemachine.data.sync.timeout.retry = -1 (default)
2019-09-03 12:39:42,528 [pool-429-thread-1] INFO  server.RaftServerConfigKeys (ConfUtils.java:logGet(43)) - raft.server.log.statemachine.data.caching.enabled = true (custom)
2019-09-03 12:39:42,529 [pool-429-thread-1] INFO  segmented.SegmentedRaftLogWorker (SegmentedRaftLogWorker.java:lambda$new$0(132)) - 63ca0b64-7077-4223-897f-e4014b1f8a21-SegmentedRaftLogWorker:Storage Directory /workdir/hadoop-ozone/integration-test/target/test-dir/MiniOzoneClusterImpl-5a0a076c-dbad-4ac8-abab-e3faa05d1f8c/datanode-2/data/ratis/76d72f59-9706-4f1b-9b11-01973acd7629: flushIndex: setUnconditionally 0 -> -1
2019-09-03 12:39:42,529 [pool-429-thread-1] INFO  server.RaftServerConfigKeys (ConfUtils.java:logGet(43)) - raft.server.snapshot.auto.trigger.enabled = true (custom)
2019-09-03 12:39:42,529 [pool-429-thread-1] INFO  server.RaftServerConfigKeys (ConfUtils.java:logGet(43)) - raft.server.snapshot.auto.trigger.threshold = 10000 (custom)
2019-09-03 12:39:42,529 [pool-429-thread-1] INFO  server.RaftServerConfigKeys (ConfUtils.java:logGet(43)) - raft.server.retrycache.expirytime = 600000ms (custom)
2019-09-03 12:39:42,529 [pool-429-thread-1] INFO  impl.RaftServerImpl (RaftServerImpl.java:start(180)) - 63ca0b64-7077-4223-897f-e4014b1f8a21: start group-01973ACD7629
2019-09-03 12:39:42,529 [pool-429-thread-1] INFO  impl.RaftServerImpl (RaftServerImpl.java:setRole(171)) - 63ca0b64-7077-4223-897f-e4014b1f8a21:group-01973ACD7629 changes role from null to FOLLOWER at term 0 for startAsFollower
2019-09-03 12:39:42,529 [pool-429-thread-1] INFO  impl.RoleInfo (RoleInfo.java:updateAndGet(143)) - 63ca0b64-7077-4223-897f-e4014b1f8a21: start FollowerState
2019-09-03 12:39:42,530 [pool-429-thread-1] INFO  util.JmxRegister (JmxRegister.java:tryRegister(44)) - Successfully registered JMX Bean with object name Ratis:service=RaftServer,group=group-01973ACD7629,id=63ca0b64-7077-4223-897f-e4014b1f8a21
2019-09-03 12:39:42,531 [RatisPipelineUtilsThread] INFO  pipeline.PipelineStateManager (PipelineStateManager.java:addPipeline(56)) - Created pipeline Pipeline[ Id: 76d72f59-9706-4f1b-9b11-01973acd7629, Nodes: 63ca0b64-7077-4223-897f-e4014b1f8a21{ip: 192.168.36.96, host: pr-hdds-1898-vtp6b-2341163797, networkLocation: /default-rack, certSerialId: null}, Type:RATIS, Factor:ONE, State:OPEN]
2019-09-03 12:39:42,537 [grpc-default-executor-7] INFO  impl.RaftServerProxy (RaftServerProxy.java:addNew(89)) - c2e6ed46-8fd1-4958-8387-820c85525dba: addNew group-433B733249ED:[c2e6ed46-8fd1-4958-8387-820c85525dba:192.168.36.96:38815] returns group-433B733249ED:java.util.concurrent.CompletableFuture@446a13c4[Not completed]
2019-09-03 12:39:42,539 [pool-459-thread-1] INFO  impl.RaftServerImpl (RaftServerImpl.java:<init>(93)) - c2e6ed46-8fd1-4958-8387-820c85525dba: new RaftServerImpl for group-433B733249ED:[c2e6ed46-8fd1-4958-8387-820c85525dba:192.168.36.96:38815] with ContainerStateMachine:uninitialized
2019-09-03 12:39:42,539 [pool-459-thread-1] INFO  server.RaftServerConfigKeys (ConfUtils.java:logGet(43)) - raft.server.rpc.timeout.min = 5s (custom)
2019-09-03 12:39:42,539 [pool-459-thread-1] INFO  server.RaftServerConfigKeys (ConfUtils.java:logGet(43)) - raft.server.rpc.timeout.max = 5200ms (custom)
2019-09-03 12:39:42,539 [pool-459-thread-1] INFO  server.RaftServerConfigKeys (ConfUtils.java:logGet(43)) - raft.server.rpcslowness.timeout = 120s (custom)
2019-09-03 12:39:42,539 [pool-459-thread-1] INFO  server.RaftServerConfigKeys (ConfUtils.java:logGet(43)) - raft.server.sleep.deviation.threshold = 300 (default)
2019-09-03 12:39:42,539 [pool-459-thread-1] INFO  server.RaftServerConfigKeys (ConfUtils.java:logGet(43)) - raft.server.log.appender.install.snapshot.enabled = false (custom)
2019-09-03 12:39:42,539 [pool-459-thread-1] INFO  impl.RaftServerImpl (ServerState.java:<init>(105)) - c2e6ed46-8fd1-4958-8387-820c85525dba:group-433B733249ED ConfigurationManager, init=-1: [c2e6ed46-8fd1-4958-8387-820c85525dba:192.168.36.96:38815], old=null, confs=<EMPTY_MAP>
2019-09-03 12:39:42,539 [pool-459-thread-1] INFO  server.RaftServerConfigKeys (ConfUtils.java:logGet(43)) - raft.server.storage.dir = [/workdir/hadoop-ozone/integration-test/target/test-dir/MiniOzoneClusterImpl-5a0a076c-dbad-4ac8-abab-e3faa05d1f8c/datanode-5/data/ratis] (custom)
2019-09-03 12:39:42,540 [pool-459-thread-1] INFO  storage.RaftStorageDirectory (RaftStorageDirectory.java:analyzeStorage(246)) - The storage directory /workdir/hadoop-ozone/integration-test/target/test-dir/MiniOzoneClusterImpl-5a0a076c-dbad-4ac8-abab-e3faa05d1f8c/datanode-5/data/ratis/e8877830-d410-421a-b6d9-433b733249ed does not exist. Creating ...
2019-09-03 12:39:42,552 [pool-459-thread-1] INFO  storage.RaftStorageDirectory (RaftStorageDirectory.java:tryLock(328)) - Lock on /workdir/hadoop-ozone/integration-test/target/test-dir/MiniOzoneClusterImpl-5a0a076c-dbad-4ac8-abab-e3faa05d1f8c/datanode-5/data/ratis/e8877830-d410-421a-b6d9-433b733249ed/in_use.lock acquired by nodename 21196@pr-hdds-1898-vtp6b-2341163797
2019-09-03 12:39:42,565 [pool-459-thread-1] INFO  storage.RaftStorage (RaftStorage.java:format(72)) - Storage directory /workdir/hadoop-ozone/integration-test/target/test-dir/MiniOzoneClusterImpl-5a0a076c-dbad-4ac8-abab-e3faa05d1f8c/datanode-5/data/ratis/e8877830-d410-421a-b6d9-433b733249ed has been successfully formatted.
2019-09-03 12:39:42,565 [pool-459-thread-1] INFO  ratis.ContainerStateMachine (ContainerStateMachine.java:loadSnapshot(227)) - group-433B733249ED: The snapshot info is null. Setting the last applied indexto:(t:0, i:~)
2019-09-03 12:39:42,566 [pool-459-thread-1] INFO  server.RaftServerConfigKeys (ConfUtils.java:logGet(43)) - raft.server.leader.election.timeout = 120s (custom)
2019-09-03 12:39:42,566 [pool-459-thread-1] INFO  server.RaftServerConfigKeys (ConfUtils.java:logGet(43)) - raft.server.log.use.memory = false (default)
2019-09-03 12:39:42,566 [pool-459-thread-1] INFO  server.RaftServerConfigKeys (ConfUtils.java:logGet(43)) - raft.server.log.purge.gap = 1000000 (custom)
2019-09-03 12:39:42,566 [pool-459-thread-1] INFO  server.RaftServerConfigKeys (ConfUtils.java:logGet(43)) - raft.server.log.appender.buffer.byte-limit = 33554432 (custom)
2019-09-03 12:39:42,566 [pool-459-thread-1] INFO  server.RaftServerConfigKeys (ConfUtils.java:logGet(43)) - raft.server.log.segment.size.max = 1048576 (custom)
2019-09-03 12:39:42,566 [pool-459-thread-1] INFO  server.RaftServerConfigKeys (ConfUtils.java:logGet(43)) - raft.server.log.segment.cache.num.max = 2 (custom)
2019-09-03 12:39:42,566 [pool-459-thread-1] INFO  segmented.SegmentedRaftLogWorker (SegmentedRaftLogWorker.java:<init>(172)) - new c2e6ed46-8fd1-4958-8387-820c85525dba-SegmentedRaftLogWorker:Storage Directory /workdir/hadoop-ozone/integration-test/target/test-dir/MiniOzoneClusterImpl-5a0a076c-dbad-4ac8-abab-e3faa05d1f8c/datanode-5/data/ratis/e8877830-d410-421a-b6d9-433b733249ed for RaftStorage:Storage Directory /workdir/hadoop-ozone/integration-test/target/test-dir/MiniOzoneClusterImpl-5a0a076c-dbad-4ac8-abab-e3faa05d1f8c/datanode-5/data/ratis/e8877830-d410-421a-b6d9-433b733249ed
2019-09-03 12:39:42,566 [pool-459-thread-1] INFO  server.RaftServerConfigKeys (ConfUtils.java:logGet(43)) - raft.server.log.queue.byte-limit = 2147483647 (custom)
2019-09-03 12:39:42,566 [pool-459-thread-1] INFO  server.RaftServerConfigKeys (ConfUtils.java:logGet(43)) - raft.server.log.queue.element-limit = 1024 (custom)
2019-09-03 12:39:42,567 [pool-459-thread-1] INFO  server.RaftServerConfigKeys (ConfUtils.java:logGet(43)) - raft.server.log.segment.size.max = 1048576 (custom)
2019-09-03 12:39:42,567 [pool-459-thread-1] INFO  server.RaftServerConfigKeys (ConfUtils.java:logGet(43)) - raft.server.log.preallocated.size = 16384 (custom)
2019-09-03 12:39:42,567 [pool-459-thread-1] INFO  server.RaftServerConfigKeys (ConfUtils.java:logGet(43)) - raft.server.log.write.buffer.size = 33554432 (custom)
2019-09-03 12:39:42,567 [pool-459-thread-1] INFO  server.RaftServerConfigKeys (ConfUtils.java:logGet(43)) - raft.server.log.force.sync.num = 128 (default)
2019-09-03 12:39:42,567 [pool-459-thread-1] INFO  server.RaftServerConfigKeys (ConfUtils.java:logGet(43)) - raft.server.log.statemachine.data.sync = true (default)
2019-09-03 12:39:42,567 [pool-459-thread-1] INFO  server.RaftServerConfigKeys (ConfUtils.java:logGet(43)) - raft.server.log.statemachine.data.sync.timeout = 10s (default)
2019-09-03 12:39:42,567 [pool-459-thread-1] INFO  server.RaftServerConfigKeys (ConfUtils.java:logGet(43)) - raft.server.log.statemachine.data.sync.timeout.retry = -1 (default)
2019-09-03 12:39:42,567 [pool-459-thread-1] INFO  server.RaftServerConfigKeys (ConfUtils.java:logGet(43)) - raft.server.log.statemachine.data.caching.enabled = true (custom)
2019-09-03 12:39:42,568 [pool-459-thread-1] INFO  segmented.SegmentedRaftLogWorker (SegmentedRaftLogWorker.java:lambda$new$0(132)) - c2e6ed46-8fd1-4958-8387-820c85525dba-SegmentedRaftLogWorker:Storage Directory /workdir/hadoop-ozone/integration-test/target/test-dir/MiniOzoneClusterImpl-5a0a076c-dbad-4ac8-abab-e3faa05d1f8c/datanode-5/data/ratis/e8877830-d410-421a-b6d9-433b733249ed: flushIndex: setUnconditionally 0 -> -1
2019-09-03 12:39:42,568 [pool-459-thread-1] INFO  server.RaftServerConfigKeys (ConfUtils.java:logGet(43)) - raft.server.snapshot.auto.trigger.enabled = true (custom)
2019-09-03 12:39:42,568 [pool-459-thread-1] INFO  server.RaftServerConfigKeys (ConfUtils.java:logGet(43)) - raft.server.snapshot.auto.trigger.threshold = 10000 (custom)
2019-09-03 12:39:42,568 [pool-459-thread-1] INFO  server.RaftServerConfigKeys (ConfUtils.java:logGet(43)) - raft.server.retrycache.expirytime = 600000ms (custom)
2019-09-03 12:39:42,568 [pool-459-thread-1] INFO  impl.RaftServerImpl (RaftServerImpl.java:start(180)) - c2e6ed46-8fd1-4958-8387-820c85525dba: start group-433B733249ED
2019-09-03 12:39:42,568 [pool-459-thread-1] INFO  impl.RaftServerImpl (RaftServerImpl.java:setRole(171)) - c2e6ed46-8fd1-4958-8387-820c85525dba:group-433B733249ED changes role from null to FOLLOWER at term 0 for startAsFollower
2019-09-03 12:39:42,568 [pool-459-thread-1] INFO  impl.RoleInfo (RoleInfo.java:updateAndGet(143)) - c2e6ed46-8fd1-4958-8387-820c85525dba: start FollowerState
2019-09-03 12:39:42,569 [pool-459-thread-1] INFO  util.JmxRegister (JmxRegister.java:tryRegister(44)) - Successfully registered JMX Bean with object name Ratis:service=RaftServer,group=group-433B733249ED,id=c2e6ed46-8fd1-4958-8387-820c85525dba
2019-09-03 12:39:42,571 [RatisPipelineUtilsThread] INFO  pipeline.PipelineStateManager (PipelineStateManager.java:addPipeline(56)) - Created pipeline Pipeline[ Id: e8877830-d410-421a-b6d9-433b733249ed, Nodes: c2e6ed46-8fd1-4958-8387-820c85525dba{ip: 192.168.36.96, host: pr-hdds-1898-vtp6b-2341163797, networkLocation: /default-rack, certSerialId: null}, Type:RATIS, Factor:ONE, State:OPEN]
2019-09-03 12:39:42,585 [grpc-default-executor-4] INFO  impl.RaftServerProxy (RaftServerProxy.java:addNew(89)) - 85506639-3fe0-42d5-8109-64e3968f1eaf: addNew group-071C975CCF04:[85506639-3fe0-42d5-8109-64e3968f1eaf:192.168.36.96:32803, 3ef92ecc-28c5-4fad-842b-96b52fc10be7:192.168.36.96:40472, 7fb19221-14f6-4c84-b51f-75149814f9ab:192.168.36.96:44311] returns group-071C975CCF04:java.util.concurrent.CompletableFuture@2aa13f3e[Not completed]
2019-09-03 12:39:42,585 [grpc-default-executor-0] INFO  impl.RaftServerProxy (RaftServerProxy.java:addNew(89)) - 7fb19221-14f6-4c84-b51f-75149814f9ab: addNew group-071C975CCF04:[85506639-3fe0-42d5-8109-64e3968f1eaf:192.168.36.96:32803, 3ef92ecc-28c5-4fad-842b-96b52fc10be7:192.168.36.96:40472, 7fb19221-14f6-4c84-b51f-75149814f9ab:192.168.36.96:44311] returns group-071C975CCF04:java.util.concurrent.CompletableFuture@29be6522[Not completed]
2019-09-03 12:39:42,586 [grpc-default-executor-4] INFO  impl.RaftServerProxy (RaftServerProxy.java:addNew(89)) - 3ef92ecc-28c5-4fad-842b-96b52fc10be7: addNew group-071C975CCF04:[85506639-3fe0-42d5-8109-64e3968f1eaf:192.168.36.96:32803, 3ef92ecc-28c5-4fad-842b-96b52fc10be7:192.168.36.96:40472, 7fb19221-14f6-4c84-b51f-75149814f9ab:192.168.36.96:44311] returns group-071C975CCF04:java.util.concurrent.CompletableFuture@30605108[Not completed]
2019-09-03 12:39:42,587 [pool-469-thread-1] INFO  impl.RaftServerImpl (RaftServerImpl.java:<init>(93)) - 7fb19221-14f6-4c84-b51f-75149814f9ab: new RaftServerImpl for group-071C975CCF04:[85506639-3fe0-42d5-8109-64e3968f1eaf:192.168.36.96:32803, 3ef92ecc-28c5-4fad-842b-96b52fc10be7:192.168.36.96:40472, 7fb19221-14f6-4c84-b51f-75149814f9ab:192.168.36.96:44311] with ContainerStateMachine:uninitialized
2019-09-03 12:39:42,587 [pool-469-thread-1] INFO  server.RaftServerConfigKeys (ConfUtils.java:logGet(43)) - raft.server.rpc.timeout.min = 5s (custom)
2019-09-03 12:39:42,587 [pool-469-thread-1] INFO  server.RaftServerConfigKeys (ConfUtils.java:logGet(43)) - raft.server.rpc.timeout.max = 5200ms (custom)
2019-09-03 12:39:42,587 [pool-469-thread-1] INFO  server.RaftServerConfigKeys (ConfUtils.java:logGet(43)) - raft.server.rpcslowness.timeout = 120s (custom)
2019-09-03 12:39:42,587 [pool-469-thread-1] INFO  server.RaftServerConfigKeys (ConfUtils.java:logGet(43)) - raft.server.sleep.deviation.threshold = 300 (default)
2019-09-03 12:39:42,587 [pool-449-thread-1] INFO  impl.RaftServerImpl (RaftServerImpl.java:<init>(93)) - 3ef92ecc-28c5-4fad-842b-96b52fc10be7: new RaftServerImpl for group-071C975CCF04:[85506639-3fe0-42d5-8109-64e3968f1eaf:192.168.36.96:32803, 3ef92ecc-28c5-4fad-842b-96b52fc10be7:192.168.36.96:40472, 7fb19221-14f6-4c84-b51f-75149814f9ab:192.168.36.96:44311] with ContainerStateMachine:uninitialized
2019-09-03 12:39:42,587 [pool-469-thread-1] INFO  server.RaftServerConfigKeys (ConfUtils.java:logGet(43)) - raft.server.log.appender.install.snapshot.enabled = false (custom)
2019-09-03 12:39:42,587 [pool-449-thread-1] INFO  server.RaftServerConfigKeys (ConfUtils.java:logGet(43)) - raft.server.rpc.timeout.min = 5s (custom)
2019-09-03 12:39:42,588 [pool-469-thread-1] INFO  impl.RaftServerImpl (ServerState.java:<init>(105)) - 7fb19221-14f6-4c84-b51f-75149814f9ab:group-071C975CCF04 ConfigurationManager, init=-1: [85506639-3fe0-42d5-8109-64e3968f1eaf:192.168.36.96:32803, 3ef92ecc-28c5-4fad-842b-96b52fc10be7:192.168.36.96:40472, 7fb19221-14f6-4c84-b51f-75149814f9ab:192.168.36.96:44311], old=null, confs=<EMPTY_MAP>
2019-09-03 12:39:42,588 [pool-449-thread-1] INFO  server.RaftServerConfigKeys (ConfUtils.java:logGet(43)) - raft.server.rpc.timeout.max = 5200ms (custom)
2019-09-03 12:39:42,588 [pool-469-thread-1] INFO  server.RaftServerConfigKeys (ConfUtils.java:logGet(43)) - raft.server.storage.dir = [/workdir/hadoop-ozone/integration-test/target/test-dir/MiniOzoneClusterImpl-5a0a076c-dbad-4ac8-abab-e3faa05d1f8c/datanode-6/data/ratis] (custom)
2019-09-03 12:39:42,588 [pool-449-thread-1] INFO  server.RaftServerConfigKeys (ConfUtils.java:logGet(43)) - raft.server.rpcslowness.timeout = 120s (custom)
2019-09-03 12:39:42,588 [pool-449-thread-1] INFO  server.RaftServerConfigKeys (ConfUtils.java:logGet(43)) - raft.server.sleep.deviation.threshold = 300 (default)
2019-09-03 12:39:42,588 [pool-449-thread-1] INFO  server.RaftServerConfigKeys (ConfUtils.java:logGet(43)) - raft.server.log.appender.install.snapshot.enabled = false (custom)
2019-09-03 12:39:42,588 [pool-469-thread-1] INFO  storage.RaftStorageDirectory (RaftStorageDirectory.java:analyzeStorage(246)) - The storage directory /workdir/hadoop-ozone/integration-test/target/test-dir/MiniOzoneClusterImpl-5a0a076c-dbad-4ac8-abab-e3faa05d1f8c/datanode-6/data/ratis/a9b32830-0bd8-48a5-9fb1-071c975ccf04 does not exist. Creating ...
2019-09-03 12:39:42,589 [pool-449-thread-1] INFO  impl.RaftServerImpl (ServerState.java:<init>(105)) - 3ef92ecc-28c5-4fad-842b-96b52fc10be7:group-071C975CCF04 ConfigurationManager, init=-1: [85506639-3fe0-42d5-8109-64e3968f1eaf:192.168.36.96:32803, 3ef92ecc-28c5-4fad-842b-96b52fc10be7:192.168.36.96:40472, 7fb19221-14f6-4c84-b51f-75149814f9ab:192.168.36.96:44311], old=null, confs=<EMPTY_MAP>
2019-09-03 12:39:42,589 [pool-439-thread-1] INFO  impl.RaftServerImpl (RaftServerImpl.java:<init>(93)) - 85506639-3fe0-42d5-8109-64e3968f1eaf: new RaftServerImpl for group-071C975CCF04:[85506639-3fe0-42d5-8109-64e3968f1eaf:192.168.36.96:32803, 3ef92ecc-28c5-4fad-842b-96b52fc10be7:192.168.36.96:40472, 7fb19221-14f6-4c84-b51f-75149814f9ab:192.168.36.96:44311] with ContainerStateMachine:uninitialized
2019-09-03 12:39:42,589 [pool-449-thread-1] INFO  server.RaftServerConfigKeys (ConfUtils.java:logGet(43)) - raft.server.storage.dir = [/workdir/hadoop-ozone/integration-test/target/test-dir/MiniOzoneClusterImpl-5a0a076c-dbad-4ac8-abab-e3faa05d1f8c/datanode-4/data/ratis] (custom)
2019-09-03 12:39:42,589 [pool-439-thread-1] INFO  server.RaftServerConfigKeys (ConfUtils.java:logGet(43)) - raft.server.rpc.timeout.min = 5s (custom)
2019-09-03 12:39:42,589 [pool-439-thread-1] INFO  server.RaftServerConfigKeys (ConfUtils.java:logGet(43)) - raft.server.rpc.timeout.max = 5200ms (custom)
2019-09-03 12:39:42,589 [pool-449-thread-1] INFO  storage.RaftStorageDirectory (RaftStorageDirectory.java:analyzeStorage(246)) - The storage directory /workdir/hadoop-ozone/integration-test/target/test-dir/MiniOzoneClusterImpl-5a0a076c-dbad-4ac8-abab-e3faa05d1f8c/datanode-4/data/ratis/a9b32830-0bd8-48a5-9fb1-071c975ccf04 does not exist. Creating ...
2019-09-03 12:39:42,589 [pool-439-thread-1] INFO  server.RaftServerConfigKeys (ConfUtils.java:logGet(43)) - raft.server.rpcslowness.timeout = 120s (custom)
2019-09-03 12:39:42,590 [pool-439-thread-1] INFO  server.RaftServerConfigKeys (ConfUtils.java:logGet(43)) - raft.server.sleep.deviation.threshold = 300 (default)
2019-09-03 12:39:42,590 [pool-439-thread-1] INFO  server.RaftServerConfigKeys (ConfUtils.java:logGet(43)) - raft.server.log.appender.install.snapshot.enabled = false (custom)
2019-09-03 12:39:42,590 [pool-439-thread-1] INFO  impl.RaftServerImpl (ServerState.java:<init>(105)) - 85506639-3fe0-42d5-8109-64e3968f1eaf:group-071C975CCF04 ConfigurationManager, init=-1: [85506639-3fe0-42d5-8109-64e3968f1eaf:192.168.36.96:32803, 3ef92ecc-28c5-4fad-842b-96b52fc10be7:192.168.36.96:40472, 7fb19221-14f6-4c84-b51f-75149814f9ab:192.168.36.96:44311], old=null, confs=<EMPTY_MAP>
2019-09-03 12:39:42,590 [pool-439-thread-1] INFO  server.RaftServerConfigKeys (ConfUtils.java:logGet(43)) - raft.server.storage.dir = [/workdir/hadoop-ozone/integration-test/target/test-dir/MiniOzoneClusterImpl-5a0a076c-dbad-4ac8-abab-e3faa05d1f8c/datanode-3/data/ratis] (custom)
2019-09-03 12:39:42,591 [pool-439-thread-1] INFO  storage.RaftStorageDirectory (RaftStorageDirectory.java:analyzeStorage(246)) - The storage directory /workdir/hadoop-ozone/integration-test/target/test-dir/MiniOzoneClusterImpl-5a0a076c-dbad-4ac8-abab-e3faa05d1f8c/datanode-3/data/ratis/a9b32830-0bd8-48a5-9fb1-071c975ccf04 does not exist. Creating ...
2019-09-03 12:39:42,597 [pool-449-thread-1] INFO  storage.RaftStorageDirectory (RaftStorageDirectory.java:tryLock(328)) - Lock on /workdir/hadoop-ozone/integration-test/target/test-dir/MiniOzoneClusterImpl-5a0a076c-dbad-4ac8-abab-e3faa05d1f8c/datanode-4/data/ratis/a9b32830-0bd8-48a5-9fb1-071c975ccf04/in_use.lock acquired by nodename 21196@pr-hdds-1898-vtp6b-2341163797
2019-09-03 12:39:42,597 [pool-469-thread-1] INFO  storage.RaftStorageDirectory (RaftStorageDirectory.java:tryLock(328)) - Lock on /workdir/hadoop-ozone/integration-test/target/test-dir/MiniOzoneClusterImpl-5a0a076c-dbad-4ac8-abab-e3faa05d1f8c/datanode-6/data/ratis/a9b32830-0bd8-48a5-9fb1-071c975ccf04/in_use.lock acquired by nodename 21196@pr-hdds-1898-vtp6b-2341163797
2019-09-03 12:39:42,597 [pool-439-thread-1] INFO  storage.RaftStorageDirectory (RaftStorageDirectory.java:tryLock(328)) - Lock on /workdir/hadoop-ozone/integration-test/target/test-dir/MiniOzoneClusterImpl-5a0a076c-dbad-4ac8-abab-e3faa05d1f8c/datanode-3/data/ratis/a9b32830-0bd8-48a5-9fb1-071c975ccf04/in_use.lock acquired by nodename 21196@pr-hdds-1898-vtp6b-2341163797
2019-09-03 12:39:42,611 [pool-449-thread-1] INFO  storage.RaftStorage (RaftStorage.java:format(72)) - Storage directory /workdir/hadoop-ozone/integration-test/target/test-dir/MiniOzoneClusterImpl-5a0a076c-dbad-4ac8-abab-e3faa05d1f8c/datanode-4/data/ratis/a9b32830-0bd8-48a5-9fb1-071c975ccf04 has been successfully formatted.
2019-09-03 12:39:42,611 [pool-439-thread-1] INFO  storage.RaftStorage (RaftStorage.java:format(72)) - Storage directory /workdir/hadoop-ozone/integration-test/target/test-dir/MiniOzoneClusterImpl-5a0a076c-dbad-4ac8-abab-e3faa05d1f8c/datanode-3/data/ratis/a9b32830-0bd8-48a5-9fb1-071c975ccf04 has been successfully formatted.
2019-09-03 12:39:42,611 [pool-469-thread-1] INFO  storage.RaftStorage (RaftStorage.java:format(72)) - Storage directory /workdir/hadoop-ozone/integration-test/target/test-dir/MiniOzoneClusterImpl-5a0a076c-dbad-4ac8-abab-e3faa05d1f8c/datanode-6/data/ratis/a9b32830-0bd8-48a5-9fb1-071c975ccf04 has been successfully formatted.
2019-09-03 12:39:42,612 [pool-439-thread-1] INFO  ratis.ContainerStateMachine (ContainerStateMachine.java:loadSnapshot(227)) - group-071C975CCF04: The snapshot info is null. Setting the last applied indexto:(t:0, i:~)
2019-09-03 12:39:42,612 [pool-449-thread-1] INFO  ratis.ContainerStateMachine (ContainerStateMachine.java:loadSnapshot(227)) - group-071C975CCF04: The snapshot info is null. Setting the last applied indexto:(t:0, i:~)
2019-09-03 12:39:42,612 [pool-439-thread-1] INFO  server.RaftServerConfigKeys (ConfUtils.java:logGet(43)) - raft.server.leader.election.timeout = 120s (custom)
2019-09-03 12:39:42,612 [pool-469-thread-1] INFO  ratis.ContainerStateMachine (ContainerStateMachine.java:loadSnapshot(227)) - group-071C975CCF04: The snapshot info is null. Setting the last applied indexto:(t:0, i:~)
2019-09-03 12:39:42,612 [pool-439-thread-1] INFO  server.RaftServerConfigKeys (ConfUtils.java:logGet(43)) - raft.server.log.use.memory = false (default)
2019-09-03 12:39:42,612 [pool-449-thread-1] INFO  server.RaftServerConfigKeys (ConfUtils.java:logGet(43)) - raft.server.leader.election.timeout = 120s (custom)
2019-09-03 12:39:42,613 [pool-439-thread-1] INFO  server.RaftServerConfigKeys (ConfUtils.java:logGet(43)) - raft.server.log.purge.gap = 1000000 (custom)
2019-09-03 12:39:42,612 [pool-469-thread-1] INFO  server.RaftServerConfigKeys (ConfUtils.java:logGet(43)) - raft.server.leader.election.timeout = 120s (custom)
2019-09-03 12:39:42,613 [pool-439-thread-1] INFO  server.RaftServerConfigKeys (ConfUtils.java:logGet(43)) - raft.server.log.appender.buffer.byte-limit = 33554432 (custom)
2019-09-03 12:39:42,613 [pool-449-thread-1] INFO  server.RaftServerConfigKeys (ConfUtils.java:logGet(43)) - raft.server.log.use.memory = false (default)
2019-09-03 12:39:42,613 [pool-439-thread-1] INFO  server.RaftServerConfigKeys (ConfUtils.java:logGet(43)) - raft.server.log.segment.size.max = 1048576 (custom)
2019-09-03 12:39:42,614 [pool-439-thread-1] INFO  server.RaftServerConfigKeys (ConfUtils.java:logGet(43)) - raft.server.log.segment.cache.num.max = 2 (custom)
2019-09-03 12:39:42,613 [pool-469-thread-1] INFO  server.RaftServerConfigKeys (ConfUtils.java:logGet(43)) - raft.server.log.use.memory = false (default)
2019-09-03 12:39:42,614 [pool-439-thread-1] INFO  segmented.SegmentedRaftLogWorker (SegmentedRaftLogWorker.java:<init>(172)) - new 85506639-3fe0-42d5-8109-64e3968f1eaf-SegmentedRaftLogWorker:Storage Directory /workdir/hadoop-ozone/integration-test/target/test-dir/MiniOzoneClusterImpl-5a0a076c-dbad-4ac8-abab-e3faa05d1f8c/datanode-3/data/ratis/a9b32830-0bd8-48a5-9fb1-071c975ccf04 for RaftStorage:Storage Directory /workdir/hadoop-ozone/integration-test/target/test-dir/MiniOzoneClusterImpl-5a0a076c-dbad-4ac8-abab-e3faa05d1f8c/datanode-3/data/ratis/a9b32830-0bd8-48a5-9fb1-071c975ccf04
2019-09-03 12:39:42,613 [pool-449-thread-1] INFO  server.RaftServerConfigKeys (ConfUtils.java:logGet(43)) - raft.server.log.purge.gap = 1000000 (custom)
2019-09-03 12:39:42,614 [pool-439-thread-1] INFO  server.RaftServerConfigKeys (ConfUtils.java:logGet(43)) - raft.server.log.queue.byte-limit = 2147483647 (custom)
2019-09-03 12:39:42,614 [pool-469-thread-1] INFO  server.RaftServerConfigKeys (ConfUtils.java:logGet(43)) - raft.server.log.purge.gap = 1000000 (custom)
2019-09-03 12:39:42,614 [pool-439-thread-1] INFO  server.RaftServerConfigKeys (ConfUtils.java:logGet(43)) - raft.server.log.queue.element-limit = 1024 (custom)
2019-09-03 12:39:42,614 [pool-449-thread-1] INFO  server.RaftServerConfigKeys (ConfUtils.java:logGet(43)) - raft.server.log.appender.buffer.byte-limit = 33554432 (custom)
2019-09-03 12:39:42,615 [pool-439-thread-1] INFO  server.RaftServerConfigKeys (ConfUtils.java:logGet(43)) - raft.server.log.segment.size.max = 1048576 (custom)
2019-09-03 12:39:42,615 [pool-469-thread-1] INFO  server.RaftServerConfigKeys (ConfUtils.java:logGet(43)) - raft.server.log.appender.buffer.byte-limit = 33554432 (custom)
2019-09-03 12:39:42,615 [pool-439-thread-1] INFO  server.RaftServerConfigKeys (ConfUtils.java:logGet(43)) - raft.server.log.preallocated.size = 16384 (custom)
2019-09-03 12:39:42,615 [pool-449-thread-1] INFO  server.RaftServerConfigKeys (ConfUtils.java:logGet(43)) - raft.server.log.segment.size.max = 1048576 (custom)
2019-09-03 12:39:42,615 [pool-439-thread-1] INFO  server.RaftServerConfigKeys (ConfUtils.java:logGet(43)) - raft.server.log.write.buffer.size = 33554432 (custom)
2019-09-03 12:39:42,615 [pool-469-thread-1] INFO  server.RaftServerConfigKeys (ConfUtils.java:logGet(43)) - raft.server.log.segment.size.max = 1048576 (custom)
2019-09-03 12:39:42,616 [pool-439-thread-1] INFO  server.RaftServerConfigKeys (ConfUtils.java:logGet(43)) - raft.server.log.force.sync.num = 128 (default)
2019-09-03 12:39:42,616 [pool-449-thread-1] INFO  server.RaftServerConfigKeys (ConfUtils.java:logGet(43)) - raft.server.log.segment.cache.num.max = 2 (custom)
2019-09-03 12:39:42,616 [pool-439-thread-1] INFO  server.RaftServerConfigKeys (ConfUtils.java:logGet(43)) - raft.server.log.statemachine.data.sync = true (default)
2019-09-03 12:39:42,616 [pool-469-thread-1] INFO  server.RaftServerConfigKeys (ConfUtils.java:logGet(43)) - raft.server.log.segment.cache.num.max = 2 (custom)
2019-09-03 12:39:42,616 [pool-439-thread-1] INFO  server.RaftServerConfigKeys (ConfUtils.java:logGet(43)) - raft.server.log.statemachine.data.sync.timeout = 10s (default)
2019-09-03 12:39:42,616 [pool-449-thread-1] INFO  segmented.SegmentedRaftLogWorker (SegmentedRaftLogWorker.java:<init>(172)) - new 3ef92ecc-28c5-4fad-842b-96b52fc10be7-SegmentedRaftLogWorker:Storage Directory /workdir/hadoop-ozone/integration-test/target/test-dir/MiniOzoneClusterImpl-5a0a076c-dbad-4ac8-abab-e3faa05d1f8c/datanode-4/data/ratis/a9b32830-0bd8-48a5-9fb1-071c975ccf04 for RaftStorage:Storage Directory /workdir/hadoop-ozone/integration-test/target/test-dir/MiniOzoneClusterImpl-5a0a076c-dbad-4ac8-abab-e3faa05d1f8c/datanode-4/data/ratis/a9b32830-0bd8-48a5-9fb1-071c975ccf04
2019-09-03 12:39:42,617 [pool-439-thread-1] INFO  server.RaftServerConfigKeys (ConfUtils.java:logGet(43)) - raft.server.log.statemachine.data.sync.timeout.retry = -1 (default)
2019-09-03 12:39:42,616 [pool-469-thread-1] INFO  segmented.SegmentedRaftLogWorker (SegmentedRaftLogWorker.java:<init>(172)) - new 7fb19221-14f6-4c84-b51f-75149814f9ab-SegmentedRaftLogWorker:Storage Directory /workdir/hadoop-ozone/integration-test/target/test-dir/MiniOzoneClusterImpl-5a0a076c-dbad-4ac8-abab-e3faa05d1f8c/datanode-6/data/ratis/a9b32830-0bd8-48a5-9fb1-071c975ccf04 for RaftStorage:Storage Directory /workdir/hadoop-ozone/integration-test/target/test-dir/MiniOzoneClusterImpl-5a0a076c-dbad-4ac8-abab-e3faa05d1f8c/datanode-6/data/ratis/a9b32830-0bd8-48a5-9fb1-071c975ccf04
2019-09-03 12:39:42,617 [pool-439-thread-1] INFO  server.RaftServerConfigKeys (ConfUtils.java:logGet(43)) - raft.server.log.statemachine.data.caching.enabled = true (custom)
2019-09-03 12:39:42,617 [pool-449-thread-1] INFO  server.RaftServerConfigKeys (ConfUtils.java:logGet(43)) - raft.server.log.queue.byte-limit = 2147483647 (custom)
2019-09-03 12:39:42,617 [pool-469-thread-1] INFO  server.RaftServerConfigKeys (ConfUtils.java:logGet(43)) - raft.server.log.queue.byte-limit = 2147483647 (custom)
2019-09-03 12:39:42,617 [pool-449-thread-1] INFO  server.RaftServerConfigKeys (ConfUtils.java:logGet(43)) - raft.server.log.queue.element-limit = 1024 (custom)
2019-09-03 12:39:42,617 [pool-439-thread-1] INFO  segmented.SegmentedRaftLogWorker (SegmentedRaftLogWorker.java:lambda$new$0(132)) - 85506639-3fe0-42d5-8109-64e3968f1eaf-SegmentedRaftLogWorker:Storage Directory /workdir/hadoop-ozone/integration-test/target/test-dir/MiniOzoneClusterImpl-5a0a076c-dbad-4ac8-abab-e3faa05d1f8c/datanode-3/data/ratis/a9b32830-0bd8-48a5-9fb1-071c975ccf04: flushIndex: setUnconditionally 0 -> -1
2019-09-03 12:39:42,618 [pool-449-thread-1] INFO  server.RaftServerConfigKeys (ConfUtils.java:logGet(43)) - raft.server.log.segment.size.max = 1048576 (custom)
2019-09-03 12:39:42,618 [pool-469-thread-1] INFO  server.RaftServerConfigKeys (ConfUtils.java:logGet(43)) - raft.server.log.queue.element-limit = 1024 (custom)
2019-09-03 12:39:42,618 [pool-439-thread-1] INFO  server.RaftServerConfigKeys (ConfUtils.java:logGet(43)) - raft.server.snapshot.auto.trigger.enabled = true (custom)
2019-09-03 12:39:42,618 [pool-449-thread-1] INFO  server.RaftServerConfigKeys (ConfUtils.java:logGet(43)) - raft.server.log.preallocated.size = 16384 (custom)
2019-09-03 12:39:42,618 [pool-439-thread-1] INFO  server.RaftServerConfigKeys (ConfUtils.java:logGet(43)) - raft.server.snapshot.auto.trigger.threshold = 10000 (custom)
2019-09-03 12:39:42,618 [pool-469-thread-1] INFO  server.RaftServerConfigKeys (ConfUtils.java:logGet(43)) - raft.server.log.segment.size.max = 1048576 (custom)
2019-09-03 12:39:42,619 [pool-439-thread-1] INFO  server.RaftServerConfigKeys (ConfUtils.java:logGet(43)) - raft.server.retrycache.expirytime = 600000ms (custom)
2019-09-03 12:39:42,619 [pool-449-thread-1] INFO  server.RaftServerConfigKeys (ConfUtils.java:logGet(43)) - raft.server.log.write.buffer.size = 33554432 (custom)
2019-09-03 12:39:42,619 [pool-439-thread-1] INFO  impl.RaftServerImpl (RaftServerImpl.java:start(180)) - 85506639-3fe0-42d5-8109-64e3968f1eaf: start group-071C975CCF04
2019-09-03 12:39:42,619 [pool-439-thread-1] INFO  impl.RaftServerImpl (RaftServerImpl.java:setRole(171)) - 85506639-3fe0-42d5-8109-64e3968f1eaf:group-071C975CCF04 changes role from null to FOLLOWER at term 0 for startAsFollower
2019-09-03 12:39:42,619 [pool-469-thread-1] INFO  server.RaftServerConfigKeys (ConfUtils.java:logGet(43)) - raft.server.log.preallocated.size = 16384 (custom)
2019-09-03 12:39:42,619 [pool-439-thread-1] INFO  impl.RoleInfo (RoleInfo.java:updateAndGet(143)) - 85506639-3fe0-42d5-8109-64e3968f1eaf: start FollowerState
2019-09-03 12:39:42,619 [pool-449-thread-1] INFO  server.RaftServerConfigKeys (ConfUtils.java:logGet(43)) - raft.server.log.force.sync.num = 128 (default)
2019-09-03 12:39:42,620 [pool-449-thread-1] INFO  server.RaftServerConfigKeys (ConfUtils.java:logGet(43)) - raft.server.log.statemachine.data.sync = true (default)
2019-09-03 12:39:42,620 [pool-469-thread-1] INFO  server.RaftServerConfigKeys (ConfUtils.java:logGet(43)) - raft.server.log.write.buffer.size = 33554432 (custom)
2019-09-03 12:39:42,620 [pool-449-thread-1] INFO  server.RaftServerConfigKeys (ConfUtils.java:logGet(43)) - raft.server.log.statemachine.data.sync.timeout = 10s (default)
2019-09-03 12:39:42,620 [pool-439-thread-1] INFO  util.JmxRegister (JmxRegister.java:tryRegister(44)) - Successfully registered JMX Bean with object name Ratis:service=RaftServer,group=group-071C975CCF04,id=85506639-3fe0-42d5-8109-64e3968f1eaf
2019-09-03 12:39:42,620 [pool-449-thread-1] INFO  server.RaftServerConfigKeys (ConfUtils.java:logGet(43)) - raft.server.log.statemachine.data.sync.timeout.retry = -1 (default)
2019-09-03 12:39:42,620 [pool-469-thread-1] INFO  server.RaftServerConfigKeys (ConfUtils.java:logGet(43)) - raft.server.log.force.sync.num = 128 (default)
2019-09-03 12:39:42,621 [pool-449-thread-1] INFO  server.RaftServerConfigKeys (ConfUtils.java:logGet(43)) - raft.server.log.statemachine.data.caching.enabled = true (custom)
2019-09-03 12:39:42,621 [pool-469-thread-1] INFO  server.RaftServerConfigKeys (ConfUtils.java:logGet(43)) - raft.server.log.statemachine.data.sync = true (default)
2019-09-03 12:39:42,621 [pool-449-thread-1] INFO  segmented.SegmentedRaftLogWorker (SegmentedRaftLogWorker.java:lambda$new$0(132)) - 3ef92ecc-28c5-4fad-842b-96b52fc10be7-SegmentedRaftLogWorker:Storage Directory /workdir/hadoop-ozone/integration-test/target/test-dir/MiniOzoneClusterImpl-5a0a076c-dbad-4ac8-abab-e3faa05d1f8c/datanode-4/data/ratis/a9b32830-0bd8-48a5-9fb1-071c975ccf04: flushIndex: setUnconditionally 0 -> -1
2019-09-03 12:39:42,621 [pool-469-thread-1] INFO  server.RaftServerConfigKeys (ConfUtils.java:logGet(43)) - raft.server.log.statemachine.data.sync.timeout = 10s (default)
2019-09-03 12:39:42,622 [pool-449-thread-1] INFO  server.RaftServerConfigKeys (ConfUtils.java:logGet(43)) - raft.server.snapshot.auto.trigger.enabled = true (custom)
2019-09-03 12:39:42,622 [pool-469-thread-1] INFO  server.RaftServerConfigKeys (ConfUtils.java:logGet(43)) - raft.server.log.statemachine.data.sync.timeout.retry = -1 (default)
2019-09-03 12:39:42,622 [pool-449-thread-1] INFO  server.RaftServerConfigKeys (ConfUtils.java:logGet(43)) - raft.server.snapshot.auto.trigger.threshold = 10000 (custom)
2019-09-03 12:39:42,622 [pool-469-thread-1] INFO  server.RaftServerConfigKeys (ConfUtils.java:logGet(43)) - raft.server.log.statemachine.data.caching.enabled = true (custom)
2019-09-03 12:39:42,622 [pool-449-thread-1] INFO  server.RaftServerConfigKeys (ConfUtils.java:logGet(43)) - raft.server.retrycache.expirytime = 600000ms (custom)
2019-09-03 12:39:42,622 [pool-469-thread-1] INFO  segmented.SegmentedRaftLogWorker (SegmentedRaftLogWorker.java:lambda$new$0(132)) - 7fb19221-14f6-4c84-b51f-75149814f9ab-SegmentedRaftLogWorker:Storage Directory /workdir/hadoop-ozone/integration-test/target/test-dir/MiniOzoneClusterImpl-5a0a076c-dbad-4ac8-abab-e3faa05d1f8c/datanode-6/data/ratis/a9b32830-0bd8-48a5-9fb1-071c975ccf04: flushIndex: setUnconditionally 0 -> -1
2019-09-03 12:39:42,622 [pool-449-thread-1] INFO  impl.RaftServerImpl (RaftServerImpl.java:start(180)) - 3ef92ecc-28c5-4fad-842b-96b52fc10be7: start group-071C975CCF04
2019-09-03 12:39:42,623 [pool-449-thread-1] INFO  impl.RaftServerImpl (RaftServerImpl.java:setRole(171)) - 3ef92ecc-28c5-4fad-842b-96b52fc10be7:group-071C975CCF04 changes role from null to FOLLOWER at term 0 for startAsFollower
2019-09-03 12:39:42,623 [pool-469-thread-1] INFO  server.RaftServerConfigKeys (ConfUtils.java:logGet(43)) - raft.server.snapshot.auto.trigger.enabled = true (custom)
2019-09-03 12:39:42,623 [pool-449-thread-1] INFO  impl.RoleInfo (RoleInfo.java:updateAndGet(143)) - 3ef92ecc-28c5-4fad-842b-96b52fc10be7: start FollowerState
2019-09-03 12:39:42,623 [pool-469-thread-1] INFO  server.RaftServerConfigKeys (ConfUtils.java:logGet(43)) - raft.server.snapshot.auto.trigger.threshold = 10000 (custom)
2019-09-03 12:39:42,623 [pool-469-thread-1] INFO  server.RaftServerConfigKeys (ConfUtils.java:logGet(43)) - raft.server.retrycache.expirytime = 600000ms (custom)
2019-09-03 12:39:42,623 [pool-449-thread-1] INFO  util.JmxRegister (JmxRegister.java:tryRegister(44)) - Successfully registered JMX Bean with object name Ratis:service=RaftServer,group=group-071C975CCF04,id=3ef92ecc-28c5-4fad-842b-96b52fc10be7
2019-09-03 12:39:42,624 [pool-469-thread-1] INFO  impl.RaftServerImpl (RaftServerImpl.java:start(180)) - 7fb19221-14f6-4c84-b51f-75149814f9ab: start group-071C975CCF04
2019-09-03 12:39:42,624 [pool-469-thread-1] INFO  impl.RaftServerImpl (RaftServerImpl.java:setRole(171)) - 7fb19221-14f6-4c84-b51f-75149814f9ab:group-071C975CCF04 changes role from null to FOLLOWER at term 0 for startAsFollower
2019-09-03 12:39:42,624 [pool-469-thread-1] INFO  impl.RoleInfo (RoleInfo.java:updateAndGet(143)) - 7fb19221-14f6-4c84-b51f-75149814f9ab: start FollowerState
2019-09-03 12:39:42,624 [pool-469-thread-1] INFO  util.JmxRegister (JmxRegister.java:tryRegister(44)) - Successfully registered JMX Bean with object name Ratis:service=RaftServer,group=group-071C975CCF04,id=7fb19221-14f6-4c84-b51f-75149814f9ab
2019-09-03 12:39:42,626 [RatisPipelineUtilsThread] INFO  pipeline.PipelineStateManager (PipelineStateManager.java:addPipeline(56)) - Created pipeline Pipeline[ Id: a9b32830-0bd8-48a5-9fb1-071c975ccf04, Nodes: 3ef92ecc-28c5-4fad-842b-96b52fc10be7{ip: 192.168.36.96, host: pr-hdds-1898-vtp6b-2341163797, networkLocation: /default-rack, certSerialId: null}85506639-3fe0-42d5-8109-64e3968f1eaf{ip: 192.168.36.96, host: pr-hdds-1898-vtp6b-2341163797, networkLocation: /default-rack, certSerialId: null}7fb19221-14f6-4c84-b51f-75149814f9ab{ip: 192.168.36.96, host: pr-hdds-1898-vtp6b-2341163797, networkLocation: /default-rack, certSerialId: null}, Type:RATIS, Factor:THREE, State:OPEN]
2019-09-03 12:39:42,643 [grpc-default-executor-4] INFO  impl.RaftServerProxy (RaftServerProxy.java:addNew(89)) - 63ca0b64-7077-4223-897f-e4014b1f8a21: addNew group-A464253FE348:[63ca0b64-7077-4223-897f-e4014b1f8a21:192.168.36.96:36314, c2e6ed46-8fd1-4958-8387-820c85525dba:192.168.36.96:38815, 08cd99cc-9257-4a37-875f-07701f928046:192.168.36.96:37401] returns group-A464253FE348:java.util.concurrent.CompletableFuture@633e70a5[Not completed]
2019-09-03 12:39:42,643 [grpc-default-executor-0] INFO  impl.RaftServerProxy (RaftServerProxy.java:addNew(89)) - c2e6ed46-8fd1-4958-8387-820c85525dba: addNew group-A464253FE348:[63ca0b64-7077-4223-897f-e4014b1f8a21:192.168.36.96:36314, c2e6ed46-8fd1-4958-8387-820c85525dba:192.168.36.96:38815, 08cd99cc-9257-4a37-875f-07701f928046:192.168.36.96:37401] returns group-A464253FE348:java.util.concurrent.CompletableFuture@630bde1b[Not completed]
2019-09-03 12:39:42,644 [grpc-default-executor-0] INFO  impl.RaftServerProxy (RaftServerProxy.java:addNew(89)) - 08cd99cc-9257-4a37-875f-07701f928046: addNew group-A464253FE348:[63ca0b64-7077-4223-897f-e4014b1f8a21:192.168.36.96:36314, c2e6ed46-8fd1-4958-8387-820c85525dba:192.168.36.96:38815, 08cd99cc-9257-4a37-875f-07701f928046:192.168.36.96:37401] returns group-A464253FE348:java.util.concurrent.CompletableFuture@50a10e1b[Not completed]
2019-09-03 12:39:42,645 [pool-459-thread-1] INFO  impl.RaftServerImpl (RaftServerImpl.java:<init>(93)) - c2e6ed46-8fd1-4958-8387-820c85525dba: new RaftServerImpl for group-A464253FE348:[63ca0b64-7077-4223-897f-e4014b1f8a21:192.168.36.96:36314, c2e6ed46-8fd1-4958-8387-820c85525dba:192.168.36.96:38815, 08cd99cc-9257-4a37-875f-07701f928046:192.168.36.96:37401] with ContainerStateMachine:uninitialized
2019-09-03 12:39:42,645 [pool-459-thread-1] INFO  server.RaftServerConfigKeys (ConfUtils.java:logGet(43)) - raft.server.rpc.timeout.min = 5s (custom)
2019-09-03 12:39:42,645 [pool-459-thread-1] INFO  server.RaftServerConfigKeys (ConfUtils.java:logGet(43)) - raft.server.rpc.timeout.max = 5200ms (custom)
2019-09-03 12:39:42,645 [pool-459-thread-1] INFO  server.RaftServerConfigKeys (ConfUtils.java:logGet(43)) - raft.server.rpcslowness.timeout = 120s (custom)
2019-09-03 12:39:42,645 [pool-429-thread-1] INFO  impl.RaftServerImpl (RaftServerImpl.java:<init>(93)) - 63ca0b64-7077-4223-897f-e4014b1f8a21: new RaftServerImpl for group-A464253FE348:[63ca0b64-7077-4223-897f-e4014b1f8a21:192.168.36.96:36314, c2e6ed46-8fd1-4958-8387-820c85525dba:192.168.36.96:38815, 08cd99cc-9257-4a37-875f-07701f928046:192.168.36.96:37401] with ContainerStateMachine:uninitialized
2019-09-03 12:39:42,645 [pool-459-thread-1] INFO  server.RaftServerConfigKeys (ConfUtils.java:logGet(43)) - raft.server.sleep.deviation.threshold = 300 (default)
2019-09-03 12:39:42,645 [pool-429-thread-1] INFO  server.RaftServerConfigKeys (ConfUtils.java:logGet(43)) - raft.server.rpc.timeout.min = 5s (custom)
2019-09-03 12:39:42,646 [pool-419-thread-1] INFO  impl.RaftServerImpl (RaftServerImpl.java:<init>(93)) - 08cd99cc-9257-4a37-875f-07701f928046: new RaftServerImpl for group-A464253FE348:[63ca0b64-7077-4223-897f-e4014b1f8a21:192.168.36.96:36314, c2e6ed46-8fd1-4958-8387-820c85525dba:192.168.36.96:38815, 08cd99cc-9257-4a37-875f-07701f928046:192.168.36.96:37401] with ContainerStateMachine:uninitialized
2019-09-03 12:39:42,646 [pool-459-thread-1] INFO  server.RaftServerConfigKeys (ConfUtils.java:logGet(43)) - raft.server.log.appender.install.snapshot.enabled = false (custom)
2019-09-03 12:39:42,646 [pool-419-thread-1] INFO  server.RaftServerConfigKeys (ConfUtils.java:logGet(43)) - raft.server.rpc.timeout.min = 5s (custom)
2019-09-03 12:39:42,646 [pool-429-thread-1] INFO  server.RaftServerConfigKeys (ConfUtils.java:logGet(43)) - raft.server.rpc.timeout.max = 5200ms (custom)
2019-09-03 12:39:42,646 [pool-419-thread-1] INFO  server.RaftServerConfigKeys (ConfUtils.java:logGet(43)) - raft.server.rpc.timeout.max = 5200ms (custom)
2019-09-03 12:39:42,646 [pool-459-thread-1] INFO  impl.RaftServerImpl (ServerState.java:<init>(105)) - c2e6ed46-8fd1-4958-8387-820c85525dba:group-A464253FE348 ConfigurationManager, init=-1: [63ca0b64-7077-4223-897f-e4014b1f8a21:192.168.36.96:36314, c2e6ed46-8fd1-4958-8387-820c85525dba:192.168.36.96:38815, 08cd99cc-9257-4a37-875f-07701f928046:192.168.36.96:37401], old=null, confs=<EMPTY_MAP>
2019-09-03 12:39:42,646 [pool-419-thread-1] INFO  server.RaftServerConfigKeys (ConfUtils.java:logGet(43)) - raft.server.rpcslowness.timeout = 120s (custom)
2019-09-03 12:39:42,646 [pool-429-thread-1] INFO  server.RaftServerConfigKeys (ConfUtils.java:logGet(43)) - raft.server.rpcslowness.timeout = 120s (custom)
2019-09-03 12:39:42,646 [pool-419-thread-1] INFO  server.RaftServerConfigKeys (ConfUtils.java:logGet(43)) - raft.server.sleep.deviation.threshold = 300 (default)
2019-09-03 12:39:42,646 [pool-459-thread-1] INFO  server.RaftServerConfigKeys (ConfUtils.java:logGet(43)) - raft.server.storage.dir = [/workdir/hadoop-ozone/integration-test/target/test-dir/MiniOzoneClusterImpl-5a0a076c-dbad-4ac8-abab-e3faa05d1f8c/datanode-5/data/ratis] (custom)
2019-09-03 12:39:42,647 [pool-419-thread-1] INFO  server.RaftServerConfigKeys (ConfUtils.java:logGet(43)) - raft.server.log.appender.install.snapshot.enabled = false (custom)
2019-09-03 12:39:42,647 [pool-429-thread-1] INFO  server.RaftServerConfigKeys (ConfUtils.java:logGet(43)) - raft.server.sleep.deviation.threshold = 300 (default)
2019-09-03 12:39:42,647 [pool-459-thread-1] INFO  storage.RaftStorageDirectory (RaftStorageDirectory.java:analyzeStorage(246)) - The storage directory /workdir/hadoop-ozone/integration-test/target/test-dir/MiniOzoneClusterImpl-5a0a076c-dbad-4ac8-abab-e3faa05d1f8c/datanode-5/data/ratis/56b91cb3-b4f7-4e32-9ee4-a464253fe348 does not exist. Creating ...
2019-09-03 12:39:42,647 [pool-419-thread-1] INFO  impl.RaftServerImpl (ServerState.java:<init>(105)) - 08cd99cc-9257-4a37-875f-07701f928046:group-A464253FE348 ConfigurationManager, init=-1: [63ca0b64-7077-4223-897f-e4014b1f8a21:192.168.36.96:36314, c2e6ed46-8fd1-4958-8387-820c85525dba:192.168.36.96:38815, 08cd99cc-9257-4a37-875f-07701f928046:192.168.36.96:37401], old=null, confs=<EMPTY_MAP>
2019-09-03 12:39:42,647 [pool-429-thread-1] INFO  server.RaftServerConfigKeys (ConfUtils.java:logGet(43)) - raft.server.log.appender.install.snapshot.enabled = false (custom)
2019-09-03 12:39:42,647 [pool-419-thread-1] INFO  server.RaftServerConfigKeys (ConfUtils.java:logGet(43)) - raft.server.storage.dir = [/workdir/hadoop-ozone/integration-test/target/test-dir/MiniOzoneClusterImpl-5a0a076c-dbad-4ac8-abab-e3faa05d1f8c/datanode-1/data/ratis] (custom)
2019-09-03 12:39:42,648 [pool-429-thread-1] INFO  impl.RaftServerImpl (ServerState.java:<init>(105)) - 63ca0b64-7077-4223-897f-e4014b1f8a21:group-A464253FE348 ConfigurationManager, init=-1: [63ca0b64-7077-4223-897f-e4014b1f8a21:192.168.36.96:36314, c2e6ed46-8fd1-4958-8387-820c85525dba:192.168.36.96:38815, 08cd99cc-9257-4a37-875f-07701f928046:192.168.36.96:37401], old=null, confs=<EMPTY_MAP>
2019-09-03 12:39:42,648 [pool-429-thread-1] INFO  server.RaftServerConfigKeys (ConfUtils.java:logGet(43)) - raft.server.storage.dir = [/workdir/hadoop-ozone/integration-test/target/test-dir/MiniOzoneClusterImpl-5a0a076c-dbad-4ac8-abab-e3faa05d1f8c/datanode-2/data/ratis] (custom)
2019-09-03 12:39:42,648 [pool-419-thread-1] INFO  storage.RaftStorageDirectory (RaftStorageDirectory.java:analyzeStorage(246)) - The storage directory /workdir/hadoop-ozone/integration-test/target/test-dir/MiniOzoneClusterImpl-5a0a076c-dbad-4ac8-abab-e3faa05d1f8c/datanode-1/data/ratis/56b91cb3-b4f7-4e32-9ee4-a464253fe348 does not exist. Creating ...
2019-09-03 12:39:42,648 [pool-429-thread-1] INFO  storage.RaftStorageDirectory (RaftStorageDirectory.java:analyzeStorage(246)) - The storage directory /workdir/hadoop-ozone/integration-test/target/test-dir/MiniOzoneClusterImpl-5a0a076c-dbad-4ac8-abab-e3faa05d1f8c/datanode-2/data/ratis/56b91cb3-b4f7-4e32-9ee4-a464253fe348 does not exist. Creating ...
2019-09-03 12:39:42,661 [pool-419-thread-1] INFO  storage.RaftStorageDirectory (RaftStorageDirectory.java:tryLock(328)) - Lock on /workdir/hadoop-ozone/integration-test/target/test-dir/MiniOzoneClusterImpl-5a0a076c-dbad-4ac8-abab-e3faa05d1f8c/datanode-1/data/ratis/56b91cb3-b4f7-4e32-9ee4-a464253fe348/in_use.lock acquired by nodename 21196@pr-hdds-1898-vtp6b-2341163797
2019-09-03 12:39:42,661 [pool-429-thread-1] INFO  storage.RaftStorageDirectory (RaftStorageDirectory.java:tryLock(328)) - Lock on /workdir/hadoop-ozone/integration-test/target/test-dir/MiniOzoneClusterImpl-5a0a076c-dbad-4ac8-abab-e3faa05d1f8c/datanode-2/data/ratis/56b91cb3-b4f7-4e32-9ee4-a464253fe348/in_use.lock acquired by nodename 21196@pr-hdds-1898-vtp6b-2341163797
2019-09-03 12:39:42,661 [pool-459-thread-1] INFO  storage.RaftStorageDirectory (RaftStorageDirectory.java:tryLock(328)) - Lock on /workdir/hadoop-ozone/integration-test/target/test-dir/MiniOzoneClusterImpl-5a0a076c-dbad-4ac8-abab-e3faa05d1f8c/datanode-5/data/ratis/56b91cb3-b4f7-4e32-9ee4-a464253fe348/in_use.lock acquired by nodename 21196@pr-hdds-1898-vtp6b-2341163797
2019-09-03 12:39:42,675 [pool-419-thread-1] INFO  storage.RaftStorage (RaftStorage.java:format(72)) - Storage directory /workdir/hadoop-ozone/integration-test/target/test-dir/MiniOzoneClusterImpl-5a0a076c-dbad-4ac8-abab-e3faa05d1f8c/datanode-1/data/ratis/56b91cb3-b4f7-4e32-9ee4-a464253fe348 has been successfully formatted.
2019-09-03 12:39:42,675 [pool-429-thread-1] INFO  storage.RaftStorage (RaftStorage.java:format(72)) - Storage directory /workdir/hadoop-ozone/integration-test/target/test-dir/MiniOzoneClusterImpl-5a0a076c-dbad-4ac8-abab-e3faa05d1f8c/datanode-2/data/ratis/56b91cb3-b4f7-4e32-9ee4-a464253fe348 has been successfully formatted.
2019-09-03 12:39:42,675 [pool-459-thread-1] INFO  storage.RaftStorage (RaftStorage.java:format(72)) - Storage directory /workdir/hadoop-ozone/integration-test/target/test-dir/MiniOzoneClusterImpl-5a0a076c-dbad-4ac8-abab-e3faa05d1f8c/datanode-5/data/ratis/56b91cb3-b4f7-4e32-9ee4-a464253fe348 has been successfully formatted.
2019-09-03 12:39:42,676 [pool-419-thread-1] INFO  ratis.ContainerStateMachine (ContainerStateMachine.java:loadSnapshot(227)) - group-A464253FE348: The snapshot info is null. Setting the last applied indexto:(t:0, i:~)
2019-09-03 12:39:42,676 [pool-459-thread-1] INFO  ratis.ContainerStateMachine (ContainerStateMachine.java:loadSnapshot(227)) - group-A464253FE348: The snapshot info is null. Setting the last applied indexto:(t:0, i:~)
2019-09-03 12:39:42,676 [pool-429-thread-1] INFO  ratis.ContainerStateMachine (ContainerStateMachine.java:loadSnapshot(227)) - group-A464253FE348: The snapshot info is null. Setting the last applied indexto:(t:0, i:~)
2019-09-03 12:39:42,676 [pool-459-thread-1] INFO  server.RaftServerConfigKeys (ConfUtils.java:logGet(43)) - raft.server.leader.election.timeout = 120s (custom)
2019-09-03 12:39:42,676 [pool-419-thread-1] INFO  server.RaftServerConfigKeys (ConfUtils.java:logGet(43)) - raft.server.leader.election.timeout = 120s (custom)
2019-09-03 12:39:42,676 [pool-459-thread-1] INFO  server.RaftServerConfigKeys (ConfUtils.java:logGet(43)) - raft.server.log.use.memory = false (default)
2019-09-03 12:39:42,676 [pool-429-thread-1] INFO  server.RaftServerConfigKeys (ConfUtils.java:logGet(43)) - raft.server.leader.election.timeout = 120s (custom)
2019-09-03 12:39:42,677 [pool-459-thread-1] INFO  server.RaftServerConfigKeys (ConfUtils.java:logGet(43)) - raft.server.log.purge.gap = 1000000 (custom)
2019-09-03 12:39:42,676 [pool-419-thread-1] INFO  server.RaftServerConfigKeys (ConfUtils.java:logGet(43)) - raft.server.log.use.memory = false (default)
2019-09-03 12:39:42,677 [pool-459-thread-1] INFO  server.RaftServerConfigKeys (ConfUtils.java:logGet(43)) - raft.server.log.appender.buffer.byte-limit = 33554432 (custom)
2019-09-03 12:39:42,677 [pool-429-thread-1] INFO  server.RaftServerConfigKeys (ConfUtils.java:logGet(43)) - raft.server.log.use.memory = false (default)
2019-09-03 12:39:42,677 [pool-459-thread-1] INFO  server.RaftServerConfigKeys (ConfUtils.java:logGet(43)) - raft.server.log.segment.size.max = 1048576 (custom)
2019-09-03 12:39:42,677 [pool-419-thread-1] INFO  server.RaftServerConfigKeys (ConfUtils.java:logGet(43)) - raft.server.log.purge.gap = 1000000 (custom)
2019-09-03 12:39:42,677 [pool-459-thread-1] INFO  server.RaftServerConfigKeys (ConfUtils.java:logGet(43)) - raft.server.log.segment.cache.num.max = 2 (custom)
2019-09-03 12:39:42,677 [pool-429-thread-1] INFO  server.RaftServerConfigKeys (ConfUtils.java:logGet(43)) - raft.server.log.purge.gap = 1000000 (custom)
2019-09-03 12:39:42,677 [pool-459-thread-1] INFO  segmented.SegmentedRaftLogWorker (SegmentedRaftLogWorker.java:<init>(172)) - new c2e6ed46-8fd1-4958-8387-820c85525dba-SegmentedRaftLogWorker:Storage Directory /workdir/hadoop-ozone/integration-test/target/test-dir/MiniOzoneClusterImpl-5a0a076c-dbad-4ac8-abab-e3faa05d1f8c/datanode-5/data/ratis/56b91cb3-b4f7-4e32-9ee4-a464253fe348 for RaftStorage:Storage Directory /workdir/hadoop-ozone/integration-test/target/test-dir/MiniOzoneClusterImpl-5a0a076c-dbad-4ac8-abab-e3faa05d1f8c/datanode-5/data/ratis/56b91cb3-b4f7-4e32-9ee4-a464253fe348
2019-09-03 12:39:42,677 [pool-419-thread-1] INFO  server.RaftServerConfigKeys (ConfUtils.java:logGet(43)) - raft.server.log.appender.buffer.byte-limit = 33554432 (custom)
2019-09-03 12:39:42,678 [pool-459-thread-1] INFO  server.RaftServerConfigKeys (ConfUtils.java:logGet(43)) - raft.server.log.queue.byte-limit = 2147483647 (custom)
2019-09-03 12:39:42,678 [pool-459-thread-1] INFO  server.RaftServerConfigKeys (ConfUtils.java:logGet(43)) - raft.server.log.queue.element-limit = 1024 (custom)
2019-09-03 12:39:42,678 [pool-429-thread-1] INFO  server.RaftServerConfigKeys (ConfUtils.java:logGet(43)) - raft.server.log.appender.buffer.byte-limit = 33554432 (custom)
2019-09-03 12:39:42,678 [pool-459-thread-1] INFO  server.RaftServerConfigKeys (ConfUtils.java:logGet(43)) - raft.server.log.segment.size.max = 1048576 (custom)
2019-09-03 12:39:42,678 [pool-419-thread-1] INFO  server.RaftServerConfigKeys (ConfUtils.java:logGet(43)) - raft.server.log.segment.size.max = 1048576 (custom)
2019-09-03 12:39:42,678 [pool-459-thread-1] INFO  server.RaftServerConfigKeys (ConfUtils.java:logGet(43)) - raft.server.log.preallocated.size = 16384 (custom)
2019-09-03 12:39:42,678 [pool-429-thread-1] INFO  server.RaftServerConfigKeys (ConfUtils.java:logGet(43)) - raft.server.log.segment.size.max = 1048576 (custom)
2019-09-03 12:39:42,678 [pool-459-thread-1] INFO  server.RaftServerConfigKeys (ConfUtils.java:logGet(43)) - raft.server.log.write.buffer.size = 33554432 (custom)
2019-09-03 12:39:42,678 [pool-419-thread-1] INFO  server.RaftServerConfigKeys (ConfUtils.java:logGet(43)) - raft.server.log.segment.cache.num.max = 2 (custom)
2019-09-03 12:39:42,679 [pool-459-thread-1] INFO  server.RaftServerConfigKeys (ConfUtils.java:logGet(43)) - raft.server.log.force.sync.num = 128 (default)
2019-09-03 12:39:42,679 [pool-429-thread-1] INFO  server.RaftServerConfigKeys (ConfUtils.java:logGet(43)) - raft.server.log.segment.cache.num.max = 2 (custom)
2019-09-03 12:39:42,679 [pool-459-thread-1] INFO  server.RaftServerConfigKeys (ConfUtils.java:logGet(43)) - raft.server.log.statemachine.data.sync = true (default)
2019-09-03 12:39:42,679 [pool-419-thread-1] INFO  segmented.SegmentedRaftLogWorker (SegmentedRaftLogWorker.java:<init>(172)) - new 08cd99cc-9257-4a37-875f-07701f928046-SegmentedRaftLogWorker:Storage Directory /workdir/hadoop-ozone/integration-test/target/test-dir/MiniOzoneClusterImpl-5a0a076c-dbad-4ac8-abab-e3faa05d1f8c/datanode-1/data/ratis/56b91cb3-b4f7-4e32-9ee4-a464253fe348 for RaftStorage:Storage Directory /workdir/hadoop-ozone/integration-test/target/test-dir/MiniOzoneClusterImpl-5a0a076c-dbad-4ac8-abab-e3faa05d1f8c/datanode-1/data/ratis/56b91cb3-b4f7-4e32-9ee4-a464253fe348
2019-09-03 12:39:42,679 [pool-459-thread-1] INFO  server.RaftServerConfigKeys (ConfUtils.java:logGet(43)) - raft.server.log.statemachine.data.sync.timeout = 10s (default)
2019-09-03 12:39:42,679 [pool-429-thread-1] INFO  segmented.SegmentedRaftLogWorker (SegmentedRaftLogWorker.java:<init>(172)) - new 63ca0b64-7077-4223-897f-e4014b1f8a21-SegmentedRaftLogWorker:Storage Directory /workdir/hadoop-ozone/integration-test/target/test-dir/MiniOzoneClusterImpl-5a0a076c-dbad-4ac8-abab-e3faa05d1f8c/datanode-2/data/ratis/56b91cb3-b4f7-4e32-9ee4-a464253fe348 for RaftStorage:Storage Directory /workdir/hadoop-ozone/integration-test/target/test-dir/MiniOzoneClusterImpl-5a0a076c-dbad-4ac8-abab-e3faa05d1f8c/datanode-2/data/ratis/56b91cb3-b4f7-4e32-9ee4-a464253fe348
2019-09-03 12:39:42,679 [pool-459-thread-1] INFO  server.RaftServerConfigKeys (ConfUtils.java:logGet(43)) - raft.server.log.statemachine.data.sync.timeout.retry = -1 (default)
2019-09-03 12:39:42,679 [pool-419-thread-1] INFO  server.RaftServerConfigKeys (ConfUtils.java:logGet(43)) - raft.server.log.queue.byte-limit = 2147483647 (custom)
2019-09-03 12:39:42,680 [pool-459-thread-1] INFO  server.RaftServerConfigKeys (ConfUtils.java:logGet(43)) - raft.server.log.statemachine.data.caching.enabled = true (custom)
2019-09-03 12:39:42,679 [pool-429-thread-1] INFO  server.RaftServerConfigKeys (ConfUtils.java:logGet(43)) - raft.server.log.queue.byte-limit = 2147483647 (custom)
2019-09-03 12:39:42,680 [pool-459-thread-1] INFO  segmented.SegmentedRaftLogWorker (SegmentedRaftLogWorker.java:lambda$new$0(132)) - c2e6ed46-8fd1-4958-8387-820c85525dba-SegmentedRaftLogWorker:Storage Directory /workdir/hadoop-ozone/integration-test/target/test-dir/MiniOzoneClusterImpl-5a0a076c-dbad-4ac8-abab-e3faa05d1f8c/datanode-5/data/ratis/56b91cb3-b4f7-4e32-9ee4-a464253fe348: flushIndex: setUnconditionally 0 -> -1
2019-09-03 12:39:42,680 [pool-419-thread-1] INFO  server.RaftServerConfigKeys (ConfUtils.java:logGet(43)) - raft.server.log.queue.element-limit = 1024 (custom)
2019-09-03 12:39:42,680 [pool-429-thread-1] INFO  server.RaftServerConfigKeys (ConfUtils.java:logGet(43)) - raft.server.log.queue.element-limit = 1024 (custom)
2019-09-03 12:39:42,680 [pool-419-thread-1] INFO  server.RaftServerConfigKeys (ConfUtils.java:logGet(43)) - raft.server.log.segment.size.max = 1048576 (custom)
2019-09-03 12:39:42,680 [pool-459-thread-1] INFO  server.RaftServerConfigKeys (ConfUtils.java:logGet(43)) - raft.server.snapshot.auto.trigger.enabled = true (custom)
2019-09-03 12:39:42,680 [pool-419-thread-1] INFO  server.RaftServerConfigKeys (ConfUtils.java:logGet(43)) - raft.server.log.preallocated.size = 16384 (custom)
2019-09-03 12:39:42,680 [pool-429-thread-1] INFO  server.RaftServerConfigKeys (ConfUtils.java:logGet(43)) - raft.server.log.segment.size.max = 1048576 (custom)
2019-09-03 12:39:42,681 [pool-419-thread-1] INFO  server.RaftServerConfigKeys (ConfUtils.java:logGet(43)) - raft.server.log.write.buffer.size = 33554432 (custom)
2019-09-03 12:39:42,681 [pool-459-thread-1] INFO  server.RaftServerConfigKeys (ConfUtils.java:logGet(43)) - raft.server.snapshot.auto.trigger.threshold = 10000 (custom)
2019-09-03 12:39:42,681 [pool-419-thread-1] INFO  server.RaftServerConfigKeys (ConfUtils.java:logGet(43)) - raft.server.log.force.sync.num = 128 (default)
2019-09-03 12:39:42,681 [pool-429-thread-1] INFO  server.RaftServerConfigKeys (ConfUtils.java:logGet(43)) - raft.server.log.preallocated.size = 16384 (custom)
2019-09-03 12:39:42,681 [pool-419-thread-1] INFO  server.RaftServerConfigKeys (ConfUtils.java:logGet(43)) - raft.server.log.statemachine.data.sync = true (default)
2019-09-03 12:39:42,681 [pool-459-thread-1] INFO  server.RaftServerConfigKeys (ConfUtils.java:logGet(43)) - raft.server.retrycache.expirytime = 600000ms (custom)
2019-09-03 12:39:42,682 [pool-419-thread-1] INFO  server.RaftServerConfigKeys (ConfUtils.java:logGet(43)) - raft.server.log.statemachine.data.sync.timeout = 10s (default)
2019-09-03 12:39:42,681 [pool-429-thread-1] INFO  server.RaftServerConfigKeys (ConfUtils.java:logGet(43)) - raft.server.log.write.buffer.size = 33554432 (custom)
2019-09-03 12:39:42,682 [pool-419-thread-1] INFO  server.RaftServerConfigKeys (ConfUtils.java:logGet(43)) - raft.server.log.statemachine.data.sync.timeout.retry = -1 (default)
2019-09-03 12:39:42,682 [pool-459-thread-1] INFO  impl.RaftServerImpl (RaftServerImpl.java:start(180)) - c2e6ed46-8fd1-4958-8387-820c85525dba: start group-A464253FE348
2019-09-03 12:39:42,682 [pool-419-thread-1] INFO  server.RaftServerConfigKeys (ConfUtils.java:logGet(43)) - raft.server.log.statemachine.data.caching.enabled = true (custom)
2019-09-03 12:39:42,682 [pool-429-thread-1] INFO  server.RaftServerConfigKeys (ConfUtils.java:logGet(43)) - raft.server.log.force.sync.num = 128 (default)
2019-09-03 12:39:42,682 [pool-419-thread-1] INFO  segmented.SegmentedRaftLogWorker (SegmentedRaftLogWorker.java:lambda$new$0(132)) - 08cd99cc-9257-4a37-875f-07701f928046-SegmentedRaftLogWorker:Storage Directory /workdir/hadoop-ozone/integration-test/target/test-dir/MiniOzoneClusterImpl-5a0a076c-dbad-4ac8-abab-e3faa05d1f8c/datanode-1/data/ratis/56b91cb3-b4f7-4e32-9ee4-a464253fe348: flushIndex: setUnconditionally 0 -> -1
2019-09-03 12:39:42,682 [pool-459-thread-1] INFO  impl.RaftServerImpl (RaftServerImpl.java:setRole(171)) - c2e6ed46-8fd1-4958-8387-820c85525dba:group-A464253FE348 changes role from null to FOLLOWER at term 0 for startAsFollower
2019-09-03 12:39:42,682 [pool-429-thread-1] INFO  server.RaftServerConfigKeys (ConfUtils.java:logGet(43)) - raft.server.log.statemachine.data.sync = true (default)
2019-09-03 12:39:42,683 [pool-459-thread-1] INFO  impl.RoleInfo (RoleInfo.java:updateAndGet(143)) - c2e6ed46-8fd1-4958-8387-820c85525dba: start FollowerState
2019-09-03 12:39:42,683 [pool-419-thread-1] INFO  server.RaftServerConfigKeys (ConfUtils.java:logGet(43)) - raft.server.snapshot.auto.trigger.enabled = true (custom)
2019-09-03 12:39:42,683 [pool-429-thread-1] INFO  server.RaftServerConfigKeys (ConfUtils.java:logGet(43)) - raft.server.log.statemachine.data.sync.timeout = 10s (default)
2019-09-03 12:39:42,683 [pool-419-thread-1] INFO  server.RaftServerConfigKeys (ConfUtils.java:logGet(43)) - raft.server.snapshot.auto.trigger.threshold = 10000 (custom)
2019-09-03 12:39:42,683 [pool-459-thread-1] INFO  util.JmxRegister (JmxRegister.java:tryRegister(44)) - Successfully registered JMX Bean with object name Ratis:service=RaftServer,group=group-A464253FE348,id=c2e6ed46-8fd1-4958-8387-820c85525dba
2019-09-03 12:39:42,683 [pool-429-thread-1] INFO  server.RaftServerConfigKeys (ConfUtils.java:logGet(43)) - raft.server.log.statemachine.data.sync.timeout.retry = -1 (default)
2019-09-03 12:39:42,684 [pool-419-thread-1] INFO  server.RaftServerConfigKeys (ConfUtils.java:logGet(43)) - raft.server.retrycache.expirytime = 600000ms (custom)
2019-09-03 12:39:42,684 [pool-429-thread-1] INFO  server.RaftServerConfigKeys (ConfUtils.java:logGet(43)) - raft.server.log.statemachine.data.caching.enabled = true (custom)
2019-09-03 12:39:42,684 [pool-419-thread-1] INFO  impl.RaftServerImpl (RaftServerImpl.java:start(180)) - 08cd99cc-9257-4a37-875f-07701f928046: start group-A464253FE348
2019-09-03 12:39:42,684 [pool-419-thread-1] INFO  impl.RaftServerImpl (RaftServerImpl.java:setRole(171)) - 08cd99cc-9257-4a37-875f-07701f928046:group-A464253FE348 changes role from null to FOLLOWER at term 0 for startAsFollower
2019-09-03 12:39:42,684 [pool-429-thread-1] INFO  segmented.SegmentedRaftLogWorker (SegmentedRaftLogWorker.java:lambda$new$0(132)) - 63ca0b64-7077-4223-897f-e4014b1f8a21-SegmentedRaftLogWorker:Storage Directory /workdir/hadoop-ozone/integration-test/target/test-dir/MiniOzoneClusterImpl-5a0a076c-dbad-4ac8-abab-e3faa05d1f8c/datanode-2/data/ratis/56b91cb3-b4f7-4e32-9ee4-a464253fe348: flushIndex: setUnconditionally 0 -> -1
2019-09-03 12:39:42,684 [pool-419-thread-1] INFO  impl.RoleInfo (RoleInfo.java:updateAndGet(143)) - 08cd99cc-9257-4a37-875f-07701f928046: start FollowerState
2019-09-03 12:39:42,685 [pool-429-thread-1] INFO  server.RaftServerConfigKeys (ConfUtils.java:logGet(43)) - raft.server.snapshot.auto.trigger.enabled = true (custom)
2019-09-03 12:39:42,685 [pool-429-thread-1] INFO  server.RaftServerConfigKeys (ConfUtils.java:logGet(43)) - raft.server.snapshot.auto.trigger.threshold = 10000 (custom)
2019-09-03 12:39:42,685 [pool-419-thread-1] INFO  util.JmxRegister (JmxRegister.java:tryRegister(44)) - Successfully registered JMX Bean with object name Ratis:service=RaftServer,group=group-A464253FE348,id=08cd99cc-9257-4a37-875f-07701f928046
2019-09-03 12:39:42,685 [pool-429-thread-1] INFO  server.RaftServerConfigKeys (ConfUtils.java:logGet(43)) - raft.server.retrycache.expirytime = 600000ms (custom)
2019-09-03 12:39:42,685 [pool-429-thread-1] INFO  impl.RaftServerImpl (RaftServerImpl.java:start(180)) - 63ca0b64-7077-4223-897f-e4014b1f8a21: start group-A464253FE348
2019-09-03 12:39:42,685 [pool-429-thread-1] INFO  impl.RaftServerImpl (RaftServerImpl.java:setRole(171)) - 63ca0b64-7077-4223-897f-e4014b1f8a21:group-A464253FE348 changes role from null to FOLLOWER at term 0 for startAsFollower
2019-09-03 12:39:42,686 [pool-429-thread-1] INFO  impl.RoleInfo (RoleInfo.java:updateAndGet(143)) - 63ca0b64-7077-4223-897f-e4014b1f8a21: start FollowerState
2019-09-03 12:39:42,686 [pool-429-thread-1] INFO  util.JmxRegister (JmxRegister.java:tryRegister(44)) - Successfully registered JMX Bean with object name Ratis:service=RaftServer,group=group-A464253FE348,id=63ca0b64-7077-4223-897f-e4014b1f8a21
2019-09-03 12:39:42,688 [RatisPipelineUtilsThread] INFO  pipeline.PipelineStateManager (PipelineStateManager.java:addPipeline(56)) - Created pipeline Pipeline[ Id: 56b91cb3-b4f7-4e32-9ee4-a464253fe348, Nodes: 08cd99cc-9257-4a37-875f-07701f928046{ip: 192.168.36.96, host: pr-hdds-1898-vtp6b-2341163797, networkLocation: /default-rack, certSerialId: null}63ca0b64-7077-4223-897f-e4014b1f8a21{ip: 192.168.36.96, host: pr-hdds-1898-vtp6b-2341163797, networkLocation: /default-rack, certSerialId: null}c2e6ed46-8fd1-4958-8387-820c85525dba{ip: 192.168.36.96, host: pr-hdds-1898-vtp6b-2341163797, networkLocation: /default-rack, certSerialId: null}, Type:RATIS, Factor:THREE, State:OPEN]
2019-09-03 12:39:43,424 [main] INFO  ozone.MiniOzoneClusterImpl (MiniOzoneClusterImpl.java:lambda$waitForClusterToBeReady$0(140)) - Cluster is ready. Got 7 of 7 DN Heartbeats.
2019-09-03 12:39:43,453 [main] INFO  rpc.RpcClient (RpcClient.java:createVolume(293)) - Creating Volume: testblockoutputstream, with jenkins1000 as owner.
2019-09-03 12:39:43,465 [main] INFO  rpc.RpcClient (RpcClient.java:createBucket(432)) - Creating Bucket: testblockoutputstream/testblockoutputstream, with Versioning false and Storage Type set to DISK and Encryption set to false 
2019-09-03 12:39:43,500 [grpc-default-executor-0] INFO  client.GrpcClientProtocolClient (GrpcClientProtocolClient.java:onNext(255)) - client-AC3BC3E8CC79->3ef92ecc-28c5-4fad-842b-96b52fc10be7: receive RaftClientReply:client-AC3BC3E8CC79->3ef92ecc-28c5-4fad-842b-96b52fc10be7@group-071C975CCF04, cid=183, FAILED org.apache.ratis.protocol.NotLeaderException: Server 3ef92ecc-28c5-4fad-842b-96b52fc10be7 is not the leader (null). Request must be sent to leader., logIndex=0, commits[3ef92ecc-28c5-4fad-842b-96b52fc10be7:c-1]
2019-09-03 12:39:44,515 [grpc-default-executor-4] INFO  client.GrpcClientProtocolClient (GrpcClientProtocolClient.java:onNext(255)) - client-AC3BC3E8CC79->7fb19221-14f6-4c84-b51f-75149814f9ab: receive RaftClientReply:client-AC3BC3E8CC79->7fb19221-14f6-4c84-b51f-75149814f9ab@group-071C975CCF04, cid=183, FAILED org.apache.ratis.protocol.NotLeaderException: Server 7fb19221-14f6-4c84-b51f-75149814f9ab is not the leader (null). Request must be sent to leader., logIndex=0, commits[7fb19221-14f6-4c84-b51f-75149814f9ab:c-1]
2019-09-03 12:39:45,066 [Thread-3519] INFO  container.ReplicationManager (ReplicationManager.java:start(162)) - Starting Replication Monitor Thread.
2019-09-03 12:39:45,070 [ReplicationMonitor] INFO  container.ReplicationManager (ReplicationManager.java:run(225)) - Replication Monitor Thread took 0 milliseconds for processing 1 containers.
2019-09-03 12:39:45,526 [grpc-default-executor-4] INFO  client.GrpcClientProtocolClient (GrpcClientProtocolClient.java:onNext(255)) - client-AC3BC3E8CC79->3ef92ecc-28c5-4fad-842b-96b52fc10be7: receive RaftClientReply:client-AC3BC3E8CC79->3ef92ecc-28c5-4fad-842b-96b52fc10be7@group-071C975CCF04, cid=183, FAILED org.apache.ratis.protocol.NotLeaderException: Server 3ef92ecc-28c5-4fad-842b-96b52fc10be7 is not the leader (null). Request must be sent to leader., logIndex=0, commits[3ef92ecc-28c5-4fad-842b-96b52fc10be7:c-1]
2019-09-03 12:39:46,539 [grpc-default-executor-0] INFO  client.GrpcClientProtocolClient (GrpcClientProtocolClient.java:onNext(255)) - client-AC3BC3E8CC79->85506639-3fe0-42d5-8109-64e3968f1eaf: receive RaftClientReply:client-AC3BC3E8CC79->85506639-3fe0-42d5-8109-64e3968f1eaf@group-071C975CCF04, cid=183, FAILED org.apache.ratis.protocol.NotLeaderException: Server 85506639-3fe0-42d5-8109-64e3968f1eaf is not the leader (null). Request must be sent to leader., logIndex=0, commits[85506639-3fe0-42d5-8109-64e3968f1eaf:c-1]
2019-09-03 12:39:47,189 [Thread-3521] INFO  impl.FollowerState (FollowerState.java:run(106)) - 739637a6-1a7a-40a1-9664-4717da00b6f7:group-FFCCA6973883 changes to CANDIDATE, lastRpcTime:5005, electionTimeout:5005ms
2019-09-03 12:39:47,190 [Thread-3521] INFO  impl.RoleInfo (RoleInfo.java:shutdownFollowerState(121)) - 739637a6-1a7a-40a1-9664-4717da00b6f7: shutdown FollowerState
2019-09-03 12:39:47,190 [Thread-3521] INFO  impl.RaftServerImpl (RaftServerImpl.java:setRole(171)) - 739637a6-1a7a-40a1-9664-4717da00b6f7:group-FFCCA6973883 changes role from FOLLOWER to CANDIDATE at term 0 for changeToCandidate
2019-09-03 12:39:47,190 [Thread-3521] INFO  impl.RoleInfo (RoleInfo.java:updateAndGet(143)) - 739637a6-1a7a-40a1-9664-4717da00b6f7: start LeaderElection
2019-09-03 12:39:47,242 [739637a6-1a7a-40a1-9664-4717da00b6f7:group-FFCCA6973883:LeaderElection61] INFO  impl.LeaderElection (LeaderElection.java:askForVotes(181)) - 739637a6-1a7a-40a1-9664-4717da00b6f7:group-FFCCA6973883:LeaderElection61: begin an election at term 1 for -1: [739637a6-1a7a-40a1-9664-4717da00b6f7:192.168.36.96:39276], old=null
2019-09-03 12:39:47,243 [739637a6-1a7a-40a1-9664-4717da00b6f7:group-FFCCA6973883:LeaderElection61] INFO  impl.RoleInfo (RoleInfo.java:shutdownLeaderElection(134)) - 739637a6-1a7a-40a1-9664-4717da00b6f7: shutdown LeaderElection
2019-09-03 12:39:47,243 [739637a6-1a7a-40a1-9664-4717da00b6f7:group-FFCCA6973883:LeaderElection61] INFO  impl.RaftServerImpl (RaftServerImpl.java:setRole(171)) - 739637a6-1a7a-40a1-9664-4717da00b6f7:group-FFCCA6973883 changes role from CANDIDATE to LEADER at term 1 for changeToLeader
2019-09-03 12:39:47,243 [739637a6-1a7a-40a1-9664-4717da00b6f7:group-FFCCA6973883:LeaderElection61] INFO  impl.RaftServerImpl (ServerState.java:setLeader(263)) - 739637a6-1a7a-40a1-9664-4717da00b6f7:group-FFCCA6973883 change Leader from null to 739637a6-1a7a-40a1-9664-4717da00b6f7 at term 1 for becomeLeader, leader elected after 5063ms
2019-09-03 12:39:47,243 [739637a6-1a7a-40a1-9664-4717da00b6f7:group-FFCCA6973883:LeaderElection61] INFO  server.RaftServerConfigKeys (ConfUtils.java:logGet(43)) - raft.server.staging.catchup.gap = 1000 (default)
2019-09-03 12:39:47,243 [739637a6-1a7a-40a1-9664-4717da00b6f7:group-FFCCA6973883:LeaderElection61] INFO  server.RaftServerConfigKeys (ConfUtils.java:logGet(43)) - raft.server.rpc.sleep.time = 25ms (default)
2019-09-03 12:39:47,243 [739637a6-1a7a-40a1-9664-4717da00b6f7:group-FFCCA6973883:LeaderElection61] INFO  server.RaftServerConfigKeys (ConfUtils.java:logGet(43)) - raft.server.write.element-limit = 4096 (default)
2019-09-03 12:39:47,243 [739637a6-1a7a-40a1-9664-4717da00b6f7:group-FFCCA6973883:LeaderElection61] INFO  server.RaftServerConfigKeys (ConfUtils.java:logGet(43)) - raft.server.watch.timeout = 10s (default)
2019-09-03 12:39:47,244 [739637a6-1a7a-40a1-9664-4717da00b6f7:group-FFCCA6973883:LeaderElection61] INFO  server.RaftServerConfigKeys (ConfUtils.java:logGet(43)) - raft.server.watch.timeout.denomination = 1s (default)
2019-09-03 12:39:47,244 [739637a6-1a7a-40a1-9664-4717da00b6f7:group-FFCCA6973883:LeaderElection61] INFO  server.RaftServerConfigKeys (ConfUtils.java:logGet(43)) - raft.server.watch.element-limit = 65536 (default)
2019-09-03 12:39:47,244 [739637a6-1a7a-40a1-9664-4717da00b6f7:group-FFCCA6973883:LeaderElection61] INFO  impl.RoleInfo (RoleInfo.java:updateAndGet(143)) - 739637a6-1a7a-40a1-9664-4717da00b6f7: start LeaderState
2019-09-03 12:39:47,244 [739637a6-1a7a-40a1-9664-4717da00b6f7:group-FFCCA6973883:LeaderElection61] INFO  segmented.SegmentedRaftLogWorker (SegmentedRaftLogWorker.java:startLogSegment(380)) - 739637a6-1a7a-40a1-9664-4717da00b6f7-SegmentedRaftLogWorker:Storage Directory /workdir/hadoop-ozone/integration-test/target/test-dir/MiniOzoneClusterImpl-5a0a076c-dbad-4ac8-abab-e3faa05d1f8c/datanode-0/data/ratis/31010b94-23a6-44e0-b2b5-ffcca6973883: Starting segment from index:0
2019-09-03 12:39:47,245 [739637a6-1a7a-40a1-9664-4717da00b6f7:group-FFCCA6973883:LeaderElection61] INFO  impl.RaftServerImpl (ServerState.java:setRaftConf(361)) - 739637a6-1a7a-40a1-9664-4717da00b6f7:group-FFCCA6973883 set configuration 0: [739637a6-1a7a-40a1-9664-4717da00b6f7:192.168.36.96:39276], old=null at 0
2019-09-03 12:39:47,281 [739637a6-1a7a-40a1-9664-4717da00b6f7-SegmentedRaftLogWorker:Storage Directory /workdir/hadoop-ozone/integration-test/target/test-dir/MiniOzoneClusterImpl-5a0a076c-dbad-4ac8-abab-e3faa05d1f8c/datanode-0/data/ratis/31010b94-23a6-44e0-b2b5-ffcca6973883] INFO  segmented.SegmentedRaftLogWorker (SegmentedRaftLogWorker.java:execute(569)) - 739637a6-1a7a-40a1-9664-4717da00b6f7-SegmentedRaftLogWorker:Storage Directory /workdir/hadoop-ozone/integration-test/target/test-dir/MiniOzoneClusterImpl-5a0a076c-dbad-4ac8-abab-e3faa05d1f8c/datanode-0/data/ratis/31010b94-23a6-44e0-b2b5-ffcca6973883: created new log segment /workdir/hadoop-ozone/integration-test/target/test-dir/MiniOzoneClusterImpl-5a0a076c-dbad-4ac8-abab-e3faa05d1f8c/datanode-0/data/ratis/31010b94-23a6-44e0-b2b5-ffcca6973883/current/log_inprogress_0
2019-09-03 12:39:47,410 [Thread-3524] INFO  impl.FollowerState (FollowerState.java:run(106)) - 08cd99cc-9257-4a37-875f-07701f928046:group-C88DEC523B5D changes to CANDIDATE, lastRpcTime:5095, electionTimeout:5095ms
2019-09-03 12:39:47,410 [Thread-3524] INFO  impl.RoleInfo (RoleInfo.java:shutdownFollowerState(121)) - 08cd99cc-9257-4a37-875f-07701f928046: shutdown FollowerState
2019-09-03 12:39:47,410 [Thread-3524] INFO  impl.RaftServerImpl (RaftServerImpl.java:setRole(171)) - 08cd99cc-9257-4a37-875f-07701f928046:group-C88DEC523B5D changes role from FOLLOWER to CANDIDATE at term 0 for changeToCandidate
2019-09-03 12:39:47,411 [Thread-3524] INFO  impl.RoleInfo (RoleInfo.java:updateAndGet(143)) - 08cd99cc-9257-4a37-875f-07701f928046: start LeaderElection
2019-09-03 12:39:47,420 [08cd99cc-9257-4a37-875f-07701f928046:group-C88DEC523B5D:LeaderElection62] INFO  impl.LeaderElection (LeaderElection.java:askForVotes(181)) - 08cd99cc-9257-4a37-875f-07701f928046:group-C88DEC523B5D:LeaderElection62: begin an election at term 1 for -1: [08cd99cc-9257-4a37-875f-07701f928046:192.168.36.96:37401], old=null
2019-09-03 12:39:47,420 [08cd99cc-9257-4a37-875f-07701f928046:group-C88DEC523B5D:LeaderElection62] INFO  impl.RoleInfo (RoleInfo.java:shutdownLeaderElection(134)) - 08cd99cc-9257-4a37-875f-07701f928046: shutdown LeaderElection
2019-09-03 12:39:47,420 [08cd99cc-9257-4a37-875f-07701f928046:group-C88DEC523B5D:LeaderElection62] INFO  impl.RaftServerImpl (RaftServerImpl.java:setRole(171)) - 08cd99cc-9257-4a37-875f-07701f928046:group-C88DEC523B5D changes role from CANDIDATE to LEADER at term 1 for changeToLeader
2019-09-03 12:39:47,420 [08cd99cc-9257-4a37-875f-07701f928046:group-C88DEC523B5D:LeaderElection62] INFO  impl.RaftServerImpl (ServerState.java:setLeader(263)) - 08cd99cc-9257-4a37-875f-07701f928046:group-C88DEC523B5D change Leader from null to 08cd99cc-9257-4a37-875f-07701f928046 at term 1 for becomeLeader, leader elected after 5111ms
2019-09-03 12:39:47,421 [08cd99cc-9257-4a37-875f-07701f928046:group-C88DEC523B5D:LeaderElection62] INFO  server.RaftServerConfigKeys (ConfUtils.java:logGet(43)) - raft.server.staging.catchup.gap = 1000 (default)
2019-09-03 12:39:47,421 [08cd99cc-9257-4a37-875f-07701f928046:group-C88DEC523B5D:LeaderElection62] INFO  server.RaftServerConfigKeys (ConfUtils.java:logGet(43)) - raft.server.rpc.sleep.time = 25ms (default)
2019-09-03 12:39:47,421 [08cd99cc-9257-4a37-875f-07701f928046:group-C88DEC523B5D:LeaderElection62] INFO  server.RaftServerConfigKeys (ConfUtils.java:logGet(43)) - raft.server.write.element-limit = 4096 (default)
2019-09-03 12:39:47,421 [08cd99cc-9257-4a37-875f-07701f928046:group-C88DEC523B5D:LeaderElection62] INFO  server.RaftServerConfigKeys (ConfUtils.java:logGet(43)) - raft.server.watch.timeout = 10s (default)
2019-09-03 12:39:47,421 [08cd99cc-9257-4a37-875f-07701f928046:group-C88DEC523B5D:LeaderElection62] INFO  server.RaftServerConfigKeys (ConfUtils.java:logGet(43)) - raft.server.watch.timeout.denomination = 1s (default)
2019-09-03 12:39:47,421 [08cd99cc-9257-4a37-875f-07701f928046:group-C88DEC523B5D:LeaderElection62] INFO  server.RaftServerConfigKeys (ConfUtils.java:logGet(43)) - raft.server.watch.element-limit = 65536 (default)
2019-09-03 12:39:47,421 [08cd99cc-9257-4a37-875f-07701f928046:group-C88DEC523B5D:LeaderElection62] INFO  impl.RoleInfo (RoleInfo.java:updateAndGet(143)) - 08cd99cc-9257-4a37-875f-07701f928046: start LeaderState
2019-09-03 12:39:47,422 [08cd99cc-9257-4a37-875f-07701f928046:group-C88DEC523B5D:LeaderElection62] INFO  segmented.SegmentedRaftLogWorker (SegmentedRaftLogWorker.java:startLogSegment(380)) - 08cd99cc-9257-4a37-875f-07701f928046-SegmentedRaftLogWorker:Storage Directory /workdir/hadoop-ozone/integration-test/target/test-dir/MiniOzoneClusterImpl-5a0a076c-dbad-4ac8-abab-e3faa05d1f8c/datanode-1/data/ratis/d9be8e74-ad18-45e6-862a-c88dec523b5d: Starting segment from index:0
2019-09-03 12:39:47,422 [08cd99cc-9257-4a37-875f-07701f928046:group-C88DEC523B5D:LeaderElection62] INFO  impl.RaftServerImpl (ServerState.java:setRaftConf(361)) - 08cd99cc-9257-4a37-875f-07701f928046:group-C88DEC523B5D set configuration 0: [08cd99cc-9257-4a37-875f-07701f928046:192.168.36.96:37401], old=null at 0
2019-09-03 12:39:47,456 [08cd99cc-9257-4a37-875f-07701f928046-SegmentedRaftLogWorker:Storage Directory /workdir/hadoop-ozone/integration-test/target/test-dir/MiniOzoneClusterImpl-5a0a076c-dbad-4ac8-abab-e3faa05d1f8c/datanode-1/data/ratis/d9be8e74-ad18-45e6-862a-c88dec523b5d] INFO  segmented.SegmentedRaftLogWorker (SegmentedRaftLogWorker.java:execute(569)) - 08cd99cc-9257-4a37-875f-07701f928046-SegmentedRaftLogWorker:Storage Directory /workdir/hadoop-ozone/integration-test/target/test-dir/MiniOzoneClusterImpl-5a0a076c-dbad-4ac8-abab-e3faa05d1f8c/datanode-1/data/ratis/d9be8e74-ad18-45e6-862a-c88dec523b5d: created new log segment /workdir/hadoop-ozone/integration-test/target/test-dir/MiniOzoneClusterImpl-5a0a076c-dbad-4ac8-abab-e3faa05d1f8c/datanode-1/data/ratis/d9be8e74-ad18-45e6-862a-c88dec523b5d/current/log_inprogress_0
2019-09-03 12:39:47,503 [Thread-3530] INFO  impl.FollowerState (FollowerState.java:run(106)) - 85506639-3fe0-42d5-8109-64e3968f1eaf:group-26DDB6FD64B1 changes to CANDIDATE, lastRpcTime:5061, electionTimeout:5049ms
2019-09-03 12:39:47,503 [Thread-3530] INFO  impl.RoleInfo (RoleInfo.java:shutdownFollowerState(121)) - 85506639-3fe0-42d5-8109-64e3968f1eaf: shutdown FollowerState
2019-09-03 12:39:47,503 [Thread-3530] INFO  impl.RaftServerImpl (RaftServerImpl.java:setRole(171)) - 85506639-3fe0-42d5-8109-64e3968f1eaf:group-26DDB6FD64B1 changes role from FOLLOWER to CANDIDATE at term 0 for changeToCandidate
2019-09-03 12:39:47,503 [Thread-3530] INFO  impl.RoleInfo (RoleInfo.java:updateAndGet(143)) - 85506639-3fe0-42d5-8109-64e3968f1eaf: start LeaderElection
2019-09-03 12:39:47,520 [85506639-3fe0-42d5-8109-64e3968f1eaf:group-26DDB6FD64B1:LeaderElection63] INFO  impl.LeaderElection (LeaderElection.java:askForVotes(181)) - 85506639-3fe0-42d5-8109-64e3968f1eaf:group-26DDB6FD64B1:LeaderElection63: begin an election at term 1 for -1: [85506639-3fe0-42d5-8109-64e3968f1eaf:192.168.36.96:32803], old=null
2019-09-03 12:39:47,520 [85506639-3fe0-42d5-8109-64e3968f1eaf:group-26DDB6FD64B1:LeaderElection63] INFO  impl.RoleInfo (RoleInfo.java:shutdownLeaderElection(134)) - 85506639-3fe0-42d5-8109-64e3968f1eaf: shutdown LeaderElection
2019-09-03 12:39:47,520 [85506639-3fe0-42d5-8109-64e3968f1eaf:group-26DDB6FD64B1:LeaderElection63] INFO  impl.RaftServerImpl (RaftServerImpl.java:setRole(171)) - 85506639-3fe0-42d5-8109-64e3968f1eaf:group-26DDB6FD64B1 changes role from CANDIDATE to LEADER at term 1 for changeToLeader
2019-09-03 12:39:47,520 [85506639-3fe0-42d5-8109-64e3968f1eaf:group-26DDB6FD64B1:LeaderElection63] INFO  impl.RaftServerImpl (ServerState.java:setLeader(263)) - 85506639-3fe0-42d5-8109-64e3968f1eaf:group-26DDB6FD64B1 change Leader from null to 85506639-3fe0-42d5-8109-64e3968f1eaf at term 1 for becomeLeader, leader elected after 5081ms
2019-09-03 12:39:47,520 [85506639-3fe0-42d5-8109-64e3968f1eaf:group-26DDB6FD64B1:LeaderElection63] INFO  server.RaftServerConfigKeys (ConfUtils.java:logGet(43)) - raft.server.staging.catchup.gap = 1000 (default)
2019-09-03 12:39:47,520 [85506639-3fe0-42d5-8109-64e3968f1eaf:group-26DDB6FD64B1:LeaderElection63] INFO  server.RaftServerConfigKeys (ConfUtils.java:logGet(43)) - raft.server.rpc.sleep.time = 25ms (default)
2019-09-03 12:39:47,520 [85506639-3fe0-42d5-8109-64e3968f1eaf:group-26DDB6FD64B1:LeaderElection63] INFO  server.RaftServerConfigKeys (ConfUtils.java:logGet(43)) - raft.server.write.element-limit = 4096 (default)
2019-09-03 12:39:47,521 [85506639-3fe0-42d5-8109-64e3968f1eaf:group-26DDB6FD64B1:LeaderElection63] INFO  server.RaftServerConfigKeys (ConfUtils.java:logGet(43)) - raft.server.watch.timeout = 10s (default)
2019-09-03 12:39:47,521 [85506639-3fe0-42d5-8109-64e3968f1eaf:group-26DDB6FD64B1:LeaderElection63] INFO  server.RaftServerConfigKeys (ConfUtils.java:logGet(43)) - raft.server.watch.timeout.denomination = 1s (default)
2019-09-03 12:39:47,521 [85506639-3fe0-42d5-8109-64e3968f1eaf:group-26DDB6FD64B1:LeaderElection63] INFO  server.RaftServerConfigKeys (ConfUtils.java:logGet(43)) - raft.server.watch.element-limit = 65536 (default)
2019-09-03 12:39:47,521 [85506639-3fe0-42d5-8109-64e3968f1eaf:group-26DDB6FD64B1:LeaderElection63] INFO  impl.RoleInfo (RoleInfo.java:updateAndGet(143)) - 85506639-3fe0-42d5-8109-64e3968f1eaf: start LeaderState
2019-09-03 12:39:47,521 [85506639-3fe0-42d5-8109-64e3968f1eaf:group-26DDB6FD64B1:LeaderElection63] INFO  segmented.SegmentedRaftLogWorker (SegmentedRaftLogWorker.java:startLogSegment(380)) - 85506639-3fe0-42d5-8109-64e3968f1eaf-SegmentedRaftLogWorker:Storage Directory /workdir/hadoop-ozone/integration-test/target/test-dir/MiniOzoneClusterImpl-5a0a076c-dbad-4ac8-abab-e3faa05d1f8c/datanode-3/data/ratis/ceb1d76d-41df-498b-ad1f-26ddb6fd64b1: Starting segment from index:0
2019-09-03 12:39:47,522 [85506639-3fe0-42d5-8109-64e3968f1eaf:group-26DDB6FD64B1:LeaderElection63] INFO  impl.RaftServerImpl (ServerState.java:setRaftConf(361)) - 85506639-3fe0-42d5-8109-64e3968f1eaf:group-26DDB6FD64B1 set configuration 0: [85506639-3fe0-42d5-8109-64e3968f1eaf:192.168.36.96:32803], old=null at 0
2019-09-03 12:39:47,554 [Thread-3527] INFO  impl.FollowerState (FollowerState.java:run(106)) - 3ef92ecc-28c5-4fad-842b-96b52fc10be7:group-A82303364589 changes to CANDIDATE, lastRpcTime:5159, electionTimeout:5132ms
2019-09-03 12:39:47,554 [Thread-3527] INFO  impl.RoleInfo (RoleInfo.java:shutdownFollowerState(121)) - 3ef92ecc-28c5-4fad-842b-96b52fc10be7: shutdown FollowerState
2019-09-03 12:39:47,554 [Thread-3527] INFO  impl.RaftServerImpl (RaftServerImpl.java:setRole(171)) - 3ef92ecc-28c5-4fad-842b-96b52fc10be7:group-A82303364589 changes role from FOLLOWER to CANDIDATE at term 0 for changeToCandidate
2019-09-03 12:39:47,555 [Thread-3527] INFO  impl.RoleInfo (RoleInfo.java:updateAndGet(143)) - 3ef92ecc-28c5-4fad-842b-96b52fc10be7: start LeaderElection
2019-09-03 12:39:47,562 [grpc-default-executor-0] INFO  client.GrpcClientProtocolClient (GrpcClientProtocolClient.java:onNext(255)) - client-AC3BC3E8CC79->3ef92ecc-28c5-4fad-842b-96b52fc10be7: receive RaftClientReply:client-AC3BC3E8CC79->3ef92ecc-28c5-4fad-842b-96b52fc10be7@group-071C975CCF04, cid=183, FAILED org.apache.ratis.protocol.NotLeaderException: Server 3ef92ecc-28c5-4fad-842b-96b52fc10be7 is not the leader (null). Request must be sent to leader., logIndex=0, commits[3ef92ecc-28c5-4fad-842b-96b52fc10be7:c-1]
2019-09-03 12:39:47,567 [85506639-3fe0-42d5-8109-64e3968f1eaf-SegmentedRaftLogWorker:Storage Directory /workdir/hadoop-ozone/integration-test/target/test-dir/MiniOzoneClusterImpl-5a0a076c-dbad-4ac8-abab-e3faa05d1f8c/datanode-3/data/ratis/ceb1d76d-41df-498b-ad1f-26ddb6fd64b1] INFO  segmented.SegmentedRaftLogWorker (SegmentedRaftLogWorker.java:execute(569)) - 85506639-3fe0-42d5-8109-64e3968f1eaf-SegmentedRaftLogWorker:Storage Directory /workdir/hadoop-ozone/integration-test/target/test-dir/MiniOzoneClusterImpl-5a0a076c-dbad-4ac8-abab-e3faa05d1f8c/datanode-3/data/ratis/ceb1d76d-41df-498b-ad1f-26ddb6fd64b1: created new log segment /workdir/hadoop-ozone/integration-test/target/test-dir/MiniOzoneClusterImpl-5a0a076c-dbad-4ac8-abab-e3faa05d1f8c/datanode-3/data/ratis/ceb1d76d-41df-498b-ad1f-26ddb6fd64b1/current/log_inprogress_0
2019-09-03 12:39:47,567 [3ef92ecc-28c5-4fad-842b-96b52fc10be7:group-A82303364589:LeaderElection64] INFO  impl.LeaderElection (LeaderElection.java:askForVotes(181)) - 3ef92ecc-28c5-4fad-842b-96b52fc10be7:group-A82303364589:LeaderElection64: begin an election at term 1 for -1: [3ef92ecc-28c5-4fad-842b-96b52fc10be7:192.168.36.96:40472], old=null
2019-09-03 12:39:47,567 [3ef92ecc-28c5-4fad-842b-96b52fc10be7:group-A82303364589:LeaderElection64] INFO  impl.RoleInfo (RoleInfo.java:shutdownLeaderElection(134)) - 3ef92ecc-28c5-4fad-842b-96b52fc10be7: shutdown LeaderElection
2019-09-03 12:39:47,567 [3ef92ecc-28c5-4fad-842b-96b52fc10be7:group-A82303364589:LeaderElection64] INFO  impl.RaftServerImpl (RaftServerImpl.java:setRole(171)) - 3ef92ecc-28c5-4fad-842b-96b52fc10be7:group-A82303364589 changes role from CANDIDATE to LEADER at term 1 for changeToLeader
2019-09-03 12:39:47,568 [3ef92ecc-28c5-4fad-842b-96b52fc10be7:group-A82303364589:LeaderElection64] INFO  impl.RaftServerImpl (ServerState.java:setLeader(263)) - 3ef92ecc-28c5-4fad-842b-96b52fc10be7:group-A82303364589 change Leader from null to 3ef92ecc-28c5-4fad-842b-96b52fc10be7 at term 1 for becomeLeader, leader elected after 5179ms
2019-09-03 12:39:47,568 [3ef92ecc-28c5-4fad-842b-96b52fc10be7:group-A82303364589:LeaderElection64] INFO  server.RaftServerConfigKeys (ConfUtils.java:logGet(43)) - raft.server.staging.catchup.gap = 1000 (default)
2019-09-03 12:39:47,568 [3ef92ecc-28c5-4fad-842b-96b52fc10be7:group-A82303364589:LeaderElection64] INFO  server.RaftServerConfigKeys (ConfUtils.java:logGet(43)) - raft.server.rpc.sleep.time = 25ms (default)
2019-09-03 12:39:47,568 [3ef92ecc-28c5-4fad-842b-96b52fc10be7:group-A82303364589:LeaderElection64] INFO  server.RaftServerConfigKeys (ConfUtils.java:logGet(43)) - raft.server.write.element-limit = 4096 (default)
2019-09-03 12:39:47,568 [3ef92ecc-28c5-4fad-842b-96b52fc10be7:group-A82303364589:LeaderElection64] INFO  server.RaftServerConfigKeys (ConfUtils.java:logGet(43)) - raft.server.watch.timeout = 10s (default)
2019-09-03 12:39:47,568 [3ef92ecc-28c5-4fad-842b-96b52fc10be7:group-A82303364589:LeaderElection64] INFO  server.RaftServerConfigKeys (ConfUtils.java:logGet(43)) - raft.server.watch.timeout.denomination = 1s (default)
2019-09-03 12:39:47,568 [3ef92ecc-28c5-4fad-842b-96b52fc10be7:group-A82303364589:LeaderElection64] INFO  server.RaftServerConfigKeys (ConfUtils.java:logGet(43)) - raft.server.watch.element-limit = 65536 (default)
2019-09-03 12:39:47,568 [3ef92ecc-28c5-4fad-842b-96b52fc10be7:group-A82303364589:LeaderElection64] INFO  impl.RoleInfo (RoleInfo.java:updateAndGet(143)) - 3ef92ecc-28c5-4fad-842b-96b52fc10be7: start LeaderState
2019-09-03 12:39:47,569 [3ef92ecc-28c5-4fad-842b-96b52fc10be7:group-A82303364589:LeaderElection64] INFO  segmented.SegmentedRaftLogWorker (SegmentedRaftLogWorker.java:startLogSegment(380)) - 3ef92ecc-28c5-4fad-842b-96b52fc10be7-SegmentedRaftLogWorker:Storage Directory /workdir/hadoop-ozone/integration-test/target/test-dir/MiniOzoneClusterImpl-5a0a076c-dbad-4ac8-abab-e3faa05d1f8c/datanode-4/data/ratis/1759f9b0-5fa3-4713-b801-a82303364589: Starting segment from index:0
2019-09-03 12:39:47,569 [3ef92ecc-28c5-4fad-842b-96b52fc10be7:group-A82303364589:LeaderElection64] INFO  impl.RaftServerImpl (ServerState.java:setRaftConf(361)) - 3ef92ecc-28c5-4fad-842b-96b52fc10be7:group-A82303364589 set configuration 0: [3ef92ecc-28c5-4fad-842b-96b52fc10be7:192.168.36.96:40472], old=null at 0
2019-09-03 12:39:47,592 [Thread-3533] INFO  impl.FollowerState (FollowerState.java:run(106)) - 7fb19221-14f6-4c84-b51f-75149814f9ab:group-DB13AD1CC9A3 changes to CANDIDATE, lastRpcTime:5107, electionTimeout:5107ms
2019-09-03 12:39:47,593 [Thread-3533] INFO  impl.RoleInfo (RoleInfo.java:shutdownFollowerState(121)) - 7fb19221-14f6-4c84-b51f-75149814f9ab: shutdown FollowerState
2019-09-03 12:39:47,593 [Thread-3533] INFO  impl.RaftServerImpl (RaftServerImpl.java:setRole(171)) - 7fb19221-14f6-4c84-b51f-75149814f9ab:group-DB13AD1CC9A3 changes role from FOLLOWER to CANDIDATE at term 0 for changeToCandidate
2019-09-03 12:39:47,593 [Thread-3533] INFO  impl.RoleInfo (RoleInfo.java:updateAndGet(143)) - 7fb19221-14f6-4c84-b51f-75149814f9ab: start LeaderElection
2019-09-03 12:39:47,595 [3ef92ecc-28c5-4fad-842b-96b52fc10be7-SegmentedRaftLogWorker:Storage Directory /workdir/hadoop-ozone/integration-test/target/test-dir/MiniOzoneClusterImpl-5a0a076c-dbad-4ac8-abab-e3faa05d1f8c/datanode-4/data/ratis/1759f9b0-5fa3-4713-b801-a82303364589] INFO  segmented.SegmentedRaftLogWorker (SegmentedRaftLogWorker.java:execute(569)) - 3ef92ecc-28c5-4fad-842b-96b52fc10be7-SegmentedRaftLogWorker:Storage Directory /workdir/hadoop-ozone/integration-test/target/test-dir/MiniOzoneClusterImpl-5a0a076c-dbad-4ac8-abab-e3faa05d1f8c/datanode-4/data/ratis/1759f9b0-5fa3-4713-b801-a82303364589: created new log segment /workdir/hadoop-ozone/integration-test/target/test-dir/MiniOzoneClusterImpl-5a0a076c-dbad-4ac8-abab-e3faa05d1f8c/datanode-4/data/ratis/1759f9b0-5fa3-4713-b801-a82303364589/current/log_inprogress_0
2019-09-03 12:39:47,609 [7fb19221-14f6-4c84-b51f-75149814f9ab:group-DB13AD1CC9A3:LeaderElection65] INFO  impl.LeaderElection (LeaderElection.java:askForVotes(181)) - 7fb19221-14f6-4c84-b51f-75149814f9ab:group-DB13AD1CC9A3:LeaderElection65: begin an election at term 1 for -1: [7fb19221-14f6-4c84-b51f-75149814f9ab:192.168.36.96:44311], old=null
2019-09-03 12:39:47,609 [7fb19221-14f6-4c84-b51f-75149814f9ab:group-DB13AD1CC9A3:LeaderElection65] INFO  impl.RoleInfo (RoleInfo.java:shutdownLeaderElection(134)) - 7fb19221-14f6-4c84-b51f-75149814f9ab: shutdown LeaderElection
2019-09-03 12:39:47,609 [7fb19221-14f6-4c84-b51f-75149814f9ab:group-DB13AD1CC9A3:LeaderElection65] INFO  impl.RaftServerImpl (RaftServerImpl.java:setRole(171)) - 7fb19221-14f6-4c84-b51f-75149814f9ab:group-DB13AD1CC9A3 changes role from CANDIDATE to LEADER at term 1 for changeToLeader
2019-09-03 12:39:47,609 [7fb19221-14f6-4c84-b51f-75149814f9ab:group-DB13AD1CC9A3:LeaderElection65] INFO  impl.RaftServerImpl (ServerState.java:setLeader(263)) - 7fb19221-14f6-4c84-b51f-75149814f9ab:group-DB13AD1CC9A3 change Leader from null to 7fb19221-14f6-4c84-b51f-75149814f9ab at term 1 for becomeLeader, leader elected after 5127ms
2019-09-03 12:39:47,609 [7fb19221-14f6-4c84-b51f-75149814f9ab:group-DB13AD1CC9A3:LeaderElection65] INFO  server.RaftServerConfigKeys (ConfUtils.java:logGet(43)) - raft.server.staging.catchup.gap = 1000 (default)
2019-09-03 12:39:47,609 [7fb19221-14f6-4c84-b51f-75149814f9ab:group-DB13AD1CC9A3:LeaderElection65] INFO  server.RaftServerConfigKeys (ConfUtils.java:logGet(43)) - raft.server.rpc.sleep.time = 25ms (default)
2019-09-03 12:39:47,609 [7fb19221-14f6-4c84-b51f-75149814f9ab:group-DB13AD1CC9A3:LeaderElection65] INFO  server.RaftServerConfigKeys (ConfUtils.java:logGet(43)) - raft.server.write.element-limit = 4096 (default)
2019-09-03 12:39:47,610 [7fb19221-14f6-4c84-b51f-75149814f9ab:group-DB13AD1CC9A3:LeaderElection65] INFO  server.RaftServerConfigKeys (ConfUtils.java:logGet(43)) - raft.server.watch.timeout = 10s (default)
2019-09-03 12:39:47,610 [7fb19221-14f6-4c84-b51f-75149814f9ab:group-DB13AD1CC9A3:LeaderElection65] INFO  server.RaftServerConfigKeys (ConfUtils.java:logGet(43)) - raft.server.watch.timeout.denomination = 1s (default)
2019-09-03 12:39:47,610 [7fb19221-14f6-4c84-b51f-75149814f9ab:group-DB13AD1CC9A3:LeaderElection65] INFO  server.RaftServerConfigKeys (ConfUtils.java:logGet(43)) - raft.server.watch.element-limit = 65536 (default)
2019-09-03 12:39:47,610 [7fb19221-14f6-4c84-b51f-75149814f9ab:group-DB13AD1CC9A3:LeaderElection65] INFO  impl.RoleInfo (RoleInfo.java:updateAndGet(143)) - 7fb19221-14f6-4c84-b51f-75149814f9ab: start LeaderState
2019-09-03 12:39:47,610 [7fb19221-14f6-4c84-b51f-75149814f9ab:group-DB13AD1CC9A3:LeaderElection65] INFO  segmented.SegmentedRaftLogWorker (SegmentedRaftLogWorker.java:startLogSegment(380)) - 7fb19221-14f6-4c84-b51f-75149814f9ab-SegmentedRaftLogWorker:Storage Directory /workdir/hadoop-ozone/integration-test/target/test-dir/MiniOzoneClusterImpl-5a0a076c-dbad-4ac8-abab-e3faa05d1f8c/datanode-6/data/ratis/9347989f-e640-4b10-aa5a-db13ad1cc9a3: Starting segment from index:0
2019-09-03 12:39:47,610 [7fb19221-14f6-4c84-b51f-75149814f9ab:group-DB13AD1CC9A3:LeaderElection65] INFO  impl.RaftServerImpl (ServerState.java:setRaftConf(361)) - 7fb19221-14f6-4c84-b51f-75149814f9ab:group-DB13AD1CC9A3 set configuration 0: [7fb19221-14f6-4c84-b51f-75149814f9ab:192.168.36.96:44311], old=null at 0
2019-09-03 12:39:47,651 [Thread-3545] INFO  impl.FollowerState (FollowerState.java:run(106)) - 3ef92ecc-28c5-4fad-842b-96b52fc10be7:group-071C975CCF04 changes to CANDIDATE, lastRpcTime:5028, electionTimeout:5028ms
2019-09-03 12:39:47,652 [Thread-3545] INFO  impl.RoleInfo (RoleInfo.java:shutdownFollowerState(121)) - 3ef92ecc-28c5-4fad-842b-96b52fc10be7: shutdown FollowerState
2019-09-03 12:39:47,652 [Thread-3545] INFO  impl.RaftServerImpl (RaftServerImpl.java:setRole(171)) - 3ef92ecc-28c5-4fad-842b-96b52fc10be7:group-071C975CCF04 changes role from FOLLOWER to CANDIDATE at term 0 for changeToCandidate
2019-09-03 12:39:47,652 [Thread-3545] INFO  impl.RoleInfo (RoleInfo.java:updateAndGet(143)) - 3ef92ecc-28c5-4fad-842b-96b52fc10be7: start LeaderElection
2019-09-03 12:39:47,659 [7fb19221-14f6-4c84-b51f-75149814f9ab-SegmentedRaftLogWorker:Storage Directory /workdir/hadoop-ozone/integration-test/target/test-dir/MiniOzoneClusterImpl-5a0a076c-dbad-4ac8-abab-e3faa05d1f8c/datanode-6/data/ratis/9347989f-e640-4b10-aa5a-db13ad1cc9a3] INFO  segmented.SegmentedRaftLogWorker (SegmentedRaftLogWorker.java:execute(569)) - 7fb19221-14f6-4c84-b51f-75149814f9ab-SegmentedRaftLogWorker:Storage Directory /workdir/hadoop-ozone/integration-test/target/test-dir/MiniOzoneClusterImpl-5a0a076c-dbad-4ac8-abab-e3faa05d1f8c/datanode-6/data/ratis/9347989f-e640-4b10-aa5a-db13ad1cc9a3: created new log segment /workdir/hadoop-ozone/integration-test/target/test-dir/MiniOzoneClusterImpl-5a0a076c-dbad-4ac8-abab-e3faa05d1f8c/datanode-6/data/ratis/9347989f-e640-4b10-aa5a-db13ad1cc9a3/current/log_inprogress_0
2019-09-03 12:39:47,668 [Thread-3548] INFO  impl.FollowerState (FollowerState.java:run(106)) - 7fb19221-14f6-4c84-b51f-75149814f9ab:group-071C975CCF04 changes to CANDIDATE, lastRpcTime:5044, electionTimeout:5044ms
2019-09-03 12:39:47,668 [Thread-3548] INFO  impl.RoleInfo (RoleInfo.java:shutdownFollowerState(121)) - 7fb19221-14f6-4c84-b51f-75149814f9ab: shutdown FollowerState
2019-09-03 12:39:47,668 [Thread-3548] INFO  impl.RaftServerImpl (RaftServerImpl.java:setRole(171)) - 7fb19221-14f6-4c84-b51f-75149814f9ab:group-071C975CCF04 changes role from FOLLOWER to CANDIDATE at term 0 for changeToCandidate
2019-09-03 12:39:47,669 [Thread-3548] INFO  impl.RoleInfo (RoleInfo.java:updateAndGet(143)) - 7fb19221-14f6-4c84-b51f-75149814f9ab: start LeaderElection
2019-09-03 12:39:47,672 [3ef92ecc-28c5-4fad-842b-96b52fc10be7:group-071C975CCF04:LeaderElection66] INFO  impl.LeaderElection (LeaderElection.java:askForVotes(181)) - 3ef92ecc-28c5-4fad-842b-96b52fc10be7:group-071C975CCF04:LeaderElection66: begin an election at term 1 for -1: [85506639-3fe0-42d5-8109-64e3968f1eaf:192.168.36.96:32803, 3ef92ecc-28c5-4fad-842b-96b52fc10be7:192.168.36.96:40472, 7fb19221-14f6-4c84-b51f-75149814f9ab:192.168.36.96:44311], old=null
2019-09-03 12:39:47,674 [7fb19221-14f6-4c84-b51f-75149814f9ab:group-071C975CCF04:LeaderElection67] INFO  impl.LeaderElection (LeaderElection.java:askForVotes(181)) - 7fb19221-14f6-4c84-b51f-75149814f9ab:group-071C975CCF04:LeaderElection67: begin an election at term 1 for -1: [85506639-3fe0-42d5-8109-64e3968f1eaf:192.168.36.96:32803, 3ef92ecc-28c5-4fad-842b-96b52fc10be7:192.168.36.96:40472, 7fb19221-14f6-4c84-b51f-75149814f9ab:192.168.36.96:44311], old=null
2019-09-03 12:39:47,675 [Thread-3536] INFO  impl.FollowerState (FollowerState.java:run(106)) - 63ca0b64-7077-4223-897f-e4014b1f8a21:group-01973ACD7629 changes to CANDIDATE, lastRpcTime:5145, electionTimeout:5145ms
2019-09-03 12:39:47,675 [Thread-3536] INFO  impl.RoleInfo (RoleInfo.java:shutdownFollowerState(121)) - 63ca0b64-7077-4223-897f-e4014b1f8a21: shutdown FollowerState
2019-09-03 12:39:47,675 [Thread-3536] INFO  impl.RaftServerImpl (RaftServerImpl.java:setRole(171)) - 63ca0b64-7077-4223-897f-e4014b1f8a21:group-01973ACD7629 changes role from FOLLOWER to CANDIDATE at term 0 for changeToCandidate
2019-09-03 12:39:47,675 [Thread-3536] INFO  impl.RoleInfo (RoleInfo.java:updateAndGet(143)) - 63ca0b64-7077-4223-897f-e4014b1f8a21: start LeaderElection
2019-09-03 12:39:47,682 [Thread-3542] INFO  impl.FollowerState (FollowerState.java:run(106)) - 85506639-3fe0-42d5-8109-64e3968f1eaf:group-071C975CCF04 changes to CANDIDATE, lastRpcTime:5062, electionTimeout:5061ms
2019-09-03 12:39:47,684 [Thread-3542] INFO  impl.RoleInfo (RoleInfo.java:shutdownFollowerState(121)) - 85506639-3fe0-42d5-8109-64e3968f1eaf: shutdown FollowerState
2019-09-03 12:39:47,684 [Thread-3542] INFO  impl.RaftServerImpl (RaftServerImpl.java:setRole(171)) - 85506639-3fe0-42d5-8109-64e3968f1eaf:group-071C975CCF04 changes role from FOLLOWER to CANDIDATE at term 0 for changeToCandidate
2019-09-03 12:39:47,684 [Thread-3542] INFO  impl.RoleInfo (RoleInfo.java:updateAndGet(143)) - 85506639-3fe0-42d5-8109-64e3968f1eaf: start LeaderElection
2019-09-03 12:39:47,684 [grpc-default-executor-0] INFO  impl.RaftServerImpl (RaftServerImpl.java:setRole(171)) - 85506639-3fe0-42d5-8109-64e3968f1eaf:group-071C975CCF04 changes role from CANDIDATE to FOLLOWER at term 1 for recognizeCandidate:3ef92ecc-28c5-4fad-842b-96b52fc10be7
2019-09-03 12:39:47,686 [grpc-default-executor-0] INFO  impl.RoleInfo (RoleInfo.java:shutdownLeaderElection(134)) - 85506639-3fe0-42d5-8109-64e3968f1eaf: shutdown LeaderElection
2019-09-03 12:39:47,687 [grpc-default-executor-0] INFO  impl.RoleInfo (RoleInfo.java:updateAndGet(143)) - 85506639-3fe0-42d5-8109-64e3968f1eaf: start FollowerState
2019-09-03 12:39:47,690 [63ca0b64-7077-4223-897f-e4014b1f8a21:group-01973ACD7629:LeaderElection68] INFO  impl.LeaderElection (LeaderElection.java:askForVotes(181)) - 63ca0b64-7077-4223-897f-e4014b1f8a21:group-01973ACD7629:LeaderElection68: begin an election at term 1 for -1: [63ca0b64-7077-4223-897f-e4014b1f8a21:192.168.36.96:36314], old=null
2019-09-03 12:39:47,690 [63ca0b64-7077-4223-897f-e4014b1f8a21:group-01973ACD7629:LeaderElection68] INFO  impl.RoleInfo (RoleInfo.java:shutdownLeaderElection(134)) - 63ca0b64-7077-4223-897f-e4014b1f8a21: shutdown LeaderElection
2019-09-03 12:39:47,690 [63ca0b64-7077-4223-897f-e4014b1f8a21:group-01973ACD7629:LeaderElection68] INFO  impl.RaftServerImpl (RaftServerImpl.java:setRole(171)) - 63ca0b64-7077-4223-897f-e4014b1f8a21:group-01973ACD7629 changes role from CANDIDATE to LEADER at term 1 for changeToLeader
2019-09-03 12:39:47,690 [63ca0b64-7077-4223-897f-e4014b1f8a21:group-01973ACD7629:LeaderElection68] INFO  impl.RaftServerImpl (ServerState.java:setLeader(263)) - 63ca0b64-7077-4223-897f-e4014b1f8a21:group-01973ACD7629 change Leader from null to 63ca0b64-7077-4223-897f-e4014b1f8a21 at term 1 for becomeLeader, leader elected after 5163ms
2019-09-03 12:39:47,690 [63ca0b64-7077-4223-897f-e4014b1f8a21:group-01973ACD7629:LeaderElection68] INFO  server.RaftServerConfigKeys (ConfUtils.java:logGet(43)) - raft.server.staging.catchup.gap = 1000 (default)
2019-09-03 12:39:47,690 [63ca0b64-7077-4223-897f-e4014b1f8a21:group-01973ACD7629:LeaderElection68] INFO  server.RaftServerConfigKeys (ConfUtils.java:logGet(43)) - raft.server.rpc.sleep.time = 25ms (default)
2019-09-03 12:39:47,691 [63ca0b64-7077-4223-897f-e4014b1f8a21:group-01973ACD7629:LeaderElection68] INFO  server.RaftServerConfigKeys (ConfUtils.java:logGet(43)) - raft.server.write.element-limit = 4096 (default)
2019-09-03 12:39:47,691 [63ca0b64-7077-4223-897f-e4014b1f8a21:group-01973ACD7629:LeaderElection68] INFO  server.RaftServerConfigKeys (ConfUtils.java:logGet(43)) - raft.server.watch.timeout = 10s (default)
2019-09-03 12:39:47,691 [63ca0b64-7077-4223-897f-e4014b1f8a21:group-01973ACD7629:LeaderElection68] INFO  server.RaftServerConfigKeys (ConfUtils.java:logGet(43)) - raft.server.watch.timeout.denomination = 1s (default)
2019-09-03 12:39:47,691 [63ca0b64-7077-4223-897f-e4014b1f8a21:group-01973ACD7629:LeaderElection68] INFO  server.RaftServerConfigKeys (ConfUtils.java:logGet(43)) - raft.server.watch.element-limit = 65536 (default)
2019-09-03 12:39:47,691 [63ca0b64-7077-4223-897f-e4014b1f8a21:group-01973ACD7629:LeaderElection68] INFO  impl.RoleInfo (RoleInfo.java:updateAndGet(143)) - 63ca0b64-7077-4223-897f-e4014b1f8a21: start LeaderState
2019-09-03 12:39:47,691 [63ca0b64-7077-4223-897f-e4014b1f8a21:group-01973ACD7629:LeaderElection68] INFO  segmented.SegmentedRaftLogWorker (SegmentedRaftLogWorker.java:startLogSegment(380)) - 63ca0b64-7077-4223-897f-e4014b1f8a21-SegmentedRaftLogWorker:Storage Directory /workdir/hadoop-ozone/integration-test/target/test-dir/MiniOzoneClusterImpl-5a0a076c-dbad-4ac8-abab-e3faa05d1f8c/datanode-2/data/ratis/76d72f59-9706-4f1b-9b11-01973acd7629: Starting segment from index:0
2019-09-03 12:39:47,692 [63ca0b64-7077-4223-897f-e4014b1f8a21:group-01973ACD7629:LeaderElection68] INFO  impl.RaftServerImpl (ServerState.java:setRaftConf(361)) - 63ca0b64-7077-4223-897f-e4014b1f8a21:group-01973ACD7629 set configuration 0: [63ca0b64-7077-4223-897f-e4014b1f8a21:192.168.36.96:36314], old=null at 0
2019-09-03 12:39:47,694 [grpc-default-executor-7] INFO  impl.RaftServerImpl (RaftServerImpl.java:setRole(171)) - 85506639-3fe0-42d5-8109-64e3968f1eaf:group-071C975CCF04 changes role from FOLLOWER to FOLLOWER at term 1 for recognizeCandidate:7fb19221-14f6-4c84-b51f-75149814f9ab
2019-09-03 12:39:47,694 [grpc-default-executor-7] INFO  impl.RoleInfo (RoleInfo.java:shutdownFollowerState(121)) - 85506639-3fe0-42d5-8109-64e3968f1eaf: shutdown FollowerState
2019-09-03 12:39:47,694 [grpc-default-executor-7] INFO  impl.RoleInfo (RoleInfo.java:updateAndGet(143)) - 85506639-3fe0-42d5-8109-64e3968f1eaf: start FollowerState
2019-09-03 12:39:47,694 [Thread-3595] INFO  impl.FollowerState (FollowerState.java:run(114)) - 85506639-3fe0-42d5-8109-64e3968f1eaf: FollowerState was interrupted: java.lang.InterruptedException: sleep interrupted
2019-09-03 12:39:47,726 [Thread-3539] INFO  impl.FollowerState (FollowerState.java:run(106)) - c2e6ed46-8fd1-4958-8387-820c85525dba:group-433B733249ED changes to CANDIDATE, lastRpcTime:5157, electionTimeout:5139ms
2019-09-03 12:39:47,726 [Thread-3539] INFO  impl.RoleInfo (RoleInfo.java:shutdownFollowerState(121)) - c2e6ed46-8fd1-4958-8387-820c85525dba: shutdown FollowerState
2019-09-03 12:39:47,726 [Thread-3539] INFO  impl.RaftServerImpl (RaftServerImpl.java:setRole(171)) - c2e6ed46-8fd1-4958-8387-820c85525dba:group-433B733249ED changes role from FOLLOWER to CANDIDATE at term 0 for changeToCandidate
2019-09-03 12:39:47,726 [3ef92ecc-28c5-4fad-842b-96b52fc10be7:group-071C975CCF04:LeaderElection66] INFO  impl.LeaderElection (LeaderElection.java:logAndReturn(56)) - 3ef92ecc-28c5-4fad-842b-96b52fc10be7:group-071C975CCF04:LeaderElection66: Election REJECTED; received 2 response(s) [3ef92ecc-28c5-4fad-842b-96b52fc10be7<-85506639-3fe0-42d5-8109-64e3968f1eaf#0:FAIL-t1, 3ef92ecc-28c5-4fad-842b-96b52fc10be7<-7fb19221-14f6-4c84-b51f-75149814f9ab#0:FAIL-t1] and 0 exception(s); 3ef92ecc-28c5-4fad-842b-96b52fc10be7:t1, leader=null, voted=3ef92ecc-28c5-4fad-842b-96b52fc10be7, raftlog=3ef92ecc-28c5-4fad-842b-96b52fc10be7-SegmentedRaftLog:OPENED:c-1,f-1,i0, conf=-1: [85506639-3fe0-42d5-8109-64e3968f1eaf:192.168.36.96:32803, 3ef92ecc-28c5-4fad-842b-96b52fc10be7:192.168.36.96:40472, 7fb19221-14f6-4c84-b51f-75149814f9ab:192.168.36.96:44311], old=null
2019-09-03 12:39:47,726 [Thread-3539] INFO  impl.RoleInfo (RoleInfo.java:updateAndGet(143)) - c2e6ed46-8fd1-4958-8387-820c85525dba: start LeaderElection
2019-09-03 12:39:47,726 [3ef92ecc-28c5-4fad-842b-96b52fc10be7:group-071C975CCF04:LeaderElection66] INFO  impl.RaftServerImpl (RaftServerImpl.java:setRole(171)) - 3ef92ecc-28c5-4fad-842b-96b52fc10be7:group-071C975CCF04 changes role from CANDIDATE to FOLLOWER at term 1 for DISCOVERED_A_NEW_TERM
2019-09-03 12:39:47,731 [63ca0b64-7077-4223-897f-e4014b1f8a21-SegmentedRaftLogWorker:Storage Directory /workdir/hadoop-ozone/integration-test/target/test-dir/MiniOzoneClusterImpl-5a0a076c-dbad-4ac8-abab-e3faa05d1f8c/datanode-2/data/ratis/76d72f59-9706-4f1b-9b11-01973acd7629] INFO  segmented.SegmentedRaftLogWorker (SegmentedRaftLogWorker.java:execute(569)) - 63ca0b64-7077-4223-897f-e4014b1f8a21-SegmentedRaftLogWorker:Storage Directory /workdir/hadoop-ozone/integration-test/target/test-dir/MiniOzoneClusterImpl-5a0a076c-dbad-4ac8-abab-e3faa05d1f8c/datanode-2/data/ratis/76d72f59-9706-4f1b-9b11-01973acd7629: created new log segment /workdir/hadoop-ozone/integration-test/target/test-dir/MiniOzoneClusterImpl-5a0a076c-dbad-4ac8-abab-e3faa05d1f8c/datanode-2/data/ratis/76d72f59-9706-4f1b-9b11-01973acd7629/current/log_inprogress_0
2019-09-03 12:39:47,734 [3ef92ecc-28c5-4fad-842b-96b52fc10be7:group-071C975CCF04:LeaderElection66] INFO  impl.RoleInfo (RoleInfo.java:shutdownLeaderElection(134)) - 3ef92ecc-28c5-4fad-842b-96b52fc10be7: shutdown LeaderElection
2019-09-03 12:39:47,734 [3ef92ecc-28c5-4fad-842b-96b52fc10be7:group-071C975CCF04:LeaderElection66] INFO  impl.RoleInfo (RoleInfo.java:updateAndGet(143)) - 3ef92ecc-28c5-4fad-842b-96b52fc10be7: start FollowerState
2019-09-03 12:39:47,737 [7fb19221-14f6-4c84-b51f-75149814f9ab:group-071C975CCF04:LeaderElection67] INFO  impl.LeaderElection (LeaderElection.java:logAndReturn(56)) - 7fb19221-14f6-4c84-b51f-75149814f9ab:group-071C975CCF04:LeaderElection67: Election PASSED; received 2 response(s) [7fb19221-14f6-4c84-b51f-75149814f9ab<-85506639-3fe0-42d5-8109-64e3968f1eaf#0:OK-t1, 7fb19221-14f6-4c84-b51f-75149814f9ab<-3ef92ecc-28c5-4fad-842b-96b52fc10be7#0:FAIL-t1] and 0 exception(s); 7fb19221-14f6-4c84-b51f-75149814f9ab:t1, leader=null, voted=7fb19221-14f6-4c84-b51f-75149814f9ab, raftlog=7fb19221-14f6-4c84-b51f-75149814f9ab-SegmentedRaftLog:OPENED:c-1,f-1,i0, conf=-1: [85506639-3fe0-42d5-8109-64e3968f1eaf:192.168.36.96:32803, 3ef92ecc-28c5-4fad-842b-96b52fc10be7:192.168.36.96:40472, 7fb19221-14f6-4c84-b51f-75149814f9ab:192.168.36.96:44311], old=null
2019-09-03 12:39:47,737 [7fb19221-14f6-4c84-b51f-75149814f9ab:group-071C975CCF04:LeaderElection67] INFO  impl.RoleInfo (RoleInfo.java:shutdownLeaderElection(134)) - 7fb19221-14f6-4c84-b51f-75149814f9ab: shutdown LeaderElection
2019-09-03 12:39:47,740 [7fb19221-14f6-4c84-b51f-75149814f9ab:group-071C975CCF04:LeaderElection67] INFO  impl.RaftServerImpl (RaftServerImpl.java:setRole(171)) - 7fb19221-14f6-4c84-b51f-75149814f9ab:group-071C975CCF04 changes role from CANDIDATE to LEADER at term 1 for changeToLeader
2019-09-03 12:39:47,740 [c2e6ed46-8fd1-4958-8387-820c85525dba:group-433B733249ED:LeaderElection70] INFO  impl.LeaderElection (LeaderElection.java:askForVotes(181)) - c2e6ed46-8fd1-4958-8387-820c85525dba:group-433B733249ED:LeaderElection70: begin an election at term 1 for -1: [c2e6ed46-8fd1-4958-8387-820c85525dba:192.168.36.96:38815], old=null
2019-09-03 12:39:47,740 [7fb19221-14f6-4c84-b51f-75149814f9ab:group-071C975CCF04:LeaderElection67] INFO  impl.RaftServerImpl (ServerState.java:setLeader(263)) - 7fb19221-14f6-4c84-b51f-75149814f9ab:group-071C975CCF04 change Leader from null to 7fb19221-14f6-4c84-b51f-75149814f9ab at term 1 for becomeLeader, leader elected after 5127ms
2019-09-03 12:39:47,740 [85506639-3fe0-42d5-8109-64e3968f1eaf:group-071C975CCF04:LeaderElection69] INFO  impl.LeaderElection (LeaderElection.java:askForVotes(181)) - 85506639-3fe0-42d5-8109-64e3968f1eaf:group-071C975CCF04:LeaderElection69: begin an election at term 2 for -1: [85506639-3fe0-42d5-8109-64e3968f1eaf:192.168.36.96:32803, 3ef92ecc-28c5-4fad-842b-96b52fc10be7:192.168.36.96:40472, 7fb19221-14f6-4c84-b51f-75149814f9ab:192.168.36.96:44311], old=null
2019-09-03 12:39:47,740 [7fb19221-14f6-4c84-b51f-75149814f9ab:group-071C975CCF04:LeaderElection67] INFO  server.RaftServerConfigKeys (ConfUtils.java:logGet(43)) - raft.server.staging.catchup.gap = 1000 (default)
2019-09-03 12:39:47,740 [c2e6ed46-8fd1-4958-8387-820c85525dba:group-433B733249ED:LeaderElection70] INFO  impl.RoleInfo (RoleInfo.java:shutdownLeaderElection(134)) - c2e6ed46-8fd1-4958-8387-820c85525dba: shutdown LeaderElection
2019-09-03 12:39:47,740 [7fb19221-14f6-4c84-b51f-75149814f9ab:group-071C975CCF04:LeaderElection67] INFO  server.RaftServerConfigKeys (ConfUtils.java:logGet(43)) - raft.server.rpc.sleep.time = 25ms (default)
2019-09-03 12:39:47,740 [c2e6ed46-8fd1-4958-8387-820c85525dba:group-433B733249ED:LeaderElection70] INFO  impl.RaftServerImpl (RaftServerImpl.java:setRole(171)) - c2e6ed46-8fd1-4958-8387-820c85525dba:group-433B733249ED changes role from CANDIDATE to LEADER at term 1 for changeToLeader
2019-09-03 12:39:47,740 [7fb19221-14f6-4c84-b51f-75149814f9ab:group-071C975CCF04:LeaderElection67] INFO  server.RaftServerConfigKeys (ConfUtils.java:logGet(43)) - raft.server.write.element-limit = 4096 (default)
2019-09-03 12:39:47,740 [c2e6ed46-8fd1-4958-8387-820c85525dba:group-433B733249ED:LeaderElection70] INFO  impl.RaftServerImpl (ServerState.java:setLeader(263)) - c2e6ed46-8fd1-4958-8387-820c85525dba:group-433B733249ED change Leader from null to c2e6ed46-8fd1-4958-8387-820c85525dba at term 1 for becomeLeader, leader elected after 5174ms
2019-09-03 12:39:47,741 [85506639-3fe0-42d5-8109-64e3968f1eaf:group-071C975CCF04:LeaderElection69] INFO  impl.LeaderElection (LeaderElection.java:logAndReturn(56)) - 85506639-3fe0-42d5-8109-64e3968f1eaf:group-071C975CCF04:LeaderElection69: Election REJECTED; received 0 response(s) [] and 0 exception(s); 85506639-3fe0-42d5-8109-64e3968f1eaf:t2, leader=null, voted=85506639-3fe0-42d5-8109-64e3968f1eaf, raftlog=85506639-3fe0-42d5-8109-64e3968f1eaf-SegmentedRaftLog:OPENED:c-1,f-1,i0, conf=-1: [85506639-3fe0-42d5-8109-64e3968f1eaf:192.168.36.96:32803, 3ef92ecc-28c5-4fad-842b-96b52fc10be7:192.168.36.96:40472, 7fb19221-14f6-4c84-b51f-75149814f9ab:192.168.36.96:44311], old=null
2019-09-03 12:39:47,741 [7fb19221-14f6-4c84-b51f-75149814f9ab:group-071C975CCF04:LeaderElection67] INFO  server.RaftServerConfigKeys (ConfUtils.java:logGet(43)) - raft.server.watch.timeout = 10s (default)
2019-09-03 12:39:47,741 [c2e6ed46-8fd1-4958-8387-820c85525dba:group-433B733249ED:LeaderElection70] INFO  server.RaftServerConfigKeys (ConfUtils.java:logGet(43)) - raft.server.staging.catchup.gap = 1000 (default)
2019-09-03 12:39:47,742 [7fb19221-14f6-4c84-b51f-75149814f9ab:group-071C975CCF04:LeaderElection67] INFO  server.RaftServerConfigKeys (ConfUtils.java:logGet(43)) - raft.server.watch.timeout.denomination = 1s (default)
2019-09-03 12:39:47,742 [c2e6ed46-8fd1-4958-8387-820c85525dba:group-433B733249ED:LeaderElection70] INFO  server.RaftServerConfigKeys (ConfUtils.java:logGet(43)) - raft.server.rpc.sleep.time = 25ms (default)
2019-09-03 12:39:47,742 [7fb19221-14f6-4c84-b51f-75149814f9ab:group-071C975CCF04:LeaderElection67] INFO  server.RaftServerConfigKeys (ConfUtils.java:logGet(43)) - raft.server.watch.element-limit = 65536 (default)
2019-09-03 12:39:47,742 [c2e6ed46-8fd1-4958-8387-820c85525dba:group-433B733249ED:LeaderElection70] INFO  server.RaftServerConfigKeys (ConfUtils.java:logGet(43)) - raft.server.write.element-limit = 4096 (default)
2019-09-03 12:39:47,743 [c2e6ed46-8fd1-4958-8387-820c85525dba:group-433B733249ED:LeaderElection70] INFO  server.RaftServerConfigKeys (ConfUtils.java:logGet(43)) - raft.server.watch.timeout = 10s (default)
2019-09-03 12:39:47,743 [7fb19221-14f6-4c84-b51f-75149814f9ab:group-071C975CCF04:LeaderElection67] INFO  server.RaftServerConfigKeys (ConfUtils.java:logGet(43)) - raft.server.log.appender.snapshot.chunk.size.max = 16MB (=16777216) (default)
2019-09-03 12:39:47,743 [c2e6ed46-8fd1-4958-8387-820c85525dba:group-433B733249ED:LeaderElection70] INFO  server.RaftServerConfigKeys (ConfUtils.java:logGet(43)) - raft.server.watch.timeout.denomination = 1s (default)
2019-09-03 12:39:47,743 [7fb19221-14f6-4c84-b51f-75149814f9ab:group-071C975CCF04:LeaderElection67] INFO  server.RaftServerConfigKeys (ConfUtils.java:logGet(43)) - raft.server.log.appender.buffer.byte-limit = 33554432 (custom)
2019-09-03 12:39:47,743 [c2e6ed46-8fd1-4958-8387-820c85525dba:group-433B733249ED:LeaderElection70] INFO  server.RaftServerConfigKeys (ConfUtils.java:logGet(43)) - raft.server.watch.element-limit = 65536 (default)
2019-09-03 12:39:47,743 [7fb19221-14f6-4c84-b51f-75149814f9ab:group-071C975CCF04:LeaderElection67] INFO  server.RaftServerConfigKeys (ConfUtils.java:logGet(43)) - raft.server.log.appender.buffer.element-limit = 1 (custom)
2019-09-03 12:39:47,743 [c2e6ed46-8fd1-4958-8387-820c85525dba:group-433B733249ED:LeaderElection70] INFO  impl.RoleInfo (RoleInfo.java:updateAndGet(143)) - c2e6ed46-8fd1-4958-8387-820c85525dba: start LeaderState
2019-09-03 12:39:47,743 [7fb19221-14f6-4c84-b51f-75149814f9ab:group-071C975CCF04:LeaderElection67] INFO  grpc.GrpcConfigKeys$Server (ConfUtils.java:logGet(43)) - raft.grpc.server.leader.outstanding.appends.max = 128 (default)
2019-09-03 12:39:47,743 [c2e6ed46-8fd1-4958-8387-820c85525dba:group-433B733249ED:LeaderElection70] INFO  segmented.SegmentedRaftLogWorker (SegmentedRaftLogWorker.java:startLogSegment(380)) - c2e6ed46-8fd1-4958-8387-820c85525dba-SegmentedRaftLogWorker:Storage Directory /workdir/hadoop-ozone/integration-test/target/test-dir/MiniOzoneClusterImpl-5a0a076c-dbad-4ac8-abab-e3faa05d1f8c/datanode-5/data/ratis/e8877830-d410-421a-b6d9-433b733249ed: Starting segment from index:0
2019-09-03 12:39:47,743 [7fb19221-14f6-4c84-b51f-75149814f9ab:group-071C975CCF04:LeaderElection67] INFO  server.RaftServerConfigKeys (ConfUtils.java:logGet(43)) - raft.server.rpc.request.timeout = 3000ms (default)
2019-09-03 12:39:47,744 [7fb19221-14f6-4c84-b51f-75149814f9ab:group-071C975CCF04:LeaderElection67] INFO  server.RaftServerConfigKeys (ConfUtils.java:logGet(43)) - raft.server.log.appender.install.snapshot.enabled = false (custom)
2019-09-03 12:39:47,744 [c2e6ed46-8fd1-4958-8387-820c85525dba:group-433B733249ED:LeaderElection70] INFO  impl.RaftServerImpl (ServerState.java:setRaftConf(361)) - c2e6ed46-8fd1-4958-8387-820c85525dba:group-433B733249ED set configuration 0: [c2e6ed46-8fd1-4958-8387-820c85525dba:192.168.36.96:38815], old=null at 0
2019-09-03 12:39:47,744 [7fb19221-14f6-4c84-b51f-75149814f9ab:group-071C975CCF04:LeaderElection67] INFO  server.RaftServerConfigKeys (ConfUtils.java:logGet(43)) - raft.server.log.appender.snapshot.chunk.size.max = 16MB (=16777216) (default)
2019-09-03 12:39:47,770 [7fb19221-14f6-4c84-b51f-75149814f9ab:group-071C975CCF04:LeaderElection67] INFO  server.RaftServerConfigKeys (ConfUtils.java:logGet(43)) - raft.server.log.appender.buffer.byte-limit = 33554432 (custom)
2019-09-03 12:39:47,770 [7fb19221-14f6-4c84-b51f-75149814f9ab:group-071C975CCF04:LeaderElection67] INFO  server.RaftServerConfigKeys (ConfUtils.java:logGet(43)) - raft.server.log.appender.buffer.element-limit = 1 (custom)
2019-09-03 12:39:47,770 [7fb19221-14f6-4c84-b51f-75149814f9ab:group-071C975CCF04:LeaderElection67] INFO  grpc.GrpcConfigKeys$Server (ConfUtils.java:logGet(43)) - raft.grpc.server.leader.outstanding.appends.max = 128 (default)
2019-09-03 12:39:47,770 [7fb19221-14f6-4c84-b51f-75149814f9ab:group-071C975CCF04:LeaderElection67] INFO  server.RaftServerConfigKeys (ConfUtils.java:logGet(43)) - raft.server.rpc.request.timeout = 3000ms (default)
2019-09-03 12:39:47,770 [7fb19221-14f6-4c84-b51f-75149814f9ab:group-071C975CCF04:LeaderElection67] INFO  server.RaftServerConfigKeys (ConfUtils.java:logGet(43)) - raft.server.log.appender.install.snapshot.enabled = false (custom)
2019-09-03 12:39:47,770 [grpc-default-executor-7] INFO  impl.RaftServerImpl (RaftServerImpl.java:setRole(171)) - 3ef92ecc-28c5-4fad-842b-96b52fc10be7:group-071C975CCF04 changes role from FOLLOWER to FOLLOWER at term 2 for recognizeCandidate:85506639-3fe0-42d5-8109-64e3968f1eaf
2019-09-03 12:39:47,770 [7fb19221-14f6-4c84-b51f-75149814f9ab:group-071C975CCF04:LeaderElection67] INFO  impl.RoleInfo (RoleInfo.java:updateAndGet(143)) - 7fb19221-14f6-4c84-b51f-75149814f9ab: start LeaderState
2019-09-03 12:39:47,770 [grpc-default-executor-7] INFO  impl.RoleInfo (RoleInfo.java:shutdownFollowerState(121)) - 3ef92ecc-28c5-4fad-842b-96b52fc10be7: shutdown FollowerState
2019-09-03 12:39:47,771 [7fb19221-14f6-4c84-b51f-75149814f9ab:group-071C975CCF04:LeaderElection67] INFO  segmented.SegmentedRaftLogWorker (SegmentedRaftLogWorker.java:startLogSegment(380)) - 7fb19221-14f6-4c84-b51f-75149814f9ab-SegmentedRaftLogWorker:Storage Directory /workdir/hadoop-ozone/integration-test/target/test-dir/MiniOzoneClusterImpl-5a0a076c-dbad-4ac8-abab-e3faa05d1f8c/datanode-6/data/ratis/a9b32830-0bd8-48a5-9fb1-071c975ccf04: Starting segment from index:0
2019-09-03 12:39:47,771 [Thread-3599] INFO  impl.FollowerState (FollowerState.java:run(114)) - 3ef92ecc-28c5-4fad-842b-96b52fc10be7: FollowerState was interrupted: java.lang.InterruptedException: sleep interrupted
2019-09-03 12:39:47,771 [grpc-default-executor-7] INFO  impl.RoleInfo (RoleInfo.java:updateAndGet(143)) - 3ef92ecc-28c5-4fad-842b-96b52fc10be7: start FollowerState
2019-09-03 12:39:47,773 [7fb19221-14f6-4c84-b51f-75149814f9ab:group-071C975CCF04:LeaderElection67] INFO  impl.RaftServerImpl (ServerState.java:setRaftConf(361)) - 7fb19221-14f6-4c84-b51f-75149814f9ab:group-071C975CCF04 set configuration 0: [85506639-3fe0-42d5-8109-64e3968f1eaf:192.168.36.96:32803, 3ef92ecc-28c5-4fad-842b-96b52fc10be7:192.168.36.96:40472, 7fb19221-14f6-4c84-b51f-75149814f9ab:192.168.36.96:44311], old=null at 0
2019-09-03 12:39:47,797 [c2e6ed46-8fd1-4958-8387-820c85525dba-SegmentedRaftLogWorker:Storage Directory /workdir/hadoop-ozone/integration-test/target/test-dir/MiniOzoneClusterImpl-5a0a076c-dbad-4ac8-abab-e3faa05d1f8c/datanode-5/data/ratis/e8877830-d410-421a-b6d9-433b733249ed] INFO  segmented.SegmentedRaftLogWorker (SegmentedRaftLogWorker.java:execute(569)) - c2e6ed46-8fd1-4958-8387-820c85525dba-SegmentedRaftLogWorker:Storage Directory /workdir/hadoop-ozone/integration-test/target/test-dir/MiniOzoneClusterImpl-5a0a076c-dbad-4ac8-abab-e3faa05d1f8c/datanode-5/data/ratis/e8877830-d410-421a-b6d9-433b733249ed: created new log segment /workdir/hadoop-ozone/integration-test/target/test-dir/MiniOzoneClusterImpl-5a0a076c-dbad-4ac8-abab-e3faa05d1f8c/datanode-5/data/ratis/e8877830-d410-421a-b6d9-433b733249ed/current/log_inprogress_0
2019-09-03 12:39:47,797 [grpc-default-executor-0] INFO  impl.RaftServerImpl (ServerState.java:setLeader(263)) - 7fb19221-14f6-4c84-b51f-75149814f9ab:group-071C975CCF04 change Leader from 7fb19221-14f6-4c84-b51f-75149814f9ab to null at term 2 for updateCurrentTerm
2019-09-03 12:39:47,797 [grpc-default-executor-0] INFO  impl.RaftServerImpl (RaftServerImpl.java:setRole(171)) - 7fb19221-14f6-4c84-b51f-75149814f9ab:group-071C975CCF04 changes role from LEADER to FOLLOWER at term 2 for recognizeCandidate:85506639-3fe0-42d5-8109-64e3968f1eaf
2019-09-03 12:39:47,797 [grpc-default-executor-0] INFO  impl.RoleInfo (RoleInfo.java:shutdownLeaderState(104)) - 7fb19221-14f6-4c84-b51f-75149814f9ab: shutdown LeaderState
2019-09-03 12:39:47,800 [org.apache.ratis.server.impl.LogAppender$AppenderDaemon$$Lambda$491/240079901@580ed60e] WARN  server.GrpcLogAppender (GrpcLogAppender.java:mayWait(143)) - GrpcLogAppender(7fb19221-14f6-4c84-b51f-75149814f9ab->85506639-3fe0-42d5-8109-64e3968f1eaf): Wait interrupted by java.lang.InterruptedException
2019-09-03 12:39:47,801 [org.apache.ratis.server.impl.LogAppender$AppenderDaemon$$Lambda$491/240079901@1d0c536b] WARN  server.GrpcLogAppender (GrpcLogAppender.java:mayWait(143)) - GrpcLogAppender(7fb19221-14f6-4c84-b51f-75149814f9ab->3ef92ecc-28c5-4fad-842b-96b52fc10be7): Wait interrupted by java.lang.InterruptedException
2019-09-03 12:39:47,801 [grpc-default-executor-0] INFO  impl.PendingRequests (PendingRequests.java:sendNotLeaderResponses(202)) - 7fb19221-14f6-4c84-b51f-75149814f9ab-PendingRequests: sendNotLeaderResponses
2019-09-03 12:39:47,804 [grpc-default-executor-5] INFO  server.GrpcServerProtocolService (GrpcServerProtocolService.java:onCompleted(104)) - 85506639-3fe0-42d5-8109-64e3968f1eaf: appendEntries completed
2019-09-03 12:39:47,804 [grpc-default-executor-0] INFO  impl.RoleInfo (RoleInfo.java:updateAndGet(143)) - 7fb19221-14f6-4c84-b51f-75149814f9ab: start FollowerState
2019-09-03 12:39:47,826 [7fb19221-14f6-4c84-b51f-75149814f9ab-SegmentedRaftLogWorker:Storage Directory /workdir/hadoop-ozone/integration-test/target/test-dir/MiniOzoneClusterImpl-5a0a076c-dbad-4ac8-abab-e3faa05d1f8c/datanode-6/data/ratis/a9b32830-0bd8-48a5-9fb1-071c975ccf04] INFO  segmented.SegmentedRaftLogWorker (SegmentedRaftLogWorker.java:execute(569)) - 7fb19221-14f6-4c84-b51f-75149814f9ab-SegmentedRaftLogWorker:Storage Directory /workdir/hadoop-ozone/integration-test/target/test-dir/MiniOzoneClusterImpl-5a0a076c-dbad-4ac8-abab-e3faa05d1f8c/datanode-6/data/ratis/a9b32830-0bd8-48a5-9fb1-071c975ccf04: created new log segment /workdir/hadoop-ozone/integration-test/target/test-dir/MiniOzoneClusterImpl-5a0a076c-dbad-4ac8-abab-e3faa05d1f8c/datanode-6/data/ratis/a9b32830-0bd8-48a5-9fb1-071c975ccf04/current/log_inprogress_0
2019-09-03 12:39:47,826 [grpc-default-executor-6] INFO  server.GrpcLogAppender (GrpcLogAppender.java:onCompleted(292)) - 7fb19221-14f6-4c84-b51f-75149814f9ab->85506639-3fe0-42d5-8109-64e3968f1eaf: follower responses appendEntries COMPLETED
2019-09-03 12:39:47,826 [grpc-default-executor-4] INFO  server.GrpcServerProtocolService (GrpcServerProtocolService.java:onCompleted(104)) - 3ef92ecc-28c5-4fad-842b-96b52fc10be7: appendEntries completed
2019-09-03 12:39:47,826 [grpc-default-executor-6] INFO  impl.FollowerInfo (FollowerInfo.java:lambda$new$0(50)) - 7fb19221-14f6-4c84-b51f-75149814f9ab->85506639-3fe0-42d5-8109-64e3968f1eaf: nextIndex: updateUnconditionally 0 -> 0
2019-09-03 12:39:47,828 [grpc-default-executor-4] INFO  server.GrpcLogAppender (GrpcLogAppender.java:onCompleted(292)) - 7fb19221-14f6-4c84-b51f-75149814f9ab->3ef92ecc-28c5-4fad-842b-96b52fc10be7: follower responses appendEntries COMPLETED
2019-09-03 12:39:47,829 [grpc-default-executor-4] INFO  impl.FollowerInfo (FollowerInfo.java:lambda$new$0(50)) - 7fb19221-14f6-4c84-b51f-75149814f9ab->3ef92ecc-28c5-4fad-842b-96b52fc10be7: nextIndex: updateUnconditionally 0 -> 0
2019-09-03 12:39:47,829 [Thread-3557] INFO  impl.FollowerState (FollowerState.java:run(106)) - 63ca0b64-7077-4223-897f-e4014b1f8a21:group-A464253FE348 changes to CANDIDATE, lastRpcTime:5143, electionTimeout:5143ms
2019-09-03 12:39:47,829 [Thread-3557] INFO  impl.RoleInfo (RoleInfo.java:shutdownFollowerState(121)) - 63ca0b64-7077-4223-897f-e4014b1f8a21: shutdown FollowerState
2019-09-03 12:39:47,829 [Thread-3557] INFO  impl.RaftServerImpl (RaftServerImpl.java:setRole(171)) - 63ca0b64-7077-4223-897f-e4014b1f8a21:group-A464253FE348 changes role from FOLLOWER to CANDIDATE at term 0 for changeToCandidate
2019-09-03 12:39:47,829 [Thread-3557] INFO  impl.RoleInfo (RoleInfo.java:updateAndGet(143)) - 63ca0b64-7077-4223-897f-e4014b1f8a21: start LeaderElection
2019-09-03 12:39:47,832 [Thread-3551] INFO  impl.FollowerState (FollowerState.java:run(106)) - c2e6ed46-8fd1-4958-8387-820c85525dba:group-A464253FE348 changes to CANDIDATE, lastRpcTime:5149, electionTimeout:5149ms
2019-09-03 12:39:47,832 [Thread-3551] INFO  impl.RoleInfo (RoleInfo.java:shutdownFollowerState(121)) - c2e6ed46-8fd1-4958-8387-820c85525dba: shutdown FollowerState
2019-09-03 12:39:47,833 [Thread-3551] INFO  impl.RaftServerImpl (RaftServerImpl.java:setRole(171)) - c2e6ed46-8fd1-4958-8387-820c85525dba:group-A464253FE348 changes role from FOLLOWER to CANDIDATE at term 0 for changeToCandidate
2019-09-03 12:39:47,833 [Thread-3551] INFO  impl.RoleInfo (RoleInfo.java:updateAndGet(143)) - c2e6ed46-8fd1-4958-8387-820c85525dba: start LeaderElection
2019-09-03 12:39:47,843 [Thread-3554] INFO  impl.FollowerState (FollowerState.java:run(106)) - 08cd99cc-9257-4a37-875f-07701f928046:group-A464253FE348 changes to CANDIDATE, lastRpcTime:5158, electionTimeout:5158ms
2019-09-03 12:39:47,843 [Thread-3554] INFO  impl.RoleInfo (RoleInfo.java:shutdownFollowerState(121)) - 08cd99cc-9257-4a37-875f-07701f928046: shutdown FollowerState
2019-09-03 12:39:47,843 [Thread-3554] INFO  impl.RaftServerImpl (RaftServerImpl.java:setRole(171)) - 08cd99cc-9257-4a37-875f-07701f928046:group-A464253FE348 changes role from FOLLOWER to CANDIDATE at term 0 for changeToCandidate
2019-09-03 12:39:47,843 [Thread-3554] INFO  impl.RoleInfo (RoleInfo.java:updateAndGet(143)) - 08cd99cc-9257-4a37-875f-07701f928046: start LeaderElection
2019-09-03 12:39:47,846 [63ca0b64-7077-4223-897f-e4014b1f8a21:group-A464253FE348:LeaderElection71] INFO  impl.LeaderElection (LeaderElection.java:askForVotes(181)) - 63ca0b64-7077-4223-897f-e4014b1f8a21:group-A464253FE348:LeaderElection71: begin an election at term 1 for -1: [63ca0b64-7077-4223-897f-e4014b1f8a21:192.168.36.96:36314, c2e6ed46-8fd1-4958-8387-820c85525dba:192.168.36.96:38815, 08cd99cc-9257-4a37-875f-07701f928046:192.168.36.96:37401], old=null
2019-09-03 12:39:47,846 [c2e6ed46-8fd1-4958-8387-820c85525dba:group-A464253FE348:LeaderElection72] INFO  impl.LeaderElection (LeaderElection.java:askForVotes(181)) - c2e6ed46-8fd1-4958-8387-820c85525dba:group-A464253FE348:LeaderElection72: begin an election at term 1 for -1: [63ca0b64-7077-4223-897f-e4014b1f8a21:192.168.36.96:36314, c2e6ed46-8fd1-4958-8387-820c85525dba:192.168.36.96:38815, 08cd99cc-9257-4a37-875f-07701f928046:192.168.36.96:37401], old=null
2019-09-03 12:39:47,849 [08cd99cc-9257-4a37-875f-07701f928046:group-A464253FE348:LeaderElection73] INFO  impl.LeaderElection (LeaderElection.java:askForVotes(181)) - 08cd99cc-9257-4a37-875f-07701f928046:group-A464253FE348:LeaderElection73: begin an election at term 1 for -1: [63ca0b64-7077-4223-897f-e4014b1f8a21:192.168.36.96:36314, c2e6ed46-8fd1-4958-8387-820c85525dba:192.168.36.96:38815, 08cd99cc-9257-4a37-875f-07701f928046:192.168.36.96:37401], old=null
2019-09-03 12:39:47,866 [c2e6ed46-8fd1-4958-8387-820c85525dba:group-A464253FE348:LeaderElection72] INFO  impl.LeaderElection (LeaderElection.java:logAndReturn(56)) - c2e6ed46-8fd1-4958-8387-820c85525dba:group-A464253FE348:LeaderElection72: Election REJECTED; received 2 response(s) [c2e6ed46-8fd1-4958-8387-820c85525dba<-63ca0b64-7077-4223-897f-e4014b1f8a21#0:FAIL-t1, c2e6ed46-8fd1-4958-8387-820c85525dba<-08cd99cc-9257-4a37-875f-07701f928046#0:FAIL-t1] and 0 exception(s); c2e6ed46-8fd1-4958-8387-820c85525dba:t1, leader=null, voted=c2e6ed46-8fd1-4958-8387-820c85525dba, raftlog=c2e6ed46-8fd1-4958-8387-820c85525dba-SegmentedRaftLog:OPENED:c-1,f-1,i0, conf=-1: [63ca0b64-7077-4223-897f-e4014b1f8a21:192.168.36.96:36314, c2e6ed46-8fd1-4958-8387-820c85525dba:192.168.36.96:38815, 08cd99cc-9257-4a37-875f-07701f928046:192.168.36.96:37401], old=null
2019-09-03 12:39:47,866 [63ca0b64-7077-4223-897f-e4014b1f8a21:group-A464253FE348:LeaderElection71] INFO  impl.LeaderElection (LeaderElection.java:logAndReturn(56)) - 63ca0b64-7077-4223-897f-e4014b1f8a21:group-A464253FE348:LeaderElection71: Election REJECTED; received 2 response(s) [63ca0b64-7077-4223-897f-e4014b1f8a21<-c2e6ed46-8fd1-4958-8387-820c85525dba#0:FAIL-t1, 63ca0b64-7077-4223-897f-e4014b1f8a21<-08cd99cc-9257-4a37-875f-07701f928046#0:FAIL-t1] and 0 exception(s); 63ca0b64-7077-4223-897f-e4014b1f8a21:t1, leader=null, voted=63ca0b64-7077-4223-897f-e4014b1f8a21, raftlog=63ca0b64-7077-4223-897f-e4014b1f8a21-SegmentedRaftLog:OPENED:c-1,f-1,i0, conf=-1: [63ca0b64-7077-4223-897f-e4014b1f8a21:192.168.36.96:36314, c2e6ed46-8fd1-4958-8387-820c85525dba:192.168.36.96:38815, 08cd99cc-9257-4a37-875f-07701f928046:192.168.36.96:37401], old=null
2019-09-03 12:39:47,866 [c2e6ed46-8fd1-4958-8387-820c85525dba:group-A464253FE348:LeaderElection72] INFO  impl.RaftServerImpl (RaftServerImpl.java:setRole(171)) - c2e6ed46-8fd1-4958-8387-820c85525dba:group-A464253FE348 changes role from CANDIDATE to FOLLOWER at term 1 for DISCOVERED_A_NEW_TERM
2019-09-03 12:39:47,866 [08cd99cc-9257-4a37-875f-07701f928046:group-A464253FE348:LeaderElection73] INFO  impl.LeaderElection (LeaderElection.java:logAndReturn(56)) - 08cd99cc-9257-4a37-875f-07701f928046:group-A464253FE348:LeaderElection73: Election REJECTED; received 2 response(s) [08cd99cc-9257-4a37-875f-07701f928046<-63ca0b64-7077-4223-897f-e4014b1f8a21#0:FAIL-t1, 08cd99cc-9257-4a37-875f-07701f928046<-c2e6ed46-8fd1-4958-8387-820c85525dba#0:FAIL-t1] and 0 exception(s); 08cd99cc-9257-4a37-875f-07701f928046:t1, leader=null, voted=08cd99cc-9257-4a37-875f-07701f928046, raftlog=08cd99cc-9257-4a37-875f-07701f928046-SegmentedRaftLog:OPENED:c-1,f-1,i0, conf=-1: [63ca0b64-7077-4223-897f-e4014b1f8a21:192.168.36.96:36314, c2e6ed46-8fd1-4958-8387-820c85525dba:192.168.36.96:38815, 08cd99cc-9257-4a37-875f-07701f928046:192.168.36.96:37401], old=null
2019-09-03 12:39:47,876 [c2e6ed46-8fd1-4958-8387-820c85525dba:group-A464253FE348:LeaderElection72] INFO  impl.RoleInfo (RoleInfo.java:shutdownLeaderElection(134)) - c2e6ed46-8fd1-4958-8387-820c85525dba: shutdown LeaderElection
2019-09-03 12:39:47,876 [63ca0b64-7077-4223-897f-e4014b1f8a21:group-A464253FE348:LeaderElection71] INFO  impl.RaftServerImpl (RaftServerImpl.java:setRole(171)) - 63ca0b64-7077-4223-897f-e4014b1f8a21:group-A464253FE348 changes role from CANDIDATE to FOLLOWER at term 1 for DISCOVERED_A_NEW_TERM
2019-09-03 12:39:47,876 [08cd99cc-9257-4a37-875f-07701f928046:group-A464253FE348:LeaderElection73] INFO  impl.RaftServerImpl (RaftServerImpl.java:setRole(171)) - 08cd99cc-9257-4a37-875f-07701f928046:group-A464253FE348 changes role from CANDIDATE to FOLLOWER at term 1 for DISCOVERED_A_NEW_TERM
2019-09-03 12:39:47,876 [63ca0b64-7077-4223-897f-e4014b1f8a21:group-A464253FE348:LeaderElection71] INFO  impl.RoleInfo (RoleInfo.java:shutdownLeaderElection(134)) - 63ca0b64-7077-4223-897f-e4014b1f8a21: shutdown LeaderElection
2019-09-03 12:39:47,877 [c2e6ed46-8fd1-4958-8387-820c85525dba:group-A464253FE348:LeaderElection72] INFO  impl.RoleInfo (RoleInfo.java:updateAndGet(143)) - c2e6ed46-8fd1-4958-8387-820c85525dba: start FollowerState
2019-09-03 12:39:47,877 [08cd99cc-9257-4a37-875f-07701f928046:group-A464253FE348:LeaderElection73] INFO  impl.RoleInfo (RoleInfo.java:shutdownLeaderElection(134)) - 08cd99cc-9257-4a37-875f-07701f928046: shutdown LeaderElection
2019-09-03 12:39:47,877 [63ca0b64-7077-4223-897f-e4014b1f8a21:group-A464253FE348:LeaderElection71] INFO  impl.RoleInfo (RoleInfo.java:updateAndGet(143)) - 63ca0b64-7077-4223-897f-e4014b1f8a21: start FollowerState
2019-09-03 12:39:47,877 [08cd99cc-9257-4a37-875f-07701f928046:group-A464253FE348:LeaderElection73] INFO  impl.RoleInfo (RoleInfo.java:updateAndGet(143)) - 08cd99cc-9257-4a37-875f-07701f928046: start FollowerState
2019-09-03 12:39:48,570 [grpc-default-executor-6] INFO  client.GrpcClientProtocolClient (GrpcClientProtocolClient.java:onNext(255)) - client-AC3BC3E8CC79->85506639-3fe0-42d5-8109-64e3968f1eaf: receive RaftClientReply:client-AC3BC3E8CC79->85506639-3fe0-42d5-8109-64e3968f1eaf@group-071C975CCF04, cid=183, FAILED org.apache.ratis.protocol.NotLeaderException: Server 85506639-3fe0-42d5-8109-64e3968f1eaf is not the leader (null). Request must be sent to leader., logIndex=0, commits[85506639-3fe0-42d5-8109-64e3968f1eaf:c-1]
2019-09-03 12:39:49,589 [grpc-default-executor-6] INFO  client.GrpcClientProtocolClient (GrpcClientProtocolClient.java:onNext(255)) - client-AC3BC3E8CC79->7fb19221-14f6-4c84-b51f-75149814f9ab: receive RaftClientReply:client-AC3BC3E8CC79->7fb19221-14f6-4c84-b51f-75149814f9ab@group-071C975CCF04, cid=183, FAILED org.apache.ratis.protocol.NotLeaderException: Server 7fb19221-14f6-4c84-b51f-75149814f9ab is not the leader (null). Request must be sent to leader., logIndex=0, commits[7fb19221-14f6-4c84-b51f-75149814f9ab:c-1, 85506639-3fe0-42d5-8109-64e3968f1eaf:c-1, 3ef92ecc-28c5-4fad-842b-96b52fc10be7:c-1]
2019-09-03 12:39:50,598 [grpc-default-executor-6] INFO  client.GrpcClientProtocolClient (GrpcClientProtocolClient.java:onNext(255)) - client-AC3BC3E8CC79->85506639-3fe0-42d5-8109-64e3968f1eaf: receive RaftClientReply:client-AC3BC3E8CC79->85506639-3fe0-42d5-8109-64e3968f1eaf@group-071C975CCF04, cid=183, FAILED org.apache.ratis.protocol.NotLeaderException: Server 85506639-3fe0-42d5-8109-64e3968f1eaf is not the leader (null). Request must be sent to leader., logIndex=0, commits[85506639-3fe0-42d5-8109-64e3968f1eaf:c-1]
2019-09-03 12:39:51,606 [grpc-default-executor-0] INFO  client.GrpcClientProtocolClient (GrpcClientProtocolClient.java:onNext(255)) - client-AC3BC3E8CC79->7fb19221-14f6-4c84-b51f-75149814f9ab: receive RaftClientReply:client-AC3BC3E8CC79->7fb19221-14f6-4c84-b51f-75149814f9ab@group-071C975CCF04, cid=183, FAILED org.apache.ratis.protocol.NotLeaderException: Server 7fb19221-14f6-4c84-b51f-75149814f9ab is not the leader (null). Request must be sent to leader., logIndex=0, commits[7fb19221-14f6-4c84-b51f-75149814f9ab:c-1, 85506639-3fe0-42d5-8109-64e3968f1eaf:c-1, 3ef92ecc-28c5-4fad-842b-96b52fc10be7:c-1]
2019-09-03 12:39:52,615 [grpc-default-executor-0] INFO  client.GrpcClientProtocolClient (GrpcClientProtocolClient.java:onNext(255)) - client-AC3BC3E8CC79->3ef92ecc-28c5-4fad-842b-96b52fc10be7: receive RaftClientReply:client-AC3BC3E8CC79->3ef92ecc-28c5-4fad-842b-96b52fc10be7@group-071C975CCF04, cid=183, FAILED org.apache.ratis.protocol.NotLeaderException: Server 3ef92ecc-28c5-4fad-842b-96b52fc10be7 is not the leader (null). Request must be sent to leader., logIndex=0, commits[3ef92ecc-28c5-4fad-842b-96b52fc10be7:c-1]
2019-09-03 12:39:52,816 [Thread-3597] INFO  impl.FollowerState (FollowerState.java:run(106)) - 85506639-3fe0-42d5-8109-64e3968f1eaf:group-071C975CCF04 changes to CANDIDATE, lastRpcTime:5121, electionTimeout:5090ms
2019-09-03 12:39:52,816 [Thread-3597] INFO  impl.RoleInfo (RoleInfo.java:shutdownFollowerState(121)) - 85506639-3fe0-42d5-8109-64e3968f1eaf: shutdown FollowerState
2019-09-03 12:39:52,817 [Thread-3597] INFO  impl.RaftServerImpl (RaftServerImpl.java:setRole(171)) - 85506639-3fe0-42d5-8109-64e3968f1eaf:group-071C975CCF04 changes role from FOLLOWER to CANDIDATE at term 2 for changeToCandidate
2019-09-03 12:39:52,817 [Thread-3597] INFO  impl.RoleInfo (RoleInfo.java:updateAndGet(143)) - 85506639-3fe0-42d5-8109-64e3968f1eaf: start LeaderElection
2019-09-03 12:39:52,857 [Thread-3606] INFO  impl.FollowerState (FollowerState.java:run(106)) - 3ef92ecc-28c5-4fad-842b-96b52fc10be7:group-071C975CCF04 changes to CANDIDATE, lastRpcTime:5086, electionTimeout:5060ms
2019-09-03 12:39:52,857 [Thread-3606] INFO  impl.RoleInfo (RoleInfo.java:shutdownFollowerState(121)) - 3ef92ecc-28c5-4fad-842b-96b52fc10be7: shutdown FollowerState
2019-09-03 12:39:52,857 [Thread-3606] INFO  impl.RaftServerImpl (RaftServerImpl.java:setRole(171)) - 3ef92ecc-28c5-4fad-842b-96b52fc10be7:group-071C975CCF04 changes role from FOLLOWER to CANDIDATE at term 2 for changeToCandidate
2019-09-03 12:39:52,858 [Thread-3606] INFO  impl.RoleInfo (RoleInfo.java:updateAndGet(143)) - 3ef92ecc-28c5-4fad-842b-96b52fc10be7: start LeaderElection
2019-09-03 12:39:52,889 [Thread-3621] INFO  impl.FollowerState (FollowerState.java:run(106)) - 08cd99cc-9257-4a37-875f-07701f928046:group-A464253FE348 changes to CANDIDATE, lastRpcTime:5012, electionTimeout:5012ms
2019-09-03 12:39:52,890 [Thread-3621] INFO  impl.RoleInfo (RoleInfo.java:shutdownFollowerState(121)) - 08cd99cc-9257-4a37-875f-07701f928046: shutdown FollowerState
2019-09-03 12:39:52,890 [Thread-3621] INFO  impl.RaftServerImpl (RaftServerImpl.java:setRole(171)) - 08cd99cc-9257-4a37-875f-07701f928046:group-A464253FE348 changes role from FOLLOWER to CANDIDATE at term 1 for changeToCandidate
2019-09-03 12:39:52,890 [Thread-3621] INFO  impl.RoleInfo (RoleInfo.java:updateAndGet(143)) - 08cd99cc-9257-4a37-875f-07701f928046: start LeaderElection
2019-09-03 12:39:52,892 [85506639-3fe0-42d5-8109-64e3968f1eaf:group-071C975CCF04:LeaderElection74] INFO  impl.LeaderElection (LeaderElection.java:askForVotes(181)) - 85506639-3fe0-42d5-8109-64e3968f1eaf:group-071C975CCF04:LeaderElection74: begin an election at term 3 for -1: [85506639-3fe0-42d5-8109-64e3968f1eaf:192.168.36.96:32803, 3ef92ecc-28c5-4fad-842b-96b52fc10be7:192.168.36.96:40472, 7fb19221-14f6-4c84-b51f-75149814f9ab:192.168.36.96:44311], old=null
2019-09-03 12:39:52,893 [3ef92ecc-28c5-4fad-842b-96b52fc10be7:group-071C975CCF04:LeaderElection75] INFO  impl.LeaderElection (LeaderElection.java:askForVotes(181)) - 3ef92ecc-28c5-4fad-842b-96b52fc10be7:group-071C975CCF04:LeaderElection75: begin an election at term 3 for -1: [85506639-3fe0-42d5-8109-64e3968f1eaf:192.168.36.96:32803, 3ef92ecc-28c5-4fad-842b-96b52fc10be7:192.168.36.96:40472, 7fb19221-14f6-4c84-b51f-75149814f9ab:192.168.36.96:44311], old=null
2019-09-03 12:39:52,896 [grpc-default-executor-0] INFO  impl.RaftServerImpl (RaftServerImpl.java:setRole(171)) - 7fb19221-14f6-4c84-b51f-75149814f9ab:group-071C975CCF04 changes role from FOLLOWER to FOLLOWER at term 3 for recognizeCandidate:85506639-3fe0-42d5-8109-64e3968f1eaf
2019-09-03 12:39:52,896 [08cd99cc-9257-4a37-875f-07701f928046:group-A464253FE348:LeaderElection76] INFO  impl.LeaderElection (LeaderElection.java:askForVotes(181)) - 08cd99cc-9257-4a37-875f-07701f928046:group-A464253FE348:LeaderElection76: begin an election at term 2 for -1: [63ca0b64-7077-4223-897f-e4014b1f8a21:192.168.36.96:36314, c2e6ed46-8fd1-4958-8387-820c85525dba:192.168.36.96:38815, 08cd99cc-9257-4a37-875f-07701f928046:192.168.36.96:37401], old=null
2019-09-03 12:39:52,896 [grpc-default-executor-0] INFO  impl.RoleInfo (RoleInfo.java:shutdownFollowerState(121)) - 7fb19221-14f6-4c84-b51f-75149814f9ab: shutdown FollowerState
2019-09-03 12:39:52,896 [grpc-default-executor-0] INFO  impl.RoleInfo (RoleInfo.java:updateAndGet(143)) - 7fb19221-14f6-4c84-b51f-75149814f9ab: start FollowerState
2019-09-03 12:39:52,896 [Thread-3609] INFO  impl.FollowerState (FollowerState.java:run(114)) - 7fb19221-14f6-4c84-b51f-75149814f9ab: FollowerState was interrupted: java.lang.InterruptedException: sleep interrupted
2019-09-03 12:39:52,901 [grpc-default-executor-7] INFO  impl.RaftServerImpl (RaftServerImpl.java:setRole(171)) - 63ca0b64-7077-4223-897f-e4014b1f8a21:group-A464253FE348 changes role from FOLLOWER to FOLLOWER at term 2 for recognizeCandidate:08cd99cc-9257-4a37-875f-07701f928046
2019-09-03 12:39:52,902 [grpc-default-executor-7] INFO  impl.RoleInfo (RoleInfo.java:shutdownFollowerState(121)) - 63ca0b64-7077-4223-897f-e4014b1f8a21: shutdown FollowerState
2019-09-03 12:39:52,902 [grpc-default-executor-4] INFO  impl.RaftServerImpl (RaftServerImpl.java:setRole(171)) - c2e6ed46-8fd1-4958-8387-820c85525dba:group-A464253FE348 changes role from FOLLOWER to FOLLOWER at term 2 for recognizeCandidate:08cd99cc-9257-4a37-875f-07701f928046
2019-09-03 12:39:52,902 [Thread-3620] INFO  impl.FollowerState (FollowerState.java:run(114)) - 63ca0b64-7077-4223-897f-e4014b1f8a21: FollowerState was interrupted: java.lang.InterruptedException: sleep interrupted
2019-09-03 12:39:52,902 [grpc-default-executor-4] INFO  impl.RoleInfo (RoleInfo.java:shutdownFollowerState(121)) - c2e6ed46-8fd1-4958-8387-820c85525dba: shutdown FollowerState
2019-09-03 12:39:52,916 [grpc-default-executor-6] INFO  impl.RaftServerImpl (RaftServerImpl.java:setRole(171)) - 7fb19221-14f6-4c84-b51f-75149814f9ab:group-071C975CCF04 changes role from FOLLOWER to FOLLOWER at term 3 for recognizeCandidate:3ef92ecc-28c5-4fad-842b-96b52fc10be7
2019-09-03 12:39:52,902 [grpc-default-executor-7] INFO  impl.RoleInfo (RoleInfo.java:updateAndGet(143)) - 63ca0b64-7077-4223-897f-e4014b1f8a21: start FollowerState
2019-09-03 12:39:52,916 [grpc-default-executor-6] INFO  impl.RoleInfo (RoleInfo.java:shutdownFollowerState(121)) - 7fb19221-14f6-4c84-b51f-75149814f9ab: shutdown FollowerState
2019-09-03 12:39:52,916 [grpc-default-executor-4] INFO  impl.RoleInfo (RoleInfo.java:updateAndGet(143)) - c2e6ed46-8fd1-4958-8387-820c85525dba: start FollowerState
2019-09-03 12:39:52,917 [Thread-3645] INFO  impl.FollowerState (FollowerState.java:run(114)) - 7fb19221-14f6-4c84-b51f-75149814f9ab: FollowerState was interrupted: java.lang.InterruptedException: sleep interrupted
2019-09-03 12:39:52,917 [grpc-default-executor-6] INFO  impl.RoleInfo (RoleInfo.java:updateAndGet(143)) - 7fb19221-14f6-4c84-b51f-75149814f9ab: start FollowerState
2019-09-03 12:39:52,917 [85506639-3fe0-42d5-8109-64e3968f1eaf:group-071C975CCF04:LeaderElection74] INFO  impl.LeaderElection (LeaderElection.java:logAndReturn(56)) - 85506639-3fe0-42d5-8109-64e3968f1eaf:group-071C975CCF04:LeaderElection74: Election REJECTED; received 2 response(s) [85506639-3fe0-42d5-8109-64e3968f1eaf<-3ef92ecc-28c5-4fad-842b-96b52fc10be7#0:FAIL-t3, 85506639-3fe0-42d5-8109-64e3968f1eaf<-7fb19221-14f6-4c84-b51f-75149814f9ab#0:FAIL-t3] and 0 exception(s); 85506639-3fe0-42d5-8109-64e3968f1eaf:t3, leader=null, voted=85506639-3fe0-42d5-8109-64e3968f1eaf, raftlog=85506639-3fe0-42d5-8109-64e3968f1eaf-SegmentedRaftLog:OPENED:c-1,f-1,i0, conf=-1: [85506639-3fe0-42d5-8109-64e3968f1eaf:192.168.36.96:32803, 3ef92ecc-28c5-4fad-842b-96b52fc10be7:192.168.36.96:40472, 7fb19221-14f6-4c84-b51f-75149814f9ab:192.168.36.96:44311], old=null
2019-09-03 12:39:52,917 [85506639-3fe0-42d5-8109-64e3968f1eaf:group-071C975CCF04:LeaderElection74] INFO  impl.RaftServerImpl (RaftServerImpl.java:setRole(171)) - 85506639-3fe0-42d5-8109-64e3968f1eaf:group-071C975CCF04 changes role from CANDIDATE to FOLLOWER at term 3 for DISCOVERED_A_NEW_TERM
2019-09-03 12:39:52,920 [85506639-3fe0-42d5-8109-64e3968f1eaf:group-071C975CCF04:LeaderElection74] INFO  impl.RoleInfo (RoleInfo.java:shutdownLeaderElection(134)) - 85506639-3fe0-42d5-8109-64e3968f1eaf: shutdown LeaderElection
2019-09-03 12:39:52,920 [85506639-3fe0-42d5-8109-64e3968f1eaf:group-071C975CCF04:LeaderElection74] INFO  impl.RoleInfo (RoleInfo.java:updateAndGet(143)) - 85506639-3fe0-42d5-8109-64e3968f1eaf: start FollowerState
2019-09-03 12:39:52,922 [3ef92ecc-28c5-4fad-842b-96b52fc10be7:group-071C975CCF04:LeaderElection75] INFO  impl.LeaderElection (LeaderElection.java:logAndReturn(56)) - 3ef92ecc-28c5-4fad-842b-96b52fc10be7:group-071C975CCF04:LeaderElection75: Election REJECTED; received 2 response(s) [3ef92ecc-28c5-4fad-842b-96b52fc10be7<-85506639-3fe0-42d5-8109-64e3968f1eaf#0:FAIL-t3, 3ef92ecc-28c5-4fad-842b-96b52fc10be7<-7fb19221-14f6-4c84-b51f-75149814f9ab#0:FAIL-t3] and 0 exception(s); 3ef92ecc-28c5-4fad-842b-96b52fc10be7:t3, leader=null, voted=3ef92ecc-28c5-4fad-842b-96b52fc10be7, raftlog=3ef92ecc-28c5-4fad-842b-96b52fc10be7-SegmentedRaftLog:OPENED:c-1,f-1,i0, conf=-1: [85506639-3fe0-42d5-8109-64e3968f1eaf:192.168.36.96:32803, 3ef92ecc-28c5-4fad-842b-96b52fc10be7:192.168.36.96:40472, 7fb19221-14f6-4c84-b51f-75149814f9ab:192.168.36.96:44311], old=null
2019-09-03 12:39:52,923 [3ef92ecc-28c5-4fad-842b-96b52fc10be7:group-071C975CCF04:LeaderElection75] INFO  impl.RaftServerImpl (RaftServerImpl.java:setRole(171)) - 3ef92ecc-28c5-4fad-842b-96b52fc10be7:group-071C975CCF04 changes role from CANDIDATE to FOLLOWER at term 3 for DISCOVERED_A_NEW_TERM
2019-09-03 12:39:52,925 [3ef92ecc-28c5-4fad-842b-96b52fc10be7:group-071C975CCF04:LeaderElection75] INFO  impl.RoleInfo (RoleInfo.java:shutdownLeaderElection(134)) - 3ef92ecc-28c5-4fad-842b-96b52fc10be7: shutdown LeaderElection
2019-09-03 12:39:52,925 [3ef92ecc-28c5-4fad-842b-96b52fc10be7:group-071C975CCF04:LeaderElection75] INFO  impl.RoleInfo (RoleInfo.java:updateAndGet(143)) - 3ef92ecc-28c5-4fad-842b-96b52fc10be7: start FollowerState
2019-09-03 12:39:52,935 [08cd99cc-9257-4a37-875f-07701f928046:group-A464253FE348:LeaderElection76] INFO  impl.LeaderElection (LeaderElection.java:logAndReturn(56)) - 08cd99cc-9257-4a37-875f-07701f928046:group-A464253FE348:LeaderElection76: Election PASSED; received 1 response(s) [08cd99cc-9257-4a37-875f-07701f928046<-63ca0b64-7077-4223-897f-e4014b1f8a21#0:OK-t2] and 0 exception(s); 08cd99cc-9257-4a37-875f-07701f928046:t2, leader=null, voted=08cd99cc-9257-4a37-875f-07701f928046, raftlog=08cd99cc-9257-4a37-875f-07701f928046-SegmentedRaftLog:OPENED:c-1,f-1,i0, conf=-1: [63ca0b64-7077-4223-897f-e4014b1f8a21:192.168.36.96:36314, c2e6ed46-8fd1-4958-8387-820c85525dba:192.168.36.96:38815, 08cd99cc-9257-4a37-875f-07701f928046:192.168.36.96:37401], old=null
2019-09-03 12:39:52,935 [08cd99cc-9257-4a37-875f-07701f928046:group-A464253FE348:LeaderElection76] INFO  impl.RoleInfo (RoleInfo.java:shutdownLeaderElection(134)) - 08cd99cc-9257-4a37-875f-07701f928046: shutdown LeaderElection
2019-09-03 12:39:52,937 [08cd99cc-9257-4a37-875f-07701f928046:group-A464253FE348:LeaderElection76] INFO  impl.RaftServerImpl (RaftServerImpl.java:setRole(171)) - 08cd99cc-9257-4a37-875f-07701f928046:group-A464253FE348 changes role from CANDIDATE to LEADER at term 2 for changeToLeader
2019-09-03 12:39:52,937 [08cd99cc-9257-4a37-875f-07701f928046:group-A464253FE348:LeaderElection76] INFO  impl.RaftServerImpl (ServerState.java:setLeader(263)) - 08cd99cc-9257-4a37-875f-07701f928046:group-A464253FE348 change Leader from null to 08cd99cc-9257-4a37-875f-07701f928046 at term 2 for becomeLeader, leader elected after 10260ms
2019-09-03 12:39:52,937 [08cd99cc-9257-4a37-875f-07701f928046:group-A464253FE348:LeaderElection76] INFO  server.RaftServerConfigKeys (ConfUtils.java:logGet(43)) - raft.server.staging.catchup.gap = 1000 (default)
2019-09-03 12:39:52,937 [08cd99cc-9257-4a37-875f-07701f928046:group-A464253FE348:LeaderElection76] INFO  server.RaftServerConfigKeys (ConfUtils.java:logGet(43)) - raft.server.rpc.sleep.time = 25ms (default)
2019-09-03 12:39:52,937 [08cd99cc-9257-4a37-875f-07701f928046:group-A464253FE348:LeaderElection76] INFO  server.RaftServerConfigKeys (ConfUtils.java:logGet(43)) - raft.server.write.element-limit = 4096 (default)
2019-09-03 12:39:52,938 [08cd99cc-9257-4a37-875f-07701f928046:group-A464253FE348:LeaderElection76] INFO  server.RaftServerConfigKeys (ConfUtils.java:logGet(43)) - raft.server.watch.timeout = 10s (default)
2019-09-03 12:39:52,938 [08cd99cc-9257-4a37-875f-07701f928046:group-A464253FE348:LeaderElection76] INFO  server.RaftServerConfigKeys (ConfUtils.java:logGet(43)) - raft.server.watch.timeout.denomination = 1s (default)
2019-09-03 12:39:52,938 [08cd99cc-9257-4a37-875f-07701f928046:group-A464253FE348:LeaderElection76] INFO  server.RaftServerConfigKeys (ConfUtils.java:logGet(43)) - raft.server.watch.element-limit = 65536 (default)
2019-09-03 12:39:52,938 [08cd99cc-9257-4a37-875f-07701f928046:group-A464253FE348:LeaderElection76] INFO  server.RaftServerConfigKeys (ConfUtils.java:logGet(43)) - raft.server.log.appender.snapshot.chunk.size.max = 16MB (=16777216) (default)
2019-09-03 12:39:52,939 [08cd99cc-9257-4a37-875f-07701f928046:group-A464253FE348:LeaderElection76] INFO  server.RaftServerConfigKeys (ConfUtils.java:logGet(43)) - raft.server.log.appender.buffer.byte-limit = 33554432 (custom)
2019-09-03 12:39:52,939 [08cd99cc-9257-4a37-875f-07701f928046:group-A464253FE348:LeaderElection76] INFO  server.RaftServerConfigKeys (ConfUtils.java:logGet(43)) - raft.server.log.appender.buffer.element-limit = 1 (custom)
2019-09-03 12:39:52,939 [08cd99cc-9257-4a37-875f-07701f928046:group-A464253FE348:LeaderElection76] INFO  grpc.GrpcConfigKeys$Server (ConfUtils.java:logGet(43)) - raft.grpc.server.leader.outstanding.appends.max = 128 (default)
2019-09-03 12:39:52,939 [08cd99cc-9257-4a37-875f-07701f928046:group-A464253FE348:LeaderElection76] INFO  server.RaftServerConfigKeys (ConfUtils.java:logGet(43)) - raft.server.rpc.request.timeout = 3000ms (default)
2019-09-03 12:39:52,939 [08cd99cc-9257-4a37-875f-07701f928046:group-A464253FE348:LeaderElection76] INFO  server.RaftServerConfigKeys (ConfUtils.java:logGet(43)) - raft.server.log.appender.install.snapshot.enabled = false (custom)
2019-09-03 12:39:52,940 [08cd99cc-9257-4a37-875f-07701f928046:group-A464253FE348:LeaderElection76] INFO  server.RaftServerConfigKeys (ConfUtils.java:logGet(43)) - raft.server.log.appender.snapshot.chunk.size.max = 16MB (=16777216) (default)
2019-09-03 12:39:52,940 [08cd99cc-9257-4a37-875f-07701f928046:group-A464253FE348:LeaderElection76] INFO  server.RaftServerConfigKeys (ConfUtils.java:logGet(43)) - raft.server.log.appender.buffer.byte-limit = 33554432 (custom)
2019-09-03 12:39:52,940 [08cd99cc-9257-4a37-875f-07701f928046:group-A464253FE348:LeaderElection76] INFO  server.RaftServerConfigKeys (ConfUtils.java:logGet(43)) - raft.server.log.appender.buffer.element-limit = 1 (custom)
2019-09-03 12:39:52,940 [08cd99cc-9257-4a37-875f-07701f928046:group-A464253FE348:LeaderElection76] INFO  grpc.GrpcConfigKeys$Server (ConfUtils.java:logGet(43)) - raft.grpc.server.leader.outstanding.appends.max = 128 (default)
2019-09-03 12:39:52,940 [08cd99cc-9257-4a37-875f-07701f928046:group-A464253FE348:LeaderElection76] INFO  server.RaftServerConfigKeys (ConfUtils.java:logGet(43)) - raft.server.rpc.request.timeout = 3000ms (default)
2019-09-03 12:39:52,940 [08cd99cc-9257-4a37-875f-07701f928046:group-A464253FE348:LeaderElection76] INFO  server.RaftServerConfigKeys (ConfUtils.java:logGet(43)) - raft.server.log.appender.install.snapshot.enabled = false (custom)
2019-09-03 12:39:52,941 [08cd99cc-9257-4a37-875f-07701f928046:group-A464253FE348:LeaderElection76] INFO  impl.RoleInfo (RoleInfo.java:updateAndGet(143)) - 08cd99cc-9257-4a37-875f-07701f928046: start LeaderState
2019-09-03 12:39:52,941 [08cd99cc-9257-4a37-875f-07701f928046:group-A464253FE348:LeaderElection76] INFO  segmented.SegmentedRaftLogWorker (SegmentedRaftLogWorker.java:startLogSegment(380)) - 08cd99cc-9257-4a37-875f-07701f928046-SegmentedRaftLogWorker:Storage Directory /workdir/hadoop-ozone/integration-test/target/test-dir/MiniOzoneClusterImpl-5a0a076c-dbad-4ac8-abab-e3faa05d1f8c/datanode-1/data/ratis/56b91cb3-b4f7-4e32-9ee4-a464253fe348: Starting segment from index:0
2019-09-03 12:39:52,942 [08cd99cc-9257-4a37-875f-07701f928046:group-A464253FE348:LeaderElection76] INFO  impl.RaftServerImpl (ServerState.java:setRaftConf(361)) - 08cd99cc-9257-4a37-875f-07701f928046:group-A464253FE348 set configuration 0: [63ca0b64-7077-4223-897f-e4014b1f8a21:192.168.36.96:36314, c2e6ed46-8fd1-4958-8387-820c85525dba:192.168.36.96:38815, 08cd99cc-9257-4a37-875f-07701f928046:192.168.36.96:37401], old=null at 0
2019-09-03 12:39:52,979 [grpc-default-executor-7] INFO  impl.RaftServerImpl (ServerState.java:setLeader(263)) - c2e6ed46-8fd1-4958-8387-820c85525dba:group-A464253FE348 change Leader from null to 08cd99cc-9257-4a37-875f-07701f928046 at term 2 for appendEntries, leader elected after 10303ms
2019-09-03 12:39:52,979 [grpc-default-executor-4] INFO  impl.RaftServerImpl (ServerState.java:setLeader(263)) - 63ca0b64-7077-4223-897f-e4014b1f8a21:group-A464253FE348 change Leader from null to 08cd99cc-9257-4a37-875f-07701f928046 at term 2 for appendEntries, leader elected after 10303ms
2019-09-03 12:39:52,982 [grpc-default-executor-7] INFO  impl.RaftServerImpl (ServerState.java:setRaftConf(361)) - 63ca0b64-7077-4223-897f-e4014b1f8a21:group-A464253FE348 set configuration 0: [63ca0b64-7077-4223-897f-e4014b1f8a21:192.168.36.96:36314, c2e6ed46-8fd1-4958-8387-820c85525dba:192.168.36.96:38815, 08cd99cc-9257-4a37-875f-07701f928046:192.168.36.96:37401], old=null at 0
2019-09-03 12:39:52,982 [grpc-default-executor-4] INFO  impl.RaftServerImpl (ServerState.java:setRaftConf(361)) - c2e6ed46-8fd1-4958-8387-820c85525dba:group-A464253FE348 set configuration 0: [63ca0b64-7077-4223-897f-e4014b1f8a21:192.168.36.96:36314, c2e6ed46-8fd1-4958-8387-820c85525dba:192.168.36.96:38815, 08cd99cc-9257-4a37-875f-07701f928046:192.168.36.96:37401], old=null at 0
2019-09-03 12:39:52,982 [grpc-default-executor-7] INFO  segmented.SegmentedRaftLogWorker (SegmentedRaftLogWorker.java:startLogSegment(380)) - 63ca0b64-7077-4223-897f-e4014b1f8a21-SegmentedRaftLogWorker:Storage Directory /workdir/hadoop-ozone/integration-test/target/test-dir/MiniOzoneClusterImpl-5a0a076c-dbad-4ac8-abab-e3faa05d1f8c/datanode-2/data/ratis/56b91cb3-b4f7-4e32-9ee4-a464253fe348: Starting segment from index:0
2019-09-03 12:39:52,982 [grpc-default-executor-4] INFO  segmented.SegmentedRaftLogWorker (SegmentedRaftLogWorker.java:startLogSegment(380)) - c2e6ed46-8fd1-4958-8387-820c85525dba-SegmentedRaftLogWorker:Storage Directory /workdir/hadoop-ozone/integration-test/target/test-dir/MiniOzoneClusterImpl-5a0a076c-dbad-4ac8-abab-e3faa05d1f8c/datanode-5/data/ratis/56b91cb3-b4f7-4e32-9ee4-a464253fe348: Starting segment from index:0
2019-09-03 12:39:52,982 [08cd99cc-9257-4a37-875f-07701f928046-SegmentedRaftLogWorker:Storage Directory /workdir/hadoop-ozone/integration-test/target/test-dir/MiniOzoneClusterImpl-5a0a076c-dbad-4ac8-abab-e3faa05d1f8c/datanode-1/data/ratis/56b91cb3-b4f7-4e32-9ee4-a464253fe348] INFO  segmented.SegmentedRaftLogWorker (SegmentedRaftLogWorker.java:execute(569)) - 08cd99cc-9257-4a37-875f-07701f928046-SegmentedRaftLogWorker:Storage Directory /workdir/hadoop-ozone/integration-test/target/test-dir/MiniOzoneClusterImpl-5a0a076c-dbad-4ac8-abab-e3faa05d1f8c/datanode-1/data/ratis/56b91cb3-b4f7-4e32-9ee4-a464253fe348: created new log segment /workdir/hadoop-ozone/integration-test/target/test-dir/MiniOzoneClusterImpl-5a0a076c-dbad-4ac8-abab-e3faa05d1f8c/datanode-1/data/ratis/56b91cb3-b4f7-4e32-9ee4-a464253fe348/current/log_inprogress_0
2019-09-03 12:39:53,019 [c2e6ed46-8fd1-4958-8387-820c85525dba-SegmentedRaftLogWorker:Storage Directory /workdir/hadoop-ozone/integration-test/target/test-dir/MiniOzoneClusterImpl-5a0a076c-dbad-4ac8-abab-e3faa05d1f8c/datanode-5/data/ratis/56b91cb3-b4f7-4e32-9ee4-a464253fe348] INFO  segmented.SegmentedRaftLogWorker (SegmentedRaftLogWorker.java:execute(569)) - c2e6ed46-8fd1-4958-8387-820c85525dba-SegmentedRaftLogWorker:Storage Directory /workdir/hadoop-ozone/integration-test/target/test-dir/MiniOzoneClusterImpl-5a0a076c-dbad-4ac8-abab-e3faa05d1f8c/datanode-5/data/ratis/56b91cb3-b4f7-4e32-9ee4-a464253fe348: created new log segment /workdir/hadoop-ozone/integration-test/target/test-dir/MiniOzoneClusterImpl-5a0a076c-dbad-4ac8-abab-e3faa05d1f8c/datanode-5/data/ratis/56b91cb3-b4f7-4e32-9ee4-a464253fe348/current/log_inprogress_0
2019-09-03 12:39:53,019 [63ca0b64-7077-4223-897f-e4014b1f8a21-SegmentedRaftLogWorker:Storage Directory /workdir/hadoop-ozone/integration-test/target/test-dir/MiniOzoneClusterImpl-5a0a076c-dbad-4ac8-abab-e3faa05d1f8c/datanode-2/data/ratis/56b91cb3-b4f7-4e32-9ee4-a464253fe348] INFO  segmented.SegmentedRaftLogWorker (SegmentedRaftLogWorker.java:execute(569)) - 63ca0b64-7077-4223-897f-e4014b1f8a21-SegmentedRaftLogWorker:Storage Directory /workdir/hadoop-ozone/integration-test/target/test-dir/MiniOzoneClusterImpl-5a0a076c-dbad-4ac8-abab-e3faa05d1f8c/datanode-2/data/ratis/56b91cb3-b4f7-4e32-9ee4-a464253fe348: created new log segment /workdir/hadoop-ozone/integration-test/target/test-dir/MiniOzoneClusterImpl-5a0a076c-dbad-4ac8-abab-e3faa05d1f8c/datanode-2/data/ratis/56b91cb3-b4f7-4e32-9ee4-a464253fe348/current/log_inprogress_0
2019-09-03 12:39:53,624 [grpc-default-executor-4] INFO  client.GrpcClientProtocolClient (GrpcClientProtocolClient.java:onNext(255)) - client-AC3BC3E8CC79->85506639-3fe0-42d5-8109-64e3968f1eaf: receive RaftClientReply:client-AC3BC3E8CC79->85506639-3fe0-42d5-8109-64e3968f1eaf@group-071C975CCF04, cid=183, FAILED org.apache.ratis.protocol.NotLeaderException: Server 85506639-3fe0-42d5-8109-64e3968f1eaf is not the leader (null). Request must be sent to leader., logIndex=0, commits[85506639-3fe0-42d5-8109-64e3968f1eaf:c-1]
2019-09-03 12:39:54,632 [grpc-default-executor-7] INFO  client.GrpcClientProtocolClient (GrpcClientProtocolClient.java:onNext(255)) - client-AC3BC3E8CC79->3ef92ecc-28c5-4fad-842b-96b52fc10be7: receive RaftClientReply:client-AC3BC3E8CC79->3ef92ecc-28c5-4fad-842b-96b52fc10be7@group-071C975CCF04, cid=183, FAILED org.apache.ratis.protocol.NotLeaderException: Server 3ef92ecc-28c5-4fad-842b-96b52fc10be7 is not the leader (null). Request must be sent to leader., logIndex=0, commits[3ef92ecc-28c5-4fad-842b-96b52fc10be7:c-1]
2019-09-03 12:39:55,641 [grpc-default-executor-7] INFO  client.GrpcClientProtocolClient (GrpcClientProtocolClient.java:onNext(255)) - client-AC3BC3E8CC79->7fb19221-14f6-4c84-b51f-75149814f9ab: receive RaftClientReply:client-AC3BC3E8CC79->7fb19221-14f6-4c84-b51f-75149814f9ab@group-071C975CCF04, cid=183, FAILED org.apache.ratis.protocol.NotLeaderException: Server 7fb19221-14f6-4c84-b51f-75149814f9ab is not the leader (null). Request must be sent to leader., logIndex=0, commits[7fb19221-14f6-4c84-b51f-75149814f9ab:c-1, 85506639-3fe0-42d5-8109-64e3968f1eaf:c-1, 3ef92ecc-28c5-4fad-842b-96b52fc10be7:c-1]
2019-09-03 12:39:56,651 [grpc-default-executor-4] INFO  client.GrpcClientProtocolClient (GrpcClientProtocolClient.java:onNext(255)) - client-AC3BC3E8CC79->85506639-3fe0-42d5-8109-64e3968f1eaf: receive RaftClientReply:client-AC3BC3E8CC79->85506639-3fe0-42d5-8109-64e3968f1eaf@group-071C975CCF04, cid=183, FAILED org.apache.ratis.protocol.NotLeaderException: Server 85506639-3fe0-42d5-8109-64e3968f1eaf is not the leader (null). Request must be sent to leader., logIndex=0, commits[85506639-3fe0-42d5-8109-64e3968f1eaf:c-1]
2019-09-03 12:39:57,664 [grpc-default-executor-7] INFO  client.GrpcClientProtocolClient (GrpcClientProtocolClient.java:onNext(255)) - client-AC3BC3E8CC79->3ef92ecc-28c5-4fad-842b-96b52fc10be7: receive RaftClientReply:client-AC3BC3E8CC79->3ef92ecc-28c5-4fad-842b-96b52fc10be7@group-071C975CCF04, cid=183, FAILED org.apache.ratis.protocol.NotLeaderException: Server 3ef92ecc-28c5-4fad-842b-96b52fc10be7 is not the leader (null). Request must be sent to leader., logIndex=0, commits[3ef92ecc-28c5-4fad-842b-96b52fc10be7:c-1]
2019-09-03 12:39:57,965 [Thread-3651] INFO  impl.FollowerState (FollowerState.java:run(106)) - 3ef92ecc-28c5-4fad-842b-96b52fc10be7:group-071C975CCF04 changes to CANDIDATE, lastRpcTime:5040, electionTimeout:5038ms
2019-09-03 12:39:57,965 [Thread-3651] INFO  impl.RoleInfo (RoleInfo.java:shutdownFollowerState(121)) - 3ef92ecc-28c5-4fad-842b-96b52fc10be7: shutdown FollowerState
2019-09-03 12:39:57,965 [Thread-3651] INFO  impl.RaftServerImpl (RaftServerImpl.java:setRole(171)) - 3ef92ecc-28c5-4fad-842b-96b52fc10be7:group-071C975CCF04 changes role from FOLLOWER to CANDIDATE at term 3 for changeToCandidate
2019-09-03 12:39:57,966 [Thread-3651] INFO  impl.RoleInfo (RoleInfo.java:updateAndGet(143)) - 3ef92ecc-28c5-4fad-842b-96b52fc10be7: start LeaderElection
2019-09-03 12:39:58,056 [Thread-3649] INFO  impl.FollowerState (FollowerState.java:run(106)) - 7fb19221-14f6-4c84-b51f-75149814f9ab:group-071C975CCF04 changes to CANDIDATE, lastRpcTime:5139, electionTimeout:5139ms
2019-09-03 12:39:58,057 [Thread-3649] INFO  impl.RoleInfo (RoleInfo.java:shutdownFollowerState(121)) - 7fb19221-14f6-4c84-b51f-75149814f9ab: shutdown FollowerState
2019-09-03 12:39:58,057 [Thread-3649] INFO  impl.RaftServerImpl (RaftServerImpl.java:setRole(171)) - 7fb19221-14f6-4c84-b51f-75149814f9ab:group-071C975CCF04 changes role from FOLLOWER to CANDIDATE at term 3 for changeToCandidate
2019-09-03 12:39:58,057 [Thread-3649] INFO  impl.RoleInfo (RoleInfo.java:updateAndGet(143)) - 7fb19221-14f6-4c84-b51f-75149814f9ab: start LeaderElection
2019-09-03 12:39:58,065 [3ef92ecc-28c5-4fad-842b-96b52fc10be7:group-071C975CCF04:LeaderElection77] INFO  impl.LeaderElection (LeaderElection.java:askForVotes(181)) - 3ef92ecc-28c5-4fad-842b-96b52fc10be7:group-071C975CCF04:LeaderElection77: begin an election at term 4 for -1: [85506639-3fe0-42d5-8109-64e3968f1eaf:192.168.36.96:32803, 3ef92ecc-28c5-4fad-842b-96b52fc10be7:192.168.36.96:40472, 7fb19221-14f6-4c84-b51f-75149814f9ab:192.168.36.96:44311], old=null
2019-09-03 12:39:58,065 [7fb19221-14f6-4c84-b51f-75149814f9ab:group-071C975CCF04:LeaderElection78] INFO  impl.LeaderElection (LeaderElection.java:askForVotes(181)) - 7fb19221-14f6-4c84-b51f-75149814f9ab:group-071C975CCF04:LeaderElection78: begin an election at term 4 for 0: [85506639-3fe0-42d5-8109-64e3968f1eaf:192.168.36.96:32803, 3ef92ecc-28c5-4fad-842b-96b52fc10be7:192.168.36.96:40472, 7fb19221-14f6-4c84-b51f-75149814f9ab:192.168.36.96:44311], old=null
2019-09-03 12:39:58,067 [grpc-default-executor-7] INFO  impl.RaftServerImpl (RaftServerImpl.java:setRole(171)) - 85506639-3fe0-42d5-8109-64e3968f1eaf:group-071C975CCF04 changes role from FOLLOWER to FOLLOWER at term 4 for recognizeCandidate:3ef92ecc-28c5-4fad-842b-96b52fc10be7
2019-09-03 12:39:58,067 [grpc-default-executor-7] INFO  impl.RoleInfo (RoleInfo.java:shutdownFollowerState(121)) - 85506639-3fe0-42d5-8109-64e3968f1eaf: shutdown FollowerState
2019-09-03 12:39:58,067 [grpc-default-executor-7] INFO  impl.RoleInfo (RoleInfo.java:updateAndGet(143)) - 85506639-3fe0-42d5-8109-64e3968f1eaf: start FollowerState
2019-09-03 12:39:58,067 [Thread-3650] INFO  impl.FollowerState (FollowerState.java:run(114)) - 85506639-3fe0-42d5-8109-64e3968f1eaf: FollowerState was interrupted: java.lang.InterruptedException: sleep interrupted
2019-09-03 12:39:58,083 [3ef92ecc-28c5-4fad-842b-96b52fc10be7:group-071C975CCF04:LeaderElection77] INFO  impl.LeaderElection (LeaderElection.java:logAndReturn(56)) - 3ef92ecc-28c5-4fad-842b-96b52fc10be7:group-071C975CCF04:LeaderElection77: Election PASSED; received 2 response(s) [3ef92ecc-28c5-4fad-842b-96b52fc10be7<-85506639-3fe0-42d5-8109-64e3968f1eaf#0:OK-t4, 3ef92ecc-28c5-4fad-842b-96b52fc10be7<-7fb19221-14f6-4c84-b51f-75149814f9ab#0:FAIL-t4] and 0 exception(s); 3ef92ecc-28c5-4fad-842b-96b52fc10be7:t4, leader=null, voted=3ef92ecc-28c5-4fad-842b-96b52fc10be7, raftlog=3ef92ecc-28c5-4fad-842b-96b52fc10be7-SegmentedRaftLog:OPENED:c-1,f-1,i0, conf=-1: [85506639-3fe0-42d5-8109-64e3968f1eaf:192.168.36.96:32803, 3ef92ecc-28c5-4fad-842b-96b52fc10be7:192.168.36.96:40472, 7fb19221-14f6-4c84-b51f-75149814f9ab:192.168.36.96:44311], old=null
2019-09-03 12:39:58,083 [7fb19221-14f6-4c84-b51f-75149814f9ab:group-071C975CCF04:LeaderElection78] INFO  impl.LeaderElection (LeaderElection.java:logAndReturn(56)) - 7fb19221-14f6-4c84-b51f-75149814f9ab:group-071C975CCF04:LeaderElection78: Election REJECTED; received 2 response(s) [7fb19221-14f6-4c84-b51f-75149814f9ab<-85506639-3fe0-42d5-8109-64e3968f1eaf#0:FAIL-t4, 7fb19221-14f6-4c84-b51f-75149814f9ab<-3ef92ecc-28c5-4fad-842b-96b52fc10be7#0:FAIL-t4] and 0 exception(s); 7fb19221-14f6-4c84-b51f-75149814f9ab:t4, leader=null, voted=7fb19221-14f6-4c84-b51f-75149814f9ab, raftlog=7fb19221-14f6-4c84-b51f-75149814f9ab-SegmentedRaftLog:OPENED:c-1,f0,i0, conf=0: [85506639-3fe0-42d5-8109-64e3968f1eaf:192.168.36.96:32803, 3ef92ecc-28c5-4fad-842b-96b52fc10be7:192.168.36.96:40472, 7fb19221-14f6-4c84-b51f-75149814f9ab:192.168.36.96:44311], old=null
2019-09-03 12:39:58,083 [3ef92ecc-28c5-4fad-842b-96b52fc10be7:group-071C975CCF04:LeaderElection77] INFO  impl.RoleInfo (RoleInfo.java:shutdownLeaderElection(134)) - 3ef92ecc-28c5-4fad-842b-96b52fc10be7: shutdown LeaderElection
2019-09-03 12:39:58,086 [7fb19221-14f6-4c84-b51f-75149814f9ab:group-071C975CCF04:LeaderElection78] INFO  impl.RaftServerImpl (RaftServerImpl.java:setRole(171)) - 7fb19221-14f6-4c84-b51f-75149814f9ab:group-071C975CCF04 changes role from CANDIDATE to FOLLOWER at term 4 for DISCOVERED_A_NEW_TERM
2019-09-03 12:39:58,088 [3ef92ecc-28c5-4fad-842b-96b52fc10be7:group-071C975CCF04:LeaderElection77] INFO  impl.RaftServerImpl (RaftServerImpl.java:setRole(171)) - 3ef92ecc-28c5-4fad-842b-96b52fc10be7:group-071C975CCF04 changes role from CANDIDATE to LEADER at term 4 for changeToLeader
2019-09-03 12:39:58,088 [7fb19221-14f6-4c84-b51f-75149814f9ab:group-071C975CCF04:LeaderElection78] INFO  impl.RoleInfo (RoleInfo.java:shutdownLeaderElection(134)) - 7fb19221-14f6-4c84-b51f-75149814f9ab: shutdown LeaderElection
2019-09-03 12:39:58,088 [3ef92ecc-28c5-4fad-842b-96b52fc10be7:group-071C975CCF04:LeaderElection77] INFO  impl.RaftServerImpl (ServerState.java:setLeader(263)) - 3ef92ecc-28c5-4fad-842b-96b52fc10be7:group-071C975CCF04 change Leader from null to 3ef92ecc-28c5-4fad-842b-96b52fc10be7 at term 4 for becomeLeader, leader elected after 15475ms
2019-09-03 12:39:58,088 [7fb19221-14f6-4c84-b51f-75149814f9ab:group-071C975CCF04:LeaderElection78] INFO  impl.RoleInfo (RoleInfo.java:updateAndGet(143)) - 7fb19221-14f6-4c84-b51f-75149814f9ab: start FollowerState
2019-09-03 12:39:58,088 [3ef92ecc-28c5-4fad-842b-96b52fc10be7:group-071C975CCF04:LeaderElection77] INFO  server.RaftServerConfigKeys (ConfUtils.java:logGet(43)) - raft.server.staging.catchup.gap = 1000 (default)
2019-09-03 12:39:58,090 [3ef92ecc-28c5-4fad-842b-96b52fc10be7:group-071C975CCF04:LeaderElection77] INFO  server.RaftServerConfigKeys (ConfUtils.java:logGet(43)) - raft.server.rpc.sleep.time = 25ms (default)
2019-09-03 12:39:58,091 [3ef92ecc-28c5-4fad-842b-96b52fc10be7:group-071C975CCF04:LeaderElection77] INFO  server.RaftServerConfigKeys (ConfUtils.java:logGet(43)) - raft.server.write.element-limit = 4096 (default)
2019-09-03 12:39:58,091 [3ef92ecc-28c5-4fad-842b-96b52fc10be7:group-071C975CCF04:LeaderElection77] INFO  server.RaftServerConfigKeys (ConfUtils.java:logGet(43)) - raft.server.watch.timeout = 10s (default)
2019-09-03 12:39:58,091 [3ef92ecc-28c5-4fad-842b-96b52fc10be7:group-071C975CCF04:LeaderElection77] INFO  server.RaftServerConfigKeys (ConfUtils.java:logGet(43)) - raft.server.watch.timeout.denomination = 1s (default)
2019-09-03 12:39:58,091 [3ef92ecc-28c5-4fad-842b-96b52fc10be7:group-071C975CCF04:LeaderElection77] INFO  server.RaftServerConfigKeys (ConfUtils.java:logGet(43)) - raft.server.watch.element-limit = 65536 (default)
2019-09-03 12:39:58,091 [3ef92ecc-28c5-4fad-842b-96b52fc10be7:group-071C975CCF04:LeaderElection77] INFO  server.RaftServerConfigKeys (ConfUtils.java:logGet(43)) - raft.server.log.appender.snapshot.chunk.size.max = 16MB (=16777216) (default)
2019-09-03 12:39:58,091 [3ef92ecc-28c5-4fad-842b-96b52fc10be7:group-071C975CCF04:LeaderElection77] INFO  server.RaftServerConfigKeys (ConfUtils.java:logGet(43)) - raft.server.log.appender.buffer.byte-limit = 33554432 (custom)
2019-09-03 12:39:58,092 [3ef92ecc-28c5-4fad-842b-96b52fc10be7:group-071C975CCF04:LeaderElection77] INFO  server.RaftServerConfigKeys (ConfUtils.java:logGet(43)) - raft.server.log.appender.buffer.element-limit = 1 (custom)
2019-09-03 12:39:58,092 [3ef92ecc-28c5-4fad-842b-96b52fc10be7:group-071C975CCF04:LeaderElection77] INFO  grpc.GrpcConfigKeys$Server (ConfUtils.java:logGet(43)) - raft.grpc.server.leader.outstanding.appends.max = 128 (default)
2019-09-03 12:39:58,092 [3ef92ecc-28c5-4fad-842b-96b52fc10be7:group-071C975CCF04:LeaderElection77] INFO  server.RaftServerConfigKeys (ConfUtils.java:logGet(43)) - raft.server.rpc.request.timeout = 3000ms (default)
2019-09-03 12:39:58,092 [3ef92ecc-28c5-4fad-842b-96b52fc10be7:group-071C975CCF04:LeaderElection77] INFO  server.RaftServerConfigKeys (ConfUtils.java:logGet(43)) - raft.server.log.appender.install.snapshot.enabled = false (custom)
2019-09-03 12:39:58,092 [3ef92ecc-28c5-4fad-842b-96b52fc10be7:group-071C975CCF04:LeaderElection77] INFO  server.RaftServerConfigKeys (ConfUtils.java:logGet(43)) - raft.server.log.appender.snapshot.chunk.size.max = 16MB (=16777216) (default)
2019-09-03 12:39:58,092 [3ef92ecc-28c5-4fad-842b-96b52fc10be7:group-071C975CCF04:LeaderElection77] INFO  server.RaftServerConfigKeys (ConfUtils.java:logGet(43)) - raft.server.log.appender.buffer.byte-limit = 33554432 (custom)
2019-09-03 12:39:58,092 [3ef92ecc-28c5-4fad-842b-96b52fc10be7:group-071C975CCF04:LeaderElection77] INFO  server.RaftServerConfigKeys (ConfUtils.java:logGet(43)) - raft.server.log.appender.buffer.element-limit = 1 (custom)
2019-09-03 12:39:58,093 [3ef92ecc-28c5-4fad-842b-96b52fc10be7:group-071C975CCF04:LeaderElection77] INFO  grpc.GrpcConfigKeys$Server (ConfUtils.java:logGet(43)) - raft.grpc.server.leader.outstanding.appends.max = 128 (default)
2019-09-03 12:39:58,093 [3ef92ecc-28c5-4fad-842b-96b52fc10be7:group-071C975CCF04:LeaderElection77] INFO  server.RaftServerConfigKeys (ConfUtils.java:logGet(43)) - raft.server.rpc.request.timeout = 3000ms (default)
2019-09-03 12:39:58,093 [3ef92ecc-28c5-4fad-842b-96b52fc10be7:group-071C975CCF04:LeaderElection77] INFO  server.RaftServerConfigKeys (ConfUtils.java:logGet(43)) - raft.server.log.appender.install.snapshot.enabled = false (custom)
2019-09-03 12:39:58,093 [3ef92ecc-28c5-4fad-842b-96b52fc10be7:group-071C975CCF04:LeaderElection77] INFO  impl.RoleInfo (RoleInfo.java:updateAndGet(143)) - 3ef92ecc-28c5-4fad-842b-96b52fc10be7: start LeaderState
2019-09-03 12:39:58,093 [3ef92ecc-28c5-4fad-842b-96b52fc10be7:group-071C975CCF04:LeaderElection77] INFO  segmented.SegmentedRaftLogWorker (SegmentedRaftLogWorker.java:startLogSegment(380)) - 3ef92ecc-28c5-4fad-842b-96b52fc10be7-SegmentedRaftLogWorker:Storage Directory /workdir/hadoop-ozone/integration-test/target/test-dir/MiniOzoneClusterImpl-5a0a076c-dbad-4ac8-abab-e3faa05d1f8c/datanode-4/data/ratis/a9b32830-0bd8-48a5-9fb1-071c975ccf04: Starting segment from index:0
2019-09-03 12:39:58,094 [3ef92ecc-28c5-4fad-842b-96b52fc10be7:group-071C975CCF04:LeaderElection77] INFO  impl.RaftServerImpl (ServerState.java:setRaftConf(361)) - 3ef92ecc-28c5-4fad-842b-96b52fc10be7:group-071C975CCF04 set configuration 0: [85506639-3fe0-42d5-8109-64e3968f1eaf:192.168.36.96:32803, 3ef92ecc-28c5-4fad-842b-96b52fc10be7:192.168.36.96:40472, 7fb19221-14f6-4c84-b51f-75149814f9ab:192.168.36.96:44311], old=null at 0
2019-09-03 12:39:58,120 [grpc-default-executor-7] INFO  impl.RaftServerImpl (ServerState.java:setLeader(263)) - 7fb19221-14f6-4c84-b51f-75149814f9ab:group-071C975CCF04 change Leader from null to 3ef92ecc-28c5-4fad-842b-96b52fc10be7 at term 4 for appendEntries, leader elected after 10322ms
2019-09-03 12:39:58,120 [grpc-default-executor-6] INFO  impl.RaftServerImpl (ServerState.java:setLeader(263)) - 85506639-3fe0-42d5-8109-64e3968f1eaf:group-071C975CCF04 change Leader from null to 3ef92ecc-28c5-4fad-842b-96b52fc10be7 at term 4 for appendEntries, leader elected after 15508ms
2019-09-03 12:39:58,122 [grpc-default-executor-6] INFO  impl.RaftServerImpl (ServerState.java:setRaftConf(361)) - 7fb19221-14f6-4c84-b51f-75149814f9ab:group-071C975CCF04 set configuration 0: [85506639-3fe0-42d5-8109-64e3968f1eaf:192.168.36.96:32803, 3ef92ecc-28c5-4fad-842b-96b52fc10be7:192.168.36.96:40472, 7fb19221-14f6-4c84-b51f-75149814f9ab:192.168.36.96:44311], old=null at 0
2019-09-03 12:39:58,122 [grpc-default-executor-7] INFO  impl.RaftServerImpl (ServerState.java:setRaftConf(361)) - 85506639-3fe0-42d5-8109-64e3968f1eaf:group-071C975CCF04 set configuration 0: [85506639-3fe0-42d5-8109-64e3968f1eaf:192.168.36.96:32803, 3ef92ecc-28c5-4fad-842b-96b52fc10be7:192.168.36.96:40472, 7fb19221-14f6-4c84-b51f-75149814f9ab:192.168.36.96:44311], old=null at 0
2019-09-03 12:39:58,122 [grpc-default-executor-7] INFO  segmented.SegmentedRaftLogWorker (SegmentedRaftLogWorker.java:startLogSegment(380)) - 85506639-3fe0-42d5-8109-64e3968f1eaf-SegmentedRaftLogWorker:Storage Directory /workdir/hadoop-ozone/integration-test/target/test-dir/MiniOzoneClusterImpl-5a0a076c-dbad-4ac8-abab-e3faa05d1f8c/datanode-3/data/ratis/a9b32830-0bd8-48a5-9fb1-071c975ccf04: Starting segment from index:0
2019-09-03 12:39:58,123 [3ef92ecc-28c5-4fad-842b-96b52fc10be7-SegmentedRaftLogWorker:Storage Directory /workdir/hadoop-ozone/integration-test/target/test-dir/MiniOzoneClusterImpl-5a0a076c-dbad-4ac8-abab-e3faa05d1f8c/datanode-4/data/ratis/a9b32830-0bd8-48a5-9fb1-071c975ccf04] INFO  segmented.SegmentedRaftLogWorker (SegmentedRaftLogWorker.java:execute(569)) - 3ef92ecc-28c5-4fad-842b-96b52fc10be7-SegmentedRaftLogWorker:Storage Directory /workdir/hadoop-ozone/integration-test/target/test-dir/MiniOzoneClusterImpl-5a0a076c-dbad-4ac8-abab-e3faa05d1f8c/datanode-4/data/ratis/a9b32830-0bd8-48a5-9fb1-071c975ccf04: created new log segment /workdir/hadoop-ozone/integration-test/target/test-dir/MiniOzoneClusterImpl-5a0a076c-dbad-4ac8-abab-e3faa05d1f8c/datanode-4/data/ratis/a9b32830-0bd8-48a5-9fb1-071c975ccf04/current/log_inprogress_0
2019-09-03 12:39:58,125 [grpc-default-executor-6] INFO  segmented.SegmentedRaftLogWorker (SegmentedRaftLogWorker.java:truncate(396)) - 7fb19221-14f6-4c84-b51f-75149814f9ab-SegmentedRaftLogWorker:Storage Directory /workdir/hadoop-ozone/integration-test/target/test-dir/MiniOzoneClusterImpl-5a0a076c-dbad-4ac8-abab-e3faa05d1f8c/datanode-6/data/ratis/a9b32830-0bd8-48a5-9fb1-071c975ccf04: Truncating segments toTruncate: null
  toDelete: [(0, 0) isOpen? true, length=0, newEndIndex=-1], start index 0
2019-09-03 12:39:58,126 [grpc-default-executor-6] INFO  segmented.SegmentedRaftLogWorker (SegmentedRaftLogWorker.java:startLogSegment(380)) - 7fb19221-14f6-4c84-b51f-75149814f9ab-SegmentedRaftLogWorker:Storage Directory /workdir/hadoop-ozone/integration-test/target/test-dir/MiniOzoneClusterImpl-5a0a076c-dbad-4ac8-abab-e3faa05d1f8c/datanode-6/data/ratis/a9b32830-0bd8-48a5-9fb1-071c975ccf04: Starting segment from index:0
2019-09-03 12:39:58,126 [7fb19221-14f6-4c84-b51f-75149814f9ab-SegmentedRaftLogWorker:Storage Directory /workdir/hadoop-ozone/integration-test/target/test-dir/MiniOzoneClusterImpl-5a0a076c-dbad-4ac8-abab-e3faa05d1f8c/datanode-6/data/ratis/a9b32830-0bd8-48a5-9fb1-071c975ccf04] INFO  segmented.SegmentedRaftLogWorker (SegmentedRaftLogWorker.java:execute(633)) - 7fb19221-14f6-4c84-b51f-75149814f9ab-SegmentedRaftLogWorker:Storage Directory /workdir/hadoop-ozone/integration-test/target/test-dir/MiniOzoneClusterImpl-5a0a076c-dbad-4ac8-abab-e3faa05d1f8c/datanode-6/data/ratis/a9b32830-0bd8-48a5-9fb1-071c975ccf04: Deleted log file /workdir/hadoop-ozone/integration-test/target/test-dir/MiniOzoneClusterImpl-5a0a076c-dbad-4ac8-abab-e3faa05d1f8c/datanode-6/data/ratis/a9b32830-0bd8-48a5-9fb1-071c975ccf04/current/log_inprogress_0
2019-09-03 12:39:58,126 [7fb19221-14f6-4c84-b51f-75149814f9ab-SegmentedRaftLogWorker:Storage Directory /workdir/hadoop-ozone/integration-test/target/test-dir/MiniOzoneClusterImpl-5a0a076c-dbad-4ac8-abab-e3faa05d1f8c/datanode-6/data/ratis/a9b32830-0bd8-48a5-9fb1-071c975ccf04] INFO  segmented.SegmentedRaftLogWorker (SegmentedRaftLogWorker.java:lambda$new$0(132)) - 7fb19221-14f6-4c84-b51f-75149814f9ab-SegmentedRaftLogWorker:Storage Directory /workdir/hadoop-ozone/integration-test/target/test-dir/MiniOzoneClusterImpl-5a0a076c-dbad-4ac8-abab-e3faa05d1f8c/datanode-6/data/ratis/a9b32830-0bd8-48a5-9fb1-071c975ccf04: flushIndex: setUnconditionally 0 -> -1
2019-09-03 12:39:58,154 [7fb19221-14f6-4c84-b51f-75149814f9ab-SegmentedRaftLogWorker:Storage Directory /workdir/hadoop-ozone/integration-test/target/test-dir/MiniOzoneClusterImpl-5a0a076c-dbad-4ac8-abab-e3faa05d1f8c/datanode-6/data/ratis/a9b32830-0bd8-48a5-9fb1-071c975ccf04] INFO  segmented.SegmentedRaftLogWorker (SegmentedRaftLogWorker.java:execute(569)) - 7fb19221-14f6-4c84-b51f-75149814f9ab-SegmentedRaftLogWorker:Storage Directory /workdir/hadoop-ozone/integration-test/target/test-dir/MiniOzoneClusterImpl-5a0a076c-dbad-4ac8-abab-e3faa05d1f8c/datanode-6/data/ratis/a9b32830-0bd8-48a5-9fb1-071c975ccf04: created new log segment /workdir/hadoop-ozone/integration-test/target/test-dir/MiniOzoneClusterImpl-5a0a076c-dbad-4ac8-abab-e3faa05d1f8c/datanode-6/data/ratis/a9b32830-0bd8-48a5-9fb1-071c975ccf04/current/log_inprogress_0
2019-09-03 12:39:58,158 [85506639-3fe0-42d5-8109-64e3968f1eaf-SegmentedRaftLogWorker:Storage Directory /workdir/hadoop-ozone/integration-test/target/test-dir/MiniOzoneClusterImpl-5a0a076c-dbad-4ac8-abab-e3faa05d1f8c/datanode-3/data/ratis/a9b32830-0bd8-48a5-9fb1-071c975ccf04] INFO  segmented.SegmentedRaftLogWorker (SegmentedRaftLogWorker.java:execute(569)) - 85506639-3fe0-42d5-8109-64e3968f1eaf-SegmentedRaftLogWorker:Storage Directory /workdir/hadoop-ozone/integration-test/target/test-dir/MiniOzoneClusterImpl-5a0a076c-dbad-4ac8-abab-e3faa05d1f8c/datanode-3/data/ratis/a9b32830-0bd8-48a5-9fb1-071c975ccf04: created new log segment /workdir/hadoop-ozone/integration-test/target/test-dir/MiniOzoneClusterImpl-5a0a076c-dbad-4ac8-abab-e3faa05d1f8c/datanode-3/data/ratis/a9b32830-0bd8-48a5-9fb1-071c975ccf04/current/log_inprogress_0
2019-09-03 12:39:58,678 [grpc-default-executor-6] INFO  client.GrpcClientProtocolClient (GrpcClientProtocolClient.java:onNext(255)) - client-AC3BC3E8CC79->7fb19221-14f6-4c84-b51f-75149814f9ab: receive RaftClientReply:client-AC3BC3E8CC79->7fb19221-14f6-4c84-b51f-75149814f9ab@group-071C975CCF04, cid=183, FAILED org.apache.ratis.protocol.NotLeaderException: Server 7fb19221-14f6-4c84-b51f-75149814f9ab is not the leader (3ef92ecc-28c5-4fad-842b-96b52fc10be7:192.168.36.96:40472). Request must be sent to leader., logIndex=0, commits[7fb19221-14f6-4c84-b51f-75149814f9ab:c-1, 85506639-3fe0-42d5-8109-64e3968f1eaf:c-1, 3ef92ecc-28c5-4fad-842b-96b52fc10be7:c-1]
2019-09-03 12:39:58,809 [grpc-default-executor-6] INFO  client.GrpcClientProtocolClient (GrpcClientProtocolClient.java:onNext(255)) - client-AC3BC3E8CC79->3ef92ecc-28c5-4fad-842b-96b52fc10be7: receive RaftClientReply:client-AC3BC3E8CC79->3ef92ecc-28c5-4fad-842b-96b52fc10be7@group-071C975CCF04, cid=183, SUCCESS, logIndex=1, commits[3ef92ecc-28c5-4fad-842b-96b52fc10be7:c1, 85506639-3fe0-42d5-8109-64e3968f1eaf:c0, 7fb19221-14f6-4c84-b51f-75149814f9ab:c0]
2019-09-03 12:39:58,826 [grpc-default-executor-6] INFO  client.GrpcClientProtocolClient (GrpcClientProtocolClient.java:onNext(255)) - client-AC3BC3E8CC79->3ef92ecc-28c5-4fad-842b-96b52fc10be7: receive RaftClientReply:client-AC3BC3E8CC79->3ef92ecc-28c5-4fad-842b-96b52fc10be7@group-071C975CCF04, cid=184, SUCCESS, logIndex=3, commits[3ef92ecc-28c5-4fad-842b-96b52fc10be7:c4, 85506639-3fe0-42d5-8109-64e3968f1eaf:c2, 7fb19221-14f6-4c84-b51f-75149814f9ab:c2]
2019-09-03 12:39:58,857 [grpc-default-executor-0] INFO  client.GrpcClientProtocolClient (GrpcClientProtocolClient.java:onNext(255)) - client-AC3BC3E8CC79->3ef92ecc-28c5-4fad-842b-96b52fc10be7: receive RaftClientReply:client-AC3BC3E8CC79->3ef92ecc-28c5-4fad-842b-96b52fc10be7@group-071C975CCF04, cid=185, SUCCESS, logIndex=4, commits[3ef92ecc-28c5-4fad-842b-96b52fc10be7:c12, 85506639-3fe0-42d5-8109-64e3968f1eaf:c7, 7fb19221-14f6-4c84-b51f-75149814f9ab:c7]
2019-09-03 12:39:58,858 [grpc-default-executor-0] INFO  client.GrpcClientProtocolClient (GrpcClientProtocolClient.java:onNext(255)) - client-AC3BC3E8CC79->3ef92ecc-28c5-4fad-842b-96b52fc10be7: receive RaftClientReply:client-AC3BC3E8CC79->3ef92ecc-28c5-4fad-842b-96b52fc10be7@group-071C975CCF04, cid=186, SUCCESS, logIndex=5, commits[3ef92ecc-28c5-4fad-842b-96b52fc10be7:c12, 85506639-3fe0-42d5-8109-64e3968f1eaf:c7, 7fb19221-14f6-4c84-b51f-75149814f9ab:c7]
2019-09-03 12:39:58,859 [grpc-default-executor-0] INFO  client.GrpcClientProtocolClient (GrpcClientProtocolClient.java:onNext(255)) - client-AC3BC3E8CC79->3ef92ecc-28c5-4fad-842b-96b52fc10be7: receive RaftClientReply:client-AC3BC3E8CC79->3ef92ecc-28c5-4fad-842b-96b52fc10be7@group-071C975CCF04, cid=187, SUCCESS, logIndex=6, commits[3ef92ecc-28c5-4fad-842b-96b52fc10be7:c12, 85506639-3fe0-42d5-8109-64e3968f1eaf:c7, 7fb19221-14f6-4c84-b51f-75149814f9ab:c7]
2019-09-03 12:39:58,912 [grpc-default-executor-0] INFO  client.GrpcClientProtocolClient (GrpcClientProtocolClient.java:onNext(255)) - client-AC3BC3E8CC79->3ef92ecc-28c5-4fad-842b-96b52fc10be7: receive RaftClientReply:client-AC3BC3E8CC79->3ef92ecc-28c5-4fad-842b-96b52fc10be7@group-071C975CCF04, cid=188, SUCCESS, logIndex=7, commits[3ef92ecc-28c5-4fad-842b-96b52fc10be7:c12, 85506639-3fe0-42d5-8109-64e3968f1eaf:c7, 7fb19221-14f6-4c84-b51f-75149814f9ab:c7]
2019-09-03 12:39:58,941 [grpc-default-executor-6] INFO  client.GrpcClientProtocolClient (GrpcClientProtocolClient.java:onNext(255)) - client-AC3BC3E8CC79->3ef92ecc-28c5-4fad-842b-96b52fc10be7: receive RaftClientReply:client-AC3BC3E8CC79->3ef92ecc-28c5-4fad-842b-96b52fc10be7@group-071C975CCF04, cid=189, SUCCESS, logIndex=13, commits[3ef92ecc-28c5-4fad-842b-96b52fc10be7:c14, 85506639-3fe0-42d5-8109-64e3968f1eaf:c12, 7fb19221-14f6-4c84-b51f-75149814f9ab:c12]
2019-09-03 12:39:58,942 [grpc-default-executor-6] INFO  client.GrpcClientProtocolClient (GrpcClientProtocolClient.java:onNext(255)) - client-AC3BC3E8CC79->3ef92ecc-28c5-4fad-842b-96b52fc10be7: receive RaftClientReply:client-AC3BC3E8CC79->3ef92ecc-28c5-4fad-842b-96b52fc10be7@group-071C975CCF04, cid=190, SUCCESS, logIndex=14, commits[3ef92ecc-28c5-4fad-842b-96b52fc10be7:c14, 85506639-3fe0-42d5-8109-64e3968f1eaf:c12, 7fb19221-14f6-4c84-b51f-75149814f9ab:c12]
2019-09-03 12:39:58,964 [grpc-default-executor-6] INFO  client.GrpcClientProtocolClient (GrpcClientProtocolClient.java:onNext(255)) - client-AC3BC3E8CC79->3ef92ecc-28c5-4fad-842b-96b52fc10be7: receive RaftClientReply:client-AC3BC3E8CC79->3ef92ecc-28c5-4fad-842b-96b52fc10be7@group-071C975CCF04, cid=191, SUCCESS, logIndex=0, commits[3ef92ecc-28c5-4fad-842b-96b52fc10be7:c16, 85506639-3fe0-42d5-8109-64e3968f1eaf:c14, 7fb19221-14f6-4c84-b51f-75149814f9ab:c14]
2019-09-03 12:39:59,799 [Datanode State Machine Thread - 0] INFO  statemachine.DatanodeStateMachine (DatanodeStateMachine.java:lambda$startDaemon$0(350)) - Ozone container server started.
2019-09-03 12:40:03,832 [EventQueue-StaleNodeForStaleNodeHandler] INFO  node.StaleNodeHandler (StaleNodeHandler.java:onMessage(58)) - Datanode 3ef92ecc-28c5-4fad-842b-96b52fc10be7{ip: 192.168.36.96, host: pr-hdds-1898-vtp6b-2341163797, networkLocation: /default-rack, certSerialId: null} moved to stale state. Finalizing its pipelines [PipelineID=1759f9b0-5fa3-4713-b801-a82303364589, PipelineID=a9b32830-0bd8-48a5-9fb1-071c975ccf04]
2019-09-03 12:40:03,832 [EventQueue-StaleNodeForStaleNodeHandler] INFO  pipeline.SCMPipelineManager (SCMPipelineManager.java:finalizeAndDestroyPipeline(311)) - destroying pipeline:Pipeline[ Id: 1759f9b0-5fa3-4713-b801-a82303364589, Nodes: 3ef92ecc-28c5-4fad-842b-96b52fc10be7{ip: 192.168.36.96, host: pr-hdds-1898-vtp6b-2341163797, networkLocation: /default-rack, certSerialId: null}, Type:RATIS, Factor:ONE, State:OPEN]
2019-09-03 12:40:03,832 [EventQueue-StaleNodeForStaleNodeHandler] INFO  pipeline.PipelineStateManager (PipelineStateManager.java:finalizePipeline(123)) - Pipeline Pipeline[ Id: 1759f9b0-5fa3-4713-b801-a82303364589, Nodes: 3ef92ecc-28c5-4fad-842b-96b52fc10be7{ip: 192.168.36.96, host: pr-hdds-1898-vtp6b-2341163797, networkLocation: /default-rack, certSerialId: null}, Type:RATIS, Factor:ONE, State:CLOSED] moved to CLOSED state
2019-09-03 12:40:03,833 [EventQueue-StaleNodeForStaleNodeHandler] INFO  pipeline.SCMPipelineManager (SCMPipelineManager.java:finalizeAndDestroyPipeline(311)) - destroying pipeline:Pipeline[ Id: a9b32830-0bd8-48a5-9fb1-071c975ccf04, Nodes: 3ef92ecc-28c5-4fad-842b-96b52fc10be7{ip: 192.168.36.96, host: pr-hdds-1898-vtp6b-2341163797, networkLocation: /default-rack, certSerialId: null}85506639-3fe0-42d5-8109-64e3968f1eaf{ip: 192.168.36.96, host: pr-hdds-1898-vtp6b-2341163797, networkLocation: /default-rack, certSerialId: null}7fb19221-14f6-4c84-b51f-75149814f9ab{ip: 192.168.36.96, host: pr-hdds-1898-vtp6b-2341163797, networkLocation: /default-rack, certSerialId: null}, Type:RATIS, Factor:THREE, State:OPEN]
2019-09-03 12:40:03,833 [EventQueue-StaleNodeForStaleNodeHandler] INFO  pipeline.PipelineStateManager (PipelineStateManager.java:finalizePipeline(123)) - Pipeline Pipeline[ Id: a9b32830-0bd8-48a5-9fb1-071c975ccf04, Nodes: 3ef92ecc-28c5-4fad-842b-96b52fc10be7{ip: 192.168.36.96, host: pr-hdds-1898-vtp6b-2341163797, networkLocation: /default-rack, certSerialId: null}85506639-3fe0-42d5-8109-64e3968f1eaf{ip: 192.168.36.96, host: pr-hdds-1898-vtp6b-2341163797, networkLocation: /default-rack, certSerialId: null}7fb19221-14f6-4c84-b51f-75149814f9ab{ip: 192.168.36.96, host: pr-hdds-1898-vtp6b-2341163797, networkLocation: /default-rack, certSerialId: null}, Type:RATIS, Factor:THREE, State:CLOSED] moved to CLOSED state
2019-09-03 12:40:03,833 [EventQueue-CloseContainerForCloseContainerEventHandler] INFO  container.CloseContainerEventHandler (CloseContainerEventHandler.java:onMessage(61)) - Close container Event triggered for container : #1
2019-09-03 12:40:03,968 [main] INFO  ozoneimpl.OzoneContainer (OzoneContainer.java:stop(215)) - Attempting to stop container services.
2019-09-03 12:40:03,969 [main] INFO  impl.RaftServerProxy (RaftServerProxy.java:lambda$close$4(314)) - 3ef92ecc-28c5-4fad-842b-96b52fc10be7: close
2019-09-03 12:40:03,970 [main] INFO  impl.RaftServerImpl (RaftServerImpl.java:lambda$shutdown$3(245)) - 3ef92ecc-28c5-4fad-842b-96b52fc10be7: shutdown group-A82303364589
2019-09-03 12:40:03,970 [ForkJoinPool.commonPool-worker-0] INFO  impl.RaftServerImpl (RaftServerImpl.java:lambda$shutdown$3(245)) - 3ef92ecc-28c5-4fad-842b-96b52fc10be7: shutdown group-071C975CCF04
2019-09-03 12:40:03,971 [ForkJoinPool.commonPool-worker-0] INFO  util.JmxRegister (JmxRegister.java:unregister(73)) - Successfully un-registered JMX Bean with object name Ratis:service=RaftServer,group=group-071C975CCF04,id=3ef92ecc-28c5-4fad-842b-96b52fc10be7
2019-09-03 12:40:03,971 [main] INFO  util.JmxRegister (JmxRegister.java:unregister(73)) - Successfully un-registered JMX Bean with object name Ratis:service=RaftServer,group=group-A82303364589,id=3ef92ecc-28c5-4fad-842b-96b52fc10be7
2019-09-03 12:40:03,971 [ForkJoinPool.commonPool-worker-0] INFO  impl.RoleInfo (RoleInfo.java:shutdownLeaderState(104)) - 3ef92ecc-28c5-4fad-842b-96b52fc10be7: shutdown LeaderState
2019-09-03 12:40:03,972 [main] INFO  impl.RoleInfo (RoleInfo.java:shutdownLeaderState(104)) - 3ef92ecc-28c5-4fad-842b-96b52fc10be7: shutdown LeaderState
2019-09-03 12:40:03,977 [org.apache.ratis.server.impl.LogAppender$AppenderDaemon$$Lambda$491/240079901@c01e198] WARN  server.GrpcLogAppender (GrpcLogAppender.java:mayWait(143)) - GrpcLogAppender(3ef92ecc-28c5-4fad-842b-96b52fc10be7->85506639-3fe0-42d5-8109-64e3968f1eaf): Wait interrupted by java.lang.InterruptedException
2019-09-03 12:40:03,977 [org.apache.ratis.server.impl.LogAppender$AppenderDaemon$$Lambda$491/240079901@49037e7c] WARN  server.GrpcLogAppender (GrpcLogAppender.java:mayWait(143)) - GrpcLogAppender(3ef92ecc-28c5-4fad-842b-96b52fc10be7->7fb19221-14f6-4c84-b51f-75149814f9ab): Wait interrupted by java.lang.InterruptedException
2019-09-03 12:40:03,977 [ForkJoinPool.commonPool-worker-0] INFO  impl.PendingRequests (PendingRequests.java:sendNotLeaderResponses(202)) - 3ef92ecc-28c5-4fad-842b-96b52fc10be7-PendingRequests: sendNotLeaderResponses
2019-09-03 12:40:03,977 [main] INFO  impl.PendingRequests (PendingRequests.java:sendNotLeaderResponses(202)) - 3ef92ecc-28c5-4fad-842b-96b52fc10be7-PendingRequests: sendNotLeaderResponses
2019-09-03 12:40:03,982 [grpc-default-executor-7] INFO  server.GrpcServerProtocolService (GrpcServerProtocolService.java:onCompleted(104)) - 7fb19221-14f6-4c84-b51f-75149814f9ab: appendEntries completed
2019-09-03 12:40:03,982 [grpc-default-executor-6] INFO  server.GrpcServerProtocolService (GrpcServerProtocolService.java:onCompleted(104)) - 85506639-3fe0-42d5-8109-64e3968f1eaf: appendEntries completed
2019-09-03 12:40:03,986 [main] INFO  impl.StateMachineUpdater (StateMachineUpdater.java:stopAndJoin(115)) - StateMachineUpdater:3ef92ecc-28c5-4fad-842b-96b52fc10be7:group-A82303364589: set stopIndex = 0
2019-09-03 12:40:03,986 [StateMachineUpdater:3ef92ecc-28c5-4fad-842b-96b52fc10be7:group-071C975CCF04] INFO  ratis.ContainerStateMachine (ContainerStateMachine.java:takeSnapshot(284)) - group-071C975CCF04: Taking a snapshot at:(t:4, i:14) file /workdir/hadoop-ozone/integration-test/target/test-dir/MiniOzoneClusterImpl-5a0a076c-dbad-4ac8-abab-e3faa05d1f8c/datanode-4/data/ratis/a9b32830-0bd8-48a5-9fb1-071c975ccf04/sm/snapshot.4_14
2019-09-03 12:40:03,986 [ForkJoinPool.commonPool-worker-0] INFO  impl.StateMachineUpdater (StateMachineUpdater.java:stopAndJoin(115)) - StateMachineUpdater:3ef92ecc-28c5-4fad-842b-96b52fc10be7:group-071C975CCF04: set stopIndex = 16
2019-09-03 12:40:03,987 [main] INFO  impl.RaftServerImpl (ServerState.java:close(394)) - 3ef92ecc-28c5-4fad-842b-96b52fc10be7:group-A82303364589 closes. The last applied log index is 0
2019-09-03 12:40:03,987 [grpc-default-executor-0] INFO  server.GrpcLogAppender (GrpcLogAppender.java:onCompleted(292)) - 3ef92ecc-28c5-4fad-842b-96b52fc10be7->85506639-3fe0-42d5-8109-64e3968f1eaf: follower responses appendEntries COMPLETED
2019-09-03 12:40:03,986 [grpc-default-executor-6] INFO  server.GrpcLogAppender (GrpcLogAppender.java:onCompleted(292)) - 3ef92ecc-28c5-4fad-842b-96b52fc10be7->7fb19221-14f6-4c84-b51f-75149814f9ab: follower responses appendEntries COMPLETED
2019-09-03 12:40:04,000 [grpc-default-executor-0] INFO  impl.FollowerInfo (FollowerInfo.java:lambda$new$0(50)) - 3ef92ecc-28c5-4fad-842b-96b52fc10be7->85506639-3fe0-42d5-8109-64e3968f1eaf: nextIndex: updateUnconditionally 17 -> 16
2019-09-03 12:40:04,000 [3ef92ecc-28c5-4fad-842b-96b52fc10be7-SegmentedRaftLogWorker:Storage Directory /workdir/hadoop-ozone/integration-test/target/test-dir/MiniOzoneClusterImpl-5a0a076c-dbad-4ac8-abab-e3faa05d1f8c/datanode-4/data/ratis/1759f9b0-5fa3-4713-b801-a82303364589] INFO  segmented.SegmentedRaftLogWorker (SegmentedRaftLogWorker.java:run(313)) - 3ef92ecc-28c5-4fad-842b-96b52fc10be7-SegmentedRaftLogWorker:Storage Directory /workdir/hadoop-ozone/integration-test/target/test-dir/MiniOzoneClusterImpl-5a0a076c-dbad-4ac8-abab-e3faa05d1f8c/datanode-4/data/ratis/1759f9b0-5fa3-4713-b801-a82303364589 was interrupted, exiting. There are 0 tasks remaining in the queue.
2019-09-03 12:40:04,001 [grpc-default-executor-6] INFO  impl.FollowerInfo (FollowerInfo.java:lambda$new$0(50)) - 3ef92ecc-28c5-4fad-842b-96b52fc10be7->7fb19221-14f6-4c84-b51f-75149814f9ab: nextIndex: updateUnconditionally 17 -> 16
2019-09-03 12:40:04,378 [main] INFO  segmented.SegmentedRaftLogWorker (SegmentedRaftLogWorker.java:close(228)) - 3ef92ecc-28c5-4fad-842b-96b52fc10be7-SegmentedRaftLogWorker:Storage Directory /workdir/hadoop-ozone/integration-test/target/test-dir/MiniOzoneClusterImpl-5a0a076c-dbad-4ac8-abab-e3faa05d1f8c/datanode-4/data/ratis/1759f9b0-5fa3-4713-b801-a82303364589 close()
2019-09-03 12:40:06,265 [StateMachineUpdater:3ef92ecc-28c5-4fad-842b-96b52fc10be7:group-071C975CCF04] INFO  ratis.ContainerStateMachine (ContainerStateMachine.java:takeSnapshot(295)) - group-071C975CCF04: Finished taking a snapshot at:(t:4, i:14) file:/workdir/hadoop-ozone/integration-test/target/test-dir/MiniOzoneClusterImpl-5a0a076c-dbad-4ac8-abab-e3faa05d1f8c/datanode-4/data/ratis/a9b32830-0bd8-48a5-9fb1-071c975ccf04/sm/snapshot.4_14 time:2279
2019-09-03 12:40:06,265 [StateMachineUpdater:3ef92ecc-28c5-4fad-842b-96b52fc10be7:group-071C975CCF04] INFO  impl.StateMachineUpdater (StateMachineUpdater.java:takeSnapshot(242)) - StateMachineUpdater:3ef92ecc-28c5-4fad-842b-96b52fc10be7:group-071C975CCF04: Took a snapshot at index 14
2019-09-03 12:40:06,265 [StateMachineUpdater:3ef92ecc-28c5-4fad-842b-96b52fc10be7:group-071C975CCF04] INFO  impl.StateMachineUpdater (StateMachineUpdater.java:lambda$new$0(80)) - StateMachineUpdater:3ef92ecc-28c5-4fad-842b-96b52fc10be7:group-071C975CCF04: snapshotIndex: updateIncreasingly -1 -> 14
2019-09-03 12:40:06,266 [ForkJoinPool.commonPool-worker-0] INFO  impl.RaftServerImpl (ServerState.java:close(394)) - 3ef92ecc-28c5-4fad-842b-96b52fc10be7:group-071C975CCF04 closes. The last applied log index is 16
2019-09-03 12:40:06,266 [3ef92ecc-28c5-4fad-842b-96b52fc10be7-SegmentedRaftLogWorker:Storage Directory /workdir/hadoop-ozone/integration-test/target/test-dir/MiniOzoneClusterImpl-5a0a076c-dbad-4ac8-abab-e3faa05d1f8c/datanode-4/data/ratis/a9b32830-0bd8-48a5-9fb1-071c975ccf04] INFO  segmented.SegmentedRaftLogWorker (SegmentedRaftLogWorker.java:run(313)) - 3ef92ecc-28c5-4fad-842b-96b52fc10be7-SegmentedRaftLogWorker:Storage Directory /workdir/hadoop-ozone/integration-test/target/test-dir/MiniOzoneClusterImpl-5a0a076c-dbad-4ac8-abab-e3faa05d1f8c/datanode-4/data/ratis/a9b32830-0bd8-48a5-9fb1-071c975ccf04 was interrupted, exiting. There are 0 tasks remaining in the queue.
2019-09-03 12:40:06,275 [ForkJoinPool.commonPool-worker-0] INFO  segmented.SegmentedRaftLogWorker (SegmentedRaftLogWorker.java:close(228)) - 3ef92ecc-28c5-4fad-842b-96b52fc10be7-SegmentedRaftLogWorker:Storage Directory /workdir/hadoop-ozone/integration-test/target/test-dir/MiniOzoneClusterImpl-5a0a076c-dbad-4ac8-abab-e3faa05d1f8c/datanode-4/data/ratis/a9b32830-0bd8-48a5-9fb1-071c975ccf04 close()
2019-09-03 12:40:06,278 [main] INFO  server.GrpcService (GrpcService.java:closeImpl(155)) - 3ef92ecc-28c5-4fad-842b-96b52fc10be7: shutdown server with port 40472 now
2019-09-03 12:40:06,279 [grpc-default-executor-7] WARN  client.GrpcClientProtocolService (LogUtils.java:warn(134)) - 7-UnorderedRequestStreamObserver7: onError: org.apache.ratis.thirdparty.io.grpc.StatusRuntimeException: CANCELLED: cancelled before receiving half close
2019-09-03 12:40:06,279 [main] INFO  server.GrpcService (GrpcService.java:closeImpl(163)) - 3ef92ecc-28c5-4fad-842b-96b52fc10be7: shutdown server with port 40472 successfully
2019-09-03 12:40:06,281 [refreshUsed-/workdir/hadoop-ozone/integration-test/target/test-dir/MiniOzoneClusterImpl-5a0a076c-dbad-4ac8-abab-e3faa05d1f8c/datanode-4/data/containers] WARN  fs.CachingGetSpaceUsed (CachingGetSpaceUsed.java:run(183)) - Thread Interrupted waiting to refresh disk information: sleep interrupted
2019-09-03 12:40:06,296 [main] INFO  utils.BackgroundService (BackgroundService.java:shutdown(148)) - Shutting down service BlockDeletingService
2019-09-03 12:40:06,301 [main] INFO  statemachine.DatanodeStateMachine (DatanodeStateMachine.java:stopDaemon(395)) - Ozone container server stopped.
2019-09-03 12:40:06,302 [main] INFO  handler.ContextHandler (ContextHandler.java:doStop(910)) - Stopped o.e.j.w.WebAppContext@48e41b5d{/,null,UNAVAILABLE}{/hddsDatanode}
2019-09-03 12:40:06,303 [main] INFO  server.AbstractConnector (AbstractConnector.java:doStop(318)) - Stopped ServerConnector@51e8d066{HTTP/1.1,[http/1.1]}{0.0.0.0:0}
2019-09-03 12:40:06,303 [main] INFO  handler.ContextHandler (ContextHandler.java:doStop(910)) - Stopped o.e.j.s.ServletContextHandler@430df350{/static,jar:file:/home/user/.m2/repository/org/apache/hadoop/hadoop-hdds-container-service/0.5.0-SNAPSHOT/hadoop-hdds-container-service-0.5.0-SNAPSHOT.jar!/webapps/static,UNAVAILABLE}
2019-09-03 12:40:06,303 [main] INFO  handler.ContextHandler (ContextHandler.java:doStop(910)) - Stopped o.e.j.s.ServletContextHandler@571a663c{/logs,file:///workdir/hadoop-ozone/integration-test/target/log,UNAVAILABLE}
2019-09-03 12:40:08,315 [grpc-default-executor-0] INFO  client.GrpcClientProtocolClient (GrpcClientProtocolClient.java:onNext(255)) - client-AC3BC3E8CC79->7fb19221-14f6-4c84-b51f-75149814f9ab: receive RaftClientReply:client-AC3BC3E8CC79->7fb19221-14f6-4c84-b51f-75149814f9ab@group-071C975CCF04, cid=192, FAILED org.apache.ratis.protocol.NotLeaderException: Server 7fb19221-14f6-4c84-b51f-75149814f9ab is not the leader (3ef92ecc-28c5-4fad-842b-96b52fc10be7:192.168.36.96:40472). Request must be sent to leader., logIndex=0, commits[7fb19221-14f6-4c84-b51f-75149814f9ab:c16, 85506639-3fe0-42d5-8109-64e3968f1eaf:c16, 3ef92ecc-28c5-4fad-842b-96b52fc10be7:c16]
2019-09-03 12:40:09,327 [grpc-default-executor-7] INFO  client.GrpcClientProtocolClient (GrpcClientProtocolClient.java:onNext(255)) - client-AC3BC3E8CC79->85506639-3fe0-42d5-8109-64e3968f1eaf: receive RaftClientReply:client-AC3BC3E8CC79->85506639-3fe0-42d5-8109-64e3968f1eaf@group-071C975CCF04, cid=192, FAILED org.apache.ratis.protocol.NotLeaderException: Server 85506639-3fe0-42d5-8109-64e3968f1eaf is not the leader (3ef92ecc-28c5-4fad-842b-96b52fc10be7:192.168.36.96:40472). Request must be sent to leader., logIndex=0, commits[85506639-3fe0-42d5-8109-64e3968f1eaf:c16, 3ef92ecc-28c5-4fad-842b-96b52fc10be7:c16, 7fb19221-14f6-4c84-b51f-75149814f9ab:c16]
2019-09-03 12:40:10,342 [grpc-default-executor-6] INFO  client.GrpcClientProtocolClient (GrpcClientProtocolClient.java:onNext(255)) - client-AC3BC3E8CC79->7fb19221-14f6-4c84-b51f-75149814f9ab: receive RaftClientReply:client-AC3BC3E8CC79->7fb19221-14f6-4c84-b51f-75149814f9ab@group-071C975CCF04, cid=192, FAILED org.apache.ratis.protocol.NotLeaderException: Server 7fb19221-14f6-4c84-b51f-75149814f9ab is not the leader (3ef92ecc-28c5-4fad-842b-96b52fc10be7:192.168.36.96:40472). Request must be sent to leader., logIndex=0, commits[7fb19221-14f6-4c84-b51f-75149814f9ab:c16, 85506639-3fe0-42d5-8109-64e3968f1eaf:c16, 3ef92ecc-28c5-4fad-842b-96b52fc10be7:c16]
2019-09-03 12:40:11,355 [grpc-default-executor-0] INFO  client.GrpcClientProtocolClient (GrpcClientProtocolClient.java:onNext(255)) - client-AC3BC3E8CC79->85506639-3fe0-42d5-8109-64e3968f1eaf: receive RaftClientReply:client-AC3BC3E8CC79->85506639-3fe0-42d5-8109-64e3968f1eaf@group-071C975CCF04, cid=192, FAILED org.apache.ratis.protocol.NotLeaderException: Server 85506639-3fe0-42d5-8109-64e3968f1eaf is not the leader (3ef92ecc-28c5-4fad-842b-96b52fc10be7:192.168.36.96:40472). Request must be sent to leader., logIndex=0, commits[85506639-3fe0-42d5-8109-64e3968f1eaf:c16, 3ef92ecc-28c5-4fad-842b-96b52fc10be7:c16, 7fb19221-14f6-4c84-b51f-75149814f9ab:c16]
2019-09-03 12:40:12,368 [grpc-default-executor-7] INFO  client.GrpcClientProtocolClient (GrpcClientProtocolClient.java:onNext(255)) - client-AC3BC3E8CC79->85506639-3fe0-42d5-8109-64e3968f1eaf: receive RaftClientReply:client-AC3BC3E8CC79->85506639-3fe0-42d5-8109-64e3968f1eaf@group-071C975CCF04, cid=192, FAILED org.apache.ratis.protocol.NotLeaderException: Server 85506639-3fe0-42d5-8109-64e3968f1eaf is not the leader (3ef92ecc-28c5-4fad-842b-96b52fc10be7:192.168.36.96:40472). Request must be sent to leader., logIndex=0, commits[85506639-3fe0-42d5-8109-64e3968f1eaf:c16, 3ef92ecc-28c5-4fad-842b-96b52fc10be7:c16, 7fb19221-14f6-4c84-b51f-75149814f9ab:c16]
2019-09-03 12:40:13,354 [Thread-3686] INFO  impl.FollowerState (FollowerState.java:run(106)) - 85506639-3fe0-42d5-8109-64e3968f1eaf:group-071C975CCF04 changes to CANDIDATE, lastRpcTime:9385, electionTimeout:5127ms
2019-09-03 12:40:13,354 [Thread-3686] INFO  impl.RoleInfo (RoleInfo.java:shutdownFollowerState(121)) - 85506639-3fe0-42d5-8109-64e3968f1eaf: shutdown FollowerState
2019-09-03 12:40:13,354 [Thread-3686] INFO  impl.RaftServerImpl (RaftServerImpl.java:setRole(171)) - 85506639-3fe0-42d5-8109-64e3968f1eaf:group-071C975CCF04 changes role from FOLLOWER to CANDIDATE at term 4 for changeToCandidate
2019-09-03 12:40:13,355 [Thread-3686] INFO  impl.RoleInfo (RoleInfo.java:updateAndGet(143)) - 85506639-3fe0-42d5-8109-64e3968f1eaf: start LeaderElection
2019-09-03 12:40:13,358 [85506639-3fe0-42d5-8109-64e3968f1eaf:group-071C975CCF04:LeaderElection79] INFO  impl.RaftServerImpl (ServerState.java:setLeader(263)) - 85506639-3fe0-42d5-8109-64e3968f1eaf:group-071C975CCF04 change Leader from 3ef92ecc-28c5-4fad-842b-96b52fc10be7 to null at term 4 for initElection
2019-09-03 12:40:13,379 [grpc-default-executor-7] INFO  client.GrpcClientProtocolClient (GrpcClientProtocolClient.java:onNext(255)) - client-AC3BC3E8CC79->7fb19221-14f6-4c84-b51f-75149814f9ab: receive RaftClientReply:client-AC3BC3E8CC79->7fb19221-14f6-4c84-b51f-75149814f9ab@group-071C975CCF04, cid=192, FAILED org.apache.ratis.protocol.NotLeaderException: Server 7fb19221-14f6-4c84-b51f-75149814f9ab is not the leader (3ef92ecc-28c5-4fad-842b-96b52fc10be7:192.168.36.96:40472). Request must be sent to leader., logIndex=0, commits[7fb19221-14f6-4c84-b51f-75149814f9ab:c16, 85506639-3fe0-42d5-8109-64e3968f1eaf:c16, 3ef92ecc-28c5-4fad-842b-96b52fc10be7:c16]
2019-09-03 12:40:13,401 [85506639-3fe0-42d5-8109-64e3968f1eaf:group-071C975CCF04:LeaderElection79] INFO  impl.LeaderElection (LeaderElection.java:askForVotes(181)) - 85506639-3fe0-42d5-8109-64e3968f1eaf:group-071C975CCF04:LeaderElection79: begin an election at term 5 for 0: [85506639-3fe0-42d5-8109-64e3968f1eaf:192.168.36.96:32803, 3ef92ecc-28c5-4fad-842b-96b52fc10be7:192.168.36.96:40472, 7fb19221-14f6-4c84-b51f-75149814f9ab:192.168.36.96:44311], old=null
2019-09-03 12:40:13,402 [85506639-3fe0-42d5-8109-64e3968f1eaf:group-071C975CCF04:LeaderElection79] INFO  impl.LeaderElection (LogUtils.java:infoOrTrace(149)) - 85506639-3fe0-42d5-8109-64e3968f1eaf:group-071C975CCF04:LeaderElection79 got exception when requesting votes: {}
java.util.concurrent.ExecutionException: org.apache.ratis.thirdparty.io.grpc.StatusRuntimeException: UNAVAILABLE: io exception
	at java.util.concurrent.FutureTask.report(FutureTask.java:122)
	at java.util.concurrent.FutureTask.get(FutureTask.java:192)
	at org.apache.ratis.server.impl.LeaderElection.waitForResults(LeaderElection.java:262)
	at org.apache.ratis.server.impl.LeaderElection.askForVotes(LeaderElection.java:200)
	at org.apache.ratis.server.impl.LeaderElection.run(LeaderElection.java:130)
	at java.lang.Thread.run(Thread.java:748)
Caused by: org.apache.ratis.thirdparty.io.grpc.StatusRuntimeException: UNAVAILABLE: io exception
	at org.apache.ratis.thirdparty.io.grpc.stub.ClientCalls.toStatusRuntimeException(ClientCalls.java:233)
	at org.apache.ratis.thirdparty.io.grpc.stub.ClientCalls.getUnchecked(ClientCalls.java:214)
	at org.apache.ratis.thirdparty.io.grpc.stub.ClientCalls.blockingUnaryCall(ClientCalls.java:139)
	at org.apache.ratis.proto.grpc.RaftServerProtocolServiceGrpc$RaftServerProtocolServiceBlockingStub.requestVote(RaftServerProtocolServiceGrpc.java:265)
	at org.apache.ratis.grpc.server.GrpcServerProtocolClient.requestVote(GrpcServerProtocolClient.java:83)
	at org.apache.ratis.grpc.server.GrpcService.requestVote(GrpcService.java:195)
	at org.apache.ratis.server.impl.LeaderElection.lambda$submitRequests$1(LeaderElection.java:237)
	at java.util.concurrent.FutureTask.run(FutureTask.java:266)
	at java.util.concurrent.Executors$RunnableAdapter.call(Executors.java:511)
	at java.util.concurrent.FutureTask.run(FutureTask.java:266)
	at java.util.concurrent.ThreadPoolExecutor.runWorker(ThreadPoolExecutor.java:1149)
	at java.util.concurrent.ThreadPoolExecutor$Worker.run(ThreadPoolExecutor.java:624)
	... 1 more
Caused by: org.apache.ratis.thirdparty.io.netty.channel.AbstractChannel$AnnotatedConnectException: Connection refused: /192.168.36.96:40472
	at sun.nio.ch.SocketChannelImpl.checkConnect(Native Method)
	at sun.nio.ch.SocketChannelImpl.finishConnect(SocketChannelImpl.java:717)
	at org.apache.ratis.thirdparty.io.netty.channel.socket.nio.NioSocketChannel.doFinishConnect(NioSocketChannel.java:327)
	at org.apache.ratis.thirdparty.io.netty.channel.nio.AbstractNioChannel$AbstractNioUnsafe.finishConnect(AbstractNioChannel.java:340)
	at org.apache.ratis.thirdparty.io.netty.channel.nio.NioEventLoop.processSelectedKey(NioEventLoop.java:632)
	at org.apache.ratis.thirdparty.io.netty.channel.nio.NioEventLoop.processSelectedKeysOptimized(NioEventLoop.java:579)
	at org.apache.ratis.thirdparty.io.netty.channel.nio.NioEventLoop.processSelectedKeys(NioEventLoop.java:496)
	at org.apache.ratis.thirdparty.io.netty.channel.nio.NioEventLoop.run(NioEventLoop.java:458)
	at org.apache.ratis.thirdparty.io.netty.util.concurrent.SingleThreadEventExecutor$5.run(SingleThreadEventExecutor.java:897)
	at org.apache.ratis.thirdparty.io.netty.util.concurrent.FastThreadLocalRunnable.run(FastThreadLocalRunnable.java:30)
	... 1 more
Caused by: java.net.ConnectException: Connection refused
	... 11 more
2019-09-03 12:40:13,406 [grpc-default-executor-0] INFO  impl.RaftServerImpl (ServerState.java:setLeader(263)) - 7fb19221-14f6-4c84-b51f-75149814f9ab:group-071C975CCF04 change Leader from 3ef92ecc-28c5-4fad-842b-96b52fc10be7 to null at term 5 for updateCurrentTerm
2019-09-03 12:40:13,406 [grpc-default-executor-0] INFO  impl.RaftServerImpl (RaftServerImpl.java:setRole(171)) - 7fb19221-14f6-4c84-b51f-75149814f9ab:group-071C975CCF04 changes role from FOLLOWER to FOLLOWER at term 5 for recognizeCandidate:85506639-3fe0-42d5-8109-64e3968f1eaf
2019-09-03 12:40:13,406 [grpc-default-executor-0] INFO  impl.RoleInfo (RoleInfo.java:shutdownFollowerState(121)) - 7fb19221-14f6-4c84-b51f-75149814f9ab: shutdown FollowerState
2019-09-03 12:40:13,407 [grpc-default-executor-0] INFO  impl.RoleInfo (RoleInfo.java:updateAndGet(143)) - 7fb19221-14f6-4c84-b51f-75149814f9ab: start FollowerState
2019-09-03 12:40:13,407 [Thread-3687] INFO  impl.FollowerState (FollowerState.java:run(114)) - 7fb19221-14f6-4c84-b51f-75149814f9ab: FollowerState was interrupted: java.lang.InterruptedException: sleep interrupted
2019-09-03 12:40:13,417 [85506639-3fe0-42d5-8109-64e3968f1eaf:group-071C975CCF04:LeaderElection79] INFO  impl.LeaderElection (LeaderElection.java:logAndReturn(56)) - 85506639-3fe0-42d5-8109-64e3968f1eaf:group-071C975CCF04:LeaderElection79: Election PASSED; received 1 response(s) [85506639-3fe0-42d5-8109-64e3968f1eaf<-7fb19221-14f6-4c84-b51f-75149814f9ab#0:OK-t5] and 1 exception(s); 85506639-3fe0-42d5-8109-64e3968f1eaf:t5, leader=null, voted=85506639-3fe0-42d5-8109-64e3968f1eaf, raftlog=85506639-3fe0-42d5-8109-64e3968f1eaf-SegmentedRaftLog:OPENED:c16,f16,i16, conf=0: [85506639-3fe0-42d5-8109-64e3968f1eaf:192.168.36.96:32803, 3ef92ecc-28c5-4fad-842b-96b52fc10be7:192.168.36.96:40472, 7fb19221-14f6-4c84-b51f-75149814f9ab:192.168.36.96:44311], old=null
2019-09-03 12:40:13,417 [85506639-3fe0-42d5-8109-64e3968f1eaf:group-071C975CCF04:LeaderElection79] INFO  impl.LeaderElection (LogUtils.java:infoOrTrace(149)) -   Exception 0: {}
java.util.concurrent.ExecutionException: org.apache.ratis.thirdparty.io.grpc.StatusRuntimeException: UNAVAILABLE: io exception
	at java.util.concurrent.FutureTask.report(FutureTask.java:122)
	at java.util.concurrent.FutureTask.get(FutureTask.java:192)
	at org.apache.ratis.server.impl.LeaderElection.waitForResults(LeaderElection.java:262)
	at org.apache.ratis.server.impl.LeaderElection.askForVotes(LeaderElection.java:200)
	at org.apache.ratis.server.impl.LeaderElection.run(LeaderElection.java:130)
	at java.lang.Thread.run(Thread.java:748)
Caused by: org.apache.ratis.thirdparty.io.grpc.StatusRuntimeException: UNAVAILABLE: io exception
	at org.apache.ratis.thirdparty.io.grpc.stub.ClientCalls.toStatusRuntimeException(ClientCalls.java:233)
	at org.apache.ratis.thirdparty.io.grpc.stub.ClientCalls.getUnchecked(ClientCalls.java:214)
	at org.apache.ratis.thirdparty.io.grpc.stub.ClientCalls.blockingUnaryCall(ClientCalls.java:139)
	at org.apache.ratis.proto.grpc.RaftServerProtocolServiceGrpc$RaftServerProtocolServiceBlockingStub.requestVote(RaftServerProtocolServiceGrpc.java:265)
	at org.apache.ratis.grpc.server.GrpcServerProtocolClient.requestVote(GrpcServerProtocolClient.java:83)
	at org.apache.ratis.grpc.server.GrpcService.requestVote(GrpcService.java:195)
	at org.apache.ratis.server.impl.LeaderElection.lambda$submitRequests$1(LeaderElection.java:237)
	at java.util.concurrent.FutureTask.run(FutureTask.java:266)
	at java.util.concurrent.Executors$RunnableAdapter.call(Executors.java:511)
	at java.util.concurrent.FutureTask.run(FutureTask.java:266)
	at java.util.concurrent.ThreadPoolExecutor.runWorker(ThreadPoolExecutor.java:1149)
	at java.util.concurrent.ThreadPoolExecutor$Worker.run(ThreadPoolExecutor.java:624)
	... 1 more
Caused by: org.apache.ratis.thirdparty.io.netty.channel.AbstractChannel$AnnotatedConnectException: Connection refused: /192.168.36.96:40472
	at sun.nio.ch.SocketChannelImpl.checkConnect(Native Method)
	at sun.nio.ch.SocketChannelImpl.finishConnect(SocketChannelImpl.java:717)
	at org.apache.ratis.thirdparty.io.netty.channel.socket.nio.NioSocketChannel.doFinishConnect(NioSocketChannel.java:327)
	at org.apache.ratis.thirdparty.io.netty.channel.nio.AbstractNioChannel$AbstractNioUnsafe.finishConnect(AbstractNioChannel.java:340)
	at org.apache.ratis.thirdparty.io.netty.channel.nio.NioEventLoop.processSelectedKey(NioEventLoop.java:632)
	at org.apache.ratis.thirdparty.io.netty.channel.nio.NioEventLoop.processSelectedKeysOptimized(NioEventLoop.java:579)
	at org.apache.ratis.thirdparty.io.netty.channel.nio.NioEventLoop.processSelectedKeys(NioEventLoop.java:496)
	at org.apache.ratis.thirdparty.io.netty.channel.nio.NioEventLoop.run(NioEventLoop.java:458)
	at org.apache.ratis.thirdparty.io.netty.util.concurrent.SingleThreadEventExecutor$5.run(SingleThreadEventExecutor.java:897)
	at org.apache.ratis.thirdparty.io.netty.util.concurrent.FastThreadLocalRunnable.run(FastThreadLocalRunnable.java:30)
	... 1 more
Caused by: java.net.ConnectException: Connection refused
	... 11 more
2019-09-03 12:40:13,417 [85506639-3fe0-42d5-8109-64e3968f1eaf:group-071C975CCF04:LeaderElection79] INFO  impl.RoleInfo (RoleInfo.java:shutdownLeaderElection(134)) - 85506639-3fe0-42d5-8109-64e3968f1eaf: shutdown LeaderElection
2019-09-03 12:40:13,417 [85506639-3fe0-42d5-8109-64e3968f1eaf:group-071C975CCF04:LeaderElection79] INFO  impl.RaftServerImpl (RaftServerImpl.java:setRole(171)) - 85506639-3fe0-42d5-8109-64e3968f1eaf:group-071C975CCF04 changes role from CANDIDATE to LEADER at term 5 for changeToLeader
2019-09-03 12:40:13,417 [85506639-3fe0-42d5-8109-64e3968f1eaf:group-071C975CCF04:LeaderElection79] INFO  impl.RaftServerImpl (ServerState.java:setLeader(263)) - 85506639-3fe0-42d5-8109-64e3968f1eaf:group-071C975CCF04 change Leader from null to 85506639-3fe0-42d5-8109-64e3968f1eaf at term 5 for becomeLeader, leader elected after 59ms
2019-09-03 12:40:13,417 [85506639-3fe0-42d5-8109-64e3968f1eaf:group-071C975CCF04:LeaderElection79] INFO  server.RaftServerConfigKeys (ConfUtils.java:logGet(43)) - raft.server.staging.catchup.gap = 1000 (default)
2019-09-03 12:40:13,418 [85506639-3fe0-42d5-8109-64e3968f1eaf:group-071C975CCF04:LeaderElection79] INFO  server.RaftServerConfigKeys (ConfUtils.java:logGet(43)) - raft.server.rpc.sleep.time = 25ms (default)
2019-09-03 12:40:13,418 [85506639-3fe0-42d5-8109-64e3968f1eaf:group-071C975CCF04:LeaderElection79] INFO  server.RaftServerConfigKeys (ConfUtils.java:logGet(43)) - raft.server.write.element-limit = 4096 (default)
2019-09-03 12:40:13,418 [85506639-3fe0-42d5-8109-64e3968f1eaf:group-071C975CCF04:LeaderElection79] INFO  server.RaftServerConfigKeys (ConfUtils.java:logGet(43)) - raft.server.watch.timeout = 10s (default)
2019-09-03 12:40:13,418 [85506639-3fe0-42d5-8109-64e3968f1eaf:group-071C975CCF04:LeaderElection79] INFO  server.RaftServerConfigKeys (ConfUtils.java:logGet(43)) - raft.server.watch.timeout.denomination = 1s (default)
2019-09-03 12:40:13,418 [85506639-3fe0-42d5-8109-64e3968f1eaf:group-071C975CCF04:LeaderElection79] INFO  server.RaftServerConfigKeys (ConfUtils.java:logGet(43)) - raft.server.watch.element-limit = 65536 (default)
2019-09-03 12:40:13,418 [85506639-3fe0-42d5-8109-64e3968f1eaf:group-071C975CCF04:LeaderElection79] INFO  server.RaftServerConfigKeys (ConfUtils.java:logGet(43)) - raft.server.log.appender.snapshot.chunk.size.max = 16MB (=16777216) (default)
2019-09-03 12:40:13,418 [85506639-3fe0-42d5-8109-64e3968f1eaf:group-071C975CCF04:LeaderElection79] INFO  server.RaftServerConfigKeys (ConfUtils.java:logGet(43)) - raft.server.log.appender.buffer.byte-limit = 33554432 (custom)
2019-09-03 12:40:13,418 [85506639-3fe0-42d5-8109-64e3968f1eaf:group-071C975CCF04:LeaderElection79] INFO  server.RaftServerConfigKeys (ConfUtils.java:logGet(43)) - raft.server.log.appender.buffer.element-limit = 1 (custom)
2019-09-03 12:40:13,419 [85506639-3fe0-42d5-8109-64e3968f1eaf:group-071C975CCF04:LeaderElection79] INFO  grpc.GrpcConfigKeys$Server (ConfUtils.java:logGet(43)) - raft.grpc.server.leader.outstanding.appends.max = 128 (default)
2019-09-03 12:40:13,419 [85506639-3fe0-42d5-8109-64e3968f1eaf:group-071C975CCF04:LeaderElection79] INFO  server.RaftServerConfigKeys (ConfUtils.java:logGet(43)) - raft.server.rpc.request.timeout = 3000ms (default)
2019-09-03 12:40:13,419 [85506639-3fe0-42d5-8109-64e3968f1eaf:group-071C975CCF04:LeaderElection79] INFO  server.RaftServerConfigKeys (ConfUtils.java:logGet(43)) - raft.server.log.appender.install.snapshot.enabled = false (custom)
2019-09-03 12:40:13,419 [85506639-3fe0-42d5-8109-64e3968f1eaf:group-071C975CCF04:LeaderElection79] INFO  server.RaftServerConfigKeys (ConfUtils.java:logGet(43)) - raft.server.log.appender.snapshot.chunk.size.max = 16MB (=16777216) (default)
2019-09-03 12:40:13,419 [85506639-3fe0-42d5-8109-64e3968f1eaf:group-071C975CCF04:LeaderElection79] INFO  server.RaftServerConfigKeys (ConfUtils.java:logGet(43)) - raft.server.log.appender.buffer.byte-limit = 33554432 (custom)
2019-09-03 12:40:13,419 [85506639-3fe0-42d5-8109-64e3968f1eaf:group-071C975CCF04:LeaderElection79] INFO  server.RaftServerConfigKeys (ConfUtils.java:logGet(43)) - raft.server.log.appender.buffer.element-limit = 1 (custom)
2019-09-03 12:40:13,419 [85506639-3fe0-42d5-8109-64e3968f1eaf:group-071C975CCF04:LeaderElection79] INFO  grpc.GrpcConfigKeys$Server (ConfUtils.java:logGet(43)) - raft.grpc.server.leader.outstanding.appends.max = 128 (default)
2019-09-03 12:40:13,420 [85506639-3fe0-42d5-8109-64e3968f1eaf:group-071C975CCF04:LeaderElection79] INFO  server.RaftServerConfigKeys (ConfUtils.java:logGet(43)) - raft.server.rpc.request.timeout = 3000ms (default)
2019-09-03 12:40:13,420 [85506639-3fe0-42d5-8109-64e3968f1eaf:group-071C975CCF04:LeaderElection79] INFO  server.RaftServerConfigKeys (ConfUtils.java:logGet(43)) - raft.server.log.appender.install.snapshot.enabled = false (custom)
2019-09-03 12:40:13,420 [85506639-3fe0-42d5-8109-64e3968f1eaf:group-071C975CCF04:LeaderElection79] INFO  impl.RoleInfo (RoleInfo.java:updateAndGet(143)) - 85506639-3fe0-42d5-8109-64e3968f1eaf: start LeaderState
2019-09-03 12:40:13,420 [85506639-3fe0-42d5-8109-64e3968f1eaf:group-071C975CCF04:LeaderElection79] INFO  segmented.SegmentedRaftLogWorker (SegmentedRaftLogWorker.java:rollLogSegment(385)) - 85506639-3fe0-42d5-8109-64e3968f1eaf-SegmentedRaftLogWorker:Storage Directory /workdir/hadoop-ozone/integration-test/target/test-dir/MiniOzoneClusterImpl-5a0a076c-dbad-4ac8-abab-e3faa05d1f8c/datanode-3/data/ratis/a9b32830-0bd8-48a5-9fb1-071c975ccf04: Rolling segment log-0_16 to index:16
2019-09-03 12:40:13,421 [85506639-3fe0-42d5-8109-64e3968f1eaf:group-071C975CCF04:LeaderElection79] INFO  impl.RaftServerImpl (ServerState.java:setRaftConf(361)) - 85506639-3fe0-42d5-8109-64e3968f1eaf:group-071C975CCF04 set configuration 17: [85506639-3fe0-42d5-8109-64e3968f1eaf:192.168.36.96:32803, 3ef92ecc-28c5-4fad-842b-96b52fc10be7:192.168.36.96:40472, 7fb19221-14f6-4c84-b51f-75149814f9ab:192.168.36.96:44311], old=null at 17
2019-09-03 12:40:13,421 [85506639-3fe0-42d5-8109-64e3968f1eaf-SegmentedRaftLogWorker:Storage Directory /workdir/hadoop-ozone/integration-test/target/test-dir/MiniOzoneClusterImpl-5a0a076c-dbad-4ac8-abab-e3faa05d1f8c/datanode-3/data/ratis/a9b32830-0bd8-48a5-9fb1-071c975ccf04] INFO  segmented.SegmentedRaftLogWorker (SegmentedRaftLogWorker.java:execute(526)) - 85506639-3fe0-42d5-8109-64e3968f1eaf-SegmentedRaftLogWorker:Storage Directory /workdir/hadoop-ozone/integration-test/target/test-dir/MiniOzoneClusterImpl-5a0a076c-dbad-4ac8-abab-e3faa05d1f8c/datanode-3/data/ratis/a9b32830-0bd8-48a5-9fb1-071c975ccf04: Rolled log segment from /workdir/hadoop-ozone/integration-test/target/test-dir/MiniOzoneClusterImpl-5a0a076c-dbad-4ac8-abab-e3faa05d1f8c/datanode-3/data/ratis/a9b32830-0bd8-48a5-9fb1-071c975ccf04/current/log_inprogress_0 to /workdir/hadoop-ozone/integration-test/target/test-dir/MiniOzoneClusterImpl-5a0a076c-dbad-4ac8-abab-e3faa05d1f8c/datanode-3/data/ratis/a9b32830-0bd8-48a5-9fb1-071c975ccf04/current/log_0-16
2019-09-03 12:40:13,421 [grpc-default-executor-0] WARN  server.GrpcLogAppender (LogUtils.java:warn(134)) - 85506639-3fe0-42d5-8109-64e3968f1eaf->3ef92ecc-28c5-4fad-842b-96b52fc10be7: Failed appendEntries: org.apache.ratis.thirdparty.io.grpc.StatusRuntimeException: UNAVAILABLE: io exception
2019-09-03 12:40:13,421 [grpc-default-executor-0] INFO  impl.FollowerInfo (FollowerInfo.java:lambda$new$0(50)) - 85506639-3fe0-42d5-8109-64e3968f1eaf->3ef92ecc-28c5-4fad-842b-96b52fc10be7: nextIndex: updateUnconditionally 17 -> 1
2019-09-03 12:40:13,422 [grpc-default-executor-6] INFO  impl.RaftServerImpl (ServerState.java:setLeader(263)) - 7fb19221-14f6-4c84-b51f-75149814f9ab:group-071C975CCF04 change Leader from null to 85506639-3fe0-42d5-8109-64e3968f1eaf at term 5 for appendEntries, leader elected after 15ms
2019-09-03 12:40:13,424 [grpc-default-executor-6] INFO  impl.RaftServerImpl (ServerState.java:setRaftConf(361)) - 7fb19221-14f6-4c84-b51f-75149814f9ab:group-071C975CCF04 set configuration 17: [85506639-3fe0-42d5-8109-64e3968f1eaf:192.168.36.96:32803, 3ef92ecc-28c5-4fad-842b-96b52fc10be7:192.168.36.96:40472, 7fb19221-14f6-4c84-b51f-75149814f9ab:192.168.36.96:44311], old=null at 17
2019-09-03 12:40:13,424 [grpc-default-executor-6] INFO  segmented.SegmentedRaftLogWorker (SegmentedRaftLogWorker.java:rollLogSegment(385)) - 7fb19221-14f6-4c84-b51f-75149814f9ab-SegmentedRaftLogWorker:Storage Directory /workdir/hadoop-ozone/integration-test/target/test-dir/MiniOzoneClusterImpl-5a0a076c-dbad-4ac8-abab-e3faa05d1f8c/datanode-6/data/ratis/a9b32830-0bd8-48a5-9fb1-071c975ccf04: Rolling segment log-0_16 to index:16
2019-09-03 12:40:13,425 [7fb19221-14f6-4c84-b51f-75149814f9ab-SegmentedRaftLogWorker:Storage Directory /workdir/hadoop-ozone/integration-test/target/test-dir/MiniOzoneClusterImpl-5a0a076c-dbad-4ac8-abab-e3faa05d1f8c/datanode-6/data/ratis/a9b32830-0bd8-48a5-9fb1-071c975ccf04] INFO  segmented.SegmentedRaftLogWorker (SegmentedRaftLogWorker.java:execute(526)) - 7fb19221-14f6-4c84-b51f-75149814f9ab-SegmentedRaftLogWorker:Storage Directory /workdir/hadoop-ozone/integration-test/target/test-dir/MiniOzoneClusterImpl-5a0a076c-dbad-4ac8-abab-e3faa05d1f8c/datanode-6/data/ratis/a9b32830-0bd8-48a5-9fb1-071c975ccf04: Rolled log segment from /workdir/hadoop-ozone/integration-test/target/test-dir/MiniOzoneClusterImpl-5a0a076c-dbad-4ac8-abab-e3faa05d1f8c/datanode-6/data/ratis/a9b32830-0bd8-48a5-9fb1-071c975ccf04/current/log_inprogress_0 to /workdir/hadoop-ozone/integration-test/target/test-dir/MiniOzoneClusterImpl-5a0a076c-dbad-4ac8-abab-e3faa05d1f8c/datanode-6/data/ratis/a9b32830-0bd8-48a5-9fb1-071c975ccf04/current/log_0-16
2019-09-03 12:40:13,464 [85506639-3fe0-42d5-8109-64e3968f1eaf-SegmentedRaftLogWorker:Storage Directory /workdir/hadoop-ozone/integration-test/target/test-dir/MiniOzoneClusterImpl-5a0a076c-dbad-4ac8-abab-e3faa05d1f8c/datanode-3/data/ratis/a9b32830-0bd8-48a5-9fb1-071c975ccf04] INFO  segmented.SegmentedRaftLogWorker (SegmentedRaftLogWorker.java:execute(569)) - 85506639-3fe0-42d5-8109-64e3968f1eaf-SegmentedRaftLogWorker:Storage Directory /workdir/hadoop-ozone/integration-test/target/test-dir/MiniOzoneClusterImpl-5a0a076c-dbad-4ac8-abab-e3faa05d1f8c/datanode-3/data/ratis/a9b32830-0bd8-48a5-9fb1-071c975ccf04: created new log segment /workdir/hadoop-ozone/integration-test/target/test-dir/MiniOzoneClusterImpl-5a0a076c-dbad-4ac8-abab-e3faa05d1f8c/datanode-3/data/ratis/a9b32830-0bd8-48a5-9fb1-071c975ccf04/current/log_inprogress_17
2019-09-03 12:40:13,464 [7fb19221-14f6-4c84-b51f-75149814f9ab-SegmentedRaftLogWorker:Storage Directory /workdir/hadoop-ozone/integration-test/target/test-dir/MiniOzoneClusterImpl-5a0a076c-dbad-4ac8-abab-e3faa05d1f8c/datanode-6/data/ratis/a9b32830-0bd8-48a5-9fb1-071c975ccf04] INFO  segmented.SegmentedRaftLogWorker (SegmentedRaftLogWorker.java:execute(569)) - 7fb19221-14f6-4c84-b51f-75149814f9ab-SegmentedRaftLogWorker:Storage Directory /workdir/hadoop-ozone/integration-test/target/test-dir/MiniOzoneClusterImpl-5a0a076c-dbad-4ac8-abab-e3faa05d1f8c/datanode-6/data/ratis/a9b32830-0bd8-48a5-9fb1-071c975ccf04: created new log segment /workdir/hadoop-ozone/integration-test/target/test-dir/MiniOzoneClusterImpl-5a0a076c-dbad-4ac8-abab-e3faa05d1f8c/datanode-6/data/ratis/a9b32830-0bd8-48a5-9fb1-071c975ccf04/current/log_inprogress_17
2019-09-03 12:40:13,473 [grpc-default-executor-6] WARN  server.GrpcLogAppender (LogUtils.java:warn(134)) - 85506639-3fe0-42d5-8109-64e3968f1eaf->3ef92ecc-28c5-4fad-842b-96b52fc10be7: Failed appendEntries: org.apache.ratis.thirdparty.io.grpc.StatusRuntimeException: UNAVAILABLE: io exception
2019-09-03 12:40:13,473 [grpc-default-executor-6] INFO  impl.FollowerInfo (FollowerInfo.java:lambda$new$0(50)) - 85506639-3fe0-42d5-8109-64e3968f1eaf->3ef92ecc-28c5-4fad-842b-96b52fc10be7: nextIndex: updateUnconditionally 2 -> 1
2019-09-03 12:40:13,483 [grpc-default-executor-6] WARN  server.GrpcLogAppender (LogUtils.java:warn(134)) - 85506639-3fe0-42d5-8109-64e3968f1eaf->3ef92ecc-28c5-4fad-842b-96b52fc10be7: Failed appendEntries: org.apache.ratis.thirdparty.io.grpc.StatusRuntimeException: UNAVAILABLE: io exception
2019-09-03 12:40:13,484 [grpc-default-executor-6] INFO  impl.FollowerInfo (FollowerInfo.java:lambda$new$0(50)) - 85506639-3fe0-42d5-8109-64e3968f1eaf->3ef92ecc-28c5-4fad-842b-96b52fc10be7: nextIndex: updateUnconditionally 2 -> 1
12:40:14.387 [grpc-default-executor-6] ERROR DNAudit - user=null | ip=null | op=WRITE_CHUNK {blockData=conID: 1 locID: 102728622636138511 bcsId: 14} | ret=FAILURE
org.apache.hadoop.hdds.scm.container.common.helpers.ContainerNotOpenException: Container 1 in CLOSING state
	at org.apache.hadoop.ozone.container.common.impl.HddsDispatcher.validateContainerCommand(HddsDispatcher.java:408) ~[hadoop-hdds-container-service-0.5.0-SNAPSHOT.jar:?]
	at org.apache.hadoop.ozone.container.common.transport.server.ratis.ContainerStateMachine.startTransaction(ContainerStateMachine.java:310) ~[hadoop-hdds-container-service-0.5.0-SNAPSHOT.jar:?]
	at org.apache.ratis.server.impl.RaftServerImpl.submitClientRequestAsync(RaftServerImpl.java:566) ~[ratis-server-0.4.0-2337318-SNAPSHOT.jar:0.4.0-2337318-SNAPSHOT]
	at org.apache.ratis.server.impl.RaftServerProxy.lambda$submitClientRequestAsync$7(RaftServerProxy.java:333) ~[ratis-server-0.4.0-2337318-SNAPSHOT.jar:0.4.0-2337318-SNAPSHOT]
	at org.apache.ratis.server.impl.RaftServerProxy.lambda$null$5(RaftServerProxy.java:328) ~[ratis-server-0.4.0-2337318-SNAPSHOT.jar:0.4.0-2337318-SNAPSHOT]
	at org.apache.ratis.util.JavaUtils.callAsUnchecked(JavaUtils.java:109) ~[ratis-common-0.4.0-2337318-SNAPSHOT.jar:0.4.0-2337318-SNAPSHOT]
	at org.apache.ratis.server.impl.RaftServerProxy.lambda$submitRequest$6(RaftServerProxy.java:328) ~[ratis-server-0.4.0-2337318-SNAPSHOT.jar:0.4.0-2337318-SNAPSHOT]
	at java.util.concurrent.CompletableFuture.uniComposeStage(CompletableFuture.java:981) ~[?:1.8.0_212]
	at java.util.concurrent.CompletableFuture.thenCompose(CompletableFuture.java:2124) ~[?:1.8.0_212]
	at org.apache.ratis.server.impl.RaftServerProxy.submitRequest(RaftServerProxy.java:327) ~[ratis-server-0.4.0-2337318-SNAPSHOT.jar:0.4.0-2337318-SNAPSHOT]
	at org.apache.ratis.server.impl.RaftServerProxy.submitClientRequestAsync(RaftServerProxy.java:333) ~[ratis-server-0.4.0-2337318-SNAPSHOT.jar:0.4.0-2337318-SNAPSHOT]
	at org.apache.ratis.grpc.client.GrpcClientProtocolService$RequestStreamObserver.processClientRequest(GrpcClientProtocolService.java:220) ~[ratis-grpc-0.4.0-2337318-SNAPSHOT.jar:0.4.0-2337318-SNAPSHOT]
	at org.apache.ratis.grpc.client.GrpcClientProtocolService$OrderedRequestStreamObserver.processClientRequest(GrpcClientProtocolService.java:326) ~[ratis-grpc-0.4.0-2337318-SNAPSHOT.jar:0.4.0-2337318-SNAPSHOT]
	at org.apache.ratis.util.SlidingWindow$Server.processRequestsFromHead(SlidingWindow.java:429) [ratis-common-0.4.0-2337318-SNAPSHOT.jar:0.4.0-2337318-SNAPSHOT]
	at org.apache.ratis.util.SlidingWindow$Server.receivedRequest(SlidingWindow.java:421) [ratis-common-0.4.0-2337318-SNAPSHOT.jar:0.4.0-2337318-SNAPSHOT]
	at org.apache.ratis.grpc.client.GrpcClientProtocolService$OrderedRequestStreamObserver.processClientRequest(GrpcClientProtocolService.java:345) [ratis-grpc-0.4.0-2337318-SNAPSHOT.jar:0.4.0-2337318-SNAPSHOT]
	at org.apache.ratis.grpc.client.GrpcClientProtocolService$RequestStreamObserver.onNext(GrpcClientProtocolService.java:240) [ratis-grpc-0.4.0-2337318-SNAPSHOT.jar:0.4.0-2337318-SNAPSHOT]
	at org.apache.ratis.grpc.client.GrpcClientProtocolService$RequestStreamObserver.onNext(GrpcClientProtocolService.java:168) [ratis-grpc-0.4.0-2337318-SNAPSHOT.jar:0.4.0-2337318-SNAPSHOT]
	at org.apache.ratis.thirdparty.io.grpc.stub.ServerCalls$StreamingServerCallHandler$StreamingServerCallListener.onMessage(ServerCalls.java:248) [ratis-thirdparty-misc-0.2.0.jar:0.2.0]
	at org.apache.ratis.thirdparty.io.grpc.internal.ServerCallImpl$ServerStreamListenerImpl.messagesAvailable(ServerCallImpl.java:263) [ratis-thirdparty-misc-0.2.0.jar:0.2.0]
	at org.apache.ratis.thirdparty.io.grpc.internal.ServerImpl$JumpToApplicationThreadServerStreamListener$1MessagesAvailable.runInContext(ServerImpl.java:686) [ratis-thirdparty-misc-0.2.0.jar:0.2.0]
	at org.apache.ratis.thirdparty.io.grpc.internal.ContextRunnable.run(ContextRunnable.java:37) [ratis-thirdparty-misc-0.2.0.jar:0.2.0]
	at org.apache.ratis.thirdparty.io.grpc.internal.SerializingExecutor.run(SerializingExecutor.java:123) [ratis-thirdparty-misc-0.2.0.jar:0.2.0]
	at java.util.concurrent.ThreadPoolExecutor.runWorker(ThreadPoolExecutor.java:1149) [?:1.8.0_212]
	at java.util.concurrent.ThreadPoolExecutor$Worker.run(ThreadPoolExecutor.java:624) [?:1.8.0_212]
	at java.lang.Thread.run(Thread.java:748) [?:1.8.0_212]
2019-09-03 12:40:14,397 [grpc-default-executor-6] INFO  client.GrpcClientProtocolClient (GrpcClientProtocolClient.java:onNext(255)) - client-AC3BC3E8CC79->85506639-3fe0-42d5-8109-64e3968f1eaf: receive RaftClientReply:client-AC3BC3E8CC79->85506639-3fe0-42d5-8109-64e3968f1eaf@group-071C975CCF04, cid=192, FAILED org.apache.ratis.protocol.StateMachineException: org.apache.hadoop.hdds.scm.container.common.helpers.ContainerNotOpenException from Server 85506639-3fe0-42d5-8109-64e3968f1eaf: Container 1 in CLOSING state, logIndex=0, commits[85506639-3fe0-42d5-8109-64e3968f1eaf:c18, 3ef92ecc-28c5-4fad-842b-96b52fc10be7:c16, 7fb19221-14f6-4c84-b51f-75149814f9ab:c17]
12:40:14.398 [grpc-default-executor-0] ERROR DNAudit - user=null | ip=null | op=WRITE_CHUNK {blockData=conID: 1 locID: 102728622636138511 bcsId: 14} | ret=FAILURE
org.apache.hadoop.hdds.scm.container.common.helpers.ContainerNotOpenException: Container 1 in CLOSING state
	at org.apache.hadoop.ozone.container.common.impl.HddsDispatcher.validateContainerCommand(HddsDispatcher.java:408) ~[hadoop-hdds-container-service-0.5.0-SNAPSHOT.jar:?]
	at org.apache.hadoop.ozone.container.common.transport.server.ratis.ContainerStateMachine.startTransaction(ContainerStateMachine.java:310) ~[hadoop-hdds-container-service-0.5.0-SNAPSHOT.jar:?]
	at org.apache.ratis.server.impl.RaftServerImpl.submitClientRequestAsync(RaftServerImpl.java:566) ~[ratis-server-0.4.0-2337318-SNAPSHOT.jar:0.4.0-2337318-SNAPSHOT]
	at org.apache.ratis.server.impl.RaftServerProxy.lambda$submitClientRequestAsync$7(RaftServerProxy.java:333) ~[ratis-server-0.4.0-2337318-SNAPSHOT.jar:0.4.0-2337318-SNAPSHOT]
	at org.apache.ratis.server.impl.RaftServerProxy.lambda$null$5(RaftServerProxy.java:328) ~[ratis-server-0.4.0-2337318-SNAPSHOT.jar:0.4.0-2337318-SNAPSHOT]
	at org.apache.ratis.util.JavaUtils.callAsUnchecked(JavaUtils.java:109) ~[ratis-common-0.4.0-2337318-SNAPSHOT.jar:0.4.0-2337318-SNAPSHOT]
	at org.apache.ratis.server.impl.RaftServerProxy.lambda$submitRequest$6(RaftServerProxy.java:328) ~[ratis-server-0.4.0-2337318-SNAPSHOT.jar:0.4.0-2337318-SNAPSHOT]
	at java.util.concurrent.CompletableFuture.uniComposeStage(CompletableFuture.java:981) ~[?:1.8.0_212]
	at java.util.concurrent.CompletableFuture.thenCompose(CompletableFuture.java:2124) ~[?:1.8.0_212]
	at org.apache.ratis.server.impl.RaftServerProxy.submitRequest(RaftServerProxy.java:327) ~[ratis-server-0.4.0-2337318-SNAPSHOT.jar:0.4.0-2337318-SNAPSHOT]
	at org.apache.ratis.server.impl.RaftServerProxy.submitClientRequestAsync(RaftServerProxy.java:333) ~[ratis-server-0.4.0-2337318-SNAPSHOT.jar:0.4.0-2337318-SNAPSHOT]
	at org.apache.ratis.grpc.client.GrpcClientProtocolService$RequestStreamObserver.processClientRequest(GrpcClientProtocolService.java:220) ~[ratis-grpc-0.4.0-2337318-SNAPSHOT.jar:0.4.0-2337318-SNAPSHOT]
	at org.apache.ratis.grpc.client.GrpcClientProtocolService$OrderedRequestStreamObserver.processClientRequest(GrpcClientProtocolService.java:326) ~[ratis-grpc-0.4.0-2337318-SNAPSHOT.jar:0.4.0-2337318-SNAPSHOT]
	at org.apache.ratis.util.SlidingWindow$Server.processRequestsFromHead(SlidingWindow.java:429) [ratis-common-0.4.0-2337318-SNAPSHOT.jar:0.4.0-2337318-SNAPSHOT]
	at org.apache.ratis.util.SlidingWindow$Server.receivedRequest(SlidingWindow.java:421) [ratis-common-0.4.0-2337318-SNAPSHOT.jar:0.4.0-2337318-SNAPSHOT]
	at org.apache.ratis.grpc.client.GrpcClientProtocolService$OrderedRequestStreamObserver.processClientRequest(GrpcClientProtocolService.java:345) [ratis-grpc-0.4.0-2337318-SNAPSHOT.jar:0.4.0-2337318-SNAPSHOT]
	at org.apache.ratis.grpc.client.GrpcClientProtocolService$RequestStreamObserver.onNext(GrpcClientProtocolService.java:240) [ratis-grpc-0.4.0-2337318-SNAPSHOT.jar:0.4.0-2337318-SNAPSHOT]
	at org.apache.ratis.grpc.client.GrpcClientProtocolService$RequestStreamObserver.onNext(GrpcClientProtocolService.java:168) [ratis-grpc-0.4.0-2337318-SNAPSHOT.jar:0.4.0-2337318-SNAPSHOT]
	at org.apache.ratis.thirdparty.io.grpc.stub.ServerCalls$StreamingServerCallHandler$StreamingServerCallListener.onMessage(ServerCalls.java:248) [ratis-thirdparty-misc-0.2.0.jar:0.2.0]
	at org.apache.ratis.thirdparty.io.grpc.internal.ServerCallImpl$ServerStreamListenerImpl.messagesAvailable(ServerCallImpl.java:263) [ratis-thirdparty-misc-0.2.0.jar:0.2.0]
	at org.apache.ratis.thirdparty.io.grpc.internal.ServerImpl$JumpToApplicationThreadServerStreamListener$1MessagesAvailable.runInContext(ServerImpl.java:686) [ratis-thirdparty-misc-0.2.0.jar:0.2.0]
	at org.apache.ratis.thirdparty.io.grpc.internal.ContextRunnable.run(ContextRunnable.java:37) [ratis-thirdparty-misc-0.2.0.jar:0.2.0]
	at org.apache.ratis.thirdparty.io.grpc.internal.SerializingExecutor.run(SerializingExecutor.java:123) [ratis-thirdparty-misc-0.2.0.jar:0.2.0]
	at java.util.concurrent.ThreadPoolExecutor.runWorker(ThreadPoolExecutor.java:1149) [?:1.8.0_212]
	at java.util.concurrent.ThreadPoolExecutor$Worker.run(ThreadPoolExecutor.java:624) [?:1.8.0_212]
	at java.lang.Thread.run(Thread.java:748) [?:1.8.0_212]
12:40:14.401 [grpc-default-executor-0] ERROR DNAudit - user=null | ip=null | op=PUT_BLOCK {blockData=[blockId=conID: 1 locID: 102728622636138511 bcsId: 0,size=650]} | ret=FAILURE
org.apache.hadoop.hdds.scm.container.common.helpers.ContainerNotOpenException: Container 1 in CLOSING state
	at org.apache.hadoop.ozone.container.common.impl.HddsDispatcher.validateContainerCommand(HddsDispatcher.java:408) ~[hadoop-hdds-container-service-0.5.0-SNAPSHOT.jar:?]
	at org.apache.hadoop.ozone.container.common.transport.server.ratis.ContainerStateMachine.startTransaction(ContainerStateMachine.java:310) ~[hadoop-hdds-container-service-0.5.0-SNAPSHOT.jar:?]
	at org.apache.ratis.server.impl.RaftServerImpl.submitClientRequestAsync(RaftServerImpl.java:566) ~[ratis-server-0.4.0-2337318-SNAPSHOT.jar:0.4.0-2337318-SNAPSHOT]
	at org.apache.ratis.server.impl.RaftServerProxy.lambda$submitClientRequestAsync$7(RaftServerProxy.java:333) ~[ratis-server-0.4.0-2337318-SNAPSHOT.jar:0.4.0-2337318-SNAPSHOT]
	at org.apache.ratis.server.impl.RaftServerProxy.lambda$null$5(RaftServerProxy.java:328) ~[ratis-server-0.4.0-2337318-SNAPSHOT.jar:0.4.0-2337318-SNAPSHOT]
	at org.apache.ratis.util.JavaUtils.callAsUnchecked(JavaUtils.java:109) ~[ratis-common-0.4.0-2337318-SNAPSHOT.jar:0.4.0-2337318-SNAPSHOT]
	at org.apache.ratis.server.impl.RaftServerProxy.lambda$submitRequest$6(RaftServerProxy.java:328) ~[ratis-server-0.4.0-2337318-SNAPSHOT.jar:0.4.0-2337318-SNAPSHOT]
	at java.util.concurrent.CompletableFuture.uniComposeStage(CompletableFuture.java:981) ~[?:1.8.0_212]
	at java.util.concurrent.CompletableFuture.thenCompose(CompletableFuture.java:2124) ~[?:1.8.0_212]
	at org.apache.ratis.server.impl.RaftServerProxy.submitRequest(RaftServerProxy.java:327) ~[ratis-server-0.4.0-2337318-SNAPSHOT.jar:0.4.0-2337318-SNAPSHOT]
	at org.apache.ratis.server.impl.RaftServerProxy.submitClientRequestAsync(RaftServerProxy.java:333) ~[ratis-server-0.4.0-2337318-SNAPSHOT.jar:0.4.0-2337318-SNAPSHOT]
	at org.apache.ratis.grpc.client.GrpcClientProtocolService$RequestStreamObserver.processClientRequest(GrpcClientProtocolService.java:220) ~[ratis-grpc-0.4.0-2337318-SNAPSHOT.jar:0.4.0-2337318-SNAPSHOT]
	at org.apache.ratis.grpc.client.GrpcClientProtocolService$OrderedRequestStreamObserver.processClientRequest(GrpcClientProtocolService.java:326) ~[ratis-grpc-0.4.0-2337318-SNAPSHOT.jar:0.4.0-2337318-SNAPSHOT]
	at org.apache.ratis.util.SlidingWindow$Server.processRequestsFromHead(SlidingWindow.java:429) [ratis-common-0.4.0-2337318-SNAPSHOT.jar:0.4.0-2337318-SNAPSHOT]
	at org.apache.ratis.util.SlidingWindow$Server.receivedRequest(SlidingWindow.java:421) [ratis-common-0.4.0-2337318-SNAPSHOT.jar:0.4.0-2337318-SNAPSHOT]
	at org.apache.ratis.grpc.client.GrpcClientProtocolService$OrderedRequestStreamObserver.processClientRequest(GrpcClientProtocolService.java:345) [ratis-grpc-0.4.0-2337318-SNAPSHOT.jar:0.4.0-2337318-SNAPSHOT]
	at org.apache.ratis.grpc.client.GrpcClientProtocolService$RequestStreamObserver.onNext(GrpcClientProtocolService.java:240) [ratis-grpc-0.4.0-2337318-SNAPSHOT.jar:0.4.0-2337318-SNAPSHOT]
	at org.apache.ratis.grpc.client.GrpcClientProtocolService$RequestStreamObserver.onNext(GrpcClientProtocolService.java:168) [ratis-grpc-0.4.0-2337318-SNAPSHOT.jar:0.4.0-2337318-SNAPSHOT]
	at org.apache.ratis.thirdparty.io.grpc.stub.ServerCalls$StreamingServerCallHandler$StreamingServerCallListener.onMessage(ServerCalls.java:248) [ratis-thirdparty-misc-0.2.0.jar:0.2.0]
	at org.apache.ratis.thirdparty.io.grpc.internal.ServerCallImpl$ServerStreamListenerImpl.messagesAvailable(ServerCallImpl.java:263) [ratis-thirdparty-misc-0.2.0.jar:0.2.0]
	at org.apache.ratis.thirdparty.io.grpc.internal.ServerImpl$JumpToApplicationThreadServerStreamListener$1MessagesAvailable.runInContext(ServerImpl.java:686) [ratis-thirdparty-misc-0.2.0.jar:0.2.0]
	at org.apache.ratis.thirdparty.io.grpc.internal.ContextRunnable.run(ContextRunnable.java:37) [ratis-thirdparty-misc-0.2.0.jar:0.2.0]
	at org.apache.ratis.thirdparty.io.grpc.internal.SerializingExecutor.run(SerializingExecutor.java:123) [ratis-thirdparty-misc-0.2.0.jar:0.2.0]
	at java.util.concurrent.ThreadPoolExecutor.runWorker(ThreadPoolExecutor.java:1149) [?:1.8.0_212]
	at java.util.concurrent.ThreadPoolExecutor$Worker.run(ThreadPoolExecutor.java:624) [?:1.8.0_212]
	at java.lang.Thread.run(Thread.java:748) [?:1.8.0_212]
2019-09-03 12:40:14,413 [grpc-default-executor-6] INFO  client.GrpcClientProtocolClient (GrpcClientProtocolClient.java:onNext(255)) - client-AC3BC3E8CC79->85506639-3fe0-42d5-8109-64e3968f1eaf: receive RaftClientReply:client-AC3BC3E8CC79->85506639-3fe0-42d5-8109-64e3968f1eaf@group-071C975CCF04, cid=193, FAILED org.apache.ratis.protocol.StateMachineException: org.apache.hadoop.hdds.scm.container.common.helpers.ContainerNotOpenException from Server 85506639-3fe0-42d5-8109-64e3968f1eaf: Container 1 in CLOSING state, logIndex=0, commits[85506639-3fe0-42d5-8109-64e3968f1eaf:c18, 3ef92ecc-28c5-4fad-842b-96b52fc10be7:c16, 7fb19221-14f6-4c84-b51f-75149814f9ab:c17]
2019-09-03 12:40:14,414 [grpc-default-executor-6] INFO  client.GrpcClientProtocolClient (GrpcClientProtocolClient.java:onNext(255)) - client-AC3BC3E8CC79->85506639-3fe0-42d5-8109-64e3968f1eaf: receive RaftClientReply:client-AC3BC3E8CC79->85506639-3fe0-42d5-8109-64e3968f1eaf@group-071C975CCF04, cid=194, FAILED org.apache.ratis.protocol.StateMachineException: org.apache.hadoop.hdds.scm.container.common.helpers.ContainerNotOpenException from Server 85506639-3fe0-42d5-8109-64e3968f1eaf: Container 1 in CLOSING state, logIndex=0, commits[85506639-3fe0-42d5-8109-64e3968f1eaf:c18, 3ef92ecc-28c5-4fad-842b-96b52fc10be7:c16, 7fb19221-14f6-4c84-b51f-75149814f9ab:c17]
12:40:14.413 [grpc-default-executor-0] ERROR DNAudit - user=null | ip=null | op=WRITE_CHUNK {blockData=conID: 1 locID: 102728622636138511 bcsId: 14} | ret=FAILURE
org.apache.hadoop.hdds.scm.container.common.helpers.ContainerNotOpenException: Container 1 in CLOSING state
	at org.apache.hadoop.ozone.container.common.impl.HddsDispatcher.validateContainerCommand(HddsDispatcher.java:408) ~[hadoop-hdds-container-service-0.5.0-SNAPSHOT.jar:?]
	at org.apache.hadoop.ozone.container.common.transport.server.ratis.ContainerStateMachine.startTransaction(ContainerStateMachine.java:310) ~[hadoop-hdds-container-service-0.5.0-SNAPSHOT.jar:?]
	at org.apache.ratis.server.impl.RaftServerImpl.submitClientRequestAsync(RaftServerImpl.java:566) ~[ratis-server-0.4.0-2337318-SNAPSHOT.jar:0.4.0-2337318-SNAPSHOT]
	at org.apache.ratis.server.impl.RaftServerProxy.lambda$submitClientRequestAsync$7(RaftServerProxy.java:333) ~[ratis-server-0.4.0-2337318-SNAPSHOT.jar:0.4.0-2337318-SNAPSHOT]
	at org.apache.ratis.server.impl.RaftServerProxy.lambda$null$5(RaftServerProxy.java:328) ~[ratis-server-0.4.0-2337318-SNAPSHOT.jar:0.4.0-2337318-SNAPSHOT]
	at org.apache.ratis.util.JavaUtils.callAsUnchecked(JavaUtils.java:109) ~[ratis-common-0.4.0-2337318-SNAPSHOT.jar:0.4.0-2337318-SNAPSHOT]
	at org.apache.ratis.server.impl.RaftServerProxy.lambda$submitRequest$6(RaftServerProxy.java:328) ~[ratis-server-0.4.0-2337318-SNAPSHOT.jar:0.4.0-2337318-SNAPSHOT]
	at java.util.concurrent.CompletableFuture.uniComposeStage(CompletableFuture.java:981) ~[?:1.8.0_212]
	at java.util.concurrent.CompletableFuture.thenCompose(CompletableFuture.java:2124) ~[?:1.8.0_212]
	at org.apache.ratis.server.impl.RaftServerProxy.submitRequest(RaftServerProxy.java:327) ~[ratis-server-0.4.0-2337318-SNAPSHOT.jar:0.4.0-2337318-SNAPSHOT]
	at org.apache.ratis.server.impl.RaftServerProxy.submitClientRequestAsync(RaftServerProxy.java:333) ~[ratis-server-0.4.0-2337318-SNAPSHOT.jar:0.4.0-2337318-SNAPSHOT]
	at org.apache.ratis.grpc.client.GrpcClientProtocolService$RequestStreamObserver.processClientRequest(GrpcClientProtocolService.java:220) ~[ratis-grpc-0.4.0-2337318-SNAPSHOT.jar:0.4.0-2337318-SNAPSHOT]
	at org.apache.ratis.grpc.client.GrpcClientProtocolService$OrderedRequestStreamObserver.processClientRequest(GrpcClientProtocolService.java:326) ~[ratis-grpc-0.4.0-2337318-SNAPSHOT.jar:0.4.0-2337318-SNAPSHOT]
	at org.apache.ratis.util.SlidingWindow$Server.processRequestsFromHead(SlidingWindow.java:429) [ratis-common-0.4.0-2337318-SNAPSHOT.jar:0.4.0-2337318-SNAPSHOT]
	at org.apache.ratis.util.SlidingWindow$Server.receivedRequest(SlidingWindow.java:421) [ratis-common-0.4.0-2337318-SNAPSHOT.jar:0.4.0-2337318-SNAPSHOT]
	at org.apache.ratis.grpc.client.GrpcClientProtocolService$OrderedRequestStreamObserver.processClientRequest(GrpcClientProtocolService.java:345) [ratis-grpc-0.4.0-2337318-SNAPSHOT.jar:0.4.0-2337318-SNAPSHOT]
	at org.apache.ratis.grpc.client.GrpcClientProtocolService$RequestStreamObserver.onNext(GrpcClientProtocolService.java:240) [ratis-grpc-0.4.0-2337318-SNAPSHOT.jar:0.4.0-2337318-SNAPSHOT]
	at org.apache.ratis.grpc.client.GrpcClientProtocolService$RequestStreamObserver.onNext(GrpcClientProtocolService.java:168) [ratis-grpc-0.4.0-2337318-SNAPSHOT.jar:0.4.0-2337318-SNAPSHOT]
	at org.apache.ratis.thirdparty.io.grpc.stub.ServerCalls$StreamingServerCallHandler$StreamingServerCallListener.onMessage(ServerCalls.java:248) [ratis-thirdparty-misc-0.2.0.jar:0.2.0]
	at org.apache.ratis.thirdparty.io.grpc.internal.ServerCallImpl$ServerStreamListenerImpl.messagesAvailable(ServerCallImpl.java:263) [ratis-thirdparty-misc-0.2.0.jar:0.2.0]
	at org.apache.ratis.thirdparty.io.grpc.internal.ServerImpl$JumpToApplicationThreadServerStreamListener$1MessagesAvailable.runInContext(ServerImpl.java:686) [ratis-thirdparty-misc-0.2.0.jar:0.2.0]
	at org.apache.ratis.thirdparty.io.grpc.internal.ContextRunnable.run(ContextRunnable.java:37) [ratis-thirdparty-misc-0.2.0.jar:0.2.0]
	at org.apache.ratis.thirdparty.io.grpc.internal.SerializingExecutor.run(SerializingExecutor.java:123) [ratis-thirdparty-misc-0.2.0.jar:0.2.0]
	at java.util.concurrent.ThreadPoolExecutor.runWorker(ThreadPoolExecutor.java:1149) [?:1.8.0_212]
	at java.util.concurrent.ThreadPoolExecutor$Worker.run(ThreadPoolExecutor.java:624) [?:1.8.0_212]
	at java.lang.Thread.run(Thread.java:748) [?:1.8.0_212]
12:40:14.419 [grpc-default-executor-0] ERROR DNAudit - user=null | ip=null | op=WRITE_CHUNK {blockData=conID: 1 locID: 102728622636138511 bcsId: 14} | ret=FAILURE
org.apache.hadoop.hdds.scm.container.common.helpers.ContainerNotOpenException: Container 1 in CLOSING state
	at org.apache.hadoop.ozone.container.common.impl.HddsDispatcher.validateContainerCommand(HddsDispatcher.java:408) ~[hadoop-hdds-container-service-0.5.0-SNAPSHOT.jar:?]
	at org.apache.hadoop.ozone.container.common.transport.server.ratis.ContainerStateMachine.startTransaction(ContainerStateMachine.java:310) ~[hadoop-hdds-container-service-0.5.0-SNAPSHOT.jar:?]
	at org.apache.ratis.server.impl.RaftServerImpl.submitClientRequestAsync(RaftServerImpl.java:566) ~[ratis-server-0.4.0-2337318-SNAPSHOT.jar:0.4.0-2337318-SNAPSHOT]
	at org.apache.ratis.server.impl.RaftServerProxy.lambda$submitClientRequestAsync$7(RaftServerProxy.java:333) ~[ratis-server-0.4.0-2337318-SNAPSHOT.jar:0.4.0-2337318-SNAPSHOT]
	at org.apache.ratis.server.impl.RaftServerProxy.lambda$null$5(RaftServerProxy.java:328) ~[ratis-server-0.4.0-2337318-SNAPSHOT.jar:0.4.0-2337318-SNAPSHOT]
	at org.apache.ratis.util.JavaUtils.callAsUnchecked(JavaUtils.java:109) ~[ratis-common-0.4.0-2337318-SNAPSHOT.jar:0.4.0-2337318-SNAPSHOT]
	at org.apache.ratis.server.impl.RaftServerProxy.lambda$submitRequest$6(RaftServerProxy.java:328) ~[ratis-server-0.4.0-2337318-SNAPSHOT.jar:0.4.0-2337318-SNAPSHOT]
	at java.util.concurrent.CompletableFuture.uniComposeStage(CompletableFuture.java:981) ~[?:1.8.0_212]
	at java.util.concurrent.CompletableFuture.thenCompose(CompletableFuture.java:2124) ~[?:1.8.0_212]
	at org.apache.ratis.server.impl.RaftServerProxy.submitRequest(RaftServerProxy.java:327) ~[ratis-server-0.4.0-2337318-SNAPSHOT.jar:0.4.0-2337318-SNAPSHOT]
	at org.apache.ratis.server.impl.RaftServerProxy.submitClientRequestAsync(RaftServerProxy.java:333) ~[ratis-server-0.4.0-2337318-SNAPSHOT.jar:0.4.0-2337318-SNAPSHOT]
	at org.apache.ratis.grpc.client.GrpcClientProtocolService$RequestStreamObserver.processClientRequest(GrpcClientProtocolService.java:220) ~[ratis-grpc-0.4.0-2337318-SNAPSHOT.jar:0.4.0-2337318-SNAPSHOT]
	at org.apache.ratis.grpc.client.GrpcClientProtocolService$OrderedRequestStreamObserver.processClientRequest(GrpcClientProtocolService.java:326) ~[ratis-grpc-0.4.0-2337318-SNAPSHOT.jar:0.4.0-2337318-SNAPSHOT]
	at org.apache.ratis.util.SlidingWindow$Server.processRequestsFromHead(SlidingWindow.java:429) [ratis-common-0.4.0-2337318-SNAPSHOT.jar:0.4.0-2337318-SNAPSHOT]
	at org.apache.ratis.util.SlidingWindow$Server.receivedRequest(SlidingWindow.java:421) [ratis-common-0.4.0-2337318-SNAPSHOT.jar:0.4.0-2337318-SNAPSHOT]
	at org.apache.ratis.grpc.client.GrpcClientProtocolService$OrderedRequestStreamObserver.processClientRequest(GrpcClientProtocolService.java:345) [ratis-grpc-0.4.0-2337318-SNAPSHOT.jar:0.4.0-2337318-SNAPSHOT]
	at org.apache.ratis.grpc.client.GrpcClientProtocolService$RequestStreamObserver.onNext(GrpcClientProtocolService.java:240) [ratis-grpc-0.4.0-2337318-SNAPSHOT.jar:0.4.0-2337318-SNAPSHOT]
	at org.apache.ratis.grpc.client.GrpcClientProtocolService$RequestStreamObserver.onNext(GrpcClientProtocolService.java:168) [ratis-grpc-0.4.0-2337318-SNAPSHOT.jar:0.4.0-2337318-SNAPSHOT]
	at org.apache.ratis.thirdparty.io.grpc.stub.ServerCalls$StreamingServerCallHandler$StreamingServerCallListener.onMessage(ServerCalls.java:248) [ratis-thirdparty-misc-0.2.0.jar:0.2.0]
	at org.apache.ratis.thirdparty.io.grpc.internal.ServerCallImpl$ServerStreamListenerImpl.messagesAvailable(ServerCallImpl.java:263) [ratis-thirdparty-misc-0.2.0.jar:0.2.0]
	at org.apache.ratis.thirdparty.io.grpc.internal.ServerImpl$JumpToApplicationThreadServerStreamListener$1MessagesAvailable.runInContext(ServerImpl.java:686) [ratis-thirdparty-misc-0.2.0.jar:0.2.0]
	at org.apache.ratis.thirdparty.io.grpc.internal.ContextRunnable.run(ContextRunnable.java:37) [ratis-thirdparty-misc-0.2.0.jar:0.2.0]
	at org.apache.ratis.thirdparty.io.grpc.internal.SerializingExecutor.run(SerializingExecutor.java:123) [ratis-thirdparty-misc-0.2.0.jar:0.2.0]
	at java.util.concurrent.ThreadPoolExecutor.runWorker(ThreadPoolExecutor.java:1149) [?:1.8.0_212]
	at java.util.concurrent.ThreadPoolExecutor$Worker.run(ThreadPoolExecutor.java:624) [?:1.8.0_212]
	at java.lang.Thread.run(Thread.java:748) [?:1.8.0_212]
2019-09-03 12:40:14,419 [grpc-default-executor-6] INFO  client.GrpcClientProtocolClient (GrpcClientProtocolClient.java:onNext(255)) - client-AC3BC3E8CC79->85506639-3fe0-42d5-8109-64e3968f1eaf: receive RaftClientReply:client-AC3BC3E8CC79->85506639-3fe0-42d5-8109-64e3968f1eaf@group-071C975CCF04, cid=195, FAILED org.apache.ratis.protocol.StateMachineException: org.apache.hadoop.hdds.scm.container.common.helpers.ContainerNotOpenException from Server 85506639-3fe0-42d5-8109-64e3968f1eaf: Container 1 in CLOSING state, logIndex=0, commits[85506639-3fe0-42d5-8109-64e3968f1eaf:c18, 3ef92ecc-28c5-4fad-842b-96b52fc10be7:c16, 7fb19221-14f6-4c84-b51f-75149814f9ab:c17]
2019-09-03 12:40:14,425 [grpc-default-executor-6] INFO  client.GrpcClientProtocolClient (GrpcClientProtocolClient.java:onNext(255)) - client-AC3BC3E8CC79->85506639-3fe0-42d5-8109-64e3968f1eaf: receive RaftClientReply:client-AC3BC3E8CC79->85506639-3fe0-42d5-8109-64e3968f1eaf@group-071C975CCF04, cid=196, FAILED org.apache.ratis.protocol.StateMachineException: org.apache.hadoop.hdds.scm.container.common.helpers.ContainerNotOpenException from Server 85506639-3fe0-42d5-8109-64e3968f1eaf: Container 1 in CLOSING state, logIndex=0, commits[85506639-3fe0-42d5-8109-64e3968f1eaf:c18, 3ef92ecc-28c5-4fad-842b-96b52fc10be7:c16, 7fb19221-14f6-4c84-b51f-75149814f9ab:c17]
12:40:14.424 [grpc-default-executor-0] ERROR DNAudit - user=null | ip=null | op=PUT_BLOCK {blockData=[blockId=conID: 1 locID: 102728622636138511 bcsId: 0,size=800]} | ret=FAILURE
org.apache.hadoop.hdds.scm.container.common.helpers.ContainerNotOpenException: Container 1 in CLOSING state
	at org.apache.hadoop.ozone.container.common.impl.HddsDispatcher.validateContainerCommand(HddsDispatcher.java:408) ~[hadoop-hdds-container-service-0.5.0-SNAPSHOT.jar:?]
	at org.apache.hadoop.ozone.container.common.transport.server.ratis.ContainerStateMachine.startTransaction(ContainerStateMachine.java:310) ~[hadoop-hdds-container-service-0.5.0-SNAPSHOT.jar:?]
	at org.apache.ratis.server.impl.RaftServerImpl.submitClientRequestAsync(RaftServerImpl.java:566) ~[ratis-server-0.4.0-2337318-SNAPSHOT.jar:0.4.0-2337318-SNAPSHOT]
	at org.apache.ratis.server.impl.RaftServerProxy.lambda$submitClientRequestAsync$7(RaftServerProxy.java:333) ~[ratis-server-0.4.0-2337318-SNAPSHOT.jar:0.4.0-2337318-SNAPSHOT]
	at org.apache.ratis.server.impl.RaftServerProxy.lambda$null$5(RaftServerProxy.java:328) ~[ratis-server-0.4.0-2337318-SNAPSHOT.jar:0.4.0-2337318-SNAPSHOT]
	at org.apache.ratis.util.JavaUtils.callAsUnchecked(JavaUtils.java:109) ~[ratis-common-0.4.0-2337318-SNAPSHOT.jar:0.4.0-2337318-SNAPSHOT]
	at org.apache.ratis.server.impl.RaftServerProxy.lambda$submitRequest$6(RaftServerProxy.java:328) ~[ratis-server-0.4.0-2337318-SNAPSHOT.jar:0.4.0-2337318-SNAPSHOT]
	at java.util.concurrent.CompletableFuture.uniComposeStage(CompletableFuture.java:981) ~[?:1.8.0_212]
	at java.util.concurrent.CompletableFuture.thenCompose(CompletableFuture.java:2124) ~[?:1.8.0_212]
	at org.apache.ratis.server.impl.RaftServerProxy.submitRequest(RaftServerProxy.java:327) ~[ratis-server-0.4.0-2337318-SNAPSHOT.jar:0.4.0-2337318-SNAPSHOT]
	at org.apache.ratis.server.impl.RaftServerProxy.submitClientRequestAsync(RaftServerProxy.java:333) ~[ratis-server-0.4.0-2337318-SNAPSHOT.jar:0.4.0-2337318-SNAPSHOT]
	at org.apache.ratis.grpc.client.GrpcClientProtocolService$RequestStreamObserver.processClientRequest(GrpcClientProtocolService.java:220) ~[ratis-grpc-0.4.0-2337318-SNAPSHOT.jar:0.4.0-2337318-SNAPSHOT]
	at org.apache.ratis.grpc.client.GrpcClientProtocolService$OrderedRequestStreamObserver.processClientRequest(GrpcClientProtocolService.java:326) ~[ratis-grpc-0.4.0-2337318-SNAPSHOT.jar:0.4.0-2337318-SNAPSHOT]
	at org.apache.ratis.util.SlidingWindow$Server.processRequestsFromHead(SlidingWindow.java:429) [ratis-common-0.4.0-2337318-SNAPSHOT.jar:0.4.0-2337318-SNAPSHOT]
	at org.apache.ratis.util.SlidingWindow$Server.receivedRequest(SlidingWindow.java:421) [ratis-common-0.4.0-2337318-SNAPSHOT.jar:0.4.0-2337318-SNAPSHOT]
	at org.apache.ratis.grpc.client.GrpcClientProtocolService$OrderedRequestStreamObserver.processClientRequest(GrpcClientProtocolService.java:345) [ratis-grpc-0.4.0-2337318-SNAPSHOT.jar:0.4.0-2337318-SNAPSHOT]
	at org.apache.ratis.grpc.client.GrpcClientProtocolService$RequestStreamObserver.onNext(GrpcClientProtocolService.java:240) [ratis-grpc-0.4.0-2337318-SNAPSHOT.jar:0.4.0-2337318-SNAPSHOT]
	at org.apache.ratis.grpc.client.GrpcClientProtocolService$RequestStreamObserver.onNext(GrpcClientProtocolService.java:168) [ratis-grpc-0.4.0-2337318-SNAPSHOT.jar:0.4.0-2337318-SNAPSHOT]
	at org.apache.ratis.thirdparty.io.grpc.stub.ServerCalls$StreamingServerCallHandler$StreamingServerCallListener.onMessage(ServerCalls.java:248) [ratis-thirdparty-misc-0.2.0.jar:0.2.0]
	at org.apache.ratis.thirdparty.io.grpc.internal.ServerCallImpl$ServerStreamListenerImpl.messagesAvailable(ServerCallImpl.java:263) [ratis-thirdparty-misc-0.2.0.jar:0.2.0]
	at org.apache.ratis.thirdparty.io.grpc.internal.ServerImpl$JumpToApplicationThreadServerStreamListener$1MessagesAvailable.runInContext(ServerImpl.java:686) [ratis-thirdparty-misc-0.2.0.jar:0.2.0]
	at org.apache.ratis.thirdparty.io.grpc.internal.ContextRunnable.run(ContextRunnable.java:37) [ratis-thirdparty-misc-0.2.0.jar:0.2.0]
	at org.apache.ratis.thirdparty.io.grpc.internal.SerializingExecutor.run(SerializingExecutor.java:123) [ratis-thirdparty-misc-0.2.0.jar:0.2.0]
	at java.util.concurrent.ThreadPoolExecutor.runWorker(ThreadPoolExecutor.java:1149) [?:1.8.0_212]
	at java.util.concurrent.ThreadPoolExecutor$Worker.run(ThreadPoolExecutor.java:624) [?:1.8.0_212]
	at java.lang.Thread.run(Thread.java:748) [?:1.8.0_212]
2019-09-03 12:40:14,430 [grpc-default-executor-0] INFO  client.GrpcClientProtocolClient (GrpcClientProtocolClient.java:onNext(255)) - client-AC3BC3E8CC79->85506639-3fe0-42d5-8109-64e3968f1eaf: receive RaftClientReply:client-AC3BC3E8CC79->85506639-3fe0-42d5-8109-64e3968f1eaf@group-071C975CCF04, cid=197, FAILED org.apache.ratis.protocol.StateMachineException: org.apache.hadoop.hdds.scm.container.common.helpers.ContainerNotOpenException from Server 85506639-3fe0-42d5-8109-64e3968f1eaf: Container 1 in CLOSING state, logIndex=0, commits[85506639-3fe0-42d5-8109-64e3968f1eaf:c18, 3ef92ecc-28c5-4fad-842b-96b52fc10be7:c16, 7fb19221-14f6-4c84-b51f-75149814f9ab:c17]
2019-09-03 12:40:14,622 [grpc-default-executor-6] INFO  client.GrpcClientProtocolClient (GrpcClientProtocolClient.java:onNext(255)) - client-CB66A9632742->08cd99cc-9257-4a37-875f-07701f928046: receive RaftClientReply:client-CB66A9632742->08cd99cc-9257-4a37-875f-07701f928046@group-A464253FE348, cid=198, SUCCESS, logIndex=1, commits[08cd99cc-9257-4a37-875f-07701f928046:c1, 63ca0b64-7077-4223-897f-e4014b1f8a21:c0, c2e6ed46-8fd1-4958-8387-820c85525dba:c0]
2019-09-03 12:40:14,635 [grpc-default-executor-4] INFO  client.GrpcClientProtocolClient (GrpcClientProtocolClient.java:onNext(255)) - client-CB66A9632742->08cd99cc-9257-4a37-875f-07701f928046: receive RaftClientReply:client-CB66A9632742->08cd99cc-9257-4a37-875f-07701f928046@group-A464253FE348, cid=199, SUCCESS, logIndex=3, commits[08cd99cc-9257-4a37-875f-07701f928046:c6, 63ca0b64-7077-4223-897f-e4014b1f8a21:c1, c2e6ed46-8fd1-4958-8387-820c85525dba:c1]
2019-09-03 12:40:14,677 [grpc-default-executor-4] INFO  client.GrpcClientProtocolClient (GrpcClientProtocolClient.java:onNext(255)) - client-CB66A9632742->08cd99cc-9257-4a37-875f-07701f928046: receive RaftClientReply:client-CB66A9632742->08cd99cc-9257-4a37-875f-07701f928046@group-A464253FE348, cid=200, SUCCESS, logIndex=4, commits[08cd99cc-9257-4a37-875f-07701f928046:c12, 63ca0b64-7077-4223-897f-e4014b1f8a21:c7, c2e6ed46-8fd1-4958-8387-820c85525dba:c7]
2019-09-03 12:40:14,681 [grpc-default-executor-4] INFO  client.GrpcClientProtocolClient (GrpcClientProtocolClient.java:onNext(255)) - client-CB66A9632742->08cd99cc-9257-4a37-875f-07701f928046: receive RaftClientReply:client-CB66A9632742->08cd99cc-9257-4a37-875f-07701f928046@group-A464253FE348, cid=201, SUCCESS, logIndex=5, commits[08cd99cc-9257-4a37-875f-07701f928046:c12, 63ca0b64-7077-4223-897f-e4014b1f8a21:c7, c2e6ed46-8fd1-4958-8387-820c85525dba:c7]
2019-09-03 12:40:14,682 [grpc-default-executor-4] INFO  client.GrpcClientProtocolClient (GrpcClientProtocolClient.java:onNext(255)) - client-CB66A9632742->08cd99cc-9257-4a37-875f-07701f928046: receive RaftClientReply:client-CB66A9632742->08cd99cc-9257-4a37-875f-07701f928046@group-A464253FE348, cid=202, SUCCESS, logIndex=6, commits[08cd99cc-9257-4a37-875f-07701f928046:c12, 63ca0b64-7077-4223-897f-e4014b1f8a21:c7, c2e6ed46-8fd1-4958-8387-820c85525dba:c7]
2019-09-03 12:40:14,759 [grpc-default-executor-4] INFO  client.GrpcClientProtocolClient (GrpcClientProtocolClient.java:onNext(255)) - client-CB66A9632742->08cd99cc-9257-4a37-875f-07701f928046: receive RaftClientReply:client-CB66A9632742->08cd99cc-9257-4a37-875f-07701f928046@group-A464253FE348, cid=203, SUCCESS, logIndex=7, commits[08cd99cc-9257-4a37-875f-07701f928046:c12, 63ca0b64-7077-4223-897f-e4014b1f8a21:c7, c2e6ed46-8fd1-4958-8387-820c85525dba:c7]
2019-09-03 12:40:14,788 [grpc-default-executor-7] INFO  client.GrpcClientProtocolClient (GrpcClientProtocolClient.java:onNext(255)) - client-CB66A9632742->08cd99cc-9257-4a37-875f-07701f928046: receive RaftClientReply:client-CB66A9632742->08cd99cc-9257-4a37-875f-07701f928046@group-A464253FE348, cid=204, SUCCESS, logIndex=13, commits[08cd99cc-9257-4a37-875f-07701f928046:c14, 63ca0b64-7077-4223-897f-e4014b1f8a21:c12, c2e6ed46-8fd1-4958-8387-820c85525dba:c12]
2019-09-03 12:40:14,788 [grpc-default-executor-7] INFO  client.GrpcClientProtocolClient (GrpcClientProtocolClient.java:onNext(255)) - client-CB66A9632742->08cd99cc-9257-4a37-875f-07701f928046: receive RaftClientReply:client-CB66A9632742->08cd99cc-9257-4a37-875f-07701f928046@group-A464253FE348, cid=205, SUCCESS, logIndex=14, commits[08cd99cc-9257-4a37-875f-07701f928046:c14, 63ca0b64-7077-4223-897f-e4014b1f8a21:c12, c2e6ed46-8fd1-4958-8387-820c85525dba:c12]
2019-09-03 12:40:14,802 [grpc-default-executor-7] INFO  client.GrpcClientProtocolClient (GrpcClientProtocolClient.java:onNext(255)) - client-CB66A9632742->08cd99cc-9257-4a37-875f-07701f928046: receive RaftClientReply:client-CB66A9632742->08cd99cc-9257-4a37-875f-07701f928046@group-A464253FE348, cid=206, SUCCESS, logIndex=0, commits[08cd99cc-9257-4a37-875f-07701f928046:c15, 63ca0b64-7077-4223-897f-e4014b1f8a21:c14, c2e6ed46-8fd1-4958-8387-820c85525dba:c14]
2019-09-03 12:40:14,803 [main] INFO  ozone.MiniOzoneClusterImpl (MiniOzoneClusterImpl.java:shutdown(307)) - Shutting down the Mini Ozone Cluster
2019-09-03 12:40:14,803 [main] INFO  ozone.MiniOzoneClusterImpl (MiniOzoneClusterImpl.java:stop(322)) - Stopping the Mini Ozone Cluster
2019-09-03 12:40:14,803 [main] INFO  ozone.MiniOzoneClusterImpl (MiniOzoneClusterImpl.java:stop(324)) - Stopping the OzoneManager
2019-09-03 12:40:14,803 [main] INFO  ipc.Server (Server.java:stop(3082)) - Stopping server on 34210
2019-09-03 12:40:14,814 [main] INFO  ratis.OzoneManagerDoubleBuffer (OzoneManagerDoubleBuffer.java:stop(248)) - Stopping OMDoubleBuffer flush thread
2019-09-03 12:40:14,820 [IPC Server Responder] INFO  ipc.Server (Server.java:run(1319)) - Stopping IPC Server Responder
2019-09-03 12:40:14,814 [IPC Server listener on 34210] INFO  ipc.Server (Server.java:run(1185)) - Stopping IPC Server listener on 34210
2019-09-03 12:40:14,822 [OMDoubleBufferFlushThread] INFO  ratis.OzoneManagerDoubleBuffer (OzoneManagerDoubleBuffer.java:flushTransactions(191)) - OMDoubleBuffer flush thread OMDoubleBufferFlushThread is interrupted and will exit. OMDoubleBufferFlushThread
2019-09-03 12:40:14,833 [main] INFO  utils.BackgroundService (BackgroundService.java:shutdown(148)) - Shutting down service KeyDeletingService
2019-09-03 12:40:14,835 [main] INFO  handler.ContextHandler (ContextHandler.java:doStop(910)) - Stopped o.e.j.w.WebAppContext@6c951ada{/,null,UNAVAILABLE}{/ozoneManager}
2019-09-03 12:40:14,835 [main] INFO  server.AbstractConnector (AbstractConnector.java:doStop(318)) - Stopped ServerConnector@67b61834{HTTP/1.1,[http/1.1]}{0.0.0.0:0}
2019-09-03 12:40:14,835 [main] INFO  handler.ContextHandler (ContextHandler.java:doStop(910)) - Stopped o.e.j.s.ServletContextHandler@637c840d{/static,file:///workdir/hadoop-ozone/integration-test/target/test-classes/webapps/static,UNAVAILABLE}
2019-09-03 12:40:14,836 [main] INFO  handler.ContextHandler (ContextHandler.java:doStop(910)) - Stopped o.e.j.s.ServletContextHandler@5d194314{/logs,file:///workdir/hadoop-ozone/integration-test/target/log,UNAVAILABLE}
2019-09-03 12:40:14,847 [main] INFO  ozone.MiniOzoneClusterImpl (MiniOzoneClusterImpl.java:stop(330)) - Shutting the HddsDatanodes
2019-09-03 12:40:15,280 [Datanode State Machine Thread - 0] INFO  statemachine.DatanodeStateMachine (DatanodeStateMachine.java:lambda$startDaemon$0(350)) - Ozone container server started.
2019-09-03 12:40:15,601 [Datanode State Machine Thread - 0] INFO  statemachine.DatanodeStateMachine (DatanodeStateMachine.java:lambda$startDaemon$0(350)) - Ozone container server started.
2019-09-03 12:40:15,987 [grpc-default-executor-6] WARN  server.GrpcLogAppender (LogUtils.java:warn(134)) - 85506639-3fe0-42d5-8109-64e3968f1eaf->3ef92ecc-28c5-4fad-842b-96b52fc10be7: Failed appendEntries: org.apache.ratis.thirdparty.io.grpc.StatusRuntimeException: UNAVAILABLE: io exception
2019-09-03 12:40:15,987 [grpc-default-executor-6] INFO  impl.FollowerInfo (FollowerInfo.java:lambda$new$0(50)) - 85506639-3fe0-42d5-8109-64e3968f1eaf->3ef92ecc-28c5-4fad-842b-96b52fc10be7: nextIndex: updateUnconditionally 1 -> 0
2019-09-03 12:40:18,485 [grpc-default-executor-7] WARN  server.GrpcLogAppender (LogUtils.java:warn(134)) - 85506639-3fe0-42d5-8109-64e3968f1eaf->3ef92ecc-28c5-4fad-842b-96b52fc10be7: Failed appendEntries: org.apache.ratis.thirdparty.io.grpc.StatusRuntimeException: UNAVAILABLE: io exception
2019-09-03 12:40:18,485 [grpc-default-executor-7] INFO  impl.FollowerInfo (FollowerInfo.java:lambda$new$0(50)) - 85506639-3fe0-42d5-8109-64e3968f1eaf->3ef92ecc-28c5-4fad-842b-96b52fc10be7: nextIndex: updateUnconditionally 0 -> 0
2019-09-03 12:40:19,352 [EventQueue-StaleNodeForStaleNodeHandler] INFO  node.StaleNodeHandler (StaleNodeHandler.java:onMessage(58)) - Datanode 85506639-3fe0-42d5-8109-64e3968f1eaf{ip: 192.168.36.96, host: pr-hdds-1898-vtp6b-2341163797, networkLocation: /default-rack, certSerialId: null} moved to stale state. Finalizing its pipelines [PipelineID=ceb1d76d-41df-498b-ad1f-26ddb6fd64b1, PipelineID=a9b32830-0bd8-48a5-9fb1-071c975ccf04]
2019-09-03 12:40:19,353 [EventQueue-StaleNodeForStaleNodeHandler] INFO  pipeline.SCMPipelineManager (SCMPipelineManager.java:finalizeAndDestroyPipeline(311)) - destroying pipeline:Pipeline[ Id: ceb1d76d-41df-498b-ad1f-26ddb6fd64b1, Nodes: 85506639-3fe0-42d5-8109-64e3968f1eaf{ip: 192.168.36.96, host: pr-hdds-1898-vtp6b-2341163797, networkLocation: /default-rack, certSerialId: null}, Type:RATIS, Factor:ONE, State:OPEN]
2019-09-03 12:40:19,353 [EventQueue-StaleNodeForStaleNodeHandler] INFO  pipeline.PipelineStateManager (PipelineStateManager.java:finalizePipeline(123)) - Pipeline Pipeline[ Id: ceb1d76d-41df-498b-ad1f-26ddb6fd64b1, Nodes: 85506639-3fe0-42d5-8109-64e3968f1eaf{ip: 192.168.36.96, host: pr-hdds-1898-vtp6b-2341163797, networkLocation: /default-rack, certSerialId: null}, Type:RATIS, Factor:ONE, State:CLOSED] moved to CLOSED state
2019-09-03 12:40:19,353 [EventQueue-StaleNodeForStaleNodeHandler] INFO  pipeline.SCMPipelineManager (SCMPipelineManager.java:finalizeAndDestroyPipeline(311)) - destroying pipeline:Pipeline[ Id: a9b32830-0bd8-48a5-9fb1-071c975ccf04, Nodes: 3ef92ecc-28c5-4fad-842b-96b52fc10be7{ip: 192.168.36.96, host: pr-hdds-1898-vtp6b-2341163797, networkLocation: /default-rack, certSerialId: null}85506639-3fe0-42d5-8109-64e3968f1eaf{ip: 192.168.36.96, host: pr-hdds-1898-vtp6b-2341163797, networkLocation: /default-rack, certSerialId: null}7fb19221-14f6-4c84-b51f-75149814f9ab{ip: 192.168.36.96, host: pr-hdds-1898-vtp6b-2341163797, networkLocation: /default-rack, certSerialId: null}, Type:RATIS, Factor:THREE, State:CLOSED]
2019-09-03 12:40:19,653 [EventQueue-StaleNodeForStaleNodeHandler] INFO  node.StaleNodeHandler (StaleNodeHandler.java:onMessage(58)) - Datanode 08cd99cc-9257-4a37-875f-07701f928046{ip: 192.168.36.96, host: pr-hdds-1898-vtp6b-2341163797, networkLocation: /default-rack, certSerialId: null} moved to stale state. Finalizing its pipelines [PipelineID=56b91cb3-b4f7-4e32-9ee4-a464253fe348, PipelineID=d9be8e74-ad18-45e6-862a-c88dec523b5d]
2019-09-03 12:40:19,653 [EventQueue-StaleNodeForStaleNodeHandler] INFO  pipeline.SCMPipelineManager (SCMPipelineManager.java:finalizeAndDestroyPipeline(311)) - destroying pipeline:Pipeline[ Id: 56b91cb3-b4f7-4e32-9ee4-a464253fe348, Nodes: 08cd99cc-9257-4a37-875f-07701f928046{ip: 192.168.36.96, host: pr-hdds-1898-vtp6b-2341163797, networkLocation: /default-rack, certSerialId: null}63ca0b64-7077-4223-897f-e4014b1f8a21{ip: 192.168.36.96, host: pr-hdds-1898-vtp6b-2341163797, networkLocation: /default-rack, certSerialId: null}c2e6ed46-8fd1-4958-8387-820c85525dba{ip: 192.168.36.96, host: pr-hdds-1898-vtp6b-2341163797, networkLocation: /default-rack, certSerialId: null}, Type:RATIS, Factor:THREE, State:OPEN]
2019-09-03 12:40:19,653 [EventQueue-StaleNodeForStaleNodeHandler] INFO  pipeline.PipelineStateManager (PipelineStateManager.java:finalizePipeline(123)) - Pipeline Pipeline[ Id: 56b91cb3-b4f7-4e32-9ee4-a464253fe348, Nodes: 08cd99cc-9257-4a37-875f-07701f928046{ip: 192.168.36.96, host: pr-hdds-1898-vtp6b-2341163797, networkLocation: /default-rack, certSerialId: null}63ca0b64-7077-4223-897f-e4014b1f8a21{ip: 192.168.36.96, host: pr-hdds-1898-vtp6b-2341163797, networkLocation: /default-rack, certSerialId: null}c2e6ed46-8fd1-4958-8387-820c85525dba{ip: 192.168.36.96, host: pr-hdds-1898-vtp6b-2341163797, networkLocation: /default-rack, certSerialId: null}, Type:RATIS, Factor:THREE, State:CLOSED] moved to CLOSED state
2019-09-03 12:40:19,653 [EventQueue-CloseContainerForCloseContainerEventHandler] INFO  container.CloseContainerEventHandler (CloseContainerEventHandler.java:onMessage(61)) - Close container Event triggered for container : #2
2019-09-03 12:40:19,654 [EventQueue-StaleNodeForStaleNodeHandler] INFO  pipeline.SCMPipelineManager (SCMPipelineManager.java:finalizeAndDestroyPipeline(311)) - destroying pipeline:Pipeline[ Id: d9be8e74-ad18-45e6-862a-c88dec523b5d, Nodes: 08cd99cc-9257-4a37-875f-07701f928046{ip: 192.168.36.96, host: pr-hdds-1898-vtp6b-2341163797, networkLocation: /default-rack, certSerialId: null}, Type:RATIS, Factor:ONE, State:OPEN]
2019-09-03 12:40:19,654 [EventQueue-StaleNodeForStaleNodeHandler] INFO  pipeline.PipelineStateManager (PipelineStateManager.java:finalizePipeline(123)) - Pipeline Pipeline[ Id: d9be8e74-ad18-45e6-862a-c88dec523b5d, Nodes: 08cd99cc-9257-4a37-875f-07701f928046{ip: 192.168.36.96, host: pr-hdds-1898-vtp6b-2341163797, networkLocation: /default-rack, certSerialId: null}, Type:RATIS, Factor:ONE, State:CLOSED] moved to CLOSED state
2019-09-03 12:40:19,848 [main] INFO  ozoneimpl.OzoneContainer (OzoneContainer.java:stop(215)) - Attempting to stop container services.
2019-09-03 12:40:19,848 [ForkJoinPool.commonPool-worker-1] INFO  ozoneimpl.OzoneContainer (OzoneContainer.java:stop(215)) - Attempting to stop container services.
2019-09-03 12:40:19,848 [main] INFO  impl.RaftServerProxy (RaftServerProxy.java:lambda$close$4(314)) - 85506639-3fe0-42d5-8109-64e3968f1eaf: close
2019-09-03 12:40:19,849 [ForkJoinPool.commonPool-worker-1] INFO  impl.RaftServerProxy (RaftServerProxy.java:lambda$close$4(314)) - 08cd99cc-9257-4a37-875f-07701f928046: close
2019-09-03 12:40:19,849 [main] INFO  impl.RaftServerImpl (RaftServerImpl.java:lambda$shutdown$3(245)) - 85506639-3fe0-42d5-8109-64e3968f1eaf: shutdown group-26DDB6FD64B1
2019-09-03 12:40:19,849 [ForkJoinPool.commonPool-worker-1] INFO  impl.RaftServerImpl (RaftServerImpl.java:lambda$shutdown$3(245)) - 08cd99cc-9257-4a37-875f-07701f928046: shutdown group-A464253FE348
2019-09-03 12:40:19,849 [main] INFO  util.JmxRegister (JmxRegister.java:unregister(73)) - Successfully un-registered JMX Bean with object name Ratis:service=RaftServer,group=group-26DDB6FD64B1,id=85506639-3fe0-42d5-8109-64e3968f1eaf
2019-09-03 12:40:19,850 [ForkJoinPool.commonPool-worker-1] INFO  util.JmxRegister (JmxRegister.java:unregister(73)) - Successfully un-registered JMX Bean with object name Ratis:service=RaftServer,group=group-A464253FE348,id=08cd99cc-9257-4a37-875f-07701f928046
2019-09-03 12:40:19,850 [main] INFO  impl.RoleInfo (RoleInfo.java:shutdownLeaderState(104)) - 85506639-3fe0-42d5-8109-64e3968f1eaf: shutdown LeaderState
2019-09-03 12:40:19,850 [ForkJoinPool.commonPool-worker-1] INFO  impl.RoleInfo (RoleInfo.java:shutdownLeaderState(104)) - 08cd99cc-9257-4a37-875f-07701f928046: shutdown LeaderState
2019-09-03 12:40:19,850 [main] INFO  impl.PendingRequests (PendingRequests.java:sendNotLeaderResponses(202)) - 85506639-3fe0-42d5-8109-64e3968f1eaf-PendingRequests: sendNotLeaderResponses
2019-09-03 12:40:19,855 [ForkJoinPool.commonPool-worker-1] INFO  impl.PendingRequests (PendingRequests.java:sendNotLeaderResponses(202)) - 08cd99cc-9257-4a37-875f-07701f928046-PendingRequests: sendNotLeaderResponses
2019-09-03 12:40:19,855 [org.apache.ratis.server.impl.LogAppender$AppenderDaemon$$Lambda$491/240079901@56498ee6] WARN  server.GrpcLogAppender (GrpcLogAppender.java:mayWait(143)) - GrpcLogAppender(08cd99cc-9257-4a37-875f-07701f928046->c2e6ed46-8fd1-4958-8387-820c85525dba): Wait interrupted by java.lang.InterruptedException
2019-09-03 12:40:19,855 [org.apache.ratis.server.impl.LogAppender$AppenderDaemon$$Lambda$491/240079901@134b12eb] WARN  server.GrpcLogAppender (GrpcLogAppender.java:mayWait(143)) - GrpcLogAppender(08cd99cc-9257-4a37-875f-07701f928046->63ca0b64-7077-4223-897f-e4014b1f8a21): Wait interrupted by java.lang.InterruptedException
2019-09-03 12:40:19,860 [ForkJoinPool.commonPool-worker-1] INFO  impl.StateMachineUpdater (StateMachineUpdater.java:stopAndJoin(115)) - StateMachineUpdater:08cd99cc-9257-4a37-875f-07701f928046:group-A464253FE348: set stopIndex = 16
2019-09-03 12:40:19,856 [main] INFO  impl.StateMachineUpdater (StateMachineUpdater.java:stopAndJoin(115)) - StateMachineUpdater:85506639-3fe0-42d5-8109-64e3968f1eaf:group-26DDB6FD64B1: set stopIndex = 0
2019-09-03 12:40:19,860 [grpc-default-executor-4] INFO  server.GrpcServerProtocolService (GrpcServerProtocolService.java:onCompleted(104)) - c2e6ed46-8fd1-4958-8387-820c85525dba: appendEntries completed
2019-09-03 12:40:19,860 [grpc-default-executor-7] INFO  server.GrpcServerProtocolService (GrpcServerProtocolService.java:onCompleted(104)) - 63ca0b64-7077-4223-897f-e4014b1f8a21: appendEntries completed
2019-09-03 12:40:19,860 [StateMachineUpdater:08cd99cc-9257-4a37-875f-07701f928046:group-A464253FE348] INFO  ratis.ContainerStateMachine (ContainerStateMachine.java:takeSnapshot(284)) - group-A464253FE348: Taking a snapshot at:(t:2, i:14) file /workdir/hadoop-ozone/integration-test/target/test-dir/MiniOzoneClusterImpl-5a0a076c-dbad-4ac8-abab-e3faa05d1f8c/datanode-1/data/ratis/56b91cb3-b4f7-4e32-9ee4-a464253fe348/sm/snapshot.2_14
2019-09-03 12:40:19,861 [grpc-default-executor-7] INFO  server.GrpcLogAppender (GrpcLogAppender.java:onCompleted(292)) - 08cd99cc-9257-4a37-875f-07701f928046->c2e6ed46-8fd1-4958-8387-820c85525dba: follower responses appendEntries COMPLETED
2019-09-03 12:40:19,861 [main] INFO  impl.RaftServerImpl (ServerState.java:close(394)) - 85506639-3fe0-42d5-8109-64e3968f1eaf:group-26DDB6FD64B1 closes. The last applied log index is 0
2019-09-03 12:40:19,861 [grpc-default-executor-7] INFO  impl.FollowerInfo (FollowerInfo.java:lambda$new$0(50)) - 08cd99cc-9257-4a37-875f-07701f928046->c2e6ed46-8fd1-4958-8387-820c85525dba: nextIndex: updateUnconditionally 17 -> 16
2019-09-03 12:40:19,861 [grpc-default-executor-4] INFO  server.GrpcLogAppender (GrpcLogAppender.java:onCompleted(292)) - 08cd99cc-9257-4a37-875f-07701f928046->63ca0b64-7077-4223-897f-e4014b1f8a21: follower responses appendEntries COMPLETED
2019-09-03 12:40:19,862 [85506639-3fe0-42d5-8109-64e3968f1eaf-SegmentedRaftLogWorker:Storage Directory /workdir/hadoop-ozone/integration-test/target/test-dir/MiniOzoneClusterImpl-5a0a076c-dbad-4ac8-abab-e3faa05d1f8c/datanode-3/data/ratis/ceb1d76d-41df-498b-ad1f-26ddb6fd64b1] INFO  segmented.SegmentedRaftLogWorker (SegmentedRaftLogWorker.java:run(313)) - 85506639-3fe0-42d5-8109-64e3968f1eaf-SegmentedRaftLogWorker:Storage Directory /workdir/hadoop-ozone/integration-test/target/test-dir/MiniOzoneClusterImpl-5a0a076c-dbad-4ac8-abab-e3faa05d1f8c/datanode-3/data/ratis/ceb1d76d-41df-498b-ad1f-26ddb6fd64b1 was interrupted, exiting. There are 0 tasks remaining in the queue.
2019-09-03 12:40:19,862 [grpc-default-executor-4] INFO  impl.FollowerInfo (FollowerInfo.java:lambda$new$0(50)) - 08cd99cc-9257-4a37-875f-07701f928046->63ca0b64-7077-4223-897f-e4014b1f8a21: nextIndex: updateUnconditionally 17 -> 16
2019-09-03 12:40:19,881 [main] INFO  segmented.SegmentedRaftLogWorker (SegmentedRaftLogWorker.java:close(228)) - 85506639-3fe0-42d5-8109-64e3968f1eaf-SegmentedRaftLogWorker:Storage Directory /workdir/hadoop-ozone/integration-test/target/test-dir/MiniOzoneClusterImpl-5a0a076c-dbad-4ac8-abab-e3faa05d1f8c/datanode-3/data/ratis/ceb1d76d-41df-498b-ad1f-26ddb6fd64b1 close()
2019-09-03 12:40:19,887 [StateMachineUpdater:08cd99cc-9257-4a37-875f-07701f928046:group-A464253FE348] INFO  ratis.ContainerStateMachine (ContainerStateMachine.java:takeSnapshot(295)) - group-A464253FE348: Finished taking a snapshot at:(t:2, i:14) file:/workdir/hadoop-ozone/integration-test/target/test-dir/MiniOzoneClusterImpl-5a0a076c-dbad-4ac8-abab-e3faa05d1f8c/datanode-1/data/ratis/56b91cb3-b4f7-4e32-9ee4-a464253fe348/sm/snapshot.2_14 time:25
2019-09-03 12:40:19,887 [main] INFO  impl.RaftServerImpl (RaftServerImpl.java:lambda$shutdown$3(245)) - 85506639-3fe0-42d5-8109-64e3968f1eaf: shutdown group-071C975CCF04
2019-09-03 12:40:19,887 [StateMachineUpdater:08cd99cc-9257-4a37-875f-07701f928046:group-A464253FE348] INFO  impl.StateMachineUpdater (StateMachineUpdater.java:takeSnapshot(242)) - StateMachineUpdater:08cd99cc-9257-4a37-875f-07701f928046:group-A464253FE348: Took a snapshot at index 14
2019-09-03 12:40:19,887 [main] INFO  util.JmxRegister (JmxRegister.java:unregister(73)) - Successfully un-registered JMX Bean with object name Ratis:service=RaftServer,group=group-071C975CCF04,id=85506639-3fe0-42d5-8109-64e3968f1eaf
2019-09-03 12:40:19,887 [StateMachineUpdater:08cd99cc-9257-4a37-875f-07701f928046:group-A464253FE348] INFO  impl.StateMachineUpdater (StateMachineUpdater.java:lambda$new$0(80)) - StateMachineUpdater:08cd99cc-9257-4a37-875f-07701f928046:group-A464253FE348: snapshotIndex: updateIncreasingly -1 -> 14
2019-09-03 12:40:19,887 [main] INFO  impl.RoleInfo (RoleInfo.java:shutdownLeaderState(104)) - 85506639-3fe0-42d5-8109-64e3968f1eaf: shutdown LeaderState
2019-09-03 12:40:19,888 [ForkJoinPool.commonPool-worker-1] INFO  impl.RaftServerImpl (ServerState.java:close(394)) - 08cd99cc-9257-4a37-875f-07701f928046:group-A464253FE348 closes. The last applied log index is 16
2019-09-03 12:40:19,891 [main] INFO  impl.PendingRequests (PendingRequests.java:sendNotLeaderResponses(202)) - 85506639-3fe0-42d5-8109-64e3968f1eaf-PendingRequests: sendNotLeaderResponses
2019-09-03 12:40:19,891 [08cd99cc-9257-4a37-875f-07701f928046-SegmentedRaftLogWorker:Storage Directory /workdir/hadoop-ozone/integration-test/target/test-dir/MiniOzoneClusterImpl-5a0a076c-dbad-4ac8-abab-e3faa05d1f8c/datanode-1/data/ratis/56b91cb3-b4f7-4e32-9ee4-a464253fe348] INFO  segmented.SegmentedRaftLogWorker (SegmentedRaftLogWorker.java:run(313)) - 08cd99cc-9257-4a37-875f-07701f928046-SegmentedRaftLogWorker:Storage Directory /workdir/hadoop-ozone/integration-test/target/test-dir/MiniOzoneClusterImpl-5a0a076c-dbad-4ac8-abab-e3faa05d1f8c/datanode-1/data/ratis/56b91cb3-b4f7-4e32-9ee4-a464253fe348 was interrupted, exiting. There are 0 tasks remaining in the queue.
2019-09-03 12:40:19,891 [org.apache.ratis.server.impl.LogAppender$AppenderDaemon$$Lambda$491/240079901@55d8abb4] WARN  server.GrpcLogAppender (GrpcLogAppender.java:mayWait(143)) - GrpcLogAppender(85506639-3fe0-42d5-8109-64e3968f1eaf->7fb19221-14f6-4c84-b51f-75149814f9ab): Wait interrupted by java.lang.InterruptedException
2019-09-03 12:40:19,891 [org.apache.ratis.server.impl.LogAppender$AppenderDaemon$$Lambda$491/240079901@2a4d40c3] WARN  server.GrpcLogAppender (GrpcLogAppender.java:mayWait(143)) - GrpcLogAppender(85506639-3fe0-42d5-8109-64e3968f1eaf->3ef92ecc-28c5-4fad-842b-96b52fc10be7): Wait interrupted by java.lang.InterruptedException
2019-09-03 12:40:19,893 [StateMachineUpdater:85506639-3fe0-42d5-8109-64e3968f1eaf:group-071C975CCF04] INFO  ratis.ContainerStateMachine (ContainerStateMachine.java:takeSnapshot(284)) - group-071C975CCF04: Taking a snapshot at:(t:4, i:14) file /workdir/hadoop-ozone/integration-test/target/test-dir/MiniOzoneClusterImpl-5a0a076c-dbad-4ac8-abab-e3faa05d1f8c/datanode-3/data/ratis/a9b32830-0bd8-48a5-9fb1-071c975ccf04/sm/snapshot.4_14
2019-09-03 12:40:19,891 [main] INFO  impl.StateMachineUpdater (StateMachineUpdater.java:stopAndJoin(115)) - StateMachineUpdater:85506639-3fe0-42d5-8109-64e3968f1eaf:group-071C975CCF04: set stopIndex = 18
2019-09-03 12:40:19,893 [ForkJoinPool.commonPool-worker-1] INFO  segmented.SegmentedRaftLogWorker (SegmentedRaftLogWorker.java:close(228)) - 08cd99cc-9257-4a37-875f-07701f928046-SegmentedRaftLogWorker:Storage Directory /workdir/hadoop-ozone/integration-test/target/test-dir/MiniOzoneClusterImpl-5a0a076c-dbad-4ac8-abab-e3faa05d1f8c/datanode-1/data/ratis/56b91cb3-b4f7-4e32-9ee4-a464253fe348 close()
2019-09-03 12:40:19,894 [grpc-default-executor-7] INFO  server.GrpcServerProtocolService (GrpcServerProtocolService.java:onCompleted(104)) - 7fb19221-14f6-4c84-b51f-75149814f9ab: appendEntries completed
2019-09-03 12:40:19,897 [ForkJoinPool.commonPool-worker-1] INFO  impl.RaftServerImpl (RaftServerImpl.java:lambda$shutdown$3(245)) - 08cd99cc-9257-4a37-875f-07701f928046: shutdown group-C88DEC523B5D
2019-09-03 12:40:19,897 [ForkJoinPool.commonPool-worker-1] INFO  util.JmxRegister (JmxRegister.java:unregister(73)) - Successfully un-registered JMX Bean with object name Ratis:service=RaftServer,group=group-C88DEC523B5D,id=08cd99cc-9257-4a37-875f-07701f928046
2019-09-03 12:40:19,897 [grpc-default-executor-7] INFO  server.GrpcLogAppender (GrpcLogAppender.java:onCompleted(292)) - 85506639-3fe0-42d5-8109-64e3968f1eaf->7fb19221-14f6-4c84-b51f-75149814f9ab: follower responses appendEntries COMPLETED
2019-09-03 12:40:19,897 [ForkJoinPool.commonPool-worker-1] INFO  impl.RoleInfo (RoleInfo.java:shutdownLeaderState(104)) - 08cd99cc-9257-4a37-875f-07701f928046: shutdown LeaderState
2019-09-03 12:40:19,898 [ForkJoinPool.commonPool-worker-1] INFO  impl.PendingRequests (PendingRequests.java:sendNotLeaderResponses(202)) - 08cd99cc-9257-4a37-875f-07701f928046-PendingRequests: sendNotLeaderResponses
2019-09-03 12:40:19,898 [grpc-default-executor-7] INFO  impl.FollowerInfo (FollowerInfo.java:lambda$new$0(50)) - 85506639-3fe0-42d5-8109-64e3968f1eaf->7fb19221-14f6-4c84-b51f-75149814f9ab: nextIndex: updateUnconditionally 19 -> 18
2019-09-03 12:40:19,898 [ForkJoinPool.commonPool-worker-1] INFO  impl.StateMachineUpdater (StateMachineUpdater.java:stopAndJoin(115)) - StateMachineUpdater:08cd99cc-9257-4a37-875f-07701f928046:group-C88DEC523B5D: set stopIndex = 0
2019-09-03 12:40:19,898 [ForkJoinPool.commonPool-worker-1] INFO  impl.RaftServerImpl (ServerState.java:close(394)) - 08cd99cc-9257-4a37-875f-07701f928046:group-C88DEC523B5D closes. The last applied log index is 0
2019-09-03 12:40:19,899 [08cd99cc-9257-4a37-875f-07701f928046-SegmentedRaftLogWorker:Storage Directory /workdir/hadoop-ozone/integration-test/target/test-dir/MiniOzoneClusterImpl-5a0a076c-dbad-4ac8-abab-e3faa05d1f8c/datanode-1/data/ratis/d9be8e74-ad18-45e6-862a-c88dec523b5d] INFO  segmented.SegmentedRaftLogWorker (SegmentedRaftLogWorker.java:run(313)) - 08cd99cc-9257-4a37-875f-07701f928046-SegmentedRaftLogWorker:Storage Directory /workdir/hadoop-ozone/integration-test/target/test-dir/MiniOzoneClusterImpl-5a0a076c-dbad-4ac8-abab-e3faa05d1f8c/datanode-1/data/ratis/d9be8e74-ad18-45e6-862a-c88dec523b5d was interrupted, exiting. There are 0 tasks remaining in the queue.
2019-09-03 12:40:19,900 [ForkJoinPool.commonPool-worker-1] INFO  segmented.SegmentedRaftLogWorker (SegmentedRaftLogWorker.java:close(228)) - 08cd99cc-9257-4a37-875f-07701f928046-SegmentedRaftLogWorker:Storage Directory /workdir/hadoop-ozone/integration-test/target/test-dir/MiniOzoneClusterImpl-5a0a076c-dbad-4ac8-abab-e3faa05d1f8c/datanode-1/data/ratis/d9be8e74-ad18-45e6-862a-c88dec523b5d close()
2019-09-03 12:40:19,903 [ForkJoinPool.commonPool-worker-1] INFO  server.GrpcService (GrpcService.java:closeImpl(155)) - 08cd99cc-9257-4a37-875f-07701f928046: shutdown server with port 37401 now
2019-09-03 12:40:19,904 [grpc-default-executor-0] WARN  client.GrpcClientProtocolService (LogUtils.java:warn(134)) - 1-UnorderedRequestStreamObserver1: onError: org.apache.ratis.thirdparty.io.grpc.StatusRuntimeException: CANCELLED: cancelled before receiving half close
2019-09-03 12:40:19,904 [ForkJoinPool.commonPool-worker-1] INFO  server.GrpcService (GrpcService.java:closeImpl(163)) - 08cd99cc-9257-4a37-875f-07701f928046: shutdown server with port 37401 successfully
2019-09-03 12:40:19,905 [StateMachineUpdater:85506639-3fe0-42d5-8109-64e3968f1eaf:group-071C975CCF04] INFO  ratis.ContainerStateMachine (ContainerStateMachine.java:takeSnapshot(295)) - group-071C975CCF04: Finished taking a snapshot at:(t:4, i:14) file:/workdir/hadoop-ozone/integration-test/target/test-dir/MiniOzoneClusterImpl-5a0a076c-dbad-4ac8-abab-e3faa05d1f8c/datanode-3/data/ratis/a9b32830-0bd8-48a5-9fb1-071c975ccf04/sm/snapshot.4_14 time:12
2019-09-03 12:40:19,905 [StateMachineUpdater:85506639-3fe0-42d5-8109-64e3968f1eaf:group-071C975CCF04] INFO  impl.StateMachineUpdater (StateMachineUpdater.java:takeSnapshot(242)) - StateMachineUpdater:85506639-3fe0-42d5-8109-64e3968f1eaf:group-071C975CCF04: Took a snapshot at index 14
2019-09-03 12:40:19,905 [StateMachineUpdater:85506639-3fe0-42d5-8109-64e3968f1eaf:group-071C975CCF04] INFO  impl.StateMachineUpdater (StateMachineUpdater.java:lambda$new$0(80)) - StateMachineUpdater:85506639-3fe0-42d5-8109-64e3968f1eaf:group-071C975CCF04: snapshotIndex: updateIncreasingly -1 -> 14
2019-09-03 12:40:19,905 [main] INFO  impl.RaftServerImpl (ServerState.java:close(394)) - 85506639-3fe0-42d5-8109-64e3968f1eaf:group-071C975CCF04 closes. The last applied log index is 18
2019-09-03 12:40:19,906 [85506639-3fe0-42d5-8109-64e3968f1eaf-SegmentedRaftLogWorker:Storage Directory /workdir/hadoop-ozone/integration-test/target/test-dir/MiniOzoneClusterImpl-5a0a076c-dbad-4ac8-abab-e3faa05d1f8c/datanode-3/data/ratis/a9b32830-0bd8-48a5-9fb1-071c975ccf04] INFO  segmented.SegmentedRaftLogWorker (SegmentedRaftLogWorker.java:run(313)) - 85506639-3fe0-42d5-8109-64e3968f1eaf-SegmentedRaftLogWorker:Storage Directory /workdir/hadoop-ozone/integration-test/target/test-dir/MiniOzoneClusterImpl-5a0a076c-dbad-4ac8-abab-e3faa05d1f8c/datanode-3/data/ratis/a9b32830-0bd8-48a5-9fb1-071c975ccf04 was interrupted, exiting. There are 0 tasks remaining in the queue.
2019-09-03 12:40:19,907 [refreshUsed-/workdir/hadoop-ozone/integration-test/target/test-dir/MiniOzoneClusterImpl-5a0a076c-dbad-4ac8-abab-e3faa05d1f8c/datanode-1/data/containers] WARN  fs.CachingGetSpaceUsed (CachingGetSpaceUsed.java:run(183)) - Thread Interrupted waiting to refresh disk information: sleep interrupted
2019-09-03 12:40:19,908 [main] INFO  segmented.SegmentedRaftLogWorker (SegmentedRaftLogWorker.java:close(228)) - 85506639-3fe0-42d5-8109-64e3968f1eaf-SegmentedRaftLogWorker:Storage Directory /workdir/hadoop-ozone/integration-test/target/test-dir/MiniOzoneClusterImpl-5a0a076c-dbad-4ac8-abab-e3faa05d1f8c/datanode-3/data/ratis/a9b32830-0bd8-48a5-9fb1-071c975ccf04 close()
2019-09-03 12:40:19,912 [main] INFO  server.GrpcService (GrpcService.java:closeImpl(155)) - 85506639-3fe0-42d5-8109-64e3968f1eaf: shutdown server with port 32803 now
2019-09-03 12:40:19,913 [main] INFO  server.GrpcService (GrpcService.java:closeImpl(163)) - 85506639-3fe0-42d5-8109-64e3968f1eaf: shutdown server with port 32803 successfully
2019-09-03 12:40:19,914 [refreshUsed-/workdir/hadoop-ozone/integration-test/target/test-dir/MiniOzoneClusterImpl-5a0a076c-dbad-4ac8-abab-e3faa05d1f8c/datanode-3/data/containers] WARN  fs.CachingGetSpaceUsed (CachingGetSpaceUsed.java:run(183)) - Thread Interrupted waiting to refresh disk information: sleep interrupted
2019-09-03 12:40:19,923 [ForkJoinPool.commonPool-worker-1] INFO  utils.BackgroundService (BackgroundService.java:shutdown(148)) - Shutting down service BlockDeletingService
2019-09-03 12:40:19,927 [ForkJoinPool.commonPool-worker-1] INFO  statemachine.DatanodeStateMachine (DatanodeStateMachine.java:stopDaemon(395)) - Ozone container server stopped.
2019-09-03 12:40:19,930 [ForkJoinPool.commonPool-worker-1] INFO  handler.ContextHandler (ContextHandler.java:doStop(910)) - Stopped o.e.j.w.WebAppContext@79df80a4{/,null,UNAVAILABLE}{/hddsDatanode}
2019-09-03 12:40:19,931 [ForkJoinPool.commonPool-worker-1] INFO  server.AbstractConnector (AbstractConnector.java:doStop(318)) - Stopped ServerConnector@130cfc47{HTTP/1.1,[http/1.1]}{0.0.0.0:0}
2019-09-03 12:40:19,932 [ForkJoinPool.commonPool-worker-1] INFO  handler.ContextHandler (ContextHandler.java:doStop(910)) - Stopped o.e.j.s.ServletContextHandler@2725ca05{/static,jar:file:/home/user/.m2/repository/org/apache/hadoop/hadoop-hdds-container-service/0.5.0-SNAPSHOT/hadoop-hdds-container-service-0.5.0-SNAPSHOT.jar!/webapps/static,UNAVAILABLE}
2019-09-03 12:40:19,932 [main] INFO  utils.BackgroundService (BackgroundService.java:shutdown(148)) - Shutting down service BlockDeletingService
2019-09-03 12:40:19,933 [ForkJoinPool.commonPool-worker-1] INFO  handler.ContextHandler (ContextHandler.java:doStop(910)) - Stopped o.e.j.s.ServletContextHandler@fddd7ae{/logs,file:///workdir/hadoop-ozone/integration-test/target/log,UNAVAILABLE}
2019-09-03 12:40:19,936 [main] INFO  statemachine.DatanodeStateMachine (DatanodeStateMachine.java:stopDaemon(395)) - Ozone container server stopped.
2019-09-03 12:40:19,937 [main] INFO  handler.ContextHandler (ContextHandler.java:doStop(910)) - Stopped o.e.j.w.WebAppContext@34edd065{/,null,UNAVAILABLE}{/hddsDatanode}
2019-09-03 12:40:19,938 [main] INFO  server.AbstractConnector (AbstractConnector.java:doStop(318)) - Stopped ServerConnector@681e913c{HTTP/1.1,[http/1.1]}{0.0.0.0:0}
2019-09-03 12:40:19,938 [main] INFO  handler.ContextHandler (ContextHandler.java:doStop(910)) - Stopped o.e.j.s.ServletContextHandler@7a606260{/static,jar:file:/home/user/.m2/repository/org/apache/hadoop/hadoop-hdds-container-service/0.5.0-SNAPSHOT/hadoop-hdds-container-service-0.5.0-SNAPSHOT.jar!/webapps/static,UNAVAILABLE}
2019-09-03 12:40:19,938 [main] INFO  handler.ContextHandler (ContextHandler.java:doStop(910)) - Stopped o.e.j.s.ServletContextHandler@6b867ee7{/logs,file:///workdir/hadoop-ozone/integration-test/target/log,UNAVAILABLE}
2019-09-03 12:40:20,281 [Datanode State Machine Thread - 0] INFO  statemachine.DatanodeStateMachine (DatanodeStateMachine.java:lambda$startDaemon$0(350)) - Ozone container server started.
2019-09-03 12:40:20,603 [Datanode State Machine Thread - 0] INFO  statemachine.DatanodeStateMachine (DatanodeStateMachine.java:lambda$startDaemon$0(350)) - Ozone container server started.
2019-09-03 12:40:23,632 [Thread-3802] INFO  impl.FollowerState (FollowerState.java:run(106)) - 7fb19221-14f6-4c84-b51f-75149814f9ab:group-071C975CCF04 changes to CANDIDATE, lastRpcTime:5147, electionTimeout:5073ms
2019-09-03 12:40:23,633 [Thread-3802] INFO  impl.RoleInfo (RoleInfo.java:shutdownFollowerState(121)) - 7fb19221-14f6-4c84-b51f-75149814f9ab: shutdown FollowerState
2019-09-03 12:40:23,633 [Thread-3802] INFO  impl.RaftServerImpl (RaftServerImpl.java:setRole(171)) - 7fb19221-14f6-4c84-b51f-75149814f9ab:group-071C975CCF04 changes role from FOLLOWER to CANDIDATE at term 5 for changeToCandidate
2019-09-03 12:40:23,633 [Thread-3802] INFO  impl.RoleInfo (RoleInfo.java:updateAndGet(143)) - 7fb19221-14f6-4c84-b51f-75149814f9ab: start LeaderElection
2019-09-03 12:40:23,637 [7fb19221-14f6-4c84-b51f-75149814f9ab:group-071C975CCF04:LeaderElection80] INFO  impl.RaftServerImpl (ServerState.java:setLeader(263)) - 7fb19221-14f6-4c84-b51f-75149814f9ab:group-071C975CCF04 change Leader from 85506639-3fe0-42d5-8109-64e3968f1eaf to null at term 5 for initElection
2019-09-03 12:40:23,644 [7fb19221-14f6-4c84-b51f-75149814f9ab:group-071C975CCF04:LeaderElection80] INFO  impl.LeaderElection (LeaderElection.java:askForVotes(181)) - 7fb19221-14f6-4c84-b51f-75149814f9ab:group-071C975CCF04:LeaderElection80: begin an election at term 6 for 17: [85506639-3fe0-42d5-8109-64e3968f1eaf:192.168.36.96:32803, 3ef92ecc-28c5-4fad-842b-96b52fc10be7:192.168.36.96:40472, 7fb19221-14f6-4c84-b51f-75149814f9ab:192.168.36.96:44311], old=null
2019-09-03 12:40:23,649 [7fb19221-14f6-4c84-b51f-75149814f9ab:group-071C975CCF04:LeaderElection80] INFO  impl.LeaderElection (LogUtils.java:infoOrTrace(149)) - 7fb19221-14f6-4c84-b51f-75149814f9ab:group-071C975CCF04:LeaderElection80 got exception when requesting votes: {}
java.util.concurrent.ExecutionException: org.apache.ratis.thirdparty.io.grpc.StatusRuntimeException: UNAVAILABLE: io exception
	at java.util.concurrent.FutureTask.report(FutureTask.java:122)
	at java.util.concurrent.FutureTask.get(FutureTask.java:192)
	at org.apache.ratis.server.impl.LeaderElection.waitForResults(LeaderElection.java:262)
	at org.apache.ratis.server.impl.LeaderElection.askForVotes(LeaderElection.java:200)
	at org.apache.ratis.server.impl.LeaderElection.run(LeaderElection.java:130)
	at java.lang.Thread.run(Thread.java:748)
Caused by: org.apache.ratis.thirdparty.io.grpc.StatusRuntimeException: UNAVAILABLE: io exception
	at org.apache.ratis.thirdparty.io.grpc.stub.ClientCalls.toStatusRuntimeException(ClientCalls.java:233)
	at org.apache.ratis.thirdparty.io.grpc.stub.ClientCalls.getUnchecked(ClientCalls.java:214)
	at org.apache.ratis.thirdparty.io.grpc.stub.ClientCalls.blockingUnaryCall(ClientCalls.java:139)
	at org.apache.ratis.proto.grpc.RaftServerProtocolServiceGrpc$RaftServerProtocolServiceBlockingStub.requestVote(RaftServerProtocolServiceGrpc.java:265)
	at org.apache.ratis.grpc.server.GrpcServerProtocolClient.requestVote(GrpcServerProtocolClient.java:83)
	at org.apache.ratis.grpc.server.GrpcService.requestVote(GrpcService.java:195)
	at org.apache.ratis.server.impl.LeaderElection.lambda$submitRequests$1(LeaderElection.java:237)
	at java.util.concurrent.FutureTask.run(FutureTask.java:266)
	at java.util.concurrent.Executors$RunnableAdapter.call(Executors.java:511)
	at java.util.concurrent.FutureTask.run(FutureTask.java:266)
	at java.util.concurrent.ThreadPoolExecutor.runWorker(ThreadPoolExecutor.java:1149)
	at java.util.concurrent.ThreadPoolExecutor$Worker.run(ThreadPoolExecutor.java:624)
	... 1 more
Caused by: org.apache.ratis.thirdparty.io.netty.channel.AbstractChannel$AnnotatedConnectException: Connection refused: /192.168.36.96:40472
	at sun.nio.ch.SocketChannelImpl.checkConnect(Native Method)
	at sun.nio.ch.SocketChannelImpl.finishConnect(SocketChannelImpl.java:717)
	at org.apache.ratis.thirdparty.io.netty.channel.socket.nio.NioSocketChannel.doFinishConnect(NioSocketChannel.java:327)
	at org.apache.ratis.thirdparty.io.netty.channel.nio.AbstractNioChannel$AbstractNioUnsafe.finishConnect(AbstractNioChannel.java:340)
	at org.apache.ratis.thirdparty.io.netty.channel.nio.NioEventLoop.processSelectedKey(NioEventLoop.java:632)
	at org.apache.ratis.thirdparty.io.netty.channel.nio.NioEventLoop.processSelectedKeysOptimized(NioEventLoop.java:579)
	at org.apache.ratis.thirdparty.io.netty.channel.nio.NioEventLoop.processSelectedKeys(NioEventLoop.java:496)
	at org.apache.ratis.thirdparty.io.netty.channel.nio.NioEventLoop.run(NioEventLoop.java:458)
	at org.apache.ratis.thirdparty.io.netty.util.concurrent.SingleThreadEventExecutor$5.run(SingleThreadEventExecutor.java:897)
	at org.apache.ratis.thirdparty.io.netty.util.concurrent.FastThreadLocalRunnable.run(FastThreadLocalRunnable.java:30)
	... 1 more
Caused by: java.net.ConnectException: Connection refused
	... 11 more
2019-09-03 12:40:23,652 [7fb19221-14f6-4c84-b51f-75149814f9ab:group-071C975CCF04:LeaderElection80] INFO  impl.LeaderElection (LogUtils.java:infoOrTrace(149)) - 7fb19221-14f6-4c84-b51f-75149814f9ab:group-071C975CCF04:LeaderElection80 got exception when requesting votes: {}
java.util.concurrent.ExecutionException: org.apache.ratis.thirdparty.io.grpc.StatusRuntimeException: UNAVAILABLE: io exception
	at java.util.concurrent.FutureTask.report(FutureTask.java:122)
	at java.util.concurrent.FutureTask.get(FutureTask.java:192)
	at org.apache.ratis.server.impl.LeaderElection.waitForResults(LeaderElection.java:262)
	at org.apache.ratis.server.impl.LeaderElection.askForVotes(LeaderElection.java:200)
	at org.apache.ratis.server.impl.LeaderElection.run(LeaderElection.java:130)
	at java.lang.Thread.run(Thread.java:748)
Caused by: org.apache.ratis.thirdparty.io.grpc.StatusRuntimeException: UNAVAILABLE: io exception
	at org.apache.ratis.thirdparty.io.grpc.stub.ClientCalls.toStatusRuntimeException(ClientCalls.java:233)
	at org.apache.ratis.thirdparty.io.grpc.stub.ClientCalls.getUnchecked(ClientCalls.java:214)
	at org.apache.ratis.thirdparty.io.grpc.stub.ClientCalls.blockingUnaryCall(ClientCalls.java:139)
	at org.apache.ratis.proto.grpc.RaftServerProtocolServiceGrpc$RaftServerProtocolServiceBlockingStub.requestVote(RaftServerProtocolServiceGrpc.java:265)
	at org.apache.ratis.grpc.server.GrpcServerProtocolClient.requestVote(GrpcServerProtocolClient.java:83)
	at org.apache.ratis.grpc.server.GrpcService.requestVote(GrpcService.java:195)
	at org.apache.ratis.server.impl.LeaderElection.lambda$submitRequests$1(LeaderElection.java:237)
	at java.util.concurrent.FutureTask.run(FutureTask.java:266)
	at java.util.concurrent.Executors$RunnableAdapter.call(Executors.java:511)
	at java.util.concurrent.FutureTask.run(FutureTask.java:266)
	at java.util.concurrent.ThreadPoolExecutor.runWorker(ThreadPoolExecutor.java:1149)
	at java.util.concurrent.ThreadPoolExecutor$Worker.run(ThreadPoolExecutor.java:624)
	... 1 more
Caused by: org.apache.ratis.thirdparty.io.netty.channel.AbstractChannel$AnnotatedConnectException: Connection refused: /192.168.36.96:32803
	at sun.nio.ch.SocketChannelImpl.checkConnect(Native Method)
	at sun.nio.ch.SocketChannelImpl.finishConnect(SocketChannelImpl.java:717)
	at org.apache.ratis.thirdparty.io.netty.channel.socket.nio.NioSocketChannel.doFinishConnect(NioSocketChannel.java:327)
	at org.apache.ratis.thirdparty.io.netty.channel.nio.AbstractNioChannel$AbstractNioUnsafe.finishConnect(AbstractNioChannel.java:340)
	at org.apache.ratis.thirdparty.io.netty.channel.nio.NioEventLoop.processSelectedKey(NioEventLoop.java:632)
	at org.apache.ratis.thirdparty.io.netty.channel.nio.NioEventLoop.processSelectedKeysOptimized(NioEventLoop.java:579)
	at org.apache.ratis.thirdparty.io.netty.channel.nio.NioEventLoop.processSelectedKeys(NioEventLoop.java:496)
	at org.apache.ratis.thirdparty.io.netty.channel.nio.NioEventLoop.run(NioEventLoop.java:458)
	at org.apache.ratis.thirdparty.io.netty.util.concurrent.SingleThreadEventExecutor$5.run(SingleThreadEventExecutor.java:897)
	at org.apache.ratis.thirdparty.io.netty.util.concurrent.FastThreadLocalRunnable.run(FastThreadLocalRunnable.java:30)
	... 1 more
Caused by: java.net.ConnectException: Connection refused
	... 11 more
2019-09-03 12:40:23,655 [7fb19221-14f6-4c84-b51f-75149814f9ab:group-071C975CCF04:LeaderElection80] INFO  impl.LeaderElection (LeaderElection.java:logAndReturn(56)) - 7fb19221-14f6-4c84-b51f-75149814f9ab:group-071C975CCF04:LeaderElection80: Election REJECTED; received 0 response(s) [] and 2 exception(s); 7fb19221-14f6-4c84-b51f-75149814f9ab:t6, leader=null, voted=7fb19221-14f6-4c84-b51f-75149814f9ab, raftlog=7fb19221-14f6-4c84-b51f-75149814f9ab-SegmentedRaftLog:OPENED:c18,f18,i18, conf=17: [85506639-3fe0-42d5-8109-64e3968f1eaf:192.168.36.96:32803, 3ef92ecc-28c5-4fad-842b-96b52fc10be7:192.168.36.96:40472, 7fb19221-14f6-4c84-b51f-75149814f9ab:192.168.36.96:44311], old=null
2019-09-03 12:40:23,655 [7fb19221-14f6-4c84-b51f-75149814f9ab:group-071C975CCF04:LeaderElection80] INFO  impl.LeaderElection (LogUtils.java:infoOrTrace(149)) -   Exception 0: {}
java.util.concurrent.ExecutionException: org.apache.ratis.thirdparty.io.grpc.StatusRuntimeException: UNAVAILABLE: io exception
	at java.util.concurrent.FutureTask.report(FutureTask.java:122)
	at java.util.concurrent.FutureTask.get(FutureTask.java:192)
	at org.apache.ratis.server.impl.LeaderElection.waitForResults(LeaderElection.java:262)
	at org.apache.ratis.server.impl.LeaderElection.askForVotes(LeaderElection.java:200)
	at org.apache.ratis.server.impl.LeaderElection.run(LeaderElection.java:130)
	at java.lang.Thread.run(Thread.java:748)
Caused by: org.apache.ratis.thirdparty.io.grpc.StatusRuntimeException: UNAVAILABLE: io exception
	at org.apache.ratis.thirdparty.io.grpc.stub.ClientCalls.toStatusRuntimeException(ClientCalls.java:233)
	at org.apache.ratis.thirdparty.io.grpc.stub.ClientCalls.getUnchecked(ClientCalls.java:214)
	at org.apache.ratis.thirdparty.io.grpc.stub.ClientCalls.blockingUnaryCall(ClientCalls.java:139)
	at org.apache.ratis.proto.grpc.RaftServerProtocolServiceGrpc$RaftServerProtocolServiceBlockingStub.requestVote(RaftServerProtocolServiceGrpc.java:265)
	at org.apache.ratis.grpc.server.GrpcServerProtocolClient.requestVote(GrpcServerProtocolClient.java:83)
	at org.apache.ratis.grpc.server.GrpcService.requestVote(GrpcService.java:195)
	at org.apache.ratis.server.impl.LeaderElection.lambda$submitRequests$1(LeaderElection.java:237)
	at java.util.concurrent.FutureTask.run(FutureTask.java:266)
	at java.util.concurrent.Executors$RunnableAdapter.call(Executors.java:511)
	at java.util.concurrent.FutureTask.run(FutureTask.java:266)
	at java.util.concurrent.ThreadPoolExecutor.runWorker(ThreadPoolExecutor.java:1149)
	at java.util.concurrent.ThreadPoolExecutor$Worker.run(ThreadPoolExecutor.java:624)
	... 1 more
Caused by: org.apache.ratis.thirdparty.io.netty.channel.AbstractChannel$AnnotatedConnectException: Connection refused: /192.168.36.96:40472
	at sun.nio.ch.SocketChannelImpl.checkConnect(Native Method)
	at sun.nio.ch.SocketChannelImpl.finishConnect(SocketChannelImpl.java:717)
	at org.apache.ratis.thirdparty.io.netty.channel.socket.nio.NioSocketChannel.doFinishConnect(NioSocketChannel.java:327)
	at org.apache.ratis.thirdparty.io.netty.channel.nio.AbstractNioChannel$AbstractNioUnsafe.finishConnect(AbstractNioChannel.java:340)
	at org.apache.ratis.thirdparty.io.netty.channel.nio.NioEventLoop.processSelectedKey(NioEventLoop.java:632)
	at org.apache.ratis.thirdparty.io.netty.channel.nio.NioEventLoop.processSelectedKeysOptimized(NioEventLoop.java:579)
	at org.apache.ratis.thirdparty.io.netty.channel.nio.NioEventLoop.processSelectedKeys(NioEventLoop.java:496)
	at org.apache.ratis.thirdparty.io.netty.channel.nio.NioEventLoop.run(NioEventLoop.java:458)
	at org.apache.ratis.thirdparty.io.netty.util.concurrent.SingleThreadEventExecutor$5.run(SingleThreadEventExecutor.java:897)
	at org.apache.ratis.thirdparty.io.netty.util.concurrent.FastThreadLocalRunnable.run(FastThreadLocalRunnable.java:30)
	... 1 more
Caused by: java.net.ConnectException: Connection refused
	... 11 more
2019-09-03 12:40:23,655 [7fb19221-14f6-4c84-b51f-75149814f9ab:group-071C975CCF04:LeaderElection80] INFO  impl.LeaderElection (LogUtils.java:infoOrTrace(149)) -   Exception 1: {}
java.util.concurrent.ExecutionException: org.apache.ratis.thirdparty.io.grpc.StatusRuntimeException: UNAVAILABLE: io exception
	at java.util.concurrent.FutureTask.report(FutureTask.java:122)
	at java.util.concurrent.FutureTask.get(FutureTask.java:192)
	at org.apache.ratis.server.impl.LeaderElection.waitForResults(LeaderElection.java:262)
	at org.apache.ratis.server.impl.LeaderElection.askForVotes(LeaderElection.java:200)
	at org.apache.ratis.server.impl.LeaderElection.run(LeaderElection.java:130)
	at java.lang.Thread.run(Thread.java:748)
Caused by: org.apache.ratis.thirdparty.io.grpc.StatusRuntimeException: UNAVAILABLE: io exception
	at org.apache.ratis.thirdparty.io.grpc.stub.ClientCalls.toStatusRuntimeException(ClientCalls.java:233)
	at org.apache.ratis.thirdparty.io.grpc.stub.ClientCalls.getUnchecked(ClientCalls.java:214)
	at org.apache.ratis.thirdparty.io.grpc.stub.ClientCalls.blockingUnaryCall(ClientCalls.java:139)
	at org.apache.ratis.proto.grpc.RaftServerProtocolServiceGrpc$RaftServerProtocolServiceBlockingStub.requestVote(RaftServerProtocolServiceGrpc.java:265)
	at org.apache.ratis.grpc.server.GrpcServerProtocolClient.requestVote(GrpcServerProtocolClient.java:83)
	at org.apache.ratis.grpc.server.GrpcService.requestVote(GrpcService.java:195)
	at org.apache.ratis.server.impl.LeaderElection.lambda$submitRequests$1(LeaderElection.java:237)
	at java.util.concurrent.FutureTask.run(FutureTask.java:266)
	at java.util.concurrent.Executors$RunnableAdapter.call(Executors.java:511)
	at java.util.concurrent.FutureTask.run(FutureTask.java:266)
	at java.util.concurrent.ThreadPoolExecutor.runWorker(ThreadPoolExecutor.java:1149)
	at java.util.concurrent.ThreadPoolExecutor$Worker.run(ThreadPoolExecutor.java:624)
	... 1 more
Caused by: org.apache.ratis.thirdparty.io.netty.channel.AbstractChannel$AnnotatedConnectException: Connection refused: /192.168.36.96:32803
	at sun.nio.ch.SocketChannelImpl.checkConnect(Native Method)
	at sun.nio.ch.SocketChannelImpl.finishConnect(SocketChannelImpl.java:717)
	at org.apache.ratis.thirdparty.io.netty.channel.socket.nio.NioSocketChannel.doFinishConnect(NioSocketChannel.java:327)
	at org.apache.ratis.thirdparty.io.netty.channel.nio.AbstractNioChannel$AbstractNioUnsafe.finishConnect(AbstractNioChannel.java:340)
	at org.apache.ratis.thirdparty.io.netty.channel.nio.NioEventLoop.processSelectedKey(NioEventLoop.java:632)
	at org.apache.ratis.thirdparty.io.netty.channel.nio.NioEventLoop.processSelectedKeysOptimized(NioEventLoop.java:579)
	at org.apache.ratis.thirdparty.io.netty.channel.nio.NioEventLoop.processSelectedKeys(NioEventLoop.java:496)
	at org.apache.ratis.thirdparty.io.netty.channel.nio.NioEventLoop.run(NioEventLoop.java:458)
	at org.apache.ratis.thirdparty.io.netty.util.concurrent.SingleThreadEventExecutor$5.run(SingleThreadEventExecutor.java:897)
	at org.apache.ratis.thirdparty.io.netty.util.concurrent.FastThreadLocalRunnable.run(FastThreadLocalRunnable.java:30)
	... 1 more
Caused by: java.net.ConnectException: Connection refused
	... 11 more
2019-09-03 12:40:23,656 [7fb19221-14f6-4c84-b51f-75149814f9ab:group-071C975CCF04:LeaderElection80] INFO  impl.RaftServerImpl (RaftServerImpl.java:setRole(171)) - 7fb19221-14f6-4c84-b51f-75149814f9ab:group-071C975CCF04 changes role from CANDIDATE to FOLLOWER at term 6 for DISCOVERED_A_NEW_TERM
2019-09-03 12:40:23,656 [7fb19221-14f6-4c84-b51f-75149814f9ab:group-071C975CCF04:LeaderElection80] INFO  impl.RoleInfo (RoleInfo.java:shutdownLeaderElection(134)) - 7fb19221-14f6-4c84-b51f-75149814f9ab: shutdown LeaderElection
2019-09-03 12:40:23,656 [7fb19221-14f6-4c84-b51f-75149814f9ab:group-071C975CCF04:LeaderElection80] INFO  impl.RoleInfo (RoleInfo.java:updateAndGet(143)) - 7fb19221-14f6-4c84-b51f-75149814f9ab: start FollowerState
2019-09-03 12:40:24,360 [EventQueue-StaleNodeForStaleNodeHandler] INFO  node.StaleNodeHandler (StaleNodeHandler.java:onMessage(58)) - Datanode 7fb19221-14f6-4c84-b51f-75149814f9ab{ip: 192.168.36.96, host: pr-hdds-1898-vtp6b-2341163797, networkLocation: /default-rack, certSerialId: null} moved to stale state. Finalizing its pipelines [PipelineID=a9b32830-0bd8-48a5-9fb1-071c975ccf04, PipelineID=9347989f-e640-4b10-aa5a-db13ad1cc9a3]
2019-09-03 12:40:24,361 [EventQueue-StaleNodeForStaleNodeHandler] INFO  pipeline.SCMPipelineManager (SCMPipelineManager.java:finalizeAndDestroyPipeline(311)) - destroying pipeline:Pipeline[ Id: a9b32830-0bd8-48a5-9fb1-071c975ccf04, Nodes: 3ef92ecc-28c5-4fad-842b-96b52fc10be7{ip: 192.168.36.96, host: pr-hdds-1898-vtp6b-2341163797, networkLocation: /default-rack, certSerialId: null}85506639-3fe0-42d5-8109-64e3968f1eaf{ip: 192.168.36.96, host: pr-hdds-1898-vtp6b-2341163797, networkLocation: /default-rack, certSerialId: null}7fb19221-14f6-4c84-b51f-75149814f9ab{ip: 192.168.36.96, host: pr-hdds-1898-vtp6b-2341163797, networkLocation: /default-rack, certSerialId: null}, Type:RATIS, Factor:THREE, State:CLOSED]
2019-09-03 12:40:24,361 [EventQueue-StaleNodeForStaleNodeHandler] INFO  pipeline.SCMPipelineManager (SCMPipelineManager.java:finalizeAndDestroyPipeline(311)) - destroying pipeline:Pipeline[ Id: 9347989f-e640-4b10-aa5a-db13ad1cc9a3, Nodes: 7fb19221-14f6-4c84-b51f-75149814f9ab{ip: 192.168.36.96, host: pr-hdds-1898-vtp6b-2341163797, networkLocation: /default-rack, certSerialId: null}, Type:RATIS, Factor:ONE, State:OPEN]
2019-09-03 12:40:24,361 [EventQueue-StaleNodeForStaleNodeHandler] INFO  pipeline.PipelineStateManager (PipelineStateManager.java:finalizePipeline(123)) - Pipeline Pipeline[ Id: 9347989f-e640-4b10-aa5a-db13ad1cc9a3, Nodes: 7fb19221-14f6-4c84-b51f-75149814f9ab{ip: 192.168.36.96, host: pr-hdds-1898-vtp6b-2341163797, networkLocation: /default-rack, certSerialId: null}, Type:RATIS, Factor:ONE, State:CLOSED] moved to CLOSED state
2019-09-03 12:40:24,661 [EventQueue-StaleNodeForStaleNodeHandler] INFO  node.StaleNodeHandler (StaleNodeHandler.java:onMessage(58)) - Datanode 63ca0b64-7077-4223-897f-e4014b1f8a21{ip: 192.168.36.96, host: pr-hdds-1898-vtp6b-2341163797, networkLocation: /default-rack, certSerialId: null} moved to stale state. Finalizing its pipelines [PipelineID=76d72f59-9706-4f1b-9b11-01973acd7629, PipelineID=56b91cb3-b4f7-4e32-9ee4-a464253fe348]
2019-09-03 12:40:24,661 [EventQueue-StaleNodeForStaleNodeHandler] INFO  pipeline.SCMPipelineManager (SCMPipelineManager.java:finalizeAndDestroyPipeline(311)) - destroying pipeline:Pipeline[ Id: 76d72f59-9706-4f1b-9b11-01973acd7629, Nodes: 63ca0b64-7077-4223-897f-e4014b1f8a21{ip: 192.168.36.96, host: pr-hdds-1898-vtp6b-2341163797, networkLocation: /default-rack, certSerialId: null}, Type:RATIS, Factor:ONE, State:OPEN]
2019-09-03 12:40:24,661 [EventQueue-StaleNodeForStaleNodeHandler] INFO  pipeline.PipelineStateManager (PipelineStateManager.java:finalizePipeline(123)) - Pipeline Pipeline[ Id: 76d72f59-9706-4f1b-9b11-01973acd7629, Nodes: 63ca0b64-7077-4223-897f-e4014b1f8a21{ip: 192.168.36.96, host: pr-hdds-1898-vtp6b-2341163797, networkLocation: /default-rack, certSerialId: null}, Type:RATIS, Factor:ONE, State:CLOSED] moved to CLOSED state
2019-09-03 12:40:24,661 [EventQueue-StaleNodeForStaleNodeHandler] INFO  pipeline.SCMPipelineManager (SCMPipelineManager.java:finalizeAndDestroyPipeline(311)) - destroying pipeline:Pipeline[ Id: 56b91cb3-b4f7-4e32-9ee4-a464253fe348, Nodes: 08cd99cc-9257-4a37-875f-07701f928046{ip: 192.168.36.96, host: pr-hdds-1898-vtp6b-2341163797, networkLocation: /default-rack, certSerialId: null}63ca0b64-7077-4223-897f-e4014b1f8a21{ip: 192.168.36.96, host: pr-hdds-1898-vtp6b-2341163797, networkLocation: /default-rack, certSerialId: null}c2e6ed46-8fd1-4958-8387-820c85525dba{ip: 192.168.36.96, host: pr-hdds-1898-vtp6b-2341163797, networkLocation: /default-rack, certSerialId: null}, Type:RATIS, Factor:THREE, State:CLOSED]
2019-09-03 12:40:24,938 [ForkJoinPool.commonPool-worker-1] INFO  ozoneimpl.OzoneContainer (OzoneContainer.java:stop(215)) - Attempting to stop container services.
2019-09-03 12:40:24,939 [ForkJoinPool.commonPool-worker-1] INFO  impl.RaftServerProxy (RaftServerProxy.java:lambda$close$4(314)) - 63ca0b64-7077-4223-897f-e4014b1f8a21: close
2019-09-03 12:40:24,939 [ForkJoinPool.commonPool-worker-1] INFO  impl.RaftServerImpl (RaftServerImpl.java:lambda$shutdown$3(245)) - 63ca0b64-7077-4223-897f-e4014b1f8a21: shutdown group-01973ACD7629
2019-09-03 12:40:24,940 [main] INFO  ozoneimpl.OzoneContainer (OzoneContainer.java:stop(215)) - Attempting to stop container services.
2019-09-03 12:40:24,940 [ForkJoinPool.commonPool-worker-1] INFO  util.JmxRegister (JmxRegister.java:unregister(73)) - Successfully un-registered JMX Bean with object name Ratis:service=RaftServer,group=group-01973ACD7629,id=63ca0b64-7077-4223-897f-e4014b1f8a21
2019-09-03 12:40:24,941 [main] INFO  impl.RaftServerProxy (RaftServerProxy.java:lambda$close$4(314)) - 7fb19221-14f6-4c84-b51f-75149814f9ab: close
2019-09-03 12:40:24,941 [ForkJoinPool.commonPool-worker-1] INFO  impl.RoleInfo (RoleInfo.java:shutdownLeaderState(104)) - 63ca0b64-7077-4223-897f-e4014b1f8a21: shutdown LeaderState
2019-09-03 12:40:24,941 [main] INFO  impl.RaftServerImpl (RaftServerImpl.java:lambda$shutdown$3(245)) - 7fb19221-14f6-4c84-b51f-75149814f9ab: shutdown group-071C975CCF04
2019-09-03 12:40:24,942 [ForkJoinPool.commonPool-worker-1] INFO  impl.PendingRequests (PendingRequests.java:sendNotLeaderResponses(202)) - 63ca0b64-7077-4223-897f-e4014b1f8a21-PendingRequests: sendNotLeaderResponses
2019-09-03 12:40:24,942 [main] INFO  util.JmxRegister (JmxRegister.java:unregister(73)) - Successfully un-registered JMX Bean with object name Ratis:service=RaftServer,group=group-071C975CCF04,id=7fb19221-14f6-4c84-b51f-75149814f9ab
2019-09-03 12:40:24,943 [ForkJoinPool.commonPool-worker-1] INFO  impl.StateMachineUpdater (StateMachineUpdater.java:stopAndJoin(115)) - StateMachineUpdater:63ca0b64-7077-4223-897f-e4014b1f8a21:group-01973ACD7629: set stopIndex = 0
2019-09-03 12:40:24,943 [main] INFO  impl.RoleInfo (RoleInfo.java:shutdownFollowerState(121)) - 7fb19221-14f6-4c84-b51f-75149814f9ab: shutdown FollowerState
2019-09-03 12:40:24,943 [ForkJoinPool.commonPool-worker-1] INFO  impl.RaftServerImpl (ServerState.java:close(394)) - 63ca0b64-7077-4223-897f-e4014b1f8a21:group-01973ACD7629 closes. The last applied log index is 0
2019-09-03 12:40:24,944 [StateMachineUpdater:7fb19221-14f6-4c84-b51f-75149814f9ab:group-071C975CCF04] INFO  ratis.ContainerStateMachine (ContainerStateMachine.java:takeSnapshot(284)) - group-071C975CCF04: Taking a snapshot at:(t:4, i:14) file /workdir/hadoop-ozone/integration-test/target/test-dir/MiniOzoneClusterImpl-5a0a076c-dbad-4ac8-abab-e3faa05d1f8c/datanode-6/data/ratis/a9b32830-0bd8-48a5-9fb1-071c975ccf04/sm/snapshot.4_14
2019-09-03 12:40:24,944 [Thread-3886] INFO  impl.FollowerState (FollowerState.java:run(114)) - 7fb19221-14f6-4c84-b51f-75149814f9ab: FollowerState was interrupted: java.lang.InterruptedException: sleep interrupted
2019-09-03 12:40:24,943 [main] INFO  impl.StateMachineUpdater (StateMachineUpdater.java:stopAndJoin(115)) - StateMachineUpdater:7fb19221-14f6-4c84-b51f-75149814f9ab:group-071C975CCF04: set stopIndex = 18
2019-09-03 12:40:24,947 [63ca0b64-7077-4223-897f-e4014b1f8a21-SegmentedRaftLogWorker:Storage Directory /workdir/hadoop-ozone/integration-test/target/test-dir/MiniOzoneClusterImpl-5a0a076c-dbad-4ac8-abab-e3faa05d1f8c/datanode-2/data/ratis/76d72f59-9706-4f1b-9b11-01973acd7629] INFO  segmented.SegmentedRaftLogWorker (SegmentedRaftLogWorker.java:run(313)) - 63ca0b64-7077-4223-897f-e4014b1f8a21-SegmentedRaftLogWorker:Storage Directory /workdir/hadoop-ozone/integration-test/target/test-dir/MiniOzoneClusterImpl-5a0a076c-dbad-4ac8-abab-e3faa05d1f8c/datanode-2/data/ratis/76d72f59-9706-4f1b-9b11-01973acd7629 was interrupted, exiting. There are 0 tasks remaining in the queue.
2019-09-03 12:40:24,949 [ForkJoinPool.commonPool-worker-1] INFO  segmented.SegmentedRaftLogWorker (SegmentedRaftLogWorker.java:close(228)) - 63ca0b64-7077-4223-897f-e4014b1f8a21-SegmentedRaftLogWorker:Storage Directory /workdir/hadoop-ozone/integration-test/target/test-dir/MiniOzoneClusterImpl-5a0a076c-dbad-4ac8-abab-e3faa05d1f8c/datanode-2/data/ratis/76d72f59-9706-4f1b-9b11-01973acd7629 close()
2019-09-03 12:40:24,952 [ForkJoinPool.commonPool-worker-1] INFO  impl.RaftServerImpl (RaftServerImpl.java:lambda$shutdown$3(245)) - 63ca0b64-7077-4223-897f-e4014b1f8a21: shutdown group-A464253FE348
2019-09-03 12:40:24,952 [ForkJoinPool.commonPool-worker-1] INFO  util.JmxRegister (JmxRegister.java:unregister(73)) - Successfully un-registered JMX Bean with object name Ratis:service=RaftServer,group=group-A464253FE348,id=63ca0b64-7077-4223-897f-e4014b1f8a21
2019-09-03 12:40:24,953 [ForkJoinPool.commonPool-worker-1] INFO  impl.RoleInfo (RoleInfo.java:shutdownFollowerState(121)) - 63ca0b64-7077-4223-897f-e4014b1f8a21: shutdown FollowerState
2019-09-03 12:40:24,953 [ForkJoinPool.commonPool-worker-1] INFO  impl.StateMachineUpdater (StateMachineUpdater.java:stopAndJoin(115)) - StateMachineUpdater:63ca0b64-7077-4223-897f-e4014b1f8a21:group-A464253FE348: set stopIndex = 16
2019-09-03 12:40:24,953 [Thread-3647] INFO  impl.FollowerState (FollowerState.java:run(114)) - 63ca0b64-7077-4223-897f-e4014b1f8a21: FollowerState was interrupted: java.lang.InterruptedException: sleep interrupted
2019-09-03 12:40:24,953 [StateMachineUpdater:63ca0b64-7077-4223-897f-e4014b1f8a21:group-A464253FE348] INFO  ratis.ContainerStateMachine (ContainerStateMachine.java:takeSnapshot(284)) - group-A464253FE348: Taking a snapshot at:(t:2, i:14) file /workdir/hadoop-ozone/integration-test/target/test-dir/MiniOzoneClusterImpl-5a0a076c-dbad-4ac8-abab-e3faa05d1f8c/datanode-2/data/ratis/56b91cb3-b4f7-4e32-9ee4-a464253fe348/sm/snapshot.2_14
2019-09-03 12:40:24,960 [StateMachineUpdater:7fb19221-14f6-4c84-b51f-75149814f9ab:group-071C975CCF04] INFO  ratis.ContainerStateMachine (ContainerStateMachine.java:takeSnapshot(295)) - group-071C975CCF04: Finished taking a snapshot at:(t:4, i:14) file:/workdir/hadoop-ozone/integration-test/target/test-dir/MiniOzoneClusterImpl-5a0a076c-dbad-4ac8-abab-e3faa05d1f8c/datanode-6/data/ratis/a9b32830-0bd8-48a5-9fb1-071c975ccf04/sm/snapshot.4_14 time:16
2019-09-03 12:40:24,960 [StateMachineUpdater:63ca0b64-7077-4223-897f-e4014b1f8a21:group-A464253FE348] INFO  ratis.ContainerStateMachine (ContainerStateMachine.java:takeSnapshot(295)) - group-A464253FE348: Finished taking a snapshot at:(t:2, i:14) file:/workdir/hadoop-ozone/integration-test/target/test-dir/MiniOzoneClusterImpl-5a0a076c-dbad-4ac8-abab-e3faa05d1f8c/datanode-2/data/ratis/56b91cb3-b4f7-4e32-9ee4-a464253fe348/sm/snapshot.2_14 time:7
2019-09-03 12:40:24,960 [StateMachineUpdater:63ca0b64-7077-4223-897f-e4014b1f8a21:group-A464253FE348] INFO  impl.StateMachineUpdater (StateMachineUpdater.java:takeSnapshot(242)) - StateMachineUpdater:63ca0b64-7077-4223-897f-e4014b1f8a21:group-A464253FE348: Took a snapshot at index 14
2019-09-03 12:40:24,960 [StateMachineUpdater:7fb19221-14f6-4c84-b51f-75149814f9ab:group-071C975CCF04] INFO  impl.StateMachineUpdater (StateMachineUpdater.java:takeSnapshot(242)) - StateMachineUpdater:7fb19221-14f6-4c84-b51f-75149814f9ab:group-071C975CCF04: Took a snapshot at index 14
2019-09-03 12:40:24,960 [StateMachineUpdater:63ca0b64-7077-4223-897f-e4014b1f8a21:group-A464253FE348] INFO  impl.StateMachineUpdater (StateMachineUpdater.java:lambda$new$0(80)) - StateMachineUpdater:63ca0b64-7077-4223-897f-e4014b1f8a21:group-A464253FE348: snapshotIndex: updateIncreasingly -1 -> 14
2019-09-03 12:40:24,961 [StateMachineUpdater:7fb19221-14f6-4c84-b51f-75149814f9ab:group-071C975CCF04] INFO  impl.StateMachineUpdater (StateMachineUpdater.java:lambda$new$0(80)) - StateMachineUpdater:7fb19221-14f6-4c84-b51f-75149814f9ab:group-071C975CCF04: snapshotIndex: updateIncreasingly -1 -> 14
2019-09-03 12:40:24,961 [main] INFO  impl.RaftServerImpl (ServerState.java:close(394)) - 7fb19221-14f6-4c84-b51f-75149814f9ab:group-071C975CCF04 closes. The last applied log index is 18
2019-09-03 12:40:24,961 [ForkJoinPool.commonPool-worker-1] INFO  impl.RaftServerImpl (ServerState.java:close(394)) - 63ca0b64-7077-4223-897f-e4014b1f8a21:group-A464253FE348 closes. The last applied log index is 16
2019-09-03 12:40:24,962 [7fb19221-14f6-4c84-b51f-75149814f9ab-SegmentedRaftLogWorker:Storage Directory /workdir/hadoop-ozone/integration-test/target/test-dir/MiniOzoneClusterImpl-5a0a076c-dbad-4ac8-abab-e3faa05d1f8c/datanode-6/data/ratis/a9b32830-0bd8-48a5-9fb1-071c975ccf04] INFO  segmented.SegmentedRaftLogWorker (SegmentedRaftLogWorker.java:run(313)) - 7fb19221-14f6-4c84-b51f-75149814f9ab-SegmentedRaftLogWorker:Storage Directory /workdir/hadoop-ozone/integration-test/target/test-dir/MiniOzoneClusterImpl-5a0a076c-dbad-4ac8-abab-e3faa05d1f8c/datanode-6/data/ratis/a9b32830-0bd8-48a5-9fb1-071c975ccf04 was interrupted, exiting. There are 0 tasks remaining in the queue.
2019-09-03 12:40:24,962 [63ca0b64-7077-4223-897f-e4014b1f8a21-SegmentedRaftLogWorker:Storage Directory /workdir/hadoop-ozone/integration-test/target/test-dir/MiniOzoneClusterImpl-5a0a076c-dbad-4ac8-abab-e3faa05d1f8c/datanode-2/data/ratis/56b91cb3-b4f7-4e32-9ee4-a464253fe348] INFO  segmented.SegmentedRaftLogWorker (SegmentedRaftLogWorker.java:run(313)) - 63ca0b64-7077-4223-897f-e4014b1f8a21-SegmentedRaftLogWorker:Storage Directory /workdir/hadoop-ozone/integration-test/target/test-dir/MiniOzoneClusterImpl-5a0a076c-dbad-4ac8-abab-e3faa05d1f8c/datanode-2/data/ratis/56b91cb3-b4f7-4e32-9ee4-a464253fe348 was interrupted, exiting. There are 0 tasks remaining in the queue.
2019-09-03 12:40:24,964 [main] INFO  segmented.SegmentedRaftLogWorker (SegmentedRaftLogWorker.java:close(228)) - 7fb19221-14f6-4c84-b51f-75149814f9ab-SegmentedRaftLogWorker:Storage Directory /workdir/hadoop-ozone/integration-test/target/test-dir/MiniOzoneClusterImpl-5a0a076c-dbad-4ac8-abab-e3faa05d1f8c/datanode-6/data/ratis/a9b32830-0bd8-48a5-9fb1-071c975ccf04 close()
2019-09-03 12:40:24,965 [ForkJoinPool.commonPool-worker-1] INFO  segmented.SegmentedRaftLogWorker (SegmentedRaftLogWorker.java:close(228)) - 63ca0b64-7077-4223-897f-e4014b1f8a21-SegmentedRaftLogWorker:Storage Directory /workdir/hadoop-ozone/integration-test/target/test-dir/MiniOzoneClusterImpl-5a0a076c-dbad-4ac8-abab-e3faa05d1f8c/datanode-2/data/ratis/56b91cb3-b4f7-4e32-9ee4-a464253fe348 close()
2019-09-03 12:40:24,968 [main] INFO  impl.RaftServerImpl (RaftServerImpl.java:lambda$shutdown$3(245)) - 7fb19221-14f6-4c84-b51f-75149814f9ab: shutdown group-DB13AD1CC9A3
2019-09-03 12:40:24,971 [ForkJoinPool.commonPool-worker-1] INFO  server.GrpcService (GrpcService.java:closeImpl(155)) - 63ca0b64-7077-4223-897f-e4014b1f8a21: shutdown server with port 36314 now
2019-09-03 12:40:24,971 [main] INFO  util.JmxRegister (JmxRegister.java:unregister(73)) - Successfully un-registered JMX Bean with object name Ratis:service=RaftServer,group=group-DB13AD1CC9A3,id=7fb19221-14f6-4c84-b51f-75149814f9ab
2019-09-03 12:40:24,972 [main] INFO  impl.RoleInfo (RoleInfo.java:shutdownLeaderState(104)) - 7fb19221-14f6-4c84-b51f-75149814f9ab: shutdown LeaderState
2019-09-03 12:40:24,972 [ForkJoinPool.commonPool-worker-1] INFO  server.GrpcService (GrpcService.java:closeImpl(163)) - 63ca0b64-7077-4223-897f-e4014b1f8a21: shutdown server with port 36314 successfully
2019-09-03 12:40:24,972 [main] INFO  impl.PendingRequests (PendingRequests.java:sendNotLeaderResponses(202)) - 7fb19221-14f6-4c84-b51f-75149814f9ab-PendingRequests: sendNotLeaderResponses
2019-09-03 12:40:24,973 [main] INFO  impl.StateMachineUpdater (StateMachineUpdater.java:stopAndJoin(115)) - StateMachineUpdater:7fb19221-14f6-4c84-b51f-75149814f9ab:group-DB13AD1CC9A3: set stopIndex = 0
2019-09-03 12:40:24,974 [main] INFO  impl.RaftServerImpl (ServerState.java:close(394)) - 7fb19221-14f6-4c84-b51f-75149814f9ab:group-DB13AD1CC9A3 closes. The last applied log index is 0
2019-09-03 12:40:24,975 [7fb19221-14f6-4c84-b51f-75149814f9ab-SegmentedRaftLogWorker:Storage Directory /workdir/hadoop-ozone/integration-test/target/test-dir/MiniOzoneClusterImpl-5a0a076c-dbad-4ac8-abab-e3faa05d1f8c/datanode-6/data/ratis/9347989f-e640-4b10-aa5a-db13ad1cc9a3] INFO  segmented.SegmentedRaftLogWorker (SegmentedRaftLogWorker.java:run(313)) - 7fb19221-14f6-4c84-b51f-75149814f9ab-SegmentedRaftLogWorker:Storage Directory /workdir/hadoop-ozone/integration-test/target/test-dir/MiniOzoneClusterImpl-5a0a076c-dbad-4ac8-abab-e3faa05d1f8c/datanode-6/data/ratis/9347989f-e640-4b10-aa5a-db13ad1cc9a3 was interrupted, exiting. There are 0 tasks remaining in the queue.
2019-09-03 12:40:24,976 [main] INFO  segmented.SegmentedRaftLogWorker (SegmentedRaftLogWorker.java:close(228)) - 7fb19221-14f6-4c84-b51f-75149814f9ab-SegmentedRaftLogWorker:Storage Directory /workdir/hadoop-ozone/integration-test/target/test-dir/MiniOzoneClusterImpl-5a0a076c-dbad-4ac8-abab-e3faa05d1f8c/datanode-6/data/ratis/9347989f-e640-4b10-aa5a-db13ad1cc9a3 close()
2019-09-03 12:40:24,985 [main] INFO  server.GrpcService (GrpcService.java:closeImpl(155)) - 7fb19221-14f6-4c84-b51f-75149814f9ab: shutdown server with port 44311 now
2019-09-03 12:40:24,985 [refreshUsed-/workdir/hadoop-ozone/integration-test/target/test-dir/MiniOzoneClusterImpl-5a0a076c-dbad-4ac8-abab-e3faa05d1f8c/datanode-2/data/containers] WARN  fs.CachingGetSpaceUsed (CachingGetSpaceUsed.java:run(183)) - Thread Interrupted waiting to refresh disk information: sleep interrupted
2019-09-03 12:40:24,986 [main] INFO  server.GrpcService (GrpcService.java:closeImpl(163)) - 7fb19221-14f6-4c84-b51f-75149814f9ab: shutdown server with port 44311 successfully
2019-09-03 12:40:24,989 [refreshUsed-/workdir/hadoop-ozone/integration-test/target/test-dir/MiniOzoneClusterImpl-5a0a076c-dbad-4ac8-abab-e3faa05d1f8c/datanode-6/data/containers] WARN  fs.CachingGetSpaceUsed (CachingGetSpaceUsed.java:run(183)) - Thread Interrupted waiting to refresh disk information: sleep interrupted
2019-09-03 12:40:25,006 [ForkJoinPool.commonPool-worker-1] INFO  utils.BackgroundService (BackgroundService.java:shutdown(148)) - Shutting down service BlockDeletingService
2019-09-03 12:40:25,006 [main] INFO  utils.BackgroundService (BackgroundService.java:shutdown(148)) - Shutting down service BlockDeletingService
2019-09-03 12:40:25,012 [ForkJoinPool.commonPool-worker-1] INFO  statemachine.DatanodeStateMachine (DatanodeStateMachine.java:stopDaemon(395)) - Ozone container server stopped.
2019-09-03 12:40:25,013 [main] INFO  statemachine.DatanodeStateMachine (DatanodeStateMachine.java:stopDaemon(395)) - Ozone container server stopped.
2019-09-03 12:40:25,018 [ForkJoinPool.commonPool-worker-1] INFO  handler.ContextHandler (ContextHandler.java:doStop(910)) - Stopped o.e.j.w.WebAppContext@46a8c2b4{/,null,UNAVAILABLE}{/hddsDatanode}
2019-09-03 12:40:25,018 [main] INFO  handler.ContextHandler (ContextHandler.java:doStop(910)) - Stopped o.e.j.w.WebAppContext@340afaf8{/,null,UNAVAILABLE}{/hddsDatanode}
2019-09-03 12:40:25,020 [ForkJoinPool.commonPool-worker-1] INFO  server.AbstractConnector (AbstractConnector.java:doStop(318)) - Stopped ServerConnector@4f664bee{HTTP/1.1,[http/1.1]}{0.0.0.0:0}
2019-09-03 12:40:25,020 [main] INFO  server.AbstractConnector (AbstractConnector.java:doStop(318)) - Stopped ServerConnector@6238d5e0{HTTP/1.1,[http/1.1]}{0.0.0.0:0}
2019-09-03 12:40:25,022 [ForkJoinPool.commonPool-worker-1] INFO  handler.ContextHandler (ContextHandler.java:doStop(910)) - Stopped o.e.j.s.ServletContextHandler@28b8f98a{/static,jar:file:/home/user/.m2/repository/org/apache/hadoop/hadoop-hdds-container-service/0.5.0-SNAPSHOT/hadoop-hdds-container-service-0.5.0-SNAPSHOT.jar!/webapps/static,UNAVAILABLE}
2019-09-03 12:40:25,022 [main] INFO  handler.ContextHandler (ContextHandler.java:doStop(910)) - Stopped o.e.j.s.ServletContextHandler@454bcbbf{/static,jar:file:/home/user/.m2/repository/org/apache/hadoop/hadoop-hdds-container-service/0.5.0-SNAPSHOT/hadoop-hdds-container-service-0.5.0-SNAPSHOT.jar!/webapps/static,UNAVAILABLE}
2019-09-03 12:40:25,023 [ForkJoinPool.commonPool-worker-1] INFO  handler.ContextHandler (ContextHandler.java:doStop(910)) - Stopped o.e.j.s.ServletContextHandler@2407a36c{/logs,file:///workdir/hadoop-ozone/integration-test/target/log,UNAVAILABLE}
2019-09-03 12:40:25,023 [main] INFO  handler.ContextHandler (ContextHandler.java:doStop(910)) - Stopped o.e.j.s.ServletContextHandler@20256a0b{/logs,file:///workdir/hadoop-ozone/integration-test/target/log,UNAVAILABLE}
2019-09-03 12:40:25,059 [Datanode State Machine Thread - 0] INFO  statemachine.DatanodeStateMachine (DatanodeStateMachine.java:lambda$startDaemon$0(350)) - Ozone container server started.
2019-09-03 12:40:25,690 [Datanode State Machine Thread - 0] INFO  statemachine.DatanodeStateMachine (DatanodeStateMachine.java:lambda$startDaemon$0(350)) - Ozone container server started.
2019-09-03 12:40:28,752 [Thread-3648] INFO  impl.FollowerState (FollowerState.java:run(106)) - c2e6ed46-8fd1-4958-8387-820c85525dba:group-A464253FE348 changes to CANDIDATE, lastRpcTime:8947, electionTimeout:5032ms
2019-09-03 12:40:28,752 [Thread-3648] INFO  impl.RoleInfo (RoleInfo.java:shutdownFollowerState(121)) - c2e6ed46-8fd1-4958-8387-820c85525dba: shutdown FollowerState
2019-09-03 12:40:28,752 [Thread-3648] INFO  impl.RaftServerImpl (RaftServerImpl.java:setRole(171)) - c2e6ed46-8fd1-4958-8387-820c85525dba:group-A464253FE348 changes role from FOLLOWER to CANDIDATE at term 2 for changeToCandidate
2019-09-03 12:40:28,752 [Thread-3648] INFO  impl.RoleInfo (RoleInfo.java:updateAndGet(143)) - c2e6ed46-8fd1-4958-8387-820c85525dba: start LeaderElection
2019-09-03 12:40:28,754 [c2e6ed46-8fd1-4958-8387-820c85525dba:group-A464253FE348:LeaderElection81] INFO  impl.RaftServerImpl (ServerState.java:setLeader(263)) - c2e6ed46-8fd1-4958-8387-820c85525dba:group-A464253FE348 change Leader from 08cd99cc-9257-4a37-875f-07701f928046 to null at term 2 for initElection
2019-09-03 12:40:28,796 [c2e6ed46-8fd1-4958-8387-820c85525dba:group-A464253FE348:LeaderElection81] INFO  impl.LeaderElection (LeaderElection.java:askForVotes(181)) - c2e6ed46-8fd1-4958-8387-820c85525dba:group-A464253FE348:LeaderElection81: begin an election at term 3 for 0: [63ca0b64-7077-4223-897f-e4014b1f8a21:192.168.36.96:36314, c2e6ed46-8fd1-4958-8387-820c85525dba:192.168.36.96:38815, 08cd99cc-9257-4a37-875f-07701f928046:192.168.36.96:37401], old=null
2019-09-03 12:40:28,798 [c2e6ed46-8fd1-4958-8387-820c85525dba:group-A464253FE348:LeaderElection81] INFO  impl.LeaderElection (LogUtils.java:infoOrTrace(149)) - c2e6ed46-8fd1-4958-8387-820c85525dba:group-A464253FE348:LeaderElection81 got exception when requesting votes: {}
java.util.concurrent.ExecutionException: org.apache.ratis.thirdparty.io.grpc.StatusRuntimeException: UNAVAILABLE: io exception
	at java.util.concurrent.FutureTask.report(FutureTask.java:122)
	at java.util.concurrent.FutureTask.get(FutureTask.java:192)
	at org.apache.ratis.server.impl.LeaderElection.waitForResults(LeaderElection.java:262)
	at org.apache.ratis.server.impl.LeaderElection.askForVotes(LeaderElection.java:200)
	at org.apache.ratis.server.impl.LeaderElection.run(LeaderElection.java:130)
	at java.lang.Thread.run(Thread.java:748)
Caused by: org.apache.ratis.thirdparty.io.grpc.StatusRuntimeException: UNAVAILABLE: io exception
	at org.apache.ratis.thirdparty.io.grpc.stub.ClientCalls.toStatusRuntimeException(ClientCalls.java:233)
	at org.apache.ratis.thirdparty.io.grpc.stub.ClientCalls.getUnchecked(ClientCalls.java:214)
	at org.apache.ratis.thirdparty.io.grpc.stub.ClientCalls.blockingUnaryCall(ClientCalls.java:139)
	at org.apache.ratis.proto.grpc.RaftServerProtocolServiceGrpc$RaftServerProtocolServiceBlockingStub.requestVote(RaftServerProtocolServiceGrpc.java:265)
	at org.apache.ratis.grpc.server.GrpcServerProtocolClient.requestVote(GrpcServerProtocolClient.java:83)
	at org.apache.ratis.grpc.server.GrpcService.requestVote(GrpcService.java:195)
	at org.apache.ratis.server.impl.LeaderElection.lambda$submitRequests$1(LeaderElection.java:237)
	at java.util.concurrent.FutureTask.run(FutureTask.java:266)
	at java.util.concurrent.Executors$RunnableAdapter.call(Executors.java:511)
	at java.util.concurrent.FutureTask.run(FutureTask.java:266)
	at java.util.concurrent.ThreadPoolExecutor.runWorker(ThreadPoolExecutor.java:1149)
	at java.util.concurrent.ThreadPoolExecutor$Worker.run(ThreadPoolExecutor.java:624)
	... 1 more
Caused by: org.apache.ratis.thirdparty.io.netty.channel.AbstractChannel$AnnotatedConnectException: Connection refused: /192.168.36.96:36314
	at sun.nio.ch.SocketChannelImpl.checkConnect(Native Method)
	at sun.nio.ch.SocketChannelImpl.finishConnect(SocketChannelImpl.java:717)
	at org.apache.ratis.thirdparty.io.netty.channel.socket.nio.NioSocketChannel.doFinishConnect(NioSocketChannel.java:327)
	at org.apache.ratis.thirdparty.io.netty.channel.nio.AbstractNioChannel$AbstractNioUnsafe.finishConnect(AbstractNioChannel.java:340)
	at org.apache.ratis.thirdparty.io.netty.channel.nio.NioEventLoop.processSelectedKey(NioEventLoop.java:632)
	at org.apache.ratis.thirdparty.io.netty.channel.nio.NioEventLoop.processSelectedKeysOptimized(NioEventLoop.java:579)
	at org.apache.ratis.thirdparty.io.netty.channel.nio.NioEventLoop.processSelectedKeys(NioEventLoop.java:496)
	at org.apache.ratis.thirdparty.io.netty.channel.nio.NioEventLoop.run(NioEventLoop.java:458)
	at org.apache.ratis.thirdparty.io.netty.util.concurrent.SingleThreadEventExecutor$5.run(SingleThreadEventExecutor.java:897)
	at org.apache.ratis.thirdparty.io.netty.util.concurrent.FastThreadLocalRunnable.run(FastThreadLocalRunnable.java:30)
	... 1 more
Caused by: java.net.ConnectException: Connection refused
	... 11 more
2019-09-03 12:40:28,800 [c2e6ed46-8fd1-4958-8387-820c85525dba:group-A464253FE348:LeaderElection81] INFO  impl.LeaderElection (LogUtils.java:infoOrTrace(149)) - c2e6ed46-8fd1-4958-8387-820c85525dba:group-A464253FE348:LeaderElection81 got exception when requesting votes: {}
java.util.concurrent.ExecutionException: org.apache.ratis.thirdparty.io.grpc.StatusRuntimeException: UNAVAILABLE: io exception
	at java.util.concurrent.FutureTask.report(FutureTask.java:122)
	at java.util.concurrent.FutureTask.get(FutureTask.java:192)
	at org.apache.ratis.server.impl.LeaderElection.waitForResults(LeaderElection.java:262)
	at org.apache.ratis.server.impl.LeaderElection.askForVotes(LeaderElection.java:200)
	at org.apache.ratis.server.impl.LeaderElection.run(LeaderElection.java:130)
	at java.lang.Thread.run(Thread.java:748)
Caused by: org.apache.ratis.thirdparty.io.grpc.StatusRuntimeException: UNAVAILABLE: io exception
	at org.apache.ratis.thirdparty.io.grpc.stub.ClientCalls.toStatusRuntimeException(ClientCalls.java:233)
	at org.apache.ratis.thirdparty.io.grpc.stub.ClientCalls.getUnchecked(ClientCalls.java:214)
	at org.apache.ratis.thirdparty.io.grpc.stub.ClientCalls.blockingUnaryCall(ClientCalls.java:139)
	at org.apache.ratis.proto.grpc.RaftServerProtocolServiceGrpc$RaftServerProtocolServiceBlockingStub.requestVote(RaftServerProtocolServiceGrpc.java:265)
	at org.apache.ratis.grpc.server.GrpcServerProtocolClient.requestVote(GrpcServerProtocolClient.java:83)
	at org.apache.ratis.grpc.server.GrpcService.requestVote(GrpcService.java:195)
	at org.apache.ratis.server.impl.LeaderElection.lambda$submitRequests$1(LeaderElection.java:237)
	at java.util.concurrent.FutureTask.run(FutureTask.java:266)
	at java.util.concurrent.Executors$RunnableAdapter.call(Executors.java:511)
	at java.util.concurrent.FutureTask.run(FutureTask.java:266)
	at java.util.concurrent.ThreadPoolExecutor.runWorker(ThreadPoolExecutor.java:1149)
	at java.util.concurrent.ThreadPoolExecutor$Worker.run(ThreadPoolExecutor.java:624)
	... 1 more
Caused by: org.apache.ratis.thirdparty.io.netty.channel.AbstractChannel$AnnotatedConnectException: Connection refused: /192.168.36.96:37401
	at sun.nio.ch.SocketChannelImpl.checkConnect(Native Method)
	at sun.nio.ch.SocketChannelImpl.finishConnect(SocketChannelImpl.java:717)
	at org.apache.ratis.thirdparty.io.netty.channel.socket.nio.NioSocketChannel.doFinishConnect(NioSocketChannel.java:327)
	at org.apache.ratis.thirdparty.io.netty.channel.nio.AbstractNioChannel$AbstractNioUnsafe.finishConnect(AbstractNioChannel.java:340)
	at org.apache.ratis.thirdparty.io.netty.channel.nio.NioEventLoop.processSelectedKey(NioEventLoop.java:632)
	at org.apache.ratis.thirdparty.io.netty.channel.nio.NioEventLoop.processSelectedKeysOptimized(NioEventLoop.java:579)
	at org.apache.ratis.thirdparty.io.netty.channel.nio.NioEventLoop.processSelectedKeys(NioEventLoop.java:496)
	at org.apache.ratis.thirdparty.io.netty.channel.nio.NioEventLoop.run(NioEventLoop.java:458)
	at org.apache.ratis.thirdparty.io.netty.util.concurrent.SingleThreadEventExecutor$5.run(SingleThreadEventExecutor.java:897)
	at org.apache.ratis.thirdparty.io.netty.util.concurrent.FastThreadLocalRunnable.run(FastThreadLocalRunnable.java:30)
	... 1 more
Caused by: java.net.ConnectException: Connection refused
	... 11 more
2019-09-03 12:40:28,801 [c2e6ed46-8fd1-4958-8387-820c85525dba:group-A464253FE348:LeaderElection81] INFO  impl.LeaderElection (LeaderElection.java:logAndReturn(56)) - c2e6ed46-8fd1-4958-8387-820c85525dba:group-A464253FE348:LeaderElection81: Election REJECTED; received 0 response(s) [] and 2 exception(s); c2e6ed46-8fd1-4958-8387-820c85525dba:t3, leader=null, voted=c2e6ed46-8fd1-4958-8387-820c85525dba, raftlog=c2e6ed46-8fd1-4958-8387-820c85525dba-SegmentedRaftLog:OPENED:c16,f16,i16, conf=0: [63ca0b64-7077-4223-897f-e4014b1f8a21:192.168.36.96:36314, c2e6ed46-8fd1-4958-8387-820c85525dba:192.168.36.96:38815, 08cd99cc-9257-4a37-875f-07701f928046:192.168.36.96:37401], old=null
2019-09-03 12:40:28,801 [c2e6ed46-8fd1-4958-8387-820c85525dba:group-A464253FE348:LeaderElection81] INFO  impl.LeaderElection (LogUtils.java:infoOrTrace(149)) -   Exception 0: {}
java.util.concurrent.ExecutionException: org.apache.ratis.thirdparty.io.grpc.StatusRuntimeException: UNAVAILABLE: io exception
	at java.util.concurrent.FutureTask.report(FutureTask.java:122)
	at java.util.concurrent.FutureTask.get(FutureTask.java:192)
	at org.apache.ratis.server.impl.LeaderElection.waitForResults(LeaderElection.java:262)
	at org.apache.ratis.server.impl.LeaderElection.askForVotes(LeaderElection.java:200)
	at org.apache.ratis.server.impl.LeaderElection.run(LeaderElection.java:130)
	at java.lang.Thread.run(Thread.java:748)
Caused by: org.apache.ratis.thirdparty.io.grpc.StatusRuntimeException: UNAVAILABLE: io exception
	at org.apache.ratis.thirdparty.io.grpc.stub.ClientCalls.toStatusRuntimeException(ClientCalls.java:233)
	at org.apache.ratis.thirdparty.io.grpc.stub.ClientCalls.getUnchecked(ClientCalls.java:214)
	at org.apache.ratis.thirdparty.io.grpc.stub.ClientCalls.blockingUnaryCall(ClientCalls.java:139)
	at org.apache.ratis.proto.grpc.RaftServerProtocolServiceGrpc$RaftServerProtocolServiceBlockingStub.requestVote(RaftServerProtocolServiceGrpc.java:265)
	at org.apache.ratis.grpc.server.GrpcServerProtocolClient.requestVote(GrpcServerProtocolClient.java:83)
	at org.apache.ratis.grpc.server.GrpcService.requestVote(GrpcService.java:195)
	at org.apache.ratis.server.impl.LeaderElection.lambda$submitRequests$1(LeaderElection.java:237)
	at java.util.concurrent.FutureTask.run(FutureTask.java:266)
	at java.util.concurrent.Executors$RunnableAdapter.call(Executors.java:511)
	at java.util.concurrent.FutureTask.run(FutureTask.java:266)
	at java.util.concurrent.ThreadPoolExecutor.runWorker(ThreadPoolExecutor.java:1149)
	at java.util.concurrent.ThreadPoolExecutor$Worker.run(ThreadPoolExecutor.java:624)
	... 1 more
Caused by: org.apache.ratis.thirdparty.io.netty.channel.AbstractChannel$AnnotatedConnectException: Connection refused: /192.168.36.96:36314
	at sun.nio.ch.SocketChannelImpl.checkConnect(Native Method)
	at sun.nio.ch.SocketChannelImpl.finishConnect(SocketChannelImpl.java:717)
	at org.apache.ratis.thirdparty.io.netty.channel.socket.nio.NioSocketChannel.doFinishConnect(NioSocketChannel.java:327)
	at org.apache.ratis.thirdparty.io.netty.channel.nio.AbstractNioChannel$AbstractNioUnsafe.finishConnect(AbstractNioChannel.java:340)
	at org.apache.ratis.thirdparty.io.netty.channel.nio.NioEventLoop.processSelectedKey(NioEventLoop.java:632)
	at org.apache.ratis.thirdparty.io.netty.channel.nio.NioEventLoop.processSelectedKeysOptimized(NioEventLoop.java:579)
	at org.apache.ratis.thirdparty.io.netty.channel.nio.NioEventLoop.processSelectedKeys(NioEventLoop.java:496)
	at org.apache.ratis.thirdparty.io.netty.channel.nio.NioEventLoop.run(NioEventLoop.java:458)
	at org.apache.ratis.thirdparty.io.netty.util.concurrent.SingleThreadEventExecutor$5.run(SingleThreadEventExecutor.java:897)
	at org.apache.ratis.thirdparty.io.netty.util.concurrent.FastThreadLocalRunnable.run(FastThreadLocalRunnable.java:30)
	... 1 more
Caused by: java.net.ConnectException: Connection refused
	... 11 more
2019-09-03 12:40:28,801 [c2e6ed46-8fd1-4958-8387-820c85525dba:group-A464253FE348:LeaderElection81] INFO  impl.LeaderElection (LogUtils.java:infoOrTrace(149)) -   Exception 1: {}
java.util.concurrent.ExecutionException: org.apache.ratis.thirdparty.io.grpc.StatusRuntimeException: UNAVAILABLE: io exception
	at java.util.concurrent.FutureTask.report(FutureTask.java:122)
	at java.util.concurrent.FutureTask.get(FutureTask.java:192)
	at org.apache.ratis.server.impl.LeaderElection.waitForResults(LeaderElection.java:262)
	at org.apache.ratis.server.impl.LeaderElection.askForVotes(LeaderElection.java:200)
	at org.apache.ratis.server.impl.LeaderElection.run(LeaderElection.java:130)
	at java.lang.Thread.run(Thread.java:748)
Caused by: org.apache.ratis.thirdparty.io.grpc.StatusRuntimeException: UNAVAILABLE: io exception
	at org.apache.ratis.thirdparty.io.grpc.stub.ClientCalls.toStatusRuntimeException(ClientCalls.java:233)
	at org.apache.ratis.thirdparty.io.grpc.stub.ClientCalls.getUnchecked(ClientCalls.java:214)
	at org.apache.ratis.thirdparty.io.grpc.stub.ClientCalls.blockingUnaryCall(ClientCalls.java:139)
	at org.apache.ratis.proto.grpc.RaftServerProtocolServiceGrpc$RaftServerProtocolServiceBlockingStub.requestVote(RaftServerProtocolServiceGrpc.java:265)
	at org.apache.ratis.grpc.server.GrpcServerProtocolClient.requestVote(GrpcServerProtocolClient.java:83)
	at org.apache.ratis.grpc.server.GrpcService.requestVote(GrpcService.java:195)
	at org.apache.ratis.server.impl.LeaderElection.lambda$submitRequests$1(LeaderElection.java:237)
	at java.util.concurrent.FutureTask.run(FutureTask.java:266)
	at java.util.concurrent.Executors$RunnableAdapter.call(Executors.java:511)
	at java.util.concurrent.FutureTask.run(FutureTask.java:266)
	at java.util.concurrent.ThreadPoolExecutor.runWorker(ThreadPoolExecutor.java:1149)
	at java.util.concurrent.ThreadPoolExecutor$Worker.run(ThreadPoolExecutor.java:624)
	... 1 more
Caused by: org.apache.ratis.thirdparty.io.netty.channel.AbstractChannel$AnnotatedConnectException: Connection refused: /192.168.36.96:37401
	at sun.nio.ch.SocketChannelImpl.checkConnect(Native Method)
	at sun.nio.ch.SocketChannelImpl.finishConnect(SocketChannelImpl.java:717)
	at org.apache.ratis.thirdparty.io.netty.channel.socket.nio.NioSocketChannel.doFinishConnect(NioSocketChannel.java:327)
	at org.apache.ratis.thirdparty.io.netty.channel.nio.AbstractNioChannel$AbstractNioUnsafe.finishConnect(AbstractNioChannel.java:340)
	at org.apache.ratis.thirdparty.io.netty.channel.nio.NioEventLoop.processSelectedKey(NioEventLoop.java:632)
	at org.apache.ratis.thirdparty.io.netty.channel.nio.NioEventLoop.processSelectedKeysOptimized(NioEventLoop.java:579)
	at org.apache.ratis.thirdparty.io.netty.channel.nio.NioEventLoop.processSelectedKeys(NioEventLoop.java:496)
	at org.apache.ratis.thirdparty.io.netty.channel.nio.NioEventLoop.run(NioEventLoop.java:458)
	at org.apache.ratis.thirdparty.io.netty.util.concurrent.SingleThreadEventExecutor$5.run(SingleThreadEventExecutor.java:897)
	at org.apache.ratis.thirdparty.io.netty.util.concurrent.FastThreadLocalRunnable.run(FastThreadLocalRunnable.java:30)
	... 1 more
Caused by: java.net.ConnectException: Connection refused
	... 11 more
2019-09-03 12:40:28,801 [c2e6ed46-8fd1-4958-8387-820c85525dba:group-A464253FE348:LeaderElection81] INFO  impl.RaftServerImpl (RaftServerImpl.java:setRole(171)) - c2e6ed46-8fd1-4958-8387-820c85525dba:group-A464253FE348 changes role from CANDIDATE to FOLLOWER at term 3 for DISCOVERED_A_NEW_TERM
2019-09-03 12:40:28,801 [c2e6ed46-8fd1-4958-8387-820c85525dba:group-A464253FE348:LeaderElection81] INFO  impl.RoleInfo (RoleInfo.java:shutdownLeaderElection(134)) - c2e6ed46-8fd1-4958-8387-820c85525dba: shutdown LeaderElection
2019-09-03 12:40:28,802 [c2e6ed46-8fd1-4958-8387-820c85525dba:group-A464253FE348:LeaderElection81] INFO  impl.RoleInfo (RoleInfo.java:updateAndGet(143)) - c2e6ed46-8fd1-4958-8387-820c85525dba: start FollowerState
2019-09-03 12:40:29,067 [EventQueue-StaleNodeForStaleNodeHandler] INFO  node.StaleNodeHandler (StaleNodeHandler.java:onMessage(58)) - Datanode 739637a6-1a7a-40a1-9664-4717da00b6f7{ip: 192.168.36.96, host: pr-hdds-1898-vtp6b-2341163797, networkLocation: /default-rack, certSerialId: null} moved to stale state. Finalizing its pipelines [PipelineID=31010b94-23a6-44e0-b2b5-ffcca6973883]
2019-09-03 12:40:29,067 [EventQueue-StaleNodeForStaleNodeHandler] INFO  pipeline.SCMPipelineManager (SCMPipelineManager.java:finalizeAndDestroyPipeline(311)) - destroying pipeline:Pipeline[ Id: 31010b94-23a6-44e0-b2b5-ffcca6973883, Nodes: 739637a6-1a7a-40a1-9664-4717da00b6f7{ip: 192.168.36.96, host: pr-hdds-1898-vtp6b-2341163797, networkLocation: /default-rack, certSerialId: null}, Type:RATIS, Factor:ONE, State:OPEN]
2019-09-03 12:40:29,067 [EventQueue-StaleNodeForStaleNodeHandler] INFO  pipeline.PipelineStateManager (PipelineStateManager.java:finalizePipeline(123)) - Pipeline Pipeline[ Id: 31010b94-23a6-44e0-b2b5-ffcca6973883, Nodes: 739637a6-1a7a-40a1-9664-4717da00b6f7{ip: 192.168.36.96, host: pr-hdds-1898-vtp6b-2341163797, networkLocation: /default-rack, certSerialId: null}, Type:RATIS, Factor:ONE, State:CLOSED] moved to CLOSED state
2019-09-03 12:40:29,768 [EventQueue-StaleNodeForStaleNodeHandler] INFO  node.StaleNodeHandler (StaleNodeHandler.java:onMessage(58)) - Datanode c2e6ed46-8fd1-4958-8387-820c85525dba{ip: 192.168.36.96, host: pr-hdds-1898-vtp6b-2341163797, networkLocation: /default-rack, certSerialId: null} moved to stale state. Finalizing its pipelines [PipelineID=e8877830-d410-421a-b6d9-433b733249ed, PipelineID=56b91cb3-b4f7-4e32-9ee4-a464253fe348]
2019-09-03 12:40:29,768 [EventQueue-StaleNodeForStaleNodeHandler] INFO  pipeline.SCMPipelineManager (SCMPipelineManager.java:finalizeAndDestroyPipeline(311)) - destroying pipeline:Pipeline[ Id: e8877830-d410-421a-b6d9-433b733249ed, Nodes: c2e6ed46-8fd1-4958-8387-820c85525dba{ip: 192.168.36.96, host: pr-hdds-1898-vtp6b-2341163797, networkLocation: /default-rack, certSerialId: null}, Type:RATIS, Factor:ONE, State:OPEN]
2019-09-03 12:40:29,768 [EventQueue-StaleNodeForStaleNodeHandler] INFO  pipeline.PipelineStateManager (PipelineStateManager.java:finalizePipeline(123)) - Pipeline Pipeline[ Id: e8877830-d410-421a-b6d9-433b733249ed, Nodes: c2e6ed46-8fd1-4958-8387-820c85525dba{ip: 192.168.36.96, host: pr-hdds-1898-vtp6b-2341163797, networkLocation: /default-rack, certSerialId: null}, Type:RATIS, Factor:ONE, State:CLOSED] moved to CLOSED state
2019-09-03 12:40:29,768 [EventQueue-StaleNodeForStaleNodeHandler] INFO  pipeline.SCMPipelineManager (SCMPipelineManager.java:finalizeAndDestroyPipeline(311)) - destroying pipeline:Pipeline[ Id: 56b91cb3-b4f7-4e32-9ee4-a464253fe348, Nodes: 08cd99cc-9257-4a37-875f-07701f928046{ip: 192.168.36.96, host: pr-hdds-1898-vtp6b-2341163797, networkLocation: /default-rack, certSerialId: null}63ca0b64-7077-4223-897f-e4014b1f8a21{ip: 192.168.36.96, host: pr-hdds-1898-vtp6b-2341163797, networkLocation: /default-rack, certSerialId: null}c2e6ed46-8fd1-4958-8387-820c85525dba{ip: 192.168.36.96, host: pr-hdds-1898-vtp6b-2341163797, networkLocation: /default-rack, certSerialId: null}, Type:RATIS, Factor:THREE, State:CLOSED]
2019-09-03 12:40:30,026 [main] INFO  ozoneimpl.OzoneContainer (OzoneContainer.java:stop(215)) - Attempting to stop container services.
2019-09-03 12:40:30,026 [ForkJoinPool.commonPool-worker-1] INFO  ozoneimpl.OzoneContainer (OzoneContainer.java:stop(215)) - Attempting to stop container services.
2019-09-03 12:40:30,026 [main] INFO  impl.RaftServerProxy (RaftServerProxy.java:lambda$close$4(314)) - c2e6ed46-8fd1-4958-8387-820c85525dba: close
2019-09-03 12:40:30,027 [ForkJoinPool.commonPool-worker-1] INFO  impl.RaftServerProxy (RaftServerProxy.java:lambda$close$4(314)) - 739637a6-1a7a-40a1-9664-4717da00b6f7: close
2019-09-03 12:40:30,027 [main] INFO  impl.RaftServerImpl (RaftServerImpl.java:lambda$shutdown$3(245)) - c2e6ed46-8fd1-4958-8387-820c85525dba: shutdown group-433B733249ED
2019-09-03 12:40:30,027 [ForkJoinPool.commonPool-worker-1] INFO  impl.RaftServerImpl (RaftServerImpl.java:lambda$shutdown$3(245)) - 739637a6-1a7a-40a1-9664-4717da00b6f7: shutdown group-FFCCA6973883
2019-09-03 12:40:30,028 [main] INFO  util.JmxRegister (JmxRegister.java:unregister(73)) - Successfully un-registered JMX Bean with object name Ratis:service=RaftServer,group=group-433B733249ED,id=c2e6ed46-8fd1-4958-8387-820c85525dba
2019-09-03 12:40:30,028 [ForkJoinPool.commonPool-worker-1] INFO  util.JmxRegister (JmxRegister.java:unregister(73)) - Successfully un-registered JMX Bean with object name Ratis:service=RaftServer,group=group-FFCCA6973883,id=739637a6-1a7a-40a1-9664-4717da00b6f7
2019-09-03 12:40:30,028 [main] INFO  impl.RoleInfo (RoleInfo.java:shutdownLeaderState(104)) - c2e6ed46-8fd1-4958-8387-820c85525dba: shutdown LeaderState
2019-09-03 12:40:30,028 [ForkJoinPool.commonPool-worker-1] INFO  impl.RoleInfo (RoleInfo.java:shutdownLeaderState(104)) - 739637a6-1a7a-40a1-9664-4717da00b6f7: shutdown LeaderState
2019-09-03 12:40:30,029 [main] INFO  impl.PendingRequests (PendingRequests.java:sendNotLeaderResponses(202)) - c2e6ed46-8fd1-4958-8387-820c85525dba-PendingRequests: sendNotLeaderResponses
2019-09-03 12:40:30,029 [ForkJoinPool.commonPool-worker-1] INFO  impl.PendingRequests (PendingRequests.java:sendNotLeaderResponses(202)) - 739637a6-1a7a-40a1-9664-4717da00b6f7-PendingRequests: sendNotLeaderResponses
2019-09-03 12:40:30,030 [main] INFO  impl.StateMachineUpdater (StateMachineUpdater.java:stopAndJoin(115)) - StateMachineUpdater:c2e6ed46-8fd1-4958-8387-820c85525dba:group-433B733249ED: set stopIndex = 0
2019-09-03 12:40:30,030 [ForkJoinPool.commonPool-worker-1] INFO  impl.StateMachineUpdater (StateMachineUpdater.java:stopAndJoin(115)) - StateMachineUpdater:739637a6-1a7a-40a1-9664-4717da00b6f7:group-FFCCA6973883: set stopIndex = 0
2019-09-03 12:40:30,030 [main] INFO  impl.RaftServerImpl (ServerState.java:close(394)) - c2e6ed46-8fd1-4958-8387-820c85525dba:group-433B733249ED closes. The last applied log index is 0
2019-09-03 12:40:30,031 [ForkJoinPool.commonPool-worker-1] INFO  impl.RaftServerImpl (ServerState.java:close(394)) - 739637a6-1a7a-40a1-9664-4717da00b6f7:group-FFCCA6973883 closes. The last applied log index is 0
2019-09-03 12:40:30,031 [c2e6ed46-8fd1-4958-8387-820c85525dba-SegmentedRaftLogWorker:Storage Directory /workdir/hadoop-ozone/integration-test/target/test-dir/MiniOzoneClusterImpl-5a0a076c-dbad-4ac8-abab-e3faa05d1f8c/datanode-5/data/ratis/e8877830-d410-421a-b6d9-433b733249ed] INFO  segmented.SegmentedRaftLogWorker (SegmentedRaftLogWorker.java:run(313)) - c2e6ed46-8fd1-4958-8387-820c85525dba-SegmentedRaftLogWorker:Storage Directory /workdir/hadoop-ozone/integration-test/target/test-dir/MiniOzoneClusterImpl-5a0a076c-dbad-4ac8-abab-e3faa05d1f8c/datanode-5/data/ratis/e8877830-d410-421a-b6d9-433b733249ed was interrupted, exiting. There are 0 tasks remaining in the queue.
2019-09-03 12:40:30,031 [739637a6-1a7a-40a1-9664-4717da00b6f7-SegmentedRaftLogWorker:Storage Directory /workdir/hadoop-ozone/integration-test/target/test-dir/MiniOzoneClusterImpl-5a0a076c-dbad-4ac8-abab-e3faa05d1f8c/datanode-0/data/ratis/31010b94-23a6-44e0-b2b5-ffcca6973883] INFO  segmented.SegmentedRaftLogWorker (SegmentedRaftLogWorker.java:run(313)) - 739637a6-1a7a-40a1-9664-4717da00b6f7-SegmentedRaftLogWorker:Storage Directory /workdir/hadoop-ozone/integration-test/target/test-dir/MiniOzoneClusterImpl-5a0a076c-dbad-4ac8-abab-e3faa05d1f8c/datanode-0/data/ratis/31010b94-23a6-44e0-b2b5-ffcca6973883 was interrupted, exiting. There are 0 tasks remaining in the queue.
2019-09-03 12:40:30,032 [main] INFO  segmented.SegmentedRaftLogWorker (SegmentedRaftLogWorker.java:close(228)) - c2e6ed46-8fd1-4958-8387-820c85525dba-SegmentedRaftLogWorker:Storage Directory /workdir/hadoop-ozone/integration-test/target/test-dir/MiniOzoneClusterImpl-5a0a076c-dbad-4ac8-abab-e3faa05d1f8c/datanode-5/data/ratis/e8877830-d410-421a-b6d9-433b733249ed close()
2019-09-03 12:40:30,032 [ForkJoinPool.commonPool-worker-1] INFO  segmented.SegmentedRaftLogWorker (SegmentedRaftLogWorker.java:close(228)) - 739637a6-1a7a-40a1-9664-4717da00b6f7-SegmentedRaftLogWorker:Storage Directory /workdir/hadoop-ozone/integration-test/target/test-dir/MiniOzoneClusterImpl-5a0a076c-dbad-4ac8-abab-e3faa05d1f8c/datanode-0/data/ratis/31010b94-23a6-44e0-b2b5-ffcca6973883 close()
2019-09-03 12:40:30,034 [main] INFO  impl.RaftServerImpl (RaftServerImpl.java:lambda$shutdown$3(245)) - c2e6ed46-8fd1-4958-8387-820c85525dba: shutdown group-A464253FE348
2019-09-03 12:40:30,036 [ForkJoinPool.commonPool-worker-1] INFO  server.GrpcService (GrpcService.java:closeImpl(155)) - 739637a6-1a7a-40a1-9664-4717da00b6f7: shutdown server with port 39276 now
2019-09-03 12:40:30,037 [main] INFO  util.JmxRegister (JmxRegister.java:unregister(73)) - Successfully un-registered JMX Bean with object name Ratis:service=RaftServer,group=group-A464253FE348,id=c2e6ed46-8fd1-4958-8387-820c85525dba
2019-09-03 12:40:30,037 [ForkJoinPool.commonPool-worker-1] INFO  server.GrpcService (GrpcService.java:closeImpl(163)) - 739637a6-1a7a-40a1-9664-4717da00b6f7: shutdown server with port 39276 successfully
2019-09-03 12:40:30,037 [main] INFO  impl.RoleInfo (RoleInfo.java:shutdownFollowerState(121)) - c2e6ed46-8fd1-4958-8387-820c85525dba: shutdown FollowerState
2019-09-03 12:40:30,038 [main] INFO  impl.StateMachineUpdater (StateMachineUpdater.java:stopAndJoin(115)) - StateMachineUpdater:c2e6ed46-8fd1-4958-8387-820c85525dba:group-A464253FE348: set stopIndex = 16
2019-09-03 12:40:30,038 [Thread-3891] INFO  impl.FollowerState (FollowerState.java:run(114)) - c2e6ed46-8fd1-4958-8387-820c85525dba: FollowerState was interrupted: java.lang.InterruptedException: sleep interrupted
2019-09-03 12:40:30,038 [StateMachineUpdater:c2e6ed46-8fd1-4958-8387-820c85525dba:group-A464253FE348] INFO  ratis.ContainerStateMachine (ContainerStateMachine.java:takeSnapshot(284)) - group-A464253FE348: Taking a snapshot at:(t:2, i:14) file /workdir/hadoop-ozone/integration-test/target/test-dir/MiniOzoneClusterImpl-5a0a076c-dbad-4ac8-abab-e3faa05d1f8c/datanode-5/data/ratis/56b91cb3-b4f7-4e32-9ee4-a464253fe348/sm/snapshot.2_14
2019-09-03 12:40:30,041 [refreshUsed-/workdir/hadoop-ozone/integration-test/target/test-dir/MiniOzoneClusterImpl-5a0a076c-dbad-4ac8-abab-e3faa05d1f8c/datanode-0/data/containers] WARN  fs.CachingGetSpaceUsed (CachingGetSpaceUsed.java:run(183)) - Thread Interrupted waiting to refresh disk information: sleep interrupted
2019-09-03 12:40:30,048 [StateMachineUpdater:c2e6ed46-8fd1-4958-8387-820c85525dba:group-A464253FE348] INFO  ratis.ContainerStateMachine (ContainerStateMachine.java:takeSnapshot(295)) - group-A464253FE348: Finished taking a snapshot at:(t:2, i:14) file:/workdir/hadoop-ozone/integration-test/target/test-dir/MiniOzoneClusterImpl-5a0a076c-dbad-4ac8-abab-e3faa05d1f8c/datanode-5/data/ratis/56b91cb3-b4f7-4e32-9ee4-a464253fe348/sm/snapshot.2_14 time:10
2019-09-03 12:40:30,048 [StateMachineUpdater:c2e6ed46-8fd1-4958-8387-820c85525dba:group-A464253FE348] INFO  impl.StateMachineUpdater (StateMachineUpdater.java:takeSnapshot(242)) - StateMachineUpdater:c2e6ed46-8fd1-4958-8387-820c85525dba:group-A464253FE348: Took a snapshot at index 14
2019-09-03 12:40:30,049 [StateMachineUpdater:c2e6ed46-8fd1-4958-8387-820c85525dba:group-A464253FE348] INFO  impl.StateMachineUpdater (StateMachineUpdater.java:lambda$new$0(80)) - StateMachineUpdater:c2e6ed46-8fd1-4958-8387-820c85525dba:group-A464253FE348: snapshotIndex: updateIncreasingly -1 -> 14
2019-09-03 12:40:30,049 [main] INFO  impl.RaftServerImpl (ServerState.java:close(394)) - c2e6ed46-8fd1-4958-8387-820c85525dba:group-A464253FE348 closes. The last applied log index is 16
2019-09-03 12:40:30,050 [c2e6ed46-8fd1-4958-8387-820c85525dba-SegmentedRaftLogWorker:Storage Directory /workdir/hadoop-ozone/integration-test/target/test-dir/MiniOzoneClusterImpl-5a0a076c-dbad-4ac8-abab-e3faa05d1f8c/datanode-5/data/ratis/56b91cb3-b4f7-4e32-9ee4-a464253fe348] INFO  segmented.SegmentedRaftLogWorker (SegmentedRaftLogWorker.java:run(313)) - c2e6ed46-8fd1-4958-8387-820c85525dba-SegmentedRaftLogWorker:Storage Directory /workdir/hadoop-ozone/integration-test/target/test-dir/MiniOzoneClusterImpl-5a0a076c-dbad-4ac8-abab-e3faa05d1f8c/datanode-5/data/ratis/56b91cb3-b4f7-4e32-9ee4-a464253fe348 was interrupted, exiting. There are 0 tasks remaining in the queue.
2019-09-03 12:40:30,050 [main] INFO  segmented.SegmentedRaftLogWorker (SegmentedRaftLogWorker.java:close(228)) - c2e6ed46-8fd1-4958-8387-820c85525dba-SegmentedRaftLogWorker:Storage Directory /workdir/hadoop-ozone/integration-test/target/test-dir/MiniOzoneClusterImpl-5a0a076c-dbad-4ac8-abab-e3faa05d1f8c/datanode-5/data/ratis/56b91cb3-b4f7-4e32-9ee4-a464253fe348 close()
2019-09-03 12:40:30,052 [main] INFO  server.GrpcService (GrpcService.java:closeImpl(155)) - c2e6ed46-8fd1-4958-8387-820c85525dba: shutdown server with port 38815 now
2019-09-03 12:40:30,052 [main] INFO  server.GrpcService (GrpcService.java:closeImpl(163)) - c2e6ed46-8fd1-4958-8387-820c85525dba: shutdown server with port 38815 successfully
2019-09-03 12:40:30,054 [refreshUsed-/workdir/hadoop-ozone/integration-test/target/test-dir/MiniOzoneClusterImpl-5a0a076c-dbad-4ac8-abab-e3faa05d1f8c/datanode-5/data/containers] WARN  fs.CachingGetSpaceUsed (CachingGetSpaceUsed.java:run(183)) - Thread Interrupted waiting to refresh disk information: sleep interrupted
2019-09-03 12:40:30,062 [ForkJoinPool.commonPool-worker-1] INFO  utils.BackgroundService (BackgroundService.java:shutdown(148)) - Shutting down service BlockDeletingService
2019-09-03 12:40:30,065 [ForkJoinPool.commonPool-worker-1] INFO  statemachine.DatanodeStateMachine (DatanodeStateMachine.java:stopDaemon(395)) - Ozone container server stopped.
2019-09-03 12:40:30,068 [ForkJoinPool.commonPool-worker-1] INFO  handler.ContextHandler (ContextHandler.java:doStop(910)) - Stopped o.e.j.w.WebAppContext@6d7ad0f5{/,null,UNAVAILABLE}{/hddsDatanode}
2019-09-03 12:40:30,069 [ForkJoinPool.commonPool-worker-1] INFO  server.AbstractConnector (AbstractConnector.java:doStop(318)) - Stopped ServerConnector@30abf79c{HTTP/1.1,[http/1.1]}{0.0.0.0:0}
2019-09-03 12:40:30,072 [ForkJoinPool.commonPool-worker-1] INFO  handler.ContextHandler (ContextHandler.java:doStop(910)) - Stopped o.e.j.s.ServletContextHandler@cdb3c85{/static,jar:file:/home/user/.m2/repository/org/apache/hadoop/hadoop-hdds-container-service/0.5.0-SNAPSHOT/hadoop-hdds-container-service-0.5.0-SNAPSHOT.jar!/webapps/static,UNAVAILABLE}
2019-09-03 12:40:30,073 [ForkJoinPool.commonPool-worker-1] INFO  handler.ContextHandler (ContextHandler.java:doStop(910)) - Stopped o.e.j.s.ServletContextHandler@20349058{/logs,file:///workdir/hadoop-ozone/integration-test/target/log,UNAVAILABLE}
2019-09-03 12:40:30,079 [main] INFO  utils.BackgroundService (BackgroundService.java:shutdown(148)) - Shutting down service BlockDeletingService
2019-09-03 12:40:30,083 [main] INFO  statemachine.DatanodeStateMachine (DatanodeStateMachine.java:stopDaemon(395)) - Ozone container server stopped.
2019-09-03 12:40:30,084 [main] INFO  handler.ContextHandler (ContextHandler.java:doStop(910)) - Stopped o.e.j.w.WebAppContext@7b9e25bd{/,null,UNAVAILABLE}{/hddsDatanode}
2019-09-03 12:40:30,084 [main] INFO  server.AbstractConnector (AbstractConnector.java:doStop(318)) - Stopped ServerConnector@2d206a71{HTTP/1.1,[http/1.1]}{0.0.0.0:0}
2019-09-03 12:40:30,085 [main] INFO  handler.ContextHandler (ContextHandler.java:doStop(910)) - Stopped o.e.j.s.ServletContextHandler@3e53c4ad{/static,jar:file:/home/user/.m2/repository/org/apache/hadoop/hadoop-hdds-container-service/0.5.0-SNAPSHOT/hadoop-hdds-container-service-0.5.0-SNAPSHOT.jar!/webapps/static,UNAVAILABLE}
2019-09-03 12:40:30,085 [main] INFO  handler.ContextHandler (ContextHandler.java:doStop(910)) - Stopped o.e.j.s.ServletContextHandler@33324c05{/logs,file:///workdir/hadoop-ozone/integration-test/target/log,UNAVAILABLE}
2019-09-03 12:40:30,086 [main] INFO  ozone.MiniOzoneClusterImpl (MiniOzoneClusterImpl.java:stop(339)) - Stopping the StorageContainerManager
2019-09-03 12:40:30,087 [main] INFO  server.StorageContainerManager (StorageContainerManager.java:stop(797)) - Stopping Replication Manager Service.
2019-09-03 12:40:30,087 [main] INFO  container.ReplicationManager (ReplicationManager.java:stop(203)) - Stopping Replication Monitor Thread.
2019-09-03 12:40:30,087 [main] INFO  server.StorageContainerManager (StorageContainerManager.java:stop(804)) - Stopping Lease Manager of the command watchers
2019-09-03 12:40:30,087 [main] INFO  server.StorageContainerManager (StorageContainerManager.java:stop(811)) - Stopping datanode service RPC server
2019-09-03 12:40:30,087 [main] INFO  server.SCMDatanodeProtocolServer (SCMDatanodeProtocolServer.java:stop(367)) - Stopping the RPC server for DataNodes
2019-09-03 12:40:30,088 [main] INFO  ipc.Server (Server.java:stop(3082)) - Stopping server on 46379
2019-09-03 12:40:30,090 [IPC Server listener on 46379] INFO  ipc.Server (Server.java:run(1185)) - Stopping IPC Server listener on 46379
2019-09-03 12:40:30,091 [IPC Server Responder] INFO  ipc.Server (Server.java:run(1319)) - Stopping IPC Server Responder
2019-09-03 12:40:30,168 [SCM Heartbeat Processing Thread - 0] WARN  node.NodeStateManager (NodeStateManager.java:scheduleNextHealthCheck(646)) - Current Thread is interrupted, shutting down HB processing thread for Node Manager.
2019-09-03 12:40:30,169 [main] INFO  server.StorageContainerManager (StorageContainerManager.java:stop(819)) - Stopping block service RPC server
2019-09-03 12:40:30,169 [main] INFO  server.SCMBlockProtocolServer (SCMBlockProtocolServer.java:stop(155)) - Stopping the RPC server for Block Protocol
2019-09-03 12:40:30,169 [main] INFO  ipc.Server (Server.java:stop(3082)) - Stopping server on 37330
2019-09-03 12:40:30,172 [main] INFO  server.StorageContainerManager (StorageContainerManager.java:stop(826)) - Stopping the StorageContainerLocationProtocol RPC server
2019-09-03 12:40:30,172 [IPC Server listener on 37330] INFO  ipc.Server (Server.java:run(1185)) - Stopping IPC Server listener on 37330
2019-09-03 12:40:30,172 [IPC Server Responder] INFO  ipc.Server (Server.java:run(1319)) - Stopping IPC Server Responder
2019-09-03 12:40:30,172 [main] INFO  server.SCMClientProtocolServer (SCMClientProtocolServer.java:stop(159)) - Stopping the RPC server for Client Protocol
2019-09-03 12:40:30,173 [main] INFO  ipc.Server (Server.java:stop(3082)) - Stopping server on 38521
2019-09-03 12:40:30,176 [IPC Server listener on 38521] INFO  ipc.Server (Server.java:run(1185)) - Stopping IPC Server listener on 38521
2019-09-03 12:40:30,176 [IPC Server Responder] INFO  ipc.Server (Server.java:run(1319)) - Stopping IPC Server Responder
2019-09-03 12:40:30,176 [main] INFO  server.StorageContainerManager (StorageContainerManager.java:stop(833)) - Stopping Storage Container Manager HTTP server.
2019-09-03 12:40:30,178 [main] INFO  handler.ContextHandler (ContextHandler.java:doStop(910)) - Stopped o.e.j.w.WebAppContext@1a1f79ce{/,null,UNAVAILABLE}{/scm}
2019-09-03 12:40:30,179 [main] INFO  server.AbstractConnector (AbstractConnector.java:doStop(318)) - Stopped ServerConnector@6aa7e176{HTTP/1.1,[http/1.1]}{0.0.0.0:0}
2019-09-03 12:40:30,179 [main] INFO  handler.ContextHandler (ContextHandler.java:doStop(910)) - Stopped o.e.j.s.ServletContextHandler@15e8f9b2{/static,file:///workdir/hadoop-ozone/integration-test/target/test-classes/webapps/static,UNAVAILABLE}
2019-09-03 12:40:30,180 [main] INFO  handler.ContextHandler (ContextHandler.java:doStop(910)) - Stopped o.e.j.s.ServletContextHandler@4168f3d9{/logs,file:///workdir/hadoop-ozone/integration-test/target/log,UNAVAILABLE}
2019-09-03 12:40:30,181 [main] INFO  server.StorageContainerManager (StorageContainerManager.java:stop(844)) - Stopping Block Manager Service.
2019-09-03 12:40:30,181 [main] INFO  utils.BackgroundService (BackgroundService.java:shutdown(148)) - Shutting down service SCMBlockDeletingService
2019-09-03 12:40:30,181 [main] INFO  utils.BackgroundService (BackgroundService.java:shutdown(148)) - Shutting down service SCMBlockDeletingService
2019-09-03 12:40:30,182 [main] INFO  server.StorageContainerManager (StorageContainerManager.java:stop(866)) - Stopping SCM Event Queue.
2019-09-03 12:40:30,217 [main] INFO  impl.MetricsSystemImpl (MetricsSystemImpl.java:stop(210)) - Stopping HddsDatanode metrics system...
2019-09-03 12:40:30,231 [main] INFO  impl.MetricsSystemImpl (MetricsSystemImpl.java:stop(216)) - HddsDatanode metrics system stopped.
]]></system-out>
  </testcase>
  <testcase name="testFailureWithPrimeSizedData" classname="org.apache.hadoop.ozone.client.rpc.TestBlockOutputStreamWithFailures" time="33.788"/>
  <testcase name="testWatchForCommitWithCloseContainerException" classname="org.apache.hadoop.ozone.client.rpc.TestBlockOutputStreamWithFailures" time="62.213"/>
  <testcase name="testExceptionDuringClose" classname="org.apache.hadoop.ozone.client.rpc.TestBlockOutputStreamWithFailures" time="36.756"/>
</testsuite>