<?xml version="1.0" encoding="UTF-8"?>
<testsuite xmlns:xsi="http://www.w3.org/2001/XMLSchema-instance" xsi:noNamespaceSchemaLocation="https://maven.apache.org/surefire/maven-surefire-plugin/xsd/surefire-test-report.xsd" name="org.apache.hadoop.ozone.client.rpc.TestBlockOutputStreamWithFailures" time="680.935" tests="8" errors="1" skipped="0" failures="0">
  <properties>
    <property name="awt.toolkit" value="sun.awt.X11.XToolkit"/>
    <property name="file.encoding.pkg" value="sun.io"/>
    <property name="java.specification.version" value="1.8"/>
    <property name="sun.cpu.isalist" value=""/>
    <property name="sun.jnu.encoding" value="UTF-8"/>
    <property name="java.class.path" value="/workdir/hadoop-ozone/integration-test/target/test-classes:/workdir/hadoop-ozone/integration-test/target/classes:/home/user/.m2/repository/org/apache/hadoop/hadoop-ozone-common/0.5.0-SNAPSHOT/hadoop-ozone-common-0.5.0-SNAPSHOT.jar:/home/user/.m2/repository/org/apache/commons/commons-compress/1.4.1/commons-compress-1.4.1.jar:/home/user/.m2/repository/org/tukaani/xz/1.0/xz-1.0.jar:/home/user/.m2/repository/org/apache/hadoop/hadoop-common/3.2.0/hadoop-common-3.2.0.jar:/home/user/.m2/repository/org/apache/hadoop/hadoop-hdfs/3.2.0/hadoop-hdfs-3.2.0.jar:/home/user/.m2/repository/org/apache/hadoop/hadoop-hdfs-client/3.2.0/hadoop-hdfs-client-3.2.0.jar:/home/user/.m2/repository/com/fasterxml/jackson/core/jackson-annotations/2.9.5/jackson-annotations-2.9.5.jar:/home/user/.m2/repository/org/apache/hadoop/hadoop-hdds-common/0.5.0-SNAPSHOT/hadoop-hdds-common-0.5.0-SNAPSHOT.jar:/home/user/.m2/repository/javax/annotation/javax.annotation-api/1.2/javax.annotation-api-1.2.jar:/home/user/.m2/repository/org/apache/ratis/ratis-server/0.4.0-2337318-SNAPSHOT/ratis-server-0.4.0-2337318-SNAPSHOT.jar:/home/user/.m2/repository/org/apache/ratis/ratis-thirdparty-misc/0.2.0/ratis-thirdparty-misc-0.2.0.jar:/home/user/.m2/repository/org/apache/ratis/ratis-proto/0.4.0-2337318-SNAPSHOT/ratis-proto-0.4.0-2337318-SNAPSHOT.jar:/home/user/.m2/repository/org/apache/ratis/ratis-common/0.4.0-2337318-SNAPSHOT/ratis-common-0.4.0-2337318-SNAPSHOT.jar:/home/user/.m2/repository/org/apache/ratis/ratis-client/0.4.0-2337318-SNAPSHOT/ratis-client-0.4.0-2337318-SNAPSHOT.jar:/home/user/.m2/repository/org/apache/ratis/ratis-metrics/0.4.0-2337318-SNAPSHOT/ratis-metrics-0.4.0-2337318-SNAPSHOT.jar:/home/user/.m2/repository/org/apache/ratis/ratis-netty/0.4.0-2337318-SNAPSHOT/ratis-netty-0.4.0-2337318-SNAPSHOT.jar:/home/user/.m2/repository/org/apache/ratis/ratis-grpc/0.4.0-2337318-SNAPSHOT/ratis-grpc-0.4.0-2337318-SNAPSHOT.jar:/home/user/.m2/repository/org/rocksdb/rocksdbjni/6.0.1/rocksdbjni-6.0.1.jar:/home/user/.m2/repository/org/apache/logging/log4j/log4j-api/2.11.0/log4j-api-2.11.0.jar:/home/user/.m2/repository/org/apache/logging/log4j/log4j-core/2.11.0/log4j-core-2.11.0.jar:/home/user/.m2/repository/com/lmax/disruptor/3.4.2/disruptor-3.4.2.jar:/home/user/.m2/repository/org/apache/commons/commons-pool2/2.6.0/commons-pool2-2.6.0.jar:/home/user/.m2/repository/org/bouncycastle/bcpkix-jdk15on/1.60/bcpkix-jdk15on-1.60.jar:/home/user/.m2/repository/commons-validator/commons-validator/1.6/commons-validator-1.6.jar:/home/user/.m2/repository/commons-digester/commons-digester/1.8.1/commons-digester-1.8.1.jar:/home/user/.m2/repository/io/jaegertracing/jaeger-client/0.33.1/jaeger-client-0.33.1.jar:/home/user/.m2/repository/io/jaegertracing/jaeger-thrift/0.33.1/jaeger-thrift-0.33.1.jar:/home/user/.m2/repository/org/apache/thrift/libthrift/0.11.0/libthrift-0.11.0.jar:/home/user/.m2/repository/com/squareup/okhttp3/okhttp/3.9.0/okhttp-3.9.0.jar:/home/user/.m2/repository/com/squareup/okio/okio/1.13.0/okio-1.13.0.jar:/home/user/.m2/repository/io/jaegertracing/jaeger-core/0.33.1/jaeger-core-0.33.1.jar:/home/user/.m2/repository/io/jaegertracing/jaeger-tracerresolver/0.33.1/jaeger-tracerresolver-0.33.1.jar:/home/user/.m2/repository/io/opentracing/contrib/opentracing-tracerresolver/0.1.5/opentracing-tracerresolver-0.1.5.jar:/home/user/.m2/repository/io/opentracing/opentracing-util/0.31.0/opentracing-util-0.31.0.jar:/home/user/.m2/repository/io/opentracing/opentracing-api/0.31.0/opentracing-api-0.31.0.jar:/home/user/.m2/repository/io/opentracing/opentracing-noop/0.31.0/opentracing-noop-0.31.0.jar:/home/user/.m2/repository/org/apache/hadoop/hadoop-hdds-server-framework/0.5.0-SNAPSHOT/hadoop-hdds-server-framework-0.5.0-SNAPSHOT.jar:/home/user/.m2/repository/org/apache/hadoop/hadoop-hdds-container-service/0.5.0-SNAPSHOT/hadoop-hdds-container-service-0.5.0-SNAPSHOT.jar:/home/user/.m2/repository/org/apache/hadoop/hadoop-hdds-client/0.5.0-SNAPSHOT/hadoop-hdds-client-0.5.0-SNAPSHOT.jar:/home/user/.m2/repository/org/apache/hadoop/hadoop-hdds-tools/0.5.0-SNAPSHOT/hadoop-hdds-tools-0.5.0-SNAPSHOT.jar:/home/user/.m2/repository/org/apache/hadoop/hadoop-hdds-server-scm/0.5.0-SNAPSHOT/hadoop-hdds-server-scm-0.5.0-SNAPSHOT.jar:/home/user/.m2/repository/org/apache/hadoop/hadoop-hdds-docs/0.5.0-SNAPSHOT/hadoop-hdds-docs-0.5.0-SNAPSHOT.jar:/home/user/.m2/repository/io/dropwizard/metrics/metrics-core/3.2.4/metrics-core-3.2.4.jar:/home/user/.m2/repository/org/hamcrest/hamcrest-all/1.3/hamcrest-all-1.3.jar:/home/user/.m2/repository/org/bouncycastle/bcprov-jdk15on/1.60/bcprov-jdk15on-1.60.jar:/home/user/.m2/repository/info/picocli/picocli/3.9.6/picocli-3.9.6.jar:/home/user/.m2/repository/com/google/protobuf/protobuf-java/2.5.0/protobuf-java-2.5.0.jar:/home/user/.m2/repository/com/google/guava/guava/11.0.2/guava-11.0.2.jar:/home/user/.m2/repository/org/apache/hadoop/hadoop-ozone-ozone-manager/0.5.0-SNAPSHOT/hadoop-ozone-ozone-manager-0.5.0-SNAPSHOT.jar:/home/user/.m2/repository/org/apache/hadoop/hadoop-minikdc/3.2.0/hadoop-minikdc-3.2.0.jar:/home/user/.m2/repository/commons-io/commons-io/2.5/commons-io-2.5.jar:/home/user/.m2/repository/org/apache/kerby/kerb-simplekdc/1.0.1/kerb-simplekdc-1.0.1.jar:/home/user/.m2/repository/org/apache/kerby/kerb-client/1.0.1/kerb-client-1.0.1.jar:/home/user/.m2/repository/org/apache/kerby/kerby-config/1.0.1/kerby-config-1.0.1.jar:/home/user/.m2/repository/org/apache/kerby/kerb-core/1.0.1/kerb-core-1.0.1.jar:/home/user/.m2/repository/org/apache/kerby/kerby-pkix/1.0.1/kerby-pkix-1.0.1.jar:/home/user/.m2/repository/org/apache/kerby/kerby-asn1/1.0.1/kerby-asn1-1.0.1.jar:/home/user/.m2/repository/org/apache/kerby/kerby-util/1.0.1/kerby-util-1.0.1.jar:/home/user/.m2/repository/org/apache/kerby/kerb-common/1.0.1/kerb-common-1.0.1.jar:/home/user/.m2/repository/org/apache/kerby/kerb-crypto/1.0.1/kerb-crypto-1.0.1.jar:/home/user/.m2/repository/org/apache/kerby/kerb-util/1.0.1/kerb-util-1.0.1.jar:/home/user/.m2/repository/org/apache/kerby/token-provider/1.0.1/token-provider-1.0.1.jar:/home/user/.m2/repository/org/apache/kerby/kerb-admin/1.0.1/kerb-admin-1.0.1.jar:/home/user/.m2/repository/org/apache/kerby/kerb-server/1.0.1/kerb-server-1.0.1.jar:/home/user/.m2/repository/org/apache/kerby/kerb-identity/1.0.1/kerb-identity-1.0.1.jar:/home/user/.m2/repository/org/apache/kerby/kerby-xdr/1.0.1/kerby-xdr-1.0.1.jar:/home/user/.m2/repository/org/slf4j/slf4j-log4j12/1.7.25/slf4j-log4j12-1.7.25.jar:/home/user/.m2/repository/org/apache/hadoop/hadoop-ozone-objectstore-service/0.5.0-SNAPSHOT/hadoop-ozone-objectstore-service-0.5.0-SNAPSHOT.jar:/home/user/.m2/repository/org/apache/hadoop/hadoop-ozone-s3gateway/0.5.0-SNAPSHOT/hadoop-ozone-s3gateway-0.5.0-SNAPSHOT.jar:/home/user/.m2/repository/org/jboss/weld/servlet/weld-servlet/2.4.7.Final/weld-servlet-2.4.7.Final.jar:/home/user/.m2/repository/org/glassfish/jersey/containers/jersey-container-servlet-core/2.27/jersey-container-servlet-core-2.27.jar:/home/user/.m2/repository/org/glassfish/hk2/external/javax.inject/2.5.0-b42/javax.inject-2.5.0-b42.jar:/home/user/.m2/repository/org/glassfish/jersey/core/jersey-common/2.27/jersey-common-2.27.jar:/home/user/.m2/repository/org/glassfish/hk2/osgi-resource-locator/1.0.1/osgi-resource-locator-1.0.1.jar:/home/user/.m2/repository/javax/ws/rs/javax.ws.rs-api/2.1/javax.ws.rs-api-2.1.jar:/home/user/.m2/repository/org/glassfish/jersey/ext/cdi/jersey-cdi1x/2.27/jersey-cdi1x-2.27.jar:/home/user/.m2/repository/org/glassfish/jersey/inject/jersey-hk2/2.27/jersey-hk2-2.27.jar:/home/user/.m2/repository/org/glassfish/hk2/hk2-locator/2.5.0-b42/hk2-locator-2.5.0-b42.jar:/home/user/.m2/repository/org/javassist/javassist/3.22.0-CR2/javassist-3.22.0-CR2.jar:/home/user/.m2/repository/org/glassfish/hk2/hk2-api/2.5.0/hk2-api-2.5.0.jar:/home/user/.m2/repository/org/glassfish/hk2/external/jakarta.inject/2.5.0/jakarta.inject-2.5.0.jar:/home/user/.m2/repository/org/glassfish/hk2/hk2-utils/2.5.0/hk2-utils-2.5.0.jar:/home/user/.m2/repository/jakarta/annotation/jakarta.annotation-api/1.3.4/jakarta.annotation-api-1.3.4.jar:/home/user/.m2/repository/org/glassfish/hk2/external/aopalliance-repackaged/2.5.0/aopalliance-repackaged-2.5.0.jar:/home/user/.m2/repository/com/fasterxml/jackson/dataformat/jackson-dataformat-xml/2.9.0/jackson-dataformat-xml-2.9.0.jar:/home/user/.m2/repository/com/fasterxml/jackson/core/jackson-core/2.9.5/jackson-core-2.9.5.jar:/home/user/.m2/repository/com/fasterxml/jackson/module/jackson-module-jaxb-annotations/2.9.5/jackson-module-jaxb-annotations-2.9.5.jar:/home/user/.m2/repository/javax/enterprise/cdi-api/1.2/cdi-api-1.2.jar:/home/user/.m2/repository/javax/el/javax.el-api/3.0.0/javax.el-api-3.0.0.jar:/home/user/.m2/repository/javax/interceptor/javax.interceptor-api/1.2/javax.interceptor-api-1.2.jar:/home/user/.m2/repository/javax/inject/javax.inject/1/javax.inject-1.jar:/home/user/.m2/repository/com/sun/xml/bind/jaxb-impl/2.3.0.1/jaxb-impl-2.3.0.1.jar:/home/user/.m2/repository/com/sun/xml/bind/jaxb-core/2.3.0.1/jaxb-core-2.3.0.1.jar:/home/user/.m2/repository/javax/xml/bind/jaxb-api/2.3.0/jaxb-api-2.3.0.jar:/home/user/.m2/repository/javax/activation/activation/1.1.1/activation-1.1.1.jar:/home/user/.m2/repository/org/apache/hadoop/hadoop-ozone-csi/0.5.0-SNAPSHOT/hadoop-ozone-csi-0.5.0-SNAPSHOT.jar:/home/user/.m2/repository/com/google/protobuf/protobuf-java-util/3.5.1/protobuf-java-util-3.5.1.jar:/home/user/.m2/repository/org/apache/hadoop/hadoop-hdds-config/0.5.0-SNAPSHOT/hadoop-hdds-config-0.5.0-SNAPSHOT.jar:/home/user/.m2/repository/io/grpc/grpc-netty/1.17.1/grpc-netty-1.17.1.jar:/home/user/.m2/repository/io/grpc/grpc-core/1.17.1/grpc-core-1.17.1.jar:/home/user/.m2/repository/io/grpc/grpc-context/1.17.1/grpc-context-1.17.1.jar:/home/user/.m2/repository/com/google/errorprone/error_prone_annotations/2.2.0/error_prone_annotations-2.2.0.jar:/home/user/.m2/repository/org/codehaus/mojo/animal-sniffer-annotations/1.17/animal-sniffer-annotations-1.17.jar:/home/user/.m2/repository/io/opencensus/opencensus-api/0.17.0/opencensus-api-0.17.0.jar:/home/user/.m2/repository/io/opencensus/opencensus-contrib-grpc-metrics/0.17.0/opencensus-contrib-grpc-metrics-0.17.0.jar:/home/user/.m2/repository/io/netty/netty-codec-http2/4.1.30.Final/netty-codec-http2-4.1.30.Final.jar:/home/user/.m2/repository/io/netty/netty-codec-http/4.1.30.Final/netty-codec-http-4.1.30.Final.jar:/home/user/.m2/repository/io/netty/netty-codec/4.1.30.Final/netty-codec-4.1.30.Final.jar:/home/user/.m2/repository/io/netty/netty-handler/4.1.30.Final/netty-handler-4.1.30.Final.jar:/home/user/.m2/repository/io/netty/netty-handler-proxy/4.1.30.Final/netty-handler-proxy-4.1.30.Final.jar:/home/user/.m2/repository/io/netty/netty-codec-socks/4.1.30.Final/netty-codec-socks-4.1.30.Final.jar:/home/user/.m2/repository/io/netty/netty-transport-native-epoll/4.1.30.Final/netty-transport-native-epoll-4.1.30.Final.jar:/home/user/.m2/repository/io/netty/netty-common/4.1.30.Final/netty-common-4.1.30.Final.jar:/home/user/.m2/repository/io/netty/netty-buffer/4.1.30.Final/netty-buffer-4.1.30.Final.jar:/home/user/.m2/repository/io/netty/netty-transport/4.1.30.Final/netty-transport-4.1.30.Final.jar:/home/user/.m2/repository/io/netty/netty-resolver/4.1.30.Final/netty-resolver-4.1.30.Final.jar:/home/user/.m2/repository/io/netty/netty-transport-native-unix-common/4.1.30.Final/netty-transport-native-unix-common-4.1.30.Final.jar:/home/user/.m2/repository/io/grpc/grpc-protobuf/1.17.1/grpc-protobuf-1.17.1.jar:/home/user/.m2/repository/com/google/api/grpc/proto-google-common-protos/1.0.0/proto-google-common-protos-1.0.0.jar:/home/user/.m2/repository/io/grpc/grpc-protobuf-lite/1.17.1/grpc-protobuf-lite-1.17.1.jar:/home/user/.m2/repository/io/grpc/grpc-stub/1.17.1/grpc-stub-1.17.1.jar:/home/user/.m2/repository/org/apache/hadoop/hadoop-ozone-recon/0.5.0-SNAPSHOT/hadoop-ozone-recon-0.5.0-SNAPSHOT.jar:/home/user/.m2/repository/org/apache/hadoop/hadoop-ozone-reconcodegen/0.5.0-SNAPSHOT/hadoop-ozone-reconcodegen-0.5.0-SNAPSHOT.jar:/home/user/.m2/repository/com/google/inject/extensions/guice-multibindings/4.0/guice-multibindings-4.0.jar:/home/user/.m2/repository/com/google/inject/guice/4.0/guice-4.0.jar:/home/user/.m2/repository/aopalliance/aopalliance/1.0/aopalliance-1.0.jar:/home/user/.m2/repository/com/google/inject/extensions/guice-servlet/4.0/guice-servlet-4.0.jar:/home/user/.m2/repository/org/glassfish/jersey/containers/jersey-container-servlet/2.27/jersey-container-servlet-2.27.jar:/home/user/.m2/repository/org/glassfish/hk2/guice-bridge/2.5.0/guice-bridge-2.5.0.jar:/home/user/.m2/repository/org/glassfish/jersey/core/jersey-server/2.27/jersey-server-2.27.jar:/home/user/.m2/repository/org/glassfish/jersey/core/jersey-client/2.27/jersey-client-2.27.jar:/home/user/.m2/repository/org/glassfish/jersey/media/jersey-media-jaxb/2.27/jersey-media-jaxb-2.27.jar:/home/user/.m2/repository/javax/validation/validation-api/1.1.0.Final/validation-api-1.1.0.Final.jar:/home/user/.m2/repository/org/glassfish/jersey/media/jersey-media-json-jackson/2.27/jersey-media-json-jackson-2.27.jar:/home/user/.m2/repository/org/glassfish/jersey/ext/jersey-entity-filtering/2.27/jersey-entity-filtering-2.27.jar:/home/user/.m2/repository/com/google/inject/extensions/guice-assistedinject/4.0/guice-assistedinject-4.0.jar:/home/user/.m2/repository/org/jooq/jooq/3.11.10/jooq-3.11.10.jar:/home/user/.m2/repository/org/jooq/jooq-meta/3.11.10/jooq-meta-3.11.10.jar:/home/user/.m2/repository/org/jooq/jooq-codegen/3.11.10/jooq-codegen-3.11.10.jar:/home/user/.m2/repository/com/jolbox/bonecp/0.8.0.RELEASE/bonecp-0.8.0.RELEASE.jar:/home/user/.m2/repository/org/xerial/sqlite-jdbc/3.25.2/sqlite-jdbc-3.25.2.jar:/home/user/.m2/repository/org/springframework/spring-jdbc/5.1.3.RELEASE/spring-jdbc-5.1.3.RELEASE.jar:/home/user/.m2/repository/org/springframework/spring-beans/5.1.3.RELEASE/spring-beans-5.1.3.RELEASE.jar:/home/user/.m2/repository/org/springframework/spring-core/5.1.3.RELEASE/spring-core-5.1.3.RELEASE.jar:/home/user/.m2/repository/org/springframework/spring-jcl/5.1.3.RELEASE/spring-jcl-5.1.3.RELEASE.jar:/home/user/.m2/repository/org/springframework/spring-tx/5.1.3.RELEASE/spring-tx-5.1.3.RELEASE.jar:/home/user/.m2/repository/org/apache/hadoop/hadoop-ozone-client/0.5.0-SNAPSHOT/hadoop-ozone-client-0.5.0-SNAPSHOT.jar:/home/user/.m2/repository/commons-lang/commons-lang/2.6/commons-lang-2.6.jar:/home/user/.m2/repository/org/apache/hadoop/hadoop-ozone-ozone-manager/0.5.0-SNAPSHOT/hadoop-ozone-ozone-manager-0.5.0-SNAPSHOT-tests.jar:/home/user/.m2/repository/junit/junit/4.11/junit-4.11.jar:/home/user/.m2/repository/org/hamcrest/hamcrest-core/1.3/hamcrest-core-1.3.jar:/home/user/.m2/repository/org/openjdk/jmh/jmh-core/1.19/jmh-core-1.19.jar:/home/user/.m2/repository/net/sf/jopt-simple/jopt-simple/4.6/jopt-simple-4.6.jar:/home/user/.m2/repository/org/apache/commons/commons-math3/3.1.1/commons-math3-3.1.1.jar:/home/user/.m2/repository/org/openjdk/jmh/jmh-generator-annprocess/1.19/jmh-generator-annprocess-1.19.jar:/home/user/.m2/repository/org/mockito/mockito-all/1.8.5/mockito-all-1.8.5.jar:/home/user/.m2/repository/org/apache/hadoop/hadoop-kms/3.2.0/hadoop-kms-3.2.0.jar:/home/user/.m2/repository/org/apache/hadoop/hadoop-auth/3.2.0/hadoop-auth-3.2.0.jar:/home/user/.m2/repository/com/nimbusds/nimbus-jose-jwt/4.41.1/nimbus-jose-jwt-4.41.1.jar:/home/user/.m2/repository/com/github/stephenc/jcip/jcip-annotations/1.0-1/jcip-annotations-1.0-1.jar:/home/user/.m2/repository/net/minidev/json-smart/2.3/json-smart-2.3.jar:/home/user/.m2/repository/net/minidev/accessors-smart/1.2/accessors-smart-1.2.jar:/home/user/.m2/repository/org/ow2/asm/asm/5.0.4/asm-5.0.4.jar:/home/user/.m2/repository/org/apache/curator/curator-framework/2.12.0/curator-framework-2.12.0.jar:/home/user/.m2/repository/com/sun/jersey/jersey-core/1.19/jersey-core-1.19.jar:/home/user/.m2/repository/javax/ws/rs/jsr311-api/1.1.1/jsr311-api-1.1.1.jar:/home/user/.m2/repository/com/sun/jersey/jersey-server/1.19/jersey-server-1.19.jar:/home/user/.m2/repository/javax/servlet/javax.servlet-api/3.1.0/javax.servlet-api-3.1.0.jar:/home/user/.m2/repository/org/eclipse/jetty/jetty-server/9.3.24.v20180605/jetty-server-9.3.24.v20180605.jar:/home/user/.m2/repository/org/eclipse/jetty/jetty-http/9.3.24.v20180605/jetty-http-9.3.24.v20180605.jar:/home/user/.m2/repository/org/eclipse/jetty/jetty-io/9.3.24.v20180605/jetty-io-9.3.24.v20180605.jar:/home/user/.m2/repository/org/eclipse/jetty/jetty-webapp/9.3.24.v20180605/jetty-webapp-9.3.24.v20180605.jar:/home/user/.m2/repository/org/eclipse/jetty/jetty-xml/9.3.24.v20180605/jetty-xml-9.3.24.v20180605.jar:/home/user/.m2/repository/log4j/log4j/1.2.17/log4j-1.2.17.jar:/home/user/.m2/repository/org/slf4j/slf4j-api/1.7.25/slf4j-api-1.7.25.jar:/home/user/.m2/repository/org/slf4j/jul-to-slf4j/1.7.25/jul-to-slf4j-1.7.25.jar:/home/user/.m2/repository/org/eclipse/jetty/jetty-util/9.3.24.v20180605/jetty-util-9.3.24.v20180605.jar:/home/user/.m2/repository/com/fasterxml/jackson/core/jackson-databind/2.9.5/jackson-databind-2.9.5.jar:/home/user/.m2/repository/org/apache/hadoop/hadoop-kms/3.2.0/hadoop-kms-3.2.0-tests.jar:/home/user/.m2/repository/org/apache/hadoop/hadoop-hdds-server-scm/0.5.0-SNAPSHOT/hadoop-hdds-server-scm-0.5.0-SNAPSHOT-tests.jar:/home/user/.m2/repository/org/apache/hadoop/hadoop-hdds-container-service/0.5.0-SNAPSHOT/hadoop-hdds-container-service-0.5.0-SNAPSHOT-tests.jar:/home/user/.m2/repository/org/yaml/snakeyaml/1.16/snakeyaml-1.16.jar:/home/user/.m2/repository/org/apache/hadoop/hadoop-common/3.2.0/hadoop-common-3.2.0-tests.jar:/home/user/.m2/repository/org/apache/hadoop/hadoop-annotations/3.2.0/hadoop-annotations-3.2.0.jar:/usr/lib/jvm/java-1.8-openjdk/jre/../lib/tools.jar:/home/user/.m2/repository/commons-cli/commons-cli/1.2/commons-cli-1.2.jar:/home/user/.m2/repository/org/apache/httpcomponents/httpclient/4.5.2/httpclient-4.5.2.jar:/home/user/.m2/repository/org/apache/httpcomponents/httpcore/4.4.4/httpcore-4.4.4.jar:/home/user/.m2/repository/commons-codec/commons-codec/1.11/commons-codec-1.11.jar:/home/user/.m2/repository/commons-net/commons-net/3.6/commons-net-3.6.jar:/home/user/.m2/repository/commons-collections/commons-collections/3.2.2/commons-collections-3.2.2.jar:/home/user/.m2/repository/org/eclipse/jetty/jetty-servlet/9.3.24.v20180605/jetty-servlet-9.3.24.v20180605.jar:/home/user/.m2/repository/org/eclipse/jetty/jetty-security/9.3.24.v20180605/jetty-security-9.3.24.v20180605.jar:/home/user/.m2/repository/javax/servlet/jsp/jsp-api/2.1/jsp-api-2.1.jar:/home/user/.m2/repository/com/sun/jersey/jersey-servlet/1.19/jersey-servlet-1.19.jar:/home/user/.m2/repository/com/sun/jersey/jersey-json/1.19/jersey-json-1.19.jar:/home/user/.m2/repository/org/codehaus/jettison/jettison/1.1/jettison-1.1.jar:/home/user/.m2/repository/org/codehaus/jackson/jackson-core-asl/1.9.13/jackson-core-asl-1.9.13.jar:/home/user/.m2/repository/org/codehaus/jackson/jackson-mapper-asl/1.9.13/jackson-mapper-asl-1.9.13.jar:/home/user/.m2/repository/org/codehaus/jackson/jackson-jaxrs/1.9.13/jackson-jaxrs-1.9.13.jar:/home/user/.m2/repository/org/codehaus/jackson/jackson-xc/1.9.13/jackson-xc-1.9.13.jar:/home/user/.m2/repository/commons-logging/commons-logging/1.1.3/commons-logging-1.1.3.jar:/home/user/.m2/repository/commons-beanutils/commons-beanutils/1.9.3/commons-beanutils-1.9.3.jar:/home/user/.m2/repository/org/apache/commons/commons-configuration2/2.1.1/commons-configuration2-2.1.1.jar:/home/user/.m2/repository/org/apache/commons/commons-lang3/3.7/commons-lang3-3.7.jar:/home/user/.m2/repository/org/apache/commons/commons-text/1.4/commons-text-1.4.jar:/home/user/.m2/repository/org/apache/avro/avro/1.7.7/avro-1.7.7.jar:/home/user/.m2/repository/com/thoughtworks/paranamer/paranamer/2.3/paranamer-2.3.jar:/home/user/.m2/repository/org/xerial/snappy/snappy-java/1.0.5/snappy-java-1.0.5.jar:/home/user/.m2/repository/com/google/re2j/re2j/1.1/re2j-1.1.jar:/home/user/.m2/repository/com/google/code/gson/gson/2.2.4/gson-2.2.4.jar:/home/user/.m2/repository/com/jcraft/jsch/0.1.54/jsch-0.1.54.jar:/home/user/.m2/repository/org/apache/curator/curator-client/2.12.0/curator-client-2.12.0.jar:/home/user/.m2/repository/org/apache/curator/curator-recipes/2.12.0/curator-recipes-2.12.0.jar:/home/user/.m2/repository/com/google/code/findbugs/jsr305/3.0.0/jsr305-3.0.0.jar:/home/user/.m2/repository/org/apache/htrace/htrace-core4/4.1.0-incubating/htrace-core4-4.1.0-incubating.jar:/home/user/.m2/repository/org/apache/zookeeper/zookeeper/3.4.13/zookeeper-3.4.13.jar:/home/user/.m2/repository/org/apache/yetus/audience-annotations/0.5.0/audience-annotations-0.5.0.jar:/home/user/.m2/repository/org/codehaus/woodstox/stax2-api/3.1.4/stax2-api-3.1.4.jar:/home/user/.m2/repository/com/fasterxml/woodstox/woodstox-core/5.0.3/woodstox-core-5.0.3.jar:/home/user/.m2/repository/dnsjava/dnsjava/2.1.7/dnsjava-2.1.7.jar:/home/user/.m2/repository/org/apache/hadoop/hadoop-hdfs/3.2.0/hadoop-hdfs-3.2.0-tests.jar:/home/user/.m2/repository/org/eclipse/jetty/jetty-util-ajax/9.3.24.v20180605/jetty-util-ajax-9.3.24.v20180605.jar:/home/user/.m2/repository/commons-daemon/commons-daemon/1.0.13/commons-daemon-1.0.13.jar:/home/user/.m2/repository/io/netty/netty/3.10.5.Final/netty-3.10.5.Final.jar:/home/user/.m2/repository/io/netty/netty-all/4.0.52.Final/netty-all-4.0.52.Final.jar:/home/user/.m2/repository/org/fusesource/leveldbjni/leveldbjni-all/1.8/leveldbjni-all-1.8.jar:"/>
    <property name="java.vm.vendor" value="IcedTea"/>
    <property name="sun.arch.data.model" value="64"/>
    <property name="test.build.dir" value="/workdir/hadoop-ozone/integration-test/target/test-dir"/>
    <property name="test.cache.data" value=""/>
    <property name="java.vendor.url" value="https://icedtea.classpath.org"/>
    <property name="user.timezone" value=""/>
    <property name="java.vm.specification.version" value="1.8"/>
    <property name="os.name" value="Linux"/>
    <property name="test.build.data" value="/workdir/hadoop-ozone/integration-test/target/test-dir"/>
    <property name="user.country" value="US"/>
    <property name="sun.java.launcher" value="SUN_STANDARD"/>
    <property name="sun.boot.library.path" value="/usr/lib/jvm/java-1.8-openjdk/jre/lib/amd64"/>
    <property name="sun.java.command" value="/workdir/hadoop-ozone/integration-test/target/surefire/surefirebooter8834759867770520976.jar /workdir/hadoop-ozone/integration-test/target/surefire 2019-08-21T19-34-44_434-jvmRun1 surefire6618793201125870224tmp surefire_301986817515851808502tmp"/>
    <property name="test" value="!TestMiniChaosOzoneCluster"/>
    <property name="surefire.test.class.path" value="/workdir/hadoop-ozone/integration-test/target/test-classes:/workdir/hadoop-ozone/integration-test/target/classes:/home/user/.m2/repository/org/apache/hadoop/hadoop-ozone-common/0.5.0-SNAPSHOT/hadoop-ozone-common-0.5.0-SNAPSHOT.jar:/home/user/.m2/repository/org/apache/commons/commons-compress/1.4.1/commons-compress-1.4.1.jar:/home/user/.m2/repository/org/tukaani/xz/1.0/xz-1.0.jar:/home/user/.m2/repository/org/apache/hadoop/hadoop-common/3.2.0/hadoop-common-3.2.0.jar:/home/user/.m2/repository/org/apache/hadoop/hadoop-hdfs/3.2.0/hadoop-hdfs-3.2.0.jar:/home/user/.m2/repository/org/apache/hadoop/hadoop-hdfs-client/3.2.0/hadoop-hdfs-client-3.2.0.jar:/home/user/.m2/repository/com/fasterxml/jackson/core/jackson-annotations/2.9.5/jackson-annotations-2.9.5.jar:/home/user/.m2/repository/org/apache/hadoop/hadoop-hdds-common/0.5.0-SNAPSHOT/hadoop-hdds-common-0.5.0-SNAPSHOT.jar:/home/user/.m2/repository/javax/annotation/javax.annotation-api/1.2/javax.annotation-api-1.2.jar:/home/user/.m2/repository/org/apache/ratis/ratis-server/0.4.0-2337318-SNAPSHOT/ratis-server-0.4.0-2337318-SNAPSHOT.jar:/home/user/.m2/repository/org/apache/ratis/ratis-thirdparty-misc/0.2.0/ratis-thirdparty-misc-0.2.0.jar:/home/user/.m2/repository/org/apache/ratis/ratis-proto/0.4.0-2337318-SNAPSHOT/ratis-proto-0.4.0-2337318-SNAPSHOT.jar:/home/user/.m2/repository/org/apache/ratis/ratis-common/0.4.0-2337318-SNAPSHOT/ratis-common-0.4.0-2337318-SNAPSHOT.jar:/home/user/.m2/repository/org/apache/ratis/ratis-client/0.4.0-2337318-SNAPSHOT/ratis-client-0.4.0-2337318-SNAPSHOT.jar:/home/user/.m2/repository/org/apache/ratis/ratis-metrics/0.4.0-2337318-SNAPSHOT/ratis-metrics-0.4.0-2337318-SNAPSHOT.jar:/home/user/.m2/repository/org/apache/ratis/ratis-netty/0.4.0-2337318-SNAPSHOT/ratis-netty-0.4.0-2337318-SNAPSHOT.jar:/home/user/.m2/repository/org/apache/ratis/ratis-grpc/0.4.0-2337318-SNAPSHOT/ratis-grpc-0.4.0-2337318-SNAPSHOT.jar:/home/user/.m2/repository/org/rocksdb/rocksdbjni/6.0.1/rocksdbjni-6.0.1.jar:/home/user/.m2/repository/org/apache/logging/log4j/log4j-api/2.11.0/log4j-api-2.11.0.jar:/home/user/.m2/repository/org/apache/logging/log4j/log4j-core/2.11.0/log4j-core-2.11.0.jar:/home/user/.m2/repository/com/lmax/disruptor/3.4.2/disruptor-3.4.2.jar:/home/user/.m2/repository/org/apache/commons/commons-pool2/2.6.0/commons-pool2-2.6.0.jar:/home/user/.m2/repository/org/bouncycastle/bcpkix-jdk15on/1.60/bcpkix-jdk15on-1.60.jar:/home/user/.m2/repository/commons-validator/commons-validator/1.6/commons-validator-1.6.jar:/home/user/.m2/repository/commons-digester/commons-digester/1.8.1/commons-digester-1.8.1.jar:/home/user/.m2/repository/io/jaegertracing/jaeger-client/0.33.1/jaeger-client-0.33.1.jar:/home/user/.m2/repository/io/jaegertracing/jaeger-thrift/0.33.1/jaeger-thrift-0.33.1.jar:/home/user/.m2/repository/org/apache/thrift/libthrift/0.11.0/libthrift-0.11.0.jar:/home/user/.m2/repository/com/squareup/okhttp3/okhttp/3.9.0/okhttp-3.9.0.jar:/home/user/.m2/repository/com/squareup/okio/okio/1.13.0/okio-1.13.0.jar:/home/user/.m2/repository/io/jaegertracing/jaeger-core/0.33.1/jaeger-core-0.33.1.jar:/home/user/.m2/repository/io/jaegertracing/jaeger-tracerresolver/0.33.1/jaeger-tracerresolver-0.33.1.jar:/home/user/.m2/repository/io/opentracing/contrib/opentracing-tracerresolver/0.1.5/opentracing-tracerresolver-0.1.5.jar:/home/user/.m2/repository/io/opentracing/opentracing-util/0.31.0/opentracing-util-0.31.0.jar:/home/user/.m2/repository/io/opentracing/opentracing-api/0.31.0/opentracing-api-0.31.0.jar:/home/user/.m2/repository/io/opentracing/opentracing-noop/0.31.0/opentracing-noop-0.31.0.jar:/home/user/.m2/repository/org/apache/hadoop/hadoop-hdds-server-framework/0.5.0-SNAPSHOT/hadoop-hdds-server-framework-0.5.0-SNAPSHOT.jar:/home/user/.m2/repository/org/apache/hadoop/hadoop-hdds-container-service/0.5.0-SNAPSHOT/hadoop-hdds-container-service-0.5.0-SNAPSHOT.jar:/home/user/.m2/repository/org/apache/hadoop/hadoop-hdds-client/0.5.0-SNAPSHOT/hadoop-hdds-client-0.5.0-SNAPSHOT.jar:/home/user/.m2/repository/org/apache/hadoop/hadoop-hdds-tools/0.5.0-SNAPSHOT/hadoop-hdds-tools-0.5.0-SNAPSHOT.jar:/home/user/.m2/repository/org/apache/hadoop/hadoop-hdds-server-scm/0.5.0-SNAPSHOT/hadoop-hdds-server-scm-0.5.0-SNAPSHOT.jar:/home/user/.m2/repository/org/apache/hadoop/hadoop-hdds-docs/0.5.0-SNAPSHOT/hadoop-hdds-docs-0.5.0-SNAPSHOT.jar:/home/user/.m2/repository/io/dropwizard/metrics/metrics-core/3.2.4/metrics-core-3.2.4.jar:/home/user/.m2/repository/org/hamcrest/hamcrest-all/1.3/hamcrest-all-1.3.jar:/home/user/.m2/repository/org/bouncycastle/bcprov-jdk15on/1.60/bcprov-jdk15on-1.60.jar:/home/user/.m2/repository/info/picocli/picocli/3.9.6/picocli-3.9.6.jar:/home/user/.m2/repository/com/google/protobuf/protobuf-java/2.5.0/protobuf-java-2.5.0.jar:/home/user/.m2/repository/com/google/guava/guava/11.0.2/guava-11.0.2.jar:/home/user/.m2/repository/org/apache/hadoop/hadoop-ozone-ozone-manager/0.5.0-SNAPSHOT/hadoop-ozone-ozone-manager-0.5.0-SNAPSHOT.jar:/home/user/.m2/repository/org/apache/hadoop/hadoop-minikdc/3.2.0/hadoop-minikdc-3.2.0.jar:/home/user/.m2/repository/commons-io/commons-io/2.5/commons-io-2.5.jar:/home/user/.m2/repository/org/apache/kerby/kerb-simplekdc/1.0.1/kerb-simplekdc-1.0.1.jar:/home/user/.m2/repository/org/apache/kerby/kerb-client/1.0.1/kerb-client-1.0.1.jar:/home/user/.m2/repository/org/apache/kerby/kerby-config/1.0.1/kerby-config-1.0.1.jar:/home/user/.m2/repository/org/apache/kerby/kerb-core/1.0.1/kerb-core-1.0.1.jar:/home/user/.m2/repository/org/apache/kerby/kerby-pkix/1.0.1/kerby-pkix-1.0.1.jar:/home/user/.m2/repository/org/apache/kerby/kerby-asn1/1.0.1/kerby-asn1-1.0.1.jar:/home/user/.m2/repository/org/apache/kerby/kerby-util/1.0.1/kerby-util-1.0.1.jar:/home/user/.m2/repository/org/apache/kerby/kerb-common/1.0.1/kerb-common-1.0.1.jar:/home/user/.m2/repository/org/apache/kerby/kerb-crypto/1.0.1/kerb-crypto-1.0.1.jar:/home/user/.m2/repository/org/apache/kerby/kerb-util/1.0.1/kerb-util-1.0.1.jar:/home/user/.m2/repository/org/apache/kerby/token-provider/1.0.1/token-provider-1.0.1.jar:/home/user/.m2/repository/org/apache/kerby/kerb-admin/1.0.1/kerb-admin-1.0.1.jar:/home/user/.m2/repository/org/apache/kerby/kerb-server/1.0.1/kerb-server-1.0.1.jar:/home/user/.m2/repository/org/apache/kerby/kerb-identity/1.0.1/kerb-identity-1.0.1.jar:/home/user/.m2/repository/org/apache/kerby/kerby-xdr/1.0.1/kerby-xdr-1.0.1.jar:/home/user/.m2/repository/org/slf4j/slf4j-log4j12/1.7.25/slf4j-log4j12-1.7.25.jar:/home/user/.m2/repository/org/apache/hadoop/hadoop-ozone-objectstore-service/0.5.0-SNAPSHOT/hadoop-ozone-objectstore-service-0.5.0-SNAPSHOT.jar:/home/user/.m2/repository/org/apache/hadoop/hadoop-ozone-s3gateway/0.5.0-SNAPSHOT/hadoop-ozone-s3gateway-0.5.0-SNAPSHOT.jar:/home/user/.m2/repository/org/jboss/weld/servlet/weld-servlet/2.4.7.Final/weld-servlet-2.4.7.Final.jar:/home/user/.m2/repository/org/glassfish/jersey/containers/jersey-container-servlet-core/2.27/jersey-container-servlet-core-2.27.jar:/home/user/.m2/repository/org/glassfish/hk2/external/javax.inject/2.5.0-b42/javax.inject-2.5.0-b42.jar:/home/user/.m2/repository/org/glassfish/jersey/core/jersey-common/2.27/jersey-common-2.27.jar:/home/user/.m2/repository/org/glassfish/hk2/osgi-resource-locator/1.0.1/osgi-resource-locator-1.0.1.jar:/home/user/.m2/repository/javax/ws/rs/javax.ws.rs-api/2.1/javax.ws.rs-api-2.1.jar:/home/user/.m2/repository/org/glassfish/jersey/ext/cdi/jersey-cdi1x/2.27/jersey-cdi1x-2.27.jar:/home/user/.m2/repository/org/glassfish/jersey/inject/jersey-hk2/2.27/jersey-hk2-2.27.jar:/home/user/.m2/repository/org/glassfish/hk2/hk2-locator/2.5.0-b42/hk2-locator-2.5.0-b42.jar:/home/user/.m2/repository/org/javassist/javassist/3.22.0-CR2/javassist-3.22.0-CR2.jar:/home/user/.m2/repository/org/glassfish/hk2/hk2-api/2.5.0/hk2-api-2.5.0.jar:/home/user/.m2/repository/org/glassfish/hk2/external/jakarta.inject/2.5.0/jakarta.inject-2.5.0.jar:/home/user/.m2/repository/org/glassfish/hk2/hk2-utils/2.5.0/hk2-utils-2.5.0.jar:/home/user/.m2/repository/jakarta/annotation/jakarta.annotation-api/1.3.4/jakarta.annotation-api-1.3.4.jar:/home/user/.m2/repository/org/glassfish/hk2/external/aopalliance-repackaged/2.5.0/aopalliance-repackaged-2.5.0.jar:/home/user/.m2/repository/com/fasterxml/jackson/dataformat/jackson-dataformat-xml/2.9.0/jackson-dataformat-xml-2.9.0.jar:/home/user/.m2/repository/com/fasterxml/jackson/core/jackson-core/2.9.5/jackson-core-2.9.5.jar:/home/user/.m2/repository/com/fasterxml/jackson/module/jackson-module-jaxb-annotations/2.9.5/jackson-module-jaxb-annotations-2.9.5.jar:/home/user/.m2/repository/javax/enterprise/cdi-api/1.2/cdi-api-1.2.jar:/home/user/.m2/repository/javax/el/javax.el-api/3.0.0/javax.el-api-3.0.0.jar:/home/user/.m2/repository/javax/interceptor/javax.interceptor-api/1.2/javax.interceptor-api-1.2.jar:/home/user/.m2/repository/javax/inject/javax.inject/1/javax.inject-1.jar:/home/user/.m2/repository/com/sun/xml/bind/jaxb-impl/2.3.0.1/jaxb-impl-2.3.0.1.jar:/home/user/.m2/repository/com/sun/xml/bind/jaxb-core/2.3.0.1/jaxb-core-2.3.0.1.jar:/home/user/.m2/repository/javax/xml/bind/jaxb-api/2.3.0/jaxb-api-2.3.0.jar:/home/user/.m2/repository/javax/activation/activation/1.1.1/activation-1.1.1.jar:/home/user/.m2/repository/org/apache/hadoop/hadoop-ozone-csi/0.5.0-SNAPSHOT/hadoop-ozone-csi-0.5.0-SNAPSHOT.jar:/home/user/.m2/repository/com/google/protobuf/protobuf-java-util/3.5.1/protobuf-java-util-3.5.1.jar:/home/user/.m2/repository/org/apache/hadoop/hadoop-hdds-config/0.5.0-SNAPSHOT/hadoop-hdds-config-0.5.0-SNAPSHOT.jar:/home/user/.m2/repository/io/grpc/grpc-netty/1.17.1/grpc-netty-1.17.1.jar:/home/user/.m2/repository/io/grpc/grpc-core/1.17.1/grpc-core-1.17.1.jar:/home/user/.m2/repository/io/grpc/grpc-context/1.17.1/grpc-context-1.17.1.jar:/home/user/.m2/repository/com/google/errorprone/error_prone_annotations/2.2.0/error_prone_annotations-2.2.0.jar:/home/user/.m2/repository/org/codehaus/mojo/animal-sniffer-annotations/1.17/animal-sniffer-annotations-1.17.jar:/home/user/.m2/repository/io/opencensus/opencensus-api/0.17.0/opencensus-api-0.17.0.jar:/home/user/.m2/repository/io/opencensus/opencensus-contrib-grpc-metrics/0.17.0/opencensus-contrib-grpc-metrics-0.17.0.jar:/home/user/.m2/repository/io/netty/netty-codec-http2/4.1.30.Final/netty-codec-http2-4.1.30.Final.jar:/home/user/.m2/repository/io/netty/netty-codec-http/4.1.30.Final/netty-codec-http-4.1.30.Final.jar:/home/user/.m2/repository/io/netty/netty-codec/4.1.30.Final/netty-codec-4.1.30.Final.jar:/home/user/.m2/repository/io/netty/netty-handler/4.1.30.Final/netty-handler-4.1.30.Final.jar:/home/user/.m2/repository/io/netty/netty-handler-proxy/4.1.30.Final/netty-handler-proxy-4.1.30.Final.jar:/home/user/.m2/repository/io/netty/netty-codec-socks/4.1.30.Final/netty-codec-socks-4.1.30.Final.jar:/home/user/.m2/repository/io/netty/netty-transport-native-epoll/4.1.30.Final/netty-transport-native-epoll-4.1.30.Final.jar:/home/user/.m2/repository/io/netty/netty-common/4.1.30.Final/netty-common-4.1.30.Final.jar:/home/user/.m2/repository/io/netty/netty-buffer/4.1.30.Final/netty-buffer-4.1.30.Final.jar:/home/user/.m2/repository/io/netty/netty-transport/4.1.30.Final/netty-transport-4.1.30.Final.jar:/home/user/.m2/repository/io/netty/netty-resolver/4.1.30.Final/netty-resolver-4.1.30.Final.jar:/home/user/.m2/repository/io/netty/netty-transport-native-unix-common/4.1.30.Final/netty-transport-native-unix-common-4.1.30.Final.jar:/home/user/.m2/repository/io/grpc/grpc-protobuf/1.17.1/grpc-protobuf-1.17.1.jar:/home/user/.m2/repository/com/google/api/grpc/proto-google-common-protos/1.0.0/proto-google-common-protos-1.0.0.jar:/home/user/.m2/repository/io/grpc/grpc-protobuf-lite/1.17.1/grpc-protobuf-lite-1.17.1.jar:/home/user/.m2/repository/io/grpc/grpc-stub/1.17.1/grpc-stub-1.17.1.jar:/home/user/.m2/repository/org/apache/hadoop/hadoop-ozone-recon/0.5.0-SNAPSHOT/hadoop-ozone-recon-0.5.0-SNAPSHOT.jar:/home/user/.m2/repository/org/apache/hadoop/hadoop-ozone-reconcodegen/0.5.0-SNAPSHOT/hadoop-ozone-reconcodegen-0.5.0-SNAPSHOT.jar:/home/user/.m2/repository/com/google/inject/extensions/guice-multibindings/4.0/guice-multibindings-4.0.jar:/home/user/.m2/repository/com/google/inject/guice/4.0/guice-4.0.jar:/home/user/.m2/repository/aopalliance/aopalliance/1.0/aopalliance-1.0.jar:/home/user/.m2/repository/com/google/inject/extensions/guice-servlet/4.0/guice-servlet-4.0.jar:/home/user/.m2/repository/org/glassfish/jersey/containers/jersey-container-servlet/2.27/jersey-container-servlet-2.27.jar:/home/user/.m2/repository/org/glassfish/hk2/guice-bridge/2.5.0/guice-bridge-2.5.0.jar:/home/user/.m2/repository/org/glassfish/jersey/core/jersey-server/2.27/jersey-server-2.27.jar:/home/user/.m2/repository/org/glassfish/jersey/core/jersey-client/2.27/jersey-client-2.27.jar:/home/user/.m2/repository/org/glassfish/jersey/media/jersey-media-jaxb/2.27/jersey-media-jaxb-2.27.jar:/home/user/.m2/repository/javax/validation/validation-api/1.1.0.Final/validation-api-1.1.0.Final.jar:/home/user/.m2/repository/org/glassfish/jersey/media/jersey-media-json-jackson/2.27/jersey-media-json-jackson-2.27.jar:/home/user/.m2/repository/org/glassfish/jersey/ext/jersey-entity-filtering/2.27/jersey-entity-filtering-2.27.jar:/home/user/.m2/repository/com/google/inject/extensions/guice-assistedinject/4.0/guice-assistedinject-4.0.jar:/home/user/.m2/repository/org/jooq/jooq/3.11.10/jooq-3.11.10.jar:/home/user/.m2/repository/org/jooq/jooq-meta/3.11.10/jooq-meta-3.11.10.jar:/home/user/.m2/repository/org/jooq/jooq-codegen/3.11.10/jooq-codegen-3.11.10.jar:/home/user/.m2/repository/com/jolbox/bonecp/0.8.0.RELEASE/bonecp-0.8.0.RELEASE.jar:/home/user/.m2/repository/org/xerial/sqlite-jdbc/3.25.2/sqlite-jdbc-3.25.2.jar:/home/user/.m2/repository/org/springframework/spring-jdbc/5.1.3.RELEASE/spring-jdbc-5.1.3.RELEASE.jar:/home/user/.m2/repository/org/springframework/spring-beans/5.1.3.RELEASE/spring-beans-5.1.3.RELEASE.jar:/home/user/.m2/repository/org/springframework/spring-core/5.1.3.RELEASE/spring-core-5.1.3.RELEASE.jar:/home/user/.m2/repository/org/springframework/spring-jcl/5.1.3.RELEASE/spring-jcl-5.1.3.RELEASE.jar:/home/user/.m2/repository/org/springframework/spring-tx/5.1.3.RELEASE/spring-tx-5.1.3.RELEASE.jar:/home/user/.m2/repository/org/apache/hadoop/hadoop-ozone-client/0.5.0-SNAPSHOT/hadoop-ozone-client-0.5.0-SNAPSHOT.jar:/home/user/.m2/repository/commons-lang/commons-lang/2.6/commons-lang-2.6.jar:/home/user/.m2/repository/org/apache/hadoop/hadoop-ozone-ozone-manager/0.5.0-SNAPSHOT/hadoop-ozone-ozone-manager-0.5.0-SNAPSHOT-tests.jar:/home/user/.m2/repository/junit/junit/4.11/junit-4.11.jar:/home/user/.m2/repository/org/hamcrest/hamcrest-core/1.3/hamcrest-core-1.3.jar:/home/user/.m2/repository/org/openjdk/jmh/jmh-core/1.19/jmh-core-1.19.jar:/home/user/.m2/repository/net/sf/jopt-simple/jopt-simple/4.6/jopt-simple-4.6.jar:/home/user/.m2/repository/org/apache/commons/commons-math3/3.1.1/commons-math3-3.1.1.jar:/home/user/.m2/repository/org/openjdk/jmh/jmh-generator-annprocess/1.19/jmh-generator-annprocess-1.19.jar:/home/user/.m2/repository/org/mockito/mockito-all/1.8.5/mockito-all-1.8.5.jar:/home/user/.m2/repository/org/apache/hadoop/hadoop-kms/3.2.0/hadoop-kms-3.2.0.jar:/home/user/.m2/repository/org/apache/hadoop/hadoop-auth/3.2.0/hadoop-auth-3.2.0.jar:/home/user/.m2/repository/com/nimbusds/nimbus-jose-jwt/4.41.1/nimbus-jose-jwt-4.41.1.jar:/home/user/.m2/repository/com/github/stephenc/jcip/jcip-annotations/1.0-1/jcip-annotations-1.0-1.jar:/home/user/.m2/repository/net/minidev/json-smart/2.3/json-smart-2.3.jar:/home/user/.m2/repository/net/minidev/accessors-smart/1.2/accessors-smart-1.2.jar:/home/user/.m2/repository/org/ow2/asm/asm/5.0.4/asm-5.0.4.jar:/home/user/.m2/repository/org/apache/curator/curator-framework/2.12.0/curator-framework-2.12.0.jar:/home/user/.m2/repository/com/sun/jersey/jersey-core/1.19/jersey-core-1.19.jar:/home/user/.m2/repository/javax/ws/rs/jsr311-api/1.1.1/jsr311-api-1.1.1.jar:/home/user/.m2/repository/com/sun/jersey/jersey-server/1.19/jersey-server-1.19.jar:/home/user/.m2/repository/javax/servlet/javax.servlet-api/3.1.0/javax.servlet-api-3.1.0.jar:/home/user/.m2/repository/org/eclipse/jetty/jetty-server/9.3.24.v20180605/jetty-server-9.3.24.v20180605.jar:/home/user/.m2/repository/org/eclipse/jetty/jetty-http/9.3.24.v20180605/jetty-http-9.3.24.v20180605.jar:/home/user/.m2/repository/org/eclipse/jetty/jetty-io/9.3.24.v20180605/jetty-io-9.3.24.v20180605.jar:/home/user/.m2/repository/org/eclipse/jetty/jetty-webapp/9.3.24.v20180605/jetty-webapp-9.3.24.v20180605.jar:/home/user/.m2/repository/org/eclipse/jetty/jetty-xml/9.3.24.v20180605/jetty-xml-9.3.24.v20180605.jar:/home/user/.m2/repository/log4j/log4j/1.2.17/log4j-1.2.17.jar:/home/user/.m2/repository/org/slf4j/slf4j-api/1.7.25/slf4j-api-1.7.25.jar:/home/user/.m2/repository/org/slf4j/jul-to-slf4j/1.7.25/jul-to-slf4j-1.7.25.jar:/home/user/.m2/repository/org/eclipse/jetty/jetty-util/9.3.24.v20180605/jetty-util-9.3.24.v20180605.jar:/home/user/.m2/repository/com/fasterxml/jackson/core/jackson-databind/2.9.5/jackson-databind-2.9.5.jar:/home/user/.m2/repository/org/apache/hadoop/hadoop-kms/3.2.0/hadoop-kms-3.2.0-tests.jar:/home/user/.m2/repository/org/apache/hadoop/hadoop-hdds-server-scm/0.5.0-SNAPSHOT/hadoop-hdds-server-scm-0.5.0-SNAPSHOT-tests.jar:/home/user/.m2/repository/org/apache/hadoop/hadoop-hdds-container-service/0.5.0-SNAPSHOT/hadoop-hdds-container-service-0.5.0-SNAPSHOT-tests.jar:/home/user/.m2/repository/org/yaml/snakeyaml/1.16/snakeyaml-1.16.jar:/home/user/.m2/repository/org/apache/hadoop/hadoop-common/3.2.0/hadoop-common-3.2.0-tests.jar:/home/user/.m2/repository/org/apache/hadoop/hadoop-annotations/3.2.0/hadoop-annotations-3.2.0.jar:/usr/lib/jvm/java-1.8-openjdk/jre/../lib/tools.jar:/home/user/.m2/repository/commons-cli/commons-cli/1.2/commons-cli-1.2.jar:/home/user/.m2/repository/org/apache/httpcomponents/httpclient/4.5.2/httpclient-4.5.2.jar:/home/user/.m2/repository/org/apache/httpcomponents/httpcore/4.4.4/httpcore-4.4.4.jar:/home/user/.m2/repository/commons-codec/commons-codec/1.11/commons-codec-1.11.jar:/home/user/.m2/repository/commons-net/commons-net/3.6/commons-net-3.6.jar:/home/user/.m2/repository/commons-collections/commons-collections/3.2.2/commons-collections-3.2.2.jar:/home/user/.m2/repository/org/eclipse/jetty/jetty-servlet/9.3.24.v20180605/jetty-servlet-9.3.24.v20180605.jar:/home/user/.m2/repository/org/eclipse/jetty/jetty-security/9.3.24.v20180605/jetty-security-9.3.24.v20180605.jar:/home/user/.m2/repository/javax/servlet/jsp/jsp-api/2.1/jsp-api-2.1.jar:/home/user/.m2/repository/com/sun/jersey/jersey-servlet/1.19/jersey-servlet-1.19.jar:/home/user/.m2/repository/com/sun/jersey/jersey-json/1.19/jersey-json-1.19.jar:/home/user/.m2/repository/org/codehaus/jettison/jettison/1.1/jettison-1.1.jar:/home/user/.m2/repository/org/codehaus/jackson/jackson-core-asl/1.9.13/jackson-core-asl-1.9.13.jar:/home/user/.m2/repository/org/codehaus/jackson/jackson-mapper-asl/1.9.13/jackson-mapper-asl-1.9.13.jar:/home/user/.m2/repository/org/codehaus/jackson/jackson-jaxrs/1.9.13/jackson-jaxrs-1.9.13.jar:/home/user/.m2/repository/org/codehaus/jackson/jackson-xc/1.9.13/jackson-xc-1.9.13.jar:/home/user/.m2/repository/commons-logging/commons-logging/1.1.3/commons-logging-1.1.3.jar:/home/user/.m2/repository/commons-beanutils/commons-beanutils/1.9.3/commons-beanutils-1.9.3.jar:/home/user/.m2/repository/org/apache/commons/commons-configuration2/2.1.1/commons-configuration2-2.1.1.jar:/home/user/.m2/repository/org/apache/commons/commons-lang3/3.7/commons-lang3-3.7.jar:/home/user/.m2/repository/org/apache/commons/commons-text/1.4/commons-text-1.4.jar:/home/user/.m2/repository/org/apache/avro/avro/1.7.7/avro-1.7.7.jar:/home/user/.m2/repository/com/thoughtworks/paranamer/paranamer/2.3/paranamer-2.3.jar:/home/user/.m2/repository/org/xerial/snappy/snappy-java/1.0.5/snappy-java-1.0.5.jar:/home/user/.m2/repository/com/google/re2j/re2j/1.1/re2j-1.1.jar:/home/user/.m2/repository/com/google/code/gson/gson/2.2.4/gson-2.2.4.jar:/home/user/.m2/repository/com/jcraft/jsch/0.1.54/jsch-0.1.54.jar:/home/user/.m2/repository/org/apache/curator/curator-client/2.12.0/curator-client-2.12.0.jar:/home/user/.m2/repository/org/apache/curator/curator-recipes/2.12.0/curator-recipes-2.12.0.jar:/home/user/.m2/repository/com/google/code/findbugs/jsr305/3.0.0/jsr305-3.0.0.jar:/home/user/.m2/repository/org/apache/htrace/htrace-core4/4.1.0-incubating/htrace-core4-4.1.0-incubating.jar:/home/user/.m2/repository/org/apache/zookeeper/zookeeper/3.4.13/zookeeper-3.4.13.jar:/home/user/.m2/repository/org/apache/yetus/audience-annotations/0.5.0/audience-annotations-0.5.0.jar:/home/user/.m2/repository/org/codehaus/woodstox/stax2-api/3.1.4/stax2-api-3.1.4.jar:/home/user/.m2/repository/com/fasterxml/woodstox/woodstox-core/5.0.3/woodstox-core-5.0.3.jar:/home/user/.m2/repository/dnsjava/dnsjava/2.1.7/dnsjava-2.1.7.jar:/home/user/.m2/repository/org/apache/hadoop/hadoop-hdfs/3.2.0/hadoop-hdfs-3.2.0-tests.jar:/home/user/.m2/repository/org/eclipse/jetty/jetty-util-ajax/9.3.24.v20180605/jetty-util-ajax-9.3.24.v20180605.jar:/home/user/.m2/repository/commons-daemon/commons-daemon/1.0.13/commons-daemon-1.0.13.jar:/home/user/.m2/repository/io/netty/netty/3.10.5.Final/netty-3.10.5.Final.jar:/home/user/.m2/repository/io/netty/netty-all/4.0.52.Final/netty-all-4.0.52.Final.jar:/home/user/.m2/repository/org/fusesource/leveldbjni/leveldbjni-all/1.8/leveldbjni-all-1.8.jar:"/>
    <property name="sun.cpu.endian" value="little"/>
    <property name="user.home" value="/home/user"/>
    <property name="user.language" value="en"/>
    <property name="java.specification.vendor" value="Oracle Corporation"/>
    <property name="java.home" value="/usr/lib/jvm/java-1.8-openjdk/jre"/>
    <property name="java.security.krb5.conf" value="/workdir/hadoop-ozone/integration-test/target/test-classes/krb5.conf"/>
    <property name="basedir" value="/workdir/hadoop-ozone/integration-test"/>
    <property name="file.separator" value="/"/>
    <property name="line.separator" value="&#10;"/>
    <property name="java.vm.specification.vendor" value="Oracle Corporation"/>
    <property name="java.specification.name" value="Java Platform API Specification"/>
    <property name="java.awt.graphicsenv" value="sun.awt.X11GraphicsEnvironment"/>
    <property name="surefire.real.class.path" value="/workdir/hadoop-ozone/integration-test/target/surefire/surefirebooter8834759867770520976.jar"/>
    <property name="hadoop.log.dir" value="/workdir/hadoop-ozone/integration-test/target/log"/>
    <property name="sun.boot.class.path" value="/usr/lib/jvm/java-1.8-openjdk/jre/lib/resources.jar:/usr/lib/jvm/java-1.8-openjdk/jre/lib/rt.jar:/usr/lib/jvm/java-1.8-openjdk/jre/lib/sunrsasign.jar:/usr/lib/jvm/java-1.8-openjdk/jre/lib/jsse.jar:/usr/lib/jvm/java-1.8-openjdk/jre/lib/jce.jar:/usr/lib/jvm/java-1.8-openjdk/jre/lib/charsets.jar:/usr/lib/jvm/java-1.8-openjdk/jre/lib/jfr.jar:/usr/lib/jvm/java-1.8-openjdk/jre/classes"/>
    <property name="sun.management.compiler" value="HotSpot 64-Bit Tiered Compilers"/>
    <property name="java.runtime.version" value="1.8.0_212-b04"/>
    <property name="java.net.preferIPv4Stack" value="true"/>
    <property name="user.name" value="jenkins1000"/>
    <property name="path.separator" value=":"/>
    <property name="java.security.egd" value="file:///dev/urandom"/>
    <property name="os.version" value="3.10.0-957.12.2.el7.x86_64"/>
    <property name="java.endorsed.dirs" value="/usr/lib/jvm/java-1.8-openjdk/jre/lib/endorsed"/>
    <property name="java.runtime.name" value="OpenJDK Runtime Environment"/>
    <property name="file.encoding" value="UTF-8"/>
    <property name="java.vm.name" value="OpenJDK 64-Bit Server VM"/>
    <property name="test.build.webapps" value=""/>
    <property name="localRepository" value="/home/user/.m2/repository"/>
    <property name="java.vendor.url.bug" value="https://icedtea.classpath.org/bugzilla"/>
    <property name="java.io.tmpdir" value="/tmp"/>
    <property name="require.test.libhadoop" value=""/>
    <property name="java.version" value="1.8.0_212"/>
    <property name="user.dir" value="/workdir/hadoop-ozone/integration-test"/>
    <property name="os.arch" value="amd64"/>
    <property name="java.vm.specification.name" value="Java Virtual Machine Specification"/>
    <property name="test.build.classes" value="/workdir/hadoop-ozone/integration-test/target/test-classes"/>
    <property name="java.awt.printerjob" value="sun.print.PSPrinterJob"/>
    <property name="sun.os.patch.level" value="unknown"/>
    <property name="hadoop.tmp.dir" value="/workdir/hadoop-ozone/integration-test/target/tmp"/>
    <property name="java.library.path" value="/usr/lib/jvm/java-1.8-openjdk/jre/lib/amd64/server:/usr/lib/jvm/java-1.8-openjdk/jre/lib/amd64:/usr/lib/jvm/java-1.8-openjdk/jre/../lib/amd64:/workdir/hadoop-ozone/integration-test/target/native/target/usr/local/lib:/workdir/hadoop-ozone/integration-test/../../hadoop-common-project/hadoop-common/target/native/target/usr/local/lib:/usr/java/packages/lib/amd64:/usr/lib64:/lib64:/lib:/usr/lib"/>
    <property name="java.vm.info" value="mixed mode"/>
    <property name="java.vendor" value="IcedTea"/>
    <property name="java.vm.version" value="25.212-b04"/>
    <property name="java.ext.dirs" value="/usr/lib/jvm/java-1.8-openjdk/jre/lib/ext:/usr/java/packages/lib/ext"/>
    <property name="sun.io.unicode.encoding" value="UnicodeLittle"/>
    <property name="java.class.version" value="52.0"/>
  </properties>
  <testcase name="test2DatanodesFailure" classname="org.apache.hadoop.ozone.client.rpc.TestBlockOutputStreamWithFailures" time="46.077">
    <error message="Allocated 0 blocks. Requested 1 blocks" type="INTERNAL_ERROR org.apache.hadoop.ozone.om.exceptions.OMException">INTERNAL_ERROR org.apache.hadoop.ozone.om.exceptions.OMException: Allocated 0 blocks. Requested 1 blocks
	at org.apache.hadoop.ozone.om.protocolPB.OzoneManagerProtocolClientSideTranslatorPB.handleError(OzoneManagerProtocolClientSideTranslatorPB.java:725)
	at org.apache.hadoop.ozone.om.protocolPB.OzoneManagerProtocolClientSideTranslatorPB.allocateBlock(OzoneManagerProtocolClientSideTranslatorPB.java:757)
	at org.apache.hadoop.ozone.client.io.BlockOutputStreamEntryPool.allocateNewBlock(BlockOutputStreamEntryPool.java:248)
	at org.apache.hadoop.ozone.client.io.BlockOutputStreamEntryPool.allocateBlockIfNeeded(BlockOutputStreamEntryPool.java:296)
	at org.apache.hadoop.ozone.client.io.KeyOutputStream.handleWrite(KeyOutputStream.java:201)
	at org.apache.hadoop.ozone.client.io.KeyOutputStream.handleRetry(KeyOutputStream.java:376)
	at org.apache.hadoop.ozone.client.io.KeyOutputStream.handleException(KeyOutputStream.java:325)
	at org.apache.hadoop.ozone.client.io.KeyOutputStream.handleFlushOrClose(KeyOutputStream.java:448)
	at org.apache.hadoop.ozone.client.io.KeyOutputStream.flush(KeyOutputStream.java:396)
	at org.apache.hadoop.ozone.client.io.OzoneOutputStream.flush(OzoneOutputStream.java:54)
	at org.apache.hadoop.ozone.client.rpc.TestBlockOutputStreamWithFailures.test2DatanodesFailure(TestBlockOutputStreamWithFailures.java:502)
	at sun.reflect.NativeMethodAccessorImpl.invoke0(Native Method)
	at sun.reflect.NativeMethodAccessorImpl.invoke(NativeMethodAccessorImpl.java:62)
	at sun.reflect.DelegatingMethodAccessorImpl.invoke(DelegatingMethodAccessorImpl.java:43)
	at java.lang.reflect.Method.invoke(Method.java:498)
	at org.junit.runners.model.FrameworkMethod$1.runReflectiveCall(FrameworkMethod.java:47)
	at org.junit.internal.runners.model.ReflectiveCallable.run(ReflectiveCallable.java:12)
	at org.junit.runners.model.FrameworkMethod.invokeExplosively(FrameworkMethod.java:44)
	at org.junit.internal.runners.statements.InvokeMethod.evaluate(InvokeMethod.java:17)
	at org.junit.internal.runners.statements.RunBefores.evaluate(RunBefores.java:26)
	at org.junit.internal.runners.statements.RunAfters.evaluate(RunAfters.java:27)
	at org.junit.runners.ParentRunner.runLeaf(ParentRunner.java:271)
	at org.junit.runners.BlockJUnit4ClassRunner.runChild(BlockJUnit4ClassRunner.java:70)
	at org.junit.runners.BlockJUnit4ClassRunner.runChild(BlockJUnit4ClassRunner.java:50)
	at org.junit.runners.ParentRunner$3.run(ParentRunner.java:238)
	at org.junit.runners.ParentRunner$1.schedule(ParentRunner.java:63)
	at org.junit.runners.ParentRunner.runChildren(ParentRunner.java:236)
	at org.junit.runners.ParentRunner.access$000(ParentRunner.java:53)
	at org.junit.runners.ParentRunner$2.evaluate(ParentRunner.java:229)
	at org.junit.runners.ParentRunner.run(ParentRunner.java:309)
	at org.apache.maven.surefire.junit4.JUnit4Provider.execute(JUnit4Provider.java:365)
	at org.apache.maven.surefire.junit4.JUnit4Provider.executeWithRerun(JUnit4Provider.java:273)
	at org.apache.maven.surefire.junit4.JUnit4Provider.executeTestSet(JUnit4Provider.java:238)
	at org.apache.maven.surefire.junit4.JUnit4Provider.invoke(JUnit4Provider.java:159)
	at org.apache.maven.surefire.booter.ForkedBooter.invokeProviderInSameClassLoader(ForkedBooter.java:384)
	at org.apache.maven.surefire.booter.ForkedBooter.runSuitesInProcess(ForkedBooter.java:345)
	at org.apache.maven.surefire.booter.ForkedBooter.execute(ForkedBooter.java:126)
	at org.apache.maven.surefire.booter.ForkedBooter.main(ForkedBooter.java:418)
</error>
    <system-out><![CDATA[2019-08-21 19:54:22,420 [main] WARN  server.ServerUtils (ServerUtils.java:getScmDbDir(145)) - ozone.scm.db.dirs is not configured. We recommend adding this setting. Falling back to ozone.metadata.dirs instead.
2019-08-21 19:54:22,525 [main] WARN  server.ServerUtils (ServerUtils.java:getScmDbDir(145)) - ozone.scm.db.dirs is not configured. We recommend adding this setting. Falling back to ozone.metadata.dirs instead.
2019-08-21 19:54:22,527 [main] WARN  server.ServerUtils (ServerUtils.java:getScmDbDir(145)) - ozone.scm.db.dirs is not configured. We recommend adding this setting. Falling back to ozone.metadata.dirs instead.
2019-08-21 19:54:22,541 [main] INFO  util.log (Log.java:initialized(192)) - Logging initialized @870ms
2019-08-21 19:54:22,619 [main] INFO  db.DBStoreBuilder (DBStoreBuilder.java:addTable(110)) - using custom profile for table: deletedBlocks
2019-08-21 19:54:22,619 [main] INFO  db.DBStoreBuilder (DBStoreBuilder.java:processTables(161)) - Using default column profile:DBProfile.DISK for Table:deletedBlocks
2019-08-21 19:54:22,620 [main] INFO  db.DBStoreBuilder (DBStoreBuilder.java:addTable(110)) - using custom profile for table: validCerts
2019-08-21 19:54:22,620 [main] INFO  db.DBStoreBuilder (DBStoreBuilder.java:processTables(161)) - Using default column profile:DBProfile.DISK for Table:validCerts
2019-08-21 19:54:22,621 [main] INFO  db.DBStoreBuilder (DBStoreBuilder.java:addTable(110)) - using custom profile for table: revokedCerts
2019-08-21 19:54:22,622 [main] INFO  db.DBStoreBuilder (DBStoreBuilder.java:processTables(161)) - Using default column profile:DBProfile.DISK for Table:revokedCerts
2019-08-21 19:54:22,642 [main] INFO  db.DBStoreBuilder (DBStoreBuilder.java:addTable(110)) - using custom profile for table: default
2019-08-21 19:54:22,642 [main] INFO  db.DBStoreBuilder (DBStoreBuilder.java:processTables(167)) - Using default column profile:DBProfile.DISK for Table:default
2019-08-21 19:54:22,644 [main] INFO  db.DBStoreBuilder (DBStoreBuilder.java:getDbProfile(198)) - Using default options. DBProfile.DISK
2019-08-21 19:54:22,845 [main] INFO  net.NodeSchemaLoader (NodeSchemaLoader.java:loadSchemaFromFile(125)) - Loading file from sun.misc.CompoundEnumeration@5f058f00
2019-08-21 19:54:22,847 [main] INFO  net.NodeSchemaLoader (NodeSchemaLoader.java:loadSchema(171)) - Loading network topology layer schema file
2019-08-21 19:54:22,931 [main] INFO  node.SCMNodeManager (SCMNodeManager.java:<init>(121)) - Entering startup safe mode.
2019-08-21 19:54:23,032 [main] INFO  algorithms.ContainerPlacementPolicyFactory (ContainerPlacementPolicyFactory.java:getPolicy(55)) - Create container placement policy of type org.apache.hadoop.hdds.scm.container.placement.algorithms.SCMContainerPlacementRandom
2019-08-21 19:54:23,051 [main] WARN  server.ServerUtils (ServerUtils.java:getScmDbDir(145)) - ozone.scm.db.dirs is not configured. We recommend adding this setting. Falling back to ozone.metadata.dirs instead.
2019-08-21 19:54:23,115 [main] INFO  pipeline.SCMPipelineManager (SCMPipelineManager.java:initializePipelineState(126)) - No pipeline exists in current db
2019-08-21 19:54:23,118 [main] WARN  server.ServerUtils (ServerUtils.java:getScmDbDir(145)) - ozone.scm.db.dirs is not configured. We recommend adding this setting. Falling back to ozone.metadata.dirs instead.
2019-08-21 19:54:23,255 [main] WARN  events.EventQueue (EventQueue.java:fireEvent(175)) - No event handler registered for event TypedEvent{payloadType=SafeModeStatus, name='SafeModeStatus'}
2019-08-21 19:54:23,779 [main] INFO  ipc.CallQueueManager (CallQueueManager.java:<init>(84)) - Using callQueue: class java.util.concurrent.LinkedBlockingQueue, queueCapacity: 2000, scheduler: class org.apache.hadoop.ipc.DefaultRpcScheduler, ipcBackoff: false.
2019-08-21 19:54:24,164 [Socket Reader #1 for port 41780] INFO  ipc.Server (Server.java:run(1074)) - Starting Socket Reader #1 for port 41780
2019-08-21 19:54:24,196 [main] INFO  ipc.CallQueueManager (CallQueueManager.java:<init>(84)) - Using callQueue: class java.util.concurrent.LinkedBlockingQueue, queueCapacity: 2000, scheduler: class org.apache.hadoop.ipc.DefaultRpcScheduler, ipcBackoff: false.
2019-08-21 19:54:24,197 [Socket Reader #1 for port 32841] INFO  ipc.Server (Server.java:run(1074)) - Starting Socket Reader #1 for port 32841
2019-08-21 19:54:24,207 [main] INFO  ipc.CallQueueManager (CallQueueManager.java:<init>(84)) - Using callQueue: class java.util.concurrent.LinkedBlockingQueue, queueCapacity: 2000, scheduler: class org.apache.hadoop.ipc.DefaultRpcScheduler, ipcBackoff: false.
2019-08-21 19:54:24,207 [Socket Reader #1 for port 33655] INFO  ipc.Server (Server.java:run(1074)) - Starting Socket Reader #1 for port 33655
2019-08-21 19:54:24,231 [main] INFO  hdfs.DFSUtil (DFSUtil.java:httpServerTemplateForNNAndJN(1641)) - Starting Web-server for scm at: http://0.0.0.0:0
2019-08-21 19:54:24,397 [main] INFO  server.AuthenticationFilter (AuthenticationFilter.java:constructSecretProvider(240)) - Unable to initialize FileSignerSecretProvider, falling back to use random secrets.
2019-08-21 19:54:24,406 [main] WARN  http.HttpRequestLog (HttpRequestLog.java:getRequestLog(97)) - Jetty request log can only be enabled using Log4j
2019-08-21 19:54:24,415 [main] INFO  http.HttpServer2 (HttpServer2.java:addGlobalFilter(975)) - Added global filter 'safety' (class=org.apache.hadoop.http.HttpServer2$QuotingInputFilter)
2019-08-21 19:54:24,418 [main] INFO  http.HttpServer2 (HttpServer2.java:addFilter(948)) - Added filter static_user_filter (class=org.apache.hadoop.http.lib.StaticUserWebFilter$StaticUserFilter) to context scm
2019-08-21 19:54:24,418 [main] INFO  http.HttpServer2 (HttpServer2.java:addFilter(958)) - Added filter static_user_filter (class=org.apache.hadoop.http.lib.StaticUserWebFilter$StaticUserFilter) to context logs
2019-08-21 19:54:24,418 [main] INFO  http.HttpServer2 (HttpServer2.java:addFilter(958)) - Added filter static_user_filter (class=org.apache.hadoop.http.lib.StaticUserWebFilter$StaticUserFilter) to context static
2019-08-21 19:54:24,452 [main] INFO  server.StorageContainerManager (StorageContainerManager.java:start(759)) - StorageContainerLocationProtocol RPC server is listening at /0.0.0.0:33655
2019-08-21 19:54:24,529 [main] WARN  impl.MetricsConfig (MetricsConfig.java:loadFirst(134)) - Cannot locate configuration: tried hadoop-metrics2-storagecontainermanager.properties,hadoop-metrics2.properties
2019-08-21 19:54:24,543 [main] INFO  impl.MetricsSystemImpl (MetricsSystemImpl.java:startTimer(374)) - Scheduled Metric snapshot period at 10 second(s).
2019-08-21 19:54:24,544 [main] INFO  impl.MetricsSystemImpl (MetricsSystemImpl.java:start(191)) - StorageContainerManager metrics system started
2019-08-21 19:54:24,794 [main] INFO  server.SCMClientProtocolServer (SCMClientProtocolServer.java:start(151)) - RPC server for Client  is listening at /0.0.0.0:33655
2019-08-21 19:54:24,795 [IPC Server Responder] INFO  ipc.Server (Server.java:run(1314)) - IPC Server Responder: starting
2019-08-21 19:54:24,795 [IPC Server listener on 33655] INFO  ipc.Server (Server.java:run(1153)) - IPC Server listener on 33655: starting
2019-08-21 19:54:24,798 [main] INFO  server.StorageContainerManager (StorageContainerManager.java:start(769)) - ScmBlockLocationProtocol RPC server is listening at /0.0.0.0:32841
2019-08-21 19:54:24,798 [main] INFO  server.SCMBlockProtocolServer (SCMBlockProtocolServer.java:start(140)) - RPC server for Block Protocol is listening at /0.0.0.0:32841
2019-08-21 19:54:24,799 [IPC Server Responder] INFO  ipc.Server (Server.java:run(1314)) - IPC Server Responder: starting
2019-08-21 19:54:24,799 [IPC Server listener on 32841] INFO  ipc.Server (Server.java:run(1153)) - IPC Server listener on 32841: starting
2019-08-21 19:54:24,802 [main] INFO  server.StorageContainerManager (StorageContainerManager.java:start(773)) - ScmDatanodeProtocl RPC server is listening at /0.0.0.0:41780
2019-08-21 19:54:24,802 [main] INFO  server.SCMDatanodeProtocolServer (SCMDatanodeProtocolServer.java:start(191)) - RPC server for DataNodes is listening at /0.0.0.0:41780
2019-08-21 19:54:24,802 [IPC Server Responder] INFO  ipc.Server (Server.java:run(1314)) - IPC Server Responder: starting
2019-08-21 19:54:24,803 [IPC Server listener on 41780] INFO  ipc.Server (Server.java:run(1153)) - IPC Server listener on 41780: starting
2019-08-21 19:54:24,807 [main] INFO  http.HttpServer2 (HttpServer2.java:bindListener(1191)) - Jetty bound to port 34564
2019-08-21 19:54:24,809 [main] INFO  server.Server (Server.java:doStart(351)) - jetty-9.3.24.v20180605, build timestamp: 2018-06-05T17:11:56Z, git hash: 84205aa28f11a4f31f2a3b86d1bba2cc8ab69827
2019-08-21 19:54:24,848 [main] INFO  handler.ContextHandler (ContextHandler.java:doStart(781)) - Started o.e.j.s.ServletContextHandler@5286c33a{/logs,file:///workdir/hadoop-ozone/integration-test/target/log,AVAILABLE}
2019-08-21 19:54:24,849 [main] INFO  handler.ContextHandler (ContextHandler.java:doStart(781)) - Started o.e.j.s.ServletContextHandler@5c530d1e{/static,file:///workdir/hadoop-ozone/integration-test/target/test-classes/webapps/static,AVAILABLE}
2019-08-21 19:54:24,883 [main] INFO  handler.ContextHandler (ContextHandler.java:doStart(781)) - Started o.e.j.w.WebAppContext@48f5bde6{/,file:///workdir/hadoop-ozone/integration-test/target/test-classes/webapps/scm/,AVAILABLE}{/scm}
2019-08-21 19:54:24,889 [main] INFO  server.AbstractConnector (AbstractConnector.java:doStart(278)) - Started ServerConnector@6d511b5f{HTTP/1.1,[http/1.1]}{0.0.0.0:34564}
2019-08-21 19:54:24,890 [main] INFO  server.Server (Server.java:doStart(419)) - Started @3219ms
2019-08-21 19:54:24,891 [main] INFO  server.BaseHttpServer (BaseHttpServer.java:updateConnectorAddress(213)) - HTTP server of SCM is listening at http://0.0.0.0:34564
2019-08-21 19:54:24,896 [org.apache.hadoop.util.JvmPauseMonitor$Monitor@3b1bb3ab] INFO  util.JvmPauseMonitor (JvmPauseMonitor.java:run(188)) - Starting JVM pause monitor
2019-08-21 19:54:24,899 [main] WARN  server.ServerUtils (ServerUtils.java:getDBPath(222)) - ozone.om.db.dirs is not configured. We recommend adding this setting. Falling back to ozone.metadata.dirs instead.
2019-08-21 19:54:24,991 [main] WARN  server.ServerUtils (ServerUtils.java:getDBPath(222)) - ozone.om.db.dirs is not configured. We recommend adding this setting. Falling back to ozone.metadata.dirs instead.
2019-08-21 19:54:24,992 [main] WARN  server.ServerUtils (ServerUtils.java:getDBPath(222)) - ozone.om.db.dirs is not configured. We recommend adding this setting. Falling back to ozone.metadata.dirs instead.
2019-08-21 19:54:24,993 [main] INFO  om.OzoneManager (OzoneManager.java:setOMNodeDetails(648)) - OM Service ID is not set. Setting it to the default ID: omServiceIdDefault
2019-08-21 19:54:24,993 [main] INFO  om.OzoneManager (OzoneManager.java:setOMNodeDetails(654)) - OM Node ID is not set. Setting it to the OmStorage's OmID: c02b51c5-3764-4385-8109-5a3a0fc25840
2019-08-21 19:54:24,994 [main] INFO  om.OzoneManager (OzoneManager.java:loadOMHAConfigs(605)) - Found matching OM address with OMServiceId: null, OMNodeId: null, RPC Address: localhost:0 and Ratis port: 9872
2019-08-21 19:54:25,240 | INFO  | SCMAudit | user=jenkins1000 | ip=192.168.157.235 | op=GET_SCM_INFO null | ret=SUCCESS |  
2019-08-21 19:54:25,718 [main] WARN  server.ServerUtils (ServerUtils.java:getDBPath(222)) - ozone.om.db.dirs is not configured. We recommend adding this setting. Falling back to ozone.metadata.dirs instead.
2019-08-21 19:54:25,726 [main] INFO  db.DBStoreBuilder (DBStoreBuilder.java:addTable(110)) - using custom profile for table: userTable
2019-08-21 19:54:25,727 [main] INFO  db.DBStoreBuilder (DBStoreBuilder.java:processTables(161)) - Using default column profile:DBProfile.DISK for Table:userTable
2019-08-21 19:54:25,727 [main] INFO  db.DBStoreBuilder (DBStoreBuilder.java:addTable(110)) - using custom profile for table: volumeTable
2019-08-21 19:54:25,727 [main] INFO  db.DBStoreBuilder (DBStoreBuilder.java:processTables(161)) - Using default column profile:DBProfile.DISK for Table:volumeTable
2019-08-21 19:54:25,727 [main] INFO  db.DBStoreBuilder (DBStoreBuilder.java:addTable(110)) - using custom profile for table: bucketTable
2019-08-21 19:54:25,728 [main] INFO  db.DBStoreBuilder (DBStoreBuilder.java:processTables(161)) - Using default column profile:DBProfile.DISK for Table:bucketTable
2019-08-21 19:54:25,728 [main] INFO  db.DBStoreBuilder (DBStoreBuilder.java:addTable(110)) - using custom profile for table: keyTable
2019-08-21 19:54:25,728 [main] INFO  db.DBStoreBuilder (DBStoreBuilder.java:processTables(161)) - Using default column profile:DBProfile.DISK for Table:keyTable
2019-08-21 19:54:25,728 [main] INFO  db.DBStoreBuilder (DBStoreBuilder.java:addTable(110)) - using custom profile for table: deletedTable
2019-08-21 19:54:25,729 [main] INFO  db.DBStoreBuilder (DBStoreBuilder.java:processTables(161)) - Using default column profile:DBProfile.DISK for Table:deletedTable
2019-08-21 19:54:25,729 [main] INFO  db.DBStoreBuilder (DBStoreBuilder.java:addTable(110)) - using custom profile for table: openKeyTable
2019-08-21 19:54:25,729 [main] INFO  db.DBStoreBuilder (DBStoreBuilder.java:processTables(161)) - Using default column profile:DBProfile.DISK for Table:openKeyTable
2019-08-21 19:54:25,729 [main] INFO  db.DBStoreBuilder (DBStoreBuilder.java:addTable(110)) - using custom profile for table: s3Table
2019-08-21 19:54:25,730 [main] INFO  db.DBStoreBuilder (DBStoreBuilder.java:processTables(161)) - Using default column profile:DBProfile.DISK for Table:s3Table
2019-08-21 19:54:25,730 [main] INFO  db.DBStoreBuilder (DBStoreBuilder.java:addTable(110)) - using custom profile for table: multipartInfoTable
2019-08-21 19:54:25,730 [main] INFO  db.DBStoreBuilder (DBStoreBuilder.java:processTables(161)) - Using default column profile:DBProfile.DISK for Table:multipartInfoTable
2019-08-21 19:54:25,730 [main] INFO  db.DBStoreBuilder (DBStoreBuilder.java:addTable(110)) - using custom profile for table: dTokenTable
2019-08-21 19:54:25,731 [main] INFO  db.DBStoreBuilder (DBStoreBuilder.java:processTables(161)) - Using default column profile:DBProfile.DISK for Table:dTokenTable
2019-08-21 19:54:25,731 [main] INFO  db.DBStoreBuilder (DBStoreBuilder.java:addTable(110)) - using custom profile for table: s3SecretTable
2019-08-21 19:54:25,731 [main] INFO  db.DBStoreBuilder (DBStoreBuilder.java:processTables(161)) - Using default column profile:DBProfile.DISK for Table:s3SecretTable
2019-08-21 19:54:25,732 [main] INFO  db.DBStoreBuilder (DBStoreBuilder.java:addTable(110)) - using custom profile for table: prefixTable
2019-08-21 19:54:25,732 [main] INFO  db.DBStoreBuilder (DBStoreBuilder.java:processTables(161)) - Using default column profile:DBProfile.DISK for Table:prefixTable
2019-08-21 19:54:25,732 [main] INFO  db.DBStoreBuilder (DBStoreBuilder.java:addTable(110)) - using custom profile for table: default
2019-08-21 19:54:25,732 [main] INFO  db.DBStoreBuilder (DBStoreBuilder.java:processTables(167)) - Using default column profile:DBProfile.DISK for Table:default
2019-08-21 19:54:25,733 [main] INFO  db.DBStoreBuilder (DBStoreBuilder.java:getDbProfile(198)) - Using default options. DBProfile.DISK
2019-08-21 19:54:26,151 [main] INFO  ipc.CallQueueManager (CallQueueManager.java:<init>(84)) - Using callQueue: class java.util.concurrent.LinkedBlockingQueue, queueCapacity: 2000, scheduler: class org.apache.hadoop.ipc.DefaultRpcScheduler, ipcBackoff: false.
2019-08-21 19:54:26,152 [Socket Reader #1 for port 44244] INFO  ipc.Server (Server.java:run(1074)) - Starting Socket Reader #1 for port 44244
2019-08-21 19:54:26,186 [main] INFO  om.OzoneManager (OzoneManager.java:start(1259)) - OzoneManager RPC server is listening at localhost/127.0.0.1:44244
2019-08-21 19:54:26,187 [main] INFO  impl.MetricsSystemImpl (MetricsSystemImpl.java:init(158)) - OzoneManager metrics system started (again)
2019-08-21 19:54:26,189 [IPC Server Responder] INFO  ipc.Server (Server.java:run(1314)) - IPC Server Responder: starting
2019-08-21 19:54:26,189 [IPC Server listener on 44244] INFO  ipc.Server (Server.java:run(1153)) - IPC Server listener on 44244: starting
2019-08-21 19:54:26,433 [main] INFO  hdfs.DFSUtil (DFSUtil.java:httpServerTemplateForNNAndJN(1641)) - Starting Web-server for ozoneManager at: http://0.0.0.0:0
2019-08-21 19:54:26,437 [main] INFO  server.AuthenticationFilter (AuthenticationFilter.java:constructSecretProvider(240)) - Unable to initialize FileSignerSecretProvider, falling back to use random secrets.
2019-08-21 19:54:26,438 [main] WARN  http.HttpRequestLog (HttpRequestLog.java:getRequestLog(97)) - Jetty request log can only be enabled using Log4j
2019-08-21 19:54:26,447 [main] INFO  http.HttpServer2 (HttpServer2.java:addGlobalFilter(975)) - Added global filter 'safety' (class=org.apache.hadoop.http.HttpServer2$QuotingInputFilter)
2019-08-21 19:54:26,449 [main] INFO  http.HttpServer2 (HttpServer2.java:addFilter(948)) - Added filter static_user_filter (class=org.apache.hadoop.http.lib.StaticUserWebFilter$StaticUserFilter) to context ozoneManager
2019-08-21 19:54:26,449 [main] INFO  http.HttpServer2 (HttpServer2.java:addFilter(958)) - Added filter static_user_filter (class=org.apache.hadoop.http.lib.StaticUserWebFilter$StaticUserFilter) to context logs
2019-08-21 19:54:26,449 [main] INFO  http.HttpServer2 (HttpServer2.java:addFilter(958)) - Added filter static_user_filter (class=org.apache.hadoop.http.lib.StaticUserWebFilter$StaticUserFilter) to context static
2019-08-21 19:54:26,453 [main] INFO  http.HttpServer2 (HttpServer2.java:bindListener(1191)) - Jetty bound to port 33899
2019-08-21 19:54:26,453 [main] INFO  server.Server (Server.java:doStart(351)) - jetty-9.3.24.v20180605, build timestamp: 2018-06-05T17:11:56Z, git hash: 84205aa28f11a4f31f2a3b86d1bba2cc8ab69827
2019-08-21 19:54:26,457 [main] INFO  handler.ContextHandler (ContextHandler.java:doStart(781)) - Started o.e.j.s.ServletContextHandler@15fa55a6{/logs,file:///workdir/hadoop-ozone/integration-test/target/log,AVAILABLE}
2019-08-21 19:54:26,458 [main] INFO  handler.ContextHandler (ContextHandler.java:doStart(781)) - Started o.e.j.s.ServletContextHandler@7fab4be7{/static,file:///workdir/hadoop-ozone/integration-test/target/test-classes/webapps/static,AVAILABLE}
2019-08-21 19:54:26,466 [main] INFO  handler.ContextHandler (ContextHandler.java:doStart(781)) - Started o.e.j.w.WebAppContext@432034a{/,file:///workdir/hadoop-ozone/integration-test/target/test-classes/webapps/ozoneManager/,AVAILABLE}{/ozoneManager}
2019-08-21 19:54:26,468 [main] INFO  server.AbstractConnector (AbstractConnector.java:doStart(278)) - Started ServerConnector@78de58ea{HTTP/1.1,[http/1.1]}{0.0.0.0:33899}
2019-08-21 19:54:26,469 [main] INFO  server.Server (Server.java:doStart(419)) - Started @4798ms
2019-08-21 19:54:26,470 [main] INFO  server.BaseHttpServer (BaseHttpServer.java:updateConnectorAddress(213)) - HTTP server of OZONEMANAGER is listening at http://0.0.0.0:33899
2019-08-21 19:54:26,648 [main] INFO  impl.MetricsSystemImpl (MetricsSystemImpl.java:init(158)) - HddsDatanode metrics system started (again)
2019-08-21 19:54:26,742 [main] INFO  ozone.HddsDatanodeService (HddsDatanodeService.java:start(184)) - HddsDatanodeService host:pr-hdds-1347-9fd45-2937924148 ip:192.168.157.235
2019-08-21 19:54:26,776 [main] INFO  volume.HddsVolume (HddsVolume.java:<init>(176)) - Creating Volume: /workdir/hadoop-ozone/integration-test/target/test-dir/MiniOzoneClusterImpl-2406ea78-f822-4bca-8bbf-8046e2560e07/datanode-0/data/containers/hdds of  storage type : DISK and capacity : 1482555576320
2019-08-21 19:54:26,778 [main] INFO  volume.VolumeSet (VolumeSet.java:initializeVolumeSet(170)) - Added Volume : /workdir/hadoop-ozone/integration-test/target/test-dir/MiniOzoneClusterImpl-2406ea78-f822-4bca-8bbf-8046e2560e07/datanode-0/data/containers/hdds to VolumeSet
2019-08-21 19:54:26,781 [main] INFO  volume.ThrottledAsyncChecker (ThrottledAsyncChecker.java:schedule(140)) - Scheduling a check for org.apache.hadoop.ozone.container.common.volume.HddsVolume@3f49e266
2019-08-21 19:54:26,800 [main] INFO  volume.HddsVolumeChecker (HddsVolumeChecker.java:checkAllVolumes(203)) - Scheduled health check for volume org.apache.hadoop.ozone.container.common.volume.HddsVolume@3f49e266
2019-08-21 19:54:26,935 [main] INFO  impl.RaftServerProxy (ConfUtils.java:logGet(43)) - raft.rpc.type = GRPC (default)
2019-08-21 19:54:27,016 [main] INFO  grpc.GrpcFactory (GrpcFactory.java:checkPooledByteBufAllocatorUseCacheForAllThreads(45)) - PERFORMANCE WARNING: useCacheForAllThreads is true that may cause Netty to create a lot garbage objects and, as a result, trigger GC.
	It is recommended to disable useCacheForAllThreads by setting -Dorg.apache.ratis.thirdparty.io.netty.allocator.useCacheForAllThreads=false in command line.
2019-08-21 19:54:27,023 [main] INFO  grpc.GrpcConfigKeys$Server (ConfUtils.java:logGet(43)) - raft.grpc.server.port = 0 (default)
2019-08-21 19:54:27,024 [main] INFO  server.GrpcService (ConfUtils.java:logGet(43)) - raft.grpc.message.size.max = 33570816 (custom)
2019-08-21 19:54:27,025 [main] INFO  server.RaftServerConfigKeys (ConfUtils.java:logGet(43)) - raft.server.log.appender.buffer.byte-limit = 33554432 (custom)
2019-08-21 19:54:27,026 [main] INFO  server.GrpcService (ConfUtils.java:logGet(43)) - raft.grpc.flow.control.window = 1MB (=1048576) (default)
2019-08-21 19:54:27,027 [main] INFO  server.RaftServerConfigKeys (ConfUtils.java:logGet(43)) - raft.server.rpc.request.timeout = 3000ms (default)
2019-08-21 19:54:27,214 [main] INFO  server.RaftServerConfigKeys (ConfUtils.java:logGet(43)) - raft.server.storage.dir = [/workdir/hadoop-ozone/integration-test/target/test-dir/MiniOzoneClusterImpl-2406ea78-f822-4bca-8bbf-8046e2560e07/datanode-0/data/ratis] (custom)
2019-08-21 19:54:27,271 [main] INFO  replication.SimpleContainerDownloader (SimpleContainerDownloader.java:<init>(72)) - Starting container downloader service to copy containers to replicate.
2019-08-21 19:54:27,289 [main] INFO  hdfs.DFSUtil (DFSUtil.java:httpServerTemplateForNNAndJN(1641)) - Starting Web-server for hddsDatanode at: http://0.0.0.0:0
2019-08-21 19:54:27,293 [main] INFO  server.AuthenticationFilter (AuthenticationFilter.java:constructSecretProvider(240)) - Unable to initialize FileSignerSecretProvider, falling back to use random secrets.
2019-08-21 19:54:27,294 [main] WARN  http.HttpRequestLog (HttpRequestLog.java:getRequestLog(97)) - Jetty request log can only be enabled using Log4j
2019-08-21 19:54:27,298 [main] INFO  http.HttpServer2 (HttpServer2.java:addGlobalFilter(975)) - Added global filter 'safety' (class=org.apache.hadoop.http.HttpServer2$QuotingInputFilter)
2019-08-21 19:54:27,299 [main] INFO  http.HttpServer2 (HttpServer2.java:addFilter(948)) - Added filter static_user_filter (class=org.apache.hadoop.http.lib.StaticUserWebFilter$StaticUserFilter) to context hddsDatanode
2019-08-21 19:54:27,300 [main] INFO  http.HttpServer2 (HttpServer2.java:addFilter(958)) - Added filter static_user_filter (class=org.apache.hadoop.http.lib.StaticUserWebFilter$StaticUserFilter) to context static
2019-08-21 19:54:27,300 [main] INFO  http.HttpServer2 (HttpServer2.java:addFilter(958)) - Added filter static_user_filter (class=org.apache.hadoop.http.lib.StaticUserWebFilter$StaticUserFilter) to context logs
2019-08-21 19:54:27,302 [main] INFO  http.HttpServer2 (HttpServer2.java:bindListener(1191)) - Jetty bound to port 46243
2019-08-21 19:54:27,303 [main] INFO  server.Server (Server.java:doStart(351)) - jetty-9.3.24.v20180605, build timestamp: 2018-06-05T17:11:56Z, git hash: 84205aa28f11a4f31f2a3b86d1bba2cc8ab69827
2019-08-21 19:54:27,306 [main] INFO  handler.ContextHandler (ContextHandler.java:doStart(781)) - Started o.e.j.s.ServletContextHandler@6a1d3225{/logs,file:///workdir/hadoop-ozone/integration-test/target/log,AVAILABLE}
2019-08-21 19:54:27,307 [main] INFO  handler.ContextHandler (ContextHandler.java:doStart(781)) - Started o.e.j.s.ServletContextHandler@50fb33a{/static,jar:file:/home/user/.m2/repository/org/apache/hadoop/hadoop-hdds-container-service/0.5.0-SNAPSHOT/hadoop-hdds-container-service-0.5.0-SNAPSHOT.jar!/webapps/static,AVAILABLE}
2019-08-21 19:54:27,352 [main] INFO  handler.ContextHandler (ContextHandler.java:doStart(781)) - Started o.e.j.w.WebAppContext@4c58255{/,file:///tmp/jetty-0.0.0.0-46243-hddsDatanode-_-any-4880733501574044493.dir/webapp/,AVAILABLE}{/hddsDatanode}
2019-08-21 19:54:27,353 [main] INFO  server.AbstractConnector (AbstractConnector.java:doStart(278)) - Started ServerConnector@eac3a26{HTTP/1.1,[http/1.1]}{0.0.0.0:46243}
2019-08-21 19:54:27,355 [main] INFO  server.Server (Server.java:doStart(419)) - Started @5684ms
2019-08-21 19:54:27,357 [main] INFO  server.BaseHttpServer (BaseHttpServer.java:updateConnectorAddress(213)) - HTTP server of HDDSDATANODE is listening at http://0.0.0.0:46243
2019-08-21 19:54:28,435 | INFO  | ObjectStoreRestHttpServer | Listening HDDS REST traffic on /0.0.0.0:39776 |  
2019-08-21 19:54:28,438 [main] INFO  ozone.HddsDatanodeService (HddsDatanodeService.java:startPlugins(395)) - Started plug-in org.apache.hadoop.ozone.web.OzoneHddsDatanodeService@27976390
2019-08-21 19:54:28,439 [main] INFO  impl.MetricsSystemImpl (MetricsSystemImpl.java:init(158)) - HddsDatanode metrics system started (again)
2019-08-21 19:54:28,445 [main] INFO  ozone.HddsDatanodeService (HddsDatanodeService.java:start(184)) - HddsDatanodeService host:pr-hdds-1347-9fd45-2937924148 ip:192.168.157.235
2019-08-21 19:54:28,447 [org.apache.hadoop.util.JvmPauseMonitor$Monitor@76a851a7] INFO  util.JvmPauseMonitor (JvmPauseMonitor.java:run(188)) - Starting JVM pause monitor
2019-08-21 19:54:28,457 [main] INFO  volume.HddsVolume (HddsVolume.java:<init>(176)) - Creating Volume: /workdir/hadoop-ozone/integration-test/target/test-dir/MiniOzoneClusterImpl-2406ea78-f822-4bca-8bbf-8046e2560e07/datanode-1/data/containers/hdds of  storage type : DISK and capacity : 1482555576320
2019-08-21 19:54:28,458 [main] INFO  volume.VolumeSet (VolumeSet.java:initializeVolumeSet(170)) - Added Volume : /workdir/hadoop-ozone/integration-test/target/test-dir/MiniOzoneClusterImpl-2406ea78-f822-4bca-8bbf-8046e2560e07/datanode-1/data/containers/hdds to VolumeSet
2019-08-21 19:54:28,458 [main] INFO  volume.ThrottledAsyncChecker (ThrottledAsyncChecker.java:schedule(140)) - Scheduling a check for org.apache.hadoop.ozone.container.common.volume.HddsVolume@528c8c1
2019-08-21 19:54:28,459 [main] INFO  volume.HddsVolumeChecker (HddsVolumeChecker.java:checkAllVolumes(203)) - Scheduled health check for volume org.apache.hadoop.ozone.container.common.volume.HddsVolume@528c8c1
2019-08-21 19:54:28,478 [main] INFO  impl.RaftServerProxy (ConfUtils.java:logGet(43)) - raft.rpc.type = GRPC (default)
2019-08-21 19:54:28,479 [main] INFO  grpc.GrpcFactory (GrpcFactory.java:checkPooledByteBufAllocatorUseCacheForAllThreads(45)) - PERFORMANCE WARNING: useCacheForAllThreads is true that may cause Netty to create a lot garbage objects and, as a result, trigger GC.
	It is recommended to disable useCacheForAllThreads by setting -Dorg.apache.ratis.thirdparty.io.netty.allocator.useCacheForAllThreads=false in command line.
2019-08-21 19:54:28,479 [main] INFO  grpc.GrpcConfigKeys$Server (ConfUtils.java:logGet(43)) - raft.grpc.server.port = 0 (default)
2019-08-21 19:54:28,479 [main] INFO  server.GrpcService (ConfUtils.java:logGet(43)) - raft.grpc.message.size.max = 33570816 (custom)
2019-08-21 19:54:28,480 [main] INFO  server.RaftServerConfigKeys (ConfUtils.java:logGet(43)) - raft.server.log.appender.buffer.byte-limit = 33554432 (custom)
2019-08-21 19:54:28,480 [main] INFO  server.GrpcService (ConfUtils.java:logGet(43)) - raft.grpc.flow.control.window = 1MB (=1048576) (default)
2019-08-21 19:54:28,481 [main] INFO  server.RaftServerConfigKeys (ConfUtils.java:logGet(43)) - raft.server.rpc.request.timeout = 3000ms (default)
2019-08-21 19:54:28,482 [main] INFO  server.RaftServerConfigKeys (ConfUtils.java:logGet(43)) - raft.server.storage.dir = [/workdir/hadoop-ozone/integration-test/target/test-dir/MiniOzoneClusterImpl-2406ea78-f822-4bca-8bbf-8046e2560e07/datanode-1/data/ratis] (custom)
2019-08-21 19:54:28,482 [main] INFO  replication.SimpleContainerDownloader (SimpleContainerDownloader.java:<init>(72)) - Starting container downloader service to copy containers to replicate.
2019-08-21 19:54:28,484 [main] INFO  hdfs.DFSUtil (DFSUtil.java:httpServerTemplateForNNAndJN(1641)) - Starting Web-server for hddsDatanode at: http://0.0.0.0:0
2019-08-21 19:54:28,486 [main] INFO  server.AuthenticationFilter (AuthenticationFilter.java:constructSecretProvider(240)) - Unable to initialize FileSignerSecretProvider, falling back to use random secrets.
2019-08-21 19:54:28,488 [main] WARN  http.HttpRequestLog (HttpRequestLog.java:getRequestLog(97)) - Jetty request log can only be enabled using Log4j
2019-08-21 19:54:28,490 [main] INFO  http.HttpServer2 (HttpServer2.java:addGlobalFilter(975)) - Added global filter 'safety' (class=org.apache.hadoop.http.HttpServer2$QuotingInputFilter)
2019-08-21 19:54:28,491 [main] INFO  http.HttpServer2 (HttpServer2.java:addFilter(948)) - Added filter static_user_filter (class=org.apache.hadoop.http.lib.StaticUserWebFilter$StaticUserFilter) to context hddsDatanode
2019-08-21 19:54:28,491 [main] INFO  http.HttpServer2 (HttpServer2.java:addFilter(958)) - Added filter static_user_filter (class=org.apache.hadoop.http.lib.StaticUserWebFilter$StaticUserFilter) to context logs
2019-08-21 19:54:28,491 [main] INFO  http.HttpServer2 (HttpServer2.java:addFilter(958)) - Added filter static_user_filter (class=org.apache.hadoop.http.lib.StaticUserWebFilter$StaticUserFilter) to context static
2019-08-21 19:54:28,492 [main] INFO  http.HttpServer2 (HttpServer2.java:bindListener(1191)) - Jetty bound to port 37158
2019-08-21 19:54:28,492 [main] INFO  server.Server (Server.java:doStart(351)) - jetty-9.3.24.v20180605, build timestamp: 2018-06-05T17:11:56Z, git hash: 84205aa28f11a4f31f2a3b86d1bba2cc8ab69827
2019-08-21 19:54:28,496 [main] INFO  handler.ContextHandler (ContextHandler.java:doStart(781)) - Started o.e.j.s.ServletContextHandler@2f3928ac{/logs,file:///workdir/hadoop-ozone/integration-test/target/log,AVAILABLE}
2019-08-21 19:54:28,496 [main] INFO  handler.ContextHandler (ContextHandler.java:doStart(781)) - Started o.e.j.s.ServletContextHandler@31834a2b{/static,jar:file:/home/user/.m2/repository/org/apache/hadoop/hadoop-hdds-container-service/0.5.0-SNAPSHOT/hadoop-hdds-container-service-0.5.0-SNAPSHOT.jar!/webapps/static,AVAILABLE}
2019-08-21 19:54:28,529 [main] INFO  handler.ContextHandler (ContextHandler.java:doStart(781)) - Started o.e.j.w.WebAppContext@697a0948{/,file:///tmp/jetty-0.0.0.0-37158-hddsDatanode-_-any-8666636910373783967.dir/webapp/,AVAILABLE}{/hddsDatanode}
2019-08-21 19:54:28,531 [main] INFO  server.AbstractConnector (AbstractConnector.java:doStart(278)) - Started ServerConnector@7cf63b9a{HTTP/1.1,[http/1.1]}{0.0.0.0:37158}
2019-08-21 19:54:28,532 [main] INFO  server.Server (Server.java:doStart(419)) - Started @6861ms
2019-08-21 19:54:28,533 [main] INFO  server.BaseHttpServer (BaseHttpServer.java:updateConnectorAddress(213)) - HTTP server of HDDSDATANODE is listening at http://0.0.0.0:37158
2019-08-21 19:54:28,571 [Datanode State Machine Thread - 0] INFO  datanode.InitDatanodeState (InitDatanodeState.java:persistContainerDatanodeDetails(140)) - DatanodeDetails is persisted to /workdir/hadoop-ozone/integration-test/target/test-dir/MiniOzoneClusterImpl-2406ea78-f822-4bca-8bbf-8046e2560e07/datanode-0/meta/datanode.id
2019-08-21 19:54:28,686 | INFO  | ObjectStoreRestHttpServer | Listening HDDS REST traffic on /0.0.0.0:40680 |  
2019-08-21 19:54:28,686 [main] INFO  ozone.HddsDatanodeService (HddsDatanodeService.java:startPlugins(395)) - Started plug-in org.apache.hadoop.ozone.web.OzoneHddsDatanodeService@57151b3a
2019-08-21 19:54:28,687 [main] INFO  impl.MetricsSystemImpl (MetricsSystemImpl.java:init(158)) - HddsDatanode metrics system started (again)
2019-08-21 19:54:28,690 [org.apache.hadoop.util.JvmPauseMonitor$Monitor@66836766] INFO  util.JvmPauseMonitor (JvmPauseMonitor.java:run(188)) - Starting JVM pause monitor
2019-08-21 19:54:28,690 [main] INFO  ozone.HddsDatanodeService (HddsDatanodeService.java:start(184)) - HddsDatanodeService host:pr-hdds-1347-9fd45-2937924148 ip:192.168.157.235
2019-08-21 19:54:28,697 [Datanode State Machine Thread - 0] INFO  datanode.InitDatanodeState (InitDatanodeState.java:persistContainerDatanodeDetails(140)) - DatanodeDetails is persisted to /workdir/hadoop-ozone/integration-test/target/test-dir/MiniOzoneClusterImpl-2406ea78-f822-4bca-8bbf-8046e2560e07/datanode-1/meta/datanode.id
2019-08-21 19:54:28,703 [main] INFO  volume.HddsVolume (HddsVolume.java:<init>(176)) - Creating Volume: /workdir/hadoop-ozone/integration-test/target/test-dir/MiniOzoneClusterImpl-2406ea78-f822-4bca-8bbf-8046e2560e07/datanode-2/data/containers/hdds of  storage type : DISK and capacity : 1482555576320
2019-08-21 19:54:28,703 [main] INFO  volume.VolumeSet (VolumeSet.java:initializeVolumeSet(170)) - Added Volume : /workdir/hadoop-ozone/integration-test/target/test-dir/MiniOzoneClusterImpl-2406ea78-f822-4bca-8bbf-8046e2560e07/datanode-2/data/containers/hdds to VolumeSet
2019-08-21 19:54:28,703 [main] INFO  volume.ThrottledAsyncChecker (ThrottledAsyncChecker.java:schedule(140)) - Scheduling a check for org.apache.hadoop.ozone.container.common.volume.HddsVolume@3c7279a5
2019-08-21 19:54:28,704 [main] INFO  volume.HddsVolumeChecker (HddsVolumeChecker.java:checkAllVolumes(203)) - Scheduled health check for volume org.apache.hadoop.ozone.container.common.volume.HddsVolume@3c7279a5
2019-08-21 19:54:28,721 [main] INFO  impl.RaftServerProxy (ConfUtils.java:logGet(43)) - raft.rpc.type = GRPC (default)
2019-08-21 19:54:28,721 [main] INFO  grpc.GrpcFactory (GrpcFactory.java:checkPooledByteBufAllocatorUseCacheForAllThreads(45)) - PERFORMANCE WARNING: useCacheForAllThreads is true that may cause Netty to create a lot garbage objects and, as a result, trigger GC.
	It is recommended to disable useCacheForAllThreads by setting -Dorg.apache.ratis.thirdparty.io.netty.allocator.useCacheForAllThreads=false in command line.
2019-08-21 19:54:28,721 [main] INFO  grpc.GrpcConfigKeys$Server (ConfUtils.java:logGet(43)) - raft.grpc.server.port = 0 (default)
2019-08-21 19:54:28,721 [main] INFO  server.GrpcService (ConfUtils.java:logGet(43)) - raft.grpc.message.size.max = 33570816 (custom)
2019-08-21 19:54:28,722 [main] INFO  server.RaftServerConfigKeys (ConfUtils.java:logGet(43)) - raft.server.log.appender.buffer.byte-limit = 33554432 (custom)
2019-08-21 19:54:28,722 [main] INFO  server.GrpcService (ConfUtils.java:logGet(43)) - raft.grpc.flow.control.window = 1MB (=1048576) (default)
2019-08-21 19:54:28,722 [main] INFO  server.RaftServerConfigKeys (ConfUtils.java:logGet(43)) - raft.server.rpc.request.timeout = 3000ms (default)
2019-08-21 19:54:28,723 [main] INFO  server.RaftServerConfigKeys (ConfUtils.java:logGet(43)) - raft.server.storage.dir = [/workdir/hadoop-ozone/integration-test/target/test-dir/MiniOzoneClusterImpl-2406ea78-f822-4bca-8bbf-8046e2560e07/datanode-2/data/ratis] (custom)
2019-08-21 19:54:28,724 [main] INFO  replication.SimpleContainerDownloader (SimpleContainerDownloader.java:<init>(72)) - Starting container downloader service to copy containers to replicate.
2019-08-21 19:54:28,725 [main] INFO  hdfs.DFSUtil (DFSUtil.java:httpServerTemplateForNNAndJN(1641)) - Starting Web-server for hddsDatanode at: http://0.0.0.0:0
2019-08-21 19:54:28,727 [main] INFO  server.AuthenticationFilter (AuthenticationFilter.java:constructSecretProvider(240)) - Unable to initialize FileSignerSecretProvider, falling back to use random secrets.
2019-08-21 19:54:28,727 [main] WARN  http.HttpRequestLog (HttpRequestLog.java:getRequestLog(97)) - Jetty request log can only be enabled using Log4j
2019-08-21 19:54:28,729 [main] INFO  http.HttpServer2 (HttpServer2.java:addGlobalFilter(975)) - Added global filter 'safety' (class=org.apache.hadoop.http.HttpServer2$QuotingInputFilter)
2019-08-21 19:54:28,730 [main] INFO  http.HttpServer2 (HttpServer2.java:addFilter(948)) - Added filter static_user_filter (class=org.apache.hadoop.http.lib.StaticUserWebFilter$StaticUserFilter) to context hddsDatanode
2019-08-21 19:54:28,730 [main] INFO  http.HttpServer2 (HttpServer2.java:addFilter(958)) - Added filter static_user_filter (class=org.apache.hadoop.http.lib.StaticUserWebFilter$StaticUserFilter) to context logs
2019-08-21 19:54:28,730 [main] INFO  http.HttpServer2 (HttpServer2.java:addFilter(958)) - Added filter static_user_filter (class=org.apache.hadoop.http.lib.StaticUserWebFilter$StaticUserFilter) to context static
2019-08-21 19:54:28,731 [main] INFO  http.HttpServer2 (HttpServer2.java:bindListener(1191)) - Jetty bound to port 46184
2019-08-21 19:54:28,731 [main] INFO  server.Server (Server.java:doStart(351)) - jetty-9.3.24.v20180605, build timestamp: 2018-06-05T17:11:56Z, git hash: 84205aa28f11a4f31f2a3b86d1bba2cc8ab69827
2019-08-21 19:54:28,733 [main] INFO  handler.ContextHandler (ContextHandler.java:doStart(781)) - Started o.e.j.s.ServletContextHandler@5aa76ad2{/logs,file:///workdir/hadoop-ozone/integration-test/target/log,AVAILABLE}
2019-08-21 19:54:28,734 [main] INFO  handler.ContextHandler (ContextHandler.java:doStart(781)) - Started o.e.j.s.ServletContextHandler@25791d40{/static,jar:file:/home/user/.m2/repository/org/apache/hadoop/hadoop-hdds-container-service/0.5.0-SNAPSHOT/hadoop-hdds-container-service-0.5.0-SNAPSHOT.jar!/webapps/static,AVAILABLE}
2019-08-21 19:54:28,763 [main] INFO  handler.ContextHandler (ContextHandler.java:doStart(781)) - Started o.e.j.w.WebAppContext@45801322{/,file:///tmp/jetty-0.0.0.0-46184-hddsDatanode-_-any-6093204606582096042.dir/webapp/,AVAILABLE}{/hddsDatanode}
2019-08-21 19:54:28,764 [main] INFO  server.AbstractConnector (AbstractConnector.java:doStart(278)) - Started ServerConnector@756b2d90{HTTP/1.1,[http/1.1]}{0.0.0.0:46184}
2019-08-21 19:54:28,765 [main] INFO  server.Server (Server.java:doStart(419)) - Started @7094ms
2019-08-21 19:54:28,767 [main] INFO  server.BaseHttpServer (BaseHttpServer.java:updateConnectorAddress(213)) - HTTP server of HDDSDATANODE is listening at http://0.0.0.0:46184
2019-08-21 19:54:28,921 | INFO  | ObjectStoreRestHttpServer | Listening HDDS REST traffic on /0.0.0.0:39986 |  
2019-08-21 19:54:28,921 [main] INFO  ozone.HddsDatanodeService (HddsDatanodeService.java:startPlugins(395)) - Started plug-in org.apache.hadoop.ozone.web.OzoneHddsDatanodeService@6b0f266e
2019-08-21 19:54:28,921 [main] INFO  impl.MetricsSystemImpl (MetricsSystemImpl.java:init(158)) - HddsDatanode metrics system started (again)
2019-08-21 19:54:28,925 [main] INFO  ozone.HddsDatanodeService (HddsDatanodeService.java:start(184)) - HddsDatanodeService host:pr-hdds-1347-9fd45-2937924148 ip:192.168.157.235
2019-08-21 19:54:28,925 [org.apache.hadoop.util.JvmPauseMonitor$Monitor@4dd3b4a6] INFO  util.JvmPauseMonitor (JvmPauseMonitor.java:run(188)) - Starting JVM pause monitor
2019-08-21 19:54:28,928 [Datanode State Machine Thread - 0] INFO  datanode.InitDatanodeState (InitDatanodeState.java:persistContainerDatanodeDetails(140)) - DatanodeDetails is persisted to /workdir/hadoop-ozone/integration-test/target/test-dir/MiniOzoneClusterImpl-2406ea78-f822-4bca-8bbf-8046e2560e07/datanode-2/meta/datanode.id
2019-08-21 19:54:28,932 [main] INFO  volume.HddsVolume (HddsVolume.java:<init>(176)) - Creating Volume: /workdir/hadoop-ozone/integration-test/target/test-dir/MiniOzoneClusterImpl-2406ea78-f822-4bca-8bbf-8046e2560e07/datanode-3/data/containers/hdds of  storage type : DISK and capacity : 1482555576320
2019-08-21 19:54:28,933 [main] INFO  volume.VolumeSet (VolumeSet.java:initializeVolumeSet(170)) - Added Volume : /workdir/hadoop-ozone/integration-test/target/test-dir/MiniOzoneClusterImpl-2406ea78-f822-4bca-8bbf-8046e2560e07/datanode-3/data/containers/hdds to VolumeSet
2019-08-21 19:54:28,933 [main] INFO  volume.ThrottledAsyncChecker (ThrottledAsyncChecker.java:schedule(140)) - Scheduling a check for org.apache.hadoop.ozone.container.common.volume.HddsVolume@486bd064
2019-08-21 19:54:28,934 [main] INFO  volume.HddsVolumeChecker (HddsVolumeChecker.java:checkAllVolumes(203)) - Scheduled health check for volume org.apache.hadoop.ozone.container.common.volume.HddsVolume@486bd064
2019-08-21 19:54:28,948 [main] INFO  impl.RaftServerProxy (ConfUtils.java:logGet(43)) - raft.rpc.type = GRPC (default)
2019-08-21 19:54:28,948 [main] INFO  grpc.GrpcFactory (GrpcFactory.java:checkPooledByteBufAllocatorUseCacheForAllThreads(45)) - PERFORMANCE WARNING: useCacheForAllThreads is true that may cause Netty to create a lot garbage objects and, as a result, trigger GC.
	It is recommended to disable useCacheForAllThreads by setting -Dorg.apache.ratis.thirdparty.io.netty.allocator.useCacheForAllThreads=false in command line.
2019-08-21 19:54:28,949 [main] INFO  grpc.GrpcConfigKeys$Server (ConfUtils.java:logGet(43)) - raft.grpc.server.port = 0 (default)
2019-08-21 19:54:28,949 [main] INFO  server.GrpcService (ConfUtils.java:logGet(43)) - raft.grpc.message.size.max = 33570816 (custom)
2019-08-21 19:54:28,949 [main] INFO  server.RaftServerConfigKeys (ConfUtils.java:logGet(43)) - raft.server.log.appender.buffer.byte-limit = 33554432 (custom)
2019-08-21 19:54:28,949 [main] INFO  server.GrpcService (ConfUtils.java:logGet(43)) - raft.grpc.flow.control.window = 1MB (=1048576) (default)
2019-08-21 19:54:28,950 [main] INFO  server.RaftServerConfigKeys (ConfUtils.java:logGet(43)) - raft.server.rpc.request.timeout = 3000ms (default)
2019-08-21 19:54:28,950 [main] INFO  server.RaftServerConfigKeys (ConfUtils.java:logGet(43)) - raft.server.storage.dir = [/workdir/hadoop-ozone/integration-test/target/test-dir/MiniOzoneClusterImpl-2406ea78-f822-4bca-8bbf-8046e2560e07/datanode-3/data/ratis] (custom)
2019-08-21 19:54:28,951 [main] INFO  replication.SimpleContainerDownloader (SimpleContainerDownloader.java:<init>(72)) - Starting container downloader service to copy containers to replicate.
2019-08-21 19:54:28,952 [main] INFO  hdfs.DFSUtil (DFSUtil.java:httpServerTemplateForNNAndJN(1641)) - Starting Web-server for hddsDatanode at: http://0.0.0.0:0
2019-08-21 19:54:28,953 [main] INFO  server.AuthenticationFilter (AuthenticationFilter.java:constructSecretProvider(240)) - Unable to initialize FileSignerSecretProvider, falling back to use random secrets.
2019-08-21 19:54:28,954 [main] WARN  http.HttpRequestLog (HttpRequestLog.java:getRequestLog(97)) - Jetty request log can only be enabled using Log4j
2019-08-21 19:54:28,955 [main] INFO  http.HttpServer2 (HttpServer2.java:addGlobalFilter(975)) - Added global filter 'safety' (class=org.apache.hadoop.http.HttpServer2$QuotingInputFilter)
2019-08-21 19:54:28,956 [main] INFO  http.HttpServer2 (HttpServer2.java:addFilter(948)) - Added filter static_user_filter (class=org.apache.hadoop.http.lib.StaticUserWebFilter$StaticUserFilter) to context hddsDatanode
2019-08-21 19:54:28,956 [main] INFO  http.HttpServer2 (HttpServer2.java:addFilter(958)) - Added filter static_user_filter (class=org.apache.hadoop.http.lib.StaticUserWebFilter$StaticUserFilter) to context logs
2019-08-21 19:54:28,956 [main] INFO  http.HttpServer2 (HttpServer2.java:addFilter(958)) - Added filter static_user_filter (class=org.apache.hadoop.http.lib.StaticUserWebFilter$StaticUserFilter) to context static
2019-08-21 19:54:28,957 [main] INFO  http.HttpServer2 (HttpServer2.java:bindListener(1191)) - Jetty bound to port 44349
2019-08-21 19:54:28,957 [main] INFO  server.Server (Server.java:doStart(351)) - jetty-9.3.24.v20180605, build timestamp: 2018-06-05T17:11:56Z, git hash: 84205aa28f11a4f31f2a3b86d1bba2cc8ab69827
2019-08-21 19:54:28,961 [main] INFO  handler.ContextHandler (ContextHandler.java:doStart(781)) - Started o.e.j.s.ServletContextHandler@7a0ab480{/logs,file:///workdir/hadoop-ozone/integration-test/target/log,AVAILABLE}
2019-08-21 19:54:28,961 [main] INFO  handler.ContextHandler (ContextHandler.java:doStart(781)) - Started o.e.j.s.ServletContextHandler@130cfc47{/static,jar:file:/home/user/.m2/repository/org/apache/hadoop/hadoop-hdds-container-service/0.5.0-SNAPSHOT/hadoop-hdds-container-service-0.5.0-SNAPSHOT.jar!/webapps/static,AVAILABLE}
2019-08-21 19:54:28,989 [main] INFO  handler.ContextHandler (ContextHandler.java:doStart(781)) - Started o.e.j.w.WebAppContext@4aaecabd{/,file:///tmp/jetty-0.0.0.0-44349-hddsDatanode-_-any-4524421818594349330.dir/webapp/,AVAILABLE}{/hddsDatanode}
2019-08-21 19:54:28,990 [main] INFO  server.AbstractConnector (AbstractConnector.java:doStart(278)) - Started ServerConnector@23bd0c81{HTTP/1.1,[http/1.1]}{0.0.0.0:44349}
2019-08-21 19:54:28,991 [main] INFO  server.Server (Server.java:doStart(419)) - Started @7320ms
2019-08-21 19:54:28,991 [main] INFO  server.BaseHttpServer (BaseHttpServer.java:updateConnectorAddress(213)) - HTTP server of HDDSDATANODE is listening at http://0.0.0.0:44349
2019-08-21 19:54:29,143 | INFO  | ObjectStoreRestHttpServer | Listening HDDS REST traffic on /0.0.0.0:35927 |  
2019-08-21 19:54:29,143 [main] INFO  ozone.HddsDatanodeService (HddsDatanodeService.java:startPlugins(395)) - Started plug-in org.apache.hadoop.ozone.web.OzoneHddsDatanodeService@6cc48a17
2019-08-21 19:54:29,144 [main] INFO  impl.MetricsSystemImpl (MetricsSystemImpl.java:init(158)) - HddsDatanode metrics system started (again)
2019-08-21 19:54:29,148 [main] INFO  ozone.HddsDatanodeService (HddsDatanodeService.java:start(184)) - HddsDatanodeService host:pr-hdds-1347-9fd45-2937924148 ip:192.168.157.235
2019-08-21 19:54:29,148 [org.apache.hadoop.util.JvmPauseMonitor$Monitor@53b7d066] INFO  util.JvmPauseMonitor (JvmPauseMonitor.java:run(188)) - Starting JVM pause monitor
2019-08-21 19:54:29,151 [Datanode State Machine Thread - 0] INFO  datanode.InitDatanodeState (InitDatanodeState.java:persistContainerDatanodeDetails(140)) - DatanodeDetails is persisted to /workdir/hadoop-ozone/integration-test/target/test-dir/MiniOzoneClusterImpl-2406ea78-f822-4bca-8bbf-8046e2560e07/datanode-3/meta/datanode.id
2019-08-21 19:54:29,156 [main] INFO  volume.HddsVolume (HddsVolume.java:<init>(176)) - Creating Volume: /workdir/hadoop-ozone/integration-test/target/test-dir/MiniOzoneClusterImpl-2406ea78-f822-4bca-8bbf-8046e2560e07/datanode-4/data/containers/hdds of  storage type : DISK and capacity : 1482555576320
2019-08-21 19:54:29,157 [main] INFO  volume.VolumeSet (VolumeSet.java:initializeVolumeSet(170)) - Added Volume : /workdir/hadoop-ozone/integration-test/target/test-dir/MiniOzoneClusterImpl-2406ea78-f822-4bca-8bbf-8046e2560e07/datanode-4/data/containers/hdds to VolumeSet
2019-08-21 19:54:29,157 [main] INFO  volume.ThrottledAsyncChecker (ThrottledAsyncChecker.java:schedule(140)) - Scheduling a check for org.apache.hadoop.ozone.container.common.volume.HddsVolume@73a845cb
2019-08-21 19:54:29,157 [main] INFO  volume.HddsVolumeChecker (HddsVolumeChecker.java:checkAllVolumes(203)) - Scheduled health check for volume org.apache.hadoop.ozone.container.common.volume.HddsVolume@73a845cb
2019-08-21 19:54:29,171 [main] INFO  impl.RaftServerProxy (ConfUtils.java:logGet(43)) - raft.rpc.type = GRPC (default)
2019-08-21 19:54:29,171 [main] INFO  grpc.GrpcFactory (GrpcFactory.java:checkPooledByteBufAllocatorUseCacheForAllThreads(45)) - PERFORMANCE WARNING: useCacheForAllThreads is true that may cause Netty to create a lot garbage objects and, as a result, trigger GC.
	It is recommended to disable useCacheForAllThreads by setting -Dorg.apache.ratis.thirdparty.io.netty.allocator.useCacheForAllThreads=false in command line.
2019-08-21 19:54:29,171 [main] INFO  grpc.GrpcConfigKeys$Server (ConfUtils.java:logGet(43)) - raft.grpc.server.port = 0 (default)
2019-08-21 19:54:29,172 [main] INFO  server.GrpcService (ConfUtils.java:logGet(43)) - raft.grpc.message.size.max = 33570816 (custom)
2019-08-21 19:54:29,172 [main] INFO  server.RaftServerConfigKeys (ConfUtils.java:logGet(43)) - raft.server.log.appender.buffer.byte-limit = 33554432 (custom)
2019-08-21 19:54:29,172 [main] INFO  server.GrpcService (ConfUtils.java:logGet(43)) - raft.grpc.flow.control.window = 1MB (=1048576) (default)
2019-08-21 19:54:29,172 [main] INFO  server.RaftServerConfigKeys (ConfUtils.java:logGet(43)) - raft.server.rpc.request.timeout = 3000ms (default)
2019-08-21 19:54:29,173 [main] INFO  server.RaftServerConfigKeys (ConfUtils.java:logGet(43)) - raft.server.storage.dir = [/workdir/hadoop-ozone/integration-test/target/test-dir/MiniOzoneClusterImpl-2406ea78-f822-4bca-8bbf-8046e2560e07/datanode-4/data/ratis] (custom)
2019-08-21 19:54:29,173 [main] INFO  replication.SimpleContainerDownloader (SimpleContainerDownloader.java:<init>(72)) - Starting container downloader service to copy containers to replicate.
2019-08-21 19:54:29,175 [main] INFO  hdfs.DFSUtil (DFSUtil.java:httpServerTemplateForNNAndJN(1641)) - Starting Web-server for hddsDatanode at: http://0.0.0.0:0
2019-08-21 19:54:29,176 [main] INFO  server.AuthenticationFilter (AuthenticationFilter.java:constructSecretProvider(240)) - Unable to initialize FileSignerSecretProvider, falling back to use random secrets.
2019-08-21 19:54:29,176 [main] WARN  http.HttpRequestLog (HttpRequestLog.java:getRequestLog(97)) - Jetty request log can only be enabled using Log4j
2019-08-21 19:54:29,178 [main] INFO  http.HttpServer2 (HttpServer2.java:addGlobalFilter(975)) - Added global filter 'safety' (class=org.apache.hadoop.http.HttpServer2$QuotingInputFilter)
2019-08-21 19:54:29,178 [main] INFO  http.HttpServer2 (HttpServer2.java:addFilter(948)) - Added filter static_user_filter (class=org.apache.hadoop.http.lib.StaticUserWebFilter$StaticUserFilter) to context hddsDatanode
2019-08-21 19:54:29,179 [main] INFO  http.HttpServer2 (HttpServer2.java:addFilter(958)) - Added filter static_user_filter (class=org.apache.hadoop.http.lib.StaticUserWebFilter$StaticUserFilter) to context static
2019-08-21 19:54:29,179 [main] INFO  http.HttpServer2 (HttpServer2.java:addFilter(958)) - Added filter static_user_filter (class=org.apache.hadoop.http.lib.StaticUserWebFilter$StaticUserFilter) to context logs
2019-08-21 19:54:29,179 [main] INFO  http.HttpServer2 (HttpServer2.java:bindListener(1191)) - Jetty bound to port 37077
2019-08-21 19:54:29,180 [main] INFO  server.Server (Server.java:doStart(351)) - jetty-9.3.24.v20180605, build timestamp: 2018-06-05T17:11:56Z, git hash: 84205aa28f11a4f31f2a3b86d1bba2cc8ab69827
2019-08-21 19:54:29,184 [main] INFO  handler.ContextHandler (ContextHandler.java:doStart(781)) - Started o.e.j.s.ServletContextHandler@7d50f2a8{/logs,file:///workdir/hadoop-ozone/integration-test/target/log,AVAILABLE}
2019-08-21 19:54:29,185 [main] INFO  handler.ContextHandler (ContextHandler.java:doStart(781)) - Started o.e.j.s.ServletContextHandler@37ca3ca8{/static,jar:file:/home/user/.m2/repository/org/apache/hadoop/hadoop-hdds-container-service/0.5.0-SNAPSHOT/hadoop-hdds-container-service-0.5.0-SNAPSHOT.jar!/webapps/static,AVAILABLE}
2019-08-21 19:54:29,208 [main] INFO  handler.ContextHandler (ContextHandler.java:doStart(781)) - Started o.e.j.w.WebAppContext@621f23ac{/,file:///tmp/jetty-0.0.0.0-37077-hddsDatanode-_-any-2815495871106205430.dir/webapp/,AVAILABLE}{/hddsDatanode}
2019-08-21 19:54:29,208 [main] INFO  server.AbstractConnector (AbstractConnector.java:doStart(278)) - Started ServerConnector@7761e342{HTTP/1.1,[http/1.1]}{0.0.0.0:37077}
2019-08-21 19:54:29,209 [main] INFO  server.Server (Server.java:doStart(419)) - Started @7538ms
2019-08-21 19:54:29,210 [main] INFO  server.BaseHttpServer (BaseHttpServer.java:updateConnectorAddress(213)) - HTTP server of HDDSDATANODE is listening at http://0.0.0.0:37077
2019-08-21 19:54:29,325 | INFO  | ObjectStoreRestHttpServer | Listening HDDS REST traffic on /0.0.0.0:34669 |  
2019-08-21 19:54:29,325 [main] INFO  ozone.HddsDatanodeService (HddsDatanodeService.java:startPlugins(395)) - Started plug-in org.apache.hadoop.ozone.web.OzoneHddsDatanodeService@6818fd48
2019-08-21 19:54:29,326 [main] INFO  impl.MetricsSystemImpl (MetricsSystemImpl.java:init(158)) - HddsDatanode metrics system started (again)
2019-08-21 19:54:29,330 [main] INFO  ozone.HddsDatanodeService (HddsDatanodeService.java:start(184)) - HddsDatanodeService host:pr-hdds-1347-9fd45-2937924148 ip:192.168.157.235
2019-08-21 19:54:29,330 [org.apache.hadoop.util.JvmPauseMonitor$Monitor@4187f2f0] INFO  util.JvmPauseMonitor (JvmPauseMonitor.java:run(188)) - Starting JVM pause monitor
2019-08-21 19:54:29,333 [Datanode State Machine Thread - 0] INFO  datanode.InitDatanodeState (InitDatanodeState.java:persistContainerDatanodeDetails(140)) - DatanodeDetails is persisted to /workdir/hadoop-ozone/integration-test/target/test-dir/MiniOzoneClusterImpl-2406ea78-f822-4bca-8bbf-8046e2560e07/datanode-4/meta/datanode.id
2019-08-21 19:54:29,338 [main] INFO  volume.HddsVolume (HddsVolume.java:<init>(176)) - Creating Volume: /workdir/hadoop-ozone/integration-test/target/test-dir/MiniOzoneClusterImpl-2406ea78-f822-4bca-8bbf-8046e2560e07/datanode-5/data/containers/hdds of  storage type : DISK and capacity : 1482555576320
2019-08-21 19:54:29,338 [main] INFO  volume.VolumeSet (VolumeSet.java:initializeVolumeSet(170)) - Added Volume : /workdir/hadoop-ozone/integration-test/target/test-dir/MiniOzoneClusterImpl-2406ea78-f822-4bca-8bbf-8046e2560e07/datanode-5/data/containers/hdds to VolumeSet
2019-08-21 19:54:29,338 [main] INFO  volume.ThrottledAsyncChecker (ThrottledAsyncChecker.java:schedule(140)) - Scheduling a check for org.apache.hadoop.ozone.container.common.volume.HddsVolume@3ace6346
2019-08-21 19:54:29,339 [main] INFO  volume.HddsVolumeChecker (HddsVolumeChecker.java:checkAllVolumes(203)) - Scheduled health check for volume org.apache.hadoop.ozone.container.common.volume.HddsVolume@3ace6346
2019-08-21 19:54:29,352 [main] INFO  impl.RaftServerProxy (ConfUtils.java:logGet(43)) - raft.rpc.type = GRPC (default)
2019-08-21 19:54:29,352 [main] INFO  grpc.GrpcFactory (GrpcFactory.java:checkPooledByteBufAllocatorUseCacheForAllThreads(45)) - PERFORMANCE WARNING: useCacheForAllThreads is true that may cause Netty to create a lot garbage objects and, as a result, trigger GC.
	It is recommended to disable useCacheForAllThreads by setting -Dorg.apache.ratis.thirdparty.io.netty.allocator.useCacheForAllThreads=false in command line.
2019-08-21 19:54:29,352 [main] INFO  grpc.GrpcConfigKeys$Server (ConfUtils.java:logGet(43)) - raft.grpc.server.port = 0 (default)
2019-08-21 19:54:29,352 [main] INFO  server.GrpcService (ConfUtils.java:logGet(43)) - raft.grpc.message.size.max = 33570816 (custom)
2019-08-21 19:54:29,353 [main] INFO  server.RaftServerConfigKeys (ConfUtils.java:logGet(43)) - raft.server.log.appender.buffer.byte-limit = 33554432 (custom)
2019-08-21 19:54:29,353 [main] INFO  server.GrpcService (ConfUtils.java:logGet(43)) - raft.grpc.flow.control.window = 1MB (=1048576) (default)
2019-08-21 19:54:29,353 [main] INFO  server.RaftServerConfigKeys (ConfUtils.java:logGet(43)) - raft.server.rpc.request.timeout = 3000ms (default)
2019-08-21 19:54:29,354 [main] INFO  server.RaftServerConfigKeys (ConfUtils.java:logGet(43)) - raft.server.storage.dir = [/workdir/hadoop-ozone/integration-test/target/test-dir/MiniOzoneClusterImpl-2406ea78-f822-4bca-8bbf-8046e2560e07/datanode-5/data/ratis] (custom)
2019-08-21 19:54:29,354 [main] INFO  replication.SimpleContainerDownloader (SimpleContainerDownloader.java:<init>(72)) - Starting container downloader service to copy containers to replicate.
2019-08-21 19:54:29,355 [main] INFO  hdfs.DFSUtil (DFSUtil.java:httpServerTemplateForNNAndJN(1641)) - Starting Web-server for hddsDatanode at: http://0.0.0.0:0
2019-08-21 19:54:29,356 [main] INFO  server.AuthenticationFilter (AuthenticationFilter.java:constructSecretProvider(240)) - Unable to initialize FileSignerSecretProvider, falling back to use random secrets.
2019-08-21 19:54:29,356 [main] WARN  http.HttpRequestLog (HttpRequestLog.java:getRequestLog(97)) - Jetty request log can only be enabled using Log4j
2019-08-21 19:54:29,358 [main] INFO  http.HttpServer2 (HttpServer2.java:addGlobalFilter(975)) - Added global filter 'safety' (class=org.apache.hadoop.http.HttpServer2$QuotingInputFilter)
2019-08-21 19:54:29,358 [main] INFO  http.HttpServer2 (HttpServer2.java:addFilter(948)) - Added filter static_user_filter (class=org.apache.hadoop.http.lib.StaticUserWebFilter$StaticUserFilter) to context hddsDatanode
2019-08-21 19:54:29,358 [main] INFO  http.HttpServer2 (HttpServer2.java:addFilter(958)) - Added filter static_user_filter (class=org.apache.hadoop.http.lib.StaticUserWebFilter$StaticUserFilter) to context logs
2019-08-21 19:54:29,359 [main] INFO  http.HttpServer2 (HttpServer2.java:addFilter(958)) - Added filter static_user_filter (class=org.apache.hadoop.http.lib.StaticUserWebFilter$StaticUserFilter) to context static
2019-08-21 19:54:29,359 [main] INFO  http.HttpServer2 (HttpServer2.java:bindListener(1191)) - Jetty bound to port 34659
2019-08-21 19:54:29,359 [main] INFO  server.Server (Server.java:doStart(351)) - jetty-9.3.24.v20180605, build timestamp: 2018-06-05T17:11:56Z, git hash: 84205aa28f11a4f31f2a3b86d1bba2cc8ab69827
2019-08-21 19:54:29,436 [main] INFO  handler.ContextHandler (ContextHandler.java:doStart(781)) - Started o.e.j.s.ServletContextHandler@63f9ddf9{/logs,file:///workdir/hadoop-ozone/integration-test/target/log,AVAILABLE}
2019-08-21 19:54:29,440 [main] INFO  handler.ContextHandler (ContextHandler.java:doStart(781)) - Started o.e.j.s.ServletContextHandler@4e17442f{/static,jar:file:/home/user/.m2/repository/org/apache/hadoop/hadoop-hdds-container-service/0.5.0-SNAPSHOT/hadoop-hdds-container-service-0.5.0-SNAPSHOT.jar!/webapps/static,AVAILABLE}
2019-08-21 19:54:29,489 [main] INFO  handler.ContextHandler (ContextHandler.java:doStart(781)) - Started o.e.j.w.WebAppContext@5c82031b{/,file:///tmp/jetty-0.0.0.0-34659-hddsDatanode-_-any-4443653147292194382.dir/webapp/,AVAILABLE}{/hddsDatanode}
2019-08-21 19:54:29,490 [main] INFO  server.AbstractConnector (AbstractConnector.java:doStart(278)) - Started ServerConnector@274fdea6{HTTP/1.1,[http/1.1]}{0.0.0.0:34659}
2019-08-21 19:54:29,490 [main] INFO  server.Server (Server.java:doStart(419)) - Started @7819ms
2019-08-21 19:54:29,491 [main] INFO  server.BaseHttpServer (BaseHttpServer.java:updateConnectorAddress(213)) - HTTP server of HDDSDATANODE is listening at http://0.0.0.0:34659
2019-08-21 19:54:29,622 | INFO  | ObjectStoreRestHttpServer | Listening HDDS REST traffic on /0.0.0.0:40861 |  
2019-08-21 19:54:29,622 [main] INFO  ozone.HddsDatanodeService (HddsDatanodeService.java:startPlugins(395)) - Started plug-in org.apache.hadoop.ozone.web.OzoneHddsDatanodeService@221b77d7
2019-08-21 19:54:29,623 [main] INFO  impl.MetricsSystemImpl (MetricsSystemImpl.java:init(158)) - HddsDatanode metrics system started (again)
2019-08-21 19:54:29,626 [org.apache.hadoop.util.JvmPauseMonitor$Monitor@4ff2d871] INFO  util.JvmPauseMonitor (JvmPauseMonitor.java:run(188)) - Starting JVM pause monitor
2019-08-21 19:54:29,627 [main] INFO  ozone.HddsDatanodeService (HddsDatanodeService.java:start(184)) - HddsDatanodeService host:pr-hdds-1347-9fd45-2937924148 ip:192.168.157.235
2019-08-21 19:54:29,629 [Datanode State Machine Thread - 0] INFO  datanode.InitDatanodeState (InitDatanodeState.java:persistContainerDatanodeDetails(140)) - DatanodeDetails is persisted to /workdir/hadoop-ozone/integration-test/target/test-dir/MiniOzoneClusterImpl-2406ea78-f822-4bca-8bbf-8046e2560e07/datanode-5/meta/datanode.id
2019-08-21 19:54:29,635 [main] INFO  volume.HddsVolume (HddsVolume.java:<init>(176)) - Creating Volume: /workdir/hadoop-ozone/integration-test/target/test-dir/MiniOzoneClusterImpl-2406ea78-f822-4bca-8bbf-8046e2560e07/datanode-6/data/containers/hdds of  storage type : DISK and capacity : 1482555576320
2019-08-21 19:54:29,635 [main] INFO  volume.VolumeSet (VolumeSet.java:initializeVolumeSet(170)) - Added Volume : /workdir/hadoop-ozone/integration-test/target/test-dir/MiniOzoneClusterImpl-2406ea78-f822-4bca-8bbf-8046e2560e07/datanode-6/data/containers/hdds to VolumeSet
2019-08-21 19:54:29,635 [main] INFO  volume.ThrottledAsyncChecker (ThrottledAsyncChecker.java:schedule(140)) - Scheduling a check for org.apache.hadoop.ozone.container.common.volume.HddsVolume@55adcf9e
2019-08-21 19:54:29,636 [main] INFO  volume.HddsVolumeChecker (HddsVolumeChecker.java:checkAllVolumes(203)) - Scheduled health check for volume org.apache.hadoop.ozone.container.common.volume.HddsVolume@55adcf9e
2019-08-21 19:54:29,648 [main] INFO  impl.RaftServerProxy (ConfUtils.java:logGet(43)) - raft.rpc.type = GRPC (default)
2019-08-21 19:54:29,649 [main] INFO  grpc.GrpcFactory (GrpcFactory.java:checkPooledByteBufAllocatorUseCacheForAllThreads(45)) - PERFORMANCE WARNING: useCacheForAllThreads is true that may cause Netty to create a lot garbage objects and, as a result, trigger GC.
	It is recommended to disable useCacheForAllThreads by setting -Dorg.apache.ratis.thirdparty.io.netty.allocator.useCacheForAllThreads=false in command line.
2019-08-21 19:54:29,649 [main] INFO  grpc.GrpcConfigKeys$Server (ConfUtils.java:logGet(43)) - raft.grpc.server.port = 0 (default)
2019-08-21 19:54:29,649 [main] INFO  server.GrpcService (ConfUtils.java:logGet(43)) - raft.grpc.message.size.max = 33570816 (custom)
2019-08-21 19:54:29,649 [main] INFO  server.RaftServerConfigKeys (ConfUtils.java:logGet(43)) - raft.server.log.appender.buffer.byte-limit = 33554432 (custom)
2019-08-21 19:54:29,649 [main] INFO  server.GrpcService (ConfUtils.java:logGet(43)) - raft.grpc.flow.control.window = 1MB (=1048576) (default)
2019-08-21 19:54:29,650 [main] INFO  server.RaftServerConfigKeys (ConfUtils.java:logGet(43)) - raft.server.rpc.request.timeout = 3000ms (default)
2019-08-21 19:54:29,650 [main] INFO  server.RaftServerConfigKeys (ConfUtils.java:logGet(43)) - raft.server.storage.dir = [/workdir/hadoop-ozone/integration-test/target/test-dir/MiniOzoneClusterImpl-2406ea78-f822-4bca-8bbf-8046e2560e07/datanode-6/data/ratis] (custom)
2019-08-21 19:54:29,650 [main] INFO  replication.SimpleContainerDownloader (SimpleContainerDownloader.java:<init>(72)) - Starting container downloader service to copy containers to replicate.
2019-08-21 19:54:29,652 [main] INFO  hdfs.DFSUtil (DFSUtil.java:httpServerTemplateForNNAndJN(1641)) - Starting Web-server for hddsDatanode at: http://0.0.0.0:0
2019-08-21 19:54:29,653 [main] INFO  server.AuthenticationFilter (AuthenticationFilter.java:constructSecretProvider(240)) - Unable to initialize FileSignerSecretProvider, falling back to use random secrets.
2019-08-21 19:54:29,653 [main] WARN  http.HttpRequestLog (HttpRequestLog.java:getRequestLog(97)) - Jetty request log can only be enabled using Log4j
2019-08-21 19:54:29,654 [main] INFO  http.HttpServer2 (HttpServer2.java:addGlobalFilter(975)) - Added global filter 'safety' (class=org.apache.hadoop.http.HttpServer2$QuotingInputFilter)
2019-08-21 19:54:29,655 [main] INFO  http.HttpServer2 (HttpServer2.java:addFilter(948)) - Added filter static_user_filter (class=org.apache.hadoop.http.lib.StaticUserWebFilter$StaticUserFilter) to context hddsDatanode
2019-08-21 19:54:29,655 [main] INFO  http.HttpServer2 (HttpServer2.java:addFilter(958)) - Added filter static_user_filter (class=org.apache.hadoop.http.lib.StaticUserWebFilter$StaticUserFilter) to context logs
2019-08-21 19:54:29,655 [main] INFO  http.HttpServer2 (HttpServer2.java:addFilter(958)) - Added filter static_user_filter (class=org.apache.hadoop.http.lib.StaticUserWebFilter$StaticUserFilter) to context static
2019-08-21 19:54:29,655 [main] INFO  http.HttpServer2 (HttpServer2.java:bindListener(1191)) - Jetty bound to port 41065
2019-08-21 19:54:29,656 [main] INFO  server.Server (Server.java:doStart(351)) - jetty-9.3.24.v20180605, build timestamp: 2018-06-05T17:11:56Z, git hash: 84205aa28f11a4f31f2a3b86d1bba2cc8ab69827
2019-08-21 19:54:29,657 [main] INFO  handler.ContextHandler (ContextHandler.java:doStart(781)) - Started o.e.j.s.ServletContextHandler@59f45950{/logs,file:///workdir/hadoop-ozone/integration-test/target/log,AVAILABLE}
2019-08-21 19:54:29,658 [main] INFO  handler.ContextHandler (ContextHandler.java:doStart(781)) - Started o.e.j.s.ServletContextHandler@58164e9a{/static,jar:file:/home/user/.m2/repository/org/apache/hadoop/hadoop-hdds-container-service/0.5.0-SNAPSHOT/hadoop-hdds-container-service-0.5.0-SNAPSHOT.jar!/webapps/static,AVAILABLE}
2019-08-21 19:54:29,682 [main] INFO  handler.ContextHandler (ContextHandler.java:doStart(781)) - Started o.e.j.w.WebAppContext@6734ff92{/,file:///tmp/jetty-0.0.0.0-41065-hddsDatanode-_-any-3846133420175930386.dir/webapp/,AVAILABLE}{/hddsDatanode}
2019-08-21 19:54:29,683 [main] INFO  server.AbstractConnector (AbstractConnector.java:doStart(278)) - Started ServerConnector@51eb0e84{HTTP/1.1,[http/1.1]}{0.0.0.0:41065}
2019-08-21 19:54:29,684 [main] INFO  server.Server (Server.java:doStart(419)) - Started @8013ms
2019-08-21 19:54:29,685 [main] INFO  server.BaseHttpServer (BaseHttpServer.java:updateConnectorAddress(213)) - HTTP server of HDDSDATANODE is listening at http://0.0.0.0:41065
2019-08-21 19:54:29,795 | INFO  | ObjectStoreRestHttpServer | Listening HDDS REST traffic on /0.0.0.0:34881 |  
2019-08-21 19:54:29,796 [main] INFO  ozone.HddsDatanodeService (HddsDatanodeService.java:startPlugins(395)) - Started plug-in org.apache.hadoop.ozone.web.OzoneHddsDatanodeService@786a3477
2019-08-21 19:54:29,799 [main] INFO  ozone.MiniOzoneClusterImpl (MiniOzoneClusterImpl.java:lambda$waitForClusterToBeReady$0(142)) - Waiting for cluster to be ready. Got 0 of 7 DN Heartbeats.
2019-08-21 19:54:29,799 [org.apache.hadoop.util.JvmPauseMonitor$Monitor@395d06a2] INFO  util.JvmPauseMonitor (JvmPauseMonitor.java:run(188)) - Starting JVM pause monitor
2019-08-21 19:54:29,802 [Datanode State Machine Thread - 0] INFO  datanode.InitDatanodeState (InitDatanodeState.java:persistContainerDatanodeDetails(140)) - DatanodeDetails is persisted to /workdir/hadoop-ozone/integration-test/target/test-dir/MiniOzoneClusterImpl-2406ea78-f822-4bca-8bbf-8046e2560e07/datanode-6/meta/datanode.id
2019-08-21 19:54:30,483 | INFO  | SCMAudit | user=jenkins1000 | ip=192.168.157.235 | op=GET_VERSION null | ret=SUCCESS |  
2019-08-21 19:54:30,516 [Datanode State Machine Thread - 0] INFO  ozoneimpl.OzoneContainer (OzoneContainer.java:start(186)) - Attempting to start container services.
2019-08-21 19:54:30,518 [Datanode State Machine Thread - 0] INFO  ozoneimpl.OzoneContainer (OzoneContainer.java:startContainerScrub(160)) - Background container scrubber has been disabled by hdds.containerscrub.enabled
2019-08-21 19:54:30,518 [Datanode State Machine Thread - 0] INFO  ratis.XceiverServerRatis (XceiverServerRatis.java:start(404)) - Starting XceiverServerRatis 41bf33c2-016c-4465-8a22-47ae4a465f84 at port 0
2019-08-21 19:54:30,543 [Datanode State Machine Thread - 0] INFO  impl.RaftServerProxy (RaftServerProxy.java:lambda$start$3(299)) - 41bf33c2-016c-4465-8a22-47ae4a465f84: start RPC server
2019-08-21 19:54:30,675 [Datanode State Machine Thread - 0] INFO  server.GrpcService (GrpcService.java:startImpl(149)) - 41bf33c2-016c-4465-8a22-47ae4a465f84: GrpcService started, listening on 0.0.0.0/0.0.0.0:41191
2019-08-21 19:54:30,676 [Datanode State Machine Thread - 0] INFO  ratis.XceiverServerRatis (XceiverServerRatis.java:start(414)) - XceiverServerRatis 41bf33c2-016c-4465-8a22-47ae4a465f84 is started using port 41191
2019-08-21 19:54:30,679 [Datanode State Machine Thread - 0] INFO  server.XceiverServerGrpc (XceiverServerGrpc.java:start(161)) - XceiverServerGrpc 41bf33c2-016c-4465-8a22-47ae4a465f84 is started using port 37242
2019-08-21 19:54:30,692 | INFO  | SCMAudit | user=jenkins1000 | ip=192.168.157.235 | op=GET_VERSION null | ret=SUCCESS |  
2019-08-21 19:54:30,708 [Datanode State Machine Thread - 0] INFO  ozoneimpl.OzoneContainer (OzoneContainer.java:start(186)) - Attempting to start container services.
2019-08-21 19:54:30,710 [Datanode State Machine Thread - 0] INFO  ozoneimpl.OzoneContainer (OzoneContainer.java:startContainerScrub(160)) - Background container scrubber has been disabled by hdds.containerscrub.enabled
2019-08-21 19:54:30,711 [Datanode State Machine Thread - 0] INFO  ratis.XceiverServerRatis (XceiverServerRatis.java:start(404)) - Starting XceiverServerRatis 6277c58b-bba4-4a90-8476-1f26e751e8fd at port 0
2019-08-21 19:54:30,720 [Datanode State Machine Thread - 0] INFO  impl.RaftServerProxy (RaftServerProxy.java:lambda$start$3(299)) - 6277c58b-bba4-4a90-8476-1f26e751e8fd: start RPC server
2019-08-21 19:54:30,724 [Datanode State Machine Thread - 0] INFO  server.GrpcService (GrpcService.java:startImpl(149)) - 6277c58b-bba4-4a90-8476-1f26e751e8fd: GrpcService started, listening on 0.0.0.0/0.0.0.0:39719
2019-08-21 19:54:30,724 [Datanode State Machine Thread - 0] INFO  ratis.XceiverServerRatis (XceiverServerRatis.java:start(414)) - XceiverServerRatis 6277c58b-bba4-4a90-8476-1f26e751e8fd is started using port 39719
2019-08-21 19:54:30,727 [Datanode State Machine Thread - 0] INFO  server.XceiverServerGrpc (XceiverServerGrpc.java:start(161)) - XceiverServerGrpc 6277c58b-bba4-4a90-8476-1f26e751e8fd is started using port 39971
2019-08-21 19:54:30,799 [main] INFO  ozone.MiniOzoneClusterImpl (MiniOzoneClusterImpl.java:lambda$waitForClusterToBeReady$0(142)) - Waiting for cluster to be ready. Got 0 of 7 DN Heartbeats.
2019-08-21 19:54:30,929 | INFO  | SCMAudit | user=jenkins1000 | ip=192.168.157.235 | op=GET_VERSION null | ret=SUCCESS |  
2019-08-21 19:54:30,943 [Datanode State Machine Thread - 0] INFO  ozoneimpl.OzoneContainer (OzoneContainer.java:start(186)) - Attempting to start container services.
2019-08-21 19:54:30,948 [Datanode State Machine Thread - 0] INFO  ozoneimpl.OzoneContainer (OzoneContainer.java:startContainerScrub(160)) - Background container scrubber has been disabled by hdds.containerscrub.enabled
2019-08-21 19:54:30,949 [Datanode State Machine Thread - 0] INFO  ratis.XceiverServerRatis (XceiverServerRatis.java:start(404)) - Starting XceiverServerRatis 0a974a71-c44d-4307-b33a-cd8175088c01 at port 0
2019-08-21 19:54:30,957 [Datanode State Machine Thread - 0] INFO  impl.RaftServerProxy (RaftServerProxy.java:lambda$start$3(299)) - 0a974a71-c44d-4307-b33a-cd8175088c01: start RPC server
2019-08-21 19:54:30,961 [Datanode State Machine Thread - 0] INFO  server.GrpcService (GrpcService.java:startImpl(149)) - 0a974a71-c44d-4307-b33a-cd8175088c01: GrpcService started, listening on 0.0.0.0/0.0.0.0:43418
2019-08-21 19:54:30,961 [Datanode State Machine Thread - 0] INFO  ratis.XceiverServerRatis (XceiverServerRatis.java:start(414)) - XceiverServerRatis 0a974a71-c44d-4307-b33a-cd8175088c01 is started using port 43418
2019-08-21 19:54:30,964 [Datanode State Machine Thread - 0] INFO  server.XceiverServerGrpc (XceiverServerGrpc.java:start(161)) - XceiverServerGrpc 0a974a71-c44d-4307-b33a-cd8175088c01 is started using port 33090
2019-08-21 19:54:31,151 | INFO  | SCMAudit | user=jenkins1000 | ip=192.168.157.235 | op=GET_VERSION null | ret=SUCCESS |  
2019-08-21 19:54:31,165 [Datanode State Machine Thread - 0] INFO  ozoneimpl.OzoneContainer (OzoneContainer.java:start(186)) - Attempting to start container services.
2019-08-21 19:54:31,165 [Datanode State Machine Thread - 0] INFO  ozoneimpl.OzoneContainer (OzoneContainer.java:startContainerScrub(160)) - Background container scrubber has been disabled by hdds.containerscrub.enabled
2019-08-21 19:54:31,166 [Datanode State Machine Thread - 0] INFO  ratis.XceiverServerRatis (XceiverServerRatis.java:start(404)) - Starting XceiverServerRatis c1353731-fe9a-4fbe-979b-c923f11204b2 at port 0
2019-08-21 19:54:31,174 [Datanode State Machine Thread - 0] INFO  impl.RaftServerProxy (RaftServerProxy.java:lambda$start$3(299)) - c1353731-fe9a-4fbe-979b-c923f11204b2: start RPC server
2019-08-21 19:54:31,179 [Datanode State Machine Thread - 0] INFO  server.GrpcService (GrpcService.java:startImpl(149)) - c1353731-fe9a-4fbe-979b-c923f11204b2: GrpcService started, listening on 0.0.0.0/0.0.0.0:40413
2019-08-21 19:54:31,179 [Datanode State Machine Thread - 0] INFO  ratis.XceiverServerRatis (XceiverServerRatis.java:start(414)) - XceiverServerRatis c1353731-fe9a-4fbe-979b-c923f11204b2 is started using port 40413
2019-08-21 19:54:31,183 [Datanode State Machine Thread - 0] INFO  server.XceiverServerGrpc (XceiverServerGrpc.java:start(161)) - XceiverServerGrpc c1353731-fe9a-4fbe-979b-c923f11204b2 is started using port 33358
2019-08-21 19:54:31,333 | INFO  | SCMAudit | user=jenkins1000 | ip=192.168.157.235 | op=GET_VERSION null | ret=SUCCESS |  
2019-08-21 19:54:31,341 [Datanode State Machine Thread - 0] INFO  ozoneimpl.OzoneContainer (OzoneContainer.java:start(186)) - Attempting to start container services.
2019-08-21 19:54:31,342 [Datanode State Machine Thread - 0] INFO  ozoneimpl.OzoneContainer (OzoneContainer.java:startContainerScrub(160)) - Background container scrubber has been disabled by hdds.containerscrub.enabled
2019-08-21 19:54:31,342 [Datanode State Machine Thread - 0] INFO  ratis.XceiverServerRatis (XceiverServerRatis.java:start(404)) - Starting XceiverServerRatis 94b68f26-af36-483b-8a8e-f4fa83132938 at port 0
2019-08-21 19:54:31,350 [Datanode State Machine Thread - 0] INFO  impl.RaftServerProxy (RaftServerProxy.java:lambda$start$3(299)) - 94b68f26-af36-483b-8a8e-f4fa83132938: start RPC server
2019-08-21 19:54:31,355 [Datanode State Machine Thread - 0] INFO  server.GrpcService (GrpcService.java:startImpl(149)) - 94b68f26-af36-483b-8a8e-f4fa83132938: GrpcService started, listening on 0.0.0.0/0.0.0.0:41789
2019-08-21 19:54:31,355 [Datanode State Machine Thread - 0] INFO  ratis.XceiverServerRatis (XceiverServerRatis.java:start(414)) - XceiverServerRatis 94b68f26-af36-483b-8a8e-f4fa83132938 is started using port 41789
2019-08-21 19:54:31,359 [Datanode State Machine Thread - 0] INFO  server.XceiverServerGrpc (XceiverServerGrpc.java:start(161)) - XceiverServerGrpc 94b68f26-af36-483b-8a8e-f4fa83132938 is started using port 41798
2019-08-21 19:54:31,631 | INFO  | SCMAudit | user=jenkins1000 | ip=192.168.157.235 | op=GET_VERSION null | ret=SUCCESS |  
2019-08-21 19:54:31,646 [Datanode State Machine Thread - 0] INFO  ozoneimpl.OzoneContainer (OzoneContainer.java:start(186)) - Attempting to start container services.
2019-08-21 19:54:31,647 [Datanode State Machine Thread - 0] INFO  ozoneimpl.OzoneContainer (OzoneContainer.java:startContainerScrub(160)) - Background container scrubber has been disabled by hdds.containerscrub.enabled
2019-08-21 19:54:31,647 [Datanode State Machine Thread - 0] INFO  ratis.XceiverServerRatis (XceiverServerRatis.java:start(404)) - Starting XceiverServerRatis e7e5d5d3-98a0-491e-b656-94994244dcb6 at port 0
2019-08-21 19:54:31,655 [Datanode State Machine Thread - 0] INFO  impl.RaftServerProxy (RaftServerProxy.java:lambda$start$3(299)) - e7e5d5d3-98a0-491e-b656-94994244dcb6: start RPC server
2019-08-21 19:54:31,659 [Datanode State Machine Thread - 0] INFO  server.GrpcService (GrpcService.java:startImpl(149)) - e7e5d5d3-98a0-491e-b656-94994244dcb6: GrpcService started, listening on 0.0.0.0/0.0.0.0:39463
2019-08-21 19:54:31,659 [Datanode State Machine Thread - 0] INFO  ratis.XceiverServerRatis (XceiverServerRatis.java:start(414)) - XceiverServerRatis e7e5d5d3-98a0-491e-b656-94994244dcb6 is started using port 39463
2019-08-21 19:54:31,663 [Datanode State Machine Thread - 0] INFO  server.XceiverServerGrpc (XceiverServerGrpc.java:start(161)) - XceiverServerGrpc e7e5d5d3-98a0-491e-b656-94994244dcb6 is started using port 43055
2019-08-21 19:54:31,800 [main] INFO  ozone.MiniOzoneClusterImpl (MiniOzoneClusterImpl.java:lambda$waitForClusterToBeReady$0(142)) - Waiting for cluster to be ready. Got 0 of 7 DN Heartbeats.
2019-08-21 19:54:31,802 | INFO  | SCMAudit | user=jenkins1000 | ip=192.168.157.235 | op=GET_VERSION null | ret=SUCCESS |  
2019-08-21 19:54:31,817 [Datanode State Machine Thread - 0] INFO  ozoneimpl.OzoneContainer (OzoneContainer.java:start(186)) - Attempting to start container services.
2019-08-21 19:54:31,817 [Datanode State Machine Thread - 0] INFO  ozoneimpl.OzoneContainer (OzoneContainer.java:startContainerScrub(160)) - Background container scrubber has been disabled by hdds.containerscrub.enabled
2019-08-21 19:54:31,817 [Datanode State Machine Thread - 0] INFO  ratis.XceiverServerRatis (XceiverServerRatis.java:start(404)) - Starting XceiverServerRatis f41f6f16-2e19-435e-9455-92a969fe9c75 at port 0
2019-08-21 19:54:31,825 [Datanode State Machine Thread - 0] INFO  impl.RaftServerProxy (RaftServerProxy.java:lambda$start$3(299)) - f41f6f16-2e19-435e-9455-92a969fe9c75: start RPC server
2019-08-21 19:54:31,829 [Datanode State Machine Thread - 0] INFO  server.GrpcService (GrpcService.java:startImpl(149)) - f41f6f16-2e19-435e-9455-92a969fe9c75: GrpcService started, listening on 0.0.0.0/0.0.0.0:43968
2019-08-21 19:54:31,830 [Datanode State Machine Thread - 0] INFO  ratis.XceiverServerRatis (XceiverServerRatis.java:start(414)) - XceiverServerRatis f41f6f16-2e19-435e-9455-92a969fe9c75 is started using port 43968
2019-08-21 19:54:31,834 [Datanode State Machine Thread - 0] INFO  server.XceiverServerGrpc (XceiverServerGrpc.java:start(161)) - XceiverServerGrpc f41f6f16-2e19-435e-9455-92a969fe9c75 is started using port 45756
2019-08-21 19:54:32,495 [IPC Server handler 3 on 41780] INFO  net.NetworkTopology (NetworkTopologyImpl.java:add(110)) - Added a new node: /default-rack/41bf33c2-016c-4465-8a22-47ae4a465f84
2019-08-21 19:54:32,496 [IPC Server handler 3 on 41780] INFO  node.SCMNodeManager (SCMNodeManager.java:register(273)) - Registered Data node : 41bf33c2-016c-4465-8a22-47ae4a465f84{ip: 192.168.157.235, host: pr-hdds-1347-9fd45-2937924148, networkLocation: /default-rack, certSerialId: null}
2019-08-21 19:54:32,504 [EventQueue-NodeRegistrationContainerReportForDataNodeSafeModeRule] INFO  safemode.SCMSafeModeManager (DataNodeSafeModeRule.java:process(71)) - SCM in safe mode. 1 DataNodes registered, 1 required.
2019-08-21 19:54:32,505 [EventQueue-NodeRegistrationContainerReportForContainerSafeModeRule] INFO  safemode.SCMSafeModeManager (SCMSafeModeManager.java:validateSafeModeExitRules(177)) - ScmSafeModeManager, all rules are successfully validated
2019-08-21 19:54:32,505 [EventQueue-NodeRegistrationContainerReportForContainerSafeModeRule] INFO  safemode.SCMSafeModeManager (SCMSafeModeManager.java:exitSafeMode(193)) - SCM exiting safe mode.
2019-08-21 19:54:32,515 | INFO  | SCMAudit | user=jenkins1000 | ip=192.168.157.235 | op=REGISTER {datanodeDetails=41bf33c2-016c-4465-8a22-47ae4a465f84{ip: 192.168.157.235, host: pr-hdds-1347-9fd45-2937924148, networkLocation: /default-rack, certSerialId: null}} | ret=SUCCESS |  
2019-08-21 19:54:32,694 [IPC Server handler 4 on 41780] INFO  net.NetworkTopology (NetworkTopologyImpl.java:add(110)) - Added a new node: /default-rack/6277c58b-bba4-4a90-8476-1f26e751e8fd
2019-08-21 19:54:32,694 [IPC Server handler 4 on 41780] INFO  node.SCMNodeManager (SCMNodeManager.java:register(273)) - Registered Data node : 6277c58b-bba4-4a90-8476-1f26e751e8fd{ip: 192.168.157.235, host: pr-hdds-1347-9fd45-2937924148, networkLocation: /default-rack, certSerialId: null}
2019-08-21 19:54:32,695 | INFO  | SCMAudit | user=jenkins1000 | ip=192.168.157.235 | op=REGISTER {datanodeDetails=6277c58b-bba4-4a90-8476-1f26e751e8fd{ip: 192.168.157.235, host: pr-hdds-1347-9fd45-2937924148, networkLocation: /default-rack, certSerialId: null}} | ret=SUCCESS |  
2019-08-21 19:54:32,802 [main] INFO  ozone.MiniOzoneClusterImpl (MiniOzoneClusterImpl.java:lambda$waitForClusterToBeReady$0(142)) - Waiting for cluster to be ready. Got 2 of 7 DN Heartbeats.
2019-08-21 19:54:33,229 [IPC Server handler 2 on 41780] INFO  net.NetworkTopology (NetworkTopologyImpl.java:add(110)) - Added a new node: /default-rack/c1353731-fe9a-4fbe-979b-c923f11204b2
2019-08-21 19:54:33,229 [IPC Server handler 3 on 41780] INFO  net.NetworkTopology (NetworkTopologyImpl.java:add(110)) - Added a new node: /default-rack/0a974a71-c44d-4307-b33a-cd8175088c01
2019-08-21 19:54:33,240 [IPC Server handler 2 on 41780] INFO  node.SCMNodeManager (SCMNodeManager.java:register(273)) - Registered Data node : c1353731-fe9a-4fbe-979b-c923f11204b2{ip: 192.168.157.235, host: pr-hdds-1347-9fd45-2937924148, networkLocation: /default-rack, certSerialId: null}
2019-08-21 19:54:33,240 [IPC Server handler 3 on 41780] INFO  node.SCMNodeManager (SCMNodeManager.java:register(273)) - Registered Data node : 0a974a71-c44d-4307-b33a-cd8175088c01{ip: 192.168.157.235, host: pr-hdds-1347-9fd45-2937924148, networkLocation: /default-rack, certSerialId: null}
2019-08-21 19:54:33,241 | INFO  | SCMAudit | user=jenkins1000 | ip=192.168.157.235 | op=REGISTER {datanodeDetails=c1353731-fe9a-4fbe-979b-c923f11204b2{ip: 192.168.157.235, host: pr-hdds-1347-9fd45-2937924148, networkLocation: /default-rack, certSerialId: null}} | ret=SUCCESS |  
2019-08-21 19:54:33,241 | INFO  | SCMAudit | user=jenkins1000 | ip=192.168.157.235 | op=REGISTER {datanodeDetails=0a974a71-c44d-4307-b33a-cd8175088c01{ip: 192.168.157.235, host: pr-hdds-1347-9fd45-2937924148, networkLocation: /default-rack, certSerialId: null}} | ret=SUCCESS |  
2019-08-21 19:54:33,333 [IPC Server handler 4 on 41780] INFO  net.NetworkTopology (NetworkTopologyImpl.java:add(110)) - Added a new node: /default-rack/94b68f26-af36-483b-8a8e-f4fa83132938
2019-08-21 19:54:33,334 [IPC Server handler 4 on 41780] INFO  node.SCMNodeManager (SCMNodeManager.java:register(273)) - Registered Data node : 94b68f26-af36-483b-8a8e-f4fa83132938{ip: 192.168.157.235, host: pr-hdds-1347-9fd45-2937924148, networkLocation: /default-rack, certSerialId: null}
2019-08-21 19:54:33,334 | INFO  | SCMAudit | user=jenkins1000 | ip=192.168.157.235 | op=REGISTER {datanodeDetails=94b68f26-af36-483b-8a8e-f4fa83132938{ip: 192.168.157.235, host: pr-hdds-1347-9fd45-2937924148, networkLocation: /default-rack, certSerialId: null}} | ret=SUCCESS |  
2019-08-21 19:54:33,436 [grpc-default-executor-0] INFO  impl.RaftServerProxy (RaftServerProxy.java:addNew(89)) - 41bf33c2-016c-4465-8a22-47ae4a465f84: addNew group-30378B4A82F8:[41bf33c2-016c-4465-8a22-47ae4a465f84:192.168.157.235:41191] returns group-30378B4A82F8:java.util.concurrent.CompletableFuture@5b31a743[Not completed]
2019-08-21 19:54:33,452 [pool-27-thread-1] INFO  impl.RaftServerImpl (RaftServerImpl.java:<init>(93)) - 41bf33c2-016c-4465-8a22-47ae4a465f84: new RaftServerImpl for group-30378B4A82F8:[41bf33c2-016c-4465-8a22-47ae4a465f84:192.168.157.235:41191] with ContainerStateMachine:uninitialized
2019-08-21 19:54:33,454 [pool-27-thread-1] INFO  server.RaftServerConfigKeys (ConfUtils.java:logGet(43)) - raft.server.rpc.timeout.min = 5s (custom)
2019-08-21 19:54:33,455 [pool-27-thread-1] INFO  server.RaftServerConfigKeys (ConfUtils.java:logGet(43)) - raft.server.rpc.timeout.max = 5200ms (custom)
2019-08-21 19:54:33,455 [pool-27-thread-1] INFO  server.RaftServerConfigKeys (ConfUtils.java:logGet(43)) - raft.server.rpcslowness.timeout = 120s (custom)
2019-08-21 19:54:33,456 [pool-27-thread-1] INFO  server.RaftServerConfigKeys (ConfUtils.java:logGet(43)) - raft.server.sleep.deviation.threshold = 300 (default)
2019-08-21 19:54:33,456 [pool-27-thread-1] INFO  server.RaftServerConfigKeys (ConfUtils.java:logGet(43)) - raft.server.log.appender.install.snapshot.enabled = false (custom)
2019-08-21 19:54:33,463 [pool-27-thread-1] INFO  impl.RaftServerImpl (ServerState.java:<init>(105)) - 41bf33c2-016c-4465-8a22-47ae4a465f84:group-30378B4A82F8 ConfigurationManager, init=-1: [41bf33c2-016c-4465-8a22-47ae4a465f84:192.168.157.235:41191], old=null, confs=<EMPTY_MAP>
2019-08-21 19:54:33,463 [pool-27-thread-1] INFO  server.RaftServerConfigKeys (ConfUtils.java:logGet(43)) - raft.server.storage.dir = [/workdir/hadoop-ozone/integration-test/target/test-dir/MiniOzoneClusterImpl-2406ea78-f822-4bca-8bbf-8046e2560e07/datanode-0/data/ratis] (custom)
2019-08-21 19:54:33,469 [pool-27-thread-1] INFO  storage.RaftStorageDirectory (RaftStorageDirectory.java:analyzeStorage(246)) - The storage directory /workdir/hadoop-ozone/integration-test/target/test-dir/MiniOzoneClusterImpl-2406ea78-f822-4bca-8bbf-8046e2560e07/datanode-0/data/ratis/8c26c0fe-164f-41e5-8dfb-30378b4a82f8 does not exist. Creating ...
2019-08-21 19:54:33,486 [pool-27-thread-1] INFO  storage.RaftStorageDirectory (RaftStorageDirectory.java:tryLock(328)) - Lock on /workdir/hadoop-ozone/integration-test/target/test-dir/MiniOzoneClusterImpl-2406ea78-f822-4bca-8bbf-8046e2560e07/datanode-0/data/ratis/8c26c0fe-164f-41e5-8dfb-30378b4a82f8/in_use.lock acquired by nodename 1120@pr-hdds-1347-9fd45-2937924148
2019-08-21 19:54:33,501 [pool-27-thread-1] INFO  storage.RaftStorage (RaftStorage.java:format(72)) - Storage directory /workdir/hadoop-ozone/integration-test/target/test-dir/MiniOzoneClusterImpl-2406ea78-f822-4bca-8bbf-8046e2560e07/datanode-0/data/ratis/8c26c0fe-164f-41e5-8dfb-30378b4a82f8 has been successfully formatted.
2019-08-21 19:54:33,504 [pool-27-thread-1] INFO  ratis.ContainerStateMachine (ContainerStateMachine.java:loadSnapshot(226)) - group-30378B4A82F8: The snapshot info is null. Setting the last applied indexto:(t:0, i:~)
2019-08-21 19:54:33,504 [pool-27-thread-1] INFO  server.RaftServerConfigKeys (ConfUtils.java:logGet(43)) - raft.server.leader.election.timeout = 120s (custom)
2019-08-21 19:54:33,506 [pool-27-thread-1] INFO  server.RaftServerConfigKeys (ConfUtils.java:logGet(43)) - raft.server.log.use.memory = false (default)
2019-08-21 19:54:33,511 [pool-27-thread-1] INFO  server.RaftServerConfigKeys (ConfUtils.java:logGet(43)) - raft.server.log.purge.gap = 1000000 (custom)
2019-08-21 19:54:33,511 [pool-27-thread-1] INFO  server.RaftServerConfigKeys (ConfUtils.java:logGet(43)) - raft.server.log.appender.buffer.byte-limit = 33554432 (custom)
2019-08-21 19:54:33,512 [pool-27-thread-1] INFO  server.RaftServerConfigKeys (ConfUtils.java:logGet(43)) - raft.server.log.segment.size.max = 1048576 (custom)
2019-08-21 19:54:33,516 [pool-27-thread-1] INFO  server.RaftServerConfigKeys (ConfUtils.java:logGet(43)) - raft.server.log.segment.cache.num.max = 2 (custom)
2019-08-21 19:54:33,521 [pool-27-thread-1] INFO  segmented.SegmentedRaftLogWorker (SegmentedRaftLogWorker.java:<init>(172)) - new 41bf33c2-016c-4465-8a22-47ae4a465f84-SegmentedRaftLogWorker:Storage Directory /workdir/hadoop-ozone/integration-test/target/test-dir/MiniOzoneClusterImpl-2406ea78-f822-4bca-8bbf-8046e2560e07/datanode-0/data/ratis/8c26c0fe-164f-41e5-8dfb-30378b4a82f8 for RaftStorage:Storage Directory /workdir/hadoop-ozone/integration-test/target/test-dir/MiniOzoneClusterImpl-2406ea78-f822-4bca-8bbf-8046e2560e07/datanode-0/data/ratis/8c26c0fe-164f-41e5-8dfb-30378b4a82f8
2019-08-21 19:54:33,533 [pool-27-thread-1] INFO  server.RaftServerConfigKeys (ConfUtils.java:logGet(43)) - raft.server.log.queue.byte-limit = 2147483647 (custom)
2019-08-21 19:54:33,533 [pool-27-thread-1] INFO  server.RaftServerConfigKeys (ConfUtils.java:logGet(43)) - raft.server.log.queue.element-limit = 1024 (custom)
2019-08-21 19:54:33,538 [pool-27-thread-1] INFO  server.RaftServerConfigKeys (ConfUtils.java:logGet(43)) - raft.server.log.segment.size.max = 1048576 (custom)
2019-08-21 19:54:33,538 [pool-27-thread-1] INFO  server.RaftServerConfigKeys (ConfUtils.java:logGet(43)) - raft.server.log.preallocated.size = 16384 (custom)
2019-08-21 19:54:33,539 [pool-27-thread-1] INFO  server.RaftServerConfigKeys (ConfUtils.java:logGet(43)) - raft.server.log.write.buffer.size = 33554432 (custom)
2019-08-21 19:54:33,539 [pool-27-thread-1] INFO  server.RaftServerConfigKeys (ConfUtils.java:logGet(43)) - raft.server.log.force.sync.num = 128 (default)
2019-08-21 19:54:33,540 [pool-27-thread-1] INFO  server.RaftServerConfigKeys (ConfUtils.java:logGet(43)) - raft.server.log.statemachine.data.sync = true (default)
2019-08-21 19:54:33,540 [pool-27-thread-1] INFO  server.RaftServerConfigKeys (ConfUtils.java:logGet(43)) - raft.server.log.statemachine.data.sync.timeout = 10s (default)
2019-08-21 19:54:33,541 [pool-27-thread-1] INFO  server.RaftServerConfigKeys (ConfUtils.java:logGet(43)) - raft.server.log.statemachine.data.sync.timeout.retry = -1 (default)
2019-08-21 19:54:33,549 [pool-27-thread-1] INFO  server.RaftServerConfigKeys (ConfUtils.java:logGet(43)) - raft.server.log.statemachine.data.caching.enabled = true (custom)
2019-08-21 19:54:33,554 [pool-27-thread-1] INFO  segmented.SegmentedRaftLogWorker (SegmentedRaftLogWorker.java:lambda$new$0(132)) - 41bf33c2-016c-4465-8a22-47ae4a465f84-SegmentedRaftLogWorker:Storage Directory /workdir/hadoop-ozone/integration-test/target/test-dir/MiniOzoneClusterImpl-2406ea78-f822-4bca-8bbf-8046e2560e07/datanode-0/data/ratis/8c26c0fe-164f-41e5-8dfb-30378b4a82f8: flushIndex: setUnconditionally 0 -> -1
2019-08-21 19:54:33,558 [pool-27-thread-1] INFO  server.RaftServerConfigKeys (ConfUtils.java:logGet(43)) - raft.server.snapshot.auto.trigger.enabled = true (custom)
2019-08-21 19:54:33,559 [pool-27-thread-1] INFO  server.RaftServerConfigKeys (ConfUtils.java:logGet(43)) - raft.server.snapshot.auto.trigger.threshold = 10000 (custom)
2019-08-21 19:54:33,559 [pool-27-thread-1] INFO  server.RaftServerConfigKeys (ConfUtils.java:logGet(43)) - raft.server.retrycache.expirytime = 600000ms (custom)
2019-08-21 19:54:33,579 [pool-27-thread-1] INFO  impl.RaftServerImpl (RaftServerImpl.java:start(180)) - 41bf33c2-016c-4465-8a22-47ae4a465f84: start group-30378B4A82F8
2019-08-21 19:54:33,580 [pool-27-thread-1] INFO  impl.RaftServerImpl (RaftServerImpl.java:setRole(171)) - 41bf33c2-016c-4465-8a22-47ae4a465f84:group-30378B4A82F8 changes role from null to FOLLOWER at term 0 for startAsFollower
2019-08-21 19:54:33,582 [pool-27-thread-1] INFO  impl.RoleInfo (RoleInfo.java:updateAndGet(143)) - 41bf33c2-016c-4465-8a22-47ae4a465f84: start FollowerState
2019-08-21 19:54:33,584 [pool-27-thread-1] INFO  util.JmxRegister (JmxRegister.java:tryRegister(44)) - Successfully registered JMX Bean with object name Ratis:service=RaftServer,group=group-30378B4A82F8,id=41bf33c2-016c-4465-8a22-47ae4a465f84
2019-08-21 19:54:33,631 [IPC Server handler 7 on 41780] INFO  net.NetworkTopology (NetworkTopologyImpl.java:add(110)) - Added a new node: /default-rack/e7e5d5d3-98a0-491e-b656-94994244dcb6
2019-08-21 19:54:33,632 [IPC Server handler 7 on 41780] INFO  node.SCMNodeManager (SCMNodeManager.java:register(273)) - Registered Data node : e7e5d5d3-98a0-491e-b656-94994244dcb6{ip: 192.168.157.235, host: pr-hdds-1347-9fd45-2937924148, networkLocation: /default-rack, certSerialId: null}
2019-08-21 19:54:33,633 | INFO  | SCMAudit | user=jenkins1000 | ip=192.168.157.235 | op=REGISTER {datanodeDetails=e7e5d5d3-98a0-491e-b656-94994244dcb6{ip: 192.168.157.235, host: pr-hdds-1347-9fd45-2937924148, networkLocation: /default-rack, certSerialId: null}} | ret=SUCCESS |  
2019-08-21 19:54:33,645 [RatisPipelineUtilsThread] INFO  pipeline.PipelineStateManager (PipelineStateManager.java:addPipeline(56)) - Created pipeline Pipeline[ Id: 8c26c0fe-164f-41e5-8dfb-30378b4a82f8, Nodes: 41bf33c2-016c-4465-8a22-47ae4a465f84{ip: 192.168.157.235, host: pr-hdds-1347-9fd45-2937924148, networkLocation: /default-rack, certSerialId: null}, Type:RATIS, Factor:ONE, State:OPEN]
2019-08-21 19:54:33,673 [grpc-default-executor-0] INFO  impl.RaftServerProxy (RaftServerProxy.java:addNew(89)) - 94b68f26-af36-483b-8a8e-f4fa83132938: addNew group-73757DEEE1E9:[94b68f26-af36-483b-8a8e-f4fa83132938:192.168.157.235:41789] returns group-73757DEEE1E9:java.util.concurrent.CompletableFuture@40473e16[Not completed]
2019-08-21 19:54:33,718 [pool-71-thread-1] INFO  impl.RaftServerImpl (RaftServerImpl.java:<init>(93)) - 94b68f26-af36-483b-8a8e-f4fa83132938: new RaftServerImpl for group-73757DEEE1E9:[94b68f26-af36-483b-8a8e-f4fa83132938:192.168.157.235:41789] with ContainerStateMachine:uninitialized
2019-08-21 19:54:33,719 [pool-71-thread-1] INFO  server.RaftServerConfigKeys (ConfUtils.java:logGet(43)) - raft.server.rpc.timeout.min = 5s (custom)
2019-08-21 19:54:33,720 [pool-71-thread-1] INFO  server.RaftServerConfigKeys (ConfUtils.java:logGet(43)) - raft.server.rpc.timeout.max = 5200ms (custom)
2019-08-21 19:54:33,720 [pool-71-thread-1] INFO  server.RaftServerConfigKeys (ConfUtils.java:logGet(43)) - raft.server.rpcslowness.timeout = 120s (custom)
2019-08-21 19:54:33,720 [pool-71-thread-1] INFO  server.RaftServerConfigKeys (ConfUtils.java:logGet(43)) - raft.server.sleep.deviation.threshold = 300 (default)
2019-08-21 19:54:33,720 [pool-71-thread-1] INFO  server.RaftServerConfigKeys (ConfUtils.java:logGet(43)) - raft.server.log.appender.install.snapshot.enabled = false (custom)
2019-08-21 19:54:33,720 [pool-71-thread-1] INFO  impl.RaftServerImpl (ServerState.java:<init>(105)) - 94b68f26-af36-483b-8a8e-f4fa83132938:group-73757DEEE1E9 ConfigurationManager, init=-1: [94b68f26-af36-483b-8a8e-f4fa83132938:192.168.157.235:41789], old=null, confs=<EMPTY_MAP>
2019-08-21 19:54:33,720 [pool-71-thread-1] INFO  server.RaftServerConfigKeys (ConfUtils.java:logGet(43)) - raft.server.storage.dir = [/workdir/hadoop-ozone/integration-test/target/test-dir/MiniOzoneClusterImpl-2406ea78-f822-4bca-8bbf-8046e2560e07/datanode-4/data/ratis] (custom)
2019-08-21 19:54:33,721 [pool-71-thread-1] INFO  storage.RaftStorageDirectory (RaftStorageDirectory.java:analyzeStorage(246)) - The storage directory /workdir/hadoop-ozone/integration-test/target/test-dir/MiniOzoneClusterImpl-2406ea78-f822-4bca-8bbf-8046e2560e07/datanode-4/data/ratis/b0a3bee5-9c5c-48dc-b3a0-73757deee1e9 does not exist. Creating ...
2019-08-21 19:54:33,736 [pool-71-thread-1] INFO  storage.RaftStorageDirectory (RaftStorageDirectory.java:tryLock(328)) - Lock on /workdir/hadoop-ozone/integration-test/target/test-dir/MiniOzoneClusterImpl-2406ea78-f822-4bca-8bbf-8046e2560e07/datanode-4/data/ratis/b0a3bee5-9c5c-48dc-b3a0-73757deee1e9/in_use.lock acquired by nodename 1120@pr-hdds-1347-9fd45-2937924148
2019-08-21 19:54:33,749 [pool-71-thread-1] INFO  storage.RaftStorage (RaftStorage.java:format(72)) - Storage directory /workdir/hadoop-ozone/integration-test/target/test-dir/MiniOzoneClusterImpl-2406ea78-f822-4bca-8bbf-8046e2560e07/datanode-4/data/ratis/b0a3bee5-9c5c-48dc-b3a0-73757deee1e9 has been successfully formatted.
2019-08-21 19:54:33,750 [pool-71-thread-1] INFO  ratis.ContainerStateMachine (ContainerStateMachine.java:loadSnapshot(226)) - group-73757DEEE1E9: The snapshot info is null. Setting the last applied indexto:(t:0, i:~)
2019-08-21 19:54:33,752 [pool-71-thread-1] INFO  server.RaftServerConfigKeys (ConfUtils.java:logGet(43)) - raft.server.leader.election.timeout = 120s (custom)
2019-08-21 19:54:33,752 [pool-71-thread-1] INFO  server.RaftServerConfigKeys (ConfUtils.java:logGet(43)) - raft.server.log.use.memory = false (default)
2019-08-21 19:54:33,752 [pool-71-thread-1] INFO  server.RaftServerConfigKeys (ConfUtils.java:logGet(43)) - raft.server.log.purge.gap = 1000000 (custom)
2019-08-21 19:54:33,753 [pool-71-thread-1] INFO  server.RaftServerConfigKeys (ConfUtils.java:logGet(43)) - raft.server.log.appender.buffer.byte-limit = 33554432 (custom)
2019-08-21 19:54:33,753 [pool-71-thread-1] INFO  server.RaftServerConfigKeys (ConfUtils.java:logGet(43)) - raft.server.log.segment.size.max = 1048576 (custom)
2019-08-21 19:54:33,753 [pool-71-thread-1] INFO  server.RaftServerConfigKeys (ConfUtils.java:logGet(43)) - raft.server.log.segment.cache.num.max = 2 (custom)
2019-08-21 19:54:33,753 [pool-71-thread-1] INFO  segmented.SegmentedRaftLogWorker (SegmentedRaftLogWorker.java:<init>(172)) - new 94b68f26-af36-483b-8a8e-f4fa83132938-SegmentedRaftLogWorker:Storage Directory /workdir/hadoop-ozone/integration-test/target/test-dir/MiniOzoneClusterImpl-2406ea78-f822-4bca-8bbf-8046e2560e07/datanode-4/data/ratis/b0a3bee5-9c5c-48dc-b3a0-73757deee1e9 for RaftStorage:Storage Directory /workdir/hadoop-ozone/integration-test/target/test-dir/MiniOzoneClusterImpl-2406ea78-f822-4bca-8bbf-8046e2560e07/datanode-4/data/ratis/b0a3bee5-9c5c-48dc-b3a0-73757deee1e9
2019-08-21 19:54:33,755 [pool-71-thread-1] INFO  server.RaftServerConfigKeys (ConfUtils.java:logGet(43)) - raft.server.log.queue.byte-limit = 2147483647 (custom)
2019-08-21 19:54:33,755 [pool-71-thread-1] INFO  server.RaftServerConfigKeys (ConfUtils.java:logGet(43)) - raft.server.log.queue.element-limit = 1024 (custom)
2019-08-21 19:54:33,756 [pool-71-thread-1] INFO  server.RaftServerConfigKeys (ConfUtils.java:logGet(43)) - raft.server.log.segment.size.max = 1048576 (custom)
2019-08-21 19:54:33,756 [pool-71-thread-1] INFO  server.RaftServerConfigKeys (ConfUtils.java:logGet(43)) - raft.server.log.preallocated.size = 16384 (custom)
2019-08-21 19:54:33,756 [pool-71-thread-1] INFO  server.RaftServerConfigKeys (ConfUtils.java:logGet(43)) - raft.server.log.write.buffer.size = 33554432 (custom)
2019-08-21 19:54:33,756 [pool-71-thread-1] INFO  server.RaftServerConfigKeys (ConfUtils.java:logGet(43)) - raft.server.log.force.sync.num = 128 (default)
2019-08-21 19:54:33,757 [pool-71-thread-1] INFO  server.RaftServerConfigKeys (ConfUtils.java:logGet(43)) - raft.server.log.statemachine.data.sync = true (default)
2019-08-21 19:54:33,757 [pool-71-thread-1] INFO  server.RaftServerConfigKeys (ConfUtils.java:logGet(43)) - raft.server.log.statemachine.data.sync.timeout = 10s (default)
2019-08-21 19:54:33,757 [pool-71-thread-1] INFO  server.RaftServerConfigKeys (ConfUtils.java:logGet(43)) - raft.server.log.statemachine.data.sync.timeout.retry = -1 (default)
2019-08-21 19:54:33,758 [pool-71-thread-1] INFO  server.RaftServerConfigKeys (ConfUtils.java:logGet(43)) - raft.server.log.statemachine.data.caching.enabled = true (custom)
2019-08-21 19:54:33,758 [pool-71-thread-1] INFO  segmented.SegmentedRaftLogWorker (SegmentedRaftLogWorker.java:lambda$new$0(132)) - 94b68f26-af36-483b-8a8e-f4fa83132938-SegmentedRaftLogWorker:Storage Directory /workdir/hadoop-ozone/integration-test/target/test-dir/MiniOzoneClusterImpl-2406ea78-f822-4bca-8bbf-8046e2560e07/datanode-4/data/ratis/b0a3bee5-9c5c-48dc-b3a0-73757deee1e9: flushIndex: setUnconditionally 0 -> -1
2019-08-21 19:54:33,759 [pool-71-thread-1] INFO  server.RaftServerConfigKeys (ConfUtils.java:logGet(43)) - raft.server.snapshot.auto.trigger.enabled = true (custom)
2019-08-21 19:54:33,759 [pool-71-thread-1] INFO  server.RaftServerConfigKeys (ConfUtils.java:logGet(43)) - raft.server.snapshot.auto.trigger.threshold = 10000 (custom)
2019-08-21 19:54:33,759 [pool-71-thread-1] INFO  server.RaftServerConfigKeys (ConfUtils.java:logGet(43)) - raft.server.retrycache.expirytime = 600000ms (custom)
2019-08-21 19:54:33,760 [pool-71-thread-1] INFO  impl.RaftServerImpl (RaftServerImpl.java:start(180)) - 94b68f26-af36-483b-8a8e-f4fa83132938: start group-73757DEEE1E9
2019-08-21 19:54:33,760 [pool-71-thread-1] INFO  impl.RaftServerImpl (RaftServerImpl.java:setRole(171)) - 94b68f26-af36-483b-8a8e-f4fa83132938:group-73757DEEE1E9 changes role from null to FOLLOWER at term 0 for startAsFollower
2019-08-21 19:54:33,760 [pool-71-thread-1] INFO  impl.RoleInfo (RoleInfo.java:updateAndGet(143)) - 94b68f26-af36-483b-8a8e-f4fa83132938: start FollowerState
2019-08-21 19:54:33,762 [pool-71-thread-1] INFO  util.JmxRegister (JmxRegister.java:tryRegister(44)) - Successfully registered JMX Bean with object name Ratis:service=RaftServer,group=group-73757DEEE1E9,id=94b68f26-af36-483b-8a8e-f4fa83132938
2019-08-21 19:54:33,777 [RatisPipelineUtilsThread] INFO  pipeline.PipelineStateManager (PipelineStateManager.java:addPipeline(56)) - Created pipeline Pipeline[ Id: b0a3bee5-9c5c-48dc-b3a0-73757deee1e9, Nodes: 94b68f26-af36-483b-8a8e-f4fa83132938{ip: 192.168.157.235, host: pr-hdds-1347-9fd45-2937924148, networkLocation: /default-rack, certSerialId: null}, Type:RATIS, Factor:ONE, State:OPEN]
2019-08-21 19:54:33,804 [main] INFO  ozone.MiniOzoneClusterImpl (MiniOzoneClusterImpl.java:lambda$waitForClusterToBeReady$0(142)) - Waiting for cluster to be ready. Got 6 of 7 DN Heartbeats.
2019-08-21 19:54:33,809 [grpc-default-executor-0] INFO  impl.RaftServerProxy (RaftServerProxy.java:addNew(89)) - 6277c58b-bba4-4a90-8476-1f26e751e8fd: addNew group-5534A011A599:[6277c58b-bba4-4a90-8476-1f26e751e8fd:192.168.157.235:39719] returns group-5534A011A599:java.util.concurrent.CompletableFuture@6f346de6[Not completed]
2019-08-21 19:54:33,809 [IPC Server handler 9 on 41780] INFO  net.NetworkTopology (NetworkTopologyImpl.java:add(110)) - Added a new node: /default-rack/f41f6f16-2e19-435e-9455-92a969fe9c75
2019-08-21 19:54:33,809 [IPC Server handler 9 on 41780] INFO  node.SCMNodeManager (SCMNodeManager.java:register(273)) - Registered Data node : f41f6f16-2e19-435e-9455-92a969fe9c75{ip: 192.168.157.235, host: pr-hdds-1347-9fd45-2937924148, networkLocation: /default-rack, certSerialId: null}
2019-08-21 19:54:33,810 | INFO  | SCMAudit | user=jenkins1000 | ip=192.168.157.235 | op=REGISTER {datanodeDetails=f41f6f16-2e19-435e-9455-92a969fe9c75{ip: 192.168.157.235, host: pr-hdds-1347-9fd45-2937924148, networkLocation: /default-rack, certSerialId: null}} | ret=SUCCESS |  
2019-08-21 19:54:33,826 [pool-38-thread-1] INFO  impl.RaftServerImpl (RaftServerImpl.java:<init>(93)) - 6277c58b-bba4-4a90-8476-1f26e751e8fd: new RaftServerImpl for group-5534A011A599:[6277c58b-bba4-4a90-8476-1f26e751e8fd:192.168.157.235:39719] with ContainerStateMachine:uninitialized
2019-08-21 19:54:33,826 [pool-38-thread-1] INFO  server.RaftServerConfigKeys (ConfUtils.java:logGet(43)) - raft.server.rpc.timeout.min = 5s (custom)
2019-08-21 19:54:33,827 [pool-38-thread-1] INFO  server.RaftServerConfigKeys (ConfUtils.java:logGet(43)) - raft.server.rpc.timeout.max = 5200ms (custom)
2019-08-21 19:54:33,827 [pool-38-thread-1] INFO  server.RaftServerConfigKeys (ConfUtils.java:logGet(43)) - raft.server.rpcslowness.timeout = 120s (custom)
2019-08-21 19:54:33,827 [pool-38-thread-1] INFO  server.RaftServerConfigKeys (ConfUtils.java:logGet(43)) - raft.server.sleep.deviation.threshold = 300 (default)
2019-08-21 19:54:33,827 [pool-38-thread-1] INFO  server.RaftServerConfigKeys (ConfUtils.java:logGet(43)) - raft.server.log.appender.install.snapshot.enabled = false (custom)
2019-08-21 19:54:33,827 [pool-38-thread-1] INFO  impl.RaftServerImpl (ServerState.java:<init>(105)) - 6277c58b-bba4-4a90-8476-1f26e751e8fd:group-5534A011A599 ConfigurationManager, init=-1: [6277c58b-bba4-4a90-8476-1f26e751e8fd:192.168.157.235:39719], old=null, confs=<EMPTY_MAP>
2019-08-21 19:54:33,828 [pool-38-thread-1] INFO  server.RaftServerConfigKeys (ConfUtils.java:logGet(43)) - raft.server.storage.dir = [/workdir/hadoop-ozone/integration-test/target/test-dir/MiniOzoneClusterImpl-2406ea78-f822-4bca-8bbf-8046e2560e07/datanode-1/data/ratis] (custom)
2019-08-21 19:54:33,828 [pool-38-thread-1] INFO  storage.RaftStorageDirectory (RaftStorageDirectory.java:analyzeStorage(246)) - The storage directory /workdir/hadoop-ozone/integration-test/target/test-dir/MiniOzoneClusterImpl-2406ea78-f822-4bca-8bbf-8046e2560e07/datanode-1/data/ratis/1a53c185-2f4b-475e-a471-5534a011a599 does not exist. Creating ...
2019-08-21 19:54:33,841 [pool-38-thread-1] INFO  storage.RaftStorageDirectory (RaftStorageDirectory.java:tryLock(328)) - Lock on /workdir/hadoop-ozone/integration-test/target/test-dir/MiniOzoneClusterImpl-2406ea78-f822-4bca-8bbf-8046e2560e07/datanode-1/data/ratis/1a53c185-2f4b-475e-a471-5534a011a599/in_use.lock acquired by nodename 1120@pr-hdds-1347-9fd45-2937924148
2019-08-21 19:54:33,854 [pool-38-thread-1] INFO  storage.RaftStorage (RaftStorage.java:format(72)) - Storage directory /workdir/hadoop-ozone/integration-test/target/test-dir/MiniOzoneClusterImpl-2406ea78-f822-4bca-8bbf-8046e2560e07/datanode-1/data/ratis/1a53c185-2f4b-475e-a471-5534a011a599 has been successfully formatted.
2019-08-21 19:54:33,855 [pool-38-thread-1] INFO  ratis.ContainerStateMachine (ContainerStateMachine.java:loadSnapshot(226)) - group-5534A011A599: The snapshot info is null. Setting the last applied indexto:(t:0, i:~)
2019-08-21 19:54:33,855 [pool-38-thread-1] INFO  server.RaftServerConfigKeys (ConfUtils.java:logGet(43)) - raft.server.leader.election.timeout = 120s (custom)
2019-08-21 19:54:33,855 [pool-38-thread-1] INFO  server.RaftServerConfigKeys (ConfUtils.java:logGet(43)) - raft.server.log.use.memory = false (default)
2019-08-21 19:54:33,855 [pool-38-thread-1] INFO  server.RaftServerConfigKeys (ConfUtils.java:logGet(43)) - raft.server.log.purge.gap = 1000000 (custom)
2019-08-21 19:54:33,855 [pool-38-thread-1] INFO  server.RaftServerConfigKeys (ConfUtils.java:logGet(43)) - raft.server.log.appender.buffer.byte-limit = 33554432 (custom)
2019-08-21 19:54:33,855 [pool-38-thread-1] INFO  server.RaftServerConfigKeys (ConfUtils.java:logGet(43)) - raft.server.log.segment.size.max = 1048576 (custom)
2019-08-21 19:54:33,856 [pool-38-thread-1] INFO  server.RaftServerConfigKeys (ConfUtils.java:logGet(43)) - raft.server.log.segment.cache.num.max = 2 (custom)
2019-08-21 19:54:33,856 [pool-38-thread-1] INFO  segmented.SegmentedRaftLogWorker (SegmentedRaftLogWorker.java:<init>(172)) - new 6277c58b-bba4-4a90-8476-1f26e751e8fd-SegmentedRaftLogWorker:Storage Directory /workdir/hadoop-ozone/integration-test/target/test-dir/MiniOzoneClusterImpl-2406ea78-f822-4bca-8bbf-8046e2560e07/datanode-1/data/ratis/1a53c185-2f4b-475e-a471-5534a011a599 for RaftStorage:Storage Directory /workdir/hadoop-ozone/integration-test/target/test-dir/MiniOzoneClusterImpl-2406ea78-f822-4bca-8bbf-8046e2560e07/datanode-1/data/ratis/1a53c185-2f4b-475e-a471-5534a011a599
2019-08-21 19:54:33,856 [pool-38-thread-1] INFO  server.RaftServerConfigKeys (ConfUtils.java:logGet(43)) - raft.server.log.queue.byte-limit = 2147483647 (custom)
2019-08-21 19:54:33,856 [pool-38-thread-1] INFO  server.RaftServerConfigKeys (ConfUtils.java:logGet(43)) - raft.server.log.queue.element-limit = 1024 (custom)
2019-08-21 19:54:33,857 [pool-38-thread-1] INFO  server.RaftServerConfigKeys (ConfUtils.java:logGet(43)) - raft.server.log.segment.size.max = 1048576 (custom)
2019-08-21 19:54:33,857 [pool-38-thread-1] INFO  server.RaftServerConfigKeys (ConfUtils.java:logGet(43)) - raft.server.log.preallocated.size = 16384 (custom)
2019-08-21 19:54:33,857 [pool-38-thread-1] INFO  server.RaftServerConfigKeys (ConfUtils.java:logGet(43)) - raft.server.log.write.buffer.size = 33554432 (custom)
2019-08-21 19:54:33,857 [pool-38-thread-1] INFO  server.RaftServerConfigKeys (ConfUtils.java:logGet(43)) - raft.server.log.force.sync.num = 128 (default)
2019-08-21 19:54:33,858 [pool-38-thread-1] INFO  server.RaftServerConfigKeys (ConfUtils.java:logGet(43)) - raft.server.log.statemachine.data.sync = true (default)
2019-08-21 19:54:33,858 [pool-38-thread-1] INFO  server.RaftServerConfigKeys (ConfUtils.java:logGet(43)) - raft.server.log.statemachine.data.sync.timeout = 10s (default)
2019-08-21 19:54:33,858 [pool-38-thread-1] INFO  server.RaftServerConfigKeys (ConfUtils.java:logGet(43)) - raft.server.log.statemachine.data.sync.timeout.retry = -1 (default)
2019-08-21 19:54:33,858 [pool-38-thread-1] INFO  server.RaftServerConfigKeys (ConfUtils.java:logGet(43)) - raft.server.log.statemachine.data.caching.enabled = true (custom)
2019-08-21 19:54:33,859 [pool-38-thread-1] INFO  segmented.SegmentedRaftLogWorker (SegmentedRaftLogWorker.java:lambda$new$0(132)) - 6277c58b-bba4-4a90-8476-1f26e751e8fd-SegmentedRaftLogWorker:Storage Directory /workdir/hadoop-ozone/integration-test/target/test-dir/MiniOzoneClusterImpl-2406ea78-f822-4bca-8bbf-8046e2560e07/datanode-1/data/ratis/1a53c185-2f4b-475e-a471-5534a011a599: flushIndex: setUnconditionally 0 -> -1
2019-08-21 19:54:33,859 [pool-38-thread-1] INFO  server.RaftServerConfigKeys (ConfUtils.java:logGet(43)) - raft.server.snapshot.auto.trigger.enabled = true (custom)
2019-08-21 19:54:33,859 [pool-38-thread-1] INFO  server.RaftServerConfigKeys (ConfUtils.java:logGet(43)) - raft.server.snapshot.auto.trigger.threshold = 10000 (custom)
2019-08-21 19:54:33,860 [pool-38-thread-1] INFO  server.RaftServerConfigKeys (ConfUtils.java:logGet(43)) - raft.server.retrycache.expirytime = 600000ms (custom)
2019-08-21 19:54:33,860 [pool-38-thread-1] INFO  impl.RaftServerImpl (RaftServerImpl.java:start(180)) - 6277c58b-bba4-4a90-8476-1f26e751e8fd: start group-5534A011A599
2019-08-21 19:54:33,860 [pool-38-thread-1] INFO  impl.RaftServerImpl (RaftServerImpl.java:setRole(171)) - 6277c58b-bba4-4a90-8476-1f26e751e8fd:group-5534A011A599 changes role from null to FOLLOWER at term 0 for startAsFollower
2019-08-21 19:54:33,860 [pool-38-thread-1] INFO  impl.RoleInfo (RoleInfo.java:updateAndGet(143)) - 6277c58b-bba4-4a90-8476-1f26e751e8fd: start FollowerState
2019-08-21 19:54:33,861 [pool-38-thread-1] INFO  util.JmxRegister (JmxRegister.java:tryRegister(44)) - Successfully registered JMX Bean with object name Ratis:service=RaftServer,group=group-5534A011A599,id=6277c58b-bba4-4a90-8476-1f26e751e8fd
2019-08-21 19:54:33,875 [RatisPipelineUtilsThread] INFO  pipeline.PipelineStateManager (PipelineStateManager.java:addPipeline(56)) - Created pipeline Pipeline[ Id: 1a53c185-2f4b-475e-a471-5534a011a599, Nodes: 6277c58b-bba4-4a90-8476-1f26e751e8fd{ip: 192.168.157.235, host: pr-hdds-1347-9fd45-2937924148, networkLocation: /default-rack, certSerialId: null}, Type:RATIS, Factor:ONE, State:OPEN]
2019-08-21 19:54:33,901 [grpc-default-executor-0] INFO  impl.RaftServerProxy (RaftServerProxy.java:addNew(89)) - e7e5d5d3-98a0-491e-b656-94994244dcb6: addNew group-C1250954813B:[e7e5d5d3-98a0-491e-b656-94994244dcb6:192.168.157.235:39463] returns group-C1250954813B:java.util.concurrent.CompletableFuture@2a66b195[Not completed]
2019-08-21 19:54:33,906 [pool-82-thread-1] INFO  impl.RaftServerImpl (RaftServerImpl.java:<init>(93)) - e7e5d5d3-98a0-491e-b656-94994244dcb6: new RaftServerImpl for group-C1250954813B:[e7e5d5d3-98a0-491e-b656-94994244dcb6:192.168.157.235:39463] with ContainerStateMachine:uninitialized
2019-08-21 19:54:33,906 [pool-82-thread-1] INFO  server.RaftServerConfigKeys (ConfUtils.java:logGet(43)) - raft.server.rpc.timeout.min = 5s (custom)
2019-08-21 19:54:33,907 [pool-82-thread-1] INFO  server.RaftServerConfigKeys (ConfUtils.java:logGet(43)) - raft.server.rpc.timeout.max = 5200ms (custom)
2019-08-21 19:54:33,907 [pool-82-thread-1] INFO  server.RaftServerConfigKeys (ConfUtils.java:logGet(43)) - raft.server.rpcslowness.timeout = 120s (custom)
2019-08-21 19:54:33,907 [pool-82-thread-1] INFO  server.RaftServerConfigKeys (ConfUtils.java:logGet(43)) - raft.server.sleep.deviation.threshold = 300 (default)
2019-08-21 19:54:33,907 [pool-82-thread-1] INFO  server.RaftServerConfigKeys (ConfUtils.java:logGet(43)) - raft.server.log.appender.install.snapshot.enabled = false (custom)
2019-08-21 19:54:33,907 [pool-82-thread-1] INFO  impl.RaftServerImpl (ServerState.java:<init>(105)) - e7e5d5d3-98a0-491e-b656-94994244dcb6:group-C1250954813B ConfigurationManager, init=-1: [e7e5d5d3-98a0-491e-b656-94994244dcb6:192.168.157.235:39463], old=null, confs=<EMPTY_MAP>
2019-08-21 19:54:33,908 [pool-82-thread-1] INFO  server.RaftServerConfigKeys (ConfUtils.java:logGet(43)) - raft.server.storage.dir = [/workdir/hadoop-ozone/integration-test/target/test-dir/MiniOzoneClusterImpl-2406ea78-f822-4bca-8bbf-8046e2560e07/datanode-5/data/ratis] (custom)
2019-08-21 19:54:33,908 [pool-82-thread-1] INFO  storage.RaftStorageDirectory (RaftStorageDirectory.java:analyzeStorage(246)) - The storage directory /workdir/hadoop-ozone/integration-test/target/test-dir/MiniOzoneClusterImpl-2406ea78-f822-4bca-8bbf-8046e2560e07/datanode-5/data/ratis/1fc19d74-6ea2-4c54-90a6-c1250954813b does not exist. Creating ...
2019-08-21 19:54:33,922 [pool-82-thread-1] INFO  storage.RaftStorageDirectory (RaftStorageDirectory.java:tryLock(328)) - Lock on /workdir/hadoop-ozone/integration-test/target/test-dir/MiniOzoneClusterImpl-2406ea78-f822-4bca-8bbf-8046e2560e07/datanode-5/data/ratis/1fc19d74-6ea2-4c54-90a6-c1250954813b/in_use.lock acquired by nodename 1120@pr-hdds-1347-9fd45-2937924148
2019-08-21 19:54:33,935 [pool-82-thread-1] INFO  storage.RaftStorage (RaftStorage.java:format(72)) - Storage directory /workdir/hadoop-ozone/integration-test/target/test-dir/MiniOzoneClusterImpl-2406ea78-f822-4bca-8bbf-8046e2560e07/datanode-5/data/ratis/1fc19d74-6ea2-4c54-90a6-c1250954813b has been successfully formatted.
2019-08-21 19:54:33,936 [pool-82-thread-1] INFO  ratis.ContainerStateMachine (ContainerStateMachine.java:loadSnapshot(226)) - group-C1250954813B: The snapshot info is null. Setting the last applied indexto:(t:0, i:~)
2019-08-21 19:54:33,936 [pool-82-thread-1] INFO  server.RaftServerConfigKeys (ConfUtils.java:logGet(43)) - raft.server.leader.election.timeout = 120s (custom)
2019-08-21 19:54:33,937 [pool-82-thread-1] INFO  server.RaftServerConfigKeys (ConfUtils.java:logGet(43)) - raft.server.log.use.memory = false (default)
2019-08-21 19:54:33,937 [pool-82-thread-1] INFO  server.RaftServerConfigKeys (ConfUtils.java:logGet(43)) - raft.server.log.purge.gap = 1000000 (custom)
2019-08-21 19:54:33,937 [pool-82-thread-1] INFO  server.RaftServerConfigKeys (ConfUtils.java:logGet(43)) - raft.server.log.appender.buffer.byte-limit = 33554432 (custom)
2019-08-21 19:54:33,937 [pool-82-thread-1] INFO  server.RaftServerConfigKeys (ConfUtils.java:logGet(43)) - raft.server.log.segment.size.max = 1048576 (custom)
2019-08-21 19:54:33,937 [pool-82-thread-1] INFO  server.RaftServerConfigKeys (ConfUtils.java:logGet(43)) - raft.server.log.segment.cache.num.max = 2 (custom)
2019-08-21 19:54:33,938 [pool-82-thread-1] INFO  segmented.SegmentedRaftLogWorker (SegmentedRaftLogWorker.java:<init>(172)) - new e7e5d5d3-98a0-491e-b656-94994244dcb6-SegmentedRaftLogWorker:Storage Directory /workdir/hadoop-ozone/integration-test/target/test-dir/MiniOzoneClusterImpl-2406ea78-f822-4bca-8bbf-8046e2560e07/datanode-5/data/ratis/1fc19d74-6ea2-4c54-90a6-c1250954813b for RaftStorage:Storage Directory /workdir/hadoop-ozone/integration-test/target/test-dir/MiniOzoneClusterImpl-2406ea78-f822-4bca-8bbf-8046e2560e07/datanode-5/data/ratis/1fc19d74-6ea2-4c54-90a6-c1250954813b
2019-08-21 19:54:33,938 [pool-82-thread-1] INFO  server.RaftServerConfigKeys (ConfUtils.java:logGet(43)) - raft.server.log.queue.byte-limit = 2147483647 (custom)
2019-08-21 19:54:33,938 [pool-82-thread-1] INFO  server.RaftServerConfigKeys (ConfUtils.java:logGet(43)) - raft.server.log.queue.element-limit = 1024 (custom)
2019-08-21 19:54:33,939 [pool-82-thread-1] INFO  server.RaftServerConfigKeys (ConfUtils.java:logGet(43)) - raft.server.log.segment.size.max = 1048576 (custom)
2019-08-21 19:54:33,939 [pool-82-thread-1] INFO  server.RaftServerConfigKeys (ConfUtils.java:logGet(43)) - raft.server.log.preallocated.size = 16384 (custom)
2019-08-21 19:54:33,939 [pool-82-thread-1] INFO  server.RaftServerConfigKeys (ConfUtils.java:logGet(43)) - raft.server.log.write.buffer.size = 33554432 (custom)
2019-08-21 19:54:33,939 [pool-82-thread-1] INFO  server.RaftServerConfigKeys (ConfUtils.java:logGet(43)) - raft.server.log.force.sync.num = 128 (default)
2019-08-21 19:54:33,939 [pool-82-thread-1] INFO  server.RaftServerConfigKeys (ConfUtils.java:logGet(43)) - raft.server.log.statemachine.data.sync = true (default)
2019-08-21 19:54:33,939 [pool-82-thread-1] INFO  server.RaftServerConfigKeys (ConfUtils.java:logGet(43)) - raft.server.log.statemachine.data.sync.timeout = 10s (default)
2019-08-21 19:54:33,940 [pool-82-thread-1] INFO  server.RaftServerConfigKeys (ConfUtils.java:logGet(43)) - raft.server.log.statemachine.data.sync.timeout.retry = -1 (default)
2019-08-21 19:54:33,940 [pool-82-thread-1] INFO  server.RaftServerConfigKeys (ConfUtils.java:logGet(43)) - raft.server.log.statemachine.data.caching.enabled = true (custom)
2019-08-21 19:54:33,940 [pool-82-thread-1] INFO  segmented.SegmentedRaftLogWorker (SegmentedRaftLogWorker.java:lambda$new$0(132)) - e7e5d5d3-98a0-491e-b656-94994244dcb6-SegmentedRaftLogWorker:Storage Directory /workdir/hadoop-ozone/integration-test/target/test-dir/MiniOzoneClusterImpl-2406ea78-f822-4bca-8bbf-8046e2560e07/datanode-5/data/ratis/1fc19d74-6ea2-4c54-90a6-c1250954813b: flushIndex: setUnconditionally 0 -> -1
2019-08-21 19:54:33,941 [pool-82-thread-1] INFO  server.RaftServerConfigKeys (ConfUtils.java:logGet(43)) - raft.server.snapshot.auto.trigger.enabled = true (custom)
2019-08-21 19:54:33,941 [pool-82-thread-1] INFO  server.RaftServerConfigKeys (ConfUtils.java:logGet(43)) - raft.server.snapshot.auto.trigger.threshold = 10000 (custom)
2019-08-21 19:54:33,941 [pool-82-thread-1] INFO  server.RaftServerConfigKeys (ConfUtils.java:logGet(43)) - raft.server.retrycache.expirytime = 600000ms (custom)
2019-08-21 19:54:33,941 [pool-82-thread-1] INFO  impl.RaftServerImpl (RaftServerImpl.java:start(180)) - e7e5d5d3-98a0-491e-b656-94994244dcb6: start group-C1250954813B
2019-08-21 19:54:33,941 [pool-82-thread-1] INFO  impl.RaftServerImpl (RaftServerImpl.java:setRole(171)) - e7e5d5d3-98a0-491e-b656-94994244dcb6:group-C1250954813B changes role from null to FOLLOWER at term 0 for startAsFollower
2019-08-21 19:54:33,942 [pool-82-thread-1] INFO  impl.RoleInfo (RoleInfo.java:updateAndGet(143)) - e7e5d5d3-98a0-491e-b656-94994244dcb6: start FollowerState
2019-08-21 19:54:33,942 [pool-82-thread-1] INFO  util.JmxRegister (JmxRegister.java:tryRegister(44)) - Successfully registered JMX Bean with object name Ratis:service=RaftServer,group=group-C1250954813B,id=e7e5d5d3-98a0-491e-b656-94994244dcb6
2019-08-21 19:54:33,960 [RatisPipelineUtilsThread] INFO  pipeline.PipelineStateManager (PipelineStateManager.java:addPipeline(56)) - Created pipeline Pipeline[ Id: 1fc19d74-6ea2-4c54-90a6-c1250954813b, Nodes: e7e5d5d3-98a0-491e-b656-94994244dcb6{ip: 192.168.157.235, host: pr-hdds-1347-9fd45-2937924148, networkLocation: /default-rack, certSerialId: null}, Type:RATIS, Factor:ONE, State:OPEN]
2019-08-21 19:54:33,981 [grpc-default-executor-0] INFO  impl.RaftServerProxy (RaftServerProxy.java:addNew(89)) - c1353731-fe9a-4fbe-979b-c923f11204b2: addNew group-78A5143FAA93:[c1353731-fe9a-4fbe-979b-c923f11204b2:192.168.157.235:40413] returns group-78A5143FAA93:java.util.concurrent.CompletableFuture@b1b0c5a[Not completed]
2019-08-21 19:54:33,987 [pool-60-thread-1] INFO  impl.RaftServerImpl (RaftServerImpl.java:<init>(93)) - c1353731-fe9a-4fbe-979b-c923f11204b2: new RaftServerImpl for group-78A5143FAA93:[c1353731-fe9a-4fbe-979b-c923f11204b2:192.168.157.235:40413] with ContainerStateMachine:uninitialized
2019-08-21 19:54:33,988 [pool-60-thread-1] INFO  server.RaftServerConfigKeys (ConfUtils.java:logGet(43)) - raft.server.rpc.timeout.min = 5s (custom)
2019-08-21 19:54:33,988 [pool-60-thread-1] INFO  server.RaftServerConfigKeys (ConfUtils.java:logGet(43)) - raft.server.rpc.timeout.max = 5200ms (custom)
2019-08-21 19:54:33,988 [pool-60-thread-1] INFO  server.RaftServerConfigKeys (ConfUtils.java:logGet(43)) - raft.server.rpcslowness.timeout = 120s (custom)
2019-08-21 19:54:33,988 [pool-60-thread-1] INFO  server.RaftServerConfigKeys (ConfUtils.java:logGet(43)) - raft.server.sleep.deviation.threshold = 300 (default)
2019-08-21 19:54:33,989 [pool-60-thread-1] INFO  server.RaftServerConfigKeys (ConfUtils.java:logGet(43)) - raft.server.log.appender.install.snapshot.enabled = false (custom)
2019-08-21 19:54:33,989 [pool-60-thread-1] INFO  impl.RaftServerImpl (ServerState.java:<init>(105)) - c1353731-fe9a-4fbe-979b-c923f11204b2:group-78A5143FAA93 ConfigurationManager, init=-1: [c1353731-fe9a-4fbe-979b-c923f11204b2:192.168.157.235:40413], old=null, confs=<EMPTY_MAP>
2019-08-21 19:54:33,989 [pool-60-thread-1] INFO  server.RaftServerConfigKeys (ConfUtils.java:logGet(43)) - raft.server.storage.dir = [/workdir/hadoop-ozone/integration-test/target/test-dir/MiniOzoneClusterImpl-2406ea78-f822-4bca-8bbf-8046e2560e07/datanode-3/data/ratis] (custom)
2019-08-21 19:54:33,990 [pool-60-thread-1] INFO  storage.RaftStorageDirectory (RaftStorageDirectory.java:analyzeStorage(246)) - The storage directory /workdir/hadoop-ozone/integration-test/target/test-dir/MiniOzoneClusterImpl-2406ea78-f822-4bca-8bbf-8046e2560e07/datanode-3/data/ratis/7d82123f-85c7-4c30-92d9-78a5143faa93 does not exist. Creating ...
2019-08-21 19:54:34,003 [pool-60-thread-1] INFO  storage.RaftStorageDirectory (RaftStorageDirectory.java:tryLock(328)) - Lock on /workdir/hadoop-ozone/integration-test/target/test-dir/MiniOzoneClusterImpl-2406ea78-f822-4bca-8bbf-8046e2560e07/datanode-3/data/ratis/7d82123f-85c7-4c30-92d9-78a5143faa93/in_use.lock acquired by nodename 1120@pr-hdds-1347-9fd45-2937924148
2019-08-21 19:54:34,022 [pool-60-thread-1] INFO  storage.RaftStorage (RaftStorage.java:format(72)) - Storage directory /workdir/hadoop-ozone/integration-test/target/test-dir/MiniOzoneClusterImpl-2406ea78-f822-4bca-8bbf-8046e2560e07/datanode-3/data/ratis/7d82123f-85c7-4c30-92d9-78a5143faa93 has been successfully formatted.
2019-08-21 19:54:34,022 [pool-60-thread-1] INFO  ratis.ContainerStateMachine (ContainerStateMachine.java:loadSnapshot(226)) - group-78A5143FAA93: The snapshot info is null. Setting the last applied indexto:(t:0, i:~)
2019-08-21 19:54:34,022 [pool-60-thread-1] INFO  server.RaftServerConfigKeys (ConfUtils.java:logGet(43)) - raft.server.leader.election.timeout = 120s (custom)
2019-08-21 19:54:34,023 [pool-60-thread-1] INFO  server.RaftServerConfigKeys (ConfUtils.java:logGet(43)) - raft.server.log.use.memory = false (default)
2019-08-21 19:54:34,023 [pool-60-thread-1] INFO  server.RaftServerConfigKeys (ConfUtils.java:logGet(43)) - raft.server.log.purge.gap = 1000000 (custom)
2019-08-21 19:54:34,023 [pool-60-thread-1] INFO  server.RaftServerConfigKeys (ConfUtils.java:logGet(43)) - raft.server.log.appender.buffer.byte-limit = 33554432 (custom)
2019-08-21 19:54:34,023 [pool-60-thread-1] INFO  server.RaftServerConfigKeys (ConfUtils.java:logGet(43)) - raft.server.log.segment.size.max = 1048576 (custom)
2019-08-21 19:54:34,023 [pool-60-thread-1] INFO  server.RaftServerConfigKeys (ConfUtils.java:logGet(43)) - raft.server.log.segment.cache.num.max = 2 (custom)
2019-08-21 19:54:34,024 [pool-60-thread-1] INFO  segmented.SegmentedRaftLogWorker (SegmentedRaftLogWorker.java:<init>(172)) - new c1353731-fe9a-4fbe-979b-c923f11204b2-SegmentedRaftLogWorker:Storage Directory /workdir/hadoop-ozone/integration-test/target/test-dir/MiniOzoneClusterImpl-2406ea78-f822-4bca-8bbf-8046e2560e07/datanode-3/data/ratis/7d82123f-85c7-4c30-92d9-78a5143faa93 for RaftStorage:Storage Directory /workdir/hadoop-ozone/integration-test/target/test-dir/MiniOzoneClusterImpl-2406ea78-f822-4bca-8bbf-8046e2560e07/datanode-3/data/ratis/7d82123f-85c7-4c30-92d9-78a5143faa93
2019-08-21 19:54:34,024 [pool-60-thread-1] INFO  server.RaftServerConfigKeys (ConfUtils.java:logGet(43)) - raft.server.log.queue.byte-limit = 2147483647 (custom)
2019-08-21 19:54:34,024 [pool-60-thread-1] INFO  server.RaftServerConfigKeys (ConfUtils.java:logGet(43)) - raft.server.log.queue.element-limit = 1024 (custom)
2019-08-21 19:54:34,025 [pool-60-thread-1] INFO  server.RaftServerConfigKeys (ConfUtils.java:logGet(43)) - raft.server.log.segment.size.max = 1048576 (custom)
2019-08-21 19:54:34,025 [pool-60-thread-1] INFO  server.RaftServerConfigKeys (ConfUtils.java:logGet(43)) - raft.server.log.preallocated.size = 16384 (custom)
2019-08-21 19:54:34,025 [pool-60-thread-1] INFO  server.RaftServerConfigKeys (ConfUtils.java:logGet(43)) - raft.server.log.write.buffer.size = 33554432 (custom)
2019-08-21 19:54:34,025 [pool-60-thread-1] INFO  server.RaftServerConfigKeys (ConfUtils.java:logGet(43)) - raft.server.log.force.sync.num = 128 (default)
2019-08-21 19:54:34,025 [pool-60-thread-1] INFO  server.RaftServerConfigKeys (ConfUtils.java:logGet(43)) - raft.server.log.statemachine.data.sync = true (default)
2019-08-21 19:54:34,025 [pool-60-thread-1] INFO  server.RaftServerConfigKeys (ConfUtils.java:logGet(43)) - raft.server.log.statemachine.data.sync.timeout = 10s (default)
2019-08-21 19:54:34,026 [pool-60-thread-1] INFO  server.RaftServerConfigKeys (ConfUtils.java:logGet(43)) - raft.server.log.statemachine.data.sync.timeout.retry = -1 (default)
2019-08-21 19:54:34,026 [pool-60-thread-1] INFO  server.RaftServerConfigKeys (ConfUtils.java:logGet(43)) - raft.server.log.statemachine.data.caching.enabled = true (custom)
2019-08-21 19:54:34,027 [pool-60-thread-1] INFO  segmented.SegmentedRaftLogWorker (SegmentedRaftLogWorker.java:lambda$new$0(132)) - c1353731-fe9a-4fbe-979b-c923f11204b2-SegmentedRaftLogWorker:Storage Directory /workdir/hadoop-ozone/integration-test/target/test-dir/MiniOzoneClusterImpl-2406ea78-f822-4bca-8bbf-8046e2560e07/datanode-3/data/ratis/7d82123f-85c7-4c30-92d9-78a5143faa93: flushIndex: setUnconditionally 0 -> -1
2019-08-21 19:54:34,027 [pool-60-thread-1] INFO  server.RaftServerConfigKeys (ConfUtils.java:logGet(43)) - raft.server.snapshot.auto.trigger.enabled = true (custom)
2019-08-21 19:54:34,027 [pool-60-thread-1] INFO  server.RaftServerConfigKeys (ConfUtils.java:logGet(43)) - raft.server.snapshot.auto.trigger.threshold = 10000 (custom)
2019-08-21 19:54:34,027 [pool-60-thread-1] INFO  server.RaftServerConfigKeys (ConfUtils.java:logGet(43)) - raft.server.retrycache.expirytime = 600000ms (custom)
2019-08-21 19:54:34,028 [pool-60-thread-1] INFO  impl.RaftServerImpl (RaftServerImpl.java:start(180)) - c1353731-fe9a-4fbe-979b-c923f11204b2: start group-78A5143FAA93
2019-08-21 19:54:34,028 [pool-60-thread-1] INFO  impl.RaftServerImpl (RaftServerImpl.java:setRole(171)) - c1353731-fe9a-4fbe-979b-c923f11204b2:group-78A5143FAA93 changes role from null to FOLLOWER at term 0 for startAsFollower
2019-08-21 19:54:34,028 [pool-60-thread-1] INFO  impl.RoleInfo (RoleInfo.java:updateAndGet(143)) - c1353731-fe9a-4fbe-979b-c923f11204b2: start FollowerState
2019-08-21 19:54:34,028 [pool-60-thread-1] INFO  util.JmxRegister (JmxRegister.java:tryRegister(44)) - Successfully registered JMX Bean with object name Ratis:service=RaftServer,group=group-78A5143FAA93,id=c1353731-fe9a-4fbe-979b-c923f11204b2
2019-08-21 19:54:34,043 [RatisPipelineUtilsThread] INFO  pipeline.PipelineStateManager (PipelineStateManager.java:addPipeline(56)) - Created pipeline Pipeline[ Id: 7d82123f-85c7-4c30-92d9-78a5143faa93, Nodes: c1353731-fe9a-4fbe-979b-c923f11204b2{ip: 192.168.157.235, host: pr-hdds-1347-9fd45-2937924148, networkLocation: /default-rack, certSerialId: null}, Type:RATIS, Factor:ONE, State:OPEN]
2019-08-21 19:54:34,069 [grpc-default-executor-0] INFO  impl.RaftServerProxy (RaftServerProxy.java:addNew(89)) - f41f6f16-2e19-435e-9455-92a969fe9c75: addNew group-C4F70AA91FDD:[f41f6f16-2e19-435e-9455-92a969fe9c75:192.168.157.235:43968] returns group-C4F70AA91FDD:java.util.concurrent.CompletableFuture@45d3d440[Not completed]
2019-08-21 19:54:34,073 [pool-93-thread-1] INFO  impl.RaftServerImpl (RaftServerImpl.java:<init>(93)) - f41f6f16-2e19-435e-9455-92a969fe9c75: new RaftServerImpl for group-C4F70AA91FDD:[f41f6f16-2e19-435e-9455-92a969fe9c75:192.168.157.235:43968] with ContainerStateMachine:uninitialized
2019-08-21 19:54:34,073 [pool-93-thread-1] INFO  server.RaftServerConfigKeys (ConfUtils.java:logGet(43)) - raft.server.rpc.timeout.min = 5s (custom)
2019-08-21 19:54:34,073 [pool-93-thread-1] INFO  server.RaftServerConfigKeys (ConfUtils.java:logGet(43)) - raft.server.rpc.timeout.max = 5200ms (custom)
2019-08-21 19:54:34,073 [pool-93-thread-1] INFO  server.RaftServerConfigKeys (ConfUtils.java:logGet(43)) - raft.server.rpcslowness.timeout = 120s (custom)
2019-08-21 19:54:34,073 [pool-93-thread-1] INFO  server.RaftServerConfigKeys (ConfUtils.java:logGet(43)) - raft.server.sleep.deviation.threshold = 300 (default)
2019-08-21 19:54:34,074 [pool-93-thread-1] INFO  server.RaftServerConfigKeys (ConfUtils.java:logGet(43)) - raft.server.log.appender.install.snapshot.enabled = false (custom)
2019-08-21 19:54:34,074 [pool-93-thread-1] INFO  impl.RaftServerImpl (ServerState.java:<init>(105)) - f41f6f16-2e19-435e-9455-92a969fe9c75:group-C4F70AA91FDD ConfigurationManager, init=-1: [f41f6f16-2e19-435e-9455-92a969fe9c75:192.168.157.235:43968], old=null, confs=<EMPTY_MAP>
2019-08-21 19:54:34,074 [pool-93-thread-1] INFO  server.RaftServerConfigKeys (ConfUtils.java:logGet(43)) - raft.server.storage.dir = [/workdir/hadoop-ozone/integration-test/target/test-dir/MiniOzoneClusterImpl-2406ea78-f822-4bca-8bbf-8046e2560e07/datanode-6/data/ratis] (custom)
2019-08-21 19:54:34,074 [pool-93-thread-1] INFO  storage.RaftStorageDirectory (RaftStorageDirectory.java:analyzeStorage(246)) - The storage directory /workdir/hadoop-ozone/integration-test/target/test-dir/MiniOzoneClusterImpl-2406ea78-f822-4bca-8bbf-8046e2560e07/datanode-6/data/ratis/68af5e0a-972c-4fdb-a8ec-c4f70aa91fdd does not exist. Creating ...
2019-08-21 19:54:34,087 [pool-93-thread-1] INFO  storage.RaftStorageDirectory (RaftStorageDirectory.java:tryLock(328)) - Lock on /workdir/hadoop-ozone/integration-test/target/test-dir/MiniOzoneClusterImpl-2406ea78-f822-4bca-8bbf-8046e2560e07/datanode-6/data/ratis/68af5e0a-972c-4fdb-a8ec-c4f70aa91fdd/in_use.lock acquired by nodename 1120@pr-hdds-1347-9fd45-2937924148
2019-08-21 19:54:34,100 [pool-93-thread-1] INFO  storage.RaftStorage (RaftStorage.java:format(72)) - Storage directory /workdir/hadoop-ozone/integration-test/target/test-dir/MiniOzoneClusterImpl-2406ea78-f822-4bca-8bbf-8046e2560e07/datanode-6/data/ratis/68af5e0a-972c-4fdb-a8ec-c4f70aa91fdd has been successfully formatted.
2019-08-21 19:54:34,100 [pool-93-thread-1] INFO  ratis.ContainerStateMachine (ContainerStateMachine.java:loadSnapshot(226)) - group-C4F70AA91FDD: The snapshot info is null. Setting the last applied indexto:(t:0, i:~)
2019-08-21 19:54:34,100 [pool-93-thread-1] INFO  server.RaftServerConfigKeys (ConfUtils.java:logGet(43)) - raft.server.leader.election.timeout = 120s (custom)
2019-08-21 19:54:34,101 [pool-93-thread-1] INFO  server.RaftServerConfigKeys (ConfUtils.java:logGet(43)) - raft.server.log.use.memory = false (default)
2019-08-21 19:54:34,101 [pool-93-thread-1] INFO  server.RaftServerConfigKeys (ConfUtils.java:logGet(43)) - raft.server.log.purge.gap = 1000000 (custom)
2019-08-21 19:54:34,101 [pool-93-thread-1] INFO  server.RaftServerConfigKeys (ConfUtils.java:logGet(43)) - raft.server.log.appender.buffer.byte-limit = 33554432 (custom)
2019-08-21 19:54:34,101 [pool-93-thread-1] INFO  server.RaftServerConfigKeys (ConfUtils.java:logGet(43)) - raft.server.log.segment.size.max = 1048576 (custom)
2019-08-21 19:54:34,101 [pool-93-thread-1] INFO  server.RaftServerConfigKeys (ConfUtils.java:logGet(43)) - raft.server.log.segment.cache.num.max = 2 (custom)
2019-08-21 19:54:34,101 [pool-93-thread-1] INFO  segmented.SegmentedRaftLogWorker (SegmentedRaftLogWorker.java:<init>(172)) - new f41f6f16-2e19-435e-9455-92a969fe9c75-SegmentedRaftLogWorker:Storage Directory /workdir/hadoop-ozone/integration-test/target/test-dir/MiniOzoneClusterImpl-2406ea78-f822-4bca-8bbf-8046e2560e07/datanode-6/data/ratis/68af5e0a-972c-4fdb-a8ec-c4f70aa91fdd for RaftStorage:Storage Directory /workdir/hadoop-ozone/integration-test/target/test-dir/MiniOzoneClusterImpl-2406ea78-f822-4bca-8bbf-8046e2560e07/datanode-6/data/ratis/68af5e0a-972c-4fdb-a8ec-c4f70aa91fdd
2019-08-21 19:54:34,102 [pool-93-thread-1] INFO  server.RaftServerConfigKeys (ConfUtils.java:logGet(43)) - raft.server.log.queue.byte-limit = 2147483647 (custom)
2019-08-21 19:54:34,102 [pool-93-thread-1] INFO  server.RaftServerConfigKeys (ConfUtils.java:logGet(43)) - raft.server.log.queue.element-limit = 1024 (custom)
2019-08-21 19:54:34,102 [pool-93-thread-1] INFO  server.RaftServerConfigKeys (ConfUtils.java:logGet(43)) - raft.server.log.segment.size.max = 1048576 (custom)
2019-08-21 19:54:34,102 [pool-93-thread-1] INFO  server.RaftServerConfigKeys (ConfUtils.java:logGet(43)) - raft.server.log.preallocated.size = 16384 (custom)
2019-08-21 19:54:34,102 [pool-93-thread-1] INFO  server.RaftServerConfigKeys (ConfUtils.java:logGet(43)) - raft.server.log.write.buffer.size = 33554432 (custom)
2019-08-21 19:54:34,102 [pool-93-thread-1] INFO  server.RaftServerConfigKeys (ConfUtils.java:logGet(43)) - raft.server.log.force.sync.num = 128 (default)
2019-08-21 19:54:34,102 [pool-93-thread-1] INFO  server.RaftServerConfigKeys (ConfUtils.java:logGet(43)) - raft.server.log.statemachine.data.sync = true (default)
2019-08-21 19:54:34,103 [pool-93-thread-1] INFO  server.RaftServerConfigKeys (ConfUtils.java:logGet(43)) - raft.server.log.statemachine.data.sync.timeout = 10s (default)
2019-08-21 19:54:34,103 [pool-93-thread-1] INFO  server.RaftServerConfigKeys (ConfUtils.java:logGet(43)) - raft.server.log.statemachine.data.sync.timeout.retry = -1 (default)
2019-08-21 19:54:34,103 [pool-93-thread-1] INFO  server.RaftServerConfigKeys (ConfUtils.java:logGet(43)) - raft.server.log.statemachine.data.caching.enabled = true (custom)
2019-08-21 19:54:34,103 [pool-93-thread-1] INFO  segmented.SegmentedRaftLogWorker (SegmentedRaftLogWorker.java:lambda$new$0(132)) - f41f6f16-2e19-435e-9455-92a969fe9c75-SegmentedRaftLogWorker:Storage Directory /workdir/hadoop-ozone/integration-test/target/test-dir/MiniOzoneClusterImpl-2406ea78-f822-4bca-8bbf-8046e2560e07/datanode-6/data/ratis/68af5e0a-972c-4fdb-a8ec-c4f70aa91fdd: flushIndex: setUnconditionally 0 -> -1
2019-08-21 19:54:34,104 [pool-93-thread-1] INFO  server.RaftServerConfigKeys (ConfUtils.java:logGet(43)) - raft.server.snapshot.auto.trigger.enabled = true (custom)
2019-08-21 19:54:34,104 [pool-93-thread-1] INFO  server.RaftServerConfigKeys (ConfUtils.java:logGet(43)) - raft.server.snapshot.auto.trigger.threshold = 10000 (custom)
2019-08-21 19:54:34,104 [pool-93-thread-1] INFO  server.RaftServerConfigKeys (ConfUtils.java:logGet(43)) - raft.server.retrycache.expirytime = 600000ms (custom)
2019-08-21 19:54:34,104 [pool-93-thread-1] INFO  impl.RaftServerImpl (RaftServerImpl.java:start(180)) - f41f6f16-2e19-435e-9455-92a969fe9c75: start group-C4F70AA91FDD
2019-08-21 19:54:34,104 [pool-93-thread-1] INFO  impl.RaftServerImpl (RaftServerImpl.java:setRole(171)) - f41f6f16-2e19-435e-9455-92a969fe9c75:group-C4F70AA91FDD changes role from null to FOLLOWER at term 0 for startAsFollower
2019-08-21 19:54:34,105 [pool-93-thread-1] INFO  impl.RoleInfo (RoleInfo.java:updateAndGet(143)) - f41f6f16-2e19-435e-9455-92a969fe9c75: start FollowerState
2019-08-21 19:54:34,105 [pool-93-thread-1] INFO  util.JmxRegister (JmxRegister.java:tryRegister(44)) - Successfully registered JMX Bean with object name Ratis:service=RaftServer,group=group-C4F70AA91FDD,id=f41f6f16-2e19-435e-9455-92a969fe9c75
2019-08-21 19:54:34,118 [RatisPipelineUtilsThread] INFO  pipeline.PipelineStateManager (PipelineStateManager.java:addPipeline(56)) - Created pipeline Pipeline[ Id: 68af5e0a-972c-4fdb-a8ec-c4f70aa91fdd, Nodes: f41f6f16-2e19-435e-9455-92a969fe9c75{ip: 192.168.157.235, host: pr-hdds-1347-9fd45-2937924148, networkLocation: /default-rack, certSerialId: null}, Type:RATIS, Factor:ONE, State:OPEN]
2019-08-21 19:54:34,134 [grpc-default-executor-0] INFO  impl.RaftServerProxy (RaftServerProxy.java:addNew(89)) - 0a974a71-c44d-4307-b33a-cd8175088c01: addNew group-EEE08963E229:[0a974a71-c44d-4307-b33a-cd8175088c01:192.168.157.235:43418] returns group-EEE08963E229:java.util.concurrent.CompletableFuture@37c354f4[Not completed]
2019-08-21 19:54:34,137 [pool-49-thread-1] INFO  impl.RaftServerImpl (RaftServerImpl.java:<init>(93)) - 0a974a71-c44d-4307-b33a-cd8175088c01: new RaftServerImpl for group-EEE08963E229:[0a974a71-c44d-4307-b33a-cd8175088c01:192.168.157.235:43418] with ContainerStateMachine:uninitialized
2019-08-21 19:54:34,138 [pool-49-thread-1] INFO  server.RaftServerConfigKeys (ConfUtils.java:logGet(43)) - raft.server.rpc.timeout.min = 5s (custom)
2019-08-21 19:54:34,138 [pool-49-thread-1] INFO  server.RaftServerConfigKeys (ConfUtils.java:logGet(43)) - raft.server.rpc.timeout.max = 5200ms (custom)
2019-08-21 19:54:34,138 [pool-49-thread-1] INFO  server.RaftServerConfigKeys (ConfUtils.java:logGet(43)) - raft.server.rpcslowness.timeout = 120s (custom)
2019-08-21 19:54:34,138 [pool-49-thread-1] INFO  server.RaftServerConfigKeys (ConfUtils.java:logGet(43)) - raft.server.sleep.deviation.threshold = 300 (default)
2019-08-21 19:54:34,138 [pool-49-thread-1] INFO  server.RaftServerConfigKeys (ConfUtils.java:logGet(43)) - raft.server.log.appender.install.snapshot.enabled = false (custom)
2019-08-21 19:54:34,139 [pool-49-thread-1] INFO  impl.RaftServerImpl (ServerState.java:<init>(105)) - 0a974a71-c44d-4307-b33a-cd8175088c01:group-EEE08963E229 ConfigurationManager, init=-1: [0a974a71-c44d-4307-b33a-cd8175088c01:192.168.157.235:43418], old=null, confs=<EMPTY_MAP>
2019-08-21 19:54:34,139 [pool-49-thread-1] INFO  server.RaftServerConfigKeys (ConfUtils.java:logGet(43)) - raft.server.storage.dir = [/workdir/hadoop-ozone/integration-test/target/test-dir/MiniOzoneClusterImpl-2406ea78-f822-4bca-8bbf-8046e2560e07/datanode-2/data/ratis] (custom)
2019-08-21 19:54:34,139 [pool-49-thread-1] INFO  storage.RaftStorageDirectory (RaftStorageDirectory.java:analyzeStorage(246)) - The storage directory /workdir/hadoop-ozone/integration-test/target/test-dir/MiniOzoneClusterImpl-2406ea78-f822-4bca-8bbf-8046e2560e07/datanode-2/data/ratis/4e13810b-65b5-4241-9850-eee08963e229 does not exist. Creating ...
2019-08-21 19:54:34,153 [pool-49-thread-1] INFO  storage.RaftStorageDirectory (RaftStorageDirectory.java:tryLock(328)) - Lock on /workdir/hadoop-ozone/integration-test/target/test-dir/MiniOzoneClusterImpl-2406ea78-f822-4bca-8bbf-8046e2560e07/datanode-2/data/ratis/4e13810b-65b5-4241-9850-eee08963e229/in_use.lock acquired by nodename 1120@pr-hdds-1347-9fd45-2937924148
2019-08-21 19:54:34,166 [pool-49-thread-1] INFO  storage.RaftStorage (RaftStorage.java:format(72)) - Storage directory /workdir/hadoop-ozone/integration-test/target/test-dir/MiniOzoneClusterImpl-2406ea78-f822-4bca-8bbf-8046e2560e07/datanode-2/data/ratis/4e13810b-65b5-4241-9850-eee08963e229 has been successfully formatted.
2019-08-21 19:54:34,166 [pool-49-thread-1] INFO  ratis.ContainerStateMachine (ContainerStateMachine.java:loadSnapshot(226)) - group-EEE08963E229: The snapshot info is null. Setting the last applied indexto:(t:0, i:~)
2019-08-21 19:54:34,167 [pool-49-thread-1] INFO  server.RaftServerConfigKeys (ConfUtils.java:logGet(43)) - raft.server.leader.election.timeout = 120s (custom)
2019-08-21 19:54:34,167 [pool-49-thread-1] INFO  server.RaftServerConfigKeys (ConfUtils.java:logGet(43)) - raft.server.log.use.memory = false (default)
2019-08-21 19:54:34,167 [pool-49-thread-1] INFO  server.RaftServerConfigKeys (ConfUtils.java:logGet(43)) - raft.server.log.purge.gap = 1000000 (custom)
2019-08-21 19:54:34,167 [pool-49-thread-1] INFO  server.RaftServerConfigKeys (ConfUtils.java:logGet(43)) - raft.server.log.appender.buffer.byte-limit = 33554432 (custom)
2019-08-21 19:54:34,167 [pool-49-thread-1] INFO  server.RaftServerConfigKeys (ConfUtils.java:logGet(43)) - raft.server.log.segment.size.max = 1048576 (custom)
2019-08-21 19:54:34,167 [pool-49-thread-1] INFO  server.RaftServerConfigKeys (ConfUtils.java:logGet(43)) - raft.server.log.segment.cache.num.max = 2 (custom)
2019-08-21 19:54:34,168 [pool-49-thread-1] INFO  segmented.SegmentedRaftLogWorker (SegmentedRaftLogWorker.java:<init>(172)) - new 0a974a71-c44d-4307-b33a-cd8175088c01-SegmentedRaftLogWorker:Storage Directory /workdir/hadoop-ozone/integration-test/target/test-dir/MiniOzoneClusterImpl-2406ea78-f822-4bca-8bbf-8046e2560e07/datanode-2/data/ratis/4e13810b-65b5-4241-9850-eee08963e229 for RaftStorage:Storage Directory /workdir/hadoop-ozone/integration-test/target/test-dir/MiniOzoneClusterImpl-2406ea78-f822-4bca-8bbf-8046e2560e07/datanode-2/data/ratis/4e13810b-65b5-4241-9850-eee08963e229
2019-08-21 19:54:34,168 [pool-49-thread-1] INFO  server.RaftServerConfigKeys (ConfUtils.java:logGet(43)) - raft.server.log.queue.byte-limit = 2147483647 (custom)
2019-08-21 19:54:34,168 [pool-49-thread-1] INFO  server.RaftServerConfigKeys (ConfUtils.java:logGet(43)) - raft.server.log.queue.element-limit = 1024 (custom)
2019-08-21 19:54:34,168 [pool-49-thread-1] INFO  server.RaftServerConfigKeys (ConfUtils.java:logGet(43)) - raft.server.log.segment.size.max = 1048576 (custom)
2019-08-21 19:54:34,168 [pool-49-thread-1] INFO  server.RaftServerConfigKeys (ConfUtils.java:logGet(43)) - raft.server.log.preallocated.size = 16384 (custom)
2019-08-21 19:54:34,169 [pool-49-thread-1] INFO  server.RaftServerConfigKeys (ConfUtils.java:logGet(43)) - raft.server.log.write.buffer.size = 33554432 (custom)
2019-08-21 19:54:34,169 [pool-49-thread-1] INFO  server.RaftServerConfigKeys (ConfUtils.java:logGet(43)) - raft.server.log.force.sync.num = 128 (default)
2019-08-21 19:54:34,169 [pool-49-thread-1] INFO  server.RaftServerConfigKeys (ConfUtils.java:logGet(43)) - raft.server.log.statemachine.data.sync = true (default)
2019-08-21 19:54:34,169 [pool-49-thread-1] INFO  server.RaftServerConfigKeys (ConfUtils.java:logGet(43)) - raft.server.log.statemachine.data.sync.timeout = 10s (default)
2019-08-21 19:54:34,169 [pool-49-thread-1] INFO  server.RaftServerConfigKeys (ConfUtils.java:logGet(43)) - raft.server.log.statemachine.data.sync.timeout.retry = -1 (default)
2019-08-21 19:54:34,169 [pool-49-thread-1] INFO  server.RaftServerConfigKeys (ConfUtils.java:logGet(43)) - raft.server.log.statemachine.data.caching.enabled = true (custom)
2019-08-21 19:54:34,170 [pool-49-thread-1] INFO  segmented.SegmentedRaftLogWorker (SegmentedRaftLogWorker.java:lambda$new$0(132)) - 0a974a71-c44d-4307-b33a-cd8175088c01-SegmentedRaftLogWorker:Storage Directory /workdir/hadoop-ozone/integration-test/target/test-dir/MiniOzoneClusterImpl-2406ea78-f822-4bca-8bbf-8046e2560e07/datanode-2/data/ratis/4e13810b-65b5-4241-9850-eee08963e229: flushIndex: setUnconditionally 0 -> -1
2019-08-21 19:54:34,170 [pool-49-thread-1] INFO  server.RaftServerConfigKeys (ConfUtils.java:logGet(43)) - raft.server.snapshot.auto.trigger.enabled = true (custom)
2019-08-21 19:54:34,170 [pool-49-thread-1] INFO  server.RaftServerConfigKeys (ConfUtils.java:logGet(43)) - raft.server.snapshot.auto.trigger.threshold = 10000 (custom)
2019-08-21 19:54:34,170 [pool-49-thread-1] INFO  server.RaftServerConfigKeys (ConfUtils.java:logGet(43)) - raft.server.retrycache.expirytime = 600000ms (custom)
2019-08-21 19:54:34,171 [pool-49-thread-1] INFO  impl.RaftServerImpl (RaftServerImpl.java:start(180)) - 0a974a71-c44d-4307-b33a-cd8175088c01: start group-EEE08963E229
2019-08-21 19:54:34,171 [pool-49-thread-1] INFO  impl.RaftServerImpl (RaftServerImpl.java:setRole(171)) - 0a974a71-c44d-4307-b33a-cd8175088c01:group-EEE08963E229 changes role from null to FOLLOWER at term 0 for startAsFollower
2019-08-21 19:54:34,171 [pool-49-thread-1] INFO  impl.RoleInfo (RoleInfo.java:updateAndGet(143)) - 0a974a71-c44d-4307-b33a-cd8175088c01: start FollowerState
2019-08-21 19:54:34,171 [pool-49-thread-1] INFO  util.JmxRegister (JmxRegister.java:tryRegister(44)) - Successfully registered JMX Bean with object name Ratis:service=RaftServer,group=group-EEE08963E229,id=0a974a71-c44d-4307-b33a-cd8175088c01
2019-08-21 19:54:34,192 [RatisPipelineUtilsThread] INFO  pipeline.PipelineStateManager (PipelineStateManager.java:addPipeline(56)) - Created pipeline Pipeline[ Id: 4e13810b-65b5-4241-9850-eee08963e229, Nodes: 0a974a71-c44d-4307-b33a-cd8175088c01{ip: 192.168.157.235, host: pr-hdds-1347-9fd45-2937924148, networkLocation: /default-rack, certSerialId: null}, Type:RATIS, Factor:ONE, State:OPEN]
2019-08-21 19:54:34,234 [grpc-default-executor-0] INFO  impl.RaftServerProxy (RaftServerProxy.java:addNew(89)) - 94b68f26-af36-483b-8a8e-f4fa83132938: addNew group-CA31C3CAEE6A:[e7e5d5d3-98a0-491e-b656-94994244dcb6:192.168.157.235:39463, 94b68f26-af36-483b-8a8e-f4fa83132938:192.168.157.235:41789, 6277c58b-bba4-4a90-8476-1f26e751e8fd:192.168.157.235:39719] returns group-CA31C3CAEE6A:java.util.concurrent.CompletableFuture@49cd52a6[Not completed]
2019-08-21 19:54:34,238 [pool-71-thread-1] INFO  impl.RaftServerImpl (RaftServerImpl.java:<init>(93)) - 94b68f26-af36-483b-8a8e-f4fa83132938: new RaftServerImpl for group-CA31C3CAEE6A:[e7e5d5d3-98a0-491e-b656-94994244dcb6:192.168.157.235:39463, 94b68f26-af36-483b-8a8e-f4fa83132938:192.168.157.235:41789, 6277c58b-bba4-4a90-8476-1f26e751e8fd:192.168.157.235:39719] with ContainerStateMachine:uninitialized
2019-08-21 19:54:34,238 [pool-71-thread-1] INFO  server.RaftServerConfigKeys (ConfUtils.java:logGet(43)) - raft.server.rpc.timeout.min = 5s (custom)
2019-08-21 19:54:34,238 [pool-71-thread-1] INFO  server.RaftServerConfigKeys (ConfUtils.java:logGet(43)) - raft.server.rpc.timeout.max = 5200ms (custom)
2019-08-21 19:54:34,238 [pool-71-thread-1] INFO  server.RaftServerConfigKeys (ConfUtils.java:logGet(43)) - raft.server.rpcslowness.timeout = 120s (custom)
2019-08-21 19:54:34,238 [pool-71-thread-1] INFO  server.RaftServerConfigKeys (ConfUtils.java:logGet(43)) - raft.server.sleep.deviation.threshold = 300 (default)
2019-08-21 19:54:34,239 [pool-71-thread-1] INFO  server.RaftServerConfigKeys (ConfUtils.java:logGet(43)) - raft.server.log.appender.install.snapshot.enabled = false (custom)
2019-08-21 19:54:34,239 [pool-71-thread-1] INFO  impl.RaftServerImpl (ServerState.java:<init>(105)) - 94b68f26-af36-483b-8a8e-f4fa83132938:group-CA31C3CAEE6A ConfigurationManager, init=-1: [e7e5d5d3-98a0-491e-b656-94994244dcb6:192.168.157.235:39463, 94b68f26-af36-483b-8a8e-f4fa83132938:192.168.157.235:41789, 6277c58b-bba4-4a90-8476-1f26e751e8fd:192.168.157.235:39719], old=null, confs=<EMPTY_MAP>
2019-08-21 19:54:34,239 [pool-71-thread-1] INFO  server.RaftServerConfigKeys (ConfUtils.java:logGet(43)) - raft.server.storage.dir = [/workdir/hadoop-ozone/integration-test/target/test-dir/MiniOzoneClusterImpl-2406ea78-f822-4bca-8bbf-8046e2560e07/datanode-4/data/ratis] (custom)
2019-08-21 19:54:34,239 [pool-71-thread-1] INFO  storage.RaftStorageDirectory (RaftStorageDirectory.java:analyzeStorage(246)) - The storage directory /workdir/hadoop-ozone/integration-test/target/test-dir/MiniOzoneClusterImpl-2406ea78-f822-4bca-8bbf-8046e2560e07/datanode-4/data/ratis/f3e1b92b-6ff3-4085-a366-ca31c3caee6a does not exist. Creating ...
2019-08-21 19:54:34,243 [grpc-default-executor-1] INFO  impl.RaftServerProxy (RaftServerProxy.java:addNew(89)) - 6277c58b-bba4-4a90-8476-1f26e751e8fd: addNew group-CA31C3CAEE6A:[e7e5d5d3-98a0-491e-b656-94994244dcb6:192.168.157.235:39463, 94b68f26-af36-483b-8a8e-f4fa83132938:192.168.157.235:41789, 6277c58b-bba4-4a90-8476-1f26e751e8fd:192.168.157.235:39719] returns group-CA31C3CAEE6A:java.util.concurrent.CompletableFuture@27b643bf[Not completed]
2019-08-21 19:54:34,243 [grpc-default-executor-0] INFO  impl.RaftServerProxy (RaftServerProxy.java:addNew(89)) - e7e5d5d3-98a0-491e-b656-94994244dcb6: addNew group-CA31C3CAEE6A:[e7e5d5d3-98a0-491e-b656-94994244dcb6:192.168.157.235:39463, 94b68f26-af36-483b-8a8e-f4fa83132938:192.168.157.235:41789, 6277c58b-bba4-4a90-8476-1f26e751e8fd:192.168.157.235:39719] returns group-CA31C3CAEE6A:java.util.concurrent.CompletableFuture@6484cb9f[Not completed]
2019-08-21 19:54:34,245 [pool-38-thread-1] INFO  impl.RaftServerImpl (RaftServerImpl.java:<init>(93)) - 6277c58b-bba4-4a90-8476-1f26e751e8fd: new RaftServerImpl for group-CA31C3CAEE6A:[e7e5d5d3-98a0-491e-b656-94994244dcb6:192.168.157.235:39463, 94b68f26-af36-483b-8a8e-f4fa83132938:192.168.157.235:41789, 6277c58b-bba4-4a90-8476-1f26e751e8fd:192.168.157.235:39719] with ContainerStateMachine:uninitialized
2019-08-21 19:54:34,245 [pool-38-thread-1] INFO  server.RaftServerConfigKeys (ConfUtils.java:logGet(43)) - raft.server.rpc.timeout.min = 5s (custom)
2019-08-21 19:54:34,245 [pool-38-thread-1] INFO  server.RaftServerConfigKeys (ConfUtils.java:logGet(43)) - raft.server.rpc.timeout.max = 5200ms (custom)
2019-08-21 19:54:34,246 [pool-38-thread-1] INFO  server.RaftServerConfigKeys (ConfUtils.java:logGet(43)) - raft.server.rpcslowness.timeout = 120s (custom)
2019-08-21 19:54:34,246 [pool-38-thread-1] INFO  server.RaftServerConfigKeys (ConfUtils.java:logGet(43)) - raft.server.sleep.deviation.threshold = 300 (default)
2019-08-21 19:54:34,246 [pool-38-thread-1] INFO  server.RaftServerConfigKeys (ConfUtils.java:logGet(43)) - raft.server.log.appender.install.snapshot.enabled = false (custom)
2019-08-21 19:54:34,246 [pool-38-thread-1] INFO  impl.RaftServerImpl (ServerState.java:<init>(105)) - 6277c58b-bba4-4a90-8476-1f26e751e8fd:group-CA31C3CAEE6A ConfigurationManager, init=-1: [e7e5d5d3-98a0-491e-b656-94994244dcb6:192.168.157.235:39463, 94b68f26-af36-483b-8a8e-f4fa83132938:192.168.157.235:41789, 6277c58b-bba4-4a90-8476-1f26e751e8fd:192.168.157.235:39719], old=null, confs=<EMPTY_MAP>
2019-08-21 19:54:34,246 [pool-38-thread-1] INFO  server.RaftServerConfigKeys (ConfUtils.java:logGet(43)) - raft.server.storage.dir = [/workdir/hadoop-ozone/integration-test/target/test-dir/MiniOzoneClusterImpl-2406ea78-f822-4bca-8bbf-8046e2560e07/datanode-1/data/ratis] (custom)
2019-08-21 19:54:34,247 [pool-82-thread-1] INFO  impl.RaftServerImpl (RaftServerImpl.java:<init>(93)) - e7e5d5d3-98a0-491e-b656-94994244dcb6: new RaftServerImpl for group-CA31C3CAEE6A:[e7e5d5d3-98a0-491e-b656-94994244dcb6:192.168.157.235:39463, 94b68f26-af36-483b-8a8e-f4fa83132938:192.168.157.235:41789, 6277c58b-bba4-4a90-8476-1f26e751e8fd:192.168.157.235:39719] with ContainerStateMachine:uninitialized
2019-08-21 19:54:34,247 [pool-82-thread-1] INFO  server.RaftServerConfigKeys (ConfUtils.java:logGet(43)) - raft.server.rpc.timeout.min = 5s (custom)
2019-08-21 19:54:34,247 [pool-38-thread-1] INFO  storage.RaftStorageDirectory (RaftStorageDirectory.java:analyzeStorage(246)) - The storage directory /workdir/hadoop-ozone/integration-test/target/test-dir/MiniOzoneClusterImpl-2406ea78-f822-4bca-8bbf-8046e2560e07/datanode-1/data/ratis/f3e1b92b-6ff3-4085-a366-ca31c3caee6a does not exist. Creating ...
2019-08-21 19:54:34,247 [pool-82-thread-1] INFO  server.RaftServerConfigKeys (ConfUtils.java:logGet(43)) - raft.server.rpc.timeout.max = 5200ms (custom)
2019-08-21 19:54:34,247 [pool-82-thread-1] INFO  server.RaftServerConfigKeys (ConfUtils.java:logGet(43)) - raft.server.rpcslowness.timeout = 120s (custom)
2019-08-21 19:54:34,247 [pool-82-thread-1] INFO  server.RaftServerConfigKeys (ConfUtils.java:logGet(43)) - raft.server.sleep.deviation.threshold = 300 (default)
2019-08-21 19:54:34,247 [pool-82-thread-1] INFO  server.RaftServerConfigKeys (ConfUtils.java:logGet(43)) - raft.server.log.appender.install.snapshot.enabled = false (custom)
2019-08-21 19:54:34,248 [pool-82-thread-1] INFO  impl.RaftServerImpl (ServerState.java:<init>(105)) - e7e5d5d3-98a0-491e-b656-94994244dcb6:group-CA31C3CAEE6A ConfigurationManager, init=-1: [e7e5d5d3-98a0-491e-b656-94994244dcb6:192.168.157.235:39463, 94b68f26-af36-483b-8a8e-f4fa83132938:192.168.157.235:41789, 6277c58b-bba4-4a90-8476-1f26e751e8fd:192.168.157.235:39719], old=null, confs=<EMPTY_MAP>
2019-08-21 19:54:34,248 [pool-82-thread-1] INFO  server.RaftServerConfigKeys (ConfUtils.java:logGet(43)) - raft.server.storage.dir = [/workdir/hadoop-ozone/integration-test/target/test-dir/MiniOzoneClusterImpl-2406ea78-f822-4bca-8bbf-8046e2560e07/datanode-5/data/ratis] (custom)
2019-08-21 19:54:34,248 [pool-82-thread-1] INFO  storage.RaftStorageDirectory (RaftStorageDirectory.java:analyzeStorage(246)) - The storage directory /workdir/hadoop-ozone/integration-test/target/test-dir/MiniOzoneClusterImpl-2406ea78-f822-4bca-8bbf-8046e2560e07/datanode-5/data/ratis/f3e1b92b-6ff3-4085-a366-ca31c3caee6a does not exist. Creating ...
2019-08-21 19:54:34,254 [pool-38-thread-1] INFO  storage.RaftStorageDirectory (RaftStorageDirectory.java:tryLock(328)) - Lock on /workdir/hadoop-ozone/integration-test/target/test-dir/MiniOzoneClusterImpl-2406ea78-f822-4bca-8bbf-8046e2560e07/datanode-1/data/ratis/f3e1b92b-6ff3-4085-a366-ca31c3caee6a/in_use.lock acquired by nodename 1120@pr-hdds-1347-9fd45-2937924148
2019-08-21 19:54:34,254 [pool-82-thread-1] INFO  storage.RaftStorageDirectory (RaftStorageDirectory.java:tryLock(328)) - Lock on /workdir/hadoop-ozone/integration-test/target/test-dir/MiniOzoneClusterImpl-2406ea78-f822-4bca-8bbf-8046e2560e07/datanode-5/data/ratis/f3e1b92b-6ff3-4085-a366-ca31c3caee6a/in_use.lock acquired by nodename 1120@pr-hdds-1347-9fd45-2937924148
2019-08-21 19:54:34,254 [pool-71-thread-1] INFO  storage.RaftStorageDirectory (RaftStorageDirectory.java:tryLock(328)) - Lock on /workdir/hadoop-ozone/integration-test/target/test-dir/MiniOzoneClusterImpl-2406ea78-f822-4bca-8bbf-8046e2560e07/datanode-4/data/ratis/f3e1b92b-6ff3-4085-a366-ca31c3caee6a/in_use.lock acquired by nodename 1120@pr-hdds-1347-9fd45-2937924148
2019-08-21 19:54:34,287 [pool-71-thread-1] INFO  storage.RaftStorage (RaftStorage.java:format(72)) - Storage directory /workdir/hadoop-ozone/integration-test/target/test-dir/MiniOzoneClusterImpl-2406ea78-f822-4bca-8bbf-8046e2560e07/datanode-4/data/ratis/f3e1b92b-6ff3-4085-a366-ca31c3caee6a has been successfully formatted.
2019-08-21 19:54:34,287 [pool-82-thread-1] INFO  storage.RaftStorage (RaftStorage.java:format(72)) - Storage directory /workdir/hadoop-ozone/integration-test/target/test-dir/MiniOzoneClusterImpl-2406ea78-f822-4bca-8bbf-8046e2560e07/datanode-5/data/ratis/f3e1b92b-6ff3-4085-a366-ca31c3caee6a has been successfully formatted.
2019-08-21 19:54:34,287 [pool-38-thread-1] INFO  storage.RaftStorage (RaftStorage.java:format(72)) - Storage directory /workdir/hadoop-ozone/integration-test/target/test-dir/MiniOzoneClusterImpl-2406ea78-f822-4bca-8bbf-8046e2560e07/datanode-1/data/ratis/f3e1b92b-6ff3-4085-a366-ca31c3caee6a has been successfully formatted.
2019-08-21 19:54:34,287 [pool-71-thread-1] INFO  ratis.ContainerStateMachine (ContainerStateMachine.java:loadSnapshot(226)) - group-CA31C3CAEE6A: The snapshot info is null. Setting the last applied indexto:(t:0, i:~)
2019-08-21 19:54:34,288 [pool-82-thread-1] INFO  ratis.ContainerStateMachine (ContainerStateMachine.java:loadSnapshot(226)) - group-CA31C3CAEE6A: The snapshot info is null. Setting the last applied indexto:(t:0, i:~)
2019-08-21 19:54:34,288 [pool-71-thread-1] INFO  server.RaftServerConfigKeys (ConfUtils.java:logGet(43)) - raft.server.leader.election.timeout = 120s (custom)
2019-08-21 19:54:34,288 [pool-82-thread-1] INFO  server.RaftServerConfigKeys (ConfUtils.java:logGet(43)) - raft.server.leader.election.timeout = 120s (custom)
2019-08-21 19:54:34,288 [pool-38-thread-1] INFO  ratis.ContainerStateMachine (ContainerStateMachine.java:loadSnapshot(226)) - group-CA31C3CAEE6A: The snapshot info is null. Setting the last applied indexto:(t:0, i:~)
2019-08-21 19:54:34,288 [pool-82-thread-1] INFO  server.RaftServerConfigKeys (ConfUtils.java:logGet(43)) - raft.server.log.use.memory = false (default)
2019-08-21 19:54:34,288 [pool-71-thread-1] INFO  server.RaftServerConfigKeys (ConfUtils.java:logGet(43)) - raft.server.log.use.memory = false (default)
2019-08-21 19:54:34,289 [pool-82-thread-1] INFO  server.RaftServerConfigKeys (ConfUtils.java:logGet(43)) - raft.server.log.purge.gap = 1000000 (custom)
2019-08-21 19:54:34,288 [pool-38-thread-1] INFO  server.RaftServerConfigKeys (ConfUtils.java:logGet(43)) - raft.server.leader.election.timeout = 120s (custom)
2019-08-21 19:54:34,289 [pool-82-thread-1] INFO  server.RaftServerConfigKeys (ConfUtils.java:logGet(43)) - raft.server.log.appender.buffer.byte-limit = 33554432 (custom)
2019-08-21 19:54:34,289 [pool-71-thread-1] INFO  server.RaftServerConfigKeys (ConfUtils.java:logGet(43)) - raft.server.log.purge.gap = 1000000 (custom)
2019-08-21 19:54:34,289 [pool-82-thread-1] INFO  server.RaftServerConfigKeys (ConfUtils.java:logGet(43)) - raft.server.log.segment.size.max = 1048576 (custom)
2019-08-21 19:54:34,289 [pool-38-thread-1] INFO  server.RaftServerConfigKeys (ConfUtils.java:logGet(43)) - raft.server.log.use.memory = false (default)
2019-08-21 19:54:34,290 [pool-82-thread-1] INFO  server.RaftServerConfigKeys (ConfUtils.java:logGet(43)) - raft.server.log.segment.cache.num.max = 2 (custom)
2019-08-21 19:54:34,290 [pool-71-thread-1] INFO  server.RaftServerConfigKeys (ConfUtils.java:logGet(43)) - raft.server.log.appender.buffer.byte-limit = 33554432 (custom)
2019-08-21 19:54:34,290 [pool-82-thread-1] INFO  segmented.SegmentedRaftLogWorker (SegmentedRaftLogWorker.java:<init>(172)) - new e7e5d5d3-98a0-491e-b656-94994244dcb6-SegmentedRaftLogWorker:Storage Directory /workdir/hadoop-ozone/integration-test/target/test-dir/MiniOzoneClusterImpl-2406ea78-f822-4bca-8bbf-8046e2560e07/datanode-5/data/ratis/f3e1b92b-6ff3-4085-a366-ca31c3caee6a for RaftStorage:Storage Directory /workdir/hadoop-ozone/integration-test/target/test-dir/MiniOzoneClusterImpl-2406ea78-f822-4bca-8bbf-8046e2560e07/datanode-5/data/ratis/f3e1b92b-6ff3-4085-a366-ca31c3caee6a
2019-08-21 19:54:34,290 [pool-38-thread-1] INFO  server.RaftServerConfigKeys (ConfUtils.java:logGet(43)) - raft.server.log.purge.gap = 1000000 (custom)
2019-08-21 19:54:34,291 [pool-82-thread-1] INFO  server.RaftServerConfigKeys (ConfUtils.java:logGet(43)) - raft.server.log.queue.byte-limit = 2147483647 (custom)
2019-08-21 19:54:34,290 [pool-71-thread-1] INFO  server.RaftServerConfigKeys (ConfUtils.java:logGet(43)) - raft.server.log.segment.size.max = 1048576 (custom)
2019-08-21 19:54:34,293 [pool-82-thread-1] INFO  server.RaftServerConfigKeys (ConfUtils.java:logGet(43)) - raft.server.log.queue.element-limit = 1024 (custom)
2019-08-21 19:54:34,291 [pool-38-thread-1] INFO  server.RaftServerConfigKeys (ConfUtils.java:logGet(43)) - raft.server.log.appender.buffer.byte-limit = 33554432 (custom)
2019-08-21 19:54:34,293 [pool-82-thread-1] INFO  server.RaftServerConfigKeys (ConfUtils.java:logGet(43)) - raft.server.log.segment.size.max = 1048576 (custom)
2019-08-21 19:54:34,293 [pool-71-thread-1] INFO  server.RaftServerConfigKeys (ConfUtils.java:logGet(43)) - raft.server.log.segment.cache.num.max = 2 (custom)
2019-08-21 19:54:34,294 [pool-82-thread-1] INFO  server.RaftServerConfigKeys (ConfUtils.java:logGet(43)) - raft.server.log.preallocated.size = 16384 (custom)
2019-08-21 19:54:34,294 [pool-38-thread-1] INFO  server.RaftServerConfigKeys (ConfUtils.java:logGet(43)) - raft.server.log.segment.size.max = 1048576 (custom)
2019-08-21 19:54:34,294 [pool-82-thread-1] INFO  server.RaftServerConfigKeys (ConfUtils.java:logGet(43)) - raft.server.log.write.buffer.size = 33554432 (custom)
2019-08-21 19:54:34,294 [pool-71-thread-1] INFO  segmented.SegmentedRaftLogWorker (SegmentedRaftLogWorker.java:<init>(172)) - new 94b68f26-af36-483b-8a8e-f4fa83132938-SegmentedRaftLogWorker:Storage Directory /workdir/hadoop-ozone/integration-test/target/test-dir/MiniOzoneClusterImpl-2406ea78-f822-4bca-8bbf-8046e2560e07/datanode-4/data/ratis/f3e1b92b-6ff3-4085-a366-ca31c3caee6a for RaftStorage:Storage Directory /workdir/hadoop-ozone/integration-test/target/test-dir/MiniOzoneClusterImpl-2406ea78-f822-4bca-8bbf-8046e2560e07/datanode-4/data/ratis/f3e1b92b-6ff3-4085-a366-ca31c3caee6a
2019-08-21 19:54:34,294 [pool-82-thread-1] INFO  server.RaftServerConfigKeys (ConfUtils.java:logGet(43)) - raft.server.log.force.sync.num = 128 (default)
2019-08-21 19:54:34,294 [pool-38-thread-1] INFO  server.RaftServerConfigKeys (ConfUtils.java:logGet(43)) - raft.server.log.segment.cache.num.max = 2 (custom)
2019-08-21 19:54:34,295 [pool-82-thread-1] INFO  server.RaftServerConfigKeys (ConfUtils.java:logGet(43)) - raft.server.log.statemachine.data.sync = true (default)
2019-08-21 19:54:34,295 [pool-71-thread-1] INFO  server.RaftServerConfigKeys (ConfUtils.java:logGet(43)) - raft.server.log.queue.byte-limit = 2147483647 (custom)
2019-08-21 19:54:34,296 [pool-82-thread-1] INFO  server.RaftServerConfigKeys (ConfUtils.java:logGet(43)) - raft.server.log.statemachine.data.sync.timeout = 10s (default)
2019-08-21 19:54:34,296 [pool-38-thread-1] INFO  segmented.SegmentedRaftLogWorker (SegmentedRaftLogWorker.java:<init>(172)) - new 6277c58b-bba4-4a90-8476-1f26e751e8fd-SegmentedRaftLogWorker:Storage Directory /workdir/hadoop-ozone/integration-test/target/test-dir/MiniOzoneClusterImpl-2406ea78-f822-4bca-8bbf-8046e2560e07/datanode-1/data/ratis/f3e1b92b-6ff3-4085-a366-ca31c3caee6a for RaftStorage:Storage Directory /workdir/hadoop-ozone/integration-test/target/test-dir/MiniOzoneClusterImpl-2406ea78-f822-4bca-8bbf-8046e2560e07/datanode-1/data/ratis/f3e1b92b-6ff3-4085-a366-ca31c3caee6a
2019-08-21 19:54:34,297 [pool-82-thread-1] INFO  server.RaftServerConfigKeys (ConfUtils.java:logGet(43)) - raft.server.log.statemachine.data.sync.timeout.retry = -1 (default)
2019-08-21 19:54:34,296 [pool-71-thread-1] INFO  server.RaftServerConfigKeys (ConfUtils.java:logGet(43)) - raft.server.log.queue.element-limit = 1024 (custom)
2019-08-21 19:54:34,298 [pool-82-thread-1] INFO  server.RaftServerConfigKeys (ConfUtils.java:logGet(43)) - raft.server.log.statemachine.data.caching.enabled = true (custom)
2019-08-21 19:54:34,297 [pool-38-thread-1] INFO  server.RaftServerConfigKeys (ConfUtils.java:logGet(43)) - raft.server.log.queue.byte-limit = 2147483647 (custom)
2019-08-21 19:54:34,298 [pool-71-thread-1] INFO  server.RaftServerConfigKeys (ConfUtils.java:logGet(43)) - raft.server.log.segment.size.max = 1048576 (custom)
2019-08-21 19:54:34,298 [pool-82-thread-1] INFO  segmented.SegmentedRaftLogWorker (SegmentedRaftLogWorker.java:lambda$new$0(132)) - e7e5d5d3-98a0-491e-b656-94994244dcb6-SegmentedRaftLogWorker:Storage Directory /workdir/hadoop-ozone/integration-test/target/test-dir/MiniOzoneClusterImpl-2406ea78-f822-4bca-8bbf-8046e2560e07/datanode-5/data/ratis/f3e1b92b-6ff3-4085-a366-ca31c3caee6a: flushIndex: setUnconditionally 0 -> -1
2019-08-21 19:54:34,298 [pool-38-thread-1] INFO  server.RaftServerConfigKeys (ConfUtils.java:logGet(43)) - raft.server.log.queue.element-limit = 1024 (custom)
2019-08-21 19:54:34,299 [pool-71-thread-1] INFO  server.RaftServerConfigKeys (ConfUtils.java:logGet(43)) - raft.server.log.preallocated.size = 16384 (custom)
2019-08-21 19:54:34,299 [pool-38-thread-1] INFO  server.RaftServerConfigKeys (ConfUtils.java:logGet(43)) - raft.server.log.segment.size.max = 1048576 (custom)
2019-08-21 19:54:34,299 [pool-82-thread-1] INFO  server.RaftServerConfigKeys (ConfUtils.java:logGet(43)) - raft.server.snapshot.auto.trigger.enabled = true (custom)
2019-08-21 19:54:34,299 [pool-38-thread-1] INFO  server.RaftServerConfigKeys (ConfUtils.java:logGet(43)) - raft.server.log.preallocated.size = 16384 (custom)
2019-08-21 19:54:34,299 [pool-71-thread-1] INFO  server.RaftServerConfigKeys (ConfUtils.java:logGet(43)) - raft.server.log.write.buffer.size = 33554432 (custom)
2019-08-21 19:54:34,299 [pool-38-thread-1] INFO  server.RaftServerConfigKeys (ConfUtils.java:logGet(43)) - raft.server.log.write.buffer.size = 33554432 (custom)
2019-08-21 19:54:34,299 [pool-82-thread-1] INFO  server.RaftServerConfigKeys (ConfUtils.java:logGet(43)) - raft.server.snapshot.auto.trigger.threshold = 10000 (custom)
2019-08-21 19:54:34,300 [pool-38-thread-1] INFO  server.RaftServerConfigKeys (ConfUtils.java:logGet(43)) - raft.server.log.force.sync.num = 128 (default)
2019-08-21 19:54:34,300 [pool-82-thread-1] INFO  server.RaftServerConfigKeys (ConfUtils.java:logGet(43)) - raft.server.retrycache.expirytime = 600000ms (custom)
2019-08-21 19:54:34,300 [pool-71-thread-1] INFO  server.RaftServerConfigKeys (ConfUtils.java:logGet(43)) - raft.server.log.force.sync.num = 128 (default)
2019-08-21 19:54:34,300 [pool-38-thread-1] INFO  server.RaftServerConfigKeys (ConfUtils.java:logGet(43)) - raft.server.log.statemachine.data.sync = true (default)
2019-08-21 19:54:34,300 [pool-71-thread-1] INFO  server.RaftServerConfigKeys (ConfUtils.java:logGet(43)) - raft.server.log.statemachine.data.sync = true (default)
2019-08-21 19:54:34,300 [pool-82-thread-1] INFO  impl.RaftServerImpl (RaftServerImpl.java:start(180)) - e7e5d5d3-98a0-491e-b656-94994244dcb6: start group-CA31C3CAEE6A
2019-08-21 19:54:34,300 [pool-71-thread-1] INFO  server.RaftServerConfigKeys (ConfUtils.java:logGet(43)) - raft.server.log.statemachine.data.sync.timeout = 10s (default)
2019-08-21 19:54:34,301 [pool-71-thread-1] INFO  server.RaftServerConfigKeys (ConfUtils.java:logGet(43)) - raft.server.log.statemachine.data.sync.timeout.retry = -1 (default)
2019-08-21 19:54:34,300 [pool-38-thread-1] INFO  server.RaftServerConfigKeys (ConfUtils.java:logGet(43)) - raft.server.log.statemachine.data.sync.timeout = 10s (default)
2019-08-21 19:54:34,301 [pool-71-thread-1] INFO  server.RaftServerConfigKeys (ConfUtils.java:logGet(43)) - raft.server.log.statemachine.data.caching.enabled = true (custom)
2019-08-21 19:54:34,301 [pool-82-thread-1] INFO  impl.RaftServerImpl (RaftServerImpl.java:setRole(171)) - e7e5d5d3-98a0-491e-b656-94994244dcb6:group-CA31C3CAEE6A changes role from null to FOLLOWER at term 0 for startAsFollower
2019-08-21 19:54:34,301 [pool-38-thread-1] INFO  server.RaftServerConfigKeys (ConfUtils.java:logGet(43)) - raft.server.log.statemachine.data.sync.timeout.retry = -1 (default)
2019-08-21 19:54:34,301 [pool-82-thread-1] INFO  impl.RoleInfo (RoleInfo.java:updateAndGet(143)) - e7e5d5d3-98a0-491e-b656-94994244dcb6: start FollowerState
2019-08-21 19:54:34,301 [pool-71-thread-1] INFO  segmented.SegmentedRaftLogWorker (SegmentedRaftLogWorker.java:lambda$new$0(132)) - 94b68f26-af36-483b-8a8e-f4fa83132938-SegmentedRaftLogWorker:Storage Directory /workdir/hadoop-ozone/integration-test/target/test-dir/MiniOzoneClusterImpl-2406ea78-f822-4bca-8bbf-8046e2560e07/datanode-4/data/ratis/f3e1b92b-6ff3-4085-a366-ca31c3caee6a: flushIndex: setUnconditionally 0 -> -1
2019-08-21 19:54:34,301 [pool-38-thread-1] INFO  server.RaftServerConfigKeys (ConfUtils.java:logGet(43)) - raft.server.log.statemachine.data.caching.enabled = true (custom)
2019-08-21 19:54:34,302 [pool-71-thread-1] INFO  server.RaftServerConfigKeys (ConfUtils.java:logGet(43)) - raft.server.snapshot.auto.trigger.enabled = true (custom)
2019-08-21 19:54:34,302 [pool-82-thread-1] INFO  util.JmxRegister (JmxRegister.java:tryRegister(44)) - Successfully registered JMX Bean with object name Ratis:service=RaftServer,group=group-CA31C3CAEE6A,id=e7e5d5d3-98a0-491e-b656-94994244dcb6
2019-08-21 19:54:34,302 [pool-38-thread-1] INFO  segmented.SegmentedRaftLogWorker (SegmentedRaftLogWorker.java:lambda$new$0(132)) - 6277c58b-bba4-4a90-8476-1f26e751e8fd-SegmentedRaftLogWorker:Storage Directory /workdir/hadoop-ozone/integration-test/target/test-dir/MiniOzoneClusterImpl-2406ea78-f822-4bca-8bbf-8046e2560e07/datanode-1/data/ratis/f3e1b92b-6ff3-4085-a366-ca31c3caee6a: flushIndex: setUnconditionally 0 -> -1
2019-08-21 19:54:34,302 [pool-71-thread-1] INFO  server.RaftServerConfigKeys (ConfUtils.java:logGet(43)) - raft.server.snapshot.auto.trigger.threshold = 10000 (custom)
2019-08-21 19:54:34,302 [pool-38-thread-1] INFO  server.RaftServerConfigKeys (ConfUtils.java:logGet(43)) - raft.server.snapshot.auto.trigger.enabled = true (custom)
2019-08-21 19:54:34,303 [pool-71-thread-1] INFO  server.RaftServerConfigKeys (ConfUtils.java:logGet(43)) - raft.server.retrycache.expirytime = 600000ms (custom)
2019-08-21 19:54:34,303 [pool-38-thread-1] INFO  server.RaftServerConfigKeys (ConfUtils.java:logGet(43)) - raft.server.snapshot.auto.trigger.threshold = 10000 (custom)
2019-08-21 19:54:34,303 [pool-71-thread-1] INFO  impl.RaftServerImpl (RaftServerImpl.java:start(180)) - 94b68f26-af36-483b-8a8e-f4fa83132938: start group-CA31C3CAEE6A
2019-08-21 19:54:34,303 [pool-38-thread-1] INFO  server.RaftServerConfigKeys (ConfUtils.java:logGet(43)) - raft.server.retrycache.expirytime = 600000ms (custom)
2019-08-21 19:54:34,303 [pool-71-thread-1] INFO  impl.RaftServerImpl (RaftServerImpl.java:setRole(171)) - 94b68f26-af36-483b-8a8e-f4fa83132938:group-CA31C3CAEE6A changes role from null to FOLLOWER at term 0 for startAsFollower
2019-08-21 19:54:34,303 [pool-38-thread-1] INFO  impl.RaftServerImpl (RaftServerImpl.java:start(180)) - 6277c58b-bba4-4a90-8476-1f26e751e8fd: start group-CA31C3CAEE6A
2019-08-21 19:54:34,303 [pool-71-thread-1] INFO  impl.RoleInfo (RoleInfo.java:updateAndGet(143)) - 94b68f26-af36-483b-8a8e-f4fa83132938: start FollowerState
2019-08-21 19:54:34,303 [pool-38-thread-1] INFO  impl.RaftServerImpl (RaftServerImpl.java:setRole(171)) - 6277c58b-bba4-4a90-8476-1f26e751e8fd:group-CA31C3CAEE6A changes role from null to FOLLOWER at term 0 for startAsFollower
2019-08-21 19:54:34,304 [pool-38-thread-1] INFO  impl.RoleInfo (RoleInfo.java:updateAndGet(143)) - 6277c58b-bba4-4a90-8476-1f26e751e8fd: start FollowerState
2019-08-21 19:54:34,304 [pool-71-thread-1] INFO  util.JmxRegister (JmxRegister.java:tryRegister(44)) - Successfully registered JMX Bean with object name Ratis:service=RaftServer,group=group-CA31C3CAEE6A,id=94b68f26-af36-483b-8a8e-f4fa83132938
2019-08-21 19:54:34,304 [pool-38-thread-1] INFO  util.JmxRegister (JmxRegister.java:tryRegister(44)) - Successfully registered JMX Bean with object name Ratis:service=RaftServer,group=group-CA31C3CAEE6A,id=6277c58b-bba4-4a90-8476-1f26e751e8fd
2019-08-21 19:54:34,320 [RatisPipelineUtilsThread] INFO  pipeline.PipelineStateManager (PipelineStateManager.java:addPipeline(56)) - Created pipeline Pipeline[ Id: f3e1b92b-6ff3-4085-a366-ca31c3caee6a, Nodes: 94b68f26-af36-483b-8a8e-f4fa83132938{ip: 192.168.157.235, host: pr-hdds-1347-9fd45-2937924148, networkLocation: /default-rack, certSerialId: null}6277c58b-bba4-4a90-8476-1f26e751e8fd{ip: 192.168.157.235, host: pr-hdds-1347-9fd45-2937924148, networkLocation: /default-rack, certSerialId: null}e7e5d5d3-98a0-491e-b656-94994244dcb6{ip: 192.168.157.235, host: pr-hdds-1347-9fd45-2937924148, networkLocation: /default-rack, certSerialId: null}, Type:RATIS, Factor:THREE, State:OPEN]
2019-08-21 19:54:34,354 [grpc-default-executor-1] INFO  impl.RaftServerProxy (RaftServerProxy.java:addNew(89)) - c1353731-fe9a-4fbe-979b-c923f11204b2: addNew group-637DFDD263C2:[f41f6f16-2e19-435e-9455-92a969fe9c75:192.168.157.235:43968, 41bf33c2-016c-4465-8a22-47ae4a465f84:192.168.157.235:41191, c1353731-fe9a-4fbe-979b-c923f11204b2:192.168.157.235:40413] returns group-637DFDD263C2:java.util.concurrent.CompletableFuture@42995304[Not completed]
2019-08-21 19:54:34,354 [grpc-default-executor-2] INFO  impl.RaftServerProxy (RaftServerProxy.java:addNew(89)) - f41f6f16-2e19-435e-9455-92a969fe9c75: addNew group-637DFDD263C2:[f41f6f16-2e19-435e-9455-92a969fe9c75:192.168.157.235:43968, 41bf33c2-016c-4465-8a22-47ae4a465f84:192.168.157.235:41191, c1353731-fe9a-4fbe-979b-c923f11204b2:192.168.157.235:40413] returns group-637DFDD263C2:java.util.concurrent.CompletableFuture@2b3950c3[Not completed]
2019-08-21 19:54:34,354 [grpc-default-executor-0] INFO  impl.RaftServerProxy (RaftServerProxy.java:addNew(89)) - 41bf33c2-016c-4465-8a22-47ae4a465f84: addNew group-637DFDD263C2:[f41f6f16-2e19-435e-9455-92a969fe9c75:192.168.157.235:43968, 41bf33c2-016c-4465-8a22-47ae4a465f84:192.168.157.235:41191, c1353731-fe9a-4fbe-979b-c923f11204b2:192.168.157.235:40413] returns group-637DFDD263C2:java.util.concurrent.CompletableFuture@40fce5ef[Not completed]
2019-08-21 19:54:34,358 [pool-27-thread-1] INFO  impl.RaftServerImpl (RaftServerImpl.java:<init>(93)) - 41bf33c2-016c-4465-8a22-47ae4a465f84: new RaftServerImpl for group-637DFDD263C2:[f41f6f16-2e19-435e-9455-92a969fe9c75:192.168.157.235:43968, 41bf33c2-016c-4465-8a22-47ae4a465f84:192.168.157.235:41191, c1353731-fe9a-4fbe-979b-c923f11204b2:192.168.157.235:40413] with ContainerStateMachine:uninitialized
2019-08-21 19:54:34,358 [pool-27-thread-1] INFO  server.RaftServerConfigKeys (ConfUtils.java:logGet(43)) - raft.server.rpc.timeout.min = 5s (custom)
2019-08-21 19:54:34,359 [pool-27-thread-1] INFO  server.RaftServerConfigKeys (ConfUtils.java:logGet(43)) - raft.server.rpc.timeout.max = 5200ms (custom)
2019-08-21 19:54:34,359 [pool-27-thread-1] INFO  server.RaftServerConfigKeys (ConfUtils.java:logGet(43)) - raft.server.rpcslowness.timeout = 120s (custom)
2019-08-21 19:54:34,359 [pool-27-thread-1] INFO  server.RaftServerConfigKeys (ConfUtils.java:logGet(43)) - raft.server.sleep.deviation.threshold = 300 (default)
2019-08-21 19:54:34,359 [pool-27-thread-1] INFO  server.RaftServerConfigKeys (ConfUtils.java:logGet(43)) - raft.server.log.appender.install.snapshot.enabled = false (custom)
2019-08-21 19:54:34,359 [pool-27-thread-1] INFO  impl.RaftServerImpl (ServerState.java:<init>(105)) - 41bf33c2-016c-4465-8a22-47ae4a465f84:group-637DFDD263C2 ConfigurationManager, init=-1: [f41f6f16-2e19-435e-9455-92a969fe9c75:192.168.157.235:43968, 41bf33c2-016c-4465-8a22-47ae4a465f84:192.168.157.235:41191, c1353731-fe9a-4fbe-979b-c923f11204b2:192.168.157.235:40413], old=null, confs=<EMPTY_MAP>
2019-08-21 19:54:34,360 [pool-27-thread-1] INFO  server.RaftServerConfigKeys (ConfUtils.java:logGet(43)) - raft.server.storage.dir = [/workdir/hadoop-ozone/integration-test/target/test-dir/MiniOzoneClusterImpl-2406ea78-f822-4bca-8bbf-8046e2560e07/datanode-0/data/ratis] (custom)
2019-08-21 19:54:34,360 [pool-60-thread-1] INFO  impl.RaftServerImpl (RaftServerImpl.java:<init>(93)) - c1353731-fe9a-4fbe-979b-c923f11204b2: new RaftServerImpl for group-637DFDD263C2:[f41f6f16-2e19-435e-9455-92a969fe9c75:192.168.157.235:43968, 41bf33c2-016c-4465-8a22-47ae4a465f84:192.168.157.235:41191, c1353731-fe9a-4fbe-979b-c923f11204b2:192.168.157.235:40413] with ContainerStateMachine:uninitialized
2019-08-21 19:54:34,360 [pool-27-thread-1] INFO  storage.RaftStorageDirectory (RaftStorageDirectory.java:analyzeStorage(246)) - The storage directory /workdir/hadoop-ozone/integration-test/target/test-dir/MiniOzoneClusterImpl-2406ea78-f822-4bca-8bbf-8046e2560e07/datanode-0/data/ratis/060cfebc-e082-4d9c-9330-637dfdd263c2 does not exist. Creating ...
2019-08-21 19:54:34,360 [pool-60-thread-1] INFO  server.RaftServerConfigKeys (ConfUtils.java:logGet(43)) - raft.server.rpc.timeout.min = 5s (custom)
2019-08-21 19:54:34,361 [pool-60-thread-1] INFO  server.RaftServerConfigKeys (ConfUtils.java:logGet(43)) - raft.server.rpc.timeout.max = 5200ms (custom)
2019-08-21 19:54:34,361 [pool-60-thread-1] INFO  server.RaftServerConfigKeys (ConfUtils.java:logGet(43)) - raft.server.rpcslowness.timeout = 120s (custom)
2019-08-21 19:54:34,361 [pool-60-thread-1] INFO  server.RaftServerConfigKeys (ConfUtils.java:logGet(43)) - raft.server.sleep.deviation.threshold = 300 (default)
2019-08-21 19:54:34,361 [pool-93-thread-1] INFO  impl.RaftServerImpl (RaftServerImpl.java:<init>(93)) - f41f6f16-2e19-435e-9455-92a969fe9c75: new RaftServerImpl for group-637DFDD263C2:[f41f6f16-2e19-435e-9455-92a969fe9c75:192.168.157.235:43968, 41bf33c2-016c-4465-8a22-47ae4a465f84:192.168.157.235:41191, c1353731-fe9a-4fbe-979b-c923f11204b2:192.168.157.235:40413] with ContainerStateMachine:uninitialized
2019-08-21 19:54:34,361 [pool-60-thread-1] INFO  server.RaftServerConfigKeys (ConfUtils.java:logGet(43)) - raft.server.log.appender.install.snapshot.enabled = false (custom)
2019-08-21 19:54:34,362 [pool-93-thread-1] INFO  server.RaftServerConfigKeys (ConfUtils.java:logGet(43)) - raft.server.rpc.timeout.min = 5s (custom)
2019-08-21 19:54:34,362 [pool-60-thread-1] INFO  impl.RaftServerImpl (ServerState.java:<init>(105)) - c1353731-fe9a-4fbe-979b-c923f11204b2:group-637DFDD263C2 ConfigurationManager, init=-1: [f41f6f16-2e19-435e-9455-92a969fe9c75:192.168.157.235:43968, 41bf33c2-016c-4465-8a22-47ae4a465f84:192.168.157.235:41191, c1353731-fe9a-4fbe-979b-c923f11204b2:192.168.157.235:40413], old=null, confs=<EMPTY_MAP>
2019-08-21 19:54:34,362 [pool-93-thread-1] INFO  server.RaftServerConfigKeys (ConfUtils.java:logGet(43)) - raft.server.rpc.timeout.max = 5200ms (custom)
2019-08-21 19:54:34,362 [pool-60-thread-1] INFO  server.RaftServerConfigKeys (ConfUtils.java:logGet(43)) - raft.server.storage.dir = [/workdir/hadoop-ozone/integration-test/target/test-dir/MiniOzoneClusterImpl-2406ea78-f822-4bca-8bbf-8046e2560e07/datanode-3/data/ratis] (custom)
2019-08-21 19:54:34,362 [pool-93-thread-1] INFO  server.RaftServerConfigKeys (ConfUtils.java:logGet(43)) - raft.server.rpcslowness.timeout = 120s (custom)
2019-08-21 19:54:34,362 [pool-93-thread-1] INFO  server.RaftServerConfigKeys (ConfUtils.java:logGet(43)) - raft.server.sleep.deviation.threshold = 300 (default)
2019-08-21 19:54:34,363 [pool-93-thread-1] INFO  server.RaftServerConfigKeys (ConfUtils.java:logGet(43)) - raft.server.log.appender.install.snapshot.enabled = false (custom)
2019-08-21 19:54:34,363 [pool-60-thread-1] INFO  storage.RaftStorageDirectory (RaftStorageDirectory.java:analyzeStorage(246)) - The storage directory /workdir/hadoop-ozone/integration-test/target/test-dir/MiniOzoneClusterImpl-2406ea78-f822-4bca-8bbf-8046e2560e07/datanode-3/data/ratis/060cfebc-e082-4d9c-9330-637dfdd263c2 does not exist. Creating ...
2019-08-21 19:54:34,363 [pool-93-thread-1] INFO  impl.RaftServerImpl (ServerState.java:<init>(105)) - f41f6f16-2e19-435e-9455-92a969fe9c75:group-637DFDD263C2 ConfigurationManager, init=-1: [f41f6f16-2e19-435e-9455-92a969fe9c75:192.168.157.235:43968, 41bf33c2-016c-4465-8a22-47ae4a465f84:192.168.157.235:41191, c1353731-fe9a-4fbe-979b-c923f11204b2:192.168.157.235:40413], old=null, confs=<EMPTY_MAP>
2019-08-21 19:54:34,363 [pool-93-thread-1] INFO  server.RaftServerConfigKeys (ConfUtils.java:logGet(43)) - raft.server.storage.dir = [/workdir/hadoop-ozone/integration-test/target/test-dir/MiniOzoneClusterImpl-2406ea78-f822-4bca-8bbf-8046e2560e07/datanode-6/data/ratis] (custom)
2019-08-21 19:54:34,364 [pool-93-thread-1] INFO  storage.RaftStorageDirectory (RaftStorageDirectory.java:analyzeStorage(246)) - The storage directory /workdir/hadoop-ozone/integration-test/target/test-dir/MiniOzoneClusterImpl-2406ea78-f822-4bca-8bbf-8046e2560e07/datanode-6/data/ratis/060cfebc-e082-4d9c-9330-637dfdd263c2 does not exist. Creating ...
2019-08-21 19:54:34,374 [pool-60-thread-1] INFO  storage.RaftStorageDirectory (RaftStorageDirectory.java:tryLock(328)) - Lock on /workdir/hadoop-ozone/integration-test/target/test-dir/MiniOzoneClusterImpl-2406ea78-f822-4bca-8bbf-8046e2560e07/datanode-3/data/ratis/060cfebc-e082-4d9c-9330-637dfdd263c2/in_use.lock acquired by nodename 1120@pr-hdds-1347-9fd45-2937924148
2019-08-21 19:54:34,374 [pool-93-thread-1] INFO  storage.RaftStorageDirectory (RaftStorageDirectory.java:tryLock(328)) - Lock on /workdir/hadoop-ozone/integration-test/target/test-dir/MiniOzoneClusterImpl-2406ea78-f822-4bca-8bbf-8046e2560e07/datanode-6/data/ratis/060cfebc-e082-4d9c-9330-637dfdd263c2/in_use.lock acquired by nodename 1120@pr-hdds-1347-9fd45-2937924148
2019-08-21 19:54:34,374 [pool-27-thread-1] INFO  storage.RaftStorageDirectory (RaftStorageDirectory.java:tryLock(328)) - Lock on /workdir/hadoop-ozone/integration-test/target/test-dir/MiniOzoneClusterImpl-2406ea78-f822-4bca-8bbf-8046e2560e07/datanode-0/data/ratis/060cfebc-e082-4d9c-9330-637dfdd263c2/in_use.lock acquired by nodename 1120@pr-hdds-1347-9fd45-2937924148
2019-08-21 19:54:34,388 [pool-60-thread-1] INFO  storage.RaftStorage (RaftStorage.java:format(72)) - Storage directory /workdir/hadoop-ozone/integration-test/target/test-dir/MiniOzoneClusterImpl-2406ea78-f822-4bca-8bbf-8046e2560e07/datanode-3/data/ratis/060cfebc-e082-4d9c-9330-637dfdd263c2 has been successfully formatted.
2019-08-21 19:54:34,388 [pool-93-thread-1] INFO  storage.RaftStorage (RaftStorage.java:format(72)) - Storage directory /workdir/hadoop-ozone/integration-test/target/test-dir/MiniOzoneClusterImpl-2406ea78-f822-4bca-8bbf-8046e2560e07/datanode-6/data/ratis/060cfebc-e082-4d9c-9330-637dfdd263c2 has been successfully formatted.
2019-08-21 19:54:34,388 [pool-60-thread-1] INFO  ratis.ContainerStateMachine (ContainerStateMachine.java:loadSnapshot(226)) - group-637DFDD263C2: The snapshot info is null. Setting the last applied indexto:(t:0, i:~)
2019-08-21 19:54:34,388 [pool-27-thread-1] INFO  storage.RaftStorage (RaftStorage.java:format(72)) - Storage directory /workdir/hadoop-ozone/integration-test/target/test-dir/MiniOzoneClusterImpl-2406ea78-f822-4bca-8bbf-8046e2560e07/datanode-0/data/ratis/060cfebc-e082-4d9c-9330-637dfdd263c2 has been successfully formatted.
2019-08-21 19:54:34,389 [pool-60-thread-1] INFO  server.RaftServerConfigKeys (ConfUtils.java:logGet(43)) - raft.server.leader.election.timeout = 120s (custom)
2019-08-21 19:54:34,389 [pool-93-thread-1] INFO  ratis.ContainerStateMachine (ContainerStateMachine.java:loadSnapshot(226)) - group-637DFDD263C2: The snapshot info is null. Setting the last applied indexto:(t:0, i:~)
2019-08-21 19:54:34,389 [pool-27-thread-1] INFO  ratis.ContainerStateMachine (ContainerStateMachine.java:loadSnapshot(226)) - group-637DFDD263C2: The snapshot info is null. Setting the last applied indexto:(t:0, i:~)
2019-08-21 19:54:34,389 [pool-60-thread-1] INFO  server.RaftServerConfigKeys (ConfUtils.java:logGet(43)) - raft.server.log.use.memory = false (default)
2019-08-21 19:54:34,390 [pool-27-thread-1] INFO  server.RaftServerConfigKeys (ConfUtils.java:logGet(43)) - raft.server.leader.election.timeout = 120s (custom)
2019-08-21 19:54:34,389 [pool-93-thread-1] INFO  server.RaftServerConfigKeys (ConfUtils.java:logGet(43)) - raft.server.leader.election.timeout = 120s (custom)
2019-08-21 19:54:34,390 [pool-27-thread-1] INFO  server.RaftServerConfigKeys (ConfUtils.java:logGet(43)) - raft.server.log.use.memory = false (default)
2019-08-21 19:54:34,390 [pool-60-thread-1] INFO  server.RaftServerConfigKeys (ConfUtils.java:logGet(43)) - raft.server.log.purge.gap = 1000000 (custom)
2019-08-21 19:54:34,390 [pool-27-thread-1] INFO  server.RaftServerConfigKeys (ConfUtils.java:logGet(43)) - raft.server.log.purge.gap = 1000000 (custom)
2019-08-21 19:54:34,390 [pool-93-thread-1] INFO  server.RaftServerConfigKeys (ConfUtils.java:logGet(43)) - raft.server.log.use.memory = false (default)
2019-08-21 19:54:34,391 [pool-27-thread-1] INFO  server.RaftServerConfigKeys (ConfUtils.java:logGet(43)) - raft.server.log.appender.buffer.byte-limit = 33554432 (custom)
2019-08-21 19:54:34,391 [pool-60-thread-1] INFO  server.RaftServerConfigKeys (ConfUtils.java:logGet(43)) - raft.server.log.appender.buffer.byte-limit = 33554432 (custom)
2019-08-21 19:54:34,391 [pool-27-thread-1] INFO  server.RaftServerConfigKeys (ConfUtils.java:logGet(43)) - raft.server.log.segment.size.max = 1048576 (custom)
2019-08-21 19:54:34,391 [pool-93-thread-1] INFO  server.RaftServerConfigKeys (ConfUtils.java:logGet(43)) - raft.server.log.purge.gap = 1000000 (custom)
2019-08-21 19:54:34,392 [pool-27-thread-1] INFO  server.RaftServerConfigKeys (ConfUtils.java:logGet(43)) - raft.server.log.segment.cache.num.max = 2 (custom)
2019-08-21 19:54:34,391 [pool-60-thread-1] INFO  server.RaftServerConfigKeys (ConfUtils.java:logGet(43)) - raft.server.log.segment.size.max = 1048576 (custom)
2019-08-21 19:54:34,392 [pool-27-thread-1] INFO  segmented.SegmentedRaftLogWorker (SegmentedRaftLogWorker.java:<init>(172)) - new 41bf33c2-016c-4465-8a22-47ae4a465f84-SegmentedRaftLogWorker:Storage Directory /workdir/hadoop-ozone/integration-test/target/test-dir/MiniOzoneClusterImpl-2406ea78-f822-4bca-8bbf-8046e2560e07/datanode-0/data/ratis/060cfebc-e082-4d9c-9330-637dfdd263c2 for RaftStorage:Storage Directory /workdir/hadoop-ozone/integration-test/target/test-dir/MiniOzoneClusterImpl-2406ea78-f822-4bca-8bbf-8046e2560e07/datanode-0/data/ratis/060cfebc-e082-4d9c-9330-637dfdd263c2
2019-08-21 19:54:34,392 [pool-93-thread-1] INFO  server.RaftServerConfigKeys (ConfUtils.java:logGet(43)) - raft.server.log.appender.buffer.byte-limit = 33554432 (custom)
2019-08-21 19:54:34,392 [pool-27-thread-1] INFO  server.RaftServerConfigKeys (ConfUtils.java:logGet(43)) - raft.server.log.queue.byte-limit = 2147483647 (custom)
2019-08-21 19:54:34,392 [pool-60-thread-1] INFO  server.RaftServerConfigKeys (ConfUtils.java:logGet(43)) - raft.server.log.segment.cache.num.max = 2 (custom)
2019-08-21 19:54:34,395 [pool-27-thread-1] INFO  server.RaftServerConfigKeys (ConfUtils.java:logGet(43)) - raft.server.log.queue.element-limit = 1024 (custom)
2019-08-21 19:54:34,394 [pool-93-thread-1] INFO  server.RaftServerConfigKeys (ConfUtils.java:logGet(43)) - raft.server.log.segment.size.max = 1048576 (custom)
2019-08-21 19:54:34,395 [pool-60-thread-1] INFO  segmented.SegmentedRaftLogWorker (SegmentedRaftLogWorker.java:<init>(172)) - new c1353731-fe9a-4fbe-979b-c923f11204b2-SegmentedRaftLogWorker:Storage Directory /workdir/hadoop-ozone/integration-test/target/test-dir/MiniOzoneClusterImpl-2406ea78-f822-4bca-8bbf-8046e2560e07/datanode-3/data/ratis/060cfebc-e082-4d9c-9330-637dfdd263c2 for RaftStorage:Storage Directory /workdir/hadoop-ozone/integration-test/target/test-dir/MiniOzoneClusterImpl-2406ea78-f822-4bca-8bbf-8046e2560e07/datanode-3/data/ratis/060cfebc-e082-4d9c-9330-637dfdd263c2
2019-08-21 19:54:34,395 [pool-93-thread-1] INFO  server.RaftServerConfigKeys (ConfUtils.java:logGet(43)) - raft.server.log.segment.cache.num.max = 2 (custom)
2019-08-21 19:54:34,395 [pool-27-thread-1] INFO  server.RaftServerConfigKeys (ConfUtils.java:logGet(43)) - raft.server.log.segment.size.max = 1048576 (custom)
2019-08-21 19:54:34,397 [pool-93-thread-1] INFO  segmented.SegmentedRaftLogWorker (SegmentedRaftLogWorker.java:<init>(172)) - new f41f6f16-2e19-435e-9455-92a969fe9c75-SegmentedRaftLogWorker:Storage Directory /workdir/hadoop-ozone/integration-test/target/test-dir/MiniOzoneClusterImpl-2406ea78-f822-4bca-8bbf-8046e2560e07/datanode-6/data/ratis/060cfebc-e082-4d9c-9330-637dfdd263c2 for RaftStorage:Storage Directory /workdir/hadoop-ozone/integration-test/target/test-dir/MiniOzoneClusterImpl-2406ea78-f822-4bca-8bbf-8046e2560e07/datanode-6/data/ratis/060cfebc-e082-4d9c-9330-637dfdd263c2
2019-08-21 19:54:34,395 [pool-60-thread-1] INFO  server.RaftServerConfigKeys (ConfUtils.java:logGet(43)) - raft.server.log.queue.byte-limit = 2147483647 (custom)
2019-08-21 19:54:34,397 [pool-93-thread-1] INFO  server.RaftServerConfigKeys (ConfUtils.java:logGet(43)) - raft.server.log.queue.byte-limit = 2147483647 (custom)
2019-08-21 19:54:34,397 [pool-27-thread-1] INFO  server.RaftServerConfigKeys (ConfUtils.java:logGet(43)) - raft.server.log.preallocated.size = 16384 (custom)
2019-08-21 19:54:34,399 [pool-93-thread-1] INFO  server.RaftServerConfigKeys (ConfUtils.java:logGet(43)) - raft.server.log.queue.element-limit = 1024 (custom)
2019-08-21 19:54:34,397 [pool-60-thread-1] INFO  server.RaftServerConfigKeys (ConfUtils.java:logGet(43)) - raft.server.log.queue.element-limit = 1024 (custom)
2019-08-21 19:54:34,400 [pool-93-thread-1] INFO  server.RaftServerConfigKeys (ConfUtils.java:logGet(43)) - raft.server.log.segment.size.max = 1048576 (custom)
2019-08-21 19:54:34,400 [pool-27-thread-1] INFO  server.RaftServerConfigKeys (ConfUtils.java:logGet(43)) - raft.server.log.write.buffer.size = 33554432 (custom)
2019-08-21 19:54:34,400 [pool-93-thread-1] INFO  server.RaftServerConfigKeys (ConfUtils.java:logGet(43)) - raft.server.log.preallocated.size = 16384 (custom)
2019-08-21 19:54:34,400 [pool-60-thread-1] INFO  server.RaftServerConfigKeys (ConfUtils.java:logGet(43)) - raft.server.log.segment.size.max = 1048576 (custom)
2019-08-21 19:54:34,401 [pool-93-thread-1] INFO  server.RaftServerConfigKeys (ConfUtils.java:logGet(43)) - raft.server.log.write.buffer.size = 33554432 (custom)
2019-08-21 19:54:34,400 [pool-27-thread-1] INFO  server.RaftServerConfigKeys (ConfUtils.java:logGet(43)) - raft.server.log.force.sync.num = 128 (default)
2019-08-21 19:54:34,401 [pool-93-thread-1] INFO  server.RaftServerConfigKeys (ConfUtils.java:logGet(43)) - raft.server.log.force.sync.num = 128 (default)
2019-08-21 19:54:34,401 [pool-60-thread-1] INFO  server.RaftServerConfigKeys (ConfUtils.java:logGet(43)) - raft.server.log.preallocated.size = 16384 (custom)
2019-08-21 19:54:34,401 [pool-93-thread-1] INFO  server.RaftServerConfigKeys (ConfUtils.java:logGet(43)) - raft.server.log.statemachine.data.sync = true (default)
2019-08-21 19:54:34,401 [pool-27-thread-1] INFO  server.RaftServerConfigKeys (ConfUtils.java:logGet(43)) - raft.server.log.statemachine.data.sync = true (default)
2019-08-21 19:54:34,402 [pool-93-thread-1] INFO  server.RaftServerConfigKeys (ConfUtils.java:logGet(43)) - raft.server.log.statemachine.data.sync.timeout = 10s (default)
2019-08-21 19:54:34,401 [pool-60-thread-1] INFO  server.RaftServerConfigKeys (ConfUtils.java:logGet(43)) - raft.server.log.write.buffer.size = 33554432 (custom)
2019-08-21 19:54:34,402 [pool-93-thread-1] INFO  server.RaftServerConfigKeys (ConfUtils.java:logGet(43)) - raft.server.log.statemachine.data.sync.timeout.retry = -1 (default)
2019-08-21 19:54:34,402 [pool-27-thread-1] INFO  server.RaftServerConfigKeys (ConfUtils.java:logGet(43)) - raft.server.log.statemachine.data.sync.timeout = 10s (default)
2019-08-21 19:54:34,402 [pool-60-thread-1] INFO  server.RaftServerConfigKeys (ConfUtils.java:logGet(43)) - raft.server.log.force.sync.num = 128 (default)
2019-08-21 19:54:34,402 [pool-93-thread-1] INFO  server.RaftServerConfigKeys (ConfUtils.java:logGet(43)) - raft.server.log.statemachine.data.caching.enabled = true (custom)
2019-08-21 19:54:34,402 [pool-27-thread-1] INFO  server.RaftServerConfigKeys (ConfUtils.java:logGet(43)) - raft.server.log.statemachine.data.sync.timeout.retry = -1 (default)
2019-08-21 19:54:34,403 [pool-60-thread-1] INFO  server.RaftServerConfigKeys (ConfUtils.java:logGet(43)) - raft.server.log.statemachine.data.sync = true (default)
2019-08-21 19:54:34,403 [pool-27-thread-1] INFO  server.RaftServerConfigKeys (ConfUtils.java:logGet(43)) - raft.server.log.statemachine.data.caching.enabled = true (custom)
2019-08-21 19:54:34,403 [pool-60-thread-1] INFO  server.RaftServerConfigKeys (ConfUtils.java:logGet(43)) - raft.server.log.statemachine.data.sync.timeout = 10s (default)
2019-08-21 19:54:34,403 [pool-27-thread-1] INFO  segmented.SegmentedRaftLogWorker (SegmentedRaftLogWorker.java:lambda$new$0(132)) - 41bf33c2-016c-4465-8a22-47ae4a465f84-SegmentedRaftLogWorker:Storage Directory /workdir/hadoop-ozone/integration-test/target/test-dir/MiniOzoneClusterImpl-2406ea78-f822-4bca-8bbf-8046e2560e07/datanode-0/data/ratis/060cfebc-e082-4d9c-9330-637dfdd263c2: flushIndex: setUnconditionally 0 -> -1
2019-08-21 19:54:34,403 [pool-93-thread-1] INFO  segmented.SegmentedRaftLogWorker (SegmentedRaftLogWorker.java:lambda$new$0(132)) - f41f6f16-2e19-435e-9455-92a969fe9c75-SegmentedRaftLogWorker:Storage Directory /workdir/hadoop-ozone/integration-test/target/test-dir/MiniOzoneClusterImpl-2406ea78-f822-4bca-8bbf-8046e2560e07/datanode-6/data/ratis/060cfebc-e082-4d9c-9330-637dfdd263c2: flushIndex: setUnconditionally 0 -> -1
2019-08-21 19:54:34,404 [pool-27-thread-1] INFO  server.RaftServerConfigKeys (ConfUtils.java:logGet(43)) - raft.server.snapshot.auto.trigger.enabled = true (custom)
2019-08-21 19:54:34,404 [pool-60-thread-1] INFO  server.RaftServerConfigKeys (ConfUtils.java:logGet(43)) - raft.server.log.statemachine.data.sync.timeout.retry = -1 (default)
2019-08-21 19:54:34,404 [pool-93-thread-1] INFO  server.RaftServerConfigKeys (ConfUtils.java:logGet(43)) - raft.server.snapshot.auto.trigger.enabled = true (custom)
2019-08-21 19:54:34,404 [pool-60-thread-1] INFO  server.RaftServerConfigKeys (ConfUtils.java:logGet(43)) - raft.server.log.statemachine.data.caching.enabled = true (custom)
2019-08-21 19:54:34,404 [pool-27-thread-1] INFO  server.RaftServerConfigKeys (ConfUtils.java:logGet(43)) - raft.server.snapshot.auto.trigger.threshold = 10000 (custom)
2019-08-21 19:54:34,404 [pool-93-thread-1] INFO  server.RaftServerConfigKeys (ConfUtils.java:logGet(43)) - raft.server.snapshot.auto.trigger.threshold = 10000 (custom)
2019-08-21 19:54:34,405 [pool-27-thread-1] INFO  server.RaftServerConfigKeys (ConfUtils.java:logGet(43)) - raft.server.retrycache.expirytime = 600000ms (custom)
2019-08-21 19:54:34,405 [pool-93-thread-1] INFO  server.RaftServerConfigKeys (ConfUtils.java:logGet(43)) - raft.server.retrycache.expirytime = 600000ms (custom)
2019-08-21 19:54:34,405 [pool-60-thread-1] INFO  segmented.SegmentedRaftLogWorker (SegmentedRaftLogWorker.java:lambda$new$0(132)) - c1353731-fe9a-4fbe-979b-c923f11204b2-SegmentedRaftLogWorker:Storage Directory /workdir/hadoop-ozone/integration-test/target/test-dir/MiniOzoneClusterImpl-2406ea78-f822-4bca-8bbf-8046e2560e07/datanode-3/data/ratis/060cfebc-e082-4d9c-9330-637dfdd263c2: flushIndex: setUnconditionally 0 -> -1
2019-08-21 19:54:34,405 [pool-93-thread-1] INFO  impl.RaftServerImpl (RaftServerImpl.java:start(180)) - f41f6f16-2e19-435e-9455-92a969fe9c75: start group-637DFDD263C2
2019-08-21 19:54:34,405 [pool-27-thread-1] INFO  impl.RaftServerImpl (RaftServerImpl.java:start(180)) - 41bf33c2-016c-4465-8a22-47ae4a465f84: start group-637DFDD263C2
2019-08-21 19:54:34,405 [pool-60-thread-1] INFO  server.RaftServerConfigKeys (ConfUtils.java:logGet(43)) - raft.server.snapshot.auto.trigger.enabled = true (custom)
2019-08-21 19:54:34,405 [pool-93-thread-1] INFO  impl.RaftServerImpl (RaftServerImpl.java:setRole(171)) - f41f6f16-2e19-435e-9455-92a969fe9c75:group-637DFDD263C2 changes role from null to FOLLOWER at term 0 for startAsFollower
2019-08-21 19:54:34,406 [pool-60-thread-1] INFO  server.RaftServerConfigKeys (ConfUtils.java:logGet(43)) - raft.server.snapshot.auto.trigger.threshold = 10000 (custom)
2019-08-21 19:54:34,405 [pool-27-thread-1] INFO  impl.RaftServerImpl (RaftServerImpl.java:setRole(171)) - 41bf33c2-016c-4465-8a22-47ae4a465f84:group-637DFDD263C2 changes role from null to FOLLOWER at term 0 for startAsFollower
2019-08-21 19:54:34,406 [pool-93-thread-1] INFO  impl.RoleInfo (RoleInfo.java:updateAndGet(143)) - f41f6f16-2e19-435e-9455-92a969fe9c75: start FollowerState
2019-08-21 19:54:34,406 [pool-60-thread-1] INFO  server.RaftServerConfigKeys (ConfUtils.java:logGet(43)) - raft.server.retrycache.expirytime = 600000ms (custom)
2019-08-21 19:54:34,406 [pool-27-thread-1] INFO  impl.RoleInfo (RoleInfo.java:updateAndGet(143)) - 41bf33c2-016c-4465-8a22-47ae4a465f84: start FollowerState
2019-08-21 19:54:34,407 [pool-60-thread-1] INFO  impl.RaftServerImpl (RaftServerImpl.java:start(180)) - c1353731-fe9a-4fbe-979b-c923f11204b2: start group-637DFDD263C2
2019-08-21 19:54:34,407 [pool-93-thread-1] INFO  util.JmxRegister (JmxRegister.java:tryRegister(44)) - Successfully registered JMX Bean with object name Ratis:service=RaftServer,group=group-637DFDD263C2,id=f41f6f16-2e19-435e-9455-92a969fe9c75
2019-08-21 19:54:34,407 [pool-27-thread-1] INFO  util.JmxRegister (JmxRegister.java:tryRegister(44)) - Successfully registered JMX Bean with object name Ratis:service=RaftServer,group=group-637DFDD263C2,id=41bf33c2-016c-4465-8a22-47ae4a465f84
2019-08-21 19:54:34,407 [pool-60-thread-1] INFO  impl.RaftServerImpl (RaftServerImpl.java:setRole(171)) - c1353731-fe9a-4fbe-979b-c923f11204b2:group-637DFDD263C2 changes role from null to FOLLOWER at term 0 for startAsFollower
2019-08-21 19:54:34,407 [pool-60-thread-1] INFO  impl.RoleInfo (RoleInfo.java:updateAndGet(143)) - c1353731-fe9a-4fbe-979b-c923f11204b2: start FollowerState
2019-08-21 19:54:34,408 [pool-60-thread-1] INFO  util.JmxRegister (JmxRegister.java:tryRegister(44)) - Successfully registered JMX Bean with object name Ratis:service=RaftServer,group=group-637DFDD263C2,id=c1353731-fe9a-4fbe-979b-c923f11204b2
2019-08-21 19:54:34,430 [RatisPipelineUtilsThread] INFO  pipeline.PipelineStateManager (PipelineStateManager.java:addPipeline(56)) - Created pipeline Pipeline[ Id: 060cfebc-e082-4d9c-9330-637dfdd263c2, Nodes: c1353731-fe9a-4fbe-979b-c923f11204b2{ip: 192.168.157.235, host: pr-hdds-1347-9fd45-2937924148, networkLocation: /default-rack, certSerialId: null}f41f6f16-2e19-435e-9455-92a969fe9c75{ip: 192.168.157.235, host: pr-hdds-1347-9fd45-2937924148, networkLocation: /default-rack, certSerialId: null}41bf33c2-016c-4465-8a22-47ae4a465f84{ip: 192.168.157.235, host: pr-hdds-1347-9fd45-2937924148, networkLocation: /default-rack, certSerialId: null}, Type:RATIS, Factor:THREE, State:OPEN]
2019-08-21 19:54:34,463 | INFO  | SCMAudit | user=jenkins1000 | ip=192.168.157.235 | op=SEND_HEARTBEAT {datanodeUUID=41bf33c2-016c-4465-8a22-47ae4a465f84, command=[]} | ret=SUCCESS |  
2019-08-21 19:54:34,695 | INFO  | SCMAudit | user=jenkins1000 | ip=192.168.157.235 | op=SEND_HEARTBEAT {datanodeUUID=6277c58b-bba4-4a90-8476-1f26e751e8fd, command=[]} | ret=SUCCESS |  
2019-08-21 19:54:34,804 [main] INFO  ozone.MiniOzoneClusterImpl (MiniOzoneClusterImpl.java:lambda$waitForClusterToBeReady$0(142)) - Cluster is ready. Got 7 of 7 DN Heartbeats.
2019-08-21 19:54:35,169 [main] INFO  rpc.RpcClient (RpcClient.java:createVolume(292)) - Creating Volume: testblockoutputstream, with jenkins1000 as owner.
2019-08-21 19:54:35,200 | INFO  | OMAudit | user=jenkins1000 | ip=127.0.0.1 | op=CREATE_VOLUME {admin=jenkins1000, owner=jenkins1000, volume=testblockoutputstream, creationTime=1566417275194, quotaInBytes=1152921504606846976} | ret=SUCCESS |  
2019-08-21 19:54:35,231 | INFO  | SCMAudit | user=jenkins1000 | ip=192.168.157.235 | op=SEND_HEARTBEAT {datanodeUUID=0a974a71-c44d-4307-b33a-cd8175088c01, command=[]} | ret=SUCCESS |  
2019-08-21 19:54:35,231 | INFO  | SCMAudit | user=jenkins1000 | ip=192.168.157.235 | op=SEND_HEARTBEAT {datanodeUUID=c1353731-fe9a-4fbe-979b-c923f11204b2, command=[]} | ret=SUCCESS |  
2019-08-21 19:54:35,235 | INFO  | OMAudit | user=jenkins1000 | ip=127.0.0.1 | op=READ_VOLUME {volume=testblockoutputstream} | ret=SUCCESS |  
2019-08-21 19:54:35,241 [main] INFO  rpc.RpcClient (RpcClient.java:createBucket(431)) - Creating Bucket: testblockoutputstream/testblockoutputstream, with Versioning false and Storage Type set to DISK and Encryption set to false 
2019-08-21 19:54:35,264 | INFO  | OMAudit | user=jenkins1000 | ip=127.0.0.1 | op=CREATE_BUCKET {volume=testblockoutputstream, bucket=testblockoutputstream, acls=[user:jenkins1000:a[ACCESS], group:default:a[ACCESS]], isVersionEnabled=false, storageType=DISK, creationTime=0} | ret=SUCCESS |  
2019-08-21 19:54:35,273 [main] INFO  impl.MetricsSystemImpl (MetricsSystemImpl.java:init(158)) - XceiverClientMetrics metrics system started (again)
2019-08-21 19:54:35,285 | INFO  | OMAudit | user=jenkins1000 | ip=127.0.0.1 | op=READ_VOLUME {volume=testblockoutputstream} | ret=SUCCESS |  
2019-08-21 19:54:35,294 | INFO  | OMAudit | user=jenkins1000 | ip=127.0.0.1 | op=READ_BUCKET {volume=testblockoutputstream, bucket=testblockoutputstream} | ret=SUCCESS |  
2019-08-21 19:54:35,339 | INFO  | SCMAudit | user=jenkins1000 | ip=192.168.157.235 | op=SEND_HEARTBEAT {datanodeUUID=94b68f26-af36-483b-8a8e-f4fa83132938, command=[]} | ret=SUCCESS |  
2019-08-21 19:54:35,368 | INFO  | SCMAudit | user=jenkins1000 | ip=192.168.157.235 | op=ALLOCATE_BLOCK {owner=c02b51c5-3764-4385-8109-5a3a0fc25840, size=800, type=RATIS, factor=THREE} | ret=SUCCESS |  
2019-08-21 19:54:35,403 | INFO  | OMAudit | user=jenkins1000 | ip=127.0.0.1 | op=ALLOCATE_KEY {volume=testblockoutputstream, bucket=testblockoutputstream, key=84fc9499-27e2-4746-b338-4c40074788c9, dataSize=0, replicationType=RATIS, replicationFactor=THREE, keyLocationInfo=null} | ret=SUCCESS |  
2019-08-21 19:54:35,449 | INFO  | SCMAudit | user=jenkins1000 | ip=192.168.157.235 | op=SEND_HEARTBEAT {datanodeUUID=41bf33c2-016c-4465-8a22-47ae4a465f84, command=[]} | ret=SUCCESS |  
2019-08-21 19:54:35,507 [Thread-237] INFO  container.ReplicationManager (ReplicationManager.java:start(152)) - Starting Replication Monitor Thread.
2019-08-21 19:54:35,515 [ReplicationMonitor] INFO  container.ReplicationManager (ReplicationManager.java:run(215)) - Replication Monitor Thread took 4 milliseconds for processing 1 containers.
2019-08-21 19:54:35,558 [grpc-default-executor-0] INFO  client.GrpcClientProtocolClient (GrpcClientProtocolClient.java:onNext(255)) - client-AF8E0F1F125F->c1353731-fe9a-4fbe-979b-c923f11204b2: receive RaftClientReply:client-AF8E0F1F125F->c1353731-fe9a-4fbe-979b-c923f11204b2@group-637DFDD263C2, cid=13, FAILED org.apache.ratis.protocol.NotLeaderException: Server c1353731-fe9a-4fbe-979b-c923f11204b2 is not the leader (null). Request must be sent to leader., logIndex=0, commits[c1353731-fe9a-4fbe-979b-c923f11204b2:c-1]
2019-08-21 19:54:35,631 | INFO  | SCMAudit | user=jenkins1000 | ip=192.168.157.235 | op=SEND_HEARTBEAT {datanodeUUID=e7e5d5d3-98a0-491e-b656-94994244dcb6, command=[]} | ret=SUCCESS |  
2019-08-21 19:54:35,694 | INFO  | SCMAudit | user=jenkins1000 | ip=192.168.157.235 | op=SEND_HEARTBEAT {datanodeUUID=6277c58b-bba4-4a90-8476-1f26e751e8fd, command=[]} | ret=SUCCESS |  
2019-08-21 19:54:35,802 | INFO  | SCMAudit | user=jenkins1000 | ip=192.168.157.235 | op=SEND_HEARTBEAT {datanodeUUID=f41f6f16-2e19-435e-9455-92a969fe9c75, command=[]} | ret=SUCCESS |  
2019-08-21 19:54:36,233 | INFO  | SCMAudit | user=jenkins1000 | ip=192.168.157.235 | op=SEND_HEARTBEAT {datanodeUUID=0a974a71-c44d-4307-b33a-cd8175088c01, command=[]} | ret=SUCCESS |  
2019-08-21 19:54:36,233 | INFO  | SCMAudit | user=jenkins1000 | ip=192.168.157.235 | op=SEND_HEARTBEAT {datanodeUUID=c1353731-fe9a-4fbe-979b-c923f11204b2, command=[]} | ret=SUCCESS |  
2019-08-21 19:54:36,333 | INFO  | SCMAudit | user=jenkins1000 | ip=192.168.157.235 | op=SEND_HEARTBEAT {datanodeUUID=94b68f26-af36-483b-8a8e-f4fa83132938, command=[]} | ret=SUCCESS |  
2019-08-21 19:54:36,449 | INFO  | SCMAudit | user=jenkins1000 | ip=192.168.157.235 | op=SEND_HEARTBEAT {datanodeUUID=41bf33c2-016c-4465-8a22-47ae4a465f84, command=[]} | ret=SUCCESS |  
2019-08-21 19:54:36,612 [grpc-default-executor-2] INFO  client.GrpcClientProtocolClient (GrpcClientProtocolClient.java:onNext(255)) - client-AF8E0F1F125F->41bf33c2-016c-4465-8a22-47ae4a465f84: receive RaftClientReply:client-AF8E0F1F125F->41bf33c2-016c-4465-8a22-47ae4a465f84@group-637DFDD263C2, cid=13, FAILED org.apache.ratis.protocol.NotLeaderException: Server 41bf33c2-016c-4465-8a22-47ae4a465f84 is not the leader (null). Request must be sent to leader., logIndex=0, commits[41bf33c2-016c-4465-8a22-47ae4a465f84:c-1]
2019-08-21 19:54:36,631 | INFO  | SCMAudit | user=jenkins1000 | ip=192.168.157.235 | op=SEND_HEARTBEAT {datanodeUUID=e7e5d5d3-98a0-491e-b656-94994244dcb6, command=[]} | ret=SUCCESS |  
2019-08-21 19:54:36,694 | INFO  | SCMAudit | user=jenkins1000 | ip=192.168.157.235 | op=SEND_HEARTBEAT {datanodeUUID=6277c58b-bba4-4a90-8476-1f26e751e8fd, command=[]} | ret=SUCCESS |  
2019-08-21 19:54:36,803 | INFO  | SCMAudit | user=jenkins1000 | ip=192.168.157.235 | op=SEND_HEARTBEAT {datanodeUUID=f41f6f16-2e19-435e-9455-92a969fe9c75, command=[]} | ret=SUCCESS |  
2019-08-21 19:54:37,252 | INFO  | SCMAudit | user=jenkins1000 | ip=192.168.157.235 | op=SEND_HEARTBEAT {datanodeUUID=0a974a71-c44d-4307-b33a-cd8175088c01, command=[]} | ret=SUCCESS |  
2019-08-21 19:54:37,252 | INFO  | SCMAudit | user=jenkins1000 | ip=192.168.157.235 | op=SEND_HEARTBEAT {datanodeUUID=c1353731-fe9a-4fbe-979b-c923f11204b2, command=[]} | ret=SUCCESS |  
2019-08-21 19:54:37,331 | INFO  | SCMAudit | user=jenkins1000 | ip=192.168.157.235 | op=SEND_HEARTBEAT {datanodeUUID=94b68f26-af36-483b-8a8e-f4fa83132938, command=[]} | ret=SUCCESS |  
2019-08-21 19:54:37,447 | INFO  | SCMAudit | user=jenkins1000 | ip=192.168.157.235 | op=SEND_HEARTBEAT {datanodeUUID=41bf33c2-016c-4465-8a22-47ae4a465f84, command=[]} | ret=SUCCESS |  
2019-08-21 19:54:37,629 | INFO  | SCMAudit | user=jenkins1000 | ip=192.168.157.235 | op=SEND_HEARTBEAT {datanodeUUID=e7e5d5d3-98a0-491e-b656-94994244dcb6, command=[]} | ret=SUCCESS |  
2019-08-21 19:54:37,638 [grpc-default-executor-0] INFO  client.GrpcClientProtocolClient (GrpcClientProtocolClient.java:onNext(255)) - client-AF8E0F1F125F->c1353731-fe9a-4fbe-979b-c923f11204b2: receive RaftClientReply:client-AF8E0F1F125F->c1353731-fe9a-4fbe-979b-c923f11204b2@group-637DFDD263C2, cid=13, FAILED org.apache.ratis.protocol.NotLeaderException: Server c1353731-fe9a-4fbe-979b-c923f11204b2 is not the leader (null). Request must be sent to leader., logIndex=0, commits[c1353731-fe9a-4fbe-979b-c923f11204b2:c-1]
2019-08-21 19:54:37,693 | INFO  | SCMAudit | user=jenkins1000 | ip=192.168.157.235 | op=SEND_HEARTBEAT {datanodeUUID=6277c58b-bba4-4a90-8476-1f26e751e8fd, command=[]} | ret=SUCCESS |  
2019-08-21 19:54:37,802 | INFO  | SCMAudit | user=jenkins1000 | ip=192.168.157.235 | op=SEND_HEARTBEAT {datanodeUUID=f41f6f16-2e19-435e-9455-92a969fe9c75, command=[]} | ret=SUCCESS |  
2019-08-21 19:54:38,227 | INFO  | SCMAudit | user=jenkins1000 | ip=192.168.157.235 | op=SEND_HEARTBEAT {datanodeUUID=c1353731-fe9a-4fbe-979b-c923f11204b2, command=[]} | ret=SUCCESS |  
2019-08-21 19:54:38,227 | INFO  | SCMAudit | user=jenkins1000 | ip=192.168.157.235 | op=SEND_HEARTBEAT {datanodeUUID=0a974a71-c44d-4307-b33a-cd8175088c01, command=[]} | ret=SUCCESS |  
2019-08-21 19:54:38,331 | INFO  | SCMAudit | user=jenkins1000 | ip=192.168.157.235 | op=SEND_HEARTBEAT {datanodeUUID=94b68f26-af36-483b-8a8e-f4fa83132938, command=[]} | ret=SUCCESS |  
2019-08-21 19:54:38,448 | INFO  | SCMAudit | user=jenkins1000 | ip=192.168.157.235 | op=SEND_HEARTBEAT {datanodeUUID=41bf33c2-016c-4465-8a22-47ae4a465f84, command=[]} | ret=SUCCESS |  
2019-08-21 19:54:38,624 [Thread-239] INFO  impl.FollowerState (FollowerState.java:run(106)) - 41bf33c2-016c-4465-8a22-47ae4a465f84:group-30378B4A82F8 changes to CANDIDATE, lastRpcTime:5043, electionTimeout:5042ms
2019-08-21 19:54:38,627 [Thread-239] INFO  impl.RoleInfo (RoleInfo.java:shutdownFollowerState(121)) - 41bf33c2-016c-4465-8a22-47ae4a465f84: shutdown FollowerState
2019-08-21 19:54:38,628 [Thread-239] INFO  impl.RaftServerImpl (RaftServerImpl.java:setRole(171)) - 41bf33c2-016c-4465-8a22-47ae4a465f84:group-30378B4A82F8 changes role from FOLLOWER to CANDIDATE at term 0 for changeToCandidate
2019-08-21 19:54:38,629 | INFO  | SCMAudit | user=jenkins1000 | ip=192.168.157.235 | op=SEND_HEARTBEAT {datanodeUUID=e7e5d5d3-98a0-491e-b656-94994244dcb6, command=[]} | ret=SUCCESS |  
2019-08-21 19:54:38,635 [Thread-239] INFO  impl.RoleInfo (RoleInfo.java:updateAndGet(143)) - 41bf33c2-016c-4465-8a22-47ae4a465f84: start LeaderElection
2019-08-21 19:54:38,657 [41bf33c2-016c-4465-8a22-47ae4a465f84:group-30378B4A82F8:LeaderElection1] INFO  impl.LeaderElection (LeaderElection.java:askForVotes(181)) - 41bf33c2-016c-4465-8a22-47ae4a465f84:group-30378B4A82F8:LeaderElection1: begin an election at term 1 for -1: [41bf33c2-016c-4465-8a22-47ae4a465f84:192.168.157.235:41191], old=null
2019-08-21 19:54:38,662 [41bf33c2-016c-4465-8a22-47ae4a465f84:group-30378B4A82F8:LeaderElection1] INFO  impl.RoleInfo (RoleInfo.java:shutdownLeaderElection(134)) - 41bf33c2-016c-4465-8a22-47ae4a465f84: shutdown LeaderElection
2019-08-21 19:54:38,664 [41bf33c2-016c-4465-8a22-47ae4a465f84:group-30378B4A82F8:LeaderElection1] INFO  impl.RaftServerImpl (RaftServerImpl.java:setRole(171)) - 41bf33c2-016c-4465-8a22-47ae4a465f84:group-30378B4A82F8 changes role from CANDIDATE to LEADER at term 1 for changeToLeader
2019-08-21 19:54:38,665 [41bf33c2-016c-4465-8a22-47ae4a465f84:group-30378B4A82F8:LeaderElection1] INFO  impl.RaftServerImpl (ServerState.java:setLeader(263)) - 41bf33c2-016c-4465-8a22-47ae4a465f84:group-30378B4A82F8 change Leader from null to 41bf33c2-016c-4465-8a22-47ae4a465f84 at term 1 for becomeLeader, leader elected after 5160ms
2019-08-21 19:54:38,673 [grpc-default-executor-2] INFO  client.GrpcClientProtocolClient (GrpcClientProtocolClient.java:onNext(255)) - client-AF8E0F1F125F->f41f6f16-2e19-435e-9455-92a969fe9c75: receive RaftClientReply:client-AF8E0F1F125F->f41f6f16-2e19-435e-9455-92a969fe9c75@group-637DFDD263C2, cid=13, FAILED org.apache.ratis.protocol.NotLeaderException: Server f41f6f16-2e19-435e-9455-92a969fe9c75 is not the leader (null). Request must be sent to leader., logIndex=0, commits[f41f6f16-2e19-435e-9455-92a969fe9c75:c-1]
2019-08-21 19:54:38,689 [41bf33c2-016c-4465-8a22-47ae4a465f84:group-30378B4A82F8:LeaderElection1] INFO  server.RaftServerConfigKeys (ConfUtils.java:logGet(43)) - raft.server.staging.catchup.gap = 1000 (default)
2019-08-21 19:54:38,689 [41bf33c2-016c-4465-8a22-47ae4a465f84:group-30378B4A82F8:LeaderElection1] INFO  server.RaftServerConfigKeys (ConfUtils.java:logGet(43)) - raft.server.rpc.sleep.time = 25ms (default)
2019-08-21 19:54:38,693 | INFO  | SCMAudit | user=jenkins1000 | ip=192.168.157.235 | op=SEND_HEARTBEAT {datanodeUUID=6277c58b-bba4-4a90-8476-1f26e751e8fd, command=[]} | ret=SUCCESS |  
2019-08-21 19:54:38,693 [41bf33c2-016c-4465-8a22-47ae4a465f84:group-30378B4A82F8:LeaderElection1] INFO  server.RaftServerConfigKeys (ConfUtils.java:logGet(43)) - raft.server.write.element-limit = 4096 (default)
2019-08-21 19:54:38,698 [41bf33c2-016c-4465-8a22-47ae4a465f84:group-30378B4A82F8:LeaderElection1] INFO  server.RaftServerConfigKeys (ConfUtils.java:logGet(43)) - raft.server.watch.timeout = 10s (default)
2019-08-21 19:54:38,698 [41bf33c2-016c-4465-8a22-47ae4a465f84:group-30378B4A82F8:LeaderElection1] INFO  server.RaftServerConfigKeys (ConfUtils.java:logGet(43)) - raft.server.watch.timeout.denomination = 1s (default)
2019-08-21 19:54:38,700 [41bf33c2-016c-4465-8a22-47ae4a465f84:group-30378B4A82F8:LeaderElection1] INFO  server.RaftServerConfigKeys (ConfUtils.java:logGet(43)) - raft.server.watch.element-limit = 65536 (default)
2019-08-21 19:54:38,712 [41bf33c2-016c-4465-8a22-47ae4a465f84:group-30378B4A82F8:LeaderElection1] INFO  impl.RoleInfo (RoleInfo.java:updateAndGet(143)) - 41bf33c2-016c-4465-8a22-47ae4a465f84: start LeaderState
2019-08-21 19:54:38,747 [41bf33c2-016c-4465-8a22-47ae4a465f84:group-30378B4A82F8:LeaderElection1] INFO  segmented.SegmentedRaftLogWorker (SegmentedRaftLogWorker.java:startLogSegment(380)) - 41bf33c2-016c-4465-8a22-47ae4a465f84-SegmentedRaftLogWorker:Storage Directory /workdir/hadoop-ozone/integration-test/target/test-dir/MiniOzoneClusterImpl-2406ea78-f822-4bca-8bbf-8046e2560e07/datanode-0/data/ratis/8c26c0fe-164f-41e5-8dfb-30378b4a82f8: Starting segment from index:0
2019-08-21 19:54:38,763 [41bf33c2-016c-4465-8a22-47ae4a465f84:group-30378B4A82F8:LeaderElection1] INFO  impl.RaftServerImpl (ServerState.java:setRaftConf(361)) - 41bf33c2-016c-4465-8a22-47ae4a465f84:group-30378B4A82F8 set configuration 0: [41bf33c2-016c-4465-8a22-47ae4a465f84:192.168.157.235:41191], old=null at 0
2019-08-21 19:54:38,802 | INFO  | SCMAudit | user=jenkins1000 | ip=192.168.157.235 | op=SEND_HEARTBEAT {datanodeUUID=f41f6f16-2e19-435e-9455-92a969fe9c75, command=[]} | ret=SUCCESS |  
2019-08-21 19:54:38,914 [Thread-242] INFO  impl.FollowerState (FollowerState.java:run(106)) - 94b68f26-af36-483b-8a8e-f4fa83132938:group-73757DEEE1E9 changes to CANDIDATE, lastRpcTime:5153, electionTimeout:5152ms
2019-08-21 19:54:38,920 [Thread-242] INFO  impl.RoleInfo (RoleInfo.java:shutdownFollowerState(121)) - 94b68f26-af36-483b-8a8e-f4fa83132938: shutdown FollowerState
2019-08-21 19:54:38,920 [Thread-242] INFO  impl.RaftServerImpl (RaftServerImpl.java:setRole(171)) - 94b68f26-af36-483b-8a8e-f4fa83132938:group-73757DEEE1E9 changes role from FOLLOWER to CANDIDATE at term 0 for changeToCandidate
2019-08-21 19:54:38,920 [Thread-242] INFO  impl.RoleInfo (RoleInfo.java:updateAndGet(143)) - 94b68f26-af36-483b-8a8e-f4fa83132938: start LeaderElection
2019-08-21 19:54:38,932 [41bf33c2-016c-4465-8a22-47ae4a465f84-SegmentedRaftLogWorker:Storage Directory /workdir/hadoop-ozone/integration-test/target/test-dir/MiniOzoneClusterImpl-2406ea78-f822-4bca-8bbf-8046e2560e07/datanode-0/data/ratis/8c26c0fe-164f-41e5-8dfb-30378b4a82f8] INFO  segmented.SegmentedRaftLogWorker (SegmentedRaftLogWorker.java:execute(569)) - 41bf33c2-016c-4465-8a22-47ae4a465f84-SegmentedRaftLogWorker:Storage Directory /workdir/hadoop-ozone/integration-test/target/test-dir/MiniOzoneClusterImpl-2406ea78-f822-4bca-8bbf-8046e2560e07/datanode-0/data/ratis/8c26c0fe-164f-41e5-8dfb-30378b4a82f8: created new log segment /workdir/hadoop-ozone/integration-test/target/test-dir/MiniOzoneClusterImpl-2406ea78-f822-4bca-8bbf-8046e2560e07/datanode-0/data/ratis/8c26c0fe-164f-41e5-8dfb-30378b4a82f8/current/log_inprogress_0
2019-08-21 19:54:38,932 [94b68f26-af36-483b-8a8e-f4fa83132938:group-73757DEEE1E9:LeaderElection2] INFO  impl.LeaderElection (LeaderElection.java:askForVotes(181)) - 94b68f26-af36-483b-8a8e-f4fa83132938:group-73757DEEE1E9:LeaderElection2: begin an election at term 1 for -1: [94b68f26-af36-483b-8a8e-f4fa83132938:192.168.157.235:41789], old=null
2019-08-21 19:54:38,934 [94b68f26-af36-483b-8a8e-f4fa83132938:group-73757DEEE1E9:LeaderElection2] INFO  impl.RoleInfo (RoleInfo.java:shutdownLeaderElection(134)) - 94b68f26-af36-483b-8a8e-f4fa83132938: shutdown LeaderElection
2019-08-21 19:54:38,935 [94b68f26-af36-483b-8a8e-f4fa83132938:group-73757DEEE1E9:LeaderElection2] INFO  impl.RaftServerImpl (RaftServerImpl.java:setRole(171)) - 94b68f26-af36-483b-8a8e-f4fa83132938:group-73757DEEE1E9 changes role from CANDIDATE to LEADER at term 1 for changeToLeader
2019-08-21 19:54:38,935 [94b68f26-af36-483b-8a8e-f4fa83132938:group-73757DEEE1E9:LeaderElection2] INFO  impl.RaftServerImpl (ServerState.java:setLeader(263)) - 94b68f26-af36-483b-8a8e-f4fa83132938:group-73757DEEE1E9 change Leader from null to 94b68f26-af36-483b-8a8e-f4fa83132938 at term 1 for becomeLeader, leader elected after 5183ms
2019-08-21 19:54:38,936 [94b68f26-af36-483b-8a8e-f4fa83132938:group-73757DEEE1E9:LeaderElection2] INFO  server.RaftServerConfigKeys (ConfUtils.java:logGet(43)) - raft.server.staging.catchup.gap = 1000 (default)
2019-08-21 19:54:38,937 [94b68f26-af36-483b-8a8e-f4fa83132938:group-73757DEEE1E9:LeaderElection2] INFO  server.RaftServerConfigKeys (ConfUtils.java:logGet(43)) - raft.server.rpc.sleep.time = 25ms (default)
2019-08-21 19:54:38,937 [94b68f26-af36-483b-8a8e-f4fa83132938:group-73757DEEE1E9:LeaderElection2] INFO  server.RaftServerConfigKeys (ConfUtils.java:logGet(43)) - raft.server.write.element-limit = 4096 (default)
2019-08-21 19:54:38,937 [94b68f26-af36-483b-8a8e-f4fa83132938:group-73757DEEE1E9:LeaderElection2] INFO  server.RaftServerConfigKeys (ConfUtils.java:logGet(43)) - raft.server.watch.timeout = 10s (default)
2019-08-21 19:54:38,938 [94b68f26-af36-483b-8a8e-f4fa83132938:group-73757DEEE1E9:LeaderElection2] INFO  server.RaftServerConfigKeys (ConfUtils.java:logGet(43)) - raft.server.watch.timeout.denomination = 1s (default)
2019-08-21 19:54:38,938 [94b68f26-af36-483b-8a8e-f4fa83132938:group-73757DEEE1E9:LeaderElection2] INFO  server.RaftServerConfigKeys (ConfUtils.java:logGet(43)) - raft.server.watch.element-limit = 65536 (default)
2019-08-21 19:54:38,938 [94b68f26-af36-483b-8a8e-f4fa83132938:group-73757DEEE1E9:LeaderElection2] INFO  impl.RoleInfo (RoleInfo.java:updateAndGet(143)) - 94b68f26-af36-483b-8a8e-f4fa83132938: start LeaderState
2019-08-21 19:54:38,938 [94b68f26-af36-483b-8a8e-f4fa83132938:group-73757DEEE1E9:LeaderElection2] INFO  segmented.SegmentedRaftLogWorker (SegmentedRaftLogWorker.java:startLogSegment(380)) - 94b68f26-af36-483b-8a8e-f4fa83132938-SegmentedRaftLogWorker:Storage Directory /workdir/hadoop-ozone/integration-test/target/test-dir/MiniOzoneClusterImpl-2406ea78-f822-4bca-8bbf-8046e2560e07/datanode-4/data/ratis/b0a3bee5-9c5c-48dc-b3a0-73757deee1e9: Starting segment from index:0
2019-08-21 19:54:38,939 [94b68f26-af36-483b-8a8e-f4fa83132938:group-73757DEEE1E9:LeaderElection2] INFO  impl.RaftServerImpl (ServerState.java:setRaftConf(361)) - 94b68f26-af36-483b-8a8e-f4fa83132938:group-73757DEEE1E9 set configuration 0: [94b68f26-af36-483b-8a8e-f4fa83132938:192.168.157.235:41789], old=null at 0
2019-08-21 19:54:38,980 [94b68f26-af36-483b-8a8e-f4fa83132938-SegmentedRaftLogWorker:Storage Directory /workdir/hadoop-ozone/integration-test/target/test-dir/MiniOzoneClusterImpl-2406ea78-f822-4bca-8bbf-8046e2560e07/datanode-4/data/ratis/b0a3bee5-9c5c-48dc-b3a0-73757deee1e9] INFO  segmented.SegmentedRaftLogWorker (SegmentedRaftLogWorker.java:execute(569)) - 94b68f26-af36-483b-8a8e-f4fa83132938-SegmentedRaftLogWorker:Storage Directory /workdir/hadoop-ozone/integration-test/target/test-dir/MiniOzoneClusterImpl-2406ea78-f822-4bca-8bbf-8046e2560e07/datanode-4/data/ratis/b0a3bee5-9c5c-48dc-b3a0-73757deee1e9: created new log segment /workdir/hadoop-ozone/integration-test/target/test-dir/MiniOzoneClusterImpl-2406ea78-f822-4bca-8bbf-8046e2560e07/datanode-4/data/ratis/b0a3bee5-9c5c-48dc-b3a0-73757deee1e9/current/log_inprogress_0
2019-08-21 19:54:39,008 [Thread-245] INFO  impl.FollowerState (FollowerState.java:run(106)) - 6277c58b-bba4-4a90-8476-1f26e751e8fd:group-5534A011A599 changes to CANDIDATE, lastRpcTime:5147, electionTimeout:5147ms
2019-08-21 19:54:39,011 [Thread-245] INFO  impl.RoleInfo (RoleInfo.java:shutdownFollowerState(121)) - 6277c58b-bba4-4a90-8476-1f26e751e8fd: shutdown FollowerState
2019-08-21 19:54:39,011 [Thread-245] INFO  impl.RaftServerImpl (RaftServerImpl.java:setRole(171)) - 6277c58b-bba4-4a90-8476-1f26e751e8fd:group-5534A011A599 changes role from FOLLOWER to CANDIDATE at term 0 for changeToCandidate
2019-08-21 19:54:39,012 [Thread-245] INFO  impl.RoleInfo (RoleInfo.java:updateAndGet(143)) - 6277c58b-bba4-4a90-8476-1f26e751e8fd: start LeaderElection
2019-08-21 19:54:39,032 [6277c58b-bba4-4a90-8476-1f26e751e8fd:group-5534A011A599:LeaderElection3] INFO  impl.LeaderElection (LeaderElection.java:askForVotes(181)) - 6277c58b-bba4-4a90-8476-1f26e751e8fd:group-5534A011A599:LeaderElection3: begin an election at term 1 for -1: [6277c58b-bba4-4a90-8476-1f26e751e8fd:192.168.157.235:39719], old=null
2019-08-21 19:54:39,034 [6277c58b-bba4-4a90-8476-1f26e751e8fd:group-5534A011A599:LeaderElection3] INFO  impl.RoleInfo (RoleInfo.java:shutdownLeaderElection(134)) - 6277c58b-bba4-4a90-8476-1f26e751e8fd: shutdown LeaderElection
2019-08-21 19:54:39,034 [6277c58b-bba4-4a90-8476-1f26e751e8fd:group-5534A011A599:LeaderElection3] INFO  impl.RaftServerImpl (RaftServerImpl.java:setRole(171)) - 6277c58b-bba4-4a90-8476-1f26e751e8fd:group-5534A011A599 changes role from CANDIDATE to LEADER at term 1 for changeToLeader
2019-08-21 19:54:39,034 [6277c58b-bba4-4a90-8476-1f26e751e8fd:group-5534A011A599:LeaderElection3] INFO  impl.RaftServerImpl (ServerState.java:setLeader(263)) - 6277c58b-bba4-4a90-8476-1f26e751e8fd:group-5534A011A599 change Leader from null to 6277c58b-bba4-4a90-8476-1f26e751e8fd at term 1 for becomeLeader, leader elected after 5179ms
2019-08-21 19:54:39,035 [6277c58b-bba4-4a90-8476-1f26e751e8fd:group-5534A011A599:LeaderElection3] INFO  server.RaftServerConfigKeys (ConfUtils.java:logGet(43)) - raft.server.staging.catchup.gap = 1000 (default)
2019-08-21 19:54:39,035 [6277c58b-bba4-4a90-8476-1f26e751e8fd:group-5534A011A599:LeaderElection3] INFO  server.RaftServerConfigKeys (ConfUtils.java:logGet(43)) - raft.server.rpc.sleep.time = 25ms (default)
2019-08-21 19:54:39,035 [6277c58b-bba4-4a90-8476-1f26e751e8fd:group-5534A011A599:LeaderElection3] INFO  server.RaftServerConfigKeys (ConfUtils.java:logGet(43)) - raft.server.write.element-limit = 4096 (default)
2019-08-21 19:54:39,036 [6277c58b-bba4-4a90-8476-1f26e751e8fd:group-5534A011A599:LeaderElection3] INFO  server.RaftServerConfigKeys (ConfUtils.java:logGet(43)) - raft.server.watch.timeout = 10s (default)
2019-08-21 19:54:39,036 [6277c58b-bba4-4a90-8476-1f26e751e8fd:group-5534A011A599:LeaderElection3] INFO  server.RaftServerConfigKeys (ConfUtils.java:logGet(43)) - raft.server.watch.timeout.denomination = 1s (default)
2019-08-21 19:54:39,036 [6277c58b-bba4-4a90-8476-1f26e751e8fd:group-5534A011A599:LeaderElection3] INFO  server.RaftServerConfigKeys (ConfUtils.java:logGet(43)) - raft.server.watch.element-limit = 65536 (default)
2019-08-21 19:54:39,036 [6277c58b-bba4-4a90-8476-1f26e751e8fd:group-5534A011A599:LeaderElection3] INFO  impl.RoleInfo (RoleInfo.java:updateAndGet(143)) - 6277c58b-bba4-4a90-8476-1f26e751e8fd: start LeaderState
2019-08-21 19:54:39,036 [6277c58b-bba4-4a90-8476-1f26e751e8fd:group-5534A011A599:LeaderElection3] INFO  segmented.SegmentedRaftLogWorker (SegmentedRaftLogWorker.java:startLogSegment(380)) - 6277c58b-bba4-4a90-8476-1f26e751e8fd-SegmentedRaftLogWorker:Storage Directory /workdir/hadoop-ozone/integration-test/target/test-dir/MiniOzoneClusterImpl-2406ea78-f822-4bca-8bbf-8046e2560e07/datanode-1/data/ratis/1a53c185-2f4b-475e-a471-5534a011a599: Starting segment from index:0
2019-08-21 19:54:39,037 [6277c58b-bba4-4a90-8476-1f26e751e8fd:group-5534A011A599:LeaderElection3] INFO  impl.RaftServerImpl (ServerState.java:setRaftConf(361)) - 6277c58b-bba4-4a90-8476-1f26e751e8fd:group-5534A011A599 set configuration 0: [6277c58b-bba4-4a90-8476-1f26e751e8fd:192.168.157.235:39719], old=null at 0
2019-08-21 19:54:39,078 [6277c58b-bba4-4a90-8476-1f26e751e8fd-SegmentedRaftLogWorker:Storage Directory /workdir/hadoop-ozone/integration-test/target/test-dir/MiniOzoneClusterImpl-2406ea78-f822-4bca-8bbf-8046e2560e07/datanode-1/data/ratis/1a53c185-2f4b-475e-a471-5534a011a599] INFO  segmented.SegmentedRaftLogWorker (SegmentedRaftLogWorker.java:execute(569)) - 6277c58b-bba4-4a90-8476-1f26e751e8fd-SegmentedRaftLogWorker:Storage Directory /workdir/hadoop-ozone/integration-test/target/test-dir/MiniOzoneClusterImpl-2406ea78-f822-4bca-8bbf-8046e2560e07/datanode-1/data/ratis/1a53c185-2f4b-475e-a471-5534a011a599: created new log segment /workdir/hadoop-ozone/integration-test/target/test-dir/MiniOzoneClusterImpl-2406ea78-f822-4bca-8bbf-8046e2560e07/datanode-1/data/ratis/1a53c185-2f4b-475e-a471-5534a011a599/current/log_inprogress_0
2019-08-21 19:54:39,081 [Thread-248] INFO  impl.FollowerState (FollowerState.java:run(106)) - e7e5d5d3-98a0-491e-b656-94994244dcb6:group-C1250954813B changes to CANDIDATE, lastRpcTime:5139, electionTimeout:5139ms
2019-08-21 19:54:39,081 [Thread-248] INFO  impl.RoleInfo (RoleInfo.java:shutdownFollowerState(121)) - e7e5d5d3-98a0-491e-b656-94994244dcb6: shutdown FollowerState
2019-08-21 19:54:39,081 [Thread-248] INFO  impl.RaftServerImpl (RaftServerImpl.java:setRole(171)) - e7e5d5d3-98a0-491e-b656-94994244dcb6:group-C1250954813B changes role from FOLLOWER to CANDIDATE at term 0 for changeToCandidate
2019-08-21 19:54:39,082 [Thread-248] INFO  impl.RoleInfo (RoleInfo.java:updateAndGet(143)) - e7e5d5d3-98a0-491e-b656-94994244dcb6: start LeaderElection
2019-08-21 19:54:39,091 [e7e5d5d3-98a0-491e-b656-94994244dcb6:group-C1250954813B:LeaderElection4] INFO  impl.LeaderElection (LeaderElection.java:askForVotes(181)) - e7e5d5d3-98a0-491e-b656-94994244dcb6:group-C1250954813B:LeaderElection4: begin an election at term 1 for -1: [e7e5d5d3-98a0-491e-b656-94994244dcb6:192.168.157.235:39463], old=null
2019-08-21 19:54:39,092 [e7e5d5d3-98a0-491e-b656-94994244dcb6:group-C1250954813B:LeaderElection4] INFO  impl.RoleInfo (RoleInfo.java:shutdownLeaderElection(134)) - e7e5d5d3-98a0-491e-b656-94994244dcb6: shutdown LeaderElection
2019-08-21 19:54:39,093 [e7e5d5d3-98a0-491e-b656-94994244dcb6:group-C1250954813B:LeaderElection4] INFO  impl.RaftServerImpl (RaftServerImpl.java:setRole(171)) - e7e5d5d3-98a0-491e-b656-94994244dcb6:group-C1250954813B changes role from CANDIDATE to LEADER at term 1 for changeToLeader
2019-08-21 19:54:39,093 [e7e5d5d3-98a0-491e-b656-94994244dcb6:group-C1250954813B:LeaderElection4] INFO  impl.RaftServerImpl (ServerState.java:setLeader(263)) - e7e5d5d3-98a0-491e-b656-94994244dcb6:group-C1250954813B change Leader from null to e7e5d5d3-98a0-491e-b656-94994244dcb6 at term 1 for becomeLeader, leader elected after 5156ms
2019-08-21 19:54:39,094 [e7e5d5d3-98a0-491e-b656-94994244dcb6:group-C1250954813B:LeaderElection4] INFO  server.RaftServerConfigKeys (ConfUtils.java:logGet(43)) - raft.server.staging.catchup.gap = 1000 (default)
2019-08-21 19:54:39,094 [e7e5d5d3-98a0-491e-b656-94994244dcb6:group-C1250954813B:LeaderElection4] INFO  server.RaftServerConfigKeys (ConfUtils.java:logGet(43)) - raft.server.rpc.sleep.time = 25ms (default)
2019-08-21 19:54:39,094 [e7e5d5d3-98a0-491e-b656-94994244dcb6:group-C1250954813B:LeaderElection4] INFO  server.RaftServerConfigKeys (ConfUtils.java:logGet(43)) - raft.server.write.element-limit = 4096 (default)
2019-08-21 19:54:39,094 [e7e5d5d3-98a0-491e-b656-94994244dcb6:group-C1250954813B:LeaderElection4] INFO  server.RaftServerConfigKeys (ConfUtils.java:logGet(43)) - raft.server.watch.timeout = 10s (default)
2019-08-21 19:54:39,095 [e7e5d5d3-98a0-491e-b656-94994244dcb6:group-C1250954813B:LeaderElection4] INFO  server.RaftServerConfigKeys (ConfUtils.java:logGet(43)) - raft.server.watch.timeout.denomination = 1s (default)
2019-08-21 19:54:39,095 [e7e5d5d3-98a0-491e-b656-94994244dcb6:group-C1250954813B:LeaderElection4] INFO  server.RaftServerConfigKeys (ConfUtils.java:logGet(43)) - raft.server.watch.element-limit = 65536 (default)
2019-08-21 19:54:39,095 [e7e5d5d3-98a0-491e-b656-94994244dcb6:group-C1250954813B:LeaderElection4] INFO  impl.RoleInfo (RoleInfo.java:updateAndGet(143)) - e7e5d5d3-98a0-491e-b656-94994244dcb6: start LeaderState
2019-08-21 19:54:39,095 [e7e5d5d3-98a0-491e-b656-94994244dcb6:group-C1250954813B:LeaderElection4] INFO  segmented.SegmentedRaftLogWorker (SegmentedRaftLogWorker.java:startLogSegment(380)) - e7e5d5d3-98a0-491e-b656-94994244dcb6-SegmentedRaftLogWorker:Storage Directory /workdir/hadoop-ozone/integration-test/target/test-dir/MiniOzoneClusterImpl-2406ea78-f822-4bca-8bbf-8046e2560e07/datanode-5/data/ratis/1fc19d74-6ea2-4c54-90a6-c1250954813b: Starting segment from index:0
2019-08-21 19:54:39,096 [e7e5d5d3-98a0-491e-b656-94994244dcb6:group-C1250954813B:LeaderElection4] INFO  impl.RaftServerImpl (ServerState.java:setRaftConf(361)) - e7e5d5d3-98a0-491e-b656-94994244dcb6:group-C1250954813B set configuration 0: [e7e5d5d3-98a0-491e-b656-94994244dcb6:192.168.157.235:39463], old=null at 0
2019-08-21 19:54:39,127 [Thread-251] INFO  impl.FollowerState (FollowerState.java:run(106)) - c1353731-fe9a-4fbe-979b-c923f11204b2:group-78A5143FAA93 changes to CANDIDATE, lastRpcTime:5099, electionTimeout:5098ms
2019-08-21 19:54:39,127 [Thread-251] INFO  impl.RoleInfo (RoleInfo.java:shutdownFollowerState(121)) - c1353731-fe9a-4fbe-979b-c923f11204b2: shutdown FollowerState
2019-08-21 19:54:39,128 [Thread-251] INFO  impl.RaftServerImpl (RaftServerImpl.java:setRole(171)) - c1353731-fe9a-4fbe-979b-c923f11204b2:group-78A5143FAA93 changes role from FOLLOWER to CANDIDATE at term 0 for changeToCandidate
2019-08-21 19:54:39,128 [Thread-251] INFO  impl.RoleInfo (RoleInfo.java:updateAndGet(143)) - c1353731-fe9a-4fbe-979b-c923f11204b2: start LeaderElection
2019-08-21 19:54:39,140 [e7e5d5d3-98a0-491e-b656-94994244dcb6-SegmentedRaftLogWorker:Storage Directory /workdir/hadoop-ozone/integration-test/target/test-dir/MiniOzoneClusterImpl-2406ea78-f822-4bca-8bbf-8046e2560e07/datanode-5/data/ratis/1fc19d74-6ea2-4c54-90a6-c1250954813b] INFO  segmented.SegmentedRaftLogWorker (SegmentedRaftLogWorker.java:execute(569)) - e7e5d5d3-98a0-491e-b656-94994244dcb6-SegmentedRaftLogWorker:Storage Directory /workdir/hadoop-ozone/integration-test/target/test-dir/MiniOzoneClusterImpl-2406ea78-f822-4bca-8bbf-8046e2560e07/datanode-5/data/ratis/1fc19d74-6ea2-4c54-90a6-c1250954813b: created new log segment /workdir/hadoop-ozone/integration-test/target/test-dir/MiniOzoneClusterImpl-2406ea78-f822-4bca-8bbf-8046e2560e07/datanode-5/data/ratis/1fc19d74-6ea2-4c54-90a6-c1250954813b/current/log_inprogress_0
2019-08-21 19:54:39,140 [c1353731-fe9a-4fbe-979b-c923f11204b2:group-78A5143FAA93:LeaderElection5] INFO  impl.LeaderElection (LeaderElection.java:askForVotes(181)) - c1353731-fe9a-4fbe-979b-c923f11204b2:group-78A5143FAA93:LeaderElection5: begin an election at term 1 for -1: [c1353731-fe9a-4fbe-979b-c923f11204b2:192.168.157.235:40413], old=null
2019-08-21 19:54:39,140 [c1353731-fe9a-4fbe-979b-c923f11204b2:group-78A5143FAA93:LeaderElection5] INFO  impl.RoleInfo (RoleInfo.java:shutdownLeaderElection(134)) - c1353731-fe9a-4fbe-979b-c923f11204b2: shutdown LeaderElection
2019-08-21 19:54:39,140 [c1353731-fe9a-4fbe-979b-c923f11204b2:group-78A5143FAA93:LeaderElection5] INFO  impl.RaftServerImpl (RaftServerImpl.java:setRole(171)) - c1353731-fe9a-4fbe-979b-c923f11204b2:group-78A5143FAA93 changes role from CANDIDATE to LEADER at term 1 for changeToLeader
2019-08-21 19:54:39,141 [c1353731-fe9a-4fbe-979b-c923f11204b2:group-78A5143FAA93:LeaderElection5] INFO  impl.RaftServerImpl (ServerState.java:setLeader(263)) - c1353731-fe9a-4fbe-979b-c923f11204b2:group-78A5143FAA93 change Leader from null to c1353731-fe9a-4fbe-979b-c923f11204b2 at term 1 for becomeLeader, leader elected after 5118ms
2019-08-21 19:54:39,142 [c1353731-fe9a-4fbe-979b-c923f11204b2:group-78A5143FAA93:LeaderElection5] INFO  server.RaftServerConfigKeys (ConfUtils.java:logGet(43)) - raft.server.staging.catchup.gap = 1000 (default)
2019-08-21 19:54:39,142 [c1353731-fe9a-4fbe-979b-c923f11204b2:group-78A5143FAA93:LeaderElection5] INFO  server.RaftServerConfigKeys (ConfUtils.java:logGet(43)) - raft.server.rpc.sleep.time = 25ms (default)
2019-08-21 19:54:39,142 [c1353731-fe9a-4fbe-979b-c923f11204b2:group-78A5143FAA93:LeaderElection5] INFO  server.RaftServerConfigKeys (ConfUtils.java:logGet(43)) - raft.server.write.element-limit = 4096 (default)
2019-08-21 19:54:39,142 [c1353731-fe9a-4fbe-979b-c923f11204b2:group-78A5143FAA93:LeaderElection5] INFO  server.RaftServerConfigKeys (ConfUtils.java:logGet(43)) - raft.server.watch.timeout = 10s (default)
2019-08-21 19:54:39,143 [c1353731-fe9a-4fbe-979b-c923f11204b2:group-78A5143FAA93:LeaderElection5] INFO  server.RaftServerConfigKeys (ConfUtils.java:logGet(43)) - raft.server.watch.timeout.denomination = 1s (default)
2019-08-21 19:54:39,143 [c1353731-fe9a-4fbe-979b-c923f11204b2:group-78A5143FAA93:LeaderElection5] INFO  server.RaftServerConfigKeys (ConfUtils.java:logGet(43)) - raft.server.watch.element-limit = 65536 (default)
2019-08-21 19:54:39,143 [c1353731-fe9a-4fbe-979b-c923f11204b2:group-78A5143FAA93:LeaderElection5] INFO  impl.RoleInfo (RoleInfo.java:updateAndGet(143)) - c1353731-fe9a-4fbe-979b-c923f11204b2: start LeaderState
2019-08-21 19:54:39,143 [c1353731-fe9a-4fbe-979b-c923f11204b2:group-78A5143FAA93:LeaderElection5] INFO  segmented.SegmentedRaftLogWorker (SegmentedRaftLogWorker.java:startLogSegment(380)) - c1353731-fe9a-4fbe-979b-c923f11204b2-SegmentedRaftLogWorker:Storage Directory /workdir/hadoop-ozone/integration-test/target/test-dir/MiniOzoneClusterImpl-2406ea78-f822-4bca-8bbf-8046e2560e07/datanode-3/data/ratis/7d82123f-85c7-4c30-92d9-78a5143faa93: Starting segment from index:0
2019-08-21 19:54:39,144 [c1353731-fe9a-4fbe-979b-c923f11204b2:group-78A5143FAA93:LeaderElection5] INFO  impl.RaftServerImpl (ServerState.java:setRaftConf(361)) - c1353731-fe9a-4fbe-979b-c923f11204b2:group-78A5143FAA93 set configuration 0: [c1353731-fe9a-4fbe-979b-c923f11204b2:192.168.157.235:40413], old=null at 0
2019-08-21 19:54:39,193 [c1353731-fe9a-4fbe-979b-c923f11204b2-SegmentedRaftLogWorker:Storage Directory /workdir/hadoop-ozone/integration-test/target/test-dir/MiniOzoneClusterImpl-2406ea78-f822-4bca-8bbf-8046e2560e07/datanode-3/data/ratis/7d82123f-85c7-4c30-92d9-78a5143faa93] INFO  segmented.SegmentedRaftLogWorker (SegmentedRaftLogWorker.java:execute(569)) - c1353731-fe9a-4fbe-979b-c923f11204b2-SegmentedRaftLogWorker:Storage Directory /workdir/hadoop-ozone/integration-test/target/test-dir/MiniOzoneClusterImpl-2406ea78-f822-4bca-8bbf-8046e2560e07/datanode-3/data/ratis/7d82123f-85c7-4c30-92d9-78a5143faa93: created new log segment /workdir/hadoop-ozone/integration-test/target/test-dir/MiniOzoneClusterImpl-2406ea78-f822-4bca-8bbf-8046e2560e07/datanode-3/data/ratis/7d82123f-85c7-4c30-92d9-78a5143faa93/current/log_inprogress_0
2019-08-21 19:54:39,203 [Thread-257] INFO  impl.FollowerState (FollowerState.java:run(106)) - 0a974a71-c44d-4307-b33a-cd8175088c01:group-EEE08963E229 changes to CANDIDATE, lastRpcTime:5031, electionTimeout:5031ms
2019-08-21 19:54:39,203 [Thread-257] INFO  impl.RoleInfo (RoleInfo.java:shutdownFollowerState(121)) - 0a974a71-c44d-4307-b33a-cd8175088c01: shutdown FollowerState
2019-08-21 19:54:39,203 [Thread-257] INFO  impl.RaftServerImpl (RaftServerImpl.java:setRole(171)) - 0a974a71-c44d-4307-b33a-cd8175088c01:group-EEE08963E229 changes role from FOLLOWER to CANDIDATE at term 0 for changeToCandidate
2019-08-21 19:54:39,203 [Thread-257] INFO  impl.RoleInfo (RoleInfo.java:updateAndGet(143)) - 0a974a71-c44d-4307-b33a-cd8175088c01: start LeaderElection
2019-08-21 19:54:39,211 [Thread-254] INFO  impl.FollowerState (FollowerState.java:run(106)) - f41f6f16-2e19-435e-9455-92a969fe9c75:group-C4F70AA91FDD changes to CANDIDATE, lastRpcTime:5106, electionTimeout:5106ms
2019-08-21 19:54:39,212 [Thread-254] INFO  impl.RoleInfo (RoleInfo.java:shutdownFollowerState(121)) - f41f6f16-2e19-435e-9455-92a969fe9c75: shutdown FollowerState
2019-08-21 19:54:39,212 [Thread-254] INFO  impl.RaftServerImpl (RaftServerImpl.java:setRole(171)) - f41f6f16-2e19-435e-9455-92a969fe9c75:group-C4F70AA91FDD changes role from FOLLOWER to CANDIDATE at term 0 for changeToCandidate
2019-08-21 19:54:39,212 [0a974a71-c44d-4307-b33a-cd8175088c01:group-EEE08963E229:LeaderElection6] INFO  impl.LeaderElection (LeaderElection.java:askForVotes(181)) - 0a974a71-c44d-4307-b33a-cd8175088c01:group-EEE08963E229:LeaderElection6: begin an election at term 1 for -1: [0a974a71-c44d-4307-b33a-cd8175088c01:192.168.157.235:43418], old=null
2019-08-21 19:54:39,212 [Thread-254] INFO  impl.RoleInfo (RoleInfo.java:updateAndGet(143)) - f41f6f16-2e19-435e-9455-92a969fe9c75: start LeaderElection
2019-08-21 19:54:39,213 [0a974a71-c44d-4307-b33a-cd8175088c01:group-EEE08963E229:LeaderElection6] INFO  impl.RoleInfo (RoleInfo.java:shutdownLeaderElection(134)) - 0a974a71-c44d-4307-b33a-cd8175088c01: shutdown LeaderElection
2019-08-21 19:54:39,213 [0a974a71-c44d-4307-b33a-cd8175088c01:group-EEE08963E229:LeaderElection6] INFO  impl.RaftServerImpl (RaftServerImpl.java:setRole(171)) - 0a974a71-c44d-4307-b33a-cd8175088c01:group-EEE08963E229 changes role from CANDIDATE to LEADER at term 1 for changeToLeader
2019-08-21 19:54:39,214 [0a974a71-c44d-4307-b33a-cd8175088c01:group-EEE08963E229:LeaderElection6] INFO  impl.RaftServerImpl (ServerState.java:setLeader(263)) - 0a974a71-c44d-4307-b33a-cd8175088c01:group-EEE08963E229 change Leader from null to 0a974a71-c44d-4307-b33a-cd8175088c01 at term 1 for becomeLeader, leader elected after 5047ms
2019-08-21 19:54:39,216 [0a974a71-c44d-4307-b33a-cd8175088c01:group-EEE08963E229:LeaderElection6] INFO  server.RaftServerConfigKeys (ConfUtils.java:logGet(43)) - raft.server.staging.catchup.gap = 1000 (default)
2019-08-21 19:54:39,217 [0a974a71-c44d-4307-b33a-cd8175088c01:group-EEE08963E229:LeaderElection6] INFO  server.RaftServerConfigKeys (ConfUtils.java:logGet(43)) - raft.server.rpc.sleep.time = 25ms (default)
2019-08-21 19:54:39,217 [0a974a71-c44d-4307-b33a-cd8175088c01:group-EEE08963E229:LeaderElection6] INFO  server.RaftServerConfigKeys (ConfUtils.java:logGet(43)) - raft.server.write.element-limit = 4096 (default)
2019-08-21 19:54:39,217 [0a974a71-c44d-4307-b33a-cd8175088c01:group-EEE08963E229:LeaderElection6] INFO  server.RaftServerConfigKeys (ConfUtils.java:logGet(43)) - raft.server.watch.timeout = 10s (default)
2019-08-21 19:54:39,217 [0a974a71-c44d-4307-b33a-cd8175088c01:group-EEE08963E229:LeaderElection6] INFO  server.RaftServerConfigKeys (ConfUtils.java:logGet(43)) - raft.server.watch.timeout.denomination = 1s (default)
2019-08-21 19:54:39,217 [0a974a71-c44d-4307-b33a-cd8175088c01:group-EEE08963E229:LeaderElection6] INFO  server.RaftServerConfigKeys (ConfUtils.java:logGet(43)) - raft.server.watch.element-limit = 65536 (default)
2019-08-21 19:54:39,217 [0a974a71-c44d-4307-b33a-cd8175088c01:group-EEE08963E229:LeaderElection6] INFO  impl.RoleInfo (RoleInfo.java:updateAndGet(143)) - 0a974a71-c44d-4307-b33a-cd8175088c01: start LeaderState
2019-08-21 19:54:39,218 [0a974a71-c44d-4307-b33a-cd8175088c01:group-EEE08963E229:LeaderElection6] INFO  segmented.SegmentedRaftLogWorker (SegmentedRaftLogWorker.java:startLogSegment(380)) - 0a974a71-c44d-4307-b33a-cd8175088c01-SegmentedRaftLogWorker:Storage Directory /workdir/hadoop-ozone/integration-test/target/test-dir/MiniOzoneClusterImpl-2406ea78-f822-4bca-8bbf-8046e2560e07/datanode-2/data/ratis/4e13810b-65b5-4241-9850-eee08963e229: Starting segment from index:0
2019-08-21 19:54:39,218 [0a974a71-c44d-4307-b33a-cd8175088c01:group-EEE08963E229:LeaderElection6] INFO  impl.RaftServerImpl (ServerState.java:setRaftConf(361)) - 0a974a71-c44d-4307-b33a-cd8175088c01:group-EEE08963E229 set configuration 0: [0a974a71-c44d-4307-b33a-cd8175088c01:192.168.157.235:43418], old=null at 0
2019-08-21 19:54:39,256 [f41f6f16-2e19-435e-9455-92a969fe9c75:group-C4F70AA91FDD:LeaderElection7] INFO  impl.LeaderElection (LeaderElection.java:askForVotes(181)) - f41f6f16-2e19-435e-9455-92a969fe9c75:group-C4F70AA91FDD:LeaderElection7: begin an election at term 1 for -1: [f41f6f16-2e19-435e-9455-92a969fe9c75:192.168.157.235:43968], old=null
2019-08-21 19:54:39,256 [f41f6f16-2e19-435e-9455-92a969fe9c75:group-C4F70AA91FDD:LeaderElection7] INFO  impl.RoleInfo (RoleInfo.java:shutdownLeaderElection(134)) - f41f6f16-2e19-435e-9455-92a969fe9c75: shutdown LeaderElection
2019-08-21 19:54:39,256 [f41f6f16-2e19-435e-9455-92a969fe9c75:group-C4F70AA91FDD:LeaderElection7] INFO  impl.RaftServerImpl (RaftServerImpl.java:setRole(171)) - f41f6f16-2e19-435e-9455-92a969fe9c75:group-C4F70AA91FDD changes role from CANDIDATE to LEADER at term 1 for changeToLeader
2019-08-21 19:54:39,256 [f41f6f16-2e19-435e-9455-92a969fe9c75:group-C4F70AA91FDD:LeaderElection7] INFO  impl.RaftServerImpl (ServerState.java:setLeader(263)) - f41f6f16-2e19-435e-9455-92a969fe9c75:group-C4F70AA91FDD change Leader from null to f41f6f16-2e19-435e-9455-92a969fe9c75 at term 1 for becomeLeader, leader elected after 5156ms
2019-08-21 19:54:39,259 [f41f6f16-2e19-435e-9455-92a969fe9c75:group-C4F70AA91FDD:LeaderElection7] INFO  server.RaftServerConfigKeys (ConfUtils.java:logGet(43)) - raft.server.staging.catchup.gap = 1000 (default)
2019-08-21 19:54:39,259 [f41f6f16-2e19-435e-9455-92a969fe9c75:group-C4F70AA91FDD:LeaderElection7] INFO  server.RaftServerConfigKeys (ConfUtils.java:logGet(43)) - raft.server.rpc.sleep.time = 25ms (default)
2019-08-21 19:54:39,259 | INFO  | SCMAudit | user=jenkins1000 | ip=192.168.157.235 | op=SEND_HEARTBEAT {datanodeUUID=c1353731-fe9a-4fbe-979b-c923f11204b2, command=[]} | ret=SUCCESS |  
2019-08-21 19:54:39,259 | INFO  | SCMAudit | user=jenkins1000 | ip=192.168.157.235 | op=SEND_HEARTBEAT {datanodeUUID=0a974a71-c44d-4307-b33a-cd8175088c01, command=[]} | ret=SUCCESS |  
2019-08-21 19:54:39,259 [f41f6f16-2e19-435e-9455-92a969fe9c75:group-C4F70AA91FDD:LeaderElection7] INFO  server.RaftServerConfigKeys (ConfUtils.java:logGet(43)) - raft.server.write.element-limit = 4096 (default)
2019-08-21 19:54:39,260 [f41f6f16-2e19-435e-9455-92a969fe9c75:group-C4F70AA91FDD:LeaderElection7] INFO  server.RaftServerConfigKeys (ConfUtils.java:logGet(43)) - raft.server.watch.timeout = 10s (default)
2019-08-21 19:54:39,260 [f41f6f16-2e19-435e-9455-92a969fe9c75:group-C4F70AA91FDD:LeaderElection7] INFO  server.RaftServerConfigKeys (ConfUtils.java:logGet(43)) - raft.server.watch.timeout.denomination = 1s (default)
2019-08-21 19:54:39,260 [f41f6f16-2e19-435e-9455-92a969fe9c75:group-C4F70AA91FDD:LeaderElection7] INFO  server.RaftServerConfigKeys (ConfUtils.java:logGet(43)) - raft.server.watch.element-limit = 65536 (default)
2019-08-21 19:54:39,260 [f41f6f16-2e19-435e-9455-92a969fe9c75:group-C4F70AA91FDD:LeaderElection7] INFO  impl.RoleInfo (RoleInfo.java:updateAndGet(143)) - f41f6f16-2e19-435e-9455-92a969fe9c75: start LeaderState
2019-08-21 19:54:39,260 [f41f6f16-2e19-435e-9455-92a969fe9c75:group-C4F70AA91FDD:LeaderElection7] INFO  segmented.SegmentedRaftLogWorker (SegmentedRaftLogWorker.java:startLogSegment(380)) - f41f6f16-2e19-435e-9455-92a969fe9c75-SegmentedRaftLogWorker:Storage Directory /workdir/hadoop-ozone/integration-test/target/test-dir/MiniOzoneClusterImpl-2406ea78-f822-4bca-8bbf-8046e2560e07/datanode-6/data/ratis/68af5e0a-972c-4fdb-a8ec-c4f70aa91fdd: Starting segment from index:0
2019-08-21 19:54:39,261 [f41f6f16-2e19-435e-9455-92a969fe9c75:group-C4F70AA91FDD:LeaderElection7] INFO  impl.RaftServerImpl (ServerState.java:setRaftConf(361)) - f41f6f16-2e19-435e-9455-92a969fe9c75:group-C4F70AA91FDD set configuration 0: [f41f6f16-2e19-435e-9455-92a969fe9c75:192.168.157.235:43968], old=null at 0
2019-08-21 19:54:39,302 [0a974a71-c44d-4307-b33a-cd8175088c01-SegmentedRaftLogWorker:Storage Directory /workdir/hadoop-ozone/integration-test/target/test-dir/MiniOzoneClusterImpl-2406ea78-f822-4bca-8bbf-8046e2560e07/datanode-2/data/ratis/4e13810b-65b5-4241-9850-eee08963e229] INFO  segmented.SegmentedRaftLogWorker (SegmentedRaftLogWorker.java:execute(569)) - 0a974a71-c44d-4307-b33a-cd8175088c01-SegmentedRaftLogWorker:Storage Directory /workdir/hadoop-ozone/integration-test/target/test-dir/MiniOzoneClusterImpl-2406ea78-f822-4bca-8bbf-8046e2560e07/datanode-2/data/ratis/4e13810b-65b5-4241-9850-eee08963e229: created new log segment /workdir/hadoop-ozone/integration-test/target/test-dir/MiniOzoneClusterImpl-2406ea78-f822-4bca-8bbf-8046e2560e07/datanode-2/data/ratis/4e13810b-65b5-4241-9850-eee08963e229/current/log_inprogress_0
2019-08-21 19:54:39,315 [f41f6f16-2e19-435e-9455-92a969fe9c75-SegmentedRaftLogWorker:Storage Directory /workdir/hadoop-ozone/integration-test/target/test-dir/MiniOzoneClusterImpl-2406ea78-f822-4bca-8bbf-8046e2560e07/datanode-6/data/ratis/68af5e0a-972c-4fdb-a8ec-c4f70aa91fdd] INFO  segmented.SegmentedRaftLogWorker (SegmentedRaftLogWorker.java:execute(569)) - f41f6f16-2e19-435e-9455-92a969fe9c75-SegmentedRaftLogWorker:Storage Directory /workdir/hadoop-ozone/integration-test/target/test-dir/MiniOzoneClusterImpl-2406ea78-f822-4bca-8bbf-8046e2560e07/datanode-6/data/ratis/68af5e0a-972c-4fdb-a8ec-c4f70aa91fdd: created new log segment /workdir/hadoop-ozone/integration-test/target/test-dir/MiniOzoneClusterImpl-2406ea78-f822-4bca-8bbf-8046e2560e07/datanode-6/data/ratis/68af5e0a-972c-4fdb-a8ec-c4f70aa91fdd/current/log_inprogress_0
2019-08-21 19:54:39,331 | INFO  | SCMAudit | user=jenkins1000 | ip=192.168.157.235 | op=SEND_HEARTBEAT {datanodeUUID=94b68f26-af36-483b-8a8e-f4fa83132938, command=[]} | ret=SUCCESS |  
2019-08-21 19:54:39,352 [Thread-265] INFO  impl.FollowerState (FollowerState.java:run(106)) - 6277c58b-bba4-4a90-8476-1f26e751e8fd:group-CA31C3CAEE6A changes to CANDIDATE, lastRpcTime:5048, electionTimeout:5048ms
2019-08-21 19:54:39,359 [Thread-265] INFO  impl.RoleInfo (RoleInfo.java:shutdownFollowerState(121)) - 6277c58b-bba4-4a90-8476-1f26e751e8fd: shutdown FollowerState
2019-08-21 19:54:39,359 [Thread-265] INFO  impl.RaftServerImpl (RaftServerImpl.java:setRole(171)) - 6277c58b-bba4-4a90-8476-1f26e751e8fd:group-CA31C3CAEE6A changes role from FOLLOWER to CANDIDATE at term 0 for changeToCandidate
2019-08-21 19:54:39,359 [Thread-265] INFO  impl.RoleInfo (RoleInfo.java:updateAndGet(143)) - 6277c58b-bba4-4a90-8476-1f26e751e8fd: start LeaderElection
2019-08-21 19:54:39,369 [Thread-264] INFO  impl.FollowerState (FollowerState.java:run(106)) - 94b68f26-af36-483b-8a8e-f4fa83132938:group-CA31C3CAEE6A changes to CANDIDATE, lastRpcTime:5065, electionTimeout:5065ms
2019-08-21 19:54:39,371 [Thread-264] INFO  impl.RoleInfo (RoleInfo.java:shutdownFollowerState(121)) - 94b68f26-af36-483b-8a8e-f4fa83132938: shutdown FollowerState
2019-08-21 19:54:39,371 [Thread-264] INFO  impl.RaftServerImpl (RaftServerImpl.java:setRole(171)) - 94b68f26-af36-483b-8a8e-f4fa83132938:group-CA31C3CAEE6A changes role from FOLLOWER to CANDIDATE at term 0 for changeToCandidate
2019-08-21 19:54:39,371 [Thread-264] INFO  impl.RoleInfo (RoleInfo.java:updateAndGet(143)) - 94b68f26-af36-483b-8a8e-f4fa83132938: start LeaderElection
2019-08-21 19:54:39,379 [6277c58b-bba4-4a90-8476-1f26e751e8fd:group-CA31C3CAEE6A:LeaderElection8] INFO  impl.LeaderElection (LeaderElection.java:askForVotes(181)) - 6277c58b-bba4-4a90-8476-1f26e751e8fd:group-CA31C3CAEE6A:LeaderElection8: begin an election at term 1 for -1: [e7e5d5d3-98a0-491e-b656-94994244dcb6:192.168.157.235:39463, 94b68f26-af36-483b-8a8e-f4fa83132938:192.168.157.235:41789, 6277c58b-bba4-4a90-8476-1f26e751e8fd:192.168.157.235:39719], old=null
2019-08-21 19:54:39,381 [94b68f26-af36-483b-8a8e-f4fa83132938:group-CA31C3CAEE6A:LeaderElection9] INFO  impl.LeaderElection (LeaderElection.java:askForVotes(181)) - 94b68f26-af36-483b-8a8e-f4fa83132938:group-CA31C3CAEE6A:LeaderElection9: begin an election at term 1 for -1: [e7e5d5d3-98a0-491e-b656-94994244dcb6:192.168.157.235:39463, 94b68f26-af36-483b-8a8e-f4fa83132938:192.168.157.235:41789, 6277c58b-bba4-4a90-8476-1f26e751e8fd:192.168.157.235:39719], old=null
2019-08-21 19:54:39,438 [grpc-default-executor-1] INFO  impl.RaftServerImpl (RaftServerImpl.java:setRole(171)) - e7e5d5d3-98a0-491e-b656-94994244dcb6:group-CA31C3CAEE6A changes role from FOLLOWER to FOLLOWER at term 1 for recognizeCandidate:94b68f26-af36-483b-8a8e-f4fa83132938
2019-08-21 19:54:39,438 [grpc-default-executor-1] INFO  impl.RoleInfo (RoleInfo.java:shutdownFollowerState(121)) - e7e5d5d3-98a0-491e-b656-94994244dcb6: shutdown FollowerState
2019-08-21 19:54:39,438 [grpc-default-executor-1] INFO  impl.RoleInfo (RoleInfo.java:updateAndGet(143)) - e7e5d5d3-98a0-491e-b656-94994244dcb6: start FollowerState
2019-08-21 19:54:39,438 [Thread-260] INFO  impl.FollowerState (FollowerState.java:run(114)) - e7e5d5d3-98a0-491e-b656-94994244dcb6: FollowerState was interrupted: java.lang.InterruptedException: sleep interrupted
2019-08-21 19:54:39,448 | INFO  | SCMAudit | user=jenkins1000 | ip=192.168.157.235 | op=SEND_HEARTBEAT {datanodeUUID=41bf33c2-016c-4465-8a22-47ae4a465f84, command=[]} | ret=SUCCESS |  
2019-08-21 19:54:39,472 [94b68f26-af36-483b-8a8e-f4fa83132938:group-CA31C3CAEE6A:LeaderElection9] INFO  impl.LeaderElection (LeaderElection.java:logAndReturn(56)) - 94b68f26-af36-483b-8a8e-f4fa83132938:group-CA31C3CAEE6A:LeaderElection9: Election PASSED; received 2 response(s) [94b68f26-af36-483b-8a8e-f4fa83132938<-e7e5d5d3-98a0-491e-b656-94994244dcb6#0:OK-t1, 94b68f26-af36-483b-8a8e-f4fa83132938<-6277c58b-bba4-4a90-8476-1f26e751e8fd#0:FAIL-t1] and 0 exception(s); 94b68f26-af36-483b-8a8e-f4fa83132938:t1, leader=null, voted=94b68f26-af36-483b-8a8e-f4fa83132938, raftlog=94b68f26-af36-483b-8a8e-f4fa83132938-SegmentedRaftLog:OPENED:c-1,f-1,i0, conf=-1: [e7e5d5d3-98a0-491e-b656-94994244dcb6:192.168.157.235:39463, 94b68f26-af36-483b-8a8e-f4fa83132938:192.168.157.235:41789, 6277c58b-bba4-4a90-8476-1f26e751e8fd:192.168.157.235:39719], old=null
2019-08-21 19:54:39,473 [6277c58b-bba4-4a90-8476-1f26e751e8fd:group-CA31C3CAEE6A:LeaderElection8] INFO  impl.LeaderElection (LeaderElection.java:logAndReturn(56)) - 6277c58b-bba4-4a90-8476-1f26e751e8fd:group-CA31C3CAEE6A:LeaderElection8: Election REJECTED; received 2 response(s) [6277c58b-bba4-4a90-8476-1f26e751e8fd<-e7e5d5d3-98a0-491e-b656-94994244dcb6#0:FAIL-t1, 6277c58b-bba4-4a90-8476-1f26e751e8fd<-94b68f26-af36-483b-8a8e-f4fa83132938#0:FAIL-t1] and 0 exception(s); 6277c58b-bba4-4a90-8476-1f26e751e8fd:t1, leader=null, voted=6277c58b-bba4-4a90-8476-1f26e751e8fd, raftlog=6277c58b-bba4-4a90-8476-1f26e751e8fd-SegmentedRaftLog:OPENED:c-1,f-1,i0, conf=-1: [e7e5d5d3-98a0-491e-b656-94994244dcb6:192.168.157.235:39463, 94b68f26-af36-483b-8a8e-f4fa83132938:192.168.157.235:41789, 6277c58b-bba4-4a90-8476-1f26e751e8fd:192.168.157.235:39719], old=null
2019-08-21 19:54:39,473 [94b68f26-af36-483b-8a8e-f4fa83132938:group-CA31C3CAEE6A:LeaderElection9] INFO  impl.RoleInfo (RoleInfo.java:shutdownLeaderElection(134)) - 94b68f26-af36-483b-8a8e-f4fa83132938: shutdown LeaderElection
2019-08-21 19:54:39,478 [6277c58b-bba4-4a90-8476-1f26e751e8fd:group-CA31C3CAEE6A:LeaderElection8] INFO  impl.RaftServerImpl (RaftServerImpl.java:setRole(171)) - 6277c58b-bba4-4a90-8476-1f26e751e8fd:group-CA31C3CAEE6A changes role from CANDIDATE to FOLLOWER at term 1 for DISCOVERED_A_NEW_TERM
2019-08-21 19:54:39,479 [94b68f26-af36-483b-8a8e-f4fa83132938:group-CA31C3CAEE6A:LeaderElection9] INFO  impl.RaftServerImpl (RaftServerImpl.java:setRole(171)) - 94b68f26-af36-483b-8a8e-f4fa83132938:group-CA31C3CAEE6A changes role from CANDIDATE to LEADER at term 1 for changeToLeader
2019-08-21 19:54:39,481 [6277c58b-bba4-4a90-8476-1f26e751e8fd:group-CA31C3CAEE6A:LeaderElection8] INFO  impl.RoleInfo (RoleInfo.java:shutdownLeaderElection(134)) - 6277c58b-bba4-4a90-8476-1f26e751e8fd: shutdown LeaderElection
2019-08-21 19:54:39,483 [94b68f26-af36-483b-8a8e-f4fa83132938:group-CA31C3CAEE6A:LeaderElection9] INFO  impl.RaftServerImpl (ServerState.java:setLeader(263)) - 94b68f26-af36-483b-8a8e-f4fa83132938:group-CA31C3CAEE6A change Leader from null to 94b68f26-af36-483b-8a8e-f4fa83132938 at term 1 for becomeLeader, leader elected after 5194ms
2019-08-21 19:54:39,483 [6277c58b-bba4-4a90-8476-1f26e751e8fd:group-CA31C3CAEE6A:LeaderElection8] INFO  impl.RoleInfo (RoleInfo.java:updateAndGet(143)) - 6277c58b-bba4-4a90-8476-1f26e751e8fd: start FollowerState
2019-08-21 19:54:39,483 [94b68f26-af36-483b-8a8e-f4fa83132938:group-CA31C3CAEE6A:LeaderElection9] INFO  server.RaftServerConfigKeys (ConfUtils.java:logGet(43)) - raft.server.staging.catchup.gap = 1000 (default)
2019-08-21 19:54:39,483 [94b68f26-af36-483b-8a8e-f4fa83132938:group-CA31C3CAEE6A:LeaderElection9] INFO  server.RaftServerConfigKeys (ConfUtils.java:logGet(43)) - raft.server.rpc.sleep.time = 25ms (default)
2019-08-21 19:54:39,487 [94b68f26-af36-483b-8a8e-f4fa83132938:group-CA31C3CAEE6A:LeaderElection9] INFO  server.RaftServerConfigKeys (ConfUtils.java:logGet(43)) - raft.server.write.element-limit = 4096 (default)
2019-08-21 19:54:39,487 [94b68f26-af36-483b-8a8e-f4fa83132938:group-CA31C3CAEE6A:LeaderElection9] INFO  server.RaftServerConfigKeys (ConfUtils.java:logGet(43)) - raft.server.watch.timeout = 10s (default)
2019-08-21 19:54:39,487 [94b68f26-af36-483b-8a8e-f4fa83132938:group-CA31C3CAEE6A:LeaderElection9] INFO  server.RaftServerConfigKeys (ConfUtils.java:logGet(43)) - raft.server.watch.timeout.denomination = 1s (default)
2019-08-21 19:54:39,487 [94b68f26-af36-483b-8a8e-f4fa83132938:group-CA31C3CAEE6A:LeaderElection9] INFO  server.RaftServerConfigKeys (ConfUtils.java:logGet(43)) - raft.server.watch.element-limit = 65536 (default)
2019-08-21 19:54:39,490 [94b68f26-af36-483b-8a8e-f4fa83132938:group-CA31C3CAEE6A:LeaderElection9] INFO  server.RaftServerConfigKeys (ConfUtils.java:logGet(43)) - raft.server.log.appender.snapshot.chunk.size.max = 16MB (=16777216) (default)
2019-08-21 19:54:39,490 [94b68f26-af36-483b-8a8e-f4fa83132938:group-CA31C3CAEE6A:LeaderElection9] INFO  server.RaftServerConfigKeys (ConfUtils.java:logGet(43)) - raft.server.log.appender.buffer.byte-limit = 33554432 (custom)
2019-08-21 19:54:39,490 [94b68f26-af36-483b-8a8e-f4fa83132938:group-CA31C3CAEE6A:LeaderElection9] INFO  server.RaftServerConfigKeys (ConfUtils.java:logGet(43)) - raft.server.log.appender.buffer.element-limit = 1 (custom)
2019-08-21 19:54:39,493 [94b68f26-af36-483b-8a8e-f4fa83132938:group-CA31C3CAEE6A:LeaderElection9] INFO  grpc.GrpcConfigKeys$Server (ConfUtils.java:logGet(43)) - raft.grpc.server.leader.outstanding.appends.max = 128 (default)
2019-08-21 19:54:39,496 [94b68f26-af36-483b-8a8e-f4fa83132938:group-CA31C3CAEE6A:LeaderElection9] INFO  server.RaftServerConfigKeys (ConfUtils.java:logGet(43)) - raft.server.rpc.request.timeout = 3000ms (default)
2019-08-21 19:54:39,496 [94b68f26-af36-483b-8a8e-f4fa83132938:group-CA31C3CAEE6A:LeaderElection9] INFO  server.RaftServerConfigKeys (ConfUtils.java:logGet(43)) - raft.server.log.appender.install.snapshot.enabled = false (custom)
2019-08-21 19:54:39,496 [94b68f26-af36-483b-8a8e-f4fa83132938:group-CA31C3CAEE6A:LeaderElection9] INFO  server.RaftServerConfigKeys (ConfUtils.java:logGet(43)) - raft.server.log.appender.snapshot.chunk.size.max = 16MB (=16777216) (default)
2019-08-21 19:54:39,496 [94b68f26-af36-483b-8a8e-f4fa83132938:group-CA31C3CAEE6A:LeaderElection9] INFO  server.RaftServerConfigKeys (ConfUtils.java:logGet(43)) - raft.server.log.appender.buffer.byte-limit = 33554432 (custom)
2019-08-21 19:54:39,497 [94b68f26-af36-483b-8a8e-f4fa83132938:group-CA31C3CAEE6A:LeaderElection9] INFO  server.RaftServerConfigKeys (ConfUtils.java:logGet(43)) - raft.server.log.appender.buffer.element-limit = 1 (custom)
2019-08-21 19:54:39,497 [94b68f26-af36-483b-8a8e-f4fa83132938:group-CA31C3CAEE6A:LeaderElection9] INFO  grpc.GrpcConfigKeys$Server (ConfUtils.java:logGet(43)) - raft.grpc.server.leader.outstanding.appends.max = 128 (default)
2019-08-21 19:54:39,497 [94b68f26-af36-483b-8a8e-f4fa83132938:group-CA31C3CAEE6A:LeaderElection9] INFO  server.RaftServerConfigKeys (ConfUtils.java:logGet(43)) - raft.server.rpc.request.timeout = 3000ms (default)
2019-08-21 19:54:39,497 [94b68f26-af36-483b-8a8e-f4fa83132938:group-CA31C3CAEE6A:LeaderElection9] INFO  server.RaftServerConfigKeys (ConfUtils.java:logGet(43)) - raft.server.log.appender.install.snapshot.enabled = false (custom)
2019-08-21 19:54:39,498 [94b68f26-af36-483b-8a8e-f4fa83132938:group-CA31C3CAEE6A:LeaderElection9] INFO  impl.RoleInfo (RoleInfo.java:updateAndGet(143)) - 94b68f26-af36-483b-8a8e-f4fa83132938: start LeaderState
2019-08-21 19:54:39,499 [94b68f26-af36-483b-8a8e-f4fa83132938:group-CA31C3CAEE6A:LeaderElection9] INFO  segmented.SegmentedRaftLogWorker (SegmentedRaftLogWorker.java:startLogSegment(380)) - 94b68f26-af36-483b-8a8e-f4fa83132938-SegmentedRaftLogWorker:Storage Directory /workdir/hadoop-ozone/integration-test/target/test-dir/MiniOzoneClusterImpl-2406ea78-f822-4bca-8bbf-8046e2560e07/datanode-4/data/ratis/f3e1b92b-6ff3-4085-a366-ca31c3caee6a: Starting segment from index:0
2019-08-21 19:54:39,499 [94b68f26-af36-483b-8a8e-f4fa83132938:group-CA31C3CAEE6A:LeaderElection9] INFO  impl.RaftServerImpl (ServerState.java:setRaftConf(361)) - 94b68f26-af36-483b-8a8e-f4fa83132938:group-CA31C3CAEE6A set configuration 0: [e7e5d5d3-98a0-491e-b656-94994244dcb6:192.168.157.235:39463, 94b68f26-af36-483b-8a8e-f4fa83132938:192.168.157.235:41789, 6277c58b-bba4-4a90-8476-1f26e751e8fd:192.168.157.235:39719], old=null at 0
2019-08-21 19:54:39,543 [grpc-default-executor-2] INFO  impl.RaftServerImpl (ServerState.java:setLeader(263)) - e7e5d5d3-98a0-491e-b656-94994244dcb6:group-CA31C3CAEE6A change Leader from null to 94b68f26-af36-483b-8a8e-f4fa83132938 at term 1 for appendEntries, leader elected after 5254ms
2019-08-21 19:54:39,543 [grpc-default-executor-1] INFO  impl.RaftServerImpl (ServerState.java:setLeader(263)) - 6277c58b-bba4-4a90-8476-1f26e751e8fd:group-CA31C3CAEE6A change Leader from null to 94b68f26-af36-483b-8a8e-f4fa83132938 at term 1 for appendEntries, leader elected after 5254ms
2019-08-21 19:54:39,549 [94b68f26-af36-483b-8a8e-f4fa83132938-SegmentedRaftLogWorker:Storage Directory /workdir/hadoop-ozone/integration-test/target/test-dir/MiniOzoneClusterImpl-2406ea78-f822-4bca-8bbf-8046e2560e07/datanode-4/data/ratis/f3e1b92b-6ff3-4085-a366-ca31c3caee6a] INFO  segmented.SegmentedRaftLogWorker (SegmentedRaftLogWorker.java:execute(569)) - 94b68f26-af36-483b-8a8e-f4fa83132938-SegmentedRaftLogWorker:Storage Directory /workdir/hadoop-ozone/integration-test/target/test-dir/MiniOzoneClusterImpl-2406ea78-f822-4bca-8bbf-8046e2560e07/datanode-4/data/ratis/f3e1b92b-6ff3-4085-a366-ca31c3caee6a: created new log segment /workdir/hadoop-ozone/integration-test/target/test-dir/MiniOzoneClusterImpl-2406ea78-f822-4bca-8bbf-8046e2560e07/datanode-4/data/ratis/f3e1b92b-6ff3-4085-a366-ca31c3caee6a/current/log_inprogress_0
2019-08-21 19:54:39,549 [Thread-272] INFO  impl.FollowerState (FollowerState.java:run(106)) - 41bf33c2-016c-4465-8a22-47ae4a465f84:group-637DFDD263C2 changes to CANDIDATE, lastRpcTime:5142, electionTimeout:5140ms
2019-08-21 19:54:39,549 [Thread-272] INFO  impl.RoleInfo (RoleInfo.java:shutdownFollowerState(121)) - 41bf33c2-016c-4465-8a22-47ae4a465f84: shutdown FollowerState
2019-08-21 19:54:39,549 [Thread-272] INFO  impl.RaftServerImpl (RaftServerImpl.java:setRole(171)) - 41bf33c2-016c-4465-8a22-47ae4a465f84:group-637DFDD263C2 changes role from FOLLOWER to CANDIDATE at term 0 for changeToCandidate
2019-08-21 19:54:39,549 [Thread-272] INFO  impl.RoleInfo (RoleInfo.java:updateAndGet(143)) - 41bf33c2-016c-4465-8a22-47ae4a465f84: start LeaderElection
2019-08-21 19:54:39,567 [41bf33c2-016c-4465-8a22-47ae4a465f84:group-637DFDD263C2:LeaderElection10] INFO  impl.LeaderElection (LeaderElection.java:askForVotes(181)) - 41bf33c2-016c-4465-8a22-47ae4a465f84:group-637DFDD263C2:LeaderElection10: begin an election at term 1 for -1: [f41f6f16-2e19-435e-9455-92a969fe9c75:192.168.157.235:43968, 41bf33c2-016c-4465-8a22-47ae4a465f84:192.168.157.235:41191, c1353731-fe9a-4fbe-979b-c923f11204b2:192.168.157.235:40413], old=null
2019-08-21 19:54:39,579 [grpc-default-executor-2] INFO  impl.RaftServerImpl (RaftServerImpl.java:setRole(171)) - c1353731-fe9a-4fbe-979b-c923f11204b2:group-637DFDD263C2 changes role from FOLLOWER to FOLLOWER at term 1 for recognizeCandidate:41bf33c2-016c-4465-8a22-47ae4a465f84
2019-08-21 19:54:39,579 [grpc-default-executor-2] INFO  impl.RoleInfo (RoleInfo.java:shutdownFollowerState(121)) - c1353731-fe9a-4fbe-979b-c923f11204b2: shutdown FollowerState
2019-08-21 19:54:39,581 [grpc-default-executor-2] INFO  impl.RoleInfo (RoleInfo.java:updateAndGet(143)) - c1353731-fe9a-4fbe-979b-c923f11204b2: start FollowerState
2019-08-21 19:54:39,581 [Thread-275] INFO  impl.FollowerState (FollowerState.java:run(114)) - c1353731-fe9a-4fbe-979b-c923f11204b2: FollowerState was interrupted: java.lang.InterruptedException: sleep interrupted
2019-08-21 19:54:39,583 [grpc-default-executor-3] INFO  impl.RaftServerImpl (RaftServerImpl.java:setRole(171)) - f41f6f16-2e19-435e-9455-92a969fe9c75:group-637DFDD263C2 changes role from FOLLOWER to FOLLOWER at term 1 for recognizeCandidate:41bf33c2-016c-4465-8a22-47ae4a465f84
2019-08-21 19:54:39,583 [grpc-default-executor-3] INFO  impl.RoleInfo (RoleInfo.java:shutdownFollowerState(121)) - f41f6f16-2e19-435e-9455-92a969fe9c75: shutdown FollowerState
2019-08-21 19:54:39,583 [grpc-default-executor-3] INFO  impl.RoleInfo (RoleInfo.java:updateAndGet(143)) - f41f6f16-2e19-435e-9455-92a969fe9c75: start FollowerState
2019-08-21 19:54:39,583 [Thread-270] INFO  impl.FollowerState (FollowerState.java:run(114)) - f41f6f16-2e19-435e-9455-92a969fe9c75: FollowerState was interrupted: java.lang.InterruptedException: sleep interrupted
2019-08-21 19:54:39,587 [grpc-default-executor-1] INFO  impl.RaftServerImpl (ServerState.java:setRaftConf(361)) - 6277c58b-bba4-4a90-8476-1f26e751e8fd:group-CA31C3CAEE6A set configuration 0: [e7e5d5d3-98a0-491e-b656-94994244dcb6:192.168.157.235:39463, 94b68f26-af36-483b-8a8e-f4fa83132938:192.168.157.235:41789, 6277c58b-bba4-4a90-8476-1f26e751e8fd:192.168.157.235:39719], old=null at 0
2019-08-21 19:54:39,587 [grpc-default-executor-0] INFO  impl.RaftServerImpl (ServerState.java:setRaftConf(361)) - e7e5d5d3-98a0-491e-b656-94994244dcb6:group-CA31C3CAEE6A set configuration 0: [e7e5d5d3-98a0-491e-b656-94994244dcb6:192.168.157.235:39463, 94b68f26-af36-483b-8a8e-f4fa83132938:192.168.157.235:41789, 6277c58b-bba4-4a90-8476-1f26e751e8fd:192.168.157.235:39719], old=null at 0
2019-08-21 19:54:39,587 [grpc-default-executor-1] INFO  segmented.SegmentedRaftLogWorker (SegmentedRaftLogWorker.java:startLogSegment(380)) - 6277c58b-bba4-4a90-8476-1f26e751e8fd-SegmentedRaftLogWorker:Storage Directory /workdir/hadoop-ozone/integration-test/target/test-dir/MiniOzoneClusterImpl-2406ea78-f822-4bca-8bbf-8046e2560e07/datanode-1/data/ratis/f3e1b92b-6ff3-4085-a366-ca31c3caee6a: Starting segment from index:0
2019-08-21 19:54:39,587 [grpc-default-executor-0] INFO  segmented.SegmentedRaftLogWorker (SegmentedRaftLogWorker.java:startLogSegment(380)) - e7e5d5d3-98a0-491e-b656-94994244dcb6-SegmentedRaftLogWorker:Storage Directory /workdir/hadoop-ozone/integration-test/target/test-dir/MiniOzoneClusterImpl-2406ea78-f822-4bca-8bbf-8046e2560e07/datanode-5/data/ratis/f3e1b92b-6ff3-4085-a366-ca31c3caee6a: Starting segment from index:0
2019-08-21 19:54:39,619 [41bf33c2-016c-4465-8a22-47ae4a465f84:group-637DFDD263C2:LeaderElection10] INFO  impl.LeaderElection (LeaderElection.java:logAndReturn(56)) - 41bf33c2-016c-4465-8a22-47ae4a465f84:group-637DFDD263C2:LeaderElection10: Election PASSED; received 1 response(s) [41bf33c2-016c-4465-8a22-47ae4a465f84<-f41f6f16-2e19-435e-9455-92a969fe9c75#0:OK-t1] and 0 exception(s); 41bf33c2-016c-4465-8a22-47ae4a465f84:t1, leader=null, voted=41bf33c2-016c-4465-8a22-47ae4a465f84, raftlog=41bf33c2-016c-4465-8a22-47ae4a465f84-SegmentedRaftLog:OPENED:c-1,f-1,i0, conf=-1: [f41f6f16-2e19-435e-9455-92a969fe9c75:192.168.157.235:43968, 41bf33c2-016c-4465-8a22-47ae4a465f84:192.168.157.235:41191, c1353731-fe9a-4fbe-979b-c923f11204b2:192.168.157.235:40413], old=null
2019-08-21 19:54:39,619 [41bf33c2-016c-4465-8a22-47ae4a465f84:group-637DFDD263C2:LeaderElection10] INFO  impl.RoleInfo (RoleInfo.java:shutdownLeaderElection(134)) - 41bf33c2-016c-4465-8a22-47ae4a465f84: shutdown LeaderElection
2019-08-21 19:54:39,622 [41bf33c2-016c-4465-8a22-47ae4a465f84:group-637DFDD263C2:LeaderElection10] INFO  impl.RaftServerImpl (RaftServerImpl.java:setRole(171)) - 41bf33c2-016c-4465-8a22-47ae4a465f84:group-637DFDD263C2 changes role from CANDIDATE to LEADER at term 1 for changeToLeader
2019-08-21 19:54:39,622 [41bf33c2-016c-4465-8a22-47ae4a465f84:group-637DFDD263C2:LeaderElection10] INFO  impl.RaftServerImpl (ServerState.java:setLeader(263)) - 41bf33c2-016c-4465-8a22-47ae4a465f84:group-637DFDD263C2 change Leader from null to 41bf33c2-016c-4465-8a22-47ae4a465f84 at term 1 for becomeLeader, leader elected after 5232ms
2019-08-21 19:54:39,622 [41bf33c2-016c-4465-8a22-47ae4a465f84:group-637DFDD263C2:LeaderElection10] INFO  server.RaftServerConfigKeys (ConfUtils.java:logGet(43)) - raft.server.staging.catchup.gap = 1000 (default)
2019-08-21 19:54:39,622 [41bf33c2-016c-4465-8a22-47ae4a465f84:group-637DFDD263C2:LeaderElection10] INFO  server.RaftServerConfigKeys (ConfUtils.java:logGet(43)) - raft.server.rpc.sleep.time = 25ms (default)
2019-08-21 19:54:39,622 [41bf33c2-016c-4465-8a22-47ae4a465f84:group-637DFDD263C2:LeaderElection10] INFO  server.RaftServerConfigKeys (ConfUtils.java:logGet(43)) - raft.server.write.element-limit = 4096 (default)
2019-08-21 19:54:39,622 [41bf33c2-016c-4465-8a22-47ae4a465f84:group-637DFDD263C2:LeaderElection10] INFO  server.RaftServerConfigKeys (ConfUtils.java:logGet(43)) - raft.server.watch.timeout = 10s (default)
2019-08-21 19:54:39,622 [41bf33c2-016c-4465-8a22-47ae4a465f84:group-637DFDD263C2:LeaderElection10] INFO  server.RaftServerConfigKeys (ConfUtils.java:logGet(43)) - raft.server.watch.timeout.denomination = 1s (default)
2019-08-21 19:54:39,623 [41bf33c2-016c-4465-8a22-47ae4a465f84:group-637DFDD263C2:LeaderElection10] INFO  server.RaftServerConfigKeys (ConfUtils.java:logGet(43)) - raft.server.watch.element-limit = 65536 (default)
2019-08-21 19:54:39,623 [41bf33c2-016c-4465-8a22-47ae4a465f84:group-637DFDD263C2:LeaderElection10] INFO  server.RaftServerConfigKeys (ConfUtils.java:logGet(43)) - raft.server.log.appender.snapshot.chunk.size.max = 16MB (=16777216) (default)
2019-08-21 19:54:39,623 [41bf33c2-016c-4465-8a22-47ae4a465f84:group-637DFDD263C2:LeaderElection10] INFO  server.RaftServerConfigKeys (ConfUtils.java:logGet(43)) - raft.server.log.appender.buffer.byte-limit = 33554432 (custom)
2019-08-21 19:54:39,623 [41bf33c2-016c-4465-8a22-47ae4a465f84:group-637DFDD263C2:LeaderElection10] INFO  server.RaftServerConfigKeys (ConfUtils.java:logGet(43)) - raft.server.log.appender.buffer.element-limit = 1 (custom)
2019-08-21 19:54:39,623 [41bf33c2-016c-4465-8a22-47ae4a465f84:group-637DFDD263C2:LeaderElection10] INFO  grpc.GrpcConfigKeys$Server (ConfUtils.java:logGet(43)) - raft.grpc.server.leader.outstanding.appends.max = 128 (default)
2019-08-21 19:54:39,624 [41bf33c2-016c-4465-8a22-47ae4a465f84:group-637DFDD263C2:LeaderElection10] INFO  server.RaftServerConfigKeys (ConfUtils.java:logGet(43)) - raft.server.rpc.request.timeout = 3000ms (default)
2019-08-21 19:54:39,624 [41bf33c2-016c-4465-8a22-47ae4a465f84:group-637DFDD263C2:LeaderElection10] INFO  server.RaftServerConfigKeys (ConfUtils.java:logGet(43)) - raft.server.log.appender.install.snapshot.enabled = false (custom)
2019-08-21 19:54:39,624 [41bf33c2-016c-4465-8a22-47ae4a465f84:group-637DFDD263C2:LeaderElection10] INFO  server.RaftServerConfigKeys (ConfUtils.java:logGet(43)) - raft.server.log.appender.snapshot.chunk.size.max = 16MB (=16777216) (default)
2019-08-21 19:54:39,624 [41bf33c2-016c-4465-8a22-47ae4a465f84:group-637DFDD263C2:LeaderElection10] INFO  server.RaftServerConfigKeys (ConfUtils.java:logGet(43)) - raft.server.log.appender.buffer.byte-limit = 33554432 (custom)
2019-08-21 19:54:39,624 [41bf33c2-016c-4465-8a22-47ae4a465f84:group-637DFDD263C2:LeaderElection10] INFO  server.RaftServerConfigKeys (ConfUtils.java:logGet(43)) - raft.server.log.appender.buffer.element-limit = 1 (custom)
2019-08-21 19:54:39,625 [41bf33c2-016c-4465-8a22-47ae4a465f84:group-637DFDD263C2:LeaderElection10] INFO  grpc.GrpcConfigKeys$Server (ConfUtils.java:logGet(43)) - raft.grpc.server.leader.outstanding.appends.max = 128 (default)
2019-08-21 19:54:39,625 [41bf33c2-016c-4465-8a22-47ae4a465f84:group-637DFDD263C2:LeaderElection10] INFO  server.RaftServerConfigKeys (ConfUtils.java:logGet(43)) - raft.server.rpc.request.timeout = 3000ms (default)
2019-08-21 19:54:39,625 [41bf33c2-016c-4465-8a22-47ae4a465f84:group-637DFDD263C2:LeaderElection10] INFO  server.RaftServerConfigKeys (ConfUtils.java:logGet(43)) - raft.server.log.appender.install.snapshot.enabled = false (custom)
2019-08-21 19:54:39,626 [41bf33c2-016c-4465-8a22-47ae4a465f84:group-637DFDD263C2:LeaderElection10] INFO  impl.RoleInfo (RoleInfo.java:updateAndGet(143)) - 41bf33c2-016c-4465-8a22-47ae4a465f84: start LeaderState
2019-08-21 19:54:39,626 [41bf33c2-016c-4465-8a22-47ae4a465f84:group-637DFDD263C2:LeaderElection10] INFO  segmented.SegmentedRaftLogWorker (SegmentedRaftLogWorker.java:startLogSegment(380)) - 41bf33c2-016c-4465-8a22-47ae4a465f84-SegmentedRaftLogWorker:Storage Directory /workdir/hadoop-ozone/integration-test/target/test-dir/MiniOzoneClusterImpl-2406ea78-f822-4bca-8bbf-8046e2560e07/datanode-0/data/ratis/060cfebc-e082-4d9c-9330-637dfdd263c2: Starting segment from index:0
2019-08-21 19:54:39,627 [6277c58b-bba4-4a90-8476-1f26e751e8fd-SegmentedRaftLogWorker:Storage Directory /workdir/hadoop-ozone/integration-test/target/test-dir/MiniOzoneClusterImpl-2406ea78-f822-4bca-8bbf-8046e2560e07/datanode-1/data/ratis/f3e1b92b-6ff3-4085-a366-ca31c3caee6a] INFO  segmented.SegmentedRaftLogWorker (SegmentedRaftLogWorker.java:execute(569)) - 6277c58b-bba4-4a90-8476-1f26e751e8fd-SegmentedRaftLogWorker:Storage Directory /workdir/hadoop-ozone/integration-test/target/test-dir/MiniOzoneClusterImpl-2406ea78-f822-4bca-8bbf-8046e2560e07/datanode-1/data/ratis/f3e1b92b-6ff3-4085-a366-ca31c3caee6a: created new log segment /workdir/hadoop-ozone/integration-test/target/test-dir/MiniOzoneClusterImpl-2406ea78-f822-4bca-8bbf-8046e2560e07/datanode-1/data/ratis/f3e1b92b-6ff3-4085-a366-ca31c3caee6a/current/log_inprogress_0
2019-08-21 19:54:39,627 [e7e5d5d3-98a0-491e-b656-94994244dcb6-SegmentedRaftLogWorker:Storage Directory /workdir/hadoop-ozone/integration-test/target/test-dir/MiniOzoneClusterImpl-2406ea78-f822-4bca-8bbf-8046e2560e07/datanode-5/data/ratis/f3e1b92b-6ff3-4085-a366-ca31c3caee6a] INFO  segmented.SegmentedRaftLogWorker (SegmentedRaftLogWorker.java:execute(569)) - e7e5d5d3-98a0-491e-b656-94994244dcb6-SegmentedRaftLogWorker:Storage Directory /workdir/hadoop-ozone/integration-test/target/test-dir/MiniOzoneClusterImpl-2406ea78-f822-4bca-8bbf-8046e2560e07/datanode-5/data/ratis/f3e1b92b-6ff3-4085-a366-ca31c3caee6a: created new log segment /workdir/hadoop-ozone/integration-test/target/test-dir/MiniOzoneClusterImpl-2406ea78-f822-4bca-8bbf-8046e2560e07/datanode-5/data/ratis/f3e1b92b-6ff3-4085-a366-ca31c3caee6a/current/log_inprogress_0
2019-08-21 19:54:39,656 [41bf33c2-016c-4465-8a22-47ae4a465f84:group-637DFDD263C2:LeaderElection10] INFO  impl.RaftServerImpl (ServerState.java:setRaftConf(361)) - 41bf33c2-016c-4465-8a22-47ae4a465f84:group-637DFDD263C2 set configuration 0: [f41f6f16-2e19-435e-9455-92a969fe9c75:192.168.157.235:43968, 41bf33c2-016c-4465-8a22-47ae4a465f84:192.168.157.235:41191, c1353731-fe9a-4fbe-979b-c923f11204b2:192.168.157.235:40413], old=null at 0
2019-08-21 19:54:39,660 | INFO  | SCMAudit | user=jenkins1000 | ip=192.168.157.235 | op=SEND_HEARTBEAT {datanodeUUID=e7e5d5d3-98a0-491e-b656-94994244dcb6, command=[]} | ret=SUCCESS |  
2019-08-21 19:54:39,664 [grpc-default-executor-3] INFO  impl.RaftServerImpl (ServerState.java:setLeader(263)) - c1353731-fe9a-4fbe-979b-c923f11204b2:group-637DFDD263C2 change Leader from null to 41bf33c2-016c-4465-8a22-47ae4a465f84 at term 1 for appendEntries, leader elected after 5275ms
2019-08-21 19:54:39,667 [grpc-default-executor-2] INFO  impl.RaftServerImpl (ServerState.java:setLeader(263)) - f41f6f16-2e19-435e-9455-92a969fe9c75:group-637DFDD263C2 change Leader from null to 41bf33c2-016c-4465-8a22-47ae4a465f84 at term 1 for appendEntries, leader elected after 5277ms
2019-08-21 19:54:39,668 [41bf33c2-016c-4465-8a22-47ae4a465f84-SegmentedRaftLogWorker:Storage Directory /workdir/hadoop-ozone/integration-test/target/test-dir/MiniOzoneClusterImpl-2406ea78-f822-4bca-8bbf-8046e2560e07/datanode-0/data/ratis/060cfebc-e082-4d9c-9330-637dfdd263c2] INFO  segmented.SegmentedRaftLogWorker (SegmentedRaftLogWorker.java:execute(569)) - 41bf33c2-016c-4465-8a22-47ae4a465f84-SegmentedRaftLogWorker:Storage Directory /workdir/hadoop-ozone/integration-test/target/test-dir/MiniOzoneClusterImpl-2406ea78-f822-4bca-8bbf-8046e2560e07/datanode-0/data/ratis/060cfebc-e082-4d9c-9330-637dfdd263c2: created new log segment /workdir/hadoop-ozone/integration-test/target/test-dir/MiniOzoneClusterImpl-2406ea78-f822-4bca-8bbf-8046e2560e07/datanode-0/data/ratis/060cfebc-e082-4d9c-9330-637dfdd263c2/current/log_inprogress_0
2019-08-21 19:54:39,669 [grpc-default-executor-3] INFO  impl.RaftServerImpl (ServerState.java:setRaftConf(361)) - c1353731-fe9a-4fbe-979b-c923f11204b2:group-637DFDD263C2 set configuration 0: [f41f6f16-2e19-435e-9455-92a969fe9c75:192.168.157.235:43968, 41bf33c2-016c-4465-8a22-47ae4a465f84:192.168.157.235:41191, c1353731-fe9a-4fbe-979b-c923f11204b2:192.168.157.235:40413], old=null at 0
2019-08-21 19:54:39,670 [grpc-default-executor-3] INFO  segmented.SegmentedRaftLogWorker (SegmentedRaftLogWorker.java:startLogSegment(380)) - c1353731-fe9a-4fbe-979b-c923f11204b2-SegmentedRaftLogWorker:Storage Directory /workdir/hadoop-ozone/integration-test/target/test-dir/MiniOzoneClusterImpl-2406ea78-f822-4bca-8bbf-8046e2560e07/datanode-3/data/ratis/060cfebc-e082-4d9c-9330-637dfdd263c2: Starting segment from index:0
2019-08-21 19:54:39,670 [grpc-default-executor-2] INFO  impl.RaftServerImpl (ServerState.java:setRaftConf(361)) - f41f6f16-2e19-435e-9455-92a969fe9c75:group-637DFDD263C2 set configuration 0: [f41f6f16-2e19-435e-9455-92a969fe9c75:192.168.157.235:43968, 41bf33c2-016c-4465-8a22-47ae4a465f84:192.168.157.235:41191, c1353731-fe9a-4fbe-979b-c923f11204b2:192.168.157.235:40413], old=null at 0
2019-08-21 19:54:39,671 [grpc-default-executor-2] INFO  segmented.SegmentedRaftLogWorker (SegmentedRaftLogWorker.java:startLogSegment(380)) - f41f6f16-2e19-435e-9455-92a969fe9c75-SegmentedRaftLogWorker:Storage Directory /workdir/hadoop-ozone/integration-test/target/test-dir/MiniOzoneClusterImpl-2406ea78-f822-4bca-8bbf-8046e2560e07/datanode-6/data/ratis/060cfebc-e082-4d9c-9330-637dfdd263c2: Starting segment from index:0
2019-08-21 19:54:39,701 | INFO  | SCMAudit | user=jenkins1000 | ip=192.168.157.235 | op=SEND_HEARTBEAT {datanodeUUID=6277c58b-bba4-4a90-8476-1f26e751e8fd, command=[]} | ret=SUCCESS |  
2019-08-21 19:54:39,710 [grpc-default-executor-2] INFO  client.GrpcClientProtocolClient (GrpcClientProtocolClient.java:onNext(255)) - client-AF8E0F1F125F->c1353731-fe9a-4fbe-979b-c923f11204b2: receive RaftClientReply:client-AF8E0F1F125F->c1353731-fe9a-4fbe-979b-c923f11204b2@group-637DFDD263C2, cid=13, FAILED org.apache.ratis.protocol.NotLeaderException: Server c1353731-fe9a-4fbe-979b-c923f11204b2 is not the leader (41bf33c2-016c-4465-8a22-47ae4a465f84:192.168.157.235:41191). Request must be sent to leader., logIndex=0, commits[c1353731-fe9a-4fbe-979b-c923f11204b2:c-1, f41f6f16-2e19-435e-9455-92a969fe9c75:c-1, 41bf33c2-016c-4465-8a22-47ae4a465f84:c-1]
2019-08-21 19:54:39,712 [c1353731-fe9a-4fbe-979b-c923f11204b2-SegmentedRaftLogWorker:Storage Directory /workdir/hadoop-ozone/integration-test/target/test-dir/MiniOzoneClusterImpl-2406ea78-f822-4bca-8bbf-8046e2560e07/datanode-3/data/ratis/060cfebc-e082-4d9c-9330-637dfdd263c2] INFO  segmented.SegmentedRaftLogWorker (SegmentedRaftLogWorker.java:execute(569)) - c1353731-fe9a-4fbe-979b-c923f11204b2-SegmentedRaftLogWorker:Storage Directory /workdir/hadoop-ozone/integration-test/target/test-dir/MiniOzoneClusterImpl-2406ea78-f822-4bca-8bbf-8046e2560e07/datanode-3/data/ratis/060cfebc-e082-4d9c-9330-637dfdd263c2: created new log segment /workdir/hadoop-ozone/integration-test/target/test-dir/MiniOzoneClusterImpl-2406ea78-f822-4bca-8bbf-8046e2560e07/datanode-3/data/ratis/060cfebc-e082-4d9c-9330-637dfdd263c2/current/log_inprogress_0
2019-08-21 19:54:39,712 [f41f6f16-2e19-435e-9455-92a969fe9c75-SegmentedRaftLogWorker:Storage Directory /workdir/hadoop-ozone/integration-test/target/test-dir/MiniOzoneClusterImpl-2406ea78-f822-4bca-8bbf-8046e2560e07/datanode-6/data/ratis/060cfebc-e082-4d9c-9330-637dfdd263c2] INFO  segmented.SegmentedRaftLogWorker (SegmentedRaftLogWorker.java:execute(569)) - f41f6f16-2e19-435e-9455-92a969fe9c75-SegmentedRaftLogWorker:Storage Directory /workdir/hadoop-ozone/integration-test/target/test-dir/MiniOzoneClusterImpl-2406ea78-f822-4bca-8bbf-8046e2560e07/datanode-6/data/ratis/060cfebc-e082-4d9c-9330-637dfdd263c2: created new log segment /workdir/hadoop-ozone/integration-test/target/test-dir/MiniOzoneClusterImpl-2406ea78-f822-4bca-8bbf-8046e2560e07/datanode-6/data/ratis/060cfebc-e082-4d9c-9330-637dfdd263c2/current/log_inprogress_0
2019-08-21 19:54:39,802 | INFO  | SCMAudit | user=jenkins1000 | ip=192.168.157.235 | op=SEND_HEARTBEAT {datanodeUUID=f41f6f16-2e19-435e-9455-92a969fe9c75, command=[]} | ret=SUCCESS |  
2019-08-21 19:54:39,906 | INFO  | SCMAudit | user=jenkins1000 | ip=192.168.157.235 | op=SEND_HEARTBEAT {datanodeUUID=41bf33c2-016c-4465-8a22-47ae4a465f84, command=[]} | ret=SUCCESS |  
2019-08-21 19:54:39,934 | INFO  | DNAudit | user=null | ip=null | op=WRITE_CHUNK {blockData=conID: 1 locID: 102656722558320641 bcsId: 0} | ret=SUCCESS |  
2019-08-21 19:54:39,934 | INFO  | DNAudit | user=null | ip=null | op=WRITE_CHUNK {blockData=conID: 1 locID: 102656722558320641 bcsId: 0} | ret=SUCCESS |  
2019-08-21 19:54:39,934 | INFO  | DNAudit | user=null | ip=null | op=WRITE_CHUNK {blockData=conID: 1 locID: 102656722558320641 bcsId: 0} | ret=SUCCESS |  
2019-08-21 19:54:39,934 | INFO  | SCMAudit | user=jenkins1000 | ip=192.168.157.235 | op=SEND_HEARTBEAT {datanodeUUID=c1353731-fe9a-4fbe-979b-c923f11204b2, command=[]} | ret=SUCCESS |  
2019-08-21 19:54:39,934 | INFO  | SCMAudit | user=jenkins1000 | ip=192.168.157.235 | op=SEND_HEARTBEAT {datanodeUUID=f41f6f16-2e19-435e-9455-92a969fe9c75, command=[]} | ret=SUCCESS |  
2019-08-21 19:54:39,947 | INFO  | DNAudit | user=null | ip=null | op=WRITE_CHUNK {blockData=conID: 1 locID: 102656722558320641 bcsId: 0} | ret=SUCCESS |  
2019-08-21 19:54:39,964 [grpc-default-executor-3] INFO  client.GrpcClientProtocolClient (GrpcClientProtocolClient.java:onNext(255)) - client-AF8E0F1F125F->41bf33c2-016c-4465-8a22-47ae4a465f84: receive RaftClientReply:client-AF8E0F1F125F->41bf33c2-016c-4465-8a22-47ae4a465f84@group-637DFDD263C2, cid=13, SUCCESS, logIndex=1, commits[41bf33c2-016c-4465-8a22-47ae4a465f84:c1, f41f6f16-2e19-435e-9455-92a969fe9c75:c0, c1353731-fe9a-4fbe-979b-c923f11204b2:c0]
2019-08-21 19:54:39,977 | INFO  | DNAudit | user=null | ip=null | op=WRITE_CHUNK {blockData=conID: 1 locID: 102656722558320641 bcsId: 0} | ret=SUCCESS |  
2019-08-21 19:54:39,977 | INFO  | DNAudit | user=null | ip=null | op=WRITE_CHUNK {blockData=conID: 1 locID: 102656722558320641 bcsId: 0} | ret=SUCCESS |  
2019-08-21 19:54:39,977 | INFO  | DNAudit | user=null | ip=null | op=WRITE_CHUNK {blockData=conID: 1 locID: 102656722558320641 bcsId: 0} | ret=SUCCESS |  
2019-08-21 19:54:39,979 | INFO  | DNAudit | user=null | ip=null | op=WRITE_CHUNK {blockData=conID: 1 locID: 102656722558320641 bcsId: 0} | ret=SUCCESS |  
2019-08-21 19:54:39,979 | INFO  | DNAudit | user=null | ip=null | op=WRITE_CHUNK {blockData=conID: 1 locID: 102656722558320641 bcsId: 0} | ret=SUCCESS |  
2019-08-21 19:54:39,985 | INFO  | DNAudit | user=null | ip=null | op=WRITE_CHUNK {blockData=conID: 1 locID: 102656722558320641 bcsId: 0} | ret=SUCCESS |  
2019-08-21 19:54:39,986 | INFO  | DNAudit | user=null | ip=null | op=WRITE_CHUNK {blockData=conID: 1 locID: 102656722558320641 bcsId: 0} | ret=SUCCESS |  
2019-08-21 19:54:39,987 | INFO  | DNAudit | user=null | ip=null | op=WRITE_CHUNK {blockData=conID: 1 locID: 102656722558320641 bcsId: 0} | ret=SUCCESS |  
2019-08-21 19:54:39,987 | INFO  | DNAudit | user=null | ip=null | op=WRITE_CHUNK {blockData=conID: 1 locID: 102656722558320641 bcsId: 0} | ret=SUCCESS |  
2019-08-21 19:54:39,995 | INFO  | DNAudit | user=null | ip=null | op=WRITE_CHUNK {blockData=conID: 1 locID: 102656722558320641 bcsId: 0} | ret=SUCCESS |  
2019-08-21 19:54:39,995 | INFO  | DNAudit | user=null | ip=null | op=WRITE_CHUNK {blockData=conID: 1 locID: 102656722558320641 bcsId: 0} | ret=SUCCESS |  
2019-08-21 19:54:39,995 | INFO  | DNAudit | user=null | ip=null | op=WRITE_CHUNK {blockData=conID: 1 locID: 102656722558320641 bcsId: 0} | ret=SUCCESS |  
2019-08-21 19:54:40,005 [grpc-default-executor-2] INFO  client.GrpcClientProtocolClient (GrpcClientProtocolClient.java:onNext(255)) - client-AF8E0F1F125F->41bf33c2-016c-4465-8a22-47ae4a465f84: receive RaftClientReply:client-AF8E0F1F125F->41bf33c2-016c-4465-8a22-47ae4a465f84@group-637DFDD263C2, cid=14, SUCCESS, logIndex=3, commits[41bf33c2-016c-4465-8a22-47ae4a465f84:c4, f41f6f16-2e19-435e-9455-92a969fe9c75:c2, c1353731-fe9a-4fbe-979b-c923f11204b2:c2]
2019-08-21 19:54:40,019 | INFO  | DNAudit | user=null | ip=null | op=WRITE_CHUNK {blockData=conID: 1 locID: 102656722558320641 bcsId: 0} | ret=SUCCESS |  
2019-08-21 19:54:40,019 | INFO  | DNAudit | user=null | ip=null | op=WRITE_CHUNK {blockData=conID: 1 locID: 102656722558320641 bcsId: 0} | ret=SUCCESS |  
2019-08-21 19:54:40,063 | INFO  | DNAudit | user=null | ip=null | op=PUT_BLOCK {blockData=[blockId=conID: 1 locID: 102656722558320641 bcsId: 0,size=200]} | ret=SUCCESS |  
2019-08-21 19:54:40,065 | INFO  | DNAudit | user=null | ip=null | op=WRITE_CHUNK {blockData=conID: 1 locID: 102656722558320641 bcsId: 0} | ret=SUCCESS |  
2019-08-21 19:54:40,066 | INFO  | DNAudit | user=null | ip=null | op=WRITE_CHUNK {blockData=conID: 1 locID: 102656722558320641 bcsId: 0} | ret=SUCCESS |  
2019-08-21 19:54:40,067 [grpc-default-executor-2] INFO  client.GrpcClientProtocolClient (GrpcClientProtocolClient.java:onNext(255)) - client-AF8E0F1F125F->41bf33c2-016c-4465-8a22-47ae4a465f84: receive RaftClientReply:client-AF8E0F1F125F->41bf33c2-016c-4465-8a22-47ae4a465f84@group-637DFDD263C2, cid=15, SUCCESS, logIndex=4, commits[41bf33c2-016c-4465-8a22-47ae4a465f84:c12, f41f6f16-2e19-435e-9455-92a969fe9c75:c7, c1353731-fe9a-4fbe-979b-c923f11204b2:c7]
2019-08-21 19:54:40,070 [grpc-default-executor-2] INFO  client.GrpcClientProtocolClient (GrpcClientProtocolClient.java:onNext(255)) - client-AF8E0F1F125F->41bf33c2-016c-4465-8a22-47ae4a465f84: receive RaftClientReply:client-AF8E0F1F125F->41bf33c2-016c-4465-8a22-47ae4a465f84@group-637DFDD263C2, cid=16, SUCCESS, logIndex=5, commits[41bf33c2-016c-4465-8a22-47ae4a465f84:c12, f41f6f16-2e19-435e-9455-92a969fe9c75:c7, c1353731-fe9a-4fbe-979b-c923f11204b2:c7]
2019-08-21 19:54:40,071 [grpc-default-executor-2] INFO  client.GrpcClientProtocolClient (GrpcClientProtocolClient.java:onNext(255)) - client-AF8E0F1F125F->41bf33c2-016c-4465-8a22-47ae4a465f84: receive RaftClientReply:client-AF8E0F1F125F->41bf33c2-016c-4465-8a22-47ae4a465f84@group-637DFDD263C2, cid=17, SUCCESS, logIndex=6, commits[41bf33c2-016c-4465-8a22-47ae4a465f84:c12, f41f6f16-2e19-435e-9455-92a969fe9c75:c7, c1353731-fe9a-4fbe-979b-c923f11204b2:c7]
2019-08-21 19:54:40,100 | INFO  | DNAudit | user=null | ip=null | op=PUT_BLOCK {blockData=[blockId=conID: 1 locID: 102656722558320641 bcsId: 0,size=200]} | ret=SUCCESS |  
2019-08-21 19:54:40,101 | INFO  | DNAudit | user=null | ip=null | op=WRITE_CHUNK {blockData=conID: 1 locID: 102656722558320641 bcsId: 0} | ret=SUCCESS |  
2019-08-21 19:54:40,101 | INFO  | DNAudit | user=null | ip=null | op=WRITE_CHUNK {blockData=conID: 1 locID: 102656722558320641 bcsId: 0} | ret=SUCCESS |  
2019-08-21 19:54:40,132 | INFO  | DNAudit | user=null | ip=null | op=PUT_BLOCK {blockData=[blockId=conID: 1 locID: 102656722558320641 bcsId: 0,size=200]} | ret=SUCCESS |  
2019-08-21 19:54:40,132 | INFO  | DNAudit | user=null | ip=null | op=PUT_BLOCK {blockData=[blockId=conID: 1 locID: 102656722558320641 bcsId: 0,size=400]} | ret=SUCCESS |  
2019-08-21 19:54:40,132 | INFO  | DNAudit | user=null | ip=null | op=PUT_BLOCK {blockData=[blockId=conID: 1 locID: 102656722558320641 bcsId: 0,size=400]} | ret=SUCCESS |  
2019-08-21 19:54:40,132 | INFO  | DNAudit | user=null | ip=null | op=WRITE_CHUNK {blockData=conID: 1 locID: 102656722558320641 bcsId: 0} | ret=SUCCESS |  
2019-08-21 19:54:40,133 | INFO  | DNAudit | user=null | ip=null | op=WRITE_CHUNK {blockData=conID: 1 locID: 102656722558320641 bcsId: 0} | ret=SUCCESS |  
2019-08-21 19:54:40,136 | INFO  | DNAudit | user=null | ip=null | op=PUT_BLOCK {blockData=[blockId=conID: 1 locID: 102656722558320641 bcsId: 0,size=400]} | ret=SUCCESS |  
2019-08-21 19:54:40,137 [grpc-default-executor-2] INFO  client.GrpcClientProtocolClient (GrpcClientProtocolClient.java:onNext(255)) - client-AF8E0F1F125F->41bf33c2-016c-4465-8a22-47ae4a465f84: receive RaftClientReply:client-AF8E0F1F125F->41bf33c2-016c-4465-8a22-47ae4a465f84@group-637DFDD263C2, cid=18, SUCCESS, logIndex=7, commits[41bf33c2-016c-4465-8a22-47ae4a465f84:c12, f41f6f16-2e19-435e-9455-92a969fe9c75:c7, c1353731-fe9a-4fbe-979b-c923f11204b2:c7]
2019-08-21 19:54:40,147 | INFO  | DNAudit | user=null | ip=null | op=WRITE_CHUNK {blockData=conID: 1 locID: 102656722558320641 bcsId: 7} | ret=SUCCESS |  
2019-08-21 19:54:40,150 | INFO  | DNAudit | user=null | ip=null | op=WRITE_CHUNK {blockData=conID: 1 locID: 102656722558320641 bcsId: 7} | ret=SUCCESS |  
2019-08-21 19:54:40,150 | INFO  | DNAudit | user=null | ip=null | op=WRITE_CHUNK {blockData=conID: 1 locID: 102656722558320641 bcsId: 7} | ret=SUCCESS |  
2019-08-21 19:54:40,163 | INFO  | DNAudit | user=null | ip=null | op=WRITE_CHUNK {blockData=conID: 1 locID: 102656722558320641 bcsId: 7} | ret=SUCCESS |  
2019-08-21 19:54:40,179 | INFO  | DNAudit | user=null | ip=null | op=PUT_BLOCK {blockData=[blockId=conID: 1 locID: 102656722558320641 bcsId: 0,size=450]} | ret=SUCCESS |  
2019-08-21 19:54:40,179 | INFO  | DNAudit | user=null | ip=null | op=WRITE_CHUNK {blockData=conID: 1 locID: 102656722558320641 bcsId: 7} | ret=SUCCESS |  
2019-08-21 19:54:40,179 | INFO  | DNAudit | user=null | ip=null | op=WRITE_CHUNK {blockData=conID: 1 locID: 102656722558320641 bcsId: 7} | ret=SUCCESS |  
2019-08-21 19:54:40,180 [grpc-default-executor-3] INFO  client.GrpcClientProtocolClient (GrpcClientProtocolClient.java:onNext(255)) - client-AF8E0F1F125F->41bf33c2-016c-4465-8a22-47ae4a465f84: receive RaftClientReply:client-AF8E0F1F125F->41bf33c2-016c-4465-8a22-47ae4a465f84@group-637DFDD263C2, cid=19, SUCCESS, logIndex=13, commits[41bf33c2-016c-4465-8a22-47ae4a465f84:c14, f41f6f16-2e19-435e-9455-92a969fe9c75:c12, c1353731-fe9a-4fbe-979b-c923f11204b2:c12]
2019-08-21 19:54:40,181 [grpc-default-executor-3] INFO  client.GrpcClientProtocolClient (GrpcClientProtocolClient.java:onNext(255)) - client-AF8E0F1F125F->41bf33c2-016c-4465-8a22-47ae4a465f84: receive RaftClientReply:client-AF8E0F1F125F->41bf33c2-016c-4465-8a22-47ae4a465f84@group-637DFDD263C2, cid=20, SUCCESS, logIndex=14, commits[41bf33c2-016c-4465-8a22-47ae4a465f84:c14, f41f6f16-2e19-435e-9455-92a969fe9c75:c12, c1353731-fe9a-4fbe-979b-c923f11204b2:c12]
2019-08-21 19:54:40,195 | INFO  | DNAudit | user=null | ip=null | op=PUT_BLOCK {blockData=[blockId=conID: 1 locID: 102656722558320641 bcsId: 0,size=450]} | ret=SUCCESS |  
2019-08-21 19:54:40,195 | INFO  | DNAudit | user=null | ip=null | op=PUT_BLOCK {blockData=[blockId=conID: 1 locID: 102656722558320641 bcsId: 0,size=450]} | ret=SUCCESS |  
2019-08-21 19:54:40,203 [grpc-default-executor-3] INFO  client.GrpcClientProtocolClient (GrpcClientProtocolClient.java:onNext(255)) - client-AF8E0F1F125F->41bf33c2-016c-4465-8a22-47ae4a465f84: receive RaftClientReply:client-AF8E0F1F125F->41bf33c2-016c-4465-8a22-47ae4a465f84@group-637DFDD263C2, cid=21, SUCCESS, logIndex=0, commits[41bf33c2-016c-4465-8a22-47ae4a465f84:c16, f41f6f16-2e19-435e-9455-92a969fe9c75:c14, c1353731-fe9a-4fbe-979b-c923f11204b2:c14]
2019-08-21 19:54:40,204 [main] INFO  datanode.ObjectStoreHandler (ObjectStoreHandler.java:close(155)) - Closing ObjectStoreHandler.
2019-08-21 19:54:40,205 [main] INFO  ozone.HddsDatanodeService (HddsDatanodeService.java:stop(451)) - Stopped plug-in org.apache.hadoop.ozone.web.OzoneHddsDatanodeService@6cc48a17
2019-08-21 19:54:40,257 | INFO  | SCMAudit | user=jenkins1000 | ip=192.168.157.235 | op=SEND_HEARTBEAT {datanodeUUID=0a974a71-c44d-4307-b33a-cd8175088c01, command=[]} | ret=SUCCESS |  
2019-08-21 19:54:40,331 | INFO  | SCMAudit | user=jenkins1000 | ip=192.168.157.235 | op=SEND_HEARTBEAT {datanodeUUID=94b68f26-af36-483b-8a8e-f4fa83132938, command=[]} | ret=SUCCESS |  
2019-08-21 19:54:40,657 | INFO  | SCMAudit | user=jenkins1000 | ip=192.168.157.235 | op=SEND_HEARTBEAT {datanodeUUID=e7e5d5d3-98a0-491e-b656-94994244dcb6, command=[]} | ret=SUCCESS |  
2019-08-21 19:54:40,702 | INFO  | SCMAudit | user=jenkins1000 | ip=192.168.157.235 | op=SEND_HEARTBEAT {datanodeUUID=6277c58b-bba4-4a90-8476-1f26e751e8fd, command=[]} | ret=SUCCESS |  
2019-08-21 19:54:40,894 | INFO  | SCMAudit | user=jenkins1000 | ip=192.168.157.235 | op=SEND_HEARTBEAT {datanodeUUID=41bf33c2-016c-4465-8a22-47ae4a465f84, command=[]} | ret=SUCCESS |  
2019-08-21 19:54:40,931 [Datanode State Machine Thread - 0] INFO  statemachine.DatanodeStateMachine (DatanodeStateMachine.java:lambda$startDaemon$0(350)) - Ozone container server started.
2019-08-21 19:54:40,931 | INFO  | SCMAudit | user=jenkins1000 | ip=192.168.157.235 | op=SEND_HEARTBEAT {datanodeUUID=f41f6f16-2e19-435e-9455-92a969fe9c75, command=[]} | ret=SUCCESS |  
2019-08-21 19:54:41,257 | INFO  | SCMAudit | user=jenkins1000 | ip=192.168.157.235 | op=SEND_HEARTBEAT {datanodeUUID=0a974a71-c44d-4307-b33a-cd8175088c01, command=[]} | ret=SUCCESS |  
2019-08-21 19:54:41,330 | INFO  | SCMAudit | user=jenkins1000 | ip=192.168.157.235 | op=SEND_HEARTBEAT {datanodeUUID=94b68f26-af36-483b-8a8e-f4fa83132938, command=[]} | ret=SUCCESS |  
2019-08-21 19:54:41,656 | INFO  | SCMAudit | user=jenkins1000 | ip=192.168.157.235 | op=SEND_HEARTBEAT {datanodeUUID=e7e5d5d3-98a0-491e-b656-94994244dcb6, command=[]} | ret=SUCCESS |  
2019-08-21 19:54:41,701 | INFO  | SCMAudit | user=jenkins1000 | ip=192.168.157.235 | op=SEND_HEARTBEAT {datanodeUUID=6277c58b-bba4-4a90-8476-1f26e751e8fd, command=[]} | ret=SUCCESS |  
2019-08-21 19:54:41,894 | INFO  | SCMAudit | user=jenkins1000 | ip=192.168.157.235 | op=SEND_HEARTBEAT {datanodeUUID=41bf33c2-016c-4465-8a22-47ae4a465f84, command=[]} | ret=SUCCESS |  
2019-08-21 19:54:41,932 | INFO  | SCMAudit | user=jenkins1000 | ip=192.168.157.235 | op=SEND_HEARTBEAT {datanodeUUID=f41f6f16-2e19-435e-9455-92a969fe9c75, command=[]} | ret=SUCCESS |  
2019-08-21 19:54:42,257 | INFO  | SCMAudit | user=jenkins1000 | ip=192.168.157.235 | op=SEND_HEARTBEAT {datanodeUUID=0a974a71-c44d-4307-b33a-cd8175088c01, command=[]} | ret=SUCCESS |  
2019-08-21 19:54:42,331 | INFO  | SCMAudit | user=jenkins1000 | ip=192.168.157.235 | op=SEND_HEARTBEAT {datanodeUUID=94b68f26-af36-483b-8a8e-f4fa83132938, command=[]} | ret=SUCCESS |  
2019-08-21 19:54:42,657 | INFO  | SCMAudit | user=jenkins1000 | ip=192.168.157.235 | op=SEND_HEARTBEAT {datanodeUUID=e7e5d5d3-98a0-491e-b656-94994244dcb6, command=[]} | ret=SUCCESS |  
2019-08-21 19:54:42,705 | INFO  | SCMAudit | user=jenkins1000 | ip=192.168.157.235 | op=SEND_HEARTBEAT {datanodeUUID=6277c58b-bba4-4a90-8476-1f26e751e8fd, command=[]} | ret=SUCCESS |  
2019-08-21 19:54:42,895 | INFO  | SCMAudit | user=jenkins1000 | ip=192.168.157.235 | op=SEND_HEARTBEAT {datanodeUUID=41bf33c2-016c-4465-8a22-47ae4a465f84, command=[]} | ret=SUCCESS |  
2019-08-21 19:54:42,933 | INFO  | SCMAudit | user=jenkins1000 | ip=192.168.157.235 | op=SEND_HEARTBEAT {datanodeUUID=f41f6f16-2e19-435e-9455-92a969fe9c75, command=[]} | ret=SUCCESS |  
2019-08-21 19:54:43,257 | INFO  | SCMAudit | user=jenkins1000 | ip=192.168.157.235 | op=SEND_HEARTBEAT {datanodeUUID=0a974a71-c44d-4307-b33a-cd8175088c01, command=[]} | ret=SUCCESS |  
2019-08-21 19:54:43,331 | INFO  | SCMAudit | user=jenkins1000 | ip=192.168.157.235 | op=SEND_HEARTBEAT {datanodeUUID=94b68f26-af36-483b-8a8e-f4fa83132938, command=[]} | ret=SUCCESS |  
2019-08-21 19:54:43,656 | INFO  | SCMAudit | user=jenkins1000 | ip=192.168.157.235 | op=SEND_HEARTBEAT {datanodeUUID=e7e5d5d3-98a0-491e-b656-94994244dcb6, command=[]} | ret=SUCCESS |  
2019-08-21 19:54:43,701 | INFO  | SCMAudit | user=jenkins1000 | ip=192.168.157.235 | op=SEND_HEARTBEAT {datanodeUUID=6277c58b-bba4-4a90-8476-1f26e751e8fd, command=[]} | ret=SUCCESS |  
2019-08-21 19:54:43,895 | INFO  | SCMAudit | user=jenkins1000 | ip=192.168.157.235 | op=SEND_HEARTBEAT {datanodeUUID=41bf33c2-016c-4465-8a22-47ae4a465f84, command=[]} | ret=SUCCESS |  
2019-08-21 19:54:43,933 | INFO  | SCMAudit | user=jenkins1000 | ip=192.168.157.235 | op=SEND_HEARTBEAT {datanodeUUID=f41f6f16-2e19-435e-9455-92a969fe9c75, command=[]} | ret=SUCCESS |  
2019-08-21 19:54:44,257 | INFO  | SCMAudit | user=jenkins1000 | ip=192.168.157.235 | op=SEND_HEARTBEAT {datanodeUUID=0a974a71-c44d-4307-b33a-cd8175088c01, command=[]} | ret=SUCCESS |  
2019-08-21 19:54:44,331 | INFO  | SCMAudit | user=jenkins1000 | ip=192.168.157.235 | op=SEND_HEARTBEAT {datanodeUUID=94b68f26-af36-483b-8a8e-f4fa83132938, command=[]} | ret=SUCCESS |  
2019-08-21 19:54:44,657 | INFO  | SCMAudit | user=jenkins1000 | ip=192.168.157.235 | op=SEND_HEARTBEAT {datanodeUUID=e7e5d5d3-98a0-491e-b656-94994244dcb6, command=[]} | ret=SUCCESS |  
2019-08-21 19:54:44,701 | INFO  | SCMAudit | user=jenkins1000 | ip=192.168.157.235 | op=SEND_HEARTBEAT {datanodeUUID=6277c58b-bba4-4a90-8476-1f26e751e8fd, command=[]} | ret=SUCCESS |  
2019-08-21 19:54:44,894 | INFO  | SCMAudit | user=jenkins1000 | ip=192.168.157.235 | op=SEND_HEARTBEAT {datanodeUUID=41bf33c2-016c-4465-8a22-47ae4a465f84, command=[]} | ret=SUCCESS |  
2019-08-21 19:54:44,933 | INFO  | SCMAudit | user=jenkins1000 | ip=192.168.157.235 | op=SEND_HEARTBEAT {datanodeUUID=f41f6f16-2e19-435e-9455-92a969fe9c75, command=[]} | ret=SUCCESS |  
2019-08-21 19:54:44,939 [EventQueue-StaleNodeForStaleNodeHandler] INFO  node.StaleNodeHandler (StaleNodeHandler.java:onMessage(58)) - Datanode c1353731-fe9a-4fbe-979b-c923f11204b2{ip: 192.168.157.235, host: pr-hdds-1347-9fd45-2937924148, networkLocation: /default-rack, certSerialId: null} moved to stale state. Finalizing its pipelines [PipelineID=060cfebc-e082-4d9c-9330-637dfdd263c2, PipelineID=7d82123f-85c7-4c30-92d9-78a5143faa93]
2019-08-21 19:54:44,940 [EventQueue-StaleNodeForStaleNodeHandler] INFO  pipeline.SCMPipelineManager (SCMPipelineManager.java:finalizeAndDestroyPipeline(309)) - destroying pipeline:Pipeline[ Id: 060cfebc-e082-4d9c-9330-637dfdd263c2, Nodes: c1353731-fe9a-4fbe-979b-c923f11204b2{ip: 192.168.157.235, host: pr-hdds-1347-9fd45-2937924148, networkLocation: /default-rack, certSerialId: null}f41f6f16-2e19-435e-9455-92a969fe9c75{ip: 192.168.157.235, host: pr-hdds-1347-9fd45-2937924148, networkLocation: /default-rack, certSerialId: null}41bf33c2-016c-4465-8a22-47ae4a465f84{ip: 192.168.157.235, host: pr-hdds-1347-9fd45-2937924148, networkLocation: /default-rack, certSerialId: null}, Type:RATIS, Factor:THREE, State:OPEN]
2019-08-21 19:54:44,941 [EventQueue-StaleNodeForStaleNodeHandler] INFO  pipeline.PipelineStateManager (PipelineStateManager.java:finalizePipeline(123)) - Pipeline Pipeline[ Id: 060cfebc-e082-4d9c-9330-637dfdd263c2, Nodes: c1353731-fe9a-4fbe-979b-c923f11204b2{ip: 192.168.157.235, host: pr-hdds-1347-9fd45-2937924148, networkLocation: /default-rack, certSerialId: null}f41f6f16-2e19-435e-9455-92a969fe9c75{ip: 192.168.157.235, host: pr-hdds-1347-9fd45-2937924148, networkLocation: /default-rack, certSerialId: null}41bf33c2-016c-4465-8a22-47ae4a465f84{ip: 192.168.157.235, host: pr-hdds-1347-9fd45-2937924148, networkLocation: /default-rack, certSerialId: null}, Type:RATIS, Factor:THREE, State:CLOSED] moved to CLOSED state
2019-08-21 19:54:44,942 [EventQueue-CloseContainerForCloseContainerEventHandler] INFO  container.CloseContainerEventHandler (CloseContainerEventHandler.java:onMessage(61)) - Close container Event triggered for container : #1
2019-08-21 19:54:44,947 [EventQueue-StaleNodeForStaleNodeHandler] INFO  pipeline.SCMPipelineManager (SCMPipelineManager.java:finalizeAndDestroyPipeline(309)) - destroying pipeline:Pipeline[ Id: 7d82123f-85c7-4c30-92d9-78a5143faa93, Nodes: c1353731-fe9a-4fbe-979b-c923f11204b2{ip: 192.168.157.235, host: pr-hdds-1347-9fd45-2937924148, networkLocation: /default-rack, certSerialId: null}, Type:RATIS, Factor:ONE, State:OPEN]
2019-08-21 19:54:44,949 [EventQueue-StaleNodeForStaleNodeHandler] INFO  pipeline.PipelineStateManager (PipelineStateManager.java:finalizePipeline(123)) - Pipeline Pipeline[ Id: 7d82123f-85c7-4c30-92d9-78a5143faa93, Nodes: c1353731-fe9a-4fbe-979b-c923f11204b2{ip: 192.168.157.235, host: pr-hdds-1347-9fd45-2937924148, networkLocation: /default-rack, certSerialId: null}, Type:RATIS, Factor:ONE, State:CLOSED] moved to CLOSED state
2019-08-21 19:54:45,207 [main] INFO  ozoneimpl.OzoneContainer (OzoneContainer.java:stop(199)) - Attempting to stop container services.
2019-08-21 19:54:45,208 [main] INFO  impl.RaftServerProxy (RaftServerProxy.java:lambda$close$4(314)) - c1353731-fe9a-4fbe-979b-c923f11204b2: close
2019-08-21 19:54:45,210 [ForkJoinPool.commonPool-worker-1] INFO  impl.RaftServerImpl (RaftServerImpl.java:lambda$shutdown$3(245)) - c1353731-fe9a-4fbe-979b-c923f11204b2: shutdown group-78A5143FAA93
2019-08-21 19:54:45,210 [main] INFO  impl.RaftServerImpl (RaftServerImpl.java:lambda$shutdown$3(245)) - c1353731-fe9a-4fbe-979b-c923f11204b2: shutdown group-637DFDD263C2
2019-08-21 19:54:45,210 [ForkJoinPool.commonPool-worker-1] INFO  util.JmxRegister (JmxRegister.java:unregister(73)) - Successfully un-registered JMX Bean with object name Ratis:service=RaftServer,group=group-78A5143FAA93,id=c1353731-fe9a-4fbe-979b-c923f11204b2
2019-08-21 19:54:45,210 [main] INFO  util.JmxRegister (JmxRegister.java:unregister(73)) - Successfully un-registered JMX Bean with object name Ratis:service=RaftServer,group=group-637DFDD263C2,id=c1353731-fe9a-4fbe-979b-c923f11204b2
2019-08-21 19:54:45,211 [ForkJoinPool.commonPool-worker-1] INFO  impl.RoleInfo (RoleInfo.java:shutdownLeaderState(104)) - c1353731-fe9a-4fbe-979b-c923f11204b2: shutdown LeaderState
2019-08-21 19:54:45,211 [main] INFO  impl.RoleInfo (RoleInfo.java:shutdownFollowerState(121)) - c1353731-fe9a-4fbe-979b-c923f11204b2: shutdown FollowerState
2019-08-21 19:54:45,211 [main] INFO  impl.StateMachineUpdater (StateMachineUpdater.java:stopAndJoin(115)) - StateMachineUpdater:c1353731-fe9a-4fbe-979b-c923f11204b2:group-637DFDD263C2: set stopIndex = 16
2019-08-21 19:54:45,212 [StateMachineUpdater:c1353731-fe9a-4fbe-979b-c923f11204b2:group-637DFDD263C2] INFO  ratis.ContainerStateMachine (ContainerStateMachine.java:takeSnapshot(283)) - group-637DFDD263C2: Taking a snapshot at:(t:1, i:14) file /workdir/hadoop-ozone/integration-test/target/test-dir/MiniOzoneClusterImpl-2406ea78-f822-4bca-8bbf-8046e2560e07/datanode-3/data/ratis/060cfebc-e082-4d9c-9330-637dfdd263c2/sm/snapshot.1_14
2019-08-21 19:54:45,211 [ForkJoinPool.commonPool-worker-1] INFO  impl.PendingRequests (PendingRequests.java:sendNotLeaderResponses(202)) - c1353731-fe9a-4fbe-979b-c923f11204b2-PendingRequests: sendNotLeaderResponses
2019-08-21 19:54:45,211 [Thread-326] INFO  impl.FollowerState (FollowerState.java:run(114)) - c1353731-fe9a-4fbe-979b-c923f11204b2: FollowerState was interrupted: java.lang.InterruptedException: sleep interrupted
2019-08-21 19:54:45,218 [ForkJoinPool.commonPool-worker-1] INFO  impl.StateMachineUpdater (StateMachineUpdater.java:stopAndJoin(115)) - StateMachineUpdater:c1353731-fe9a-4fbe-979b-c923f11204b2:group-78A5143FAA93: set stopIndex = 0
2019-08-21 19:54:45,222 [ForkJoinPool.commonPool-worker-1] INFO  impl.RaftServerImpl (ServerState.java:close(394)) - c1353731-fe9a-4fbe-979b-c923f11204b2:group-78A5143FAA93 closes. The last applied log index is 0
2019-08-21 19:54:45,224 [c1353731-fe9a-4fbe-979b-c923f11204b2-SegmentedRaftLogWorker:Storage Directory /workdir/hadoop-ozone/integration-test/target/test-dir/MiniOzoneClusterImpl-2406ea78-f822-4bca-8bbf-8046e2560e07/datanode-3/data/ratis/7d82123f-85c7-4c30-92d9-78a5143faa93] INFO  segmented.SegmentedRaftLogWorker (SegmentedRaftLogWorker.java:run(313)) - c1353731-fe9a-4fbe-979b-c923f11204b2-SegmentedRaftLogWorker:Storage Directory /workdir/hadoop-ozone/integration-test/target/test-dir/MiniOzoneClusterImpl-2406ea78-f822-4bca-8bbf-8046e2560e07/datanode-3/data/ratis/7d82123f-85c7-4c30-92d9-78a5143faa93 was interrupted, exiting. There are 0 tasks remaining in the queue.
2019-08-21 19:54:45,227 [ForkJoinPool.commonPool-worker-1] INFO  segmented.SegmentedRaftLogWorker (SegmentedRaftLogWorker.java:close(228)) - c1353731-fe9a-4fbe-979b-c923f11204b2-SegmentedRaftLogWorker:Storage Directory /workdir/hadoop-ozone/integration-test/target/test-dir/MiniOzoneClusterImpl-2406ea78-f822-4bca-8bbf-8046e2560e07/datanode-3/data/ratis/7d82123f-85c7-4c30-92d9-78a5143faa93 close()
2019-08-21 19:54:45,247 [StateMachineUpdater:c1353731-fe9a-4fbe-979b-c923f11204b2:group-637DFDD263C2] INFO  ratis.ContainerStateMachine (ContainerStateMachine.java:takeSnapshot(294)) - group-637DFDD263C2: Finished taking a snapshot at:(t:1, i:14) file:/workdir/hadoop-ozone/integration-test/target/test-dir/MiniOzoneClusterImpl-2406ea78-f822-4bca-8bbf-8046e2560e07/datanode-3/data/ratis/060cfebc-e082-4d9c-9330-637dfdd263c2/sm/snapshot.1_14 time:36
2019-08-21 19:54:45,257 [StateMachineUpdater:c1353731-fe9a-4fbe-979b-c923f11204b2:group-637DFDD263C2] INFO  impl.StateMachineUpdater (StateMachineUpdater.java:takeSnapshot(242)) - StateMachineUpdater:c1353731-fe9a-4fbe-979b-c923f11204b2:group-637DFDD263C2: Took a snapshot at index 14
2019-08-21 19:54:45,257 [StateMachineUpdater:c1353731-fe9a-4fbe-979b-c923f11204b2:group-637DFDD263C2] INFO  impl.StateMachineUpdater (StateMachineUpdater.java:lambda$new$0(80)) - StateMachineUpdater:c1353731-fe9a-4fbe-979b-c923f11204b2:group-637DFDD263C2: snapshotIndex: updateIncreasingly -1 -> 14
2019-08-21 19:54:45,258 | INFO  | SCMAudit | user=jenkins1000 | ip=192.168.157.235 | op=SEND_HEARTBEAT {datanodeUUID=0a974a71-c44d-4307-b33a-cd8175088c01, command=[]} | ret=SUCCESS |  
2019-08-21 19:54:45,262 [main] INFO  impl.RaftServerImpl (ServerState.java:close(394)) - c1353731-fe9a-4fbe-979b-c923f11204b2:group-637DFDD263C2 closes. The last applied log index is 16
2019-08-21 19:54:45,263 [c1353731-fe9a-4fbe-979b-c923f11204b2-SegmentedRaftLogWorker:Storage Directory /workdir/hadoop-ozone/integration-test/target/test-dir/MiniOzoneClusterImpl-2406ea78-f822-4bca-8bbf-8046e2560e07/datanode-3/data/ratis/060cfebc-e082-4d9c-9330-637dfdd263c2] INFO  segmented.SegmentedRaftLogWorker (SegmentedRaftLogWorker.java:run(313)) - c1353731-fe9a-4fbe-979b-c923f11204b2-SegmentedRaftLogWorker:Storage Directory /workdir/hadoop-ozone/integration-test/target/test-dir/MiniOzoneClusterImpl-2406ea78-f822-4bca-8bbf-8046e2560e07/datanode-3/data/ratis/060cfebc-e082-4d9c-9330-637dfdd263c2 was interrupted, exiting. There are 0 tasks remaining in the queue.
2019-08-21 19:54:45,265 [main] INFO  segmented.SegmentedRaftLogWorker (SegmentedRaftLogWorker.java:close(228)) - c1353731-fe9a-4fbe-979b-c923f11204b2-SegmentedRaftLogWorker:Storage Directory /workdir/hadoop-ozone/integration-test/target/test-dir/MiniOzoneClusterImpl-2406ea78-f822-4bca-8bbf-8046e2560e07/datanode-3/data/ratis/060cfebc-e082-4d9c-9330-637dfdd263c2 close()
2019-08-21 19:54:45,268 [main] INFO  server.GrpcService (GrpcService.java:closeImpl(155)) - c1353731-fe9a-4fbe-979b-c923f11204b2: shutdown server with port 40413 now
2019-08-21 19:54:45,273 [main] INFO  server.GrpcService (GrpcService.java:closeImpl(163)) - c1353731-fe9a-4fbe-979b-c923f11204b2: shutdown server with port 40413 successfully
2019-08-21 19:54:45,274 [grpc-default-executor-0] WARN  server.GrpcServerProtocolService (LogUtils.java:warn(134)) - c1353731-fe9a-4fbe-979b-c923f11204b2: appendEntries onError: org.apache.ratis.thirdparty.io.grpc.StatusRuntimeException: CANCELLED: cancelled before receiving half close
2019-08-21 19:54:45,279 [grpc-default-executor-0] WARN  server.GrpcLogAppender (LogUtils.java:warn(134)) - 41bf33c2-016c-4465-8a22-47ae4a465f84->c1353731-fe9a-4fbe-979b-c923f11204b2: Failed appendEntries: org.apache.ratis.thirdparty.io.grpc.StatusRuntimeException: CANCELLED: HTTP/2 error code: CANCEL
Received Rst Stream
2019-08-21 19:54:45,279 [main] INFO  utils.BackgroundService (BackgroundService.java:shutdown(148)) - Shutting down service BlockDeletingService
2019-08-21 19:54:45,283 [refreshUsed-/workdir/hadoop-ozone/integration-test/target/test-dir/MiniOzoneClusterImpl-2406ea78-f822-4bca-8bbf-8046e2560e07/datanode-3/data/containers] WARN  fs.CachingGetSpaceUsed (CachingGetSpaceUsed.java:run(183)) - Thread Interrupted waiting to refresh disk information: sleep interrupted
2019-08-21 19:54:45,283 [grpc-default-executor-0] INFO  impl.FollowerInfo (FollowerInfo.java:lambda$new$0(50)) - 41bf33c2-016c-4465-8a22-47ae4a465f84->c1353731-fe9a-4fbe-979b-c923f11204b2: nextIndex: updateUnconditionally 17 -> 16
2019-08-21 19:54:45,304 [main] INFO  statemachine.DatanodeStateMachine (DatanodeStateMachine.java:stopDaemon(395)) - Ozone container server stopped.
2019-08-21 19:54:45,316 [main] INFO  handler.ContextHandler (ContextHandler.java:doStop(910)) - Stopped o.e.j.w.WebAppContext@4aaecabd{/,null,UNAVAILABLE}{/hddsDatanode}
2019-08-21 19:54:45,322 [main] INFO  server.AbstractConnector (AbstractConnector.java:doStop(318)) - Stopped ServerConnector@23bd0c81{HTTP/1.1,[http/1.1]}{0.0.0.0:0}
2019-08-21 19:54:45,323 [main] INFO  handler.ContextHandler (ContextHandler.java:doStop(910)) - Stopped o.e.j.s.ServletContextHandler@130cfc47{/static,jar:file:/home/user/.m2/repository/org/apache/hadoop/hadoop-hdds-container-service/0.5.0-SNAPSHOT/hadoop-hdds-container-service-0.5.0-SNAPSHOT.jar!/webapps/static,UNAVAILABLE}
2019-08-21 19:54:45,323 [main] INFO  handler.ContextHandler (ContextHandler.java:doStop(910)) - Stopped o.e.j.s.ServletContextHandler@7a0ab480{/logs,file:///workdir/hadoop-ozone/integration-test/target/log,UNAVAILABLE}
2019-08-21 19:54:45,325 [main] INFO  datanode.ObjectStoreHandler (ObjectStoreHandler.java:close(155)) - Closing ObjectStoreHandler.
2019-08-21 19:54:45,326 [main] INFO  ozone.HddsDatanodeService (HddsDatanodeService.java:stop(451)) - Stopped plug-in org.apache.hadoop.ozone.web.OzoneHddsDatanodeService@786a3477
2019-08-21 19:54:45,331 | INFO  | SCMAudit | user=jenkins1000 | ip=192.168.157.235 | op=SEND_HEARTBEAT {datanodeUUID=94b68f26-af36-483b-8a8e-f4fa83132938, command=[]} | ret=SUCCESS |  
2019-08-21 19:54:45,657 | INFO  | SCMAudit | user=jenkins1000 | ip=192.168.157.235 | op=SEND_HEARTBEAT {datanodeUUID=e7e5d5d3-98a0-491e-b656-94994244dcb6, command=[]} | ret=SUCCESS |  
2019-08-21 19:54:45,701 | INFO  | SCMAudit | user=jenkins1000 | ip=192.168.157.235 | op=SEND_HEARTBEAT {datanodeUUID=6277c58b-bba4-4a90-8476-1f26e751e8fd, command=[]} | ret=SUCCESS |  
2019-08-21 19:54:45,931 | INFO  | SCMAudit | user=jenkins1000 | ip=192.168.157.235 | op=SEND_HEARTBEAT {datanodeUUID=41bf33c2-016c-4465-8a22-47ae4a465f84, command=[commandType: closeContainerCommand closeContainerCommandProto { containerID: 1 pipelineID { id: "060cfebc-e082-4d9c-9330-637dfdd263c2" } cmdId: 1 force: false } ]} | ret=SUCCESS |  
2019-08-21 19:54:45,932 [Datanode State Machine Thread - 0] INFO  statemachine.DatanodeStateMachine (DatanodeStateMachine.java:lambda$startDaemon$0(350)) - Ozone container server started.
2019-08-21 19:54:46,259 | INFO  | SCMAudit | user=jenkins1000 | ip=192.168.157.235 | op=SEND_HEARTBEAT {datanodeUUID=0a974a71-c44d-4307-b33a-cd8175088c01, command=[]} | ret=SUCCESS |  
2019-08-21 19:54:46,331 | INFO  | SCMAudit | user=jenkins1000 | ip=192.168.157.235 | op=SEND_HEARTBEAT {datanodeUUID=94b68f26-af36-483b-8a8e-f4fa83132938, command=[]} | ret=SUCCESS |  
2019-08-21 19:54:46,658 | INFO  | SCMAudit | user=jenkins1000 | ip=192.168.157.235 | op=SEND_HEARTBEAT {datanodeUUID=e7e5d5d3-98a0-491e-b656-94994244dcb6, command=[]} | ret=SUCCESS |  
2019-08-21 19:54:46,700 | INFO  | SCMAudit | user=jenkins1000 | ip=192.168.157.235 | op=SEND_HEARTBEAT {datanodeUUID=6277c58b-bba4-4a90-8476-1f26e751e8fd, command=[]} | ret=SUCCESS |  
2019-08-21 19:54:46,894 | INFO  | SCMAudit | user=jenkins1000 | ip=192.168.157.235 | op=SEND_HEARTBEAT {datanodeUUID=41bf33c2-016c-4465-8a22-47ae4a465f84, command=[]} | ret=SUCCESS |  
2019-08-21 19:54:46,916 | INFO  | SCMAudit | user=jenkins1000 | ip=192.168.157.235 | op=SEND_HEARTBEAT {datanodeUUID=41bf33c2-016c-4465-8a22-47ae4a465f84, command=[]} | ret=SUCCESS |  
2019-08-21 19:54:46,942 [grpc-default-executor-0] WARN  server.GrpcLogAppender (LogUtils.java:warn(134)) - 41bf33c2-016c-4465-8a22-47ae4a465f84->c1353731-fe9a-4fbe-979b-c923f11204b2: Failed appendEntries: org.apache.ratis.thirdparty.io.grpc.StatusRuntimeException: UNAVAILABLE: io exception
2019-08-21 19:54:46,945 [grpc-default-executor-0] INFO  impl.FollowerInfo (FollowerInfo.java:lambda$new$0(50)) - 41bf33c2-016c-4465-8a22-47ae4a465f84->c1353731-fe9a-4fbe-979b-c923f11204b2: nextIndex: updateUnconditionally 17 -> 16
2019-08-21 19:54:46,960 [grpc-default-executor-0] WARN  server.GrpcLogAppender (LogUtils.java:warn(134)) - 41bf33c2-016c-4465-8a22-47ae4a465f84->c1353731-fe9a-4fbe-979b-c923f11204b2: Failed appendEntries: org.apache.ratis.thirdparty.io.grpc.StatusRuntimeException: UNAVAILABLE: io exception
2019-08-21 19:54:46,962 [grpc-default-executor-0] INFO  impl.FollowerInfo (FollowerInfo.java:lambda$new$0(50)) - 41bf33c2-016c-4465-8a22-47ae4a465f84->c1353731-fe9a-4fbe-979b-c923f11204b2: nextIndex: updateUnconditionally 17 -> 16
2019-08-21 19:54:46,998 [RatisApplyTransactionExecutor 1] INFO  interfaces.Container (KeyValueContainer.java:compactDB(356)) - Container 1 is closed with bcsId 14.
2019-08-21 19:54:47,000 | INFO  | DNAudit | user=null | ip=null | op=CLOSE_CONTAINER {containerID=1} | ret=SUCCESS |  
2019-08-21 19:54:47,003 | INFO  | SCMAudit | user=jenkins1000 | ip=192.168.157.235 | op=SEND_HEARTBEAT {datanodeUUID=41bf33c2-016c-4465-8a22-47ae4a465f84, command=[]} | ret=SUCCESS |  
2019-08-21 19:54:47,003 [EventQueue-IncrementalContainerReportForIncrementalContainerReportHandler] INFO  container.IncrementalContainerReportHandler (AbstractContainerReportHandler.java:updateContainerState(176)) - Moving container #1 to CLOSED state, datanode 41bf33c2-016c-4465-8a22-47ae4a465f84{ip: 192.168.157.235, host: pr-hdds-1347-9fd45-2937924148, networkLocation: /default-rack, certSerialId: null} reported CLOSED replica.
2019-08-21 19:54:47,025 [RatisApplyTransactionExecutor 1] INFO  interfaces.Container (KeyValueContainer.java:compactDB(356)) - Container 1 is closed with bcsId 14.
2019-08-21 19:54:47,029 | INFO  | DNAudit | user=null | ip=null | op=CLOSE_CONTAINER {containerID=1} | ret=SUCCESS |  
2019-08-21 19:54:47,259 | INFO  | SCMAudit | user=jenkins1000 | ip=192.168.157.235 | op=SEND_HEARTBEAT {datanodeUUID=0a974a71-c44d-4307-b33a-cd8175088c01, command=[]} | ret=SUCCESS |  
2019-08-21 19:54:47,330 | INFO  | SCMAudit | user=jenkins1000 | ip=192.168.157.235 | op=SEND_HEARTBEAT {datanodeUUID=94b68f26-af36-483b-8a8e-f4fa83132938, command=[]} | ret=SUCCESS |  
2019-08-21 19:54:47,658 | INFO  | SCMAudit | user=jenkins1000 | ip=192.168.157.235 | op=SEND_HEARTBEAT {datanodeUUID=e7e5d5d3-98a0-491e-b656-94994244dcb6, command=[]} | ret=SUCCESS |  
2019-08-21 19:54:47,700 | INFO  | SCMAudit | user=jenkins1000 | ip=192.168.157.235 | op=SEND_HEARTBEAT {datanodeUUID=6277c58b-bba4-4a90-8476-1f26e751e8fd, command=[]} | ret=SUCCESS |  
2019-08-21 19:54:48,002 | INFO  | SCMAudit | user=jenkins1000 | ip=192.168.157.235 | op=SEND_HEARTBEAT {datanodeUUID=41bf33c2-016c-4465-8a22-47ae4a465f84, command=[]} | ret=SUCCESS |  
2019-08-21 19:54:48,259 | INFO  | SCMAudit | user=jenkins1000 | ip=192.168.157.235 | op=SEND_HEARTBEAT {datanodeUUID=0a974a71-c44d-4307-b33a-cd8175088c01, command=[]} | ret=SUCCESS |  
2019-08-21 19:54:48,331 | INFO  | SCMAudit | user=jenkins1000 | ip=192.168.157.235 | op=SEND_HEARTBEAT {datanodeUUID=94b68f26-af36-483b-8a8e-f4fa83132938, command=[]} | ret=SUCCESS |  
2019-08-21 19:54:48,658 | INFO  | SCMAudit | user=jenkins1000 | ip=192.168.157.235 | op=SEND_HEARTBEAT {datanodeUUID=e7e5d5d3-98a0-491e-b656-94994244dcb6, command=[]} | ret=SUCCESS |  
2019-08-21 19:54:48,700 | INFO  | SCMAudit | user=jenkins1000 | ip=192.168.157.235 | op=SEND_HEARTBEAT {datanodeUUID=6277c58b-bba4-4a90-8476-1f26e751e8fd, command=[]} | ret=SUCCESS |  
2019-08-21 19:54:49,002 | INFO  | SCMAudit | user=jenkins1000 | ip=192.168.157.235 | op=SEND_HEARTBEAT {datanodeUUID=41bf33c2-016c-4465-8a22-47ae4a465f84, command=[]} | ret=SUCCESS |  
2019-08-21 19:54:49,259 | INFO  | SCMAudit | user=jenkins1000 | ip=192.168.157.235 | op=SEND_HEARTBEAT {datanodeUUID=0a974a71-c44d-4307-b33a-cd8175088c01, command=[]} | ret=SUCCESS |  
2019-08-21 19:54:49,331 | INFO  | SCMAudit | user=jenkins1000 | ip=192.168.157.235 | op=SEND_HEARTBEAT {datanodeUUID=94b68f26-af36-483b-8a8e-f4fa83132938, command=[]} | ret=SUCCESS |  
2019-08-21 19:54:49,465 [grpc-default-executor-2] WARN  server.GrpcLogAppender (LogUtils.java:warn(134)) - 41bf33c2-016c-4465-8a22-47ae4a465f84->c1353731-fe9a-4fbe-979b-c923f11204b2: Failed appendEntries: org.apache.ratis.thirdparty.io.grpc.StatusRuntimeException: UNAVAILABLE: io exception
2019-08-21 19:54:49,469 [grpc-default-executor-2] INFO  impl.FollowerInfo (FollowerInfo.java:lambda$new$0(50)) - 41bf33c2-016c-4465-8a22-47ae4a465f84->c1353731-fe9a-4fbe-979b-c923f11204b2: nextIndex: updateUnconditionally 16 -> 15
2019-08-21 19:54:49,658 | INFO  | SCMAudit | user=jenkins1000 | ip=192.168.157.235 | op=SEND_HEARTBEAT {datanodeUUID=e7e5d5d3-98a0-491e-b656-94994244dcb6, command=[]} | ret=SUCCESS |  
2019-08-21 19:54:49,700 | INFO  | SCMAudit | user=jenkins1000 | ip=192.168.157.235 | op=SEND_HEARTBEAT {datanodeUUID=6277c58b-bba4-4a90-8476-1f26e751e8fd, command=[]} | ret=SUCCESS |  
2019-08-21 19:54:49,950 [EventQueue-StaleNodeForStaleNodeHandler] INFO  node.StaleNodeHandler (StaleNodeHandler.java:onMessage(58)) - Datanode f41f6f16-2e19-435e-9455-92a969fe9c75{ip: 192.168.157.235, host: pr-hdds-1347-9fd45-2937924148, networkLocation: /default-rack, certSerialId: null} moved to stale state. Finalizing its pipelines [PipelineID=060cfebc-e082-4d9c-9330-637dfdd263c2, PipelineID=68af5e0a-972c-4fdb-a8ec-c4f70aa91fdd]
2019-08-21 19:54:49,951 [EventQueue-StaleNodeForStaleNodeHandler] INFO  pipeline.SCMPipelineManager (SCMPipelineManager.java:finalizeAndDestroyPipeline(309)) - destroying pipeline:Pipeline[ Id: 060cfebc-e082-4d9c-9330-637dfdd263c2, Nodes: c1353731-fe9a-4fbe-979b-c923f11204b2{ip: 192.168.157.235, host: pr-hdds-1347-9fd45-2937924148, networkLocation: /default-rack, certSerialId: null}f41f6f16-2e19-435e-9455-92a969fe9c75{ip: 192.168.157.235, host: pr-hdds-1347-9fd45-2937924148, networkLocation: /default-rack, certSerialId: null}41bf33c2-016c-4465-8a22-47ae4a465f84{ip: 192.168.157.235, host: pr-hdds-1347-9fd45-2937924148, networkLocation: /default-rack, certSerialId: null}, Type:RATIS, Factor:THREE, State:CLOSED]
2019-08-21 19:54:49,951 [EventQueue-StaleNodeForStaleNodeHandler] INFO  pipeline.SCMPipelineManager (SCMPipelineManager.java:finalizeAndDestroyPipeline(309)) - destroying pipeline:Pipeline[ Id: 68af5e0a-972c-4fdb-a8ec-c4f70aa91fdd, Nodes: f41f6f16-2e19-435e-9455-92a969fe9c75{ip: 192.168.157.235, host: pr-hdds-1347-9fd45-2937924148, networkLocation: /default-rack, certSerialId: null}, Type:RATIS, Factor:ONE, State:OPEN]
2019-08-21 19:54:49,951 [EventQueue-StaleNodeForStaleNodeHandler] INFO  pipeline.PipelineStateManager (PipelineStateManager.java:finalizePipeline(123)) - Pipeline Pipeline[ Id: 68af5e0a-972c-4fdb-a8ec-c4f70aa91fdd, Nodes: f41f6f16-2e19-435e-9455-92a969fe9c75{ip: 192.168.157.235, host: pr-hdds-1347-9fd45-2937924148, networkLocation: /default-rack, certSerialId: null}, Type:RATIS, Factor:ONE, State:CLOSED] moved to CLOSED state
2019-08-21 19:54:50,001 | INFO  | SCMAudit | user=jenkins1000 | ip=192.168.157.235 | op=SEND_HEARTBEAT {datanodeUUID=41bf33c2-016c-4465-8a22-47ae4a465f84, command=[]} | ret=SUCCESS |  
2019-08-21 19:54:50,259 | INFO  | SCMAudit | user=jenkins1000 | ip=192.168.157.235 | op=SEND_HEARTBEAT {datanodeUUID=0a974a71-c44d-4307-b33a-cd8175088c01, command=[]} | ret=SUCCESS |  
2019-08-21 19:54:50,327 [main] INFO  ozoneimpl.OzoneContainer (OzoneContainer.java:stop(199)) - Attempting to stop container services.
2019-08-21 19:54:50,327 [main] INFO  impl.RaftServerProxy (RaftServerProxy.java:lambda$close$4(314)) - f41f6f16-2e19-435e-9455-92a969fe9c75: close
2019-08-21 19:54:50,328 [main] INFO  impl.RaftServerImpl (RaftServerImpl.java:lambda$shutdown$3(245)) - f41f6f16-2e19-435e-9455-92a969fe9c75: shutdown group-637DFDD263C2
2019-08-21 19:54:50,328 [ForkJoinPool.commonPool-worker-0] INFO  impl.RaftServerImpl (RaftServerImpl.java:lambda$shutdown$3(245)) - f41f6f16-2e19-435e-9455-92a969fe9c75: shutdown group-C4F70AA91FDD
2019-08-21 19:54:50,329 [main] INFO  util.JmxRegister (JmxRegister.java:unregister(73)) - Successfully un-registered JMX Bean with object name Ratis:service=RaftServer,group=group-637DFDD263C2,id=f41f6f16-2e19-435e-9455-92a969fe9c75
2019-08-21 19:54:50,329 [ForkJoinPool.commonPool-worker-0] INFO  util.JmxRegister (JmxRegister.java:unregister(73)) - Successfully un-registered JMX Bean with object name Ratis:service=RaftServer,group=group-C4F70AA91FDD,id=f41f6f16-2e19-435e-9455-92a969fe9c75
2019-08-21 19:54:50,329 [main] INFO  impl.RoleInfo (RoleInfo.java:shutdownFollowerState(121)) - f41f6f16-2e19-435e-9455-92a969fe9c75: shutdown FollowerState
2019-08-21 19:54:50,330 [ForkJoinPool.commonPool-worker-0] INFO  impl.RoleInfo (RoleInfo.java:shutdownLeaderState(104)) - f41f6f16-2e19-435e-9455-92a969fe9c75: shutdown LeaderState
2019-08-21 19:54:50,330 [StateMachineUpdater:f41f6f16-2e19-435e-9455-92a969fe9c75:group-637DFDD263C2] INFO  ratis.ContainerStateMachine (ContainerStateMachine.java:takeSnapshot(283)) - group-637DFDD263C2: Taking a snapshot at:(t:1, i:17) file /workdir/hadoop-ozone/integration-test/target/test-dir/MiniOzoneClusterImpl-2406ea78-f822-4bca-8bbf-8046e2560e07/datanode-6/data/ratis/060cfebc-e082-4d9c-9330-637dfdd263c2/sm/snapshot.1_17
2019-08-21 19:54:50,330 [Thread-327] INFO  impl.FollowerState (FollowerState.java:run(114)) - f41f6f16-2e19-435e-9455-92a969fe9c75: FollowerState was interrupted: java.lang.InterruptedException: sleep interrupted
2019-08-21 19:54:50,331 | INFO  | SCMAudit | user=jenkins1000 | ip=192.168.157.235 | op=SEND_HEARTBEAT {datanodeUUID=94b68f26-af36-483b-8a8e-f4fa83132938, command=[]} | ret=SUCCESS |  
2019-08-21 19:54:50,330 [main] INFO  impl.StateMachineUpdater (StateMachineUpdater.java:stopAndJoin(115)) - StateMachineUpdater:f41f6f16-2e19-435e-9455-92a969fe9c75:group-637DFDD263C2: set stopIndex = 18
2019-08-21 19:54:50,331 [ForkJoinPool.commonPool-worker-0] INFO  impl.PendingRequests (PendingRequests.java:sendNotLeaderResponses(202)) - f41f6f16-2e19-435e-9455-92a969fe9c75-PendingRequests: sendNotLeaderResponses
2019-08-21 19:54:50,338 [ForkJoinPool.commonPool-worker-0] INFO  impl.StateMachineUpdater (StateMachineUpdater.java:stopAndJoin(115)) - StateMachineUpdater:f41f6f16-2e19-435e-9455-92a969fe9c75:group-C4F70AA91FDD: set stopIndex = 0
2019-08-21 19:54:50,347 [ForkJoinPool.commonPool-worker-0] INFO  impl.RaftServerImpl (ServerState.java:close(394)) - f41f6f16-2e19-435e-9455-92a969fe9c75:group-C4F70AA91FDD closes. The last applied log index is 0
2019-08-21 19:54:50,347 [StateMachineUpdater:f41f6f16-2e19-435e-9455-92a969fe9c75:group-637DFDD263C2] INFO  ratis.ContainerStateMachine (ContainerStateMachine.java:takeSnapshot(294)) - group-637DFDD263C2: Finished taking a snapshot at:(t:1, i:17) file:/workdir/hadoop-ozone/integration-test/target/test-dir/MiniOzoneClusterImpl-2406ea78-f822-4bca-8bbf-8046e2560e07/datanode-6/data/ratis/060cfebc-e082-4d9c-9330-637dfdd263c2/sm/snapshot.1_17 time:16
2019-08-21 19:54:50,347 [StateMachineUpdater:f41f6f16-2e19-435e-9455-92a969fe9c75:group-637DFDD263C2] INFO  impl.StateMachineUpdater (StateMachineUpdater.java:takeSnapshot(242)) - StateMachineUpdater:f41f6f16-2e19-435e-9455-92a969fe9c75:group-637DFDD263C2: Took a snapshot at index 17
2019-08-21 19:54:50,347 [f41f6f16-2e19-435e-9455-92a969fe9c75-SegmentedRaftLogWorker:Storage Directory /workdir/hadoop-ozone/integration-test/target/test-dir/MiniOzoneClusterImpl-2406ea78-f822-4bca-8bbf-8046e2560e07/datanode-6/data/ratis/68af5e0a-972c-4fdb-a8ec-c4f70aa91fdd] INFO  segmented.SegmentedRaftLogWorker (SegmentedRaftLogWorker.java:run(313)) - f41f6f16-2e19-435e-9455-92a969fe9c75-SegmentedRaftLogWorker:Storage Directory /workdir/hadoop-ozone/integration-test/target/test-dir/MiniOzoneClusterImpl-2406ea78-f822-4bca-8bbf-8046e2560e07/datanode-6/data/ratis/68af5e0a-972c-4fdb-a8ec-c4f70aa91fdd was interrupted, exiting. There are 0 tasks remaining in the queue.
2019-08-21 19:54:50,347 [StateMachineUpdater:f41f6f16-2e19-435e-9455-92a969fe9c75:group-637DFDD263C2] INFO  impl.StateMachineUpdater (StateMachineUpdater.java:lambda$new$0(80)) - StateMachineUpdater:f41f6f16-2e19-435e-9455-92a969fe9c75:group-637DFDD263C2: snapshotIndex: updateIncreasingly -1 -> 17
2019-08-21 19:54:50,350 [ForkJoinPool.commonPool-worker-0] INFO  segmented.SegmentedRaftLogWorker (SegmentedRaftLogWorker.java:close(228)) - f41f6f16-2e19-435e-9455-92a969fe9c75-SegmentedRaftLogWorker:Storage Directory /workdir/hadoop-ozone/integration-test/target/test-dir/MiniOzoneClusterImpl-2406ea78-f822-4bca-8bbf-8046e2560e07/datanode-6/data/ratis/68af5e0a-972c-4fdb-a8ec-c4f70aa91fdd close()
2019-08-21 19:54:50,350 [main] INFO  impl.RaftServerImpl (ServerState.java:close(394)) - f41f6f16-2e19-435e-9455-92a969fe9c75:group-637DFDD263C2 closes. The last applied log index is 18
2019-08-21 19:54:50,354 [f41f6f16-2e19-435e-9455-92a969fe9c75-SegmentedRaftLogWorker:Storage Directory /workdir/hadoop-ozone/integration-test/target/test-dir/MiniOzoneClusterImpl-2406ea78-f822-4bca-8bbf-8046e2560e07/datanode-6/data/ratis/060cfebc-e082-4d9c-9330-637dfdd263c2] INFO  segmented.SegmentedRaftLogWorker (SegmentedRaftLogWorker.java:run(313)) - f41f6f16-2e19-435e-9455-92a969fe9c75-SegmentedRaftLogWorker:Storage Directory /workdir/hadoop-ozone/integration-test/target/test-dir/MiniOzoneClusterImpl-2406ea78-f822-4bca-8bbf-8046e2560e07/datanode-6/data/ratis/060cfebc-e082-4d9c-9330-637dfdd263c2 was interrupted, exiting. There are 0 tasks remaining in the queue.
2019-08-21 19:54:50,356 [main] INFO  segmented.SegmentedRaftLogWorker (SegmentedRaftLogWorker.java:close(228)) - f41f6f16-2e19-435e-9455-92a969fe9c75-SegmentedRaftLogWorker:Storage Directory /workdir/hadoop-ozone/integration-test/target/test-dir/MiniOzoneClusterImpl-2406ea78-f822-4bca-8bbf-8046e2560e07/datanode-6/data/ratis/060cfebc-e082-4d9c-9330-637dfdd263c2 close()
2019-08-21 19:54:50,360 [main] INFO  server.GrpcService (GrpcService.java:closeImpl(155)) - f41f6f16-2e19-435e-9455-92a969fe9c75: shutdown server with port 43968 now
2019-08-21 19:54:50,361 [grpc-default-executor-3] WARN  server.GrpcServerProtocolService (LogUtils.java:warn(134)) - f41f6f16-2e19-435e-9455-92a969fe9c75: appendEntries onError: org.apache.ratis.thirdparty.io.grpc.StatusRuntimeException: CANCELLED: cancelled before receiving half close
2019-08-21 19:54:50,364 [main] INFO  server.GrpcService (GrpcService.java:closeImpl(163)) - f41f6f16-2e19-435e-9455-92a969fe9c75: shutdown server with port 43968 successfully
2019-08-21 19:54:50,364 [grpc-default-executor-3] WARN  server.GrpcLogAppender (LogUtils.java:warn(134)) - 41bf33c2-016c-4465-8a22-47ae4a465f84->f41f6f16-2e19-435e-9455-92a969fe9c75: Failed appendEntries: org.apache.ratis.thirdparty.io.grpc.StatusRuntimeException: CANCELLED: HTTP/2 error code: CANCEL
Received Rst Stream
2019-08-21 19:54:50,368 [grpc-default-executor-3] INFO  impl.FollowerInfo (FollowerInfo.java:lambda$new$0(50)) - 41bf33c2-016c-4465-8a22-47ae4a465f84->f41f6f16-2e19-435e-9455-92a969fe9c75: nextIndex: updateUnconditionally 19 -> 18
2019-08-21 19:54:50,371 [main] INFO  utils.BackgroundService (BackgroundService.java:shutdown(148)) - Shutting down service BlockDeletingService
2019-08-21 19:54:50,373 [refreshUsed-/workdir/hadoop-ozone/integration-test/target/test-dir/MiniOzoneClusterImpl-2406ea78-f822-4bca-8bbf-8046e2560e07/datanode-6/data/containers] WARN  fs.CachingGetSpaceUsed (CachingGetSpaceUsed.java:run(183)) - Thread Interrupted waiting to refresh disk information: sleep interrupted
2019-08-21 19:54:50,397 [main] INFO  statemachine.DatanodeStateMachine (DatanodeStateMachine.java:stopDaemon(395)) - Ozone container server stopped.
2019-08-21 19:54:50,398 [main] INFO  handler.ContextHandler (ContextHandler.java:doStop(910)) - Stopped o.e.j.w.WebAppContext@6734ff92{/,null,UNAVAILABLE}{/hddsDatanode}
2019-08-21 19:54:50,399 [main] INFO  server.AbstractConnector (AbstractConnector.java:doStop(318)) - Stopped ServerConnector@51eb0e84{HTTP/1.1,[http/1.1]}{0.0.0.0:0}
2019-08-21 19:54:50,399 [main] INFO  handler.ContextHandler (ContextHandler.java:doStop(910)) - Stopped o.e.j.s.ServletContextHandler@58164e9a{/static,jar:file:/home/user/.m2/repository/org/apache/hadoop/hadoop-hdds-container-service/0.5.0-SNAPSHOT/hadoop-hdds-container-service-0.5.0-SNAPSHOT.jar!/webapps/static,UNAVAILABLE}
2019-08-21 19:54:50,400 [main] INFO  handler.ContextHandler (ContextHandler.java:doStop(910)) - Stopped o.e.j.s.ServletContextHandler@59f45950{/logs,file:///workdir/hadoop-ozone/integration-test/target/log,UNAVAILABLE}
2019-08-21 19:54:50,405 | ERROR | DNAudit | user=null | ip=null | op=WRITE_CHUNK {blockData=conID: 1 locID: 102656722558320641 bcsId: 14} | ret=FAILURE | org.apache.hadoop.hdds.scm.container.common.helpers.ContainerNotOpenException: Container 1 in CLOSED state
	at org.apache.hadoop.ozone.container.common.impl.HddsDispatcher.validateContainerCommand(HddsDispatcher.java:408)
	at org.apache.hadoop.ozone.container.common.transport.server.ratis.ContainerStateMachine.startTransaction(ContainerStateMachine.java:309) 
2019-08-21 19:54:50,433 | ERROR | DNAudit | user=null | ip=null | op=WRITE_CHUNK {blockData=conID: 1 locID: 102656722558320641 bcsId: 14} | ret=FAILURE | org.apache.hadoop.hdds.scm.container.common.helpers.ContainerNotOpenException: Container 1 in CLOSED state
	at org.apache.hadoop.ozone.container.common.impl.HddsDispatcher.validateContainerCommand(HddsDispatcher.java:408)
	at org.apache.hadoop.ozone.container.common.transport.server.ratis.ContainerStateMachine.startTransaction(ContainerStateMachine.java:309) 
2019-08-21 19:54:50,439 | ERROR | DNAudit | user=null | ip=null | op=PUT_BLOCK {blockData=[blockId=conID: 1 locID: 102656722558320641 bcsId: 0,size=650]} | ret=FAILURE | org.apache.hadoop.hdds.scm.container.common.helpers.ContainerNotOpenException: Container 1 in CLOSED state
	at org.apache.hadoop.ozone.container.common.impl.HddsDispatcher.validateContainerCommand(HddsDispatcher.java:408)
	at org.apache.hadoop.ozone.container.common.transport.server.ratis.ContainerStateMachine.startTransaction(ContainerStateMachine.java:309) 
2019-08-21 19:54:50,444 [grpc-default-executor-2] INFO  client.GrpcClientProtocolClient (GrpcClientProtocolClient.java:onNext(255)) - client-AF8E0F1F125F->41bf33c2-016c-4465-8a22-47ae4a465f84: receive RaftClientReply:client-AF8E0F1F125F->41bf33c2-016c-4465-8a22-47ae4a465f84@group-637DFDD263C2, cid=22, FAILED org.apache.ratis.protocol.StateMachineException: org.apache.hadoop.hdds.scm.container.common.helpers.ContainerNotOpenException from Server 41bf33c2-016c-4465-8a22-47ae4a465f84: Container 1 in CLOSED state, logIndex=0, commits[41bf33c2-016c-4465-8a22-47ae4a465f84:c18, f41f6f16-2e19-435e-9455-92a969fe9c75:c18, c1353731-fe9a-4fbe-979b-c923f11204b2:c16]
2019-08-21 19:54:50,445 | ERROR | DNAudit | user=null | ip=null | op=WRITE_CHUNK {blockData=conID: 1 locID: 102656722558320641 bcsId: 14} | ret=FAILURE | org.apache.hadoop.hdds.scm.container.common.helpers.ContainerNotOpenException: Container 1 in CLOSED state
	at org.apache.hadoop.ozone.container.common.impl.HddsDispatcher.validateContainerCommand(HddsDispatcher.java:408)
	at org.apache.hadoop.ozone.container.common.transport.server.ratis.ContainerStateMachine.startTransaction(ContainerStateMachine.java:309) 
2019-08-21 19:54:50,449 [grpc-default-executor-2] INFO  client.GrpcClientProtocolClient (GrpcClientProtocolClient.java:onNext(255)) - client-AF8E0F1F125F->41bf33c2-016c-4465-8a22-47ae4a465f84: receive RaftClientReply:client-AF8E0F1F125F->41bf33c2-016c-4465-8a22-47ae4a465f84@group-637DFDD263C2, cid=23, FAILED org.apache.ratis.protocol.StateMachineException: org.apache.hadoop.hdds.scm.container.common.helpers.ContainerNotOpenException from Server 41bf33c2-016c-4465-8a22-47ae4a465f84: Container 1 in CLOSED state, logIndex=0, commits[41bf33c2-016c-4465-8a22-47ae4a465f84:c18, f41f6f16-2e19-435e-9455-92a969fe9c75:c18, c1353731-fe9a-4fbe-979b-c923f11204b2:c16]
2019-08-21 19:54:50,451 | ERROR | DNAudit | user=null | ip=null | op=WRITE_CHUNK {blockData=conID: 1 locID: 102656722558320641 bcsId: 14} | ret=FAILURE | org.apache.hadoop.hdds.scm.container.common.helpers.ContainerNotOpenException: Container 1 in CLOSED state
	at org.apache.hadoop.ozone.container.common.impl.HddsDispatcher.validateContainerCommand(HddsDispatcher.java:408)
	at org.apache.hadoop.ozone.container.common.transport.server.ratis.ContainerStateMachine.startTransaction(ContainerStateMachine.java:309) 
2019-08-21 19:54:50,454 [grpc-default-executor-2] INFO  client.GrpcClientProtocolClient (GrpcClientProtocolClient.java:onNext(255)) - client-AF8E0F1F125F->41bf33c2-016c-4465-8a22-47ae4a465f84: receive RaftClientReply:client-AF8E0F1F125F->41bf33c2-016c-4465-8a22-47ae4a465f84@group-637DFDD263C2, cid=24, FAILED org.apache.ratis.protocol.StateMachineException: org.apache.hadoop.hdds.scm.container.common.helpers.ContainerNotOpenException from Server 41bf33c2-016c-4465-8a22-47ae4a465f84: Container 1 in CLOSED state, logIndex=0, commits[41bf33c2-016c-4465-8a22-47ae4a465f84:c18, f41f6f16-2e19-435e-9455-92a969fe9c75:c18, c1353731-fe9a-4fbe-979b-c923f11204b2:c16]
2019-08-21 19:54:50,456 | ERROR | DNAudit | user=null | ip=null | op=PUT_BLOCK {blockData=[blockId=conID: 1 locID: 102656722558320641 bcsId: 0,size=800]} | ret=FAILURE | org.apache.hadoop.hdds.scm.container.common.helpers.ContainerNotOpenException: Container 1 in CLOSED state
	at org.apache.hadoop.ozone.container.common.impl.HddsDispatcher.validateContainerCommand(HddsDispatcher.java:408)
	at org.apache.hadoop.ozone.container.common.transport.server.ratis.ContainerStateMachine.startTransaction(ContainerStateMachine.java:309) 
2019-08-21 19:54:50,457 [grpc-default-executor-2] INFO  client.GrpcClientProtocolClient (GrpcClientProtocolClient.java:onNext(255)) - client-AF8E0F1F125F->41bf33c2-016c-4465-8a22-47ae4a465f84: receive RaftClientReply:client-AF8E0F1F125F->41bf33c2-016c-4465-8a22-47ae4a465f84@group-637DFDD263C2, cid=25, FAILED org.apache.ratis.protocol.StateMachineException: org.apache.hadoop.hdds.scm.container.common.helpers.ContainerNotOpenException from Server 41bf33c2-016c-4465-8a22-47ae4a465f84: Container 1 in CLOSED state, logIndex=0, commits[41bf33c2-016c-4465-8a22-47ae4a465f84:c18, f41f6f16-2e19-435e-9455-92a969fe9c75:c18, c1353731-fe9a-4fbe-979b-c923f11204b2:c16]
2019-08-21 19:54:50,461 [grpc-default-executor-3] INFO  client.GrpcClientProtocolClient (GrpcClientProtocolClient.java:onNext(255)) - client-AF8E0F1F125F->41bf33c2-016c-4465-8a22-47ae4a465f84: receive RaftClientReply:client-AF8E0F1F125F->41bf33c2-016c-4465-8a22-47ae4a465f84@group-637DFDD263C2, cid=26, FAILED org.apache.ratis.protocol.StateMachineException: org.apache.hadoop.hdds.scm.container.common.helpers.ContainerNotOpenException from Server 41bf33c2-016c-4465-8a22-47ae4a465f84: Container 1 in CLOSED state, logIndex=0, commits[41bf33c2-016c-4465-8a22-47ae4a465f84:c18, f41f6f16-2e19-435e-9455-92a969fe9c75:c18, c1353731-fe9a-4fbe-979b-c923f11204b2:c16]
2019-08-21 19:54:50,464 [grpc-default-executor-3] INFO  client.GrpcClientProtocolClient (GrpcClientProtocolClient.java:onNext(255)) - client-AF8E0F1F125F->41bf33c2-016c-4465-8a22-47ae4a465f84: receive RaftClientReply:client-AF8E0F1F125F->41bf33c2-016c-4465-8a22-47ae4a465f84@group-637DFDD263C2, cid=27, FAILED org.apache.ratis.protocol.StateMachineException: org.apache.hadoop.hdds.scm.container.common.helpers.ContainerNotOpenException from Server 41bf33c2-016c-4465-8a22-47ae4a465f84: Container 1 in CLOSED state, logIndex=0, commits[41bf33c2-016c-4465-8a22-47ae4a465f84:c18, f41f6f16-2e19-435e-9455-92a969fe9c75:c18, c1353731-fe9a-4fbe-979b-c923f11204b2:c16]
2019-08-21 19:54:50,506 | INFO  | SCMAudit | user=jenkins1000 | ip=192.168.157.235 | op=ALLOCATE_BLOCK {owner=c02b51c5-3764-4385-8109-5a3a0fc25840, size=800, type=RATIS, factor=THREE} | ret=SUCCESS |  
2019-08-21 19:54:50,508 | INFO  | OMAudit | user=jenkins1000 | ip=127.0.0.1 | op=ALLOCATE_BLOCK {volume=testblockoutputstream, bucket=testblockoutputstream, key=84fc9499-27e2-4746-b338-4c40074788c9, dataSize=0, replicationType=null, replicationFactor=null, keyLocationInfo=null, clientID=102656722554978304} | ret=SUCCESS |  
2019-08-21 19:54:50,632 | INFO  | DNAudit | user=null | ip=null | op=WRITE_CHUNK {blockData=conID: 2 locID: 102656723550601218 bcsId: 0} | ret=SUCCESS |  
2019-08-21 19:54:50,632 | INFO  | DNAudit | user=null | ip=null | op=WRITE_CHUNK {blockData=conID: 2 locID: 102656723550601218 bcsId: 0} | ret=SUCCESS |  
2019-08-21 19:54:50,632 | INFO  | DNAudit | user=null | ip=null | op=WRITE_CHUNK {blockData=conID: 2 locID: 102656723550601218 bcsId: 0} | ret=SUCCESS |  
2019-08-21 19:54:50,634 | INFO  | SCMAudit | user=jenkins1000 | ip=192.168.157.235 | op=SEND_HEARTBEAT {datanodeUUID=6277c58b-bba4-4a90-8476-1f26e751e8fd, command=[]} | ret=SUCCESS |  
2019-08-21 19:54:50,634 | INFO  | SCMAudit | user=jenkins1000 | ip=192.168.157.235 | op=SEND_HEARTBEAT {datanodeUUID=e7e5d5d3-98a0-491e-b656-94994244dcb6, command=[]} | ret=SUCCESS |  
2019-08-21 19:54:50,634 | INFO  | SCMAudit | user=jenkins1000 | ip=192.168.157.235 | op=SEND_HEARTBEAT {datanodeUUID=94b68f26-af36-483b-8a8e-f4fa83132938, command=[]} | ret=SUCCESS |  
2019-08-21 19:54:50,644 | INFO  | DNAudit | user=null | ip=null | op=WRITE_CHUNK {blockData=conID: 2 locID: 102656723550601218 bcsId: 0} | ret=SUCCESS |  
2019-08-21 19:54:50,655 [grpc-default-executor-3] INFO  client.GrpcClientProtocolClient (GrpcClientProtocolClient.java:onNext(255)) - client-8B5CE615036D->94b68f26-af36-483b-8a8e-f4fa83132938: receive RaftClientReply:client-8B5CE615036D->94b68f26-af36-483b-8a8e-f4fa83132938@group-CA31C3CAEE6A, cid=28, SUCCESS, logIndex=1, commits[94b68f26-af36-483b-8a8e-f4fa83132938:c1, e7e5d5d3-98a0-491e-b656-94994244dcb6:c0, 6277c58b-bba4-4a90-8476-1f26e751e8fd:c0]
2019-08-21 19:54:50,666 | INFO  | DNAudit | user=null | ip=null | op=WRITE_CHUNK {blockData=conID: 2 locID: 102656723550601218 bcsId: 0} | ret=SUCCESS |  
2019-08-21 19:54:50,667 | INFO  | DNAudit | user=null | ip=null | op=WRITE_CHUNK {blockData=conID: 2 locID: 102656723550601218 bcsId: 0} | ret=SUCCESS |  
2019-08-21 19:54:50,667 | INFO  | DNAudit | user=null | ip=null | op=WRITE_CHUNK {blockData=conID: 2 locID: 102656723550601218 bcsId: 0} | ret=SUCCESS |  
2019-08-21 19:54:50,669 | INFO  | DNAudit | user=null | ip=null | op=WRITE_CHUNK {blockData=conID: 2 locID: 102656723550601218 bcsId: 0} | ret=SUCCESS |  
2019-08-21 19:54:50,669 | INFO  | DNAudit | user=null | ip=null | op=WRITE_CHUNK {blockData=conID: 2 locID: 102656723550601218 bcsId: 0} | ret=SUCCESS |  
2019-08-21 19:54:50,670 | INFO  | DNAudit | user=null | ip=null | op=WRITE_CHUNK {blockData=conID: 2 locID: 102656723550601218 bcsId: 0} | ret=SUCCESS |  
2019-08-21 19:54:50,671 | INFO  | DNAudit | user=null | ip=null | op=WRITE_CHUNK {blockData=conID: 2 locID: 102656723550601218 bcsId: 0} | ret=SUCCESS |  
2019-08-21 19:54:50,672 | INFO  | DNAudit | user=null | ip=null | op=WRITE_CHUNK {blockData=conID: 2 locID: 102656723550601218 bcsId: 0} | ret=SUCCESS |  
2019-08-21 19:54:50,672 | INFO  | DNAudit | user=null | ip=null | op=WRITE_CHUNK {blockData=conID: 2 locID: 102656723550601218 bcsId: 0} | ret=SUCCESS |  
2019-08-21 19:54:50,677 | INFO  | DNAudit | user=null | ip=null | op=WRITE_CHUNK {blockData=conID: 2 locID: 102656723550601218 bcsId: 0} | ret=SUCCESS |  
2019-08-21 19:54:50,677 | INFO  | DNAudit | user=null | ip=null | op=WRITE_CHUNK {blockData=conID: 2 locID: 102656723550601218 bcsId: 0} | ret=SUCCESS |  
2019-08-21 19:54:50,677 | INFO  | DNAudit | user=null | ip=null | op=WRITE_CHUNK {blockData=conID: 2 locID: 102656723550601218 bcsId: 0} | ret=SUCCESS |  
2019-08-21 19:54:50,681 [grpc-default-executor-2] INFO  client.GrpcClientProtocolClient (GrpcClientProtocolClient.java:onNext(255)) - client-8B5CE615036D->94b68f26-af36-483b-8a8e-f4fa83132938: receive RaftClientReply:client-8B5CE615036D->94b68f26-af36-483b-8a8e-f4fa83132938@group-CA31C3CAEE6A, cid=29, SUCCESS, logIndex=3, commits[94b68f26-af36-483b-8a8e-f4fa83132938:c4, e7e5d5d3-98a0-491e-b656-94994244dcb6:c2, 6277c58b-bba4-4a90-8476-1f26e751e8fd:c1]
2019-08-21 19:54:50,697 | INFO  | DNAudit | user=null | ip=null | op=WRITE_CHUNK {blockData=conID: 2 locID: 102656723550601218 bcsId: 0} | ret=SUCCESS |  
2019-08-21 19:54:50,697 | INFO  | DNAudit | user=null | ip=null | op=WRITE_CHUNK {blockData=conID: 2 locID: 102656723550601218 bcsId: 0} | ret=SUCCESS |  
2019-08-21 19:54:50,724 | INFO  | DNAudit | user=null | ip=null | op=PUT_BLOCK {blockData=[blockId=conID: 2 locID: 102656723550601218 bcsId: 0,size=200]} | ret=SUCCESS |  
2019-08-21 19:54:50,725 | INFO  | DNAudit | user=null | ip=null | op=WRITE_CHUNK {blockData=conID: 2 locID: 102656723550601218 bcsId: 0} | ret=SUCCESS |  
2019-08-21 19:54:50,726 | INFO  | DNAudit | user=null | ip=null | op=WRITE_CHUNK {blockData=conID: 2 locID: 102656723550601218 bcsId: 0} | ret=SUCCESS |  
2019-08-21 19:54:50,726 [grpc-default-executor-0] INFO  client.GrpcClientProtocolClient (GrpcClientProtocolClient.java:onNext(255)) - client-8B5CE615036D->94b68f26-af36-483b-8a8e-f4fa83132938: receive RaftClientReply:client-8B5CE615036D->94b68f26-af36-483b-8a8e-f4fa83132938@group-CA31C3CAEE6A, cid=30, SUCCESS, logIndex=4, commits[94b68f26-af36-483b-8a8e-f4fa83132938:c12, e7e5d5d3-98a0-491e-b656-94994244dcb6:c8, 6277c58b-bba4-4a90-8476-1f26e751e8fd:c8]
2019-08-21 19:54:50,729 [grpc-default-executor-0] INFO  client.GrpcClientProtocolClient (GrpcClientProtocolClient.java:onNext(255)) - client-8B5CE615036D->94b68f26-af36-483b-8a8e-f4fa83132938: receive RaftClientReply:client-8B5CE615036D->94b68f26-af36-483b-8a8e-f4fa83132938@group-CA31C3CAEE6A, cid=31, SUCCESS, logIndex=5, commits[94b68f26-af36-483b-8a8e-f4fa83132938:c12, e7e5d5d3-98a0-491e-b656-94994244dcb6:c8, 6277c58b-bba4-4a90-8476-1f26e751e8fd:c8]
2019-08-21 19:54:50,730 [grpc-default-executor-0] INFO  client.GrpcClientProtocolClient (GrpcClientProtocolClient.java:onNext(255)) - client-8B5CE615036D->94b68f26-af36-483b-8a8e-f4fa83132938: receive RaftClientReply:client-8B5CE615036D->94b68f26-af36-483b-8a8e-f4fa83132938@group-CA31C3CAEE6A, cid=32, SUCCESS, logIndex=6, commits[94b68f26-af36-483b-8a8e-f4fa83132938:c12, e7e5d5d3-98a0-491e-b656-94994244dcb6:c8, 6277c58b-bba4-4a90-8476-1f26e751e8fd:c8]
2019-08-21 19:54:50,770 | INFO  | DNAudit | user=null | ip=null | op=PUT_BLOCK {blockData=[blockId=conID: 2 locID: 102656723550601218 bcsId: 0,size=200]} | ret=SUCCESS |  
2019-08-21 19:54:50,771 | INFO  | DNAudit | user=null | ip=null | op=WRITE_CHUNK {blockData=conID: 2 locID: 102656723550601218 bcsId: 0} | ret=SUCCESS |  
2019-08-21 19:54:50,771 | INFO  | DNAudit | user=null | ip=null | op=WRITE_CHUNK {blockData=conID: 2 locID: 102656723550601218 bcsId: 0} | ret=SUCCESS |  
2019-08-21 19:54:50,805 | INFO  | DNAudit | user=null | ip=null | op=PUT_BLOCK {blockData=[blockId=conID: 2 locID: 102656723550601218 bcsId: 0,size=400]} | ret=SUCCESS |  
2019-08-21 19:54:50,805 | INFO  | DNAudit | user=null | ip=null | op=PUT_BLOCK {blockData=[blockId=conID: 2 locID: 102656723550601218 bcsId: 0,size=400]} | ret=SUCCESS |  
2019-08-21 19:54:50,809 [grpc-default-executor-0] INFO  client.GrpcClientProtocolClient (GrpcClientProtocolClient.java:onNext(255)) - client-8B5CE615036D->94b68f26-af36-483b-8a8e-f4fa83132938: receive RaftClientReply:client-8B5CE615036D->94b68f26-af36-483b-8a8e-f4fa83132938@group-CA31C3CAEE6A, cid=33, SUCCESS, logIndex=7, commits[94b68f26-af36-483b-8a8e-f4fa83132938:c12, e7e5d5d3-98a0-491e-b656-94994244dcb6:c8, 6277c58b-bba4-4a90-8476-1f26e751e8fd:c8]
2019-08-21 19:54:50,817 | INFO  | DNAudit | user=null | ip=null | op=WRITE_CHUNK {blockData=conID: 2 locID: 102656723550601218 bcsId: 7} | ret=SUCCESS |  
2019-08-21 19:54:50,819 | INFO  | DNAudit | user=null | ip=null | op=PUT_BLOCK {blockData=[blockId=conID: 2 locID: 102656723550601218 bcsId: 0,size=200]} | ret=SUCCESS |  
2019-08-21 19:54:50,820 | INFO  | DNAudit | user=null | ip=null | op=WRITE_CHUNK {blockData=conID: 2 locID: 102656723550601218 bcsId: 7} | ret=SUCCESS |  
2019-08-21 19:54:50,820 | INFO  | DNAudit | user=null | ip=null | op=WRITE_CHUNK {blockData=conID: 2 locID: 102656723550601218 bcsId: 0} | ret=SUCCESS |  
2019-08-21 19:54:50,820 | INFO  | DNAudit | user=null | ip=null | op=WRITE_CHUNK {blockData=conID: 2 locID: 102656723550601218 bcsId: 7} | ret=SUCCESS |  
2019-08-21 19:54:50,821 | INFO  | DNAudit | user=null | ip=null | op=WRITE_CHUNK {blockData=conID: 2 locID: 102656723550601218 bcsId: 0} | ret=SUCCESS |  
2019-08-21 19:54:50,830 | INFO  | DNAudit | user=null | ip=null | op=PUT_BLOCK {blockData=[blockId=conID: 2 locID: 102656723550601218 bcsId: 0,size=400]} | ret=SUCCESS |  
2019-08-21 19:54:50,835 | INFO  | DNAudit | user=null | ip=null | op=WRITE_CHUNK {blockData=conID: 2 locID: 102656723550601218 bcsId: 7} | ret=SUCCESS |  
2019-08-21 19:54:50,838 [grpc-default-executor-2] INFO  client.GrpcClientProtocolClient (GrpcClientProtocolClient.java:onNext(255)) - client-8B5CE615036D->94b68f26-af36-483b-8a8e-f4fa83132938: receive RaftClientReply:client-8B5CE615036D->94b68f26-af36-483b-8a8e-f4fa83132938@group-CA31C3CAEE6A, cid=34, SUCCESS, logIndex=13, commits[94b68f26-af36-483b-8a8e-f4fa83132938:c13, e7e5d5d3-98a0-491e-b656-94994244dcb6:c12, 6277c58b-bba4-4a90-8476-1f26e751e8fd:c8]
2019-08-21 19:54:50,840 | INFO  | DNAudit | user=null | ip=null | op=PUT_BLOCK {blockData=[blockId=conID: 2 locID: 102656723550601218 bcsId: 0,size=450]} | ret=SUCCESS |  
2019-08-21 19:54:50,841 | INFO  | DNAudit | user=null | ip=null | op=WRITE_CHUNK {blockData=conID: 2 locID: 102656723550601218 bcsId: 7} | ret=SUCCESS |  
2019-08-21 19:54:50,848 [grpc-default-executor-3] INFO  client.GrpcClientProtocolClient (GrpcClientProtocolClient.java:onNext(255)) - client-8B5CE615036D->94b68f26-af36-483b-8a8e-f4fa83132938: receive RaftClientReply:client-8B5CE615036D->94b68f26-af36-483b-8a8e-f4fa83132938@group-CA31C3CAEE6A, cid=35, SUCCESS, logIndex=14, commits[94b68f26-af36-483b-8a8e-f4fa83132938:c14, e7e5d5d3-98a0-491e-b656-94994244dcb6:c12, 6277c58b-bba4-4a90-8476-1f26e751e8fd:c12]
2019-08-21 19:54:50,850 | INFO  | DNAudit | user=null | ip=null | op=WRITE_CHUNK {blockData=conID: 2 locID: 102656723550601218 bcsId: 7} | ret=SUCCESS |  
2019-08-21 19:54:51,005 | INFO  | SCMAudit | user=jenkins1000 | ip=192.168.157.235 | op=SEND_HEARTBEAT {datanodeUUID=41bf33c2-016c-4465-8a22-47ae4a465f84, command=[]} | ret=SUCCESS |  
2019-08-21 19:54:51,259 | INFO  | SCMAudit | user=jenkins1000 | ip=192.168.157.235 | op=SEND_HEARTBEAT {datanodeUUID=0a974a71-c44d-4307-b33a-cd8175088c01, command=[]} | ret=SUCCESS |  
2019-08-21 19:54:51,632 | INFO  | SCMAudit | user=jenkins1000 | ip=192.168.157.235 | op=SEND_HEARTBEAT {datanodeUUID=6277c58b-bba4-4a90-8476-1f26e751e8fd, command=[]} | ret=SUCCESS |  
2019-08-21 19:54:51,632 | INFO  | SCMAudit | user=jenkins1000 | ip=192.168.157.235 | op=SEND_HEARTBEAT {datanodeUUID=e7e5d5d3-98a0-491e-b656-94994244dcb6, command=[]} | ret=SUCCESS |  
2019-08-21 19:54:51,632 | INFO  | SCMAudit | user=jenkins1000 | ip=192.168.157.235 | op=SEND_HEARTBEAT {datanodeUUID=94b68f26-af36-483b-8a8e-f4fa83132938, command=[]} | ret=SUCCESS |  
2019-08-21 19:54:51,853 [main] WARN  scm.XceiverClientRatis (XceiverClientRatis.java:watchForCommit(262)) - 3 way commit failed on pipeline Pipeline[ Id: f3e1b92b-6ff3-4085-a366-ca31c3caee6a, Nodes: 94b68f26-af36-483b-8a8e-f4fa83132938{ip: 192.168.157.235, host: pr-hdds-1347-9fd45-2937924148, networkLocation: /default-rack, certSerialId: null}6277c58b-bba4-4a90-8476-1f26e751e8fd{ip: 192.168.157.235, host: pr-hdds-1347-9fd45-2937924148, networkLocation: /default-rack, certSerialId: null}e7e5d5d3-98a0-491e-b656-94994244dcb6{ip: 192.168.157.235, host: pr-hdds-1347-9fd45-2937924148, networkLocation: /default-rack, certSerialId: null}, Type:RATIS, Factor:THREE, State:OPEN]
java.util.concurrent.TimeoutException
	at java.util.concurrent.CompletableFuture.timedGet(CompletableFuture.java:1771)
	at java.util.concurrent.CompletableFuture.get(CompletableFuture.java:1915)
	at org.apache.hadoop.hdds.scm.XceiverClientRatis.watchForCommit(XceiverClientRatis.java:259)
	at org.apache.hadoop.hdds.scm.storage.CommitWatcher.watchForCommit(CommitWatcher.java:194)
	at org.apache.hadoop.hdds.scm.storage.CommitWatcher.watchOnLastIndex(CommitWatcher.java:157)
	at org.apache.hadoop.hdds.scm.storage.BlockOutputStream.watchForCommit(BlockOutputStream.java:347)
	at org.apache.hadoop.hdds.scm.storage.BlockOutputStream.handleFlush(BlockOutputStream.java:479)
	at org.apache.hadoop.hdds.scm.storage.BlockOutputStream.flush(BlockOutputStream.java:428)
	at org.apache.hadoop.ozone.client.io.BlockOutputStreamEntry.flush(BlockOutputStreamEntry.java:136)
	at org.apache.hadoop.ozone.client.io.KeyOutputStream.handleFlushOrClose(KeyOutputStream.java:442)
	at org.apache.hadoop.ozone.client.io.KeyOutputStream.flush(KeyOutputStream.java:396)
	at org.apache.hadoop.ozone.client.io.OzoneOutputStream.flush(OzoneOutputStream.java:54)
	at org.apache.hadoop.ozone.client.rpc.TestBlockOutputStreamWithFailures.test2DatanodesFailure(TestBlockOutputStreamWithFailures.java:502)
	at sun.reflect.NativeMethodAccessorImpl.invoke0(Native Method)
	at sun.reflect.NativeMethodAccessorImpl.invoke(NativeMethodAccessorImpl.java:62)
	at sun.reflect.DelegatingMethodAccessorImpl.invoke(DelegatingMethodAccessorImpl.java:43)
	at java.lang.reflect.Method.invoke(Method.java:498)
	at org.junit.runners.model.FrameworkMethod$1.runReflectiveCall(FrameworkMethod.java:47)
	at org.junit.internal.runners.model.ReflectiveCallable.run(ReflectiveCallable.java:12)
	at org.junit.runners.model.FrameworkMethod.invokeExplosively(FrameworkMethod.java:44)
	at org.junit.internal.runners.statements.InvokeMethod.evaluate(InvokeMethod.java:17)
	at org.junit.internal.runners.statements.RunBefores.evaluate(RunBefores.java:26)
	at org.junit.internal.runners.statements.RunAfters.evaluate(RunAfters.java:27)
	at org.junit.runners.ParentRunner.runLeaf(ParentRunner.java:271)
	at org.junit.runners.BlockJUnit4ClassRunner.runChild(BlockJUnit4ClassRunner.java:70)
	at org.junit.runners.BlockJUnit4ClassRunner.runChild(BlockJUnit4ClassRunner.java:50)
	at org.junit.runners.ParentRunner$3.run(ParentRunner.java:238)
	at org.junit.runners.ParentRunner$1.schedule(ParentRunner.java:63)
	at org.junit.runners.ParentRunner.runChildren(ParentRunner.java:236)
	at org.junit.runners.ParentRunner.access$000(ParentRunner.java:53)
	at org.junit.runners.ParentRunner$2.evaluate(ParentRunner.java:229)
	at org.junit.runners.ParentRunner.run(ParentRunner.java:309)
	at org.apache.maven.surefire.junit4.JUnit4Provider.execute(JUnit4Provider.java:365)
	at org.apache.maven.surefire.junit4.JUnit4Provider.executeWithRerun(JUnit4Provider.java:273)
	at org.apache.maven.surefire.junit4.JUnit4Provider.executeTestSet(JUnit4Provider.java:238)
	at org.apache.maven.surefire.junit4.JUnit4Provider.invoke(JUnit4Provider.java:159)
	at org.apache.maven.surefire.booter.ForkedBooter.invokeProviderInSameClassLoader(ForkedBooter.java:384)
	at org.apache.maven.surefire.booter.ForkedBooter.runSuitesInProcess(ForkedBooter.java:345)
	at org.apache.maven.surefire.booter.ForkedBooter.execute(ForkedBooter.java:126)
	at org.apache.maven.surefire.booter.ForkedBooter.main(ForkedBooter.java:418)
2019-08-21 19:54:51,969 [grpc-default-executor-0] WARN  server.GrpcLogAppender (LogUtils.java:warn(134)) - 41bf33c2-016c-4465-8a22-47ae4a465f84->f41f6f16-2e19-435e-9455-92a969fe9c75: Failed appendEntries: org.apache.ratis.thirdparty.io.grpc.StatusRuntimeException: UNAVAILABLE: io exception
2019-08-21 19:54:51,969 [grpc-default-executor-1] WARN  server.GrpcLogAppender (LogUtils.java:warn(134)) - 41bf33c2-016c-4465-8a22-47ae4a465f84->c1353731-fe9a-4fbe-979b-c923f11204b2: Failed appendEntries: org.apache.ratis.thirdparty.io.grpc.StatusRuntimeException: UNAVAILABLE: io exception
2019-08-21 19:54:51,973 [grpc-default-executor-0] INFO  impl.FollowerInfo (FollowerInfo.java:lambda$new$0(50)) - 41bf33c2-016c-4465-8a22-47ae4a465f84->f41f6f16-2e19-435e-9455-92a969fe9c75: nextIndex: updateUnconditionally 18 -> 17
2019-08-21 19:54:51,973 [grpc-default-executor-1] INFO  impl.FollowerInfo (FollowerInfo.java:lambda$new$0(50)) - 41bf33c2-016c-4465-8a22-47ae4a465f84->c1353731-fe9a-4fbe-979b-c923f11204b2: nextIndex: updateUnconditionally 15 -> 14
2019-08-21 19:54:52,002 | INFO  | SCMAudit | user=jenkins1000 | ip=192.168.157.235 | op=SEND_HEARTBEAT {datanodeUUID=41bf33c2-016c-4465-8a22-47ae4a465f84, command=[]} | ret=SUCCESS |  
2019-08-21 19:54:52,259 | INFO  | SCMAudit | user=jenkins1000 | ip=192.168.157.235 | op=SEND_HEARTBEAT {datanodeUUID=0a974a71-c44d-4307-b33a-cd8175088c01, command=[]} | ret=SUCCESS |  
2019-08-21 19:54:52,632 | INFO  | SCMAudit | user=jenkins1000 | ip=192.168.157.235 | op=SEND_HEARTBEAT {datanodeUUID=e7e5d5d3-98a0-491e-b656-94994244dcb6, command=[]} | ret=SUCCESS |  
2019-08-21 19:54:52,632 | INFO  | SCMAudit | user=jenkins1000 | ip=192.168.157.235 | op=SEND_HEARTBEAT {datanodeUUID=94b68f26-af36-483b-8a8e-f4fa83132938, command=[]} | ret=SUCCESS |  
2019-08-21 19:54:52,632 | INFO  | SCMAudit | user=jenkins1000 | ip=192.168.157.235 | op=SEND_HEARTBEAT {datanodeUUID=6277c58b-bba4-4a90-8476-1f26e751e8fd, command=[]} | ret=SUCCESS |  
2019-08-21 19:54:52,858 [main] WARN  storage.CommitWatcher (CommitWatcher.java:watchForCommit(203)) - watchForCommit failed for index 14
java.util.concurrent.TimeoutException
	at java.util.concurrent.CompletableFuture.timedGet(CompletableFuture.java:1771)
	at java.util.concurrent.CompletableFuture.get(CompletableFuture.java:1915)
	at org.apache.hadoop.hdds.scm.XceiverClientRatis.watchForCommit(XceiverClientRatis.java:268)
	at org.apache.hadoop.hdds.scm.storage.CommitWatcher.watchForCommit(CommitWatcher.java:194)
	at org.apache.hadoop.hdds.scm.storage.CommitWatcher.watchOnLastIndex(CommitWatcher.java:157)
	at org.apache.hadoop.hdds.scm.storage.BlockOutputStream.watchForCommit(BlockOutputStream.java:347)
	at org.apache.hadoop.hdds.scm.storage.BlockOutputStream.handleFlush(BlockOutputStream.java:479)
	at org.apache.hadoop.hdds.scm.storage.BlockOutputStream.flush(BlockOutputStream.java:428)
	at org.apache.hadoop.ozone.client.io.BlockOutputStreamEntry.flush(BlockOutputStreamEntry.java:136)
	at org.apache.hadoop.ozone.client.io.KeyOutputStream.handleFlushOrClose(KeyOutputStream.java:442)
	at org.apache.hadoop.ozone.client.io.KeyOutputStream.flush(KeyOutputStream.java:396)
	at org.apache.hadoop.ozone.client.io.OzoneOutputStream.flush(OzoneOutputStream.java:54)
	at org.apache.hadoop.ozone.client.rpc.TestBlockOutputStreamWithFailures.test2DatanodesFailure(TestBlockOutputStreamWithFailures.java:502)
	at sun.reflect.NativeMethodAccessorImpl.invoke0(Native Method)
	at sun.reflect.NativeMethodAccessorImpl.invoke(NativeMethodAccessorImpl.java:62)
	at sun.reflect.DelegatingMethodAccessorImpl.invoke(DelegatingMethodAccessorImpl.java:43)
	at java.lang.reflect.Method.invoke(Method.java:498)
	at org.junit.runners.model.FrameworkMethod$1.runReflectiveCall(FrameworkMethod.java:47)
	at org.junit.internal.runners.model.ReflectiveCallable.run(ReflectiveCallable.java:12)
	at org.junit.runners.model.FrameworkMethod.invokeExplosively(FrameworkMethod.java:44)
	at org.junit.internal.runners.statements.InvokeMethod.evaluate(InvokeMethod.java:17)
	at org.junit.internal.runners.statements.RunBefores.evaluate(RunBefores.java:26)
	at org.junit.internal.runners.statements.RunAfters.evaluate(RunAfters.java:27)
	at org.junit.runners.ParentRunner.runLeaf(ParentRunner.java:271)
	at org.junit.runners.BlockJUnit4ClassRunner.runChild(BlockJUnit4ClassRunner.java:70)
	at org.junit.runners.BlockJUnit4ClassRunner.runChild(BlockJUnit4ClassRunner.java:50)
	at org.junit.runners.ParentRunner$3.run(ParentRunner.java:238)
	at org.junit.runners.ParentRunner$1.schedule(ParentRunner.java:63)
	at org.junit.runners.ParentRunner.runChildren(ParentRunner.java:236)
	at org.junit.runners.ParentRunner.access$000(ParentRunner.java:53)
	at org.junit.runners.ParentRunner$2.evaluate(ParentRunner.java:229)
	at org.junit.runners.ParentRunner.run(ParentRunner.java:309)
	at org.apache.maven.surefire.junit4.JUnit4Provider.execute(JUnit4Provider.java:365)
	at org.apache.maven.surefire.junit4.JUnit4Provider.executeWithRerun(JUnit4Provider.java:273)
	at org.apache.maven.surefire.junit4.JUnit4Provider.executeTestSet(JUnit4Provider.java:238)
	at org.apache.maven.surefire.junit4.JUnit4Provider.invoke(JUnit4Provider.java:159)
	at org.apache.maven.surefire.booter.ForkedBooter.invokeProviderInSameClassLoader(ForkedBooter.java:384)
	at org.apache.maven.surefire.booter.ForkedBooter.runSuitesInProcess(ForkedBooter.java:345)
	at org.apache.maven.surefire.booter.ForkedBooter.execute(ForkedBooter.java:126)
	at org.apache.maven.surefire.booter.ForkedBooter.main(ForkedBooter.java:418)
2019-08-21 19:54:52,860 [main] WARN  io.KeyOutputStream (KeyOutputStream.java:handleException(276)) - Encountered exception java.io.IOException: Unexpected Storage Container Exception: java.io.IOException: Unexpected Storage Container Exception: java.util.concurrent.TimeoutException on the pipeline Pipeline[ Id: f3e1b92b-6ff3-4085-a366-ca31c3caee6a, Nodes: 94b68f26-af36-483b-8a8e-f4fa83132938{ip: 192.168.157.235, host: pr-hdds-1347-9fd45-2937924148, networkLocation: /default-rack, certSerialId: null}6277c58b-bba4-4a90-8476-1f26e751e8fd{ip: 192.168.157.235, host: pr-hdds-1347-9fd45-2937924148, networkLocation: /default-rack, certSerialId: null}e7e5d5d3-98a0-491e-b656-94994244dcb6{ip: 192.168.157.235, host: pr-hdds-1347-9fd45-2937924148, networkLocation: /default-rack, certSerialId: null}, Type:RATIS, Factor:THREE, State:OPEN]. The last committed block length is 400, uncommitted data length is 50 retry count 0
2019-08-21 19:54:52,875 [IPC Server handler 0 on 32841] WARN  block.BlockManagerImpl (BlockManagerImpl.java:allocateBlock(192)) - Pipeline creation failed for type:RATIS factor:THREE. Retrying get pipelines call once.
org.apache.hadoop.hdds.scm.pipeline.InsufficientDatanodesException: Cannot create pipeline of factor 3 using 2 nodes.
	at org.apache.hadoop.hdds.scm.pipeline.RatisPipelineProvider.create(RatisPipelineProvider.java:151)
	at org.apache.hadoop.hdds.scm.pipeline.PipelineFactory.create(PipelineFactory.java:57)
	at org.apache.hadoop.hdds.scm.pipeline.SCMPipelineManager.createPipeline(SCMPipelineManager.java:149)
	at org.apache.hadoop.hdds.scm.block.BlockManagerImpl.allocateBlock(BlockManagerImpl.java:190)
	at org.apache.hadoop.hdds.scm.server.SCMBlockProtocolServer.allocateBlock(SCMBlockProtocolServer.java:175)
	at org.apache.hadoop.ozone.protocolPB.ScmBlockLocationProtocolServerSideTranslatorPB.allocateScmBlock(ScmBlockLocationProtocolServerSideTranslatorPB.java:153)
	at org.apache.hadoop.ozone.protocolPB.ScmBlockLocationProtocolServerSideTranslatorPB.send(ScmBlockLocationProtocolServerSideTranslatorPB.java:112)
	at org.apache.hadoop.hdds.protocol.proto.ScmBlockLocationProtocolProtos$ScmBlockLocationProtocolService$2.callBlockingMethod(ScmBlockLocationProtocolProtos.java:13157)
	at org.apache.hadoop.ipc.ProtobufRpcEngine$Server$ProtoBufRpcInvoker.call(ProtobufRpcEngine.java:524)
	at org.apache.hadoop.ipc.RPC$Server.call(RPC.java:1025)
	at org.apache.hadoop.ipc.Server$RpcCall.run(Server.java:876)
	at org.apache.hadoop.ipc.Server$RpcCall.run(Server.java:822)
	at java.security.AccessController.doPrivileged(Native Method)
	at javax.security.auth.Subject.doAs(Subject.java:422)
	at org.apache.hadoop.security.UserGroupInformation.doAs(UserGroupInformation.java:1730)
	at org.apache.hadoop.ipc.Server$Handler.run(Server.java:2682)
2019-08-21 19:54:52,876 [IPC Server handler 0 on 32841] INFO  block.BlockManagerImpl (BlockManagerImpl.java:allocateBlock(198)) - Could not find available pipeline of type:RATIS and factor:THREE even after retrying
2019-08-21 19:54:52,877 [IPC Server handler 0 on 32841] ERROR block.BlockManagerImpl (BlockManagerImpl.java:allocateBlock(222)) - Unable to allocate a block for the size: 800, type: RATIS, factor: THREE
2019-08-21 19:54:52,877 | INFO  | SCMAudit | user=jenkins1000 | ip=192.168.157.235 | op=ALLOCATE_BLOCK {owner=c02b51c5-3764-4385-8109-5a3a0fc25840, size=800, type=RATIS, factor=THREE} | ret=SUCCESS |  
2019-08-21 19:54:52,881 | ERROR | OMAudit | user=jenkins1000 | ip=127.0.0.1 | op=ALLOCATE_BLOCK {volume=testblockoutputstream, bucket=testblockoutputstream, key=84fc9499-27e2-4746-b338-4c40074788c9, dataSize=0, replicationType=null, replicationFactor=null, keyLocationInfo=null, clientID=102656722554978304} | ret=FAILURE | org.apache.hadoop.hdds.scm.exceptions.SCMException: Allocated 0 blocks. Requested 1 blocks
	at org.apache.hadoop.hdds.scm.protocolPB.ScmBlockLocationProtocolClientSideTranslatorPB.handleError(ScmBlockLocationProtocolClientSideTranslatorPB.java:118)
	at org.apache.hadoop.hdds.scm.protocolPB.ScmBlockLocationProtocolClientSideTranslatorPB.allocateBlock(ScmBlockLocationProtocolClientSideTranslatorPB.java:156) 
2019-08-21 19:54:52,886 [main] ERROR io.BlockOutputStreamEntryPool (BlockOutputStreamEntryPool.java:allocateBlockIfNeeded(299)) - Try to allocate more blocks for write failed, already allocated 0 blocks for this write.
INTERNAL_ERROR org.apache.hadoop.ozone.om.exceptions.OMException: Allocated 0 blocks. Requested 1 blocks
	at org.apache.hadoop.ozone.om.protocolPB.OzoneManagerProtocolClientSideTranslatorPB.handleError(OzoneManagerProtocolClientSideTranslatorPB.java:725)
	at org.apache.hadoop.ozone.om.protocolPB.OzoneManagerProtocolClientSideTranslatorPB.allocateBlock(OzoneManagerProtocolClientSideTranslatorPB.java:757)
	at org.apache.hadoop.ozone.client.io.BlockOutputStreamEntryPool.allocateNewBlock(BlockOutputStreamEntryPool.java:248)
	at org.apache.hadoop.ozone.client.io.BlockOutputStreamEntryPool.allocateBlockIfNeeded(BlockOutputStreamEntryPool.java:296)
	at org.apache.hadoop.ozone.client.io.KeyOutputStream.handleWrite(KeyOutputStream.java:201)
	at org.apache.hadoop.ozone.client.io.KeyOutputStream.handleRetry(KeyOutputStream.java:376)
	at org.apache.hadoop.ozone.client.io.KeyOutputStream.handleException(KeyOutputStream.java:325)
	at org.apache.hadoop.ozone.client.io.KeyOutputStream.handleFlushOrClose(KeyOutputStream.java:448)
	at org.apache.hadoop.ozone.client.io.KeyOutputStream.flush(KeyOutputStream.java:396)
	at org.apache.hadoop.ozone.client.io.OzoneOutputStream.flush(OzoneOutputStream.java:54)
	at org.apache.hadoop.ozone.client.rpc.TestBlockOutputStreamWithFailures.test2DatanodesFailure(TestBlockOutputStreamWithFailures.java:502)
	at sun.reflect.NativeMethodAccessorImpl.invoke0(Native Method)
	at sun.reflect.NativeMethodAccessorImpl.invoke(NativeMethodAccessorImpl.java:62)
	at sun.reflect.DelegatingMethodAccessorImpl.invoke(DelegatingMethodAccessorImpl.java:43)
	at java.lang.reflect.Method.invoke(Method.java:498)
	at org.junit.runners.model.FrameworkMethod$1.runReflectiveCall(FrameworkMethod.java:47)
	at org.junit.internal.runners.model.ReflectiveCallable.run(ReflectiveCallable.java:12)
	at org.junit.runners.model.FrameworkMethod.invokeExplosively(FrameworkMethod.java:44)
	at org.junit.internal.runners.statements.InvokeMethod.evaluate(InvokeMethod.java:17)
	at org.junit.internal.runners.statements.RunBefores.evaluate(RunBefores.java:26)
	at org.junit.internal.runners.statements.RunAfters.evaluate(RunAfters.java:27)
	at org.junit.runners.ParentRunner.runLeaf(ParentRunner.java:271)
	at org.junit.runners.BlockJUnit4ClassRunner.runChild(BlockJUnit4ClassRunner.java:70)
	at org.junit.runners.BlockJUnit4ClassRunner.runChild(BlockJUnit4ClassRunner.java:50)
	at org.junit.runners.ParentRunner$3.run(ParentRunner.java:238)
	at org.junit.runners.ParentRunner$1.schedule(ParentRunner.java:63)
	at org.junit.runners.ParentRunner.runChildren(ParentRunner.java:236)
	at org.junit.runners.ParentRunner.access$000(ParentRunner.java:53)
	at org.junit.runners.ParentRunner$2.evaluate(ParentRunner.java:229)
	at org.junit.runners.ParentRunner.run(ParentRunner.java:309)
	at org.apache.maven.surefire.junit4.JUnit4Provider.execute(JUnit4Provider.java:365)
	at org.apache.maven.surefire.junit4.JUnit4Provider.executeWithRerun(JUnit4Provider.java:273)
	at org.apache.maven.surefire.junit4.JUnit4Provider.executeTestSet(JUnit4Provider.java:238)
	at org.apache.maven.surefire.junit4.JUnit4Provider.invoke(JUnit4Provider.java:159)
	at org.apache.maven.surefire.booter.ForkedBooter.invokeProviderInSameClassLoader(ForkedBooter.java:384)
	at org.apache.maven.surefire.booter.ForkedBooter.runSuitesInProcess(ForkedBooter.java:345)
	at org.apache.maven.surefire.booter.ForkedBooter.execute(ForkedBooter.java:126)
	at org.apache.maven.surefire.booter.ForkedBooter.main(ForkedBooter.java:418)
2019-08-21 19:54:52,890 [main] INFO  ozone.MiniOzoneClusterImpl (MiniOzoneClusterImpl.java:shutdown(321)) - Shutting down the Mini Ozone Cluster
2019-08-21 19:54:52,891 | INFO  | SCMAudit | user=null | ip=null | op=GET_SCM_INFO null | ret=SUCCESS |  
2019-08-21 19:54:52,891 [main] INFO  ozone.MiniOzoneClusterImpl (MiniOzoneClusterImpl.java:stop(336)) - Stopping the Mini Ozone Cluster
2019-08-21 19:54:52,891 [main] INFO  ozone.MiniOzoneClusterImpl (MiniOzoneClusterImpl.java:stop(338)) - Stopping the OzoneManager
2019-08-21 19:54:52,891 [main] INFO  ipc.Server (Server.java:stop(3082)) - Stopping server on 44244
2019-08-21 19:54:52,915 [IPC Server listener on 44244] INFO  ipc.Server (Server.java:run(1185)) - Stopping IPC Server listener on 44244
2019-08-21 19:54:52,916 [IPC Server Responder] INFO  ipc.Server (Server.java:run(1319)) - Stopping IPC Server Responder
2019-08-21 19:54:52,915 [main] INFO  ratis.OzoneManagerDoubleBuffer (OzoneManagerDoubleBuffer.java:stop(248)) - Stopping OMDoubleBuffer flush thread
2019-08-21 19:54:52,923 [OMDoubleBufferFlushThread] INFO  ratis.OzoneManagerDoubleBuffer (OzoneManagerDoubleBuffer.java:flushTransactions(191)) - OMDoubleBuffer flush thread OMDoubleBufferFlushThread is interrupted and will exit. OMDoubleBufferFlushThread
2019-08-21 19:54:52,933 [main] INFO  utils.BackgroundService (BackgroundService.java:shutdown(148)) - Shutting down service KeyDeletingService
2019-08-21 19:54:52,936 [main] INFO  handler.ContextHandler (ContextHandler.java:doStop(910)) - Stopped o.e.j.w.WebAppContext@432034a{/,null,UNAVAILABLE}{/ozoneManager}
2019-08-21 19:54:52,937 [main] INFO  server.AbstractConnector (AbstractConnector.java:doStop(318)) - Stopped ServerConnector@78de58ea{HTTP/1.1,[http/1.1]}{0.0.0.0:0}
2019-08-21 19:54:52,938 [main] INFO  handler.ContextHandler (ContextHandler.java:doStop(910)) - Stopped o.e.j.s.ServletContextHandler@7fab4be7{/static,file:///workdir/hadoop-ozone/integration-test/target/test-classes/webapps/static,UNAVAILABLE}
2019-08-21 19:54:52,938 [main] INFO  handler.ContextHandler (ContextHandler.java:doStop(910)) - Stopped o.e.j.s.ServletContextHandler@15fa55a6{/logs,file:///workdir/hadoop-ozone/integration-test/target/log,UNAVAILABLE}
2019-08-21 19:54:52,942 [main] INFO  ozone.MiniOzoneClusterImpl (MiniOzoneClusterImpl.java:stop(344)) - Shutting the HddsDatanodes
2019-08-21 19:54:52,943 [main] INFO  datanode.ObjectStoreHandler (ObjectStoreHandler.java:close(155)) - Closing ObjectStoreHandler.
2019-08-21 19:54:52,943 [ForkJoinPool.commonPool-worker-1] INFO  datanode.ObjectStoreHandler (ObjectStoreHandler.java:close(155)) - Closing ObjectStoreHandler.
2019-08-21 19:54:52,945 [main] INFO  ozone.HddsDatanodeService (HddsDatanodeService.java:stop(451)) - Stopped plug-in org.apache.hadoop.ozone.web.OzoneHddsDatanodeService@6818fd48
2019-08-21 19:54:52,945 [ForkJoinPool.commonPool-worker-1] INFO  ozone.HddsDatanodeService (HddsDatanodeService.java:stop(451)) - Stopped plug-in org.apache.hadoop.ozone.web.OzoneHddsDatanodeService@57151b3a
2019-08-21 19:54:53,002 | INFO  | SCMAudit | user=jenkins1000 | ip=192.168.157.235 | op=SEND_HEARTBEAT {datanodeUUID=41bf33c2-016c-4465-8a22-47ae4a465f84, command=[]} | ret=SUCCESS |  
2019-08-21 19:54:53,259 | INFO  | SCMAudit | user=jenkins1000 | ip=192.168.157.235 | op=SEND_HEARTBEAT {datanodeUUID=0a974a71-c44d-4307-b33a-cd8175088c01, command=[]} | ret=SUCCESS |  
2019-08-21 19:54:53,355 | INFO  | DNAudit | user=null | ip=null | op=PUT_BLOCK {blockData=[blockId=conID: 2 locID: 102656723550601218 bcsId: 0,size=450]} | ret=SUCCESS |  
2019-08-21 19:54:53,360 [grpc-default-executor-1] INFO  client.GrpcClientProtocolClient (GrpcClientProtocolClient.java:onNext(255)) - client-8B5CE615036D->94b68f26-af36-483b-8a8e-f4fa83132938: receive RaftClientReply:client-8B5CE615036D->94b68f26-af36-483b-8a8e-f4fa83132938@group-CA31C3CAEE6A, cid=37, SUCCESS, logIndex=0, commits[94b68f26-af36-483b-8a8e-f4fa83132938:c16, e7e5d5d3-98a0-491e-b656-94994244dcb6:c16, 6277c58b-bba4-4a90-8476-1f26e751e8fd:c13]
2019-08-21 19:54:53,369 | INFO  | DNAudit | user=null | ip=null | op=PUT_BLOCK {blockData=[blockId=conID: 2 locID: 102656723550601218 bcsId: 0,size=450]} | ret=SUCCESS |  
2019-08-21 19:54:53,371 [grpc-default-executor-1] INFO  client.GrpcClientProtocolClient (GrpcClientProtocolClient.java:onNext(255)) - client-8B5CE615036D->94b68f26-af36-483b-8a8e-f4fa83132938: receive RaftClientReply:client-8B5CE615036D->94b68f26-af36-483b-8a8e-f4fa83132938@group-CA31C3CAEE6A, cid=36, SUCCESS, logIndex=0, commits[94b68f26-af36-483b-8a8e-f4fa83132938:c16, e7e5d5d3-98a0-491e-b656-94994244dcb6:c16, 6277c58b-bba4-4a90-8476-1f26e751e8fd:c16]
2019-08-21 19:54:53,630 [Datanode State Machine Thread - 0] INFO  statemachine.DatanodeStateMachine (DatanodeStateMachine.java:lambda$startDaemon$0(350)) - Ozone container server started.
2019-08-21 19:54:53,630 [Datanode State Machine Thread - 0] INFO  statemachine.DatanodeStateMachine (DatanodeStateMachine.java:lambda$startDaemon$0(350)) - Ozone container server started.
2019-08-21 19:54:53,632 | INFO  | SCMAudit | user=jenkins1000 | ip=192.168.157.235 | op=SEND_HEARTBEAT {datanodeUUID=e7e5d5d3-98a0-491e-b656-94994244dcb6, command=[]} | ret=SUCCESS |  
2019-08-21 19:54:54,002 | INFO  | SCMAudit | user=jenkins1000 | ip=192.168.157.235 | op=SEND_HEARTBEAT {datanodeUUID=41bf33c2-016c-4465-8a22-47ae4a465f84, command=[]} | ret=SUCCESS |  
2019-08-21 19:54:54,259 | INFO  | SCMAudit | user=jenkins1000 | ip=192.168.157.235 | op=SEND_HEARTBEAT {datanodeUUID=0a974a71-c44d-4307-b33a-cd8175088c01, command=[]} | ret=SUCCESS |  
2019-08-21 19:54:54,472 [grpc-default-executor-2] WARN  server.GrpcLogAppender (LogUtils.java:warn(134)) - 41bf33c2-016c-4465-8a22-47ae4a465f84->f41f6f16-2e19-435e-9455-92a969fe9c75: Failed appendEntries: org.apache.ratis.thirdparty.io.grpc.StatusRuntimeException: UNAVAILABLE: io exception
2019-08-21 19:54:54,475 [grpc-default-executor-3] WARN  server.GrpcLogAppender (LogUtils.java:warn(134)) - 41bf33c2-016c-4465-8a22-47ae4a465f84->c1353731-fe9a-4fbe-979b-c923f11204b2: Failed appendEntries: org.apache.ratis.thirdparty.io.grpc.StatusRuntimeException: UNAVAILABLE: io exception
2019-08-21 19:54:54,475 [grpc-default-executor-2] INFO  impl.FollowerInfo (FollowerInfo.java:lambda$new$0(50)) - 41bf33c2-016c-4465-8a22-47ae4a465f84->f41f6f16-2e19-435e-9455-92a969fe9c75: nextIndex: updateUnconditionally 17 -> 16
2019-08-21 19:54:54,477 [grpc-default-executor-3] INFO  impl.FollowerInfo (FollowerInfo.java:lambda$new$0(50)) - 41bf33c2-016c-4465-8a22-47ae4a465f84->c1353731-fe9a-4fbe-979b-c923f11204b2: nextIndex: updateUnconditionally 14 -> 13
2019-08-21 19:54:54,632 | INFO  | SCMAudit | user=jenkins1000 | ip=192.168.157.235 | op=SEND_HEARTBEAT {datanodeUUID=e7e5d5d3-98a0-491e-b656-94994244dcb6, command=[]} | ret=SUCCESS |  
2019-08-21 19:54:55,003 | INFO  | SCMAudit | user=jenkins1000 | ip=192.168.157.235 | op=SEND_HEARTBEAT {datanodeUUID=41bf33c2-016c-4465-8a22-47ae4a465f84, command=[]} | ret=SUCCESS |  
2019-08-21 19:54:55,259 | INFO  | SCMAudit | user=jenkins1000 | ip=192.168.157.235 | op=SEND_HEARTBEAT {datanodeUUID=0a974a71-c44d-4307-b33a-cd8175088c01, command=[]} | ret=SUCCESS |  
2019-08-21 19:54:55,632 | INFO  | SCMAudit | user=jenkins1000 | ip=192.168.157.235 | op=SEND_HEARTBEAT {datanodeUUID=e7e5d5d3-98a0-491e-b656-94994244dcb6, command=[]} | ret=SUCCESS |  
2019-08-21 19:54:56,003 | INFO  | SCMAudit | user=jenkins1000 | ip=192.168.157.235 | op=SEND_HEARTBEAT {datanodeUUID=41bf33c2-016c-4465-8a22-47ae4a465f84, command=[]} | ret=SUCCESS |  
2019-08-21 19:54:56,259 | INFO  | SCMAudit | user=jenkins1000 | ip=192.168.157.235 | op=SEND_HEARTBEAT {datanodeUUID=0a974a71-c44d-4307-b33a-cd8175088c01, command=[]} | ret=SUCCESS |  
2019-08-21 19:54:56,632 | INFO  | SCMAudit | user=jenkins1000 | ip=192.168.157.235 | op=SEND_HEARTBEAT {datanodeUUID=e7e5d5d3-98a0-491e-b656-94994244dcb6, command=[]} | ret=SUCCESS |  
2019-08-21 19:54:56,976 [grpc-default-executor-0] WARN  server.GrpcLogAppender (LogUtils.java:warn(134)) - 41bf33c2-016c-4465-8a22-47ae4a465f84->f41f6f16-2e19-435e-9455-92a969fe9c75: Failed appendEntries: org.apache.ratis.thirdparty.io.grpc.StatusRuntimeException: UNAVAILABLE: io exception
2019-08-21 19:54:56,977 [grpc-default-executor-1] WARN  server.GrpcLogAppender (LogUtils.java:warn(134)) - 41bf33c2-016c-4465-8a22-47ae4a465f84->c1353731-fe9a-4fbe-979b-c923f11204b2: Failed appendEntries: org.apache.ratis.thirdparty.io.grpc.StatusRuntimeException: UNAVAILABLE: io exception
2019-08-21 19:54:56,978 [grpc-default-executor-0] INFO  impl.FollowerInfo (FollowerInfo.java:lambda$new$0(50)) - 41bf33c2-016c-4465-8a22-47ae4a465f84->f41f6f16-2e19-435e-9455-92a969fe9c75: nextIndex: updateUnconditionally 16 -> 15
2019-08-21 19:54:56,979 [grpc-default-executor-1] INFO  impl.FollowerInfo (FollowerInfo.java:lambda$new$0(50)) - 41bf33c2-016c-4465-8a22-47ae4a465f84->c1353731-fe9a-4fbe-979b-c923f11204b2: nextIndex: updateUnconditionally 13 -> 12
2019-08-21 19:54:57,004 | INFO  | SCMAudit | user=jenkins1000 | ip=192.168.157.235 | op=SEND_HEARTBEAT {datanodeUUID=41bf33c2-016c-4465-8a22-47ae4a465f84, command=[]} | ret=SUCCESS |  
2019-08-21 19:54:57,259 | INFO  | SCMAudit | user=jenkins1000 | ip=192.168.157.235 | op=SEND_HEARTBEAT {datanodeUUID=0a974a71-c44d-4307-b33a-cd8175088c01, command=[]} | ret=SUCCESS |  
2019-08-21 19:54:57,633 | INFO  | SCMAudit | user=jenkins1000 | ip=192.168.157.235 | op=SEND_HEARTBEAT {datanodeUUID=e7e5d5d3-98a0-491e-b656-94994244dcb6, command=[]} | ret=SUCCESS |  
2019-08-21 19:54:57,666 [EventQueue-StaleNodeForStaleNodeHandler] INFO  node.StaleNodeHandler (StaleNodeHandler.java:onMessage(58)) - Datanode 94b68f26-af36-483b-8a8e-f4fa83132938{ip: 192.168.157.235, host: pr-hdds-1347-9fd45-2937924148, networkLocation: /default-rack, certSerialId: null} moved to stale state. Finalizing its pipelines [PipelineID=b0a3bee5-9c5c-48dc-b3a0-73757deee1e9, PipelineID=f3e1b92b-6ff3-4085-a366-ca31c3caee6a]
2019-08-21 19:54:57,667 [EventQueue-StaleNodeForStaleNodeHandler] INFO  pipeline.SCMPipelineManager (SCMPipelineManager.java:finalizeAndDestroyPipeline(309)) - destroying pipeline:Pipeline[ Id: b0a3bee5-9c5c-48dc-b3a0-73757deee1e9, Nodes: 94b68f26-af36-483b-8a8e-f4fa83132938{ip: 192.168.157.235, host: pr-hdds-1347-9fd45-2937924148, networkLocation: /default-rack, certSerialId: null}, Type:RATIS, Factor:ONE, State:OPEN]
2019-08-21 19:54:57,667 [EventQueue-StaleNodeForStaleNodeHandler] INFO  pipeline.PipelineStateManager (PipelineStateManager.java:finalizePipeline(123)) - Pipeline Pipeline[ Id: b0a3bee5-9c5c-48dc-b3a0-73757deee1e9, Nodes: 94b68f26-af36-483b-8a8e-f4fa83132938{ip: 192.168.157.235, host: pr-hdds-1347-9fd45-2937924148, networkLocation: /default-rack, certSerialId: null}, Type:RATIS, Factor:ONE, State:CLOSED] moved to CLOSED state
2019-08-21 19:54:57,668 [EventQueue-StaleNodeForStaleNodeHandler] INFO  pipeline.SCMPipelineManager (SCMPipelineManager.java:finalizeAndDestroyPipeline(309)) - destroying pipeline:Pipeline[ Id: f3e1b92b-6ff3-4085-a366-ca31c3caee6a, Nodes: 94b68f26-af36-483b-8a8e-f4fa83132938{ip: 192.168.157.235, host: pr-hdds-1347-9fd45-2937924148, networkLocation: /default-rack, certSerialId: null}6277c58b-bba4-4a90-8476-1f26e751e8fd{ip: 192.168.157.235, host: pr-hdds-1347-9fd45-2937924148, networkLocation: /default-rack, certSerialId: null}e7e5d5d3-98a0-491e-b656-94994244dcb6{ip: 192.168.157.235, host: pr-hdds-1347-9fd45-2937924148, networkLocation: /default-rack, certSerialId: null}, Type:RATIS, Factor:THREE, State:OPEN]
2019-08-21 19:54:57,668 [EventQueue-StaleNodeForStaleNodeHandler] INFO  pipeline.PipelineStateManager (PipelineStateManager.java:finalizePipeline(123)) - Pipeline Pipeline[ Id: f3e1b92b-6ff3-4085-a366-ca31c3caee6a, Nodes: 94b68f26-af36-483b-8a8e-f4fa83132938{ip: 192.168.157.235, host: pr-hdds-1347-9fd45-2937924148, networkLocation: /default-rack, certSerialId: null}6277c58b-bba4-4a90-8476-1f26e751e8fd{ip: 192.168.157.235, host: pr-hdds-1347-9fd45-2937924148, networkLocation: /default-rack, certSerialId: null}e7e5d5d3-98a0-491e-b656-94994244dcb6{ip: 192.168.157.235, host: pr-hdds-1347-9fd45-2937924148, networkLocation: /default-rack, certSerialId: null}, Type:RATIS, Factor:THREE, State:CLOSED] moved to CLOSED state
2019-08-21 19:54:57,668 [EventQueue-CloseContainerForCloseContainerEventHandler] INFO  container.CloseContainerEventHandler (CloseContainerEventHandler.java:onMessage(61)) - Close container Event triggered for container : #2
2019-08-21 19:54:57,668 [EventQueue-StaleNodeForStaleNodeHandler] INFO  node.StaleNodeHandler (StaleNodeHandler.java:onMessage(58)) - Datanode 6277c58b-bba4-4a90-8476-1f26e751e8fd{ip: 192.168.157.235, host: pr-hdds-1347-9fd45-2937924148, networkLocation: /default-rack, certSerialId: null} moved to stale state. Finalizing its pipelines [PipelineID=f3e1b92b-6ff3-4085-a366-ca31c3caee6a, PipelineID=1a53c185-2f4b-475e-a471-5534a011a599]
2019-08-21 19:54:57,669 [EventQueue-StaleNodeForStaleNodeHandler] INFO  pipeline.SCMPipelineManager (SCMPipelineManager.java:finalizeAndDestroyPipeline(309)) - destroying pipeline:Pipeline[ Id: f3e1b92b-6ff3-4085-a366-ca31c3caee6a, Nodes: 94b68f26-af36-483b-8a8e-f4fa83132938{ip: 192.168.157.235, host: pr-hdds-1347-9fd45-2937924148, networkLocation: /default-rack, certSerialId: null}6277c58b-bba4-4a90-8476-1f26e751e8fd{ip: 192.168.157.235, host: pr-hdds-1347-9fd45-2937924148, networkLocation: /default-rack, certSerialId: null}e7e5d5d3-98a0-491e-b656-94994244dcb6{ip: 192.168.157.235, host: pr-hdds-1347-9fd45-2937924148, networkLocation: /default-rack, certSerialId: null}, Type:RATIS, Factor:THREE, State:CLOSED]
2019-08-21 19:54:57,669 [EventQueue-StaleNodeForStaleNodeHandler] INFO  pipeline.SCMPipelineManager (SCMPipelineManager.java:finalizeAndDestroyPipeline(309)) - destroying pipeline:Pipeline[ Id: 1a53c185-2f4b-475e-a471-5534a011a599, Nodes: 6277c58b-bba4-4a90-8476-1f26e751e8fd{ip: 192.168.157.235, host: pr-hdds-1347-9fd45-2937924148, networkLocation: /default-rack, certSerialId: null}, Type:RATIS, Factor:ONE, State:OPEN]
2019-08-21 19:54:57,669 [EventQueue-StaleNodeForStaleNodeHandler] INFO  pipeline.PipelineStateManager (PipelineStateManager.java:finalizePipeline(123)) - Pipeline Pipeline[ Id: 1a53c185-2f4b-475e-a471-5534a011a599, Nodes: 6277c58b-bba4-4a90-8476-1f26e751e8fd{ip: 192.168.157.235, host: pr-hdds-1347-9fd45-2937924148, networkLocation: /default-rack, certSerialId: null}, Type:RATIS, Factor:ONE, State:CLOSED] moved to CLOSED state
2019-08-21 19:54:57,948 [main] INFO  ozoneimpl.OzoneContainer (OzoneContainer.java:stop(199)) - Attempting to stop container services.
2019-08-21 19:54:57,948 [ForkJoinPool.commonPool-worker-1] INFO  ozoneimpl.OzoneContainer (OzoneContainer.java:stop(199)) - Attempting to stop container services.
2019-08-21 19:54:57,949 [main] INFO  impl.RaftServerProxy (RaftServerProxy.java:lambda$close$4(314)) - 94b68f26-af36-483b-8a8e-f4fa83132938: close
2019-08-21 19:54:57,949 [ForkJoinPool.commonPool-worker-1] INFO  impl.RaftServerProxy (RaftServerProxy.java:lambda$close$4(314)) - 6277c58b-bba4-4a90-8476-1f26e751e8fd: close
2019-08-21 19:54:57,949 [main] INFO  impl.RaftServerImpl (RaftServerImpl.java:lambda$shutdown$3(245)) - 94b68f26-af36-483b-8a8e-f4fa83132938: shutdown group-73757DEEE1E9
2019-08-21 19:54:57,950 [ForkJoinPool.commonPool-worker-1] INFO  impl.RaftServerImpl (RaftServerImpl.java:lambda$shutdown$3(245)) - 6277c58b-bba4-4a90-8476-1f26e751e8fd: shutdown group-CA31C3CAEE6A
2019-08-21 19:54:57,950 [main] INFO  util.JmxRegister (JmxRegister.java:unregister(73)) - Successfully un-registered JMX Bean with object name Ratis:service=RaftServer,group=group-73757DEEE1E9,id=94b68f26-af36-483b-8a8e-f4fa83132938
2019-08-21 19:54:57,951 [main] INFO  impl.RoleInfo (RoleInfo.java:shutdownLeaderState(104)) - 94b68f26-af36-483b-8a8e-f4fa83132938: shutdown LeaderState
2019-08-21 19:54:57,951 [ForkJoinPool.commonPool-worker-1] INFO  util.JmxRegister (JmxRegister.java:unregister(73)) - Successfully un-registered JMX Bean with object name Ratis:service=RaftServer,group=group-CA31C3CAEE6A,id=6277c58b-bba4-4a90-8476-1f26e751e8fd
2019-08-21 19:54:57,954 [ForkJoinPool.commonPool-worker-1] INFO  impl.RoleInfo (RoleInfo.java:shutdownFollowerState(121)) - 6277c58b-bba4-4a90-8476-1f26e751e8fd: shutdown FollowerState
2019-08-21 19:54:57,951 [main] INFO  impl.PendingRequests (PendingRequests.java:sendNotLeaderResponses(202)) - 94b68f26-af36-483b-8a8e-f4fa83132938-PendingRequests: sendNotLeaderResponses
2019-08-21 19:54:57,955 [Thread-315] INFO  impl.FollowerState (FollowerState.java:run(114)) - 6277c58b-bba4-4a90-8476-1f26e751e8fd: FollowerState was interrupted: java.lang.InterruptedException: sleep interrupted
2019-08-21 19:54:57,955 [StateMachineUpdater:6277c58b-bba4-4a90-8476-1f26e751e8fd:group-CA31C3CAEE6A] INFO  ratis.ContainerStateMachine (ContainerStateMachine.java:takeSnapshot(283)) - group-CA31C3CAEE6A: Taking a snapshot at:(t:1, i:16) file /workdir/hadoop-ozone/integration-test/target/test-dir/MiniOzoneClusterImpl-2406ea78-f822-4bca-8bbf-8046e2560e07/datanode-1/data/ratis/f3e1b92b-6ff3-4085-a366-ca31c3caee6a/sm/snapshot.1_16
2019-08-21 19:54:57,954 [ForkJoinPool.commonPool-worker-1] INFO  impl.StateMachineUpdater (StateMachineUpdater.java:stopAndJoin(115)) - StateMachineUpdater:6277c58b-bba4-4a90-8476-1f26e751e8fd:group-CA31C3CAEE6A: set stopIndex = 16
2019-08-21 19:54:57,957 [main] INFO  impl.StateMachineUpdater (StateMachineUpdater.java:stopAndJoin(115)) - StateMachineUpdater:94b68f26-af36-483b-8a8e-f4fa83132938:group-73757DEEE1E9: set stopIndex = 0
2019-08-21 19:54:57,958 [main] INFO  impl.RaftServerImpl (ServerState.java:close(394)) - 94b68f26-af36-483b-8a8e-f4fa83132938:group-73757DEEE1E9 closes. The last applied log index is 0
2019-08-21 19:54:57,959 [94b68f26-af36-483b-8a8e-f4fa83132938-SegmentedRaftLogWorker:Storage Directory /workdir/hadoop-ozone/integration-test/target/test-dir/MiniOzoneClusterImpl-2406ea78-f822-4bca-8bbf-8046e2560e07/datanode-4/data/ratis/b0a3bee5-9c5c-48dc-b3a0-73757deee1e9] INFO  segmented.SegmentedRaftLogWorker (SegmentedRaftLogWorker.java:run(313)) - 94b68f26-af36-483b-8a8e-f4fa83132938-SegmentedRaftLogWorker:Storage Directory /workdir/hadoop-ozone/integration-test/target/test-dir/MiniOzoneClusterImpl-2406ea78-f822-4bca-8bbf-8046e2560e07/datanode-4/data/ratis/b0a3bee5-9c5c-48dc-b3a0-73757deee1e9 was interrupted, exiting. There are 0 tasks remaining in the queue.
2019-08-21 19:54:57,961 [main] INFO  segmented.SegmentedRaftLogWorker (SegmentedRaftLogWorker.java:close(228)) - 94b68f26-af36-483b-8a8e-f4fa83132938-SegmentedRaftLogWorker:Storage Directory /workdir/hadoop-ozone/integration-test/target/test-dir/MiniOzoneClusterImpl-2406ea78-f822-4bca-8bbf-8046e2560e07/datanode-4/data/ratis/b0a3bee5-9c5c-48dc-b3a0-73757deee1e9 close()
2019-08-21 19:54:57,965 [main] INFO  impl.RaftServerImpl (RaftServerImpl.java:lambda$shutdown$3(245)) - 94b68f26-af36-483b-8a8e-f4fa83132938: shutdown group-CA31C3CAEE6A
2019-08-21 19:54:57,965 [main] INFO  util.JmxRegister (JmxRegister.java:unregister(73)) - Successfully un-registered JMX Bean with object name Ratis:service=RaftServer,group=group-CA31C3CAEE6A,id=94b68f26-af36-483b-8a8e-f4fa83132938
2019-08-21 19:54:57,966 [main] INFO  impl.RoleInfo (RoleInfo.java:shutdownLeaderState(104)) - 94b68f26-af36-483b-8a8e-f4fa83132938: shutdown LeaderState
2019-08-21 19:54:57,970 [main] INFO  impl.PendingRequests (PendingRequests.java:sendNotLeaderResponses(202)) - 94b68f26-af36-483b-8a8e-f4fa83132938-PendingRequests: sendNotLeaderResponses
2019-08-21 19:54:57,970 [org.apache.ratis.server.impl.LogAppender$AppenderDaemon$$Lambda$464/2062848121@2007ec61] WARN  server.GrpcLogAppender (GrpcLogAppender.java:mayWait(143)) - GrpcLogAppender(94b68f26-af36-483b-8a8e-f4fa83132938->6277c58b-bba4-4a90-8476-1f26e751e8fd): Wait interrupted by java.lang.InterruptedException
2019-08-21 19:54:57,970 [org.apache.ratis.server.impl.LogAppender$AppenderDaemon$$Lambda$464/2062848121@23f5ff5] WARN  server.GrpcLogAppender (GrpcLogAppender.java:mayWait(143)) - GrpcLogAppender(94b68f26-af36-483b-8a8e-f4fa83132938->e7e5d5d3-98a0-491e-b656-94994244dcb6): Wait interrupted by java.lang.InterruptedException
2019-08-21 19:54:57,971 [StateMachineUpdater:6277c58b-bba4-4a90-8476-1f26e751e8fd:group-CA31C3CAEE6A] INFO  ratis.ContainerStateMachine (ContainerStateMachine.java:takeSnapshot(294)) - group-CA31C3CAEE6A: Finished taking a snapshot at:(t:1, i:16) file:/workdir/hadoop-ozone/integration-test/target/test-dir/MiniOzoneClusterImpl-2406ea78-f822-4bca-8bbf-8046e2560e07/datanode-1/data/ratis/f3e1b92b-6ff3-4085-a366-ca31c3caee6a/sm/snapshot.1_16 time:17
2019-08-21 19:54:57,972 [StateMachineUpdater:6277c58b-bba4-4a90-8476-1f26e751e8fd:group-CA31C3CAEE6A] INFO  impl.StateMachineUpdater (StateMachineUpdater.java:takeSnapshot(242)) - StateMachineUpdater:6277c58b-bba4-4a90-8476-1f26e751e8fd:group-CA31C3CAEE6A: Took a snapshot at index 16
2019-08-21 19:54:57,972 [StateMachineUpdater:6277c58b-bba4-4a90-8476-1f26e751e8fd:group-CA31C3CAEE6A] INFO  impl.StateMachineUpdater (StateMachineUpdater.java:lambda$new$0(80)) - StateMachineUpdater:6277c58b-bba4-4a90-8476-1f26e751e8fd:group-CA31C3CAEE6A: snapshotIndex: updateIncreasingly -1 -> 16
2019-08-21 19:54:57,972 [grpc-default-executor-1] INFO  server.GrpcServerProtocolService (GrpcServerProtocolService.java:onCompleted(104)) - e7e5d5d3-98a0-491e-b656-94994244dcb6: appendEntries completed
2019-08-21 19:54:57,975 [ForkJoinPool.commonPool-worker-1] INFO  impl.RaftServerImpl (ServerState.java:close(394)) - 6277c58b-bba4-4a90-8476-1f26e751e8fd:group-CA31C3CAEE6A closes. The last applied log index is 16
2019-08-21 19:54:57,972 [grpc-default-executor-0] INFO  server.GrpcServerProtocolService (GrpcServerProtocolService.java:onCompleted(104)) - 6277c58b-bba4-4a90-8476-1f26e751e8fd: appendEntries completed
2019-08-21 19:54:57,975 [6277c58b-bba4-4a90-8476-1f26e751e8fd-SegmentedRaftLogWorker:Storage Directory /workdir/hadoop-ozone/integration-test/target/test-dir/MiniOzoneClusterImpl-2406ea78-f822-4bca-8bbf-8046e2560e07/datanode-1/data/ratis/f3e1b92b-6ff3-4085-a366-ca31c3caee6a] INFO  segmented.SegmentedRaftLogWorker (SegmentedRaftLogWorker.java:run(313)) - 6277c58b-bba4-4a90-8476-1f26e751e8fd-SegmentedRaftLogWorker:Storage Directory /workdir/hadoop-ozone/integration-test/target/test-dir/MiniOzoneClusterImpl-2406ea78-f822-4bca-8bbf-8046e2560e07/datanode-1/data/ratis/f3e1b92b-6ff3-4085-a366-ca31c3caee6a was interrupted, exiting. There are 0 tasks remaining in the queue.
2019-08-21 19:54:57,978 [ForkJoinPool.commonPool-worker-1] INFO  segmented.SegmentedRaftLogWorker (SegmentedRaftLogWorker.java:close(228)) - 6277c58b-bba4-4a90-8476-1f26e751e8fd-SegmentedRaftLogWorker:Storage Directory /workdir/hadoop-ozone/integration-test/target/test-dir/MiniOzoneClusterImpl-2406ea78-f822-4bca-8bbf-8046e2560e07/datanode-1/data/ratis/f3e1b92b-6ff3-4085-a366-ca31c3caee6a close()
2019-08-21 19:54:57,978 [grpc-default-executor-1] INFO  server.GrpcLogAppender (GrpcLogAppender.java:onCompleted(292)) - 94b68f26-af36-483b-8a8e-f4fa83132938->e7e5d5d3-98a0-491e-b656-94994244dcb6: follower responses appendEntries COMPLETED
2019-08-21 19:54:57,983 [ForkJoinPool.commonPool-worker-1] INFO  impl.RaftServerImpl (RaftServerImpl.java:lambda$shutdown$3(245)) - 6277c58b-bba4-4a90-8476-1f26e751e8fd: shutdown group-5534A011A599
2019-08-21 19:54:57,986 [grpc-default-executor-1] INFO  impl.FollowerInfo (FollowerInfo.java:lambda$new$0(50)) - 94b68f26-af36-483b-8a8e-f4fa83132938->e7e5d5d3-98a0-491e-b656-94994244dcb6: nextIndex: updateUnconditionally 17 -> 16
2019-08-21 19:54:57,983 [grpc-default-executor-0] INFO  server.GrpcLogAppender (GrpcLogAppender.java:onCompleted(292)) - 94b68f26-af36-483b-8a8e-f4fa83132938->6277c58b-bba4-4a90-8476-1f26e751e8fd: follower responses appendEntries COMPLETED
2019-08-21 19:54:57,986 [ForkJoinPool.commonPool-worker-1] INFO  util.JmxRegister (JmxRegister.java:unregister(73)) - Successfully un-registered JMX Bean with object name Ratis:service=RaftServer,group=group-5534A011A599,id=6277c58b-bba4-4a90-8476-1f26e751e8fd
2019-08-21 19:54:57,992 [StateMachineUpdater:94b68f26-af36-483b-8a8e-f4fa83132938:group-CA31C3CAEE6A] INFO  ratis.ContainerStateMachine (ContainerStateMachine.java:takeSnapshot(283)) - group-CA31C3CAEE6A: Taking a snapshot at:(t:1, i:14) file /workdir/hadoop-ozone/integration-test/target/test-dir/MiniOzoneClusterImpl-2406ea78-f822-4bca-8bbf-8046e2560e07/datanode-4/data/ratis/f3e1b92b-6ff3-4085-a366-ca31c3caee6a/sm/snapshot.1_14
2019-08-21 19:54:57,992 [grpc-default-executor-0] INFO  impl.FollowerInfo (FollowerInfo.java:lambda$new$0(50)) - 94b68f26-af36-483b-8a8e-f4fa83132938->6277c58b-bba4-4a90-8476-1f26e751e8fd: nextIndex: updateUnconditionally 17 -> 16
2019-08-21 19:54:57,991 [main] INFO  impl.StateMachineUpdater (StateMachineUpdater.java:stopAndJoin(115)) - StateMachineUpdater:94b68f26-af36-483b-8a8e-f4fa83132938:group-CA31C3CAEE6A: set stopIndex = 16
2019-08-21 19:54:57,992 [ForkJoinPool.commonPool-worker-1] INFO  impl.RoleInfo (RoleInfo.java:shutdownLeaderState(104)) - 6277c58b-bba4-4a90-8476-1f26e751e8fd: shutdown LeaderState
2019-08-21 19:54:57,995 [ForkJoinPool.commonPool-worker-1] INFO  impl.PendingRequests (PendingRequests.java:sendNotLeaderResponses(202)) - 6277c58b-bba4-4a90-8476-1f26e751e8fd-PendingRequests: sendNotLeaderResponses
2019-08-21 19:54:57,995 [ForkJoinPool.commonPool-worker-1] INFO  impl.StateMachineUpdater (StateMachineUpdater.java:stopAndJoin(115)) - StateMachineUpdater:6277c58b-bba4-4a90-8476-1f26e751e8fd:group-5534A011A599: set stopIndex = 0
2019-08-21 19:54:57,996 [ForkJoinPool.commonPool-worker-1] INFO  impl.RaftServerImpl (ServerState.java:close(394)) - 6277c58b-bba4-4a90-8476-1f26e751e8fd:group-5534A011A599 closes. The last applied log index is 0
2019-08-21 19:54:57,996 [6277c58b-bba4-4a90-8476-1f26e751e8fd-SegmentedRaftLogWorker:Storage Directory /workdir/hadoop-ozone/integration-test/target/test-dir/MiniOzoneClusterImpl-2406ea78-f822-4bca-8bbf-8046e2560e07/datanode-1/data/ratis/1a53c185-2f4b-475e-a471-5534a011a599] INFO  segmented.SegmentedRaftLogWorker (SegmentedRaftLogWorker.java:run(313)) - 6277c58b-bba4-4a90-8476-1f26e751e8fd-SegmentedRaftLogWorker:Storage Directory /workdir/hadoop-ozone/integration-test/target/test-dir/MiniOzoneClusterImpl-2406ea78-f822-4bca-8bbf-8046e2560e07/datanode-1/data/ratis/1a53c185-2f4b-475e-a471-5534a011a599 was interrupted, exiting. There are 0 tasks remaining in the queue.
2019-08-21 19:54:57,998 [ForkJoinPool.commonPool-worker-1] INFO  segmented.SegmentedRaftLogWorker (SegmentedRaftLogWorker.java:close(228)) - 6277c58b-bba4-4a90-8476-1f26e751e8fd-SegmentedRaftLogWorker:Storage Directory /workdir/hadoop-ozone/integration-test/target/test-dir/MiniOzoneClusterImpl-2406ea78-f822-4bca-8bbf-8046e2560e07/datanode-1/data/ratis/1a53c185-2f4b-475e-a471-5534a011a599 close()
2019-08-21 19:54:58,001 [ForkJoinPool.commonPool-worker-1] INFO  server.GrpcService (GrpcService.java:closeImpl(155)) - 6277c58b-bba4-4a90-8476-1f26e751e8fd: shutdown server with port 39719 now
2019-08-21 19:54:58,010 [StateMachineUpdater:94b68f26-af36-483b-8a8e-f4fa83132938:group-CA31C3CAEE6A] INFO  ratis.ContainerStateMachine (ContainerStateMachine.java:takeSnapshot(294)) - group-CA31C3CAEE6A: Finished taking a snapshot at:(t:1, i:14) file:/workdir/hadoop-ozone/integration-test/target/test-dir/MiniOzoneClusterImpl-2406ea78-f822-4bca-8bbf-8046e2560e07/datanode-4/data/ratis/f3e1b92b-6ff3-4085-a366-ca31c3caee6a/sm/snapshot.1_14 time:19
2019-08-21 19:54:58,012 [ForkJoinPool.commonPool-worker-1] INFO  server.GrpcService (GrpcService.java:closeImpl(163)) - 6277c58b-bba4-4a90-8476-1f26e751e8fd: shutdown server with port 39719 successfully
2019-08-21 19:54:58,013 [StateMachineUpdater:94b68f26-af36-483b-8a8e-f4fa83132938:group-CA31C3CAEE6A] INFO  impl.StateMachineUpdater (StateMachineUpdater.java:takeSnapshot(242)) - StateMachineUpdater:94b68f26-af36-483b-8a8e-f4fa83132938:group-CA31C3CAEE6A: Took a snapshot at index 14
2019-08-21 19:54:58,013 [StateMachineUpdater:94b68f26-af36-483b-8a8e-f4fa83132938:group-CA31C3CAEE6A] INFO  impl.StateMachineUpdater (StateMachineUpdater.java:lambda$new$0(80)) - StateMachineUpdater:94b68f26-af36-483b-8a8e-f4fa83132938:group-CA31C3CAEE6A: snapshotIndex: updateIncreasingly -1 -> 14
2019-08-21 19:54:58,014 [main] INFO  impl.RaftServerImpl (ServerState.java:close(394)) - 94b68f26-af36-483b-8a8e-f4fa83132938:group-CA31C3CAEE6A closes. The last applied log index is 16
2019-08-21 19:54:58,014 | INFO  | SCMAudit | user=jenkins1000 | ip=192.168.157.235 | op=SEND_HEARTBEAT {datanodeUUID=41bf33c2-016c-4465-8a22-47ae4a465f84, command=[]} | ret=SUCCESS |  
2019-08-21 19:54:58,015 [ForkJoinPool.commonPool-worker-1] INFO  utils.BackgroundService (BackgroundService.java:shutdown(148)) - Shutting down service BlockDeletingService
2019-08-21 19:54:58,015 [94b68f26-af36-483b-8a8e-f4fa83132938-SegmentedRaftLogWorker:Storage Directory /workdir/hadoop-ozone/integration-test/target/test-dir/MiniOzoneClusterImpl-2406ea78-f822-4bca-8bbf-8046e2560e07/datanode-4/data/ratis/f3e1b92b-6ff3-4085-a366-ca31c3caee6a] INFO  segmented.SegmentedRaftLogWorker (SegmentedRaftLogWorker.java:run(313)) - 94b68f26-af36-483b-8a8e-f4fa83132938-SegmentedRaftLogWorker:Storage Directory /workdir/hadoop-ozone/integration-test/target/test-dir/MiniOzoneClusterImpl-2406ea78-f822-4bca-8bbf-8046e2560e07/datanode-4/data/ratis/f3e1b92b-6ff3-4085-a366-ca31c3caee6a was interrupted, exiting. There are 0 tasks remaining in the queue.
2019-08-21 19:54:58,018 [main] INFO  segmented.SegmentedRaftLogWorker (SegmentedRaftLogWorker.java:close(228)) - 94b68f26-af36-483b-8a8e-f4fa83132938-SegmentedRaftLogWorker:Storage Directory /workdir/hadoop-ozone/integration-test/target/test-dir/MiniOzoneClusterImpl-2406ea78-f822-4bca-8bbf-8046e2560e07/datanode-4/data/ratis/f3e1b92b-6ff3-4085-a366-ca31c3caee6a close()
2019-08-21 19:54:58,022 [main] INFO  server.GrpcService (GrpcService.java:closeImpl(155)) - 94b68f26-af36-483b-8a8e-f4fa83132938: shutdown server with port 41789 now
2019-08-21 19:54:58,022 [refreshUsed-/workdir/hadoop-ozone/integration-test/target/test-dir/MiniOzoneClusterImpl-2406ea78-f822-4bca-8bbf-8046e2560e07/datanode-1/data/containers] WARN  fs.CachingGetSpaceUsed (CachingGetSpaceUsed.java:run(183)) - Thread Interrupted waiting to refresh disk information: sleep interrupted
2019-08-21 19:54:58,028 [main] INFO  server.GrpcService (GrpcService.java:closeImpl(163)) - 94b68f26-af36-483b-8a8e-f4fa83132938: shutdown server with port 41789 successfully
2019-08-21 19:54:58,031 [grpc-default-executor-0] WARN  client.GrpcClientProtocolService (LogUtils.java:warn(134)) - 1-UnorderedRequestStreamObserver1: onError: org.apache.ratis.thirdparty.io.grpc.StatusRuntimeException: CANCELLED: cancelled before receiving half close
2019-08-21 19:54:58,042 [main] INFO  utils.BackgroundService (BackgroundService.java:shutdown(148)) - Shutting down service BlockDeletingService
2019-08-21 19:54:58,048 [refreshUsed-/workdir/hadoop-ozone/integration-test/target/test-dir/MiniOzoneClusterImpl-2406ea78-f822-4bca-8bbf-8046e2560e07/datanode-4/data/containers] WARN  fs.CachingGetSpaceUsed (CachingGetSpaceUsed.java:run(183)) - Thread Interrupted waiting to refresh disk information: sleep interrupted
2019-08-21 19:54:58,066 [ForkJoinPool.commonPool-worker-1] INFO  statemachine.DatanodeStateMachine (DatanodeStateMachine.java:stopDaemon(395)) - Ozone container server stopped.
2019-08-21 19:54:58,071 [ForkJoinPool.commonPool-worker-1] INFO  handler.ContextHandler (ContextHandler.java:doStop(910)) - Stopped o.e.j.w.WebAppContext@697a0948{/,null,UNAVAILABLE}{/hddsDatanode}
2019-08-21 19:54:58,072 [ForkJoinPool.commonPool-worker-1] INFO  server.AbstractConnector (AbstractConnector.java:doStop(318)) - Stopped ServerConnector@7cf63b9a{HTTP/1.1,[http/1.1]}{0.0.0.0:0}
2019-08-21 19:54:58,074 [ForkJoinPool.commonPool-worker-1] INFO  handler.ContextHandler (ContextHandler.java:doStop(910)) - Stopped o.e.j.s.ServletContextHandler@31834a2b{/static,jar:file:/home/user/.m2/repository/org/apache/hadoop/hadoop-hdds-container-service/0.5.0-SNAPSHOT/hadoop-hdds-container-service-0.5.0-SNAPSHOT.jar!/webapps/static,UNAVAILABLE}
2019-08-21 19:54:58,075 [ForkJoinPool.commonPool-worker-1] INFO  handler.ContextHandler (ContextHandler.java:doStop(910)) - Stopped o.e.j.s.ServletContextHandler@2f3928ac{/logs,file:///workdir/hadoop-ozone/integration-test/target/log,UNAVAILABLE}
2019-08-21 19:54:58,079 [ForkJoinPool.commonPool-worker-1] INFO  datanode.ObjectStoreHandler (ObjectStoreHandler.java:close(155)) - Closing ObjectStoreHandler.
2019-08-21 19:54:58,080 [main] INFO  statemachine.DatanodeStateMachine (DatanodeStateMachine.java:stopDaemon(395)) - Ozone container server stopped.
2019-08-21 19:54:58,081 [ForkJoinPool.commonPool-worker-1] INFO  ozone.HddsDatanodeService (HddsDatanodeService.java:stop(451)) - Stopped plug-in org.apache.hadoop.ozone.web.OzoneHddsDatanodeService@6b0f266e
2019-08-21 19:54:58,082 [main] INFO  handler.ContextHandler (ContextHandler.java:doStop(910)) - Stopped o.e.j.w.WebAppContext@621f23ac{/,null,UNAVAILABLE}{/hddsDatanode}
2019-08-21 19:54:58,083 [main] INFO  server.AbstractConnector (AbstractConnector.java:doStop(318)) - Stopped ServerConnector@7761e342{HTTP/1.1,[http/1.1]}{0.0.0.0:0}
2019-08-21 19:54:58,083 [main] INFO  handler.ContextHandler (ContextHandler.java:doStop(910)) - Stopped o.e.j.s.ServletContextHandler@37ca3ca8{/static,jar:file:/home/user/.m2/repository/org/apache/hadoop/hadoop-hdds-container-service/0.5.0-SNAPSHOT/hadoop-hdds-container-service-0.5.0-SNAPSHOT.jar!/webapps/static,UNAVAILABLE}
2019-08-21 19:54:58,083 [main] INFO  handler.ContextHandler (ContextHandler.java:doStop(910)) - Stopped o.e.j.s.ServletContextHandler@7d50f2a8{/logs,file:///workdir/hadoop-ozone/integration-test/target/log,UNAVAILABLE}
2019-08-21 19:54:58,085 [main] INFO  datanode.ObjectStoreHandler (ObjectStoreHandler.java:close(155)) - Closing ObjectStoreHandler.
2019-08-21 19:54:58,085 [main] INFO  ozone.HddsDatanodeService (HddsDatanodeService.java:stop(451)) - Stopped plug-in org.apache.hadoop.ozone.web.OzoneHddsDatanodeService@221b77d7
2019-08-21 19:54:58,257 [Datanode State Machine Thread - 0] INFO  statemachine.DatanodeStateMachine (DatanodeStateMachine.java:lambda$startDaemon$0(350)) - Ozone container server started.
2019-08-21 19:54:58,632 [Datanode State Machine Thread - 0] INFO  statemachine.DatanodeStateMachine (DatanodeStateMachine.java:lambda$startDaemon$0(350)) - Ozone container server started.
2019-08-21 19:54:59,004 | INFO  | SCMAudit | user=jenkins1000 | ip=192.168.157.235 | op=SEND_HEARTBEAT {datanodeUUID=41bf33c2-016c-4465-8a22-47ae4a465f84, command=[]} | ret=SUCCESS |  
2019-08-21 19:54:59,480 [grpc-default-executor-3] WARN  server.GrpcLogAppender (LogUtils.java:warn(134)) - 41bf33c2-016c-4465-8a22-47ae4a465f84->f41f6f16-2e19-435e-9455-92a969fe9c75: Failed appendEntries: org.apache.ratis.thirdparty.io.grpc.StatusRuntimeException: UNAVAILABLE: io exception
2019-08-21 19:54:59,481 [grpc-default-executor-2] WARN  server.GrpcLogAppender (LogUtils.java:warn(134)) - 41bf33c2-016c-4465-8a22-47ae4a465f84->c1353731-fe9a-4fbe-979b-c923f11204b2: Failed appendEntries: org.apache.ratis.thirdparty.io.grpc.StatusRuntimeException: UNAVAILABLE: io exception
2019-08-21 19:54:59,482 [grpc-default-executor-3] INFO  impl.FollowerInfo (FollowerInfo.java:lambda$new$0(50)) - 41bf33c2-016c-4465-8a22-47ae4a465f84->f41f6f16-2e19-435e-9455-92a969fe9c75: nextIndex: updateUnconditionally 15 -> 14
2019-08-21 19:54:59,483 [grpc-default-executor-2] INFO  impl.FollowerInfo (FollowerInfo.java:lambda$new$0(50)) - 41bf33c2-016c-4465-8a22-47ae4a465f84->c1353731-fe9a-4fbe-979b-c923f11204b2: nextIndex: updateUnconditionally 12 -> 11
2019-08-21 19:55:00,004 | INFO  | SCMAudit | user=jenkins1000 | ip=192.168.157.235 | op=SEND_HEARTBEAT {datanodeUUID=41bf33c2-016c-4465-8a22-47ae4a465f84, command=[]} | ret=SUCCESS |  
2019-08-21 19:55:01,004 | INFO  | SCMAudit | user=jenkins1000 | ip=192.168.157.235 | op=SEND_HEARTBEAT {datanodeUUID=41bf33c2-016c-4465-8a22-47ae4a465f84, command=[]} | ret=SUCCESS |  
2019-08-21 19:55:01,984 [grpc-default-executor-4] WARN  server.GrpcLogAppender (LogUtils.java:warn(134)) - 41bf33c2-016c-4465-8a22-47ae4a465f84->f41f6f16-2e19-435e-9455-92a969fe9c75: Failed appendEntries: org.apache.ratis.thirdparty.io.grpc.StatusRuntimeException: UNAVAILABLE: io exception
2019-08-21 19:55:01,984 [grpc-default-executor-1] WARN  server.GrpcLogAppender (LogUtils.java:warn(134)) - 41bf33c2-016c-4465-8a22-47ae4a465f84->c1353731-fe9a-4fbe-979b-c923f11204b2: Failed appendEntries: org.apache.ratis.thirdparty.io.grpc.StatusRuntimeException: UNAVAILABLE: io exception
2019-08-21 19:55:01,990 [grpc-default-executor-4] INFO  impl.FollowerInfo (FollowerInfo.java:lambda$new$0(50)) - 41bf33c2-016c-4465-8a22-47ae4a465f84->f41f6f16-2e19-435e-9455-92a969fe9c75: nextIndex: updateUnconditionally 14 -> 13
2019-08-21 19:55:01,990 [grpc-default-executor-1] INFO  impl.FollowerInfo (FollowerInfo.java:lambda$new$0(50)) - 41bf33c2-016c-4465-8a22-47ae4a465f84->c1353731-fe9a-4fbe-979b-c923f11204b2: nextIndex: updateUnconditionally 11 -> 10
2019-08-21 19:55:02,004 | INFO  | SCMAudit | user=jenkins1000 | ip=192.168.157.235 | op=SEND_HEARTBEAT {datanodeUUID=41bf33c2-016c-4465-8a22-47ae4a465f84, command=[]} | ret=SUCCESS |  
2019-08-21 19:55:02,281 [EventQueue-StaleNodeForStaleNodeHandler] INFO  node.StaleNodeHandler (StaleNodeHandler.java:onMessage(58)) - Datanode 0a974a71-c44d-4307-b33a-cd8175088c01{ip: 192.168.157.235, host: pr-hdds-1347-9fd45-2937924148, networkLocation: /default-rack, certSerialId: null} moved to stale state. Finalizing its pipelines [PipelineID=4e13810b-65b5-4241-9850-eee08963e229]
2019-08-21 19:55:02,281 [EventQueue-StaleNodeForStaleNodeHandler] INFO  pipeline.SCMPipelineManager (SCMPipelineManager.java:finalizeAndDestroyPipeline(309)) - destroying pipeline:Pipeline[ Id: 4e13810b-65b5-4241-9850-eee08963e229, Nodes: 0a974a71-c44d-4307-b33a-cd8175088c01{ip: 192.168.157.235, host: pr-hdds-1347-9fd45-2937924148, networkLocation: /default-rack, certSerialId: null}, Type:RATIS, Factor:ONE, State:OPEN]
2019-08-21 19:55:02,281 [EventQueue-StaleNodeForStaleNodeHandler] INFO  pipeline.PipelineStateManager (PipelineStateManager.java:finalizePipeline(123)) - Pipeline Pipeline[ Id: 4e13810b-65b5-4241-9850-eee08963e229, Nodes: 0a974a71-c44d-4307-b33a-cd8175088c01{ip: 192.168.157.235, host: pr-hdds-1347-9fd45-2937924148, networkLocation: /default-rack, certSerialId: null}, Type:RATIS, Factor:ONE, State:CLOSED] moved to CLOSED state
2019-08-21 19:55:02,682 [EventQueue-StaleNodeForStaleNodeHandler] INFO  node.StaleNodeHandler (StaleNodeHandler.java:onMessage(58)) - Datanode e7e5d5d3-98a0-491e-b656-94994244dcb6{ip: 192.168.157.235, host: pr-hdds-1347-9fd45-2937924148, networkLocation: /default-rack, certSerialId: null} moved to stale state. Finalizing its pipelines [PipelineID=f3e1b92b-6ff3-4085-a366-ca31c3caee6a, PipelineID=1fc19d74-6ea2-4c54-90a6-c1250954813b]
2019-08-21 19:55:02,682 [EventQueue-StaleNodeForStaleNodeHandler] INFO  pipeline.SCMPipelineManager (SCMPipelineManager.java:finalizeAndDestroyPipeline(309)) - destroying pipeline:Pipeline[ Id: f3e1b92b-6ff3-4085-a366-ca31c3caee6a, Nodes: 94b68f26-af36-483b-8a8e-f4fa83132938{ip: 192.168.157.235, host: pr-hdds-1347-9fd45-2937924148, networkLocation: /default-rack, certSerialId: null}6277c58b-bba4-4a90-8476-1f26e751e8fd{ip: 192.168.157.235, host: pr-hdds-1347-9fd45-2937924148, networkLocation: /default-rack, certSerialId: null}e7e5d5d3-98a0-491e-b656-94994244dcb6{ip: 192.168.157.235, host: pr-hdds-1347-9fd45-2937924148, networkLocation: /default-rack, certSerialId: null}, Type:RATIS, Factor:THREE, State:CLOSED]
2019-08-21 19:55:02,682 [EventQueue-StaleNodeForStaleNodeHandler] INFO  pipeline.SCMPipelineManager (SCMPipelineManager.java:finalizeAndDestroyPipeline(309)) - destroying pipeline:Pipeline[ Id: 1fc19d74-6ea2-4c54-90a6-c1250954813b, Nodes: e7e5d5d3-98a0-491e-b656-94994244dcb6{ip: 192.168.157.235, host: pr-hdds-1347-9fd45-2937924148, networkLocation: /default-rack, certSerialId: null}, Type:RATIS, Factor:ONE, State:OPEN]
2019-08-21 19:55:02,683 [EventQueue-StaleNodeForStaleNodeHandler] INFO  pipeline.PipelineStateManager (PipelineStateManager.java:finalizePipeline(123)) - Pipeline Pipeline[ Id: 1fc19d74-6ea2-4c54-90a6-c1250954813b, Nodes: e7e5d5d3-98a0-491e-b656-94994244dcb6{ip: 192.168.157.235, host: pr-hdds-1347-9fd45-2937924148, networkLocation: /default-rack, certSerialId: null}, Type:RATIS, Factor:ONE, State:CLOSED] moved to CLOSED state
2019-08-21 19:55:03,005 | INFO  | SCMAudit | user=jenkins1000 | ip=192.168.157.235 | op=SEND_HEARTBEAT {datanodeUUID=41bf33c2-016c-4465-8a22-47ae4a465f84, command=[]} | ret=SUCCESS |  
2019-08-21 19:55:03,081 [ForkJoinPool.commonPool-worker-1] INFO  ozoneimpl.OzoneContainer (OzoneContainer.java:stop(199)) - Attempting to stop container services.
2019-08-21 19:55:03,082 [ForkJoinPool.commonPool-worker-1] INFO  impl.RaftServerProxy (RaftServerProxy.java:lambda$close$4(314)) - 0a974a71-c44d-4307-b33a-cd8175088c01: close
2019-08-21 19:55:03,083 [ForkJoinPool.commonPool-worker-1] INFO  impl.RaftServerImpl (RaftServerImpl.java:lambda$shutdown$3(245)) - 0a974a71-c44d-4307-b33a-cd8175088c01: shutdown group-EEE08963E229
2019-08-21 19:55:03,083 [ForkJoinPool.commonPool-worker-1] INFO  util.JmxRegister (JmxRegister.java:unregister(73)) - Successfully un-registered JMX Bean with object name Ratis:service=RaftServer,group=group-EEE08963E229,id=0a974a71-c44d-4307-b33a-cd8175088c01
2019-08-21 19:55:03,083 [ForkJoinPool.commonPool-worker-1] INFO  impl.RoleInfo (RoleInfo.java:shutdownLeaderState(104)) - 0a974a71-c44d-4307-b33a-cd8175088c01: shutdown LeaderState
2019-08-21 19:55:03,084 [ForkJoinPool.commonPool-worker-1] INFO  impl.PendingRequests (PendingRequests.java:sendNotLeaderResponses(202)) - 0a974a71-c44d-4307-b33a-cd8175088c01-PendingRequests: sendNotLeaderResponses
2019-08-21 19:55:03,084 [ForkJoinPool.commonPool-worker-1] INFO  impl.StateMachineUpdater (StateMachineUpdater.java:stopAndJoin(115)) - StateMachineUpdater:0a974a71-c44d-4307-b33a-cd8175088c01:group-EEE08963E229: set stopIndex = 0
2019-08-21 19:55:03,084 [ForkJoinPool.commonPool-worker-1] INFO  impl.RaftServerImpl (ServerState.java:close(394)) - 0a974a71-c44d-4307-b33a-cd8175088c01:group-EEE08963E229 closes. The last applied log index is 0
2019-08-21 19:55:03,085 [0a974a71-c44d-4307-b33a-cd8175088c01-SegmentedRaftLogWorker:Storage Directory /workdir/hadoop-ozone/integration-test/target/test-dir/MiniOzoneClusterImpl-2406ea78-f822-4bca-8bbf-8046e2560e07/datanode-2/data/ratis/4e13810b-65b5-4241-9850-eee08963e229] INFO  segmented.SegmentedRaftLogWorker (SegmentedRaftLogWorker.java:run(313)) - 0a974a71-c44d-4307-b33a-cd8175088c01-SegmentedRaftLogWorker:Storage Directory /workdir/hadoop-ozone/integration-test/target/test-dir/MiniOzoneClusterImpl-2406ea78-f822-4bca-8bbf-8046e2560e07/datanode-2/data/ratis/4e13810b-65b5-4241-9850-eee08963e229 was interrupted, exiting. There are 0 tasks remaining in the queue.
2019-08-21 19:55:03,087 [ForkJoinPool.commonPool-worker-1] INFO  segmented.SegmentedRaftLogWorker (SegmentedRaftLogWorker.java:close(228)) - 0a974a71-c44d-4307-b33a-cd8175088c01-SegmentedRaftLogWorker:Storage Directory /workdir/hadoop-ozone/integration-test/target/test-dir/MiniOzoneClusterImpl-2406ea78-f822-4bca-8bbf-8046e2560e07/datanode-2/data/ratis/4e13810b-65b5-4241-9850-eee08963e229 close()
2019-08-21 19:55:03,087 [main] INFO  ozoneimpl.OzoneContainer (OzoneContainer.java:stop(199)) - Attempting to stop container services.
2019-08-21 19:55:03,090 [ForkJoinPool.commonPool-worker-1] INFO  server.GrpcService (GrpcService.java:closeImpl(155)) - 0a974a71-c44d-4307-b33a-cd8175088c01: shutdown server with port 43418 now
2019-08-21 19:55:03,090 [main] INFO  impl.RaftServerProxy (RaftServerProxy.java:lambda$close$4(314)) - e7e5d5d3-98a0-491e-b656-94994244dcb6: close
2019-08-21 19:55:03,092 [ForkJoinPool.commonPool-worker-1] INFO  server.GrpcService (GrpcService.java:closeImpl(163)) - 0a974a71-c44d-4307-b33a-cd8175088c01: shutdown server with port 43418 successfully
2019-08-21 19:55:03,092 [main] INFO  impl.RaftServerImpl (RaftServerImpl.java:lambda$shutdown$3(245)) - e7e5d5d3-98a0-491e-b656-94994244dcb6: shutdown group-CA31C3CAEE6A
2019-08-21 19:55:03,093 [main] INFO  util.JmxRegister (JmxRegister.java:unregister(73)) - Successfully un-registered JMX Bean with object name Ratis:service=RaftServer,group=group-CA31C3CAEE6A,id=e7e5d5d3-98a0-491e-b656-94994244dcb6
2019-08-21 19:55:03,093 [main] INFO  impl.RoleInfo (RoleInfo.java:shutdownFollowerState(121)) - e7e5d5d3-98a0-491e-b656-94994244dcb6: shutdown FollowerState
2019-08-21 19:55:03,094 [main] INFO  impl.StateMachineUpdater (StateMachineUpdater.java:stopAndJoin(115)) - StateMachineUpdater:e7e5d5d3-98a0-491e-b656-94994244dcb6:group-CA31C3CAEE6A: set stopIndex = 16
2019-08-21 19:55:03,094 [StateMachineUpdater:e7e5d5d3-98a0-491e-b656-94994244dcb6:group-CA31C3CAEE6A] INFO  ratis.ContainerStateMachine (ContainerStateMachine.java:takeSnapshot(283)) - group-CA31C3CAEE6A: Taking a snapshot at:(t:1, i:16) file /workdir/hadoop-ozone/integration-test/target/test-dir/MiniOzoneClusterImpl-2406ea78-f822-4bca-8bbf-8046e2560e07/datanode-5/data/ratis/f3e1b92b-6ff3-4085-a366-ca31c3caee6a/sm/snapshot.1_16
2019-08-21 19:55:03,094 [Thread-314] INFO  impl.FollowerState (FollowerState.java:run(114)) - e7e5d5d3-98a0-491e-b656-94994244dcb6: FollowerState was interrupted: java.lang.InterruptedException: sleep interrupted
2019-08-21 19:55:03,097 [ForkJoinPool.commonPool-worker-1] INFO  utils.BackgroundService (BackgroundService.java:shutdown(148)) - Shutting down service BlockDeletingService
2019-08-21 19:55:03,101 [refreshUsed-/workdir/hadoop-ozone/integration-test/target/test-dir/MiniOzoneClusterImpl-2406ea78-f822-4bca-8bbf-8046e2560e07/datanode-2/data/containers] WARN  fs.CachingGetSpaceUsed (CachingGetSpaceUsed.java:run(183)) - Thread Interrupted waiting to refresh disk information: sleep interrupted
2019-08-21 19:55:03,108 [StateMachineUpdater:e7e5d5d3-98a0-491e-b656-94994244dcb6:group-CA31C3CAEE6A] INFO  ratis.ContainerStateMachine (ContainerStateMachine.java:takeSnapshot(294)) - group-CA31C3CAEE6A: Finished taking a snapshot at:(t:1, i:16) file:/workdir/hadoop-ozone/integration-test/target/test-dir/MiniOzoneClusterImpl-2406ea78-f822-4bca-8bbf-8046e2560e07/datanode-5/data/ratis/f3e1b92b-6ff3-4085-a366-ca31c3caee6a/sm/snapshot.1_16 time:15
2019-08-21 19:55:03,108 [StateMachineUpdater:e7e5d5d3-98a0-491e-b656-94994244dcb6:group-CA31C3CAEE6A] INFO  impl.StateMachineUpdater (StateMachineUpdater.java:takeSnapshot(242)) - StateMachineUpdater:e7e5d5d3-98a0-491e-b656-94994244dcb6:group-CA31C3CAEE6A: Took a snapshot at index 16
2019-08-21 19:55:03,108 [StateMachineUpdater:e7e5d5d3-98a0-491e-b656-94994244dcb6:group-CA31C3CAEE6A] INFO  impl.StateMachineUpdater (StateMachineUpdater.java:lambda$new$0(80)) - StateMachineUpdater:e7e5d5d3-98a0-491e-b656-94994244dcb6:group-CA31C3CAEE6A: snapshotIndex: updateIncreasingly -1 -> 16
2019-08-21 19:55:03,109 [main] INFO  impl.RaftServerImpl (ServerState.java:close(394)) - e7e5d5d3-98a0-491e-b656-94994244dcb6:group-CA31C3CAEE6A closes. The last applied log index is 16
2019-08-21 19:55:03,109 [e7e5d5d3-98a0-491e-b656-94994244dcb6-SegmentedRaftLogWorker:Storage Directory /workdir/hadoop-ozone/integration-test/target/test-dir/MiniOzoneClusterImpl-2406ea78-f822-4bca-8bbf-8046e2560e07/datanode-5/data/ratis/f3e1b92b-6ff3-4085-a366-ca31c3caee6a] INFO  segmented.SegmentedRaftLogWorker (SegmentedRaftLogWorker.java:run(313)) - e7e5d5d3-98a0-491e-b656-94994244dcb6-SegmentedRaftLogWorker:Storage Directory /workdir/hadoop-ozone/integration-test/target/test-dir/MiniOzoneClusterImpl-2406ea78-f822-4bca-8bbf-8046e2560e07/datanode-5/data/ratis/f3e1b92b-6ff3-4085-a366-ca31c3caee6a was interrupted, exiting. There are 0 tasks remaining in the queue.
2019-08-21 19:55:03,111 [main] INFO  segmented.SegmentedRaftLogWorker (SegmentedRaftLogWorker.java:close(228)) - e7e5d5d3-98a0-491e-b656-94994244dcb6-SegmentedRaftLogWorker:Storage Directory /workdir/hadoop-ozone/integration-test/target/test-dir/MiniOzoneClusterImpl-2406ea78-f822-4bca-8bbf-8046e2560e07/datanode-5/data/ratis/f3e1b92b-6ff3-4085-a366-ca31c3caee6a close()
2019-08-21 19:55:03,116 [main] INFO  impl.RaftServerImpl (RaftServerImpl.java:lambda$shutdown$3(245)) - e7e5d5d3-98a0-491e-b656-94994244dcb6: shutdown group-C1250954813B
2019-08-21 19:55:03,116 [main] INFO  util.JmxRegister (JmxRegister.java:unregister(73)) - Successfully un-registered JMX Bean with object name Ratis:service=RaftServer,group=group-C1250954813B,id=e7e5d5d3-98a0-491e-b656-94994244dcb6
2019-08-21 19:55:03,117 [main] INFO  impl.RoleInfo (RoleInfo.java:shutdownLeaderState(104)) - e7e5d5d3-98a0-491e-b656-94994244dcb6: shutdown LeaderState
2019-08-21 19:55:03,117 [main] INFO  impl.PendingRequests (PendingRequests.java:sendNotLeaderResponses(202)) - e7e5d5d3-98a0-491e-b656-94994244dcb6-PendingRequests: sendNotLeaderResponses
2019-08-21 19:55:03,118 [main] INFO  impl.StateMachineUpdater (StateMachineUpdater.java:stopAndJoin(115)) - StateMachineUpdater:e7e5d5d3-98a0-491e-b656-94994244dcb6:group-C1250954813B: set stopIndex = 0
2019-08-21 19:55:03,118 [main] INFO  impl.RaftServerImpl (ServerState.java:close(394)) - e7e5d5d3-98a0-491e-b656-94994244dcb6:group-C1250954813B closes. The last applied log index is 0
2019-08-21 19:55:03,118 [e7e5d5d3-98a0-491e-b656-94994244dcb6-SegmentedRaftLogWorker:Storage Directory /workdir/hadoop-ozone/integration-test/target/test-dir/MiniOzoneClusterImpl-2406ea78-f822-4bca-8bbf-8046e2560e07/datanode-5/data/ratis/1fc19d74-6ea2-4c54-90a6-c1250954813b] INFO  segmented.SegmentedRaftLogWorker (SegmentedRaftLogWorker.java:run(313)) - e7e5d5d3-98a0-491e-b656-94994244dcb6-SegmentedRaftLogWorker:Storage Directory /workdir/hadoop-ozone/integration-test/target/test-dir/MiniOzoneClusterImpl-2406ea78-f822-4bca-8bbf-8046e2560e07/datanode-5/data/ratis/1fc19d74-6ea2-4c54-90a6-c1250954813b was interrupted, exiting. There are 0 tasks remaining in the queue.
2019-08-21 19:55:03,119 [main] INFO  segmented.SegmentedRaftLogWorker (SegmentedRaftLogWorker.java:close(228)) - e7e5d5d3-98a0-491e-b656-94994244dcb6-SegmentedRaftLogWorker:Storage Directory /workdir/hadoop-ozone/integration-test/target/test-dir/MiniOzoneClusterImpl-2406ea78-f822-4bca-8bbf-8046e2560e07/datanode-5/data/ratis/1fc19d74-6ea2-4c54-90a6-c1250954813b close()
2019-08-21 19:55:03,120 [main] INFO  server.GrpcService (GrpcService.java:closeImpl(155)) - e7e5d5d3-98a0-491e-b656-94994244dcb6: shutdown server with port 39463 now
2019-08-21 19:55:03,120 [main] INFO  server.GrpcService (GrpcService.java:closeImpl(163)) - e7e5d5d3-98a0-491e-b656-94994244dcb6: shutdown server with port 39463 successfully
2019-08-21 19:55:03,125 [ForkJoinPool.commonPool-worker-1] INFO  statemachine.DatanodeStateMachine (DatanodeStateMachine.java:stopDaemon(395)) - Ozone container server stopped.
2019-08-21 19:55:03,128 [main] INFO  utils.BackgroundService (BackgroundService.java:shutdown(148)) - Shutting down service BlockDeletingService
2019-08-21 19:55:03,130 [ForkJoinPool.commonPool-worker-1] INFO  handler.ContextHandler (ContextHandler.java:doStop(910)) - Stopped o.e.j.w.WebAppContext@45801322{/,null,UNAVAILABLE}{/hddsDatanode}
2019-08-21 19:55:03,133 [refreshUsed-/workdir/hadoop-ozone/integration-test/target/test-dir/MiniOzoneClusterImpl-2406ea78-f822-4bca-8bbf-8046e2560e07/datanode-5/data/containers] WARN  fs.CachingGetSpaceUsed (CachingGetSpaceUsed.java:run(183)) - Thread Interrupted waiting to refresh disk information: sleep interrupted
2019-08-21 19:55:03,134 [ForkJoinPool.commonPool-worker-1] INFO  server.AbstractConnector (AbstractConnector.java:doStop(318)) - Stopped ServerConnector@756b2d90{HTTP/1.1,[http/1.1]}{0.0.0.0:0}
2019-08-21 19:55:03,135 [ForkJoinPool.commonPool-worker-1] INFO  handler.ContextHandler (ContextHandler.java:doStop(910)) - Stopped o.e.j.s.ServletContextHandler@25791d40{/static,jar:file:/home/user/.m2/repository/org/apache/hadoop/hadoop-hdds-container-service/0.5.0-SNAPSHOT/hadoop-hdds-container-service-0.5.0-SNAPSHOT.jar!/webapps/static,UNAVAILABLE}
2019-08-21 19:55:03,136 [ForkJoinPool.commonPool-worker-1] INFO  handler.ContextHandler (ContextHandler.java:doStop(910)) - Stopped o.e.j.s.ServletContextHandler@5aa76ad2{/logs,file:///workdir/hadoop-ozone/integration-test/target/log,UNAVAILABLE}
2019-08-21 19:55:03,137 [ForkJoinPool.commonPool-worker-1] INFO  datanode.ObjectStoreHandler (ObjectStoreHandler.java:close(155)) - Closing ObjectStoreHandler.
2019-08-21 19:55:03,138 [ForkJoinPool.commonPool-worker-1] INFO  ozone.HddsDatanodeService (HddsDatanodeService.java:stop(451)) - Stopped plug-in org.apache.hadoop.ozone.web.OzoneHddsDatanodeService@27976390
2019-08-21 19:55:03,150 [main] INFO  statemachine.DatanodeStateMachine (DatanodeStateMachine.java:stopDaemon(395)) - Ozone container server stopped.
2019-08-21 19:55:03,151 [main] INFO  handler.ContextHandler (ContextHandler.java:doStop(910)) - Stopped o.e.j.w.WebAppContext@5c82031b{/,null,UNAVAILABLE}{/hddsDatanode}
2019-08-21 19:55:03,152 [main] INFO  server.AbstractConnector (AbstractConnector.java:doStop(318)) - Stopped ServerConnector@274fdea6{HTTP/1.1,[http/1.1]}{0.0.0.0:0}
2019-08-21 19:55:03,153 [main] INFO  handler.ContextHandler (ContextHandler.java:doStop(910)) - Stopped o.e.j.s.ServletContextHandler@4e17442f{/static,jar:file:/home/user/.m2/repository/org/apache/hadoop/hadoop-hdds-container-service/0.5.0-SNAPSHOT/hadoop-hdds-container-service-0.5.0-SNAPSHOT.jar!/webapps/static,UNAVAILABLE}
2019-08-21 19:55:03,153 [main] INFO  handler.ContextHandler (ContextHandler.java:doStop(910)) - Stopped o.e.j.s.ServletContextHandler@63f9ddf9{/logs,file:///workdir/hadoop-ozone/integration-test/target/log,UNAVAILABLE}
2019-08-21 19:55:04,003 [Datanode State Machine Thread - 0] INFO  statemachine.DatanodeStateMachine (DatanodeStateMachine.java:lambda$startDaemon$0(350)) - Ozone container server started.
2019-08-21 19:55:04,487 [grpc-default-executor-2] WARN  server.GrpcLogAppender (LogUtils.java:warn(134)) - 41bf33c2-016c-4465-8a22-47ae4a465f84->f41f6f16-2e19-435e-9455-92a969fe9c75: Failed appendEntries: org.apache.ratis.thirdparty.io.grpc.StatusRuntimeException: UNAVAILABLE: io exception
2019-08-21 19:55:04,487 [grpc-default-executor-4] WARN  server.GrpcLogAppender (LogUtils.java:warn(134)) - 41bf33c2-016c-4465-8a22-47ae4a465f84->c1353731-fe9a-4fbe-979b-c923f11204b2: Failed appendEntries: org.apache.ratis.thirdparty.io.grpc.StatusRuntimeException: UNAVAILABLE: io exception
2019-08-21 19:55:04,489 [grpc-default-executor-2] INFO  impl.FollowerInfo (FollowerInfo.java:lambda$new$0(50)) - 41bf33c2-016c-4465-8a22-47ae4a465f84->f41f6f16-2e19-435e-9455-92a969fe9c75: nextIndex: updateUnconditionally 13 -> 12
2019-08-21 19:55:04,490 [grpc-default-executor-4] INFO  impl.FollowerInfo (FollowerInfo.java:lambda$new$0(50)) - 41bf33c2-016c-4465-8a22-47ae4a465f84->c1353731-fe9a-4fbe-979b-c923f11204b2: nextIndex: updateUnconditionally 10 -> 9
2019-08-21 19:55:06,988 [grpc-default-executor-3] WARN  server.GrpcLogAppender (LogUtils.java:warn(134)) - 41bf33c2-016c-4465-8a22-47ae4a465f84->f41f6f16-2e19-435e-9455-92a969fe9c75: Failed appendEntries: org.apache.ratis.thirdparty.io.grpc.StatusRuntimeException: UNAVAILABLE: io exception
2019-08-21 19:55:06,988 [grpc-default-executor-4] WARN  server.GrpcLogAppender (LogUtils.java:warn(134)) - 41bf33c2-016c-4465-8a22-47ae4a465f84->c1353731-fe9a-4fbe-979b-c923f11204b2: Failed appendEntries: org.apache.ratis.thirdparty.io.grpc.StatusRuntimeException: UNAVAILABLE: io exception
2019-08-21 19:55:06,989 [grpc-default-executor-3] INFO  impl.FollowerInfo (FollowerInfo.java:lambda$new$0(50)) - 41bf33c2-016c-4465-8a22-47ae4a465f84->f41f6f16-2e19-435e-9455-92a969fe9c75: nextIndex: updateUnconditionally 12 -> 11
2019-08-21 19:55:06,990 [grpc-default-executor-4] INFO  impl.FollowerInfo (FollowerInfo.java:lambda$new$0(50)) - 41bf33c2-016c-4465-8a22-47ae4a465f84->c1353731-fe9a-4fbe-979b-c923f11204b2: nextIndex: updateUnconditionally 9 -> 8
2019-08-21 19:55:08,092 [EventQueue-StaleNodeForStaleNodeHandler] INFO  node.StaleNodeHandler (StaleNodeHandler.java:onMessage(58)) - Datanode 41bf33c2-016c-4465-8a22-47ae4a465f84{ip: 192.168.157.235, host: pr-hdds-1347-9fd45-2937924148, networkLocation: /default-rack, certSerialId: null} moved to stale state. Finalizing its pipelines [PipelineID=060cfebc-e082-4d9c-9330-637dfdd263c2, PipelineID=8c26c0fe-164f-41e5-8dfb-30378b4a82f8]
2019-08-21 19:55:08,092 [EventQueue-StaleNodeForStaleNodeHandler] INFO  pipeline.SCMPipelineManager (SCMPipelineManager.java:finalizeAndDestroyPipeline(309)) - destroying pipeline:Pipeline[ Id: 060cfebc-e082-4d9c-9330-637dfdd263c2, Nodes: c1353731-fe9a-4fbe-979b-c923f11204b2{ip: 192.168.157.235, host: pr-hdds-1347-9fd45-2937924148, networkLocation: /default-rack, certSerialId: null}f41f6f16-2e19-435e-9455-92a969fe9c75{ip: 192.168.157.235, host: pr-hdds-1347-9fd45-2937924148, networkLocation: /default-rack, certSerialId: null}41bf33c2-016c-4465-8a22-47ae4a465f84{ip: 192.168.157.235, host: pr-hdds-1347-9fd45-2937924148, networkLocation: /default-rack, certSerialId: null}, Type:RATIS, Factor:THREE, State:CLOSED]
2019-08-21 19:55:08,093 [EventQueue-StaleNodeForStaleNodeHandler] INFO  pipeline.SCMPipelineManager (SCMPipelineManager.java:finalizeAndDestroyPipeline(309)) - destroying pipeline:Pipeline[ Id: 8c26c0fe-164f-41e5-8dfb-30378b4a82f8, Nodes: 41bf33c2-016c-4465-8a22-47ae4a465f84{ip: 192.168.157.235, host: pr-hdds-1347-9fd45-2937924148, networkLocation: /default-rack, certSerialId: null}, Type:RATIS, Factor:ONE, State:OPEN]
2019-08-21 19:55:08,093 [EventQueue-StaleNodeForStaleNodeHandler] INFO  pipeline.PipelineStateManager (PipelineStateManager.java:finalizePipeline(123)) - Pipeline Pipeline[ Id: 8c26c0fe-164f-41e5-8dfb-30378b4a82f8, Nodes: 41bf33c2-016c-4465-8a22-47ae4a465f84{ip: 192.168.157.235, host: pr-hdds-1347-9fd45-2937924148, networkLocation: /default-rack, certSerialId: null}, Type:RATIS, Factor:ONE, State:CLOSED] moved to CLOSED state
2019-08-21 19:55:08,138 [ForkJoinPool.commonPool-worker-1] INFO  ozoneimpl.OzoneContainer (OzoneContainer.java:stop(199)) - Attempting to stop container services.
2019-08-21 19:55:08,139 [ForkJoinPool.commonPool-worker-1] INFO  impl.RaftServerProxy (RaftServerProxy.java:lambda$close$4(314)) - 41bf33c2-016c-4465-8a22-47ae4a465f84: close
2019-08-21 19:55:08,139 [ForkJoinPool.commonPool-worker-1] INFO  impl.RaftServerImpl (RaftServerImpl.java:lambda$shutdown$3(245)) - 41bf33c2-016c-4465-8a22-47ae4a465f84: shutdown group-637DFDD263C2
2019-08-21 19:55:08,139 [ForkJoinPool.commonPool-worker-1] INFO  util.JmxRegister (JmxRegister.java:unregister(73)) - Successfully un-registered JMX Bean with object name Ratis:service=RaftServer,group=group-637DFDD263C2,id=41bf33c2-016c-4465-8a22-47ae4a465f84
2019-08-21 19:55:08,140 [ForkJoinPool.commonPool-worker-1] INFO  impl.RoleInfo (RoleInfo.java:shutdownLeaderState(104)) - 41bf33c2-016c-4465-8a22-47ae4a465f84: shutdown LeaderState
2019-08-21 19:55:08,141 [org.apache.ratis.server.impl.LogAppender$AppenderDaemon$$Lambda$464/2062848121@560c1c34] WARN  server.GrpcLogAppender (GrpcLogAppender.java:mayWait(143)) - GrpcLogAppender(41bf33c2-016c-4465-8a22-47ae4a465f84->f41f6f16-2e19-435e-9455-92a969fe9c75): Wait interrupted by java.lang.InterruptedException
2019-08-21 19:55:08,141 [ForkJoinPool.commonPool-worker-1] INFO  impl.PendingRequests (PendingRequests.java:sendNotLeaderResponses(202)) - 41bf33c2-016c-4465-8a22-47ae4a465f84-PendingRequests: sendNotLeaderResponses
2019-08-21 19:55:08,141 [org.apache.ratis.server.impl.LogAppender$AppenderDaemon$$Lambda$464/2062848121@130e8891] WARN  server.GrpcLogAppender (GrpcLogAppender.java:mayWait(143)) - GrpcLogAppender(41bf33c2-016c-4465-8a22-47ae4a465f84->c1353731-fe9a-4fbe-979b-c923f11204b2): Wait interrupted by java.lang.InterruptedException
2019-08-21 19:55:08,143 [ForkJoinPool.commonPool-worker-1] INFO  impl.StateMachineUpdater (StateMachineUpdater.java:stopAndJoin(115)) - StateMachineUpdater:41bf33c2-016c-4465-8a22-47ae4a465f84:group-637DFDD263C2: set stopIndex = 18
2019-08-21 19:55:08,143 [StateMachineUpdater:41bf33c2-016c-4465-8a22-47ae4a465f84:group-637DFDD263C2] INFO  ratis.ContainerStateMachine (ContainerStateMachine.java:takeSnapshot(283)) - group-637DFDD263C2: Taking a snapshot at:(t:1, i:18) file /workdir/hadoop-ozone/integration-test/target/test-dir/MiniOzoneClusterImpl-2406ea78-f822-4bca-8bbf-8046e2560e07/datanode-0/data/ratis/060cfebc-e082-4d9c-9330-637dfdd263c2/sm/snapshot.1_18
2019-08-21 19:55:08,156 [StateMachineUpdater:41bf33c2-016c-4465-8a22-47ae4a465f84:group-637DFDD263C2] INFO  ratis.ContainerStateMachine (ContainerStateMachine.java:takeSnapshot(294)) - group-637DFDD263C2: Finished taking a snapshot at:(t:1, i:18) file:/workdir/hadoop-ozone/integration-test/target/test-dir/MiniOzoneClusterImpl-2406ea78-f822-4bca-8bbf-8046e2560e07/datanode-0/data/ratis/060cfebc-e082-4d9c-9330-637dfdd263c2/sm/snapshot.1_18 time:13
2019-08-21 19:55:08,156 [StateMachineUpdater:41bf33c2-016c-4465-8a22-47ae4a465f84:group-637DFDD263C2] INFO  impl.StateMachineUpdater (StateMachineUpdater.java:takeSnapshot(242)) - StateMachineUpdater:41bf33c2-016c-4465-8a22-47ae4a465f84:group-637DFDD263C2: Took a snapshot at index 18
2019-08-21 19:55:08,156 [StateMachineUpdater:41bf33c2-016c-4465-8a22-47ae4a465f84:group-637DFDD263C2] INFO  impl.StateMachineUpdater (StateMachineUpdater.java:lambda$new$0(80)) - StateMachineUpdater:41bf33c2-016c-4465-8a22-47ae4a465f84:group-637DFDD263C2: snapshotIndex: updateIncreasingly -1 -> 18
2019-08-21 19:55:08,157 [ForkJoinPool.commonPool-worker-1] INFO  impl.RaftServerImpl (ServerState.java:close(394)) - 41bf33c2-016c-4465-8a22-47ae4a465f84:group-637DFDD263C2 closes. The last applied log index is 18
2019-08-21 19:55:08,157 [41bf33c2-016c-4465-8a22-47ae4a465f84-SegmentedRaftLogWorker:Storage Directory /workdir/hadoop-ozone/integration-test/target/test-dir/MiniOzoneClusterImpl-2406ea78-f822-4bca-8bbf-8046e2560e07/datanode-0/data/ratis/060cfebc-e082-4d9c-9330-637dfdd263c2] INFO  segmented.SegmentedRaftLogWorker (SegmentedRaftLogWorker.java:run(313)) - 41bf33c2-016c-4465-8a22-47ae4a465f84-SegmentedRaftLogWorker:Storage Directory /workdir/hadoop-ozone/integration-test/target/test-dir/MiniOzoneClusterImpl-2406ea78-f822-4bca-8bbf-8046e2560e07/datanode-0/data/ratis/060cfebc-e082-4d9c-9330-637dfdd263c2 was interrupted, exiting. There are 0 tasks remaining in the queue.
2019-08-21 19:55:08,158 [ForkJoinPool.commonPool-worker-1] INFO  segmented.SegmentedRaftLogWorker (SegmentedRaftLogWorker.java:close(228)) - 41bf33c2-016c-4465-8a22-47ae4a465f84-SegmentedRaftLogWorker:Storage Directory /workdir/hadoop-ozone/integration-test/target/test-dir/MiniOzoneClusterImpl-2406ea78-f822-4bca-8bbf-8046e2560e07/datanode-0/data/ratis/060cfebc-e082-4d9c-9330-637dfdd263c2 close()
2019-08-21 19:55:08,158 [ForkJoinPool.commonPool-worker-1] INFO  impl.RaftServerImpl (RaftServerImpl.java:lambda$shutdown$3(245)) - 41bf33c2-016c-4465-8a22-47ae4a465f84: shutdown group-30378B4A82F8
2019-08-21 19:55:08,159 [ForkJoinPool.commonPool-worker-1] INFO  util.JmxRegister (JmxRegister.java:unregister(73)) - Successfully un-registered JMX Bean with object name Ratis:service=RaftServer,group=group-30378B4A82F8,id=41bf33c2-016c-4465-8a22-47ae4a465f84
2019-08-21 19:55:08,159 [ForkJoinPool.commonPool-worker-1] INFO  impl.RoleInfo (RoleInfo.java:shutdownLeaderState(104)) - 41bf33c2-016c-4465-8a22-47ae4a465f84: shutdown LeaderState
2019-08-21 19:55:08,159 [ForkJoinPool.commonPool-worker-1] INFO  impl.PendingRequests (PendingRequests.java:sendNotLeaderResponses(202)) - 41bf33c2-016c-4465-8a22-47ae4a465f84-PendingRequests: sendNotLeaderResponses
2019-08-21 19:55:08,159 [ForkJoinPool.commonPool-worker-1] INFO  impl.StateMachineUpdater (StateMachineUpdater.java:stopAndJoin(115)) - StateMachineUpdater:41bf33c2-016c-4465-8a22-47ae4a465f84:group-30378B4A82F8: set stopIndex = 0
2019-08-21 19:55:08,160 [ForkJoinPool.commonPool-worker-1] INFO  impl.RaftServerImpl (ServerState.java:close(394)) - 41bf33c2-016c-4465-8a22-47ae4a465f84:group-30378B4A82F8 closes. The last applied log index is 0
2019-08-21 19:55:08,160 [41bf33c2-016c-4465-8a22-47ae4a465f84-SegmentedRaftLogWorker:Storage Directory /workdir/hadoop-ozone/integration-test/target/test-dir/MiniOzoneClusterImpl-2406ea78-f822-4bca-8bbf-8046e2560e07/datanode-0/data/ratis/8c26c0fe-164f-41e5-8dfb-30378b4a82f8] INFO  segmented.SegmentedRaftLogWorker (SegmentedRaftLogWorker.java:run(313)) - 41bf33c2-016c-4465-8a22-47ae4a465f84-SegmentedRaftLogWorker:Storage Directory /workdir/hadoop-ozone/integration-test/target/test-dir/MiniOzoneClusterImpl-2406ea78-f822-4bca-8bbf-8046e2560e07/datanode-0/data/ratis/8c26c0fe-164f-41e5-8dfb-30378b4a82f8 was interrupted, exiting. There are 0 tasks remaining in the queue.
2019-08-21 19:55:08,160 [ForkJoinPool.commonPool-worker-1] INFO  segmented.SegmentedRaftLogWorker (SegmentedRaftLogWorker.java:close(228)) - 41bf33c2-016c-4465-8a22-47ae4a465f84-SegmentedRaftLogWorker:Storage Directory /workdir/hadoop-ozone/integration-test/target/test-dir/MiniOzoneClusterImpl-2406ea78-f822-4bca-8bbf-8046e2560e07/datanode-0/data/ratis/8c26c0fe-164f-41e5-8dfb-30378b4a82f8 close()
2019-08-21 19:55:08,161 [ForkJoinPool.commonPool-worker-1] INFO  server.GrpcService (GrpcService.java:closeImpl(155)) - 41bf33c2-016c-4465-8a22-47ae4a465f84: shutdown server with port 41191 now
2019-08-21 19:55:08,163 [grpc-default-executor-4] WARN  client.GrpcClientProtocolService (LogUtils.java:warn(134)) - 2-UnorderedRequestStreamObserver2: onError: org.apache.ratis.thirdparty.io.grpc.StatusRuntimeException: CANCELLED: cancelled before receiving half close
2019-08-21 19:55:08,164 [ForkJoinPool.commonPool-worker-1] INFO  server.GrpcService (GrpcService.java:closeImpl(163)) - 41bf33c2-016c-4465-8a22-47ae4a465f84: shutdown server with port 41191 successfully
2019-08-21 19:55:08,169 [ForkJoinPool.commonPool-worker-1] INFO  utils.BackgroundService (BackgroundService.java:shutdown(148)) - Shutting down service BlockDeletingService
2019-08-21 19:55:08,171 [refreshUsed-/workdir/hadoop-ozone/integration-test/target/test-dir/MiniOzoneClusterImpl-2406ea78-f822-4bca-8bbf-8046e2560e07/datanode-0/data/containers] WARN  fs.CachingGetSpaceUsed (CachingGetSpaceUsed.java:run(183)) - Thread Interrupted waiting to refresh disk information: sleep interrupted
2019-08-21 19:55:08,188 [ForkJoinPool.commonPool-worker-1] INFO  statemachine.DatanodeStateMachine (DatanodeStateMachine.java:stopDaemon(395)) - Ozone container server stopped.
2019-08-21 19:55:08,190 [ForkJoinPool.commonPool-worker-1] INFO  handler.ContextHandler (ContextHandler.java:doStop(910)) - Stopped o.e.j.w.WebAppContext@4c58255{/,null,UNAVAILABLE}{/hddsDatanode}
2019-08-21 19:55:08,191 [ForkJoinPool.commonPool-worker-1] INFO  server.AbstractConnector (AbstractConnector.java:doStop(318)) - Stopped ServerConnector@eac3a26{HTTP/1.1,[http/1.1]}{0.0.0.0:0}
2019-08-21 19:55:08,192 [ForkJoinPool.commonPool-worker-1] INFO  handler.ContextHandler (ContextHandler.java:doStop(910)) - Stopped o.e.j.s.ServletContextHandler@50fb33a{/static,jar:file:/home/user/.m2/repository/org/apache/hadoop/hadoop-hdds-container-service/0.5.0-SNAPSHOT/hadoop-hdds-container-service-0.5.0-SNAPSHOT.jar!/webapps/static,UNAVAILABLE}
2019-08-21 19:55:08,192 [ForkJoinPool.commonPool-worker-1] INFO  handler.ContextHandler (ContextHandler.java:doStop(910)) - Stopped o.e.j.s.ServletContextHandler@6a1d3225{/logs,file:///workdir/hadoop-ozone/integration-test/target/log,UNAVAILABLE}
2019-08-21 19:55:08,193 [main] INFO  ozone.MiniOzoneClusterImpl (MiniOzoneClusterImpl.java:stop(353)) - Stopping the StorageContainerManager
2019-08-21 19:55:08,193 [main] INFO  server.StorageContainerManager (StorageContainerManager.java:stop(797)) - Stopping Replication Manager Service.
2019-08-21 19:55:08,194 [main] INFO  container.ReplicationManager (ReplicationManager.java:stop(193)) - Stopping Replication Monitor Thread.
2019-08-21 19:55:08,194 [main] INFO  server.StorageContainerManager (StorageContainerManager.java:stop(804)) - Stopping Lease Manager of the command watchers
2019-08-21 19:55:08,194 [main] INFO  server.StorageContainerManager (StorageContainerManager.java:stop(811)) - Stopping datanode service RPC server
2019-08-21 19:55:08,194 [main] INFO  server.SCMDatanodeProtocolServer (SCMDatanodeProtocolServer.java:stop(367)) - Stopping the RPC server for DataNodes
2019-08-21 19:55:08,194 [main] INFO  ipc.Server (Server.java:stop(3082)) - Stopping server on 41780
2019-08-21 19:55:08,196 [IPC Server Responder] INFO  ipc.Server (Server.java:run(1319)) - Stopping IPC Server Responder
2019-08-21 19:55:08,196 [IPC Server listener on 41780] INFO  ipc.Server (Server.java:run(1185)) - Stopping IPC Server listener on 41780
2019-08-21 19:55:08,292 [SCM Heartbeat Processing Thread - 0] WARN  node.NodeStateManager (NodeStateManager.java:scheduleNextHealthCheck(646)) - Current Thread is interrupted, shutting down HB processing thread for Node Manager.
2019-08-21 19:55:08,292 [main] INFO  server.StorageContainerManager (StorageContainerManager.java:stop(819)) - Stopping block service RPC server
2019-08-21 19:55:08,293 [main] INFO  server.SCMBlockProtocolServer (SCMBlockProtocolServer.java:stop(148)) - Stopping the RPC server for Block Protocol
2019-08-21 19:55:08,293 [main] INFO  ipc.Server (Server.java:stop(3082)) - Stopping server on 32841
2019-08-21 19:55:08,293 [IPC Server listener on 32841] INFO  ipc.Server (Server.java:run(1185)) - Stopping IPC Server listener on 32841
2019-08-21 19:55:08,293 [main] INFO  server.StorageContainerManager (StorageContainerManager.java:stop(826)) - Stopping the StorageContainerLocationProtocol RPC server
2019-08-21 19:55:08,294 [main] INFO  server.SCMClientProtocolServer (SCMClientProtocolServer.java:stop(159)) - Stopping the RPC server for Client Protocol
2019-08-21 19:55:08,294 [IPC Server Responder] INFO  ipc.Server (Server.java:run(1319)) - Stopping IPC Server Responder
2019-08-21 19:55:08,294 [main] INFO  ipc.Server (Server.java:stop(3082)) - Stopping server on 33655
2019-08-21 19:55:08,296 [IPC Server listener on 33655] INFO  ipc.Server (Server.java:run(1185)) - Stopping IPC Server listener on 33655
2019-08-21 19:55:08,296 [main] INFO  server.StorageContainerManager (StorageContainerManager.java:stop(833)) - Stopping Storage Container Manager HTTP server.
2019-08-21 19:55:08,296 [IPC Server Responder] INFO  ipc.Server (Server.java:run(1319)) - Stopping IPC Server Responder
2019-08-21 19:55:08,297 [main] INFO  handler.ContextHandler (ContextHandler.java:doStop(910)) - Stopped o.e.j.w.WebAppContext@48f5bde6{/,null,UNAVAILABLE}{/scm}
2019-08-21 19:55:08,297 [main] INFO  server.AbstractConnector (AbstractConnector.java:doStop(318)) - Stopped ServerConnector@6d511b5f{HTTP/1.1,[http/1.1]}{0.0.0.0:0}
2019-08-21 19:55:08,298 [main] INFO  handler.ContextHandler (ContextHandler.java:doStop(910)) - Stopped o.e.j.s.ServletContextHandler@5c530d1e{/static,file:///workdir/hadoop-ozone/integration-test/target/test-classes/webapps/static,UNAVAILABLE}
2019-08-21 19:55:08,298 [main] INFO  handler.ContextHandler (ContextHandler.java:doStop(910)) - Stopped o.e.j.s.ServletContextHandler@5286c33a{/logs,file:///workdir/hadoop-ozone/integration-test/target/log,UNAVAILABLE}
2019-08-21 19:55:08,299 [main] INFO  server.StorageContainerManager (StorageContainerManager.java:stop(844)) - Stopping Block Manager Service.
2019-08-21 19:55:08,299 [main] INFO  utils.BackgroundService (BackgroundService.java:shutdown(148)) - Shutting down service SCMBlockDeletingService
2019-08-21 19:55:08,300 [main] INFO  utils.BackgroundService (BackgroundService.java:shutdown(148)) - Shutting down service SCMBlockDeletingService
2019-08-21 19:55:08,300 [main] INFO  server.StorageContainerManager (StorageContainerManager.java:stop(866)) - Stopping SCM Event Queue.
2019-08-21 19:55:08,305 [main] INFO  impl.MetricsSystemImpl (MetricsSystemImpl.java:stop(210)) - Stopping XceiverClientMetrics metrics system...
2019-08-21 19:55:08,309 [main] INFO  impl.MetricsSystemImpl (MetricsSystemImpl.java:stop(216)) - XceiverClientMetrics metrics system stopped.
]]></system-out>
    <system-err><![CDATA[Aug 21, 2019 7:54:27 PM com.sun.jersey.server.impl.application.WebApplicationImpl _initiate
INFO: Initiating Jersey application, version 'Jersey: 1.19 02/11/2015 03:25 AM'
Aug 21, 2019 7:54:28 PM com.sun.jersey.server.impl.application.WebApplicationImpl _initiate
INFO: Initiating Jersey application, version 'Jersey: 1.19 02/11/2015 03:25 AM'
Aug 21, 2019 7:54:28 PM com.sun.jersey.server.impl.application.WebApplicationImpl _initiate
INFO: Initiating Jersey application, version 'Jersey: 1.19 02/11/2015 03:25 AM'
Aug 21, 2019 7:54:28 PM com.sun.jersey.server.impl.application.WebApplicationImpl _initiate
INFO: Initiating Jersey application, version 'Jersey: 1.19 02/11/2015 03:25 AM'
Aug 21, 2019 7:54:29 PM com.sun.jersey.server.impl.application.WebApplicationImpl _initiate
INFO: Initiating Jersey application, version 'Jersey: 1.19 02/11/2015 03:25 AM'
Aug 21, 2019 7:54:29 PM com.sun.jersey.server.impl.application.WebApplicationImpl _initiate
INFO: Initiating Jersey application, version 'Jersey: 1.19 02/11/2015 03:25 AM'
Aug 21, 2019 7:54:29 PM com.sun.jersey.server.impl.application.WebApplicationImpl _initiate
INFO: Initiating Jersey application, version 'Jersey: 1.19 02/11/2015 03:25 AM'
]]></system-err>
  </testcase>
  <testcase name="testDatanodeFailureWithPreAllocation" classname="org.apache.hadoop.ozone.client.rpc.TestBlockOutputStreamWithFailures" time="228.546"/>
  <testcase name="testDatanodeFailureWithSingleNodeRatis" classname="org.apache.hadoop.ozone.client.rpc.TestBlockOutputStreamWithFailures" time="225.061"/>
  <testcase name="testWatchForCommitWithSingleNodeRatis" classname="org.apache.hadoop.ozone.client.rpc.TestBlockOutputStreamWithFailures" time="41.216"/>
  <testcase name="testWatchForCommitDatanodeFailure" classname="org.apache.hadoop.ozone.client.rpc.TestBlockOutputStreamWithFailures" time="34.396"/>
  <testcase name="testFailureWithPrimeSizedData" classname="org.apache.hadoop.ozone.client.rpc.TestBlockOutputStreamWithFailures" time="35.417"/>
  <testcase name="testWatchForCommitWithCloseContainerException" classname="org.apache.hadoop.ozone.client.rpc.TestBlockOutputStreamWithFailures" time="35.232"/>
  <testcase name="testExceptionDuringClose" classname="org.apache.hadoop.ozone.client.rpc.TestBlockOutputStreamWithFailures" time="34.754"/>
</testsuite>