<?xml version="1.0" encoding="UTF-8"?>
<testsuite xmlns:xsi="http://www.w3.org/2001/XMLSchema-instance" xsi:noNamespaceSchemaLocation="https://maven.apache.org/surefire/maven-surefire-plugin/xsd/surefire-test-report.xsd" name="org.apache.hadoop.hdds.scm.pipeline.TestPipelineClose" time="80.755" tests="4" errors="0" skipped="0" failures="1">
  <properties>
    <property name="awt.toolkit" value="sun.awt.X11.XToolkit"/>
    <property name="file.encoding.pkg" value="sun.io"/>
    <property name="java.specification.version" value="1.8"/>
    <property name="sun.cpu.isalist" value=""/>
    <property name="sun.jnu.encoding" value="UTF-8"/>
    <property name="java.class.path" value="/workdir/hadoop-ozone/integration-test/target/test-classes:/workdir/hadoop-ozone/integration-test/target/classes:/home/user/.m2/repository/org/apache/hadoop/hadoop-ozone-common/0.5.0-SNAPSHOT/hadoop-ozone-common-0.5.0-SNAPSHOT.jar:/home/user/.m2/repository/org/apache/commons/commons-compress/1.4.1/commons-compress-1.4.1.jar:/home/user/.m2/repository/org/tukaani/xz/1.0/xz-1.0.jar:/home/user/.m2/repository/org/apache/hadoop/hadoop-common/3.2.0/hadoop-common-3.2.0.jar:/home/user/.m2/repository/org/apache/hadoop/hadoop-hdfs/3.2.0/hadoop-hdfs-3.2.0.jar:/home/user/.m2/repository/org/apache/hadoop/hadoop-hdfs-client/3.2.0/hadoop-hdfs-client-3.2.0.jar:/home/user/.m2/repository/com/fasterxml/jackson/core/jackson-annotations/2.9.5/jackson-annotations-2.9.5.jar:/home/user/.m2/repository/org/apache/hadoop/hadoop-hdds-common/0.5.0-SNAPSHOT/hadoop-hdds-common-0.5.0-SNAPSHOT.jar:/home/user/.m2/repository/javax/annotation/javax.annotation-api/1.2/javax.annotation-api-1.2.jar:/home/user/.m2/repository/org/apache/ratis/ratis-server/0.4.0-2337318-SNAPSHOT/ratis-server-0.4.0-2337318-SNAPSHOT.jar:/home/user/.m2/repository/org/apache/ratis/ratis-thirdparty-misc/0.2.0/ratis-thirdparty-misc-0.2.0.jar:/home/user/.m2/repository/org/apache/ratis/ratis-proto/0.4.0-2337318-SNAPSHOT/ratis-proto-0.4.0-2337318-SNAPSHOT.jar:/home/user/.m2/repository/org/apache/ratis/ratis-common/0.4.0-2337318-SNAPSHOT/ratis-common-0.4.0-2337318-SNAPSHOT.jar:/home/user/.m2/repository/org/apache/ratis/ratis-client/0.4.0-2337318-SNAPSHOT/ratis-client-0.4.0-2337318-SNAPSHOT.jar:/home/user/.m2/repository/org/apache/ratis/ratis-metrics/0.4.0-2337318-SNAPSHOT/ratis-metrics-0.4.0-2337318-SNAPSHOT.jar:/home/user/.m2/repository/org/apache/ratis/ratis-netty/0.4.0-2337318-SNAPSHOT/ratis-netty-0.4.0-2337318-SNAPSHOT.jar:/home/user/.m2/repository/org/apache/ratis/ratis-grpc/0.4.0-2337318-SNAPSHOT/ratis-grpc-0.4.0-2337318-SNAPSHOT.jar:/home/user/.m2/repository/org/rocksdb/rocksdbjni/6.0.1/rocksdbjni-6.0.1.jar:/home/user/.m2/repository/org/apache/logging/log4j/log4j-api/2.11.0/log4j-api-2.11.0.jar:/home/user/.m2/repository/org/apache/logging/log4j/log4j-core/2.11.0/log4j-core-2.11.0.jar:/home/user/.m2/repository/com/lmax/disruptor/3.4.2/disruptor-3.4.2.jar:/home/user/.m2/repository/org/apache/commons/commons-pool2/2.6.0/commons-pool2-2.6.0.jar:/home/user/.m2/repository/org/bouncycastle/bcpkix-jdk15on/1.60/bcpkix-jdk15on-1.60.jar:/home/user/.m2/repository/commons-validator/commons-validator/1.6/commons-validator-1.6.jar:/home/user/.m2/repository/commons-digester/commons-digester/1.8.1/commons-digester-1.8.1.jar:/home/user/.m2/repository/io/jaegertracing/jaeger-client/0.33.1/jaeger-client-0.33.1.jar:/home/user/.m2/repository/io/jaegertracing/jaeger-thrift/0.33.1/jaeger-thrift-0.33.1.jar:/home/user/.m2/repository/org/apache/thrift/libthrift/0.11.0/libthrift-0.11.0.jar:/home/user/.m2/repository/com/squareup/okhttp3/okhttp/3.9.0/okhttp-3.9.0.jar:/home/user/.m2/repository/com/squareup/okio/okio/1.13.0/okio-1.13.0.jar:/home/user/.m2/repository/io/jaegertracing/jaeger-core/0.33.1/jaeger-core-0.33.1.jar:/home/user/.m2/repository/io/jaegertracing/jaeger-tracerresolver/0.33.1/jaeger-tracerresolver-0.33.1.jar:/home/user/.m2/repository/io/opentracing/contrib/opentracing-tracerresolver/0.1.5/opentracing-tracerresolver-0.1.5.jar:/home/user/.m2/repository/io/opentracing/opentracing-util/0.31.0/opentracing-util-0.31.0.jar:/home/user/.m2/repository/io/opentracing/opentracing-api/0.31.0/opentracing-api-0.31.0.jar:/home/user/.m2/repository/io/opentracing/opentracing-noop/0.31.0/opentracing-noop-0.31.0.jar:/home/user/.m2/repository/org/apache/hadoop/hadoop-hdds-server-framework/0.5.0-SNAPSHOT/hadoop-hdds-server-framework-0.5.0-SNAPSHOT.jar:/home/user/.m2/repository/org/apache/hadoop/hadoop-hdds-container-service/0.5.0-SNAPSHOT/hadoop-hdds-container-service-0.5.0-SNAPSHOT.jar:/home/user/.m2/repository/org/apache/hadoop/hadoop-hdds-client/0.5.0-SNAPSHOT/hadoop-hdds-client-0.5.0-SNAPSHOT.jar:/home/user/.m2/repository/org/apache/hadoop/hadoop-hdds-tools/0.5.0-SNAPSHOT/hadoop-hdds-tools-0.5.0-SNAPSHOT.jar:/home/user/.m2/repository/org/apache/hadoop/hadoop-hdds-server-scm/0.5.0-SNAPSHOT/hadoop-hdds-server-scm-0.5.0-SNAPSHOT.jar:/home/user/.m2/repository/org/apache/hadoop/hadoop-hdds-docs/0.5.0-SNAPSHOT/hadoop-hdds-docs-0.5.0-SNAPSHOT.jar:/home/user/.m2/repository/io/dropwizard/metrics/metrics-core/3.2.4/metrics-core-3.2.4.jar:/home/user/.m2/repository/org/hamcrest/hamcrest-all/1.3/hamcrest-all-1.3.jar:/home/user/.m2/repository/org/bouncycastle/bcprov-jdk15on/1.60/bcprov-jdk15on-1.60.jar:/home/user/.m2/repository/info/picocli/picocli/3.9.6/picocli-3.9.6.jar:/home/user/.m2/repository/com/google/protobuf/protobuf-java/2.5.0/protobuf-java-2.5.0.jar:/home/user/.m2/repository/com/google/guava/guava/11.0.2/guava-11.0.2.jar:/home/user/.m2/repository/org/apache/hadoop/hadoop-ozone-ozone-manager/0.5.0-SNAPSHOT/hadoop-ozone-ozone-manager-0.5.0-SNAPSHOT.jar:/home/user/.m2/repository/org/apache/hadoop/hadoop-minikdc/3.2.0/hadoop-minikdc-3.2.0.jar:/home/user/.m2/repository/commons-io/commons-io/2.5/commons-io-2.5.jar:/home/user/.m2/repository/org/apache/kerby/kerb-simplekdc/1.0.1/kerb-simplekdc-1.0.1.jar:/home/user/.m2/repository/org/apache/kerby/kerb-client/1.0.1/kerb-client-1.0.1.jar:/home/user/.m2/repository/org/apache/kerby/kerby-config/1.0.1/kerby-config-1.0.1.jar:/home/user/.m2/repository/org/apache/kerby/kerb-core/1.0.1/kerb-core-1.0.1.jar:/home/user/.m2/repository/org/apache/kerby/kerby-pkix/1.0.1/kerby-pkix-1.0.1.jar:/home/user/.m2/repository/org/apache/kerby/kerby-asn1/1.0.1/kerby-asn1-1.0.1.jar:/home/user/.m2/repository/org/apache/kerby/kerby-util/1.0.1/kerby-util-1.0.1.jar:/home/user/.m2/repository/org/apache/kerby/kerb-common/1.0.1/kerb-common-1.0.1.jar:/home/user/.m2/repository/org/apache/kerby/kerb-crypto/1.0.1/kerb-crypto-1.0.1.jar:/home/user/.m2/repository/org/apache/kerby/kerb-util/1.0.1/kerb-util-1.0.1.jar:/home/user/.m2/repository/org/apache/kerby/token-provider/1.0.1/token-provider-1.0.1.jar:/home/user/.m2/repository/org/apache/kerby/kerb-admin/1.0.1/kerb-admin-1.0.1.jar:/home/user/.m2/repository/org/apache/kerby/kerb-server/1.0.1/kerb-server-1.0.1.jar:/home/user/.m2/repository/org/apache/kerby/kerb-identity/1.0.1/kerb-identity-1.0.1.jar:/home/user/.m2/repository/org/apache/kerby/kerby-xdr/1.0.1/kerby-xdr-1.0.1.jar:/home/user/.m2/repository/org/slf4j/slf4j-log4j12/1.7.25/slf4j-log4j12-1.7.25.jar:/home/user/.m2/repository/org/apache/hadoop/hadoop-ozone-objectstore-service/0.5.0-SNAPSHOT/hadoop-ozone-objectstore-service-0.5.0-SNAPSHOT.jar:/home/user/.m2/repository/org/apache/hadoop/hadoop-ozone-s3gateway/0.5.0-SNAPSHOT/hadoop-ozone-s3gateway-0.5.0-SNAPSHOT.jar:/home/user/.m2/repository/org/jboss/weld/servlet/weld-servlet/2.4.7.Final/weld-servlet-2.4.7.Final.jar:/home/user/.m2/repository/org/glassfish/jersey/containers/jersey-container-servlet-core/2.27/jersey-container-servlet-core-2.27.jar:/home/user/.m2/repository/org/glassfish/hk2/external/javax.inject/2.5.0-b42/javax.inject-2.5.0-b42.jar:/home/user/.m2/repository/org/glassfish/jersey/core/jersey-common/2.27/jersey-common-2.27.jar:/home/user/.m2/repository/org/glassfish/hk2/osgi-resource-locator/1.0.1/osgi-resource-locator-1.0.1.jar:/home/user/.m2/repository/javax/ws/rs/javax.ws.rs-api/2.1/javax.ws.rs-api-2.1.jar:/home/user/.m2/repository/org/glassfish/jersey/ext/cdi/jersey-cdi1x/2.27/jersey-cdi1x-2.27.jar:/home/user/.m2/repository/org/glassfish/jersey/inject/jersey-hk2/2.27/jersey-hk2-2.27.jar:/home/user/.m2/repository/org/glassfish/hk2/hk2-locator/2.5.0-b42/hk2-locator-2.5.0-b42.jar:/home/user/.m2/repository/org/javassist/javassist/3.22.0-CR2/javassist-3.22.0-CR2.jar:/home/user/.m2/repository/org/glassfish/hk2/hk2-api/2.5.0/hk2-api-2.5.0.jar:/home/user/.m2/repository/org/glassfish/hk2/external/jakarta.inject/2.5.0/jakarta.inject-2.5.0.jar:/home/user/.m2/repository/org/glassfish/hk2/hk2-utils/2.5.0/hk2-utils-2.5.0.jar:/home/user/.m2/repository/jakarta/annotation/jakarta.annotation-api/1.3.4/jakarta.annotation-api-1.3.4.jar:/home/user/.m2/repository/org/glassfish/hk2/external/aopalliance-repackaged/2.5.0/aopalliance-repackaged-2.5.0.jar:/home/user/.m2/repository/com/fasterxml/jackson/dataformat/jackson-dataformat-xml/2.9.0/jackson-dataformat-xml-2.9.0.jar:/home/user/.m2/repository/com/fasterxml/jackson/core/jackson-core/2.9.5/jackson-core-2.9.5.jar:/home/user/.m2/repository/com/fasterxml/jackson/module/jackson-module-jaxb-annotations/2.9.5/jackson-module-jaxb-annotations-2.9.5.jar:/home/user/.m2/repository/javax/enterprise/cdi-api/1.2/cdi-api-1.2.jar:/home/user/.m2/repository/javax/el/javax.el-api/3.0.0/javax.el-api-3.0.0.jar:/home/user/.m2/repository/javax/interceptor/javax.interceptor-api/1.2/javax.interceptor-api-1.2.jar:/home/user/.m2/repository/javax/inject/javax.inject/1/javax.inject-1.jar:/home/user/.m2/repository/com/sun/xml/bind/jaxb-impl/2.3.0.1/jaxb-impl-2.3.0.1.jar:/home/user/.m2/repository/com/sun/xml/bind/jaxb-core/2.3.0.1/jaxb-core-2.3.0.1.jar:/home/user/.m2/repository/javax/xml/bind/jaxb-api/2.3.0/jaxb-api-2.3.0.jar:/home/user/.m2/repository/javax/activation/activation/1.1.1/activation-1.1.1.jar:/home/user/.m2/repository/org/apache/hadoop/hadoop-ozone-csi/0.5.0-SNAPSHOT/hadoop-ozone-csi-0.5.0-SNAPSHOT.jar:/home/user/.m2/repository/com/google/protobuf/protobuf-java-util/3.5.1/protobuf-java-util-3.5.1.jar:/home/user/.m2/repository/org/apache/hadoop/hadoop-hdds-config/0.5.0-SNAPSHOT/hadoop-hdds-config-0.5.0-SNAPSHOT.jar:/home/user/.m2/repository/io/grpc/grpc-netty/1.17.1/grpc-netty-1.17.1.jar:/home/user/.m2/repository/io/grpc/grpc-core/1.17.1/grpc-core-1.17.1.jar:/home/user/.m2/repository/io/grpc/grpc-context/1.17.1/grpc-context-1.17.1.jar:/home/user/.m2/repository/com/google/errorprone/error_prone_annotations/2.2.0/error_prone_annotations-2.2.0.jar:/home/user/.m2/repository/org/codehaus/mojo/animal-sniffer-annotations/1.17/animal-sniffer-annotations-1.17.jar:/home/user/.m2/repository/io/opencensus/opencensus-api/0.17.0/opencensus-api-0.17.0.jar:/home/user/.m2/repository/io/opencensus/opencensus-contrib-grpc-metrics/0.17.0/opencensus-contrib-grpc-metrics-0.17.0.jar:/home/user/.m2/repository/io/netty/netty-codec-http2/4.1.30.Final/netty-codec-http2-4.1.30.Final.jar:/home/user/.m2/repository/io/netty/netty-codec-http/4.1.30.Final/netty-codec-http-4.1.30.Final.jar:/home/user/.m2/repository/io/netty/netty-codec/4.1.30.Final/netty-codec-4.1.30.Final.jar:/home/user/.m2/repository/io/netty/netty-handler/4.1.30.Final/netty-handler-4.1.30.Final.jar:/home/user/.m2/repository/io/netty/netty-handler-proxy/4.1.30.Final/netty-handler-proxy-4.1.30.Final.jar:/home/user/.m2/repository/io/netty/netty-codec-socks/4.1.30.Final/netty-codec-socks-4.1.30.Final.jar:/home/user/.m2/repository/io/netty/netty-transport-native-epoll/4.1.30.Final/netty-transport-native-epoll-4.1.30.Final.jar:/home/user/.m2/repository/io/netty/netty-common/4.1.30.Final/netty-common-4.1.30.Final.jar:/home/user/.m2/repository/io/netty/netty-buffer/4.1.30.Final/netty-buffer-4.1.30.Final.jar:/home/user/.m2/repository/io/netty/netty-transport/4.1.30.Final/netty-transport-4.1.30.Final.jar:/home/user/.m2/repository/io/netty/netty-resolver/4.1.30.Final/netty-resolver-4.1.30.Final.jar:/home/user/.m2/repository/io/netty/netty-transport-native-unix-common/4.1.30.Final/netty-transport-native-unix-common-4.1.30.Final.jar:/home/user/.m2/repository/io/grpc/grpc-protobuf/1.17.1/grpc-protobuf-1.17.1.jar:/home/user/.m2/repository/com/google/api/grpc/proto-google-common-protos/1.0.0/proto-google-common-protos-1.0.0.jar:/home/user/.m2/repository/io/grpc/grpc-protobuf-lite/1.17.1/grpc-protobuf-lite-1.17.1.jar:/home/user/.m2/repository/io/grpc/grpc-stub/1.17.1/grpc-stub-1.17.1.jar:/home/user/.m2/repository/org/apache/hadoop/hadoop-ozone-recon/0.5.0-SNAPSHOT/hadoop-ozone-recon-0.5.0-SNAPSHOT.jar:/home/user/.m2/repository/org/apache/hadoop/hadoop-ozone-reconcodegen/0.5.0-SNAPSHOT/hadoop-ozone-reconcodegen-0.5.0-SNAPSHOT.jar:/home/user/.m2/repository/com/google/inject/extensions/guice-multibindings/4.0/guice-multibindings-4.0.jar:/home/user/.m2/repository/com/google/inject/guice/4.0/guice-4.0.jar:/home/user/.m2/repository/aopalliance/aopalliance/1.0/aopalliance-1.0.jar:/home/user/.m2/repository/com/google/inject/extensions/guice-servlet/4.0/guice-servlet-4.0.jar:/home/user/.m2/repository/org/glassfish/jersey/containers/jersey-container-servlet/2.27/jersey-container-servlet-2.27.jar:/home/user/.m2/repository/org/glassfish/hk2/guice-bridge/2.5.0/guice-bridge-2.5.0.jar:/home/user/.m2/repository/org/glassfish/jersey/core/jersey-server/2.27/jersey-server-2.27.jar:/home/user/.m2/repository/org/glassfish/jersey/core/jersey-client/2.27/jersey-client-2.27.jar:/home/user/.m2/repository/org/glassfish/jersey/media/jersey-media-jaxb/2.27/jersey-media-jaxb-2.27.jar:/home/user/.m2/repository/javax/validation/validation-api/1.1.0.Final/validation-api-1.1.0.Final.jar:/home/user/.m2/repository/org/glassfish/jersey/media/jersey-media-json-jackson/2.27/jersey-media-json-jackson-2.27.jar:/home/user/.m2/repository/org/glassfish/jersey/ext/jersey-entity-filtering/2.27/jersey-entity-filtering-2.27.jar:/home/user/.m2/repository/com/google/inject/extensions/guice-assistedinject/4.0/guice-assistedinject-4.0.jar:/home/user/.m2/repository/org/jooq/jooq/3.11.10/jooq-3.11.10.jar:/home/user/.m2/repository/org/jooq/jooq-meta/3.11.10/jooq-meta-3.11.10.jar:/home/user/.m2/repository/org/jooq/jooq-codegen/3.11.10/jooq-codegen-3.11.10.jar:/home/user/.m2/repository/com/jolbox/bonecp/0.8.0.RELEASE/bonecp-0.8.0.RELEASE.jar:/home/user/.m2/repository/org/xerial/sqlite-jdbc/3.25.2/sqlite-jdbc-3.25.2.jar:/home/user/.m2/repository/org/springframework/spring-jdbc/5.1.3.RELEASE/spring-jdbc-5.1.3.RELEASE.jar:/home/user/.m2/repository/org/springframework/spring-beans/5.1.3.RELEASE/spring-beans-5.1.3.RELEASE.jar:/home/user/.m2/repository/org/springframework/spring-core/5.1.3.RELEASE/spring-core-5.1.3.RELEASE.jar:/home/user/.m2/repository/org/springframework/spring-jcl/5.1.3.RELEASE/spring-jcl-5.1.3.RELEASE.jar:/home/user/.m2/repository/org/springframework/spring-tx/5.1.3.RELEASE/spring-tx-5.1.3.RELEASE.jar:/home/user/.m2/repository/org/apache/hadoop/hadoop-ozone-client/0.5.0-SNAPSHOT/hadoop-ozone-client-0.5.0-SNAPSHOT.jar:/home/user/.m2/repository/commons-lang/commons-lang/2.6/commons-lang-2.6.jar:/home/user/.m2/repository/org/apache/hadoop/hadoop-ozone-ozone-manager/0.5.0-SNAPSHOT/hadoop-ozone-ozone-manager-0.5.0-SNAPSHOT-tests.jar:/home/user/.m2/repository/junit/junit/4.11/junit-4.11.jar:/home/user/.m2/repository/org/hamcrest/hamcrest-core/1.3/hamcrest-core-1.3.jar:/home/user/.m2/repository/org/openjdk/jmh/jmh-core/1.19/jmh-core-1.19.jar:/home/user/.m2/repository/net/sf/jopt-simple/jopt-simple/4.6/jopt-simple-4.6.jar:/home/user/.m2/repository/org/apache/commons/commons-math3/3.1.1/commons-math3-3.1.1.jar:/home/user/.m2/repository/org/openjdk/jmh/jmh-generator-annprocess/1.19/jmh-generator-annprocess-1.19.jar:/home/user/.m2/repository/org/mockito/mockito-all/1.8.5/mockito-all-1.8.5.jar:/home/user/.m2/repository/org/apache/hadoop/hadoop-kms/3.2.0/hadoop-kms-3.2.0.jar:/home/user/.m2/repository/org/apache/hadoop/hadoop-auth/3.2.0/hadoop-auth-3.2.0.jar:/home/user/.m2/repository/com/nimbusds/nimbus-jose-jwt/4.41.1/nimbus-jose-jwt-4.41.1.jar:/home/user/.m2/repository/com/github/stephenc/jcip/jcip-annotations/1.0-1/jcip-annotations-1.0-1.jar:/home/user/.m2/repository/net/minidev/json-smart/2.3/json-smart-2.3.jar:/home/user/.m2/repository/net/minidev/accessors-smart/1.2/accessors-smart-1.2.jar:/home/user/.m2/repository/org/ow2/asm/asm/5.0.4/asm-5.0.4.jar:/home/user/.m2/repository/org/apache/curator/curator-framework/2.12.0/curator-framework-2.12.0.jar:/home/user/.m2/repository/com/sun/jersey/jersey-core/1.19/jersey-core-1.19.jar:/home/user/.m2/repository/javax/ws/rs/jsr311-api/1.1.1/jsr311-api-1.1.1.jar:/home/user/.m2/repository/com/sun/jersey/jersey-server/1.19/jersey-server-1.19.jar:/home/user/.m2/repository/javax/servlet/javax.servlet-api/3.1.0/javax.servlet-api-3.1.0.jar:/home/user/.m2/repository/org/eclipse/jetty/jetty-server/9.3.24.v20180605/jetty-server-9.3.24.v20180605.jar:/home/user/.m2/repository/org/eclipse/jetty/jetty-http/9.3.24.v20180605/jetty-http-9.3.24.v20180605.jar:/home/user/.m2/repository/org/eclipse/jetty/jetty-io/9.3.24.v20180605/jetty-io-9.3.24.v20180605.jar:/home/user/.m2/repository/org/eclipse/jetty/jetty-webapp/9.3.24.v20180605/jetty-webapp-9.3.24.v20180605.jar:/home/user/.m2/repository/org/eclipse/jetty/jetty-xml/9.3.24.v20180605/jetty-xml-9.3.24.v20180605.jar:/home/user/.m2/repository/log4j/log4j/1.2.17/log4j-1.2.17.jar:/home/user/.m2/repository/org/slf4j/slf4j-api/1.7.25/slf4j-api-1.7.25.jar:/home/user/.m2/repository/org/slf4j/jul-to-slf4j/1.7.25/jul-to-slf4j-1.7.25.jar:/home/user/.m2/repository/org/eclipse/jetty/jetty-util/9.3.24.v20180605/jetty-util-9.3.24.v20180605.jar:/home/user/.m2/repository/com/fasterxml/jackson/core/jackson-databind/2.9.5/jackson-databind-2.9.5.jar:/home/user/.m2/repository/org/apache/hadoop/hadoop-kms/3.2.0/hadoop-kms-3.2.0-tests.jar:/home/user/.m2/repository/org/apache/hadoop/hadoop-hdds-server-scm/0.5.0-SNAPSHOT/hadoop-hdds-server-scm-0.5.0-SNAPSHOT-tests.jar:/home/user/.m2/repository/org/apache/hadoop/hadoop-hdds-container-service/0.5.0-SNAPSHOT/hadoop-hdds-container-service-0.5.0-SNAPSHOT-tests.jar:/home/user/.m2/repository/org/yaml/snakeyaml/1.16/snakeyaml-1.16.jar:/home/user/.m2/repository/org/apache/hadoop/hadoop-common/3.2.0/hadoop-common-3.2.0-tests.jar:/home/user/.m2/repository/org/apache/hadoop/hadoop-annotations/3.2.0/hadoop-annotations-3.2.0.jar:/usr/lib/jvm/java-1.8-openjdk/jre/../lib/tools.jar:/home/user/.m2/repository/commons-cli/commons-cli/1.2/commons-cli-1.2.jar:/home/user/.m2/repository/org/apache/httpcomponents/httpclient/4.5.2/httpclient-4.5.2.jar:/home/user/.m2/repository/org/apache/httpcomponents/httpcore/4.4.4/httpcore-4.4.4.jar:/home/user/.m2/repository/commons-codec/commons-codec/1.11/commons-codec-1.11.jar:/home/user/.m2/repository/commons-net/commons-net/3.6/commons-net-3.6.jar:/home/user/.m2/repository/commons-collections/commons-collections/3.2.2/commons-collections-3.2.2.jar:/home/user/.m2/repository/org/eclipse/jetty/jetty-servlet/9.3.24.v20180605/jetty-servlet-9.3.24.v20180605.jar:/home/user/.m2/repository/org/eclipse/jetty/jetty-security/9.3.24.v20180605/jetty-security-9.3.24.v20180605.jar:/home/user/.m2/repository/javax/servlet/jsp/jsp-api/2.1/jsp-api-2.1.jar:/home/user/.m2/repository/com/sun/jersey/jersey-servlet/1.19/jersey-servlet-1.19.jar:/home/user/.m2/repository/com/sun/jersey/jersey-json/1.19/jersey-json-1.19.jar:/home/user/.m2/repository/org/codehaus/jettison/jettison/1.1/jettison-1.1.jar:/home/user/.m2/repository/org/codehaus/jackson/jackson-core-asl/1.9.13/jackson-core-asl-1.9.13.jar:/home/user/.m2/repository/org/codehaus/jackson/jackson-mapper-asl/1.9.13/jackson-mapper-asl-1.9.13.jar:/home/user/.m2/repository/org/codehaus/jackson/jackson-jaxrs/1.9.13/jackson-jaxrs-1.9.13.jar:/home/user/.m2/repository/org/codehaus/jackson/jackson-xc/1.9.13/jackson-xc-1.9.13.jar:/home/user/.m2/repository/commons-logging/commons-logging/1.1.3/commons-logging-1.1.3.jar:/home/user/.m2/repository/commons-beanutils/commons-beanutils/1.9.3/commons-beanutils-1.9.3.jar:/home/user/.m2/repository/org/apache/commons/commons-configuration2/2.1.1/commons-configuration2-2.1.1.jar:/home/user/.m2/repository/org/apache/commons/commons-lang3/3.7/commons-lang3-3.7.jar:/home/user/.m2/repository/org/apache/commons/commons-text/1.4/commons-text-1.4.jar:/home/user/.m2/repository/org/apache/avro/avro/1.7.7/avro-1.7.7.jar:/home/user/.m2/repository/com/thoughtworks/paranamer/paranamer/2.3/paranamer-2.3.jar:/home/user/.m2/repository/org/xerial/snappy/snappy-java/1.0.5/snappy-java-1.0.5.jar:/home/user/.m2/repository/com/google/re2j/re2j/1.1/re2j-1.1.jar:/home/user/.m2/repository/com/google/code/gson/gson/2.2.4/gson-2.2.4.jar:/home/user/.m2/repository/com/jcraft/jsch/0.1.54/jsch-0.1.54.jar:/home/user/.m2/repository/org/apache/curator/curator-client/2.12.0/curator-client-2.12.0.jar:/home/user/.m2/repository/org/apache/curator/curator-recipes/2.12.0/curator-recipes-2.12.0.jar:/home/user/.m2/repository/com/google/code/findbugs/jsr305/3.0.0/jsr305-3.0.0.jar:/home/user/.m2/repository/org/apache/htrace/htrace-core4/4.1.0-incubating/htrace-core4-4.1.0-incubating.jar:/home/user/.m2/repository/org/apache/zookeeper/zookeeper/3.4.13/zookeeper-3.4.13.jar:/home/user/.m2/repository/org/apache/yetus/audience-annotations/0.5.0/audience-annotations-0.5.0.jar:/home/user/.m2/repository/org/codehaus/woodstox/stax2-api/3.1.4/stax2-api-3.1.4.jar:/home/user/.m2/repository/com/fasterxml/woodstox/woodstox-core/5.0.3/woodstox-core-5.0.3.jar:/home/user/.m2/repository/dnsjava/dnsjava/2.1.7/dnsjava-2.1.7.jar:/home/user/.m2/repository/org/apache/hadoop/hadoop-hdfs/3.2.0/hadoop-hdfs-3.2.0-tests.jar:/home/user/.m2/repository/org/eclipse/jetty/jetty-util-ajax/9.3.24.v20180605/jetty-util-ajax-9.3.24.v20180605.jar:/home/user/.m2/repository/commons-daemon/commons-daemon/1.0.13/commons-daemon-1.0.13.jar:/home/user/.m2/repository/io/netty/netty/3.10.5.Final/netty-3.10.5.Final.jar:/home/user/.m2/repository/io/netty/netty-all/4.0.52.Final/netty-all-4.0.52.Final.jar:/home/user/.m2/repository/org/fusesource/leveldbjni/leveldbjni-all/1.8/leveldbjni-all-1.8.jar:"/>
    <property name="java.vm.vendor" value="IcedTea"/>
    <property name="sun.arch.data.model" value="64"/>
    <property name="test.build.dir" value="/workdir/hadoop-ozone/integration-test/target/test-dir"/>
    <property name="test.cache.data" value=""/>
    <property name="java.vendor.url" value="https://icedtea.classpath.org"/>
    <property name="user.timezone" value=""/>
    <property name="java.vm.specification.version" value="1.8"/>
    <property name="os.name" value="Linux"/>
    <property name="test.build.data" value="/workdir/hadoop-ozone/integration-test/target/test-dir"/>
    <property name="user.country" value="US"/>
    <property name="sun.java.launcher" value="SUN_STANDARD"/>
    <property name="sun.boot.library.path" value="/usr/lib/jvm/java-1.8-openjdk/jre/lib/amd64"/>
    <property name="sun.java.command" value="/workdir/hadoop-ozone/integration-test/target/surefire/surefirebooter4137407939377713447.jar /workdir/hadoop-ozone/integration-test/target/surefire 2019-08-21T19-34-44_434-jvmRun1 surefire433524061903198791tmp surefire_54122133899038337430tmp"/>
    <property name="test" value="!TestMiniChaosOzoneCluster"/>
    <property name="surefire.test.class.path" value="/workdir/hadoop-ozone/integration-test/target/test-classes:/workdir/hadoop-ozone/integration-test/target/classes:/home/user/.m2/repository/org/apache/hadoop/hadoop-ozone-common/0.5.0-SNAPSHOT/hadoop-ozone-common-0.5.0-SNAPSHOT.jar:/home/user/.m2/repository/org/apache/commons/commons-compress/1.4.1/commons-compress-1.4.1.jar:/home/user/.m2/repository/org/tukaani/xz/1.0/xz-1.0.jar:/home/user/.m2/repository/org/apache/hadoop/hadoop-common/3.2.0/hadoop-common-3.2.0.jar:/home/user/.m2/repository/org/apache/hadoop/hadoop-hdfs/3.2.0/hadoop-hdfs-3.2.0.jar:/home/user/.m2/repository/org/apache/hadoop/hadoop-hdfs-client/3.2.0/hadoop-hdfs-client-3.2.0.jar:/home/user/.m2/repository/com/fasterxml/jackson/core/jackson-annotations/2.9.5/jackson-annotations-2.9.5.jar:/home/user/.m2/repository/org/apache/hadoop/hadoop-hdds-common/0.5.0-SNAPSHOT/hadoop-hdds-common-0.5.0-SNAPSHOT.jar:/home/user/.m2/repository/javax/annotation/javax.annotation-api/1.2/javax.annotation-api-1.2.jar:/home/user/.m2/repository/org/apache/ratis/ratis-server/0.4.0-2337318-SNAPSHOT/ratis-server-0.4.0-2337318-SNAPSHOT.jar:/home/user/.m2/repository/org/apache/ratis/ratis-thirdparty-misc/0.2.0/ratis-thirdparty-misc-0.2.0.jar:/home/user/.m2/repository/org/apache/ratis/ratis-proto/0.4.0-2337318-SNAPSHOT/ratis-proto-0.4.0-2337318-SNAPSHOT.jar:/home/user/.m2/repository/org/apache/ratis/ratis-common/0.4.0-2337318-SNAPSHOT/ratis-common-0.4.0-2337318-SNAPSHOT.jar:/home/user/.m2/repository/org/apache/ratis/ratis-client/0.4.0-2337318-SNAPSHOT/ratis-client-0.4.0-2337318-SNAPSHOT.jar:/home/user/.m2/repository/org/apache/ratis/ratis-metrics/0.4.0-2337318-SNAPSHOT/ratis-metrics-0.4.0-2337318-SNAPSHOT.jar:/home/user/.m2/repository/org/apache/ratis/ratis-netty/0.4.0-2337318-SNAPSHOT/ratis-netty-0.4.0-2337318-SNAPSHOT.jar:/home/user/.m2/repository/org/apache/ratis/ratis-grpc/0.4.0-2337318-SNAPSHOT/ratis-grpc-0.4.0-2337318-SNAPSHOT.jar:/home/user/.m2/repository/org/rocksdb/rocksdbjni/6.0.1/rocksdbjni-6.0.1.jar:/home/user/.m2/repository/org/apache/logging/log4j/log4j-api/2.11.0/log4j-api-2.11.0.jar:/home/user/.m2/repository/org/apache/logging/log4j/log4j-core/2.11.0/log4j-core-2.11.0.jar:/home/user/.m2/repository/com/lmax/disruptor/3.4.2/disruptor-3.4.2.jar:/home/user/.m2/repository/org/apache/commons/commons-pool2/2.6.0/commons-pool2-2.6.0.jar:/home/user/.m2/repository/org/bouncycastle/bcpkix-jdk15on/1.60/bcpkix-jdk15on-1.60.jar:/home/user/.m2/repository/commons-validator/commons-validator/1.6/commons-validator-1.6.jar:/home/user/.m2/repository/commons-digester/commons-digester/1.8.1/commons-digester-1.8.1.jar:/home/user/.m2/repository/io/jaegertracing/jaeger-client/0.33.1/jaeger-client-0.33.1.jar:/home/user/.m2/repository/io/jaegertracing/jaeger-thrift/0.33.1/jaeger-thrift-0.33.1.jar:/home/user/.m2/repository/org/apache/thrift/libthrift/0.11.0/libthrift-0.11.0.jar:/home/user/.m2/repository/com/squareup/okhttp3/okhttp/3.9.0/okhttp-3.9.0.jar:/home/user/.m2/repository/com/squareup/okio/okio/1.13.0/okio-1.13.0.jar:/home/user/.m2/repository/io/jaegertracing/jaeger-core/0.33.1/jaeger-core-0.33.1.jar:/home/user/.m2/repository/io/jaegertracing/jaeger-tracerresolver/0.33.1/jaeger-tracerresolver-0.33.1.jar:/home/user/.m2/repository/io/opentracing/contrib/opentracing-tracerresolver/0.1.5/opentracing-tracerresolver-0.1.5.jar:/home/user/.m2/repository/io/opentracing/opentracing-util/0.31.0/opentracing-util-0.31.0.jar:/home/user/.m2/repository/io/opentracing/opentracing-api/0.31.0/opentracing-api-0.31.0.jar:/home/user/.m2/repository/io/opentracing/opentracing-noop/0.31.0/opentracing-noop-0.31.0.jar:/home/user/.m2/repository/org/apache/hadoop/hadoop-hdds-server-framework/0.5.0-SNAPSHOT/hadoop-hdds-server-framework-0.5.0-SNAPSHOT.jar:/home/user/.m2/repository/org/apache/hadoop/hadoop-hdds-container-service/0.5.0-SNAPSHOT/hadoop-hdds-container-service-0.5.0-SNAPSHOT.jar:/home/user/.m2/repository/org/apache/hadoop/hadoop-hdds-client/0.5.0-SNAPSHOT/hadoop-hdds-client-0.5.0-SNAPSHOT.jar:/home/user/.m2/repository/org/apache/hadoop/hadoop-hdds-tools/0.5.0-SNAPSHOT/hadoop-hdds-tools-0.5.0-SNAPSHOT.jar:/home/user/.m2/repository/org/apache/hadoop/hadoop-hdds-server-scm/0.5.0-SNAPSHOT/hadoop-hdds-server-scm-0.5.0-SNAPSHOT.jar:/home/user/.m2/repository/org/apache/hadoop/hadoop-hdds-docs/0.5.0-SNAPSHOT/hadoop-hdds-docs-0.5.0-SNAPSHOT.jar:/home/user/.m2/repository/io/dropwizard/metrics/metrics-core/3.2.4/metrics-core-3.2.4.jar:/home/user/.m2/repository/org/hamcrest/hamcrest-all/1.3/hamcrest-all-1.3.jar:/home/user/.m2/repository/org/bouncycastle/bcprov-jdk15on/1.60/bcprov-jdk15on-1.60.jar:/home/user/.m2/repository/info/picocli/picocli/3.9.6/picocli-3.9.6.jar:/home/user/.m2/repository/com/google/protobuf/protobuf-java/2.5.0/protobuf-java-2.5.0.jar:/home/user/.m2/repository/com/google/guava/guava/11.0.2/guava-11.0.2.jar:/home/user/.m2/repository/org/apache/hadoop/hadoop-ozone-ozone-manager/0.5.0-SNAPSHOT/hadoop-ozone-ozone-manager-0.5.0-SNAPSHOT.jar:/home/user/.m2/repository/org/apache/hadoop/hadoop-minikdc/3.2.0/hadoop-minikdc-3.2.0.jar:/home/user/.m2/repository/commons-io/commons-io/2.5/commons-io-2.5.jar:/home/user/.m2/repository/org/apache/kerby/kerb-simplekdc/1.0.1/kerb-simplekdc-1.0.1.jar:/home/user/.m2/repository/org/apache/kerby/kerb-client/1.0.1/kerb-client-1.0.1.jar:/home/user/.m2/repository/org/apache/kerby/kerby-config/1.0.1/kerby-config-1.0.1.jar:/home/user/.m2/repository/org/apache/kerby/kerb-core/1.0.1/kerb-core-1.0.1.jar:/home/user/.m2/repository/org/apache/kerby/kerby-pkix/1.0.1/kerby-pkix-1.0.1.jar:/home/user/.m2/repository/org/apache/kerby/kerby-asn1/1.0.1/kerby-asn1-1.0.1.jar:/home/user/.m2/repository/org/apache/kerby/kerby-util/1.0.1/kerby-util-1.0.1.jar:/home/user/.m2/repository/org/apache/kerby/kerb-common/1.0.1/kerb-common-1.0.1.jar:/home/user/.m2/repository/org/apache/kerby/kerb-crypto/1.0.1/kerb-crypto-1.0.1.jar:/home/user/.m2/repository/org/apache/kerby/kerb-util/1.0.1/kerb-util-1.0.1.jar:/home/user/.m2/repository/org/apache/kerby/token-provider/1.0.1/token-provider-1.0.1.jar:/home/user/.m2/repository/org/apache/kerby/kerb-admin/1.0.1/kerb-admin-1.0.1.jar:/home/user/.m2/repository/org/apache/kerby/kerb-server/1.0.1/kerb-server-1.0.1.jar:/home/user/.m2/repository/org/apache/kerby/kerb-identity/1.0.1/kerb-identity-1.0.1.jar:/home/user/.m2/repository/org/apache/kerby/kerby-xdr/1.0.1/kerby-xdr-1.0.1.jar:/home/user/.m2/repository/org/slf4j/slf4j-log4j12/1.7.25/slf4j-log4j12-1.7.25.jar:/home/user/.m2/repository/org/apache/hadoop/hadoop-ozone-objectstore-service/0.5.0-SNAPSHOT/hadoop-ozone-objectstore-service-0.5.0-SNAPSHOT.jar:/home/user/.m2/repository/org/apache/hadoop/hadoop-ozone-s3gateway/0.5.0-SNAPSHOT/hadoop-ozone-s3gateway-0.5.0-SNAPSHOT.jar:/home/user/.m2/repository/org/jboss/weld/servlet/weld-servlet/2.4.7.Final/weld-servlet-2.4.7.Final.jar:/home/user/.m2/repository/org/glassfish/jersey/containers/jersey-container-servlet-core/2.27/jersey-container-servlet-core-2.27.jar:/home/user/.m2/repository/org/glassfish/hk2/external/javax.inject/2.5.0-b42/javax.inject-2.5.0-b42.jar:/home/user/.m2/repository/org/glassfish/jersey/core/jersey-common/2.27/jersey-common-2.27.jar:/home/user/.m2/repository/org/glassfish/hk2/osgi-resource-locator/1.0.1/osgi-resource-locator-1.0.1.jar:/home/user/.m2/repository/javax/ws/rs/javax.ws.rs-api/2.1/javax.ws.rs-api-2.1.jar:/home/user/.m2/repository/org/glassfish/jersey/ext/cdi/jersey-cdi1x/2.27/jersey-cdi1x-2.27.jar:/home/user/.m2/repository/org/glassfish/jersey/inject/jersey-hk2/2.27/jersey-hk2-2.27.jar:/home/user/.m2/repository/org/glassfish/hk2/hk2-locator/2.5.0-b42/hk2-locator-2.5.0-b42.jar:/home/user/.m2/repository/org/javassist/javassist/3.22.0-CR2/javassist-3.22.0-CR2.jar:/home/user/.m2/repository/org/glassfish/hk2/hk2-api/2.5.0/hk2-api-2.5.0.jar:/home/user/.m2/repository/org/glassfish/hk2/external/jakarta.inject/2.5.0/jakarta.inject-2.5.0.jar:/home/user/.m2/repository/org/glassfish/hk2/hk2-utils/2.5.0/hk2-utils-2.5.0.jar:/home/user/.m2/repository/jakarta/annotation/jakarta.annotation-api/1.3.4/jakarta.annotation-api-1.3.4.jar:/home/user/.m2/repository/org/glassfish/hk2/external/aopalliance-repackaged/2.5.0/aopalliance-repackaged-2.5.0.jar:/home/user/.m2/repository/com/fasterxml/jackson/dataformat/jackson-dataformat-xml/2.9.0/jackson-dataformat-xml-2.9.0.jar:/home/user/.m2/repository/com/fasterxml/jackson/core/jackson-core/2.9.5/jackson-core-2.9.5.jar:/home/user/.m2/repository/com/fasterxml/jackson/module/jackson-module-jaxb-annotations/2.9.5/jackson-module-jaxb-annotations-2.9.5.jar:/home/user/.m2/repository/javax/enterprise/cdi-api/1.2/cdi-api-1.2.jar:/home/user/.m2/repository/javax/el/javax.el-api/3.0.0/javax.el-api-3.0.0.jar:/home/user/.m2/repository/javax/interceptor/javax.interceptor-api/1.2/javax.interceptor-api-1.2.jar:/home/user/.m2/repository/javax/inject/javax.inject/1/javax.inject-1.jar:/home/user/.m2/repository/com/sun/xml/bind/jaxb-impl/2.3.0.1/jaxb-impl-2.3.0.1.jar:/home/user/.m2/repository/com/sun/xml/bind/jaxb-core/2.3.0.1/jaxb-core-2.3.0.1.jar:/home/user/.m2/repository/javax/xml/bind/jaxb-api/2.3.0/jaxb-api-2.3.0.jar:/home/user/.m2/repository/javax/activation/activation/1.1.1/activation-1.1.1.jar:/home/user/.m2/repository/org/apache/hadoop/hadoop-ozone-csi/0.5.0-SNAPSHOT/hadoop-ozone-csi-0.5.0-SNAPSHOT.jar:/home/user/.m2/repository/com/google/protobuf/protobuf-java-util/3.5.1/protobuf-java-util-3.5.1.jar:/home/user/.m2/repository/org/apache/hadoop/hadoop-hdds-config/0.5.0-SNAPSHOT/hadoop-hdds-config-0.5.0-SNAPSHOT.jar:/home/user/.m2/repository/io/grpc/grpc-netty/1.17.1/grpc-netty-1.17.1.jar:/home/user/.m2/repository/io/grpc/grpc-core/1.17.1/grpc-core-1.17.1.jar:/home/user/.m2/repository/io/grpc/grpc-context/1.17.1/grpc-context-1.17.1.jar:/home/user/.m2/repository/com/google/errorprone/error_prone_annotations/2.2.0/error_prone_annotations-2.2.0.jar:/home/user/.m2/repository/org/codehaus/mojo/animal-sniffer-annotations/1.17/animal-sniffer-annotations-1.17.jar:/home/user/.m2/repository/io/opencensus/opencensus-api/0.17.0/opencensus-api-0.17.0.jar:/home/user/.m2/repository/io/opencensus/opencensus-contrib-grpc-metrics/0.17.0/opencensus-contrib-grpc-metrics-0.17.0.jar:/home/user/.m2/repository/io/netty/netty-codec-http2/4.1.30.Final/netty-codec-http2-4.1.30.Final.jar:/home/user/.m2/repository/io/netty/netty-codec-http/4.1.30.Final/netty-codec-http-4.1.30.Final.jar:/home/user/.m2/repository/io/netty/netty-codec/4.1.30.Final/netty-codec-4.1.30.Final.jar:/home/user/.m2/repository/io/netty/netty-handler/4.1.30.Final/netty-handler-4.1.30.Final.jar:/home/user/.m2/repository/io/netty/netty-handler-proxy/4.1.30.Final/netty-handler-proxy-4.1.30.Final.jar:/home/user/.m2/repository/io/netty/netty-codec-socks/4.1.30.Final/netty-codec-socks-4.1.30.Final.jar:/home/user/.m2/repository/io/netty/netty-transport-native-epoll/4.1.30.Final/netty-transport-native-epoll-4.1.30.Final.jar:/home/user/.m2/repository/io/netty/netty-common/4.1.30.Final/netty-common-4.1.30.Final.jar:/home/user/.m2/repository/io/netty/netty-buffer/4.1.30.Final/netty-buffer-4.1.30.Final.jar:/home/user/.m2/repository/io/netty/netty-transport/4.1.30.Final/netty-transport-4.1.30.Final.jar:/home/user/.m2/repository/io/netty/netty-resolver/4.1.30.Final/netty-resolver-4.1.30.Final.jar:/home/user/.m2/repository/io/netty/netty-transport-native-unix-common/4.1.30.Final/netty-transport-native-unix-common-4.1.30.Final.jar:/home/user/.m2/repository/io/grpc/grpc-protobuf/1.17.1/grpc-protobuf-1.17.1.jar:/home/user/.m2/repository/com/google/api/grpc/proto-google-common-protos/1.0.0/proto-google-common-protos-1.0.0.jar:/home/user/.m2/repository/io/grpc/grpc-protobuf-lite/1.17.1/grpc-protobuf-lite-1.17.1.jar:/home/user/.m2/repository/io/grpc/grpc-stub/1.17.1/grpc-stub-1.17.1.jar:/home/user/.m2/repository/org/apache/hadoop/hadoop-ozone-recon/0.5.0-SNAPSHOT/hadoop-ozone-recon-0.5.0-SNAPSHOT.jar:/home/user/.m2/repository/org/apache/hadoop/hadoop-ozone-reconcodegen/0.5.0-SNAPSHOT/hadoop-ozone-reconcodegen-0.5.0-SNAPSHOT.jar:/home/user/.m2/repository/com/google/inject/extensions/guice-multibindings/4.0/guice-multibindings-4.0.jar:/home/user/.m2/repository/com/google/inject/guice/4.0/guice-4.0.jar:/home/user/.m2/repository/aopalliance/aopalliance/1.0/aopalliance-1.0.jar:/home/user/.m2/repository/com/google/inject/extensions/guice-servlet/4.0/guice-servlet-4.0.jar:/home/user/.m2/repository/org/glassfish/jersey/containers/jersey-container-servlet/2.27/jersey-container-servlet-2.27.jar:/home/user/.m2/repository/org/glassfish/hk2/guice-bridge/2.5.0/guice-bridge-2.5.0.jar:/home/user/.m2/repository/org/glassfish/jersey/core/jersey-server/2.27/jersey-server-2.27.jar:/home/user/.m2/repository/org/glassfish/jersey/core/jersey-client/2.27/jersey-client-2.27.jar:/home/user/.m2/repository/org/glassfish/jersey/media/jersey-media-jaxb/2.27/jersey-media-jaxb-2.27.jar:/home/user/.m2/repository/javax/validation/validation-api/1.1.0.Final/validation-api-1.1.0.Final.jar:/home/user/.m2/repository/org/glassfish/jersey/media/jersey-media-json-jackson/2.27/jersey-media-json-jackson-2.27.jar:/home/user/.m2/repository/org/glassfish/jersey/ext/jersey-entity-filtering/2.27/jersey-entity-filtering-2.27.jar:/home/user/.m2/repository/com/google/inject/extensions/guice-assistedinject/4.0/guice-assistedinject-4.0.jar:/home/user/.m2/repository/org/jooq/jooq/3.11.10/jooq-3.11.10.jar:/home/user/.m2/repository/org/jooq/jooq-meta/3.11.10/jooq-meta-3.11.10.jar:/home/user/.m2/repository/org/jooq/jooq-codegen/3.11.10/jooq-codegen-3.11.10.jar:/home/user/.m2/repository/com/jolbox/bonecp/0.8.0.RELEASE/bonecp-0.8.0.RELEASE.jar:/home/user/.m2/repository/org/xerial/sqlite-jdbc/3.25.2/sqlite-jdbc-3.25.2.jar:/home/user/.m2/repository/org/springframework/spring-jdbc/5.1.3.RELEASE/spring-jdbc-5.1.3.RELEASE.jar:/home/user/.m2/repository/org/springframework/spring-beans/5.1.3.RELEASE/spring-beans-5.1.3.RELEASE.jar:/home/user/.m2/repository/org/springframework/spring-core/5.1.3.RELEASE/spring-core-5.1.3.RELEASE.jar:/home/user/.m2/repository/org/springframework/spring-jcl/5.1.3.RELEASE/spring-jcl-5.1.3.RELEASE.jar:/home/user/.m2/repository/org/springframework/spring-tx/5.1.3.RELEASE/spring-tx-5.1.3.RELEASE.jar:/home/user/.m2/repository/org/apache/hadoop/hadoop-ozone-client/0.5.0-SNAPSHOT/hadoop-ozone-client-0.5.0-SNAPSHOT.jar:/home/user/.m2/repository/commons-lang/commons-lang/2.6/commons-lang-2.6.jar:/home/user/.m2/repository/org/apache/hadoop/hadoop-ozone-ozone-manager/0.5.0-SNAPSHOT/hadoop-ozone-ozone-manager-0.5.0-SNAPSHOT-tests.jar:/home/user/.m2/repository/junit/junit/4.11/junit-4.11.jar:/home/user/.m2/repository/org/hamcrest/hamcrest-core/1.3/hamcrest-core-1.3.jar:/home/user/.m2/repository/org/openjdk/jmh/jmh-core/1.19/jmh-core-1.19.jar:/home/user/.m2/repository/net/sf/jopt-simple/jopt-simple/4.6/jopt-simple-4.6.jar:/home/user/.m2/repository/org/apache/commons/commons-math3/3.1.1/commons-math3-3.1.1.jar:/home/user/.m2/repository/org/openjdk/jmh/jmh-generator-annprocess/1.19/jmh-generator-annprocess-1.19.jar:/home/user/.m2/repository/org/mockito/mockito-all/1.8.5/mockito-all-1.8.5.jar:/home/user/.m2/repository/org/apache/hadoop/hadoop-kms/3.2.0/hadoop-kms-3.2.0.jar:/home/user/.m2/repository/org/apache/hadoop/hadoop-auth/3.2.0/hadoop-auth-3.2.0.jar:/home/user/.m2/repository/com/nimbusds/nimbus-jose-jwt/4.41.1/nimbus-jose-jwt-4.41.1.jar:/home/user/.m2/repository/com/github/stephenc/jcip/jcip-annotations/1.0-1/jcip-annotations-1.0-1.jar:/home/user/.m2/repository/net/minidev/json-smart/2.3/json-smart-2.3.jar:/home/user/.m2/repository/net/minidev/accessors-smart/1.2/accessors-smart-1.2.jar:/home/user/.m2/repository/org/ow2/asm/asm/5.0.4/asm-5.0.4.jar:/home/user/.m2/repository/org/apache/curator/curator-framework/2.12.0/curator-framework-2.12.0.jar:/home/user/.m2/repository/com/sun/jersey/jersey-core/1.19/jersey-core-1.19.jar:/home/user/.m2/repository/javax/ws/rs/jsr311-api/1.1.1/jsr311-api-1.1.1.jar:/home/user/.m2/repository/com/sun/jersey/jersey-server/1.19/jersey-server-1.19.jar:/home/user/.m2/repository/javax/servlet/javax.servlet-api/3.1.0/javax.servlet-api-3.1.0.jar:/home/user/.m2/repository/org/eclipse/jetty/jetty-server/9.3.24.v20180605/jetty-server-9.3.24.v20180605.jar:/home/user/.m2/repository/org/eclipse/jetty/jetty-http/9.3.24.v20180605/jetty-http-9.3.24.v20180605.jar:/home/user/.m2/repository/org/eclipse/jetty/jetty-io/9.3.24.v20180605/jetty-io-9.3.24.v20180605.jar:/home/user/.m2/repository/org/eclipse/jetty/jetty-webapp/9.3.24.v20180605/jetty-webapp-9.3.24.v20180605.jar:/home/user/.m2/repository/org/eclipse/jetty/jetty-xml/9.3.24.v20180605/jetty-xml-9.3.24.v20180605.jar:/home/user/.m2/repository/log4j/log4j/1.2.17/log4j-1.2.17.jar:/home/user/.m2/repository/org/slf4j/slf4j-api/1.7.25/slf4j-api-1.7.25.jar:/home/user/.m2/repository/org/slf4j/jul-to-slf4j/1.7.25/jul-to-slf4j-1.7.25.jar:/home/user/.m2/repository/org/eclipse/jetty/jetty-util/9.3.24.v20180605/jetty-util-9.3.24.v20180605.jar:/home/user/.m2/repository/com/fasterxml/jackson/core/jackson-databind/2.9.5/jackson-databind-2.9.5.jar:/home/user/.m2/repository/org/apache/hadoop/hadoop-kms/3.2.0/hadoop-kms-3.2.0-tests.jar:/home/user/.m2/repository/org/apache/hadoop/hadoop-hdds-server-scm/0.5.0-SNAPSHOT/hadoop-hdds-server-scm-0.5.0-SNAPSHOT-tests.jar:/home/user/.m2/repository/org/apache/hadoop/hadoop-hdds-container-service/0.5.0-SNAPSHOT/hadoop-hdds-container-service-0.5.0-SNAPSHOT-tests.jar:/home/user/.m2/repository/org/yaml/snakeyaml/1.16/snakeyaml-1.16.jar:/home/user/.m2/repository/org/apache/hadoop/hadoop-common/3.2.0/hadoop-common-3.2.0-tests.jar:/home/user/.m2/repository/org/apache/hadoop/hadoop-annotations/3.2.0/hadoop-annotations-3.2.0.jar:/usr/lib/jvm/java-1.8-openjdk/jre/../lib/tools.jar:/home/user/.m2/repository/commons-cli/commons-cli/1.2/commons-cli-1.2.jar:/home/user/.m2/repository/org/apache/httpcomponents/httpclient/4.5.2/httpclient-4.5.2.jar:/home/user/.m2/repository/org/apache/httpcomponents/httpcore/4.4.4/httpcore-4.4.4.jar:/home/user/.m2/repository/commons-codec/commons-codec/1.11/commons-codec-1.11.jar:/home/user/.m2/repository/commons-net/commons-net/3.6/commons-net-3.6.jar:/home/user/.m2/repository/commons-collections/commons-collections/3.2.2/commons-collections-3.2.2.jar:/home/user/.m2/repository/org/eclipse/jetty/jetty-servlet/9.3.24.v20180605/jetty-servlet-9.3.24.v20180605.jar:/home/user/.m2/repository/org/eclipse/jetty/jetty-security/9.3.24.v20180605/jetty-security-9.3.24.v20180605.jar:/home/user/.m2/repository/javax/servlet/jsp/jsp-api/2.1/jsp-api-2.1.jar:/home/user/.m2/repository/com/sun/jersey/jersey-servlet/1.19/jersey-servlet-1.19.jar:/home/user/.m2/repository/com/sun/jersey/jersey-json/1.19/jersey-json-1.19.jar:/home/user/.m2/repository/org/codehaus/jettison/jettison/1.1/jettison-1.1.jar:/home/user/.m2/repository/org/codehaus/jackson/jackson-core-asl/1.9.13/jackson-core-asl-1.9.13.jar:/home/user/.m2/repository/org/codehaus/jackson/jackson-mapper-asl/1.9.13/jackson-mapper-asl-1.9.13.jar:/home/user/.m2/repository/org/codehaus/jackson/jackson-jaxrs/1.9.13/jackson-jaxrs-1.9.13.jar:/home/user/.m2/repository/org/codehaus/jackson/jackson-xc/1.9.13/jackson-xc-1.9.13.jar:/home/user/.m2/repository/commons-logging/commons-logging/1.1.3/commons-logging-1.1.3.jar:/home/user/.m2/repository/commons-beanutils/commons-beanutils/1.9.3/commons-beanutils-1.9.3.jar:/home/user/.m2/repository/org/apache/commons/commons-configuration2/2.1.1/commons-configuration2-2.1.1.jar:/home/user/.m2/repository/org/apache/commons/commons-lang3/3.7/commons-lang3-3.7.jar:/home/user/.m2/repository/org/apache/commons/commons-text/1.4/commons-text-1.4.jar:/home/user/.m2/repository/org/apache/avro/avro/1.7.7/avro-1.7.7.jar:/home/user/.m2/repository/com/thoughtworks/paranamer/paranamer/2.3/paranamer-2.3.jar:/home/user/.m2/repository/org/xerial/snappy/snappy-java/1.0.5/snappy-java-1.0.5.jar:/home/user/.m2/repository/com/google/re2j/re2j/1.1/re2j-1.1.jar:/home/user/.m2/repository/com/google/code/gson/gson/2.2.4/gson-2.2.4.jar:/home/user/.m2/repository/com/jcraft/jsch/0.1.54/jsch-0.1.54.jar:/home/user/.m2/repository/org/apache/curator/curator-client/2.12.0/curator-client-2.12.0.jar:/home/user/.m2/repository/org/apache/curator/curator-recipes/2.12.0/curator-recipes-2.12.0.jar:/home/user/.m2/repository/com/google/code/findbugs/jsr305/3.0.0/jsr305-3.0.0.jar:/home/user/.m2/repository/org/apache/htrace/htrace-core4/4.1.0-incubating/htrace-core4-4.1.0-incubating.jar:/home/user/.m2/repository/org/apache/zookeeper/zookeeper/3.4.13/zookeeper-3.4.13.jar:/home/user/.m2/repository/org/apache/yetus/audience-annotations/0.5.0/audience-annotations-0.5.0.jar:/home/user/.m2/repository/org/codehaus/woodstox/stax2-api/3.1.4/stax2-api-3.1.4.jar:/home/user/.m2/repository/com/fasterxml/woodstox/woodstox-core/5.0.3/woodstox-core-5.0.3.jar:/home/user/.m2/repository/dnsjava/dnsjava/2.1.7/dnsjava-2.1.7.jar:/home/user/.m2/repository/org/apache/hadoop/hadoop-hdfs/3.2.0/hadoop-hdfs-3.2.0-tests.jar:/home/user/.m2/repository/org/eclipse/jetty/jetty-util-ajax/9.3.24.v20180605/jetty-util-ajax-9.3.24.v20180605.jar:/home/user/.m2/repository/commons-daemon/commons-daemon/1.0.13/commons-daemon-1.0.13.jar:/home/user/.m2/repository/io/netty/netty/3.10.5.Final/netty-3.10.5.Final.jar:/home/user/.m2/repository/io/netty/netty-all/4.0.52.Final/netty-all-4.0.52.Final.jar:/home/user/.m2/repository/org/fusesource/leveldbjni/leveldbjni-all/1.8/leveldbjni-all-1.8.jar:"/>
    <property name="sun.cpu.endian" value="little"/>
    <property name="user.home" value="/home/user"/>
    <property name="user.language" value="en"/>
    <property name="java.specification.vendor" value="Oracle Corporation"/>
    <property name="java.home" value="/usr/lib/jvm/java-1.8-openjdk/jre"/>
    <property name="java.security.krb5.conf" value="/workdir/hadoop-ozone/integration-test/target/test-classes/krb5.conf"/>
    <property name="basedir" value="/workdir/hadoop-ozone/integration-test"/>
    <property name="file.separator" value="/"/>
    <property name="line.separator" value="&#10;"/>
    <property name="java.vm.specification.vendor" value="Oracle Corporation"/>
    <property name="java.specification.name" value="Java Platform API Specification"/>
    <property name="java.awt.graphicsenv" value="sun.awt.X11GraphicsEnvironment"/>
    <property name="surefire.real.class.path" value="/workdir/hadoop-ozone/integration-test/target/surefire/surefirebooter4137407939377713447.jar"/>
    <property name="hadoop.log.dir" value="/workdir/hadoop-ozone/integration-test/target/log"/>
    <property name="sun.boot.class.path" value="/usr/lib/jvm/java-1.8-openjdk/jre/lib/resources.jar:/usr/lib/jvm/java-1.8-openjdk/jre/lib/rt.jar:/usr/lib/jvm/java-1.8-openjdk/jre/lib/sunrsasign.jar:/usr/lib/jvm/java-1.8-openjdk/jre/lib/jsse.jar:/usr/lib/jvm/java-1.8-openjdk/jre/lib/jce.jar:/usr/lib/jvm/java-1.8-openjdk/jre/lib/charsets.jar:/usr/lib/jvm/java-1.8-openjdk/jre/lib/jfr.jar:/usr/lib/jvm/java-1.8-openjdk/jre/classes"/>
    <property name="sun.management.compiler" value="HotSpot 64-Bit Tiered Compilers"/>
    <property name="java.runtime.version" value="1.8.0_212-b04"/>
    <property name="java.net.preferIPv4Stack" value="true"/>
    <property name="user.name" value="jenkins1000"/>
    <property name="path.separator" value=":"/>
    <property name="java.security.egd" value="file:///dev/urandom"/>
    <property name="os.version" value="3.10.0-957.12.2.el7.x86_64"/>
    <property name="java.endorsed.dirs" value="/usr/lib/jvm/java-1.8-openjdk/jre/lib/endorsed"/>
    <property name="java.runtime.name" value="OpenJDK Runtime Environment"/>
    <property name="file.encoding" value="UTF-8"/>
    <property name="java.vm.name" value="OpenJDK 64-Bit Server VM"/>
    <property name="test.build.webapps" value=""/>
    <property name="localRepository" value="/home/user/.m2/repository"/>
    <property name="java.vendor.url.bug" value="https://icedtea.classpath.org/bugzilla"/>
    <property name="java.io.tmpdir" value="/tmp"/>
    <property name="require.test.libhadoop" value=""/>
    <property name="java.version" value="1.8.0_212"/>
    <property name="user.dir" value="/workdir/hadoop-ozone/integration-test"/>
    <property name="os.arch" value="amd64"/>
    <property name="java.vm.specification.name" value="Java Virtual Machine Specification"/>
    <property name="test.build.classes" value="/workdir/hadoop-ozone/integration-test/target/test-classes"/>
    <property name="java.awt.printerjob" value="sun.print.PSPrinterJob"/>
    <property name="sun.os.patch.level" value="unknown"/>
    <property name="hadoop.tmp.dir" value="/workdir/hadoop-ozone/integration-test/target/tmp"/>
    <property name="java.library.path" value="/usr/lib/jvm/java-1.8-openjdk/jre/lib/amd64/server:/usr/lib/jvm/java-1.8-openjdk/jre/lib/amd64:/usr/lib/jvm/java-1.8-openjdk/jre/../lib/amd64:/workdir/hadoop-ozone/integration-test/target/native/target/usr/local/lib:/workdir/hadoop-ozone/integration-test/../../hadoop-common-project/hadoop-common/target/native/target/usr/local/lib:/usr/java/packages/lib/amd64:/usr/lib64:/lib64:/lib:/usr/lib"/>
    <property name="java.vm.info" value="mixed mode"/>
    <property name="java.vendor" value="IcedTea"/>
    <property name="java.vm.version" value="25.212-b04"/>
    <property name="java.ext.dirs" value="/usr/lib/jvm/java-1.8-openjdk/jre/lib/ext:/usr/java/packages/lib/ext"/>
    <property name="sun.io.unicode.encoding" value="UnicodeLittle"/>
    <property name="java.class.version" value="52.0"/>
  </properties>
  <testcase name="testPipelineCloseWithPipelineAction" classname="org.apache.hadoop.hdds.scm.pipeline.TestPipelineClose" time="28.571">
    <failure message="Pipeline should not exist in SCM" type="java.lang.AssertionError">java.lang.AssertionError: Pipeline should not exist in SCM
	at org.junit.Assert.fail(Assert.java:88)
	at org.apache.hadoop.hdds.scm.pipeline.TestPipelineClose.testPipelineCloseWithPipelineAction(TestPipelineClose.java:187)
	at sun.reflect.NativeMethodAccessorImpl.invoke0(Native Method)
	at sun.reflect.NativeMethodAccessorImpl.invoke(NativeMethodAccessorImpl.java:62)
	at sun.reflect.DelegatingMethodAccessorImpl.invoke(DelegatingMethodAccessorImpl.java:43)
	at java.lang.reflect.Method.invoke(Method.java:498)
	at org.junit.runners.model.FrameworkMethod$1.runReflectiveCall(FrameworkMethod.java:47)
	at org.junit.internal.runners.model.ReflectiveCallable.run(ReflectiveCallable.java:12)
	at org.junit.runners.model.FrameworkMethod.invokeExplosively(FrameworkMethod.java:44)
	at org.junit.internal.runners.statements.InvokeMethod.evaluate(InvokeMethod.java:17)
	at org.junit.internal.runners.statements.RunBefores.evaluate(RunBefores.java:26)
	at org.junit.internal.runners.statements.RunAfters.evaluate(RunAfters.java:27)
	at org.junit.runners.ParentRunner.runLeaf(ParentRunner.java:271)
	at org.junit.runners.BlockJUnit4ClassRunner.runChild(BlockJUnit4ClassRunner.java:70)
	at org.junit.runners.BlockJUnit4ClassRunner.runChild(BlockJUnit4ClassRunner.java:50)
	at org.junit.runners.ParentRunner$3.run(ParentRunner.java:238)
	at org.junit.runners.ParentRunner$1.schedule(ParentRunner.java:63)
	at org.junit.runners.ParentRunner.runChildren(ParentRunner.java:236)
	at org.junit.runners.ParentRunner.access$000(ParentRunner.java:53)
	at org.junit.runners.ParentRunner$2.evaluate(ParentRunner.java:229)
	at org.junit.runners.ParentRunner.run(ParentRunner.java:309)
	at org.apache.maven.surefire.junit4.JUnit4Provider.execute(JUnit4Provider.java:365)
	at org.apache.maven.surefire.junit4.JUnit4Provider.executeWithRerun(JUnit4Provider.java:273)
	at org.apache.maven.surefire.junit4.JUnit4Provider.executeTestSet(JUnit4Provider.java:238)
	at org.apache.maven.surefire.junit4.JUnit4Provider.invoke(JUnit4Provider.java:159)
	at org.apache.maven.surefire.booter.ForkedBooter.invokeProviderInSameClassLoader(ForkedBooter.java:384)
	at org.apache.maven.surefire.booter.ForkedBooter.runSuitesInProcess(ForkedBooter.java:345)
	at org.apache.maven.surefire.booter.ForkedBooter.execute(ForkedBooter.java:126)
	at org.apache.maven.surefire.booter.ForkedBooter.main(ForkedBooter.java:418)
</failure>
    <system-out><![CDATA[2019-08-21 19:39:24,908 [main] WARN  server.ServerUtils (ServerUtils.java:getScmDbDir(145)) - ozone.scm.db.dirs is not configured. We recommend adding this setting. Falling back to ozone.metadata.dirs instead.
2019-08-21 19:39:25,011 [main] WARN  server.ServerUtils (ServerUtils.java:getScmDbDir(145)) - ozone.scm.db.dirs is not configured. We recommend adding this setting. Falling back to ozone.metadata.dirs instead.
2019-08-21 19:39:25,015 [main] WARN  server.ServerUtils (ServerUtils.java:getScmDbDir(145)) - ozone.scm.db.dirs is not configured. We recommend adding this setting. Falling back to ozone.metadata.dirs instead.
2019-08-21 19:39:25,035 [main] INFO  util.log (Log.java:initialized(192)) - Logging initialized @953ms
2019-08-21 19:39:25,152 [main] INFO  db.DBStoreBuilder (DBStoreBuilder.java:addTable(110)) - using custom profile for table: deletedBlocks
2019-08-21 19:39:25,152 [main] INFO  db.DBStoreBuilder (DBStoreBuilder.java:processTables(161)) - Using default column profile:DBProfile.DISK for Table:deletedBlocks
2019-08-21 19:39:25,153 [main] INFO  db.DBStoreBuilder (DBStoreBuilder.java:addTable(110)) - using custom profile for table: validCerts
2019-08-21 19:39:25,153 [main] INFO  db.DBStoreBuilder (DBStoreBuilder.java:processTables(161)) - Using default column profile:DBProfile.DISK for Table:validCerts
2019-08-21 19:39:25,153 [main] INFO  db.DBStoreBuilder (DBStoreBuilder.java:addTable(110)) - using custom profile for table: revokedCerts
2019-08-21 19:39:25,154 [main] INFO  db.DBStoreBuilder (DBStoreBuilder.java:processTables(161)) - Using default column profile:DBProfile.DISK for Table:revokedCerts
2019-08-21 19:39:25,167 [main] INFO  db.DBStoreBuilder (DBStoreBuilder.java:addTable(110)) - using custom profile for table: default
2019-08-21 19:39:25,167 [main] INFO  db.DBStoreBuilder (DBStoreBuilder.java:processTables(167)) - Using default column profile:DBProfile.DISK for Table:default
2019-08-21 19:39:25,168 [main] INFO  db.DBStoreBuilder (DBStoreBuilder.java:getDbProfile(198)) - Using default options. DBProfile.DISK
2019-08-21 19:39:25,343 [main] INFO  net.NodeSchemaLoader (NodeSchemaLoader.java:loadSchemaFromFile(125)) - Loading file from sun.misc.CompoundEnumeration@479d31f3
2019-08-21 19:39:25,345 [main] INFO  net.NodeSchemaLoader (NodeSchemaLoader.java:loadSchema(171)) - Loading network topology layer schema file
2019-08-21 19:39:25,416 [main] WARN  server.ServerUtils (ServerUtils.java:sanitizeUserArgs(70)) - ozone.scm.stale.node.interval value = 300000 is larger than max = 100000 based on the key value of ozone.scm.heartbeat.thread.interval, reset to the max value 100000.
2019-08-21 19:39:25,418 [main] WARN  server.ServerUtils (ServerUtils.java:sanitizeUserArgs(70)) - ozone.scm.stale.node.interval value = 300000 is larger than max = 100000 based on the key value of ozone.scm.heartbeat.thread.interval, reset to the max value 100000.
2019-08-21 19:39:25,420 [main] INFO  node.SCMNodeManager (SCMNodeManager.java:<init>(121)) - Entering startup safe mode.
2019-08-21 19:39:25,494 [main] INFO  algorithms.ContainerPlacementPolicyFactory (ContainerPlacementPolicyFactory.java:getPolicy(55)) - Create container placement policy of type org.apache.hadoop.hdds.scm.container.placement.algorithms.SCMContainerPlacementRandom
2019-08-21 19:39:25,508 [main] WARN  server.ServerUtils (ServerUtils.java:getScmDbDir(145)) - ozone.scm.db.dirs is not configured. We recommend adding this setting. Falling back to ozone.metadata.dirs instead.
2019-08-21 19:39:25,565 [main] INFO  pipeline.SCMPipelineManager (SCMPipelineManager.java:initializePipelineState(126)) - No pipeline exists in current db
2019-08-21 19:39:25,566 [main] WARN  server.ServerUtils (ServerUtils.java:getScmDbDir(145)) - ozone.scm.db.dirs is not configured. We recommend adding this setting. Falling back to ozone.metadata.dirs instead.
2019-08-21 19:39:25,659 [main] WARN  events.EventQueue (EventQueue.java:fireEvent(175)) - No event handler registered for event TypedEvent{payloadType=SafeModeStatus, name='SafeModeStatus'}
2019-08-21 19:39:26,180 [main] INFO  ipc.CallQueueManager (CallQueueManager.java:<init>(84)) - Using callQueue: class java.util.concurrent.LinkedBlockingQueue, queueCapacity: 2000, scheduler: class org.apache.hadoop.ipc.DefaultRpcScheduler, ipcBackoff: false.
2019-08-21 19:39:26,508 [Socket Reader #1 for port 45953] INFO  ipc.Server (Server.java:run(1074)) - Starting Socket Reader #1 for port 45953
2019-08-21 19:39:26,535 [main] INFO  ipc.CallQueueManager (CallQueueManager.java:<init>(84)) - Using callQueue: class java.util.concurrent.LinkedBlockingQueue, queueCapacity: 2000, scheduler: class org.apache.hadoop.ipc.DefaultRpcScheduler, ipcBackoff: false.
2019-08-21 19:39:26,536 [Socket Reader #1 for port 34962] INFO  ipc.Server (Server.java:run(1074)) - Starting Socket Reader #1 for port 34962
2019-08-21 19:39:26,544 [main] INFO  ipc.CallQueueManager (CallQueueManager.java:<init>(84)) - Using callQueue: class java.util.concurrent.LinkedBlockingQueue, queueCapacity: 2000, scheduler: class org.apache.hadoop.ipc.DefaultRpcScheduler, ipcBackoff: false.
2019-08-21 19:39:26,545 [Socket Reader #1 for port 44717] INFO  ipc.Server (Server.java:run(1074)) - Starting Socket Reader #1 for port 44717
2019-08-21 19:39:26,567 [main] INFO  hdfs.DFSUtil (DFSUtil.java:httpServerTemplateForNNAndJN(1641)) - Starting Web-server for scm at: http://0.0.0.0:0
2019-08-21 19:39:26,714 [main] INFO  server.AuthenticationFilter (AuthenticationFilter.java:constructSecretProvider(240)) - Unable to initialize FileSignerSecretProvider, falling back to use random secrets.
2019-08-21 19:39:26,724 [main] WARN  http.HttpRequestLog (HttpRequestLog.java:getRequestLog(97)) - Jetty request log can only be enabled using Log4j
2019-08-21 19:39:26,733 [main] INFO  http.HttpServer2 (HttpServer2.java:addGlobalFilter(975)) - Added global filter 'safety' (class=org.apache.hadoop.http.HttpServer2$QuotingInputFilter)
2019-08-21 19:39:26,736 [main] INFO  http.HttpServer2 (HttpServer2.java:addFilter(948)) - Added filter static_user_filter (class=org.apache.hadoop.http.lib.StaticUserWebFilter$StaticUserFilter) to context scm
2019-08-21 19:39:26,737 [main] INFO  http.HttpServer2 (HttpServer2.java:addFilter(958)) - Added filter static_user_filter (class=org.apache.hadoop.http.lib.StaticUserWebFilter$StaticUserFilter) to context logs
2019-08-21 19:39:26,737 [main] INFO  http.HttpServer2 (HttpServer2.java:addFilter(958)) - Added filter static_user_filter (class=org.apache.hadoop.http.lib.StaticUserWebFilter$StaticUserFilter) to context static
2019-08-21 19:39:26,766 [main] INFO  server.StorageContainerManager (StorageContainerManager.java:start(759)) - StorageContainerLocationProtocol RPC server is listening at /0.0.0.0:44717
2019-08-21 19:39:26,829 [main] WARN  impl.MetricsConfig (MetricsConfig.java:loadFirst(134)) - Cannot locate configuration: tried hadoop-metrics2-storagecontainermanager.properties,hadoop-metrics2.properties
2019-08-21 19:39:26,844 [main] INFO  impl.MetricsSystemImpl (MetricsSystemImpl.java:startTimer(374)) - Scheduled Metric snapshot period at 10 second(s).
2019-08-21 19:39:26,844 [main] INFO  impl.MetricsSystemImpl (MetricsSystemImpl.java:start(191)) - StorageContainerManager metrics system started
2019-08-21 19:39:27,079 [main] INFO  server.SCMClientProtocolServer (SCMClientProtocolServer.java:start(151)) - RPC server for Client  is listening at /0.0.0.0:44717
2019-08-21 19:39:27,080 [IPC Server Responder] INFO  ipc.Server (Server.java:run(1314)) - IPC Server Responder: starting
2019-08-21 19:39:27,080 [IPC Server listener on 44717] INFO  ipc.Server (Server.java:run(1153)) - IPC Server listener on 44717: starting
2019-08-21 19:39:27,083 [main] INFO  server.StorageContainerManager (StorageContainerManager.java:start(769)) - ScmBlockLocationProtocol RPC server is listening at /0.0.0.0:34962
2019-08-21 19:39:27,083 [main] INFO  server.SCMBlockProtocolServer (SCMBlockProtocolServer.java:start(140)) - RPC server for Block Protocol is listening at /0.0.0.0:34962
2019-08-21 19:39:27,083 [IPC Server Responder] INFO  ipc.Server (Server.java:run(1314)) - IPC Server Responder: starting
2019-08-21 19:39:27,083 [IPC Server listener on 34962] INFO  ipc.Server (Server.java:run(1153)) - IPC Server listener on 34962: starting
2019-08-21 19:39:27,086 [main] INFO  server.StorageContainerManager (StorageContainerManager.java:start(773)) - ScmDatanodeProtocl RPC server is listening at /0.0.0.0:45953
2019-08-21 19:39:27,086 [main] INFO  server.SCMDatanodeProtocolServer (SCMDatanodeProtocolServer.java:start(191)) - RPC server for DataNodes is listening at /0.0.0.0:45953
2019-08-21 19:39:27,086 [IPC Server Responder] INFO  ipc.Server (Server.java:run(1314)) - IPC Server Responder: starting
2019-08-21 19:39:27,087 [IPC Server listener on 45953] INFO  ipc.Server (Server.java:run(1153)) - IPC Server listener on 45953: starting
2019-08-21 19:39:27,090 [main] INFO  http.HttpServer2 (HttpServer2.java:bindListener(1191)) - Jetty bound to port 37184
2019-08-21 19:39:27,092 [main] INFO  server.Server (Server.java:doStart(351)) - jetty-9.3.24.v20180605, build timestamp: 2018-06-05T17:11:56Z, git hash: 84205aa28f11a4f31f2a3b86d1bba2cc8ab69827
2019-08-21 19:39:27,131 [main] INFO  handler.ContextHandler (ContextHandler.java:doStart(781)) - Started o.e.j.s.ServletContextHandler@54d18072{/logs,file:///workdir/hadoop-ozone/integration-test/target/log,AVAILABLE}
2019-08-21 19:39:27,132 [main] INFO  handler.ContextHandler (ContextHandler.java:doStart(781)) - Started o.e.j.s.ServletContextHandler@47a5b70d{/static,file:///workdir/hadoop-ozone/integration-test/target/test-classes/webapps/static,AVAILABLE}
2019-08-21 19:39:27,167 [main] INFO  handler.ContextHandler (ContextHandler.java:doStart(781)) - Started o.e.j.w.WebAppContext@26b894bd{/,file:///workdir/hadoop-ozone/integration-test/target/test-classes/webapps/scm/,AVAILABLE}{/scm}
2019-08-21 19:39:27,173 [main] INFO  server.AbstractConnector (AbstractConnector.java:doStart(278)) - Started ServerConnector@35038141{HTTP/1.1,[http/1.1]}{0.0.0.0:37184}
2019-08-21 19:39:27,173 [main] INFO  server.Server (Server.java:doStart(419)) - Started @3091ms
2019-08-21 19:39:27,174 [main] INFO  server.BaseHttpServer (BaseHttpServer.java:updateConnectorAddress(213)) - HTTP server of SCM is listening at http://0.0.0.0:37184
2019-08-21 19:39:27,182 [org.apache.hadoop.util.JvmPauseMonitor$Monitor@7a0e1b5e] INFO  util.JvmPauseMonitor (JvmPauseMonitor.java:run(188)) - Starting JVM pause monitor
2019-08-21 19:39:27,187 [main] WARN  server.ServerUtils (ServerUtils.java:getDBPath(222)) - ozone.om.db.dirs is not configured. We recommend adding this setting. Falling back to ozone.metadata.dirs instead.
2019-08-21 19:39:27,324 [main] WARN  server.ServerUtils (ServerUtils.java:getDBPath(222)) - ozone.om.db.dirs is not configured. We recommend adding this setting. Falling back to ozone.metadata.dirs instead.
2019-08-21 19:39:27,325 [main] WARN  server.ServerUtils (ServerUtils.java:getDBPath(222)) - ozone.om.db.dirs is not configured. We recommend adding this setting. Falling back to ozone.metadata.dirs instead.
2019-08-21 19:39:27,326 [main] INFO  om.OzoneManager (OzoneManager.java:setOMNodeDetails(648)) - OM Service ID is not set. Setting it to the default ID: omServiceIdDefault
2019-08-21 19:39:27,327 [main] INFO  om.OzoneManager (OzoneManager.java:setOMNodeDetails(654)) - OM Node ID is not set. Setting it to the OmStorage's OmID: 445ef489-5742-4bfb-a1fa-6a333c7f0209
2019-08-21 19:39:27,328 [main] INFO  om.OzoneManager (OzoneManager.java:loadOMHAConfigs(605)) - Found matching OM address with OMServiceId: null, OMNodeId: null, RPC Address: localhost:0 and Ratis port: 9872
2019-08-21 19:39:27,627 | INFO  | SCMAudit | user=jenkins1000 | ip=192.168.157.235 | op=GET_SCM_INFO null | ret=SUCCESS |  
2019-08-21 19:39:28,120 [main] WARN  server.ServerUtils (ServerUtils.java:getDBPath(222)) - ozone.om.db.dirs is not configured. We recommend adding this setting. Falling back to ozone.metadata.dirs instead.
2019-08-21 19:39:28,128 [main] INFO  db.DBStoreBuilder (DBStoreBuilder.java:addTable(110)) - using custom profile for table: userTable
2019-08-21 19:39:28,128 [main] INFO  db.DBStoreBuilder (DBStoreBuilder.java:processTables(161)) - Using default column profile:DBProfile.DISK for Table:userTable
2019-08-21 19:39:28,129 [main] INFO  db.DBStoreBuilder (DBStoreBuilder.java:addTable(110)) - using custom profile for table: volumeTable
2019-08-21 19:39:28,129 [main] INFO  db.DBStoreBuilder (DBStoreBuilder.java:processTables(161)) - Using default column profile:DBProfile.DISK for Table:volumeTable
2019-08-21 19:39:28,129 [main] INFO  db.DBStoreBuilder (DBStoreBuilder.java:addTable(110)) - using custom profile for table: bucketTable
2019-08-21 19:39:28,129 [main] INFO  db.DBStoreBuilder (DBStoreBuilder.java:processTables(161)) - Using default column profile:DBProfile.DISK for Table:bucketTable
2019-08-21 19:39:28,130 [main] INFO  db.DBStoreBuilder (DBStoreBuilder.java:addTable(110)) - using custom profile for table: keyTable
2019-08-21 19:39:28,130 [main] INFO  db.DBStoreBuilder (DBStoreBuilder.java:processTables(161)) - Using default column profile:DBProfile.DISK for Table:keyTable
2019-08-21 19:39:28,130 [main] INFO  db.DBStoreBuilder (DBStoreBuilder.java:addTable(110)) - using custom profile for table: deletedTable
2019-08-21 19:39:28,130 [main] INFO  db.DBStoreBuilder (DBStoreBuilder.java:processTables(161)) - Using default column profile:DBProfile.DISK for Table:deletedTable
2019-08-21 19:39:28,131 [main] INFO  db.DBStoreBuilder (DBStoreBuilder.java:addTable(110)) - using custom profile for table: openKeyTable
2019-08-21 19:39:28,131 [main] INFO  db.DBStoreBuilder (DBStoreBuilder.java:processTables(161)) - Using default column profile:DBProfile.DISK for Table:openKeyTable
2019-08-21 19:39:28,131 [main] INFO  db.DBStoreBuilder (DBStoreBuilder.java:addTable(110)) - using custom profile for table: s3Table
2019-08-21 19:39:28,131 [main] INFO  db.DBStoreBuilder (DBStoreBuilder.java:processTables(161)) - Using default column profile:DBProfile.DISK for Table:s3Table
2019-08-21 19:39:28,132 [main] INFO  db.DBStoreBuilder (DBStoreBuilder.java:addTable(110)) - using custom profile for table: multipartInfoTable
2019-08-21 19:39:28,132 [main] INFO  db.DBStoreBuilder (DBStoreBuilder.java:processTables(161)) - Using default column profile:DBProfile.DISK for Table:multipartInfoTable
2019-08-21 19:39:28,132 [main] INFO  db.DBStoreBuilder (DBStoreBuilder.java:addTable(110)) - using custom profile for table: dTokenTable
2019-08-21 19:39:28,132 [main] INFO  db.DBStoreBuilder (DBStoreBuilder.java:processTables(161)) - Using default column profile:DBProfile.DISK for Table:dTokenTable
2019-08-21 19:39:28,133 [main] INFO  db.DBStoreBuilder (DBStoreBuilder.java:addTable(110)) - using custom profile for table: s3SecretTable
2019-08-21 19:39:28,133 [main] INFO  db.DBStoreBuilder (DBStoreBuilder.java:processTables(161)) - Using default column profile:DBProfile.DISK for Table:s3SecretTable
2019-08-21 19:39:28,133 [main] INFO  db.DBStoreBuilder (DBStoreBuilder.java:addTable(110)) - using custom profile for table: prefixTable
2019-08-21 19:39:28,133 [main] INFO  db.DBStoreBuilder (DBStoreBuilder.java:processTables(161)) - Using default column profile:DBProfile.DISK for Table:prefixTable
2019-08-21 19:39:28,134 [main] INFO  db.DBStoreBuilder (DBStoreBuilder.java:addTable(110)) - using custom profile for table: default
2019-08-21 19:39:28,134 [main] INFO  db.DBStoreBuilder (DBStoreBuilder.java:processTables(167)) - Using default column profile:DBProfile.DISK for Table:default
2019-08-21 19:39:28,134 [main] INFO  db.DBStoreBuilder (DBStoreBuilder.java:getDbProfile(198)) - Using default options. DBProfile.DISK
2019-08-21 19:39:28,509 [main] INFO  ipc.CallQueueManager (CallQueueManager.java:<init>(84)) - Using callQueue: class java.util.concurrent.LinkedBlockingQueue, queueCapacity: 2000, scheduler: class org.apache.hadoop.ipc.DefaultRpcScheduler, ipcBackoff: false.
2019-08-21 19:39:28,510 [Socket Reader #1 for port 40824] INFO  ipc.Server (Server.java:run(1074)) - Starting Socket Reader #1 for port 40824
2019-08-21 19:39:28,532 [main] INFO  om.OzoneManager (OzoneManager.java:start(1259)) - OzoneManager RPC server is listening at localhost/127.0.0.1:40824
2019-08-21 19:39:28,532 [main] INFO  impl.MetricsSystemImpl (MetricsSystemImpl.java:init(158)) - OzoneManager metrics system started (again)
2019-08-21 19:39:28,534 [IPC Server Responder] INFO  ipc.Server (Server.java:run(1314)) - IPC Server Responder: starting
2019-08-21 19:39:28,534 [IPC Server listener on 40824] INFO  ipc.Server (Server.java:run(1153)) - IPC Server listener on 40824: starting
2019-08-21 19:39:28,540 [main] INFO  hdfs.DFSUtil (DFSUtil.java:httpServerTemplateForNNAndJN(1641)) - Starting Web-server for ozoneManager at: http://0.0.0.0:0
2019-08-21 19:39:28,541 [main] INFO  server.AuthenticationFilter (AuthenticationFilter.java:constructSecretProvider(240)) - Unable to initialize FileSignerSecretProvider, falling back to use random secrets.
2019-08-21 19:39:28,542 [main] WARN  http.HttpRequestLog (HttpRequestLog.java:getRequestLog(97)) - Jetty request log can only be enabled using Log4j
2019-08-21 19:39:28,544 [main] INFO  http.HttpServer2 (HttpServer2.java:addGlobalFilter(975)) - Added global filter 'safety' (class=org.apache.hadoop.http.HttpServer2$QuotingInputFilter)
2019-08-21 19:39:28,546 [main] INFO  http.HttpServer2 (HttpServer2.java:addFilter(948)) - Added filter static_user_filter (class=org.apache.hadoop.http.lib.StaticUserWebFilter$StaticUserFilter) to context ozoneManager
2019-08-21 19:39:28,546 [main] INFO  http.HttpServer2 (HttpServer2.java:addFilter(958)) - Added filter static_user_filter (class=org.apache.hadoop.http.lib.StaticUserWebFilter$StaticUserFilter) to context static
2019-08-21 19:39:28,546 [main] INFO  http.HttpServer2 (HttpServer2.java:addFilter(958)) - Added filter static_user_filter (class=org.apache.hadoop.http.lib.StaticUserWebFilter$StaticUserFilter) to context logs
2019-08-21 19:39:28,549 [main] INFO  http.HttpServer2 (HttpServer2.java:bindListener(1191)) - Jetty bound to port 38585
2019-08-21 19:39:28,549 [main] INFO  server.Server (Server.java:doStart(351)) - jetty-9.3.24.v20180605, build timestamp: 2018-06-05T17:11:56Z, git hash: 84205aa28f11a4f31f2a3b86d1bba2cc8ab69827
2019-08-21 19:39:28,743 [main] INFO  handler.ContextHandler (ContextHandler.java:doStart(781)) - Started o.e.j.s.ServletContextHandler@2c16fadb{/logs,file:///workdir/hadoop-ozone/integration-test/target/log,AVAILABLE}
2019-08-21 19:39:28,745 [main] INFO  handler.ContextHandler (ContextHandler.java:doStart(781)) - Started o.e.j.s.ServletContextHandler@2227a6c1{/static,file:///workdir/hadoop-ozone/integration-test/target/test-classes/webapps/static,AVAILABLE}
2019-08-21 19:39:28,754 [main] INFO  handler.ContextHandler (ContextHandler.java:doStart(781)) - Started o.e.j.w.WebAppContext@49601f82{/,file:///workdir/hadoop-ozone/integration-test/target/test-classes/webapps/ozoneManager/,AVAILABLE}{/ozoneManager}
2019-08-21 19:39:28,755 [main] INFO  server.AbstractConnector (AbstractConnector.java:doStart(278)) - Started ServerConnector@23e44287{HTTP/1.1,[http/1.1]}{0.0.0.0:38585}
2019-08-21 19:39:28,756 [main] INFO  server.Server (Server.java:doStart(419)) - Started @4674ms
2019-08-21 19:39:28,757 [main] INFO  server.BaseHttpServer (BaseHttpServer.java:updateConnectorAddress(213)) - HTTP server of OZONEMANAGER is listening at http://0.0.0.0:38585
2019-08-21 19:39:28,945 [main] INFO  impl.MetricsSystemImpl (MetricsSystemImpl.java:init(158)) - HddsDatanode metrics system started (again)
2019-08-21 19:39:29,063 [main] INFO  ozone.HddsDatanodeService (HddsDatanodeService.java:start(184)) - HddsDatanodeService host:pr-hdds-1347-9fd45-2937924148 ip:192.168.157.235
2019-08-21 19:39:29,113 [main] INFO  volume.HddsVolume (HddsVolume.java:<init>(176)) - Creating Volume: /workdir/hadoop-ozone/integration-test/target/test-dir/MiniOzoneClusterImpl-5ae37d7a-dbea-4b49-8dc8-7d89e2ab45c4/datanode-0/data/containers/hdds of  storage type : DISK and capacity : 1482555576320
2019-08-21 19:39:29,116 [main] INFO  volume.VolumeSet (VolumeSet.java:initializeVolumeSet(170)) - Added Volume : /workdir/hadoop-ozone/integration-test/target/test-dir/MiniOzoneClusterImpl-5ae37d7a-dbea-4b49-8dc8-7d89e2ab45c4/datanode-0/data/containers/hdds to VolumeSet
2019-08-21 19:39:29,121 [main] INFO  volume.ThrottledAsyncChecker (ThrottledAsyncChecker.java:schedule(140)) - Scheduling a check for org.apache.hadoop.ozone.container.common.volume.HddsVolume@3cd206b5
2019-08-21 19:39:29,145 [main] INFO  volume.HddsVolumeChecker (HddsVolumeChecker.java:checkAllVolumes(203)) - Scheduled health check for volume org.apache.hadoop.ozone.container.common.volume.HddsVolume@3cd206b5
2019-08-21 19:39:29,265 [main] INFO  impl.RaftServerProxy (ConfUtils.java:logGet(43)) - raft.rpc.type = GRPC (default)
2019-08-21 19:39:29,332 [main] INFO  grpc.GrpcFactory (GrpcFactory.java:checkPooledByteBufAllocatorUseCacheForAllThreads(45)) - PERFORMANCE WARNING: useCacheForAllThreads is true that may cause Netty to create a lot garbage objects and, as a result, trigger GC.
	It is recommended to disable useCacheForAllThreads by setting -Dorg.apache.ratis.thirdparty.io.netty.allocator.useCacheForAllThreads=false in command line.
2019-08-21 19:39:29,337 [main] INFO  grpc.GrpcConfigKeys$Server (ConfUtils.java:logGet(43)) - raft.grpc.server.port = 0 (default)
2019-08-21 19:39:29,338 [main] INFO  server.GrpcService (ConfUtils.java:logGet(43)) - raft.grpc.message.size.max = 33570816 (custom)
2019-08-21 19:39:29,339 [main] INFO  server.RaftServerConfigKeys (ConfUtils.java:logGet(43)) - raft.server.log.appender.buffer.byte-limit = 33554432 (custom)
2019-08-21 19:39:29,340 [main] INFO  server.GrpcService (ConfUtils.java:logGet(43)) - raft.grpc.flow.control.window = 1MB (=1048576) (default)
2019-08-21 19:39:29,341 [main] INFO  server.RaftServerConfigKeys (ConfUtils.java:logGet(43)) - raft.server.rpc.request.timeout = 3000ms (default)
2019-08-21 19:39:29,539 [main] INFO  server.RaftServerConfigKeys (ConfUtils.java:logGet(43)) - raft.server.storage.dir = [/workdir/hadoop-ozone/integration-test/target/test-dir/MiniOzoneClusterImpl-5ae37d7a-dbea-4b49-8dc8-7d89e2ab45c4/datanode-0/data/ratis] (custom)
2019-08-21 19:39:29,577 [main] INFO  replication.SimpleContainerDownloader (SimpleContainerDownloader.java:<init>(72)) - Starting container downloader service to copy containers to replicate.
2019-08-21 19:39:29,593 [main] INFO  hdfs.DFSUtil (DFSUtil.java:httpServerTemplateForNNAndJN(1641)) - Starting Web-server for hddsDatanode at: http://0.0.0.0:0
2019-08-21 19:39:29,595 [main] INFO  server.AuthenticationFilter (AuthenticationFilter.java:constructSecretProvider(240)) - Unable to initialize FileSignerSecretProvider, falling back to use random secrets.
2019-08-21 19:39:29,596 [main] WARN  http.HttpRequestLog (HttpRequestLog.java:getRequestLog(97)) - Jetty request log can only be enabled using Log4j
2019-08-21 19:39:29,598 [main] INFO  http.HttpServer2 (HttpServer2.java:addGlobalFilter(975)) - Added global filter 'safety' (class=org.apache.hadoop.http.HttpServer2$QuotingInputFilter)
2019-08-21 19:39:29,599 [main] INFO  http.HttpServer2 (HttpServer2.java:addFilter(948)) - Added filter static_user_filter (class=org.apache.hadoop.http.lib.StaticUserWebFilter$StaticUserFilter) to context hddsDatanode
2019-08-21 19:39:29,600 [main] INFO  http.HttpServer2 (HttpServer2.java:addFilter(958)) - Added filter static_user_filter (class=org.apache.hadoop.http.lib.StaticUserWebFilter$StaticUserFilter) to context logs
2019-08-21 19:39:29,600 [main] INFO  http.HttpServer2 (HttpServer2.java:addFilter(958)) - Added filter static_user_filter (class=org.apache.hadoop.http.lib.StaticUserWebFilter$StaticUserFilter) to context static
2019-08-21 19:39:29,601 [main] INFO  http.HttpServer2 (HttpServer2.java:bindListener(1191)) - Jetty bound to port 46526
2019-08-21 19:39:29,601 [main] INFO  server.Server (Server.java:doStart(351)) - jetty-9.3.24.v20180605, build timestamp: 2018-06-05T17:11:56Z, git hash: 84205aa28f11a4f31f2a3b86d1bba2cc8ab69827
2019-08-21 19:39:29,604 [main] INFO  handler.ContextHandler (ContextHandler.java:doStart(781)) - Started o.e.j.s.ServletContextHandler@2f4c2cd4{/logs,file:///workdir/hadoop-ozone/integration-test/target/log,AVAILABLE}
2019-08-21 19:39:29,604 [main] INFO  handler.ContextHandler (ContextHandler.java:doStart(781)) - Started o.e.j.s.ServletContextHandler@333c8791{/static,jar:file:/home/user/.m2/repository/org/apache/hadoop/hadoop-hdds-container-service/0.5.0-SNAPSHOT/hadoop-hdds-container-service-0.5.0-SNAPSHOT.jar!/webapps/static,AVAILABLE}
2019-08-21 19:39:29,639 [main] INFO  handler.ContextHandler (ContextHandler.java:doStart(781)) - Started o.e.j.w.WebAppContext@291373d3{/,file:///tmp/jetty-0.0.0.0-46526-hddsDatanode-_-any-6524992129331839333.dir/webapp/,AVAILABLE}{/hddsDatanode}
2019-08-21 19:39:29,640 [main] INFO  server.AbstractConnector (AbstractConnector.java:doStart(278)) - Started ServerConnector@372ca2d6{HTTP/1.1,[http/1.1]}{0.0.0.0:46526}
2019-08-21 19:39:29,641 [main] INFO  server.Server (Server.java:doStart(419)) - Started @5559ms
2019-08-21 19:39:29,642 [main] INFO  server.BaseHttpServer (BaseHttpServer.java:updateConnectorAddress(213)) - HTTP server of HDDSDATANODE is listening at http://0.0.0.0:46526
2019-08-21 19:39:30,886 | INFO  | ObjectStoreRestHttpServer | Listening HDDS REST traffic on /0.0.0.0:36099 |  
2019-08-21 19:39:30,887 [main] INFO  ozone.HddsDatanodeService (HddsDatanodeService.java:startPlugins(395)) - Started plug-in org.apache.hadoop.ozone.web.OzoneHddsDatanodeService@6e8fdd19
2019-08-21 19:39:30,889 [main] INFO  impl.MetricsSystemImpl (MetricsSystemImpl.java:init(158)) - HddsDatanode metrics system started (again)
2019-08-21 19:39:30,892 [main] INFO  ozone.HddsDatanodeService (HddsDatanodeService.java:start(184)) - HddsDatanodeService host:pr-hdds-1347-9fd45-2937924148 ip:192.168.157.235
2019-08-21 19:39:30,896 [org.apache.hadoop.util.JvmPauseMonitor$Monitor@1052d1bb] INFO  util.JvmPauseMonitor (JvmPauseMonitor.java:run(188)) - Starting JVM pause monitor
2019-08-21 19:39:30,902 [main] INFO  volume.HddsVolume (HddsVolume.java:<init>(176)) - Creating Volume: /workdir/hadoop-ozone/integration-test/target/test-dir/MiniOzoneClusterImpl-5ae37d7a-dbea-4b49-8dc8-7d89e2ab45c4/datanode-1/data/containers/hdds of  storage type : DISK and capacity : 1482555576320
2019-08-21 19:39:30,903 [main] INFO  volume.VolumeSet (VolumeSet.java:initializeVolumeSet(170)) - Added Volume : /workdir/hadoop-ozone/integration-test/target/test-dir/MiniOzoneClusterImpl-5ae37d7a-dbea-4b49-8dc8-7d89e2ab45c4/datanode-1/data/containers/hdds to VolumeSet
2019-08-21 19:39:30,903 [main] INFO  volume.ThrottledAsyncChecker (ThrottledAsyncChecker.java:schedule(140)) - Scheduling a check for org.apache.hadoop.ozone.container.common.volume.HddsVolume@613f7eb7
2019-08-21 19:39:30,904 [main] INFO  volume.HddsVolumeChecker (HddsVolumeChecker.java:checkAllVolumes(203)) - Scheduled health check for volume org.apache.hadoop.ozone.container.common.volume.HddsVolume@613f7eb7
2019-08-21 19:39:30,925 [main] INFO  impl.RaftServerProxy (ConfUtils.java:logGet(43)) - raft.rpc.type = GRPC (default)
2019-08-21 19:39:30,925 [main] INFO  grpc.GrpcFactory (GrpcFactory.java:checkPooledByteBufAllocatorUseCacheForAllThreads(45)) - PERFORMANCE WARNING: useCacheForAllThreads is true that may cause Netty to create a lot garbage objects and, as a result, trigger GC.
	It is recommended to disable useCacheForAllThreads by setting -Dorg.apache.ratis.thirdparty.io.netty.allocator.useCacheForAllThreads=false in command line.
2019-08-21 19:39:30,926 [main] INFO  grpc.GrpcConfigKeys$Server (ConfUtils.java:logGet(43)) - raft.grpc.server.port = 0 (default)
2019-08-21 19:39:30,926 [main] INFO  server.GrpcService (ConfUtils.java:logGet(43)) - raft.grpc.message.size.max = 33570816 (custom)
2019-08-21 19:39:30,926 [main] INFO  server.RaftServerConfigKeys (ConfUtils.java:logGet(43)) - raft.server.log.appender.buffer.byte-limit = 33554432 (custom)
2019-08-21 19:39:30,926 [main] INFO  server.GrpcService (ConfUtils.java:logGet(43)) - raft.grpc.flow.control.window = 1MB (=1048576) (default)
2019-08-21 19:39:30,927 [main] INFO  server.RaftServerConfigKeys (ConfUtils.java:logGet(43)) - raft.server.rpc.request.timeout = 3000ms (default)
2019-08-21 19:39:30,927 [main] INFO  server.RaftServerConfigKeys (ConfUtils.java:logGet(43)) - raft.server.storage.dir = [/workdir/hadoop-ozone/integration-test/target/test-dir/MiniOzoneClusterImpl-5ae37d7a-dbea-4b49-8dc8-7d89e2ab45c4/datanode-1/data/ratis] (custom)
2019-08-21 19:39:30,928 [main] INFO  replication.SimpleContainerDownloader (SimpleContainerDownloader.java:<init>(72)) - Starting container downloader service to copy containers to replicate.
2019-08-21 19:39:30,929 [main] INFO  hdfs.DFSUtil (DFSUtil.java:httpServerTemplateForNNAndJN(1641)) - Starting Web-server for hddsDatanode at: http://0.0.0.0:0
2019-08-21 19:39:30,932 [main] INFO  server.AuthenticationFilter (AuthenticationFilter.java:constructSecretProvider(240)) - Unable to initialize FileSignerSecretProvider, falling back to use random secrets.
2019-08-21 19:39:30,933 [main] WARN  http.HttpRequestLog (HttpRequestLog.java:getRequestLog(97)) - Jetty request log can only be enabled using Log4j
2019-08-21 19:39:30,935 [main] INFO  http.HttpServer2 (HttpServer2.java:addGlobalFilter(975)) - Added global filter 'safety' (class=org.apache.hadoop.http.HttpServer2$QuotingInputFilter)
2019-08-21 19:39:30,936 [main] INFO  http.HttpServer2 (HttpServer2.java:addFilter(948)) - Added filter static_user_filter (class=org.apache.hadoop.http.lib.StaticUserWebFilter$StaticUserFilter) to context hddsDatanode
2019-08-21 19:39:30,936 [main] INFO  http.HttpServer2 (HttpServer2.java:addFilter(958)) - Added filter static_user_filter (class=org.apache.hadoop.http.lib.StaticUserWebFilter$StaticUserFilter) to context logs
2019-08-21 19:39:30,936 [main] INFO  http.HttpServer2 (HttpServer2.java:addFilter(958)) - Added filter static_user_filter (class=org.apache.hadoop.http.lib.StaticUserWebFilter$StaticUserFilter) to context static
2019-08-21 19:39:30,938 [main] INFO  http.HttpServer2 (HttpServer2.java:bindListener(1191)) - Jetty bound to port 36324
2019-08-21 19:39:30,938 [main] INFO  server.Server (Server.java:doStart(351)) - jetty-9.3.24.v20180605, build timestamp: 2018-06-05T17:11:56Z, git hash: 84205aa28f11a4f31f2a3b86d1bba2cc8ab69827
2019-08-21 19:39:30,943 [main] INFO  handler.ContextHandler (ContextHandler.java:doStart(781)) - Started o.e.j.s.ServletContextHandler@4b55ff0a{/logs,file:///workdir/hadoop-ozone/integration-test/target/log,AVAILABLE}
2019-08-21 19:39:30,943 [main] INFO  handler.ContextHandler (ContextHandler.java:doStart(781)) - Started o.e.j.s.ServletContextHandler@256a0d95{/static,jar:file:/home/user/.m2/repository/org/apache/hadoop/hadoop-hdds-container-service/0.5.0-SNAPSHOT/hadoop-hdds-container-service-0.5.0-SNAPSHOT.jar!/webapps/static,AVAILABLE}
2019-08-21 19:39:30,993 [main] INFO  handler.ContextHandler (ContextHandler.java:doStart(781)) - Started o.e.j.w.WebAppContext@4aebee4b{/,file:///tmp/jetty-0.0.0.0-36324-hddsDatanode-_-any-4729405808091689774.dir/webapp/,AVAILABLE}{/hddsDatanode}
2019-08-21 19:39:30,995 [main] INFO  server.AbstractConnector (AbstractConnector.java:doStart(278)) - Started ServerConnector@18d47df0{HTTP/1.1,[http/1.1]}{0.0.0.0:36324}
2019-08-21 19:39:30,996 [main] INFO  server.Server (Server.java:doStart(419)) - Started @6913ms
2019-08-21 19:39:30,998 [main] INFO  server.BaseHttpServer (BaseHttpServer.java:updateConnectorAddress(213)) - HTTP server of HDDSDATANODE is listening at http://0.0.0.0:36324
2019-08-21 19:39:31,038 [Datanode State Machine Thread - 0] INFO  datanode.InitDatanodeState (InitDatanodeState.java:persistContainerDatanodeDetails(140)) - DatanodeDetails is persisted to /workdir/hadoop-ozone/integration-test/target/test-dir/MiniOzoneClusterImpl-5ae37d7a-dbea-4b49-8dc8-7d89e2ab45c4/datanode-0/meta/datanode.id
2019-08-21 19:39:31,183 | INFO  | ObjectStoreRestHttpServer | Listening HDDS REST traffic on /0.0.0.0:40456 |  
2019-08-21 19:39:31,183 [main] INFO  ozone.HddsDatanodeService (HddsDatanodeService.java:startPlugins(395)) - Started plug-in org.apache.hadoop.ozone.web.OzoneHddsDatanodeService@3a296107
2019-08-21 19:39:31,183 [main] INFO  impl.MetricsSystemImpl (MetricsSystemImpl.java:init(158)) - HddsDatanode metrics system started (again)
2019-08-21 19:39:31,186 [org.apache.hadoop.util.JvmPauseMonitor$Monitor@1bb4e079] INFO  util.JvmPauseMonitor (JvmPauseMonitor.java:run(188)) - Starting JVM pause monitor
2019-08-21 19:39:31,186 [main] INFO  ozone.HddsDatanodeService (HddsDatanodeService.java:start(184)) - HddsDatanodeService host:pr-hdds-1347-9fd45-2937924148 ip:192.168.157.235
2019-08-21 19:39:31,191 [Datanode State Machine Thread - 0] INFO  datanode.InitDatanodeState (InitDatanodeState.java:persistContainerDatanodeDetails(140)) - DatanodeDetails is persisted to /workdir/hadoop-ozone/integration-test/target/test-dir/MiniOzoneClusterImpl-5ae37d7a-dbea-4b49-8dc8-7d89e2ab45c4/datanode-1/meta/datanode.id
2019-08-21 19:39:31,195 [main] INFO  volume.HddsVolume (HddsVolume.java:<init>(176)) - Creating Volume: /workdir/hadoop-ozone/integration-test/target/test-dir/MiniOzoneClusterImpl-5ae37d7a-dbea-4b49-8dc8-7d89e2ab45c4/datanode-2/data/containers/hdds of  storage type : DISK and capacity : 1482555576320
2019-08-21 19:39:31,196 [main] INFO  volume.VolumeSet (VolumeSet.java:initializeVolumeSet(170)) - Added Volume : /workdir/hadoop-ozone/integration-test/target/test-dir/MiniOzoneClusterImpl-5ae37d7a-dbea-4b49-8dc8-7d89e2ab45c4/datanode-2/data/containers/hdds to VolumeSet
2019-08-21 19:39:31,196 [main] INFO  volume.ThrottledAsyncChecker (ThrottledAsyncChecker.java:schedule(140)) - Scheduling a check for org.apache.hadoop.ozone.container.common.volume.HddsVolume@102c18e
2019-08-21 19:39:31,197 [main] INFO  volume.HddsVolumeChecker (HddsVolumeChecker.java:checkAllVolumes(203)) - Scheduled health check for volume org.apache.hadoop.ozone.container.common.volume.HddsVolume@102c18e
2019-08-21 19:39:31,215 [main] INFO  impl.RaftServerProxy (ConfUtils.java:logGet(43)) - raft.rpc.type = GRPC (default)
2019-08-21 19:39:31,215 [main] INFO  grpc.GrpcFactory (GrpcFactory.java:checkPooledByteBufAllocatorUseCacheForAllThreads(45)) - PERFORMANCE WARNING: useCacheForAllThreads is true that may cause Netty to create a lot garbage objects and, as a result, trigger GC.
	It is recommended to disable useCacheForAllThreads by setting -Dorg.apache.ratis.thirdparty.io.netty.allocator.useCacheForAllThreads=false in command line.
2019-08-21 19:39:31,216 [main] INFO  grpc.GrpcConfigKeys$Server (ConfUtils.java:logGet(43)) - raft.grpc.server.port = 0 (default)
2019-08-21 19:39:31,216 [main] INFO  server.GrpcService (ConfUtils.java:logGet(43)) - raft.grpc.message.size.max = 33570816 (custom)
2019-08-21 19:39:31,216 [main] INFO  server.RaftServerConfigKeys (ConfUtils.java:logGet(43)) - raft.server.log.appender.buffer.byte-limit = 33554432 (custom)
2019-08-21 19:39:31,217 [main] INFO  server.GrpcService (ConfUtils.java:logGet(43)) - raft.grpc.flow.control.window = 1MB (=1048576) (default)
2019-08-21 19:39:31,217 [main] INFO  server.RaftServerConfigKeys (ConfUtils.java:logGet(43)) - raft.server.rpc.request.timeout = 3000ms (default)
2019-08-21 19:39:31,218 [main] INFO  server.RaftServerConfigKeys (ConfUtils.java:logGet(43)) - raft.server.storage.dir = [/workdir/hadoop-ozone/integration-test/target/test-dir/MiniOzoneClusterImpl-5ae37d7a-dbea-4b49-8dc8-7d89e2ab45c4/datanode-2/data/ratis] (custom)
2019-08-21 19:39:31,219 [main] INFO  replication.SimpleContainerDownloader (SimpleContainerDownloader.java:<init>(72)) - Starting container downloader service to copy containers to replicate.
2019-08-21 19:39:31,221 [main] INFO  hdfs.DFSUtil (DFSUtil.java:httpServerTemplateForNNAndJN(1641)) - Starting Web-server for hddsDatanode at: http://0.0.0.0:0
2019-08-21 19:39:31,223 [main] INFO  server.AuthenticationFilter (AuthenticationFilter.java:constructSecretProvider(240)) - Unable to initialize FileSignerSecretProvider, falling back to use random secrets.
2019-08-21 19:39:31,223 [main] WARN  http.HttpRequestLog (HttpRequestLog.java:getRequestLog(97)) - Jetty request log can only be enabled using Log4j
2019-08-21 19:39:31,225 [main] INFO  http.HttpServer2 (HttpServer2.java:addGlobalFilter(975)) - Added global filter 'safety' (class=org.apache.hadoop.http.HttpServer2$QuotingInputFilter)
2019-08-21 19:39:31,226 [main] INFO  http.HttpServer2 (HttpServer2.java:addFilter(948)) - Added filter static_user_filter (class=org.apache.hadoop.http.lib.StaticUserWebFilter$StaticUserFilter) to context hddsDatanode
2019-08-21 19:39:31,226 [main] INFO  http.HttpServer2 (HttpServer2.java:addFilter(958)) - Added filter static_user_filter (class=org.apache.hadoop.http.lib.StaticUserWebFilter$StaticUserFilter) to context static
2019-08-21 19:39:31,226 [main] INFO  http.HttpServer2 (HttpServer2.java:addFilter(958)) - Added filter static_user_filter (class=org.apache.hadoop.http.lib.StaticUserWebFilter$StaticUserFilter) to context logs
2019-08-21 19:39:31,227 [main] INFO  http.HttpServer2 (HttpServer2.java:bindListener(1191)) - Jetty bound to port 40750
2019-08-21 19:39:31,227 [main] INFO  server.Server (Server.java:doStart(351)) - jetty-9.3.24.v20180605, build timestamp: 2018-06-05T17:11:56Z, git hash: 84205aa28f11a4f31f2a3b86d1bba2cc8ab69827
2019-08-21 19:39:31,229 [main] INFO  handler.ContextHandler (ContextHandler.java:doStart(781)) - Started o.e.j.s.ServletContextHandler@7f0f84d4{/logs,file:///workdir/hadoop-ozone/integration-test/target/log,AVAILABLE}
2019-08-21 19:39:31,229 [main] INFO  handler.ContextHandler (ContextHandler.java:doStart(781)) - Started o.e.j.s.ServletContextHandler@26e8ff8c{/static,jar:file:/home/user/.m2/repository/org/apache/hadoop/hadoop-hdds-container-service/0.5.0-SNAPSHOT/hadoop-hdds-container-service-0.5.0-SNAPSHOT.jar!/webapps/static,AVAILABLE}
2019-08-21 19:39:31,259 [main] INFO  handler.ContextHandler (ContextHandler.java:doStart(781)) - Started o.e.j.w.WebAppContext@10f405ff{/,file:///tmp/jetty-0.0.0.0-40750-hddsDatanode-_-any-2541531617165436777.dir/webapp/,AVAILABLE}{/hddsDatanode}
2019-08-21 19:39:31,260 [main] INFO  server.AbstractConnector (AbstractConnector.java:doStart(278)) - Started ServerConnector@7f27f59b{HTTP/1.1,[http/1.1]}{0.0.0.0:40750}
2019-08-21 19:39:31,260 [main] INFO  server.Server (Server.java:doStart(419)) - Started @7179ms
2019-08-21 19:39:31,263 [main] INFO  server.BaseHttpServer (BaseHttpServer.java:updateConnectorAddress(213)) - HTTP server of HDDSDATANODE is listening at http://0.0.0.0:40750
2019-08-21 19:39:31,413 | INFO  | ObjectStoreRestHttpServer | Listening HDDS REST traffic on /0.0.0.0:40538 |  
2019-08-21 19:39:31,413 [main] INFO  ozone.HddsDatanodeService (HddsDatanodeService.java:startPlugins(395)) - Started plug-in org.apache.hadoop.ozone.web.OzoneHddsDatanodeService@37d28938
2019-08-21 19:39:31,415 [main] INFO  ozone.MiniOzoneClusterImpl (MiniOzoneClusterImpl.java:lambda$waitForClusterToBeReady$0(142)) - Waiting for cluster to be ready. Got 0 of 3 DN Heartbeats.
2019-08-21 19:39:31,416 [org.apache.hadoop.util.JvmPauseMonitor$Monitor@499eb9e] INFO  util.JvmPauseMonitor (JvmPauseMonitor.java:run(188)) - Starting JVM pause monitor
2019-08-21 19:39:31,419 [Datanode State Machine Thread - 0] INFO  datanode.InitDatanodeState (InitDatanodeState.java:persistContainerDatanodeDetails(140)) - DatanodeDetails is persisted to /workdir/hadoop-ozone/integration-test/target/test-dir/MiniOzoneClusterImpl-5ae37d7a-dbea-4b49-8dc8-7d89e2ab45c4/datanode-2/meta/datanode.id
2019-08-21 19:39:32,416 [main] INFO  ozone.MiniOzoneClusterImpl (MiniOzoneClusterImpl.java:lambda$waitForClusterToBeReady$0(142)) - Waiting for cluster to be ready. Got 0 of 3 DN Heartbeats.
2019-08-21 19:39:32,933 | INFO  | SCMAudit | user=jenkins1000 | ip=192.168.157.235 | op=GET_VERSION null | ret=SUCCESS |  
2019-08-21 19:39:32,955 [Datanode State Machine Thread - 0] INFO  ozoneimpl.OzoneContainer (OzoneContainer.java:start(186)) - Attempting to start container services.
2019-08-21 19:39:32,956 [Datanode State Machine Thread - 0] INFO  ozoneimpl.OzoneContainer (OzoneContainer.java:startContainerScrub(160)) - Background container scrubber has been disabled by hdds.containerscrub.enabled
2019-08-21 19:39:32,956 [Datanode State Machine Thread - 0] INFO  ratis.XceiverServerRatis (XceiverServerRatis.java:start(404)) - Starting XceiverServerRatis 31435e08-68de-4ee1-9e5d-4ac2aee7e108 at port 0
2019-08-21 19:39:32,980 [Datanode State Machine Thread - 0] INFO  impl.RaftServerProxy (RaftServerProxy.java:lambda$start$3(299)) - 31435e08-68de-4ee1-9e5d-4ac2aee7e108: start RPC server
2019-08-21 19:39:33,104 [Datanode State Machine Thread - 0] INFO  server.GrpcService (GrpcService.java:startImpl(149)) - 31435e08-68de-4ee1-9e5d-4ac2aee7e108: GrpcService started, listening on 0.0.0.0/0.0.0.0:46275
2019-08-21 19:39:33,105 [Datanode State Machine Thread - 0] INFO  ratis.XceiverServerRatis (XceiverServerRatis.java:start(414)) - XceiverServerRatis 31435e08-68de-4ee1-9e5d-4ac2aee7e108 is started using port 46275
2019-08-21 19:39:33,106 [Datanode State Machine Thread - 0] INFO  server.XceiverServerGrpc (XceiverServerGrpc.java:start(161)) - XceiverServerGrpc 31435e08-68de-4ee1-9e5d-4ac2aee7e108 is started using port 35520
2019-08-21 19:39:33,188 | INFO  | SCMAudit | user=jenkins1000 | ip=192.168.157.235 | op=GET_VERSION null | ret=SUCCESS |  
2019-08-21 19:39:33,203 [Datanode State Machine Thread - 0] INFO  ozoneimpl.OzoneContainer (OzoneContainer.java:start(186)) - Attempting to start container services.
2019-08-21 19:39:33,206 [Datanode State Machine Thread - 0] INFO  ozoneimpl.OzoneContainer (OzoneContainer.java:startContainerScrub(160)) - Background container scrubber has been disabled by hdds.containerscrub.enabled
2019-08-21 19:39:33,206 [Datanode State Machine Thread - 0] INFO  ratis.XceiverServerRatis (XceiverServerRatis.java:start(404)) - Starting XceiverServerRatis 30fd6c46-98fc-41af-89a2-a688dd991524 at port 0
2019-08-21 19:39:33,216 [Datanode State Machine Thread - 0] INFO  impl.RaftServerProxy (RaftServerProxy.java:lambda$start$3(299)) - 30fd6c46-98fc-41af-89a2-a688dd991524: start RPC server
2019-08-21 19:39:33,220 [Datanode State Machine Thread - 0] INFO  server.GrpcService (GrpcService.java:startImpl(149)) - 30fd6c46-98fc-41af-89a2-a688dd991524: GrpcService started, listening on 0.0.0.0/0.0.0.0:42159
2019-08-21 19:39:33,221 [Datanode State Machine Thread - 0] INFO  ratis.XceiverServerRatis (XceiverServerRatis.java:start(414)) - XceiverServerRatis 30fd6c46-98fc-41af-89a2-a688dd991524 is started using port 42159
2019-08-21 19:39:33,223 [Datanode State Machine Thread - 0] INFO  server.XceiverServerGrpc (XceiverServerGrpc.java:start(161)) - XceiverServerGrpc 30fd6c46-98fc-41af-89a2-a688dd991524 is started using port 39673
2019-08-21 19:39:33,416 [main] INFO  ozone.MiniOzoneClusterImpl (MiniOzoneClusterImpl.java:lambda$waitForClusterToBeReady$0(142)) - Waiting for cluster to be ready. Got 0 of 3 DN Heartbeats.
2019-08-21 19:39:33,419 | INFO  | SCMAudit | user=jenkins1000 | ip=192.168.157.235 | op=GET_VERSION null | ret=SUCCESS |  
2019-08-21 19:39:33,434 [Datanode State Machine Thread - 0] INFO  ozoneimpl.OzoneContainer (OzoneContainer.java:start(186)) - Attempting to start container services.
2019-08-21 19:39:33,436 [Datanode State Machine Thread - 0] INFO  ozoneimpl.OzoneContainer (OzoneContainer.java:startContainerScrub(160)) - Background container scrubber has been disabled by hdds.containerscrub.enabled
2019-08-21 19:39:33,436 [Datanode State Machine Thread - 0] INFO  ratis.XceiverServerRatis (XceiverServerRatis.java:start(404)) - Starting XceiverServerRatis 1622df86-29a4-40da-b1f7-6b6973ca9708 at port 0
2019-08-21 19:39:33,443 [Datanode State Machine Thread - 0] INFO  impl.RaftServerProxy (RaftServerProxy.java:lambda$start$3(299)) - 1622df86-29a4-40da-b1f7-6b6973ca9708: start RPC server
2019-08-21 19:39:33,446 [Datanode State Machine Thread - 0] INFO  server.GrpcService (GrpcService.java:startImpl(149)) - 1622df86-29a4-40da-b1f7-6b6973ca9708: GrpcService started, listening on 0.0.0.0/0.0.0.0:37740
2019-08-21 19:39:33,446 [Datanode State Machine Thread - 0] INFO  ratis.XceiverServerRatis (XceiverServerRatis.java:start(414)) - XceiverServerRatis 1622df86-29a4-40da-b1f7-6b6973ca9708 is started using port 37740
2019-08-21 19:39:33,448 [Datanode State Machine Thread - 0] INFO  server.XceiverServerGrpc (XceiverServerGrpc.java:start(161)) - XceiverServerGrpc 1622df86-29a4-40da-b1f7-6b6973ca9708 is started using port 41306
2019-08-21 19:39:34,418 [main] INFO  ozone.MiniOzoneClusterImpl (MiniOzoneClusterImpl.java:lambda$waitForClusterToBeReady$0(142)) - Waiting for cluster to be ready. Got 0 of 3 DN Heartbeats.
2019-08-21 19:39:34,934 [IPC Server handler 1 on 45953] INFO  net.NetworkTopology (NetworkTopologyImpl.java:add(110)) - Added a new node: /default-rack/31435e08-68de-4ee1-9e5d-4ac2aee7e108
2019-08-21 19:39:34,936 [IPC Server handler 1 on 45953] INFO  node.SCMNodeManager (SCMNodeManager.java:register(273)) - Registered Data node : 31435e08-68de-4ee1-9e5d-4ac2aee7e108{ip: 192.168.157.235, host: pr-hdds-1347-9fd45-2937924148, networkLocation: /default-rack, certSerialId: null}
2019-08-21 19:39:34,940 [EventQueue-NodeRegistrationContainerReportForDataNodeSafeModeRule] INFO  safemode.SCMSafeModeManager (DataNodeSafeModeRule.java:process(71)) - SCM in safe mode. 1 DataNodes registered, 1 required.
2019-08-21 19:39:34,940 [EventQueue-NodeRegistrationContainerReportForDataNodeSafeModeRule] INFO  safemode.SCMSafeModeManager (SCMSafeModeManager.java:validateSafeModeExitRules(177)) - ScmSafeModeManager, all rules are successfully validated
2019-08-21 19:39:34,940 [EventQueue-NodeRegistrationContainerReportForDataNodeSafeModeRule] INFO  safemode.SCMSafeModeManager (SCMSafeModeManager.java:exitSafeMode(193)) - SCM exiting safe mode.
2019-08-21 19:39:34,946 | INFO  | SCMAudit | user=jenkins1000 | ip=192.168.157.235 | op=REGISTER {datanodeDetails=31435e08-68de-4ee1-9e5d-4ac2aee7e108{ip: 192.168.157.235, host: pr-hdds-1347-9fd45-2937924148, networkLocation: /default-rack, certSerialId: null}} | ret=SUCCESS |  
2019-08-21 19:39:35,188 [IPC Server handler 0 on 45953] INFO  net.NetworkTopology (NetworkTopologyImpl.java:add(110)) - Added a new node: /default-rack/30fd6c46-98fc-41af-89a2-a688dd991524
2019-08-21 19:39:35,188 [IPC Server handler 0 on 45953] INFO  node.SCMNodeManager (SCMNodeManager.java:register(273)) - Registered Data node : 30fd6c46-98fc-41af-89a2-a688dd991524{ip: 192.168.157.235, host: pr-hdds-1347-9fd45-2937924148, networkLocation: /default-rack, certSerialId: null}
2019-08-21 19:39:35,189 | INFO  | SCMAudit | user=jenkins1000 | ip=192.168.157.235 | op=REGISTER {datanodeDetails=30fd6c46-98fc-41af-89a2-a688dd991524{ip: 192.168.157.235, host: pr-hdds-1347-9fd45-2937924148, networkLocation: /default-rack, certSerialId: null}} | ret=SUCCESS |  
2019-08-21 19:39:35,770 [main] INFO  ozone.MiniOzoneClusterImpl (MiniOzoneClusterImpl.java:lambda$waitForClusterToBeReady$0(142)) - Waiting for cluster to be ready. Got 2 of 3 DN Heartbeats.
2019-08-21 19:39:35,773 [IPC Server handler 1 on 45953] INFO  net.NetworkTopology (NetworkTopologyImpl.java:add(110)) - Added a new node: /default-rack/1622df86-29a4-40da-b1f7-6b6973ca9708
2019-08-21 19:39:35,773 [IPC Server handler 1 on 45953] INFO  node.SCMNodeManager (SCMNodeManager.java:register(273)) - Registered Data node : 1622df86-29a4-40da-b1f7-6b6973ca9708{ip: 192.168.157.235, host: pr-hdds-1347-9fd45-2937924148, networkLocation: /default-rack, certSerialId: null}
2019-08-21 19:39:35,773 | INFO  | SCMAudit | user=jenkins1000 | ip=192.168.157.235 | op=REGISTER {datanodeDetails=1622df86-29a4-40da-b1f7-6b6973ca9708{ip: 192.168.157.235, host: pr-hdds-1347-9fd45-2937924148, networkLocation: /default-rack, certSerialId: null}} | ret=SUCCESS |  
2019-08-21 19:39:35,876 [grpc-default-executor-0] INFO  impl.RaftServerProxy (RaftServerProxy.java:addNew(89)) - 31435e08-68de-4ee1-9e5d-4ac2aee7e108: addNew group-82A84573F822:[31435e08-68de-4ee1-9e5d-4ac2aee7e108:192.168.157.235:46275] returns group-82A84573F822:java.util.concurrent.CompletableFuture@1cfa45bf[Not completed]
2019-08-21 19:39:35,890 [pool-27-thread-1] INFO  impl.RaftServerImpl (RaftServerImpl.java:<init>(93)) - 31435e08-68de-4ee1-9e5d-4ac2aee7e108: new RaftServerImpl for group-82A84573F822:[31435e08-68de-4ee1-9e5d-4ac2aee7e108:192.168.157.235:46275] with ContainerStateMachine:uninitialized
2019-08-21 19:39:35,892 [pool-27-thread-1] INFO  server.RaftServerConfigKeys (ConfUtils.java:logGet(43)) - raft.server.rpc.timeout.min = 5s (custom)
2019-08-21 19:39:35,893 [pool-27-thread-1] INFO  server.RaftServerConfigKeys (ConfUtils.java:logGet(43)) - raft.server.rpc.timeout.max = 5200ms (custom)
2019-08-21 19:39:35,893 [pool-27-thread-1] INFO  server.RaftServerConfigKeys (ConfUtils.java:logGet(43)) - raft.server.rpcslowness.timeout = 120s (custom)
2019-08-21 19:39:35,894 [pool-27-thread-1] INFO  server.RaftServerConfigKeys (ConfUtils.java:logGet(43)) - raft.server.sleep.deviation.threshold = 300 (default)
2019-08-21 19:39:35,894 [pool-27-thread-1] INFO  server.RaftServerConfigKeys (ConfUtils.java:logGet(43)) - raft.server.log.appender.install.snapshot.enabled = false (custom)
2019-08-21 19:39:35,902 [pool-27-thread-1] INFO  impl.RaftServerImpl (ServerState.java:<init>(105)) - 31435e08-68de-4ee1-9e5d-4ac2aee7e108:group-82A84573F822 ConfigurationManager, init=-1: [31435e08-68de-4ee1-9e5d-4ac2aee7e108:192.168.157.235:46275], old=null, confs=<EMPTY_MAP>
2019-08-21 19:39:35,902 [pool-27-thread-1] INFO  server.RaftServerConfigKeys (ConfUtils.java:logGet(43)) - raft.server.storage.dir = [/workdir/hadoop-ozone/integration-test/target/test-dir/MiniOzoneClusterImpl-5ae37d7a-dbea-4b49-8dc8-7d89e2ab45c4/datanode-0/data/ratis] (custom)
2019-08-21 19:39:35,909 [pool-27-thread-1] INFO  storage.RaftStorageDirectory (RaftStorageDirectory.java:analyzeStorage(246)) - The storage directory /workdir/hadoop-ozone/integration-test/target/test-dir/MiniOzoneClusterImpl-5ae37d7a-dbea-4b49-8dc8-7d89e2ab45c4/datanode-0/data/ratis/d7d3b4aa-ea45-4ce3-91ec-82a84573f822 does not exist. Creating ...
2019-08-21 19:39:35,924 [pool-27-thread-1] INFO  storage.RaftStorageDirectory (RaftStorageDirectory.java:tryLock(328)) - Lock on /workdir/hadoop-ozone/integration-test/target/test-dir/MiniOzoneClusterImpl-5ae37d7a-dbea-4b49-8dc8-7d89e2ab45c4/datanode-0/data/ratis/d7d3b4aa-ea45-4ce3-91ec-82a84573f822/in_use.lock acquired by nodename 8648@pr-hdds-1347-9fd45-2937924148
2019-08-21 19:39:35,939 [pool-27-thread-1] INFO  storage.RaftStorage (RaftStorage.java:format(72)) - Storage directory /workdir/hadoop-ozone/integration-test/target/test-dir/MiniOzoneClusterImpl-5ae37d7a-dbea-4b49-8dc8-7d89e2ab45c4/datanode-0/data/ratis/d7d3b4aa-ea45-4ce3-91ec-82a84573f822 has been successfully formatted.
2019-08-21 19:39:35,941 [pool-27-thread-1] INFO  ratis.ContainerStateMachine (ContainerStateMachine.java:loadSnapshot(226)) - group-82A84573F822: The snapshot info is null. Setting the last applied indexto:(t:0, i:~)
2019-08-21 19:39:35,941 [pool-27-thread-1] INFO  server.RaftServerConfigKeys (ConfUtils.java:logGet(43)) - raft.server.leader.election.timeout = 120s (custom)
2019-08-21 19:39:35,944 [pool-27-thread-1] INFO  server.RaftServerConfigKeys (ConfUtils.java:logGet(43)) - raft.server.log.use.memory = false (default)
2019-08-21 19:39:35,948 [pool-27-thread-1] INFO  server.RaftServerConfigKeys (ConfUtils.java:logGet(43)) - raft.server.log.purge.gap = 1000000 (custom)
2019-08-21 19:39:35,949 [pool-27-thread-1] INFO  server.RaftServerConfigKeys (ConfUtils.java:logGet(43)) - raft.server.log.appender.buffer.byte-limit = 33554432 (custom)
2019-08-21 19:39:35,950 [pool-27-thread-1] INFO  server.RaftServerConfigKeys (ConfUtils.java:logGet(43)) - raft.server.log.segment.size.max = 1048576 (custom)
2019-08-21 19:39:35,954 [pool-27-thread-1] INFO  server.RaftServerConfigKeys (ConfUtils.java:logGet(43)) - raft.server.log.segment.cache.num.max = 2 (custom)
2019-08-21 19:39:35,959 [pool-27-thread-1] INFO  segmented.SegmentedRaftLogWorker (SegmentedRaftLogWorker.java:<init>(172)) - new 31435e08-68de-4ee1-9e5d-4ac2aee7e108-SegmentedRaftLogWorker:Storage Directory /workdir/hadoop-ozone/integration-test/target/test-dir/MiniOzoneClusterImpl-5ae37d7a-dbea-4b49-8dc8-7d89e2ab45c4/datanode-0/data/ratis/d7d3b4aa-ea45-4ce3-91ec-82a84573f822 for RaftStorage:Storage Directory /workdir/hadoop-ozone/integration-test/target/test-dir/MiniOzoneClusterImpl-5ae37d7a-dbea-4b49-8dc8-7d89e2ab45c4/datanode-0/data/ratis/d7d3b4aa-ea45-4ce3-91ec-82a84573f822
2019-08-21 19:39:35,969 [pool-27-thread-1] INFO  server.RaftServerConfigKeys (ConfUtils.java:logGet(43)) - raft.server.log.queue.byte-limit = 2147483647 (custom)
2019-08-21 19:39:35,969 [pool-27-thread-1] INFO  server.RaftServerConfigKeys (ConfUtils.java:logGet(43)) - raft.server.log.queue.element-limit = 1024 (custom)
2019-08-21 19:39:35,974 [pool-27-thread-1] INFO  server.RaftServerConfigKeys (ConfUtils.java:logGet(43)) - raft.server.log.segment.size.max = 1048576 (custom)
2019-08-21 19:39:35,974 [pool-27-thread-1] INFO  server.RaftServerConfigKeys (ConfUtils.java:logGet(43)) - raft.server.log.preallocated.size = 16384 (custom)
2019-08-21 19:39:35,975 [pool-27-thread-1] INFO  server.RaftServerConfigKeys (ConfUtils.java:logGet(43)) - raft.server.log.write.buffer.size = 33554432 (custom)
2019-08-21 19:39:35,975 [pool-27-thread-1] INFO  server.RaftServerConfigKeys (ConfUtils.java:logGet(43)) - raft.server.log.force.sync.num = 128 (default)
2019-08-21 19:39:35,976 [pool-27-thread-1] INFO  server.RaftServerConfigKeys (ConfUtils.java:logGet(43)) - raft.server.log.statemachine.data.sync = true (default)
2019-08-21 19:39:35,976 [pool-27-thread-1] INFO  server.RaftServerConfigKeys (ConfUtils.java:logGet(43)) - raft.server.log.statemachine.data.sync.timeout = 10s (default)
2019-08-21 19:39:35,977 [pool-27-thread-1] INFO  server.RaftServerConfigKeys (ConfUtils.java:logGet(43)) - raft.server.log.statemachine.data.sync.timeout.retry = -1 (default)
2019-08-21 19:39:35,985 [pool-27-thread-1] INFO  server.RaftServerConfigKeys (ConfUtils.java:logGet(43)) - raft.server.log.statemachine.data.caching.enabled = true (custom)
2019-08-21 19:39:35,989 [pool-27-thread-1] INFO  segmented.SegmentedRaftLogWorker (SegmentedRaftLogWorker.java:lambda$new$0(132)) - 31435e08-68de-4ee1-9e5d-4ac2aee7e108-SegmentedRaftLogWorker:Storage Directory /workdir/hadoop-ozone/integration-test/target/test-dir/MiniOzoneClusterImpl-5ae37d7a-dbea-4b49-8dc8-7d89e2ab45c4/datanode-0/data/ratis/d7d3b4aa-ea45-4ce3-91ec-82a84573f822: flushIndex: setUnconditionally 0 -> -1
2019-08-21 19:39:35,993 [pool-27-thread-1] INFO  server.RaftServerConfigKeys (ConfUtils.java:logGet(43)) - raft.server.snapshot.auto.trigger.enabled = true (custom)
2019-08-21 19:39:35,994 [pool-27-thread-1] INFO  server.RaftServerConfigKeys (ConfUtils.java:logGet(43)) - raft.server.snapshot.auto.trigger.threshold = 10000 (custom)
2019-08-21 19:39:35,995 [pool-27-thread-1] INFO  server.RaftServerConfigKeys (ConfUtils.java:logGet(43)) - raft.server.retrycache.expirytime = 600000ms (custom)
2019-08-21 19:39:36,017 [pool-27-thread-1] INFO  impl.RaftServerImpl (RaftServerImpl.java:start(180)) - 31435e08-68de-4ee1-9e5d-4ac2aee7e108: start group-82A84573F822
2019-08-21 19:39:36,017 [pool-27-thread-1] INFO  impl.RaftServerImpl (RaftServerImpl.java:setRole(171)) - 31435e08-68de-4ee1-9e5d-4ac2aee7e108:group-82A84573F822 changes role from null to FOLLOWER at term 0 for startAsFollower
2019-08-21 19:39:36,019 [pool-27-thread-1] INFO  impl.RoleInfo (RoleInfo.java:updateAndGet(143)) - 31435e08-68de-4ee1-9e5d-4ac2aee7e108: start FollowerState
2019-08-21 19:39:36,020 [pool-27-thread-1] INFO  util.JmxRegister (JmxRegister.java:tryRegister(44)) - Successfully registered JMX Bean with object name Ratis:service=RaftServer,group=group-82A84573F822,id=31435e08-68de-4ee1-9e5d-4ac2aee7e108
2019-08-21 19:39:36,073 [RatisPipelineUtilsThread] INFO  pipeline.PipelineStateManager (PipelineStateManager.java:addPipeline(56)) - Created pipeline Pipeline[ Id: d7d3b4aa-ea45-4ce3-91ec-82a84573f822, Nodes: 31435e08-68de-4ee1-9e5d-4ac2aee7e108{ip: 192.168.157.235, host: pr-hdds-1347-9fd45-2937924148, networkLocation: /default-rack, certSerialId: null}, Type:RATIS, Factor:ONE, State:OPEN]
2019-08-21 19:39:36,089 [grpc-default-executor-0] INFO  impl.RaftServerProxy (RaftServerProxy.java:addNew(89)) - 1622df86-29a4-40da-b1f7-6b6973ca9708: addNew group-9B531B847CC3:[1622df86-29a4-40da-b1f7-6b6973ca9708:192.168.157.235:37740] returns group-9B531B847CC3:java.util.concurrent.CompletableFuture@319400d9[Not completed]
2019-08-21 19:39:36,109 [pool-49-thread-1] INFO  impl.RaftServerImpl (RaftServerImpl.java:<init>(93)) - 1622df86-29a4-40da-b1f7-6b6973ca9708: new RaftServerImpl for group-9B531B847CC3:[1622df86-29a4-40da-b1f7-6b6973ca9708:192.168.157.235:37740] with ContainerStateMachine:uninitialized
2019-08-21 19:39:36,111 [pool-49-thread-1] INFO  server.RaftServerConfigKeys (ConfUtils.java:logGet(43)) - raft.server.rpc.timeout.min = 5s (custom)
2019-08-21 19:39:36,111 [pool-49-thread-1] INFO  server.RaftServerConfigKeys (ConfUtils.java:logGet(43)) - raft.server.rpc.timeout.max = 5200ms (custom)
2019-08-21 19:39:36,112 [pool-49-thread-1] INFO  server.RaftServerConfigKeys (ConfUtils.java:logGet(43)) - raft.server.rpcslowness.timeout = 120s (custom)
2019-08-21 19:39:36,112 [pool-49-thread-1] INFO  server.RaftServerConfigKeys (ConfUtils.java:logGet(43)) - raft.server.sleep.deviation.threshold = 300 (default)
2019-08-21 19:39:36,112 [pool-49-thread-1] INFO  server.RaftServerConfigKeys (ConfUtils.java:logGet(43)) - raft.server.log.appender.install.snapshot.enabled = false (custom)
2019-08-21 19:39:36,112 [pool-49-thread-1] INFO  impl.RaftServerImpl (ServerState.java:<init>(105)) - 1622df86-29a4-40da-b1f7-6b6973ca9708:group-9B531B847CC3 ConfigurationManager, init=-1: [1622df86-29a4-40da-b1f7-6b6973ca9708:192.168.157.235:37740], old=null, confs=<EMPTY_MAP>
2019-08-21 19:39:36,112 [pool-49-thread-1] INFO  server.RaftServerConfigKeys (ConfUtils.java:logGet(43)) - raft.server.storage.dir = [/workdir/hadoop-ozone/integration-test/target/test-dir/MiniOzoneClusterImpl-5ae37d7a-dbea-4b49-8dc8-7d89e2ab45c4/datanode-2/data/ratis] (custom)
2019-08-21 19:39:36,113 [pool-49-thread-1] INFO  storage.RaftStorageDirectory (RaftStorageDirectory.java:analyzeStorage(246)) - The storage directory /workdir/hadoop-ozone/integration-test/target/test-dir/MiniOzoneClusterImpl-5ae37d7a-dbea-4b49-8dc8-7d89e2ab45c4/datanode-2/data/ratis/94af2a7a-c711-4fda-870a-9b531b847cc3 does not exist. Creating ...
2019-08-21 19:39:36,127 [pool-49-thread-1] INFO  storage.RaftStorageDirectory (RaftStorageDirectory.java:tryLock(328)) - Lock on /workdir/hadoop-ozone/integration-test/target/test-dir/MiniOzoneClusterImpl-5ae37d7a-dbea-4b49-8dc8-7d89e2ab45c4/datanode-2/data/ratis/94af2a7a-c711-4fda-870a-9b531b847cc3/in_use.lock acquired by nodename 8648@pr-hdds-1347-9fd45-2937924148
2019-08-21 19:39:36,140 [pool-49-thread-1] INFO  storage.RaftStorage (RaftStorage.java:format(72)) - Storage directory /workdir/hadoop-ozone/integration-test/target/test-dir/MiniOzoneClusterImpl-5ae37d7a-dbea-4b49-8dc8-7d89e2ab45c4/datanode-2/data/ratis/94af2a7a-c711-4fda-870a-9b531b847cc3 has been successfully formatted.
2019-08-21 19:39:36,141 [pool-49-thread-1] INFO  ratis.ContainerStateMachine (ContainerStateMachine.java:loadSnapshot(226)) - group-9B531B847CC3: The snapshot info is null. Setting the last applied indexto:(t:0, i:~)
2019-08-21 19:39:36,141 [pool-49-thread-1] INFO  server.RaftServerConfigKeys (ConfUtils.java:logGet(43)) - raft.server.leader.election.timeout = 120s (custom)
2019-08-21 19:39:36,141 [pool-49-thread-1] INFO  server.RaftServerConfigKeys (ConfUtils.java:logGet(43)) - raft.server.log.use.memory = false (default)
2019-08-21 19:39:36,142 [pool-49-thread-1] INFO  server.RaftServerConfigKeys (ConfUtils.java:logGet(43)) - raft.server.log.purge.gap = 1000000 (custom)
2019-08-21 19:39:36,142 [pool-49-thread-1] INFO  server.RaftServerConfigKeys (ConfUtils.java:logGet(43)) - raft.server.log.appender.buffer.byte-limit = 33554432 (custom)
2019-08-21 19:39:36,142 [pool-49-thread-1] INFO  server.RaftServerConfigKeys (ConfUtils.java:logGet(43)) - raft.server.log.segment.size.max = 1048576 (custom)
2019-08-21 19:39:36,142 [pool-49-thread-1] INFO  server.RaftServerConfigKeys (ConfUtils.java:logGet(43)) - raft.server.log.segment.cache.num.max = 2 (custom)
2019-08-21 19:39:36,142 [pool-49-thread-1] INFO  segmented.SegmentedRaftLogWorker (SegmentedRaftLogWorker.java:<init>(172)) - new 1622df86-29a4-40da-b1f7-6b6973ca9708-SegmentedRaftLogWorker:Storage Directory /workdir/hadoop-ozone/integration-test/target/test-dir/MiniOzoneClusterImpl-5ae37d7a-dbea-4b49-8dc8-7d89e2ab45c4/datanode-2/data/ratis/94af2a7a-c711-4fda-870a-9b531b847cc3 for RaftStorage:Storage Directory /workdir/hadoop-ozone/integration-test/target/test-dir/MiniOzoneClusterImpl-5ae37d7a-dbea-4b49-8dc8-7d89e2ab45c4/datanode-2/data/ratis/94af2a7a-c711-4fda-870a-9b531b847cc3
2019-08-21 19:39:36,143 [pool-49-thread-1] INFO  server.RaftServerConfigKeys (ConfUtils.java:logGet(43)) - raft.server.log.queue.byte-limit = 2147483647 (custom)
2019-08-21 19:39:36,143 [pool-49-thread-1] INFO  server.RaftServerConfigKeys (ConfUtils.java:logGet(43)) - raft.server.log.queue.element-limit = 1024 (custom)
2019-08-21 19:39:36,143 [pool-49-thread-1] INFO  server.RaftServerConfigKeys (ConfUtils.java:logGet(43)) - raft.server.log.segment.size.max = 1048576 (custom)
2019-08-21 19:39:36,143 [pool-49-thread-1] INFO  server.RaftServerConfigKeys (ConfUtils.java:logGet(43)) - raft.server.log.preallocated.size = 16384 (custom)
2019-08-21 19:39:36,143 [pool-49-thread-1] INFO  server.RaftServerConfigKeys (ConfUtils.java:logGet(43)) - raft.server.log.write.buffer.size = 33554432 (custom)
2019-08-21 19:39:36,144 [pool-49-thread-1] INFO  server.RaftServerConfigKeys (ConfUtils.java:logGet(43)) - raft.server.log.force.sync.num = 128 (default)
2019-08-21 19:39:36,144 [pool-49-thread-1] INFO  server.RaftServerConfigKeys (ConfUtils.java:logGet(43)) - raft.server.log.statemachine.data.sync = true (default)
2019-08-21 19:39:36,144 [pool-49-thread-1] INFO  server.RaftServerConfigKeys (ConfUtils.java:logGet(43)) - raft.server.log.statemachine.data.sync.timeout = 10s (default)
2019-08-21 19:39:36,144 [pool-49-thread-1] INFO  server.RaftServerConfigKeys (ConfUtils.java:logGet(43)) - raft.server.log.statemachine.data.sync.timeout.retry = -1 (default)
2019-08-21 19:39:36,144 [pool-49-thread-1] INFO  server.RaftServerConfigKeys (ConfUtils.java:logGet(43)) - raft.server.log.statemachine.data.caching.enabled = true (custom)
2019-08-21 19:39:36,145 [pool-49-thread-1] INFO  segmented.SegmentedRaftLogWorker (SegmentedRaftLogWorker.java:lambda$new$0(132)) - 1622df86-29a4-40da-b1f7-6b6973ca9708-SegmentedRaftLogWorker:Storage Directory /workdir/hadoop-ozone/integration-test/target/test-dir/MiniOzoneClusterImpl-5ae37d7a-dbea-4b49-8dc8-7d89e2ab45c4/datanode-2/data/ratis/94af2a7a-c711-4fda-870a-9b531b847cc3: flushIndex: setUnconditionally 0 -> -1
2019-08-21 19:39:36,145 [pool-49-thread-1] INFO  server.RaftServerConfigKeys (ConfUtils.java:logGet(43)) - raft.server.snapshot.auto.trigger.enabled = true (custom)
2019-08-21 19:39:36,145 [pool-49-thread-1] INFO  server.RaftServerConfigKeys (ConfUtils.java:logGet(43)) - raft.server.snapshot.auto.trigger.threshold = 10000 (custom)
2019-08-21 19:39:36,145 [pool-49-thread-1] INFO  server.RaftServerConfigKeys (ConfUtils.java:logGet(43)) - raft.server.retrycache.expirytime = 600000ms (custom)
2019-08-21 19:39:36,146 [pool-49-thread-1] INFO  impl.RaftServerImpl (RaftServerImpl.java:start(180)) - 1622df86-29a4-40da-b1f7-6b6973ca9708: start group-9B531B847CC3
2019-08-21 19:39:36,146 [pool-49-thread-1] INFO  impl.RaftServerImpl (RaftServerImpl.java:setRole(171)) - 1622df86-29a4-40da-b1f7-6b6973ca9708:group-9B531B847CC3 changes role from null to FOLLOWER at term 0 for startAsFollower
2019-08-21 19:39:36,146 [pool-49-thread-1] INFO  impl.RoleInfo (RoleInfo.java:updateAndGet(143)) - 1622df86-29a4-40da-b1f7-6b6973ca9708: start FollowerState
2019-08-21 19:39:36,147 [pool-49-thread-1] INFO  util.JmxRegister (JmxRegister.java:tryRegister(44)) - Successfully registered JMX Bean with object name Ratis:service=RaftServer,group=group-9B531B847CC3,id=1622df86-29a4-40da-b1f7-6b6973ca9708
2019-08-21 19:39:36,155 [RatisPipelineUtilsThread] INFO  pipeline.PipelineStateManager (PipelineStateManager.java:addPipeline(56)) - Created pipeline Pipeline[ Id: 94af2a7a-c711-4fda-870a-9b531b847cc3, Nodes: 1622df86-29a4-40da-b1f7-6b6973ca9708{ip: 192.168.157.235, host: pr-hdds-1347-9fd45-2937924148, networkLocation: /default-rack, certSerialId: null}, Type:RATIS, Factor:ONE, State:OPEN]
2019-08-21 19:39:36,172 [grpc-default-executor-0] INFO  impl.RaftServerProxy (RaftServerProxy.java:addNew(89)) - 30fd6c46-98fc-41af-89a2-a688dd991524: addNew group-B2C2E88ACF66:[30fd6c46-98fc-41af-89a2-a688dd991524:192.168.157.235:42159] returns group-B2C2E88ACF66:java.util.concurrent.CompletableFuture@72d08c61[Not completed]
2019-08-21 19:39:36,179 [pool-38-thread-1] INFO  impl.RaftServerImpl (RaftServerImpl.java:<init>(93)) - 30fd6c46-98fc-41af-89a2-a688dd991524: new RaftServerImpl for group-B2C2E88ACF66:[30fd6c46-98fc-41af-89a2-a688dd991524:192.168.157.235:42159] with ContainerStateMachine:uninitialized
2019-08-21 19:39:36,180 [pool-38-thread-1] INFO  server.RaftServerConfigKeys (ConfUtils.java:logGet(43)) - raft.server.rpc.timeout.min = 5s (custom)
2019-08-21 19:39:36,180 [pool-38-thread-1] INFO  server.RaftServerConfigKeys (ConfUtils.java:logGet(43)) - raft.server.rpc.timeout.max = 5200ms (custom)
2019-08-21 19:39:36,180 [pool-38-thread-1] INFO  server.RaftServerConfigKeys (ConfUtils.java:logGet(43)) - raft.server.rpcslowness.timeout = 120s (custom)
2019-08-21 19:39:36,180 [pool-38-thread-1] INFO  server.RaftServerConfigKeys (ConfUtils.java:logGet(43)) - raft.server.sleep.deviation.threshold = 300 (default)
2019-08-21 19:39:36,180 [pool-38-thread-1] INFO  server.RaftServerConfigKeys (ConfUtils.java:logGet(43)) - raft.server.log.appender.install.snapshot.enabled = false (custom)
2019-08-21 19:39:36,180 [pool-38-thread-1] INFO  impl.RaftServerImpl (ServerState.java:<init>(105)) - 30fd6c46-98fc-41af-89a2-a688dd991524:group-B2C2E88ACF66 ConfigurationManager, init=-1: [30fd6c46-98fc-41af-89a2-a688dd991524:192.168.157.235:42159], old=null, confs=<EMPTY_MAP>
2019-08-21 19:39:36,180 [pool-38-thread-1] INFO  server.RaftServerConfigKeys (ConfUtils.java:logGet(43)) - raft.server.storage.dir = [/workdir/hadoop-ozone/integration-test/target/test-dir/MiniOzoneClusterImpl-5ae37d7a-dbea-4b49-8dc8-7d89e2ab45c4/datanode-1/data/ratis] (custom)
2019-08-21 19:39:36,181 [pool-38-thread-1] INFO  storage.RaftStorageDirectory (RaftStorageDirectory.java:analyzeStorage(246)) - The storage directory /workdir/hadoop-ozone/integration-test/target/test-dir/MiniOzoneClusterImpl-5ae37d7a-dbea-4b49-8dc8-7d89e2ab45c4/datanode-1/data/ratis/a04c4a8a-7f58-4964-8200-b2c2e88acf66 does not exist. Creating ...
2019-08-21 19:39:36,193 [pool-38-thread-1] INFO  storage.RaftStorageDirectory (RaftStorageDirectory.java:tryLock(328)) - Lock on /workdir/hadoop-ozone/integration-test/target/test-dir/MiniOzoneClusterImpl-5ae37d7a-dbea-4b49-8dc8-7d89e2ab45c4/datanode-1/data/ratis/a04c4a8a-7f58-4964-8200-b2c2e88acf66/in_use.lock acquired by nodename 8648@pr-hdds-1347-9fd45-2937924148
2019-08-21 19:39:36,207 [pool-38-thread-1] INFO  storage.RaftStorage (RaftStorage.java:format(72)) - Storage directory /workdir/hadoop-ozone/integration-test/target/test-dir/MiniOzoneClusterImpl-5ae37d7a-dbea-4b49-8dc8-7d89e2ab45c4/datanode-1/data/ratis/a04c4a8a-7f58-4964-8200-b2c2e88acf66 has been successfully formatted.
2019-08-21 19:39:36,208 [pool-38-thread-1] INFO  ratis.ContainerStateMachine (ContainerStateMachine.java:loadSnapshot(226)) - group-B2C2E88ACF66: The snapshot info is null. Setting the last applied indexto:(t:0, i:~)
2019-08-21 19:39:36,208 [pool-38-thread-1] INFO  server.RaftServerConfigKeys (ConfUtils.java:logGet(43)) - raft.server.leader.election.timeout = 120s (custom)
2019-08-21 19:39:36,209 [pool-38-thread-1] INFO  server.RaftServerConfigKeys (ConfUtils.java:logGet(43)) - raft.server.log.use.memory = false (default)
2019-08-21 19:39:36,209 [pool-38-thread-1] INFO  server.RaftServerConfigKeys (ConfUtils.java:logGet(43)) - raft.server.log.purge.gap = 1000000 (custom)
2019-08-21 19:39:36,209 [pool-38-thread-1] INFO  server.RaftServerConfigKeys (ConfUtils.java:logGet(43)) - raft.server.log.appender.buffer.byte-limit = 33554432 (custom)
2019-08-21 19:39:36,209 [pool-38-thread-1] INFO  server.RaftServerConfigKeys (ConfUtils.java:logGet(43)) - raft.server.log.segment.size.max = 1048576 (custom)
2019-08-21 19:39:36,209 [pool-38-thread-1] INFO  server.RaftServerConfigKeys (ConfUtils.java:logGet(43)) - raft.server.log.segment.cache.num.max = 2 (custom)
2019-08-21 19:39:36,209 [pool-38-thread-1] INFO  segmented.SegmentedRaftLogWorker (SegmentedRaftLogWorker.java:<init>(172)) - new 30fd6c46-98fc-41af-89a2-a688dd991524-SegmentedRaftLogWorker:Storage Directory /workdir/hadoop-ozone/integration-test/target/test-dir/MiniOzoneClusterImpl-5ae37d7a-dbea-4b49-8dc8-7d89e2ab45c4/datanode-1/data/ratis/a04c4a8a-7f58-4964-8200-b2c2e88acf66 for RaftStorage:Storage Directory /workdir/hadoop-ozone/integration-test/target/test-dir/MiniOzoneClusterImpl-5ae37d7a-dbea-4b49-8dc8-7d89e2ab45c4/datanode-1/data/ratis/a04c4a8a-7f58-4964-8200-b2c2e88acf66
2019-08-21 19:39:36,209 [pool-38-thread-1] INFO  server.RaftServerConfigKeys (ConfUtils.java:logGet(43)) - raft.server.log.queue.byte-limit = 2147483647 (custom)
2019-08-21 19:39:36,210 [pool-38-thread-1] INFO  server.RaftServerConfigKeys (ConfUtils.java:logGet(43)) - raft.server.log.queue.element-limit = 1024 (custom)
2019-08-21 19:39:36,210 [pool-38-thread-1] INFO  server.RaftServerConfigKeys (ConfUtils.java:logGet(43)) - raft.server.log.segment.size.max = 1048576 (custom)
2019-08-21 19:39:36,210 [pool-38-thread-1] INFO  server.RaftServerConfigKeys (ConfUtils.java:logGet(43)) - raft.server.log.preallocated.size = 16384 (custom)
2019-08-21 19:39:36,210 [pool-38-thread-1] INFO  server.RaftServerConfigKeys (ConfUtils.java:logGet(43)) - raft.server.log.write.buffer.size = 33554432 (custom)
2019-08-21 19:39:36,210 [pool-38-thread-1] INFO  server.RaftServerConfigKeys (ConfUtils.java:logGet(43)) - raft.server.log.force.sync.num = 128 (default)
2019-08-21 19:39:36,210 [pool-38-thread-1] INFO  server.RaftServerConfigKeys (ConfUtils.java:logGet(43)) - raft.server.log.statemachine.data.sync = true (default)
2019-08-21 19:39:36,211 [pool-38-thread-1] INFO  server.RaftServerConfigKeys (ConfUtils.java:logGet(43)) - raft.server.log.statemachine.data.sync.timeout = 10s (default)
2019-08-21 19:39:36,211 [pool-38-thread-1] INFO  server.RaftServerConfigKeys (ConfUtils.java:logGet(43)) - raft.server.log.statemachine.data.sync.timeout.retry = -1 (default)
2019-08-21 19:39:36,211 [pool-38-thread-1] INFO  server.RaftServerConfigKeys (ConfUtils.java:logGet(43)) - raft.server.log.statemachine.data.caching.enabled = true (custom)
2019-08-21 19:39:36,211 [pool-38-thread-1] INFO  segmented.SegmentedRaftLogWorker (SegmentedRaftLogWorker.java:lambda$new$0(132)) - 30fd6c46-98fc-41af-89a2-a688dd991524-SegmentedRaftLogWorker:Storage Directory /workdir/hadoop-ozone/integration-test/target/test-dir/MiniOzoneClusterImpl-5ae37d7a-dbea-4b49-8dc8-7d89e2ab45c4/datanode-1/data/ratis/a04c4a8a-7f58-4964-8200-b2c2e88acf66: flushIndex: setUnconditionally 0 -> -1
2019-08-21 19:39:36,212 [pool-38-thread-1] INFO  server.RaftServerConfigKeys (ConfUtils.java:logGet(43)) - raft.server.snapshot.auto.trigger.enabled = true (custom)
2019-08-21 19:39:36,212 [pool-38-thread-1] INFO  server.RaftServerConfigKeys (ConfUtils.java:logGet(43)) - raft.server.snapshot.auto.trigger.threshold = 10000 (custom)
2019-08-21 19:39:36,212 [pool-38-thread-1] INFO  server.RaftServerConfigKeys (ConfUtils.java:logGet(43)) - raft.server.retrycache.expirytime = 600000ms (custom)
2019-08-21 19:39:36,212 [pool-38-thread-1] INFO  impl.RaftServerImpl (RaftServerImpl.java:start(180)) - 30fd6c46-98fc-41af-89a2-a688dd991524: start group-B2C2E88ACF66
2019-08-21 19:39:36,212 [pool-38-thread-1] INFO  impl.RaftServerImpl (RaftServerImpl.java:setRole(171)) - 30fd6c46-98fc-41af-89a2-a688dd991524:group-B2C2E88ACF66 changes role from null to FOLLOWER at term 0 for startAsFollower
2019-08-21 19:39:36,213 [pool-38-thread-1] INFO  impl.RoleInfo (RoleInfo.java:updateAndGet(143)) - 30fd6c46-98fc-41af-89a2-a688dd991524: start FollowerState
2019-08-21 19:39:36,213 [pool-38-thread-1] INFO  util.JmxRegister (JmxRegister.java:tryRegister(44)) - Successfully registered JMX Bean with object name Ratis:service=RaftServer,group=group-B2C2E88ACF66,id=30fd6c46-98fc-41af-89a2-a688dd991524
2019-08-21 19:39:36,220 [RatisPipelineUtilsThread] INFO  pipeline.PipelineStateManager (PipelineStateManager.java:addPipeline(56)) - Created pipeline Pipeline[ Id: a04c4a8a-7f58-4964-8200-b2c2e88acf66, Nodes: 30fd6c46-98fc-41af-89a2-a688dd991524{ip: 192.168.157.235, host: pr-hdds-1347-9fd45-2937924148, networkLocation: /default-rack, certSerialId: null}, Type:RATIS, Factor:ONE, State:OPEN]
2019-08-21 19:39:36,247 [grpc-default-executor-1] INFO  impl.RaftServerProxy (RaftServerProxy.java:addNew(89)) - 1622df86-29a4-40da-b1f7-6b6973ca9708: addNew group-79A991B3F7C2:[31435e08-68de-4ee1-9e5d-4ac2aee7e108:192.168.157.235:46275, 30fd6c46-98fc-41af-89a2-a688dd991524:192.168.157.235:42159, 1622df86-29a4-40da-b1f7-6b6973ca9708:192.168.157.235:37740] returns group-79A991B3F7C2:java.util.concurrent.CompletableFuture@49ca0cdc[Not completed]
2019-08-21 19:39:36,249 [grpc-default-executor-2] INFO  impl.RaftServerProxy (RaftServerProxy.java:addNew(89)) - 30fd6c46-98fc-41af-89a2-a688dd991524: addNew group-79A991B3F7C2:[31435e08-68de-4ee1-9e5d-4ac2aee7e108:192.168.157.235:46275, 30fd6c46-98fc-41af-89a2-a688dd991524:192.168.157.235:42159, 1622df86-29a4-40da-b1f7-6b6973ca9708:192.168.157.235:37740] returns group-79A991B3F7C2:java.util.concurrent.CompletableFuture@1afd771e[Not completed]
2019-08-21 19:39:36,250 [pool-49-thread-1] INFO  impl.RaftServerImpl (RaftServerImpl.java:<init>(93)) - 1622df86-29a4-40da-b1f7-6b6973ca9708: new RaftServerImpl for group-79A991B3F7C2:[31435e08-68de-4ee1-9e5d-4ac2aee7e108:192.168.157.235:46275, 30fd6c46-98fc-41af-89a2-a688dd991524:192.168.157.235:42159, 1622df86-29a4-40da-b1f7-6b6973ca9708:192.168.157.235:37740] with ContainerStateMachine:uninitialized
2019-08-21 19:39:36,250 [pool-49-thread-1] INFO  server.RaftServerConfigKeys (ConfUtils.java:logGet(43)) - raft.server.rpc.timeout.min = 5s (custom)
2019-08-21 19:39:36,250 [pool-49-thread-1] INFO  server.RaftServerConfigKeys (ConfUtils.java:logGet(43)) - raft.server.rpc.timeout.max = 5200ms (custom)
2019-08-21 19:39:36,250 [grpc-default-executor-1] INFO  impl.RaftServerProxy (RaftServerProxy.java:addNew(89)) - 31435e08-68de-4ee1-9e5d-4ac2aee7e108: addNew group-79A991B3F7C2:[31435e08-68de-4ee1-9e5d-4ac2aee7e108:192.168.157.235:46275, 30fd6c46-98fc-41af-89a2-a688dd991524:192.168.157.235:42159, 1622df86-29a4-40da-b1f7-6b6973ca9708:192.168.157.235:37740] returns group-79A991B3F7C2:java.util.concurrent.CompletableFuture@8f706e7[Not completed]
2019-08-21 19:39:36,251 [pool-38-thread-1] INFO  impl.RaftServerImpl (RaftServerImpl.java:<init>(93)) - 30fd6c46-98fc-41af-89a2-a688dd991524: new RaftServerImpl for group-79A991B3F7C2:[31435e08-68de-4ee1-9e5d-4ac2aee7e108:192.168.157.235:46275, 30fd6c46-98fc-41af-89a2-a688dd991524:192.168.157.235:42159, 1622df86-29a4-40da-b1f7-6b6973ca9708:192.168.157.235:37740] with ContainerStateMachine:uninitialized
2019-08-21 19:39:36,250 [pool-49-thread-1] INFO  server.RaftServerConfigKeys (ConfUtils.java:logGet(43)) - raft.server.rpcslowness.timeout = 120s (custom)
2019-08-21 19:39:36,251 [pool-38-thread-1] INFO  server.RaftServerConfigKeys (ConfUtils.java:logGet(43)) - raft.server.rpc.timeout.min = 5s (custom)
2019-08-21 19:39:36,251 [pool-49-thread-1] INFO  server.RaftServerConfigKeys (ConfUtils.java:logGet(43)) - raft.server.sleep.deviation.threshold = 300 (default)
2019-08-21 19:39:36,251 [pool-38-thread-1] INFO  server.RaftServerConfigKeys (ConfUtils.java:logGet(43)) - raft.server.rpc.timeout.max = 5200ms (custom)
2019-08-21 19:39:36,251 [pool-49-thread-1] INFO  server.RaftServerConfigKeys (ConfUtils.java:logGet(43)) - raft.server.log.appender.install.snapshot.enabled = false (custom)
2019-08-21 19:39:36,251 [pool-38-thread-1] INFO  server.RaftServerConfigKeys (ConfUtils.java:logGet(43)) - raft.server.rpcslowness.timeout = 120s (custom)
2019-08-21 19:39:36,251 [pool-49-thread-1] INFO  impl.RaftServerImpl (ServerState.java:<init>(105)) - 1622df86-29a4-40da-b1f7-6b6973ca9708:group-79A991B3F7C2 ConfigurationManager, init=-1: [31435e08-68de-4ee1-9e5d-4ac2aee7e108:192.168.157.235:46275, 30fd6c46-98fc-41af-89a2-a688dd991524:192.168.157.235:42159, 1622df86-29a4-40da-b1f7-6b6973ca9708:192.168.157.235:37740], old=null, confs=<EMPTY_MAP>
2019-08-21 19:39:36,251 [pool-38-thread-1] INFO  server.RaftServerConfigKeys (ConfUtils.java:logGet(43)) - raft.server.sleep.deviation.threshold = 300 (default)
2019-08-21 19:39:36,251 [pool-38-thread-1] INFO  server.RaftServerConfigKeys (ConfUtils.java:logGet(43)) - raft.server.log.appender.install.snapshot.enabled = false (custom)
2019-08-21 19:39:36,251 [pool-49-thread-1] INFO  server.RaftServerConfigKeys (ConfUtils.java:logGet(43)) - raft.server.storage.dir = [/workdir/hadoop-ozone/integration-test/target/test-dir/MiniOzoneClusterImpl-5ae37d7a-dbea-4b49-8dc8-7d89e2ab45c4/datanode-2/data/ratis] (custom)
2019-08-21 19:39:36,251 [pool-38-thread-1] INFO  impl.RaftServerImpl (ServerState.java:<init>(105)) - 30fd6c46-98fc-41af-89a2-a688dd991524:group-79A991B3F7C2 ConfigurationManager, init=-1: [31435e08-68de-4ee1-9e5d-4ac2aee7e108:192.168.157.235:46275, 30fd6c46-98fc-41af-89a2-a688dd991524:192.168.157.235:42159, 1622df86-29a4-40da-b1f7-6b6973ca9708:192.168.157.235:37740], old=null, confs=<EMPTY_MAP>
2019-08-21 19:39:36,252 [pool-38-thread-1] INFO  server.RaftServerConfigKeys (ConfUtils.java:logGet(43)) - raft.server.storage.dir = [/workdir/hadoop-ozone/integration-test/target/test-dir/MiniOzoneClusterImpl-5ae37d7a-dbea-4b49-8dc8-7d89e2ab45c4/datanode-1/data/ratis] (custom)
2019-08-21 19:39:36,252 [pool-49-thread-1] INFO  storage.RaftStorageDirectory (RaftStorageDirectory.java:analyzeStorage(246)) - The storage directory /workdir/hadoop-ozone/integration-test/target/test-dir/MiniOzoneClusterImpl-5ae37d7a-dbea-4b49-8dc8-7d89e2ab45c4/datanode-2/data/ratis/c4f2981b-a0c7-499b-a782-79a991b3f7c2 does not exist. Creating ...
2019-08-21 19:39:36,252 [pool-27-thread-1] INFO  impl.RaftServerImpl (RaftServerImpl.java:<init>(93)) - 31435e08-68de-4ee1-9e5d-4ac2aee7e108: new RaftServerImpl for group-79A991B3F7C2:[31435e08-68de-4ee1-9e5d-4ac2aee7e108:192.168.157.235:46275, 30fd6c46-98fc-41af-89a2-a688dd991524:192.168.157.235:42159, 1622df86-29a4-40da-b1f7-6b6973ca9708:192.168.157.235:37740] with ContainerStateMachine:uninitialized
2019-08-21 19:39:36,252 [pool-38-thread-1] INFO  storage.RaftStorageDirectory (RaftStorageDirectory.java:analyzeStorage(246)) - The storage directory /workdir/hadoop-ozone/integration-test/target/test-dir/MiniOzoneClusterImpl-5ae37d7a-dbea-4b49-8dc8-7d89e2ab45c4/datanode-1/data/ratis/c4f2981b-a0c7-499b-a782-79a991b3f7c2 does not exist. Creating ...
2019-08-21 19:39:36,252 [pool-27-thread-1] INFO  server.RaftServerConfigKeys (ConfUtils.java:logGet(43)) - raft.server.rpc.timeout.min = 5s (custom)
2019-08-21 19:39:36,252 [pool-27-thread-1] INFO  server.RaftServerConfigKeys (ConfUtils.java:logGet(43)) - raft.server.rpc.timeout.max = 5200ms (custom)
2019-08-21 19:39:36,252 [pool-27-thread-1] INFO  server.RaftServerConfigKeys (ConfUtils.java:logGet(43)) - raft.server.rpcslowness.timeout = 120s (custom)
2019-08-21 19:39:36,252 [pool-27-thread-1] INFO  server.RaftServerConfigKeys (ConfUtils.java:logGet(43)) - raft.server.sleep.deviation.threshold = 300 (default)
2019-08-21 19:39:36,253 [pool-27-thread-1] INFO  server.RaftServerConfigKeys (ConfUtils.java:logGet(43)) - raft.server.log.appender.install.snapshot.enabled = false (custom)
2019-08-21 19:39:36,253 [pool-27-thread-1] INFO  impl.RaftServerImpl (ServerState.java:<init>(105)) - 31435e08-68de-4ee1-9e5d-4ac2aee7e108:group-79A991B3F7C2 ConfigurationManager, init=-1: [31435e08-68de-4ee1-9e5d-4ac2aee7e108:192.168.157.235:46275, 30fd6c46-98fc-41af-89a2-a688dd991524:192.168.157.235:42159, 1622df86-29a4-40da-b1f7-6b6973ca9708:192.168.157.235:37740], old=null, confs=<EMPTY_MAP>
2019-08-21 19:39:36,253 [pool-27-thread-1] INFO  server.RaftServerConfigKeys (ConfUtils.java:logGet(43)) - raft.server.storage.dir = [/workdir/hadoop-ozone/integration-test/target/test-dir/MiniOzoneClusterImpl-5ae37d7a-dbea-4b49-8dc8-7d89e2ab45c4/datanode-0/data/ratis] (custom)
2019-08-21 19:39:36,253 [pool-27-thread-1] INFO  storage.RaftStorageDirectory (RaftStorageDirectory.java:analyzeStorage(246)) - The storage directory /workdir/hadoop-ozone/integration-test/target/test-dir/MiniOzoneClusterImpl-5ae37d7a-dbea-4b49-8dc8-7d89e2ab45c4/datanode-0/data/ratis/c4f2981b-a0c7-499b-a782-79a991b3f7c2 does not exist. Creating ...
2019-08-21 19:39:36,266 [pool-38-thread-1] INFO  storage.RaftStorageDirectory (RaftStorageDirectory.java:tryLock(328)) - Lock on /workdir/hadoop-ozone/integration-test/target/test-dir/MiniOzoneClusterImpl-5ae37d7a-dbea-4b49-8dc8-7d89e2ab45c4/datanode-1/data/ratis/c4f2981b-a0c7-499b-a782-79a991b3f7c2/in_use.lock acquired by nodename 8648@pr-hdds-1347-9fd45-2937924148
2019-08-21 19:39:36,266 [pool-49-thread-1] INFO  storage.RaftStorageDirectory (RaftStorageDirectory.java:tryLock(328)) - Lock on /workdir/hadoop-ozone/integration-test/target/test-dir/MiniOzoneClusterImpl-5ae37d7a-dbea-4b49-8dc8-7d89e2ab45c4/datanode-2/data/ratis/c4f2981b-a0c7-499b-a782-79a991b3f7c2/in_use.lock acquired by nodename 8648@pr-hdds-1347-9fd45-2937924148
2019-08-21 19:39:36,266 [pool-27-thread-1] INFO  storage.RaftStorageDirectory (RaftStorageDirectory.java:tryLock(328)) - Lock on /workdir/hadoop-ozone/integration-test/target/test-dir/MiniOzoneClusterImpl-5ae37d7a-dbea-4b49-8dc8-7d89e2ab45c4/datanode-0/data/ratis/c4f2981b-a0c7-499b-a782-79a991b3f7c2/in_use.lock acquired by nodename 8648@pr-hdds-1347-9fd45-2937924148
2019-08-21 19:39:36,278 [pool-38-thread-1] INFO  storage.RaftStorage (RaftStorage.java:format(72)) - Storage directory /workdir/hadoop-ozone/integration-test/target/test-dir/MiniOzoneClusterImpl-5ae37d7a-dbea-4b49-8dc8-7d89e2ab45c4/datanode-1/data/ratis/c4f2981b-a0c7-499b-a782-79a991b3f7c2 has been successfully formatted.
2019-08-21 19:39:36,278 [pool-27-thread-1] INFO  storage.RaftStorage (RaftStorage.java:format(72)) - Storage directory /workdir/hadoop-ozone/integration-test/target/test-dir/MiniOzoneClusterImpl-5ae37d7a-dbea-4b49-8dc8-7d89e2ab45c4/datanode-0/data/ratis/c4f2981b-a0c7-499b-a782-79a991b3f7c2 has been successfully formatted.
2019-08-21 19:39:36,279 [pool-38-thread-1] INFO  ratis.ContainerStateMachine (ContainerStateMachine.java:loadSnapshot(226)) - group-79A991B3F7C2: The snapshot info is null. Setting the last applied indexto:(t:0, i:~)
2019-08-21 19:39:36,278 [pool-49-thread-1] INFO  storage.RaftStorage (RaftStorage.java:format(72)) - Storage directory /workdir/hadoop-ozone/integration-test/target/test-dir/MiniOzoneClusterImpl-5ae37d7a-dbea-4b49-8dc8-7d89e2ab45c4/datanode-2/data/ratis/c4f2981b-a0c7-499b-a782-79a991b3f7c2 has been successfully formatted.
2019-08-21 19:39:36,279 [pool-38-thread-1] INFO  server.RaftServerConfigKeys (ConfUtils.java:logGet(43)) - raft.server.leader.election.timeout = 120s (custom)
2019-08-21 19:39:36,279 [pool-27-thread-1] INFO  ratis.ContainerStateMachine (ContainerStateMachine.java:loadSnapshot(226)) - group-79A991B3F7C2: The snapshot info is null. Setting the last applied indexto:(t:0, i:~)
2019-08-21 19:39:36,279 [pool-49-thread-1] INFO  ratis.ContainerStateMachine (ContainerStateMachine.java:loadSnapshot(226)) - group-79A991B3F7C2: The snapshot info is null. Setting the last applied indexto:(t:0, i:~)
2019-08-21 19:39:36,279 [pool-38-thread-1] INFO  server.RaftServerConfigKeys (ConfUtils.java:logGet(43)) - raft.server.log.use.memory = false (default)
2019-08-21 19:39:36,279 [pool-49-thread-1] INFO  server.RaftServerConfigKeys (ConfUtils.java:logGet(43)) - raft.server.leader.election.timeout = 120s (custom)
2019-08-21 19:39:36,279 [pool-27-thread-1] INFO  server.RaftServerConfigKeys (ConfUtils.java:logGet(43)) - raft.server.leader.election.timeout = 120s (custom)
2019-08-21 19:39:36,280 [pool-49-thread-1] INFO  server.RaftServerConfigKeys (ConfUtils.java:logGet(43)) - raft.server.log.use.memory = false (default)
2019-08-21 19:39:36,280 [pool-38-thread-1] INFO  server.RaftServerConfigKeys (ConfUtils.java:logGet(43)) - raft.server.log.purge.gap = 1000000 (custom)
2019-08-21 19:39:36,280 [pool-49-thread-1] INFO  server.RaftServerConfigKeys (ConfUtils.java:logGet(43)) - raft.server.log.purge.gap = 1000000 (custom)
2019-08-21 19:39:36,280 [pool-27-thread-1] INFO  server.RaftServerConfigKeys (ConfUtils.java:logGet(43)) - raft.server.log.use.memory = false (default)
2019-08-21 19:39:36,280 [pool-49-thread-1] INFO  server.RaftServerConfigKeys (ConfUtils.java:logGet(43)) - raft.server.log.appender.buffer.byte-limit = 33554432 (custom)
2019-08-21 19:39:36,280 [pool-38-thread-1] INFO  server.RaftServerConfigKeys (ConfUtils.java:logGet(43)) - raft.server.log.appender.buffer.byte-limit = 33554432 (custom)
2019-08-21 19:39:36,281 [pool-49-thread-1] INFO  server.RaftServerConfigKeys (ConfUtils.java:logGet(43)) - raft.server.log.segment.size.max = 1048576 (custom)
2019-08-21 19:39:36,280 [pool-27-thread-1] INFO  server.RaftServerConfigKeys (ConfUtils.java:logGet(43)) - raft.server.log.purge.gap = 1000000 (custom)
2019-08-21 19:39:36,281 [pool-49-thread-1] INFO  server.RaftServerConfigKeys (ConfUtils.java:logGet(43)) - raft.server.log.segment.cache.num.max = 2 (custom)
2019-08-21 19:39:36,281 [pool-38-thread-1] INFO  server.RaftServerConfigKeys (ConfUtils.java:logGet(43)) - raft.server.log.segment.size.max = 1048576 (custom)
2019-08-21 19:39:36,281 [pool-49-thread-1] INFO  segmented.SegmentedRaftLogWorker (SegmentedRaftLogWorker.java:<init>(172)) - new 1622df86-29a4-40da-b1f7-6b6973ca9708-SegmentedRaftLogWorker:Storage Directory /workdir/hadoop-ozone/integration-test/target/test-dir/MiniOzoneClusterImpl-5ae37d7a-dbea-4b49-8dc8-7d89e2ab45c4/datanode-2/data/ratis/c4f2981b-a0c7-499b-a782-79a991b3f7c2 for RaftStorage:Storage Directory /workdir/hadoop-ozone/integration-test/target/test-dir/MiniOzoneClusterImpl-5ae37d7a-dbea-4b49-8dc8-7d89e2ab45c4/datanode-2/data/ratis/c4f2981b-a0c7-499b-a782-79a991b3f7c2
2019-08-21 19:39:36,281 [pool-27-thread-1] INFO  server.RaftServerConfigKeys (ConfUtils.java:logGet(43)) - raft.server.log.appender.buffer.byte-limit = 33554432 (custom)
2019-08-21 19:39:36,281 [pool-49-thread-1] INFO  server.RaftServerConfigKeys (ConfUtils.java:logGet(43)) - raft.server.log.queue.byte-limit = 2147483647 (custom)
2019-08-21 19:39:36,281 [pool-38-thread-1] INFO  server.RaftServerConfigKeys (ConfUtils.java:logGet(43)) - raft.server.log.segment.cache.num.max = 2 (custom)
2019-08-21 19:39:36,283 [pool-49-thread-1] INFO  server.RaftServerConfigKeys (ConfUtils.java:logGet(43)) - raft.server.log.queue.element-limit = 1024 (custom)
2019-08-21 19:39:36,283 [pool-27-thread-1] INFO  server.RaftServerConfigKeys (ConfUtils.java:logGet(43)) - raft.server.log.segment.size.max = 1048576 (custom)
2019-08-21 19:39:36,283 [pool-49-thread-1] INFO  server.RaftServerConfigKeys (ConfUtils.java:logGet(43)) - raft.server.log.segment.size.max = 1048576 (custom)
2019-08-21 19:39:36,283 [pool-38-thread-1] INFO  segmented.SegmentedRaftLogWorker (SegmentedRaftLogWorker.java:<init>(172)) - new 30fd6c46-98fc-41af-89a2-a688dd991524-SegmentedRaftLogWorker:Storage Directory /workdir/hadoop-ozone/integration-test/target/test-dir/MiniOzoneClusterImpl-5ae37d7a-dbea-4b49-8dc8-7d89e2ab45c4/datanode-1/data/ratis/c4f2981b-a0c7-499b-a782-79a991b3f7c2 for RaftStorage:Storage Directory /workdir/hadoop-ozone/integration-test/target/test-dir/MiniOzoneClusterImpl-5ae37d7a-dbea-4b49-8dc8-7d89e2ab45c4/datanode-1/data/ratis/c4f2981b-a0c7-499b-a782-79a991b3f7c2
2019-08-21 19:39:36,284 [pool-49-thread-1] INFO  server.RaftServerConfigKeys (ConfUtils.java:logGet(43)) - raft.server.log.preallocated.size = 16384 (custom)
2019-08-21 19:39:36,284 [pool-27-thread-1] INFO  server.RaftServerConfigKeys (ConfUtils.java:logGet(43)) - raft.server.log.segment.cache.num.max = 2 (custom)
2019-08-21 19:39:36,285 [pool-49-thread-1] INFO  server.RaftServerConfigKeys (ConfUtils.java:logGet(43)) - raft.server.log.write.buffer.size = 33554432 (custom)
2019-08-21 19:39:36,284 [pool-38-thread-1] INFO  server.RaftServerConfigKeys (ConfUtils.java:logGet(43)) - raft.server.log.queue.byte-limit = 2147483647 (custom)
2019-08-21 19:39:36,285 [pool-49-thread-1] INFO  server.RaftServerConfigKeys (ConfUtils.java:logGet(43)) - raft.server.log.force.sync.num = 128 (default)
2019-08-21 19:39:36,285 [pool-27-thread-1] INFO  segmented.SegmentedRaftLogWorker (SegmentedRaftLogWorker.java:<init>(172)) - new 31435e08-68de-4ee1-9e5d-4ac2aee7e108-SegmentedRaftLogWorker:Storage Directory /workdir/hadoop-ozone/integration-test/target/test-dir/MiniOzoneClusterImpl-5ae37d7a-dbea-4b49-8dc8-7d89e2ab45c4/datanode-0/data/ratis/c4f2981b-a0c7-499b-a782-79a991b3f7c2 for RaftStorage:Storage Directory /workdir/hadoop-ozone/integration-test/target/test-dir/MiniOzoneClusterImpl-5ae37d7a-dbea-4b49-8dc8-7d89e2ab45c4/datanode-0/data/ratis/c4f2981b-a0c7-499b-a782-79a991b3f7c2
2019-08-21 19:39:36,285 [pool-49-thread-1] INFO  server.RaftServerConfigKeys (ConfUtils.java:logGet(43)) - raft.server.log.statemachine.data.sync = true (default)
2019-08-21 19:39:36,285 [pool-38-thread-1] INFO  server.RaftServerConfigKeys (ConfUtils.java:logGet(43)) - raft.server.log.queue.element-limit = 1024 (custom)
2019-08-21 19:39:36,286 [pool-49-thread-1] INFO  server.RaftServerConfigKeys (ConfUtils.java:logGet(43)) - raft.server.log.statemachine.data.sync.timeout = 10s (default)
2019-08-21 19:39:36,285 [pool-27-thread-1] INFO  server.RaftServerConfigKeys (ConfUtils.java:logGet(43)) - raft.server.log.queue.byte-limit = 2147483647 (custom)
2019-08-21 19:39:36,287 [pool-49-thread-1] INFO  server.RaftServerConfigKeys (ConfUtils.java:logGet(43)) - raft.server.log.statemachine.data.sync.timeout.retry = -1 (default)
2019-08-21 19:39:36,286 [pool-38-thread-1] INFO  server.RaftServerConfigKeys (ConfUtils.java:logGet(43)) - raft.server.log.segment.size.max = 1048576 (custom)
2019-08-21 19:39:36,287 [pool-49-thread-1] INFO  server.RaftServerConfigKeys (ConfUtils.java:logGet(43)) - raft.server.log.statemachine.data.caching.enabled = true (custom)
2019-08-21 19:39:36,287 [pool-27-thread-1] INFO  server.RaftServerConfigKeys (ConfUtils.java:logGet(43)) - raft.server.log.queue.element-limit = 1024 (custom)
2019-08-21 19:39:36,287 [pool-38-thread-1] INFO  server.RaftServerConfigKeys (ConfUtils.java:logGet(43)) - raft.server.log.preallocated.size = 16384 (custom)
2019-08-21 19:39:36,287 [pool-27-thread-1] INFO  server.RaftServerConfigKeys (ConfUtils.java:logGet(43)) - raft.server.log.segment.size.max = 1048576 (custom)
2019-08-21 19:39:36,287 [pool-49-thread-1] INFO  segmented.SegmentedRaftLogWorker (SegmentedRaftLogWorker.java:lambda$new$0(132)) - 1622df86-29a4-40da-b1f7-6b6973ca9708-SegmentedRaftLogWorker:Storage Directory /workdir/hadoop-ozone/integration-test/target/test-dir/MiniOzoneClusterImpl-5ae37d7a-dbea-4b49-8dc8-7d89e2ab45c4/datanode-2/data/ratis/c4f2981b-a0c7-499b-a782-79a991b3f7c2: flushIndex: setUnconditionally 0 -> -1
2019-08-21 19:39:36,287 [pool-38-thread-1] INFO  server.RaftServerConfigKeys (ConfUtils.java:logGet(43)) - raft.server.log.write.buffer.size = 33554432 (custom)
2019-08-21 19:39:36,288 [pool-27-thread-1] INFO  server.RaftServerConfigKeys (ConfUtils.java:logGet(43)) - raft.server.log.preallocated.size = 16384 (custom)
2019-08-21 19:39:36,288 [pool-49-thread-1] INFO  server.RaftServerConfigKeys (ConfUtils.java:logGet(43)) - raft.server.snapshot.auto.trigger.enabled = true (custom)
2019-08-21 19:39:36,288 [pool-38-thread-1] INFO  server.RaftServerConfigKeys (ConfUtils.java:logGet(43)) - raft.server.log.force.sync.num = 128 (default)
2019-08-21 19:39:36,288 [pool-49-thread-1] INFO  server.RaftServerConfigKeys (ConfUtils.java:logGet(43)) - raft.server.snapshot.auto.trigger.threshold = 10000 (custom)
2019-08-21 19:39:36,288 [pool-27-thread-1] INFO  server.RaftServerConfigKeys (ConfUtils.java:logGet(43)) - raft.server.log.write.buffer.size = 33554432 (custom)
2019-08-21 19:39:36,288 [pool-49-thread-1] INFO  server.RaftServerConfigKeys (ConfUtils.java:logGet(43)) - raft.server.retrycache.expirytime = 600000ms (custom)
2019-08-21 19:39:36,288 [pool-38-thread-1] INFO  server.RaftServerConfigKeys (ConfUtils.java:logGet(43)) - raft.server.log.statemachine.data.sync = true (default)
2019-08-21 19:39:36,288 [pool-27-thread-1] INFO  server.RaftServerConfigKeys (ConfUtils.java:logGet(43)) - raft.server.log.force.sync.num = 128 (default)
2019-08-21 19:39:36,289 [pool-49-thread-1] INFO  impl.RaftServerImpl (RaftServerImpl.java:start(180)) - 1622df86-29a4-40da-b1f7-6b6973ca9708: start group-79A991B3F7C2
2019-08-21 19:39:36,289 [pool-38-thread-1] INFO  server.RaftServerConfigKeys (ConfUtils.java:logGet(43)) - raft.server.log.statemachine.data.sync.timeout = 10s (default)
2019-08-21 19:39:36,289 [pool-49-thread-1] INFO  impl.RaftServerImpl (RaftServerImpl.java:setRole(171)) - 1622df86-29a4-40da-b1f7-6b6973ca9708:group-79A991B3F7C2 changes role from null to FOLLOWER at term 0 for startAsFollower
2019-08-21 19:39:36,289 [pool-27-thread-1] INFO  server.RaftServerConfigKeys (ConfUtils.java:logGet(43)) - raft.server.log.statemachine.data.sync = true (default)
2019-08-21 19:39:36,289 [pool-49-thread-1] INFO  impl.RoleInfo (RoleInfo.java:updateAndGet(143)) - 1622df86-29a4-40da-b1f7-6b6973ca9708: start FollowerState
2019-08-21 19:39:36,289 [pool-38-thread-1] INFO  server.RaftServerConfigKeys (ConfUtils.java:logGet(43)) - raft.server.log.statemachine.data.sync.timeout.retry = -1 (default)
2019-08-21 19:39:36,289 [pool-27-thread-1] INFO  server.RaftServerConfigKeys (ConfUtils.java:logGet(43)) - raft.server.log.statemachine.data.sync.timeout = 10s (default)
2019-08-21 19:39:36,290 [pool-38-thread-1] INFO  server.RaftServerConfigKeys (ConfUtils.java:logGet(43)) - raft.server.log.statemachine.data.caching.enabled = true (custom)
2019-08-21 19:39:36,290 [pool-27-thread-1] INFO  server.RaftServerConfigKeys (ConfUtils.java:logGet(43)) - raft.server.log.statemachine.data.sync.timeout.retry = -1 (default)
2019-08-21 19:39:36,290 [pool-49-thread-1] INFO  util.JmxRegister (JmxRegister.java:tryRegister(44)) - Successfully registered JMX Bean with object name Ratis:service=RaftServer,group=group-79A991B3F7C2,id=1622df86-29a4-40da-b1f7-6b6973ca9708
2019-08-21 19:39:36,290 [pool-27-thread-1] INFO  server.RaftServerConfigKeys (ConfUtils.java:logGet(43)) - raft.server.log.statemachine.data.caching.enabled = true (custom)
2019-08-21 19:39:36,290 [pool-38-thread-1] INFO  segmented.SegmentedRaftLogWorker (SegmentedRaftLogWorker.java:lambda$new$0(132)) - 30fd6c46-98fc-41af-89a2-a688dd991524-SegmentedRaftLogWorker:Storage Directory /workdir/hadoop-ozone/integration-test/target/test-dir/MiniOzoneClusterImpl-5ae37d7a-dbea-4b49-8dc8-7d89e2ab45c4/datanode-1/data/ratis/c4f2981b-a0c7-499b-a782-79a991b3f7c2: flushIndex: setUnconditionally 0 -> -1
2019-08-21 19:39:36,290 [pool-27-thread-1] INFO  segmented.SegmentedRaftLogWorker (SegmentedRaftLogWorker.java:lambda$new$0(132)) - 31435e08-68de-4ee1-9e5d-4ac2aee7e108-SegmentedRaftLogWorker:Storage Directory /workdir/hadoop-ozone/integration-test/target/test-dir/MiniOzoneClusterImpl-5ae37d7a-dbea-4b49-8dc8-7d89e2ab45c4/datanode-0/data/ratis/c4f2981b-a0c7-499b-a782-79a991b3f7c2: flushIndex: setUnconditionally 0 -> -1
2019-08-21 19:39:36,290 [pool-38-thread-1] INFO  server.RaftServerConfigKeys (ConfUtils.java:logGet(43)) - raft.server.snapshot.auto.trigger.enabled = true (custom)
2019-08-21 19:39:36,291 [pool-38-thread-1] INFO  server.RaftServerConfigKeys (ConfUtils.java:logGet(43)) - raft.server.snapshot.auto.trigger.threshold = 10000 (custom)
2019-08-21 19:39:36,291 [pool-27-thread-1] INFO  server.RaftServerConfigKeys (ConfUtils.java:logGet(43)) - raft.server.snapshot.auto.trigger.enabled = true (custom)
2019-08-21 19:39:36,291 [pool-38-thread-1] INFO  server.RaftServerConfigKeys (ConfUtils.java:logGet(43)) - raft.server.retrycache.expirytime = 600000ms (custom)
2019-08-21 19:39:36,291 [pool-27-thread-1] INFO  server.RaftServerConfigKeys (ConfUtils.java:logGet(43)) - raft.server.snapshot.auto.trigger.threshold = 10000 (custom)
2019-08-21 19:39:36,292 [pool-38-thread-1] INFO  impl.RaftServerImpl (RaftServerImpl.java:start(180)) - 30fd6c46-98fc-41af-89a2-a688dd991524: start group-79A991B3F7C2
2019-08-21 19:39:36,292 [pool-38-thread-1] INFO  impl.RaftServerImpl (RaftServerImpl.java:setRole(171)) - 30fd6c46-98fc-41af-89a2-a688dd991524:group-79A991B3F7C2 changes role from null to FOLLOWER at term 0 for startAsFollower
2019-08-21 19:39:36,292 [pool-27-thread-1] INFO  server.RaftServerConfigKeys (ConfUtils.java:logGet(43)) - raft.server.retrycache.expirytime = 600000ms (custom)
2019-08-21 19:39:36,293 [pool-38-thread-1] INFO  impl.RoleInfo (RoleInfo.java:updateAndGet(143)) - 30fd6c46-98fc-41af-89a2-a688dd991524: start FollowerState
2019-08-21 19:39:36,293 [pool-27-thread-1] INFO  impl.RaftServerImpl (RaftServerImpl.java:start(180)) - 31435e08-68de-4ee1-9e5d-4ac2aee7e108: start group-79A991B3F7C2
2019-08-21 19:39:36,293 [pool-27-thread-1] INFO  impl.RaftServerImpl (RaftServerImpl.java:setRole(171)) - 31435e08-68de-4ee1-9e5d-4ac2aee7e108:group-79A991B3F7C2 changes role from null to FOLLOWER at term 0 for startAsFollower
2019-08-21 19:39:36,294 [pool-38-thread-1] INFO  util.JmxRegister (JmxRegister.java:tryRegister(44)) - Successfully registered JMX Bean with object name Ratis:service=RaftServer,group=group-79A991B3F7C2,id=30fd6c46-98fc-41af-89a2-a688dd991524
2019-08-21 19:39:36,294 [pool-27-thread-1] INFO  impl.RoleInfo (RoleInfo.java:updateAndGet(143)) - 31435e08-68de-4ee1-9e5d-4ac2aee7e108: start FollowerState
2019-08-21 19:39:36,295 [pool-27-thread-1] INFO  util.JmxRegister (JmxRegister.java:tryRegister(44)) - Successfully registered JMX Bean with object name Ratis:service=RaftServer,group=group-79A991B3F7C2,id=31435e08-68de-4ee1-9e5d-4ac2aee7e108
2019-08-21 19:39:36,309 [RatisPipelineUtilsThread] INFO  pipeline.PipelineStateManager (PipelineStateManager.java:addPipeline(56)) - Created pipeline Pipeline[ Id: c4f2981b-a0c7-499b-a782-79a991b3f7c2, Nodes: 31435e08-68de-4ee1-9e5d-4ac2aee7e108{ip: 192.168.157.235, host: pr-hdds-1347-9fd45-2937924148, networkLocation: /default-rack, certSerialId: null}1622df86-29a4-40da-b1f7-6b6973ca9708{ip: 192.168.157.235, host: pr-hdds-1347-9fd45-2937924148, networkLocation: /default-rack, certSerialId: null}30fd6c46-98fc-41af-89a2-a688dd991524{ip: 192.168.157.235, host: pr-hdds-1347-9fd45-2937924148, networkLocation: /default-rack, certSerialId: null}, Type:RATIS, Factor:THREE, State:OPEN]
2019-08-21 19:39:36,771 [main] INFO  ozone.MiniOzoneClusterImpl (MiniOzoneClusterImpl.java:lambda$waitForClusterToBeReady$0(142)) - Cluster is ready. Got 3 of 3 DN Heartbeats.
2019-08-21 19:39:36,796 [main] ERROR pipeline.PipelineActionHandler (PipelineActionHandler.java:onMessage(60)) - Received pipeline action CLOSE for Pipeline[ Id: c4f2981b-a0c7-499b-a782-79a991b3f7c2, Nodes: 31435e08-68de-4ee1-9e5d-4ac2aee7e108{ip: 192.168.157.235, host: pr-hdds-1347-9fd45-2937924148, networkLocation: /default-rack, certSerialId: null}1622df86-29a4-40da-b1f7-6b6973ca9708{ip: 192.168.157.235, host: pr-hdds-1347-9fd45-2937924148, networkLocation: /default-rack, certSerialId: null}30fd6c46-98fc-41af-89a2-a688dd991524{ip: 192.168.157.235, host: pr-hdds-1347-9fd45-2937924148, networkLocation: /default-rack, certSerialId: null}, Type:RATIS, Factor:THREE, State:OPEN] from datanode 31435e08-68de-4ee1-9e5d-4ac2aee7e108{ip: 192.168.157.235, host: pr-hdds-1347-9fd45-2937924148, networkLocation: /default-rack, certSerialId: null}. Reason : 
2019-08-21 19:39:36,797 [main] INFO  pipeline.SCMPipelineManager (SCMPipelineManager.java:finalizeAndDestroyPipeline(309)) - destroying pipeline:Pipeline[ Id: c4f2981b-a0c7-499b-a782-79a991b3f7c2, Nodes: 31435e08-68de-4ee1-9e5d-4ac2aee7e108{ip: 192.168.157.235, host: pr-hdds-1347-9fd45-2937924148, networkLocation: /default-rack, certSerialId: null}1622df86-29a4-40da-b1f7-6b6973ca9708{ip: 192.168.157.235, host: pr-hdds-1347-9fd45-2937924148, networkLocation: /default-rack, certSerialId: null}30fd6c46-98fc-41af-89a2-a688dd991524{ip: 192.168.157.235, host: pr-hdds-1347-9fd45-2937924148, networkLocation: /default-rack, certSerialId: null}, Type:RATIS, Factor:THREE, State:OPEN]
2019-08-21 19:39:36,797 [main] INFO  pipeline.PipelineStateManager (PipelineStateManager.java:finalizePipeline(123)) - Pipeline Pipeline[ Id: c4f2981b-a0c7-499b-a782-79a991b3f7c2, Nodes: 31435e08-68de-4ee1-9e5d-4ac2aee7e108{ip: 192.168.157.235, host: pr-hdds-1347-9fd45-2937924148, networkLocation: /default-rack, certSerialId: null}1622df86-29a4-40da-b1f7-6b6973ca9708{ip: 192.168.157.235, host: pr-hdds-1347-9fd45-2937924148, networkLocation: /default-rack, certSerialId: null}30fd6c46-98fc-41af-89a2-a688dd991524{ip: 192.168.157.235, host: pr-hdds-1347-9fd45-2937924148, networkLocation: /default-rack, certSerialId: null}, Type:RATIS, Factor:THREE, State:CLOSED] moved to CLOSED state
2019-08-21 19:39:36,798 [EventQueue-CloseContainerForCloseContainerEventHandler] INFO  container.CloseContainerEventHandler (CloseContainerEventHandler.java:onMessage(61)) - Close container Event triggered for container : #1
2019-08-21 19:39:36,927 | INFO  | SCMAudit | user=jenkins1000 | ip=192.168.157.235 | op=SEND_HEARTBEAT {datanodeUUID=31435e08-68de-4ee1-9e5d-4ac2aee7e108, command=[commandType: closeContainerCommand closeContainerCommandProto { containerID: 1 pipelineID { id: "c4f2981b-a0c7-499b-a782-79a991b3f7c2" } cmdId: 1 force: false } ]} | ret=SUCCESS |  
2019-08-21 19:39:37,189 | INFO  | SCMAudit | user=jenkins1000 | ip=192.168.157.235 | op=SEND_HEARTBEAT {datanodeUUID=30fd6c46-98fc-41af-89a2-a688dd991524, command=[commandType: closeContainerCommand closeContainerCommandProto { containerID: 1 pipelineID { id: "c4f2981b-a0c7-499b-a782-79a991b3f7c2" } cmdId: 1 force: false } ]} | ret=SUCCESS |  
2019-08-21 19:39:37,775 | INFO  | SCMAudit | user=jenkins1000 | ip=192.168.157.235 | op=SEND_HEARTBEAT {datanodeUUID=1622df86-29a4-40da-b1f7-6b6973ca9708, command=[commandType: closeContainerCommand closeContainerCommandProto { containerID: 1 pipelineID { id: "c4f2981b-a0c7-499b-a782-79a991b3f7c2" } cmdId: 1 force: false } ]} | ret=SUCCESS |  
2019-08-21 19:39:37,896 [Command processor thread] ERROR commandhandler.CloseContainerCommandHandler (CloseContainerCommandHandler.java:handle(84)) - Container #1 does not exist in datanode. Container close failed.
2019-08-21 19:39:37,899 | INFO  | SCMAudit | user=jenkins1000 | ip=192.168.157.235 | op=SEND_HEARTBEAT {datanodeUUID=31435e08-68de-4ee1-9e5d-4ac2aee7e108, command=[]} | ret=SUCCESS |  
2019-08-21 19:39:37,942 [Thread-177] INFO  container.ReplicationManager (ReplicationManager.java:start(152)) - Starting Replication Monitor Thread.
2019-08-21 19:39:37,948 [ReplicationMonitor] INFO  container.ReplicationManager (ReplicationManager.java:run(215)) - Replication Monitor Thread took 5 milliseconds for processing 1 containers.
2019-08-21 19:39:38,185 [Command processor thread] ERROR commandhandler.CloseContainerCommandHandler (CloseContainerCommandHandler.java:handle(84)) - Container #1 does not exist in datanode. Container close failed.
2019-08-21 19:39:38,188 | INFO  | SCMAudit | user=jenkins1000 | ip=192.168.157.235 | op=SEND_HEARTBEAT {datanodeUUID=30fd6c46-98fc-41af-89a2-a688dd991524, command=[]} | ret=SUCCESS |  
2019-08-21 19:39:38,770 [Command processor thread] ERROR commandhandler.CloseContainerCommandHandler (CloseContainerCommandHandler.java:handle(84)) - Container #1 does not exist in datanode. Container close failed.
2019-08-21 19:39:38,775 | INFO  | SCMAudit | user=jenkins1000 | ip=192.168.157.235 | op=SEND_HEARTBEAT {datanodeUUID=1622df86-29a4-40da-b1f7-6b6973ca9708, command=[]} | ret=SUCCESS |  
2019-08-21 19:39:38,898 | INFO  | SCMAudit | user=jenkins1000 | ip=192.168.157.235 | op=SEND_HEARTBEAT {datanodeUUID=31435e08-68de-4ee1-9e5d-4ac2aee7e108, command=[]} | ret=SUCCESS |  
2019-08-21 19:39:39,190 | INFO  | SCMAudit | user=jenkins1000 | ip=192.168.157.235 | op=SEND_HEARTBEAT {datanodeUUID=30fd6c46-98fc-41af-89a2-a688dd991524, command=[]} | ret=SUCCESS |  
2019-08-21 19:39:39,775 | INFO  | SCMAudit | user=jenkins1000 | ip=192.168.157.235 | op=SEND_HEARTBEAT {datanodeUUID=1622df86-29a4-40da-b1f7-6b6973ca9708, command=[]} | ret=SUCCESS |  
2019-08-21 19:39:39,899 | INFO  | SCMAudit | user=jenkins1000 | ip=192.168.157.235 | op=SEND_HEARTBEAT {datanodeUUID=31435e08-68de-4ee1-9e5d-4ac2aee7e108, command=[]} | ret=SUCCESS |  
2019-08-21 19:39:40,190 | INFO  | SCMAudit | user=jenkins1000 | ip=192.168.157.235 | op=SEND_HEARTBEAT {datanodeUUID=30fd6c46-98fc-41af-89a2-a688dd991524, command=[]} | ret=SUCCESS |  
2019-08-21 19:39:40,774 | INFO  | SCMAudit | user=jenkins1000 | ip=192.168.157.235 | op=SEND_HEARTBEAT {datanodeUUID=1622df86-29a4-40da-b1f7-6b6973ca9708, command=[]} | ret=SUCCESS |  
2019-08-21 19:39:40,898 | INFO  | SCMAudit | user=jenkins1000 | ip=192.168.157.235 | op=SEND_HEARTBEAT {datanodeUUID=31435e08-68de-4ee1-9e5d-4ac2aee7e108, command=[]} | ret=SUCCESS |  
2019-08-21 19:39:41,074 [Thread-179] INFO  impl.FollowerState (FollowerState.java:run(106)) - 31435e08-68de-4ee1-9e5d-4ac2aee7e108:group-82A84573F822 changes to CANDIDATE, lastRpcTime:5056, electionTimeout:5055ms
2019-08-21 19:39:41,075 [Thread-179] INFO  impl.RoleInfo (RoleInfo.java:shutdownFollowerState(121)) - 31435e08-68de-4ee1-9e5d-4ac2aee7e108: shutdown FollowerState
2019-08-21 19:39:41,075 [Thread-179] INFO  impl.RaftServerImpl (RaftServerImpl.java:setRole(171)) - 31435e08-68de-4ee1-9e5d-4ac2aee7e108:group-82A84573F822 changes role from FOLLOWER to CANDIDATE at term 0 for changeToCandidate
2019-08-21 19:39:41,081 [Thread-179] INFO  impl.RoleInfo (RoleInfo.java:updateAndGet(143)) - 31435e08-68de-4ee1-9e5d-4ac2aee7e108: start LeaderElection
2019-08-21 19:39:41,108 [31435e08-68de-4ee1-9e5d-4ac2aee7e108:group-82A84573F822:LeaderElection1] INFO  impl.LeaderElection (LeaderElection.java:askForVotes(181)) - 31435e08-68de-4ee1-9e5d-4ac2aee7e108:group-82A84573F822:LeaderElection1: begin an election at term 1 for -1: [31435e08-68de-4ee1-9e5d-4ac2aee7e108:192.168.157.235:46275], old=null
2019-08-21 19:39:41,111 [31435e08-68de-4ee1-9e5d-4ac2aee7e108:group-82A84573F822:LeaderElection1] INFO  impl.RoleInfo (RoleInfo.java:shutdownLeaderElection(134)) - 31435e08-68de-4ee1-9e5d-4ac2aee7e108: shutdown LeaderElection
2019-08-21 19:39:41,111 [31435e08-68de-4ee1-9e5d-4ac2aee7e108:group-82A84573F822:LeaderElection1] INFO  impl.RaftServerImpl (RaftServerImpl.java:setRole(171)) - 31435e08-68de-4ee1-9e5d-4ac2aee7e108:group-82A84573F822 changes role from CANDIDATE to LEADER at term 1 for changeToLeader
2019-08-21 19:39:41,112 [31435e08-68de-4ee1-9e5d-4ac2aee7e108:group-82A84573F822:LeaderElection1] INFO  impl.RaftServerImpl (ServerState.java:setLeader(263)) - 31435e08-68de-4ee1-9e5d-4ac2aee7e108:group-82A84573F822 change Leader from null to 31435e08-68de-4ee1-9e5d-4ac2aee7e108 at term 1 for becomeLeader, leader elected after 5170ms
2019-08-21 19:39:41,120 [31435e08-68de-4ee1-9e5d-4ac2aee7e108:group-82A84573F822:LeaderElection1] INFO  server.RaftServerConfigKeys (ConfUtils.java:logGet(43)) - raft.server.staging.catchup.gap = 1000 (default)
2019-08-21 19:39:41,120 [31435e08-68de-4ee1-9e5d-4ac2aee7e108:group-82A84573F822:LeaderElection1] INFO  server.RaftServerConfigKeys (ConfUtils.java:logGet(43)) - raft.server.rpc.sleep.time = 25ms (default)
2019-08-21 19:39:41,124 [31435e08-68de-4ee1-9e5d-4ac2aee7e108:group-82A84573F822:LeaderElection1] INFO  server.RaftServerConfigKeys (ConfUtils.java:logGet(43)) - raft.server.write.element-limit = 4096 (default)
2019-08-21 19:39:41,127 [31435e08-68de-4ee1-9e5d-4ac2aee7e108:group-82A84573F822:LeaderElection1] INFO  server.RaftServerConfigKeys (ConfUtils.java:logGet(43)) - raft.server.watch.timeout = 10s (default)
2019-08-21 19:39:41,127 [31435e08-68de-4ee1-9e5d-4ac2aee7e108:group-82A84573F822:LeaderElection1] INFO  server.RaftServerConfigKeys (ConfUtils.java:logGet(43)) - raft.server.watch.timeout.denomination = 1s (default)
2019-08-21 19:39:41,129 [31435e08-68de-4ee1-9e5d-4ac2aee7e108:group-82A84573F822:LeaderElection1] INFO  server.RaftServerConfigKeys (ConfUtils.java:logGet(43)) - raft.server.watch.element-limit = 65536 (default)
2019-08-21 19:39:41,142 [31435e08-68de-4ee1-9e5d-4ac2aee7e108:group-82A84573F822:LeaderElection1] INFO  impl.RoleInfo (RoleInfo.java:updateAndGet(143)) - 31435e08-68de-4ee1-9e5d-4ac2aee7e108: start LeaderState
2019-08-21 19:39:41,170 [31435e08-68de-4ee1-9e5d-4ac2aee7e108:group-82A84573F822:LeaderElection1] INFO  segmented.SegmentedRaftLogWorker (SegmentedRaftLogWorker.java:startLogSegment(380)) - 31435e08-68de-4ee1-9e5d-4ac2aee7e108-SegmentedRaftLogWorker:Storage Directory /workdir/hadoop-ozone/integration-test/target/test-dir/MiniOzoneClusterImpl-5ae37d7a-dbea-4b49-8dc8-7d89e2ab45c4/datanode-0/data/ratis/d7d3b4aa-ea45-4ce3-91ec-82a84573f822: Starting segment from index:0
2019-08-21 19:39:41,181 [31435e08-68de-4ee1-9e5d-4ac2aee7e108:group-82A84573F822:LeaderElection1] INFO  impl.RaftServerImpl (ServerState.java:setRaftConf(361)) - 31435e08-68de-4ee1-9e5d-4ac2aee7e108:group-82A84573F822 set configuration 0: [31435e08-68de-4ee1-9e5d-4ac2aee7e108:192.168.157.235:46275], old=null at 0
2019-08-21 19:39:41,197 | INFO  | SCMAudit | user=jenkins1000 | ip=192.168.157.235 | op=SEND_HEARTBEAT {datanodeUUID=30fd6c46-98fc-41af-89a2-a688dd991524, command=[]} | ret=SUCCESS |  
2019-08-21 19:39:41,266 [Thread-182] INFO  impl.FollowerState (FollowerState.java:run(106)) - 1622df86-29a4-40da-b1f7-6b6973ca9708:group-9B531B847CC3 changes to CANDIDATE, lastRpcTime:5119, electionTimeout:5119ms
2019-08-21 19:39:41,267 [Thread-182] INFO  impl.RoleInfo (RoleInfo.java:shutdownFollowerState(121)) - 1622df86-29a4-40da-b1f7-6b6973ca9708: shutdown FollowerState
2019-08-21 19:39:41,267 [Thread-182] INFO  impl.RaftServerImpl (RaftServerImpl.java:setRole(171)) - 1622df86-29a4-40da-b1f7-6b6973ca9708:group-9B531B847CC3 changes role from FOLLOWER to CANDIDATE at term 0 for changeToCandidate
2019-08-21 19:39:41,268 [Thread-182] INFO  impl.RoleInfo (RoleInfo.java:updateAndGet(143)) - 1622df86-29a4-40da-b1f7-6b6973ca9708: start LeaderElection
2019-08-21 19:39:41,285 [1622df86-29a4-40da-b1f7-6b6973ca9708:group-9B531B847CC3:LeaderElection2] INFO  impl.LeaderElection (LeaderElection.java:askForVotes(181)) - 1622df86-29a4-40da-b1f7-6b6973ca9708:group-9B531B847CC3:LeaderElection2: begin an election at term 1 for -1: [1622df86-29a4-40da-b1f7-6b6973ca9708:192.168.157.235:37740], old=null
2019-08-21 19:39:41,286 [1622df86-29a4-40da-b1f7-6b6973ca9708:group-9B531B847CC3:LeaderElection2] INFO  impl.RoleInfo (RoleInfo.java:shutdownLeaderElection(134)) - 1622df86-29a4-40da-b1f7-6b6973ca9708: shutdown LeaderElection
2019-08-21 19:39:41,286 [1622df86-29a4-40da-b1f7-6b6973ca9708:group-9B531B847CC3:LeaderElection2] INFO  impl.RaftServerImpl (RaftServerImpl.java:setRole(171)) - 1622df86-29a4-40da-b1f7-6b6973ca9708:group-9B531B847CC3 changes role from CANDIDATE to LEADER at term 1 for changeToLeader
2019-08-21 19:39:41,286 [1622df86-29a4-40da-b1f7-6b6973ca9708:group-9B531B847CC3:LeaderElection2] INFO  impl.RaftServerImpl (ServerState.java:setLeader(263)) - 1622df86-29a4-40da-b1f7-6b6973ca9708:group-9B531B847CC3 change Leader from null to 1622df86-29a4-40da-b1f7-6b6973ca9708 at term 1 for becomeLeader, leader elected after 5145ms
2019-08-21 19:39:41,287 [1622df86-29a4-40da-b1f7-6b6973ca9708:group-9B531B847CC3:LeaderElection2] INFO  server.RaftServerConfigKeys (ConfUtils.java:logGet(43)) - raft.server.staging.catchup.gap = 1000 (default)
2019-08-21 19:39:41,287 [1622df86-29a4-40da-b1f7-6b6973ca9708:group-9B531B847CC3:LeaderElection2] INFO  server.RaftServerConfigKeys (ConfUtils.java:logGet(43)) - raft.server.rpc.sleep.time = 25ms (default)
2019-08-21 19:39:41,287 [1622df86-29a4-40da-b1f7-6b6973ca9708:group-9B531B847CC3:LeaderElection2] INFO  server.RaftServerConfigKeys (ConfUtils.java:logGet(43)) - raft.server.write.element-limit = 4096 (default)
2019-08-21 19:39:41,287 [1622df86-29a4-40da-b1f7-6b6973ca9708:group-9B531B847CC3:LeaderElection2] INFO  server.RaftServerConfigKeys (ConfUtils.java:logGet(43)) - raft.server.watch.timeout = 10s (default)
2019-08-21 19:39:41,287 [1622df86-29a4-40da-b1f7-6b6973ca9708:group-9B531B847CC3:LeaderElection2] INFO  server.RaftServerConfigKeys (ConfUtils.java:logGet(43)) - raft.server.watch.timeout.denomination = 1s (default)
2019-08-21 19:39:41,288 [1622df86-29a4-40da-b1f7-6b6973ca9708:group-9B531B847CC3:LeaderElection2] INFO  server.RaftServerConfigKeys (ConfUtils.java:logGet(43)) - raft.server.watch.element-limit = 65536 (default)
2019-08-21 19:39:41,288 [1622df86-29a4-40da-b1f7-6b6973ca9708:group-9B531B847CC3:LeaderElection2] INFO  impl.RoleInfo (RoleInfo.java:updateAndGet(143)) - 1622df86-29a4-40da-b1f7-6b6973ca9708: start LeaderState
2019-08-21 19:39:41,288 [1622df86-29a4-40da-b1f7-6b6973ca9708:group-9B531B847CC3:LeaderElection2] INFO  segmented.SegmentedRaftLogWorker (SegmentedRaftLogWorker.java:startLogSegment(380)) - 1622df86-29a4-40da-b1f7-6b6973ca9708-SegmentedRaftLogWorker:Storage Directory /workdir/hadoop-ozone/integration-test/target/test-dir/MiniOzoneClusterImpl-5ae37d7a-dbea-4b49-8dc8-7d89e2ab45c4/datanode-2/data/ratis/94af2a7a-c711-4fda-870a-9b531b847cc3: Starting segment from index:0
2019-08-21 19:39:41,289 [1622df86-29a4-40da-b1f7-6b6973ca9708:group-9B531B847CC3:LeaderElection2] INFO  impl.RaftServerImpl (ServerState.java:setRaftConf(361)) - 1622df86-29a4-40da-b1f7-6b6973ca9708:group-9B531B847CC3 set configuration 0: [1622df86-29a4-40da-b1f7-6b6973ca9708:192.168.157.235:37740], old=null at 0
2019-08-21 19:39:41,305 [Thread-185] INFO  impl.FollowerState (FollowerState.java:run(106)) - 30fd6c46-98fc-41af-89a2-a688dd991524:group-B2C2E88ACF66 changes to CANDIDATE, lastRpcTime:5092, electionTimeout:5092ms
2019-08-21 19:39:41,305 [Thread-185] INFO  impl.RoleInfo (RoleInfo.java:shutdownFollowerState(121)) - 30fd6c46-98fc-41af-89a2-a688dd991524: shutdown FollowerState
2019-08-21 19:39:41,305 [Thread-185] INFO  impl.RaftServerImpl (RaftServerImpl.java:setRole(171)) - 30fd6c46-98fc-41af-89a2-a688dd991524:group-B2C2E88ACF66 changes role from FOLLOWER to CANDIDATE at term 0 for changeToCandidate
2019-08-21 19:39:41,306 [Thread-185] INFO  impl.RoleInfo (RoleInfo.java:updateAndGet(143)) - 30fd6c46-98fc-41af-89a2-a688dd991524: start LeaderElection
2019-08-21 19:39:41,313 [Thread-193] INFO  impl.FollowerState (FollowerState.java:run(106)) - 31435e08-68de-4ee1-9e5d-4ac2aee7e108:group-79A991B3F7C2 changes to CANDIDATE, lastRpcTime:5018, electionTimeout:5018ms
2019-08-21 19:39:41,313 [Thread-193] INFO  impl.RoleInfo (RoleInfo.java:shutdownFollowerState(121)) - 31435e08-68de-4ee1-9e5d-4ac2aee7e108: shutdown FollowerState
2019-08-21 19:39:41,313 [Thread-193] INFO  impl.RaftServerImpl (RaftServerImpl.java:setRole(171)) - 31435e08-68de-4ee1-9e5d-4ac2aee7e108:group-79A991B3F7C2 changes role from FOLLOWER to CANDIDATE at term 0 for changeToCandidate
2019-08-21 19:39:41,313 [Thread-193] INFO  impl.RoleInfo (RoleInfo.java:updateAndGet(143)) - 31435e08-68de-4ee1-9e5d-4ac2aee7e108: start LeaderElection
2019-08-21 19:39:41,323 [30fd6c46-98fc-41af-89a2-a688dd991524:group-B2C2E88ACF66:LeaderElection3] INFO  impl.LeaderElection (LeaderElection.java:askForVotes(181)) - 30fd6c46-98fc-41af-89a2-a688dd991524:group-B2C2E88ACF66:LeaderElection3: begin an election at term 1 for -1: [30fd6c46-98fc-41af-89a2-a688dd991524:192.168.157.235:42159], old=null
2019-08-21 19:39:41,323 [31435e08-68de-4ee1-9e5d-4ac2aee7e108:group-79A991B3F7C2:LeaderElection4] INFO  impl.LeaderElection (LeaderElection.java:askForVotes(181)) - 31435e08-68de-4ee1-9e5d-4ac2aee7e108:group-79A991B3F7C2:LeaderElection4: begin an election at term 1 for -1: [31435e08-68de-4ee1-9e5d-4ac2aee7e108:192.168.157.235:46275, 30fd6c46-98fc-41af-89a2-a688dd991524:192.168.157.235:42159, 1622df86-29a4-40da-b1f7-6b6973ca9708:192.168.157.235:37740], old=null
2019-08-21 19:39:41,324 [30fd6c46-98fc-41af-89a2-a688dd991524:group-B2C2E88ACF66:LeaderElection3] INFO  impl.RoleInfo (RoleInfo.java:shutdownLeaderElection(134)) - 30fd6c46-98fc-41af-89a2-a688dd991524: shutdown LeaderElection
2019-08-21 19:39:41,324 [30fd6c46-98fc-41af-89a2-a688dd991524:group-B2C2E88ACF66:LeaderElection3] INFO  impl.RaftServerImpl (RaftServerImpl.java:setRole(171)) - 30fd6c46-98fc-41af-89a2-a688dd991524:group-B2C2E88ACF66 changes role from CANDIDATE to LEADER at term 1 for changeToLeader
2019-08-21 19:39:41,324 [30fd6c46-98fc-41af-89a2-a688dd991524:group-B2C2E88ACF66:LeaderElection3] INFO  impl.RaftServerImpl (ServerState.java:setLeader(263)) - 30fd6c46-98fc-41af-89a2-a688dd991524:group-B2C2E88ACF66 change Leader from null to 30fd6c46-98fc-41af-89a2-a688dd991524 at term 1 for becomeLeader, leader elected after 5115ms
2019-08-21 19:39:41,324 [30fd6c46-98fc-41af-89a2-a688dd991524:group-B2C2E88ACF66:LeaderElection3] INFO  server.RaftServerConfigKeys (ConfUtils.java:logGet(43)) - raft.server.staging.catchup.gap = 1000 (default)
2019-08-21 19:39:41,324 [30fd6c46-98fc-41af-89a2-a688dd991524:group-B2C2E88ACF66:LeaderElection3] INFO  server.RaftServerConfigKeys (ConfUtils.java:logGet(43)) - raft.server.rpc.sleep.time = 25ms (default)
2019-08-21 19:39:41,325 [30fd6c46-98fc-41af-89a2-a688dd991524:group-B2C2E88ACF66:LeaderElection3] INFO  server.RaftServerConfigKeys (ConfUtils.java:logGet(43)) - raft.server.write.element-limit = 4096 (default)
2019-08-21 19:39:41,325 [30fd6c46-98fc-41af-89a2-a688dd991524:group-B2C2E88ACF66:LeaderElection3] INFO  server.RaftServerConfigKeys (ConfUtils.java:logGet(43)) - raft.server.watch.timeout = 10s (default)
2019-08-21 19:39:41,325 [30fd6c46-98fc-41af-89a2-a688dd991524:group-B2C2E88ACF66:LeaderElection3] INFO  server.RaftServerConfigKeys (ConfUtils.java:logGet(43)) - raft.server.watch.timeout.denomination = 1s (default)
2019-08-21 19:39:41,325 [30fd6c46-98fc-41af-89a2-a688dd991524:group-B2C2E88ACF66:LeaderElection3] INFO  server.RaftServerConfigKeys (ConfUtils.java:logGet(43)) - raft.server.watch.element-limit = 65536 (default)
2019-08-21 19:39:41,326 [30fd6c46-98fc-41af-89a2-a688dd991524:group-B2C2E88ACF66:LeaderElection3] INFO  impl.RoleInfo (RoleInfo.java:updateAndGet(143)) - 30fd6c46-98fc-41af-89a2-a688dd991524: start LeaderState
2019-08-21 19:39:41,326 [30fd6c46-98fc-41af-89a2-a688dd991524:group-B2C2E88ACF66:LeaderElection3] INFO  segmented.SegmentedRaftLogWorker (SegmentedRaftLogWorker.java:startLogSegment(380)) - 30fd6c46-98fc-41af-89a2-a688dd991524-SegmentedRaftLogWorker:Storage Directory /workdir/hadoop-ozone/integration-test/target/test-dir/MiniOzoneClusterImpl-5ae37d7a-dbea-4b49-8dc8-7d89e2ab45c4/datanode-1/data/ratis/a04c4a8a-7f58-4964-8200-b2c2e88acf66: Starting segment from index:0
2019-08-21 19:39:41,326 [30fd6c46-98fc-41af-89a2-a688dd991524:group-B2C2E88ACF66:LeaderElection3] INFO  impl.RaftServerImpl (ServerState.java:setRaftConf(361)) - 30fd6c46-98fc-41af-89a2-a688dd991524:group-B2C2E88ACF66 set configuration 0: [30fd6c46-98fc-41af-89a2-a688dd991524:192.168.157.235:42159], old=null at 0
2019-08-21 19:39:41,360 [grpc-default-executor-1] INFO  impl.RaftServerImpl (RaftServerImpl.java:setRole(171)) - 1622df86-29a4-40da-b1f7-6b6973ca9708:group-79A991B3F7C2 changes role from FOLLOWER to FOLLOWER at term 1 for recognizeCandidate:31435e08-68de-4ee1-9e5d-4ac2aee7e108
2019-08-21 19:39:41,360 [grpc-default-executor-2] INFO  impl.RaftServerImpl (RaftServerImpl.java:setRole(171)) - 30fd6c46-98fc-41af-89a2-a688dd991524:group-79A991B3F7C2 changes role from FOLLOWER to FOLLOWER at term 1 for recognizeCandidate:31435e08-68de-4ee1-9e5d-4ac2aee7e108
2019-08-21 19:39:41,361 [grpc-default-executor-1] INFO  impl.RoleInfo (RoleInfo.java:shutdownFollowerState(121)) - 1622df86-29a4-40da-b1f7-6b6973ca9708: shutdown FollowerState
2019-08-21 19:39:41,361 [grpc-default-executor-2] INFO  impl.RoleInfo (RoleInfo.java:shutdownFollowerState(121)) - 30fd6c46-98fc-41af-89a2-a688dd991524: shutdown FollowerState
2019-08-21 19:39:41,361 [grpc-default-executor-1] INFO  impl.RoleInfo (RoleInfo.java:updateAndGet(143)) - 1622df86-29a4-40da-b1f7-6b6973ca9708: start FollowerState
2019-08-21 19:39:41,361 [Thread-192] INFO  impl.FollowerState (FollowerState.java:run(114)) - 30fd6c46-98fc-41af-89a2-a688dd991524: FollowerState was interrupted: java.lang.InterruptedException: sleep interrupted
2019-08-21 19:39:41,361 [grpc-default-executor-2] INFO  impl.RoleInfo (RoleInfo.java:updateAndGet(143)) - 30fd6c46-98fc-41af-89a2-a688dd991524: start FollowerState
2019-08-21 19:39:41,361 [Thread-188] INFO  impl.FollowerState (FollowerState.java:run(114)) - 1622df86-29a4-40da-b1f7-6b6973ca9708: FollowerState was interrupted: java.lang.InterruptedException: sleep interrupted
2019-08-21 19:39:41,429 [31435e08-68de-4ee1-9e5d-4ac2aee7e108:group-79A991B3F7C2:LeaderElection4] INFO  impl.LeaderElection (LeaderElection.java:logAndReturn(56)) - 31435e08-68de-4ee1-9e5d-4ac2aee7e108:group-79A991B3F7C2:LeaderElection4: Election PASSED; received 1 response(s) [31435e08-68de-4ee1-9e5d-4ac2aee7e108<-30fd6c46-98fc-41af-89a2-a688dd991524#0:OK-t1] and 0 exception(s); 31435e08-68de-4ee1-9e5d-4ac2aee7e108:t1, leader=null, voted=31435e08-68de-4ee1-9e5d-4ac2aee7e108, raftlog=31435e08-68de-4ee1-9e5d-4ac2aee7e108-SegmentedRaftLog:OPENED:c-1,f-1,i0, conf=-1: [31435e08-68de-4ee1-9e5d-4ac2aee7e108:192.168.157.235:46275, 30fd6c46-98fc-41af-89a2-a688dd991524:192.168.157.235:42159, 1622df86-29a4-40da-b1f7-6b6973ca9708:192.168.157.235:37740], old=null
2019-08-21 19:39:41,430 [31435e08-68de-4ee1-9e5d-4ac2aee7e108:group-79A991B3F7C2:LeaderElection4] INFO  impl.RoleInfo (RoleInfo.java:shutdownLeaderElection(134)) - 31435e08-68de-4ee1-9e5d-4ac2aee7e108: shutdown LeaderElection
2019-08-21 19:39:41,430 [31435e08-68de-4ee1-9e5d-4ac2aee7e108:group-79A991B3F7C2:LeaderElection4] INFO  impl.RaftServerImpl (RaftServerImpl.java:setRole(171)) - 31435e08-68de-4ee1-9e5d-4ac2aee7e108:group-79A991B3F7C2 changes role from CANDIDATE to LEADER at term 1 for changeToLeader
2019-08-21 19:39:41,430 [31435e08-68de-4ee1-9e5d-4ac2aee7e108:group-79A991B3F7C2:LeaderElection4] INFO  impl.RaftServerImpl (ServerState.java:setLeader(263)) - 31435e08-68de-4ee1-9e5d-4ac2aee7e108:group-79A991B3F7C2 change Leader from null to 31435e08-68de-4ee1-9e5d-4ac2aee7e108 at term 1 for becomeLeader, leader elected after 5150ms
2019-08-21 19:39:41,431 [31435e08-68de-4ee1-9e5d-4ac2aee7e108:group-79A991B3F7C2:LeaderElection4] INFO  server.RaftServerConfigKeys (ConfUtils.java:logGet(43)) - raft.server.staging.catchup.gap = 1000 (default)
2019-08-21 19:39:41,431 [31435e08-68de-4ee1-9e5d-4ac2aee7e108:group-79A991B3F7C2:LeaderElection4] INFO  server.RaftServerConfigKeys (ConfUtils.java:logGet(43)) - raft.server.rpc.sleep.time = 25ms (default)
2019-08-21 19:39:41,431 [31435e08-68de-4ee1-9e5d-4ac2aee7e108:group-79A991B3F7C2:LeaderElection4] INFO  server.RaftServerConfigKeys (ConfUtils.java:logGet(43)) - raft.server.write.element-limit = 4096 (default)
2019-08-21 19:39:41,432 [31435e08-68de-4ee1-9e5d-4ac2aee7e108:group-79A991B3F7C2:LeaderElection4] INFO  server.RaftServerConfigKeys (ConfUtils.java:logGet(43)) - raft.server.watch.timeout = 10s (default)
2019-08-21 19:39:41,432 [31435e08-68de-4ee1-9e5d-4ac2aee7e108:group-79A991B3F7C2:LeaderElection4] INFO  server.RaftServerConfigKeys (ConfUtils.java:logGet(43)) - raft.server.watch.timeout.denomination = 1s (default)
2019-08-21 19:39:41,432 [31435e08-68de-4ee1-9e5d-4ac2aee7e108:group-79A991B3F7C2:LeaderElection4] INFO  server.RaftServerConfigKeys (ConfUtils.java:logGet(43)) - raft.server.watch.element-limit = 65536 (default)
2019-08-21 19:39:41,435 [31435e08-68de-4ee1-9e5d-4ac2aee7e108:group-79A991B3F7C2:LeaderElection4] INFO  server.RaftServerConfigKeys (ConfUtils.java:logGet(43)) - raft.server.log.appender.snapshot.chunk.size.max = 16MB (=16777216) (default)
2019-08-21 19:39:41,436 [31435e08-68de-4ee1-9e5d-4ac2aee7e108:group-79A991B3F7C2:LeaderElection4] INFO  server.RaftServerConfigKeys (ConfUtils.java:logGet(43)) - raft.server.log.appender.buffer.byte-limit = 33554432 (custom)
2019-08-21 19:39:41,436 [31435e08-68de-4ee1-9e5d-4ac2aee7e108:group-79A991B3F7C2:LeaderElection4] INFO  server.RaftServerConfigKeys (ConfUtils.java:logGet(43)) - raft.server.log.appender.buffer.element-limit = 1 (custom)
2019-08-21 19:39:41,440 [31435e08-68de-4ee1-9e5d-4ac2aee7e108:group-79A991B3F7C2:LeaderElection4] INFO  grpc.GrpcConfigKeys$Server (ConfUtils.java:logGet(43)) - raft.grpc.server.leader.outstanding.appends.max = 128 (default)
2019-08-21 19:39:41,441 [31435e08-68de-4ee1-9e5d-4ac2aee7e108:group-79A991B3F7C2:LeaderElection4] INFO  server.RaftServerConfigKeys (ConfUtils.java:logGet(43)) - raft.server.rpc.request.timeout = 3000ms (default)
2019-08-21 19:39:41,442 [31435e08-68de-4ee1-9e5d-4ac2aee7e108:group-79A991B3F7C2:LeaderElection4] INFO  server.RaftServerConfigKeys (ConfUtils.java:logGet(43)) - raft.server.log.appender.install.snapshot.enabled = false (custom)
2019-08-21 19:39:41,442 [31435e08-68de-4ee1-9e5d-4ac2aee7e108:group-79A991B3F7C2:LeaderElection4] INFO  server.RaftServerConfigKeys (ConfUtils.java:logGet(43)) - raft.server.log.appender.snapshot.chunk.size.max = 16MB (=16777216) (default)
2019-08-21 19:39:41,442 [31435e08-68de-4ee1-9e5d-4ac2aee7e108:group-79A991B3F7C2:LeaderElection4] INFO  server.RaftServerConfigKeys (ConfUtils.java:logGet(43)) - raft.server.log.appender.buffer.byte-limit = 33554432 (custom)
2019-08-21 19:39:41,442 [31435e08-68de-4ee1-9e5d-4ac2aee7e108:group-79A991B3F7C2:LeaderElection4] INFO  server.RaftServerConfigKeys (ConfUtils.java:logGet(43)) - raft.server.log.appender.buffer.element-limit = 1 (custom)
2019-08-21 19:39:41,443 [31435e08-68de-4ee1-9e5d-4ac2aee7e108:group-79A991B3F7C2:LeaderElection4] INFO  grpc.GrpcConfigKeys$Server (ConfUtils.java:logGet(43)) - raft.grpc.server.leader.outstanding.appends.max = 128 (default)
2019-08-21 19:39:41,443 [31435e08-68de-4ee1-9e5d-4ac2aee7e108:group-79A991B3F7C2:LeaderElection4] INFO  server.RaftServerConfigKeys (ConfUtils.java:logGet(43)) - raft.server.rpc.request.timeout = 3000ms (default)
2019-08-21 19:39:41,443 [31435e08-68de-4ee1-9e5d-4ac2aee7e108:group-79A991B3F7C2:LeaderElection4] INFO  server.RaftServerConfigKeys (ConfUtils.java:logGet(43)) - raft.server.log.appender.install.snapshot.enabled = false (custom)
2019-08-21 19:39:41,447 [31435e08-68de-4ee1-9e5d-4ac2aee7e108:group-79A991B3F7C2:LeaderElection4] INFO  impl.RoleInfo (RoleInfo.java:updateAndGet(143)) - 31435e08-68de-4ee1-9e5d-4ac2aee7e108: start LeaderState
2019-08-21 19:39:41,447 [31435e08-68de-4ee1-9e5d-4ac2aee7e108:group-79A991B3F7C2:LeaderElection4] INFO  segmented.SegmentedRaftLogWorker (SegmentedRaftLogWorker.java:startLogSegment(380)) - 31435e08-68de-4ee1-9e5d-4ac2aee7e108-SegmentedRaftLogWorker:Storage Directory /workdir/hadoop-ozone/integration-test/target/test-dir/MiniOzoneClusterImpl-5ae37d7a-dbea-4b49-8dc8-7d89e2ab45c4/datanode-0/data/ratis/c4f2981b-a0c7-499b-a782-79a991b3f7c2: Starting segment from index:0
2019-08-21 19:39:41,448 [31435e08-68de-4ee1-9e5d-4ac2aee7e108:group-79A991B3F7C2:LeaderElection4] INFO  impl.RaftServerImpl (ServerState.java:setRaftConf(361)) - 31435e08-68de-4ee1-9e5d-4ac2aee7e108:group-79A991B3F7C2 set configuration 0: [31435e08-68de-4ee1-9e5d-4ac2aee7e108:192.168.157.235:46275, 30fd6c46-98fc-41af-89a2-a688dd991524:192.168.157.235:42159, 1622df86-29a4-40da-b1f7-6b6973ca9708:192.168.157.235:37740], old=null at 0
2019-08-21 19:39:41,501 [grpc-default-executor-1] INFO  impl.RaftServerImpl (ServerState.java:setLeader(263)) - 1622df86-29a4-40da-b1f7-6b6973ca9708:group-79A991B3F7C2 change Leader from null to 31435e08-68de-4ee1-9e5d-4ac2aee7e108 at term 1 for appendEntries, leader elected after 5220ms
2019-08-21 19:39:41,502 [grpc-default-executor-2] INFO  impl.RaftServerImpl (ServerState.java:setLeader(263)) - 30fd6c46-98fc-41af-89a2-a688dd991524:group-79A991B3F7C2 change Leader from null to 31435e08-68de-4ee1-9e5d-4ac2aee7e108 at term 1 for appendEntries, leader elected after 5222ms
2019-08-21 19:39:41,529 [grpc-default-executor-1] INFO  impl.RaftServerImpl (ServerState.java:setRaftConf(361)) - 1622df86-29a4-40da-b1f7-6b6973ca9708:group-79A991B3F7C2 set configuration 0: [31435e08-68de-4ee1-9e5d-4ac2aee7e108:192.168.157.235:46275, 30fd6c46-98fc-41af-89a2-a688dd991524:192.168.157.235:42159, 1622df86-29a4-40da-b1f7-6b6973ca9708:192.168.157.235:37740], old=null at 0
2019-08-21 19:39:41,529 [grpc-default-executor-2] INFO  impl.RaftServerImpl (ServerState.java:setRaftConf(361)) - 30fd6c46-98fc-41af-89a2-a688dd991524:group-79A991B3F7C2 set configuration 0: [31435e08-68de-4ee1-9e5d-4ac2aee7e108:192.168.157.235:46275, 30fd6c46-98fc-41af-89a2-a688dd991524:192.168.157.235:42159, 1622df86-29a4-40da-b1f7-6b6973ca9708:192.168.157.235:37740], old=null at 0
2019-08-21 19:39:41,529 [grpc-default-executor-1] INFO  segmented.SegmentedRaftLogWorker (SegmentedRaftLogWorker.java:startLogSegment(380)) - 1622df86-29a4-40da-b1f7-6b6973ca9708-SegmentedRaftLogWorker:Storage Directory /workdir/hadoop-ozone/integration-test/target/test-dir/MiniOzoneClusterImpl-5ae37d7a-dbea-4b49-8dc8-7d89e2ab45c4/datanode-2/data/ratis/c4f2981b-a0c7-499b-a782-79a991b3f7c2: Starting segment from index:0
2019-08-21 19:39:41,530 [grpc-default-executor-2] INFO  segmented.SegmentedRaftLogWorker (SegmentedRaftLogWorker.java:startLogSegment(380)) - 30fd6c46-98fc-41af-89a2-a688dd991524-SegmentedRaftLogWorker:Storage Directory /workdir/hadoop-ozone/integration-test/target/test-dir/MiniOzoneClusterImpl-5ae37d7a-dbea-4b49-8dc8-7d89e2ab45c4/datanode-1/data/ratis/c4f2981b-a0c7-499b-a782-79a991b3f7c2: Starting segment from index:0
2019-08-21 19:39:41,774 | INFO  | SCMAudit | user=jenkins1000 | ip=192.168.157.235 | op=SEND_HEARTBEAT {datanodeUUID=1622df86-29a4-40da-b1f7-6b6973ca9708, command=[]} | ret=SUCCESS |  
2019-08-21 19:39:41,822 [grpc-default-executor-2] INFO  impl.RaftServerProxy (RaftServerProxy.java:remove(95)) - 31435e08-68de-4ee1-9e5d-4ac2aee7e108: remove   LEADER group-79A991B3F7C2 31435e08-68de-4ee1-9e5d-4ac2aee7e108:t1, leader=31435e08-68de-4ee1-9e5d-4ac2aee7e108, voted=31435e08-68de-4ee1-9e5d-4ac2aee7e108, raftlog=31435e08-68de-4ee1-9e5d-4ac2aee7e108-SegmentedRaftLog:OPENED:c-1,f-1,i0, conf=0: [31435e08-68de-4ee1-9e5d-4ac2aee7e108:192.168.157.235:46275, 30fd6c46-98fc-41af-89a2-a688dd991524:192.168.157.235:42159, 1622df86-29a4-40da-b1f7-6b6973ca9708:192.168.157.235:37740], old=null RUNNING
2019-08-21 19:39:41,826 [grpc-default-executor-2] INFO  impl.RaftServerImpl (RaftServerImpl.java:lambda$shutdown$3(245)) - 31435e08-68de-4ee1-9e5d-4ac2aee7e108: shutdown group-79A991B3F7C2
2019-08-21 19:39:41,826 [grpc-default-executor-2] INFO  util.JmxRegister (JmxRegister.java:unregister(73)) - Successfully un-registered JMX Bean with object name Ratis:service=RaftServer,group=group-79A991B3F7C2,id=31435e08-68de-4ee1-9e5d-4ac2aee7e108
2019-08-21 19:39:41,827 [grpc-default-executor-2] INFO  impl.RoleInfo (RoleInfo.java:shutdownLeaderState(104)) - 31435e08-68de-4ee1-9e5d-4ac2aee7e108: shutdown LeaderState
2019-08-21 19:39:41,830 [org.apache.ratis.server.impl.LogAppender$AppenderDaemon$$Lambda$351/45731349@40f41fdc] WARN  server.GrpcLogAppender (GrpcLogAppender.java:mayWait(143)) - GrpcLogAppender(31435e08-68de-4ee1-9e5d-4ac2aee7e108->1622df86-29a4-40da-b1f7-6b6973ca9708): Wait interrupted by java.lang.InterruptedException
2019-08-21 19:39:41,830 [org.apache.ratis.server.impl.LogAppender$AppenderDaemon$$Lambda$351/45731349@7d1713e3] WARN  server.GrpcLogAppender (GrpcLogAppender.java:mayWait(143)) - GrpcLogAppender(31435e08-68de-4ee1-9e5d-4ac2aee7e108->30fd6c46-98fc-41af-89a2-a688dd991524): Wait interrupted by java.lang.InterruptedException
2019-08-21 19:39:41,835 [grpc-default-executor-2] INFO  impl.PendingRequests (PendingRequests.java:sendNotLeaderResponses(202)) - 31435e08-68de-4ee1-9e5d-4ac2aee7e108-PendingRequests: sendNotLeaderResponses
2019-08-21 19:39:41,840 [grpc-default-executor-1] INFO  server.GrpcServerProtocolService (GrpcServerProtocolService.java:onCompleted(104)) - 30fd6c46-98fc-41af-89a2-a688dd991524: appendEntries completed
2019-08-21 19:39:41,840 [grpc-default-executor-0] INFO  server.GrpcServerProtocolService (GrpcServerProtocolService.java:onCompleted(104)) - 1622df86-29a4-40da-b1f7-6b6973ca9708: appendEntries completed
2019-08-21 19:39:41,842 [grpc-default-executor-2] INFO  impl.StateMachineUpdater (StateMachineUpdater.java:stopAndJoin(115)) - StateMachineUpdater:31435e08-68de-4ee1-9e5d-4ac2aee7e108:group-79A991B3F7C2: set stopIndex = -1
2019-08-21 19:39:41,844 [grpc-default-executor-2] INFO  impl.RaftServerImpl (ServerState.java:close(394)) - 31435e08-68de-4ee1-9e5d-4ac2aee7e108:group-79A991B3F7C2 closes. The last applied log index is -1
2019-08-21 19:39:41,854 [grpc-default-executor-1] INFO  server.GrpcLogAppender (GrpcLogAppender.java:onCompleted(292)) - 31435e08-68de-4ee1-9e5d-4ac2aee7e108->30fd6c46-98fc-41af-89a2-a688dd991524: follower responses appendEntries COMPLETED
2019-08-21 19:39:41,857 [grpc-default-executor-0] INFO  server.GrpcLogAppender (GrpcLogAppender.java:onCompleted(292)) - 31435e08-68de-4ee1-9e5d-4ac2aee7e108->1622df86-29a4-40da-b1f7-6b6973ca9708: follower responses appendEntries COMPLETED
2019-08-21 19:39:41,861 [grpc-default-executor-1] INFO  impl.FollowerInfo (FollowerInfo.java:lambda$new$0(50)) - 31435e08-68de-4ee1-9e5d-4ac2aee7e108->30fd6c46-98fc-41af-89a2-a688dd991524: nextIndex: updateUnconditionally 1 -> 0
2019-08-21 19:39:41,861 [grpc-default-executor-0] INFO  impl.FollowerInfo (FollowerInfo.java:lambda$new$0(50)) - 31435e08-68de-4ee1-9e5d-4ac2aee7e108->1622df86-29a4-40da-b1f7-6b6973ca9708: nextIndex: updateUnconditionally 1 -> 0
2019-08-21 19:39:41,898 | INFO  | SCMAudit | user=jenkins1000 | ip=192.168.157.235 | op=SEND_HEARTBEAT {datanodeUUID=31435e08-68de-4ee1-9e5d-4ac2aee7e108, command=[]} | ret=SUCCESS |  
2019-08-21 19:39:42,190 | INFO  | SCMAudit | user=jenkins1000 | ip=192.168.157.235 | op=SEND_HEARTBEAT {datanodeUUID=30fd6c46-98fc-41af-89a2-a688dd991524, command=[]} | ret=SUCCESS |  
2019-08-21 19:39:42,774 | INFO  | SCMAudit | user=jenkins1000 | ip=192.168.157.235 | op=SEND_HEARTBEAT {datanodeUUID=1622df86-29a4-40da-b1f7-6b6973ca9708, command=[]} | ret=SUCCESS |  
2019-08-21 19:39:42,805 [main] INFO  ozone.MiniOzoneClusterImpl (MiniOzoneClusterImpl.java:shutdown(321)) - Shutting down the Mini Ozone Cluster
2019-08-21 19:39:42,806 | INFO  | SCMAudit | user=null | ip=null | op=GET_SCM_INFO null | ret=SUCCESS |  
2019-08-21 19:39:42,806 [main] INFO  ozone.MiniOzoneClusterImpl (MiniOzoneClusterImpl.java:stop(336)) - Stopping the Mini Ozone Cluster
2019-08-21 19:39:42,807 [main] INFO  ozone.MiniOzoneClusterImpl (MiniOzoneClusterImpl.java:stop(338)) - Stopping the OzoneManager
2019-08-21 19:39:42,807 [main] INFO  ipc.Server (Server.java:stop(3082)) - Stopping server on 40824
2019-08-21 19:39:42,817 [IPC Server listener on 40824] INFO  ipc.Server (Server.java:run(1185)) - Stopping IPC Server listener on 40824
2019-08-21 19:39:42,818 [main] INFO  ratis.OzoneManagerDoubleBuffer (OzoneManagerDoubleBuffer.java:stop(248)) - Stopping OMDoubleBuffer flush thread
2019-08-21 19:39:42,823 [IPC Server Responder] INFO  ipc.Server (Server.java:run(1319)) - Stopping IPC Server Responder
2019-08-21 19:39:42,830 [OMDoubleBufferFlushThread] INFO  ratis.OzoneManagerDoubleBuffer (OzoneManagerDoubleBuffer.java:flushTransactions(191)) - OMDoubleBuffer flush thread OMDoubleBufferFlushThread is interrupted and will exit. OMDoubleBufferFlushThread
2019-08-21 19:39:42,832 [main] INFO  utils.BackgroundService (BackgroundService.java:shutdown(148)) - Shutting down service KeyDeletingService
2019-08-21 19:39:42,837 [main] INFO  handler.ContextHandler (ContextHandler.java:doStop(910)) - Stopped o.e.j.w.WebAppContext@49601f82{/,null,UNAVAILABLE}{/ozoneManager}
2019-08-21 19:39:42,845 [main] INFO  server.AbstractConnector (AbstractConnector.java:doStop(318)) - Stopped ServerConnector@23e44287{HTTP/1.1,[http/1.1]}{0.0.0.0:0}
2019-08-21 19:39:42,846 [main] INFO  handler.ContextHandler (ContextHandler.java:doStop(910)) - Stopped o.e.j.s.ServletContextHandler@2227a6c1{/static,file:///workdir/hadoop-ozone/integration-test/target/test-classes/webapps/static,UNAVAILABLE}
2019-08-21 19:39:42,846 [main] INFO  handler.ContextHandler (ContextHandler.java:doStop(910)) - Stopped o.e.j.s.ServletContextHandler@2c16fadb{/logs,file:///workdir/hadoop-ozone/integration-test/target/log,UNAVAILABLE}
2019-08-21 19:39:42,853 [main] INFO  ozone.MiniOzoneClusterImpl (MiniOzoneClusterImpl.java:stop(344)) - Shutting the HddsDatanodes
2019-08-21 19:39:42,854 [main] INFO  datanode.ObjectStoreHandler (ObjectStoreHandler.java:close(155)) - Closing ObjectStoreHandler.
2019-08-21 19:39:42,854 [ForkJoinPool.commonPool-worker-0] INFO  datanode.ObjectStoreHandler (ObjectStoreHandler.java:close(155)) - Closing ObjectStoreHandler.
2019-08-21 19:39:42,871 [main] INFO  ozone.HddsDatanodeService (HddsDatanodeService.java:stop(451)) - Stopped plug-in org.apache.hadoop.ozone.web.OzoneHddsDatanodeService@3a296107
2019-08-21 19:39:42,871 [ForkJoinPool.commonPool-worker-0] INFO  ozone.HddsDatanodeService (HddsDatanodeService.java:stop(451)) - Stopped plug-in org.apache.hadoop.ozone.web.OzoneHddsDatanodeService@6e8fdd19
2019-08-21 19:39:42,895 [Datanode State Machine Thread - 0] INFO  statemachine.DatanodeStateMachine (DatanodeStateMachine.java:lambda$startDaemon$0(350)) - Ozone container server started.
2019-08-21 19:39:43,187 [Datanode State Machine Thread - 0] INFO  statemachine.DatanodeStateMachine (DatanodeStateMachine.java:lambda$startDaemon$0(350)) - Ozone container server started.
2019-08-21 19:39:43,370 [1622df86-29a4-40da-b1f7-6b6973ca9708-SegmentedRaftLogWorker:Storage Directory /workdir/hadoop-ozone/integration-test/target/test-dir/MiniOzoneClusterImpl-5ae37d7a-dbea-4b49-8dc8-7d89e2ab45c4/datanode-2/data/ratis/94af2a7a-c711-4fda-870a-9b531b847cc3] INFO  segmented.SegmentedRaftLogWorker (SegmentedRaftLogWorker.java:execute(569)) - 1622df86-29a4-40da-b1f7-6b6973ca9708-SegmentedRaftLogWorker:Storage Directory /workdir/hadoop-ozone/integration-test/target/test-dir/MiniOzoneClusterImpl-5ae37d7a-dbea-4b49-8dc8-7d89e2ab45c4/datanode-2/data/ratis/94af2a7a-c711-4fda-870a-9b531b847cc3: created new log segment /workdir/hadoop-ozone/integration-test/target/test-dir/MiniOzoneClusterImpl-5ae37d7a-dbea-4b49-8dc8-7d89e2ab45c4/datanode-2/data/ratis/94af2a7a-c711-4fda-870a-9b531b847cc3/current/log_inprogress_0
2019-08-21 19:39:43,370 [31435e08-68de-4ee1-9e5d-4ac2aee7e108-SegmentedRaftLogWorker:Storage Directory /workdir/hadoop-ozone/integration-test/target/test-dir/MiniOzoneClusterImpl-5ae37d7a-dbea-4b49-8dc8-7d89e2ab45c4/datanode-0/data/ratis/d7d3b4aa-ea45-4ce3-91ec-82a84573f822] INFO  segmented.SegmentedRaftLogWorker (SegmentedRaftLogWorker.java:execute(569)) - 31435e08-68de-4ee1-9e5d-4ac2aee7e108-SegmentedRaftLogWorker:Storage Directory /workdir/hadoop-ozone/integration-test/target/test-dir/MiniOzoneClusterImpl-5ae37d7a-dbea-4b49-8dc8-7d89e2ab45c4/datanode-0/data/ratis/d7d3b4aa-ea45-4ce3-91ec-82a84573f822: created new log segment /workdir/hadoop-ozone/integration-test/target/test-dir/MiniOzoneClusterImpl-5ae37d7a-dbea-4b49-8dc8-7d89e2ab45c4/datanode-0/data/ratis/d7d3b4aa-ea45-4ce3-91ec-82a84573f822/current/log_inprogress_0
2019-08-21 19:39:43,370 [30fd6c46-98fc-41af-89a2-a688dd991524-SegmentedRaftLogWorker:Storage Directory /workdir/hadoop-ozone/integration-test/target/test-dir/MiniOzoneClusterImpl-5ae37d7a-dbea-4b49-8dc8-7d89e2ab45c4/datanode-1/data/ratis/a04c4a8a-7f58-4964-8200-b2c2e88acf66] INFO  segmented.SegmentedRaftLogWorker (SegmentedRaftLogWorker.java:execute(569)) - 30fd6c46-98fc-41af-89a2-a688dd991524-SegmentedRaftLogWorker:Storage Directory /workdir/hadoop-ozone/integration-test/target/test-dir/MiniOzoneClusterImpl-5ae37d7a-dbea-4b49-8dc8-7d89e2ab45c4/datanode-1/data/ratis/a04c4a8a-7f58-4964-8200-b2c2e88acf66: created new log segment /workdir/hadoop-ozone/integration-test/target/test-dir/MiniOzoneClusterImpl-5ae37d7a-dbea-4b49-8dc8-7d89e2ab45c4/datanode-1/data/ratis/a04c4a8a-7f58-4964-8200-b2c2e88acf66/current/log_inprogress_0
2019-08-21 19:39:43,372 [30fd6c46-98fc-41af-89a2-a688dd991524-SegmentedRaftLogWorker:Storage Directory /workdir/hadoop-ozone/integration-test/target/test-dir/MiniOzoneClusterImpl-5ae37d7a-dbea-4b49-8dc8-7d89e2ab45c4/datanode-1/data/ratis/c4f2981b-a0c7-499b-a782-79a991b3f7c2] INFO  segmented.SegmentedRaftLogWorker (SegmentedRaftLogWorker.java:execute(569)) - 30fd6c46-98fc-41af-89a2-a688dd991524-SegmentedRaftLogWorker:Storage Directory /workdir/hadoop-ozone/integration-test/target/test-dir/MiniOzoneClusterImpl-5ae37d7a-dbea-4b49-8dc8-7d89e2ab45c4/datanode-1/data/ratis/c4f2981b-a0c7-499b-a782-79a991b3f7c2: created new log segment /workdir/hadoop-ozone/integration-test/target/test-dir/MiniOzoneClusterImpl-5ae37d7a-dbea-4b49-8dc8-7d89e2ab45c4/datanode-1/data/ratis/c4f2981b-a0c7-499b-a782-79a991b3f7c2/current/log_inprogress_0
2019-08-21 19:39:43,373 [1622df86-29a4-40da-b1f7-6b6973ca9708-SegmentedRaftLogWorker:Storage Directory /workdir/hadoop-ozone/integration-test/target/test-dir/MiniOzoneClusterImpl-5ae37d7a-dbea-4b49-8dc8-7d89e2ab45c4/datanode-2/data/ratis/c4f2981b-a0c7-499b-a782-79a991b3f7c2] INFO  segmented.SegmentedRaftLogWorker (SegmentedRaftLogWorker.java:execute(569)) - 1622df86-29a4-40da-b1f7-6b6973ca9708-SegmentedRaftLogWorker:Storage Directory /workdir/hadoop-ozone/integration-test/target/test-dir/MiniOzoneClusterImpl-5ae37d7a-dbea-4b49-8dc8-7d89e2ab45c4/datanode-2/data/ratis/c4f2981b-a0c7-499b-a782-79a991b3f7c2: created new log segment /workdir/hadoop-ozone/integration-test/target/test-dir/MiniOzoneClusterImpl-5ae37d7a-dbea-4b49-8dc8-7d89e2ab45c4/datanode-2/data/ratis/c4f2981b-a0c7-499b-a782-79a991b3f7c2/current/log_inprogress_0
2019-08-21 19:39:43,376 [31435e08-68de-4ee1-9e5d-4ac2aee7e108-SegmentedRaftLogWorker:Storage Directory /workdir/hadoop-ozone/integration-test/target/test-dir/MiniOzoneClusterImpl-5ae37d7a-dbea-4b49-8dc8-7d89e2ab45c4/datanode-0/data/ratis/c4f2981b-a0c7-499b-a782-79a991b3f7c2] WARN  segmented.SegmentedRaftLogOutputStream (SegmentedRaftLogOutputStream.java:<init>(77)) - Hit IOException while creating log segment /workdir/hadoop-ozone/integration-test/target/test-dir/MiniOzoneClusterImpl-5ae37d7a-dbea-4b49-8dc8-7d89e2ab45c4/datanode-0/data/ratis/c4f2981b-a0c7-499b-a782-79a991b3f7c2/current/log_inprogress_0, delete the partial file.
2019-08-21 19:39:43,385 [grpc-default-executor-2] INFO  segmented.SegmentedRaftLogWorker (SegmentedRaftLogWorker.java:close(228)) - 31435e08-68de-4ee1-9e5d-4ac2aee7e108-SegmentedRaftLogWorker:Storage Directory /workdir/hadoop-ozone/integration-test/target/test-dir/MiniOzoneClusterImpl-5ae37d7a-dbea-4b49-8dc8-7d89e2ab45c4/datanode-0/data/ratis/c4f2981b-a0c7-499b-a782-79a991b3f7c2 close()
2019-08-21 19:39:43,419 [grpc-default-executor-2] INFO  impl.RaftServerProxy (RaftServerProxy.java:remove(95)) - 1622df86-29a4-40da-b1f7-6b6973ca9708: remove FOLLOWER group-79A991B3F7C2 1622df86-29a4-40da-b1f7-6b6973ca9708:t1, leader=31435e08-68de-4ee1-9e5d-4ac2aee7e108, voted=31435e08-68de-4ee1-9e5d-4ac2aee7e108, raftlog=1622df86-29a4-40da-b1f7-6b6973ca9708-SegmentedRaftLog:OPENED:c-1,f0,i0, conf=0: [31435e08-68de-4ee1-9e5d-4ac2aee7e108:192.168.157.235:46275, 30fd6c46-98fc-41af-89a2-a688dd991524:192.168.157.235:42159, 1622df86-29a4-40da-b1f7-6b6973ca9708:192.168.157.235:37740], old=null RUNNING
2019-08-21 19:39:43,419 [grpc-default-executor-2] INFO  impl.RaftServerImpl (RaftServerImpl.java:lambda$shutdown$3(245)) - 1622df86-29a4-40da-b1f7-6b6973ca9708: shutdown group-79A991B3F7C2
2019-08-21 19:39:43,420 [grpc-default-executor-2] INFO  util.JmxRegister (JmxRegister.java:unregister(73)) - Successfully un-registered JMX Bean with object name Ratis:service=RaftServer,group=group-79A991B3F7C2,id=1622df86-29a4-40da-b1f7-6b6973ca9708
2019-08-21 19:39:43,420 [grpc-default-executor-2] INFO  impl.RoleInfo (RoleInfo.java:shutdownFollowerState(121)) - 1622df86-29a4-40da-b1f7-6b6973ca9708: shutdown FollowerState
2019-08-21 19:39:43,420 [grpc-default-executor-2] INFO  impl.StateMachineUpdater (StateMachineUpdater.java:stopAndJoin(115)) - StateMachineUpdater:1622df86-29a4-40da-b1f7-6b6973ca9708:group-79A991B3F7C2: set stopIndex = -1
2019-08-21 19:39:43,420 [Thread-208] INFO  impl.FollowerState (FollowerState.java:run(114)) - 1622df86-29a4-40da-b1f7-6b6973ca9708: FollowerState was interrupted: java.lang.InterruptedException: sleep interrupted
2019-08-21 19:39:43,421 [grpc-default-executor-2] INFO  impl.RaftServerImpl (ServerState.java:close(394)) - 1622df86-29a4-40da-b1f7-6b6973ca9708:group-79A991B3F7C2 closes. The last applied log index is -1
2019-08-21 19:39:43,423 [1622df86-29a4-40da-b1f7-6b6973ca9708-SegmentedRaftLogWorker:Storage Directory /workdir/hadoop-ozone/integration-test/target/test-dir/MiniOzoneClusterImpl-5ae37d7a-dbea-4b49-8dc8-7d89e2ab45c4/datanode-2/data/ratis/c4f2981b-a0c7-499b-a782-79a991b3f7c2] INFO  segmented.SegmentedRaftLogWorker (SegmentedRaftLogWorker.java:run(313)) - 1622df86-29a4-40da-b1f7-6b6973ca9708-SegmentedRaftLogWorker:Storage Directory /workdir/hadoop-ozone/integration-test/target/test-dir/MiniOzoneClusterImpl-5ae37d7a-dbea-4b49-8dc8-7d89e2ab45c4/datanode-2/data/ratis/c4f2981b-a0c7-499b-a782-79a991b3f7c2 was interrupted, exiting. There are 0 tasks remaining in the queue.
2019-08-21 19:39:43,425 [grpc-default-executor-2] INFO  segmented.SegmentedRaftLogWorker (SegmentedRaftLogWorker.java:close(228)) - 1622df86-29a4-40da-b1f7-6b6973ca9708-SegmentedRaftLogWorker:Storage Directory /workdir/hadoop-ozone/integration-test/target/test-dir/MiniOzoneClusterImpl-5ae37d7a-dbea-4b49-8dc8-7d89e2ab45c4/datanode-2/data/ratis/c4f2981b-a0c7-499b-a782-79a991b3f7c2 close()
2019-08-21 19:39:43,448 [grpc-default-executor-2] INFO  impl.RaftServerProxy (RaftServerProxy.java:remove(95)) - 30fd6c46-98fc-41af-89a2-a688dd991524: remove FOLLOWER group-79A991B3F7C2 30fd6c46-98fc-41af-89a2-a688dd991524:t1, leader=31435e08-68de-4ee1-9e5d-4ac2aee7e108, voted=31435e08-68de-4ee1-9e5d-4ac2aee7e108, raftlog=30fd6c46-98fc-41af-89a2-a688dd991524-SegmentedRaftLog:OPENED:c-1,f0,i0, conf=0: [31435e08-68de-4ee1-9e5d-4ac2aee7e108:192.168.157.235:46275, 30fd6c46-98fc-41af-89a2-a688dd991524:192.168.157.235:42159, 1622df86-29a4-40da-b1f7-6b6973ca9708:192.168.157.235:37740], old=null RUNNING
2019-08-21 19:39:43,448 [grpc-default-executor-2] INFO  impl.RaftServerImpl (RaftServerImpl.java:lambda$shutdown$3(245)) - 30fd6c46-98fc-41af-89a2-a688dd991524: shutdown group-79A991B3F7C2
2019-08-21 19:39:43,448 [grpc-default-executor-2] INFO  util.JmxRegister (JmxRegister.java:unregister(73)) - Successfully un-registered JMX Bean with object name Ratis:service=RaftServer,group=group-79A991B3F7C2,id=30fd6c46-98fc-41af-89a2-a688dd991524
2019-08-21 19:39:43,448 [grpc-default-executor-2] INFO  impl.RoleInfo (RoleInfo.java:shutdownFollowerState(121)) - 30fd6c46-98fc-41af-89a2-a688dd991524: shutdown FollowerState
2019-08-21 19:39:43,449 [grpc-default-executor-2] INFO  impl.StateMachineUpdater (StateMachineUpdater.java:stopAndJoin(115)) - StateMachineUpdater:30fd6c46-98fc-41af-89a2-a688dd991524:group-79A991B3F7C2: set stopIndex = -1
2019-08-21 19:39:43,449 [Thread-209] INFO  impl.FollowerState (FollowerState.java:run(114)) - 30fd6c46-98fc-41af-89a2-a688dd991524: FollowerState was interrupted: java.lang.InterruptedException: sleep interrupted
2019-08-21 19:39:43,451 [grpc-default-executor-2] INFO  impl.RaftServerImpl (ServerState.java:close(394)) - 30fd6c46-98fc-41af-89a2-a688dd991524:group-79A991B3F7C2 closes. The last applied log index is -1
2019-08-21 19:39:43,452 [30fd6c46-98fc-41af-89a2-a688dd991524-SegmentedRaftLogWorker:Storage Directory /workdir/hadoop-ozone/integration-test/target/test-dir/MiniOzoneClusterImpl-5ae37d7a-dbea-4b49-8dc8-7d89e2ab45c4/datanode-1/data/ratis/c4f2981b-a0c7-499b-a782-79a991b3f7c2] INFO  segmented.SegmentedRaftLogWorker (SegmentedRaftLogWorker.java:run(313)) - 30fd6c46-98fc-41af-89a2-a688dd991524-SegmentedRaftLogWorker:Storage Directory /workdir/hadoop-ozone/integration-test/target/test-dir/MiniOzoneClusterImpl-5ae37d7a-dbea-4b49-8dc8-7d89e2ab45c4/datanode-1/data/ratis/c4f2981b-a0c7-499b-a782-79a991b3f7c2 was interrupted, exiting. There are 0 tasks remaining in the queue.
2019-08-21 19:39:43,455 [grpc-default-executor-2] INFO  segmented.SegmentedRaftLogWorker (SegmentedRaftLogWorker.java:close(228)) - 30fd6c46-98fc-41af-89a2-a688dd991524-SegmentedRaftLogWorker:Storage Directory /workdir/hadoop-ozone/integration-test/target/test-dir/MiniOzoneClusterImpl-5ae37d7a-dbea-4b49-8dc8-7d89e2ab45c4/datanode-1/data/ratis/c4f2981b-a0c7-499b-a782-79a991b3f7c2 close()
2019-08-21 19:39:43,466 [RatisPipelineUtilsThread] INFO  pipeline.PipelineStateManager (PipelineStateManager.java:removePipeline(108)) - Pipeline Pipeline[ Id: c4f2981b-a0c7-499b-a782-79a991b3f7c2, Nodes: 31435e08-68de-4ee1-9e5d-4ac2aee7e108{ip: 192.168.157.235, host: pr-hdds-1347-9fd45-2937924148, networkLocation: /default-rack, certSerialId: null}1622df86-29a4-40da-b1f7-6b6973ca9708{ip: 192.168.157.235, host: pr-hdds-1347-9fd45-2937924148, networkLocation: /default-rack, certSerialId: null}30fd6c46-98fc-41af-89a2-a688dd991524{ip: 192.168.157.235, host: pr-hdds-1347-9fd45-2937924148, networkLocation: /default-rack, certSerialId: null}, Type:RATIS, Factor:THREE, State:CLOSED] removed from db
2019-08-21 19:39:43,488 [grpc-default-executor-1] INFO  impl.RaftServerProxy (RaftServerProxy.java:addNew(89)) - 1622df86-29a4-40da-b1f7-6b6973ca9708: addNew group-AEAF78D22445:[31435e08-68de-4ee1-9e5d-4ac2aee7e108:192.168.157.235:46275, 30fd6c46-98fc-41af-89a2-a688dd991524:192.168.157.235:42159, 1622df86-29a4-40da-b1f7-6b6973ca9708:192.168.157.235:37740] returns group-AEAF78D22445:java.util.concurrent.CompletableFuture@77179b95[Not completed]
2019-08-21 19:39:43,490 [grpc-default-executor-0] INFO  impl.RaftServerProxy (RaftServerProxy.java:addNew(89)) - 31435e08-68de-4ee1-9e5d-4ac2aee7e108: addNew group-AEAF78D22445:[31435e08-68de-4ee1-9e5d-4ac2aee7e108:192.168.157.235:46275, 30fd6c46-98fc-41af-89a2-a688dd991524:192.168.157.235:42159, 1622df86-29a4-40da-b1f7-6b6973ca9708:192.168.157.235:37740] returns group-AEAF78D22445:java.util.concurrent.CompletableFuture@4dc23570[Not completed]
2019-08-21 19:39:43,491 [grpc-default-executor-1] INFO  impl.RaftServerProxy (RaftServerProxy.java:addNew(89)) - 30fd6c46-98fc-41af-89a2-a688dd991524: addNew group-AEAF78D22445:[31435e08-68de-4ee1-9e5d-4ac2aee7e108:192.168.157.235:46275, 30fd6c46-98fc-41af-89a2-a688dd991524:192.168.157.235:42159, 1622df86-29a4-40da-b1f7-6b6973ca9708:192.168.157.235:37740] returns group-AEAF78D22445:java.util.concurrent.CompletableFuture@22de09a2[Not completed]
2019-08-21 19:39:43,494 [pool-49-thread-1] INFO  impl.RaftServerImpl (RaftServerImpl.java:<init>(93)) - 1622df86-29a4-40da-b1f7-6b6973ca9708: new RaftServerImpl for group-AEAF78D22445:[31435e08-68de-4ee1-9e5d-4ac2aee7e108:192.168.157.235:46275, 30fd6c46-98fc-41af-89a2-a688dd991524:192.168.157.235:42159, 1622df86-29a4-40da-b1f7-6b6973ca9708:192.168.157.235:37740] with ContainerStateMachine:uninitialized
2019-08-21 19:39:43,494 [pool-49-thread-1] INFO  server.RaftServerConfigKeys (ConfUtils.java:logGet(43)) - raft.server.rpc.timeout.min = 5s (custom)
2019-08-21 19:39:43,494 [pool-49-thread-1] INFO  server.RaftServerConfigKeys (ConfUtils.java:logGet(43)) - raft.server.rpc.timeout.max = 5200ms (custom)
2019-08-21 19:39:43,494 [pool-49-thread-1] INFO  server.RaftServerConfigKeys (ConfUtils.java:logGet(43)) - raft.server.rpcslowness.timeout = 120s (custom)
2019-08-21 19:39:43,494 [pool-49-thread-1] INFO  server.RaftServerConfigKeys (ConfUtils.java:logGet(43)) - raft.server.sleep.deviation.threshold = 300 (default)
2019-08-21 19:39:43,495 [pool-49-thread-1] INFO  server.RaftServerConfigKeys (ConfUtils.java:logGet(43)) - raft.server.log.appender.install.snapshot.enabled = false (custom)
2019-08-21 19:39:43,495 [pool-49-thread-1] INFO  impl.RaftServerImpl (ServerState.java:<init>(105)) - 1622df86-29a4-40da-b1f7-6b6973ca9708:group-AEAF78D22445 ConfigurationManager, init=-1: [31435e08-68de-4ee1-9e5d-4ac2aee7e108:192.168.157.235:46275, 30fd6c46-98fc-41af-89a2-a688dd991524:192.168.157.235:42159, 1622df86-29a4-40da-b1f7-6b6973ca9708:192.168.157.235:37740], old=null, confs=<EMPTY_MAP>
2019-08-21 19:39:43,495 [pool-38-thread-1] INFO  impl.RaftServerImpl (RaftServerImpl.java:<init>(93)) - 30fd6c46-98fc-41af-89a2-a688dd991524: new RaftServerImpl for group-AEAF78D22445:[31435e08-68de-4ee1-9e5d-4ac2aee7e108:192.168.157.235:46275, 30fd6c46-98fc-41af-89a2-a688dd991524:192.168.157.235:42159, 1622df86-29a4-40da-b1f7-6b6973ca9708:192.168.157.235:37740] with ContainerStateMachine:uninitialized
2019-08-21 19:39:43,495 [pool-49-thread-1] INFO  server.RaftServerConfigKeys (ConfUtils.java:logGet(43)) - raft.server.storage.dir = [/workdir/hadoop-ozone/integration-test/target/test-dir/MiniOzoneClusterImpl-5ae37d7a-dbea-4b49-8dc8-7d89e2ab45c4/datanode-2/data/ratis] (custom)
2019-08-21 19:39:43,495 [pool-38-thread-1] INFO  server.RaftServerConfigKeys (ConfUtils.java:logGet(43)) - raft.server.rpc.timeout.min = 5s (custom)
2019-08-21 19:39:43,496 [pool-38-thread-1] INFO  server.RaftServerConfigKeys (ConfUtils.java:logGet(43)) - raft.server.rpc.timeout.max = 5200ms (custom)
2019-08-21 19:39:43,496 [pool-38-thread-1] INFO  server.RaftServerConfigKeys (ConfUtils.java:logGet(43)) - raft.server.rpcslowness.timeout = 120s (custom)
2019-08-21 19:39:43,496 [pool-49-thread-1] INFO  storage.RaftStorageDirectory (RaftStorageDirectory.java:analyzeStorage(246)) - The storage directory /workdir/hadoop-ozone/integration-test/target/test-dir/MiniOzoneClusterImpl-5ae37d7a-dbea-4b49-8dc8-7d89e2ab45c4/datanode-2/data/ratis/b75dc62c-bf8c-4efb-8631-aeaf78d22445 does not exist. Creating ...
2019-08-21 19:39:43,496 [pool-38-thread-1] INFO  server.RaftServerConfigKeys (ConfUtils.java:logGet(43)) - raft.server.sleep.deviation.threshold = 300 (default)
2019-08-21 19:39:43,496 [pool-38-thread-1] INFO  server.RaftServerConfigKeys (ConfUtils.java:logGet(43)) - raft.server.log.appender.install.snapshot.enabled = false (custom)
2019-08-21 19:39:43,497 [pool-38-thread-1] INFO  impl.RaftServerImpl (ServerState.java:<init>(105)) - 30fd6c46-98fc-41af-89a2-a688dd991524:group-AEAF78D22445 ConfigurationManager, init=-1: [31435e08-68de-4ee1-9e5d-4ac2aee7e108:192.168.157.235:46275, 30fd6c46-98fc-41af-89a2-a688dd991524:192.168.157.235:42159, 1622df86-29a4-40da-b1f7-6b6973ca9708:192.168.157.235:37740], old=null, confs=<EMPTY_MAP>
2019-08-21 19:39:43,497 [pool-27-thread-1] INFO  impl.RaftServerImpl (RaftServerImpl.java:<init>(93)) - 31435e08-68de-4ee1-9e5d-4ac2aee7e108: new RaftServerImpl for group-AEAF78D22445:[31435e08-68de-4ee1-9e5d-4ac2aee7e108:192.168.157.235:46275, 30fd6c46-98fc-41af-89a2-a688dd991524:192.168.157.235:42159, 1622df86-29a4-40da-b1f7-6b6973ca9708:192.168.157.235:37740] with ContainerStateMachine:uninitialized
2019-08-21 19:39:43,497 [pool-38-thread-1] INFO  server.RaftServerConfigKeys (ConfUtils.java:logGet(43)) - raft.server.storage.dir = [/workdir/hadoop-ozone/integration-test/target/test-dir/MiniOzoneClusterImpl-5ae37d7a-dbea-4b49-8dc8-7d89e2ab45c4/datanode-1/data/ratis] (custom)
2019-08-21 19:39:43,497 [pool-27-thread-1] INFO  server.RaftServerConfigKeys (ConfUtils.java:logGet(43)) - raft.server.rpc.timeout.min = 5s (custom)
2019-08-21 19:39:43,497 [pool-27-thread-1] INFO  server.RaftServerConfigKeys (ConfUtils.java:logGet(43)) - raft.server.rpc.timeout.max = 5200ms (custom)
2019-08-21 19:39:43,497 [pool-38-thread-1] INFO  storage.RaftStorageDirectory (RaftStorageDirectory.java:analyzeStorage(246)) - The storage directory /workdir/hadoop-ozone/integration-test/target/test-dir/MiniOzoneClusterImpl-5ae37d7a-dbea-4b49-8dc8-7d89e2ab45c4/datanode-1/data/ratis/b75dc62c-bf8c-4efb-8631-aeaf78d22445 does not exist. Creating ...
2019-08-21 19:39:43,497 [pool-27-thread-1] INFO  server.RaftServerConfigKeys (ConfUtils.java:logGet(43)) - raft.server.rpcslowness.timeout = 120s (custom)
2019-08-21 19:39:43,498 [pool-27-thread-1] INFO  server.RaftServerConfigKeys (ConfUtils.java:logGet(43)) - raft.server.sleep.deviation.threshold = 300 (default)
2019-08-21 19:39:43,498 [pool-27-thread-1] INFO  server.RaftServerConfigKeys (ConfUtils.java:logGet(43)) - raft.server.log.appender.install.snapshot.enabled = false (custom)
2019-08-21 19:39:43,498 [pool-27-thread-1] INFO  impl.RaftServerImpl (ServerState.java:<init>(105)) - 31435e08-68de-4ee1-9e5d-4ac2aee7e108:group-AEAF78D22445 ConfigurationManager, init=-1: [31435e08-68de-4ee1-9e5d-4ac2aee7e108:192.168.157.235:46275, 30fd6c46-98fc-41af-89a2-a688dd991524:192.168.157.235:42159, 1622df86-29a4-40da-b1f7-6b6973ca9708:192.168.157.235:37740], old=null, confs=<EMPTY_MAP>
2019-08-21 19:39:43,498 [pool-27-thread-1] INFO  server.RaftServerConfigKeys (ConfUtils.java:logGet(43)) - raft.server.storage.dir = [/workdir/hadoop-ozone/integration-test/target/test-dir/MiniOzoneClusterImpl-5ae37d7a-dbea-4b49-8dc8-7d89e2ab45c4/datanode-0/data/ratis] (custom)
2019-08-21 19:39:43,499 [pool-27-thread-1] INFO  storage.RaftStorageDirectory (RaftStorageDirectory.java:analyzeStorage(246)) - The storage directory /workdir/hadoop-ozone/integration-test/target/test-dir/MiniOzoneClusterImpl-5ae37d7a-dbea-4b49-8dc8-7d89e2ab45c4/datanode-0/data/ratis/b75dc62c-bf8c-4efb-8631-aeaf78d22445 does not exist. Creating ...
2019-08-21 19:39:43,774 | INFO  | SCMAudit | user=jenkins1000 | ip=192.168.157.235 | op=SEND_HEARTBEAT {datanodeUUID=1622df86-29a4-40da-b1f7-6b6973ca9708, command=[]} | ret=SUCCESS |  
2019-08-21 19:39:44,342 [pool-49-thread-1] INFO  storage.RaftStorageDirectory (RaftStorageDirectory.java:tryLock(328)) - Lock on /workdir/hadoop-ozone/integration-test/target/test-dir/MiniOzoneClusterImpl-5ae37d7a-dbea-4b49-8dc8-7d89e2ab45c4/datanode-2/data/ratis/b75dc62c-bf8c-4efb-8631-aeaf78d22445/in_use.lock acquired by nodename 8648@pr-hdds-1347-9fd45-2937924148
2019-08-21 19:39:44,342 [pool-38-thread-1] INFO  storage.RaftStorageDirectory (RaftStorageDirectory.java:tryLock(328)) - Lock on /workdir/hadoop-ozone/integration-test/target/test-dir/MiniOzoneClusterImpl-5ae37d7a-dbea-4b49-8dc8-7d89e2ab45c4/datanode-1/data/ratis/b75dc62c-bf8c-4efb-8631-aeaf78d22445/in_use.lock acquired by nodename 8648@pr-hdds-1347-9fd45-2937924148
2019-08-21 19:39:44,342 [pool-27-thread-1] INFO  storage.RaftStorageDirectory (RaftStorageDirectory.java:tryLock(328)) - Lock on /workdir/hadoop-ozone/integration-test/target/test-dir/MiniOzoneClusterImpl-5ae37d7a-dbea-4b49-8dc8-7d89e2ab45c4/datanode-0/data/ratis/b75dc62c-bf8c-4efb-8631-aeaf78d22445/in_use.lock acquired by nodename 8648@pr-hdds-1347-9fd45-2937924148
2019-08-21 19:39:44,375 [pool-27-thread-1] INFO  storage.RaftStorage (RaftStorage.java:format(72)) - Storage directory /workdir/hadoop-ozone/integration-test/target/test-dir/MiniOzoneClusterImpl-5ae37d7a-dbea-4b49-8dc8-7d89e2ab45c4/datanode-0/data/ratis/b75dc62c-bf8c-4efb-8631-aeaf78d22445 has been successfully formatted.
2019-08-21 19:39:44,375 [pool-49-thread-1] INFO  storage.RaftStorage (RaftStorage.java:format(72)) - Storage directory /workdir/hadoop-ozone/integration-test/target/test-dir/MiniOzoneClusterImpl-5ae37d7a-dbea-4b49-8dc8-7d89e2ab45c4/datanode-2/data/ratis/b75dc62c-bf8c-4efb-8631-aeaf78d22445 has been successfully formatted.
2019-08-21 19:39:44,375 [pool-38-thread-1] INFO  storage.RaftStorage (RaftStorage.java:format(72)) - Storage directory /workdir/hadoop-ozone/integration-test/target/test-dir/MiniOzoneClusterImpl-5ae37d7a-dbea-4b49-8dc8-7d89e2ab45c4/datanode-1/data/ratis/b75dc62c-bf8c-4efb-8631-aeaf78d22445 has been successfully formatted.
2019-08-21 19:39:44,375 [pool-49-thread-1] INFO  ratis.ContainerStateMachine (ContainerStateMachine.java:loadSnapshot(226)) - group-AEAF78D22445: The snapshot info is null. Setting the last applied indexto:(t:0, i:~)
2019-08-21 19:39:44,375 [pool-27-thread-1] INFO  ratis.ContainerStateMachine (ContainerStateMachine.java:loadSnapshot(226)) - group-AEAF78D22445: The snapshot info is null. Setting the last applied indexto:(t:0, i:~)
2019-08-21 19:39:44,376 [pool-49-thread-1] INFO  server.RaftServerConfigKeys (ConfUtils.java:logGet(43)) - raft.server.leader.election.timeout = 120s (custom)
2019-08-21 19:39:44,376 [pool-38-thread-1] INFO  ratis.ContainerStateMachine (ContainerStateMachine.java:loadSnapshot(226)) - group-AEAF78D22445: The snapshot info is null. Setting the last applied indexto:(t:0, i:~)
2019-08-21 19:39:44,376 [pool-49-thread-1] INFO  server.RaftServerConfigKeys (ConfUtils.java:logGet(43)) - raft.server.log.use.memory = false (default)
2019-08-21 19:39:44,376 [pool-27-thread-1] INFO  server.RaftServerConfigKeys (ConfUtils.java:logGet(43)) - raft.server.leader.election.timeout = 120s (custom)
2019-08-21 19:39:44,376 [pool-49-thread-1] INFO  server.RaftServerConfigKeys (ConfUtils.java:logGet(43)) - raft.server.log.purge.gap = 1000000 (custom)
2019-08-21 19:39:44,376 [pool-38-thread-1] INFO  server.RaftServerConfigKeys (ConfUtils.java:logGet(43)) - raft.server.leader.election.timeout = 120s (custom)
2019-08-21 19:39:44,377 [pool-49-thread-1] INFO  server.RaftServerConfigKeys (ConfUtils.java:logGet(43)) - raft.server.log.appender.buffer.byte-limit = 33554432 (custom)
2019-08-21 19:39:44,377 [pool-27-thread-1] INFO  server.RaftServerConfigKeys (ConfUtils.java:logGet(43)) - raft.server.log.use.memory = false (default)
2019-08-21 19:39:44,377 [pool-49-thread-1] INFO  server.RaftServerConfigKeys (ConfUtils.java:logGet(43)) - raft.server.log.segment.size.max = 1048576 (custom)
2019-08-21 19:39:44,377 [pool-38-thread-1] INFO  server.RaftServerConfigKeys (ConfUtils.java:logGet(43)) - raft.server.log.use.memory = false (default)
2019-08-21 19:39:44,378 [pool-49-thread-1] INFO  server.RaftServerConfigKeys (ConfUtils.java:logGet(43)) - raft.server.log.segment.cache.num.max = 2 (custom)
2019-08-21 19:39:44,378 [pool-27-thread-1] INFO  server.RaftServerConfigKeys (ConfUtils.java:logGet(43)) - raft.server.log.purge.gap = 1000000 (custom)
2019-08-21 19:39:44,378 [pool-49-thread-1] INFO  segmented.SegmentedRaftLogWorker (SegmentedRaftLogWorker.java:<init>(172)) - new 1622df86-29a4-40da-b1f7-6b6973ca9708-SegmentedRaftLogWorker:Storage Directory /workdir/hadoop-ozone/integration-test/target/test-dir/MiniOzoneClusterImpl-5ae37d7a-dbea-4b49-8dc8-7d89e2ab45c4/datanode-2/data/ratis/b75dc62c-bf8c-4efb-8631-aeaf78d22445 for RaftStorage:Storage Directory /workdir/hadoop-ozone/integration-test/target/test-dir/MiniOzoneClusterImpl-5ae37d7a-dbea-4b49-8dc8-7d89e2ab45c4/datanode-2/data/ratis/b75dc62c-bf8c-4efb-8631-aeaf78d22445
2019-08-21 19:39:44,378 [pool-38-thread-1] INFO  server.RaftServerConfigKeys (ConfUtils.java:logGet(43)) - raft.server.log.purge.gap = 1000000 (custom)
2019-08-21 19:39:44,379 [pool-49-thread-1] INFO  server.RaftServerConfigKeys (ConfUtils.java:logGet(43)) - raft.server.log.queue.byte-limit = 2147483647 (custom)
2019-08-21 19:39:44,379 [pool-27-thread-1] INFO  server.RaftServerConfigKeys (ConfUtils.java:logGet(43)) - raft.server.log.appender.buffer.byte-limit = 33554432 (custom)
2019-08-21 19:39:44,384 [pool-49-thread-1] INFO  server.RaftServerConfigKeys (ConfUtils.java:logGet(43)) - raft.server.log.queue.element-limit = 1024 (custom)
2019-08-21 19:39:44,384 [pool-38-thread-1] INFO  server.RaftServerConfigKeys (ConfUtils.java:logGet(43)) - raft.server.log.appender.buffer.byte-limit = 33554432 (custom)
2019-08-21 19:39:44,386 [pool-49-thread-1] INFO  server.RaftServerConfigKeys (ConfUtils.java:logGet(43)) - raft.server.log.segment.size.max = 1048576 (custom)
2019-08-21 19:39:44,386 [pool-27-thread-1] INFO  server.RaftServerConfigKeys (ConfUtils.java:logGet(43)) - raft.server.log.segment.size.max = 1048576 (custom)
2019-08-21 19:39:44,386 [pool-49-thread-1] INFO  server.RaftServerConfigKeys (ConfUtils.java:logGet(43)) - raft.server.log.preallocated.size = 16384 (custom)
2019-08-21 19:39:44,386 [pool-38-thread-1] INFO  server.RaftServerConfigKeys (ConfUtils.java:logGet(43)) - raft.server.log.segment.size.max = 1048576 (custom)
2019-08-21 19:39:44,387 [pool-49-thread-1] INFO  server.RaftServerConfigKeys (ConfUtils.java:logGet(43)) - raft.server.log.write.buffer.size = 33554432 (custom)
2019-08-21 19:39:44,387 [pool-27-thread-1] INFO  server.RaftServerConfigKeys (ConfUtils.java:logGet(43)) - raft.server.log.segment.cache.num.max = 2 (custom)
2019-08-21 19:39:44,387 [pool-49-thread-1] INFO  server.RaftServerConfigKeys (ConfUtils.java:logGet(43)) - raft.server.log.force.sync.num = 128 (default)
2019-08-21 19:39:44,387 [pool-38-thread-1] INFO  server.RaftServerConfigKeys (ConfUtils.java:logGet(43)) - raft.server.log.segment.cache.num.max = 2 (custom)
2019-08-21 19:39:44,388 [pool-49-thread-1] INFO  server.RaftServerConfigKeys (ConfUtils.java:logGet(43)) - raft.server.log.statemachine.data.sync = true (default)
2019-08-21 19:39:44,388 [pool-27-thread-1] INFO  segmented.SegmentedRaftLogWorker (SegmentedRaftLogWorker.java:<init>(172)) - new 31435e08-68de-4ee1-9e5d-4ac2aee7e108-SegmentedRaftLogWorker:Storage Directory /workdir/hadoop-ozone/integration-test/target/test-dir/MiniOzoneClusterImpl-5ae37d7a-dbea-4b49-8dc8-7d89e2ab45c4/datanode-0/data/ratis/b75dc62c-bf8c-4efb-8631-aeaf78d22445 for RaftStorage:Storage Directory /workdir/hadoop-ozone/integration-test/target/test-dir/MiniOzoneClusterImpl-5ae37d7a-dbea-4b49-8dc8-7d89e2ab45c4/datanode-0/data/ratis/b75dc62c-bf8c-4efb-8631-aeaf78d22445
2019-08-21 19:39:44,388 [pool-49-thread-1] INFO  server.RaftServerConfigKeys (ConfUtils.java:logGet(43)) - raft.server.log.statemachine.data.sync.timeout = 10s (default)
2019-08-21 19:39:44,388 [pool-38-thread-1] INFO  segmented.SegmentedRaftLogWorker (SegmentedRaftLogWorker.java:<init>(172)) - new 30fd6c46-98fc-41af-89a2-a688dd991524-SegmentedRaftLogWorker:Storage Directory /workdir/hadoop-ozone/integration-test/target/test-dir/MiniOzoneClusterImpl-5ae37d7a-dbea-4b49-8dc8-7d89e2ab45c4/datanode-1/data/ratis/b75dc62c-bf8c-4efb-8631-aeaf78d22445 for RaftStorage:Storage Directory /workdir/hadoop-ozone/integration-test/target/test-dir/MiniOzoneClusterImpl-5ae37d7a-dbea-4b49-8dc8-7d89e2ab45c4/datanode-1/data/ratis/b75dc62c-bf8c-4efb-8631-aeaf78d22445
2019-08-21 19:39:44,389 [pool-49-thread-1] INFO  server.RaftServerConfigKeys (ConfUtils.java:logGet(43)) - raft.server.log.statemachine.data.sync.timeout.retry = -1 (default)
2019-08-21 19:39:44,389 [pool-27-thread-1] INFO  server.RaftServerConfigKeys (ConfUtils.java:logGet(43)) - raft.server.log.queue.byte-limit = 2147483647 (custom)
2019-08-21 19:39:44,392 [pool-49-thread-1] INFO  server.RaftServerConfigKeys (ConfUtils.java:logGet(43)) - raft.server.log.statemachine.data.caching.enabled = true (custom)
2019-08-21 19:39:44,390 [pool-38-thread-1] INFO  server.RaftServerConfigKeys (ConfUtils.java:logGet(43)) - raft.server.log.queue.byte-limit = 2147483647 (custom)
2019-08-21 19:39:44,392 [pool-27-thread-1] INFO  server.RaftServerConfigKeys (ConfUtils.java:logGet(43)) - raft.server.log.queue.element-limit = 1024 (custom)
2019-08-21 19:39:44,392 [pool-49-thread-1] INFO  segmented.SegmentedRaftLogWorker (SegmentedRaftLogWorker.java:lambda$new$0(132)) - 1622df86-29a4-40da-b1f7-6b6973ca9708-SegmentedRaftLogWorker:Storage Directory /workdir/hadoop-ozone/integration-test/target/test-dir/MiniOzoneClusterImpl-5ae37d7a-dbea-4b49-8dc8-7d89e2ab45c4/datanode-2/data/ratis/b75dc62c-bf8c-4efb-8631-aeaf78d22445: flushIndex: setUnconditionally 0 -> -1
2019-08-21 19:39:44,392 [pool-38-thread-1] INFO  server.RaftServerConfigKeys (ConfUtils.java:logGet(43)) - raft.server.log.queue.element-limit = 1024 (custom)
2019-08-21 19:39:44,393 [pool-27-thread-1] INFO  server.RaftServerConfigKeys (ConfUtils.java:logGet(43)) - raft.server.log.segment.size.max = 1048576 (custom)
2019-08-21 19:39:44,393 [pool-38-thread-1] INFO  server.RaftServerConfigKeys (ConfUtils.java:logGet(43)) - raft.server.log.segment.size.max = 1048576 (custom)
2019-08-21 19:39:44,393 [pool-49-thread-1] INFO  server.RaftServerConfigKeys (ConfUtils.java:logGet(43)) - raft.server.snapshot.auto.trigger.enabled = true (custom)
2019-08-21 19:39:44,393 [pool-38-thread-1] INFO  server.RaftServerConfigKeys (ConfUtils.java:logGet(43)) - raft.server.log.preallocated.size = 16384 (custom)
2019-08-21 19:39:44,393 [pool-27-thread-1] INFO  server.RaftServerConfigKeys (ConfUtils.java:logGet(43)) - raft.server.log.preallocated.size = 16384 (custom)
2019-08-21 19:39:44,394 [pool-38-thread-1] INFO  server.RaftServerConfigKeys (ConfUtils.java:logGet(43)) - raft.server.log.write.buffer.size = 33554432 (custom)
2019-08-21 19:39:44,394 [pool-49-thread-1] INFO  server.RaftServerConfigKeys (ConfUtils.java:logGet(43)) - raft.server.snapshot.auto.trigger.threshold = 10000 (custom)
2019-08-21 19:39:44,394 [pool-38-thread-1] INFO  server.RaftServerConfigKeys (ConfUtils.java:logGet(43)) - raft.server.log.force.sync.num = 128 (default)
2019-08-21 19:39:44,395 [pool-49-thread-1] INFO  server.RaftServerConfigKeys (ConfUtils.java:logGet(43)) - raft.server.retrycache.expirytime = 600000ms (custom)
2019-08-21 19:39:44,394 [pool-27-thread-1] INFO  server.RaftServerConfigKeys (ConfUtils.java:logGet(43)) - raft.server.log.write.buffer.size = 33554432 (custom)
2019-08-21 19:39:44,395 [pool-38-thread-1] INFO  server.RaftServerConfigKeys (ConfUtils.java:logGet(43)) - raft.server.log.statemachine.data.sync = true (default)
2019-08-21 19:39:44,395 [pool-27-thread-1] INFO  server.RaftServerConfigKeys (ConfUtils.java:logGet(43)) - raft.server.log.force.sync.num = 128 (default)
2019-08-21 19:39:44,395 [pool-49-thread-1] INFO  impl.RaftServerImpl (RaftServerImpl.java:start(180)) - 1622df86-29a4-40da-b1f7-6b6973ca9708: start group-AEAF78D22445
2019-08-21 19:39:44,396 [pool-27-thread-1] INFO  server.RaftServerConfigKeys (ConfUtils.java:logGet(43)) - raft.server.log.statemachine.data.sync = true (default)
2019-08-21 19:39:44,396 [pool-38-thread-1] INFO  server.RaftServerConfigKeys (ConfUtils.java:logGet(43)) - raft.server.log.statemachine.data.sync.timeout = 10s (default)
2019-08-21 19:39:44,396 [pool-27-thread-1] INFO  server.RaftServerConfigKeys (ConfUtils.java:logGet(43)) - raft.server.log.statemachine.data.sync.timeout = 10s (default)
2019-08-21 19:39:44,396 [pool-49-thread-1] INFO  impl.RaftServerImpl (RaftServerImpl.java:setRole(171)) - 1622df86-29a4-40da-b1f7-6b6973ca9708:group-AEAF78D22445 changes role from null to FOLLOWER at term 0 for startAsFollower
2019-08-21 19:39:44,396 [pool-27-thread-1] INFO  server.RaftServerConfigKeys (ConfUtils.java:logGet(43)) - raft.server.log.statemachine.data.sync.timeout.retry = -1 (default)
2019-08-21 19:39:44,396 [pool-38-thread-1] INFO  server.RaftServerConfigKeys (ConfUtils.java:logGet(43)) - raft.server.log.statemachine.data.sync.timeout.retry = -1 (default)
2019-08-21 19:39:44,397 [pool-27-thread-1] INFO  server.RaftServerConfigKeys (ConfUtils.java:logGet(43)) - raft.server.log.statemachine.data.caching.enabled = true (custom)
2019-08-21 19:39:44,397 [pool-49-thread-1] INFO  impl.RoleInfo (RoleInfo.java:updateAndGet(143)) - 1622df86-29a4-40da-b1f7-6b6973ca9708: start FollowerState
2019-08-21 19:39:44,397 [pool-38-thread-1] INFO  server.RaftServerConfigKeys (ConfUtils.java:logGet(43)) - raft.server.log.statemachine.data.caching.enabled = true (custom)
2019-08-21 19:39:44,398 [pool-27-thread-1] INFO  segmented.SegmentedRaftLogWorker (SegmentedRaftLogWorker.java:lambda$new$0(132)) - 31435e08-68de-4ee1-9e5d-4ac2aee7e108-SegmentedRaftLogWorker:Storage Directory /workdir/hadoop-ozone/integration-test/target/test-dir/MiniOzoneClusterImpl-5ae37d7a-dbea-4b49-8dc8-7d89e2ab45c4/datanode-0/data/ratis/b75dc62c-bf8c-4efb-8631-aeaf78d22445: flushIndex: setUnconditionally 0 -> -1
2019-08-21 19:39:44,398 [pool-38-thread-1] INFO  segmented.SegmentedRaftLogWorker (SegmentedRaftLogWorker.java:lambda$new$0(132)) - 30fd6c46-98fc-41af-89a2-a688dd991524-SegmentedRaftLogWorker:Storage Directory /workdir/hadoop-ozone/integration-test/target/test-dir/MiniOzoneClusterImpl-5ae37d7a-dbea-4b49-8dc8-7d89e2ab45c4/datanode-1/data/ratis/b75dc62c-bf8c-4efb-8631-aeaf78d22445: flushIndex: setUnconditionally 0 -> -1
2019-08-21 19:39:44,398 [pool-27-thread-1] INFO  server.RaftServerConfigKeys (ConfUtils.java:logGet(43)) - raft.server.snapshot.auto.trigger.enabled = true (custom)
2019-08-21 19:39:44,398 [pool-49-thread-1] INFO  util.JmxRegister (JmxRegister.java:tryRegister(44)) - Successfully registered JMX Bean with object name Ratis:service=RaftServer,group=group-AEAF78D22445,id=1622df86-29a4-40da-b1f7-6b6973ca9708
2019-08-21 19:39:44,399 [pool-38-thread-1] INFO  server.RaftServerConfigKeys (ConfUtils.java:logGet(43)) - raft.server.snapshot.auto.trigger.enabled = true (custom)
2019-08-21 19:39:44,398 [pool-27-thread-1] INFO  server.RaftServerConfigKeys (ConfUtils.java:logGet(43)) - raft.server.snapshot.auto.trigger.threshold = 10000 (custom)
2019-08-21 19:39:44,399 [pool-38-thread-1] INFO  server.RaftServerConfigKeys (ConfUtils.java:logGet(43)) - raft.server.snapshot.auto.trigger.threshold = 10000 (custom)
2019-08-21 19:39:44,399 [pool-27-thread-1] INFO  server.RaftServerConfigKeys (ConfUtils.java:logGet(43)) - raft.server.retrycache.expirytime = 600000ms (custom)
2019-08-21 19:39:44,399 [pool-38-thread-1] INFO  server.RaftServerConfigKeys (ConfUtils.java:logGet(43)) - raft.server.retrycache.expirytime = 600000ms (custom)
2019-08-21 19:39:44,400 [pool-27-thread-1] INFO  impl.RaftServerImpl (RaftServerImpl.java:start(180)) - 31435e08-68de-4ee1-9e5d-4ac2aee7e108: start group-AEAF78D22445
2019-08-21 19:39:44,400 [pool-38-thread-1] INFO  impl.RaftServerImpl (RaftServerImpl.java:start(180)) - 30fd6c46-98fc-41af-89a2-a688dd991524: start group-AEAF78D22445
2019-08-21 19:39:44,400 [pool-27-thread-1] INFO  impl.RaftServerImpl (RaftServerImpl.java:setRole(171)) - 31435e08-68de-4ee1-9e5d-4ac2aee7e108:group-AEAF78D22445 changes role from null to FOLLOWER at term 0 for startAsFollower
2019-08-21 19:39:44,400 [pool-38-thread-1] INFO  impl.RaftServerImpl (RaftServerImpl.java:setRole(171)) - 30fd6c46-98fc-41af-89a2-a688dd991524:group-AEAF78D22445 changes role from null to FOLLOWER at term 0 for startAsFollower
2019-08-21 19:39:44,400 [pool-27-thread-1] INFO  impl.RoleInfo (RoleInfo.java:updateAndGet(143)) - 31435e08-68de-4ee1-9e5d-4ac2aee7e108: start FollowerState
2019-08-21 19:39:44,400 [pool-38-thread-1] INFO  impl.RoleInfo (RoleInfo.java:updateAndGet(143)) - 30fd6c46-98fc-41af-89a2-a688dd991524: start FollowerState
2019-08-21 19:39:44,401 [pool-27-thread-1] INFO  util.JmxRegister (JmxRegister.java:tryRegister(44)) - Successfully registered JMX Bean with object name Ratis:service=RaftServer,group=group-AEAF78D22445,id=31435e08-68de-4ee1-9e5d-4ac2aee7e108
2019-08-21 19:39:44,401 [pool-38-thread-1] INFO  util.JmxRegister (JmxRegister.java:tryRegister(44)) - Successfully registered JMX Bean with object name Ratis:service=RaftServer,group=group-AEAF78D22445,id=30fd6c46-98fc-41af-89a2-a688dd991524
2019-08-21 19:39:44,421 [RatisPipelineUtilsThread] INFO  pipeline.PipelineStateManager (PipelineStateManager.java:addPipeline(56)) - Created pipeline Pipeline[ Id: b75dc62c-bf8c-4efb-8631-aeaf78d22445, Nodes: 31435e08-68de-4ee1-9e5d-4ac2aee7e108{ip: 192.168.157.235, host: pr-hdds-1347-9fd45-2937924148, networkLocation: /default-rack, certSerialId: null}1622df86-29a4-40da-b1f7-6b6973ca9708{ip: 192.168.157.235, host: pr-hdds-1347-9fd45-2937924148, networkLocation: /default-rack, certSerialId: null}30fd6c46-98fc-41af-89a2-a688dd991524{ip: 192.168.157.235, host: pr-hdds-1347-9fd45-2937924148, networkLocation: /default-rack, certSerialId: null}, Type:RATIS, Factor:THREE, State:OPEN]
2019-08-21 19:39:44,774 | INFO  | SCMAudit | user=jenkins1000 | ip=192.168.157.235 | op=SEND_HEARTBEAT {datanodeUUID=1622df86-29a4-40da-b1f7-6b6973ca9708, command=[]} | ret=SUCCESS |  
2019-08-21 19:39:45,774 | INFO  | SCMAudit | user=jenkins1000 | ip=192.168.157.235 | op=SEND_HEARTBEAT {datanodeUUID=1622df86-29a4-40da-b1f7-6b6973ca9708, command=[]} | ret=SUCCESS |  
2019-08-21 19:39:46,774 | INFO  | SCMAudit | user=jenkins1000 | ip=192.168.157.235 | op=SEND_HEARTBEAT {datanodeUUID=1622df86-29a4-40da-b1f7-6b6973ca9708, command=[]} | ret=SUCCESS |  
2019-08-21 19:39:47,774 | INFO  | SCMAudit | user=jenkins1000 | ip=192.168.157.235 | op=SEND_HEARTBEAT {datanodeUUID=1622df86-29a4-40da-b1f7-6b6973ca9708, command=[]} | ret=SUCCESS |  
2019-08-21 19:39:47,874 [main] INFO  ozoneimpl.OzoneContainer (OzoneContainer.java:stop(199)) - Attempting to stop container services.
2019-08-21 19:39:47,874 [ForkJoinPool.commonPool-worker-0] INFO  ozoneimpl.OzoneContainer (OzoneContainer.java:stop(199)) - Attempting to stop container services.
2019-08-21 19:39:47,877 [main] INFO  impl.RaftServerProxy (RaftServerProxy.java:lambda$close$4(314)) - 30fd6c46-98fc-41af-89a2-a688dd991524: close
2019-08-21 19:39:47,877 [ForkJoinPool.commonPool-worker-0] INFO  impl.RaftServerProxy (RaftServerProxy.java:lambda$close$4(314)) - 31435e08-68de-4ee1-9e5d-4ac2aee7e108: close
2019-08-21 19:39:47,878 [main] INFO  impl.RaftServerImpl (RaftServerImpl.java:lambda$shutdown$3(245)) - 30fd6c46-98fc-41af-89a2-a688dd991524: shutdown group-B2C2E88ACF66
2019-08-21 19:39:47,878 [ForkJoinPool.commonPool-worker-0] INFO  impl.RaftServerImpl (RaftServerImpl.java:lambda$shutdown$3(245)) - 31435e08-68de-4ee1-9e5d-4ac2aee7e108: shutdown group-82A84573F822
2019-08-21 19:39:47,878 [main] INFO  util.JmxRegister (JmxRegister.java:unregister(73)) - Successfully un-registered JMX Bean with object name Ratis:service=RaftServer,group=group-B2C2E88ACF66,id=30fd6c46-98fc-41af-89a2-a688dd991524
2019-08-21 19:39:47,879 [ForkJoinPool.commonPool-worker-0] INFO  util.JmxRegister (JmxRegister.java:unregister(73)) - Successfully un-registered JMX Bean with object name Ratis:service=RaftServer,group=group-82A84573F822,id=31435e08-68de-4ee1-9e5d-4ac2aee7e108
2019-08-21 19:39:47,879 [main] INFO  impl.RoleInfo (RoleInfo.java:shutdownLeaderState(104)) - 30fd6c46-98fc-41af-89a2-a688dd991524: shutdown LeaderState
2019-08-21 19:39:47,879 [ForkJoinPool.commonPool-worker-0] INFO  impl.RoleInfo (RoleInfo.java:shutdownLeaderState(104)) - 31435e08-68de-4ee1-9e5d-4ac2aee7e108: shutdown LeaderState
2019-08-21 19:39:47,879 [main] INFO  impl.PendingRequests (PendingRequests.java:sendNotLeaderResponses(202)) - 30fd6c46-98fc-41af-89a2-a688dd991524-PendingRequests: sendNotLeaderResponses
2019-08-21 19:39:47,880 [ForkJoinPool.commonPool-worker-0] INFO  impl.PendingRequests (PendingRequests.java:sendNotLeaderResponses(202)) - 31435e08-68de-4ee1-9e5d-4ac2aee7e108-PendingRequests: sendNotLeaderResponses
2019-08-21 19:39:47,880 [main] INFO  impl.StateMachineUpdater (StateMachineUpdater.java:stopAndJoin(115)) - StateMachineUpdater:30fd6c46-98fc-41af-89a2-a688dd991524:group-B2C2E88ACF66: set stopIndex = 0
2019-08-21 19:39:47,881 [ForkJoinPool.commonPool-worker-0] INFO  impl.StateMachineUpdater (StateMachineUpdater.java:stopAndJoin(115)) - StateMachineUpdater:31435e08-68de-4ee1-9e5d-4ac2aee7e108:group-82A84573F822: set stopIndex = 0
2019-08-21 19:39:47,883 [main] INFO  impl.RaftServerImpl (ServerState.java:close(394)) - 30fd6c46-98fc-41af-89a2-a688dd991524:group-B2C2E88ACF66 closes. The last applied log index is 0
2019-08-21 19:39:47,883 [ForkJoinPool.commonPool-worker-0] INFO  impl.RaftServerImpl (ServerState.java:close(394)) - 31435e08-68de-4ee1-9e5d-4ac2aee7e108:group-82A84573F822 closes. The last applied log index is 0
2019-08-21 19:39:47,883 [30fd6c46-98fc-41af-89a2-a688dd991524-SegmentedRaftLogWorker:Storage Directory /workdir/hadoop-ozone/integration-test/target/test-dir/MiniOzoneClusterImpl-5ae37d7a-dbea-4b49-8dc8-7d89e2ab45c4/datanode-1/data/ratis/a04c4a8a-7f58-4964-8200-b2c2e88acf66] INFO  segmented.SegmentedRaftLogWorker (SegmentedRaftLogWorker.java:run(313)) - 30fd6c46-98fc-41af-89a2-a688dd991524-SegmentedRaftLogWorker:Storage Directory /workdir/hadoop-ozone/integration-test/target/test-dir/MiniOzoneClusterImpl-5ae37d7a-dbea-4b49-8dc8-7d89e2ab45c4/datanode-1/data/ratis/a04c4a8a-7f58-4964-8200-b2c2e88acf66 was interrupted, exiting. There are 0 tasks remaining in the queue.
2019-08-21 19:39:47,883 [31435e08-68de-4ee1-9e5d-4ac2aee7e108-SegmentedRaftLogWorker:Storage Directory /workdir/hadoop-ozone/integration-test/target/test-dir/MiniOzoneClusterImpl-5ae37d7a-dbea-4b49-8dc8-7d89e2ab45c4/datanode-0/data/ratis/d7d3b4aa-ea45-4ce3-91ec-82a84573f822] INFO  segmented.SegmentedRaftLogWorker (SegmentedRaftLogWorker.java:run(313)) - 31435e08-68de-4ee1-9e5d-4ac2aee7e108-SegmentedRaftLogWorker:Storage Directory /workdir/hadoop-ozone/integration-test/target/test-dir/MiniOzoneClusterImpl-5ae37d7a-dbea-4b49-8dc8-7d89e2ab45c4/datanode-0/data/ratis/d7d3b4aa-ea45-4ce3-91ec-82a84573f822 was interrupted, exiting. There are 0 tasks remaining in the queue.
2019-08-21 19:39:47,884 [main] INFO  segmented.SegmentedRaftLogWorker (SegmentedRaftLogWorker.java:close(228)) - 30fd6c46-98fc-41af-89a2-a688dd991524-SegmentedRaftLogWorker:Storage Directory /workdir/hadoop-ozone/integration-test/target/test-dir/MiniOzoneClusterImpl-5ae37d7a-dbea-4b49-8dc8-7d89e2ab45c4/datanode-1/data/ratis/a04c4a8a-7f58-4964-8200-b2c2e88acf66 close()
2019-08-21 19:39:47,886 [ForkJoinPool.commonPool-worker-0] INFO  segmented.SegmentedRaftLogWorker (SegmentedRaftLogWorker.java:close(228)) - 31435e08-68de-4ee1-9e5d-4ac2aee7e108-SegmentedRaftLogWorker:Storage Directory /workdir/hadoop-ozone/integration-test/target/test-dir/MiniOzoneClusterImpl-5ae37d7a-dbea-4b49-8dc8-7d89e2ab45c4/datanode-0/data/ratis/d7d3b4aa-ea45-4ce3-91ec-82a84573f822 close()
2019-08-21 19:39:47,887 [main] INFO  impl.RaftServerImpl (RaftServerImpl.java:lambda$shutdown$3(245)) - 30fd6c46-98fc-41af-89a2-a688dd991524: shutdown group-AEAF78D22445
2019-08-21 19:39:47,889 [ForkJoinPool.commonPool-worker-0] INFO  impl.RaftServerImpl (RaftServerImpl.java:lambda$shutdown$3(245)) - 31435e08-68de-4ee1-9e5d-4ac2aee7e108: shutdown group-AEAF78D22445
2019-08-21 19:39:47,889 [main] INFO  util.JmxRegister (JmxRegister.java:unregister(73)) - Successfully un-registered JMX Bean with object name Ratis:service=RaftServer,group=group-AEAF78D22445,id=30fd6c46-98fc-41af-89a2-a688dd991524
2019-08-21 19:39:47,889 [ForkJoinPool.commonPool-worker-0] INFO  util.JmxRegister (JmxRegister.java:unregister(73)) - Successfully un-registered JMX Bean with object name Ratis:service=RaftServer,group=group-AEAF78D22445,id=31435e08-68de-4ee1-9e5d-4ac2aee7e108
2019-08-21 19:39:47,890 [main] INFO  impl.RoleInfo (RoleInfo.java:shutdownFollowerState(121)) - 30fd6c46-98fc-41af-89a2-a688dd991524: shutdown FollowerState
2019-08-21 19:39:47,890 [ForkJoinPool.commonPool-worker-0] INFO  impl.RoleInfo (RoleInfo.java:shutdownFollowerState(121)) - 31435e08-68de-4ee1-9e5d-4ac2aee7e108: shutdown FollowerState
2019-08-21 19:39:47,890 [Thread-228] INFO  impl.FollowerState (FollowerState.java:run(114)) - 30fd6c46-98fc-41af-89a2-a688dd991524: FollowerState was interrupted: java.lang.InterruptedException: sleep interrupted
2019-08-21 19:39:47,891 [Thread-227] INFO  impl.FollowerState (FollowerState.java:run(114)) - 31435e08-68de-4ee1-9e5d-4ac2aee7e108: FollowerState was interrupted: java.lang.InterruptedException: sleep interrupted
2019-08-21 19:39:47,890 [main] INFO  impl.StateMachineUpdater (StateMachineUpdater.java:stopAndJoin(115)) - StateMachineUpdater:30fd6c46-98fc-41af-89a2-a688dd991524:group-AEAF78D22445: set stopIndex = -1
2019-08-21 19:39:47,891 [ForkJoinPool.commonPool-worker-0] INFO  impl.StateMachineUpdater (StateMachineUpdater.java:stopAndJoin(115)) - StateMachineUpdater:31435e08-68de-4ee1-9e5d-4ac2aee7e108:group-AEAF78D22445: set stopIndex = -1
2019-08-21 19:39:47,893 [main] INFO  impl.RaftServerImpl (ServerState.java:close(394)) - 30fd6c46-98fc-41af-89a2-a688dd991524:group-AEAF78D22445 closes. The last applied log index is -1
2019-08-21 19:39:47,893 [ForkJoinPool.commonPool-worker-0] INFO  impl.RaftServerImpl (ServerState.java:close(394)) - 31435e08-68de-4ee1-9e5d-4ac2aee7e108:group-AEAF78D22445 closes. The last applied log index is -1
2019-08-21 19:39:47,894 [30fd6c46-98fc-41af-89a2-a688dd991524-SegmentedRaftLogWorker:Storage Directory /workdir/hadoop-ozone/integration-test/target/test-dir/MiniOzoneClusterImpl-5ae37d7a-dbea-4b49-8dc8-7d89e2ab45c4/datanode-1/data/ratis/b75dc62c-bf8c-4efb-8631-aeaf78d22445] INFO  segmented.SegmentedRaftLogWorker (SegmentedRaftLogWorker.java:run(313)) - 30fd6c46-98fc-41af-89a2-a688dd991524-SegmentedRaftLogWorker:Storage Directory /workdir/hadoop-ozone/integration-test/target/test-dir/MiniOzoneClusterImpl-5ae37d7a-dbea-4b49-8dc8-7d89e2ab45c4/datanode-1/data/ratis/b75dc62c-bf8c-4efb-8631-aeaf78d22445 was interrupted, exiting. There are 0 tasks remaining in the queue.
2019-08-21 19:39:47,894 [31435e08-68de-4ee1-9e5d-4ac2aee7e108-SegmentedRaftLogWorker:Storage Directory /workdir/hadoop-ozone/integration-test/target/test-dir/MiniOzoneClusterImpl-5ae37d7a-dbea-4b49-8dc8-7d89e2ab45c4/datanode-0/data/ratis/b75dc62c-bf8c-4efb-8631-aeaf78d22445] INFO  segmented.SegmentedRaftLogWorker (SegmentedRaftLogWorker.java:run(313)) - 31435e08-68de-4ee1-9e5d-4ac2aee7e108-SegmentedRaftLogWorker:Storage Directory /workdir/hadoop-ozone/integration-test/target/test-dir/MiniOzoneClusterImpl-5ae37d7a-dbea-4b49-8dc8-7d89e2ab45c4/datanode-0/data/ratis/b75dc62c-bf8c-4efb-8631-aeaf78d22445 was interrupted, exiting. There are 0 tasks remaining in the queue.
2019-08-21 19:39:47,894 [main] INFO  segmented.SegmentedRaftLogWorker (SegmentedRaftLogWorker.java:close(228)) - 30fd6c46-98fc-41af-89a2-a688dd991524-SegmentedRaftLogWorker:Storage Directory /workdir/hadoop-ozone/integration-test/target/test-dir/MiniOzoneClusterImpl-5ae37d7a-dbea-4b49-8dc8-7d89e2ab45c4/datanode-1/data/ratis/b75dc62c-bf8c-4efb-8631-aeaf78d22445 close()
2019-08-21 19:39:47,895 [ForkJoinPool.commonPool-worker-0] INFO  segmented.SegmentedRaftLogWorker (SegmentedRaftLogWorker.java:close(228)) - 31435e08-68de-4ee1-9e5d-4ac2aee7e108-SegmentedRaftLogWorker:Storage Directory /workdir/hadoop-ozone/integration-test/target/test-dir/MiniOzoneClusterImpl-5ae37d7a-dbea-4b49-8dc8-7d89e2ab45c4/datanode-0/data/ratis/b75dc62c-bf8c-4efb-8631-aeaf78d22445 close()
2019-08-21 19:39:47,899 [main] INFO  server.GrpcService (GrpcService.java:closeImpl(155)) - 30fd6c46-98fc-41af-89a2-a688dd991524: shutdown server with port 42159 now
2019-08-21 19:39:47,899 [ForkJoinPool.commonPool-worker-0] INFO  server.GrpcService (GrpcService.java:closeImpl(155)) - 31435e08-68de-4ee1-9e5d-4ac2aee7e108: shutdown server with port 46275 now
2019-08-21 19:39:47,900 [main] INFO  server.GrpcService (GrpcService.java:closeImpl(163)) - 30fd6c46-98fc-41af-89a2-a688dd991524: shutdown server with port 42159 successfully
2019-08-21 19:39:47,900 [ForkJoinPool.commonPool-worker-0] INFO  server.GrpcService (GrpcService.java:closeImpl(163)) - 31435e08-68de-4ee1-9e5d-4ac2aee7e108: shutdown server with port 46275 successfully
2019-08-21 19:39:47,902 [ForkJoinPool.commonPool-worker-0] INFO  utils.BackgroundService (BackgroundService.java:shutdown(148)) - Shutting down service BlockDeletingService
2019-08-21 19:39:47,904 [refreshUsed-/workdir/hadoop-ozone/integration-test/target/test-dir/MiniOzoneClusterImpl-5ae37d7a-dbea-4b49-8dc8-7d89e2ab45c4/datanode-0/data/containers] WARN  fs.CachingGetSpaceUsed (CachingGetSpaceUsed.java:run(183)) - Thread Interrupted waiting to refresh disk information: sleep interrupted
2019-08-21 19:39:47,907 [main] INFO  utils.BackgroundService (BackgroundService.java:shutdown(148)) - Shutting down service BlockDeletingService
2019-08-21 19:39:47,910 [refreshUsed-/workdir/hadoop-ozone/integration-test/target/test-dir/MiniOzoneClusterImpl-5ae37d7a-dbea-4b49-8dc8-7d89e2ab45c4/datanode-1/data/containers] WARN  fs.CachingGetSpaceUsed (CachingGetSpaceUsed.java:run(183)) - Thread Interrupted waiting to refresh disk information: sleep interrupted
2019-08-21 19:39:47,926 [ForkJoinPool.commonPool-worker-0] INFO  statemachine.DatanodeStateMachine (DatanodeStateMachine.java:stopDaemon(395)) - Ozone container server stopped.
2019-08-21 19:39:47,931 [ForkJoinPool.commonPool-worker-0] INFO  handler.ContextHandler (ContextHandler.java:doStop(910)) - Stopped o.e.j.w.WebAppContext@291373d3{/,null,UNAVAILABLE}{/hddsDatanode}
2019-08-21 19:39:47,932 [ForkJoinPool.commonPool-worker-0] INFO  server.AbstractConnector (AbstractConnector.java:doStop(318)) - Stopped ServerConnector@372ca2d6{HTTP/1.1,[http/1.1]}{0.0.0.0:0}
2019-08-21 19:39:47,933 [main] INFO  statemachine.DatanodeStateMachine (DatanodeStateMachine.java:stopDaemon(395)) - Ozone container server stopped.
2019-08-21 19:39:47,934 [ForkJoinPool.commonPool-worker-0] INFO  handler.ContextHandler (ContextHandler.java:doStop(910)) - Stopped o.e.j.s.ServletContextHandler@333c8791{/static,jar:file:/home/user/.m2/repository/org/apache/hadoop/hadoop-hdds-container-service/0.5.0-SNAPSHOT/hadoop-hdds-container-service-0.5.0-SNAPSHOT.jar!/webapps/static,UNAVAILABLE}
2019-08-21 19:39:47,934 [ForkJoinPool.commonPool-worker-0] INFO  handler.ContextHandler (ContextHandler.java:doStop(910)) - Stopped o.e.j.s.ServletContextHandler@2f4c2cd4{/logs,file:///workdir/hadoop-ozone/integration-test/target/log,UNAVAILABLE}
2019-08-21 19:39:47,935 [main] INFO  handler.ContextHandler (ContextHandler.java:doStop(910)) - Stopped o.e.j.w.WebAppContext@4aebee4b{/,null,UNAVAILABLE}{/hddsDatanode}
2019-08-21 19:39:47,935 [ForkJoinPool.commonPool-worker-0] INFO  datanode.ObjectStoreHandler (ObjectStoreHandler.java:close(155)) - Closing ObjectStoreHandler.
2019-08-21 19:39:47,936 [main] INFO  server.AbstractConnector (AbstractConnector.java:doStop(318)) - Stopped ServerConnector@18d47df0{HTTP/1.1,[http/1.1]}{0.0.0.0:0}
2019-08-21 19:39:47,936 [ForkJoinPool.commonPool-worker-0] INFO  ozone.HddsDatanodeService (HddsDatanodeService.java:stop(451)) - Stopped plug-in org.apache.hadoop.ozone.web.OzoneHddsDatanodeService@37d28938
2019-08-21 19:39:47,936 [main] INFO  handler.ContextHandler (ContextHandler.java:doStop(910)) - Stopped o.e.j.s.ServletContextHandler@256a0d95{/static,jar:file:/home/user/.m2/repository/org/apache/hadoop/hadoop-hdds-container-service/0.5.0-SNAPSHOT/hadoop-hdds-container-service-0.5.0-SNAPSHOT.jar!/webapps/static,UNAVAILABLE}
2019-08-21 19:39:47,936 [main] INFO  handler.ContextHandler (ContextHandler.java:doStop(910)) - Stopped o.e.j.s.ServletContextHandler@4b55ff0a{/logs,file:///workdir/hadoop-ozone/integration-test/target/log,UNAVAILABLE}
2019-08-21 19:39:48,770 [Datanode State Machine Thread - 0] INFO  statemachine.DatanodeStateMachine (DatanodeStateMachine.java:lambda$startDaemon$0(350)) - Ozone container server started.
2019-08-21 19:39:49,436 [Thread-223] INFO  impl.FollowerState (FollowerState.java:run(106)) - 1622df86-29a4-40da-b1f7-6b6973ca9708:group-AEAF78D22445 changes to CANDIDATE, lastRpcTime:5039, electionTimeout:5038ms
2019-08-21 19:39:49,436 [Thread-223] INFO  impl.RoleInfo (RoleInfo.java:shutdownFollowerState(121)) - 1622df86-29a4-40da-b1f7-6b6973ca9708: shutdown FollowerState
2019-08-21 19:39:49,437 [Thread-223] INFO  impl.RaftServerImpl (RaftServerImpl.java:setRole(171)) - 1622df86-29a4-40da-b1f7-6b6973ca9708:group-AEAF78D22445 changes role from FOLLOWER to CANDIDATE at term 0 for changeToCandidate
2019-08-21 19:39:49,437 [Thread-223] INFO  impl.RoleInfo (RoleInfo.java:updateAndGet(143)) - 1622df86-29a4-40da-b1f7-6b6973ca9708: start LeaderElection
2019-08-21 19:39:49,455 [1622df86-29a4-40da-b1f7-6b6973ca9708:group-AEAF78D22445:LeaderElection5] INFO  impl.LeaderElection (LeaderElection.java:askForVotes(181)) - 1622df86-29a4-40da-b1f7-6b6973ca9708:group-AEAF78D22445:LeaderElection5: begin an election at term 1 for -1: [31435e08-68de-4ee1-9e5d-4ac2aee7e108:192.168.157.235:46275, 30fd6c46-98fc-41af-89a2-a688dd991524:192.168.157.235:42159, 1622df86-29a4-40da-b1f7-6b6973ca9708:192.168.157.235:37740], old=null
2019-08-21 19:39:49,476 [1622df86-29a4-40da-b1f7-6b6973ca9708:group-AEAF78D22445:LeaderElection5] INFO  impl.LeaderElection (LogUtils.java:infoOrTrace(149)) - 1622df86-29a4-40da-b1f7-6b6973ca9708:group-AEAF78D22445:LeaderElection5 got exception when requesting votes: {}
java.util.concurrent.ExecutionException: org.apache.ratis.thirdparty.io.grpc.StatusRuntimeException: UNAVAILABLE: io exception
	at java.util.concurrent.FutureTask.report(FutureTask.java:122)
	at java.util.concurrent.FutureTask.get(FutureTask.java:192)
	at org.apache.ratis.server.impl.LeaderElection.waitForResults(LeaderElection.java:262)
	at org.apache.ratis.server.impl.LeaderElection.askForVotes(LeaderElection.java:200)
	at org.apache.ratis.server.impl.LeaderElection.run(LeaderElection.java:130)
	at java.lang.Thread.run(Thread.java:748)
Caused by: org.apache.ratis.thirdparty.io.grpc.StatusRuntimeException: UNAVAILABLE: io exception
	at org.apache.ratis.thirdparty.io.grpc.stub.ClientCalls.toStatusRuntimeException(ClientCalls.java:233)
	at org.apache.ratis.thirdparty.io.grpc.stub.ClientCalls.getUnchecked(ClientCalls.java:214)
	at org.apache.ratis.thirdparty.io.grpc.stub.ClientCalls.blockingUnaryCall(ClientCalls.java:139)
	at org.apache.ratis.proto.grpc.RaftServerProtocolServiceGrpc$RaftServerProtocolServiceBlockingStub.requestVote(RaftServerProtocolServiceGrpc.java:265)
	at org.apache.ratis.grpc.server.GrpcServerProtocolClient.requestVote(GrpcServerProtocolClient.java:83)
	at org.apache.ratis.grpc.server.GrpcService.requestVote(GrpcService.java:195)
	at org.apache.ratis.server.impl.LeaderElection.lambda$submitRequests$1(LeaderElection.java:237)
	at java.util.concurrent.FutureTask.run(FutureTask.java:266)
	at java.util.concurrent.Executors$RunnableAdapter.call(Executors.java:511)
	at java.util.concurrent.FutureTask.run(FutureTask.java:266)
	at java.util.concurrent.ThreadPoolExecutor.runWorker(ThreadPoolExecutor.java:1149)
	at java.util.concurrent.ThreadPoolExecutor$Worker.run(ThreadPoolExecutor.java:624)
	... 1 more
Caused by: org.apache.ratis.thirdparty.io.netty.channel.AbstractChannel$AnnotatedConnectException: Connection refused: /192.168.157.235:42159
	at sun.nio.ch.SocketChannelImpl.checkConnect(Native Method)
	at sun.nio.ch.SocketChannelImpl.finishConnect(SocketChannelImpl.java:717)
	at org.apache.ratis.thirdparty.io.netty.channel.socket.nio.NioSocketChannel.doFinishConnect(NioSocketChannel.java:327)
	at org.apache.ratis.thirdparty.io.netty.channel.nio.AbstractNioChannel$AbstractNioUnsafe.finishConnect(AbstractNioChannel.java:340)
	at org.apache.ratis.thirdparty.io.netty.channel.nio.NioEventLoop.processSelectedKey(NioEventLoop.java:632)
	at org.apache.ratis.thirdparty.io.netty.channel.nio.NioEventLoop.processSelectedKeysOptimized(NioEventLoop.java:579)
	at org.apache.ratis.thirdparty.io.netty.channel.nio.NioEventLoop.processSelectedKeys(NioEventLoop.java:496)
	at org.apache.ratis.thirdparty.io.netty.channel.nio.NioEventLoop.run(NioEventLoop.java:458)
	at org.apache.ratis.thirdparty.io.netty.util.concurrent.SingleThreadEventExecutor$5.run(SingleThreadEventExecutor.java:897)
	at org.apache.ratis.thirdparty.io.netty.util.concurrent.FastThreadLocalRunnable.run(FastThreadLocalRunnable.java:30)
	... 1 more
Caused by: java.net.ConnectException: Connection refused
	... 11 more
2019-08-21 19:39:49,480 [1622df86-29a4-40da-b1f7-6b6973ca9708:group-AEAF78D22445:LeaderElection5] INFO  impl.LeaderElection (LogUtils.java:infoOrTrace(149)) - 1622df86-29a4-40da-b1f7-6b6973ca9708:group-AEAF78D22445:LeaderElection5 got exception when requesting votes: {}
java.util.concurrent.ExecutionException: org.apache.ratis.thirdparty.io.grpc.StatusRuntimeException: UNAVAILABLE: io exception
	at java.util.concurrent.FutureTask.report(FutureTask.java:122)
	at java.util.concurrent.FutureTask.get(FutureTask.java:192)
	at org.apache.ratis.server.impl.LeaderElection.waitForResults(LeaderElection.java:262)
	at org.apache.ratis.server.impl.LeaderElection.askForVotes(LeaderElection.java:200)
	at org.apache.ratis.server.impl.LeaderElection.run(LeaderElection.java:130)
	at java.lang.Thread.run(Thread.java:748)
Caused by: org.apache.ratis.thirdparty.io.grpc.StatusRuntimeException: UNAVAILABLE: io exception
	at org.apache.ratis.thirdparty.io.grpc.stub.ClientCalls.toStatusRuntimeException(ClientCalls.java:233)
	at org.apache.ratis.thirdparty.io.grpc.stub.ClientCalls.getUnchecked(ClientCalls.java:214)
	at org.apache.ratis.thirdparty.io.grpc.stub.ClientCalls.blockingUnaryCall(ClientCalls.java:139)
	at org.apache.ratis.proto.grpc.RaftServerProtocolServiceGrpc$RaftServerProtocolServiceBlockingStub.requestVote(RaftServerProtocolServiceGrpc.java:265)
	at org.apache.ratis.grpc.server.GrpcServerProtocolClient.requestVote(GrpcServerProtocolClient.java:83)
	at org.apache.ratis.grpc.server.GrpcService.requestVote(GrpcService.java:195)
	at org.apache.ratis.server.impl.LeaderElection.lambda$submitRequests$1(LeaderElection.java:237)
	at java.util.concurrent.FutureTask.run(FutureTask.java:266)
	at java.util.concurrent.Executors$RunnableAdapter.call(Executors.java:511)
	at java.util.concurrent.FutureTask.run(FutureTask.java:266)
	at java.util.concurrent.ThreadPoolExecutor.runWorker(ThreadPoolExecutor.java:1149)
	at java.util.concurrent.ThreadPoolExecutor$Worker.run(ThreadPoolExecutor.java:624)
	... 1 more
Caused by: org.apache.ratis.thirdparty.io.netty.channel.AbstractChannel$AnnotatedConnectException: Connection refused: /192.168.157.235:46275
	at sun.nio.ch.SocketChannelImpl.checkConnect(Native Method)
	at sun.nio.ch.SocketChannelImpl.finishConnect(SocketChannelImpl.java:717)
	at org.apache.ratis.thirdparty.io.netty.channel.socket.nio.NioSocketChannel.doFinishConnect(NioSocketChannel.java:327)
	at org.apache.ratis.thirdparty.io.netty.channel.nio.AbstractNioChannel$AbstractNioUnsafe.finishConnect(AbstractNioChannel.java:340)
	at org.apache.ratis.thirdparty.io.netty.channel.nio.NioEventLoop.processSelectedKey(NioEventLoop.java:632)
	at org.apache.ratis.thirdparty.io.netty.channel.nio.NioEventLoop.processSelectedKeysOptimized(NioEventLoop.java:579)
	at org.apache.ratis.thirdparty.io.netty.channel.nio.NioEventLoop.processSelectedKeys(NioEventLoop.java:496)
	at org.apache.ratis.thirdparty.io.netty.channel.nio.NioEventLoop.run(NioEventLoop.java:458)
	at org.apache.ratis.thirdparty.io.netty.util.concurrent.SingleThreadEventExecutor$5.run(SingleThreadEventExecutor.java:897)
	at org.apache.ratis.thirdparty.io.netty.util.concurrent.FastThreadLocalRunnable.run(FastThreadLocalRunnable.java:30)
	... 1 more
Caused by: java.net.ConnectException: Connection refused
	... 11 more
2019-08-21 19:39:49,481 [1622df86-29a4-40da-b1f7-6b6973ca9708:group-AEAF78D22445:LeaderElection5] INFO  impl.LeaderElection (LeaderElection.java:logAndReturn(56)) - 1622df86-29a4-40da-b1f7-6b6973ca9708:group-AEAF78D22445:LeaderElection5: Election REJECTED; received 0 response(s) [] and 2 exception(s); 1622df86-29a4-40da-b1f7-6b6973ca9708:t1, leader=null, voted=1622df86-29a4-40da-b1f7-6b6973ca9708, raftlog=1622df86-29a4-40da-b1f7-6b6973ca9708-SegmentedRaftLog:OPENED:c-1,f-1,i0, conf=-1: [31435e08-68de-4ee1-9e5d-4ac2aee7e108:192.168.157.235:46275, 30fd6c46-98fc-41af-89a2-a688dd991524:192.168.157.235:42159, 1622df86-29a4-40da-b1f7-6b6973ca9708:192.168.157.235:37740], old=null
2019-08-21 19:39:49,482 [1622df86-29a4-40da-b1f7-6b6973ca9708:group-AEAF78D22445:LeaderElection5] INFO  impl.LeaderElection (LogUtils.java:infoOrTrace(149)) -   Exception 0: {}
java.util.concurrent.ExecutionException: org.apache.ratis.thirdparty.io.grpc.StatusRuntimeException: UNAVAILABLE: io exception
	at java.util.concurrent.FutureTask.report(FutureTask.java:122)
	at java.util.concurrent.FutureTask.get(FutureTask.java:192)
	at org.apache.ratis.server.impl.LeaderElection.waitForResults(LeaderElection.java:262)
	at org.apache.ratis.server.impl.LeaderElection.askForVotes(LeaderElection.java:200)
	at org.apache.ratis.server.impl.LeaderElection.run(LeaderElection.java:130)
	at java.lang.Thread.run(Thread.java:748)
Caused by: org.apache.ratis.thirdparty.io.grpc.StatusRuntimeException: UNAVAILABLE: io exception
	at org.apache.ratis.thirdparty.io.grpc.stub.ClientCalls.toStatusRuntimeException(ClientCalls.java:233)
	at org.apache.ratis.thirdparty.io.grpc.stub.ClientCalls.getUnchecked(ClientCalls.java:214)
	at org.apache.ratis.thirdparty.io.grpc.stub.ClientCalls.blockingUnaryCall(ClientCalls.java:139)
	at org.apache.ratis.proto.grpc.RaftServerProtocolServiceGrpc$RaftServerProtocolServiceBlockingStub.requestVote(RaftServerProtocolServiceGrpc.java:265)
	at org.apache.ratis.grpc.server.GrpcServerProtocolClient.requestVote(GrpcServerProtocolClient.java:83)
	at org.apache.ratis.grpc.server.GrpcService.requestVote(GrpcService.java:195)
	at org.apache.ratis.server.impl.LeaderElection.lambda$submitRequests$1(LeaderElection.java:237)
	at java.util.concurrent.FutureTask.run(FutureTask.java:266)
	at java.util.concurrent.Executors$RunnableAdapter.call(Executors.java:511)
	at java.util.concurrent.FutureTask.run(FutureTask.java:266)
	at java.util.concurrent.ThreadPoolExecutor.runWorker(ThreadPoolExecutor.java:1149)
	at java.util.concurrent.ThreadPoolExecutor$Worker.run(ThreadPoolExecutor.java:624)
	... 1 more
Caused by: org.apache.ratis.thirdparty.io.netty.channel.AbstractChannel$AnnotatedConnectException: Connection refused: /192.168.157.235:42159
	at sun.nio.ch.SocketChannelImpl.checkConnect(Native Method)
	at sun.nio.ch.SocketChannelImpl.finishConnect(SocketChannelImpl.java:717)
	at org.apache.ratis.thirdparty.io.netty.channel.socket.nio.NioSocketChannel.doFinishConnect(NioSocketChannel.java:327)
	at org.apache.ratis.thirdparty.io.netty.channel.nio.AbstractNioChannel$AbstractNioUnsafe.finishConnect(AbstractNioChannel.java:340)
	at org.apache.ratis.thirdparty.io.netty.channel.nio.NioEventLoop.processSelectedKey(NioEventLoop.java:632)
	at org.apache.ratis.thirdparty.io.netty.channel.nio.NioEventLoop.processSelectedKeysOptimized(NioEventLoop.java:579)
	at org.apache.ratis.thirdparty.io.netty.channel.nio.NioEventLoop.processSelectedKeys(NioEventLoop.java:496)
	at org.apache.ratis.thirdparty.io.netty.channel.nio.NioEventLoop.run(NioEventLoop.java:458)
	at org.apache.ratis.thirdparty.io.netty.util.concurrent.SingleThreadEventExecutor$5.run(SingleThreadEventExecutor.java:897)
	at org.apache.ratis.thirdparty.io.netty.util.concurrent.FastThreadLocalRunnable.run(FastThreadLocalRunnable.java:30)
	... 1 more
Caused by: java.net.ConnectException: Connection refused
	... 11 more
2019-08-21 19:39:49,482 [1622df86-29a4-40da-b1f7-6b6973ca9708:group-AEAF78D22445:LeaderElection5] INFO  impl.LeaderElection (LogUtils.java:infoOrTrace(149)) -   Exception 1: {}
java.util.concurrent.ExecutionException: org.apache.ratis.thirdparty.io.grpc.StatusRuntimeException: UNAVAILABLE: io exception
	at java.util.concurrent.FutureTask.report(FutureTask.java:122)
	at java.util.concurrent.FutureTask.get(FutureTask.java:192)
	at org.apache.ratis.server.impl.LeaderElection.waitForResults(LeaderElection.java:262)
	at org.apache.ratis.server.impl.LeaderElection.askForVotes(LeaderElection.java:200)
	at org.apache.ratis.server.impl.LeaderElection.run(LeaderElection.java:130)
	at java.lang.Thread.run(Thread.java:748)
Caused by: org.apache.ratis.thirdparty.io.grpc.StatusRuntimeException: UNAVAILABLE: io exception
	at org.apache.ratis.thirdparty.io.grpc.stub.ClientCalls.toStatusRuntimeException(ClientCalls.java:233)
	at org.apache.ratis.thirdparty.io.grpc.stub.ClientCalls.getUnchecked(ClientCalls.java:214)
	at org.apache.ratis.thirdparty.io.grpc.stub.ClientCalls.blockingUnaryCall(ClientCalls.java:139)
	at org.apache.ratis.proto.grpc.RaftServerProtocolServiceGrpc$RaftServerProtocolServiceBlockingStub.requestVote(RaftServerProtocolServiceGrpc.java:265)
	at org.apache.ratis.grpc.server.GrpcServerProtocolClient.requestVote(GrpcServerProtocolClient.java:83)
	at org.apache.ratis.grpc.server.GrpcService.requestVote(GrpcService.java:195)
	at org.apache.ratis.server.impl.LeaderElection.lambda$submitRequests$1(LeaderElection.java:237)
	at java.util.concurrent.FutureTask.run(FutureTask.java:266)
	at java.util.concurrent.Executors$RunnableAdapter.call(Executors.java:511)
	at java.util.concurrent.FutureTask.run(FutureTask.java:266)
	at java.util.concurrent.ThreadPoolExecutor.runWorker(ThreadPoolExecutor.java:1149)
	at java.util.concurrent.ThreadPoolExecutor$Worker.run(ThreadPoolExecutor.java:624)
	... 1 more
Caused by: org.apache.ratis.thirdparty.io.netty.channel.AbstractChannel$AnnotatedConnectException: Connection refused: /192.168.157.235:46275
	at sun.nio.ch.SocketChannelImpl.checkConnect(Native Method)
	at sun.nio.ch.SocketChannelImpl.finishConnect(SocketChannelImpl.java:717)
	at org.apache.ratis.thirdparty.io.netty.channel.socket.nio.NioSocketChannel.doFinishConnect(NioSocketChannel.java:327)
	at org.apache.ratis.thirdparty.io.netty.channel.nio.AbstractNioChannel$AbstractNioUnsafe.finishConnect(AbstractNioChannel.java:340)
	at org.apache.ratis.thirdparty.io.netty.channel.nio.NioEventLoop.processSelectedKey(NioEventLoop.java:632)
	at org.apache.ratis.thirdparty.io.netty.channel.nio.NioEventLoop.processSelectedKeysOptimized(NioEventLoop.java:579)
	at org.apache.ratis.thirdparty.io.netty.channel.nio.NioEventLoop.processSelectedKeys(NioEventLoop.java:496)
	at org.apache.ratis.thirdparty.io.netty.channel.nio.NioEventLoop.run(NioEventLoop.java:458)
	at org.apache.ratis.thirdparty.io.netty.util.concurrent.SingleThreadEventExecutor$5.run(SingleThreadEventExecutor.java:897)
	at org.apache.ratis.thirdparty.io.netty.util.concurrent.FastThreadLocalRunnable.run(FastThreadLocalRunnable.java:30)
	... 1 more
Caused by: java.net.ConnectException: Connection refused
	... 11 more
2019-08-21 19:39:49,483 [1622df86-29a4-40da-b1f7-6b6973ca9708:group-AEAF78D22445:LeaderElection5] INFO  impl.RaftServerImpl (RaftServerImpl.java:setRole(171)) - 1622df86-29a4-40da-b1f7-6b6973ca9708:group-AEAF78D22445 changes role from CANDIDATE to FOLLOWER at term 1 for DISCOVERED_A_NEW_TERM
2019-08-21 19:39:49,484 [1622df86-29a4-40da-b1f7-6b6973ca9708:group-AEAF78D22445:LeaderElection5] INFO  impl.RoleInfo (RoleInfo.java:shutdownLeaderElection(134)) - 1622df86-29a4-40da-b1f7-6b6973ca9708: shutdown LeaderElection
2019-08-21 19:39:49,484 [1622df86-29a4-40da-b1f7-6b6973ca9708:group-AEAF78D22445:LeaderElection5] INFO  impl.RoleInfo (RoleInfo.java:updateAndGet(143)) - 1622df86-29a4-40da-b1f7-6b6973ca9708: start FollowerState
2019-08-21 19:39:52,937 [ForkJoinPool.commonPool-worker-0] INFO  ozoneimpl.OzoneContainer (OzoneContainer.java:stop(199)) - Attempting to stop container services.
2019-08-21 19:39:52,938 [ForkJoinPool.commonPool-worker-0] INFO  impl.RaftServerProxy (RaftServerProxy.java:lambda$close$4(314)) - 1622df86-29a4-40da-b1f7-6b6973ca9708: close
2019-08-21 19:39:52,939 [ForkJoinPool.commonPool-worker-0] INFO  impl.RaftServerImpl (RaftServerImpl.java:lambda$shutdown$3(245)) - 1622df86-29a4-40da-b1f7-6b6973ca9708: shutdown group-9B531B847CC3
2019-08-21 19:39:52,939 [ForkJoinPool.commonPool-worker-0] INFO  util.JmxRegister (JmxRegister.java:unregister(73)) - Successfully un-registered JMX Bean with object name Ratis:service=RaftServer,group=group-9B531B847CC3,id=1622df86-29a4-40da-b1f7-6b6973ca9708
2019-08-21 19:39:52,939 [ForkJoinPool.commonPool-worker-0] INFO  impl.RoleInfo (RoleInfo.java:shutdownLeaderState(104)) - 1622df86-29a4-40da-b1f7-6b6973ca9708: shutdown LeaderState
2019-08-21 19:39:52,940 [ForkJoinPool.commonPool-worker-0] INFO  impl.PendingRequests (PendingRequests.java:sendNotLeaderResponses(202)) - 1622df86-29a4-40da-b1f7-6b6973ca9708-PendingRequests: sendNotLeaderResponses
2019-08-21 19:39:52,940 [ForkJoinPool.commonPool-worker-0] INFO  impl.StateMachineUpdater (StateMachineUpdater.java:stopAndJoin(115)) - StateMachineUpdater:1622df86-29a4-40da-b1f7-6b6973ca9708:group-9B531B847CC3: set stopIndex = 0
2019-08-21 19:39:52,941 [ForkJoinPool.commonPool-worker-0] INFO  impl.RaftServerImpl (ServerState.java:close(394)) - 1622df86-29a4-40da-b1f7-6b6973ca9708:group-9B531B847CC3 closes. The last applied log index is 0
2019-08-21 19:39:52,942 [1622df86-29a4-40da-b1f7-6b6973ca9708-SegmentedRaftLogWorker:Storage Directory /workdir/hadoop-ozone/integration-test/target/test-dir/MiniOzoneClusterImpl-5ae37d7a-dbea-4b49-8dc8-7d89e2ab45c4/datanode-2/data/ratis/94af2a7a-c711-4fda-870a-9b531b847cc3] INFO  segmented.SegmentedRaftLogWorker (SegmentedRaftLogWorker.java:run(313)) - 1622df86-29a4-40da-b1f7-6b6973ca9708-SegmentedRaftLogWorker:Storage Directory /workdir/hadoop-ozone/integration-test/target/test-dir/MiniOzoneClusterImpl-5ae37d7a-dbea-4b49-8dc8-7d89e2ab45c4/datanode-2/data/ratis/94af2a7a-c711-4fda-870a-9b531b847cc3 was interrupted, exiting. There are 0 tasks remaining in the queue.
2019-08-21 19:39:52,943 [ForkJoinPool.commonPool-worker-0] INFO  segmented.SegmentedRaftLogWorker (SegmentedRaftLogWorker.java:close(228)) - 1622df86-29a4-40da-b1f7-6b6973ca9708-SegmentedRaftLogWorker:Storage Directory /workdir/hadoop-ozone/integration-test/target/test-dir/MiniOzoneClusterImpl-5ae37d7a-dbea-4b49-8dc8-7d89e2ab45c4/datanode-2/data/ratis/94af2a7a-c711-4fda-870a-9b531b847cc3 close()
2019-08-21 19:39:52,945 [ForkJoinPool.commonPool-worker-0] INFO  impl.RaftServerImpl (RaftServerImpl.java:lambda$shutdown$3(245)) - 1622df86-29a4-40da-b1f7-6b6973ca9708: shutdown group-AEAF78D22445
2019-08-21 19:39:52,945 [ForkJoinPool.commonPool-worker-0] INFO  util.JmxRegister (JmxRegister.java:unregister(73)) - Successfully un-registered JMX Bean with object name Ratis:service=RaftServer,group=group-AEAF78D22445,id=1622df86-29a4-40da-b1f7-6b6973ca9708
2019-08-21 19:39:52,945 [ForkJoinPool.commonPool-worker-0] INFO  impl.RoleInfo (RoleInfo.java:shutdownFollowerState(121)) - 1622df86-29a4-40da-b1f7-6b6973ca9708: shutdown FollowerState
2019-08-21 19:39:52,946 [ForkJoinPool.commonPool-worker-0] INFO  impl.StateMachineUpdater (StateMachineUpdater.java:stopAndJoin(115)) - StateMachineUpdater:1622df86-29a4-40da-b1f7-6b6973ca9708:group-AEAF78D22445: set stopIndex = -1
2019-08-21 19:39:52,946 [Thread-234] INFO  impl.FollowerState (FollowerState.java:run(114)) - 1622df86-29a4-40da-b1f7-6b6973ca9708: FollowerState was interrupted: java.lang.InterruptedException: sleep interrupted
2019-08-21 19:39:52,949 [ForkJoinPool.commonPool-worker-0] INFO  impl.RaftServerImpl (ServerState.java:close(394)) - 1622df86-29a4-40da-b1f7-6b6973ca9708:group-AEAF78D22445 closes. The last applied log index is -1
2019-08-21 19:39:52,951 [1622df86-29a4-40da-b1f7-6b6973ca9708-SegmentedRaftLogWorker:Storage Directory /workdir/hadoop-ozone/integration-test/target/test-dir/MiniOzoneClusterImpl-5ae37d7a-dbea-4b49-8dc8-7d89e2ab45c4/datanode-2/data/ratis/b75dc62c-bf8c-4efb-8631-aeaf78d22445] INFO  segmented.SegmentedRaftLogWorker (SegmentedRaftLogWorker.java:run(313)) - 1622df86-29a4-40da-b1f7-6b6973ca9708-SegmentedRaftLogWorker:Storage Directory /workdir/hadoop-ozone/integration-test/target/test-dir/MiniOzoneClusterImpl-5ae37d7a-dbea-4b49-8dc8-7d89e2ab45c4/datanode-2/data/ratis/b75dc62c-bf8c-4efb-8631-aeaf78d22445 was interrupted, exiting. There are 0 tasks remaining in the queue.
2019-08-21 19:39:52,951 [ForkJoinPool.commonPool-worker-0] INFO  segmented.SegmentedRaftLogWorker (SegmentedRaftLogWorker.java:close(228)) - 1622df86-29a4-40da-b1f7-6b6973ca9708-SegmentedRaftLogWorker:Storage Directory /workdir/hadoop-ozone/integration-test/target/test-dir/MiniOzoneClusterImpl-5ae37d7a-dbea-4b49-8dc8-7d89e2ab45c4/datanode-2/data/ratis/b75dc62c-bf8c-4efb-8631-aeaf78d22445 close()
2019-08-21 19:39:52,952 [ForkJoinPool.commonPool-worker-0] INFO  server.GrpcService (GrpcService.java:closeImpl(155)) - 1622df86-29a4-40da-b1f7-6b6973ca9708: shutdown server with port 37740 now
2019-08-21 19:39:52,955 [ForkJoinPool.commonPool-worker-0] INFO  server.GrpcService (GrpcService.java:closeImpl(163)) - 1622df86-29a4-40da-b1f7-6b6973ca9708: shutdown server with port 37740 successfully
2019-08-21 19:39:52,963 [ForkJoinPool.commonPool-worker-0] INFO  utils.BackgroundService (BackgroundService.java:shutdown(148)) - Shutting down service BlockDeletingService
2019-08-21 19:39:52,964 [refreshUsed-/workdir/hadoop-ozone/integration-test/target/test-dir/MiniOzoneClusterImpl-5ae37d7a-dbea-4b49-8dc8-7d89e2ab45c4/datanode-2/data/containers] WARN  fs.CachingGetSpaceUsed (CachingGetSpaceUsed.java:run(183)) - Thread Interrupted waiting to refresh disk information: sleep interrupted
2019-08-21 19:39:52,983 [ForkJoinPool.commonPool-worker-0] INFO  statemachine.DatanodeStateMachine (DatanodeStateMachine.java:stopDaemon(395)) - Ozone container server stopped.
2019-08-21 19:39:52,985 [ForkJoinPool.commonPool-worker-0] INFO  handler.ContextHandler (ContextHandler.java:doStop(910)) - Stopped o.e.j.w.WebAppContext@10f405ff{/,null,UNAVAILABLE}{/hddsDatanode}
2019-08-21 19:39:52,986 [ForkJoinPool.commonPool-worker-0] INFO  server.AbstractConnector (AbstractConnector.java:doStop(318)) - Stopped ServerConnector@7f27f59b{HTTP/1.1,[http/1.1]}{0.0.0.0:0}
2019-08-21 19:39:52,987 [ForkJoinPool.commonPool-worker-0] INFO  handler.ContextHandler (ContextHandler.java:doStop(910)) - Stopped o.e.j.s.ServletContextHandler@26e8ff8c{/static,jar:file:/home/user/.m2/repository/org/apache/hadoop/hadoop-hdds-container-service/0.5.0-SNAPSHOT/hadoop-hdds-container-service-0.5.0-SNAPSHOT.jar!/webapps/static,UNAVAILABLE}
2019-08-21 19:39:52,988 [ForkJoinPool.commonPool-worker-0] INFO  handler.ContextHandler (ContextHandler.java:doStop(910)) - Stopped o.e.j.s.ServletContextHandler@7f0f84d4{/logs,file:///workdir/hadoop-ozone/integration-test/target/log,UNAVAILABLE}
2019-08-21 19:39:52,989 [main] INFO  ozone.MiniOzoneClusterImpl (MiniOzoneClusterImpl.java:stop(353)) - Stopping the StorageContainerManager
2019-08-21 19:39:52,989 [main] INFO  server.StorageContainerManager (StorageContainerManager.java:stop(797)) - Stopping Replication Manager Service.
2019-08-21 19:39:52,989 [main] INFO  container.ReplicationManager (ReplicationManager.java:stop(193)) - Stopping Replication Monitor Thread.
2019-08-21 19:39:52,989 [main] INFO  server.StorageContainerManager (StorageContainerManager.java:stop(804)) - Stopping Lease Manager of the command watchers
2019-08-21 19:39:52,990 [main] INFO  server.StorageContainerManager (StorageContainerManager.java:stop(811)) - Stopping datanode service RPC server
2019-08-21 19:39:52,990 [main] INFO  server.SCMDatanodeProtocolServer (SCMDatanodeProtocolServer.java:stop(367)) - Stopping the RPC server for DataNodes
2019-08-21 19:39:52,990 [main] INFO  ipc.Server (Server.java:stop(3082)) - Stopping server on 45953
2019-08-21 19:39:52,991 [IPC Server listener on 45953] INFO  ipc.Server (Server.java:run(1185)) - Stopping IPC Server listener on 45953
2019-08-21 19:39:52,992 [IPC Server Responder] INFO  ipc.Server (Server.java:run(1319)) - Stopping IPC Server Responder
2019-08-21 19:39:53,016 [SCM Heartbeat Processing Thread - 0] WARN  node.NodeStateManager (NodeStateManager.java:scheduleNextHealthCheck(646)) - Current Thread is interrupted, shutting down HB processing thread for Node Manager.
2019-08-21 19:39:53,016 [main] INFO  server.StorageContainerManager (StorageContainerManager.java:stop(819)) - Stopping block service RPC server
2019-08-21 19:39:53,016 [main] INFO  server.SCMBlockProtocolServer (SCMBlockProtocolServer.java:stop(148)) - Stopping the RPC server for Block Protocol
2019-08-21 19:39:53,017 [main] INFO  ipc.Server (Server.java:stop(3082)) - Stopping server on 34962
2019-08-21 19:39:53,018 [main] INFO  server.StorageContainerManager (StorageContainerManager.java:stop(826)) - Stopping the StorageContainerLocationProtocol RPC server
2019-08-21 19:39:53,019 [main] INFO  server.SCMClientProtocolServer (SCMClientProtocolServer.java:stop(159)) - Stopping the RPC server for Client Protocol
2019-08-21 19:39:53,022 [IPC Server listener on 34962] INFO  ipc.Server (Server.java:run(1185)) - Stopping IPC Server listener on 34962
2019-08-21 19:39:53,022 [main] INFO  ipc.Server (Server.java:stop(3082)) - Stopping server on 44717
2019-08-21 19:39:53,022 [IPC Server Responder] INFO  ipc.Server (Server.java:run(1319)) - Stopping IPC Server Responder
2019-08-21 19:39:53,024 [IPC Server listener on 44717] INFO  ipc.Server (Server.java:run(1185)) - Stopping IPC Server listener on 44717
2019-08-21 19:39:53,024 [main] INFO  server.StorageContainerManager (StorageContainerManager.java:stop(833)) - Stopping Storage Container Manager HTTP server.
2019-08-21 19:39:53,025 [IPC Server Responder] INFO  ipc.Server (Server.java:run(1319)) - Stopping IPC Server Responder
2019-08-21 19:39:53,026 [main] INFO  handler.ContextHandler (ContextHandler.java:doStop(910)) - Stopped o.e.j.w.WebAppContext@26b894bd{/,null,UNAVAILABLE}{/scm}
2019-08-21 19:39:53,027 [main] INFO  server.AbstractConnector (AbstractConnector.java:doStop(318)) - Stopped ServerConnector@35038141{HTTP/1.1,[http/1.1]}{0.0.0.0:0}
2019-08-21 19:39:53,027 [main] INFO  handler.ContextHandler (ContextHandler.java:doStop(910)) - Stopped o.e.j.s.ServletContextHandler@47a5b70d{/static,file:///workdir/hadoop-ozone/integration-test/target/test-classes/webapps/static,UNAVAILABLE}
2019-08-21 19:39:53,028 [main] INFO  handler.ContextHandler (ContextHandler.java:doStop(910)) - Stopped o.e.j.s.ServletContextHandler@54d18072{/logs,file:///workdir/hadoop-ozone/integration-test/target/log,UNAVAILABLE}
2019-08-21 19:39:53,030 [main] INFO  server.StorageContainerManager (StorageContainerManager.java:stop(844)) - Stopping Block Manager Service.
2019-08-21 19:39:53,030 [main] INFO  utils.BackgroundService (BackgroundService.java:shutdown(148)) - Shutting down service SCMBlockDeletingService
2019-08-21 19:39:53,031 [main] INFO  utils.BackgroundService (BackgroundService.java:shutdown(148)) - Shutting down service SCMBlockDeletingService
2019-08-21 19:39:53,032 [main] INFO  server.StorageContainerManager (StorageContainerManager.java:stop(866)) - Stopping SCM Event Queue.
2019-08-21 19:39:53,040 [main] INFO  impl.MetricsSystemImpl (MetricsSystemImpl.java:stop(210)) - Stopping HddsDatanode metrics system...
2019-08-21 19:39:53,044 [main] INFO  impl.MetricsSystemImpl (MetricsSystemImpl.java:stop(216)) - HddsDatanode metrics system stopped.
]]></system-out>
    <system-err><![CDATA[Aug 21, 2019 7:39:29 PM com.sun.jersey.server.impl.application.WebApplicationImpl _initiate
INFO: Initiating Jersey application, version 'Jersey: 1.19 02/11/2015 03:25 AM'
Aug 21, 2019 7:39:31 PM com.sun.jersey.server.impl.application.WebApplicationImpl _initiate
INFO: Initiating Jersey application, version 'Jersey: 1.19 02/11/2015 03:25 AM'
Aug 21, 2019 7:39:31 PM com.sun.jersey.server.impl.application.WebApplicationImpl _initiate
INFO: Initiating Jersey application, version 'Jersey: 1.19 02/11/2015 03:25 AM'
]]></system-err>
  </testcase>
  <testcase name="testPipelineCloseWithOpenContainer" classname="org.apache.hadoop.hdds.scm.pipeline.TestPipelineClose" time="16.872"/>
  <testcase name="testPipelineCloseWithClosedContainer" classname="org.apache.hadoop.hdds.scm.pipeline.TestPipelineClose" time="18.511"/>
  <testcase name="testPipelineCloseWithLogFailure" classname="org.apache.hadoop.hdds.scm.pipeline.TestPipelineClose" time="16.728"/>
</testsuite>