<?xml version="1.0" encoding="UTF-8"?>
<testsuite xmlns:xsi="http://www.w3.org/2001/XMLSchema-instance" xsi:noNamespaceSchemaLocation="https://maven.apache.org/surefire/maven-surefire-plugin/xsd/surefire-test-report.xsd" name="org.apache.hadoop.ozone.client.rpc.TestContainerReplication" time="25.873" tests="1" errors="1" skipped="0" failures="0">
  <properties>
    <property name="awt.toolkit" value="sun.awt.X11.XToolkit"/>
    <property name="file.encoding.pkg" value="sun.io"/>
    <property name="java.specification.version" value="1.8"/>
    <property name="sun.cpu.isalist" value=""/>
    <property name="sun.jnu.encoding" value="UTF-8"/>
    <property name="java.class.path" value="/workdir/hadoop-ozone/integration-test/target/test-classes:/workdir/hadoop-ozone/integration-test/target/classes:/home/user/.m2/repository/org/apache/hadoop/hadoop-ozone-common/0.5.0-SNAPSHOT/hadoop-ozone-common-0.5.0-SNAPSHOT.jar:/home/user/.m2/repository/org/apache/commons/commons-compress/1.4.1/commons-compress-1.4.1.jar:/home/user/.m2/repository/org/tukaani/xz/1.0/xz-1.0.jar:/home/user/.m2/repository/org/apache/hadoop/hadoop-common/3.2.0/hadoop-common-3.2.0.jar:/home/user/.m2/repository/org/apache/hadoop/hadoop-hdfs/3.2.0/hadoop-hdfs-3.2.0.jar:/home/user/.m2/repository/org/apache/hadoop/hadoop-hdfs-client/3.2.0/hadoop-hdfs-client-3.2.0.jar:/home/user/.m2/repository/com/fasterxml/jackson/core/jackson-annotations/2.9.5/jackson-annotations-2.9.5.jar:/home/user/.m2/repository/org/apache/hadoop/hadoop-hdds-common/0.5.0-SNAPSHOT/hadoop-hdds-common-0.5.0-SNAPSHOT.jar:/home/user/.m2/repository/javax/annotation/javax.annotation-api/1.2/javax.annotation-api-1.2.jar:/home/user/.m2/repository/org/apache/ratis/ratis-server/0.4.0-2337318-SNAPSHOT/ratis-server-0.4.0-2337318-SNAPSHOT.jar:/home/user/.m2/repository/org/apache/ratis/ratis-thirdparty-misc/0.2.0/ratis-thirdparty-misc-0.2.0.jar:/home/user/.m2/repository/org/apache/ratis/ratis-proto/0.4.0-2337318-SNAPSHOT/ratis-proto-0.4.0-2337318-SNAPSHOT.jar:/home/user/.m2/repository/org/apache/ratis/ratis-common/0.4.0-2337318-SNAPSHOT/ratis-common-0.4.0-2337318-SNAPSHOT.jar:/home/user/.m2/repository/org/apache/ratis/ratis-client/0.4.0-2337318-SNAPSHOT/ratis-client-0.4.0-2337318-SNAPSHOT.jar:/home/user/.m2/repository/org/apache/ratis/ratis-metrics/0.4.0-2337318-SNAPSHOT/ratis-metrics-0.4.0-2337318-SNAPSHOT.jar:/home/user/.m2/repository/org/apache/ratis/ratis-netty/0.4.0-2337318-SNAPSHOT/ratis-netty-0.4.0-2337318-SNAPSHOT.jar:/home/user/.m2/repository/org/apache/ratis/ratis-grpc/0.4.0-2337318-SNAPSHOT/ratis-grpc-0.4.0-2337318-SNAPSHOT.jar:/home/user/.m2/repository/org/rocksdb/rocksdbjni/6.0.1/rocksdbjni-6.0.1.jar:/home/user/.m2/repository/org/apache/logging/log4j/log4j-api/2.11.0/log4j-api-2.11.0.jar:/home/user/.m2/repository/org/apache/logging/log4j/log4j-core/2.11.0/log4j-core-2.11.0.jar:/home/user/.m2/repository/com/lmax/disruptor/3.4.2/disruptor-3.4.2.jar:/home/user/.m2/repository/org/apache/commons/commons-pool2/2.6.0/commons-pool2-2.6.0.jar:/home/user/.m2/repository/org/bouncycastle/bcpkix-jdk15on/1.60/bcpkix-jdk15on-1.60.jar:/home/user/.m2/repository/commons-validator/commons-validator/1.6/commons-validator-1.6.jar:/home/user/.m2/repository/commons-digester/commons-digester/1.8.1/commons-digester-1.8.1.jar:/home/user/.m2/repository/io/jaegertracing/jaeger-client/0.33.1/jaeger-client-0.33.1.jar:/home/user/.m2/repository/io/jaegertracing/jaeger-thrift/0.33.1/jaeger-thrift-0.33.1.jar:/home/user/.m2/repository/org/apache/thrift/libthrift/0.11.0/libthrift-0.11.0.jar:/home/user/.m2/repository/com/squareup/okhttp3/okhttp/3.9.0/okhttp-3.9.0.jar:/home/user/.m2/repository/com/squareup/okio/okio/1.13.0/okio-1.13.0.jar:/home/user/.m2/repository/io/jaegertracing/jaeger-core/0.33.1/jaeger-core-0.33.1.jar:/home/user/.m2/repository/io/jaegertracing/jaeger-tracerresolver/0.33.1/jaeger-tracerresolver-0.33.1.jar:/home/user/.m2/repository/io/opentracing/contrib/opentracing-tracerresolver/0.1.5/opentracing-tracerresolver-0.1.5.jar:/home/user/.m2/repository/io/opentracing/opentracing-util/0.31.0/opentracing-util-0.31.0.jar:/home/user/.m2/repository/io/opentracing/opentracing-api/0.31.0/opentracing-api-0.31.0.jar:/home/user/.m2/repository/io/opentracing/opentracing-noop/0.31.0/opentracing-noop-0.31.0.jar:/home/user/.m2/repository/org/apache/hadoop/hadoop-hdds-server-framework/0.5.0-SNAPSHOT/hadoop-hdds-server-framework-0.5.0-SNAPSHOT.jar:/home/user/.m2/repository/org/apache/hadoop/hadoop-hdds-container-service/0.5.0-SNAPSHOT/hadoop-hdds-container-service-0.5.0-SNAPSHOT.jar:/home/user/.m2/repository/org/apache/hadoop/hadoop-hdds-client/0.5.0-SNAPSHOT/hadoop-hdds-client-0.5.0-SNAPSHOT.jar:/home/user/.m2/repository/org/apache/hadoop/hadoop-hdds-tools/0.5.0-SNAPSHOT/hadoop-hdds-tools-0.5.0-SNAPSHOT.jar:/home/user/.m2/repository/org/apache/hadoop/hadoop-hdds-server-scm/0.5.0-SNAPSHOT/hadoop-hdds-server-scm-0.5.0-SNAPSHOT.jar:/home/user/.m2/repository/org/apache/hadoop/hadoop-hdds-docs/0.5.0-SNAPSHOT/hadoop-hdds-docs-0.5.0-SNAPSHOT.jar:/home/user/.m2/repository/io/dropwizard/metrics/metrics-core/3.2.4/metrics-core-3.2.4.jar:/home/user/.m2/repository/org/hamcrest/hamcrest-all/1.3/hamcrest-all-1.3.jar:/home/user/.m2/repository/org/bouncycastle/bcprov-jdk15on/1.60/bcprov-jdk15on-1.60.jar:/home/user/.m2/repository/info/picocli/picocli/3.9.6/picocli-3.9.6.jar:/home/user/.m2/repository/com/google/protobuf/protobuf-java/2.5.0/protobuf-java-2.5.0.jar:/home/user/.m2/repository/com/google/guava/guava/11.0.2/guava-11.0.2.jar:/home/user/.m2/repository/org/apache/hadoop/hadoop-ozone-ozone-manager/0.5.0-SNAPSHOT/hadoop-ozone-ozone-manager-0.5.0-SNAPSHOT.jar:/home/user/.m2/repository/org/apache/hadoop/hadoop-minikdc/3.2.0/hadoop-minikdc-3.2.0.jar:/home/user/.m2/repository/commons-io/commons-io/2.5/commons-io-2.5.jar:/home/user/.m2/repository/org/apache/kerby/kerb-simplekdc/1.0.1/kerb-simplekdc-1.0.1.jar:/home/user/.m2/repository/org/apache/kerby/kerb-client/1.0.1/kerb-client-1.0.1.jar:/home/user/.m2/repository/org/apache/kerby/kerby-config/1.0.1/kerby-config-1.0.1.jar:/home/user/.m2/repository/org/apache/kerby/kerb-core/1.0.1/kerb-core-1.0.1.jar:/home/user/.m2/repository/org/apache/kerby/kerby-pkix/1.0.1/kerby-pkix-1.0.1.jar:/home/user/.m2/repository/org/apache/kerby/kerby-asn1/1.0.1/kerby-asn1-1.0.1.jar:/home/user/.m2/repository/org/apache/kerby/kerby-util/1.0.1/kerby-util-1.0.1.jar:/home/user/.m2/repository/org/apache/kerby/kerb-common/1.0.1/kerb-common-1.0.1.jar:/home/user/.m2/repository/org/apache/kerby/kerb-crypto/1.0.1/kerb-crypto-1.0.1.jar:/home/user/.m2/repository/org/apache/kerby/kerb-util/1.0.1/kerb-util-1.0.1.jar:/home/user/.m2/repository/org/apache/kerby/token-provider/1.0.1/token-provider-1.0.1.jar:/home/user/.m2/repository/org/apache/kerby/kerb-admin/1.0.1/kerb-admin-1.0.1.jar:/home/user/.m2/repository/org/apache/kerby/kerb-server/1.0.1/kerb-server-1.0.1.jar:/home/user/.m2/repository/org/apache/kerby/kerb-identity/1.0.1/kerb-identity-1.0.1.jar:/home/user/.m2/repository/org/apache/kerby/kerby-xdr/1.0.1/kerby-xdr-1.0.1.jar:/home/user/.m2/repository/org/slf4j/slf4j-log4j12/1.7.25/slf4j-log4j12-1.7.25.jar:/home/user/.m2/repository/org/apache/hadoop/hadoop-ozone-s3gateway/0.5.0-SNAPSHOT/hadoop-ozone-s3gateway-0.5.0-SNAPSHOT.jar:/home/user/.m2/repository/org/jboss/weld/servlet/weld-servlet/2.4.7.Final/weld-servlet-2.4.7.Final.jar:/home/user/.m2/repository/org/glassfish/jersey/containers/jersey-container-servlet-core/2.27/jersey-container-servlet-core-2.27.jar:/home/user/.m2/repository/org/glassfish/hk2/external/javax.inject/2.5.0-b42/javax.inject-2.5.0-b42.jar:/home/user/.m2/repository/org/glassfish/jersey/core/jersey-common/2.27/jersey-common-2.27.jar:/home/user/.m2/repository/org/glassfish/hk2/osgi-resource-locator/1.0.1/osgi-resource-locator-1.0.1.jar:/home/user/.m2/repository/javax/ws/rs/javax.ws.rs-api/2.1/javax.ws.rs-api-2.1.jar:/home/user/.m2/repository/org/glassfish/jersey/ext/cdi/jersey-cdi1x/2.27/jersey-cdi1x-2.27.jar:/home/user/.m2/repository/org/glassfish/jersey/inject/jersey-hk2/2.27/jersey-hk2-2.27.jar:/home/user/.m2/repository/org/glassfish/hk2/hk2-locator/2.5.0-b42/hk2-locator-2.5.0-b42.jar:/home/user/.m2/repository/org/javassist/javassist/3.22.0-CR2/javassist-3.22.0-CR2.jar:/home/user/.m2/repository/org/glassfish/hk2/hk2-api/2.5.0/hk2-api-2.5.0.jar:/home/user/.m2/repository/org/glassfish/hk2/external/jakarta.inject/2.5.0/jakarta.inject-2.5.0.jar:/home/user/.m2/repository/org/glassfish/hk2/hk2-utils/2.5.0/hk2-utils-2.5.0.jar:/home/user/.m2/repository/jakarta/annotation/jakarta.annotation-api/1.3.4/jakarta.annotation-api-1.3.4.jar:/home/user/.m2/repository/org/glassfish/hk2/external/aopalliance-repackaged/2.5.0/aopalliance-repackaged-2.5.0.jar:/home/user/.m2/repository/com/fasterxml/jackson/dataformat/jackson-dataformat-xml/2.9.0/jackson-dataformat-xml-2.9.0.jar:/home/user/.m2/repository/com/fasterxml/jackson/core/jackson-core/2.9.5/jackson-core-2.9.5.jar:/home/user/.m2/repository/com/fasterxml/jackson/module/jackson-module-jaxb-annotations/2.9.5/jackson-module-jaxb-annotations-2.9.5.jar:/home/user/.m2/repository/javax/enterprise/cdi-api/1.2/cdi-api-1.2.jar:/home/user/.m2/repository/javax/el/javax.el-api/3.0.0/javax.el-api-3.0.0.jar:/home/user/.m2/repository/javax/interceptor/javax.interceptor-api/1.2/javax.interceptor-api-1.2.jar:/home/user/.m2/repository/javax/inject/javax.inject/1/javax.inject-1.jar:/home/user/.m2/repository/com/sun/xml/bind/jaxb-impl/2.3.0.1/jaxb-impl-2.3.0.1.jar:/home/user/.m2/repository/com/sun/xml/bind/jaxb-core/2.3.0.1/jaxb-core-2.3.0.1.jar:/home/user/.m2/repository/javax/xml/bind/jaxb-api/2.3.0/jaxb-api-2.3.0.jar:/home/user/.m2/repository/javax/activation/activation/1.1.1/activation-1.1.1.jar:/home/user/.m2/repository/org/apache/hadoop/hadoop-ozone-csi/0.5.0-SNAPSHOT/hadoop-ozone-csi-0.5.0-SNAPSHOT.jar:/home/user/.m2/repository/com/google/protobuf/protobuf-java-util/3.5.1/protobuf-java-util-3.5.1.jar:/home/user/.m2/repository/org/apache/hadoop/hadoop-hdds-config/0.5.0-SNAPSHOT/hadoop-hdds-config-0.5.0-SNAPSHOT.jar:/home/user/.m2/repository/io/grpc/grpc-netty/1.17.1/grpc-netty-1.17.1.jar:/home/user/.m2/repository/io/grpc/grpc-core/1.17.1/grpc-core-1.17.1.jar:/home/user/.m2/repository/io/grpc/grpc-context/1.17.1/grpc-context-1.17.1.jar:/home/user/.m2/repository/com/google/errorprone/error_prone_annotations/2.2.0/error_prone_annotations-2.2.0.jar:/home/user/.m2/repository/org/codehaus/mojo/animal-sniffer-annotations/1.17/animal-sniffer-annotations-1.17.jar:/home/user/.m2/repository/io/opencensus/opencensus-api/0.17.0/opencensus-api-0.17.0.jar:/home/user/.m2/repository/io/opencensus/opencensus-contrib-grpc-metrics/0.17.0/opencensus-contrib-grpc-metrics-0.17.0.jar:/home/user/.m2/repository/io/netty/netty-codec-http2/4.1.30.Final/netty-codec-http2-4.1.30.Final.jar:/home/user/.m2/repository/io/netty/netty-codec-http/4.1.30.Final/netty-codec-http-4.1.30.Final.jar:/home/user/.m2/repository/io/netty/netty-codec/4.1.30.Final/netty-codec-4.1.30.Final.jar:/home/user/.m2/repository/io/netty/netty-handler/4.1.30.Final/netty-handler-4.1.30.Final.jar:/home/user/.m2/repository/io/netty/netty-handler-proxy/4.1.30.Final/netty-handler-proxy-4.1.30.Final.jar:/home/user/.m2/repository/io/netty/netty-codec-socks/4.1.30.Final/netty-codec-socks-4.1.30.Final.jar:/home/user/.m2/repository/io/netty/netty-transport-native-epoll/4.1.30.Final/netty-transport-native-epoll-4.1.30.Final.jar:/home/user/.m2/repository/io/netty/netty-common/4.1.30.Final/netty-common-4.1.30.Final.jar:/home/user/.m2/repository/io/netty/netty-buffer/4.1.30.Final/netty-buffer-4.1.30.Final.jar:/home/user/.m2/repository/io/netty/netty-transport/4.1.30.Final/netty-transport-4.1.30.Final.jar:/home/user/.m2/repository/io/netty/netty-resolver/4.1.30.Final/netty-resolver-4.1.30.Final.jar:/home/user/.m2/repository/io/netty/netty-transport-native-unix-common/4.1.30.Final/netty-transport-native-unix-common-4.1.30.Final.jar:/home/user/.m2/repository/io/grpc/grpc-protobuf/1.17.1/grpc-protobuf-1.17.1.jar:/home/user/.m2/repository/com/google/api/grpc/proto-google-common-protos/1.0.0/proto-google-common-protos-1.0.0.jar:/home/user/.m2/repository/io/grpc/grpc-protobuf-lite/1.17.1/grpc-protobuf-lite-1.17.1.jar:/home/user/.m2/repository/io/grpc/grpc-stub/1.17.1/grpc-stub-1.17.1.jar:/home/user/.m2/repository/org/apache/hadoop/hadoop-ozone-recon/0.5.0-SNAPSHOT/hadoop-ozone-recon-0.5.0-SNAPSHOT.jar:/home/user/.m2/repository/org/apache/hadoop/hadoop-ozone-reconcodegen/0.5.0-SNAPSHOT/hadoop-ozone-reconcodegen-0.5.0-SNAPSHOT.jar:/home/user/.m2/repository/com/google/inject/extensions/guice-multibindings/4.0/guice-multibindings-4.0.jar:/home/user/.m2/repository/com/google/inject/guice/4.0/guice-4.0.jar:/home/user/.m2/repository/aopalliance/aopalliance/1.0/aopalliance-1.0.jar:/home/user/.m2/repository/com/google/inject/extensions/guice-servlet/4.0/guice-servlet-4.0.jar:/home/user/.m2/repository/org/glassfish/jersey/containers/jersey-container-servlet/2.27/jersey-container-servlet-2.27.jar:/home/user/.m2/repository/org/glassfish/hk2/guice-bridge/2.5.0/guice-bridge-2.5.0.jar:/home/user/.m2/repository/org/glassfish/jersey/core/jersey-server/2.27/jersey-server-2.27.jar:/home/user/.m2/repository/org/glassfish/jersey/core/jersey-client/2.27/jersey-client-2.27.jar:/home/user/.m2/repository/org/glassfish/jersey/media/jersey-media-jaxb/2.27/jersey-media-jaxb-2.27.jar:/home/user/.m2/repository/javax/validation/validation-api/1.1.0.Final/validation-api-1.1.0.Final.jar:/home/user/.m2/repository/org/glassfish/jersey/media/jersey-media-json-jackson/2.27/jersey-media-json-jackson-2.27.jar:/home/user/.m2/repository/org/glassfish/jersey/ext/jersey-entity-filtering/2.27/jersey-entity-filtering-2.27.jar:/home/user/.m2/repository/com/google/inject/extensions/guice-assistedinject/4.0/guice-assistedinject-4.0.jar:/home/user/.m2/repository/org/jooq/jooq/3.11.10/jooq-3.11.10.jar:/home/user/.m2/repository/org/jooq/jooq-meta/3.11.10/jooq-meta-3.11.10.jar:/home/user/.m2/repository/org/jooq/jooq-codegen/3.11.10/jooq-codegen-3.11.10.jar:/home/user/.m2/repository/com/jolbox/bonecp/0.8.0.RELEASE/bonecp-0.8.0.RELEASE.jar:/home/user/.m2/repository/org/xerial/sqlite-jdbc/3.25.2/sqlite-jdbc-3.25.2.jar:/home/user/.m2/repository/org/springframework/spring-jdbc/5.1.3.RELEASE/spring-jdbc-5.1.3.RELEASE.jar:/home/user/.m2/repository/org/springframework/spring-beans/5.1.3.RELEASE/spring-beans-5.1.3.RELEASE.jar:/home/user/.m2/repository/org/springframework/spring-core/5.1.3.RELEASE/spring-core-5.1.3.RELEASE.jar:/home/user/.m2/repository/org/springframework/spring-jcl/5.1.3.RELEASE/spring-jcl-5.1.3.RELEASE.jar:/home/user/.m2/repository/org/springframework/spring-tx/5.1.3.RELEASE/spring-tx-5.1.3.RELEASE.jar:/home/user/.m2/repository/org/apache/hadoop/hadoop-ozone-client/0.5.0-SNAPSHOT/hadoop-ozone-client-0.5.0-SNAPSHOT.jar:/home/user/.m2/repository/commons-lang/commons-lang/2.6/commons-lang-2.6.jar:/home/user/.m2/repository/org/apache/hadoop/hadoop-ozone-ozone-manager/0.5.0-SNAPSHOT/hadoop-ozone-ozone-manager-0.5.0-SNAPSHOT-tests.jar:/home/user/.m2/repository/junit/junit/4.11/junit-4.11.jar:/home/user/.m2/repository/org/hamcrest/hamcrest-core/1.3/hamcrest-core-1.3.jar:/home/user/.m2/repository/org/openjdk/jmh/jmh-core/1.19/jmh-core-1.19.jar:/home/user/.m2/repository/net/sf/jopt-simple/jopt-simple/4.6/jopt-simple-4.6.jar:/home/user/.m2/repository/org/apache/commons/commons-math3/3.1.1/commons-math3-3.1.1.jar:/home/user/.m2/repository/org/openjdk/jmh/jmh-generator-annprocess/1.19/jmh-generator-annprocess-1.19.jar:/home/user/.m2/repository/org/mockito/mockito-all/1.8.5/mockito-all-1.8.5.jar:/home/user/.m2/repository/org/apache/hadoop/hadoop-kms/3.2.0/hadoop-kms-3.2.0.jar:/home/user/.m2/repository/org/apache/hadoop/hadoop-auth/3.2.0/hadoop-auth-3.2.0.jar:/home/user/.m2/repository/com/nimbusds/nimbus-jose-jwt/4.41.1/nimbus-jose-jwt-4.41.1.jar:/home/user/.m2/repository/com/github/stephenc/jcip/jcip-annotations/1.0-1/jcip-annotations-1.0-1.jar:/home/user/.m2/repository/net/minidev/json-smart/2.3/json-smart-2.3.jar:/home/user/.m2/repository/net/minidev/accessors-smart/1.2/accessors-smart-1.2.jar:/home/user/.m2/repository/org/ow2/asm/asm/5.0.4/asm-5.0.4.jar:/home/user/.m2/repository/org/apache/curator/curator-framework/2.12.0/curator-framework-2.12.0.jar:/home/user/.m2/repository/com/sun/jersey/jersey-core/1.19/jersey-core-1.19.jar:/home/user/.m2/repository/javax/ws/rs/jsr311-api/1.1.1/jsr311-api-1.1.1.jar:/home/user/.m2/repository/com/sun/jersey/jersey-server/1.19/jersey-server-1.19.jar:/home/user/.m2/repository/javax/servlet/javax.servlet-api/3.1.0/javax.servlet-api-3.1.0.jar:/home/user/.m2/repository/org/eclipse/jetty/jetty-server/9.3.24.v20180605/jetty-server-9.3.24.v20180605.jar:/home/user/.m2/repository/org/eclipse/jetty/jetty-http/9.3.24.v20180605/jetty-http-9.3.24.v20180605.jar:/home/user/.m2/repository/org/eclipse/jetty/jetty-io/9.3.24.v20180605/jetty-io-9.3.24.v20180605.jar:/home/user/.m2/repository/org/eclipse/jetty/jetty-webapp/9.3.24.v20180605/jetty-webapp-9.3.24.v20180605.jar:/home/user/.m2/repository/org/eclipse/jetty/jetty-xml/9.3.24.v20180605/jetty-xml-9.3.24.v20180605.jar:/home/user/.m2/repository/log4j/log4j/1.2.17/log4j-1.2.17.jar:/home/user/.m2/repository/org/slf4j/slf4j-api/1.7.25/slf4j-api-1.7.25.jar:/home/user/.m2/repository/org/slf4j/jul-to-slf4j/1.7.25/jul-to-slf4j-1.7.25.jar:/home/user/.m2/repository/org/eclipse/jetty/jetty-util/9.3.24.v20180605/jetty-util-9.3.24.v20180605.jar:/home/user/.m2/repository/com/fasterxml/jackson/core/jackson-databind/2.9.5/jackson-databind-2.9.5.jar:/home/user/.m2/repository/org/apache/hadoop/hadoop-kms/3.2.0/hadoop-kms-3.2.0-tests.jar:/home/user/.m2/repository/org/apache/hadoop/hadoop-hdds-server-scm/0.5.0-SNAPSHOT/hadoop-hdds-server-scm-0.5.0-SNAPSHOT-tests.jar:/home/user/.m2/repository/org/apache/hadoop/hadoop-hdds-container-service/0.5.0-SNAPSHOT/hadoop-hdds-container-service-0.5.0-SNAPSHOT-tests.jar:/home/user/.m2/repository/org/yaml/snakeyaml/1.16/snakeyaml-1.16.jar:/home/user/.m2/repository/org/apache/hadoop/hadoop-common/3.2.0/hadoop-common-3.2.0-tests.jar:/home/user/.m2/repository/org/apache/hadoop/hadoop-annotations/3.2.0/hadoop-annotations-3.2.0.jar:/usr/lib/jvm/java-1.8-openjdk/jre/../lib/tools.jar:/home/user/.m2/repository/commons-cli/commons-cli/1.2/commons-cli-1.2.jar:/home/user/.m2/repository/org/apache/httpcomponents/httpclient/4.5.2/httpclient-4.5.2.jar:/home/user/.m2/repository/org/apache/httpcomponents/httpcore/4.4.4/httpcore-4.4.4.jar:/home/user/.m2/repository/commons-codec/commons-codec/1.11/commons-codec-1.11.jar:/home/user/.m2/repository/commons-net/commons-net/3.6/commons-net-3.6.jar:/home/user/.m2/repository/commons-collections/commons-collections/3.2.2/commons-collections-3.2.2.jar:/home/user/.m2/repository/org/eclipse/jetty/jetty-servlet/9.3.24.v20180605/jetty-servlet-9.3.24.v20180605.jar:/home/user/.m2/repository/org/eclipse/jetty/jetty-security/9.3.24.v20180605/jetty-security-9.3.24.v20180605.jar:/home/user/.m2/repository/javax/servlet/jsp/jsp-api/2.1/jsp-api-2.1.jar:/home/user/.m2/repository/com/sun/jersey/jersey-servlet/1.19/jersey-servlet-1.19.jar:/home/user/.m2/repository/com/sun/jersey/jersey-json/1.19/jersey-json-1.19.jar:/home/user/.m2/repository/org/codehaus/jettison/jettison/1.1/jettison-1.1.jar:/home/user/.m2/repository/org/codehaus/jackson/jackson-core-asl/1.9.13/jackson-core-asl-1.9.13.jar:/home/user/.m2/repository/org/codehaus/jackson/jackson-mapper-asl/1.9.13/jackson-mapper-asl-1.9.13.jar:/home/user/.m2/repository/org/codehaus/jackson/jackson-jaxrs/1.9.13/jackson-jaxrs-1.9.13.jar:/home/user/.m2/repository/org/codehaus/jackson/jackson-xc/1.9.13/jackson-xc-1.9.13.jar:/home/user/.m2/repository/commons-logging/commons-logging/1.1.3/commons-logging-1.1.3.jar:/home/user/.m2/repository/commons-beanutils/commons-beanutils/1.9.3/commons-beanutils-1.9.3.jar:/home/user/.m2/repository/org/apache/commons/commons-configuration2/2.1.1/commons-configuration2-2.1.1.jar:/home/user/.m2/repository/org/apache/commons/commons-lang3/3.7/commons-lang3-3.7.jar:/home/user/.m2/repository/org/apache/commons/commons-text/1.4/commons-text-1.4.jar:/home/user/.m2/repository/org/apache/avro/avro/1.7.7/avro-1.7.7.jar:/home/user/.m2/repository/com/thoughtworks/paranamer/paranamer/2.3/paranamer-2.3.jar:/home/user/.m2/repository/org/xerial/snappy/snappy-java/1.0.5/snappy-java-1.0.5.jar:/home/user/.m2/repository/com/google/re2j/re2j/1.1/re2j-1.1.jar:/home/user/.m2/repository/com/google/code/gson/gson/2.2.4/gson-2.2.4.jar:/home/user/.m2/repository/com/jcraft/jsch/0.1.54/jsch-0.1.54.jar:/home/user/.m2/repository/org/apache/curator/curator-client/2.12.0/curator-client-2.12.0.jar:/home/user/.m2/repository/org/apache/curator/curator-recipes/2.12.0/curator-recipes-2.12.0.jar:/home/user/.m2/repository/com/google/code/findbugs/jsr305/3.0.0/jsr305-3.0.0.jar:/home/user/.m2/repository/org/apache/htrace/htrace-core4/4.1.0-incubating/htrace-core4-4.1.0-incubating.jar:/home/user/.m2/repository/org/apache/zookeeper/zookeeper/3.4.13/zookeeper-3.4.13.jar:/home/user/.m2/repository/org/apache/yetus/audience-annotations/0.5.0/audience-annotations-0.5.0.jar:/home/user/.m2/repository/org/codehaus/woodstox/stax2-api/3.1.4/stax2-api-3.1.4.jar:/home/user/.m2/repository/com/fasterxml/woodstox/woodstox-core/5.0.3/woodstox-core-5.0.3.jar:/home/user/.m2/repository/dnsjava/dnsjava/2.1.7/dnsjava-2.1.7.jar:/home/user/.m2/repository/org/apache/hadoop/hadoop-hdfs/3.2.0/hadoop-hdfs-3.2.0-tests.jar:/home/user/.m2/repository/org/eclipse/jetty/jetty-util-ajax/9.3.24.v20180605/jetty-util-ajax-9.3.24.v20180605.jar:/home/user/.m2/repository/commons-daemon/commons-daemon/1.0.13/commons-daemon-1.0.13.jar:/home/user/.m2/repository/io/netty/netty/3.10.5.Final/netty-3.10.5.Final.jar:/home/user/.m2/repository/io/netty/netty-all/4.0.52.Final/netty-all-4.0.52.Final.jar:/home/user/.m2/repository/org/fusesource/leveldbjni/leveldbjni-all/1.8/leveldbjni-all-1.8.jar:"/>
    <property name="java.vm.vendor" value="IcedTea"/>
    <property name="sun.arch.data.model" value="64"/>
    <property name="test.build.dir" value="/workdir/hadoop-ozone/integration-test/target/test-dir"/>
    <property name="test.cache.data" value=""/>
    <property name="java.vendor.url" value="https://icedtea.classpath.org"/>
    <property name="user.timezone" value=""/>
    <property name="java.vm.specification.version" value="1.8"/>
    <property name="os.name" value="Linux"/>
    <property name="test.build.data" value="/workdir/hadoop-ozone/integration-test/target/test-dir"/>
    <property name="user.country" value="US"/>
    <property name="sun.java.launcher" value="SUN_STANDARD"/>
    <property name="sun.boot.library.path" value="/usr/lib/jvm/java-1.8-openjdk/jre/lib/amd64"/>
    <property name="sun.java.command" value="/workdir/hadoop-ozone/integration-test/target/surefire/surefirebooter5751319030983028454.jar /workdir/hadoop-ozone/integration-test/target/surefire 2019-09-11T09-05-34_828-jvmRun1 surefire4016328387415691464tmp surefire_289198501811775553855tmp"/>
    <property name="test" value="!TestMiniChaosOzoneCluster"/>
    <property name="surefire.test.class.path" value="/workdir/hadoop-ozone/integration-test/target/test-classes:/workdir/hadoop-ozone/integration-test/target/classes:/home/user/.m2/repository/org/apache/hadoop/hadoop-ozone-common/0.5.0-SNAPSHOT/hadoop-ozone-common-0.5.0-SNAPSHOT.jar:/home/user/.m2/repository/org/apache/commons/commons-compress/1.4.1/commons-compress-1.4.1.jar:/home/user/.m2/repository/org/tukaani/xz/1.0/xz-1.0.jar:/home/user/.m2/repository/org/apache/hadoop/hadoop-common/3.2.0/hadoop-common-3.2.0.jar:/home/user/.m2/repository/org/apache/hadoop/hadoop-hdfs/3.2.0/hadoop-hdfs-3.2.0.jar:/home/user/.m2/repository/org/apache/hadoop/hadoop-hdfs-client/3.2.0/hadoop-hdfs-client-3.2.0.jar:/home/user/.m2/repository/com/fasterxml/jackson/core/jackson-annotations/2.9.5/jackson-annotations-2.9.5.jar:/home/user/.m2/repository/org/apache/hadoop/hadoop-hdds-common/0.5.0-SNAPSHOT/hadoop-hdds-common-0.5.0-SNAPSHOT.jar:/home/user/.m2/repository/javax/annotation/javax.annotation-api/1.2/javax.annotation-api-1.2.jar:/home/user/.m2/repository/org/apache/ratis/ratis-server/0.4.0-2337318-SNAPSHOT/ratis-server-0.4.0-2337318-SNAPSHOT.jar:/home/user/.m2/repository/org/apache/ratis/ratis-thirdparty-misc/0.2.0/ratis-thirdparty-misc-0.2.0.jar:/home/user/.m2/repository/org/apache/ratis/ratis-proto/0.4.0-2337318-SNAPSHOT/ratis-proto-0.4.0-2337318-SNAPSHOT.jar:/home/user/.m2/repository/org/apache/ratis/ratis-common/0.4.0-2337318-SNAPSHOT/ratis-common-0.4.0-2337318-SNAPSHOT.jar:/home/user/.m2/repository/org/apache/ratis/ratis-client/0.4.0-2337318-SNAPSHOT/ratis-client-0.4.0-2337318-SNAPSHOT.jar:/home/user/.m2/repository/org/apache/ratis/ratis-metrics/0.4.0-2337318-SNAPSHOT/ratis-metrics-0.4.0-2337318-SNAPSHOT.jar:/home/user/.m2/repository/org/apache/ratis/ratis-netty/0.4.0-2337318-SNAPSHOT/ratis-netty-0.4.0-2337318-SNAPSHOT.jar:/home/user/.m2/repository/org/apache/ratis/ratis-grpc/0.4.0-2337318-SNAPSHOT/ratis-grpc-0.4.0-2337318-SNAPSHOT.jar:/home/user/.m2/repository/org/rocksdb/rocksdbjni/6.0.1/rocksdbjni-6.0.1.jar:/home/user/.m2/repository/org/apache/logging/log4j/log4j-api/2.11.0/log4j-api-2.11.0.jar:/home/user/.m2/repository/org/apache/logging/log4j/log4j-core/2.11.0/log4j-core-2.11.0.jar:/home/user/.m2/repository/com/lmax/disruptor/3.4.2/disruptor-3.4.2.jar:/home/user/.m2/repository/org/apache/commons/commons-pool2/2.6.0/commons-pool2-2.6.0.jar:/home/user/.m2/repository/org/bouncycastle/bcpkix-jdk15on/1.60/bcpkix-jdk15on-1.60.jar:/home/user/.m2/repository/commons-validator/commons-validator/1.6/commons-validator-1.6.jar:/home/user/.m2/repository/commons-digester/commons-digester/1.8.1/commons-digester-1.8.1.jar:/home/user/.m2/repository/io/jaegertracing/jaeger-client/0.33.1/jaeger-client-0.33.1.jar:/home/user/.m2/repository/io/jaegertracing/jaeger-thrift/0.33.1/jaeger-thrift-0.33.1.jar:/home/user/.m2/repository/org/apache/thrift/libthrift/0.11.0/libthrift-0.11.0.jar:/home/user/.m2/repository/com/squareup/okhttp3/okhttp/3.9.0/okhttp-3.9.0.jar:/home/user/.m2/repository/com/squareup/okio/okio/1.13.0/okio-1.13.0.jar:/home/user/.m2/repository/io/jaegertracing/jaeger-core/0.33.1/jaeger-core-0.33.1.jar:/home/user/.m2/repository/io/jaegertracing/jaeger-tracerresolver/0.33.1/jaeger-tracerresolver-0.33.1.jar:/home/user/.m2/repository/io/opentracing/contrib/opentracing-tracerresolver/0.1.5/opentracing-tracerresolver-0.1.5.jar:/home/user/.m2/repository/io/opentracing/opentracing-util/0.31.0/opentracing-util-0.31.0.jar:/home/user/.m2/repository/io/opentracing/opentracing-api/0.31.0/opentracing-api-0.31.0.jar:/home/user/.m2/repository/io/opentracing/opentracing-noop/0.31.0/opentracing-noop-0.31.0.jar:/home/user/.m2/repository/org/apache/hadoop/hadoop-hdds-server-framework/0.5.0-SNAPSHOT/hadoop-hdds-server-framework-0.5.0-SNAPSHOT.jar:/home/user/.m2/repository/org/apache/hadoop/hadoop-hdds-container-service/0.5.0-SNAPSHOT/hadoop-hdds-container-service-0.5.0-SNAPSHOT.jar:/home/user/.m2/repository/org/apache/hadoop/hadoop-hdds-client/0.5.0-SNAPSHOT/hadoop-hdds-client-0.5.0-SNAPSHOT.jar:/home/user/.m2/repository/org/apache/hadoop/hadoop-hdds-tools/0.5.0-SNAPSHOT/hadoop-hdds-tools-0.5.0-SNAPSHOT.jar:/home/user/.m2/repository/org/apache/hadoop/hadoop-hdds-server-scm/0.5.0-SNAPSHOT/hadoop-hdds-server-scm-0.5.0-SNAPSHOT.jar:/home/user/.m2/repository/org/apache/hadoop/hadoop-hdds-docs/0.5.0-SNAPSHOT/hadoop-hdds-docs-0.5.0-SNAPSHOT.jar:/home/user/.m2/repository/io/dropwizard/metrics/metrics-core/3.2.4/metrics-core-3.2.4.jar:/home/user/.m2/repository/org/hamcrest/hamcrest-all/1.3/hamcrest-all-1.3.jar:/home/user/.m2/repository/org/bouncycastle/bcprov-jdk15on/1.60/bcprov-jdk15on-1.60.jar:/home/user/.m2/repository/info/picocli/picocli/3.9.6/picocli-3.9.6.jar:/home/user/.m2/repository/com/google/protobuf/protobuf-java/2.5.0/protobuf-java-2.5.0.jar:/home/user/.m2/repository/com/google/guava/guava/11.0.2/guava-11.0.2.jar:/home/user/.m2/repository/org/apache/hadoop/hadoop-ozone-ozone-manager/0.5.0-SNAPSHOT/hadoop-ozone-ozone-manager-0.5.0-SNAPSHOT.jar:/home/user/.m2/repository/org/apache/hadoop/hadoop-minikdc/3.2.0/hadoop-minikdc-3.2.0.jar:/home/user/.m2/repository/commons-io/commons-io/2.5/commons-io-2.5.jar:/home/user/.m2/repository/org/apache/kerby/kerb-simplekdc/1.0.1/kerb-simplekdc-1.0.1.jar:/home/user/.m2/repository/org/apache/kerby/kerb-client/1.0.1/kerb-client-1.0.1.jar:/home/user/.m2/repository/org/apache/kerby/kerby-config/1.0.1/kerby-config-1.0.1.jar:/home/user/.m2/repository/org/apache/kerby/kerb-core/1.0.1/kerb-core-1.0.1.jar:/home/user/.m2/repository/org/apache/kerby/kerby-pkix/1.0.1/kerby-pkix-1.0.1.jar:/home/user/.m2/repository/org/apache/kerby/kerby-asn1/1.0.1/kerby-asn1-1.0.1.jar:/home/user/.m2/repository/org/apache/kerby/kerby-util/1.0.1/kerby-util-1.0.1.jar:/home/user/.m2/repository/org/apache/kerby/kerb-common/1.0.1/kerb-common-1.0.1.jar:/home/user/.m2/repository/org/apache/kerby/kerb-crypto/1.0.1/kerb-crypto-1.0.1.jar:/home/user/.m2/repository/org/apache/kerby/kerb-util/1.0.1/kerb-util-1.0.1.jar:/home/user/.m2/repository/org/apache/kerby/token-provider/1.0.1/token-provider-1.0.1.jar:/home/user/.m2/repository/org/apache/kerby/kerb-admin/1.0.1/kerb-admin-1.0.1.jar:/home/user/.m2/repository/org/apache/kerby/kerb-server/1.0.1/kerb-server-1.0.1.jar:/home/user/.m2/repository/org/apache/kerby/kerb-identity/1.0.1/kerb-identity-1.0.1.jar:/home/user/.m2/repository/org/apache/kerby/kerby-xdr/1.0.1/kerby-xdr-1.0.1.jar:/home/user/.m2/repository/org/slf4j/slf4j-log4j12/1.7.25/slf4j-log4j12-1.7.25.jar:/home/user/.m2/repository/org/apache/hadoop/hadoop-ozone-s3gateway/0.5.0-SNAPSHOT/hadoop-ozone-s3gateway-0.5.0-SNAPSHOT.jar:/home/user/.m2/repository/org/jboss/weld/servlet/weld-servlet/2.4.7.Final/weld-servlet-2.4.7.Final.jar:/home/user/.m2/repository/org/glassfish/jersey/containers/jersey-container-servlet-core/2.27/jersey-container-servlet-core-2.27.jar:/home/user/.m2/repository/org/glassfish/hk2/external/javax.inject/2.5.0-b42/javax.inject-2.5.0-b42.jar:/home/user/.m2/repository/org/glassfish/jersey/core/jersey-common/2.27/jersey-common-2.27.jar:/home/user/.m2/repository/org/glassfish/hk2/osgi-resource-locator/1.0.1/osgi-resource-locator-1.0.1.jar:/home/user/.m2/repository/javax/ws/rs/javax.ws.rs-api/2.1/javax.ws.rs-api-2.1.jar:/home/user/.m2/repository/org/glassfish/jersey/ext/cdi/jersey-cdi1x/2.27/jersey-cdi1x-2.27.jar:/home/user/.m2/repository/org/glassfish/jersey/inject/jersey-hk2/2.27/jersey-hk2-2.27.jar:/home/user/.m2/repository/org/glassfish/hk2/hk2-locator/2.5.0-b42/hk2-locator-2.5.0-b42.jar:/home/user/.m2/repository/org/javassist/javassist/3.22.0-CR2/javassist-3.22.0-CR2.jar:/home/user/.m2/repository/org/glassfish/hk2/hk2-api/2.5.0/hk2-api-2.5.0.jar:/home/user/.m2/repository/org/glassfish/hk2/external/jakarta.inject/2.5.0/jakarta.inject-2.5.0.jar:/home/user/.m2/repository/org/glassfish/hk2/hk2-utils/2.5.0/hk2-utils-2.5.0.jar:/home/user/.m2/repository/jakarta/annotation/jakarta.annotation-api/1.3.4/jakarta.annotation-api-1.3.4.jar:/home/user/.m2/repository/org/glassfish/hk2/external/aopalliance-repackaged/2.5.0/aopalliance-repackaged-2.5.0.jar:/home/user/.m2/repository/com/fasterxml/jackson/dataformat/jackson-dataformat-xml/2.9.0/jackson-dataformat-xml-2.9.0.jar:/home/user/.m2/repository/com/fasterxml/jackson/core/jackson-core/2.9.5/jackson-core-2.9.5.jar:/home/user/.m2/repository/com/fasterxml/jackson/module/jackson-module-jaxb-annotations/2.9.5/jackson-module-jaxb-annotations-2.9.5.jar:/home/user/.m2/repository/javax/enterprise/cdi-api/1.2/cdi-api-1.2.jar:/home/user/.m2/repository/javax/el/javax.el-api/3.0.0/javax.el-api-3.0.0.jar:/home/user/.m2/repository/javax/interceptor/javax.interceptor-api/1.2/javax.interceptor-api-1.2.jar:/home/user/.m2/repository/javax/inject/javax.inject/1/javax.inject-1.jar:/home/user/.m2/repository/com/sun/xml/bind/jaxb-impl/2.3.0.1/jaxb-impl-2.3.0.1.jar:/home/user/.m2/repository/com/sun/xml/bind/jaxb-core/2.3.0.1/jaxb-core-2.3.0.1.jar:/home/user/.m2/repository/javax/xml/bind/jaxb-api/2.3.0/jaxb-api-2.3.0.jar:/home/user/.m2/repository/javax/activation/activation/1.1.1/activation-1.1.1.jar:/home/user/.m2/repository/org/apache/hadoop/hadoop-ozone-csi/0.5.0-SNAPSHOT/hadoop-ozone-csi-0.5.0-SNAPSHOT.jar:/home/user/.m2/repository/com/google/protobuf/protobuf-java-util/3.5.1/protobuf-java-util-3.5.1.jar:/home/user/.m2/repository/org/apache/hadoop/hadoop-hdds-config/0.5.0-SNAPSHOT/hadoop-hdds-config-0.5.0-SNAPSHOT.jar:/home/user/.m2/repository/io/grpc/grpc-netty/1.17.1/grpc-netty-1.17.1.jar:/home/user/.m2/repository/io/grpc/grpc-core/1.17.1/grpc-core-1.17.1.jar:/home/user/.m2/repository/io/grpc/grpc-context/1.17.1/grpc-context-1.17.1.jar:/home/user/.m2/repository/com/google/errorprone/error_prone_annotations/2.2.0/error_prone_annotations-2.2.0.jar:/home/user/.m2/repository/org/codehaus/mojo/animal-sniffer-annotations/1.17/animal-sniffer-annotations-1.17.jar:/home/user/.m2/repository/io/opencensus/opencensus-api/0.17.0/opencensus-api-0.17.0.jar:/home/user/.m2/repository/io/opencensus/opencensus-contrib-grpc-metrics/0.17.0/opencensus-contrib-grpc-metrics-0.17.0.jar:/home/user/.m2/repository/io/netty/netty-codec-http2/4.1.30.Final/netty-codec-http2-4.1.30.Final.jar:/home/user/.m2/repository/io/netty/netty-codec-http/4.1.30.Final/netty-codec-http-4.1.30.Final.jar:/home/user/.m2/repository/io/netty/netty-codec/4.1.30.Final/netty-codec-4.1.30.Final.jar:/home/user/.m2/repository/io/netty/netty-handler/4.1.30.Final/netty-handler-4.1.30.Final.jar:/home/user/.m2/repository/io/netty/netty-handler-proxy/4.1.30.Final/netty-handler-proxy-4.1.30.Final.jar:/home/user/.m2/repository/io/netty/netty-codec-socks/4.1.30.Final/netty-codec-socks-4.1.30.Final.jar:/home/user/.m2/repository/io/netty/netty-transport-native-epoll/4.1.30.Final/netty-transport-native-epoll-4.1.30.Final.jar:/home/user/.m2/repository/io/netty/netty-common/4.1.30.Final/netty-common-4.1.30.Final.jar:/home/user/.m2/repository/io/netty/netty-buffer/4.1.30.Final/netty-buffer-4.1.30.Final.jar:/home/user/.m2/repository/io/netty/netty-transport/4.1.30.Final/netty-transport-4.1.30.Final.jar:/home/user/.m2/repository/io/netty/netty-resolver/4.1.30.Final/netty-resolver-4.1.30.Final.jar:/home/user/.m2/repository/io/netty/netty-transport-native-unix-common/4.1.30.Final/netty-transport-native-unix-common-4.1.30.Final.jar:/home/user/.m2/repository/io/grpc/grpc-protobuf/1.17.1/grpc-protobuf-1.17.1.jar:/home/user/.m2/repository/com/google/api/grpc/proto-google-common-protos/1.0.0/proto-google-common-protos-1.0.0.jar:/home/user/.m2/repository/io/grpc/grpc-protobuf-lite/1.17.1/grpc-protobuf-lite-1.17.1.jar:/home/user/.m2/repository/io/grpc/grpc-stub/1.17.1/grpc-stub-1.17.1.jar:/home/user/.m2/repository/org/apache/hadoop/hadoop-ozone-recon/0.5.0-SNAPSHOT/hadoop-ozone-recon-0.5.0-SNAPSHOT.jar:/home/user/.m2/repository/org/apache/hadoop/hadoop-ozone-reconcodegen/0.5.0-SNAPSHOT/hadoop-ozone-reconcodegen-0.5.0-SNAPSHOT.jar:/home/user/.m2/repository/com/google/inject/extensions/guice-multibindings/4.0/guice-multibindings-4.0.jar:/home/user/.m2/repository/com/google/inject/guice/4.0/guice-4.0.jar:/home/user/.m2/repository/aopalliance/aopalliance/1.0/aopalliance-1.0.jar:/home/user/.m2/repository/com/google/inject/extensions/guice-servlet/4.0/guice-servlet-4.0.jar:/home/user/.m2/repository/org/glassfish/jersey/containers/jersey-container-servlet/2.27/jersey-container-servlet-2.27.jar:/home/user/.m2/repository/org/glassfish/hk2/guice-bridge/2.5.0/guice-bridge-2.5.0.jar:/home/user/.m2/repository/org/glassfish/jersey/core/jersey-server/2.27/jersey-server-2.27.jar:/home/user/.m2/repository/org/glassfish/jersey/core/jersey-client/2.27/jersey-client-2.27.jar:/home/user/.m2/repository/org/glassfish/jersey/media/jersey-media-jaxb/2.27/jersey-media-jaxb-2.27.jar:/home/user/.m2/repository/javax/validation/validation-api/1.1.0.Final/validation-api-1.1.0.Final.jar:/home/user/.m2/repository/org/glassfish/jersey/media/jersey-media-json-jackson/2.27/jersey-media-json-jackson-2.27.jar:/home/user/.m2/repository/org/glassfish/jersey/ext/jersey-entity-filtering/2.27/jersey-entity-filtering-2.27.jar:/home/user/.m2/repository/com/google/inject/extensions/guice-assistedinject/4.0/guice-assistedinject-4.0.jar:/home/user/.m2/repository/org/jooq/jooq/3.11.10/jooq-3.11.10.jar:/home/user/.m2/repository/org/jooq/jooq-meta/3.11.10/jooq-meta-3.11.10.jar:/home/user/.m2/repository/org/jooq/jooq-codegen/3.11.10/jooq-codegen-3.11.10.jar:/home/user/.m2/repository/com/jolbox/bonecp/0.8.0.RELEASE/bonecp-0.8.0.RELEASE.jar:/home/user/.m2/repository/org/xerial/sqlite-jdbc/3.25.2/sqlite-jdbc-3.25.2.jar:/home/user/.m2/repository/org/springframework/spring-jdbc/5.1.3.RELEASE/spring-jdbc-5.1.3.RELEASE.jar:/home/user/.m2/repository/org/springframework/spring-beans/5.1.3.RELEASE/spring-beans-5.1.3.RELEASE.jar:/home/user/.m2/repository/org/springframework/spring-core/5.1.3.RELEASE/spring-core-5.1.3.RELEASE.jar:/home/user/.m2/repository/org/springframework/spring-jcl/5.1.3.RELEASE/spring-jcl-5.1.3.RELEASE.jar:/home/user/.m2/repository/org/springframework/spring-tx/5.1.3.RELEASE/spring-tx-5.1.3.RELEASE.jar:/home/user/.m2/repository/org/apache/hadoop/hadoop-ozone-client/0.5.0-SNAPSHOT/hadoop-ozone-client-0.5.0-SNAPSHOT.jar:/home/user/.m2/repository/commons-lang/commons-lang/2.6/commons-lang-2.6.jar:/home/user/.m2/repository/org/apache/hadoop/hadoop-ozone-ozone-manager/0.5.0-SNAPSHOT/hadoop-ozone-ozone-manager-0.5.0-SNAPSHOT-tests.jar:/home/user/.m2/repository/junit/junit/4.11/junit-4.11.jar:/home/user/.m2/repository/org/hamcrest/hamcrest-core/1.3/hamcrest-core-1.3.jar:/home/user/.m2/repository/org/openjdk/jmh/jmh-core/1.19/jmh-core-1.19.jar:/home/user/.m2/repository/net/sf/jopt-simple/jopt-simple/4.6/jopt-simple-4.6.jar:/home/user/.m2/repository/org/apache/commons/commons-math3/3.1.1/commons-math3-3.1.1.jar:/home/user/.m2/repository/org/openjdk/jmh/jmh-generator-annprocess/1.19/jmh-generator-annprocess-1.19.jar:/home/user/.m2/repository/org/mockito/mockito-all/1.8.5/mockito-all-1.8.5.jar:/home/user/.m2/repository/org/apache/hadoop/hadoop-kms/3.2.0/hadoop-kms-3.2.0.jar:/home/user/.m2/repository/org/apache/hadoop/hadoop-auth/3.2.0/hadoop-auth-3.2.0.jar:/home/user/.m2/repository/com/nimbusds/nimbus-jose-jwt/4.41.1/nimbus-jose-jwt-4.41.1.jar:/home/user/.m2/repository/com/github/stephenc/jcip/jcip-annotations/1.0-1/jcip-annotations-1.0-1.jar:/home/user/.m2/repository/net/minidev/json-smart/2.3/json-smart-2.3.jar:/home/user/.m2/repository/net/minidev/accessors-smart/1.2/accessors-smart-1.2.jar:/home/user/.m2/repository/org/ow2/asm/asm/5.0.4/asm-5.0.4.jar:/home/user/.m2/repository/org/apache/curator/curator-framework/2.12.0/curator-framework-2.12.0.jar:/home/user/.m2/repository/com/sun/jersey/jersey-core/1.19/jersey-core-1.19.jar:/home/user/.m2/repository/javax/ws/rs/jsr311-api/1.1.1/jsr311-api-1.1.1.jar:/home/user/.m2/repository/com/sun/jersey/jersey-server/1.19/jersey-server-1.19.jar:/home/user/.m2/repository/javax/servlet/javax.servlet-api/3.1.0/javax.servlet-api-3.1.0.jar:/home/user/.m2/repository/org/eclipse/jetty/jetty-server/9.3.24.v20180605/jetty-server-9.3.24.v20180605.jar:/home/user/.m2/repository/org/eclipse/jetty/jetty-http/9.3.24.v20180605/jetty-http-9.3.24.v20180605.jar:/home/user/.m2/repository/org/eclipse/jetty/jetty-io/9.3.24.v20180605/jetty-io-9.3.24.v20180605.jar:/home/user/.m2/repository/org/eclipse/jetty/jetty-webapp/9.3.24.v20180605/jetty-webapp-9.3.24.v20180605.jar:/home/user/.m2/repository/org/eclipse/jetty/jetty-xml/9.3.24.v20180605/jetty-xml-9.3.24.v20180605.jar:/home/user/.m2/repository/log4j/log4j/1.2.17/log4j-1.2.17.jar:/home/user/.m2/repository/org/slf4j/slf4j-api/1.7.25/slf4j-api-1.7.25.jar:/home/user/.m2/repository/org/slf4j/jul-to-slf4j/1.7.25/jul-to-slf4j-1.7.25.jar:/home/user/.m2/repository/org/eclipse/jetty/jetty-util/9.3.24.v20180605/jetty-util-9.3.24.v20180605.jar:/home/user/.m2/repository/com/fasterxml/jackson/core/jackson-databind/2.9.5/jackson-databind-2.9.5.jar:/home/user/.m2/repository/org/apache/hadoop/hadoop-kms/3.2.0/hadoop-kms-3.2.0-tests.jar:/home/user/.m2/repository/org/apache/hadoop/hadoop-hdds-server-scm/0.5.0-SNAPSHOT/hadoop-hdds-server-scm-0.5.0-SNAPSHOT-tests.jar:/home/user/.m2/repository/org/apache/hadoop/hadoop-hdds-container-service/0.5.0-SNAPSHOT/hadoop-hdds-container-service-0.5.0-SNAPSHOT-tests.jar:/home/user/.m2/repository/org/yaml/snakeyaml/1.16/snakeyaml-1.16.jar:/home/user/.m2/repository/org/apache/hadoop/hadoop-common/3.2.0/hadoop-common-3.2.0-tests.jar:/home/user/.m2/repository/org/apache/hadoop/hadoop-annotations/3.2.0/hadoop-annotations-3.2.0.jar:/usr/lib/jvm/java-1.8-openjdk/jre/../lib/tools.jar:/home/user/.m2/repository/commons-cli/commons-cli/1.2/commons-cli-1.2.jar:/home/user/.m2/repository/org/apache/httpcomponents/httpclient/4.5.2/httpclient-4.5.2.jar:/home/user/.m2/repository/org/apache/httpcomponents/httpcore/4.4.4/httpcore-4.4.4.jar:/home/user/.m2/repository/commons-codec/commons-codec/1.11/commons-codec-1.11.jar:/home/user/.m2/repository/commons-net/commons-net/3.6/commons-net-3.6.jar:/home/user/.m2/repository/commons-collections/commons-collections/3.2.2/commons-collections-3.2.2.jar:/home/user/.m2/repository/org/eclipse/jetty/jetty-servlet/9.3.24.v20180605/jetty-servlet-9.3.24.v20180605.jar:/home/user/.m2/repository/org/eclipse/jetty/jetty-security/9.3.24.v20180605/jetty-security-9.3.24.v20180605.jar:/home/user/.m2/repository/javax/servlet/jsp/jsp-api/2.1/jsp-api-2.1.jar:/home/user/.m2/repository/com/sun/jersey/jersey-servlet/1.19/jersey-servlet-1.19.jar:/home/user/.m2/repository/com/sun/jersey/jersey-json/1.19/jersey-json-1.19.jar:/home/user/.m2/repository/org/codehaus/jettison/jettison/1.1/jettison-1.1.jar:/home/user/.m2/repository/org/codehaus/jackson/jackson-core-asl/1.9.13/jackson-core-asl-1.9.13.jar:/home/user/.m2/repository/org/codehaus/jackson/jackson-mapper-asl/1.9.13/jackson-mapper-asl-1.9.13.jar:/home/user/.m2/repository/org/codehaus/jackson/jackson-jaxrs/1.9.13/jackson-jaxrs-1.9.13.jar:/home/user/.m2/repository/org/codehaus/jackson/jackson-xc/1.9.13/jackson-xc-1.9.13.jar:/home/user/.m2/repository/commons-logging/commons-logging/1.1.3/commons-logging-1.1.3.jar:/home/user/.m2/repository/commons-beanutils/commons-beanutils/1.9.3/commons-beanutils-1.9.3.jar:/home/user/.m2/repository/org/apache/commons/commons-configuration2/2.1.1/commons-configuration2-2.1.1.jar:/home/user/.m2/repository/org/apache/commons/commons-lang3/3.7/commons-lang3-3.7.jar:/home/user/.m2/repository/org/apache/commons/commons-text/1.4/commons-text-1.4.jar:/home/user/.m2/repository/org/apache/avro/avro/1.7.7/avro-1.7.7.jar:/home/user/.m2/repository/com/thoughtworks/paranamer/paranamer/2.3/paranamer-2.3.jar:/home/user/.m2/repository/org/xerial/snappy/snappy-java/1.0.5/snappy-java-1.0.5.jar:/home/user/.m2/repository/com/google/re2j/re2j/1.1/re2j-1.1.jar:/home/user/.m2/repository/com/google/code/gson/gson/2.2.4/gson-2.2.4.jar:/home/user/.m2/repository/com/jcraft/jsch/0.1.54/jsch-0.1.54.jar:/home/user/.m2/repository/org/apache/curator/curator-client/2.12.0/curator-client-2.12.0.jar:/home/user/.m2/repository/org/apache/curator/curator-recipes/2.12.0/curator-recipes-2.12.0.jar:/home/user/.m2/repository/com/google/code/findbugs/jsr305/3.0.0/jsr305-3.0.0.jar:/home/user/.m2/repository/org/apache/htrace/htrace-core4/4.1.0-incubating/htrace-core4-4.1.0-incubating.jar:/home/user/.m2/repository/org/apache/zookeeper/zookeeper/3.4.13/zookeeper-3.4.13.jar:/home/user/.m2/repository/org/apache/yetus/audience-annotations/0.5.0/audience-annotations-0.5.0.jar:/home/user/.m2/repository/org/codehaus/woodstox/stax2-api/3.1.4/stax2-api-3.1.4.jar:/home/user/.m2/repository/com/fasterxml/woodstox/woodstox-core/5.0.3/woodstox-core-5.0.3.jar:/home/user/.m2/repository/dnsjava/dnsjava/2.1.7/dnsjava-2.1.7.jar:/home/user/.m2/repository/org/apache/hadoop/hadoop-hdfs/3.2.0/hadoop-hdfs-3.2.0-tests.jar:/home/user/.m2/repository/org/eclipse/jetty/jetty-util-ajax/9.3.24.v20180605/jetty-util-ajax-9.3.24.v20180605.jar:/home/user/.m2/repository/commons-daemon/commons-daemon/1.0.13/commons-daemon-1.0.13.jar:/home/user/.m2/repository/io/netty/netty/3.10.5.Final/netty-3.10.5.Final.jar:/home/user/.m2/repository/io/netty/netty-all/4.0.52.Final/netty-all-4.0.52.Final.jar:/home/user/.m2/repository/org/fusesource/leveldbjni/leveldbjni-all/1.8/leveldbjni-all-1.8.jar:"/>
    <property name="sun.cpu.endian" value="little"/>
    <property name="user.home" value="/home/user"/>
    <property name="user.language" value="en"/>
    <property name="java.specification.vendor" value="Oracle Corporation"/>
    <property name="java.home" value="/usr/lib/jvm/java-1.8-openjdk/jre"/>
    <property name="java.security.krb5.conf" value="/workdir/hadoop-ozone/integration-test/target/test-classes/krb5.conf"/>
    <property name="basedir" value="/workdir/hadoop-ozone/integration-test"/>
    <property name="file.separator" value="/"/>
    <property name="line.separator" value="&#10;"/>
    <property name="java.vm.specification.vendor" value="Oracle Corporation"/>
    <property name="java.specification.name" value="Java Platform API Specification"/>
    <property name="java.awt.graphicsenv" value="sun.awt.X11GraphicsEnvironment"/>
    <property name="surefire.real.class.path" value="/workdir/hadoop-ozone/integration-test/target/surefire/surefirebooter5751319030983028454.jar"/>
    <property name="hadoop.log.dir" value="/workdir/hadoop-ozone/integration-test/target/log"/>
    <property name="sun.boot.class.path" value="/usr/lib/jvm/java-1.8-openjdk/jre/lib/resources.jar:/usr/lib/jvm/java-1.8-openjdk/jre/lib/rt.jar:/usr/lib/jvm/java-1.8-openjdk/jre/lib/sunrsasign.jar:/usr/lib/jvm/java-1.8-openjdk/jre/lib/jsse.jar:/usr/lib/jvm/java-1.8-openjdk/jre/lib/jce.jar:/usr/lib/jvm/java-1.8-openjdk/jre/lib/charsets.jar:/usr/lib/jvm/java-1.8-openjdk/jre/lib/jfr.jar:/usr/lib/jvm/java-1.8-openjdk/jre/classes"/>
    <property name="sun.management.compiler" value="HotSpot 64-Bit Tiered Compilers"/>
    <property name="java.runtime.version" value="1.8.0_212-b04"/>
    <property name="java.net.preferIPv4Stack" value="true"/>
    <property name="user.name" value="jenkins1000"/>
    <property name="path.separator" value=":"/>
    <property name="java.security.egd" value="file:///dev/urandom"/>
    <property name="os.version" value="3.10.0-957.12.2.el7.x86_64"/>
    <property name="java.endorsed.dirs" value="/usr/lib/jvm/java-1.8-openjdk/jre/lib/endorsed"/>
    <property name="java.runtime.name" value="OpenJDK Runtime Environment"/>
    <property name="file.encoding" value="UTF-8"/>
    <property name="java.vm.name" value="OpenJDK 64-Bit Server VM"/>
    <property name="test.build.webapps" value=""/>
    <property name="localRepository" value="/home/user/.m2/repository"/>
    <property name="java.vendor.url.bug" value="https://icedtea.classpath.org/bugzilla"/>
    <property name="java.io.tmpdir" value="/tmp"/>
    <property name="require.test.libhadoop" value=""/>
    <property name="java.version" value="1.8.0_212"/>
    <property name="user.dir" value="/workdir/hadoop-ozone/integration-test"/>
    <property name="os.arch" value="amd64"/>
    <property name="java.vm.specification.name" value="Java Virtual Machine Specification"/>
    <property name="test.build.classes" value="/workdir/hadoop-ozone/integration-test/target/test-classes"/>
    <property name="java.awt.printerjob" value="sun.print.PSPrinterJob"/>
    <property name="sun.os.patch.level" value="unknown"/>
    <property name="hadoop.tmp.dir" value="/workdir/hadoop-ozone/integration-test/target/tmp"/>
    <property name="java.library.path" value="/usr/lib/jvm/java-1.8-openjdk/jre/lib/amd64/server:/usr/lib/jvm/java-1.8-openjdk/jre/lib/amd64:/usr/lib/jvm/java-1.8-openjdk/jre/../lib/amd64:/workdir/hadoop-ozone/integration-test/target/native/target/usr/local/lib:/workdir/hadoop-ozone/integration-test/../../hadoop-common-project/hadoop-common/target/native/target/usr/local/lib:/usr/java/packages/lib/amd64:/usr/lib64:/lib64:/lib:/usr/lib"/>
    <property name="java.vm.info" value="mixed mode"/>
    <property name="java.vendor" value="IcedTea"/>
    <property name="java.vm.version" value="25.212-b04"/>
    <property name="java.ext.dirs" value="/usr/lib/jvm/java-1.8-openjdk/jre/lib/ext:/usr/java/packages/lib/ext"/>
    <property name="sun.io.unicode.encoding" value="UnicodeLittle"/>
    <property name="java.class.version" value="52.0"/>
  </properties>
  <testcase name="testContainerReplication" classname="org.apache.hadoop.ozone.client.rpc.TestContainerReplication" time="5.024">
    <error message="Failed to update container state #1, reason: invalid state transition from state: CLOSING upon event: FINALIZE." type="org.apache.hadoop.hdds.scm.exceptions.SCMException">org.apache.hadoop.hdds.scm.exceptions.SCMException: Failed to update container state #1, reason: invalid state transition from state: CLOSING upon event: FINALIZE.
	at org.apache.hadoop.hdds.scm.container.ContainerStateManager.updateContainerState(ContainerStateManager.java:336)
	at org.apache.hadoop.hdds.scm.container.SCMContainerManager.updateContainerState(SCMContainerManager.java:312)
	at org.apache.hadoop.ozone.client.rpc.TestContainerReplication.testContainerReplication(TestContainerReplication.java:159)
	at sun.reflect.NativeMethodAccessorImpl.invoke0(Native Method)
	at sun.reflect.NativeMethodAccessorImpl.invoke(NativeMethodAccessorImpl.java:62)
	at sun.reflect.DelegatingMethodAccessorImpl.invoke(DelegatingMethodAccessorImpl.java:43)
	at java.lang.reflect.Method.invoke(Method.java:498)
	at org.junit.runners.model.FrameworkMethod$1.runReflectiveCall(FrameworkMethod.java:47)
	at org.junit.internal.runners.model.ReflectiveCallable.run(ReflectiveCallable.java:12)
	at org.junit.runners.model.FrameworkMethod.invokeExplosively(FrameworkMethod.java:44)
	at org.junit.internal.runners.statements.InvokeMethod.evaluate(InvokeMethod.java:17)
	at org.junit.runners.ParentRunner.runLeaf(ParentRunner.java:271)
	at org.junit.runners.BlockJUnit4ClassRunner.runChild(BlockJUnit4ClassRunner.java:70)
	at org.junit.runners.BlockJUnit4ClassRunner.runChild(BlockJUnit4ClassRunner.java:50)
	at org.junit.runners.ParentRunner$3.run(ParentRunner.java:238)
	at org.junit.runners.ParentRunner$1.schedule(ParentRunner.java:63)
	at org.junit.runners.ParentRunner.runChildren(ParentRunner.java:236)
	at org.junit.runners.ParentRunner.access$000(ParentRunner.java:53)
	at org.junit.runners.ParentRunner$2.evaluate(ParentRunner.java:229)
	at org.junit.internal.runners.statements.RunBefores.evaluate(RunBefores.java:26)
	at org.junit.internal.runners.statements.RunAfters.evaluate(RunAfters.java:27)
	at org.junit.runners.ParentRunner.run(ParentRunner.java:309)
	at org.apache.maven.surefire.junit4.JUnit4Provider.execute(JUnit4Provider.java:365)
	at org.apache.maven.surefire.junit4.JUnit4Provider.executeWithRerun(JUnit4Provider.java:273)
	at org.apache.maven.surefire.junit4.JUnit4Provider.executeTestSet(JUnit4Provider.java:238)
	at org.apache.maven.surefire.junit4.JUnit4Provider.invoke(JUnit4Provider.java:159)
	at org.apache.maven.surefire.booter.ForkedBooter.invokeProviderInSameClassLoader(ForkedBooter.java:384)
	at org.apache.maven.surefire.booter.ForkedBooter.runSuitesInProcess(ForkedBooter.java:345)
	at org.apache.maven.surefire.booter.ForkedBooter.execute(ForkedBooter.java:126)
	at org.apache.maven.surefire.booter.ForkedBooter.main(ForkedBooter.java:418)
</error>
    <system-out><![CDATA[2019-09-11 09:49:22,865 [main] WARN  server.ServerUtils (ServerUtils.java:getScmDbDir(145)) - ozone.scm.db.dirs is not configured. We recommend adding this setting. Falling back to ozone.metadata.dirs instead.
2019-09-11 09:49:22,996 [main] WARN  server.ServerUtils (ServerUtils.java:getScmDbDir(145)) - ozone.scm.db.dirs is not configured. We recommend adding this setting. Falling back to ozone.metadata.dirs instead.
2019-09-11 09:49:23,000 [main] WARN  server.ServerUtils (ServerUtils.java:getScmDbDir(145)) - ozone.scm.db.dirs is not configured. We recommend adding this setting. Falling back to ozone.metadata.dirs instead.
2019-09-11 09:49:23,020 [main] INFO  util.log (Log.java:initialized(192)) - Logging initialized @947ms
2019-09-11 09:49:23,142 [main] INFO  db.DBStoreBuilder (DBStoreBuilder.java:addTable(110)) - using custom profile for table: deletedBlocks
2019-09-11 09:49:23,143 [main] INFO  db.DBStoreBuilder (DBStoreBuilder.java:processTables(161)) - Using default column profile:DBProfile.DISK for Table:deletedBlocks
2019-09-11 09:49:23,144 [main] INFO  db.DBStoreBuilder (DBStoreBuilder.java:addTable(110)) - using custom profile for table: validCerts
2019-09-11 09:49:23,144 [main] INFO  db.DBStoreBuilder (DBStoreBuilder.java:processTables(161)) - Using default column profile:DBProfile.DISK for Table:validCerts
2019-09-11 09:49:23,144 [main] INFO  db.DBStoreBuilder (DBStoreBuilder.java:addTable(110)) - using custom profile for table: revokedCerts
2019-09-11 09:49:23,145 [main] INFO  db.DBStoreBuilder (DBStoreBuilder.java:processTables(161)) - Using default column profile:DBProfile.DISK for Table:revokedCerts
2019-09-11 09:49:23,163 [main] INFO  db.DBStoreBuilder (DBStoreBuilder.java:addTable(110)) - using custom profile for table: default
2019-09-11 09:49:23,163 [main] INFO  db.DBStoreBuilder (DBStoreBuilder.java:processTables(167)) - Using default column profile:DBProfile.DISK for Table:default
2019-09-11 09:49:23,165 [main] INFO  db.DBStoreBuilder (DBStoreBuilder.java:getDbProfile(198)) - Using default options. DBProfile.DISK
2019-09-11 09:49:23,388 [main] INFO  net.NodeSchemaLoader (NodeSchemaLoader.java:loadSchemaFromFile(125)) - Loading file from sun.misc.CompoundEnumeration@48f2bd5b
2019-09-11 09:49:23,389 [main] INFO  net.NodeSchemaLoader (NodeSchemaLoader.java:loadSchema(171)) - Loading network topology layer schema file
2019-09-11 09:49:23,460 [main] INFO  node.SCMNodeManager (SCMNodeManager.java:<init>(114)) - Entering startup safe mode.
2019-09-11 09:49:23,532 [main] INFO  algorithms.ContainerPlacementPolicyFactory (ContainerPlacementPolicyFactory.java:getPolicy(55)) - Create container placement policy of type org.apache.hadoop.hdds.scm.container.placement.algorithms.SCMContainerPlacementRandom
2019-09-11 09:49:23,546 [main] WARN  server.ServerUtils (ServerUtils.java:getScmDbDir(145)) - ozone.scm.db.dirs is not configured. We recommend adding this setting. Falling back to ozone.metadata.dirs instead.
2019-09-11 09:49:23,631 [main] INFO  pipeline.SCMPipelineManager (SCMPipelineManager.java:initializePipelineState(128)) - No pipeline exists in current db
2019-09-11 09:49:23,634 [main] WARN  server.ServerUtils (ServerUtils.java:getScmDbDir(145)) - ozone.scm.db.dirs is not configured. We recommend adding this setting. Falling back to ozone.metadata.dirs instead.
2019-09-11 09:49:23,742 [main] INFO  Configuration.deprecation (Configuration.java:logDeprecation(1394)) - No unit for hdds.scm.replication.thread.interval(2000) assuming MILLISECONDS
2019-09-11 09:49:23,774 [main] WARN  events.EventQueue (EventQueue.java:fireEvent(183)) - No event handler registered for event TypedEvent{payloadType=SafeModeStatus, name='SafeModeStatus'}
2019-09-11 09:49:24,142 [main] INFO  ipc.CallQueueManager (CallQueueManager.java:<init>(84)) - Using callQueue: class java.util.concurrent.LinkedBlockingQueue, queueCapacity: 2000, scheduler: class org.apache.hadoop.ipc.DefaultRpcScheduler, ipcBackoff: false.
2019-09-11 09:49:24,172 [Socket Reader #1 for port 36912] INFO  ipc.Server (Server.java:run(1074)) - Starting Socket Reader #1 for port 36912
2019-09-11 09:49:24,324 [main] INFO  ipc.CallQueueManager (CallQueueManager.java:<init>(84)) - Using callQueue: class java.util.concurrent.LinkedBlockingQueue, queueCapacity: 2000, scheduler: class org.apache.hadoop.ipc.DefaultRpcScheduler, ipcBackoff: false.
2019-09-11 09:49:24,325 [Socket Reader #1 for port 45054] INFO  ipc.Server (Server.java:run(1074)) - Starting Socket Reader #1 for port 45054
2019-09-11 09:49:24,337 [main] INFO  ipc.CallQueueManager (CallQueueManager.java:<init>(84)) - Using callQueue: class java.util.concurrent.LinkedBlockingQueue, queueCapacity: 2000, scheduler: class org.apache.hadoop.ipc.DefaultRpcScheduler, ipcBackoff: false.
2019-09-11 09:49:24,338 [Socket Reader #1 for port 43560] INFO  ipc.Server (Server.java:run(1074)) - Starting Socket Reader #1 for port 43560
2019-09-11 09:49:24,366 [main] INFO  hdfs.DFSUtil (DFSUtil.java:httpServerTemplateForNNAndJN(1641)) - Starting Web-server for scm at: http://0.0.0.0:0
2019-09-11 09:49:24,534 [main] INFO  server.AuthenticationFilter (AuthenticationFilter.java:constructSecretProvider(240)) - Unable to initialize FileSignerSecretProvider, falling back to use random secrets.
2019-09-11 09:49:24,542 [main] WARN  http.HttpRequestLog (HttpRequestLog.java:getRequestLog(97)) - Jetty request log can only be enabled using Log4j
2019-09-11 09:49:24,551 [main] INFO  http.HttpServer2 (HttpServer2.java:addGlobalFilter(975)) - Added global filter 'safety' (class=org.apache.hadoop.http.HttpServer2$QuotingInputFilter)
2019-09-11 09:49:24,554 [main] INFO  http.HttpServer2 (HttpServer2.java:addFilter(948)) - Added filter static_user_filter (class=org.apache.hadoop.http.lib.StaticUserWebFilter$StaticUserFilter) to context scm
2019-09-11 09:49:24,554 [main] INFO  http.HttpServer2 (HttpServer2.java:addFilter(958)) - Added filter static_user_filter (class=org.apache.hadoop.http.lib.StaticUserWebFilter$StaticUserFilter) to context static
2019-09-11 09:49:24,555 [main] INFO  http.HttpServer2 (HttpServer2.java:addFilter(958)) - Added filter static_user_filter (class=org.apache.hadoop.http.lib.StaticUserWebFilter$StaticUserFilter) to context logs
2019-09-11 09:49:24,587 [main] INFO  server.StorageContainerManager (StorageContainerManager.java:start(759)) - StorageContainerLocationProtocol RPC server is listening at /0.0.0.0:43560
2019-09-11 09:49:24,658 [main] WARN  impl.MetricsConfig (MetricsConfig.java:loadFirst(134)) - Cannot locate configuration: tried hadoop-metrics2-storagecontainermanager.properties,hadoop-metrics2.properties
2019-09-11 09:49:24,673 [main] INFO  impl.MetricsSystemImpl (MetricsSystemImpl.java:startTimer(374)) - Scheduled Metric snapshot period at 10 second(s).
2019-09-11 09:49:24,673 [main] INFO  impl.MetricsSystemImpl (MetricsSystemImpl.java:start(191)) - StorageContainerManager metrics system started
2019-09-11 09:49:24,904 [main] INFO  server.SCMClientProtocolServer (SCMClientProtocolServer.java:start(151)) - RPC server for Client  is listening at /0.0.0.0:43560
2019-09-11 09:49:24,904 [IPC Server listener on 43560] INFO  ipc.Server (Server.java:run(1153)) - IPC Server listener on 43560: starting
2019-09-11 09:49:24,904 [IPC Server Responder] INFO  ipc.Server (Server.java:run(1314)) - IPC Server Responder: starting
2019-09-11 09:49:24,907 [main] INFO  server.StorageContainerManager (StorageContainerManager.java:start(769)) - ScmBlockLocationProtocol RPC server is listening at /0.0.0.0:45054
2019-09-11 09:49:24,908 [main] INFO  server.SCMBlockProtocolServer (SCMBlockProtocolServer.java:start(146)) - RPC server for Block Protocol is listening at /0.0.0.0:45054
2019-09-11 09:49:24,909 [IPC Server Responder] INFO  ipc.Server (Server.java:run(1314)) - IPC Server Responder: starting
2019-09-11 09:49:24,909 [IPC Server listener on 45054] INFO  ipc.Server (Server.java:run(1153)) - IPC Server listener on 45054: starting
2019-09-11 09:49:24,911 [main] INFO  server.StorageContainerManager (StorageContainerManager.java:start(773)) - ScmDatanodeProtocl RPC server is listening at /0.0.0.0:36912
2019-09-11 09:49:24,911 [main] INFO  server.SCMDatanodeProtocolServer (SCMDatanodeProtocolServer.java:start(191)) - RPC server for DataNodes is listening at /0.0.0.0:36912
2019-09-11 09:49:24,912 [IPC Server Responder] INFO  ipc.Server (Server.java:run(1314)) - IPC Server Responder: starting
2019-09-11 09:49:24,912 [IPC Server listener on 36912] INFO  ipc.Server (Server.java:run(1153)) - IPC Server listener on 36912: starting
2019-09-11 09:49:24,915 [main] INFO  http.HttpServer2 (HttpServer2.java:bindListener(1191)) - Jetty bound to port 45567
2019-09-11 09:49:24,917 [main] INFO  server.Server (Server.java:doStart(351)) - jetty-9.3.24.v20180605, build timestamp: 2018-06-05T17:11:56Z, git hash: 84205aa28f11a4f31f2a3b86d1bba2cc8ab69827
2019-09-11 09:49:24,957 [main] INFO  handler.ContextHandler (ContextHandler.java:doStart(781)) - Started o.e.j.s.ServletContextHandler@2dd80673{/logs,file:///workdir/hadoop-ozone/integration-test/target/log,AVAILABLE}
2019-09-11 09:49:24,958 [main] INFO  handler.ContextHandler (ContextHandler.java:doStart(781)) - Started o.e.j.s.ServletContextHandler@57ea113a{/static,file:///workdir/hadoop-ozone/integration-test/target/test-classes/webapps/static,AVAILABLE}
2019-09-11 09:49:24,996 [main] INFO  handler.ContextHandler (ContextHandler.java:doStart(781)) - Started o.e.j.w.WebAppContext@67ef029{/,file:///workdir/hadoop-ozone/integration-test/target/test-classes/webapps/scm/,AVAILABLE}{/scm}
2019-09-11 09:49:25,003 [main] INFO  server.AbstractConnector (AbstractConnector.java:doStart(278)) - Started ServerConnector@4152d38d{HTTP/1.1,[http/1.1]}{0.0.0.0:45567}
2019-09-11 09:49:25,003 [main] INFO  server.Server (Server.java:doStart(419)) - Started @2931ms
2019-09-11 09:49:25,005 [main] INFO  impl.MetricsSinkAdapter (MetricsSinkAdapter.java:start(204)) - Sink prometheus started
2019-09-11 09:49:25,006 [main] INFO  impl.MetricsSystemImpl (MetricsSystemImpl.java:registerSink(301)) - Registered sink prometheus
2019-09-11 09:49:25,008 [main] INFO  server.BaseHttpServer (BaseHttpServer.java:updateConnectorAddress(215)) - HTTP server of SCM is listening at http://0.0.0.0:45567
2019-09-11 09:49:25,013 [org.apache.hadoop.util.JvmPauseMonitor$Monitor@1ac85b0c] INFO  util.JvmPauseMonitor (JvmPauseMonitor.java:run(188)) - Starting JVM pause monitor
2019-09-11 09:49:25,016 [main] WARN  server.ServerUtils (ServerUtils.java:getDBPath(222)) - ozone.om.db.dirs is not configured. We recommend adding this setting. Falling back to ozone.metadata.dirs instead.
2019-09-11 09:49:25,131 [main] WARN  server.ServerUtils (ServerUtils.java:getDBPath(222)) - ozone.om.db.dirs is not configured. We recommend adding this setting. Falling back to ozone.metadata.dirs instead.
2019-09-11 09:49:25,132 [main] WARN  server.ServerUtils (ServerUtils.java:getDBPath(222)) - ozone.om.db.dirs is not configured. We recommend adding this setting. Falling back to ozone.metadata.dirs instead.
2019-09-11 09:49:25,133 [main] INFO  om.OzoneManager (OzoneManager.java:setOMNodeDetails(649)) - OM Service ID is not set. Setting it to the default ID: omServiceIdDefault
2019-09-11 09:49:25,133 [main] INFO  om.OzoneManager (OzoneManager.java:setOMNodeDetails(655)) - OM Node ID is not set. Setting it to the OmStorage's OmID: 88a2db42-472d-47fc-91da-85e315ff6772
2019-09-11 09:49:25,134 [main] INFO  om.OzoneManager (OzoneManager.java:loadOMHAConfigs(606)) - Found matching OM address with OMServiceId: null, OMNodeId: null, RPC Address: localhost:0 and Ratis port: 9872
2019-09-11 09:49:25,841 [main] WARN  server.ServerUtils (ServerUtils.java:getDBPath(222)) - ozone.om.db.dirs is not configured. We recommend adding this setting. Falling back to ozone.metadata.dirs instead.
2019-09-11 09:49:25,848 [main] INFO  db.DBStoreBuilder (DBStoreBuilder.java:addTable(110)) - using custom profile for table: userTable
2019-09-11 09:49:25,848 [main] INFO  db.DBStoreBuilder (DBStoreBuilder.java:processTables(161)) - Using default column profile:DBProfile.DISK for Table:userTable
2019-09-11 09:49:25,849 [main] INFO  db.DBStoreBuilder (DBStoreBuilder.java:addTable(110)) - using custom profile for table: volumeTable
2019-09-11 09:49:25,849 [main] INFO  db.DBStoreBuilder (DBStoreBuilder.java:processTables(161)) - Using default column profile:DBProfile.DISK for Table:volumeTable
2019-09-11 09:49:25,849 [main] INFO  db.DBStoreBuilder (DBStoreBuilder.java:addTable(110)) - using custom profile for table: bucketTable
2019-09-11 09:49:25,849 [main] INFO  db.DBStoreBuilder (DBStoreBuilder.java:processTables(161)) - Using default column profile:DBProfile.DISK for Table:bucketTable
2019-09-11 09:49:25,850 [main] INFO  db.DBStoreBuilder (DBStoreBuilder.java:addTable(110)) - using custom profile for table: keyTable
2019-09-11 09:49:25,850 [main] INFO  db.DBStoreBuilder (DBStoreBuilder.java:processTables(161)) - Using default column profile:DBProfile.DISK for Table:keyTable
2019-09-11 09:49:25,850 [main] INFO  db.DBStoreBuilder (DBStoreBuilder.java:addTable(110)) - using custom profile for table: deletedTable
2019-09-11 09:49:25,850 [main] INFO  db.DBStoreBuilder (DBStoreBuilder.java:processTables(161)) - Using default column profile:DBProfile.DISK for Table:deletedTable
2019-09-11 09:49:25,851 [main] INFO  db.DBStoreBuilder (DBStoreBuilder.java:addTable(110)) - using custom profile for table: openKeyTable
2019-09-11 09:49:25,851 [main] INFO  db.DBStoreBuilder (DBStoreBuilder.java:processTables(161)) - Using default column profile:DBProfile.DISK for Table:openKeyTable
2019-09-11 09:49:25,851 [main] INFO  db.DBStoreBuilder (DBStoreBuilder.java:addTable(110)) - using custom profile for table: s3Table
2019-09-11 09:49:25,851 [main] INFO  db.DBStoreBuilder (DBStoreBuilder.java:processTables(161)) - Using default column profile:DBProfile.DISK for Table:s3Table
2019-09-11 09:49:25,851 [main] INFO  db.DBStoreBuilder (DBStoreBuilder.java:addTable(110)) - using custom profile for table: multipartInfoTable
2019-09-11 09:49:25,852 [main] INFO  db.DBStoreBuilder (DBStoreBuilder.java:processTables(161)) - Using default column profile:DBProfile.DISK for Table:multipartInfoTable
2019-09-11 09:49:25,852 [main] INFO  db.DBStoreBuilder (DBStoreBuilder.java:addTable(110)) - using custom profile for table: dTokenTable
2019-09-11 09:49:25,852 [main] INFO  db.DBStoreBuilder (DBStoreBuilder.java:processTables(161)) - Using default column profile:DBProfile.DISK for Table:dTokenTable
2019-09-11 09:49:25,852 [main] INFO  db.DBStoreBuilder (DBStoreBuilder.java:addTable(110)) - using custom profile for table: s3SecretTable
2019-09-11 09:49:25,853 [main] INFO  db.DBStoreBuilder (DBStoreBuilder.java:processTables(161)) - Using default column profile:DBProfile.DISK for Table:s3SecretTable
2019-09-11 09:49:25,853 [main] INFO  db.DBStoreBuilder (DBStoreBuilder.java:addTable(110)) - using custom profile for table: prefixTable
2019-09-11 09:49:25,853 [main] INFO  db.DBStoreBuilder (DBStoreBuilder.java:processTables(161)) - Using default column profile:DBProfile.DISK for Table:prefixTable
2019-09-11 09:49:25,853 [main] INFO  db.DBStoreBuilder (DBStoreBuilder.java:addTable(110)) - using custom profile for table: default
2019-09-11 09:49:25,854 [main] INFO  db.DBStoreBuilder (DBStoreBuilder.java:processTables(167)) - Using default column profile:DBProfile.DISK for Table:default
2019-09-11 09:49:25,854 [main] INFO  db.DBStoreBuilder (DBStoreBuilder.java:getDbProfile(198)) - Using default options. DBProfile.DISK
2019-09-11 09:49:26,236 [main] INFO  ipc.CallQueueManager (CallQueueManager.java:<init>(84)) - Using callQueue: class java.util.concurrent.LinkedBlockingQueue, queueCapacity: 2000, scheduler: class org.apache.hadoop.ipc.DefaultRpcScheduler, ipcBackoff: false.
2019-09-11 09:49:26,237 [Socket Reader #1 for port 38897] INFO  ipc.Server (Server.java:run(1074)) - Starting Socket Reader #1 for port 38897
2019-09-11 09:49:26,258 [main] INFO  om.OzoneManager (OzoneManager.java:start(1240)) - OzoneManager RPC server is listening at localhost/127.0.0.1:38897
2019-09-11 09:49:26,258 [main] INFO  impl.MetricsSystemImpl (MetricsSystemImpl.java:init(158)) - OzoneManager metrics system started (again)
2019-09-11 09:49:26,259 [IPC Server Responder] INFO  ipc.Server (Server.java:run(1314)) - IPC Server Responder: starting
2019-09-11 09:49:26,261 [IPC Server listener on 38897] INFO  ipc.Server (Server.java:run(1153)) - IPC Server listener on 38897: starting
2019-09-11 09:49:26,265 [main] INFO  hdfs.DFSUtil (DFSUtil.java:httpServerTemplateForNNAndJN(1641)) - Starting Web-server for ozoneManager at: http://0.0.0.0:0
2019-09-11 09:49:26,266 [main] INFO  server.AuthenticationFilter (AuthenticationFilter.java:constructSecretProvider(240)) - Unable to initialize FileSignerSecretProvider, falling back to use random secrets.
2019-09-11 09:49:26,267 [main] WARN  http.HttpRequestLog (HttpRequestLog.java:getRequestLog(97)) - Jetty request log can only be enabled using Log4j
2019-09-11 09:49:26,269 [main] INFO  http.HttpServer2 (HttpServer2.java:addGlobalFilter(975)) - Added global filter 'safety' (class=org.apache.hadoop.http.HttpServer2$QuotingInputFilter)
2019-09-11 09:49:26,270 [main] INFO  http.HttpServer2 (HttpServer2.java:addFilter(948)) - Added filter static_user_filter (class=org.apache.hadoop.http.lib.StaticUserWebFilter$StaticUserFilter) to context ozoneManager
2019-09-11 09:49:26,270 [main] INFO  http.HttpServer2 (HttpServer2.java:addFilter(958)) - Added filter static_user_filter (class=org.apache.hadoop.http.lib.StaticUserWebFilter$StaticUserFilter) to context logs
2019-09-11 09:49:26,270 [main] INFO  http.HttpServer2 (HttpServer2.java:addFilter(958)) - Added filter static_user_filter (class=org.apache.hadoop.http.lib.StaticUserWebFilter$StaticUserFilter) to context static
2019-09-11 09:49:26,272 [main] INFO  http.HttpServer2 (HttpServer2.java:bindListener(1191)) - Jetty bound to port 34055
2019-09-11 09:49:26,272 [main] INFO  server.Server (Server.java:doStart(351)) - jetty-9.3.24.v20180605, build timestamp: 2018-06-05T17:11:56Z, git hash: 84205aa28f11a4f31f2a3b86d1bba2cc8ab69827
2019-09-11 09:49:26,274 [main] INFO  handler.ContextHandler (ContextHandler.java:doStart(781)) - Started o.e.j.s.ServletContextHandler@5cf87cfd{/logs,file:///workdir/hadoop-ozone/integration-test/target/log,AVAILABLE}
2019-09-11 09:49:26,275 [main] INFO  handler.ContextHandler (ContextHandler.java:doStart(781)) - Started o.e.j.s.ServletContextHandler@3a4ba480{/static,file:///workdir/hadoop-ozone/integration-test/target/test-classes/webapps/static,AVAILABLE}
2019-09-11 09:49:26,280 [main] INFO  handler.ContextHandler (ContextHandler.java:doStart(781)) - Started o.e.j.w.WebAppContext@4cafa9aa{/,file:///workdir/hadoop-ozone/integration-test/target/test-classes/webapps/ozoneManager/,AVAILABLE}{/ozoneManager}
2019-09-11 09:49:26,281 [main] INFO  server.AbstractConnector (AbstractConnector.java:doStart(278)) - Started ServerConnector@562c877a{HTTP/1.1,[http/1.1]}{0.0.0.0:34055}
2019-09-11 09:49:26,282 [main] INFO  server.Server (Server.java:doStart(419)) - Started @4209ms
2019-09-11 09:49:26,282 [main] WARN  impl.MetricsSystemImpl (MetricsSystemImpl.java:register(276)) - Sink prometheus already exists!
2019-09-11 09:49:26,283 [main] INFO  server.BaseHttpServer (BaseHttpServer.java:updateConnectorAddress(215)) - HTTP server of OZONEMANAGER is listening at http://0.0.0.0:34055
2019-09-11 09:49:26,649 [main] INFO  impl.MetricsSystemImpl (MetricsSystemImpl.java:init(158)) - HddsDatanode metrics system started (again)
2019-09-11 09:49:26,703 [main] INFO  ozone.HddsDatanodeService (HddsDatanodeService.java:start(184)) - HddsDatanodeService host:pr-hdds-2076-9n8w8-3375968490 ip:192.168.36.126
2019-09-11 09:49:26,773 [main] INFO  volume.HddsVolume (HddsVolume.java:<init>(176)) - Creating Volume: /workdir/hadoop-ozone/integration-test/target/test-dir/MiniOzoneClusterImpl-e938c337-7f80-4e5f-b777-0ae7d500e9e2/datanode-0/data/containers/hdds of  storage type : DISK and capacity : 1482555576320
2019-09-11 09:49:26,775 [main] INFO  volume.VolumeSet (VolumeSet.java:initializeVolumeSet(170)) - Added Volume : /workdir/hadoop-ozone/integration-test/target/test-dir/MiniOzoneClusterImpl-e938c337-7f80-4e5f-b777-0ae7d500e9e2/datanode-0/data/containers/hdds to VolumeSet
2019-09-11 09:49:26,779 [main] INFO  volume.ThrottledAsyncChecker (ThrottledAsyncChecker.java:schedule(140)) - Scheduling a check for org.apache.hadoop.ozone.container.common.volume.HddsVolume@33b082c5
2019-09-11 09:49:26,798 [main] INFO  volume.HddsVolumeChecker (HddsVolumeChecker.java:checkAllVolumes(203)) - Scheduled health check for volume org.apache.hadoop.ozone.container.common.volume.HddsVolume@33b082c5
2019-09-11 09:49:26,909 [main] INFO  impl.RaftServerProxy (ConfUtils.java:logGet(43)) - raft.rpc.type = GRPC (default)
2019-09-11 09:49:26,976 [main] INFO  grpc.GrpcFactory (GrpcFactory.java:checkPooledByteBufAllocatorUseCacheForAllThreads(45)) - PERFORMANCE WARNING: useCacheForAllThreads is true that may cause Netty to create a lot garbage objects and, as a result, trigger GC.
	It is recommended to disable useCacheForAllThreads by setting -Dorg.apache.ratis.thirdparty.io.netty.allocator.useCacheForAllThreads=false in command line.
2019-09-11 09:49:26,982 [main] INFO  grpc.GrpcConfigKeys$Server (ConfUtils.java:logGet(43)) - raft.grpc.server.port = 0 (default)
2019-09-11 09:49:26,983 [main] INFO  server.GrpcService (ConfUtils.java:logGet(43)) - raft.grpc.message.size.max = 33570816 (custom)
2019-09-11 09:49:26,984 [main] INFO  server.RaftServerConfigKeys (ConfUtils.java:logGet(43)) - raft.server.log.appender.buffer.byte-limit = 33554432 (custom)
2019-09-11 09:49:26,985 [main] INFO  server.GrpcService (ConfUtils.java:logGet(43)) - raft.grpc.flow.control.window = 1MB (=1048576) (default)
2019-09-11 09:49:26,986 [main] INFO  server.RaftServerConfigKeys (ConfUtils.java:logGet(43)) - raft.server.rpc.request.timeout = 3000ms (default)
2019-09-11 09:49:27,158 [main] INFO  server.RaftServerConfigKeys (ConfUtils.java:logGet(43)) - raft.server.storage.dir = [/workdir/hadoop-ozone/integration-test/target/test-dir/MiniOzoneClusterImpl-e938c337-7f80-4e5f-b777-0ae7d500e9e2/datanode-0/data/ratis] (custom)
2019-09-11 09:49:27,215 [main] INFO  hdfs.DFSUtil (DFSUtil.java:httpServerTemplateForNNAndJN(1641)) - Starting Web-server for hddsDatanode at: http://0.0.0.0:0
2019-09-11 09:49:27,217 [main] INFO  server.AuthenticationFilter (AuthenticationFilter.java:constructSecretProvider(240)) - Unable to initialize FileSignerSecretProvider, falling back to use random secrets.
2019-09-11 09:49:27,218 [main] WARN  http.HttpRequestLog (HttpRequestLog.java:getRequestLog(97)) - Jetty request log can only be enabled using Log4j
2019-09-11 09:49:27,220 [main] INFO  http.HttpServer2 (HttpServer2.java:addGlobalFilter(975)) - Added global filter 'safety' (class=org.apache.hadoop.http.HttpServer2$QuotingInputFilter)
2019-09-11 09:49:27,221 [main] INFO  http.HttpServer2 (HttpServer2.java:addFilter(948)) - Added filter static_user_filter (class=org.apache.hadoop.http.lib.StaticUserWebFilter$StaticUserFilter) to context hddsDatanode
2019-09-11 09:49:27,221 [main] INFO  http.HttpServer2 (HttpServer2.java:addFilter(958)) - Added filter static_user_filter (class=org.apache.hadoop.http.lib.StaticUserWebFilter$StaticUserFilter) to context static
2019-09-11 09:49:27,221 [main] INFO  http.HttpServer2 (HttpServer2.java:addFilter(958)) - Added filter static_user_filter (class=org.apache.hadoop.http.lib.StaticUserWebFilter$StaticUserFilter) to context logs
2019-09-11 09:49:27,223 [main] INFO  http.HttpServer2 (HttpServer2.java:bindListener(1191)) - Jetty bound to port 45909
2019-09-11 09:49:27,223 [main] INFO  server.Server (Server.java:doStart(351)) - jetty-9.3.24.v20180605, build timestamp: 2018-06-05T17:11:56Z, git hash: 84205aa28f11a4f31f2a3b86d1bba2cc8ab69827
2019-09-11 09:49:27,225 [main] INFO  handler.ContextHandler (ContextHandler.java:doStart(781)) - Started o.e.j.s.ServletContextHandler@1b1f5012{/logs,file:///workdir/hadoop-ozone/integration-test/target/log,AVAILABLE}
2019-09-11 09:49:27,225 [main] INFO  handler.ContextHandler (ContextHandler.java:doStart(781)) - Started o.e.j.s.ServletContextHandler@4a734c04{/static,jar:file:/home/user/.m2/repository/org/apache/hadoop/hadoop-hdds-container-service/0.5.0-SNAPSHOT/hadoop-hdds-container-service-0.5.0-SNAPSHOT.jar!/webapps/static,AVAILABLE}
2019-09-11 09:49:27,259 [main] INFO  handler.ContextHandler (ContextHandler.java:doStart(781)) - Started o.e.j.w.WebAppContext@1effd53c{/,file:///tmp/jetty-0.0.0.0-45909-hddsDatanode-_-any-8964086857368923249.dir/webapp/,AVAILABLE}{/hddsDatanode}
2019-09-11 09:49:27,259 [main] INFO  server.AbstractConnector (AbstractConnector.java:doStart(278)) - Started ServerConnector@46c269e0{HTTP/1.1,[http/1.1]}{0.0.0.0:45909}
2019-09-11 09:49:27,263 [main] INFO  server.Server (Server.java:doStart(419)) - Started @5190ms
2019-09-11 09:49:27,263 [main] WARN  impl.MetricsSystemImpl (MetricsSystemImpl.java:register(276)) - Sink prometheus already exists!
2019-09-11 09:49:27,265 [main] INFO  server.BaseHttpServer (BaseHttpServer.java:updateConnectorAddress(215)) - HTTP server of HDDSDATANODE is listening at http://0.0.0.0:45909
2019-09-11 09:49:27,267 [main] INFO  impl.MetricsSystemImpl (MetricsSystemImpl.java:init(158)) - HddsDatanode metrics system started (again)
2019-09-11 09:49:27,274 [main] INFO  ozone.HddsDatanodeService (HddsDatanodeService.java:start(184)) - HddsDatanodeService host:pr-hdds-2076-9n8w8-3375968490 ip:192.168.36.126
2019-09-11 09:49:27,277 [org.apache.hadoop.util.JvmPauseMonitor$Monitor@102d450b] INFO  util.JvmPauseMonitor (JvmPauseMonitor.java:run(188)) - Starting JVM pause monitor
2019-09-11 09:49:27,285 [main] INFO  volume.HddsVolume (HddsVolume.java:<init>(176)) - Creating Volume: /workdir/hadoop-ozone/integration-test/target/test-dir/MiniOzoneClusterImpl-e938c337-7f80-4e5f-b777-0ae7d500e9e2/datanode-1/data/containers/hdds of  storage type : DISK and capacity : 1482555576320
2019-09-11 09:49:27,286 [main] INFO  volume.VolumeSet (VolumeSet.java:initializeVolumeSet(170)) - Added Volume : /workdir/hadoop-ozone/integration-test/target/test-dir/MiniOzoneClusterImpl-e938c337-7f80-4e5f-b777-0ae7d500e9e2/datanode-1/data/containers/hdds to VolumeSet
2019-09-11 09:49:27,286 [main] INFO  volume.ThrottledAsyncChecker (ThrottledAsyncChecker.java:schedule(140)) - Scheduling a check for org.apache.hadoop.ozone.container.common.volume.HddsVolume@227a47
2019-09-11 09:49:27,288 [main] INFO  volume.HddsVolumeChecker (HddsVolumeChecker.java:checkAllVolumes(203)) - Scheduled health check for volume org.apache.hadoop.ozone.container.common.volume.HddsVolume@227a47
2019-09-11 09:49:27,307 [main] INFO  impl.RaftServerProxy (ConfUtils.java:logGet(43)) - raft.rpc.type = GRPC (default)
2019-09-11 09:49:27,308 [main] INFO  grpc.GrpcFactory (GrpcFactory.java:checkPooledByteBufAllocatorUseCacheForAllThreads(45)) - PERFORMANCE WARNING: useCacheForAllThreads is true that may cause Netty to create a lot garbage objects and, as a result, trigger GC.
	It is recommended to disable useCacheForAllThreads by setting -Dorg.apache.ratis.thirdparty.io.netty.allocator.useCacheForAllThreads=false in command line.
2019-09-11 09:49:27,308 [main] INFO  grpc.GrpcConfigKeys$Server (ConfUtils.java:logGet(43)) - raft.grpc.server.port = 0 (default)
2019-09-11 09:49:27,308 [main] INFO  server.GrpcService (ConfUtils.java:logGet(43)) - raft.grpc.message.size.max = 33570816 (custom)
2019-09-11 09:49:27,309 [main] INFO  server.RaftServerConfigKeys (ConfUtils.java:logGet(43)) - raft.server.log.appender.buffer.byte-limit = 33554432 (custom)
2019-09-11 09:49:27,309 [main] INFO  server.GrpcService (ConfUtils.java:logGet(43)) - raft.grpc.flow.control.window = 1MB (=1048576) (default)
2019-09-11 09:49:27,309 [main] INFO  server.RaftServerConfigKeys (ConfUtils.java:logGet(43)) - raft.server.rpc.request.timeout = 3000ms (default)
2019-09-11 09:49:27,310 [main] INFO  server.RaftServerConfigKeys (ConfUtils.java:logGet(43)) - raft.server.storage.dir = [/workdir/hadoop-ozone/integration-test/target/test-dir/MiniOzoneClusterImpl-e938c337-7f80-4e5f-b777-0ae7d500e9e2/datanode-1/data/ratis] (custom)
2019-09-11 09:49:27,312 [main] INFO  hdfs.DFSUtil (DFSUtil.java:httpServerTemplateForNNAndJN(1641)) - Starting Web-server for hddsDatanode at: http://0.0.0.0:0
2019-09-11 09:49:27,314 [main] INFO  server.AuthenticationFilter (AuthenticationFilter.java:constructSecretProvider(240)) - Unable to initialize FileSignerSecretProvider, falling back to use random secrets.
2019-09-11 09:49:27,316 [main] WARN  http.HttpRequestLog (HttpRequestLog.java:getRequestLog(97)) - Jetty request log can only be enabled using Log4j
2019-09-11 09:49:27,318 [main] INFO  http.HttpServer2 (HttpServer2.java:addGlobalFilter(975)) - Added global filter 'safety' (class=org.apache.hadoop.http.HttpServer2$QuotingInputFilter)
2019-09-11 09:49:27,318 [main] INFO  http.HttpServer2 (HttpServer2.java:addFilter(948)) - Added filter static_user_filter (class=org.apache.hadoop.http.lib.StaticUserWebFilter$StaticUserFilter) to context hddsDatanode
2019-09-11 09:49:27,319 [main] INFO  http.HttpServer2 (HttpServer2.java:addFilter(958)) - Added filter static_user_filter (class=org.apache.hadoop.http.lib.StaticUserWebFilter$StaticUserFilter) to context static
2019-09-11 09:49:27,319 [main] INFO  http.HttpServer2 (HttpServer2.java:addFilter(958)) - Added filter static_user_filter (class=org.apache.hadoop.http.lib.StaticUserWebFilter$StaticUserFilter) to context logs
2019-09-11 09:49:27,320 [main] INFO  http.HttpServer2 (HttpServer2.java:bindListener(1191)) - Jetty bound to port 41297
2019-09-11 09:49:27,320 [main] INFO  server.Server (Server.java:doStart(351)) - jetty-9.3.24.v20180605, build timestamp: 2018-06-05T17:11:56Z, git hash: 84205aa28f11a4f31f2a3b86d1bba2cc8ab69827
2019-09-11 09:49:27,324 [main] INFO  handler.ContextHandler (ContextHandler.java:doStart(781)) - Started o.e.j.s.ServletContextHandler@cdb2d95{/logs,file:///workdir/hadoop-ozone/integration-test/target/log,AVAILABLE}
2019-09-11 09:49:27,324 [main] INFO  handler.ContextHandler (ContextHandler.java:doStart(781)) - Started o.e.j.s.ServletContextHandler@2f5ac102{/static,jar:file:/home/user/.m2/repository/org/apache/hadoop/hadoop-hdds-container-service/0.5.0-SNAPSHOT/hadoop-hdds-container-service-0.5.0-SNAPSHOT.jar!/webapps/static,AVAILABLE}
2019-09-11 09:49:27,358 [main] INFO  handler.ContextHandler (ContextHandler.java:doStart(781)) - Started o.e.j.w.WebAppContext@654c7d2d{/,file:///tmp/jetty-0.0.0.0-41297-hddsDatanode-_-any-6944886670331002910.dir/webapp/,AVAILABLE}{/hddsDatanode}
2019-09-11 09:49:27,359 [main] INFO  server.AbstractConnector (AbstractConnector.java:doStart(278)) - Started ServerConnector@26cb5207{HTTP/1.1,[http/1.1]}{0.0.0.0:41297}
2019-09-11 09:49:27,360 [main] INFO  server.Server (Server.java:doStart(419)) - Started @5288ms
2019-09-11 09:49:27,360 [main] WARN  impl.MetricsSystemImpl (MetricsSystemImpl.java:register(276)) - Sink prometheus already exists!
2019-09-11 09:49:27,361 [main] INFO  server.BaseHttpServer (BaseHttpServer.java:updateConnectorAddress(215)) - HTTP server of HDDSDATANODE is listening at http://0.0.0.0:41297
2019-09-11 09:49:27,362 [main] INFO  impl.MetricsSystemImpl (MetricsSystemImpl.java:init(158)) - HddsDatanode metrics system started (again)
2019-09-11 09:49:27,364 [org.apache.hadoop.util.JvmPauseMonitor$Monitor@16bffe82] INFO  util.JvmPauseMonitor (JvmPauseMonitor.java:run(188)) - Starting JVM pause monitor
2019-09-11 09:49:27,364 [main] INFO  ozone.HddsDatanodeService (HddsDatanodeService.java:start(184)) - HddsDatanodeService host:pr-hdds-2076-9n8w8-3375968490 ip:192.168.36.126
2019-09-11 09:49:27,370 [main] INFO  volume.HddsVolume (HddsVolume.java:<init>(176)) - Creating Volume: /workdir/hadoop-ozone/integration-test/target/test-dir/MiniOzoneClusterImpl-e938c337-7f80-4e5f-b777-0ae7d500e9e2/datanode-2/data/containers/hdds of  storage type : DISK and capacity : 1482555576320
2019-09-11 09:49:27,371 [main] INFO  volume.VolumeSet (VolumeSet.java:initializeVolumeSet(170)) - Added Volume : /workdir/hadoop-ozone/integration-test/target/test-dir/MiniOzoneClusterImpl-e938c337-7f80-4e5f-b777-0ae7d500e9e2/datanode-2/data/containers/hdds to VolumeSet
2019-09-11 09:49:27,371 [main] INFO  volume.ThrottledAsyncChecker (ThrottledAsyncChecker.java:schedule(140)) - Scheduling a check for org.apache.hadoop.ozone.container.common.volume.HddsVolume@59dc36d4
2019-09-11 09:49:27,371 [main] INFO  volume.HddsVolumeChecker (HddsVolumeChecker.java:checkAllVolumes(203)) - Scheduled health check for volume org.apache.hadoop.ozone.container.common.volume.HddsVolume@59dc36d4
2019-09-11 09:49:27,385 [main] INFO  impl.RaftServerProxy (ConfUtils.java:logGet(43)) - raft.rpc.type = GRPC (default)
2019-09-11 09:49:27,385 [main] INFO  grpc.GrpcFactory (GrpcFactory.java:checkPooledByteBufAllocatorUseCacheForAllThreads(45)) - PERFORMANCE WARNING: useCacheForAllThreads is true that may cause Netty to create a lot garbage objects and, as a result, trigger GC.
	It is recommended to disable useCacheForAllThreads by setting -Dorg.apache.ratis.thirdparty.io.netty.allocator.useCacheForAllThreads=false in command line.
2019-09-11 09:49:27,385 [main] INFO  grpc.GrpcConfigKeys$Server (ConfUtils.java:logGet(43)) - raft.grpc.server.port = 0 (default)
2019-09-11 09:49:27,386 [main] INFO  server.GrpcService (ConfUtils.java:logGet(43)) - raft.grpc.message.size.max = 33570816 (custom)
2019-09-11 09:49:27,386 [main] INFO  server.RaftServerConfigKeys (ConfUtils.java:logGet(43)) - raft.server.log.appender.buffer.byte-limit = 33554432 (custom)
2019-09-11 09:49:27,386 [main] INFO  server.GrpcService (ConfUtils.java:logGet(43)) - raft.grpc.flow.control.window = 1MB (=1048576) (default)
2019-09-11 09:49:27,386 [main] INFO  server.RaftServerConfigKeys (ConfUtils.java:logGet(43)) - raft.server.rpc.request.timeout = 3000ms (default)
2019-09-11 09:49:27,387 [main] INFO  server.RaftServerConfigKeys (ConfUtils.java:logGet(43)) - raft.server.storage.dir = [/workdir/hadoop-ozone/integration-test/target/test-dir/MiniOzoneClusterImpl-e938c337-7f80-4e5f-b777-0ae7d500e9e2/datanode-2/data/ratis] (custom)
2019-09-11 09:49:27,389 [main] INFO  hdfs.DFSUtil (DFSUtil.java:httpServerTemplateForNNAndJN(1641)) - Starting Web-server for hddsDatanode at: http://0.0.0.0:0
2019-09-11 09:49:27,390 [main] INFO  server.AuthenticationFilter (AuthenticationFilter.java:constructSecretProvider(240)) - Unable to initialize FileSignerSecretProvider, falling back to use random secrets.
2019-09-11 09:49:27,390 [main] WARN  http.HttpRequestLog (HttpRequestLog.java:getRequestLog(97)) - Jetty request log can only be enabled using Log4j
2019-09-11 09:49:27,392 [main] INFO  http.HttpServer2 (HttpServer2.java:addGlobalFilter(975)) - Added global filter 'safety' (class=org.apache.hadoop.http.HttpServer2$QuotingInputFilter)
2019-09-11 09:49:27,392 [main] INFO  http.HttpServer2 (HttpServer2.java:addFilter(948)) - Added filter static_user_filter (class=org.apache.hadoop.http.lib.StaticUserWebFilter$StaticUserFilter) to context hddsDatanode
2019-09-11 09:49:27,392 [main] INFO  http.HttpServer2 (HttpServer2.java:addFilter(958)) - Added filter static_user_filter (class=org.apache.hadoop.http.lib.StaticUserWebFilter$StaticUserFilter) to context logs
2019-09-11 09:49:27,393 [main] INFO  http.HttpServer2 (HttpServer2.java:addFilter(958)) - Added filter static_user_filter (class=org.apache.hadoop.http.lib.StaticUserWebFilter$StaticUserFilter) to context static
2019-09-11 09:49:27,393 [main] INFO  http.HttpServer2 (HttpServer2.java:bindListener(1191)) - Jetty bound to port 46602
2019-09-11 09:49:27,393 [main] INFO  server.Server (Server.java:doStart(351)) - jetty-9.3.24.v20180605, build timestamp: 2018-06-05T17:11:56Z, git hash: 84205aa28f11a4f31f2a3b86d1bba2cc8ab69827
2019-09-11 09:49:27,395 [main] INFO  handler.ContextHandler (ContextHandler.java:doStart(781)) - Started o.e.j.s.ServletContextHandler@5e519ad3{/logs,file:///workdir/hadoop-ozone/integration-test/target/log,AVAILABLE}
2019-09-11 09:49:27,396 [main] INFO  handler.ContextHandler (ContextHandler.java:doStart(781)) - Started o.e.j.s.ServletContextHandler@59072e9d{/static,jar:file:/home/user/.m2/repository/org/apache/hadoop/hadoop-hdds-container-service/0.5.0-SNAPSHOT/hadoop-hdds-container-service-0.5.0-SNAPSHOT.jar!/webapps/static,AVAILABLE}
2019-09-11 09:49:27,408 [Datanode State Machine Thread - 0] INFO  datanode.InitDatanodeState (InitDatanodeState.java:persistContainerDatanodeDetails(140)) - DatanodeDetails is persisted to /workdir/hadoop-ozone/integration-test/target/test-dir/MiniOzoneClusterImpl-e938c337-7f80-4e5f-b777-0ae7d500e9e2/datanode-0/meta/datanode.id
2019-09-11 09:49:27,411 [Datanode State Machine Thread - 0] INFO  datanode.InitDatanodeState (InitDatanodeState.java:persistContainerDatanodeDetails(140)) - DatanodeDetails is persisted to /workdir/hadoop-ozone/integration-test/target/test-dir/MiniOzoneClusterImpl-e938c337-7f80-4e5f-b777-0ae7d500e9e2/datanode-1/meta/datanode.id
2019-09-11 09:49:27,427 [main] INFO  handler.ContextHandler (ContextHandler.java:doStart(781)) - Started o.e.j.w.WebAppContext@799ed4e8{/,file:///tmp/jetty-0.0.0.0-46602-hddsDatanode-_-any-3697302866236072201.dir/webapp/,AVAILABLE}{/hddsDatanode}
2019-09-11 09:49:27,428 [main] INFO  server.AbstractConnector (AbstractConnector.java:doStart(278)) - Started ServerConnector@2e66bc32{HTTP/1.1,[http/1.1]}{0.0.0.0:46602}
2019-09-11 09:49:27,429 [main] INFO  server.Server (Server.java:doStart(419)) - Started @5356ms
2019-09-11 09:49:27,429 [main] WARN  impl.MetricsSystemImpl (MetricsSystemImpl.java:register(276)) - Sink prometheus already exists!
2019-09-11 09:49:27,430 [main] INFO  server.BaseHttpServer (BaseHttpServer.java:updateConnectorAddress(215)) - HTTP server of HDDSDATANODE is listening at http://0.0.0.0:46602
2019-09-11 09:49:27,430 [main] INFO  impl.MetricsSystemImpl (MetricsSystemImpl.java:init(158)) - HddsDatanode metrics system started (again)
2019-09-11 09:49:27,432 [org.apache.hadoop.util.JvmPauseMonitor$Monitor@2b673ce8] INFO  util.JvmPauseMonitor (JvmPauseMonitor.java:run(188)) - Starting JVM pause monitor
2019-09-11 09:49:27,433 [main] INFO  ozone.HddsDatanodeService (HddsDatanodeService.java:start(184)) - HddsDatanodeService host:pr-hdds-2076-9n8w8-3375968490 ip:192.168.36.126
2019-09-11 09:49:27,434 [Datanode State Machine Thread - 0] INFO  datanode.InitDatanodeState (InitDatanodeState.java:persistContainerDatanodeDetails(140)) - DatanodeDetails is persisted to /workdir/hadoop-ozone/integration-test/target/test-dir/MiniOzoneClusterImpl-e938c337-7f80-4e5f-b777-0ae7d500e9e2/datanode-2/meta/datanode.id
2019-09-11 09:49:27,439 [main] INFO  volume.HddsVolume (HddsVolume.java:<init>(176)) - Creating Volume: /workdir/hadoop-ozone/integration-test/target/test-dir/MiniOzoneClusterImpl-e938c337-7f80-4e5f-b777-0ae7d500e9e2/datanode-3/data/containers/hdds of  storage type : DISK and capacity : 1482555576320
2019-09-11 09:49:27,439 [main] INFO  volume.VolumeSet (VolumeSet.java:initializeVolumeSet(170)) - Added Volume : /workdir/hadoop-ozone/integration-test/target/test-dir/MiniOzoneClusterImpl-e938c337-7f80-4e5f-b777-0ae7d500e9e2/datanode-3/data/containers/hdds to VolumeSet
2019-09-11 09:49:27,439 [main] INFO  volume.ThrottledAsyncChecker (ThrottledAsyncChecker.java:schedule(140)) - Scheduling a check for org.apache.hadoop.ozone.container.common.volume.HddsVolume@4faa298
2019-09-11 09:49:27,440 [main] INFO  volume.HddsVolumeChecker (HddsVolumeChecker.java:checkAllVolumes(203)) - Scheduled health check for volume org.apache.hadoop.ozone.container.common.volume.HddsVolume@4faa298
2019-09-11 09:49:27,453 [main] INFO  impl.RaftServerProxy (ConfUtils.java:logGet(43)) - raft.rpc.type = GRPC (default)
2019-09-11 09:49:27,453 [main] INFO  grpc.GrpcFactory (GrpcFactory.java:checkPooledByteBufAllocatorUseCacheForAllThreads(45)) - PERFORMANCE WARNING: useCacheForAllThreads is true that may cause Netty to create a lot garbage objects and, as a result, trigger GC.
	It is recommended to disable useCacheForAllThreads by setting -Dorg.apache.ratis.thirdparty.io.netty.allocator.useCacheForAllThreads=false in command line.
2019-09-11 09:49:27,453 [main] INFO  grpc.GrpcConfigKeys$Server (ConfUtils.java:logGet(43)) - raft.grpc.server.port = 0 (default)
2019-09-11 09:49:27,454 [main] INFO  server.GrpcService (ConfUtils.java:logGet(43)) - raft.grpc.message.size.max = 33570816 (custom)
2019-09-11 09:49:27,454 [main] INFO  server.RaftServerConfigKeys (ConfUtils.java:logGet(43)) - raft.server.log.appender.buffer.byte-limit = 33554432 (custom)
2019-09-11 09:49:27,454 [main] INFO  server.GrpcService (ConfUtils.java:logGet(43)) - raft.grpc.flow.control.window = 1MB (=1048576) (default)
2019-09-11 09:49:27,454 [main] INFO  server.RaftServerConfigKeys (ConfUtils.java:logGet(43)) - raft.server.rpc.request.timeout = 3000ms (default)
2019-09-11 09:49:27,455 [main] INFO  server.RaftServerConfigKeys (ConfUtils.java:logGet(43)) - raft.server.storage.dir = [/workdir/hadoop-ozone/integration-test/target/test-dir/MiniOzoneClusterImpl-e938c337-7f80-4e5f-b777-0ae7d500e9e2/datanode-3/data/ratis] (custom)
2019-09-11 09:49:27,456 [main] INFO  hdfs.DFSUtil (DFSUtil.java:httpServerTemplateForNNAndJN(1641)) - Starting Web-server for hddsDatanode at: http://0.0.0.0:0
2019-09-11 09:49:27,458 [main] INFO  server.AuthenticationFilter (AuthenticationFilter.java:constructSecretProvider(240)) - Unable to initialize FileSignerSecretProvider, falling back to use random secrets.
2019-09-11 09:49:27,458 [main] WARN  http.HttpRequestLog (HttpRequestLog.java:getRequestLog(97)) - Jetty request log can only be enabled using Log4j
2019-09-11 09:49:27,460 [main] INFO  http.HttpServer2 (HttpServer2.java:addGlobalFilter(975)) - Added global filter 'safety' (class=org.apache.hadoop.http.HttpServer2$QuotingInputFilter)
2019-09-11 09:49:27,460 [main] INFO  http.HttpServer2 (HttpServer2.java:addFilter(948)) - Added filter static_user_filter (class=org.apache.hadoop.http.lib.StaticUserWebFilter$StaticUserFilter) to context hddsDatanode
2019-09-11 09:49:27,460 [main] INFO  http.HttpServer2 (HttpServer2.java:addFilter(958)) - Added filter static_user_filter (class=org.apache.hadoop.http.lib.StaticUserWebFilter$StaticUserFilter) to context logs
2019-09-11 09:49:27,461 [main] INFO  http.HttpServer2 (HttpServer2.java:addFilter(958)) - Added filter static_user_filter (class=org.apache.hadoop.http.lib.StaticUserWebFilter$StaticUserFilter) to context static
2019-09-11 09:49:27,461 [main] INFO  http.HttpServer2 (HttpServer2.java:bindListener(1191)) - Jetty bound to port 32846
2019-09-11 09:49:27,461 [main] INFO  server.Server (Server.java:doStart(351)) - jetty-9.3.24.v20180605, build timestamp: 2018-06-05T17:11:56Z, git hash: 84205aa28f11a4f31f2a3b86d1bba2cc8ab69827
2019-09-11 09:49:27,467 [main] INFO  handler.ContextHandler (ContextHandler.java:doStart(781)) - Started o.e.j.s.ServletContextHandler@59cda16e{/logs,file:///workdir/hadoop-ozone/integration-test/target/log,AVAILABLE}
2019-09-11 09:49:27,468 [main] INFO  handler.ContextHandler (ContextHandler.java:doStart(781)) - Started o.e.j.s.ServletContextHandler@12e0f1cb{/static,jar:file:/home/user/.m2/repository/org/apache/hadoop/hadoop-hdds-container-service/0.5.0-SNAPSHOT/hadoop-hdds-container-service-0.5.0-SNAPSHOT.jar!/webapps/static,AVAILABLE}
2019-09-11 09:49:27,496 [main] INFO  handler.ContextHandler (ContextHandler.java:doStart(781)) - Started o.e.j.w.WebAppContext@443effcb{/,file:///tmp/jetty-0.0.0.0-32846-hddsDatanode-_-any-2561572308082334943.dir/webapp/,AVAILABLE}{/hddsDatanode}
2019-09-11 09:49:27,497 [main] INFO  server.AbstractConnector (AbstractConnector.java:doStart(278)) - Started ServerConnector@74ecacc3{HTTP/1.1,[http/1.1]}{0.0.0.0:32846}
2019-09-11 09:49:27,499 [main] INFO  server.Server (Server.java:doStart(419)) - Started @5426ms
2019-09-11 09:49:27,499 [main] WARN  impl.MetricsSystemImpl (MetricsSystemImpl.java:register(276)) - Sink prometheus already exists!
2019-09-11 09:49:27,500 [main] INFO  server.BaseHttpServer (BaseHttpServer.java:updateConnectorAddress(215)) - HTTP server of HDDSDATANODE is listening at http://0.0.0.0:32846
2019-09-11 09:49:27,504 [main] INFO  ozone.MiniOzoneClusterImpl (MiniOzoneClusterImpl.java:lambda$waitForClusterToBeReady$0(140)) - Waiting for cluster to be ready. Got 0 of 4 DN Heartbeats.
2019-09-11 09:49:27,505 [org.apache.hadoop.util.JvmPauseMonitor$Monitor@1737c10c] INFO  util.JvmPauseMonitor (JvmPauseMonitor.java:run(188)) - Starting JVM pause monitor
2019-09-11 09:49:27,507 [Datanode State Machine Thread - 0] INFO  datanode.InitDatanodeState (InitDatanodeState.java:persistContainerDatanodeDetails(140)) - DatanodeDetails is persisted to /workdir/hadoop-ozone/integration-test/target/test-dir/MiniOzoneClusterImpl-e938c337-7f80-4e5f-b777-0ae7d500e9e2/datanode-3/meta/datanode.id
2019-09-11 09:49:28,505 [main] INFO  ozone.MiniOzoneClusterImpl (MiniOzoneClusterImpl.java:lambda$waitForClusterToBeReady$0(140)) - Waiting for cluster to be ready. Got 0 of 4 DN Heartbeats.
2019-09-11 09:49:29,376 [Datanode State Machine Thread - 0] INFO  ozoneimpl.OzoneContainer (OzoneContainer.java:start(216)) - Attempting to start container services.
2019-09-11 09:49:29,377 [Datanode State Machine Thread - 0] INFO  ozoneimpl.OzoneContainer (OzoneContainer.java:start(216)) - Attempting to start container services.
2019-09-11 09:49:29,380 [Datanode State Machine Thread - 0] INFO  ozoneimpl.OzoneContainer (OzoneContainer.java:startContainerScrub(178)) - Background container scanner has been disabled.
2019-09-11 09:49:29,380 [Datanode State Machine Thread - 0] INFO  ozoneimpl.OzoneContainer (OzoneContainer.java:startContainerScrub(178)) - Background container scanner has been disabled.
2019-09-11 09:49:29,381 [Datanode State Machine Thread - 0] INFO  ratis.XceiverServerRatis (XceiverServerRatis.java:start(393)) - Starting XceiverServerRatis 89a1f1e8-bcb0-42c4-96b0-c345593e690d at port 0
2019-09-11 09:49:29,381 [Datanode State Machine Thread - 0] INFO  ratis.XceiverServerRatis (XceiverServerRatis.java:start(393)) - Starting XceiverServerRatis fc9c8292-475c-4844-96e0-f624044e697a at port 0
2019-09-11 09:49:29,408 [Datanode State Machine Thread - 0] INFO  impl.RaftServerProxy (RaftServerProxy.java:lambda$start$3(299)) - 89a1f1e8-bcb0-42c4-96b0-c345593e690d: start RPC server
2019-09-11 09:49:29,408 [Datanode State Machine Thread - 0] INFO  impl.RaftServerProxy (RaftServerProxy.java:lambda$start$3(299)) - fc9c8292-475c-4844-96e0-f624044e697a: start RPC server
2019-09-11 09:49:29,450 [Datanode State Machine Thread - 0] INFO  ozoneimpl.OzoneContainer (OzoneContainer.java:start(216)) - Attempting to start container services.
2019-09-11 09:49:29,455 [Datanode State Machine Thread - 0] INFO  ozoneimpl.OzoneContainer (OzoneContainer.java:startContainerScrub(178)) - Background container scanner has been disabled.
2019-09-11 09:49:29,455 [Datanode State Machine Thread - 0] INFO  ratis.XceiverServerRatis (XceiverServerRatis.java:start(393)) - Starting XceiverServerRatis 8691d358-479a-4e75-9c15-ec5581c276a0 at port 0
2019-09-11 09:49:29,461 [Datanode State Machine Thread - 0] INFO  impl.RaftServerProxy (RaftServerProxy.java:lambda$start$3(299)) - 8691d358-479a-4e75-9c15-ec5581c276a0: start RPC server
2019-09-11 09:49:29,506 [main] INFO  ozone.MiniOzoneClusterImpl (MiniOzoneClusterImpl.java:lambda$waitForClusterToBeReady$0(140)) - Waiting for cluster to be ready. Got 0 of 4 DN Heartbeats.
2019-09-11 09:49:29,524 [Datanode State Machine Thread - 0] INFO  ozoneimpl.OzoneContainer (OzoneContainer.java:start(216)) - Attempting to start container services.
2019-09-11 09:49:29,526 [Datanode State Machine Thread - 0] INFO  ozoneimpl.OzoneContainer (OzoneContainer.java:startContainerScrub(178)) - Background container scanner has been disabled.
2019-09-11 09:49:29,526 [Datanode State Machine Thread - 0] INFO  ratis.XceiverServerRatis (XceiverServerRatis.java:start(393)) - Starting XceiverServerRatis 1bbace0c-31ff-451e-ab1c-d12bdf9760fc at port 0
2019-09-11 09:49:29,536 [Datanode State Machine Thread - 0] INFO  impl.RaftServerProxy (RaftServerProxy.java:lambda$start$3(299)) - 1bbace0c-31ff-451e-ab1c-d12bdf9760fc: start RPC server
2019-09-11 09:49:29,556 [Datanode State Machine Thread - 0] INFO  server.GrpcService (GrpcService.java:startImpl(149)) - fc9c8292-475c-4844-96e0-f624044e697a: GrpcService started, listening on 0.0.0.0/0.0.0.0:46425
2019-09-11 09:49:29,556 [Datanode State Machine Thread - 0] INFO  server.GrpcService (GrpcService.java:startImpl(149)) - 89a1f1e8-bcb0-42c4-96b0-c345593e690d: GrpcService started, listening on 0.0.0.0/0.0.0.0:36269
2019-09-11 09:49:29,556 [Datanode State Machine Thread - 0] INFO  server.GrpcService (GrpcService.java:startImpl(149)) - 1bbace0c-31ff-451e-ab1c-d12bdf9760fc: GrpcService started, listening on 0.0.0.0/0.0.0.0:45921
2019-09-11 09:49:29,556 [Datanode State Machine Thread - 0] INFO  server.GrpcService (GrpcService.java:startImpl(149)) - 8691d358-479a-4e75-9c15-ec5581c276a0: GrpcService started, listening on 0.0.0.0/0.0.0.0:41737
2019-09-11 09:49:29,557 [Datanode State Machine Thread - 0] INFO  ratis.XceiverServerRatis (XceiverServerRatis.java:start(403)) - XceiverServerRatis 1bbace0c-31ff-451e-ab1c-d12bdf9760fc is started using port 45921
2019-09-11 09:49:29,557 [Datanode State Machine Thread - 0] INFO  ratis.XceiverServerRatis (XceiverServerRatis.java:start(403)) - XceiverServerRatis 89a1f1e8-bcb0-42c4-96b0-c345593e690d is started using port 36269
2019-09-11 09:49:29,556 [Datanode State Machine Thread - 0] INFO  ratis.XceiverServerRatis (XceiverServerRatis.java:start(403)) - XceiverServerRatis fc9c8292-475c-4844-96e0-f624044e697a is started using port 46425
2019-09-11 09:49:29,557 [Datanode State Machine Thread - 0] INFO  ratis.XceiverServerRatis (XceiverServerRatis.java:start(403)) - XceiverServerRatis 8691d358-479a-4e75-9c15-ec5581c276a0 is started using port 41737
2019-09-11 09:49:29,562 [Datanode State Machine Thread - 0] INFO  server.XceiverServerGrpc (XceiverServerGrpc.java:start(163)) - XceiverServerGrpc fc9c8292-475c-4844-96e0-f624044e697a is started using port 43482
2019-09-11 09:49:29,563 [Datanode State Machine Thread - 0] INFO  server.XceiverServerGrpc (XceiverServerGrpc.java:start(163)) - XceiverServerGrpc 1bbace0c-31ff-451e-ab1c-d12bdf9760fc is started using port 40091
2019-09-11 09:49:29,563 [Datanode State Machine Thread - 0] INFO  server.XceiverServerGrpc (XceiverServerGrpc.java:start(163)) - XceiverServerGrpc 89a1f1e8-bcb0-42c4-96b0-c345593e690d is started using port 34759
2019-09-11 09:49:29,563 [Datanode State Machine Thread - 0] INFO  server.XceiverServerGrpc (XceiverServerGrpc.java:start(163)) - XceiverServerGrpc 8691d358-479a-4e75-9c15-ec5581c276a0 is started using port 35852
2019-09-11 09:49:30,506 [main] INFO  ozone.MiniOzoneClusterImpl (MiniOzoneClusterImpl.java:lambda$waitForClusterToBeReady$0(140)) - Waiting for cluster to be ready. Got 0 of 4 DN Heartbeats.
2019-09-11 09:49:31,318 [IPC Server handler 1 on 36912] INFO  net.NetworkTopology (NetworkTopologyImpl.java:add(110)) - Added a new node: /default-rack/fc9c8292-475c-4844-96e0-f624044e697a
2019-09-11 09:49:31,320 [IPC Server handler 1 on 36912] INFO  node.SCMNodeManager (SCMNodeManager.java:register(266)) - Registered Data node : fc9c8292-475c-4844-96e0-f624044e697a{ip: 192.168.36.126, host: pr-hdds-2076-9n8w8-3375968490, networkLocation: /default-rack, certSerialId: null}
2019-09-11 09:49:31,324 [EventQueue-NodeRegistrationContainerReportForDataNodeSafeModeRule] INFO  safemode.SCMSafeModeManager (DataNodeSafeModeRule.java:process(71)) - SCM in safe mode. 1 DataNodes registered, 1 required.
2019-09-11 09:49:31,324 [EventQueue-NodeRegistrationContainerReportForDataNodeSafeModeRule] INFO  safemode.SCMSafeModeManager (SCMSafeModeManager.java:validateSafeModeExitRules(177)) - ScmSafeModeManager, all rules are successfully validated
2019-09-11 09:49:31,324 [EventQueue-NodeRegistrationContainerReportForDataNodeSafeModeRule] INFO  safemode.SCMSafeModeManager (SCMSafeModeManager.java:exitSafeMode(193)) - SCM exiting safe mode.
2019-09-11 09:49:31,368 [IPC Server handler 2 on 36912] INFO  net.NetworkTopology (NetworkTopologyImpl.java:add(110)) - Added a new node: /default-rack/89a1f1e8-bcb0-42c4-96b0-c345593e690d
2019-09-11 09:49:31,368 [IPC Server handler 2 on 36912] INFO  node.SCMNodeManager (SCMNodeManager.java:register(266)) - Registered Data node : 89a1f1e8-bcb0-42c4-96b0-c345593e690d{ip: 192.168.36.126, host: pr-hdds-2076-9n8w8-3375968490, networkLocation: /default-rack, certSerialId: null}
2019-09-11 09:49:31,435 [IPC Server handler 3 on 36912] INFO  net.NetworkTopology (NetworkTopologyImpl.java:add(110)) - Added a new node: /default-rack/8691d358-479a-4e75-9c15-ec5581c276a0
2019-09-11 09:49:31,435 [IPC Server handler 3 on 36912] INFO  node.SCMNodeManager (SCMNodeManager.java:register(266)) - Registered Data node : 8691d358-479a-4e75-9c15-ec5581c276a0{ip: 192.168.36.126, host: pr-hdds-2076-9n8w8-3375968490, networkLocation: /default-rack, certSerialId: null}
2019-09-11 09:49:31,508 [main] INFO  ozone.MiniOzoneClusterImpl (MiniOzoneClusterImpl.java:lambda$waitForClusterToBeReady$0(140)) - Waiting for cluster to be ready. Got 3 of 4 DN Heartbeats.
2019-09-11 09:49:31,509 [IPC Server handler 4 on 36912] INFO  net.NetworkTopology (NetworkTopologyImpl.java:add(110)) - Added a new node: /default-rack/1bbace0c-31ff-451e-ab1c-d12bdf9760fc
2019-09-11 09:49:31,509 [IPC Server handler 4 on 36912] INFO  node.SCMNodeManager (SCMNodeManager.java:register(266)) - Registered Data node : 1bbace0c-31ff-451e-ab1c-d12bdf9760fc{ip: 192.168.36.126, host: pr-hdds-2076-9n8w8-3375968490, networkLocation: /default-rack, certSerialId: null}
2019-09-11 09:49:31,835 [grpc-default-executor-0] INFO  impl.RaftServerProxy (RaftServerProxy.java:addNew(89)) - fc9c8292-475c-4844-96e0-f624044e697a: addNew group-F7956D91B6C2:[fc9c8292-475c-4844-96e0-f624044e697a:192.168.36.126:46425] returns group-F7956D91B6C2:java.util.concurrent.CompletableFuture@2c80b2e8[Not completed]
2019-09-11 09:49:31,850 [pool-27-thread-1] INFO  impl.RaftServerImpl (RaftServerImpl.java:<init>(93)) - fc9c8292-475c-4844-96e0-f624044e697a: new RaftServerImpl for group-F7956D91B6C2:[fc9c8292-475c-4844-96e0-f624044e697a:192.168.36.126:46425] with ContainerStateMachine:uninitialized
2019-09-11 09:49:31,853 [pool-27-thread-1] INFO  server.RaftServerConfigKeys (ConfUtils.java:logGet(43)) - raft.server.rpc.timeout.min = 5s (custom)
2019-09-11 09:49:31,854 [pool-27-thread-1] INFO  server.RaftServerConfigKeys (ConfUtils.java:logGet(43)) - raft.server.rpc.timeout.max = 5200ms (custom)
2019-09-11 09:49:31,854 [pool-27-thread-1] INFO  server.RaftServerConfigKeys (ConfUtils.java:logGet(43)) - raft.server.rpcslowness.timeout = 1000s (custom)
2019-09-11 09:49:31,855 [pool-27-thread-1] INFO  server.RaftServerConfigKeys (ConfUtils.java:logGet(43)) - raft.server.sleep.deviation.threshold = 300 (default)
2019-09-11 09:49:31,855 [pool-27-thread-1] INFO  server.RaftServerConfigKeys (ConfUtils.java:logGet(43)) - raft.server.log.appender.install.snapshot.enabled = false (custom)
2019-09-11 09:49:31,862 [pool-27-thread-1] INFO  impl.RaftServerImpl (ServerState.java:<init>(105)) - fc9c8292-475c-4844-96e0-f624044e697a:group-F7956D91B6C2 ConfigurationManager, init=-1: [fc9c8292-475c-4844-96e0-f624044e697a:192.168.36.126:46425], old=null, confs=<EMPTY_MAP>
2019-09-11 09:49:31,862 [pool-27-thread-1] INFO  server.RaftServerConfigKeys (ConfUtils.java:logGet(43)) - raft.server.storage.dir = [/workdir/hadoop-ozone/integration-test/target/test-dir/MiniOzoneClusterImpl-e938c337-7f80-4e5f-b777-0ae7d500e9e2/datanode-0/data/ratis] (custom)
2019-09-11 09:49:31,869 [pool-27-thread-1] INFO  storage.RaftStorageDirectory (RaftStorageDirectory.java:analyzeStorage(246)) - The storage directory /workdir/hadoop-ozone/integration-test/target/test-dir/MiniOzoneClusterImpl-e938c337-7f80-4e5f-b777-0ae7d500e9e2/datanode-0/data/ratis/2ff8be66-431a-4251-839a-f7956d91b6c2 does not exist. Creating ...
2019-09-11 09:49:31,886 [pool-27-thread-1] INFO  storage.RaftStorageDirectory (RaftStorageDirectory.java:tryLock(328)) - Lock on /workdir/hadoop-ozone/integration-test/target/test-dir/MiniOzoneClusterImpl-e938c337-7f80-4e5f-b777-0ae7d500e9e2/datanode-0/data/ratis/2ff8be66-431a-4251-839a-f7956d91b6c2/in_use.lock acquired by nodename 29638@pr-hdds-2076-9n8w8-3375968490
2019-09-11 09:49:31,903 [pool-27-thread-1] INFO  storage.RaftStorage (RaftStorage.java:format(72)) - Storage directory /workdir/hadoop-ozone/integration-test/target/test-dir/MiniOzoneClusterImpl-e938c337-7f80-4e5f-b777-0ae7d500e9e2/datanode-0/data/ratis/2ff8be66-431a-4251-839a-f7956d91b6c2 has been successfully formatted.
2019-09-11 09:49:31,906 [pool-27-thread-1] INFO  ratis.ContainerStateMachine (ContainerStateMachine.java:loadSnapshot(227)) - group-F7956D91B6C2: The snapshot info is null. Setting the last applied indexto:(t:0, i:~)
2019-09-11 09:49:31,907 [pool-27-thread-1] INFO  server.RaftServerConfigKeys (ConfUtils.java:logGet(43)) - raft.server.leader.election.timeout = 1000s (custom)
2019-09-11 09:49:31,910 [pool-27-thread-1] INFO  server.RaftServerConfigKeys (ConfUtils.java:logGet(43)) - raft.server.log.use.memory = false (default)
2019-09-11 09:49:31,918 [pool-27-thread-1] INFO  server.RaftServerConfigKeys (ConfUtils.java:logGet(43)) - raft.server.log.purge.gap = 1000000 (custom)
2019-09-11 09:49:31,918 [pool-27-thread-1] INFO  server.RaftServerConfigKeys (ConfUtils.java:logGet(43)) - raft.server.log.appender.buffer.byte-limit = 33554432 (custom)
2019-09-11 09:49:31,920 [pool-27-thread-1] INFO  server.RaftServerConfigKeys (ConfUtils.java:logGet(43)) - raft.server.log.segment.size.max = 1048576 (custom)
2019-09-11 09:49:31,927 [pool-27-thread-1] INFO  server.RaftServerConfigKeys (ConfUtils.java:logGet(43)) - raft.server.log.segment.cache.num.max = 2 (custom)
2019-09-11 09:49:31,934 [pool-27-thread-1] INFO  segmented.SegmentedRaftLogWorker (SegmentedRaftLogWorker.java:<init>(172)) - new fc9c8292-475c-4844-96e0-f624044e697a-SegmentedRaftLogWorker:Storage Directory /workdir/hadoop-ozone/integration-test/target/test-dir/MiniOzoneClusterImpl-e938c337-7f80-4e5f-b777-0ae7d500e9e2/datanode-0/data/ratis/2ff8be66-431a-4251-839a-f7956d91b6c2 for RaftStorage:Storage Directory /workdir/hadoop-ozone/integration-test/target/test-dir/MiniOzoneClusterImpl-e938c337-7f80-4e5f-b777-0ae7d500e9e2/datanode-0/data/ratis/2ff8be66-431a-4251-839a-f7956d91b6c2
2019-09-11 09:49:31,949 [pool-27-thread-1] INFO  server.RaftServerConfigKeys (ConfUtils.java:logGet(43)) - raft.server.log.queue.byte-limit = 2147483647 (custom)
2019-09-11 09:49:31,949 [pool-27-thread-1] INFO  server.RaftServerConfigKeys (ConfUtils.java:logGet(43)) - raft.server.log.queue.element-limit = 1024 (custom)
2019-09-11 09:49:31,955 [pool-27-thread-1] INFO  server.RaftServerConfigKeys (ConfUtils.java:logGet(43)) - raft.server.log.segment.size.max = 1048576 (custom)
2019-09-11 09:49:31,956 [pool-27-thread-1] INFO  server.RaftServerConfigKeys (ConfUtils.java:logGet(43)) - raft.server.log.preallocated.size = 16384 (custom)
2019-09-11 09:49:31,956 [pool-27-thread-1] INFO  server.RaftServerConfigKeys (ConfUtils.java:logGet(43)) - raft.server.log.write.buffer.size = 33554432 (custom)
2019-09-11 09:49:31,957 [pool-27-thread-1] INFO  server.RaftServerConfigKeys (ConfUtils.java:logGet(43)) - raft.server.log.force.sync.num = 128 (default)
2019-09-11 09:49:31,958 [pool-27-thread-1] INFO  server.RaftServerConfigKeys (ConfUtils.java:logGet(43)) - raft.server.log.statemachine.data.sync = true (default)
2019-09-11 09:49:31,959 [pool-27-thread-1] INFO  server.RaftServerConfigKeys (ConfUtils.java:logGet(43)) - raft.server.log.statemachine.data.sync.timeout = 10s (default)
2019-09-11 09:49:31,959 [pool-27-thread-1] INFO  server.RaftServerConfigKeys (ConfUtils.java:logGet(43)) - raft.server.log.statemachine.data.sync.timeout.retry = -1 (default)
2019-09-11 09:49:31,969 [pool-27-thread-1] INFO  server.RaftServerConfigKeys (ConfUtils.java:logGet(43)) - raft.server.log.statemachine.data.caching.enabled = true (custom)
2019-09-11 09:49:31,974 [pool-27-thread-1] INFO  segmented.SegmentedRaftLogWorker (SegmentedRaftLogWorker.java:lambda$new$0(132)) - fc9c8292-475c-4844-96e0-f624044e697a-SegmentedRaftLogWorker:Storage Directory /workdir/hadoop-ozone/integration-test/target/test-dir/MiniOzoneClusterImpl-e938c337-7f80-4e5f-b777-0ae7d500e9e2/datanode-0/data/ratis/2ff8be66-431a-4251-839a-f7956d91b6c2: flushIndex: setUnconditionally 0 -> -1
2019-09-11 09:49:31,979 [pool-27-thread-1] INFO  server.RaftServerConfigKeys (ConfUtils.java:logGet(43)) - raft.server.snapshot.auto.trigger.enabled = true (custom)
2019-09-11 09:49:31,980 [pool-27-thread-1] INFO  server.RaftServerConfigKeys (ConfUtils.java:logGet(43)) - raft.server.snapshot.auto.trigger.threshold = 10000 (custom)
2019-09-11 09:49:31,980 [pool-27-thread-1] INFO  server.RaftServerConfigKeys (ConfUtils.java:logGet(43)) - raft.server.retrycache.expirytime = 600000ms (custom)
2019-09-11 09:49:32,012 [pool-27-thread-1] INFO  impl.RaftServerImpl (RaftServerImpl.java:start(180)) - fc9c8292-475c-4844-96e0-f624044e697a: start group-F7956D91B6C2
2019-09-11 09:49:32,013 [pool-27-thread-1] INFO  impl.RaftServerImpl (RaftServerImpl.java:setRole(171)) - fc9c8292-475c-4844-96e0-f624044e697a:group-F7956D91B6C2 changes role from null to FOLLOWER at term 0 for startAsFollower
2019-09-11 09:49:32,015 [pool-27-thread-1] INFO  impl.RoleInfo (RoleInfo.java:updateAndGet(143)) - fc9c8292-475c-4844-96e0-f624044e697a: start FollowerState
2019-09-11 09:49:32,018 [pool-27-thread-1] INFO  util.JmxRegister (JmxRegister.java:tryRegister(44)) - Successfully registered JMX Bean with object name Ratis:service=RaftServer,group=group-F7956D91B6C2,id=fc9c8292-475c-4844-96e0-f624044e697a
2019-09-11 09:49:32,089 [RatisPipelineUtilsThread] INFO  pipeline.PipelineStateManager (PipelineStateManager.java:addPipeline(56)) - Created pipeline Pipeline[ Id: 2ff8be66-431a-4251-839a-f7956d91b6c2, Nodes: fc9c8292-475c-4844-96e0-f624044e697a{ip: 192.168.36.126, host: pr-hdds-2076-9n8w8-3375968490, networkLocation: /default-rack, certSerialId: null}, Type:RATIS, Factor:ONE, State:OPEN]
2019-09-11 09:49:32,115 [grpc-default-executor-0] INFO  impl.RaftServerProxy (RaftServerProxy.java:addNew(89)) - 8691d358-479a-4e75-9c15-ec5581c276a0: addNew group-8A401BE080A4:[8691d358-479a-4e75-9c15-ec5581c276a0:192.168.36.126:41737] returns group-8A401BE080A4:java.util.concurrent.CompletableFuture@252e185e[Not completed]
2019-09-11 09:49:32,152 [pool-47-thread-1] INFO  impl.RaftServerImpl (RaftServerImpl.java:<init>(93)) - 8691d358-479a-4e75-9c15-ec5581c276a0: new RaftServerImpl for group-8A401BE080A4:[8691d358-479a-4e75-9c15-ec5581c276a0:192.168.36.126:41737] with ContainerStateMachine:uninitialized
2019-09-11 09:49:32,155 [pool-47-thread-1] INFO  server.RaftServerConfigKeys (ConfUtils.java:logGet(43)) - raft.server.rpc.timeout.min = 5s (custom)
2019-09-11 09:49:32,155 [pool-47-thread-1] INFO  server.RaftServerConfigKeys (ConfUtils.java:logGet(43)) - raft.server.rpc.timeout.max = 5200ms (custom)
2019-09-11 09:49:32,155 [pool-47-thread-1] INFO  server.RaftServerConfigKeys (ConfUtils.java:logGet(43)) - raft.server.rpcslowness.timeout = 1000s (custom)
2019-09-11 09:49:32,155 [pool-47-thread-1] INFO  server.RaftServerConfigKeys (ConfUtils.java:logGet(43)) - raft.server.sleep.deviation.threshold = 300 (default)
2019-09-11 09:49:32,155 [pool-47-thread-1] INFO  server.RaftServerConfigKeys (ConfUtils.java:logGet(43)) - raft.server.log.appender.install.snapshot.enabled = false (custom)
2019-09-11 09:49:32,155 [pool-47-thread-1] INFO  impl.RaftServerImpl (ServerState.java:<init>(105)) - 8691d358-479a-4e75-9c15-ec5581c276a0:group-8A401BE080A4 ConfigurationManager, init=-1: [8691d358-479a-4e75-9c15-ec5581c276a0:192.168.36.126:41737], old=null, confs=<EMPTY_MAP>
2019-09-11 09:49:32,156 [pool-47-thread-1] INFO  server.RaftServerConfigKeys (ConfUtils.java:logGet(43)) - raft.server.storage.dir = [/workdir/hadoop-ozone/integration-test/target/test-dir/MiniOzoneClusterImpl-e938c337-7f80-4e5f-b777-0ae7d500e9e2/datanode-2/data/ratis] (custom)
2019-09-11 09:49:32,156 [pool-47-thread-1] INFO  storage.RaftStorageDirectory (RaftStorageDirectory.java:analyzeStorage(246)) - The storage directory /workdir/hadoop-ozone/integration-test/target/test-dir/MiniOzoneClusterImpl-e938c337-7f80-4e5f-b777-0ae7d500e9e2/datanode-2/data/ratis/c8c39f56-0317-42b1-9430-8a401be080a4 does not exist. Creating ...
2019-09-11 09:49:32,179 [pool-47-thread-1] INFO  storage.RaftStorageDirectory (RaftStorageDirectory.java:tryLock(328)) - Lock on /workdir/hadoop-ozone/integration-test/target/test-dir/MiniOzoneClusterImpl-e938c337-7f80-4e5f-b777-0ae7d500e9e2/datanode-2/data/ratis/c8c39f56-0317-42b1-9430-8a401be080a4/in_use.lock acquired by nodename 29638@pr-hdds-2076-9n8w8-3375968490
2019-09-11 09:49:32,193 [pool-47-thread-1] INFO  storage.RaftStorage (RaftStorage.java:format(72)) - Storage directory /workdir/hadoop-ozone/integration-test/target/test-dir/MiniOzoneClusterImpl-e938c337-7f80-4e5f-b777-0ae7d500e9e2/datanode-2/data/ratis/c8c39f56-0317-42b1-9430-8a401be080a4 has been successfully formatted.
2019-09-11 09:49:32,194 [pool-47-thread-1] INFO  ratis.ContainerStateMachine (ContainerStateMachine.java:loadSnapshot(227)) - group-8A401BE080A4: The snapshot info is null. Setting the last applied indexto:(t:0, i:~)
2019-09-11 09:49:32,195 [pool-47-thread-1] INFO  server.RaftServerConfigKeys (ConfUtils.java:logGet(43)) - raft.server.leader.election.timeout = 1000s (custom)
2019-09-11 09:49:32,195 [pool-47-thread-1] INFO  server.RaftServerConfigKeys (ConfUtils.java:logGet(43)) - raft.server.log.use.memory = false (default)
2019-09-11 09:49:32,196 [pool-47-thread-1] INFO  server.RaftServerConfigKeys (ConfUtils.java:logGet(43)) - raft.server.log.purge.gap = 1000000 (custom)
2019-09-11 09:49:32,196 [pool-47-thread-1] INFO  server.RaftServerConfigKeys (ConfUtils.java:logGet(43)) - raft.server.log.appender.buffer.byte-limit = 33554432 (custom)
2019-09-11 09:49:32,196 [pool-47-thread-1] INFO  server.RaftServerConfigKeys (ConfUtils.java:logGet(43)) - raft.server.log.segment.size.max = 1048576 (custom)
2019-09-11 09:49:32,196 [pool-47-thread-1] INFO  server.RaftServerConfigKeys (ConfUtils.java:logGet(43)) - raft.server.log.segment.cache.num.max = 2 (custom)
2019-09-11 09:49:32,196 [pool-47-thread-1] INFO  segmented.SegmentedRaftLogWorker (SegmentedRaftLogWorker.java:<init>(172)) - new 8691d358-479a-4e75-9c15-ec5581c276a0-SegmentedRaftLogWorker:Storage Directory /workdir/hadoop-ozone/integration-test/target/test-dir/MiniOzoneClusterImpl-e938c337-7f80-4e5f-b777-0ae7d500e9e2/datanode-2/data/ratis/c8c39f56-0317-42b1-9430-8a401be080a4 for RaftStorage:Storage Directory /workdir/hadoop-ozone/integration-test/target/test-dir/MiniOzoneClusterImpl-e938c337-7f80-4e5f-b777-0ae7d500e9e2/datanode-2/data/ratis/c8c39f56-0317-42b1-9430-8a401be080a4
2019-09-11 09:49:32,198 [pool-47-thread-1] INFO  server.RaftServerConfigKeys (ConfUtils.java:logGet(43)) - raft.server.log.queue.byte-limit = 2147483647 (custom)
2019-09-11 09:49:32,198 [pool-47-thread-1] INFO  server.RaftServerConfigKeys (ConfUtils.java:logGet(43)) - raft.server.log.queue.element-limit = 1024 (custom)
2019-09-11 09:49:32,198 [pool-47-thread-1] INFO  server.RaftServerConfigKeys (ConfUtils.java:logGet(43)) - raft.server.log.segment.size.max = 1048576 (custom)
2019-09-11 09:49:32,198 [pool-47-thread-1] INFO  server.RaftServerConfigKeys (ConfUtils.java:logGet(43)) - raft.server.log.preallocated.size = 16384 (custom)
2019-09-11 09:49:32,199 [pool-47-thread-1] INFO  server.RaftServerConfigKeys (ConfUtils.java:logGet(43)) - raft.server.log.write.buffer.size = 33554432 (custom)
2019-09-11 09:49:32,199 [pool-47-thread-1] INFO  server.RaftServerConfigKeys (ConfUtils.java:logGet(43)) - raft.server.log.force.sync.num = 128 (default)
2019-09-11 09:49:32,199 [pool-47-thread-1] INFO  server.RaftServerConfigKeys (ConfUtils.java:logGet(43)) - raft.server.log.statemachine.data.sync = true (default)
2019-09-11 09:49:32,199 [pool-47-thread-1] INFO  server.RaftServerConfigKeys (ConfUtils.java:logGet(43)) - raft.server.log.statemachine.data.sync.timeout = 10s (default)
2019-09-11 09:49:32,200 [pool-47-thread-1] INFO  server.RaftServerConfigKeys (ConfUtils.java:logGet(43)) - raft.server.log.statemachine.data.sync.timeout.retry = -1 (default)
2019-09-11 09:49:32,200 [pool-47-thread-1] INFO  server.RaftServerConfigKeys (ConfUtils.java:logGet(43)) - raft.server.log.statemachine.data.caching.enabled = true (custom)
2019-09-11 09:49:32,201 [pool-47-thread-1] INFO  segmented.SegmentedRaftLogWorker (SegmentedRaftLogWorker.java:lambda$new$0(132)) - 8691d358-479a-4e75-9c15-ec5581c276a0-SegmentedRaftLogWorker:Storage Directory /workdir/hadoop-ozone/integration-test/target/test-dir/MiniOzoneClusterImpl-e938c337-7f80-4e5f-b777-0ae7d500e9e2/datanode-2/data/ratis/c8c39f56-0317-42b1-9430-8a401be080a4: flushIndex: setUnconditionally 0 -> -1
2019-09-11 09:49:32,201 [pool-47-thread-1] INFO  server.RaftServerConfigKeys (ConfUtils.java:logGet(43)) - raft.server.snapshot.auto.trigger.enabled = true (custom)
2019-09-11 09:49:32,201 [pool-47-thread-1] INFO  server.RaftServerConfigKeys (ConfUtils.java:logGet(43)) - raft.server.snapshot.auto.trigger.threshold = 10000 (custom)
2019-09-11 09:49:32,201 [pool-47-thread-1] INFO  server.RaftServerConfigKeys (ConfUtils.java:logGet(43)) - raft.server.retrycache.expirytime = 600000ms (custom)
2019-09-11 09:49:32,202 [pool-47-thread-1] INFO  impl.RaftServerImpl (RaftServerImpl.java:start(180)) - 8691d358-479a-4e75-9c15-ec5581c276a0: start group-8A401BE080A4
2019-09-11 09:49:32,202 [pool-47-thread-1] INFO  impl.RaftServerImpl (RaftServerImpl.java:setRole(171)) - 8691d358-479a-4e75-9c15-ec5581c276a0:group-8A401BE080A4 changes role from null to FOLLOWER at term 0 for startAsFollower
2019-09-11 09:49:32,202 [pool-47-thread-1] INFO  impl.RoleInfo (RoleInfo.java:updateAndGet(143)) - 8691d358-479a-4e75-9c15-ec5581c276a0: start FollowerState
2019-09-11 09:49:32,204 [pool-47-thread-1] INFO  util.JmxRegister (JmxRegister.java:tryRegister(44)) - Successfully registered JMX Bean with object name Ratis:service=RaftServer,group=group-8A401BE080A4,id=8691d358-479a-4e75-9c15-ec5581c276a0
2019-09-11 09:49:32,215 [RatisPipelineUtilsThread] INFO  pipeline.PipelineStateManager (PipelineStateManager.java:addPipeline(56)) - Created pipeline Pipeline[ Id: c8c39f56-0317-42b1-9430-8a401be080a4, Nodes: 8691d358-479a-4e75-9c15-ec5581c276a0{ip: 192.168.36.126, host: pr-hdds-2076-9n8w8-3375968490, networkLocation: /default-rack, certSerialId: null}, Type:RATIS, Factor:ONE, State:OPEN]
2019-09-11 09:49:32,240 [grpc-default-executor-0] INFO  impl.RaftServerProxy (RaftServerProxy.java:addNew(89)) - 89a1f1e8-bcb0-42c4-96b0-c345593e690d: addNew group-77E6773890C9:[89a1f1e8-bcb0-42c4-96b0-c345593e690d:192.168.36.126:36269] returns group-77E6773890C9:java.util.concurrent.CompletableFuture@4cde234[Not completed]
2019-09-11 09:49:32,259 [pool-37-thread-1] INFO  impl.RaftServerImpl (RaftServerImpl.java:<init>(93)) - 89a1f1e8-bcb0-42c4-96b0-c345593e690d: new RaftServerImpl for group-77E6773890C9:[89a1f1e8-bcb0-42c4-96b0-c345593e690d:192.168.36.126:36269] with ContainerStateMachine:uninitialized
2019-09-11 09:49:32,263 [pool-37-thread-1] INFO  server.RaftServerConfigKeys (ConfUtils.java:logGet(43)) - raft.server.rpc.timeout.min = 5s (custom)
2019-09-11 09:49:32,263 [pool-37-thread-1] INFO  server.RaftServerConfigKeys (ConfUtils.java:logGet(43)) - raft.server.rpc.timeout.max = 5200ms (custom)
2019-09-11 09:49:32,264 [pool-37-thread-1] INFO  server.RaftServerConfigKeys (ConfUtils.java:logGet(43)) - raft.server.rpcslowness.timeout = 1000s (custom)
2019-09-11 09:49:32,264 [pool-37-thread-1] INFO  server.RaftServerConfigKeys (ConfUtils.java:logGet(43)) - raft.server.sleep.deviation.threshold = 300 (default)
2019-09-11 09:49:32,264 [pool-37-thread-1] INFO  server.RaftServerConfigKeys (ConfUtils.java:logGet(43)) - raft.server.log.appender.install.snapshot.enabled = false (custom)
2019-09-11 09:49:32,264 [pool-37-thread-1] INFO  impl.RaftServerImpl (ServerState.java:<init>(105)) - 89a1f1e8-bcb0-42c4-96b0-c345593e690d:group-77E6773890C9 ConfigurationManager, init=-1: [89a1f1e8-bcb0-42c4-96b0-c345593e690d:192.168.36.126:36269], old=null, confs=<EMPTY_MAP>
2019-09-11 09:49:32,264 [pool-37-thread-1] INFO  server.RaftServerConfigKeys (ConfUtils.java:logGet(43)) - raft.server.storage.dir = [/workdir/hadoop-ozone/integration-test/target/test-dir/MiniOzoneClusterImpl-e938c337-7f80-4e5f-b777-0ae7d500e9e2/datanode-1/data/ratis] (custom)
2019-09-11 09:49:32,265 [pool-37-thread-1] INFO  storage.RaftStorageDirectory (RaftStorageDirectory.java:analyzeStorage(246)) - The storage directory /workdir/hadoop-ozone/integration-test/target/test-dir/MiniOzoneClusterImpl-e938c337-7f80-4e5f-b777-0ae7d500e9e2/datanode-1/data/ratis/da549801-5dd2-4e7b-8164-77e6773890c9 does not exist. Creating ...
2019-09-11 09:49:32,278 [pool-37-thread-1] INFO  storage.RaftStorageDirectory (RaftStorageDirectory.java:tryLock(328)) - Lock on /workdir/hadoop-ozone/integration-test/target/test-dir/MiniOzoneClusterImpl-e938c337-7f80-4e5f-b777-0ae7d500e9e2/datanode-1/data/ratis/da549801-5dd2-4e7b-8164-77e6773890c9/in_use.lock acquired by nodename 29638@pr-hdds-2076-9n8w8-3375968490
2019-09-11 09:49:32,291 [pool-37-thread-1] INFO  storage.RaftStorage (RaftStorage.java:format(72)) - Storage directory /workdir/hadoop-ozone/integration-test/target/test-dir/MiniOzoneClusterImpl-e938c337-7f80-4e5f-b777-0ae7d500e9e2/datanode-1/data/ratis/da549801-5dd2-4e7b-8164-77e6773890c9 has been successfully formatted.
2019-09-11 09:49:32,291 [pool-37-thread-1] INFO  ratis.ContainerStateMachine (ContainerStateMachine.java:loadSnapshot(227)) - group-77E6773890C9: The snapshot info is null. Setting the last applied indexto:(t:0, i:~)
2019-09-11 09:49:32,292 [pool-37-thread-1] INFO  server.RaftServerConfigKeys (ConfUtils.java:logGet(43)) - raft.server.leader.election.timeout = 1000s (custom)
2019-09-11 09:49:32,292 [pool-37-thread-1] INFO  server.RaftServerConfigKeys (ConfUtils.java:logGet(43)) - raft.server.log.use.memory = false (default)
2019-09-11 09:49:32,292 [pool-37-thread-1] INFO  server.RaftServerConfigKeys (ConfUtils.java:logGet(43)) - raft.server.log.purge.gap = 1000000 (custom)
2019-09-11 09:49:32,292 [pool-37-thread-1] INFO  server.RaftServerConfigKeys (ConfUtils.java:logGet(43)) - raft.server.log.appender.buffer.byte-limit = 33554432 (custom)
2019-09-11 09:49:32,293 [pool-37-thread-1] INFO  server.RaftServerConfigKeys (ConfUtils.java:logGet(43)) - raft.server.log.segment.size.max = 1048576 (custom)
2019-09-11 09:49:32,293 [pool-37-thread-1] INFO  server.RaftServerConfigKeys (ConfUtils.java:logGet(43)) - raft.server.log.segment.cache.num.max = 2 (custom)
2019-09-11 09:49:32,293 [pool-37-thread-1] INFO  segmented.SegmentedRaftLogWorker (SegmentedRaftLogWorker.java:<init>(172)) - new 89a1f1e8-bcb0-42c4-96b0-c345593e690d-SegmentedRaftLogWorker:Storage Directory /workdir/hadoop-ozone/integration-test/target/test-dir/MiniOzoneClusterImpl-e938c337-7f80-4e5f-b777-0ae7d500e9e2/datanode-1/data/ratis/da549801-5dd2-4e7b-8164-77e6773890c9 for RaftStorage:Storage Directory /workdir/hadoop-ozone/integration-test/target/test-dir/MiniOzoneClusterImpl-e938c337-7f80-4e5f-b777-0ae7d500e9e2/datanode-1/data/ratis/da549801-5dd2-4e7b-8164-77e6773890c9
2019-09-11 09:49:32,293 [pool-37-thread-1] INFO  server.RaftServerConfigKeys (ConfUtils.java:logGet(43)) - raft.server.log.queue.byte-limit = 2147483647 (custom)
2019-09-11 09:49:32,294 [pool-37-thread-1] INFO  server.RaftServerConfigKeys (ConfUtils.java:logGet(43)) - raft.server.log.queue.element-limit = 1024 (custom)
2019-09-11 09:49:32,294 [pool-37-thread-1] INFO  server.RaftServerConfigKeys (ConfUtils.java:logGet(43)) - raft.server.log.segment.size.max = 1048576 (custom)
2019-09-11 09:49:32,294 [pool-37-thread-1] INFO  server.RaftServerConfigKeys (ConfUtils.java:logGet(43)) - raft.server.log.preallocated.size = 16384 (custom)
2019-09-11 09:49:32,294 [pool-37-thread-1] INFO  server.RaftServerConfigKeys (ConfUtils.java:logGet(43)) - raft.server.log.write.buffer.size = 33554432 (custom)
2019-09-11 09:49:32,294 [pool-37-thread-1] INFO  server.RaftServerConfigKeys (ConfUtils.java:logGet(43)) - raft.server.log.force.sync.num = 128 (default)
2019-09-11 09:49:32,295 [pool-37-thread-1] INFO  server.RaftServerConfigKeys (ConfUtils.java:logGet(43)) - raft.server.log.statemachine.data.sync = true (default)
2019-09-11 09:49:32,295 [pool-37-thread-1] INFO  server.RaftServerConfigKeys (ConfUtils.java:logGet(43)) - raft.server.log.statemachine.data.sync.timeout = 10s (default)
2019-09-11 09:49:32,295 [pool-37-thread-1] INFO  server.RaftServerConfigKeys (ConfUtils.java:logGet(43)) - raft.server.log.statemachine.data.sync.timeout.retry = -1 (default)
2019-09-11 09:49:32,296 [pool-37-thread-1] INFO  server.RaftServerConfigKeys (ConfUtils.java:logGet(43)) - raft.server.log.statemachine.data.caching.enabled = true (custom)
2019-09-11 09:49:32,296 [pool-37-thread-1] INFO  segmented.SegmentedRaftLogWorker (SegmentedRaftLogWorker.java:lambda$new$0(132)) - 89a1f1e8-bcb0-42c4-96b0-c345593e690d-SegmentedRaftLogWorker:Storage Directory /workdir/hadoop-ozone/integration-test/target/test-dir/MiniOzoneClusterImpl-e938c337-7f80-4e5f-b777-0ae7d500e9e2/datanode-1/data/ratis/da549801-5dd2-4e7b-8164-77e6773890c9: flushIndex: setUnconditionally 0 -> -1
2019-09-11 09:49:32,296 [pool-37-thread-1] INFO  server.RaftServerConfigKeys (ConfUtils.java:logGet(43)) - raft.server.snapshot.auto.trigger.enabled = true (custom)
2019-09-11 09:49:32,297 [pool-37-thread-1] INFO  server.RaftServerConfigKeys (ConfUtils.java:logGet(43)) - raft.server.snapshot.auto.trigger.threshold = 10000 (custom)
2019-09-11 09:49:32,297 [pool-37-thread-1] INFO  server.RaftServerConfigKeys (ConfUtils.java:logGet(43)) - raft.server.retrycache.expirytime = 600000ms (custom)
2019-09-11 09:49:32,297 [pool-37-thread-1] INFO  impl.RaftServerImpl (RaftServerImpl.java:start(180)) - 89a1f1e8-bcb0-42c4-96b0-c345593e690d: start group-77E6773890C9
2019-09-11 09:49:32,297 [pool-37-thread-1] INFO  impl.RaftServerImpl (RaftServerImpl.java:setRole(171)) - 89a1f1e8-bcb0-42c4-96b0-c345593e690d:group-77E6773890C9 changes role from null to FOLLOWER at term 0 for startAsFollower
2019-09-11 09:49:32,298 [pool-37-thread-1] INFO  impl.RoleInfo (RoleInfo.java:updateAndGet(143)) - 89a1f1e8-bcb0-42c4-96b0-c345593e690d: start FollowerState
2019-09-11 09:49:32,298 [pool-37-thread-1] INFO  util.JmxRegister (JmxRegister.java:tryRegister(44)) - Successfully registered JMX Bean with object name Ratis:service=RaftServer,group=group-77E6773890C9,id=89a1f1e8-bcb0-42c4-96b0-c345593e690d
2019-09-11 09:49:32,309 [RatisPipelineUtilsThread] INFO  pipeline.PipelineStateManager (PipelineStateManager.java:addPipeline(56)) - Created pipeline Pipeline[ Id: da549801-5dd2-4e7b-8164-77e6773890c9, Nodes: 89a1f1e8-bcb0-42c4-96b0-c345593e690d{ip: 192.168.36.126, host: pr-hdds-2076-9n8w8-3375968490, networkLocation: /default-rack, certSerialId: null}, Type:RATIS, Factor:ONE, State:OPEN]
2019-09-11 09:49:32,329 [grpc-default-executor-0] INFO  impl.RaftServerProxy (RaftServerProxy.java:addNew(89)) - 1bbace0c-31ff-451e-ab1c-d12bdf9760fc: addNew group-E33D26EEE3D0:[1bbace0c-31ff-451e-ab1c-d12bdf9760fc:192.168.36.126:45921] returns group-E33D26EEE3D0:java.util.concurrent.CompletableFuture@529f3157[Not completed]
2019-09-11 09:49:32,331 [pool-57-thread-1] INFO  impl.RaftServerImpl (RaftServerImpl.java:<init>(93)) - 1bbace0c-31ff-451e-ab1c-d12bdf9760fc: new RaftServerImpl for group-E33D26EEE3D0:[1bbace0c-31ff-451e-ab1c-d12bdf9760fc:192.168.36.126:45921] with ContainerStateMachine:uninitialized
2019-09-11 09:49:32,331 [pool-57-thread-1] INFO  server.RaftServerConfigKeys (ConfUtils.java:logGet(43)) - raft.server.rpc.timeout.min = 5s (custom)
2019-09-11 09:49:32,331 [pool-57-thread-1] INFO  server.RaftServerConfigKeys (ConfUtils.java:logGet(43)) - raft.server.rpc.timeout.max = 5200ms (custom)
2019-09-11 09:49:32,332 [pool-57-thread-1] INFO  server.RaftServerConfigKeys (ConfUtils.java:logGet(43)) - raft.server.rpcslowness.timeout = 1000s (custom)
2019-09-11 09:49:32,332 [pool-57-thread-1] INFO  server.RaftServerConfigKeys (ConfUtils.java:logGet(43)) - raft.server.sleep.deviation.threshold = 300 (default)
2019-09-11 09:49:32,332 [pool-57-thread-1] INFO  server.RaftServerConfigKeys (ConfUtils.java:logGet(43)) - raft.server.log.appender.install.snapshot.enabled = false (custom)
2019-09-11 09:49:32,332 [pool-57-thread-1] INFO  impl.RaftServerImpl (ServerState.java:<init>(105)) - 1bbace0c-31ff-451e-ab1c-d12bdf9760fc:group-E33D26EEE3D0 ConfigurationManager, init=-1: [1bbace0c-31ff-451e-ab1c-d12bdf9760fc:192.168.36.126:45921], old=null, confs=<EMPTY_MAP>
2019-09-11 09:49:32,332 [pool-57-thread-1] INFO  server.RaftServerConfigKeys (ConfUtils.java:logGet(43)) - raft.server.storage.dir = [/workdir/hadoop-ozone/integration-test/target/test-dir/MiniOzoneClusterImpl-e938c337-7f80-4e5f-b777-0ae7d500e9e2/datanode-3/data/ratis] (custom)
2019-09-11 09:49:32,333 [pool-57-thread-1] INFO  storage.RaftStorageDirectory (RaftStorageDirectory.java:analyzeStorage(246)) - The storage directory /workdir/hadoop-ozone/integration-test/target/test-dir/MiniOzoneClusterImpl-e938c337-7f80-4e5f-b777-0ae7d500e9e2/datanode-3/data/ratis/7b65c065-9ae4-469a-a359-e33d26eee3d0 does not exist. Creating ...
2019-09-11 09:49:32,346 [pool-57-thread-1] INFO  storage.RaftStorageDirectory (RaftStorageDirectory.java:tryLock(328)) - Lock on /workdir/hadoop-ozone/integration-test/target/test-dir/MiniOzoneClusterImpl-e938c337-7f80-4e5f-b777-0ae7d500e9e2/datanode-3/data/ratis/7b65c065-9ae4-469a-a359-e33d26eee3d0/in_use.lock acquired by nodename 29638@pr-hdds-2076-9n8w8-3375968490
2019-09-11 09:49:32,359 [pool-57-thread-1] INFO  storage.RaftStorage (RaftStorage.java:format(72)) - Storage directory /workdir/hadoop-ozone/integration-test/target/test-dir/MiniOzoneClusterImpl-e938c337-7f80-4e5f-b777-0ae7d500e9e2/datanode-3/data/ratis/7b65c065-9ae4-469a-a359-e33d26eee3d0 has been successfully formatted.
2019-09-11 09:49:32,359 [pool-57-thread-1] INFO  ratis.ContainerStateMachine (ContainerStateMachine.java:loadSnapshot(227)) - group-E33D26EEE3D0: The snapshot info is null. Setting the last applied indexto:(t:0, i:~)
2019-09-11 09:49:32,360 [pool-57-thread-1] INFO  server.RaftServerConfigKeys (ConfUtils.java:logGet(43)) - raft.server.leader.election.timeout = 1000s (custom)
2019-09-11 09:49:32,360 [pool-57-thread-1] INFO  server.RaftServerConfigKeys (ConfUtils.java:logGet(43)) - raft.server.log.use.memory = false (default)
2019-09-11 09:49:32,360 [pool-57-thread-1] INFO  server.RaftServerConfigKeys (ConfUtils.java:logGet(43)) - raft.server.log.purge.gap = 1000000 (custom)
2019-09-11 09:49:32,360 [pool-57-thread-1] INFO  server.RaftServerConfigKeys (ConfUtils.java:logGet(43)) - raft.server.log.appender.buffer.byte-limit = 33554432 (custom)
2019-09-11 09:49:32,360 [pool-57-thread-1] INFO  server.RaftServerConfigKeys (ConfUtils.java:logGet(43)) - raft.server.log.segment.size.max = 1048576 (custom)
2019-09-11 09:49:32,360 [pool-57-thread-1] INFO  server.RaftServerConfigKeys (ConfUtils.java:logGet(43)) - raft.server.log.segment.cache.num.max = 2 (custom)
2019-09-11 09:49:32,361 [pool-57-thread-1] INFO  segmented.SegmentedRaftLogWorker (SegmentedRaftLogWorker.java:<init>(172)) - new 1bbace0c-31ff-451e-ab1c-d12bdf9760fc-SegmentedRaftLogWorker:Storage Directory /workdir/hadoop-ozone/integration-test/target/test-dir/MiniOzoneClusterImpl-e938c337-7f80-4e5f-b777-0ae7d500e9e2/datanode-3/data/ratis/7b65c065-9ae4-469a-a359-e33d26eee3d0 for RaftStorage:Storage Directory /workdir/hadoop-ozone/integration-test/target/test-dir/MiniOzoneClusterImpl-e938c337-7f80-4e5f-b777-0ae7d500e9e2/datanode-3/data/ratis/7b65c065-9ae4-469a-a359-e33d26eee3d0
2019-09-11 09:49:32,361 [pool-57-thread-1] INFO  server.RaftServerConfigKeys (ConfUtils.java:logGet(43)) - raft.server.log.queue.byte-limit = 2147483647 (custom)
2019-09-11 09:49:32,361 [pool-57-thread-1] INFO  server.RaftServerConfigKeys (ConfUtils.java:logGet(43)) - raft.server.log.queue.element-limit = 1024 (custom)
2019-09-11 09:49:32,361 [pool-57-thread-1] INFO  server.RaftServerConfigKeys (ConfUtils.java:logGet(43)) - raft.server.log.segment.size.max = 1048576 (custom)
2019-09-11 09:49:32,362 [pool-57-thread-1] INFO  server.RaftServerConfigKeys (ConfUtils.java:logGet(43)) - raft.server.log.preallocated.size = 16384 (custom)
2019-09-11 09:49:32,362 [pool-57-thread-1] INFO  server.RaftServerConfigKeys (ConfUtils.java:logGet(43)) - raft.server.log.write.buffer.size = 33554432 (custom)
2019-09-11 09:49:32,362 [pool-57-thread-1] INFO  server.RaftServerConfigKeys (ConfUtils.java:logGet(43)) - raft.server.log.force.sync.num = 128 (default)
2019-09-11 09:49:32,362 [pool-57-thread-1] INFO  server.RaftServerConfigKeys (ConfUtils.java:logGet(43)) - raft.server.log.statemachine.data.sync = true (default)
2019-09-11 09:49:32,362 [pool-57-thread-1] INFO  server.RaftServerConfigKeys (ConfUtils.java:logGet(43)) - raft.server.log.statemachine.data.sync.timeout = 10s (default)
2019-09-11 09:49:32,362 [pool-57-thread-1] INFO  server.RaftServerConfigKeys (ConfUtils.java:logGet(43)) - raft.server.log.statemachine.data.sync.timeout.retry = -1 (default)
2019-09-11 09:49:32,363 [pool-57-thread-1] INFO  server.RaftServerConfigKeys (ConfUtils.java:logGet(43)) - raft.server.log.statemachine.data.caching.enabled = true (custom)
2019-09-11 09:49:32,363 [pool-57-thread-1] INFO  segmented.SegmentedRaftLogWorker (SegmentedRaftLogWorker.java:lambda$new$0(132)) - 1bbace0c-31ff-451e-ab1c-d12bdf9760fc-SegmentedRaftLogWorker:Storage Directory /workdir/hadoop-ozone/integration-test/target/test-dir/MiniOzoneClusterImpl-e938c337-7f80-4e5f-b777-0ae7d500e9e2/datanode-3/data/ratis/7b65c065-9ae4-469a-a359-e33d26eee3d0: flushIndex: setUnconditionally 0 -> -1
2019-09-11 09:49:32,364 [pool-57-thread-1] INFO  server.RaftServerConfigKeys (ConfUtils.java:logGet(43)) - raft.server.snapshot.auto.trigger.enabled = true (custom)
2019-09-11 09:49:32,364 [pool-57-thread-1] INFO  server.RaftServerConfigKeys (ConfUtils.java:logGet(43)) - raft.server.snapshot.auto.trigger.threshold = 10000 (custom)
2019-09-11 09:49:32,364 [pool-57-thread-1] INFO  server.RaftServerConfigKeys (ConfUtils.java:logGet(43)) - raft.server.retrycache.expirytime = 600000ms (custom)
2019-09-11 09:49:32,364 [pool-57-thread-1] INFO  impl.RaftServerImpl (RaftServerImpl.java:start(180)) - 1bbace0c-31ff-451e-ab1c-d12bdf9760fc: start group-E33D26EEE3D0
2019-09-11 09:49:32,364 [pool-57-thread-1] INFO  impl.RaftServerImpl (RaftServerImpl.java:setRole(171)) - 1bbace0c-31ff-451e-ab1c-d12bdf9760fc:group-E33D26EEE3D0 changes role from null to FOLLOWER at term 0 for startAsFollower
2019-09-11 09:49:32,365 [pool-57-thread-1] INFO  impl.RoleInfo (RoleInfo.java:updateAndGet(143)) - 1bbace0c-31ff-451e-ab1c-d12bdf9760fc: start FollowerState
2019-09-11 09:49:32,365 [pool-57-thread-1] INFO  util.JmxRegister (JmxRegister.java:tryRegister(44)) - Successfully registered JMX Bean with object name Ratis:service=RaftServer,group=group-E33D26EEE3D0,id=1bbace0c-31ff-451e-ab1c-d12bdf9760fc
2019-09-11 09:49:32,375 [RatisPipelineUtilsThread] INFO  pipeline.PipelineStateManager (PipelineStateManager.java:addPipeline(56)) - Created pipeline Pipeline[ Id: 7b65c065-9ae4-469a-a359-e33d26eee3d0, Nodes: 1bbace0c-31ff-451e-ab1c-d12bdf9760fc{ip: 192.168.36.126, host: pr-hdds-2076-9n8w8-3375968490, networkLocation: /default-rack, certSerialId: null}, Type:RATIS, Factor:ONE, State:OPEN]
2019-09-11 09:49:32,417 [grpc-default-executor-1] INFO  impl.RaftServerProxy (RaftServerProxy.java:addNew(89)) - 8691d358-479a-4e75-9c15-ec5581c276a0: addNew group-7244500E687B:[fc9c8292-475c-4844-96e0-f624044e697a:192.168.36.126:46425, 8691d358-479a-4e75-9c15-ec5581c276a0:192.168.36.126:41737, 89a1f1e8-bcb0-42c4-96b0-c345593e690d:192.168.36.126:36269] returns group-7244500E687B:java.util.concurrent.CompletableFuture@3a3413f2[Not completed]
2019-09-11 09:49:32,419 [grpc-default-executor-0] INFO  impl.RaftServerProxy (RaftServerProxy.java:addNew(89)) - 89a1f1e8-bcb0-42c4-96b0-c345593e690d: addNew group-7244500E687B:[fc9c8292-475c-4844-96e0-f624044e697a:192.168.36.126:46425, 8691d358-479a-4e75-9c15-ec5581c276a0:192.168.36.126:41737, 89a1f1e8-bcb0-42c4-96b0-c345593e690d:192.168.36.126:36269] returns group-7244500E687B:java.util.concurrent.CompletableFuture@4e3957cb[Not completed]
2019-09-11 09:49:32,420 [pool-47-thread-1] INFO  impl.RaftServerImpl (RaftServerImpl.java:<init>(93)) - 8691d358-479a-4e75-9c15-ec5581c276a0: new RaftServerImpl for group-7244500E687B:[fc9c8292-475c-4844-96e0-f624044e697a:192.168.36.126:46425, 8691d358-479a-4e75-9c15-ec5581c276a0:192.168.36.126:41737, 89a1f1e8-bcb0-42c4-96b0-c345593e690d:192.168.36.126:36269] with ContainerStateMachine:uninitialized
2019-09-11 09:49:32,420 [grpc-default-executor-1] INFO  impl.RaftServerProxy (RaftServerProxy.java:addNew(89)) - fc9c8292-475c-4844-96e0-f624044e697a: addNew group-7244500E687B:[fc9c8292-475c-4844-96e0-f624044e697a:192.168.36.126:46425, 8691d358-479a-4e75-9c15-ec5581c276a0:192.168.36.126:41737, 89a1f1e8-bcb0-42c4-96b0-c345593e690d:192.168.36.126:36269] returns group-7244500E687B:java.util.concurrent.CompletableFuture@7f368ad0[Not completed]
2019-09-11 09:49:32,420 [pool-47-thread-1] INFO  server.RaftServerConfigKeys (ConfUtils.java:logGet(43)) - raft.server.rpc.timeout.min = 5s (custom)
2019-09-11 09:49:32,420 [pool-47-thread-1] INFO  server.RaftServerConfigKeys (ConfUtils.java:logGet(43)) - raft.server.rpc.timeout.max = 5200ms (custom)
2019-09-11 09:49:32,420 [pool-37-thread-1] INFO  impl.RaftServerImpl (RaftServerImpl.java:<init>(93)) - 89a1f1e8-bcb0-42c4-96b0-c345593e690d: new RaftServerImpl for group-7244500E687B:[fc9c8292-475c-4844-96e0-f624044e697a:192.168.36.126:46425, 8691d358-479a-4e75-9c15-ec5581c276a0:192.168.36.126:41737, 89a1f1e8-bcb0-42c4-96b0-c345593e690d:192.168.36.126:36269] with ContainerStateMachine:uninitialized
2019-09-11 09:49:32,420 [pool-47-thread-1] INFO  server.RaftServerConfigKeys (ConfUtils.java:logGet(43)) - raft.server.rpcslowness.timeout = 1000s (custom)
2019-09-11 09:49:32,420 [pool-37-thread-1] INFO  server.RaftServerConfigKeys (ConfUtils.java:logGet(43)) - raft.server.rpc.timeout.min = 5s (custom)
2019-09-11 09:49:32,421 [pool-47-thread-1] INFO  server.RaftServerConfigKeys (ConfUtils.java:logGet(43)) - raft.server.sleep.deviation.threshold = 300 (default)
2019-09-11 09:49:32,421 [pool-37-thread-1] INFO  server.RaftServerConfigKeys (ConfUtils.java:logGet(43)) - raft.server.rpc.timeout.max = 5200ms (custom)
2019-09-11 09:49:32,421 [pool-47-thread-1] INFO  server.RaftServerConfigKeys (ConfUtils.java:logGet(43)) - raft.server.log.appender.install.snapshot.enabled = false (custom)
2019-09-11 09:49:32,421 [pool-37-thread-1] INFO  server.RaftServerConfigKeys (ConfUtils.java:logGet(43)) - raft.server.rpcslowness.timeout = 1000s (custom)
2019-09-11 09:49:32,421 [pool-47-thread-1] INFO  impl.RaftServerImpl (ServerState.java:<init>(105)) - 8691d358-479a-4e75-9c15-ec5581c276a0:group-7244500E687B ConfigurationManager, init=-1: [fc9c8292-475c-4844-96e0-f624044e697a:192.168.36.126:46425, 8691d358-479a-4e75-9c15-ec5581c276a0:192.168.36.126:41737, 89a1f1e8-bcb0-42c4-96b0-c345593e690d:192.168.36.126:36269], old=null, confs=<EMPTY_MAP>
2019-09-11 09:49:32,421 [pool-37-thread-1] INFO  server.RaftServerConfigKeys (ConfUtils.java:logGet(43)) - raft.server.sleep.deviation.threshold = 300 (default)
2019-09-11 09:49:32,421 [pool-37-thread-1] INFO  server.RaftServerConfigKeys (ConfUtils.java:logGet(43)) - raft.server.log.appender.install.snapshot.enabled = false (custom)
2019-09-11 09:49:32,421 [pool-47-thread-1] INFO  server.RaftServerConfigKeys (ConfUtils.java:logGet(43)) - raft.server.storage.dir = [/workdir/hadoop-ozone/integration-test/target/test-dir/MiniOzoneClusterImpl-e938c337-7f80-4e5f-b777-0ae7d500e9e2/datanode-2/data/ratis] (custom)
2019-09-11 09:49:32,421 [pool-27-thread-1] INFO  impl.RaftServerImpl (RaftServerImpl.java:<init>(93)) - fc9c8292-475c-4844-96e0-f624044e697a: new RaftServerImpl for group-7244500E687B:[fc9c8292-475c-4844-96e0-f624044e697a:192.168.36.126:46425, 8691d358-479a-4e75-9c15-ec5581c276a0:192.168.36.126:41737, 89a1f1e8-bcb0-42c4-96b0-c345593e690d:192.168.36.126:36269] with ContainerStateMachine:uninitialized
2019-09-11 09:49:32,421 [pool-37-thread-1] INFO  impl.RaftServerImpl (ServerState.java:<init>(105)) - 89a1f1e8-bcb0-42c4-96b0-c345593e690d:group-7244500E687B ConfigurationManager, init=-1: [fc9c8292-475c-4844-96e0-f624044e697a:192.168.36.126:46425, 8691d358-479a-4e75-9c15-ec5581c276a0:192.168.36.126:41737, 89a1f1e8-bcb0-42c4-96b0-c345593e690d:192.168.36.126:36269], old=null, confs=<EMPTY_MAP>
2019-09-11 09:49:32,422 [pool-27-thread-1] INFO  server.RaftServerConfigKeys (ConfUtils.java:logGet(43)) - raft.server.rpc.timeout.min = 5s (custom)
2019-09-11 09:49:32,422 [pool-37-thread-1] INFO  server.RaftServerConfigKeys (ConfUtils.java:logGet(43)) - raft.server.storage.dir = [/workdir/hadoop-ozone/integration-test/target/test-dir/MiniOzoneClusterImpl-e938c337-7f80-4e5f-b777-0ae7d500e9e2/datanode-1/data/ratis] (custom)
2019-09-11 09:49:32,422 [pool-47-thread-1] INFO  storage.RaftStorageDirectory (RaftStorageDirectory.java:analyzeStorage(246)) - The storage directory /workdir/hadoop-ozone/integration-test/target/test-dir/MiniOzoneClusterImpl-e938c337-7f80-4e5f-b777-0ae7d500e9e2/datanode-2/data/ratis/6eb9b203-a3c2-4064-b730-7244500e687b does not exist. Creating ...
2019-09-11 09:49:32,422 [pool-27-thread-1] INFO  server.RaftServerConfigKeys (ConfUtils.java:logGet(43)) - raft.server.rpc.timeout.max = 5200ms (custom)
2019-09-11 09:49:32,422 [pool-37-thread-1] INFO  storage.RaftStorageDirectory (RaftStorageDirectory.java:analyzeStorage(246)) - The storage directory /workdir/hadoop-ozone/integration-test/target/test-dir/MiniOzoneClusterImpl-e938c337-7f80-4e5f-b777-0ae7d500e9e2/datanode-1/data/ratis/6eb9b203-a3c2-4064-b730-7244500e687b does not exist. Creating ...
2019-09-11 09:49:32,422 [pool-27-thread-1] INFO  server.RaftServerConfigKeys (ConfUtils.java:logGet(43)) - raft.server.rpcslowness.timeout = 1000s (custom)
2019-09-11 09:49:32,423 [pool-27-thread-1] INFO  server.RaftServerConfigKeys (ConfUtils.java:logGet(43)) - raft.server.sleep.deviation.threshold = 300 (default)
2019-09-11 09:49:32,423 [pool-27-thread-1] INFO  server.RaftServerConfigKeys (ConfUtils.java:logGet(43)) - raft.server.log.appender.install.snapshot.enabled = false (custom)
2019-09-11 09:49:32,423 [pool-27-thread-1] INFO  impl.RaftServerImpl (ServerState.java:<init>(105)) - fc9c8292-475c-4844-96e0-f624044e697a:group-7244500E687B ConfigurationManager, init=-1: [fc9c8292-475c-4844-96e0-f624044e697a:192.168.36.126:46425, 8691d358-479a-4e75-9c15-ec5581c276a0:192.168.36.126:41737, 89a1f1e8-bcb0-42c4-96b0-c345593e690d:192.168.36.126:36269], old=null, confs=<EMPTY_MAP>
2019-09-11 09:49:32,423 [pool-27-thread-1] INFO  server.RaftServerConfigKeys (ConfUtils.java:logGet(43)) - raft.server.storage.dir = [/workdir/hadoop-ozone/integration-test/target/test-dir/MiniOzoneClusterImpl-e938c337-7f80-4e5f-b777-0ae7d500e9e2/datanode-0/data/ratis] (custom)
2019-09-11 09:49:32,424 [pool-27-thread-1] INFO  storage.RaftStorageDirectory (RaftStorageDirectory.java:analyzeStorage(246)) - The storage directory /workdir/hadoop-ozone/integration-test/target/test-dir/MiniOzoneClusterImpl-e938c337-7f80-4e5f-b777-0ae7d500e9e2/datanode-0/data/ratis/6eb9b203-a3c2-4064-b730-7244500e687b does not exist. Creating ...
2019-09-11 09:49:32,436 [pool-37-thread-1] INFO  storage.RaftStorageDirectory (RaftStorageDirectory.java:tryLock(328)) - Lock on /workdir/hadoop-ozone/integration-test/target/test-dir/MiniOzoneClusterImpl-e938c337-7f80-4e5f-b777-0ae7d500e9e2/datanode-1/data/ratis/6eb9b203-a3c2-4064-b730-7244500e687b/in_use.lock acquired by nodename 29638@pr-hdds-2076-9n8w8-3375968490
2019-09-11 09:49:32,436 [pool-47-thread-1] INFO  storage.RaftStorageDirectory (RaftStorageDirectory.java:tryLock(328)) - Lock on /workdir/hadoop-ozone/integration-test/target/test-dir/MiniOzoneClusterImpl-e938c337-7f80-4e5f-b777-0ae7d500e9e2/datanode-2/data/ratis/6eb9b203-a3c2-4064-b730-7244500e687b/in_use.lock acquired by nodename 29638@pr-hdds-2076-9n8w8-3375968490
2019-09-11 09:49:32,436 [pool-27-thread-1] INFO  storage.RaftStorageDirectory (RaftStorageDirectory.java:tryLock(328)) - Lock on /workdir/hadoop-ozone/integration-test/target/test-dir/MiniOzoneClusterImpl-e938c337-7f80-4e5f-b777-0ae7d500e9e2/datanode-0/data/ratis/6eb9b203-a3c2-4064-b730-7244500e687b/in_use.lock acquired by nodename 29638@pr-hdds-2076-9n8w8-3375968490
2019-09-11 09:49:32,454 [pool-27-thread-1] INFO  storage.RaftStorage (RaftStorage.java:format(72)) - Storage directory /workdir/hadoop-ozone/integration-test/target/test-dir/MiniOzoneClusterImpl-e938c337-7f80-4e5f-b777-0ae7d500e9e2/datanode-0/data/ratis/6eb9b203-a3c2-4064-b730-7244500e687b has been successfully formatted.
2019-09-11 09:49:32,454 [pool-47-thread-1] INFO  storage.RaftStorage (RaftStorage.java:format(72)) - Storage directory /workdir/hadoop-ozone/integration-test/target/test-dir/MiniOzoneClusterImpl-e938c337-7f80-4e5f-b777-0ae7d500e9e2/datanode-2/data/ratis/6eb9b203-a3c2-4064-b730-7244500e687b has been successfully formatted.
2019-09-11 09:49:32,454 [pool-27-thread-1] INFO  ratis.ContainerStateMachine (ContainerStateMachine.java:loadSnapshot(227)) - group-7244500E687B: The snapshot info is null. Setting the last applied indexto:(t:0, i:~)
2019-09-11 09:49:32,454 [pool-37-thread-1] INFO  storage.RaftStorage (RaftStorage.java:format(72)) - Storage directory /workdir/hadoop-ozone/integration-test/target/test-dir/MiniOzoneClusterImpl-e938c337-7f80-4e5f-b777-0ae7d500e9e2/datanode-1/data/ratis/6eb9b203-a3c2-4064-b730-7244500e687b has been successfully formatted.
2019-09-11 09:49:32,454 [pool-47-thread-1] INFO  ratis.ContainerStateMachine (ContainerStateMachine.java:loadSnapshot(227)) - group-7244500E687B: The snapshot info is null. Setting the last applied indexto:(t:0, i:~)
2019-09-11 09:49:32,454 [pool-27-thread-1] INFO  server.RaftServerConfigKeys (ConfUtils.java:logGet(43)) - raft.server.leader.election.timeout = 1000s (custom)
2019-09-11 09:49:32,455 [pool-47-thread-1] INFO  server.RaftServerConfigKeys (ConfUtils.java:logGet(43)) - raft.server.leader.election.timeout = 1000s (custom)
2019-09-11 09:49:32,455 [pool-27-thread-1] INFO  server.RaftServerConfigKeys (ConfUtils.java:logGet(43)) - raft.server.log.use.memory = false (default)
2019-09-11 09:49:32,455 [pool-37-thread-1] INFO  ratis.ContainerStateMachine (ContainerStateMachine.java:loadSnapshot(227)) - group-7244500E687B: The snapshot info is null. Setting the last applied indexto:(t:0, i:~)
2019-09-11 09:49:32,455 [pool-27-thread-1] INFO  server.RaftServerConfigKeys (ConfUtils.java:logGet(43)) - raft.server.log.purge.gap = 1000000 (custom)
2019-09-11 09:49:32,455 [pool-47-thread-1] INFO  server.RaftServerConfigKeys (ConfUtils.java:logGet(43)) - raft.server.log.use.memory = false (default)
2019-09-11 09:49:32,455 [pool-27-thread-1] INFO  server.RaftServerConfigKeys (ConfUtils.java:logGet(43)) - raft.server.log.appender.buffer.byte-limit = 33554432 (custom)
2019-09-11 09:49:32,455 [pool-37-thread-1] INFO  server.RaftServerConfigKeys (ConfUtils.java:logGet(43)) - raft.server.leader.election.timeout = 1000s (custom)
2019-09-11 09:49:32,456 [pool-27-thread-1] INFO  server.RaftServerConfigKeys (ConfUtils.java:logGet(43)) - raft.server.log.segment.size.max = 1048576 (custom)
2019-09-11 09:49:32,455 [pool-47-thread-1] INFO  server.RaftServerConfigKeys (ConfUtils.java:logGet(43)) - raft.server.log.purge.gap = 1000000 (custom)
2019-09-11 09:49:32,456 [pool-27-thread-1] INFO  server.RaftServerConfigKeys (ConfUtils.java:logGet(43)) - raft.server.log.segment.cache.num.max = 2 (custom)
2019-09-11 09:49:32,456 [pool-37-thread-1] INFO  server.RaftServerConfigKeys (ConfUtils.java:logGet(43)) - raft.server.log.use.memory = false (default)
2019-09-11 09:49:32,456 [pool-27-thread-1] INFO  segmented.SegmentedRaftLogWorker (SegmentedRaftLogWorker.java:<init>(172)) - new fc9c8292-475c-4844-96e0-f624044e697a-SegmentedRaftLogWorker:Storage Directory /workdir/hadoop-ozone/integration-test/target/test-dir/MiniOzoneClusterImpl-e938c337-7f80-4e5f-b777-0ae7d500e9e2/datanode-0/data/ratis/6eb9b203-a3c2-4064-b730-7244500e687b for RaftStorage:Storage Directory /workdir/hadoop-ozone/integration-test/target/test-dir/MiniOzoneClusterImpl-e938c337-7f80-4e5f-b777-0ae7d500e9e2/datanode-0/data/ratis/6eb9b203-a3c2-4064-b730-7244500e687b
2019-09-11 09:49:32,456 [pool-47-thread-1] INFO  server.RaftServerConfigKeys (ConfUtils.java:logGet(43)) - raft.server.log.appender.buffer.byte-limit = 33554432 (custom)
2019-09-11 09:49:32,456 [pool-27-thread-1] INFO  server.RaftServerConfigKeys (ConfUtils.java:logGet(43)) - raft.server.log.queue.byte-limit = 2147483647 (custom)
2019-09-11 09:49:32,456 [pool-37-thread-1] INFO  server.RaftServerConfigKeys (ConfUtils.java:logGet(43)) - raft.server.log.purge.gap = 1000000 (custom)
2019-09-11 09:49:32,458 [pool-27-thread-1] INFO  server.RaftServerConfigKeys (ConfUtils.java:logGet(43)) - raft.server.log.queue.element-limit = 1024 (custom)
2019-09-11 09:49:32,457 [pool-47-thread-1] INFO  server.RaftServerConfigKeys (ConfUtils.java:logGet(43)) - raft.server.log.segment.size.max = 1048576 (custom)
2019-09-11 09:49:32,459 [pool-27-thread-1] INFO  server.RaftServerConfigKeys (ConfUtils.java:logGet(43)) - raft.server.log.segment.size.max = 1048576 (custom)
2019-09-11 09:49:32,458 [pool-37-thread-1] INFO  server.RaftServerConfigKeys (ConfUtils.java:logGet(43)) - raft.server.log.appender.buffer.byte-limit = 33554432 (custom)
2019-09-11 09:49:32,459 [pool-27-thread-1] INFO  server.RaftServerConfigKeys (ConfUtils.java:logGet(43)) - raft.server.log.preallocated.size = 16384 (custom)
2019-09-11 09:49:32,459 [pool-47-thread-1] INFO  server.RaftServerConfigKeys (ConfUtils.java:logGet(43)) - raft.server.log.segment.cache.num.max = 2 (custom)
2019-09-11 09:49:32,459 [pool-27-thread-1] INFO  server.RaftServerConfigKeys (ConfUtils.java:logGet(43)) - raft.server.log.write.buffer.size = 33554432 (custom)
2019-09-11 09:49:32,459 [pool-37-thread-1] INFO  server.RaftServerConfigKeys (ConfUtils.java:logGet(43)) - raft.server.log.segment.size.max = 1048576 (custom)
2019-09-11 09:49:32,460 [pool-27-thread-1] INFO  server.RaftServerConfigKeys (ConfUtils.java:logGet(43)) - raft.server.log.force.sync.num = 128 (default)
2019-09-11 09:49:32,459 [pool-47-thread-1] INFO  segmented.SegmentedRaftLogWorker (SegmentedRaftLogWorker.java:<init>(172)) - new 8691d358-479a-4e75-9c15-ec5581c276a0-SegmentedRaftLogWorker:Storage Directory /workdir/hadoop-ozone/integration-test/target/test-dir/MiniOzoneClusterImpl-e938c337-7f80-4e5f-b777-0ae7d500e9e2/datanode-2/data/ratis/6eb9b203-a3c2-4064-b730-7244500e687b for RaftStorage:Storage Directory /workdir/hadoop-ozone/integration-test/target/test-dir/MiniOzoneClusterImpl-e938c337-7f80-4e5f-b777-0ae7d500e9e2/datanode-2/data/ratis/6eb9b203-a3c2-4064-b730-7244500e687b
2019-09-11 09:49:32,460 [pool-27-thread-1] INFO  server.RaftServerConfigKeys (ConfUtils.java:logGet(43)) - raft.server.log.statemachine.data.sync = true (default)
2019-09-11 09:49:32,460 [pool-37-thread-1] INFO  server.RaftServerConfigKeys (ConfUtils.java:logGet(43)) - raft.server.log.segment.cache.num.max = 2 (custom)
2019-09-11 09:49:32,460 [pool-27-thread-1] INFO  server.RaftServerConfigKeys (ConfUtils.java:logGet(43)) - raft.server.log.statemachine.data.sync.timeout = 10s (default)
2019-09-11 09:49:32,460 [pool-47-thread-1] INFO  server.RaftServerConfigKeys (ConfUtils.java:logGet(43)) - raft.server.log.queue.byte-limit = 2147483647 (custom)
2019-09-11 09:49:32,461 [pool-27-thread-1] INFO  server.RaftServerConfigKeys (ConfUtils.java:logGet(43)) - raft.server.log.statemachine.data.sync.timeout.retry = -1 (default)
2019-09-11 09:49:32,461 [pool-37-thread-1] INFO  segmented.SegmentedRaftLogWorker (SegmentedRaftLogWorker.java:<init>(172)) - new 89a1f1e8-bcb0-42c4-96b0-c345593e690d-SegmentedRaftLogWorker:Storage Directory /workdir/hadoop-ozone/integration-test/target/test-dir/MiniOzoneClusterImpl-e938c337-7f80-4e5f-b777-0ae7d500e9e2/datanode-1/data/ratis/6eb9b203-a3c2-4064-b730-7244500e687b for RaftStorage:Storage Directory /workdir/hadoop-ozone/integration-test/target/test-dir/MiniOzoneClusterImpl-e938c337-7f80-4e5f-b777-0ae7d500e9e2/datanode-1/data/ratis/6eb9b203-a3c2-4064-b730-7244500e687b
2019-09-11 09:49:32,462 [pool-27-thread-1] INFO  server.RaftServerConfigKeys (ConfUtils.java:logGet(43)) - raft.server.log.statemachine.data.caching.enabled = true (custom)
2019-09-11 09:49:32,461 [pool-47-thread-1] INFO  server.RaftServerConfigKeys (ConfUtils.java:logGet(43)) - raft.server.log.queue.element-limit = 1024 (custom)
2019-09-11 09:49:32,463 [pool-27-thread-1] INFO  segmented.SegmentedRaftLogWorker (SegmentedRaftLogWorker.java:lambda$new$0(132)) - fc9c8292-475c-4844-96e0-f624044e697a-SegmentedRaftLogWorker:Storage Directory /workdir/hadoop-ozone/integration-test/target/test-dir/MiniOzoneClusterImpl-e938c337-7f80-4e5f-b777-0ae7d500e9e2/datanode-0/data/ratis/6eb9b203-a3c2-4064-b730-7244500e687b: flushIndex: setUnconditionally 0 -> -1
2019-09-11 09:49:32,462 [pool-37-thread-1] INFO  server.RaftServerConfigKeys (ConfUtils.java:logGet(43)) - raft.server.log.queue.byte-limit = 2147483647 (custom)
2019-09-11 09:49:32,463 [pool-47-thread-1] INFO  server.RaftServerConfigKeys (ConfUtils.java:logGet(43)) - raft.server.log.segment.size.max = 1048576 (custom)
2019-09-11 09:49:32,463 [pool-37-thread-1] INFO  server.RaftServerConfigKeys (ConfUtils.java:logGet(43)) - raft.server.log.queue.element-limit = 1024 (custom)
2019-09-11 09:49:32,463 [pool-27-thread-1] INFO  server.RaftServerConfigKeys (ConfUtils.java:logGet(43)) - raft.server.snapshot.auto.trigger.enabled = true (custom)
2019-09-11 09:49:32,464 [pool-37-thread-1] INFO  server.RaftServerConfigKeys (ConfUtils.java:logGet(43)) - raft.server.log.segment.size.max = 1048576 (custom)
2019-09-11 09:49:32,463 [pool-47-thread-1] INFO  server.RaftServerConfigKeys (ConfUtils.java:logGet(43)) - raft.server.log.preallocated.size = 16384 (custom)
2019-09-11 09:49:32,464 [pool-37-thread-1] INFO  server.RaftServerConfigKeys (ConfUtils.java:logGet(43)) - raft.server.log.preallocated.size = 16384 (custom)
2019-09-11 09:49:32,464 [pool-27-thread-1] INFO  server.RaftServerConfigKeys (ConfUtils.java:logGet(43)) - raft.server.snapshot.auto.trigger.threshold = 10000 (custom)
2019-09-11 09:49:32,464 [pool-37-thread-1] INFO  server.RaftServerConfigKeys (ConfUtils.java:logGet(43)) - raft.server.log.write.buffer.size = 33554432 (custom)
2019-09-11 09:49:32,464 [pool-47-thread-1] INFO  server.RaftServerConfigKeys (ConfUtils.java:logGet(43)) - raft.server.log.write.buffer.size = 33554432 (custom)
2019-09-11 09:49:32,464 [pool-37-thread-1] INFO  server.RaftServerConfigKeys (ConfUtils.java:logGet(43)) - raft.server.log.force.sync.num = 128 (default)
2019-09-11 09:49:32,464 [pool-27-thread-1] INFO  server.RaftServerConfigKeys (ConfUtils.java:logGet(43)) - raft.server.retrycache.expirytime = 600000ms (custom)
2019-09-11 09:49:32,465 [pool-37-thread-1] INFO  server.RaftServerConfigKeys (ConfUtils.java:logGet(43)) - raft.server.log.statemachine.data.sync = true (default)
2019-09-11 09:49:32,465 [pool-27-thread-1] INFO  impl.RaftServerImpl (RaftServerImpl.java:start(180)) - fc9c8292-475c-4844-96e0-f624044e697a: start group-7244500E687B
2019-09-11 09:49:32,465 [pool-47-thread-1] INFO  server.RaftServerConfigKeys (ConfUtils.java:logGet(43)) - raft.server.log.force.sync.num = 128 (default)
2019-09-11 09:49:32,465 [pool-27-thread-1] INFO  impl.RaftServerImpl (RaftServerImpl.java:setRole(171)) - fc9c8292-475c-4844-96e0-f624044e697a:group-7244500E687B changes role from null to FOLLOWER at term 0 for startAsFollower
2019-09-11 09:49:32,465 [pool-37-thread-1] INFO  server.RaftServerConfigKeys (ConfUtils.java:logGet(43)) - raft.server.log.statemachine.data.sync.timeout = 10s (default)
2019-09-11 09:49:32,465 [pool-27-thread-1] INFO  impl.RoleInfo (RoleInfo.java:updateAndGet(143)) - fc9c8292-475c-4844-96e0-f624044e697a: start FollowerState
2019-09-11 09:49:32,465 [pool-47-thread-1] INFO  server.RaftServerConfigKeys (ConfUtils.java:logGet(43)) - raft.server.log.statemachine.data.sync = true (default)
2019-09-11 09:49:32,466 [pool-37-thread-1] INFO  server.RaftServerConfigKeys (ConfUtils.java:logGet(43)) - raft.server.log.statemachine.data.sync.timeout.retry = -1 (default)
2019-09-11 09:49:32,467 [pool-27-thread-1] INFO  util.JmxRegister (JmxRegister.java:tryRegister(44)) - Successfully registered JMX Bean with object name Ratis:service=RaftServer,group=group-7244500E687B,id=fc9c8292-475c-4844-96e0-f624044e697a
2019-09-11 09:49:32,467 [pool-47-thread-1] INFO  server.RaftServerConfigKeys (ConfUtils.java:logGet(43)) - raft.server.log.statemachine.data.sync.timeout = 10s (default)
2019-09-11 09:49:32,467 [pool-37-thread-1] INFO  server.RaftServerConfigKeys (ConfUtils.java:logGet(43)) - raft.server.log.statemachine.data.caching.enabled = true (custom)
2019-09-11 09:49:32,467 [pool-47-thread-1] INFO  server.RaftServerConfigKeys (ConfUtils.java:logGet(43)) - raft.server.log.statemachine.data.sync.timeout.retry = -1 (default)
2019-09-11 09:49:32,467 [pool-37-thread-1] INFO  segmented.SegmentedRaftLogWorker (SegmentedRaftLogWorker.java:lambda$new$0(132)) - 89a1f1e8-bcb0-42c4-96b0-c345593e690d-SegmentedRaftLogWorker:Storage Directory /workdir/hadoop-ozone/integration-test/target/test-dir/MiniOzoneClusterImpl-e938c337-7f80-4e5f-b777-0ae7d500e9e2/datanode-1/data/ratis/6eb9b203-a3c2-4064-b730-7244500e687b: flushIndex: setUnconditionally 0 -> -1
2019-09-11 09:49:32,467 [pool-47-thread-1] INFO  server.RaftServerConfigKeys (ConfUtils.java:logGet(43)) - raft.server.log.statemachine.data.caching.enabled = true (custom)
2019-09-11 09:49:32,468 [pool-37-thread-1] INFO  server.RaftServerConfigKeys (ConfUtils.java:logGet(43)) - raft.server.snapshot.auto.trigger.enabled = true (custom)
2019-09-11 09:49:32,469 [pool-47-thread-1] INFO  segmented.SegmentedRaftLogWorker (SegmentedRaftLogWorker.java:lambda$new$0(132)) - 8691d358-479a-4e75-9c15-ec5581c276a0-SegmentedRaftLogWorker:Storage Directory /workdir/hadoop-ozone/integration-test/target/test-dir/MiniOzoneClusterImpl-e938c337-7f80-4e5f-b777-0ae7d500e9e2/datanode-2/data/ratis/6eb9b203-a3c2-4064-b730-7244500e687b: flushIndex: setUnconditionally 0 -> -1
2019-09-11 09:49:32,469 [pool-37-thread-1] INFO  server.RaftServerConfigKeys (ConfUtils.java:logGet(43)) - raft.server.snapshot.auto.trigger.threshold = 10000 (custom)
2019-09-11 09:49:32,471 [pool-47-thread-1] INFO  server.RaftServerConfigKeys (ConfUtils.java:logGet(43)) - raft.server.snapshot.auto.trigger.enabled = true (custom)
2019-09-11 09:49:32,471 [pool-37-thread-1] INFO  server.RaftServerConfigKeys (ConfUtils.java:logGet(43)) - raft.server.retrycache.expirytime = 600000ms (custom)
2019-09-11 09:49:32,471 [pool-47-thread-1] INFO  server.RaftServerConfigKeys (ConfUtils.java:logGet(43)) - raft.server.snapshot.auto.trigger.threshold = 10000 (custom)
2019-09-11 09:49:32,471 [pool-37-thread-1] INFO  impl.RaftServerImpl (RaftServerImpl.java:start(180)) - 89a1f1e8-bcb0-42c4-96b0-c345593e690d: start group-7244500E687B
2019-09-11 09:49:32,473 [pool-47-thread-1] INFO  server.RaftServerConfigKeys (ConfUtils.java:logGet(43)) - raft.server.retrycache.expirytime = 600000ms (custom)
2019-09-11 09:49:32,473 [pool-37-thread-1] INFO  impl.RaftServerImpl (RaftServerImpl.java:setRole(171)) - 89a1f1e8-bcb0-42c4-96b0-c345593e690d:group-7244500E687B changes role from null to FOLLOWER at term 0 for startAsFollower
2019-09-11 09:49:32,473 [pool-47-thread-1] INFO  impl.RaftServerImpl (RaftServerImpl.java:start(180)) - 8691d358-479a-4e75-9c15-ec5581c276a0: start group-7244500E687B
2019-09-11 09:49:32,474 [pool-37-thread-1] INFO  impl.RoleInfo (RoleInfo.java:updateAndGet(143)) - 89a1f1e8-bcb0-42c4-96b0-c345593e690d: start FollowerState
2019-09-11 09:49:32,474 [pool-47-thread-1] INFO  impl.RaftServerImpl (RaftServerImpl.java:setRole(171)) - 8691d358-479a-4e75-9c15-ec5581c276a0:group-7244500E687B changes role from null to FOLLOWER at term 0 for startAsFollower
2019-09-11 09:49:32,475 [pool-47-thread-1] INFO  impl.RoleInfo (RoleInfo.java:updateAndGet(143)) - 8691d358-479a-4e75-9c15-ec5581c276a0: start FollowerState
2019-09-11 09:49:32,475 [pool-37-thread-1] INFO  util.JmxRegister (JmxRegister.java:tryRegister(44)) - Successfully registered JMX Bean with object name Ratis:service=RaftServer,group=group-7244500E687B,id=89a1f1e8-bcb0-42c4-96b0-c345593e690d
2019-09-11 09:49:32,476 [pool-47-thread-1] INFO  util.JmxRegister (JmxRegister.java:tryRegister(44)) - Successfully registered JMX Bean with object name Ratis:service=RaftServer,group=group-7244500E687B,id=8691d358-479a-4e75-9c15-ec5581c276a0
2019-09-11 09:49:32,489 [RatisPipelineUtilsThread] INFO  pipeline.PipelineStateManager (PipelineStateManager.java:addPipeline(56)) - Created pipeline Pipeline[ Id: 6eb9b203-a3c2-4064-b730-7244500e687b, Nodes: 8691d358-479a-4e75-9c15-ec5581c276a0{ip: 192.168.36.126, host: pr-hdds-2076-9n8w8-3375968490, networkLocation: /default-rack, certSerialId: null}fc9c8292-475c-4844-96e0-f624044e697a{ip: 192.168.36.126, host: pr-hdds-2076-9n8w8-3375968490, networkLocation: /default-rack, certSerialId: null}89a1f1e8-bcb0-42c4-96b0-c345593e690d{ip: 192.168.36.126, host: pr-hdds-2076-9n8w8-3375968490, networkLocation: /default-rack, certSerialId: null}, Type:RATIS, Factor:THREE, State:OPEN]
2019-09-11 09:49:32,508 [main] INFO  ozone.MiniOzoneClusterImpl (MiniOzoneClusterImpl.java:lambda$waitForClusterToBeReady$0(140)) - Cluster is ready. Got 4 of 4 DN Heartbeats.
2019-09-11 09:49:32,511 [main] INFO  container.ReplicationManager (ReplicationManager.java:start(162)) - Starting Replication Monitor Thread.
2019-09-11 09:49:32,513 [ReplicationMonitor] INFO  container.ReplicationManager (ReplicationManager.java:run(225)) - Replication Monitor Thread took 1 milliseconds for processing 0 containers.
2019-09-11 09:49:32,931 [main] INFO  rpc.RpcClient (RpcClient.java:createVolume(293)) - Creating Volume: testcontainerstatemachinefailures, with jenkins1000 as owner.
2019-09-11 09:49:33,021 [IPC Server handler 3 on 38897] INFO  volume.OMVolumeCreateRequest (OMVolumeCreateRequest.java:validateAndUpdateCache(189)) - created volume:testcontainerstatemachinefailures for user:jenkins1000
2019-09-11 09:49:33,052 [main] INFO  rpc.RpcClient (RpcClient.java:createBucket(432)) - Creating Bucket: testcontainerstatemachinefailures/testcontainerstatemachinefailures, with Versioning false and Storage Type set to DISK and Encryption set to false 
2019-09-11 09:49:33,497 [EventQueue-StaleNodeForStaleNodeHandler] INFO  node.StaleNodeHandler (StaleNodeHandler.java:onMessage(58)) - Datanode 8691d358-479a-4e75-9c15-ec5581c276a0{ip: 192.168.36.126, host: pr-hdds-2076-9n8w8-3375968490, networkLocation: /default-rack, certSerialId: null} moved to stale state. Finalizing its pipelines [PipelineID=c8c39f56-0317-42b1-9430-8a401be080a4, PipelineID=6eb9b203-a3c2-4064-b730-7244500e687b]
2019-09-11 09:49:33,497 [EventQueue-StaleNodeForStaleNodeHandler] INFO  pipeline.SCMPipelineManager (SCMPipelineManager.java:finalizeAndDestroyPipeline(311)) - destroying pipeline:Pipeline[ Id: c8c39f56-0317-42b1-9430-8a401be080a4, Nodes: 8691d358-479a-4e75-9c15-ec5581c276a0{ip: 192.168.36.126, host: pr-hdds-2076-9n8w8-3375968490, networkLocation: /default-rack, certSerialId: null}, Type:RATIS, Factor:ONE, State:OPEN]
2019-09-11 09:49:33,507 [EventQueue-StaleNodeForStaleNodeHandler] INFO  pipeline.PipelineStateManager (PipelineStateManager.java:finalizePipeline(123)) - Pipeline Pipeline[ Id: c8c39f56-0317-42b1-9430-8a401be080a4, Nodes: 8691d358-479a-4e75-9c15-ec5581c276a0{ip: 192.168.36.126, host: pr-hdds-2076-9n8w8-3375968490, networkLocation: /default-rack, certSerialId: null}, Type:RATIS, Factor:ONE, State:CLOSED] moved to CLOSED state
2019-09-11 09:49:33,512 [EventQueue-StaleNodeForStaleNodeHandler] INFO  pipeline.SCMPipelineManager (SCMPipelineManager.java:finalizeAndDestroyPipeline(311)) - destroying pipeline:Pipeline[ Id: 6eb9b203-a3c2-4064-b730-7244500e687b, Nodes: 8691d358-479a-4e75-9c15-ec5581c276a0{ip: 192.168.36.126, host: pr-hdds-2076-9n8w8-3375968490, networkLocation: /default-rack, certSerialId: null}fc9c8292-475c-4844-96e0-f624044e697a{ip: 192.168.36.126, host: pr-hdds-2076-9n8w8-3375968490, networkLocation: /default-rack, certSerialId: null}89a1f1e8-bcb0-42c4-96b0-c345593e690d{ip: 192.168.36.126, host: pr-hdds-2076-9n8w8-3375968490, networkLocation: /default-rack, certSerialId: null}, Type:RATIS, Factor:THREE, State:OPEN]
2019-09-11 09:49:33,514 [EventQueue-StaleNodeForStaleNodeHandler] INFO  pipeline.PipelineStateManager (PipelineStateManager.java:finalizePipeline(123)) - Pipeline Pipeline[ Id: 6eb9b203-a3c2-4064-b730-7244500e687b, Nodes: 8691d358-479a-4e75-9c15-ec5581c276a0{ip: 192.168.36.126, host: pr-hdds-2076-9n8w8-3375968490, networkLocation: /default-rack, certSerialId: null}fc9c8292-475c-4844-96e0-f624044e697a{ip: 192.168.36.126, host: pr-hdds-2076-9n8w8-3375968490, networkLocation: /default-rack, certSerialId: null}89a1f1e8-bcb0-42c4-96b0-c345593e690d{ip: 192.168.36.126, host: pr-hdds-2076-9n8w8-3375968490, networkLocation: /default-rack, certSerialId: null}, Type:RATIS, Factor:THREE, State:CLOSED] moved to CLOSED state
2019-09-11 09:49:33,525 [EventQueue-StaleNodeForStaleNodeHandler] INFO  node.StaleNodeHandler (StaleNodeHandler.java:onMessage(58)) - Datanode fc9c8292-475c-4844-96e0-f624044e697a{ip: 192.168.36.126, host: pr-hdds-2076-9n8w8-3375968490, networkLocation: /default-rack, certSerialId: null} moved to stale state. Finalizing its pipelines [PipelineID=2ff8be66-431a-4251-839a-f7956d91b6c2, PipelineID=6eb9b203-a3c2-4064-b730-7244500e687b]
2019-09-11 09:49:33,525 [EventQueue-CloseContainerForCloseContainerEventHandler] INFO  container.CloseContainerEventHandler (CloseContainerEventHandler.java:onMessage(61)) - Close container Event triggered for container : #1
2019-09-11 09:49:33,526 [EventQueue-StaleNodeForStaleNodeHandler] INFO  pipeline.SCMPipelineManager (SCMPipelineManager.java:finalizeAndDestroyPipeline(311)) - destroying pipeline:Pipeline[ Id: 2ff8be66-431a-4251-839a-f7956d91b6c2, Nodes: fc9c8292-475c-4844-96e0-f624044e697a{ip: 192.168.36.126, host: pr-hdds-2076-9n8w8-3375968490, networkLocation: /default-rack, certSerialId: null}, Type:RATIS, Factor:ONE, State:OPEN]
2019-09-11 09:49:33,527 [EventQueue-StaleNodeForStaleNodeHandler] INFO  pipeline.PipelineStateManager (PipelineStateManager.java:finalizePipeline(123)) - Pipeline Pipeline[ Id: 2ff8be66-431a-4251-839a-f7956d91b6c2, Nodes: fc9c8292-475c-4844-96e0-f624044e697a{ip: 192.168.36.126, host: pr-hdds-2076-9n8w8-3375968490, networkLocation: /default-rack, certSerialId: null}, Type:RATIS, Factor:ONE, State:CLOSED] moved to CLOSED state
2019-09-11 09:49:33,527 [EventQueue-StaleNodeForStaleNodeHandler] INFO  pipeline.SCMPipelineManager (SCMPipelineManager.java:finalizeAndDestroyPipeline(311)) - destroying pipeline:Pipeline[ Id: 6eb9b203-a3c2-4064-b730-7244500e687b, Nodes: 8691d358-479a-4e75-9c15-ec5581c276a0{ip: 192.168.36.126, host: pr-hdds-2076-9n8w8-3375968490, networkLocation: /default-rack, certSerialId: null}fc9c8292-475c-4844-96e0-f624044e697a{ip: 192.168.36.126, host: pr-hdds-2076-9n8w8-3375968490, networkLocation: /default-rack, certSerialId: null}89a1f1e8-bcb0-42c4-96b0-c345593e690d{ip: 192.168.36.126, host: pr-hdds-2076-9n8w8-3375968490, networkLocation: /default-rack, certSerialId: null}, Type:RATIS, Factor:THREE, State:CLOSED]
2019-09-11 09:49:33,527 [EventQueue-StaleNodeForStaleNodeHandler] INFO  node.StaleNodeHandler (StaleNodeHandler.java:onMessage(58)) - Datanode 89a1f1e8-bcb0-42c4-96b0-c345593e690d{ip: 192.168.36.126, host: pr-hdds-2076-9n8w8-3375968490, networkLocation: /default-rack, certSerialId: null} moved to stale state. Finalizing its pipelines [PipelineID=6eb9b203-a3c2-4064-b730-7244500e687b, PipelineID=da549801-5dd2-4e7b-8164-77e6773890c9]
2019-09-11 09:49:33,527 [EventQueue-StaleNodeForStaleNodeHandler] INFO  pipeline.SCMPipelineManager (SCMPipelineManager.java:finalizeAndDestroyPipeline(311)) - destroying pipeline:Pipeline[ Id: 6eb9b203-a3c2-4064-b730-7244500e687b, Nodes: 8691d358-479a-4e75-9c15-ec5581c276a0{ip: 192.168.36.126, host: pr-hdds-2076-9n8w8-3375968490, networkLocation: /default-rack, certSerialId: null}fc9c8292-475c-4844-96e0-f624044e697a{ip: 192.168.36.126, host: pr-hdds-2076-9n8w8-3375968490, networkLocation: /default-rack, certSerialId: null}89a1f1e8-bcb0-42c4-96b0-c345593e690d{ip: 192.168.36.126, host: pr-hdds-2076-9n8w8-3375968490, networkLocation: /default-rack, certSerialId: null}, Type:RATIS, Factor:THREE, State:CLOSED]
2019-09-11 09:49:33,527 [EventQueue-StaleNodeForStaleNodeHandler] INFO  pipeline.SCMPipelineManager (SCMPipelineManager.java:finalizeAndDestroyPipeline(311)) - destroying pipeline:Pipeline[ Id: da549801-5dd2-4e7b-8164-77e6773890c9, Nodes: 89a1f1e8-bcb0-42c4-96b0-c345593e690d{ip: 192.168.36.126, host: pr-hdds-2076-9n8w8-3375968490, networkLocation: /default-rack, certSerialId: null}, Type:RATIS, Factor:ONE, State:OPEN]
2019-09-11 09:49:33,527 [EventQueue-StaleNodeForStaleNodeHandler] INFO  pipeline.PipelineStateManager (PipelineStateManager.java:finalizePipeline(123)) - Pipeline Pipeline[ Id: da549801-5dd2-4e7b-8164-77e6773890c9, Nodes: 89a1f1e8-bcb0-42c4-96b0-c345593e690d{ip: 192.168.36.126, host: pr-hdds-2076-9n8w8-3375968490, networkLocation: /default-rack, certSerialId: null}, Type:RATIS, Factor:ONE, State:CLOSED] moved to CLOSED state
2019-09-11 09:49:33,529 [main] INFO  impl.MetricsSystemImpl (MetricsSystemImpl.java:init(158)) - XceiverClientMetrics metrics system started (again)
2019-09-11 09:49:33,610 [grpc-default-executor-0] INFO  impl.RaftServerProxy (RaftServerProxy.java:addNew(89)) - 8691d358-479a-4e75-9c15-ec5581c276a0: addNew group-911300985FA4:[8691d358-479a-4e75-9c15-ec5581c276a0:192.168.36.126:41737] returns group-911300985FA4:java.util.concurrent.CompletableFuture@19786825[Not completed]
2019-09-11 09:49:33,613 [pool-47-thread-1] INFO  impl.RaftServerImpl (RaftServerImpl.java:<init>(93)) - 8691d358-479a-4e75-9c15-ec5581c276a0: new RaftServerImpl for group-911300985FA4:[8691d358-479a-4e75-9c15-ec5581c276a0:192.168.36.126:41737] with ContainerStateMachine:uninitialized
2019-09-11 09:49:33,614 [pool-47-thread-1] INFO  server.RaftServerConfigKeys (ConfUtils.java:logGet(43)) - raft.server.rpc.timeout.min = 5s (custom)
2019-09-11 09:49:33,615 [pool-47-thread-1] INFO  server.RaftServerConfigKeys (ConfUtils.java:logGet(43)) - raft.server.rpc.timeout.max = 5200ms (custom)
2019-09-11 09:49:33,615 [pool-47-thread-1] INFO  server.RaftServerConfigKeys (ConfUtils.java:logGet(43)) - raft.server.rpcslowness.timeout = 1000s (custom)
2019-09-11 09:49:33,615 [pool-47-thread-1] INFO  server.RaftServerConfigKeys (ConfUtils.java:logGet(43)) - raft.server.sleep.deviation.threshold = 300 (default)
2019-09-11 09:49:33,615 [pool-47-thread-1] INFO  server.RaftServerConfigKeys (ConfUtils.java:logGet(43)) - raft.server.log.appender.install.snapshot.enabled = false (custom)
2019-09-11 09:49:33,615 [pool-47-thread-1] INFO  impl.RaftServerImpl (ServerState.java:<init>(105)) - 8691d358-479a-4e75-9c15-ec5581c276a0:group-911300985FA4 ConfigurationManager, init=-1: [8691d358-479a-4e75-9c15-ec5581c276a0:192.168.36.126:41737], old=null, confs=<EMPTY_MAP>
2019-09-11 09:49:33,616 [pool-47-thread-1] INFO  server.RaftServerConfigKeys (ConfUtils.java:logGet(43)) - raft.server.storage.dir = [/workdir/hadoop-ozone/integration-test/target/test-dir/MiniOzoneClusterImpl-e938c337-7f80-4e5f-b777-0ae7d500e9e2/datanode-2/data/ratis] (custom)
2019-09-11 09:49:33,616 [pool-47-thread-1] INFO  storage.RaftStorageDirectory (RaftStorageDirectory.java:analyzeStorage(246)) - The storage directory /workdir/hadoop-ozone/integration-test/target/test-dir/MiniOzoneClusterImpl-e938c337-7f80-4e5f-b777-0ae7d500e9e2/datanode-2/data/ratis/76062025-5672-485f-ab29-911300985fa4 does not exist. Creating ...
2019-09-11 09:49:33,627 [grpc-default-executor-1] INFO  client.GrpcClientProtocolClient (GrpcClientProtocolClient.java:onNext(255)) - client-AC630C8AD4AE->8691d358-479a-4e75-9c15-ec5581c276a0: receive RaftClientReply:client-AC630C8AD4AE->8691d358-479a-4e75-9c15-ec5581c276a0@group-7244500E687B, cid=7, FAILED org.apache.ratis.protocol.NotLeaderException: Server 8691d358-479a-4e75-9c15-ec5581c276a0 is not the leader (null). Request must be sent to leader., logIndex=0, commits[8691d358-479a-4e75-9c15-ec5581c276a0:c-1]
2019-09-11 09:49:33,631 [pool-47-thread-1] INFO  storage.RaftStorageDirectory (RaftStorageDirectory.java:tryLock(328)) - Lock on /workdir/hadoop-ozone/integration-test/target/test-dir/MiniOzoneClusterImpl-e938c337-7f80-4e5f-b777-0ae7d500e9e2/datanode-2/data/ratis/76062025-5672-485f-ab29-911300985fa4/in_use.lock acquired by nodename 29638@pr-hdds-2076-9n8w8-3375968490
2019-09-11 09:49:33,646 [pool-47-thread-1] INFO  storage.RaftStorage (RaftStorage.java:format(72)) - Storage directory /workdir/hadoop-ozone/integration-test/target/test-dir/MiniOzoneClusterImpl-e938c337-7f80-4e5f-b777-0ae7d500e9e2/datanode-2/data/ratis/76062025-5672-485f-ab29-911300985fa4 has been successfully formatted.
2019-09-11 09:49:33,647 [pool-47-thread-1] INFO  ratis.ContainerStateMachine (ContainerStateMachine.java:loadSnapshot(227)) - group-911300985FA4: The snapshot info is null. Setting the last applied indexto:(t:0, i:~)
2019-09-11 09:49:33,647 [pool-47-thread-1] INFO  server.RaftServerConfigKeys (ConfUtils.java:logGet(43)) - raft.server.leader.election.timeout = 1000s (custom)
2019-09-11 09:49:33,647 [pool-47-thread-1] INFO  server.RaftServerConfigKeys (ConfUtils.java:logGet(43)) - raft.server.log.use.memory = false (default)
2019-09-11 09:49:33,647 [pool-47-thread-1] INFO  server.RaftServerConfigKeys (ConfUtils.java:logGet(43)) - raft.server.log.purge.gap = 1000000 (custom)
2019-09-11 09:49:33,647 [pool-47-thread-1] INFO  server.RaftServerConfigKeys (ConfUtils.java:logGet(43)) - raft.server.log.appender.buffer.byte-limit = 33554432 (custom)
2019-09-11 09:49:33,648 [pool-47-thread-1] INFO  server.RaftServerConfigKeys (ConfUtils.java:logGet(43)) - raft.server.log.segment.size.max = 1048576 (custom)
2019-09-11 09:49:33,648 [pool-47-thread-1] INFO  server.RaftServerConfigKeys (ConfUtils.java:logGet(43)) - raft.server.log.segment.cache.num.max = 2 (custom)
2019-09-11 09:49:33,648 [pool-47-thread-1] INFO  segmented.SegmentedRaftLogWorker (SegmentedRaftLogWorker.java:<init>(172)) - new 8691d358-479a-4e75-9c15-ec5581c276a0-SegmentedRaftLogWorker:Storage Directory /workdir/hadoop-ozone/integration-test/target/test-dir/MiniOzoneClusterImpl-e938c337-7f80-4e5f-b777-0ae7d500e9e2/datanode-2/data/ratis/76062025-5672-485f-ab29-911300985fa4 for RaftStorage:Storage Directory /workdir/hadoop-ozone/integration-test/target/test-dir/MiniOzoneClusterImpl-e938c337-7f80-4e5f-b777-0ae7d500e9e2/datanode-2/data/ratis/76062025-5672-485f-ab29-911300985fa4
2019-09-11 09:49:33,648 [pool-47-thread-1] INFO  server.RaftServerConfigKeys (ConfUtils.java:logGet(43)) - raft.server.log.queue.byte-limit = 2147483647 (custom)
2019-09-11 09:49:33,648 [pool-47-thread-1] INFO  server.RaftServerConfigKeys (ConfUtils.java:logGet(43)) - raft.server.log.queue.element-limit = 1024 (custom)
2019-09-11 09:49:33,649 [pool-47-thread-1] INFO  server.RaftServerConfigKeys (ConfUtils.java:logGet(43)) - raft.server.log.segment.size.max = 1048576 (custom)
2019-09-11 09:49:33,649 [pool-47-thread-1] INFO  server.RaftServerConfigKeys (ConfUtils.java:logGet(43)) - raft.server.log.preallocated.size = 16384 (custom)
2019-09-11 09:49:33,649 [pool-47-thread-1] INFO  server.RaftServerConfigKeys (ConfUtils.java:logGet(43)) - raft.server.log.write.buffer.size = 33554432 (custom)
2019-09-11 09:49:33,649 [pool-47-thread-1] INFO  server.RaftServerConfigKeys (ConfUtils.java:logGet(43)) - raft.server.log.force.sync.num = 128 (default)
2019-09-11 09:49:33,649 [pool-47-thread-1] INFO  server.RaftServerConfigKeys (ConfUtils.java:logGet(43)) - raft.server.log.statemachine.data.sync = true (default)
2019-09-11 09:49:33,649 [pool-47-thread-1] INFO  server.RaftServerConfigKeys (ConfUtils.java:logGet(43)) - raft.server.log.statemachine.data.sync.timeout = 10s (default)
2019-09-11 09:49:33,650 [pool-47-thread-1] INFO  server.RaftServerConfigKeys (ConfUtils.java:logGet(43)) - raft.server.log.statemachine.data.sync.timeout.retry = -1 (default)
2019-09-11 09:49:33,650 [pool-47-thread-1] INFO  server.RaftServerConfigKeys (ConfUtils.java:logGet(43)) - raft.server.log.statemachine.data.caching.enabled = true (custom)
2019-09-11 09:49:33,650 [pool-47-thread-1] INFO  segmented.SegmentedRaftLogWorker (SegmentedRaftLogWorker.java:lambda$new$0(132)) - 8691d358-479a-4e75-9c15-ec5581c276a0-SegmentedRaftLogWorker:Storage Directory /workdir/hadoop-ozone/integration-test/target/test-dir/MiniOzoneClusterImpl-e938c337-7f80-4e5f-b777-0ae7d500e9e2/datanode-2/data/ratis/76062025-5672-485f-ab29-911300985fa4: flushIndex: setUnconditionally 0 -> -1
2019-09-11 09:49:33,651 [pool-47-thread-1] INFO  server.RaftServerConfigKeys (ConfUtils.java:logGet(43)) - raft.server.snapshot.auto.trigger.enabled = true (custom)
2019-09-11 09:49:33,651 [pool-47-thread-1] INFO  server.RaftServerConfigKeys (ConfUtils.java:logGet(43)) - raft.server.snapshot.auto.trigger.threshold = 10000 (custom)
2019-09-11 09:49:33,651 [pool-47-thread-1] INFO  server.RaftServerConfigKeys (ConfUtils.java:logGet(43)) - raft.server.retrycache.expirytime = 600000ms (custom)
2019-09-11 09:49:33,651 [pool-47-thread-1] INFO  impl.RaftServerImpl (RaftServerImpl.java:start(180)) - 8691d358-479a-4e75-9c15-ec5581c276a0: start group-911300985FA4
2019-09-11 09:49:33,651 [pool-47-thread-1] INFO  impl.RaftServerImpl (RaftServerImpl.java:setRole(171)) - 8691d358-479a-4e75-9c15-ec5581c276a0:group-911300985FA4 changes role from null to FOLLOWER at term 0 for startAsFollower
2019-09-11 09:49:33,652 [pool-47-thread-1] INFO  impl.RoleInfo (RoleInfo.java:updateAndGet(143)) - 8691d358-479a-4e75-9c15-ec5581c276a0: start FollowerState
2019-09-11 09:49:33,652 [pool-47-thread-1] INFO  util.JmxRegister (JmxRegister.java:tryRegister(44)) - Successfully registered JMX Bean with object name Ratis:service=RaftServer,group=group-911300985FA4,id=8691d358-479a-4e75-9c15-ec5581c276a0
2019-09-11 09:49:33,658 [RatisPipelineUtilsThread] INFO  pipeline.PipelineStateManager (PipelineStateManager.java:addPipeline(56)) - Created pipeline Pipeline[ Id: 76062025-5672-485f-ab29-911300985fa4, Nodes: 8691d358-479a-4e75-9c15-ec5581c276a0{ip: 192.168.36.126, host: pr-hdds-2076-9n8w8-3375968490, networkLocation: /default-rack, certSerialId: null}, Type:RATIS, Factor:ONE, State:OPEN]
2019-09-11 09:49:33,671 [grpc-default-executor-0] INFO  impl.RaftServerProxy (RaftServerProxy.java:addNew(89)) - fc9c8292-475c-4844-96e0-f624044e697a: addNew group-9977CE7C5EC1:[fc9c8292-475c-4844-96e0-f624044e697a:192.168.36.126:46425] returns group-9977CE7C5EC1:java.util.concurrent.CompletableFuture@46b8c007[Not completed]
2019-09-11 09:49:33,673 [pool-27-thread-1] INFO  impl.RaftServerImpl (RaftServerImpl.java:<init>(93)) - fc9c8292-475c-4844-96e0-f624044e697a: new RaftServerImpl for group-9977CE7C5EC1:[fc9c8292-475c-4844-96e0-f624044e697a:192.168.36.126:46425] with ContainerStateMachine:uninitialized
2019-09-11 09:49:33,673 [pool-27-thread-1] INFO  server.RaftServerConfigKeys (ConfUtils.java:logGet(43)) - raft.server.rpc.timeout.min = 5s (custom)
2019-09-11 09:49:33,673 [pool-27-thread-1] INFO  server.RaftServerConfigKeys (ConfUtils.java:logGet(43)) - raft.server.rpc.timeout.max = 5200ms (custom)
2019-09-11 09:49:33,673 [pool-27-thread-1] INFO  server.RaftServerConfigKeys (ConfUtils.java:logGet(43)) - raft.server.rpcslowness.timeout = 1000s (custom)
2019-09-11 09:49:33,673 [pool-27-thread-1] INFO  server.RaftServerConfigKeys (ConfUtils.java:logGet(43)) - raft.server.sleep.deviation.threshold = 300 (default)
2019-09-11 09:49:33,674 [pool-27-thread-1] INFO  server.RaftServerConfigKeys (ConfUtils.java:logGet(43)) - raft.server.log.appender.install.snapshot.enabled = false (custom)
2019-09-11 09:49:33,674 [pool-27-thread-1] INFO  impl.RaftServerImpl (ServerState.java:<init>(105)) - fc9c8292-475c-4844-96e0-f624044e697a:group-9977CE7C5EC1 ConfigurationManager, init=-1: [fc9c8292-475c-4844-96e0-f624044e697a:192.168.36.126:46425], old=null, confs=<EMPTY_MAP>
2019-09-11 09:49:33,674 [pool-27-thread-1] INFO  server.RaftServerConfigKeys (ConfUtils.java:logGet(43)) - raft.server.storage.dir = [/workdir/hadoop-ozone/integration-test/target/test-dir/MiniOzoneClusterImpl-e938c337-7f80-4e5f-b777-0ae7d500e9e2/datanode-0/data/ratis] (custom)
2019-09-11 09:49:33,674 [pool-27-thread-1] INFO  storage.RaftStorageDirectory (RaftStorageDirectory.java:analyzeStorage(246)) - The storage directory /workdir/hadoop-ozone/integration-test/target/test-dir/MiniOzoneClusterImpl-e938c337-7f80-4e5f-b777-0ae7d500e9e2/datanode-0/data/ratis/ed054e60-bbb7-4922-958f-9977ce7c5ec1 does not exist. Creating ...
2019-09-11 09:49:33,687 [pool-27-thread-1] INFO  storage.RaftStorageDirectory (RaftStorageDirectory.java:tryLock(328)) - Lock on /workdir/hadoop-ozone/integration-test/target/test-dir/MiniOzoneClusterImpl-e938c337-7f80-4e5f-b777-0ae7d500e9e2/datanode-0/data/ratis/ed054e60-bbb7-4922-958f-9977ce7c5ec1/in_use.lock acquired by nodename 29638@pr-hdds-2076-9n8w8-3375968490
2019-09-11 09:49:33,700 [pool-27-thread-1] INFO  storage.RaftStorage (RaftStorage.java:format(72)) - Storage directory /workdir/hadoop-ozone/integration-test/target/test-dir/MiniOzoneClusterImpl-e938c337-7f80-4e5f-b777-0ae7d500e9e2/datanode-0/data/ratis/ed054e60-bbb7-4922-958f-9977ce7c5ec1 has been successfully formatted.
2019-09-11 09:49:33,700 [pool-27-thread-1] INFO  ratis.ContainerStateMachine (ContainerStateMachine.java:loadSnapshot(227)) - group-9977CE7C5EC1: The snapshot info is null. Setting the last applied indexto:(t:0, i:~)
2019-09-11 09:49:33,700 [pool-27-thread-1] INFO  server.RaftServerConfigKeys (ConfUtils.java:logGet(43)) - raft.server.leader.election.timeout = 1000s (custom)
2019-09-11 09:49:33,701 [pool-27-thread-1] INFO  server.RaftServerConfigKeys (ConfUtils.java:logGet(43)) - raft.server.log.use.memory = false (default)
2019-09-11 09:49:33,701 [pool-27-thread-1] INFO  server.RaftServerConfigKeys (ConfUtils.java:logGet(43)) - raft.server.log.purge.gap = 1000000 (custom)
2019-09-11 09:49:33,701 [pool-27-thread-1] INFO  server.RaftServerConfigKeys (ConfUtils.java:logGet(43)) - raft.server.log.appender.buffer.byte-limit = 33554432 (custom)
2019-09-11 09:49:33,701 [pool-27-thread-1] INFO  server.RaftServerConfigKeys (ConfUtils.java:logGet(43)) - raft.server.log.segment.size.max = 1048576 (custom)
2019-09-11 09:49:33,701 [pool-27-thread-1] INFO  server.RaftServerConfigKeys (ConfUtils.java:logGet(43)) - raft.server.log.segment.cache.num.max = 2 (custom)
2019-09-11 09:49:33,701 [pool-27-thread-1] INFO  segmented.SegmentedRaftLogWorker (SegmentedRaftLogWorker.java:<init>(172)) - new fc9c8292-475c-4844-96e0-f624044e697a-SegmentedRaftLogWorker:Storage Directory /workdir/hadoop-ozone/integration-test/target/test-dir/MiniOzoneClusterImpl-e938c337-7f80-4e5f-b777-0ae7d500e9e2/datanode-0/data/ratis/ed054e60-bbb7-4922-958f-9977ce7c5ec1 for RaftStorage:Storage Directory /workdir/hadoop-ozone/integration-test/target/test-dir/MiniOzoneClusterImpl-e938c337-7f80-4e5f-b777-0ae7d500e9e2/datanode-0/data/ratis/ed054e60-bbb7-4922-958f-9977ce7c5ec1
2019-09-11 09:49:33,702 [pool-27-thread-1] INFO  server.RaftServerConfigKeys (ConfUtils.java:logGet(43)) - raft.server.log.queue.byte-limit = 2147483647 (custom)
2019-09-11 09:49:33,702 [pool-27-thread-1] INFO  server.RaftServerConfigKeys (ConfUtils.java:logGet(43)) - raft.server.log.queue.element-limit = 1024 (custom)
2019-09-11 09:49:33,702 [pool-27-thread-1] INFO  server.RaftServerConfigKeys (ConfUtils.java:logGet(43)) - raft.server.log.segment.size.max = 1048576 (custom)
2019-09-11 09:49:33,702 [pool-27-thread-1] INFO  server.RaftServerConfigKeys (ConfUtils.java:logGet(43)) - raft.server.log.preallocated.size = 16384 (custom)
2019-09-11 09:49:33,702 [pool-27-thread-1] INFO  server.RaftServerConfigKeys (ConfUtils.java:logGet(43)) - raft.server.log.write.buffer.size = 33554432 (custom)
2019-09-11 09:49:33,702 [pool-27-thread-1] INFO  server.RaftServerConfigKeys (ConfUtils.java:logGet(43)) - raft.server.log.force.sync.num = 128 (default)
2019-09-11 09:49:33,703 [pool-27-thread-1] INFO  server.RaftServerConfigKeys (ConfUtils.java:logGet(43)) - raft.server.log.statemachine.data.sync = true (default)
2019-09-11 09:49:33,703 [pool-27-thread-1] INFO  server.RaftServerConfigKeys (ConfUtils.java:logGet(43)) - raft.server.log.statemachine.data.sync.timeout = 10s (default)
2019-09-11 09:49:33,703 [pool-27-thread-1] INFO  server.RaftServerConfigKeys (ConfUtils.java:logGet(43)) - raft.server.log.statemachine.data.sync.timeout.retry = -1 (default)
2019-09-11 09:49:33,703 [pool-27-thread-1] INFO  server.RaftServerConfigKeys (ConfUtils.java:logGet(43)) - raft.server.log.statemachine.data.caching.enabled = true (custom)
2019-09-11 09:49:33,703 [pool-27-thread-1] INFO  segmented.SegmentedRaftLogWorker (SegmentedRaftLogWorker.java:lambda$new$0(132)) - fc9c8292-475c-4844-96e0-f624044e697a-SegmentedRaftLogWorker:Storage Directory /workdir/hadoop-ozone/integration-test/target/test-dir/MiniOzoneClusterImpl-e938c337-7f80-4e5f-b777-0ae7d500e9e2/datanode-0/data/ratis/ed054e60-bbb7-4922-958f-9977ce7c5ec1: flushIndex: setUnconditionally 0 -> -1
2019-09-11 09:49:33,704 [pool-27-thread-1] INFO  server.RaftServerConfigKeys (ConfUtils.java:logGet(43)) - raft.server.snapshot.auto.trigger.enabled = true (custom)
2019-09-11 09:49:33,704 [pool-27-thread-1] INFO  server.RaftServerConfigKeys (ConfUtils.java:logGet(43)) - raft.server.snapshot.auto.trigger.threshold = 10000 (custom)
2019-09-11 09:49:33,704 [pool-27-thread-1] INFO  server.RaftServerConfigKeys (ConfUtils.java:logGet(43)) - raft.server.retrycache.expirytime = 600000ms (custom)
2019-09-11 09:49:33,704 [pool-27-thread-1] INFO  impl.RaftServerImpl (RaftServerImpl.java:start(180)) - fc9c8292-475c-4844-96e0-f624044e697a: start group-9977CE7C5EC1
2019-09-11 09:49:33,705 [pool-27-thread-1] INFO  impl.RaftServerImpl (RaftServerImpl.java:setRole(171)) - fc9c8292-475c-4844-96e0-f624044e697a:group-9977CE7C5EC1 changes role from null to FOLLOWER at term 0 for startAsFollower
2019-09-11 09:49:33,705 [pool-27-thread-1] INFO  impl.RoleInfo (RoleInfo.java:updateAndGet(143)) - fc9c8292-475c-4844-96e0-f624044e697a: start FollowerState
2019-09-11 09:49:33,705 [pool-27-thread-1] INFO  util.JmxRegister (JmxRegister.java:tryRegister(44)) - Successfully registered JMX Bean with object name Ratis:service=RaftServer,group=group-9977CE7C5EC1,id=fc9c8292-475c-4844-96e0-f624044e697a
2019-09-11 09:49:33,713 [RatisPipelineUtilsThread] INFO  pipeline.PipelineStateManager (PipelineStateManager.java:addPipeline(56)) - Created pipeline Pipeline[ Id: ed054e60-bbb7-4922-958f-9977ce7c5ec1, Nodes: fc9c8292-475c-4844-96e0-f624044e697a{ip: 192.168.36.126, host: pr-hdds-2076-9n8w8-3375968490, networkLocation: /default-rack, certSerialId: null}, Type:RATIS, Factor:ONE, State:OPEN]
2019-09-11 09:49:33,724 [grpc-default-executor-0] INFO  impl.RaftServerProxy (RaftServerProxy.java:addNew(89)) - 89a1f1e8-bcb0-42c4-96b0-c345593e690d: addNew group-A0E2157BE6EB:[89a1f1e8-bcb0-42c4-96b0-c345593e690d:192.168.36.126:36269] returns group-A0E2157BE6EB:java.util.concurrent.CompletableFuture@4f63f285[Not completed]
2019-09-11 09:49:33,726 [pool-37-thread-1] INFO  impl.RaftServerImpl (RaftServerImpl.java:<init>(93)) - 89a1f1e8-bcb0-42c4-96b0-c345593e690d: new RaftServerImpl for group-A0E2157BE6EB:[89a1f1e8-bcb0-42c4-96b0-c345593e690d:192.168.36.126:36269] with ContainerStateMachine:uninitialized
2019-09-11 09:49:33,726 [pool-37-thread-1] INFO  server.RaftServerConfigKeys (ConfUtils.java:logGet(43)) - raft.server.rpc.timeout.min = 5s (custom)
2019-09-11 09:49:33,726 [pool-37-thread-1] INFO  server.RaftServerConfigKeys (ConfUtils.java:logGet(43)) - raft.server.rpc.timeout.max = 5200ms (custom)
2019-09-11 09:49:33,726 [pool-37-thread-1] INFO  server.RaftServerConfigKeys (ConfUtils.java:logGet(43)) - raft.server.rpcslowness.timeout = 1000s (custom)
2019-09-11 09:49:33,726 [pool-37-thread-1] INFO  server.RaftServerConfigKeys (ConfUtils.java:logGet(43)) - raft.server.sleep.deviation.threshold = 300 (default)
2019-09-11 09:49:33,726 [pool-37-thread-1] INFO  server.RaftServerConfigKeys (ConfUtils.java:logGet(43)) - raft.server.log.appender.install.snapshot.enabled = false (custom)
2019-09-11 09:49:33,727 [pool-37-thread-1] INFO  impl.RaftServerImpl (ServerState.java:<init>(105)) - 89a1f1e8-bcb0-42c4-96b0-c345593e690d:group-A0E2157BE6EB ConfigurationManager, init=-1: [89a1f1e8-bcb0-42c4-96b0-c345593e690d:192.168.36.126:36269], old=null, confs=<EMPTY_MAP>
2019-09-11 09:49:33,727 [pool-37-thread-1] INFO  server.RaftServerConfigKeys (ConfUtils.java:logGet(43)) - raft.server.storage.dir = [/workdir/hadoop-ozone/integration-test/target/test-dir/MiniOzoneClusterImpl-e938c337-7f80-4e5f-b777-0ae7d500e9e2/datanode-1/data/ratis] (custom)
2019-09-11 09:49:33,727 [pool-37-thread-1] INFO  storage.RaftStorageDirectory (RaftStorageDirectory.java:analyzeStorage(246)) - The storage directory /workdir/hadoop-ozone/integration-test/target/test-dir/MiniOzoneClusterImpl-e938c337-7f80-4e5f-b777-0ae7d500e9e2/datanode-1/data/ratis/000de4e7-5e2c-4b70-804b-a0e2157be6eb does not exist. Creating ...
2019-09-11 09:49:33,740 [pool-37-thread-1] INFO  storage.RaftStorageDirectory (RaftStorageDirectory.java:tryLock(328)) - Lock on /workdir/hadoop-ozone/integration-test/target/test-dir/MiniOzoneClusterImpl-e938c337-7f80-4e5f-b777-0ae7d500e9e2/datanode-1/data/ratis/000de4e7-5e2c-4b70-804b-a0e2157be6eb/in_use.lock acquired by nodename 29638@pr-hdds-2076-9n8w8-3375968490
2019-09-11 09:49:33,754 [pool-37-thread-1] INFO  storage.RaftStorage (RaftStorage.java:format(72)) - Storage directory /workdir/hadoop-ozone/integration-test/target/test-dir/MiniOzoneClusterImpl-e938c337-7f80-4e5f-b777-0ae7d500e9e2/datanode-1/data/ratis/000de4e7-5e2c-4b70-804b-a0e2157be6eb has been successfully formatted.
2019-09-11 09:49:33,754 [pool-37-thread-1] INFO  ratis.ContainerStateMachine (ContainerStateMachine.java:loadSnapshot(227)) - group-A0E2157BE6EB: The snapshot info is null. Setting the last applied indexto:(t:0, i:~)
2019-09-11 09:49:33,754 [pool-37-thread-1] INFO  server.RaftServerConfigKeys (ConfUtils.java:logGet(43)) - raft.server.leader.election.timeout = 1000s (custom)
2019-09-11 09:49:33,754 [pool-37-thread-1] INFO  server.RaftServerConfigKeys (ConfUtils.java:logGet(43)) - raft.server.log.use.memory = false (default)
2019-09-11 09:49:33,754 [pool-37-thread-1] INFO  server.RaftServerConfigKeys (ConfUtils.java:logGet(43)) - raft.server.log.purge.gap = 1000000 (custom)
2019-09-11 09:49:33,755 [pool-37-thread-1] INFO  server.RaftServerConfigKeys (ConfUtils.java:logGet(43)) - raft.server.log.appender.buffer.byte-limit = 33554432 (custom)
2019-09-11 09:49:33,755 [pool-37-thread-1] INFO  server.RaftServerConfigKeys (ConfUtils.java:logGet(43)) - raft.server.log.segment.size.max = 1048576 (custom)
2019-09-11 09:49:33,755 [pool-37-thread-1] INFO  server.RaftServerConfigKeys (ConfUtils.java:logGet(43)) - raft.server.log.segment.cache.num.max = 2 (custom)
2019-09-11 09:49:33,755 [pool-37-thread-1] INFO  segmented.SegmentedRaftLogWorker (SegmentedRaftLogWorker.java:<init>(172)) - new 89a1f1e8-bcb0-42c4-96b0-c345593e690d-SegmentedRaftLogWorker:Storage Directory /workdir/hadoop-ozone/integration-test/target/test-dir/MiniOzoneClusterImpl-e938c337-7f80-4e5f-b777-0ae7d500e9e2/datanode-1/data/ratis/000de4e7-5e2c-4b70-804b-a0e2157be6eb for RaftStorage:Storage Directory /workdir/hadoop-ozone/integration-test/target/test-dir/MiniOzoneClusterImpl-e938c337-7f80-4e5f-b777-0ae7d500e9e2/datanode-1/data/ratis/000de4e7-5e2c-4b70-804b-a0e2157be6eb
2019-09-11 09:49:33,755 [pool-37-thread-1] INFO  server.RaftServerConfigKeys (ConfUtils.java:logGet(43)) - raft.server.log.queue.byte-limit = 2147483647 (custom)
2019-09-11 09:49:33,755 [pool-37-thread-1] INFO  server.RaftServerConfigKeys (ConfUtils.java:logGet(43)) - raft.server.log.queue.element-limit = 1024 (custom)
2019-09-11 09:49:33,756 [pool-37-thread-1] INFO  server.RaftServerConfigKeys (ConfUtils.java:logGet(43)) - raft.server.log.segment.size.max = 1048576 (custom)
2019-09-11 09:49:33,756 [pool-37-thread-1] INFO  server.RaftServerConfigKeys (ConfUtils.java:logGet(43)) - raft.server.log.preallocated.size = 16384 (custom)
2019-09-11 09:49:33,756 [pool-37-thread-1] INFO  server.RaftServerConfigKeys (ConfUtils.java:logGet(43)) - raft.server.log.write.buffer.size = 33554432 (custom)
2019-09-11 09:49:33,756 [pool-37-thread-1] INFO  server.RaftServerConfigKeys (ConfUtils.java:logGet(43)) - raft.server.log.force.sync.num = 128 (default)
2019-09-11 09:49:33,756 [pool-37-thread-1] INFO  server.RaftServerConfigKeys (ConfUtils.java:logGet(43)) - raft.server.log.statemachine.data.sync = true (default)
2019-09-11 09:49:33,756 [pool-37-thread-1] INFO  server.RaftServerConfigKeys (ConfUtils.java:logGet(43)) - raft.server.log.statemachine.data.sync.timeout = 10s (default)
2019-09-11 09:49:33,757 [pool-37-thread-1] INFO  server.RaftServerConfigKeys (ConfUtils.java:logGet(43)) - raft.server.log.statemachine.data.sync.timeout.retry = -1 (default)
2019-09-11 09:49:33,757 [pool-37-thread-1] INFO  server.RaftServerConfigKeys (ConfUtils.java:logGet(43)) - raft.server.log.statemachine.data.caching.enabled = true (custom)
2019-09-11 09:49:33,757 [pool-37-thread-1] INFO  segmented.SegmentedRaftLogWorker (SegmentedRaftLogWorker.java:lambda$new$0(132)) - 89a1f1e8-bcb0-42c4-96b0-c345593e690d-SegmentedRaftLogWorker:Storage Directory /workdir/hadoop-ozone/integration-test/target/test-dir/MiniOzoneClusterImpl-e938c337-7f80-4e5f-b777-0ae7d500e9e2/datanode-1/data/ratis/000de4e7-5e2c-4b70-804b-a0e2157be6eb: flushIndex: setUnconditionally 0 -> -1
2019-09-11 09:49:33,758 [pool-37-thread-1] INFO  server.RaftServerConfigKeys (ConfUtils.java:logGet(43)) - raft.server.snapshot.auto.trigger.enabled = true (custom)
2019-09-11 09:49:33,758 [pool-37-thread-1] INFO  server.RaftServerConfigKeys (ConfUtils.java:logGet(43)) - raft.server.snapshot.auto.trigger.threshold = 10000 (custom)
2019-09-11 09:49:33,758 [pool-37-thread-1] INFO  server.RaftServerConfigKeys (ConfUtils.java:logGet(43)) - raft.server.retrycache.expirytime = 600000ms (custom)
2019-09-11 09:49:33,758 [pool-37-thread-1] INFO  impl.RaftServerImpl (RaftServerImpl.java:start(180)) - 89a1f1e8-bcb0-42c4-96b0-c345593e690d: start group-A0E2157BE6EB
2019-09-11 09:49:33,758 [pool-37-thread-1] INFO  impl.RaftServerImpl (RaftServerImpl.java:setRole(171)) - 89a1f1e8-bcb0-42c4-96b0-c345593e690d:group-A0E2157BE6EB changes role from null to FOLLOWER at term 0 for startAsFollower
2019-09-11 09:49:33,759 [pool-37-thread-1] INFO  impl.RoleInfo (RoleInfo.java:updateAndGet(143)) - 89a1f1e8-bcb0-42c4-96b0-c345593e690d: start FollowerState
2019-09-11 09:49:33,759 [pool-37-thread-1] INFO  util.JmxRegister (JmxRegister.java:tryRegister(44)) - Successfully registered JMX Bean with object name Ratis:service=RaftServer,group=group-A0E2157BE6EB,id=89a1f1e8-bcb0-42c4-96b0-c345593e690d
2019-09-11 09:49:33,769 [RatisPipelineUtilsThread] INFO  pipeline.PipelineStateManager (PipelineStateManager.java:addPipeline(56)) - Created pipeline Pipeline[ Id: 000de4e7-5e2c-4b70-804b-a0e2157be6eb, Nodes: 89a1f1e8-bcb0-42c4-96b0-c345593e690d{ip: 192.168.36.126, host: pr-hdds-2076-9n8w8-3375968490, networkLocation: /default-rack, certSerialId: null}, Type:RATIS, Factor:ONE, State:OPEN]
2019-09-11 09:49:33,804 [grpc-default-executor-0] INFO  impl.RaftServerProxy (RaftServerProxy.java:addNew(89)) - fc9c8292-475c-4844-96e0-f624044e697a: addNew group-CE70A879F0A0:[fc9c8292-475c-4844-96e0-f624044e697a:192.168.36.126:46425, 8691d358-479a-4e75-9c15-ec5581c276a0:192.168.36.126:41737, 1bbace0c-31ff-451e-ab1c-d12bdf9760fc:192.168.36.126:45921] returns group-CE70A879F0A0:java.util.concurrent.CompletableFuture@3d99664a[Not completed]
2019-09-11 09:49:33,805 [grpc-default-executor-1] INFO  impl.RaftServerProxy (RaftServerProxy.java:addNew(89)) - 8691d358-479a-4e75-9c15-ec5581c276a0: addNew group-CE70A879F0A0:[fc9c8292-475c-4844-96e0-f624044e697a:192.168.36.126:46425, 8691d358-479a-4e75-9c15-ec5581c276a0:192.168.36.126:41737, 1bbace0c-31ff-451e-ab1c-d12bdf9760fc:192.168.36.126:45921] returns group-CE70A879F0A0:java.util.concurrent.CompletableFuture@f1793[Not completed]
2019-09-11 09:49:33,806 [grpc-default-executor-2] INFO  impl.RaftServerProxy (RaftServerProxy.java:addNew(89)) - 1bbace0c-31ff-451e-ab1c-d12bdf9760fc: addNew group-CE70A879F0A0:[fc9c8292-475c-4844-96e0-f624044e697a:192.168.36.126:46425, 8691d358-479a-4e75-9c15-ec5581c276a0:192.168.36.126:41737, 1bbace0c-31ff-451e-ab1c-d12bdf9760fc:192.168.36.126:45921] returns group-CE70A879F0A0:java.util.concurrent.CompletableFuture@6e12c988[Not completed]
2019-09-11 09:49:33,806 [pool-27-thread-1] INFO  impl.RaftServerImpl (RaftServerImpl.java:<init>(93)) - fc9c8292-475c-4844-96e0-f624044e697a: new RaftServerImpl for group-CE70A879F0A0:[fc9c8292-475c-4844-96e0-f624044e697a:192.168.36.126:46425, 8691d358-479a-4e75-9c15-ec5581c276a0:192.168.36.126:41737, 1bbace0c-31ff-451e-ab1c-d12bdf9760fc:192.168.36.126:45921] with ContainerStateMachine:uninitialized
2019-09-11 09:49:33,806 [pool-27-thread-1] INFO  server.RaftServerConfigKeys (ConfUtils.java:logGet(43)) - raft.server.rpc.timeout.min = 5s (custom)
2019-09-11 09:49:33,806 [pool-27-thread-1] INFO  server.RaftServerConfigKeys (ConfUtils.java:logGet(43)) - raft.server.rpc.timeout.max = 5200ms (custom)
2019-09-11 09:49:33,807 [pool-27-thread-1] INFO  server.RaftServerConfigKeys (ConfUtils.java:logGet(43)) - raft.server.rpcslowness.timeout = 1000s (custom)
2019-09-11 09:49:33,807 [pool-27-thread-1] INFO  server.RaftServerConfigKeys (ConfUtils.java:logGet(43)) - raft.server.sleep.deviation.threshold = 300 (default)
2019-09-11 09:49:33,807 [pool-27-thread-1] INFO  server.RaftServerConfigKeys (ConfUtils.java:logGet(43)) - raft.server.log.appender.install.snapshot.enabled = false (custom)
2019-09-11 09:49:33,807 [pool-27-thread-1] INFO  impl.RaftServerImpl (ServerState.java:<init>(105)) - fc9c8292-475c-4844-96e0-f624044e697a:group-CE70A879F0A0 ConfigurationManager, init=-1: [fc9c8292-475c-4844-96e0-f624044e697a:192.168.36.126:46425, 8691d358-479a-4e75-9c15-ec5581c276a0:192.168.36.126:41737, 1bbace0c-31ff-451e-ab1c-d12bdf9760fc:192.168.36.126:45921], old=null, confs=<EMPTY_MAP>
2019-09-11 09:49:33,807 [pool-57-thread-1] INFO  impl.RaftServerImpl (RaftServerImpl.java:<init>(93)) - 1bbace0c-31ff-451e-ab1c-d12bdf9760fc: new RaftServerImpl for group-CE70A879F0A0:[fc9c8292-475c-4844-96e0-f624044e697a:192.168.36.126:46425, 8691d358-479a-4e75-9c15-ec5581c276a0:192.168.36.126:41737, 1bbace0c-31ff-451e-ab1c-d12bdf9760fc:192.168.36.126:45921] with ContainerStateMachine:uninitialized
2019-09-11 09:49:33,807 [pool-27-thread-1] INFO  server.RaftServerConfigKeys (ConfUtils.java:logGet(43)) - raft.server.storage.dir = [/workdir/hadoop-ozone/integration-test/target/test-dir/MiniOzoneClusterImpl-e938c337-7f80-4e5f-b777-0ae7d500e9e2/datanode-0/data/ratis] (custom)
2019-09-11 09:49:33,807 [pool-57-thread-1] INFO  server.RaftServerConfigKeys (ConfUtils.java:logGet(43)) - raft.server.rpc.timeout.min = 5s (custom)
2019-09-11 09:49:33,808 [pool-57-thread-1] INFO  server.RaftServerConfigKeys (ConfUtils.java:logGet(43)) - raft.server.rpc.timeout.max = 5200ms (custom)
2019-09-11 09:49:33,808 [pool-27-thread-1] INFO  storage.RaftStorageDirectory (RaftStorageDirectory.java:analyzeStorage(246)) - The storage directory /workdir/hadoop-ozone/integration-test/target/test-dir/MiniOzoneClusterImpl-e938c337-7f80-4e5f-b777-0ae7d500e9e2/datanode-0/data/ratis/3592d134-a42e-4a72-b922-ce70a879f0a0 does not exist. Creating ...
2019-09-11 09:49:33,808 [pool-57-thread-1] INFO  server.RaftServerConfigKeys (ConfUtils.java:logGet(43)) - raft.server.rpcslowness.timeout = 1000s (custom)
2019-09-11 09:49:33,808 [pool-57-thread-1] INFO  server.RaftServerConfigKeys (ConfUtils.java:logGet(43)) - raft.server.sleep.deviation.threshold = 300 (default)
2019-09-11 09:49:33,808 [pool-57-thread-1] INFO  server.RaftServerConfigKeys (ConfUtils.java:logGet(43)) - raft.server.log.appender.install.snapshot.enabled = false (custom)
2019-09-11 09:49:33,808 [pool-57-thread-1] INFO  impl.RaftServerImpl (ServerState.java:<init>(105)) - 1bbace0c-31ff-451e-ab1c-d12bdf9760fc:group-CE70A879F0A0 ConfigurationManager, init=-1: [fc9c8292-475c-4844-96e0-f624044e697a:192.168.36.126:46425, 8691d358-479a-4e75-9c15-ec5581c276a0:192.168.36.126:41737, 1bbace0c-31ff-451e-ab1c-d12bdf9760fc:192.168.36.126:45921], old=null, confs=<EMPTY_MAP>
2019-09-11 09:49:33,808 [pool-47-thread-1] INFO  impl.RaftServerImpl (RaftServerImpl.java:<init>(93)) - 8691d358-479a-4e75-9c15-ec5581c276a0: new RaftServerImpl for group-CE70A879F0A0:[fc9c8292-475c-4844-96e0-f624044e697a:192.168.36.126:46425, 8691d358-479a-4e75-9c15-ec5581c276a0:192.168.36.126:41737, 1bbace0c-31ff-451e-ab1c-d12bdf9760fc:192.168.36.126:45921] with ContainerStateMachine:uninitialized
2019-09-11 09:49:33,809 [pool-57-thread-1] INFO  server.RaftServerConfigKeys (ConfUtils.java:logGet(43)) - raft.server.storage.dir = [/workdir/hadoop-ozone/integration-test/target/test-dir/MiniOzoneClusterImpl-e938c337-7f80-4e5f-b777-0ae7d500e9e2/datanode-3/data/ratis] (custom)
2019-09-11 09:49:33,809 [pool-47-thread-1] INFO  server.RaftServerConfigKeys (ConfUtils.java:logGet(43)) - raft.server.rpc.timeout.min = 5s (custom)
2019-09-11 09:49:33,809 [pool-47-thread-1] INFO  server.RaftServerConfigKeys (ConfUtils.java:logGet(43)) - raft.server.rpc.timeout.max = 5200ms (custom)
2019-09-11 09:49:33,809 [pool-57-thread-1] INFO  storage.RaftStorageDirectory (RaftStorageDirectory.java:analyzeStorage(246)) - The storage directory /workdir/hadoop-ozone/integration-test/target/test-dir/MiniOzoneClusterImpl-e938c337-7f80-4e5f-b777-0ae7d500e9e2/datanode-3/data/ratis/3592d134-a42e-4a72-b922-ce70a879f0a0 does not exist. Creating ...
2019-09-11 09:49:33,809 [pool-47-thread-1] INFO  server.RaftServerConfigKeys (ConfUtils.java:logGet(43)) - raft.server.rpcslowness.timeout = 1000s (custom)
2019-09-11 09:49:33,809 [pool-47-thread-1] INFO  server.RaftServerConfigKeys (ConfUtils.java:logGet(43)) - raft.server.sleep.deviation.threshold = 300 (default)
2019-09-11 09:49:33,810 [pool-47-thread-1] INFO  server.RaftServerConfigKeys (ConfUtils.java:logGet(43)) - raft.server.log.appender.install.snapshot.enabled = false (custom)
2019-09-11 09:49:33,810 [pool-47-thread-1] INFO  impl.RaftServerImpl (ServerState.java:<init>(105)) - 8691d358-479a-4e75-9c15-ec5581c276a0:group-CE70A879F0A0 ConfigurationManager, init=-1: [fc9c8292-475c-4844-96e0-f624044e697a:192.168.36.126:46425, 8691d358-479a-4e75-9c15-ec5581c276a0:192.168.36.126:41737, 1bbace0c-31ff-451e-ab1c-d12bdf9760fc:192.168.36.126:45921], old=null, confs=<EMPTY_MAP>
2019-09-11 09:49:33,810 [pool-47-thread-1] INFO  server.RaftServerConfigKeys (ConfUtils.java:logGet(43)) - raft.server.storage.dir = [/workdir/hadoop-ozone/integration-test/target/test-dir/MiniOzoneClusterImpl-e938c337-7f80-4e5f-b777-0ae7d500e9e2/datanode-2/data/ratis] (custom)
2019-09-11 09:49:33,810 [pool-47-thread-1] INFO  storage.RaftStorageDirectory (RaftStorageDirectory.java:analyzeStorage(246)) - The storage directory /workdir/hadoop-ozone/integration-test/target/test-dir/MiniOzoneClusterImpl-e938c337-7f80-4e5f-b777-0ae7d500e9e2/datanode-2/data/ratis/3592d134-a42e-4a72-b922-ce70a879f0a0 does not exist. Creating ...
2019-09-11 09:49:33,821 [pool-27-thread-1] INFO  storage.RaftStorageDirectory (RaftStorageDirectory.java:tryLock(328)) - Lock on /workdir/hadoop-ozone/integration-test/target/test-dir/MiniOzoneClusterImpl-e938c337-7f80-4e5f-b777-0ae7d500e9e2/datanode-0/data/ratis/3592d134-a42e-4a72-b922-ce70a879f0a0/in_use.lock acquired by nodename 29638@pr-hdds-2076-9n8w8-3375968490
2019-09-11 09:49:33,821 [pool-57-thread-1] INFO  storage.RaftStorageDirectory (RaftStorageDirectory.java:tryLock(328)) - Lock on /workdir/hadoop-ozone/integration-test/target/test-dir/MiniOzoneClusterImpl-e938c337-7f80-4e5f-b777-0ae7d500e9e2/datanode-3/data/ratis/3592d134-a42e-4a72-b922-ce70a879f0a0/in_use.lock acquired by nodename 29638@pr-hdds-2076-9n8w8-3375968490
2019-09-11 09:49:33,821 [pool-47-thread-1] INFO  storage.RaftStorageDirectory (RaftStorageDirectory.java:tryLock(328)) - Lock on /workdir/hadoop-ozone/integration-test/target/test-dir/MiniOzoneClusterImpl-e938c337-7f80-4e5f-b777-0ae7d500e9e2/datanode-2/data/ratis/3592d134-a42e-4a72-b922-ce70a879f0a0/in_use.lock acquired by nodename 29638@pr-hdds-2076-9n8w8-3375968490
2019-09-11 09:49:33,841 [pool-27-thread-1] INFO  storage.RaftStorage (RaftStorage.java:format(72)) - Storage directory /workdir/hadoop-ozone/integration-test/target/test-dir/MiniOzoneClusterImpl-e938c337-7f80-4e5f-b777-0ae7d500e9e2/datanode-0/data/ratis/3592d134-a42e-4a72-b922-ce70a879f0a0 has been successfully formatted.
2019-09-11 09:49:33,841 [pool-47-thread-1] INFO  storage.RaftStorage (RaftStorage.java:format(72)) - Storage directory /workdir/hadoop-ozone/integration-test/target/test-dir/MiniOzoneClusterImpl-e938c337-7f80-4e5f-b777-0ae7d500e9e2/datanode-2/data/ratis/3592d134-a42e-4a72-b922-ce70a879f0a0 has been successfully formatted.
2019-09-11 09:49:33,841 [pool-27-thread-1] INFO  ratis.ContainerStateMachine (ContainerStateMachine.java:loadSnapshot(227)) - group-CE70A879F0A0: The snapshot info is null. Setting the last applied indexto:(t:0, i:~)
2019-09-11 09:49:33,841 [pool-57-thread-1] INFO  storage.RaftStorage (RaftStorage.java:format(72)) - Storage directory /workdir/hadoop-ozone/integration-test/target/test-dir/MiniOzoneClusterImpl-e938c337-7f80-4e5f-b777-0ae7d500e9e2/datanode-3/data/ratis/3592d134-a42e-4a72-b922-ce70a879f0a0 has been successfully formatted.
2019-09-11 09:49:33,841 [pool-27-thread-1] INFO  server.RaftServerConfigKeys (ConfUtils.java:logGet(43)) - raft.server.leader.election.timeout = 1000s (custom)
2019-09-11 09:49:33,841 [pool-47-thread-1] INFO  ratis.ContainerStateMachine (ContainerStateMachine.java:loadSnapshot(227)) - group-CE70A879F0A0: The snapshot info is null. Setting the last applied indexto:(t:0, i:~)
2019-09-11 09:49:33,841 [pool-57-thread-1] INFO  ratis.ContainerStateMachine (ContainerStateMachine.java:loadSnapshot(227)) - group-CE70A879F0A0: The snapshot info is null. Setting the last applied indexto:(t:0, i:~)
2019-09-11 09:49:33,841 [pool-27-thread-1] INFO  server.RaftServerConfigKeys (ConfUtils.java:logGet(43)) - raft.server.log.use.memory = false (default)
2019-09-11 09:49:33,842 [pool-57-thread-1] INFO  server.RaftServerConfigKeys (ConfUtils.java:logGet(43)) - raft.server.leader.election.timeout = 1000s (custom)
2019-09-11 09:49:33,842 [pool-47-thread-1] INFO  server.RaftServerConfigKeys (ConfUtils.java:logGet(43)) - raft.server.leader.election.timeout = 1000s (custom)
2019-09-11 09:49:33,842 [pool-57-thread-1] INFO  server.RaftServerConfigKeys (ConfUtils.java:logGet(43)) - raft.server.log.use.memory = false (default)
2019-09-11 09:49:33,842 [pool-27-thread-1] INFO  server.RaftServerConfigKeys (ConfUtils.java:logGet(43)) - raft.server.log.purge.gap = 1000000 (custom)
2019-09-11 09:49:33,842 [pool-57-thread-1] INFO  server.RaftServerConfigKeys (ConfUtils.java:logGet(43)) - raft.server.log.purge.gap = 1000000 (custom)
2019-09-11 09:49:33,842 [pool-47-thread-1] INFO  server.RaftServerConfigKeys (ConfUtils.java:logGet(43)) - raft.server.log.use.memory = false (default)
2019-09-11 09:49:33,843 [pool-57-thread-1] INFO  server.RaftServerConfigKeys (ConfUtils.java:logGet(43)) - raft.server.log.appender.buffer.byte-limit = 33554432 (custom)
2019-09-11 09:49:33,843 [pool-27-thread-1] INFO  server.RaftServerConfigKeys (ConfUtils.java:logGet(43)) - raft.server.log.appender.buffer.byte-limit = 33554432 (custom)
2019-09-11 09:49:33,843 [pool-57-thread-1] INFO  server.RaftServerConfigKeys (ConfUtils.java:logGet(43)) - raft.server.log.segment.size.max = 1048576 (custom)
2019-09-11 09:49:33,843 [pool-47-thread-1] INFO  server.RaftServerConfigKeys (ConfUtils.java:logGet(43)) - raft.server.log.purge.gap = 1000000 (custom)
2019-09-11 09:49:33,843 [pool-57-thread-1] INFO  server.RaftServerConfigKeys (ConfUtils.java:logGet(43)) - raft.server.log.segment.cache.num.max = 2 (custom)
2019-09-11 09:49:33,843 [pool-27-thread-1] INFO  server.RaftServerConfigKeys (ConfUtils.java:logGet(43)) - raft.server.log.segment.size.max = 1048576 (custom)
2019-09-11 09:49:33,844 [pool-57-thread-1] INFO  segmented.SegmentedRaftLogWorker (SegmentedRaftLogWorker.java:<init>(172)) - new 1bbace0c-31ff-451e-ab1c-d12bdf9760fc-SegmentedRaftLogWorker:Storage Directory /workdir/hadoop-ozone/integration-test/target/test-dir/MiniOzoneClusterImpl-e938c337-7f80-4e5f-b777-0ae7d500e9e2/datanode-3/data/ratis/3592d134-a42e-4a72-b922-ce70a879f0a0 for RaftStorage:Storage Directory /workdir/hadoop-ozone/integration-test/target/test-dir/MiniOzoneClusterImpl-e938c337-7f80-4e5f-b777-0ae7d500e9e2/datanode-3/data/ratis/3592d134-a42e-4a72-b922-ce70a879f0a0
2019-09-11 09:49:33,844 [pool-47-thread-1] INFO  server.RaftServerConfigKeys (ConfUtils.java:logGet(43)) - raft.server.log.appender.buffer.byte-limit = 33554432 (custom)
2019-09-11 09:49:33,844 [pool-57-thread-1] INFO  server.RaftServerConfigKeys (ConfUtils.java:logGet(43)) - raft.server.log.queue.byte-limit = 2147483647 (custom)
2019-09-11 09:49:33,844 [pool-27-thread-1] INFO  server.RaftServerConfigKeys (ConfUtils.java:logGet(43)) - raft.server.log.segment.cache.num.max = 2 (custom)
2019-09-11 09:49:33,846 [pool-57-thread-1] INFO  server.RaftServerConfigKeys (ConfUtils.java:logGet(43)) - raft.server.log.queue.element-limit = 1024 (custom)
2019-09-11 09:49:33,846 [pool-47-thread-1] INFO  server.RaftServerConfigKeys (ConfUtils.java:logGet(43)) - raft.server.log.segment.size.max = 1048576 (custom)
2019-09-11 09:49:33,846 [pool-57-thread-1] INFO  server.RaftServerConfigKeys (ConfUtils.java:logGet(43)) - raft.server.log.segment.size.max = 1048576 (custom)
2019-09-11 09:49:33,846 [pool-27-thread-1] INFO  segmented.SegmentedRaftLogWorker (SegmentedRaftLogWorker.java:<init>(172)) - new fc9c8292-475c-4844-96e0-f624044e697a-SegmentedRaftLogWorker:Storage Directory /workdir/hadoop-ozone/integration-test/target/test-dir/MiniOzoneClusterImpl-e938c337-7f80-4e5f-b777-0ae7d500e9e2/datanode-0/data/ratis/3592d134-a42e-4a72-b922-ce70a879f0a0 for RaftStorage:Storage Directory /workdir/hadoop-ozone/integration-test/target/test-dir/MiniOzoneClusterImpl-e938c337-7f80-4e5f-b777-0ae7d500e9e2/datanode-0/data/ratis/3592d134-a42e-4a72-b922-ce70a879f0a0
2019-09-11 09:49:33,847 [pool-57-thread-1] INFO  server.RaftServerConfigKeys (ConfUtils.java:logGet(43)) - raft.server.log.preallocated.size = 16384 (custom)
2019-09-11 09:49:33,846 [pool-47-thread-1] INFO  server.RaftServerConfigKeys (ConfUtils.java:logGet(43)) - raft.server.log.segment.cache.num.max = 2 (custom)
2019-09-11 09:49:33,848 [pool-57-thread-1] INFO  server.RaftServerConfigKeys (ConfUtils.java:logGet(43)) - raft.server.log.write.buffer.size = 33554432 (custom)
2019-09-11 09:49:33,847 [pool-27-thread-1] INFO  server.RaftServerConfigKeys (ConfUtils.java:logGet(43)) - raft.server.log.queue.byte-limit = 2147483647 (custom)
2019-09-11 09:49:33,849 [pool-57-thread-1] INFO  server.RaftServerConfigKeys (ConfUtils.java:logGet(43)) - raft.server.log.force.sync.num = 128 (default)
2019-09-11 09:49:33,848 [pool-47-thread-1] INFO  segmented.SegmentedRaftLogWorker (SegmentedRaftLogWorker.java:<init>(172)) - new 8691d358-479a-4e75-9c15-ec5581c276a0-SegmentedRaftLogWorker:Storage Directory /workdir/hadoop-ozone/integration-test/target/test-dir/MiniOzoneClusterImpl-e938c337-7f80-4e5f-b777-0ae7d500e9e2/datanode-2/data/ratis/3592d134-a42e-4a72-b922-ce70a879f0a0 for RaftStorage:Storage Directory /workdir/hadoop-ozone/integration-test/target/test-dir/MiniOzoneClusterImpl-e938c337-7f80-4e5f-b777-0ae7d500e9e2/datanode-2/data/ratis/3592d134-a42e-4a72-b922-ce70a879f0a0
2019-09-11 09:49:33,849 [pool-57-thread-1] INFO  server.RaftServerConfigKeys (ConfUtils.java:logGet(43)) - raft.server.log.statemachine.data.sync = true (default)
2019-09-11 09:49:33,849 [pool-27-thread-1] INFO  server.RaftServerConfigKeys (ConfUtils.java:logGet(43)) - raft.server.log.queue.element-limit = 1024 (custom)
2019-09-11 09:49:33,850 [pool-57-thread-1] INFO  server.RaftServerConfigKeys (ConfUtils.java:logGet(43)) - raft.server.log.statemachine.data.sync.timeout = 10s (default)
2019-09-11 09:49:33,849 [pool-47-thread-1] INFO  server.RaftServerConfigKeys (ConfUtils.java:logGet(43)) - raft.server.log.queue.byte-limit = 2147483647 (custom)
2019-09-11 09:49:33,851 [pool-57-thread-1] INFO  server.RaftServerConfigKeys (ConfUtils.java:logGet(43)) - raft.server.log.statemachine.data.sync.timeout.retry = -1 (default)
2019-09-11 09:49:33,851 [pool-27-thread-1] INFO  server.RaftServerConfigKeys (ConfUtils.java:logGet(43)) - raft.server.log.segment.size.max = 1048576 (custom)
2019-09-11 09:49:33,851 [pool-57-thread-1] INFO  server.RaftServerConfigKeys (ConfUtils.java:logGet(43)) - raft.server.log.statemachine.data.caching.enabled = true (custom)
2019-09-11 09:49:33,851 [pool-47-thread-1] INFO  server.RaftServerConfigKeys (ConfUtils.java:logGet(43)) - raft.server.log.queue.element-limit = 1024 (custom)
2019-09-11 09:49:33,851 [pool-27-thread-1] INFO  server.RaftServerConfigKeys (ConfUtils.java:logGet(43)) - raft.server.log.preallocated.size = 16384 (custom)
2019-09-11 09:49:33,852 [pool-57-thread-1] INFO  segmented.SegmentedRaftLogWorker (SegmentedRaftLogWorker.java:lambda$new$0(132)) - 1bbace0c-31ff-451e-ab1c-d12bdf9760fc-SegmentedRaftLogWorker:Storage Directory /workdir/hadoop-ozone/integration-test/target/test-dir/MiniOzoneClusterImpl-e938c337-7f80-4e5f-b777-0ae7d500e9e2/datanode-3/data/ratis/3592d134-a42e-4a72-b922-ce70a879f0a0: flushIndex: setUnconditionally 0 -> -1
2019-09-11 09:49:33,852 [pool-47-thread-1] INFO  server.RaftServerConfigKeys (ConfUtils.java:logGet(43)) - raft.server.log.segment.size.max = 1048576 (custom)
2019-09-11 09:49:33,852 [pool-27-thread-1] INFO  server.RaftServerConfigKeys (ConfUtils.java:logGet(43)) - raft.server.log.write.buffer.size = 33554432 (custom)
2019-09-11 09:49:33,852 [pool-57-thread-1] INFO  server.RaftServerConfigKeys (ConfUtils.java:logGet(43)) - raft.server.snapshot.auto.trigger.enabled = true (custom)
2019-09-11 09:49:33,852 [pool-47-thread-1] INFO  server.RaftServerConfigKeys (ConfUtils.java:logGet(43)) - raft.server.log.preallocated.size = 16384 (custom)
2019-09-11 09:49:33,852 [pool-57-thread-1] INFO  server.RaftServerConfigKeys (ConfUtils.java:logGet(43)) - raft.server.snapshot.auto.trigger.threshold = 10000 (custom)
2019-09-11 09:49:33,852 [pool-27-thread-1] INFO  server.RaftServerConfigKeys (ConfUtils.java:logGet(43)) - raft.server.log.force.sync.num = 128 (default)
2019-09-11 09:49:33,853 [pool-57-thread-1] INFO  server.RaftServerConfigKeys (ConfUtils.java:logGet(43)) - raft.server.retrycache.expirytime = 600000ms (custom)
2019-09-11 09:49:33,853 [pool-47-thread-1] INFO  server.RaftServerConfigKeys (ConfUtils.java:logGet(43)) - raft.server.log.write.buffer.size = 33554432 (custom)
2019-09-11 09:49:33,853 [pool-57-thread-1] INFO  impl.RaftServerImpl (RaftServerImpl.java:start(180)) - 1bbace0c-31ff-451e-ab1c-d12bdf9760fc: start group-CE70A879F0A0
2019-09-11 09:49:33,853 [pool-27-thread-1] INFO  server.RaftServerConfigKeys (ConfUtils.java:logGet(43)) - raft.server.log.statemachine.data.sync = true (default)
2019-09-11 09:49:33,853 [pool-57-thread-1] INFO  impl.RaftServerImpl (RaftServerImpl.java:setRole(171)) - 1bbace0c-31ff-451e-ab1c-d12bdf9760fc:group-CE70A879F0A0 changes role from null to FOLLOWER at term 0 for startAsFollower
2019-09-11 09:49:33,853 [pool-47-thread-1] INFO  server.RaftServerConfigKeys (ConfUtils.java:logGet(43)) - raft.server.log.force.sync.num = 128 (default)
2019-09-11 09:49:33,854 [pool-57-thread-1] INFO  impl.RoleInfo (RoleInfo.java:updateAndGet(143)) - 1bbace0c-31ff-451e-ab1c-d12bdf9760fc: start FollowerState
2019-09-11 09:49:33,854 [pool-27-thread-1] INFO  server.RaftServerConfigKeys (ConfUtils.java:logGet(43)) - raft.server.log.statemachine.data.sync.timeout = 10s (default)
2019-09-11 09:49:33,854 [pool-47-thread-1] INFO  server.RaftServerConfigKeys (ConfUtils.java:logGet(43)) - raft.server.log.statemachine.data.sync = true (default)
2019-09-11 09:49:33,854 [pool-57-thread-1] INFO  util.JmxRegister (JmxRegister.java:tryRegister(44)) - Successfully registered JMX Bean with object name Ratis:service=RaftServer,group=group-CE70A879F0A0,id=1bbace0c-31ff-451e-ab1c-d12bdf9760fc
2019-09-11 09:49:33,854 [pool-27-thread-1] INFO  server.RaftServerConfigKeys (ConfUtils.java:logGet(43)) - raft.server.log.statemachine.data.sync.timeout.retry = -1 (default)
2019-09-11 09:49:33,854 [pool-47-thread-1] INFO  server.RaftServerConfigKeys (ConfUtils.java:logGet(43)) - raft.server.log.statemachine.data.sync.timeout = 10s (default)
2019-09-11 09:49:33,855 [pool-27-thread-1] INFO  server.RaftServerConfigKeys (ConfUtils.java:logGet(43)) - raft.server.log.statemachine.data.caching.enabled = true (custom)
2019-09-11 09:49:33,855 [pool-47-thread-1] INFO  server.RaftServerConfigKeys (ConfUtils.java:logGet(43)) - raft.server.log.statemachine.data.sync.timeout.retry = -1 (default)
2019-09-11 09:49:33,855 [pool-27-thread-1] INFO  segmented.SegmentedRaftLogWorker (SegmentedRaftLogWorker.java:lambda$new$0(132)) - fc9c8292-475c-4844-96e0-f624044e697a-SegmentedRaftLogWorker:Storage Directory /workdir/hadoop-ozone/integration-test/target/test-dir/MiniOzoneClusterImpl-e938c337-7f80-4e5f-b777-0ae7d500e9e2/datanode-0/data/ratis/3592d134-a42e-4a72-b922-ce70a879f0a0: flushIndex: setUnconditionally 0 -> -1
2019-09-11 09:49:33,855 [pool-47-thread-1] INFO  server.RaftServerConfigKeys (ConfUtils.java:logGet(43)) - raft.server.log.statemachine.data.caching.enabled = true (custom)
2019-09-11 09:49:33,856 [pool-27-thread-1] INFO  server.RaftServerConfigKeys (ConfUtils.java:logGet(43)) - raft.server.snapshot.auto.trigger.enabled = true (custom)
2019-09-11 09:49:33,856 [pool-27-thread-1] INFO  server.RaftServerConfigKeys (ConfUtils.java:logGet(43)) - raft.server.snapshot.auto.trigger.threshold = 10000 (custom)
2019-09-11 09:49:33,856 [pool-47-thread-1] INFO  segmented.SegmentedRaftLogWorker (SegmentedRaftLogWorker.java:lambda$new$0(132)) - 8691d358-479a-4e75-9c15-ec5581c276a0-SegmentedRaftLogWorker:Storage Directory /workdir/hadoop-ozone/integration-test/target/test-dir/MiniOzoneClusterImpl-e938c337-7f80-4e5f-b777-0ae7d500e9e2/datanode-2/data/ratis/3592d134-a42e-4a72-b922-ce70a879f0a0: flushIndex: setUnconditionally 0 -> -1
2019-09-11 09:49:33,856 [pool-27-thread-1] INFO  server.RaftServerConfigKeys (ConfUtils.java:logGet(43)) - raft.server.retrycache.expirytime = 600000ms (custom)
2019-09-11 09:49:33,856 [pool-47-thread-1] INFO  server.RaftServerConfigKeys (ConfUtils.java:logGet(43)) - raft.server.snapshot.auto.trigger.enabled = true (custom)
2019-09-11 09:49:33,856 [pool-27-thread-1] INFO  impl.RaftServerImpl (RaftServerImpl.java:start(180)) - fc9c8292-475c-4844-96e0-f624044e697a: start group-CE70A879F0A0
2019-09-11 09:49:33,856 [pool-47-thread-1] INFO  server.RaftServerConfigKeys (ConfUtils.java:logGet(43)) - raft.server.snapshot.auto.trigger.threshold = 10000 (custom)
2019-09-11 09:49:33,857 [pool-27-thread-1] INFO  impl.RaftServerImpl (RaftServerImpl.java:setRole(171)) - fc9c8292-475c-4844-96e0-f624044e697a:group-CE70A879F0A0 changes role from null to FOLLOWER at term 0 for startAsFollower
2019-09-11 09:49:33,857 [pool-47-thread-1] INFO  server.RaftServerConfigKeys (ConfUtils.java:logGet(43)) - raft.server.retrycache.expirytime = 600000ms (custom)
2019-09-11 09:49:33,857 [pool-27-thread-1] INFO  impl.RoleInfo (RoleInfo.java:updateAndGet(143)) - fc9c8292-475c-4844-96e0-f624044e697a: start FollowerState
2019-09-11 09:49:33,857 [pool-47-thread-1] INFO  impl.RaftServerImpl (RaftServerImpl.java:start(180)) - 8691d358-479a-4e75-9c15-ec5581c276a0: start group-CE70A879F0A0
2019-09-11 09:49:33,857 [pool-47-thread-1] INFO  impl.RaftServerImpl (RaftServerImpl.java:setRole(171)) - 8691d358-479a-4e75-9c15-ec5581c276a0:group-CE70A879F0A0 changes role from null to FOLLOWER at term 0 for startAsFollower
2019-09-11 09:49:33,857 [pool-27-thread-1] INFO  util.JmxRegister (JmxRegister.java:tryRegister(44)) - Successfully registered JMX Bean with object name Ratis:service=RaftServer,group=group-CE70A879F0A0,id=fc9c8292-475c-4844-96e0-f624044e697a
2019-09-11 09:49:33,857 [pool-47-thread-1] INFO  impl.RoleInfo (RoleInfo.java:updateAndGet(143)) - 8691d358-479a-4e75-9c15-ec5581c276a0: start FollowerState
2019-09-11 09:49:33,859 [pool-47-thread-1] INFO  util.JmxRegister (JmxRegister.java:tryRegister(44)) - Successfully registered JMX Bean with object name Ratis:service=RaftServer,group=group-CE70A879F0A0,id=8691d358-479a-4e75-9c15-ec5581c276a0
2019-09-11 09:49:33,875 [RatisPipelineUtilsThread] INFO  pipeline.PipelineStateManager (PipelineStateManager.java:addPipeline(56)) - Created pipeline Pipeline[ Id: 3592d134-a42e-4a72-b922-ce70a879f0a0, Nodes: 8691d358-479a-4e75-9c15-ec5581c276a0{ip: 192.168.36.126, host: pr-hdds-2076-9n8w8-3375968490, networkLocation: /default-rack, certSerialId: null}fc9c8292-475c-4844-96e0-f624044e697a{ip: 192.168.36.126, host: pr-hdds-2076-9n8w8-3375968490, networkLocation: /default-rack, certSerialId: null}1bbace0c-31ff-451e-ab1c-d12bdf9760fc{ip: 192.168.36.126, host: pr-hdds-2076-9n8w8-3375968490, networkLocation: /default-rack, certSerialId: null}, Type:RATIS, Factor:THREE, State:OPEN]
2019-09-11 09:49:34,277 [Command processor thread] ERROR commandhandler.CloseContainerCommandHandler (CloseContainerCommandHandler.java:handle(84)) - Container #1 does not exist in datanode. Container close failed.
2019-09-11 09:49:34,326 [Thread-193] INFO  container.ReplicationManager (ReplicationManager.java:start(169)) - Replication Monitor Thread is already running.
2019-09-11 09:49:34,365 [Command processor thread] ERROR commandhandler.CloseContainerCommandHandler (CloseContainerCommandHandler.java:handle(84)) - Container #1 does not exist in datanode. Container close failed.
2019-09-11 09:49:34,432 [Command processor thread] ERROR commandhandler.CloseContainerCommandHandler (CloseContainerCommandHandler.java:handle(84)) - Container #1 does not exist in datanode. Container close failed.
2019-09-11 09:49:34,515 [ReplicationMonitor] INFO  container.ReplicationManager (ReplicationManager.java:run(225)) - Replication Monitor Thread took 1 milliseconds for processing 1 containers.
2019-09-11 09:49:34,657 [grpc-default-executor-2] INFO  client.GrpcClientProtocolClient (GrpcClientProtocolClient.java:onNext(255)) - client-AC630C8AD4AE->89a1f1e8-bcb0-42c4-96b0-c345593e690d: receive RaftClientReply:client-AC630C8AD4AE->89a1f1e8-bcb0-42c4-96b0-c345593e690d@group-7244500E687B, cid=7, FAILED org.apache.ratis.protocol.NotLeaderException: Server 89a1f1e8-bcb0-42c4-96b0-c345593e690d is not the leader (null). Request must be sent to leader., logIndex=0, commits[89a1f1e8-bcb0-42c4-96b0-c345593e690d:c-1]
2019-09-11 09:49:35,692 [grpc-default-executor-2] INFO  client.GrpcClientProtocolClient (GrpcClientProtocolClient.java:onNext(255)) - client-AC630C8AD4AE->fc9c8292-475c-4844-96e0-f624044e697a: receive RaftClientReply:client-AC630C8AD4AE->fc9c8292-475c-4844-96e0-f624044e697a@group-7244500E687B, cid=7, FAILED org.apache.ratis.protocol.NotLeaderException: Server fc9c8292-475c-4844-96e0-f624044e697a is not the leader (null). Request must be sent to leader., logIndex=0, commits[fc9c8292-475c-4844-96e0-f624044e697a:c-1]
2019-09-11 09:49:36,515 [ReplicationMonitor] INFO  container.ReplicationManager (ReplicationManager.java:run(225)) - Replication Monitor Thread took 1 milliseconds for processing 1 containers.
2019-09-11 09:49:36,713 [grpc-default-executor-2] INFO  client.GrpcClientProtocolClient (GrpcClientProtocolClient.java:onNext(255)) - client-AC630C8AD4AE->8691d358-479a-4e75-9c15-ec5581c276a0: receive RaftClientReply:client-AC630C8AD4AE->8691d358-479a-4e75-9c15-ec5581c276a0@group-7244500E687B, cid=7, FAILED org.apache.ratis.protocol.NotLeaderException: Server 8691d358-479a-4e75-9c15-ec5581c276a0 is not the leader (null). Request must be sent to leader., logIndex=0, commits[8691d358-479a-4e75-9c15-ec5581c276a0:c-1]
2019-09-11 09:49:37,024 [Thread-195] INFO  impl.FollowerState (FollowerState.java:run(106)) - fc9c8292-475c-4844-96e0-f624044e697a:group-F7956D91B6C2 changes to CANDIDATE, lastRpcTime:5009, electionTimeout:5008ms
2019-09-11 09:49:37,024 [Thread-195] INFO  impl.RoleInfo (RoleInfo.java:shutdownFollowerState(121)) - fc9c8292-475c-4844-96e0-f624044e697a: shutdown FollowerState
2019-09-11 09:49:37,024 [Thread-195] INFO  impl.RaftServerImpl (RaftServerImpl.java:setRole(171)) - fc9c8292-475c-4844-96e0-f624044e697a:group-F7956D91B6C2 changes role from FOLLOWER to CANDIDATE at term 0 for changeToCandidate
2019-09-11 09:49:37,030 [Thread-195] INFO  impl.RoleInfo (RoleInfo.java:updateAndGet(143)) - fc9c8292-475c-4844-96e0-f624044e697a: start LeaderElection
2019-09-11 09:49:37,049 [fc9c8292-475c-4844-96e0-f624044e697a:group-F7956D91B6C2:LeaderElection1] INFO  impl.LeaderElection (LeaderElection.java:askForVotes(181)) - fc9c8292-475c-4844-96e0-f624044e697a:group-F7956D91B6C2:LeaderElection1: begin an election at term 1 for -1: [fc9c8292-475c-4844-96e0-f624044e697a:192.168.36.126:46425], old=null
2019-09-11 09:49:37,056 [fc9c8292-475c-4844-96e0-f624044e697a:group-F7956D91B6C2:LeaderElection1] INFO  impl.RoleInfo (RoleInfo.java:shutdownLeaderElection(134)) - fc9c8292-475c-4844-96e0-f624044e697a: shutdown LeaderElection
2019-09-11 09:49:37,056 [fc9c8292-475c-4844-96e0-f624044e697a:group-F7956D91B6C2:LeaderElection1] INFO  impl.RaftServerImpl (RaftServerImpl.java:setRole(171)) - fc9c8292-475c-4844-96e0-f624044e697a:group-F7956D91B6C2 changes role from CANDIDATE to LEADER at term 1 for changeToLeader
2019-09-11 09:49:37,057 [fc9c8292-475c-4844-96e0-f624044e697a:group-F7956D91B6C2:LeaderElection1] INFO  impl.RaftServerImpl (ServerState.java:setLeader(263)) - fc9c8292-475c-4844-96e0-f624044e697a:group-F7956D91B6C2 change Leader from null to fc9c8292-475c-4844-96e0-f624044e697a at term 1 for becomeLeader, leader elected after 5149ms
2019-09-11 09:49:37,064 [fc9c8292-475c-4844-96e0-f624044e697a:group-F7956D91B6C2:LeaderElection1] INFO  server.RaftServerConfigKeys (ConfUtils.java:logGet(43)) - raft.server.staging.catchup.gap = 1000 (default)
2019-09-11 09:49:37,064 [fc9c8292-475c-4844-96e0-f624044e697a:group-F7956D91B6C2:LeaderElection1] INFO  server.RaftServerConfigKeys (ConfUtils.java:logGet(43)) - raft.server.rpc.sleep.time = 25ms (default)
2019-09-11 09:49:37,067 [fc9c8292-475c-4844-96e0-f624044e697a:group-F7956D91B6C2:LeaderElection1] INFO  server.RaftServerConfigKeys (ConfUtils.java:logGet(43)) - raft.server.write.element-limit = 4096 (default)
2019-09-11 09:49:37,070 [fc9c8292-475c-4844-96e0-f624044e697a:group-F7956D91B6C2:LeaderElection1] INFO  server.RaftServerConfigKeys (ConfUtils.java:logGet(43)) - raft.server.watch.timeout = 10s (default)
2019-09-11 09:49:37,071 [fc9c8292-475c-4844-96e0-f624044e697a:group-F7956D91B6C2:LeaderElection1] INFO  server.RaftServerConfigKeys (ConfUtils.java:logGet(43)) - raft.server.watch.timeout.denomination = 1s (default)
2019-09-11 09:49:37,072 [fc9c8292-475c-4844-96e0-f624044e697a:group-F7956D91B6C2:LeaderElection1] INFO  server.RaftServerConfigKeys (ConfUtils.java:logGet(43)) - raft.server.watch.element-limit = 65536 (default)
2019-09-11 09:49:37,081 [fc9c8292-475c-4844-96e0-f624044e697a:group-F7956D91B6C2:LeaderElection1] INFO  impl.RoleInfo (RoleInfo.java:updateAndGet(143)) - fc9c8292-475c-4844-96e0-f624044e697a: start LeaderState
2019-09-11 09:49:37,106 [fc9c8292-475c-4844-96e0-f624044e697a:group-F7956D91B6C2:LeaderElection1] INFO  segmented.SegmentedRaftLogWorker (SegmentedRaftLogWorker.java:startLogSegment(380)) - fc9c8292-475c-4844-96e0-f624044e697a-SegmentedRaftLogWorker:Storage Directory /workdir/hadoop-ozone/integration-test/target/test-dir/MiniOzoneClusterImpl-e938c337-7f80-4e5f-b777-0ae7d500e9e2/datanode-0/data/ratis/2ff8be66-431a-4251-839a-f7956d91b6c2: Starting segment from index:0
2019-09-11 09:49:37,116 [fc9c8292-475c-4844-96e0-f624044e697a:group-F7956D91B6C2:LeaderElection1] INFO  impl.RaftServerImpl (ServerState.java:setRaftConf(361)) - fc9c8292-475c-4844-96e0-f624044e697a:group-F7956D91B6C2 set configuration 0: [fc9c8292-475c-4844-96e0-f624044e697a:192.168.36.126:46425], old=null at 0
2019-09-11 09:49:37,271 [Thread-198] INFO  impl.FollowerState (FollowerState.java:run(106)) - 8691d358-479a-4e75-9c15-ec5581c276a0:group-8A401BE080A4 changes to CANDIDATE, lastRpcTime:5068, electionTimeout:5067ms
2019-09-11 09:49:37,273 [Thread-198] INFO  impl.RoleInfo (RoleInfo.java:shutdownFollowerState(121)) - 8691d358-479a-4e75-9c15-ec5581c276a0: shutdown FollowerState
2019-09-11 09:49:37,273 [Thread-198] INFO  impl.RaftServerImpl (RaftServerImpl.java:setRole(171)) - 8691d358-479a-4e75-9c15-ec5581c276a0:group-8A401BE080A4 changes role from FOLLOWER to CANDIDATE at term 0 for changeToCandidate
2019-09-11 09:49:37,274 [Thread-198] INFO  impl.RoleInfo (RoleInfo.java:updateAndGet(143)) - 8691d358-479a-4e75-9c15-ec5581c276a0: start LeaderElection
2019-09-11 09:49:37,289 [8691d358-479a-4e75-9c15-ec5581c276a0:group-8A401BE080A4:LeaderElection2] INFO  impl.LeaderElection (LeaderElection.java:askForVotes(181)) - 8691d358-479a-4e75-9c15-ec5581c276a0:group-8A401BE080A4:LeaderElection2: begin an election at term 1 for -1: [8691d358-479a-4e75-9c15-ec5581c276a0:192.168.36.126:41737], old=null
2019-09-11 09:49:37,315 [8691d358-479a-4e75-9c15-ec5581c276a0:group-8A401BE080A4:LeaderElection2] INFO  impl.RoleInfo (RoleInfo.java:shutdownLeaderElection(134)) - 8691d358-479a-4e75-9c15-ec5581c276a0: shutdown LeaderElection
2019-09-11 09:49:37,315 [8691d358-479a-4e75-9c15-ec5581c276a0:group-8A401BE080A4:LeaderElection2] INFO  impl.RaftServerImpl (RaftServerImpl.java:setRole(171)) - 8691d358-479a-4e75-9c15-ec5581c276a0:group-8A401BE080A4 changes role from CANDIDATE to LEADER at term 1 for changeToLeader
2019-09-11 09:49:37,315 [8691d358-479a-4e75-9c15-ec5581c276a0:group-8A401BE080A4:LeaderElection2] INFO  impl.RaftServerImpl (ServerState.java:setLeader(263)) - 8691d358-479a-4e75-9c15-ec5581c276a0:group-8A401BE080A4 change Leader from null to 8691d358-479a-4e75-9c15-ec5581c276a0 at term 1 for becomeLeader, leader elected after 5120ms
2019-09-11 09:49:37,315 [8691d358-479a-4e75-9c15-ec5581c276a0:group-8A401BE080A4:LeaderElection2] INFO  server.RaftServerConfigKeys (ConfUtils.java:logGet(43)) - raft.server.staging.catchup.gap = 1000 (default)
2019-09-11 09:49:37,316 [8691d358-479a-4e75-9c15-ec5581c276a0:group-8A401BE080A4:LeaderElection2] INFO  server.RaftServerConfigKeys (ConfUtils.java:logGet(43)) - raft.server.rpc.sleep.time = 25ms (default)
2019-09-11 09:49:37,316 [8691d358-479a-4e75-9c15-ec5581c276a0:group-8A401BE080A4:LeaderElection2] INFO  server.RaftServerConfigKeys (ConfUtils.java:logGet(43)) - raft.server.write.element-limit = 4096 (default)
2019-09-11 09:49:37,316 [8691d358-479a-4e75-9c15-ec5581c276a0:group-8A401BE080A4:LeaderElection2] INFO  server.RaftServerConfigKeys (ConfUtils.java:logGet(43)) - raft.server.watch.timeout = 10s (default)
2019-09-11 09:49:37,316 [8691d358-479a-4e75-9c15-ec5581c276a0:group-8A401BE080A4:LeaderElection2] INFO  server.RaftServerConfigKeys (ConfUtils.java:logGet(43)) - raft.server.watch.timeout.denomination = 1s (default)
2019-09-11 09:49:37,316 [8691d358-479a-4e75-9c15-ec5581c276a0:group-8A401BE080A4:LeaderElection2] INFO  server.RaftServerConfigKeys (ConfUtils.java:logGet(43)) - raft.server.watch.element-limit = 65536 (default)
2019-09-11 09:49:37,317 [8691d358-479a-4e75-9c15-ec5581c276a0:group-8A401BE080A4:LeaderElection2] INFO  impl.RoleInfo (RoleInfo.java:updateAndGet(143)) - 8691d358-479a-4e75-9c15-ec5581c276a0: start LeaderState
2019-09-11 09:49:37,317 [8691d358-479a-4e75-9c15-ec5581c276a0:group-8A401BE080A4:LeaderElection2] INFO  segmented.SegmentedRaftLogWorker (SegmentedRaftLogWorker.java:startLogSegment(380)) - 8691d358-479a-4e75-9c15-ec5581c276a0-SegmentedRaftLogWorker:Storage Directory /workdir/hadoop-ozone/integration-test/target/test-dir/MiniOzoneClusterImpl-e938c337-7f80-4e5f-b777-0ae7d500e9e2/datanode-2/data/ratis/c8c39f56-0317-42b1-9430-8a401be080a4: Starting segment from index:0
2019-09-11 09:49:37,318 [8691d358-479a-4e75-9c15-ec5581c276a0:group-8A401BE080A4:LeaderElection2] INFO  impl.RaftServerImpl (ServerState.java:setRaftConf(361)) - 8691d358-479a-4e75-9c15-ec5581c276a0:group-8A401BE080A4 set configuration 0: [8691d358-479a-4e75-9c15-ec5581c276a0:192.168.36.126:41737], old=null at 0
2019-09-11 09:49:37,343 [fc9c8292-475c-4844-96e0-f624044e697a-SegmentedRaftLogWorker:Storage Directory /workdir/hadoop-ozone/integration-test/target/test-dir/MiniOzoneClusterImpl-e938c337-7f80-4e5f-b777-0ae7d500e9e2/datanode-0/data/ratis/2ff8be66-431a-4251-839a-f7956d91b6c2] INFO  segmented.SegmentedRaftLogWorker (SegmentedRaftLogWorker.java:execute(569)) - fc9c8292-475c-4844-96e0-f624044e697a-SegmentedRaftLogWorker:Storage Directory /workdir/hadoop-ozone/integration-test/target/test-dir/MiniOzoneClusterImpl-e938c337-7f80-4e5f-b777-0ae7d500e9e2/datanode-0/data/ratis/2ff8be66-431a-4251-839a-f7956d91b6c2: created new log segment /workdir/hadoop-ozone/integration-test/target/test-dir/MiniOzoneClusterImpl-e938c337-7f80-4e5f-b777-0ae7d500e9e2/datanode-0/data/ratis/2ff8be66-431a-4251-839a-f7956d91b6c2/current/log_inprogress_0
2019-09-11 09:49:37,354 [Thread-201] INFO  impl.FollowerState (FollowerState.java:run(106)) - 89a1f1e8-bcb0-42c4-96b0-c345593e690d:group-77E6773890C9 changes to CANDIDATE, lastRpcTime:5056, electionTimeout:5056ms
2019-09-11 09:49:37,355 [Thread-201] INFO  impl.RoleInfo (RoleInfo.java:shutdownFollowerState(121)) - 89a1f1e8-bcb0-42c4-96b0-c345593e690d: shutdown FollowerState
2019-09-11 09:49:37,355 [Thread-201] INFO  impl.RaftServerImpl (RaftServerImpl.java:setRole(171)) - 89a1f1e8-bcb0-42c4-96b0-c345593e690d:group-77E6773890C9 changes role from FOLLOWER to CANDIDATE at term 0 for changeToCandidate
2019-09-11 09:49:37,355 [Thread-201] INFO  impl.RoleInfo (RoleInfo.java:updateAndGet(143)) - 89a1f1e8-bcb0-42c4-96b0-c345593e690d: start LeaderElection
2019-09-11 09:49:37,359 [8691d358-479a-4e75-9c15-ec5581c276a0-SegmentedRaftLogWorker:Storage Directory /workdir/hadoop-ozone/integration-test/target/test-dir/MiniOzoneClusterImpl-e938c337-7f80-4e5f-b777-0ae7d500e9e2/datanode-2/data/ratis/c8c39f56-0317-42b1-9430-8a401be080a4] INFO  segmented.SegmentedRaftLogWorker (SegmentedRaftLogWorker.java:execute(569)) - 8691d358-479a-4e75-9c15-ec5581c276a0-SegmentedRaftLogWorker:Storage Directory /workdir/hadoop-ozone/integration-test/target/test-dir/MiniOzoneClusterImpl-e938c337-7f80-4e5f-b777-0ae7d500e9e2/datanode-2/data/ratis/c8c39f56-0317-42b1-9430-8a401be080a4: created new log segment /workdir/hadoop-ozone/integration-test/target/test-dir/MiniOzoneClusterImpl-e938c337-7f80-4e5f-b777-0ae7d500e9e2/datanode-2/data/ratis/c8c39f56-0317-42b1-9430-8a401be080a4/current/log_inprogress_0
2019-09-11 09:49:37,362 [89a1f1e8-bcb0-42c4-96b0-c345593e690d:group-77E6773890C9:LeaderElection3] INFO  impl.LeaderElection (LeaderElection.java:askForVotes(181)) - 89a1f1e8-bcb0-42c4-96b0-c345593e690d:group-77E6773890C9:LeaderElection3: begin an election at term 1 for -1: [89a1f1e8-bcb0-42c4-96b0-c345593e690d:192.168.36.126:36269], old=null
2019-09-11 09:49:37,362 [89a1f1e8-bcb0-42c4-96b0-c345593e690d:group-77E6773890C9:LeaderElection3] INFO  impl.RoleInfo (RoleInfo.java:shutdownLeaderElection(134)) - 89a1f1e8-bcb0-42c4-96b0-c345593e690d: shutdown LeaderElection
2019-09-11 09:49:37,362 [89a1f1e8-bcb0-42c4-96b0-c345593e690d:group-77E6773890C9:LeaderElection3] INFO  impl.RaftServerImpl (RaftServerImpl.java:setRole(171)) - 89a1f1e8-bcb0-42c4-96b0-c345593e690d:group-77E6773890C9 changes role from CANDIDATE to LEADER at term 1 for changeToLeader
2019-09-11 09:49:37,362 [89a1f1e8-bcb0-42c4-96b0-c345593e690d:group-77E6773890C9:LeaderElection3] INFO  impl.RaftServerImpl (ServerState.java:setLeader(263)) - 89a1f1e8-bcb0-42c4-96b0-c345593e690d:group-77E6773890C9 change Leader from null to 89a1f1e8-bcb0-42c4-96b0-c345593e690d at term 1 for becomeLeader, leader elected after 5070ms
2019-09-11 09:49:37,363 [89a1f1e8-bcb0-42c4-96b0-c345593e690d:group-77E6773890C9:LeaderElection3] INFO  server.RaftServerConfigKeys (ConfUtils.java:logGet(43)) - raft.server.staging.catchup.gap = 1000 (default)
2019-09-11 09:49:37,364 [89a1f1e8-bcb0-42c4-96b0-c345593e690d:group-77E6773890C9:LeaderElection3] INFO  server.RaftServerConfigKeys (ConfUtils.java:logGet(43)) - raft.server.rpc.sleep.time = 25ms (default)
2019-09-11 09:49:37,364 [89a1f1e8-bcb0-42c4-96b0-c345593e690d:group-77E6773890C9:LeaderElection3] INFO  server.RaftServerConfigKeys (ConfUtils.java:logGet(43)) - raft.server.write.element-limit = 4096 (default)
2019-09-11 09:49:37,364 [89a1f1e8-bcb0-42c4-96b0-c345593e690d:group-77E6773890C9:LeaderElection3] INFO  server.RaftServerConfigKeys (ConfUtils.java:logGet(43)) - raft.server.watch.timeout = 10s (default)
2019-09-11 09:49:37,364 [89a1f1e8-bcb0-42c4-96b0-c345593e690d:group-77E6773890C9:LeaderElection3] INFO  server.RaftServerConfigKeys (ConfUtils.java:logGet(43)) - raft.server.watch.timeout.denomination = 1s (default)
2019-09-11 09:49:37,364 [89a1f1e8-bcb0-42c4-96b0-c345593e690d:group-77E6773890C9:LeaderElection3] INFO  server.RaftServerConfigKeys (ConfUtils.java:logGet(43)) - raft.server.watch.element-limit = 65536 (default)
2019-09-11 09:49:37,364 [89a1f1e8-bcb0-42c4-96b0-c345593e690d:group-77E6773890C9:LeaderElection3] INFO  impl.RoleInfo (RoleInfo.java:updateAndGet(143)) - 89a1f1e8-bcb0-42c4-96b0-c345593e690d: start LeaderState
2019-09-11 09:49:37,365 [89a1f1e8-bcb0-42c4-96b0-c345593e690d:group-77E6773890C9:LeaderElection3] INFO  segmented.SegmentedRaftLogWorker (SegmentedRaftLogWorker.java:startLogSegment(380)) - 89a1f1e8-bcb0-42c4-96b0-c345593e690d-SegmentedRaftLogWorker:Storage Directory /workdir/hadoop-ozone/integration-test/target/test-dir/MiniOzoneClusterImpl-e938c337-7f80-4e5f-b777-0ae7d500e9e2/datanode-1/data/ratis/da549801-5dd2-4e7b-8164-77e6773890c9: Starting segment from index:0
2019-09-11 09:49:37,365 [89a1f1e8-bcb0-42c4-96b0-c345593e690d:group-77E6773890C9:LeaderElection3] INFO  impl.RaftServerImpl (ServerState.java:setRaftConf(361)) - 89a1f1e8-bcb0-42c4-96b0-c345593e690d:group-77E6773890C9 set configuration 0: [89a1f1e8-bcb0-42c4-96b0-c345593e690d:192.168.36.126:36269], old=null at 0
2019-09-11 09:49:37,403 [89a1f1e8-bcb0-42c4-96b0-c345593e690d-SegmentedRaftLogWorker:Storage Directory /workdir/hadoop-ozone/integration-test/target/test-dir/MiniOzoneClusterImpl-e938c337-7f80-4e5f-b777-0ae7d500e9e2/datanode-1/data/ratis/da549801-5dd2-4e7b-8164-77e6773890c9] INFO  segmented.SegmentedRaftLogWorker (SegmentedRaftLogWorker.java:execute(569)) - 89a1f1e8-bcb0-42c4-96b0-c345593e690d-SegmentedRaftLogWorker:Storage Directory /workdir/hadoop-ozone/integration-test/target/test-dir/MiniOzoneClusterImpl-e938c337-7f80-4e5f-b777-0ae7d500e9e2/datanode-1/data/ratis/da549801-5dd2-4e7b-8164-77e6773890c9: created new log segment /workdir/hadoop-ozone/integration-test/target/test-dir/MiniOzoneClusterImpl-e938c337-7f80-4e5f-b777-0ae7d500e9e2/datanode-1/data/ratis/da549801-5dd2-4e7b-8164-77e6773890c9/current/log_inprogress_0
2019-09-11 09:49:37,456 [Thread-204] INFO  impl.FollowerState (FollowerState.java:run(106)) - 1bbace0c-31ff-451e-ab1c-d12bdf9760fc:group-E33D26EEE3D0 changes to CANDIDATE, lastRpcTime:5091, electionTimeout:5091ms
2019-09-11 09:49:37,456 [Thread-204] INFO  impl.RoleInfo (RoleInfo.java:shutdownFollowerState(121)) - 1bbace0c-31ff-451e-ab1c-d12bdf9760fc: shutdown FollowerState
2019-09-11 09:49:37,457 [Thread-204] INFO  impl.RaftServerImpl (RaftServerImpl.java:setRole(171)) - 1bbace0c-31ff-451e-ab1c-d12bdf9760fc:group-E33D26EEE3D0 changes role from FOLLOWER to CANDIDATE at term 0 for changeToCandidate
2019-09-11 09:49:37,457 [Thread-204] INFO  impl.RoleInfo (RoleInfo.java:updateAndGet(143)) - 1bbace0c-31ff-451e-ab1c-d12bdf9760fc: start LeaderElection
2019-09-11 09:49:37,475 [1bbace0c-31ff-451e-ab1c-d12bdf9760fc:group-E33D26EEE3D0:LeaderElection4] INFO  impl.LeaderElection (LeaderElection.java:askForVotes(181)) - 1bbace0c-31ff-451e-ab1c-d12bdf9760fc:group-E33D26EEE3D0:LeaderElection4: begin an election at term 1 for -1: [1bbace0c-31ff-451e-ab1c-d12bdf9760fc:192.168.36.126:45921], old=null
2019-09-11 09:49:37,476 [1bbace0c-31ff-451e-ab1c-d12bdf9760fc:group-E33D26EEE3D0:LeaderElection4] INFO  impl.RoleInfo (RoleInfo.java:shutdownLeaderElection(134)) - 1bbace0c-31ff-451e-ab1c-d12bdf9760fc: shutdown LeaderElection
2019-09-11 09:49:37,477 [1bbace0c-31ff-451e-ab1c-d12bdf9760fc:group-E33D26EEE3D0:LeaderElection4] INFO  impl.RaftServerImpl (RaftServerImpl.java:setRole(171)) - 1bbace0c-31ff-451e-ab1c-d12bdf9760fc:group-E33D26EEE3D0 changes role from CANDIDATE to LEADER at term 1 for changeToLeader
2019-09-11 09:49:37,477 [1bbace0c-31ff-451e-ab1c-d12bdf9760fc:group-E33D26EEE3D0:LeaderElection4] INFO  impl.RaftServerImpl (ServerState.java:setLeader(263)) - 1bbace0c-31ff-451e-ab1c-d12bdf9760fc:group-E33D26EEE3D0 change Leader from null to 1bbace0c-31ff-451e-ab1c-d12bdf9760fc at term 1 for becomeLeader, leader elected after 5117ms
2019-09-11 09:49:37,478 [1bbace0c-31ff-451e-ab1c-d12bdf9760fc:group-E33D26EEE3D0:LeaderElection4] INFO  server.RaftServerConfigKeys (ConfUtils.java:logGet(43)) - raft.server.staging.catchup.gap = 1000 (default)
2019-09-11 09:49:37,478 [1bbace0c-31ff-451e-ab1c-d12bdf9760fc:group-E33D26EEE3D0:LeaderElection4] INFO  server.RaftServerConfigKeys (ConfUtils.java:logGet(43)) - raft.server.rpc.sleep.time = 25ms (default)
2019-09-11 09:49:37,479 [1bbace0c-31ff-451e-ab1c-d12bdf9760fc:group-E33D26EEE3D0:LeaderElection4] INFO  server.RaftServerConfigKeys (ConfUtils.java:logGet(43)) - raft.server.write.element-limit = 4096 (default)
2019-09-11 09:49:37,479 [1bbace0c-31ff-451e-ab1c-d12bdf9760fc:group-E33D26EEE3D0:LeaderElection4] INFO  server.RaftServerConfigKeys (ConfUtils.java:logGet(43)) - raft.server.watch.timeout = 10s (default)
2019-09-11 09:49:37,479 [1bbace0c-31ff-451e-ab1c-d12bdf9760fc:group-E33D26EEE3D0:LeaderElection4] INFO  server.RaftServerConfigKeys (ConfUtils.java:logGet(43)) - raft.server.watch.timeout.denomination = 1s (default)
2019-09-11 09:49:37,479 [1bbace0c-31ff-451e-ab1c-d12bdf9760fc:group-E33D26EEE3D0:LeaderElection4] INFO  server.RaftServerConfigKeys (ConfUtils.java:logGet(43)) - raft.server.watch.element-limit = 65536 (default)
2019-09-11 09:49:37,479 [1bbace0c-31ff-451e-ab1c-d12bdf9760fc:group-E33D26EEE3D0:LeaderElection4] INFO  impl.RoleInfo (RoleInfo.java:updateAndGet(143)) - 1bbace0c-31ff-451e-ab1c-d12bdf9760fc: start LeaderState
2019-09-11 09:49:37,480 [1bbace0c-31ff-451e-ab1c-d12bdf9760fc:group-E33D26EEE3D0:LeaderElection4] INFO  segmented.SegmentedRaftLogWorker (SegmentedRaftLogWorker.java:startLogSegment(380)) - 1bbace0c-31ff-451e-ab1c-d12bdf9760fc-SegmentedRaftLogWorker:Storage Directory /workdir/hadoop-ozone/integration-test/target/test-dir/MiniOzoneClusterImpl-e938c337-7f80-4e5f-b777-0ae7d500e9e2/datanode-3/data/ratis/7b65c065-9ae4-469a-a359-e33d26eee3d0: Starting segment from index:0
2019-09-11 09:49:37,480 [1bbace0c-31ff-451e-ab1c-d12bdf9760fc:group-E33D26EEE3D0:LeaderElection4] INFO  impl.RaftServerImpl (ServerState.java:setRaftConf(361)) - 1bbace0c-31ff-451e-ab1c-d12bdf9760fc:group-E33D26EEE3D0 set configuration 0: [1bbace0c-31ff-451e-ab1c-d12bdf9760fc:192.168.36.126:45921], old=null at 0
2019-09-11 09:49:37,528 [1bbace0c-31ff-451e-ab1c-d12bdf9760fc-SegmentedRaftLogWorker:Storage Directory /workdir/hadoop-ozone/integration-test/target/test-dir/MiniOzoneClusterImpl-e938c337-7f80-4e5f-b777-0ae7d500e9e2/datanode-3/data/ratis/7b65c065-9ae4-469a-a359-e33d26eee3d0] INFO  segmented.SegmentedRaftLogWorker (SegmentedRaftLogWorker.java:execute(569)) - 1bbace0c-31ff-451e-ab1c-d12bdf9760fc-SegmentedRaftLogWorker:Storage Directory /workdir/hadoop-ozone/integration-test/target/test-dir/MiniOzoneClusterImpl-e938c337-7f80-4e5f-b777-0ae7d500e9e2/datanode-3/data/ratis/7b65c065-9ae4-469a-a359-e33d26eee3d0: created new log segment /workdir/hadoop-ozone/integration-test/target/test-dir/MiniOzoneClusterImpl-e938c337-7f80-4e5f-b777-0ae7d500e9e2/datanode-3/data/ratis/7b65c065-9ae4-469a-a359-e33d26eee3d0/current/log_inprogress_0
2019-09-11 09:49:37,538 [Thread-211] INFO  impl.FollowerState (FollowerState.java:run(106)) - 89a1f1e8-bcb0-42c4-96b0-c345593e690d:group-7244500E687B changes to CANDIDATE, lastRpcTime:5064, electionTimeout:5063ms
2019-09-11 09:49:37,538 [Thread-211] INFO  impl.RoleInfo (RoleInfo.java:shutdownFollowerState(121)) - 89a1f1e8-bcb0-42c4-96b0-c345593e690d: shutdown FollowerState
2019-09-11 09:49:37,538 [Thread-211] INFO  impl.RaftServerImpl (RaftServerImpl.java:setRole(171)) - 89a1f1e8-bcb0-42c4-96b0-c345593e690d:group-7244500E687B changes role from FOLLOWER to CANDIDATE at term 0 for changeToCandidate
2019-09-11 09:49:37,538 [Thread-211] INFO  impl.RoleInfo (RoleInfo.java:updateAndGet(143)) - 89a1f1e8-bcb0-42c4-96b0-c345593e690d: start LeaderElection
2019-09-11 09:49:37,554 [89a1f1e8-bcb0-42c4-96b0-c345593e690d:group-7244500E687B:LeaderElection5] INFO  impl.LeaderElection (LeaderElection.java:askForVotes(181)) - 89a1f1e8-bcb0-42c4-96b0-c345593e690d:group-7244500E687B:LeaderElection5: begin an election at term 1 for -1: [fc9c8292-475c-4844-96e0-f624044e697a:192.168.36.126:46425, 8691d358-479a-4e75-9c15-ec5581c276a0:192.168.36.126:41737, 89a1f1e8-bcb0-42c4-96b0-c345593e690d:192.168.36.126:36269], old=null
2019-09-11 09:49:37,555 [Thread-207] INFO  impl.FollowerState (FollowerState.java:run(106)) - fc9c8292-475c-4844-96e0-f624044e697a:group-7244500E687B changes to CANDIDATE, lastRpcTime:5089, electionTimeout:5088ms
2019-09-11 09:49:37,555 [Thread-207] INFO  impl.RoleInfo (RoleInfo.java:shutdownFollowerState(121)) - fc9c8292-475c-4844-96e0-f624044e697a: shutdown FollowerState
2019-09-11 09:49:37,556 [Thread-207] INFO  impl.RaftServerImpl (RaftServerImpl.java:setRole(171)) - fc9c8292-475c-4844-96e0-f624044e697a:group-7244500E687B changes role from FOLLOWER to CANDIDATE at term 0 for changeToCandidate
2019-09-11 09:49:37,556 [Thread-207] INFO  impl.RoleInfo (RoleInfo.java:updateAndGet(143)) - fc9c8292-475c-4844-96e0-f624044e697a: start LeaderElection
2019-09-11 09:49:37,571 [fc9c8292-475c-4844-96e0-f624044e697a:group-7244500E687B:LeaderElection6] INFO  impl.LeaderElection (LeaderElection.java:askForVotes(181)) - fc9c8292-475c-4844-96e0-f624044e697a:group-7244500E687B:LeaderElection6: begin an election at term 1 for -1: [fc9c8292-475c-4844-96e0-f624044e697a:192.168.36.126:46425, 8691d358-479a-4e75-9c15-ec5581c276a0:192.168.36.126:41737, 89a1f1e8-bcb0-42c4-96b0-c345593e690d:192.168.36.126:36269], old=null
2019-09-11 09:49:37,585 [grpc-default-executor-2] INFO  impl.RaftServerImpl (RaftServerImpl.java:setRole(171)) - 8691d358-479a-4e75-9c15-ec5581c276a0:group-7244500E687B changes role from FOLLOWER to FOLLOWER at term 1 for recognizeCandidate:89a1f1e8-bcb0-42c4-96b0-c345593e690d
2019-09-11 09:49:37,585 [grpc-default-executor-2] INFO  impl.RoleInfo (RoleInfo.java:shutdownFollowerState(121)) - 8691d358-479a-4e75-9c15-ec5581c276a0: shutdown FollowerState
2019-09-11 09:49:37,585 [grpc-default-executor-2] INFO  impl.RoleInfo (RoleInfo.java:updateAndGet(143)) - 8691d358-479a-4e75-9c15-ec5581c276a0: start FollowerState
2019-09-11 09:49:37,585 [Thread-212] INFO  impl.FollowerState (FollowerState.java:run(114)) - 8691d358-479a-4e75-9c15-ec5581c276a0: FollowerState was interrupted: java.lang.InterruptedException: sleep interrupted
2019-09-11 09:49:37,613 [89a1f1e8-bcb0-42c4-96b0-c345593e690d:group-7244500E687B:LeaderElection5] INFO  impl.LeaderElection (LeaderElection.java:logAndReturn(56)) - 89a1f1e8-bcb0-42c4-96b0-c345593e690d:group-7244500E687B:LeaderElection5: Election PASSED; received 2 response(s) [89a1f1e8-bcb0-42c4-96b0-c345593e690d<-fc9c8292-475c-4844-96e0-f624044e697a#0:FAIL-t1, 89a1f1e8-bcb0-42c4-96b0-c345593e690d<-8691d358-479a-4e75-9c15-ec5581c276a0#0:OK-t1] and 0 exception(s); 89a1f1e8-bcb0-42c4-96b0-c345593e690d:t1, leader=null, voted=89a1f1e8-bcb0-42c4-96b0-c345593e690d, raftlog=89a1f1e8-bcb0-42c4-96b0-c345593e690d-SegmentedRaftLog:OPENED:c-1,f-1,i0, conf=-1: [fc9c8292-475c-4844-96e0-f624044e697a:192.168.36.126:46425, 8691d358-479a-4e75-9c15-ec5581c276a0:192.168.36.126:41737, 89a1f1e8-bcb0-42c4-96b0-c345593e690d:192.168.36.126:36269], old=null
2019-09-11 09:49:37,613 [fc9c8292-475c-4844-96e0-f624044e697a:group-7244500E687B:LeaderElection6] INFO  impl.LeaderElection (LeaderElection.java:logAndReturn(56)) - fc9c8292-475c-4844-96e0-f624044e697a:group-7244500E687B:LeaderElection6: Election REJECTED; received 2 response(s) [fc9c8292-475c-4844-96e0-f624044e697a<-8691d358-479a-4e75-9c15-ec5581c276a0#0:FAIL-t1, fc9c8292-475c-4844-96e0-f624044e697a<-89a1f1e8-bcb0-42c4-96b0-c345593e690d#0:FAIL-t1] and 0 exception(s); fc9c8292-475c-4844-96e0-f624044e697a:t1, leader=null, voted=fc9c8292-475c-4844-96e0-f624044e697a, raftlog=fc9c8292-475c-4844-96e0-f624044e697a-SegmentedRaftLog:OPENED:c-1,f-1,i0, conf=-1: [fc9c8292-475c-4844-96e0-f624044e697a:192.168.36.126:46425, 8691d358-479a-4e75-9c15-ec5581c276a0:192.168.36.126:41737, 89a1f1e8-bcb0-42c4-96b0-c345593e690d:192.168.36.126:36269], old=null
2019-09-11 09:49:37,613 [89a1f1e8-bcb0-42c4-96b0-c345593e690d:group-7244500E687B:LeaderElection5] INFO  impl.RoleInfo (RoleInfo.java:shutdownLeaderElection(134)) - 89a1f1e8-bcb0-42c4-96b0-c345593e690d: shutdown LeaderElection
2019-09-11 09:49:37,614 [fc9c8292-475c-4844-96e0-f624044e697a:group-7244500E687B:LeaderElection6] INFO  impl.RaftServerImpl (RaftServerImpl.java:setRole(171)) - fc9c8292-475c-4844-96e0-f624044e697a:group-7244500E687B changes role from CANDIDATE to FOLLOWER at term 1 for DISCOVERED_A_NEW_TERM
2019-09-11 09:49:37,618 [fc9c8292-475c-4844-96e0-f624044e697a:group-7244500E687B:LeaderElection6] INFO  impl.RoleInfo (RoleInfo.java:shutdownLeaderElection(134)) - fc9c8292-475c-4844-96e0-f624044e697a: shutdown LeaderElection
2019-09-11 09:49:37,618 [fc9c8292-475c-4844-96e0-f624044e697a:group-7244500E687B:LeaderElection6] INFO  impl.RoleInfo (RoleInfo.java:updateAndGet(143)) - fc9c8292-475c-4844-96e0-f624044e697a: start FollowerState
2019-09-11 09:49:37,616 [89a1f1e8-bcb0-42c4-96b0-c345593e690d:group-7244500E687B:LeaderElection5] INFO  impl.RaftServerImpl (RaftServerImpl.java:setRole(171)) - 89a1f1e8-bcb0-42c4-96b0-c345593e690d:group-7244500E687B changes role from CANDIDATE to LEADER at term 1 for changeToLeader
2019-09-11 09:49:37,619 [89a1f1e8-bcb0-42c4-96b0-c345593e690d:group-7244500E687B:LeaderElection5] INFO  impl.RaftServerImpl (ServerState.java:setLeader(263)) - 89a1f1e8-bcb0-42c4-96b0-c345593e690d:group-7244500E687B change Leader from null to 89a1f1e8-bcb0-42c4-96b0-c345593e690d at term 1 for becomeLeader, leader elected after 5163ms
2019-09-11 09:49:37,619 [89a1f1e8-bcb0-42c4-96b0-c345593e690d:group-7244500E687B:LeaderElection5] INFO  server.RaftServerConfigKeys (ConfUtils.java:logGet(43)) - raft.server.staging.catchup.gap = 1000 (default)
2019-09-11 09:49:37,620 [89a1f1e8-bcb0-42c4-96b0-c345593e690d:group-7244500E687B:LeaderElection5] INFO  server.RaftServerConfigKeys (ConfUtils.java:logGet(43)) - raft.server.rpc.sleep.time = 25ms (default)
2019-09-11 09:49:37,620 [89a1f1e8-bcb0-42c4-96b0-c345593e690d:group-7244500E687B:LeaderElection5] INFO  server.RaftServerConfigKeys (ConfUtils.java:logGet(43)) - raft.server.write.element-limit = 4096 (default)
2019-09-11 09:49:37,620 [89a1f1e8-bcb0-42c4-96b0-c345593e690d:group-7244500E687B:LeaderElection5] INFO  server.RaftServerConfigKeys (ConfUtils.java:logGet(43)) - raft.server.watch.timeout = 10s (default)
2019-09-11 09:49:37,620 [89a1f1e8-bcb0-42c4-96b0-c345593e690d:group-7244500E687B:LeaderElection5] INFO  server.RaftServerConfigKeys (ConfUtils.java:logGet(43)) - raft.server.watch.timeout.denomination = 1s (default)
2019-09-11 09:49:37,620 [89a1f1e8-bcb0-42c4-96b0-c345593e690d:group-7244500E687B:LeaderElection5] INFO  server.RaftServerConfigKeys (ConfUtils.java:logGet(43)) - raft.server.watch.element-limit = 65536 (default)
2019-09-11 09:49:37,622 [89a1f1e8-bcb0-42c4-96b0-c345593e690d:group-7244500E687B:LeaderElection5] INFO  server.RaftServerConfigKeys (ConfUtils.java:logGet(43)) - raft.server.log.appender.snapshot.chunk.size.max = 16MB (=16777216) (default)
2019-09-11 09:49:37,622 [89a1f1e8-bcb0-42c4-96b0-c345593e690d:group-7244500E687B:LeaderElection5] INFO  server.RaftServerConfigKeys (ConfUtils.java:logGet(43)) - raft.server.log.appender.buffer.byte-limit = 33554432 (custom)
2019-09-11 09:49:37,623 [89a1f1e8-bcb0-42c4-96b0-c345593e690d:group-7244500E687B:LeaderElection5] INFO  server.RaftServerConfigKeys (ConfUtils.java:logGet(43)) - raft.server.log.appender.buffer.element-limit = 1 (custom)
2019-09-11 09:49:37,625 [89a1f1e8-bcb0-42c4-96b0-c345593e690d:group-7244500E687B:LeaderElection5] INFO  grpc.GrpcConfigKeys$Server (ConfUtils.java:logGet(43)) - raft.grpc.server.leader.outstanding.appends.max = 128 (default)
2019-09-11 09:49:37,625 [89a1f1e8-bcb0-42c4-96b0-c345593e690d:group-7244500E687B:LeaderElection5] INFO  server.RaftServerConfigKeys (ConfUtils.java:logGet(43)) - raft.server.rpc.request.timeout = 3000ms (default)
2019-09-11 09:49:37,625 [89a1f1e8-bcb0-42c4-96b0-c345593e690d:group-7244500E687B:LeaderElection5] INFO  server.RaftServerConfigKeys (ConfUtils.java:logGet(43)) - raft.server.log.appender.install.snapshot.enabled = false (custom)
2019-09-11 09:49:37,625 [89a1f1e8-bcb0-42c4-96b0-c345593e690d:group-7244500E687B:LeaderElection5] INFO  server.RaftServerConfigKeys (ConfUtils.java:logGet(43)) - raft.server.log.appender.snapshot.chunk.size.max = 16MB (=16777216) (default)
2019-09-11 09:49:37,626 [89a1f1e8-bcb0-42c4-96b0-c345593e690d:group-7244500E687B:LeaderElection5] INFO  server.RaftServerConfigKeys (ConfUtils.java:logGet(43)) - raft.server.log.appender.buffer.byte-limit = 33554432 (custom)
2019-09-11 09:49:37,626 [89a1f1e8-bcb0-42c4-96b0-c345593e690d:group-7244500E687B:LeaderElection5] INFO  server.RaftServerConfigKeys (ConfUtils.java:logGet(43)) - raft.server.log.appender.buffer.element-limit = 1 (custom)
2019-09-11 09:49:37,626 [89a1f1e8-bcb0-42c4-96b0-c345593e690d:group-7244500E687B:LeaderElection5] INFO  grpc.GrpcConfigKeys$Server (ConfUtils.java:logGet(43)) - raft.grpc.server.leader.outstanding.appends.max = 128 (default)
2019-09-11 09:49:37,626 [89a1f1e8-bcb0-42c4-96b0-c345593e690d:group-7244500E687B:LeaderElection5] INFO  server.RaftServerConfigKeys (ConfUtils.java:logGet(43)) - raft.server.rpc.request.timeout = 3000ms (default)
2019-09-11 09:49:37,626 [89a1f1e8-bcb0-42c4-96b0-c345593e690d:group-7244500E687B:LeaderElection5] INFO  server.RaftServerConfigKeys (ConfUtils.java:logGet(43)) - raft.server.log.appender.install.snapshot.enabled = false (custom)
2019-09-11 09:49:37,627 [89a1f1e8-bcb0-42c4-96b0-c345593e690d:group-7244500E687B:LeaderElection5] INFO  impl.RoleInfo (RoleInfo.java:updateAndGet(143)) - 89a1f1e8-bcb0-42c4-96b0-c345593e690d: start LeaderState
2019-09-11 09:49:37,628 [89a1f1e8-bcb0-42c4-96b0-c345593e690d:group-7244500E687B:LeaderElection5] INFO  segmented.SegmentedRaftLogWorker (SegmentedRaftLogWorker.java:startLogSegment(380)) - 89a1f1e8-bcb0-42c4-96b0-c345593e690d-SegmentedRaftLogWorker:Storage Directory /workdir/hadoop-ozone/integration-test/target/test-dir/MiniOzoneClusterImpl-e938c337-7f80-4e5f-b777-0ae7d500e9e2/datanode-1/data/ratis/6eb9b203-a3c2-4064-b730-7244500e687b: Starting segment from index:0
2019-09-11 09:49:37,628 [89a1f1e8-bcb0-42c4-96b0-c345593e690d:group-7244500E687B:LeaderElection5] INFO  impl.RaftServerImpl (ServerState.java:setRaftConf(361)) - 89a1f1e8-bcb0-42c4-96b0-c345593e690d:group-7244500E687B set configuration 0: [fc9c8292-475c-4844-96e0-f624044e697a:192.168.36.126:46425, 8691d358-479a-4e75-9c15-ec5581c276a0:192.168.36.126:41737, 89a1f1e8-bcb0-42c4-96b0-c345593e690d:192.168.36.126:36269], old=null at 0
2019-09-11 09:49:37,668 [89a1f1e8-bcb0-42c4-96b0-c345593e690d-SegmentedRaftLogWorker:Storage Directory /workdir/hadoop-ozone/integration-test/target/test-dir/MiniOzoneClusterImpl-e938c337-7f80-4e5f-b777-0ae7d500e9e2/datanode-1/data/ratis/6eb9b203-a3c2-4064-b730-7244500e687b] INFO  segmented.SegmentedRaftLogWorker (SegmentedRaftLogWorker.java:execute(569)) - 89a1f1e8-bcb0-42c4-96b0-c345593e690d-SegmentedRaftLogWorker:Storage Directory /workdir/hadoop-ozone/integration-test/target/test-dir/MiniOzoneClusterImpl-e938c337-7f80-4e5f-b777-0ae7d500e9e2/datanode-1/data/ratis/6eb9b203-a3c2-4064-b730-7244500e687b: created new log segment /workdir/hadoop-ozone/integration-test/target/test-dir/MiniOzoneClusterImpl-e938c337-7f80-4e5f-b777-0ae7d500e9e2/datanode-1/data/ratis/6eb9b203-a3c2-4064-b730-7244500e687b/current/log_inprogress_0
2019-09-11 09:49:37,671 [grpc-default-executor-2] INFO  impl.RaftServerImpl (ServerState.java:setLeader(263)) - 8691d358-479a-4e75-9c15-ec5581c276a0:group-7244500E687B change Leader from null to 89a1f1e8-bcb0-42c4-96b0-c345593e690d at term 1 for appendEntries, leader elected after 5216ms
2019-09-11 09:49:37,671 [grpc-default-executor-1] INFO  impl.RaftServerImpl (ServerState.java:setLeader(263)) - fc9c8292-475c-4844-96e0-f624044e697a:group-7244500E687B change Leader from null to 89a1f1e8-bcb0-42c4-96b0-c345593e690d at term 1 for appendEntries, leader elected after 5216ms
2019-09-11 09:49:37,699 [grpc-default-executor-1] INFO  impl.RaftServerImpl (ServerState.java:setRaftConf(361)) - fc9c8292-475c-4844-96e0-f624044e697a:group-7244500E687B set configuration 0: [fc9c8292-475c-4844-96e0-f624044e697a:192.168.36.126:46425, 8691d358-479a-4e75-9c15-ec5581c276a0:192.168.36.126:41737, 89a1f1e8-bcb0-42c4-96b0-c345593e690d:192.168.36.126:36269], old=null at 0
2019-09-11 09:49:37,699 [grpc-default-executor-2] INFO  impl.RaftServerImpl (ServerState.java:setRaftConf(361)) - 8691d358-479a-4e75-9c15-ec5581c276a0:group-7244500E687B set configuration 0: [fc9c8292-475c-4844-96e0-f624044e697a:192.168.36.126:46425, 8691d358-479a-4e75-9c15-ec5581c276a0:192.168.36.126:41737, 89a1f1e8-bcb0-42c4-96b0-c345593e690d:192.168.36.126:36269], old=null at 0
2019-09-11 09:49:37,699 [grpc-default-executor-1] INFO  segmented.SegmentedRaftLogWorker (SegmentedRaftLogWorker.java:startLogSegment(380)) - fc9c8292-475c-4844-96e0-f624044e697a-SegmentedRaftLogWorker:Storage Directory /workdir/hadoop-ozone/integration-test/target/test-dir/MiniOzoneClusterImpl-e938c337-7f80-4e5f-b777-0ae7d500e9e2/datanode-0/data/ratis/6eb9b203-a3c2-4064-b730-7244500e687b: Starting segment from index:0
2019-09-11 09:49:37,699 [grpc-default-executor-2] INFO  segmented.SegmentedRaftLogWorker (SegmentedRaftLogWorker.java:startLogSegment(380)) - 8691d358-479a-4e75-9c15-ec5581c276a0-SegmentedRaftLogWorker:Storage Directory /workdir/hadoop-ozone/integration-test/target/test-dir/MiniOzoneClusterImpl-e938c337-7f80-4e5f-b777-0ae7d500e9e2/datanode-2/data/ratis/6eb9b203-a3c2-4064-b730-7244500e687b: Starting segment from index:0
2019-09-11 09:49:37,736 [grpc-default-executor-1] INFO  client.GrpcClientProtocolClient (GrpcClientProtocolClient.java:onNext(255)) - client-AC630C8AD4AE->fc9c8292-475c-4844-96e0-f624044e697a: receive RaftClientReply:client-AC630C8AD4AE->fc9c8292-475c-4844-96e0-f624044e697a@group-7244500E687B, cid=7, FAILED org.apache.ratis.protocol.NotLeaderException: Server fc9c8292-475c-4844-96e0-f624044e697a is not the leader (89a1f1e8-bcb0-42c4-96b0-c345593e690d:192.168.36.126:36269). Request must be sent to leader., logIndex=0, commits[fc9c8292-475c-4844-96e0-f624044e697a:c-1, 8691d358-479a-4e75-9c15-ec5581c276a0:c-1, 89a1f1e8-bcb0-42c4-96b0-c345593e690d:c0]
2019-09-11 09:49:37,740 [8691d358-479a-4e75-9c15-ec5581c276a0-SegmentedRaftLogWorker:Storage Directory /workdir/hadoop-ozone/integration-test/target/test-dir/MiniOzoneClusterImpl-e938c337-7f80-4e5f-b777-0ae7d500e9e2/datanode-2/data/ratis/6eb9b203-a3c2-4064-b730-7244500e687b] INFO  segmented.SegmentedRaftLogWorker (SegmentedRaftLogWorker.java:execute(569)) - 8691d358-479a-4e75-9c15-ec5581c276a0-SegmentedRaftLogWorker:Storage Directory /workdir/hadoop-ozone/integration-test/target/test-dir/MiniOzoneClusterImpl-e938c337-7f80-4e5f-b777-0ae7d500e9e2/datanode-2/data/ratis/6eb9b203-a3c2-4064-b730-7244500e687b: created new log segment /workdir/hadoop-ozone/integration-test/target/test-dir/MiniOzoneClusterImpl-e938c337-7f80-4e5f-b777-0ae7d500e9e2/datanode-2/data/ratis/6eb9b203-a3c2-4064-b730-7244500e687b/current/log_inprogress_0
2019-09-11 09:49:37,740 [fc9c8292-475c-4844-96e0-f624044e697a-SegmentedRaftLogWorker:Storage Directory /workdir/hadoop-ozone/integration-test/target/test-dir/MiniOzoneClusterImpl-e938c337-7f80-4e5f-b777-0ae7d500e9e2/datanode-0/data/ratis/6eb9b203-a3c2-4064-b730-7244500e687b] INFO  segmented.SegmentedRaftLogWorker (SegmentedRaftLogWorker.java:execute(569)) - fc9c8292-475c-4844-96e0-f624044e697a-SegmentedRaftLogWorker:Storage Directory /workdir/hadoop-ozone/integration-test/target/test-dir/MiniOzoneClusterImpl-e938c337-7f80-4e5f-b777-0ae7d500e9e2/datanode-0/data/ratis/6eb9b203-a3c2-4064-b730-7244500e687b: created new log segment /workdir/hadoop-ozone/integration-test/target/test-dir/MiniOzoneClusterImpl-e938c337-7f80-4e5f-b777-0ae7d500e9e2/datanode-0/data/ratis/6eb9b203-a3c2-4064-b730-7244500e687b/current/log_inprogress_0
2019-09-11 09:49:37,995 [grpc-default-executor-2] INFO  client.GrpcClientProtocolClient (GrpcClientProtocolClient.java:onNext(255)) - client-AC630C8AD4AE->89a1f1e8-bcb0-42c4-96b0-c345593e690d: receive RaftClientReply:client-AC630C8AD4AE->89a1f1e8-bcb0-42c4-96b0-c345593e690d@group-7244500E687B, cid=7, SUCCESS, logIndex=1, commits[89a1f1e8-bcb0-42c4-96b0-c345593e690d:c1, fc9c8292-475c-4844-96e0-f624044e697a:c0, 8691d358-479a-4e75-9c15-ec5581c276a0:c0]
2019-09-11 09:49:38,072 [grpc-default-executor-1] INFO  client.GrpcClientProtocolClient (GrpcClientProtocolClient.java:onNext(255)) - client-AC630C8AD4AE->89a1f1e8-bcb0-42c4-96b0-c345593e690d: receive RaftClientReply:client-AC630C8AD4AE->89a1f1e8-bcb0-42c4-96b0-c345593e690d@group-7244500E687B, cid=9, SUCCESS, logIndex=3, commits[89a1f1e8-bcb0-42c4-96b0-c345593e690d:c4, fc9c8292-475c-4844-96e0-f624044e697a:c3, 8691d358-479a-4e75-9c15-ec5581c276a0:c3]
2019-09-11 09:49:38,096 [main] ERROR container.ContainerStateManager (ContainerStateManager.java:updateContainerState(335)) - Failed to update container state #1, reason: invalid state transition from state: CLOSING upon event: FINALIZE.
]]></system-out>
    <system-err><![CDATA[ERROR StatusLogger No Log4j 2 configuration file found. Using default configuration (logging only errors to the console), or user programmatically provided configurations. Set system property 'log4j2.debug' to show Log4j 2 internal initialization logging. See https://logging.apache.org/log4j/2.x/manual/configuration.html for instructions on how to configure Log4j 2
]]></system-err>
  </testcase>
</testsuite>